<?xml version="1.0" encoding="UTF-8"?>
<testsuites name="TS_SLIK_Gateway_Non_Customer" time="524.28" tests="17" failures="0" errors="0">
   <testsuite name="TS_SLIK_Gateway_Non_Customer" tests="17" failures="0" errors="0" time="524.28" timestamp="2020-10-30 11:18:12" hostname="chaidir.pratama01 - localhost" id="Test Suites/SLIK/TS_SLIK_Gateway_Non_Customer">
      <properties>
         <property name="deviceName" value=""/>
         <property name="devicePlatform" value=""/>
         <property name="logFolder" value="/Users/chaidir.pratama01/Katalon Studio/IST_Automation_Git/Reports/20201030_111805/SLIK/TS_SLIK_Gateway_Non_Customer/20201030_111805"/>
         <property name="logFiles" value="/Users/chaidir.pratama01/Katalon Studio/IST_Automation_Git/Reports/20201030_111805/SLIK/TS_SLIK_Gateway_Non_Customer/20201030_111805/execution0.log"/>
         <property name="attachments" value="/Users/chaidir.pratama01/Documents/Docs/Katalon Studio/Screenshot/test-SLIK Gateway Non Customer.png, /Users/chaidir.pratama01/Documents/Docs/Katalon Studio/Screenshot/slik.png, /Users/chaidir.pratama01/Documents/Docs/Katalon Studio/Screenshot/slik.png, /Users/chaidir.pratama01/Documents/Docs/Katalon Studio/Screenshot/slik.png, /Users/chaidir.pratama01/Documents/Docs/Katalon Studio/Screenshot/errorpopup.png, /Users/chaidir.pratama01/Katalon Studio/IST_Automation_Git/img/View_detail_NonCutomer.png, /Users/chaidir.pratama01/Documents/Docs/Katalon Studio/Screenshot/test-SLIK Gateway Approval Non Customer.png, /Users/chaidir.pratama01/Documents/Docs/Katalon Studio/Screenshot/errorpopup.png, /Users/chaidir.pratama01/Documents/Docs/Katalon Studio/Screenshot/errorpopup.png, /Users/chaidir.pratama01/Katalon Studio/IST_Automation_Git/Reports/20201030_111805/SLIK/TS_SLIK_Gateway_Non_Customer/20201030_111805/1604031712119.png, /Users/chaidir.pratama01/Katalon Studio/IST_Automation_Git/Reports/20201030_111805/SLIK/TS_SLIK_Gateway_Non_Customer/20201030_111805/1604031713032.png, /Users/chaidir.pratama01/Documents/Docs/Katalon Studio/Screenshot/slik.png, /Users/chaidir.pratama01/Documents/Docs/Katalon Studio/Screenshot/slik.png, /Users/chaidir.pratama01/Documents/Docs/Katalon Studio/Screenshot/slik.png, /Users/chaidir.pratama01/Documents/Docs/Katalon Studio/Screenshot/errorpopup.png, /Users/chaidir.pratama01/Documents/Docs/Katalon Studio/Screenshot/test-SLIK Gateway Approval Non Customer.png, /Users/chaidir.pratama01/Documents/Docs/Katalon Studio/Screenshot/errorpopup.png, /Users/chaidir.pratama01/Documents/Docs/Katalon Studio/Screenshot/errorpopup.png, /Users/chaidir.pratama01/Katalon Studio/IST_Automation_Git/img/View_detail_NonCutomer.png, /Users/chaidir.pratama01/Documents/Docs/Katalon Studio/Screenshot/errorpopup.png, /Users/chaidir.pratama01/Documents/Docs/Katalon Studio/Screenshot/errorpopup.png, /Users/chaidir.pratama01/Katalon Studio/IST_Automation_Git/Reports/20201030_111805/SLIK/TS_SLIK_Gateway_Non_Customer/20201030_111805/1604032001239.png, /Users/chaidir.pratama01/Katalon Studio/IST_Automation_Git/img/View_detail_NonCutomer.png"/>
         <property name="hostName" value="chaidir.pratama01 - localhost"/>
         <property name="os" value="Mac OS X 64bit"/>
         <property name="katalonVersion" value="7.6.0.${buildNumber}"/>
         <property name="browser" value="Chrome 86.0.4240.111"/>
         <property name="hostAddress" value="127.0.0.1"/>
         <property name="sessionId" value="707fcba648ec680ff8db282355ea91dd"/>
         <property name="seleniumVersion" value="3.141.59"/>
         <property name="proxyInformation" value="ProxyInformation { proxyOption=NO_PROXY, proxyServerType=HTTP, username=, password=********, proxyServerAddress=, proxyServerPort=0, executionList=\&quot;\&quot;, isApplyToDesiredCapabilities=true }"/>
         <property name="platform" value="Mac OS X"/>
      </properties>
      <testcase name="Test Cases/IST_Real/SLIK/SLIK_Gateway_Non_Customer/Open Menu SLIK Gateway Non Customer" time="41.003" classname="Test Cases/IST_Real/SLIK/SLIK_Gateway_Non_Customer/Open Menu SLIK Gateway Non Customer" status="PASSED">
         <system-out><![CDATA[2020-10-30 11:18:12 - [TEST_CASE][PASSED] - Test Cases/IST_Real/SLIK/SLIK_Gateway_Non_Customer/Open Menu SLIK Gateway Non Customer: Test Cases/IST_Real/SLIK/SLIK_Gateway_Non_Customer/Open Menu SLIK Gateway Non Customer

2020-10-30 11:18:12 - [TEST_STEP][PASSED] - runFeatureFile("Include/features/IST_Real/SLIK/SLIK Gateway Non Customer/Open_Menu_SLIK_Gateway_Non_Customer.feature"): Feature file: 'Include/features/IST_Real/SLIK/SLIK Gateway Non Customer/Open_Menu_SLIK_Gateway_Non_Customer.feature' was passed

2020-10-30 11:18:12 - [MESSAGE][INFO] - Starting run keyword runFeatureFile: 'Include/features/IST_Real/SLIK/SLIK Gateway Non Customer/Open_Menu_SLIK_Gateway_Non_Customer.feature' and extract report to folder: '/Users/chaidir.pratama01/Katalon Studio/IST_Automation_Git/Reports/20201030_111805/SLIK/TS_SLIK_Gateway_Non_Customer/20201030_111805/cucumber_report/1604031492843'...

2020-10-30 11:18:13 - [TEST_CASE][PASSED] - Start Test Case : SCENARIO Menu SLIK Gateway Non Customer in IST and Verify Element Needed Exist: SCENARIO Menu SLIK Gateway Non Customer in IST and Verify Element Needed Exist

2020-10-30 11:18:13 - [TEST_STEP][PASSED] - Go to ISTools: Go to ISTools

2020-10-30 11:18:13 - [MESSAGE][INFO] - Starting 'Chrome' driver

2020-10-30 11:18:13 - [MESSAGE][INFO] - User set preference: ['AcceptInsecureCerts', 'true']

2020-10-30 11:18:13 - [MESSAGE][INFO] - User set preference: ['args', '[ignore-certificate-errors]']

2020-10-30 11:18:13 - [MESSAGE][INFO] - Action delay is set to 0 milliseconds

2020-10-30 11:18:15 - [MESSAGE][PASSED] - Browser is opened with url: ''

2020-10-30 11:18:18 - [MESSAGE][PASSED] - Navigate to 'https://id-ist01preprod.id.nonprod/ist/' successfully

2020-10-30 11:18:18 - [MESSAGE][PASSED] - Go to ISTools

2020-10-30 11:18:18 - [TEST_STEP][PASSED] - Login IST with valid credentials: Login IST with valid credentials

2020-10-30 11:18:19 - [MESSAGE][PASSED] - Text 'mobile.test' is set on object 'Object Repository/Page_/input_Username_j_username'

2020-10-30 11:18:19 - [MESSAGE][PASSED] - Text ****** has been set on object 'Object Repository/Page_/input_Password_j_password'

2020-10-30 11:18:20 - [MESSAGE][PASSED] - Object: 'Object Repository/Page_/button_Login' is clicked on

2020-10-30 11:18:20 - [MESSAGE][PASSED] - Login IST with valid credentials

2020-10-30 11:18:20 - [TEST_STEP][PASSED] - Login Success for contract dispatcher: Login Success for contract dispatcher

2020-10-30 11:18:20 - [MESSAGE][INFO] - Login Success

2020-10-30 11:18:20 - [MESSAGE][PASSED] - Current window maximized

2020-10-30 11:18:20 - [MESSAGE][PASSED] - Object 'Object Repository/Page_/h1_Welcome to IT Supporting Tools' is present

2020-10-30 11:18:20 - [MESSAGE][PASSED] - Login Success for contract dispatcher

2020-10-30 11:18:20 - [TEST_STEP][PASSED] - Select Menu "SLIK Gateway Non Customer": Select Menu "SLIK Gateway Non Customer"

2020-10-30 11:18:21 - [MESSAGE][PASSED] - Taking screenshot successfully
[[ATTACHMENT|/Users/chaidir.pratama01/Documents/Docs/Katalon Studio/Screenshot/test-SLIK Gateway Non Customer.png]]

2020-10-30 11:18:22 - [MESSAGE][PASSED] - Object '' is present

2020-10-30 11:18:22 - [MESSAGE][PASSED] - Object: '' is clicked on

2020-10-30 11:18:22 - [MESSAGE][PASSED] - Wait for page load successfully

2020-10-30 11:18:22 - [MESSAGE][PASSED] - Select Menu "SLIK Gateway Non Customer"

2020-10-30 11:18:22 - [TEST_STEP][PASSED] - Verify Title "SLIK Gateway Non Customer" Exists: Verify Title "SLIK Gateway Non Customer" Exists

2020-10-30 11:18:22 - [MESSAGE][PASSED] - Object '' is present

2020-10-30 11:18:23 - [MESSAGE][PASSED] - Object: '' is focused

2020-10-30 11:18:23 - [MESSAGE][PASSED] - Verify Title "SLIK Gateway Non Customer" Exists

2020-10-30 11:18:23 - [TEST_STEP][PASSED] - Verify Title "Check SLIK" Exists: Verify Title "Check SLIK" Exists

2020-10-30 11:18:23 - [MESSAGE][PASSED] - Object '' is present

2020-10-30 11:18:23 - [MESSAGE][PASSED] - Object: '' is focused

2020-10-30 11:18:23 - [MESSAGE][PASSED] - Verify Title "Check SLIK" Exists

2020-10-30 11:18:23 - [TEST_STEP][PASSED] - Verify Contents of Check SLIK Label in SLIK Gateway Non Customer Menu Exist: Verify Contents of Check SLIK Label in SLIK Gateway Non Customer Menu Exist

2020-10-30 11:18:24 - [MESSAGE][PASSED] - Object '' is present

2020-10-30 11:18:24 - [MESSAGE][PASSED] - Object: '' is focused

2020-10-30 11:18:24 - [MESSAGE][PASSED] - Object '' is present

2020-10-30 11:18:25 - [MESSAGE][PASSED] - Object: '' is focused

2020-10-30 11:18:25 - [MESSAGE][PASSED] - Object '' is present

2020-10-30 11:18:26 - [MESSAGE][PASSED] - Object: '' is focused

2020-10-30 11:18:26 - [MESSAGE][PASSED] - Object '' is present

2020-10-30 11:18:26 - [MESSAGE][PASSED] - Object: '' is focused

2020-10-30 11:18:26 - [MESSAGE][PASSED] - Object '' is present

2020-10-30 11:18:27 - [MESSAGE][PASSED] - Object: '' is focused

2020-10-30 11:18:27 - [MESSAGE][PASSED] - Object '' is present

2020-10-30 11:18:28 - [MESSAGE][PASSED] - Object: '' is focused

2020-10-30 11:18:28 - [MESSAGE][PASSED] - Object '' is present

2020-10-30 11:18:28 - [MESSAGE][PASSED] - Object: '' is focused

2020-10-30 11:18:29 - [MESSAGE][PASSED] - Object '' is present

2020-10-30 11:18:29 - [MESSAGE][PASSED] - Object: '' is focused

2020-10-30 11:18:29 - [MESSAGE][PASSED] - Object '' is present

2020-10-30 11:18:30 - [MESSAGE][PASSED] - Object: '' is focused

2020-10-30 11:18:30 - [MESSAGE][PASSED] - Object '' is present

2020-10-30 11:18:30 - [MESSAGE][PASSED] - Object: '' is focused

2020-10-30 11:18:30 - [MESSAGE][PASSED] - Object '' is present

2020-10-30 11:18:31 - [MESSAGE][PASSED] - Object: '' is focused

2020-10-30 11:18:31 - [MESSAGE][PASSED] - Object '' is present

2020-10-30 11:18:31 - [MESSAGE][PASSED] - Object: '' is focused

2020-10-30 11:18:31 - [MESSAGE][PASSED] - Object '' is present

2020-10-30 11:18:32 - [MESSAGE][PASSED] - Object: '' is focused

2020-10-30 11:18:32 - [MESSAGE][PASSED] - Object '' is present

2020-10-30 11:18:32 - [MESSAGE][PASSED] - Object: '' is focused

2020-10-30 11:18:33 - [MESSAGE][PASSED] - Object '' is present

2020-10-30 11:18:33 - [MESSAGE][PASSED] - Object: '' is focused

2020-10-30 11:18:33 - [MESSAGE][PASSED] - Object '' is present

2020-10-30 11:18:33 - [MESSAGE][PASSED] - Object: '' is focused

2020-10-30 11:18:34 - [MESSAGE][PASSED] - Object '' is present

2020-10-30 11:18:34 - [MESSAGE][PASSED] - Object: '' is focused

2020-10-30 11:18:34 - [MESSAGE][PASSED] - Object '' is present

2020-10-30 11:18:35 - [MESSAGE][PASSED] - Object: '' is focused

2020-10-30 11:18:35 - [MESSAGE][PASSED] - Object '' is present

2020-10-30 11:18:38 - [MESSAGE][PASSED] - Delayed 3 second(s)

2020-10-30 11:18:38 - [MESSAGE][PASSED] - Object: '' is focused

2020-10-30 11:18:41 - [MESSAGE][PASSED] - Delayed 3 second(s)

2020-10-30 11:18:42 - [MESSAGE][PASSED] - Object '' is present

2020-10-30 11:18:42 - [MESSAGE][PASSED] - Object: '' is focused

2020-10-30 11:18:42 - [MESSAGE][PASSED] - Object '' is present

2020-10-30 11:18:42 - [MESSAGE][PASSED] - Object: '' is focused

2020-10-30 11:18:43 - [MESSAGE][PASSED] - Object '' is present

2020-10-30 11:18:43 - [MESSAGE][PASSED] - Object: '' is focused

2020-10-30 11:18:43 - [MESSAGE][PASSED] - Verify Contents of Check SLIK Label in SLIK Gateway Non Customer Menu Exist

2020-10-30 11:18:43 - [TEST_STEP][PASSED] - Verify Title "Search Result" Exists: Verify Title "Search Result" Exists

2020-10-30 11:18:43 - [MESSAGE][PASSED] - Object '' is present

2020-10-30 11:18:44 - [MESSAGE][PASSED] - Object: '' is focused

2020-10-30 11:18:44 - [MESSAGE][PASSED] - Verify Title "Search Result" Exists

2020-10-30 11:18:44 - [TEST_STEP][PASSED] - Verify Contents of Search Result: Verify Contents of Search Result

2020-10-30 11:18:44 - [MESSAGE][PASSED] - Object '' is present

2020-10-30 11:18:44 - [MESSAGE][PASSED] - Object: '' is focused

2020-10-30 11:18:45 - [MESSAGE][PASSED] - Object '' is present

2020-10-30 11:18:45 - [MESSAGE][PASSED] - Object: '' is focused

2020-10-30 11:18:45 - [MESSAGE][PASSED] - Object '' is present

2020-10-30 11:18:46 - [MESSAGE][PASSED] - Object: '' is focused

2020-10-30 11:18:46 - [MESSAGE][PASSED] - Object '' is present

2020-10-30 11:18:47 - [MESSAGE][PASSED] - Object: '' is focused

2020-10-30 11:18:47 - [MESSAGE][PASSED] - Object '' is present

2020-10-30 11:18:47 - [MESSAGE][PASSED] - Object: '' is focused

2020-10-30 11:18:47 - [MESSAGE][PASSED] - Object '' is present

2020-10-30 11:18:48 - [MESSAGE][PASSED] - Object: '' is focused

2020-10-30 11:18:48 - [MESSAGE][PASSED] - Object '' is present

2020-10-30 11:18:48 - [MESSAGE][PASSED] - Object: '' is focused

2020-10-30 11:18:49 - [MESSAGE][PASSED] - Object '' is present

2020-10-30 11:18:49 - [MESSAGE][PASSED] - Object: '' is focused

2020-10-30 11:18:49 - [MESSAGE][PASSED] - Object '' is present

2020-10-30 11:18:50 - [MESSAGE][PASSED] - Object: '' is focused

2020-10-30 11:18:50 - [MESSAGE][PASSED] - Verify Contents of Search Result

2020-10-30 11:18:50 - [TEST_STEP][PASSED] - Click button "Logout": Click button "Logout"

2020-10-30 11:18:50 - [MESSAGE][INFO] - >>>>>//Button[contains(text(),'Logout')]

2020-10-30 11:18:53 - [MESSAGE][PASSED] - Object: '' is clicked on

2020-10-30 11:18:53 - [MESSAGE][PASSED] - Click button "Logout"

2020-10-30 11:18:53 - [TEST_STEP][PASSED] - Close browser: Close browser

2020-10-30 11:18:53 - [MESSAGE][PASSED] - Browser is closed

2020-10-30 11:18:53 - [MESSAGE][PASSED] - Close browser

2020-10-30 11:18:53 - [MESSAGE][PASSED] - Feature file: 'Include/features/IST_Real/SLIK/SLIK Gateway Non Customer/Open_Menu_SLIK_Gateway_Non_Customer.feature' was passed]]></system-out>
         <system-err><![CDATA[]]></system-err>
      </testcase>
      <testcase name="Test Cases/IST_Real/SLIK/SLIK_Gateway_Non_Customer/SLIK Gateway Non Customer Checking" time="72.918" classname="Test Cases/IST_Real/SLIK/SLIK_Gateway_Non_Customer/SLIK Gateway Non Customer Checking" status="PASSED">
         <system-out><![CDATA[2020-10-30 11:18:53 - [TEST_CASE][PASSED] - Test Cases/IST_Real/SLIK/SLIK_Gateway_Non_Customer/SLIK Gateway Non Customer Checking: Test Cases/IST_Real/SLIK/SLIK_Gateway_Non_Customer/SLIK Gateway Non Customer Checking

2020-10-30 11:18:53 - [TEST_STEP][PASSED] - runFeatureFile("Include/features/IST_Real/SLIK/SLIK Gateway Non Customer/SLIK Gateway Non Customer Checking.feature"): Feature file: 'Include/features/IST_Real/SLIK/SLIK Gateway Non Customer/SLIK Gateway Non Customer Checking.feature' was passed

2020-10-30 11:18:53 - [MESSAGE][INFO] - Starting run keyword runFeatureFile: 'Include/features/IST_Real/SLIK/SLIK Gateway Non Customer/SLIK Gateway Non Customer Checking.feature' and extract report to folder: '/Users/chaidir.pratama01/Katalon Studio/IST_Automation_Git/Reports/20201030_111805/SLIK/TS_SLIK_Gateway_Non_Customer/20201030_111805/cucumber_report/1604031533767'...

2020-10-30 11:18:53 - [TEST_CASE][PASSED] - Start Test Case : SCENARIO SLIK Gateway Non Customer Checking: SCENARIO SLIK Gateway Non Customer Checking

2020-10-30 11:18:53 - [TEST_STEP][PASSED] - Go to ISTools: Go to ISTools

2020-10-30 11:18:53 - [MESSAGE][INFO] - Starting 'Chrome' driver

2020-10-30 11:18:53 - [MESSAGE][INFO] - User set preference: ['AcceptInsecureCerts', 'true']

2020-10-30 11:18:53 - [MESSAGE][INFO] - User set preference: ['args', '[ignore-certificate-errors]']

2020-10-30 11:18:53 - [MESSAGE][INFO] - Action delay is set to 0 milliseconds

2020-10-30 11:18:55 - [MESSAGE][PASSED] - Browser is opened with url: ''

2020-10-30 11:18:55 - [MESSAGE][PASSED] - Navigate to 'https://id-ist01preprod.id.nonprod/ist/' successfully

2020-10-30 11:18:55 - [MESSAGE][PASSED] - Go to ISTools

2020-10-30 11:18:55 - [TEST_STEP][PASSED] - Login IST with valid credentials: Login IST with valid credentials

2020-10-30 11:18:56 - [MESSAGE][PASSED] - Text 'mobile.test' is set on object 'Object Repository/Page_/input_Username_j_username'

2020-10-30 11:18:57 - [MESSAGE][PASSED] - Text ****** has been set on object 'Object Repository/Page_/input_Password_j_password'

2020-10-30 11:18:57 - [MESSAGE][PASSED] - Object: 'Object Repository/Page_/button_Login' is clicked on

2020-10-30 11:18:57 - [MESSAGE][PASSED] - Login IST with valid credentials

2020-10-30 11:18:57 - [TEST_STEP][PASSED] - Login Success for contract dispatcher: Login Success for contract dispatcher

2020-10-30 11:18:57 - [MESSAGE][INFO] - Login Success

2020-10-30 11:18:57 - [MESSAGE][PASSED] - Current window maximized

2020-10-30 11:18:58 - [MESSAGE][PASSED] - Object 'Object Repository/Page_/h1_Welcome to IT Supporting Tools' is present

2020-10-30 11:18:58 - [MESSAGE][PASSED] - Login Success for contract dispatcher

2020-10-30 11:18:58 - [TEST_STEP][PASSED] - Select Menu SLIK Gateway NonCustomer: Select Menu SLIK Gateway NonCustomer

2020-10-30 11:18:58 - [MESSAGE][PASSED] - Object '' is present

2020-10-30 11:18:58 - [MESSAGE][PASSED] - Object: '' is clicked on

2020-10-30 11:18:58 - [MESSAGE][PASSED] - Wait for page load successfully

2020-10-30 11:18:58 - [MESSAGE][PASSED] - Select Menu SLIK Gateway NonCustomer

2020-10-30 11:18:58 - [TEST_STEP][PASSED] - Input Data KTP Number: Input Data KTP Number

2020-10-30 11:18:59 - [MESSAGE][PASSED] - Text '8888888888888888' is set on object ''

2020-10-30 11:18:59 - [MESSAGE][PASSED] - Input Data KTP Number

2020-10-30 11:18:59 - [TEST_STEP][PASSED] - Input Data "Name *" with value "OPEX TestingAuto" for Check SLIK: Input Data "Name *" with value "OPEX TestingAuto" for Check SLIK

2020-10-30 11:19:00 - [MESSAGE][PASSED] - Taking screenshot successfully
[[ATTACHMENT|/Users/chaidir.pratama01/Documents/Docs/Katalon Studio/Screenshot/slik.png]]

2020-10-30 11:19:00 - [MESSAGE][PASSED] - Object '' is visible

2020-10-30 11:19:01 - [MESSAGE][PASSED] - Object: '' is focused

2020-10-30 11:19:01 - [MESSAGE][PASSED] - Text 'OPEX TestingAuto' is set on object ''

2020-10-30 11:19:01 - [MESSAGE][PASSED] - Input Data "Name *" with value "OPEX TestingAuto" for Check SLIK

2020-10-30 11:19:01 - [TEST_STEP][PASSED] - Input Date of Birth "20-02-1990": Input Date of Birth "20-02-1990"

2020-10-30 11:19:02 - [MESSAGE][PASSED] - Text '20-02-1990' is set on object ''

2020-10-30 11:19:05 - [MESSAGE][PASSED] - Delayed 3 second(s)

2020-10-30 11:19:05 - [MESSAGE][PASSED] - Input Date of Birth "20-02-1990"

2020-10-30 11:19:05 - [TEST_STEP][PASSED] - Select Gender "Laki-laki": Select Gender "Laki-laki"

2020-10-30 11:19:05 - [MESSAGE][PASSED] - Object: '' is clicked on

2020-10-30 11:19:05 - [MESSAGE][PASSED] - Select Gender "Laki-laki"

2020-10-30 11:19:05 - [TEST_STEP][PASSED] - Select Purpose is "Penilaian Calon Kemitraan": Select Purpose is "Penilaian Calon Kemitraan"

2020-10-30 11:19:07 - [MESSAGE][PASSED] - All options with value 'Penilaian Calon Kemitraan' are selected in object ''  using regular expression

2020-10-30 11:19:07 - [MESSAGE][PASSED] - Select Purpose is "Penilaian Calon Kemitraan"

2020-10-30 11:19:07 - [TEST_STEP][PASSED] - Input Data "Place of Birth" with value "Jakarta" for Check SLIK: Input Data "Place of Birth" with value "Jakarta" for Check SLIK

2020-10-30 11:19:07 - [MESSAGE][PASSED] - Taking screenshot successfully
[[ATTACHMENT|/Users/chaidir.pratama01/Documents/Docs/Katalon Studio/Screenshot/slik.png]]

2020-10-30 11:19:07 - [MESSAGE][PASSED] - Object '' is visible

2020-10-30 11:19:08 - [MESSAGE][PASSED] - Object: '' is focused

2020-10-30 11:19:08 - [MESSAGE][PASSED] - Text 'Jakarta' is set on object ''

2020-10-30 11:19:08 - [MESSAGE][PASSED] - Input Data "Place of Birth" with value "Jakarta" for Check SLIK

2020-10-30 11:19:08 - [TEST_STEP][PASSED] - Input Data "Mother Maternity Name" with value "Tester Auto" for Check SLIK: Input Data "Mother Maternity Name" with value "Tester Auto" for Check SLIK

2020-10-30 11:19:09 - [MESSAGE][PASSED] - Taking screenshot successfully
[[ATTACHMENT|/Users/chaidir.pratama01/Documents/Docs/Katalon Studio/Screenshot/slik.png]]

2020-10-30 11:19:09 - [MESSAGE][PASSED] - Object '' is visible

2020-10-30 11:19:10 - [MESSAGE][PASSED] - Object: '' is focused

2020-10-30 11:19:11 - [MESSAGE][PASSED] - Text 'Tester Auto' is set on object ''

2020-10-30 11:19:11 - [MESSAGE][PASSED] - Input Data "Mother Maternity Name" with value "Tester Auto" for Check SLIK

2020-10-30 11:19:11 - [TEST_STEP][PASSED] - Input KTP Address "TESTING AUTO JAKARTA": Input KTP Address "TESTING AUTO JAKARTA"

2020-10-30 11:19:11 - [MESSAGE][PASSED] - Text 'TESTING AUTO JAKARTA' is set on object ''

2020-10-30 11:19:11 - [MESSAGE][PASSED] - Input KTP Address "TESTING AUTO JAKARTA"

2020-10-30 11:19:11 - [TEST_STEP][PASSED] - Click button "Upload": Click button "Upload"

2020-10-30 11:19:11 - [MESSAGE][INFO] - >>>>>//Button[contains(text(),'Upload')]

2020-10-30 11:19:16 - [MESSAGE][PASSED] - Object: '' is clicked on

2020-10-30 11:19:16 - [MESSAGE][PASSED] - Click button "Upload"

2020-10-30 11:19:16 - [TEST_STEP][PASSED] - Upload file "new_captcha1500.png": Upload file "new_captcha1500.png"

2020-10-30 11:19:17 - [MESSAGE][PASSED] - Switched to window with index: '0'

2020-10-30 11:19:31 - [MESSAGE][PASSED] - Upload file "new_captcha1500.png"

2020-10-30 11:19:31 - [TEST_STEP][PASSED] - Click button "Check SLIK": Click button "Check SLIK"

2020-10-30 11:19:31 - [MESSAGE][INFO] - >>>>>//Button[contains(text(),'Check SLIK')]

2020-10-30 11:19:34 - [MESSAGE][PASSED] - Object: '' is clicked on

2020-10-30 11:19:34 - [MESSAGE][PASSED] - Click button "Check SLIK"

2020-10-30 11:19:34 - [TEST_STEP][PASSED] - Get text from pop up "Confirmation Submit Request" with text "Are you sure to submit this data ?": Get text from pop up "Confirmation Submit Request" with text "Are you sure to submit this data ?"

2020-10-30 11:19:35 - [MESSAGE][PASSED] - Taking screenshot successfully
[[ATTACHMENT|/Users/chaidir.pratama01/Documents/Docs/Katalon Studio/Screenshot/errorpopup.png]]

2020-10-30 11:19:35 - [MESSAGE][PASSED] - Object '' is present

2020-10-30 11:19:35 - [MESSAGE][PASSED] - Wait for page load successfully

2020-10-30 11:19:35 - [MESSAGE][PASSED] - Wait for page load successfully

2020-10-30 11:19:35 - [MESSAGE][PASSED] - Get text from pop up "Confirmation Submit Request" with text "Are you sure to submit this data ?"

2020-10-30 11:19:35 - [TEST_STEP][PASSED] - Click button "Yes": Click button "Yes"

2020-10-30 11:19:35 - [MESSAGE][INFO] - >>>>>//Button[contains(text(),'Yes')]

2020-10-30 11:19:39 - [MESSAGE][PASSED] - Object: '' is clicked on

2020-10-30 11:19:39 - [MESSAGE][PASSED] - Click button "Yes"

2020-10-30 11:19:39 - [TEST_STEP][PASSED] - Verify KTP Number Request Success: Verify KTP Number Request Success

2020-10-30 11:19:59 - [MESSAGE][PASSED] - Object '' is present

2020-10-30 11:19:59 - [MESSAGE][PASSED] - Verify KTP Number Request Success

2020-10-30 11:19:59 - [TEST_STEP][PASSED] - Click button "OK": Click button "OK"

2020-10-30 11:19:59 - [MESSAGE][INFO] - >>>>>//Button[contains(text(),'OK')]

2020-10-30 11:20:02 - [MESSAGE][PASSED] - Object: '' is clicked on

2020-10-30 11:20:02 - [MESSAGE][PASSED] - Click button "OK"

2020-10-30 11:20:02 - [TEST_STEP][PASSED] - Click button "Logout": Click button "Logout"

2020-10-30 11:20:02 - [MESSAGE][INFO] - >>>>>//Button[contains(text(),'Logout')]

2020-10-30 11:20:06 - [MESSAGE][PASSED] - Object: '' is clicked on

2020-10-30 11:20:06 - [MESSAGE][PASSED] - Click button "Logout"

2020-10-30 11:20:06 - [TEST_STEP][PASSED] - Close browser: Close browser

2020-10-30 11:20:06 - [MESSAGE][PASSED] - Browser is closed

2020-10-30 11:20:06 - [MESSAGE][PASSED] - Close browser

2020-10-30 11:20:06 - [MESSAGE][PASSED] - Feature file: 'Include/features/IST_Real/SLIK/SLIK Gateway Non Customer/SLIK Gateway Non Customer Checking.feature' was passed]]></system-out>
         <system-err><![CDATA[]]></system-err>
      </testcase>
      <testcase name="Test Cases/IST_Real/SLIK/SLIK_Gateway_Non_Customer/SELECT KTP NUMBER NON CUSTOMER from DB" time="2.076" classname="Test Cases/IST_Real/SLIK/SLIK_Gateway_Non_Customer/SELECT KTP NUMBER NON CUSTOMER from DB" status="PASSED">
         <system-out><![CDATA[2020-10-30 11:20:06 - [TEST_CASE][PASSED] - Test Cases/IST_Real/SLIK/SLIK_Gateway_Non_Customer/SELECT KTP NUMBER NON CUSTOMER from DB: Test Cases/IST_Real/SLIK/SLIK_Gateway_Non_Customer/SELECT KTP NUMBER NON CUSTOMER from DB

2020-10-30 11:20:06 - [TEST_STEP][PASSED] - runFeatureFile("Include/features/IST_Real/SLIK/SLIK Gateway Non Customer/SELECT_KTP_NUMBER_NON_CUSTOMER_from_DB.feature"): Feature file: 'Include/features/IST_Real/SLIK/SLIK Gateway Non Customer/SELECT_KTP_NUMBER_NON_CUSTOMER_from_DB.feature' was passed

2020-10-30 11:20:06 - [MESSAGE][INFO] - Starting run keyword runFeatureFile: 'Include/features/IST_Real/SLIK/SLIK Gateway Non Customer/SELECT_KTP_NUMBER_NON_CUSTOMER_from_DB.feature' and extract report to folder: '/Users/chaidir.pratama01/Katalon Studio/IST_Automation_Git/Reports/20201030_111805/SLIK/TS_SLIK_Gateway_Non_Customer/20201030_111805/cucumber_report/1604031606656'...

2020-10-30 11:20:06 - [TEST_CASE][PASSED] - Start Test Case : SCENARIO SELECT KTP Number Non Customer From Table SLIK_DATA_CUSTOMER: SCENARIO SELECT KTP Number Non Customer From Table SLIK_DATA_CUSTOMER

2020-10-30 11:20:06 - [TEST_STEP][PASSED] - Connect to Database: Connect to Database

2020-10-30 11:20:08 - [MESSAGE][PASSED] - Connect to Database

2020-10-30 11:20:08 - [TEST_STEP][PASSED] - Check KTP Number Non Customer in DB: Check KTP Number Non Customer in DB

2020-10-30 11:20:08 - [MESSAGE][PASSED] - Check KTP Number Non Customer in DB

2020-10-30 11:20:08 - [MESSAGE][PASSED] - Feature file: 'Include/features/IST_Real/SLIK/SLIK Gateway Non Customer/SELECT_KTP_NUMBER_NON_CUSTOMER_from_DB.feature' was passed]]></system-out>
         <system-err><![CDATA[]]></system-err>
      </testcase>
      <testcase name="Test Cases/IST_Real/SLIK/SLIK_Gateway_Non_Customer/SLIK Gateway Non Customer Search By KTP" time="16.861" classname="Test Cases/IST_Real/SLIK/SLIK_Gateway_Non_Customer/SLIK Gateway Non Customer Search By KTP" status="PASSED">
         <system-out><![CDATA[2020-10-30 11:20:08 - [TEST_CASE][PASSED] - Test Cases/IST_Real/SLIK/SLIK_Gateway_Non_Customer/SLIK Gateway Non Customer Search By KTP: Test Cases/IST_Real/SLIK/SLIK_Gateway_Non_Customer/SLIK Gateway Non Customer Search By KTP

2020-10-30 11:20:08 - [TEST_STEP][PASSED] - runFeatureFile("Include/features/IST_Real/SLIK/SLIK Gateway Non Customer/SLIK_Gateaway_Non_Customer_Search_By_KTP.feature"): Feature file: 'Include/features/IST_Real/SLIK/SLIK Gateway Non Customer/SLIK_Gateaway_Non_Customer_Search_By_KTP.feature' was passed

2020-10-30 11:20:08 - [MESSAGE][INFO] - Starting run keyword runFeatureFile: 'Include/features/IST_Real/SLIK/SLIK Gateway Non Customer/SLIK_Gateaway_Non_Customer_Search_By_KTP.feature' and extract report to folder: '/Users/chaidir.pratama01/Katalon Studio/IST_Automation_Git/Reports/20201030_111805/SLIK/TS_SLIK_Gateway_Non_Customer/20201030_111805/cucumber_report/1604031608709'...

2020-10-30 11:20:08 - [TEST_CASE][PASSED] - Start Test Case : SCENARIO SLIK Gateway Non Customer Search Result: SCENARIO SLIK Gateway Non Customer Search Result

2020-10-30 11:20:08 - [TEST_STEP][PASSED] - Go to ISTools: Go to ISTools

2020-10-30 11:20:08 - [MESSAGE][INFO] - Starting 'Chrome' driver

2020-10-30 11:20:08 - [MESSAGE][INFO] - User set preference: ['AcceptInsecureCerts', 'true']

2020-10-30 11:20:08 - [MESSAGE][INFO] - User set preference: ['args', '[ignore-certificate-errors]']

2020-10-30 11:20:08 - [MESSAGE][INFO] - Action delay is set to 0 milliseconds

2020-10-30 11:20:09 - [MESSAGE][PASSED] - Browser is opened with url: ''

2020-10-30 11:20:12 - [MESSAGE][PASSED] - Navigate to 'https://id-ist01preprod.id.nonprod/ist/' successfully

2020-10-30 11:20:12 - [MESSAGE][PASSED] - Go to ISTools

2020-10-30 11:20:12 - [TEST_STEP][PASSED] - Login IST with valid credentials: Login IST with valid credentials

2020-10-30 11:20:13 - [MESSAGE][PASSED] - Text 'mobile.test' is set on object 'Object Repository/Page_/input_Username_j_username'

2020-10-30 11:20:13 - [MESSAGE][PASSED] - Text ****** has been set on object 'Object Repository/Page_/input_Password_j_password'

2020-10-30 11:20:15 - [MESSAGE][PASSED] - Object: 'Object Repository/Page_/button_Login' is clicked on

2020-10-30 11:20:15 - [MESSAGE][PASSED] - Login IST with valid credentials

2020-10-30 11:20:15 - [TEST_STEP][PASSED] - Login Success for contract dispatcher: Login Success for contract dispatcher

2020-10-30 11:20:15 - [MESSAGE][INFO] - Login Success

2020-10-30 11:20:15 - [MESSAGE][PASSED] - Current window maximized

2020-10-30 11:20:15 - [MESSAGE][PASSED] - Object 'Object Repository/Page_/h1_Welcome to IT Supporting Tools' is present

2020-10-30 11:20:15 - [MESSAGE][PASSED] - Login Success for contract dispatcher

2020-10-30 11:20:15 - [TEST_STEP][PASSED] - Select Menu SLIK Gateway NonCustomer: Select Menu SLIK Gateway NonCustomer

2020-10-30 11:20:15 - [MESSAGE][PASSED] - Object '' is present

2020-10-30 11:20:16 - [MESSAGE][PASSED] - Object: '' is clicked on

2020-10-30 11:20:16 - [MESSAGE][PASSED] - Wait for page load successfully

2020-10-30 11:20:16 - [MESSAGE][PASSED] - Select Menu SLIK Gateway NonCustomer

2020-10-30 11:20:16 - [TEST_STEP][PASSED] - Input Data KTP Number for Search Result: Input Data KTP Number for Search Result

2020-10-30 11:20:16 - [MESSAGE][PASSED] - Scroll to object '' successfully

2020-10-30 11:20:17 - [MESSAGE][PASSED] - Text '8888888888888888' is set on object ''

2020-10-30 11:20:17 - [MESSAGE][PASSED] - Input Data KTP Number for Search Result

2020-10-30 11:20:17 - [TEST_STEP][PASSED] - Click button "Search": Click button "Search"

2020-10-30 11:20:17 - [MESSAGE][INFO] - >>>>>//Button[contains(text(),'Search')]

2020-10-30 11:20:20 - [MESSAGE][PASSED] - Object: '' is clicked on

2020-10-30 11:20:20 - [MESSAGE][PASSED] - Click button "Search"

2020-10-30 11:20:20 - [TEST_STEP][PASSED] - Verify Search Result with KTP Number: Verify Search Result with KTP Number

2020-10-30 11:20:21 - [MESSAGE][PASSED] - Object '' is present

2020-10-30 11:20:21 - [MESSAGE][PASSED] - Verify Search Result with KTP Number

2020-10-30 11:20:21 - [TEST_STEP][PASSED] - Verify Search Result data: Verify Search Result data

2020-10-30 11:20:21 - [MESSAGE][PASSED] - Scroll to object '' successfully

2020-10-30 11:20:22 - [MESSAGE][PASSED] - Object '' is present

2020-10-30 11:20:22 - [MESSAGE][PASSED] - Verify Search Result data

2020-10-30 11:20:22 - [TEST_STEP][PASSED] - Click button "Logout": Click button "Logout"

2020-10-30 11:20:22 - [MESSAGE][INFO] - >>>>>//Button[contains(text(),'Logout')]

2020-10-30 11:20:25 - [MESSAGE][PASSED] - Object: '' is clicked on

2020-10-30 11:20:25 - [MESSAGE][PASSED] - Click button "Logout"

2020-10-30 11:20:25 - [TEST_STEP][PASSED] - Close browser: Close browser

2020-10-30 11:20:25 - [MESSAGE][PASSED] - Browser is closed

2020-10-30 11:20:25 - [MESSAGE][PASSED] - Close browser

2020-10-30 11:20:25 - [MESSAGE][PASSED] - Feature file: 'Include/features/IST_Real/SLIK/SLIK Gateway Non Customer/SLIK_Gateaway_Non_Customer_Search_By_KTP.feature' was passed]]></system-out>
         <system-err><![CDATA[]]></system-err>
      </testcase>
      <testcase name="Test Cases/IST_Real/SLIK/SLIK_Gateway_Non_Customer/SLIK Gateway Non Customer Search By Status REQUESTED" time="17.484" classname="Test Cases/IST_Real/SLIK/SLIK_Gateway_Non_Customer/SLIK Gateway Non Customer Search By Status REQUESTED" status="PASSED">
         <system-out><![CDATA[2020-10-30 11:20:25 - [TEST_CASE][PASSED] - Test Cases/IST_Real/SLIK/SLIK_Gateway_Non_Customer/SLIK Gateway Non Customer Search By Status REQUESTED: Test Cases/IST_Real/SLIK/SLIK_Gateway_Non_Customer/SLIK Gateway Non Customer Search By Status REQUESTED

2020-10-30 11:20:25 - [TEST_STEP][PASSED] - runFeatureFile("Include/features/IST_Real/SLIK/SLIK Gateway Non Customer/SLIK_Gateway_Non_Customer_Search_By_Status_REQUESTED.feature"): Feature file: 'Include/features/IST_Real/SLIK/SLIK Gateway Non Customer/SLIK_Gateway_Non_Customer_Search_By_Status_REQUESTED.feature' was passed

2020-10-30 11:20:25 - [MESSAGE][INFO] - Starting run keyword runFeatureFile: 'Include/features/IST_Real/SLIK/SLIK Gateway Non Customer/SLIK_Gateway_Non_Customer_Search_By_Status_REQUESTED.feature' and extract report to folder: '/Users/chaidir.pratama01/Katalon Studio/IST_Automation_Git/Reports/20201030_111805/SLIK/TS_SLIK_Gateway_Non_Customer/20201030_111805/cucumber_report/1604031625595'...

2020-10-30 11:20:25 - [TEST_CASE][PASSED] - Start Test Case : SCENARIO Search Result by Status: SCENARIO Search Result by Status

2020-10-30 11:20:25 - [TEST_STEP][PASSED] - Go to ISTools: Go to ISTools

2020-10-30 11:20:25 - [MESSAGE][INFO] - Starting 'Chrome' driver

2020-10-30 11:20:25 - [MESSAGE][INFO] - User set preference: ['AcceptInsecureCerts', 'true']

2020-10-30 11:20:25 - [MESSAGE][INFO] - User set preference: ['args', '[ignore-certificate-errors]']

2020-10-30 11:20:25 - [MESSAGE][INFO] - Action delay is set to 0 milliseconds

2020-10-30 11:20:26 - [MESSAGE][PASSED] - Browser is opened with url: ''

2020-10-30 11:20:29 - [MESSAGE][PASSED] - Navigate to 'https://id-ist01preprod.id.nonprod/ist/' successfully

2020-10-30 11:20:29 - [MESSAGE][PASSED] - Go to ISTools

2020-10-30 11:20:29 - [TEST_STEP][PASSED] - Login IST with valid credentials: Login IST with valid credentials

2020-10-30 11:20:30 - [MESSAGE][PASSED] - Text 'mobile.test' is set on object 'Object Repository/Page_/input_Username_j_username'

2020-10-30 11:20:30 - [MESSAGE][PASSED] - Text ****** has been set on object 'Object Repository/Page_/input_Password_j_password'

2020-10-30 11:20:31 - [MESSAGE][PASSED] - Object: 'Object Repository/Page_/button_Login' is clicked on

2020-10-30 11:20:31 - [MESSAGE][PASSED] - Login IST with valid credentials

2020-10-30 11:20:31 - [TEST_STEP][PASSED] - Login Success for contract dispatcher: Login Success for contract dispatcher

2020-10-30 11:20:31 - [MESSAGE][INFO] - Login Success

2020-10-30 11:20:31 - [MESSAGE][PASSED] - Current window maximized

2020-10-30 11:20:31 - [MESSAGE][PASSED] - Object 'Object Repository/Page_/h1_Welcome to IT Supporting Tools' is present

2020-10-30 11:20:31 - [MESSAGE][PASSED] - Login Success for contract dispatcher

2020-10-30 11:20:31 - [TEST_STEP][PASSED] - Select Menu SLIK Gateway NonCustomer: Select Menu SLIK Gateway NonCustomer

2020-10-30 11:20:31 - [MESSAGE][PASSED] - Object '' is present

2020-10-30 11:20:32 - [MESSAGE][PASSED] - Object: '' is clicked on

2020-10-30 11:20:32 - [MESSAGE][PASSED] - Wait for page load successfully

2020-10-30 11:20:32 - [MESSAGE][PASSED] - Select Menu SLIK Gateway NonCustomer

2020-10-30 11:20:32 - [TEST_STEP][PASSED] - Select Status is "REQUESTED": Select Status is "REQUESTED"

2020-10-30 11:20:34 - [MESSAGE][PASSED] - All options with value 'REQUESTED' are selected in object ''  using regular expression

2020-10-30 11:20:34 - [MESSAGE][PASSED] - Select Status is "REQUESTED"

2020-10-30 11:20:34 - [TEST_STEP][PASSED] - Click button "Search": Click button "Search"

2020-10-30 11:20:34 - [MESSAGE][INFO] - >>>>>//Button[contains(text(),'Search')]

2020-10-30 11:20:37 - [MESSAGE][PASSED] - Object: '' is clicked on

2020-10-30 11:20:37 - [MESSAGE][PASSED] - Click button "Search"

2020-10-30 11:20:37 - [TEST_STEP][PASSED] - Verify Search Result Based on Result Status: Verify Search Result Based on Result Status

2020-10-30 11:20:38 - [MESSAGE][PASSED] - Scroll to object '' successfully

2020-10-30 11:20:38 - [MESSAGE][PASSED] - Actual text and expected text of test object '' are matched.

2020-10-30 11:20:39 - [MESSAGE][PASSED] - Text of object '' is: 'REQUESTED -'

2020-10-30 11:20:39 - [MESSAGE][PASSED] - Text of object '' is: '8888888888888888'

2020-10-30 11:20:39 - [MESSAGE][PASSED] - Verify Search Result Based on Result Status

2020-10-30 11:20:39 - [TEST_STEP][PASSED] - Click button "Logout": Click button "Logout"

2020-10-30 11:20:39 - [MESSAGE][INFO] - >>>>>//Button[contains(text(),'Logout')]

2020-10-30 11:20:42 - [MESSAGE][PASSED] - Object: '' is clicked on

2020-10-30 11:20:42 - [MESSAGE][PASSED] - Click button "Logout"

2020-10-30 11:20:42 - [TEST_STEP][PASSED] - Close browser: Close browser

2020-10-30 11:20:42 - [MESSAGE][PASSED] - Browser is closed

2020-10-30 11:20:42 - [MESSAGE][PASSED] - Close browser

2020-10-30 11:20:42 - [MESSAGE][PASSED] - Feature file: 'Include/features/IST_Real/SLIK/SLIK Gateway Non Customer/SLIK_Gateway_Non_Customer_Search_By_Status_REQUESTED.feature' was passed]]></system-out>
         <system-err><![CDATA[]]></system-err>
      </testcase>
      <testcase name="Test Cases/IST_Real/SLIK/SLIK_Gateway_Non_Customer/SLIK Gateway Non Customer View Detail when Status REQUESTED" time="20.657" classname="Test Cases/IST_Real/SLIK/SLIK_Gateway_Non_Customer/SLIK Gateway Non Customer View Detail when Status REQUESTED" status="PASSED">
         <system-out><![CDATA[2020-10-30 11:20:42 - [TEST_CASE][PASSED] - Test Cases/IST_Real/SLIK/SLIK_Gateway_Non_Customer/SLIK Gateway Non Customer View Detail when Status REQUESTED: Test Cases/IST_Real/SLIK/SLIK_Gateway_Non_Customer/SLIK Gateway Non Customer View Detail when Status REQUESTED

2020-10-30 11:20:43 - [TEST_STEP][PASSED] - runFeatureFile("Include/features/IST_Real/SLIK/SLIK Gateway Non Customer/SLIK_Gateway_Non_Customer_View_Detail_when_Status_REQUESTED.feature"): Feature file: 'Include/features/IST_Real/SLIK/SLIK Gateway Non Customer/SLIK_Gateway_Non_Customer_View_Detail_when_Status_REQUESTED.feature' was passed

2020-10-30 11:20:43 - [MESSAGE][INFO] - Starting run keyword runFeatureFile: 'Include/features/IST_Real/SLIK/SLIK Gateway Non Customer/SLIK_Gateway_Non_Customer_View_Detail_when_Status_REQUESTED.feature' and extract report to folder: '/Users/chaidir.pratama01/Katalon Studio/IST_Automation_Git/Reports/20201030_111805/SLIK/TS_SLIK_Gateway_Non_Customer/20201030_111805/cucumber_report/1604031643078'...

2020-10-30 11:20:43 - [TEST_CASE][PASSED] - Start Test Case : SCENARIO SLIK Gateway Non Customer View Detail Link: SCENARIO SLIK Gateway Non Customer View Detail Link

2020-10-30 11:20:43 - [TEST_STEP][PASSED] - Go to ISTools: Go to ISTools

2020-10-30 11:20:43 - [MESSAGE][INFO] - Starting 'Chrome' driver

2020-10-30 11:20:43 - [MESSAGE][INFO] - User set preference: ['AcceptInsecureCerts', 'true']

2020-10-30 11:20:43 - [MESSAGE][INFO] - User set preference: ['args', '[ignore-certificate-errors]']

2020-10-30 11:20:43 - [MESSAGE][INFO] - Action delay is set to 0 milliseconds

2020-10-30 11:20:44 - [MESSAGE][PASSED] - Browser is opened with url: ''

2020-10-30 11:20:48 - [MESSAGE][PASSED] - Navigate to 'https://id-ist01preprod.id.nonprod/ist/' successfully

2020-10-30 11:20:48 - [MESSAGE][PASSED] - Go to ISTools

2020-10-30 11:20:48 - [TEST_STEP][PASSED] - Login IST with valid credentials: Login IST with valid credentials

2020-10-30 11:20:49 - [MESSAGE][PASSED] - Text 'mobile.test' is set on object 'Object Repository/Page_/input_Username_j_username'

2020-10-30 11:20:49 - [MESSAGE][PASSED] - Text ****** has been set on object 'Object Repository/Page_/input_Password_j_password'

2020-10-30 11:20:51 - [MESSAGE][PASSED] - Object: 'Object Repository/Page_/button_Login' is clicked on

2020-10-30 11:20:51 - [MESSAGE][PASSED] - Login IST with valid credentials

2020-10-30 11:20:51 - [TEST_STEP][PASSED] - Login Success for contract dispatcher: Login Success for contract dispatcher

2020-10-30 11:20:51 - [MESSAGE][INFO] - Login Success

2020-10-30 11:20:51 - [MESSAGE][PASSED] - Current window maximized

2020-10-30 11:20:51 - [MESSAGE][PASSED] - Object 'Object Repository/Page_/h1_Welcome to IT Supporting Tools' is present

2020-10-30 11:20:51 - [MESSAGE][PASSED] - Login Success for contract dispatcher

2020-10-30 11:20:51 - [TEST_STEP][PASSED] - Select Menu SLIK Gateway NonCustomer: Select Menu SLIK Gateway NonCustomer

2020-10-30 11:20:52 - [MESSAGE][PASSED] - Object '' is present

2020-10-30 11:20:52 - [MESSAGE][PASSED] - Object: '' is clicked on

2020-10-30 11:20:52 - [MESSAGE][PASSED] - Wait for page load successfully

2020-10-30 11:20:52 - [MESSAGE][PASSED] - Select Menu SLIK Gateway NonCustomer

2020-10-30 11:20:52 - [TEST_STEP][PASSED] - Select Status is "REQUESTED": Select Status is "REQUESTED"

2020-10-30 11:20:54 - [MESSAGE][PASSED] - All options with value 'REQUESTED' are selected in object ''  using regular expression

2020-10-30 11:20:54 - [MESSAGE][PASSED] - Select Status is "REQUESTED"

2020-10-30 11:20:54 - [TEST_STEP][PASSED] - Click button "Search": Click button "Search"

2020-10-30 11:20:54 - [MESSAGE][INFO] - >>>>>//Button[contains(text(),'Search')]

2020-10-30 11:20:57 - [MESSAGE][PASSED] - Object: '' is clicked on

2020-10-30 11:20:57 - [MESSAGE][PASSED] - Click button "Search"

2020-10-30 11:20:57 - [TEST_STEP][PASSED] - Verify Search Result Based on Result Status: Verify Search Result Based on Result Status

2020-10-30 11:20:57 - [MESSAGE][PASSED] - Scroll to object '' successfully

2020-10-30 11:20:58 - [MESSAGE][PASSED] - Actual text and expected text of test object '' are matched.

2020-10-30 11:20:58 - [MESSAGE][PASSED] - Text of object '' is: 'REQUESTED -'

2020-10-30 11:20:58 - [MESSAGE][PASSED] - Text of object '' is: '8888888888888888'

2020-10-30 11:20:58 - [MESSAGE][PASSED] - Verify Search Result Based on Result Status

2020-10-30 11:20:58 - [TEST_STEP][PASSED] - Click View Detail Link: Click View Detail Link

2020-10-30 11:20:59 - [MESSAGE][PASSED] - Web element with id: '' located by 'By.xpath: //span[text()='Search Result']/../../../following-sibling::div[@class='z-groupbox-content']/div[@class='z-grid']/div[@class='z-grid-body']/table/tbody/tr/td[7]/div/div/span' is not present after '3' second(s)

2020-10-30 11:20:59 - [MESSAGE][PASSED] - Click View Detail Link

2020-10-30 11:20:59 - [TEST_STEP][PASSED] - Take Screenshot "View_detail_NonCutomer.png": Take Screenshot "View_detail_NonCutomer.png"

2020-10-30 11:21:00 - [MESSAGE][PASSED] - Taking screenshot successfully
[[ATTACHMENT|/Users/chaidir.pratama01/Katalon Studio/IST_Automation_Git/img/View_detail_NonCutomer.png]]

2020-10-30 11:21:00 - [MESSAGE][PASSED] - Take Screenshot "View_detail_NonCutomer.png"

2020-10-30 11:21:00 - [TEST_STEP][PASSED] - Verify Slik Result Detail Link: Verify Slik Result Detail Link

2020-10-30 11:21:00 - [MESSAGE][PASSED] - Verify Slik Result Detail Link

2020-10-30 11:21:00 - [TEST_STEP][PASSED] - Click button "Logout": Click button "Logout"

2020-10-30 11:21:00 - [MESSAGE][INFO] - >>>>>//Button[contains(text(),'Logout')]

2020-10-30 11:21:03 - [MESSAGE][PASSED] - Object: '' is clicked on

2020-10-30 11:21:03 - [MESSAGE][PASSED] - Click button "Logout"

2020-10-30 11:21:03 - [TEST_STEP][PASSED] - Close browser: Close browser

2020-10-30 11:21:03 - [MESSAGE][PASSED] - Browser is closed

2020-10-30 11:21:03 - [MESSAGE][PASSED] - Close browser

2020-10-30 11:21:03 - [MESSAGE][PASSED] - Feature file: 'Include/features/IST_Real/SLIK/SLIK Gateway Non Customer/SLIK_Gateway_Non_Customer_View_Detail_when_Status_REQUESTED.feature' was passed]]></system-out>
         <system-err><![CDATA[]]></system-err>
      </testcase>
      <testcase name="Test Cases/IST_Real/SLIK/SLIK_Gateway_Approval_Non_Customer/Approve KTP Number" time="33.849" classname="Test Cases/IST_Real/SLIK/SLIK_Gateway_Approval_Non_Customer/Approve KTP Number" status="PASSED">
         <system-out><![CDATA[2020-10-30 11:21:03 - [TEST_CASE][PASSED] - Test Cases/IST_Real/SLIK/SLIK_Gateway_Approval_Non_Customer/Approve KTP Number: Test Cases/IST_Real/SLIK/SLIK_Gateway_Approval_Non_Customer/Approve KTP Number

2020-10-30 11:21:03 - [TEST_STEP][PASSED] - runFeatureFile("Include/features/IST_Real/SLIK/SLIK Gateway Approval Non Customer/Approve_KTP_Number.feature"): Feature file: 'Include/features/IST_Real/SLIK/SLIK Gateway Approval Non Customer/Approve_KTP_Number.feature' was passed

2020-10-30 11:21:03 - [MESSAGE][INFO] - Starting run keyword runFeatureFile: 'Include/features/IST_Real/SLIK/SLIK Gateway Approval Non Customer/Approve_KTP_Number.feature' and extract report to folder: '/Users/chaidir.pratama01/Katalon Studio/IST_Automation_Git/Reports/20201030_111805/SLIK/TS_SLIK_Gateway_Non_Customer/20201030_111805/cucumber_report/1604031663738'...

2020-10-30 11:21:03 - [TEST_CASE][PASSED] - Start Test Case : SCENARIO Approve KTP Number by Checker: SCENARIO Approve KTP Number by Checker

2020-10-30 11:21:03 - [TEST_STEP][PASSED] - Go to ISTools: Go to ISTools

2020-10-30 11:21:03 - [MESSAGE][INFO] - Starting 'Chrome' driver

2020-10-30 11:21:03 - [MESSAGE][INFO] - User set preference: ['AcceptInsecureCerts', 'true']

2020-10-30 11:21:03 - [MESSAGE][INFO] - User set preference: ['args', '[ignore-certificate-errors]']

2020-10-30 11:21:03 - [MESSAGE][INFO] - Action delay is set to 0 milliseconds

2020-10-30 11:21:04 - [MESSAGE][PASSED] - Browser is opened with url: ''

2020-10-30 11:21:09 - [MESSAGE][PASSED] - Navigate to 'https://id-ist01preprod.id.nonprod/ist/' successfully

2020-10-30 11:21:09 - [MESSAGE][PASSED] - Go to ISTools

2020-10-30 11:21:09 - [TEST_STEP][PASSED] - Login IST with valid credentials: Login IST with valid credentials

2020-10-30 11:21:09 - [MESSAGE][PASSED] - Text 'mobile.test' is set on object 'Object Repository/Page_/input_Username_j_username'

2020-10-30 11:21:09 - [MESSAGE][PASSED] - Text ****** has been set on object 'Object Repository/Page_/input_Password_j_password'

2020-10-30 11:21:10 - [MESSAGE][PASSED] - Object: 'Object Repository/Page_/button_Login' is clicked on

2020-10-30 11:21:10 - [MESSAGE][PASSED] - Login IST with valid credentials

2020-10-30 11:21:10 - [TEST_STEP][PASSED] - Login Success for contract dispatcher: Login Success for contract dispatcher

2020-10-30 11:21:10 - [MESSAGE][INFO] - Login Success

2020-10-30 11:21:10 - [MESSAGE][PASSED] - Current window maximized

2020-10-30 11:21:11 - [MESSAGE][PASSED] - Object 'Object Repository/Page_/h1_Welcome to IT Supporting Tools' is present

2020-10-30 11:21:11 - [MESSAGE][PASSED] - Login Success for contract dispatcher

2020-10-30 11:21:11 - [TEST_STEP][PASSED] - Select Menu "SLIK Gateway Approval Non Customer": Select Menu "SLIK Gateway Approval Non Customer"

2020-10-30 11:21:12 - [MESSAGE][PASSED] - Taking screenshot successfully
[[ATTACHMENT|/Users/chaidir.pratama01/Documents/Docs/Katalon Studio/Screenshot/test-SLIK Gateway Approval Non Customer.png]]

2020-10-30 11:21:12 - [MESSAGE][PASSED] - Object '' is present

2020-10-30 11:21:12 - [MESSAGE][PASSED] - Object: '' is clicked on

2020-10-30 11:21:12 - [MESSAGE][PASSED] - Wait for page load successfully

2020-10-30 11:21:12 - [MESSAGE][PASSED] - Select Menu "SLIK Gateway Approval Non Customer"

2020-10-30 11:21:12 - [TEST_STEP][PASSED] - Verify Table Result Exist: Verify Table Result Exist

2020-10-30 11:21:13 - [MESSAGE][PASSED] - Object '' is present

2020-10-30 11:21:13 - [MESSAGE][PASSED] - Verify Table Result Exist

2020-10-30 11:21:13 - [TEST_STEP][PASSED] - Get Data From Table: Get Data From Table

2020-10-30 11:21:14 - [MESSAGE][PASSED] - Object '' is present

2020-10-30 11:21:14 - [MESSAGE][PASSED] - Text of object '' is: '1'

2020-10-30 11:21:15 - [MESSAGE][PASSED] - Text of object '' is: '8888888888888888'

2020-10-30 11:21:15 - [MESSAGE][PASSED] - Text of object '' is: 'OPEX TestingAuto'

2020-10-30 11:21:15 - [MESSAGE][PASSED] - Text of object '' is: 'View Document'

2020-10-30 11:21:15 - [MESSAGE][PASSED] - Text of object '' is: ''

2020-10-30 11:21:15 - [MESSAGE][PASSED] - Get Data From Table

2020-10-30 11:21:15 - [TEST_STEP][PASSED] - Click Checkbox Validate: Click Checkbox Validate

2020-10-30 11:21:16 - [MESSAGE][PASSED] - Text of object '' is: '8888888888888888'

2020-10-30 11:21:16 - [MESSAGE][PASSED] - Object: '' is clicked on

2020-10-30 11:21:16 - [MESSAGE][PASSED] - Click Checkbox Validate

2020-10-30 11:21:16 - [TEST_STEP][PASSED] - Click button "Continue": Click button "Continue"

2020-10-30 11:21:16 - [MESSAGE][INFO] - >>>>>//Button[contains(text(),'Continue')]

2020-10-30 11:21:20 - [MESSAGE][PASSED] - Object: '' is clicked on

2020-10-30 11:21:20 - [MESSAGE][PASSED] - Click button "Continue"

2020-10-30 11:21:20 - [TEST_STEP][PASSED] - Click Checkbox Saya Setuju: Click Checkbox Saya Setuju

2020-10-30 11:21:20 - [MESSAGE][PASSED] - Object '' is present

2020-10-30 11:21:21 - [MESSAGE][PASSED] - Object: '' is clicked on

2020-10-30 11:21:21 - [MESSAGE][PASSED] - Click Checkbox Saya Setuju

2020-10-30 11:21:21 - [TEST_STEP][PASSED] - Click button "Check SLIK": Click button "Check SLIK"

2020-10-30 11:21:21 - [MESSAGE][INFO] - >>>>>//Button[contains(text(),'Check SLIK')]

2020-10-30 11:21:24 - [MESSAGE][PASSED] - Object: '' is clicked on

2020-10-30 11:21:24 - [MESSAGE][PASSED] - Click button "Check SLIK"

2020-10-30 11:21:24 - [TEST_STEP][PASSED] - Get text from pop up "Confirmation Approve Data" with text "Are you sure to SUBMIT this data ?": Get text from pop up "Confirmation Approve Data" with text "Are you sure to SUBMIT this data ?"

2020-10-30 11:21:25 - [MESSAGE][PASSED] - Taking screenshot successfully
[[ATTACHMENT|/Users/chaidir.pratama01/Documents/Docs/Katalon Studio/Screenshot/errorpopup.png]]

2020-10-30 11:21:25 - [MESSAGE][PASSED] - Object '' is present

2020-10-30 11:21:25 - [MESSAGE][PASSED] - Wait for page load successfully

2020-10-30 11:21:25 - [MESSAGE][PASSED] - Wait for page load successfully

2020-10-30 11:21:25 - [MESSAGE][PASSED] - Get text from pop up "Confirmation Approve Data" with text "Are you sure to SUBMIT this data ?"

2020-10-30 11:21:25 - [TEST_STEP][PASSED] - Click button "Yes": Click button "Yes"

2020-10-30 11:21:25 - [MESSAGE][INFO] - >>>>>//Button[contains(text(),'Yes')]

2020-10-30 11:21:29 - [MESSAGE][PASSED] - Object: '' is clicked on

2020-10-30 11:21:29 - [MESSAGE][PASSED] - Click button "Yes"

2020-10-30 11:21:29 - [TEST_STEP][PASSED] - Get text from pop up "IT Supporting Tools" with text "Data is processed": Get text from pop up "IT Supporting Tools" with text "Data is processed"

2020-10-30 11:21:30 - [MESSAGE][PASSED] - Taking screenshot successfully
[[ATTACHMENT|/Users/chaidir.pratama01/Documents/Docs/Katalon Studio/Screenshot/errorpopup.png]]

2020-10-30 11:21:30 - [MESSAGE][PASSED] - Object '' is present

2020-10-30 11:21:30 - [MESSAGE][PASSED] - Wait for page load successfully

2020-10-30 11:21:30 - [MESSAGE][PASSED] - Wait for page load successfully

2020-10-30 11:21:30 - [MESSAGE][PASSED] - Get text from pop up "IT Supporting Tools" with text "Data is processed"

2020-10-30 11:21:30 - [TEST_STEP][PASSED] - Click button "OK": Click button "OK"

2020-10-30 11:21:30 - [MESSAGE][INFO] - >>>>>//Button[contains(text(),'OK')]

2020-10-30 11:21:34 - [MESSAGE][PASSED] - Object: '' is clicked on

2020-10-30 11:21:34 - [MESSAGE][PASSED] - Click button "OK"

2020-10-30 11:21:34 - [TEST_STEP][PASSED] - Click button "Logout": Click button "Logout"

2020-10-30 11:21:34 - [MESSAGE][INFO] - >>>>>//Button[contains(text(),'Logout')]

2020-10-30 11:21:37 - [MESSAGE][PASSED] - Object: '' is clicked on

2020-10-30 11:21:37 - [MESSAGE][PASSED] - Click button "Logout"

2020-10-30 11:21:37 - [TEST_STEP][PASSED] - Close browser: Close browser

2020-10-30 11:21:37 - [MESSAGE][PASSED] - Browser is closed

2020-10-30 11:21:37 - [MESSAGE][PASSED] - Close browser

2020-10-30 11:21:37 - [MESSAGE][PASSED] - Feature file: 'Include/features/IST_Real/SLIK/SLIK Gateway Approval Non Customer/Approve_KTP_Number.feature' was passed]]></system-out>
         <system-err><![CDATA[]]></system-err>
      </testcase>
      <testcase name="Test Cases/IST_Real/SLIK/SLIK_Gateway_Non_Customer/SLIK Gateway Non Customer Search By Status APPROVED" time="21.471" classname="Test Cases/IST_Real/SLIK/SLIK_Gateway_Non_Customer/SLIK Gateway Non Customer Search By Status APPROVED" status="PASSED">
         <system-out><![CDATA[2020-10-30 11:21:37 - [TEST_CASE][PASSED] - Test Cases/IST_Real/SLIK/SLIK_Gateway_Non_Customer/SLIK Gateway Non Customer Search By Status APPROVED: Test Cases/IST_Real/SLIK/SLIK_Gateway_Non_Customer/SLIK Gateway Non Customer Search By Status APPROVED

2020-10-30 11:21:37 - [TEST_STEP][PASSED] - runFeatureFile("Include/features/IST_Real/SLIK/SLIK Gateway Non Customer/SLIK_Gateway_Non_Customer_Search_By_Status_APPROVED.feature"): Feature file: 'Include/features/IST_Real/SLIK/SLIK Gateway Non Customer/SLIK_Gateway_Non_Customer_Search_By_Status_APPROVED.feature' was passed

2020-10-30 11:21:37 - [MESSAGE][INFO] - Starting run keyword runFeatureFile: 'Include/features/IST_Real/SLIK/SLIK Gateway Non Customer/SLIK_Gateway_Non_Customer_Search_By_Status_APPROVED.feature' and extract report to folder: '/Users/chaidir.pratama01/Katalon Studio/IST_Automation_Git/Reports/20201030_111805/SLIK/TS_SLIK_Gateway_Non_Customer/20201030_111805/cucumber_report/1604031697618'...

2020-10-30 11:21:37 - [TEST_CASE][PASSED] - Start Test Case : SCENARIO Search Result by Status: SCENARIO Search Result by Status

2020-10-30 11:21:37 - [TEST_STEP][PASSED] - Go to ISTools: Go to ISTools

2020-10-30 11:21:37 - [MESSAGE][INFO] - Starting 'Chrome' driver

2020-10-30 11:21:37 - [MESSAGE][INFO] - User set preference: ['AcceptInsecureCerts', 'true']

2020-10-30 11:21:37 - [MESSAGE][INFO] - User set preference: ['args', '[ignore-certificate-errors]']

2020-10-30 11:21:37 - [MESSAGE][INFO] - Action delay is set to 0 milliseconds

2020-10-30 11:21:38 - [MESSAGE][PASSED] - Browser is opened with url: ''

2020-10-30 11:21:41 - [MESSAGE][PASSED] - Navigate to 'https://id-ist01preprod.id.nonprod/ist/' successfully

2020-10-30 11:21:41 - [MESSAGE][PASSED] - Go to ISTools

2020-10-30 11:21:41 - [TEST_STEP][PASSED] - Login IST with valid credentials: Login IST with valid credentials

2020-10-30 11:21:42 - [MESSAGE][PASSED] - Text 'mobile.test' is set on object 'Object Repository/Page_/input_Username_j_username'

2020-10-30 11:21:42 - [MESSAGE][PASSED] - Text ****** has been set on object 'Object Repository/Page_/input_Password_j_password'

2020-10-30 11:21:44 - [MESSAGE][PASSED] - Object: 'Object Repository/Page_/button_Login' is clicked on

2020-10-30 11:21:44 - [MESSAGE][PASSED] - Login IST with valid credentials

2020-10-30 11:21:44 - [TEST_STEP][PASSED] - Login Success for contract dispatcher: Login Success for contract dispatcher

2020-10-30 11:21:44 - [MESSAGE][INFO] - Login Success

2020-10-30 11:21:44 - [MESSAGE][PASSED] - Current window maximized

2020-10-30 11:21:44 - [MESSAGE][PASSED] - Object 'Object Repository/Page_/h1_Welcome to IT Supporting Tools' is present

2020-10-30 11:21:44 - [MESSAGE][PASSED] - Login Success for contract dispatcher

2020-10-30 11:21:44 - [TEST_STEP][PASSED] - Select Menu SLIK Gateway NonCustomer: Select Menu SLIK Gateway NonCustomer

2020-10-30 11:21:44 - [MESSAGE][PASSED] - Object '' is present

2020-10-30 11:21:45 - [MESSAGE][PASSED] - Object: '' is clicked on

2020-10-30 11:21:45 - [MESSAGE][PASSED] - Wait for page load successfully

2020-10-30 11:21:45 - [MESSAGE][PASSED] - Select Menu SLIK Gateway NonCustomer

2020-10-30 11:21:45 - [TEST_STEP][PASSED] - Select Status is "APPROVED": Select Status is "APPROVED"

2020-10-30 11:21:47 - [MESSAGE][PASSED] - All options with value 'APPROVED' are selected in object ''  using regular expression

2020-10-30 11:21:47 - [MESSAGE][PASSED] - Select Status is "APPROVED"

2020-10-30 11:21:47 - [TEST_STEP][PASSED] - Click button "Search": Click button "Search"

2020-10-30 11:21:47 - [MESSAGE][INFO] - >>>>>//Button[contains(text(),'Search')]

2020-10-30 11:21:50 - [MESSAGE][PASSED] - Object: '' is clicked on

2020-10-30 11:21:50 - [MESSAGE][PASSED] - Click button "Search"

2020-10-30 11:21:50 - [TEST_STEP][PASSED] - Verify Search Result Based on Result Status: Verify Search Result Based on Result Status

2020-10-30 11:21:51 - [MESSAGE][PASSED] - Scroll to object '' successfully

2020-10-30 11:21:52 - [MESSAGE][WARNING] - Actual text 'APPROVED -' and expected text 'APPROVED - FAILED' of test object '' are NOT matched. (Root cause: com.kms.katalon.core.exception.StepFailedException: Actual text 'APPROVED -' and expected text 'APPROVED - FAILED' of test object '' are NOT matched.
	at com.kms.katalon.core.webui.keyword.internal.WebUIKeywordMain.stepFailed(WebUIKeywordMain.groovy:64)
	at com.kms.katalon.core.webui.keyword.builtin.VerifyElementTextKeyword$_verifyElementText_closure1.doCall(VerifyElementTextKeyword.groovy:57)
	at com.kms.katalon.core.webui.keyword.builtin.VerifyElementTextKeyword$_verifyElementText_closure1.call(VerifyElementTextKeyword.groovy)
	at com.kms.katalon.core.webui.keyword.internal.WebUIKeywordMain.runKeyword(WebUIKeywordMain.groovy:20)
	at com.kms.katalon.core.webui.keyword.builtin.VerifyElementTextKeyword.verifyElementText(VerifyElementTextKeyword.groovy:72)
	at com.kms.katalon.core.webui.keyword.builtin.VerifyElementTextKeyword.execute(VerifyElementTextKeyword.groovy:40)
	at com.kms.katalon.core.keyword.internal.KeywordExecutor.executeKeywordForPlatform(KeywordExecutor.groovy:73)
	at com.kms.katalon.core.webui.keyword.WebUiBuiltInKeywords.verifyElementText(WebUiBuiltInKeywords.groovy:3673)
	at com.kms.katalon.core.webui.keyword.WebUiBuiltInKeywords$verifyElementText$21.call(Unknown Source)
	at Slik_Script.Verify_Result_Status(Slik_Script.groovy:369)
	at cucumber.runtime.Utils$1.call(Utils.java:26)
	at cucumber.runtime.Timeout.timeout(Timeout.java:16)
	at cucumber.runtime.Utils.invoke(Utils.java:20)
	at cucumber.runtime.java.JavaStepDefinition.execute(JavaStepDefinition.java:48)
	at cucumber.runtime.PickleStepDefinitionMatch.runStep(PickleStepDefinitionMatch.java:50)
	at cucumber.runner.TestStep.executeStep(TestStep.java:55)
	at cucumber.runner.TestStep.run(TestStep.java:42)
	at cucumber.runner.PickleStepTestStep.run(PickleStepTestStep.java:53)
	at cucumber.runner.TestCase.run(TestCase.java:47)
	at cucumber.runner.Runner.runPickle(Runner.java:44)
	at cucumber.runtime.Runtime.runFeature(Runtime.java:120)
	at cucumber.runtime.Runtime.run(Runtime.java:106)
	at cucumber.api.cli.Main.run(Main.java:35)
	at cucumber.api.cli.Main$run.call(Unknown Source)
	at com.kms.katalon.core.cucumber.keyword.CucumberBuiltinKeywords$_runFeatureFile_closure1.doCall(CucumberBuiltinKeywords.groovy:76)
	at com.kms.katalon.core.cucumber.keyword.CucumberBuiltinKeywords$_runFeatureFile_closure1.doCall(CucumberBuiltinKeywords.groovy)
	at com.kms.katalon.core.keyword.internal.KeywordMain.runKeyword(KeywordMain.groovy:68)
	at com.kms.katalon.core.keyword.internal.KeywordMain$runKeyword.call(Unknown Source)
	at com.kms.katalon.core.cucumber.keyword.CucumberBuiltinKeywords.runFeatureFile(CucumberBuiltinKeywords.groovy:46)
	at com.kms.katalon.core.cucumber.keyword.CucumberBuiltinKeywords$runFeatureFile$0.callStatic(Unknown Source)
	at com.kms.katalon.core.cucumber.keyword.CucumberBuiltinKeywords.runFeatureFile(CucumberBuiltinKeywords.groovy:169)
	at com.kms.katalon.core.cucumber.keyword.CucumberBuiltinKeywords$runFeatureFile.call(Unknown Source)
	at SLIK Gateway Non Customer Search By Status APPROVED.run(SLIK Gateway Non Customer Search By Status APPROVED:18)
	at com.kms.katalon.core.main.ScriptEngine.run(ScriptEngine.java:194)
	at com.kms.katalon.core.main.ScriptEngine.runScriptAsRawText(ScriptEngine.java:119)
	at com.kms.katalon.core.main.TestCaseExecutor.runScript(TestCaseExecutor.java:339)
	at com.kms.katalon.core.main.TestCaseExecutor.doExecute(TestCaseExecutor.java:330)
	at com.kms.katalon.core.main.TestCaseExecutor.processExecutionPhase(TestCaseExecutor.java:309)
	at com.kms.katalon.core.main.TestCaseExecutor.accessMainPhase(TestCaseExecutor.java:301)
	at com.kms.katalon.core.main.TestCaseExecutor.execute(TestCaseExecutor.java:235)
	at com.kms.katalon.core.main.TestSuiteExecutor.accessTestCaseMainPhase(TestSuiteExecutor.java:191)
	at com.kms.katalon.core.main.TestSuiteExecutor.accessTestSuiteMainPhase(TestSuiteExecutor.java:141)
	at com.kms.katalon.core.main.TestSuiteExecutor.execute(TestSuiteExecutor.java:90)
	at com.kms.katalon.core.main.TestCaseMain.startTestSuite(TestCaseMain.java:157)
	at com.kms.katalon.core.main.TestCaseMain$startTestSuite$0.call(Unknown Source)
	at TempTestSuite1604031485619.run(TempTestSuite1604031485619.groovy:39)
)
[[ATTACHMENT|/Users/chaidir.pratama01/Katalon Studio/IST_Automation_Git/Reports/20201030_111805/SLIK/TS_SLIK_Gateway_Non_Customer/20201030_111805/1604031712119.png]]

2020-10-30 11:21:53 - [MESSAGE][WARNING] - Actual text 'APPROVED -' and expected text 'APPROVED - SUCCESS' of test object '' are NOT matched. (Root cause: com.kms.katalon.core.exception.StepFailedException: Actual text 'APPROVED -' and expected text 'APPROVED - SUCCESS' of test object '' are NOT matched.
	at com.kms.katalon.core.webui.keyword.internal.WebUIKeywordMain.stepFailed(WebUIKeywordMain.groovy:64)
	at com.kms.katalon.core.webui.keyword.builtin.VerifyElementTextKeyword$_verifyElementText_closure1.doCall(VerifyElementTextKeyword.groovy:57)
	at com.kms.katalon.core.webui.keyword.builtin.VerifyElementTextKeyword$_verifyElementText_closure1.call(VerifyElementTextKeyword.groovy)
	at com.kms.katalon.core.webui.keyword.internal.WebUIKeywordMain.runKeyword(WebUIKeywordMain.groovy:20)
	at com.kms.katalon.core.webui.keyword.builtin.VerifyElementTextKeyword.verifyElementText(VerifyElementTextKeyword.groovy:72)
	at com.kms.katalon.core.webui.keyword.builtin.VerifyElementTextKeyword.execute(VerifyElementTextKeyword.groovy:40)
	at com.kms.katalon.core.keyword.internal.KeywordExecutor.executeKeywordForPlatform(KeywordExecutor.groovy:73)
	at com.kms.katalon.core.webui.keyword.WebUiBuiltInKeywords.verifyElementText(WebUiBuiltInKeywords.groovy:3673)
	at com.kms.katalon.core.webui.keyword.WebUiBuiltInKeywords$verifyElementText$21.call(Unknown Source)
	at Slik_Script.Verify_Result_Status(Slik_Script.groovy:369)
	at cucumber.runtime.Utils$1.call(Utils.java:26)
	at cucumber.runtime.Timeout.timeout(Timeout.java:16)
	at cucumber.runtime.Utils.invoke(Utils.java:20)
	at cucumber.runtime.java.JavaStepDefinition.execute(JavaStepDefinition.java:48)
	at cucumber.runtime.PickleStepDefinitionMatch.runStep(PickleStepDefinitionMatch.java:50)
	at cucumber.runner.TestStep.executeStep(TestStep.java:55)
	at cucumber.runner.TestStep.run(TestStep.java:42)
	at cucumber.runner.PickleStepTestStep.run(PickleStepTestStep.java:53)
	at cucumber.runner.TestCase.run(TestCase.java:47)
	at cucumber.runner.Runner.runPickle(Runner.java:44)
	at cucumber.runtime.Runtime.runFeature(Runtime.java:120)
	at cucumber.runtime.Runtime.run(Runtime.java:106)
	at cucumber.api.cli.Main.run(Main.java:35)
	at cucumber.api.cli.Main$run.call(Unknown Source)
	at com.kms.katalon.core.cucumber.keyword.CucumberBuiltinKeywords$_runFeatureFile_closure1.doCall(CucumberBuiltinKeywords.groovy:76)
	at com.kms.katalon.core.cucumber.keyword.CucumberBuiltinKeywords$_runFeatureFile_closure1.doCall(CucumberBuiltinKeywords.groovy)
	at com.kms.katalon.core.keyword.internal.KeywordMain.runKeyword(KeywordMain.groovy:68)
	at com.kms.katalon.core.keyword.internal.KeywordMain$runKeyword.call(Unknown Source)
	at com.kms.katalon.core.cucumber.keyword.CucumberBuiltinKeywords.runFeatureFile(CucumberBuiltinKeywords.groovy:46)
	at com.kms.katalon.core.cucumber.keyword.CucumberBuiltinKeywords$runFeatureFile$0.callStatic(Unknown Source)
	at com.kms.katalon.core.cucumber.keyword.CucumberBuiltinKeywords.runFeatureFile(CucumberBuiltinKeywords.groovy:169)
	at com.kms.katalon.core.cucumber.keyword.CucumberBuiltinKeywords$runFeatureFile.call(Unknown Source)
	at SLIK Gateway Non Customer Search By Status APPROVED.run(SLIK Gateway Non Customer Search By Status APPROVED:18)
	at com.kms.katalon.core.main.ScriptEngine.run(ScriptEngine.java:194)
	at com.kms.katalon.core.main.ScriptEngine.runScriptAsRawText(ScriptEngine.java:119)
	at com.kms.katalon.core.main.TestCaseExecutor.runScript(TestCaseExecutor.java:339)
	at com.kms.katalon.core.main.TestCaseExecutor.doExecute(TestCaseExecutor.java:330)
	at com.kms.katalon.core.main.TestCaseExecutor.processExecutionPhase(TestCaseExecutor.java:309)
	at com.kms.katalon.core.main.TestCaseExecutor.accessMainPhase(TestCaseExecutor.java:301)
	at com.kms.katalon.core.main.TestCaseExecutor.execute(TestCaseExecutor.java:235)
	at com.kms.katalon.core.main.TestSuiteExecutor.accessTestCaseMainPhase(TestSuiteExecutor.java:191)
	at com.kms.katalon.core.main.TestSuiteExecutor.accessTestSuiteMainPhase(TestSuiteExecutor.java:141)
	at com.kms.katalon.core.main.TestSuiteExecutor.execute(TestSuiteExecutor.java:90)
	at com.kms.katalon.core.main.TestCaseMain.startTestSuite(TestCaseMain.java:157)
	at com.kms.katalon.core.main.TestCaseMain$startTestSuite$0.call(Unknown Source)
	at TempTestSuite1604031485619.run(TempTestSuite1604031485619.groovy:39)
)
[[ATTACHMENT|/Users/chaidir.pratama01/Katalon Studio/IST_Automation_Git/Reports/20201030_111805/SLIK/TS_SLIK_Gateway_Non_Customer/20201030_111805/1604031713032.png]]

2020-10-30 11:21:53 - [MESSAGE][PASSED] - Actual text and expected text of test object '' are matched.

2020-10-30 11:21:53 - [MESSAGE][PASSED] - Text of object '' is: 'APPROVED -'

2020-10-30 11:21:54 - [MESSAGE][PASSED] - Text of object '' is: '8888888888888888'

2020-10-30 11:21:54 - [MESSAGE][PASSED] - Verify Search Result Based on Result Status

2020-10-30 11:21:54 - [TEST_STEP][PASSED] - Click button "Logout": Click button "Logout"

2020-10-30 11:21:54 - [MESSAGE][INFO] - >>>>>//Button[contains(text(),'Logout')]

2020-10-30 11:21:58 - [MESSAGE][PASSED] - Object: '' is clicked on

2020-10-30 11:21:58 - [MESSAGE][PASSED] - Click button "Logout"

2020-10-30 11:21:58 - [TEST_STEP][PASSED] - Close browser: Close browser

2020-10-30 11:21:58 - [MESSAGE][PASSED] - Browser is closed

2020-10-30 11:21:58 - [MESSAGE][PASSED] - Close browser

2020-10-30 11:21:58 - [MESSAGE][PASSED] - Feature file: 'Include/features/IST_Real/SLIK/SLIK Gateway Non Customer/SLIK_Gateway_Non_Customer_Search_By_Status_APPROVED.feature' was passed]]></system-out>
         <system-err><![CDATA[]]></system-err>
      </testcase>
      <testcase name="Test Cases/IST_Real/SLIK/SLIK_Gateway_Non_Customer/Delete KTPNumber From DB" time="2.258" classname="Test Cases/IST_Real/SLIK/SLIK_Gateway_Non_Customer/Delete KTPNumber From DB" status="PASSED">
         <system-out><![CDATA[2020-10-30 11:21:58 - [TEST_CASE][PASSED] - Test Cases/IST_Real/SLIK/SLIK_Gateway_Non_Customer/Delete KTPNumber From DB: Test Cases/IST_Real/SLIK/SLIK_Gateway_Non_Customer/Delete KTPNumber From DB

2020-10-30 11:21:59 - [TEST_STEP][PASSED] - runFeatureFile("Include/features/IST_Real/SLIK/SLIK Gateway Non Customer/Delete_KTPNumber_From_DB.feature"): Feature file: 'Include/features/IST_Real/SLIK/SLIK Gateway Non Customer/Delete_KTPNumber_From_DB.feature' was passed

2020-10-30 11:21:59 - [MESSAGE][INFO] - Starting run keyword runFeatureFile: 'Include/features/IST_Real/SLIK/SLIK Gateway Non Customer/Delete_KTPNumber_From_DB.feature' and extract report to folder: '/Users/chaidir.pratama01/Katalon Studio/IST_Automation_Git/Reports/20201030_111805/SLIK/TS_SLIK_Gateway_Non_Customer/20201030_111805/cucumber_report/1604031719062'...

2020-10-30 11:21:59 - [TEST_CASE][PASSED] - Start Test Case : SCENARIO Delete_KTPNumber_From_DB: SCENARIO Delete_KTPNumber_From_DB

2020-10-30 11:21:59 - [TEST_STEP][PASSED] - Connect to Database: Connect to Database

2020-10-30 11:22:00 - [MESSAGE][PASSED] - Connect to Database

2020-10-30 11:22:00 - [TEST_STEP][PASSED] - Delete Contract From SLIK_DATA_NonCUSTOMER: Delete Contract From SLIK_DATA_NonCUSTOMER

2020-10-30 11:22:01 - [MESSAGE][PASSED] - Delete Contract From SLIK_DATA_NonCUSTOMER

2020-10-30 11:22:01 - [MESSAGE][PASSED] - Feature file: 'Include/features/IST_Real/SLIK/SLIK Gateway Non Customer/Delete_KTPNumber_From_DB.feature' was passed]]></system-out>
         <system-err><![CDATA[]]></system-err>
      </testcase>
      <testcase name="Test Cases/IST_Real/SLIK/SLIK_Gateway_Non_Customer/SLIK Gateway Non Customer Checking" time="75.032" classname="Test Cases/IST_Real/SLIK/SLIK_Gateway_Non_Customer/SLIK Gateway Non Customer Checking" status="PASSED">
         <system-out><![CDATA[2020-10-30 11:22:01 - [TEST_CASE][PASSED] - Test Cases/IST_Real/SLIK/SLIK_Gateway_Non_Customer/SLIK Gateway Non Customer Checking: Test Cases/IST_Real/SLIK/SLIK_Gateway_Non_Customer/SLIK Gateway Non Customer Checking

2020-10-30 11:22:01 - [TEST_STEP][PASSED] - runFeatureFile("Include/features/IST_Real/SLIK/SLIK Gateway Non Customer/SLIK Gateway Non Customer Checking.feature"): Feature file: 'Include/features/IST_Real/SLIK/SLIK Gateway Non Customer/SLIK Gateway Non Customer Checking.feature' was passed

2020-10-30 11:22:01 - [MESSAGE][INFO] - Starting run keyword runFeatureFile: 'Include/features/IST_Real/SLIK/SLIK Gateway Non Customer/SLIK Gateway Non Customer Checking.feature' and extract report to folder: '/Users/chaidir.pratama01/Katalon Studio/IST_Automation_Git/Reports/20201030_111805/SLIK/TS_SLIK_Gateway_Non_Customer/20201030_111805/cucumber_report/1604031721237'...

2020-10-30 11:22:01 - [TEST_CASE][PASSED] - Start Test Case : SCENARIO SLIK Gateway Non Customer Checking: SCENARIO SLIK Gateway Non Customer Checking

2020-10-30 11:22:01 - [TEST_STEP][PASSED] - Go to ISTools: Go to ISTools

2020-10-30 11:22:01 - [MESSAGE][INFO] - Starting 'Chrome' driver

2020-10-30 11:22:01 - [MESSAGE][INFO] - User set preference: ['AcceptInsecureCerts', 'true']

2020-10-30 11:22:01 - [MESSAGE][INFO] - User set preference: ['args', '[ignore-certificate-errors]']

2020-10-30 11:22:01 - [MESSAGE][INFO] - Action delay is set to 0 milliseconds

2020-10-30 11:22:02 - [MESSAGE][PASSED] - Browser is opened with url: ''

2020-10-30 11:22:05 - [MESSAGE][PASSED] - Navigate to 'https://id-ist01preprod.id.nonprod/ist/' successfully

2020-10-30 11:22:05 - [MESSAGE][PASSED] - Go to ISTools

2020-10-30 11:22:05 - [TEST_STEP][PASSED] - Login IST with valid credentials: Login IST with valid credentials

2020-10-30 11:22:05 - [MESSAGE][PASSED] - Text 'mobile.test' is set on object 'Object Repository/Page_/input_Username_j_username'

2020-10-30 11:22:06 - [MESSAGE][PASSED] - Text ****** has been set on object 'Object Repository/Page_/input_Password_j_password'

2020-10-30 11:22:06 - [MESSAGE][PASSED] - Object: 'Object Repository/Page_/button_Login' is clicked on

2020-10-30 11:22:06 - [MESSAGE][PASSED] - Login IST with valid credentials

2020-10-30 11:22:06 - [TEST_STEP][PASSED] - Login Success for contract dispatcher: Login Success for contract dispatcher

2020-10-30 11:22:06 - [MESSAGE][INFO] - Login Success

2020-10-30 11:22:07 - [MESSAGE][PASSED] - Current window maximized

2020-10-30 11:22:07 - [MESSAGE][PASSED] - Object 'Object Repository/Page_/h1_Welcome to IT Supporting Tools' is present

2020-10-30 11:22:07 - [MESSAGE][PASSED] - Login Success for contract dispatcher

2020-10-30 11:22:07 - [TEST_STEP][PASSED] - Select Menu SLIK Gateway NonCustomer: Select Menu SLIK Gateway NonCustomer

2020-10-30 11:22:07 - [MESSAGE][PASSED] - Object '' is present

2020-10-30 11:22:08 - [MESSAGE][PASSED] - Object: '' is clicked on

2020-10-30 11:22:08 - [MESSAGE][PASSED] - Wait for page load successfully

2020-10-30 11:22:08 - [MESSAGE][PASSED] - Select Menu SLIK Gateway NonCustomer

2020-10-30 11:22:08 - [TEST_STEP][PASSED] - Input Data KTP Number: Input Data KTP Number

2020-10-30 11:22:09 - [MESSAGE][PASSED] - Text '8888888888888888' is set on object ''

2020-10-30 11:22:09 - [MESSAGE][PASSED] - Input Data KTP Number

2020-10-30 11:22:09 - [TEST_STEP][PASSED] - Input Data "Name *" with value "OPEX TestingAuto" for Check SLIK: Input Data "Name *" with value "OPEX TestingAuto" for Check SLIK

2020-10-30 11:22:10 - [MESSAGE][PASSED] - Taking screenshot successfully
[[ATTACHMENT|/Users/chaidir.pratama01/Documents/Docs/Katalon Studio/Screenshot/slik.png]]

2020-10-30 11:22:10 - [MESSAGE][PASSED] - Object '' is visible

2020-10-30 11:22:10 - [MESSAGE][PASSED] - Object: '' is focused

2020-10-30 11:22:11 - [MESSAGE][PASSED] - Text 'OPEX TestingAuto' is set on object ''

2020-10-30 11:22:11 - [MESSAGE][PASSED] - Input Data "Name *" with value "OPEX TestingAuto" for Check SLIK

2020-10-30 11:22:11 - [TEST_STEP][PASSED] - Input Date of Birth "20-02-1990": Input Date of Birth "20-02-1990"

2020-10-30 11:22:12 - [MESSAGE][PASSED] - Text '20-02-1990' is set on object ''

2020-10-30 11:22:15 - [MESSAGE][PASSED] - Delayed 3 second(s)

2020-10-30 11:22:15 - [MESSAGE][PASSED] - Input Date of Birth "20-02-1990"

2020-10-30 11:22:15 - [TEST_STEP][PASSED] - Select Gender "Laki-laki": Select Gender "Laki-laki"

2020-10-30 11:22:15 - [MESSAGE][PASSED] - Object: '' is clicked on

2020-10-30 11:22:15 - [MESSAGE][PASSED] - Select Gender "Laki-laki"

2020-10-30 11:22:15 - [TEST_STEP][PASSED] - Select Purpose is "Penilaian Calon Kemitraan": Select Purpose is "Penilaian Calon Kemitraan"

2020-10-30 11:22:16 - [MESSAGE][PASSED] - All options with value 'Penilaian Calon Kemitraan' are selected in object ''  using regular expression

2020-10-30 11:22:16 - [MESSAGE][PASSED] - Select Purpose is "Penilaian Calon Kemitraan"

2020-10-30 11:22:16 - [TEST_STEP][PASSED] - Input Data "Place of Birth" with value "Jakarta" for Check SLIK: Input Data "Place of Birth" with value "Jakarta" for Check SLIK

2020-10-30 11:22:17 - [MESSAGE][PASSED] - Taking screenshot successfully
[[ATTACHMENT|/Users/chaidir.pratama01/Documents/Docs/Katalon Studio/Screenshot/slik.png]]

2020-10-30 11:22:17 - [MESSAGE][PASSED] - Object '' is visible

2020-10-30 11:22:17 - [MESSAGE][PASSED] - Object: '' is focused

2020-10-30 11:22:18 - [MESSAGE][PASSED] - Text 'Jakarta' is set on object ''

2020-10-30 11:22:18 - [MESSAGE][PASSED] - Input Data "Place of Birth" with value "Jakarta" for Check SLIK

2020-10-30 11:22:18 - [TEST_STEP][PASSED] - Input Data "Mother Maternity Name" with value "Tester Auto" for Check SLIK: Input Data "Mother Maternity Name" with value "Tester Auto" for Check SLIK

2020-10-30 11:22:19 - [MESSAGE][PASSED] - Taking screenshot successfully
[[ATTACHMENT|/Users/chaidir.pratama01/Documents/Docs/Katalon Studio/Screenshot/slik.png]]

2020-10-30 11:22:19 - [MESSAGE][PASSED] - Object '' is visible

2020-10-30 11:22:19 - [MESSAGE][PASSED] - Object: '' is focused

2020-10-30 11:22:20 - [MESSAGE][PASSED] - Text 'Tester Auto' is set on object ''

2020-10-30 11:22:20 - [MESSAGE][PASSED] - Input Data "Mother Maternity Name" with value "Tester Auto" for Check SLIK

2020-10-30 11:22:20 - [TEST_STEP][PASSED] - Input KTP Address "TESTING AUTO JAKARTA": Input KTP Address "TESTING AUTO JAKARTA"

2020-10-30 11:22:21 - [MESSAGE][PASSED] - Text 'TESTING AUTO JAKARTA' is set on object ''

2020-10-30 11:22:21 - [MESSAGE][PASSED] - Input KTP Address "TESTING AUTO JAKARTA"

2020-10-30 11:22:21 - [TEST_STEP][PASSED] - Click button "Upload": Click button "Upload"

2020-10-30 11:22:21 - [MESSAGE][INFO] - >>>>>//Button[contains(text(),'Upload')]

2020-10-30 11:22:25 - [MESSAGE][PASSED] - Object: '' is clicked on

2020-10-30 11:22:25 - [MESSAGE][PASSED] - Click button "Upload"

2020-10-30 11:22:25 - [TEST_STEP][PASSED] - Upload file "new_captcha1500.png": Upload file "new_captcha1500.png"

2020-10-30 11:22:25 - [MESSAGE][PASSED] - Switched to window with index: '0'

2020-10-30 11:22:39 - [MESSAGE][PASSED] - Upload file "new_captcha1500.png"

2020-10-30 11:22:39 - [TEST_STEP][PASSED] - Click button "Check SLIK": Click button "Check SLIK"

2020-10-30 11:22:39 - [MESSAGE][INFO] - >>>>>//Button[contains(text(),'Check SLIK')]

2020-10-30 11:22:43 - [MESSAGE][PASSED] - Object: '' is clicked on

2020-10-30 11:22:43 - [MESSAGE][PASSED] - Click button "Check SLIK"

2020-10-30 11:22:43 - [TEST_STEP][PASSED] - Get text from pop up "Confirmation Submit Request" with text "Are you sure to submit this data ?": Get text from pop up "Confirmation Submit Request" with text "Are you sure to submit this data ?"

2020-10-30 11:22:44 - [MESSAGE][PASSED] - Taking screenshot successfully
[[ATTACHMENT|/Users/chaidir.pratama01/Documents/Docs/Katalon Studio/Screenshot/errorpopup.png]]

2020-10-30 11:22:44 - [MESSAGE][PASSED] - Object '' is present

2020-10-30 11:22:44 - [MESSAGE][PASSED] - Wait for page load successfully

2020-10-30 11:22:44 - [MESSAGE][PASSED] - Wait for page load successfully

2020-10-30 11:22:44 - [MESSAGE][PASSED] - Get text from pop up "Confirmation Submit Request" with text "Are you sure to submit this data ?"

2020-10-30 11:22:44 - [TEST_STEP][PASSED] - Click button "Yes": Click button "Yes"

2020-10-30 11:22:44 - [MESSAGE][INFO] - >>>>>//Button[contains(text(),'Yes')]

2020-10-30 11:22:48 - [MESSAGE][PASSED] - Object: '' is clicked on

2020-10-30 11:22:48 - [MESSAGE][PASSED] - Click button "Yes"

2020-10-30 11:22:48 - [TEST_STEP][PASSED] - Verify KTP Number Request Success: Verify KTP Number Request Success

2020-10-30 11:23:08 - [MESSAGE][PASSED] - Object '' is present

2020-10-30 11:23:08 - [MESSAGE][PASSED] - Verify KTP Number Request Success

2020-10-30 11:23:08 - [TEST_STEP][PASSED] - Click button "OK": Click button "OK"

2020-10-30 11:23:08 - [MESSAGE][INFO] - >>>>>//Button[contains(text(),'OK')]

2020-10-30 11:23:11 - [MESSAGE][PASSED] - Object: '' is clicked on

2020-10-30 11:23:11 - [MESSAGE][PASSED] - Click button "OK"

2020-10-30 11:23:11 - [TEST_STEP][PASSED] - Click button "Logout": Click button "Logout"

2020-10-30 11:23:11 - [MESSAGE][INFO] - >>>>>//Button[contains(text(),'Logout')]

2020-10-30 11:23:16 - [MESSAGE][PASSED] - Object: '' is clicked on

2020-10-30 11:23:16 - [MESSAGE][PASSED] - Click button "Logout"

2020-10-30 11:23:16 - [TEST_STEP][PASSED] - Close browser: Close browser

2020-10-30 11:23:16 - [MESSAGE][PASSED] - Browser is closed

2020-10-30 11:23:16 - [MESSAGE][PASSED] - Close browser

2020-10-30 11:23:16 - [MESSAGE][PASSED] - Feature file: 'Include/features/IST_Real/SLIK/SLIK Gateway Non Customer/SLIK Gateway Non Customer Checking.feature' was passed]]></system-out>
         <system-err><![CDATA[]]></system-err>
      </testcase>
      <testcase name="Test Cases/IST_Real/SLIK/SLIK_Gateway_Approval_Non_Customer/Reject KTP Number" time="31.998" classname="Test Cases/IST_Real/SLIK/SLIK_Gateway_Approval_Non_Customer/Reject KTP Number" status="PASSED">
         <system-out><![CDATA[2020-10-30 11:23:16 - [TEST_CASE][PASSED] - Test Cases/IST_Real/SLIK/SLIK_Gateway_Approval_Non_Customer/Reject KTP Number: Test Cases/IST_Real/SLIK/SLIK_Gateway_Approval_Non_Customer/Reject KTP Number

2020-10-30 11:23:16 - [TEST_STEP][PASSED] - runFeatureFile("Include/features/IST_Real/SLIK/SLIK Gateway Approval Non Customer/Reject_KTP_Number.feature"): Feature file: 'Include/features/IST_Real/SLIK/SLIK Gateway Approval Non Customer/Reject_KTP_Number.feature' was passed

2020-10-30 11:23:16 - [MESSAGE][INFO] - Starting run keyword runFeatureFile: 'Include/features/IST_Real/SLIK/SLIK Gateway Approval Non Customer/Reject_KTP_Number.feature' and extract report to folder: '/Users/chaidir.pratama01/Katalon Studio/IST_Automation_Git/Reports/20201030_111805/SLIK/TS_SLIK_Gateway_Non_Customer/20201030_111805/cucumber_report/1604031796354'...

2020-10-30 11:23:16 - [TEST_CASE][PASSED] - Start Test Case : SCENARIO Reject KTP Number by Checker: SCENARIO Reject KTP Number by Checker

2020-10-30 11:23:16 - [TEST_STEP][PASSED] - Go to ISTools: Go to ISTools

2020-10-30 11:23:16 - [MESSAGE][INFO] - Starting 'Chrome' driver

2020-10-30 11:23:16 - [MESSAGE][INFO] - User set preference: ['AcceptInsecureCerts', 'true']

2020-10-30 11:23:16 - [MESSAGE][INFO] - User set preference: ['args', '[ignore-certificate-errors]']

2020-10-30 11:23:16 - [MESSAGE][INFO] - Action delay is set to 0 milliseconds

2020-10-30 11:23:17 - [MESSAGE][PASSED] - Browser is opened with url: ''

2020-10-30 11:23:20 - [MESSAGE][PASSED] - Navigate to 'https://id-ist01preprod.id.nonprod/ist/' successfully

2020-10-30 11:23:20 - [MESSAGE][PASSED] - Go to ISTools

2020-10-30 11:23:20 - [TEST_STEP][PASSED] - Login IST with valid credentials: Login IST with valid credentials

2020-10-30 11:23:21 - [MESSAGE][PASSED] - Text 'mobile.test' is set on object 'Object Repository/Page_/input_Username_j_username'

2020-10-30 11:23:21 - [MESSAGE][PASSED] - Text ****** has been set on object 'Object Repository/Page_/input_Password_j_password'

2020-10-30 11:23:22 - [MESSAGE][PASSED] - Object: 'Object Repository/Page_/button_Login' is clicked on

2020-10-30 11:23:22 - [MESSAGE][PASSED] - Login IST with valid credentials

2020-10-30 11:23:22 - [TEST_STEP][PASSED] - Login Success for contract dispatcher: Login Success for contract dispatcher

2020-10-30 11:23:22 - [MESSAGE][INFO] - Login Success

2020-10-30 11:23:23 - [MESSAGE][PASSED] - Current window maximized

2020-10-30 11:23:23 - [MESSAGE][PASSED] - Object 'Object Repository/Page_/h1_Welcome to IT Supporting Tools' is present

2020-10-30 11:23:23 - [MESSAGE][PASSED] - Login Success for contract dispatcher

2020-10-30 11:23:23 - [TEST_STEP][PASSED] - Select Menu "SLIK Gateway Approval Non Customer": Select Menu "SLIK Gateway Approval Non Customer"

2020-10-30 11:23:24 - [MESSAGE][PASSED] - Taking screenshot successfully
[[ATTACHMENT|/Users/chaidir.pratama01/Documents/Docs/Katalon Studio/Screenshot/test-SLIK Gateway Approval Non Customer.png]]

2020-10-30 11:23:24 - [MESSAGE][PASSED] - Object '' is present

2020-10-30 11:23:24 - [MESSAGE][PASSED] - Object: '' is clicked on

2020-10-30 11:23:24 - [MESSAGE][PASSED] - Wait for page load successfully

2020-10-30 11:23:24 - [MESSAGE][PASSED] - Select Menu "SLIK Gateway Approval Non Customer"

2020-10-30 11:23:24 - [TEST_STEP][PASSED] - Verify Table Result Exist: Verify Table Result Exist

2020-10-30 11:23:31 - [MESSAGE][PASSED] - Object '' is present

2020-10-30 11:23:31 - [MESSAGE][PASSED] - Verify Table Result Exist

2020-10-30 11:23:31 - [TEST_STEP][PASSED] - Get Data From Table: Get Data From Table

2020-10-30 11:23:32 - [MESSAGE][PASSED] - Object '' is present

2020-10-30 11:23:32 - [MESSAGE][PASSED] - Text of object '' is: '1'

2020-10-30 11:23:33 - [MESSAGE][PASSED] - Text of object '' is: '8888888888888888'

2020-10-30 11:23:33 - [MESSAGE][PASSED] - Text of object '' is: 'OPEX TestingAuto'

2020-10-30 11:23:34 - [MESSAGE][PASSED] - Text of object '' is: 'View Document'

2020-10-30 11:23:34 - [MESSAGE][PASSED] - Text of object '' is: ''

2020-10-30 11:23:34 - [MESSAGE][PASSED] - Get Data From Table

2020-10-30 11:23:34 - [TEST_STEP][PASSED] - Click Checkbox Validate: Click Checkbox Validate

2020-10-30 11:23:34 - [MESSAGE][PASSED] - Text of object '' is: '8888888888888888'

2020-10-30 11:23:35 - [MESSAGE][PASSED] - Object: '' is clicked on

2020-10-30 11:23:35 - [MESSAGE][PASSED] - Click Checkbox Validate

2020-10-30 11:23:35 - [TEST_STEP][PASSED] - Click button "Reject": Click button "Reject"

2020-10-30 11:23:35 - [MESSAGE][INFO] - >>>>>//Button[contains(text(),'Reject')]

2020-10-30 11:23:38 - [MESSAGE][PASSED] - Object: '' is clicked on

2020-10-30 11:23:38 - [MESSAGE][PASSED] - Click button "Reject"

2020-10-30 11:23:38 - [TEST_STEP][PASSED] - Get text from pop up "Confirmation Submit Request" with text "Are you sure to Reject this data ?": Get text from pop up "Confirmation Submit Request" with text "Are you sure to Reject this data ?"

2020-10-30 11:23:39 - [MESSAGE][PASSED] - Taking screenshot successfully
[[ATTACHMENT|/Users/chaidir.pratama01/Documents/Docs/Katalon Studio/Screenshot/errorpopup.png]]

2020-10-30 11:23:39 - [MESSAGE][PASSED] - Object '' is present

2020-10-30 11:23:39 - [MESSAGE][PASSED] - Wait for page load successfully

2020-10-30 11:23:39 - [MESSAGE][PASSED] - Wait for page load successfully

2020-10-30 11:23:39 - [MESSAGE][PASSED] - Get text from pop up "Confirmation Submit Request" with text "Are you sure to Reject this data ?"

2020-10-30 11:23:39 - [TEST_STEP][PASSED] - Click button "Yes": Click button "Yes"

2020-10-30 11:23:39 - [MESSAGE][INFO] - >>>>>//Button[contains(text(),'Yes')]

2020-10-30 11:23:43 - [MESSAGE][PASSED] - Object: '' is clicked on

2020-10-30 11:23:43 - [MESSAGE][PASSED] - Click button "Yes"

2020-10-30 11:23:43 - [TEST_STEP][PASSED] - Get text from pop up "IT Supporting Tools" with text "1 data successfully rejected": Get text from pop up "IT Supporting Tools" with text "1 data successfully rejected"

2020-10-30 11:23:44 - [MESSAGE][PASSED] - Taking screenshot successfully
[[ATTACHMENT|/Users/chaidir.pratama01/Documents/Docs/Katalon Studio/Screenshot/errorpopup.png]]

2020-10-30 11:23:44 - [MESSAGE][PASSED] - Object '' is present

2020-10-30 11:23:44 - [MESSAGE][PASSED] - Wait for page load successfully

2020-10-30 11:23:44 - [MESSAGE][PASSED] - Wait for page load successfully

2020-10-30 11:23:44 - [MESSAGE][PASSED] - Get text from pop up "IT Supporting Tools" with text "1 data successfully rejected"

2020-10-30 11:23:44 - [TEST_STEP][PASSED] - Click button "OK": Click button "OK"

2020-10-30 11:23:44 - [MESSAGE][INFO] - >>>>>//Button[contains(text(),'OK')]

2020-10-30 11:23:48 - [MESSAGE][PASSED] - Object: '' is clicked on

2020-10-30 11:23:48 - [MESSAGE][PASSED] - Click button "OK"

2020-10-30 11:23:48 - [TEST_STEP][PASSED] - Close browser: Close browser

2020-10-30 11:23:48 - [MESSAGE][PASSED] - Browser is closed

2020-10-30 11:23:48 - [MESSAGE][PASSED] - Close browser

2020-10-30 11:23:48 - [MESSAGE][PASSED] - Feature file: 'Include/features/IST_Real/SLIK/SLIK Gateway Approval Non Customer/Reject_KTP_Number.feature' was passed]]></system-out>
         <system-err><![CDATA[]]></system-err>
      </testcase>
      <testcase name="Test Cases/IST_Real/SLIK/SLIK_Gateway_Non_Customer/SLIK Gateway Non Customer Search By Status NOT_APPROVED" time="16.898" classname="Test Cases/IST_Real/SLIK/SLIK_Gateway_Non_Customer/SLIK Gateway Non Customer Search By Status NOT_APPROVED" status="PASSED">
         <system-out><![CDATA[2020-10-30 11:23:48 - [TEST_CASE][PASSED] - Test Cases/IST_Real/SLIK/SLIK_Gateway_Non_Customer/SLIK Gateway Non Customer Search By Status NOT_APPROVED: Test Cases/IST_Real/SLIK/SLIK_Gateway_Non_Customer/SLIK Gateway Non Customer Search By Status NOT_APPROVED

2020-10-30 11:23:48 - [TEST_STEP][PASSED] - runFeatureFile("Include/features/IST_Real/SLIK/SLIK Gateway Non Customer/SLIK_Gateway_Non_Customer_Search_By_Status_NOT_APPROVED.feature"): Feature file: 'Include/features/IST_Real/SLIK/SLIK Gateway Non Customer/SLIK_Gateway_Non_Customer_Search_By_Status_NOT_APPROVED.feature' was passed

2020-10-30 11:23:48 - [MESSAGE][INFO] - Starting run keyword runFeatureFile: 'Include/features/IST_Real/SLIK/SLIK Gateway Non Customer/SLIK_Gateway_Non_Customer_Search_By_Status_NOT_APPROVED.feature' and extract report to folder: '/Users/chaidir.pratama01/Katalon Studio/IST_Automation_Git/Reports/20201030_111805/SLIK/TS_SLIK_Gateway_Non_Customer/20201030_111805/cucumber_report/1604031828352'...

2020-10-30 11:23:48 - [TEST_CASE][PASSED] - Start Test Case : SCENARIO Search Result by Status: SCENARIO Search Result by Status

2020-10-30 11:23:48 - [TEST_STEP][PASSED] - Go to ISTools: Go to ISTools

2020-10-30 11:23:48 - [MESSAGE][INFO] - Starting 'Chrome' driver

2020-10-30 11:23:48 - [MESSAGE][INFO] - User set preference: ['AcceptInsecureCerts', 'true']

2020-10-30 11:23:48 - [MESSAGE][INFO] - User set preference: ['args', '[ignore-certificate-errors]']

2020-10-30 11:23:48 - [MESSAGE][INFO] - Action delay is set to 0 milliseconds

2020-10-30 11:23:49 - [MESSAGE][PASSED] - Browser is opened with url: ''

2020-10-30 11:23:51 - [MESSAGE][PASSED] - Navigate to 'https://id-ist01preprod.id.nonprod/ist/' successfully

2020-10-30 11:23:51 - [MESSAGE][PASSED] - Go to ISTools

2020-10-30 11:23:51 - [TEST_STEP][PASSED] - Login IST with valid credentials: Login IST with valid credentials

2020-10-30 11:23:52 - [MESSAGE][PASSED] - Text 'mobile.test' is set on object 'Object Repository/Page_/input_Username_j_username'

2020-10-30 11:23:53 - [MESSAGE][PASSED] - Text ****** has been set on object 'Object Repository/Page_/input_Password_j_password'

2020-10-30 11:23:54 - [MESSAGE][PASSED] - Object: 'Object Repository/Page_/button_Login' is clicked on

2020-10-30 11:23:54 - [MESSAGE][PASSED] - Login IST with valid credentials

2020-10-30 11:23:54 - [TEST_STEP][PASSED] - Login Success for contract dispatcher: Login Success for contract dispatcher

2020-10-30 11:23:54 - [MESSAGE][INFO] - Login Success

2020-10-30 11:23:54 - [MESSAGE][PASSED] - Current window maximized

2020-10-30 11:23:54 - [MESSAGE][PASSED] - Object 'Object Repository/Page_/h1_Welcome to IT Supporting Tools' is present

2020-10-30 11:23:54 - [MESSAGE][PASSED] - Login Success for contract dispatcher

2020-10-30 11:23:54 - [TEST_STEP][PASSED] - Select Menu SLIK Gateway NonCustomer: Select Menu SLIK Gateway NonCustomer

2020-10-30 11:23:54 - [MESSAGE][PASSED] - Object '' is present

2020-10-30 11:23:55 - [MESSAGE][PASSED] - Object: '' is clicked on

2020-10-30 11:23:55 - [MESSAGE][PASSED] - Wait for page load successfully

2020-10-30 11:23:55 - [MESSAGE][PASSED] - Select Menu SLIK Gateway NonCustomer

2020-10-30 11:23:55 - [TEST_STEP][PASSED] - Select Status is "NOT_APPROVED": Select Status is "NOT_APPROVED"

2020-10-30 11:23:56 - [MESSAGE][PASSED] - All options with value 'NOT_APPROVED' are selected in object ''  using regular expression

2020-10-30 11:23:56 - [MESSAGE][PASSED] - Select Status is "NOT_APPROVED"

2020-10-30 11:23:56 - [TEST_STEP][PASSED] - Click button "Search": Click button "Search"

2020-10-30 11:23:56 - [MESSAGE][INFO] - >>>>>//Button[contains(text(),'Search')]

2020-10-30 11:23:59 - [MESSAGE][PASSED] - Object: '' is clicked on

2020-10-30 11:23:59 - [MESSAGE][PASSED] - Click button "Search"

2020-10-30 11:23:59 - [TEST_STEP][PASSED] - Verify Search Result Based on Result Status: Verify Search Result Based on Result Status

2020-10-30 11:24:00 - [MESSAGE][PASSED] - Scroll to object '' successfully

2020-10-30 11:24:00 - [MESSAGE][PASSED] - Actual text and expected text of test object '' are matched.

2020-10-30 11:24:01 - [MESSAGE][PASSED] - Text of object '' is: 'NOT_APPROVED -'

2020-10-30 11:24:01 - [MESSAGE][PASSED] - Text of object '' is: '8888888888888888'

2020-10-30 11:24:01 - [MESSAGE][PASSED] - Verify Search Result Based on Result Status

2020-10-30 11:24:01 - [TEST_STEP][PASSED] - Click button "Logout": Click button "Logout"

2020-10-30 11:24:01 - [MESSAGE][INFO] - >>>>>//Button[contains(text(),'Logout')]

2020-10-30 11:24:05 - [MESSAGE][PASSED] - Object: '' is clicked on

2020-10-30 11:24:05 - [MESSAGE][PASSED] - Click button "Logout"

2020-10-30 11:24:05 - [TEST_STEP][PASSED] - Close browser: Close browser

2020-10-30 11:24:05 - [MESSAGE][PASSED] - Browser is closed

2020-10-30 11:24:05 - [MESSAGE][PASSED] - Close browser

2020-10-30 11:24:05 - [MESSAGE][PASSED] - Feature file: 'Include/features/IST_Real/SLIK/SLIK Gateway Non Customer/SLIK_Gateway_Non_Customer_Search_By_Status_NOT_APPROVED.feature' was passed]]></system-out>
         <system-err><![CDATA[]]></system-err>
      </testcase>
      <testcase name="Test Cases/IST_Real/SLIK/SLIK_Gateway_Non_Customer/SLIK Gateway Non Customer View Detail when Status NOT_APPROVED" time="29.857" classname="Test Cases/IST_Real/SLIK/SLIK_Gateway_Non_Customer/SLIK Gateway Non Customer View Detail when Status NOT_APPROVED" status="PASSED">
         <system-out><![CDATA[2020-10-30 11:24:05 - [TEST_CASE][PASSED] - Test Cases/IST_Real/SLIK/SLIK_Gateway_Non_Customer/SLIK Gateway Non Customer View Detail when Status NOT_APPROVED: Test Cases/IST_Real/SLIK/SLIK_Gateway_Non_Customer/SLIK Gateway Non Customer View Detail when Status NOT_APPROVED

2020-10-30 11:24:05 - [TEST_STEP][PASSED] - runFeatureFile("Include/features/IST_Real/SLIK/SLIK Gateway Non Customer/SLIK_Gateway_Non_Customer_View_Detail_when_Status_NOT_APPROVED.feature"): Feature file: 'Include/features/IST_Real/SLIK/SLIK Gateway Non Customer/SLIK_Gateway_Non_Customer_View_Detail_when_Status_NOT_APPROVED.feature' was passed

2020-10-30 11:24:05 - [MESSAGE][INFO] - Starting run keyword runFeatureFile: 'Include/features/IST_Real/SLIK/SLIK Gateway Non Customer/SLIK_Gateway_Non_Customer_View_Detail_when_Status_NOT_APPROVED.feature' and extract report to folder: '/Users/chaidir.pratama01/Katalon Studio/IST_Automation_Git/Reports/20201030_111805/SLIK/TS_SLIK_Gateway_Non_Customer/20201030_111805/cucumber_report/1604031845253'...

2020-10-30 11:24:05 - [TEST_CASE][PASSED] - Start Test Case : SCENARIO SLIK Gateway Non Customer View Detail Link: SCENARIO SLIK Gateway Non Customer View Detail Link

2020-10-30 11:24:05 - [TEST_STEP][PASSED] - Go to ISTools: Go to ISTools

2020-10-30 11:24:05 - [MESSAGE][INFO] - Starting 'Chrome' driver

2020-10-30 11:24:05 - [MESSAGE][INFO] - User set preference: ['AcceptInsecureCerts', 'true']

2020-10-30 11:24:05 - [MESSAGE][INFO] - User set preference: ['args', '[ignore-certificate-errors]']

2020-10-30 11:24:05 - [MESSAGE][INFO] - Action delay is set to 0 milliseconds

2020-10-30 11:24:06 - [MESSAGE][PASSED] - Browser is opened with url: ''

2020-10-30 11:24:10 - [MESSAGE][PASSED] - Navigate to 'https://id-ist01preprod.id.nonprod/ist/' successfully

2020-10-30 11:24:10 - [MESSAGE][PASSED] - Go to ISTools

2020-10-30 11:24:10 - [TEST_STEP][PASSED] - Login IST with valid credentials: Login IST with valid credentials

2020-10-30 11:24:11 - [MESSAGE][PASSED] - Text 'mobile.test' is set on object 'Object Repository/Page_/input_Username_j_username'

2020-10-30 11:24:11 - [MESSAGE][PASSED] - Text ****** has been set on object 'Object Repository/Page_/input_Password_j_password'

2020-10-30 11:24:14 - [MESSAGE][PASSED] - Object: 'Object Repository/Page_/button_Login' is clicked on

2020-10-30 11:24:14 - [MESSAGE][PASSED] - Login IST with valid credentials

2020-10-30 11:24:14 - [TEST_STEP][PASSED] - Login Success for contract dispatcher: Login Success for contract dispatcher

2020-10-30 11:24:14 - [MESSAGE][INFO] - Login Success

2020-10-30 11:24:14 - [MESSAGE][PASSED] - Current window maximized

2020-10-30 11:24:15 - [MESSAGE][PASSED] - Object 'Object Repository/Page_/h1_Welcome to IT Supporting Tools' is present

2020-10-30 11:24:15 - [MESSAGE][PASSED] - Login Success for contract dispatcher

2020-10-30 11:24:15 - [TEST_STEP][PASSED] - Select Menu SLIK Gateway NonCustomer: Select Menu SLIK Gateway NonCustomer

2020-10-30 11:24:15 - [MESSAGE][PASSED] - Object '' is present

2020-10-30 11:24:16 - [MESSAGE][PASSED] - Object: '' is clicked on

2020-10-30 11:24:16 - [MESSAGE][PASSED] - Wait for page load successfully

2020-10-30 11:24:16 - [MESSAGE][PASSED] - Select Menu SLIK Gateway NonCustomer

2020-10-30 11:24:16 - [TEST_STEP][PASSED] - Select Status is "NOT_APPROVED": Select Status is "NOT_APPROVED"

2020-10-30 11:24:24 - [MESSAGE][PASSED] - All options with value 'NOT_APPROVED' are selected in object ''  using regular expression

2020-10-30 11:24:24 - [MESSAGE][PASSED] - Select Status is "NOT_APPROVED"

2020-10-30 11:24:24 - [TEST_STEP][PASSED] - Click button "Search": Click button "Search"

2020-10-30 11:24:24 - [MESSAGE][INFO] - >>>>>//Button[contains(text(),'Search')]

2020-10-30 11:24:27 - [MESSAGE][PASSED] - Object: '' is clicked on

2020-10-30 11:24:27 - [MESSAGE][PASSED] - Click button "Search"

2020-10-30 11:24:27 - [TEST_STEP][PASSED] - Verify Search Result Based on Result Status: Verify Search Result Based on Result Status

2020-10-30 11:24:28 - [MESSAGE][PASSED] - Scroll to object '' successfully

2020-10-30 11:24:28 - [MESSAGE][PASSED] - Actual text and expected text of test object '' are matched.

2020-10-30 11:24:29 - [MESSAGE][PASSED] - Text of object '' is: 'NOT_APPROVED -'

2020-10-30 11:24:29 - [MESSAGE][PASSED] - Text of object '' is: '8888888888888888'

2020-10-30 11:24:29 - [MESSAGE][PASSED] - Verify Search Result Based on Result Status

2020-10-30 11:24:29 - [TEST_STEP][PASSED] - Click View Detail Link: Click View Detail Link

2020-10-30 11:24:29 - [MESSAGE][PASSED] - Web element with id: '' located by 'By.xpath: //span[text()='Search Result']/../../../following-sibling::div[@class='z-groupbox-content']/div[@class='z-grid']/div[@class='z-grid-body']/table/tbody/tr/td[7]/div/div/span' is not present after '3' second(s)

2020-10-30 11:24:29 - [MESSAGE][PASSED] - Click View Detail Link

2020-10-30 11:24:29 - [TEST_STEP][PASSED] - Take Screenshot "View_detail_NonCutomer.png": Take Screenshot "View_detail_NonCutomer.png"

2020-10-30 11:24:30 - [MESSAGE][PASSED] - Taking screenshot successfully
[[ATTACHMENT|/Users/chaidir.pratama01/Katalon Studio/IST_Automation_Git/img/View_detail_NonCutomer.png]]

2020-10-30 11:24:30 - [MESSAGE][PASSED] - Take Screenshot "View_detail_NonCutomer.png"

2020-10-30 11:24:30 - [TEST_STEP][PASSED] - Verify Slik Result Detail Link: Verify Slik Result Detail Link

2020-10-30 11:24:30 - [MESSAGE][PASSED] - Verify Slik Result Detail Link

2020-10-30 11:24:30 - [TEST_STEP][PASSED] - Click button "Logout": Click button "Logout"

2020-10-30 11:24:30 - [MESSAGE][INFO] - >>>>>//Button[contains(text(),'Logout')]

2020-10-30 11:24:34 - [MESSAGE][PASSED] - Object: '' is clicked on

2020-10-30 11:24:34 - [MESSAGE][PASSED] - Click button "Logout"

2020-10-30 11:24:34 - [TEST_STEP][PASSED] - Close browser: Close browser

2020-10-30 11:24:35 - [MESSAGE][PASSED] - Browser is closed

2020-10-30 11:24:35 - [MESSAGE][PASSED] - Close browser

2020-10-30 11:24:35 - [MESSAGE][PASSED] - Feature file: 'Include/features/IST_Real/SLIK/SLIK Gateway Non Customer/SLIK_Gateway_Non_Customer_View_Detail_when_Status_NOT_APPROVED.feature' was passed]]></system-out>
         <system-err><![CDATA[]]></system-err>
      </testcase>
      <testcase name="Test Cases/IST_Real/SLIK/SLIK_Gateway_Non_Customer/SLIK Gateway Non Customer Search By DateStart DateEnd" time="47.063" classname="Test Cases/IST_Real/SLIK/SLIK_Gateway_Non_Customer/SLIK Gateway Non Customer Search By DateStart DateEnd" status="PASSED">
         <system-out><![CDATA[2020-10-30 11:24:35 - [TEST_CASE][PASSED] - Test Cases/IST_Real/SLIK/SLIK_Gateway_Non_Customer/SLIK Gateway Non Customer Search By DateStart DateEnd: Test Cases/IST_Real/SLIK/SLIK_Gateway_Non_Customer/SLIK Gateway Non Customer Search By DateStart DateEnd

2020-10-30 11:24:35 - [TEST_STEP][PASSED] - runFeatureFile("Include/features/IST_Real/SLIK/SLIK Gateway Non Customer/SLIK_Gateway_Non_Customer_Search_By_DateStart_DateEnd.feature"): Feature file: 'Include/features/IST_Real/SLIK/SLIK Gateway Non Customer/SLIK_Gateway_Non_Customer_Search_By_DateStart_DateEnd.feature' was passed

2020-10-30 11:24:35 - [MESSAGE][INFO] - Starting run keyword runFeatureFile: 'Include/features/IST_Real/SLIK/SLIK Gateway Non Customer/SLIK_Gateway_Non_Customer_Search_By_DateStart_DateEnd.feature' and extract report to folder: '/Users/chaidir.pratama01/Katalon Studio/IST_Automation_Git/Reports/20201030_111805/SLIK/TS_SLIK_Gateway_Non_Customer/20201030_111805/cucumber_report/1604031875116'...

2020-10-30 11:24:35 - [TEST_CASE][PASSED] - Start Test Case : SCENARIO Search Result by Date Start and Date End: SCENARIO Search Result by Date Start and Date End

2020-10-30 11:24:35 - [TEST_STEP][PASSED] - Go to ISTools: Go to ISTools

2020-10-30 11:24:35 - [MESSAGE][INFO] - Starting 'Chrome' driver

2020-10-30 11:24:35 - [MESSAGE][INFO] - User set preference: ['AcceptInsecureCerts', 'true']

2020-10-30 11:24:35 - [MESSAGE][INFO] - User set preference: ['args', '[ignore-certificate-errors]']

2020-10-30 11:24:35 - [MESSAGE][INFO] - Action delay is set to 0 milliseconds

2020-10-30 11:24:36 - [MESSAGE][PASSED] - Browser is opened with url: ''

2020-10-30 11:24:53 - [MESSAGE][PASSED] - Navigate to 'https://id-ist01preprod.id.nonprod/ist/' successfully

2020-10-30 11:24:53 - [MESSAGE][PASSED] - Go to ISTools

2020-10-30 11:24:53 - [TEST_STEP][PASSED] - Login IST with valid credentials: Login IST with valid credentials

2020-10-30 11:24:54 - [MESSAGE][PASSED] - Text 'mobile.test' is set on object 'Object Repository/Page_/input_Username_j_username'

2020-10-30 11:24:54 - [MESSAGE][PASSED] - Text ****** has been set on object 'Object Repository/Page_/input_Password_j_password'

2020-10-30 11:25:09 - [MESSAGE][PASSED] - Object: 'Object Repository/Page_/button_Login' is clicked on

2020-10-30 11:25:09 - [MESSAGE][PASSED] - Login IST with valid credentials

2020-10-30 11:25:09 - [TEST_STEP][PASSED] - Login Success for contract dispatcher: Login Success for contract dispatcher

2020-10-30 11:25:09 - [MESSAGE][INFO] - Login Success

2020-10-30 11:25:09 - [MESSAGE][PASSED] - Current window maximized

2020-10-30 11:25:10 - [MESSAGE][PASSED] - Object 'Object Repository/Page_/h1_Welcome to IT Supporting Tools' is present

2020-10-30 11:25:10 - [MESSAGE][PASSED] - Login Success for contract dispatcher

2020-10-30 11:25:10 - [TEST_STEP][PASSED] - Select Menu SLIK Gateway NonCustomer: Select Menu SLIK Gateway NonCustomer

2020-10-30 11:25:10 - [MESSAGE][PASSED] - Object '' is present

2020-10-30 11:25:10 - [MESSAGE][PASSED] - Object: '' is clicked on

2020-10-30 11:25:10 - [MESSAGE][PASSED] - Wait for page load successfully

2020-10-30 11:25:10 - [MESSAGE][PASSED] - Select Menu SLIK Gateway NonCustomer

2020-10-30 11:25:10 - [TEST_STEP][PASSED] - Set Start Date with value "01-10-2020" and End Date with value "30-12-2020": Set Start Date with value "01-10-2020" and End Date with value "30-12-2020"

2020-10-30 11:25:11 - [MESSAGE][PASSED] - Scroll to object '' successfully

2020-10-30 11:25:11 - [MESSAGE][PASSED] - Object '' is present

2020-10-30 11:25:12 - [MESSAGE][PASSED] - Text '01-10-2020' is set on object ''

2020-10-30 11:25:12 - [MESSAGE][PASSED] - Object '' is present

2020-10-30 11:25:13 - [MESSAGE][PASSED] - Text '30-12-2020' is set on object ''

2020-10-30 11:25:13 - [MESSAGE][PASSED] - Set Start Date with value "01-10-2020" and End Date with value "30-12-2020"

2020-10-30 11:25:13 - [TEST_STEP][PASSED] - Click button "Search": Click button "Search"

2020-10-30 11:25:13 - [MESSAGE][INFO] - >>>>>//Button[contains(text(),'Search')]

2020-10-30 11:25:17 - [MESSAGE][PASSED] - Object: '' is clicked on

2020-10-30 11:25:17 - [MESSAGE][PASSED] - Click button "Search"

2020-10-30 11:25:17 - [TEST_STEP][PASSED] - Verify Search Result Based on Result Status: Verify Search Result Based on Result Status

2020-10-30 11:25:17 - [MESSAGE][PASSED] - Scroll to object '' successfully

2020-10-30 11:25:18 - [MESSAGE][PASSED] - Text of object '' is: 'NOT_APPROVED -'

2020-10-30 11:25:18 - [MESSAGE][PASSED] - Text of object '' is: '8888888888888888'

2020-10-30 11:25:18 - [MESSAGE][PASSED] - Verify Search Result Based on Result Status

2020-10-30 11:25:18 - [TEST_STEP][PASSED] - Click button "Logout": Click button "Logout"

2020-10-30 11:25:18 - [MESSAGE][INFO] - >>>>>//Button[contains(text(),'Logout')]

2020-10-30 11:25:21 - [MESSAGE][PASSED] - Object: '' is clicked on

2020-10-30 11:25:21 - [MESSAGE][PASSED] - Click button "Logout"

2020-10-30 11:25:21 - [TEST_STEP][PASSED] - Close browser: Close browser

2020-10-30 11:25:22 - [MESSAGE][PASSED] - Browser is closed

2020-10-30 11:25:22 - [MESSAGE][PASSED] - Close browser

2020-10-30 11:25:22 - [MESSAGE][PASSED] - Feature file: 'Include/features/IST_Real/SLIK/SLIK Gateway Non Customer/SLIK_Gateway_Non_Customer_Search_By_DateStart_DateEnd.feature' was passed]]></system-out>
         <system-err><![CDATA[]]></system-err>
      </testcase>
      <testcase name="Test Cases/IST_Real/SLIK/SLIK_Gateway_Non_Customer/SLIK Gateway Non Customer Search By DateStart ONLY" time="27.352" classname="Test Cases/IST_Real/SLIK/SLIK_Gateway_Non_Customer/SLIK Gateway Non Customer Search By DateStart ONLY" status="PASSED">
         <system-out><![CDATA[2020-10-30 11:25:22 - [TEST_CASE][PASSED] - Test Cases/IST_Real/SLIK/SLIK_Gateway_Non_Customer/SLIK Gateway Non Customer Search By DateStart ONLY: Test Cases/IST_Real/SLIK/SLIK_Gateway_Non_Customer/SLIK Gateway Non Customer Search By DateStart ONLY

2020-10-30 11:25:22 - [TEST_STEP][PASSED] - runFeatureFile("Include/features/IST_Real/SLIK/SLIK Gateway Non Customer/SLIK_Gateway_Non_Customer_Search_By_DateStart_ONLY.feature"): Feature file: 'Include/features/IST_Real/SLIK/SLIK Gateway Non Customer/SLIK_Gateway_Non_Customer_Search_By_DateStart_ONLY.feature' was passed

2020-10-30 11:25:22 - [MESSAGE][INFO] - Starting run keyword runFeatureFile: 'Include/features/IST_Real/SLIK/SLIK Gateway Non Customer/SLIK_Gateway_Non_Customer_Search_By_DateStart_ONLY.feature' and extract report to folder: '/Users/chaidir.pratama01/Katalon Studio/IST_Automation_Git/Reports/20201030_111805/SLIK/TS_SLIK_Gateway_Non_Customer/20201030_111805/cucumber_report/1604031922176'...

2020-10-30 11:25:22 - [TEST_CASE][PASSED] - Start Test Case : SCENARIO Search Result by Date Start ONLY: SCENARIO Search Result by Date Start ONLY

2020-10-30 11:25:22 - [TEST_STEP][PASSED] - Go to ISTools: Go to ISTools

2020-10-30 11:25:22 - [MESSAGE][INFO] - Starting 'Chrome' driver

2020-10-30 11:25:22 - [MESSAGE][INFO] - User set preference: ['AcceptInsecureCerts', 'true']

2020-10-30 11:25:22 - [MESSAGE][INFO] - User set preference: ['args', '[ignore-certificate-errors]']

2020-10-30 11:25:22 - [MESSAGE][INFO] - Action delay is set to 0 milliseconds

2020-10-30 11:25:23 - [MESSAGE][PASSED] - Browser is opened with url: ''

2020-10-30 11:25:29 - [MESSAGE][PASSED] - Navigate to 'https://id-ist01preprod.id.nonprod/ist/' successfully

2020-10-30 11:25:29 - [MESSAGE][PASSED] - Go to ISTools

2020-10-30 11:25:29 - [TEST_STEP][PASSED] - Login IST with valid credentials: Login IST with valid credentials

2020-10-30 11:25:31 - [MESSAGE][PASSED] - Text 'mobile.test' is set on object 'Object Repository/Page_/input_Username_j_username'

2020-10-30 11:25:31 - [MESSAGE][PASSED] - Text ****** has been set on object 'Object Repository/Page_/input_Password_j_password'

2020-10-30 11:25:32 - [MESSAGE][PASSED] - Object: 'Object Repository/Page_/button_Login' is clicked on

2020-10-30 11:25:32 - [MESSAGE][PASSED] - Login IST with valid credentials

2020-10-30 11:25:32 - [TEST_STEP][PASSED] - Login Success for contract dispatcher: Login Success for contract dispatcher

2020-10-30 11:25:32 - [MESSAGE][INFO] - Login Success

2020-10-30 11:25:32 - [MESSAGE][PASSED] - Current window maximized

2020-10-30 11:25:33 - [MESSAGE][PASSED] - Object 'Object Repository/Page_/h1_Welcome to IT Supporting Tools' is present

2020-10-30 11:25:33 - [MESSAGE][PASSED] - Login Success for contract dispatcher

2020-10-30 11:25:33 - [TEST_STEP][PASSED] - Select Menu SLIK Gateway NonCustomer: Select Menu SLIK Gateway NonCustomer

2020-10-30 11:25:33 - [MESSAGE][PASSED] - Object '' is present

2020-10-30 11:25:33 - [MESSAGE][PASSED] - Object: '' is clicked on

2020-10-30 11:25:33 - [MESSAGE][PASSED] - Wait for page load successfully

2020-10-30 11:25:33 - [MESSAGE][PASSED] - Select Menu SLIK Gateway NonCustomer

2020-10-30 11:25:33 - [TEST_STEP][PASSED] - Set Start Date with value "01-10-2020" and End Date with value "": Set Start Date with value "01-10-2020" and End Date with value ""

2020-10-30 11:25:35 - [MESSAGE][PASSED] - Scroll to object '' successfully

2020-10-30 11:25:35 - [MESSAGE][PASSED] - Object '' is present

2020-10-30 11:25:36 - [MESSAGE][PASSED] - Text '01-10-2020' is set on object ''

2020-10-30 11:25:36 - [MESSAGE][PASSED] - Object '' is present

2020-10-30 11:25:37 - [MESSAGE][PASSED] - Text '' is set on object ''

2020-10-30 11:25:37 - [MESSAGE][PASSED] - Set Start Date with value "01-10-2020" and End Date with value ""

2020-10-30 11:25:37 - [TEST_STEP][PASSED] - Click button "Search": Click button "Search"

2020-10-30 11:25:37 - [MESSAGE][INFO] - >>>>>//Button[contains(text(),'Search')]

2020-10-30 11:25:40 - [MESSAGE][PASSED] - Object: '' is clicked on

2020-10-30 11:25:40 - [MESSAGE][PASSED] - Click button "Search"

2020-10-30 11:25:40 - [TEST_STEP][PASSED] - Get text from pop up "Error Message" with text "Error : End Date is mandatory !": Get text from pop up "Error Message" with text "Error : End Date is mandatory !"

2020-10-30 11:25:41 - [MESSAGE][PASSED] - Taking screenshot successfully
[[ATTACHMENT|/Users/chaidir.pratama01/Documents/Docs/Katalon Studio/Screenshot/errorpopup.png]]

2020-10-30 11:25:42 - [MESSAGE][PASSED] - Object '' is present

2020-10-30 11:25:42 - [MESSAGE][PASSED] - Wait for page load successfully

2020-10-30 11:25:42 - [MESSAGE][PASSED] - Wait for page load successfully

2020-10-30 11:25:42 - [MESSAGE][PASSED] - Get text from pop up "Error Message" with text "Error : End Date is mandatory !"

2020-10-30 11:25:42 - [TEST_STEP][PASSED] - Click button "OK": Click button "OK"

2020-10-30 11:25:42 - [MESSAGE][INFO] - >>>>>//Button[contains(text(),'OK')]

2020-10-30 11:25:45 - [MESSAGE][PASSED] - Object: '' is clicked on

2020-10-30 11:25:45 - [MESSAGE][PASSED] - Click button "OK"

2020-10-30 11:25:45 - [TEST_STEP][PASSED] - Get Error Notification "Error : End Date is mandatory !": Get Error Notification "Error : End Date is mandatory !"

2020-10-30 11:25:45 - [MESSAGE][PASSED] - Object '' is present

2020-10-30 11:25:45 - [MESSAGE][PASSED] - Get Error Notification "Error : End Date is mandatory !"

2020-10-30 11:25:45 - [TEST_STEP][PASSED] - Click button "Logout": Click button "Logout"

2020-10-30 11:25:45 - [MESSAGE][INFO] - >>>>>//Button[contains(text(),'Logout')]

2020-10-30 11:25:49 - [MESSAGE][PASSED] - Object: '' is clicked on

2020-10-30 11:25:49 - [MESSAGE][PASSED] - Click button "Logout"

2020-10-30 11:25:49 - [TEST_STEP][PASSED] - Close browser: Close browser

2020-10-30 11:25:49 - [MESSAGE][PASSED] - Browser is closed

2020-10-30 11:25:49 - [MESSAGE][PASSED] - Close browser

2020-10-30 11:25:49 - [MESSAGE][PASSED] - Feature file: 'Include/features/IST_Real/SLIK/SLIK Gateway Non Customer/SLIK_Gateway_Non_Customer_Search_By_DateStart_ONLY.feature' was passed]]></system-out>
         <system-err><![CDATA[]]></system-err>
      </testcase>
      <testcase name="Test Cases/IST_Real/SLIK/SLIK_Gateway_Non_Customer/SLIK Gateway Non Customer Search by DateEnd ONLY" time="28.616" classname="Test Cases/IST_Real/SLIK/SLIK_Gateway_Non_Customer/SLIK Gateway Non Customer Search by DateEnd ONLY" status="PASSED">
         <system-out><![CDATA[2020-10-30 11:25:49 - [TEST_CASE][PASSED] - Test Cases/IST_Real/SLIK/SLIK_Gateway_Non_Customer/SLIK Gateway Non Customer Search by DateEnd ONLY: Test Cases/IST_Real/SLIK/SLIK_Gateway_Non_Customer/SLIK Gateway Non Customer Search by DateEnd ONLY

2020-10-30 11:25:49 - [TEST_STEP][PASSED] - runFeatureFile("Include/features/IST_Real/SLIK/SLIK Gateway Non Customer/SLIK_Gateway_Non_Customer_Search_By_DateEnd_ONLY.feature"): Feature file: 'Include/features/IST_Real/SLIK/SLIK Gateway Non Customer/SLIK_Gateway_Non_Customer_Search_By_DateEnd_ONLY.feature' was passed

2020-10-30 11:25:49 - [MESSAGE][INFO] - Starting run keyword runFeatureFile: 'Include/features/IST_Real/SLIK/SLIK Gateway Non Customer/SLIK_Gateway_Non_Customer_Search_By_DateEnd_ONLY.feature' and extract report to folder: '/Users/chaidir.pratama01/Katalon Studio/IST_Automation_Git/Reports/20201030_111805/SLIK/TS_SLIK_Gateway_Non_Customer/20201030_111805/cucumber_report/1604031949529'...

2020-10-30 11:25:49 - [TEST_CASE][PASSED] - Start Test Case : SCENARIO Search Result by Date End ONLY: SCENARIO Search Result by Date End ONLY

2020-10-30 11:25:49 - [TEST_STEP][PASSED] - Go to ISTools: Go to ISTools

2020-10-30 11:25:49 - [MESSAGE][INFO] - Starting 'Chrome' driver

2020-10-30 11:25:49 - [MESSAGE][INFO] - User set preference: ['AcceptInsecureCerts', 'true']

2020-10-30 11:25:49 - [MESSAGE][INFO] - User set preference: ['args', '[ignore-certificate-errors]']

2020-10-30 11:25:49 - [MESSAGE][INFO] - Action delay is set to 0 milliseconds

2020-10-30 11:25:51 - [MESSAGE][PASSED] - Browser is opened with url: ''

2020-10-30 11:25:57 - [MESSAGE][PASSED] - Navigate to 'https://id-ist01preprod.id.nonprod/ist/' successfully

2020-10-30 11:25:57 - [MESSAGE][PASSED] - Go to ISTools

2020-10-30 11:25:57 - [TEST_STEP][PASSED] - Login IST with valid credentials: Login IST with valid credentials

2020-10-30 11:25:58 - [MESSAGE][PASSED] - Text 'mobile.test' is set on object 'Object Repository/Page_/input_Username_j_username'

2020-10-30 11:25:58 - [MESSAGE][PASSED] - Text ****** has been set on object 'Object Repository/Page_/input_Password_j_password'

2020-10-30 11:26:00 - [MESSAGE][PASSED] - Object: 'Object Repository/Page_/button_Login' is clicked on

2020-10-30 11:26:00 - [MESSAGE][PASSED] - Login IST with valid credentials

2020-10-30 11:26:00 - [TEST_STEP][PASSED] - Login Success for contract dispatcher: Login Success for contract dispatcher

2020-10-30 11:26:00 - [MESSAGE][INFO] - Login Success

2020-10-30 11:26:00 - [MESSAGE][PASSED] - Current window maximized

2020-10-30 11:26:01 - [MESSAGE][PASSED] - Object 'Object Repository/Page_/h1_Welcome to IT Supporting Tools' is present

2020-10-30 11:26:01 - [MESSAGE][PASSED] - Login Success for contract dispatcher

2020-10-30 11:26:01 - [TEST_STEP][PASSED] - Select Menu SLIK Gateway NonCustomer: Select Menu SLIK Gateway NonCustomer

2020-10-30 11:26:01 - [MESSAGE][PASSED] - Object '' is present

2020-10-30 11:26:01 - [MESSAGE][PASSED] - Object: '' is clicked on

2020-10-30 11:26:01 - [MESSAGE][PASSED] - Wait for page load successfully

2020-10-30 11:26:01 - [MESSAGE][PASSED] - Select Menu SLIK Gateway NonCustomer

2020-10-30 11:26:01 - [TEST_STEP][PASSED] - Set Start Date with value "" and End Date with value "24-10-2020": Set Start Date with value "" and End Date with value "24-10-2020"

2020-10-30 11:26:02 - [MESSAGE][PASSED] - Scroll to object '' successfully

2020-10-30 11:26:02 - [MESSAGE][PASSED] - Object '' is present

2020-10-30 11:26:03 - [MESSAGE][PASSED] - Text '' is set on object ''

2020-10-30 11:26:03 - [MESSAGE][PASSED] - Object '' is present

2020-10-30 11:26:04 - [MESSAGE][PASSED] - Text '24-10-2020' is set on object ''

2020-10-30 11:26:04 - [MESSAGE][PASSED] - Set Start Date with value "" and End Date with value "24-10-2020"

2020-10-30 11:26:04 - [TEST_STEP][PASSED] - Click button "Search": Click button "Search"

2020-10-30 11:26:04 - [MESSAGE][INFO] - >>>>>//Button[contains(text(),'Search')]

2020-10-30 11:26:07 - [MESSAGE][PASSED] - Object: '' is clicked on

2020-10-30 11:26:07 - [MESSAGE][PASSED] - Click button "Search"

2020-10-30 11:26:07 - [TEST_STEP][PASSED] - Get text from pop up "Error Message" with text "Error : Start Date is mandatory !": Get text from pop up "Error Message" with text "Error : Start Date is mandatory !"

2020-10-30 11:26:08 - [MESSAGE][PASSED] - Taking screenshot successfully
[[ATTACHMENT|/Users/chaidir.pratama01/Documents/Docs/Katalon Studio/Screenshot/errorpopup.png]]

2020-10-30 11:26:09 - [MESSAGE][PASSED] - Object '' is present

2020-10-30 11:26:09 - [MESSAGE][PASSED] - Wait for page load successfully

2020-10-30 11:26:09 - [MESSAGE][PASSED] - Wait for page load successfully

2020-10-30 11:26:09 - [MESSAGE][PASSED] - Get text from pop up "Error Message" with text "Error : Start Date is mandatory !"

2020-10-30 11:26:09 - [TEST_STEP][PASSED] - Click button "OK": Click button "OK"

2020-10-30 11:26:09 - [MESSAGE][INFO] - >>>>>//Button[contains(text(),'OK')]

2020-10-30 11:26:12 - [MESSAGE][PASSED] - Object: '' is clicked on

2020-10-30 11:26:12 - [MESSAGE][PASSED] - Click button "OK"

2020-10-30 11:26:12 - [TEST_STEP][PASSED] - Get Error Notification "Error : Start Date is mandatory !": Get Error Notification "Error : Start Date is mandatory !"

2020-10-30 11:26:13 - [MESSAGE][PASSED] - Object '' is present

2020-10-30 11:26:13 - [MESSAGE][PASSED] - Get Error Notification "Error : Start Date is mandatory !"

2020-10-30 11:26:13 - [TEST_STEP][PASSED] - Click button "Logout": Click button "Logout"

2020-10-30 11:26:13 - [MESSAGE][INFO] - >>>>>//Button[contains(text(),'Logout')]

2020-10-30 11:26:17 - [MESSAGE][PASSED] - Object: '' is clicked on

2020-10-30 11:26:17 - [MESSAGE][PASSED] - Click button "Logout"

2020-10-30 11:26:17 - [TEST_STEP][PASSED] - Close browser: Close browser

2020-10-30 11:26:18 - [MESSAGE][PASSED] - Browser is closed

2020-10-30 11:26:18 - [MESSAGE][PASSED] - Close browser

2020-10-30 11:26:18 - [MESSAGE][PASSED] - Feature file: 'Include/features/IST_Real/SLIK/SLIK Gateway Non Customer/SLIK_Gateway_Non_Customer_Search_By_DateEnd_ONLY.feature' was passed]]></system-out>
         <system-err><![CDATA[]]></system-err>
      </testcase>
      <testcase name="Test Cases/IST_Real/SLIK/SLIK_Gateway_Non_Customer/SLIK Gateway Non Customer View Detal when Status APPROVED-SUCCESS" time="34.408" classname="Test Cases/IST_Real/SLIK/SLIK_Gateway_Non_Customer/SLIK Gateway Non Customer View Detal when Status APPROVED-SUCCESS" status="PASSED">
         <system-out><![CDATA[2020-10-30 11:26:18 - [TEST_CASE][PASSED] - Test Cases/IST_Real/SLIK/SLIK_Gateway_Non_Customer/SLIK Gateway Non Customer View Detal when Status APPROVED-SUCCESS: Test Cases/IST_Real/SLIK/SLIK_Gateway_Non_Customer/SLIK Gateway Non Customer View Detal when Status APPROVED-SUCCESS

2020-10-30 11:26:18 - [TEST_STEP][PASSED] - runFeatureFile("Include/features/IST_Real/SLIK/SLIK Gateway Non Customer/SLIK_Gateway_Non_Customer_View_Detail_when_Status_APPROVED-SUCCESS.feature"): Feature file: 'Include/features/IST_Real/SLIK/SLIK Gateway Non Customer/SLIK_Gateway_Non_Customer_View_Detail_when_Status_APPROVED-SUCCESS.feature' was passed

2020-10-30 11:26:18 - [MESSAGE][INFO] - Starting run keyword runFeatureFile: 'Include/features/IST_Real/SLIK/SLIK Gateway Non Customer/SLIK_Gateway_Non_Customer_View_Detail_when_Status_APPROVED-SUCCESS.feature' and extract report to folder: '/Users/chaidir.pratama01/Katalon Studio/IST_Automation_Git/Reports/20201030_111805/SLIK/TS_SLIK_Gateway_Non_Customer/20201030_111805/cucumber_report/1604031978149'...

2020-10-30 11:26:18 - [TEST_CASE][PASSED] - Start Test Case : SCENARIO SLIK Gateway Non Customer View Detail Link: SCENARIO SLIK Gateway Non Customer View Detail Link

2020-10-30 11:26:18 - [TEST_STEP][PASSED] - Go to ISTools: Go to ISTools

2020-10-30 11:26:18 - [MESSAGE][INFO] - Starting 'Chrome' driver

2020-10-30 11:26:18 - [MESSAGE][INFO] - User set preference: ['AcceptInsecureCerts', 'true']

2020-10-30 11:26:18 - [MESSAGE][INFO] - User set preference: ['args', '[ignore-certificate-errors]']

2020-10-30 11:26:18 - [MESSAGE][INFO] - Action delay is set to 0 milliseconds

2020-10-30 11:26:19 - [MESSAGE][PASSED] - Browser is opened with url: ''

2020-10-30 11:26:32 - [MESSAGE][PASSED] - Navigate to 'https://id-ist01preprod.id.nonprod/ist/' successfully

2020-10-30 11:26:32 - [MESSAGE][PASSED] - Go to ISTools

2020-10-30 11:26:32 - [TEST_STEP][PASSED] - Login IST with valid credentials: Login IST with valid credentials

2020-10-30 11:26:32 - [MESSAGE][PASSED] - Text 'mobile.test' is set on object 'Object Repository/Page_/input_Username_j_username'

2020-10-30 11:26:33 - [MESSAGE][PASSED] - Text ****** has been set on object 'Object Repository/Page_/input_Password_j_password'

2020-10-30 11:26:33 - [MESSAGE][PASSED] - Object: 'Object Repository/Page_/button_Login' is clicked on

2020-10-30 11:26:33 - [MESSAGE][PASSED] - Login IST with valid credentials

2020-10-30 11:26:33 - [TEST_STEP][PASSED] - Login Success for contract dispatcher: Login Success for contract dispatcher

2020-10-30 11:26:33 - [MESSAGE][INFO] - Login Success

2020-10-30 11:26:34 - [MESSAGE][PASSED] - Current window maximized

2020-10-30 11:26:34 - [MESSAGE][PASSED] - Object 'Object Repository/Page_/h1_Welcome to IT Supporting Tools' is present

2020-10-30 11:26:34 - [MESSAGE][PASSED] - Login Success for contract dispatcher

2020-10-30 11:26:34 - [TEST_STEP][PASSED] - Select Menu SLIK Gateway NonCustomer: Select Menu SLIK Gateway NonCustomer

2020-10-30 11:26:34 - [MESSAGE][PASSED] - Object '' is present

2020-10-30 11:26:35 - [MESSAGE][PASSED] - Object: '' is clicked on

2020-10-30 11:26:35 - [MESSAGE][PASSED] - Wait for page load successfully

2020-10-30 11:26:35 - [MESSAGE][PASSED] - Select Menu SLIK Gateway NonCustomer

2020-10-30 11:26:35 - [TEST_STEP][PASSED] - Select Status is "APPROVED": Select Status is "APPROVED"

2020-10-30 11:26:36 - [MESSAGE][PASSED] - All options with value 'APPROVED' are selected in object ''  using regular expression

2020-10-30 11:26:36 - [MESSAGE][PASSED] - Select Status is "APPROVED"

2020-10-30 11:26:36 - [TEST_STEP][PASSED] - Click button "Search": Click button "Search"

2020-10-30 11:26:36 - [MESSAGE][INFO] - >>>>>//Button[contains(text(),'Search')]

2020-10-30 11:26:40 - [MESSAGE][PASSED] - Object: '' is clicked on

2020-10-30 11:26:40 - [MESSAGE][PASSED] - Click button "Search"

2020-10-30 11:26:40 - [TEST_STEP][PASSED] - Verify Search Result Based on Result Status: Verify Search Result Based on Result Status

2020-10-30 11:26:40 - [MESSAGE][PASSED] - Scroll to object '' successfully

2020-10-30 11:26:41 - [MESSAGE][WARNING] - Actual text 'APPROVED - SUCCESS' and expected text 'APPROVED - FAILED' of test object '' are NOT matched. (Root cause: com.kms.katalon.core.exception.StepFailedException: Actual text 'APPROVED - SUCCESS' and expected text 'APPROVED - FAILED' of test object '' are NOT matched.
	at com.kms.katalon.core.webui.keyword.internal.WebUIKeywordMain.stepFailed(WebUIKeywordMain.groovy:64)
	at com.kms.katalon.core.webui.keyword.builtin.VerifyElementTextKeyword$_verifyElementText_closure1.doCall(VerifyElementTextKeyword.groovy:57)
	at com.kms.katalon.core.webui.keyword.builtin.VerifyElementTextKeyword$_verifyElementText_closure1.call(VerifyElementTextKeyword.groovy)
	at com.kms.katalon.core.webui.keyword.internal.WebUIKeywordMain.runKeyword(WebUIKeywordMain.groovy:20)
	at com.kms.katalon.core.webui.keyword.builtin.VerifyElementTextKeyword.verifyElementText(VerifyElementTextKeyword.groovy:72)
	at com.kms.katalon.core.webui.keyword.builtin.VerifyElementTextKeyword.execute(VerifyElementTextKeyword.groovy:40)
	at com.kms.katalon.core.keyword.internal.KeywordExecutor.executeKeywordForPlatform(KeywordExecutor.groovy:73)
	at com.kms.katalon.core.webui.keyword.WebUiBuiltInKeywords.verifyElementText(WebUiBuiltInKeywords.groovy:3673)
	at com.kms.katalon.core.webui.keyword.WebUiBuiltInKeywords$verifyElementText$21.call(Unknown Source)
	at Slik_Script.Verify_Result_Status(Slik_Script.groovy:369)
	at cucumber.runtime.Utils$1.call(Utils.java:26)
	at cucumber.runtime.Timeout.timeout(Timeout.java:16)
	at cucumber.runtime.Utils.invoke(Utils.java:20)
	at cucumber.runtime.java.JavaStepDefinition.execute(JavaStepDefinition.java:48)
	at cucumber.runtime.PickleStepDefinitionMatch.runStep(PickleStepDefinitionMatch.java:50)
	at cucumber.runner.TestStep.executeStep(TestStep.java:55)
	at cucumber.runner.TestStep.run(TestStep.java:42)
	at cucumber.runner.PickleStepTestStep.run(PickleStepTestStep.java:53)
	at cucumber.runner.TestCase.run(TestCase.java:47)
	at cucumber.runner.Runner.runPickle(Runner.java:44)
	at cucumber.runtime.Runtime.runFeature(Runtime.java:120)
	at cucumber.runtime.Runtime.run(Runtime.java:106)
	at cucumber.api.cli.Main.run(Main.java:35)
	at cucumber.api.cli.Main$run.call(Unknown Source)
	at com.kms.katalon.core.cucumber.keyword.CucumberBuiltinKeywords$_runFeatureFile_closure1.doCall(CucumberBuiltinKeywords.groovy:76)
	at com.kms.katalon.core.cucumber.keyword.CucumberBuiltinKeywords$_runFeatureFile_closure1.doCall(CucumberBuiltinKeywords.groovy)
	at com.kms.katalon.core.keyword.internal.KeywordMain.runKeyword(KeywordMain.groovy:68)
	at com.kms.katalon.core.keyword.internal.KeywordMain$runKeyword.call(Unknown Source)
	at com.kms.katalon.core.cucumber.keyword.CucumberBuiltinKeywords.runFeatureFile(CucumberBuiltinKeywords.groovy:46)
	at com.kms.katalon.core.cucumber.keyword.CucumberBuiltinKeywords$runFeatureFile$0.callStatic(Unknown Source)
	at com.kms.katalon.core.cucumber.keyword.CucumberBuiltinKeywords.runFeatureFile(CucumberBuiltinKeywords.groovy:169)
	at com.kms.katalon.core.cucumber.keyword.CucumberBuiltinKeywords$runFeatureFile.call(Unknown Source)
	at SLIK Gateway Non Customer View Detal when Status APPROVED-SUCCESS.run(SLIK Gateway Non Customer View Detal when Status APPROVED-SUCCESS:18)
	at com.kms.katalon.core.main.ScriptEngine.run(ScriptEngine.java:194)
	at com.kms.katalon.core.main.ScriptEngine.runScriptAsRawText(ScriptEngine.java:119)
	at com.kms.katalon.core.main.TestCaseExecutor.runScript(TestCaseExecutor.java:339)
	at com.kms.katalon.core.main.TestCaseExecutor.doExecute(TestCaseExecutor.java:330)
	at com.kms.katalon.core.main.TestCaseExecutor.processExecutionPhase(TestCaseExecutor.java:309)
	at com.kms.katalon.core.main.TestCaseExecutor.accessMainPhase(TestCaseExecutor.java:301)
	at com.kms.katalon.core.main.TestCaseExecutor.execute(TestCaseExecutor.java:235)
	at com.kms.katalon.core.main.TestSuiteExecutor.accessTestCaseMainPhase(TestSuiteExecutor.java:191)
	at com.kms.katalon.core.main.TestSuiteExecutor.accessTestSuiteMainPhase(TestSuiteExecutor.java:141)
	at com.kms.katalon.core.main.TestSuiteExecutor.execute(TestSuiteExecutor.java:90)
	at com.kms.katalon.core.main.TestCaseMain.startTestSuite(TestCaseMain.java:157)
	at com.kms.katalon.core.main.TestCaseMain$startTestSuite$0.call(Unknown Source)
	at TempTestSuite1604031485619.run(TempTestSuite1604031485619.groovy:39)
)
[[ATTACHMENT|/Users/chaidir.pratama01/Katalon Studio/IST_Automation_Git/Reports/20201030_111805/SLIK/TS_SLIK_Gateway_Non_Customer/20201030_111805/1604032001239.png]]

2020-10-30 11:26:42 - [MESSAGE][PASSED] - Actual text and expected text of test object '' are matched.

2020-10-30 11:26:42 - [MESSAGE][PASSED] - Text of object '' is: 'APPROVED - SUCCESS'

2020-10-30 11:26:43 - [MESSAGE][PASSED] - Text of object '' is: '3200000000000003'

2020-10-30 11:26:43 - [MESSAGE][PASSED] - Verify Search Result Based on Result Status

2020-10-30 11:26:43 - [TEST_STEP][PASSED] - Click View Detail Link: Click View Detail Link

2020-10-30 11:26:43 - [MESSAGE][PASSED] - Object '' is present

2020-10-30 11:26:43 - [MESSAGE][PASSED] - Object: '' is clicked on

2020-10-30 11:26:43 - [MESSAGE][PASSED] - Click View Detail Link

2020-10-30 11:26:43 - [TEST_STEP][PASSED] - Take Screenshot "View_detail_NonCutomer.png": Take Screenshot "View_detail_NonCutomer.png"

2020-10-30 11:26:45 - [MESSAGE][PASSED] - Taking screenshot successfully
[[ATTACHMENT|/Users/chaidir.pratama01/Katalon Studio/IST_Automation_Git/img/View_detail_NonCutomer.png]]

2020-10-30 11:26:45 - [MESSAGE][PASSED] - Take Screenshot "View_detail_NonCutomer.png"

2020-10-30 11:26:45 - [TEST_STEP][PASSED] - Verify Slik Result Detail Link: Verify Slik Result Detail Link

2020-10-30 11:26:45 - [MESSAGE][PASSED] - Scroll to object '' successfully

2020-10-30 11:26:46 - [MESSAGE][PASSED] - Object '' is present

2020-10-30 11:26:46 - [MESSAGE][PASSED] - Scroll to object '' successfully

2020-10-30 11:26:46 - [MESSAGE][PASSED] - Object '' is present

2020-10-30 11:26:47 - [MESSAGE][PASSED] - Scroll to object '' successfully

2020-10-30 11:26:47 - [MESSAGE][PASSED] - Object '' is present

2020-10-30 11:26:47 - [MESSAGE][PASSED] - Scroll to object '' successfully

2020-10-30 11:26:48 - [MESSAGE][PASSED] - Object '' is present

2020-10-30 11:26:48 - [MESSAGE][PASSED] - Scroll to object '' successfully

2020-10-30 11:26:48 - [MESSAGE][PASSED] - Object '' is present

2020-10-30 11:26:48 - [MESSAGE][PASSED] - Verify Slik Result Detail Link

2020-10-30 11:26:48 - [TEST_STEP][PASSED] - Click button "Logout": Click button "Logout"

2020-10-30 11:26:48 - [MESSAGE][INFO] - >>>>>//Button[contains(text(),'Logout')]

2020-10-30 11:26:52 - [MESSAGE][PASSED] - Object: '' is clicked on

2020-10-30 11:26:52 - [MESSAGE][PASSED] - Click button "Logout"

2020-10-30 11:26:52 - [TEST_STEP][PASSED] - Close browser: Close browser

2020-10-30 11:26:52 - [MESSAGE][PASSED] - Browser is closed

2020-10-30 11:26:52 - [MESSAGE][PASSED] - Close browser

2020-10-30 11:26:52 - [MESSAGE][PASSED] - Feature file: 'Include/features/IST_Real/SLIK/SLIK Gateway Non Customer/SLIK_Gateway_Non_Customer_View_Detail_when_Status_APPROVED-SUCCESS.feature' was passed]]></system-out>
         <system-err><![CDATA[]]></system-err>
      </testcase>
      <system-out><![CDATA[2020-10-30 11:18:12 - [TEST_SUITE][PASSED] - TS_SLIK_Gateway_Non_Customer: Test Cases/IST_Real/SLIK/SLIK_Gateway_Non_Customer/SLIK Gateway Non Customer View Detal when Status APPROVED-SUCCESS]]></system-out>
      <system-err><![CDATA[]]></system-err>
   </testsuite>
</testsuites>
