<?xml version="1.0" encoding="UTF-8"?>
<testsuites name="TS_SLIK_Gateway_Non_Customer" time="777.103" tests="21" failures="0" errors="0">
   <testsuite name="TS_SLIK_Gateway_Non_Customer" tests="21" failures="0" errors="0" time="777.103" timestamp="2020-11-04 14:16:45" hostname="chaidir.pratama01 - localhost" id="Test Suites/SLIK/TS_SLIK_Gateway_Non_Customer">
      <properties>
         <property name="deviceName" value=""/>
         <property name="devicePlatform" value=""/>
         <property name="logFolder" value="/Users/chaidir.pratama01/Katalon Studio/IST_Automation_Git/Reports/20201104_141636/SLIK/TS_SLIK_Gateway_Non_Customer/20201104_141636"/>
         <property name="logFiles" value="/Users/chaidir.pratama01/Katalon Studio/IST_Automation_Git/Reports/20201104_141636/SLIK/TS_SLIK_Gateway_Non_Customer/20201104_141636/execution0.log"/>
         <property name="attachments" value="/Users/chaidir.pratama01/Documents/Docs/Katalon Studio/Screenshot/test-SLIK Gateway Non Customer.png, /Users/chaidir.pratama01/Documents/Docs/Katalon Studio/Screenshot/slik.png, /Users/chaidir.pratama01/Documents/Docs/Katalon Studio/Screenshot/slik.png, /Users/chaidir.pratama01/Documents/Docs/Katalon Studio/Screenshot/slik.png, /Users/chaidir.pratama01/Documents/Docs/Katalon Studio/Screenshot/errorpopup.png, /Users/chaidir.pratama01/Katalon Studio/IST_Automation_Git/img/View_detail_NonCutomer.png, /Users/chaidir.pratama01/Documents/Docs/Katalon Studio/Screenshot/test-SLIK Gateway Approval Non Customer.png, /Users/chaidir.pratama01/Documents/Docs/Katalon Studio/Screenshot/errorpopup.png, /Users/chaidir.pratama01/Documents/Docs/Katalon Studio/Screenshot/errorpopup.png, /Users/chaidir.pratama01/Katalon Studio/IST_Automation_Git/Reports/20201104_141636/SLIK/TS_SLIK_Gateway_Non_Customer/20201104_141636/1604474492313.png, /Users/chaidir.pratama01/Katalon Studio/IST_Automation_Git/Reports/20201104_141636/SLIK/TS_SLIK_Gateway_Non_Customer/20201104_141636/1604474493254.png, /Users/chaidir.pratama01/Katalon Studio/IST_Automation_Git/Reports/20201104_141636/SLIK/TS_SLIK_Gateway_Non_Customer/20201104_141636/1604474520309.png, /Users/chaidir.pratama01/Katalon Studio/IST_Automation_Git/Reports/20201104_141636/SLIK/TS_SLIK_Gateway_Non_Customer/20201104_141636/1604474521234.png, /Users/chaidir.pratama01/Katalon Studio/IST_Automation_Git/img/View_detail_NonCutomer.png, /Users/chaidir.pratama01/Documents/Docs/Katalon Studio/Screenshot/slik.png, /Users/chaidir.pratama01/Documents/Docs/Katalon Studio/Screenshot/slik.png, /Users/chaidir.pratama01/Documents/Docs/Katalon Studio/Screenshot/slik.png, /Users/chaidir.pratama01/Documents/Docs/Katalon Studio/Screenshot/errorpopup.png, /Users/chaidir.pratama01/Documents/Docs/Katalon Studio/Screenshot/test-SLIK Gateway Approval Non Customer.png, /Users/chaidir.pratama01/Documents/Docs/Katalon Studio/Screenshot/errorpopup.png, /Users/chaidir.pratama01/Documents/Docs/Katalon Studio/Screenshot/errorpopup.png, /Users/chaidir.pratama01/Katalon Studio/IST_Automation_Git/img/View_detail_NonCutomer.png, /Users/chaidir.pratama01/Documents/Docs/Katalon Studio/Screenshot/slik.png, /Users/chaidir.pratama01/Documents/Docs/Katalon Studio/Screenshot/slik.png, /Users/chaidir.pratama01/Documents/Docs/Katalon Studio/Screenshot/slik.png, /Users/chaidir.pratama01/Documents/Docs/Katalon Studio/Screenshot/errorpopup.png, /Users/chaidir.pratama01/Documents/Docs/Katalon Studio/Screenshot/errorpopup.png, /Users/chaidir.pratama01/Documents/Docs/Katalon Studio/Screenshot/errorpopup.png, /Users/chaidir.pratama01/Documents/Docs/Katalon Studio/Screenshot/test-SLIK Gateway Approval Non Customer.png, /Users/chaidir.pratama01/Documents/Docs/Katalon Studio/Screenshot/errorpopup.png, /Users/chaidir.pratama01/Documents/Docs/Katalon Studio/Screenshot/errorpopup.png, /Users/chaidir.pratama01/Katalon Studio/IST_Automation_Git/Reports/20201104_141636/SLIK/TS_SLIK_Gateway_Non_Customer/20201104_141636/1604474968045.png, /Users/chaidir.pratama01/Katalon Studio/IST_Automation_Git/img/View_detail_NonCutomer.png"/>
         <property name="hostName" value="chaidir.pratama01 - localhost"/>
         <property name="os" value="Mac OS X 64bit"/>
         <property name="katalonVersion" value="7.6.0.${buildNumber}"/>
         <property name="browser" value="Chrome 86.0.4240.183"/>
         <property name="hostAddress" value="127.0.0.1"/>
         <property name="sessionId" value="adb102b761928845665954038b82fd11"/>
         <property name="seleniumVersion" value="3.141.59"/>
         <property name="proxyInformation" value="ProxyInformation { proxyOption=NO_PROXY, proxyServerType=HTTP, username=, password=********, proxyServerAddress=, proxyServerPort=0, executionList=\&quot;\&quot;, isApplyToDesiredCapabilities=true }"/>
         <property name="platform" value="Mac OS X"/>
      </properties>
      <testcase name="Test Cases/IST_Real/SLIK/SLIK_Gateway_Non_Customer/Open Menu SLIK Gateway Non Customer" time="53.833" classname="Test Cases/IST_Real/SLIK/SLIK_Gateway_Non_Customer/Open Menu SLIK Gateway Non Customer" status="PASSED">
         <system-out><![CDATA[2020-11-04 14:16:45 - [TEST_CASE][PASSED] - Test Cases/IST_Real/SLIK/SLIK_Gateway_Non_Customer/Open Menu SLIK Gateway Non Customer: Test Cases/IST_Real/SLIK/SLIK_Gateway_Non_Customer/Open Menu SLIK Gateway Non Customer

2020-11-04 14:16:45 - [TEST_STEP][PASSED] - runFeatureFile("Include/features/IST_Real/SLIK/SLIK Gateway Non Customer/Open_Menu_SLIK_Gateway_Non_Customer.feature"): Feature file: 'Include/features/IST_Real/SLIK/SLIK Gateway Non Customer/Open_Menu_SLIK_Gateway_Non_Customer.feature' was passed

2020-11-04 14:16:45 - [MESSAGE][INFO] - Starting run keyword runFeatureFile: 'Include/features/IST_Real/SLIK/SLIK Gateway Non Customer/Open_Menu_SLIK_Gateway_Non_Customer.feature' and extract report to folder: '/Users/chaidir.pratama01/Katalon Studio/IST_Automation_Git/Reports/20201104_141636/SLIK/TS_SLIK_Gateway_Non_Customer/20201104_141636/cucumber_report/1604474205617'...

2020-11-04 14:16:46 - [TEST_CASE][PASSED] - Start Test Case : SCENARIO Menu SLIK Gateway Non Customer in IST and Verify Element Needed Exist: SCENARIO Menu SLIK Gateway Non Customer in IST and Verify Element Needed Exist

2020-11-04 14:16:46 - [TEST_STEP][PASSED] - Go to ISTools: Go to ISTools

2020-11-04 14:16:46 - [MESSAGE][INFO] - Starting 'Chrome' driver

2020-11-04 14:16:46 - [MESSAGE][INFO] - User set preference: ['AcceptInsecureCerts', 'true']

2020-11-04 14:16:46 - [MESSAGE][INFO] - User set preference: ['args', '[ignore-certificate-errors]']

2020-11-04 14:16:46 - [MESSAGE][INFO] - Action delay is set to 0 milliseconds

2020-11-04 14:16:48 - [MESSAGE][PASSED] - Browser is opened with url: ''

2020-11-04 14:16:56 - [MESSAGE][PASSED] - Navigate to 'https://id-ist01preprod.id.nonprod/ist/' successfully

2020-11-04 14:16:56 - [MESSAGE][PASSED] - Go to ISTools

2020-11-04 14:16:56 - [TEST_STEP][PASSED] - Login IST with valid credentials: Login IST with valid credentials

2020-11-04 14:16:57 - [MESSAGE][PASSED] - Text 'mobile.test' is set on object 'Object Repository/Page_/input_Username_j_username'

2020-11-04 14:16:57 - [MESSAGE][PASSED] - Text ****** has been set on object 'Object Repository/Page_/input_Password_j_password'

2020-11-04 14:17:01 - [MESSAGE][PASSED] - Object: 'Object Repository/Page_/button_Login' is clicked on

2020-11-04 14:17:01 - [MESSAGE][PASSED] - Login IST with valid credentials

2020-11-04 14:17:01 - [TEST_STEP][PASSED] - Login Success for contract dispatcher: Login Success for contract dispatcher

2020-11-04 14:17:01 - [MESSAGE][INFO] - Login Success

2020-11-04 14:17:02 - [MESSAGE][PASSED] - Current window maximized

2020-11-04 14:17:02 - [MESSAGE][PASSED] - Object 'Object Repository/Page_/h1_Welcome to IT Supporting Tools' is present

2020-11-04 14:17:02 - [MESSAGE][PASSED] - Login Success for contract dispatcher

2020-11-04 14:17:02 - [TEST_STEP][PASSED] - Select Menu "SLIK Gateway Non Customer": Select Menu "SLIK Gateway Non Customer"

2020-11-04 14:17:03 - [MESSAGE][PASSED] - Taking screenshot successfully
[[ATTACHMENT|/Users/chaidir.pratama01/Documents/Docs/Katalon Studio/Screenshot/test-SLIK Gateway Non Customer.png]]

2020-11-04 14:17:03 - [MESSAGE][PASSED] - Object '' is present

2020-11-04 14:17:03 - [MESSAGE][PASSED] - Object: '' is clicked on

2020-11-04 14:17:03 - [MESSAGE][PASSED] - Wait for page load successfully

2020-11-04 14:17:03 - [MESSAGE][PASSED] - Select Menu "SLIK Gateway Non Customer"

2020-11-04 14:17:03 - [TEST_STEP][PASSED] - Verify Title "SLIK Gateway Non Customer" Exists: Verify Title "SLIK Gateway Non Customer" Exists

2020-11-04 14:17:05 - [MESSAGE][PASSED] - Object '' is present

2020-11-04 14:17:05 - [MESSAGE][PASSED] - Object: '' is focused

2020-11-04 14:17:05 - [MESSAGE][PASSED] - Verify Title "SLIK Gateway Non Customer" Exists

2020-11-04 14:17:05 - [TEST_STEP][PASSED] - Verify Title "Check SLIK" Exists: Verify Title "Check SLIK" Exists

2020-11-04 14:17:06 - [MESSAGE][PASSED] - Object '' is present

2020-11-04 14:17:06 - [MESSAGE][PASSED] - Object: '' is focused

2020-11-04 14:17:06 - [MESSAGE][PASSED] - Verify Title "Check SLIK" Exists

2020-11-04 14:17:06 - [TEST_STEP][PASSED] - Verify Contents of Check SLIK Label in SLIK Gateway Non Customer Menu Exist: Verify Contents of Check SLIK Label in SLIK Gateway Non Customer Menu Exist

2020-11-04 14:17:06 - [MESSAGE][PASSED] - Object '' is present

2020-11-04 14:17:07 - [MESSAGE][PASSED] - Object: '' is focused

2020-11-04 14:17:07 - [MESSAGE][PASSED] - Object '' is present

2020-11-04 14:17:08 - [MESSAGE][PASSED] - Object: '' is focused

2020-11-04 14:17:08 - [MESSAGE][PASSED] - Object '' is present

2020-11-04 14:17:09 - [MESSAGE][PASSED] - Object: '' is focused

2020-11-04 14:17:09 - [MESSAGE][PASSED] - Object '' is present

2020-11-04 14:17:09 - [MESSAGE][PASSED] - Object: '' is focused

2020-11-04 14:17:09 - [MESSAGE][PASSED] - Object '' is present

2020-11-04 14:17:10 - [MESSAGE][PASSED] - Object: '' is focused

2020-11-04 14:17:10 - [MESSAGE][PASSED] - Object '' is present

2020-11-04 14:17:11 - [MESSAGE][PASSED] - Object: '' is focused

2020-11-04 14:17:11 - [MESSAGE][PASSED] - Object '' is present

2020-11-04 14:17:11 - [MESSAGE][PASSED] - Object: '' is focused

2020-11-04 14:17:12 - [MESSAGE][PASSED] - Object '' is present

2020-11-04 14:17:12 - [MESSAGE][PASSED] - Object: '' is focused

2020-11-04 14:17:12 - [MESSAGE][PASSED] - Object '' is present

2020-11-04 14:17:13 - [MESSAGE][PASSED] - Object: '' is focused

2020-11-04 14:17:13 - [MESSAGE][PASSED] - Object '' is present

2020-11-04 14:17:13 - [MESSAGE][PASSED] - Object: '' is focused

2020-11-04 14:17:14 - [MESSAGE][PASSED] - Object '' is present

2020-11-04 14:17:14 - [MESSAGE][PASSED] - Object: '' is focused

2020-11-04 14:17:14 - [MESSAGE][PASSED] - Object '' is present

2020-11-04 14:17:15 - [MESSAGE][PASSED] - Object: '' is focused

2020-11-04 14:17:15 - [MESSAGE][PASSED] - Object '' is present

2020-11-04 14:17:15 - [MESSAGE][PASSED] - Object: '' is focused

2020-11-04 14:17:15 - [MESSAGE][PASSED] - Object '' is present

2020-11-04 14:17:16 - [MESSAGE][PASSED] - Object: '' is focused

2020-11-04 14:17:16 - [MESSAGE][PASSED] - Object '' is present

2020-11-04 14:17:16 - [MESSAGE][PASSED] - Object: '' is focused

2020-11-04 14:17:17 - [MESSAGE][PASSED] - Object '' is present

2020-11-04 14:17:17 - [MESSAGE][PASSED] - Object: '' is focused

2020-11-04 14:17:17 - [MESSAGE][PASSED] - Object '' is present

2020-11-04 14:17:18 - [MESSAGE][PASSED] - Object: '' is focused

2020-11-04 14:17:18 - [MESSAGE][PASSED] - Object '' is present

2020-11-04 14:17:19 - [MESSAGE][PASSED] - Object: '' is focused

2020-11-04 14:17:19 - [MESSAGE][PASSED] - Object '' is present

2020-11-04 14:17:22 - [MESSAGE][PASSED] - Delayed 3 second(s)

2020-11-04 14:17:22 - [MESSAGE][PASSED] - Object: '' is focused

2020-11-04 14:17:25 - [MESSAGE][PASSED] - Delayed 3 second(s)

2020-11-04 14:17:26 - [MESSAGE][PASSED] - Object '' is present

2020-11-04 14:17:26 - [MESSAGE][PASSED] - Object: '' is focused

2020-11-04 14:17:27 - [MESSAGE][PASSED] - Object '' is present

2020-11-04 14:17:27 - [MESSAGE][PASSED] - Object: '' is focused

2020-11-04 14:17:27 - [MESSAGE][PASSED] - Object '' is present

2020-11-04 14:17:28 - [MESSAGE][PASSED] - Object: '' is focused

2020-11-04 14:17:28 - [MESSAGE][PASSED] - Verify Contents of Check SLIK Label in SLIK Gateway Non Customer Menu Exist

2020-11-04 14:17:28 - [TEST_STEP][PASSED] - Verify Title "Search Result" Exists: Verify Title "Search Result" Exists

2020-11-04 14:17:28 - [MESSAGE][PASSED] - Object '' is present

2020-11-04 14:17:29 - [MESSAGE][PASSED] - Object: '' is focused

2020-11-04 14:17:29 - [MESSAGE][PASSED] - Verify Title "Search Result" Exists

2020-11-04 14:17:29 - [TEST_STEP][PASSED] - Verify Contents of Search Result: Verify Contents of Search Result

2020-11-04 14:17:29 - [MESSAGE][PASSED] - Object '' is present

2020-11-04 14:17:29 - [MESSAGE][PASSED] - Object: '' is focused

2020-11-04 14:17:29 - [MESSAGE][PASSED] - Object '' is present

2020-11-04 14:17:30 - [MESSAGE][PASSED] - Object: '' is focused

2020-11-04 14:17:30 - [MESSAGE][PASSED] - Object '' is present

2020-11-04 14:17:31 - [MESSAGE][PASSED] - Object: '' is focused

2020-11-04 14:17:31 - [MESSAGE][PASSED] - Object '' is present

2020-11-04 14:17:31 - [MESSAGE][PASSED] - Object: '' is focused

2020-11-04 14:17:32 - [MESSAGE][PASSED] - Object '' is present

2020-11-04 14:17:32 - [MESSAGE][PASSED] - Object: '' is focused

2020-11-04 14:17:32 - [MESSAGE][PASSED] - Object '' is present

2020-11-04 14:17:33 - [MESSAGE][PASSED] - Object: '' is focused

2020-11-04 14:17:33 - [MESSAGE][PASSED] - Object '' is present

2020-11-04 14:17:33 - [MESSAGE][PASSED] - Object: '' is focused

2020-11-04 14:17:33 - [MESSAGE][PASSED] - Object '' is present

2020-11-04 14:17:34 - [MESSAGE][PASSED] - Object: '' is focused

2020-11-04 14:17:34 - [MESSAGE][PASSED] - Object '' is present

2020-11-04 14:17:35 - [MESSAGE][PASSED] - Object: '' is focused

2020-11-04 14:17:35 - [MESSAGE][PASSED] - Verify Contents of Search Result

2020-11-04 14:17:35 - [TEST_STEP][PASSED] - Click button "Logout": Click button "Logout"

2020-11-04 14:17:35 - [MESSAGE][INFO] - >>>>>//Button[contains(text(),'Logout')]

2020-11-04 14:17:39 - [MESSAGE][PASSED] - Object: '' is clicked on

2020-11-04 14:17:39 - [MESSAGE][PASSED] - Click button "Logout"

2020-11-04 14:17:39 - [TEST_STEP][PASSED] - Close browser: Close browser

2020-11-04 14:17:39 - [MESSAGE][PASSED] - Browser is closed

2020-11-04 14:17:39 - [MESSAGE][PASSED] - Close browser

2020-11-04 14:17:39 - [MESSAGE][PASSED] - Feature file: 'Include/features/IST_Real/SLIK/SLIK Gateway Non Customer/Open_Menu_SLIK_Gateway_Non_Customer.feature' was passed]]></system-out>
         <system-err><![CDATA[]]></system-err>
      </testcase>
      <testcase name="Test Cases/IST_Real/SLIK/SLIK_Gateway_Non_Customer/SLIK Gateway Non Customer Checking" time="81.523" classname="Test Cases/IST_Real/SLIK/SLIK_Gateway_Non_Customer/SLIK Gateway Non Customer Checking" status="PASSED">
         <system-out><![CDATA[2020-11-04 14:17:39 - [TEST_CASE][PASSED] - Test Cases/IST_Real/SLIK/SLIK_Gateway_Non_Customer/SLIK Gateway Non Customer Checking: Test Cases/IST_Real/SLIK/SLIK_Gateway_Non_Customer/SLIK Gateway Non Customer Checking

2020-11-04 14:17:39 - [TEST_STEP][PASSED] - runFeatureFile("Include/features/IST_Real/SLIK/SLIK Gateway Non Customer/SLIK Gateway Non Customer Checking.feature"): Feature file: 'Include/features/IST_Real/SLIK/SLIK Gateway Non Customer/SLIK Gateway Non Customer Checking.feature' was passed

2020-11-04 14:17:39 - [MESSAGE][INFO] - Starting run keyword runFeatureFile: 'Include/features/IST_Real/SLIK/SLIK Gateway Non Customer/SLIK Gateway Non Customer Checking.feature' and extract report to folder: '/Users/chaidir.pratama01/Katalon Studio/IST_Automation_Git/Reports/20201104_141636/SLIK/TS_SLIK_Gateway_Non_Customer/20201104_141636/cucumber_report/1604474259291'...

2020-11-04 14:17:39 - [TEST_CASE][PASSED] - Start Test Case : SCENARIO SLIK Gateway Non Customer Checking: SCENARIO SLIK Gateway Non Customer Checking

2020-11-04 14:17:39 - [TEST_STEP][PASSED] - Go to ISTools: Go to ISTools

2020-11-04 14:17:39 - [MESSAGE][INFO] - Starting 'Chrome' driver

2020-11-04 14:17:39 - [MESSAGE][INFO] - User set preference: ['AcceptInsecureCerts', 'true']

2020-11-04 14:17:39 - [MESSAGE][INFO] - User set preference: ['args', '[ignore-certificate-errors]']

2020-11-04 14:17:39 - [MESSAGE][INFO] - Action delay is set to 0 milliseconds

2020-11-04 14:17:40 - [MESSAGE][PASSED] - Browser is opened with url: ''

2020-11-04 14:17:46 - [MESSAGE][PASSED] - Navigate to 'https://id-ist01preprod.id.nonprod/ist/' successfully

2020-11-04 14:17:46 - [MESSAGE][PASSED] - Go to ISTools

2020-11-04 14:17:46 - [TEST_STEP][PASSED] - Login IST with valid credentials: Login IST with valid credentials

2020-11-04 14:17:47 - [MESSAGE][PASSED] - Text 'mobile.test' is set on object 'Object Repository/Page_/input_Username_j_username'

2020-11-04 14:17:47 - [MESSAGE][PASSED] - Text ****** has been set on object 'Object Repository/Page_/input_Password_j_password'

2020-11-04 14:17:49 - [MESSAGE][PASSED] - Object: 'Object Repository/Page_/button_Login' is clicked on

2020-11-04 14:17:49 - [MESSAGE][PASSED] - Login IST with valid credentials

2020-11-04 14:17:49 - [TEST_STEP][PASSED] - Login Success for contract dispatcher: Login Success for contract dispatcher

2020-11-04 14:17:49 - [MESSAGE][INFO] - Login Success

2020-11-04 14:17:49 - [MESSAGE][PASSED] - Current window maximized

2020-11-04 14:17:50 - [MESSAGE][PASSED] - Object 'Object Repository/Page_/h1_Welcome to IT Supporting Tools' is present

2020-11-04 14:17:50 - [MESSAGE][PASSED] - Login Success for contract dispatcher

2020-11-04 14:17:50 - [TEST_STEP][PASSED] - Select Menu SLIK Gateway NonCustomer: Select Menu SLIK Gateway NonCustomer

2020-11-04 14:17:50 - [MESSAGE][PASSED] - Object '' is present

2020-11-04 14:17:51 - [MESSAGE][PASSED] - Object: '' is clicked on

2020-11-04 14:17:51 - [MESSAGE][PASSED] - Wait for page load successfully

2020-11-04 14:17:51 - [MESSAGE][PASSED] - Select Menu SLIK Gateway NonCustomer

2020-11-04 14:17:51 - [TEST_STEP][PASSED] - Input Data KTP Number: Input Data KTP Number

2020-11-04 14:17:52 - [MESSAGE][PASSED] - Text '8888888888888888' is set on object ''

2020-11-04 14:17:52 - [MESSAGE][PASSED] - Input Data KTP Number

2020-11-04 14:17:52 - [TEST_STEP][PASSED] - Input Data "Name *" with value "OPEX TestingAuto" for Check SLIK: Input Data "Name *" with value "OPEX TestingAuto" for Check SLIK

2020-11-04 14:17:53 - [MESSAGE][PASSED] - Taking screenshot successfully
[[ATTACHMENT|/Users/chaidir.pratama01/Documents/Docs/Katalon Studio/Screenshot/slik.png]]

2020-11-04 14:17:53 - [MESSAGE][PASSED] - Object '' is visible

2020-11-04 14:17:54 - [MESSAGE][PASSED] - Object: '' is focused

2020-11-04 14:17:54 - [MESSAGE][PASSED] - Text 'OPEX TestingAuto' is set on object ''

2020-11-04 14:17:54 - [MESSAGE][PASSED] - Input Data "Name *" with value "OPEX TestingAuto" for Check SLIK

2020-11-04 14:17:54 - [TEST_STEP][PASSED] - Input Date of Birth "20-02-1990": Input Date of Birth "20-02-1990"

2020-11-04 14:17:55 - [MESSAGE][PASSED] - Text '20-02-1990' is set on object ''

2020-11-04 14:17:58 - [MESSAGE][PASSED] - Delayed 3 second(s)

2020-11-04 14:17:58 - [MESSAGE][PASSED] - Input Date of Birth "20-02-1990"

2020-11-04 14:17:58 - [TEST_STEP][PASSED] - Select Gender "Laki-laki": Select Gender "Laki-laki"

2020-11-04 14:17:58 - [MESSAGE][PASSED] - Object: '' is clicked on

2020-11-04 14:17:58 - [MESSAGE][PASSED] - Select Gender "Laki-laki"

2020-11-04 14:17:58 - [TEST_STEP][PASSED] - Select Purpose is "Penilaian Calon Kemitraan": Select Purpose is "Penilaian Calon Kemitraan"

2020-11-04 14:18:00 - [MESSAGE][PASSED] - All options with value 'Penilaian Calon Kemitraan' are selected in object ''  using regular expression

2020-11-04 14:18:00 - [MESSAGE][PASSED] - Select Purpose is "Penilaian Calon Kemitraan"

2020-11-04 14:18:00 - [TEST_STEP][PASSED] - Input Data "Place of Birth" with value "Jakarta" for Check SLIK: Input Data "Place of Birth" with value "Jakarta" for Check SLIK

2020-11-04 14:18:00 - [MESSAGE][PASSED] - Taking screenshot successfully
[[ATTACHMENT|/Users/chaidir.pratama01/Documents/Docs/Katalon Studio/Screenshot/slik.png]]

2020-11-04 14:18:01 - [MESSAGE][PASSED] - Object '' is visible

2020-11-04 14:18:01 - [MESSAGE][PASSED] - Object: '' is focused

2020-11-04 14:18:01 - [MESSAGE][PASSED] - Text 'Jakarta' is set on object ''

2020-11-04 14:18:01 - [MESSAGE][PASSED] - Input Data "Place of Birth" with value "Jakarta" for Check SLIK

2020-11-04 14:18:01 - [TEST_STEP][PASSED] - Input Data "Mother Maternity Name" with value "Tester Auto" for Check SLIK: Input Data "Mother Maternity Name" with value "Tester Auto" for Check SLIK

2020-11-04 14:18:02 - [MESSAGE][PASSED] - Taking screenshot successfully
[[ATTACHMENT|/Users/chaidir.pratama01/Documents/Docs/Katalon Studio/Screenshot/slik.png]]

2020-11-04 14:18:03 - [MESSAGE][PASSED] - Object '' is visible

2020-11-04 14:18:03 - [MESSAGE][PASSED] - Object: '' is focused

2020-11-04 14:18:04 - [MESSAGE][PASSED] - Text 'Tester Auto' is set on object ''

2020-11-04 14:18:04 - [MESSAGE][PASSED] - Input Data "Mother Maternity Name" with value "Tester Auto" for Check SLIK

2020-11-04 14:18:04 - [TEST_STEP][PASSED] - Input KTP Address "TESTING AUTO JAKARTA": Input KTP Address "TESTING AUTO JAKARTA"

2020-11-04 14:18:05 - [MESSAGE][PASSED] - Text 'TESTING AUTO JAKARTA' is set on object ''

2020-11-04 14:18:05 - [MESSAGE][PASSED] - Input KTP Address "TESTING AUTO JAKARTA"

2020-11-04 14:18:05 - [TEST_STEP][PASSED] - Click button "Upload": Click button "Upload"

2020-11-04 14:18:05 - [MESSAGE][INFO] - >>>>>//Button[contains(text(),'Upload')]

2020-11-04 14:18:09 - [MESSAGE][PASSED] - Object: '' is clicked on

2020-11-04 14:18:09 - [MESSAGE][PASSED] - Click button "Upload"

2020-11-04 14:18:09 - [TEST_STEP][PASSED] - Upload file "new_captcha1500.png": Upload file "new_captcha1500.png"

2020-11-04 14:18:10 - [MESSAGE][PASSED] - Switched to window with index: '0'

2020-11-04 14:18:25 - [MESSAGE][PASSED] - Upload file "new_captcha1500.png"

2020-11-04 14:18:25 - [TEST_STEP][PASSED] - Click button "Check SLIK": Click button "Check SLIK"

2020-11-04 14:18:25 - [MESSAGE][INFO] - >>>>>//Button[contains(text(),'Check SLIK')]

2020-11-04 14:18:28 - [MESSAGE][PASSED] - Object: '' is clicked on

2020-11-04 14:18:28 - [MESSAGE][PASSED] - Click button "Check SLIK"

2020-11-04 14:18:28 - [TEST_STEP][PASSED] - Get text from pop up "Confirmation Submit Request" with text "Are you sure to submit this data ?": Get text from pop up "Confirmation Submit Request" with text "Are you sure to submit this data ?"

2020-11-04 14:18:29 - [MESSAGE][PASSED] - Taking screenshot successfully
[[ATTACHMENT|/Users/chaidir.pratama01/Documents/Docs/Katalon Studio/Screenshot/errorpopup.png]]

2020-11-04 14:18:30 - [MESSAGE][PASSED] - Object '' is present

2020-11-04 14:18:30 - [MESSAGE][PASSED] - Wait for page load successfully

2020-11-04 14:18:30 - [MESSAGE][PASSED] - Wait for page load successfully

2020-11-04 14:18:30 - [MESSAGE][PASSED] - Get text from pop up "Confirmation Submit Request" with text "Are you sure to submit this data ?"

2020-11-04 14:18:30 - [TEST_STEP][PASSED] - Click button "Yes": Click button "Yes"

2020-11-04 14:18:30 - [MESSAGE][INFO] - >>>>>//Button[contains(text(),'Yes')]

2020-11-04 14:18:33 - [MESSAGE][PASSED] - Object: '' is clicked on

2020-11-04 14:18:33 - [MESSAGE][PASSED] - Click button "Yes"

2020-11-04 14:18:33 - [TEST_STEP][PASSED] - Verify KTP Number Request Success: Verify KTP Number Request Success

2020-11-04 14:18:53 - [MESSAGE][PASSED] - Object '' is present

2020-11-04 14:18:53 - [MESSAGE][PASSED] - Verify KTP Number Request Success

2020-11-04 14:18:53 - [TEST_STEP][PASSED] - Click button "OK": Click button "OK"

2020-11-04 14:18:53 - [MESSAGE][INFO] - >>>>>//Button[contains(text(),'OK')]

2020-11-04 14:18:56 - [MESSAGE][PASSED] - Object: '' is clicked on

2020-11-04 14:18:56 - [MESSAGE][PASSED] - Click button "OK"

2020-11-04 14:18:56 - [TEST_STEP][PASSED] - Click button "Logout": Click button "Logout"

2020-11-04 14:18:56 - [MESSAGE][INFO] - >>>>>//Button[contains(text(),'Logout')]

2020-11-04 14:19:00 - [MESSAGE][PASSED] - Object: '' is clicked on

2020-11-04 14:19:00 - [MESSAGE][PASSED] - Click button "Logout"

2020-11-04 14:19:00 - [TEST_STEP][PASSED] - Close browser: Close browser

2020-11-04 14:19:00 - [MESSAGE][PASSED] - Browser is closed

2020-11-04 14:19:00 - [MESSAGE][PASSED] - Close browser

2020-11-04 14:19:00 - [MESSAGE][PASSED] - Feature file: 'Include/features/IST_Real/SLIK/SLIK Gateway Non Customer/SLIK Gateway Non Customer Checking.feature' was passed]]></system-out>
         <system-err><![CDATA[]]></system-err>
      </testcase>
      <testcase name="Test Cases/IST_Real/SLIK/SLIK_Gateway_Non_Customer/SELECT KTP NUMBER NON CUSTOMER from DB" time="5.089" classname="Test Cases/IST_Real/SLIK/SLIK_Gateway_Non_Customer/SELECT KTP NUMBER NON CUSTOMER from DB" status="PASSED">
         <system-out><![CDATA[2020-11-04 14:19:00 - [TEST_CASE][PASSED] - Test Cases/IST_Real/SLIK/SLIK_Gateway_Non_Customer/SELECT KTP NUMBER NON CUSTOMER from DB: Test Cases/IST_Real/SLIK/SLIK_Gateway_Non_Customer/SELECT KTP NUMBER NON CUSTOMER from DB

2020-11-04 14:19:00 - [TEST_STEP][PASSED] - runFeatureFile("Include/features/IST_Real/SLIK/SLIK Gateway Non Customer/SELECT_KTP_NUMBER_NON_CUSTOMER_from_DB.feature"): Feature file: 'Include/features/IST_Real/SLIK/SLIK Gateway Non Customer/SELECT_KTP_NUMBER_NON_CUSTOMER_from_DB.feature' was passed

2020-11-04 14:19:00 - [MESSAGE][INFO] - Starting run keyword runFeatureFile: 'Include/features/IST_Real/SLIK/SLIK Gateway Non Customer/SELECT_KTP_NUMBER_NON_CUSTOMER_from_DB.feature' and extract report to folder: '/Users/chaidir.pratama01/Katalon Studio/IST_Automation_Git/Reports/20201104_141636/SLIK/TS_SLIK_Gateway_Non_Customer/20201104_141636/cucumber_report/1604474340799'...

2020-11-04 14:19:01 - [TEST_CASE][PASSED] - Start Test Case : SCENARIO SELECT KTP Number Non Customer From Table SLIK_DATA_CUSTOMER: SCENARIO SELECT KTP Number Non Customer From Table SLIK_DATA_CUSTOMER

2020-11-04 14:19:01 - [TEST_STEP][PASSED] - Connect to Database: Connect to Database

2020-11-04 14:19:04 - [MESSAGE][PASSED] - Connect to Database

2020-11-04 14:19:04 - [TEST_STEP][PASSED] - Check KTP Number Non Customer in DB: Check KTP Number Non Customer in DB

2020-11-04 14:19:05 - [MESSAGE][PASSED] - Check KTP Number Non Customer in DB

2020-11-04 14:19:05 - [MESSAGE][PASSED] - Feature file: 'Include/features/IST_Real/SLIK/SLIK Gateway Non Customer/SELECT_KTP_NUMBER_NON_CUSTOMER_from_DB.feature' was passed]]></system-out>
         <system-err><![CDATA[]]></system-err>
      </testcase>
      <testcase name="Test Cases/IST_Real/SLIK/SLIK_Gateway_Non_Customer/SLIK Gateway Non Customer Search By KTP" time="23.51" classname="Test Cases/IST_Real/SLIK/SLIK_Gateway_Non_Customer/SLIK Gateway Non Customer Search By KTP" status="PASSED">
         <system-out><![CDATA[2020-11-04 14:19:05 - [TEST_CASE][PASSED] - Test Cases/IST_Real/SLIK/SLIK_Gateway_Non_Customer/SLIK Gateway Non Customer Search By KTP: Test Cases/IST_Real/SLIK/SLIK_Gateway_Non_Customer/SLIK Gateway Non Customer Search By KTP

2020-11-04 14:19:05 - [TEST_STEP][PASSED] - runFeatureFile("Include/features/IST_Real/SLIK/SLIK Gateway Non Customer/SLIK_Gateaway_Non_Customer_Search_By_KTP.feature"): Feature file: 'Include/features/IST_Real/SLIK/SLIK Gateway Non Customer/SLIK_Gateaway_Non_Customer_Search_By_KTP.feature' was passed

2020-11-04 14:19:05 - [MESSAGE][INFO] - Starting run keyword runFeatureFile: 'Include/features/IST_Real/SLIK/SLIK Gateway Non Customer/SLIK_Gateaway_Non_Customer_Search_By_KTP.feature' and extract report to folder: '/Users/chaidir.pratama01/Katalon Studio/IST_Automation_Git/Reports/20201104_141636/SLIK/TS_SLIK_Gateway_Non_Customer/20201104_141636/cucumber_report/1604474345881'...

2020-11-04 14:19:06 - [TEST_CASE][PASSED] - Start Test Case : SCENARIO SLIK Gateway Non Customer Search Result: SCENARIO SLIK Gateway Non Customer Search Result

2020-11-04 14:19:06 - [TEST_STEP][PASSED] - Go to ISTools: Go to ISTools

2020-11-04 14:19:06 - [MESSAGE][INFO] - Starting 'Chrome' driver

2020-11-04 14:19:06 - [MESSAGE][INFO] - User set preference: ['AcceptInsecureCerts', 'true']

2020-11-04 14:19:06 - [MESSAGE][INFO] - User set preference: ['args', '[ignore-certificate-errors]']

2020-11-04 14:19:06 - [MESSAGE][INFO] - Action delay is set to 0 milliseconds

2020-11-04 14:19:07 - [MESSAGE][PASSED] - Browser is opened with url: ''

2020-11-04 14:19:14 - [MESSAGE][PASSED] - Navigate to 'https://id-ist01preprod.id.nonprod/ist/' successfully

2020-11-04 14:19:14 - [MESSAGE][PASSED] - Go to ISTools

2020-11-04 14:19:14 - [TEST_STEP][PASSED] - Login IST with valid credentials: Login IST with valid credentials

2020-11-04 14:19:14 - [MESSAGE][PASSED] - Text 'mobile.test' is set on object 'Object Repository/Page_/input_Username_j_username'

2020-11-04 14:19:15 - [MESSAGE][PASSED] - Text ****** has been set on object 'Object Repository/Page_/input_Password_j_password'

2020-11-04 14:19:17 - [MESSAGE][PASSED] - Object: 'Object Repository/Page_/button_Login' is clicked on

2020-11-04 14:19:17 - [MESSAGE][PASSED] - Login IST with valid credentials

2020-11-04 14:19:17 - [TEST_STEP][PASSED] - Login Success for contract dispatcher: Login Success for contract dispatcher

2020-11-04 14:19:17 - [MESSAGE][INFO] - Login Success

2020-11-04 14:19:18 - [MESSAGE][PASSED] - Current window maximized

2020-11-04 14:19:18 - [MESSAGE][PASSED] - Object 'Object Repository/Page_/h1_Welcome to IT Supporting Tools' is present

2020-11-04 14:19:18 - [MESSAGE][PASSED] - Login Success for contract dispatcher

2020-11-04 14:19:18 - [TEST_STEP][PASSED] - Select Menu SLIK Gateway NonCustomer: Select Menu SLIK Gateway NonCustomer

2020-11-04 14:19:18 - [MESSAGE][PASSED] - Object '' is present

2020-11-04 14:19:19 - [MESSAGE][PASSED] - Object: '' is clicked on

2020-11-04 14:19:19 - [MESSAGE][PASSED] - Wait for page load successfully

2020-11-04 14:19:19 - [MESSAGE][PASSED] - Select Menu SLIK Gateway NonCustomer

2020-11-04 14:19:19 - [TEST_STEP][PASSED] - Input Data KTP Number for Search Result: Input Data KTP Number for Search Result

2020-11-04 14:19:20 - [MESSAGE][PASSED] - Scroll to object '' successfully

2020-11-04 14:19:20 - [MESSAGE][PASSED] - Text '8888888888888888' is set on object ''

2020-11-04 14:19:20 - [MESSAGE][PASSED] - Input Data KTP Number for Search Result

2020-11-04 14:19:20 - [TEST_STEP][PASSED] - Click button "Search": Click button "Search"

2020-11-04 14:19:20 - [MESSAGE][INFO] - >>>>>//Button[contains(text(),'Search')]

2020-11-04 14:19:23 - [MESSAGE][PASSED] - Object: '' is clicked on

2020-11-04 14:19:23 - [MESSAGE][PASSED] - Click button "Search"

2020-11-04 14:19:23 - [TEST_STEP][PASSED] - Verify Search Result with KTP Number: Verify Search Result with KTP Number

2020-11-04 14:19:24 - [MESSAGE][PASSED] - Object '' is present

2020-11-04 14:19:24 - [MESSAGE][PASSED] - Verify Search Result with KTP Number

2020-11-04 14:19:24 - [TEST_STEP][PASSED] - Verify Search Result data: Verify Search Result data

2020-11-04 14:19:25 - [MESSAGE][PASSED] - Scroll to object '' successfully

2020-11-04 14:19:25 - [MESSAGE][PASSED] - Object '' is present

2020-11-04 14:19:25 - [MESSAGE][PASSED] - Verify Search Result data

2020-11-04 14:19:25 - [TEST_STEP][PASSED] - Click button "Logout": Click button "Logout"

2020-11-04 14:19:25 - [MESSAGE][INFO] - >>>>>//Button[contains(text(),'Logout')]

2020-11-04 14:19:29 - [MESSAGE][PASSED] - Object: '' is clicked on

2020-11-04 14:19:29 - [MESSAGE][PASSED] - Click button "Logout"

2020-11-04 14:19:29 - [TEST_STEP][PASSED] - Close browser: Close browser

2020-11-04 14:19:29 - [MESSAGE][PASSED] - Browser is closed

2020-11-04 14:19:29 - [MESSAGE][PASSED] - Close browser

2020-11-04 14:19:29 - [MESSAGE][PASSED] - Feature file: 'Include/features/IST_Real/SLIK/SLIK Gateway Non Customer/SLIK_Gateaway_Non_Customer_Search_By_KTP.feature' was passed]]></system-out>
         <system-err><![CDATA[]]></system-err>
      </testcase>
      <testcase name="Test Cases/IST_Real/SLIK/SLIK_Gateway_Non_Customer/SLIK Gateway Non Customer Search By Status REQUESTED" time="21.972" classname="Test Cases/IST_Real/SLIK/SLIK_Gateway_Non_Customer/SLIK Gateway Non Customer Search By Status REQUESTED" status="PASSED">
         <system-out><![CDATA[2020-11-04 14:19:29 - [TEST_CASE][PASSED] - Test Cases/IST_Real/SLIK/SLIK_Gateway_Non_Customer/SLIK Gateway Non Customer Search By Status REQUESTED: Test Cases/IST_Real/SLIK/SLIK_Gateway_Non_Customer/SLIK Gateway Non Customer Search By Status REQUESTED

2020-11-04 14:19:29 - [TEST_STEP][PASSED] - runFeatureFile("Include/features/IST_Real/SLIK/SLIK Gateway Non Customer/SLIK_Gateway_Non_Customer_Search_By_Status_REQUESTED.feature"): Feature file: 'Include/features/IST_Real/SLIK/SLIK Gateway Non Customer/SLIK_Gateway_Non_Customer_Search_By_Status_REQUESTED.feature' was passed

2020-11-04 14:19:29 - [MESSAGE][INFO] - Starting run keyword runFeatureFile: 'Include/features/IST_Real/SLIK/SLIK Gateway Non Customer/SLIK_Gateway_Non_Customer_Search_By_Status_REQUESTED.feature' and extract report to folder: '/Users/chaidir.pratama01/Katalon Studio/IST_Automation_Git/Reports/20201104_141636/SLIK/TS_SLIK_Gateway_Non_Customer/20201104_141636/cucumber_report/1604474369400'...

2020-11-04 14:19:29 - [TEST_CASE][PASSED] - Start Test Case : SCENARIO Search Result by Status: SCENARIO Search Result by Status

2020-11-04 14:19:29 - [TEST_STEP][PASSED] - Go to ISTools: Go to ISTools

2020-11-04 14:19:29 - [MESSAGE][INFO] - Starting 'Chrome' driver

2020-11-04 14:19:29 - [MESSAGE][INFO] - User set preference: ['AcceptInsecureCerts', 'true']

2020-11-04 14:19:29 - [MESSAGE][INFO] - User set preference: ['args', '[ignore-certificate-errors]']

2020-11-04 14:19:29 - [MESSAGE][INFO] - Action delay is set to 0 milliseconds

2020-11-04 14:19:30 - [MESSAGE][PASSED] - Browser is opened with url: ''

2020-11-04 14:19:36 - [MESSAGE][PASSED] - Navigate to 'https://id-ist01preprod.id.nonprod/ist/' successfully

2020-11-04 14:19:36 - [MESSAGE][PASSED] - Go to ISTools

2020-11-04 14:19:36 - [TEST_STEP][PASSED] - Login IST with valid credentials: Login IST with valid credentials

2020-11-04 14:19:36 - [MESSAGE][PASSED] - Text 'mobile.test' is set on object 'Object Repository/Page_/input_Username_j_username'

2020-11-04 14:19:37 - [MESSAGE][PASSED] - Text ****** has been set on object 'Object Repository/Page_/input_Password_j_password'

2020-11-04 14:19:39 - [MESSAGE][PASSED] - Object: 'Object Repository/Page_/button_Login' is clicked on

2020-11-04 14:19:39 - [MESSAGE][PASSED] - Login IST with valid credentials

2020-11-04 14:19:39 - [TEST_STEP][PASSED] - Login Success for contract dispatcher: Login Success for contract dispatcher

2020-11-04 14:19:39 - [MESSAGE][INFO] - Login Success

2020-11-04 14:19:39 - [MESSAGE][PASSED] - Current window maximized

2020-11-04 14:19:40 - [MESSAGE][PASSED] - Object 'Object Repository/Page_/h1_Welcome to IT Supporting Tools' is present

2020-11-04 14:19:40 - [MESSAGE][PASSED] - Login Success for contract dispatcher

2020-11-04 14:19:40 - [TEST_STEP][PASSED] - Select Menu SLIK Gateway NonCustomer: Select Menu SLIK Gateway NonCustomer

2020-11-04 14:19:40 - [MESSAGE][PASSED] - Object '' is present

2020-11-04 14:19:40 - [MESSAGE][PASSED] - Object: '' is clicked on

2020-11-04 14:19:40 - [MESSAGE][PASSED] - Wait for page load successfully

2020-11-04 14:19:40 - [MESSAGE][PASSED] - Select Menu SLIK Gateway NonCustomer

2020-11-04 14:19:40 - [TEST_STEP][PASSED] - Select Status is "REQUESTED": Select Status is "REQUESTED"

2020-11-04 14:19:42 - [MESSAGE][PASSED] - All options with value 'REQUESTED' are selected in object ''  using regular expression

2020-11-04 14:19:42 - [MESSAGE][PASSED] - Select Status is "REQUESTED"

2020-11-04 14:19:42 - [TEST_STEP][PASSED] - Click button "Search": Click button "Search"

2020-11-04 14:19:42 - [MESSAGE][INFO] - >>>>>//Button[contains(text(),'Search')]

2020-11-04 14:19:45 - [MESSAGE][PASSED] - Object: '' is clicked on

2020-11-04 14:19:45 - [MESSAGE][PASSED] - Click button "Search"

2020-11-04 14:19:45 - [TEST_STEP][PASSED] - Verify Search Result Based on Result Status: Verify Search Result Based on Result Status

2020-11-04 14:19:46 - [MESSAGE][PASSED] - Scroll to object '' successfully

2020-11-04 14:19:46 - [MESSAGE][PASSED] - Actual text and expected text of test object '' are matched.

2020-11-04 14:19:47 - [MESSAGE][PASSED] - Text of object '' is: 'REQUESTED -'

2020-11-04 14:19:47 - [MESSAGE][PASSED] - Text of object '' is: '8888888888888888'

2020-11-04 14:19:47 - [MESSAGE][PASSED] - Verify Search Result Based on Result Status

2020-11-04 14:19:47 - [TEST_STEP][PASSED] - Click button "Logout": Click button "Logout"

2020-11-04 14:19:47 - [MESSAGE][INFO] - >>>>>//Button[contains(text(),'Logout')]

2020-11-04 14:19:51 - [MESSAGE][PASSED] - Object: '' is clicked on

2020-11-04 14:19:51 - [MESSAGE][PASSED] - Click button "Logout"

2020-11-04 14:19:51 - [TEST_STEP][PASSED] - Close browser: Close browser

2020-11-04 14:19:51 - [MESSAGE][PASSED] - Browser is closed

2020-11-04 14:19:51 - [MESSAGE][PASSED] - Close browser

2020-11-04 14:19:51 - [MESSAGE][PASSED] - Feature file: 'Include/features/IST_Real/SLIK/SLIK Gateway Non Customer/SLIK_Gateway_Non_Customer_Search_By_Status_REQUESTED.feature' was passed]]></system-out>
         <system-err><![CDATA[]]></system-err>
      </testcase>
      <testcase name="Test Cases/IST_Real/SLIK/SLIK_Gateway_Non_Customer/SLIK Gateway Non Customer View Detail when Status REQUESTED" time="27.885" classname="Test Cases/IST_Real/SLIK/SLIK_Gateway_Non_Customer/SLIK Gateway Non Customer View Detail when Status REQUESTED" status="PASSED">
         <system-out><![CDATA[2020-11-04 14:19:51 - [TEST_CASE][PASSED] - Test Cases/IST_Real/SLIK/SLIK_Gateway_Non_Customer/SLIK Gateway Non Customer View Detail when Status REQUESTED: Test Cases/IST_Real/SLIK/SLIK_Gateway_Non_Customer/SLIK Gateway Non Customer View Detail when Status REQUESTED

2020-11-04 14:19:51 - [TEST_STEP][PASSED] - runFeatureFile("Include/features/IST_Real/SLIK/SLIK Gateway Non Customer/SLIK_Gateway_Non_Customer_View_Detail_when_Status_REQUESTED.feature"): Feature file: 'Include/features/IST_Real/SLIK/SLIK Gateway Non Customer/SLIK_Gateway_Non_Customer_View_Detail_when_Status_REQUESTED.feature' was passed

2020-11-04 14:19:51 - [MESSAGE][INFO] - Starting run keyword runFeatureFile: 'Include/features/IST_Real/SLIK/SLIK Gateway Non Customer/SLIK_Gateway_Non_Customer_View_Detail_when_Status_REQUESTED.feature' and extract report to folder: '/Users/chaidir.pratama01/Katalon Studio/IST_Automation_Git/Reports/20201104_141636/SLIK/TS_SLIK_Gateway_Non_Customer/20201104_141636/cucumber_report/1604474391395'...

2020-11-04 14:19:51 - [TEST_CASE][PASSED] - Start Test Case : SCENARIO SLIK Gateway Non Customer View Detail Link: SCENARIO SLIK Gateway Non Customer View Detail Link

2020-11-04 14:19:51 - [TEST_STEP][PASSED] - Go to ISTools: Go to ISTools

2020-11-04 14:19:51 - [MESSAGE][INFO] - Starting 'Chrome' driver

2020-11-04 14:19:51 - [MESSAGE][INFO] - User set preference: ['AcceptInsecureCerts', 'true']

2020-11-04 14:19:51 - [MESSAGE][INFO] - User set preference: ['args', '[ignore-certificate-errors]']

2020-11-04 14:19:51 - [MESSAGE][INFO] - Action delay is set to 0 milliseconds

2020-11-04 14:19:52 - [MESSAGE][PASSED] - Browser is opened with url: ''

2020-11-04 14:20:00 - [MESSAGE][PASSED] - Navigate to 'https://id-ist01preprod.id.nonprod/ist/' successfully

2020-11-04 14:20:00 - [MESSAGE][PASSED] - Go to ISTools

2020-11-04 14:20:00 - [TEST_STEP][PASSED] - Login IST with valid credentials: Login IST with valid credentials

2020-11-04 14:20:01 - [MESSAGE][PASSED] - Text 'mobile.test' is set on object 'Object Repository/Page_/input_Username_j_username'

2020-11-04 14:20:02 - [MESSAGE][PASSED] - Text ****** has been set on object 'Object Repository/Page_/input_Password_j_password'

2020-11-04 14:20:06 - [MESSAGE][PASSED] - Object: 'Object Repository/Page_/button_Login' is clicked on

2020-11-04 14:20:06 - [MESSAGE][PASSED] - Login IST with valid credentials

2020-11-04 14:20:06 - [TEST_STEP][PASSED] - Login Success for contract dispatcher: Login Success for contract dispatcher

2020-11-04 14:20:06 - [MESSAGE][INFO] - Login Success

2020-11-04 14:20:06 - [MESSAGE][PASSED] - Current window maximized

2020-11-04 14:20:06 - [MESSAGE][PASSED] - Object 'Object Repository/Page_/h1_Welcome to IT Supporting Tools' is present

2020-11-04 14:20:06 - [MESSAGE][PASSED] - Login Success for contract dispatcher

2020-11-04 14:20:06 - [TEST_STEP][PASSED] - Select Menu SLIK Gateway NonCustomer: Select Menu SLIK Gateway NonCustomer

2020-11-04 14:20:06 - [MESSAGE][PASSED] - Object '' is present

2020-11-04 14:20:07 - [MESSAGE][PASSED] - Object: '' is clicked on

2020-11-04 14:20:07 - [MESSAGE][PASSED] - Wait for page load successfully

2020-11-04 14:20:07 - [MESSAGE][PASSED] - Select Menu SLIK Gateway NonCustomer

2020-11-04 14:20:07 - [TEST_STEP][PASSED] - Select Status is "REQUESTED": Select Status is "REQUESTED"

2020-11-04 14:20:09 - [MESSAGE][PASSED] - All options with value 'REQUESTED' are selected in object ''  using regular expression

2020-11-04 14:20:09 - [MESSAGE][PASSED] - Select Status is "REQUESTED"

2020-11-04 14:20:09 - [TEST_STEP][PASSED] - Click button "Search": Click button "Search"

2020-11-04 14:20:09 - [MESSAGE][INFO] - >>>>>//Button[contains(text(),'Search')]

2020-11-04 14:20:12 - [MESSAGE][PASSED] - Object: '' is clicked on

2020-11-04 14:20:12 - [MESSAGE][PASSED] - Click button "Search"

2020-11-04 14:20:12 - [TEST_STEP][PASSED] - Verify Search Result Based on Result Status: Verify Search Result Based on Result Status

2020-11-04 14:20:13 - [MESSAGE][PASSED] - Scroll to object '' successfully

2020-11-04 14:20:13 - [MESSAGE][PASSED] - Actual text and expected text of test object '' are matched.

2020-11-04 14:20:13 - [MESSAGE][PASSED] - Text of object '' is: 'REQUESTED -'

2020-11-04 14:20:14 - [MESSAGE][PASSED] - Text of object '' is: '8888888888888888'

2020-11-04 14:20:14 - [MESSAGE][PASSED] - Verify Search Result Based on Result Status

2020-11-04 14:20:14 - [TEST_STEP][PASSED] - Click View Detail Link: Click View Detail Link

2020-11-04 14:20:14 - [MESSAGE][PASSED] - Web element with id: '' located by 'By.xpath: //span[text()='Search Result']/../../../following-sibling::div[@class='z-groupbox-content']/div[@class='z-grid']/div[@class='z-grid-body']/table/tbody/tr/td[7]/div/div/span' is not present after '3' second(s)

2020-11-04 14:20:14 - [MESSAGE][PASSED] - Click View Detail Link

2020-11-04 14:20:14 - [TEST_STEP][PASSED] - Take Screenshot "View_detail_NonCutomer.png": Take Screenshot "View_detail_NonCutomer.png"

2020-11-04 14:20:15 - [MESSAGE][PASSED] - Taking screenshot successfully
[[ATTACHMENT|/Users/chaidir.pratama01/Katalon Studio/IST_Automation_Git/img/View_detail_NonCutomer.png]]

2020-11-04 14:20:15 - [MESSAGE][PASSED] - Take Screenshot "View_detail_NonCutomer.png"

2020-11-04 14:20:15 - [TEST_STEP][PASSED] - Verify Slik Result Detail Link: Verify Slik Result Detail Link

2020-11-04 14:20:15 - [MESSAGE][PASSED] - Verify Slik Result Detail Link

2020-11-04 14:20:15 - [TEST_STEP][PASSED] - Click button "Logout": Click button "Logout"

2020-11-04 14:20:15 - [MESSAGE][INFO] - >>>>>//Button[contains(text(),'Logout')]

2020-11-04 14:20:19 - [MESSAGE][PASSED] - Object: '' is clicked on

2020-11-04 14:20:19 - [MESSAGE][PASSED] - Click button "Logout"

2020-11-04 14:20:19 - [TEST_STEP][PASSED] - Close browser: Close browser

2020-11-04 14:20:19 - [MESSAGE][PASSED] - Browser is closed

2020-11-04 14:20:19 - [MESSAGE][PASSED] - Close browser

2020-11-04 14:20:19 - [MESSAGE][PASSED] - Feature file: 'Include/features/IST_Real/SLIK/SLIK Gateway Non Customer/SLIK_Gateway_Non_Customer_View_Detail_when_Status_REQUESTED.feature' was passed]]></system-out>
         <system-err><![CDATA[]]></system-err>
      </testcase>
      <testcase name="Test Cases/IST_Real/SLIK/SLIK_Gateway_Approval_Non_Customer/Approve KTP Number" time="49.972" classname="Test Cases/IST_Real/SLIK/SLIK_Gateway_Approval_Non_Customer/Approve KTP Number" status="PASSED">
         <system-out><![CDATA[2020-11-04 14:20:19 - [TEST_CASE][PASSED] - Test Cases/IST_Real/SLIK/SLIK_Gateway_Approval_Non_Customer/Approve KTP Number: Test Cases/IST_Real/SLIK/SLIK_Gateway_Approval_Non_Customer/Approve KTP Number

2020-11-04 14:20:19 - [TEST_STEP][PASSED] - runFeatureFile("Include/features/IST_Real/SLIK/SLIK Gateway Approval Non Customer/Approve_KTP_Number.feature"): Feature file: 'Include/features/IST_Real/SLIK/SLIK Gateway Approval Non Customer/Approve_KTP_Number.feature' was passed

2020-11-04 14:20:19 - [MESSAGE][INFO] - Starting run keyword runFeatureFile: 'Include/features/IST_Real/SLIK/SLIK Gateway Approval Non Customer/Approve_KTP_Number.feature' and extract report to folder: '/Users/chaidir.pratama01/Katalon Studio/IST_Automation_Git/Reports/20201104_141636/SLIK/TS_SLIK_Gateway_Non_Customer/20201104_141636/cucumber_report/1604474419262'...

2020-11-04 14:20:19 - [TEST_CASE][PASSED] - Start Test Case : SCENARIO Approve KTP Number by Checker: SCENARIO Approve KTP Number by Checker

2020-11-04 14:20:19 - [TEST_STEP][PASSED] - Go to ISTools: Go to ISTools

2020-11-04 14:20:19 - [MESSAGE][INFO] - Starting 'Chrome' driver

2020-11-04 14:20:19 - [MESSAGE][INFO] - User set preference: ['AcceptInsecureCerts', 'true']

2020-11-04 14:20:19 - [MESSAGE][INFO] - User set preference: ['args', '[ignore-certificate-errors]']

2020-11-04 14:20:19 - [MESSAGE][INFO] - Action delay is set to 0 milliseconds

2020-11-04 14:20:20 - [MESSAGE][PASSED] - Browser is opened with url: ''

2020-11-04 14:20:38 - [MESSAGE][PASSED] - Navigate to 'https://id-ist01preprod.id.nonprod/ist/' successfully

2020-11-04 14:20:38 - [MESSAGE][PASSED] - Go to ISTools

2020-11-04 14:20:38 - [TEST_STEP][PASSED] - Login IST with valid credentials: Login IST with valid credentials

2020-11-04 14:20:38 - [MESSAGE][PASSED] - Text 'mobile.test' is set on object 'Object Repository/Page_/input_Username_j_username'

2020-11-04 14:20:39 - [MESSAGE][PASSED] - Text ****** has been set on object 'Object Repository/Page_/input_Password_j_password'

2020-11-04 14:20:41 - [MESSAGE][PASSED] - Object: 'Object Repository/Page_/button_Login' is clicked on

2020-11-04 14:20:41 - [MESSAGE][PASSED] - Login IST with valid credentials

2020-11-04 14:20:41 - [TEST_STEP][PASSED] - Login Success for contract dispatcher: Login Success for contract dispatcher

2020-11-04 14:20:41 - [MESSAGE][INFO] - Login Success

2020-11-04 14:20:41 - [MESSAGE][PASSED] - Current window maximized

2020-11-04 14:20:42 - [MESSAGE][PASSED] - Object 'Object Repository/Page_/h1_Welcome to IT Supporting Tools' is present

2020-11-04 14:20:42 - [MESSAGE][PASSED] - Login Success for contract dispatcher

2020-11-04 14:20:42 - [TEST_STEP][PASSED] - Select Menu "SLIK Gateway Approval Non Customer": Select Menu "SLIK Gateway Approval Non Customer"

2020-11-04 14:20:43 - [MESSAGE][PASSED] - Taking screenshot successfully
[[ATTACHMENT|/Users/chaidir.pratama01/Documents/Docs/Katalon Studio/Screenshot/test-SLIK Gateway Approval Non Customer.png]]

2020-11-04 14:20:43 - [MESSAGE][PASSED] - Object '' is present

2020-11-04 14:20:43 - [MESSAGE][PASSED] - Object: '' is clicked on

2020-11-04 14:20:43 - [MESSAGE][PASSED] - Wait for page load successfully

2020-11-04 14:20:43 - [MESSAGE][PASSED] - Select Menu "SLIK Gateway Approval Non Customer"

2020-11-04 14:20:43 - [TEST_STEP][PASSED] - Verify Table Result Exist: Verify Table Result Exist

2020-11-04 14:20:44 - [MESSAGE][PASSED] - Object '' is present

2020-11-04 14:20:44 - [MESSAGE][PASSED] - Verify Table Result Exist

2020-11-04 14:20:44 - [TEST_STEP][PASSED] - Get Data From Table: Get Data From Table

2020-11-04 14:20:45 - [MESSAGE][PASSED] - Object '' is present

2020-11-04 14:20:46 - [MESSAGE][PASSED] - Text of object '' is: '1'

2020-11-04 14:20:46 - [MESSAGE][PASSED] - Text of object '' is: '8888888888888888'

2020-11-04 14:20:46 - [MESSAGE][PASSED] - Text of object '' is: 'OPEX TestingAuto'

2020-11-04 14:20:47 - [MESSAGE][PASSED] - Text of object '' is: 'View Document'

2020-11-04 14:20:47 - [MESSAGE][PASSED] - Text of object '' is: ''

2020-11-04 14:20:47 - [MESSAGE][PASSED] - Get Data From Table

2020-11-04 14:20:47 - [TEST_STEP][PASSED] - Click Checkbox Validate: Click Checkbox Validate

2020-11-04 14:20:47 - [MESSAGE][PASSED] - Text of object '' is: '8888888888888888'

2020-11-04 14:20:48 - [MESSAGE][PASSED] - Object: '' is clicked on

2020-11-04 14:20:48 - [MESSAGE][PASSED] - Click Checkbox Validate

2020-11-04 14:20:48 - [TEST_STEP][PASSED] - Click button "Continue": Click button "Continue"

2020-11-04 14:20:48 - [MESSAGE][INFO] - >>>>>//Button[contains(text(),'Continue')]

2020-11-04 14:20:51 - [MESSAGE][PASSED] - Object: '' is clicked on

2020-11-04 14:20:51 - [MESSAGE][PASSED] - Click button "Continue"

2020-11-04 14:20:51 - [TEST_STEP][PASSED] - Click Checkbox Saya Setuju: Click Checkbox Saya Setuju

2020-11-04 14:20:52 - [MESSAGE][PASSED] - Object '' is present

2020-11-04 14:20:52 - [MESSAGE][PASSED] - Object: '' is clicked on

2020-11-04 14:20:52 - [MESSAGE][PASSED] - Click Checkbox Saya Setuju

2020-11-04 14:20:52 - [TEST_STEP][PASSED] - Click button "Check SLIK": Click button "Check SLIK"

2020-11-04 14:20:52 - [MESSAGE][INFO] - >>>>>//Button[contains(text(),'Check SLIK')]

2020-11-04 14:20:55 - [MESSAGE][PASSED] - Object: '' is clicked on

2020-11-04 14:20:55 - [MESSAGE][PASSED] - Click button "Check SLIK"

2020-11-04 14:20:55 - [TEST_STEP][PASSED] - Get text from pop up "Confirmation Approve Data" with text "Are you sure to SUBMIT this data ?": Get text from pop up "Confirmation Approve Data" with text "Are you sure to SUBMIT this data ?"

2020-11-04 14:20:56 - [MESSAGE][PASSED] - Taking screenshot successfully
[[ATTACHMENT|/Users/chaidir.pratama01/Documents/Docs/Katalon Studio/Screenshot/errorpopup.png]]

2020-11-04 14:20:57 - [MESSAGE][PASSED] - Object '' is present

2020-11-04 14:20:57 - [MESSAGE][PASSED] - Wait for page load successfully

2020-11-04 14:20:57 - [MESSAGE][PASSED] - Wait for page load successfully

2020-11-04 14:20:57 - [MESSAGE][PASSED] - Get text from pop up "Confirmation Approve Data" with text "Are you sure to SUBMIT this data ?"

2020-11-04 14:20:57 - [TEST_STEP][PASSED] - Click button "Yes": Click button "Yes"

2020-11-04 14:20:57 - [MESSAGE][INFO] - >>>>>//Button[contains(text(),'Yes')]

2020-11-04 14:21:00 - [MESSAGE][PASSED] - Object: '' is clicked on

2020-11-04 14:21:00 - [MESSAGE][PASSED] - Click button "Yes"

2020-11-04 14:21:00 - [TEST_STEP][PASSED] - Get text from pop up "IT Supporting Tools" with text "Data is processed": Get text from pop up "IT Supporting Tools" with text "Data is processed"

2020-11-04 14:21:01 - [MESSAGE][PASSED] - Taking screenshot successfully
[[ATTACHMENT|/Users/chaidir.pratama01/Documents/Docs/Katalon Studio/Screenshot/errorpopup.png]]

2020-11-04 14:21:02 - [MESSAGE][PASSED] - Object '' is present

2020-11-04 14:21:02 - [MESSAGE][PASSED] - Wait for page load successfully

2020-11-04 14:21:02 - [MESSAGE][PASSED] - Wait for page load successfully

2020-11-04 14:21:02 - [MESSAGE][PASSED] - Get text from pop up "IT Supporting Tools" with text "Data is processed"

2020-11-04 14:21:02 - [TEST_STEP][PASSED] - Click button "OK": Click button "OK"

2020-11-04 14:21:02 - [MESSAGE][INFO] - >>>>>//Button[contains(text(),'OK')]

2020-11-04 14:21:05 - [MESSAGE][PASSED] - Object: '' is clicked on

2020-11-04 14:21:05 - [MESSAGE][PASSED] - Click button "OK"

2020-11-04 14:21:05 - [TEST_STEP][PASSED] - Click button "Logout": Click button "Logout"

2020-11-04 14:21:05 - [MESSAGE][INFO] - >>>>>//Button[contains(text(),'Logout')]

2020-11-04 14:21:09 - [MESSAGE][PASSED] - Object: '' is clicked on

2020-11-04 14:21:09 - [MESSAGE][PASSED] - Click button "Logout"

2020-11-04 14:21:09 - [TEST_STEP][PASSED] - Close browser: Close browser

2020-11-04 14:21:09 - [MESSAGE][PASSED] - Browser is closed

2020-11-04 14:21:09 - [MESSAGE][PASSED] - Close browser

2020-11-04 14:21:09 - [MESSAGE][PASSED] - Feature file: 'Include/features/IST_Real/SLIK/SLIK Gateway Approval Non Customer/Approve_KTP_Number.feature' was passed]]></system-out>
         <system-err><![CDATA[]]></system-err>
      </testcase>
      <testcase name="Test Cases/IST_Real/SLIK/SLIK_Gateway_Non_Customer/SLIK Gateway Non Customer Search By Status APPROVED" time="29.654" classname="Test Cases/IST_Real/SLIK/SLIK_Gateway_Non_Customer/SLIK Gateway Non Customer Search By Status APPROVED" status="PASSED">
         <system-out><![CDATA[2020-11-04 14:21:09 - [TEST_CASE][PASSED] - Test Cases/IST_Real/SLIK/SLIK_Gateway_Non_Customer/SLIK Gateway Non Customer Search By Status APPROVED: Test Cases/IST_Real/SLIK/SLIK_Gateway_Non_Customer/SLIK Gateway Non Customer Search By Status APPROVED

2020-11-04 14:21:09 - [TEST_STEP][PASSED] - runFeatureFile("Include/features/IST_Real/SLIK/SLIK Gateway Non Customer/SLIK_Gateway_Non_Customer_Search_By_Status_APPROVED.feature"): Feature file: 'Include/features/IST_Real/SLIK/SLIK Gateway Non Customer/SLIK_Gateway_Non_Customer_Search_By_Status_APPROVED.feature' was passed

2020-11-04 14:21:09 - [MESSAGE][INFO] - Starting run keyword runFeatureFile: 'Include/features/IST_Real/SLIK/SLIK Gateway Non Customer/SLIK_Gateway_Non_Customer_Search_By_Status_APPROVED.feature' and extract report to folder: '/Users/chaidir.pratama01/Katalon Studio/IST_Automation_Git/Reports/20201104_141636/SLIK/TS_SLIK_Gateway_Non_Customer/20201104_141636/cucumber_report/1604474469229'...

2020-11-04 14:21:09 - [TEST_CASE][PASSED] - Start Test Case : SCENARIO Search Result by Status: SCENARIO Search Result by Status

2020-11-04 14:21:09 - [TEST_STEP][PASSED] - Go to ISTools: Go to ISTools

2020-11-04 14:21:09 - [MESSAGE][INFO] - Starting 'Chrome' driver

2020-11-04 14:21:09 - [MESSAGE][INFO] - User set preference: ['AcceptInsecureCerts', 'true']

2020-11-04 14:21:09 - [MESSAGE][INFO] - User set preference: ['args', '[ignore-certificate-errors]']

2020-11-04 14:21:09 - [MESSAGE][INFO] - Action delay is set to 0 milliseconds

2020-11-04 14:21:10 - [MESSAGE][PASSED] - Browser is opened with url: ''

2020-11-04 14:21:19 - [MESSAGE][PASSED] - Navigate to 'https://id-ist01preprod.id.nonprod/ist/' successfully

2020-11-04 14:21:19 - [MESSAGE][PASSED] - Go to ISTools

2020-11-04 14:21:19 - [TEST_STEP][PASSED] - Login IST with valid credentials: Login IST with valid credentials

2020-11-04 14:21:20 - [MESSAGE][PASSED] - Text 'mobile.test' is set on object 'Object Repository/Page_/input_Username_j_username'

2020-11-04 14:21:21 - [MESSAGE][PASSED] - Text ****** has been set on object 'Object Repository/Page_/input_Password_j_password'

2020-11-04 14:21:24 - [MESSAGE][PASSED] - Object: 'Object Repository/Page_/button_Login' is clicked on

2020-11-04 14:21:24 - [MESSAGE][PASSED] - Login IST with valid credentials

2020-11-04 14:21:24 - [TEST_STEP][PASSED] - Login Success for contract dispatcher: Login Success for contract dispatcher

2020-11-04 14:21:24 - [MESSAGE][INFO] - Login Success

2020-11-04 14:21:24 - [MESSAGE][PASSED] - Current window maximized

2020-11-04 14:21:25 - [MESSAGE][PASSED] - Object 'Object Repository/Page_/h1_Welcome to IT Supporting Tools' is present

2020-11-04 14:21:25 - [MESSAGE][PASSED] - Login Success for contract dispatcher

2020-11-04 14:21:25 - [TEST_STEP][PASSED] - Select Menu SLIK Gateway NonCustomer: Select Menu SLIK Gateway NonCustomer

2020-11-04 14:21:25 - [MESSAGE][PASSED] - Object '' is present

2020-11-04 14:21:25 - [MESSAGE][PASSED] - Object: '' is clicked on

2020-11-04 14:21:25 - [MESSAGE][PASSED] - Wait for page load successfully

2020-11-04 14:21:25 - [MESSAGE][PASSED] - Select Menu SLIK Gateway NonCustomer

2020-11-04 14:21:25 - [TEST_STEP][PASSED] - Select Status is "APPROVED": Select Status is "APPROVED"

2020-11-04 14:21:28 - [MESSAGE][PASSED] - All options with value 'APPROVED' are selected in object ''  using regular expression

2020-11-04 14:21:28 - [MESSAGE][PASSED] - Select Status is "APPROVED"

2020-11-04 14:21:28 - [TEST_STEP][PASSED] - Click button "Search": Click button "Search"

2020-11-04 14:21:28 - [MESSAGE][INFO] - >>>>>//Button[contains(text(),'Search')]

2020-11-04 14:21:31 - [MESSAGE][PASSED] - Object: '' is clicked on

2020-11-04 14:21:31 - [MESSAGE][PASSED] - Click button "Search"

2020-11-04 14:21:31 - [TEST_STEP][PASSED] - Verify Search Result Based on Result Status: Verify Search Result Based on Result Status

2020-11-04 14:21:32 - [MESSAGE][PASSED] - Scroll to object '' successfully

2020-11-04 14:21:32 - [MESSAGE][WARNING] - Actual text 'APPROVED -' and expected text 'APPROVED - FAILED' of test object '' are NOT matched. (Root cause: com.kms.katalon.core.exception.StepFailedException: Actual text 'APPROVED -' and expected text 'APPROVED - FAILED' of test object '' are NOT matched.
	at com.kms.katalon.core.webui.keyword.internal.WebUIKeywordMain.stepFailed(WebUIKeywordMain.groovy:64)
	at com.kms.katalon.core.webui.keyword.builtin.VerifyElementTextKeyword$_verifyElementText_closure1.doCall(VerifyElementTextKeyword.groovy:57)
	at com.kms.katalon.core.webui.keyword.builtin.VerifyElementTextKeyword$_verifyElementText_closure1.call(VerifyElementTextKeyword.groovy)
	at com.kms.katalon.core.webui.keyword.internal.WebUIKeywordMain.runKeyword(WebUIKeywordMain.groovy:20)
	at com.kms.katalon.core.webui.keyword.builtin.VerifyElementTextKeyword.verifyElementText(VerifyElementTextKeyword.groovy:72)
	at com.kms.katalon.core.webui.keyword.builtin.VerifyElementTextKeyword.execute(VerifyElementTextKeyword.groovy:40)
	at com.kms.katalon.core.keyword.internal.KeywordExecutor.executeKeywordForPlatform(KeywordExecutor.groovy:73)
	at com.kms.katalon.core.webui.keyword.WebUiBuiltInKeywords.verifyElementText(WebUiBuiltInKeywords.groovy:3673)
	at com.kms.katalon.core.webui.keyword.WebUiBuiltInKeywords$verifyElementText$21.call(Unknown Source)
	at Slik_Script.Verify_Result_Status(Slik_Script.groovy:369)
	at cucumber.runtime.Utils$1.call(Utils.java:26)
	at cucumber.runtime.Timeout.timeout(Timeout.java:16)
	at cucumber.runtime.Utils.invoke(Utils.java:20)
	at cucumber.runtime.java.JavaStepDefinition.execute(JavaStepDefinition.java:48)
	at cucumber.runtime.PickleStepDefinitionMatch.runStep(PickleStepDefinitionMatch.java:50)
	at cucumber.runner.TestStep.executeStep(TestStep.java:55)
	at cucumber.runner.TestStep.run(TestStep.java:42)
	at cucumber.runner.PickleStepTestStep.run(PickleStepTestStep.java:53)
	at cucumber.runner.TestCase.run(TestCase.java:47)
	at cucumber.runner.Runner.runPickle(Runner.java:44)
	at cucumber.runtime.Runtime.runFeature(Runtime.java:120)
	at cucumber.runtime.Runtime.run(Runtime.java:106)
	at cucumber.api.cli.Main.run(Main.java:35)
	at cucumber.api.cli.Main$run.call(Unknown Source)
	at com.kms.katalon.core.cucumber.keyword.CucumberBuiltinKeywords$_runFeatureFile_closure1.doCall(CucumberBuiltinKeywords.groovy:76)
	at com.kms.katalon.core.cucumber.keyword.CucumberBuiltinKeywords$_runFeatureFile_closure1.doCall(CucumberBuiltinKeywords.groovy)
	at com.kms.katalon.core.keyword.internal.KeywordMain.runKeyword(KeywordMain.groovy:68)
	at com.kms.katalon.core.keyword.internal.KeywordMain$runKeyword.call(Unknown Source)
	at com.kms.katalon.core.cucumber.keyword.CucumberBuiltinKeywords.runFeatureFile(CucumberBuiltinKeywords.groovy:46)
	at com.kms.katalon.core.cucumber.keyword.CucumberBuiltinKeywords$runFeatureFile$0.callStatic(Unknown Source)
	at com.kms.katalon.core.cucumber.keyword.CucumberBuiltinKeywords.runFeatureFile(CucumberBuiltinKeywords.groovy:169)
	at com.kms.katalon.core.cucumber.keyword.CucumberBuiltinKeywords$runFeatureFile.call(Unknown Source)
	at SLIK Gateway Non Customer Search By Status APPROVED.run(SLIK Gateway Non Customer Search By Status APPROVED:18)
	at com.kms.katalon.core.main.ScriptEngine.run(ScriptEngine.java:194)
	at com.kms.katalon.core.main.ScriptEngine.runScriptAsRawText(ScriptEngine.java:119)
	at com.kms.katalon.core.main.TestCaseExecutor.runScript(TestCaseExecutor.java:339)
	at com.kms.katalon.core.main.TestCaseExecutor.doExecute(TestCaseExecutor.java:330)
	at com.kms.katalon.core.main.TestCaseExecutor.processExecutionPhase(TestCaseExecutor.java:309)
	at com.kms.katalon.core.main.TestCaseExecutor.accessMainPhase(TestCaseExecutor.java:301)
	at com.kms.katalon.core.main.TestCaseExecutor.execute(TestCaseExecutor.java:235)
	at com.kms.katalon.core.main.TestSuiteExecutor.accessTestCaseMainPhase(TestSuiteExecutor.java:191)
	at com.kms.katalon.core.main.TestSuiteExecutor.accessTestSuiteMainPhase(TestSuiteExecutor.java:141)
	at com.kms.katalon.core.main.TestSuiteExecutor.execute(TestSuiteExecutor.java:90)
	at com.kms.katalon.core.main.TestCaseMain.startTestSuite(TestCaseMain.java:157)
	at com.kms.katalon.core.main.TestCaseMain$startTestSuite$0.call(Unknown Source)
	at TempTestSuite1604474196488.run(TempTestSuite1604474196488.groovy:39)
)
[[ATTACHMENT|/Users/chaidir.pratama01/Katalon Studio/IST_Automation_Git/Reports/20201104_141636/SLIK/TS_SLIK_Gateway_Non_Customer/20201104_141636/1604474492313.png]]

2020-11-04 14:21:33 - [MESSAGE][WARNING] - Actual text 'APPROVED -' and expected text 'APPROVED - SUCCESS' of test object '' are NOT matched. (Root cause: com.kms.katalon.core.exception.StepFailedException: Actual text 'APPROVED -' and expected text 'APPROVED - SUCCESS' of test object '' are NOT matched.
	at com.kms.katalon.core.webui.keyword.internal.WebUIKeywordMain.stepFailed(WebUIKeywordMain.groovy:64)
	at com.kms.katalon.core.webui.keyword.builtin.VerifyElementTextKeyword$_verifyElementText_closure1.doCall(VerifyElementTextKeyword.groovy:57)
	at com.kms.katalon.core.webui.keyword.builtin.VerifyElementTextKeyword$_verifyElementText_closure1.call(VerifyElementTextKeyword.groovy)
	at com.kms.katalon.core.webui.keyword.internal.WebUIKeywordMain.runKeyword(WebUIKeywordMain.groovy:20)
	at com.kms.katalon.core.webui.keyword.builtin.VerifyElementTextKeyword.verifyElementText(VerifyElementTextKeyword.groovy:72)
	at com.kms.katalon.core.webui.keyword.builtin.VerifyElementTextKeyword.execute(VerifyElementTextKeyword.groovy:40)
	at com.kms.katalon.core.keyword.internal.KeywordExecutor.executeKeywordForPlatform(KeywordExecutor.groovy:73)
	at com.kms.katalon.core.webui.keyword.WebUiBuiltInKeywords.verifyElementText(WebUiBuiltInKeywords.groovy:3673)
	at com.kms.katalon.core.webui.keyword.WebUiBuiltInKeywords$verifyElementText$21.call(Unknown Source)
	at Slik_Script.Verify_Result_Status(Slik_Script.groovy:369)
	at cucumber.runtime.Utils$1.call(Utils.java:26)
	at cucumber.runtime.Timeout.timeout(Timeout.java:16)
	at cucumber.runtime.Utils.invoke(Utils.java:20)
	at cucumber.runtime.java.JavaStepDefinition.execute(JavaStepDefinition.java:48)
	at cucumber.runtime.PickleStepDefinitionMatch.runStep(PickleStepDefinitionMatch.java:50)
	at cucumber.runner.TestStep.executeStep(TestStep.java:55)
	at cucumber.runner.TestStep.run(TestStep.java:42)
	at cucumber.runner.PickleStepTestStep.run(PickleStepTestStep.java:53)
	at cucumber.runner.TestCase.run(TestCase.java:47)
	at cucumber.runner.Runner.runPickle(Runner.java:44)
	at cucumber.runtime.Runtime.runFeature(Runtime.java:120)
	at cucumber.runtime.Runtime.run(Runtime.java:106)
	at cucumber.api.cli.Main.run(Main.java:35)
	at cucumber.api.cli.Main$run.call(Unknown Source)
	at com.kms.katalon.core.cucumber.keyword.CucumberBuiltinKeywords$_runFeatureFile_closure1.doCall(CucumberBuiltinKeywords.groovy:76)
	at com.kms.katalon.core.cucumber.keyword.CucumberBuiltinKeywords$_runFeatureFile_closure1.doCall(CucumberBuiltinKeywords.groovy)
	at com.kms.katalon.core.keyword.internal.KeywordMain.runKeyword(KeywordMain.groovy:68)
	at com.kms.katalon.core.keyword.internal.KeywordMain$runKeyword.call(Unknown Source)
	at com.kms.katalon.core.cucumber.keyword.CucumberBuiltinKeywords.runFeatureFile(CucumberBuiltinKeywords.groovy:46)
	at com.kms.katalon.core.cucumber.keyword.CucumberBuiltinKeywords$runFeatureFile$0.callStatic(Unknown Source)
	at com.kms.katalon.core.cucumber.keyword.CucumberBuiltinKeywords.runFeatureFile(CucumberBuiltinKeywords.groovy:169)
	at com.kms.katalon.core.cucumber.keyword.CucumberBuiltinKeywords$runFeatureFile.call(Unknown Source)
	at SLIK Gateway Non Customer Search By Status APPROVED.run(SLIK Gateway Non Customer Search By Status APPROVED:18)
	at com.kms.katalon.core.main.ScriptEngine.run(ScriptEngine.java:194)
	at com.kms.katalon.core.main.ScriptEngine.runScriptAsRawText(ScriptEngine.java:119)
	at com.kms.katalon.core.main.TestCaseExecutor.runScript(TestCaseExecutor.java:339)
	at com.kms.katalon.core.main.TestCaseExecutor.doExecute(TestCaseExecutor.java:330)
	at com.kms.katalon.core.main.TestCaseExecutor.processExecutionPhase(TestCaseExecutor.java:309)
	at com.kms.katalon.core.main.TestCaseExecutor.accessMainPhase(TestCaseExecutor.java:301)
	at com.kms.katalon.core.main.TestCaseExecutor.execute(TestCaseExecutor.java:235)
	at com.kms.katalon.core.main.TestSuiteExecutor.accessTestCaseMainPhase(TestSuiteExecutor.java:191)
	at com.kms.katalon.core.main.TestSuiteExecutor.accessTestSuiteMainPhase(TestSuiteExecutor.java:141)
	at com.kms.katalon.core.main.TestSuiteExecutor.execute(TestSuiteExecutor.java:90)
	at com.kms.katalon.core.main.TestCaseMain.startTestSuite(TestCaseMain.java:157)
	at com.kms.katalon.core.main.TestCaseMain$startTestSuite$0.call(Unknown Source)
	at TempTestSuite1604474196488.run(TempTestSuite1604474196488.groovy:39)
)
[[ATTACHMENT|/Users/chaidir.pratama01/Katalon Studio/IST_Automation_Git/Reports/20201104_141636/SLIK/TS_SLIK_Gateway_Non_Customer/20201104_141636/1604474493254.png]]

2020-11-04 14:21:33 - [MESSAGE][PASSED] - Actual text and expected text of test object '' are matched.

2020-11-04 14:21:34 - [MESSAGE][PASSED] - Text of object '' is: 'APPROVED -'

2020-11-04 14:21:34 - [MESSAGE][PASSED] - Text of object '' is: '8888888888888888'

2020-11-04 14:21:34 - [MESSAGE][PASSED] - Verify Search Result Based on Result Status

2020-11-04 14:21:34 - [TEST_STEP][PASSED] - Click button "Logout": Click button "Logout"

2020-11-04 14:21:34 - [MESSAGE][INFO] - >>>>>//Button[contains(text(),'Logout')]

2020-11-04 14:21:38 - [MESSAGE][PASSED] - Object: '' is clicked on

2020-11-04 14:21:38 - [MESSAGE][PASSED] - Click button "Logout"

2020-11-04 14:21:38 - [TEST_STEP][PASSED] - Close browser: Close browser

2020-11-04 14:21:38 - [MESSAGE][PASSED] - Browser is closed

2020-11-04 14:21:38 - [MESSAGE][PASSED] - Close browser

2020-11-04 14:21:38 - [MESSAGE][PASSED] - Feature file: 'Include/features/IST_Real/SLIK/SLIK Gateway Non Customer/SLIK_Gateway_Non_Customer_Search_By_Status_APPROVED.feature' was passed]]></system-out>
         <system-err><![CDATA[]]></system-err>
      </testcase>
      <testcase name="Test Cases/IST_Real/SLIK/SLIK_Gateway_Non_Customer/SLIK Gateway Non Customer View Detail when Status APPROVED" time="29.223" classname="Test Cases/IST_Real/SLIK/SLIK_Gateway_Non_Customer/SLIK Gateway Non Customer View Detail when Status APPROVED" status="PASSED">
         <system-out><![CDATA[2020-11-04 14:21:38 - [TEST_CASE][PASSED] - Test Cases/IST_Real/SLIK/SLIK_Gateway_Non_Customer/SLIK Gateway Non Customer View Detail when Status APPROVED: Test Cases/IST_Real/SLIK/SLIK_Gateway_Non_Customer/SLIK Gateway Non Customer View Detail when Status APPROVED

2020-11-04 14:21:38 - [TEST_STEP][PASSED] - runFeatureFile("Include/features/IST_Real/SLIK/SLIK Gateway Non Customer/SLIK_Gateway_Non_Customer_View_Detail_when_Status_APPROVED.feature"): Feature file: 'Include/features/IST_Real/SLIK/SLIK Gateway Non Customer/SLIK_Gateway_Non_Customer_View_Detail_when_Status_APPROVED.feature' was passed

2020-11-04 14:21:38 - [MESSAGE][INFO] - Starting run keyword runFeatureFile: 'Include/features/IST_Real/SLIK/SLIK Gateway Non Customer/SLIK_Gateway_Non_Customer_View_Detail_when_Status_APPROVED.feature' and extract report to folder: '/Users/chaidir.pratama01/Katalon Studio/IST_Automation_Git/Reports/20201104_141636/SLIK/TS_SLIK_Gateway_Non_Customer/20201104_141636/cucumber_report/1604474498889'...

2020-11-04 14:21:39 - [TEST_CASE][PASSED] - Start Test Case : SCENARIO SLIK Gateway Non Customer View Detail Link: SCENARIO SLIK Gateway Non Customer View Detail Link

2020-11-04 14:21:39 - [TEST_STEP][PASSED] - Go to ISTools: Go to ISTools

2020-11-04 14:21:39 - [MESSAGE][INFO] - Starting 'Chrome' driver

2020-11-04 14:21:39 - [MESSAGE][INFO] - User set preference: ['AcceptInsecureCerts', 'true']

2020-11-04 14:21:39 - [MESSAGE][INFO] - User set preference: ['args', '[ignore-certificate-errors]']

2020-11-04 14:21:39 - [MESSAGE][INFO] - Action delay is set to 0 milliseconds

2020-11-04 14:21:40 - [MESSAGE][PASSED] - Browser is opened with url: ''

2020-11-04 14:21:48 - [MESSAGE][PASSED] - Navigate to 'https://id-ist01preprod.id.nonprod/ist/' successfully

2020-11-04 14:21:48 - [MESSAGE][PASSED] - Go to ISTools

2020-11-04 14:21:48 - [TEST_STEP][PASSED] - Login IST with valid credentials: Login IST with valid credentials

2020-11-04 14:21:49 - [MESSAGE][PASSED] - Text 'mobile.test' is set on object 'Object Repository/Page_/input_Username_j_username'

2020-11-04 14:21:49 - [MESSAGE][PASSED] - Text ****** has been set on object 'Object Repository/Page_/input_Password_j_password'

2020-11-04 14:21:52 - [MESSAGE][PASSED] - Object: 'Object Repository/Page_/button_Login' is clicked on

2020-11-04 14:21:52 - [MESSAGE][PASSED] - Login IST with valid credentials

2020-11-04 14:21:52 - [TEST_STEP][PASSED] - Login Success for contract dispatcher: Login Success for contract dispatcher

2020-11-04 14:21:52 - [MESSAGE][INFO] - Login Success

2020-11-04 14:21:53 - [MESSAGE][PASSED] - Current window maximized

2020-11-04 14:21:53 - [MESSAGE][PASSED] - Object 'Object Repository/Page_/h1_Welcome to IT Supporting Tools' is present

2020-11-04 14:21:53 - [MESSAGE][PASSED] - Login Success for contract dispatcher

2020-11-04 14:21:53 - [TEST_STEP][PASSED] - Select Menu SLIK Gateway NonCustomer: Select Menu SLIK Gateway NonCustomer

2020-11-04 14:21:53 - [MESSAGE][PASSED] - Object '' is present

2020-11-04 14:21:54 - [MESSAGE][PASSED] - Object: '' is clicked on

2020-11-04 14:21:54 - [MESSAGE][PASSED] - Wait for page load successfully

2020-11-04 14:21:54 - [MESSAGE][PASSED] - Select Menu SLIK Gateway NonCustomer

2020-11-04 14:21:54 - [TEST_STEP][PASSED] - Select Status is "APPROVED": Select Status is "APPROVED"

2020-11-04 14:21:56 - [MESSAGE][PASSED] - All options with value 'APPROVED' are selected in object ''  using regular expression

2020-11-04 14:21:56 - [MESSAGE][PASSED] - Select Status is "APPROVED"

2020-11-04 14:21:56 - [TEST_STEP][PASSED] - Click button "Search": Click button "Search"

2020-11-04 14:21:56 - [MESSAGE][INFO] - >>>>>//Button[contains(text(),'Search')]

2020-11-04 14:21:59 - [MESSAGE][PASSED] - Object: '' is clicked on

2020-11-04 14:21:59 - [MESSAGE][PASSED] - Click button "Search"

2020-11-04 14:21:59 - [TEST_STEP][PASSED] - Verify Search Result Based on Result Status: Verify Search Result Based on Result Status

2020-11-04 14:22:00 - [MESSAGE][PASSED] - Scroll to object '' successfully

2020-11-04 14:22:00 - [MESSAGE][WARNING] - Actual text 'APPROVED -' and expected text 'APPROVED - FAILED' of test object '' are NOT matched. (Root cause: com.kms.katalon.core.exception.StepFailedException: Actual text 'APPROVED -' and expected text 'APPROVED - FAILED' of test object '' are NOT matched.
	at com.kms.katalon.core.webui.keyword.internal.WebUIKeywordMain.stepFailed(WebUIKeywordMain.groovy:64)
	at com.kms.katalon.core.webui.keyword.builtin.VerifyElementTextKeyword$_verifyElementText_closure1.doCall(VerifyElementTextKeyword.groovy:57)
	at com.kms.katalon.core.webui.keyword.builtin.VerifyElementTextKeyword$_verifyElementText_closure1.call(VerifyElementTextKeyword.groovy)
	at com.kms.katalon.core.webui.keyword.internal.WebUIKeywordMain.runKeyword(WebUIKeywordMain.groovy:20)
	at com.kms.katalon.core.webui.keyword.builtin.VerifyElementTextKeyword.verifyElementText(VerifyElementTextKeyword.groovy:72)
	at com.kms.katalon.core.webui.keyword.builtin.VerifyElementTextKeyword.execute(VerifyElementTextKeyword.groovy:40)
	at com.kms.katalon.core.keyword.internal.KeywordExecutor.executeKeywordForPlatform(KeywordExecutor.groovy:73)
	at com.kms.katalon.core.webui.keyword.WebUiBuiltInKeywords.verifyElementText(WebUiBuiltInKeywords.groovy:3673)
	at com.kms.katalon.core.webui.keyword.WebUiBuiltInKeywords$verifyElementText$21.call(Unknown Source)
	at Slik_Script.Verify_Result_Status(Slik_Script.groovy:369)
	at cucumber.runtime.Utils$1.call(Utils.java:26)
	at cucumber.runtime.Timeout.timeout(Timeout.java:16)
	at cucumber.runtime.Utils.invoke(Utils.java:20)
	at cucumber.runtime.java.JavaStepDefinition.execute(JavaStepDefinition.java:48)
	at cucumber.runtime.PickleStepDefinitionMatch.runStep(PickleStepDefinitionMatch.java:50)
	at cucumber.runner.TestStep.executeStep(TestStep.java:55)
	at cucumber.runner.TestStep.run(TestStep.java:42)
	at cucumber.runner.PickleStepTestStep.run(PickleStepTestStep.java:53)
	at cucumber.runner.TestCase.run(TestCase.java:47)
	at cucumber.runner.Runner.runPickle(Runner.java:44)
	at cucumber.runtime.Runtime.runFeature(Runtime.java:120)
	at cucumber.runtime.Runtime.run(Runtime.java:106)
	at cucumber.api.cli.Main.run(Main.java:35)
	at cucumber.api.cli.Main$run.call(Unknown Source)
	at com.kms.katalon.core.cucumber.keyword.CucumberBuiltinKeywords$_runFeatureFile_closure1.doCall(CucumberBuiltinKeywords.groovy:76)
	at com.kms.katalon.core.cucumber.keyword.CucumberBuiltinKeywords$_runFeatureFile_closure1.doCall(CucumberBuiltinKeywords.groovy)
	at com.kms.katalon.core.keyword.internal.KeywordMain.runKeyword(KeywordMain.groovy:68)
	at com.kms.katalon.core.keyword.internal.KeywordMain$runKeyword.call(Unknown Source)
	at com.kms.katalon.core.cucumber.keyword.CucumberBuiltinKeywords.runFeatureFile(CucumberBuiltinKeywords.groovy:46)
	at com.kms.katalon.core.cucumber.keyword.CucumberBuiltinKeywords$runFeatureFile$0.callStatic(Unknown Source)
	at com.kms.katalon.core.cucumber.keyword.CucumberBuiltinKeywords.runFeatureFile(CucumberBuiltinKeywords.groovy:169)
	at com.kms.katalon.core.cucumber.keyword.CucumberBuiltinKeywords$runFeatureFile.call(Unknown Source)
	at SLIK Gateway Non Customer View Detail when Status APPROVED.run(SLIK Gateway Non Customer View Detail when Status APPROVED:18)
	at com.kms.katalon.core.main.ScriptEngine.run(ScriptEngine.java:194)
	at com.kms.katalon.core.main.ScriptEngine.runScriptAsRawText(ScriptEngine.java:119)
	at com.kms.katalon.core.main.TestCaseExecutor.runScript(TestCaseExecutor.java:339)
	at com.kms.katalon.core.main.TestCaseExecutor.doExecute(TestCaseExecutor.java:330)
	at com.kms.katalon.core.main.TestCaseExecutor.processExecutionPhase(TestCaseExecutor.java:309)
	at com.kms.katalon.core.main.TestCaseExecutor.accessMainPhase(TestCaseExecutor.java:301)
	at com.kms.katalon.core.main.TestCaseExecutor.execute(TestCaseExecutor.java:235)
	at com.kms.katalon.core.main.TestSuiteExecutor.accessTestCaseMainPhase(TestSuiteExecutor.java:191)
	at com.kms.katalon.core.main.TestSuiteExecutor.accessTestSuiteMainPhase(TestSuiteExecutor.java:141)
	at com.kms.katalon.core.main.TestSuiteExecutor.execute(TestSuiteExecutor.java:90)
	at com.kms.katalon.core.main.TestCaseMain.startTestSuite(TestCaseMain.java:157)
	at com.kms.katalon.core.main.TestCaseMain$startTestSuite$0.call(Unknown Source)
	at TempTestSuite1604474196488.run(TempTestSuite1604474196488.groovy:39)
)
[[ATTACHMENT|/Users/chaidir.pratama01/Katalon Studio/IST_Automation_Git/Reports/20201104_141636/SLIK/TS_SLIK_Gateway_Non_Customer/20201104_141636/1604474520309.png]]

2020-11-04 14:22:01 - [MESSAGE][WARNING] - Actual text 'APPROVED -' and expected text 'APPROVED - SUCCESS' of test object '' are NOT matched. (Root cause: com.kms.katalon.core.exception.StepFailedException: Actual text 'APPROVED -' and expected text 'APPROVED - SUCCESS' of test object '' are NOT matched.
	at com.kms.katalon.core.webui.keyword.internal.WebUIKeywordMain.stepFailed(WebUIKeywordMain.groovy:64)
	at com.kms.katalon.core.webui.keyword.builtin.VerifyElementTextKeyword$_verifyElementText_closure1.doCall(VerifyElementTextKeyword.groovy:57)
	at com.kms.katalon.core.webui.keyword.builtin.VerifyElementTextKeyword$_verifyElementText_closure1.call(VerifyElementTextKeyword.groovy)
	at com.kms.katalon.core.webui.keyword.internal.WebUIKeywordMain.runKeyword(WebUIKeywordMain.groovy:20)
	at com.kms.katalon.core.webui.keyword.builtin.VerifyElementTextKeyword.verifyElementText(VerifyElementTextKeyword.groovy:72)
	at com.kms.katalon.core.webui.keyword.builtin.VerifyElementTextKeyword.execute(VerifyElementTextKeyword.groovy:40)
	at com.kms.katalon.core.keyword.internal.KeywordExecutor.executeKeywordForPlatform(KeywordExecutor.groovy:73)
	at com.kms.katalon.core.webui.keyword.WebUiBuiltInKeywords.verifyElementText(WebUiBuiltInKeywords.groovy:3673)
	at com.kms.katalon.core.webui.keyword.WebUiBuiltInKeywords$verifyElementText$21.call(Unknown Source)
	at Slik_Script.Verify_Result_Status(Slik_Script.groovy:369)
	at cucumber.runtime.Utils$1.call(Utils.java:26)
	at cucumber.runtime.Timeout.timeout(Timeout.java:16)
	at cucumber.runtime.Utils.invoke(Utils.java:20)
	at cucumber.runtime.java.JavaStepDefinition.execute(JavaStepDefinition.java:48)
	at cucumber.runtime.PickleStepDefinitionMatch.runStep(PickleStepDefinitionMatch.java:50)
	at cucumber.runner.TestStep.executeStep(TestStep.java:55)
	at cucumber.runner.TestStep.run(TestStep.java:42)
	at cucumber.runner.PickleStepTestStep.run(PickleStepTestStep.java:53)
	at cucumber.runner.TestCase.run(TestCase.java:47)
	at cucumber.runner.Runner.runPickle(Runner.java:44)
	at cucumber.runtime.Runtime.runFeature(Runtime.java:120)
	at cucumber.runtime.Runtime.run(Runtime.java:106)
	at cucumber.api.cli.Main.run(Main.java:35)
	at cucumber.api.cli.Main$run.call(Unknown Source)
	at com.kms.katalon.core.cucumber.keyword.CucumberBuiltinKeywords$_runFeatureFile_closure1.doCall(CucumberBuiltinKeywords.groovy:76)
	at com.kms.katalon.core.cucumber.keyword.CucumberBuiltinKeywords$_runFeatureFile_closure1.doCall(CucumberBuiltinKeywords.groovy)
	at com.kms.katalon.core.keyword.internal.KeywordMain.runKeyword(KeywordMain.groovy:68)
	at com.kms.katalon.core.keyword.internal.KeywordMain$runKeyword.call(Unknown Source)
	at com.kms.katalon.core.cucumber.keyword.CucumberBuiltinKeywords.runFeatureFile(CucumberBuiltinKeywords.groovy:46)
	at com.kms.katalon.core.cucumber.keyword.CucumberBuiltinKeywords$runFeatureFile$0.callStatic(Unknown Source)
	at com.kms.katalon.core.cucumber.keyword.CucumberBuiltinKeywords.runFeatureFile(CucumberBuiltinKeywords.groovy:169)
	at com.kms.katalon.core.cucumber.keyword.CucumberBuiltinKeywords$runFeatureFile.call(Unknown Source)
	at SLIK Gateway Non Customer View Detail when Status APPROVED.run(SLIK Gateway Non Customer View Detail when Status APPROVED:18)
	at com.kms.katalon.core.main.ScriptEngine.run(ScriptEngine.java:194)
	at com.kms.katalon.core.main.ScriptEngine.runScriptAsRawText(ScriptEngine.java:119)
	at com.kms.katalon.core.main.TestCaseExecutor.runScript(TestCaseExecutor.java:339)
	at com.kms.katalon.core.main.TestCaseExecutor.doExecute(TestCaseExecutor.java:330)
	at com.kms.katalon.core.main.TestCaseExecutor.processExecutionPhase(TestCaseExecutor.java:309)
	at com.kms.katalon.core.main.TestCaseExecutor.accessMainPhase(TestCaseExecutor.java:301)
	at com.kms.katalon.core.main.TestCaseExecutor.execute(TestCaseExecutor.java:235)
	at com.kms.katalon.core.main.TestSuiteExecutor.accessTestCaseMainPhase(TestSuiteExecutor.java:191)
	at com.kms.katalon.core.main.TestSuiteExecutor.accessTestSuiteMainPhase(TestSuiteExecutor.java:141)
	at com.kms.katalon.core.main.TestSuiteExecutor.execute(TestSuiteExecutor.java:90)
	at com.kms.katalon.core.main.TestCaseMain.startTestSuite(TestCaseMain.java:157)
	at com.kms.katalon.core.main.TestCaseMain$startTestSuite$0.call(Unknown Source)
	at TempTestSuite1604474196488.run(TempTestSuite1604474196488.groovy:39)
)
[[ATTACHMENT|/Users/chaidir.pratama01/Katalon Studio/IST_Automation_Git/Reports/20201104_141636/SLIK/TS_SLIK_Gateway_Non_Customer/20201104_141636/1604474521234.png]]

2020-11-04 14:22:02 - [MESSAGE][PASSED] - Actual text and expected text of test object '' are matched.

2020-11-04 14:22:02 - [MESSAGE][PASSED] - Text of object '' is: 'APPROVED -'

2020-11-04 14:22:02 - [MESSAGE][PASSED] - Text of object '' is: '8888888888888888'

2020-11-04 14:22:02 - [MESSAGE][PASSED] - Verify Search Result Based on Result Status

2020-11-04 14:22:02 - [TEST_STEP][PASSED] - Click View Detail Link: Click View Detail Link

2020-11-04 14:22:03 - [MESSAGE][PASSED] - Web element with id: '' located by 'By.xpath: //span[text()='Search Result']/../../../following-sibling::div[@class='z-groupbox-content']/div[@class='z-grid']/div[@class='z-grid-body']/table/tbody/tr/td[7]/div/div/span' is not present after '3' second(s)

2020-11-04 14:22:03 - [MESSAGE][PASSED] - Click View Detail Link

2020-11-04 14:22:03 - [TEST_STEP][PASSED] - Take Screenshot "View_detail_NonCutomer.png": Take Screenshot "View_detail_NonCutomer.png"

2020-11-04 14:22:04 - [MESSAGE][PASSED] - Taking screenshot successfully
[[ATTACHMENT|/Users/chaidir.pratama01/Katalon Studio/IST_Automation_Git/img/View_detail_NonCutomer.png]]

2020-11-04 14:22:04 - [MESSAGE][PASSED] - Take Screenshot "View_detail_NonCutomer.png"

2020-11-04 14:22:04 - [TEST_STEP][PASSED] - Verify Slik Result Detail Link: Verify Slik Result Detail Link

2020-11-04 14:22:04 - [MESSAGE][PASSED] - Verify Slik Result Detail Link

2020-11-04 14:22:04 - [TEST_STEP][PASSED] - Click button "Logout": Click button "Logout"

2020-11-04 14:22:04 - [MESSAGE][INFO] - >>>>>//Button[contains(text(),'Logout')]

2020-11-04 14:22:07 - [MESSAGE][PASSED] - Object: '' is clicked on

2020-11-04 14:22:07 - [MESSAGE][PASSED] - Click button "Logout"

2020-11-04 14:22:07 - [TEST_STEP][PASSED] - Close browser: Close browser

2020-11-04 14:22:08 - [MESSAGE][PASSED] - Browser is closed

2020-11-04 14:22:08 - [MESSAGE][PASSED] - Close browser

2020-11-04 14:22:08 - [MESSAGE][PASSED] - Feature file: 'Include/features/IST_Real/SLIK/SLIK Gateway Non Customer/SLIK_Gateway_Non_Customer_View_Detail_when_Status_APPROVED.feature' was passed]]></system-out>
         <system-err><![CDATA[]]></system-err>
      </testcase>
      <testcase name="Test Cases/IST_Real/SLIK/SLIK_Gateway_Non_Customer/Delete KTPNumber From DB" time="2.294" classname="Test Cases/IST_Real/SLIK/SLIK_Gateway_Non_Customer/Delete KTPNumber From DB" status="PASSED">
         <system-out><![CDATA[2020-11-04 14:22:08 - [TEST_CASE][PASSED] - Test Cases/IST_Real/SLIK/SLIK_Gateway_Non_Customer/Delete KTPNumber From DB: Test Cases/IST_Real/SLIK/SLIK_Gateway_Non_Customer/Delete KTPNumber From DB

2020-11-04 14:22:08 - [TEST_STEP][PASSED] - runFeatureFile("Include/features/IST_Real/SLIK/SLIK Gateway Non Customer/Delete_KTPNumber_From_DB.feature"): Feature file: 'Include/features/IST_Real/SLIK/SLIK Gateway Non Customer/Delete_KTPNumber_From_DB.feature' was passed

2020-11-04 14:22:08 - [MESSAGE][INFO] - Starting run keyword runFeatureFile: 'Include/features/IST_Real/SLIK/SLIK Gateway Non Customer/Delete_KTPNumber_From_DB.feature' and extract report to folder: '/Users/chaidir.pratama01/Katalon Studio/IST_Automation_Git/Reports/20201104_141636/SLIK/TS_SLIK_Gateway_Non_Customer/20201104_141636/cucumber_report/1604474528114'...

2020-11-04 14:22:08 - [TEST_CASE][PASSED] - Start Test Case : SCENARIO Delete_KTPNumber_From_DB: SCENARIO Delete_KTPNumber_From_DB

2020-11-04 14:22:08 - [TEST_STEP][PASSED] - Connect to Database: Connect to Database

2020-11-04 14:22:09 - [MESSAGE][PASSED] - Connect to Database

2020-11-04 14:22:09 - [TEST_STEP][PASSED] - Delete Contract From SLIK_DATA_NonCUSTOMER: Delete Contract From SLIK_DATA_NonCUSTOMER

2020-11-04 14:22:10 - [MESSAGE][PASSED] - Delete Contract From SLIK_DATA_NonCUSTOMER

2020-11-04 14:22:10 - [MESSAGE][PASSED] - Feature file: 'Include/features/IST_Real/SLIK/SLIK Gateway Non Customer/Delete_KTPNumber_From_DB.feature' was passed]]></system-out>
         <system-err><![CDATA[]]></system-err>
      </testcase>
      <testcase name="Test Cases/IST_Real/SLIK/SLIK_Gateway_Non_Customer/SLIK Gateway Non Customer Checking" time="82.503" classname="Test Cases/IST_Real/SLIK/SLIK_Gateway_Non_Customer/SLIK Gateway Non Customer Checking" status="PASSED">
         <system-out><![CDATA[2020-11-04 14:22:10 - [TEST_CASE][PASSED] - Test Cases/IST_Real/SLIK/SLIK_Gateway_Non_Customer/SLIK Gateway Non Customer Checking: Test Cases/IST_Real/SLIK/SLIK_Gateway_Non_Customer/SLIK Gateway Non Customer Checking

2020-11-04 14:22:10 - [TEST_STEP][PASSED] - runFeatureFile("Include/features/IST_Real/SLIK/SLIK Gateway Non Customer/SLIK Gateway Non Customer Checking.feature"): Feature file: 'Include/features/IST_Real/SLIK/SLIK Gateway Non Customer/SLIK Gateway Non Customer Checking.feature' was passed

2020-11-04 14:22:10 - [MESSAGE][INFO] - Starting run keyword runFeatureFile: 'Include/features/IST_Real/SLIK/SLIK Gateway Non Customer/SLIK Gateway Non Customer Checking.feature' and extract report to folder: '/Users/chaidir.pratama01/Katalon Studio/IST_Automation_Git/Reports/20201104_141636/SLIK/TS_SLIK_Gateway_Non_Customer/20201104_141636/cucumber_report/1604474530328'...

2020-11-04 14:22:10 - [TEST_CASE][PASSED] - Start Test Case : SCENARIO SLIK Gateway Non Customer Checking: SCENARIO SLIK Gateway Non Customer Checking

2020-11-04 14:22:10 - [TEST_STEP][PASSED] - Go to ISTools: Go to ISTools

2020-11-04 14:22:10 - [MESSAGE][INFO] - Starting 'Chrome' driver

2020-11-04 14:22:10 - [MESSAGE][INFO] - User set preference: ['AcceptInsecureCerts', 'true']

2020-11-04 14:22:10 - [MESSAGE][INFO] - User set preference: ['args', '[ignore-certificate-errors]']

2020-11-04 14:22:10 - [MESSAGE][INFO] - Action delay is set to 0 milliseconds

2020-11-04 14:22:11 - [MESSAGE][PASSED] - Browser is opened with url: ''

2020-11-04 14:22:18 - [MESSAGE][PASSED] - Navigate to 'https://id-ist01preprod.id.nonprod/ist/' successfully

2020-11-04 14:22:18 - [MESSAGE][PASSED] - Go to ISTools

2020-11-04 14:22:18 - [TEST_STEP][PASSED] - Login IST with valid credentials: Login IST with valid credentials

2020-11-04 14:22:19 - [MESSAGE][PASSED] - Text 'mobile.test' is set on object 'Object Repository/Page_/input_Username_j_username'

2020-11-04 14:22:19 - [MESSAGE][PASSED] - Text ****** has been set on object 'Object Repository/Page_/input_Password_j_password'

2020-11-04 14:22:21 - [MESSAGE][PASSED] - Object: 'Object Repository/Page_/button_Login' is clicked on

2020-11-04 14:22:21 - [MESSAGE][PASSED] - Login IST with valid credentials

2020-11-04 14:22:21 - [TEST_STEP][PASSED] - Login Success for contract dispatcher: Login Success for contract dispatcher

2020-11-04 14:22:21 - [MESSAGE][INFO] - Login Success

2020-11-04 14:22:21 - [MESSAGE][PASSED] - Current window maximized

2020-11-04 14:22:22 - [MESSAGE][PASSED] - Object 'Object Repository/Page_/h1_Welcome to IT Supporting Tools' is present

2020-11-04 14:22:22 - [MESSAGE][PASSED] - Login Success for contract dispatcher

2020-11-04 14:22:22 - [TEST_STEP][PASSED] - Select Menu SLIK Gateway NonCustomer: Select Menu SLIK Gateway NonCustomer

2020-11-04 14:22:22 - [MESSAGE][PASSED] - Object '' is present

2020-11-04 14:22:23 - [MESSAGE][PASSED] - Object: '' is clicked on

2020-11-04 14:22:23 - [MESSAGE][PASSED] - Wait for page load successfully

2020-11-04 14:22:23 - [MESSAGE][PASSED] - Select Menu SLIK Gateway NonCustomer

2020-11-04 14:22:23 - [TEST_STEP][PASSED] - Input Data KTP Number: Input Data KTP Number

2020-11-04 14:22:24 - [MESSAGE][PASSED] - Text '8888888888888888' is set on object ''

2020-11-04 14:22:24 - [MESSAGE][PASSED] - Input Data KTP Number

2020-11-04 14:22:24 - [TEST_STEP][PASSED] - Input Data "Name *" with value "OPEX TestingAuto" for Check SLIK: Input Data "Name *" with value "OPEX TestingAuto" for Check SLIK

2020-11-04 14:22:25 - [MESSAGE][PASSED] - Taking screenshot successfully
[[ATTACHMENT|/Users/chaidir.pratama01/Documents/Docs/Katalon Studio/Screenshot/slik.png]]

2020-11-04 14:22:25 - [MESSAGE][PASSED] - Object '' is visible

2020-11-04 14:22:25 - [MESSAGE][PASSED] - Object: '' is focused

2020-11-04 14:22:26 - [MESSAGE][PASSED] - Text 'OPEX TestingAuto' is set on object ''

2020-11-04 14:22:26 - [MESSAGE][PASSED] - Input Data "Name *" with value "OPEX TestingAuto" for Check SLIK

2020-11-04 14:22:26 - [TEST_STEP][PASSED] - Input Date of Birth "20-02-1990": Input Date of Birth "20-02-1990"

2020-11-04 14:22:27 - [MESSAGE][PASSED] - Text '20-02-1990' is set on object ''

2020-11-04 14:22:30 - [MESSAGE][PASSED] - Delayed 3 second(s)

2020-11-04 14:22:30 - [MESSAGE][PASSED] - Input Date of Birth "20-02-1990"

2020-11-04 14:22:30 - [TEST_STEP][PASSED] - Select Gender "Laki-laki": Select Gender "Laki-laki"

2020-11-04 14:22:30 - [MESSAGE][PASSED] - Object: '' is clicked on

2020-11-04 14:22:30 - [MESSAGE][PASSED] - Select Gender "Laki-laki"

2020-11-04 14:22:30 - [TEST_STEP][PASSED] - Select Purpose is "Penilaian Calon Kemitraan": Select Purpose is "Penilaian Calon Kemitraan"

2020-11-04 14:22:32 - [MESSAGE][PASSED] - All options with value 'Penilaian Calon Kemitraan' are selected in object ''  using regular expression

2020-11-04 14:22:32 - [MESSAGE][PASSED] - Select Purpose is "Penilaian Calon Kemitraan"

2020-11-04 14:22:32 - [TEST_STEP][PASSED] - Input Data "Place of Birth" with value "Jakarta" for Check SLIK: Input Data "Place of Birth" with value "Jakarta" for Check SLIK

2020-11-04 14:22:33 - [MESSAGE][PASSED] - Taking screenshot successfully
[[ATTACHMENT|/Users/chaidir.pratama01/Documents/Docs/Katalon Studio/Screenshot/slik.png]]

2020-11-04 14:22:33 - [MESSAGE][PASSED] - Object '' is visible

2020-11-04 14:22:33 - [MESSAGE][PASSED] - Object: '' is focused

2020-11-04 14:22:34 - [MESSAGE][PASSED] - Text 'Jakarta' is set on object ''

2020-11-04 14:22:34 - [MESSAGE][PASSED] - Input Data "Place of Birth" with value "Jakarta" for Check SLIK

2020-11-04 14:22:34 - [TEST_STEP][PASSED] - Input Data "Mother Maternity Name" with value "Tester Auto" for Check SLIK: Input Data "Mother Maternity Name" with value "Tester Auto" for Check SLIK

2020-11-04 14:22:35 - [MESSAGE][PASSED] - Taking screenshot successfully
[[ATTACHMENT|/Users/chaidir.pratama01/Documents/Docs/Katalon Studio/Screenshot/slik.png]]

2020-11-04 14:22:35 - [MESSAGE][PASSED] - Object '' is visible

2020-11-04 14:22:36 - [MESSAGE][PASSED] - Object: '' is focused

2020-11-04 14:22:36 - [MESSAGE][PASSED] - Text 'Tester Auto' is set on object ''

2020-11-04 14:22:36 - [MESSAGE][PASSED] - Input Data "Mother Maternity Name" with value "Tester Auto" for Check SLIK

2020-11-04 14:22:36 - [TEST_STEP][PASSED] - Input KTP Address "TESTING AUTO JAKARTA": Input KTP Address "TESTING AUTO JAKARTA"

2020-11-04 14:22:37 - [MESSAGE][PASSED] - Text 'TESTING AUTO JAKARTA' is set on object ''

2020-11-04 14:22:37 - [MESSAGE][PASSED] - Input KTP Address "TESTING AUTO JAKARTA"

2020-11-04 14:22:37 - [TEST_STEP][PASSED] - Click button "Upload": Click button "Upload"

2020-11-04 14:22:37 - [MESSAGE][INFO] - >>>>>//Button[contains(text(),'Upload')]

2020-11-04 14:22:41 - [MESSAGE][PASSED] - Object: '' is clicked on

2020-11-04 14:22:41 - [MESSAGE][PASSED] - Click button "Upload"

2020-11-04 14:22:41 - [TEST_STEP][PASSED] - Upload file "new_captcha1500.png": Upload file "new_captcha1500.png"

2020-11-04 14:22:42 - [MESSAGE][PASSED] - Switched to window with index: '0'

2020-11-04 14:22:56 - [MESSAGE][PASSED] - Upload file "new_captcha1500.png"

2020-11-04 14:22:56 - [TEST_STEP][PASSED] - Click button "Check SLIK": Click button "Check SLIK"

2020-11-04 14:22:56 - [MESSAGE][INFO] - >>>>>//Button[contains(text(),'Check SLIK')]

2020-11-04 14:23:00 - [MESSAGE][PASSED] - Object: '' is clicked on

2020-11-04 14:23:00 - [MESSAGE][PASSED] - Click button "Check SLIK"

2020-11-04 14:23:00 - [TEST_STEP][PASSED] - Get text from pop up "Confirmation Submit Request" with text "Are you sure to submit this data ?": Get text from pop up "Confirmation Submit Request" with text "Are you sure to submit this data ?"

2020-11-04 14:23:01 - [MESSAGE][PASSED] - Taking screenshot successfully
[[ATTACHMENT|/Users/chaidir.pratama01/Documents/Docs/Katalon Studio/Screenshot/errorpopup.png]]

2020-11-04 14:23:01 - [MESSAGE][PASSED] - Object '' is present

2020-11-04 14:23:01 - [MESSAGE][PASSED] - Wait for page load successfully

2020-11-04 14:23:01 - [MESSAGE][PASSED] - Wait for page load successfully

2020-11-04 14:23:01 - [MESSAGE][PASSED] - Get text from pop up "Confirmation Submit Request" with text "Are you sure to submit this data ?"

2020-11-04 14:23:01 - [TEST_STEP][PASSED] - Click button "Yes": Click button "Yes"

2020-11-04 14:23:01 - [MESSAGE][INFO] - >>>>>//Button[contains(text(),'Yes')]

2020-11-04 14:23:05 - [MESSAGE][PASSED] - Object: '' is clicked on

2020-11-04 14:23:05 - [MESSAGE][PASSED] - Click button "Yes"

2020-11-04 14:23:05 - [TEST_STEP][PASSED] - Verify KTP Number Request Success: Verify KTP Number Request Success

2020-11-04 14:23:25 - [MESSAGE][PASSED] - Object '' is present

2020-11-04 14:23:25 - [MESSAGE][PASSED] - Verify KTP Number Request Success

2020-11-04 14:23:25 - [TEST_STEP][PASSED] - Click button "OK": Click button "OK"

2020-11-04 14:23:25 - [MESSAGE][INFO] - >>>>>//Button[contains(text(),'OK')]

2020-11-04 14:23:28 - [MESSAGE][PASSED] - Object: '' is clicked on

2020-11-04 14:23:28 - [MESSAGE][PASSED] - Click button "OK"

2020-11-04 14:23:28 - [TEST_STEP][PASSED] - Click button "Logout": Click button "Logout"

2020-11-04 14:23:28 - [MESSAGE][INFO] - >>>>>//Button[contains(text(),'Logout')]

2020-11-04 14:23:32 - [MESSAGE][PASSED] - Object: '' is clicked on

2020-11-04 14:23:32 - [MESSAGE][PASSED] - Click button "Logout"

2020-11-04 14:23:32 - [TEST_STEP][PASSED] - Close browser: Close browser

2020-11-04 14:23:32 - [MESSAGE][PASSED] - Browser is closed

2020-11-04 14:23:32 - [MESSAGE][PASSED] - Close browser

2020-11-04 14:23:32 - [MESSAGE][PASSED] - Feature file: 'Include/features/IST_Real/SLIK/SLIK Gateway Non Customer/SLIK Gateway Non Customer Checking.feature' was passed]]></system-out>
         <system-err><![CDATA[]]></system-err>
      </testcase>
      <testcase name="Test Cases/IST_Real/SLIK/SLIK_Gateway_Approval_Non_Customer/Reject KTP Number" time="35.233" classname="Test Cases/IST_Real/SLIK/SLIK_Gateway_Approval_Non_Customer/Reject KTP Number" status="PASSED">
         <system-out><![CDATA[2020-11-04 14:23:32 - [TEST_CASE][PASSED] - Test Cases/IST_Real/SLIK/SLIK_Gateway_Approval_Non_Customer/Reject KTP Number: Test Cases/IST_Real/SLIK/SLIK_Gateway_Approval_Non_Customer/Reject KTP Number

2020-11-04 14:23:32 - [TEST_STEP][PASSED] - runFeatureFile("Include/features/IST_Real/SLIK/SLIK Gateway Approval Non Customer/Reject_KTP_Number.feature"): Feature file: 'Include/features/IST_Real/SLIK/SLIK Gateway Approval Non Customer/Reject_KTP_Number.feature' was passed

2020-11-04 14:23:32 - [MESSAGE][INFO] - Starting run keyword runFeatureFile: 'Include/features/IST_Real/SLIK/SLIK Gateway Approval Non Customer/Reject_KTP_Number.feature' and extract report to folder: '/Users/chaidir.pratama01/Katalon Studio/IST_Automation_Git/Reports/20201104_141636/SLIK/TS_SLIK_Gateway_Non_Customer/20201104_141636/cucumber_report/1604474612919'...

2020-11-04 14:23:33 - [TEST_CASE][PASSED] - Start Test Case : SCENARIO Reject KTP Number by Checker: SCENARIO Reject KTP Number by Checker

2020-11-04 14:23:33 - [TEST_STEP][PASSED] - Go to ISTools: Go to ISTools

2020-11-04 14:23:33 - [MESSAGE][INFO] - Starting 'Chrome' driver

2020-11-04 14:23:33 - [MESSAGE][INFO] - User set preference: ['AcceptInsecureCerts', 'true']

2020-11-04 14:23:33 - [MESSAGE][INFO] - User set preference: ['args', '[ignore-certificate-errors]']

2020-11-04 14:23:33 - [MESSAGE][INFO] - Action delay is set to 0 milliseconds

2020-11-04 14:23:34 - [MESSAGE][PASSED] - Browser is opened with url: ''

2020-11-04 14:23:42 - [MESSAGE][PASSED] - Navigate to 'https://id-ist01preprod.id.nonprod/ist/' successfully

2020-11-04 14:23:42 - [MESSAGE][PASSED] - Go to ISTools

2020-11-04 14:23:42 - [TEST_STEP][PASSED] - Login IST with valid credentials: Login IST with valid credentials

2020-11-04 14:23:44 - [MESSAGE][PASSED] - Text 'mobile.test' is set on object 'Object Repository/Page_/input_Username_j_username'

2020-11-04 14:23:44 - [MESSAGE][PASSED] - Text ****** has been set on object 'Object Repository/Page_/input_Password_j_password'

2020-11-04 14:23:47 - [MESSAGE][PASSED] - Object: 'Object Repository/Page_/button_Login' is clicked on

2020-11-04 14:23:47 - [MESSAGE][PASSED] - Login IST with valid credentials

2020-11-04 14:23:47 - [TEST_STEP][PASSED] - Login Success for contract dispatcher: Login Success for contract dispatcher

2020-11-04 14:23:47 - [MESSAGE][INFO] - Login Success

2020-11-04 14:23:47 - [MESSAGE][PASSED] - Current window maximized

2020-11-04 14:23:48 - [MESSAGE][PASSED] - Object 'Object Repository/Page_/h1_Welcome to IT Supporting Tools' is present

2020-11-04 14:23:48 - [MESSAGE][PASSED] - Login Success for contract dispatcher

2020-11-04 14:23:48 - [TEST_STEP][PASSED] - Select Menu "SLIK Gateway Approval Non Customer": Select Menu "SLIK Gateway Approval Non Customer"

2020-11-04 14:23:48 - [MESSAGE][PASSED] - Taking screenshot successfully
[[ATTACHMENT|/Users/chaidir.pratama01/Documents/Docs/Katalon Studio/Screenshot/test-SLIK Gateway Approval Non Customer.png]]

2020-11-04 14:23:49 - [MESSAGE][PASSED] - Object '' is present

2020-11-04 14:23:49 - [MESSAGE][PASSED] - Object: '' is clicked on

2020-11-04 14:23:49 - [MESSAGE][PASSED] - Wait for page load successfully

2020-11-04 14:23:49 - [MESSAGE][PASSED] - Select Menu "SLIK Gateway Approval Non Customer"

2020-11-04 14:23:49 - [TEST_STEP][PASSED] - Verify Table Result Exist: Verify Table Result Exist

2020-11-04 14:23:51 - [MESSAGE][PASSED] - Object '' is present

2020-11-04 14:23:51 - [MESSAGE][PASSED] - Verify Table Result Exist

2020-11-04 14:23:51 - [TEST_STEP][PASSED] - Get Data From Table: Get Data From Table

2020-11-04 14:23:51 - [MESSAGE][PASSED] - Object '' is present

2020-11-04 14:23:52 - [MESSAGE][PASSED] - Text of object '' is: '1'

2020-11-04 14:23:53 - [MESSAGE][PASSED] - Text of object '' is: '8888888888888888'

2020-11-04 14:23:53 - [MESSAGE][PASSED] - Text of object '' is: 'OPEX TestingAuto'

2020-11-04 14:23:53 - [MESSAGE][PASSED] - Text of object '' is: 'View Document'

2020-11-04 14:23:54 - [MESSAGE][PASSED] - Text of object '' is: ''

2020-11-04 14:23:54 - [MESSAGE][PASSED] - Get Data From Table

2020-11-04 14:23:54 - [TEST_STEP][PASSED] - Click Checkbox Validate: Click Checkbox Validate

2020-11-04 14:23:54 - [MESSAGE][PASSED] - Text of object '' is: '8888888888888888'

2020-11-04 14:23:54 - [MESSAGE][PASSED] - Object: '' is clicked on

2020-11-04 14:23:54 - [MESSAGE][PASSED] - Click Checkbox Validate

2020-11-04 14:23:54 - [TEST_STEP][PASSED] - Click button "Reject": Click button "Reject"

2020-11-04 14:23:54 - [MESSAGE][INFO] - >>>>>//Button[contains(text(),'Reject')]

2020-11-04 14:23:58 - [MESSAGE][PASSED] - Object: '' is clicked on

2020-11-04 14:23:58 - [MESSAGE][PASSED] - Click button "Reject"

2020-11-04 14:23:58 - [TEST_STEP][PASSED] - Get text from pop up "Confirmation Submit Request" with text "Are you sure to Reject this data ?": Get text from pop up "Confirmation Submit Request" with text "Are you sure to Reject this data ?"

2020-11-04 14:23:59 - [MESSAGE][PASSED] - Taking screenshot successfully
[[ATTACHMENT|/Users/chaidir.pratama01/Documents/Docs/Katalon Studio/Screenshot/errorpopup.png]]

2020-11-04 14:23:59 - [MESSAGE][PASSED] - Object '' is present

2020-11-04 14:23:59 - [MESSAGE][PASSED] - Wait for page load successfully

2020-11-04 14:23:59 - [MESSAGE][PASSED] - Wait for page load successfully

2020-11-04 14:23:59 - [MESSAGE][PASSED] - Get text from pop up "Confirmation Submit Request" with text "Are you sure to Reject this data ?"

2020-11-04 14:23:59 - [TEST_STEP][PASSED] - Click button "Yes": Click button "Yes"

2020-11-04 14:23:59 - [MESSAGE][INFO] - >>>>>//Button[contains(text(),'Yes')]

2020-11-04 14:24:03 - [MESSAGE][PASSED] - Object: '' is clicked on

2020-11-04 14:24:03 - [MESSAGE][PASSED] - Click button "Yes"

2020-11-04 14:24:03 - [TEST_STEP][PASSED] - Get text from pop up "IT Supporting Tools" with text "1 data successfully rejected": Get text from pop up "IT Supporting Tools" with text "1 data successfully rejected"

2020-11-04 14:24:04 - [MESSAGE][PASSED] - Taking screenshot successfully
[[ATTACHMENT|/Users/chaidir.pratama01/Documents/Docs/Katalon Studio/Screenshot/errorpopup.png]]

2020-11-04 14:24:04 - [MESSAGE][PASSED] - Object '' is present

2020-11-04 14:24:04 - [MESSAGE][PASSED] - Wait for page load successfully

2020-11-04 14:24:04 - [MESSAGE][PASSED] - Wait for page load successfully

2020-11-04 14:24:04 - [MESSAGE][PASSED] - Get text from pop up "IT Supporting Tools" with text "1 data successfully rejected"

2020-11-04 14:24:04 - [TEST_STEP][PASSED] - Click button "OK": Click button "OK"

2020-11-04 14:24:04 - [MESSAGE][INFO] - >>>>>//Button[contains(text(),'OK')]

2020-11-04 14:24:07 - [MESSAGE][PASSED] - Object: '' is clicked on

2020-11-04 14:24:07 - [MESSAGE][PASSED] - Click button "OK"

2020-11-04 14:24:07 - [TEST_STEP][PASSED] - Close browser: Close browser

2020-11-04 14:24:08 - [MESSAGE][PASSED] - Browser is closed

2020-11-04 14:24:08 - [MESSAGE][PASSED] - Close browser

2020-11-04 14:24:08 - [MESSAGE][PASSED] - Feature file: 'Include/features/IST_Real/SLIK/SLIK Gateway Approval Non Customer/Reject_KTP_Number.feature' was passed]]></system-out>
         <system-err><![CDATA[]]></system-err>
      </testcase>
      <testcase name="Test Cases/IST_Real/SLIK/SLIK_Gateway_Non_Customer/SLIK Gateway Non Customer Search By Status NOT_APPROVED" time="32.845" classname="Test Cases/IST_Real/SLIK/SLIK_Gateway_Non_Customer/SLIK Gateway Non Customer Search By Status NOT_APPROVED" status="PASSED">
         <system-out><![CDATA[2020-11-04 14:24:08 - [TEST_CASE][PASSED] - Test Cases/IST_Real/SLIK/SLIK_Gateway_Non_Customer/SLIK Gateway Non Customer Search By Status NOT_APPROVED: Test Cases/IST_Real/SLIK/SLIK_Gateway_Non_Customer/SLIK Gateway Non Customer Search By Status NOT_APPROVED

2020-11-04 14:24:08 - [TEST_STEP][PASSED] - runFeatureFile("Include/features/IST_Real/SLIK/SLIK Gateway Non Customer/SLIK_Gateway_Non_Customer_Search_By_Status_NOT_APPROVED.feature"): Feature file: 'Include/features/IST_Real/SLIK/SLIK Gateway Non Customer/SLIK_Gateway_Non_Customer_Search_By_Status_NOT_APPROVED.feature' was passed

2020-11-04 14:24:08 - [MESSAGE][INFO] - Starting run keyword runFeatureFile: 'Include/features/IST_Real/SLIK/SLIK Gateway Non Customer/SLIK_Gateway_Non_Customer_Search_By_Status_NOT_APPROVED.feature' and extract report to folder: '/Users/chaidir.pratama01/Katalon Studio/IST_Automation_Git/Reports/20201104_141636/SLIK/TS_SLIK_Gateway_Non_Customer/20201104_141636/cucumber_report/1604474648151'...

2020-11-04 14:24:08 - [TEST_CASE][PASSED] - Start Test Case : SCENARIO Search Result by Status: SCENARIO Search Result by Status

2020-11-04 14:24:08 - [TEST_STEP][PASSED] - Go to ISTools: Go to ISTools

2020-11-04 14:24:08 - [MESSAGE][INFO] - Starting 'Chrome' driver

2020-11-04 14:24:08 - [MESSAGE][INFO] - User set preference: ['AcceptInsecureCerts', 'true']

2020-11-04 14:24:08 - [MESSAGE][INFO] - User set preference: ['args', '[ignore-certificate-errors]']

2020-11-04 14:24:08 - [MESSAGE][INFO] - Action delay is set to 0 milliseconds

2020-11-04 14:24:09 - [MESSAGE][PASSED] - Browser is opened with url: ''

2020-11-04 14:24:24 - [MESSAGE][PASSED] - Navigate to 'https://id-ist01preprod.id.nonprod/ist/' successfully

2020-11-04 14:24:24 - [MESSAGE][PASSED] - Go to ISTools

2020-11-04 14:24:24 - [TEST_STEP][PASSED] - Login IST with valid credentials: Login IST with valid credentials

2020-11-04 14:24:25 - [MESSAGE][PASSED] - Text 'mobile.test' is set on object 'Object Repository/Page_/input_Username_j_username'

2020-11-04 14:24:25 - [MESSAGE][PASSED] - Text ****** has been set on object 'Object Repository/Page_/input_Password_j_password'

2020-11-04 14:24:28 - [MESSAGE][PASSED] - Object: 'Object Repository/Page_/button_Login' is clicked on

2020-11-04 14:24:28 - [MESSAGE][PASSED] - Login IST with valid credentials

2020-11-04 14:24:28 - [TEST_STEP][PASSED] - Login Success for contract dispatcher: Login Success for contract dispatcher

2020-11-04 14:24:28 - [MESSAGE][INFO] - Login Success

2020-11-04 14:24:28 - [MESSAGE][PASSED] - Current window maximized

2020-11-04 14:24:29 - [MESSAGE][PASSED] - Object 'Object Repository/Page_/h1_Welcome to IT Supporting Tools' is present

2020-11-04 14:24:29 - [MESSAGE][PASSED] - Login Success for contract dispatcher

2020-11-04 14:24:29 - [TEST_STEP][PASSED] - Select Menu SLIK Gateway NonCustomer: Select Menu SLIK Gateway NonCustomer

2020-11-04 14:24:29 - [MESSAGE][PASSED] - Object '' is present

2020-11-04 14:24:29 - [MESSAGE][PASSED] - Object: '' is clicked on

2020-11-04 14:24:29 - [MESSAGE][PASSED] - Wait for page load successfully

2020-11-04 14:24:29 - [MESSAGE][PASSED] - Select Menu SLIK Gateway NonCustomer

2020-11-04 14:24:29 - [TEST_STEP][PASSED] - Select Status is "NOT_APPROVED": Select Status is "NOT_APPROVED"

2020-11-04 14:24:32 - [MESSAGE][PASSED] - All options with value 'NOT_APPROVED' are selected in object ''  using regular expression

2020-11-04 14:24:32 - [MESSAGE][PASSED] - Select Status is "NOT_APPROVED"

2020-11-04 14:24:32 - [TEST_STEP][PASSED] - Click button "Search": Click button "Search"

2020-11-04 14:24:32 - [MESSAGE][INFO] - >>>>>//Button[contains(text(),'Search')]

2020-11-04 14:24:35 - [MESSAGE][PASSED] - Object: '' is clicked on

2020-11-04 14:24:35 - [MESSAGE][PASSED] - Click button "Search"

2020-11-04 14:24:35 - [TEST_STEP][PASSED] - Verify Search Result Based on Result Status: Verify Search Result Based on Result Status

2020-11-04 14:24:35 - [MESSAGE][PASSED] - Scroll to object '' successfully

2020-11-04 14:24:36 - [MESSAGE][PASSED] - Actual text and expected text of test object '' are matched.

2020-11-04 14:24:36 - [MESSAGE][PASSED] - Text of object '' is: 'NOT_APPROVED -'

2020-11-04 14:24:36 - [MESSAGE][PASSED] - Text of object '' is: '8888888888888888'

2020-11-04 14:24:36 - [MESSAGE][PASSED] - Verify Search Result Based on Result Status

2020-11-04 14:24:36 - [TEST_STEP][PASSED] - Click button "Logout": Click button "Logout"

2020-11-04 14:24:36 - [MESSAGE][INFO] - >>>>>//Button[contains(text(),'Logout')]

2020-11-04 14:24:40 - [MESSAGE][PASSED] - Object: '' is clicked on

2020-11-04 14:24:40 - [MESSAGE][PASSED] - Click button "Logout"

2020-11-04 14:24:40 - [TEST_STEP][PASSED] - Close browser: Close browser

2020-11-04 14:24:40 - [MESSAGE][PASSED] - Browser is closed

2020-11-04 14:24:40 - [MESSAGE][PASSED] - Close browser

2020-11-04 14:24:40 - [MESSAGE][PASSED] - Feature file: 'Include/features/IST_Real/SLIK/SLIK Gateway Non Customer/SLIK_Gateway_Non_Customer_Search_By_Status_NOT_APPROVED.feature' was passed]]></system-out>
         <system-err><![CDATA[]]></system-err>
      </testcase>
      <testcase name="Test Cases/IST_Real/SLIK/SLIK_Gateway_Non_Customer/SLIK Gateway Non Customer View Detail when Status NOT_APPROVED" time="32.622" classname="Test Cases/IST_Real/SLIK/SLIK_Gateway_Non_Customer/SLIK Gateway Non Customer View Detail when Status NOT_APPROVED" status="PASSED">
         <system-out><![CDATA[2020-11-04 14:24:40 - [TEST_CASE][PASSED] - Test Cases/IST_Real/SLIK/SLIK_Gateway_Non_Customer/SLIK Gateway Non Customer View Detail when Status NOT_APPROVED: Test Cases/IST_Real/SLIK/SLIK_Gateway_Non_Customer/SLIK Gateway Non Customer View Detail when Status NOT_APPROVED

2020-11-04 14:24:40 - [TEST_STEP][PASSED] - runFeatureFile("Include/features/IST_Real/SLIK/SLIK Gateway Non Customer/SLIK_Gateway_Non_Customer_View_Detail_when_Status_NOT_APPROVED.feature"): Feature file: 'Include/features/IST_Real/SLIK/SLIK Gateway Non Customer/SLIK_Gateway_Non_Customer_View_Detail_when_Status_NOT_APPROVED.feature' was passed

2020-11-04 14:24:40 - [MESSAGE][INFO] - Starting run keyword runFeatureFile: 'Include/features/IST_Real/SLIK/SLIK Gateway Non Customer/SLIK_Gateway_Non_Customer_View_Detail_when_Status_NOT_APPROVED.feature' and extract report to folder: '/Users/chaidir.pratama01/Katalon Studio/IST_Automation_Git/Reports/20201104_141636/SLIK/TS_SLIK_Gateway_Non_Customer/20201104_141636/cucumber_report/1604474680997'...

2020-11-04 14:24:41 - [TEST_CASE][PASSED] - Start Test Case : SCENARIO SLIK Gateway Non Customer View Detail Link: SCENARIO SLIK Gateway Non Customer View Detail Link

2020-11-04 14:24:41 - [TEST_STEP][PASSED] - Go to ISTools: Go to ISTools

2020-11-04 14:24:41 - [MESSAGE][INFO] - Starting 'Chrome' driver

2020-11-04 14:24:41 - [MESSAGE][INFO] - User set preference: ['AcceptInsecureCerts', 'true']

2020-11-04 14:24:41 - [MESSAGE][INFO] - User set preference: ['args', '[ignore-certificate-errors]']

2020-11-04 14:24:41 - [MESSAGE][INFO] - Action delay is set to 0 milliseconds

2020-11-04 14:24:42 - [MESSAGE][PASSED] - Browser is opened with url: ''

2020-11-04 14:24:52 - [MESSAGE][PASSED] - Navigate to 'https://id-ist01preprod.id.nonprod/ist/' successfully

2020-11-04 14:24:52 - [MESSAGE][PASSED] - Go to ISTools

2020-11-04 14:24:52 - [TEST_STEP][PASSED] - Login IST with valid credentials: Login IST with valid credentials

2020-11-04 14:24:53 - [MESSAGE][PASSED] - Text 'mobile.test' is set on object 'Object Repository/Page_/input_Username_j_username'

2020-11-04 14:24:54 - [MESSAGE][PASSED] - Text ****** has been set on object 'Object Repository/Page_/input_Password_j_password'

2020-11-04 14:24:58 - [MESSAGE][PASSED] - Object: 'Object Repository/Page_/button_Login' is clicked on

2020-11-04 14:24:58 - [MESSAGE][PASSED] - Login IST with valid credentials

2020-11-04 14:24:58 - [TEST_STEP][PASSED] - Login Success for contract dispatcher: Login Success for contract dispatcher

2020-11-04 14:24:58 - [MESSAGE][INFO] - Login Success

2020-11-04 14:24:58 - [MESSAGE][PASSED] - Current window maximized

2020-11-04 14:24:59 - [MESSAGE][PASSED] - Object 'Object Repository/Page_/h1_Welcome to IT Supporting Tools' is present

2020-11-04 14:24:59 - [MESSAGE][PASSED] - Login Success for contract dispatcher

2020-11-04 14:24:59 - [TEST_STEP][PASSED] - Select Menu SLIK Gateway NonCustomer: Select Menu SLIK Gateway NonCustomer

2020-11-04 14:24:59 - [MESSAGE][PASSED] - Object '' is present

2020-11-04 14:24:59 - [MESSAGE][PASSED] - Object: '' is clicked on

2020-11-04 14:24:59 - [MESSAGE][PASSED] - Wait for page load successfully

2020-11-04 14:24:59 - [MESSAGE][PASSED] - Select Menu SLIK Gateway NonCustomer

2020-11-04 14:24:59 - [TEST_STEP][PASSED] - Select Status is "NOT_APPROVED": Select Status is "NOT_APPROVED"

2020-11-04 14:25:02 - [MESSAGE][PASSED] - All options with value 'NOT_APPROVED' are selected in object ''  using regular expression

2020-11-04 14:25:02 - [MESSAGE][PASSED] - Select Status is "NOT_APPROVED"

2020-11-04 14:25:02 - [TEST_STEP][PASSED] - Click button "Search": Click button "Search"

2020-11-04 14:25:02 - [MESSAGE][INFO] - >>>>>//Button[contains(text(),'Search')]

2020-11-04 14:25:05 - [MESSAGE][PASSED] - Object: '' is clicked on

2020-11-04 14:25:05 - [MESSAGE][PASSED] - Click button "Search"

2020-11-04 14:25:05 - [TEST_STEP][PASSED] - Verify Search Result Based on Result Status: Verify Search Result Based on Result Status

2020-11-04 14:25:06 - [MESSAGE][PASSED] - Scroll to object '' successfully

2020-11-04 14:25:06 - [MESSAGE][PASSED] - Actual text and expected text of test object '' are matched.

2020-11-04 14:25:07 - [MESSAGE][PASSED] - Text of object '' is: 'NOT_APPROVED -'

2020-11-04 14:25:07 - [MESSAGE][PASSED] - Text of object '' is: '8888888888888888'

2020-11-04 14:25:07 - [MESSAGE][PASSED] - Verify Search Result Based on Result Status

2020-11-04 14:25:07 - [TEST_STEP][PASSED] - Click View Detail Link: Click View Detail Link

2020-11-04 14:25:07 - [MESSAGE][PASSED] - Web element with id: '' located by 'By.xpath: //span[text()='Search Result']/../../../following-sibling::div[@class='z-groupbox-content']/div[@class='z-grid']/div[@class='z-grid-body']/table/tbody/tr/td[7]/div/div/span' is not present after '3' second(s)

2020-11-04 14:25:07 - [MESSAGE][PASSED] - Click View Detail Link

2020-11-04 14:25:07 - [TEST_STEP][PASSED] - Take Screenshot "View_detail_NonCutomer.png": Take Screenshot "View_detail_NonCutomer.png"

2020-11-04 14:25:08 - [MESSAGE][PASSED] - Taking screenshot successfully
[[ATTACHMENT|/Users/chaidir.pratama01/Katalon Studio/IST_Automation_Git/img/View_detail_NonCutomer.png]]

2020-11-04 14:25:08 - [MESSAGE][PASSED] - Take Screenshot "View_detail_NonCutomer.png"

2020-11-04 14:25:08 - [TEST_STEP][PASSED] - Verify Slik Result Detail Link: Verify Slik Result Detail Link

2020-11-04 14:25:08 - [MESSAGE][PASSED] - Verify Slik Result Detail Link

2020-11-04 14:25:08 - [TEST_STEP][PASSED] - Click button "Logout": Click button "Logout"

2020-11-04 14:25:08 - [MESSAGE][INFO] - >>>>>//Button[contains(text(),'Logout')]

2020-11-04 14:25:13 - [MESSAGE][PASSED] - Object: '' is clicked on

2020-11-04 14:25:13 - [MESSAGE][PASSED] - Click button "Logout"

2020-11-04 14:25:13 - [TEST_STEP][PASSED] - Close browser: Close browser

2020-11-04 14:25:13 - [MESSAGE][PASSED] - Browser is closed

2020-11-04 14:25:13 - [MESSAGE][PASSED] - Close browser

2020-11-04 14:25:13 - [MESSAGE][PASSED] - Feature file: 'Include/features/IST_Real/SLIK/SLIK Gateway Non Customer/SLIK_Gateway_Non_Customer_View_Detail_when_Status_NOT_APPROVED.feature' was passed]]></system-out>
         <system-err><![CDATA[]]></system-err>
      </testcase>
      <testcase name="Test Cases/IST_Real/SLIK/SLIK_Gateway_Non_Customer/SLIK Gateway Non Customer Checking" time="88.279" classname="Test Cases/IST_Real/SLIK/SLIK_Gateway_Non_Customer/SLIK Gateway Non Customer Checking" status="PASSED">
         <system-out><![CDATA[2020-11-04 14:25:13 - [TEST_CASE][PASSED] - Test Cases/IST_Real/SLIK/SLIK_Gateway_Non_Customer/SLIK Gateway Non Customer Checking: Test Cases/IST_Real/SLIK/SLIK_Gateway_Non_Customer/SLIK Gateway Non Customer Checking

2020-11-04 14:25:13 - [TEST_STEP][PASSED] - runFeatureFile("Include/features/IST_Real/SLIK/SLIK Gateway Non Customer/SLIK Gateway Non Customer Checking.feature"): Feature file: 'Include/features/IST_Real/SLIK/SLIK Gateway Non Customer/SLIK Gateway Non Customer Checking.feature' was passed

2020-11-04 14:25:13 - [MESSAGE][INFO] - Starting run keyword runFeatureFile: 'Include/features/IST_Real/SLIK/SLIK Gateway Non Customer/SLIK Gateway Non Customer Checking.feature' and extract report to folder: '/Users/chaidir.pratama01/Katalon Studio/IST_Automation_Git/Reports/20201104_141636/SLIK/TS_SLIK_Gateway_Non_Customer/20201104_141636/cucumber_report/1604474713542'...

2020-11-04 14:25:13 - [TEST_CASE][PASSED] - Start Test Case : SCENARIO SLIK Gateway Non Customer Checking: SCENARIO SLIK Gateway Non Customer Checking

2020-11-04 14:25:13 - [TEST_STEP][PASSED] - Go to ISTools: Go to ISTools

2020-11-04 14:25:13 - [MESSAGE][INFO] - Starting 'Chrome' driver

2020-11-04 14:25:13 - [MESSAGE][INFO] - User set preference: ['AcceptInsecureCerts', 'true']

2020-11-04 14:25:13 - [MESSAGE][INFO] - User set preference: ['args', '[ignore-certificate-errors]']

2020-11-04 14:25:13 - [MESSAGE][INFO] - Action delay is set to 0 milliseconds

2020-11-04 14:25:14 - [MESSAGE][PASSED] - Browser is opened with url: ''

2020-11-04 14:25:25 - [MESSAGE][PASSED] - Navigate to 'https://id-ist01preprod.id.nonprod/ist/' successfully

2020-11-04 14:25:25 - [MESSAGE][PASSED] - Go to ISTools

2020-11-04 14:25:25 - [TEST_STEP][PASSED] - Login IST with valid credentials: Login IST with valid credentials

2020-11-04 14:25:26 - [MESSAGE][PASSED] - Text 'mobile.test' is set on object 'Object Repository/Page_/input_Username_j_username'

2020-11-04 14:25:27 - [MESSAGE][PASSED] - Text ****** has been set on object 'Object Repository/Page_/input_Password_j_password'

2020-11-04 14:25:29 - [MESSAGE][PASSED] - Object: 'Object Repository/Page_/button_Login' is clicked on

2020-11-04 14:25:29 - [MESSAGE][PASSED] - Login IST with valid credentials

2020-11-04 14:25:29 - [TEST_STEP][PASSED] - Login Success for contract dispatcher: Login Success for contract dispatcher

2020-11-04 14:25:29 - [MESSAGE][INFO] - Login Success

2020-11-04 14:25:29 - [MESSAGE][PASSED] - Current window maximized

2020-11-04 14:25:30 - [MESSAGE][PASSED] - Object 'Object Repository/Page_/h1_Welcome to IT Supporting Tools' is present

2020-11-04 14:25:30 - [MESSAGE][PASSED] - Login Success for contract dispatcher

2020-11-04 14:25:30 - [TEST_STEP][PASSED] - Select Menu SLIK Gateway NonCustomer: Select Menu SLIK Gateway NonCustomer

2020-11-04 14:25:30 - [MESSAGE][PASSED] - Object '' is present

2020-11-04 14:25:30 - [MESSAGE][PASSED] - Object: '' is clicked on

2020-11-04 14:25:30 - [MESSAGE][PASSED] - Wait for page load successfully

2020-11-04 14:25:30 - [MESSAGE][PASSED] - Select Menu SLIK Gateway NonCustomer

2020-11-04 14:25:30 - [TEST_STEP][PASSED] - Input Data KTP Number: Input Data KTP Number

2020-11-04 14:25:33 - [MESSAGE][PASSED] - Text '8888888888888888' is set on object ''

2020-11-04 14:25:33 - [MESSAGE][PASSED] - Input Data KTP Number

2020-11-04 14:25:33 - [TEST_STEP][PASSED] - Input Data "Name *" with value "OPEX TestingAuto" for Check SLIK: Input Data "Name *" with value "OPEX TestingAuto" for Check SLIK

2020-11-04 14:25:33 - [MESSAGE][PASSED] - Taking screenshot successfully
[[ATTACHMENT|/Users/chaidir.pratama01/Documents/Docs/Katalon Studio/Screenshot/slik.png]]

2020-11-04 14:25:34 - [MESSAGE][PASSED] - Object '' is visible

2020-11-04 14:25:34 - [MESSAGE][PASSED] - Object: '' is focused

2020-11-04 14:25:35 - [MESSAGE][PASSED] - Text 'OPEX TestingAuto' is set on object ''

2020-11-04 14:25:35 - [MESSAGE][PASSED] - Input Data "Name *" with value "OPEX TestingAuto" for Check SLIK

2020-11-04 14:25:35 - [TEST_STEP][PASSED] - Input Date of Birth "20-02-1990": Input Date of Birth "20-02-1990"

2020-11-04 14:25:36 - [MESSAGE][PASSED] - Text '20-02-1990' is set on object ''

2020-11-04 14:25:39 - [MESSAGE][PASSED] - Delayed 3 second(s)

2020-11-04 14:25:39 - [MESSAGE][PASSED] - Input Date of Birth "20-02-1990"

2020-11-04 14:25:39 - [TEST_STEP][PASSED] - Select Gender "Laki-laki": Select Gender "Laki-laki"

2020-11-04 14:25:39 - [MESSAGE][PASSED] - Object: '' is clicked on

2020-11-04 14:25:39 - [MESSAGE][PASSED] - Select Gender "Laki-laki"

2020-11-04 14:25:39 - [TEST_STEP][PASSED] - Select Purpose is "Penilaian Calon Kemitraan": Select Purpose is "Penilaian Calon Kemitraan"

2020-11-04 14:25:41 - [MESSAGE][PASSED] - All options with value 'Penilaian Calon Kemitraan' are selected in object ''  using regular expression

2020-11-04 14:25:41 - [MESSAGE][PASSED] - Select Purpose is "Penilaian Calon Kemitraan"

2020-11-04 14:25:41 - [TEST_STEP][PASSED] - Input Data "Place of Birth" with value "Jakarta" for Check SLIK: Input Data "Place of Birth" with value "Jakarta" for Check SLIK

2020-11-04 14:25:42 - [MESSAGE][PASSED] - Taking screenshot successfully
[[ATTACHMENT|/Users/chaidir.pratama01/Documents/Docs/Katalon Studio/Screenshot/slik.png]]

2020-11-04 14:25:42 - [MESSAGE][PASSED] - Object '' is visible

2020-11-04 14:25:43 - [MESSAGE][PASSED] - Object: '' is focused

2020-11-04 14:25:43 - [MESSAGE][PASSED] - Text 'Jakarta' is set on object ''

2020-11-04 14:25:43 - [MESSAGE][PASSED] - Input Data "Place of Birth" with value "Jakarta" for Check SLIK

2020-11-04 14:25:43 - [TEST_STEP][PASSED] - Input Data "Mother Maternity Name" with value "Tester Auto" for Check SLIK: Input Data "Mother Maternity Name" with value "Tester Auto" for Check SLIK

2020-11-04 14:25:44 - [MESSAGE][PASSED] - Taking screenshot successfully
[[ATTACHMENT|/Users/chaidir.pratama01/Documents/Docs/Katalon Studio/Screenshot/slik.png]]

2020-11-04 14:25:45 - [MESSAGE][PASSED] - Object '' is visible

2020-11-04 14:25:45 - [MESSAGE][PASSED] - Object: '' is focused

2020-11-04 14:25:46 - [MESSAGE][PASSED] - Text 'Tester Auto' is set on object ''

2020-11-04 14:25:46 - [MESSAGE][PASSED] - Input Data "Mother Maternity Name" with value "Tester Auto" for Check SLIK

2020-11-04 14:25:46 - [TEST_STEP][PASSED] - Input KTP Address "TESTING AUTO JAKARTA": Input KTP Address "TESTING AUTO JAKARTA"

2020-11-04 14:25:47 - [MESSAGE][PASSED] - Text 'TESTING AUTO JAKARTA' is set on object ''

2020-11-04 14:25:47 - [MESSAGE][PASSED] - Input KTP Address "TESTING AUTO JAKARTA"

2020-11-04 14:25:47 - [TEST_STEP][PASSED] - Click button "Upload": Click button "Upload"

2020-11-04 14:25:47 - [MESSAGE][INFO] - >>>>>//Button[contains(text(),'Upload')]

2020-11-04 14:25:50 - [MESSAGE][PASSED] - Object: '' is clicked on

2020-11-04 14:25:50 - [MESSAGE][PASSED] - Click button "Upload"

2020-11-04 14:25:50 - [TEST_STEP][PASSED] - Upload file "new_captcha1500.png": Upload file "new_captcha1500.png"

2020-11-04 14:25:51 - [MESSAGE][PASSED] - Switched to window with index: '0'

2020-11-04 14:26:05 - [MESSAGE][PASSED] - Upload file "new_captcha1500.png"

2020-11-04 14:26:05 - [TEST_STEP][PASSED] - Click button "Check SLIK": Click button "Check SLIK"

2020-11-04 14:26:05 - [MESSAGE][INFO] - >>>>>//Button[contains(text(),'Check SLIK')]

2020-11-04 14:26:09 - [MESSAGE][PASSED] - Object: '' is clicked on

2020-11-04 14:26:09 - [MESSAGE][PASSED] - Click button "Check SLIK"

2020-11-04 14:26:09 - [TEST_STEP][PASSED] - Get text from pop up "Confirmation Submit Request" with text "Are you sure to submit this data ?": Get text from pop up "Confirmation Submit Request" with text "Are you sure to submit this data ?"

2020-11-04 14:26:10 - [MESSAGE][PASSED] - Taking screenshot successfully
[[ATTACHMENT|/Users/chaidir.pratama01/Documents/Docs/Katalon Studio/Screenshot/errorpopup.png]]

2020-11-04 14:26:10 - [MESSAGE][PASSED] - Object '' is present

2020-11-04 14:26:10 - [MESSAGE][PASSED] - Wait for page load successfully

2020-11-04 14:26:10 - [MESSAGE][PASSED] - Wait for page load successfully

2020-11-04 14:26:10 - [MESSAGE][PASSED] - Get text from pop up "Confirmation Submit Request" with text "Are you sure to submit this data ?"

2020-11-04 14:26:10 - [TEST_STEP][PASSED] - Click button "Yes": Click button "Yes"

2020-11-04 14:26:10 - [MESSAGE][INFO] - >>>>>//Button[contains(text(),'Yes')]

2020-11-04 14:26:14 - [MESSAGE][PASSED] - Object: '' is clicked on

2020-11-04 14:26:14 - [MESSAGE][PASSED] - Click button "Yes"

2020-11-04 14:26:14 - [TEST_STEP][PASSED] - Verify KTP Number Request Success: Verify KTP Number Request Success

2020-11-04 14:26:34 - [MESSAGE][PASSED] - Object '' is present

2020-11-04 14:26:34 - [MESSAGE][PASSED] - Verify KTP Number Request Success

2020-11-04 14:26:34 - [TEST_STEP][PASSED] - Click button "OK": Click button "OK"

2020-11-04 14:26:34 - [MESSAGE][INFO] - >>>>>//Button[contains(text(),'OK')]

2020-11-04 14:26:37 - [MESSAGE][PASSED] - Object: '' is clicked on

2020-11-04 14:26:37 - [MESSAGE][PASSED] - Click button "OK"

2020-11-04 14:26:37 - [TEST_STEP][PASSED] - Click button "Logout": Click button "Logout"

2020-11-04 14:26:37 - [MESSAGE][INFO] - >>>>>//Button[contains(text(),'Logout')]

2020-11-04 14:26:41 - [MESSAGE][PASSED] - Object: '' is clicked on

2020-11-04 14:26:41 - [MESSAGE][PASSED] - Click button "Logout"

2020-11-04 14:26:41 - [TEST_STEP][PASSED] - Close browser: Close browser

2020-11-04 14:26:41 - [MESSAGE][PASSED] - Browser is closed

2020-11-04 14:26:41 - [MESSAGE][PASSED] - Close browser

2020-11-04 14:26:41 - [MESSAGE][PASSED] - Feature file: 'Include/features/IST_Real/SLIK/SLIK Gateway Non Customer/SLIK Gateway Non Customer Checking.feature' was passed]]></system-out>
         <system-err><![CDATA[]]></system-err>
      </testcase>
      <testcase name="Test Cases/IST_Real/SLIK/SLIK_Gateway_Non_Customer/SLIK Gateway Non Customer Search By DateStart DateEnd" time="32.312" classname="Test Cases/IST_Real/SLIK/SLIK_Gateway_Non_Customer/SLIK Gateway Non Customer Search By DateStart DateEnd" status="PASSED">
         <system-out><![CDATA[2020-11-04 14:26:41 - [TEST_CASE][PASSED] - Test Cases/IST_Real/SLIK/SLIK_Gateway_Non_Customer/SLIK Gateway Non Customer Search By DateStart DateEnd: Test Cases/IST_Real/SLIK/SLIK_Gateway_Non_Customer/SLIK Gateway Non Customer Search By DateStart DateEnd

2020-11-04 14:26:41 - [TEST_STEP][PASSED] - runFeatureFile("Include/features/IST_Real/SLIK/SLIK Gateway Non Customer/SLIK_Gateway_Non_Customer_Search_By_DateStart_DateEnd.feature"): Feature file: 'Include/features/IST_Real/SLIK/SLIK Gateway Non Customer/SLIK_Gateway_Non_Customer_Search_By_DateStart_DateEnd.feature' was passed

2020-11-04 14:26:41 - [MESSAGE][INFO] - Starting run keyword runFeatureFile: 'Include/features/IST_Real/SLIK/SLIK Gateway Non Customer/SLIK_Gateway_Non_Customer_Search_By_DateStart_DateEnd.feature' and extract report to folder: '/Users/chaidir.pratama01/Katalon Studio/IST_Automation_Git/Reports/20201104_141636/SLIK/TS_SLIK_Gateway_Non_Customer/20201104_141636/cucumber_report/1604474801901'...

2020-11-04 14:26:42 - [TEST_CASE][PASSED] - Start Test Case : SCENARIO Search Result by Date Start and Date End: SCENARIO Search Result by Date Start and Date End

2020-11-04 14:26:42 - [TEST_STEP][PASSED] - Go to ISTools: Go to ISTools

2020-11-04 14:26:42 - [MESSAGE][INFO] - Starting 'Chrome' driver

2020-11-04 14:26:42 - [MESSAGE][INFO] - User set preference: ['AcceptInsecureCerts', 'true']

2020-11-04 14:26:42 - [MESSAGE][INFO] - User set preference: ['args', '[ignore-certificate-errors]']

2020-11-04 14:26:42 - [MESSAGE][INFO] - Action delay is set to 0 milliseconds

2020-11-04 14:26:44 - [MESSAGE][PASSED] - Browser is opened with url: ''

2020-11-04 14:26:54 - [MESSAGE][PASSED] - Navigate to 'https://id-ist01preprod.id.nonprod/ist/' successfully

2020-11-04 14:26:54 - [MESSAGE][PASSED] - Go to ISTools

2020-11-04 14:26:54 - [TEST_STEP][PASSED] - Login IST with valid credentials: Login IST with valid credentials

2020-11-04 14:26:55 - [MESSAGE][PASSED] - Text 'mobile.test' is set on object 'Object Repository/Page_/input_Username_j_username'

2020-11-04 14:26:55 - [MESSAGE][PASSED] - Text ****** has been set on object 'Object Repository/Page_/input_Password_j_password'

2020-11-04 14:26:58 - [MESSAGE][PASSED] - Object: 'Object Repository/Page_/button_Login' is clicked on

2020-11-04 14:26:58 - [MESSAGE][PASSED] - Login IST with valid credentials

2020-11-04 14:26:58 - [TEST_STEP][PASSED] - Login Success for contract dispatcher: Login Success for contract dispatcher

2020-11-04 14:26:58 - [MESSAGE][INFO] - Login Success

2020-11-04 14:26:59 - [MESSAGE][PASSED] - Current window maximized

2020-11-04 14:26:59 - [MESSAGE][PASSED] - Object 'Object Repository/Page_/h1_Welcome to IT Supporting Tools' is present

2020-11-04 14:26:59 - [MESSAGE][PASSED] - Login Success for contract dispatcher

2020-11-04 14:26:59 - [TEST_STEP][PASSED] - Select Menu SLIK Gateway NonCustomer: Select Menu SLIK Gateway NonCustomer

2020-11-04 14:26:59 - [MESSAGE][PASSED] - Object '' is present

2020-11-04 14:27:00 - [MESSAGE][PASSED] - Object: '' is clicked on

2020-11-04 14:27:00 - [MESSAGE][PASSED] - Wait for page load successfully

2020-11-04 14:27:00 - [MESSAGE][PASSED] - Select Menu SLIK Gateway NonCustomer

2020-11-04 14:27:00 - [TEST_STEP][PASSED] - Set Start Date with value "01-10-2020" and End Date with value "30-12-2020": Set Start Date with value "01-10-2020" and End Date with value "30-12-2020"

2020-11-04 14:27:02 - [MESSAGE][PASSED] - Scroll to object '' successfully

2020-11-04 14:27:02 - [MESSAGE][PASSED] - Object '' is present

2020-11-04 14:27:03 - [MESSAGE][PASSED] - Text '01-10-2020' is set on object ''

2020-11-04 14:27:03 - [MESSAGE][PASSED] - Object '' is present

2020-11-04 14:27:04 - [MESSAGE][PASSED] - Text '30-12-2020' is set on object ''

2020-11-04 14:27:04 - [MESSAGE][PASSED] - Set Start Date with value "01-10-2020" and End Date with value "30-12-2020"

2020-11-04 14:27:04 - [TEST_STEP][PASSED] - Click button "Search": Click button "Search"

2020-11-04 14:27:04 - [MESSAGE][INFO] - >>>>>//Button[contains(text(),'Search')]

2020-11-04 14:27:07 - [MESSAGE][PASSED] - Object: '' is clicked on

2020-11-04 14:27:07 - [MESSAGE][PASSED] - Click button "Search"

2020-11-04 14:27:07 - [TEST_STEP][PASSED] - Verify Search Result Based on Created Date: Verify Search Result Based on Created Date

2020-11-04 14:27:08 - [MESSAGE][PASSED] - Object '' is present

2020-11-04 14:27:08 - [MESSAGE][PASSED] - Text of object '' is: '04 November 2020 14:26:14'

2020-11-04 14:27:08 - [MESSAGE][PASSED] - Verify Search Result Based on Created Date

2020-11-04 14:27:08 - [TEST_STEP][PASSED] - Verify Search Result Based on Result Status: Verify Search Result Based on Result Status

2020-11-04 14:27:09 - [MESSAGE][PASSED] - Scroll to object '' successfully

2020-11-04 14:27:09 - [MESSAGE][PASSED] - Text of object '' is: 'REQUESTED -'

2020-11-04 14:27:09 - [MESSAGE][PASSED] - Text of object '' is: '8888888888888888'

2020-11-04 14:27:09 - [MESSAGE][PASSED] - Verify Search Result Based on Result Status

2020-11-04 14:27:09 - [TEST_STEP][PASSED] - Click button "Logout": Click button "Logout"

2020-11-04 14:27:09 - [MESSAGE][INFO] - >>>>>//Button[contains(text(),'Logout')]

2020-11-04 14:27:14 - [MESSAGE][PASSED] - Object: '' is clicked on

2020-11-04 14:27:14 - [MESSAGE][PASSED] - Click button "Logout"

2020-11-04 14:27:14 - [TEST_STEP][PASSED] - Close browser: Close browser

2020-11-04 14:27:14 - [MESSAGE][PASSED] - Browser is closed

2020-11-04 14:27:14 - [MESSAGE][PASSED] - Close browser

2020-11-04 14:27:14 - [MESSAGE][PASSED] - Feature file: 'Include/features/IST_Real/SLIK/SLIK Gateway Non Customer/SLIK_Gateway_Non_Customer_Search_By_DateStart_DateEnd.feature' was passed]]></system-out>
         <system-err><![CDATA[]]></system-err>
      </testcase>
      <testcase name="Test Cases/IST_Real/SLIK/SLIK_Gateway_Non_Customer/SLIK Gateway Non Customer Search By DateStart ONLY" time="32.55" classname="Test Cases/IST_Real/SLIK/SLIK_Gateway_Non_Customer/SLIK Gateway Non Customer Search By DateStart ONLY" status="PASSED">
         <system-out><![CDATA[2020-11-04 14:27:14 - [TEST_CASE][PASSED] - Test Cases/IST_Real/SLIK/SLIK_Gateway_Non_Customer/SLIK Gateway Non Customer Search By DateStart ONLY: Test Cases/IST_Real/SLIK/SLIK_Gateway_Non_Customer/SLIK Gateway Non Customer Search By DateStart ONLY

2020-11-04 14:27:14 - [TEST_STEP][PASSED] - runFeatureFile("Include/features/IST_Real/SLIK/SLIK Gateway Non Customer/SLIK_Gateway_Non_Customer_Search_By_DateStart_ONLY.feature"): Feature file: 'Include/features/IST_Real/SLIK/SLIK Gateway Non Customer/SLIK_Gateway_Non_Customer_Search_By_DateStart_ONLY.feature' was passed

2020-11-04 14:27:14 - [MESSAGE][INFO] - Starting run keyword runFeatureFile: 'Include/features/IST_Real/SLIK/SLIK Gateway Non Customer/SLIK_Gateway_Non_Customer_Search_By_DateStart_ONLY.feature' and extract report to folder: '/Users/chaidir.pratama01/Katalon Studio/IST_Automation_Git/Reports/20201104_141636/SLIK/TS_SLIK_Gateway_Non_Customer/20201104_141636/cucumber_report/1604474834215'...

2020-11-04 14:27:14 - [TEST_CASE][PASSED] - Start Test Case : SCENARIO Search Result by Date Start ONLY: SCENARIO Search Result by Date Start ONLY

2020-11-04 14:27:14 - [TEST_STEP][PASSED] - Go to ISTools: Go to ISTools

2020-11-04 14:27:14 - [MESSAGE][INFO] - Starting 'Chrome' driver

2020-11-04 14:27:14 - [MESSAGE][INFO] - User set preference: ['AcceptInsecureCerts', 'true']

2020-11-04 14:27:14 - [MESSAGE][INFO] - User set preference: ['args', '[ignore-certificate-errors]']

2020-11-04 14:27:14 - [MESSAGE][INFO] - Action delay is set to 0 milliseconds

2020-11-04 14:27:15 - [MESSAGE][PASSED] - Browser is opened with url: ''

2020-11-04 14:27:25 - [MESSAGE][PASSED] - Navigate to 'https://id-ist01preprod.id.nonprod/ist/' successfully

2020-11-04 14:27:25 - [MESSAGE][PASSED] - Go to ISTools

2020-11-04 14:27:25 - [TEST_STEP][PASSED] - Login IST with valid credentials: Login IST with valid credentials

2020-11-04 14:27:26 - [MESSAGE][PASSED] - Text 'mobile.test' is set on object 'Object Repository/Page_/input_Username_j_username'

2020-11-04 14:27:26 - [MESSAGE][PASSED] - Text ****** has been set on object 'Object Repository/Page_/input_Password_j_password'

2020-11-04 14:27:28 - [MESSAGE][PASSED] - Object: 'Object Repository/Page_/button_Login' is clicked on

2020-11-04 14:27:28 - [MESSAGE][PASSED] - Login IST with valid credentials

2020-11-04 14:27:28 - [TEST_STEP][PASSED] - Login Success for contract dispatcher: Login Success for contract dispatcher

2020-11-04 14:27:28 - [MESSAGE][INFO] - Login Success

2020-11-04 14:27:28 - [MESSAGE][PASSED] - Current window maximized

2020-11-04 14:27:28 - [MESSAGE][PASSED] - Object 'Object Repository/Page_/h1_Welcome to IT Supporting Tools' is present

2020-11-04 14:27:28 - [MESSAGE][PASSED] - Login Success for contract dispatcher

2020-11-04 14:27:28 - [TEST_STEP][PASSED] - Select Menu SLIK Gateway NonCustomer: Select Menu SLIK Gateway NonCustomer

2020-11-04 14:27:29 - [MESSAGE][PASSED] - Object '' is present

2020-11-04 14:27:29 - [MESSAGE][PASSED] - Object: '' is clicked on

2020-11-04 14:27:29 - [MESSAGE][PASSED] - Wait for page load successfully

2020-11-04 14:27:29 - [MESSAGE][PASSED] - Select Menu SLIK Gateway NonCustomer

2020-11-04 14:27:29 - [TEST_STEP][PASSED] - Set Start Date with value "01-10-2020" and End Date with value "": Set Start Date with value "01-10-2020" and End Date with value ""

2020-11-04 14:27:31 - [MESSAGE][PASSED] - Scroll to object '' successfully

2020-11-04 14:27:32 - [MESSAGE][PASSED] - Object '' is present

2020-11-04 14:27:32 - [MESSAGE][PASSED] - Text '01-10-2020' is set on object ''

2020-11-04 14:27:33 - [MESSAGE][PASSED] - Object '' is present

2020-11-04 14:27:33 - [MESSAGE][PASSED] - Text '' is set on object ''

2020-11-04 14:27:33 - [MESSAGE][PASSED] - Set Start Date with value "01-10-2020" and End Date with value ""

2020-11-04 14:27:33 - [TEST_STEP][PASSED] - Click button "Search": Click button "Search"

2020-11-04 14:27:33 - [MESSAGE][INFO] - >>>>>//Button[contains(text(),'Search')]

2020-11-04 14:27:37 - [MESSAGE][PASSED] - Object: '' is clicked on

2020-11-04 14:27:37 - [MESSAGE][PASSED] - Click button "Search"

2020-11-04 14:27:37 - [TEST_STEP][PASSED] - Get text from pop up "Error Message" with text "Error : End Date is mandatory !": Get text from pop up "Error Message" with text "Error : End Date is mandatory !"

2020-11-04 14:27:38 - [MESSAGE][PASSED] - Taking screenshot successfully
[[ATTACHMENT|/Users/chaidir.pratama01/Documents/Docs/Katalon Studio/Screenshot/errorpopup.png]]

2020-11-04 14:27:38 - [MESSAGE][PASSED] - Object '' is present

2020-11-04 14:27:38 - [MESSAGE][PASSED] - Wait for page load successfully

2020-11-04 14:27:38 - [MESSAGE][PASSED] - Wait for page load successfully

2020-11-04 14:27:38 - [MESSAGE][PASSED] - Get text from pop up "Error Message" with text "Error : End Date is mandatory !"

2020-11-04 14:27:38 - [TEST_STEP][PASSED] - Click button "OK": Click button "OK"

2020-11-04 14:27:38 - [MESSAGE][INFO] - >>>>>//Button[contains(text(),'OK')]

2020-11-04 14:27:42 - [MESSAGE][PASSED] - Object: '' is clicked on

2020-11-04 14:27:42 - [MESSAGE][PASSED] - Click button "OK"

2020-11-04 14:27:42 - [TEST_STEP][PASSED] - Get Error Notification "Error : End Date is mandatory !": Get Error Notification "Error : End Date is mandatory !"

2020-11-04 14:27:42 - [MESSAGE][PASSED] - Object '' is present

2020-11-04 14:27:42 - [MESSAGE][PASSED] - Get Error Notification "Error : End Date is mandatory !"

2020-11-04 14:27:42 - [TEST_STEP][PASSED] - Click button "Logout": Click button "Logout"

2020-11-04 14:27:42 - [MESSAGE][INFO] - >>>>>//Button[contains(text(),'Logout')]

2020-11-04 14:27:46 - [MESSAGE][PASSED] - Object: '' is clicked on

2020-11-04 14:27:46 - [MESSAGE][PASSED] - Click button "Logout"

2020-11-04 14:27:46 - [TEST_STEP][PASSED] - Close browser: Close browser

2020-11-04 14:27:46 - [MESSAGE][PASSED] - Browser is closed

2020-11-04 14:27:46 - [MESSAGE][PASSED] - Close browser

2020-11-04 14:27:46 - [MESSAGE][PASSED] - Feature file: 'Include/features/IST_Real/SLIK/SLIK Gateway Non Customer/SLIK_Gateway_Non_Customer_Search_By_DateStart_ONLY.feature' was passed]]></system-out>
         <system-err><![CDATA[]]></system-err>
      </testcase>
      <testcase name="Test Cases/IST_Real/SLIK/SLIK_Gateway_Non_Customer/SLIK Gateway Non Customer Search by DateEnd ONLY" time="32.946" classname="Test Cases/IST_Real/SLIK/SLIK_Gateway_Non_Customer/SLIK Gateway Non Customer Search by DateEnd ONLY" status="PASSED">
         <system-out><![CDATA[2020-11-04 14:27:46 - [TEST_CASE][PASSED] - Test Cases/IST_Real/SLIK/SLIK_Gateway_Non_Customer/SLIK Gateway Non Customer Search by DateEnd ONLY: Test Cases/IST_Real/SLIK/SLIK_Gateway_Non_Customer/SLIK Gateway Non Customer Search by DateEnd ONLY

2020-11-04 14:27:46 - [TEST_STEP][PASSED] - runFeatureFile("Include/features/IST_Real/SLIK/SLIK Gateway Non Customer/SLIK_Gateway_Non_Customer_Search_By_DateEnd_ONLY.feature"): Feature file: 'Include/features/IST_Real/SLIK/SLIK Gateway Non Customer/SLIK_Gateway_Non_Customer_Search_By_DateEnd_ONLY.feature' was passed

2020-11-04 14:27:46 - [MESSAGE][INFO] - Starting run keyword runFeatureFile: 'Include/features/IST_Real/SLIK/SLIK Gateway Non Customer/SLIK_Gateway_Non_Customer_Search_By_DateEnd_ONLY.feature' and extract report to folder: '/Users/chaidir.pratama01/Katalon Studio/IST_Automation_Git/Reports/20201104_141636/SLIK/TS_SLIK_Gateway_Non_Customer/20201104_141636/cucumber_report/1604474866771'...

2020-11-04 14:27:46 - [TEST_CASE][PASSED] - Start Test Case : SCENARIO Search Result by Date End ONLY: SCENARIO Search Result by Date End ONLY

2020-11-04 14:27:46 - [TEST_STEP][PASSED] - Go to ISTools: Go to ISTools

2020-11-04 14:27:46 - [MESSAGE][INFO] - Starting 'Chrome' driver

2020-11-04 14:27:46 - [MESSAGE][INFO] - User set preference: ['AcceptInsecureCerts', 'true']

2020-11-04 14:27:46 - [MESSAGE][INFO] - User set preference: ['args', '[ignore-certificate-errors]']

2020-11-04 14:27:46 - [MESSAGE][INFO] - Action delay is set to 0 milliseconds

2020-11-04 14:27:48 - [MESSAGE][PASSED] - Browser is opened with url: ''

2020-11-04 14:27:57 - [MESSAGE][PASSED] - Navigate to 'https://id-ist01preprod.id.nonprod/ist/' successfully

2020-11-04 14:27:57 - [MESSAGE][PASSED] - Go to ISTools

2020-11-04 14:27:57 - [TEST_STEP][PASSED] - Login IST with valid credentials: Login IST with valid credentials

2020-11-04 14:27:58 - [MESSAGE][PASSED] - Text 'mobile.test' is set on object 'Object Repository/Page_/input_Username_j_username'

2020-11-04 14:27:58 - [MESSAGE][PASSED] - Text ****** has been set on object 'Object Repository/Page_/input_Password_j_password'

2020-11-04 14:28:00 - [MESSAGE][PASSED] - Object: 'Object Repository/Page_/button_Login' is clicked on

2020-11-04 14:28:00 - [MESSAGE][PASSED] - Login IST with valid credentials

2020-11-04 14:28:00 - [TEST_STEP][PASSED] - Login Success for contract dispatcher: Login Success for contract dispatcher

2020-11-04 14:28:00 - [MESSAGE][INFO] - Login Success

2020-11-04 14:28:00 - [MESSAGE][PASSED] - Current window maximized

2020-11-04 14:28:00 - [MESSAGE][PASSED] - Object 'Object Repository/Page_/h1_Welcome to IT Supporting Tools' is present

2020-11-04 14:28:00 - [MESSAGE][PASSED] - Login Success for contract dispatcher

2020-11-04 14:28:00 - [TEST_STEP][PASSED] - Select Menu SLIK Gateway NonCustomer: Select Menu SLIK Gateway NonCustomer

2020-11-04 14:28:01 - [MESSAGE][PASSED] - Object '' is present

2020-11-04 14:28:01 - [MESSAGE][PASSED] - Object: '' is clicked on

2020-11-04 14:28:01 - [MESSAGE][PASSED] - Wait for page load successfully

2020-11-04 14:28:01 - [MESSAGE][PASSED] - Select Menu SLIK Gateway NonCustomer

2020-11-04 14:28:01 - [TEST_STEP][PASSED] - Set Start Date with value "" and End Date with value "24-10-2020": Set Start Date with value "" and End Date with value "24-10-2020"

2020-11-04 14:28:04 - [MESSAGE][PASSED] - Scroll to object '' successfully

2020-11-04 14:28:04 - [MESSAGE][PASSED] - Object '' is present

2020-11-04 14:28:05 - [MESSAGE][PASSED] - Text '' is set on object ''

2020-11-04 14:28:06 - [MESSAGE][PASSED] - Object '' is present

2020-11-04 14:28:06 - [MESSAGE][PASSED] - Text '24-10-2020' is set on object ''

2020-11-04 14:28:06 - [MESSAGE][PASSED] - Set Start Date with value "" and End Date with value "24-10-2020"

2020-11-04 14:28:06 - [TEST_STEP][PASSED] - Click button "Search": Click button "Search"

2020-11-04 14:28:06 - [MESSAGE][INFO] - >>>>>//Button[contains(text(),'Search')]

2020-11-04 14:28:10 - [MESSAGE][PASSED] - Object: '' is clicked on

2020-11-04 14:28:10 - [MESSAGE][PASSED] - Click button "Search"

2020-11-04 14:28:10 - [TEST_STEP][PASSED] - Get text from pop up "Error Message" with text "Error : Start Date is mandatory !": Get text from pop up "Error Message" with text "Error : Start Date is mandatory !"

2020-11-04 14:28:11 - [MESSAGE][PASSED] - Taking screenshot successfully
[[ATTACHMENT|/Users/chaidir.pratama01/Documents/Docs/Katalon Studio/Screenshot/errorpopup.png]]

2020-11-04 14:28:11 - [MESSAGE][PASSED] - Object '' is present

2020-11-04 14:28:11 - [MESSAGE][PASSED] - Wait for page load successfully

2020-11-04 14:28:11 - [MESSAGE][PASSED] - Wait for page load successfully

2020-11-04 14:28:11 - [MESSAGE][PASSED] - Get text from pop up "Error Message" with text "Error : Start Date is mandatory !"

2020-11-04 14:28:11 - [TEST_STEP][PASSED] - Click button "OK": Click button "OK"

2020-11-04 14:28:11 - [MESSAGE][INFO] - >>>>>//Button[contains(text(),'OK')]

2020-11-04 14:28:15 - [MESSAGE][PASSED] - Object: '' is clicked on

2020-11-04 14:28:15 - [MESSAGE][PASSED] - Click button "OK"

2020-11-04 14:28:15 - [TEST_STEP][PASSED] - Get Error Notification "Error : Start Date is mandatory !": Get Error Notification "Error : Start Date is mandatory !"

2020-11-04 14:28:15 - [MESSAGE][PASSED] - Object '' is present

2020-11-04 14:28:15 - [MESSAGE][PASSED] - Get Error Notification "Error : Start Date is mandatory !"

2020-11-04 14:28:15 - [TEST_STEP][PASSED] - Click button "Logout": Click button "Logout"

2020-11-04 14:28:15 - [MESSAGE][INFO] - >>>>>//Button[contains(text(),'Logout')]

2020-11-04 14:28:19 - [MESSAGE][PASSED] - Object: '' is clicked on

2020-11-04 14:28:19 - [MESSAGE][PASSED] - Click button "Logout"

2020-11-04 14:28:19 - [TEST_STEP][PASSED] - Close browser: Close browser

2020-11-04 14:28:19 - [MESSAGE][PASSED] - Browser is closed

2020-11-04 14:28:19 - [MESSAGE][PASSED] - Close browser

2020-11-04 14:28:19 - [MESSAGE][PASSED] - Feature file: 'Include/features/IST_Real/SLIK/SLIK Gateway Non Customer/SLIK_Gateway_Non_Customer_Search_By_DateEnd_ONLY.feature' was passed]]></system-out>
         <system-err><![CDATA[]]></system-err>
      </testcase>
      <testcase name="Test Cases/IST_Real/SLIK/SLIK_Gateway_Approval_Non_Customer/Approve KTP Number" time="41.738" classname="Test Cases/IST_Real/SLIK/SLIK_Gateway_Approval_Non_Customer/Approve KTP Number" status="PASSED">
         <system-out><![CDATA[2020-11-04 14:28:19 - [TEST_CASE][PASSED] - Test Cases/IST_Real/SLIK/SLIK_Gateway_Approval_Non_Customer/Approve KTP Number: Test Cases/IST_Real/SLIK/SLIK_Gateway_Approval_Non_Customer/Approve KTP Number

2020-11-04 14:28:19 - [TEST_STEP][PASSED] - runFeatureFile("Include/features/IST_Real/SLIK/SLIK Gateway Approval Non Customer/Approve_KTP_Number.feature"): Feature file: 'Include/features/IST_Real/SLIK/SLIK Gateway Approval Non Customer/Approve_KTP_Number.feature' was passed

2020-11-04 14:28:19 - [MESSAGE][INFO] - Starting run keyword runFeatureFile: 'Include/features/IST_Real/SLIK/SLIK Gateway Approval Non Customer/Approve_KTP_Number.feature' and extract report to folder: '/Users/chaidir.pratama01/Katalon Studio/IST_Automation_Git/Reports/20201104_141636/SLIK/TS_SLIK_Gateway_Non_Customer/20201104_141636/cucumber_report/1604474899639'...

2020-11-04 14:28:19 - [TEST_CASE][PASSED] - Start Test Case : SCENARIO Approve KTP Number by Checker: SCENARIO Approve KTP Number by Checker

2020-11-04 14:28:19 - [TEST_STEP][PASSED] - Go to ISTools: Go to ISTools

2020-11-04 14:28:19 - [MESSAGE][INFO] - Starting 'Chrome' driver

2020-11-04 14:28:19 - [MESSAGE][INFO] - User set preference: ['AcceptInsecureCerts', 'true']

2020-11-04 14:28:19 - [MESSAGE][INFO] - User set preference: ['args', '[ignore-certificate-errors]']

2020-11-04 14:28:19 - [MESSAGE][INFO] - Action delay is set to 0 milliseconds

2020-11-04 14:28:20 - [MESSAGE][PASSED] - Browser is opened with url: ''

2020-11-04 14:28:27 - [MESSAGE][PASSED] - Navigate to 'https://id-ist01preprod.id.nonprod/ist/' successfully

2020-11-04 14:28:27 - [MESSAGE][PASSED] - Go to ISTools

2020-11-04 14:28:27 - [TEST_STEP][PASSED] - Login IST with valid credentials: Login IST with valid credentials

2020-11-04 14:28:28 - [MESSAGE][PASSED] - Text 'mobile.test' is set on object 'Object Repository/Page_/input_Username_j_username'

2020-11-04 14:28:28 - [MESSAGE][PASSED] - Text ****** has been set on object 'Object Repository/Page_/input_Password_j_password'

2020-11-04 14:28:31 - [MESSAGE][PASSED] - Object: 'Object Repository/Page_/button_Login' is clicked on

2020-11-04 14:28:31 - [MESSAGE][PASSED] - Login IST with valid credentials

2020-11-04 14:28:31 - [TEST_STEP][PASSED] - Login Success for contract dispatcher: Login Success for contract dispatcher

2020-11-04 14:28:31 - [MESSAGE][INFO] - Login Success

2020-11-04 14:28:31 - [MESSAGE][PASSED] - Current window maximized

2020-11-04 14:28:32 - [MESSAGE][PASSED] - Object 'Object Repository/Page_/h1_Welcome to IT Supporting Tools' is present

2020-11-04 14:28:32 - [MESSAGE][PASSED] - Login Success for contract dispatcher

2020-11-04 14:28:32 - [TEST_STEP][PASSED] - Select Menu "SLIK Gateway Approval Non Customer": Select Menu "SLIK Gateway Approval Non Customer"

2020-11-04 14:28:33 - [MESSAGE][PASSED] - Taking screenshot successfully
[[ATTACHMENT|/Users/chaidir.pratama01/Documents/Docs/Katalon Studio/Screenshot/test-SLIK Gateway Approval Non Customer.png]]

2020-11-04 14:28:33 - [MESSAGE][PASSED] - Object '' is present

2020-11-04 14:28:34 - [MESSAGE][PASSED] - Object: '' is clicked on

2020-11-04 14:28:34 - [MESSAGE][PASSED] - Wait for page load successfully

2020-11-04 14:28:34 - [MESSAGE][PASSED] - Select Menu "SLIK Gateway Approval Non Customer"

2020-11-04 14:28:34 - [TEST_STEP][PASSED] - Verify Table Result Exist: Verify Table Result Exist

2020-11-04 14:28:35 - [MESSAGE][PASSED] - Object '' is present

2020-11-04 14:28:35 - [MESSAGE][PASSED] - Verify Table Result Exist

2020-11-04 14:28:35 - [TEST_STEP][PASSED] - Get Data From Table: Get Data From Table

2020-11-04 14:28:36 - [MESSAGE][PASSED] - Object '' is present

2020-11-04 14:28:37 - [MESSAGE][PASSED] - Text of object '' is: '1'

2020-11-04 14:28:37 - [MESSAGE][PASSED] - Text of object '' is: '8888888888888888'

2020-11-04 14:28:37 - [MESSAGE][PASSED] - Text of object '' is: 'OPEX TestingAuto'

2020-11-04 14:28:38 - [MESSAGE][PASSED] - Text of object '' is: 'View Document'

2020-11-04 14:28:38 - [MESSAGE][PASSED] - Text of object '' is: ''

2020-11-04 14:28:38 - [MESSAGE][PASSED] - Get Data From Table

2020-11-04 14:28:38 - [TEST_STEP][PASSED] - Click Checkbox Validate: Click Checkbox Validate

2020-11-04 14:28:38 - [MESSAGE][PASSED] - Text of object '' is: '8888888888888888'

2020-11-04 14:28:39 - [MESSAGE][PASSED] - Object: '' is clicked on

2020-11-04 14:28:39 - [MESSAGE][PASSED] - Click Checkbox Validate

2020-11-04 14:28:39 - [TEST_STEP][PASSED] - Click button "Continue": Click button "Continue"

2020-11-04 14:28:39 - [MESSAGE][INFO] - >>>>>//Button[contains(text(),'Continue')]

2020-11-04 14:28:42 - [MESSAGE][PASSED] - Object: '' is clicked on

2020-11-04 14:28:42 - [MESSAGE][PASSED] - Click button "Continue"

2020-11-04 14:28:42 - [TEST_STEP][PASSED] - Click Checkbox Saya Setuju: Click Checkbox Saya Setuju

2020-11-04 14:28:42 - [MESSAGE][PASSED] - Object '' is present

2020-11-04 14:28:43 - [MESSAGE][PASSED] - Object: '' is clicked on

2020-11-04 14:28:43 - [MESSAGE][PASSED] - Click Checkbox Saya Setuju

2020-11-04 14:28:43 - [TEST_STEP][PASSED] - Click button "Check SLIK": Click button "Check SLIK"

2020-11-04 14:28:43 - [MESSAGE][INFO] - >>>>>//Button[contains(text(),'Check SLIK')]

2020-11-04 14:28:46 - [MESSAGE][PASSED] - Object: '' is clicked on

2020-11-04 14:28:46 - [MESSAGE][PASSED] - Click button "Check SLIK"

2020-11-04 14:28:46 - [TEST_STEP][PASSED] - Get text from pop up "Confirmation Approve Data" with text "Are you sure to SUBMIT this data ?": Get text from pop up "Confirmation Approve Data" with text "Are you sure to SUBMIT this data ?"

2020-11-04 14:28:47 - [MESSAGE][PASSED] - Taking screenshot successfully
[[ATTACHMENT|/Users/chaidir.pratama01/Documents/Docs/Katalon Studio/Screenshot/errorpopup.png]]

2020-11-04 14:28:48 - [MESSAGE][PASSED] - Object '' is present

2020-11-04 14:28:48 - [MESSAGE][PASSED] - Wait for page load successfully

2020-11-04 14:28:48 - [MESSAGE][PASSED] - Wait for page load successfully

2020-11-04 14:28:48 - [MESSAGE][PASSED] - Get text from pop up "Confirmation Approve Data" with text "Are you sure to SUBMIT this data ?"

2020-11-04 14:28:48 - [TEST_STEP][PASSED] - Click button "Yes": Click button "Yes"

2020-11-04 14:28:48 - [MESSAGE][INFO] - >>>>>//Button[contains(text(),'Yes')]

2020-11-04 14:28:51 - [MESSAGE][PASSED] - Object: '' is clicked on

2020-11-04 14:28:51 - [MESSAGE][PASSED] - Click button "Yes"

2020-11-04 14:28:51 - [TEST_STEP][PASSED] - Get text from pop up "IT Supporting Tools" with text "Data is processed": Get text from pop up "IT Supporting Tools" with text "Data is processed"

2020-11-04 14:28:53 - [MESSAGE][PASSED] - Taking screenshot successfully
[[ATTACHMENT|/Users/chaidir.pratama01/Documents/Docs/Katalon Studio/Screenshot/errorpopup.png]]

2020-11-04 14:28:53 - [MESSAGE][PASSED] - Object '' is present

2020-11-04 14:28:53 - [MESSAGE][PASSED] - Wait for page load successfully

2020-11-04 14:28:53 - [MESSAGE][PASSED] - Wait for page load successfully

2020-11-04 14:28:53 - [MESSAGE][PASSED] - Get text from pop up "IT Supporting Tools" with text "Data is processed"

2020-11-04 14:28:53 - [TEST_STEP][PASSED] - Click button "OK": Click button "OK"

2020-11-04 14:28:53 - [MESSAGE][INFO] - >>>>>//Button[contains(text(),'OK')]

2020-11-04 14:28:57 - [MESSAGE][PASSED] - Object: '' is clicked on

2020-11-04 14:28:57 - [MESSAGE][PASSED] - Click button "OK"

2020-11-04 14:28:57 - [TEST_STEP][PASSED] - Click button "Logout": Click button "Logout"

2020-11-04 14:28:57 - [MESSAGE][INFO] - >>>>>//Button[contains(text(),'Logout')]

2020-11-04 14:29:01 - [MESSAGE][PASSED] - Object: '' is clicked on

2020-11-04 14:29:01 - [MESSAGE][PASSED] - Click button "Logout"

2020-11-04 14:29:01 - [TEST_STEP][PASSED] - Close browser: Close browser

2020-11-04 14:29:01 - [MESSAGE][PASSED] - Browser is closed

2020-11-04 14:29:01 - [MESSAGE][PASSED] - Close browser

2020-11-04 14:29:01 - [MESSAGE][PASSED] - Feature file: 'Include/features/IST_Real/SLIK/SLIK Gateway Approval Non Customer/Approve_KTP_Number.feature' was passed]]></system-out>
         <system-err><![CDATA[]]></system-err>
      </testcase>
      <testcase name="Test Cases/IST_Real/SLIK/SLIK_Gateway_Non_Customer/Update STATUS APPROVED-SUCCESS" time="1.736" classname="Test Cases/IST_Real/SLIK/SLIK_Gateway_Non_Customer/Update STATUS APPROVED-SUCCESS" status="PASSED">
         <system-out><![CDATA[2020-11-04 14:29:01 - [TEST_CASE][PASSED] - Test Cases/IST_Real/SLIK/SLIK_Gateway_Non_Customer/Update STATUS APPROVED-SUCCESS: Test Cases/IST_Real/SLIK/SLIK_Gateway_Non_Customer/Update STATUS APPROVED-SUCCESS

2020-11-04 14:29:01 - [TEST_STEP][PASSED] - runFeatureFile("Include/features/IST_Real/SLIK/SLIK Gateway Non Customer/Update_STATUS_APPROVED_SUCCESS.feature"): Feature file: 'Include/features/IST_Real/SLIK/SLIK Gateway Non Customer/Update_STATUS_APPROVED_SUCCESS.feature' was passed

2020-11-04 14:29:01 - [MESSAGE][INFO] - Starting run keyword runFeatureFile: 'Include/features/IST_Real/SLIK/SLIK Gateway Non Customer/Update_STATUS_APPROVED_SUCCESS.feature' and extract report to folder: '/Users/chaidir.pratama01/Katalon Studio/IST_Automation_Git/Reports/20201104_141636/SLIK/TS_SLIK_Gateway_Non_Customer/20201104_141636/cucumber_report/1604474941462'...

2020-11-04 14:29:01 - [TEST_CASE][PASSED] - Start Test Case : SCENARIO Update STATUS from Table SLIK_DATA_CUSTOMER: SCENARIO Update STATUS from Table SLIK_DATA_CUSTOMER

2020-11-04 14:29:01 - [TEST_STEP][PASSED] - Connect to Database: Connect to Database

2020-11-04 14:29:02 - [MESSAGE][PASSED] - Connect to Database

2020-11-04 14:29:02 - [TEST_STEP][PASSED] - Update Status "SUCCESS" in Table SLIK_DATA_NonCUSTOMER: Update Status "SUCCESS" in Table SLIK_DATA_NonCUSTOMER

2020-11-04 14:29:03 - [MESSAGE][PASSED] - Update Status "SUCCESS" in Table SLIK_DATA_NonCUSTOMER

2020-11-04 14:29:03 - [MESSAGE][PASSED] - Feature file: 'Include/features/IST_Real/SLIK/SLIK Gateway Non Customer/Update_STATUS_APPROVED_SUCCESS.feature' was passed]]></system-out>
         <system-err><![CDATA[]]></system-err>
      </testcase>
      <testcase name="Test Cases/IST_Real/SLIK/SLIK_Gateway_Non_Customer/SLIK Gateway Non Customer View Detal when Status APPROVED-SUCCESS" time="35.452" classname="Test Cases/IST_Real/SLIK/SLIK_Gateway_Non_Customer/SLIK Gateway Non Customer View Detal when Status APPROVED-SUCCESS" status="PASSED">
         <system-out><![CDATA[2020-11-04 14:29:03 - [TEST_CASE][PASSED] - Test Cases/IST_Real/SLIK/SLIK_Gateway_Non_Customer/SLIK Gateway Non Customer View Detal when Status APPROVED-SUCCESS: Test Cases/IST_Real/SLIK/SLIK_Gateway_Non_Customer/SLIK Gateway Non Customer View Detal when Status APPROVED-SUCCESS

2020-11-04 14:29:03 - [TEST_STEP][PASSED] - runFeatureFile("Include/features/IST_Real/SLIK/SLIK Gateway Non Customer/SLIK_Gateway_Non_Customer_View_Detail_when_Status_APPROVED-SUCCESS.feature"): Feature file: 'Include/features/IST_Real/SLIK/SLIK Gateway Non Customer/SLIK_Gateway_Non_Customer_View_Detail_when_Status_APPROVED-SUCCESS.feature' was passed

2020-11-04 14:29:03 - [MESSAGE][INFO] - Starting run keyword runFeatureFile: 'Include/features/IST_Real/SLIK/SLIK Gateway Non Customer/SLIK_Gateway_Non_Customer_View_Detail_when_Status_APPROVED-SUCCESS.feature' and extract report to folder: '/Users/chaidir.pratama01/Katalon Studio/IST_Automation_Git/Reports/20201104_141636/SLIK/TS_SLIK_Gateway_Non_Customer/20201104_141636/cucumber_report/1604474943189'...

2020-11-04 14:29:03 - [TEST_CASE][PASSED] - Start Test Case : SCENARIO SLIK Gateway Non Customer View Detail Link: SCENARIO SLIK Gateway Non Customer View Detail Link

2020-11-04 14:29:03 - [TEST_STEP][PASSED] - Go to ISTools: Go to ISTools

2020-11-04 14:29:03 - [MESSAGE][INFO] - Starting 'Chrome' driver

2020-11-04 14:29:03 - [MESSAGE][INFO] - User set preference: ['AcceptInsecureCerts', 'true']

2020-11-04 14:29:03 - [MESSAGE][INFO] - User set preference: ['args', '[ignore-certificate-errors]']

2020-11-04 14:29:03 - [MESSAGE][INFO] - Action delay is set to 0 milliseconds

2020-11-04 14:29:04 - [MESSAGE][PASSED] - Browser is opened with url: ''

2020-11-04 14:29:15 - [MESSAGE][PASSED] - Navigate to 'https://id-ist01preprod.id.nonprod/ist/' successfully

2020-11-04 14:29:15 - [MESSAGE][PASSED] - Go to ISTools

2020-11-04 14:29:15 - [TEST_STEP][PASSED] - Login IST with valid credentials: Login IST with valid credentials

2020-11-04 14:29:16 - [MESSAGE][PASSED] - Text 'mobile.test' is set on object 'Object Repository/Page_/input_Username_j_username'

2020-11-04 14:29:17 - [MESSAGE][PASSED] - Text ****** has been set on object 'Object Repository/Page_/input_Password_j_password'

2020-11-04 14:29:19 - [MESSAGE][PASSED] - Object: 'Object Repository/Page_/button_Login' is clicked on

2020-11-04 14:29:19 - [MESSAGE][PASSED] - Login IST with valid credentials

2020-11-04 14:29:19 - [TEST_STEP][PASSED] - Login Success for contract dispatcher: Login Success for contract dispatcher

2020-11-04 14:29:19 - [MESSAGE][INFO] - Login Success

2020-11-04 14:29:19 - [MESSAGE][PASSED] - Current window maximized

2020-11-04 14:29:19 - [MESSAGE][PASSED] - Object 'Object Repository/Page_/h1_Welcome to IT Supporting Tools' is present

2020-11-04 14:29:19 - [MESSAGE][PASSED] - Login Success for contract dispatcher

2020-11-04 14:29:19 - [TEST_STEP][PASSED] - Select Menu SLIK Gateway NonCustomer: Select Menu SLIK Gateway NonCustomer

2020-11-04 14:29:20 - [MESSAGE][PASSED] - Object '' is present

2020-11-04 14:29:20 - [MESSAGE][PASSED] - Object: '' is clicked on

2020-11-04 14:29:20 - [MESSAGE][PASSED] - Wait for page load successfully

2020-11-04 14:29:20 - [MESSAGE][PASSED] - Select Menu SLIK Gateway NonCustomer

2020-11-04 14:29:20 - [TEST_STEP][PASSED] - Select Status is "APPROVED": Select Status is "APPROVED"

2020-11-04 14:29:23 - [MESSAGE][PASSED] - All options with value 'APPROVED' are selected in object ''  using regular expression

2020-11-04 14:29:23 - [MESSAGE][PASSED] - Select Status is "APPROVED"

2020-11-04 14:29:23 - [TEST_STEP][PASSED] - Click button "Search": Click button "Search"

2020-11-04 14:29:23 - [MESSAGE][INFO] - >>>>>//Button[contains(text(),'Search')]

2020-11-04 14:29:26 - [MESSAGE][PASSED] - Object: '' is clicked on

2020-11-04 14:29:26 - [MESSAGE][PASSED] - Click button "Search"

2020-11-04 14:29:26 - [TEST_STEP][PASSED] - Verify Search Result Based on Result Status: Verify Search Result Based on Result Status

2020-11-04 14:29:27 - [MESSAGE][PASSED] - Scroll to object '' successfully

2020-11-04 14:29:28 - [MESSAGE][WARNING] - Actual text 'APPROVED - SUCCESS' and expected text 'APPROVED - FAILED' of test object '' are NOT matched. (Root cause: com.kms.katalon.core.exception.StepFailedException: Actual text 'APPROVED - SUCCESS' and expected text 'APPROVED - FAILED' of test object '' are NOT matched.
	at com.kms.katalon.core.webui.keyword.internal.WebUIKeywordMain.stepFailed(WebUIKeywordMain.groovy:64)
	at com.kms.katalon.core.webui.keyword.builtin.VerifyElementTextKeyword$_verifyElementText_closure1.doCall(VerifyElementTextKeyword.groovy:57)
	at com.kms.katalon.core.webui.keyword.builtin.VerifyElementTextKeyword$_verifyElementText_closure1.call(VerifyElementTextKeyword.groovy)
	at com.kms.katalon.core.webui.keyword.internal.WebUIKeywordMain.runKeyword(WebUIKeywordMain.groovy:20)
	at com.kms.katalon.core.webui.keyword.builtin.VerifyElementTextKeyword.verifyElementText(VerifyElementTextKeyword.groovy:72)
	at com.kms.katalon.core.webui.keyword.builtin.VerifyElementTextKeyword.execute(VerifyElementTextKeyword.groovy:40)
	at com.kms.katalon.core.keyword.internal.KeywordExecutor.executeKeywordForPlatform(KeywordExecutor.groovy:73)
	at com.kms.katalon.core.webui.keyword.WebUiBuiltInKeywords.verifyElementText(WebUiBuiltInKeywords.groovy:3673)
	at com.kms.katalon.core.webui.keyword.WebUiBuiltInKeywords$verifyElementText$21.call(Unknown Source)
	at Slik_Script.Verify_Result_Status(Slik_Script.groovy:369)
	at cucumber.runtime.Utils$1.call(Utils.java:26)
	at cucumber.runtime.Timeout.timeout(Timeout.java:16)
	at cucumber.runtime.Utils.invoke(Utils.java:20)
	at cucumber.runtime.java.JavaStepDefinition.execute(JavaStepDefinition.java:48)
	at cucumber.runtime.PickleStepDefinitionMatch.runStep(PickleStepDefinitionMatch.java:50)
	at cucumber.runner.TestStep.executeStep(TestStep.java:55)
	at cucumber.runner.TestStep.run(TestStep.java:42)
	at cucumber.runner.PickleStepTestStep.run(PickleStepTestStep.java:53)
	at cucumber.runner.TestCase.run(TestCase.java:47)
	at cucumber.runner.Runner.runPickle(Runner.java:44)
	at cucumber.runtime.Runtime.runFeature(Runtime.java:120)
	at cucumber.runtime.Runtime.run(Runtime.java:106)
	at cucumber.api.cli.Main.run(Main.java:35)
	at cucumber.api.cli.Main$run.call(Unknown Source)
	at com.kms.katalon.core.cucumber.keyword.CucumberBuiltinKeywords$_runFeatureFile_closure1.doCall(CucumberBuiltinKeywords.groovy:76)
	at com.kms.katalon.core.cucumber.keyword.CucumberBuiltinKeywords$_runFeatureFile_closure1.doCall(CucumberBuiltinKeywords.groovy)
	at com.kms.katalon.core.keyword.internal.KeywordMain.runKeyword(KeywordMain.groovy:68)
	at com.kms.katalon.core.keyword.internal.KeywordMain$runKeyword.call(Unknown Source)
	at com.kms.katalon.core.cucumber.keyword.CucumberBuiltinKeywords.runFeatureFile(CucumberBuiltinKeywords.groovy:46)
	at com.kms.katalon.core.cucumber.keyword.CucumberBuiltinKeywords$runFeatureFile$0.callStatic(Unknown Source)
	at com.kms.katalon.core.cucumber.keyword.CucumberBuiltinKeywords.runFeatureFile(CucumberBuiltinKeywords.groovy:169)
	at com.kms.katalon.core.cucumber.keyword.CucumberBuiltinKeywords$runFeatureFile.call(Unknown Source)
	at SLIK Gateway Non Customer View Detal when Status APPROVED-SUCCESS.run(SLIK Gateway Non Customer View Detal when Status APPROVED-SUCCESS:18)
	at com.kms.katalon.core.main.ScriptEngine.run(ScriptEngine.java:194)
	at com.kms.katalon.core.main.ScriptEngine.runScriptAsRawText(ScriptEngine.java:119)
	at com.kms.katalon.core.main.TestCaseExecutor.runScript(TestCaseExecutor.java:339)
	at com.kms.katalon.core.main.TestCaseExecutor.doExecute(TestCaseExecutor.java:330)
	at com.kms.katalon.core.main.TestCaseExecutor.processExecutionPhase(TestCaseExecutor.java:309)
	at com.kms.katalon.core.main.TestCaseExecutor.accessMainPhase(TestCaseExecutor.java:301)
	at com.kms.katalon.core.main.TestCaseExecutor.execute(TestCaseExecutor.java:235)
	at com.kms.katalon.core.main.TestSuiteExecutor.accessTestCaseMainPhase(TestSuiteExecutor.java:191)
	at com.kms.katalon.core.main.TestSuiteExecutor.accessTestSuiteMainPhase(TestSuiteExecutor.java:141)
	at com.kms.katalon.core.main.TestSuiteExecutor.execute(TestSuiteExecutor.java:90)
	at com.kms.katalon.core.main.TestCaseMain.startTestSuite(TestCaseMain.java:157)
	at com.kms.katalon.core.main.TestCaseMain$startTestSuite$0.call(Unknown Source)
	at TempTestSuite1604474196488.run(TempTestSuite1604474196488.groovy:39)
)
[[ATTACHMENT|/Users/chaidir.pratama01/Katalon Studio/IST_Automation_Git/Reports/20201104_141636/SLIK/TS_SLIK_Gateway_Non_Customer/20201104_141636/1604474968045.png]]

2020-11-04 14:29:29 - [MESSAGE][PASSED] - Actual text and expected text of test object '' are matched.

2020-11-04 14:29:29 - [MESSAGE][PASSED] - Text of object '' is: 'APPROVED - SUCCESS'

2020-11-04 14:29:29 - [MESSAGE][PASSED] - Text of object '' is: '8888888888888888'

2020-11-04 14:29:29 - [MESSAGE][PASSED] - Verify Search Result Based on Result Status

2020-11-04 14:29:29 - [TEST_STEP][PASSED] - Click View Detail Link: Click View Detail Link

2020-11-04 14:29:29 - [MESSAGE][PASSED] - Object '' is present

2020-11-04 14:29:30 - [MESSAGE][PASSED] - Object: '' is clicked on

2020-11-04 14:29:30 - [MESSAGE][PASSED] - Click View Detail Link

2020-11-04 14:29:30 - [TEST_STEP][PASSED] - Take Screenshot "View_detail_NonCutomer.png": Take Screenshot "View_detail_NonCutomer.png"

2020-11-04 14:29:31 - [MESSAGE][PASSED] - Taking screenshot successfully
[[ATTACHMENT|/Users/chaidir.pratama01/Katalon Studio/IST_Automation_Git/img/View_detail_NonCutomer.png]]

2020-11-04 14:29:31 - [MESSAGE][PASSED] - Take Screenshot "View_detail_NonCutomer.png"

2020-11-04 14:29:31 - [TEST_STEP][PASSED] - Verify Slik Result Detail Link: Verify Slik Result Detail Link

2020-11-04 14:29:31 - [MESSAGE][PASSED] - Scroll to object '' successfully

2020-11-04 14:29:32 - [MESSAGE][PASSED] - Object '' is present

2020-11-04 14:29:32 - [MESSAGE][PASSED] - Scroll to object '' successfully

2020-11-04 14:29:32 - [MESSAGE][PASSED] - Object '' is present

2020-11-04 14:29:33 - [MESSAGE][PASSED] - Scroll to object '' successfully

2020-11-04 14:29:33 - [MESSAGE][PASSED] - Object '' is present

2020-11-04 14:29:33 - [MESSAGE][PASSED] - Scroll to object '' successfully

2020-11-04 14:29:34 - [MESSAGE][PASSED] - Object '' is present

2020-11-04 14:29:34 - [MESSAGE][PASSED] - Scroll to object '' successfully

2020-11-04 14:29:34 - [MESSAGE][PASSED] - Object '' is present

2020-11-04 14:29:34 - [MESSAGE][PASSED] - Verify Slik Result Detail Link

2020-11-04 14:29:34 - [TEST_STEP][PASSED] - Click button "Logout": Click button "Logout"

2020-11-04 14:29:34 - [MESSAGE][INFO] - >>>>>//Button[contains(text(),'Logout')]

2020-11-04 14:29:38 - [MESSAGE][PASSED] - Object: '' is clicked on

2020-11-04 14:29:38 - [MESSAGE][PASSED] - Click button "Logout"

2020-11-04 14:29:38 - [TEST_STEP][PASSED] - Close browser: Close browser

2020-11-04 14:29:38 - [MESSAGE][PASSED] - Browser is closed

2020-11-04 14:29:38 - [MESSAGE][PASSED] - Close browser

2020-11-04 14:29:38 - [MESSAGE][PASSED] - Feature file: 'Include/features/IST_Real/SLIK/SLIK Gateway Non Customer/SLIK_Gateway_Non_Customer_View_Detail_when_Status_APPROVED-SUCCESS.feature' was passed]]></system-out>
         <system-err><![CDATA[]]></system-err>
      </testcase>
      <system-out><![CDATA[2020-11-04 14:16:45 - [TEST_SUITE][PASSED] - TS_SLIK_Gateway_Non_Customer: Test Cases/IST_Real/SLIK/SLIK_Gateway_Non_Customer/SLIK Gateway Non Customer View Detal when Status APPROVED-SUCCESS]]></system-out>
      <system-err><![CDATA[]]></system-err>
   </testsuite>
</testsuites>
