<?xml version="1.0" encoding="UTF-8"?>
<testsuites name="TS_SLIK_Gateway_Customer" time="230.571" tests="11" failures="0" errors="0">
   <testsuite name="TS_SLIK_Gateway_Customer" tests="11" failures="0" errors="0" time="230.571" timestamp="2020-10-28 18:45:39" hostname="chaidir.pratama01 - localhost" id="Test Suites/SLIK/TS_SLIK_Gateway_Customer">
      <properties>
         <property name="deviceName" value=""/>
         <property name="devicePlatform" value=""/>
         <property name="logFolder" value="/Users/chaidir.pratama01/Katalon Studio/IST_Automation_Git/Reports/20201028_184533/SLIK/TS_SLIK_Gateway_Customer/20201028_184533"/>
         <property name="logFiles" value="/Users/chaidir.pratama01/Katalon Studio/IST_Automation_Git/Reports/20201028_184533/SLIK/TS_SLIK_Gateway_Customer/20201028_184533/execution0.log"/>
         <property name="attachments" value="/Users/chaidir.pratama01/Documents/Docs/Katalon Studio/Screenshot/test-SLIK Gateway Customer.png, /Users/chaidir.pratama01/Documents/Docs/Katalon Studio/Screenshot/slik.png, /Users/chaidir.pratama01/Documents/Docs/Katalon Studio/Screenshot/slik.png, /Users/chaidir.pratama01/Documents/Docs/Katalon Studio/Screenshot/slik.png, /Users/chaidir.pratama01/Documents/Docs/Katalon Studio/Screenshot/errorpopup.png, /Users/chaidir.pratama01/Documents/Docs/Katalon Studio/Screenshot/errorpopup.png, /Users/chaidir.pratama01/Documents/Docs/Katalon Studio/Screenshot/errorpopup.png"/>
         <property name="hostName" value="chaidir.pratama01 - localhost"/>
         <property name="os" value="Mac OS X 64bit"/>
         <property name="katalonVersion" value="7.6.0.${buildNumber}"/>
         <property name="browser" value="Chrome 86.0.4240.111"/>
         <property name="hostAddress" value="127.0.0.1"/>
         <property name="sessionId" value="c0ce933449d29e4eda36830453694950"/>
         <property name="seleniumVersion" value="3.141.59"/>
         <property name="proxyInformation" value="ProxyInformation { proxyOption=NO_PROXY, proxyServerType=HTTP, username=, password=********, proxyServerAddress=, proxyServerPort=0, executionList=\&quot;\&quot;, isApplyToDesiredCapabilities=true }"/>
         <property name="platform" value="Mac OS X"/>
      </properties>
      <testcase name="Test Cases/IST_Real/SLIK/SLIK_Gateway_Customer/Open Menu SLIK Gateway Customer" time="41.895" classname="Test Cases/IST_Real/SLIK/SLIK_Gateway_Customer/Open Menu SLIK Gateway Customer" status="PASSED">
         <system-out><![CDATA[2020-10-28 18:45:40 - [TEST_CASE][PASSED] - Test Cases/IST_Real/SLIK/SLIK_Gateway_Customer/Open Menu SLIK Gateway Customer: Test Cases/IST_Real/SLIK/SLIK_Gateway_Customer/Open Menu SLIK Gateway Customer

2020-10-28 18:45:40 - [TEST_STEP][PASSED] - runFeatureFile("Include/features/IST_Real/SLIK/SLIK Gateway Customer/Open_Menu_SLIK_Gateway_Customer.feature"): Feature file: 'Include/features/IST_Real/SLIK/SLIK Gateway Customer/Open_Menu_SLIK_Gateway_Customer.feature' was passed

2020-10-28 18:45:40 - [MESSAGE][INFO] - Starting run keyword runFeatureFile: 'Include/features/IST_Real/SLIK/SLIK Gateway Customer/Open_Menu_SLIK_Gateway_Customer.feature' and extract report to folder: '/Users/chaidir.pratama01/Katalon Studio/IST_Automation_Git/Reports/20201028_184533/SLIK/TS_SLIK_Gateway_Customer/20201028_184533/cucumber_report/1603885540397'...

2020-10-28 18:45:41 - [TEST_CASE][PASSED] - Start Test Case : SCENARIO Menu SLIK Gateway Customer in IST and Verify Element Needed Exist: SCENARIO Menu SLIK Gateway Customer in IST and Verify Element Needed Exist

2020-10-28 18:45:41 - [TEST_STEP][PASSED] - Go to ISTools: Go to ISTools

2020-10-28 18:45:41 - [MESSAGE][INFO] - Starting 'Chrome' driver

2020-10-28 18:45:41 - [MESSAGE][INFO] - User set preference: ['AcceptInsecureCerts', 'true']

2020-10-28 18:45:41 - [MESSAGE][INFO] - User set preference: ['args', '[ignore-certificate-errors]']

2020-10-28 18:45:41 - [MESSAGE][INFO] - Action delay is set to 0 milliseconds

2020-10-28 18:45:43 - [MESSAGE][PASSED] - Browser is opened with url: ''

2020-10-28 18:45:45 - [MESSAGE][PASSED] - Navigate to 'https://id-ist01preprod.id.nonprod/ist/' successfully

2020-10-28 18:45:45 - [MESSAGE][PASSED] - Go to ISTools

2020-10-28 18:45:45 - [TEST_STEP][PASSED] - Login IST with valid credentials: Login IST with valid credentials

2020-10-28 18:45:46 - [MESSAGE][PASSED] - Text 'mobile.test' is set on object 'Object Repository/Page_/input_Username_j_username'

2020-10-28 18:45:46 - [MESSAGE][PASSED] - Text ****** has been set on object 'Object Repository/Page_/input_Password_j_password'

2020-10-28 18:45:47 - [MESSAGE][PASSED] - Object: 'Object Repository/Page_/button_Login' is clicked on

2020-10-28 18:45:47 - [MESSAGE][PASSED] - Login IST with valid credentials

2020-10-28 18:45:47 - [TEST_STEP][PASSED] - Login Success for contract dispatcher: Login Success for contract dispatcher

2020-10-28 18:45:47 - [MESSAGE][INFO] - Login Success

2020-10-28 18:45:47 - [MESSAGE][PASSED] - Current window maximized

2020-10-28 18:45:48 - [MESSAGE][PASSED] - Object 'Object Repository/Page_/h1_Welcome to IT Supporting Tools' is present

2020-10-28 18:45:48 - [MESSAGE][PASSED] - Login Success for contract dispatcher

2020-10-28 18:45:48 - [TEST_STEP][PASSED] - Select Menu "SLIK Gateway Customer": Select Menu "SLIK Gateway Customer"

2020-10-28 18:45:49 - [MESSAGE][PASSED] - Taking screenshot successfully
[[ATTACHMENT|/Users/chaidir.pratama01/Documents/Docs/Katalon Studio/Screenshot/test-SLIK Gateway Customer.png]]

2020-10-28 18:45:49 - [MESSAGE][PASSED] - Object '' is present

2020-10-28 18:45:49 - [MESSAGE][PASSED] - Object: '' is clicked on

2020-10-28 18:45:49 - [MESSAGE][PASSED] - Wait for page load successfully

2020-10-28 18:45:49 - [MESSAGE][PASSED] - Select Menu "SLIK Gateway Customer"

2020-10-28 18:45:49 - [TEST_STEP][PASSED] - Verify Title "SLIK Gateway Customer" Exists: Verify Title "SLIK Gateway Customer" Exists

2020-10-28 18:45:50 - [MESSAGE][PASSED] - Object '' is present

2020-10-28 18:45:50 - [MESSAGE][PASSED] - Object: '' is focused

2020-10-28 18:45:50 - [MESSAGE][PASSED] - Verify Title "SLIK Gateway Customer" Exists

2020-10-28 18:45:50 - [TEST_STEP][PASSED] - Verify Title "Check SLIK" Exists: Verify Title "Check SLIK" Exists

2020-10-28 18:45:51 - [MESSAGE][PASSED] - Object '' is present

2020-10-28 18:45:51 - [MESSAGE][PASSED] - Object: '' is focused

2020-10-28 18:45:51 - [MESSAGE][PASSED] - Verify Title "Check SLIK" Exists

2020-10-28 18:45:51 - [TEST_STEP][PASSED] - Verify Contents of Check SLIK Label in SLIK Gateway Customer Menu Exist: Verify Contents of Check SLIK Label in SLIK Gateway Customer Menu Exist

2020-10-28 18:45:51 - [MESSAGE][PASSED] - Object '' is present

2020-10-28 18:45:52 - [MESSAGE][PASSED] - Object: '' is focused

2020-10-28 18:45:52 - [MESSAGE][PASSED] - Object '' is present

2020-10-28 18:45:53 - [MESSAGE][PASSED] - Object: '' is focused

2020-10-28 18:45:53 - [MESSAGE][PASSED] - Object '' is present

2020-10-28 18:45:53 - [MESSAGE][PASSED] - Object: '' is focused

2020-10-28 18:45:54 - [MESSAGE][PASSED] - Object '' is present

2020-10-28 18:45:54 - [MESSAGE][PASSED] - Object: '' is focused

2020-10-28 18:45:54 - [MESSAGE][PASSED] - Object '' is present

2020-10-28 18:45:55 - [MESSAGE][PASSED] - Object: '' is focused

2020-10-28 18:45:55 - [MESSAGE][PASSED] - Object '' is present

2020-10-28 18:45:55 - [MESSAGE][PASSED] - Object: '' is focused

2020-10-28 18:45:56 - [MESSAGE][PASSED] - Object '' is present

2020-10-28 18:45:56 - [MESSAGE][PASSED] - Object: '' is focused

2020-10-28 18:45:57 - [MESSAGE][PASSED] - Object '' is present

2020-10-28 18:45:57 - [MESSAGE][PASSED] - Object: '' is focused

2020-10-28 18:45:57 - [MESSAGE][PASSED] - Object '' is present

2020-10-28 18:45:58 - [MESSAGE][PASSED] - Object: '' is focused

2020-10-28 18:45:58 - [MESSAGE][PASSED] - Object '' is present

2020-10-28 18:45:58 - [MESSAGE][PASSED] - Object: '' is focused

2020-10-28 18:45:59 - [MESSAGE][PASSED] - Object '' is present

2020-10-28 18:45:59 - [MESSAGE][PASSED] - Object: '' is focused

2020-10-28 18:45:59 - [MESSAGE][PASSED] - Object '' is present

2020-10-28 18:46:00 - [MESSAGE][PASSED] - Object: '' is focused

2020-10-28 18:46:00 - [MESSAGE][PASSED] - Object '' is present

2020-10-28 18:46:00 - [MESSAGE][PASSED] - Object: '' is focused

2020-10-28 18:46:01 - [MESSAGE][PASSED] - Object '' is present

2020-10-28 18:46:01 - [MESSAGE][PASSED] - Object: '' is focused

2020-10-28 18:46:01 - [MESSAGE][PASSED] - Object '' is present

2020-10-28 18:46:02 - [MESSAGE][PASSED] - Object: '' is focused

2020-10-28 18:46:02 - [MESSAGE][PASSED] - Object '' is present

2020-10-28 18:46:03 - [MESSAGE][PASSED] - Object: '' is focused

2020-10-28 18:46:03 - [MESSAGE][PASSED] - Object '' is present

2020-10-28 18:46:06 - [MESSAGE][PASSED] - Delayed 3 second(s)

2020-10-28 18:46:06 - [MESSAGE][PASSED] - Object: '' is focused

2020-10-28 18:46:09 - [MESSAGE][PASSED] - Delayed 3 second(s)

2020-10-28 18:46:10 - [MESSAGE][PASSED] - Object '' is present

2020-10-28 18:46:10 - [MESSAGE][PASSED] - Object: '' is focused

2020-10-28 18:46:10 - [MESSAGE][PASSED] - Object '' is present

2020-10-28 18:46:11 - [MESSAGE][PASSED] - Object: '' is focused

2020-10-28 18:46:11 - [MESSAGE][PASSED] - Verify Contents of Check SLIK Label in SLIK Gateway Customer Menu Exist

2020-10-28 18:46:11 - [TEST_STEP][PASSED] - Verify Title "Search Result" Exists: Verify Title "Search Result" Exists

2020-10-28 18:46:11 - [MESSAGE][PASSED] - Object '' is present

2020-10-28 18:46:12 - [MESSAGE][PASSED] - Object: '' is focused

2020-10-28 18:46:12 - [MESSAGE][PASSED] - Verify Title "Search Result" Exists

2020-10-28 18:46:12 - [TEST_STEP][PASSED] - Verify Contents of Search Result: Verify Contents of Search Result

2020-10-28 18:46:12 - [MESSAGE][PASSED] - Object '' is present

2020-10-28 18:46:12 - [MESSAGE][PASSED] - Object: '' is focused

2020-10-28 18:46:12 - [MESSAGE][PASSED] - Object '' is present

2020-10-28 18:46:13 - [MESSAGE][PASSED] - Object: '' is focused

2020-10-28 18:46:13 - [MESSAGE][PASSED] - Object '' is present

2020-10-28 18:46:14 - [MESSAGE][PASSED] - Object: '' is focused

2020-10-28 18:46:14 - [MESSAGE][PASSED] - Object '' is present

2020-10-28 18:46:14 - [MESSAGE][PASSED] - Object: '' is focused

2020-10-28 18:46:15 - [MESSAGE][PASSED] - Object '' is present

2020-10-28 18:46:15 - [MESSAGE][PASSED] - Object: '' is focused

2020-10-28 18:46:15 - [MESSAGE][PASSED] - Object '' is present

2020-10-28 18:46:16 - [MESSAGE][PASSED] - Object: '' is focused

2020-10-28 18:46:16 - [MESSAGE][PASSED] - Object '' is present

2020-10-28 18:46:16 - [MESSAGE][PASSED] - Object: '' is focused

2020-10-28 18:46:17 - [MESSAGE][PASSED] - Object '' is present

2020-10-28 18:46:17 - [MESSAGE][PASSED] - Object: '' is focused

2020-10-28 18:46:18 - [MESSAGE][PASSED] - Object '' is present

2020-10-28 18:46:18 - [MESSAGE][PASSED] - Object: '' is focused

2020-10-28 18:46:18 - [MESSAGE][PASSED] - Verify Contents of Search Result

2020-10-28 18:46:18 - [TEST_STEP][PASSED] - Click button "Logout": Click button "Logout"

2020-10-28 18:46:18 - [MESSAGE][INFO] - >>>>>//Button[contains(text(),'Logout')]

2020-10-28 18:46:21 - [MESSAGE][PASSED] - Object: '' is clicked on

2020-10-28 18:46:21 - [MESSAGE][PASSED] - Click button "Logout"

2020-10-28 18:46:21 - [TEST_STEP][PASSED] - Close browser: Close browser

2020-10-28 18:46:21 - [MESSAGE][PASSED] - Browser is closed

2020-10-28 18:46:21 - [MESSAGE][PASSED] - Close browser

2020-10-28 18:46:22 - [MESSAGE][PASSED] - Feature file: 'Include/features/IST_Real/SLIK/SLIK Gateway Customer/Open_Menu_SLIK_Gateway_Customer.feature' was passed]]></system-out>
         <system-err><![CDATA[]]></system-err>
      </testcase>
      <testcase name="Test Cases/IST_Real/SLIK/SLIK_Gateway_Customer/SLIK Gateway Customer Checking" time="53.488" classname="Test Cases/IST_Real/SLIK/SLIK_Gateway_Customer/SLIK Gateway Customer Checking" status="PASSED">
         <system-out><![CDATA[2020-10-28 18:46:22 - [TEST_CASE][PASSED] - Test Cases/IST_Real/SLIK/SLIK_Gateway_Customer/SLIK Gateway Customer Checking: Test Cases/IST_Real/SLIK/SLIK_Gateway_Customer/SLIK Gateway Customer Checking

2020-10-28 18:46:22 - [TEST_STEP][PASSED] - runFeatureFile("Include/features/IST_Real/SLIK/SLIK Gateway Customer/SLIK Gateway Customer Checking.feature"): Feature file: 'Include/features/IST_Real/SLIK/SLIK Gateway Customer/SLIK Gateway Customer Checking.feature' was passed

2020-10-28 18:46:22 - [MESSAGE][INFO] - Starting run keyword runFeatureFile: 'Include/features/IST_Real/SLIK/SLIK Gateway Customer/SLIK Gateway Customer Checking.feature' and extract report to folder: '/Users/chaidir.pratama01/Katalon Studio/IST_Automation_Git/Reports/20201028_184533/SLIK/TS_SLIK_Gateway_Customer/20201028_184533/cucumber_report/1603885582168'...

2020-10-28 18:46:22 - [TEST_CASE][PASSED] - Start Test Case : SCENARIO SLIK Gateway Customer Checking: SCENARIO SLIK Gateway Customer Checking

2020-10-28 18:46:22 - [TEST_STEP][PASSED] - Go to ISTools: Go to ISTools

2020-10-28 18:46:22 - [MESSAGE][INFO] - Starting 'Chrome' driver

2020-10-28 18:46:22 - [MESSAGE][INFO] - User set preference: ['AcceptInsecureCerts', 'true']

2020-10-28 18:46:22 - [MESSAGE][INFO] - User set preference: ['args', '[ignore-certificate-errors]']

2020-10-28 18:46:22 - [MESSAGE][INFO] - Action delay is set to 0 milliseconds

2020-10-28 18:46:23 - [MESSAGE][PASSED] - Browser is opened with url: ''

2020-10-28 18:46:24 - [MESSAGE][PASSED] - Navigate to 'https://id-ist01preprod.id.nonprod/ist/' successfully

2020-10-28 18:46:24 - [MESSAGE][PASSED] - Go to ISTools

2020-10-28 18:46:24 - [TEST_STEP][PASSED] - Login IST with valid credentials: Login IST with valid credentials

2020-10-28 18:46:24 - [MESSAGE][PASSED] - Text 'mobile.test' is set on object 'Object Repository/Page_/input_Username_j_username'

2020-10-28 18:46:25 - [MESSAGE][PASSED] - Text ****** has been set on object 'Object Repository/Page_/input_Password_j_password'

2020-10-28 18:46:25 - [MESSAGE][PASSED] - Object: 'Object Repository/Page_/button_Login' is clicked on

2020-10-28 18:46:25 - [MESSAGE][PASSED] - Login IST with valid credentials

2020-10-28 18:46:25 - [TEST_STEP][PASSED] - Login Success for contract dispatcher: Login Success for contract dispatcher

2020-10-28 18:46:25 - [MESSAGE][INFO] - Login Success

2020-10-28 18:46:26 - [MESSAGE][PASSED] - Current window maximized

2020-10-28 18:46:26 - [MESSAGE][PASSED] - Object 'Object Repository/Page_/h1_Welcome to IT Supporting Tools' is present

2020-10-28 18:46:26 - [MESSAGE][PASSED] - Login Success for contract dispatcher

2020-10-28 18:46:26 - [TEST_STEP][PASSED] - Select Menu SLIK Gateway Customer: Select Menu SLIK Gateway Customer

2020-10-28 18:46:26 - [MESSAGE][PASSED] - Object '' is present

2020-10-28 18:46:26 - [MESSAGE][PASSED] - Object: '' is clicked on

2020-10-28 18:46:26 - [MESSAGE][PASSED] - Wait for page load successfully

2020-10-28 18:46:26 - [MESSAGE][PASSED] - Select Menu SLIK Gateway Customer

2020-10-28 18:46:26 - [TEST_STEP][PASSED] - Input Data KTP Number: Input Data KTP Number

2020-10-28 18:46:27 - [MESSAGE][PASSED] - Text '9999999999999999' is set on object ''

2020-10-28 18:46:27 - [MESSAGE][PASSED] - Input Data KTP Number

2020-10-28 18:46:27 - [TEST_STEP][PASSED] - Input Data "Name *" with value "OPEX TestingAuto" for Check SLIK: Input Data "Name *" with value "OPEX TestingAuto" for Check SLIK

2020-10-28 18:46:28 - [MESSAGE][PASSED] - Taking screenshot successfully
[[ATTACHMENT|/Users/chaidir.pratama01/Documents/Docs/Katalon Studio/Screenshot/slik.png]]

2020-10-28 18:46:29 - [MESSAGE][PASSED] - Object '' is visible

2020-10-28 18:46:29 - [MESSAGE][PASSED] - Object: '' is focused

2020-10-28 18:46:29 - [MESSAGE][PASSED] - Text 'OPEX TestingAuto' is set on object ''

2020-10-28 18:46:29 - [MESSAGE][PASSED] - Input Data "Name *" with value "OPEX TestingAuto" for Check SLIK

2020-10-28 18:46:29 - [TEST_STEP][PASSED] - Input Date of Birth "20-Feb-1990": Input Date of Birth "20-Feb-1990"

2020-10-28 18:46:30 - [MESSAGE][PASSED] - Text '20-Feb-1990' is set on object ''

2020-10-28 18:46:33 - [MESSAGE][PASSED] - Delayed 3 second(s)

2020-10-28 18:46:33 - [MESSAGE][PASSED] - Input Date of Birth "20-Feb-1990"

2020-10-28 18:46:33 - [TEST_STEP][PASSED] - Select Gender "Laki-laki": Select Gender "Laki-laki"

2020-10-28 18:46:33 - [MESSAGE][PASSED] - Object: '' is clicked on

2020-10-28 18:46:33 - [MESSAGE][PASSED] - Select Gender "Laki-laki"

2020-10-28 18:46:33 - [TEST_STEP][PASSED] - Select Purpose is "Penilaian Calon Kemitraan": Select Purpose is "Penilaian Calon Kemitraan"

2020-10-28 18:46:35 - [MESSAGE][PASSED] - All options with value 'Penilaian Calon Kemitraan' are selected in object ''  using regular expression

2020-10-28 18:46:35 - [MESSAGE][PASSED] - Select Purpose is "Penilaian Calon Kemitraan"

2020-10-28 18:46:35 - [TEST_STEP][PASSED] - Input Data "Place of Birth" with value "Jakarta" for Check SLIK: Input Data "Place of Birth" with value "Jakarta" for Check SLIK

2020-10-28 18:46:35 - [MESSAGE][PASSED] - Taking screenshot successfully
[[ATTACHMENT|/Users/chaidir.pratama01/Documents/Docs/Katalon Studio/Screenshot/slik.png]]

2020-10-28 18:46:36 - [MESSAGE][PASSED] - Object '' is visible

2020-10-28 18:46:36 - [MESSAGE][PASSED] - Object: '' is focused

2020-10-28 18:46:37 - [MESSAGE][PASSED] - Text 'Jakarta' is set on object ''

2020-10-28 18:46:37 - [MESSAGE][PASSED] - Input Data "Place of Birth" with value "Jakarta" for Check SLIK

2020-10-28 18:46:37 - [TEST_STEP][PASSED] - Input Data "Mother Maternity Name" with value "Tester Auto" for Check SLIK: Input Data "Mother Maternity Name" with value "Tester Auto" for Check SLIK

2020-10-28 18:46:38 - [MESSAGE][PASSED] - Taking screenshot successfully
[[ATTACHMENT|/Users/chaidir.pratama01/Documents/Docs/Katalon Studio/Screenshot/slik.png]]

2020-10-28 18:46:38 - [MESSAGE][PASSED] - Object '' is visible

2020-10-28 18:46:38 - [MESSAGE][PASSED] - Object: '' is focused

2020-10-28 18:46:39 - [MESSAGE][PASSED] - Text 'Tester Auto' is set on object ''

2020-10-28 18:46:39 - [MESSAGE][PASSED] - Input Data "Mother Maternity Name" with value "Tester Auto" for Check SLIK

2020-10-28 18:46:39 - [TEST_STEP][PASSED] - Input KTP Address "TESTING AUTO JAKARTA": Input KTP Address "TESTING AUTO JAKARTA"

2020-10-28 18:46:40 - [MESSAGE][PASSED] - Text 'TESTING AUTO JAKARTA' is set on object ''

2020-10-28 18:46:40 - [MESSAGE][PASSED] - Input KTP Address "TESTING AUTO JAKARTA"

2020-10-28 18:46:40 - [TEST_STEP][PASSED] - Click button "Check SLIK": Click button "Check SLIK"

2020-10-28 18:46:40 - [MESSAGE][INFO] - >>>>>//Button[contains(text(),'Check SLIK')]

2020-10-28 18:46:43 - [MESSAGE][PASSED] - Object: '' is clicked on

2020-10-28 18:46:43 - [MESSAGE][PASSED] - Click button "Check SLIK"

2020-10-28 18:46:43 - [TEST_STEP][PASSED] - Get text from pop up "Confirmation Submit Request" with text "Are you sure to submit this data ?": Get text from pop up "Confirmation Submit Request" with text "Are you sure to submit this data ?"

2020-10-28 18:46:44 - [MESSAGE][PASSED] - Taking screenshot successfully
[[ATTACHMENT|/Users/chaidir.pratama01/Documents/Docs/Katalon Studio/Screenshot/errorpopup.png]]

2020-10-28 18:46:45 - [MESSAGE][PASSED] - Object '' is present

2020-10-28 18:46:45 - [MESSAGE][PASSED] - Wait for page load successfully

2020-10-28 18:46:45 - [MESSAGE][PASSED] - Wait for page load successfully

2020-10-28 18:46:45 - [MESSAGE][PASSED] - Get text from pop up "Confirmation Submit Request" with text "Are you sure to submit this data ?"

2020-10-28 18:46:45 - [TEST_STEP][PASSED] - Click button "Yes": Click button "Yes"

2020-10-28 18:46:45 - [MESSAGE][INFO] - >>>>>//Button[contains(text(),'Yes')]

2020-10-28 18:46:48 - [MESSAGE][PASSED] - Object: '' is clicked on

2020-10-28 18:46:48 - [MESSAGE][PASSED] - Click button "Yes"

2020-10-28 18:46:48 - [TEST_STEP][PASSED] - Verify KTP Number Request Success: Verify KTP Number Request Success

2020-10-28 18:47:08 - [MESSAGE][PASSED] - Object '' is present

2020-10-28 18:47:08 - [MESSAGE][PASSED] - Verify KTP Number Request Success

2020-10-28 18:47:08 - [TEST_STEP][PASSED] - Click button "OK": Click button "OK"

2020-10-28 18:47:08 - [MESSAGE][INFO] - >>>>>//Button[contains(text(),'OK')]

2020-10-28 18:47:11 - [MESSAGE][PASSED] - Object: '' is clicked on

2020-10-28 18:47:11 - [MESSAGE][PASSED] - Click button "OK"

2020-10-28 18:47:11 - [TEST_STEP][PASSED] - Click button "Logout": Click button "Logout"

2020-10-28 18:47:11 - [MESSAGE][INFO] - >>>>>//Button[contains(text(),'Logout')]

2020-10-28 18:47:15 - [MESSAGE][PASSED] - Object: '' is clicked on

2020-10-28 18:47:15 - [MESSAGE][PASSED] - Click button "Logout"

2020-10-28 18:47:15 - [TEST_STEP][PASSED] - Close browser: Close browser

2020-10-28 18:47:15 - [MESSAGE][PASSED] - Browser is closed

2020-10-28 18:47:15 - [MESSAGE][PASSED] - Close browser

2020-10-28 18:47:15 - [MESSAGE][PASSED] - Feature file: 'Include/features/IST_Real/SLIK/SLIK Gateway Customer/SLIK Gateway Customer Checking.feature' was passed]]></system-out>
         <system-err><![CDATA[]]></system-err>
      </testcase>
      <testcase name="Test Cases/IST_Real/SLIK/SLIK_Gateway_Customer/SELECT KTP NUMBER CUSTOMER from DB" time="1.162" classname="Test Cases/IST_Real/SLIK/SLIK_Gateway_Customer/SELECT KTP NUMBER CUSTOMER from DB" status="PASSED">
         <system-out><![CDATA[2020-10-28 18:47:15 - [TEST_CASE][PASSED] - Test Cases/IST_Real/SLIK/SLIK_Gateway_Customer/SELECT KTP NUMBER CUSTOMER from DB: Test Cases/IST_Real/SLIK/SLIK_Gateway_Customer/SELECT KTP NUMBER CUSTOMER from DB

2020-10-28 18:47:15 - [TEST_STEP][PASSED] - runFeatureFile("Include/features/IST_Real/SLIK/SLIK Gateway Customer/SELECT_KTP_NUMBER_CUSTOMER_from_DB.feature"): Feature file: 'Include/features/IST_Real/SLIK/SLIK Gateway Customer/SELECT_KTP_NUMBER_CUSTOMER_from_DB.feature' was passed

2020-10-28 18:47:15 - [MESSAGE][INFO] - Starting run keyword runFeatureFile: 'Include/features/IST_Real/SLIK/SLIK Gateway Customer/SELECT_KTP_NUMBER_CUSTOMER_from_DB.feature' and extract report to folder: '/Users/chaidir.pratama01/Katalon Studio/IST_Automation_Git/Reports/20201028_184533/SLIK/TS_SLIK_Gateway_Customer/20201028_184533/cucumber_report/1603885635605'...

2020-10-28 18:47:15 - [TEST_CASE][PASSED] - Start Test Case : SCENARIO SELECT KTP Number Customer From Table SLIK_DATA_CUSTOMER: SCENARIO SELECT KTP Number Customer From Table SLIK_DATA_CUSTOMER

2020-10-28 18:47:15 - [TEST_STEP][PASSED] - Connect to Database: Connect to Database

2020-10-28 18:47:16 - [MESSAGE][PASSED] - Connect to Database

2020-10-28 18:47:16 - [TEST_STEP][PASSED] - Check KTP Number Customer in DB: Check KTP Number Customer in DB

2020-10-28 18:47:16 - [MESSAGE][PASSED] - Check KTP Number Customer in DB

2020-10-28 18:47:16 - [MESSAGE][PASSED] - Feature file: 'Include/features/IST_Real/SLIK/SLIK Gateway Customer/SELECT_KTP_NUMBER_CUSTOMER_from_DB.feature' was passed]]></system-out>
         <system-err><![CDATA[]]></system-err>
      </testcase>
      <testcase name="Test Cases/IST_Real/SLIK/SLIK_Gateway_Customer/SLIK Gateaway Customer Search By KTP" time="14.123" classname="Test Cases/IST_Real/SLIK/SLIK_Gateway_Customer/SLIK Gateaway Customer Search By KTP" status="PASSED">
         <system-out><![CDATA[2020-10-28 18:47:16 - [TEST_CASE][PASSED] - Test Cases/IST_Real/SLIK/SLIK_Gateway_Customer/SLIK Gateaway Customer Search By KTP: Test Cases/IST_Real/SLIK/SLIK_Gateway_Customer/SLIK Gateaway Customer Search By KTP

2020-10-28 18:47:16 - [TEST_STEP][PASSED] - runFeatureFile("Include/features/IST_Real/SLIK/SLIK Gateway Customer/SLIK_Gateaway_Customer_Search_By_KTP.feature"): Feature file: 'Include/features/IST_Real/SLIK/SLIK Gateway Customer/SLIK_Gateaway_Customer_Search_By_KTP.feature' was passed

2020-10-28 18:47:16 - [MESSAGE][INFO] - Starting run keyword runFeatureFile: 'Include/features/IST_Real/SLIK/SLIK Gateway Customer/SLIK_Gateaway_Customer_Search_By_KTP.feature' and extract report to folder: '/Users/chaidir.pratama01/Katalon Studio/IST_Automation_Git/Reports/20201028_184533/SLIK/TS_SLIK_Gateway_Customer/20201028_184533/cucumber_report/1603885636761'...

2020-10-28 18:47:16 - [TEST_CASE][PASSED] - Start Test Case : SCENARIO SLIK Gateway Customer Search Result: SCENARIO SLIK Gateway Customer Search Result

2020-10-28 18:47:16 - [TEST_STEP][PASSED] - Go to ISTools: Go to ISTools

2020-10-28 18:47:16 - [MESSAGE][INFO] - Starting 'Chrome' driver

2020-10-28 18:47:16 - [MESSAGE][INFO] - User set preference: ['AcceptInsecureCerts', 'true']

2020-10-28 18:47:16 - [MESSAGE][INFO] - User set preference: ['args', '[ignore-certificate-errors]']

2020-10-28 18:47:16 - [MESSAGE][INFO] - Action delay is set to 0 milliseconds

2020-10-28 18:47:18 - [MESSAGE][PASSED] - Browser is opened with url: ''

2020-10-28 18:47:18 - [MESSAGE][PASSED] - Navigate to 'https://id-ist01preprod.id.nonprod/ist/' successfully

2020-10-28 18:47:18 - [MESSAGE][PASSED] - Go to ISTools

2020-10-28 18:47:18 - [TEST_STEP][PASSED] - Login IST with valid credentials: Login IST with valid credentials

2020-10-28 18:47:19 - [MESSAGE][PASSED] - Text 'mobile.test' is set on object 'Object Repository/Page_/input_Username_j_username'

2020-10-28 18:47:20 - [MESSAGE][PASSED] - Text ****** has been set on object 'Object Repository/Page_/input_Password_j_password'

2020-10-28 18:47:20 - [MESSAGE][PASSED] - Object: 'Object Repository/Page_/button_Login' is clicked on

2020-10-28 18:47:20 - [MESSAGE][PASSED] - Login IST with valid credentials

2020-10-28 18:47:20 - [TEST_STEP][PASSED] - Login Success for contract dispatcher: Login Success for contract dispatcher

2020-10-28 18:47:20 - [MESSAGE][INFO] - Login Success

2020-10-28 18:47:20 - [MESSAGE][PASSED] - Current window maximized

2020-10-28 18:47:20 - [MESSAGE][PASSED] - Object 'Object Repository/Page_/h1_Welcome to IT Supporting Tools' is present

2020-10-28 18:47:20 - [MESSAGE][PASSED] - Login Success for contract dispatcher

2020-10-28 18:47:20 - [TEST_STEP][PASSED] - Select Menu SLIK Gateway Customer: Select Menu SLIK Gateway Customer

2020-10-28 18:47:21 - [MESSAGE][PASSED] - Object '' is present

2020-10-28 18:47:21 - [MESSAGE][PASSED] - Object: '' is clicked on

2020-10-28 18:47:21 - [MESSAGE][PASSED] - Wait for page load successfully

2020-10-28 18:47:21 - [MESSAGE][PASSED] - Select Menu SLIK Gateway Customer

2020-10-28 18:47:21 - [TEST_STEP][PASSED] - Input Data KTP Number for Search Result: Input Data KTP Number for Search Result

2020-10-28 18:47:22 - [MESSAGE][PASSED] - Scroll to object '' successfully

2020-10-28 18:47:22 - [MESSAGE][PASSED] - Text '9999999999999999' is set on object ''

2020-10-28 18:47:22 - [MESSAGE][PASSED] - Input Data KTP Number for Search Result

2020-10-28 18:47:22 - [TEST_STEP][PASSED] - Click button "Search": Click button "Search"

2020-10-28 18:47:22 - [MESSAGE][INFO] - >>>>>//Button[contains(text(),'Search')]

2020-10-28 18:47:26 - [MESSAGE][PASSED] - Object: '' is clicked on

2020-10-28 18:47:26 - [MESSAGE][PASSED] - Click button "Search"

2020-10-28 18:47:26 - [TEST_STEP][PASSED] - Verify Search Result with KTP Number: Verify Search Result with KTP Number

2020-10-28 18:47:26 - [MESSAGE][PASSED] - Object '' is present

2020-10-28 18:47:26 - [MESSAGE][PASSED] - Verify Search Result with KTP Number

2020-10-28 18:47:26 - [TEST_STEP][PASSED] - Verify Search Result data: Verify Search Result data

2020-10-28 18:47:26 - [MESSAGE][PASSED] - Scroll to object '' successfully

2020-10-28 18:47:27 - [MESSAGE][PASSED] - Object '' is present

2020-10-28 18:47:27 - [MESSAGE][PASSED] - Verify Search Result data

2020-10-28 18:47:27 - [TEST_STEP][PASSED] - Click button "Logout": Click button "Logout"

2020-10-28 18:47:27 - [MESSAGE][INFO] - >>>>>//Button[contains(text(),'Logout')]

2020-10-28 18:47:30 - [MESSAGE][PASSED] - Object: '' is clicked on

2020-10-28 18:47:30 - [MESSAGE][PASSED] - Click button "Logout"

2020-10-28 18:47:30 - [TEST_STEP][PASSED] - Close browser: Close browser

2020-10-28 18:47:30 - [MESSAGE][PASSED] - Browser is closed

2020-10-28 18:47:30 - [MESSAGE][PASSED] - Close browser

2020-10-28 18:47:30 - [MESSAGE][PASSED] - Feature file: 'Include/features/IST_Real/SLIK/SLIK Gateway Customer/SLIK_Gateaway_Customer_Search_By_KTP.feature' was passed]]></system-out>
         <system-err><![CDATA[]]></system-err>
      </testcase>
      <testcase name="Test Cases/IST_Real/SLIK/SLIK_Gateway_Customer/SLIK Gateway Customer Search By Status SUCCESS" time="14.373" classname="Test Cases/IST_Real/SLIK/SLIK_Gateway_Customer/SLIK Gateway Customer Search By Status SUCCESS" status="PASSED">
         <system-out><![CDATA[2020-10-28 18:47:30 - [TEST_CASE][PASSED] - Test Cases/IST_Real/SLIK/SLIK_Gateway_Customer/SLIK Gateway Customer Search By Status SUCCESS: Test Cases/IST_Real/SLIK/SLIK_Gateway_Customer/SLIK Gateway Customer Search By Status SUCCESS

2020-10-28 18:47:30 - [TEST_STEP][PASSED] - runFeatureFile("Include/features/IST_Real/SLIK/SLIK Gateway Customer/SLIK_Gateway_Customer_Search_By_Status_SUCCESS.feature"): Feature file: 'Include/features/IST_Real/SLIK/SLIK Gateway Customer/SLIK_Gateway_Customer_Search_By_Status_SUCCESS.feature' was passed

2020-10-28 18:47:30 - [MESSAGE][INFO] - Starting run keyword runFeatureFile: 'Include/features/IST_Real/SLIK/SLIK Gateway Customer/SLIK_Gateway_Customer_Search_By_Status_SUCCESS.feature' and extract report to folder: '/Users/chaidir.pratama01/Katalon Studio/IST_Automation_Git/Reports/20201028_184533/SLIK/TS_SLIK_Gateway_Customer/20201028_184533/cucumber_report/1603885650927'...

2020-10-28 18:47:31 - [TEST_CASE][PASSED] - Start Test Case : SCENARIO Search Result by Status: SCENARIO Search Result by Status

2020-10-28 18:47:31 - [TEST_STEP][PASSED] - Go to ISTools: Go to ISTools

2020-10-28 18:47:31 - [MESSAGE][INFO] - Starting 'Chrome' driver

2020-10-28 18:47:31 - [MESSAGE][INFO] - User set preference: ['AcceptInsecureCerts', 'true']

2020-10-28 18:47:31 - [MESSAGE][INFO] - User set preference: ['args', '[ignore-certificate-errors]']

2020-10-28 18:47:31 - [MESSAGE][INFO] - Action delay is set to 0 milliseconds

2020-10-28 18:47:32 - [MESSAGE][PASSED] - Browser is opened with url: ''

2020-10-28 18:47:32 - [MESSAGE][PASSED] - Navigate to 'https://id-ist01preprod.id.nonprod/ist/' successfully

2020-10-28 18:47:32 - [MESSAGE][PASSED] - Go to ISTools

2020-10-28 18:47:32 - [TEST_STEP][PASSED] - Login IST with valid credentials: Login IST with valid credentials

2020-10-28 18:47:33 - [MESSAGE][PASSED] - Text 'mobile.test' is set on object 'Object Repository/Page_/input_Username_j_username'

2020-10-28 18:47:33 - [MESSAGE][PASSED] - Text ****** has been set on object 'Object Repository/Page_/input_Password_j_password'

2020-10-28 18:47:34 - [MESSAGE][PASSED] - Object: 'Object Repository/Page_/button_Login' is clicked on

2020-10-28 18:47:34 - [MESSAGE][PASSED] - Login IST with valid credentials

2020-10-28 18:47:34 - [TEST_STEP][PASSED] - Login Success for contract dispatcher: Login Success for contract dispatcher

2020-10-28 18:47:34 - [MESSAGE][INFO] - Login Success

2020-10-28 18:47:34 - [MESSAGE][PASSED] - Current window maximized

2020-10-28 18:47:34 - [MESSAGE][PASSED] - Object 'Object Repository/Page_/h1_Welcome to IT Supporting Tools' is present

2020-10-28 18:47:34 - [MESSAGE][PASSED] - Login Success for contract dispatcher

2020-10-28 18:47:34 - [TEST_STEP][PASSED] - Select Menu SLIK Gateway Customer: Select Menu SLIK Gateway Customer

2020-10-28 18:47:35 - [MESSAGE][PASSED] - Object '' is present

2020-10-28 18:47:35 - [MESSAGE][PASSED] - Object: '' is clicked on

2020-10-28 18:47:35 - [MESSAGE][PASSED] - Wait for page load successfully

2020-10-28 18:47:35 - [MESSAGE][PASSED] - Select Menu SLIK Gateway Customer

2020-10-28 18:47:35 - [TEST_STEP][PASSED] - Select Status is "SUCCESS": Select Status is "SUCCESS"

2020-10-28 18:47:36 - [MESSAGE][PASSED] - All options with value 'SUCCESS' are selected in object ''  using regular expression

2020-10-28 18:47:36 - [MESSAGE][PASSED] - Select Status is "SUCCESS"

2020-10-28 18:47:36 - [TEST_STEP][PASSED] - Click button "Search": Click button "Search"

2020-10-28 18:47:36 - [MESSAGE][INFO] - >>>>>//Button[contains(text(),'Search')]

2020-10-28 18:47:40 - [MESSAGE][PASSED] - Object: '' is clicked on

2020-10-28 18:47:40 - [MESSAGE][PASSED] - Click button "Search"

2020-10-28 18:47:40 - [TEST_STEP][PASSED] - Verify Search Result Based on Result Status: Verify Search Result Based on Result Status

2020-10-28 18:47:40 - [MESSAGE][PASSED] - Scroll to object '' successfully

2020-10-28 18:47:41 - [MESSAGE][PASSED] - Actual text and expected text of test object '' are matched.

2020-10-28 18:47:41 - [MESSAGE][PASSED] - Text of object '' is: 'SUCCESS'

2020-10-28 18:47:41 - [MESSAGE][PASSED] - Text of object '' is: '9999999999999999'

2020-10-28 18:47:41 - [MESSAGE][PASSED] - Verify Search Result Based on Result Status

2020-10-28 18:47:41 - [TEST_STEP][PASSED] - Click button "Logout": Click button "Logout"

2020-10-28 18:47:41 - [MESSAGE][INFO] - >>>>>//Button[contains(text(),'Logout')]

2020-10-28 18:47:45 - [MESSAGE][PASSED] - Object: '' is clicked on

2020-10-28 18:47:45 - [MESSAGE][PASSED] - Click button "Logout"

2020-10-28 18:47:45 - [TEST_STEP][PASSED] - Close browser: Close browser

2020-10-28 18:47:45 - [MESSAGE][PASSED] - Browser is closed

2020-10-28 18:47:45 - [MESSAGE][PASSED] - Close browser

2020-10-28 18:47:45 - [MESSAGE][PASSED] - Feature file: 'Include/features/IST_Real/SLIK/SLIK Gateway Customer/SLIK_Gateway_Customer_Search_By_Status_SUCCESS.feature' was passed]]></system-out>
         <system-err><![CDATA[]]></system-err>
      </testcase>
      <testcase name="Test Cases/IST_Real/SLIK/SLIK_Gateway_Customer/SLIK Gateway Customer Search By Status FAILED" time="14.165" classname="Test Cases/IST_Real/SLIK/SLIK_Gateway_Customer/SLIK Gateway Customer Search By Status FAILED" status="PASSED">
         <system-out><![CDATA[2020-10-28 18:47:45 - [TEST_CASE][PASSED] - Test Cases/IST_Real/SLIK/SLIK_Gateway_Customer/SLIK Gateway Customer Search By Status FAILED: Test Cases/IST_Real/SLIK/SLIK_Gateway_Customer/SLIK Gateway Customer Search By Status FAILED

2020-10-28 18:47:45 - [TEST_STEP][PASSED] - runFeatureFile("Include/features/IST_Real/SLIK/SLIK Gateway Customer/SLIK_Gateway_Customer_Search_By_Status_FAILED.feature"): Feature file: 'Include/features/IST_Real/SLIK/SLIK Gateway Customer/SLIK_Gateway_Customer_Search_By_Status_FAILED.feature' was passed

2020-10-28 18:47:45 - [MESSAGE][INFO] - Starting run keyword runFeatureFile: 'Include/features/IST_Real/SLIK/SLIK Gateway Customer/SLIK_Gateway_Customer_Search_By_Status_FAILED.feature' and extract report to folder: '/Users/chaidir.pratama01/Katalon Studio/IST_Automation_Git/Reports/20201028_184533/SLIK/TS_SLIK_Gateway_Customer/20201028_184533/cucumber_report/1603885665270'...

2020-10-28 18:47:45 - [TEST_CASE][PASSED] - Start Test Case : SCENARIO Search Result by Status: SCENARIO Search Result by Status

2020-10-28 18:47:45 - [TEST_STEP][PASSED] - Go to ISTools: Go to ISTools

2020-10-28 18:47:45 - [MESSAGE][INFO] - Starting 'Chrome' driver

2020-10-28 18:47:45 - [MESSAGE][INFO] - User set preference: ['AcceptInsecureCerts', 'true']

2020-10-28 18:47:45 - [MESSAGE][INFO] - User set preference: ['args', '[ignore-certificate-errors]']

2020-10-28 18:47:45 - [MESSAGE][INFO] - Action delay is set to 0 milliseconds

2020-10-28 18:47:46 - [MESSAGE][PASSED] - Browser is opened with url: ''

2020-10-28 18:47:47 - [MESSAGE][PASSED] - Navigate to 'https://id-ist01preprod.id.nonprod/ist/' successfully

2020-10-28 18:47:47 - [MESSAGE][PASSED] - Go to ISTools

2020-10-28 18:47:47 - [TEST_STEP][PASSED] - Login IST with valid credentials: Login IST with valid credentials

2020-10-28 18:47:47 - [MESSAGE][PASSED] - Text 'mobile.test' is set on object 'Object Repository/Page_/input_Username_j_username'

2020-10-28 18:47:48 - [MESSAGE][PASSED] - Text ****** has been set on object 'Object Repository/Page_/input_Password_j_password'

2020-10-28 18:47:48 - [MESSAGE][PASSED] - Object: 'Object Repository/Page_/button_Login' is clicked on

2020-10-28 18:47:48 - [MESSAGE][PASSED] - Login IST with valid credentials

2020-10-28 18:47:48 - [TEST_STEP][PASSED] - Login Success for contract dispatcher: Login Success for contract dispatcher

2020-10-28 18:47:48 - [MESSAGE][INFO] - Login Success

2020-10-28 18:47:48 - [MESSAGE][PASSED] - Current window maximized

2020-10-28 18:47:49 - [MESSAGE][PASSED] - Object 'Object Repository/Page_/h1_Welcome to IT Supporting Tools' is present

2020-10-28 18:47:49 - [MESSAGE][PASSED] - Login Success for contract dispatcher

2020-10-28 18:47:49 - [TEST_STEP][PASSED] - Select Menu SLIK Gateway Customer: Select Menu SLIK Gateway Customer

2020-10-28 18:47:49 - [MESSAGE][PASSED] - Object '' is present

2020-10-28 18:47:49 - [MESSAGE][PASSED] - Object: '' is clicked on

2020-10-28 18:47:49 - [MESSAGE][PASSED] - Wait for page load successfully

2020-10-28 18:47:49 - [MESSAGE][PASSED] - Select Menu SLIK Gateway Customer

2020-10-28 18:47:49 - [TEST_STEP][PASSED] - Select Status is "FAILED": Select Status is "FAILED"

2020-10-28 18:47:51 - [MESSAGE][PASSED] - All options with value 'FAILED' are selected in object ''  using regular expression

2020-10-28 18:47:51 - [MESSAGE][PASSED] - Select Status is "FAILED"

2020-10-28 18:47:51 - [TEST_STEP][PASSED] - Click button "Search": Click button "Search"

2020-10-28 18:47:51 - [MESSAGE][INFO] - >>>>>//Button[contains(text(),'Search')]

2020-10-28 18:47:54 - [MESSAGE][PASSED] - Object: '' is clicked on

2020-10-28 18:47:54 - [MESSAGE][PASSED] - Click button "Search"

2020-10-28 18:47:54 - [TEST_STEP][PASSED] - Verify Search Result Based on Result Status: Verify Search Result Based on Result Status

2020-10-28 18:47:55 - [MESSAGE][PASSED] - Scroll to object '' successfully

2020-10-28 18:47:55 - [MESSAGE][PASSED] - Actual text and expected text of test object '' are matched.

2020-10-28 18:47:55 - [MESSAGE][PASSED] - Text of object '' is: 'FAILED'

2020-10-28 18:47:55 - [MESSAGE][PASSED] - Text of object '' is: '9999999999999999'

2020-10-28 18:47:55 - [MESSAGE][PASSED] - Verify Search Result Based on Result Status

2020-10-28 18:47:55 - [TEST_STEP][PASSED] - Click button "Logout": Click button "Logout"

2020-10-28 18:47:55 - [MESSAGE][INFO] - >>>>>//Button[contains(text(),'Logout')]

2020-10-28 18:47:59 - [MESSAGE][PASSED] - Object: '' is clicked on

2020-10-28 18:47:59 - [MESSAGE][PASSED] - Click button "Logout"

2020-10-28 18:47:59 - [TEST_STEP][PASSED] - Close browser: Close browser

2020-10-28 18:47:59 - [MESSAGE][PASSED] - Browser is closed

2020-10-28 18:47:59 - [MESSAGE][PASSED] - Close browser

2020-10-28 18:47:59 - [MESSAGE][PASSED] - Feature file: 'Include/features/IST_Real/SLIK/SLIK Gateway Customer/SLIK_Gateway_Customer_Search_By_Status_FAILED.feature' was passed]]></system-out>
         <system-err><![CDATA[]]></system-err>
      </testcase>
      <testcase name="Test Cases/IST_Real/SLIK/SLIK_Gateway_Customer/SLIK Gateway Customer Search By DateStart DateEnd" time="16.071" classname="Test Cases/IST_Real/SLIK/SLIK_Gateway_Customer/SLIK Gateway Customer Search By DateStart DateEnd" status="PASSED">
         <system-out><![CDATA[2020-10-28 18:47:59 - [TEST_CASE][PASSED] - Test Cases/IST_Real/SLIK/SLIK_Gateway_Customer/SLIK Gateway Customer Search By DateStart DateEnd: Test Cases/IST_Real/SLIK/SLIK_Gateway_Customer/SLIK Gateway Customer Search By DateStart DateEnd

2020-10-28 18:47:59 - [TEST_STEP][PASSED] - runFeatureFile("Include/features/IST_Real/SLIK/SLIK Gateway Customer/SLIK_Gateway_Customer_Search_By_DateStart_DateEnd.feature"): Feature file: 'Include/features/IST_Real/SLIK/SLIK Gateway Customer/SLIK_Gateway_Customer_Search_By_DateStart_DateEnd.feature' was passed

2020-10-28 18:47:59 - [MESSAGE][INFO] - Starting run keyword runFeatureFile: 'Include/features/IST_Real/SLIK/SLIK Gateway Customer/SLIK_Gateway_Customer_Search_By_DateStart_DateEnd.feature' and extract report to folder: '/Users/chaidir.pratama01/Katalon Studio/IST_Automation_Git/Reports/20201028_184533/SLIK/TS_SLIK_Gateway_Customer/20201028_184533/cucumber_report/1603885679469'...

2020-10-28 18:47:59 - [TEST_CASE][PASSED] - Start Test Case : SCENARIO Search Result by Date Start and Date End: SCENARIO Search Result by Date Start and Date End

2020-10-28 18:47:59 - [TEST_STEP][PASSED] - Go to ISTools: Go to ISTools

2020-10-28 18:47:59 - [MESSAGE][INFO] - Starting 'Chrome' driver

2020-10-28 18:47:59 - [MESSAGE][INFO] - User set preference: ['AcceptInsecureCerts', 'true']

2020-10-28 18:47:59 - [MESSAGE][INFO] - User set preference: ['args', '[ignore-certificate-errors]']

2020-10-28 18:47:59 - [MESSAGE][INFO] - Action delay is set to 0 milliseconds

2020-10-28 18:48:00 - [MESSAGE][PASSED] - Browser is opened with url: ''

2020-10-28 18:48:01 - [MESSAGE][PASSED] - Navigate to 'https://id-ist01preprod.id.nonprod/ist/' successfully

2020-10-28 18:48:01 - [MESSAGE][PASSED] - Go to ISTools

2020-10-28 18:48:01 - [TEST_STEP][PASSED] - Login IST with valid credentials: Login IST with valid credentials

2020-10-28 18:48:02 - [MESSAGE][PASSED] - Text 'mobile.test' is set on object 'Object Repository/Page_/input_Username_j_username'

2020-10-28 18:48:02 - [MESSAGE][PASSED] - Text ****** has been set on object 'Object Repository/Page_/input_Password_j_password'

2020-10-28 18:48:03 - [MESSAGE][PASSED] - Object: 'Object Repository/Page_/button_Login' is clicked on

2020-10-28 18:48:03 - [MESSAGE][PASSED] - Login IST with valid credentials

2020-10-28 18:48:03 - [TEST_STEP][PASSED] - Login Success for contract dispatcher: Login Success for contract dispatcher

2020-10-28 18:48:03 - [MESSAGE][INFO] - Login Success

2020-10-28 18:48:03 - [MESSAGE][PASSED] - Current window maximized

2020-10-28 18:48:03 - [MESSAGE][PASSED] - Object 'Object Repository/Page_/h1_Welcome to IT Supporting Tools' is present

2020-10-28 18:48:03 - [MESSAGE][PASSED] - Login Success for contract dispatcher

2020-10-28 18:48:03 - [TEST_STEP][PASSED] - Select Menu SLIK Gateway Customer: Select Menu SLIK Gateway Customer

2020-10-28 18:48:03 - [MESSAGE][PASSED] - Object '' is present

2020-10-28 18:48:04 - [MESSAGE][PASSED] - Object: '' is clicked on

2020-10-28 18:48:04 - [MESSAGE][PASSED] - Wait for page load successfully

2020-10-28 18:48:04 - [MESSAGE][PASSED] - Select Menu SLIK Gateway Customer

2020-10-28 18:48:04 - [TEST_STEP][PASSED] - Set Start Date with value "01-10-2020" and End Date with value "30-12-2020": Set Start Date with value "01-10-2020" and End Date with value "30-12-2020"

2020-10-28 18:48:04 - [MESSAGE][PASSED] - Scroll to object '' successfully

2020-10-28 18:48:05 - [MESSAGE][PASSED] - Object '' is present

2020-10-28 18:48:05 - [MESSAGE][PASSED] - Text '01-10-2020' is set on object ''

2020-10-28 18:48:06 - [MESSAGE][PASSED] - Object '' is present

2020-10-28 18:48:06 - [MESSAGE][PASSED] - Text '30-12-2020' is set on object ''

2020-10-28 18:48:06 - [MESSAGE][PASSED] - Set Start Date with value "01-10-2020" and End Date with value "30-12-2020"

2020-10-28 18:48:06 - [TEST_STEP][PASSED] - Click button "Search": Click button "Search"

2020-10-28 18:48:06 - [MESSAGE][INFO] - >>>>>//Button[contains(text(),'Search')]

2020-10-28 18:48:10 - [MESSAGE][PASSED] - Object: '' is clicked on

2020-10-28 18:48:10 - [MESSAGE][PASSED] - Click button "Search"

2020-10-28 18:48:10 - [TEST_STEP][PASSED] - Verify Search Result Based on Created Date: Verify Search Result Based on Created Date

2020-10-28 18:48:10 - [MESSAGE][PASSED] - Object '' is present

2020-10-28 18:48:11 - [MESSAGE][PASSED] - Text of object '' is: '27 October 2020 12:48:25'

2020-10-28 18:48:11 - [MESSAGE][PASSED] - Verify Search Result Based on Created Date

2020-10-28 18:48:11 - [TEST_STEP][PASSED] - Verify Search Result Based on Result Status: Verify Search Result Based on Result Status

2020-10-28 18:48:11 - [MESSAGE][PASSED] - Scroll to object '' successfully

2020-10-28 18:48:11 - [MESSAGE][PASSED] - Text of object '' is: 'SUCCESS'

2020-10-28 18:48:11 - [MESSAGE][PASSED] - Text of object '' is: '9999999999999999'

2020-10-28 18:48:11 - [MESSAGE][PASSED] - Verify Search Result Based on Result Status

2020-10-28 18:48:11 - [TEST_STEP][PASSED] - Click button "Logout": Click button "Logout"

2020-10-28 18:48:11 - [MESSAGE][INFO] - >>>>>//Button[contains(text(),'Logout')]

2020-10-28 18:48:15 - [MESSAGE][PASSED] - Object: '' is clicked on

2020-10-28 18:48:15 - [MESSAGE][PASSED] - Click button "Logout"

2020-10-28 18:48:15 - [TEST_STEP][PASSED] - Close browser: Close browser

2020-10-28 18:48:15 - [MESSAGE][PASSED] - Browser is closed

2020-10-28 18:48:15 - [MESSAGE][PASSED] - Close browser

2020-10-28 18:48:15 - [MESSAGE][PASSED] - Feature file: 'Include/features/IST_Real/SLIK/SLIK Gateway Customer/SLIK_Gateway_Customer_Search_By_DateStart_DateEnd.feature' was passed]]></system-out>
         <system-err><![CDATA[]]></system-err>
      </testcase>
      <testcase name="Test Cases/IST_Real/SLIK/SLIK_Gateway_Customer/SLIK Gateway Customer Search By DateStart ONLY" time="19.225" classname="Test Cases/IST_Real/SLIK/SLIK_Gateway_Customer/SLIK Gateway Customer Search By DateStart ONLY" status="PASSED">
         <system-out><![CDATA[2020-10-28 18:48:15 - [TEST_CASE][PASSED] - Test Cases/IST_Real/SLIK/SLIK_Gateway_Customer/SLIK Gateway Customer Search By DateStart ONLY: Test Cases/IST_Real/SLIK/SLIK_Gateway_Customer/SLIK Gateway Customer Search By DateStart ONLY

2020-10-28 18:48:15 - [TEST_STEP][PASSED] - runFeatureFile("Include/features/IST_Real/SLIK/SLIK Gateway Customer/SLIK_Gateway_Customer_Search_By_DateStart_ONLY.feature"): Feature file: 'Include/features/IST_Real/SLIK/SLIK Gateway Customer/SLIK_Gateway_Customer_Search_By_DateStart_ONLY.feature' was passed

2020-10-28 18:48:15 - [MESSAGE][INFO] - Starting run keyword runFeatureFile: 'Include/features/IST_Real/SLIK/SLIK Gateway Customer/SLIK_Gateway_Customer_Search_By_DateStart_ONLY.feature' and extract report to folder: '/Users/chaidir.pratama01/Katalon Studio/IST_Automation_Git/Reports/20201028_184533/SLIK/TS_SLIK_Gateway_Customer/20201028_184533/cucumber_report/1603885695508'...

2020-10-28 18:48:15 - [TEST_CASE][PASSED] - Start Test Case : SCENARIO Search Result by Date Start ONLY: SCENARIO Search Result by Date Start ONLY

2020-10-28 18:48:15 - [TEST_STEP][PASSED] - Go to ISTools: Go to ISTools

2020-10-28 18:48:15 - [MESSAGE][INFO] - Starting 'Chrome' driver

2020-10-28 18:48:15 - [MESSAGE][INFO] - User set preference: ['AcceptInsecureCerts', 'true']

2020-10-28 18:48:15 - [MESSAGE][INFO] - User set preference: ['args', '[ignore-certificate-errors]']

2020-10-28 18:48:15 - [MESSAGE][INFO] - Action delay is set to 0 milliseconds

2020-10-28 18:48:16 - [MESSAGE][PASSED] - Browser is opened with url: ''

2020-10-28 18:48:17 - [MESSAGE][PASSED] - Navigate to 'https://id-ist01preprod.id.nonprod/ist/' successfully

2020-10-28 18:48:17 - [MESSAGE][PASSED] - Go to ISTools

2020-10-28 18:48:17 - [TEST_STEP][PASSED] - Login IST with valid credentials: Login IST with valid credentials

2020-10-28 18:48:17 - [MESSAGE][PASSED] - Text 'mobile.test' is set on object 'Object Repository/Page_/input_Username_j_username'

2020-10-28 18:48:18 - [MESSAGE][PASSED] - Text ****** has been set on object 'Object Repository/Page_/input_Password_j_password'

2020-10-28 18:48:18 - [MESSAGE][PASSED] - Object: 'Object Repository/Page_/button_Login' is clicked on

2020-10-28 18:48:18 - [MESSAGE][PASSED] - Login IST with valid credentials

2020-10-28 18:48:18 - [TEST_STEP][PASSED] - Login Success for contract dispatcher: Login Success for contract dispatcher

2020-10-28 18:48:18 - [MESSAGE][INFO] - Login Success

2020-10-28 18:48:19 - [MESSAGE][PASSED] - Current window maximized

2020-10-28 18:48:19 - [MESSAGE][PASSED] - Object 'Object Repository/Page_/h1_Welcome to IT Supporting Tools' is present

2020-10-28 18:48:19 - [MESSAGE][PASSED] - Login Success for contract dispatcher

2020-10-28 18:48:19 - [TEST_STEP][PASSED] - Select Menu SLIK Gateway Customer: Select Menu SLIK Gateway Customer

2020-10-28 18:48:19 - [MESSAGE][PASSED] - Object '' is present

2020-10-28 18:48:20 - [MESSAGE][PASSED] - Object: '' is clicked on

2020-10-28 18:48:20 - [MESSAGE][PASSED] - Wait for page load successfully

2020-10-28 18:48:20 - [MESSAGE][PASSED] - Select Menu SLIK Gateway Customer

2020-10-28 18:48:20 - [TEST_STEP][PASSED] - Set Start Date with value "01-10-2020" and End Date with value "": Set Start Date with value "01-10-2020" and End Date with value ""

2020-10-28 18:48:20 - [MESSAGE][PASSED] - Scroll to object '' successfully

2020-10-28 18:48:21 - [MESSAGE][PASSED] - Object '' is present

2020-10-28 18:48:21 - [MESSAGE][PASSED] - Text '01-10-2020' is set on object ''

2020-10-28 18:48:21 - [MESSAGE][PASSED] - Object '' is present

2020-10-28 18:48:22 - [MESSAGE][PASSED] - Text '' is set on object ''

2020-10-28 18:48:22 - [MESSAGE][PASSED] - Set Start Date with value "01-10-2020" and End Date with value ""

2020-10-28 18:48:22 - [TEST_STEP][PASSED] - Click button "Search": Click button "Search"

2020-10-28 18:48:22 - [MESSAGE][INFO] - >>>>>//Button[contains(text(),'Search')]

2020-10-28 18:48:25 - [MESSAGE][PASSED] - Object: '' is clicked on

2020-10-28 18:48:25 - [MESSAGE][PASSED] - Click button "Search"

2020-10-28 18:48:25 - [TEST_STEP][PASSED] - Get text from pop up "Error Message" with text "Error : End Date is mandatory !": Get text from pop up "Error Message" with text "Error : End Date is mandatory !"

2020-10-28 18:48:27 - [MESSAGE][PASSED] - Taking screenshot successfully
[[ATTACHMENT|/Users/chaidir.pratama01/Documents/Docs/Katalon Studio/Screenshot/errorpopup.png]]

2020-10-28 18:48:27 - [MESSAGE][PASSED] - Object '' is present

2020-10-28 18:48:27 - [MESSAGE][PASSED] - Wait for page load successfully

2020-10-28 18:48:27 - [MESSAGE][PASSED] - Wait for page load successfully

2020-10-28 18:48:27 - [MESSAGE][PASSED] - Get text from pop up "Error Message" with text "Error : End Date is mandatory !"

2020-10-28 18:48:27 - [TEST_STEP][PASSED] - Click button "OK": Click button "OK"

2020-10-28 18:48:27 - [MESSAGE][INFO] - >>>>>//Button[contains(text(),'OK')]

2020-10-28 18:48:30 - [MESSAGE][PASSED] - Object: '' is clicked on

2020-10-28 18:48:30 - [MESSAGE][PASSED] - Click button "OK"

2020-10-28 18:48:30 - [TEST_STEP][PASSED] - Get Error Notification "Error : Error : End Date is mandatory !": Get Error Notification "Error : Error : End Date is mandatory !"

2020-10-28 18:48:31 - [MESSAGE][PASSED] - Object '' is present

2020-10-28 18:48:31 - [MESSAGE][PASSED] - Get Error Notification "Error : Error : End Date is mandatory !"

2020-10-28 18:48:31 - [TEST_STEP][PASSED] - Click button "Logout": Click button "Logout"

2020-10-28 18:48:31 - [MESSAGE][INFO] - >>>>>//Button[contains(text(),'Logout')]

2020-10-28 18:48:34 - [MESSAGE][PASSED] - Object: '' is clicked on

2020-10-28 18:48:34 - [MESSAGE][PASSED] - Click button "Logout"

2020-10-28 18:48:34 - [TEST_STEP][PASSED] - Close browser: Close browser

2020-10-28 18:48:34 - [MESSAGE][PASSED] - Browser is closed

2020-10-28 18:48:34 - [MESSAGE][PASSED] - Close browser

2020-10-28 18:48:34 - [MESSAGE][PASSED] - Feature file: 'Include/features/IST_Real/SLIK/SLIK Gateway Customer/SLIK_Gateway_Customer_Search_By_DateStart_ONLY.feature' was passed]]></system-out>
         <system-err><![CDATA[]]></system-err>
      </testcase>
      <testcase name="Test Cases/IST_Real/SLIK/SLIK_Gateway_Customer/SLIK Gateway Customer Search By DateEnd ONLY" time="19.388" classname="Test Cases/IST_Real/SLIK/SLIK_Gateway_Customer/SLIK Gateway Customer Search By DateEnd ONLY" status="PASSED">
         <system-out><![CDATA[2020-10-28 18:48:34 - [TEST_CASE][PASSED] - Test Cases/IST_Real/SLIK/SLIK_Gateway_Customer/SLIK Gateway Customer Search By DateEnd ONLY: Test Cases/IST_Real/SLIK/SLIK_Gateway_Customer/SLIK Gateway Customer Search By DateEnd ONLY

2020-10-28 18:48:34 - [TEST_STEP][PASSED] - runFeatureFile("Include/features/IST_Real/SLIK/SLIK Gateway Customer/SLIK_Gateway_Customer_Search_By_DateEnd_ONLY.feature"): Feature file: 'Include/features/IST_Real/SLIK/SLIK Gateway Customer/SLIK_Gateway_Customer_Search_By_DateEnd_ONLY.feature' was passed

2020-10-28 18:48:34 - [MESSAGE][INFO] - Starting run keyword runFeatureFile: 'Include/features/IST_Real/SLIK/SLIK Gateway Customer/SLIK_Gateway_Customer_Search_By_DateEnd_ONLY.feature' and extract report to folder: '/Users/chaidir.pratama01/Katalon Studio/IST_Automation_Git/Reports/20201028_184533/SLIK/TS_SLIK_Gateway_Customer/20201028_184533/cucumber_report/1603885714768'...

2020-10-28 18:48:34 - [TEST_CASE][PASSED] - Start Test Case : SCENARIO Search Result by Date End ONLY: SCENARIO Search Result by Date End ONLY

2020-10-28 18:48:34 - [TEST_STEP][PASSED] - Go to ISTools: Go to ISTools

2020-10-28 18:48:34 - [MESSAGE][INFO] - Starting 'Chrome' driver

2020-10-28 18:48:34 - [MESSAGE][INFO] - User set preference: ['AcceptInsecureCerts', 'true']

2020-10-28 18:48:34 - [MESSAGE][INFO] - User set preference: ['args', '[ignore-certificate-errors]']

2020-10-28 18:48:34 - [MESSAGE][INFO] - Action delay is set to 0 milliseconds

2020-10-28 18:48:35 - [MESSAGE][PASSED] - Browser is opened with url: ''

2020-10-28 18:48:36 - [MESSAGE][PASSED] - Navigate to 'https://id-ist01preprod.id.nonprod/ist/' successfully

2020-10-28 18:48:36 - [MESSAGE][PASSED] - Go to ISTools

2020-10-28 18:48:36 - [TEST_STEP][PASSED] - Login IST with valid credentials: Login IST with valid credentials

2020-10-28 18:48:37 - [MESSAGE][PASSED] - Text 'mobile.test' is set on object 'Object Repository/Page_/input_Username_j_username'

2020-10-28 18:48:37 - [MESSAGE][PASSED] - Text ****** has been set on object 'Object Repository/Page_/input_Password_j_password'

2020-10-28 18:48:38 - [MESSAGE][PASSED] - Object: 'Object Repository/Page_/button_Login' is clicked on

2020-10-28 18:48:38 - [MESSAGE][PASSED] - Login IST with valid credentials

2020-10-28 18:48:38 - [TEST_STEP][PASSED] - Login Success for contract dispatcher: Login Success for contract dispatcher

2020-10-28 18:48:38 - [MESSAGE][INFO] - Login Success

2020-10-28 18:48:38 - [MESSAGE][PASSED] - Current window maximized

2020-10-28 18:48:38 - [MESSAGE][PASSED] - Object 'Object Repository/Page_/h1_Welcome to IT Supporting Tools' is present

2020-10-28 18:48:38 - [MESSAGE][PASSED] - Login Success for contract dispatcher

2020-10-28 18:48:38 - [TEST_STEP][PASSED] - Select Menu SLIK Gateway Customer: Select Menu SLIK Gateway Customer

2020-10-28 18:48:39 - [MESSAGE][PASSED] - Object '' is present

2020-10-28 18:48:39 - [MESSAGE][PASSED] - Object: '' is clicked on

2020-10-28 18:48:39 - [MESSAGE][PASSED] - Wait for page load successfully

2020-10-28 18:48:39 - [MESSAGE][PASSED] - Select Menu SLIK Gateway Customer

2020-10-28 18:48:39 - [TEST_STEP][PASSED] - Set Start Date with value "" and End Date with value "30-12-2020": Set Start Date with value "" and End Date with value "30-12-2020"

2020-10-28 18:48:40 - [MESSAGE][PASSED] - Scroll to object '' successfully

2020-10-28 18:48:40 - [MESSAGE][PASSED] - Object '' is present

2020-10-28 18:48:41 - [MESSAGE][PASSED] - Text '' is set on object ''

2020-10-28 18:48:41 - [MESSAGE][PASSED] - Object '' is present

2020-10-28 18:48:41 - [MESSAGE][PASSED] - Text '30-12-2020' is set on object ''

2020-10-28 18:48:41 - [MESSAGE][PASSED] - Set Start Date with value "" and End Date with value "30-12-2020"

2020-10-28 18:48:41 - [TEST_STEP][PASSED] - Click button "Search": Click button "Search"

2020-10-28 18:48:41 - [MESSAGE][INFO] - >>>>>//Button[contains(text(),'Search')]

2020-10-28 18:48:45 - [MESSAGE][PASSED] - Object: '' is clicked on

2020-10-28 18:48:45 - [MESSAGE][PASSED] - Click button "Search"

2020-10-28 18:48:45 - [TEST_STEP][PASSED] - Get text from pop up "Error Message" with text "Error : Start Date is mandatory !": Get text from pop up "Error Message" with text "Error : Start Date is mandatory !"

2020-10-28 18:48:46 - [MESSAGE][PASSED] - Taking screenshot successfully
[[ATTACHMENT|/Users/chaidir.pratama01/Documents/Docs/Katalon Studio/Screenshot/errorpopup.png]]

2020-10-28 18:48:46 - [MESSAGE][PASSED] - Object '' is present

2020-10-28 18:48:46 - [MESSAGE][PASSED] - Wait for page load successfully

2020-10-28 18:48:46 - [MESSAGE][PASSED] - Wait for page load successfully

2020-10-28 18:48:46 - [MESSAGE][PASSED] - Get text from pop up "Error Message" with text "Error : Start Date is mandatory !"

2020-10-28 18:48:46 - [TEST_STEP][PASSED] - Click button "OK": Click button "OK"

2020-10-28 18:48:46 - [MESSAGE][INFO] - >>>>>//Button[contains(text(),'OK')]

2020-10-28 18:48:50 - [MESSAGE][PASSED] - Object: '' is clicked on

2020-10-28 18:48:50 - [MESSAGE][PASSED] - Click button "OK"

2020-10-28 18:48:50 - [TEST_STEP][PASSED] - Get Error Notification "Error : Start Date is mandatory !": Get Error Notification "Error : Start Date is mandatory !"

2020-10-28 18:48:50 - [MESSAGE][PASSED] - Object '' is present

2020-10-28 18:48:50 - [MESSAGE][PASSED] - Get Error Notification "Error : Start Date is mandatory !"

2020-10-28 18:48:50 - [TEST_STEP][PASSED] - Click button "Logout": Click button "Logout"

2020-10-28 18:48:50 - [MESSAGE][INFO] - >>>>>//Button[contains(text(),'Logout')]

2020-10-28 18:48:53 - [MESSAGE][PASSED] - Object: '' is clicked on

2020-10-28 18:48:53 - [MESSAGE][PASSED] - Click button "Logout"

2020-10-28 18:48:53 - [TEST_STEP][PASSED] - Close browser: Close browser

2020-10-28 18:48:54 - [MESSAGE][PASSED] - Browser is closed

2020-10-28 18:48:54 - [MESSAGE][PASSED] - Close browser

2020-10-28 18:48:54 - [MESSAGE][PASSED] - Feature file: 'Include/features/IST_Real/SLIK/SLIK Gateway Customer/SLIK_Gateway_Customer_Search_By_DateEnd_ONLY.feature' was passed]]></system-out>
         <system-err><![CDATA[]]></system-err>
      </testcase>
      <testcase name="Test Cases/IST_Real/SLIK/SLIK_Gateway_Customer/SLIK Gateway Customer View Detail when Status SUCCESS" time="18.093" classname="Test Cases/IST_Real/SLIK/SLIK_Gateway_Customer/SLIK Gateway Customer View Detail when Status SUCCESS" status="PASSED">
         <system-out><![CDATA[2020-10-28 18:48:54 - [TEST_CASE][PASSED] - Test Cases/IST_Real/SLIK/SLIK_Gateway_Customer/SLIK Gateway Customer View Detail when Status SUCCESS: Test Cases/IST_Real/SLIK/SLIK_Gateway_Customer/SLIK Gateway Customer View Detail when Status SUCCESS

2020-10-28 18:48:54 - [TEST_STEP][PASSED] - runFeatureFile("Include/features/IST_Real/SLIK/SLIK Gateway Customer/SLIK_Gateway_Customer_View_Detail_when_Status_SUCCESS.feature"): Feature file: 'Include/features/IST_Real/SLIK/SLIK Gateway Customer/SLIK_Gateway_Customer_View_Detail_when_Status_SUCCESS.feature' was passed

2020-10-28 18:48:54 - [MESSAGE][INFO] - Starting run keyword runFeatureFile: 'Include/features/IST_Real/SLIK/SLIK Gateway Customer/SLIK_Gateway_Customer_View_Detail_when_Status_SUCCESS.feature' and extract report to folder: '/Users/chaidir.pratama01/Katalon Studio/IST_Automation_Git/Reports/20201028_184533/SLIK/TS_SLIK_Gateway_Customer/20201028_184533/cucumber_report/1603885734131'...

2020-10-28 18:48:54 - [TEST_CASE][PASSED] - Start Test Case : SCENARIO SLIK Gateway Customer View Detail Link: SCENARIO SLIK Gateway Customer View Detail Link

2020-10-28 18:48:54 - [TEST_STEP][PASSED] - Go to ISTools: Go to ISTools

2020-10-28 18:48:54 - [MESSAGE][INFO] - Starting 'Chrome' driver

2020-10-28 18:48:54 - [MESSAGE][INFO] - User set preference: ['AcceptInsecureCerts', 'true']

2020-10-28 18:48:54 - [MESSAGE][INFO] - User set preference: ['args', '[ignore-certificate-errors]']

2020-10-28 18:48:54 - [MESSAGE][INFO] - Action delay is set to 0 milliseconds

2020-10-28 18:48:55 - [MESSAGE][PASSED] - Browser is opened with url: ''

2020-10-28 18:48:56 - [MESSAGE][PASSED] - Navigate to 'https://id-ist01preprod.id.nonprod/ist/' successfully

2020-10-28 18:48:56 - [MESSAGE][PASSED] - Go to ISTools

2020-10-28 18:48:56 - [TEST_STEP][PASSED] - Login IST with valid credentials: Login IST with valid credentials

2020-10-28 18:48:56 - [MESSAGE][PASSED] - Text 'mobile.test' is set on object 'Object Repository/Page_/input_Username_j_username'

2020-10-28 18:48:57 - [MESSAGE][PASSED] - Text ****** has been set on object 'Object Repository/Page_/input_Password_j_password'

2020-10-28 18:48:57 - [MESSAGE][PASSED] - Object: 'Object Repository/Page_/button_Login' is clicked on

2020-10-28 18:48:57 - [MESSAGE][PASSED] - Login IST with valid credentials

2020-10-28 18:48:57 - [TEST_STEP][PASSED] - Login Success for contract dispatcher: Login Success for contract dispatcher

2020-10-28 18:48:57 - [MESSAGE][INFO] - Login Success

2020-10-28 18:48:58 - [MESSAGE][PASSED] - Current window maximized

2020-10-28 18:48:58 - [MESSAGE][PASSED] - Object 'Object Repository/Page_/h1_Welcome to IT Supporting Tools' is present

2020-10-28 18:48:58 - [MESSAGE][PASSED] - Login Success for contract dispatcher

2020-10-28 18:48:58 - [TEST_STEP][PASSED] - Select Menu SLIK Gateway Customer: Select Menu SLIK Gateway Customer

2020-10-28 18:48:58 - [MESSAGE][PASSED] - Object '' is present

2020-10-28 18:48:58 - [MESSAGE][PASSED] - Object: '' is clicked on

2020-10-28 18:48:58 - [MESSAGE][PASSED] - Wait for page load successfully

2020-10-28 18:48:58 - [MESSAGE][PASSED] - Select Menu SLIK Gateway Customer

2020-10-28 18:48:58 - [TEST_STEP][PASSED] - Select Status is "SUCCESS": Select Status is "SUCCESS"

2020-10-28 18:49:00 - [MESSAGE][PASSED] - All options with value 'SUCCESS' are selected in object ''  using regular expression

2020-10-28 18:49:00 - [MESSAGE][PASSED] - Select Status is "SUCCESS"

2020-10-28 18:49:00 - [TEST_STEP][PASSED] - Click button "Search": Click button "Search"

2020-10-28 18:49:00 - [MESSAGE][INFO] - >>>>>//Button[contains(text(),'Search')]

2020-10-28 18:49:03 - [MESSAGE][PASSED] - Object: '' is clicked on

2020-10-28 18:49:03 - [MESSAGE][PASSED] - Click button "Search"

2020-10-28 18:49:03 - [TEST_STEP][PASSED] - Verify Search Result Based on Result Status: Verify Search Result Based on Result Status

2020-10-28 18:49:03 - [MESSAGE][PASSED] - Scroll to object '' successfully

2020-10-28 18:49:04 - [MESSAGE][PASSED] - Actual text and expected text of test object '' are matched.

2020-10-28 18:49:04 - [MESSAGE][PASSED] - Text of object '' is: 'SUCCESS'

2020-10-28 18:49:04 - [MESSAGE][PASSED] - Text of object '' is: '9999999999999999'

2020-10-28 18:49:04 - [MESSAGE][PASSED] - Verify Search Result Based on Result Status

2020-10-28 18:49:04 - [TEST_STEP][PASSED] - Click View Detail Link: Click View Detail Link

2020-10-28 18:49:05 - [MESSAGE][PASSED] - Object '' is present

2020-10-28 18:49:05 - [MESSAGE][PASSED] - Object: '' is clicked on

2020-10-28 18:49:05 - [MESSAGE][PASSED] - Click View Detail Link

2020-10-28 18:49:05 - [TEST_STEP][PASSED] - Verify Slik Result Detail Link: Verify Slik Result Detail Link

2020-10-28 18:49:06 - [MESSAGE][PASSED] - Scroll to object '' successfully

2020-10-28 18:49:06 - [MESSAGE][PASSED] - Object '' is present

2020-10-28 18:49:06 - [MESSAGE][PASSED] - Scroll to object '' successfully

2020-10-28 18:49:06 - [MESSAGE][PASSED] - Object '' is present

2020-10-28 18:49:07 - [MESSAGE][PASSED] - Scroll to object '' successfully

2020-10-28 18:49:07 - [MESSAGE][PASSED] - Object '' is present

2020-10-28 18:49:07 - [MESSAGE][PASSED] - Scroll to object '' successfully

2020-10-28 18:49:07 - [MESSAGE][PASSED] - Object '' is present

2020-10-28 18:49:08 - [MESSAGE][PASSED] - Scroll to object '' successfully

2020-10-28 18:49:08 - [MESSAGE][PASSED] - Object '' is present

2020-10-28 18:49:08 - [MESSAGE][PASSED] - Verify Slik Result Detail Link

2020-10-28 18:49:08 - [TEST_STEP][PASSED] - Click button "Logout": Click button "Logout"

2020-10-28 18:49:08 - [MESSAGE][INFO] - >>>>>//Button[contains(text(),'Logout')]

2020-10-28 18:49:12 - [MESSAGE][PASSED] - Object: '' is clicked on

2020-10-28 18:49:12 - [MESSAGE][PASSED] - Click button "Logout"

2020-10-28 18:49:12 - [TEST_STEP][PASSED] - Close browser: Close browser

2020-10-28 18:49:12 - [MESSAGE][PASSED] - Browser is closed

2020-10-28 18:49:12 - [MESSAGE][PASSED] - Close browser

2020-10-28 18:49:12 - [MESSAGE][PASSED] - Feature file: 'Include/features/IST_Real/SLIK/SLIK Gateway Customer/SLIK_Gateway_Customer_View_Detail_when_Status_SUCCESS.feature' was passed]]></system-out>
         <system-err><![CDATA[]]></system-err>
      </testcase>
      <testcase name="Test Cases/IST_Real/SLIK/SLIK_Gateway_Customer/SLIK Gateway Customer View Detail when Status FAILED" time="14.777" classname="Test Cases/IST_Real/SLIK/SLIK_Gateway_Customer/SLIK Gateway Customer View Detail when Status FAILED" status="PASSED">
         <system-out><![CDATA[2020-10-28 18:49:12 - [TEST_CASE][PASSED] - Test Cases/IST_Real/SLIK/SLIK_Gateway_Customer/SLIK Gateway Customer View Detail when Status FAILED: Test Cases/IST_Real/SLIK/SLIK_Gateway_Customer/SLIK Gateway Customer View Detail when Status FAILED

2020-10-28 18:49:12 - [TEST_STEP][PASSED] - runFeatureFile("Include/features/IST_Real/SLIK/SLIK Gateway Customer/SLIK_Gateway_Customer_View_Detail_when_Status_FAILED.feature"): Feature file: 'Include/features/IST_Real/SLIK/SLIK Gateway Customer/SLIK_Gateway_Customer_View_Detail_when_Status_FAILED.feature' was passed

2020-10-28 18:49:12 - [MESSAGE][INFO] - Starting run keyword runFeatureFile: 'Include/features/IST_Real/SLIK/SLIK Gateway Customer/SLIK_Gateway_Customer_View_Detail_when_Status_FAILED.feature' and extract report to folder: '/Users/chaidir.pratama01/Katalon Studio/IST_Automation_Git/Reports/20201028_184533/SLIK/TS_SLIK_Gateway_Customer/20201028_184533/cucumber_report/1603885752239'...

2020-10-28 18:49:12 - [TEST_CASE][PASSED] - Start Test Case : SCENARIO SLIK Gateway Customer View Detail Link: SCENARIO SLIK Gateway Customer View Detail Link

2020-10-28 18:49:12 - [TEST_STEP][PASSED] - Go to ISTools: Go to ISTools

2020-10-28 18:49:12 - [MESSAGE][INFO] - Starting 'Chrome' driver

2020-10-28 18:49:12 - [MESSAGE][INFO] - User set preference: ['AcceptInsecureCerts', 'true']

2020-10-28 18:49:12 - [MESSAGE][INFO] - User set preference: ['args', '[ignore-certificate-errors]']

2020-10-28 18:49:12 - [MESSAGE][INFO] - Action delay is set to 0 milliseconds

2020-10-28 18:49:13 - [MESSAGE][PASSED] - Browser is opened with url: ''

2020-10-28 18:49:14 - [MESSAGE][PASSED] - Navigate to 'https://id-ist01preprod.id.nonprod/ist/' successfully

2020-10-28 18:49:14 - [MESSAGE][PASSED] - Go to ISTools

2020-10-28 18:49:14 - [TEST_STEP][PASSED] - Login IST with valid credentials: Login IST with valid credentials

2020-10-28 18:49:14 - [MESSAGE][PASSED] - Text 'mobile.test' is set on object 'Object Repository/Page_/input_Username_j_username'

2020-10-28 18:49:15 - [MESSAGE][PASSED] - Text ****** has been set on object 'Object Repository/Page_/input_Password_j_password'

2020-10-28 18:49:15 - [MESSAGE][PASSED] - Object: 'Object Repository/Page_/button_Login' is clicked on

2020-10-28 18:49:15 - [MESSAGE][PASSED] - Login IST with valid credentials

2020-10-28 18:49:15 - [TEST_STEP][PASSED] - Login Success for contract dispatcher: Login Success for contract dispatcher

2020-10-28 18:49:15 - [MESSAGE][INFO] - Login Success

2020-10-28 18:49:16 - [MESSAGE][PASSED] - Current window maximized

2020-10-28 18:49:16 - [MESSAGE][PASSED] - Object 'Object Repository/Page_/h1_Welcome to IT Supporting Tools' is present

2020-10-28 18:49:16 - [MESSAGE][PASSED] - Login Success for contract dispatcher

2020-10-28 18:49:16 - [TEST_STEP][PASSED] - Select Menu SLIK Gateway Customer: Select Menu SLIK Gateway Customer

2020-10-28 18:49:16 - [MESSAGE][PASSED] - Object '' is present

2020-10-28 18:49:16 - [MESSAGE][PASSED] - Object: '' is clicked on

2020-10-28 18:49:16 - [MESSAGE][PASSED] - Wait for page load successfully

2020-10-28 18:49:16 - [MESSAGE][PASSED] - Select Menu SLIK Gateway Customer

2020-10-28 18:49:16 - [TEST_STEP][PASSED] - Select Status is "FAILED": Select Status is "FAILED"

2020-10-28 18:49:18 - [MESSAGE][PASSED] - All options with value 'FAILED' are selected in object ''  using regular expression

2020-10-28 18:49:18 - [MESSAGE][PASSED] - Select Status is "FAILED"

2020-10-28 18:49:18 - [TEST_STEP][PASSED] - Click button "Search": Click button "Search"

2020-10-28 18:49:18 - [MESSAGE][INFO] - >>>>>//Button[contains(text(),'Search')]

2020-10-28 18:49:21 - [MESSAGE][PASSED] - Object: '' is clicked on

2020-10-28 18:49:21 - [MESSAGE][PASSED] - Click button "Search"

2020-10-28 18:49:21 - [TEST_STEP][PASSED] - Verify Search Result Based on Result Status: Verify Search Result Based on Result Status

2020-10-28 18:49:22 - [MESSAGE][PASSED] - Scroll to object '' successfully

2020-10-28 18:49:22 - [MESSAGE][PASSED] - Actual text and expected text of test object '' are matched.

2020-10-28 18:49:22 - [MESSAGE][PASSED] - Text of object '' is: 'FAILED'

2020-10-28 18:49:23 - [MESSAGE][PASSED] - Text of object '' is: '9999999999999999'

2020-10-28 18:49:23 - [MESSAGE][PASSED] - Verify Search Result Based on Result Status

2020-10-28 18:49:23 - [TEST_STEP][PASSED] - Click View Detail Link: Click View Detail Link

2020-10-28 18:49:23 - [MESSAGE][PASSED] - Web element with id: '' located by 'By.xpath: //span[text()='Search Result']/../../../following-sibling::div[@class='z-groupbox-content']/div[@class='z-grid']/div[@class='z-grid-body']/table/tbody/tr/td[7]/div/div/span' is not present after '3' second(s)

2020-10-28 18:49:23 - [MESSAGE][PASSED] - Click View Detail Link

2020-10-28 18:49:23 - [TEST_STEP][PASSED] - Verify Slik Result Detail Link: Verify Slik Result Detail Link

2020-10-28 18:49:23 - [MESSAGE][PASSED] - Verify Slik Result Detail Link

2020-10-28 18:49:23 - [TEST_STEP][PASSED] - Click button "Logout": Click button "Logout"

2020-10-28 18:49:23 - [MESSAGE][INFO] - >>>>>//Button[contains(text(),'Logout')]

2020-10-28 18:49:26 - [MESSAGE][PASSED] - Object: '' is clicked on

2020-10-28 18:49:26 - [MESSAGE][PASSED] - Click button "Logout"

2020-10-28 18:49:26 - [TEST_STEP][PASSED] - Close browser: Close browser

2020-10-28 18:49:26 - [MESSAGE][PASSED] - Browser is closed

2020-10-28 18:49:26 - [MESSAGE][PASSED] - Close browser

2020-10-28 18:49:26 - [MESSAGE][PASSED] - Feature file: 'Include/features/IST_Real/SLIK/SLIK Gateway Customer/SLIK_Gateway_Customer_View_Detail_when_Status_FAILED.feature' was passed]]></system-out>
         <system-err><![CDATA[]]></system-err>
      </testcase>
      <system-out><![CDATA[2020-10-28 18:45:39 - [TEST_SUITE][PASSED] - TS_SLIK_Gateway_Customer: Test Cases/IST_Real/SLIK/SLIK_Gateway_Customer/SLIK Gateway Customer View Detail when Status FAILED]]></system-out>
      <system-err><![CDATA[]]></system-err>
   </testsuite>
</testsuites>
