<?xml version="1.0" encoding="UTF-8"?>
<testsuites name="TS_Contract_Dispatcher_Two_Wheelers" time="874.881" tests="12" failures="4" errors="0">
   <testsuite name="TS_Contract_Dispatcher_Two_Wheelers" tests="12" failures="4" errors="0" time="874.881" timestamp="2020-07-22 16:07:52" hostname="chaidir.pratama01 - 192.168.1.3" id="Test Suites/CONTRACT_DISPATCHER_TWO_WHEELERS/DEV/TS_Contract_Dispatcher_Two_Wheelers">
      <properties>
         <property name="deviceName" value=""/>
         <property name="devicePlatform" value=""/>
         <property name="logFolder" value="/Users/chaidir.pratama01/Katalon Studio/IST_Automation_Git/Reports/20200722_160745/CONTRACT_DISPATCHER_TWO_WHEELERS/DEV/TS_Contract_Dispatcher_Two_Wheelers/20200722_160745"/>
         <property name="logFiles" value="/Users/chaidir.pratama01/Katalon Studio/IST_Automation_Git/Reports/20200722_160745/CONTRACT_DISPATCHER_TWO_WHEELERS/DEV/TS_Contract_Dispatcher_Two_Wheelers/20200722_160745/execution0.log"/>
         <property name="attachments" value="/Users/chaidir.pratama01/Katalon Studio/IST_Automation_Git/Reports/20200722_160745/CONTRACT_DISPATCHER_TWO_WHEELERS/DEV/TS_Contract_Dispatcher_Two_Wheelers/20200722_160745/1595409065119.png, /Users/chaidir.pratama01/Katalon Studio/IST_Automation_Git/Reports/20200722_160745/CONTRACT_DISPATCHER_TWO_WHEELERS/DEV/TS_Contract_Dispatcher_Two_Wheelers/20200722_160745/1595409393181.png, /Users/chaidir.pratama01/Katalon Studio/IST_Automation_Git/Reports/20200722_160745/CONTRACT_DISPATCHER_TWO_WHEELERS/DEV/TS_Contract_Dispatcher_Two_Wheelers/20200722_160745/1595409744533.png"/>
         <property name="hostName" value="chaidir.pratama01 - 192.168.1.3"/>
         <property name="os" value="Mac OS X 64bit"/>
         <property name="katalonVersion" value="7.6.0.${buildNumber}"/>
         <property name="browser" value="Chrome 84.0.4147.89"/>
         <property name="hostAddress" value="192.168.1.3"/>
         <property name="sessionId" value="f23b3eb6436d7ecac80906b5f255345b"/>
         <property name="seleniumVersion" value="3.141.59"/>
         <property name="proxyInformation" value="ProxyInformation { proxyOption=NO_PROXY, proxyServerType=HTTP, username=, password=********, proxyServerAddress=, proxyServerPort=0, executionList=\&quot;\&quot;, isApplyToDesiredCapabilities=true }"/>
         <property name="platform" value="Mac OS X"/>
      </properties>
      <testcase name="Test Cases/IST_Real/CONTRACT_DISPATCHER_TWO_WHEELERS/DEV/Update_Tbl_CDS_CDC" time="1.841" classname="Test Cases/IST_Real/CONTRACT_DISPATCHER_TWO_WHEELERS/DEV/Update_Tbl_CDS_CDC" status="PASSED">
         <system-out><![CDATA[2020-07-22 16:07:52 - [TEST_CASE][PASSED] - Test Cases/IST_Real/CONTRACT_DISPATCHER_TWO_WHEELERS/DEV/Update_Tbl_CDS_CDC: Test Cases/IST_Real/CONTRACT_DISPATCHER_TWO_WHEELERS/DEV/Update_Tbl_CDS_CDC

2020-07-22 16:07:52 - [TEST_STEP][PASSED] - runFeatureFile("Include/features/IST_Real/CONTRACT_DISPATCHER_TWO_WHEELERS/DEV/Update_Tbl_CDS_CDC.feature"): Feature file: 'Include/features/IST_Real/CONTRACT_DISPATCHER_TWO_WHEELERS/DEV/Update_Tbl_CDS_CDC.feature' was passed

2020-07-22 16:07:52 - [MESSAGE][INFO] - Starting run keyword runFeatureFile: 'Include/features/IST_Real/CONTRACT_DISPATCHER_TWO_WHEELERS/DEV/Update_Tbl_CDS_CDC.feature' and extract report to folder: '/Users/chaidir.pratama01/Katalon Studio/IST_Automation_Git/Reports/20200722_160745/CONTRACT_DISPATCHER_TWO_WHEELERS/DEV/TS_Contract_Dispatcher_Two_Wheelers/20200722_160745/cucumber_report/1595408872467'...

2020-07-22 16:07:52 - [TEST_CASE][PASSED] - Start Test Case : SCENARIO Update Table CONTRACT_DISPATCHER_SOURCE and CONTRACT_DISPTACHER_CLAIM: SCENARIO Update Table CONTRACT_DISPATCHER_SOURCE and CONTRACT_DISPTACHER_CLAIM

2020-07-22 16:07:52 - [TEST_STEP][PASSED] - Connect to APP_ACCOUNT C1: Connect to APP_ACCOUNT C1

2020-07-22 16:07:53 - [MESSAGE][PASSED] - Connect to APP_ACCOUNT C1

2020-07-22 16:07:53 - [TEST_STEP][PASSED] - Update Tbl CONTRACT DISPATCHER SOURCE To Change PROCESSED From Y to N: Update Tbl CONTRACT DISPATCHER SOURCE To Change PROCESSED From Y to N

2020-07-22 16:07:53 - [MESSAGE][PASSED] - Update Tbl CONTRACT DISPATCHER SOURCE To Change PROCESSED From Y to N

2020-07-22 16:07:53 - [TEST_STEP][PASSED] - Update Tbl CONTRACT DISPATCHER CLAIM To Delete PROCESS From Column STATUS: Update Tbl CONTRACT DISPATCHER CLAIM To Delete PROCESS From Column STATUS

2020-07-22 16:07:54 - [MESSAGE][PASSED] - Update Tbl CONTRACT DISPATCHER CLAIM To Delete PROCESS From Column STATUS

2020-07-22 16:07:54 - [MESSAGE][PASSED] - Feature file: 'Include/features/IST_Real/CONTRACT_DISPATCHER_TWO_WHEELERS/DEV/Update_Tbl_CDS_CDC.feature' was passed]]></system-out>
         <system-err><![CDATA[]]></system-err>
      </testcase>
      <testcase name="Test Cases/IST_Real/CONTRACT_DISPATCHER_TWO_WHEELERS/DEV/Contract_Dispatcher_TW" time="98.766" classname="Test Cases/IST_Real/CONTRACT_DISPATCHER_TWO_WHEELERS/DEV/Contract_Dispatcher_TW" status="PASSED">
         <system-out><![CDATA[2020-07-22 16:07:54 - [TEST_CASE][PASSED] - Test Cases/IST_Real/CONTRACT_DISPATCHER_TWO_WHEELERS/DEV/Contract_Dispatcher_TW: Test Cases/IST_Real/CONTRACT_DISPATCHER_TWO_WHEELERS/DEV/Contract_Dispatcher_TW

2020-07-22 16:07:54 - [TEST_STEP][PASSED] - runFeatureFile("Include/features/IST_Real/CONTRACT_DISPATCHER_TWO_WHEELERS/DEV/Contract_Dispatcher_TW.feature"): Feature file: 'Include/features/IST_Real/CONTRACT_DISPATCHER_TWO_WHEELERS/DEV/Contract_Dispatcher_TW.feature' was passed

2020-07-22 16:07:54 - [MESSAGE][INFO] - Starting run keyword runFeatureFile: 'Include/features/IST_Real/CONTRACT_DISPATCHER_TWO_WHEELERS/DEV/Contract_Dispatcher_TW.feature' and extract report to folder: '/Users/chaidir.pratama01/Katalon Studio/IST_Automation_Git/Reports/20200722_160745/CONTRACT_DISPATCHER_TWO_WHEELERS/DEV/TS_Contract_Dispatcher_Two_Wheelers/20200722_160745/cucumber_report/1595408874160'...

2020-07-22 16:07:54 - [TEST_CASE][PASSED] - Start Test Case : SCENARIO Select Menu Contract Dispatcher and Select Contract based on type contract Two Wheelers: SCENARIO Select Menu Contract Dispatcher and Select Contract based on type contract Two Wheelers

2020-07-22 16:07:54 - [TEST_STEP][PASSED] - Go to IST: Go to IST

2020-07-22 16:07:54 - [MESSAGE][INFO] - Starting 'Chrome' driver

2020-07-22 16:07:54 - [MESSAGE][INFO] - Action delay is set to 0 milliseconds

2020-07-22 16:07:55 - [MESSAGE][PASSED] - Browser is opened with url: ''

2020-07-22 16:07:58 - [MESSAGE][PASSED] - Navigate to 'https://dev-istools.homecredit.id/foundation/login.zul' successfully

2020-07-22 16:07:58 - [MESSAGE][PASSED] - Go to IST

2020-07-22 16:07:58 - [TEST_STEP][PASSED] - Login IST with valid credentials: Login IST with valid credentials

2020-07-22 16:07:59 - [MESSAGE][PASSED] - Text 'mobile.test' is set on object 'Object Repository/Page_/input_Username_j_username'

2020-07-22 16:07:59 - [MESSAGE][PASSED] - Text ****** has been set on object 'Object Repository/Page_/input_Password_j_password'

2020-07-22 16:08:01 - [MESSAGE][PASSED] - Object: 'Object Repository/Page_/button_Login' is clicked on

2020-07-22 16:08:01 - [MESSAGE][PASSED] - Login IST with valid credentials

2020-07-22 16:08:01 - [TEST_STEP][PASSED] - Login Success for contract dispatcher: Login Success for contract dispatcher

2020-07-22 16:08:01 - [MESSAGE][INFO] - Login Success

2020-07-22 16:08:01 - [MESSAGE][PASSED] - Current window maximized

2020-07-22 16:08:01 - [MESSAGE][PASSED] - Object 'Object Repository/Page_/h1_Welcome to IT Supporting Tools' is present

2020-07-22 16:08:01 - [MESSAGE][PASSED] - Login Success for contract dispatcher

2020-07-22 16:08:01 - [TEST_STEP][PASSED] - Select Menu "Contract Dispatcher": Select Menu "Contract Dispatcher"

2020-07-22 16:08:02 - [MESSAGE][PASSED] - Object '' is present

2020-07-22 16:08:02 - [MESSAGE][PASSED] - Object: '' is clicked on

2020-07-22 16:08:02 - [MESSAGE][PASSED] - Wait for page load successfully

2020-07-22 16:08:02 - [MESSAGE][PASSED] - Select Menu "Contract Dispatcher"

2020-07-22 16:08:02 - [TEST_STEP][PASSED] - Select Contract Number based on Type Contract "TWO_WHEELERS": Select Contract Number based on Type Contract "TWO_WHEELERS"

2020-07-22 16:08:05 - [MESSAGE][PASSED] - Object '' is present

2020-07-22 16:08:05 - [MESSAGE][PASSED] - Object '' is present

2020-07-22 16:08:05 - [MESSAGE][PASSED] - Object: '' is clicked on

2020-07-22 16:08:06 - [MESSAGE][PASSED] - Object '' is checked

2020-07-22 16:08:06 - [MESSAGE][PASSED] - Select Contract Number based on Type Contract "TWO_WHEELERS"

2020-07-22 16:08:06 - [TEST_STEP][PASSED] - Click button "Claim": Click button "Claim"

2020-07-22 16:08:06 - [MESSAGE][INFO] - >>>>>//Button[contains(text(),'Claim')]

2020-07-22 16:08:10 - [MESSAGE][PASSED] - Object: '' is clicked on

2020-07-22 16:08:10 - [MESSAGE][PASSED] - Click button "Claim"

2020-07-22 16:08:10 - [TEST_STEP][PASSED] - Varify the mistake detail already match with the matrix Base on Type Contract: Varify the mistake detail already match with the matrix Base on Type Contract

2020-07-22 16:08:13 - [MESSAGE][PASSED] - Object '' is present

2020-07-22 16:08:14 - [MESSAGE][PASSED] - Object: '' is clicked on

2020-07-22 16:08:14 - [MESSAGE][PASSED] - Object '' is present

2020-07-22 16:08:14 - [MESSAGE][PASSED] - Object '' is not checked

2020-07-22 16:08:15 - [MESSAGE][PASSED] - Object '' is present

2020-07-22 16:08:15 - [MESSAGE][PASSED] - Object '' is not checked

2020-07-22 16:08:15 - [MESSAGE][PASSED] - Object '' is present

2020-07-22 16:08:16 - [MESSAGE][PASSED] - Object '' is not checked

2020-07-22 16:08:16 - [MESSAGE][PASSED] - Object '' is present

2020-07-22 16:08:16 - [MESSAGE][PASSED] - Object '' is not checked

2020-07-22 16:08:17 - [MESSAGE][PASSED] - Object '' is present

2020-07-22 16:08:17 - [MESSAGE][PASSED] - Object '' is not checked

2020-07-22 16:08:17 - [MESSAGE][PASSED] - Object '' is present

2020-07-22 16:08:17 - [MESSAGE][PASSED] - Object '' is not checked

2020-07-22 16:08:18 - [MESSAGE][PASSED] - Object '' is present

2020-07-22 16:08:18 - [MESSAGE][PASSED] - Object '' is not checked

2020-07-22 16:08:18 - [MESSAGE][PASSED] - Object '' is present

2020-07-22 16:08:19 - [MESSAGE][PASSED] - Object '' is not checked

2020-07-22 16:08:19 - [MESSAGE][PASSED] - Object '' is present

2020-07-22 16:08:19 - [MESSAGE][PASSED] - Object '' is not checked

2020-07-22 16:08:19 - [MESSAGE][PASSED] - Object '' is present

2020-07-22 16:08:20 - [MESSAGE][PASSED] - Object '' is not checked

2020-07-22 16:08:20 - [MESSAGE][PASSED] - Object '' is present

2020-07-22 16:08:21 - [MESSAGE][PASSED] - Object '' is not checked

2020-07-22 16:08:21 - [MESSAGE][PASSED] - Object '' is present

2020-07-22 16:08:21 - [MESSAGE][PASSED] - Object '' is not checked

2020-07-22 16:08:21 - [MESSAGE][PASSED] - Object '' is present

2020-07-22 16:08:22 - [MESSAGE][PASSED] - Object '' is not checked

2020-07-22 16:08:22 - [MESSAGE][PASSED] - Object '' is present

2020-07-22 16:08:22 - [MESSAGE][PASSED] - Object '' is not checked

2020-07-22 16:08:22 - [MESSAGE][PASSED] - Object '' is present

2020-07-22 16:08:23 - [MESSAGE][PASSED] - Object '' is not checked

2020-07-22 16:08:23 - [MESSAGE][PASSED] - Object '' is present

2020-07-22 16:08:23 - [MESSAGE][PASSED] - Object '' is not checked

2020-07-22 16:08:23 - [MESSAGE][PASSED] - Object '' is present

2020-07-22 16:08:24 - [MESSAGE][PASSED] - Object '' is not checked

2020-07-22 16:08:24 - [MESSAGE][PASSED] - Object '' is present

2020-07-22 16:08:24 - [MESSAGE][PASSED] - Object '' is not checked

2020-07-22 16:08:25 - [MESSAGE][PASSED] - Object '' is present

2020-07-22 16:08:25 - [MESSAGE][PASSED] - Object '' is not checked

2020-07-22 16:08:25 - [MESSAGE][PASSED] - Object '' is present

2020-07-22 16:08:26 - [MESSAGE][PASSED] - Object '' is not checked

2020-07-22 16:08:26 - [MESSAGE][PASSED] - Object '' is present

2020-07-22 16:08:26 - [MESSAGE][PASSED] - Object: '' is clicked on

2020-07-22 16:08:27 - [MESSAGE][PASSED] - Object '' is present

2020-07-22 16:08:27 - [MESSAGE][PASSED] - Object '' is not checked

2020-07-22 16:08:27 - [MESSAGE][PASSED] - Object '' is present

2020-07-22 16:08:27 - [MESSAGE][PASSED] - Object '' is not checked

2020-07-22 16:08:28 - [MESSAGE][PASSED] - Object '' is present

2020-07-22 16:08:28 - [MESSAGE][PASSED] - Object '' is not checked

2020-07-22 16:08:28 - [MESSAGE][PASSED] - Object '' is present

2020-07-22 16:08:29 - [MESSAGE][PASSED] - Object '' is not checked

2020-07-22 16:08:29 - [MESSAGE][PASSED] - Object '' is present

2020-07-22 16:08:29 - [MESSAGE][PASSED] - Object '' is not checked

2020-07-22 16:08:30 - [MESSAGE][PASSED] - Object '' is present

2020-07-22 16:08:30 - [MESSAGE][PASSED] - Object '' is not checked

2020-07-22 16:08:30 - [MESSAGE][PASSED] - Object '' is present

2020-07-22 16:08:31 - [MESSAGE][PASSED] - Object: '' is clicked on

2020-07-22 16:08:31 - [MESSAGE][PASSED] - Object '' is present

2020-07-22 16:08:31 - [MESSAGE][PASSED] - Object '' is not checked

2020-07-22 16:08:32 - [MESSAGE][PASSED] - Object '' is present

2020-07-22 16:08:32 - [MESSAGE][PASSED] - Object '' is not checked

2020-07-22 16:08:32 - [MESSAGE][PASSED] - Object '' is present

2020-07-22 16:08:33 - [MESSAGE][PASSED] - Object '' is not checked

2020-07-22 16:08:33 - [MESSAGE][PASSED] - Object '' is present

2020-07-22 16:08:33 - [MESSAGE][PASSED] - Object: '' is clicked on

2020-07-22 16:08:34 - [MESSAGE][PASSED] - Object '' is present

2020-07-22 16:08:34 - [MESSAGE][PASSED] - Object '' is not checked

2020-07-22 16:08:34 - [MESSAGE][PASSED] - Object '' is present

2020-07-22 16:08:34 - [MESSAGE][PASSED] - Object '' is not checked

2020-07-22 16:08:35 - [MESSAGE][PASSED] - Object '' is present

2020-07-22 16:08:35 - [MESSAGE][PASSED] - Object '' is not checked

2020-07-22 16:08:35 - [MESSAGE][PASSED] - Object '' is present

2020-07-22 16:08:35 - [MESSAGE][PASSED] - Object '' is not checked

2020-07-22 16:08:36 - [MESSAGE][PASSED] - Object '' is present

2020-07-22 16:08:36 - [MESSAGE][PASSED] - Object '' is not checked

2020-07-22 16:08:37 - [MESSAGE][PASSED] - Object '' is present

2020-07-22 16:08:37 - [MESSAGE][PASSED] - Object '' is not checked

2020-07-22 16:08:37 - [MESSAGE][PASSED] - Object '' is present

2020-07-22 16:08:37 - [MESSAGE][PASSED] - Object '' is not checked

2020-07-22 16:08:38 - [MESSAGE][PASSED] - Object '' is present

2020-07-22 16:08:38 - [MESSAGE][PASSED] - Object: '' is clicked on

2020-07-22 16:08:38 - [MESSAGE][PASSED] - Object '' is present

2020-07-22 16:08:39 - [MESSAGE][PASSED] - Object '' is not checked

2020-07-22 16:08:39 - [MESSAGE][PASSED] - Object '' is present

2020-07-22 16:08:39 - [MESSAGE][PASSED] - Object '' is not checked

2020-07-22 16:08:39 - [MESSAGE][PASSED] - Object '' is present

2020-07-22 16:08:40 - [MESSAGE][PASSED] - Object '' is not checked

2020-07-22 16:08:40 - [MESSAGE][PASSED] - Object '' is present

2020-07-22 16:08:40 - [MESSAGE][PASSED] - Object '' is not checked

2020-07-22 16:08:41 - [MESSAGE][PASSED] - Object '' is present

2020-07-22 16:08:41 - [MESSAGE][PASSED] - Object '' is not checked

2020-07-22 16:08:41 - [MESSAGE][PASSED] - Object '' is present

2020-07-22 16:08:42 - [MESSAGE][PASSED] - Object '' is not checked

2020-07-22 16:08:42 - [MESSAGE][PASSED] - Object '' is present

2020-07-22 16:08:42 - [MESSAGE][PASSED] - Object '' is not checked

2020-07-22 16:08:42 - [MESSAGE][PASSED] - Object '' is present

2020-07-22 16:08:43 - [MESSAGE][PASSED] - Object: '' is clicked on

2020-07-22 16:08:43 - [MESSAGE][PASSED] - Object '' is present

2020-07-22 16:08:44 - [MESSAGE][PASSED] - Object '' is not checked

2020-07-22 16:08:44 - [MESSAGE][PASSED] - Object '' is present

2020-07-22 16:08:44 - [MESSAGE][PASSED] - Object '' is not checked

2020-07-22 16:08:44 - [MESSAGE][PASSED] - Object '' is present

2020-07-22 16:08:45 - [MESSAGE][PASSED] - Object '' is not checked

2020-07-22 16:08:45 - [MESSAGE][PASSED] - Object '' is present

2020-07-22 16:08:45 - [MESSAGE][PASSED] - Object '' is not checked

2020-07-22 16:08:45 - [MESSAGE][PASSED] - Object '' is present

2020-07-22 16:08:46 - [MESSAGE][PASSED] - Object: '' is clicked on

2020-07-22 16:08:46 - [MESSAGE][PASSED] - Object '' is present

2020-07-22 16:08:47 - [MESSAGE][PASSED] - Object '' is not checked

2020-07-22 16:08:47 - [MESSAGE][PASSED] - Object '' is present

2020-07-22 16:08:47 - [MESSAGE][PASSED] - Object '' is not checked

2020-07-22 16:08:48 - [MESSAGE][PASSED] - Object '' is present

2020-07-22 16:08:48 - [MESSAGE][PASSED] - Object '' is not checked

2020-07-22 16:08:48 - [MESSAGE][PASSED] - Object '' is present

2020-07-22 16:08:49 - [MESSAGE][PASSED] - Object: '' is clicked on

2020-07-22 16:08:49 - [MESSAGE][PASSED] - Object '' is present

2020-07-22 16:08:49 - [MESSAGE][PASSED] - Object '' is not checked

2020-07-22 16:08:50 - [MESSAGE][PASSED] - Object '' is present

2020-07-22 16:08:50 - [MESSAGE][PASSED] - Object '' is not checked

2020-07-22 16:08:50 - [MESSAGE][PASSED] - Object '' is present

2020-07-22 16:08:50 - [MESSAGE][PASSED] - Object '' is not checked

2020-07-22 16:08:51 - [MESSAGE][PASSED] - Object '' is present

2020-07-22 16:08:51 - [MESSAGE][PASSED] - Object: '' is clicked on

2020-07-22 16:08:52 - [MESSAGE][PASSED] - Object '' is present

2020-07-22 16:08:52 - [MESSAGE][PASSED] - Object '' is not checked

2020-07-22 16:08:52 - [MESSAGE][PASSED] - Object '' is present

2020-07-22 16:08:52 - [MESSAGE][PASSED] - Object '' is not checked

2020-07-22 16:08:53 - [MESSAGE][PASSED] - Object '' is present

2020-07-22 16:08:53 - [MESSAGE][PASSED] - Object '' is not checked

2020-07-22 16:08:53 - [MESSAGE][PASSED] - Object '' is present

2020-07-22 16:08:53 - [MESSAGE][PASSED] - Object '' is not checked

2020-07-22 16:08:54 - [MESSAGE][PASSED] - Object '' is present

2020-07-22 16:08:54 - [MESSAGE][PASSED] - Object: '' is clicked on

2020-07-22 16:08:54 - [MESSAGE][PASSED] - Object '' is present

2020-07-22 16:08:55 - [MESSAGE][PASSED] - Object '' is not checked

2020-07-22 16:08:55 - [MESSAGE][PASSED] - Object '' is present

2020-07-22 16:08:55 - [MESSAGE][PASSED] - Object '' is not checked

2020-07-22 16:08:55 - [MESSAGE][PASSED] - Object '' is present

2020-07-22 16:08:56 - [MESSAGE][PASSED] - Object '' is not checked

2020-07-22 16:08:56 - [MESSAGE][PASSED] - Object '' is present

2020-07-22 16:08:56 - [MESSAGE][PASSED] - Object '' is not checked

2020-07-22 16:08:56 - [MESSAGE][PASSED] - Object '' is present

2020-07-22 16:08:57 - [MESSAGE][PASSED] - Object '' is not checked

2020-07-22 16:08:57 - [MESSAGE][PASSED] - Object '' is present

2020-07-22 16:08:57 - [MESSAGE][PASSED] - Object '' is not checked

2020-07-22 16:08:58 - [MESSAGE][PASSED] - Object '' is present

2020-07-22 16:08:58 - [MESSAGE][PASSED] - Object '' is not checked

2020-07-22 16:08:58 - [MESSAGE][PASSED] - Object '' is present

2020-07-22 16:08:59 - [MESSAGE][PASSED] - Object: '' is clicked on

2020-07-22 16:08:59 - [MESSAGE][PASSED] - Object '' is present

2020-07-22 16:08:59 - [MESSAGE][PASSED] - Object '' is not checked

2020-07-22 16:09:00 - [MESSAGE][PASSED] - Object '' is present

2020-07-22 16:09:00 - [MESSAGE][PASSED] - Object '' is not checked

2020-07-22 16:09:00 - [MESSAGE][PASSED] - Object '' is present

2020-07-22 16:09:01 - [MESSAGE][PASSED] - Object '' is not checked

2020-07-22 16:09:01 - [MESSAGE][PASSED] - Object '' is present

2020-07-22 16:09:01 - [MESSAGE][PASSED] - Object '' is not checked

2020-07-22 16:09:02 - [MESSAGE][PASSED] - Object '' is present

2020-07-22 16:09:02 - [MESSAGE][PASSED] - Object '' is not checked

2020-07-22 16:09:02 - [MESSAGE][PASSED] - Object '' is present

2020-07-22 16:09:02 - [MESSAGE][PASSED] - Object '' is not checked

2020-07-22 16:09:03 - [MESSAGE][PASSED] - Object '' is present

2020-07-22 16:09:03 - [MESSAGE][PASSED] - Object '' is not checked

2020-07-22 16:09:03 - [MESSAGE][PASSED] - Object: '' is clicked on

2020-07-22 16:09:04 - [MESSAGE][PASSED] - Object: '' is clicked on

2020-07-22 16:09:04 - [MESSAGE][PASSED] - Object: '' is clicked on

2020-07-22 16:09:04 - [MESSAGE][PASSED] - Object '' is present

2020-07-22 16:09:04 - [MESSAGE][PASSED] - Object: '' is clicked on

2020-07-22 16:09:05 - [MESSAGE][PASSED] - Object '' is present

2020-07-22 16:09:05 - [MESSAGE][PASSED] - Object '' is not checked

2020-07-22 16:09:05 - [MESSAGE][PASSED] - Object '' is present

2020-07-22 16:09:06 - [MESSAGE][PASSED] - Object '' is not checked

2020-07-22 16:09:06 - [MESSAGE][PASSED] - Object '' is present

2020-07-22 16:09:06 - [MESSAGE][PASSED] - Object: '' is clicked on

2020-07-22 16:09:07 - [MESSAGE][PASSED] - Object '' is present

2020-07-22 16:09:07 - [MESSAGE][PASSED] - Object '' is not checked

2020-07-22 16:09:07 - [MESSAGE][PASSED] - Object '' is present

2020-07-22 16:09:08 - [MESSAGE][PASSED] - Object '' is not checked

2020-07-22 16:09:08 - [MESSAGE][PASSED] - Object '' is present

2020-07-22 16:09:08 - [MESSAGE][PASSED] - Object '' is not checked

2020-07-22 16:09:09 - [MESSAGE][PASSED] - Object '' is present

2020-07-22 16:09:09 - [MESSAGE][PASSED] - Object '' is not checked

2020-07-22 16:09:09 - [MESSAGE][PASSED] - Object '' is present

2020-07-22 16:09:09 - [MESSAGE][PASSED] - Object: '' is clicked on

2020-07-22 16:09:10 - [MESSAGE][PASSED] - Object '' is present

2020-07-22 16:09:10 - [MESSAGE][PASSED] - Object '' is not checked

2020-07-22 16:09:10 - [MESSAGE][PASSED] - Object '' is present

2020-07-22 16:09:11 - [MESSAGE][PASSED] - Object '' is not checked

2020-07-22 16:09:11 - [MESSAGE][PASSED] - Object '' is present

2020-07-22 16:09:11 - [MESSAGE][PASSED] - Object '' is not checked

2020-07-22 16:09:12 - [MESSAGE][PASSED] - Object '' is present

2020-07-22 16:09:12 - [MESSAGE][PASSED] - Object '' is not checked

2020-07-22 16:09:12 - [MESSAGE][PASSED] - Object '' is present

2020-07-22 16:09:13 - [MESSAGE][PASSED] - Object '' is not checked

2020-07-22 16:09:13 - [MESSAGE][PASSED] - Object: '' is clicked on

2020-07-22 16:09:13 - [MESSAGE][PASSED] - Object: '' is clicked on

2020-07-22 16:09:14 - [MESSAGE][PASSED] - Object: '' is clicked on

2020-07-22 16:09:14 - [MESSAGE][PASSED] - Varify the mistake detail already match with the matrix Base on Type Contract

2020-07-22 16:09:14 - [TEST_STEP][PASSED] - Click on Tab "KTP": Click on Tab "KTP"

2020-07-22 16:09:14 - [MESSAGE][PASSED] - Object '' is present

2020-07-22 16:09:14 - [MESSAGE][PASSED] - Object: '' is clicked on

2020-07-22 16:09:14 - [MESSAGE][PASSED] - Click on Tab "KTP"

2020-07-22 16:09:14 - [TEST_STEP][PASSED] - Checkbox General Mistake "20. KTP atau Resi - Alamat tetap pemohon pada sistem (HoS) berbeda dengan KTP": Checkbox General Mistake "20. KTP atau Resi - Alamat tetap pemohon pada sistem (HoS) berbeda dengan KTP"

2020-07-22 16:09:15 - [MESSAGE][PASSED] - Object: '' is clicked on

2020-07-22 16:09:15 - [MESSAGE][PASSED] - Wait for page load successfully

2020-07-22 16:09:15 - [MESSAGE][PASSED] - Checkbox General Mistake "20. KTP atau Resi - Alamat tetap pemohon pada sistem (HoS) berbeda dengan KTP"

2020-07-22 16:09:15 - [TEST_STEP][PASSED] - Choose Dropdown mistake type "Beda RT" from mistake name "20. KTP atau Resi - Alamat tetap pemohon pada sistem (HoS) berbeda dengan KTP": Choose Dropdown mistake type "Beda RT" from mistake name "20. KTP atau Resi - Alamat tetap pemohon pada sistem (HoS) berbeda dengan KTP"

2020-07-22 16:09:16 - [MESSAGE][PASSED] - All options with index in [1] are selected on object ''

2020-07-22 16:09:16 - [MESSAGE][PASSED] - Wait for page load successfully

2020-07-22 16:09:16 - [MESSAGE][PASSED] - Choose Dropdown mistake type "Beda RT" from mistake name "20. KTP atau Resi - Alamat tetap pemohon pada sistem (HoS) berbeda dengan KTP"

2020-07-22 16:09:16 - [TEST_STEP][PASSED] - Type on textarea note before based on mistake name "20. KTP atau Resi - Alamat tetap pemohon pada sistem (HoS) berbeda dengan KTP" with value "TESTING": Type on textarea note before based on mistake name "20. KTP atau Resi - Alamat tetap pemohon pada sistem (HoS) berbeda dengan KTP" with value "TESTING"

2020-07-22 16:09:17 - [MESSAGE][PASSED] - Text 'TESTING' is set on object ''

2020-07-22 16:09:17 - [MESSAGE][PASSED] - Wait for page load successfully

2020-07-22 16:09:17 - [MESSAGE][PASSED] - Type on textarea note before based on mistake name "20. KTP atau Resi - Alamat tetap pemohon pada sistem (HoS) berbeda dengan KTP" with value "TESTING"

2020-07-22 16:09:17 - [TEST_STEP][PASSED] - Type on textarea note after based on mistake name "20. KTP atau Resi - Alamat tetap pemohon pada sistem (HoS) berbeda dengan KTP" with value "TESTING after": Type on textarea note after based on mistake name "20. KTP atau Resi - Alamat tetap pemohon pada sistem (HoS) berbeda dengan KTP" with value "TESTING after"

2020-07-22 16:09:18 - [MESSAGE][PASSED] - Text 'TESTING after' is set on object ''

2020-07-22 16:09:18 - [MESSAGE][PASSED] - Wait for page load successfully

2020-07-22 16:09:18 - [MESSAGE][PASSED] - Type on textarea note after based on mistake name "20. KTP atau Resi - Alamat tetap pemohon pada sistem (HoS) berbeda dengan KTP" with value "TESTING after"

2020-07-22 16:09:18 - [TEST_STEP][PASSED] - Click button "Save": Click button "Save"

2020-07-22 16:09:18 - [MESSAGE][INFO] - >>>>>//Button[contains(text(),'Save')]

2020-07-22 16:09:21 - [MESSAGE][PASSED] - Object: '' is clicked on

2020-07-22 16:09:21 - [MESSAGE][PASSED] - Click button "Save"

2020-07-22 16:09:21 - [TEST_STEP][PASSED] - Get text from pop up "IT Supporting Tools" with text "Mistake has been saved": Get text from pop up "IT Supporting Tools" with text "Mistake has been saved"

2020-07-22 16:09:25 - [MESSAGE][PASSED] - Object '' is present

2020-07-22 16:09:25 - [MESSAGE][PASSED] - Wait for page load successfully

2020-07-22 16:09:25 - [MESSAGE][PASSED] - Wait for page load successfully

2020-07-22 16:09:25 - [MESSAGE][PASSED] - Get text from pop up "IT Supporting Tools" with text "Mistake has been saved"

2020-07-22 16:09:25 - [TEST_STEP][PASSED] - Click button "OK": Click button "OK"

2020-07-22 16:09:25 - [MESSAGE][INFO] - >>>>>//Button[contains(text(),'OK')]

2020-07-22 16:09:28 - [MESSAGE][PASSED] - Object: '' is clicked on

2020-07-22 16:09:28 - [MESSAGE][PASSED] - Click button "OK"

2020-07-22 16:09:28 - [TEST_STEP][PASSED] - Click button "Logout": Click button "Logout"

2020-07-22 16:09:28 - [MESSAGE][INFO] - >>>>>//Button[contains(text(),'Logout')]

2020-07-22 16:09:32 - [MESSAGE][PASSED] - Object: '' is clicked on

2020-07-22 16:09:32 - [MESSAGE][PASSED] - Click button "Logout"

2020-07-22 16:09:32 - [TEST_STEP][PASSED] - Close browser: Close browser

2020-07-22 16:09:32 - [MESSAGE][PASSED] - Browser is closed

2020-07-22 16:09:32 - [MESSAGE][PASSED] - Close browser

2020-07-22 16:09:32 - [MESSAGE][PASSED] - Feature file: 'Include/features/IST_Real/CONTRACT_DISPATCHER_TWO_WHEELERS/DEV/Contract_Dispatcher_TW.feature' was passed]]></system-out>
         <system-err><![CDATA[]]></system-err>
      </testcase>
      <testcase name="Test Cases/IST_Real/CONTRACT_DISPATCHER_TWO_WHEELERS/DEV/Update_Tbl_CDS_CDC" time="1.036" classname="Test Cases/IST_Real/CONTRACT_DISPATCHER_TWO_WHEELERS/DEV/Update_Tbl_CDS_CDC" status="PASSED">
         <system-out><![CDATA[2020-07-22 16:09:32 - [TEST_CASE][PASSED] - Test Cases/IST_Real/CONTRACT_DISPATCHER_TWO_WHEELERS/DEV/Update_Tbl_CDS_CDC: Test Cases/IST_Real/CONTRACT_DISPATCHER_TWO_WHEELERS/DEV/Update_Tbl_CDS_CDC

2020-07-22 16:09:32 - [TEST_STEP][PASSED] - runFeatureFile("Include/features/IST_Real/CONTRACT_DISPATCHER_TWO_WHEELERS/DEV/Update_Tbl_CDS_CDC.feature"): Feature file: 'Include/features/IST_Real/CONTRACT_DISPATCHER_TWO_WHEELERS/DEV/Update_Tbl_CDS_CDC.feature' was passed

2020-07-22 16:09:32 - [MESSAGE][INFO] - Starting run keyword runFeatureFile: 'Include/features/IST_Real/CONTRACT_DISPATCHER_TWO_WHEELERS/DEV/Update_Tbl_CDS_CDC.feature' and extract report to folder: '/Users/chaidir.pratama01/Katalon Studio/IST_Automation_Git/Reports/20200722_160745/CONTRACT_DISPATCHER_TWO_WHEELERS/DEV/TS_Contract_Dispatcher_Two_Wheelers/20200722_160745/cucumber_report/1595408972850'...

2020-07-22 16:09:32 - [TEST_CASE][PASSED] - Start Test Case : SCENARIO Update Table CONTRACT_DISPATCHER_SOURCE and CONTRACT_DISPTACHER_CLAIM: SCENARIO Update Table CONTRACT_DISPATCHER_SOURCE and CONTRACT_DISPTACHER_CLAIM

2020-07-22 16:09:32 - [TEST_STEP][PASSED] - Connect to APP_ACCOUNT C1: Connect to APP_ACCOUNT C1

2020-07-22 16:09:33 - [MESSAGE][PASSED] - Connect to APP_ACCOUNT C1

2020-07-22 16:09:33 - [TEST_STEP][PASSED] - Update Tbl CONTRACT DISPATCHER SOURCE To Change PROCESSED From Y to N: Update Tbl CONTRACT DISPATCHER SOURCE To Change PROCESSED From Y to N

2020-07-22 16:09:33 - [MESSAGE][PASSED] - Update Tbl CONTRACT DISPATCHER SOURCE To Change PROCESSED From Y to N

2020-07-22 16:09:33 - [TEST_STEP][PASSED] - Update Tbl CONTRACT DISPATCHER CLAIM To Delete PROCESS From Column STATUS: Update Tbl CONTRACT DISPATCHER CLAIM To Delete PROCESS From Column STATUS

2020-07-22 16:09:33 - [MESSAGE][PASSED] - Update Tbl CONTRACT DISPATCHER CLAIM To Delete PROCESS From Column STATUS

2020-07-22 16:09:33 - [MESSAGE][PASSED] - Feature file: 'Include/features/IST_Real/CONTRACT_DISPATCHER_TWO_WHEELERS/DEV/Update_Tbl_CDS_CDC.feature' was passed]]></system-out>
         <system-err><![CDATA[]]></system-err>
      </testcase>
      <testcase name="Test Cases/IST_Real/CONTRACT_DISPATCHER_TWO_WHEELERS/DEV/Delete_ContractNumber_from_TRK_REGISTRATION_MISTAKE" time="0.628" classname="Test Cases/IST_Real/CONTRACT_DISPATCHER_TWO_WHEELERS/DEV/Delete_ContractNumber_from_TRK_REGISTRATION_MISTAKE" status="PASSED">
         <system-out><![CDATA[2020-07-22 16:09:33 - [TEST_CASE][PASSED] - Test Cases/IST_Real/CONTRACT_DISPATCHER_TWO_WHEELERS/DEV/Delete_ContractNumber_from_TRK_REGISTRATION_MISTAKE: Test Cases/IST_Real/CONTRACT_DISPATCHER_TWO_WHEELERS/DEV/Delete_ContractNumber_from_TRK_REGISTRATION_MISTAKE

2020-07-22 16:09:33 - [TEST_STEP][PASSED] - runFeatureFile("Include/features/IST_Real/CONTRACT_DISPATCHER_TWO_WHEELERS/DEV/Delete_ContractNumber_from_TRK_REGISTRATION_MISTAKE.feature"): Feature file: 'Include/features/IST_Real/CONTRACT_DISPATCHER_TWO_WHEELERS/DEV/Delete_ContractNumber_from_TRK_REGISTRATION_MISTAKE.feature' was passed

2020-07-22 16:09:33 - [MESSAGE][INFO] - Starting run keyword runFeatureFile: 'Include/features/IST_Real/CONTRACT_DISPATCHER_TWO_WHEELERS/DEV/Delete_ContractNumber_from_TRK_REGISTRATION_MISTAKE.feature' and extract report to folder: '/Users/chaidir.pratama01/Katalon Studio/IST_Automation_Git/Reports/20200722_160745/CONTRACT_DISPATCHER_TWO_WHEELERS/DEV/TS_Contract_Dispatcher_Two_Wheelers/20200722_160745/cucumber_report/1595408973964'...

2020-07-22 16:09:34 - [TEST_CASE][PASSED] - Start Test Case : SCENARIO Delete Contract from TRK_REGISTRATION_MISTAKE: SCENARIO Delete Contract from TRK_REGISTRATION_MISTAKE

2020-07-22 16:09:34 - [TEST_STEP][PASSED] - Connect to APP_ACCOUNT C1: Connect to APP_ACCOUNT C1

2020-07-22 16:09:34 - [MESSAGE][PASSED] - Connect to APP_ACCOUNT C1

2020-07-22 16:09:34 - [TEST_STEP][PASSED] - Delete Contract From TRK_REGISTRATION_MISTAKE: Delete Contract From TRK_REGISTRATION_MISTAKE

2020-07-22 16:09:34 - [MESSAGE][PASSED] - Delete Contract From TRK_REGISTRATION_MISTAKE

2020-07-22 16:09:34 - [MESSAGE][PASSED] - Feature file: 'Include/features/IST_Real/CONTRACT_DISPATCHER_TWO_WHEELERS/DEV/Delete_ContractNumber_from_TRK_REGISTRATION_MISTAKE.feature' was passed]]></system-out>
         <system-err><![CDATA[]]></system-err>
      </testcase>
      <testcase name="Test Cases/IST_Real/CONTRACT_DISPATCHER_TWO_WHEELERS/DEV/Claim_Contract_Two_Wheelers_then_Save_it_Without_Register_Any_Mistakes" time="91.21" classname="Test Cases/IST_Real/CONTRACT_DISPATCHER_TWO_WHEELERS/DEV/Claim_Contract_Two_Wheelers_then_Save_it_Without_Register_Any_Mistakes" status="FAILED">
         <failure type="FAILED" message="Test Cases/IST_Real/CONTRACT_DISPATCHER_TWO_WHEELERS/DEV/Claim_Contract_Two_Wheelers_then_Save_it_Without_Register_Any_Mistakes FAILED.
Reason:
com.kms.katalon.core.exception.StepFailedException: Feature file 'Include/features/IST_Real/CONTRACT_DISPATCHER_TWO_WHEELERS/DEV/Claim_Contract_Two_Wheelers_then_Save_it_Without_Register_Any_Mistakes.feature' was failed
	at com.kms.katalon.core.keyword.internal.KeywordMain.stepFailed(KeywordMain.groovy:50)
	at com.kms.katalon.core.keyword.internal.KeywordMain.stepFailed(KeywordMain.groovy)
	at com.kms.katalon.core.keyword.internal.KeywordMain.stepFailed(KeywordMain.groovy:23)
	at com.kms.katalon.core.keyword.internal.KeywordMain$stepFailed$0.call(Unknown Source)
	at com.kms.katalon.core.cucumber.keyword.CucumberBuiltinKeywords$_runFeatureFile_closure1.doCall(CucumberBuiltinKeywords.groovy:82)
	at com.kms.katalon.core.cucumber.keyword.CucumberBuiltinKeywords$_runFeatureFile_closure1.doCall(CucumberBuiltinKeywords.groovy)
	at com.kms.katalon.core.keyword.internal.KeywordMain.runKeyword(KeywordMain.groovy:68)
	at com.kms.katalon.core.keyword.internal.KeywordMain$runKeyword.call(Unknown Source)
	at com.kms.katalon.core.cucumber.keyword.CucumberBuiltinKeywords.runFeatureFile(CucumberBuiltinKeywords.groovy:46)
	at com.kms.katalon.core.cucumber.keyword.CucumberBuiltinKeywords$runFeatureFile$0.callStatic(Unknown Source)
	at com.kms.katalon.core.cucumber.keyword.CucumberBuiltinKeywords.runFeatureFile(CucumberBuiltinKeywords.groovy:169)
	at com.kms.katalon.core.cucumber.keyword.CucumberBuiltinKeywords$runFeatureFile.call(Unknown Source)
	at Claim_Contract_Two_Wheelers_then_Save_it_Without_Register_Any_Mistakes.run(Claim_Contract_Two_Wheelers_then_Save_it_Without_Register_Any_Mistakes:16)
	at com.kms.katalon.core.main.ScriptEngine.run(ScriptEngine.java:194)
	at com.kms.katalon.core.main.ScriptEngine.runScriptAsRawText(ScriptEngine.java:119)
	at com.kms.katalon.core.main.TestCaseExecutor.runScript(TestCaseExecutor.java:339)
	at com.kms.katalon.core.main.TestCaseExecutor.doExecute(TestCaseExecutor.java:330)
	at com.kms.katalon.core.main.TestCaseExecutor.processExecutionPhase(TestCaseExecutor.java:309)
	at com.kms.katalon.core.main.TestCaseExecutor.accessMainPhase(TestCaseExecutor.java:301)
	at com.kms.katalon.core.main.TestCaseExecutor.execute(TestCaseExecutor.java:235)
	at com.kms.katalon.core.main.TestSuiteExecutor.accessTestCaseMainPhase(TestSuiteExecutor.java:191)
	at com.kms.katalon.core.main.TestSuiteExecutor.accessTestSuiteMainPhase(TestSuiteExecutor.java:141)
	at com.kms.katalon.core.main.TestSuiteExecutor.execute(TestSuiteExecutor.java:90)
	at com.kms.katalon.core.main.TestCaseMain.startTestSuite(TestCaseMain.java:157)
	at com.kms.katalon.core.main.TestCaseMain$startTestSuite$0.call(Unknown Source)
	at TempTestSuite1595408865749.run(TempTestSuite1595408865749.groovy:39)
"/>
         <system-out><![CDATA[2020-07-22 16:09:34 - [TEST_CASE][FAILED] - Test Cases/IST_Real/CONTRACT_DISPATCHER_TWO_WHEELERS/DEV/Claim_Contract_Two_Wheelers_then_Save_it_Without_Register_Any_Mistakes: Test Cases/IST_Real/CONTRACT_DISPATCHER_TWO_WHEELERS/DEV/Claim_Contract_Two_Wheelers_then_Save_it_Without_Register_Any_Mistakes FAILED.
Reason:
com.kms.katalon.core.exception.StepFailedException: Feature file 'Include/features/IST_Real/CONTRACT_DISPATCHER_TWO_WHEELERS/DEV/Claim_Contract_Two_Wheelers_then_Save_it_Without_Register_Any_Mistakes.feature' was failed
	at com.kms.katalon.core.keyword.internal.KeywordMain.stepFailed(KeywordMain.groovy:50)
	at com.kms.katalon.core.keyword.internal.KeywordMain.stepFailed(KeywordMain.groovy)
	at com.kms.katalon.core.keyword.internal.KeywordMain.stepFailed(KeywordMain.groovy:23)
	at com.kms.katalon.core.keyword.internal.KeywordMain$stepFailed$0.call(Unknown Source)
	at com.kms.katalon.core.cucumber.keyword.CucumberBuiltinKeywords$_runFeatureFile_closure1.doCall(CucumberBuiltinKeywords.groovy:82)
	at com.kms.katalon.core.cucumber.keyword.CucumberBuiltinKeywords$_runFeatureFile_closure1.doCall(CucumberBuiltinKeywords.groovy)
	at com.kms.katalon.core.keyword.internal.KeywordMain.runKeyword(KeywordMain.groovy:68)
	at com.kms.katalon.core.keyword.internal.KeywordMain$runKeyword.call(Unknown Source)
	at com.kms.katalon.core.cucumber.keyword.CucumberBuiltinKeywords.runFeatureFile(CucumberBuiltinKeywords.groovy:46)
	at com.kms.katalon.core.cucumber.keyword.CucumberBuiltinKeywords$runFeatureFile$0.callStatic(Unknown Source)
	at com.kms.katalon.core.cucumber.keyword.CucumberBuiltinKeywords.runFeatureFile(CucumberBuiltinKeywords.groovy:169)
	at com.kms.katalon.core.cucumber.keyword.CucumberBuiltinKeywords$runFeatureFile.call(Unknown Source)
	at Claim_Contract_Two_Wheelers_then_Save_it_Without_Register_Any_Mistakes.run(Claim_Contract_Two_Wheelers_then_Save_it_Without_Register_Any_Mistakes:16)
	at com.kms.katalon.core.main.ScriptEngine.run(ScriptEngine.java:194)
	at com.kms.katalon.core.main.ScriptEngine.runScriptAsRawText(ScriptEngine.java:119)
	at com.kms.katalon.core.main.TestCaseExecutor.runScript(TestCaseExecutor.java:339)
	at com.kms.katalon.core.main.TestCaseExecutor.doExecute(TestCaseExecutor.java:330)
	at com.kms.katalon.core.main.TestCaseExecutor.processExecutionPhase(TestCaseExecutor.java:309)
	at com.kms.katalon.core.main.TestCaseExecutor.accessMainPhase(TestCaseExecutor.java:301)
	at com.kms.katalon.core.main.TestCaseExecutor.execute(TestCaseExecutor.java:235)
	at com.kms.katalon.core.main.TestSuiteExecutor.accessTestCaseMainPhase(TestSuiteExecutor.java:191)
	at com.kms.katalon.core.main.TestSuiteExecutor.accessTestSuiteMainPhase(TestSuiteExecutor.java:141)
	at com.kms.katalon.core.main.TestSuiteExecutor.execute(TestSuiteExecutor.java:90)
	at com.kms.katalon.core.main.TestCaseMain.startTestSuite(TestCaseMain.java:157)
	at com.kms.katalon.core.main.TestCaseMain$startTestSuite$0.call(Unknown Source)
	at TempTestSuite1595408865749.run(TempTestSuite1595408865749.groovy:39)


2020-07-22 16:09:34 - [TEST_STEP][FAILED] - runFeatureFile("Include/features/IST_Real/CONTRACT_DISPATCHER_TWO_WHEELERS/DEV/Claim_Contract_Two_Wheelers_then_Save_it_Without_Register_Any_Mistakes.feature"): Keyword runFeatureFile was failed (Root cause: com.kms.katalon.core.exception.StepFailedException: Feature file 'Include/features/IST_Real/CONTRACT_DISPATCHER_TWO_WHEELERS/DEV/Claim_Contract_Two_Wheelers_then_Save_it_Without_Register_Any_Mistakes.feature' was failed
	at com.kms.katalon.core.keyword.internal.KeywordMain.stepFailed(KeywordMain.groovy:50)
	at com.kms.katalon.core.keyword.internal.KeywordMain.stepFailed(KeywordMain.groovy)
	at com.kms.katalon.core.keyword.internal.KeywordMain.stepFailed(KeywordMain.groovy:23)
	at com.kms.katalon.core.keyword.internal.KeywordMain$stepFailed$0.call(Unknown Source)
	at com.kms.katalon.core.cucumber.keyword.CucumberBuiltinKeywords$_runFeatureFile_closure1.doCall(CucumberBuiltinKeywords.groovy:82)
	at com.kms.katalon.core.cucumber.keyword.CucumberBuiltinKeywords$_runFeatureFile_closure1.doCall(CucumberBuiltinKeywords.groovy)
	at com.kms.katalon.core.keyword.internal.KeywordMain.runKeyword(KeywordMain.groovy:68)
	at com.kms.katalon.core.keyword.internal.KeywordMain$runKeyword.call(Unknown Source)
	at com.kms.katalon.core.cucumber.keyword.CucumberBuiltinKeywords.runFeatureFile(CucumberBuiltinKeywords.groovy:46)
	at com.kms.katalon.core.cucumber.keyword.CucumberBuiltinKeywords$runFeatureFile$0.callStatic(Unknown Source)
	at com.kms.katalon.core.cucumber.keyword.CucumberBuiltinKeywords.runFeatureFile(CucumberBuiltinKeywords.groovy:169)
	at com.kms.katalon.core.cucumber.keyword.CucumberBuiltinKeywords$runFeatureFile.call(Unknown Source)
	at Claim_Contract_Two_Wheelers_then_Save_it_Without_Register_Any_Mistakes.run(Claim_Contract_Two_Wheelers_then_Save_it_Without_Register_Any_Mistakes:16)
	at com.kms.katalon.core.main.ScriptEngine.run(ScriptEngine.java:194)
	at com.kms.katalon.core.main.ScriptEngine.runScriptAsRawText(ScriptEngine.java:119)
	at com.kms.katalon.core.main.TestCaseExecutor.runScript(TestCaseExecutor.java:339)
	at com.kms.katalon.core.main.TestCaseExecutor.doExecute(TestCaseExecutor.java:330)
	at com.kms.katalon.core.main.TestCaseExecutor.processExecutionPhase(TestCaseExecutor.java:309)
	at com.kms.katalon.core.main.TestCaseExecutor.accessMainPhase(TestCaseExecutor.java:301)
	at com.kms.katalon.core.main.TestCaseExecutor.execute(TestCaseExecutor.java:235)
	at com.kms.katalon.core.main.TestSuiteExecutor.accessTestCaseMainPhase(TestSuiteExecutor.java:191)
	at com.kms.katalon.core.main.TestSuiteExecutor.accessTestSuiteMainPhase(TestSuiteExecutor.java:141)
	at com.kms.katalon.core.main.TestSuiteExecutor.execute(TestSuiteExecutor.java:90)
	at com.kms.katalon.core.main.TestCaseMain.startTestSuite(TestCaseMain.java:157)
	at com.kms.katalon.core.main.TestCaseMain$startTestSuite$0.call(Unknown Source)
	at TempTestSuite1595408865749.run(TempTestSuite1595408865749.groovy:39)
)

2020-07-22 16:09:34 - [MESSAGE][INFO] - Starting run keyword runFeatureFile: 'Include/features/IST_Real/CONTRACT_DISPATCHER_TWO_WHEELERS/DEV/Claim_Contract_Two_Wheelers_then_Save_it_Without_Register_Any_Mistakes.feature' and extract report to folder: '/Users/chaidir.pratama01/Katalon Studio/IST_Automation_Git/Reports/20200722_160745/CONTRACT_DISPATCHER_TWO_WHEELERS/DEV/TS_Contract_Dispatcher_Two_Wheelers/20200722_160745/cucumber_report/1595408974613'...

2020-07-22 16:09:34 - [TEST_CASE][FAILED] - Start Test Case : SCENARIO Select Menu Contract Dispatcher and Select Contract based on type contract Two Wheelers: SCENARIO Select Menu Contract Dispatcher and Select Contract based on type contract Two Wheelers FAILED.
Reason:
com.kms.katalon.core.exception.StepFailedException: Unable to click on object ''
	at com.kms.katalon.core.webui.keyword.internal.WebUIKeywordMain.stepFailed(WebUIKeywordMain.groovy:64)
	at com.kms.katalon.core.webui.keyword.internal.WebUIKeywordMain.runKeyword(WebUIKeywordMain.groovy:26)
	at com.kms.katalon.core.webui.keyword.builtin.ClickKeyword.click(ClickKeyword.groovy:76)
	at com.kms.katalon.core.webui.keyword.builtin.ClickKeyword.execute(ClickKeyword.groovy:43)
	at com.kms.katalon.core.keyword.internal.KeywordExecutor.executeKeywordForPlatform(KeywordExecutor.groovy:73)
	at com.kms.katalon.core.webui.keyword.WebUiBuiltInKeywords.click(WebUiBuiltInKeywords.groovy:616)
	at com.kms.katalon.core.webui.keyword.WebUiBuiltInKeywords$click$3.call(Unknown Source)
	at ist_real.Contract_Dispatcher.ClickButton(Contract_Dispatcher.groovy:360)
	at ✽.Click button "Logout"(/Users/chaidir.pratama01/Katalon Studio/IST_Automation_Git/Include/features/IST_Real/CONTRACT_DISPATCHER_TWO_WHEELERS/DEV/Claim_Contract_Two_Wheelers_then_Save_it_Without_Register_Any_Mistakes.feature:37)
Caused by: org.openqa.selenium.ElementClickInterceptedException: element click intercepted: Element <button type="button" id="pOAQd" class="btn-danger btn-sm btn">...</button> is not clickable at point (1626, 55). Other element would receive the click: <div id="pOAQiy1-mask" class="z-modal-mask" style="z-index: 1800; left: 0px; top: 0px; width: 1680px; height: 855px; display: block;"></div>
  (Session info: chrome=84.0.4147.89)
Build info: version: '3.141.59', revision: 'e82be7d358', time: '2018-11-14T08:25:53'
System info: host: 'M-Chaidir-Pratama.local', ip: 'fe80:0:0:0:466:66fd:4850:23be%en0', os.name: 'Mac OS X', os.arch: 'x86_64', os.version: '10.15', java.version: '1.8.0_181'
Driver info: com.kms.katalon.selenium.driver.CChromeDriver
Capabilities {acceptInsecureCerts: false, browserName: chrome, browserVersion: 84.0.4147.89, chrome: {chromedriverVersion: 84.0.4147.30 (48b3e868b4cc0..., userDataDir: /var/folders/0s/4_d154xd6dq...}, goog:chromeOptions: {debuggerAddress: localhost:62395}, javascriptEnabled: true, networkConnectionEnabled: false, pageLoadStrategy: normal, platform: MAC, platformName: MAC, proxy: Proxy(), setWindowRect: true, strictFileInteractability: false, timeouts: {implicit: 0, pageLoad: 300000, script: 30000}, unhandledPromptBehavior: dismiss and notify, webauthn:virtualAuthenticators: true}
Session ID: 30500ebb7586310c8386e0822ff290cc
	at org.openqa.selenium.remote.http.W3CHttpResponseCodec.createException(W3CHttpResponseCodec.java:187)
	at org.openqa.selenium.remote.http.W3CHttpResponseCodec.decode(W3CHttpResponseCodec.java:122)
	at org.openqa.selenium.remote.http.W3CHttpResponseCodec.decode(W3CHttpResponseCodec.java:49)
	at org.openqa.selenium.remote.HttpCommandExecutor.execute(HttpCommandExecutor.java:158)
	at org.openqa.selenium.remote.service.DriverCommandExecutor.execute(DriverCommandExecutor.java:83)
	at org.openqa.selenium.remote.RemoteWebDriver.execute(RemoteWebDriver.java:552)
	at com.kms.katalon.selenium.driver.CChromeDriver.execute(CChromeDriver.java:19)
	at org.openqa.selenium.remote.RemoteWebElement.execute(RemoteWebElement.java:285)
	at org.openqa.selenium.remote.RemoteWebElement.click(RemoteWebElement.java:84)
	at org.openqa.selenium.support.events.EventFiringWebDriver$EventFiringWebElement.lambda$new$0(EventFiringWebDriver.java:404)
	at com.sun.proxy.$Proxy19.click(Unknown Source)
	at org.openqa.selenium.support.events.EventFiringWebDriver$EventFiringWebElement.click(EventFiringWebDriver.java:417)
	at com.kms.katalon.core.webui.keyword.builtin.ClickKeyword$_click_closure1.doCall(ClickKeyword.groovy:69)
	at com.kms.katalon.core.webui.keyword.builtin.ClickKeyword$_click_closure1.call(ClickKeyword.groovy)
	at com.kms.katalon.core.webui.keyword.internal.WebUIKeywordMain.runKeyword(WebUIKeywordMain.groovy:20)
	at com.kms.katalon.core.webui.keyword.builtin.ClickKeyword.click(ClickKeyword.groovy:76)
	at com.kms.katalon.core.webui.keyword.builtin.ClickKeyword.execute(ClickKeyword.groovy:43)
	at com.kms.katalon.core.keyword.internal.KeywordExecutor.executeKeywordForPlatform(KeywordExecutor.groovy:73)
	at com.kms.katalon.core.webui.keyword.WebUiBuiltInKeywords.click(WebUiBuiltInKeywords.groovy:616)
	at com.kms.katalon.core.webui.keyword.WebUiBuiltInKeywords$click$3.call(Unknown Source)
	at ist_real.Contract_Dispatcher.ClickButton(Contract_Dispatcher.groovy:360)
	at cucumber.runtime.Utils$1.call(Utils.java:26)
	at cucumber.runtime.Timeout.timeout(Timeout.java:16)
	at cucumber.runtime.Utils.invoke(Utils.java:20)
	at cucumber.runtime.java.JavaStepDefinition.execute(JavaStepDefinition.java:48)
	at cucumber.runtime.PickleStepDefinitionMatch.runStep(PickleStepDefinitionMatch.java:50)
	at cucumber.runner.TestStep.executeStep(TestStep.java:55)
	at cucumber.runner.TestStep.run(TestStep.java:42)
	at cucumber.runner.PickleStepTestStep.run(PickleStepTestStep.java:53)
	at cucumber.runner.TestCase.run(TestCase.java:47)
	at cucumber.runner.Runner.runPickle(Runner.java:44)
	at cucumber.runtime.Runtime.runFeature(Runtime.java:120)
	at cucumber.runtime.Runtime.run(Runtime.java:106)
	at cucumber.api.cli.Main.run(Main.java:35)
	at cucumber.api.cli.Main$run.call(Unknown Source)
	at com.kms.katalon.core.cucumber.keyword.CucumberBuiltinKeywords$_runFeatureFile_closure1.doCall(CucumberBuiltinKeywords.groovy:76)
	at com.kms.katalon.core.cucumber.keyword.CucumberBuiltinKeywords$_runFeatureFile_closure1.doCall(CucumberBuiltinKeywords.groovy)
	at com.kms.katalon.core.keyword.internal.KeywordMain.runKeyword(KeywordMain.groovy:68)
	at com.kms.katalon.core.keyword.internal.KeywordMain$runKeyword.call(Unknown Source)
	at com.kms.katalon.core.cucumber.keyword.CucumberBuiltinKeywords.runFeatureFile(CucumberBuiltinKeywords.groovy:46)
	at com.kms.katalon.core.cucumber.keyword.CucumberBuiltinKeywords$runFeatureFile$0.callStatic(Unknown Source)
	at com.kms.katalon.core.cucumber.keyword.CucumberBuiltinKeywords.runFeatureFile(CucumberBuiltinKeywords.groovy:169)
	at com.kms.katalon.core.cucumber.keyword.CucumberBuiltinKeywords$runFeatureFile.call(Unknown Source)
	at Claim_Contract_Two_Wheelers_then_Save_it_Without_Register_Any_Mistakes.run(Claim_Contract_Two_Wheelers_then_Save_it_Without_Register_Any_Mistakes:16)
	at com.kms.katalon.core.main.ScriptEngine.run(ScriptEngine.java:194)
	at com.kms.katalon.core.main.ScriptEngine.runScriptAsRawText(ScriptEngine.java:119)
	at com.kms.katalon.core.main.TestCaseExecutor.runScript(TestCaseExecutor.java:339)
	at com.kms.katalon.core.main.TestCaseExecutor.doExecute(TestCaseExecutor.java:330)
	at com.kms.katalon.core.main.TestCaseExecutor.processExecutionPhase(TestCaseExecutor.java:309)
	at com.kms.katalon.core.main.TestCaseExecutor.accessMainPhase(TestCaseExecutor.java:301)
	at com.kms.katalon.core.main.TestCaseExecutor.execute(TestCaseExecutor.java:235)
	at com.kms.katalon.core.main.TestSuiteExecutor.accessTestCaseMainPhase(TestSuiteExecutor.java:191)
	at com.kms.katalon.core.main.TestSuiteExecutor.accessTestSuiteMainPhase(TestSuiteExecutor.java:141)
	at com.kms.katalon.core.main.TestSuiteExecutor.execute(TestSuiteExecutor.java:90)
	at com.kms.katalon.core.main.TestCaseMain.startTestSuite(TestCaseMain.java:157)
	at com.kms.katalon.core.main.TestCaseMain$startTestSuite$0.call(Unknown Source)
	at TempTestSuite1595408865749.run(TempTestSuite1595408865749.groovy:39)


2020-07-22 16:09:34 - [TEST_STEP][PASSED] - Go to IST: Go to IST

2020-07-22 16:09:34 - [MESSAGE][INFO] - Starting 'Chrome' driver

2020-07-22 16:09:34 - [MESSAGE][INFO] - Action delay is set to 0 milliseconds

2020-07-22 16:09:35 - [MESSAGE][PASSED] - Browser is opened with url: ''

2020-07-22 16:09:37 - [MESSAGE][PASSED] - Navigate to 'https://dev-istools.homecredit.id/foundation/login.zul' successfully

2020-07-22 16:09:37 - [MESSAGE][PASSED] - Go to IST

2020-07-22 16:09:37 - [TEST_STEP][PASSED] - Login IST with valid credentials: Login IST with valid credentials

2020-07-22 16:09:38 - [MESSAGE][PASSED] - Text 'mobile.test' is set on object 'Object Repository/Page_/input_Username_j_username'

2020-07-22 16:09:38 - [MESSAGE][PASSED] - Text ****** has been set on object 'Object Repository/Page_/input_Password_j_password'

2020-07-22 16:09:40 - [MESSAGE][PASSED] - Object: 'Object Repository/Page_/button_Login' is clicked on

2020-07-22 16:09:40 - [MESSAGE][PASSED] - Login IST with valid credentials

2020-07-22 16:09:40 - [TEST_STEP][PASSED] - Login Success for contract dispatcher: Login Success for contract dispatcher

2020-07-22 16:09:40 - [MESSAGE][INFO] - Login Success

2020-07-22 16:09:40 - [MESSAGE][PASSED] - Current window maximized

2020-07-22 16:09:40 - [MESSAGE][PASSED] - Object 'Object Repository/Page_/h1_Welcome to IT Supporting Tools' is present

2020-07-22 16:09:40 - [MESSAGE][PASSED] - Login Success for contract dispatcher

2020-07-22 16:09:40 - [TEST_STEP][PASSED] - Select Menu "Contract Dispatcher": Select Menu "Contract Dispatcher"

2020-07-22 16:09:41 - [MESSAGE][PASSED] - Object '' is present

2020-07-22 16:09:41 - [MESSAGE][PASSED] - Object: '' is clicked on

2020-07-22 16:09:41 - [MESSAGE][PASSED] - Wait for page load successfully

2020-07-22 16:09:41 - [MESSAGE][PASSED] - Select Menu "Contract Dispatcher"

2020-07-22 16:09:41 - [TEST_STEP][PASSED] - Select Contract Number based on Type Contract "TWO_WHEELERS": Select Contract Number based on Type Contract "TWO_WHEELERS"

2020-07-22 16:09:44 - [MESSAGE][PASSED] - Object '' is present

2020-07-22 16:09:44 - [MESSAGE][PASSED] - Object '' is present

2020-07-22 16:09:45 - [MESSAGE][PASSED] - Object: '' is clicked on

2020-07-22 16:09:45 - [MESSAGE][PASSED] - Object '' is checked

2020-07-22 16:09:45 - [MESSAGE][PASSED] - Select Contract Number based on Type Contract "TWO_WHEELERS"

2020-07-22 16:09:45 - [TEST_STEP][PASSED] - Click button "Claim": Click button "Claim"

2020-07-22 16:09:45 - [MESSAGE][INFO] - >>>>>//Button[contains(text(),'Claim')]

2020-07-22 16:09:48 - [MESSAGE][PASSED] - Object: '' is clicked on

2020-07-22 16:09:48 - [MESSAGE][PASSED] - Click button "Claim"

2020-07-22 16:09:48 - [TEST_STEP][PASSED] - Varify the mistake detail already match with the matrix Base on Type Contract: Varify the mistake detail already match with the matrix Base on Type Contract

2020-07-22 16:09:52 - [MESSAGE][PASSED] - Object '' is present

2020-07-22 16:09:52 - [MESSAGE][PASSED] - Object: '' is clicked on

2020-07-22 16:09:53 - [MESSAGE][PASSED] - Object '' is present

2020-07-22 16:09:53 - [MESSAGE][PASSED] - Object '' is not checked

2020-07-22 16:09:53 - [MESSAGE][PASSED] - Object '' is present

2020-07-22 16:09:54 - [MESSAGE][PASSED] - Object '' is not checked

2020-07-22 16:09:54 - [MESSAGE][PASSED] - Object '' is present

2020-07-22 16:09:54 - [MESSAGE][PASSED] - Object '' is not checked

2020-07-22 16:09:55 - [MESSAGE][PASSED] - Object '' is present

2020-07-22 16:09:55 - [MESSAGE][PASSED] - Object '' is not checked

2020-07-22 16:09:55 - [MESSAGE][PASSED] - Object '' is present

2020-07-22 16:09:55 - [MESSAGE][PASSED] - Object '' is not checked

2020-07-22 16:09:56 - [MESSAGE][PASSED] - Object '' is present

2020-07-22 16:09:56 - [MESSAGE][PASSED] - Object '' is not checked

2020-07-22 16:09:56 - [MESSAGE][PASSED] - Object '' is present

2020-07-22 16:09:57 - [MESSAGE][PASSED] - Object '' is not checked

2020-07-22 16:09:57 - [MESSAGE][PASSED] - Object '' is present

2020-07-22 16:09:57 - [MESSAGE][PASSED] - Object '' is not checked

2020-07-22 16:09:58 - [MESSAGE][PASSED] - Object '' is present

2020-07-22 16:09:58 - [MESSAGE][PASSED] - Object '' is not checked

2020-07-22 16:09:58 - [MESSAGE][PASSED] - Object '' is present

2020-07-22 16:09:58 - [MESSAGE][PASSED] - Object '' is not checked

2020-07-22 16:09:59 - [MESSAGE][PASSED] - Object '' is present

2020-07-22 16:09:59 - [MESSAGE][PASSED] - Object '' is not checked

2020-07-22 16:09:59 - [MESSAGE][PASSED] - Object '' is present

2020-07-22 16:10:00 - [MESSAGE][PASSED] - Object '' is not checked

2020-07-22 16:10:00 - [MESSAGE][PASSED] - Object '' is present

2020-07-22 16:10:00 - [MESSAGE][PASSED] - Object '' is not checked

2020-07-22 16:10:00 - [MESSAGE][PASSED] - Object '' is present

2020-07-22 16:10:01 - [MESSAGE][PASSED] - Object '' is not checked

2020-07-22 16:10:01 - [MESSAGE][PASSED] - Object '' is present

2020-07-22 16:10:01 - [MESSAGE][PASSED] - Object '' is not checked

2020-07-22 16:10:01 - [MESSAGE][PASSED] - Object '' is present

2020-07-22 16:10:02 - [MESSAGE][PASSED] - Object '' is not checked

2020-07-22 16:10:02 - [MESSAGE][PASSED] - Object '' is present

2020-07-22 16:10:02 - [MESSAGE][PASSED] - Object '' is not checked

2020-07-22 16:10:03 - [MESSAGE][PASSED] - Object '' is present

2020-07-22 16:10:03 - [MESSAGE][PASSED] - Object '' is not checked

2020-07-22 16:10:03 - [MESSAGE][PASSED] - Object '' is present

2020-07-22 16:10:04 - [MESSAGE][PASSED] - Object '' is not checked

2020-07-22 16:10:04 - [MESSAGE][PASSED] - Object '' is present

2020-07-22 16:10:04 - [MESSAGE][PASSED] - Object '' is not checked

2020-07-22 16:10:05 - [MESSAGE][PASSED] - Object '' is present

2020-07-22 16:10:05 - [MESSAGE][PASSED] - Object: '' is clicked on

2020-07-22 16:10:05 - [MESSAGE][PASSED] - Object '' is present

2020-07-22 16:10:06 - [MESSAGE][PASSED] - Object '' is not checked

2020-07-22 16:10:06 - [MESSAGE][PASSED] - Object '' is present

2020-07-22 16:10:07 - [MESSAGE][PASSED] - Object '' is not checked

2020-07-22 16:10:07 - [MESSAGE][PASSED] - Object '' is present

2020-07-22 16:10:07 - [MESSAGE][PASSED] - Object '' is not checked

2020-07-22 16:10:07 - [MESSAGE][PASSED] - Object '' is present

2020-07-22 16:10:08 - [MESSAGE][PASSED] - Object '' is not checked

2020-07-22 16:10:08 - [MESSAGE][PASSED] - Object '' is present

2020-07-22 16:10:08 - [MESSAGE][PASSED] - Object '' is not checked

2020-07-22 16:10:08 - [MESSAGE][PASSED] - Object '' is present

2020-07-22 16:10:09 - [MESSAGE][PASSED] - Object '' is not checked

2020-07-22 16:10:09 - [MESSAGE][PASSED] - Object '' is present

2020-07-22 16:10:09 - [MESSAGE][PASSED] - Object: '' is clicked on

2020-07-22 16:10:10 - [MESSAGE][PASSED] - Object '' is present

2020-07-22 16:10:10 - [MESSAGE][PASSED] - Object '' is not checked

2020-07-22 16:10:10 - [MESSAGE][PASSED] - Object '' is present

2020-07-22 16:10:11 - [MESSAGE][PASSED] - Object '' is not checked

2020-07-22 16:10:11 - [MESSAGE][PASSED] - Object '' is present

2020-07-22 16:10:11 - [MESSAGE][PASSED] - Object '' is not checked

2020-07-22 16:10:12 - [MESSAGE][PASSED] - Object '' is present

2020-07-22 16:10:12 - [MESSAGE][PASSED] - Object: '' is clicked on

2020-07-22 16:10:12 - [MESSAGE][PASSED] - Object '' is present

2020-07-22 16:10:13 - [MESSAGE][PASSED] - Object '' is not checked

2020-07-22 16:10:13 - [MESSAGE][PASSED] - Object '' is present

2020-07-22 16:10:13 - [MESSAGE][PASSED] - Object '' is not checked

2020-07-22 16:10:14 - [MESSAGE][PASSED] - Object '' is present

2020-07-22 16:10:14 - [MESSAGE][PASSED] - Object '' is not checked

2020-07-22 16:10:14 - [MESSAGE][PASSED] - Object '' is present

2020-07-22 16:10:14 - [MESSAGE][PASSED] - Object '' is not checked

2020-07-22 16:10:15 - [MESSAGE][PASSED] - Object '' is present

2020-07-22 16:10:15 - [MESSAGE][PASSED] - Object '' is not checked

2020-07-22 16:10:15 - [MESSAGE][PASSED] - Object '' is present

2020-07-22 16:10:15 - [MESSAGE][PASSED] - Object '' is not checked

2020-07-22 16:10:16 - [MESSAGE][PASSED] - Object '' is present

2020-07-22 16:10:16 - [MESSAGE][PASSED] - Object '' is not checked

2020-07-22 16:10:16 - [MESSAGE][PASSED] - Object '' is present

2020-07-22 16:10:16 - [MESSAGE][PASSED] - Object: '' is clicked on

2020-07-22 16:10:17 - [MESSAGE][PASSED] - Object '' is present

2020-07-22 16:10:17 - [MESSAGE][PASSED] - Object '' is not checked

2020-07-22 16:10:17 - [MESSAGE][PASSED] - Object '' is present

2020-07-22 16:10:18 - [MESSAGE][PASSED] - Object '' is not checked

2020-07-22 16:10:18 - [MESSAGE][PASSED] - Object '' is present

2020-07-22 16:10:18 - [MESSAGE][PASSED] - Object '' is not checked

2020-07-22 16:10:19 - [MESSAGE][PASSED] - Object '' is present

2020-07-22 16:10:19 - [MESSAGE][PASSED] - Object '' is not checked

2020-07-22 16:10:19 - [MESSAGE][PASSED] - Object '' is present

2020-07-22 16:10:20 - [MESSAGE][PASSED] - Object '' is not checked

2020-07-22 16:10:20 - [MESSAGE][PASSED] - Object '' is present

2020-07-22 16:10:20 - [MESSAGE][PASSED] - Object '' is not checked

2020-07-22 16:10:20 - [MESSAGE][PASSED] - Object '' is present

2020-07-22 16:10:21 - [MESSAGE][PASSED] - Object '' is not checked

2020-07-22 16:10:21 - [MESSAGE][PASSED] - Object '' is present

2020-07-22 16:10:21 - [MESSAGE][PASSED] - Object: '' is clicked on

2020-07-22 16:10:22 - [MESSAGE][PASSED] - Object '' is present

2020-07-22 16:10:22 - [MESSAGE][PASSED] - Object '' is not checked

2020-07-22 16:10:23 - [MESSAGE][PASSED] - Object '' is present

2020-07-22 16:10:23 - [MESSAGE][PASSED] - Object '' is not checked

2020-07-22 16:10:23 - [MESSAGE][PASSED] - Object '' is present

2020-07-22 16:10:24 - [MESSAGE][PASSED] - Object '' is not checked

2020-07-22 16:10:24 - [MESSAGE][PASSED] - Object '' is present

2020-07-22 16:10:24 - [MESSAGE][PASSED] - Object '' is not checked

2020-07-22 16:10:24 - [MESSAGE][PASSED] - Object '' is present

2020-07-22 16:10:25 - [MESSAGE][PASSED] - Object: '' is clicked on

2020-07-22 16:10:25 - [MESSAGE][PASSED] - Object '' is present

2020-07-22 16:10:25 - [MESSAGE][PASSED] - Object '' is not checked

2020-07-22 16:10:26 - [MESSAGE][PASSED] - Object '' is present

2020-07-22 16:10:26 - [MESSAGE][PASSED] - Object '' is not checked

2020-07-22 16:10:26 - [MESSAGE][PASSED] - Object '' is present

2020-07-22 16:10:27 - [MESSAGE][PASSED] - Object '' is not checked

2020-07-22 16:10:27 - [MESSAGE][PASSED] - Object '' is present

2020-07-22 16:10:27 - [MESSAGE][PASSED] - Object: '' is clicked on

2020-07-22 16:10:28 - [MESSAGE][PASSED] - Object '' is present

2020-07-22 16:10:28 - [MESSAGE][PASSED] - Object '' is not checked

2020-07-22 16:10:28 - [MESSAGE][PASSED] - Object '' is present

2020-07-22 16:10:29 - [MESSAGE][PASSED] - Object '' is not checked

2020-07-22 16:10:29 - [MESSAGE][PASSED] - Object '' is present

2020-07-22 16:10:29 - [MESSAGE][PASSED] - Object '' is not checked

2020-07-22 16:10:29 - [MESSAGE][PASSED] - Object '' is present

2020-07-22 16:10:30 - [MESSAGE][PASSED] - Object: '' is clicked on

2020-07-22 16:10:30 - [MESSAGE][PASSED] - Object '' is present

2020-07-22 16:10:31 - [MESSAGE][PASSED] - Object '' is not checked

2020-07-22 16:10:31 - [MESSAGE][PASSED] - Object '' is present

2020-07-22 16:10:31 - [MESSAGE][PASSED] - Object '' is not checked

2020-07-22 16:10:31 - [MESSAGE][PASSED] - Object '' is present

2020-07-22 16:10:32 - [MESSAGE][PASSED] - Object '' is not checked

2020-07-22 16:10:32 - [MESSAGE][PASSED] - Object '' is present

2020-07-22 16:10:32 - [MESSAGE][PASSED] - Object '' is not checked

2020-07-22 16:10:33 - [MESSAGE][PASSED] - Object '' is present

2020-07-22 16:10:33 - [MESSAGE][PASSED] - Object: '' is clicked on

2020-07-22 16:10:33 - [MESSAGE][PASSED] - Object '' is present

2020-07-22 16:10:34 - [MESSAGE][PASSED] - Object '' is not checked

2020-07-22 16:10:34 - [MESSAGE][PASSED] - Object '' is present

2020-07-22 16:10:34 - [MESSAGE][PASSED] - Object '' is not checked

2020-07-22 16:10:35 - [MESSAGE][PASSED] - Object '' is present

2020-07-22 16:10:35 - [MESSAGE][PASSED] - Object '' is not checked

2020-07-22 16:10:35 - [MESSAGE][PASSED] - Object '' is present

2020-07-22 16:10:36 - [MESSAGE][PASSED] - Object '' is not checked

2020-07-22 16:10:36 - [MESSAGE][PASSED] - Object '' is present

2020-07-22 16:10:36 - [MESSAGE][PASSED] - Object '' is not checked

2020-07-22 16:10:37 - [MESSAGE][PASSED] - Object '' is present

2020-07-22 16:10:37 - [MESSAGE][PASSED] - Object '' is not checked

2020-07-22 16:10:37 - [MESSAGE][PASSED] - Object '' is present

2020-07-22 16:10:37 - [MESSAGE][PASSED] - Object '' is not checked

2020-07-22 16:10:38 - [MESSAGE][PASSED] - Object '' is present

2020-07-22 16:10:38 - [MESSAGE][PASSED] - Object: '' is clicked on

2020-07-22 16:10:39 - [MESSAGE][PASSED] - Object '' is present

2020-07-22 16:10:39 - [MESSAGE][PASSED] - Object '' is not checked

2020-07-22 16:10:39 - [MESSAGE][PASSED] - Object '' is present

2020-07-22 16:10:40 - [MESSAGE][PASSED] - Object '' is not checked

2020-07-22 16:10:40 - [MESSAGE][PASSED] - Object '' is present

2020-07-22 16:10:40 - [MESSAGE][PASSED] - Object '' is not checked

2020-07-22 16:10:40 - [MESSAGE][PASSED] - Object '' is present

2020-07-22 16:10:41 - [MESSAGE][PASSED] - Object '' is not checked

2020-07-22 16:10:41 - [MESSAGE][PASSED] - Object '' is present

2020-07-22 16:10:42 - [MESSAGE][PASSED] - Object '' is not checked

2020-07-22 16:10:42 - [MESSAGE][PASSED] - Object '' is present

2020-07-22 16:10:42 - [MESSAGE][PASSED] - Object '' is not checked

2020-07-22 16:10:43 - [MESSAGE][PASSED] - Object '' is present

2020-07-22 16:10:43 - [MESSAGE][PASSED] - Object '' is not checked

2020-07-22 16:10:43 - [MESSAGE][PASSED] - Object: '' is clicked on

2020-07-22 16:10:43 - [MESSAGE][PASSED] - Object: '' is clicked on

2020-07-22 16:10:44 - [MESSAGE][PASSED] - Object: '' is clicked on

2020-07-22 16:10:44 - [MESSAGE][PASSED] - Object '' is present

2020-07-22 16:10:44 - [MESSAGE][PASSED] - Object: '' is clicked on

2020-07-22 16:10:45 - [MESSAGE][PASSED] - Object '' is present

2020-07-22 16:10:45 - [MESSAGE][PASSED] - Object '' is not checked

2020-07-22 16:10:45 - [MESSAGE][PASSED] - Object '' is present

2020-07-22 16:10:45 - [MESSAGE][PASSED] - Object '' is not checked

2020-07-22 16:10:46 - [MESSAGE][PASSED] - Object '' is present

2020-07-22 16:10:46 - [MESSAGE][PASSED] - Object: '' is clicked on

2020-07-22 16:10:46 - [MESSAGE][PASSED] - Object '' is present

2020-07-22 16:10:47 - [MESSAGE][PASSED] - Object '' is not checked

2020-07-22 16:10:47 - [MESSAGE][PASSED] - Object '' is present

2020-07-22 16:10:47 - [MESSAGE][PASSED] - Object '' is not checked

2020-07-22 16:10:48 - [MESSAGE][PASSED] - Object '' is present

2020-07-22 16:10:48 - [MESSAGE][PASSED] - Object '' is not checked

2020-07-22 16:10:48 - [MESSAGE][PASSED] - Object '' is present

2020-07-22 16:10:48 - [MESSAGE][PASSED] - Object '' is not checked

2020-07-22 16:10:49 - [MESSAGE][PASSED] - Object '' is present

2020-07-22 16:10:49 - [MESSAGE][PASSED] - Object: '' is clicked on

2020-07-22 16:10:49 - [MESSAGE][PASSED] - Object '' is present

2020-07-22 16:10:50 - [MESSAGE][PASSED] - Object '' is not checked

2020-07-22 16:10:50 - [MESSAGE][PASSED] - Object '' is present

2020-07-22 16:10:50 - [MESSAGE][PASSED] - Object '' is not checked

2020-07-22 16:10:51 - [MESSAGE][PASSED] - Object '' is present

2020-07-22 16:10:51 - [MESSAGE][PASSED] - Object '' is not checked

2020-07-22 16:10:51 - [MESSAGE][PASSED] - Object '' is present

2020-07-22 16:10:51 - [MESSAGE][PASSED] - Object '' is not checked

2020-07-22 16:10:52 - [MESSAGE][PASSED] - Object '' is present

2020-07-22 16:10:52 - [MESSAGE][PASSED] - Object '' is not checked

2020-07-22 16:10:52 - [MESSAGE][PASSED] - Object: '' is clicked on

2020-07-22 16:10:53 - [MESSAGE][PASSED] - Object: '' is clicked on

2020-07-22 16:10:53 - [MESSAGE][PASSED] - Object: '' is clicked on

2020-07-22 16:10:53 - [MESSAGE][PASSED] - Varify the mistake detail already match with the matrix Base on Type Contract

2020-07-22 16:10:53 - [TEST_STEP][PASSED] - Click button "Save": Click button "Save"

2020-07-22 16:10:53 - [MESSAGE][INFO] - >>>>>//Button[contains(text(),'Save')]

2020-07-22 16:10:56 - [MESSAGE][PASSED] - Object: '' is clicked on

2020-07-22 16:10:56 - [MESSAGE][PASSED] - Click button "Save"

2020-07-22 16:10:56 - [TEST_STEP][PASSED] - Get text from pop up "Confirmation Stop" with text "Are you sure?": Get text from pop up "Confirmation Stop" with text "Are you sure?"

2020-07-22 16:10:57 - [MESSAGE][PASSED] - Object '' is present

2020-07-22 16:10:57 - [MESSAGE][PASSED] - Wait for page load successfully

2020-07-22 16:10:57 - [MESSAGE][PASSED] - Wait for page load successfully

2020-07-22 16:10:57 - [MESSAGE][PASSED] - Get text from pop up "Confirmation Stop" with text "Are you sure?"

2020-07-22 16:10:57 - [TEST_STEP][PASSED] - Click button "OK": Click button "OK"

2020-07-22 16:10:57 - [MESSAGE][INFO] - >>>>>//Button[contains(text(),'OK')]

2020-07-22 16:11:00 - [MESSAGE][PASSED] - Object: '' is clicked on

2020-07-22 16:11:00 - [MESSAGE][PASSED] - Click button "OK"

2020-07-22 16:11:00 - [TEST_STEP][FAILED] - Click button "Logout": Click button "Logout" FAILED.
Reason:
com.kms.katalon.core.exception.StepFailedException: Unable to click on object ''
	at com.kms.katalon.core.webui.keyword.internal.WebUIKeywordMain.stepFailed(WebUIKeywordMain.groovy:64)
	at com.kms.katalon.core.webui.keyword.internal.WebUIKeywordMain.runKeyword(WebUIKeywordMain.groovy:26)
	at com.kms.katalon.core.webui.keyword.builtin.ClickKeyword.click(ClickKeyword.groovy:76)
	at com.kms.katalon.core.webui.keyword.builtin.ClickKeyword.execute(ClickKeyword.groovy:43)
	at com.kms.katalon.core.keyword.internal.KeywordExecutor.executeKeywordForPlatform(KeywordExecutor.groovy:73)
	at com.kms.katalon.core.webui.keyword.WebUiBuiltInKeywords.click(WebUiBuiltInKeywords.groovy:616)
	at com.kms.katalon.core.webui.keyword.WebUiBuiltInKeywords$click$3.call(Unknown Source)
	at ist_real.Contract_Dispatcher.ClickButton(Contract_Dispatcher.groovy:360)
	at ✽.Click button "Logout"(/Users/chaidir.pratama01/Katalon Studio/IST_Automation_Git/Include/features/IST_Real/CONTRACT_DISPATCHER_TWO_WHEELERS/DEV/Claim_Contract_Two_Wheelers_then_Save_it_Without_Register_Any_Mistakes.feature:37)
Caused by: org.openqa.selenium.ElementClickInterceptedException: element click intercepted: Element <button type="button" id="pOAQd" class="btn-danger btn-sm btn">...</button> is not clickable at point (1626, 55). Other element would receive the click: <div id="pOAQiy1-mask" class="z-modal-mask" style="z-index: 1800; left: 0px; top: 0px; width: 1680px; height: 855px; display: block;"></div>
  (Session info: chrome=84.0.4147.89)
Build info: version: '3.141.59', revision: 'e82be7d358', time: '2018-11-14T08:25:53'
System info: host: 'M-Chaidir-Pratama.local', ip: 'fe80:0:0:0:466:66fd:4850:23be%en0', os.name: 'Mac OS X', os.arch: 'x86_64', os.version: '10.15', java.version: '1.8.0_181'
Driver info: com.kms.katalon.selenium.driver.CChromeDriver
Capabilities {acceptInsecureCerts: false, browserName: chrome, browserVersion: 84.0.4147.89, chrome: {chromedriverVersion: 84.0.4147.30 (48b3e868b4cc0..., userDataDir: /var/folders/0s/4_d154xd6dq...}, goog:chromeOptions: {debuggerAddress: localhost:62395}, javascriptEnabled: true, networkConnectionEnabled: false, pageLoadStrategy: normal, platform: MAC, platformName: MAC, proxy: Proxy(), setWindowRect: true, strictFileInteractability: false, timeouts: {implicit: 0, pageLoad: 300000, script: 30000}, unhandledPromptBehavior: dismiss and notify, webauthn:virtualAuthenticators: true}
Session ID: 30500ebb7586310c8386e0822ff290cc
	at org.openqa.selenium.remote.http.W3CHttpResponseCodec.createException(W3CHttpResponseCodec.java:187)
	at org.openqa.selenium.remote.http.W3CHttpResponseCodec.decode(W3CHttpResponseCodec.java:122)
	at org.openqa.selenium.remote.http.W3CHttpResponseCodec.decode(W3CHttpResponseCodec.java:49)
	at org.openqa.selenium.remote.HttpCommandExecutor.execute(HttpCommandExecutor.java:158)
	at org.openqa.selenium.remote.service.DriverCommandExecutor.execute(DriverCommandExecutor.java:83)
	at org.openqa.selenium.remote.RemoteWebDriver.execute(RemoteWebDriver.java:552)
	at com.kms.katalon.selenium.driver.CChromeDriver.execute(CChromeDriver.java:19)
	at org.openqa.selenium.remote.RemoteWebElement.execute(RemoteWebElement.java:285)
	at org.openqa.selenium.remote.RemoteWebElement.click(RemoteWebElement.java:84)
	at org.openqa.selenium.support.events.EventFiringWebDriver$EventFiringWebElement.lambda$new$0(EventFiringWebDriver.java:404)
	at com.sun.proxy.$Proxy19.click(Unknown Source)
	at org.openqa.selenium.support.events.EventFiringWebDriver$EventFiringWebElement.click(EventFiringWebDriver.java:417)
	at com.kms.katalon.core.webui.keyword.builtin.ClickKeyword$_click_closure1.doCall(ClickKeyword.groovy:69)
	at com.kms.katalon.core.webui.keyword.builtin.ClickKeyword$_click_closure1.call(ClickKeyword.groovy)
	at com.kms.katalon.core.webui.keyword.internal.WebUIKeywordMain.runKeyword(WebUIKeywordMain.groovy:20)
	at com.kms.katalon.core.webui.keyword.builtin.ClickKeyword.click(ClickKeyword.groovy:76)
	at com.kms.katalon.core.webui.keyword.builtin.ClickKeyword.execute(ClickKeyword.groovy:43)
	at com.kms.katalon.core.keyword.internal.KeywordExecutor.executeKeywordForPlatform(KeywordExecutor.groovy:73)
	at com.kms.katalon.core.webui.keyword.WebUiBuiltInKeywords.click(WebUiBuiltInKeywords.groovy:616)
	at com.kms.katalon.core.webui.keyword.WebUiBuiltInKeywords$click$3.call(Unknown Source)
	at ist_real.Contract_Dispatcher.ClickButton(Contract_Dispatcher.groovy:360)
	at cucumber.runtime.Utils$1.call(Utils.java:26)
	at cucumber.runtime.Timeout.timeout(Timeout.java:16)
	at cucumber.runtime.Utils.invoke(Utils.java:20)
	at cucumber.runtime.java.JavaStepDefinition.execute(JavaStepDefinition.java:48)
	at cucumber.runtime.PickleStepDefinitionMatch.runStep(PickleStepDefinitionMatch.java:50)
	at cucumber.runner.TestStep.executeStep(TestStep.java:55)
	at cucumber.runner.TestStep.run(TestStep.java:42)
	at cucumber.runner.PickleStepTestStep.run(PickleStepTestStep.java:53)
	at cucumber.runner.TestCase.run(TestCase.java:47)
	at cucumber.runner.Runner.runPickle(Runner.java:44)
	at cucumber.runtime.Runtime.runFeature(Runtime.java:120)
	at cucumber.runtime.Runtime.run(Runtime.java:106)
	at cucumber.api.cli.Main.run(Main.java:35)
	at cucumber.api.cli.Main$run.call(Unknown Source)
	at com.kms.katalon.core.cucumber.keyword.CucumberBuiltinKeywords$_runFeatureFile_closure1.doCall(CucumberBuiltinKeywords.groovy:76)
	at com.kms.katalon.core.cucumber.keyword.CucumberBuiltinKeywords$_runFeatureFile_closure1.doCall(CucumberBuiltinKeywords.groovy)
	at com.kms.katalon.core.keyword.internal.KeywordMain.runKeyword(KeywordMain.groovy:68)
	at com.kms.katalon.core.keyword.internal.KeywordMain$runKeyword.call(Unknown Source)
	at com.kms.katalon.core.cucumber.keyword.CucumberBuiltinKeywords.runFeatureFile(CucumberBuiltinKeywords.groovy:46)
	at com.kms.katalon.core.cucumber.keyword.CucumberBuiltinKeywords$runFeatureFile$0.callStatic(Unknown Source)
	at com.kms.katalon.core.cucumber.keyword.CucumberBuiltinKeywords.runFeatureFile(CucumberBuiltinKeywords.groovy:169)
	at com.kms.katalon.core.cucumber.keyword.CucumberBuiltinKeywords$runFeatureFile.call(Unknown Source)
	at Claim_Contract_Two_Wheelers_then_Save_it_Without_Register_Any_Mistakes.run(Claim_Contract_Two_Wheelers_then_Save_it_Without_Register_Any_Mistakes:16)
	at com.kms.katalon.core.main.ScriptEngine.run(ScriptEngine.java:194)
	at com.kms.katalon.core.main.ScriptEngine.runScriptAsRawText(ScriptEngine.java:119)
	at com.kms.katalon.core.main.TestCaseExecutor.runScript(TestCaseExecutor.java:339)
	at com.kms.katalon.core.main.TestCaseExecutor.doExecute(TestCaseExecutor.java:330)
	at com.kms.katalon.core.main.TestCaseExecutor.processExecutionPhase(TestCaseExecutor.java:309)
	at com.kms.katalon.core.main.TestCaseExecutor.accessMainPhase(TestCaseExecutor.java:301)
	at com.kms.katalon.core.main.TestCaseExecutor.execute(TestCaseExecutor.java:235)
	at com.kms.katalon.core.main.TestSuiteExecutor.accessTestCaseMainPhase(TestSuiteExecutor.java:191)
	at com.kms.katalon.core.main.TestSuiteExecutor.accessTestSuiteMainPhase(TestSuiteExecutor.java:141)
	at com.kms.katalon.core.main.TestSuiteExecutor.execute(TestSuiteExecutor.java:90)
	at com.kms.katalon.core.main.TestCaseMain.startTestSuite(TestCaseMain.java:157)
	at com.kms.katalon.core.main.TestCaseMain$startTestSuite$0.call(Unknown Source)
	at TempTestSuite1595408865749.run(TempTestSuite1595408865749.groovy:39)


2020-07-22 16:11:00 - [MESSAGE][INFO] - >>>>>//Button[contains(text(),'Logout')]

2020-07-22 16:11:05 - [MESSAGE][FAILED] - Unable to click on object '' (Root cause: com.kms.katalon.core.exception.StepFailedException: Unable to click on object ''
	at com.kms.katalon.core.webui.keyword.internal.WebUIKeywordMain.stepFailed(WebUIKeywordMain.groovy:64)
	at com.kms.katalon.core.webui.keyword.internal.WebUIKeywordMain.runKeyword(WebUIKeywordMain.groovy:26)
	at com.kms.katalon.core.webui.keyword.builtin.ClickKeyword.click(ClickKeyword.groovy:76)
	at com.kms.katalon.core.webui.keyword.builtin.ClickKeyword.execute(ClickKeyword.groovy:43)
	at com.kms.katalon.core.keyword.internal.KeywordExecutor.executeKeywordForPlatform(KeywordExecutor.groovy:73)
	at com.kms.katalon.core.webui.keyword.WebUiBuiltInKeywords.click(WebUiBuiltInKeywords.groovy:616)
	at com.kms.katalon.core.webui.keyword.WebUiBuiltInKeywords$click$3.call(Unknown Source)
	at ist_real.Contract_Dispatcher.ClickButton(Contract_Dispatcher.groovy:360)
	at cucumber.runtime.Utils$1.call(Utils.java:26)
	at cucumber.runtime.Timeout.timeout(Timeout.java:16)
	at cucumber.runtime.Utils.invoke(Utils.java:20)
	at cucumber.runtime.java.JavaStepDefinition.execute(JavaStepDefinition.java:48)
	at cucumber.runtime.PickleStepDefinitionMatch.runStep(PickleStepDefinitionMatch.java:50)
	at cucumber.runner.TestStep.executeStep(TestStep.java:55)
	at cucumber.runner.TestStep.run(TestStep.java:42)
	at cucumber.runner.PickleStepTestStep.run(PickleStepTestStep.java:53)
	at cucumber.runner.TestCase.run(TestCase.java:47)
	at cucumber.runner.Runner.runPickle(Runner.java:44)
	at cucumber.runtime.Runtime.runFeature(Runtime.java:120)
	at cucumber.runtime.Runtime.run(Runtime.java:106)
	at cucumber.api.cli.Main.run(Main.java:35)
	at cucumber.api.cli.Main$run.call(Unknown Source)
	at com.kms.katalon.core.cucumber.keyword.CucumberBuiltinKeywords$_runFeatureFile_closure1.doCall(CucumberBuiltinKeywords.groovy:76)
	at com.kms.katalon.core.cucumber.keyword.CucumberBuiltinKeywords$_runFeatureFile_closure1.doCall(CucumberBuiltinKeywords.groovy)
	at com.kms.katalon.core.keyword.internal.KeywordMain.runKeyword(KeywordMain.groovy:68)
	at com.kms.katalon.core.keyword.internal.KeywordMain$runKeyword.call(Unknown Source)
	at com.kms.katalon.core.cucumber.keyword.CucumberBuiltinKeywords.runFeatureFile(CucumberBuiltinKeywords.groovy:46)
	at com.kms.katalon.core.cucumber.keyword.CucumberBuiltinKeywords$runFeatureFile$0.callStatic(Unknown Source)
	at com.kms.katalon.core.cucumber.keyword.CucumberBuiltinKeywords.runFeatureFile(CucumberBuiltinKeywords.groovy:169)
	at com.kms.katalon.core.cucumber.keyword.CucumberBuiltinKeywords$runFeatureFile.call(Unknown Source)
	at Claim_Contract_Two_Wheelers_then_Save_it_Without_Register_Any_Mistakes.run(Claim_Contract_Two_Wheelers_then_Save_it_Without_Register_Any_Mistakes:16)
	at com.kms.katalon.core.main.ScriptEngine.run(ScriptEngine.java:194)
	at com.kms.katalon.core.main.ScriptEngine.runScriptAsRawText(ScriptEngine.java:119)
	at com.kms.katalon.core.main.TestCaseExecutor.runScript(TestCaseExecutor.java:339)
	at com.kms.katalon.core.main.TestCaseExecutor.doExecute(TestCaseExecutor.java:330)
	at com.kms.katalon.core.main.TestCaseExecutor.processExecutionPhase(TestCaseExecutor.java:309)
	at com.kms.katalon.core.main.TestCaseExecutor.accessMainPhase(TestCaseExecutor.java:301)
	at com.kms.katalon.core.main.TestCaseExecutor.execute(TestCaseExecutor.java:235)
	at com.kms.katalon.core.main.TestSuiteExecutor.accessTestCaseMainPhase(TestSuiteExecutor.java:191)
	at com.kms.katalon.core.main.TestSuiteExecutor.accessTestSuiteMainPhase(TestSuiteExecutor.java:141)
	at com.kms.katalon.core.main.TestSuiteExecutor.execute(TestSuiteExecutor.java:90)
	at com.kms.katalon.core.main.TestCaseMain.startTestSuite(TestCaseMain.java:157)
	at com.kms.katalon.core.main.TestCaseMain$startTestSuite$0.call(Unknown Source)
	at TempTestSuite1595408865749.run(TempTestSuite1595408865749.groovy:39)
Caused by: org.openqa.selenium.ElementClickInterceptedException: element click intercepted: Element <button type="button" id="pOAQd" class="btn-danger btn-sm btn">...</button> is not clickable at point (1626, 55). Other element would receive the click: <div id="pOAQiy1-mask" class="z-modal-mask" style="z-index: 1800; left: 0px; top: 0px; width: 1680px; height: 855px; display: block;"></div>
  (Session info: chrome=84.0.4147.89)
Build info: version: '3.141.59', revision: 'e82be7d358', time: '2018-11-14T08:25:53'
System info: host: 'M-Chaidir-Pratama.local', ip: 'fe80:0:0:0:466:66fd:4850:23be%en0', os.name: 'Mac OS X', os.arch: 'x86_64', os.version: '10.15', java.version: '1.8.0_181'
Driver info: com.kms.katalon.selenium.driver.CChromeDriver
Capabilities {acceptInsecureCerts: false, browserName: chrome, browserVersion: 84.0.4147.89, chrome: {chromedriverVersion: 84.0.4147.30 (48b3e868b4cc0..., userDataDir: /var/folders/0s/4_d154xd6dq...}, goog:chromeOptions: {debuggerAddress: localhost:62395}, javascriptEnabled: true, networkConnectionEnabled: false, pageLoadStrategy: normal, platform: MAC, platformName: MAC, proxy: Proxy(), setWindowRect: true, strictFileInteractability: false, timeouts: {implicit: 0, pageLoad: 300000, script: 30000}, unhandledPromptBehavior: dismiss and notify, webauthn:virtualAuthenticators: true}
Session ID: 30500ebb7586310c8386e0822ff290cc
	at org.openqa.selenium.remote.http.W3CHttpResponseCodec.createException(W3CHttpResponseCodec.java:187)
	at org.openqa.selenium.remote.http.W3CHttpResponseCodec.decode(W3CHttpResponseCodec.java:122)
	at org.openqa.selenium.remote.http.W3CHttpResponseCodec.decode(W3CHttpResponseCodec.java:49)
	at org.openqa.selenium.remote.HttpCommandExecutor.execute(HttpCommandExecutor.java:158)
	at org.openqa.selenium.remote.service.DriverCommandExecutor.execute(DriverCommandExecutor.java:83)
	at org.openqa.selenium.remote.RemoteWebDriver.execute(RemoteWebDriver.java:552)
	at com.kms.katalon.selenium.driver.CChromeDriver.execute(CChromeDriver.java:19)
	at org.openqa.selenium.remote.RemoteWebElement.execute(RemoteWebElement.java:285)
	at org.openqa.selenium.remote.RemoteWebElement.click(RemoteWebElement.java:84)
	at org.openqa.selenium.support.events.EventFiringWebDriver$EventFiringWebElement.lambda$new$0(EventFiringWebDriver.java:404)
	at com.sun.proxy.$Proxy19.click(Unknown Source)
	at org.openqa.selenium.support.events.EventFiringWebDriver$EventFiringWebElement.click(EventFiringWebDriver.java:417)
	at com.kms.katalon.core.webui.keyword.builtin.ClickKeyword$_click_closure1.doCall(ClickKeyword.groovy:69)
	at com.kms.katalon.core.webui.keyword.builtin.ClickKeyword$_click_closure1.call(ClickKeyword.groovy)
	at com.kms.katalon.core.webui.keyword.internal.WebUIKeywordMain.runKeyword(WebUIKeywordMain.groovy:20)
	at com.kms.katalon.core.webui.keyword.builtin.ClickKeyword.click(ClickKeyword.groovy:76)
	at com.kms.katalon.core.webui.keyword.builtin.ClickKeyword.execute(ClickKeyword.groovy:43)
	at com.kms.katalon.core.keyword.internal.KeywordExecutor.executeKeywordForPlatform(KeywordExecutor.groovy:73)
	at com.kms.katalon.core.webui.keyword.WebUiBuiltInKeywords.click(WebUiBuiltInKeywords.groovy:616)
	at com.kms.katalon.core.webui.keyword.WebUiBuiltInKeywords$click$3.call(Unknown Source)
	at ist_real.Contract_Dispatcher.ClickButton(Contract_Dispatcher.groovy:360)
	at cucumber.runtime.Utils$1.call(Utils.java:26)
	at cucumber.runtime.Timeout.timeout(Timeout.java:16)
	at cucumber.runtime.Utils.invoke(Utils.java:20)
	at cucumber.runtime.java.JavaStepDefinition.execute(JavaStepDefinition.java:48)
	at cucumber.runtime.PickleStepDefinitionMatch.runStep(PickleStepDefinitionMatch.java:50)
	at cucumber.runner.TestStep.executeStep(TestStep.java:55)
	at cucumber.runner.TestStep.run(TestStep.java:42)
	at cucumber.runner.PickleStepTestStep.run(PickleStepTestStep.java:53)
	at cucumber.runner.TestCase.run(TestCase.java:47)
	at cucumber.runner.Runner.runPickle(Runner.java:44)
	at cucumber.runtime.Runtime.runFeature(Runtime.java:120)
	at cucumber.runtime.Runtime.run(Runtime.java:106)
	at cucumber.api.cli.Main.run(Main.java:35)
	at cucumber.api.cli.Main$run.call(Unknown Source)
	at com.kms.katalon.core.cucumber.keyword.CucumberBuiltinKeywords$_runFeatureFile_closure1.doCall(CucumberBuiltinKeywords.groovy:76)
	at com.kms.katalon.core.cucumber.keyword.CucumberBuiltinKeywords$_runFeatureFile_closure1.doCall(CucumberBuiltinKeywords.groovy)
	at com.kms.katalon.core.keyword.internal.KeywordMain.runKeyword(KeywordMain.groovy:68)
	at com.kms.katalon.core.keyword.internal.KeywordMain$runKeyword.call(Unknown Source)
	at com.kms.katalon.core.cucumber.keyword.CucumberBuiltinKeywords.runFeatureFile(CucumberBuiltinKeywords.groovy:46)
	at com.kms.katalon.core.cucumber.keyword.CucumberBuiltinKeywords$runFeatureFile$0.callStatic(Unknown Source)
	at com.kms.katalon.core.cucumber.keyword.CucumberBuiltinKeywords.runFeatureFile(CucumberBuiltinKeywords.groovy:169)
	at com.kms.katalon.core.cucumber.keyword.CucumberBuiltinKeywords$runFeatureFile.call(Unknown Source)
	at Script1582710666972.run(Script1582710666972.groovy:16)
	... 13 more
)
[[ATTACHMENT|/Users/chaidir.pratama01/Katalon Studio/IST_Automation_Git/Reports/20200722_160745/CONTRACT_DISPATCHER_TWO_WHEELERS/DEV/TS_Contract_Dispatcher_Two_Wheelers/20200722_160745/1595409065119.png]]

2020-07-22 16:11:05 - [MESSAGE][FAILED] - Click button "Logout" FAILED.
Reason:
com.kms.katalon.core.exception.StepFailedException: Unable to click on object ''
	at com.kms.katalon.core.webui.keyword.internal.WebUIKeywordMain.stepFailed(WebUIKeywordMain.groovy:64)
	at com.kms.katalon.core.webui.keyword.internal.WebUIKeywordMain.runKeyword(WebUIKeywordMain.groovy:26)
	at com.kms.katalon.core.webui.keyword.builtin.ClickKeyword.click(ClickKeyword.groovy:76)
	at com.kms.katalon.core.webui.keyword.builtin.ClickKeyword.execute(ClickKeyword.groovy:43)
	at com.kms.katalon.core.keyword.internal.KeywordExecutor.executeKeywordForPlatform(KeywordExecutor.groovy:73)
	at com.kms.katalon.core.webui.keyword.WebUiBuiltInKeywords.click(WebUiBuiltInKeywords.groovy:616)
	at com.kms.katalon.core.webui.keyword.WebUiBuiltInKeywords$click$3.call(Unknown Source)
	at ist_real.Contract_Dispatcher.ClickButton(Contract_Dispatcher.groovy:360)
	at ✽.Click button "Logout"(/Users/chaidir.pratama01/Katalon Studio/IST_Automation_Git/Include/features/IST_Real/CONTRACT_DISPATCHER_TWO_WHEELERS/DEV/Claim_Contract_Two_Wheelers_then_Save_it_Without_Register_Any_Mistakes.feature:37)
Caused by: org.openqa.selenium.ElementClickInterceptedException: element click intercepted: Element <button type="button" id="pOAQd" class="btn-danger btn-sm btn">...</button> is not clickable at point (1626, 55). Other element would receive the click: <div id="pOAQiy1-mask" class="z-modal-mask" style="z-index: 1800; left: 0px; top: 0px; width: 1680px; height: 855px; display: block;"></div>
  (Session info: chrome=84.0.4147.89)
Build info: version: '3.141.59', revision: 'e82be7d358', time: '2018-11-14T08:25:53'
System info: host: 'M-Chaidir-Pratama.local', ip: 'fe80:0:0:0:466:66fd:4850:23be%en0', os.name: 'Mac OS X', os.arch: 'x86_64', os.version: '10.15', java.version: '1.8.0_181'
Driver info: com.kms.katalon.selenium.driver.CChromeDriver
Capabilities {acceptInsecureCerts: false, browserName: chrome, browserVersion: 84.0.4147.89, chrome: {chromedriverVersion: 84.0.4147.30 (48b3e868b4cc0..., userDataDir: /var/folders/0s/4_d154xd6dq...}, goog:chromeOptions: {debuggerAddress: localhost:62395}, javascriptEnabled: true, networkConnectionEnabled: false, pageLoadStrategy: normal, platform: MAC, platformName: MAC, proxy: Proxy(), setWindowRect: true, strictFileInteractability: false, timeouts: {implicit: 0, pageLoad: 300000, script: 30000}, unhandledPromptBehavior: dismiss and notify, webauthn:virtualAuthenticators: true}
Session ID: 30500ebb7586310c8386e0822ff290cc
	at org.openqa.selenium.remote.http.W3CHttpResponseCodec.createException(W3CHttpResponseCodec.java:187)
	at org.openqa.selenium.remote.http.W3CHttpResponseCodec.decode(W3CHttpResponseCodec.java:122)
	at org.openqa.selenium.remote.http.W3CHttpResponseCodec.decode(W3CHttpResponseCodec.java:49)
	at org.openqa.selenium.remote.HttpCommandExecutor.execute(HttpCommandExecutor.java:158)
	at org.openqa.selenium.remote.service.DriverCommandExecutor.execute(DriverCommandExecutor.java:83)
	at org.openqa.selenium.remote.RemoteWebDriver.execute(RemoteWebDriver.java:552)
	at com.kms.katalon.selenium.driver.CChromeDriver.execute(CChromeDriver.java:19)
	at org.openqa.selenium.remote.RemoteWebElement.execute(RemoteWebElement.java:285)
	at org.openqa.selenium.remote.RemoteWebElement.click(RemoteWebElement.java:84)
	at org.openqa.selenium.support.events.EventFiringWebDriver$EventFiringWebElement.lambda$new$0(EventFiringWebDriver.java:404)
	at com.sun.proxy.$Proxy19.click(Unknown Source)
	at org.openqa.selenium.support.events.EventFiringWebDriver$EventFiringWebElement.click(EventFiringWebDriver.java:417)
	at com.kms.katalon.core.webui.keyword.builtin.ClickKeyword$_click_closure1.doCall(ClickKeyword.groovy:69)
	at com.kms.katalon.core.webui.keyword.builtin.ClickKeyword$_click_closure1.call(ClickKeyword.groovy)
	at com.kms.katalon.core.webui.keyword.internal.WebUIKeywordMain.runKeyword(WebUIKeywordMain.groovy:20)
	at com.kms.katalon.core.webui.keyword.builtin.ClickKeyword.click(ClickKeyword.groovy:76)
	at com.kms.katalon.core.webui.keyword.builtin.ClickKeyword.execute(ClickKeyword.groovy:43)
	at com.kms.katalon.core.keyword.internal.KeywordExecutor.executeKeywordForPlatform(KeywordExecutor.groovy:73)
	at com.kms.katalon.core.webui.keyword.WebUiBuiltInKeywords.click(WebUiBuiltInKeywords.groovy:616)
	at com.kms.katalon.core.webui.keyword.WebUiBuiltInKeywords$click$3.call(Unknown Source)
	at ist_real.Contract_Dispatcher.ClickButton(Contract_Dispatcher.groovy:360)
	at cucumber.runtime.Utils$1.call(Utils.java:26)
	at cucumber.runtime.Timeout.timeout(Timeout.java:16)
	at cucumber.runtime.Utils.invoke(Utils.java:20)
	at cucumber.runtime.java.JavaStepDefinition.execute(JavaStepDefinition.java:48)
	at cucumber.runtime.PickleStepDefinitionMatch.runStep(PickleStepDefinitionMatch.java:50)
	at cucumber.runner.TestStep.executeStep(TestStep.java:55)
	at cucumber.runner.TestStep.run(TestStep.java:42)
	at cucumber.runner.PickleStepTestStep.run(PickleStepTestStep.java:53)
	at cucumber.runner.TestCase.run(TestCase.java:47)
	at cucumber.runner.Runner.runPickle(Runner.java:44)
	at cucumber.runtime.Runtime.runFeature(Runtime.java:120)
	at cucumber.runtime.Runtime.run(Runtime.java:106)
	at cucumber.api.cli.Main.run(Main.java:35)
	at cucumber.api.cli.Main$run.call(Unknown Source)
	at com.kms.katalon.core.cucumber.keyword.CucumberBuiltinKeywords$_runFeatureFile_closure1.doCall(CucumberBuiltinKeywords.groovy:76)
	at com.kms.katalon.core.cucumber.keyword.CucumberBuiltinKeywords$_runFeatureFile_closure1.doCall(CucumberBuiltinKeywords.groovy)
	at com.kms.katalon.core.keyword.internal.KeywordMain.runKeyword(KeywordMain.groovy:68)
	at com.kms.katalon.core.keyword.internal.KeywordMain$runKeyword.call(Unknown Source)
	at com.kms.katalon.core.cucumber.keyword.CucumberBuiltinKeywords.runFeatureFile(CucumberBuiltinKeywords.groovy:46)
	at com.kms.katalon.core.cucumber.keyword.CucumberBuiltinKeywords$runFeatureFile$0.callStatic(Unknown Source)
	at com.kms.katalon.core.cucumber.keyword.CucumberBuiltinKeywords.runFeatureFile(CucumberBuiltinKeywords.groovy:169)
	at com.kms.katalon.core.cucumber.keyword.CucumberBuiltinKeywords$runFeatureFile.call(Unknown Source)
	at Claim_Contract_Two_Wheelers_then_Save_it_Without_Register_Any_Mistakes.run(Claim_Contract_Two_Wheelers_then_Save_it_Without_Register_Any_Mistakes:16)
	at com.kms.katalon.core.main.ScriptEngine.run(ScriptEngine.java:194)
	at com.kms.katalon.core.main.ScriptEngine.runScriptAsRawText(ScriptEngine.java:119)
	at com.kms.katalon.core.main.TestCaseExecutor.runScript(TestCaseExecutor.java:339)
	at com.kms.katalon.core.main.TestCaseExecutor.doExecute(TestCaseExecutor.java:330)
	at com.kms.katalon.core.main.TestCaseExecutor.processExecutionPhase(TestCaseExecutor.java:309)
	at com.kms.katalon.core.main.TestCaseExecutor.accessMainPhase(TestCaseExecutor.java:301)
	at com.kms.katalon.core.main.TestCaseExecutor.execute(TestCaseExecutor.java:235)
	at com.kms.katalon.core.main.TestSuiteExecutor.accessTestCaseMainPhase(TestSuiteExecutor.java:191)
	at com.kms.katalon.core.main.TestSuiteExecutor.accessTestSuiteMainPhase(TestSuiteExecutor.java:141)
	at com.kms.katalon.core.main.TestSuiteExecutor.execute(TestSuiteExecutor.java:90)
	at com.kms.katalon.core.main.TestCaseMain.startTestSuite(TestCaseMain.java:157)
	at com.kms.katalon.core.main.TestCaseMain$startTestSuite$0.call(Unknown Source)
	at TempTestSuite1595408865749.run(TempTestSuite1595408865749.groovy:39)


2020-07-22 16:11:05 - [TEST_STEP][NOT_RUN] - Close browser: Close browser

2020-07-22 16:11:05 - [MESSAGE][NOT_RUN] - Close browser

2020-07-22 16:11:05 - [MESSAGE][FAILED] - Feature file 'Include/features/IST_Real/CONTRACT_DISPATCHER_TWO_WHEELERS/DEV/Claim_Contract_Two_Wheelers_then_Save_it_Without_Register_Any_Mistakes.feature' was failed

2020-07-22 16:11:05 - [MESSAGE][FAILED] - Keyword runFeatureFile was failed (Root cause: com.kms.katalon.core.exception.StepFailedException: Feature file 'Include/features/IST_Real/CONTRACT_DISPATCHER_TWO_WHEELERS/DEV/Claim_Contract_Two_Wheelers_then_Save_it_Without_Register_Any_Mistakes.feature' was failed
	at com.kms.katalon.core.keyword.internal.KeywordMain.stepFailed(KeywordMain.groovy:50)
	at com.kms.katalon.core.keyword.internal.KeywordMain.stepFailed(KeywordMain.groovy)
	at com.kms.katalon.core.keyword.internal.KeywordMain.stepFailed(KeywordMain.groovy:23)
	at com.kms.katalon.core.keyword.internal.KeywordMain$stepFailed$0.call(Unknown Source)
	at com.kms.katalon.core.cucumber.keyword.CucumberBuiltinKeywords$_runFeatureFile_closure1.doCall(CucumberBuiltinKeywords.groovy:82)
	at com.kms.katalon.core.cucumber.keyword.CucumberBuiltinKeywords$_runFeatureFile_closure1.doCall(CucumberBuiltinKeywords.groovy)
	at com.kms.katalon.core.keyword.internal.KeywordMain.runKeyword(KeywordMain.groovy:68)
	at com.kms.katalon.core.keyword.internal.KeywordMain$runKeyword.call(Unknown Source)
	at com.kms.katalon.core.cucumber.keyword.CucumberBuiltinKeywords.runFeatureFile(CucumberBuiltinKeywords.groovy:46)
	at com.kms.katalon.core.cucumber.keyword.CucumberBuiltinKeywords$runFeatureFile$0.callStatic(Unknown Source)
	at com.kms.katalon.core.cucumber.keyword.CucumberBuiltinKeywords.runFeatureFile(CucumberBuiltinKeywords.groovy:169)
	at com.kms.katalon.core.cucumber.keyword.CucumberBuiltinKeywords$runFeatureFile.call(Unknown Source)
	at Claim_Contract_Two_Wheelers_then_Save_it_Without_Register_Any_Mistakes.run(Claim_Contract_Two_Wheelers_then_Save_it_Without_Register_Any_Mistakes:16)
	at com.kms.katalon.core.main.ScriptEngine.run(ScriptEngine.java:194)
	at com.kms.katalon.core.main.ScriptEngine.runScriptAsRawText(ScriptEngine.java:119)
	at com.kms.katalon.core.main.TestCaseExecutor.runScript(TestCaseExecutor.java:339)
	at com.kms.katalon.core.main.TestCaseExecutor.doExecute(TestCaseExecutor.java:330)
	at com.kms.katalon.core.main.TestCaseExecutor.processExecutionPhase(TestCaseExecutor.java:309)
	at com.kms.katalon.core.main.TestCaseExecutor.accessMainPhase(TestCaseExecutor.java:301)
	at com.kms.katalon.core.main.TestCaseExecutor.execute(TestCaseExecutor.java:235)
	at com.kms.katalon.core.main.TestSuiteExecutor.accessTestCaseMainPhase(TestSuiteExecutor.java:191)
	at com.kms.katalon.core.main.TestSuiteExecutor.accessTestSuiteMainPhase(TestSuiteExecutor.java:141)
	at com.kms.katalon.core.main.TestSuiteExecutor.execute(TestSuiteExecutor.java:90)
	at com.kms.katalon.core.main.TestCaseMain.startTestSuite(TestCaseMain.java:157)
	at com.kms.katalon.core.main.TestCaseMain$startTestSuite$0.call(Unknown Source)
	at TempTestSuite1595408865749.run(TempTestSuite1595408865749.groovy:39)
)]]></system-out>
         <system-err><![CDATA[2020-07-22 16:09:34 - [TEST_CASE][FAILED] - Test Cases/IST_Real/CONTRACT_DISPATCHER_TWO_WHEELERS/DEV/Claim_Contract_Two_Wheelers_then_Save_it_Without_Register_Any_Mistakes: Test Cases/IST_Real/CONTRACT_DISPATCHER_TWO_WHEELERS/DEV/Claim_Contract_Two_Wheelers_then_Save_it_Without_Register_Any_Mistakes FAILED.
Reason:
com.kms.katalon.core.exception.StepFailedException: Feature file 'Include/features/IST_Real/CONTRACT_DISPATCHER_TWO_WHEELERS/DEV/Claim_Contract_Two_Wheelers_then_Save_it_Without_Register_Any_Mistakes.feature' was failed
	at com.kms.katalon.core.keyword.internal.KeywordMain.stepFailed(KeywordMain.groovy:50)
	at com.kms.katalon.core.keyword.internal.KeywordMain.stepFailed(KeywordMain.groovy)
	at com.kms.katalon.core.keyword.internal.KeywordMain.stepFailed(KeywordMain.groovy:23)
	at com.kms.katalon.core.keyword.internal.KeywordMain$stepFailed$0.call(Unknown Source)
	at com.kms.katalon.core.cucumber.keyword.CucumberBuiltinKeywords$_runFeatureFile_closure1.doCall(CucumberBuiltinKeywords.groovy:82)
	at com.kms.katalon.core.cucumber.keyword.CucumberBuiltinKeywords$_runFeatureFile_closure1.doCall(CucumberBuiltinKeywords.groovy)
	at com.kms.katalon.core.keyword.internal.KeywordMain.runKeyword(KeywordMain.groovy:68)
	at com.kms.katalon.core.keyword.internal.KeywordMain$runKeyword.call(Unknown Source)
	at com.kms.katalon.core.cucumber.keyword.CucumberBuiltinKeywords.runFeatureFile(CucumberBuiltinKeywords.groovy:46)
	at com.kms.katalon.core.cucumber.keyword.CucumberBuiltinKeywords$runFeatureFile$0.callStatic(Unknown Source)
	at com.kms.katalon.core.cucumber.keyword.CucumberBuiltinKeywords.runFeatureFile(CucumberBuiltinKeywords.groovy:169)
	at com.kms.katalon.core.cucumber.keyword.CucumberBuiltinKeywords$runFeatureFile.call(Unknown Source)
	at Claim_Contract_Two_Wheelers_then_Save_it_Without_Register_Any_Mistakes.run(Claim_Contract_Two_Wheelers_then_Save_it_Without_Register_Any_Mistakes:16)
	at com.kms.katalon.core.main.ScriptEngine.run(ScriptEngine.java:194)
	at com.kms.katalon.core.main.ScriptEngine.runScriptAsRawText(ScriptEngine.java:119)
	at com.kms.katalon.core.main.TestCaseExecutor.runScript(TestCaseExecutor.java:339)
	at com.kms.katalon.core.main.TestCaseExecutor.doExecute(TestCaseExecutor.java:330)
	at com.kms.katalon.core.main.TestCaseExecutor.processExecutionPhase(TestCaseExecutor.java:309)
	at com.kms.katalon.core.main.TestCaseExecutor.accessMainPhase(TestCaseExecutor.java:301)
	at com.kms.katalon.core.main.TestCaseExecutor.execute(TestCaseExecutor.java:235)
	at com.kms.katalon.core.main.TestSuiteExecutor.accessTestCaseMainPhase(TestSuiteExecutor.java:191)
	at com.kms.katalon.core.main.TestSuiteExecutor.accessTestSuiteMainPhase(TestSuiteExecutor.java:141)
	at com.kms.katalon.core.main.TestSuiteExecutor.execute(TestSuiteExecutor.java:90)
	at com.kms.katalon.core.main.TestCaseMain.startTestSuite(TestCaseMain.java:157)
	at com.kms.katalon.core.main.TestCaseMain$startTestSuite$0.call(Unknown Source)
	at TempTestSuite1595408865749.run(TempTestSuite1595408865749.groovy:39)]]></system-err>
      </testcase>
      <testcase name="Test Cases/IST_Real/CONTRACT_DISPATCHER_TWO_WHEELERS/DEV/Update_Tbl_CDS_CDC" time="0.65" classname="Test Cases/IST_Real/CONTRACT_DISPATCHER_TWO_WHEELERS/DEV/Update_Tbl_CDS_CDC" status="PASSED">
         <system-out><![CDATA[2020-07-22 16:11:05 - [TEST_CASE][PASSED] - Test Cases/IST_Real/CONTRACT_DISPATCHER_TWO_WHEELERS/DEV/Update_Tbl_CDS_CDC: Test Cases/IST_Real/CONTRACT_DISPATCHER_TWO_WHEELERS/DEV/Update_Tbl_CDS_CDC

2020-07-22 16:11:05 - [TEST_STEP][PASSED] - runFeatureFile("Include/features/IST_Real/CONTRACT_DISPATCHER_TWO_WHEELERS/DEV/Update_Tbl_CDS_CDC.feature"): Feature file: 'Include/features/IST_Real/CONTRACT_DISPATCHER_TWO_WHEELERS/DEV/Update_Tbl_CDS_CDC.feature' was passed

2020-07-22 16:11:05 - [MESSAGE][INFO] - Starting run keyword runFeatureFile: 'Include/features/IST_Real/CONTRACT_DISPATCHER_TWO_WHEELERS/DEV/Update_Tbl_CDS_CDC.feature' and extract report to folder: '/Users/chaidir.pratama01/Katalon Studio/IST_Automation_Git/Reports/20200722_160745/CONTRACT_DISPATCHER_TWO_WHEELERS/DEV/TS_Contract_Dispatcher_Two_Wheelers/20200722_160745/cucumber_report/1595409065732'...

2020-07-22 16:11:05 - [TEST_CASE][PASSED] - Start Test Case : SCENARIO Update Table CONTRACT_DISPATCHER_SOURCE and CONTRACT_DISPTACHER_CLAIM: SCENARIO Update Table CONTRACT_DISPATCHER_SOURCE and CONTRACT_DISPTACHER_CLAIM

2020-07-22 16:11:05 - [TEST_STEP][PASSED] - Connect to APP_ACCOUNT C1: Connect to APP_ACCOUNT C1

2020-07-22 16:11:05 - [MESSAGE][PASSED] - Connect to APP_ACCOUNT C1

2020-07-22 16:11:05 - [TEST_STEP][PASSED] - Update Tbl CONTRACT DISPATCHER SOURCE To Change PROCESSED From Y to N: Update Tbl CONTRACT DISPATCHER SOURCE To Change PROCESSED From Y to N

2020-07-22 16:11:06 - [MESSAGE][PASSED] - Update Tbl CONTRACT DISPATCHER SOURCE To Change PROCESSED From Y to N

2020-07-22 16:11:06 - [TEST_STEP][PASSED] - Update Tbl CONTRACT DISPATCHER CLAIM To Delete PROCESS From Column STATUS: Update Tbl CONTRACT DISPATCHER CLAIM To Delete PROCESS From Column STATUS

2020-07-22 16:11:06 - [MESSAGE][PASSED] - Update Tbl CONTRACT DISPATCHER CLAIM To Delete PROCESS From Column STATUS

2020-07-22 16:11:06 - [MESSAGE][PASSED] - Feature file: 'Include/features/IST_Real/CONTRACT_DISPATCHER_TWO_WHEELERS/DEV/Update_Tbl_CDS_CDC.feature' was passed]]></system-out>
         <system-err><![CDATA[]]></system-err>
      </testcase>
      <testcase name="Test Cases/IST_Real/CONTRACT_DISPATCHER_TWO_WHEELERS/DEV/Delete_ContractNumber_from_TRK_REGISTRATION_MISTAKE" time="0.325" classname="Test Cases/IST_Real/CONTRACT_DISPATCHER_TWO_WHEELERS/DEV/Delete_ContractNumber_from_TRK_REGISTRATION_MISTAKE" status="PASSED">
         <system-out><![CDATA[2020-07-22 16:11:06 - [TEST_CASE][PASSED] - Test Cases/IST_Real/CONTRACT_DISPATCHER_TWO_WHEELERS/DEV/Delete_ContractNumber_from_TRK_REGISTRATION_MISTAKE: Test Cases/IST_Real/CONTRACT_DISPATCHER_TWO_WHEELERS/DEV/Delete_ContractNumber_from_TRK_REGISTRATION_MISTAKE

2020-07-22 16:11:06 - [TEST_STEP][PASSED] - runFeatureFile("Include/features/IST_Real/CONTRACT_DISPATCHER_TWO_WHEELERS/DEV/Delete_ContractNumber_from_TRK_REGISTRATION_MISTAKE.feature"): Feature file: 'Include/features/IST_Real/CONTRACT_DISPATCHER_TWO_WHEELERS/DEV/Delete_ContractNumber_from_TRK_REGISTRATION_MISTAKE.feature' was passed

2020-07-22 16:11:06 - [MESSAGE][INFO] - Starting run keyword runFeatureFile: 'Include/features/IST_Real/CONTRACT_DISPATCHER_TWO_WHEELERS/DEV/Delete_ContractNumber_from_TRK_REGISTRATION_MISTAKE.feature' and extract report to folder: '/Users/chaidir.pratama01/Katalon Studio/IST_Automation_Git/Reports/20200722_160745/CONTRACT_DISPATCHER_TWO_WHEELERS/DEV/TS_Contract_Dispatcher_Two_Wheelers/20200722_160745/cucumber_report/1595409066384'...

2020-07-22 16:11:06 - [TEST_CASE][PASSED] - Start Test Case : SCENARIO Delete Contract from TRK_REGISTRATION_MISTAKE: SCENARIO Delete Contract from TRK_REGISTRATION_MISTAKE

2020-07-22 16:11:06 - [TEST_STEP][PASSED] - Connect to APP_ACCOUNT C1: Connect to APP_ACCOUNT C1

2020-07-22 16:11:06 - [MESSAGE][PASSED] - Connect to APP_ACCOUNT C1

2020-07-22 16:11:06 - [TEST_STEP][PASSED] - Delete Contract From TRK_REGISTRATION_MISTAKE: Delete Contract From TRK_REGISTRATION_MISTAKE

2020-07-22 16:11:06 - [MESSAGE][PASSED] - Delete Contract From TRK_REGISTRATION_MISTAKE

2020-07-22 16:11:06 - [MESSAGE][PASSED] - Feature file: 'Include/features/IST_Real/CONTRACT_DISPATCHER_TWO_WHEELERS/DEV/Delete_ContractNumber_from_TRK_REGISTRATION_MISTAKE.feature' was passed]]></system-out>
         <system-err><![CDATA[]]></system-err>
      </testcase>
      <testcase name="Test Cases/IST_Real/CONTRACT_DISPATCHER_TWO_WHEELERS/DEV/Pick_Mistake_Without_Choose_Dropdown_Mistake_Type" time="186.326" classname="Test Cases/IST_Real/CONTRACT_DISPATCHER_TWO_WHEELERS/DEV/Pick_Mistake_Without_Choose_Dropdown_Mistake_Type" status="FAILED">
         <failure type="FAILED" message="Test Cases/IST_Real/CONTRACT_DISPATCHER_TWO_WHEELERS/DEV/Pick_Mistake_Without_Choose_Dropdown_Mistake_Type FAILED.
Reason:
com.kms.katalon.core.exception.StepFailedException: Feature file 'Include/features/IST_Real/CONTRACT_DISPATCHER_TWO_WHEELERS/DEV/Pick_Mistake_Without_Choose_Dropdown_Mistake_Type.feature' was failed
	at com.kms.katalon.core.keyword.internal.KeywordMain.stepFailed(KeywordMain.groovy:50)
	at com.kms.katalon.core.keyword.internal.KeywordMain.stepFailed(KeywordMain.groovy)
	at com.kms.katalon.core.keyword.internal.KeywordMain.stepFailed(KeywordMain.groovy:23)
	at com.kms.katalon.core.keyword.internal.KeywordMain$stepFailed$0.call(Unknown Source)
	at com.kms.katalon.core.cucumber.keyword.CucumberBuiltinKeywords$_runFeatureFile_closure1.doCall(CucumberBuiltinKeywords.groovy:82)
	at com.kms.katalon.core.cucumber.keyword.CucumberBuiltinKeywords$_runFeatureFile_closure1.doCall(CucumberBuiltinKeywords.groovy)
	at com.kms.katalon.core.keyword.internal.KeywordMain.runKeyword(KeywordMain.groovy:68)
	at com.kms.katalon.core.keyword.internal.KeywordMain$runKeyword.call(Unknown Source)
	at com.kms.katalon.core.cucumber.keyword.CucumberBuiltinKeywords.runFeatureFile(CucumberBuiltinKeywords.groovy:46)
	at com.kms.katalon.core.cucumber.keyword.CucumberBuiltinKeywords$runFeatureFile$0.callStatic(Unknown Source)
	at com.kms.katalon.core.cucumber.keyword.CucumberBuiltinKeywords.runFeatureFile(CucumberBuiltinKeywords.groovy:169)
	at com.kms.katalon.core.cucumber.keyword.CucumberBuiltinKeywords$runFeatureFile.call(Unknown Source)
	at Pick_Mistake_Without_Choose_Dropdown_Mistake_Type.run(Pick_Mistake_Without_Choose_Dropdown_Mistake_Type:16)
	at com.kms.katalon.core.main.ScriptEngine.run(ScriptEngine.java:194)
	at com.kms.katalon.core.main.ScriptEngine.runScriptAsRawText(ScriptEngine.java:119)
	at com.kms.katalon.core.main.TestCaseExecutor.runScript(TestCaseExecutor.java:339)
	at com.kms.katalon.core.main.TestCaseExecutor.doExecute(TestCaseExecutor.java:330)
	at com.kms.katalon.core.main.TestCaseExecutor.processExecutionPhase(TestCaseExecutor.java:309)
	at com.kms.katalon.core.main.TestCaseExecutor.accessMainPhase(TestCaseExecutor.java:301)
	at com.kms.katalon.core.main.TestCaseExecutor.execute(TestCaseExecutor.java:235)
	at com.kms.katalon.core.main.TestSuiteExecutor.accessTestCaseMainPhase(TestSuiteExecutor.java:191)
	at com.kms.katalon.core.main.TestSuiteExecutor.accessTestSuiteMainPhase(TestSuiteExecutor.java:141)
	at com.kms.katalon.core.main.TestSuiteExecutor.execute(TestSuiteExecutor.java:90)
	at com.kms.katalon.core.main.TestCaseMain.startTestSuite(TestCaseMain.java:157)
	at com.kms.katalon.core.main.TestCaseMain$startTestSuite$0.call(Unknown Source)
	at TempTestSuite1595408865749.run(TempTestSuite1595408865749.groovy:39)
"/>
         <system-out><![CDATA[2020-07-22 16:11:06 - [TEST_CASE][FAILED] - Test Cases/IST_Real/CONTRACT_DISPATCHER_TWO_WHEELERS/DEV/Pick_Mistake_Without_Choose_Dropdown_Mistake_Type: Test Cases/IST_Real/CONTRACT_DISPATCHER_TWO_WHEELERS/DEV/Pick_Mistake_Without_Choose_Dropdown_Mistake_Type FAILED.
Reason:
com.kms.katalon.core.exception.StepFailedException: Feature file 'Include/features/IST_Real/CONTRACT_DISPATCHER_TWO_WHEELERS/DEV/Pick_Mistake_Without_Choose_Dropdown_Mistake_Type.feature' was failed
	at com.kms.katalon.core.keyword.internal.KeywordMain.stepFailed(KeywordMain.groovy:50)
	at com.kms.katalon.core.keyword.internal.KeywordMain.stepFailed(KeywordMain.groovy)
	at com.kms.katalon.core.keyword.internal.KeywordMain.stepFailed(KeywordMain.groovy:23)
	at com.kms.katalon.core.keyword.internal.KeywordMain$stepFailed$0.call(Unknown Source)
	at com.kms.katalon.core.cucumber.keyword.CucumberBuiltinKeywords$_runFeatureFile_closure1.doCall(CucumberBuiltinKeywords.groovy:82)
	at com.kms.katalon.core.cucumber.keyword.CucumberBuiltinKeywords$_runFeatureFile_closure1.doCall(CucumberBuiltinKeywords.groovy)
	at com.kms.katalon.core.keyword.internal.KeywordMain.runKeyword(KeywordMain.groovy:68)
	at com.kms.katalon.core.keyword.internal.KeywordMain$runKeyword.call(Unknown Source)
	at com.kms.katalon.core.cucumber.keyword.CucumberBuiltinKeywords.runFeatureFile(CucumberBuiltinKeywords.groovy:46)
	at com.kms.katalon.core.cucumber.keyword.CucumberBuiltinKeywords$runFeatureFile$0.callStatic(Unknown Source)
	at com.kms.katalon.core.cucumber.keyword.CucumberBuiltinKeywords.runFeatureFile(CucumberBuiltinKeywords.groovy:169)
	at com.kms.katalon.core.cucumber.keyword.CucumberBuiltinKeywords$runFeatureFile.call(Unknown Source)
	at Pick_Mistake_Without_Choose_Dropdown_Mistake_Type.run(Pick_Mistake_Without_Choose_Dropdown_Mistake_Type:16)
	at com.kms.katalon.core.main.ScriptEngine.run(ScriptEngine.java:194)
	at com.kms.katalon.core.main.ScriptEngine.runScriptAsRawText(ScriptEngine.java:119)
	at com.kms.katalon.core.main.TestCaseExecutor.runScript(TestCaseExecutor.java:339)
	at com.kms.katalon.core.main.TestCaseExecutor.doExecute(TestCaseExecutor.java:330)
	at com.kms.katalon.core.main.TestCaseExecutor.processExecutionPhase(TestCaseExecutor.java:309)
	at com.kms.katalon.core.main.TestCaseExecutor.accessMainPhase(TestCaseExecutor.java:301)
	at com.kms.katalon.core.main.TestCaseExecutor.execute(TestCaseExecutor.java:235)
	at com.kms.katalon.core.main.TestSuiteExecutor.accessTestCaseMainPhase(TestSuiteExecutor.java:191)
	at com.kms.katalon.core.main.TestSuiteExecutor.accessTestSuiteMainPhase(TestSuiteExecutor.java:141)
	at com.kms.katalon.core.main.TestSuiteExecutor.execute(TestSuiteExecutor.java:90)
	at com.kms.katalon.core.main.TestCaseMain.startTestSuite(TestCaseMain.java:157)
	at com.kms.katalon.core.main.TestCaseMain$startTestSuite$0.call(Unknown Source)
	at TempTestSuite1595408865749.run(TempTestSuite1595408865749.groovy:39)


2020-07-22 16:11:06 - [TEST_STEP][FAILED] - runFeatureFile("Include/features/IST_Real/CONTRACT_DISPATCHER_TWO_WHEELERS/DEV/Pick_Mistake_Without_Choose_Dropdown_Mistake_Type.feature"): Keyword runFeatureFile was failed (Root cause: com.kms.katalon.core.exception.StepFailedException: Feature file 'Include/features/IST_Real/CONTRACT_DISPATCHER_TWO_WHEELERS/DEV/Pick_Mistake_Without_Choose_Dropdown_Mistake_Type.feature' was failed
	at com.kms.katalon.core.keyword.internal.KeywordMain.stepFailed(KeywordMain.groovy:50)
	at com.kms.katalon.core.keyword.internal.KeywordMain.stepFailed(KeywordMain.groovy)
	at com.kms.katalon.core.keyword.internal.KeywordMain.stepFailed(KeywordMain.groovy:23)
	at com.kms.katalon.core.keyword.internal.KeywordMain$stepFailed$0.call(Unknown Source)
	at com.kms.katalon.core.cucumber.keyword.CucumberBuiltinKeywords$_runFeatureFile_closure1.doCall(CucumberBuiltinKeywords.groovy:82)
	at com.kms.katalon.core.cucumber.keyword.CucumberBuiltinKeywords$_runFeatureFile_closure1.doCall(CucumberBuiltinKeywords.groovy)
	at com.kms.katalon.core.keyword.internal.KeywordMain.runKeyword(KeywordMain.groovy:68)
	at com.kms.katalon.core.keyword.internal.KeywordMain$runKeyword.call(Unknown Source)
	at com.kms.katalon.core.cucumber.keyword.CucumberBuiltinKeywords.runFeatureFile(CucumberBuiltinKeywords.groovy:46)
	at com.kms.katalon.core.cucumber.keyword.CucumberBuiltinKeywords$runFeatureFile$0.callStatic(Unknown Source)
	at com.kms.katalon.core.cucumber.keyword.CucumberBuiltinKeywords.runFeatureFile(CucumberBuiltinKeywords.groovy:169)
	at com.kms.katalon.core.cucumber.keyword.CucumberBuiltinKeywords$runFeatureFile.call(Unknown Source)
	at Pick_Mistake_Without_Choose_Dropdown_Mistake_Type.run(Pick_Mistake_Without_Choose_Dropdown_Mistake_Type:16)
	at com.kms.katalon.core.main.ScriptEngine.run(ScriptEngine.java:194)
	at com.kms.katalon.core.main.ScriptEngine.runScriptAsRawText(ScriptEngine.java:119)
	at com.kms.katalon.core.main.TestCaseExecutor.runScript(TestCaseExecutor.java:339)
	at com.kms.katalon.core.main.TestCaseExecutor.doExecute(TestCaseExecutor.java:330)
	at com.kms.katalon.core.main.TestCaseExecutor.processExecutionPhase(TestCaseExecutor.java:309)
	at com.kms.katalon.core.main.TestCaseExecutor.accessMainPhase(TestCaseExecutor.java:301)
	at com.kms.katalon.core.main.TestCaseExecutor.execute(TestCaseExecutor.java:235)
	at com.kms.katalon.core.main.TestSuiteExecutor.accessTestCaseMainPhase(TestSuiteExecutor.java:191)
	at com.kms.katalon.core.main.TestSuiteExecutor.accessTestSuiteMainPhase(TestSuiteExecutor.java:141)
	at com.kms.katalon.core.main.TestSuiteExecutor.execute(TestSuiteExecutor.java:90)
	at com.kms.katalon.core.main.TestCaseMain.startTestSuite(TestCaseMain.java:157)
	at com.kms.katalon.core.main.TestCaseMain$startTestSuite$0.call(Unknown Source)
	at TempTestSuite1595408865749.run(TempTestSuite1595408865749.groovy:39)
)

2020-07-22 16:11:06 - [MESSAGE][INFO] - Starting run keyword runFeatureFile: 'Include/features/IST_Real/CONTRACT_DISPATCHER_TWO_WHEELERS/DEV/Pick_Mistake_Without_Choose_Dropdown_Mistake_Type.feature' and extract report to folder: '/Users/chaidir.pratama01/Katalon Studio/IST_Automation_Git/Reports/20200722_160745/CONTRACT_DISPATCHER_TWO_WHEELERS/DEV/TS_Contract_Dispatcher_Two_Wheelers/20200722_160745/cucumber_report/1595409066778'...

2020-07-22 16:11:06 - [TEST_CASE][PASSED] - Start Test Case : SCENARIO Assign User to Contract Two Wheelers: SCENARIO Assign User to Contract Two Wheelers

2020-07-22 16:11:06 - [TEST_STEP][PASSED] - Go to IST: Go to IST

2020-07-22 16:11:06 - [MESSAGE][WARNING] - A browser is already opened. Closing browser and opening a new one

2020-07-22 16:11:06 - [MESSAGE][INFO] - Starting 'Chrome' driver

2020-07-22 16:11:06 - [MESSAGE][INFO] - Action delay is set to 0 milliseconds

2020-07-22 16:11:07 - [MESSAGE][PASSED] - Browser is opened with url: ''

2020-07-22 16:11:09 - [MESSAGE][PASSED] - Navigate to 'https://dev-istools.homecredit.id/foundation/login.zul' successfully

2020-07-22 16:11:09 - [MESSAGE][PASSED] - Go to IST

2020-07-22 16:11:09 - [TEST_STEP][PASSED] - Login IST with valid credentials: Login IST with valid credentials

2020-07-22 16:11:10 - [MESSAGE][PASSED] - Text 'mobile.test' is set on object 'Object Repository/Page_/input_Username_j_username'

2020-07-22 16:11:10 - [MESSAGE][PASSED] - Text ****** has been set on object 'Object Repository/Page_/input_Password_j_password'

2020-07-22 16:11:12 - [MESSAGE][PASSED] - Object: 'Object Repository/Page_/button_Login' is clicked on

2020-07-22 16:11:12 - [MESSAGE][PASSED] - Login IST with valid credentials

2020-07-22 16:11:12 - [TEST_STEP][PASSED] - Login Success for contract dispatcher: Login Success for contract dispatcher

2020-07-22 16:11:12 - [MESSAGE][INFO] - Login Success

2020-07-22 16:11:12 - [MESSAGE][PASSED] - Current window maximized

2020-07-22 16:11:12 - [MESSAGE][PASSED] - Object 'Object Repository/Page_/h1_Welcome to IT Supporting Tools' is present

2020-07-22 16:11:12 - [MESSAGE][PASSED] - Login Success for contract dispatcher

2020-07-22 16:11:12 - [TEST_STEP][PASSED] - Select Arrow Menu "Contract Dispatcher Admin": Select Arrow Menu "Contract Dispatcher Admin"

2020-07-22 16:11:12 - [MESSAGE][PASSED] - Object: '' is clicked on

2020-07-22 16:11:12 - [MESSAGE][PASSED] - Select Arrow Menu "Contract Dispatcher Admin"

2020-07-22 16:11:12 - [TEST_STEP][PASSED] - Select Menu "Management Assignment": Select Menu "Management Assignment"

2020-07-22 16:11:13 - [MESSAGE][PASSED] - Object '' is present

2020-07-22 16:11:13 - [MESSAGE][PASSED] - Object: '' is clicked on

2020-07-22 16:11:13 - [MESSAGE][PASSED] - Wait for page load successfully

2020-07-22 16:11:13 - [MESSAGE][PASSED] - Select Menu "Management Assignment"

2020-07-22 16:11:13 - [TEST_STEP][PASSED] - Select Username "mobile.test" of Management Assignment: Select Username "mobile.test" of Management Assignment

2020-07-22 16:11:16 - [MESSAGE][PASSED] - All options with value 'mobile.test' are selected in object 'Object Repository/Page_/dropdown_list_username_assignment'  using regular expression

2020-07-22 16:11:16 - [MESSAGE][PASSED] - Select Username "mobile.test" of Management Assignment

2020-07-22 16:11:16 - [TEST_STEP][PASSED] - Check for username if already assigned to "Two Wheelers": Check for username if already assigned to "Two Wheelers"

2020-07-22 16:11:19 - [MESSAGE][PASSED] - Scroll to object '' successfully

2020-07-22 16:11:19 - [MESSAGE][PASSED] - Object '' is present

2020-07-22 16:11:20 - [MESSAGE][PASSED] - Object '' is checked

2020-07-22 16:11:20 - [MESSAGE][INFO] - Element is already Checked

2020-07-22 16:11:20 - [MESSAGE][PASSED] - Check for username if already assigned to "Two Wheelers"

2020-07-22 16:11:20 - [TEST_STEP][PASSED] - Wait page for load: Wait page for load

2020-07-22 16:11:20 - [MESSAGE][PASSED] - Wait for page load successfully

2020-07-22 16:11:20 - [MESSAGE][PASSED] - Wait page for load

2020-07-22 16:11:20 - [TEST_STEP][PASSED] - Click button "Logout": Click button "Logout"

2020-07-22 16:11:20 - [MESSAGE][INFO] - >>>>>//Button[contains(text(),'Logout')]

2020-07-22 16:11:23 - [MESSAGE][PASSED] - Object: '' is clicked on

2020-07-22 16:11:23 - [MESSAGE][PASSED] - Click button "Logout"

2020-07-22 16:11:23 - [TEST_STEP][PASSED] - Close browser: Close browser

2020-07-22 16:11:24 - [MESSAGE][PASSED] - Browser is closed

2020-07-22 16:11:24 - [MESSAGE][PASSED] - Close browser

2020-07-22 16:11:24 - [TEST_CASE][FAILED] - Start Test Case : SCENARIO Select Menu Contract Dispatcher and Select Contract based on type contract Two Wheelers: SCENARIO Select Menu Contract Dispatcher and Select Contract based on type contract Two Wheelers FAILED.
Reason:
com.kms.katalon.core.exception.StepFailedException: Unable to click on object ''
	at com.kms.katalon.core.webui.keyword.internal.WebUIKeywordMain.stepFailed(WebUIKeywordMain.groovy:64)
	at com.kms.katalon.core.webui.keyword.internal.WebUIKeywordMain.runKeyword(WebUIKeywordMain.groovy:26)
	at com.kms.katalon.core.webui.keyword.builtin.ClickKeyword.click(ClickKeyword.groovy:76)
	at com.kms.katalon.core.webui.keyword.builtin.ClickKeyword.execute(ClickKeyword.groovy:43)
	at com.kms.katalon.core.keyword.internal.KeywordExecutor.executeKeywordForPlatform(KeywordExecutor.groovy:73)
	at com.kms.katalon.core.webui.keyword.WebUiBuiltInKeywords.click(WebUiBuiltInKeywords.groovy:616)
	at com.kms.katalon.core.webui.keyword.WebUiBuiltInKeywords$click$3.call(Unknown Source)
	at ist_real.Contract_Dispatcher.checkboxGeneralMistake(Contract_Dispatcher.groovy:938)
	at ✽.Checkbox General Mistake "KTP Foto Komponen Tidak Ada"(/Users/chaidir.pratama01/Katalon Studio/IST_Automation_Git/Include/features/IST_Real/CONTRACT_DISPATCHER_TWO_WHEELERS/DEV/Pick_Mistake_Without_Choose_Dropdown_Mistake_Type.feature:49)
Caused by: java.lang.IndexOutOfBoundsException: Index: 0, Size: 0
	at com.kms.katalon.core.webui.common.WebUiCommonHelper.buildLocator(WebUiCommonHelper.java:519)
	at com.kms.katalon.core.webui.common.WebUiCommonHelper.findElementByNormalMethods(WebUiCommonHelper.java:985)
	at com.kms.katalon.core.webui.common.WebUiCommonHelper.findElementsBySelectedMethod(WebUiCommonHelper.java:894)
	at com.kms.katalon.core.webui.common.WebUiCommonHelper.findElementsWithSelfHealing(WebUiCommonHelper.java:791)
	at com.kms.katalon.core.webui.common.WebUiCommonHelper.findWebElements(WebUiCommonHelper.java:717)
	at com.kms.katalon.core.webui.common.WebUiCommonHelper.findWebElement(WebUiCommonHelper.java:1349)
	at com.kms.katalon.core.webui.keyword.internal.WebUIAbstractKeyword.findWebElement(WebUIAbstractKeyword.groovy:27)
	at com.kms.katalon.core.webui.keyword.internal.WebUIAbstractKeyword.findWebElement(WebUIAbstractKeyword.groovy:26)
	at com.kms.katalon.core.webui.keyword.builtin.ClickKeyword$_click_closure1.doCall(ClickKeyword.groovy:67)
	at com.kms.katalon.core.webui.keyword.builtin.ClickKeyword$_click_closure1.call(ClickKeyword.groovy)
	at com.kms.katalon.core.webui.keyword.internal.WebUIKeywordMain.runKeyword(WebUIKeywordMain.groovy:20)
	at com.kms.katalon.core.webui.keyword.builtin.ClickKeyword.click(ClickKeyword.groovy:76)
	at com.kms.katalon.core.webui.keyword.builtin.ClickKeyword.execute(ClickKeyword.groovy:43)
	at com.kms.katalon.core.keyword.internal.KeywordExecutor.executeKeywordForPlatform(KeywordExecutor.groovy:73)
	at com.kms.katalon.core.webui.keyword.WebUiBuiltInKeywords.click(WebUiBuiltInKeywords.groovy:616)
	at com.kms.katalon.core.webui.keyword.WebUiBuiltInKeywords$click$3.call(Unknown Source)
	at ist_real.Contract_Dispatcher.checkboxGeneralMistake(Contract_Dispatcher.groovy:938)
	at cucumber.runtime.Utils$1.call(Utils.java:26)
	at cucumber.runtime.Timeout.timeout(Timeout.java:16)
	at cucumber.runtime.Utils.invoke(Utils.java:20)
	at cucumber.runtime.java.JavaStepDefinition.execute(JavaStepDefinition.java:48)
	at cucumber.runtime.PickleStepDefinitionMatch.runStep(PickleStepDefinitionMatch.java:50)
	at cucumber.runner.TestStep.executeStep(TestStep.java:55)
	at cucumber.runner.TestStep.run(TestStep.java:42)
	at cucumber.runner.PickleStepTestStep.run(PickleStepTestStep.java:53)
	at cucumber.runner.TestCase.run(TestCase.java:47)
	at cucumber.runner.Runner.runPickle(Runner.java:44)
	at cucumber.runtime.Runtime.runFeature(Runtime.java:120)
	at cucumber.runtime.Runtime.run(Runtime.java:106)
	at cucumber.api.cli.Main.run(Main.java:35)
	at cucumber.api.cli.Main$run.call(Unknown Source)
	at com.kms.katalon.core.cucumber.keyword.CucumberBuiltinKeywords$_runFeatureFile_closure1.doCall(CucumberBuiltinKeywords.groovy:76)
	at com.kms.katalon.core.cucumber.keyword.CucumberBuiltinKeywords$_runFeatureFile_closure1.doCall(CucumberBuiltinKeywords.groovy)
	at com.kms.katalon.core.keyword.internal.KeywordMain.runKeyword(KeywordMain.groovy:68)
	at com.kms.katalon.core.keyword.internal.KeywordMain$runKeyword.call(Unknown Source)
	at com.kms.katalon.core.cucumber.keyword.CucumberBuiltinKeywords.runFeatureFile(CucumberBuiltinKeywords.groovy:46)
	at com.kms.katalon.core.cucumber.keyword.CucumberBuiltinKeywords$runFeatureFile$0.callStatic(Unknown Source)
	at com.kms.katalon.core.cucumber.keyword.CucumberBuiltinKeywords.runFeatureFile(CucumberBuiltinKeywords.groovy:169)
	at com.kms.katalon.core.cucumber.keyword.CucumberBuiltinKeywords$runFeatureFile.call(Unknown Source)
	at Pick_Mistake_Without_Choose_Dropdown_Mistake_Type.run(Pick_Mistake_Without_Choose_Dropdown_Mistake_Type:16)
	at com.kms.katalon.core.main.ScriptEngine.run(ScriptEngine.java:194)
	at com.kms.katalon.core.main.ScriptEngine.runScriptAsRawText(ScriptEngine.java:119)
	at com.kms.katalon.core.main.TestCaseExecutor.runScript(TestCaseExecutor.java:339)
	at com.kms.katalon.core.main.TestCaseExecutor.doExecute(TestCaseExecutor.java:330)
	at com.kms.katalon.core.main.TestCaseExecutor.processExecutionPhase(TestCaseExecutor.java:309)
	at com.kms.katalon.core.main.TestCaseExecutor.accessMainPhase(TestCaseExecutor.java:301)
	at com.kms.katalon.core.main.TestCaseExecutor.execute(TestCaseExecutor.java:235)
	at com.kms.katalon.core.main.TestSuiteExecutor.accessTestCaseMainPhase(TestSuiteExecutor.java:191)
	at com.kms.katalon.core.main.TestSuiteExecutor.accessTestSuiteMainPhase(TestSuiteExecutor.java:141)
	at com.kms.katalon.core.main.TestSuiteExecutor.execute(TestSuiteExecutor.java:90)
	at com.kms.katalon.core.main.TestCaseMain.startTestSuite(TestCaseMain.java:157)
	at com.kms.katalon.core.main.TestCaseMain$startTestSuite$0.call(Unknown Source)
	at TempTestSuite1595408865749.run(TempTestSuite1595408865749.groovy:39)


2020-07-22 16:11:24 - [TEST_STEP][PASSED] - Go to IST: Go to IST

2020-07-22 16:11:24 - [MESSAGE][INFO] - Starting 'Chrome' driver

2020-07-22 16:11:24 - [MESSAGE][INFO] - Action delay is set to 0 milliseconds

2020-07-22 16:11:24 - [MESSAGE][PASSED] - Browser is opened with url: ''

2020-07-22 16:11:26 - [MESSAGE][PASSED] - Navigate to 'https://dev-istools.homecredit.id/foundation/login.zul' successfully

2020-07-22 16:11:26 - [MESSAGE][PASSED] - Go to IST

2020-07-22 16:11:26 - [TEST_STEP][PASSED] - Login IST with valid credentials: Login IST with valid credentials

2020-07-22 16:11:27 - [MESSAGE][PASSED] - Text 'mobile.test' is set on object 'Object Repository/Page_/input_Username_j_username'

2020-07-22 16:11:27 - [MESSAGE][PASSED] - Text ****** has been set on object 'Object Repository/Page_/input_Password_j_password'

2020-07-22 16:11:29 - [MESSAGE][PASSED] - Object: 'Object Repository/Page_/button_Login' is clicked on

2020-07-22 16:11:29 - [MESSAGE][PASSED] - Login IST with valid credentials

2020-07-22 16:11:29 - [TEST_STEP][PASSED] - Login Success for contract dispatcher: Login Success for contract dispatcher

2020-07-22 16:11:29 - [MESSAGE][INFO] - Login Success

2020-07-22 16:11:29 - [MESSAGE][PASSED] - Current window maximized

2020-07-22 16:11:29 - [MESSAGE][PASSED] - Object 'Object Repository/Page_/h1_Welcome to IT Supporting Tools' is present

2020-07-22 16:11:29 - [MESSAGE][PASSED] - Login Success for contract dispatcher

2020-07-22 16:11:29 - [TEST_STEP][PASSED] - Select Menu "Contract Dispatcher": Select Menu "Contract Dispatcher"

2020-07-22 16:11:30 - [MESSAGE][PASSED] - Object '' is present

2020-07-22 16:11:30 - [MESSAGE][PASSED] - Object: '' is clicked on

2020-07-22 16:11:30 - [MESSAGE][PASSED] - Wait for page load successfully

2020-07-22 16:11:30 - [MESSAGE][PASSED] - Select Menu "Contract Dispatcher"

2020-07-22 16:11:30 - [TEST_STEP][PASSED] - Select Contract Number based on Type Contract "TWO_WHEELERS": Select Contract Number based on Type Contract "TWO_WHEELERS"

2020-07-22 16:11:33 - [MESSAGE][PASSED] - Object '' is present

2020-07-22 16:11:33 - [MESSAGE][PASSED] - Object '' is present

2020-07-22 16:11:34 - [MESSAGE][PASSED] - Object: '' is clicked on

2020-07-22 16:11:34 - [MESSAGE][PASSED] - Object '' is checked

2020-07-22 16:11:34 - [MESSAGE][PASSED] - Select Contract Number based on Type Contract "TWO_WHEELERS"

2020-07-22 16:11:34 - [TEST_STEP][PASSED] - Click button "Claim": Click button "Claim"

2020-07-22 16:11:34 - [MESSAGE][INFO] - >>>>>//Button[contains(text(),'Claim')]

2020-07-22 16:11:37 - [MESSAGE][PASSED] - Object: '' is clicked on

2020-07-22 16:11:37 - [MESSAGE][PASSED] - Click button "Claim"

2020-07-22 16:11:37 - [TEST_STEP][PASSED] - Varify the mistake detail already match with the matrix Base on Type Contract: Varify the mistake detail already match with the matrix Base on Type Contract

2020-07-22 16:11:41 - [MESSAGE][PASSED] - Object '' is present

2020-07-22 16:11:41 - [MESSAGE][PASSED] - Object: '' is clicked on

2020-07-22 16:11:41 - [MESSAGE][PASSED] - Object '' is present

2020-07-22 16:11:41 - [MESSAGE][PASSED] - Object '' is not checked

2020-07-22 16:11:42 - [MESSAGE][PASSED] - Object '' is present

2020-07-22 16:11:42 - [MESSAGE][PASSED] - Object '' is not checked

2020-07-22 16:11:42 - [MESSAGE][PASSED] - Object '' is present

2020-07-22 16:11:43 - [MESSAGE][PASSED] - Object '' is not checked

2020-07-22 16:11:43 - [MESSAGE][PASSED] - Object '' is present

2020-07-22 16:11:43 - [MESSAGE][PASSED] - Object '' is not checked

2020-07-22 16:11:43 - [MESSAGE][PASSED] - Object '' is present

2020-07-22 16:11:44 - [MESSAGE][PASSED] - Object '' is not checked

2020-07-22 16:11:44 - [MESSAGE][PASSED] - Object '' is present

2020-07-22 16:11:44 - [MESSAGE][PASSED] - Object '' is not checked

2020-07-22 16:11:45 - [MESSAGE][PASSED] - Object '' is present

2020-07-22 16:11:45 - [MESSAGE][PASSED] - Object '' is not checked

2020-07-22 16:11:45 - [MESSAGE][PASSED] - Object '' is present

2020-07-22 16:11:45 - [MESSAGE][PASSED] - Object '' is not checked

2020-07-22 16:11:46 - [MESSAGE][PASSED] - Object '' is present

2020-07-22 16:11:46 - [MESSAGE][PASSED] - Object '' is not checked

2020-07-22 16:11:46 - [MESSAGE][PASSED] - Object '' is present

2020-07-22 16:11:47 - [MESSAGE][PASSED] - Object '' is not checked

2020-07-22 16:11:47 - [MESSAGE][PASSED] - Object '' is present

2020-07-22 16:11:47 - [MESSAGE][PASSED] - Object '' is not checked

2020-07-22 16:11:47 - [MESSAGE][PASSED] - Object '' is present

2020-07-22 16:11:48 - [MESSAGE][PASSED] - Object '' is not checked

2020-07-22 16:11:48 - [MESSAGE][PASSED] - Object '' is present

2020-07-22 16:11:48 - [MESSAGE][PASSED] - Object '' is not checked

2020-07-22 16:11:49 - [MESSAGE][PASSED] - Object '' is present

2020-07-22 16:11:49 - [MESSAGE][PASSED] - Object '' is not checked

2020-07-22 16:11:49 - [MESSAGE][PASSED] - Object '' is present

2020-07-22 16:11:50 - [MESSAGE][PASSED] - Object '' is not checked

2020-07-22 16:11:50 - [MESSAGE][PASSED] - Object '' is present

2020-07-22 16:11:50 - [MESSAGE][PASSED] - Object '' is not checked

2020-07-22 16:11:51 - [MESSAGE][PASSED] - Object '' is present

2020-07-22 16:11:51 - [MESSAGE][PASSED] - Object '' is not checked

2020-07-22 16:11:51 - [MESSAGE][PASSED] - Object '' is present

2020-07-22 16:11:51 - [MESSAGE][PASSED] - Object '' is not checked

2020-07-22 16:11:52 - [MESSAGE][PASSED] - Object '' is present

2020-07-22 16:11:52 - [MESSAGE][PASSED] - Object '' is not checked

2020-07-22 16:11:52 - [MESSAGE][PASSED] - Object '' is present

2020-07-22 16:11:53 - [MESSAGE][PASSED] - Object '' is not checked

2020-07-22 16:11:53 - [MESSAGE][PASSED] - Object '' is present

2020-07-22 16:11:53 - [MESSAGE][PASSED] - Object: '' is clicked on

2020-07-22 16:11:54 - [MESSAGE][PASSED] - Object '' is present

2020-07-22 16:11:54 - [MESSAGE][PASSED] - Object '' is not checked

2020-07-22 16:11:54 - [MESSAGE][PASSED] - Object '' is present

2020-07-22 16:11:55 - [MESSAGE][PASSED] - Object '' is not checked

2020-07-22 16:11:55 - [MESSAGE][PASSED] - Object '' is present

2020-07-22 16:11:55 - [MESSAGE][PASSED] - Object '' is not checked

2020-07-22 16:11:56 - [MESSAGE][PASSED] - Object '' is present

2020-07-22 16:11:56 - [MESSAGE][PASSED] - Object '' is not checked

2020-07-22 16:11:56 - [MESSAGE][PASSED] - Object '' is present

2020-07-22 16:11:56 - [MESSAGE][PASSED] - Object '' is not checked

2020-07-22 16:11:57 - [MESSAGE][PASSED] - Object '' is present

2020-07-22 16:11:57 - [MESSAGE][PASSED] - Object '' is not checked

2020-07-22 16:11:57 - [MESSAGE][PASSED] - Object '' is present

2020-07-22 16:11:58 - [MESSAGE][PASSED] - Object: '' is clicked on

2020-07-22 16:11:58 - [MESSAGE][PASSED] - Object '' is present

2020-07-22 16:11:58 - [MESSAGE][PASSED] - Object '' is not checked

2020-07-22 16:11:59 - [MESSAGE][PASSED] - Object '' is present

2020-07-22 16:11:59 - [MESSAGE][PASSED] - Object '' is not checked

2020-07-22 16:11:59 - [MESSAGE][PASSED] - Object '' is present

2020-07-22 16:11:59 - [MESSAGE][PASSED] - Object '' is not checked

2020-07-22 16:12:00 - [MESSAGE][PASSED] - Object '' is present

2020-07-22 16:12:00 - [MESSAGE][PASSED] - Object: '' is clicked on

2020-07-22 16:12:01 - [MESSAGE][PASSED] - Object '' is present

2020-07-22 16:12:01 - [MESSAGE][PASSED] - Object '' is not checked

2020-07-22 16:12:01 - [MESSAGE][PASSED] - Object '' is present

2020-07-22 16:12:02 - [MESSAGE][PASSED] - Object '' is not checked

2020-07-22 16:12:02 - [MESSAGE][PASSED] - Object '' is present

2020-07-22 16:12:02 - [MESSAGE][PASSED] - Object '' is not checked

2020-07-22 16:12:03 - [MESSAGE][PASSED] - Object '' is present

2020-07-22 16:12:03 - [MESSAGE][PASSED] - Object '' is not checked

2020-07-22 16:12:03 - [MESSAGE][PASSED] - Object '' is present

2020-07-22 16:12:04 - [MESSAGE][PASSED] - Object '' is not checked

2020-07-22 16:12:04 - [MESSAGE][PASSED] - Object '' is present

2020-07-22 16:12:04 - [MESSAGE][PASSED] - Object '' is not checked

2020-07-22 16:12:05 - [MESSAGE][PASSED] - Object '' is present

2020-07-22 16:12:05 - [MESSAGE][PASSED] - Object '' is not checked

2020-07-22 16:12:05 - [MESSAGE][PASSED] - Object '' is present

2020-07-22 16:12:05 - [MESSAGE][PASSED] - Object: '' is clicked on

2020-07-22 16:12:06 - [MESSAGE][PASSED] - Object '' is present

2020-07-22 16:12:06 - [MESSAGE][PASSED] - Object '' is not checked

2020-07-22 16:12:07 - [MESSAGE][PASSED] - Object '' is present

2020-07-22 16:12:07 - [MESSAGE][PASSED] - Object '' is not checked

2020-07-22 16:12:07 - [MESSAGE][PASSED] - Object '' is present

2020-07-22 16:12:08 - [MESSAGE][PASSED] - Object '' is not checked

2020-07-22 16:12:08 - [MESSAGE][PASSED] - Object '' is present

2020-07-22 16:12:08 - [MESSAGE][PASSED] - Object '' is not checked

2020-07-22 16:12:08 - [MESSAGE][PASSED] - Object '' is present

2020-07-22 16:12:09 - [MESSAGE][PASSED] - Object '' is not checked

2020-07-22 16:12:09 - [MESSAGE][PASSED] - Object '' is present

2020-07-22 16:12:09 - [MESSAGE][PASSED] - Object '' is not checked

2020-07-22 16:12:09 - [MESSAGE][PASSED] - Object '' is present

2020-07-22 16:12:10 - [MESSAGE][PASSED] - Object '' is not checked

2020-07-22 16:12:10 - [MESSAGE][PASSED] - Object '' is present

2020-07-22 16:12:11 - [MESSAGE][PASSED] - Object: '' is clicked on

2020-07-22 16:12:11 - [MESSAGE][PASSED] - Object '' is present

2020-07-22 16:12:11 - [MESSAGE][PASSED] - Object '' is not checked

2020-07-22 16:12:12 - [MESSAGE][PASSED] - Object '' is present

2020-07-22 16:12:12 - [MESSAGE][PASSED] - Object '' is not checked

2020-07-22 16:12:12 - [MESSAGE][PASSED] - Object '' is present

2020-07-22 16:12:12 - [MESSAGE][PASSED] - Object '' is not checked

2020-07-22 16:12:12 - [MESSAGE][PASSED] - Object '' is present

2020-07-22 16:12:13 - [MESSAGE][PASSED] - Object '' is not checked

2020-07-22 16:12:13 - [MESSAGE][PASSED] - Object '' is present

2020-07-22 16:12:13 - [MESSAGE][PASSED] - Object: '' is clicked on

2020-07-22 16:12:14 - [MESSAGE][PASSED] - Object '' is present

2020-07-22 16:12:14 - [MESSAGE][PASSED] - Object '' is not checked

2020-07-22 16:12:14 - [MESSAGE][PASSED] - Object '' is present

2020-07-22 16:12:15 - [MESSAGE][PASSED] - Object '' is not checked

2020-07-22 16:12:15 - [MESSAGE][PASSED] - Object '' is present

2020-07-22 16:12:15 - [MESSAGE][PASSED] - Object '' is not checked

2020-07-22 16:12:15 - [MESSAGE][PASSED] - Object '' is present

2020-07-22 16:12:16 - [MESSAGE][PASSED] - Object: '' is clicked on

2020-07-22 16:12:16 - [MESSAGE][PASSED] - Object '' is present

2020-07-22 16:12:16 - [MESSAGE][PASSED] - Object '' is not checked

2020-07-22 16:12:17 - [MESSAGE][PASSED] - Object '' is present

2020-07-22 16:12:17 - [MESSAGE][PASSED] - Object '' is not checked

2020-07-22 16:12:17 - [MESSAGE][PASSED] - Object '' is present

2020-07-22 16:12:17 - [MESSAGE][PASSED] - Object '' is not checked

2020-07-22 16:12:17 - [MESSAGE][PASSED] - Object '' is present

2020-07-22 16:12:18 - [MESSAGE][PASSED] - Object: '' is clicked on

2020-07-22 16:12:18 - [MESSAGE][PASSED] - Object '' is present

2020-07-22 16:12:18 - [MESSAGE][PASSED] - Object '' is not checked

2020-07-22 16:12:19 - [MESSAGE][PASSED] - Object '' is present

2020-07-22 16:12:19 - [MESSAGE][PASSED] - Object '' is not checked

2020-07-22 16:12:19 - [MESSAGE][PASSED] - Object '' is present

2020-07-22 16:12:20 - [MESSAGE][PASSED] - Object '' is not checked

2020-07-22 16:12:20 - [MESSAGE][PASSED] - Object '' is present

2020-07-22 16:12:20 - [MESSAGE][PASSED] - Object '' is not checked

2020-07-22 16:12:20 - [MESSAGE][PASSED] - Object '' is present

2020-07-22 16:12:21 - [MESSAGE][PASSED] - Object: '' is clicked on

2020-07-22 16:12:21 - [MESSAGE][PASSED] - Object '' is present

2020-07-22 16:12:21 - [MESSAGE][PASSED] - Object '' is not checked

2020-07-22 16:12:22 - [MESSAGE][PASSED] - Object '' is present

2020-07-22 16:12:22 - [MESSAGE][PASSED] - Object '' is not checked

2020-07-22 16:12:22 - [MESSAGE][PASSED] - Object '' is present

2020-07-22 16:12:23 - [MESSAGE][PASSED] - Object '' is not checked

2020-07-22 16:12:23 - [MESSAGE][PASSED] - Object '' is present

2020-07-22 16:12:23 - [MESSAGE][PASSED] - Object '' is not checked

2020-07-22 16:12:23 - [MESSAGE][PASSED] - Object '' is present

2020-07-22 16:12:24 - [MESSAGE][PASSED] - Object '' is not checked

2020-07-22 16:12:24 - [MESSAGE][PASSED] - Object '' is present

2020-07-22 16:12:24 - [MESSAGE][PASSED] - Object '' is not checked

2020-07-22 16:12:25 - [MESSAGE][PASSED] - Object '' is present

2020-07-22 16:12:25 - [MESSAGE][PASSED] - Object '' is not checked

2020-07-22 16:12:25 - [MESSAGE][PASSED] - Object '' is present

2020-07-22 16:12:25 - [MESSAGE][PASSED] - Object: '' is clicked on

2020-07-22 16:12:26 - [MESSAGE][PASSED] - Object '' is present

2020-07-22 16:12:26 - [MESSAGE][PASSED] - Object '' is not checked

2020-07-22 16:12:26 - [MESSAGE][PASSED] - Object '' is present

2020-07-22 16:12:27 - [MESSAGE][PASSED] - Object '' is not checked

2020-07-22 16:12:27 - [MESSAGE][PASSED] - Object '' is present

2020-07-22 16:12:27 - [MESSAGE][PASSED] - Object '' is not checked

2020-07-22 16:12:28 - [MESSAGE][PASSED] - Object '' is present

2020-07-22 16:12:28 - [MESSAGE][PASSED] - Object '' is not checked

2020-07-22 16:12:28 - [MESSAGE][PASSED] - Object '' is present

2020-07-22 16:12:28 - [MESSAGE][PASSED] - Object '' is not checked

2020-07-22 16:12:29 - [MESSAGE][PASSED] - Object '' is present

2020-07-22 16:12:29 - [MESSAGE][PASSED] - Object '' is not checked

2020-07-22 16:12:29 - [MESSAGE][PASSED] - Object '' is present

2020-07-22 16:12:29 - [MESSAGE][PASSED] - Object '' is not checked

2020-07-22 16:12:30 - [MESSAGE][PASSED] - Object: '' is clicked on

2020-07-22 16:12:30 - [MESSAGE][PASSED] - Object: '' is clicked on

2020-07-22 16:12:30 - [MESSAGE][PASSED] - Object: '' is clicked on

2020-07-22 16:12:31 - [MESSAGE][PASSED] - Object '' is present

2020-07-22 16:12:31 - [MESSAGE][PASSED] - Object: '' is clicked on

2020-07-22 16:12:31 - [MESSAGE][PASSED] - Object '' is present

2020-07-22 16:12:32 - [MESSAGE][PASSED] - Object '' is not checked

2020-07-22 16:12:32 - [MESSAGE][PASSED] - Object '' is present

2020-07-22 16:12:32 - [MESSAGE][PASSED] - Object '' is not checked

2020-07-22 16:12:32 - [MESSAGE][PASSED] - Object '' is present

2020-07-22 16:12:33 - [MESSAGE][PASSED] - Object: '' is clicked on

2020-07-22 16:12:33 - [MESSAGE][PASSED] - Object '' is present

2020-07-22 16:12:33 - [MESSAGE][PASSED] - Object '' is not checked

2020-07-22 16:12:33 - [MESSAGE][PASSED] - Object '' is present

2020-07-22 16:12:34 - [MESSAGE][PASSED] - Object '' is not checked

2020-07-22 16:12:34 - [MESSAGE][PASSED] - Object '' is present

2020-07-22 16:12:34 - [MESSAGE][PASSED] - Object '' is not checked

2020-07-22 16:12:35 - [MESSAGE][PASSED] - Object '' is present

2020-07-22 16:12:35 - [MESSAGE][PASSED] - Object '' is not checked

2020-07-22 16:12:35 - [MESSAGE][PASSED] - Object '' is present

2020-07-22 16:12:35 - [MESSAGE][PASSED] - Object: '' is clicked on

2020-07-22 16:12:36 - [MESSAGE][PASSED] - Object '' is present

2020-07-22 16:12:36 - [MESSAGE][PASSED] - Object '' is not checked

2020-07-22 16:12:37 - [MESSAGE][PASSED] - Object '' is present

2020-07-22 16:12:37 - [MESSAGE][PASSED] - Object '' is not checked

2020-07-22 16:12:37 - [MESSAGE][PASSED] - Object '' is present

2020-07-22 16:12:37 - [MESSAGE][PASSED] - Object '' is not checked

2020-07-22 16:12:38 - [MESSAGE][PASSED] - Object '' is present

2020-07-22 16:12:38 - [MESSAGE][PASSED] - Object '' is not checked

2020-07-22 16:12:38 - [MESSAGE][PASSED] - Object '' is present

2020-07-22 16:12:39 - [MESSAGE][PASSED] - Object '' is not checked

2020-07-22 16:12:39 - [MESSAGE][PASSED] - Object: '' is clicked on

2020-07-22 16:12:39 - [MESSAGE][PASSED] - Object: '' is clicked on

2020-07-22 16:12:40 - [MESSAGE][PASSED] - Object: '' is clicked on

2020-07-22 16:12:40 - [MESSAGE][PASSED] - Varify the mistake detail already match with the matrix Base on Type Contract

2020-07-22 16:12:40 - [TEST_STEP][PASSED] - Click on Tab "KTP": Click on Tab "KTP"

2020-07-22 16:12:40 - [MESSAGE][PASSED] - Object '' is present

2020-07-22 16:12:40 - [MESSAGE][PASSED] - Object: '' is clicked on

2020-07-22 16:12:40 - [MESSAGE][PASSED] - Click on Tab "KTP"

2020-07-22 16:12:40 - [TEST_STEP][FAILED] - Checkbox General Mistake "KTP Foto Komponen Tidak Ada": Checkbox General Mistake "KTP Foto Komponen Tidak Ada" FAILED.
Reason:
com.kms.katalon.core.exception.StepFailedException: Unable to click on object ''
	at com.kms.katalon.core.webui.keyword.internal.WebUIKeywordMain.stepFailed(WebUIKeywordMain.groovy:64)
	at com.kms.katalon.core.webui.keyword.internal.WebUIKeywordMain.runKeyword(WebUIKeywordMain.groovy:26)
	at com.kms.katalon.core.webui.keyword.builtin.ClickKeyword.click(ClickKeyword.groovy:76)
	at com.kms.katalon.core.webui.keyword.builtin.ClickKeyword.execute(ClickKeyword.groovy:43)
	at com.kms.katalon.core.keyword.internal.KeywordExecutor.executeKeywordForPlatform(KeywordExecutor.groovy:73)
	at com.kms.katalon.core.webui.keyword.WebUiBuiltInKeywords.click(WebUiBuiltInKeywords.groovy:616)
	at com.kms.katalon.core.webui.keyword.WebUiBuiltInKeywords$click$3.call(Unknown Source)
	at ist_real.Contract_Dispatcher.checkboxGeneralMistake(Contract_Dispatcher.groovy:938)
	at ✽.Checkbox General Mistake "KTP Foto Komponen Tidak Ada"(/Users/chaidir.pratama01/Katalon Studio/IST_Automation_Git/Include/features/IST_Real/CONTRACT_DISPATCHER_TWO_WHEELERS/DEV/Pick_Mistake_Without_Choose_Dropdown_Mistake_Type.feature:49)
Caused by: java.lang.IndexOutOfBoundsException: Index: 0, Size: 0
	at com.kms.katalon.core.webui.common.WebUiCommonHelper.buildLocator(WebUiCommonHelper.java:519)
	at com.kms.katalon.core.webui.common.WebUiCommonHelper.findElementByNormalMethods(WebUiCommonHelper.java:985)
	at com.kms.katalon.core.webui.common.WebUiCommonHelper.findElementsBySelectedMethod(WebUiCommonHelper.java:894)
	at com.kms.katalon.core.webui.common.WebUiCommonHelper.findElementsWithSelfHealing(WebUiCommonHelper.java:791)
	at com.kms.katalon.core.webui.common.WebUiCommonHelper.findWebElements(WebUiCommonHelper.java:717)
	at com.kms.katalon.core.webui.common.WebUiCommonHelper.findWebElement(WebUiCommonHelper.java:1349)
	at com.kms.katalon.core.webui.keyword.internal.WebUIAbstractKeyword.findWebElement(WebUIAbstractKeyword.groovy:27)
	at com.kms.katalon.core.webui.keyword.internal.WebUIAbstractKeyword.findWebElement(WebUIAbstractKeyword.groovy:26)
	at com.kms.katalon.core.webui.keyword.builtin.ClickKeyword$_click_closure1.doCall(ClickKeyword.groovy:67)
	at com.kms.katalon.core.webui.keyword.builtin.ClickKeyword$_click_closure1.call(ClickKeyword.groovy)
	at com.kms.katalon.core.webui.keyword.internal.WebUIKeywordMain.runKeyword(WebUIKeywordMain.groovy:20)
	at com.kms.katalon.core.webui.keyword.builtin.ClickKeyword.click(ClickKeyword.groovy:76)
	at com.kms.katalon.core.webui.keyword.builtin.ClickKeyword.execute(ClickKeyword.groovy:43)
	at com.kms.katalon.core.keyword.internal.KeywordExecutor.executeKeywordForPlatform(KeywordExecutor.groovy:73)
	at com.kms.katalon.core.webui.keyword.WebUiBuiltInKeywords.click(WebUiBuiltInKeywords.groovy:616)
	at com.kms.katalon.core.webui.keyword.WebUiBuiltInKeywords$click$3.call(Unknown Source)
	at ist_real.Contract_Dispatcher.checkboxGeneralMistake(Contract_Dispatcher.groovy:938)
	at cucumber.runtime.Utils$1.call(Utils.java:26)
	at cucumber.runtime.Timeout.timeout(Timeout.java:16)
	at cucumber.runtime.Utils.invoke(Utils.java:20)
	at cucumber.runtime.java.JavaStepDefinition.execute(JavaStepDefinition.java:48)
	at cucumber.runtime.PickleStepDefinitionMatch.runStep(PickleStepDefinitionMatch.java:50)
	at cucumber.runner.TestStep.executeStep(TestStep.java:55)
	at cucumber.runner.TestStep.run(TestStep.java:42)
	at cucumber.runner.PickleStepTestStep.run(PickleStepTestStep.java:53)
	at cucumber.runner.TestCase.run(TestCase.java:47)
	at cucumber.runner.Runner.runPickle(Runner.java:44)
	at cucumber.runtime.Runtime.runFeature(Runtime.java:120)
	at cucumber.runtime.Runtime.run(Runtime.java:106)
	at cucumber.api.cli.Main.run(Main.java:35)
	at cucumber.api.cli.Main$run.call(Unknown Source)
	at com.kms.katalon.core.cucumber.keyword.CucumberBuiltinKeywords$_runFeatureFile_closure1.doCall(CucumberBuiltinKeywords.groovy:76)
	at com.kms.katalon.core.cucumber.keyword.CucumberBuiltinKeywords$_runFeatureFile_closure1.doCall(CucumberBuiltinKeywords.groovy)
	at com.kms.katalon.core.keyword.internal.KeywordMain.runKeyword(KeywordMain.groovy:68)
	at com.kms.katalon.core.keyword.internal.KeywordMain$runKeyword.call(Unknown Source)
	at com.kms.katalon.core.cucumber.keyword.CucumberBuiltinKeywords.runFeatureFile(CucumberBuiltinKeywords.groovy:46)
	at com.kms.katalon.core.cucumber.keyword.CucumberBuiltinKeywords$runFeatureFile$0.callStatic(Unknown Source)
	at com.kms.katalon.core.cucumber.keyword.CucumberBuiltinKeywords.runFeatureFile(CucumberBuiltinKeywords.groovy:169)
	at com.kms.katalon.core.cucumber.keyword.CucumberBuiltinKeywords$runFeatureFile.call(Unknown Source)
	at Pick_Mistake_Without_Choose_Dropdown_Mistake_Type.run(Pick_Mistake_Without_Choose_Dropdown_Mistake_Type:16)
	at com.kms.katalon.core.main.ScriptEngine.run(ScriptEngine.java:194)
	at com.kms.katalon.core.main.ScriptEngine.runScriptAsRawText(ScriptEngine.java:119)
	at com.kms.katalon.core.main.TestCaseExecutor.runScript(TestCaseExecutor.java:339)
	at com.kms.katalon.core.main.TestCaseExecutor.doExecute(TestCaseExecutor.java:330)
	at com.kms.katalon.core.main.TestCaseExecutor.processExecutionPhase(TestCaseExecutor.java:309)
	at com.kms.katalon.core.main.TestCaseExecutor.accessMainPhase(TestCaseExecutor.java:301)
	at com.kms.katalon.core.main.TestCaseExecutor.execute(TestCaseExecutor.java:235)
	at com.kms.katalon.core.main.TestSuiteExecutor.accessTestCaseMainPhase(TestSuiteExecutor.java:191)
	at com.kms.katalon.core.main.TestSuiteExecutor.accessTestSuiteMainPhase(TestSuiteExecutor.java:141)
	at com.kms.katalon.core.main.TestSuiteExecutor.execute(TestSuiteExecutor.java:90)
	at com.kms.katalon.core.main.TestCaseMain.startTestSuite(TestCaseMain.java:157)
	at com.kms.katalon.core.main.TestCaseMain$startTestSuite$0.call(Unknown Source)
	at TempTestSuite1595408865749.run(TempTestSuite1595408865749.groovy:39)


2020-07-22 16:13:12 - [MESSAGE][INFO] - Unable to find the element located by 'By.xpath: //span[text()='KTP Foto Komponen Tidak Ada' and @class='z-label']/../../preceding-sibling::td//input[@type='checkbox']'. Please recheck the objects properties to make sure the desired element is located. 

2020-07-22 16:13:12 - [MESSAGE][WARNING] - [SELF-HEALING] Failed to find element with id ''. Try using Self-healing.

2020-07-22 16:14:13 - [MESSAGE][WARNING] - Cannot take screenshot

2020-07-22 16:14:13 - [MESSAGE][FAILED] - Unable to click on object '' (Root cause: com.kms.katalon.core.exception.StepFailedException: Unable to click on object ''
	at com.kms.katalon.core.webui.keyword.internal.WebUIKeywordMain.stepFailed(WebUIKeywordMain.groovy:64)
	at com.kms.katalon.core.webui.keyword.internal.WebUIKeywordMain.runKeyword(WebUIKeywordMain.groovy:26)
	at com.kms.katalon.core.webui.keyword.builtin.ClickKeyword.click(ClickKeyword.groovy:76)
	at com.kms.katalon.core.webui.keyword.builtin.ClickKeyword.execute(ClickKeyword.groovy:43)
	at com.kms.katalon.core.keyword.internal.KeywordExecutor.executeKeywordForPlatform(KeywordExecutor.groovy:73)
	at com.kms.katalon.core.webui.keyword.WebUiBuiltInKeywords.click(WebUiBuiltInKeywords.groovy:616)
	at com.kms.katalon.core.webui.keyword.WebUiBuiltInKeywords$click$3.call(Unknown Source)
	at ist_real.Contract_Dispatcher.checkboxGeneralMistake(Contract_Dispatcher.groovy:938)
	at cucumber.runtime.Utils$1.call(Utils.java:26)
	at cucumber.runtime.Timeout.timeout(Timeout.java:16)
	at cucumber.runtime.Utils.invoke(Utils.java:20)
	at cucumber.runtime.java.JavaStepDefinition.execute(JavaStepDefinition.java:48)
	at cucumber.runtime.PickleStepDefinitionMatch.runStep(PickleStepDefinitionMatch.java:50)
	at cucumber.runner.TestStep.executeStep(TestStep.java:55)
	at cucumber.runner.TestStep.run(TestStep.java:42)
	at cucumber.runner.PickleStepTestStep.run(PickleStepTestStep.java:53)
	at cucumber.runner.TestCase.run(TestCase.java:47)
	at cucumber.runner.Runner.runPickle(Runner.java:44)
	at cucumber.runtime.Runtime.runFeature(Runtime.java:120)
	at cucumber.runtime.Runtime.run(Runtime.java:106)
	at cucumber.api.cli.Main.run(Main.java:35)
	at cucumber.api.cli.Main$run.call(Unknown Source)
	at com.kms.katalon.core.cucumber.keyword.CucumberBuiltinKeywords$_runFeatureFile_closure1.doCall(CucumberBuiltinKeywords.groovy:76)
	at com.kms.katalon.core.cucumber.keyword.CucumberBuiltinKeywords$_runFeatureFile_closure1.doCall(CucumberBuiltinKeywords.groovy)
	at com.kms.katalon.core.keyword.internal.KeywordMain.runKeyword(KeywordMain.groovy:68)
	at com.kms.katalon.core.keyword.internal.KeywordMain$runKeyword.call(Unknown Source)
	at com.kms.katalon.core.cucumber.keyword.CucumberBuiltinKeywords.runFeatureFile(CucumberBuiltinKeywords.groovy:46)
	at com.kms.katalon.core.cucumber.keyword.CucumberBuiltinKeywords$runFeatureFile$0.callStatic(Unknown Source)
	at com.kms.katalon.core.cucumber.keyword.CucumberBuiltinKeywords.runFeatureFile(CucumberBuiltinKeywords.groovy:169)
	at com.kms.katalon.core.cucumber.keyword.CucumberBuiltinKeywords$runFeatureFile.call(Unknown Source)
	at Pick_Mistake_Without_Choose_Dropdown_Mistake_Type.run(Pick_Mistake_Without_Choose_Dropdown_Mistake_Type:16)
	at com.kms.katalon.core.main.ScriptEngine.run(ScriptEngine.java:194)
	at com.kms.katalon.core.main.ScriptEngine.runScriptAsRawText(ScriptEngine.java:119)
	at com.kms.katalon.core.main.TestCaseExecutor.runScript(TestCaseExecutor.java:339)
	at com.kms.katalon.core.main.TestCaseExecutor.doExecute(TestCaseExecutor.java:330)
	at com.kms.katalon.core.main.TestCaseExecutor.processExecutionPhase(TestCaseExecutor.java:309)
	at com.kms.katalon.core.main.TestCaseExecutor.accessMainPhase(TestCaseExecutor.java:301)
	at com.kms.katalon.core.main.TestCaseExecutor.execute(TestCaseExecutor.java:235)
	at com.kms.katalon.core.main.TestSuiteExecutor.accessTestCaseMainPhase(TestSuiteExecutor.java:191)
	at com.kms.katalon.core.main.TestSuiteExecutor.accessTestSuiteMainPhase(TestSuiteExecutor.java:141)
	at com.kms.katalon.core.main.TestSuiteExecutor.execute(TestSuiteExecutor.java:90)
	at com.kms.katalon.core.main.TestCaseMain.startTestSuite(TestCaseMain.java:157)
	at com.kms.katalon.core.main.TestCaseMain$startTestSuite$0.call(Unknown Source)
	at TempTestSuite1595408865749.run(TempTestSuite1595408865749.groovy:39)
Caused by: java.lang.IndexOutOfBoundsException: Index: 0, Size: 0
	at com.kms.katalon.core.webui.common.WebUiCommonHelper.buildLocator(WebUiCommonHelper.java:519)
	at com.kms.katalon.core.webui.common.WebUiCommonHelper.findElementByNormalMethods(WebUiCommonHelper.java:985)
	at com.kms.katalon.core.webui.common.WebUiCommonHelper.findElementsBySelectedMethod(WebUiCommonHelper.java:894)
	at com.kms.katalon.core.webui.common.WebUiCommonHelper.findElementsWithSelfHealing(WebUiCommonHelper.java:791)
	at com.kms.katalon.core.webui.common.WebUiCommonHelper.findWebElements(WebUiCommonHelper.java:717)
	at com.kms.katalon.core.webui.common.WebUiCommonHelper.findWebElement(WebUiCommonHelper.java:1349)
	at com.kms.katalon.core.webui.keyword.internal.WebUIAbstractKeyword.findWebElement(WebUIAbstractKeyword.groovy:27)
	at com.kms.katalon.core.webui.keyword.internal.WebUIAbstractKeyword.findWebElement(WebUIAbstractKeyword.groovy:26)
	at com.kms.katalon.core.webui.keyword.builtin.ClickKeyword$_click_closure1.doCall(ClickKeyword.groovy:67)
	at com.kms.katalon.core.webui.keyword.builtin.ClickKeyword$_click_closure1.call(ClickKeyword.groovy)
	at com.kms.katalon.core.webui.keyword.internal.WebUIKeywordMain.runKeyword(WebUIKeywordMain.groovy:20)
	at com.kms.katalon.core.webui.keyword.builtin.ClickKeyword.click(ClickKeyword.groovy:76)
	at com.kms.katalon.core.webui.keyword.builtin.ClickKeyword.execute(ClickKeyword.groovy:43)
	at com.kms.katalon.core.keyword.internal.KeywordExecutor.executeKeywordForPlatform(KeywordExecutor.groovy:73)
	at com.kms.katalon.core.webui.keyword.WebUiBuiltInKeywords.click(WebUiBuiltInKeywords.groovy:616)
	at com.kms.katalon.core.webui.keyword.WebUiBuiltInKeywords$click$3.call(Unknown Source)
	at ist_real.Contract_Dispatcher.checkboxGeneralMistake(Contract_Dispatcher.groovy:938)
	at cucumber.runtime.Utils$1.call(Utils.java:26)
	at cucumber.runtime.Timeout.timeout(Timeout.java:16)
	at cucumber.runtime.Utils.invoke(Utils.java:20)
	at cucumber.runtime.java.JavaStepDefinition.execute(JavaStepDefinition.java:48)
	at cucumber.runtime.PickleStepDefinitionMatch.runStep(PickleStepDefinitionMatch.java:50)
	at cucumber.runner.TestStep.executeStep(TestStep.java:55)
	at cucumber.runner.TestStep.run(TestStep.java:42)
	at cucumber.runner.PickleStepTestStep.run(PickleStepTestStep.java:53)
	at cucumber.runner.TestCase.run(TestCase.java:47)
	at cucumber.runner.Runner.runPickle(Runner.java:44)
	at cucumber.runtime.Runtime.runFeature(Runtime.java:120)
	at cucumber.runtime.Runtime.run(Runtime.java:106)
	at cucumber.api.cli.Main.run(Main.java:35)
	at cucumber.api.cli.Main$run.call(Unknown Source)
	at com.kms.katalon.core.cucumber.keyword.CucumberBuiltinKeywords$_runFeatureFile_closure1.doCall(CucumberBuiltinKeywords.groovy:76)
	at com.kms.katalon.core.cucumber.keyword.CucumberBuiltinKeywords$_runFeatureFile_closure1.doCall(CucumberBuiltinKeywords.groovy)
	at com.kms.katalon.core.keyword.internal.KeywordMain.runKeyword(KeywordMain.groovy:68)
	at com.kms.katalon.core.keyword.internal.KeywordMain$runKeyword.call(Unknown Source)
	at com.kms.katalon.core.cucumber.keyword.CucumberBuiltinKeywords.runFeatureFile(CucumberBuiltinKeywords.groovy:46)
	at com.kms.katalon.core.cucumber.keyword.CucumberBuiltinKeywords$runFeatureFile$0.callStatic(Unknown Source)
	at com.kms.katalon.core.cucumber.keyword.CucumberBuiltinKeywords.runFeatureFile(CucumberBuiltinKeywords.groovy:169)
	at com.kms.katalon.core.cucumber.keyword.CucumberBuiltinKeywords$runFeatureFile.call(Unknown Source)
	at Script1582710851139.run(Script1582710851139.groovy:16)
	... 13 more
)

2020-07-22 16:14:13 - [MESSAGE][FAILED] - Checkbox General Mistake "KTP Foto Komponen Tidak Ada" FAILED.
Reason:
com.kms.katalon.core.exception.StepFailedException: Unable to click on object ''
	at com.kms.katalon.core.webui.keyword.internal.WebUIKeywordMain.stepFailed(WebUIKeywordMain.groovy:64)
	at com.kms.katalon.core.webui.keyword.internal.WebUIKeywordMain.runKeyword(WebUIKeywordMain.groovy:26)
	at com.kms.katalon.core.webui.keyword.builtin.ClickKeyword.click(ClickKeyword.groovy:76)
	at com.kms.katalon.core.webui.keyword.builtin.ClickKeyword.execute(ClickKeyword.groovy:43)
	at com.kms.katalon.core.keyword.internal.KeywordExecutor.executeKeywordForPlatform(KeywordExecutor.groovy:73)
	at com.kms.katalon.core.webui.keyword.WebUiBuiltInKeywords.click(WebUiBuiltInKeywords.groovy:616)
	at com.kms.katalon.core.webui.keyword.WebUiBuiltInKeywords$click$3.call(Unknown Source)
	at ist_real.Contract_Dispatcher.checkboxGeneralMistake(Contract_Dispatcher.groovy:938)
	at ✽.Checkbox General Mistake "KTP Foto Komponen Tidak Ada"(/Users/chaidir.pratama01/Katalon Studio/IST_Automation_Git/Include/features/IST_Real/CONTRACT_DISPATCHER_TWO_WHEELERS/DEV/Pick_Mistake_Without_Choose_Dropdown_Mistake_Type.feature:49)
Caused by: java.lang.IndexOutOfBoundsException: Index: 0, Size: 0
	at com.kms.katalon.core.webui.common.WebUiCommonHelper.buildLocator(WebUiCommonHelper.java:519)
	at com.kms.katalon.core.webui.common.WebUiCommonHelper.findElementByNormalMethods(WebUiCommonHelper.java:985)
	at com.kms.katalon.core.webui.common.WebUiCommonHelper.findElementsBySelectedMethod(WebUiCommonHelper.java:894)
	at com.kms.katalon.core.webui.common.WebUiCommonHelper.findElementsWithSelfHealing(WebUiCommonHelper.java:791)
	at com.kms.katalon.core.webui.common.WebUiCommonHelper.findWebElements(WebUiCommonHelper.java:717)
	at com.kms.katalon.core.webui.common.WebUiCommonHelper.findWebElement(WebUiCommonHelper.java:1349)
	at com.kms.katalon.core.webui.keyword.internal.WebUIAbstractKeyword.findWebElement(WebUIAbstractKeyword.groovy:27)
	at com.kms.katalon.core.webui.keyword.internal.WebUIAbstractKeyword.findWebElement(WebUIAbstractKeyword.groovy:26)
	at com.kms.katalon.core.webui.keyword.builtin.ClickKeyword$_click_closure1.doCall(ClickKeyword.groovy:67)
	at com.kms.katalon.core.webui.keyword.builtin.ClickKeyword$_click_closure1.call(ClickKeyword.groovy)
	at com.kms.katalon.core.webui.keyword.internal.WebUIKeywordMain.runKeyword(WebUIKeywordMain.groovy:20)
	at com.kms.katalon.core.webui.keyword.builtin.ClickKeyword.click(ClickKeyword.groovy:76)
	at com.kms.katalon.core.webui.keyword.builtin.ClickKeyword.execute(ClickKeyword.groovy:43)
	at com.kms.katalon.core.keyword.internal.KeywordExecutor.executeKeywordForPlatform(KeywordExecutor.groovy:73)
	at com.kms.katalon.core.webui.keyword.WebUiBuiltInKeywords.click(WebUiBuiltInKeywords.groovy:616)
	at com.kms.katalon.core.webui.keyword.WebUiBuiltInKeywords$click$3.call(Unknown Source)
	at ist_real.Contract_Dispatcher.checkboxGeneralMistake(Contract_Dispatcher.groovy:938)
	at cucumber.runtime.Utils$1.call(Utils.java:26)
	at cucumber.runtime.Timeout.timeout(Timeout.java:16)
	at cucumber.runtime.Utils.invoke(Utils.java:20)
	at cucumber.runtime.java.JavaStepDefinition.execute(JavaStepDefinition.java:48)
	at cucumber.runtime.PickleStepDefinitionMatch.runStep(PickleStepDefinitionMatch.java:50)
	at cucumber.runner.TestStep.executeStep(TestStep.java:55)
	at cucumber.runner.TestStep.run(TestStep.java:42)
	at cucumber.runner.PickleStepTestStep.run(PickleStepTestStep.java:53)
	at cucumber.runner.TestCase.run(TestCase.java:47)
	at cucumber.runner.Runner.runPickle(Runner.java:44)
	at cucumber.runtime.Runtime.runFeature(Runtime.java:120)
	at cucumber.runtime.Runtime.run(Runtime.java:106)
	at cucumber.api.cli.Main.run(Main.java:35)
	at cucumber.api.cli.Main$run.call(Unknown Source)
	at com.kms.katalon.core.cucumber.keyword.CucumberBuiltinKeywords$_runFeatureFile_closure1.doCall(CucumberBuiltinKeywords.groovy:76)
	at com.kms.katalon.core.cucumber.keyword.CucumberBuiltinKeywords$_runFeatureFile_closure1.doCall(CucumberBuiltinKeywords.groovy)
	at com.kms.katalon.core.keyword.internal.KeywordMain.runKeyword(KeywordMain.groovy:68)
	at com.kms.katalon.core.keyword.internal.KeywordMain$runKeyword.call(Unknown Source)
	at com.kms.katalon.core.cucumber.keyword.CucumberBuiltinKeywords.runFeatureFile(CucumberBuiltinKeywords.groovy:46)
	at com.kms.katalon.core.cucumber.keyword.CucumberBuiltinKeywords$runFeatureFile$0.callStatic(Unknown Source)
	at com.kms.katalon.core.cucumber.keyword.CucumberBuiltinKeywords.runFeatureFile(CucumberBuiltinKeywords.groovy:169)
	at com.kms.katalon.core.cucumber.keyword.CucumberBuiltinKeywords$runFeatureFile.call(Unknown Source)
	at Pick_Mistake_Without_Choose_Dropdown_Mistake_Type.run(Pick_Mistake_Without_Choose_Dropdown_Mistake_Type:16)
	at com.kms.katalon.core.main.ScriptEngine.run(ScriptEngine.java:194)
	at com.kms.katalon.core.main.ScriptEngine.runScriptAsRawText(ScriptEngine.java:119)
	at com.kms.katalon.core.main.TestCaseExecutor.runScript(TestCaseExecutor.java:339)
	at com.kms.katalon.core.main.TestCaseExecutor.doExecute(TestCaseExecutor.java:330)
	at com.kms.katalon.core.main.TestCaseExecutor.processExecutionPhase(TestCaseExecutor.java:309)
	at com.kms.katalon.core.main.TestCaseExecutor.accessMainPhase(TestCaseExecutor.java:301)
	at com.kms.katalon.core.main.TestCaseExecutor.execute(TestCaseExecutor.java:235)
	at com.kms.katalon.core.main.TestSuiteExecutor.accessTestCaseMainPhase(TestSuiteExecutor.java:191)
	at com.kms.katalon.core.main.TestSuiteExecutor.accessTestSuiteMainPhase(TestSuiteExecutor.java:141)
	at com.kms.katalon.core.main.TestSuiteExecutor.execute(TestSuiteExecutor.java:90)
	at com.kms.katalon.core.main.TestCaseMain.startTestSuite(TestCaseMain.java:157)
	at com.kms.katalon.core.main.TestCaseMain$startTestSuite$0.call(Unknown Source)
	at TempTestSuite1595408865749.run(TempTestSuite1595408865749.groovy:39)


2020-07-22 16:14:13 - [TEST_STEP][NOT_RUN] - Click button "Save": Click button "Save"

2020-07-22 16:14:13 - [MESSAGE][NOT_RUN] - Click button "Save"

2020-07-22 16:14:13 - [TEST_STEP][NOT_RUN] - Get text from pop up "IT Supporting Tools" with text "Mistake Type cannot be empty": Get text from pop up "IT Supporting Tools" with text "Mistake Type cannot be empty"

2020-07-22 16:14:13 - [MESSAGE][NOT_RUN] - Get text from pop up "IT Supporting Tools" with text "Mistake Type cannot be empty"

2020-07-22 16:14:13 - [TEST_STEP][NOT_RUN] - Click button "OK": Click button "OK"

2020-07-22 16:14:13 - [MESSAGE][NOT_RUN] - Click button "OK"

2020-07-22 16:14:13 - [TEST_STEP][NOT_RUN] - Click button "Logout": Click button "Logout"

2020-07-22 16:14:13 - [MESSAGE][NOT_RUN] - Click button "Logout"

2020-07-22 16:14:13 - [TEST_STEP][NOT_RUN] - Comment "Register Mistake failed because Dropdown Mistake type didn't choose": Comment "Register Mistake failed because Dropdown Mistake type didn't choose"

2020-07-22 16:14:13 - [MESSAGE][NOT_RUN] - Comment "Register Mistake failed because Dropdown Mistake type didn't choose"

2020-07-22 16:14:13 - [TEST_STEP][NOT_RUN] - Close browser: Close browser

2020-07-22 16:14:13 - [MESSAGE][NOT_RUN] - Close browser

2020-07-22 16:14:13 - [MESSAGE][FAILED] - Feature file 'Include/features/IST_Real/CONTRACT_DISPATCHER_TWO_WHEELERS/DEV/Pick_Mistake_Without_Choose_Dropdown_Mistake_Type.feature' was failed

2020-07-22 16:14:13 - [MESSAGE][FAILED] - Keyword runFeatureFile was failed (Root cause: com.kms.katalon.core.exception.StepFailedException: Feature file 'Include/features/IST_Real/CONTRACT_DISPATCHER_TWO_WHEELERS/DEV/Pick_Mistake_Without_Choose_Dropdown_Mistake_Type.feature' was failed
	at com.kms.katalon.core.keyword.internal.KeywordMain.stepFailed(KeywordMain.groovy:50)
	at com.kms.katalon.core.keyword.internal.KeywordMain.stepFailed(KeywordMain.groovy)
	at com.kms.katalon.core.keyword.internal.KeywordMain.stepFailed(KeywordMain.groovy:23)
	at com.kms.katalon.core.keyword.internal.KeywordMain$stepFailed$0.call(Unknown Source)
	at com.kms.katalon.core.cucumber.keyword.CucumberBuiltinKeywords$_runFeatureFile_closure1.doCall(CucumberBuiltinKeywords.groovy:82)
	at com.kms.katalon.core.cucumber.keyword.CucumberBuiltinKeywords$_runFeatureFile_closure1.doCall(CucumberBuiltinKeywords.groovy)
	at com.kms.katalon.core.keyword.internal.KeywordMain.runKeyword(KeywordMain.groovy:68)
	at com.kms.katalon.core.keyword.internal.KeywordMain$runKeyword.call(Unknown Source)
	at com.kms.katalon.core.cucumber.keyword.CucumberBuiltinKeywords.runFeatureFile(CucumberBuiltinKeywords.groovy:46)
	at com.kms.katalon.core.cucumber.keyword.CucumberBuiltinKeywords$runFeatureFile$0.callStatic(Unknown Source)
	at com.kms.katalon.core.cucumber.keyword.CucumberBuiltinKeywords.runFeatureFile(CucumberBuiltinKeywords.groovy:169)
	at com.kms.katalon.core.cucumber.keyword.CucumberBuiltinKeywords$runFeatureFile.call(Unknown Source)
	at Pick_Mistake_Without_Choose_Dropdown_Mistake_Type.run(Pick_Mistake_Without_Choose_Dropdown_Mistake_Type:16)
	at com.kms.katalon.core.main.ScriptEngine.run(ScriptEngine.java:194)
	at com.kms.katalon.core.main.ScriptEngine.runScriptAsRawText(ScriptEngine.java:119)
	at com.kms.katalon.core.main.TestCaseExecutor.runScript(TestCaseExecutor.java:339)
	at com.kms.katalon.core.main.TestCaseExecutor.doExecute(TestCaseExecutor.java:330)
	at com.kms.katalon.core.main.TestCaseExecutor.processExecutionPhase(TestCaseExecutor.java:309)
	at com.kms.katalon.core.main.TestCaseExecutor.accessMainPhase(TestCaseExecutor.java:301)
	at com.kms.katalon.core.main.TestCaseExecutor.execute(TestCaseExecutor.java:235)
	at com.kms.katalon.core.main.TestSuiteExecutor.accessTestCaseMainPhase(TestSuiteExecutor.java:191)
	at com.kms.katalon.core.main.TestSuiteExecutor.accessTestSuiteMainPhase(TestSuiteExecutor.java:141)
	at com.kms.katalon.core.main.TestSuiteExecutor.execute(TestSuiteExecutor.java:90)
	at com.kms.katalon.core.main.TestCaseMain.startTestSuite(TestCaseMain.java:157)
	at com.kms.katalon.core.main.TestCaseMain$startTestSuite$0.call(Unknown Source)
	at TempTestSuite1595408865749.run(TempTestSuite1595408865749.groovy:39)
)]]></system-out>
         <system-err><![CDATA[2020-07-22 16:11:06 - [TEST_CASE][FAILED] - Test Cases/IST_Real/CONTRACT_DISPATCHER_TWO_WHEELERS/DEV/Pick_Mistake_Without_Choose_Dropdown_Mistake_Type: Test Cases/IST_Real/CONTRACT_DISPATCHER_TWO_WHEELERS/DEV/Pick_Mistake_Without_Choose_Dropdown_Mistake_Type FAILED.
Reason:
com.kms.katalon.core.exception.StepFailedException: Feature file 'Include/features/IST_Real/CONTRACT_DISPATCHER_TWO_WHEELERS/DEV/Pick_Mistake_Without_Choose_Dropdown_Mistake_Type.feature' was failed
	at com.kms.katalon.core.keyword.internal.KeywordMain.stepFailed(KeywordMain.groovy:50)
	at com.kms.katalon.core.keyword.internal.KeywordMain.stepFailed(KeywordMain.groovy)
	at com.kms.katalon.core.keyword.internal.KeywordMain.stepFailed(KeywordMain.groovy:23)
	at com.kms.katalon.core.keyword.internal.KeywordMain$stepFailed$0.call(Unknown Source)
	at com.kms.katalon.core.cucumber.keyword.CucumberBuiltinKeywords$_runFeatureFile_closure1.doCall(CucumberBuiltinKeywords.groovy:82)
	at com.kms.katalon.core.cucumber.keyword.CucumberBuiltinKeywords$_runFeatureFile_closure1.doCall(CucumberBuiltinKeywords.groovy)
	at com.kms.katalon.core.keyword.internal.KeywordMain.runKeyword(KeywordMain.groovy:68)
	at com.kms.katalon.core.keyword.internal.KeywordMain$runKeyword.call(Unknown Source)
	at com.kms.katalon.core.cucumber.keyword.CucumberBuiltinKeywords.runFeatureFile(CucumberBuiltinKeywords.groovy:46)
	at com.kms.katalon.core.cucumber.keyword.CucumberBuiltinKeywords$runFeatureFile$0.callStatic(Unknown Source)
	at com.kms.katalon.core.cucumber.keyword.CucumberBuiltinKeywords.runFeatureFile(CucumberBuiltinKeywords.groovy:169)
	at com.kms.katalon.core.cucumber.keyword.CucumberBuiltinKeywords$runFeatureFile.call(Unknown Source)
	at Pick_Mistake_Without_Choose_Dropdown_Mistake_Type.run(Pick_Mistake_Without_Choose_Dropdown_Mistake_Type:16)
	at com.kms.katalon.core.main.ScriptEngine.run(ScriptEngine.java:194)
	at com.kms.katalon.core.main.ScriptEngine.runScriptAsRawText(ScriptEngine.java:119)
	at com.kms.katalon.core.main.TestCaseExecutor.runScript(TestCaseExecutor.java:339)
	at com.kms.katalon.core.main.TestCaseExecutor.doExecute(TestCaseExecutor.java:330)
	at com.kms.katalon.core.main.TestCaseExecutor.processExecutionPhase(TestCaseExecutor.java:309)
	at com.kms.katalon.core.main.TestCaseExecutor.accessMainPhase(TestCaseExecutor.java:301)
	at com.kms.katalon.core.main.TestCaseExecutor.execute(TestCaseExecutor.java:235)
	at com.kms.katalon.core.main.TestSuiteExecutor.accessTestCaseMainPhase(TestSuiteExecutor.java:191)
	at com.kms.katalon.core.main.TestSuiteExecutor.accessTestSuiteMainPhase(TestSuiteExecutor.java:141)
	at com.kms.katalon.core.main.TestSuiteExecutor.execute(TestSuiteExecutor.java:90)
	at com.kms.katalon.core.main.TestCaseMain.startTestSuite(TestCaseMain.java:157)
	at com.kms.katalon.core.main.TestCaseMain$startTestSuite$0.call(Unknown Source)
	at TempTestSuite1595408865749.run(TempTestSuite1595408865749.groovy:39)]]></system-err>
      </testcase>
      <testcase name="Test Cases/IST_Real/CONTRACT_DISPATCHER_TWO_WHEELERS/DEV/Update_Tbl_CDS_CDC" time="2.269" classname="Test Cases/IST_Real/CONTRACT_DISPATCHER_TWO_WHEELERS/DEV/Update_Tbl_CDS_CDC" status="PASSED">
         <system-out><![CDATA[2020-07-22 16:14:13 - [TEST_CASE][PASSED] - Test Cases/IST_Real/CONTRACT_DISPATCHER_TWO_WHEELERS/DEV/Update_Tbl_CDS_CDC: Test Cases/IST_Real/CONTRACT_DISPATCHER_TWO_WHEELERS/DEV/Update_Tbl_CDS_CDC

2020-07-22 16:14:13 - [TEST_STEP][PASSED] - runFeatureFile("Include/features/IST_Real/CONTRACT_DISPATCHER_TWO_WHEELERS/DEV/Update_Tbl_CDS_CDC.feature"): Feature file: 'Include/features/IST_Real/CONTRACT_DISPATCHER_TWO_WHEELERS/DEV/Update_Tbl_CDS_CDC.feature' was passed

2020-07-22 16:14:13 - [MESSAGE][INFO] - Starting run keyword runFeatureFile: 'Include/features/IST_Real/CONTRACT_DISPATCHER_TWO_WHEELERS/DEV/Update_Tbl_CDS_CDC.feature' and extract report to folder: '/Users/chaidir.pratama01/Katalon Studio/IST_Automation_Git/Reports/20200722_160745/CONTRACT_DISPATCHER_TWO_WHEELERS/DEV/TS_Contract_Dispatcher_Two_Wheelers/20200722_160745/cucumber_report/1595409253039'...

2020-07-22 16:14:13 - [TEST_CASE][PASSED] - Start Test Case : SCENARIO Update Table CONTRACT_DISPATCHER_SOURCE and CONTRACT_DISPTACHER_CLAIM: SCENARIO Update Table CONTRACT_DISPATCHER_SOURCE and CONTRACT_DISPTACHER_CLAIM

2020-07-22 16:14:13 - [TEST_STEP][PASSED] - Connect to APP_ACCOUNT C1: Connect to APP_ACCOUNT C1

2020-07-22 16:14:13 - [MESSAGE][PASSED] - Connect to APP_ACCOUNT C1

2020-07-22 16:14:13 - [TEST_STEP][PASSED] - Update Tbl CONTRACT DISPATCHER SOURCE To Change PROCESSED From Y to N: Update Tbl CONTRACT DISPATCHER SOURCE To Change PROCESSED From Y to N

2020-07-22 16:14:13 - [MESSAGE][PASSED] - Update Tbl CONTRACT DISPATCHER SOURCE To Change PROCESSED From Y to N

2020-07-22 16:14:13 - [TEST_STEP][PASSED] - Update Tbl CONTRACT DISPATCHER CLAIM To Delete PROCESS From Column STATUS: Update Tbl CONTRACT DISPATCHER CLAIM To Delete PROCESS From Column STATUS

2020-07-22 16:14:15 - [MESSAGE][PASSED] - Update Tbl CONTRACT DISPATCHER CLAIM To Delete PROCESS From Column STATUS

2020-07-22 16:14:15 - [MESSAGE][PASSED] - Feature file: 'Include/features/IST_Real/CONTRACT_DISPATCHER_TWO_WHEELERS/DEV/Update_Tbl_CDS_CDC.feature' was passed]]></system-out>
         <system-err><![CDATA[]]></system-err>
      </testcase>
      <testcase name="Test Cases/IST_Real/CONTRACT_DISPATCHER_TWO_WHEELERS/DEV/Pick_Mistake_Without_Write_Textarea_Note_After" time="138.471" classname="Test Cases/IST_Real/CONTRACT_DISPATCHER_TWO_WHEELERS/DEV/Pick_Mistake_Without_Write_Textarea_Note_After" status="FAILED">
         <failure type="FAILED" message="Test Cases/IST_Real/CONTRACT_DISPATCHER_TWO_WHEELERS/DEV/Pick_Mistake_Without_Write_Textarea_Note_After FAILED.
Reason:
com.kms.katalon.core.exception.StepFailedException: Feature file 'Include/features/IST_Real/CONTRACT_DISPATCHER_TWO_WHEELERS/DEV/Pick_Mistake_Without_Write_Textarea_Note_After.feature' was failed
	at com.kms.katalon.core.keyword.internal.KeywordMain.stepFailed(KeywordMain.groovy:50)
	at com.kms.katalon.core.keyword.internal.KeywordMain.stepFailed(KeywordMain.groovy)
	at com.kms.katalon.core.keyword.internal.KeywordMain.stepFailed(KeywordMain.groovy:23)
	at com.kms.katalon.core.keyword.internal.KeywordMain$stepFailed$0.call(Unknown Source)
	at com.kms.katalon.core.cucumber.keyword.CucumberBuiltinKeywords$_runFeatureFile_closure1.doCall(CucumberBuiltinKeywords.groovy:82)
	at com.kms.katalon.core.cucumber.keyword.CucumberBuiltinKeywords$_runFeatureFile_closure1.doCall(CucumberBuiltinKeywords.groovy)
	at com.kms.katalon.core.keyword.internal.KeywordMain.runKeyword(KeywordMain.groovy:68)
	at com.kms.katalon.core.keyword.internal.KeywordMain$runKeyword.call(Unknown Source)
	at com.kms.katalon.core.cucumber.keyword.CucumberBuiltinKeywords.runFeatureFile(CucumberBuiltinKeywords.groovy:46)
	at com.kms.katalon.core.cucumber.keyword.CucumberBuiltinKeywords$runFeatureFile$0.callStatic(Unknown Source)
	at com.kms.katalon.core.cucumber.keyword.CucumberBuiltinKeywords.runFeatureFile(CucumberBuiltinKeywords.groovy:169)
	at com.kms.katalon.core.cucumber.keyword.CucumberBuiltinKeywords$runFeatureFile.call(Unknown Source)
	at Pick_Mistake_Without_Write_Textarea_Note_After.run(Pick_Mistake_Without_Write_Textarea_Note_After:16)
	at com.kms.katalon.core.main.ScriptEngine.run(ScriptEngine.java:194)
	at com.kms.katalon.core.main.ScriptEngine.runScriptAsRawText(ScriptEngine.java:119)
	at com.kms.katalon.core.main.TestCaseExecutor.runScript(TestCaseExecutor.java:339)
	at com.kms.katalon.core.main.TestCaseExecutor.doExecute(TestCaseExecutor.java:330)
	at com.kms.katalon.core.main.TestCaseExecutor.processExecutionPhase(TestCaseExecutor.java:309)
	at com.kms.katalon.core.main.TestCaseExecutor.accessMainPhase(TestCaseExecutor.java:301)
	at com.kms.katalon.core.main.TestCaseExecutor.execute(TestCaseExecutor.java:235)
	at com.kms.katalon.core.main.TestSuiteExecutor.accessTestCaseMainPhase(TestSuiteExecutor.java:191)
	at com.kms.katalon.core.main.TestSuiteExecutor.accessTestSuiteMainPhase(TestSuiteExecutor.java:141)
	at com.kms.katalon.core.main.TestSuiteExecutor.execute(TestSuiteExecutor.java:90)
	at com.kms.katalon.core.main.TestCaseMain.startTestSuite(TestCaseMain.java:157)
	at com.kms.katalon.core.main.TestCaseMain$startTestSuite$0.call(Unknown Source)
	at TempTestSuite1595408865749.run(TempTestSuite1595408865749.groovy:39)
"/>
         <system-out><![CDATA[2020-07-22 16:14:15 - [TEST_CASE][FAILED] - Test Cases/IST_Real/CONTRACT_DISPATCHER_TWO_WHEELERS/DEV/Pick_Mistake_Without_Write_Textarea_Note_After: Test Cases/IST_Real/CONTRACT_DISPATCHER_TWO_WHEELERS/DEV/Pick_Mistake_Without_Write_Textarea_Note_After FAILED.
Reason:
com.kms.katalon.core.exception.StepFailedException: Feature file 'Include/features/IST_Real/CONTRACT_DISPATCHER_TWO_WHEELERS/DEV/Pick_Mistake_Without_Write_Textarea_Note_After.feature' was failed
	at com.kms.katalon.core.keyword.internal.KeywordMain.stepFailed(KeywordMain.groovy:50)
	at com.kms.katalon.core.keyword.internal.KeywordMain.stepFailed(KeywordMain.groovy)
	at com.kms.katalon.core.keyword.internal.KeywordMain.stepFailed(KeywordMain.groovy:23)
	at com.kms.katalon.core.keyword.internal.KeywordMain$stepFailed$0.call(Unknown Source)
	at com.kms.katalon.core.cucumber.keyword.CucumberBuiltinKeywords$_runFeatureFile_closure1.doCall(CucumberBuiltinKeywords.groovy:82)
	at com.kms.katalon.core.cucumber.keyword.CucumberBuiltinKeywords$_runFeatureFile_closure1.doCall(CucumberBuiltinKeywords.groovy)
	at com.kms.katalon.core.keyword.internal.KeywordMain.runKeyword(KeywordMain.groovy:68)
	at com.kms.katalon.core.keyword.internal.KeywordMain$runKeyword.call(Unknown Source)
	at com.kms.katalon.core.cucumber.keyword.CucumberBuiltinKeywords.runFeatureFile(CucumberBuiltinKeywords.groovy:46)
	at com.kms.katalon.core.cucumber.keyword.CucumberBuiltinKeywords$runFeatureFile$0.callStatic(Unknown Source)
	at com.kms.katalon.core.cucumber.keyword.CucumberBuiltinKeywords.runFeatureFile(CucumberBuiltinKeywords.groovy:169)
	at com.kms.katalon.core.cucumber.keyword.CucumberBuiltinKeywords$runFeatureFile.call(Unknown Source)
	at Pick_Mistake_Without_Write_Textarea_Note_After.run(Pick_Mistake_Without_Write_Textarea_Note_After:16)
	at com.kms.katalon.core.main.ScriptEngine.run(ScriptEngine.java:194)
	at com.kms.katalon.core.main.ScriptEngine.runScriptAsRawText(ScriptEngine.java:119)
	at com.kms.katalon.core.main.TestCaseExecutor.runScript(TestCaseExecutor.java:339)
	at com.kms.katalon.core.main.TestCaseExecutor.doExecute(TestCaseExecutor.java:330)
	at com.kms.katalon.core.main.TestCaseExecutor.processExecutionPhase(TestCaseExecutor.java:309)
	at com.kms.katalon.core.main.TestCaseExecutor.accessMainPhase(TestCaseExecutor.java:301)
	at com.kms.katalon.core.main.TestCaseExecutor.execute(TestCaseExecutor.java:235)
	at com.kms.katalon.core.main.TestSuiteExecutor.accessTestCaseMainPhase(TestSuiteExecutor.java:191)
	at com.kms.katalon.core.main.TestSuiteExecutor.accessTestSuiteMainPhase(TestSuiteExecutor.java:141)
	at com.kms.katalon.core.main.TestSuiteExecutor.execute(TestSuiteExecutor.java:90)
	at com.kms.katalon.core.main.TestCaseMain.startTestSuite(TestCaseMain.java:157)
	at com.kms.katalon.core.main.TestCaseMain$startTestSuite$0.call(Unknown Source)
	at TempTestSuite1595408865749.run(TempTestSuite1595408865749.groovy:39)


2020-07-22 16:14:15 - [TEST_STEP][FAILED] - runFeatureFile("Include/features/IST_Real/CONTRACT_DISPATCHER_TWO_WHEELERS/DEV/Pick_Mistake_Without_Write_Textarea_Note_After.feature"): Keyword runFeatureFile was failed (Root cause: com.kms.katalon.core.exception.StepFailedException: Feature file 'Include/features/IST_Real/CONTRACT_DISPATCHER_TWO_WHEELERS/DEV/Pick_Mistake_Without_Write_Textarea_Note_After.feature' was failed
	at com.kms.katalon.core.keyword.internal.KeywordMain.stepFailed(KeywordMain.groovy:50)
	at com.kms.katalon.core.keyword.internal.KeywordMain.stepFailed(KeywordMain.groovy)
	at com.kms.katalon.core.keyword.internal.KeywordMain.stepFailed(KeywordMain.groovy:23)
	at com.kms.katalon.core.keyword.internal.KeywordMain$stepFailed$0.call(Unknown Source)
	at com.kms.katalon.core.cucumber.keyword.CucumberBuiltinKeywords$_runFeatureFile_closure1.doCall(CucumberBuiltinKeywords.groovy:82)
	at com.kms.katalon.core.cucumber.keyword.CucumberBuiltinKeywords$_runFeatureFile_closure1.doCall(CucumberBuiltinKeywords.groovy)
	at com.kms.katalon.core.keyword.internal.KeywordMain.runKeyword(KeywordMain.groovy:68)
	at com.kms.katalon.core.keyword.internal.KeywordMain$runKeyword.call(Unknown Source)
	at com.kms.katalon.core.cucumber.keyword.CucumberBuiltinKeywords.runFeatureFile(CucumberBuiltinKeywords.groovy:46)
	at com.kms.katalon.core.cucumber.keyword.CucumberBuiltinKeywords$runFeatureFile$0.callStatic(Unknown Source)
	at com.kms.katalon.core.cucumber.keyword.CucumberBuiltinKeywords.runFeatureFile(CucumberBuiltinKeywords.groovy:169)
	at com.kms.katalon.core.cucumber.keyword.CucumberBuiltinKeywords$runFeatureFile.call(Unknown Source)
	at Pick_Mistake_Without_Write_Textarea_Note_After.run(Pick_Mistake_Without_Write_Textarea_Note_After:16)
	at com.kms.katalon.core.main.ScriptEngine.run(ScriptEngine.java:194)
	at com.kms.katalon.core.main.ScriptEngine.runScriptAsRawText(ScriptEngine.java:119)
	at com.kms.katalon.core.main.TestCaseExecutor.runScript(TestCaseExecutor.java:339)
	at com.kms.katalon.core.main.TestCaseExecutor.doExecute(TestCaseExecutor.java:330)
	at com.kms.katalon.core.main.TestCaseExecutor.processExecutionPhase(TestCaseExecutor.java:309)
	at com.kms.katalon.core.main.TestCaseExecutor.accessMainPhase(TestCaseExecutor.java:301)
	at com.kms.katalon.core.main.TestCaseExecutor.execute(TestCaseExecutor.java:235)
	at com.kms.katalon.core.main.TestSuiteExecutor.accessTestCaseMainPhase(TestSuiteExecutor.java:191)
	at com.kms.katalon.core.main.TestSuiteExecutor.accessTestSuiteMainPhase(TestSuiteExecutor.java:141)
	at com.kms.katalon.core.main.TestSuiteExecutor.execute(TestSuiteExecutor.java:90)
	at com.kms.katalon.core.main.TestCaseMain.startTestSuite(TestCaseMain.java:157)
	at com.kms.katalon.core.main.TestCaseMain$startTestSuite$0.call(Unknown Source)
	at TempTestSuite1595408865749.run(TempTestSuite1595408865749.groovy:39)
)

2020-07-22 16:14:15 - [MESSAGE][INFO] - Starting run keyword runFeatureFile: 'Include/features/IST_Real/CONTRACT_DISPATCHER_TWO_WHEELERS/DEV/Pick_Mistake_Without_Write_Textarea_Note_After.feature' and extract report to folder: '/Users/chaidir.pratama01/Katalon Studio/IST_Automation_Git/Reports/20200722_160745/CONTRACT_DISPATCHER_TWO_WHEELERS/DEV/TS_Contract_Dispatcher_Two_Wheelers/20200722_160745/cucumber_report/1595409255382'...

2020-07-22 16:14:15 - [TEST_CASE][PASSED] - Start Test Case : SCENARIO Assign User to Contract Two Wheelers: SCENARIO Assign User to Contract Two Wheelers

2020-07-22 16:14:15 - [TEST_STEP][PASSED] - Go to IST: Go to IST

2020-07-22 16:14:15 - [MESSAGE][WARNING] - A browser is already opened. Closing browser and opening a new one

2020-07-22 16:14:15 - [MESSAGE][INFO] - Starting 'Chrome' driver

2020-07-22 16:14:15 - [MESSAGE][INFO] - Action delay is set to 0 milliseconds

2020-07-22 16:14:16 - [MESSAGE][PASSED] - Browser is opened with url: ''

2020-07-22 16:14:18 - [MESSAGE][PASSED] - Navigate to 'https://dev-istools.homecredit.id/foundation/login.zul' successfully

2020-07-22 16:14:18 - [MESSAGE][PASSED] - Go to IST

2020-07-22 16:14:18 - [TEST_STEP][PASSED] - Login IST with valid credentials: Login IST with valid credentials

2020-07-22 16:14:18 - [MESSAGE][PASSED] - Text 'mobile.test' is set on object 'Object Repository/Page_/input_Username_j_username'

2020-07-22 16:14:19 - [MESSAGE][PASSED] - Text ****** has been set on object 'Object Repository/Page_/input_Password_j_password'

2020-07-22 16:14:20 - [MESSAGE][PASSED] - Object: 'Object Repository/Page_/button_Login' is clicked on

2020-07-22 16:14:20 - [MESSAGE][PASSED] - Login IST with valid credentials

2020-07-22 16:14:20 - [TEST_STEP][PASSED] - Login Success for contract dispatcher: Login Success for contract dispatcher

2020-07-22 16:14:20 - [MESSAGE][INFO] - Login Success

2020-07-22 16:14:21 - [MESSAGE][PASSED] - Current window maximized

2020-07-22 16:14:21 - [MESSAGE][PASSED] - Object 'Object Repository/Page_/h1_Welcome to IT Supporting Tools' is present

2020-07-22 16:14:21 - [MESSAGE][PASSED] - Login Success for contract dispatcher

2020-07-22 16:14:21 - [TEST_STEP][PASSED] - Select Arrow Menu "Contract Dispatcher Admin": Select Arrow Menu "Contract Dispatcher Admin"

2020-07-22 16:14:21 - [MESSAGE][PASSED] - Object: '' is clicked on

2020-07-22 16:14:21 - [MESSAGE][PASSED] - Select Arrow Menu "Contract Dispatcher Admin"

2020-07-22 16:14:21 - [TEST_STEP][PASSED] - Select Menu "Management Assignment": Select Menu "Management Assignment"

2020-07-22 16:14:22 - [MESSAGE][PASSED] - Object '' is present

2020-07-22 16:14:22 - [MESSAGE][PASSED] - Object: '' is clicked on

2020-07-22 16:14:22 - [MESSAGE][PASSED] - Wait for page load successfully

2020-07-22 16:14:22 - [MESSAGE][PASSED] - Select Menu "Management Assignment"

2020-07-22 16:14:22 - [TEST_STEP][PASSED] - Select Username "mobile.test" of Management Assignment: Select Username "mobile.test" of Management Assignment

2020-07-22 16:14:25 - [MESSAGE][PASSED] - All options with value 'mobile.test' are selected in object 'Object Repository/Page_/dropdown_list_username_assignment'  using regular expression

2020-07-22 16:14:25 - [MESSAGE][PASSED] - Select Username "mobile.test" of Management Assignment

2020-07-22 16:14:25 - [TEST_STEP][PASSED] - Check for username if already assigned to "Two Wheelers": Check for username if already assigned to "Two Wheelers"

2020-07-22 16:14:28 - [MESSAGE][PASSED] - Scroll to object '' successfully

2020-07-22 16:14:29 - [MESSAGE][PASSED] - Object '' is present

2020-07-22 16:14:29 - [MESSAGE][PASSED] - Object '' is checked

2020-07-22 16:14:29 - [MESSAGE][INFO] - Element is already Checked

2020-07-22 16:14:29 - [MESSAGE][PASSED] - Check for username if already assigned to "Two Wheelers"

2020-07-22 16:14:29 - [TEST_STEP][PASSED] - Wait page for load: Wait page for load

2020-07-22 16:14:29 - [MESSAGE][PASSED] - Wait for page load successfully

2020-07-22 16:14:29 - [MESSAGE][PASSED] - Wait page for load

2020-07-22 16:14:29 - [TEST_STEP][PASSED] - Click button "Logout": Click button "Logout"

2020-07-22 16:14:29 - [MESSAGE][INFO] - >>>>>//Button[contains(text(),'Logout')]

2020-07-22 16:14:33 - [MESSAGE][PASSED] - Object: '' is clicked on

2020-07-22 16:14:33 - [MESSAGE][PASSED] - Click button "Logout"

2020-07-22 16:14:33 - [TEST_STEP][PASSED] - Close browser: Close browser

2020-07-22 16:14:33 - [MESSAGE][PASSED] - Browser is closed

2020-07-22 16:14:33 - [MESSAGE][PASSED] - Close browser

2020-07-22 16:14:33 - [TEST_CASE][FAILED] - Start Test Case : SCENARIO Select Menu Contract Dispatcher and Select Contract based on type contract Two Wheelers EFP: SCENARIO Select Menu Contract Dispatcher and Select Contract based on type contract Two Wheelers EFP FAILED.
Reason:
com.kms.katalon.core.exception.StepFailedException: Unable to click on object ''
	at com.kms.katalon.core.webui.keyword.internal.WebUIKeywordMain.stepFailed(WebUIKeywordMain.groovy:64)
	at com.kms.katalon.core.webui.keyword.internal.WebUIKeywordMain.runKeyword(WebUIKeywordMain.groovy:26)
	at com.kms.katalon.core.webui.keyword.builtin.ClickKeyword.click(ClickKeyword.groovy:76)
	at com.kms.katalon.core.webui.keyword.builtin.ClickKeyword.execute(ClickKeyword.groovy:43)
	at com.kms.katalon.core.keyword.internal.KeywordExecutor.executeKeywordForPlatform(KeywordExecutor.groovy:73)
	at com.kms.katalon.core.webui.keyword.WebUiBuiltInKeywords.click(WebUiBuiltInKeywords.groovy:616)
	at com.kms.katalon.core.webui.keyword.WebUiBuiltInKeywords$click$3.call(Unknown Source)
	at ist_real.Contract_Dispatcher.checkboxGeneralMistake(Contract_Dispatcher.groovy:938)
	at ✽.Checkbox General Mistake "KTP / Resi - Alamat tetap pemohon pada sistem (HoS) berbeda dengan KTP"(/Users/chaidir.pratama01/Katalon Studio/IST_Automation_Git/Include/features/IST_Real/CONTRACT_DISPATCHER_TWO_WHEELERS/DEV/Pick_Mistake_Without_Write_Textarea_Note_After.feature:49)
Caused by: java.lang.IndexOutOfBoundsException: Index: 0, Size: 0
	at com.kms.katalon.core.webui.common.WebUiCommonHelper.buildLocator(WebUiCommonHelper.java:519)
	at com.kms.katalon.core.webui.common.WebUiCommonHelper.findElementByNormalMethods(WebUiCommonHelper.java:985)
	at com.kms.katalon.core.webui.common.WebUiCommonHelper.findElementsBySelectedMethod(WebUiCommonHelper.java:894)
	at com.kms.katalon.core.webui.common.WebUiCommonHelper.findElementsWithSelfHealing(WebUiCommonHelper.java:791)
	at com.kms.katalon.core.webui.common.WebUiCommonHelper.findWebElements(WebUiCommonHelper.java:717)
	at com.kms.katalon.core.webui.common.WebUiCommonHelper.findWebElement(WebUiCommonHelper.java:1349)
	at com.kms.katalon.core.webui.keyword.internal.WebUIAbstractKeyword.findWebElement(WebUIAbstractKeyword.groovy:27)
	at com.kms.katalon.core.webui.keyword.internal.WebUIAbstractKeyword.findWebElement(WebUIAbstractKeyword.groovy:26)
	at com.kms.katalon.core.webui.keyword.builtin.ClickKeyword$_click_closure1.doCall(ClickKeyword.groovy:67)
	at com.kms.katalon.core.webui.keyword.builtin.ClickKeyword$_click_closure1.call(ClickKeyword.groovy)
	at com.kms.katalon.core.webui.keyword.internal.WebUIKeywordMain.runKeyword(WebUIKeywordMain.groovy:20)
	at com.kms.katalon.core.webui.keyword.builtin.ClickKeyword.click(ClickKeyword.groovy:76)
	at com.kms.katalon.core.webui.keyword.builtin.ClickKeyword.execute(ClickKeyword.groovy:43)
	at com.kms.katalon.core.keyword.internal.KeywordExecutor.executeKeywordForPlatform(KeywordExecutor.groovy:73)
	at com.kms.katalon.core.webui.keyword.WebUiBuiltInKeywords.click(WebUiBuiltInKeywords.groovy:616)
	at com.kms.katalon.core.webui.keyword.WebUiBuiltInKeywords$click$3.call(Unknown Source)
	at ist_real.Contract_Dispatcher.checkboxGeneralMistake(Contract_Dispatcher.groovy:938)
	at cucumber.runtime.Utils$1.call(Utils.java:26)
	at cucumber.runtime.Timeout.timeout(Timeout.java:16)
	at cucumber.runtime.Utils.invoke(Utils.java:20)
	at cucumber.runtime.java.JavaStepDefinition.execute(JavaStepDefinition.java:48)
	at cucumber.runtime.PickleStepDefinitionMatch.runStep(PickleStepDefinitionMatch.java:50)
	at cucumber.runner.TestStep.executeStep(TestStep.java:55)
	at cucumber.runner.TestStep.run(TestStep.java:42)
	at cucumber.runner.PickleStepTestStep.run(PickleStepTestStep.java:53)
	at cucumber.runner.TestCase.run(TestCase.java:47)
	at cucumber.runner.Runner.runPickle(Runner.java:44)
	at cucumber.runtime.Runtime.runFeature(Runtime.java:120)
	at cucumber.runtime.Runtime.run(Runtime.java:106)
	at cucumber.api.cli.Main.run(Main.java:35)
	at cucumber.api.cli.Main$run.call(Unknown Source)
	at com.kms.katalon.core.cucumber.keyword.CucumberBuiltinKeywords$_runFeatureFile_closure1.doCall(CucumberBuiltinKeywords.groovy:76)
	at com.kms.katalon.core.cucumber.keyword.CucumberBuiltinKeywords$_runFeatureFile_closure1.doCall(CucumberBuiltinKeywords.groovy)
	at com.kms.katalon.core.keyword.internal.KeywordMain.runKeyword(KeywordMain.groovy:68)
	at com.kms.katalon.core.keyword.internal.KeywordMain$runKeyword.call(Unknown Source)
	at com.kms.katalon.core.cucumber.keyword.CucumberBuiltinKeywords.runFeatureFile(CucumberBuiltinKeywords.groovy:46)
	at com.kms.katalon.core.cucumber.keyword.CucumberBuiltinKeywords$runFeatureFile$0.callStatic(Unknown Source)
	at com.kms.katalon.core.cucumber.keyword.CucumberBuiltinKeywords.runFeatureFile(CucumberBuiltinKeywords.groovy:169)
	at com.kms.katalon.core.cucumber.keyword.CucumberBuiltinKeywords$runFeatureFile.call(Unknown Source)
	at Pick_Mistake_Without_Write_Textarea_Note_After.run(Pick_Mistake_Without_Write_Textarea_Note_After:16)
	at com.kms.katalon.core.main.ScriptEngine.run(ScriptEngine.java:194)
	at com.kms.katalon.core.main.ScriptEngine.runScriptAsRawText(ScriptEngine.java:119)
	at com.kms.katalon.core.main.TestCaseExecutor.runScript(TestCaseExecutor.java:339)
	at com.kms.katalon.core.main.TestCaseExecutor.doExecute(TestCaseExecutor.java:330)
	at com.kms.katalon.core.main.TestCaseExecutor.processExecutionPhase(TestCaseExecutor.java:309)
	at com.kms.katalon.core.main.TestCaseExecutor.accessMainPhase(TestCaseExecutor.java:301)
	at com.kms.katalon.core.main.TestCaseExecutor.execute(TestCaseExecutor.java:235)
	at com.kms.katalon.core.main.TestSuiteExecutor.accessTestCaseMainPhase(TestSuiteExecutor.java:191)
	at com.kms.katalon.core.main.TestSuiteExecutor.accessTestSuiteMainPhase(TestSuiteExecutor.java:141)
	at com.kms.katalon.core.main.TestSuiteExecutor.execute(TestSuiteExecutor.java:90)
	at com.kms.katalon.core.main.TestCaseMain.startTestSuite(TestCaseMain.java:157)
	at com.kms.katalon.core.main.TestCaseMain$startTestSuite$0.call(Unknown Source)
	at TempTestSuite1595408865749.run(TempTestSuite1595408865749.groovy:39)


2020-07-22 16:14:33 - [TEST_STEP][PASSED] - Go to IST: Go to IST

2020-07-22 16:14:33 - [MESSAGE][INFO] - Starting 'Chrome' driver

2020-07-22 16:14:33 - [MESSAGE][INFO] - Action delay is set to 0 milliseconds

2020-07-22 16:14:34 - [MESSAGE][PASSED] - Browser is opened with url: ''

2020-07-22 16:14:37 - [MESSAGE][PASSED] - Navigate to 'https://dev-istools.homecredit.id/foundation/login.zul' successfully

2020-07-22 16:14:37 - [MESSAGE][PASSED] - Go to IST

2020-07-22 16:14:37 - [TEST_STEP][PASSED] - Login IST with valid credentials: Login IST with valid credentials

2020-07-22 16:14:38 - [MESSAGE][PASSED] - Text 'mobile.test' is set on object 'Object Repository/Page_/input_Username_j_username'

2020-07-22 16:14:38 - [MESSAGE][PASSED] - Text ****** has been set on object 'Object Repository/Page_/input_Password_j_password'

2020-07-22 16:14:41 - [MESSAGE][PASSED] - Object: 'Object Repository/Page_/button_Login' is clicked on

2020-07-22 16:14:41 - [MESSAGE][PASSED] - Login IST with valid credentials

2020-07-22 16:14:41 - [TEST_STEP][PASSED] - Login Success for contract dispatcher: Login Success for contract dispatcher

2020-07-22 16:14:41 - [MESSAGE][INFO] - Login Success

2020-07-22 16:14:41 - [MESSAGE][PASSED] - Current window maximized

2020-07-22 16:14:41 - [MESSAGE][PASSED] - Object 'Object Repository/Page_/h1_Welcome to IT Supporting Tools' is present

2020-07-22 16:14:41 - [MESSAGE][PASSED] - Login Success for contract dispatcher

2020-07-22 16:14:41 - [TEST_STEP][PASSED] - Select Menu "Contract Dispatcher": Select Menu "Contract Dispatcher"

2020-07-22 16:14:41 - [MESSAGE][PASSED] - Object '' is present

2020-07-22 16:14:42 - [MESSAGE][PASSED] - Object: '' is clicked on

2020-07-22 16:14:42 - [MESSAGE][PASSED] - Wait for page load successfully

2020-07-22 16:14:42 - [MESSAGE][PASSED] - Select Menu "Contract Dispatcher"

2020-07-22 16:14:42 - [TEST_STEP][PASSED] - Select Contract Number based on Type Contract "TWO_WHEELERS": Select Contract Number based on Type Contract "TWO_WHEELERS"

2020-07-22 16:14:44 - [MESSAGE][PASSED] - Object '' is present

2020-07-22 16:14:44 - [MESSAGE][PASSED] - Object '' is present

2020-07-22 16:14:45 - [MESSAGE][PASSED] - Object: '' is clicked on

2020-07-22 16:14:45 - [MESSAGE][PASSED] - Object '' is checked

2020-07-22 16:14:45 - [MESSAGE][PASSED] - Select Contract Number based on Type Contract "TWO_WHEELERS"

2020-07-22 16:14:45 - [TEST_STEP][PASSED] - Click button "Claim": Click button "Claim"

2020-07-22 16:14:45 - [MESSAGE][INFO] - >>>>>//Button[contains(text(),'Claim')]

2020-07-22 16:14:49 - [MESSAGE][PASSED] - Object: '' is clicked on

2020-07-22 16:14:49 - [MESSAGE][PASSED] - Click button "Claim"

2020-07-22 16:14:49 - [TEST_STEP][PASSED] - Varify the mistake detail already match with the matrix Base on Type Contract: Varify the mistake detail already match with the matrix Base on Type Contract

2020-07-22 16:14:52 - [MESSAGE][PASSED] - Object '' is present

2020-07-22 16:14:52 - [MESSAGE][PASSED] - Object: '' is clicked on

2020-07-22 16:14:53 - [MESSAGE][PASSED] - Object '' is present

2020-07-22 16:14:53 - [MESSAGE][PASSED] - Object '' is not checked

2020-07-22 16:14:53 - [MESSAGE][PASSED] - Object '' is present

2020-07-22 16:14:54 - [MESSAGE][PASSED] - Object '' is not checked

2020-07-22 16:14:54 - [MESSAGE][PASSED] - Object '' is present

2020-07-22 16:14:54 - [MESSAGE][PASSED] - Object '' is not checked

2020-07-22 16:14:55 - [MESSAGE][PASSED] - Object '' is present

2020-07-22 16:14:55 - [MESSAGE][PASSED] - Object '' is not checked

2020-07-22 16:14:55 - [MESSAGE][PASSED] - Object '' is present

2020-07-22 16:14:56 - [MESSAGE][PASSED] - Object '' is not checked

2020-07-22 16:14:56 - [MESSAGE][PASSED] - Object '' is present

2020-07-22 16:14:56 - [MESSAGE][PASSED] - Object '' is not checked

2020-07-22 16:14:57 - [MESSAGE][PASSED] - Object '' is present

2020-07-22 16:14:57 - [MESSAGE][PASSED] - Object '' is not checked

2020-07-22 16:14:57 - [MESSAGE][PASSED] - Object '' is present

2020-07-22 16:14:58 - [MESSAGE][PASSED] - Object '' is not checked

2020-07-22 16:14:58 - [MESSAGE][PASSED] - Object '' is present

2020-07-22 16:14:58 - [MESSAGE][PASSED] - Object '' is not checked

2020-07-22 16:14:59 - [MESSAGE][PASSED] - Object '' is present

2020-07-22 16:14:59 - [MESSAGE][PASSED] - Object '' is not checked

2020-07-22 16:15:00 - [MESSAGE][PASSED] - Object '' is present

2020-07-22 16:15:00 - [MESSAGE][PASSED] - Object '' is not checked

2020-07-22 16:15:00 - [MESSAGE][PASSED] - Object '' is present

2020-07-22 16:15:01 - [MESSAGE][PASSED] - Object '' is not checked

2020-07-22 16:15:01 - [MESSAGE][PASSED] - Object '' is present

2020-07-22 16:15:01 - [MESSAGE][PASSED] - Object '' is not checked

2020-07-22 16:15:02 - [MESSAGE][PASSED] - Object '' is present

2020-07-22 16:15:02 - [MESSAGE][PASSED] - Object '' is not checked

2020-07-22 16:15:02 - [MESSAGE][PASSED] - Object '' is present

2020-07-22 16:15:02 - [MESSAGE][PASSED] - Object '' is not checked

2020-07-22 16:15:03 - [MESSAGE][PASSED] - Object '' is present

2020-07-22 16:15:03 - [MESSAGE][PASSED] - Object '' is not checked

2020-07-22 16:15:04 - [MESSAGE][PASSED] - Object '' is present

2020-07-22 16:15:04 - [MESSAGE][PASSED] - Object '' is not checked

2020-07-22 16:15:04 - [MESSAGE][PASSED] - Object '' is present

2020-07-22 16:15:05 - [MESSAGE][PASSED] - Object '' is not checked

2020-07-22 16:15:05 - [MESSAGE][PASSED] - Object '' is present

2020-07-22 16:15:06 - [MESSAGE][PASSED] - Object '' is not checked

2020-07-22 16:15:06 - [MESSAGE][PASSED] - Object '' is present

2020-07-22 16:15:06 - [MESSAGE][PASSED] - Object '' is not checked

2020-07-22 16:15:07 - [MESSAGE][PASSED] - Object '' is present

2020-07-22 16:15:07 - [MESSAGE][PASSED] - Object: '' is clicked on

2020-07-22 16:15:07 - [MESSAGE][PASSED] - Object '' is present

2020-07-22 16:15:08 - [MESSAGE][PASSED] - Object '' is not checked

2020-07-22 16:15:08 - [MESSAGE][PASSED] - Object '' is present

2020-07-22 16:15:08 - [MESSAGE][PASSED] - Object '' is not checked

2020-07-22 16:15:09 - [MESSAGE][PASSED] - Object '' is present

2020-07-22 16:15:09 - [MESSAGE][PASSED] - Object '' is not checked

2020-07-22 16:15:10 - [MESSAGE][PASSED] - Object '' is present

2020-07-22 16:15:10 - [MESSAGE][PASSED] - Object '' is not checked

2020-07-22 16:15:10 - [MESSAGE][PASSED] - Object '' is present

2020-07-22 16:15:10 - [MESSAGE][PASSED] - Object '' is not checked

2020-07-22 16:15:11 - [MESSAGE][PASSED] - Object '' is present

2020-07-22 16:15:11 - [MESSAGE][PASSED] - Object '' is not checked

2020-07-22 16:15:11 - [MESSAGE][PASSED] - Object '' is present

2020-07-22 16:15:12 - [MESSAGE][PASSED] - Object: '' is clicked on

2020-07-22 16:15:12 - [MESSAGE][PASSED] - Object '' is present

2020-07-22 16:15:13 - [MESSAGE][PASSED] - Object '' is not checked

2020-07-22 16:15:13 - [MESSAGE][PASSED] - Object '' is present

2020-07-22 16:15:14 - [MESSAGE][PASSED] - Object '' is not checked

2020-07-22 16:15:14 - [MESSAGE][PASSED] - Object '' is present

2020-07-22 16:15:14 - [MESSAGE][PASSED] - Object '' is not checked

2020-07-22 16:15:15 - [MESSAGE][PASSED] - Object '' is present

2020-07-22 16:15:15 - [MESSAGE][PASSED] - Object: '' is clicked on

2020-07-22 16:15:16 - [MESSAGE][PASSED] - Object '' is present

2020-07-22 16:15:16 - [MESSAGE][PASSED] - Object '' is not checked

2020-07-22 16:15:16 - [MESSAGE][PASSED] - Object '' is present

2020-07-22 16:15:17 - [MESSAGE][PASSED] - Object '' is not checked

2020-07-22 16:15:17 - [MESSAGE][PASSED] - Object '' is present

2020-07-22 16:15:17 - [MESSAGE][PASSED] - Object '' is not checked

2020-07-22 16:15:18 - [MESSAGE][PASSED] - Object '' is present

2020-07-22 16:15:18 - [MESSAGE][PASSED] - Object '' is not checked

2020-07-22 16:15:19 - [MESSAGE][PASSED] - Object '' is present

2020-07-22 16:15:19 - [MESSAGE][PASSED] - Object '' is not checked

2020-07-22 16:15:19 - [MESSAGE][PASSED] - Object '' is present

2020-07-22 16:15:20 - [MESSAGE][PASSED] - Object '' is not checked

2020-07-22 16:15:20 - [MESSAGE][PASSED] - Object '' is present

2020-07-22 16:15:20 - [MESSAGE][PASSED] - Object '' is not checked

2020-07-22 16:15:20 - [MESSAGE][PASSED] - Object '' is present

2020-07-22 16:15:21 - [MESSAGE][PASSED] - Object: '' is clicked on

2020-07-22 16:15:21 - [MESSAGE][PASSED] - Object '' is present

2020-07-22 16:15:21 - [MESSAGE][PASSED] - Object '' is not checked

2020-07-22 16:15:22 - [MESSAGE][PASSED] - Object '' is present

2020-07-22 16:15:22 - [MESSAGE][PASSED] - Object '' is not checked

2020-07-22 16:15:22 - [MESSAGE][PASSED] - Object '' is present

2020-07-22 16:15:23 - [MESSAGE][PASSED] - Object '' is not checked

2020-07-22 16:15:23 - [MESSAGE][PASSED] - Object '' is present

2020-07-22 16:15:23 - [MESSAGE][PASSED] - Object '' is not checked

2020-07-22 16:15:24 - [MESSAGE][PASSED] - Object '' is present

2020-07-22 16:15:24 - [MESSAGE][PASSED] - Object '' is not checked

2020-07-22 16:15:25 - [MESSAGE][PASSED] - Object '' is present

2020-07-22 16:15:25 - [MESSAGE][PASSED] - Object '' is not checked

2020-07-22 16:15:25 - [MESSAGE][PASSED] - Object '' is present

2020-07-22 16:15:26 - [MESSAGE][PASSED] - Object '' is not checked

2020-07-22 16:15:26 - [MESSAGE][PASSED] - Object '' is present

2020-07-22 16:15:26 - [MESSAGE][PASSED] - Object: '' is clicked on

2020-07-22 16:15:27 - [MESSAGE][PASSED] - Object '' is present

2020-07-22 16:15:27 - [MESSAGE][PASSED] - Object '' is not checked

2020-07-22 16:15:28 - [MESSAGE][PASSED] - Object '' is present

2020-07-22 16:15:28 - [MESSAGE][PASSED] - Object '' is not checked

2020-07-22 16:15:28 - [MESSAGE][PASSED] - Object '' is present

2020-07-22 16:15:29 - [MESSAGE][PASSED] - Object '' is not checked

2020-07-22 16:15:29 - [MESSAGE][PASSED] - Object '' is present

2020-07-22 16:15:29 - [MESSAGE][PASSED] - Object '' is not checked

2020-07-22 16:15:29 - [MESSAGE][PASSED] - Object '' is present

2020-07-22 16:15:30 - [MESSAGE][PASSED] - Object: '' is clicked on

2020-07-22 16:15:30 - [MESSAGE][PASSED] - Object '' is present

2020-07-22 16:15:31 - [MESSAGE][PASSED] - Object '' is not checked

2020-07-22 16:15:31 - [MESSAGE][PASSED] - Object '' is present

2020-07-22 16:15:31 - [MESSAGE][PASSED] - Object '' is not checked

2020-07-22 16:15:32 - [MESSAGE][PASSED] - Object '' is present

2020-07-22 16:15:32 - [MESSAGE][PASSED] - Object '' is not checked

2020-07-22 16:15:32 - [MESSAGE][PASSED] - Object '' is present

2020-07-22 16:15:33 - [MESSAGE][PASSED] - Object: '' is clicked on

2020-07-22 16:15:33 - [MESSAGE][PASSED] - Object '' is present

2020-07-22 16:15:33 - [MESSAGE][PASSED] - Object '' is not checked

2020-07-22 16:15:34 - [MESSAGE][PASSED] - Object '' is present

2020-07-22 16:15:34 - [MESSAGE][PASSED] - Object '' is not checked

2020-07-22 16:15:34 - [MESSAGE][PASSED] - Object '' is present

2020-07-22 16:15:35 - [MESSAGE][PASSED] - Object '' is not checked

2020-07-22 16:15:35 - [MESSAGE][PASSED] - Object '' is present

2020-07-22 16:15:35 - [MESSAGE][PASSED] - Object: '' is clicked on

2020-07-22 16:15:36 - [MESSAGE][PASSED] - Object '' is present

2020-07-22 16:15:36 - [MESSAGE][PASSED] - Object '' is not checked

2020-07-22 16:15:36 - [MESSAGE][PASSED] - Object '' is present

2020-07-22 16:15:37 - [MESSAGE][PASSED] - Object '' is not checked

2020-07-22 16:15:37 - [MESSAGE][PASSED] - Object '' is present

2020-07-22 16:15:37 - [MESSAGE][PASSED] - Object '' is not checked

2020-07-22 16:15:38 - [MESSAGE][PASSED] - Object '' is present

2020-07-22 16:15:38 - [MESSAGE][PASSED] - Object '' is not checked

2020-07-22 16:15:38 - [MESSAGE][PASSED] - Object '' is present

2020-07-22 16:15:38 - [MESSAGE][PASSED] - Object: '' is clicked on

2020-07-22 16:15:39 - [MESSAGE][PASSED] - Object '' is present

2020-07-22 16:15:39 - [MESSAGE][PASSED] - Object '' is not checked

2020-07-22 16:15:40 - [MESSAGE][PASSED] - Object '' is present

2020-07-22 16:15:40 - [MESSAGE][PASSED] - Object '' is not checked

2020-07-22 16:15:40 - [MESSAGE][PASSED] - Object '' is present

2020-07-22 16:15:41 - [MESSAGE][PASSED] - Object '' is not checked

2020-07-22 16:15:41 - [MESSAGE][PASSED] - Object '' is present

2020-07-22 16:15:41 - [MESSAGE][PASSED] - Object '' is not checked

2020-07-22 16:15:42 - [MESSAGE][PASSED] - Object '' is present

2020-07-22 16:15:42 - [MESSAGE][PASSED] - Object '' is not checked

2020-07-22 16:15:43 - [MESSAGE][PASSED] - Object '' is present

2020-07-22 16:15:43 - [MESSAGE][PASSED] - Object '' is not checked

2020-07-22 16:15:43 - [MESSAGE][PASSED] - Object '' is present

2020-07-22 16:15:43 - [MESSAGE][PASSED] - Object '' is not checked

2020-07-22 16:15:44 - [MESSAGE][PASSED] - Object '' is present

2020-07-22 16:15:44 - [MESSAGE][PASSED] - Object: '' is clicked on

2020-07-22 16:15:44 - [MESSAGE][PASSED] - Object '' is present

2020-07-22 16:15:45 - [MESSAGE][PASSED] - Object '' is not checked

2020-07-22 16:15:45 - [MESSAGE][PASSED] - Object '' is present

2020-07-22 16:15:46 - [MESSAGE][PASSED] - Object '' is not checked

2020-07-22 16:15:46 - [MESSAGE][PASSED] - Object '' is present

2020-07-22 16:15:46 - [MESSAGE][PASSED] - Object '' is not checked

2020-07-22 16:15:47 - [MESSAGE][PASSED] - Object '' is present

2020-07-22 16:15:47 - [MESSAGE][PASSED] - Object '' is not checked

2020-07-22 16:15:47 - [MESSAGE][PASSED] - Object '' is present

2020-07-22 16:15:48 - [MESSAGE][PASSED] - Object '' is not checked

2020-07-22 16:15:48 - [MESSAGE][PASSED] - Object '' is present

2020-07-22 16:15:48 - [MESSAGE][PASSED] - Object '' is not checked

2020-07-22 16:15:49 - [MESSAGE][PASSED] - Object '' is present

2020-07-22 16:15:49 - [MESSAGE][PASSED] - Object '' is not checked

2020-07-22 16:15:49 - [MESSAGE][PASSED] - Object: '' is clicked on

2020-07-22 16:15:50 - [MESSAGE][PASSED] - Object: '' is clicked on

2020-07-22 16:15:50 - [MESSAGE][PASSED] - Object: '' is clicked on

2020-07-22 16:15:50 - [MESSAGE][PASSED] - Object '' is present

2020-07-22 16:15:51 - [MESSAGE][PASSED] - Object: '' is clicked on

2020-07-22 16:15:51 - [MESSAGE][PASSED] - Object '' is present

2020-07-22 16:15:52 - [MESSAGE][PASSED] - Object '' is not checked

2020-07-22 16:15:52 - [MESSAGE][PASSED] - Object '' is present

2020-07-22 16:15:52 - [MESSAGE][PASSED] - Object '' is not checked

2020-07-22 16:15:53 - [MESSAGE][PASSED] - Object '' is present

2020-07-22 16:15:53 - [MESSAGE][PASSED] - Object: '' is clicked on

2020-07-22 16:15:54 - [MESSAGE][PASSED] - Object '' is present

2020-07-22 16:15:54 - [MESSAGE][PASSED] - Object '' is not checked

2020-07-22 16:15:54 - [MESSAGE][PASSED] - Object '' is present

2020-07-22 16:15:55 - [MESSAGE][PASSED] - Object '' is not checked

2020-07-22 16:15:55 - [MESSAGE][PASSED] - Object '' is present

2020-07-22 16:15:55 - [MESSAGE][PASSED] - Object '' is not checked

2020-07-22 16:15:56 - [MESSAGE][PASSED] - Object '' is present

2020-07-22 16:15:56 - [MESSAGE][PASSED] - Object '' is not checked

2020-07-22 16:15:56 - [MESSAGE][PASSED] - Object '' is present

2020-07-22 16:15:57 - [MESSAGE][PASSED] - Object: '' is clicked on

2020-07-22 16:15:57 - [MESSAGE][PASSED] - Object '' is present

2020-07-22 16:15:57 - [MESSAGE][PASSED] - Object '' is not checked

2020-07-22 16:15:58 - [MESSAGE][PASSED] - Object '' is present

2020-07-22 16:15:58 - [MESSAGE][PASSED] - Object '' is not checked

2020-07-22 16:15:58 - [MESSAGE][PASSED] - Object '' is present

2020-07-22 16:15:58 - [MESSAGE][PASSED] - Object '' is not checked

2020-07-22 16:15:59 - [MESSAGE][PASSED] - Object '' is present

2020-07-22 16:15:59 - [MESSAGE][PASSED] - Object '' is not checked

2020-07-22 16:15:59 - [MESSAGE][PASSED] - Object '' is present

2020-07-22 16:16:00 - [MESSAGE][PASSED] - Object '' is not checked

2020-07-22 16:16:00 - [MESSAGE][PASSED] - Object: '' is clicked on

2020-07-22 16:16:01 - [MESSAGE][PASSED] - Object: '' is clicked on

2020-07-22 16:16:01 - [MESSAGE][PASSED] - Object: '' is clicked on

2020-07-22 16:16:01 - [MESSAGE][PASSED] - Varify the mistake detail already match with the matrix Base on Type Contract

2020-07-22 16:16:01 - [TEST_STEP][PASSED] - Click on Tab "KTP": Click on Tab "KTP"

2020-07-22 16:16:01 - [MESSAGE][PASSED] - Object '' is present

2020-07-22 16:16:01 - [MESSAGE][PASSED] - Object: '' is clicked on

2020-07-22 16:16:01 - [MESSAGE][PASSED] - Click on Tab "KTP"

2020-07-22 16:16:01 - [TEST_STEP][FAILED] - Checkbox General Mistake "KTP / Resi - Alamat tetap pemohon pada sistem (HoS) berbeda dengan KTP": Checkbox General Mistake "KTP / Resi - Alamat tetap pemohon pada sistem (HoS) berbeda dengan KTP" FAILED.
Reason:
com.kms.katalon.core.exception.StepFailedException: Unable to click on object ''
	at com.kms.katalon.core.webui.keyword.internal.WebUIKeywordMain.stepFailed(WebUIKeywordMain.groovy:64)
	at com.kms.katalon.core.webui.keyword.internal.WebUIKeywordMain.runKeyword(WebUIKeywordMain.groovy:26)
	at com.kms.katalon.core.webui.keyword.builtin.ClickKeyword.click(ClickKeyword.groovy:76)
	at com.kms.katalon.core.webui.keyword.builtin.ClickKeyword.execute(ClickKeyword.groovy:43)
	at com.kms.katalon.core.keyword.internal.KeywordExecutor.executeKeywordForPlatform(KeywordExecutor.groovy:73)
	at com.kms.katalon.core.webui.keyword.WebUiBuiltInKeywords.click(WebUiBuiltInKeywords.groovy:616)
	at com.kms.katalon.core.webui.keyword.WebUiBuiltInKeywords$click$3.call(Unknown Source)
	at ist_real.Contract_Dispatcher.checkboxGeneralMistake(Contract_Dispatcher.groovy:938)
	at ✽.Checkbox General Mistake "KTP / Resi - Alamat tetap pemohon pada sistem (HoS) berbeda dengan KTP"(/Users/chaidir.pratama01/Katalon Studio/IST_Automation_Git/Include/features/IST_Real/CONTRACT_DISPATCHER_TWO_WHEELERS/DEV/Pick_Mistake_Without_Write_Textarea_Note_After.feature:49)
Caused by: java.lang.IndexOutOfBoundsException: Index: 0, Size: 0
	at com.kms.katalon.core.webui.common.WebUiCommonHelper.buildLocator(WebUiCommonHelper.java:519)
	at com.kms.katalon.core.webui.common.WebUiCommonHelper.findElementByNormalMethods(WebUiCommonHelper.java:985)
	at com.kms.katalon.core.webui.common.WebUiCommonHelper.findElementsBySelectedMethod(WebUiCommonHelper.java:894)
	at com.kms.katalon.core.webui.common.WebUiCommonHelper.findElementsWithSelfHealing(WebUiCommonHelper.java:791)
	at com.kms.katalon.core.webui.common.WebUiCommonHelper.findWebElements(WebUiCommonHelper.java:717)
	at com.kms.katalon.core.webui.common.WebUiCommonHelper.findWebElement(WebUiCommonHelper.java:1349)
	at com.kms.katalon.core.webui.keyword.internal.WebUIAbstractKeyword.findWebElement(WebUIAbstractKeyword.groovy:27)
	at com.kms.katalon.core.webui.keyword.internal.WebUIAbstractKeyword.findWebElement(WebUIAbstractKeyword.groovy:26)
	at com.kms.katalon.core.webui.keyword.builtin.ClickKeyword$_click_closure1.doCall(ClickKeyword.groovy:67)
	at com.kms.katalon.core.webui.keyword.builtin.ClickKeyword$_click_closure1.call(ClickKeyword.groovy)
	at com.kms.katalon.core.webui.keyword.internal.WebUIKeywordMain.runKeyword(WebUIKeywordMain.groovy:20)
	at com.kms.katalon.core.webui.keyword.builtin.ClickKeyword.click(ClickKeyword.groovy:76)
	at com.kms.katalon.core.webui.keyword.builtin.ClickKeyword.execute(ClickKeyword.groovy:43)
	at com.kms.katalon.core.keyword.internal.KeywordExecutor.executeKeywordForPlatform(KeywordExecutor.groovy:73)
	at com.kms.katalon.core.webui.keyword.WebUiBuiltInKeywords.click(WebUiBuiltInKeywords.groovy:616)
	at com.kms.katalon.core.webui.keyword.WebUiBuiltInKeywords$click$3.call(Unknown Source)
	at ist_real.Contract_Dispatcher.checkboxGeneralMistake(Contract_Dispatcher.groovy:938)
	at cucumber.runtime.Utils$1.call(Utils.java:26)
	at cucumber.runtime.Timeout.timeout(Timeout.java:16)
	at cucumber.runtime.Utils.invoke(Utils.java:20)
	at cucumber.runtime.java.JavaStepDefinition.execute(JavaStepDefinition.java:48)
	at cucumber.runtime.PickleStepDefinitionMatch.runStep(PickleStepDefinitionMatch.java:50)
	at cucumber.runner.TestStep.executeStep(TestStep.java:55)
	at cucumber.runner.TestStep.run(TestStep.java:42)
	at cucumber.runner.PickleStepTestStep.run(PickleStepTestStep.java:53)
	at cucumber.runner.TestCase.run(TestCase.java:47)
	at cucumber.runner.Runner.runPickle(Runner.java:44)
	at cucumber.runtime.Runtime.runFeature(Runtime.java:120)
	at cucumber.runtime.Runtime.run(Runtime.java:106)
	at cucumber.api.cli.Main.run(Main.java:35)
	at cucumber.api.cli.Main$run.call(Unknown Source)
	at com.kms.katalon.core.cucumber.keyword.CucumberBuiltinKeywords$_runFeatureFile_closure1.doCall(CucumberBuiltinKeywords.groovy:76)
	at com.kms.katalon.core.cucumber.keyword.CucumberBuiltinKeywords$_runFeatureFile_closure1.doCall(CucumberBuiltinKeywords.groovy)
	at com.kms.katalon.core.keyword.internal.KeywordMain.runKeyword(KeywordMain.groovy:68)
	at com.kms.katalon.core.keyword.internal.KeywordMain$runKeyword.call(Unknown Source)
	at com.kms.katalon.core.cucumber.keyword.CucumberBuiltinKeywords.runFeatureFile(CucumberBuiltinKeywords.groovy:46)
	at com.kms.katalon.core.cucumber.keyword.CucumberBuiltinKeywords$runFeatureFile$0.callStatic(Unknown Source)
	at com.kms.katalon.core.cucumber.keyword.CucumberBuiltinKeywords.runFeatureFile(CucumberBuiltinKeywords.groovy:169)
	at com.kms.katalon.core.cucumber.keyword.CucumberBuiltinKeywords$runFeatureFile.call(Unknown Source)
	at Pick_Mistake_Without_Write_Textarea_Note_After.run(Pick_Mistake_Without_Write_Textarea_Note_After:16)
	at com.kms.katalon.core.main.ScriptEngine.run(ScriptEngine.java:194)
	at com.kms.katalon.core.main.ScriptEngine.runScriptAsRawText(ScriptEngine.java:119)
	at com.kms.katalon.core.main.TestCaseExecutor.runScript(TestCaseExecutor.java:339)
	at com.kms.katalon.core.main.TestCaseExecutor.doExecute(TestCaseExecutor.java:330)
	at com.kms.katalon.core.main.TestCaseExecutor.processExecutionPhase(TestCaseExecutor.java:309)
	at com.kms.katalon.core.main.TestCaseExecutor.accessMainPhase(TestCaseExecutor.java:301)
	at com.kms.katalon.core.main.TestCaseExecutor.execute(TestCaseExecutor.java:235)
	at com.kms.katalon.core.main.TestSuiteExecutor.accessTestCaseMainPhase(TestSuiteExecutor.java:191)
	at com.kms.katalon.core.main.TestSuiteExecutor.accessTestSuiteMainPhase(TestSuiteExecutor.java:141)
	at com.kms.katalon.core.main.TestSuiteExecutor.execute(TestSuiteExecutor.java:90)
	at com.kms.katalon.core.main.TestCaseMain.startTestSuite(TestCaseMain.java:157)
	at com.kms.katalon.core.main.TestCaseMain$startTestSuite$0.call(Unknown Source)
	at TempTestSuite1595408865749.run(TempTestSuite1595408865749.groovy:39)


2020-07-22 16:16:33 - [MESSAGE][INFO] - Unable to find the element located by 'By.xpath: //span[text()='KTP / Resi - Alamat tetap pemohon pada sistem (HoS) berbeda dengan KTP' and @class='z-label']/../../preceding-sibling::td//input[@type='checkbox']'. Please recheck the objects properties to make sure the desired element is located. 

2020-07-22 16:16:33 - [MESSAGE][WARNING] - [SELF-HEALING] Failed to find element with id ''. Try using Self-healing.

2020-07-22 16:16:33 - [MESSAGE][FAILED] - Unable to click on object '' (Root cause: com.kms.katalon.core.exception.StepFailedException: Unable to click on object ''
	at com.kms.katalon.core.webui.keyword.internal.WebUIKeywordMain.stepFailed(WebUIKeywordMain.groovy:64)
	at com.kms.katalon.core.webui.keyword.internal.WebUIKeywordMain.runKeyword(WebUIKeywordMain.groovy:26)
	at com.kms.katalon.core.webui.keyword.builtin.ClickKeyword.click(ClickKeyword.groovy:76)
	at com.kms.katalon.core.webui.keyword.builtin.ClickKeyword.execute(ClickKeyword.groovy:43)
	at com.kms.katalon.core.keyword.internal.KeywordExecutor.executeKeywordForPlatform(KeywordExecutor.groovy:73)
	at com.kms.katalon.core.webui.keyword.WebUiBuiltInKeywords.click(WebUiBuiltInKeywords.groovy:616)
	at com.kms.katalon.core.webui.keyword.WebUiBuiltInKeywords$click$3.call(Unknown Source)
	at ist_real.Contract_Dispatcher.checkboxGeneralMistake(Contract_Dispatcher.groovy:938)
	at cucumber.runtime.Utils$1.call(Utils.java:26)
	at cucumber.runtime.Timeout.timeout(Timeout.java:16)
	at cucumber.runtime.Utils.invoke(Utils.java:20)
	at cucumber.runtime.java.JavaStepDefinition.execute(JavaStepDefinition.java:48)
	at cucumber.runtime.PickleStepDefinitionMatch.runStep(PickleStepDefinitionMatch.java:50)
	at cucumber.runner.TestStep.executeStep(TestStep.java:55)
	at cucumber.runner.TestStep.run(TestStep.java:42)
	at cucumber.runner.PickleStepTestStep.run(PickleStepTestStep.java:53)
	at cucumber.runner.TestCase.run(TestCase.java:47)
	at cucumber.runner.Runner.runPickle(Runner.java:44)
	at cucumber.runtime.Runtime.runFeature(Runtime.java:120)
	at cucumber.runtime.Runtime.run(Runtime.java:106)
	at cucumber.api.cli.Main.run(Main.java:35)
	at cucumber.api.cli.Main$run.call(Unknown Source)
	at com.kms.katalon.core.cucumber.keyword.CucumberBuiltinKeywords$_runFeatureFile_closure1.doCall(CucumberBuiltinKeywords.groovy:76)
	at com.kms.katalon.core.cucumber.keyword.CucumberBuiltinKeywords$_runFeatureFile_closure1.doCall(CucumberBuiltinKeywords.groovy)
	at com.kms.katalon.core.keyword.internal.KeywordMain.runKeyword(KeywordMain.groovy:68)
	at com.kms.katalon.core.keyword.internal.KeywordMain$runKeyword.call(Unknown Source)
	at com.kms.katalon.core.cucumber.keyword.CucumberBuiltinKeywords.runFeatureFile(CucumberBuiltinKeywords.groovy:46)
	at com.kms.katalon.core.cucumber.keyword.CucumberBuiltinKeywords$runFeatureFile$0.callStatic(Unknown Source)
	at com.kms.katalon.core.cucumber.keyword.CucumberBuiltinKeywords.runFeatureFile(CucumberBuiltinKeywords.groovy:169)
	at com.kms.katalon.core.cucumber.keyword.CucumberBuiltinKeywords$runFeatureFile.call(Unknown Source)
	at Pick_Mistake_Without_Write_Textarea_Note_After.run(Pick_Mistake_Without_Write_Textarea_Note_After:16)
	at com.kms.katalon.core.main.ScriptEngine.run(ScriptEngine.java:194)
	at com.kms.katalon.core.main.ScriptEngine.runScriptAsRawText(ScriptEngine.java:119)
	at com.kms.katalon.core.main.TestCaseExecutor.runScript(TestCaseExecutor.java:339)
	at com.kms.katalon.core.main.TestCaseExecutor.doExecute(TestCaseExecutor.java:330)
	at com.kms.katalon.core.main.TestCaseExecutor.processExecutionPhase(TestCaseExecutor.java:309)
	at com.kms.katalon.core.main.TestCaseExecutor.accessMainPhase(TestCaseExecutor.java:301)
	at com.kms.katalon.core.main.TestCaseExecutor.execute(TestCaseExecutor.java:235)
	at com.kms.katalon.core.main.TestSuiteExecutor.accessTestCaseMainPhase(TestSuiteExecutor.java:191)
	at com.kms.katalon.core.main.TestSuiteExecutor.accessTestSuiteMainPhase(TestSuiteExecutor.java:141)
	at com.kms.katalon.core.main.TestSuiteExecutor.execute(TestSuiteExecutor.java:90)
	at com.kms.katalon.core.main.TestCaseMain.startTestSuite(TestCaseMain.java:157)
	at com.kms.katalon.core.main.TestCaseMain$startTestSuite$0.call(Unknown Source)
	at TempTestSuite1595408865749.run(TempTestSuite1595408865749.groovy:39)
Caused by: java.lang.IndexOutOfBoundsException: Index: 0, Size: 0
	at com.kms.katalon.core.webui.common.WebUiCommonHelper.buildLocator(WebUiCommonHelper.java:519)
	at com.kms.katalon.core.webui.common.WebUiCommonHelper.findElementByNormalMethods(WebUiCommonHelper.java:985)
	at com.kms.katalon.core.webui.common.WebUiCommonHelper.findElementsBySelectedMethod(WebUiCommonHelper.java:894)
	at com.kms.katalon.core.webui.common.WebUiCommonHelper.findElementsWithSelfHealing(WebUiCommonHelper.java:791)
	at com.kms.katalon.core.webui.common.WebUiCommonHelper.findWebElements(WebUiCommonHelper.java:717)
	at com.kms.katalon.core.webui.common.WebUiCommonHelper.findWebElement(WebUiCommonHelper.java:1349)
	at com.kms.katalon.core.webui.keyword.internal.WebUIAbstractKeyword.findWebElement(WebUIAbstractKeyword.groovy:27)
	at com.kms.katalon.core.webui.keyword.internal.WebUIAbstractKeyword.findWebElement(WebUIAbstractKeyword.groovy:26)
	at com.kms.katalon.core.webui.keyword.builtin.ClickKeyword$_click_closure1.doCall(ClickKeyword.groovy:67)
	at com.kms.katalon.core.webui.keyword.builtin.ClickKeyword$_click_closure1.call(ClickKeyword.groovy)
	at com.kms.katalon.core.webui.keyword.internal.WebUIKeywordMain.runKeyword(WebUIKeywordMain.groovy:20)
	at com.kms.katalon.core.webui.keyword.builtin.ClickKeyword.click(ClickKeyword.groovy:76)
	at com.kms.katalon.core.webui.keyword.builtin.ClickKeyword.execute(ClickKeyword.groovy:43)
	at com.kms.katalon.core.keyword.internal.KeywordExecutor.executeKeywordForPlatform(KeywordExecutor.groovy:73)
	at com.kms.katalon.core.webui.keyword.WebUiBuiltInKeywords.click(WebUiBuiltInKeywords.groovy:616)
	at com.kms.katalon.core.webui.keyword.WebUiBuiltInKeywords$click$3.call(Unknown Source)
	at ist_real.Contract_Dispatcher.checkboxGeneralMistake(Contract_Dispatcher.groovy:938)
	at cucumber.runtime.Utils$1.call(Utils.java:26)
	at cucumber.runtime.Timeout.timeout(Timeout.java:16)
	at cucumber.runtime.Utils.invoke(Utils.java:20)
	at cucumber.runtime.java.JavaStepDefinition.execute(JavaStepDefinition.java:48)
	at cucumber.runtime.PickleStepDefinitionMatch.runStep(PickleStepDefinitionMatch.java:50)
	at cucumber.runner.TestStep.executeStep(TestStep.java:55)
	at cucumber.runner.TestStep.run(TestStep.java:42)
	at cucumber.runner.PickleStepTestStep.run(PickleStepTestStep.java:53)
	at cucumber.runner.TestCase.run(TestCase.java:47)
	at cucumber.runner.Runner.runPickle(Runner.java:44)
	at cucumber.runtime.Runtime.runFeature(Runtime.java:120)
	at cucumber.runtime.Runtime.run(Runtime.java:106)
	at cucumber.api.cli.Main.run(Main.java:35)
	at cucumber.api.cli.Main$run.call(Unknown Source)
	at com.kms.katalon.core.cucumber.keyword.CucumberBuiltinKeywords$_runFeatureFile_closure1.doCall(CucumberBuiltinKeywords.groovy:76)
	at com.kms.katalon.core.cucumber.keyword.CucumberBuiltinKeywords$_runFeatureFile_closure1.doCall(CucumberBuiltinKeywords.groovy)
	at com.kms.katalon.core.keyword.internal.KeywordMain.runKeyword(KeywordMain.groovy:68)
	at com.kms.katalon.core.keyword.internal.KeywordMain$runKeyword.call(Unknown Source)
	at com.kms.katalon.core.cucumber.keyword.CucumberBuiltinKeywords.runFeatureFile(CucumberBuiltinKeywords.groovy:46)
	at com.kms.katalon.core.cucumber.keyword.CucumberBuiltinKeywords$runFeatureFile$0.callStatic(Unknown Source)
	at com.kms.katalon.core.cucumber.keyword.CucumberBuiltinKeywords.runFeatureFile(CucumberBuiltinKeywords.groovy:169)
	at com.kms.katalon.core.cucumber.keyword.CucumberBuiltinKeywords$runFeatureFile.call(Unknown Source)
	at Script1582710898054.run(Script1582710898054.groovy:16)
	... 13 more
)
[[ATTACHMENT|/Users/chaidir.pratama01/Katalon Studio/IST_Automation_Git/Reports/20200722_160745/CONTRACT_DISPATCHER_TWO_WHEELERS/DEV/TS_Contract_Dispatcher_Two_Wheelers/20200722_160745/1595409393181.png]]

2020-07-22 16:16:33 - [MESSAGE][FAILED] - Checkbox General Mistake "KTP / Resi - Alamat tetap pemohon pada sistem (HoS) berbeda dengan KTP" FAILED.
Reason:
com.kms.katalon.core.exception.StepFailedException: Unable to click on object ''
	at com.kms.katalon.core.webui.keyword.internal.WebUIKeywordMain.stepFailed(WebUIKeywordMain.groovy:64)
	at com.kms.katalon.core.webui.keyword.internal.WebUIKeywordMain.runKeyword(WebUIKeywordMain.groovy:26)
	at com.kms.katalon.core.webui.keyword.builtin.ClickKeyword.click(ClickKeyword.groovy:76)
	at com.kms.katalon.core.webui.keyword.builtin.ClickKeyword.execute(ClickKeyword.groovy:43)
	at com.kms.katalon.core.keyword.internal.KeywordExecutor.executeKeywordForPlatform(KeywordExecutor.groovy:73)
	at com.kms.katalon.core.webui.keyword.WebUiBuiltInKeywords.click(WebUiBuiltInKeywords.groovy:616)
	at com.kms.katalon.core.webui.keyword.WebUiBuiltInKeywords$click$3.call(Unknown Source)
	at ist_real.Contract_Dispatcher.checkboxGeneralMistake(Contract_Dispatcher.groovy:938)
	at ✽.Checkbox General Mistake "KTP / Resi - Alamat tetap pemohon pada sistem (HoS) berbeda dengan KTP"(/Users/chaidir.pratama01/Katalon Studio/IST_Automation_Git/Include/features/IST_Real/CONTRACT_DISPATCHER_TWO_WHEELERS/DEV/Pick_Mistake_Without_Write_Textarea_Note_After.feature:49)
Caused by: java.lang.IndexOutOfBoundsException: Index: 0, Size: 0
	at com.kms.katalon.core.webui.common.WebUiCommonHelper.buildLocator(WebUiCommonHelper.java:519)
	at com.kms.katalon.core.webui.common.WebUiCommonHelper.findElementByNormalMethods(WebUiCommonHelper.java:985)
	at com.kms.katalon.core.webui.common.WebUiCommonHelper.findElementsBySelectedMethod(WebUiCommonHelper.java:894)
	at com.kms.katalon.core.webui.common.WebUiCommonHelper.findElementsWithSelfHealing(WebUiCommonHelper.java:791)
	at com.kms.katalon.core.webui.common.WebUiCommonHelper.findWebElements(WebUiCommonHelper.java:717)
	at com.kms.katalon.core.webui.common.WebUiCommonHelper.findWebElement(WebUiCommonHelper.java:1349)
	at com.kms.katalon.core.webui.keyword.internal.WebUIAbstractKeyword.findWebElement(WebUIAbstractKeyword.groovy:27)
	at com.kms.katalon.core.webui.keyword.internal.WebUIAbstractKeyword.findWebElement(WebUIAbstractKeyword.groovy:26)
	at com.kms.katalon.core.webui.keyword.builtin.ClickKeyword$_click_closure1.doCall(ClickKeyword.groovy:67)
	at com.kms.katalon.core.webui.keyword.builtin.ClickKeyword$_click_closure1.call(ClickKeyword.groovy)
	at com.kms.katalon.core.webui.keyword.internal.WebUIKeywordMain.runKeyword(WebUIKeywordMain.groovy:20)
	at com.kms.katalon.core.webui.keyword.builtin.ClickKeyword.click(ClickKeyword.groovy:76)
	at com.kms.katalon.core.webui.keyword.builtin.ClickKeyword.execute(ClickKeyword.groovy:43)
	at com.kms.katalon.core.keyword.internal.KeywordExecutor.executeKeywordForPlatform(KeywordExecutor.groovy:73)
	at com.kms.katalon.core.webui.keyword.WebUiBuiltInKeywords.click(WebUiBuiltInKeywords.groovy:616)
	at com.kms.katalon.core.webui.keyword.WebUiBuiltInKeywords$click$3.call(Unknown Source)
	at ist_real.Contract_Dispatcher.checkboxGeneralMistake(Contract_Dispatcher.groovy:938)
	at cucumber.runtime.Utils$1.call(Utils.java:26)
	at cucumber.runtime.Timeout.timeout(Timeout.java:16)
	at cucumber.runtime.Utils.invoke(Utils.java:20)
	at cucumber.runtime.java.JavaStepDefinition.execute(JavaStepDefinition.java:48)
	at cucumber.runtime.PickleStepDefinitionMatch.runStep(PickleStepDefinitionMatch.java:50)
	at cucumber.runner.TestStep.executeStep(TestStep.java:55)
	at cucumber.runner.TestStep.run(TestStep.java:42)
	at cucumber.runner.PickleStepTestStep.run(PickleStepTestStep.java:53)
	at cucumber.runner.TestCase.run(TestCase.java:47)
	at cucumber.runner.Runner.runPickle(Runner.java:44)
	at cucumber.runtime.Runtime.runFeature(Runtime.java:120)
	at cucumber.runtime.Runtime.run(Runtime.java:106)
	at cucumber.api.cli.Main.run(Main.java:35)
	at cucumber.api.cli.Main$run.call(Unknown Source)
	at com.kms.katalon.core.cucumber.keyword.CucumberBuiltinKeywords$_runFeatureFile_closure1.doCall(CucumberBuiltinKeywords.groovy:76)
	at com.kms.katalon.core.cucumber.keyword.CucumberBuiltinKeywords$_runFeatureFile_closure1.doCall(CucumberBuiltinKeywords.groovy)
	at com.kms.katalon.core.keyword.internal.KeywordMain.runKeyword(KeywordMain.groovy:68)
	at com.kms.katalon.core.keyword.internal.KeywordMain$runKeyword.call(Unknown Source)
	at com.kms.katalon.core.cucumber.keyword.CucumberBuiltinKeywords.runFeatureFile(CucumberBuiltinKeywords.groovy:46)
	at com.kms.katalon.core.cucumber.keyword.CucumberBuiltinKeywords$runFeatureFile$0.callStatic(Unknown Source)
	at com.kms.katalon.core.cucumber.keyword.CucumberBuiltinKeywords.runFeatureFile(CucumberBuiltinKeywords.groovy:169)
	at com.kms.katalon.core.cucumber.keyword.CucumberBuiltinKeywords$runFeatureFile.call(Unknown Source)
	at Pick_Mistake_Without_Write_Textarea_Note_After.run(Pick_Mistake_Without_Write_Textarea_Note_After:16)
	at com.kms.katalon.core.main.ScriptEngine.run(ScriptEngine.java:194)
	at com.kms.katalon.core.main.ScriptEngine.runScriptAsRawText(ScriptEngine.java:119)
	at com.kms.katalon.core.main.TestCaseExecutor.runScript(TestCaseExecutor.java:339)
	at com.kms.katalon.core.main.TestCaseExecutor.doExecute(TestCaseExecutor.java:330)
	at com.kms.katalon.core.main.TestCaseExecutor.processExecutionPhase(TestCaseExecutor.java:309)
	at com.kms.katalon.core.main.TestCaseExecutor.accessMainPhase(TestCaseExecutor.java:301)
	at com.kms.katalon.core.main.TestCaseExecutor.execute(TestCaseExecutor.java:235)
	at com.kms.katalon.core.main.TestSuiteExecutor.accessTestCaseMainPhase(TestSuiteExecutor.java:191)
	at com.kms.katalon.core.main.TestSuiteExecutor.accessTestSuiteMainPhase(TestSuiteExecutor.java:141)
	at com.kms.katalon.core.main.TestSuiteExecutor.execute(TestSuiteExecutor.java:90)
	at com.kms.katalon.core.main.TestCaseMain.startTestSuite(TestCaseMain.java:157)
	at com.kms.katalon.core.main.TestCaseMain$startTestSuite$0.call(Unknown Source)
	at TempTestSuite1595408865749.run(TempTestSuite1595408865749.groovy:39)


2020-07-22 16:16:33 - [TEST_STEP][NOT_RUN] - Choose Dropdown mistake type "Beda RT" from mistake name "KTP / Resi - Alamat tetap pemohon pada sistem (HoS) berbeda dengan KTP": Choose Dropdown mistake type "Beda RT" from mistake name "KTP / Resi - Alamat tetap pemohon pada sistem (HoS) berbeda dengan KTP"

2020-07-22 16:16:33 - [MESSAGE][NOT_RUN] - Choose Dropdown mistake type "Beda RT" from mistake name "KTP / Resi - Alamat tetap pemohon pada sistem (HoS) berbeda dengan KTP"

2020-07-22 16:16:33 - [TEST_STEP][NOT_RUN] - Type on textarea note before based on mistake name "KTP / Resi - Alamat tetap pemohon pada sistem (HoS) berbeda dengan KTP" with value "TESTING": Type on textarea note before based on mistake name "KTP / Resi - Alamat tetap pemohon pada sistem (HoS) berbeda dengan KTP" with value "TESTING"

2020-07-22 16:16:33 - [MESSAGE][NOT_RUN] - Type on textarea note before based on mistake name "KTP / Resi - Alamat tetap pemohon pada sistem (HoS) berbeda dengan KTP" with value "TESTING"

2020-07-22 16:16:33 - [TEST_STEP][NOT_RUN] - Click button "Save": Click button "Save"

2020-07-22 16:16:33 - [MESSAGE][NOT_RUN] - Click button "Save"

2020-07-22 16:16:33 - [TEST_STEP][NOT_RUN] - Get text from pop up "IT Supporting Tools" with text "Note-after cannot be empty": Get text from pop up "IT Supporting Tools" with text "Note-after cannot be empty"

2020-07-22 16:16:33 - [MESSAGE][NOT_RUN] - Get text from pop up "IT Supporting Tools" with text "Note-after cannot be empty"

2020-07-22 16:16:33 - [TEST_STEP][NOT_RUN] - Click button "OK": Click button "OK"

2020-07-22 16:16:33 - [MESSAGE][NOT_RUN] - Click button "OK"

2020-07-22 16:16:33 - [TEST_STEP][NOT_RUN] - Click button "Logout": Click button "Logout"

2020-07-22 16:16:33 - [MESSAGE][NOT_RUN] - Click button "Logout"

2020-07-22 16:16:33 - [TEST_STEP][NOT_RUN] - Comment "Register Mistake failed because Note-after empty": Comment "Register Mistake failed because Note-after empty"

2020-07-22 16:16:33 - [MESSAGE][NOT_RUN] - Comment "Register Mistake failed because Note-after empty"

2020-07-22 16:16:33 - [TEST_STEP][NOT_RUN] - Close browser: Close browser

2020-07-22 16:16:33 - [MESSAGE][NOT_RUN] - Close browser

2020-07-22 16:16:33 - [MESSAGE][FAILED] - Feature file 'Include/features/IST_Real/CONTRACT_DISPATCHER_TWO_WHEELERS/DEV/Pick_Mistake_Without_Write_Textarea_Note_After.feature' was failed

2020-07-22 16:16:33 - [MESSAGE][FAILED] - Keyword runFeatureFile was failed (Root cause: com.kms.katalon.core.exception.StepFailedException: Feature file 'Include/features/IST_Real/CONTRACT_DISPATCHER_TWO_WHEELERS/DEV/Pick_Mistake_Without_Write_Textarea_Note_After.feature' was failed
	at com.kms.katalon.core.keyword.internal.KeywordMain.stepFailed(KeywordMain.groovy:50)
	at com.kms.katalon.core.keyword.internal.KeywordMain.stepFailed(KeywordMain.groovy)
	at com.kms.katalon.core.keyword.internal.KeywordMain.stepFailed(KeywordMain.groovy:23)
	at com.kms.katalon.core.keyword.internal.KeywordMain$stepFailed$0.call(Unknown Source)
	at com.kms.katalon.core.cucumber.keyword.CucumberBuiltinKeywords$_runFeatureFile_closure1.doCall(CucumberBuiltinKeywords.groovy:82)
	at com.kms.katalon.core.cucumber.keyword.CucumberBuiltinKeywords$_runFeatureFile_closure1.doCall(CucumberBuiltinKeywords.groovy)
	at com.kms.katalon.core.keyword.internal.KeywordMain.runKeyword(KeywordMain.groovy:68)
	at com.kms.katalon.core.keyword.internal.KeywordMain$runKeyword.call(Unknown Source)
	at com.kms.katalon.core.cucumber.keyword.CucumberBuiltinKeywords.runFeatureFile(CucumberBuiltinKeywords.groovy:46)
	at com.kms.katalon.core.cucumber.keyword.CucumberBuiltinKeywords$runFeatureFile$0.callStatic(Unknown Source)
	at com.kms.katalon.core.cucumber.keyword.CucumberBuiltinKeywords.runFeatureFile(CucumberBuiltinKeywords.groovy:169)
	at com.kms.katalon.core.cucumber.keyword.CucumberBuiltinKeywords$runFeatureFile.call(Unknown Source)
	at Pick_Mistake_Without_Write_Textarea_Note_After.run(Pick_Mistake_Without_Write_Textarea_Note_After:16)
	at com.kms.katalon.core.main.ScriptEngine.run(ScriptEngine.java:194)
	at com.kms.katalon.core.main.ScriptEngine.runScriptAsRawText(ScriptEngine.java:119)
	at com.kms.katalon.core.main.TestCaseExecutor.runScript(TestCaseExecutor.java:339)
	at com.kms.katalon.core.main.TestCaseExecutor.doExecute(TestCaseExecutor.java:330)
	at com.kms.katalon.core.main.TestCaseExecutor.processExecutionPhase(TestCaseExecutor.java:309)
	at com.kms.katalon.core.main.TestCaseExecutor.accessMainPhase(TestCaseExecutor.java:301)
	at com.kms.katalon.core.main.TestCaseExecutor.execute(TestCaseExecutor.java:235)
	at com.kms.katalon.core.main.TestSuiteExecutor.accessTestCaseMainPhase(TestSuiteExecutor.java:191)
	at com.kms.katalon.core.main.TestSuiteExecutor.accessTestSuiteMainPhase(TestSuiteExecutor.java:141)
	at com.kms.katalon.core.main.TestSuiteExecutor.execute(TestSuiteExecutor.java:90)
	at com.kms.katalon.core.main.TestCaseMain.startTestSuite(TestCaseMain.java:157)
	at com.kms.katalon.core.main.TestCaseMain$startTestSuite$0.call(Unknown Source)
	at TempTestSuite1595408865749.run(TempTestSuite1595408865749.groovy:39)
)]]></system-out>
         <system-err><![CDATA[2020-07-22 16:14:15 - [TEST_CASE][FAILED] - Test Cases/IST_Real/CONTRACT_DISPATCHER_TWO_WHEELERS/DEV/Pick_Mistake_Without_Write_Textarea_Note_After: Test Cases/IST_Real/CONTRACT_DISPATCHER_TWO_WHEELERS/DEV/Pick_Mistake_Without_Write_Textarea_Note_After FAILED.
Reason:
com.kms.katalon.core.exception.StepFailedException: Feature file 'Include/features/IST_Real/CONTRACT_DISPATCHER_TWO_WHEELERS/DEV/Pick_Mistake_Without_Write_Textarea_Note_After.feature' was failed
	at com.kms.katalon.core.keyword.internal.KeywordMain.stepFailed(KeywordMain.groovy:50)
	at com.kms.katalon.core.keyword.internal.KeywordMain.stepFailed(KeywordMain.groovy)
	at com.kms.katalon.core.keyword.internal.KeywordMain.stepFailed(KeywordMain.groovy:23)
	at com.kms.katalon.core.keyword.internal.KeywordMain$stepFailed$0.call(Unknown Source)
	at com.kms.katalon.core.cucumber.keyword.CucumberBuiltinKeywords$_runFeatureFile_closure1.doCall(CucumberBuiltinKeywords.groovy:82)
	at com.kms.katalon.core.cucumber.keyword.CucumberBuiltinKeywords$_runFeatureFile_closure1.doCall(CucumberBuiltinKeywords.groovy)
	at com.kms.katalon.core.keyword.internal.KeywordMain.runKeyword(KeywordMain.groovy:68)
	at com.kms.katalon.core.keyword.internal.KeywordMain$runKeyword.call(Unknown Source)
	at com.kms.katalon.core.cucumber.keyword.CucumberBuiltinKeywords.runFeatureFile(CucumberBuiltinKeywords.groovy:46)
	at com.kms.katalon.core.cucumber.keyword.CucumberBuiltinKeywords$runFeatureFile$0.callStatic(Unknown Source)
	at com.kms.katalon.core.cucumber.keyword.CucumberBuiltinKeywords.runFeatureFile(CucumberBuiltinKeywords.groovy:169)
	at com.kms.katalon.core.cucumber.keyword.CucumberBuiltinKeywords$runFeatureFile.call(Unknown Source)
	at Pick_Mistake_Without_Write_Textarea_Note_After.run(Pick_Mistake_Without_Write_Textarea_Note_After:16)
	at com.kms.katalon.core.main.ScriptEngine.run(ScriptEngine.java:194)
	at com.kms.katalon.core.main.ScriptEngine.runScriptAsRawText(ScriptEngine.java:119)
	at com.kms.katalon.core.main.TestCaseExecutor.runScript(TestCaseExecutor.java:339)
	at com.kms.katalon.core.main.TestCaseExecutor.doExecute(TestCaseExecutor.java:330)
	at com.kms.katalon.core.main.TestCaseExecutor.processExecutionPhase(TestCaseExecutor.java:309)
	at com.kms.katalon.core.main.TestCaseExecutor.accessMainPhase(TestCaseExecutor.java:301)
	at com.kms.katalon.core.main.TestCaseExecutor.execute(TestCaseExecutor.java:235)
	at com.kms.katalon.core.main.TestSuiteExecutor.accessTestCaseMainPhase(TestSuiteExecutor.java:191)
	at com.kms.katalon.core.main.TestSuiteExecutor.accessTestSuiteMainPhase(TestSuiteExecutor.java:141)
	at com.kms.katalon.core.main.TestSuiteExecutor.execute(TestSuiteExecutor.java:90)
	at com.kms.katalon.core.main.TestCaseMain.startTestSuite(TestCaseMain.java:157)
	at com.kms.katalon.core.main.TestCaseMain$startTestSuite$0.call(Unknown Source)
	at TempTestSuite1595408865749.run(TempTestSuite1595408865749.groovy:39)]]></system-err>
      </testcase>
      <testcase name="Test Cases/IST_Real/CONTRACT_DISPATCHER_TWO_WHEELERS/DEV/Update_Tbl_CDS_CDC" time="0.766" classname="Test Cases/IST_Real/CONTRACT_DISPATCHER_TWO_WHEELERS/DEV/Update_Tbl_CDS_CDC" status="PASSED">
         <system-out><![CDATA[2020-07-22 16:16:33 - [TEST_CASE][PASSED] - Test Cases/IST_Real/CONTRACT_DISPATCHER_TWO_WHEELERS/DEV/Update_Tbl_CDS_CDC: Test Cases/IST_Real/CONTRACT_DISPATCHER_TWO_WHEELERS/DEV/Update_Tbl_CDS_CDC

2020-07-22 16:16:33 - [TEST_STEP][PASSED] - runFeatureFile("Include/features/IST_Real/CONTRACT_DISPATCHER_TWO_WHEELERS/DEV/Update_Tbl_CDS_CDC.feature"): Feature file: 'Include/features/IST_Real/CONTRACT_DISPATCHER_TWO_WHEELERS/DEV/Update_Tbl_CDS_CDC.feature' was passed

2020-07-22 16:16:33 - [MESSAGE][INFO] - Starting run keyword runFeatureFile: 'Include/features/IST_Real/CONTRACT_DISPATCHER_TWO_WHEELERS/DEV/Update_Tbl_CDS_CDC.feature' and extract report to folder: '/Users/chaidir.pratama01/Katalon Studio/IST_Automation_Git/Reports/20200722_160745/CONTRACT_DISPATCHER_TWO_WHEELERS/DEV/TS_Contract_Dispatcher_Two_Wheelers/20200722_160745/cucumber_report/1595409393783'...

2020-07-22 16:16:33 - [TEST_CASE][PASSED] - Start Test Case : SCENARIO Update Table CONTRACT_DISPATCHER_SOURCE and CONTRACT_DISPTACHER_CLAIM: SCENARIO Update Table CONTRACT_DISPATCHER_SOURCE and CONTRACT_DISPTACHER_CLAIM

2020-07-22 16:16:33 - [TEST_STEP][PASSED] - Connect to APP_ACCOUNT C1: Connect to APP_ACCOUNT C1

2020-07-22 16:16:34 - [MESSAGE][PASSED] - Connect to APP_ACCOUNT C1

2020-07-22 16:16:34 - [TEST_STEP][PASSED] - Update Tbl CONTRACT DISPATCHER SOURCE To Change PROCESSED From Y to N: Update Tbl CONTRACT DISPATCHER SOURCE To Change PROCESSED From Y to N

2020-07-22 16:16:34 - [MESSAGE][PASSED] - Update Tbl CONTRACT DISPATCHER SOURCE To Change PROCESSED From Y to N

2020-07-22 16:16:34 - [TEST_STEP][PASSED] - Update Tbl CONTRACT DISPATCHER CLAIM To Delete PROCESS From Column STATUS: Update Tbl CONTRACT DISPATCHER CLAIM To Delete PROCESS From Column STATUS

2020-07-22 16:16:34 - [MESSAGE][PASSED] - Update Tbl CONTRACT DISPATCHER CLAIM To Delete PROCESS From Column STATUS

2020-07-22 16:16:34 - [MESSAGE][PASSED] - Feature file: 'Include/features/IST_Real/CONTRACT_DISPATCHER_TWO_WHEELERS/DEV/Update_Tbl_CDS_CDC.feature' was passed]]></system-out>
         <system-err><![CDATA[]]></system-err>
      </testcase>
      <testcase name="Test Cases/IST_Real/CONTRACT_DISPATCHER_TWO_WHEELERS/DEV/Pick_Mistake_Without_Write_Textarea_Note_Before" time="352.263" classname="Test Cases/IST_Real/CONTRACT_DISPATCHER_TWO_WHEELERS/DEV/Pick_Mistake_Without_Write_Textarea_Note_Before" status="FAILED">
         <failure type="FAILED" message="Test Cases/IST_Real/CONTRACT_DISPATCHER_TWO_WHEELERS/DEV/Pick_Mistake_Without_Write_Textarea_Note_Before FAILED.
Reason:
com.kms.katalon.core.exception.StepFailedException: Feature file 'Include/features/IST_Real/CONTRACT_DISPATCHER_TWO_WHEELERS/DEV/Pick_Mistake_Without_Write_Textarea_Note_Before.feature' was failed
	at com.kms.katalon.core.keyword.internal.KeywordMain.stepFailed(KeywordMain.groovy:50)
	at com.kms.katalon.core.keyword.internal.KeywordMain.stepFailed(KeywordMain.groovy)
	at com.kms.katalon.core.keyword.internal.KeywordMain.stepFailed(KeywordMain.groovy:23)
	at com.kms.katalon.core.keyword.internal.KeywordMain$stepFailed$0.call(Unknown Source)
	at com.kms.katalon.core.cucumber.keyword.CucumberBuiltinKeywords$_runFeatureFile_closure1.doCall(CucumberBuiltinKeywords.groovy:82)
	at com.kms.katalon.core.cucumber.keyword.CucumberBuiltinKeywords$_runFeatureFile_closure1.doCall(CucumberBuiltinKeywords.groovy)
	at com.kms.katalon.core.keyword.internal.KeywordMain.runKeyword(KeywordMain.groovy:68)
	at com.kms.katalon.core.keyword.internal.KeywordMain$runKeyword.call(Unknown Source)
	at com.kms.katalon.core.cucumber.keyword.CucumberBuiltinKeywords.runFeatureFile(CucumberBuiltinKeywords.groovy:46)
	at com.kms.katalon.core.cucumber.keyword.CucumberBuiltinKeywords$runFeatureFile$0.callStatic(Unknown Source)
	at com.kms.katalon.core.cucumber.keyword.CucumberBuiltinKeywords.runFeatureFile(CucumberBuiltinKeywords.groovy:169)
	at com.kms.katalon.core.cucumber.keyword.CucumberBuiltinKeywords$runFeatureFile.call(Unknown Source)
	at Pick_Mistake_Without_Write_Textarea_Note_Before.run(Pick_Mistake_Without_Write_Textarea_Note_Before:16)
	at com.kms.katalon.core.main.ScriptEngine.run(ScriptEngine.java:194)
	at com.kms.katalon.core.main.ScriptEngine.runScriptAsRawText(ScriptEngine.java:119)
	at com.kms.katalon.core.main.TestCaseExecutor.runScript(TestCaseExecutor.java:339)
	at com.kms.katalon.core.main.TestCaseExecutor.doExecute(TestCaseExecutor.java:330)
	at com.kms.katalon.core.main.TestCaseExecutor.processExecutionPhase(TestCaseExecutor.java:309)
	at com.kms.katalon.core.main.TestCaseExecutor.accessMainPhase(TestCaseExecutor.java:301)
	at com.kms.katalon.core.main.TestCaseExecutor.execute(TestCaseExecutor.java:235)
	at com.kms.katalon.core.main.TestSuiteExecutor.accessTestCaseMainPhase(TestSuiteExecutor.java:191)
	at com.kms.katalon.core.main.TestSuiteExecutor.accessTestSuiteMainPhase(TestSuiteExecutor.java:141)
	at com.kms.katalon.core.main.TestSuiteExecutor.execute(TestSuiteExecutor.java:90)
	at com.kms.katalon.core.main.TestCaseMain.startTestSuite(TestCaseMain.java:157)
	at com.kms.katalon.core.main.TestCaseMain$startTestSuite$0.call(Unknown Source)
	at TempTestSuite1595408865749.run(TempTestSuite1595408865749.groovy:39)
"/>
         <system-out><![CDATA[2020-07-22 16:16:34 - [TEST_CASE][FAILED] - Test Cases/IST_Real/CONTRACT_DISPATCHER_TWO_WHEELERS/DEV/Pick_Mistake_Without_Write_Textarea_Note_Before: Test Cases/IST_Real/CONTRACT_DISPATCHER_TWO_WHEELERS/DEV/Pick_Mistake_Without_Write_Textarea_Note_Before FAILED.
Reason:
com.kms.katalon.core.exception.StepFailedException: Feature file 'Include/features/IST_Real/CONTRACT_DISPATCHER_TWO_WHEELERS/DEV/Pick_Mistake_Without_Write_Textarea_Note_Before.feature' was failed
	at com.kms.katalon.core.keyword.internal.KeywordMain.stepFailed(KeywordMain.groovy:50)
	at com.kms.katalon.core.keyword.internal.KeywordMain.stepFailed(KeywordMain.groovy)
	at com.kms.katalon.core.keyword.internal.KeywordMain.stepFailed(KeywordMain.groovy:23)
	at com.kms.katalon.core.keyword.internal.KeywordMain$stepFailed$0.call(Unknown Source)
	at com.kms.katalon.core.cucumber.keyword.CucumberBuiltinKeywords$_runFeatureFile_closure1.doCall(CucumberBuiltinKeywords.groovy:82)
	at com.kms.katalon.core.cucumber.keyword.CucumberBuiltinKeywords$_runFeatureFile_closure1.doCall(CucumberBuiltinKeywords.groovy)
	at com.kms.katalon.core.keyword.internal.KeywordMain.runKeyword(KeywordMain.groovy:68)
	at com.kms.katalon.core.keyword.internal.KeywordMain$runKeyword.call(Unknown Source)
	at com.kms.katalon.core.cucumber.keyword.CucumberBuiltinKeywords.runFeatureFile(CucumberBuiltinKeywords.groovy:46)
	at com.kms.katalon.core.cucumber.keyword.CucumberBuiltinKeywords$runFeatureFile$0.callStatic(Unknown Source)
	at com.kms.katalon.core.cucumber.keyword.CucumberBuiltinKeywords.runFeatureFile(CucumberBuiltinKeywords.groovy:169)
	at com.kms.katalon.core.cucumber.keyword.CucumberBuiltinKeywords$runFeatureFile.call(Unknown Source)
	at Pick_Mistake_Without_Write_Textarea_Note_Before.run(Pick_Mistake_Without_Write_Textarea_Note_Before:16)
	at com.kms.katalon.core.main.ScriptEngine.run(ScriptEngine.java:194)
	at com.kms.katalon.core.main.ScriptEngine.runScriptAsRawText(ScriptEngine.java:119)
	at com.kms.katalon.core.main.TestCaseExecutor.runScript(TestCaseExecutor.java:339)
	at com.kms.katalon.core.main.TestCaseExecutor.doExecute(TestCaseExecutor.java:330)
	at com.kms.katalon.core.main.TestCaseExecutor.processExecutionPhase(TestCaseExecutor.java:309)
	at com.kms.katalon.core.main.TestCaseExecutor.accessMainPhase(TestCaseExecutor.java:301)
	at com.kms.katalon.core.main.TestCaseExecutor.execute(TestCaseExecutor.java:235)
	at com.kms.katalon.core.main.TestSuiteExecutor.accessTestCaseMainPhase(TestSuiteExecutor.java:191)
	at com.kms.katalon.core.main.TestSuiteExecutor.accessTestSuiteMainPhase(TestSuiteExecutor.java:141)
	at com.kms.katalon.core.main.TestSuiteExecutor.execute(TestSuiteExecutor.java:90)
	at com.kms.katalon.core.main.TestCaseMain.startTestSuite(TestCaseMain.java:157)
	at com.kms.katalon.core.main.TestCaseMain$startTestSuite$0.call(Unknown Source)
	at TempTestSuite1595408865749.run(TempTestSuite1595408865749.groovy:39)


2020-07-22 16:16:34 - [TEST_STEP][FAILED] - runFeatureFile("Include/features/IST_Real/CONTRACT_DISPATCHER_TWO_WHEELERS/DEV/Pick_Mistake_Without_Write_Textarea_Note_Before.feature"): Keyword runFeatureFile was failed (Root cause: com.kms.katalon.core.exception.StepFailedException: Feature file 'Include/features/IST_Real/CONTRACT_DISPATCHER_TWO_WHEELERS/DEV/Pick_Mistake_Without_Write_Textarea_Note_Before.feature' was failed
	at com.kms.katalon.core.keyword.internal.KeywordMain.stepFailed(KeywordMain.groovy:50)
	at com.kms.katalon.core.keyword.internal.KeywordMain.stepFailed(KeywordMain.groovy)
	at com.kms.katalon.core.keyword.internal.KeywordMain.stepFailed(KeywordMain.groovy:23)
	at com.kms.katalon.core.keyword.internal.KeywordMain$stepFailed$0.call(Unknown Source)
	at com.kms.katalon.core.cucumber.keyword.CucumberBuiltinKeywords$_runFeatureFile_closure1.doCall(CucumberBuiltinKeywords.groovy:82)
	at com.kms.katalon.core.cucumber.keyword.CucumberBuiltinKeywords$_runFeatureFile_closure1.doCall(CucumberBuiltinKeywords.groovy)
	at com.kms.katalon.core.keyword.internal.KeywordMain.runKeyword(KeywordMain.groovy:68)
	at com.kms.katalon.core.keyword.internal.KeywordMain$runKeyword.call(Unknown Source)
	at com.kms.katalon.core.cucumber.keyword.CucumberBuiltinKeywords.runFeatureFile(CucumberBuiltinKeywords.groovy:46)
	at com.kms.katalon.core.cucumber.keyword.CucumberBuiltinKeywords$runFeatureFile$0.callStatic(Unknown Source)
	at com.kms.katalon.core.cucumber.keyword.CucumberBuiltinKeywords.runFeatureFile(CucumberBuiltinKeywords.groovy:169)
	at com.kms.katalon.core.cucumber.keyword.CucumberBuiltinKeywords$runFeatureFile.call(Unknown Source)
	at Pick_Mistake_Without_Write_Textarea_Note_Before.run(Pick_Mistake_Without_Write_Textarea_Note_Before:16)
	at com.kms.katalon.core.main.ScriptEngine.run(ScriptEngine.java:194)
	at com.kms.katalon.core.main.ScriptEngine.runScriptAsRawText(ScriptEngine.java:119)
	at com.kms.katalon.core.main.TestCaseExecutor.runScript(TestCaseExecutor.java:339)
	at com.kms.katalon.core.main.TestCaseExecutor.doExecute(TestCaseExecutor.java:330)
	at com.kms.katalon.core.main.TestCaseExecutor.processExecutionPhase(TestCaseExecutor.java:309)
	at com.kms.katalon.core.main.TestCaseExecutor.accessMainPhase(TestCaseExecutor.java:301)
	at com.kms.katalon.core.main.TestCaseExecutor.execute(TestCaseExecutor.java:235)
	at com.kms.katalon.core.main.TestSuiteExecutor.accessTestCaseMainPhase(TestSuiteExecutor.java:191)
	at com.kms.katalon.core.main.TestSuiteExecutor.accessTestSuiteMainPhase(TestSuiteExecutor.java:141)
	at com.kms.katalon.core.main.TestSuiteExecutor.execute(TestSuiteExecutor.java:90)
	at com.kms.katalon.core.main.TestCaseMain.startTestSuite(TestCaseMain.java:157)
	at com.kms.katalon.core.main.TestCaseMain$startTestSuite$0.call(Unknown Source)
	at TempTestSuite1595408865749.run(TempTestSuite1595408865749.groovy:39)
)

2020-07-22 16:16:34 - [MESSAGE][INFO] - Starting run keyword runFeatureFile: 'Include/features/IST_Real/CONTRACT_DISPATCHER_TWO_WHEELERS/DEV/Pick_Mistake_Without_Write_Textarea_Note_Before.feature' and extract report to folder: '/Users/chaidir.pratama01/Katalon Studio/IST_Automation_Git/Reports/20200722_160745/CONTRACT_DISPATCHER_TWO_WHEELERS/DEV/TS_Contract_Dispatcher_Two_Wheelers/20200722_160745/cucumber_report/1595409394626'...

2020-07-22 16:16:34 - [TEST_CASE][PASSED] - Start Test Case : SCENARIO Assign User to Contract Two Wheelers: SCENARIO Assign User to Contract Two Wheelers

2020-07-22 16:16:34 - [TEST_STEP][PASSED] - Go to IST: Go to IST

2020-07-22 16:16:34 - [MESSAGE][WARNING] - A browser is already opened. Closing browser and opening a new one

2020-07-22 16:16:34 - [MESSAGE][INFO] - Starting 'Chrome' driver

2020-07-22 16:16:34 - [MESSAGE][INFO] - Action delay is set to 0 milliseconds

2020-07-22 16:16:35 - [MESSAGE][PASSED] - Browser is opened with url: ''

2020-07-22 16:16:37 - [MESSAGE][PASSED] - Navigate to 'https://dev-istools.homecredit.id/foundation/login.zul' successfully

2020-07-22 16:16:37 - [MESSAGE][PASSED] - Go to IST

2020-07-22 16:16:37 - [TEST_STEP][PASSED] - Login IST with valid credentials: Login IST with valid credentials

2020-07-22 16:16:37 - [MESSAGE][PASSED] - Text 'mobile.test' is set on object 'Object Repository/Page_/input_Username_j_username'

2020-07-22 16:16:38 - [MESSAGE][PASSED] - Text ****** has been set on object 'Object Repository/Page_/input_Password_j_password'

2020-07-22 16:16:39 - [MESSAGE][PASSED] - Object: 'Object Repository/Page_/button_Login' is clicked on

2020-07-22 16:16:39 - [MESSAGE][PASSED] - Login IST with valid credentials

2020-07-22 16:16:39 - [TEST_STEP][PASSED] - Login Success for contract dispatcher: Login Success for contract dispatcher

2020-07-22 16:16:39 - [MESSAGE][INFO] - Login Success

2020-07-22 16:16:40 - [MESSAGE][PASSED] - Current window maximized

2020-07-22 16:16:40 - [MESSAGE][PASSED] - Object 'Object Repository/Page_/h1_Welcome to IT Supporting Tools' is present

2020-07-22 16:16:40 - [MESSAGE][PASSED] - Login Success for contract dispatcher

2020-07-22 16:16:40 - [TEST_STEP][PASSED] - Select Arrow Menu "Contract Dispatcher Admin": Select Arrow Menu "Contract Dispatcher Admin"

2020-07-22 16:16:40 - [MESSAGE][PASSED] - Object: '' is clicked on

2020-07-22 16:16:40 - [MESSAGE][PASSED] - Select Arrow Menu "Contract Dispatcher Admin"

2020-07-22 16:16:40 - [TEST_STEP][PASSED] - Select Menu "Management Assignment": Select Menu "Management Assignment"

2020-07-22 16:16:41 - [MESSAGE][PASSED] - Object '' is present

2020-07-22 16:16:41 - [MESSAGE][PASSED] - Object: '' is clicked on

2020-07-22 16:16:42 - [MESSAGE][PASSED] - Wait for page load successfully

2020-07-22 16:16:42 - [MESSAGE][PASSED] - Select Menu "Management Assignment"

2020-07-22 16:16:42 - [TEST_STEP][PASSED] - Select Username "mobile.test" of Management Assignment: Select Username "mobile.test" of Management Assignment

2020-07-22 16:16:44 - [MESSAGE][PASSED] - All options with value 'mobile.test' are selected in object 'Object Repository/Page_/dropdown_list_username_assignment'  using regular expression

2020-07-22 16:16:44 - [MESSAGE][PASSED] - Select Username "mobile.test" of Management Assignment

2020-07-22 16:16:44 - [TEST_STEP][PASSED] - Check for username if already assigned to "Two Wheelers": Check for username if already assigned to "Two Wheelers"

2020-07-22 16:16:47 - [MESSAGE][PASSED] - Scroll to object '' successfully

2020-07-22 16:16:48 - [MESSAGE][PASSED] - Object '' is present

2020-07-22 16:16:48 - [MESSAGE][PASSED] - Object '' is checked

2020-07-22 16:16:48 - [MESSAGE][INFO] - Element is already Checked

2020-07-22 16:16:48 - [MESSAGE][PASSED] - Check for username if already assigned to "Two Wheelers"

2020-07-22 16:16:48 - [TEST_STEP][PASSED] - Wait page for load: Wait page for load

2020-07-22 16:16:48 - [MESSAGE][PASSED] - Wait for page load successfully

2020-07-22 16:16:48 - [MESSAGE][PASSED] - Wait page for load

2020-07-22 16:16:48 - [TEST_STEP][PASSED] - Click button "Logout": Click button "Logout"

2020-07-22 16:16:48 - [MESSAGE][INFO] - >>>>>//Button[contains(text(),'Logout')]

2020-07-22 16:16:52 - [MESSAGE][PASSED] - Object: '' is clicked on

2020-07-22 16:16:52 - [MESSAGE][PASSED] - Click button "Logout"

2020-07-22 16:16:52 - [TEST_STEP][PASSED] - Close browser: Close browser

2020-07-22 16:16:52 - [MESSAGE][PASSED] - Browser is closed

2020-07-22 16:16:52 - [MESSAGE][PASSED] - Close browser

2020-07-22 16:16:52 - [TEST_CASE][FAILED] - Start Test Case : SCENARIO Select Menu Contract Dispatcher and Select Contract based on type contract Two Wheelers: SCENARIO Select Menu Contract Dispatcher and Select Contract based on type contract Two Wheelers FAILED.
Reason:
com.kms.katalon.core.exception.StepFailedException: Unable to click on object ''
	at com.kms.katalon.core.webui.keyword.internal.WebUIKeywordMain.stepFailed(WebUIKeywordMain.groovy:64)
	at com.kms.katalon.core.webui.keyword.internal.WebUIKeywordMain.runKeyword(WebUIKeywordMain.groovy:26)
	at com.kms.katalon.core.webui.keyword.builtin.ClickKeyword.click(ClickKeyword.groovy:76)
	at com.kms.katalon.core.webui.keyword.builtin.ClickKeyword.execute(ClickKeyword.groovy:43)
	at com.kms.katalon.core.keyword.internal.KeywordExecutor.executeKeywordForPlatform(KeywordExecutor.groovy:73)
	at com.kms.katalon.core.webui.keyword.WebUiBuiltInKeywords.click(WebUiBuiltInKeywords.groovy:616)
	at com.kms.katalon.core.webui.keyword.WebUiBuiltInKeywords$click$3.call(Unknown Source)
	at ist_real.Contract_Dispatcher.checkboxGeneralMistake(Contract_Dispatcher.groovy:938)
	at ✽.Checkbox General Mistake "KTP Foto Komponen Tidak Ada"(/Users/chaidir.pratama01/Katalon Studio/IST_Automation_Git/Include/features/IST_Real/CONTRACT_DISPATCHER_TWO_WHEELERS/DEV/Pick_Mistake_Without_Write_Textarea_Note_Before.feature:49)
Caused by: java.lang.IndexOutOfBoundsException: Index: 0, Size: 0
	at com.kms.katalon.core.webui.common.WebUiCommonHelper.buildLocator(WebUiCommonHelper.java:519)
	at com.kms.katalon.core.webui.common.WebUiCommonHelper.findElementByNormalMethods(WebUiCommonHelper.java:985)
	at com.kms.katalon.core.webui.common.WebUiCommonHelper.findElementsBySelectedMethod(WebUiCommonHelper.java:894)
	at com.kms.katalon.core.webui.common.WebUiCommonHelper.findElementsWithSelfHealing(WebUiCommonHelper.java:791)
	at com.kms.katalon.core.webui.common.WebUiCommonHelper.findWebElements(WebUiCommonHelper.java:717)
	at com.kms.katalon.core.webui.common.WebUiCommonHelper.findWebElement(WebUiCommonHelper.java:1349)
	at com.kms.katalon.core.webui.keyword.internal.WebUIAbstractKeyword.findWebElement(WebUIAbstractKeyword.groovy:27)
	at com.kms.katalon.core.webui.keyword.internal.WebUIAbstractKeyword.findWebElement(WebUIAbstractKeyword.groovy:26)
	at com.kms.katalon.core.webui.keyword.builtin.ClickKeyword$_click_closure1.doCall(ClickKeyword.groovy:67)
	at com.kms.katalon.core.webui.keyword.builtin.ClickKeyword$_click_closure1.call(ClickKeyword.groovy)
	at com.kms.katalon.core.webui.keyword.internal.WebUIKeywordMain.runKeyword(WebUIKeywordMain.groovy:20)
	at com.kms.katalon.core.webui.keyword.builtin.ClickKeyword.click(ClickKeyword.groovy:76)
	at com.kms.katalon.core.webui.keyword.builtin.ClickKeyword.execute(ClickKeyword.groovy:43)
	at com.kms.katalon.core.keyword.internal.KeywordExecutor.executeKeywordForPlatform(KeywordExecutor.groovy:73)
	at com.kms.katalon.core.webui.keyword.WebUiBuiltInKeywords.click(WebUiBuiltInKeywords.groovy:616)
	at com.kms.katalon.core.webui.keyword.WebUiBuiltInKeywords$click$3.call(Unknown Source)
	at ist_real.Contract_Dispatcher.checkboxGeneralMistake(Contract_Dispatcher.groovy:938)
	at cucumber.runtime.Utils$1.call(Utils.java:26)
	at cucumber.runtime.Timeout.timeout(Timeout.java:16)
	at cucumber.runtime.Utils.invoke(Utils.java:20)
	at cucumber.runtime.java.JavaStepDefinition.execute(JavaStepDefinition.java:48)
	at cucumber.runtime.PickleStepDefinitionMatch.runStep(PickleStepDefinitionMatch.java:50)
	at cucumber.runner.TestStep.executeStep(TestStep.java:55)
	at cucumber.runner.TestStep.run(TestStep.java:42)
	at cucumber.runner.PickleStepTestStep.run(PickleStepTestStep.java:53)
	at cucumber.runner.TestCase.run(TestCase.java:47)
	at cucumber.runner.Runner.runPickle(Runner.java:44)
	at cucumber.runtime.Runtime.runFeature(Runtime.java:120)
	at cucumber.runtime.Runtime.run(Runtime.java:106)
	at cucumber.api.cli.Main.run(Main.java:35)
	at cucumber.api.cli.Main$run.call(Unknown Source)
	at com.kms.katalon.core.cucumber.keyword.CucumberBuiltinKeywords$_runFeatureFile_closure1.doCall(CucumberBuiltinKeywords.groovy:76)
	at com.kms.katalon.core.cucumber.keyword.CucumberBuiltinKeywords$_runFeatureFile_closure1.doCall(CucumberBuiltinKeywords.groovy)
	at com.kms.katalon.core.keyword.internal.KeywordMain.runKeyword(KeywordMain.groovy:68)
	at com.kms.katalon.core.keyword.internal.KeywordMain$runKeyword.call(Unknown Source)
	at com.kms.katalon.core.cucumber.keyword.CucumberBuiltinKeywords.runFeatureFile(CucumberBuiltinKeywords.groovy:46)
	at com.kms.katalon.core.cucumber.keyword.CucumberBuiltinKeywords$runFeatureFile$0.callStatic(Unknown Source)
	at com.kms.katalon.core.cucumber.keyword.CucumberBuiltinKeywords.runFeatureFile(CucumberBuiltinKeywords.groovy:169)
	at com.kms.katalon.core.cucumber.keyword.CucumberBuiltinKeywords$runFeatureFile.call(Unknown Source)
	at Pick_Mistake_Without_Write_Textarea_Note_Before.run(Pick_Mistake_Without_Write_Textarea_Note_Before:16)
	at com.kms.katalon.core.main.ScriptEngine.run(ScriptEngine.java:194)
	at com.kms.katalon.core.main.ScriptEngine.runScriptAsRawText(ScriptEngine.java:119)
	at com.kms.katalon.core.main.TestCaseExecutor.runScript(TestCaseExecutor.java:339)
	at com.kms.katalon.core.main.TestCaseExecutor.doExecute(TestCaseExecutor.java:330)
	at com.kms.katalon.core.main.TestCaseExecutor.processExecutionPhase(TestCaseExecutor.java:309)
	at com.kms.katalon.core.main.TestCaseExecutor.accessMainPhase(TestCaseExecutor.java:301)
	at com.kms.katalon.core.main.TestCaseExecutor.execute(TestCaseExecutor.java:235)
	at com.kms.katalon.core.main.TestSuiteExecutor.accessTestCaseMainPhase(TestSuiteExecutor.java:191)
	at com.kms.katalon.core.main.TestSuiteExecutor.accessTestSuiteMainPhase(TestSuiteExecutor.java:141)
	at com.kms.katalon.core.main.TestSuiteExecutor.execute(TestSuiteExecutor.java:90)
	at com.kms.katalon.core.main.TestCaseMain.startTestSuite(TestCaseMain.java:157)
	at com.kms.katalon.core.main.TestCaseMain$startTestSuite$0.call(Unknown Source)
	at TempTestSuite1595408865749.run(TempTestSuite1595408865749.groovy:39)


2020-07-22 16:16:52 - [TEST_STEP][PASSED] - Go to IST: Go to IST

2020-07-22 16:16:52 - [MESSAGE][INFO] - Starting 'Chrome' driver

2020-07-22 16:16:52 - [MESSAGE][INFO] - Action delay is set to 0 milliseconds

2020-07-22 16:16:52 - [MESSAGE][PASSED] - Browser is opened with url: ''

2020-07-22 16:16:54 - [MESSAGE][PASSED] - Navigate to 'https://dev-istools.homecredit.id/foundation/login.zul' successfully

2020-07-22 16:16:54 - [MESSAGE][PASSED] - Go to IST

2020-07-22 16:16:54 - [TEST_STEP][PASSED] - Login IST with valid credentials: Login IST with valid credentials

2020-07-22 16:16:55 - [MESSAGE][PASSED] - Text 'mobile.test' is set on object 'Object Repository/Page_/input_Username_j_username'

2020-07-22 16:16:55 - [MESSAGE][PASSED] - Text ****** has been set on object 'Object Repository/Page_/input_Password_j_password'

2020-07-22 16:16:57 - [MESSAGE][PASSED] - Object: 'Object Repository/Page_/button_Login' is clicked on

2020-07-22 16:16:57 - [MESSAGE][PASSED] - Login IST with valid credentials

2020-07-22 16:16:57 - [TEST_STEP][PASSED] - Login Success for contract dispatcher: Login Success for contract dispatcher

2020-07-22 16:16:57 - [MESSAGE][INFO] - Login Success

2020-07-22 16:16:57 - [MESSAGE][PASSED] - Current window maximized

2020-07-22 16:16:57 - [MESSAGE][PASSED] - Object 'Object Repository/Page_/h1_Welcome to IT Supporting Tools' is present

2020-07-22 16:16:57 - [MESSAGE][PASSED] - Login Success for contract dispatcher

2020-07-22 16:16:57 - [TEST_STEP][PASSED] - Select Menu "Contract Dispatcher": Select Menu "Contract Dispatcher"

2020-07-22 16:16:58 - [MESSAGE][PASSED] - Object '' is present

2020-07-22 16:16:58 - [MESSAGE][PASSED] - Object: '' is clicked on

2020-07-22 16:16:58 - [MESSAGE][PASSED] - Wait for page load successfully

2020-07-22 16:16:58 - [MESSAGE][PASSED] - Select Menu "Contract Dispatcher"

2020-07-22 16:16:58 - [TEST_STEP][PASSED] - Select Contract Number based on Type Contract "TWO_WHEELERS": Select Contract Number based on Type Contract "TWO_WHEELERS"

2020-07-22 16:17:01 - [MESSAGE][PASSED] - Object '' is present

2020-07-22 16:17:01 - [MESSAGE][PASSED] - Object '' is present

2020-07-22 16:17:02 - [MESSAGE][PASSED] - Object: '' is clicked on

2020-07-22 16:17:02 - [MESSAGE][PASSED] - Object '' is checked

2020-07-22 16:17:02 - [MESSAGE][PASSED] - Select Contract Number based on Type Contract "TWO_WHEELERS"

2020-07-22 16:17:02 - [TEST_STEP][PASSED] - Click button "Claim": Click button "Claim"

2020-07-22 16:17:02 - [MESSAGE][INFO] - >>>>>//Button[contains(text(),'Claim')]

2020-07-22 16:17:05 - [MESSAGE][PASSED] - Object: '' is clicked on

2020-07-22 16:17:05 - [MESSAGE][PASSED] - Click button "Claim"

2020-07-22 16:17:05 - [TEST_STEP][PASSED] - Varify the mistake detail already match with the matrix Base on Type Contract: Varify the mistake detail already match with the matrix Base on Type Contract

2020-07-22 16:17:08 - [MESSAGE][PASSED] - Object '' is present

2020-07-22 16:17:09 - [MESSAGE][PASSED] - Object: '' is clicked on

2020-07-22 16:17:09 - [MESSAGE][PASSED] - Object '' is present

2020-07-22 16:17:09 - [MESSAGE][PASSED] - Object '' is not checked

2020-07-22 16:17:10 - [MESSAGE][PASSED] - Object '' is present

2020-07-22 16:17:10 - [MESSAGE][PASSED] - Object '' is not checked

2020-07-22 16:17:10 - [MESSAGE][PASSED] - Object '' is present

2020-07-22 16:17:11 - [MESSAGE][PASSED] - Object '' is not checked

2020-07-22 16:17:11 - [MESSAGE][PASSED] - Object '' is present

2020-07-22 16:17:11 - [MESSAGE][PASSED] - Object '' is not checked

2020-07-22 16:17:12 - [MESSAGE][PASSED] - Object '' is present

2020-07-22 16:17:12 - [MESSAGE][PASSED] - Object '' is not checked

2020-07-22 16:17:12 - [MESSAGE][PASSED] - Object '' is present

2020-07-22 16:17:13 - [MESSAGE][PASSED] - Object '' is not checked

2020-07-22 16:17:13 - [MESSAGE][PASSED] - Object '' is present

2020-07-22 16:17:14 - [MESSAGE][PASSED] - Object '' is not checked

2020-07-22 16:17:14 - [MESSAGE][PASSED] - Object '' is present

2020-07-22 16:17:14 - [MESSAGE][PASSED] - Object '' is not checked

2020-07-22 16:17:15 - [MESSAGE][PASSED] - Object '' is present

2020-07-22 16:17:15 - [MESSAGE][PASSED] - Object '' is not checked

2020-07-22 16:17:15 - [MESSAGE][PASSED] - Object '' is present

2020-07-22 16:17:16 - [MESSAGE][PASSED] - Object '' is not checked

2020-07-22 16:17:16 - [MESSAGE][PASSED] - Object '' is present

2020-07-22 16:17:16 - [MESSAGE][PASSED] - Object '' is not checked

2020-07-22 16:17:17 - [MESSAGE][PASSED] - Object '' is present

2020-07-22 16:17:17 - [MESSAGE][PASSED] - Object '' is not checked

2020-07-22 16:17:18 - [MESSAGE][PASSED] - Object '' is present

2020-07-22 16:17:18 - [MESSAGE][PASSED] - Object '' is not checked

2020-07-22 16:17:18 - [MESSAGE][PASSED] - Object '' is present

2020-07-22 16:17:19 - [MESSAGE][PASSED] - Object '' is not checked

2020-07-22 16:17:19 - [MESSAGE][PASSED] - Object '' is present

2020-07-22 16:17:19 - [MESSAGE][PASSED] - Object '' is not checked

2020-07-22 16:17:20 - [MESSAGE][PASSED] - Object '' is present

2020-07-22 16:17:20 - [MESSAGE][PASSED] - Object '' is not checked

2020-07-22 16:17:20 - [MESSAGE][PASSED] - Object '' is present

2020-07-22 16:17:21 - [MESSAGE][PASSED] - Object '' is not checked

2020-07-22 16:17:21 - [MESSAGE][PASSED] - Object '' is present

2020-07-22 16:17:21 - [MESSAGE][PASSED] - Object '' is not checked

2020-07-22 16:17:22 - [MESSAGE][PASSED] - Object '' is present

2020-07-22 16:17:22 - [MESSAGE][PASSED] - Object '' is not checked

2020-07-22 16:17:23 - [MESSAGE][PASSED] - Object '' is present

2020-07-22 16:17:23 - [MESSAGE][PASSED] - Object '' is not checked

2020-07-22 16:17:23 - [MESSAGE][PASSED] - Object '' is present

2020-07-22 16:17:24 - [MESSAGE][PASSED] - Object: '' is clicked on

2020-07-22 16:17:24 - [MESSAGE][PASSED] - Object '' is present

2020-07-22 16:17:25 - [MESSAGE][PASSED] - Object '' is not checked

2020-07-22 16:17:25 - [MESSAGE][PASSED] - Object '' is present

2020-07-22 16:17:25 - [MESSAGE][PASSED] - Object '' is not checked

2020-07-22 16:17:26 - [MESSAGE][PASSED] - Object '' is present

2020-07-22 16:17:26 - [MESSAGE][PASSED] - Object '' is not checked

2020-07-22 16:17:26 - [MESSAGE][PASSED] - Object '' is present

2020-07-22 16:17:27 - [MESSAGE][PASSED] - Object '' is not checked

2020-07-22 16:17:27 - [MESSAGE][PASSED] - Object '' is present

2020-07-22 16:17:27 - [MESSAGE][PASSED] - Object '' is not checked

2020-07-22 16:17:28 - [MESSAGE][PASSED] - Object '' is present

2020-07-22 16:17:28 - [MESSAGE][PASSED] - Object '' is not checked

2020-07-22 16:17:28 - [MESSAGE][PASSED] - Object '' is present

2020-07-22 16:17:29 - [MESSAGE][PASSED] - Object: '' is clicked on

2020-07-22 16:17:29 - [MESSAGE][PASSED] - Object '' is present

2020-07-22 16:17:30 - [MESSAGE][PASSED] - Object '' is not checked

2020-07-22 16:17:30 - [MESSAGE][PASSED] - Object '' is present

2020-07-22 16:17:30 - [MESSAGE][PASSED] - Object '' is not checked

2020-07-22 16:17:31 - [MESSAGE][PASSED] - Object '' is present

2020-07-22 16:17:31 - [MESSAGE][PASSED] - Object '' is not checked

2020-07-22 16:17:31 - [MESSAGE][PASSED] - Object '' is present

2020-07-22 16:17:32 - [MESSAGE][PASSED] - Object: '' is clicked on

2020-07-22 16:17:32 - [MESSAGE][PASSED] - Object '' is present

2020-07-22 16:17:32 - [MESSAGE][PASSED] - Object '' is not checked

2020-07-22 16:17:33 - [MESSAGE][PASSED] - Object '' is present

2020-07-22 16:17:33 - [MESSAGE][PASSED] - Object '' is not checked

2020-07-22 16:17:33 - [MESSAGE][PASSED] - Object '' is present

2020-07-22 16:17:34 - [MESSAGE][PASSED] - Object '' is not checked

2020-07-22 16:17:34 - [MESSAGE][PASSED] - Object '' is present

2020-07-22 16:17:34 - [MESSAGE][PASSED] - Object '' is not checked

2020-07-22 16:17:35 - [MESSAGE][PASSED] - Object '' is present

2020-07-22 16:17:35 - [MESSAGE][PASSED] - Object '' is not checked

2020-07-22 16:17:35 - [MESSAGE][PASSED] - Object '' is present

2020-07-22 16:17:36 - [MESSAGE][PASSED] - Object '' is not checked

2020-07-22 16:17:36 - [MESSAGE][PASSED] - Object '' is present

2020-07-22 16:17:36 - [MESSAGE][PASSED] - Object '' is not checked

2020-07-22 16:17:37 - [MESSAGE][PASSED] - Object '' is present

2020-07-22 16:17:37 - [MESSAGE][PASSED] - Object: '' is clicked on

2020-07-22 16:17:38 - [MESSAGE][PASSED] - Object '' is present

2020-07-22 16:17:38 - [MESSAGE][PASSED] - Object '' is not checked

2020-07-22 16:17:38 - [MESSAGE][PASSED] - Object '' is present

2020-07-22 16:17:39 - [MESSAGE][PASSED] - Object '' is not checked

2020-07-22 16:17:39 - [MESSAGE][PASSED] - Object '' is present

2020-07-22 16:17:39 - [MESSAGE][PASSED] - Object '' is not checked

2020-07-22 16:17:40 - [MESSAGE][PASSED] - Object '' is present

2020-07-22 16:17:40 - [MESSAGE][PASSED] - Object '' is not checked

2020-07-22 16:17:40 - [MESSAGE][PASSED] - Object '' is present

2020-07-22 16:17:41 - [MESSAGE][PASSED] - Object '' is not checked

2020-07-22 16:17:41 - [MESSAGE][PASSED] - Object '' is present

2020-07-22 16:17:41 - [MESSAGE][PASSED] - Object '' is not checked

2020-07-22 16:17:42 - [MESSAGE][PASSED] - Object '' is present

2020-07-22 16:17:42 - [MESSAGE][PASSED] - Object '' is not checked

2020-07-22 16:17:42 - [MESSAGE][PASSED] - Object '' is present

2020-07-22 16:17:43 - [MESSAGE][PASSED] - Object: '' is clicked on

2020-07-22 16:17:43 - [MESSAGE][PASSED] - Object '' is present

2020-07-22 16:17:44 - [MESSAGE][PASSED] - Object '' is not checked

2020-07-22 16:17:44 - [MESSAGE][PASSED] - Object '' is present

2020-07-22 16:17:44 - [MESSAGE][PASSED] - Object '' is not checked

2020-07-22 16:17:45 - [MESSAGE][PASSED] - Object '' is present

2020-07-22 16:17:45 - [MESSAGE][PASSED] - Object '' is not checked

2020-07-22 16:17:45 - [MESSAGE][PASSED] - Object '' is present

2020-07-22 16:17:46 - [MESSAGE][PASSED] - Object '' is not checked

2020-07-22 16:17:46 - [MESSAGE][PASSED] - Object '' is present

2020-07-22 16:17:46 - [MESSAGE][PASSED] - Object: '' is clicked on

2020-07-22 16:17:47 - [MESSAGE][PASSED] - Object '' is present

2020-07-22 16:17:47 - [MESSAGE][PASSED] - Object '' is not checked

2020-07-22 16:17:47 - [MESSAGE][PASSED] - Object '' is present

2020-07-22 16:17:48 - [MESSAGE][PASSED] - Object '' is not checked

2020-07-22 16:17:48 - [MESSAGE][PASSED] - Object '' is present

2020-07-22 16:17:48 - [MESSAGE][PASSED] - Object '' is not checked

2020-07-22 16:17:49 - [MESSAGE][PASSED] - Object '' is present

2020-07-22 16:17:49 - [MESSAGE][PASSED] - Object: '' is clicked on

2020-07-22 16:17:49 - [MESSAGE][PASSED] - Object '' is present

2020-07-22 16:17:50 - [MESSAGE][PASSED] - Object '' is not checked

2020-07-22 16:17:50 - [MESSAGE][PASSED] - Object '' is present

2020-07-22 16:17:50 - [MESSAGE][PASSED] - Object '' is not checked

2020-07-22 16:17:51 - [MESSAGE][PASSED] - Object '' is present

2020-07-22 16:17:51 - [MESSAGE][PASSED] - Object '' is not checked

2020-07-22 16:17:51 - [MESSAGE][PASSED] - Object '' is present

2020-07-22 16:17:52 - [MESSAGE][PASSED] - Object: '' is clicked on

2020-07-22 16:17:52 - [MESSAGE][PASSED] - Object '' is present

2020-07-22 16:17:53 - [MESSAGE][PASSED] - Object '' is not checked

2020-07-22 16:17:53 - [MESSAGE][PASSED] - Object '' is present

2020-07-22 16:17:53 - [MESSAGE][PASSED] - Object '' is not checked

2020-07-22 16:17:53 - [MESSAGE][PASSED] - Object '' is present

2020-07-22 16:17:54 - [MESSAGE][PASSED] - Object '' is not checked

2020-07-22 16:17:54 - [MESSAGE][PASSED] - Object '' is present

2020-07-22 16:17:54 - [MESSAGE][PASSED] - Object '' is not checked

2020-07-22 16:17:55 - [MESSAGE][PASSED] - Object '' is present

2020-07-22 16:17:55 - [MESSAGE][PASSED] - Object: '' is clicked on

2020-07-22 16:17:56 - [MESSAGE][PASSED] - Object '' is present

2020-07-22 16:17:56 - [MESSAGE][PASSED] - Object '' is not checked

2020-07-22 16:17:56 - [MESSAGE][PASSED] - Object '' is present

2020-07-22 16:17:57 - [MESSAGE][PASSED] - Object '' is not checked

2020-07-22 16:17:57 - [MESSAGE][PASSED] - Object '' is present

2020-07-22 16:17:57 - [MESSAGE][PASSED] - Object '' is not checked

2020-07-22 16:17:58 - [MESSAGE][PASSED] - Object '' is present

2020-07-22 16:17:58 - [MESSAGE][PASSED] - Object '' is not checked

2020-07-22 16:17:58 - [MESSAGE][PASSED] - Object '' is present

2020-07-22 16:17:59 - [MESSAGE][PASSED] - Object '' is not checked

2020-07-22 16:17:59 - [MESSAGE][PASSED] - Object '' is present

2020-07-22 16:17:59 - [MESSAGE][PASSED] - Object '' is not checked

2020-07-22 16:18:00 - [MESSAGE][PASSED] - Object '' is present

2020-07-22 16:18:00 - [MESSAGE][PASSED] - Object '' is not checked

2020-07-22 16:18:00 - [MESSAGE][PASSED] - Object '' is present

2020-07-22 16:18:01 - [MESSAGE][PASSED] - Object: '' is clicked on

2020-07-22 16:18:01 - [MESSAGE][PASSED] - Object '' is present

2020-07-22 16:18:02 - [MESSAGE][PASSED] - Object '' is not checked

2020-07-22 16:18:02 - [MESSAGE][PASSED] - Object '' is present

2020-07-22 16:18:02 - [MESSAGE][PASSED] - Object '' is not checked

2020-07-22 16:18:03 - [MESSAGE][PASSED] - Object '' is present

2020-07-22 16:18:03 - [MESSAGE][PASSED] - Object '' is not checked

2020-07-22 16:18:03 - [MESSAGE][PASSED] - Object '' is present

2020-07-22 16:18:04 - [MESSAGE][PASSED] - Object '' is not checked

2020-07-22 16:18:04 - [MESSAGE][PASSED] - Object '' is present

2020-07-22 16:18:04 - [MESSAGE][PASSED] - Object '' is not checked

2020-07-22 16:18:05 - [MESSAGE][PASSED] - Object '' is present

2020-07-22 16:18:05 - [MESSAGE][PASSED] - Object '' is not checked

2020-07-22 16:18:05 - [MESSAGE][PASSED] - Object '' is present

2020-07-22 16:18:06 - [MESSAGE][PASSED] - Object '' is not checked

2020-07-22 16:18:06 - [MESSAGE][PASSED] - Object: '' is clicked on

2020-07-22 16:18:06 - [MESSAGE][PASSED] - Object: '' is clicked on

2020-07-22 16:18:07 - [MESSAGE][PASSED] - Object: '' is clicked on

2020-07-22 16:18:07 - [MESSAGE][PASSED] - Object '' is present

2020-07-22 16:18:07 - [MESSAGE][PASSED] - Object: '' is clicked on

2020-07-22 16:18:08 - [MESSAGE][PASSED] - Object '' is present

2020-07-22 16:18:08 - [MESSAGE][PASSED] - Object '' is not checked

2020-07-22 16:18:08 - [MESSAGE][PASSED] - Object '' is present

2020-07-22 16:18:09 - [MESSAGE][PASSED] - Object '' is not checked

2020-07-22 16:18:09 - [MESSAGE][PASSED] - Object '' is present

2020-07-22 16:18:09 - [MESSAGE][PASSED] - Object: '' is clicked on

2020-07-22 16:18:10 - [MESSAGE][PASSED] - Object '' is present

2020-07-22 16:18:10 - [MESSAGE][PASSED] - Object '' is not checked

2020-07-22 16:18:10 - [MESSAGE][PASSED] - Object '' is present

2020-07-22 16:18:10 - [MESSAGE][PASSED] - Object '' is not checked

2020-07-22 16:18:11 - [MESSAGE][PASSED] - Object '' is present

2020-07-22 16:18:11 - [MESSAGE][PASSED] - Object '' is not checked

2020-07-22 16:18:11 - [MESSAGE][PASSED] - Object '' is present

2020-07-22 16:18:12 - [MESSAGE][PASSED] - Object '' is not checked

2020-07-22 16:18:12 - [MESSAGE][PASSED] - Object '' is present

2020-07-22 16:18:13 - [MESSAGE][PASSED] - Object: '' is clicked on

2020-07-22 16:18:13 - [MESSAGE][PASSED] - Object '' is present

2020-07-22 16:18:14 - [MESSAGE][PASSED] - Object '' is not checked

2020-07-22 16:18:14 - [MESSAGE][PASSED] - Object '' is present

2020-07-22 16:18:14 - [MESSAGE][PASSED] - Object '' is not checked

2020-07-22 16:18:15 - [MESSAGE][PASSED] - Object '' is present

2020-07-22 16:18:15 - [MESSAGE][PASSED] - Object '' is not checked

2020-07-22 16:18:15 - [MESSAGE][PASSED] - Object '' is present

2020-07-22 16:18:16 - [MESSAGE][PASSED] - Object '' is not checked

2020-07-22 16:18:16 - [MESSAGE][PASSED] - Object '' is present

2020-07-22 16:18:16 - [MESSAGE][PASSED] - Object '' is not checked

2020-07-22 16:18:17 - [MESSAGE][PASSED] - Object: '' is clicked on

2020-07-22 16:18:17 - [MESSAGE][PASSED] - Object: '' is clicked on

2020-07-22 16:18:17 - [MESSAGE][PASSED] - Object: '' is clicked on

2020-07-22 16:18:17 - [MESSAGE][PASSED] - Varify the mistake detail already match with the matrix Base on Type Contract

2020-07-22 16:18:17 - [TEST_STEP][PASSED] - Click on Tab "KTP": Click on Tab "KTP"

2020-07-22 16:18:18 - [MESSAGE][PASSED] - Object '' is present

2020-07-22 16:18:18 - [MESSAGE][PASSED] - Object: '' is clicked on

2020-07-22 16:18:18 - [MESSAGE][PASSED] - Click on Tab "KTP"

2020-07-22 16:18:18 - [TEST_STEP][FAILED] - Checkbox General Mistake "KTP Foto Komponen Tidak Ada": Checkbox General Mistake "KTP Foto Komponen Tidak Ada" FAILED.
Reason:
com.kms.katalon.core.exception.StepFailedException: Unable to click on object ''
	at com.kms.katalon.core.webui.keyword.internal.WebUIKeywordMain.stepFailed(WebUIKeywordMain.groovy:64)
	at com.kms.katalon.core.webui.keyword.internal.WebUIKeywordMain.runKeyword(WebUIKeywordMain.groovy:26)
	at com.kms.katalon.core.webui.keyword.builtin.ClickKeyword.click(ClickKeyword.groovy:76)
	at com.kms.katalon.core.webui.keyword.builtin.ClickKeyword.execute(ClickKeyword.groovy:43)
	at com.kms.katalon.core.keyword.internal.KeywordExecutor.executeKeywordForPlatform(KeywordExecutor.groovy:73)
	at com.kms.katalon.core.webui.keyword.WebUiBuiltInKeywords.click(WebUiBuiltInKeywords.groovy:616)
	at com.kms.katalon.core.webui.keyword.WebUiBuiltInKeywords$click$3.call(Unknown Source)
	at ist_real.Contract_Dispatcher.checkboxGeneralMistake(Contract_Dispatcher.groovy:938)
	at ✽.Checkbox General Mistake "KTP Foto Komponen Tidak Ada"(/Users/chaidir.pratama01/Katalon Studio/IST_Automation_Git/Include/features/IST_Real/CONTRACT_DISPATCHER_TWO_WHEELERS/DEV/Pick_Mistake_Without_Write_Textarea_Note_Before.feature:49)
Caused by: java.lang.IndexOutOfBoundsException: Index: 0, Size: 0
	at com.kms.katalon.core.webui.common.WebUiCommonHelper.buildLocator(WebUiCommonHelper.java:519)
	at com.kms.katalon.core.webui.common.WebUiCommonHelper.findElementByNormalMethods(WebUiCommonHelper.java:985)
	at com.kms.katalon.core.webui.common.WebUiCommonHelper.findElementsBySelectedMethod(WebUiCommonHelper.java:894)
	at com.kms.katalon.core.webui.common.WebUiCommonHelper.findElementsWithSelfHealing(WebUiCommonHelper.java:791)
	at com.kms.katalon.core.webui.common.WebUiCommonHelper.findWebElements(WebUiCommonHelper.java:717)
	at com.kms.katalon.core.webui.common.WebUiCommonHelper.findWebElement(WebUiCommonHelper.java:1349)
	at com.kms.katalon.core.webui.keyword.internal.WebUIAbstractKeyword.findWebElement(WebUIAbstractKeyword.groovy:27)
	at com.kms.katalon.core.webui.keyword.internal.WebUIAbstractKeyword.findWebElement(WebUIAbstractKeyword.groovy:26)
	at com.kms.katalon.core.webui.keyword.builtin.ClickKeyword$_click_closure1.doCall(ClickKeyword.groovy:67)
	at com.kms.katalon.core.webui.keyword.builtin.ClickKeyword$_click_closure1.call(ClickKeyword.groovy)
	at com.kms.katalon.core.webui.keyword.internal.WebUIKeywordMain.runKeyword(WebUIKeywordMain.groovy:20)
	at com.kms.katalon.core.webui.keyword.builtin.ClickKeyword.click(ClickKeyword.groovy:76)
	at com.kms.katalon.core.webui.keyword.builtin.ClickKeyword.execute(ClickKeyword.groovy:43)
	at com.kms.katalon.core.keyword.internal.KeywordExecutor.executeKeywordForPlatform(KeywordExecutor.groovy:73)
	at com.kms.katalon.core.webui.keyword.WebUiBuiltInKeywords.click(WebUiBuiltInKeywords.groovy:616)
	at com.kms.katalon.core.webui.keyword.WebUiBuiltInKeywords$click$3.call(Unknown Source)
	at ist_real.Contract_Dispatcher.checkboxGeneralMistake(Contract_Dispatcher.groovy:938)
	at cucumber.runtime.Utils$1.call(Utils.java:26)
	at cucumber.runtime.Timeout.timeout(Timeout.java:16)
	at cucumber.runtime.Utils.invoke(Utils.java:20)
	at cucumber.runtime.java.JavaStepDefinition.execute(JavaStepDefinition.java:48)
	at cucumber.runtime.PickleStepDefinitionMatch.runStep(PickleStepDefinitionMatch.java:50)
	at cucumber.runner.TestStep.executeStep(TestStep.java:55)
	at cucumber.runner.TestStep.run(TestStep.java:42)
	at cucumber.runner.PickleStepTestStep.run(PickleStepTestStep.java:53)
	at cucumber.runner.TestCase.run(TestCase.java:47)
	at cucumber.runner.Runner.runPickle(Runner.java:44)
	at cucumber.runtime.Runtime.runFeature(Runtime.java:120)
	at cucumber.runtime.Runtime.run(Runtime.java:106)
	at cucumber.api.cli.Main.run(Main.java:35)
	at cucumber.api.cli.Main$run.call(Unknown Source)
	at com.kms.katalon.core.cucumber.keyword.CucumberBuiltinKeywords$_runFeatureFile_closure1.doCall(CucumberBuiltinKeywords.groovy:76)
	at com.kms.katalon.core.cucumber.keyword.CucumberBuiltinKeywords$_runFeatureFile_closure1.doCall(CucumberBuiltinKeywords.groovy)
	at com.kms.katalon.core.keyword.internal.KeywordMain.runKeyword(KeywordMain.groovy:68)
	at com.kms.katalon.core.keyword.internal.KeywordMain$runKeyword.call(Unknown Source)
	at com.kms.katalon.core.cucumber.keyword.CucumberBuiltinKeywords.runFeatureFile(CucumberBuiltinKeywords.groovy:46)
	at com.kms.katalon.core.cucumber.keyword.CucumberBuiltinKeywords$runFeatureFile$0.callStatic(Unknown Source)
	at com.kms.katalon.core.cucumber.keyword.CucumberBuiltinKeywords.runFeatureFile(CucumberBuiltinKeywords.groovy:169)
	at com.kms.katalon.core.cucumber.keyword.CucumberBuiltinKeywords$runFeatureFile.call(Unknown Source)
	at Pick_Mistake_Without_Write_Textarea_Note_Before.run(Pick_Mistake_Without_Write_Textarea_Note_Before:16)
	at com.kms.katalon.core.main.ScriptEngine.run(ScriptEngine.java:194)
	at com.kms.katalon.core.main.ScriptEngine.runScriptAsRawText(ScriptEngine.java:119)
	at com.kms.katalon.core.main.TestCaseExecutor.runScript(TestCaseExecutor.java:339)
	at com.kms.katalon.core.main.TestCaseExecutor.doExecute(TestCaseExecutor.java:330)
	at com.kms.katalon.core.main.TestCaseExecutor.processExecutionPhase(TestCaseExecutor.java:309)
	at com.kms.katalon.core.main.TestCaseExecutor.accessMainPhase(TestCaseExecutor.java:301)
	at com.kms.katalon.core.main.TestCaseExecutor.execute(TestCaseExecutor.java:235)
	at com.kms.katalon.core.main.TestSuiteExecutor.accessTestCaseMainPhase(TestSuiteExecutor.java:191)
	at com.kms.katalon.core.main.TestSuiteExecutor.accessTestSuiteMainPhase(TestSuiteExecutor.java:141)
	at com.kms.katalon.core.main.TestSuiteExecutor.execute(TestSuiteExecutor.java:90)
	at com.kms.katalon.core.main.TestCaseMain.startTestSuite(TestCaseMain.java:157)
	at com.kms.katalon.core.main.TestCaseMain$startTestSuite$0.call(Unknown Source)
	at TempTestSuite1595408865749.run(TempTestSuite1595408865749.groovy:39)


2020-07-22 16:22:24 - [MESSAGE][INFO] - Unable to find the element located by 'By.xpath: //span[text()='KTP Foto Komponen Tidak Ada' and @class='z-label']/../../preceding-sibling::td//input[@type='checkbox']'. Please recheck the objects properties to make sure the desired element is located. 

2020-07-22 16:22:24 - [MESSAGE][WARNING] - [SELF-HEALING] Failed to find element with id ''. Try using Self-healing.

2020-07-22 16:22:26 - [MESSAGE][FAILED] - Unable to click on object '' (Root cause: com.kms.katalon.core.exception.StepFailedException: Unable to click on object ''
	at com.kms.katalon.core.webui.keyword.internal.WebUIKeywordMain.stepFailed(WebUIKeywordMain.groovy:64)
	at com.kms.katalon.core.webui.keyword.internal.WebUIKeywordMain.runKeyword(WebUIKeywordMain.groovy:26)
	at com.kms.katalon.core.webui.keyword.builtin.ClickKeyword.click(ClickKeyword.groovy:76)
	at com.kms.katalon.core.webui.keyword.builtin.ClickKeyword.execute(ClickKeyword.groovy:43)
	at com.kms.katalon.core.keyword.internal.KeywordExecutor.executeKeywordForPlatform(KeywordExecutor.groovy:73)
	at com.kms.katalon.core.webui.keyword.WebUiBuiltInKeywords.click(WebUiBuiltInKeywords.groovy:616)
	at com.kms.katalon.core.webui.keyword.WebUiBuiltInKeywords$click$3.call(Unknown Source)
	at ist_real.Contract_Dispatcher.checkboxGeneralMistake(Contract_Dispatcher.groovy:938)
	at cucumber.runtime.Utils$1.call(Utils.java:26)
	at cucumber.runtime.Timeout.timeout(Timeout.java:16)
	at cucumber.runtime.Utils.invoke(Utils.java:20)
	at cucumber.runtime.java.JavaStepDefinition.execute(JavaStepDefinition.java:48)
	at cucumber.runtime.PickleStepDefinitionMatch.runStep(PickleStepDefinitionMatch.java:50)
	at cucumber.runner.TestStep.executeStep(TestStep.java:55)
	at cucumber.runner.TestStep.run(TestStep.java:42)
	at cucumber.runner.PickleStepTestStep.run(PickleStepTestStep.java:53)
	at cucumber.runner.TestCase.run(TestCase.java:47)
	at cucumber.runner.Runner.runPickle(Runner.java:44)
	at cucumber.runtime.Runtime.runFeature(Runtime.java:120)
	at cucumber.runtime.Runtime.run(Runtime.java:106)
	at cucumber.api.cli.Main.run(Main.java:35)
	at cucumber.api.cli.Main$run.call(Unknown Source)
	at com.kms.katalon.core.cucumber.keyword.CucumberBuiltinKeywords$_runFeatureFile_closure1.doCall(CucumberBuiltinKeywords.groovy:76)
	at com.kms.katalon.core.cucumber.keyword.CucumberBuiltinKeywords$_runFeatureFile_closure1.doCall(CucumberBuiltinKeywords.groovy)
	at com.kms.katalon.core.keyword.internal.KeywordMain.runKeyword(KeywordMain.groovy:68)
	at com.kms.katalon.core.keyword.internal.KeywordMain$runKeyword.call(Unknown Source)
	at com.kms.katalon.core.cucumber.keyword.CucumberBuiltinKeywords.runFeatureFile(CucumberBuiltinKeywords.groovy:46)
	at com.kms.katalon.core.cucumber.keyword.CucumberBuiltinKeywords$runFeatureFile$0.callStatic(Unknown Source)
	at com.kms.katalon.core.cucumber.keyword.CucumberBuiltinKeywords.runFeatureFile(CucumberBuiltinKeywords.groovy:169)
	at com.kms.katalon.core.cucumber.keyword.CucumberBuiltinKeywords$runFeatureFile.call(Unknown Source)
	at Pick_Mistake_Without_Write_Textarea_Note_Before.run(Pick_Mistake_Without_Write_Textarea_Note_Before:16)
	at com.kms.katalon.core.main.ScriptEngine.run(ScriptEngine.java:194)
	at com.kms.katalon.core.main.ScriptEngine.runScriptAsRawText(ScriptEngine.java:119)
	at com.kms.katalon.core.main.TestCaseExecutor.runScript(TestCaseExecutor.java:339)
	at com.kms.katalon.core.main.TestCaseExecutor.doExecute(TestCaseExecutor.java:330)
	at com.kms.katalon.core.main.TestCaseExecutor.processExecutionPhase(TestCaseExecutor.java:309)
	at com.kms.katalon.core.main.TestCaseExecutor.accessMainPhase(TestCaseExecutor.java:301)
	at com.kms.katalon.core.main.TestCaseExecutor.execute(TestCaseExecutor.java:235)
	at com.kms.katalon.core.main.TestSuiteExecutor.accessTestCaseMainPhase(TestSuiteExecutor.java:191)
	at com.kms.katalon.core.main.TestSuiteExecutor.accessTestSuiteMainPhase(TestSuiteExecutor.java:141)
	at com.kms.katalon.core.main.TestSuiteExecutor.execute(TestSuiteExecutor.java:90)
	at com.kms.katalon.core.main.TestCaseMain.startTestSuite(TestCaseMain.java:157)
	at com.kms.katalon.core.main.TestCaseMain$startTestSuite$0.call(Unknown Source)
	at TempTestSuite1595408865749.run(TempTestSuite1595408865749.groovy:39)
Caused by: java.lang.IndexOutOfBoundsException: Index: 0, Size: 0
	at com.kms.katalon.core.webui.common.WebUiCommonHelper.buildLocator(WebUiCommonHelper.java:519)
	at com.kms.katalon.core.webui.common.WebUiCommonHelper.findElementByNormalMethods(WebUiCommonHelper.java:985)
	at com.kms.katalon.core.webui.common.WebUiCommonHelper.findElementsBySelectedMethod(WebUiCommonHelper.java:894)
	at com.kms.katalon.core.webui.common.WebUiCommonHelper.findElementsWithSelfHealing(WebUiCommonHelper.java:791)
	at com.kms.katalon.core.webui.common.WebUiCommonHelper.findWebElements(WebUiCommonHelper.java:717)
	at com.kms.katalon.core.webui.common.WebUiCommonHelper.findWebElement(WebUiCommonHelper.java:1349)
	at com.kms.katalon.core.webui.keyword.internal.WebUIAbstractKeyword.findWebElement(WebUIAbstractKeyword.groovy:27)
	at com.kms.katalon.core.webui.keyword.internal.WebUIAbstractKeyword.findWebElement(WebUIAbstractKeyword.groovy:26)
	at com.kms.katalon.core.webui.keyword.builtin.ClickKeyword$_click_closure1.doCall(ClickKeyword.groovy:67)
	at com.kms.katalon.core.webui.keyword.builtin.ClickKeyword$_click_closure1.call(ClickKeyword.groovy)
	at com.kms.katalon.core.webui.keyword.internal.WebUIKeywordMain.runKeyword(WebUIKeywordMain.groovy:20)
	at com.kms.katalon.core.webui.keyword.builtin.ClickKeyword.click(ClickKeyword.groovy:76)
	at com.kms.katalon.core.webui.keyword.builtin.ClickKeyword.execute(ClickKeyword.groovy:43)
	at com.kms.katalon.core.keyword.internal.KeywordExecutor.executeKeywordForPlatform(KeywordExecutor.groovy:73)
	at com.kms.katalon.core.webui.keyword.WebUiBuiltInKeywords.click(WebUiBuiltInKeywords.groovy:616)
	at com.kms.katalon.core.webui.keyword.WebUiBuiltInKeywords$click$3.call(Unknown Source)
	at ist_real.Contract_Dispatcher.checkboxGeneralMistake(Contract_Dispatcher.groovy:938)
	at cucumber.runtime.Utils$1.call(Utils.java:26)
	at cucumber.runtime.Timeout.timeout(Timeout.java:16)
	at cucumber.runtime.Utils.invoke(Utils.java:20)
	at cucumber.runtime.java.JavaStepDefinition.execute(JavaStepDefinition.java:48)
	at cucumber.runtime.PickleStepDefinitionMatch.runStep(PickleStepDefinitionMatch.java:50)
	at cucumber.runner.TestStep.executeStep(TestStep.java:55)
	at cucumber.runner.TestStep.run(TestStep.java:42)
	at cucumber.runner.PickleStepTestStep.run(PickleStepTestStep.java:53)
	at cucumber.runner.TestCase.run(TestCase.java:47)
	at cucumber.runner.Runner.runPickle(Runner.java:44)
	at cucumber.runtime.Runtime.runFeature(Runtime.java:120)
	at cucumber.runtime.Runtime.run(Runtime.java:106)
	at cucumber.api.cli.Main.run(Main.java:35)
	at cucumber.api.cli.Main$run.call(Unknown Source)
	at com.kms.katalon.core.cucumber.keyword.CucumberBuiltinKeywords$_runFeatureFile_closure1.doCall(CucumberBuiltinKeywords.groovy:76)
	at com.kms.katalon.core.cucumber.keyword.CucumberBuiltinKeywords$_runFeatureFile_closure1.doCall(CucumberBuiltinKeywords.groovy)
	at com.kms.katalon.core.keyword.internal.KeywordMain.runKeyword(KeywordMain.groovy:68)
	at com.kms.katalon.core.keyword.internal.KeywordMain$runKeyword.call(Unknown Source)
	at com.kms.katalon.core.cucumber.keyword.CucumberBuiltinKeywords.runFeatureFile(CucumberBuiltinKeywords.groovy:46)
	at com.kms.katalon.core.cucumber.keyword.CucumberBuiltinKeywords$runFeatureFile$0.callStatic(Unknown Source)
	at com.kms.katalon.core.cucumber.keyword.CucumberBuiltinKeywords.runFeatureFile(CucumberBuiltinKeywords.groovy:169)
	at com.kms.katalon.core.cucumber.keyword.CucumberBuiltinKeywords$runFeatureFile.call(Unknown Source)
	at Script1582710935168.run(Script1582710935168.groovy:16)
	... 13 more
)
[[ATTACHMENT|/Users/chaidir.pratama01/Katalon Studio/IST_Automation_Git/Reports/20200722_160745/CONTRACT_DISPATCHER_TWO_WHEELERS/DEV/TS_Contract_Dispatcher_Two_Wheelers/20200722_160745/1595409744533.png]]

2020-07-22 16:22:26 - [MESSAGE][FAILED] - Checkbox General Mistake "KTP Foto Komponen Tidak Ada" FAILED.
Reason:
com.kms.katalon.core.exception.StepFailedException: Unable to click on object ''
	at com.kms.katalon.core.webui.keyword.internal.WebUIKeywordMain.stepFailed(WebUIKeywordMain.groovy:64)
	at com.kms.katalon.core.webui.keyword.internal.WebUIKeywordMain.runKeyword(WebUIKeywordMain.groovy:26)
	at com.kms.katalon.core.webui.keyword.builtin.ClickKeyword.click(ClickKeyword.groovy:76)
	at com.kms.katalon.core.webui.keyword.builtin.ClickKeyword.execute(ClickKeyword.groovy:43)
	at com.kms.katalon.core.keyword.internal.KeywordExecutor.executeKeywordForPlatform(KeywordExecutor.groovy:73)
	at com.kms.katalon.core.webui.keyword.WebUiBuiltInKeywords.click(WebUiBuiltInKeywords.groovy:616)
	at com.kms.katalon.core.webui.keyword.WebUiBuiltInKeywords$click$3.call(Unknown Source)
	at ist_real.Contract_Dispatcher.checkboxGeneralMistake(Contract_Dispatcher.groovy:938)
	at ✽.Checkbox General Mistake "KTP Foto Komponen Tidak Ada"(/Users/chaidir.pratama01/Katalon Studio/IST_Automation_Git/Include/features/IST_Real/CONTRACT_DISPATCHER_TWO_WHEELERS/DEV/Pick_Mistake_Without_Write_Textarea_Note_Before.feature:49)
Caused by: java.lang.IndexOutOfBoundsException: Index: 0, Size: 0
	at com.kms.katalon.core.webui.common.WebUiCommonHelper.buildLocator(WebUiCommonHelper.java:519)
	at com.kms.katalon.core.webui.common.WebUiCommonHelper.findElementByNormalMethods(WebUiCommonHelper.java:985)
	at com.kms.katalon.core.webui.common.WebUiCommonHelper.findElementsBySelectedMethod(WebUiCommonHelper.java:894)
	at com.kms.katalon.core.webui.common.WebUiCommonHelper.findElementsWithSelfHealing(WebUiCommonHelper.java:791)
	at com.kms.katalon.core.webui.common.WebUiCommonHelper.findWebElements(WebUiCommonHelper.java:717)
	at com.kms.katalon.core.webui.common.WebUiCommonHelper.findWebElement(WebUiCommonHelper.java:1349)
	at com.kms.katalon.core.webui.keyword.internal.WebUIAbstractKeyword.findWebElement(WebUIAbstractKeyword.groovy:27)
	at com.kms.katalon.core.webui.keyword.internal.WebUIAbstractKeyword.findWebElement(WebUIAbstractKeyword.groovy:26)
	at com.kms.katalon.core.webui.keyword.builtin.ClickKeyword$_click_closure1.doCall(ClickKeyword.groovy:67)
	at com.kms.katalon.core.webui.keyword.builtin.ClickKeyword$_click_closure1.call(ClickKeyword.groovy)
	at com.kms.katalon.core.webui.keyword.internal.WebUIKeywordMain.runKeyword(WebUIKeywordMain.groovy:20)
	at com.kms.katalon.core.webui.keyword.builtin.ClickKeyword.click(ClickKeyword.groovy:76)
	at com.kms.katalon.core.webui.keyword.builtin.ClickKeyword.execute(ClickKeyword.groovy:43)
	at com.kms.katalon.core.keyword.internal.KeywordExecutor.executeKeywordForPlatform(KeywordExecutor.groovy:73)
	at com.kms.katalon.core.webui.keyword.WebUiBuiltInKeywords.click(WebUiBuiltInKeywords.groovy:616)
	at com.kms.katalon.core.webui.keyword.WebUiBuiltInKeywords$click$3.call(Unknown Source)
	at ist_real.Contract_Dispatcher.checkboxGeneralMistake(Contract_Dispatcher.groovy:938)
	at cucumber.runtime.Utils$1.call(Utils.java:26)
	at cucumber.runtime.Timeout.timeout(Timeout.java:16)
	at cucumber.runtime.Utils.invoke(Utils.java:20)
	at cucumber.runtime.java.JavaStepDefinition.execute(JavaStepDefinition.java:48)
	at cucumber.runtime.PickleStepDefinitionMatch.runStep(PickleStepDefinitionMatch.java:50)
	at cucumber.runner.TestStep.executeStep(TestStep.java:55)
	at cucumber.runner.TestStep.run(TestStep.java:42)
	at cucumber.runner.PickleStepTestStep.run(PickleStepTestStep.java:53)
	at cucumber.runner.TestCase.run(TestCase.java:47)
	at cucumber.runner.Runner.runPickle(Runner.java:44)
	at cucumber.runtime.Runtime.runFeature(Runtime.java:120)
	at cucumber.runtime.Runtime.run(Runtime.java:106)
	at cucumber.api.cli.Main.run(Main.java:35)
	at cucumber.api.cli.Main$run.call(Unknown Source)
	at com.kms.katalon.core.cucumber.keyword.CucumberBuiltinKeywords$_runFeatureFile_closure1.doCall(CucumberBuiltinKeywords.groovy:76)
	at com.kms.katalon.core.cucumber.keyword.CucumberBuiltinKeywords$_runFeatureFile_closure1.doCall(CucumberBuiltinKeywords.groovy)
	at com.kms.katalon.core.keyword.internal.KeywordMain.runKeyword(KeywordMain.groovy:68)
	at com.kms.katalon.core.keyword.internal.KeywordMain$runKeyword.call(Unknown Source)
	at com.kms.katalon.core.cucumber.keyword.CucumberBuiltinKeywords.runFeatureFile(CucumberBuiltinKeywords.groovy:46)
	at com.kms.katalon.core.cucumber.keyword.CucumberBuiltinKeywords$runFeatureFile$0.callStatic(Unknown Source)
	at com.kms.katalon.core.cucumber.keyword.CucumberBuiltinKeywords.runFeatureFile(CucumberBuiltinKeywords.groovy:169)
	at com.kms.katalon.core.cucumber.keyword.CucumberBuiltinKeywords$runFeatureFile.call(Unknown Source)
	at Pick_Mistake_Without_Write_Textarea_Note_Before.run(Pick_Mistake_Without_Write_Textarea_Note_Before:16)
	at com.kms.katalon.core.main.ScriptEngine.run(ScriptEngine.java:194)
	at com.kms.katalon.core.main.ScriptEngine.runScriptAsRawText(ScriptEngine.java:119)
	at com.kms.katalon.core.main.TestCaseExecutor.runScript(TestCaseExecutor.java:339)
	at com.kms.katalon.core.main.TestCaseExecutor.doExecute(TestCaseExecutor.java:330)
	at com.kms.katalon.core.main.TestCaseExecutor.processExecutionPhase(TestCaseExecutor.java:309)
	at com.kms.katalon.core.main.TestCaseExecutor.accessMainPhase(TestCaseExecutor.java:301)
	at com.kms.katalon.core.main.TestCaseExecutor.execute(TestCaseExecutor.java:235)
	at com.kms.katalon.core.main.TestSuiteExecutor.accessTestCaseMainPhase(TestSuiteExecutor.java:191)
	at com.kms.katalon.core.main.TestSuiteExecutor.accessTestSuiteMainPhase(TestSuiteExecutor.java:141)
	at com.kms.katalon.core.main.TestSuiteExecutor.execute(TestSuiteExecutor.java:90)
	at com.kms.katalon.core.main.TestCaseMain.startTestSuite(TestCaseMain.java:157)
	at com.kms.katalon.core.main.TestCaseMain$startTestSuite$0.call(Unknown Source)
	at TempTestSuite1595408865749.run(TempTestSuite1595408865749.groovy:39)


2020-07-22 16:22:26 - [TEST_STEP][NOT_RUN] - Choose Dropdown mistake type "Upload Dokumen" from mistake name "KTP Foto Komponen Tidak Ada": Choose Dropdown mistake type "Upload Dokumen" from mistake name "KTP Foto Komponen Tidak Ada"

2020-07-22 16:22:26 - [MESSAGE][NOT_RUN] - Choose Dropdown mistake type "Upload Dokumen" from mistake name "KTP Foto Komponen Tidak Ada"

2020-07-22 16:22:26 - [TEST_STEP][NOT_RUN] - Click button "Save": Click button "Save"

2020-07-22 16:22:26 - [MESSAGE][NOT_RUN] - Click button "Save"

2020-07-22 16:22:26 - [TEST_STEP][NOT_RUN] - Get text from pop up "IT Supporting Tools" with text "Note-before cannot be empty": Get text from pop up "IT Supporting Tools" with text "Note-before cannot be empty"

2020-07-22 16:22:26 - [MESSAGE][NOT_RUN] - Get text from pop up "IT Supporting Tools" with text "Note-before cannot be empty"

2020-07-22 16:22:26 - [TEST_STEP][NOT_RUN] - Click button "OK": Click button "OK"

2020-07-22 16:22:26 - [MESSAGE][NOT_RUN] - Click button "OK"

2020-07-22 16:22:26 - [TEST_STEP][NOT_RUN] - Click button "Logout": Click button "Logout"

2020-07-22 16:22:26 - [MESSAGE][NOT_RUN] - Click button "Logout"

2020-07-22 16:22:26 - [TEST_STEP][NOT_RUN] - Comment "Register Mistake failed because Note-before empty": Comment "Register Mistake failed because Note-before empty"

2020-07-22 16:22:26 - [MESSAGE][NOT_RUN] - Comment "Register Mistake failed because Note-before empty"

2020-07-22 16:22:26 - [TEST_STEP][NOT_RUN] - Close browser: Close browser

2020-07-22 16:22:26 - [MESSAGE][NOT_RUN] - Close browser

2020-07-22 16:22:26 - [MESSAGE][FAILED] - Feature file 'Include/features/IST_Real/CONTRACT_DISPATCHER_TWO_WHEELERS/DEV/Pick_Mistake_Without_Write_Textarea_Note_Before.feature' was failed

2020-07-22 16:22:26 - [MESSAGE][FAILED] - Keyword runFeatureFile was failed (Root cause: com.kms.katalon.core.exception.StepFailedException: Feature file 'Include/features/IST_Real/CONTRACT_DISPATCHER_TWO_WHEELERS/DEV/Pick_Mistake_Without_Write_Textarea_Note_Before.feature' was failed
	at com.kms.katalon.core.keyword.internal.KeywordMain.stepFailed(KeywordMain.groovy:50)
	at com.kms.katalon.core.keyword.internal.KeywordMain.stepFailed(KeywordMain.groovy)
	at com.kms.katalon.core.keyword.internal.KeywordMain.stepFailed(KeywordMain.groovy:23)
	at com.kms.katalon.core.keyword.internal.KeywordMain$stepFailed$0.call(Unknown Source)
	at com.kms.katalon.core.cucumber.keyword.CucumberBuiltinKeywords$_runFeatureFile_closure1.doCall(CucumberBuiltinKeywords.groovy:82)
	at com.kms.katalon.core.cucumber.keyword.CucumberBuiltinKeywords$_runFeatureFile_closure1.doCall(CucumberBuiltinKeywords.groovy)
	at com.kms.katalon.core.keyword.internal.KeywordMain.runKeyword(KeywordMain.groovy:68)
	at com.kms.katalon.core.keyword.internal.KeywordMain$runKeyword.call(Unknown Source)
	at com.kms.katalon.core.cucumber.keyword.CucumberBuiltinKeywords.runFeatureFile(CucumberBuiltinKeywords.groovy:46)
	at com.kms.katalon.core.cucumber.keyword.CucumberBuiltinKeywords$runFeatureFile$0.callStatic(Unknown Source)
	at com.kms.katalon.core.cucumber.keyword.CucumberBuiltinKeywords.runFeatureFile(CucumberBuiltinKeywords.groovy:169)
	at com.kms.katalon.core.cucumber.keyword.CucumberBuiltinKeywords$runFeatureFile.call(Unknown Source)
	at Pick_Mistake_Without_Write_Textarea_Note_Before.run(Pick_Mistake_Without_Write_Textarea_Note_Before:16)
	at com.kms.katalon.core.main.ScriptEngine.run(ScriptEngine.java:194)
	at com.kms.katalon.core.main.ScriptEngine.runScriptAsRawText(ScriptEngine.java:119)
	at com.kms.katalon.core.main.TestCaseExecutor.runScript(TestCaseExecutor.java:339)
	at com.kms.katalon.core.main.TestCaseExecutor.doExecute(TestCaseExecutor.java:330)
	at com.kms.katalon.core.main.TestCaseExecutor.processExecutionPhase(TestCaseExecutor.java:309)
	at com.kms.katalon.core.main.TestCaseExecutor.accessMainPhase(TestCaseExecutor.java:301)
	at com.kms.katalon.core.main.TestCaseExecutor.execute(TestCaseExecutor.java:235)
	at com.kms.katalon.core.main.TestSuiteExecutor.accessTestCaseMainPhase(TestSuiteExecutor.java:191)
	at com.kms.katalon.core.main.TestSuiteExecutor.accessTestSuiteMainPhase(TestSuiteExecutor.java:141)
	at com.kms.katalon.core.main.TestSuiteExecutor.execute(TestSuiteExecutor.java:90)
	at com.kms.katalon.core.main.TestCaseMain.startTestSuite(TestCaseMain.java:157)
	at com.kms.katalon.core.main.TestCaseMain$startTestSuite$0.call(Unknown Source)
	at TempTestSuite1595408865749.run(TempTestSuite1595408865749.groovy:39)
)]]></system-out>
         <system-err><![CDATA[2020-07-22 16:16:34 - [TEST_CASE][FAILED] - Test Cases/IST_Real/CONTRACT_DISPATCHER_TWO_WHEELERS/DEV/Pick_Mistake_Without_Write_Textarea_Note_Before: Test Cases/IST_Real/CONTRACT_DISPATCHER_TWO_WHEELERS/DEV/Pick_Mistake_Without_Write_Textarea_Note_Before FAILED.
Reason:
com.kms.katalon.core.exception.StepFailedException: Feature file 'Include/features/IST_Real/CONTRACT_DISPATCHER_TWO_WHEELERS/DEV/Pick_Mistake_Without_Write_Textarea_Note_Before.feature' was failed
	at com.kms.katalon.core.keyword.internal.KeywordMain.stepFailed(KeywordMain.groovy:50)
	at com.kms.katalon.core.keyword.internal.KeywordMain.stepFailed(KeywordMain.groovy)
	at com.kms.katalon.core.keyword.internal.KeywordMain.stepFailed(KeywordMain.groovy:23)
	at com.kms.katalon.core.keyword.internal.KeywordMain$stepFailed$0.call(Unknown Source)
	at com.kms.katalon.core.cucumber.keyword.CucumberBuiltinKeywords$_runFeatureFile_closure1.doCall(CucumberBuiltinKeywords.groovy:82)
	at com.kms.katalon.core.cucumber.keyword.CucumberBuiltinKeywords$_runFeatureFile_closure1.doCall(CucumberBuiltinKeywords.groovy)
	at com.kms.katalon.core.keyword.internal.KeywordMain.runKeyword(KeywordMain.groovy:68)
	at com.kms.katalon.core.keyword.internal.KeywordMain$runKeyword.call(Unknown Source)
	at com.kms.katalon.core.cucumber.keyword.CucumberBuiltinKeywords.runFeatureFile(CucumberBuiltinKeywords.groovy:46)
	at com.kms.katalon.core.cucumber.keyword.CucumberBuiltinKeywords$runFeatureFile$0.callStatic(Unknown Source)
	at com.kms.katalon.core.cucumber.keyword.CucumberBuiltinKeywords.runFeatureFile(CucumberBuiltinKeywords.groovy:169)
	at com.kms.katalon.core.cucumber.keyword.CucumberBuiltinKeywords$runFeatureFile.call(Unknown Source)
	at Pick_Mistake_Without_Write_Textarea_Note_Before.run(Pick_Mistake_Without_Write_Textarea_Note_Before:16)
	at com.kms.katalon.core.main.ScriptEngine.run(ScriptEngine.java:194)
	at com.kms.katalon.core.main.ScriptEngine.runScriptAsRawText(ScriptEngine.java:119)
	at com.kms.katalon.core.main.TestCaseExecutor.runScript(TestCaseExecutor.java:339)
	at com.kms.katalon.core.main.TestCaseExecutor.doExecute(TestCaseExecutor.java:330)
	at com.kms.katalon.core.main.TestCaseExecutor.processExecutionPhase(TestCaseExecutor.java:309)
	at com.kms.katalon.core.main.TestCaseExecutor.accessMainPhase(TestCaseExecutor.java:301)
	at com.kms.katalon.core.main.TestCaseExecutor.execute(TestCaseExecutor.java:235)
	at com.kms.katalon.core.main.TestSuiteExecutor.accessTestCaseMainPhase(TestSuiteExecutor.java:191)
	at com.kms.katalon.core.main.TestSuiteExecutor.accessTestSuiteMainPhase(TestSuiteExecutor.java:141)
	at com.kms.katalon.core.main.TestSuiteExecutor.execute(TestSuiteExecutor.java:90)
	at com.kms.katalon.core.main.TestCaseMain.startTestSuite(TestCaseMain.java:157)
	at com.kms.katalon.core.main.TestCaseMain$startTestSuite$0.call(Unknown Source)
	at TempTestSuite1595408865749.run(TempTestSuite1595408865749.groovy:39)]]></system-err>
      </testcase>
      <system-out><![CDATA[2020-07-22 16:07:52 - [TEST_SUITE][FAILED] - TS_Contract_Dispatcher_Two_Wheelers: Test Cases/IST_Real/CONTRACT_DISPATCHER_TWO_WHEELERS/DEV/Claim_Contract_Two_Wheelers_then_Save_it_Without_Register_Any_Mistakes FAILED.
Reason:
com.kms.katalon.core.exception.StepFailedException: Feature file 'Include/features/IST_Real/CONTRACT_DISPATCHER_TWO_WHEELERS/DEV/Claim_Contract_Two_Wheelers_then_Save_it_Without_Register_Any_Mistakes.feature' was failed
	at com.kms.katalon.core.keyword.internal.KeywordMain.stepFailed(KeywordMain.groovy:50)
	at com.kms.katalon.core.keyword.internal.KeywordMain.stepFailed(KeywordMain.groovy)
	at com.kms.katalon.core.keyword.internal.KeywordMain.stepFailed(KeywordMain.groovy:23)
	at com.kms.katalon.core.keyword.internal.KeywordMain$stepFailed$0.call(Unknown Source)
	at com.kms.katalon.core.cucumber.keyword.CucumberBuiltinKeywords$_runFeatureFile_closure1.doCall(CucumberBuiltinKeywords.groovy:82)
	at com.kms.katalon.core.cucumber.keyword.CucumberBuiltinKeywords$_runFeatureFile_closure1.doCall(CucumberBuiltinKeywords.groovy)
	at com.kms.katalon.core.keyword.internal.KeywordMain.runKeyword(KeywordMain.groovy:68)
	at com.kms.katalon.core.keyword.internal.KeywordMain$runKeyword.call(Unknown Source)
	at com.kms.katalon.core.cucumber.keyword.CucumberBuiltinKeywords.runFeatureFile(CucumberBuiltinKeywords.groovy:46)
	at com.kms.katalon.core.cucumber.keyword.CucumberBuiltinKeywords$runFeatureFile$0.callStatic(Unknown Source)
	at com.kms.katalon.core.cucumber.keyword.CucumberBuiltinKeywords.runFeatureFile(CucumberBuiltinKeywords.groovy:169)
	at com.kms.katalon.core.cucumber.keyword.CucumberBuiltinKeywords$runFeatureFile.call(Unknown Source)
	at Claim_Contract_Two_Wheelers_then_Save_it_Without_Register_Any_Mistakes.run(Claim_Contract_Two_Wheelers_then_Save_it_Without_Register_Any_Mistakes:16)
	at com.kms.katalon.core.main.ScriptEngine.run(ScriptEngine.java:194)
	at com.kms.katalon.core.main.ScriptEngine.runScriptAsRawText(ScriptEngine.java:119)
	at com.kms.katalon.core.main.TestCaseExecutor.runScript(TestCaseExecutor.java:339)
	at com.kms.katalon.core.main.TestCaseExecutor.doExecute(TestCaseExecutor.java:330)
	at com.kms.katalon.core.main.TestCaseExecutor.processExecutionPhase(TestCaseExecutor.java:309)
	at com.kms.katalon.core.main.TestCaseExecutor.accessMainPhase(TestCaseExecutor.java:301)
	at com.kms.katalon.core.main.TestCaseExecutor.execute(TestCaseExecutor.java:235)
	at com.kms.katalon.core.main.TestSuiteExecutor.accessTestCaseMainPhase(TestSuiteExecutor.java:191)
	at com.kms.katalon.core.main.TestSuiteExecutor.accessTestSuiteMainPhase(TestSuiteExecutor.java:141)
	at com.kms.katalon.core.main.TestSuiteExecutor.execute(TestSuiteExecutor.java:90)
	at com.kms.katalon.core.main.TestCaseMain.startTestSuite(TestCaseMain.java:157)
	at com.kms.katalon.core.main.TestCaseMain$startTestSuite$0.call(Unknown Source)
	at TempTestSuite1595408865749.run(TempTestSuite1595408865749.groovy:39)]]></system-out>
      <system-err><![CDATA[2020-07-22 16:07:52 - [TEST_SUITE][FAILED] - TS_Contract_Dispatcher_Two_Wheelers: Test Cases/IST_Real/CONTRACT_DISPATCHER_TWO_WHEELERS/DEV/Claim_Contract_Two_Wheelers_then_Save_it_Without_Register_Any_Mistakes FAILED.
Reason:
com.kms.katalon.core.exception.StepFailedException: Feature file 'Include/features/IST_Real/CONTRACT_DISPATCHER_TWO_WHEELERS/DEV/Claim_Contract_Two_Wheelers_then_Save_it_Without_Register_Any_Mistakes.feature' was failed
	at com.kms.katalon.core.keyword.internal.KeywordMain.stepFailed(KeywordMain.groovy:50)
	at com.kms.katalon.core.keyword.internal.KeywordMain.stepFailed(KeywordMain.groovy)
	at com.kms.katalon.core.keyword.internal.KeywordMain.stepFailed(KeywordMain.groovy:23)
	at com.kms.katalon.core.keyword.internal.KeywordMain$stepFailed$0.call(Unknown Source)
	at com.kms.katalon.core.cucumber.keyword.CucumberBuiltinKeywords$_runFeatureFile_closure1.doCall(CucumberBuiltinKeywords.groovy:82)
	at com.kms.katalon.core.cucumber.keyword.CucumberBuiltinKeywords$_runFeatureFile_closure1.doCall(CucumberBuiltinKeywords.groovy)
	at com.kms.katalon.core.keyword.internal.KeywordMain.runKeyword(KeywordMain.groovy:68)
	at com.kms.katalon.core.keyword.internal.KeywordMain$runKeyword.call(Unknown Source)
	at com.kms.katalon.core.cucumber.keyword.CucumberBuiltinKeywords.runFeatureFile(CucumberBuiltinKeywords.groovy:46)
	at com.kms.katalon.core.cucumber.keyword.CucumberBuiltinKeywords$runFeatureFile$0.callStatic(Unknown Source)
	at com.kms.katalon.core.cucumber.keyword.CucumberBuiltinKeywords.runFeatureFile(CucumberBuiltinKeywords.groovy:169)
	at com.kms.katalon.core.cucumber.keyword.CucumberBuiltinKeywords$runFeatureFile.call(Unknown Source)
	at Claim_Contract_Two_Wheelers_then_Save_it_Without_Register_Any_Mistakes.run(Claim_Contract_Two_Wheelers_then_Save_it_Without_Register_Any_Mistakes:16)
	at com.kms.katalon.core.main.ScriptEngine.run(ScriptEngine.java:194)
	at com.kms.katalon.core.main.ScriptEngine.runScriptAsRawText(ScriptEngine.java:119)
	at com.kms.katalon.core.main.TestCaseExecutor.runScript(TestCaseExecutor.java:339)
	at com.kms.katalon.core.main.TestCaseExecutor.doExecute(TestCaseExecutor.java:330)
	at com.kms.katalon.core.main.TestCaseExecutor.processExecutionPhase(TestCaseExecutor.java:309)
	at com.kms.katalon.core.main.TestCaseExecutor.accessMainPhase(TestCaseExecutor.java:301)
	at com.kms.katalon.core.main.TestCaseExecutor.execute(TestCaseExecutor.java:235)
	at com.kms.katalon.core.main.TestSuiteExecutor.accessTestCaseMainPhase(TestSuiteExecutor.java:191)
	at com.kms.katalon.core.main.TestSuiteExecutor.accessTestSuiteMainPhase(TestSuiteExecutor.java:141)
	at com.kms.katalon.core.main.TestSuiteExecutor.execute(TestSuiteExecutor.java:90)
	at com.kms.katalon.core.main.TestCaseMain.startTestSuite(TestCaseMain.java:157)
	at com.kms.katalon.core.main.TestCaseMain$startTestSuite$0.call(Unknown Source)
	at TempTestSuite1595408865749.run(TempTestSuite1595408865749.groovy:39)]]></system-err>
   </testsuite>
</testsuites>
