<?xml version="1.0" encoding="UTF-8"?>
<testsuites name="TS_SLIK_Bulk_Request_MPF" time="42.629" tests="1" failures="0" errors="0">
   <testsuite name="TS_SLIK_Bulk_Request_MPF" tests="1" failures="0" errors="0" time="42.629" timestamp="2020-10-15 18:43:37" hostname="chaidir.pratama01 - localhost" id="Test Suites/SLIK/TS_SLIK_Bulk_Request_MPF">
      <properties>
         <property name="deviceName" value=""/>
         <property name="devicePlatform" value=""/>
         <property name="logFolder" value="/Users/chaidir.pratama01/Katalon Studio/IST_Automation_Git/Reports/20201015_182654/SLIK/TS_SLIK_Bulk_Request_MPF/20201015_182657"/>
         <property name="logFiles" value="/Users/chaidir.pratama01/Katalon Studio/IST_Automation_Git/Reports/20201015_182654/SLIK/TS_SLIK_Bulk_Request_MPF/20201015_182657/execution0.log"/>
         <property name="attachments" value="/Users/chaidir.pratama01/Documents/Docs/Katalon Studio/Screenshot/test-SLIK Bulk Request MPF.png, /Users/chaidir.pratama01/Documents/Docs/Katalon Studio/Screenshot/errorpopup.png"/>
         <property name="hostName" value="chaidir.pratama01 - localhost"/>
         <property name="os" value="Mac OS X 64bit"/>
         <property name="katalonVersion" value="7.6.0.${buildNumber}"/>
         <property name="browser" value="Chrome 86.0.4240.80"/>
         <property name="hostAddress" value="127.0.0.1"/>
         <property name="sessionId" value="ddafbc719e6d0ff71bd35aa09dfb5585"/>
         <property name="seleniumVersion" value="3.141.59"/>
         <property name="proxyInformation" value="ProxyInformation { proxyOption=NO_PROXY, proxyServerType=HTTP, username=, password=********, proxyServerAddress=, proxyServerPort=0, executionList=\&quot;\&quot;, isApplyToDesiredCapabilities=true }"/>
         <property name="platform" value="Mac OS X"/>
      </properties>
      <testcase name="Test Cases/IST_Real/SLIK/SLIK_Bulk_Request_MPF/SLIK Bulk Request MPF NORMAL" time="40.005" classname="Test Cases/IST_Real/SLIK/SLIK_Bulk_Request_MPF/SLIK Bulk Request MPF NORMAL" status="PASSED">
         <system-out><![CDATA[2020-10-15 18:43:37 - [TEST_CASE][PASSED] - Test Cases/IST_Real/SLIK/SLIK_Bulk_Request_MPF/SLIK Bulk Request MPF NORMAL: Test Cases/IST_Real/SLIK/SLIK_Bulk_Request_MPF/SLIK Bulk Request MPF NORMAL

2020-10-15 18:43:37 - [TEST_STEP][PASSED] - runFeatureFile("Include/features/IST_Real/SLIK/SLIK Bulk Request MPF/SLIK Bulk Request MPF_NORMAL.feature"): Feature file: 'Include/features/IST_Real/SLIK/SLIK Bulk Request MPF/SLIK Bulk Request MPF_NORMAL.feature' was passed

2020-10-15 18:43:37 - [MESSAGE][INFO] - Starting run keyword runFeatureFile: 'Include/features/IST_Real/SLIK/SLIK Bulk Request MPF/SLIK Bulk Request MPF_NORMAL.feature' and extract report to folder: '/Users/chaidir.pratama01/Katalon Studio/IST_Automation_Git/Reports/20201015_182654/SLIK/TS_SLIK_Bulk_Request_MPF/20201015_182657/cucumber_report/1602762217841'...

2020-10-15 18:43:38 - [TEST_CASE][PASSED] - Start Test Case : SCENARIO SLIK Bulk Request: SCENARIO SLIK Bulk Request

2020-10-15 18:43:38 - [TEST_STEP][PASSED] - Go to ISTools: Go to ISTools

2020-10-15 18:43:38 - [MESSAGE][INFO] - Starting 'Chrome' driver

2020-10-15 18:43:38 - [MESSAGE][INFO] - User set preference: ['AcceptInsecureCerts', 'true']

2020-10-15 18:43:38 - [MESSAGE][INFO] - User set preference: ['args', '[ignore-certificate-errors]']

2020-10-15 18:43:38 - [MESSAGE][INFO] - Action delay is set to 0 milliseconds

2020-10-15 18:43:40 - [MESSAGE][PASSED] - Browser is opened with url: ''

2020-10-15 18:43:41 - [MESSAGE][PASSED] - Navigate to 'https://dev-istools.homecredit.id/foundation/' successfully

2020-10-15 18:43:41 - [MESSAGE][PASSED] - Go to ISTools

2020-10-15 18:43:41 - [TEST_STEP][PASSED] - Login IST with valid credentials: Login IST with valid credentials

2020-10-15 18:43:42 - [MESSAGE][PASSED] - Text 'mobile.test' is set on object 'Object Repository/Page_/input_Username_j_username'

2020-10-15 18:43:43 - [MESSAGE][PASSED] - Text ****** has been set on object 'Object Repository/Page_/input_Password_j_password'

2020-10-15 18:43:43 - [MESSAGE][PASSED] - Object: 'Object Repository/Page_/button_Login' is clicked on

2020-10-15 18:43:43 - [MESSAGE][PASSED] - Login IST with valid credentials

2020-10-15 18:43:43 - [TEST_STEP][PASSED] - Login Success for contract dispatcher: Login Success for contract dispatcher

2020-10-15 18:43:43 - [MESSAGE][INFO] - Login Success

2020-10-15 18:43:43 - [MESSAGE][PASSED] - Current window maximized

2020-10-15 18:43:44 - [MESSAGE][PASSED] - Object 'Object Repository/Page_/h1_Welcome to IT Supporting Tools' is present

2020-10-15 18:43:44 - [MESSAGE][PASSED] - Login Success for contract dispatcher

2020-10-15 18:43:44 - [TEST_STEP][PASSED] - Select Menu "SLIK Bulk Request MPF": Select Menu "SLIK Bulk Request MPF"

2020-10-15 18:43:45 - [MESSAGE][PASSED] - Taking screenshot successfully
[[ATTACHMENT|/Users/chaidir.pratama01/Documents/Docs/Katalon Studio/Screenshot/test-SLIK Bulk Request MPF.png]]

2020-10-15 18:43:45 - [MESSAGE][PASSED] - Object '' is present

2020-10-15 18:43:45 - [MESSAGE][PASSED] - Object: '' is clicked on

2020-10-15 18:43:45 - [MESSAGE][PASSED] - Wait for page load successfully

2020-10-15 18:43:45 - [MESSAGE][PASSED] - Select Menu "SLIK Bulk Request MPF"

2020-10-15 18:43:45 - [TEST_STEP][PASSED] - Click button "Upload Data": Click button "Upload Data"

2020-10-15 18:43:45 - [MESSAGE][INFO] - >>>>>//Button[contains(text(),'Upload Data')]

2020-10-15 18:43:50 - [MESSAGE][PASSED] - Object: '' is clicked on

2020-10-15 18:43:50 - [MESSAGE][PASSED] - Click button "Upload Data"

2020-10-15 18:43:50 - [TEST_STEP][PASSED] - Upload file "Template Bulk Request MPF.csv": Upload file "Template Bulk Request MPF.csv"

2020-10-15 18:43:50 - [MESSAGE][PASSED] - Switched to window with index: '0'

2020-10-15 18:44:04 - [MESSAGE][PASSED] - Upload file "Template Bulk Request MPF.csv"

2020-10-15 18:44:05 - [TEST_STEP][PASSED] - Click button "Process": Click button "Process"

2020-10-15 18:44:05 - [MESSAGE][INFO] - >>>>>//Button[contains(text(),'Process')]

2020-10-15 18:44:08 - [MESSAGE][PASSED] - Object: '' is clicked on

2020-10-15 18:44:08 - [MESSAGE][PASSED] - Click button "Process"

2020-10-15 18:44:08 - [TEST_STEP][PASSED] - Get text from pop up "IT Supporting Tools" with text "Data is processed": Get text from pop up "IT Supporting Tools" with text "Data is processed"

2020-10-15 18:44:10 - [MESSAGE][PASSED] - Taking screenshot successfully
[[ATTACHMENT|/Users/chaidir.pratama01/Documents/Docs/Katalon Studio/Screenshot/errorpopup.png]]

2020-10-15 18:44:10 - [MESSAGE][PASSED] - Object '' is present

2020-10-15 18:44:10 - [MESSAGE][PASSED] - Wait for page load successfully

2020-10-15 18:44:10 - [MESSAGE][PASSED] - Wait for page load successfully

2020-10-15 18:44:10 - [MESSAGE][PASSED] - Get text from pop up "IT Supporting Tools" with text "Data is processed"

2020-10-15 18:44:10 - [TEST_STEP][PASSED] - Click button "OK": Click button "OK"

2020-10-15 18:44:10 - [MESSAGE][INFO] - >>>>>//Button[contains(text(),'OK')]

2020-10-15 18:44:13 - [MESSAGE][PASSED] - Object: '' is clicked on

2020-10-15 18:44:13 - [MESSAGE][PASSED] - Click button "OK"

2020-10-15 18:44:13 - [TEST_STEP][PASSED] - Click button "Logout": Click button "Logout"

2020-10-15 18:44:13 - [MESSAGE][INFO] - >>>>>//Button[contains(text(),'Logout')]

2020-10-15 18:44:17 - [MESSAGE][PASSED] - Object: '' is clicked on

2020-10-15 18:44:17 - [MESSAGE][PASSED] - Click button "Logout"

2020-10-15 18:44:17 - [TEST_STEP][PASSED] - Close browser: Close browser

2020-10-15 18:44:17 - [MESSAGE][PASSED] - Browser is closed

2020-10-15 18:44:17 - [MESSAGE][PASSED] - Close browser

2020-10-15 18:44:17 - [MESSAGE][PASSED] - Feature file: 'Include/features/IST_Real/SLIK/SLIK Bulk Request MPF/SLIK Bulk Request MPF_NORMAL.feature' was passed]]></system-out>
         <system-err><![CDATA[]]></system-err>
      </testcase>
      <system-out><![CDATA[2020-10-15 18:43:37 - [TEST_SUITE][PASSED] - TS_SLIK_Bulk_Request_MPF: Test Cases/IST_Real/SLIK/SLIK_Bulk_Request_MPF/SLIK Bulk Request MPF NORMAL]]></system-out>
      <system-err><![CDATA[]]></system-err>
   </testsuite>
</testsuites>
