<?xml version="1.0" encoding="UTF-8"?>
<testsuites name="TS_BLIBLI" time="1076.384" tests="17" failures="3" errors="0">
   <testsuite name="TS_BLIBLI" tests="17" failures="3" errors="0" time="1076.384" timestamp="2020-11-23 15:14:06" hostname="chaidir.pratama01 - localhost" id="Test Suites/CONTRACT_DISPATCHER_DONA_B2B/TS_BLIBLI">
      <properties>
         <property name="deviceName" value=""/>
         <property name="devicePlatform" value=""/>
         <property name="logFolder" value="/Users/chaidir.pratama01/Katalon Studio/IST_Automation_Git/Reports/20201123_151358/CONTRACT_DISPATCHER_DONA_B2B/TS_BLIBLI/20201123_151358"/>
         <property name="logFiles" value="/Users/chaidir.pratama01/Katalon Studio/IST_Automation_Git/Reports/20201123_151358/CONTRACT_DISPATCHER_DONA_B2B/TS_BLIBLI/20201123_151358/execution0.log"/>
         <property name="attachments" value="/Users/chaidir.pratama01/Documents/Docs/Katalon Studio/Screenshot/IST_Page.png, /Users/chaidir.pratama01/Documents/Docs/Katalon Studio/Screenshot/test-Management Assignment.png, /Users/chaidir.pratama01/Katalon Studio/IST_Automation_Git/Reports/20201123_151358/CONTRACT_DISPATCHER_DONA_B2B/TS_BLIBLI/20201123_151358/1606119259896.png, /Users/chaidir.pratama01/Documents/Docs/Katalon Studio/Screenshot/upload.png, /Users/chaidir.pratama01/Documents/Docs/Katalon Studio/Screenshot/IST_Page.png, /Users/chaidir.pratama01/Documents/Docs/Katalon Studio/Screenshot/test-Contract Dispatcher.png, /Users/chaidir.pratama01/Documents/Docs/Katalon Studio/Screenshot/upload.png, /Users/chaidir.pratama01/Documents/Docs/Katalon Studio/Screenshot/upload.png, /Users/chaidir.pratama01/Documents/Docs/Katalon Studio/Screenshot/IST_Page.png, /Users/chaidir.pratama01/Documents/Docs/Katalon Studio/Screenshot/test-Management Assignment.png, /Users/chaidir.pratama01/Documents/Docs/Katalon Studio/Screenshot/upload.png, /Users/chaidir.pratama01/Documents/Docs/Katalon Studio/Screenshot/IST_Page.png, /Users/chaidir.pratama01/Documents/Docs/Katalon Studio/Screenshot/test-Contract Dispatcher.png, /Users/chaidir.pratama01/Documents/Docs/Katalon Studio/Screenshot/upload.png, /Users/chaidir.pratama01/Documents/Docs/Katalon Studio/Screenshot/upload.png, /Users/chaidir.pratama01/Documents/Docs/Katalon Studio/Screenshot/errorpopup.png, /Users/chaidir.pratama01/Documents/Docs/Katalon Studio/Screenshot/upload.png, /Users/chaidir.pratama01/Documents/Docs/Katalon Studio/Screenshot/upload.png, /Users/chaidir.pratama01/Documents/Docs/Katalon Studio/Screenshot/IST_Page.png, /Users/chaidir.pratama01/Documents/Docs/Katalon Studio/Screenshot/test-Contract Dispatcher.png, /Users/chaidir.pratama01/Documents/Docs/Katalon Studio/Screenshot/upload.png, /Users/chaidir.pratama01/Documents/Docs/Katalon Studio/Screenshot/upload.png, /Users/chaidir.pratama01/Documents/Docs/Katalon Studio/Screenshot/errorpopup.png, /Users/chaidir.pratama01/Documents/Docs/Katalon Studio/Screenshot/upload.png, /Users/chaidir.pratama01/Documents/Docs/Katalon Studio/Screenshot/errorpopup.png, /Users/chaidir.pratama01/Documents/Docs/Katalon Studio/Screenshot/upload.png, /Users/chaidir.pratama01/Documents/Docs/Katalon Studio/Screenshot/upload.png, /Users/chaidir.pratama01/Documents/Docs/Katalon Studio/Screenshot/IST_Page.png, /Users/chaidir.pratama01/Documents/Docs/Katalon Studio/Screenshot/test-Management Assignment.png, /Users/chaidir.pratama01/Documents/Docs/Katalon Studio/Screenshot/upload.png, /Users/chaidir.pratama01/Documents/Docs/Katalon Studio/Screenshot/IST_Page.png, /Users/chaidir.pratama01/Documents/Docs/Katalon Studio/Screenshot/test-Contract Dispatcher.png, /Users/chaidir.pratama01/Documents/Docs/Katalon Studio/Screenshot/upload.png, /Users/chaidir.pratama01/Documents/Docs/Katalon Studio/Screenshot/upload.png, /Users/chaidir.pratama01/Documents/Docs/Katalon Studio/Screenshot/errorpopup.png, /Users/chaidir.pratama01/Documents/Docs/Katalon Studio/Screenshot/upload.png, /Users/chaidir.pratama01/Documents/Docs/Katalon Studio/Screenshot/upload.png, /Users/chaidir.pratama01/Documents/Docs/Katalon Studio/Screenshot/IST_Page.png, /Users/chaidir.pratama01/Documents/Docs/Katalon Studio/Screenshot/test-Management Assignment.png, /Users/chaidir.pratama01/Katalon Studio/IST_Automation_Git/Reports/20201123_151358/CONTRACT_DISPATCHER_DONA_B2B/TS_BLIBLI/20201123_151358/1606119502293.png, /Users/chaidir.pratama01/Documents/Docs/Katalon Studio/Screenshot/IST_Page.png, /Users/chaidir.pratama01/Documents/Docs/Katalon Studio/Screenshot/test-Contract Dispatcher.png, /Users/chaidir.pratama01/Documents/Docs/Katalon Studio/Screenshot/upload.png, /Users/chaidir.pratama01/Katalon Studio/IST_Automation_Git/Reports/20201123_151358/CONTRACT_DISPATCHER_DONA_B2B/TS_BLIBLI/20201123_151358/1606119541502.png, /Users/chaidir.pratama01/Katalon Studio/IST_Automation_Git/Reports/20201123_151358/CONTRACT_DISPATCHER_DONA_B2B/TS_BLIBLI/20201123_151358/1606119541993.png, /Users/chaidir.pratama01/Documents/Docs/Katalon Studio/Screenshot/IST_Page.png, /Users/chaidir.pratama01/Documents/Docs/Katalon Studio/Screenshot/test-Management Assignment.png, /Users/chaidir.pratama01/Documents/Docs/Katalon Studio/Screenshot/upload.png, /Users/chaidir.pratama01/Documents/Docs/Katalon Studio/Screenshot/IST_Page.png, /Users/chaidir.pratama01/Documents/Docs/Katalon Studio/Screenshot/test-Contract Dispatcher.png, /Users/chaidir.pratama01/Documents/Docs/Katalon Studio/Screenshot/upload.png, /Users/chaidir.pratama01/Katalon Studio/IST_Automation_Git/Reports/20201123_151358/CONTRACT_DISPATCHER_DONA_B2B/TS_BLIBLI/20201123_151358/1606119593394.png, /Users/chaidir.pratama01/Katalon Studio/IST_Automation_Git/Reports/20201123_151358/CONTRACT_DISPATCHER_DONA_B2B/TS_BLIBLI/20201123_151358/1606119593867.png, /Users/chaidir.pratama01/Documents/Docs/Katalon Studio/Screenshot/IST_Page.png, /Users/chaidir.pratama01/Documents/Docs/Katalon Studio/Screenshot/test-Contract Dispatcher.png, /Users/chaidir.pratama01/Documents/Docs/Katalon Studio/Screenshot/upload.png, /Users/chaidir.pratama01/Documents/Docs/Katalon Studio/Screenshot/test-Contract Dispatcher.png, /Users/chaidir.pratama01/Katalon Studio/IST_Automation_Git/Reports/20201123_151358/CONTRACT_DISPATCHER_DONA_B2B/TS_BLIBLI/20201123_151358/1606120213804.png, /Users/chaidir.pratama01/Documents/Docs/Katalon Studio/Screenshot/IST_Page.png, /Users/chaidir.pratama01/Documents/Docs/Katalon Studio/Screenshot/test-Management Assignment.png, /Users/chaidir.pratama01/Documents/Docs/Katalon Studio/Screenshot/upload.png, /Users/chaidir.pratama01/Documents/Docs/Katalon Studio/Screenshot/errorpopup.png, /Users/chaidir.pratama01/Documents/Docs/Katalon Studio/Screenshot/upload.png, /Users/chaidir.pratama01/Documents/Docs/Katalon Studio/Screenshot/upload.png, /Users/chaidir.pratama01/Documents/Docs/Katalon Studio/Screenshot/IST_Page.png, /Users/chaidir.pratama01/Documents/Docs/Katalon Studio/Screenshot/test-Contract Dispatcher.png, /Users/chaidir.pratama01/Katalon Studio/IST_Automation_Git/Reports/20201123_151358/CONTRACT_DISPATCHER_DONA_B2B/TS_BLIBLI/20201123_151358/1606120296565.png"/>
         <property name="hostName" value="chaidir.pratama01 - localhost"/>
         <property name="os" value="Mac OS X 64bit"/>
         <property name="katalonVersion" value="7.6.0.${buildNumber}"/>
         <property name="browser" value="Chrome 87.0.4280.67"/>
         <property name="hostAddress" value="127.0.0.1"/>
         <property name="sessionId" value="8163d266e8a7132c6fa5982c9061035e"/>
         <property name="seleniumVersion" value="3.141.59"/>
         <property name="proxyInformation" value="ProxyInformation { proxyOption=NO_PROXY, proxyServerType=HTTP, username=, password=********, proxyServerAddress=, proxyServerPort=0, executionList=\&quot;\&quot;, isApplyToDesiredCapabilities=true }"/>
         <property name="platform" value="Mac OS X"/>
      </properties>
      <testcase name="Test Cases/IST_Real/CONTRACT_DISPATCHER_DONA_B2B/BLIBLI/TC BLIBLI - Update Tbl CDS CDC TRKRegMistake" time="4.48" classname="Test Cases/IST_Real/CONTRACT_DISPATCHER_DONA_B2B/BLIBLI/TC BLIBLI - Update Tbl CDS CDC TRKRegMistake" status="PASSED">
         <system-out><![CDATA[2020-11-23 15:14:06 - [TEST_CASE][PASSED] - Test Cases/IST_Real/CONTRACT_DISPATCHER_DONA_B2B/BLIBLI/TC BLIBLI - Update Tbl CDS CDC TRKRegMistake: Test Cases/IST_Real/CONTRACT_DISPATCHER_DONA_B2B/BLIBLI/TC BLIBLI - Update Tbl CDS CDC TRKRegMistake

2020-11-23 15:14:06 - [TEST_STEP][PASSED] - runFeatureFile("Include/features/IST_Real/CONTRACT_DISPATCHER_DONA_B2B/BLIBLI/Update_Tbl_CDS_CDC_TRKRegMistake.feature"): Feature file: 'Include/features/IST_Real/CONTRACT_DISPATCHER_DONA_B2B/BLIBLI/Update_Tbl_CDS_CDC_TRKRegMistake.feature' was passed

2020-11-23 15:14:06 - [MESSAGE][INFO] - Starting run keyword runFeatureFile: 'Include/features/IST_Real/CONTRACT_DISPATCHER_DONA_B2B/BLIBLI/Update_Tbl_CDS_CDC_TRKRegMistake.feature' and extract report to folder: '/Users/chaidir.pratama01/Katalon Studio/IST_Automation_Git/Reports/20201123_151358/CONTRACT_DISPATCHER_DONA_B2B/TS_BLIBLI/20201123_151358/cucumber_report/1606119246569'...

2020-11-23 15:14:07 - [TEST_CASE][PASSED] - Start Test Case : SCENARIO Update Table CONTRACT_DISPATCHER_SOURCE and CONTRACT_DISPTACHER_CLAIM: SCENARIO Update Table CONTRACT_DISPATCHER_SOURCE and CONTRACT_DISPTACHER_CLAIM

2020-11-23 15:14:07 - [TEST_STEP][PASSED] - Connect to Database: Connect to Database

2020-11-23 15:14:08 - [MESSAGE][PASSED] - Connect to Database

2020-11-23 15:14:08 - [TEST_STEP][PASSED] - Update Tbl CONTRACT DISPATCHER SOURCE To Change PROCESSED From Y to N For BLIBLI: Update Tbl CONTRACT DISPATCHER SOURCE To Change PROCESSED From Y to N For BLIBLI

2020-11-23 15:14:09 - [MESSAGE][PASSED] - Update Tbl CONTRACT DISPATCHER SOURCE To Change PROCESSED From Y to N For BLIBLI

2020-11-23 15:14:09 - [TEST_STEP][PASSED] - Update Tbl CONTRACT DISPATCHER CLAIM To Delete PROCESS From Column STATUS: Update Tbl CONTRACT DISPATCHER CLAIM To Delete PROCESS From Column STATUS

2020-11-23 15:14:10 - [MESSAGE][PASSED] - Update Tbl CONTRACT DISPATCHER CLAIM To Delete PROCESS From Column STATUS

2020-11-23 15:14:10 - [TEST_STEP][PASSED] - Delete Contract From TRK_REGISTRATION_MISTAKE: Delete Contract From TRK_REGISTRATION_MISTAKE

2020-11-23 15:14:10 - [MESSAGE][PASSED] - Delete Contract From TRK_REGISTRATION_MISTAKE

2020-11-23 15:14:10 - [MESSAGE][PASSED] - Feature file: 'Include/features/IST_Real/CONTRACT_DISPATCHER_DONA_B2B/BLIBLI/Update_Tbl_CDS_CDC_TRKRegMistake.feature' was passed]]></system-out>
         <system-err><![CDATA[]]></system-err>
      </testcase>
      <testcase name="Test Cases/IST_Real/CONTRACT_DISPATCHER_DONA_B2B/BLIBLI/TC BLIBLI - Check Mistake Matrix" time="46.635" classname="Test Cases/IST_Real/CONTRACT_DISPATCHER_DONA_B2B/BLIBLI/TC BLIBLI - Check Mistake Matrix" status="PASSED">
         <system-out><![CDATA[2020-11-23 15:14:10 - [TEST_CASE][PASSED] - Test Cases/IST_Real/CONTRACT_DISPATCHER_DONA_B2B/BLIBLI/TC BLIBLI - Check Mistake Matrix: Test Cases/IST_Real/CONTRACT_DISPATCHER_DONA_B2B/BLIBLI/TC BLIBLI - Check Mistake Matrix

2020-11-23 15:14:10 - [TEST_STEP][PASSED] - runFeatureFile("Include/features/IST_Real/CONTRACT_DISPATCHER_DONA_B2B/BLIBLI/BliBli_Check_Mistake_Matrix.feature"): Feature file: 'Include/features/IST_Real/CONTRACT_DISPATCHER_DONA_B2B/BLIBLI/BliBli_Check_Mistake_Matrix.feature' was passed

2020-11-23 15:14:10 - [MESSAGE][INFO] - Starting run keyword runFeatureFile: 'Include/features/IST_Real/CONTRACT_DISPATCHER_DONA_B2B/BLIBLI/BliBli_Check_Mistake_Matrix.feature' and extract report to folder: '/Users/chaidir.pratama01/Katalon Studio/IST_Automation_Git/Reports/20201123_151358/CONTRACT_DISPATCHER_DONA_B2B/TS_BLIBLI/20201123_151358/cucumber_report/1606119250898'...

2020-11-23 15:14:11 - [TEST_CASE][PASSED] - Start Test Case : SCENARIO Assign User to Contract Dona BliBli: SCENARIO Assign User to Contract Dona BliBli

2020-11-23 15:14:11 - [TEST_STEP][PASSED] - Go to IST: Go to IST

2020-11-23 15:14:11 - [MESSAGE][INFO] - Starting 'Chrome (headless)' driver

2020-11-23 15:14:11 - [MESSAGE][INFO] - User set preference: ['args', '[--start-maximized, --disable-gpu, --no-proxy-server, –-no-sandbox, --allow-running-insecure-content, --ignore-certificate-errors, window-size=1680,814, force-device-scale-factor=2, --lang=en-GB]']

2020-11-23 15:14:11 - [MESSAGE][INFO] - Action delay is set to 0 milliseconds

2020-11-23 15:14:12 - [MESSAGE][PASSED] - Browser is opened with url: ''

2020-11-23 15:14:13 - [MESSAGE][PASSED] - Navigate to 'https://dev-ist.homecredit.id/ist_tracker/' successfully

2020-11-23 15:14:14 - [MESSAGE][PASSED] - Taking screenshot successfully
[[ATTACHMENT|/Users/chaidir.pratama01/Documents/Docs/Katalon Studio/Screenshot/IST_Page.png]]

2020-11-23 15:14:14 - [MESSAGE][PASSED] - Go to IST

2020-11-23 15:14:14 - [TEST_STEP][PASSED] - Login IST with valid credentials: Login IST with valid credentials

2020-11-23 15:14:14 - [MESSAGE][PASSED] - Text 'mobile.test' is set on object 'Object Repository/Page_/input_Username_j_username'

2020-11-23 15:14:14 - [MESSAGE][PASSED] - Text ****** has been set on object 'Object Repository/Page_/input_Password_j_password'

2020-11-23 15:14:14 - [MESSAGE][PASSED] - Object: 'Object Repository/Page_/button_Login' is clicked on

2020-11-23 15:14:14 - [MESSAGE][PASSED] - Login IST with valid credentials

2020-11-23 15:14:14 - [TEST_STEP][PASSED] - Login Success for contract dispatcher: Login Success for contract dispatcher

2020-11-23 15:14:14 - [MESSAGE][INFO] - Login Success

2020-11-23 15:14:15 - [MESSAGE][PASSED] - Current window maximized

2020-11-23 15:14:15 - [MESSAGE][PASSED] - Object 'Object Repository/Page_/h1_Welcome to IT Supporting Tools' is present

2020-11-23 15:14:15 - [MESSAGE][PASSED] - Login Success for contract dispatcher

2020-11-23 15:14:15 - [TEST_STEP][PASSED] - Select Arrow Menu "Contract Dispatcher Admin": Select Arrow Menu "Contract Dispatcher Admin"

2020-11-23 15:14:15 - [MESSAGE][PASSED] - Object: '' is clicked on

2020-11-23 15:14:15 - [MESSAGE][PASSED] - Select Arrow Menu "Contract Dispatcher Admin"

2020-11-23 15:14:15 - [TEST_STEP][PASSED] - Select Menu "Management Assignment": Select Menu "Management Assignment"

2020-11-23 15:14:15 - [MESSAGE][PASSED] - Taking screenshot successfully
[[ATTACHMENT|/Users/chaidir.pratama01/Documents/Docs/Katalon Studio/Screenshot/test-Management Assignment.png]]

2020-11-23 15:14:15 - [MESSAGE][PASSED] - Object '' is present

2020-11-23 15:14:15 - [MESSAGE][PASSED] - Object: '' is clicked on

2020-11-23 15:14:15 - [MESSAGE][PASSED] - Wait for page load successfully

2020-11-23 15:14:15 - [MESSAGE][PASSED] - Select Menu "Management Assignment"

2020-11-23 15:14:15 - [TEST_STEP][PASSED] - Select Username "mobile.test" of Management Assignment: Select Username "mobile.test" of Management Assignment

2020-11-23 15:14:16 - [MESSAGE][PASSED] - All options with value 'mobile.test' are selected in object 'Object Repository/Page_/dropdown_list_username_assignment'  using regular expression

2020-11-23 15:14:16 - [MESSAGE][PASSED] - Select Username "mobile.test" of Management Assignment

2020-11-23 15:14:16 - [TEST_STEP][PASSED] - Check for username if already assigned to "Dona B2B": Check for username if already assigned to "Dona B2B"

2020-11-23 15:14:19 - [MESSAGE][PASSED] - Scroll to object '' successfully

2020-11-23 15:14:19 - [MESSAGE][PASSED] - Object '' is present

2020-11-23 15:14:20 - [MESSAGE][WARNING] - Object '' is not checked (Root cause: com.kms.katalon.core.exception.StepFailedException: Object '' is not checked
	at com.kms.katalon.core.webui.keyword.internal.WebUIKeywordMain.stepFailed(WebUIKeywordMain.groovy:64)
	at com.kms.katalon.core.webui.keyword.builtin.VerifyElementCheckedKeyword$_verifyElementChecked_closure1.doCall(VerifyElementCheckedKeyword.groovy:81)
	at com.kms.katalon.core.webui.keyword.builtin.VerifyElementCheckedKeyword$_verifyElementChecked_closure1.call(VerifyElementCheckedKeyword.groovy)
	at com.kms.katalon.core.webui.keyword.internal.WebUIKeywordMain.runKeyword(WebUIKeywordMain.groovy:20)
	at com.kms.katalon.core.webui.keyword.builtin.VerifyElementCheckedKeyword.verifyElementChecked(VerifyElementCheckedKeyword.groovy:92)
	at com.kms.katalon.core.webui.keyword.builtin.VerifyElementCheckedKeyword.execute(VerifyElementCheckedKeyword.groovy:68)
	at com.kms.katalon.core.keyword.internal.KeywordExecutor.executeKeywordForPlatform(KeywordExecutor.groovy:73)
	at com.kms.katalon.core.webui.keyword.WebUiBuiltInKeywords.verifyElementChecked(WebUiBuiltInKeywords.groovy:1378)
	at com.kms.katalon.core.webui.keyword.WebUiBuiltInKeywords$verifyElementChecked$12.call(Unknown Source)
	at ist_real.Contract_Dispatcher.CheckUsername(Contract_Dispatcher.groovy:682)
	at cucumber.runtime.Utils$1.call(Utils.java:26)
	at cucumber.runtime.Timeout.timeout(Timeout.java:16)
	at cucumber.runtime.Utils.invoke(Utils.java:20)
	at cucumber.runtime.java.JavaStepDefinition.execute(JavaStepDefinition.java:48)
	at cucumber.runtime.PickleStepDefinitionMatch.runStep(PickleStepDefinitionMatch.java:50)
	at cucumber.runner.TestStep.executeStep(TestStep.java:55)
	at cucumber.runner.TestStep.run(TestStep.java:42)
	at cucumber.runner.PickleStepTestStep.run(PickleStepTestStep.java:53)
	at cucumber.runner.TestCase.run(TestCase.java:47)
	at cucumber.runner.Runner.runPickle(Runner.java:44)
	at cucumber.runtime.Runtime.runFeature(Runtime.java:120)
	at cucumber.runtime.Runtime.run(Runtime.java:106)
	at cucumber.api.cli.Main.run(Main.java:35)
	at cucumber.api.cli.Main$run.call(Unknown Source)
	at com.kms.katalon.core.cucumber.keyword.CucumberBuiltinKeywords$_runFeatureFile_closure1.doCall(CucumberBuiltinKeywords.groovy:76)
	at com.kms.katalon.core.cucumber.keyword.CucumberBuiltinKeywords$_runFeatureFile_closure1.doCall(CucumberBuiltinKeywords.groovy)
	at com.kms.katalon.core.keyword.internal.KeywordMain.runKeyword(KeywordMain.groovy:68)
	at com.kms.katalon.core.keyword.internal.KeywordMain$runKeyword.call(Unknown Source)
	at com.kms.katalon.core.cucumber.keyword.CucumberBuiltinKeywords.runFeatureFile(CucumberBuiltinKeywords.groovy:46)
	at com.kms.katalon.core.cucumber.keyword.CucumberBuiltinKeywords$runFeatureFile$0.callStatic(Unknown Source)
	at com.kms.katalon.core.cucumber.keyword.CucumberBuiltinKeywords.runFeatureFile(CucumberBuiltinKeywords.groovy:169)
	at com.kms.katalon.core.cucumber.keyword.CucumberBuiltinKeywords$runFeatureFile.call(Unknown Source)
	at TC BLIBLI - Check Mistake Matrix.run(TC BLIBLI - Check Mistake Matrix:18)
	at com.kms.katalon.core.main.ScriptEngine.run(ScriptEngine.java:194)
	at com.kms.katalon.core.main.ScriptEngine.runScriptAsRawText(ScriptEngine.java:119)
	at com.kms.katalon.core.main.TestCaseExecutor.runScript(TestCaseExecutor.java:339)
	at com.kms.katalon.core.main.TestCaseExecutor.doExecute(TestCaseExecutor.java:330)
	at com.kms.katalon.core.main.TestCaseExecutor.processExecutionPhase(TestCaseExecutor.java:309)
	at com.kms.katalon.core.main.TestCaseExecutor.accessMainPhase(TestCaseExecutor.java:301)
	at com.kms.katalon.core.main.TestCaseExecutor.execute(TestCaseExecutor.java:235)
	at com.kms.katalon.core.main.TestSuiteExecutor.accessTestCaseMainPhase(TestSuiteExecutor.java:191)
	at com.kms.katalon.core.main.TestSuiteExecutor.accessTestSuiteMainPhase(TestSuiteExecutor.java:141)
	at com.kms.katalon.core.main.TestSuiteExecutor.execute(TestSuiteExecutor.java:90)
	at com.kms.katalon.core.main.TestCaseMain.startTestSuite(TestCaseMain.java:157)
	at com.kms.katalon.core.main.TestCaseMain$startTestSuite$0.call(Unknown Source)
	at TempTestSuite1606119238455.run(TempTestSuite1606119238455.groovy:39)
)
[[ATTACHMENT|/Users/chaidir.pratama01/Katalon Studio/IST_Automation_Git/Reports/20201123_151358/CONTRACT_DISPATCHER_DONA_B2B/TS_BLIBLI/20201123_151358/1606119259896.png]]

2020-11-23 15:14:20 - [MESSAGE][INFO] - Element is not Checked, This Step will Check the element

2020-11-23 15:14:20 - [MESSAGE][PASSED] - Object '' is present

2020-11-23 15:14:20 - [MESSAGE][PASSED] - Object: '' is clicked on

2020-11-23 15:14:20 - [MESSAGE][PASSED] - Object: '' is clicked on

2020-11-23 15:14:20 - [MESSAGE][PASSED] - Object '' is present

2020-11-23 15:14:20 - [MESSAGE][PASSED] - Object: '' is clicked on

2020-11-23 15:14:20 - [MESSAGE][PASSED] - Object '' is present

2020-11-23 15:14:20 - [MESSAGE][PASSED] - Check for username if already assigned to "Dona B2B"

2020-11-23 15:14:20 - [TEST_STEP][PASSED] - Wait page for load: Wait page for load

2020-11-23 15:14:20 - [MESSAGE][PASSED] - Wait for page load successfully

2020-11-23 15:14:20 - [MESSAGE][PASSED] - Wait page for load

2020-11-23 15:14:20 - [TEST_STEP][PASSED] - Click button "Logout": Click button "Logout"

2020-11-23 15:14:20 - [MESSAGE][INFO] - >>>>>//Button[contains(text(),'Logout')]

2020-11-23 15:14:24 - [MESSAGE][PASSED] - Object: '' is clicked on

2020-11-23 15:14:24 - [MESSAGE][PASSED] - Taking screenshot successfully
[[ATTACHMENT|/Users/chaidir.pratama01/Documents/Docs/Katalon Studio/Screenshot/upload.png]]

2020-11-23 15:14:24 - [MESSAGE][PASSED] - Click button "Logout"

2020-11-23 15:14:24 - [TEST_STEP][PASSED] - Close browser: Close browser

2020-11-23 15:14:24 - [MESSAGE][PASSED] - Browser is closed

2020-11-23 15:14:24 - [MESSAGE][PASSED] - Close browser

2020-11-23 15:14:24 - [TEST_CASE][PASSED] - Start Test Case : SCENARIO Check Mistake Matrix Dona BliBli: SCENARIO Check Mistake Matrix Dona BliBli

2020-11-23 15:14:24 - [TEST_STEP][PASSED] - Go to IST: Go to IST

2020-11-23 15:14:24 - [MESSAGE][INFO] - Starting 'Chrome (headless)' driver

2020-11-23 15:14:24 - [MESSAGE][INFO] - User set preference: ['args', '[--start-maximized, --disable-gpu, --no-proxy-server, –-no-sandbox, --allow-running-insecure-content, --ignore-certificate-errors, window-size=1680,814, force-device-scale-factor=2, --lang=en-GB]']

2020-11-23 15:14:24 - [MESSAGE][INFO] - Action delay is set to 0 milliseconds

2020-11-23 15:14:25 - [MESSAGE][PASSED] - Browser is opened with url: ''

2020-11-23 15:14:26 - [MESSAGE][PASSED] - Navigate to 'https://dev-ist.homecredit.id/ist_tracker/' successfully

2020-11-23 15:14:27 - [MESSAGE][PASSED] - Taking screenshot successfully
[[ATTACHMENT|/Users/chaidir.pratama01/Documents/Docs/Katalon Studio/Screenshot/IST_Page.png]]

2020-11-23 15:14:27 - [MESSAGE][PASSED] - Go to IST

2020-11-23 15:14:27 - [TEST_STEP][PASSED] - Login IST with valid credentials: Login IST with valid credentials

2020-11-23 15:14:27 - [MESSAGE][PASSED] - Text 'mobile.test' is set on object 'Object Repository/Page_/input_Username_j_username'

2020-11-23 15:14:27 - [MESSAGE][PASSED] - Text ****** has been set on object 'Object Repository/Page_/input_Password_j_password'

2020-11-23 15:14:27 - [MESSAGE][PASSED] - Object: 'Object Repository/Page_/button_Login' is clicked on

2020-11-23 15:14:27 - [MESSAGE][PASSED] - Login IST with valid credentials

2020-11-23 15:14:27 - [TEST_STEP][PASSED] - Login Success for contract dispatcher: Login Success for contract dispatcher

2020-11-23 15:14:27 - [MESSAGE][INFO] - Login Success

2020-11-23 15:14:27 - [MESSAGE][PASSED] - Current window maximized

2020-11-23 15:14:28 - [MESSAGE][PASSED] - Object 'Object Repository/Page_/h1_Welcome to IT Supporting Tools' is present

2020-11-23 15:14:28 - [MESSAGE][PASSED] - Login Success for contract dispatcher

2020-11-23 15:14:28 - [TEST_STEP][PASSED] - Select Menu "Contract Dispatcher": Select Menu "Contract Dispatcher"

2020-11-23 15:14:28 - [MESSAGE][PASSED] - Taking screenshot successfully
[[ATTACHMENT|/Users/chaidir.pratama01/Documents/Docs/Katalon Studio/Screenshot/test-Contract Dispatcher.png]]

2020-11-23 15:14:28 - [MESSAGE][PASSED] - Object '' is present

2020-11-23 15:14:28 - [MESSAGE][PASSED] - Object: '' is clicked on

2020-11-23 15:14:28 - [MESSAGE][PASSED] - Wait for page load successfully

2020-11-23 15:14:28 - [MESSAGE][PASSED] - Select Menu "Contract Dispatcher"

2020-11-23 15:14:28 - [TEST_STEP][PASSED] - Select Contract Number based on Type Contract "DONA_BLIBLI": Select Contract Number based on Type Contract "DONA_BLIBLI"

2020-11-23 15:14:28 - [MESSAGE][PASSED] - Object '' is present

2020-11-23 15:14:28 - [MESSAGE][PASSED] - Object '' is present

2020-11-23 15:14:28 - [MESSAGE][PASSED] - Object: '' is clicked on

2020-11-23 15:14:28 - [MESSAGE][PASSED] - Select Contract Number based on Type Contract "DONA_BLIBLI"

2020-11-23 15:14:28 - [TEST_STEP][PASSED] - Click button "Claim": Click button "Claim"

2020-11-23 15:14:28 - [MESSAGE][INFO] - >>>>>//Button[contains(text(),'Claim')]

2020-11-23 15:14:32 - [MESSAGE][PASSED] - Object: '' is clicked on

2020-11-23 15:14:32 - [MESSAGE][PASSED] - Taking screenshot successfully
[[ATTACHMENT|/Users/chaidir.pratama01/Documents/Docs/Katalon Studio/Screenshot/upload.png]]

2020-11-23 15:14:32 - [MESSAGE][PASSED] - Click button "Claim"

2020-11-23 15:14:32 - [TEST_STEP][PASSED] - Verify Tab Mistake Matrix Base on Type Contract: Verify Tab Mistake Matrix Base on Type Contract

2020-11-23 15:14:32 - [MESSAGE][PASSED] - Object '' is present

2020-11-23 15:14:32 - [MESSAGE][PASSED] - Object '' is present

2020-11-23 15:14:32 - [MESSAGE][PASSED] - Object '' is present

2020-11-23 15:14:32 - [MESSAGE][PASSED] - Object '' is present

2020-11-23 15:14:32 - [MESSAGE][PASSED] - Object '' is present

2020-11-23 15:14:32 - [MESSAGE][PASSED] - Verify Tab Mistake Matrix Base on Type Contract

2020-11-23 15:14:32 - [TEST_STEP][PASSED] - Varify the mistake detail already match with the matrix Base on Type Contract: Varify the mistake detail already match with the matrix Base on Type Contract

2020-11-23 15:14:32 - [MESSAGE][PASSED] - Object '' is present

2020-11-23 15:14:33 - [MESSAGE][PASSED] - Object: '' is focused

2020-11-23 15:14:36 - [MESSAGE][PASSED] - Delayed 3 second(s)

2020-11-23 15:14:36 - [MESSAGE][PASSED] - Object: '' is clicked on

2020-11-23 15:14:36 - [MESSAGE][PASSED] - Object '' is present

2020-11-23 15:14:36 - [MESSAGE][PASSED] - Object: '' is focused

2020-11-23 15:14:36 - [MESSAGE][PASSED] - Object '' is not checked

2020-11-23 15:14:36 - [MESSAGE][PASSED] - Object '' is present

2020-11-23 15:14:36 - [MESSAGE][PASSED] - Object: '' is focused

2020-11-23 15:14:36 - [MESSAGE][PASSED] - Object '' is not checked

2020-11-23 15:14:36 - [MESSAGE][PASSED] - Object '' is present

2020-11-23 15:14:36 - [MESSAGE][PASSED] - Object: '' is focused

2020-11-23 15:14:36 - [MESSAGE][PASSED] - Object '' is not checked

2020-11-23 15:14:36 - [MESSAGE][PASSED] - Object '' is present

2020-11-23 15:14:36 - [MESSAGE][PASSED] - Object: '' is focused

2020-11-23 15:14:36 - [MESSAGE][PASSED] - Object '' is not checked

2020-11-23 15:14:36 - [MESSAGE][PASSED] - Object '' is present

2020-11-23 15:14:36 - [MESSAGE][PASSED] - Object: '' is focused

2020-11-23 15:14:36 - [MESSAGE][PASSED] - Object '' is not checked

2020-11-23 15:14:36 - [MESSAGE][PASSED] - Object '' is present

2020-11-23 15:14:36 - [MESSAGE][PASSED] - Object: '' is focused

2020-11-23 15:14:36 - [MESSAGE][PASSED] - Object '' is not checked

2020-11-23 15:14:36 - [MESSAGE][PASSED] - Object '' is present

2020-11-23 15:14:36 - [MESSAGE][PASSED] - Object: '' is focused

2020-11-23 15:14:36 - [MESSAGE][PASSED] - Object '' is not checked

2020-11-23 15:14:36 - [MESSAGE][PASSED] - Object '' is present

2020-11-23 15:14:36 - [MESSAGE][PASSED] - Object: '' is focused

2020-11-23 15:14:36 - [MESSAGE][PASSED] - Object '' is not checked

2020-11-23 15:14:36 - [MESSAGE][PASSED] - Object '' is present

2020-11-23 15:14:37 - [MESSAGE][PASSED] - Object: '' is focused

2020-11-23 15:14:37 - [MESSAGE][PASSED] - Object '' is not checked

2020-11-23 15:14:37 - [MESSAGE][PASSED] - Object '' is present

2020-11-23 15:14:37 - [MESSAGE][PASSED] - Object: '' is focused

2020-11-23 15:14:37 - [MESSAGE][PASSED] - Object '' is not checked

2020-11-23 15:14:37 - [MESSAGE][PASSED] - Object '' is present

2020-11-23 15:14:37 - [MESSAGE][PASSED] - Object: '' is focused

2020-11-23 15:14:37 - [MESSAGE][PASSED] - Object '' is not checked

2020-11-23 15:14:37 - [MESSAGE][PASSED] - Object '' is present

2020-11-23 15:14:37 - [MESSAGE][PASSED] - Object: '' is focused

2020-11-23 15:14:37 - [MESSAGE][PASSED] - Object '' is not checked

2020-11-23 15:14:37 - [MESSAGE][PASSED] - Object '' is present

2020-11-23 15:14:37 - [MESSAGE][PASSED] - Object: '' is focused

2020-11-23 15:14:37 - [MESSAGE][PASSED] - Object '' is not checked

2020-11-23 15:14:37 - [MESSAGE][PASSED] - Object '' is present

2020-11-23 15:14:37 - [MESSAGE][PASSED] - Object: '' is focused

2020-11-23 15:14:37 - [MESSAGE][PASSED] - Object '' is not checked

2020-11-23 15:14:37 - [MESSAGE][PASSED] - Object '' is present

2020-11-23 15:14:37 - [MESSAGE][PASSED] - Object: '' is focused

2020-11-23 15:14:37 - [MESSAGE][PASSED] - Object '' is not checked

2020-11-23 15:14:37 - [MESSAGE][PASSED] - Object '' is present

2020-11-23 15:14:37 - [MESSAGE][PASSED] - Object: '' is focused

2020-11-23 15:14:37 - [MESSAGE][PASSED] - Object '' is not checked

2020-11-23 15:14:37 - [MESSAGE][PASSED] - Object '' is present

2020-11-23 15:14:37 - [MESSAGE][PASSED] - Object: '' is focused

2020-11-23 15:14:37 - [MESSAGE][PASSED] - Object '' is not checked

2020-11-23 15:14:37 - [MESSAGE][PASSED] - Object '' is present

2020-11-23 15:14:37 - [MESSAGE][PASSED] - Object: '' is focused

2020-11-23 15:14:37 - [MESSAGE][PASSED] - Object '' is not checked

2020-11-23 15:14:37 - [MESSAGE][PASSED] - Object '' is present

2020-11-23 15:14:37 - [MESSAGE][PASSED] - Object: '' is focused

2020-11-23 15:14:38 - [MESSAGE][PASSED] - Object '' is not checked

2020-11-23 15:14:38 - [MESSAGE][PASSED] - Object '' is present

2020-11-23 15:14:38 - [MESSAGE][PASSED] - Object: '' is focused

2020-11-23 15:14:38 - [MESSAGE][PASSED] - Object '' is not checked

2020-11-23 15:14:38 - [MESSAGE][PASSED] - Object '' is present

2020-11-23 15:14:38 - [MESSAGE][PASSED] - Object: '' is focused

2020-11-23 15:14:41 - [MESSAGE][PASSED] - Delayed 3 second(s)

2020-11-23 15:14:41 - [MESSAGE][PASSED] - Object: '' is clicked on

2020-11-23 15:14:41 - [MESSAGE][PASSED] - Object '' is present

2020-11-23 15:14:41 - [MESSAGE][PASSED] - Object: '' is focused

2020-11-23 15:14:41 - [MESSAGE][PASSED] - Object '' is not checked

2020-11-23 15:14:41 - [MESSAGE][PASSED] - Object '' is present

2020-11-23 15:14:41 - [MESSAGE][PASSED] - Object: '' is focused

2020-11-23 15:14:41 - [MESSAGE][PASSED] - Object '' is not checked

2020-11-23 15:14:41 - [MESSAGE][PASSED] - Object '' is present

2020-11-23 15:14:41 - [MESSAGE][PASSED] - Object: '' is focused

2020-11-23 15:14:41 - [MESSAGE][PASSED] - Object '' is not checked

2020-11-23 15:14:41 - [MESSAGE][PASSED] - Object '' is present

2020-11-23 15:14:41 - [MESSAGE][PASSED] - Object: '' is focused

2020-11-23 15:14:41 - [MESSAGE][PASSED] - Object '' is not checked

2020-11-23 15:14:41 - [MESSAGE][PASSED] - Object '' is present

2020-11-23 15:14:41 - [MESSAGE][PASSED] - Object: '' is focused

2020-11-23 15:14:41 - [MESSAGE][PASSED] - Object '' is not checked

2020-11-23 15:14:41 - [MESSAGE][PASSED] - Object '' is present

2020-11-23 15:14:41 - [MESSAGE][PASSED] - Object: '' is focused

2020-11-23 15:14:41 - [MESSAGE][PASSED] - Object '' is not checked

2020-11-23 15:14:41 - [MESSAGE][PASSED] - Object '' is present

2020-11-23 15:14:42 - [MESSAGE][PASSED] - Object: '' is focused

2020-11-23 15:14:45 - [MESSAGE][PASSED] - Delayed 3 second(s)

2020-11-23 15:14:45 - [MESSAGE][PASSED] - Object: '' is clicked on

2020-11-23 15:14:45 - [MESSAGE][PASSED] - Object '' is present

2020-11-23 15:14:45 - [MESSAGE][PASSED] - Object: '' is focused

2020-11-23 15:14:45 - [MESSAGE][PASSED] - Object '' is not checked

2020-11-23 15:14:45 - [MESSAGE][PASSED] - Object '' is present

2020-11-23 15:14:45 - [MESSAGE][PASSED] - Object: '' is focused

2020-11-23 15:14:45 - [MESSAGE][PASSED] - Object '' is not checked

2020-11-23 15:14:45 - [MESSAGE][PASSED] - Object '' is present

2020-11-23 15:14:45 - [MESSAGE][PASSED] - Object: '' is focused

2020-11-23 15:14:45 - [MESSAGE][PASSED] - Object '' is not checked

2020-11-23 15:14:45 - [MESSAGE][PASSED] - Object '' is present

2020-11-23 15:14:45 - [MESSAGE][PASSED] - Object: '' is focused

2020-11-23 15:14:48 - [MESSAGE][PASSED] - Delayed 3 second(s)

2020-11-23 15:14:48 - [MESSAGE][PASSED] - Object: '' is clicked on

2020-11-23 15:14:48 - [MESSAGE][PASSED] - Object '' is present

2020-11-23 15:14:48 - [MESSAGE][PASSED] - Object: '' is focused

2020-11-23 15:14:48 - [MESSAGE][PASSED] - Object '' is not checked

2020-11-23 15:14:48 - [MESSAGE][PASSED] - Object '' is present

2020-11-23 15:14:48 - [MESSAGE][PASSED] - Object: '' is focused

2020-11-23 15:14:48 - [MESSAGE][PASSED] - Object '' is not checked

2020-11-23 15:14:48 - [MESSAGE][PASSED] - Object '' is present

2020-11-23 15:14:48 - [MESSAGE][PASSED] - Object: '' is focused

2020-11-23 15:14:48 - [MESSAGE][PASSED] - Object '' is not checked

2020-11-23 15:14:48 - [MESSAGE][PASSED] - Object '' is present

2020-11-23 15:14:48 - [MESSAGE][PASSED] - Object: '' is focused

2020-11-23 15:14:49 - [MESSAGE][PASSED] - Object '' is not checked

2020-11-23 15:14:49 - [MESSAGE][PASSED] - Object '' is present

2020-11-23 15:14:49 - [MESSAGE][PASSED] - Object: '' is focused

2020-11-23 15:14:49 - [MESSAGE][PASSED] - Object '' is not checked

2020-11-23 15:14:49 - [MESSAGE][PASSED] - Object '' is present

2020-11-23 15:14:49 - [MESSAGE][PASSED] - Object: '' is focused

2020-11-23 15:14:49 - [MESSAGE][PASSED] - Object '' is not checked

2020-11-23 15:14:49 - [MESSAGE][PASSED] - Object '' is present

2020-11-23 15:14:49 - [MESSAGE][PASSED] - Object: '' is focused

2020-11-23 15:14:49 - [MESSAGE][PASSED] - Object '' is not checked

2020-11-23 15:14:49 - [MESSAGE][PASSED] - Object '' is present

2020-11-23 15:14:49 - [MESSAGE][PASSED] - Object: '' is focused

2020-11-23 15:14:49 - [MESSAGE][PASSED] - Object '' is not checked

2020-11-23 15:14:49 - [MESSAGE][PASSED] - Object '' is present

2020-11-23 15:14:49 - [MESSAGE][PASSED] - Object: '' is focused

2020-11-23 15:14:52 - [MESSAGE][PASSED] - Delayed 3 second(s)

2020-11-23 15:14:52 - [MESSAGE][PASSED] - Object: '' is clicked on

2020-11-23 15:14:52 - [MESSAGE][PASSED] - Object '' is present

2020-11-23 15:14:52 - [MESSAGE][PASSED] - Object: '' is focused

2020-11-23 15:14:52 - [MESSAGE][PASSED] - Object '' is not checked

2020-11-23 15:14:52 - [MESSAGE][PASSED] - Object '' is present

2020-11-23 15:14:52 - [MESSAGE][PASSED] - Object: '' is focused

2020-11-23 15:14:52 - [MESSAGE][PASSED] - Object '' is not checked

2020-11-23 15:14:52 - [MESSAGE][PASSED] - Object '' is present

2020-11-23 15:14:52 - [MESSAGE][PASSED] - Object: '' is focused

2020-11-23 15:14:52 - [MESSAGE][PASSED] - Object '' is not checked

2020-11-23 15:14:52 - [MESSAGE][PASSED] - Varify the mistake detail already match with the matrix Base on Type Contract

2020-11-23 15:14:52 - [TEST_STEP][PASSED] - Click button "Logout": Click button "Logout"

2020-11-23 15:14:52 - [MESSAGE][INFO] - >>>>>//Button[contains(text(),'Logout')]

2020-11-23 15:14:56 - [MESSAGE][PASSED] - Object: '' is clicked on

2020-11-23 15:14:56 - [MESSAGE][PASSED] - Taking screenshot successfully
[[ATTACHMENT|/Users/chaidir.pratama01/Documents/Docs/Katalon Studio/Screenshot/upload.png]]

2020-11-23 15:14:56 - [MESSAGE][PASSED] - Click button "Logout"

2020-11-23 15:14:56 - [TEST_STEP][PASSED] - Close browser: Close browser

2020-11-23 15:14:56 - [MESSAGE][PASSED] - Browser is closed

2020-11-23 15:14:56 - [MESSAGE][PASSED] - Close browser

2020-11-23 15:14:56 - [TEST_STEP][PASSED] - Connect to Database: Connect to Database

2020-11-23 15:14:56 - [MESSAGE][PASSED] - Connect to Database

2020-11-23 15:14:56 - [TEST_STEP][PASSED] - Check Contract Number in Contract_Dispatcher_Claim "SELECT * FROM CONTRACT_DISPATCHER_CLAIM WHERE CONTRACT_NUMBER='336' and CLAIM_DATE_END IS NULL": Check Contract Number in Contract_Dispatcher_Claim "SELECT * FROM CONTRACT_DISPATCHER_CLAIM WHERE CONTRACT_NUMBER='336' and CLAIM_DATE_END IS NULL"

2020-11-23 15:14:57 - [MESSAGE][PASSED] - Check Contract Number in Contract_Dispatcher_Claim "SELECT * FROM CONTRACT_DISPATCHER_CLAIM WHERE CONTRACT_NUMBER='336' and CLAIM_DATE_END IS NULL"

2020-11-23 15:14:57 - [TEST_STEP][PASSED] - Check Contract Number Process in Contract_Dispatcher_Source "SELECT * FROM CONTRACT_DISPATCHER_SOURCE WHERE TEXT_CONTRACT_NUMBER='336'": Check Contract Number Process in Contract_Dispatcher_Source "SELECT * FROM CONTRACT_DISPATCHER_SOURCE WHERE TEXT_CONTRACT_NUMBER='336'"

2020-11-23 15:14:57 - [MESSAGE][PASSED] - Check Contract Number Process in Contract_Dispatcher_Source "SELECT * FROM CONTRACT_DISPATCHER_SOURCE WHERE TEXT_CONTRACT_NUMBER='336'"

2020-11-23 15:14:57 - [MESSAGE][PASSED] - Feature file: 'Include/features/IST_Real/CONTRACT_DISPATCHER_DONA_B2B/BLIBLI/BliBli_Check_Mistake_Matrix.feature' was passed]]></system-out>
         <system-err><![CDATA[]]></system-err>
      </testcase>
      <testcase name="Test Cases/IST_Real/CONTRACT_DISPATCHER_DONA_B2B/BLIBLI/TC BLIBLI - Update Tbl CDS CDC TRKRegMistake" time="2.614" classname="Test Cases/IST_Real/CONTRACT_DISPATCHER_DONA_B2B/BLIBLI/TC BLIBLI - Update Tbl CDS CDC TRKRegMistake" status="PASSED">
         <system-out><![CDATA[2020-11-23 15:14:57 - [TEST_CASE][PASSED] - Test Cases/IST_Real/CONTRACT_DISPATCHER_DONA_B2B/BLIBLI/TC BLIBLI - Update Tbl CDS CDC TRKRegMistake: Test Cases/IST_Real/CONTRACT_DISPATCHER_DONA_B2B/BLIBLI/TC BLIBLI - Update Tbl CDS CDC TRKRegMistake

2020-11-23 15:14:57 - [TEST_STEP][PASSED] - runFeatureFile("Include/features/IST_Real/CONTRACT_DISPATCHER_DONA_B2B/BLIBLI/Update_Tbl_CDS_CDC_TRKRegMistake.feature"): Feature file: 'Include/features/IST_Real/CONTRACT_DISPATCHER_DONA_B2B/BLIBLI/Update_Tbl_CDS_CDC_TRKRegMistake.feature' was passed

2020-11-23 15:14:57 - [MESSAGE][INFO] - Starting run keyword runFeatureFile: 'Include/features/IST_Real/CONTRACT_DISPATCHER_DONA_B2B/BLIBLI/Update_Tbl_CDS_CDC_TRKRegMistake.feature' and extract report to folder: '/Users/chaidir.pratama01/Katalon Studio/IST_Automation_Git/Reports/20201123_151358/CONTRACT_DISPATCHER_DONA_B2B/TS_BLIBLI/20201123_151358/cucumber_report/1606119297444'...

2020-11-23 15:14:57 - [TEST_CASE][PASSED] - Start Test Case : SCENARIO Update Table CONTRACT_DISPATCHER_SOURCE and CONTRACT_DISPTACHER_CLAIM: SCENARIO Update Table CONTRACT_DISPATCHER_SOURCE and CONTRACT_DISPTACHER_CLAIM

2020-11-23 15:14:57 - [TEST_STEP][PASSED] - Connect to Database: Connect to Database

2020-11-23 15:14:59 - [MESSAGE][PASSED] - Connect to Database

2020-11-23 15:14:59 - [TEST_STEP][PASSED] - Update Tbl CONTRACT DISPATCHER SOURCE To Change PROCESSED From Y to N For BLIBLI: Update Tbl CONTRACT DISPATCHER SOURCE To Change PROCESSED From Y to N For BLIBLI

2020-11-23 15:14:59 - [MESSAGE][PASSED] - Update Tbl CONTRACT DISPATCHER SOURCE To Change PROCESSED From Y to N For BLIBLI

2020-11-23 15:14:59 - [TEST_STEP][PASSED] - Update Tbl CONTRACT DISPATCHER CLAIM To Delete PROCESS From Column STATUS: Update Tbl CONTRACT DISPATCHER CLAIM To Delete PROCESS From Column STATUS

2020-11-23 15:14:59 - [MESSAGE][PASSED] - Update Tbl CONTRACT DISPATCHER CLAIM To Delete PROCESS From Column STATUS

2020-11-23 15:14:59 - [TEST_STEP][PASSED] - Delete Contract From TRK_REGISTRATION_MISTAKE: Delete Contract From TRK_REGISTRATION_MISTAKE

2020-11-23 15:15:00 - [MESSAGE][PASSED] - Delete Contract From TRK_REGISTRATION_MISTAKE

2020-11-23 15:15:00 - [MESSAGE][PASSED] - Feature file: 'Include/features/IST_Real/CONTRACT_DISPATCHER_DONA_B2B/BLIBLI/Update_Tbl_CDS_CDC_TRKRegMistake.feature' was passed]]></system-out>
         <system-err><![CDATA[]]></system-err>
      </testcase>
      <testcase name="Test Cases/IST_Real/CONTRACT_DISPATCHER_DONA_B2B/BLIBLI/TC BLIBLI - Contract Dispatcher BLIBLI" time="60.81" classname="Test Cases/IST_Real/CONTRACT_DISPATCHER_DONA_B2B/BLIBLI/TC BLIBLI - Contract Dispatcher BLIBLI" status="PASSED">
         <system-out><![CDATA[2020-11-23 15:15:00 - [TEST_CASE][PASSED] - Test Cases/IST_Real/CONTRACT_DISPATCHER_DONA_B2B/BLIBLI/TC BLIBLI - Contract Dispatcher BLIBLI: Test Cases/IST_Real/CONTRACT_DISPATCHER_DONA_B2B/BLIBLI/TC BLIBLI - Contract Dispatcher BLIBLI

2020-11-23 15:15:00 - [TEST_STEP][PASSED] - runFeatureFile("Include/features/IST_Real/CONTRACT_DISPATCHER_DONA_B2B/BLIBLI/Contract_Dispatcher_BLIBLI.feature"): Feature file: 'Include/features/IST_Real/CONTRACT_DISPATCHER_DONA_B2B/BLIBLI/Contract_Dispatcher_BLIBLI.feature' was passed

2020-11-23 15:15:00 - [MESSAGE][INFO] - Starting run keyword runFeatureFile: 'Include/features/IST_Real/CONTRACT_DISPATCHER_DONA_B2B/BLIBLI/Contract_Dispatcher_BLIBLI.feature' and extract report to folder: '/Users/chaidir.pratama01/Katalon Studio/IST_Automation_Git/Reports/20201123_151358/CONTRACT_DISPATCHER_DONA_B2B/TS_BLIBLI/20201123_151358/cucumber_report/1606119300139'...

2020-11-23 15:15:00 - [TEST_CASE][PASSED] - Start Test Case : SCENARIO Assign User to Contract Dona B2B: SCENARIO Assign User to Contract Dona B2B

2020-11-23 15:15:00 - [TEST_STEP][PASSED] - Go to IST: Go to IST

2020-11-23 15:15:00 - [MESSAGE][INFO] - Starting 'Chrome (headless)' driver

2020-11-23 15:15:00 - [MESSAGE][INFO] - User set preference: ['args', '[--start-maximized, --disable-gpu, --no-proxy-server, –-no-sandbox, --allow-running-insecure-content, --ignore-certificate-errors, window-size=1680,814, force-device-scale-factor=2, --lang=en-GB]']

2020-11-23 15:15:00 - [MESSAGE][INFO] - Action delay is set to 0 milliseconds

2020-11-23 15:15:00 - [MESSAGE][PASSED] - Browser is opened with url: ''

2020-11-23 15:15:02 - [MESSAGE][PASSED] - Navigate to 'https://dev-ist.homecredit.id/ist_tracker/' successfully

2020-11-23 15:15:02 - [MESSAGE][PASSED] - Taking screenshot successfully
[[ATTACHMENT|/Users/chaidir.pratama01/Documents/Docs/Katalon Studio/Screenshot/IST_Page.png]]

2020-11-23 15:15:02 - [MESSAGE][PASSED] - Go to IST

2020-11-23 15:15:02 - [TEST_STEP][PASSED] - Login IST with valid credentials: Login IST with valid credentials

2020-11-23 15:15:02 - [MESSAGE][PASSED] - Text 'mobile.test' is set on object 'Object Repository/Page_/input_Username_j_username'

2020-11-23 15:15:02 - [MESSAGE][PASSED] - Text ****** has been set on object 'Object Repository/Page_/input_Password_j_password'

2020-11-23 15:15:03 - [MESSAGE][PASSED] - Object: 'Object Repository/Page_/button_Login' is clicked on

2020-11-23 15:15:03 - [MESSAGE][PASSED] - Login IST with valid credentials

2020-11-23 15:15:03 - [TEST_STEP][PASSED] - Login Success for contract dispatcher: Login Success for contract dispatcher

2020-11-23 15:15:03 - [MESSAGE][INFO] - Login Success

2020-11-23 15:15:03 - [MESSAGE][PASSED] - Current window maximized

2020-11-23 15:15:03 - [MESSAGE][PASSED] - Object 'Object Repository/Page_/h1_Welcome to IT Supporting Tools' is present

2020-11-23 15:15:03 - [MESSAGE][PASSED] - Login Success for contract dispatcher

2020-11-23 15:15:03 - [TEST_STEP][PASSED] - Select Arrow Menu "Contract Dispatcher Admin": Select Arrow Menu "Contract Dispatcher Admin"

2020-11-23 15:15:03 - [MESSAGE][PASSED] - Object: '' is clicked on

2020-11-23 15:15:03 - [MESSAGE][PASSED] - Select Arrow Menu "Contract Dispatcher Admin"

2020-11-23 15:15:03 - [TEST_STEP][PASSED] - Select Menu "Management Assignment": Select Menu "Management Assignment"

2020-11-23 15:15:04 - [MESSAGE][PASSED] - Taking screenshot successfully
[[ATTACHMENT|/Users/chaidir.pratama01/Documents/Docs/Katalon Studio/Screenshot/test-Management Assignment.png]]

2020-11-23 15:15:04 - [MESSAGE][PASSED] - Object '' is present

2020-11-23 15:15:04 - [MESSAGE][PASSED] - Object: '' is clicked on

2020-11-23 15:15:04 - [MESSAGE][PASSED] - Wait for page load successfully

2020-11-23 15:15:04 - [MESSAGE][PASSED] - Select Menu "Management Assignment"

2020-11-23 15:15:04 - [TEST_STEP][PASSED] - Select Username "mobile.test" of Management Assignment: Select Username "mobile.test" of Management Assignment

2020-11-23 15:15:05 - [MESSAGE][PASSED] - All options with value 'mobile.test' are selected in object 'Object Repository/Page_/dropdown_list_username_assignment'  using regular expression

2020-11-23 15:15:05 - [MESSAGE][PASSED] - Select Username "mobile.test" of Management Assignment

2020-11-23 15:15:05 - [TEST_STEP][PASSED] - Check for username if already assigned to "Dona B2B": Check for username if already assigned to "Dona B2B"

2020-11-23 15:15:08 - [MESSAGE][PASSED] - Scroll to object '' successfully

2020-11-23 15:15:08 - [MESSAGE][PASSED] - Object '' is present

2020-11-23 15:15:08 - [MESSAGE][PASSED] - Object '' is checked

2020-11-23 15:15:08 - [MESSAGE][INFO] - Element is already Checked

2020-11-23 15:15:08 - [MESSAGE][PASSED] - Check for username if already assigned to "Dona B2B"

2020-11-23 15:15:08 - [TEST_STEP][PASSED] - Wait page for load: Wait page for load

2020-11-23 15:15:08 - [MESSAGE][PASSED] - Wait for page load successfully

2020-11-23 15:15:08 - [MESSAGE][PASSED] - Wait page for load

2020-11-23 15:15:08 - [TEST_STEP][PASSED] - Click button "Logout": Click button "Logout"

2020-11-23 15:15:08 - [MESSAGE][INFO] - >>>>>//Button[contains(text(),'Logout')]

2020-11-23 15:15:13 - [MESSAGE][PASSED] - Object: '' is clicked on

2020-11-23 15:15:13 - [MESSAGE][PASSED] - Taking screenshot successfully
[[ATTACHMENT|/Users/chaidir.pratama01/Documents/Docs/Katalon Studio/Screenshot/upload.png]]

2020-11-23 15:15:13 - [MESSAGE][PASSED] - Click button "Logout"

2020-11-23 15:15:13 - [TEST_STEP][PASSED] - Close browser: Close browser

2020-11-23 15:15:13 - [MESSAGE][PASSED] - Browser is closed

2020-11-23 15:15:13 - [MESSAGE][PASSED] - Close browser

2020-11-23 15:15:13 - [TEST_CASE][PASSED] - Start Test Case : SCENARIO Select Menu Contract Dispatcher and Select Contract based on type contract DONA_BLIBLI: SCENARIO Select Menu Contract Dispatcher and Select Contract based on type contract DONA_BLIBLI

2020-11-23 15:15:13 - [TEST_STEP][PASSED] - Go to IST: Go to IST

2020-11-23 15:15:13 - [MESSAGE][INFO] - Starting 'Chrome (headless)' driver

2020-11-23 15:15:13 - [MESSAGE][INFO] - User set preference: ['args', '[--start-maximized, --disable-gpu, --no-proxy-server, –-no-sandbox, --allow-running-insecure-content, --ignore-certificate-errors, window-size=1680,814, force-device-scale-factor=2, --lang=en-GB]']

2020-11-23 15:15:13 - [MESSAGE][INFO] - Action delay is set to 0 milliseconds

2020-11-23 15:15:14 - [MESSAGE][PASSED] - Browser is opened with url: ''

2020-11-23 15:15:18 - [MESSAGE][PASSED] - Navigate to 'https://dev-ist.homecredit.id/ist_tracker/' successfully

2020-11-23 15:15:19 - [MESSAGE][PASSED] - Taking screenshot successfully
[[ATTACHMENT|/Users/chaidir.pratama01/Documents/Docs/Katalon Studio/Screenshot/IST_Page.png]]

2020-11-23 15:15:19 - [MESSAGE][PASSED] - Go to IST

2020-11-23 15:15:19 - [TEST_STEP][PASSED] - Login IST with valid credentials: Login IST with valid credentials

2020-11-23 15:15:19 - [MESSAGE][PASSED] - Text 'mobile.test' is set on object 'Object Repository/Page_/input_Username_j_username'

2020-11-23 15:15:19 - [MESSAGE][PASSED] - Text ****** has been set on object 'Object Repository/Page_/input_Password_j_password'

2020-11-23 15:15:20 - [MESSAGE][PASSED] - Object: 'Object Repository/Page_/button_Login' is clicked on

2020-11-23 15:15:20 - [MESSAGE][PASSED] - Login IST with valid credentials

2020-11-23 15:15:20 - [TEST_STEP][PASSED] - Login Success for contract dispatcher: Login Success for contract dispatcher

2020-11-23 15:15:20 - [MESSAGE][INFO] - Login Success

2020-11-23 15:15:20 - [MESSAGE][PASSED] - Current window maximized

2020-11-23 15:15:20 - [MESSAGE][PASSED] - Object 'Object Repository/Page_/h1_Welcome to IT Supporting Tools' is present

2020-11-23 15:15:20 - [MESSAGE][PASSED] - Login Success for contract dispatcher

2020-11-23 15:15:20 - [TEST_STEP][PASSED] - Select Menu "Contract Dispatcher": Select Menu "Contract Dispatcher"

2020-11-23 15:15:21 - [MESSAGE][PASSED] - Taking screenshot successfully
[[ATTACHMENT|/Users/chaidir.pratama01/Documents/Docs/Katalon Studio/Screenshot/test-Contract Dispatcher.png]]

2020-11-23 15:15:21 - [MESSAGE][PASSED] - Object '' is present

2020-11-23 15:15:21 - [MESSAGE][PASSED] - Object: '' is clicked on

2020-11-23 15:15:21 - [MESSAGE][PASSED] - Wait for page load successfully

2020-11-23 15:15:21 - [MESSAGE][PASSED] - Select Menu "Contract Dispatcher"

2020-11-23 15:15:21 - [TEST_STEP][PASSED] - Select Contract Number based on Type Contract "DONA_BLIBLI": Select Contract Number based on Type Contract "DONA_BLIBLI"

2020-11-23 15:15:21 - [MESSAGE][PASSED] - Object '' is present

2020-11-23 15:15:21 - [MESSAGE][PASSED] - Object '' is present

2020-11-23 15:15:21 - [MESSAGE][PASSED] - Object: '' is clicked on

2020-11-23 15:15:21 - [MESSAGE][PASSED] - Select Contract Number based on Type Contract "DONA_BLIBLI"

2020-11-23 15:15:21 - [TEST_STEP][PASSED] - Click button "Claim": Click button "Claim"

2020-11-23 15:15:21 - [MESSAGE][INFO] - >>>>>//Button[contains(text(),'Claim')]

2020-11-23 15:15:24 - [MESSAGE][PASSED] - Object: '' is clicked on

2020-11-23 15:15:25 - [MESSAGE][PASSED] - Taking screenshot successfully
[[ATTACHMENT|/Users/chaidir.pratama01/Documents/Docs/Katalon Studio/Screenshot/upload.png]]

2020-11-23 15:15:25 - [MESSAGE][PASSED] - Click button "Claim"

2020-11-23 15:15:25 - [TEST_STEP][PASSED] - Verify Tab Mistake Matrix Base on Type Contract: Verify Tab Mistake Matrix Base on Type Contract

2020-11-23 15:15:25 - [MESSAGE][PASSED] - Object '' is present

2020-11-23 15:15:25 - [MESSAGE][PASSED] - Object '' is present

2020-11-23 15:15:25 - [MESSAGE][PASSED] - Object '' is present

2020-11-23 15:15:25 - [MESSAGE][PASSED] - Object '' is present

2020-11-23 15:15:25 - [MESSAGE][PASSED] - Object '' is present

2020-11-23 15:15:25 - [MESSAGE][PASSED] - Verify Tab Mistake Matrix Base on Type Contract

2020-11-23 15:15:25 - [TEST_STEP][PASSED] - Varify the mistake detail already match with the matrix Base on Type Contract: Varify the mistake detail already match with the matrix Base on Type Contract

2020-11-23 15:15:25 - [MESSAGE][PASSED] - Object '' is present

2020-11-23 15:15:25 - [MESSAGE][PASSED] - Object: '' is focused

2020-11-23 15:15:28 - [MESSAGE][PASSED] - Delayed 3 second(s)

2020-11-23 15:15:28 - [MESSAGE][PASSED] - Object: '' is clicked on

2020-11-23 15:15:28 - [MESSAGE][PASSED] - Object '' is present

2020-11-23 15:15:28 - [MESSAGE][PASSED] - Object: '' is focused

2020-11-23 15:15:28 - [MESSAGE][PASSED] - Object '' is not checked

2020-11-23 15:15:28 - [MESSAGE][PASSED] - Object '' is present

2020-11-23 15:15:28 - [MESSAGE][PASSED] - Object: '' is focused

2020-11-23 15:15:28 - [MESSAGE][PASSED] - Object '' is not checked

2020-11-23 15:15:28 - [MESSAGE][PASSED] - Object '' is present

2020-11-23 15:15:29 - [MESSAGE][PASSED] - Object: '' is focused

2020-11-23 15:15:29 - [MESSAGE][PASSED] - Object '' is not checked

2020-11-23 15:15:29 - [MESSAGE][PASSED] - Object '' is present

2020-11-23 15:15:29 - [MESSAGE][PASSED] - Object: '' is focused

2020-11-23 15:15:29 - [MESSAGE][PASSED] - Object '' is not checked

2020-11-23 15:15:29 - [MESSAGE][PASSED] - Object '' is present

2020-11-23 15:15:29 - [MESSAGE][PASSED] - Object: '' is focused

2020-11-23 15:15:29 - [MESSAGE][PASSED] - Object '' is not checked

2020-11-23 15:15:29 - [MESSAGE][PASSED] - Object '' is present

2020-11-23 15:15:29 - [MESSAGE][PASSED] - Object: '' is focused

2020-11-23 15:15:29 - [MESSAGE][PASSED] - Object '' is not checked

2020-11-23 15:15:29 - [MESSAGE][PASSED] - Object '' is present

2020-11-23 15:15:29 - [MESSAGE][PASSED] - Object: '' is focused

2020-11-23 15:15:29 - [MESSAGE][PASSED] - Object '' is not checked

2020-11-23 15:15:29 - [MESSAGE][PASSED] - Object '' is present

2020-11-23 15:15:29 - [MESSAGE][PASSED] - Object: '' is focused

2020-11-23 15:15:29 - [MESSAGE][PASSED] - Object '' is not checked

2020-11-23 15:15:29 - [MESSAGE][PASSED] - Object '' is present

2020-11-23 15:15:29 - [MESSAGE][PASSED] - Object: '' is focused

2020-11-23 15:15:29 - [MESSAGE][PASSED] - Object '' is not checked

2020-11-23 15:15:29 - [MESSAGE][PASSED] - Object '' is present

2020-11-23 15:15:29 - [MESSAGE][PASSED] - Object: '' is focused

2020-11-23 15:15:29 - [MESSAGE][PASSED] - Object '' is not checked

2020-11-23 15:15:29 - [MESSAGE][PASSED] - Object '' is present

2020-11-23 15:15:29 - [MESSAGE][PASSED] - Object: '' is focused

2020-11-23 15:15:29 - [MESSAGE][PASSED] - Object '' is not checked

2020-11-23 15:15:29 - [MESSAGE][PASSED] - Object '' is present

2020-11-23 15:15:29 - [MESSAGE][PASSED] - Object: '' is focused

2020-11-23 15:15:29 - [MESSAGE][PASSED] - Object '' is not checked

2020-11-23 15:15:29 - [MESSAGE][PASSED] - Object '' is present

2020-11-23 15:15:29 - [MESSAGE][PASSED] - Object: '' is focused

2020-11-23 15:15:29 - [MESSAGE][PASSED] - Object '' is not checked

2020-11-23 15:15:30 - [MESSAGE][PASSED] - Object '' is present

2020-11-23 15:15:30 - [MESSAGE][PASSED] - Object: '' is focused

2020-11-23 15:15:30 - [MESSAGE][PASSED] - Object '' is not checked

2020-11-23 15:15:30 - [MESSAGE][PASSED] - Object '' is present

2020-11-23 15:15:30 - [MESSAGE][PASSED] - Object: '' is focused

2020-11-23 15:15:30 - [MESSAGE][PASSED] - Object '' is not checked

2020-11-23 15:15:30 - [MESSAGE][PASSED] - Object '' is present

2020-11-23 15:15:30 - [MESSAGE][PASSED] - Object: '' is focused

2020-11-23 15:15:30 - [MESSAGE][PASSED] - Object '' is not checked

2020-11-23 15:15:30 - [MESSAGE][PASSED] - Object '' is present

2020-11-23 15:15:30 - [MESSAGE][PASSED] - Object: '' is focused

2020-11-23 15:15:30 - [MESSAGE][PASSED] - Object '' is not checked

2020-11-23 15:15:30 - [MESSAGE][PASSED] - Object '' is present

2020-11-23 15:15:30 - [MESSAGE][PASSED] - Object: '' is focused

2020-11-23 15:15:30 - [MESSAGE][PASSED] - Object '' is not checked

2020-11-23 15:15:30 - [MESSAGE][PASSED] - Object '' is present

2020-11-23 15:15:30 - [MESSAGE][PASSED] - Object: '' is focused

2020-11-23 15:15:30 - [MESSAGE][PASSED] - Object '' is not checked

2020-11-23 15:15:30 - [MESSAGE][PASSED] - Object '' is present

2020-11-23 15:15:30 - [MESSAGE][PASSED] - Object: '' is focused

2020-11-23 15:15:30 - [MESSAGE][PASSED] - Object '' is not checked

2020-11-23 15:15:30 - [MESSAGE][PASSED] - Object '' is present

2020-11-23 15:15:30 - [MESSAGE][PASSED] - Object: '' is focused

2020-11-23 15:15:33 - [MESSAGE][PASSED] - Delayed 3 second(s)

2020-11-23 15:15:33 - [MESSAGE][PASSED] - Object: '' is clicked on

2020-11-23 15:15:33 - [MESSAGE][PASSED] - Object '' is present

2020-11-23 15:15:33 - [MESSAGE][PASSED] - Object: '' is focused

2020-11-23 15:15:33 - [MESSAGE][PASSED] - Object '' is not checked

2020-11-23 15:15:33 - [MESSAGE][PASSED] - Object '' is present

2020-11-23 15:15:34 - [MESSAGE][PASSED] - Object: '' is focused

2020-11-23 15:15:34 - [MESSAGE][PASSED] - Object '' is not checked

2020-11-23 15:15:34 - [MESSAGE][PASSED] - Object '' is present

2020-11-23 15:15:34 - [MESSAGE][PASSED] - Object: '' is focused

2020-11-23 15:15:34 - [MESSAGE][PASSED] - Object '' is not checked

2020-11-23 15:15:34 - [MESSAGE][PASSED] - Object '' is present

2020-11-23 15:15:34 - [MESSAGE][PASSED] - Object: '' is focused

2020-11-23 15:15:34 - [MESSAGE][PASSED] - Object '' is not checked

2020-11-23 15:15:34 - [MESSAGE][PASSED] - Object '' is present

2020-11-23 15:15:34 - [MESSAGE][PASSED] - Object: '' is focused

2020-11-23 15:15:34 - [MESSAGE][PASSED] - Object '' is not checked

2020-11-23 15:15:34 - [MESSAGE][PASSED] - Object '' is present

2020-11-23 15:15:34 - [MESSAGE][PASSED] - Object: '' is focused

2020-11-23 15:15:34 - [MESSAGE][PASSED] - Object '' is not checked

2020-11-23 15:15:34 - [MESSAGE][PASSED] - Object '' is present

2020-11-23 15:15:34 - [MESSAGE][PASSED] - Object: '' is focused

2020-11-23 15:15:37 - [MESSAGE][PASSED] - Delayed 3 second(s)

2020-11-23 15:15:37 - [MESSAGE][PASSED] - Object: '' is clicked on

2020-11-23 15:15:37 - [MESSAGE][PASSED] - Object '' is present

2020-11-23 15:15:37 - [MESSAGE][PASSED] - Object: '' is focused

2020-11-23 15:15:37 - [MESSAGE][PASSED] - Object '' is not checked

2020-11-23 15:15:37 - [MESSAGE][PASSED] - Object '' is present

2020-11-23 15:15:37 - [MESSAGE][PASSED] - Object: '' is focused

2020-11-23 15:15:37 - [MESSAGE][PASSED] - Object '' is not checked

2020-11-23 15:15:37 - [MESSAGE][PASSED] - Object '' is present

2020-11-23 15:15:37 - [MESSAGE][PASSED] - Object: '' is focused

2020-11-23 15:15:37 - [MESSAGE][PASSED] - Object '' is not checked

2020-11-23 15:15:37 - [MESSAGE][PASSED] - Object '' is present

2020-11-23 15:15:38 - [MESSAGE][PASSED] - Object: '' is focused

2020-11-23 15:15:41 - [MESSAGE][PASSED] - Delayed 3 second(s)

2020-11-23 15:15:41 - [MESSAGE][PASSED] - Object: '' is clicked on

2020-11-23 15:15:41 - [MESSAGE][PASSED] - Object '' is present

2020-11-23 15:15:41 - [MESSAGE][PASSED] - Object: '' is focused

2020-11-23 15:15:41 - [MESSAGE][PASSED] - Object '' is not checked

2020-11-23 15:15:41 - [MESSAGE][PASSED] - Object '' is present

2020-11-23 15:15:41 - [MESSAGE][PASSED] - Object: '' is focused

2020-11-23 15:15:41 - [MESSAGE][PASSED] - Object '' is not checked

2020-11-23 15:15:41 - [MESSAGE][PASSED] - Object '' is present

2020-11-23 15:15:41 - [MESSAGE][PASSED] - Object: '' is focused

2020-11-23 15:15:41 - [MESSAGE][PASSED] - Object '' is not checked

2020-11-23 15:15:41 - [MESSAGE][PASSED] - Object '' is present

2020-11-23 15:15:41 - [MESSAGE][PASSED] - Object: '' is focused

2020-11-23 15:15:41 - [MESSAGE][PASSED] - Object '' is not checked

2020-11-23 15:15:41 - [MESSAGE][PASSED] - Object '' is present

2020-11-23 15:15:41 - [MESSAGE][PASSED] - Object: '' is focused

2020-11-23 15:15:41 - [MESSAGE][PASSED] - Object '' is not checked

2020-11-23 15:15:41 - [MESSAGE][PASSED] - Object '' is present

2020-11-23 15:15:41 - [MESSAGE][PASSED] - Object: '' is focused

2020-11-23 15:15:41 - [MESSAGE][PASSED] - Object '' is not checked

2020-11-23 15:15:41 - [MESSAGE][PASSED] - Object '' is present

2020-11-23 15:15:41 - [MESSAGE][PASSED] - Object: '' is focused

2020-11-23 15:15:41 - [MESSAGE][PASSED] - Object '' is not checked

2020-11-23 15:15:41 - [MESSAGE][PASSED] - Object '' is present

2020-11-23 15:15:41 - [MESSAGE][PASSED] - Object: '' is focused

2020-11-23 15:15:41 - [MESSAGE][PASSED] - Object '' is not checked

2020-11-23 15:15:41 - [MESSAGE][PASSED] - Object '' is present

2020-11-23 15:15:42 - [MESSAGE][PASSED] - Object: '' is focused

2020-11-23 15:15:45 - [MESSAGE][PASSED] - Delayed 3 second(s)

2020-11-23 15:15:45 - [MESSAGE][PASSED] - Object: '' is clicked on

2020-11-23 15:15:45 - [MESSAGE][PASSED] - Object '' is present

2020-11-23 15:15:45 - [MESSAGE][PASSED] - Object: '' is focused

2020-11-23 15:15:45 - [MESSAGE][PASSED] - Object '' is not checked

2020-11-23 15:15:45 - [MESSAGE][PASSED] - Object '' is present

2020-11-23 15:15:45 - [MESSAGE][PASSED] - Object: '' is focused

2020-11-23 15:15:45 - [MESSAGE][PASSED] - Object '' is not checked

2020-11-23 15:15:45 - [MESSAGE][PASSED] - Object '' is present

2020-11-23 15:15:45 - [MESSAGE][PASSED] - Object: '' is focused

2020-11-23 15:15:45 - [MESSAGE][PASSED] - Object '' is not checked

2020-11-23 15:15:45 - [MESSAGE][PASSED] - Varify the mistake detail already match with the matrix Base on Type Contract

2020-11-23 15:15:45 - [TEST_STEP][PASSED] - Click on Tab "KTP": Click on Tab "KTP"

2020-11-23 15:15:45 - [MESSAGE][PASSED] - Object '' is present

2020-11-23 15:15:45 - [MESSAGE][PASSED] - Object: '' is focused

2020-11-23 15:15:48 - [MESSAGE][PASSED] - Delayed 3 second(s)

2020-11-23 15:15:48 - [MESSAGE][PASSED] - Object: '' is clicked on

2020-11-23 15:15:48 - [MESSAGE][PASSED] - Click on Tab "KTP"

2020-11-23 15:15:48 - [TEST_STEP][PASSED] - Checkbox General Mistake "20. KTP atau Resi - Alamat tetap pemohon pada sistem (HoS) berbeda dengan KTP": Checkbox General Mistake "20. KTP atau Resi - Alamat tetap pemohon pada sistem (HoS) berbeda dengan KTP"

2020-11-23 15:15:48 - [MESSAGE][PASSED] - Object: '' is clicked on

2020-11-23 15:15:48 - [MESSAGE][PASSED] - Wait for page load successfully

2020-11-23 15:15:48 - [MESSAGE][PASSED] - Checkbox General Mistake "20. KTP atau Resi - Alamat tetap pemohon pada sistem (HoS) berbeda dengan KTP"

2020-11-23 15:15:48 - [TEST_STEP][PASSED] - Choose Dropdown mistake type "Beda RT" from mistake name "20. KTP atau Resi - Alamat tetap pemohon pada sistem (HoS) berbeda dengan KTP": Choose Dropdown mistake type "Beda RT" from mistake name "20. KTP atau Resi - Alamat tetap pemohon pada sistem (HoS) berbeda dengan KTP"

2020-11-23 15:15:48 - [MESSAGE][PASSED] - All options with index in [1] are selected on object ''

2020-11-23 15:15:49 - [MESSAGE][PASSED] - Wait for page load successfully

2020-11-23 15:15:49 - [MESSAGE][PASSED] - Choose Dropdown mistake type "Beda RT" from mistake name "20. KTP atau Resi - Alamat tetap pemohon pada sistem (HoS) berbeda dengan KTP"

2020-11-23 15:15:49 - [TEST_STEP][PASSED] - Type on textarea note before based on mistake name "20. KTP atau Resi - Alamat tetap pemohon pada sistem (HoS) berbeda dengan KTP" with value "TESTING": Type on textarea note before based on mistake name "20. KTP atau Resi - Alamat tetap pemohon pada sistem (HoS) berbeda dengan KTP" with value "TESTING"

2020-11-23 15:15:49 - [MESSAGE][PASSED] - Text 'TESTING' is set on object ''

2020-11-23 15:15:49 - [MESSAGE][PASSED] - Wait for page load successfully

2020-11-23 15:15:49 - [MESSAGE][PASSED] - Type on textarea note before based on mistake name "20. KTP atau Resi - Alamat tetap pemohon pada sistem (HoS) berbeda dengan KTP" with value "TESTING"

2020-11-23 15:15:49 - [TEST_STEP][PASSED] - Type on textarea note after based on mistake name "20. KTP atau Resi - Alamat tetap pemohon pada sistem (HoS) berbeda dengan KTP" with value "TESTING after": Type on textarea note after based on mistake name "20. KTP atau Resi - Alamat tetap pemohon pada sistem (HoS) berbeda dengan KTP" with value "TESTING after"

2020-11-23 15:15:49 - [MESSAGE][PASSED] - Text 'TESTING after' is set on object ''

2020-11-23 15:15:49 - [MESSAGE][PASSED] - Wait for page load successfully

2020-11-23 15:15:49 - [MESSAGE][PASSED] - Type on textarea note after based on mistake name "20. KTP atau Resi - Alamat tetap pemohon pada sistem (HoS) berbeda dengan KTP" with value "TESTING after"

2020-11-23 15:15:49 - [TEST_STEP][PASSED] - Click button "Save": Click button "Save"

2020-11-23 15:15:49 - [MESSAGE][INFO] - >>>>>//Button[contains(text(),'Save')]

2020-11-23 15:15:52 - [MESSAGE][PASSED] - Object: '' is clicked on

2020-11-23 15:15:52 - [MESSAGE][PASSED] - Taking screenshot successfully
[[ATTACHMENT|/Users/chaidir.pratama01/Documents/Docs/Katalon Studio/Screenshot/upload.png]]

2020-11-23 15:15:52 - [MESSAGE][PASSED] - Click button "Save"

2020-11-23 15:15:52 - [TEST_STEP][PASSED] - Get text from pop up "IT Supporting Tools" with text "Mistake has been saved": Get text from pop up "IT Supporting Tools" with text "Mistake has been saved"

2020-11-23 15:15:53 - [MESSAGE][PASSED] - Taking screenshot successfully
[[ATTACHMENT|/Users/chaidir.pratama01/Documents/Docs/Katalon Studio/Screenshot/errorpopup.png]]

2020-11-23 15:15:53 - [MESSAGE][PASSED] - Object '' is present

2020-11-23 15:15:53 - [MESSAGE][PASSED] - Wait for page load successfully

2020-11-23 15:15:53 - [MESSAGE][PASSED] - Wait for page load successfully

2020-11-23 15:15:53 - [MESSAGE][PASSED] - Get text from pop up "IT Supporting Tools" with text "Mistake has been saved"

2020-11-23 15:15:53 - [TEST_STEP][PASSED] - Click button "OK": Click button "OK"

2020-11-23 15:15:53 - [MESSAGE][INFO] - >>>>>//Button[contains(text(),'OK')]

2020-11-23 15:15:56 - [MESSAGE][PASSED] - Object: '' is clicked on

2020-11-23 15:15:56 - [MESSAGE][PASSED] - Taking screenshot successfully
[[ATTACHMENT|/Users/chaidir.pratama01/Documents/Docs/Katalon Studio/Screenshot/upload.png]]

2020-11-23 15:15:56 - [MESSAGE][PASSED] - Click button "OK"

2020-11-23 15:15:56 - [TEST_STEP][PASSED] - Click button "Logout": Click button "Logout"

2020-11-23 15:15:56 - [MESSAGE][INFO] - >>>>>//Button[contains(text(),'Logout')]

2020-11-23 15:16:00 - [MESSAGE][PASSED] - Object: '' is clicked on

2020-11-23 15:16:00 - [MESSAGE][PASSED] - Taking screenshot successfully
[[ATTACHMENT|/Users/chaidir.pratama01/Documents/Docs/Katalon Studio/Screenshot/upload.png]]

2020-11-23 15:16:00 - [MESSAGE][PASSED] - Click button "Logout"

2020-11-23 15:16:00 - [TEST_STEP][PASSED] - Close browser: Close browser

2020-11-23 15:16:00 - [MESSAGE][PASSED] - Browser is closed

2020-11-23 15:16:00 - [MESSAGE][PASSED] - Close browser

2020-11-23 15:16:00 - [MESSAGE][PASSED] - Feature file: 'Include/features/IST_Real/CONTRACT_DISPATCHER_DONA_B2B/BLIBLI/Contract_Dispatcher_BLIBLI.feature' was passed]]></system-out>
         <system-err><![CDATA[]]></system-err>
      </testcase>
      <testcase name="Test Cases/IST_Real/CONTRACT_DISPATCHER_DONA_B2B/BLIBLI/TC BLIBLI - Update Tbl CDS CDC TRKRegMistake" time="0.957" classname="Test Cases/IST_Real/CONTRACT_DISPATCHER_DONA_B2B/BLIBLI/TC BLIBLI - Update Tbl CDS CDC TRKRegMistake" status="PASSED">
         <system-out><![CDATA[2020-11-23 15:16:00 - [TEST_CASE][PASSED] - Test Cases/IST_Real/CONTRACT_DISPATCHER_DONA_B2B/BLIBLI/TC BLIBLI - Update Tbl CDS CDC TRKRegMistake: Test Cases/IST_Real/CONTRACT_DISPATCHER_DONA_B2B/BLIBLI/TC BLIBLI - Update Tbl CDS CDC TRKRegMistake

2020-11-23 15:16:00 - [TEST_STEP][PASSED] - runFeatureFile("Include/features/IST_Real/CONTRACT_DISPATCHER_DONA_B2B/BLIBLI/Update_Tbl_CDS_CDC_TRKRegMistake.feature"): Feature file: 'Include/features/IST_Real/CONTRACT_DISPATCHER_DONA_B2B/BLIBLI/Update_Tbl_CDS_CDC_TRKRegMistake.feature' was passed

2020-11-23 15:16:00 - [MESSAGE][INFO] - Starting run keyword runFeatureFile: 'Include/features/IST_Real/CONTRACT_DISPATCHER_DONA_B2B/BLIBLI/Update_Tbl_CDS_CDC_TRKRegMistake.feature' and extract report to folder: '/Users/chaidir.pratama01/Katalon Studio/IST_Automation_Git/Reports/20201123_151358/CONTRACT_DISPATCHER_DONA_B2B/TS_BLIBLI/20201123_151358/cucumber_report/1606119360872'...

2020-11-23 15:16:01 - [TEST_CASE][PASSED] - Start Test Case : SCENARIO Update Table CONTRACT_DISPATCHER_SOURCE and CONTRACT_DISPTACHER_CLAIM: SCENARIO Update Table CONTRACT_DISPATCHER_SOURCE and CONTRACT_DISPTACHER_CLAIM

2020-11-23 15:16:01 - [TEST_STEP][PASSED] - Connect to Database: Connect to Database

2020-11-23 15:16:01 - [MESSAGE][PASSED] - Connect to Database

2020-11-23 15:16:01 - [TEST_STEP][PASSED] - Update Tbl CONTRACT DISPATCHER SOURCE To Change PROCESSED From Y to N For BLIBLI: Update Tbl CONTRACT DISPATCHER SOURCE To Change PROCESSED From Y to N For BLIBLI

2020-11-23 15:16:01 - [MESSAGE][PASSED] - Update Tbl CONTRACT DISPATCHER SOURCE To Change PROCESSED From Y to N For BLIBLI

2020-11-23 15:16:01 - [TEST_STEP][PASSED] - Update Tbl CONTRACT DISPATCHER CLAIM To Delete PROCESS From Column STATUS: Update Tbl CONTRACT DISPATCHER CLAIM To Delete PROCESS From Column STATUS

2020-11-23 15:16:01 - [MESSAGE][PASSED] - Update Tbl CONTRACT DISPATCHER CLAIM To Delete PROCESS From Column STATUS

2020-11-23 15:16:01 - [TEST_STEP][PASSED] - Delete Contract From TRK_REGISTRATION_MISTAKE: Delete Contract From TRK_REGISTRATION_MISTAKE

2020-11-23 15:16:01 - [MESSAGE][PASSED] - Delete Contract From TRK_REGISTRATION_MISTAKE

2020-11-23 15:16:01 - [MESSAGE][PASSED] - Feature file: 'Include/features/IST_Real/CONTRACT_DISPATCHER_DONA_B2B/BLIBLI/Update_Tbl_CDS_CDC_TRKRegMistake.feature' was passed]]></system-out>
         <system-err><![CDATA[]]></system-err>
      </testcase>
      <testcase name="Test Cases/IST_Real/CONTRACT_DISPATCHER_DONA_B2B/BLIBLI/TC BLIBLI - Claim Contract BLIBLI then Save it Without Register Any Mistakes" time="43.052" classname="Test Cases/IST_Real/CONTRACT_DISPATCHER_DONA_B2B/BLIBLI/TC BLIBLI - Claim Contract BLIBLI then Save it Without Register Any Mistakes" status="PASSED">
         <system-out><![CDATA[2020-11-23 15:16:01 - [TEST_CASE][PASSED] - Test Cases/IST_Real/CONTRACT_DISPATCHER_DONA_B2B/BLIBLI/TC BLIBLI - Claim Contract BLIBLI then Save it Without Register Any Mistakes: Test Cases/IST_Real/CONTRACT_DISPATCHER_DONA_B2B/BLIBLI/TC BLIBLI - Claim Contract BLIBLI then Save it Without Register Any Mistakes

2020-11-23 15:16:01 - [TEST_STEP][PASSED] - runFeatureFile("Include/features/IST_Real/CONTRACT_DISPATCHER_DONA_B2B/BLIBLI/Claim_Contract_BLIBLI_then_Save_it_Without_Register_Any_Mistakes.feature"): Feature file: 'Include/features/IST_Real/CONTRACT_DISPATCHER_DONA_B2B/BLIBLI/Claim_Contract_BLIBLI_then_Save_it_Without_Register_Any_Mistakes.feature' was passed

2020-11-23 15:16:01 - [MESSAGE][INFO] - Starting run keyword runFeatureFile: 'Include/features/IST_Real/CONTRACT_DISPATCHER_DONA_B2B/BLIBLI/Claim_Contract_BLIBLI_then_Save_it_Without_Register_Any_Mistakes.feature' and extract report to folder: '/Users/chaidir.pratama01/Katalon Studio/IST_Automation_Git/Reports/20201123_151358/CONTRACT_DISPATCHER_DONA_B2B/TS_BLIBLI/20201123_151358/cucumber_report/1606119361936'...

2020-11-23 15:16:02 - [TEST_CASE][PASSED] - Start Test Case : SCENARIO Select Menu Contract Dispatcher and Select Contract based on type contract Dona BliBli: SCENARIO Select Menu Contract Dispatcher and Select Contract based on type contract Dona BliBli

2020-11-23 15:16:02 - [TEST_STEP][PASSED] - Go to IST: Go to IST

2020-11-23 15:16:02 - [MESSAGE][INFO] - Starting 'Chrome (headless)' driver

2020-11-23 15:16:02 - [MESSAGE][INFO] - User set preference: ['args', '[--start-maximized, --disable-gpu, --no-proxy-server, –-no-sandbox, --allow-running-insecure-content, --ignore-certificate-errors, window-size=1680,814, force-device-scale-factor=2, --lang=en-GB]']

2020-11-23 15:16:02 - [MESSAGE][INFO] - Action delay is set to 0 milliseconds

2020-11-23 15:16:02 - [MESSAGE][PASSED] - Browser is opened with url: ''

2020-11-23 15:16:03 - [MESSAGE][PASSED] - Navigate to 'https://dev-ist.homecredit.id/ist_tracker/' successfully

2020-11-23 15:16:04 - [MESSAGE][PASSED] - Taking screenshot successfully
[[ATTACHMENT|/Users/chaidir.pratama01/Documents/Docs/Katalon Studio/Screenshot/IST_Page.png]]

2020-11-23 15:16:04 - [MESSAGE][PASSED] - Go to IST

2020-11-23 15:16:04 - [TEST_STEP][PASSED] - Login IST with valid credentials: Login IST with valid credentials

2020-11-23 15:16:04 - [MESSAGE][PASSED] - Text 'mobile.test' is set on object 'Object Repository/Page_/input_Username_j_username'

2020-11-23 15:16:04 - [MESSAGE][PASSED] - Text ****** has been set on object 'Object Repository/Page_/input_Password_j_password'

2020-11-23 15:16:04 - [MESSAGE][PASSED] - Object: 'Object Repository/Page_/button_Login' is clicked on

2020-11-23 15:16:04 - [MESSAGE][PASSED] - Login IST with valid credentials

2020-11-23 15:16:04 - [TEST_STEP][PASSED] - Login Success for contract dispatcher: Login Success for contract dispatcher

2020-11-23 15:16:04 - [MESSAGE][INFO] - Login Success

2020-11-23 15:16:04 - [MESSAGE][PASSED] - Current window maximized

2020-11-23 15:16:04 - [MESSAGE][PASSED] - Object 'Object Repository/Page_/h1_Welcome to IT Supporting Tools' is present

2020-11-23 15:16:04 - [MESSAGE][PASSED] - Login Success for contract dispatcher

2020-11-23 15:16:04 - [TEST_STEP][PASSED] - Select Menu "Contract Dispatcher": Select Menu "Contract Dispatcher"

2020-11-23 15:16:05 - [MESSAGE][PASSED] - Taking screenshot successfully
[[ATTACHMENT|/Users/chaidir.pratama01/Documents/Docs/Katalon Studio/Screenshot/test-Contract Dispatcher.png]]

2020-11-23 15:16:05 - [MESSAGE][PASSED] - Object '' is present

2020-11-23 15:16:05 - [MESSAGE][PASSED] - Object: '' is clicked on

2020-11-23 15:16:05 - [MESSAGE][PASSED] - Wait for page load successfully

2020-11-23 15:16:05 - [MESSAGE][PASSED] - Select Menu "Contract Dispatcher"

2020-11-23 15:16:05 - [TEST_STEP][PASSED] - Select Contract Number based on Type Contract "DONA_BLIBLI": Select Contract Number based on Type Contract "DONA_BLIBLI"

2020-11-23 15:16:05 - [MESSAGE][PASSED] - Object '' is present

2020-11-23 15:16:05 - [MESSAGE][PASSED] - Object '' is present

2020-11-23 15:16:05 - [MESSAGE][PASSED] - Object: '' is clicked on

2020-11-23 15:16:05 - [MESSAGE][PASSED] - Select Contract Number based on Type Contract "DONA_BLIBLI"

2020-11-23 15:16:05 - [TEST_STEP][PASSED] - Click button "Claim": Click button "Claim"

2020-11-23 15:16:05 - [MESSAGE][INFO] - >>>>>//Button[contains(text(),'Claim')]

2020-11-23 15:16:08 - [MESSAGE][PASSED] - Object: '' is clicked on

2020-11-23 15:16:09 - [MESSAGE][PASSED] - Taking screenshot successfully
[[ATTACHMENT|/Users/chaidir.pratama01/Documents/Docs/Katalon Studio/Screenshot/upload.png]]

2020-11-23 15:16:09 - [MESSAGE][PASSED] - Click button "Claim"

2020-11-23 15:16:09 - [TEST_STEP][PASSED] - Verify Tab Mistake Matrix Base on Type Contract: Verify Tab Mistake Matrix Base on Type Contract

2020-11-23 15:16:09 - [MESSAGE][PASSED] - Object '' is present

2020-11-23 15:16:09 - [MESSAGE][PASSED] - Object '' is present

2020-11-23 15:16:09 - [MESSAGE][PASSED] - Object '' is present

2020-11-23 15:16:09 - [MESSAGE][PASSED] - Object '' is present

2020-11-23 15:16:09 - [MESSAGE][PASSED] - Object '' is present

2020-11-23 15:16:09 - [MESSAGE][PASSED] - Verify Tab Mistake Matrix Base on Type Contract

2020-11-23 15:16:09 - [TEST_STEP][PASSED] - Varify the mistake detail already match with the matrix Base on Type Contract: Varify the mistake detail already match with the matrix Base on Type Contract

2020-11-23 15:16:09 - [MESSAGE][PASSED] - Object '' is present

2020-11-23 15:16:09 - [MESSAGE][PASSED] - Object: '' is focused

2020-11-23 15:16:12 - [MESSAGE][PASSED] - Delayed 3 second(s)

2020-11-23 15:16:12 - [MESSAGE][PASSED] - Object: '' is clicked on

2020-11-23 15:16:12 - [MESSAGE][PASSED] - Object '' is present

2020-11-23 15:16:12 - [MESSAGE][PASSED] - Object: '' is focused

2020-11-23 15:16:12 - [MESSAGE][PASSED] - Object '' is not checked

2020-11-23 15:16:12 - [MESSAGE][PASSED] - Object '' is present

2020-11-23 15:16:13 - [MESSAGE][PASSED] - Object: '' is focused

2020-11-23 15:16:13 - [MESSAGE][PASSED] - Object '' is not checked

2020-11-23 15:16:13 - [MESSAGE][PASSED] - Object '' is present

2020-11-23 15:16:13 - [MESSAGE][PASSED] - Object: '' is focused

2020-11-23 15:16:13 - [MESSAGE][PASSED] - Object '' is not checked

2020-11-23 15:16:13 - [MESSAGE][PASSED] - Object '' is present

2020-11-23 15:16:13 - [MESSAGE][PASSED] - Object: '' is focused

2020-11-23 15:16:13 - [MESSAGE][PASSED] - Object '' is not checked

2020-11-23 15:16:13 - [MESSAGE][PASSED] - Object '' is present

2020-11-23 15:16:13 - [MESSAGE][PASSED] - Object: '' is focused

2020-11-23 15:16:13 - [MESSAGE][PASSED] - Object '' is not checked

2020-11-23 15:16:13 - [MESSAGE][PASSED] - Object '' is present

2020-11-23 15:16:13 - [MESSAGE][PASSED] - Object: '' is focused

2020-11-23 15:16:13 - [MESSAGE][PASSED] - Object '' is not checked

2020-11-23 15:16:13 - [MESSAGE][PASSED] - Object '' is present

2020-11-23 15:16:13 - [MESSAGE][PASSED] - Object: '' is focused

2020-11-23 15:16:13 - [MESSAGE][PASSED] - Object '' is not checked

2020-11-23 15:16:13 - [MESSAGE][PASSED] - Object '' is present

2020-11-23 15:16:13 - [MESSAGE][PASSED] - Object: '' is focused

2020-11-23 15:16:13 - [MESSAGE][PASSED] - Object '' is not checked

2020-11-23 15:16:13 - [MESSAGE][PASSED] - Object '' is present

2020-11-23 15:16:13 - [MESSAGE][PASSED] - Object: '' is focused

2020-11-23 15:16:13 - [MESSAGE][PASSED] - Object '' is not checked

2020-11-23 15:16:13 - [MESSAGE][PASSED] - Object '' is present

2020-11-23 15:16:13 - [MESSAGE][PASSED] - Object: '' is focused

2020-11-23 15:16:13 - [MESSAGE][PASSED] - Object '' is not checked

2020-11-23 15:16:13 - [MESSAGE][PASSED] - Object '' is present

2020-11-23 15:16:13 - [MESSAGE][PASSED] - Object: '' is focused

2020-11-23 15:16:13 - [MESSAGE][PASSED] - Object '' is not checked

2020-11-23 15:16:13 - [MESSAGE][PASSED] - Object '' is present

2020-11-23 15:16:13 - [MESSAGE][PASSED] - Object: '' is focused

2020-11-23 15:16:13 - [MESSAGE][PASSED] - Object '' is not checked

2020-11-23 15:16:13 - [MESSAGE][PASSED] - Object '' is present

2020-11-23 15:16:14 - [MESSAGE][PASSED] - Object: '' is focused

2020-11-23 15:16:14 - [MESSAGE][PASSED] - Object '' is not checked

2020-11-23 15:16:14 - [MESSAGE][PASSED] - Object '' is present

2020-11-23 15:16:14 - [MESSAGE][PASSED] - Object: '' is focused

2020-11-23 15:16:14 - [MESSAGE][PASSED] - Object '' is not checked

2020-11-23 15:16:14 - [MESSAGE][PASSED] - Object '' is present

2020-11-23 15:16:14 - [MESSAGE][PASSED] - Object: '' is focused

2020-11-23 15:16:14 - [MESSAGE][PASSED] - Object '' is not checked

2020-11-23 15:16:14 - [MESSAGE][PASSED] - Object '' is present

2020-11-23 15:16:14 - [MESSAGE][PASSED] - Object: '' is focused

2020-11-23 15:16:14 - [MESSAGE][PASSED] - Object '' is not checked

2020-11-23 15:16:14 - [MESSAGE][PASSED] - Object '' is present

2020-11-23 15:16:14 - [MESSAGE][PASSED] - Object: '' is focused

2020-11-23 15:16:14 - [MESSAGE][PASSED] - Object '' is not checked

2020-11-23 15:16:14 - [MESSAGE][PASSED] - Object '' is present

2020-11-23 15:16:14 - [MESSAGE][PASSED] - Object: '' is focused

2020-11-23 15:16:14 - [MESSAGE][PASSED] - Object '' is not checked

2020-11-23 15:16:14 - [MESSAGE][PASSED] - Object '' is present

2020-11-23 15:16:14 - [MESSAGE][PASSED] - Object: '' is focused

2020-11-23 15:16:14 - [MESSAGE][PASSED] - Object '' is not checked

2020-11-23 15:16:14 - [MESSAGE][PASSED] - Object '' is present

2020-11-23 15:16:14 - [MESSAGE][PASSED] - Object: '' is focused

2020-11-23 15:16:14 - [MESSAGE][PASSED] - Object '' is not checked

2020-11-23 15:16:14 - [MESSAGE][PASSED] - Object '' is present

2020-11-23 15:16:14 - [MESSAGE][PASSED] - Object: '' is focused

2020-11-23 15:16:17 - [MESSAGE][PASSED] - Delayed 3 second(s)

2020-11-23 15:16:17 - [MESSAGE][PASSED] - Object: '' is clicked on

2020-11-23 15:16:17 - [MESSAGE][PASSED] - Object '' is present

2020-11-23 15:16:17 - [MESSAGE][PASSED] - Object: '' is focused

2020-11-23 15:16:18 - [MESSAGE][PASSED] - Object '' is not checked

2020-11-23 15:16:18 - [MESSAGE][PASSED] - Object '' is present

2020-11-23 15:16:18 - [MESSAGE][PASSED] - Object: '' is focused

2020-11-23 15:16:18 - [MESSAGE][PASSED] - Object '' is not checked

2020-11-23 15:16:18 - [MESSAGE][PASSED] - Object '' is present

2020-11-23 15:16:18 - [MESSAGE][PASSED] - Object: '' is focused

2020-11-23 15:16:18 - [MESSAGE][PASSED] - Object '' is not checked

2020-11-23 15:16:18 - [MESSAGE][PASSED] - Object '' is present

2020-11-23 15:16:18 - [MESSAGE][PASSED] - Object: '' is focused

2020-11-23 15:16:18 - [MESSAGE][PASSED] - Object '' is not checked

2020-11-23 15:16:18 - [MESSAGE][PASSED] - Object '' is present

2020-11-23 15:16:18 - [MESSAGE][PASSED] - Object: '' is focused

2020-11-23 15:16:18 - [MESSAGE][PASSED] - Object '' is not checked

2020-11-23 15:16:18 - [MESSAGE][PASSED] - Object '' is present

2020-11-23 15:16:18 - [MESSAGE][PASSED] - Object: '' is focused

2020-11-23 15:16:18 - [MESSAGE][PASSED] - Object '' is not checked

2020-11-23 15:16:18 - [MESSAGE][PASSED] - Object '' is present

2020-11-23 15:16:18 - [MESSAGE][PASSED] - Object: '' is focused

2020-11-23 15:16:21 - [MESSAGE][PASSED] - Delayed 3 second(s)

2020-11-23 15:16:21 - [MESSAGE][PASSED] - Object: '' is clicked on

2020-11-23 15:16:21 - [MESSAGE][PASSED] - Object '' is present

2020-11-23 15:16:21 - [MESSAGE][PASSED] - Object: '' is focused

2020-11-23 15:16:21 - [MESSAGE][PASSED] - Object '' is not checked

2020-11-23 15:16:21 - [MESSAGE][PASSED] - Object '' is present

2020-11-23 15:16:21 - [MESSAGE][PASSED] - Object: '' is focused

2020-11-23 15:16:21 - [MESSAGE][PASSED] - Object '' is not checked

2020-11-23 15:16:21 - [MESSAGE][PASSED] - Object '' is present

2020-11-23 15:16:21 - [MESSAGE][PASSED] - Object: '' is focused

2020-11-23 15:16:21 - [MESSAGE][PASSED] - Object '' is not checked

2020-11-23 15:16:21 - [MESSAGE][PASSED] - Object '' is present

2020-11-23 15:16:22 - [MESSAGE][PASSED] - Object: '' is focused

2020-11-23 15:16:25 - [MESSAGE][PASSED] - Delayed 3 second(s)

2020-11-23 15:16:25 - [MESSAGE][PASSED] - Object: '' is clicked on

2020-11-23 15:16:25 - [MESSAGE][PASSED] - Object '' is present

2020-11-23 15:16:25 - [MESSAGE][PASSED] - Object: '' is focused

2020-11-23 15:16:25 - [MESSAGE][PASSED] - Object '' is not checked

2020-11-23 15:16:25 - [MESSAGE][PASSED] - Object '' is present

2020-11-23 15:16:25 - [MESSAGE][PASSED] - Object: '' is focused

2020-11-23 15:16:25 - [MESSAGE][PASSED] - Object '' is not checked

2020-11-23 15:16:25 - [MESSAGE][PASSED] - Object '' is present

2020-11-23 15:16:25 - [MESSAGE][PASSED] - Object: '' is focused

2020-11-23 15:16:25 - [MESSAGE][PASSED] - Object '' is not checked

2020-11-23 15:16:25 - [MESSAGE][PASSED] - Object '' is present

2020-11-23 15:16:25 - [MESSAGE][PASSED] - Object: '' is focused

2020-11-23 15:16:25 - [MESSAGE][PASSED] - Object '' is not checked

2020-11-23 15:16:25 - [MESSAGE][PASSED] - Object '' is present

2020-11-23 15:16:25 - [MESSAGE][PASSED] - Object: '' is focused

2020-11-23 15:16:25 - [MESSAGE][PASSED] - Object '' is not checked

2020-11-23 15:16:25 - [MESSAGE][PASSED] - Object '' is present

2020-11-23 15:16:25 - [MESSAGE][PASSED] - Object: '' is focused

2020-11-23 15:16:25 - [MESSAGE][PASSED] - Object '' is not checked

2020-11-23 15:16:25 - [MESSAGE][PASSED] - Object '' is present

2020-11-23 15:16:25 - [MESSAGE][PASSED] - Object: '' is focused

2020-11-23 15:16:25 - [MESSAGE][PASSED] - Object '' is not checked

2020-11-23 15:16:25 - [MESSAGE][PASSED] - Object '' is present

2020-11-23 15:16:25 - [MESSAGE][PASSED] - Object: '' is focused

2020-11-23 15:16:25 - [MESSAGE][PASSED] - Object '' is not checked

2020-11-23 15:16:25 - [MESSAGE][PASSED] - Object '' is present

2020-11-23 15:16:26 - [MESSAGE][PASSED] - Object: '' is focused

2020-11-23 15:16:29 - [MESSAGE][PASSED] - Delayed 3 second(s)

2020-11-23 15:16:29 - [MESSAGE][PASSED] - Object: '' is clicked on

2020-11-23 15:16:29 - [MESSAGE][PASSED] - Object '' is present

2020-11-23 15:16:29 - [MESSAGE][PASSED] - Object: '' is focused

2020-11-23 15:16:29 - [MESSAGE][PASSED] - Object '' is not checked

2020-11-23 15:16:29 - [MESSAGE][PASSED] - Object '' is present

2020-11-23 15:16:29 - [MESSAGE][PASSED] - Object: '' is focused

2020-11-23 15:16:29 - [MESSAGE][PASSED] - Object '' is not checked

2020-11-23 15:16:29 - [MESSAGE][PASSED] - Object '' is present

2020-11-23 15:16:29 - [MESSAGE][PASSED] - Object: '' is focused

2020-11-23 15:16:29 - [MESSAGE][PASSED] - Object '' is not checked

2020-11-23 15:16:29 - [MESSAGE][PASSED] - Varify the mistake detail already match with the matrix Base on Type Contract

2020-11-23 15:16:29 - [TEST_STEP][PASSED] - Click button "Save": Click button "Save"

2020-11-23 15:16:29 - [MESSAGE][INFO] - >>>>>//Button[contains(text(),'Save')]

2020-11-23 15:16:32 - [MESSAGE][PASSED] - Object: '' is clicked on

2020-11-23 15:16:32 - [MESSAGE][PASSED] - Taking screenshot successfully
[[ATTACHMENT|/Users/chaidir.pratama01/Documents/Docs/Katalon Studio/Screenshot/upload.png]]

2020-11-23 15:16:32 - [MESSAGE][PASSED] - Click button "Save"

2020-11-23 15:16:32 - [TEST_STEP][PASSED] - Get text from pop up "Confirmation Stop" with text "Are you sure?": Get text from pop up "Confirmation Stop" with text "Are you sure?"

2020-11-23 15:16:33 - [MESSAGE][PASSED] - Taking screenshot successfully
[[ATTACHMENT|/Users/chaidir.pratama01/Documents/Docs/Katalon Studio/Screenshot/errorpopup.png]]

2020-11-23 15:16:33 - [MESSAGE][PASSED] - Object '' is present

2020-11-23 15:16:33 - [MESSAGE][PASSED] - Wait for page load successfully

2020-11-23 15:16:33 - [MESSAGE][PASSED] - Wait for page load successfully

2020-11-23 15:16:33 - [MESSAGE][PASSED] - Get text from pop up "Confirmation Stop" with text "Are you sure?"

2020-11-23 15:16:33 - [TEST_STEP][PASSED] - Click button "OK": Click button "OK"

2020-11-23 15:16:33 - [MESSAGE][INFO] - >>>>>//Button[contains(text(),'OK')]

2020-11-23 15:16:36 - [MESSAGE][PASSED] - Object: '' is clicked on

2020-11-23 15:16:36 - [MESSAGE][PASSED] - Taking screenshot successfully
[[ATTACHMENT|/Users/chaidir.pratama01/Documents/Docs/Katalon Studio/Screenshot/upload.png]]

2020-11-23 15:16:36 - [MESSAGE][PASSED] - Click button "OK"

2020-11-23 15:16:36 - [TEST_STEP][PASSED] - Get text from pop up "IT Supporting Tools" with text "Successfully saved": Get text from pop up "IT Supporting Tools" with text "Successfully saved"

2020-11-23 15:16:37 - [MESSAGE][PASSED] - Taking screenshot successfully
[[ATTACHMENT|/Users/chaidir.pratama01/Documents/Docs/Katalon Studio/Screenshot/errorpopup.png]]

2020-11-23 15:16:37 - [MESSAGE][PASSED] - Object '' is present

2020-11-23 15:16:37 - [MESSAGE][PASSED] - Wait for page load successfully

2020-11-23 15:16:37 - [MESSAGE][PASSED] - Wait for page load successfully

2020-11-23 15:16:37 - [MESSAGE][PASSED] - Get text from pop up "IT Supporting Tools" with text "Successfully saved"

2020-11-23 15:16:37 - [TEST_STEP][PASSED] - Click button "OK": Click button "OK"

2020-11-23 15:16:37 - [MESSAGE][INFO] - >>>>>//Button[contains(text(),'OK')]

2020-11-23 15:16:40 - [MESSAGE][PASSED] - Object: '' is clicked on

2020-11-23 15:16:41 - [MESSAGE][PASSED] - Taking screenshot successfully
[[ATTACHMENT|/Users/chaidir.pratama01/Documents/Docs/Katalon Studio/Screenshot/upload.png]]

2020-11-23 15:16:41 - [MESSAGE][PASSED] - Click button "OK"

2020-11-23 15:16:41 - [TEST_STEP][PASSED] - Click button "Logout": Click button "Logout"

2020-11-23 15:16:41 - [MESSAGE][INFO] - >>>>>//Button[contains(text(),'Logout')]

2020-11-23 15:16:44 - [MESSAGE][PASSED] - Object: '' is clicked on

2020-11-23 15:16:44 - [MESSAGE][PASSED] - Taking screenshot successfully
[[ATTACHMENT|/Users/chaidir.pratama01/Documents/Docs/Katalon Studio/Screenshot/upload.png]]

2020-11-23 15:16:44 - [MESSAGE][PASSED] - Click button "Logout"

2020-11-23 15:16:44 - [TEST_STEP][PASSED] - Close browser: Close browser

2020-11-23 15:16:44 - [MESSAGE][PASSED] - Browser is closed

2020-11-23 15:16:44 - [MESSAGE][PASSED] - Close browser

2020-11-23 15:16:44 - [MESSAGE][PASSED] - Feature file: 'Include/features/IST_Real/CONTRACT_DISPATCHER_DONA_B2B/BLIBLI/Claim_Contract_BLIBLI_then_Save_it_Without_Register_Any_Mistakes.feature' was passed]]></system-out>
         <system-err><![CDATA[]]></system-err>
      </testcase>
      <testcase name="Test Cases/IST_Real/CONTRACT_DISPATCHER_DONA_B2B/BLIBLI/TC BLIBLI - Update Tbl CDS CDC TRKRegMistake" time="1.295" classname="Test Cases/IST_Real/CONTRACT_DISPATCHER_DONA_B2B/BLIBLI/TC BLIBLI - Update Tbl CDS CDC TRKRegMistake" status="PASSED">
         <system-out><![CDATA[2020-11-23 15:16:44 - [TEST_CASE][PASSED] - Test Cases/IST_Real/CONTRACT_DISPATCHER_DONA_B2B/BLIBLI/TC BLIBLI - Update Tbl CDS CDC TRKRegMistake: Test Cases/IST_Real/CONTRACT_DISPATCHER_DONA_B2B/BLIBLI/TC BLIBLI - Update Tbl CDS CDC TRKRegMistake

2020-11-23 15:16:44 - [TEST_STEP][PASSED] - runFeatureFile("Include/features/IST_Real/CONTRACT_DISPATCHER_DONA_B2B/BLIBLI/Update_Tbl_CDS_CDC_TRKRegMistake.feature"): Feature file: 'Include/features/IST_Real/CONTRACT_DISPATCHER_DONA_B2B/BLIBLI/Update_Tbl_CDS_CDC_TRKRegMistake.feature' was passed

2020-11-23 15:16:44 - [MESSAGE][INFO] - Starting run keyword runFeatureFile: 'Include/features/IST_Real/CONTRACT_DISPATCHER_DONA_B2B/BLIBLI/Update_Tbl_CDS_CDC_TRKRegMistake.feature' and extract report to folder: '/Users/chaidir.pratama01/Katalon Studio/IST_Automation_Git/Reports/20201123_151358/CONTRACT_DISPATCHER_DONA_B2B/TS_BLIBLI/20201123_151358/cucumber_report/1606119404885'...

2020-11-23 15:16:45 - [TEST_CASE][PASSED] - Start Test Case : SCENARIO Update Table CONTRACT_DISPATCHER_SOURCE and CONTRACT_DISPTACHER_CLAIM: SCENARIO Update Table CONTRACT_DISPATCHER_SOURCE and CONTRACT_DISPTACHER_CLAIM

2020-11-23 15:16:45 - [TEST_STEP][PASSED] - Connect to Database: Connect to Database

2020-11-23 15:16:45 - [MESSAGE][PASSED] - Connect to Database

2020-11-23 15:16:45 - [TEST_STEP][PASSED] - Update Tbl CONTRACT DISPATCHER SOURCE To Change PROCESSED From Y to N For BLIBLI: Update Tbl CONTRACT DISPATCHER SOURCE To Change PROCESSED From Y to N For BLIBLI

2020-11-23 15:16:45 - [MESSAGE][PASSED] - Update Tbl CONTRACT DISPATCHER SOURCE To Change PROCESSED From Y to N For BLIBLI

2020-11-23 15:16:45 - [TEST_STEP][PASSED] - Update Tbl CONTRACT DISPATCHER CLAIM To Delete PROCESS From Column STATUS: Update Tbl CONTRACT DISPATCHER CLAIM To Delete PROCESS From Column STATUS

2020-11-23 15:16:46 - [MESSAGE][PASSED] - Update Tbl CONTRACT DISPATCHER CLAIM To Delete PROCESS From Column STATUS

2020-11-23 15:16:46 - [TEST_STEP][PASSED] - Delete Contract From TRK_REGISTRATION_MISTAKE: Delete Contract From TRK_REGISTRATION_MISTAKE

2020-11-23 15:16:46 - [MESSAGE][PASSED] - Delete Contract From TRK_REGISTRATION_MISTAKE

2020-11-23 15:16:46 - [MESSAGE][PASSED] - Feature file: 'Include/features/IST_Real/CONTRACT_DISPATCHER_DONA_B2B/BLIBLI/Update_Tbl_CDS_CDC_TRKRegMistake.feature' was passed]]></system-out>
         <system-err><![CDATA[]]></system-err>
      </testcase>
      <testcase name="Test Cases/IST_Real/CONTRACT_DISPATCHER_DONA_B2B/BLIBLI/TC BLIBLI - Pick Mistake Without Choose Dropdown Mistake Type" time="55.863" classname="Test Cases/IST_Real/CONTRACT_DISPATCHER_DONA_B2B/BLIBLI/TC BLIBLI - Pick Mistake Without Choose Dropdown Mistake Type" status="PASSED">
         <system-out><![CDATA[2020-11-23 15:16:46 - [TEST_CASE][PASSED] - Test Cases/IST_Real/CONTRACT_DISPATCHER_DONA_B2B/BLIBLI/TC BLIBLI - Pick Mistake Without Choose Dropdown Mistake Type: Test Cases/IST_Real/CONTRACT_DISPATCHER_DONA_B2B/BLIBLI/TC BLIBLI - Pick Mistake Without Choose Dropdown Mistake Type

2020-11-23 15:16:46 - [TEST_STEP][PASSED] - runFeatureFile("Include/features/IST_Real/CONTRACT_DISPATCHER_DONA_B2B/BLIBLI/Pick_Mistake_Without_Choose_Dropdown_Mistake_Type.feature"): Feature file: 'Include/features/IST_Real/CONTRACT_DISPATCHER_DONA_B2B/BLIBLI/Pick_Mistake_Without_Choose_Dropdown_Mistake_Type.feature' was passed

2020-11-23 15:16:46 - [MESSAGE][INFO] - Starting run keyword runFeatureFile: 'Include/features/IST_Real/CONTRACT_DISPATCHER_DONA_B2B/BLIBLI/Pick_Mistake_Without_Choose_Dropdown_Mistake_Type.feature' and extract report to folder: '/Users/chaidir.pratama01/Katalon Studio/IST_Automation_Git/Reports/20201123_151358/CONTRACT_DISPATCHER_DONA_B2B/TS_BLIBLI/20201123_151358/cucumber_report/1606119406263'...

2020-11-23 15:16:46 - [TEST_CASE][PASSED] - Start Test Case : SCENARIO Assign User to Contract DONA BLIBLI: SCENARIO Assign User to Contract DONA BLIBLI

2020-11-23 15:16:46 - [TEST_STEP][PASSED] - Go to IST: Go to IST

2020-11-23 15:16:46 - [MESSAGE][INFO] - Starting 'Chrome (headless)' driver

2020-11-23 15:16:46 - [MESSAGE][INFO] - User set preference: ['args', '[--start-maximized, --disable-gpu, --no-proxy-server, –-no-sandbox, --allow-running-insecure-content, --ignore-certificate-errors, window-size=1680,814, force-device-scale-factor=2, --lang=en-GB]']

2020-11-23 15:16:46 - [MESSAGE][INFO] - Action delay is set to 0 milliseconds

2020-11-23 15:16:46 - [MESSAGE][PASSED] - Browser is opened with url: ''

2020-11-23 15:16:48 - [MESSAGE][PASSED] - Navigate to 'https://dev-ist.homecredit.id/ist_tracker/' successfully

2020-11-23 15:16:48 - [MESSAGE][PASSED] - Taking screenshot successfully
[[ATTACHMENT|/Users/chaidir.pratama01/Documents/Docs/Katalon Studio/Screenshot/IST_Page.png]]

2020-11-23 15:16:48 - [MESSAGE][PASSED] - Go to IST

2020-11-23 15:16:48 - [TEST_STEP][PASSED] - Login IST with valid credentials: Login IST with valid credentials

2020-11-23 15:16:48 - [MESSAGE][PASSED] - Text 'mobile.test' is set on object 'Object Repository/Page_/input_Username_j_username'

2020-11-23 15:16:48 - [MESSAGE][PASSED] - Text ****** has been set on object 'Object Repository/Page_/input_Password_j_password'

2020-11-23 15:16:49 - [MESSAGE][PASSED] - Object: 'Object Repository/Page_/button_Login' is clicked on

2020-11-23 15:16:49 - [MESSAGE][PASSED] - Login IST with valid credentials

2020-11-23 15:16:49 - [TEST_STEP][PASSED] - Login Success for contract dispatcher: Login Success for contract dispatcher

2020-11-23 15:16:49 - [MESSAGE][INFO] - Login Success

2020-11-23 15:16:49 - [MESSAGE][PASSED] - Current window maximized

2020-11-23 15:16:49 - [MESSAGE][PASSED] - Object 'Object Repository/Page_/h1_Welcome to IT Supporting Tools' is present

2020-11-23 15:16:49 - [MESSAGE][PASSED] - Login Success for contract dispatcher

2020-11-23 15:16:49 - [TEST_STEP][PASSED] - Select Arrow Menu "Contract Dispatcher Admin": Select Arrow Menu "Contract Dispatcher Admin"

2020-11-23 15:16:49 - [MESSAGE][PASSED] - Object: '' is clicked on

2020-11-23 15:16:49 - [MESSAGE][PASSED] - Select Arrow Menu "Contract Dispatcher Admin"

2020-11-23 15:16:49 - [TEST_STEP][PASSED] - Select Menu "Management Assignment": Select Menu "Management Assignment"

2020-11-23 15:16:50 - [MESSAGE][PASSED] - Taking screenshot successfully
[[ATTACHMENT|/Users/chaidir.pratama01/Documents/Docs/Katalon Studio/Screenshot/test-Management Assignment.png]]

2020-11-23 15:16:50 - [MESSAGE][PASSED] - Object '' is present

2020-11-23 15:16:50 - [MESSAGE][PASSED] - Object: '' is clicked on

2020-11-23 15:16:50 - [MESSAGE][PASSED] - Wait for page load successfully

2020-11-23 15:16:50 - [MESSAGE][PASSED] - Select Menu "Management Assignment"

2020-11-23 15:16:50 - [TEST_STEP][PASSED] - Select Username "mobile.test" of Management Assignment: Select Username "mobile.test" of Management Assignment

2020-11-23 15:16:51 - [MESSAGE][PASSED] - All options with value 'mobile.test' are selected in object 'Object Repository/Page_/dropdown_list_username_assignment'  using regular expression

2020-11-23 15:16:51 - [MESSAGE][PASSED] - Select Username "mobile.test" of Management Assignment

2020-11-23 15:16:51 - [TEST_STEP][PASSED] - Check for username if already assigned to "Dona B2B": Check for username if already assigned to "Dona B2B"

2020-11-23 15:16:54 - [MESSAGE][PASSED] - Scroll to object '' successfully

2020-11-23 15:16:54 - [MESSAGE][PASSED] - Object '' is present

2020-11-23 15:16:54 - [MESSAGE][PASSED] - Object '' is checked

2020-11-23 15:16:54 - [MESSAGE][INFO] - Element is already Checked

2020-11-23 15:16:54 - [MESSAGE][PASSED] - Check for username if already assigned to "Dona B2B"

2020-11-23 15:16:54 - [TEST_STEP][PASSED] - Wait page for load: Wait page for load

2020-11-23 15:16:54 - [MESSAGE][PASSED] - Wait for page load successfully

2020-11-23 15:16:54 - [MESSAGE][PASSED] - Wait page for load

2020-11-23 15:16:54 - [TEST_STEP][PASSED] - Click button "Logout": Click button "Logout"

2020-11-23 15:16:54 - [MESSAGE][INFO] - >>>>>//Button[contains(text(),'Logout')]

2020-11-23 15:16:57 - [MESSAGE][PASSED] - Object: '' is clicked on

2020-11-23 15:16:58 - [MESSAGE][PASSED] - Taking screenshot successfully
[[ATTACHMENT|/Users/chaidir.pratama01/Documents/Docs/Katalon Studio/Screenshot/upload.png]]

2020-11-23 15:16:58 - [MESSAGE][PASSED] - Click button "Logout"

2020-11-23 15:16:58 - [TEST_STEP][PASSED] - Close browser: Close browser

2020-11-23 15:16:58 - [MESSAGE][PASSED] - Browser is closed

2020-11-23 15:16:58 - [MESSAGE][PASSED] - Close browser

2020-11-23 15:16:58 - [TEST_CASE][PASSED] - Start Test Case : SCENARIO Select Menu Contract Dispatcher and Select Contract based on type contract DONA BLIBLI: SCENARIO Select Menu Contract Dispatcher and Select Contract based on type contract DONA BLIBLI

2020-11-23 15:16:58 - [TEST_STEP][PASSED] - Go to IST: Go to IST

2020-11-23 15:16:58 - [MESSAGE][INFO] - Starting 'Chrome (headless)' driver

2020-11-23 15:16:58 - [MESSAGE][INFO] - User set preference: ['args', '[--start-maximized, --disable-gpu, --no-proxy-server, –-no-sandbox, --allow-running-insecure-content, --ignore-certificate-errors, window-size=1680,814, force-device-scale-factor=2, --lang=en-GB]']

2020-11-23 15:16:58 - [MESSAGE][INFO] - Action delay is set to 0 milliseconds

2020-11-23 15:16:58 - [MESSAGE][PASSED] - Browser is opened with url: ''

2020-11-23 15:16:59 - [MESSAGE][PASSED] - Navigate to 'https://dev-ist.homecredit.id/ist_tracker/' successfully

2020-11-23 15:17:00 - [MESSAGE][PASSED] - Taking screenshot successfully
[[ATTACHMENT|/Users/chaidir.pratama01/Documents/Docs/Katalon Studio/Screenshot/IST_Page.png]]

2020-11-23 15:17:00 - [MESSAGE][PASSED] - Go to IST

2020-11-23 15:17:00 - [TEST_STEP][PASSED] - Login IST with valid credentials: Login IST with valid credentials

2020-11-23 15:17:00 - [MESSAGE][PASSED] - Text 'mobile.test' is set on object 'Object Repository/Page_/input_Username_j_username'

2020-11-23 15:17:00 - [MESSAGE][PASSED] - Text ****** has been set on object 'Object Repository/Page_/input_Password_j_password'

2020-11-23 15:17:00 - [MESSAGE][PASSED] - Object: 'Object Repository/Page_/button_Login' is clicked on

2020-11-23 15:17:00 - [MESSAGE][PASSED] - Login IST with valid credentials

2020-11-23 15:17:00 - [TEST_STEP][PASSED] - Login Success for contract dispatcher: Login Success for contract dispatcher

2020-11-23 15:17:00 - [MESSAGE][INFO] - Login Success

2020-11-23 15:17:00 - [MESSAGE][PASSED] - Current window maximized

2020-11-23 15:17:00 - [MESSAGE][PASSED] - Object 'Object Repository/Page_/h1_Welcome to IT Supporting Tools' is present

2020-11-23 15:17:00 - [MESSAGE][PASSED] - Login Success for contract dispatcher

2020-11-23 15:17:00 - [TEST_STEP][PASSED] - Select Menu "Contract Dispatcher": Select Menu "Contract Dispatcher"

2020-11-23 15:17:01 - [MESSAGE][PASSED] - Taking screenshot successfully
[[ATTACHMENT|/Users/chaidir.pratama01/Documents/Docs/Katalon Studio/Screenshot/test-Contract Dispatcher.png]]

2020-11-23 15:17:01 - [MESSAGE][PASSED] - Object '' is present

2020-11-23 15:17:01 - [MESSAGE][PASSED] - Object: '' is clicked on

2020-11-23 15:17:01 - [MESSAGE][PASSED] - Wait for page load successfully

2020-11-23 15:17:01 - [MESSAGE][PASSED] - Select Menu "Contract Dispatcher"

2020-11-23 15:17:01 - [TEST_STEP][PASSED] - Select Contract Number based on Type Contract "DONA_BLIBLI": Select Contract Number based on Type Contract "DONA_BLIBLI"

2020-11-23 15:17:01 - [MESSAGE][PASSED] - Object '' is present

2020-11-23 15:17:01 - [MESSAGE][PASSED] - Object '' is present

2020-11-23 15:17:01 - [MESSAGE][PASSED] - Object: '' is clicked on

2020-11-23 15:17:01 - [MESSAGE][PASSED] - Select Contract Number based on Type Contract "DONA_BLIBLI"

2020-11-23 15:17:01 - [TEST_STEP][PASSED] - Click button "Claim": Click button "Claim"

2020-11-23 15:17:01 - [MESSAGE][INFO] - >>>>>//Button[contains(text(),'Claim')]

2020-11-23 15:17:04 - [MESSAGE][PASSED] - Object: '' is clicked on

2020-11-23 15:17:05 - [MESSAGE][PASSED] - Taking screenshot successfully
[[ATTACHMENT|/Users/chaidir.pratama01/Documents/Docs/Katalon Studio/Screenshot/upload.png]]

2020-11-23 15:17:05 - [MESSAGE][PASSED] - Click button "Claim"

2020-11-23 15:17:05 - [TEST_STEP][PASSED] - Verify Tab Mistake Matrix Base on Type Contract: Verify Tab Mistake Matrix Base on Type Contract

2020-11-23 15:17:05 - [MESSAGE][PASSED] - Object '' is present

2020-11-23 15:17:05 - [MESSAGE][PASSED] - Object '' is present

2020-11-23 15:17:05 - [MESSAGE][PASSED] - Object '' is present

2020-11-23 15:17:05 - [MESSAGE][PASSED] - Object '' is present

2020-11-23 15:17:05 - [MESSAGE][PASSED] - Object '' is present

2020-11-23 15:17:05 - [MESSAGE][PASSED] - Verify Tab Mistake Matrix Base on Type Contract

2020-11-23 15:17:05 - [TEST_STEP][PASSED] - Varify the mistake detail already match with the matrix Base on Type Contract: Varify the mistake detail already match with the matrix Base on Type Contract

2020-11-23 15:17:05 - [MESSAGE][PASSED] - Object '' is present

2020-11-23 15:17:06 - [MESSAGE][PASSED] - Object: '' is focused

2020-11-23 15:17:09 - [MESSAGE][PASSED] - Delayed 3 second(s)

2020-11-23 15:17:09 - [MESSAGE][PASSED] - Object: '' is clicked on

2020-11-23 15:17:09 - [MESSAGE][PASSED] - Object '' is present

2020-11-23 15:17:09 - [MESSAGE][PASSED] - Object: '' is focused

2020-11-23 15:17:09 - [MESSAGE][PASSED] - Object '' is not checked

2020-11-23 15:17:09 - [MESSAGE][PASSED] - Object '' is present

2020-11-23 15:17:09 - [MESSAGE][PASSED] - Object: '' is focused

2020-11-23 15:17:09 - [MESSAGE][PASSED] - Object '' is not checked

2020-11-23 15:17:09 - [MESSAGE][PASSED] - Object '' is present

2020-11-23 15:17:09 - [MESSAGE][PASSED] - Object: '' is focused

2020-11-23 15:17:09 - [MESSAGE][PASSED] - Object '' is not checked

2020-11-23 15:17:09 - [MESSAGE][PASSED] - Object '' is present

2020-11-23 15:17:09 - [MESSAGE][PASSED] - Object: '' is focused

2020-11-23 15:17:09 - [MESSAGE][PASSED] - Object '' is not checked

2020-11-23 15:17:09 - [MESSAGE][PASSED] - Object '' is present

2020-11-23 15:17:09 - [MESSAGE][PASSED] - Object: '' is focused

2020-11-23 15:17:09 - [MESSAGE][PASSED] - Object '' is not checked

2020-11-23 15:17:09 - [MESSAGE][PASSED] - Object '' is present

2020-11-23 15:17:09 - [MESSAGE][PASSED] - Object: '' is focused

2020-11-23 15:17:09 - [MESSAGE][PASSED] - Object '' is not checked

2020-11-23 15:17:09 - [MESSAGE][PASSED] - Object '' is present

2020-11-23 15:17:09 - [MESSAGE][PASSED] - Object: '' is focused

2020-11-23 15:17:09 - [MESSAGE][PASSED] - Object '' is not checked

2020-11-23 15:17:09 - [MESSAGE][PASSED] - Object '' is present

2020-11-23 15:17:09 - [MESSAGE][PASSED] - Object: '' is focused

2020-11-23 15:17:09 - [MESSAGE][PASSED] - Object '' is not checked

2020-11-23 15:17:09 - [MESSAGE][PASSED] - Object '' is present

2020-11-23 15:17:09 - [MESSAGE][PASSED] - Object: '' is focused

2020-11-23 15:17:09 - [MESSAGE][PASSED] - Object '' is not checked

2020-11-23 15:17:09 - [MESSAGE][PASSED] - Object '' is present

2020-11-23 15:17:09 - [MESSAGE][PASSED] - Object: '' is focused

2020-11-23 15:17:09 - [MESSAGE][PASSED] - Object '' is not checked

2020-11-23 15:17:09 - [MESSAGE][PASSED] - Object '' is present

2020-11-23 15:17:10 - [MESSAGE][PASSED] - Object: '' is focused

2020-11-23 15:17:10 - [MESSAGE][PASSED] - Object '' is not checked

2020-11-23 15:17:10 - [MESSAGE][PASSED] - Object '' is present

2020-11-23 15:17:10 - [MESSAGE][PASSED] - Object: '' is focused

2020-11-23 15:17:10 - [MESSAGE][PASSED] - Object '' is not checked

2020-11-23 15:17:10 - [MESSAGE][PASSED] - Object '' is present

2020-11-23 15:17:10 - [MESSAGE][PASSED] - Object: '' is focused

2020-11-23 15:17:10 - [MESSAGE][PASSED] - Object '' is not checked

2020-11-23 15:17:10 - [MESSAGE][PASSED] - Object '' is present

2020-11-23 15:17:10 - [MESSAGE][PASSED] - Object: '' is focused

2020-11-23 15:17:10 - [MESSAGE][PASSED] - Object '' is not checked

2020-11-23 15:17:10 - [MESSAGE][PASSED] - Object '' is present

2020-11-23 15:17:10 - [MESSAGE][PASSED] - Object: '' is focused

2020-11-23 15:17:10 - [MESSAGE][PASSED] - Object '' is not checked

2020-11-23 15:17:10 - [MESSAGE][PASSED] - Object '' is present

2020-11-23 15:17:10 - [MESSAGE][PASSED] - Object: '' is focused

2020-11-23 15:17:10 - [MESSAGE][PASSED] - Object '' is not checked

2020-11-23 15:17:10 - [MESSAGE][PASSED] - Object '' is present

2020-11-23 15:17:10 - [MESSAGE][PASSED] - Object: '' is focused

2020-11-23 15:17:10 - [MESSAGE][PASSED] - Object '' is not checked

2020-11-23 15:17:10 - [MESSAGE][PASSED] - Object '' is present

2020-11-23 15:17:10 - [MESSAGE][PASSED] - Object: '' is focused

2020-11-23 15:17:10 - [MESSAGE][PASSED] - Object '' is not checked

2020-11-23 15:17:10 - [MESSAGE][PASSED] - Object '' is present

2020-11-23 15:17:10 - [MESSAGE][PASSED] - Object: '' is focused

2020-11-23 15:17:10 - [MESSAGE][PASSED] - Object '' is not checked

2020-11-23 15:17:10 - [MESSAGE][PASSED] - Object '' is present

2020-11-23 15:17:10 - [MESSAGE][PASSED] - Object: '' is focused

2020-11-23 15:17:10 - [MESSAGE][PASSED] - Object '' is not checked

2020-11-23 15:17:10 - [MESSAGE][PASSED] - Object '' is present

2020-11-23 15:17:11 - [MESSAGE][PASSED] - Object: '' is focused

2020-11-23 15:17:14 - [MESSAGE][PASSED] - Delayed 3 second(s)

2020-11-23 15:17:14 - [MESSAGE][PASSED] - Object: '' is clicked on

2020-11-23 15:17:14 - [MESSAGE][PASSED] - Object '' is present

2020-11-23 15:17:14 - [MESSAGE][PASSED] - Object: '' is focused

2020-11-23 15:17:14 - [MESSAGE][PASSED] - Object '' is not checked

2020-11-23 15:17:14 - [MESSAGE][PASSED] - Object '' is present

2020-11-23 15:17:14 - [MESSAGE][PASSED] - Object: '' is focused

2020-11-23 15:17:14 - [MESSAGE][PASSED] - Object '' is not checked

2020-11-23 15:17:14 - [MESSAGE][PASSED] - Object '' is present

2020-11-23 15:17:14 - [MESSAGE][PASSED] - Object: '' is focused

2020-11-23 15:17:14 - [MESSAGE][PASSED] - Object '' is not checked

2020-11-23 15:17:14 - [MESSAGE][PASSED] - Object '' is present

2020-11-23 15:17:14 - [MESSAGE][PASSED] - Object: '' is focused

2020-11-23 15:17:14 - [MESSAGE][PASSED] - Object '' is not checked

2020-11-23 15:17:14 - [MESSAGE][PASSED] - Object '' is present

2020-11-23 15:17:14 - [MESSAGE][PASSED] - Object: '' is focused

2020-11-23 15:17:14 - [MESSAGE][PASSED] - Object '' is not checked

2020-11-23 15:17:14 - [MESSAGE][PASSED] - Object '' is present

2020-11-23 15:17:14 - [MESSAGE][PASSED] - Object: '' is focused

2020-11-23 15:17:14 - [MESSAGE][PASSED] - Object '' is not checked

2020-11-23 15:17:14 - [MESSAGE][PASSED] - Object '' is present

2020-11-23 15:17:14 - [MESSAGE][PASSED] - Object: '' is focused

2020-11-23 15:17:17 - [MESSAGE][PASSED] - Delayed 3 second(s)

2020-11-23 15:17:17 - [MESSAGE][PASSED] - Object: '' is clicked on

2020-11-23 15:17:17 - [MESSAGE][PASSED] - Object '' is present

2020-11-23 15:17:18 - [MESSAGE][PASSED] - Object: '' is focused

2020-11-23 15:17:18 - [MESSAGE][PASSED] - Object '' is not checked

2020-11-23 15:17:18 - [MESSAGE][PASSED] - Object '' is present

2020-11-23 15:17:18 - [MESSAGE][PASSED] - Object: '' is focused

2020-11-23 15:17:18 - [MESSAGE][PASSED] - Object '' is not checked

2020-11-23 15:17:18 - [MESSAGE][PASSED] - Object '' is present

2020-11-23 15:17:18 - [MESSAGE][PASSED] - Object: '' is focused

2020-11-23 15:17:18 - [MESSAGE][PASSED] - Object '' is not checked

2020-11-23 15:17:18 - [MESSAGE][PASSED] - Object '' is present

2020-11-23 15:17:18 - [MESSAGE][PASSED] - Object: '' is focused

2020-11-23 15:17:21 - [MESSAGE][PASSED] - Delayed 3 second(s)

2020-11-23 15:17:21 - [MESSAGE][PASSED] - Object: '' is clicked on

2020-11-23 15:17:21 - [MESSAGE][PASSED] - Object '' is present

2020-11-23 15:17:21 - [MESSAGE][PASSED] - Object: '' is focused

2020-11-23 15:17:21 - [MESSAGE][PASSED] - Object '' is not checked

2020-11-23 15:17:21 - [MESSAGE][PASSED] - Object '' is present

2020-11-23 15:17:21 - [MESSAGE][PASSED] - Object: '' is focused

2020-11-23 15:17:21 - [MESSAGE][PASSED] - Object '' is not checked

2020-11-23 15:17:21 - [MESSAGE][PASSED] - Object '' is present

2020-11-23 15:17:21 - [MESSAGE][PASSED] - Object: '' is focused

2020-11-23 15:17:21 - [MESSAGE][PASSED] - Object '' is not checked

2020-11-23 15:17:21 - [MESSAGE][PASSED] - Object '' is present

2020-11-23 15:17:21 - [MESSAGE][PASSED] - Object: '' is focused

2020-11-23 15:17:21 - [MESSAGE][PASSED] - Object '' is not checked

2020-11-23 15:17:21 - [MESSAGE][PASSED] - Object '' is present

2020-11-23 15:17:21 - [MESSAGE][PASSED] - Object: '' is focused

2020-11-23 15:17:21 - [MESSAGE][PASSED] - Object '' is not checked

2020-11-23 15:17:21 - [MESSAGE][PASSED] - Object '' is present

2020-11-23 15:17:21 - [MESSAGE][PASSED] - Object: '' is focused

2020-11-23 15:17:22 - [MESSAGE][PASSED] - Object '' is not checked

2020-11-23 15:17:22 - [MESSAGE][PASSED] - Object '' is present

2020-11-23 15:17:22 - [MESSAGE][PASSED] - Object: '' is focused

2020-11-23 15:17:22 - [MESSAGE][PASSED] - Object '' is not checked

2020-11-23 15:17:22 - [MESSAGE][PASSED] - Object '' is present

2020-11-23 15:17:22 - [MESSAGE][PASSED] - Object: '' is focused

2020-11-23 15:17:22 - [MESSAGE][PASSED] - Object '' is not checked

2020-11-23 15:17:22 - [MESSAGE][PASSED] - Object '' is present

2020-11-23 15:17:22 - [MESSAGE][PASSED] - Object: '' is focused

2020-11-23 15:17:25 - [MESSAGE][PASSED] - Delayed 3 second(s)

2020-11-23 15:17:25 - [MESSAGE][PASSED] - Object: '' is clicked on

2020-11-23 15:17:25 - [MESSAGE][PASSED] - Object '' is present

2020-11-23 15:17:25 - [MESSAGE][PASSED] - Object: '' is focused

2020-11-23 15:17:25 - [MESSAGE][PASSED] - Object '' is not checked

2020-11-23 15:17:25 - [MESSAGE][PASSED] - Object '' is present

2020-11-23 15:17:25 - [MESSAGE][PASSED] - Object: '' is focused

2020-11-23 15:17:25 - [MESSAGE][PASSED] - Object '' is not checked

2020-11-23 15:17:25 - [MESSAGE][PASSED] - Object '' is present

2020-11-23 15:17:25 - [MESSAGE][PASSED] - Object: '' is focused

2020-11-23 15:17:25 - [MESSAGE][PASSED] - Object '' is not checked

2020-11-23 15:17:25 - [MESSAGE][PASSED] - Varify the mistake detail already match with the matrix Base on Type Contract

2020-11-23 15:17:25 - [TEST_STEP][PASSED] - Click on Tab "KTP": Click on Tab "KTP"

2020-11-23 15:17:25 - [MESSAGE][PASSED] - Object '' is present

2020-11-23 15:17:25 - [MESSAGE][PASSED] - Object: '' is focused

2020-11-23 15:17:28 - [MESSAGE][PASSED] - Delayed 3 second(s)

2020-11-23 15:17:28 - [MESSAGE][PASSED] - Object: '' is clicked on

2020-11-23 15:17:28 - [MESSAGE][PASSED] - Click on Tab "KTP"

2020-11-23 15:17:28 - [TEST_STEP][PASSED] - Checkbox General Mistake "20. KTP atau Resi - Alamat tetap pemohon pada sistem (HoS) berbeda dengan KTP": Checkbox General Mistake "20. KTP atau Resi - Alamat tetap pemohon pada sistem (HoS) berbeda dengan KTP"

2020-11-23 15:17:28 - [MESSAGE][PASSED] - Object: '' is clicked on

2020-11-23 15:17:28 - [MESSAGE][PASSED] - Wait for page load successfully

2020-11-23 15:17:28 - [MESSAGE][PASSED] - Checkbox General Mistake "20. KTP atau Resi - Alamat tetap pemohon pada sistem (HoS) berbeda dengan KTP"

2020-11-23 15:17:28 - [TEST_STEP][PASSED] - Click button "Save": Click button "Save"

2020-11-23 15:17:28 - [MESSAGE][INFO] - >>>>>//Button[contains(text(),'Save')]

2020-11-23 15:17:32 - [MESSAGE][PASSED] - Object: '' is clicked on

2020-11-23 15:17:32 - [MESSAGE][PASSED] - Taking screenshot successfully
[[ATTACHMENT|/Users/chaidir.pratama01/Documents/Docs/Katalon Studio/Screenshot/upload.png]]

2020-11-23 15:17:32 - [MESSAGE][PASSED] - Click button "Save"

2020-11-23 15:17:32 - [TEST_STEP][PASSED] - Get text from pop up "IT Supporting Tools" with text "Mistake Type cannot be empty": Get text from pop up "IT Supporting Tools" with text "Mistake Type cannot be empty"

2020-11-23 15:17:33 - [MESSAGE][PASSED] - Taking screenshot successfully
[[ATTACHMENT|/Users/chaidir.pratama01/Documents/Docs/Katalon Studio/Screenshot/errorpopup.png]]

2020-11-23 15:17:33 - [MESSAGE][PASSED] - Object '' is present

2020-11-23 15:17:33 - [MESSAGE][PASSED] - Wait for page load successfully

2020-11-23 15:17:33 - [MESSAGE][PASSED] - Wait for page load successfully

2020-11-23 15:17:33 - [MESSAGE][PASSED] - Get text from pop up "IT Supporting Tools" with text "Mistake Type cannot be empty"

2020-11-23 15:17:33 - [TEST_STEP][PASSED] - Click button "OK": Click button "OK"

2020-11-23 15:17:33 - [MESSAGE][INFO] - >>>>>//Button[contains(text(),'OK')]

2020-11-23 15:17:36 - [MESSAGE][PASSED] - Object: '' is clicked on

2020-11-23 15:17:36 - [MESSAGE][PASSED] - Taking screenshot successfully
[[ATTACHMENT|/Users/chaidir.pratama01/Documents/Docs/Katalon Studio/Screenshot/upload.png]]

2020-11-23 15:17:36 - [MESSAGE][PASSED] - Click button "OK"

2020-11-23 15:17:36 - [TEST_STEP][PASSED] - Click button "Logout": Click button "Logout"

2020-11-23 15:17:36 - [MESSAGE][INFO] - >>>>>//Button[contains(text(),'Logout')]

2020-11-23 15:17:41 - [MESSAGE][PASSED] - Object: '' is clicked on

2020-11-23 15:17:41 - [MESSAGE][PASSED] - Taking screenshot successfully
[[ATTACHMENT|/Users/chaidir.pratama01/Documents/Docs/Katalon Studio/Screenshot/upload.png]]

2020-11-23 15:17:41 - [MESSAGE][PASSED] - Click button "Logout"

2020-11-23 15:17:41 - [TEST_STEP][PASSED] - Comment "Register Mistake failed because Dropdown Mistake type didn't choose": Comment "Register Mistake failed because Dropdown Mistake type didn't choose"

2020-11-23 15:17:41 - [MESSAGE][INFO] - Register Mistake failed because Dropdown Mistake type didn't choose

2020-11-23 15:17:41 - [MESSAGE][PASSED] - Comment "Register Mistake failed because Dropdown Mistake type didn't choose"

2020-11-23 15:17:41 - [TEST_STEP][PASSED] - Close browser: Close browser

2020-11-23 15:17:42 - [MESSAGE][PASSED] - Browser is closed

2020-11-23 15:17:42 - [MESSAGE][PASSED] - Close browser

2020-11-23 15:17:42 - [MESSAGE][PASSED] - Feature file: 'Include/features/IST_Real/CONTRACT_DISPATCHER_DONA_B2B/BLIBLI/Pick_Mistake_Without_Choose_Dropdown_Mistake_Type.feature' was passed]]></system-out>
         <system-err><![CDATA[]]></system-err>
      </testcase>
      <testcase name="Test Cases/IST_Real/CONTRACT_DISPATCHER_DONA_B2B/BLIBLI/TC BLIBLI - Update Tbl CDS CDC TRKRegMistake" time="1.148" classname="Test Cases/IST_Real/CONTRACT_DISPATCHER_DONA_B2B/BLIBLI/TC BLIBLI - Update Tbl CDS CDC TRKRegMistake" status="PASSED">
         <system-out><![CDATA[2020-11-23 15:17:42 - [TEST_CASE][PASSED] - Test Cases/IST_Real/CONTRACT_DISPATCHER_DONA_B2B/BLIBLI/TC BLIBLI - Update Tbl CDS CDC TRKRegMistake: Test Cases/IST_Real/CONTRACT_DISPATCHER_DONA_B2B/BLIBLI/TC BLIBLI - Update Tbl CDS CDC TRKRegMistake

2020-11-23 15:17:42 - [TEST_STEP][PASSED] - runFeatureFile("Include/features/IST_Real/CONTRACT_DISPATCHER_DONA_B2B/BLIBLI/Update_Tbl_CDS_CDC_TRKRegMistake.feature"): Feature file: 'Include/features/IST_Real/CONTRACT_DISPATCHER_DONA_B2B/BLIBLI/Update_Tbl_CDS_CDC_TRKRegMistake.feature' was passed

2020-11-23 15:17:42 - [MESSAGE][INFO] - Starting run keyword runFeatureFile: 'Include/features/IST_Real/CONTRACT_DISPATCHER_DONA_B2B/BLIBLI/Update_Tbl_CDS_CDC_TRKRegMistake.feature' and extract report to folder: '/Users/chaidir.pratama01/Katalon Studio/IST_Automation_Git/Reports/20201123_151358/CONTRACT_DISPATCHER_DONA_B2B/TS_BLIBLI/20201123_151358/cucumber_report/1606119462049'...

2020-11-23 15:17:42 - [TEST_CASE][PASSED] - Start Test Case : SCENARIO Update Table CONTRACT_DISPATCHER_SOURCE and CONTRACT_DISPTACHER_CLAIM: SCENARIO Update Table CONTRACT_DISPATCHER_SOURCE and CONTRACT_DISPTACHER_CLAIM

2020-11-23 15:17:42 - [TEST_STEP][PASSED] - Connect to Database: Connect to Database

2020-11-23 15:17:42 - [MESSAGE][PASSED] - Connect to Database

2020-11-23 15:17:42 - [TEST_STEP][PASSED] - Update Tbl CONTRACT DISPATCHER SOURCE To Change PROCESSED From Y to N For BLIBLI: Update Tbl CONTRACT DISPATCHER SOURCE To Change PROCESSED From Y to N For BLIBLI

2020-11-23 15:17:42 - [MESSAGE][PASSED] - Update Tbl CONTRACT DISPATCHER SOURCE To Change PROCESSED From Y to N For BLIBLI

2020-11-23 15:17:42 - [TEST_STEP][PASSED] - Update Tbl CONTRACT DISPATCHER CLAIM To Delete PROCESS From Column STATUS: Update Tbl CONTRACT DISPATCHER CLAIM To Delete PROCESS From Column STATUS

2020-11-23 15:17:42 - [MESSAGE][PASSED] - Update Tbl CONTRACT DISPATCHER CLAIM To Delete PROCESS From Column STATUS

2020-11-23 15:17:42 - [TEST_STEP][PASSED] - Delete Contract From TRK_REGISTRATION_MISTAKE: Delete Contract From TRK_REGISTRATION_MISTAKE

2020-11-23 15:17:43 - [MESSAGE][PASSED] - Delete Contract From TRK_REGISTRATION_MISTAKE

2020-11-23 15:17:43 - [MESSAGE][PASSED] - Feature file: 'Include/features/IST_Real/CONTRACT_DISPATCHER_DONA_B2B/BLIBLI/Update_Tbl_CDS_CDC_TRKRegMistake.feature' was passed]]></system-out>
         <system-err><![CDATA[]]></system-err>
      </testcase>
      <testcase name="Test Cases/IST_Real/CONTRACT_DISPATCHER_DONA_B2B/BLIBLI/TC BLIBLI - Pick Mistake Without Write Textarea Note Before" time="79.294" classname="Test Cases/IST_Real/CONTRACT_DISPATCHER_DONA_B2B/BLIBLI/TC BLIBLI - Pick Mistake Without Write Textarea Note Before" status="FAILED">
         <failure type="FAILED" message="Test Cases/IST_Real/CONTRACT_DISPATCHER_DONA_B2B/BLIBLI/TC BLIBLI - Pick Mistake Without Write Textarea Note Before FAILED.
Reason:
com.kms.katalon.core.exception.StepFailedException: Feature file 'Include/features/IST_Real/CONTRACT_DISPATCHER_DONA_B2B/BLIBLI/Pick_Mistake_Without_Write_Textarea_Note_Before.feature' was failed
	at com.kms.katalon.core.keyword.internal.KeywordMain.stepFailed(KeywordMain.groovy:50)
	at com.kms.katalon.core.keyword.internal.KeywordMain.stepFailed(KeywordMain.groovy)
	at com.kms.katalon.core.keyword.internal.KeywordMain.stepFailed(KeywordMain.groovy:23)
	at com.kms.katalon.core.keyword.internal.KeywordMain$stepFailed$0.call(Unknown Source)
	at com.kms.katalon.core.cucumber.keyword.CucumberBuiltinKeywords$_runFeatureFile_closure1.doCall(CucumberBuiltinKeywords.groovy:82)
	at com.kms.katalon.core.cucumber.keyword.CucumberBuiltinKeywords$_runFeatureFile_closure1.doCall(CucumberBuiltinKeywords.groovy)
	at com.kms.katalon.core.keyword.internal.KeywordMain.runKeyword(KeywordMain.groovy:68)
	at com.kms.katalon.core.keyword.internal.KeywordMain$runKeyword.call(Unknown Source)
	at com.kms.katalon.core.cucumber.keyword.CucumberBuiltinKeywords.runFeatureFile(CucumberBuiltinKeywords.groovy:46)
	at com.kms.katalon.core.cucumber.keyword.CucumberBuiltinKeywords$runFeatureFile$0.callStatic(Unknown Source)
	at com.kms.katalon.core.cucumber.keyword.CucumberBuiltinKeywords.runFeatureFile(CucumberBuiltinKeywords.groovy:169)
	at com.kms.katalon.core.cucumber.keyword.CucumberBuiltinKeywords$runFeatureFile.call(Unknown Source)
	at TC BLIBLI - Pick Mistake Without Write Textarea Note Before.run(TC BLIBLI - Pick Mistake Without Write Textarea Note Before:18)
	at com.kms.katalon.core.main.ScriptEngine.run(ScriptEngine.java:194)
	at com.kms.katalon.core.main.ScriptEngine.runScriptAsRawText(ScriptEngine.java:119)
	at com.kms.katalon.core.main.TestCaseExecutor.runScript(TestCaseExecutor.java:339)
	at com.kms.katalon.core.main.TestCaseExecutor.doExecute(TestCaseExecutor.java:330)
	at com.kms.katalon.core.main.TestCaseExecutor.processExecutionPhase(TestCaseExecutor.java:309)
	at com.kms.katalon.core.main.TestCaseExecutor.accessMainPhase(TestCaseExecutor.java:301)
	at com.kms.katalon.core.main.TestCaseExecutor.execute(TestCaseExecutor.java:235)
	at com.kms.katalon.core.main.TestSuiteExecutor.accessTestCaseMainPhase(TestSuiteExecutor.java:191)
	at com.kms.katalon.core.main.TestSuiteExecutor.accessTestSuiteMainPhase(TestSuiteExecutor.java:141)
	at com.kms.katalon.core.main.TestSuiteExecutor.execute(TestSuiteExecutor.java:90)
	at com.kms.katalon.core.main.TestCaseMain.startTestSuite(TestCaseMain.java:157)
	at com.kms.katalon.core.main.TestCaseMain$startTestSuite$0.call(Unknown Source)
	at TempTestSuite1606119238455.run(TempTestSuite1606119238455.groovy:39)
"/>
         <system-out><![CDATA[2020-11-23 15:17:43 - [TEST_CASE][FAILED] - Test Cases/IST_Real/CONTRACT_DISPATCHER_DONA_B2B/BLIBLI/TC BLIBLI - Pick Mistake Without Write Textarea Note Before: Test Cases/IST_Real/CONTRACT_DISPATCHER_DONA_B2B/BLIBLI/TC BLIBLI - Pick Mistake Without Write Textarea Note Before FAILED.
Reason:
com.kms.katalon.core.exception.StepFailedException: Feature file 'Include/features/IST_Real/CONTRACT_DISPATCHER_DONA_B2B/BLIBLI/Pick_Mistake_Without_Write_Textarea_Note_Before.feature' was failed
	at com.kms.katalon.core.keyword.internal.KeywordMain.stepFailed(KeywordMain.groovy:50)
	at com.kms.katalon.core.keyword.internal.KeywordMain.stepFailed(KeywordMain.groovy)
	at com.kms.katalon.core.keyword.internal.KeywordMain.stepFailed(KeywordMain.groovy:23)
	at com.kms.katalon.core.keyword.internal.KeywordMain$stepFailed$0.call(Unknown Source)
	at com.kms.katalon.core.cucumber.keyword.CucumberBuiltinKeywords$_runFeatureFile_closure1.doCall(CucumberBuiltinKeywords.groovy:82)
	at com.kms.katalon.core.cucumber.keyword.CucumberBuiltinKeywords$_runFeatureFile_closure1.doCall(CucumberBuiltinKeywords.groovy)
	at com.kms.katalon.core.keyword.internal.KeywordMain.runKeyword(KeywordMain.groovy:68)
	at com.kms.katalon.core.keyword.internal.KeywordMain$runKeyword.call(Unknown Source)
	at com.kms.katalon.core.cucumber.keyword.CucumberBuiltinKeywords.runFeatureFile(CucumberBuiltinKeywords.groovy:46)
	at com.kms.katalon.core.cucumber.keyword.CucumberBuiltinKeywords$runFeatureFile$0.callStatic(Unknown Source)
	at com.kms.katalon.core.cucumber.keyword.CucumberBuiltinKeywords.runFeatureFile(CucumberBuiltinKeywords.groovy:169)
	at com.kms.katalon.core.cucumber.keyword.CucumberBuiltinKeywords$runFeatureFile.call(Unknown Source)
	at TC BLIBLI - Pick Mistake Without Write Textarea Note Before.run(TC BLIBLI - Pick Mistake Without Write Textarea Note Before:18)
	at com.kms.katalon.core.main.ScriptEngine.run(ScriptEngine.java:194)
	at com.kms.katalon.core.main.ScriptEngine.runScriptAsRawText(ScriptEngine.java:119)
	at com.kms.katalon.core.main.TestCaseExecutor.runScript(TestCaseExecutor.java:339)
	at com.kms.katalon.core.main.TestCaseExecutor.doExecute(TestCaseExecutor.java:330)
	at com.kms.katalon.core.main.TestCaseExecutor.processExecutionPhase(TestCaseExecutor.java:309)
	at com.kms.katalon.core.main.TestCaseExecutor.accessMainPhase(TestCaseExecutor.java:301)
	at com.kms.katalon.core.main.TestCaseExecutor.execute(TestCaseExecutor.java:235)
	at com.kms.katalon.core.main.TestSuiteExecutor.accessTestCaseMainPhase(TestSuiteExecutor.java:191)
	at com.kms.katalon.core.main.TestSuiteExecutor.accessTestSuiteMainPhase(TestSuiteExecutor.java:141)
	at com.kms.katalon.core.main.TestSuiteExecutor.execute(TestSuiteExecutor.java:90)
	at com.kms.katalon.core.main.TestCaseMain.startTestSuite(TestCaseMain.java:157)
	at com.kms.katalon.core.main.TestCaseMain$startTestSuite$0.call(Unknown Source)
	at TempTestSuite1606119238455.run(TempTestSuite1606119238455.groovy:39)


2020-11-23 15:17:43 - [TEST_STEP][FAILED] - runFeatureFile("Include/features/IST_Real/CONTRACT_DISPATCHER_DONA_B2B/BLIBLI/Pick_Mistake_Without_Write_Textarea_Note_Before.feature"): Keyword runFeatureFile was failed (Root cause: com.kms.katalon.core.exception.StepFailedException: Feature file 'Include/features/IST_Real/CONTRACT_DISPATCHER_DONA_B2B/BLIBLI/Pick_Mistake_Without_Write_Textarea_Note_Before.feature' was failed
	at com.kms.katalon.core.keyword.internal.KeywordMain.stepFailed(KeywordMain.groovy:50)
	at com.kms.katalon.core.keyword.internal.KeywordMain.stepFailed(KeywordMain.groovy)
	at com.kms.katalon.core.keyword.internal.KeywordMain.stepFailed(KeywordMain.groovy:23)
	at com.kms.katalon.core.keyword.internal.KeywordMain$stepFailed$0.call(Unknown Source)
	at com.kms.katalon.core.cucumber.keyword.CucumberBuiltinKeywords$_runFeatureFile_closure1.doCall(CucumberBuiltinKeywords.groovy:82)
	at com.kms.katalon.core.cucumber.keyword.CucumberBuiltinKeywords$_runFeatureFile_closure1.doCall(CucumberBuiltinKeywords.groovy)
	at com.kms.katalon.core.keyword.internal.KeywordMain.runKeyword(KeywordMain.groovy:68)
	at com.kms.katalon.core.keyword.internal.KeywordMain$runKeyword.call(Unknown Source)
	at com.kms.katalon.core.cucumber.keyword.CucumberBuiltinKeywords.runFeatureFile(CucumberBuiltinKeywords.groovy:46)
	at com.kms.katalon.core.cucumber.keyword.CucumberBuiltinKeywords$runFeatureFile$0.callStatic(Unknown Source)
	at com.kms.katalon.core.cucumber.keyword.CucumberBuiltinKeywords.runFeatureFile(CucumberBuiltinKeywords.groovy:169)
	at com.kms.katalon.core.cucumber.keyword.CucumberBuiltinKeywords$runFeatureFile.call(Unknown Source)
	at TC BLIBLI - Pick Mistake Without Write Textarea Note Before.run(TC BLIBLI - Pick Mistake Without Write Textarea Note Before:18)
	at com.kms.katalon.core.main.ScriptEngine.run(ScriptEngine.java:194)
	at com.kms.katalon.core.main.ScriptEngine.runScriptAsRawText(ScriptEngine.java:119)
	at com.kms.katalon.core.main.TestCaseExecutor.runScript(TestCaseExecutor.java:339)
	at com.kms.katalon.core.main.TestCaseExecutor.doExecute(TestCaseExecutor.java:330)
	at com.kms.katalon.core.main.TestCaseExecutor.processExecutionPhase(TestCaseExecutor.java:309)
	at com.kms.katalon.core.main.TestCaseExecutor.accessMainPhase(TestCaseExecutor.java:301)
	at com.kms.katalon.core.main.TestCaseExecutor.execute(TestCaseExecutor.java:235)
	at com.kms.katalon.core.main.TestSuiteExecutor.accessTestCaseMainPhase(TestSuiteExecutor.java:191)
	at com.kms.katalon.core.main.TestSuiteExecutor.accessTestSuiteMainPhase(TestSuiteExecutor.java:141)
	at com.kms.katalon.core.main.TestSuiteExecutor.execute(TestSuiteExecutor.java:90)
	at com.kms.katalon.core.main.TestCaseMain.startTestSuite(TestCaseMain.java:157)
	at com.kms.katalon.core.main.TestCaseMain$startTestSuite$0.call(Unknown Source)
	at TempTestSuite1606119238455.run(TempTestSuite1606119238455.groovy:39)
)

2020-11-23 15:17:43 - [MESSAGE][INFO] - Starting run keyword runFeatureFile: 'Include/features/IST_Real/CONTRACT_DISPATCHER_DONA_B2B/BLIBLI/Pick_Mistake_Without_Write_Textarea_Note_Before.feature' and extract report to folder: '/Users/chaidir.pratama01/Katalon Studio/IST_Automation_Git/Reports/20201123_151358/CONTRACT_DISPATCHER_DONA_B2B/TS_BLIBLI/20201123_151358/cucumber_report/1606119463271'...

2020-11-23 15:17:43 - [TEST_CASE][FAILED] - Start Test Case : SCENARIO Assign User to Contract Dona BLIBLI: SCENARIO Assign User to Contract Dona BLIBLI FAILED.
Reason:
com.kms.katalon.core.exception.StepFailedException: Unable to scroll to object ''
	at com.kms.katalon.core.webui.keyword.internal.WebUIKeywordMain.stepFailed(WebUIKeywordMain.groovy:64)
	at com.kms.katalon.core.webui.keyword.internal.WebUIKeywordMain.runKeyword(WebUIKeywordMain.groovy:26)
	at com.kms.katalon.core.webui.keyword.builtin.ScrollToElementKeyword.scrollToElement(ScrollToElementKeyword.groovy:88)
	at com.kms.katalon.core.webui.keyword.builtin.ScrollToElementKeyword.execute(ScrollToElementKeyword.groovy:68)
	at com.kms.katalon.core.keyword.internal.KeywordExecutor.executeKeywordForPlatform(KeywordExecutor.groovy:73)
	at com.kms.katalon.core.webui.keyword.WebUiBuiltInKeywords.scrollToElement(WebUiBuiltInKeywords.groovy:3001)
	at com.kms.katalon.core.webui.keyword.WebUiBuiltInKeywords$scrollToElement$10.call(Unknown Source)
	at ist_real.Contract_Dispatcher.CheckUsername(Contract_Dispatcher.groovy:679)
	at ✽.Check for username if already assigned to "DONA B2B"(/Users/chaidir.pratama01/Katalon Studio/IST_Automation_Git/Include/features/IST_Real/CONTRACT_DISPATCHER_DONA_B2B/BLIBLI/Pick_Mistake_Without_Write_Textarea_Note_Before.feature:33)
Caused by: java.lang.IndexOutOfBoundsException: Index: 0, Size: 0
	at com.kms.katalon.core.webui.common.WebUiCommonHelper.buildLocator(WebUiCommonHelper.java:519)
	at com.kms.katalon.core.webui.common.WebUiCommonHelper.findElementByNormalMethods(WebUiCommonHelper.java:985)
	at com.kms.katalon.core.webui.common.WebUiCommonHelper.findElementsBySelectedMethod(WebUiCommonHelper.java:894)
	at com.kms.katalon.core.webui.common.WebUiCommonHelper.findElementsWithSelfHealing(WebUiCommonHelper.java:791)
	at com.kms.katalon.core.webui.common.WebUiCommonHelper.findWebElements(WebUiCommonHelper.java:717)
	at com.kms.katalon.core.webui.common.WebUiCommonHelper.findWebElement(WebUiCommonHelper.java:1349)
	at com.kms.katalon.core.webui.keyword.internal.WebUIAbstractKeyword.findWebElement(WebUIAbstractKeyword.groovy:27)
	at com.kms.katalon.core.webui.keyword.internal.WebUIAbstractKeyword.findWebElement(WebUIAbstractKeyword.groovy:26)
	at com.kms.katalon.core.webui.keyword.builtin.ScrollToElementKeyword$_scrollToElement_closure1.doCall(ScrollToElementKeyword.groovy:79)
	at com.kms.katalon.core.webui.keyword.builtin.ScrollToElementKeyword$_scrollToElement_closure1.call(ScrollToElementKeyword.groovy)
	at com.kms.katalon.core.webui.keyword.internal.WebUIKeywordMain.runKeyword(WebUIKeywordMain.groovy:20)
	at com.kms.katalon.core.webui.keyword.builtin.ScrollToElementKeyword.scrollToElement(ScrollToElementKeyword.groovy:88)
	at com.kms.katalon.core.webui.keyword.builtin.ScrollToElementKeyword.execute(ScrollToElementKeyword.groovy:68)
	at com.kms.katalon.core.keyword.internal.KeywordExecutor.executeKeywordForPlatform(KeywordExecutor.groovy:73)
	at com.kms.katalon.core.webui.keyword.WebUiBuiltInKeywords.scrollToElement(WebUiBuiltInKeywords.groovy:3001)
	at com.kms.katalon.core.webui.keyword.WebUiBuiltInKeywords$scrollToElement$10.call(Unknown Source)
	at ist_real.Contract_Dispatcher.CheckUsername(Contract_Dispatcher.groovy:679)
	at cucumber.runtime.Utils$1.call(Utils.java:26)
	at cucumber.runtime.Timeout.timeout(Timeout.java:16)
	at cucumber.runtime.Utils.invoke(Utils.java:20)
	at cucumber.runtime.java.JavaStepDefinition.execute(JavaStepDefinition.java:48)
	at cucumber.runtime.PickleStepDefinitionMatch.runStep(PickleStepDefinitionMatch.java:50)
	at cucumber.runner.TestStep.executeStep(TestStep.java:55)
	at cucumber.runner.TestStep.run(TestStep.java:42)
	at cucumber.runner.PickleStepTestStep.run(PickleStepTestStep.java:53)
	at cucumber.runner.TestCase.run(TestCase.java:47)
	at cucumber.runner.Runner.runPickle(Runner.java:44)
	at cucumber.runtime.Runtime.runFeature(Runtime.java:120)
	at cucumber.runtime.Runtime.run(Runtime.java:106)
	at cucumber.api.cli.Main.run(Main.java:35)
	at cucumber.api.cli.Main$run.call(Unknown Source)
	at com.kms.katalon.core.cucumber.keyword.CucumberBuiltinKeywords$_runFeatureFile_closure1.doCall(CucumberBuiltinKeywords.groovy:76)
	at com.kms.katalon.core.cucumber.keyword.CucumberBuiltinKeywords$_runFeatureFile_closure1.doCall(CucumberBuiltinKeywords.groovy)
	at com.kms.katalon.core.keyword.internal.KeywordMain.runKeyword(KeywordMain.groovy:68)
	at com.kms.katalon.core.keyword.internal.KeywordMain$runKeyword.call(Unknown Source)
	at com.kms.katalon.core.cucumber.keyword.CucumberBuiltinKeywords.runFeatureFile(CucumberBuiltinKeywords.groovy:46)
	at com.kms.katalon.core.cucumber.keyword.CucumberBuiltinKeywords$runFeatureFile$0.callStatic(Unknown Source)
	at com.kms.katalon.core.cucumber.keyword.CucumberBuiltinKeywords.runFeatureFile(CucumberBuiltinKeywords.groovy:169)
	at com.kms.katalon.core.cucumber.keyword.CucumberBuiltinKeywords$runFeatureFile.call(Unknown Source)
	at TC BLIBLI - Pick Mistake Without Write Textarea Note Before.run(TC BLIBLI - Pick Mistake Without Write Textarea Note Before:18)
	at com.kms.katalon.core.main.ScriptEngine.run(ScriptEngine.java:194)
	at com.kms.katalon.core.main.ScriptEngine.runScriptAsRawText(ScriptEngine.java:119)
	at com.kms.katalon.core.main.TestCaseExecutor.runScript(TestCaseExecutor.java:339)
	at com.kms.katalon.core.main.TestCaseExecutor.doExecute(TestCaseExecutor.java:330)
	at com.kms.katalon.core.main.TestCaseExecutor.processExecutionPhase(TestCaseExecutor.java:309)
	at com.kms.katalon.core.main.TestCaseExecutor.accessMainPhase(TestCaseExecutor.java:301)
	at com.kms.katalon.core.main.TestCaseExecutor.execute(TestCaseExecutor.java:235)
	at com.kms.katalon.core.main.TestSuiteExecutor.accessTestCaseMainPhase(TestSuiteExecutor.java:191)
	at com.kms.katalon.core.main.TestSuiteExecutor.accessTestSuiteMainPhase(TestSuiteExecutor.java:141)
	at com.kms.katalon.core.main.TestSuiteExecutor.execute(TestSuiteExecutor.java:90)
	at com.kms.katalon.core.main.TestCaseMain.startTestSuite(TestCaseMain.java:157)
	at com.kms.katalon.core.main.TestCaseMain$startTestSuite$0.call(Unknown Source)
	at TempTestSuite1606119238455.run(TempTestSuite1606119238455.groovy:39)


2020-11-23 15:17:43 - [TEST_STEP][PASSED] - Go to IST: Go to IST

2020-11-23 15:17:43 - [MESSAGE][INFO] - Starting 'Chrome (headless)' driver

2020-11-23 15:17:43 - [MESSAGE][INFO] - User set preference: ['args', '[--start-maximized, --disable-gpu, --no-proxy-server, –-no-sandbox, --allow-running-insecure-content, --ignore-certificate-errors, window-size=1680,814, force-device-scale-factor=2, --lang=en-GB]']

2020-11-23 15:17:43 - [MESSAGE][INFO] - Action delay is set to 0 milliseconds

2020-11-23 15:17:43 - [MESSAGE][PASSED] - Browser is opened with url: ''

2020-11-23 15:17:45 - [MESSAGE][PASSED] - Navigate to 'https://dev-ist.homecredit.id/ist_tracker/' successfully

2020-11-23 15:17:45 - [MESSAGE][PASSED] - Taking screenshot successfully
[[ATTACHMENT|/Users/chaidir.pratama01/Documents/Docs/Katalon Studio/Screenshot/IST_Page.png]]

2020-11-23 15:17:45 - [MESSAGE][PASSED] - Go to IST

2020-11-23 15:17:45 - [TEST_STEP][PASSED] - Login IST with valid credentials: Login IST with valid credentials

2020-11-23 15:17:45 - [MESSAGE][PASSED] - Text 'mobile.test' is set on object 'Object Repository/Page_/input_Username_j_username'

2020-11-23 15:17:45 - [MESSAGE][PASSED] - Text ****** has been set on object 'Object Repository/Page_/input_Password_j_password'

2020-11-23 15:17:46 - [MESSAGE][PASSED] - Object: 'Object Repository/Page_/button_Login' is clicked on

2020-11-23 15:17:46 - [MESSAGE][PASSED] - Login IST with valid credentials

2020-11-23 15:17:46 - [TEST_STEP][PASSED] - Login Success for contract dispatcher: Login Success for contract dispatcher

2020-11-23 15:17:46 - [MESSAGE][INFO] - Login Success

2020-11-23 15:17:46 - [MESSAGE][PASSED] - Current window maximized

2020-11-23 15:17:46 - [MESSAGE][PASSED] - Object 'Object Repository/Page_/h1_Welcome to IT Supporting Tools' is present

2020-11-23 15:17:46 - [MESSAGE][PASSED] - Login Success for contract dispatcher

2020-11-23 15:17:46 - [TEST_STEP][PASSED] - Select Arrow Menu "Contract Dispatcher Admin": Select Arrow Menu "Contract Dispatcher Admin"

2020-11-23 15:17:46 - [MESSAGE][PASSED] - Object: '' is clicked on

2020-11-23 15:17:46 - [MESSAGE][PASSED] - Select Arrow Menu "Contract Dispatcher Admin"

2020-11-23 15:17:46 - [TEST_STEP][PASSED] - Select Menu "Management Assignment": Select Menu "Management Assignment"

2020-11-23 15:17:47 - [MESSAGE][PASSED] - Taking screenshot successfully
[[ATTACHMENT|/Users/chaidir.pratama01/Documents/Docs/Katalon Studio/Screenshot/test-Management Assignment.png]]

2020-11-23 15:17:47 - [MESSAGE][PASSED] - Object '' is present

2020-11-23 15:17:47 - [MESSAGE][PASSED] - Object: '' is clicked on

2020-11-23 15:17:47 - [MESSAGE][PASSED] - Wait for page load successfully

2020-11-23 15:17:47 - [MESSAGE][PASSED] - Select Menu "Management Assignment"

2020-11-23 15:17:47 - [TEST_STEP][PASSED] - Select Username "mobile.test" of Management Assignment: Select Username "mobile.test" of Management Assignment

2020-11-23 15:17:48 - [MESSAGE][PASSED] - All options with value 'mobile.test' are selected in object 'Object Repository/Page_/dropdown_list_username_assignment'  using regular expression

2020-11-23 15:17:48 - [MESSAGE][PASSED] - Select Username "mobile.test" of Management Assignment

2020-11-23 15:17:48 - [TEST_STEP][FAILED] - Check for username if already assigned to "DONA B2B": Check for username if already assigned to "DONA B2B" FAILED.
Reason:
com.kms.katalon.core.exception.StepFailedException: Unable to scroll to object ''
	at com.kms.katalon.core.webui.keyword.internal.WebUIKeywordMain.stepFailed(WebUIKeywordMain.groovy:64)
	at com.kms.katalon.core.webui.keyword.internal.WebUIKeywordMain.runKeyword(WebUIKeywordMain.groovy:26)
	at com.kms.katalon.core.webui.keyword.builtin.ScrollToElementKeyword.scrollToElement(ScrollToElementKeyword.groovy:88)
	at com.kms.katalon.core.webui.keyword.builtin.ScrollToElementKeyword.execute(ScrollToElementKeyword.groovy:68)
	at com.kms.katalon.core.keyword.internal.KeywordExecutor.executeKeywordForPlatform(KeywordExecutor.groovy:73)
	at com.kms.katalon.core.webui.keyword.WebUiBuiltInKeywords.scrollToElement(WebUiBuiltInKeywords.groovy:3001)
	at com.kms.katalon.core.webui.keyword.WebUiBuiltInKeywords$scrollToElement$10.call(Unknown Source)
	at ist_real.Contract_Dispatcher.CheckUsername(Contract_Dispatcher.groovy:679)
	at ✽.Check for username if already assigned to "DONA B2B"(/Users/chaidir.pratama01/Katalon Studio/IST_Automation_Git/Include/features/IST_Real/CONTRACT_DISPATCHER_DONA_B2B/BLIBLI/Pick_Mistake_Without_Write_Textarea_Note_Before.feature:33)
Caused by: java.lang.IndexOutOfBoundsException: Index: 0, Size: 0
	at com.kms.katalon.core.webui.common.WebUiCommonHelper.buildLocator(WebUiCommonHelper.java:519)
	at com.kms.katalon.core.webui.common.WebUiCommonHelper.findElementByNormalMethods(WebUiCommonHelper.java:985)
	at com.kms.katalon.core.webui.common.WebUiCommonHelper.findElementsBySelectedMethod(WebUiCommonHelper.java:894)
	at com.kms.katalon.core.webui.common.WebUiCommonHelper.findElementsWithSelfHealing(WebUiCommonHelper.java:791)
	at com.kms.katalon.core.webui.common.WebUiCommonHelper.findWebElements(WebUiCommonHelper.java:717)
	at com.kms.katalon.core.webui.common.WebUiCommonHelper.findWebElement(WebUiCommonHelper.java:1349)
	at com.kms.katalon.core.webui.keyword.internal.WebUIAbstractKeyword.findWebElement(WebUIAbstractKeyword.groovy:27)
	at com.kms.katalon.core.webui.keyword.internal.WebUIAbstractKeyword.findWebElement(WebUIAbstractKeyword.groovy:26)
	at com.kms.katalon.core.webui.keyword.builtin.ScrollToElementKeyword$_scrollToElement_closure1.doCall(ScrollToElementKeyword.groovy:79)
	at com.kms.katalon.core.webui.keyword.builtin.ScrollToElementKeyword$_scrollToElement_closure1.call(ScrollToElementKeyword.groovy)
	at com.kms.katalon.core.webui.keyword.internal.WebUIKeywordMain.runKeyword(WebUIKeywordMain.groovy:20)
	at com.kms.katalon.core.webui.keyword.builtin.ScrollToElementKeyword.scrollToElement(ScrollToElementKeyword.groovy:88)
	at com.kms.katalon.core.webui.keyword.builtin.ScrollToElementKeyword.execute(ScrollToElementKeyword.groovy:68)
	at com.kms.katalon.core.keyword.internal.KeywordExecutor.executeKeywordForPlatform(KeywordExecutor.groovy:73)
	at com.kms.katalon.core.webui.keyword.WebUiBuiltInKeywords.scrollToElement(WebUiBuiltInKeywords.groovy:3001)
	at com.kms.katalon.core.webui.keyword.WebUiBuiltInKeywords$scrollToElement$10.call(Unknown Source)
	at ist_real.Contract_Dispatcher.CheckUsername(Contract_Dispatcher.groovy:679)
	at cucumber.runtime.Utils$1.call(Utils.java:26)
	at cucumber.runtime.Timeout.timeout(Timeout.java:16)
	at cucumber.runtime.Utils.invoke(Utils.java:20)
	at cucumber.runtime.java.JavaStepDefinition.execute(JavaStepDefinition.java:48)
	at cucumber.runtime.PickleStepDefinitionMatch.runStep(PickleStepDefinitionMatch.java:50)
	at cucumber.runner.TestStep.executeStep(TestStep.java:55)
	at cucumber.runner.TestStep.run(TestStep.java:42)
	at cucumber.runner.PickleStepTestStep.run(PickleStepTestStep.java:53)
	at cucumber.runner.TestCase.run(TestCase.java:47)
	at cucumber.runner.Runner.runPickle(Runner.java:44)
	at cucumber.runtime.Runtime.runFeature(Runtime.java:120)
	at cucumber.runtime.Runtime.run(Runtime.java:106)
	at cucumber.api.cli.Main.run(Main.java:35)
	at cucumber.api.cli.Main$run.call(Unknown Source)
	at com.kms.katalon.core.cucumber.keyword.CucumberBuiltinKeywords$_runFeatureFile_closure1.doCall(CucumberBuiltinKeywords.groovy:76)
	at com.kms.katalon.core.cucumber.keyword.CucumberBuiltinKeywords$_runFeatureFile_closure1.doCall(CucumberBuiltinKeywords.groovy)
	at com.kms.katalon.core.keyword.internal.KeywordMain.runKeyword(KeywordMain.groovy:68)
	at com.kms.katalon.core.keyword.internal.KeywordMain$runKeyword.call(Unknown Source)
	at com.kms.katalon.core.cucumber.keyword.CucumberBuiltinKeywords.runFeatureFile(CucumberBuiltinKeywords.groovy:46)
	at com.kms.katalon.core.cucumber.keyword.CucumberBuiltinKeywords$runFeatureFile$0.callStatic(Unknown Source)
	at com.kms.katalon.core.cucumber.keyword.CucumberBuiltinKeywords.runFeatureFile(CucumberBuiltinKeywords.groovy:169)
	at com.kms.katalon.core.cucumber.keyword.CucumberBuiltinKeywords$runFeatureFile.call(Unknown Source)
	at TC BLIBLI - Pick Mistake Without Write Textarea Note Before.run(TC BLIBLI - Pick Mistake Without Write Textarea Note Before:18)
	at com.kms.katalon.core.main.ScriptEngine.run(ScriptEngine.java:194)
	at com.kms.katalon.core.main.ScriptEngine.runScriptAsRawText(ScriptEngine.java:119)
	at com.kms.katalon.core.main.TestCaseExecutor.runScript(TestCaseExecutor.java:339)
	at com.kms.katalon.core.main.TestCaseExecutor.doExecute(TestCaseExecutor.java:330)
	at com.kms.katalon.core.main.TestCaseExecutor.processExecutionPhase(TestCaseExecutor.java:309)
	at com.kms.katalon.core.main.TestCaseExecutor.accessMainPhase(TestCaseExecutor.java:301)
	at com.kms.katalon.core.main.TestCaseExecutor.execute(TestCaseExecutor.java:235)
	at com.kms.katalon.core.main.TestSuiteExecutor.accessTestCaseMainPhase(TestSuiteExecutor.java:191)
	at com.kms.katalon.core.main.TestSuiteExecutor.accessTestSuiteMainPhase(TestSuiteExecutor.java:141)
	at com.kms.katalon.core.main.TestSuiteExecutor.execute(TestSuiteExecutor.java:90)
	at com.kms.katalon.core.main.TestCaseMain.startTestSuite(TestCaseMain.java:157)
	at com.kms.katalon.core.main.TestCaseMain$startTestSuite$0.call(Unknown Source)
	at TempTestSuite1606119238455.run(TempTestSuite1606119238455.groovy:39)


2020-11-23 15:18:22 - [MESSAGE][INFO] - Unable to find the element located by 'By.xpath: //span/label[contains(text(),'DONA B2B')]/preceding-sibling::input[@type='checkbox']'. Please recheck the objects properties to make sure the desired element is located. 

2020-11-23 15:18:22 - [MESSAGE][WARNING] - [SELF-HEALING] Failed to find element with id ''. Try using Self-healing.

2020-11-23 15:18:22 - [MESSAGE][FAILED] - Unable to scroll to object '' (Root cause: com.kms.katalon.core.exception.StepFailedException: Unable to scroll to object ''
	at com.kms.katalon.core.webui.keyword.internal.WebUIKeywordMain.stepFailed(WebUIKeywordMain.groovy:64)
	at com.kms.katalon.core.webui.keyword.internal.WebUIKeywordMain.runKeyword(WebUIKeywordMain.groovy:26)
	at com.kms.katalon.core.webui.keyword.builtin.ScrollToElementKeyword.scrollToElement(ScrollToElementKeyword.groovy:88)
	at com.kms.katalon.core.webui.keyword.builtin.ScrollToElementKeyword.execute(ScrollToElementKeyword.groovy:68)
	at com.kms.katalon.core.keyword.internal.KeywordExecutor.executeKeywordForPlatform(KeywordExecutor.groovy:73)
	at com.kms.katalon.core.webui.keyword.WebUiBuiltInKeywords.scrollToElement(WebUiBuiltInKeywords.groovy:3001)
	at com.kms.katalon.core.webui.keyword.WebUiBuiltInKeywords$scrollToElement$10.call(Unknown Source)
	at ist_real.Contract_Dispatcher.CheckUsername(Contract_Dispatcher.groovy:679)
	at cucumber.runtime.Utils$1.call(Utils.java:26)
	at cucumber.runtime.Timeout.timeout(Timeout.java:16)
	at cucumber.runtime.Utils.invoke(Utils.java:20)
	at cucumber.runtime.java.JavaStepDefinition.execute(JavaStepDefinition.java:48)
	at cucumber.runtime.PickleStepDefinitionMatch.runStep(PickleStepDefinitionMatch.java:50)
	at cucumber.runner.TestStep.executeStep(TestStep.java:55)
	at cucumber.runner.TestStep.run(TestStep.java:42)
	at cucumber.runner.PickleStepTestStep.run(PickleStepTestStep.java:53)
	at cucumber.runner.TestCase.run(TestCase.java:47)
	at cucumber.runner.Runner.runPickle(Runner.java:44)
	at cucumber.runtime.Runtime.runFeature(Runtime.java:120)
	at cucumber.runtime.Runtime.run(Runtime.java:106)
	at cucumber.api.cli.Main.run(Main.java:35)
	at cucumber.api.cli.Main$run.call(Unknown Source)
	at com.kms.katalon.core.cucumber.keyword.CucumberBuiltinKeywords$_runFeatureFile_closure1.doCall(CucumberBuiltinKeywords.groovy:76)
	at com.kms.katalon.core.cucumber.keyword.CucumberBuiltinKeywords$_runFeatureFile_closure1.doCall(CucumberBuiltinKeywords.groovy)
	at com.kms.katalon.core.keyword.internal.KeywordMain.runKeyword(KeywordMain.groovy:68)
	at com.kms.katalon.core.keyword.internal.KeywordMain$runKeyword.call(Unknown Source)
	at com.kms.katalon.core.cucumber.keyword.CucumberBuiltinKeywords.runFeatureFile(CucumberBuiltinKeywords.groovy:46)
	at com.kms.katalon.core.cucumber.keyword.CucumberBuiltinKeywords$runFeatureFile$0.callStatic(Unknown Source)
	at com.kms.katalon.core.cucumber.keyword.CucumberBuiltinKeywords.runFeatureFile(CucumberBuiltinKeywords.groovy:169)
	at com.kms.katalon.core.cucumber.keyword.CucumberBuiltinKeywords$runFeatureFile.call(Unknown Source)
	at TC BLIBLI - Pick Mistake Without Write Textarea Note Before.run(TC BLIBLI - Pick Mistake Without Write Textarea Note Before:18)
	at com.kms.katalon.core.main.ScriptEngine.run(ScriptEngine.java:194)
	at com.kms.katalon.core.main.ScriptEngine.runScriptAsRawText(ScriptEngine.java:119)
	at com.kms.katalon.core.main.TestCaseExecutor.runScript(TestCaseExecutor.java:339)
	at com.kms.katalon.core.main.TestCaseExecutor.doExecute(TestCaseExecutor.java:330)
	at com.kms.katalon.core.main.TestCaseExecutor.processExecutionPhase(TestCaseExecutor.java:309)
	at com.kms.katalon.core.main.TestCaseExecutor.accessMainPhase(TestCaseExecutor.java:301)
	at com.kms.katalon.core.main.TestCaseExecutor.execute(TestCaseExecutor.java:235)
	at com.kms.katalon.core.main.TestSuiteExecutor.accessTestCaseMainPhase(TestSuiteExecutor.java:191)
	at com.kms.katalon.core.main.TestSuiteExecutor.accessTestSuiteMainPhase(TestSuiteExecutor.java:141)
	at com.kms.katalon.core.main.TestSuiteExecutor.execute(TestSuiteExecutor.java:90)
	at com.kms.katalon.core.main.TestCaseMain.startTestSuite(TestCaseMain.java:157)
	at com.kms.katalon.core.main.TestCaseMain$startTestSuite$0.call(Unknown Source)
	at TempTestSuite1606119238455.run(TempTestSuite1606119238455.groovy:39)
Caused by: java.lang.IndexOutOfBoundsException: Index: 0, Size: 0
	at com.kms.katalon.core.webui.common.WebUiCommonHelper.buildLocator(WebUiCommonHelper.java:519)
	at com.kms.katalon.core.webui.common.WebUiCommonHelper.findElementByNormalMethods(WebUiCommonHelper.java:985)
	at com.kms.katalon.core.webui.common.WebUiCommonHelper.findElementsBySelectedMethod(WebUiCommonHelper.java:894)
	at com.kms.katalon.core.webui.common.WebUiCommonHelper.findElementsWithSelfHealing(WebUiCommonHelper.java:791)
	at com.kms.katalon.core.webui.common.WebUiCommonHelper.findWebElements(WebUiCommonHelper.java:717)
	at com.kms.katalon.core.webui.common.WebUiCommonHelper.findWebElement(WebUiCommonHelper.java:1349)
	at com.kms.katalon.core.webui.keyword.internal.WebUIAbstractKeyword.findWebElement(WebUIAbstractKeyword.groovy:27)
	at com.kms.katalon.core.webui.keyword.internal.WebUIAbstractKeyword.findWebElement(WebUIAbstractKeyword.groovy:26)
	at com.kms.katalon.core.webui.keyword.builtin.ScrollToElementKeyword$_scrollToElement_closure1.doCall(ScrollToElementKeyword.groovy:79)
	at com.kms.katalon.core.webui.keyword.builtin.ScrollToElementKeyword$_scrollToElement_closure1.call(ScrollToElementKeyword.groovy)
	at com.kms.katalon.core.webui.keyword.internal.WebUIKeywordMain.runKeyword(WebUIKeywordMain.groovy:20)
	at com.kms.katalon.core.webui.keyword.builtin.ScrollToElementKeyword.scrollToElement(ScrollToElementKeyword.groovy:88)
	at com.kms.katalon.core.webui.keyword.builtin.ScrollToElementKeyword.execute(ScrollToElementKeyword.groovy:68)
	at com.kms.katalon.core.keyword.internal.KeywordExecutor.executeKeywordForPlatform(KeywordExecutor.groovy:73)
	at com.kms.katalon.core.webui.keyword.WebUiBuiltInKeywords.scrollToElement(WebUiBuiltInKeywords.groovy:3001)
	at com.kms.katalon.core.webui.keyword.WebUiBuiltInKeywords$scrollToElement$10.call(Unknown Source)
	at ist_real.Contract_Dispatcher.CheckUsername(Contract_Dispatcher.groovy:679)
	at cucumber.runtime.Utils$1.call(Utils.java:26)
	at cucumber.runtime.Timeout.timeout(Timeout.java:16)
	at cucumber.runtime.Utils.invoke(Utils.java:20)
	at cucumber.runtime.java.JavaStepDefinition.execute(JavaStepDefinition.java:48)
	at cucumber.runtime.PickleStepDefinitionMatch.runStep(PickleStepDefinitionMatch.java:50)
	at cucumber.runner.TestStep.executeStep(TestStep.java:55)
	at cucumber.runner.TestStep.run(TestStep.java:42)
	at cucumber.runner.PickleStepTestStep.run(PickleStepTestStep.java:53)
	at cucumber.runner.TestCase.run(TestCase.java:47)
	at cucumber.runner.Runner.runPickle(Runner.java:44)
	at cucumber.runtime.Runtime.runFeature(Runtime.java:120)
	at cucumber.runtime.Runtime.run(Runtime.java:106)
	at cucumber.api.cli.Main.run(Main.java:35)
	at cucumber.api.cli.Main$run.call(Unknown Source)
	at com.kms.katalon.core.cucumber.keyword.CucumberBuiltinKeywords$_runFeatureFile_closure1.doCall(CucumberBuiltinKeywords.groovy:76)
	at com.kms.katalon.core.cucumber.keyword.CucumberBuiltinKeywords$_runFeatureFile_closure1.doCall(CucumberBuiltinKeywords.groovy)
	at com.kms.katalon.core.keyword.internal.KeywordMain.runKeyword(KeywordMain.groovy:68)
	at com.kms.katalon.core.keyword.internal.KeywordMain$runKeyword.call(Unknown Source)
	at com.kms.katalon.core.cucumber.keyword.CucumberBuiltinKeywords.runFeatureFile(CucumberBuiltinKeywords.groovy:46)
	at com.kms.katalon.core.cucumber.keyword.CucumberBuiltinKeywords$runFeatureFile$0.callStatic(Unknown Source)
	at com.kms.katalon.core.cucumber.keyword.CucumberBuiltinKeywords.runFeatureFile(CucumberBuiltinKeywords.groovy:169)
	at com.kms.katalon.core.cucumber.keyword.CucumberBuiltinKeywords$runFeatureFile.call(Unknown Source)
	at Script1602687579697.run(Script1602687579697.groovy:18)
	... 13 more
)
[[ATTACHMENT|/Users/chaidir.pratama01/Katalon Studio/IST_Automation_Git/Reports/20201123_151358/CONTRACT_DISPATCHER_DONA_B2B/TS_BLIBLI/20201123_151358/1606119502293.png]]

2020-11-23 15:18:22 - [MESSAGE][FAILED] - Check for username if already assigned to "DONA B2B" FAILED.
Reason:
com.kms.katalon.core.exception.StepFailedException: Unable to scroll to object ''
	at com.kms.katalon.core.webui.keyword.internal.WebUIKeywordMain.stepFailed(WebUIKeywordMain.groovy:64)
	at com.kms.katalon.core.webui.keyword.internal.WebUIKeywordMain.runKeyword(WebUIKeywordMain.groovy:26)
	at com.kms.katalon.core.webui.keyword.builtin.ScrollToElementKeyword.scrollToElement(ScrollToElementKeyword.groovy:88)
	at com.kms.katalon.core.webui.keyword.builtin.ScrollToElementKeyword.execute(ScrollToElementKeyword.groovy:68)
	at com.kms.katalon.core.keyword.internal.KeywordExecutor.executeKeywordForPlatform(KeywordExecutor.groovy:73)
	at com.kms.katalon.core.webui.keyword.WebUiBuiltInKeywords.scrollToElement(WebUiBuiltInKeywords.groovy:3001)
	at com.kms.katalon.core.webui.keyword.WebUiBuiltInKeywords$scrollToElement$10.call(Unknown Source)
	at ist_real.Contract_Dispatcher.CheckUsername(Contract_Dispatcher.groovy:679)
	at ✽.Check for username if already assigned to "DONA B2B"(/Users/chaidir.pratama01/Katalon Studio/IST_Automation_Git/Include/features/IST_Real/CONTRACT_DISPATCHER_DONA_B2B/BLIBLI/Pick_Mistake_Without_Write_Textarea_Note_Before.feature:33)
Caused by: java.lang.IndexOutOfBoundsException: Index: 0, Size: 0
	at com.kms.katalon.core.webui.common.WebUiCommonHelper.buildLocator(WebUiCommonHelper.java:519)
	at com.kms.katalon.core.webui.common.WebUiCommonHelper.findElementByNormalMethods(WebUiCommonHelper.java:985)
	at com.kms.katalon.core.webui.common.WebUiCommonHelper.findElementsBySelectedMethod(WebUiCommonHelper.java:894)
	at com.kms.katalon.core.webui.common.WebUiCommonHelper.findElementsWithSelfHealing(WebUiCommonHelper.java:791)
	at com.kms.katalon.core.webui.common.WebUiCommonHelper.findWebElements(WebUiCommonHelper.java:717)
	at com.kms.katalon.core.webui.common.WebUiCommonHelper.findWebElement(WebUiCommonHelper.java:1349)
	at com.kms.katalon.core.webui.keyword.internal.WebUIAbstractKeyword.findWebElement(WebUIAbstractKeyword.groovy:27)
	at com.kms.katalon.core.webui.keyword.internal.WebUIAbstractKeyword.findWebElement(WebUIAbstractKeyword.groovy:26)
	at com.kms.katalon.core.webui.keyword.builtin.ScrollToElementKeyword$_scrollToElement_closure1.doCall(ScrollToElementKeyword.groovy:79)
	at com.kms.katalon.core.webui.keyword.builtin.ScrollToElementKeyword$_scrollToElement_closure1.call(ScrollToElementKeyword.groovy)
	at com.kms.katalon.core.webui.keyword.internal.WebUIKeywordMain.runKeyword(WebUIKeywordMain.groovy:20)
	at com.kms.katalon.core.webui.keyword.builtin.ScrollToElementKeyword.scrollToElement(ScrollToElementKeyword.groovy:88)
	at com.kms.katalon.core.webui.keyword.builtin.ScrollToElementKeyword.execute(ScrollToElementKeyword.groovy:68)
	at com.kms.katalon.core.keyword.internal.KeywordExecutor.executeKeywordForPlatform(KeywordExecutor.groovy:73)
	at com.kms.katalon.core.webui.keyword.WebUiBuiltInKeywords.scrollToElement(WebUiBuiltInKeywords.groovy:3001)
	at com.kms.katalon.core.webui.keyword.WebUiBuiltInKeywords$scrollToElement$10.call(Unknown Source)
	at ist_real.Contract_Dispatcher.CheckUsername(Contract_Dispatcher.groovy:679)
	at cucumber.runtime.Utils$1.call(Utils.java:26)
	at cucumber.runtime.Timeout.timeout(Timeout.java:16)
	at cucumber.runtime.Utils.invoke(Utils.java:20)
	at cucumber.runtime.java.JavaStepDefinition.execute(JavaStepDefinition.java:48)
	at cucumber.runtime.PickleStepDefinitionMatch.runStep(PickleStepDefinitionMatch.java:50)
	at cucumber.runner.TestStep.executeStep(TestStep.java:55)
	at cucumber.runner.TestStep.run(TestStep.java:42)
	at cucumber.runner.PickleStepTestStep.run(PickleStepTestStep.java:53)
	at cucumber.runner.TestCase.run(TestCase.java:47)
	at cucumber.runner.Runner.runPickle(Runner.java:44)
	at cucumber.runtime.Runtime.runFeature(Runtime.java:120)
	at cucumber.runtime.Runtime.run(Runtime.java:106)
	at cucumber.api.cli.Main.run(Main.java:35)
	at cucumber.api.cli.Main$run.call(Unknown Source)
	at com.kms.katalon.core.cucumber.keyword.CucumberBuiltinKeywords$_runFeatureFile_closure1.doCall(CucumberBuiltinKeywords.groovy:76)
	at com.kms.katalon.core.cucumber.keyword.CucumberBuiltinKeywords$_runFeatureFile_closure1.doCall(CucumberBuiltinKeywords.groovy)
	at com.kms.katalon.core.keyword.internal.KeywordMain.runKeyword(KeywordMain.groovy:68)
	at com.kms.katalon.core.keyword.internal.KeywordMain$runKeyword.call(Unknown Source)
	at com.kms.katalon.core.cucumber.keyword.CucumberBuiltinKeywords.runFeatureFile(CucumberBuiltinKeywords.groovy:46)
	at com.kms.katalon.core.cucumber.keyword.CucumberBuiltinKeywords$runFeatureFile$0.callStatic(Unknown Source)
	at com.kms.katalon.core.cucumber.keyword.CucumberBuiltinKeywords.runFeatureFile(CucumberBuiltinKeywords.groovy:169)
	at com.kms.katalon.core.cucumber.keyword.CucumberBuiltinKeywords$runFeatureFile.call(Unknown Source)
	at TC BLIBLI - Pick Mistake Without Write Textarea Note Before.run(TC BLIBLI - Pick Mistake Without Write Textarea Note Before:18)
	at com.kms.katalon.core.main.ScriptEngine.run(ScriptEngine.java:194)
	at com.kms.katalon.core.main.ScriptEngine.runScriptAsRawText(ScriptEngine.java:119)
	at com.kms.katalon.core.main.TestCaseExecutor.runScript(TestCaseExecutor.java:339)
	at com.kms.katalon.core.main.TestCaseExecutor.doExecute(TestCaseExecutor.java:330)
	at com.kms.katalon.core.main.TestCaseExecutor.processExecutionPhase(TestCaseExecutor.java:309)
	at com.kms.katalon.core.main.TestCaseExecutor.accessMainPhase(TestCaseExecutor.java:301)
	at com.kms.katalon.core.main.TestCaseExecutor.execute(TestCaseExecutor.java:235)
	at com.kms.katalon.core.main.TestSuiteExecutor.accessTestCaseMainPhase(TestSuiteExecutor.java:191)
	at com.kms.katalon.core.main.TestSuiteExecutor.accessTestSuiteMainPhase(TestSuiteExecutor.java:141)
	at com.kms.katalon.core.main.TestSuiteExecutor.execute(TestSuiteExecutor.java:90)
	at com.kms.katalon.core.main.TestCaseMain.startTestSuite(TestCaseMain.java:157)
	at com.kms.katalon.core.main.TestCaseMain$startTestSuite$0.call(Unknown Source)
	at TempTestSuite1606119238455.run(TempTestSuite1606119238455.groovy:39)


2020-11-23 15:18:22 - [TEST_STEP][NOT_RUN] - Wait page for load: Wait page for load

2020-11-23 15:18:22 - [MESSAGE][NOT_RUN] - Wait page for load

2020-11-23 15:18:22 - [TEST_STEP][NOT_RUN] - Click button "Logout": Click button "Logout"

2020-11-23 15:18:22 - [MESSAGE][NOT_RUN] - Click button "Logout"

2020-11-23 15:18:22 - [TEST_STEP][NOT_RUN] - Close browser: Close browser

2020-11-23 15:18:22 - [MESSAGE][NOT_RUN] - Close browser

2020-11-23 15:18:22 - [TEST_CASE][FAILED] - Start Test Case : SCENARIO Select Menu Contract Dispatcher and Select Contract based on type contract DONA BLIBLI: SCENARIO Select Menu Contract Dispatcher and Select Contract based on type contract DONA BLIBLI FAILED.
Reason:
com.kms.katalon.core.exception.StepFailedException: Unable to verify object '' is present
	at com.kms.katalon.core.webui.keyword.internal.WebUIKeywordMain.stepFailed(WebUIKeywordMain.groovy:64)
	at com.kms.katalon.core.webui.keyword.internal.WebUIKeywordMain.runKeyword(WebUIKeywordMain.groovy:26)
	at com.kms.katalon.core.webui.keyword.builtin.VerifyElementPresentKeyword.verifyElementPresent(VerifyElementPresentKeyword.groovy:92)
	at com.kms.katalon.core.webui.keyword.builtin.VerifyElementPresentKeyword.execute(VerifyElementPresentKeyword.groovy:68)
	at com.kms.katalon.core.keyword.internal.KeywordExecutor.executeKeywordForPlatform(KeywordExecutor.groovy:73)
	at com.kms.katalon.core.webui.keyword.WebUiBuiltInKeywords.verifyElementPresent(WebUiBuiltInKeywords.groovy:1460)
	at com.kms.katalon.core.webui.keyword.WebUiBuiltInKeywords$verifyElementPresent$6.call(Unknown Source)
	at ist_real.Contract_Dispatcher.clickonTab(Contract_Dispatcher.groovy:1191)
	at ✽.Click on Tab "KTP"(/Users/chaidir.pratama01/Katalon Studio/IST_Automation_Git/Include/features/IST_Real/CONTRACT_DISPATCHER_DONA_B2B/BLIBLI/Pick_Mistake_Without_Write_Textarea_Note_Before.feature:49)
Caused by: com.kms.katalon.core.exception.StepFailedException: com.kms.katalon.core.webui.exception.WebElementNotFoundException: Web element with id: '' located by '//span[@class='z-tab-text' and contains(text(),'KTP')]' not found
	at com.kms.katalon.core.webui.keyword.internal.WebUIKeywordMain.stepFailed(WebUIKeywordMain.groovy:64)
	at com.kms.katalon.core.webui.keyword.builtin.VerifyElementPresentKeyword$_verifyElementPresent_closure1.doCall(VerifyElementPresentKeyword.groovy:85)
	at com.kms.katalon.core.webui.keyword.builtin.VerifyElementPresentKeyword$_verifyElementPresent_closure1.call(VerifyElementPresentKeyword.groovy)
	at com.kms.katalon.core.webui.keyword.internal.WebUIKeywordMain.runKeyword(WebUIKeywordMain.groovy:20)
	at com.kms.katalon.core.webui.keyword.builtin.VerifyElementPresentKeyword.verifyElementPresent(VerifyElementPresentKeyword.groovy:92)
	at com.kms.katalon.core.webui.keyword.builtin.VerifyElementPresentKeyword.execute(VerifyElementPresentKeyword.groovy:68)
	at com.kms.katalon.core.keyword.internal.KeywordExecutor.executeKeywordForPlatform(KeywordExecutor.groovy:73)
	at com.kms.katalon.core.webui.keyword.WebUiBuiltInKeywords.verifyElementPresent(WebUiBuiltInKeywords.groovy:1460)
	at com.kms.katalon.core.webui.keyword.WebUiBuiltInKeywords$verifyElementPresent$6.call(Unknown Source)
	at ist_real.Contract_Dispatcher.clickonTab(Contract_Dispatcher.groovy:1191)
	at cucumber.runtime.Utils$1.call(Utils.java:26)
	at cucumber.runtime.Timeout.timeout(Timeout.java:16)
	at cucumber.runtime.Utils.invoke(Utils.java:20)
	at cucumber.runtime.java.JavaStepDefinition.execute(JavaStepDefinition.java:48)
	at cucumber.runtime.PickleStepDefinitionMatch.runStep(PickleStepDefinitionMatch.java:50)
	at cucumber.runner.TestStep.executeStep(TestStep.java:55)
	at cucumber.runner.TestStep.run(TestStep.java:42)
	at cucumber.runner.PickleStepTestStep.run(PickleStepTestStep.java:53)
	at cucumber.runner.TestCase.run(TestCase.java:47)
	at cucumber.runner.Runner.runPickle(Runner.java:44)
	at cucumber.runtime.Runtime.runFeature(Runtime.java:120)
	at cucumber.runtime.Runtime.run(Runtime.java:106)
	at cucumber.api.cli.Main.run(Main.java:35)
	at cucumber.api.cli.Main$run.call(Unknown Source)
	at com.kms.katalon.core.cucumber.keyword.CucumberBuiltinKeywords$_runFeatureFile_closure1.doCall(CucumberBuiltinKeywords.groovy:76)
	at com.kms.katalon.core.cucumber.keyword.CucumberBuiltinKeywords$_runFeatureFile_closure1.doCall(CucumberBuiltinKeywords.groovy)
	at com.kms.katalon.core.keyword.internal.KeywordMain.runKeyword(KeywordMain.groovy:68)
	at com.kms.katalon.core.keyword.internal.KeywordMain$runKeyword.call(Unknown Source)
	at com.kms.katalon.core.cucumber.keyword.CucumberBuiltinKeywords.runFeatureFile(CucumberBuiltinKeywords.groovy:46)
	at com.kms.katalon.core.cucumber.keyword.CucumberBuiltinKeywords$runFeatureFile$0.callStatic(Unknown Source)
	at com.kms.katalon.core.cucumber.keyword.CucumberBuiltinKeywords.runFeatureFile(CucumberBuiltinKeywords.groovy:169)
	at com.kms.katalon.core.cucumber.keyword.CucumberBuiltinKeywords$runFeatureFile.call(Unknown Source)
	at TC BLIBLI - Pick Mistake Without Write Textarea Note Before.run(TC BLIBLI - Pick Mistake Without Write Textarea Note Before:18)
	at com.kms.katalon.core.main.ScriptEngine.run(ScriptEngine.java:194)
	at com.kms.katalon.core.main.ScriptEngine.runScriptAsRawText(ScriptEngine.java:119)
	at com.kms.katalon.core.main.TestCaseExecutor.runScript(TestCaseExecutor.java:339)
	at com.kms.katalon.core.main.TestCaseExecutor.doExecute(TestCaseExecutor.java:330)
	at com.kms.katalon.core.main.TestCaseExecutor.processExecutionPhase(TestCaseExecutor.java:309)
	at com.kms.katalon.core.main.TestCaseExecutor.accessMainPhase(TestCaseExecutor.java:301)
	at com.kms.katalon.core.main.TestCaseExecutor.execute(TestCaseExecutor.java:235)
	at com.kms.katalon.core.main.TestSuiteExecutor.accessTestCaseMainPhase(TestSuiteExecutor.java:191)
	at com.kms.katalon.core.main.TestSuiteExecutor.accessTestSuiteMainPhase(TestSuiteExecutor.java:141)
	at com.kms.katalon.core.main.TestSuiteExecutor.execute(TestSuiteExecutor.java:90)
	at com.kms.katalon.core.main.TestCaseMain.startTestSuite(TestCaseMain.java:157)
	at com.kms.katalon.core.main.TestCaseMain$startTestSuite$0.call(Unknown Source)
	at TempTestSuite1606119238455.run(TempTestSuite1606119238455.groovy:39)


2020-11-23 15:18:22 - [TEST_STEP][PASSED] - Go to IST: Go to IST

2020-11-23 15:18:22 - [MESSAGE][WARNING] - A browser is already opened. Closing browser and opening a new one

2020-11-23 15:18:22 - [MESSAGE][INFO] - Starting 'Chrome (headless)' driver

2020-11-23 15:18:22 - [MESSAGE][INFO] - User set preference: ['args', '[--start-maximized, --disable-gpu, --no-proxy-server, –-no-sandbox, --allow-running-insecure-content, --ignore-certificate-errors, window-size=1680,814, force-device-scale-factor=2, --lang=en-GB]']

2020-11-23 15:18:22 - [MESSAGE][INFO] - Action delay is set to 0 milliseconds

2020-11-23 15:18:23 - [MESSAGE][PASSED] - Browser is opened with url: ''

2020-11-23 15:18:24 - [MESSAGE][PASSED] - Navigate to 'https://dev-ist.homecredit.id/ist_tracker/' successfully

2020-11-23 15:18:25 - [MESSAGE][PASSED] - Taking screenshot successfully
[[ATTACHMENT|/Users/chaidir.pratama01/Documents/Docs/Katalon Studio/Screenshot/IST_Page.png]]

2020-11-23 15:18:25 - [MESSAGE][PASSED] - Go to IST

2020-11-23 15:18:25 - [TEST_STEP][PASSED] - Login IST with valid credentials: Login IST with valid credentials

2020-11-23 15:18:25 - [MESSAGE][PASSED] - Text 'mobile.test' is set on object 'Object Repository/Page_/input_Username_j_username'

2020-11-23 15:18:25 - [MESSAGE][PASSED] - Text ****** has been set on object 'Object Repository/Page_/input_Password_j_password'

2020-11-23 15:18:26 - [MESSAGE][PASSED] - Object: 'Object Repository/Page_/button_Login' is clicked on

2020-11-23 15:18:26 - [MESSAGE][PASSED] - Login IST with valid credentials

2020-11-23 15:18:26 - [TEST_STEP][PASSED] - Login Success for contract dispatcher: Login Success for contract dispatcher

2020-11-23 15:18:26 - [MESSAGE][INFO] - Login Success

2020-11-23 15:18:26 - [MESSAGE][PASSED] - Current window maximized

2020-11-23 15:18:26 - [MESSAGE][PASSED] - Object 'Object Repository/Page_/h1_Welcome to IT Supporting Tools' is present

2020-11-23 15:18:26 - [MESSAGE][PASSED] - Login Success for contract dispatcher

2020-11-23 15:18:26 - [TEST_STEP][PASSED] - Select Menu "Contract Dispatcher": Select Menu "Contract Dispatcher"

2020-11-23 15:18:26 - [MESSAGE][PASSED] - Taking screenshot successfully
[[ATTACHMENT|/Users/chaidir.pratama01/Documents/Docs/Katalon Studio/Screenshot/test-Contract Dispatcher.png]]

2020-11-23 15:18:26 - [MESSAGE][PASSED] - Object '' is present

2020-11-23 15:18:26 - [MESSAGE][PASSED] - Object: '' is clicked on

2020-11-23 15:18:26 - [MESSAGE][PASSED] - Wait for page load successfully

2020-11-23 15:18:26 - [MESSAGE][PASSED] - Select Menu "Contract Dispatcher"

2020-11-23 15:18:26 - [TEST_STEP][PASSED] - Select Contract Number based on Type Contract "DONA BliBLi": Select Contract Number based on Type Contract "DONA BliBLi"

2020-11-23 15:18:26 - [MESSAGE][PASSED] - Object '' is present

2020-11-23 15:18:26 - [MESSAGE][PASSED] - Select Contract Number based on Type Contract "DONA BliBLi"

2020-11-23 15:18:26 - [TEST_STEP][PASSED] - Click button "Claim": Click button "Claim"

2020-11-23 15:18:26 - [MESSAGE][INFO] - >>>>>//Button[contains(text(),'Claim')]

2020-11-23 15:18:29 - [MESSAGE][PASSED] - Object: '' is clicked on

2020-11-23 15:18:30 - [MESSAGE][PASSED] - Taking screenshot successfully
[[ATTACHMENT|/Users/chaidir.pratama01/Documents/Docs/Katalon Studio/Screenshot/upload.png]]

2020-11-23 15:18:30 - [MESSAGE][PASSED] - Click button "Claim"

2020-11-23 15:18:30 - [TEST_STEP][PASSED] - Verify Tab Mistake Matrix Base on Type Contract: Verify Tab Mistake Matrix Base on Type Contract

2020-11-23 15:18:30 - [MESSAGE][PASSED] - Verify Tab Mistake Matrix Base on Type Contract

2020-11-23 15:18:30 - [TEST_STEP][PASSED] - Varify the mistake detail already match with the matrix Base on Type Contract: Varify the mistake detail already match with the matrix Base on Type Contract

2020-11-23 15:18:30 - [MESSAGE][PASSED] - Varify the mistake detail already match with the matrix Base on Type Contract

2020-11-23 15:18:30 - [TEST_STEP][FAILED] - Click on Tab "KTP": Click on Tab "KTP" FAILED.
Reason:
com.kms.katalon.core.exception.StepFailedException: Unable to verify object '' is present
	at com.kms.katalon.core.webui.keyword.internal.WebUIKeywordMain.stepFailed(WebUIKeywordMain.groovy:64)
	at com.kms.katalon.core.webui.keyword.internal.WebUIKeywordMain.runKeyword(WebUIKeywordMain.groovy:26)
	at com.kms.katalon.core.webui.keyword.builtin.VerifyElementPresentKeyword.verifyElementPresent(VerifyElementPresentKeyword.groovy:92)
	at com.kms.katalon.core.webui.keyword.builtin.VerifyElementPresentKeyword.execute(VerifyElementPresentKeyword.groovy:68)
	at com.kms.katalon.core.keyword.internal.KeywordExecutor.executeKeywordForPlatform(KeywordExecutor.groovy:73)
	at com.kms.katalon.core.webui.keyword.WebUiBuiltInKeywords.verifyElementPresent(WebUiBuiltInKeywords.groovy:1460)
	at com.kms.katalon.core.webui.keyword.WebUiBuiltInKeywords$verifyElementPresent$6.call(Unknown Source)
	at ist_real.Contract_Dispatcher.clickonTab(Contract_Dispatcher.groovy:1191)
	at ✽.Click on Tab "KTP"(/Users/chaidir.pratama01/Katalon Studio/IST_Automation_Git/Include/features/IST_Real/CONTRACT_DISPATCHER_DONA_B2B/BLIBLI/Pick_Mistake_Without_Write_Textarea_Note_Before.feature:49)
Caused by: com.kms.katalon.core.exception.StepFailedException: com.kms.katalon.core.webui.exception.WebElementNotFoundException: Web element with id: '' located by '//span[@class='z-tab-text' and contains(text(),'KTP')]' not found
	at com.kms.katalon.core.webui.keyword.internal.WebUIKeywordMain.stepFailed(WebUIKeywordMain.groovy:64)
	at com.kms.katalon.core.webui.keyword.builtin.VerifyElementPresentKeyword$_verifyElementPresent_closure1.doCall(VerifyElementPresentKeyword.groovy:85)
	at com.kms.katalon.core.webui.keyword.builtin.VerifyElementPresentKeyword$_verifyElementPresent_closure1.call(VerifyElementPresentKeyword.groovy)
	at com.kms.katalon.core.webui.keyword.internal.WebUIKeywordMain.runKeyword(WebUIKeywordMain.groovy:20)
	at com.kms.katalon.core.webui.keyword.builtin.VerifyElementPresentKeyword.verifyElementPresent(VerifyElementPresentKeyword.groovy:92)
	at com.kms.katalon.core.webui.keyword.builtin.VerifyElementPresentKeyword.execute(VerifyElementPresentKeyword.groovy:68)
	at com.kms.katalon.core.keyword.internal.KeywordExecutor.executeKeywordForPlatform(KeywordExecutor.groovy:73)
	at com.kms.katalon.core.webui.keyword.WebUiBuiltInKeywords.verifyElementPresent(WebUiBuiltInKeywords.groovy:1460)
	at com.kms.katalon.core.webui.keyword.WebUiBuiltInKeywords$verifyElementPresent$6.call(Unknown Source)
	at ist_real.Contract_Dispatcher.clickonTab(Contract_Dispatcher.groovy:1191)
	at cucumber.runtime.Utils$1.call(Utils.java:26)
	at cucumber.runtime.Timeout.timeout(Timeout.java:16)
	at cucumber.runtime.Utils.invoke(Utils.java:20)
	at cucumber.runtime.java.JavaStepDefinition.execute(JavaStepDefinition.java:48)
	at cucumber.runtime.PickleStepDefinitionMatch.runStep(PickleStepDefinitionMatch.java:50)
	at cucumber.runner.TestStep.executeStep(TestStep.java:55)
	at cucumber.runner.TestStep.run(TestStep.java:42)
	at cucumber.runner.PickleStepTestStep.run(PickleStepTestStep.java:53)
	at cucumber.runner.TestCase.run(TestCase.java:47)
	at cucumber.runner.Runner.runPickle(Runner.java:44)
	at cucumber.runtime.Runtime.runFeature(Runtime.java:120)
	at cucumber.runtime.Runtime.run(Runtime.java:106)
	at cucumber.api.cli.Main.run(Main.java:35)
	at cucumber.api.cli.Main$run.call(Unknown Source)
	at com.kms.katalon.core.cucumber.keyword.CucumberBuiltinKeywords$_runFeatureFile_closure1.doCall(CucumberBuiltinKeywords.groovy:76)
	at com.kms.katalon.core.cucumber.keyword.CucumberBuiltinKeywords$_runFeatureFile_closure1.doCall(CucumberBuiltinKeywords.groovy)
	at com.kms.katalon.core.keyword.internal.KeywordMain.runKeyword(KeywordMain.groovy:68)
	at com.kms.katalon.core.keyword.internal.KeywordMain$runKeyword.call(Unknown Source)
	at com.kms.katalon.core.cucumber.keyword.CucumberBuiltinKeywords.runFeatureFile(CucumberBuiltinKeywords.groovy:46)
	at com.kms.katalon.core.cucumber.keyword.CucumberBuiltinKeywords$runFeatureFile$0.callStatic(Unknown Source)
	at com.kms.katalon.core.cucumber.keyword.CucumberBuiltinKeywords.runFeatureFile(CucumberBuiltinKeywords.groovy:169)
	at com.kms.katalon.core.cucumber.keyword.CucumberBuiltinKeywords$runFeatureFile.call(Unknown Source)
	at TC BLIBLI - Pick Mistake Without Write Textarea Note Before.run(TC BLIBLI - Pick Mistake Without Write Textarea Note Before:18)
	at com.kms.katalon.core.main.ScriptEngine.run(ScriptEngine.java:194)
	at com.kms.katalon.core.main.ScriptEngine.runScriptAsRawText(ScriptEngine.java:119)
	at com.kms.katalon.core.main.TestCaseExecutor.runScript(TestCaseExecutor.java:339)
	at com.kms.katalon.core.main.TestCaseExecutor.doExecute(TestCaseExecutor.java:330)
	at com.kms.katalon.core.main.TestCaseExecutor.processExecutionPhase(TestCaseExecutor.java:309)
	at com.kms.katalon.core.main.TestCaseExecutor.accessMainPhase(TestCaseExecutor.java:301)
	at com.kms.katalon.core.main.TestCaseExecutor.execute(TestCaseExecutor.java:235)
	at com.kms.katalon.core.main.TestSuiteExecutor.accessTestCaseMainPhase(TestSuiteExecutor.java:191)
	at com.kms.katalon.core.main.TestSuiteExecutor.accessTestSuiteMainPhase(TestSuiteExecutor.java:141)
	at com.kms.katalon.core.main.TestSuiteExecutor.execute(TestSuiteExecutor.java:90)
	at com.kms.katalon.core.main.TestCaseMain.startTestSuite(TestCaseMain.java:157)
	at com.kms.katalon.core.main.TestCaseMain$startTestSuite$0.call(Unknown Source)
	at TempTestSuite1606119238455.run(TempTestSuite1606119238455.groovy:39)


2020-11-23 15:19:01 - [MESSAGE][INFO] - Unable to find the element located by 'By.xpath: //span[@class='z-tab-text' and contains(text(),'KTP')]'. Please recheck the objects properties to make sure the desired element is located. 

2020-11-23 15:19:01 - [MESSAGE][FAILED] - com.kms.katalon.core.webui.exception.WebElementNotFoundException: Web element with id: '' located by '//span[@class='z-tab-text' and contains(text(),'KTP')]' not found (Root cause: com.kms.katalon.core.exception.StepFailedException: com.kms.katalon.core.webui.exception.WebElementNotFoundException: Web element with id: '' located by '//span[@class='z-tab-text' and contains(text(),'KTP')]' not found
	at com.kms.katalon.core.webui.keyword.internal.WebUIKeywordMain.stepFailed(WebUIKeywordMain.groovy:64)
	at com.kms.katalon.core.webui.keyword.builtin.VerifyElementPresentKeyword$_verifyElementPresent_closure1.doCall(VerifyElementPresentKeyword.groovy:85)
	at com.kms.katalon.core.webui.keyword.builtin.VerifyElementPresentKeyword$_verifyElementPresent_closure1.call(VerifyElementPresentKeyword.groovy)
	at com.kms.katalon.core.webui.keyword.internal.WebUIKeywordMain.runKeyword(WebUIKeywordMain.groovy:20)
	at com.kms.katalon.core.webui.keyword.builtin.VerifyElementPresentKeyword.verifyElementPresent(VerifyElementPresentKeyword.groovy:92)
	at com.kms.katalon.core.webui.keyword.builtin.VerifyElementPresentKeyword.execute(VerifyElementPresentKeyword.groovy:68)
	at com.kms.katalon.core.keyword.internal.KeywordExecutor.executeKeywordForPlatform(KeywordExecutor.groovy:73)
	at com.kms.katalon.core.webui.keyword.WebUiBuiltInKeywords.verifyElementPresent(WebUiBuiltInKeywords.groovy:1460)
	at com.kms.katalon.core.webui.keyword.WebUiBuiltInKeywords$verifyElementPresent$6.call(Unknown Source)
	at ist_real.Contract_Dispatcher.clickonTab(Contract_Dispatcher.groovy:1191)
	at cucumber.runtime.Utils$1.call(Utils.java:26)
	at cucumber.runtime.Timeout.timeout(Timeout.java:16)
	at cucumber.runtime.Utils.invoke(Utils.java:20)
	at cucumber.runtime.java.JavaStepDefinition.execute(JavaStepDefinition.java:48)
	at cucumber.runtime.PickleStepDefinitionMatch.runStep(PickleStepDefinitionMatch.java:50)
	at cucumber.runner.TestStep.executeStep(TestStep.java:55)
	at cucumber.runner.TestStep.run(TestStep.java:42)
	at cucumber.runner.PickleStepTestStep.run(PickleStepTestStep.java:53)
	at cucumber.runner.TestCase.run(TestCase.java:47)
	at cucumber.runner.Runner.runPickle(Runner.java:44)
	at cucumber.runtime.Runtime.runFeature(Runtime.java:120)
	at cucumber.runtime.Runtime.run(Runtime.java:106)
	at cucumber.api.cli.Main.run(Main.java:35)
	at cucumber.api.cli.Main$run.call(Unknown Source)
	at com.kms.katalon.core.cucumber.keyword.CucumberBuiltinKeywords$_runFeatureFile_closure1.doCall(CucumberBuiltinKeywords.groovy:76)
	at com.kms.katalon.core.cucumber.keyword.CucumberBuiltinKeywords$_runFeatureFile_closure1.doCall(CucumberBuiltinKeywords.groovy)
	at com.kms.katalon.core.keyword.internal.KeywordMain.runKeyword(KeywordMain.groovy:68)
	at com.kms.katalon.core.keyword.internal.KeywordMain$runKeyword.call(Unknown Source)
	at com.kms.katalon.core.cucumber.keyword.CucumberBuiltinKeywords.runFeatureFile(CucumberBuiltinKeywords.groovy:46)
	at com.kms.katalon.core.cucumber.keyword.CucumberBuiltinKeywords$runFeatureFile$0.callStatic(Unknown Source)
	at com.kms.katalon.core.cucumber.keyword.CucumberBuiltinKeywords.runFeatureFile(CucumberBuiltinKeywords.groovy:169)
	at com.kms.katalon.core.cucumber.keyword.CucumberBuiltinKeywords$runFeatureFile.call(Unknown Source)
	at TC BLIBLI - Pick Mistake Without Write Textarea Note Before.run(TC BLIBLI - Pick Mistake Without Write Textarea Note Before:18)
	at com.kms.katalon.core.main.ScriptEngine.run(ScriptEngine.java:194)
	at com.kms.katalon.core.main.ScriptEngine.runScriptAsRawText(ScriptEngine.java:119)
	at com.kms.katalon.core.main.TestCaseExecutor.runScript(TestCaseExecutor.java:339)
	at com.kms.katalon.core.main.TestCaseExecutor.doExecute(TestCaseExecutor.java:330)
	at com.kms.katalon.core.main.TestCaseExecutor.processExecutionPhase(TestCaseExecutor.java:309)
	at com.kms.katalon.core.main.TestCaseExecutor.accessMainPhase(TestCaseExecutor.java:301)
	at com.kms.katalon.core.main.TestCaseExecutor.execute(TestCaseExecutor.java:235)
	at com.kms.katalon.core.main.TestSuiteExecutor.accessTestCaseMainPhase(TestSuiteExecutor.java:191)
	at com.kms.katalon.core.main.TestSuiteExecutor.accessTestSuiteMainPhase(TestSuiteExecutor.java:141)
	at com.kms.katalon.core.main.TestSuiteExecutor.execute(TestSuiteExecutor.java:90)
	at com.kms.katalon.core.main.TestCaseMain.startTestSuite(TestCaseMain.java:157)
	at com.kms.katalon.core.main.TestCaseMain$startTestSuite$0.call(Unknown Source)
	at TempTestSuite1606119238455.run(TempTestSuite1606119238455.groovy:39)
)
[[ATTACHMENT|/Users/chaidir.pratama01/Katalon Studio/IST_Automation_Git/Reports/20201123_151358/CONTRACT_DISPATCHER_DONA_B2B/TS_BLIBLI/20201123_151358/1606119541502.png]]

2020-11-23 15:19:02 - [MESSAGE][FAILED] - Unable to verify object '' is present (Root cause: com.kms.katalon.core.exception.StepFailedException: Unable to verify object '' is present
	at com.kms.katalon.core.webui.keyword.internal.WebUIKeywordMain.stepFailed(WebUIKeywordMain.groovy:64)
	at com.kms.katalon.core.webui.keyword.internal.WebUIKeywordMain.runKeyword(WebUIKeywordMain.groovy:26)
	at com.kms.katalon.core.webui.keyword.builtin.VerifyElementPresentKeyword.verifyElementPresent(VerifyElementPresentKeyword.groovy:92)
	at com.kms.katalon.core.webui.keyword.builtin.VerifyElementPresentKeyword.execute(VerifyElementPresentKeyword.groovy:68)
	at com.kms.katalon.core.keyword.internal.KeywordExecutor.executeKeywordForPlatform(KeywordExecutor.groovy:73)
	at com.kms.katalon.core.webui.keyword.WebUiBuiltInKeywords.verifyElementPresent(WebUiBuiltInKeywords.groovy:1460)
	at com.kms.katalon.core.webui.keyword.WebUiBuiltInKeywords$verifyElementPresent$6.call(Unknown Source)
	at ist_real.Contract_Dispatcher.clickonTab(Contract_Dispatcher.groovy:1191)
	at cucumber.runtime.Utils$1.call(Utils.java:26)
	at cucumber.runtime.Timeout.timeout(Timeout.java:16)
	at cucumber.runtime.Utils.invoke(Utils.java:20)
	at cucumber.runtime.java.JavaStepDefinition.execute(JavaStepDefinition.java:48)
	at cucumber.runtime.PickleStepDefinitionMatch.runStep(PickleStepDefinitionMatch.java:50)
	at cucumber.runner.TestStep.executeStep(TestStep.java:55)
	at cucumber.runner.TestStep.run(TestStep.java:42)
	at cucumber.runner.PickleStepTestStep.run(PickleStepTestStep.java:53)
	at cucumber.runner.TestCase.run(TestCase.java:47)
	at cucumber.runner.Runner.runPickle(Runner.java:44)
	at cucumber.runtime.Runtime.runFeature(Runtime.java:120)
	at cucumber.runtime.Runtime.run(Runtime.java:106)
	at cucumber.api.cli.Main.run(Main.java:35)
	at cucumber.api.cli.Main$run.call(Unknown Source)
	at com.kms.katalon.core.cucumber.keyword.CucumberBuiltinKeywords$_runFeatureFile_closure1.doCall(CucumberBuiltinKeywords.groovy:76)
	at com.kms.katalon.core.cucumber.keyword.CucumberBuiltinKeywords$_runFeatureFile_closure1.doCall(CucumberBuiltinKeywords.groovy)
	at com.kms.katalon.core.keyword.internal.KeywordMain.runKeyword(KeywordMain.groovy:68)
	at com.kms.katalon.core.keyword.internal.KeywordMain$runKeyword.call(Unknown Source)
	at com.kms.katalon.core.cucumber.keyword.CucumberBuiltinKeywords.runFeatureFile(CucumberBuiltinKeywords.groovy:46)
	at com.kms.katalon.core.cucumber.keyword.CucumberBuiltinKeywords$runFeatureFile$0.callStatic(Unknown Source)
	at com.kms.katalon.core.cucumber.keyword.CucumberBuiltinKeywords.runFeatureFile(CucumberBuiltinKeywords.groovy:169)
	at com.kms.katalon.core.cucumber.keyword.CucumberBuiltinKeywords$runFeatureFile.call(Unknown Source)
	at TC BLIBLI - Pick Mistake Without Write Textarea Note Before.run(TC BLIBLI - Pick Mistake Without Write Textarea Note Before:18)
	at com.kms.katalon.core.main.ScriptEngine.run(ScriptEngine.java:194)
	at com.kms.katalon.core.main.ScriptEngine.runScriptAsRawText(ScriptEngine.java:119)
	at com.kms.katalon.core.main.TestCaseExecutor.runScript(TestCaseExecutor.java:339)
	at com.kms.katalon.core.main.TestCaseExecutor.doExecute(TestCaseExecutor.java:330)
	at com.kms.katalon.core.main.TestCaseExecutor.processExecutionPhase(TestCaseExecutor.java:309)
	at com.kms.katalon.core.main.TestCaseExecutor.accessMainPhase(TestCaseExecutor.java:301)
	at com.kms.katalon.core.main.TestCaseExecutor.execute(TestCaseExecutor.java:235)
	at com.kms.katalon.core.main.TestSuiteExecutor.accessTestCaseMainPhase(TestSuiteExecutor.java:191)
	at com.kms.katalon.core.main.TestSuiteExecutor.accessTestSuiteMainPhase(TestSuiteExecutor.java:141)
	at com.kms.katalon.core.main.TestSuiteExecutor.execute(TestSuiteExecutor.java:90)
	at com.kms.katalon.core.main.TestCaseMain.startTestSuite(TestCaseMain.java:157)
	at com.kms.katalon.core.main.TestCaseMain$startTestSuite$0.call(Unknown Source)
	at TempTestSuite1606119238455.run(TempTestSuite1606119238455.groovy:39)
Caused by: com.kms.katalon.core.exception.StepFailedException: com.kms.katalon.core.webui.exception.WebElementNotFoundException: Web element with id: '' located by '//span[@class='z-tab-text' and contains(text(),'KTP')]' not found
	at com.kms.katalon.core.webui.keyword.internal.WebUIKeywordMain.stepFailed(WebUIKeywordMain.groovy:64)
	at com.kms.katalon.core.webui.keyword.builtin.VerifyElementPresentKeyword$_verifyElementPresent_closure1.doCall(VerifyElementPresentKeyword.groovy:85)
	at com.kms.katalon.core.webui.keyword.builtin.VerifyElementPresentKeyword$_verifyElementPresent_closure1.call(VerifyElementPresentKeyword.groovy)
	at com.kms.katalon.core.webui.keyword.internal.WebUIKeywordMain.runKeyword(WebUIKeywordMain.groovy:20)
	... 42 more
)
[[ATTACHMENT|/Users/chaidir.pratama01/Katalon Studio/IST_Automation_Git/Reports/20201123_151358/CONTRACT_DISPATCHER_DONA_B2B/TS_BLIBLI/20201123_151358/1606119541993.png]]

2020-11-23 15:19:02 - [MESSAGE][FAILED] - Click on Tab "KTP" FAILED.
Reason:
com.kms.katalon.core.exception.StepFailedException: Unable to verify object '' is present
	at com.kms.katalon.core.webui.keyword.internal.WebUIKeywordMain.stepFailed(WebUIKeywordMain.groovy:64)
	at com.kms.katalon.core.webui.keyword.internal.WebUIKeywordMain.runKeyword(WebUIKeywordMain.groovy:26)
	at com.kms.katalon.core.webui.keyword.builtin.VerifyElementPresentKeyword.verifyElementPresent(VerifyElementPresentKeyword.groovy:92)
	at com.kms.katalon.core.webui.keyword.builtin.VerifyElementPresentKeyword.execute(VerifyElementPresentKeyword.groovy:68)
	at com.kms.katalon.core.keyword.internal.KeywordExecutor.executeKeywordForPlatform(KeywordExecutor.groovy:73)
	at com.kms.katalon.core.webui.keyword.WebUiBuiltInKeywords.verifyElementPresent(WebUiBuiltInKeywords.groovy:1460)
	at com.kms.katalon.core.webui.keyword.WebUiBuiltInKeywords$verifyElementPresent$6.call(Unknown Source)
	at ist_real.Contract_Dispatcher.clickonTab(Contract_Dispatcher.groovy:1191)
	at ✽.Click on Tab "KTP"(/Users/chaidir.pratama01/Katalon Studio/IST_Automation_Git/Include/features/IST_Real/CONTRACT_DISPATCHER_DONA_B2B/BLIBLI/Pick_Mistake_Without_Write_Textarea_Note_Before.feature:49)
Caused by: com.kms.katalon.core.exception.StepFailedException: com.kms.katalon.core.webui.exception.WebElementNotFoundException: Web element with id: '' located by '//span[@class='z-tab-text' and contains(text(),'KTP')]' not found
	at com.kms.katalon.core.webui.keyword.internal.WebUIKeywordMain.stepFailed(WebUIKeywordMain.groovy:64)
	at com.kms.katalon.core.webui.keyword.builtin.VerifyElementPresentKeyword$_verifyElementPresent_closure1.doCall(VerifyElementPresentKeyword.groovy:85)
	at com.kms.katalon.core.webui.keyword.builtin.VerifyElementPresentKeyword$_verifyElementPresent_closure1.call(VerifyElementPresentKeyword.groovy)
	at com.kms.katalon.core.webui.keyword.internal.WebUIKeywordMain.runKeyword(WebUIKeywordMain.groovy:20)
	at com.kms.katalon.core.webui.keyword.builtin.VerifyElementPresentKeyword.verifyElementPresent(VerifyElementPresentKeyword.groovy:92)
	at com.kms.katalon.core.webui.keyword.builtin.VerifyElementPresentKeyword.execute(VerifyElementPresentKeyword.groovy:68)
	at com.kms.katalon.core.keyword.internal.KeywordExecutor.executeKeywordForPlatform(KeywordExecutor.groovy:73)
	at com.kms.katalon.core.webui.keyword.WebUiBuiltInKeywords.verifyElementPresent(WebUiBuiltInKeywords.groovy:1460)
	at com.kms.katalon.core.webui.keyword.WebUiBuiltInKeywords$verifyElementPresent$6.call(Unknown Source)
	at ist_real.Contract_Dispatcher.clickonTab(Contract_Dispatcher.groovy:1191)
	at cucumber.runtime.Utils$1.call(Utils.java:26)
	at cucumber.runtime.Timeout.timeout(Timeout.java:16)
	at cucumber.runtime.Utils.invoke(Utils.java:20)
	at cucumber.runtime.java.JavaStepDefinition.execute(JavaStepDefinition.java:48)
	at cucumber.runtime.PickleStepDefinitionMatch.runStep(PickleStepDefinitionMatch.java:50)
	at cucumber.runner.TestStep.executeStep(TestStep.java:55)
	at cucumber.runner.TestStep.run(TestStep.java:42)
	at cucumber.runner.PickleStepTestStep.run(PickleStepTestStep.java:53)
	at cucumber.runner.TestCase.run(TestCase.java:47)
	at cucumber.runner.Runner.runPickle(Runner.java:44)
	at cucumber.runtime.Runtime.runFeature(Runtime.java:120)
	at cucumber.runtime.Runtime.run(Runtime.java:106)
	at cucumber.api.cli.Main.run(Main.java:35)
	at cucumber.api.cli.Main$run.call(Unknown Source)
	at com.kms.katalon.core.cucumber.keyword.CucumberBuiltinKeywords$_runFeatureFile_closure1.doCall(CucumberBuiltinKeywords.groovy:76)
	at com.kms.katalon.core.cucumber.keyword.CucumberBuiltinKeywords$_runFeatureFile_closure1.doCall(CucumberBuiltinKeywords.groovy)
	at com.kms.katalon.core.keyword.internal.KeywordMain.runKeyword(KeywordMain.groovy:68)
	at com.kms.katalon.core.keyword.internal.KeywordMain$runKeyword.call(Unknown Source)
	at com.kms.katalon.core.cucumber.keyword.CucumberBuiltinKeywords.runFeatureFile(CucumberBuiltinKeywords.groovy:46)
	at com.kms.katalon.core.cucumber.keyword.CucumberBuiltinKeywords$runFeatureFile$0.callStatic(Unknown Source)
	at com.kms.katalon.core.cucumber.keyword.CucumberBuiltinKeywords.runFeatureFile(CucumberBuiltinKeywords.groovy:169)
	at com.kms.katalon.core.cucumber.keyword.CucumberBuiltinKeywords$runFeatureFile.call(Unknown Source)
	at TC BLIBLI - Pick Mistake Without Write Textarea Note Before.run(TC BLIBLI - Pick Mistake Without Write Textarea Note Before:18)
	at com.kms.katalon.core.main.ScriptEngine.run(ScriptEngine.java:194)
	at com.kms.katalon.core.main.ScriptEngine.runScriptAsRawText(ScriptEngine.java:119)
	at com.kms.katalon.core.main.TestCaseExecutor.runScript(TestCaseExecutor.java:339)
	at com.kms.katalon.core.main.TestCaseExecutor.doExecute(TestCaseExecutor.java:330)
	at com.kms.katalon.core.main.TestCaseExecutor.processExecutionPhase(TestCaseExecutor.java:309)
	at com.kms.katalon.core.main.TestCaseExecutor.accessMainPhase(TestCaseExecutor.java:301)
	at com.kms.katalon.core.main.TestCaseExecutor.execute(TestCaseExecutor.java:235)
	at com.kms.katalon.core.main.TestSuiteExecutor.accessTestCaseMainPhase(TestSuiteExecutor.java:191)
	at com.kms.katalon.core.main.TestSuiteExecutor.accessTestSuiteMainPhase(TestSuiteExecutor.java:141)
	at com.kms.katalon.core.main.TestSuiteExecutor.execute(TestSuiteExecutor.java:90)
	at com.kms.katalon.core.main.TestCaseMain.startTestSuite(TestCaseMain.java:157)
	at com.kms.katalon.core.main.TestCaseMain$startTestSuite$0.call(Unknown Source)
	at TempTestSuite1606119238455.run(TempTestSuite1606119238455.groovy:39)


2020-11-23 15:19:02 - [TEST_STEP][NOT_RUN] - Checkbox General Mistake "20. KTP atau Resi - Alamat tetap pemohon pada sistem (HoS) berbeda dengan KTP": Checkbox General Mistake "20. KTP atau Resi - Alamat tetap pemohon pada sistem (HoS) berbeda dengan KTP"

2020-11-23 15:19:02 - [MESSAGE][NOT_RUN] - Checkbox General Mistake "20. KTP atau Resi - Alamat tetap pemohon pada sistem (HoS) berbeda dengan KTP"

2020-11-23 15:19:02 - [TEST_STEP][NOT_RUN] - Choose Dropdown mistake type "Beda RT" from mistake name "20. KTP atau Resi - Alamat tetap pemohon pada sistem (HoS) berbeda dengan KTP": Choose Dropdown mistake type "Beda RT" from mistake name "20. KTP atau Resi - Alamat tetap pemohon pada sistem (HoS) berbeda dengan KTP"

2020-11-23 15:19:02 - [MESSAGE][NOT_RUN] - Choose Dropdown mistake type "Beda RT" from mistake name "20. KTP atau Resi - Alamat tetap pemohon pada sistem (HoS) berbeda dengan KTP"

2020-11-23 15:19:02 - [TEST_STEP][NOT_RUN] - Type on textarea note after based on mistake name "20. KTP atau Resi - Alamat tetap pemohon pada sistem (HoS) berbeda dengan KTP" with value "Testing": Type on textarea note after based on mistake name "20. KTP atau Resi - Alamat tetap pemohon pada sistem (HoS) berbeda dengan KTP" with value "Testing"

2020-11-23 15:19:02 - [MESSAGE][NOT_RUN] - Type on textarea note after based on mistake name "20. KTP atau Resi - Alamat tetap pemohon pada sistem (HoS) berbeda dengan KTP" with value "Testing"

2020-11-23 15:19:02 - [TEST_STEP][NOT_RUN] - Click button "Save": Click button "Save"

2020-11-23 15:19:02 - [MESSAGE][NOT_RUN] - Click button "Save"

2020-11-23 15:19:02 - [TEST_STEP][NOT_RUN] - Get text from pop up "IT Supporting Tools" with text "Note-before cannot be empty": Get text from pop up "IT Supporting Tools" with text "Note-before cannot be empty"

2020-11-23 15:19:02 - [MESSAGE][NOT_RUN] - Get text from pop up "IT Supporting Tools" with text "Note-before cannot be empty"

2020-11-23 15:19:02 - [TEST_STEP][NOT_RUN] - Click button "OK": Click button "OK"

2020-11-23 15:19:02 - [MESSAGE][NOT_RUN] - Click button "OK"

2020-11-23 15:19:02 - [TEST_STEP][NOT_RUN] - Click button "Logout": Click button "Logout"

2020-11-23 15:19:02 - [MESSAGE][NOT_RUN] - Click button "Logout"

2020-11-23 15:19:02 - [TEST_STEP][NOT_RUN] - Comment "Register Mistake failed because Note-before empty": Comment "Register Mistake failed because Note-before empty"

2020-11-23 15:19:02 - [MESSAGE][NOT_RUN] - Comment "Register Mistake failed because Note-before empty"

2020-11-23 15:19:02 - [TEST_STEP][NOT_RUN] - Close browser: Close browser

2020-11-23 15:19:02 - [MESSAGE][NOT_RUN] - Close browser

2020-11-23 15:19:02 - [MESSAGE][FAILED] - Feature file 'Include/features/IST_Real/CONTRACT_DISPATCHER_DONA_B2B/BLIBLI/Pick_Mistake_Without_Write_Textarea_Note_Before.feature' was failed

2020-11-23 15:19:02 - [MESSAGE][FAILED] - Keyword runFeatureFile was failed (Root cause: com.kms.katalon.core.exception.StepFailedException: Feature file 'Include/features/IST_Real/CONTRACT_DISPATCHER_DONA_B2B/BLIBLI/Pick_Mistake_Without_Write_Textarea_Note_Before.feature' was failed
	at com.kms.katalon.core.keyword.internal.KeywordMain.stepFailed(KeywordMain.groovy:50)
	at com.kms.katalon.core.keyword.internal.KeywordMain.stepFailed(KeywordMain.groovy)
	at com.kms.katalon.core.keyword.internal.KeywordMain.stepFailed(KeywordMain.groovy:23)
	at com.kms.katalon.core.keyword.internal.KeywordMain$stepFailed$0.call(Unknown Source)
	at com.kms.katalon.core.cucumber.keyword.CucumberBuiltinKeywords$_runFeatureFile_closure1.doCall(CucumberBuiltinKeywords.groovy:82)
	at com.kms.katalon.core.cucumber.keyword.CucumberBuiltinKeywords$_runFeatureFile_closure1.doCall(CucumberBuiltinKeywords.groovy)
	at com.kms.katalon.core.keyword.internal.KeywordMain.runKeyword(KeywordMain.groovy:68)
	at com.kms.katalon.core.keyword.internal.KeywordMain$runKeyword.call(Unknown Source)
	at com.kms.katalon.core.cucumber.keyword.CucumberBuiltinKeywords.runFeatureFile(CucumberBuiltinKeywords.groovy:46)
	at com.kms.katalon.core.cucumber.keyword.CucumberBuiltinKeywords$runFeatureFile$0.callStatic(Unknown Source)
	at com.kms.katalon.core.cucumber.keyword.CucumberBuiltinKeywords.runFeatureFile(CucumberBuiltinKeywords.groovy:169)
	at com.kms.katalon.core.cucumber.keyword.CucumberBuiltinKeywords$runFeatureFile.call(Unknown Source)
	at TC BLIBLI - Pick Mistake Without Write Textarea Note Before.run(TC BLIBLI - Pick Mistake Without Write Textarea Note Before:18)
	at com.kms.katalon.core.main.ScriptEngine.run(ScriptEngine.java:194)
	at com.kms.katalon.core.main.ScriptEngine.runScriptAsRawText(ScriptEngine.java:119)
	at com.kms.katalon.core.main.TestCaseExecutor.runScript(TestCaseExecutor.java:339)
	at com.kms.katalon.core.main.TestCaseExecutor.doExecute(TestCaseExecutor.java:330)
	at com.kms.katalon.core.main.TestCaseExecutor.processExecutionPhase(TestCaseExecutor.java:309)
	at com.kms.katalon.core.main.TestCaseExecutor.accessMainPhase(TestCaseExecutor.java:301)
	at com.kms.katalon.core.main.TestCaseExecutor.execute(TestCaseExecutor.java:235)
	at com.kms.katalon.core.main.TestSuiteExecutor.accessTestCaseMainPhase(TestSuiteExecutor.java:191)
	at com.kms.katalon.core.main.TestSuiteExecutor.accessTestSuiteMainPhase(TestSuiteExecutor.java:141)
	at com.kms.katalon.core.main.TestSuiteExecutor.execute(TestSuiteExecutor.java:90)
	at com.kms.katalon.core.main.TestCaseMain.startTestSuite(TestCaseMain.java:157)
	at com.kms.katalon.core.main.TestCaseMain$startTestSuite$0.call(Unknown Source)
	at TempTestSuite1606119238455.run(TempTestSuite1606119238455.groovy:39)
)]]></system-out>
         <system-err><![CDATA[2020-11-23 15:17:43 - [TEST_CASE][FAILED] - Test Cases/IST_Real/CONTRACT_DISPATCHER_DONA_B2B/BLIBLI/TC BLIBLI - Pick Mistake Without Write Textarea Note Before: Test Cases/IST_Real/CONTRACT_DISPATCHER_DONA_B2B/BLIBLI/TC BLIBLI - Pick Mistake Without Write Textarea Note Before FAILED.
Reason:
com.kms.katalon.core.exception.StepFailedException: Feature file 'Include/features/IST_Real/CONTRACT_DISPATCHER_DONA_B2B/BLIBLI/Pick_Mistake_Without_Write_Textarea_Note_Before.feature' was failed
	at com.kms.katalon.core.keyword.internal.KeywordMain.stepFailed(KeywordMain.groovy:50)
	at com.kms.katalon.core.keyword.internal.KeywordMain.stepFailed(KeywordMain.groovy)
	at com.kms.katalon.core.keyword.internal.KeywordMain.stepFailed(KeywordMain.groovy:23)
	at com.kms.katalon.core.keyword.internal.KeywordMain$stepFailed$0.call(Unknown Source)
	at com.kms.katalon.core.cucumber.keyword.CucumberBuiltinKeywords$_runFeatureFile_closure1.doCall(CucumberBuiltinKeywords.groovy:82)
	at com.kms.katalon.core.cucumber.keyword.CucumberBuiltinKeywords$_runFeatureFile_closure1.doCall(CucumberBuiltinKeywords.groovy)
	at com.kms.katalon.core.keyword.internal.KeywordMain.runKeyword(KeywordMain.groovy:68)
	at com.kms.katalon.core.keyword.internal.KeywordMain$runKeyword.call(Unknown Source)
	at com.kms.katalon.core.cucumber.keyword.CucumberBuiltinKeywords.runFeatureFile(CucumberBuiltinKeywords.groovy:46)
	at com.kms.katalon.core.cucumber.keyword.CucumberBuiltinKeywords$runFeatureFile$0.callStatic(Unknown Source)
	at com.kms.katalon.core.cucumber.keyword.CucumberBuiltinKeywords.runFeatureFile(CucumberBuiltinKeywords.groovy:169)
	at com.kms.katalon.core.cucumber.keyword.CucumberBuiltinKeywords$runFeatureFile.call(Unknown Source)
	at TC BLIBLI - Pick Mistake Without Write Textarea Note Before.run(TC BLIBLI - Pick Mistake Without Write Textarea Note Before:18)
	at com.kms.katalon.core.main.ScriptEngine.run(ScriptEngine.java:194)
	at com.kms.katalon.core.main.ScriptEngine.runScriptAsRawText(ScriptEngine.java:119)
	at com.kms.katalon.core.main.TestCaseExecutor.runScript(TestCaseExecutor.java:339)
	at com.kms.katalon.core.main.TestCaseExecutor.doExecute(TestCaseExecutor.java:330)
	at com.kms.katalon.core.main.TestCaseExecutor.processExecutionPhase(TestCaseExecutor.java:309)
	at com.kms.katalon.core.main.TestCaseExecutor.accessMainPhase(TestCaseExecutor.java:301)
	at com.kms.katalon.core.main.TestCaseExecutor.execute(TestCaseExecutor.java:235)
	at com.kms.katalon.core.main.TestSuiteExecutor.accessTestCaseMainPhase(TestSuiteExecutor.java:191)
	at com.kms.katalon.core.main.TestSuiteExecutor.accessTestSuiteMainPhase(TestSuiteExecutor.java:141)
	at com.kms.katalon.core.main.TestSuiteExecutor.execute(TestSuiteExecutor.java:90)
	at com.kms.katalon.core.main.TestCaseMain.startTestSuite(TestCaseMain.java:157)
	at com.kms.katalon.core.main.TestCaseMain$startTestSuite$0.call(Unknown Source)
	at TempTestSuite1606119238455.run(TempTestSuite1606119238455.groovy:39)]]></system-err>
      </testcase>
      <testcase name="Test Cases/IST_Real/CONTRACT_DISPATCHER_DONA_B2B/BLIBLI/TC BLIBLI - Update Tbl CDS CDC TRKRegMistake" time="1.387" classname="Test Cases/IST_Real/CONTRACT_DISPATCHER_DONA_B2B/BLIBLI/TC BLIBLI - Update Tbl CDS CDC TRKRegMistake" status="PASSED">
         <system-out><![CDATA[2020-11-23 15:19:02 - [TEST_CASE][PASSED] - Test Cases/IST_Real/CONTRACT_DISPATCHER_DONA_B2B/BLIBLI/TC BLIBLI - Update Tbl CDS CDC TRKRegMistake: Test Cases/IST_Real/CONTRACT_DISPATCHER_DONA_B2B/BLIBLI/TC BLIBLI - Update Tbl CDS CDC TRKRegMistake

2020-11-23 15:19:02 - [TEST_STEP][PASSED] - runFeatureFile("Include/features/IST_Real/CONTRACT_DISPATCHER_DONA_B2B/BLIBLI/Update_Tbl_CDS_CDC_TRKRegMistake.feature"): Feature file: 'Include/features/IST_Real/CONTRACT_DISPATCHER_DONA_B2B/BLIBLI/Update_Tbl_CDS_CDC_TRKRegMistake.feature' was passed

2020-11-23 15:19:02 - [MESSAGE][INFO] - Starting run keyword runFeatureFile: 'Include/features/IST_Real/CONTRACT_DISPATCHER_DONA_B2B/BLIBLI/Update_Tbl_CDS_CDC_TRKRegMistake.feature' and extract report to folder: '/Users/chaidir.pratama01/Katalon Studio/IST_Automation_Git/Reports/20201123_151358/CONTRACT_DISPATCHER_DONA_B2B/TS_BLIBLI/20201123_151358/cucumber_report/1606119542494'...

2020-11-23 15:19:02 - [TEST_CASE][PASSED] - Start Test Case : SCENARIO Update Table CONTRACT_DISPATCHER_SOURCE and CONTRACT_DISPTACHER_CLAIM: SCENARIO Update Table CONTRACT_DISPATCHER_SOURCE and CONTRACT_DISPTACHER_CLAIM

2020-11-23 15:19:02 - [TEST_STEP][PASSED] - Connect to Database: Connect to Database

2020-11-23 15:19:03 - [MESSAGE][PASSED] - Connect to Database

2020-11-23 15:19:03 - [TEST_STEP][PASSED] - Update Tbl CONTRACT DISPATCHER SOURCE To Change PROCESSED From Y to N For BLIBLI: Update Tbl CONTRACT DISPATCHER SOURCE To Change PROCESSED From Y to N For BLIBLI

2020-11-23 15:19:03 - [MESSAGE][PASSED] - Update Tbl CONTRACT DISPATCHER SOURCE To Change PROCESSED From Y to N For BLIBLI

2020-11-23 15:19:03 - [TEST_STEP][PASSED] - Update Tbl CONTRACT DISPATCHER CLAIM To Delete PROCESS From Column STATUS: Update Tbl CONTRACT DISPATCHER CLAIM To Delete PROCESS From Column STATUS

2020-11-23 15:19:03 - [MESSAGE][PASSED] - Update Tbl CONTRACT DISPATCHER CLAIM To Delete PROCESS From Column STATUS

2020-11-23 15:19:03 - [TEST_STEP][PASSED] - Delete Contract From TRK_REGISTRATION_MISTAKE: Delete Contract From TRK_REGISTRATION_MISTAKE

2020-11-23 15:19:03 - [MESSAGE][PASSED] - Delete Contract From TRK_REGISTRATION_MISTAKE

2020-11-23 15:19:03 - [MESSAGE][PASSED] - Feature file: 'Include/features/IST_Real/CONTRACT_DISPATCHER_DONA_B2B/BLIBLI/Update_Tbl_CDS_CDC_TRKRegMistake.feature' was passed]]></system-out>
         <system-err><![CDATA[]]></system-err>
      </testcase>
      <testcase name="Test Cases/IST_Real/CONTRACT_DISPATCHER_DONA_B2B/BLIBLI/TC BLIBLI - Pick Mistake Without Write Textarea Note After" time="50.491" classname="Test Cases/IST_Real/CONTRACT_DISPATCHER_DONA_B2B/BLIBLI/TC BLIBLI - Pick Mistake Without Write Textarea Note After" status="FAILED">
         <failure type="FAILED" message="Test Cases/IST_Real/CONTRACT_DISPATCHER_DONA_B2B/BLIBLI/TC BLIBLI - Pick Mistake Without Write Textarea Note After FAILED.
Reason:
com.kms.katalon.core.exception.StepFailedException: Feature file 'Include/features/IST_Real/CONTRACT_DISPATCHER_DONA_B2B/BLIBLI/Pick_Mistake_Without_Write_Textarea_Note_After.feature' was failed
	at com.kms.katalon.core.keyword.internal.KeywordMain.stepFailed(KeywordMain.groovy:50)
	at com.kms.katalon.core.keyword.internal.KeywordMain.stepFailed(KeywordMain.groovy)
	at com.kms.katalon.core.keyword.internal.KeywordMain.stepFailed(KeywordMain.groovy:23)
	at com.kms.katalon.core.keyword.internal.KeywordMain$stepFailed$0.call(Unknown Source)
	at com.kms.katalon.core.cucumber.keyword.CucumberBuiltinKeywords$_runFeatureFile_closure1.doCall(CucumberBuiltinKeywords.groovy:82)
	at com.kms.katalon.core.cucumber.keyword.CucumberBuiltinKeywords$_runFeatureFile_closure1.doCall(CucumberBuiltinKeywords.groovy)
	at com.kms.katalon.core.keyword.internal.KeywordMain.runKeyword(KeywordMain.groovy:68)
	at com.kms.katalon.core.keyword.internal.KeywordMain$runKeyword.call(Unknown Source)
	at com.kms.katalon.core.cucumber.keyword.CucumberBuiltinKeywords.runFeatureFile(CucumberBuiltinKeywords.groovy:46)
	at com.kms.katalon.core.cucumber.keyword.CucumberBuiltinKeywords$runFeatureFile$0.callStatic(Unknown Source)
	at com.kms.katalon.core.cucumber.keyword.CucumberBuiltinKeywords.runFeatureFile(CucumberBuiltinKeywords.groovy:169)
	at com.kms.katalon.core.cucumber.keyword.CucumberBuiltinKeywords$runFeatureFile.call(Unknown Source)
	at TC BLIBLI - Pick Mistake Without Write Textarea Note After.run(TC BLIBLI - Pick Mistake Without Write Textarea Note After:18)
	at com.kms.katalon.core.main.ScriptEngine.run(ScriptEngine.java:194)
	at com.kms.katalon.core.main.ScriptEngine.runScriptAsRawText(ScriptEngine.java:119)
	at com.kms.katalon.core.main.TestCaseExecutor.runScript(TestCaseExecutor.java:339)
	at com.kms.katalon.core.main.TestCaseExecutor.doExecute(TestCaseExecutor.java:330)
	at com.kms.katalon.core.main.TestCaseExecutor.processExecutionPhase(TestCaseExecutor.java:309)
	at com.kms.katalon.core.main.TestCaseExecutor.accessMainPhase(TestCaseExecutor.java:301)
	at com.kms.katalon.core.main.TestCaseExecutor.execute(TestCaseExecutor.java:235)
	at com.kms.katalon.core.main.TestSuiteExecutor.accessTestCaseMainPhase(TestSuiteExecutor.java:191)
	at com.kms.katalon.core.main.TestSuiteExecutor.accessTestSuiteMainPhase(TestSuiteExecutor.java:141)
	at com.kms.katalon.core.main.TestSuiteExecutor.execute(TestSuiteExecutor.java:90)
	at com.kms.katalon.core.main.TestCaseMain.startTestSuite(TestCaseMain.java:157)
	at com.kms.katalon.core.main.TestCaseMain$startTestSuite$0.call(Unknown Source)
	at TempTestSuite1606119238455.run(TempTestSuite1606119238455.groovy:39)
"/>
         <system-out><![CDATA[2020-11-23 15:19:03 - [TEST_CASE][FAILED] - Test Cases/IST_Real/CONTRACT_DISPATCHER_DONA_B2B/BLIBLI/TC BLIBLI - Pick Mistake Without Write Textarea Note After: Test Cases/IST_Real/CONTRACT_DISPATCHER_DONA_B2B/BLIBLI/TC BLIBLI - Pick Mistake Without Write Textarea Note After FAILED.
Reason:
com.kms.katalon.core.exception.StepFailedException: Feature file 'Include/features/IST_Real/CONTRACT_DISPATCHER_DONA_B2B/BLIBLI/Pick_Mistake_Without_Write_Textarea_Note_After.feature' was failed
	at com.kms.katalon.core.keyword.internal.KeywordMain.stepFailed(KeywordMain.groovy:50)
	at com.kms.katalon.core.keyword.internal.KeywordMain.stepFailed(KeywordMain.groovy)
	at com.kms.katalon.core.keyword.internal.KeywordMain.stepFailed(KeywordMain.groovy:23)
	at com.kms.katalon.core.keyword.internal.KeywordMain$stepFailed$0.call(Unknown Source)
	at com.kms.katalon.core.cucumber.keyword.CucumberBuiltinKeywords$_runFeatureFile_closure1.doCall(CucumberBuiltinKeywords.groovy:82)
	at com.kms.katalon.core.cucumber.keyword.CucumberBuiltinKeywords$_runFeatureFile_closure1.doCall(CucumberBuiltinKeywords.groovy)
	at com.kms.katalon.core.keyword.internal.KeywordMain.runKeyword(KeywordMain.groovy:68)
	at com.kms.katalon.core.keyword.internal.KeywordMain$runKeyword.call(Unknown Source)
	at com.kms.katalon.core.cucumber.keyword.CucumberBuiltinKeywords.runFeatureFile(CucumberBuiltinKeywords.groovy:46)
	at com.kms.katalon.core.cucumber.keyword.CucumberBuiltinKeywords$runFeatureFile$0.callStatic(Unknown Source)
	at com.kms.katalon.core.cucumber.keyword.CucumberBuiltinKeywords.runFeatureFile(CucumberBuiltinKeywords.groovy:169)
	at com.kms.katalon.core.cucumber.keyword.CucumberBuiltinKeywords$runFeatureFile.call(Unknown Source)
	at TC BLIBLI - Pick Mistake Without Write Textarea Note After.run(TC BLIBLI - Pick Mistake Without Write Textarea Note After:18)
	at com.kms.katalon.core.main.ScriptEngine.run(ScriptEngine.java:194)
	at com.kms.katalon.core.main.ScriptEngine.runScriptAsRawText(ScriptEngine.java:119)
	at com.kms.katalon.core.main.TestCaseExecutor.runScript(TestCaseExecutor.java:339)
	at com.kms.katalon.core.main.TestCaseExecutor.doExecute(TestCaseExecutor.java:330)
	at com.kms.katalon.core.main.TestCaseExecutor.processExecutionPhase(TestCaseExecutor.java:309)
	at com.kms.katalon.core.main.TestCaseExecutor.accessMainPhase(TestCaseExecutor.java:301)
	at com.kms.katalon.core.main.TestCaseExecutor.execute(TestCaseExecutor.java:235)
	at com.kms.katalon.core.main.TestSuiteExecutor.accessTestCaseMainPhase(TestSuiteExecutor.java:191)
	at com.kms.katalon.core.main.TestSuiteExecutor.accessTestSuiteMainPhase(TestSuiteExecutor.java:141)
	at com.kms.katalon.core.main.TestSuiteExecutor.execute(TestSuiteExecutor.java:90)
	at com.kms.katalon.core.main.TestCaseMain.startTestSuite(TestCaseMain.java:157)
	at com.kms.katalon.core.main.TestCaseMain$startTestSuite$0.call(Unknown Source)
	at TempTestSuite1606119238455.run(TempTestSuite1606119238455.groovy:39)


2020-11-23 15:19:03 - [TEST_STEP][FAILED] - runFeatureFile("Include/features/IST_Real/CONTRACT_DISPATCHER_DONA_B2B/BLIBLI/Pick_Mistake_Without_Write_Textarea_Note_After.feature"): Keyword runFeatureFile was failed (Root cause: com.kms.katalon.core.exception.StepFailedException: Feature file 'Include/features/IST_Real/CONTRACT_DISPATCHER_DONA_B2B/BLIBLI/Pick_Mistake_Without_Write_Textarea_Note_After.feature' was failed
	at com.kms.katalon.core.keyword.internal.KeywordMain.stepFailed(KeywordMain.groovy:50)
	at com.kms.katalon.core.keyword.internal.KeywordMain.stepFailed(KeywordMain.groovy)
	at com.kms.katalon.core.keyword.internal.KeywordMain.stepFailed(KeywordMain.groovy:23)
	at com.kms.katalon.core.keyword.internal.KeywordMain$stepFailed$0.call(Unknown Source)
	at com.kms.katalon.core.cucumber.keyword.CucumberBuiltinKeywords$_runFeatureFile_closure1.doCall(CucumberBuiltinKeywords.groovy:82)
	at com.kms.katalon.core.cucumber.keyword.CucumberBuiltinKeywords$_runFeatureFile_closure1.doCall(CucumberBuiltinKeywords.groovy)
	at com.kms.katalon.core.keyword.internal.KeywordMain.runKeyword(KeywordMain.groovy:68)
	at com.kms.katalon.core.keyword.internal.KeywordMain$runKeyword.call(Unknown Source)
	at com.kms.katalon.core.cucumber.keyword.CucumberBuiltinKeywords.runFeatureFile(CucumberBuiltinKeywords.groovy:46)
	at com.kms.katalon.core.cucumber.keyword.CucumberBuiltinKeywords$runFeatureFile$0.callStatic(Unknown Source)
	at com.kms.katalon.core.cucumber.keyword.CucumberBuiltinKeywords.runFeatureFile(CucumberBuiltinKeywords.groovy:169)
	at com.kms.katalon.core.cucumber.keyword.CucumberBuiltinKeywords$runFeatureFile.call(Unknown Source)
	at TC BLIBLI - Pick Mistake Without Write Textarea Note After.run(TC BLIBLI - Pick Mistake Without Write Textarea Note After:18)
	at com.kms.katalon.core.main.ScriptEngine.run(ScriptEngine.java:194)
	at com.kms.katalon.core.main.ScriptEngine.runScriptAsRawText(ScriptEngine.java:119)
	at com.kms.katalon.core.main.TestCaseExecutor.runScript(TestCaseExecutor.java:339)
	at com.kms.katalon.core.main.TestCaseExecutor.doExecute(TestCaseExecutor.java:330)
	at com.kms.katalon.core.main.TestCaseExecutor.processExecutionPhase(TestCaseExecutor.java:309)
	at com.kms.katalon.core.main.TestCaseExecutor.accessMainPhase(TestCaseExecutor.java:301)
	at com.kms.katalon.core.main.TestCaseExecutor.execute(TestCaseExecutor.java:235)
	at com.kms.katalon.core.main.TestSuiteExecutor.accessTestCaseMainPhase(TestSuiteExecutor.java:191)
	at com.kms.katalon.core.main.TestSuiteExecutor.accessTestSuiteMainPhase(TestSuiteExecutor.java:141)
	at com.kms.katalon.core.main.TestSuiteExecutor.execute(TestSuiteExecutor.java:90)
	at com.kms.katalon.core.main.TestCaseMain.startTestSuite(TestCaseMain.java:157)
	at com.kms.katalon.core.main.TestCaseMain$startTestSuite$0.call(Unknown Source)
	at TempTestSuite1606119238455.run(TempTestSuite1606119238455.groovy:39)
)

2020-11-23 15:19:03 - [MESSAGE][INFO] - Starting run keyword runFeatureFile: 'Include/features/IST_Real/CONTRACT_DISPATCHER_DONA_B2B/BLIBLI/Pick_Mistake_Without_Write_Textarea_Note_After.feature' and extract report to folder: '/Users/chaidir.pratama01/Katalon Studio/IST_Automation_Git/Reports/20201123_151358/CONTRACT_DISPATCHER_DONA_B2B/TS_BLIBLI/20201123_151358/cucumber_report/1606119543962'...

2020-11-23 15:19:04 - [TEST_CASE][PASSED] - Start Test Case : SCENARIO Assign User to Contract DONA BLIBLI: SCENARIO Assign User to Contract DONA BLIBLI

2020-11-23 15:19:04 - [TEST_STEP][PASSED] - Go to IST: Go to IST

2020-11-23 15:19:04 - [MESSAGE][WARNING] - A browser is already opened. Closing browser and opening a new one

2020-11-23 15:19:04 - [MESSAGE][INFO] - Starting 'Chrome (headless)' driver

2020-11-23 15:19:04 - [MESSAGE][INFO] - User set preference: ['args', '[--start-maximized, --disable-gpu, --no-proxy-server, –-no-sandbox, --allow-running-insecure-content, --ignore-certificate-errors, window-size=1680,814, force-device-scale-factor=2, --lang=en-GB]']

2020-11-23 15:19:04 - [MESSAGE][INFO] - Action delay is set to 0 milliseconds

2020-11-23 15:19:04 - [MESSAGE][PASSED] - Browser is opened with url: ''

2020-11-23 15:19:05 - [MESSAGE][PASSED] - Navigate to 'https://dev-ist.homecredit.id/ist_tracker/' successfully

2020-11-23 15:19:06 - [MESSAGE][PASSED] - Taking screenshot successfully
[[ATTACHMENT|/Users/chaidir.pratama01/Documents/Docs/Katalon Studio/Screenshot/IST_Page.png]]

2020-11-23 15:19:06 - [MESSAGE][PASSED] - Go to IST

2020-11-23 15:19:06 - [TEST_STEP][PASSED] - Login IST with valid credentials: Login IST with valid credentials

2020-11-23 15:19:06 - [MESSAGE][PASSED] - Text 'mobile.test' is set on object 'Object Repository/Page_/input_Username_j_username'

2020-11-23 15:19:06 - [MESSAGE][PASSED] - Text ****** has been set on object 'Object Repository/Page_/input_Password_j_password'

2020-11-23 15:19:06 - [MESSAGE][PASSED] - Object: 'Object Repository/Page_/button_Login' is clicked on

2020-11-23 15:19:06 - [MESSAGE][PASSED] - Login IST with valid credentials

2020-11-23 15:19:06 - [TEST_STEP][PASSED] - Login Success for contract dispatcher: Login Success for contract dispatcher

2020-11-23 15:19:06 - [MESSAGE][INFO] - Login Success

2020-11-23 15:19:06 - [MESSAGE][PASSED] - Current window maximized

2020-11-23 15:19:07 - [MESSAGE][PASSED] - Object 'Object Repository/Page_/h1_Welcome to IT Supporting Tools' is present

2020-11-23 15:19:07 - [MESSAGE][PASSED] - Login Success for contract dispatcher

2020-11-23 15:19:07 - [TEST_STEP][PASSED] - Select Arrow Menu "Contract Dispatcher Admin": Select Arrow Menu "Contract Dispatcher Admin"

2020-11-23 15:19:07 - [MESSAGE][PASSED] - Object: '' is clicked on

2020-11-23 15:19:07 - [MESSAGE][PASSED] - Select Arrow Menu "Contract Dispatcher Admin"

2020-11-23 15:19:07 - [TEST_STEP][PASSED] - Select Menu "Management Assignment": Select Menu "Management Assignment"

2020-11-23 15:19:07 - [MESSAGE][PASSED] - Taking screenshot successfully
[[ATTACHMENT|/Users/chaidir.pratama01/Documents/Docs/Katalon Studio/Screenshot/test-Management Assignment.png]]

2020-11-23 15:19:07 - [MESSAGE][PASSED] - Object '' is present

2020-11-23 15:19:07 - [MESSAGE][PASSED] - Object: '' is clicked on

2020-11-23 15:19:07 - [MESSAGE][PASSED] - Wait for page load successfully

2020-11-23 15:19:07 - [MESSAGE][PASSED] - Select Menu "Management Assignment"

2020-11-23 15:19:07 - [TEST_STEP][PASSED] - Select Username "mobile.test" of Management Assignment: Select Username "mobile.test" of Management Assignment

2020-11-23 15:19:08 - [MESSAGE][PASSED] - All options with value 'mobile.test' are selected in object 'Object Repository/Page_/dropdown_list_username_assignment'  using regular expression

2020-11-23 15:19:08 - [MESSAGE][PASSED] - Select Username "mobile.test" of Management Assignment

2020-11-23 15:19:08 - [TEST_STEP][PASSED] - Check for username if already assigned to "Dona B2B": Check for username if already assigned to "Dona B2B"

2020-11-23 15:19:11 - [MESSAGE][PASSED] - Scroll to object '' successfully

2020-11-23 15:19:11 - [MESSAGE][PASSED] - Object '' is present

2020-11-23 15:19:11 - [MESSAGE][PASSED] - Object '' is checked

2020-11-23 15:19:11 - [MESSAGE][INFO] - Element is already Checked

2020-11-23 15:19:11 - [MESSAGE][PASSED] - Check for username if already assigned to "Dona B2B"

2020-11-23 15:19:11 - [TEST_STEP][PASSED] - Wait page for load: Wait page for load

2020-11-23 15:19:11 - [MESSAGE][PASSED] - Wait for page load successfully

2020-11-23 15:19:11 - [MESSAGE][PASSED] - Wait page for load

2020-11-23 15:19:11 - [TEST_STEP][PASSED] - Click button "Logout": Click button "Logout"

2020-11-23 15:19:11 - [MESSAGE][INFO] - >>>>>//Button[contains(text(),'Logout')]

2020-11-23 15:19:14 - [MESSAGE][PASSED] - Object: '' is clicked on

2020-11-23 15:19:15 - [MESSAGE][PASSED] - Taking screenshot successfully
[[ATTACHMENT|/Users/chaidir.pratama01/Documents/Docs/Katalon Studio/Screenshot/upload.png]]

2020-11-23 15:19:15 - [MESSAGE][PASSED] - Click button "Logout"

2020-11-23 15:19:15 - [TEST_STEP][PASSED] - Close browser: Close browser

2020-11-23 15:19:15 - [MESSAGE][PASSED] - Browser is closed

2020-11-23 15:19:15 - [MESSAGE][PASSED] - Close browser

2020-11-23 15:19:15 - [TEST_CASE][FAILED] - Start Test Case : SCENARIO Select Menu Contract Dispatcher and Select Contract based on type contract DONA BLIBLI: SCENARIO Select Menu Contract Dispatcher and Select Contract based on type contract DONA BLIBLI FAILED.
Reason:
com.kms.katalon.core.exception.StepFailedException: Unable to verify object '' is present
	at com.kms.katalon.core.webui.keyword.internal.WebUIKeywordMain.stepFailed(WebUIKeywordMain.groovy:64)
	at com.kms.katalon.core.webui.keyword.internal.WebUIKeywordMain.runKeyword(WebUIKeywordMain.groovy:26)
	at com.kms.katalon.core.webui.keyword.builtin.VerifyElementPresentKeyword.verifyElementPresent(VerifyElementPresentKeyword.groovy:92)
	at com.kms.katalon.core.webui.keyword.builtin.VerifyElementPresentKeyword.execute(VerifyElementPresentKeyword.groovy:68)
	at com.kms.katalon.core.keyword.internal.KeywordExecutor.executeKeywordForPlatform(KeywordExecutor.groovy:73)
	at com.kms.katalon.core.webui.keyword.WebUiBuiltInKeywords.verifyElementPresent(WebUiBuiltInKeywords.groovy:1460)
	at com.kms.katalon.core.webui.keyword.WebUiBuiltInKeywords$verifyElementPresent$6.call(Unknown Source)
	at ist_real.Contract_Dispatcher.clickonTab(Contract_Dispatcher.groovy:1191)
	at ✽.Click on Tab "KTP"(/Users/chaidir.pratama01/Katalon Studio/IST_Automation_Git/Include/features/IST_Real/CONTRACT_DISPATCHER_DONA_B2B/BLIBLI/Pick_Mistake_Without_Write_Textarea_Note_After.feature:49)
Caused by: com.kms.katalon.core.exception.StepFailedException: com.kms.katalon.core.webui.exception.WebElementNotFoundException: Web element with id: '' located by '//span[@class='z-tab-text' and contains(text(),'KTP')]' not found
	at com.kms.katalon.core.webui.keyword.internal.WebUIKeywordMain.stepFailed(WebUIKeywordMain.groovy:64)
	at com.kms.katalon.core.webui.keyword.builtin.VerifyElementPresentKeyword$_verifyElementPresent_closure1.doCall(VerifyElementPresentKeyword.groovy:85)
	at com.kms.katalon.core.webui.keyword.builtin.VerifyElementPresentKeyword$_verifyElementPresent_closure1.call(VerifyElementPresentKeyword.groovy)
	at com.kms.katalon.core.webui.keyword.internal.WebUIKeywordMain.runKeyword(WebUIKeywordMain.groovy:20)
	at com.kms.katalon.core.webui.keyword.builtin.VerifyElementPresentKeyword.verifyElementPresent(VerifyElementPresentKeyword.groovy:92)
	at com.kms.katalon.core.webui.keyword.builtin.VerifyElementPresentKeyword.execute(VerifyElementPresentKeyword.groovy:68)
	at com.kms.katalon.core.keyword.internal.KeywordExecutor.executeKeywordForPlatform(KeywordExecutor.groovy:73)
	at com.kms.katalon.core.webui.keyword.WebUiBuiltInKeywords.verifyElementPresent(WebUiBuiltInKeywords.groovy:1460)
	at com.kms.katalon.core.webui.keyword.WebUiBuiltInKeywords$verifyElementPresent$6.call(Unknown Source)
	at ist_real.Contract_Dispatcher.clickonTab(Contract_Dispatcher.groovy:1191)
	at cucumber.runtime.Utils$1.call(Utils.java:26)
	at cucumber.runtime.Timeout.timeout(Timeout.java:16)
	at cucumber.runtime.Utils.invoke(Utils.java:20)
	at cucumber.runtime.java.JavaStepDefinition.execute(JavaStepDefinition.java:48)
	at cucumber.runtime.PickleStepDefinitionMatch.runStep(PickleStepDefinitionMatch.java:50)
	at cucumber.runner.TestStep.executeStep(TestStep.java:55)
	at cucumber.runner.TestStep.run(TestStep.java:42)
	at cucumber.runner.PickleStepTestStep.run(PickleStepTestStep.java:53)
	at cucumber.runner.TestCase.run(TestCase.java:47)
	at cucumber.runner.Runner.runPickle(Runner.java:44)
	at cucumber.runtime.Runtime.runFeature(Runtime.java:120)
	at cucumber.runtime.Runtime.run(Runtime.java:106)
	at cucumber.api.cli.Main.run(Main.java:35)
	at cucumber.api.cli.Main$run.call(Unknown Source)
	at com.kms.katalon.core.cucumber.keyword.CucumberBuiltinKeywords$_runFeatureFile_closure1.doCall(CucumberBuiltinKeywords.groovy:76)
	at com.kms.katalon.core.cucumber.keyword.CucumberBuiltinKeywords$_runFeatureFile_closure1.doCall(CucumberBuiltinKeywords.groovy)
	at com.kms.katalon.core.keyword.internal.KeywordMain.runKeyword(KeywordMain.groovy:68)
	at com.kms.katalon.core.keyword.internal.KeywordMain$runKeyword.call(Unknown Source)
	at com.kms.katalon.core.cucumber.keyword.CucumberBuiltinKeywords.runFeatureFile(CucumberBuiltinKeywords.groovy:46)
	at com.kms.katalon.core.cucumber.keyword.CucumberBuiltinKeywords$runFeatureFile$0.callStatic(Unknown Source)
	at com.kms.katalon.core.cucumber.keyword.CucumberBuiltinKeywords.runFeatureFile(CucumberBuiltinKeywords.groovy:169)
	at com.kms.katalon.core.cucumber.keyword.CucumberBuiltinKeywords$runFeatureFile.call(Unknown Source)
	at TC BLIBLI - Pick Mistake Without Write Textarea Note After.run(TC BLIBLI - Pick Mistake Without Write Textarea Note After:18)
	at com.kms.katalon.core.main.ScriptEngine.run(ScriptEngine.java:194)
	at com.kms.katalon.core.main.ScriptEngine.runScriptAsRawText(ScriptEngine.java:119)
	at com.kms.katalon.core.main.TestCaseExecutor.runScript(TestCaseExecutor.java:339)
	at com.kms.katalon.core.main.TestCaseExecutor.doExecute(TestCaseExecutor.java:330)
	at com.kms.katalon.core.main.TestCaseExecutor.processExecutionPhase(TestCaseExecutor.java:309)
	at com.kms.katalon.core.main.TestCaseExecutor.accessMainPhase(TestCaseExecutor.java:301)
	at com.kms.katalon.core.main.TestCaseExecutor.execute(TestCaseExecutor.java:235)
	at com.kms.katalon.core.main.TestSuiteExecutor.accessTestCaseMainPhase(TestSuiteExecutor.java:191)
	at com.kms.katalon.core.main.TestSuiteExecutor.accessTestSuiteMainPhase(TestSuiteExecutor.java:141)
	at com.kms.katalon.core.main.TestSuiteExecutor.execute(TestSuiteExecutor.java:90)
	at com.kms.katalon.core.main.TestCaseMain.startTestSuite(TestCaseMain.java:157)
	at com.kms.katalon.core.main.TestCaseMain$startTestSuite$0.call(Unknown Source)
	at TempTestSuite1606119238455.run(TempTestSuite1606119238455.groovy:39)


2020-11-23 15:19:15 - [TEST_STEP][PASSED] - Go to IST: Go to IST

2020-11-23 15:19:15 - [MESSAGE][INFO] - Starting 'Chrome (headless)' driver

2020-11-23 15:19:15 - [MESSAGE][INFO] - User set preference: ['args', '[--start-maximized, --disable-gpu, --no-proxy-server, –-no-sandbox, --allow-running-insecure-content, --ignore-certificate-errors, window-size=1680,814, force-device-scale-factor=2, --lang=en-GB]']

2020-11-23 15:19:15 - [MESSAGE][INFO] - Action delay is set to 0 milliseconds

2020-11-23 15:19:15 - [MESSAGE][PASSED] - Browser is opened with url: ''

2020-11-23 15:19:16 - [MESSAGE][PASSED] - Navigate to 'https://dev-ist.homecredit.id/ist_tracker/' successfully

2020-11-23 15:19:17 - [MESSAGE][PASSED] - Taking screenshot successfully
[[ATTACHMENT|/Users/chaidir.pratama01/Documents/Docs/Katalon Studio/Screenshot/IST_Page.png]]

2020-11-23 15:19:17 - [MESSAGE][PASSED] - Go to IST

2020-11-23 15:19:17 - [TEST_STEP][PASSED] - Login IST with valid credentials: Login IST with valid credentials

2020-11-23 15:19:17 - [MESSAGE][PASSED] - Text 'mobile.test' is set on object 'Object Repository/Page_/input_Username_j_username'

2020-11-23 15:19:17 - [MESSAGE][PASSED] - Text ****** has been set on object 'Object Repository/Page_/input_Password_j_password'

2020-11-23 15:19:17 - [MESSAGE][PASSED] - Object: 'Object Repository/Page_/button_Login' is clicked on

2020-11-23 15:19:17 - [MESSAGE][PASSED] - Login IST with valid credentials

2020-11-23 15:19:17 - [TEST_STEP][PASSED] - Login Success for contract dispatcher: Login Success for contract dispatcher

2020-11-23 15:19:17 - [MESSAGE][INFO] - Login Success

2020-11-23 15:19:18 - [MESSAGE][PASSED] - Current window maximized

2020-11-23 15:19:18 - [MESSAGE][PASSED] - Object 'Object Repository/Page_/h1_Welcome to IT Supporting Tools' is present

2020-11-23 15:19:18 - [MESSAGE][PASSED] - Login Success for contract dispatcher

2020-11-23 15:19:18 - [TEST_STEP][PASSED] - Select Menu "Contract Dispatcher": Select Menu "Contract Dispatcher"

2020-11-23 15:19:18 - [MESSAGE][PASSED] - Taking screenshot successfully
[[ATTACHMENT|/Users/chaidir.pratama01/Documents/Docs/Katalon Studio/Screenshot/test-Contract Dispatcher.png]]

2020-11-23 15:19:18 - [MESSAGE][PASSED] - Object '' is present

2020-11-23 15:19:18 - [MESSAGE][PASSED] - Object: '' is clicked on

2020-11-23 15:19:18 - [MESSAGE][PASSED] - Wait for page load successfully

2020-11-23 15:19:18 - [MESSAGE][PASSED] - Select Menu "Contract Dispatcher"

2020-11-23 15:19:18 - [TEST_STEP][PASSED] - Select Contract Number based on Type Contract "DONA BliBli": Select Contract Number based on Type Contract "DONA BliBli"

2020-11-23 15:19:18 - [MESSAGE][PASSED] - Object '' is present

2020-11-23 15:19:18 - [MESSAGE][PASSED] - Select Contract Number based on Type Contract "DONA BliBli"

2020-11-23 15:19:18 - [TEST_STEP][PASSED] - Click button "Claim": Click button "Claim"

2020-11-23 15:19:18 - [MESSAGE][INFO] - >>>>>//Button[contains(text(),'Claim')]

2020-11-23 15:19:21 - [MESSAGE][PASSED] - Object: '' is clicked on

2020-11-23 15:19:22 - [MESSAGE][PASSED] - Taking screenshot successfully
[[ATTACHMENT|/Users/chaidir.pratama01/Documents/Docs/Katalon Studio/Screenshot/upload.png]]

2020-11-23 15:19:22 - [MESSAGE][PASSED] - Click button "Claim"

2020-11-23 15:19:22 - [TEST_STEP][PASSED] - Verify Tab Mistake Matrix Base on Type Contract: Verify Tab Mistake Matrix Base on Type Contract

2020-11-23 15:19:22 - [MESSAGE][PASSED] - Verify Tab Mistake Matrix Base on Type Contract

2020-11-23 15:19:22 - [TEST_STEP][PASSED] - Varify the mistake detail already match with the matrix Base on Type Contract: Varify the mistake detail already match with the matrix Base on Type Contract

2020-11-23 15:19:22 - [MESSAGE][PASSED] - Varify the mistake detail already match with the matrix Base on Type Contract

2020-11-23 15:19:22 - [TEST_STEP][FAILED] - Click on Tab "KTP": Click on Tab "KTP" FAILED.
Reason:
com.kms.katalon.core.exception.StepFailedException: Unable to verify object '' is present
	at com.kms.katalon.core.webui.keyword.internal.WebUIKeywordMain.stepFailed(WebUIKeywordMain.groovy:64)
	at com.kms.katalon.core.webui.keyword.internal.WebUIKeywordMain.runKeyword(WebUIKeywordMain.groovy:26)
	at com.kms.katalon.core.webui.keyword.builtin.VerifyElementPresentKeyword.verifyElementPresent(VerifyElementPresentKeyword.groovy:92)
	at com.kms.katalon.core.webui.keyword.builtin.VerifyElementPresentKeyword.execute(VerifyElementPresentKeyword.groovy:68)
	at com.kms.katalon.core.keyword.internal.KeywordExecutor.executeKeywordForPlatform(KeywordExecutor.groovy:73)
	at com.kms.katalon.core.webui.keyword.WebUiBuiltInKeywords.verifyElementPresent(WebUiBuiltInKeywords.groovy:1460)
	at com.kms.katalon.core.webui.keyword.WebUiBuiltInKeywords$verifyElementPresent$6.call(Unknown Source)
	at ist_real.Contract_Dispatcher.clickonTab(Contract_Dispatcher.groovy:1191)
	at ✽.Click on Tab "KTP"(/Users/chaidir.pratama01/Katalon Studio/IST_Automation_Git/Include/features/IST_Real/CONTRACT_DISPATCHER_DONA_B2B/BLIBLI/Pick_Mistake_Without_Write_Textarea_Note_After.feature:49)
Caused by: com.kms.katalon.core.exception.StepFailedException: com.kms.katalon.core.webui.exception.WebElementNotFoundException: Web element with id: '' located by '//span[@class='z-tab-text' and contains(text(),'KTP')]' not found
	at com.kms.katalon.core.webui.keyword.internal.WebUIKeywordMain.stepFailed(WebUIKeywordMain.groovy:64)
	at com.kms.katalon.core.webui.keyword.builtin.VerifyElementPresentKeyword$_verifyElementPresent_closure1.doCall(VerifyElementPresentKeyword.groovy:85)
	at com.kms.katalon.core.webui.keyword.builtin.VerifyElementPresentKeyword$_verifyElementPresent_closure1.call(VerifyElementPresentKeyword.groovy)
	at com.kms.katalon.core.webui.keyword.internal.WebUIKeywordMain.runKeyword(WebUIKeywordMain.groovy:20)
	at com.kms.katalon.core.webui.keyword.builtin.VerifyElementPresentKeyword.verifyElementPresent(VerifyElementPresentKeyword.groovy:92)
	at com.kms.katalon.core.webui.keyword.builtin.VerifyElementPresentKeyword.execute(VerifyElementPresentKeyword.groovy:68)
	at com.kms.katalon.core.keyword.internal.KeywordExecutor.executeKeywordForPlatform(KeywordExecutor.groovy:73)
	at com.kms.katalon.core.webui.keyword.WebUiBuiltInKeywords.verifyElementPresent(WebUiBuiltInKeywords.groovy:1460)
	at com.kms.katalon.core.webui.keyword.WebUiBuiltInKeywords$verifyElementPresent$6.call(Unknown Source)
	at ist_real.Contract_Dispatcher.clickonTab(Contract_Dispatcher.groovy:1191)
	at cucumber.runtime.Utils$1.call(Utils.java:26)
	at cucumber.runtime.Timeout.timeout(Timeout.java:16)
	at cucumber.runtime.Utils.invoke(Utils.java:20)
	at cucumber.runtime.java.JavaStepDefinition.execute(JavaStepDefinition.java:48)
	at cucumber.runtime.PickleStepDefinitionMatch.runStep(PickleStepDefinitionMatch.java:50)
	at cucumber.runner.TestStep.executeStep(TestStep.java:55)
	at cucumber.runner.TestStep.run(TestStep.java:42)
	at cucumber.runner.PickleStepTestStep.run(PickleStepTestStep.java:53)
	at cucumber.runner.TestCase.run(TestCase.java:47)
	at cucumber.runner.Runner.runPickle(Runner.java:44)
	at cucumber.runtime.Runtime.runFeature(Runtime.java:120)
	at cucumber.runtime.Runtime.run(Runtime.java:106)
	at cucumber.api.cli.Main.run(Main.java:35)
	at cucumber.api.cli.Main$run.call(Unknown Source)
	at com.kms.katalon.core.cucumber.keyword.CucumberBuiltinKeywords$_runFeatureFile_closure1.doCall(CucumberBuiltinKeywords.groovy:76)
	at com.kms.katalon.core.cucumber.keyword.CucumberBuiltinKeywords$_runFeatureFile_closure1.doCall(CucumberBuiltinKeywords.groovy)
	at com.kms.katalon.core.keyword.internal.KeywordMain.runKeyword(KeywordMain.groovy:68)
	at com.kms.katalon.core.keyword.internal.KeywordMain$runKeyword.call(Unknown Source)
	at com.kms.katalon.core.cucumber.keyword.CucumberBuiltinKeywords.runFeatureFile(CucumberBuiltinKeywords.groovy:46)
	at com.kms.katalon.core.cucumber.keyword.CucumberBuiltinKeywords$runFeatureFile$0.callStatic(Unknown Source)
	at com.kms.katalon.core.cucumber.keyword.CucumberBuiltinKeywords.runFeatureFile(CucumberBuiltinKeywords.groovy:169)
	at com.kms.katalon.core.cucumber.keyword.CucumberBuiltinKeywords$runFeatureFile.call(Unknown Source)
	at TC BLIBLI - Pick Mistake Without Write Textarea Note After.run(TC BLIBLI - Pick Mistake Without Write Textarea Note After:18)
	at com.kms.katalon.core.main.ScriptEngine.run(ScriptEngine.java:194)
	at com.kms.katalon.core.main.ScriptEngine.runScriptAsRawText(ScriptEngine.java:119)
	at com.kms.katalon.core.main.TestCaseExecutor.runScript(TestCaseExecutor.java:339)
	at com.kms.katalon.core.main.TestCaseExecutor.doExecute(TestCaseExecutor.java:330)
	at com.kms.katalon.core.main.TestCaseExecutor.processExecutionPhase(TestCaseExecutor.java:309)
	at com.kms.katalon.core.main.TestCaseExecutor.accessMainPhase(TestCaseExecutor.java:301)
	at com.kms.katalon.core.main.TestCaseExecutor.execute(TestCaseExecutor.java:235)
	at com.kms.katalon.core.main.TestSuiteExecutor.accessTestCaseMainPhase(TestSuiteExecutor.java:191)
	at com.kms.katalon.core.main.TestSuiteExecutor.accessTestSuiteMainPhase(TestSuiteExecutor.java:141)
	at com.kms.katalon.core.main.TestSuiteExecutor.execute(TestSuiteExecutor.java:90)
	at com.kms.katalon.core.main.TestCaseMain.startTestSuite(TestCaseMain.java:157)
	at com.kms.katalon.core.main.TestCaseMain$startTestSuite$0.call(Unknown Source)
	at TempTestSuite1606119238455.run(TempTestSuite1606119238455.groovy:39)


2020-11-23 15:19:53 - [MESSAGE][INFO] - Unable to find the element located by 'By.xpath: //span[@class='z-tab-text' and contains(text(),'KTP')]'. Please recheck the objects properties to make sure the desired element is located. 

2020-11-23 15:19:53 - [MESSAGE][FAILED] - com.kms.katalon.core.webui.exception.WebElementNotFoundException: Web element with id: '' located by '//span[@class='z-tab-text' and contains(text(),'KTP')]' not found (Root cause: com.kms.katalon.core.exception.StepFailedException: com.kms.katalon.core.webui.exception.WebElementNotFoundException: Web element with id: '' located by '//span[@class='z-tab-text' and contains(text(),'KTP')]' not found
	at com.kms.katalon.core.webui.keyword.internal.WebUIKeywordMain.stepFailed(WebUIKeywordMain.groovy:64)
	at com.kms.katalon.core.webui.keyword.builtin.VerifyElementPresentKeyword$_verifyElementPresent_closure1.doCall(VerifyElementPresentKeyword.groovy:85)
	at com.kms.katalon.core.webui.keyword.builtin.VerifyElementPresentKeyword$_verifyElementPresent_closure1.call(VerifyElementPresentKeyword.groovy)
	at com.kms.katalon.core.webui.keyword.internal.WebUIKeywordMain.runKeyword(WebUIKeywordMain.groovy:20)
	at com.kms.katalon.core.webui.keyword.builtin.VerifyElementPresentKeyword.verifyElementPresent(VerifyElementPresentKeyword.groovy:92)
	at com.kms.katalon.core.webui.keyword.builtin.VerifyElementPresentKeyword.execute(VerifyElementPresentKeyword.groovy:68)
	at com.kms.katalon.core.keyword.internal.KeywordExecutor.executeKeywordForPlatform(KeywordExecutor.groovy:73)
	at com.kms.katalon.core.webui.keyword.WebUiBuiltInKeywords.verifyElementPresent(WebUiBuiltInKeywords.groovy:1460)
	at com.kms.katalon.core.webui.keyword.WebUiBuiltInKeywords$verifyElementPresent$6.call(Unknown Source)
	at ist_real.Contract_Dispatcher.clickonTab(Contract_Dispatcher.groovy:1191)
	at cucumber.runtime.Utils$1.call(Utils.java:26)
	at cucumber.runtime.Timeout.timeout(Timeout.java:16)
	at cucumber.runtime.Utils.invoke(Utils.java:20)
	at cucumber.runtime.java.JavaStepDefinition.execute(JavaStepDefinition.java:48)
	at cucumber.runtime.PickleStepDefinitionMatch.runStep(PickleStepDefinitionMatch.java:50)
	at cucumber.runner.TestStep.executeStep(TestStep.java:55)
	at cucumber.runner.TestStep.run(TestStep.java:42)
	at cucumber.runner.PickleStepTestStep.run(PickleStepTestStep.java:53)
	at cucumber.runner.TestCase.run(TestCase.java:47)
	at cucumber.runner.Runner.runPickle(Runner.java:44)
	at cucumber.runtime.Runtime.runFeature(Runtime.java:120)
	at cucumber.runtime.Runtime.run(Runtime.java:106)
	at cucumber.api.cli.Main.run(Main.java:35)
	at cucumber.api.cli.Main$run.call(Unknown Source)
	at com.kms.katalon.core.cucumber.keyword.CucumberBuiltinKeywords$_runFeatureFile_closure1.doCall(CucumberBuiltinKeywords.groovy:76)
	at com.kms.katalon.core.cucumber.keyword.CucumberBuiltinKeywords$_runFeatureFile_closure1.doCall(CucumberBuiltinKeywords.groovy)
	at com.kms.katalon.core.keyword.internal.KeywordMain.runKeyword(KeywordMain.groovy:68)
	at com.kms.katalon.core.keyword.internal.KeywordMain$runKeyword.call(Unknown Source)
	at com.kms.katalon.core.cucumber.keyword.CucumberBuiltinKeywords.runFeatureFile(CucumberBuiltinKeywords.groovy:46)
	at com.kms.katalon.core.cucumber.keyword.CucumberBuiltinKeywords$runFeatureFile$0.callStatic(Unknown Source)
	at com.kms.katalon.core.cucumber.keyword.CucumberBuiltinKeywords.runFeatureFile(CucumberBuiltinKeywords.groovy:169)
	at com.kms.katalon.core.cucumber.keyword.CucumberBuiltinKeywords$runFeatureFile.call(Unknown Source)
	at TC BLIBLI - Pick Mistake Without Write Textarea Note After.run(TC BLIBLI - Pick Mistake Without Write Textarea Note After:18)
	at com.kms.katalon.core.main.ScriptEngine.run(ScriptEngine.java:194)
	at com.kms.katalon.core.main.ScriptEngine.runScriptAsRawText(ScriptEngine.java:119)
	at com.kms.katalon.core.main.TestCaseExecutor.runScript(TestCaseExecutor.java:339)
	at com.kms.katalon.core.main.TestCaseExecutor.doExecute(TestCaseExecutor.java:330)
	at com.kms.katalon.core.main.TestCaseExecutor.processExecutionPhase(TestCaseExecutor.java:309)
	at com.kms.katalon.core.main.TestCaseExecutor.accessMainPhase(TestCaseExecutor.java:301)
	at com.kms.katalon.core.main.TestCaseExecutor.execute(TestCaseExecutor.java:235)
	at com.kms.katalon.core.main.TestSuiteExecutor.accessTestCaseMainPhase(TestSuiteExecutor.java:191)
	at com.kms.katalon.core.main.TestSuiteExecutor.accessTestSuiteMainPhase(TestSuiteExecutor.java:141)
	at com.kms.katalon.core.main.TestSuiteExecutor.execute(TestSuiteExecutor.java:90)
	at com.kms.katalon.core.main.TestCaseMain.startTestSuite(TestCaseMain.java:157)
	at com.kms.katalon.core.main.TestCaseMain$startTestSuite$0.call(Unknown Source)
	at TempTestSuite1606119238455.run(TempTestSuite1606119238455.groovy:39)
)
[[ATTACHMENT|/Users/chaidir.pratama01/Katalon Studio/IST_Automation_Git/Reports/20201123_151358/CONTRACT_DISPATCHER_DONA_B2B/TS_BLIBLI/20201123_151358/1606119593394.png]]

2020-11-23 15:19:54 - [MESSAGE][FAILED] - Unable to verify object '' is present (Root cause: com.kms.katalon.core.exception.StepFailedException: Unable to verify object '' is present
	at com.kms.katalon.core.webui.keyword.internal.WebUIKeywordMain.stepFailed(WebUIKeywordMain.groovy:64)
	at com.kms.katalon.core.webui.keyword.internal.WebUIKeywordMain.runKeyword(WebUIKeywordMain.groovy:26)
	at com.kms.katalon.core.webui.keyword.builtin.VerifyElementPresentKeyword.verifyElementPresent(VerifyElementPresentKeyword.groovy:92)
	at com.kms.katalon.core.webui.keyword.builtin.VerifyElementPresentKeyword.execute(VerifyElementPresentKeyword.groovy:68)
	at com.kms.katalon.core.keyword.internal.KeywordExecutor.executeKeywordForPlatform(KeywordExecutor.groovy:73)
	at com.kms.katalon.core.webui.keyword.WebUiBuiltInKeywords.verifyElementPresent(WebUiBuiltInKeywords.groovy:1460)
	at com.kms.katalon.core.webui.keyword.WebUiBuiltInKeywords$verifyElementPresent$6.call(Unknown Source)
	at ist_real.Contract_Dispatcher.clickonTab(Contract_Dispatcher.groovy:1191)
	at cucumber.runtime.Utils$1.call(Utils.java:26)
	at cucumber.runtime.Timeout.timeout(Timeout.java:16)
	at cucumber.runtime.Utils.invoke(Utils.java:20)
	at cucumber.runtime.java.JavaStepDefinition.execute(JavaStepDefinition.java:48)
	at cucumber.runtime.PickleStepDefinitionMatch.runStep(PickleStepDefinitionMatch.java:50)
	at cucumber.runner.TestStep.executeStep(TestStep.java:55)
	at cucumber.runner.TestStep.run(TestStep.java:42)
	at cucumber.runner.PickleStepTestStep.run(PickleStepTestStep.java:53)
	at cucumber.runner.TestCase.run(TestCase.java:47)
	at cucumber.runner.Runner.runPickle(Runner.java:44)
	at cucumber.runtime.Runtime.runFeature(Runtime.java:120)
	at cucumber.runtime.Runtime.run(Runtime.java:106)
	at cucumber.api.cli.Main.run(Main.java:35)
	at cucumber.api.cli.Main$run.call(Unknown Source)
	at com.kms.katalon.core.cucumber.keyword.CucumberBuiltinKeywords$_runFeatureFile_closure1.doCall(CucumberBuiltinKeywords.groovy:76)
	at com.kms.katalon.core.cucumber.keyword.CucumberBuiltinKeywords$_runFeatureFile_closure1.doCall(CucumberBuiltinKeywords.groovy)
	at com.kms.katalon.core.keyword.internal.KeywordMain.runKeyword(KeywordMain.groovy:68)
	at com.kms.katalon.core.keyword.internal.KeywordMain$runKeyword.call(Unknown Source)
	at com.kms.katalon.core.cucumber.keyword.CucumberBuiltinKeywords.runFeatureFile(CucumberBuiltinKeywords.groovy:46)
	at com.kms.katalon.core.cucumber.keyword.CucumberBuiltinKeywords$runFeatureFile$0.callStatic(Unknown Source)
	at com.kms.katalon.core.cucumber.keyword.CucumberBuiltinKeywords.runFeatureFile(CucumberBuiltinKeywords.groovy:169)
	at com.kms.katalon.core.cucumber.keyword.CucumberBuiltinKeywords$runFeatureFile.call(Unknown Source)
	at TC BLIBLI - Pick Mistake Without Write Textarea Note After.run(TC BLIBLI - Pick Mistake Without Write Textarea Note After:18)
	at com.kms.katalon.core.main.ScriptEngine.run(ScriptEngine.java:194)
	at com.kms.katalon.core.main.ScriptEngine.runScriptAsRawText(ScriptEngine.java:119)
	at com.kms.katalon.core.main.TestCaseExecutor.runScript(TestCaseExecutor.java:339)
	at com.kms.katalon.core.main.TestCaseExecutor.doExecute(TestCaseExecutor.java:330)
	at com.kms.katalon.core.main.TestCaseExecutor.processExecutionPhase(TestCaseExecutor.java:309)
	at com.kms.katalon.core.main.TestCaseExecutor.accessMainPhase(TestCaseExecutor.java:301)
	at com.kms.katalon.core.main.TestCaseExecutor.execute(TestCaseExecutor.java:235)
	at com.kms.katalon.core.main.TestSuiteExecutor.accessTestCaseMainPhase(TestSuiteExecutor.java:191)
	at com.kms.katalon.core.main.TestSuiteExecutor.accessTestSuiteMainPhase(TestSuiteExecutor.java:141)
	at com.kms.katalon.core.main.TestSuiteExecutor.execute(TestSuiteExecutor.java:90)
	at com.kms.katalon.core.main.TestCaseMain.startTestSuite(TestCaseMain.java:157)
	at com.kms.katalon.core.main.TestCaseMain$startTestSuite$0.call(Unknown Source)
	at TempTestSuite1606119238455.run(TempTestSuite1606119238455.groovy:39)
Caused by: com.kms.katalon.core.exception.StepFailedException: com.kms.katalon.core.webui.exception.WebElementNotFoundException: Web element with id: '' located by '//span[@class='z-tab-text' and contains(text(),'KTP')]' not found
	at com.kms.katalon.core.webui.keyword.internal.WebUIKeywordMain.stepFailed(WebUIKeywordMain.groovy:64)
	at com.kms.katalon.core.webui.keyword.builtin.VerifyElementPresentKeyword$_verifyElementPresent_closure1.doCall(VerifyElementPresentKeyword.groovy:85)
	at com.kms.katalon.core.webui.keyword.builtin.VerifyElementPresentKeyword$_verifyElementPresent_closure1.call(VerifyElementPresentKeyword.groovy)
	at com.kms.katalon.core.webui.keyword.internal.WebUIKeywordMain.runKeyword(WebUIKeywordMain.groovy:20)
	... 42 more
)
[[ATTACHMENT|/Users/chaidir.pratama01/Katalon Studio/IST_Automation_Git/Reports/20201123_151358/CONTRACT_DISPATCHER_DONA_B2B/TS_BLIBLI/20201123_151358/1606119593867.png]]

2020-11-23 15:19:54 - [MESSAGE][FAILED] - Click on Tab "KTP" FAILED.
Reason:
com.kms.katalon.core.exception.StepFailedException: Unable to verify object '' is present
	at com.kms.katalon.core.webui.keyword.internal.WebUIKeywordMain.stepFailed(WebUIKeywordMain.groovy:64)
	at com.kms.katalon.core.webui.keyword.internal.WebUIKeywordMain.runKeyword(WebUIKeywordMain.groovy:26)
	at com.kms.katalon.core.webui.keyword.builtin.VerifyElementPresentKeyword.verifyElementPresent(VerifyElementPresentKeyword.groovy:92)
	at com.kms.katalon.core.webui.keyword.builtin.VerifyElementPresentKeyword.execute(VerifyElementPresentKeyword.groovy:68)
	at com.kms.katalon.core.keyword.internal.KeywordExecutor.executeKeywordForPlatform(KeywordExecutor.groovy:73)
	at com.kms.katalon.core.webui.keyword.WebUiBuiltInKeywords.verifyElementPresent(WebUiBuiltInKeywords.groovy:1460)
	at com.kms.katalon.core.webui.keyword.WebUiBuiltInKeywords$verifyElementPresent$6.call(Unknown Source)
	at ist_real.Contract_Dispatcher.clickonTab(Contract_Dispatcher.groovy:1191)
	at ✽.Click on Tab "KTP"(/Users/chaidir.pratama01/Katalon Studio/IST_Automation_Git/Include/features/IST_Real/CONTRACT_DISPATCHER_DONA_B2B/BLIBLI/Pick_Mistake_Without_Write_Textarea_Note_After.feature:49)
Caused by: com.kms.katalon.core.exception.StepFailedException: com.kms.katalon.core.webui.exception.WebElementNotFoundException: Web element with id: '' located by '//span[@class='z-tab-text' and contains(text(),'KTP')]' not found
	at com.kms.katalon.core.webui.keyword.internal.WebUIKeywordMain.stepFailed(WebUIKeywordMain.groovy:64)
	at com.kms.katalon.core.webui.keyword.builtin.VerifyElementPresentKeyword$_verifyElementPresent_closure1.doCall(VerifyElementPresentKeyword.groovy:85)
	at com.kms.katalon.core.webui.keyword.builtin.VerifyElementPresentKeyword$_verifyElementPresent_closure1.call(VerifyElementPresentKeyword.groovy)
	at com.kms.katalon.core.webui.keyword.internal.WebUIKeywordMain.runKeyword(WebUIKeywordMain.groovy:20)
	at com.kms.katalon.core.webui.keyword.builtin.VerifyElementPresentKeyword.verifyElementPresent(VerifyElementPresentKeyword.groovy:92)
	at com.kms.katalon.core.webui.keyword.builtin.VerifyElementPresentKeyword.execute(VerifyElementPresentKeyword.groovy:68)
	at com.kms.katalon.core.keyword.internal.KeywordExecutor.executeKeywordForPlatform(KeywordExecutor.groovy:73)
	at com.kms.katalon.core.webui.keyword.WebUiBuiltInKeywords.verifyElementPresent(WebUiBuiltInKeywords.groovy:1460)
	at com.kms.katalon.core.webui.keyword.WebUiBuiltInKeywords$verifyElementPresent$6.call(Unknown Source)
	at ist_real.Contract_Dispatcher.clickonTab(Contract_Dispatcher.groovy:1191)
	at cucumber.runtime.Utils$1.call(Utils.java:26)
	at cucumber.runtime.Timeout.timeout(Timeout.java:16)
	at cucumber.runtime.Utils.invoke(Utils.java:20)
	at cucumber.runtime.java.JavaStepDefinition.execute(JavaStepDefinition.java:48)
	at cucumber.runtime.PickleStepDefinitionMatch.runStep(PickleStepDefinitionMatch.java:50)
	at cucumber.runner.TestStep.executeStep(TestStep.java:55)
	at cucumber.runner.TestStep.run(TestStep.java:42)
	at cucumber.runner.PickleStepTestStep.run(PickleStepTestStep.java:53)
	at cucumber.runner.TestCase.run(TestCase.java:47)
	at cucumber.runner.Runner.runPickle(Runner.java:44)
	at cucumber.runtime.Runtime.runFeature(Runtime.java:120)
	at cucumber.runtime.Runtime.run(Runtime.java:106)
	at cucumber.api.cli.Main.run(Main.java:35)
	at cucumber.api.cli.Main$run.call(Unknown Source)
	at com.kms.katalon.core.cucumber.keyword.CucumberBuiltinKeywords$_runFeatureFile_closure1.doCall(CucumberBuiltinKeywords.groovy:76)
	at com.kms.katalon.core.cucumber.keyword.CucumberBuiltinKeywords$_runFeatureFile_closure1.doCall(CucumberBuiltinKeywords.groovy)
	at com.kms.katalon.core.keyword.internal.KeywordMain.runKeyword(KeywordMain.groovy:68)
	at com.kms.katalon.core.keyword.internal.KeywordMain$runKeyword.call(Unknown Source)
	at com.kms.katalon.core.cucumber.keyword.CucumberBuiltinKeywords.runFeatureFile(CucumberBuiltinKeywords.groovy:46)
	at com.kms.katalon.core.cucumber.keyword.CucumberBuiltinKeywords$runFeatureFile$0.callStatic(Unknown Source)
	at com.kms.katalon.core.cucumber.keyword.CucumberBuiltinKeywords.runFeatureFile(CucumberBuiltinKeywords.groovy:169)
	at com.kms.katalon.core.cucumber.keyword.CucumberBuiltinKeywords$runFeatureFile.call(Unknown Source)
	at TC BLIBLI - Pick Mistake Without Write Textarea Note After.run(TC BLIBLI - Pick Mistake Without Write Textarea Note After:18)
	at com.kms.katalon.core.main.ScriptEngine.run(ScriptEngine.java:194)
	at com.kms.katalon.core.main.ScriptEngine.runScriptAsRawText(ScriptEngine.java:119)
	at com.kms.katalon.core.main.TestCaseExecutor.runScript(TestCaseExecutor.java:339)
	at com.kms.katalon.core.main.TestCaseExecutor.doExecute(TestCaseExecutor.java:330)
	at com.kms.katalon.core.main.TestCaseExecutor.processExecutionPhase(TestCaseExecutor.java:309)
	at com.kms.katalon.core.main.TestCaseExecutor.accessMainPhase(TestCaseExecutor.java:301)
	at com.kms.katalon.core.main.TestCaseExecutor.execute(TestCaseExecutor.java:235)
	at com.kms.katalon.core.main.TestSuiteExecutor.accessTestCaseMainPhase(TestSuiteExecutor.java:191)
	at com.kms.katalon.core.main.TestSuiteExecutor.accessTestSuiteMainPhase(TestSuiteExecutor.java:141)
	at com.kms.katalon.core.main.TestSuiteExecutor.execute(TestSuiteExecutor.java:90)
	at com.kms.katalon.core.main.TestCaseMain.startTestSuite(TestCaseMain.java:157)
	at com.kms.katalon.core.main.TestCaseMain$startTestSuite$0.call(Unknown Source)
	at TempTestSuite1606119238455.run(TempTestSuite1606119238455.groovy:39)


2020-11-23 15:19:54 - [TEST_STEP][NOT_RUN] - Checkbox General Mistake "20. KTP atau Resi - Alamat tetap pemohon pada sistem (HoS) berbeda dengan KTP": Checkbox General Mistake "20. KTP atau Resi - Alamat tetap pemohon pada sistem (HoS) berbeda dengan KTP"

2020-11-23 15:19:54 - [MESSAGE][NOT_RUN] - Checkbox General Mistake "20. KTP atau Resi - Alamat tetap pemohon pada sistem (HoS) berbeda dengan KTP"

2020-11-23 15:19:54 - [TEST_STEP][NOT_RUN] - Choose Dropdown mistake type "Beda RT" from mistake name "20. KTP atau Resi - Alamat tetap pemohon pada sistem (HoS) berbeda dengan KTP": Choose Dropdown mistake type "Beda RT" from mistake name "20. KTP atau Resi - Alamat tetap pemohon pada sistem (HoS) berbeda dengan KTP"

2020-11-23 15:19:54 - [MESSAGE][NOT_RUN] - Choose Dropdown mistake type "Beda RT" from mistake name "20. KTP atau Resi - Alamat tetap pemohon pada sistem (HoS) berbeda dengan KTP"

2020-11-23 15:19:54 - [TEST_STEP][NOT_RUN] - Type on textarea note before based on mistake name "20. KTP atau Resi - Alamat tetap pemohon pada sistem (HoS) berbeda dengan KTP" with value "TESTING": Type on textarea note before based on mistake name "20. KTP atau Resi - Alamat tetap pemohon pada sistem (HoS) berbeda dengan KTP" with value "TESTING"

2020-11-23 15:19:54 - [MESSAGE][NOT_RUN] - Type on textarea note before based on mistake name "20. KTP atau Resi - Alamat tetap pemohon pada sistem (HoS) berbeda dengan KTP" with value "TESTING"

2020-11-23 15:19:54 - [TEST_STEP][NOT_RUN] - Click button "Save": Click button "Save"

2020-11-23 15:19:54 - [MESSAGE][NOT_RUN] - Click button "Save"

2020-11-23 15:19:54 - [TEST_STEP][NOT_RUN] - Get text from pop up "IT Supporting Tools" with text "Note-after cannot be empty": Get text from pop up "IT Supporting Tools" with text "Note-after cannot be empty"

2020-11-23 15:19:54 - [MESSAGE][NOT_RUN] - Get text from pop up "IT Supporting Tools" with text "Note-after cannot be empty"

2020-11-23 15:19:54 - [TEST_STEP][NOT_RUN] - Click button "OK": Click button "OK"

2020-11-23 15:19:54 - [MESSAGE][NOT_RUN] - Click button "OK"

2020-11-23 15:19:54 - [TEST_STEP][NOT_RUN] - Click button "Logout": Click button "Logout"

2020-11-23 15:19:54 - [MESSAGE][NOT_RUN] - Click button "Logout"

2020-11-23 15:19:54 - [TEST_STEP][NOT_RUN] - Comment "Register Mistake failed because Note-after empty": Comment "Register Mistake failed because Note-after empty"

2020-11-23 15:19:54 - [MESSAGE][NOT_RUN] - Comment "Register Mistake failed because Note-after empty"

2020-11-23 15:19:54 - [TEST_STEP][NOT_RUN] - Close browser: Close browser

2020-11-23 15:19:54 - [MESSAGE][NOT_RUN] - Close browser

2020-11-23 15:19:54 - [MESSAGE][FAILED] - Feature file 'Include/features/IST_Real/CONTRACT_DISPATCHER_DONA_B2B/BLIBLI/Pick_Mistake_Without_Write_Textarea_Note_After.feature' was failed

2020-11-23 15:19:54 - [MESSAGE][FAILED] - Keyword runFeatureFile was failed (Root cause: com.kms.katalon.core.exception.StepFailedException: Feature file 'Include/features/IST_Real/CONTRACT_DISPATCHER_DONA_B2B/BLIBLI/Pick_Mistake_Without_Write_Textarea_Note_After.feature' was failed
	at com.kms.katalon.core.keyword.internal.KeywordMain.stepFailed(KeywordMain.groovy:50)
	at com.kms.katalon.core.keyword.internal.KeywordMain.stepFailed(KeywordMain.groovy)
	at com.kms.katalon.core.keyword.internal.KeywordMain.stepFailed(KeywordMain.groovy:23)
	at com.kms.katalon.core.keyword.internal.KeywordMain$stepFailed$0.call(Unknown Source)
	at com.kms.katalon.core.cucumber.keyword.CucumberBuiltinKeywords$_runFeatureFile_closure1.doCall(CucumberBuiltinKeywords.groovy:82)
	at com.kms.katalon.core.cucumber.keyword.CucumberBuiltinKeywords$_runFeatureFile_closure1.doCall(CucumberBuiltinKeywords.groovy)
	at com.kms.katalon.core.keyword.internal.KeywordMain.runKeyword(KeywordMain.groovy:68)
	at com.kms.katalon.core.keyword.internal.KeywordMain$runKeyword.call(Unknown Source)
	at com.kms.katalon.core.cucumber.keyword.CucumberBuiltinKeywords.runFeatureFile(CucumberBuiltinKeywords.groovy:46)
	at com.kms.katalon.core.cucumber.keyword.CucumberBuiltinKeywords$runFeatureFile$0.callStatic(Unknown Source)
	at com.kms.katalon.core.cucumber.keyword.CucumberBuiltinKeywords.runFeatureFile(CucumberBuiltinKeywords.groovy:169)
	at com.kms.katalon.core.cucumber.keyword.CucumberBuiltinKeywords$runFeatureFile.call(Unknown Source)
	at TC BLIBLI - Pick Mistake Without Write Textarea Note After.run(TC BLIBLI - Pick Mistake Without Write Textarea Note After:18)
	at com.kms.katalon.core.main.ScriptEngine.run(ScriptEngine.java:194)
	at com.kms.katalon.core.main.ScriptEngine.runScriptAsRawText(ScriptEngine.java:119)
	at com.kms.katalon.core.main.TestCaseExecutor.runScript(TestCaseExecutor.java:339)
	at com.kms.katalon.core.main.TestCaseExecutor.doExecute(TestCaseExecutor.java:330)
	at com.kms.katalon.core.main.TestCaseExecutor.processExecutionPhase(TestCaseExecutor.java:309)
	at com.kms.katalon.core.main.TestCaseExecutor.accessMainPhase(TestCaseExecutor.java:301)
	at com.kms.katalon.core.main.TestCaseExecutor.execute(TestCaseExecutor.java:235)
	at com.kms.katalon.core.main.TestSuiteExecutor.accessTestCaseMainPhase(TestSuiteExecutor.java:191)
	at com.kms.katalon.core.main.TestSuiteExecutor.accessTestSuiteMainPhase(TestSuiteExecutor.java:141)
	at com.kms.katalon.core.main.TestSuiteExecutor.execute(TestSuiteExecutor.java:90)
	at com.kms.katalon.core.main.TestCaseMain.startTestSuite(TestCaseMain.java:157)
	at com.kms.katalon.core.main.TestCaseMain$startTestSuite$0.call(Unknown Source)
	at TempTestSuite1606119238455.run(TempTestSuite1606119238455.groovy:39)
)]]></system-out>
         <system-err><![CDATA[2020-11-23 15:19:03 - [TEST_CASE][FAILED] - Test Cases/IST_Real/CONTRACT_DISPATCHER_DONA_B2B/BLIBLI/TC BLIBLI - Pick Mistake Without Write Textarea Note After: Test Cases/IST_Real/CONTRACT_DISPATCHER_DONA_B2B/BLIBLI/TC BLIBLI - Pick Mistake Without Write Textarea Note After FAILED.
Reason:
com.kms.katalon.core.exception.StepFailedException: Feature file 'Include/features/IST_Real/CONTRACT_DISPATCHER_DONA_B2B/BLIBLI/Pick_Mistake_Without_Write_Textarea_Note_After.feature' was failed
	at com.kms.katalon.core.keyword.internal.KeywordMain.stepFailed(KeywordMain.groovy:50)
	at com.kms.katalon.core.keyword.internal.KeywordMain.stepFailed(KeywordMain.groovy)
	at com.kms.katalon.core.keyword.internal.KeywordMain.stepFailed(KeywordMain.groovy:23)
	at com.kms.katalon.core.keyword.internal.KeywordMain$stepFailed$0.call(Unknown Source)
	at com.kms.katalon.core.cucumber.keyword.CucumberBuiltinKeywords$_runFeatureFile_closure1.doCall(CucumberBuiltinKeywords.groovy:82)
	at com.kms.katalon.core.cucumber.keyword.CucumberBuiltinKeywords$_runFeatureFile_closure1.doCall(CucumberBuiltinKeywords.groovy)
	at com.kms.katalon.core.keyword.internal.KeywordMain.runKeyword(KeywordMain.groovy:68)
	at com.kms.katalon.core.keyword.internal.KeywordMain$runKeyword.call(Unknown Source)
	at com.kms.katalon.core.cucumber.keyword.CucumberBuiltinKeywords.runFeatureFile(CucumberBuiltinKeywords.groovy:46)
	at com.kms.katalon.core.cucumber.keyword.CucumberBuiltinKeywords$runFeatureFile$0.callStatic(Unknown Source)
	at com.kms.katalon.core.cucumber.keyword.CucumberBuiltinKeywords.runFeatureFile(CucumberBuiltinKeywords.groovy:169)
	at com.kms.katalon.core.cucumber.keyword.CucumberBuiltinKeywords$runFeatureFile.call(Unknown Source)
	at TC BLIBLI - Pick Mistake Without Write Textarea Note After.run(TC BLIBLI - Pick Mistake Without Write Textarea Note After:18)
	at com.kms.katalon.core.main.ScriptEngine.run(ScriptEngine.java:194)
	at com.kms.katalon.core.main.ScriptEngine.runScriptAsRawText(ScriptEngine.java:119)
	at com.kms.katalon.core.main.TestCaseExecutor.runScript(TestCaseExecutor.java:339)
	at com.kms.katalon.core.main.TestCaseExecutor.doExecute(TestCaseExecutor.java:330)
	at com.kms.katalon.core.main.TestCaseExecutor.processExecutionPhase(TestCaseExecutor.java:309)
	at com.kms.katalon.core.main.TestCaseExecutor.accessMainPhase(TestCaseExecutor.java:301)
	at com.kms.katalon.core.main.TestCaseExecutor.execute(TestCaseExecutor.java:235)
	at com.kms.katalon.core.main.TestSuiteExecutor.accessTestCaseMainPhase(TestSuiteExecutor.java:191)
	at com.kms.katalon.core.main.TestSuiteExecutor.accessTestSuiteMainPhase(TestSuiteExecutor.java:141)
	at com.kms.katalon.core.main.TestSuiteExecutor.execute(TestSuiteExecutor.java:90)
	at com.kms.katalon.core.main.TestCaseMain.startTestSuite(TestCaseMain.java:157)
	at com.kms.katalon.core.main.TestCaseMain$startTestSuite$0.call(Unknown Source)
	at TempTestSuite1606119238455.run(TempTestSuite1606119238455.groovy:39)]]></system-err>
      </testcase>
      <testcase name="Test Cases/IST_Real/CONTRACT_DISPATCHER_DONA_B2B/BLIBLI/TC BLIBLI - Update Tbl CDS CDC TRKRegMistake" time="0.967" classname="Test Cases/IST_Real/CONTRACT_DISPATCHER_DONA_B2B/BLIBLI/TC BLIBLI - Update Tbl CDS CDC TRKRegMistake" status="PASSED">
         <system-out><![CDATA[2020-11-23 15:19:54 - [TEST_CASE][PASSED] - Test Cases/IST_Real/CONTRACT_DISPATCHER_DONA_B2B/BLIBLI/TC BLIBLI - Update Tbl CDS CDC TRKRegMistake: Test Cases/IST_Real/CONTRACT_DISPATCHER_DONA_B2B/BLIBLI/TC BLIBLI - Update Tbl CDS CDC TRKRegMistake

2020-11-23 15:19:54 - [TEST_STEP][PASSED] - runFeatureFile("Include/features/IST_Real/CONTRACT_DISPATCHER_DONA_B2B/BLIBLI/Update_Tbl_CDS_CDC_TRKRegMistake.feature"): Feature file: 'Include/features/IST_Real/CONTRACT_DISPATCHER_DONA_B2B/BLIBLI/Update_Tbl_CDS_CDC_TRKRegMistake.feature' was passed

2020-11-23 15:19:54 - [MESSAGE][INFO] - Starting run keyword runFeatureFile: 'Include/features/IST_Real/CONTRACT_DISPATCHER_DONA_B2B/BLIBLI/Update_Tbl_CDS_CDC_TRKRegMistake.feature' and extract report to folder: '/Users/chaidir.pratama01/Katalon Studio/IST_Automation_Git/Reports/20201123_151358/CONTRACT_DISPATCHER_DONA_B2B/TS_BLIBLI/20201123_151358/cucumber_report/1606119594375'...

2020-11-23 15:19:54 - [TEST_CASE][PASSED] - Start Test Case : SCENARIO Update Table CONTRACT_DISPATCHER_SOURCE and CONTRACT_DISPTACHER_CLAIM: SCENARIO Update Table CONTRACT_DISPATCHER_SOURCE and CONTRACT_DISPTACHER_CLAIM

2020-11-23 15:19:54 - [TEST_STEP][PASSED] - Connect to Database: Connect to Database

2020-11-23 15:19:54 - [MESSAGE][PASSED] - Connect to Database

2020-11-23 15:19:54 - [TEST_STEP][PASSED] - Update Tbl CONTRACT DISPATCHER SOURCE To Change PROCESSED From Y to N For BLIBLI: Update Tbl CONTRACT DISPATCHER SOURCE To Change PROCESSED From Y to N For BLIBLI

2020-11-23 15:19:54 - [MESSAGE][PASSED] - Update Tbl CONTRACT DISPATCHER SOURCE To Change PROCESSED From Y to N For BLIBLI

2020-11-23 15:19:54 - [TEST_STEP][PASSED] - Update Tbl CONTRACT DISPATCHER CLAIM To Delete PROCESS From Column STATUS: Update Tbl CONTRACT DISPATCHER CLAIM To Delete PROCESS From Column STATUS

2020-11-23 15:19:55 - [MESSAGE][PASSED] - Update Tbl CONTRACT DISPATCHER CLAIM To Delete PROCESS From Column STATUS

2020-11-23 15:19:55 - [TEST_STEP][PASSED] - Delete Contract From TRK_REGISTRATION_MISTAKE: Delete Contract From TRK_REGISTRATION_MISTAKE

2020-11-23 15:19:55 - [MESSAGE][PASSED] - Delete Contract From TRK_REGISTRATION_MISTAKE

2020-11-23 15:19:55 - [MESSAGE][PASSED] - Feature file: 'Include/features/IST_Real/CONTRACT_DISPATCHER_DONA_B2B/BLIBLI/Update_Tbl_CDS_CDC_TRKRegMistake.feature' was passed]]></system-out>
         <system-err><![CDATA[]]></system-err>
      </testcase>
      <testcase name="Test Cases/IST_Real/CONTRACT_DISPATCHER_DONA_B2B/BLIBLI/TC BLIBLI - Column PROCESSED Turn N When Status RELEASE BLIBLI" time="618.949" classname="Test Cases/IST_Real/CONTRACT_DISPATCHER_DONA_B2B/BLIBLI/TC BLIBLI - Column PROCESSED Turn N When Status RELEASE BLIBLI" status="FAILED">
         <failure type="FAILED" message="Test Cases/IST_Real/CONTRACT_DISPATCHER_DONA_B2B/BLIBLI/TC BLIBLI - Column PROCESSED Turn N When Status RELEASE BLIBLI FAILED.
Reason:
com.kms.katalon.core.exception.StepFailedException: Feature file 'Include/features/IST_Real/CONTRACT_DISPATCHER_DONA_B2B/BLIBLI/Column_PROCESSED_Turn_N_When_Status_RELEASE_BLIBLI.feature' was failed
	at com.kms.katalon.core.keyword.internal.KeywordMain.stepFailed(KeywordMain.groovy:50)
	at com.kms.katalon.core.keyword.internal.KeywordMain.stepFailed(KeywordMain.groovy)
	at com.kms.katalon.core.keyword.internal.KeywordMain.stepFailed(KeywordMain.groovy:23)
	at com.kms.katalon.core.keyword.internal.KeywordMain$stepFailed$0.call(Unknown Source)
	at com.kms.katalon.core.cucumber.keyword.CucumberBuiltinKeywords$_runFeatureFile_closure1.doCall(CucumberBuiltinKeywords.groovy:82)
	at com.kms.katalon.core.cucumber.keyword.CucumberBuiltinKeywords$_runFeatureFile_closure1.doCall(CucumberBuiltinKeywords.groovy)
	at com.kms.katalon.core.keyword.internal.KeywordMain.runKeyword(KeywordMain.groovy:68)
	at com.kms.katalon.core.keyword.internal.KeywordMain$runKeyword.call(Unknown Source)
	at com.kms.katalon.core.cucumber.keyword.CucumberBuiltinKeywords.runFeatureFile(CucumberBuiltinKeywords.groovy:46)
	at com.kms.katalon.core.cucumber.keyword.CucumberBuiltinKeywords$runFeatureFile$0.callStatic(Unknown Source)
	at com.kms.katalon.core.cucumber.keyword.CucumberBuiltinKeywords.runFeatureFile(CucumberBuiltinKeywords.groovy:169)
	at com.kms.katalon.core.cucumber.keyword.CucumberBuiltinKeywords$runFeatureFile.call(Unknown Source)
	at TC BLIBLI - Column PROCESSED Turn N When Status RELEASE BLIBLI.run(TC BLIBLI - Column PROCESSED Turn N When Status RELEASE BLIBLI:18)
	at com.kms.katalon.core.main.ScriptEngine.run(ScriptEngine.java:194)
	at com.kms.katalon.core.main.ScriptEngine.runScriptAsRawText(ScriptEngine.java:119)
	at com.kms.katalon.core.main.TestCaseExecutor.runScript(TestCaseExecutor.java:339)
	at com.kms.katalon.core.main.TestCaseExecutor.doExecute(TestCaseExecutor.java:330)
	at com.kms.katalon.core.main.TestCaseExecutor.processExecutionPhase(TestCaseExecutor.java:309)
	at com.kms.katalon.core.main.TestCaseExecutor.accessMainPhase(TestCaseExecutor.java:301)
	at com.kms.katalon.core.main.TestCaseExecutor.execute(TestCaseExecutor.java:235)
	at com.kms.katalon.core.main.TestSuiteExecutor.accessTestCaseMainPhase(TestSuiteExecutor.java:191)
	at com.kms.katalon.core.main.TestSuiteExecutor.accessTestSuiteMainPhase(TestSuiteExecutor.java:141)
	at com.kms.katalon.core.main.TestSuiteExecutor.execute(TestSuiteExecutor.java:90)
	at com.kms.katalon.core.main.TestCaseMain.startTestSuite(TestCaseMain.java:157)
	at com.kms.katalon.core.main.TestCaseMain$startTestSuite$0.call(Unknown Source)
	at TempTestSuite1606119238455.run(TempTestSuite1606119238455.groovy:39)
"/>
         <system-out><![CDATA[2020-11-23 15:19:55 - [TEST_CASE][FAILED] - Test Cases/IST_Real/CONTRACT_DISPATCHER_DONA_B2B/BLIBLI/TC BLIBLI - Column PROCESSED Turn N When Status RELEASE BLIBLI: Test Cases/IST_Real/CONTRACT_DISPATCHER_DONA_B2B/BLIBLI/TC BLIBLI - Column PROCESSED Turn N When Status RELEASE BLIBLI FAILED.
Reason:
com.kms.katalon.core.exception.StepFailedException: Feature file 'Include/features/IST_Real/CONTRACT_DISPATCHER_DONA_B2B/BLIBLI/Column_PROCESSED_Turn_N_When_Status_RELEASE_BLIBLI.feature' was failed
	at com.kms.katalon.core.keyword.internal.KeywordMain.stepFailed(KeywordMain.groovy:50)
	at com.kms.katalon.core.keyword.internal.KeywordMain.stepFailed(KeywordMain.groovy)
	at com.kms.katalon.core.keyword.internal.KeywordMain.stepFailed(KeywordMain.groovy:23)
	at com.kms.katalon.core.keyword.internal.KeywordMain$stepFailed$0.call(Unknown Source)
	at com.kms.katalon.core.cucumber.keyword.CucumberBuiltinKeywords$_runFeatureFile_closure1.doCall(CucumberBuiltinKeywords.groovy:82)
	at com.kms.katalon.core.cucumber.keyword.CucumberBuiltinKeywords$_runFeatureFile_closure1.doCall(CucumberBuiltinKeywords.groovy)
	at com.kms.katalon.core.keyword.internal.KeywordMain.runKeyword(KeywordMain.groovy:68)
	at com.kms.katalon.core.keyword.internal.KeywordMain$runKeyword.call(Unknown Source)
	at com.kms.katalon.core.cucumber.keyword.CucumberBuiltinKeywords.runFeatureFile(CucumberBuiltinKeywords.groovy:46)
	at com.kms.katalon.core.cucumber.keyword.CucumberBuiltinKeywords$runFeatureFile$0.callStatic(Unknown Source)
	at com.kms.katalon.core.cucumber.keyword.CucumberBuiltinKeywords.runFeatureFile(CucumberBuiltinKeywords.groovy:169)
	at com.kms.katalon.core.cucumber.keyword.CucumberBuiltinKeywords$runFeatureFile.call(Unknown Source)
	at TC BLIBLI - Column PROCESSED Turn N When Status RELEASE BLIBLI.run(TC BLIBLI - Column PROCESSED Turn N When Status RELEASE BLIBLI:18)
	at com.kms.katalon.core.main.ScriptEngine.run(ScriptEngine.java:194)
	at com.kms.katalon.core.main.ScriptEngine.runScriptAsRawText(ScriptEngine.java:119)
	at com.kms.katalon.core.main.TestCaseExecutor.runScript(TestCaseExecutor.java:339)
	at com.kms.katalon.core.main.TestCaseExecutor.doExecute(TestCaseExecutor.java:330)
	at com.kms.katalon.core.main.TestCaseExecutor.processExecutionPhase(TestCaseExecutor.java:309)
	at com.kms.katalon.core.main.TestCaseExecutor.accessMainPhase(TestCaseExecutor.java:301)
	at com.kms.katalon.core.main.TestCaseExecutor.execute(TestCaseExecutor.java:235)
	at com.kms.katalon.core.main.TestSuiteExecutor.accessTestCaseMainPhase(TestSuiteExecutor.java:191)
	at com.kms.katalon.core.main.TestSuiteExecutor.accessTestSuiteMainPhase(TestSuiteExecutor.java:141)
	at com.kms.katalon.core.main.TestSuiteExecutor.execute(TestSuiteExecutor.java:90)
	at com.kms.katalon.core.main.TestCaseMain.startTestSuite(TestCaseMain.java:157)
	at com.kms.katalon.core.main.TestCaseMain$startTestSuite$0.call(Unknown Source)
	at TempTestSuite1606119238455.run(TempTestSuite1606119238455.groovy:39)


2020-11-23 15:19:55 - [TEST_STEP][FAILED] - runFeatureFile("Include/features/IST_Real/CONTRACT_DISPATCHER_DONA_B2B/BLIBLI/Column_PROCESSED_Turn_N_When_Status_RELEASE_BLIBLI.feature"): Keyword runFeatureFile was failed (Root cause: com.kms.katalon.core.exception.StepFailedException: Feature file 'Include/features/IST_Real/CONTRACT_DISPATCHER_DONA_B2B/BLIBLI/Column_PROCESSED_Turn_N_When_Status_RELEASE_BLIBLI.feature' was failed
	at com.kms.katalon.core.keyword.internal.KeywordMain.stepFailed(KeywordMain.groovy:50)
	at com.kms.katalon.core.keyword.internal.KeywordMain.stepFailed(KeywordMain.groovy)
	at com.kms.katalon.core.keyword.internal.KeywordMain.stepFailed(KeywordMain.groovy:23)
	at com.kms.katalon.core.keyword.internal.KeywordMain$stepFailed$0.call(Unknown Source)
	at com.kms.katalon.core.cucumber.keyword.CucumberBuiltinKeywords$_runFeatureFile_closure1.doCall(CucumberBuiltinKeywords.groovy:82)
	at com.kms.katalon.core.cucumber.keyword.CucumberBuiltinKeywords$_runFeatureFile_closure1.doCall(CucumberBuiltinKeywords.groovy)
	at com.kms.katalon.core.keyword.internal.KeywordMain.runKeyword(KeywordMain.groovy:68)
	at com.kms.katalon.core.keyword.internal.KeywordMain$runKeyword.call(Unknown Source)
	at com.kms.katalon.core.cucumber.keyword.CucumberBuiltinKeywords.runFeatureFile(CucumberBuiltinKeywords.groovy:46)
	at com.kms.katalon.core.cucumber.keyword.CucumberBuiltinKeywords$runFeatureFile$0.callStatic(Unknown Source)
	at com.kms.katalon.core.cucumber.keyword.CucumberBuiltinKeywords.runFeatureFile(CucumberBuiltinKeywords.groovy:169)
	at com.kms.katalon.core.cucumber.keyword.CucumberBuiltinKeywords$runFeatureFile.call(Unknown Source)
	at TC BLIBLI - Column PROCESSED Turn N When Status RELEASE BLIBLI.run(TC BLIBLI - Column PROCESSED Turn N When Status RELEASE BLIBLI:18)
	at com.kms.katalon.core.main.ScriptEngine.run(ScriptEngine.java:194)
	at com.kms.katalon.core.main.ScriptEngine.runScriptAsRawText(ScriptEngine.java:119)
	at com.kms.katalon.core.main.TestCaseExecutor.runScript(TestCaseExecutor.java:339)
	at com.kms.katalon.core.main.TestCaseExecutor.doExecute(TestCaseExecutor.java:330)
	at com.kms.katalon.core.main.TestCaseExecutor.processExecutionPhase(TestCaseExecutor.java:309)
	at com.kms.katalon.core.main.TestCaseExecutor.accessMainPhase(TestCaseExecutor.java:301)
	at com.kms.katalon.core.main.TestCaseExecutor.execute(TestCaseExecutor.java:235)
	at com.kms.katalon.core.main.TestSuiteExecutor.accessTestCaseMainPhase(TestSuiteExecutor.java:191)
	at com.kms.katalon.core.main.TestSuiteExecutor.accessTestSuiteMainPhase(TestSuiteExecutor.java:141)
	at com.kms.katalon.core.main.TestSuiteExecutor.execute(TestSuiteExecutor.java:90)
	at com.kms.katalon.core.main.TestCaseMain.startTestSuite(TestCaseMain.java:157)
	at com.kms.katalon.core.main.TestCaseMain$startTestSuite$0.call(Unknown Source)
	at TempTestSuite1606119238455.run(TempTestSuite1606119238455.groovy:39)
)

2020-11-23 15:19:55 - [MESSAGE][INFO] - Starting run keyword runFeatureFile: 'Include/features/IST_Real/CONTRACT_DISPATCHER_DONA_B2B/BLIBLI/Column_PROCESSED_Turn_N_When_Status_RELEASE_BLIBLI.feature' and extract report to folder: '/Users/chaidir.pratama01/Katalon Studio/IST_Automation_Git/Reports/20201123_151358/CONTRACT_DISPATCHER_DONA_B2B/TS_BLIBLI/20201123_151358/cucumber_report/1606119595412'...

2020-11-23 15:19:55 - [TEST_CASE][FAILED] - Start Test Case : SCENARIO Claim Contract DONA BliBli in Contract Dispatcher Menu then idle for 10 minutes, STATUS in Table CONTRACT_DISPATCHER_CLAIM turn RELEASE and PROCESSED in CONTRACT_DISPATCHER_SOURCE turns N: SCENARIO Claim Contract DONA BliBli in Contract Dispatcher Menu then idle for 10 minutes, STATUS in Table CONTRACT_DISPATCHER_CLAIM turn RELEASE and PROCESSED in CONTRACT_DISPATCHER_SOURCE turns N FAILED.
Reason:
com.kms.katalon.core.exception.StepFailedException: Unable to click on object ''
	at com.kms.katalon.core.webui.keyword.internal.WebUIKeywordMain.stepFailed(WebUIKeywordMain.groovy:64)
	at com.kms.katalon.core.webui.keyword.internal.WebUIKeywordMain.runKeyword(WebUIKeywordMain.groovy:26)
	at com.kms.katalon.core.webui.keyword.builtin.ClickKeyword.click(ClickKeyword.groovy:76)
	at com.kms.katalon.core.webui.keyword.builtin.ClickKeyword.execute(ClickKeyword.groovy:43)
	at com.kms.katalon.core.keyword.internal.KeywordExecutor.executeKeywordForPlatform(KeywordExecutor.groovy:73)
	at com.kms.katalon.core.webui.keyword.WebUiBuiltInKeywords.click(WebUiBuiltInKeywords.groovy:616)
	at com.kms.katalon.core.webui.keyword.WebUiBuiltInKeywords$click$4.call(Unknown Source)
	at ist_real.Contract_Dispatcher.SelectMenu(Contract_Dispatcher.groovy:198)
	at ✽.Select Menu "Contract Dispatcher"(/Users/chaidir.pratama01/Katalon Studio/IST_Automation_Git/Include/features/IST_Real/CONTRACT_DISPATCHER_DONA_B2B/BLIBLI/Column_PROCESSED_Turn_N_When_Status_RELEASE_BLIBLI.feature:36)
Caused by: org.openqa.selenium.ElementClickInterceptedException: element click intercepted: Element <span class="z-treecell-text">...</span> is not clickable at point (77, 95). Other element would receive the click: <div id="x7GQp2-mask" class="z-modal-mask" style="z-index: 1800; left: 0px; top: 0px; width: 1680px; height: 814px; display: block;"></div>
  (Session info: headless chrome=87.0.4280.67)
Build info: version: '3.141.59', revision: 'e82be7d358', time: '2018-11-14T08:25:53'
System info: host: 'M-Chaidir-Pratama.local', ip: 'fe80:0:0:0:4eb:a1a0:5ba9:6278%en0', os.name: 'Mac OS X', os.arch: 'x86_64', os.version: '10.15', java.version: '1.8.0_181'
Driver info: com.kms.katalon.selenium.driver.CChromeDriver
Capabilities {acceptInsecureCerts: false, browserName: chrome, browserVersion: 87.0.4280.67, chrome: {chromedriverVersion: 86.0.4240.22 (398b0743353ff..., userDataDir: /var/folders/0s/4_d154xd6dq...}, goog:chromeOptions: {debuggerAddress: localhost:60335}, javascriptEnabled: true, networkConnectionEnabled: false, pageLoadStrategy: normal, platform: MAC, platformName: MAC, proxy: Proxy(), setWindowRect: true, strictFileInteractability: false, timeouts: {implicit: 0, pageLoad: 300000, script: 30000}, unhandledPromptBehavior: dismiss and notify, webauthn:virtualAuthenticators: true}
Session ID: a9e0b6623fef55a0ca0c6f5e45ce5903
	at org.openqa.selenium.remote.http.W3CHttpResponseCodec.createException(W3CHttpResponseCodec.java:187)
	at org.openqa.selenium.remote.http.W3CHttpResponseCodec.decode(W3CHttpResponseCodec.java:122)
	at org.openqa.selenium.remote.http.W3CHttpResponseCodec.decode(W3CHttpResponseCodec.java:49)
	at org.openqa.selenium.remote.HttpCommandExecutor.execute(HttpCommandExecutor.java:158)
	at org.openqa.selenium.remote.service.DriverCommandExecutor.execute(DriverCommandExecutor.java:83)
	at org.openqa.selenium.remote.RemoteWebDriver.execute(RemoteWebDriver.java:552)
	at com.kms.katalon.selenium.driver.CChromeDriver.execute(CChromeDriver.java:19)
	at org.openqa.selenium.remote.RemoteWebElement.execute(RemoteWebElement.java:285)
	at org.openqa.selenium.remote.RemoteWebElement.click(RemoteWebElement.java:84)
	at org.openqa.selenium.support.events.EventFiringWebDriver$EventFiringWebElement.lambda$new$0(EventFiringWebDriver.java:404)
	at com.sun.proxy.$Proxy21.click(Unknown Source)
	at org.openqa.selenium.support.events.EventFiringWebDriver$EventFiringWebElement.click(EventFiringWebDriver.java:417)
	at com.kms.katalon.core.webui.keyword.builtin.ClickKeyword$_click_closure1.doCall(ClickKeyword.groovy:69)
	at com.kms.katalon.core.webui.keyword.builtin.ClickKeyword$_click_closure1.call(ClickKeyword.groovy)
	at com.kms.katalon.core.webui.keyword.internal.WebUIKeywordMain.runKeyword(WebUIKeywordMain.groovy:20)
	at com.kms.katalon.core.webui.keyword.builtin.ClickKeyword.click(ClickKeyword.groovy:76)
	at com.kms.katalon.core.webui.keyword.builtin.ClickKeyword.execute(ClickKeyword.groovy:43)
	at com.kms.katalon.core.keyword.internal.KeywordExecutor.executeKeywordForPlatform(KeywordExecutor.groovy:73)
	at com.kms.katalon.core.webui.keyword.WebUiBuiltInKeywords.click(WebUiBuiltInKeywords.groovy:616)
	at com.kms.katalon.core.webui.keyword.WebUiBuiltInKeywords$click$4.call(Unknown Source)
	at ist_real.Contract_Dispatcher.SelectMenu(Contract_Dispatcher.groovy:198)
	at cucumber.runtime.Utils$1.call(Utils.java:26)
	at cucumber.runtime.Timeout.timeout(Timeout.java:16)
	at cucumber.runtime.Utils.invoke(Utils.java:20)
	at cucumber.runtime.java.JavaStepDefinition.execute(JavaStepDefinition.java:48)
	at cucumber.runtime.PickleStepDefinitionMatch.runStep(PickleStepDefinitionMatch.java:50)
	at cucumber.runner.TestStep.executeStep(TestStep.java:55)
	at cucumber.runner.TestStep.run(TestStep.java:42)
	at cucumber.runner.PickleStepTestStep.run(PickleStepTestStep.java:53)
	at cucumber.runner.TestCase.run(TestCase.java:47)
	at cucumber.runner.Runner.runPickle(Runner.java:44)
	at cucumber.runtime.Runtime.runFeature(Runtime.java:120)
	at cucumber.runtime.Runtime.run(Runtime.java:106)
	at cucumber.api.cli.Main.run(Main.java:35)
	at cucumber.api.cli.Main$run.call(Unknown Source)
	at com.kms.katalon.core.cucumber.keyword.CucumberBuiltinKeywords$_runFeatureFile_closure1.doCall(CucumberBuiltinKeywords.groovy:76)
	at com.kms.katalon.core.cucumber.keyword.CucumberBuiltinKeywords$_runFeatureFile_closure1.doCall(CucumberBuiltinKeywords.groovy)
	at com.kms.katalon.core.keyword.internal.KeywordMain.runKeyword(KeywordMain.groovy:68)
	at com.kms.katalon.core.keyword.internal.KeywordMain$runKeyword.call(Unknown Source)
	at com.kms.katalon.core.cucumber.keyword.CucumberBuiltinKeywords.runFeatureFile(CucumberBuiltinKeywords.groovy:46)
	at com.kms.katalon.core.cucumber.keyword.CucumberBuiltinKeywords$runFeatureFile$0.callStatic(Unknown Source)
	at com.kms.katalon.core.cucumber.keyword.CucumberBuiltinKeywords.runFeatureFile(CucumberBuiltinKeywords.groovy:169)
	at com.kms.katalon.core.cucumber.keyword.CucumberBuiltinKeywords$runFeatureFile.call(Unknown Source)
	at TC BLIBLI - Column PROCESSED Turn N When Status RELEASE BLIBLI.run(TC BLIBLI - Column PROCESSED Turn N When Status RELEASE BLIBLI:18)
	at com.kms.katalon.core.main.ScriptEngine.run(ScriptEngine.java:194)
	at com.kms.katalon.core.main.ScriptEngine.runScriptAsRawText(ScriptEngine.java:119)
	at com.kms.katalon.core.main.TestCaseExecutor.runScript(TestCaseExecutor.java:339)
	at com.kms.katalon.core.main.TestCaseExecutor.doExecute(TestCaseExecutor.java:330)
	at com.kms.katalon.core.main.TestCaseExecutor.processExecutionPhase(TestCaseExecutor.java:309)
	at com.kms.katalon.core.main.TestCaseExecutor.accessMainPhase(TestCaseExecutor.java:301)
	at com.kms.katalon.core.main.TestCaseExecutor.execute(TestCaseExecutor.java:235)
	at com.kms.katalon.core.main.TestSuiteExecutor.accessTestCaseMainPhase(TestSuiteExecutor.java:191)
	at com.kms.katalon.core.main.TestSuiteExecutor.accessTestSuiteMainPhase(TestSuiteExecutor.java:141)
	at com.kms.katalon.core.main.TestSuiteExecutor.execute(TestSuiteExecutor.java:90)
	at com.kms.katalon.core.main.TestCaseMain.startTestSuite(TestCaseMain.java:157)
	at com.kms.katalon.core.main.TestCaseMain$startTestSuite$0.call(Unknown Source)
	at TempTestSuite1606119238455.run(TempTestSuite1606119238455.groovy:39)


2020-11-23 15:19:55 - [TEST_STEP][PASSED] - Go to IST: Go to IST

2020-11-23 15:19:55 - [MESSAGE][WARNING] - A browser is already opened. Closing browser and opening a new one

2020-11-23 15:19:55 - [MESSAGE][INFO] - Starting 'Chrome (headless)' driver

2020-11-23 15:19:55 - [MESSAGE][INFO] - User set preference: ['args', '[--start-maximized, --disable-gpu, --no-proxy-server, –-no-sandbox, --allow-running-insecure-content, --ignore-certificate-errors, window-size=1680,814, force-device-scale-factor=2, --lang=en-GB]']

2020-11-23 15:19:55 - [MESSAGE][INFO] - Action delay is set to 0 milliseconds

2020-11-23 15:19:55 - [MESSAGE][PASSED] - Browser is opened with url: ''

2020-11-23 15:19:56 - [MESSAGE][PASSED] - Navigate to 'https://dev-ist.homecredit.id/ist_tracker/' successfully

2020-11-23 15:19:57 - [MESSAGE][PASSED] - Taking screenshot successfully
[[ATTACHMENT|/Users/chaidir.pratama01/Documents/Docs/Katalon Studio/Screenshot/IST_Page.png]]

2020-11-23 15:19:57 - [MESSAGE][PASSED] - Go to IST

2020-11-23 15:19:57 - [TEST_STEP][PASSED] - Login IST with valid credentials: Login IST with valid credentials

2020-11-23 15:19:57 - [MESSAGE][PASSED] - Text 'mobile.test' is set on object 'Object Repository/Page_/input_Username_j_username'

2020-11-23 15:19:57 - [MESSAGE][PASSED] - Text ****** has been set on object 'Object Repository/Page_/input_Password_j_password'

2020-11-23 15:19:58 - [MESSAGE][PASSED] - Object: 'Object Repository/Page_/button_Login' is clicked on

2020-11-23 15:19:58 - [MESSAGE][PASSED] - Login IST with valid credentials

2020-11-23 15:19:58 - [TEST_STEP][PASSED] - Login Success for contract dispatcher: Login Success for contract dispatcher

2020-11-23 15:19:58 - [MESSAGE][INFO] - Login Success

2020-11-23 15:19:58 - [MESSAGE][PASSED] - Current window maximized

2020-11-23 15:19:58 - [MESSAGE][PASSED] - Object 'Object Repository/Page_/h1_Welcome to IT Supporting Tools' is present

2020-11-23 15:19:58 - [MESSAGE][PASSED] - Login Success for contract dispatcher

2020-11-23 15:19:58 - [TEST_STEP][PASSED] - Select Menu "Contract Dispatcher": Select Menu "Contract Dispatcher"

2020-11-23 15:19:58 - [MESSAGE][PASSED] - Taking screenshot successfully
[[ATTACHMENT|/Users/chaidir.pratama01/Documents/Docs/Katalon Studio/Screenshot/test-Contract Dispatcher.png]]

2020-11-23 15:19:58 - [MESSAGE][PASSED] - Object '' is present

2020-11-23 15:19:58 - [MESSAGE][PASSED] - Object: '' is clicked on

2020-11-23 15:19:58 - [MESSAGE][PASSED] - Wait for page load successfully

2020-11-23 15:19:58 - [MESSAGE][PASSED] - Select Menu "Contract Dispatcher"

2020-11-23 15:19:58 - [TEST_STEP][PASSED] - Select Contract Number based on Type Contract "DONA BliBli": Select Contract Number based on Type Contract "DONA BliBli"

2020-11-23 15:19:59 - [MESSAGE][PASSED] - Object '' is present

2020-11-23 15:19:59 - [MESSAGE][PASSED] - Select Contract Number based on Type Contract "DONA BliBli"

2020-11-23 15:19:59 - [TEST_STEP][PASSED] - Click button "Claim": Click button "Claim"

2020-11-23 15:19:59 - [MESSAGE][INFO] - >>>>>//Button[contains(text(),'Claim')]

2020-11-23 15:20:02 - [MESSAGE][PASSED] - Object: '' is clicked on

2020-11-23 15:20:02 - [MESSAGE][PASSED] - Taking screenshot successfully
[[ATTACHMENT|/Users/chaidir.pratama01/Documents/Docs/Katalon Studio/Screenshot/upload.png]]

2020-11-23 15:20:02 - [MESSAGE][PASSED] - Click button "Claim"

2020-11-23 15:20:02 - [TEST_STEP][PASSED] - Sleep ten minutes: Sleep ten minutes

2020-11-23 15:30:02 - [MESSAGE][PASSED] - Sleep ten minutes

2020-11-23 15:30:02 - [TEST_STEP][PASSED] - Connect to Database: Connect to Database

2020-11-23 15:30:09 - [MESSAGE][PASSED] - Connect to Database

2020-11-23 15:30:09 - [TEST_STEP][PASSED] - Exec Query idle for Ten Minutes "SELECT * FROM CONTRACT_DISPATCHER_SOURCE WHERE TEXT_CONTRACT_NUMBER='336'": Exec Query idle for Ten Minutes "SELECT * FROM CONTRACT_DISPATCHER_SOURCE WHERE TEXT_CONTRACT_NUMBER='336'"

2020-11-23 15:30:12 - [MESSAGE][PASSED] - Exec Query idle for Ten Minutes "SELECT * FROM CONTRACT_DISPATCHER_SOURCE WHERE TEXT_CONTRACT_NUMBER='336'"

2020-11-23 15:30:12 - [TEST_STEP][FAILED] - Select Menu "Contract Dispatcher": Select Menu "Contract Dispatcher" FAILED.
Reason:
com.kms.katalon.core.exception.StepFailedException: Unable to click on object ''
	at com.kms.katalon.core.webui.keyword.internal.WebUIKeywordMain.stepFailed(WebUIKeywordMain.groovy:64)
	at com.kms.katalon.core.webui.keyword.internal.WebUIKeywordMain.runKeyword(WebUIKeywordMain.groovy:26)
	at com.kms.katalon.core.webui.keyword.builtin.ClickKeyword.click(ClickKeyword.groovy:76)
	at com.kms.katalon.core.webui.keyword.builtin.ClickKeyword.execute(ClickKeyword.groovy:43)
	at com.kms.katalon.core.keyword.internal.KeywordExecutor.executeKeywordForPlatform(KeywordExecutor.groovy:73)
	at com.kms.katalon.core.webui.keyword.WebUiBuiltInKeywords.click(WebUiBuiltInKeywords.groovy:616)
	at com.kms.katalon.core.webui.keyword.WebUiBuiltInKeywords$click$4.call(Unknown Source)
	at ist_real.Contract_Dispatcher.SelectMenu(Contract_Dispatcher.groovy:198)
	at ✽.Select Menu "Contract Dispatcher"(/Users/chaidir.pratama01/Katalon Studio/IST_Automation_Git/Include/features/IST_Real/CONTRACT_DISPATCHER_DONA_B2B/BLIBLI/Column_PROCESSED_Turn_N_When_Status_RELEASE_BLIBLI.feature:36)
Caused by: org.openqa.selenium.ElementClickInterceptedException: element click intercepted: Element <span class="z-treecell-text">...</span> is not clickable at point (77, 95). Other element would receive the click: <div id="x7GQp2-mask" class="z-modal-mask" style="z-index: 1800; left: 0px; top: 0px; width: 1680px; height: 814px; display: block;"></div>
  (Session info: headless chrome=87.0.4280.67)
Build info: version: '3.141.59', revision: 'e82be7d358', time: '2018-11-14T08:25:53'
System info: host: 'M-Chaidir-Pratama.local', ip: 'fe80:0:0:0:4eb:a1a0:5ba9:6278%en0', os.name: 'Mac OS X', os.arch: 'x86_64', os.version: '10.15', java.version: '1.8.0_181'
Driver info: com.kms.katalon.selenium.driver.CChromeDriver
Capabilities {acceptInsecureCerts: false, browserName: chrome, browserVersion: 87.0.4280.67, chrome: {chromedriverVersion: 86.0.4240.22 (398b0743353ff..., userDataDir: /var/folders/0s/4_d154xd6dq...}, goog:chromeOptions: {debuggerAddress: localhost:60335}, javascriptEnabled: true, networkConnectionEnabled: false, pageLoadStrategy: normal, platform: MAC, platformName: MAC, proxy: Proxy(), setWindowRect: true, strictFileInteractability: false, timeouts: {implicit: 0, pageLoad: 300000, script: 30000}, unhandledPromptBehavior: dismiss and notify, webauthn:virtualAuthenticators: true}
Session ID: a9e0b6623fef55a0ca0c6f5e45ce5903
	at org.openqa.selenium.remote.http.W3CHttpResponseCodec.createException(W3CHttpResponseCodec.java:187)
	at org.openqa.selenium.remote.http.W3CHttpResponseCodec.decode(W3CHttpResponseCodec.java:122)
	at org.openqa.selenium.remote.http.W3CHttpResponseCodec.decode(W3CHttpResponseCodec.java:49)
	at org.openqa.selenium.remote.HttpCommandExecutor.execute(HttpCommandExecutor.java:158)
	at org.openqa.selenium.remote.service.DriverCommandExecutor.execute(DriverCommandExecutor.java:83)
	at org.openqa.selenium.remote.RemoteWebDriver.execute(RemoteWebDriver.java:552)
	at com.kms.katalon.selenium.driver.CChromeDriver.execute(CChromeDriver.java:19)
	at org.openqa.selenium.remote.RemoteWebElement.execute(RemoteWebElement.java:285)
	at org.openqa.selenium.remote.RemoteWebElement.click(RemoteWebElement.java:84)
	at org.openqa.selenium.support.events.EventFiringWebDriver$EventFiringWebElement.lambda$new$0(EventFiringWebDriver.java:404)
	at com.sun.proxy.$Proxy21.click(Unknown Source)
	at org.openqa.selenium.support.events.EventFiringWebDriver$EventFiringWebElement.click(EventFiringWebDriver.java:417)
	at com.kms.katalon.core.webui.keyword.builtin.ClickKeyword$_click_closure1.doCall(ClickKeyword.groovy:69)
	at com.kms.katalon.core.webui.keyword.builtin.ClickKeyword$_click_closure1.call(ClickKeyword.groovy)
	at com.kms.katalon.core.webui.keyword.internal.WebUIKeywordMain.runKeyword(WebUIKeywordMain.groovy:20)
	at com.kms.katalon.core.webui.keyword.builtin.ClickKeyword.click(ClickKeyword.groovy:76)
	at com.kms.katalon.core.webui.keyword.builtin.ClickKeyword.execute(ClickKeyword.groovy:43)
	at com.kms.katalon.core.keyword.internal.KeywordExecutor.executeKeywordForPlatform(KeywordExecutor.groovy:73)
	at com.kms.katalon.core.webui.keyword.WebUiBuiltInKeywords.click(WebUiBuiltInKeywords.groovy:616)
	at com.kms.katalon.core.webui.keyword.WebUiBuiltInKeywords$click$4.call(Unknown Source)
	at ist_real.Contract_Dispatcher.SelectMenu(Contract_Dispatcher.groovy:198)
	at cucumber.runtime.Utils$1.call(Utils.java:26)
	at cucumber.runtime.Timeout.timeout(Timeout.java:16)
	at cucumber.runtime.Utils.invoke(Utils.java:20)
	at cucumber.runtime.java.JavaStepDefinition.execute(JavaStepDefinition.java:48)
	at cucumber.runtime.PickleStepDefinitionMatch.runStep(PickleStepDefinitionMatch.java:50)
	at cucumber.runner.TestStep.executeStep(TestStep.java:55)
	at cucumber.runner.TestStep.run(TestStep.java:42)
	at cucumber.runner.PickleStepTestStep.run(PickleStepTestStep.java:53)
	at cucumber.runner.TestCase.run(TestCase.java:47)
	at cucumber.runner.Runner.runPickle(Runner.java:44)
	at cucumber.runtime.Runtime.runFeature(Runtime.java:120)
	at cucumber.runtime.Runtime.run(Runtime.java:106)
	at cucumber.api.cli.Main.run(Main.java:35)
	at cucumber.api.cli.Main$run.call(Unknown Source)
	at com.kms.katalon.core.cucumber.keyword.CucumberBuiltinKeywords$_runFeatureFile_closure1.doCall(CucumberBuiltinKeywords.groovy:76)
	at com.kms.katalon.core.cucumber.keyword.CucumberBuiltinKeywords$_runFeatureFile_closure1.doCall(CucumberBuiltinKeywords.groovy)
	at com.kms.katalon.core.keyword.internal.KeywordMain.runKeyword(KeywordMain.groovy:68)
	at com.kms.katalon.core.keyword.internal.KeywordMain$runKeyword.call(Unknown Source)
	at com.kms.katalon.core.cucumber.keyword.CucumberBuiltinKeywords.runFeatureFile(CucumberBuiltinKeywords.groovy:46)
	at com.kms.katalon.core.cucumber.keyword.CucumberBuiltinKeywords$runFeatureFile$0.callStatic(Unknown Source)
	at com.kms.katalon.core.cucumber.keyword.CucumberBuiltinKeywords.runFeatureFile(CucumberBuiltinKeywords.groovy:169)
	at com.kms.katalon.core.cucumber.keyword.CucumberBuiltinKeywords$runFeatureFile.call(Unknown Source)
	at TC BLIBLI - Column PROCESSED Turn N When Status RELEASE BLIBLI.run(TC BLIBLI - Column PROCESSED Turn N When Status RELEASE BLIBLI:18)
	at com.kms.katalon.core.main.ScriptEngine.run(ScriptEngine.java:194)
	at com.kms.katalon.core.main.ScriptEngine.runScriptAsRawText(ScriptEngine.java:119)
	at com.kms.katalon.core.main.TestCaseExecutor.runScript(TestCaseExecutor.java:339)
	at com.kms.katalon.core.main.TestCaseExecutor.doExecute(TestCaseExecutor.java:330)
	at com.kms.katalon.core.main.TestCaseExecutor.processExecutionPhase(TestCaseExecutor.java:309)
	at com.kms.katalon.core.main.TestCaseExecutor.accessMainPhase(TestCaseExecutor.java:301)
	at com.kms.katalon.core.main.TestCaseExecutor.execute(TestCaseExecutor.java:235)
	at com.kms.katalon.core.main.TestSuiteExecutor.accessTestCaseMainPhase(TestSuiteExecutor.java:191)
	at com.kms.katalon.core.main.TestSuiteExecutor.accessTestSuiteMainPhase(TestSuiteExecutor.java:141)
	at com.kms.katalon.core.main.TestSuiteExecutor.execute(TestSuiteExecutor.java:90)
	at com.kms.katalon.core.main.TestCaseMain.startTestSuite(TestCaseMain.java:157)
	at com.kms.katalon.core.main.TestCaseMain$startTestSuite$0.call(Unknown Source)
	at TempTestSuite1606119238455.run(TempTestSuite1606119238455.groovy:39)


2020-11-23 15:30:12 - [MESSAGE][PASSED] - Taking screenshot successfully
[[ATTACHMENT|/Users/chaidir.pratama01/Documents/Docs/Katalon Studio/Screenshot/test-Contract Dispatcher.png]]

2020-11-23 15:30:12 - [MESSAGE][PASSED] - Object '' is present

2020-11-23 15:30:14 - [MESSAGE][FAILED] - Unable to click on object '' (Root cause: com.kms.katalon.core.exception.StepFailedException: Unable to click on object ''
	at com.kms.katalon.core.webui.keyword.internal.WebUIKeywordMain.stepFailed(WebUIKeywordMain.groovy:64)
	at com.kms.katalon.core.webui.keyword.internal.WebUIKeywordMain.runKeyword(WebUIKeywordMain.groovy:26)
	at com.kms.katalon.core.webui.keyword.builtin.ClickKeyword.click(ClickKeyword.groovy:76)
	at com.kms.katalon.core.webui.keyword.builtin.ClickKeyword.execute(ClickKeyword.groovy:43)
	at com.kms.katalon.core.keyword.internal.KeywordExecutor.executeKeywordForPlatform(KeywordExecutor.groovy:73)
	at com.kms.katalon.core.webui.keyword.WebUiBuiltInKeywords.click(WebUiBuiltInKeywords.groovy:616)
	at com.kms.katalon.core.webui.keyword.WebUiBuiltInKeywords$click$4.call(Unknown Source)
	at ist_real.Contract_Dispatcher.SelectMenu(Contract_Dispatcher.groovy:198)
	at cucumber.runtime.Utils$1.call(Utils.java:26)
	at cucumber.runtime.Timeout.timeout(Timeout.java:16)
	at cucumber.runtime.Utils.invoke(Utils.java:20)
	at cucumber.runtime.java.JavaStepDefinition.execute(JavaStepDefinition.java:48)
	at cucumber.runtime.PickleStepDefinitionMatch.runStep(PickleStepDefinitionMatch.java:50)
	at cucumber.runner.TestStep.executeStep(TestStep.java:55)
	at cucumber.runner.TestStep.run(TestStep.java:42)
	at cucumber.runner.PickleStepTestStep.run(PickleStepTestStep.java:53)
	at cucumber.runner.TestCase.run(TestCase.java:47)
	at cucumber.runner.Runner.runPickle(Runner.java:44)
	at cucumber.runtime.Runtime.runFeature(Runtime.java:120)
	at cucumber.runtime.Runtime.run(Runtime.java:106)
	at cucumber.api.cli.Main.run(Main.java:35)
	at cucumber.api.cli.Main$run.call(Unknown Source)
	at com.kms.katalon.core.cucumber.keyword.CucumberBuiltinKeywords$_runFeatureFile_closure1.doCall(CucumberBuiltinKeywords.groovy:76)
	at com.kms.katalon.core.cucumber.keyword.CucumberBuiltinKeywords$_runFeatureFile_closure1.doCall(CucumberBuiltinKeywords.groovy)
	at com.kms.katalon.core.keyword.internal.KeywordMain.runKeyword(KeywordMain.groovy:68)
	at com.kms.katalon.core.keyword.internal.KeywordMain$runKeyword.call(Unknown Source)
	at com.kms.katalon.core.cucumber.keyword.CucumberBuiltinKeywords.runFeatureFile(CucumberBuiltinKeywords.groovy:46)
	at com.kms.katalon.core.cucumber.keyword.CucumberBuiltinKeywords$runFeatureFile$0.callStatic(Unknown Source)
	at com.kms.katalon.core.cucumber.keyword.CucumberBuiltinKeywords.runFeatureFile(CucumberBuiltinKeywords.groovy:169)
	at com.kms.katalon.core.cucumber.keyword.CucumberBuiltinKeywords$runFeatureFile.call(Unknown Source)
	at TC BLIBLI - Column PROCESSED Turn N When Status RELEASE BLIBLI.run(TC BLIBLI - Column PROCESSED Turn N When Status RELEASE BLIBLI:18)
	at com.kms.katalon.core.main.ScriptEngine.run(ScriptEngine.java:194)
	at com.kms.katalon.core.main.ScriptEngine.runScriptAsRawText(ScriptEngine.java:119)
	at com.kms.katalon.core.main.TestCaseExecutor.runScript(TestCaseExecutor.java:339)
	at com.kms.katalon.core.main.TestCaseExecutor.doExecute(TestCaseExecutor.java:330)
	at com.kms.katalon.core.main.TestCaseExecutor.processExecutionPhase(TestCaseExecutor.java:309)
	at com.kms.katalon.core.main.TestCaseExecutor.accessMainPhase(TestCaseExecutor.java:301)
	at com.kms.katalon.core.main.TestCaseExecutor.execute(TestCaseExecutor.java:235)
	at com.kms.katalon.core.main.TestSuiteExecutor.accessTestCaseMainPhase(TestSuiteExecutor.java:191)
	at com.kms.katalon.core.main.TestSuiteExecutor.accessTestSuiteMainPhase(TestSuiteExecutor.java:141)
	at com.kms.katalon.core.main.TestSuiteExecutor.execute(TestSuiteExecutor.java:90)
	at com.kms.katalon.core.main.TestCaseMain.startTestSuite(TestCaseMain.java:157)
	at com.kms.katalon.core.main.TestCaseMain$startTestSuite$0.call(Unknown Source)
	at TempTestSuite1606119238455.run(TempTestSuite1606119238455.groovy:39)
Caused by: org.openqa.selenium.ElementClickInterceptedException: element click intercepted: Element <span class="z-treecell-text">...</span> is not clickable at point (77, 95). Other element would receive the click: <div id="x7GQp2-mask" class="z-modal-mask" style="z-index: 1800; left: 0px; top: 0px; width: 1680px; height: 814px; display: block;"></div>
  (Session info: headless chrome=87.0.4280.67)
Build info: version: '3.141.59', revision: 'e82be7d358', time: '2018-11-14T08:25:53'
System info: host: 'M-Chaidir-Pratama.local', ip: 'fe80:0:0:0:4eb:a1a0:5ba9:6278%en0', os.name: 'Mac OS X', os.arch: 'x86_64', os.version: '10.15', java.version: '1.8.0_181'
Driver info: com.kms.katalon.selenium.driver.CChromeDriver
Capabilities {acceptInsecureCerts: false, browserName: chrome, browserVersion: 87.0.4280.67, chrome: {chromedriverVersion: 86.0.4240.22 (398b0743353ff..., userDataDir: /var/folders/0s/4_d154xd6dq...}, goog:chromeOptions: {debuggerAddress: localhost:60335}, javascriptEnabled: true, networkConnectionEnabled: false, pageLoadStrategy: normal, platform: MAC, platformName: MAC, proxy: Proxy(), setWindowRect: true, strictFileInteractability: false, timeouts: {implicit: 0, pageLoad: 300000, script: 30000}, unhandledPromptBehavior: dismiss and notify, webauthn:virtualAuthenticators: true}
Session ID: a9e0b6623fef55a0ca0c6f5e45ce5903
	at org.openqa.selenium.remote.http.W3CHttpResponseCodec.createException(W3CHttpResponseCodec.java:187)
	at org.openqa.selenium.remote.http.W3CHttpResponseCodec.decode(W3CHttpResponseCodec.java:122)
	at org.openqa.selenium.remote.http.W3CHttpResponseCodec.decode(W3CHttpResponseCodec.java:49)
	at org.openqa.selenium.remote.HttpCommandExecutor.execute(HttpCommandExecutor.java:158)
	at org.openqa.selenium.remote.service.DriverCommandExecutor.execute(DriverCommandExecutor.java:83)
	at org.openqa.selenium.remote.RemoteWebDriver.execute(RemoteWebDriver.java:552)
	at com.kms.katalon.selenium.driver.CChromeDriver.execute(CChromeDriver.java:19)
	at org.openqa.selenium.remote.RemoteWebElement.execute(RemoteWebElement.java:285)
	at org.openqa.selenium.remote.RemoteWebElement.click(RemoteWebElement.java:84)
	at org.openqa.selenium.support.events.EventFiringWebDriver$EventFiringWebElement.lambda$new$0(EventFiringWebDriver.java:404)
	at com.sun.proxy.$Proxy21.click(Unknown Source)
	at org.openqa.selenium.support.events.EventFiringWebDriver$EventFiringWebElement.click(EventFiringWebDriver.java:417)
	at com.kms.katalon.core.webui.keyword.builtin.ClickKeyword$_click_closure1.doCall(ClickKeyword.groovy:69)
	at com.kms.katalon.core.webui.keyword.builtin.ClickKeyword$_click_closure1.call(ClickKeyword.groovy)
	at com.kms.katalon.core.webui.keyword.internal.WebUIKeywordMain.runKeyword(WebUIKeywordMain.groovy:20)
	at com.kms.katalon.core.webui.keyword.builtin.ClickKeyword.click(ClickKeyword.groovy:76)
	at com.kms.katalon.core.webui.keyword.builtin.ClickKeyword.execute(ClickKeyword.groovy:43)
	at com.kms.katalon.core.keyword.internal.KeywordExecutor.executeKeywordForPlatform(KeywordExecutor.groovy:73)
	at com.kms.katalon.core.webui.keyword.WebUiBuiltInKeywords.click(WebUiBuiltInKeywords.groovy:616)
	at com.kms.katalon.core.webui.keyword.WebUiBuiltInKeywords$click$4.call(Unknown Source)
	at ist_real.Contract_Dispatcher.SelectMenu(Contract_Dispatcher.groovy:198)
	at cucumber.runtime.Utils$1.call(Utils.java:26)
	at cucumber.runtime.Timeout.timeout(Timeout.java:16)
	at cucumber.runtime.Utils.invoke(Utils.java:20)
	at cucumber.runtime.java.JavaStepDefinition.execute(JavaStepDefinition.java:48)
	at cucumber.runtime.PickleStepDefinitionMatch.runStep(PickleStepDefinitionMatch.java:50)
	at cucumber.runner.TestStep.executeStep(TestStep.java:55)
	at cucumber.runner.TestStep.run(TestStep.java:42)
	at cucumber.runner.PickleStepTestStep.run(PickleStepTestStep.java:53)
	at cucumber.runner.TestCase.run(TestCase.java:47)
	at cucumber.runner.Runner.runPickle(Runner.java:44)
	at cucumber.runtime.Runtime.runFeature(Runtime.java:120)
	at cucumber.runtime.Runtime.run(Runtime.java:106)
	at cucumber.api.cli.Main.run(Main.java:35)
	at cucumber.api.cli.Main$run.call(Unknown Source)
	at com.kms.katalon.core.cucumber.keyword.CucumberBuiltinKeywords$_runFeatureFile_closure1.doCall(CucumberBuiltinKeywords.groovy:76)
	at com.kms.katalon.core.cucumber.keyword.CucumberBuiltinKeywords$_runFeatureFile_closure1.doCall(CucumberBuiltinKeywords.groovy)
	at com.kms.katalon.core.keyword.internal.KeywordMain.runKeyword(KeywordMain.groovy:68)
	at com.kms.katalon.core.keyword.internal.KeywordMain$runKeyword.call(Unknown Source)
	at com.kms.katalon.core.cucumber.keyword.CucumberBuiltinKeywords.runFeatureFile(CucumberBuiltinKeywords.groovy:46)
	at com.kms.katalon.core.cucumber.keyword.CucumberBuiltinKeywords$runFeatureFile$0.callStatic(Unknown Source)
	at com.kms.katalon.core.cucumber.keyword.CucumberBuiltinKeywords.runFeatureFile(CucumberBuiltinKeywords.groovy:169)
	at com.kms.katalon.core.cucumber.keyword.CucumberBuiltinKeywords$runFeatureFile.call(Unknown Source)
	at Script1602687335114.run(Script1602687335114.groovy:18)
	... 13 more
)
[[ATTACHMENT|/Users/chaidir.pratama01/Katalon Studio/IST_Automation_Git/Reports/20201123_151358/CONTRACT_DISPATCHER_DONA_B2B/TS_BLIBLI/20201123_151358/1606120213804.png]]

2020-11-23 15:30:14 - [MESSAGE][FAILED] - Select Menu "Contract Dispatcher" FAILED.
Reason:
com.kms.katalon.core.exception.StepFailedException: Unable to click on object ''
	at com.kms.katalon.core.webui.keyword.internal.WebUIKeywordMain.stepFailed(WebUIKeywordMain.groovy:64)
	at com.kms.katalon.core.webui.keyword.internal.WebUIKeywordMain.runKeyword(WebUIKeywordMain.groovy:26)
	at com.kms.katalon.core.webui.keyword.builtin.ClickKeyword.click(ClickKeyword.groovy:76)
	at com.kms.katalon.core.webui.keyword.builtin.ClickKeyword.execute(ClickKeyword.groovy:43)
	at com.kms.katalon.core.keyword.internal.KeywordExecutor.executeKeywordForPlatform(KeywordExecutor.groovy:73)
	at com.kms.katalon.core.webui.keyword.WebUiBuiltInKeywords.click(WebUiBuiltInKeywords.groovy:616)
	at com.kms.katalon.core.webui.keyword.WebUiBuiltInKeywords$click$4.call(Unknown Source)
	at ist_real.Contract_Dispatcher.SelectMenu(Contract_Dispatcher.groovy:198)
	at ✽.Select Menu "Contract Dispatcher"(/Users/chaidir.pratama01/Katalon Studio/IST_Automation_Git/Include/features/IST_Real/CONTRACT_DISPATCHER_DONA_B2B/BLIBLI/Column_PROCESSED_Turn_N_When_Status_RELEASE_BLIBLI.feature:36)
Caused by: org.openqa.selenium.ElementClickInterceptedException: element click intercepted: Element <span class="z-treecell-text">...</span> is not clickable at point (77, 95). Other element would receive the click: <div id="x7GQp2-mask" class="z-modal-mask" style="z-index: 1800; left: 0px; top: 0px; width: 1680px; height: 814px; display: block;"></div>
  (Session info: headless chrome=87.0.4280.67)
Build info: version: '3.141.59', revision: 'e82be7d358', time: '2018-11-14T08:25:53'
System info: host: 'M-Chaidir-Pratama.local', ip: 'fe80:0:0:0:4eb:a1a0:5ba9:6278%en0', os.name: 'Mac OS X', os.arch: 'x86_64', os.version: '10.15', java.version: '1.8.0_181'
Driver info: com.kms.katalon.selenium.driver.CChromeDriver
Capabilities {acceptInsecureCerts: false, browserName: chrome, browserVersion: 87.0.4280.67, chrome: {chromedriverVersion: 86.0.4240.22 (398b0743353ff..., userDataDir: /var/folders/0s/4_d154xd6dq...}, goog:chromeOptions: {debuggerAddress: localhost:60335}, javascriptEnabled: true, networkConnectionEnabled: false, pageLoadStrategy: normal, platform: MAC, platformName: MAC, proxy: Proxy(), setWindowRect: true, strictFileInteractability: false, timeouts: {implicit: 0, pageLoad: 300000, script: 30000}, unhandledPromptBehavior: dismiss and notify, webauthn:virtualAuthenticators: true}
Session ID: a9e0b6623fef55a0ca0c6f5e45ce5903
	at org.openqa.selenium.remote.http.W3CHttpResponseCodec.createException(W3CHttpResponseCodec.java:187)
	at org.openqa.selenium.remote.http.W3CHttpResponseCodec.decode(W3CHttpResponseCodec.java:122)
	at org.openqa.selenium.remote.http.W3CHttpResponseCodec.decode(W3CHttpResponseCodec.java:49)
	at org.openqa.selenium.remote.HttpCommandExecutor.execute(HttpCommandExecutor.java:158)
	at org.openqa.selenium.remote.service.DriverCommandExecutor.execute(DriverCommandExecutor.java:83)
	at org.openqa.selenium.remote.RemoteWebDriver.execute(RemoteWebDriver.java:552)
	at com.kms.katalon.selenium.driver.CChromeDriver.execute(CChromeDriver.java:19)
	at org.openqa.selenium.remote.RemoteWebElement.execute(RemoteWebElement.java:285)
	at org.openqa.selenium.remote.RemoteWebElement.click(RemoteWebElement.java:84)
	at org.openqa.selenium.support.events.EventFiringWebDriver$EventFiringWebElement.lambda$new$0(EventFiringWebDriver.java:404)
	at com.sun.proxy.$Proxy21.click(Unknown Source)
	at org.openqa.selenium.support.events.EventFiringWebDriver$EventFiringWebElement.click(EventFiringWebDriver.java:417)
	at com.kms.katalon.core.webui.keyword.builtin.ClickKeyword$_click_closure1.doCall(ClickKeyword.groovy:69)
	at com.kms.katalon.core.webui.keyword.builtin.ClickKeyword$_click_closure1.call(ClickKeyword.groovy)
	at com.kms.katalon.core.webui.keyword.internal.WebUIKeywordMain.runKeyword(WebUIKeywordMain.groovy:20)
	at com.kms.katalon.core.webui.keyword.builtin.ClickKeyword.click(ClickKeyword.groovy:76)
	at com.kms.katalon.core.webui.keyword.builtin.ClickKeyword.execute(ClickKeyword.groovy:43)
	at com.kms.katalon.core.keyword.internal.KeywordExecutor.executeKeywordForPlatform(KeywordExecutor.groovy:73)
	at com.kms.katalon.core.webui.keyword.WebUiBuiltInKeywords.click(WebUiBuiltInKeywords.groovy:616)
	at com.kms.katalon.core.webui.keyword.WebUiBuiltInKeywords$click$4.call(Unknown Source)
	at ist_real.Contract_Dispatcher.SelectMenu(Contract_Dispatcher.groovy:198)
	at cucumber.runtime.Utils$1.call(Utils.java:26)
	at cucumber.runtime.Timeout.timeout(Timeout.java:16)
	at cucumber.runtime.Utils.invoke(Utils.java:20)
	at cucumber.runtime.java.JavaStepDefinition.execute(JavaStepDefinition.java:48)
	at cucumber.runtime.PickleStepDefinitionMatch.runStep(PickleStepDefinitionMatch.java:50)
	at cucumber.runner.TestStep.executeStep(TestStep.java:55)
	at cucumber.runner.TestStep.run(TestStep.java:42)
	at cucumber.runner.PickleStepTestStep.run(PickleStepTestStep.java:53)
	at cucumber.runner.TestCase.run(TestCase.java:47)
	at cucumber.runner.Runner.runPickle(Runner.java:44)
	at cucumber.runtime.Runtime.runFeature(Runtime.java:120)
	at cucumber.runtime.Runtime.run(Runtime.java:106)
	at cucumber.api.cli.Main.run(Main.java:35)
	at cucumber.api.cli.Main$run.call(Unknown Source)
	at com.kms.katalon.core.cucumber.keyword.CucumberBuiltinKeywords$_runFeatureFile_closure1.doCall(CucumberBuiltinKeywords.groovy:76)
	at com.kms.katalon.core.cucumber.keyword.CucumberBuiltinKeywords$_runFeatureFile_closure1.doCall(CucumberBuiltinKeywords.groovy)
	at com.kms.katalon.core.keyword.internal.KeywordMain.runKeyword(KeywordMain.groovy:68)
	at com.kms.katalon.core.keyword.internal.KeywordMain$runKeyword.call(Unknown Source)
	at com.kms.katalon.core.cucumber.keyword.CucumberBuiltinKeywords.runFeatureFile(CucumberBuiltinKeywords.groovy:46)
	at com.kms.katalon.core.cucumber.keyword.CucumberBuiltinKeywords$runFeatureFile$0.callStatic(Unknown Source)
	at com.kms.katalon.core.cucumber.keyword.CucumberBuiltinKeywords.runFeatureFile(CucumberBuiltinKeywords.groovy:169)
	at com.kms.katalon.core.cucumber.keyword.CucumberBuiltinKeywords$runFeatureFile.call(Unknown Source)
	at TC BLIBLI - Column PROCESSED Turn N When Status RELEASE BLIBLI.run(TC BLIBLI - Column PROCESSED Turn N When Status RELEASE BLIBLI:18)
	at com.kms.katalon.core.main.ScriptEngine.run(ScriptEngine.java:194)
	at com.kms.katalon.core.main.ScriptEngine.runScriptAsRawText(ScriptEngine.java:119)
	at com.kms.katalon.core.main.TestCaseExecutor.runScript(TestCaseExecutor.java:339)
	at com.kms.katalon.core.main.TestCaseExecutor.doExecute(TestCaseExecutor.java:330)
	at com.kms.katalon.core.main.TestCaseExecutor.processExecutionPhase(TestCaseExecutor.java:309)
	at com.kms.katalon.core.main.TestCaseExecutor.accessMainPhase(TestCaseExecutor.java:301)
	at com.kms.katalon.core.main.TestCaseExecutor.execute(TestCaseExecutor.java:235)
	at com.kms.katalon.core.main.TestSuiteExecutor.accessTestCaseMainPhase(TestSuiteExecutor.java:191)
	at com.kms.katalon.core.main.TestSuiteExecutor.accessTestSuiteMainPhase(TestSuiteExecutor.java:141)
	at com.kms.katalon.core.main.TestSuiteExecutor.execute(TestSuiteExecutor.java:90)
	at com.kms.katalon.core.main.TestCaseMain.startTestSuite(TestCaseMain.java:157)
	at com.kms.katalon.core.main.TestCaseMain$startTestSuite$0.call(Unknown Source)
	at TempTestSuite1606119238455.run(TempTestSuite1606119238455.groovy:39)


2020-11-23 15:30:14 - [MESSAGE][FAILED] - Feature file 'Include/features/IST_Real/CONTRACT_DISPATCHER_DONA_B2B/BLIBLI/Column_PROCESSED_Turn_N_When_Status_RELEASE_BLIBLI.feature' was failed

2020-11-23 15:30:14 - [MESSAGE][FAILED] - Keyword runFeatureFile was failed (Root cause: com.kms.katalon.core.exception.StepFailedException: Feature file 'Include/features/IST_Real/CONTRACT_DISPATCHER_DONA_B2B/BLIBLI/Column_PROCESSED_Turn_N_When_Status_RELEASE_BLIBLI.feature' was failed
	at com.kms.katalon.core.keyword.internal.KeywordMain.stepFailed(KeywordMain.groovy:50)
	at com.kms.katalon.core.keyword.internal.KeywordMain.stepFailed(KeywordMain.groovy)
	at com.kms.katalon.core.keyword.internal.KeywordMain.stepFailed(KeywordMain.groovy:23)
	at com.kms.katalon.core.keyword.internal.KeywordMain$stepFailed$0.call(Unknown Source)
	at com.kms.katalon.core.cucumber.keyword.CucumberBuiltinKeywords$_runFeatureFile_closure1.doCall(CucumberBuiltinKeywords.groovy:82)
	at com.kms.katalon.core.cucumber.keyword.CucumberBuiltinKeywords$_runFeatureFile_closure1.doCall(CucumberBuiltinKeywords.groovy)
	at com.kms.katalon.core.keyword.internal.KeywordMain.runKeyword(KeywordMain.groovy:68)
	at com.kms.katalon.core.keyword.internal.KeywordMain$runKeyword.call(Unknown Source)
	at com.kms.katalon.core.cucumber.keyword.CucumberBuiltinKeywords.runFeatureFile(CucumberBuiltinKeywords.groovy:46)
	at com.kms.katalon.core.cucumber.keyword.CucumberBuiltinKeywords$runFeatureFile$0.callStatic(Unknown Source)
	at com.kms.katalon.core.cucumber.keyword.CucumberBuiltinKeywords.runFeatureFile(CucumberBuiltinKeywords.groovy:169)
	at com.kms.katalon.core.cucumber.keyword.CucumberBuiltinKeywords$runFeatureFile.call(Unknown Source)
	at TC BLIBLI - Column PROCESSED Turn N When Status RELEASE BLIBLI.run(TC BLIBLI - Column PROCESSED Turn N When Status RELEASE BLIBLI:18)
	at com.kms.katalon.core.main.ScriptEngine.run(ScriptEngine.java:194)
	at com.kms.katalon.core.main.ScriptEngine.runScriptAsRawText(ScriptEngine.java:119)
	at com.kms.katalon.core.main.TestCaseExecutor.runScript(TestCaseExecutor.java:339)
	at com.kms.katalon.core.main.TestCaseExecutor.doExecute(TestCaseExecutor.java:330)
	at com.kms.katalon.core.main.TestCaseExecutor.processExecutionPhase(TestCaseExecutor.java:309)
	at com.kms.katalon.core.main.TestCaseExecutor.accessMainPhase(TestCaseExecutor.java:301)
	at com.kms.katalon.core.main.TestCaseExecutor.execute(TestCaseExecutor.java:235)
	at com.kms.katalon.core.main.TestSuiteExecutor.accessTestCaseMainPhase(TestSuiteExecutor.java:191)
	at com.kms.katalon.core.main.TestSuiteExecutor.accessTestSuiteMainPhase(TestSuiteExecutor.java:141)
	at com.kms.katalon.core.main.TestSuiteExecutor.execute(TestSuiteExecutor.java:90)
	at com.kms.katalon.core.main.TestCaseMain.startTestSuite(TestCaseMain.java:157)
	at com.kms.katalon.core.main.TestCaseMain$startTestSuite$0.call(Unknown Source)
	at TempTestSuite1606119238455.run(TempTestSuite1606119238455.groovy:39)
)]]></system-out>
         <system-err><![CDATA[2020-11-23 15:19:55 - [TEST_CASE][FAILED] - Test Cases/IST_Real/CONTRACT_DISPATCHER_DONA_B2B/BLIBLI/TC BLIBLI - Column PROCESSED Turn N When Status RELEASE BLIBLI: Test Cases/IST_Real/CONTRACT_DISPATCHER_DONA_B2B/BLIBLI/TC BLIBLI - Column PROCESSED Turn N When Status RELEASE BLIBLI FAILED.
Reason:
com.kms.katalon.core.exception.StepFailedException: Feature file 'Include/features/IST_Real/CONTRACT_DISPATCHER_DONA_B2B/BLIBLI/Column_PROCESSED_Turn_N_When_Status_RELEASE_BLIBLI.feature' was failed
	at com.kms.katalon.core.keyword.internal.KeywordMain.stepFailed(KeywordMain.groovy:50)
	at com.kms.katalon.core.keyword.internal.KeywordMain.stepFailed(KeywordMain.groovy)
	at com.kms.katalon.core.keyword.internal.KeywordMain.stepFailed(KeywordMain.groovy:23)
	at com.kms.katalon.core.keyword.internal.KeywordMain$stepFailed$0.call(Unknown Source)
	at com.kms.katalon.core.cucumber.keyword.CucumberBuiltinKeywords$_runFeatureFile_closure1.doCall(CucumberBuiltinKeywords.groovy:82)
	at com.kms.katalon.core.cucumber.keyword.CucumberBuiltinKeywords$_runFeatureFile_closure1.doCall(CucumberBuiltinKeywords.groovy)
	at com.kms.katalon.core.keyword.internal.KeywordMain.runKeyword(KeywordMain.groovy:68)
	at com.kms.katalon.core.keyword.internal.KeywordMain$runKeyword.call(Unknown Source)
	at com.kms.katalon.core.cucumber.keyword.CucumberBuiltinKeywords.runFeatureFile(CucumberBuiltinKeywords.groovy:46)
	at com.kms.katalon.core.cucumber.keyword.CucumberBuiltinKeywords$runFeatureFile$0.callStatic(Unknown Source)
	at com.kms.katalon.core.cucumber.keyword.CucumberBuiltinKeywords.runFeatureFile(CucumberBuiltinKeywords.groovy:169)
	at com.kms.katalon.core.cucumber.keyword.CucumberBuiltinKeywords$runFeatureFile.call(Unknown Source)
	at TC BLIBLI - Column PROCESSED Turn N When Status RELEASE BLIBLI.run(TC BLIBLI - Column PROCESSED Turn N When Status RELEASE BLIBLI:18)
	at com.kms.katalon.core.main.ScriptEngine.run(ScriptEngine.java:194)
	at com.kms.katalon.core.main.ScriptEngine.runScriptAsRawText(ScriptEngine.java:119)
	at com.kms.katalon.core.main.TestCaseExecutor.runScript(TestCaseExecutor.java:339)
	at com.kms.katalon.core.main.TestCaseExecutor.doExecute(TestCaseExecutor.java:330)
	at com.kms.katalon.core.main.TestCaseExecutor.processExecutionPhase(TestCaseExecutor.java:309)
	at com.kms.katalon.core.main.TestCaseExecutor.accessMainPhase(TestCaseExecutor.java:301)
	at com.kms.katalon.core.main.TestCaseExecutor.execute(TestCaseExecutor.java:235)
	at com.kms.katalon.core.main.TestSuiteExecutor.accessTestCaseMainPhase(TestSuiteExecutor.java:191)
	at com.kms.katalon.core.main.TestSuiteExecutor.accessTestSuiteMainPhase(TestSuiteExecutor.java:141)
	at com.kms.katalon.core.main.TestSuiteExecutor.execute(TestSuiteExecutor.java:90)
	at com.kms.katalon.core.main.TestCaseMain.startTestSuite(TestCaseMain.java:157)
	at com.kms.katalon.core.main.TestCaseMain$startTestSuite$0.call(Unknown Source)
	at TempTestSuite1606119238455.run(TempTestSuite1606119238455.groovy:39)]]></system-err>
      </testcase>
      <testcase name="Test Cases/IST_Real/CONTRACT_DISPATCHER_ADMIN/MANAGEMENT_ASSIGNMENT/Reset_All_Users" time="35.469" classname="Test Cases/IST_Real/CONTRACT_DISPATCHER_ADMIN/MANAGEMENT_ASSIGNMENT/Reset_All_Users" status="PASSED">
         <system-out><![CDATA[2020-11-23 15:30:14 - [TEST_CASE][PASSED] - Test Cases/IST_Real/CONTRACT_DISPATCHER_ADMIN/MANAGEMENT_ASSIGNMENT/Reset_All_Users: Test Cases/IST_Real/CONTRACT_DISPATCHER_ADMIN/MANAGEMENT_ASSIGNMENT/Reset_All_Users

2020-11-23 15:30:14 - [TEST_STEP][PASSED] - runFeatureFile("Include/features/IST_Real/CONTRACT_DISPATCHER_ADMIN/MANAGEMENT_ASSIGNMENT/Reset_All_Users.feature"): Feature file: 'Include/features/IST_Real/CONTRACT_DISPATCHER_ADMIN/MANAGEMENT_ASSIGNMENT/Reset_All_Users.feature' was passed

2020-11-23 15:30:14 - [MESSAGE][INFO] - Starting run keyword runFeatureFile: 'Include/features/IST_Real/CONTRACT_DISPATCHER_ADMIN/MANAGEMENT_ASSIGNMENT/Reset_All_Users.feature' and extract report to folder: '/Users/chaidir.pratama01/Katalon Studio/IST_Automation_Git/Reports/20201123_151358/CONTRACT_DISPATCHER_DONA_B2B/TS_BLIBLI/20201123_151358/cucumber_report/1606120214367'...

2020-11-23 15:30:14 - [TEST_CASE][PASSED] - Start Test Case : SCENARIO Reset All Users: SCENARIO Reset All Users

2020-11-23 15:30:14 - [TEST_STEP][PASSED] - Go to IST: Go to IST

2020-11-23 15:30:14 - [MESSAGE][WARNING] - A browser is already opened. Closing browser and opening a new one

2020-11-23 15:30:14 - [MESSAGE][INFO] - Starting 'Chrome (headless)' driver

2020-11-23 15:30:14 - [MESSAGE][INFO] - User set preference: ['args', '[--start-maximized, --disable-gpu, --no-proxy-server, –-no-sandbox, --allow-running-insecure-content, --ignore-certificate-errors, window-size=1680,814, force-device-scale-factor=2, --lang=en-GB]']

2020-11-23 15:30:14 - [MESSAGE][INFO] - Action delay is set to 0 milliseconds

2020-11-23 15:30:14 - [MESSAGE][PASSED] - Browser is opened with url: ''

2020-11-23 15:30:23 - [MESSAGE][PASSED] - Navigate to 'https://dev-ist.homecredit.id/ist_tracker/' successfully

2020-11-23 15:30:23 - [MESSAGE][PASSED] - Taking screenshot successfully
[[ATTACHMENT|/Users/chaidir.pratama01/Documents/Docs/Katalon Studio/Screenshot/IST_Page.png]]

2020-11-23 15:30:23 - [MESSAGE][PASSED] - Go to IST

2020-11-23 15:30:23 - [TEST_STEP][PASSED] - Login IST with valid credentials: Login IST with valid credentials

2020-11-23 15:30:24 - [MESSAGE][PASSED] - Text 'mobile.test' is set on object 'Object Repository/Page_/input_Username_j_username'

2020-11-23 15:30:24 - [MESSAGE][PASSED] - Text ****** has been set on object 'Object Repository/Page_/input_Password_j_password'

2020-11-23 15:30:30 - [MESSAGE][PASSED] - Object: 'Object Repository/Page_/button_Login' is clicked on

2020-11-23 15:30:30 - [MESSAGE][PASSED] - Login IST with valid credentials

2020-11-23 15:30:30 - [TEST_STEP][PASSED] - Login Success for contract dispatcher: Login Success for contract dispatcher

2020-11-23 15:30:30 - [MESSAGE][INFO] - Login Success

2020-11-23 15:30:31 - [MESSAGE][PASSED] - Current window maximized

2020-11-23 15:30:31 - [MESSAGE][PASSED] - Object 'Object Repository/Page_/h1_Welcome to IT Supporting Tools' is present

2020-11-23 15:30:31 - [MESSAGE][PASSED] - Login Success for contract dispatcher

2020-11-23 15:30:31 - [TEST_STEP][PASSED] - Select Arrow Menu "Contract Dispatcher Admin": Select Arrow Menu "Contract Dispatcher Admin"

2020-11-23 15:30:31 - [MESSAGE][PASSED] - Object: '' is clicked on

2020-11-23 15:30:31 - [MESSAGE][PASSED] - Select Arrow Menu "Contract Dispatcher Admin"

2020-11-23 15:30:31 - [TEST_STEP][PASSED] - Select Menu "Management Assignment": Select Menu "Management Assignment"

2020-11-23 15:30:31 - [MESSAGE][PASSED] - Taking screenshot successfully
[[ATTACHMENT|/Users/chaidir.pratama01/Documents/Docs/Katalon Studio/Screenshot/test-Management Assignment.png]]

2020-11-23 15:30:31 - [MESSAGE][PASSED] - Object '' is present

2020-11-23 15:30:31 - [MESSAGE][PASSED] - Object: '' is clicked on

2020-11-23 15:30:31 - [MESSAGE][PASSED] - Wait for page load successfully

2020-11-23 15:30:31 - [MESSAGE][PASSED] - Select Menu "Management Assignment"

2020-11-23 15:30:31 - [TEST_STEP][PASSED] - Click button "Reset All User": Click button "Reset All User"

2020-11-23 15:30:31 - [MESSAGE][INFO] - >>>>>//Button[contains(text(),'Reset All User')]

2020-11-23 15:30:34 - [MESSAGE][PASSED] - Object: '' is clicked on

2020-11-23 15:30:35 - [MESSAGE][PASSED] - Taking screenshot successfully
[[ATTACHMENT|/Users/chaidir.pratama01/Documents/Docs/Katalon Studio/Screenshot/upload.png]]

2020-11-23 15:30:35 - [MESSAGE][PASSED] - Click button "Reset All User"

2020-11-23 15:30:35 - [TEST_STEP][PASSED] - Get text from pop up "Confirmation Reset All" with text "Are you sure ?": Get text from pop up "Confirmation Reset All" with text "Are you sure ?"

2020-11-23 15:30:35 - [MESSAGE][PASSED] - Taking screenshot successfully
[[ATTACHMENT|/Users/chaidir.pratama01/Documents/Docs/Katalon Studio/Screenshot/errorpopup.png]]

2020-11-23 15:30:35 - [MESSAGE][PASSED] - Object '' is present

2020-11-23 15:30:35 - [MESSAGE][PASSED] - Wait for page load successfully

2020-11-23 15:30:35 - [MESSAGE][PASSED] - Wait for page load successfully

2020-11-23 15:30:35 - [MESSAGE][PASSED] - Get text from pop up "Confirmation Reset All" with text "Are you sure ?"

2020-11-23 15:30:35 - [TEST_STEP][PASSED] - Click button "OK": Click button "OK"

2020-11-23 15:30:35 - [MESSAGE][INFO] - >>>>>//Button[contains(text(),'OK')]

2020-11-23 15:30:38 - [MESSAGE][PASSED] - Object: '' is clicked on

2020-11-23 15:30:39 - [MESSAGE][PASSED] - Taking screenshot successfully
[[ATTACHMENT|/Users/chaidir.pratama01/Documents/Docs/Katalon Studio/Screenshot/upload.png]]

2020-11-23 15:30:39 - [MESSAGE][PASSED] - Click button "OK"

2020-11-23 15:30:39 - [TEST_STEP][PASSED] - Wait page for load: Wait page for load

2020-11-23 15:30:39 - [MESSAGE][PASSED] - Wait for page load successfully

2020-11-23 15:30:39 - [MESSAGE][PASSED] - Wait page for load

2020-11-23 15:30:39 - [TEST_STEP][PASSED] - Notification "Reset All Success": Notification "Reset All Success"

2020-11-23 15:30:39 - [MESSAGE][PASSED] - Object '' is present

2020-11-23 15:30:39 - [MESSAGE][PASSED] - Notification "Reset All Success"

2020-11-23 15:30:39 - [TEST_STEP][PASSED] - Select Username "mobile.test" of Management Assignment: Select Username "mobile.test" of Management Assignment

2020-11-23 15:30:40 - [MESSAGE][PASSED] - All options with value 'mobile.test' are selected in object 'Object Repository/Page_/dropdown_list_username_assignment'  using regular expression

2020-11-23 15:30:40 - [MESSAGE][PASSED] - Select Username "mobile.test" of Management Assignment

2020-11-23 15:30:40 - [TEST_STEP][PASSED] - Check unchecked contract type POS: Check unchecked contract type POS

2020-11-23 15:30:40 - [MESSAGE][PASSED] - Object '' is present

2020-11-23 15:30:40 - [MESSAGE][PASSED] - Object '' is not checked

2020-11-23 15:30:40 - [MESSAGE][PASSED] - Object '' is present

2020-11-23 15:30:40 - [MESSAGE][PASSED] - Object '' is not checked

2020-11-23 15:30:40 - [MESSAGE][PASSED] - Object '' is present

2020-11-23 15:30:40 - [MESSAGE][PASSED] - Object '' is not checked

2020-11-23 15:30:40 - [MESSAGE][PASSED] - Object '' is present

2020-11-23 15:30:40 - [MESSAGE][PASSED] - Object '' is not checked

2020-11-23 15:30:40 - [MESSAGE][PASSED] - Object '' is present

2020-11-23 15:30:40 - [MESSAGE][PASSED] - Object '' is not checked

2020-11-23 15:30:40 - [MESSAGE][PASSED] - Object '' is present

2020-11-23 15:30:40 - [MESSAGE][PASSED] - Object '' is not checked

2020-11-23 15:30:40 - [MESSAGE][PASSED] - Object '' is present

2020-11-23 15:30:40 - [MESSAGE][PASSED] - Object '' is not checked

2020-11-23 15:30:40 - [MESSAGE][PASSED] - Object '' is present

2020-11-23 15:30:41 - [MESSAGE][PASSED] - Object '' is not checked

2020-11-23 15:30:41 - [MESSAGE][PASSED] - Object '' is present

2020-11-23 15:30:41 - [MESSAGE][PASSED] - Object '' is not checked

2020-11-23 15:30:41 - [MESSAGE][PASSED] - Object '' is present

2020-11-23 15:30:41 - [MESSAGE][PASSED] - Object '' is not checked

2020-11-23 15:30:41 - [MESSAGE][PASSED] - Object '' is present

2020-11-23 15:30:41 - [MESSAGE][PASSED] - Object '' is not checked

2020-11-23 15:30:41 - [MESSAGE][PASSED] - Object '' is present

2020-11-23 15:30:41 - [MESSAGE][PASSED] - Object '' is not checked

2020-11-23 15:30:41 - [MESSAGE][PASSED] - Object '' is present

2020-11-23 15:30:41 - [MESSAGE][PASSED] - Object '' is not checked

2020-11-23 15:30:41 - [MESSAGE][PASSED] - Object '' is present

2020-11-23 15:30:41 - [MESSAGE][PASSED] - Object '' is not checked

2020-11-23 15:30:41 - [MESSAGE][PASSED] - Object '' is present

2020-11-23 15:30:41 - [MESSAGE][PASSED] - Object '' is not checked

2020-11-23 15:30:41 - [MESSAGE][PASSED] - Object '' is present

2020-11-23 15:30:41 - [MESSAGE][PASSED] - Object '' is not checked

2020-11-23 15:30:41 - [MESSAGE][PASSED] - Object '' is present

2020-11-23 15:30:41 - [MESSAGE][PASSED] - Object '' is not checked

2020-11-23 15:30:41 - [MESSAGE][PASSED] - Object '' is present

2020-11-23 15:30:41 - [MESSAGE][PASSED] - Object '' is not checked

2020-11-23 15:30:41 - [MESSAGE][PASSED] - Object '' is present

2020-11-23 15:30:41 - [MESSAGE][PASSED] - Object '' is not checked

2020-11-23 15:30:41 - [MESSAGE][PASSED] - Object '' is present

2020-11-23 15:30:41 - [MESSAGE][PASSED] - Object '' is not checked

2020-11-23 15:30:41 - [MESSAGE][PASSED] - Object '' is present

2020-11-23 15:30:41 - [MESSAGE][PASSED] - Object '' is not checked

2020-11-23 15:30:41 - [MESSAGE][PASSED] - Object '' is present

2020-11-23 15:30:41 - [MESSAGE][PASSED] - Object '' is not checked

2020-11-23 15:30:41 - [MESSAGE][PASSED] - Object '' is present

2020-11-23 15:30:41 - [MESSAGE][PASSED] - Object '' is not checked

2020-11-23 15:30:41 - [MESSAGE][PASSED] - Object '' is present

2020-11-23 15:30:41 - [MESSAGE][PASSED] - Object '' is not checked

2020-11-23 15:30:41 - [MESSAGE][PASSED] - Check unchecked contract type POS

2020-11-23 15:30:41 - [TEST_STEP][PASSED] - Click button "Logout": Click button "Logout"

2020-11-23 15:30:41 - [MESSAGE][INFO] - >>>>>//Button[contains(text(),'Logout')]

2020-11-23 15:30:49 - [MESSAGE][PASSED] - Object: '' is clicked on

2020-11-23 15:30:49 - [MESSAGE][PASSED] - Taking screenshot successfully
[[ATTACHMENT|/Users/chaidir.pratama01/Documents/Docs/Katalon Studio/Screenshot/upload.png]]

2020-11-23 15:30:49 - [MESSAGE][PASSED] - Click button "Logout"

2020-11-23 15:30:49 - [TEST_STEP][PASSED] - Close browser: Close browser

2020-11-23 15:30:49 - [MESSAGE][PASSED] - Browser is closed

2020-11-23 15:30:49 - [MESSAGE][PASSED] - Close browser

2020-11-23 15:30:49 - [MESSAGE][PASSED] - Feature file: 'Include/features/IST_Real/CONTRACT_DISPATCHER_ADMIN/MANAGEMENT_ASSIGNMENT/Reset_All_Users.feature' was passed]]></system-out>
         <system-err><![CDATA[]]></system-err>
      </testcase>
      <testcase name="Test Cases/IST_Real/CONTRACT_DISPATCHER_DONA_B2B/BLIBLI/TC BLIBLI - Does not Exist in Contract Dispatcher Menu" time="47.344" classname="Test Cases/IST_Real/CONTRACT_DISPATCHER_DONA_B2B/BLIBLI/TC BLIBLI - Does not Exist in Contract Dispatcher Menu" status="PASSED">
         <system-out><![CDATA[2020-11-23 15:30:49 - [TEST_CASE][PASSED] - Test Cases/IST_Real/CONTRACT_DISPATCHER_DONA_B2B/BLIBLI/TC BLIBLI - Does not Exist in Contract Dispatcher Menu: Test Cases/IST_Real/CONTRACT_DISPATCHER_DONA_B2B/BLIBLI/TC BLIBLI - Does not Exist in Contract Dispatcher Menu

2020-11-23 15:30:49 - [TEST_STEP][PASSED] - runFeatureFile("Include/features/IST_Real/CONTRACT_DISPATCHER_DONA_B2B/BLIBLI/BLIBLI_Does_Not_Exist_in_Contract_Dispatcher_Menu.feature"): Feature file: 'Include/features/IST_Real/CONTRACT_DISPATCHER_DONA_B2B/BLIBLI/BLIBLI_Does_Not_Exist_in_Contract_Dispatcher_Menu.feature' was passed

2020-11-23 15:30:49 - [MESSAGE][INFO] - Starting run keyword runFeatureFile: 'Include/features/IST_Real/CONTRACT_DISPATCHER_DONA_B2B/BLIBLI/BLIBLI_Does_Not_Exist_in_Contract_Dispatcher_Menu.feature' and extract report to folder: '/Users/chaidir.pratama01/Katalon Studio/IST_Automation_Git/Reports/20201123_151358/CONTRACT_DISPATCHER_DONA_B2B/TS_BLIBLI/20201123_151358/cucumber_report/1606120249847'...

2020-11-23 15:30:50 - [TEST_CASE][PASSED] - Start Test Case : SCENARIO Go to Menu Contract Dispatcher to select type contract Dona BliBli but it doesn't exist: SCENARIO Go to Menu Contract Dispatcher to select type contract Dona BliBli but it doesn't exist

2020-11-23 15:30:50 - [TEST_STEP][PASSED] - Go to IST: Go to IST

2020-11-23 15:30:50 - [MESSAGE][INFO] - Starting 'Chrome (headless)' driver

2020-11-23 15:30:50 - [MESSAGE][INFO] - User set preference: ['args', '[--start-maximized, --disable-gpu, --no-proxy-server, –-no-sandbox, --allow-running-insecure-content, --ignore-certificate-errors, window-size=1680,814, force-device-scale-factor=2, --lang=en-GB]']

2020-11-23 15:30:50 - [MESSAGE][INFO] - Action delay is set to 0 milliseconds

2020-11-23 15:30:50 - [MESSAGE][PASSED] - Browser is opened with url: ''

2020-11-23 15:31:02 - [MESSAGE][PASSED] - Navigate to 'https://dev-ist.homecredit.id/ist_tracker/' successfully

2020-11-23 15:31:02 - [MESSAGE][PASSED] - Taking screenshot successfully
[[ATTACHMENT|/Users/chaidir.pratama01/Documents/Docs/Katalon Studio/Screenshot/IST_Page.png]]

2020-11-23 15:31:02 - [MESSAGE][PASSED] - Go to IST

2020-11-23 15:31:02 - [TEST_STEP][PASSED] - Login IST with valid credentials: Login IST with valid credentials

2020-11-23 15:31:02 - [MESSAGE][PASSED] - Text 'mobile.test' is set on object 'Object Repository/Page_/input_Username_j_username'

2020-11-23 15:31:02 - [MESSAGE][PASSED] - Text ****** has been set on object 'Object Repository/Page_/input_Password_j_password'

2020-11-23 15:31:04 - [MESSAGE][PASSED] - Object: 'Object Repository/Page_/button_Login' is clicked on

2020-11-23 15:31:04 - [MESSAGE][PASSED] - Login IST with valid credentials

2020-11-23 15:31:04 - [TEST_STEP][PASSED] - Login Success for contract dispatcher: Login Success for contract dispatcher

2020-11-23 15:31:04 - [MESSAGE][INFO] - Login Success

2020-11-23 15:31:04 - [MESSAGE][PASSED] - Current window maximized

2020-11-23 15:31:04 - [MESSAGE][PASSED] - Object 'Object Repository/Page_/h1_Welcome to IT Supporting Tools' is present

2020-11-23 15:31:04 - [MESSAGE][PASSED] - Login Success for contract dispatcher

2020-11-23 15:31:04 - [TEST_STEP][PASSED] - Select Menu "Contract Dispatcher": Select Menu "Contract Dispatcher"

2020-11-23 15:31:05 - [MESSAGE][PASSED] - Taking screenshot successfully
[[ATTACHMENT|/Users/chaidir.pratama01/Documents/Docs/Katalon Studio/Screenshot/test-Contract Dispatcher.png]]

2020-11-23 15:31:05 - [MESSAGE][PASSED] - Object '' is present

2020-11-23 15:31:05 - [MESSAGE][PASSED] - Object: '' is clicked on

2020-11-23 15:31:05 - [MESSAGE][PASSED] - Wait for page load successfully

2020-11-23 15:31:05 - [MESSAGE][PASSED] - Select Menu "Contract Dispatcher"

2020-11-23 15:31:05 - [TEST_STEP][PASSED] - Select Contract Number based on Type Contract "DONA_BLIBLI": Select Contract Number based on Type Contract "DONA_BLIBLI"

2020-11-23 15:31:05 - [MESSAGE][PASSED] - Object '' is present

2020-11-23 15:31:36 - [MESSAGE][INFO] - Unable to find the element located by 'By.xpath: //span[contains(text(),'336')]/../../following-sibling::td[1]/div/span[contains(text(),'DONA_BLIBLI')]'. Please recheck the objects properties to make sure the desired element is located. 

2020-11-23 15:31:37 - [MESSAGE][WARNING] - com.kms.katalon.core.webui.exception.WebElementNotFoundException: Web element with id: '' located by '//span[contains(text(),'336')]/../../following-sibling::td[1]/div/span[contains(text(),'DONA_BLIBLI')]' not found (Root cause: com.kms.katalon.core.exception.StepFailedException: com.kms.katalon.core.webui.exception.WebElementNotFoundException: Web element with id: '' located by '//span[contains(text(),'336')]/../../following-sibling::td[1]/div/span[contains(text(),'DONA_BLIBLI')]' not found
	at com.kms.katalon.core.webui.keyword.internal.WebUIKeywordMain.stepFailed(WebUIKeywordMain.groovy:64)
	at com.kms.katalon.core.webui.keyword.builtin.VerifyElementPresentKeyword$_verifyElementPresent_closure1.doCall(VerifyElementPresentKeyword.groovy:85)
	at com.kms.katalon.core.webui.keyword.builtin.VerifyElementPresentKeyword$_verifyElementPresent_closure1.call(VerifyElementPresentKeyword.groovy)
	at com.kms.katalon.core.webui.keyword.internal.WebUIKeywordMain.runKeyword(WebUIKeywordMain.groovy:20)
	at com.kms.katalon.core.webui.keyword.builtin.VerifyElementPresentKeyword.verifyElementPresent(VerifyElementPresentKeyword.groovy:92)
	at com.kms.katalon.core.webui.keyword.builtin.VerifyElementPresentKeyword.execute(VerifyElementPresentKeyword.groovy:68)
	at com.kms.katalon.core.keyword.internal.KeywordExecutor.executeKeywordForPlatform(KeywordExecutor.groovy:73)
	at com.kms.katalon.core.webui.keyword.WebUiBuiltInKeywords.verifyElementPresent(WebUiBuiltInKeywords.groovy:1444)
	at com.kms.katalon.core.webui.keyword.WebUiBuiltInKeywords$verifyElementPresent$14.call(Unknown Source)
	at ist_real.Contract_Dispatcher.Contract_Number_based_Type_Contract(Contract_Dispatcher.groovy:356)
	at cucumber.runtime.Utils$1.call(Utils.java:26)
	at cucumber.runtime.Timeout.timeout(Timeout.java:16)
	at cucumber.runtime.Utils.invoke(Utils.java:20)
	at cucumber.runtime.java.JavaStepDefinition.execute(JavaStepDefinition.java:48)
	at cucumber.runtime.PickleStepDefinitionMatch.runStep(PickleStepDefinitionMatch.java:50)
	at cucumber.runner.TestStep.executeStep(TestStep.java:55)
	at cucumber.runner.TestStep.run(TestStep.java:42)
	at cucumber.runner.PickleStepTestStep.run(PickleStepTestStep.java:53)
	at cucumber.runner.TestCase.run(TestCase.java:47)
	at cucumber.runner.Runner.runPickle(Runner.java:44)
	at cucumber.runtime.Runtime.runFeature(Runtime.java:120)
	at cucumber.runtime.Runtime.run(Runtime.java:106)
	at cucumber.api.cli.Main.run(Main.java:35)
	at cucumber.api.cli.Main$run.call(Unknown Source)
	at com.kms.katalon.core.cucumber.keyword.CucumberBuiltinKeywords$_runFeatureFile_closure1.doCall(CucumberBuiltinKeywords.groovy:76)
	at com.kms.katalon.core.cucumber.keyword.CucumberBuiltinKeywords$_runFeatureFile_closure1.doCall(CucumberBuiltinKeywords.groovy)
	at com.kms.katalon.core.keyword.internal.KeywordMain.runKeyword(KeywordMain.groovy:68)
	at com.kms.katalon.core.keyword.internal.KeywordMain$runKeyword.call(Unknown Source)
	at com.kms.katalon.core.cucumber.keyword.CucumberBuiltinKeywords.runFeatureFile(CucumberBuiltinKeywords.groovy:46)
	at com.kms.katalon.core.cucumber.keyword.CucumberBuiltinKeywords$runFeatureFile$0.callStatic(Unknown Source)
	at com.kms.katalon.core.cucumber.keyword.CucumberBuiltinKeywords.runFeatureFile(CucumberBuiltinKeywords.groovy:169)
	at com.kms.katalon.core.cucumber.keyword.CucumberBuiltinKeywords$runFeatureFile.call(Unknown Source)
	at TC BLIBLI - Does not Exist in Contract Dispatcher Menu.run(TC BLIBLI - Does not Exist in Contract Dispatcher Menu:18)
	at com.kms.katalon.core.main.ScriptEngine.run(ScriptEngine.java:194)
	at com.kms.katalon.core.main.ScriptEngine.runScriptAsRawText(ScriptEngine.java:119)
	at com.kms.katalon.core.main.TestCaseExecutor.runScript(TestCaseExecutor.java:339)
	at com.kms.katalon.core.main.TestCaseExecutor.doExecute(TestCaseExecutor.java:330)
	at com.kms.katalon.core.main.TestCaseExecutor.processExecutionPhase(TestCaseExecutor.java:309)
	at com.kms.katalon.core.main.TestCaseExecutor.accessMainPhase(TestCaseExecutor.java:301)
	at com.kms.katalon.core.main.TestCaseExecutor.execute(TestCaseExecutor.java:235)
	at com.kms.katalon.core.main.TestSuiteExecutor.accessTestCaseMainPhase(TestSuiteExecutor.java:191)
	at com.kms.katalon.core.main.TestSuiteExecutor.accessTestSuiteMainPhase(TestSuiteExecutor.java:141)
	at com.kms.katalon.core.main.TestSuiteExecutor.execute(TestSuiteExecutor.java:90)
	at com.kms.katalon.core.main.TestCaseMain.startTestSuite(TestCaseMain.java:157)
	at com.kms.katalon.core.main.TestCaseMain$startTestSuite$0.call(Unknown Source)
	at TempTestSuite1606119238455.run(TempTestSuite1606119238455.groovy:39)
)
[[ATTACHMENT|/Users/chaidir.pratama01/Katalon Studio/IST_Automation_Git/Reports/20201123_151358/CONTRACT_DISPATCHER_DONA_B2B/TS_BLIBLI/20201123_151358/1606120296565.png]]

2020-11-23 15:31:37 - [MESSAGE][PASSED] - Select Contract Number based on Type Contract "DONA_BLIBLI"

2020-11-23 15:31:37 - [TEST_STEP][PASSED] - Comment "Type Contract DONA BliBli Does Not Exist": Comment "Type Contract DONA BliBli Does Not Exist"

2020-11-23 15:31:37 - [MESSAGE][INFO] - Type Contract DONA BliBli Does Not Exist

2020-11-23 15:31:37 - [MESSAGE][PASSED] - Comment "Type Contract DONA BliBli Does Not Exist"

2020-11-23 15:31:37 - [TEST_STEP][PASSED] - Close browser: Close browser

2020-11-23 15:31:37 - [MESSAGE][PASSED] - Browser is closed

2020-11-23 15:31:37 - [MESSAGE][PASSED] - Close browser

2020-11-23 15:31:37 - [MESSAGE][PASSED] - Feature file: 'Include/features/IST_Real/CONTRACT_DISPATCHER_DONA_B2B/BLIBLI/BLIBLI_Does_Not_Exist_in_Contract_Dispatcher_Menu.feature' was passed]]></system-out>
         <system-err><![CDATA[]]></system-err>
      </testcase>
      <testcase name="Test Cases/IST_Real/CONTRACT_DISPATCHER_DONA_B2B/BLIBLI/TC BLIBLI - Update Tbl CDS CDC TRKRegMistake" time="21.692" classname="Test Cases/IST_Real/CONTRACT_DISPATCHER_DONA_B2B/BLIBLI/TC BLIBLI - Update Tbl CDS CDC TRKRegMistake" status="PASSED">
         <system-out><![CDATA[2020-11-23 15:31:37 - [TEST_CASE][PASSED] - Test Cases/IST_Real/CONTRACT_DISPATCHER_DONA_B2B/BLIBLI/TC BLIBLI - Update Tbl CDS CDC TRKRegMistake: Test Cases/IST_Real/CONTRACT_DISPATCHER_DONA_B2B/BLIBLI/TC BLIBLI - Update Tbl CDS CDC TRKRegMistake

2020-11-23 15:31:37 - [TEST_STEP][PASSED] - runFeatureFile("Include/features/IST_Real/CONTRACT_DISPATCHER_DONA_B2B/BLIBLI/Update_Tbl_CDS_CDC_TRKRegMistake.feature"): Feature file: 'Include/features/IST_Real/CONTRACT_DISPATCHER_DONA_B2B/BLIBLI/Update_Tbl_CDS_CDC_TRKRegMistake.feature' was passed

2020-11-23 15:31:37 - [MESSAGE][INFO] - Starting run keyword runFeatureFile: 'Include/features/IST_Real/CONTRACT_DISPATCHER_DONA_B2B/BLIBLI/Update_Tbl_CDS_CDC_TRKRegMistake.feature' and extract report to folder: '/Users/chaidir.pratama01/Katalon Studio/IST_Automation_Git/Reports/20201123_151358/CONTRACT_DISPATCHER_DONA_B2B/TS_BLIBLI/20201123_151358/cucumber_report/1606120297113'...

2020-11-23 15:31:37 - [TEST_CASE][PASSED] - Start Test Case : SCENARIO Update Table CONTRACT_DISPATCHER_SOURCE and CONTRACT_DISPTACHER_CLAIM: SCENARIO Update Table CONTRACT_DISPATCHER_SOURCE and CONTRACT_DISPTACHER_CLAIM

2020-11-23 15:31:37 - [TEST_STEP][PASSED] - Connect to Database: Connect to Database

2020-11-23 15:31:46 - [MESSAGE][PASSED] - Connect to Database

2020-11-23 15:31:46 - [TEST_STEP][PASSED] - Update Tbl CONTRACT DISPATCHER SOURCE To Change PROCESSED From Y to N For BLIBLI: Update Tbl CONTRACT DISPATCHER SOURCE To Change PROCESSED From Y to N For BLIBLI

2020-11-23 15:31:56 - [MESSAGE][PASSED] - Update Tbl CONTRACT DISPATCHER SOURCE To Change PROCESSED From Y to N For BLIBLI

2020-11-23 15:31:56 - [TEST_STEP][PASSED] - Update Tbl CONTRACT DISPATCHER CLAIM To Delete PROCESS From Column STATUS: Update Tbl CONTRACT DISPATCHER CLAIM To Delete PROCESS From Column STATUS

2020-11-23 15:31:57 - [MESSAGE][PASSED] - Update Tbl CONTRACT DISPATCHER CLAIM To Delete PROCESS From Column STATUS

2020-11-23 15:31:57 - [TEST_STEP][PASSED] - Delete Contract From TRK_REGISTRATION_MISTAKE: Delete Contract From TRK_REGISTRATION_MISTAKE

2020-11-23 15:31:58 - [MESSAGE][PASSED] - Delete Contract From TRK_REGISTRATION_MISTAKE

2020-11-23 15:31:58 - [MESSAGE][PASSED] - Feature file: 'Include/features/IST_Real/CONTRACT_DISPATCHER_DONA_B2B/BLIBLI/Update_Tbl_CDS_CDC_TRKRegMistake.feature' was passed]]></system-out>
         <system-err><![CDATA[]]></system-err>
      </testcase>
      <system-out><![CDATA[2020-11-23 15:14:06 - [TEST_SUITE][FAILED] - TS_BLIBLI: Test Cases/IST_Real/CONTRACT_DISPATCHER_DONA_B2B/BLIBLI/TC BLIBLI - Pick Mistake Without Write Textarea Note Before FAILED.
Reason:
com.kms.katalon.core.exception.StepFailedException: Feature file 'Include/features/IST_Real/CONTRACT_DISPATCHER_DONA_B2B/BLIBLI/Pick_Mistake_Without_Write_Textarea_Note_Before.feature' was failed
	at com.kms.katalon.core.keyword.internal.KeywordMain.stepFailed(KeywordMain.groovy:50)
	at com.kms.katalon.core.keyword.internal.KeywordMain.stepFailed(KeywordMain.groovy)
	at com.kms.katalon.core.keyword.internal.KeywordMain.stepFailed(KeywordMain.groovy:23)
	at com.kms.katalon.core.keyword.internal.KeywordMain$stepFailed$0.call(Unknown Source)
	at com.kms.katalon.core.cucumber.keyword.CucumberBuiltinKeywords$_runFeatureFile_closure1.doCall(CucumberBuiltinKeywords.groovy:82)
	at com.kms.katalon.core.cucumber.keyword.CucumberBuiltinKeywords$_runFeatureFile_closure1.doCall(CucumberBuiltinKeywords.groovy)
	at com.kms.katalon.core.keyword.internal.KeywordMain.runKeyword(KeywordMain.groovy:68)
	at com.kms.katalon.core.keyword.internal.KeywordMain$runKeyword.call(Unknown Source)
	at com.kms.katalon.core.cucumber.keyword.CucumberBuiltinKeywords.runFeatureFile(CucumberBuiltinKeywords.groovy:46)
	at com.kms.katalon.core.cucumber.keyword.CucumberBuiltinKeywords$runFeatureFile$0.callStatic(Unknown Source)
	at com.kms.katalon.core.cucumber.keyword.CucumberBuiltinKeywords.runFeatureFile(CucumberBuiltinKeywords.groovy:169)
	at com.kms.katalon.core.cucumber.keyword.CucumberBuiltinKeywords$runFeatureFile.call(Unknown Source)
	at TC BLIBLI - Pick Mistake Without Write Textarea Note Before.run(TC BLIBLI - Pick Mistake Without Write Textarea Note Before:18)
	at com.kms.katalon.core.main.ScriptEngine.run(ScriptEngine.java:194)
	at com.kms.katalon.core.main.ScriptEngine.runScriptAsRawText(ScriptEngine.java:119)
	at com.kms.katalon.core.main.TestCaseExecutor.runScript(TestCaseExecutor.java:339)
	at com.kms.katalon.core.main.TestCaseExecutor.doExecute(TestCaseExecutor.java:330)
	at com.kms.katalon.core.main.TestCaseExecutor.processExecutionPhase(TestCaseExecutor.java:309)
	at com.kms.katalon.core.main.TestCaseExecutor.accessMainPhase(TestCaseExecutor.java:301)
	at com.kms.katalon.core.main.TestCaseExecutor.execute(TestCaseExecutor.java:235)
	at com.kms.katalon.core.main.TestSuiteExecutor.accessTestCaseMainPhase(TestSuiteExecutor.java:191)
	at com.kms.katalon.core.main.TestSuiteExecutor.accessTestSuiteMainPhase(TestSuiteExecutor.java:141)
	at com.kms.katalon.core.main.TestSuiteExecutor.execute(TestSuiteExecutor.java:90)
	at com.kms.katalon.core.main.TestCaseMain.startTestSuite(TestCaseMain.java:157)
	at com.kms.katalon.core.main.TestCaseMain$startTestSuite$0.call(Unknown Source)
	at TempTestSuite1606119238455.run(TempTestSuite1606119238455.groovy:39)]]></system-out>
      <system-err><![CDATA[2020-11-23 15:14:06 - [TEST_SUITE][FAILED] - TS_BLIBLI: Test Cases/IST_Real/CONTRACT_DISPATCHER_DONA_B2B/BLIBLI/TC BLIBLI - Pick Mistake Without Write Textarea Note Before FAILED.
Reason:
com.kms.katalon.core.exception.StepFailedException: Feature file 'Include/features/IST_Real/CONTRACT_DISPATCHER_DONA_B2B/BLIBLI/Pick_Mistake_Without_Write_Textarea_Note_Before.feature' was failed
	at com.kms.katalon.core.keyword.internal.KeywordMain.stepFailed(KeywordMain.groovy:50)
	at com.kms.katalon.core.keyword.internal.KeywordMain.stepFailed(KeywordMain.groovy)
	at com.kms.katalon.core.keyword.internal.KeywordMain.stepFailed(KeywordMain.groovy:23)
	at com.kms.katalon.core.keyword.internal.KeywordMain$stepFailed$0.call(Unknown Source)
	at com.kms.katalon.core.cucumber.keyword.CucumberBuiltinKeywords$_runFeatureFile_closure1.doCall(CucumberBuiltinKeywords.groovy:82)
	at com.kms.katalon.core.cucumber.keyword.CucumberBuiltinKeywords$_runFeatureFile_closure1.doCall(CucumberBuiltinKeywords.groovy)
	at com.kms.katalon.core.keyword.internal.KeywordMain.runKeyword(KeywordMain.groovy:68)
	at com.kms.katalon.core.keyword.internal.KeywordMain$runKeyword.call(Unknown Source)
	at com.kms.katalon.core.cucumber.keyword.CucumberBuiltinKeywords.runFeatureFile(CucumberBuiltinKeywords.groovy:46)
	at com.kms.katalon.core.cucumber.keyword.CucumberBuiltinKeywords$runFeatureFile$0.callStatic(Unknown Source)
	at com.kms.katalon.core.cucumber.keyword.CucumberBuiltinKeywords.runFeatureFile(CucumberBuiltinKeywords.groovy:169)
	at com.kms.katalon.core.cucumber.keyword.CucumberBuiltinKeywords$runFeatureFile.call(Unknown Source)
	at TC BLIBLI - Pick Mistake Without Write Textarea Note Before.run(TC BLIBLI - Pick Mistake Without Write Textarea Note Before:18)
	at com.kms.katalon.core.main.ScriptEngine.run(ScriptEngine.java:194)
	at com.kms.katalon.core.main.ScriptEngine.runScriptAsRawText(ScriptEngine.java:119)
	at com.kms.katalon.core.main.TestCaseExecutor.runScript(TestCaseExecutor.java:339)
	at com.kms.katalon.core.main.TestCaseExecutor.doExecute(TestCaseExecutor.java:330)
	at com.kms.katalon.core.main.TestCaseExecutor.processExecutionPhase(TestCaseExecutor.java:309)
	at com.kms.katalon.core.main.TestCaseExecutor.accessMainPhase(TestCaseExecutor.java:301)
	at com.kms.katalon.core.main.TestCaseExecutor.execute(TestCaseExecutor.java:235)
	at com.kms.katalon.core.main.TestSuiteExecutor.accessTestCaseMainPhase(TestSuiteExecutor.java:191)
	at com.kms.katalon.core.main.TestSuiteExecutor.accessTestSuiteMainPhase(TestSuiteExecutor.java:141)
	at com.kms.katalon.core.main.TestSuiteExecutor.execute(TestSuiteExecutor.java:90)
	at com.kms.katalon.core.main.TestCaseMain.startTestSuite(TestCaseMain.java:157)
	at com.kms.katalon.core.main.TestCaseMain$startTestSuite$0.call(Unknown Source)
	at TempTestSuite1606119238455.run(TempTestSuite1606119238455.groovy:39)]]></system-err>
   </testsuite>
</testsuites>
