<?xml version="1.0" encoding="UTF-8"?>
<testsuites name="TS_SLIK_Gateway_Non_Customer" time="548.262" tests="22" failures="0" errors="0">
   <testsuite name="TS_SLIK_Gateway_Non_Customer" tests="22" failures="0" errors="0" time="548.262" timestamp="2020-11-09 14:35:14" hostname="chaidir.pratama01 - localhost" id="Test Suites/SLIK/TS_SLIK_Gateway_Non_Customer">
      <properties>
         <property name="deviceName" value=""/>
         <property name="devicePlatform" value=""/>
         <property name="logFolder" value="/Users/chaidir.pratama01/Katalon Studio/IST_Automation_Git/Reports/20201109_143506/SLIK/TS_SLIK_Gateway_Non_Customer/20201109_143506"/>
         <property name="logFiles" value="/Users/chaidir.pratama01/Katalon Studio/IST_Automation_Git/Reports/20201109_143506/SLIK/TS_SLIK_Gateway_Non_Customer/20201109_143506/execution0.log"/>
         <property name="attachments" value="/Users/chaidir.pratama01/Documents/Docs/Katalon Studio/Screenshot/test-SLIK Gateway Non Customer.png, /Users/chaidir.pratama01/Documents/Docs/Katalon Studio/Screenshot/slik.png, /Users/chaidir.pratama01/Documents/Docs/Katalon Studio/Screenshot/slik.png, /Users/chaidir.pratama01/Documents/Docs/Katalon Studio/Screenshot/slik.png, /Users/chaidir.pratama01/Documents/Docs/Katalon Studio/Screenshot/errorpopup.png, /Users/chaidir.pratama01/Katalon Studio/IST_Automation_Git/img/View_detail_NonCutomer.png, /Users/chaidir.pratama01/Documents/Docs/Katalon Studio/Screenshot/test-SLIK Gateway Approval Non Customer.png, /Users/chaidir.pratama01/Documents/Docs/Katalon Studio/Screenshot/errorpopup.png, /Users/chaidir.pratama01/Documents/Docs/Katalon Studio/Screenshot/errorpopup.png, /Users/chaidir.pratama01/Katalon Studio/IST_Automation_Git/Reports/20201109_143506/SLIK/TS_SLIK_Gateway_Non_Customer/20201109_143506/1604907523574.png, /Users/chaidir.pratama01/Katalon Studio/IST_Automation_Git/Reports/20201109_143506/SLIK/TS_SLIK_Gateway_Non_Customer/20201109_143506/1604907524481.png, /Users/chaidir.pratama01/Katalon Studio/IST_Automation_Git/Reports/20201109_143506/SLIK/TS_SLIK_Gateway_Non_Customer/20201109_143506/1604907540625.png, /Users/chaidir.pratama01/Katalon Studio/IST_Automation_Git/Reports/20201109_143506/SLIK/TS_SLIK_Gateway_Non_Customer/20201109_143506/1604907541529.png, /Users/chaidir.pratama01/Katalon Studio/IST_Automation_Git/img/View_detail_NonCutomer.png, /Users/chaidir.pratama01/Documents/Docs/Katalon Studio/Screenshot/slik.png, /Users/chaidir.pratama01/Documents/Docs/Katalon Studio/Screenshot/slik.png, /Users/chaidir.pratama01/Documents/Docs/Katalon Studio/Screenshot/slik.png, /Users/chaidir.pratama01/Documents/Docs/Katalon Studio/Screenshot/errorpopup.png, /Users/chaidir.pratama01/Documents/Docs/Katalon Studio/Screenshot/test-SLIK Gateway Approval Non Customer.png, /Users/chaidir.pratama01/Documents/Docs/Katalon Studio/Screenshot/errorpopup.png, /Users/chaidir.pratama01/Documents/Docs/Katalon Studio/Screenshot/errorpopup.png, /Users/chaidir.pratama01/Katalon Studio/IST_Automation_Git/img/View_detail_NonCutomer.png, /Users/chaidir.pratama01/Documents/Docs/Katalon Studio/Screenshot/slik.png, /Users/chaidir.pratama01/Documents/Docs/Katalon Studio/Screenshot/slik.png, /Users/chaidir.pratama01/Documents/Docs/Katalon Studio/Screenshot/slik.png, /Users/chaidir.pratama01/Documents/Docs/Katalon Studio/Screenshot/errorpopup.png, /Users/chaidir.pratama01/Documents/Docs/Katalon Studio/Screenshot/errorpopup.png, /Users/chaidir.pratama01/Documents/Docs/Katalon Studio/Screenshot/errorpopup.png, /Users/chaidir.pratama01/Documents/Docs/Katalon Studio/Screenshot/test-SLIK Gateway Approval Non Customer.png, /Users/chaidir.pratama01/Documents/Docs/Katalon Studio/Screenshot/errorpopup.png, /Users/chaidir.pratama01/Documents/Docs/Katalon Studio/Screenshot/errorpopup.png, /Users/chaidir.pratama01/Katalon Studio/IST_Automation_Git/Reports/20201109_143506/SLIK/TS_SLIK_Gateway_Non_Customer/20201109_143506/1604907849541.png, /Users/chaidir.pratama01/Katalon Studio/IST_Automation_Git/img/View_detail_NonCutomer.png"/>
         <property name="hostName" value="chaidir.pratama01 - localhost"/>
         <property name="os" value="Mac OS X 64bit"/>
         <property name="katalonVersion" value="7.6.0.${buildNumber}"/>
         <property name="browser" value="Chrome 86.0.4240.183"/>
         <property name="hostAddress" value="127.0.0.1"/>
         <property name="sessionId" value="8e37c63839b63c9a70f13cff8f7d58fe"/>
         <property name="seleniumVersion" value="3.141.59"/>
         <property name="proxyInformation" value="ProxyInformation { proxyOption=NO_PROXY, proxyServerType=HTTP, username=, password=********, proxyServerAddress=, proxyServerPort=0, executionList=\&quot;\&quot;, isApplyToDesiredCapabilities=true }"/>
         <property name="platform" value="Mac OS X"/>
      </properties>
      <testcase name="Test Cases/IST_Real/SLIK/SLIK_Gateway_Non_Customer/Delete KTPNumber From DB" time="2.567" classname="Test Cases/IST_Real/SLIK/SLIK_Gateway_Non_Customer/Delete KTPNumber From DB" status="PASSED">
         <system-out><![CDATA[2020-11-09 14:35:15 - [TEST_CASE][PASSED] - Test Cases/IST_Real/SLIK/SLIK_Gateway_Non_Customer/Delete KTPNumber From DB: Test Cases/IST_Real/SLIK/SLIK_Gateway_Non_Customer/Delete KTPNumber From DB

2020-11-09 14:35:15 - [TEST_STEP][PASSED] - runFeatureFile("Include/features/IST_Real/SLIK/SLIK Gateway Non Customer/Delete_KTPNumber_From_DB.feature"): Feature file: 'Include/features/IST_Real/SLIK/SLIK Gateway Non Customer/Delete_KTPNumber_From_DB.feature' was passed

2020-11-09 14:35:15 - [MESSAGE][INFO] - Starting run keyword runFeatureFile: 'Include/features/IST_Real/SLIK/SLIK Gateway Non Customer/Delete_KTPNumber_From_DB.feature' and extract report to folder: '/Users/chaidir.pratama01/Katalon Studio/IST_Automation_Git/Reports/20201109_143506/SLIK/TS_SLIK_Gateway_Non_Customer/20201109_143506/cucumber_report/1604907315314'...

2020-11-09 14:35:15 - [TEST_CASE][PASSED] - Start Test Case : SCENARIO Delete_KTPNumber_From_DB: SCENARIO Delete_KTPNumber_From_DB

2020-11-09 14:35:15 - [TEST_STEP][PASSED] - Connect to Database: Connect to Database

2020-11-09 14:35:17 - [MESSAGE][PASSED] - Connect to Database

2020-11-09 14:35:17 - [TEST_STEP][PASSED] - Delete Contract From SLIK_DATA_NonCUSTOMER: Delete Contract From SLIK_DATA_NonCUSTOMER

2020-11-09 14:35:17 - [MESSAGE][PASSED] - Delete Contract From SLIK_DATA_NonCUSTOMER

2020-11-09 14:35:17 - [MESSAGE][PASSED] - Feature file: 'Include/features/IST_Real/SLIK/SLIK Gateway Non Customer/Delete_KTPNumber_From_DB.feature' was passed]]></system-out>
         <system-err><![CDATA[]]></system-err>
      </testcase>
      <testcase name="Test Cases/IST_Real/SLIK/SLIK_Gateway_Non_Customer/Open Menu SLIK Gateway Non Customer" time="44.388" classname="Test Cases/IST_Real/SLIK/SLIK_Gateway_Non_Customer/Open Menu SLIK Gateway Non Customer" status="PASSED">
         <system-out><![CDATA[2020-11-09 14:35:17 - [TEST_CASE][PASSED] - Test Cases/IST_Real/SLIK/SLIK_Gateway_Non_Customer/Open Menu SLIK Gateway Non Customer: Test Cases/IST_Real/SLIK/SLIK_Gateway_Non_Customer/Open Menu SLIK Gateway Non Customer

2020-11-09 14:35:17 - [TEST_STEP][PASSED] - runFeatureFile("Include/features/IST_Real/SLIK/SLIK Gateway Non Customer/Open_Menu_SLIK_Gateway_Non_Customer.feature"): Feature file: 'Include/features/IST_Real/SLIK/SLIK Gateway Non Customer/Open_Menu_SLIK_Gateway_Non_Customer.feature' was passed

2020-11-09 14:35:17 - [MESSAGE][INFO] - Starting run keyword runFeatureFile: 'Include/features/IST_Real/SLIK/SLIK Gateway Non Customer/Open_Menu_SLIK_Gateway_Non_Customer.feature' and extract report to folder: '/Users/chaidir.pratama01/Katalon Studio/IST_Automation_Git/Reports/20201109_143506/SLIK/TS_SLIK_Gateway_Non_Customer/20201109_143506/cucumber_report/1604907317755'...

2020-11-09 14:35:17 - [TEST_CASE][PASSED] - Start Test Case : SCENARIO Menu SLIK Gateway Non Customer in IST and Verify Element Needed Exist: SCENARIO Menu SLIK Gateway Non Customer in IST and Verify Element Needed Exist

2020-11-09 14:35:17 - [TEST_STEP][PASSED] - Go to ISTools: Go to ISTools

2020-11-09 14:35:18 - [MESSAGE][INFO] - Starting 'Chrome' driver

2020-11-09 14:35:18 - [MESSAGE][INFO] - User set preference: ['AcceptInsecureCerts', 'true']

2020-11-09 14:35:18 - [MESSAGE][INFO] - User set preference: ['args', '[ignore-certificate-errors]']

2020-11-09 14:35:18 - [MESSAGE][INFO] - Action delay is set to 0 milliseconds

2020-11-09 14:35:20 - [MESSAGE][PASSED] - Browser is opened with url: ''

2020-11-09 14:35:21 - [MESSAGE][PASSED] - Navigate to 'https://id-ist01preprod.id.nonprod/ist/' successfully

2020-11-09 14:35:21 - [MESSAGE][PASSED] - Go to ISTools

2020-11-09 14:35:21 - [TEST_STEP][PASSED] - Login IST with valid credentials: Login IST with valid credentials

2020-11-09 14:35:22 - [MESSAGE][PASSED] - Text 'mobile.test' is set on object 'Object Repository/Page_/input_Username_j_username'

2020-11-09 14:35:24 - [MESSAGE][PASSED] - Text ****** has been set on object 'Object Repository/Page_/input_Password_j_password'

2020-11-09 14:35:26 - [MESSAGE][PASSED] - Object: 'Object Repository/Page_/button_Login' is clicked on

2020-11-09 14:35:26 - [MESSAGE][PASSED] - Login IST with valid credentials

2020-11-09 14:35:26 - [TEST_STEP][PASSED] - Login Success for contract dispatcher: Login Success for contract dispatcher

2020-11-09 14:35:26 - [MESSAGE][INFO] - Login Success

2020-11-09 14:35:26 - [MESSAGE][PASSED] - Current window maximized

2020-11-09 14:35:27 - [MESSAGE][PASSED] - Object 'Object Repository/Page_/h1_Welcome to IT Supporting Tools' is present

2020-11-09 14:35:27 - [MESSAGE][PASSED] - Login Success for contract dispatcher

2020-11-09 14:35:27 - [TEST_STEP][PASSED] - Select Menu "SLIK Gateway Non Customer": Select Menu "SLIK Gateway Non Customer"

2020-11-09 14:35:28 - [MESSAGE][PASSED] - Taking screenshot successfully
[[ATTACHMENT|/Users/chaidir.pratama01/Documents/Docs/Katalon Studio/Screenshot/test-SLIK Gateway Non Customer.png]]

2020-11-09 14:35:28 - [MESSAGE][PASSED] - Object '' is present

2020-11-09 14:35:28 - [MESSAGE][PASSED] - Object: '' is clicked on

2020-11-09 14:35:28 - [MESSAGE][PASSED] - Wait for page load successfully

2020-11-09 14:35:28 - [MESSAGE][PASSED] - Select Menu "SLIK Gateway Non Customer"

2020-11-09 14:35:28 - [TEST_STEP][PASSED] - Verify Title "SLIK Gateway Non Customer" Exists: Verify Title "SLIK Gateway Non Customer" Exists

2020-11-09 14:35:29 - [MESSAGE][PASSED] - Object '' is present

2020-11-09 14:35:29 - [MESSAGE][PASSED] - Object: '' is focused

2020-11-09 14:35:29 - [MESSAGE][PASSED] - Verify Title "SLIK Gateway Non Customer" Exists

2020-11-09 14:35:29 - [TEST_STEP][PASSED] - Verify Title "Check SLIK" Exists: Verify Title "Check SLIK" Exists

2020-11-09 14:35:30 - [MESSAGE][PASSED] - Object '' is present

2020-11-09 14:35:30 - [MESSAGE][PASSED] - Object: '' is focused

2020-11-09 14:35:30 - [MESSAGE][PASSED] - Verify Title "Check SLIK" Exists

2020-11-09 14:35:30 - [TEST_STEP][PASSED] - Verify Contents of Check SLIK Label in SLIK Gateway Non Customer Menu Exist: Verify Contents of Check SLIK Label in SLIK Gateway Non Customer Menu Exist

2020-11-09 14:35:30 - [MESSAGE][PASSED] - Object '' is present

2020-11-09 14:35:31 - [MESSAGE][PASSED] - Object: '' is focused

2020-11-09 14:35:31 - [MESSAGE][PASSED] - Object '' is present

2020-11-09 14:35:31 - [MESSAGE][PASSED] - Object: '' is focused

2020-11-09 14:35:32 - [MESSAGE][PASSED] - Object '' is present

2020-11-09 14:35:32 - [MESSAGE][PASSED] - Object: '' is focused

2020-11-09 14:35:33 - [MESSAGE][PASSED] - Object '' is present

2020-11-09 14:35:33 - [MESSAGE][PASSED] - Object: '' is focused

2020-11-09 14:35:33 - [MESSAGE][PASSED] - Object '' is present

2020-11-09 14:35:34 - [MESSAGE][PASSED] - Object: '' is focused

2020-11-09 14:35:34 - [MESSAGE][PASSED] - Object '' is present

2020-11-09 14:35:34 - [MESSAGE][PASSED] - Object: '' is focused

2020-11-09 14:35:35 - [MESSAGE][PASSED] - Object '' is present

2020-11-09 14:35:35 - [MESSAGE][PASSED] - Object: '' is focused

2020-11-09 14:35:35 - [MESSAGE][PASSED] - Object '' is present

2020-11-09 14:35:36 - [MESSAGE][PASSED] - Object: '' is focused

2020-11-09 14:35:36 - [MESSAGE][PASSED] - Object '' is present

2020-11-09 14:35:36 - [MESSAGE][PASSED] - Object: '' is focused

2020-11-09 14:35:37 - [MESSAGE][PASSED] - Object '' is present

2020-11-09 14:35:37 - [MESSAGE][PASSED] - Object: '' is focused

2020-11-09 14:35:38 - [MESSAGE][PASSED] - Object '' is present

2020-11-09 14:35:38 - [MESSAGE][PASSED] - Object: '' is focused

2020-11-09 14:35:38 - [MESSAGE][PASSED] - Object '' is present

2020-11-09 14:35:39 - [MESSAGE][PASSED] - Object: '' is focused

2020-11-09 14:35:39 - [MESSAGE][PASSED] - Object '' is present

2020-11-09 14:35:39 - [MESSAGE][PASSED] - Object: '' is focused

2020-11-09 14:35:39 - [MESSAGE][PASSED] - Object '' is present

2020-11-09 14:35:40 - [MESSAGE][PASSED] - Object: '' is focused

2020-11-09 14:35:40 - [MESSAGE][PASSED] - Object '' is present

2020-11-09 14:35:40 - [MESSAGE][PASSED] - Object: '' is focused

2020-11-09 14:35:40 - [MESSAGE][PASSED] - Object '' is present

2020-11-09 14:35:41 - [MESSAGE][PASSED] - Object: '' is focused

2020-11-09 14:35:41 - [MESSAGE][PASSED] - Object '' is present

2020-11-09 14:35:42 - [MESSAGE][PASSED] - Object: '' is focused

2020-11-09 14:35:42 - [MESSAGE][PASSED] - Object '' is present

2020-11-09 14:35:42 - [MESSAGE][PASSED] - Object: '' is focused

2020-11-09 14:35:42 - [MESSAGE][PASSED] - Object '' is present

2020-11-09 14:35:45 - [MESSAGE][PASSED] - Delayed 3 second(s)

2020-11-09 14:35:46 - [MESSAGE][PASSED] - Object: '' is focused

2020-11-09 14:35:49 - [MESSAGE][PASSED] - Delayed 3 second(s)

2020-11-09 14:35:49 - [MESSAGE][PASSED] - Object '' is present

2020-11-09 14:35:49 - [MESSAGE][PASSED] - Object: '' is focused

2020-11-09 14:35:50 - [MESSAGE][PASSED] - Object '' is present

2020-11-09 14:35:50 - [MESSAGE][PASSED] - Object: '' is focused

2020-11-09 14:35:51 - [MESSAGE][PASSED] - Object '' is present

2020-11-09 14:35:51 - [MESSAGE][PASSED] - Object: '' is focused

2020-11-09 14:35:51 - [MESSAGE][PASSED] - Verify Contents of Check SLIK Label in SLIK Gateway Non Customer Menu Exist

2020-11-09 14:35:51 - [TEST_STEP][PASSED] - Verify Title "Search Result" Exists: Verify Title "Search Result" Exists

2020-11-09 14:35:51 - [MESSAGE][PASSED] - Object '' is present

2020-11-09 14:35:52 - [MESSAGE][PASSED] - Object: '' is focused

2020-11-09 14:35:52 - [MESSAGE][PASSED] - Verify Title "Search Result" Exists

2020-11-09 14:35:52 - [TEST_STEP][PASSED] - Verify Contents of Search Result: Verify Contents of Search Result

2020-11-09 14:35:52 - [MESSAGE][PASSED] - Object '' is present

2020-11-09 14:35:52 - [MESSAGE][PASSED] - Object: '' is focused

2020-11-09 14:35:53 - [MESSAGE][PASSED] - Object '' is present

2020-11-09 14:35:53 - [MESSAGE][PASSED] - Object: '' is focused

2020-11-09 14:35:53 - [MESSAGE][PASSED] - Object '' is present

2020-11-09 14:35:54 - [MESSAGE][PASSED] - Object: '' is focused

2020-11-09 14:35:54 - [MESSAGE][PASSED] - Object '' is present

2020-11-09 14:35:55 - [MESSAGE][PASSED] - Object: '' is focused

2020-11-09 14:35:55 - [MESSAGE][PASSED] - Object '' is present

2020-11-09 14:35:55 - [MESSAGE][PASSED] - Object: '' is focused

2020-11-09 14:35:56 - [MESSAGE][PASSED] - Object '' is present

2020-11-09 14:35:56 - [MESSAGE][PASSED] - Object: '' is focused

2020-11-09 14:35:56 - [MESSAGE][PASSED] - Object '' is present

2020-11-09 14:35:57 - [MESSAGE][PASSED] - Object: '' is focused

2020-11-09 14:35:57 - [MESSAGE][PASSED] - Object '' is present

2020-11-09 14:35:57 - [MESSAGE][PASSED] - Object: '' is focused

2020-11-09 14:35:57 - [MESSAGE][PASSED] - Object '' is present

2020-11-09 14:35:58 - [MESSAGE][PASSED] - Object: '' is focused

2020-11-09 14:35:58 - [MESSAGE][PASSED] - Verify Contents of Search Result

2020-11-09 14:35:58 - [TEST_STEP][PASSED] - Click button "Logout": Click button "Logout"

2020-11-09 14:35:58 - [MESSAGE][INFO] - >>>>>//Button[contains(text(),'Logout')]

2020-11-09 14:36:01 - [MESSAGE][PASSED] - Object: '' is clicked on

2020-11-09 14:36:01 - [MESSAGE][PASSED] - Click button "Logout"

2020-11-09 14:36:01 - [TEST_STEP][PASSED] - Close browser: Close browser

2020-11-09 14:36:02 - [MESSAGE][PASSED] - Browser is closed

2020-11-09 14:36:02 - [MESSAGE][PASSED] - Close browser

2020-11-09 14:36:02 - [MESSAGE][PASSED] - Feature file: 'Include/features/IST_Real/SLIK/SLIK Gateway Non Customer/Open_Menu_SLIK_Gateway_Non_Customer.feature' was passed]]></system-out>
         <system-err><![CDATA[]]></system-err>
      </testcase>
      <testcase name="Test Cases/IST_Real/SLIK/SLIK_Gateway_Non_Customer/SLIK Gateway Non Customer Checking" time="73.18" classname="Test Cases/IST_Real/SLIK/SLIK_Gateway_Non_Customer/SLIK Gateway Non Customer Checking" status="PASSED">
         <system-out><![CDATA[2020-11-09 14:36:02 - [TEST_CASE][PASSED] - Test Cases/IST_Real/SLIK/SLIK_Gateway_Non_Customer/SLIK Gateway Non Customer Checking: Test Cases/IST_Real/SLIK/SLIK_Gateway_Non_Customer/SLIK Gateway Non Customer Checking

2020-11-09 14:36:02 - [TEST_STEP][PASSED] - runFeatureFile("Include/features/IST_Real/SLIK/SLIK Gateway Non Customer/SLIK Gateway Non Customer Checking.feature"): Feature file: 'Include/features/IST_Real/SLIK/SLIK Gateway Non Customer/SLIK Gateway Non Customer Checking.feature' was passed

2020-11-09 14:36:02 - [MESSAGE][INFO] - Starting run keyword runFeatureFile: 'Include/features/IST_Real/SLIK/SLIK Gateway Non Customer/SLIK Gateway Non Customer Checking.feature' and extract report to folder: '/Users/chaidir.pratama01/Katalon Studio/IST_Automation_Git/Reports/20201109_143506/SLIK/TS_SLIK_Gateway_Non_Customer/20201109_143506/cucumber_report/1604907362118'...

2020-11-09 14:36:02 - [TEST_CASE][PASSED] - Start Test Case : SCENARIO SLIK Gateway Non Customer Checking: SCENARIO SLIK Gateway Non Customer Checking

2020-11-09 14:36:02 - [TEST_STEP][PASSED] - Go to ISTools: Go to ISTools

2020-11-09 14:36:02 - [MESSAGE][INFO] - Starting 'Chrome' driver

2020-11-09 14:36:02 - [MESSAGE][INFO] - User set preference: ['AcceptInsecureCerts', 'true']

2020-11-09 14:36:02 - [MESSAGE][INFO] - User set preference: ['args', '[ignore-certificate-errors]']

2020-11-09 14:36:02 - [MESSAGE][INFO] - Action delay is set to 0 milliseconds

2020-11-09 14:36:03 - [MESSAGE][PASSED] - Browser is opened with url: ''

2020-11-09 14:36:04 - [MESSAGE][PASSED] - Navigate to 'https://id-ist01preprod.id.nonprod/ist/' successfully

2020-11-09 14:36:04 - [MESSAGE][PASSED] - Go to ISTools

2020-11-09 14:36:04 - [TEST_STEP][PASSED] - Login IST with valid credentials: Login IST with valid credentials

2020-11-09 14:36:05 - [MESSAGE][PASSED] - Text 'mobile.test' is set on object 'Object Repository/Page_/input_Username_j_username'

2020-11-09 14:36:05 - [MESSAGE][PASSED] - Text ****** has been set on object 'Object Repository/Page_/input_Password_j_password'

2020-11-09 14:36:06 - [MESSAGE][PASSED] - Object: 'Object Repository/Page_/button_Login' is clicked on

2020-11-09 14:36:06 - [MESSAGE][PASSED] - Login IST with valid credentials

2020-11-09 14:36:06 - [TEST_STEP][PASSED] - Login Success for contract dispatcher: Login Success for contract dispatcher

2020-11-09 14:36:06 - [MESSAGE][INFO] - Login Success

2020-11-09 14:36:06 - [MESSAGE][PASSED] - Current window maximized

2020-11-09 14:36:07 - [MESSAGE][PASSED] - Object 'Object Repository/Page_/h1_Welcome to IT Supporting Tools' is present

2020-11-09 14:36:07 - [MESSAGE][PASSED] - Login Success for contract dispatcher

2020-11-09 14:36:07 - [TEST_STEP][PASSED] - Select Menu SLIK Gateway NonCustomer: Select Menu SLIK Gateway NonCustomer

2020-11-09 14:36:07 - [MESSAGE][PASSED] - Object '' is present

2020-11-09 14:36:07 - [MESSAGE][PASSED] - Object: '' is clicked on

2020-11-09 14:36:07 - [MESSAGE][PASSED] - Wait for page load successfully

2020-11-09 14:36:07 - [MESSAGE][PASSED] - Select Menu SLIK Gateway NonCustomer

2020-11-09 14:36:07 - [TEST_STEP][PASSED] - Input Data KTP Number: Input Data KTP Number

2020-11-09 14:36:08 - [MESSAGE][PASSED] - Text '8888888888888888' is set on object ''

2020-11-09 14:36:08 - [MESSAGE][PASSED] - Input Data KTP Number

2020-11-09 14:36:08 - [TEST_STEP][PASSED] - Input Data "Name *" with value "OPEX TestingAuto" for Check SLIK: Input Data "Name *" with value "OPEX TestingAuto" for Check SLIK

2020-11-09 14:36:09 - [MESSAGE][PASSED] - Taking screenshot successfully
[[ATTACHMENT|/Users/chaidir.pratama01/Documents/Docs/Katalon Studio/Screenshot/slik.png]]

2020-11-09 14:36:09 - [MESSAGE][PASSED] - Object '' is visible

2020-11-09 14:36:10 - [MESSAGE][PASSED] - Object: '' is focused

2020-11-09 14:36:10 - [MESSAGE][PASSED] - Text 'OPEX TestingAuto' is set on object ''

2020-11-09 14:36:10 - [MESSAGE][PASSED] - Input Data "Name *" with value "OPEX TestingAuto" for Check SLIK

2020-11-09 14:36:10 - [TEST_STEP][PASSED] - Input Date of Birth "20-02-1990": Input Date of Birth "20-02-1990"

2020-11-09 14:36:11 - [MESSAGE][PASSED] - Text '20-02-1990' is set on object ''

2020-11-09 14:36:14 - [MESSAGE][PASSED] - Delayed 3 second(s)

2020-11-09 14:36:14 - [MESSAGE][PASSED] - Input Date of Birth "20-02-1990"

2020-11-09 14:36:14 - [TEST_STEP][PASSED] - Select Gender "Laki-laki": Select Gender "Laki-laki"

2020-11-09 14:36:14 - [MESSAGE][PASSED] - Object: '' is clicked on

2020-11-09 14:36:14 - [MESSAGE][PASSED] - Select Gender "Laki-laki"

2020-11-09 14:36:14 - [TEST_STEP][PASSED] - Select Purpose is "Penilaian Calon Kemitraan": Select Purpose is "Penilaian Calon Kemitraan"

2020-11-09 14:36:15 - [MESSAGE][PASSED] - All options with value 'Penilaian Calon Kemitraan' are selected in object ''  using regular expression

2020-11-09 14:36:15 - [MESSAGE][PASSED] - Select Purpose is "Penilaian Calon Kemitraan"

2020-11-09 14:36:15 - [TEST_STEP][PASSED] - Input Data "Place of Birth" with value "Jakarta" for Check SLIK: Input Data "Place of Birth" with value "Jakarta" for Check SLIK

2020-11-09 14:36:16 - [MESSAGE][PASSED] - Taking screenshot successfully
[[ATTACHMENT|/Users/chaidir.pratama01/Documents/Docs/Katalon Studio/Screenshot/slik.png]]

2020-11-09 14:36:17 - [MESSAGE][PASSED] - Object '' is visible

2020-11-09 14:36:17 - [MESSAGE][PASSED] - Object: '' is focused

2020-11-09 14:36:18 - [MESSAGE][PASSED] - Text 'Jakarta' is set on object ''

2020-11-09 14:36:18 - [MESSAGE][PASSED] - Input Data "Place of Birth" with value "Jakarta" for Check SLIK

2020-11-09 14:36:18 - [TEST_STEP][PASSED] - Input Data "Mother Maternity Name" with value "Tester Auto" for Check SLIK: Input Data "Mother Maternity Name" with value "Tester Auto" for Check SLIK

2020-11-09 14:36:19 - [MESSAGE][PASSED] - Taking screenshot successfully
[[ATTACHMENT|/Users/chaidir.pratama01/Documents/Docs/Katalon Studio/Screenshot/slik.png]]

2020-11-09 14:36:19 - [MESSAGE][PASSED] - Object '' is visible

2020-11-09 14:36:19 - [MESSAGE][PASSED] - Object: '' is focused

2020-11-09 14:36:20 - [MESSAGE][PASSED] - Text 'Tester Auto' is set on object ''

2020-11-09 14:36:20 - [MESSAGE][PASSED] - Input Data "Mother Maternity Name" with value "Tester Auto" for Check SLIK

2020-11-09 14:36:20 - [TEST_STEP][PASSED] - Input KTP Address "TESTING AUTO JAKARTA": Input KTP Address "TESTING AUTO JAKARTA"

2020-11-09 14:36:20 - [MESSAGE][PASSED] - Text 'TESTING AUTO JAKARTA' is set on object ''

2020-11-09 14:36:20 - [MESSAGE][PASSED] - Input KTP Address "TESTING AUTO JAKARTA"

2020-11-09 14:36:20 - [TEST_STEP][PASSED] - Click button "Upload": Click button "Upload"

2020-11-09 14:36:20 - [MESSAGE][INFO] - >>>>>//Button[contains(text(),'Upload')]

2020-11-09 14:36:24 - [MESSAGE][PASSED] - Object: '' is clicked on

2020-11-09 14:36:24 - [MESSAGE][PASSED] - Click button "Upload"

2020-11-09 14:36:24 - [TEST_STEP][PASSED] - Upload file "new_captcha1500.png": Upload file "new_captcha1500.png"

2020-11-09 14:36:25 - [MESSAGE][PASSED] - Switched to window with index: '0'

2020-11-09 14:36:40 - [MESSAGE][PASSED] - Upload file "new_captcha1500.png"

2020-11-09 14:36:40 - [TEST_STEP][PASSED] - Click button "Check SLIK": Click button "Check SLIK"

2020-11-09 14:36:40 - [MESSAGE][INFO] - >>>>>//Button[contains(text(),'Check SLIK')]

2020-11-09 14:36:43 - [MESSAGE][PASSED] - Object: '' is clicked on

2020-11-09 14:36:43 - [MESSAGE][PASSED] - Click button "Check SLIK"

2020-11-09 14:36:43 - [TEST_STEP][PASSED] - Get text from pop up "Confirmation Submit Request" with text "Are you sure to submit this data ?": Get text from pop up "Confirmation Submit Request" with text "Are you sure to submit this data ?"

2020-11-09 14:36:44 - [MESSAGE][PASSED] - Taking screenshot successfully
[[ATTACHMENT|/Users/chaidir.pratama01/Documents/Docs/Katalon Studio/Screenshot/errorpopup.png]]

2020-11-09 14:36:44 - [MESSAGE][PASSED] - Object '' is present

2020-11-09 14:36:44 - [MESSAGE][PASSED] - Wait for page load successfully

2020-11-09 14:36:44 - [MESSAGE][PASSED] - Wait for page load successfully

2020-11-09 14:36:44 - [MESSAGE][PASSED] - Get text from pop up "Confirmation Submit Request" with text "Are you sure to submit this data ?"

2020-11-09 14:36:44 - [TEST_STEP][PASSED] - Click button "Yes": Click button "Yes"

2020-11-09 14:36:44 - [MESSAGE][INFO] - >>>>>//Button[contains(text(),'Yes')]

2020-11-09 14:36:47 - [MESSAGE][PASSED] - Object: '' is clicked on

2020-11-09 14:36:47 - [MESSAGE][PASSED] - Click button "Yes"

2020-11-09 14:36:47 - [TEST_STEP][PASSED] - Verify KTP Number Request Success: Verify KTP Number Request Success

2020-11-09 14:37:08 - [MESSAGE][PASSED] - Object '' is present

2020-11-09 14:37:08 - [MESSAGE][PASSED] - Verify KTP Number Request Success

2020-11-09 14:37:08 - [TEST_STEP][PASSED] - Click button "OK": Click button "OK"

2020-11-09 14:37:08 - [MESSAGE][INFO] - >>>>>//Button[contains(text(),'OK')]

2020-11-09 14:37:11 - [MESSAGE][PASSED] - Object: '' is clicked on

2020-11-09 14:37:11 - [MESSAGE][PASSED] - Click button "OK"

2020-11-09 14:37:11 - [TEST_STEP][PASSED] - Click button "Logout": Click button "Logout"

2020-11-09 14:37:11 - [MESSAGE][INFO] - >>>>>//Button[contains(text(),'Logout')]

2020-11-09 14:37:15 - [MESSAGE][PASSED] - Object: '' is clicked on

2020-11-09 14:37:15 - [MESSAGE][PASSED] - Click button "Logout"

2020-11-09 14:37:15 - [TEST_STEP][PASSED] - Close browser: Close browser

2020-11-09 14:37:15 - [MESSAGE][PASSED] - Browser is closed

2020-11-09 14:37:15 - [MESSAGE][PASSED] - Close browser

2020-11-09 14:37:15 - [MESSAGE][PASSED] - Feature file: 'Include/features/IST_Real/SLIK/SLIK Gateway Non Customer/SLIK Gateway Non Customer Checking.feature' was passed]]></system-out>
         <system-err><![CDATA[]]></system-err>
      </testcase>
      <testcase name="Test Cases/IST_Real/SLIK/SLIK_Gateway_Non_Customer/SELECT KTP NUMBER NON CUSTOMER from DB" time="0.93" classname="Test Cases/IST_Real/SLIK/SLIK_Gateway_Non_Customer/SELECT KTP NUMBER NON CUSTOMER from DB" status="PASSED">
         <system-out><![CDATA[2020-11-09 14:37:15 - [TEST_CASE][PASSED] - Test Cases/IST_Real/SLIK/SLIK_Gateway_Non_Customer/SELECT KTP NUMBER NON CUSTOMER from DB: Test Cases/IST_Real/SLIK/SLIK_Gateway_Non_Customer/SELECT KTP NUMBER NON CUSTOMER from DB

2020-11-09 14:37:15 - [TEST_STEP][PASSED] - runFeatureFile("Include/features/IST_Real/SLIK/SLIK Gateway Non Customer/SELECT_KTP_NUMBER_NON_CUSTOMER_from_DB.feature"): Feature file: 'Include/features/IST_Real/SLIK/SLIK Gateway Non Customer/SELECT_KTP_NUMBER_NON_CUSTOMER_from_DB.feature' was passed

2020-11-09 14:37:15 - [MESSAGE][INFO] - Starting run keyword runFeatureFile: 'Include/features/IST_Real/SLIK/SLIK Gateway Non Customer/SELECT_KTP_NUMBER_NON_CUSTOMER_from_DB.feature' and extract report to folder: '/Users/chaidir.pratama01/Katalon Studio/IST_Automation_Git/Reports/20201109_143506/SLIK/TS_SLIK_Gateway_Non_Customer/20201109_143506/cucumber_report/1604907435311'...

2020-11-09 14:37:15 - [TEST_CASE][PASSED] - Start Test Case : SCENARIO SELECT KTP Number Non Customer From Table SLIK_DATA_CUSTOMER: SCENARIO SELECT KTP Number Non Customer From Table SLIK_DATA_CUSTOMER

2020-11-09 14:37:15 - [TEST_STEP][PASSED] - Connect to Database: Connect to Database

2020-11-09 14:37:15 - [MESSAGE][PASSED] - Connect to Database

2020-11-09 14:37:15 - [TEST_STEP][PASSED] - Check KTP Number Non Customer in DB: Check KTP Number Non Customer in DB

2020-11-09 14:37:16 - [MESSAGE][PASSED] - Check KTP Number Non Customer in DB

2020-11-09 14:37:16 - [MESSAGE][PASSED] - Feature file: 'Include/features/IST_Real/SLIK/SLIK Gateway Non Customer/SELECT_KTP_NUMBER_NON_CUSTOMER_from_DB.feature' was passed]]></system-out>
         <system-err><![CDATA[]]></system-err>
      </testcase>
      <testcase name="Test Cases/IST_Real/SLIK/SLIK_Gateway_Non_Customer/SLIK Gateway Non Customer Search By KTP" time="13.866" classname="Test Cases/IST_Real/SLIK/SLIK_Gateway_Non_Customer/SLIK Gateway Non Customer Search By KTP" status="PASSED">
         <system-out><![CDATA[2020-11-09 14:37:16 - [TEST_CASE][PASSED] - Test Cases/IST_Real/SLIK/SLIK_Gateway_Non_Customer/SLIK Gateway Non Customer Search By KTP: Test Cases/IST_Real/SLIK/SLIK_Gateway_Non_Customer/SLIK Gateway Non Customer Search By KTP

2020-11-09 14:37:16 - [TEST_STEP][PASSED] - runFeatureFile("Include/features/IST_Real/SLIK/SLIK Gateway Non Customer/SLIK_Gateaway_Non_Customer_Search_By_KTP.feature"): Feature file: 'Include/features/IST_Real/SLIK/SLIK Gateway Non Customer/SLIK_Gateaway_Non_Customer_Search_By_KTP.feature' was passed

2020-11-09 14:37:16 - [MESSAGE][INFO] - Starting run keyword runFeatureFile: 'Include/features/IST_Real/SLIK/SLIK Gateway Non Customer/SLIK_Gateaway_Non_Customer_Search_By_KTP.feature' and extract report to folder: '/Users/chaidir.pratama01/Katalon Studio/IST_Automation_Git/Reports/20201109_143506/SLIK/TS_SLIK_Gateway_Non_Customer/20201109_143506/cucumber_report/1604907436240'...

2020-11-09 14:37:16 - [TEST_CASE][PASSED] - Start Test Case : SCENARIO SLIK Gateway Non Customer Search Result: SCENARIO SLIK Gateway Non Customer Search Result

2020-11-09 14:37:16 - [TEST_STEP][PASSED] - Go to ISTools: Go to ISTools

2020-11-09 14:37:16 - [MESSAGE][INFO] - Starting 'Chrome' driver

2020-11-09 14:37:16 - [MESSAGE][INFO] - User set preference: ['AcceptInsecureCerts', 'true']

2020-11-09 14:37:16 - [MESSAGE][INFO] - User set preference: ['args', '[ignore-certificate-errors]']

2020-11-09 14:37:16 - [MESSAGE][INFO] - Action delay is set to 0 milliseconds

2020-11-09 14:37:17 - [MESSAGE][PASSED] - Browser is opened with url: ''

2020-11-09 14:37:18 - [MESSAGE][PASSED] - Navigate to 'https://id-ist01preprod.id.nonprod/ist/' successfully

2020-11-09 14:37:18 - [MESSAGE][PASSED] - Go to ISTools

2020-11-09 14:37:18 - [TEST_STEP][PASSED] - Login IST with valid credentials: Login IST with valid credentials

2020-11-09 14:37:19 - [MESSAGE][PASSED] - Text 'mobile.test' is set on object 'Object Repository/Page_/input_Username_j_username'

2020-11-09 14:37:19 - [MESSAGE][PASSED] - Text ****** has been set on object 'Object Repository/Page_/input_Password_j_password'

2020-11-09 14:37:19 - [MESSAGE][PASSED] - Object: 'Object Repository/Page_/button_Login' is clicked on

2020-11-09 14:37:19 - [MESSAGE][PASSED] - Login IST with valid credentials

2020-11-09 14:37:19 - [TEST_STEP][PASSED] - Login Success for contract dispatcher: Login Success for contract dispatcher

2020-11-09 14:37:19 - [MESSAGE][INFO] - Login Success

2020-11-09 14:37:20 - [MESSAGE][PASSED] - Current window maximized

2020-11-09 14:37:20 - [MESSAGE][PASSED] - Object 'Object Repository/Page_/h1_Welcome to IT Supporting Tools' is present

2020-11-09 14:37:20 - [MESSAGE][PASSED] - Login Success for contract dispatcher

2020-11-09 14:37:20 - [TEST_STEP][PASSED] - Select Menu SLIK Gateway NonCustomer: Select Menu SLIK Gateway NonCustomer

2020-11-09 14:37:20 - [MESSAGE][PASSED] - Object '' is present

2020-11-09 14:37:20 - [MESSAGE][PASSED] - Object: '' is clicked on

2020-11-09 14:37:20 - [MESSAGE][PASSED] - Wait for page load successfully

2020-11-09 14:37:20 - [MESSAGE][PASSED] - Select Menu SLIK Gateway NonCustomer

2020-11-09 14:37:20 - [TEST_STEP][PASSED] - Input Data KTP Number for Search Result: Input Data KTP Number for Search Result

2020-11-09 14:37:21 - [MESSAGE][PASSED] - Scroll to object '' successfully

2020-11-09 14:37:22 - [MESSAGE][PASSED] - Text '8888888888888888' is set on object ''

2020-11-09 14:37:22 - [MESSAGE][PASSED] - Input Data KTP Number for Search Result

2020-11-09 14:37:22 - [TEST_STEP][PASSED] - Click button "Search": Click button "Search"

2020-11-09 14:37:22 - [MESSAGE][INFO] - >>>>>//Button[contains(text(),'Search')]

2020-11-09 14:37:25 - [MESSAGE][PASSED] - Object: '' is clicked on

2020-11-09 14:37:25 - [MESSAGE][PASSED] - Click button "Search"

2020-11-09 14:37:25 - [TEST_STEP][PASSED] - Verify Search Result with KTP Number: Verify Search Result with KTP Number

2020-11-09 14:37:25 - [MESSAGE][PASSED] - Object '' is present

2020-11-09 14:37:25 - [MESSAGE][PASSED] - Verify Search Result with KTP Number

2020-11-09 14:37:25 - [TEST_STEP][PASSED] - Verify Search Result data: Verify Search Result data

2020-11-09 14:37:26 - [MESSAGE][PASSED] - Scroll to object '' successfully

2020-11-09 14:37:26 - [MESSAGE][PASSED] - Object '' is present

2020-11-09 14:37:26 - [MESSAGE][PASSED] - Verify Search Result data

2020-11-09 14:37:26 - [TEST_STEP][PASSED] - Click button "Logout": Click button "Logout"

2020-11-09 14:37:26 - [MESSAGE][INFO] - >>>>>//Button[contains(text(),'Logout')]

2020-11-09 14:37:29 - [MESSAGE][PASSED] - Object: '' is clicked on

2020-11-09 14:37:29 - [MESSAGE][PASSED] - Click button "Logout"

2020-11-09 14:37:29 - [TEST_STEP][PASSED] - Close browser: Close browser

2020-11-09 14:37:30 - [MESSAGE][PASSED] - Browser is closed

2020-11-09 14:37:30 - [MESSAGE][PASSED] - Close browser

2020-11-09 14:37:30 - [MESSAGE][PASSED] - Feature file: 'Include/features/IST_Real/SLIK/SLIK Gateway Non Customer/SLIK_Gateaway_Non_Customer_Search_By_KTP.feature' was passed]]></system-out>
         <system-err><![CDATA[]]></system-err>
      </testcase>
      <testcase name="Test Cases/IST_Real/SLIK/SLIK_Gateway_Non_Customer/SLIK Gateway Non Customer Search By Status REQUESTED" time="14.515" classname="Test Cases/IST_Real/SLIK/SLIK_Gateway_Non_Customer/SLIK Gateway Non Customer Search By Status REQUESTED" status="PASSED">
         <system-out><![CDATA[2020-11-09 14:37:30 - [TEST_CASE][PASSED] - Test Cases/IST_Real/SLIK/SLIK_Gateway_Non_Customer/SLIK Gateway Non Customer Search By Status REQUESTED: Test Cases/IST_Real/SLIK/SLIK_Gateway_Non_Customer/SLIK Gateway Non Customer Search By Status REQUESTED

2020-11-09 14:37:30 - [TEST_STEP][PASSED] - runFeatureFile("Include/features/IST_Real/SLIK/SLIK Gateway Non Customer/SLIK_Gateway_Non_Customer_Search_By_Status_REQUESTED.feature"): Feature file: 'Include/features/IST_Real/SLIK/SLIK Gateway Non Customer/SLIK_Gateway_Non_Customer_Search_By_Status_REQUESTED.feature' was passed

2020-11-09 14:37:30 - [MESSAGE][INFO] - Starting run keyword runFeatureFile: 'Include/features/IST_Real/SLIK/SLIK Gateway Non Customer/SLIK_Gateway_Non_Customer_Search_By_Status_REQUESTED.feature' and extract report to folder: '/Users/chaidir.pratama01/Katalon Studio/IST_Automation_Git/Reports/20201109_143506/SLIK/TS_SLIK_Gateway_Non_Customer/20201109_143506/cucumber_report/1604907450096'...

2020-11-09 14:37:30 - [TEST_CASE][PASSED] - Start Test Case : SCENARIO Search Result by Status: SCENARIO Search Result by Status

2020-11-09 14:37:30 - [TEST_STEP][PASSED] - Go to ISTools: Go to ISTools

2020-11-09 14:37:30 - [MESSAGE][INFO] - Starting 'Chrome' driver

2020-11-09 14:37:30 - [MESSAGE][INFO] - User set preference: ['AcceptInsecureCerts', 'true']

2020-11-09 14:37:30 - [MESSAGE][INFO] - User set preference: ['args', '[ignore-certificate-errors]']

2020-11-09 14:37:30 - [MESSAGE][INFO] - Action delay is set to 0 milliseconds

2020-11-09 14:37:31 - [MESSAGE][PASSED] - Browser is opened with url: ''

2020-11-09 14:37:32 - [MESSAGE][PASSED] - Navigate to 'https://id-ist01preprod.id.nonprod/ist/' successfully

2020-11-09 14:37:32 - [MESSAGE][PASSED] - Go to ISTools

2020-11-09 14:37:32 - [TEST_STEP][PASSED] - Login IST with valid credentials: Login IST with valid credentials

2020-11-09 14:37:32 - [MESSAGE][PASSED] - Text 'mobile.test' is set on object 'Object Repository/Page_/input_Username_j_username'

2020-11-09 14:37:33 - [MESSAGE][PASSED] - Text ****** has been set on object 'Object Repository/Page_/input_Password_j_password'

2020-11-09 14:37:33 - [MESSAGE][PASSED] - Object: 'Object Repository/Page_/button_Login' is clicked on

2020-11-09 14:37:33 - [MESSAGE][PASSED] - Login IST with valid credentials

2020-11-09 14:37:33 - [TEST_STEP][PASSED] - Login Success for contract dispatcher: Login Success for contract dispatcher

2020-11-09 14:37:33 - [MESSAGE][INFO] - Login Success

2020-11-09 14:37:34 - [MESSAGE][PASSED] - Current window maximized

2020-11-09 14:37:34 - [MESSAGE][PASSED] - Object 'Object Repository/Page_/h1_Welcome to IT Supporting Tools' is present

2020-11-09 14:37:34 - [MESSAGE][PASSED] - Login Success for contract dispatcher

2020-11-09 14:37:34 - [TEST_STEP][PASSED] - Select Menu SLIK Gateway NonCustomer: Select Menu SLIK Gateway NonCustomer

2020-11-09 14:37:34 - [MESSAGE][PASSED] - Object '' is present

2020-11-09 14:37:34 - [MESSAGE][PASSED] - Object: '' is clicked on

2020-11-09 14:37:34 - [MESSAGE][PASSED] - Wait for page load successfully

2020-11-09 14:37:34 - [MESSAGE][PASSED] - Select Menu SLIK Gateway NonCustomer

2020-11-09 14:37:34 - [TEST_STEP][PASSED] - Select Status is "REQUESTED": Select Status is "REQUESTED"

2020-11-09 14:37:36 - [MESSAGE][PASSED] - All options with value 'REQUESTED' are selected in object ''  using regular expression

2020-11-09 14:37:36 - [MESSAGE][PASSED] - Select Status is "REQUESTED"

2020-11-09 14:37:36 - [TEST_STEP][PASSED] - Click button "Search": Click button "Search"

2020-11-09 14:37:36 - [MESSAGE][INFO] - >>>>>//Button[contains(text(),'Search')]

2020-11-09 14:37:39 - [MESSAGE][PASSED] - Object: '' is clicked on

2020-11-09 14:37:39 - [MESSAGE][PASSED] - Click button "Search"

2020-11-09 14:37:39 - [TEST_STEP][PASSED] - Verify Search Result Based on Result Status: Verify Search Result Based on Result Status

2020-11-09 14:37:40 - [MESSAGE][PASSED] - Scroll to object '' successfully

2020-11-09 14:37:40 - [MESSAGE][PASSED] - Actual text and expected text of test object '' are matched.

2020-11-09 14:37:40 - [MESSAGE][PASSED] - Text of object '' is: 'REQUESTED -'

2020-11-09 14:37:40 - [MESSAGE][PASSED] - Text of object '' is: '8888888888888888'

2020-11-09 14:37:40 - [MESSAGE][PASSED] - Verify Search Result Based on Result Status

2020-11-09 14:37:40 - [TEST_STEP][PASSED] - Click button "Logout": Click button "Logout"

2020-11-09 14:37:40 - [MESSAGE][INFO] - >>>>>//Button[contains(text(),'Logout')]

2020-11-09 14:37:44 - [MESSAGE][PASSED] - Object: '' is clicked on

2020-11-09 14:37:44 - [MESSAGE][PASSED] - Click button "Logout"

2020-11-09 14:37:44 - [TEST_STEP][PASSED] - Close browser: Close browser

2020-11-09 14:37:44 - [MESSAGE][PASSED] - Browser is closed

2020-11-09 14:37:44 - [MESSAGE][PASSED] - Close browser

2020-11-09 14:37:44 - [MESSAGE][PASSED] - Feature file: 'Include/features/IST_Real/SLIK/SLIK Gateway Non Customer/SLIK_Gateway_Non_Customer_Search_By_Status_REQUESTED.feature' was passed]]></system-out>
         <system-err><![CDATA[]]></system-err>
      </testcase>
      <testcase name="Test Cases/IST_Real/SLIK/SLIK_Gateway_Non_Customer/SLIK Gateway Non Customer View Detail when Status REQUESTED" time="16.346" classname="Test Cases/IST_Real/SLIK/SLIK_Gateway_Non_Customer/SLIK Gateway Non Customer View Detail when Status REQUESTED" status="PASSED">
         <system-out><![CDATA[2020-11-09 14:37:44 - [TEST_CASE][PASSED] - Test Cases/IST_Real/SLIK/SLIK_Gateway_Non_Customer/SLIK Gateway Non Customer View Detail when Status REQUESTED: Test Cases/IST_Real/SLIK/SLIK_Gateway_Non_Customer/SLIK Gateway Non Customer View Detail when Status REQUESTED

2020-11-09 14:37:44 - [TEST_STEP][PASSED] - runFeatureFile("Include/features/IST_Real/SLIK/SLIK Gateway Non Customer/SLIK_Gateway_Non_Customer_View_Detail_when_Status_REQUESTED.feature"): Feature file: 'Include/features/IST_Real/SLIK/SLIK Gateway Non Customer/SLIK_Gateway_Non_Customer_View_Detail_when_Status_REQUESTED.feature' was passed

2020-11-09 14:37:44 - [MESSAGE][INFO] - Starting run keyword runFeatureFile: 'Include/features/IST_Real/SLIK/SLIK Gateway Non Customer/SLIK_Gateway_Non_Customer_View_Detail_when_Status_REQUESTED.feature' and extract report to folder: '/Users/chaidir.pratama01/Katalon Studio/IST_Automation_Git/Reports/20201109_143506/SLIK/TS_SLIK_Gateway_Non_Customer/20201109_143506/cucumber_report/1604907464614'...

2020-11-09 14:37:44 - [TEST_CASE][PASSED] - Start Test Case : SCENARIO SLIK Gateway Non Customer View Detail Link: SCENARIO SLIK Gateway Non Customer View Detail Link

2020-11-09 14:37:44 - [TEST_STEP][PASSED] - Go to ISTools: Go to ISTools

2020-11-09 14:37:44 - [MESSAGE][INFO] - Starting 'Chrome' driver

2020-11-09 14:37:44 - [MESSAGE][INFO] - User set preference: ['AcceptInsecureCerts', 'true']

2020-11-09 14:37:44 - [MESSAGE][INFO] - User set preference: ['args', '[ignore-certificate-errors]']

2020-11-09 14:37:44 - [MESSAGE][INFO] - Action delay is set to 0 milliseconds

2020-11-09 14:37:45 - [MESSAGE][PASSED] - Browser is opened with url: ''

2020-11-09 14:37:46 - [MESSAGE][PASSED] - Navigate to 'https://id-ist01preprod.id.nonprod/ist/' successfully

2020-11-09 14:37:46 - [MESSAGE][PASSED] - Go to ISTools

2020-11-09 14:37:46 - [TEST_STEP][PASSED] - Login IST with valid credentials: Login IST with valid credentials

2020-11-09 14:37:47 - [MESSAGE][PASSED] - Text 'mobile.test' is set on object 'Object Repository/Page_/input_Username_j_username'

2020-11-09 14:37:47 - [MESSAGE][PASSED] - Text ****** has been set on object 'Object Repository/Page_/input_Password_j_password'

2020-11-09 14:37:48 - [MESSAGE][PASSED] - Object: 'Object Repository/Page_/button_Login' is clicked on

2020-11-09 14:37:48 - [MESSAGE][PASSED] - Login IST with valid credentials

2020-11-09 14:37:48 - [TEST_STEP][PASSED] - Login Success for contract dispatcher: Login Success for contract dispatcher

2020-11-09 14:37:48 - [MESSAGE][INFO] - Login Success

2020-11-09 14:37:48 - [MESSAGE][PASSED] - Current window maximized

2020-11-09 14:37:49 - [MESSAGE][PASSED] - Object 'Object Repository/Page_/h1_Welcome to IT Supporting Tools' is present

2020-11-09 14:37:49 - [MESSAGE][PASSED] - Login Success for contract dispatcher

2020-11-09 14:37:49 - [TEST_STEP][PASSED] - Select Menu SLIK Gateway NonCustomer: Select Menu SLIK Gateway NonCustomer

2020-11-09 14:37:49 - [MESSAGE][PASSED] - Object '' is present

2020-11-09 14:37:49 - [MESSAGE][PASSED] - Object: '' is clicked on

2020-11-09 14:37:49 - [MESSAGE][PASSED] - Wait for page load successfully

2020-11-09 14:37:49 - [MESSAGE][PASSED] - Select Menu SLIK Gateway NonCustomer

2020-11-09 14:37:49 - [TEST_STEP][PASSED] - Select Status is "REQUESTED": Select Status is "REQUESTED"

2020-11-09 14:37:51 - [MESSAGE][PASSED] - All options with value 'REQUESTED' are selected in object ''  using regular expression

2020-11-09 14:37:51 - [MESSAGE][PASSED] - Select Status is "REQUESTED"

2020-11-09 14:37:51 - [TEST_STEP][PASSED] - Click button "Search": Click button "Search"

2020-11-09 14:37:51 - [MESSAGE][INFO] - >>>>>//Button[contains(text(),'Search')]

2020-11-09 14:37:54 - [MESSAGE][PASSED] - Object: '' is clicked on

2020-11-09 14:37:54 - [MESSAGE][PASSED] - Click button "Search"

2020-11-09 14:37:54 - [TEST_STEP][PASSED] - Verify Search Result Based on Result Status: Verify Search Result Based on Result Status

2020-11-09 14:37:55 - [MESSAGE][PASSED] - Scroll to object '' successfully

2020-11-09 14:37:55 - [MESSAGE][PASSED] - Actual text and expected text of test object '' are matched.

2020-11-09 14:37:55 - [MESSAGE][PASSED] - Text of object '' is: 'REQUESTED -'

2020-11-09 14:37:56 - [MESSAGE][PASSED] - Text of object '' is: '8888888888888888'

2020-11-09 14:37:56 - [MESSAGE][PASSED] - Verify Search Result Based on Result Status

2020-11-09 14:37:56 - [TEST_STEP][PASSED] - Click View Detail Link: Click View Detail Link

2020-11-09 14:37:56 - [MESSAGE][PASSED] - Web element with id: '' located by 'By.xpath: //span[text()='Search Result']/../../../following-sibling::div[@class='z-groupbox-content']/div[@class='z-grid']/div[@class='z-grid-body']/table/tbody/tr/td[7]/div/div/span' is not present after '3' second(s)

2020-11-09 14:37:56 - [MESSAGE][PASSED] - Click View Detail Link

2020-11-09 14:37:56 - [TEST_STEP][PASSED] - Take Screenshot "View_detail_NonCutomer.png": Take Screenshot "View_detail_NonCutomer.png"

2020-11-09 14:37:57 - [MESSAGE][PASSED] - Taking screenshot successfully
[[ATTACHMENT|/Users/chaidir.pratama01/Katalon Studio/IST_Automation_Git/img/View_detail_NonCutomer.png]]

2020-11-09 14:37:57 - [MESSAGE][PASSED] - Take Screenshot "View_detail_NonCutomer.png"

2020-11-09 14:37:57 - [TEST_STEP][PASSED] - Verify Slik Result Detail Link: Verify Slik Result Detail Link

2020-11-09 14:37:57 - [MESSAGE][PASSED] - Verify Slik Result Detail Link

2020-11-09 14:37:57 - [TEST_STEP][PASSED] - Click button "Logout": Click button "Logout"

2020-11-09 14:37:57 - [MESSAGE][INFO] - >>>>>//Button[contains(text(),'Logout')]

2020-11-09 14:38:00 - [MESSAGE][PASSED] - Object: '' is clicked on

2020-11-09 14:38:00 - [MESSAGE][PASSED] - Click button "Logout"

2020-11-09 14:38:00 - [TEST_STEP][PASSED] - Close browser: Close browser

2020-11-09 14:38:00 - [MESSAGE][PASSED] - Browser is closed

2020-11-09 14:38:00 - [MESSAGE][PASSED] - Close browser

2020-11-09 14:38:00 - [MESSAGE][PASSED] - Feature file: 'Include/features/IST_Real/SLIK/SLIK Gateway Non Customer/SLIK_Gateway_Non_Customer_View_Detail_when_Status_REQUESTED.feature' was passed]]></system-out>
         <system-err><![CDATA[]]></system-err>
      </testcase>
      <testcase name="Test Cases/IST_Real/SLIK/SLIK_Gateway_Approval_Non_Customer/Approve KTP Number" time="31.602" classname="Test Cases/IST_Real/SLIK/SLIK_Gateway_Approval_Non_Customer/Approve KTP Number" status="PASSED">
         <system-out><![CDATA[2020-11-09 14:38:00 - [TEST_CASE][PASSED] - Test Cases/IST_Real/SLIK/SLIK_Gateway_Approval_Non_Customer/Approve KTP Number: Test Cases/IST_Real/SLIK/SLIK_Gateway_Approval_Non_Customer/Approve KTP Number

2020-11-09 14:38:00 - [TEST_STEP][PASSED] - runFeatureFile("Include/features/IST_Real/SLIK/SLIK Gateway Approval Non Customer/Approve_KTP_Number.feature"): Feature file: 'Include/features/IST_Real/SLIK/SLIK Gateway Approval Non Customer/Approve_KTP_Number.feature' was passed

2020-11-09 14:38:00 - [MESSAGE][INFO] - Starting run keyword runFeatureFile: 'Include/features/IST_Real/SLIK/SLIK Gateway Approval Non Customer/Approve_KTP_Number.feature' and extract report to folder: '/Users/chaidir.pratama01/Katalon Studio/IST_Automation_Git/Reports/20201109_143506/SLIK/TS_SLIK_Gateway_Non_Customer/20201109_143506/cucumber_report/1604907480960'...

2020-11-09 14:38:01 - [TEST_CASE][PASSED] - Start Test Case : SCENARIO Approve KTP Number by Checker: SCENARIO Approve KTP Number by Checker

2020-11-09 14:38:01 - [TEST_STEP][PASSED] - Go to ISTools: Go to ISTools

2020-11-09 14:38:01 - [MESSAGE][INFO] - Starting 'Chrome' driver

2020-11-09 14:38:01 - [MESSAGE][INFO] - User set preference: ['AcceptInsecureCerts', 'true']

2020-11-09 14:38:01 - [MESSAGE][INFO] - User set preference: ['args', '[ignore-certificate-errors]']

2020-11-09 14:38:01 - [MESSAGE][INFO] - Action delay is set to 0 milliseconds

2020-11-09 14:38:02 - [MESSAGE][PASSED] - Browser is opened with url: ''

2020-11-09 14:38:03 - [MESSAGE][PASSED] - Navigate to 'https://id-ist01preprod.id.nonprod/ist/' successfully

2020-11-09 14:38:03 - [MESSAGE][PASSED] - Go to ISTools

2020-11-09 14:38:03 - [TEST_STEP][PASSED] - Login IST with valid credentials: Login IST with valid credentials

2020-11-09 14:38:04 - [MESSAGE][PASSED] - Text 'mobile.test' is set on object 'Object Repository/Page_/input_Username_j_username'

2020-11-09 14:38:04 - [MESSAGE][PASSED] - Text ****** has been set on object 'Object Repository/Page_/input_Password_j_password'

2020-11-09 14:38:05 - [MESSAGE][PASSED] - Object: 'Object Repository/Page_/button_Login' is clicked on

2020-11-09 14:38:05 - [MESSAGE][PASSED] - Login IST with valid credentials

2020-11-09 14:38:05 - [TEST_STEP][PASSED] - Login Success for contract dispatcher: Login Success for contract dispatcher

2020-11-09 14:38:05 - [MESSAGE][INFO] - Login Success

2020-11-09 14:38:05 - [MESSAGE][PASSED] - Current window maximized

2020-11-09 14:38:06 - [MESSAGE][PASSED] - Object 'Object Repository/Page_/h1_Welcome to IT Supporting Tools' is present

2020-11-09 14:38:06 - [MESSAGE][PASSED] - Login Success for contract dispatcher

2020-11-09 14:38:06 - [TEST_STEP][PASSED] - Select Menu "SLIK Gateway Approval Non Customer": Select Menu "SLIK Gateway Approval Non Customer"

2020-11-09 14:38:07 - [MESSAGE][PASSED] - Taking screenshot successfully
[[ATTACHMENT|/Users/chaidir.pratama01/Documents/Docs/Katalon Studio/Screenshot/test-SLIK Gateway Approval Non Customer.png]]

2020-11-09 14:38:07 - [MESSAGE][PASSED] - Object '' is present

2020-11-09 14:38:07 - [MESSAGE][PASSED] - Object: '' is clicked on

2020-11-09 14:38:07 - [MESSAGE][PASSED] - Wait for page load successfully

2020-11-09 14:38:07 - [MESSAGE][PASSED] - Select Menu "SLIK Gateway Approval Non Customer"

2020-11-09 14:38:07 - [TEST_STEP][PASSED] - Verify Table Result Exist: Verify Table Result Exist

2020-11-09 14:38:08 - [MESSAGE][PASSED] - Object '' is present

2020-11-09 14:38:08 - [MESSAGE][PASSED] - Verify Table Result Exist

2020-11-09 14:38:08 - [TEST_STEP][PASSED] - Get Data From Table: Get Data From Table

2020-11-09 14:38:08 - [MESSAGE][PASSED] - Object '' is present

2020-11-09 14:38:09 - [MESSAGE][PASSED] - Text of object '' is: '1'

2020-11-09 14:38:09 - [MESSAGE][PASSED] - Text of object '' is: '8888888888888888'

2020-11-09 14:38:10 - [MESSAGE][PASSED] - Text of object '' is: 'OPEX TestingAuto'

2020-11-09 14:38:10 - [MESSAGE][PASSED] - Text of object '' is: 'View Document'

2020-11-09 14:38:10 - [MESSAGE][PASSED] - Text of object '' is: ''

2020-11-09 14:38:10 - [MESSAGE][PASSED] - Get Data From Table

2020-11-09 14:38:10 - [TEST_STEP][PASSED] - Click Checkbox Validate: Click Checkbox Validate

2020-11-09 14:38:11 - [MESSAGE][PASSED] - Text of object '' is: '8888888888888888'

2020-11-09 14:38:11 - [MESSAGE][PASSED] - Object: '' is clicked on

2020-11-09 14:38:11 - [MESSAGE][PASSED] - Click Checkbox Validate

2020-11-09 14:38:11 - [TEST_STEP][PASSED] - Click button "Continue": Click button "Continue"

2020-11-09 14:38:11 - [MESSAGE][INFO] - >>>>>//Button[contains(text(),'Continue')]

2020-11-09 14:38:15 - [MESSAGE][PASSED] - Object: '' is clicked on

2020-11-09 14:38:15 - [MESSAGE][PASSED] - Click button "Continue"

2020-11-09 14:38:15 - [TEST_STEP][PASSED] - Click Checkbox Saya Setuju: Click Checkbox Saya Setuju

2020-11-09 14:38:15 - [MESSAGE][PASSED] - Object '' is present

2020-11-09 14:38:15 - [MESSAGE][PASSED] - Object: '' is clicked on

2020-11-09 14:38:15 - [MESSAGE][PASSED] - Click Checkbox Saya Setuju

2020-11-09 14:38:15 - [TEST_STEP][PASSED] - Click button "Check SLIK": Click button "Check SLIK"

2020-11-09 14:38:15 - [MESSAGE][INFO] - >>>>>//Button[contains(text(),'Check SLIK')]

2020-11-09 14:38:19 - [MESSAGE][PASSED] - Object: '' is clicked on

2020-11-09 14:38:19 - [MESSAGE][PASSED] - Click button "Check SLIK"

2020-11-09 14:38:19 - [TEST_STEP][PASSED] - Get text from pop up "Confirmation Approve Data" with text "Are you sure to SUBMIT this data ?": Get text from pop up "Confirmation Approve Data" with text "Are you sure to SUBMIT this data ?"

2020-11-09 14:38:20 - [MESSAGE][PASSED] - Taking screenshot successfully
[[ATTACHMENT|/Users/chaidir.pratama01/Documents/Docs/Katalon Studio/Screenshot/errorpopup.png]]

2020-11-09 14:38:20 - [MESSAGE][PASSED] - Object '' is present

2020-11-09 14:38:20 - [MESSAGE][PASSED] - Wait for page load successfully

2020-11-09 14:38:20 - [MESSAGE][PASSED] - Wait for page load successfully

2020-11-09 14:38:20 - [MESSAGE][PASSED] - Get text from pop up "Confirmation Approve Data" with text "Are you sure to SUBMIT this data ?"

2020-11-09 14:38:20 - [TEST_STEP][PASSED] - Click button "Yes": Click button "Yes"

2020-11-09 14:38:20 - [MESSAGE][INFO] - >>>>>//Button[contains(text(),'Yes')]

2020-11-09 14:38:23 - [MESSAGE][PASSED] - Object: '' is clicked on

2020-11-09 14:38:23 - [MESSAGE][PASSED] - Click button "Yes"

2020-11-09 14:38:23 - [TEST_STEP][PASSED] - Get text from pop up "IT Supporting Tools" with text "Data is processed": Get text from pop up "IT Supporting Tools" with text "Data is processed"

2020-11-09 14:38:25 - [MESSAGE][PASSED] - Taking screenshot successfully
[[ATTACHMENT|/Users/chaidir.pratama01/Documents/Docs/Katalon Studio/Screenshot/errorpopup.png]]

2020-11-09 14:38:25 - [MESSAGE][PASSED] - Object '' is present

2020-11-09 14:38:25 - [MESSAGE][PASSED] - Wait for page load successfully

2020-11-09 14:38:25 - [MESSAGE][PASSED] - Wait for page load successfully

2020-11-09 14:38:25 - [MESSAGE][PASSED] - Get text from pop up "IT Supporting Tools" with text "Data is processed"

2020-11-09 14:38:25 - [TEST_STEP][PASSED] - Click button "OK": Click button "OK"

2020-11-09 14:38:25 - [MESSAGE][INFO] - >>>>>//Button[contains(text(),'OK')]

2020-11-09 14:38:28 - [MESSAGE][PASSED] - Object: '' is clicked on

2020-11-09 14:38:28 - [MESSAGE][PASSED] - Click button "OK"

2020-11-09 14:38:28 - [TEST_STEP][PASSED] - Click button "Logout": Click button "Logout"

2020-11-09 14:38:28 - [MESSAGE][INFO] - >>>>>//Button[contains(text(),'Logout')]

2020-11-09 14:38:32 - [MESSAGE][PASSED] - Object: '' is clicked on

2020-11-09 14:38:32 - [MESSAGE][PASSED] - Click button "Logout"

2020-11-09 14:38:32 - [TEST_STEP][PASSED] - Close browser: Close browser

2020-11-09 14:38:32 - [MESSAGE][PASSED] - Browser is closed

2020-11-09 14:38:32 - [MESSAGE][PASSED] - Close browser

2020-11-09 14:38:32 - [MESSAGE][PASSED] - Feature file: 'Include/features/IST_Real/SLIK/SLIK Gateway Approval Non Customer/Approve_KTP_Number.feature' was passed]]></system-out>
         <system-err><![CDATA[]]></system-err>
      </testcase>
      <testcase name="Test Cases/IST_Real/SLIK/SLIK_Gateway_Non_Customer/SLIK Gateway Non Customer Search By Status APPROVED" time="17.145" classname="Test Cases/IST_Real/SLIK/SLIK_Gateway_Non_Customer/SLIK Gateway Non Customer Search By Status APPROVED" status="PASSED">
         <system-out><![CDATA[2020-11-09 14:38:32 - [TEST_CASE][PASSED] - Test Cases/IST_Real/SLIK/SLIK_Gateway_Non_Customer/SLIK Gateway Non Customer Search By Status APPROVED: Test Cases/IST_Real/SLIK/SLIK_Gateway_Non_Customer/SLIK Gateway Non Customer Search By Status APPROVED

2020-11-09 14:38:32 - [TEST_STEP][PASSED] - runFeatureFile("Include/features/IST_Real/SLIK/SLIK Gateway Non Customer/SLIK_Gateway_Non_Customer_Search_By_Status_APPROVED.feature"): Feature file: 'Include/features/IST_Real/SLIK/SLIK Gateway Non Customer/SLIK_Gateway_Non_Customer_Search_By_Status_APPROVED.feature' was passed

2020-11-09 14:38:32 - [MESSAGE][INFO] - Starting run keyword runFeatureFile: 'Include/features/IST_Real/SLIK/SLIK Gateway Non Customer/SLIK_Gateway_Non_Customer_Search_By_Status_APPROVED.feature' and extract report to folder: '/Users/chaidir.pratama01/Katalon Studio/IST_Automation_Git/Reports/20201109_143506/SLIK/TS_SLIK_Gateway_Non_Customer/20201109_143506/cucumber_report/1604907512579'...

2020-11-09 14:38:32 - [TEST_CASE][PASSED] - Start Test Case : SCENARIO Search Result by Status: SCENARIO Search Result by Status

2020-11-09 14:38:32 - [TEST_STEP][PASSED] - Go to ISTools: Go to ISTools

2020-11-09 14:38:32 - [MESSAGE][INFO] - Starting 'Chrome' driver

2020-11-09 14:38:32 - [MESSAGE][INFO] - User set preference: ['AcceptInsecureCerts', 'true']

2020-11-09 14:38:32 - [MESSAGE][INFO] - User set preference: ['args', '[ignore-certificate-errors]']

2020-11-09 14:38:32 - [MESSAGE][INFO] - Action delay is set to 0 milliseconds

2020-11-09 14:38:33 - [MESSAGE][PASSED] - Browser is opened with url: ''

2020-11-09 14:38:34 - [MESSAGE][PASSED] - Navigate to 'https://id-ist01preprod.id.nonprod/ist/' successfully

2020-11-09 14:38:34 - [MESSAGE][PASSED] - Go to ISTools

2020-11-09 14:38:34 - [TEST_STEP][PASSED] - Login IST with valid credentials: Login IST with valid credentials

2020-11-09 14:38:35 - [MESSAGE][PASSED] - Text 'mobile.test' is set on object 'Object Repository/Page_/input_Username_j_username'

2020-11-09 14:38:35 - [MESSAGE][PASSED] - Text ****** has been set on object 'Object Repository/Page_/input_Password_j_password'

2020-11-09 14:38:36 - [MESSAGE][PASSED] - Object: 'Object Repository/Page_/button_Login' is clicked on

2020-11-09 14:38:36 - [MESSAGE][PASSED] - Login IST with valid credentials

2020-11-09 14:38:36 - [TEST_STEP][PASSED] - Login Success for contract dispatcher: Login Success for contract dispatcher

2020-11-09 14:38:36 - [MESSAGE][INFO] - Login Success

2020-11-09 14:38:36 - [MESSAGE][PASSED] - Current window maximized

2020-11-09 14:38:36 - [MESSAGE][PASSED] - Object 'Object Repository/Page_/h1_Welcome to IT Supporting Tools' is present

2020-11-09 14:38:36 - [MESSAGE][PASSED] - Login Success for contract dispatcher

2020-11-09 14:38:36 - [TEST_STEP][PASSED] - Select Menu SLIK Gateway NonCustomer: Select Menu SLIK Gateway NonCustomer

2020-11-09 14:38:37 - [MESSAGE][PASSED] - Object '' is present

2020-11-09 14:38:37 - [MESSAGE][PASSED] - Object: '' is clicked on

2020-11-09 14:38:37 - [MESSAGE][PASSED] - Wait for page load successfully

2020-11-09 14:38:37 - [MESSAGE][PASSED] - Select Menu SLIK Gateway NonCustomer

2020-11-09 14:38:37 - [TEST_STEP][PASSED] - Select Status is "APPROVED": Select Status is "APPROVED"

2020-11-09 14:38:39 - [MESSAGE][PASSED] - All options with value 'APPROVED' are selected in object ''  using regular expression

2020-11-09 14:38:39 - [MESSAGE][PASSED] - Select Status is "APPROVED"

2020-11-09 14:38:39 - [TEST_STEP][PASSED] - Click button "Search": Click button "Search"

2020-11-09 14:38:39 - [MESSAGE][INFO] - >>>>>//Button[contains(text(),'Search')]

2020-11-09 14:38:42 - [MESSAGE][PASSED] - Object: '' is clicked on

2020-11-09 14:38:42 - [MESSAGE][PASSED] - Click button "Search"

2020-11-09 14:38:42 - [TEST_STEP][PASSED] - Verify Search Result Based on Result Status: Verify Search Result Based on Result Status

2020-11-09 14:38:43 - [MESSAGE][PASSED] - Scroll to object '' successfully

2020-11-09 14:38:44 - [MESSAGE][WARNING] - Actual text 'APPROVED -' and expected text 'APPROVED - FAILED' of test object '' are NOT matched. (Root cause: com.kms.katalon.core.exception.StepFailedException: Actual text 'APPROVED -' and expected text 'APPROVED - FAILED' of test object '' are NOT matched.
	at com.kms.katalon.core.webui.keyword.internal.WebUIKeywordMain.stepFailed(WebUIKeywordMain.groovy:64)
	at com.kms.katalon.core.webui.keyword.builtin.VerifyElementTextKeyword$_verifyElementText_closure1.doCall(VerifyElementTextKeyword.groovy:57)
	at com.kms.katalon.core.webui.keyword.builtin.VerifyElementTextKeyword$_verifyElementText_closure1.call(VerifyElementTextKeyword.groovy)
	at com.kms.katalon.core.webui.keyword.internal.WebUIKeywordMain.runKeyword(WebUIKeywordMain.groovy:20)
	at com.kms.katalon.core.webui.keyword.builtin.VerifyElementTextKeyword.verifyElementText(VerifyElementTextKeyword.groovy:72)
	at com.kms.katalon.core.webui.keyword.builtin.VerifyElementTextKeyword.execute(VerifyElementTextKeyword.groovy:40)
	at com.kms.katalon.core.keyword.internal.KeywordExecutor.executeKeywordForPlatform(KeywordExecutor.groovy:73)
	at com.kms.katalon.core.webui.keyword.WebUiBuiltInKeywords.verifyElementText(WebUiBuiltInKeywords.groovy:3673)
	at com.kms.katalon.core.webui.keyword.WebUiBuiltInKeywords$verifyElementText$21.call(Unknown Source)
	at Slik_Script.Verify_Result_Status(Slik_Script.groovy:369)
	at cucumber.runtime.Utils$1.call(Utils.java:26)
	at cucumber.runtime.Timeout.timeout(Timeout.java:16)
	at cucumber.runtime.Utils.invoke(Utils.java:20)
	at cucumber.runtime.java.JavaStepDefinition.execute(JavaStepDefinition.java:48)
	at cucumber.runtime.PickleStepDefinitionMatch.runStep(PickleStepDefinitionMatch.java:50)
	at cucumber.runner.TestStep.executeStep(TestStep.java:55)
	at cucumber.runner.TestStep.run(TestStep.java:42)
	at cucumber.runner.PickleStepTestStep.run(PickleStepTestStep.java:53)
	at cucumber.runner.TestCase.run(TestCase.java:47)
	at cucumber.runner.Runner.runPickle(Runner.java:44)
	at cucumber.runtime.Runtime.runFeature(Runtime.java:120)
	at cucumber.runtime.Runtime.run(Runtime.java:106)
	at cucumber.api.cli.Main.run(Main.java:35)
	at cucumber.api.cli.Main$run.call(Unknown Source)
	at com.kms.katalon.core.cucumber.keyword.CucumberBuiltinKeywords$_runFeatureFile_closure1.doCall(CucumberBuiltinKeywords.groovy:76)
	at com.kms.katalon.core.cucumber.keyword.CucumberBuiltinKeywords$_runFeatureFile_closure1.doCall(CucumberBuiltinKeywords.groovy)
	at com.kms.katalon.core.keyword.internal.KeywordMain.runKeyword(KeywordMain.groovy:68)
	at com.kms.katalon.core.keyword.internal.KeywordMain$runKeyword.call(Unknown Source)
	at com.kms.katalon.core.cucumber.keyword.CucumberBuiltinKeywords.runFeatureFile(CucumberBuiltinKeywords.groovy:46)
	at com.kms.katalon.core.cucumber.keyword.CucumberBuiltinKeywords$runFeatureFile$0.callStatic(Unknown Source)
	at com.kms.katalon.core.cucumber.keyword.CucumberBuiltinKeywords.runFeatureFile(CucumberBuiltinKeywords.groovy:169)
	at com.kms.katalon.core.cucumber.keyword.CucumberBuiltinKeywords$runFeatureFile.call(Unknown Source)
	at SLIK Gateway Non Customer Search By Status APPROVED.run(SLIK Gateway Non Customer Search By Status APPROVED:18)
	at com.kms.katalon.core.main.ScriptEngine.run(ScriptEngine.java:194)
	at com.kms.katalon.core.main.ScriptEngine.runScriptAsRawText(ScriptEngine.java:119)
	at com.kms.katalon.core.main.TestCaseExecutor.runScript(TestCaseExecutor.java:339)
	at com.kms.katalon.core.main.TestCaseExecutor.doExecute(TestCaseExecutor.java:330)
	at com.kms.katalon.core.main.TestCaseExecutor.processExecutionPhase(TestCaseExecutor.java:309)
	at com.kms.katalon.core.main.TestCaseExecutor.accessMainPhase(TestCaseExecutor.java:301)
	at com.kms.katalon.core.main.TestCaseExecutor.execute(TestCaseExecutor.java:235)
	at com.kms.katalon.core.main.TestSuiteExecutor.accessTestCaseMainPhase(TestSuiteExecutor.java:191)
	at com.kms.katalon.core.main.TestSuiteExecutor.accessTestSuiteMainPhase(TestSuiteExecutor.java:141)
	at com.kms.katalon.core.main.TestSuiteExecutor.execute(TestSuiteExecutor.java:90)
	at com.kms.katalon.core.main.TestCaseMain.startTestSuite(TestCaseMain.java:157)
	at com.kms.katalon.core.main.TestCaseMain$startTestSuite$0.call(Unknown Source)
	at TempTestSuite1604907306388.run(TempTestSuite1604907306388.groovy:39)
)
[[ATTACHMENT|/Users/chaidir.pratama01/Katalon Studio/IST_Automation_Git/Reports/20201109_143506/SLIK/TS_SLIK_Gateway_Non_Customer/20201109_143506/1604907523574.png]]

2020-11-09 14:38:44 - [MESSAGE][WARNING] - Actual text 'APPROVED -' and expected text 'APPROVED - SUCCESS' of test object '' are NOT matched. (Root cause: com.kms.katalon.core.exception.StepFailedException: Actual text 'APPROVED -' and expected text 'APPROVED - SUCCESS' of test object '' are NOT matched.
	at com.kms.katalon.core.webui.keyword.internal.WebUIKeywordMain.stepFailed(WebUIKeywordMain.groovy:64)
	at com.kms.katalon.core.webui.keyword.builtin.VerifyElementTextKeyword$_verifyElementText_closure1.doCall(VerifyElementTextKeyword.groovy:57)
	at com.kms.katalon.core.webui.keyword.builtin.VerifyElementTextKeyword$_verifyElementText_closure1.call(VerifyElementTextKeyword.groovy)
	at com.kms.katalon.core.webui.keyword.internal.WebUIKeywordMain.runKeyword(WebUIKeywordMain.groovy:20)
	at com.kms.katalon.core.webui.keyword.builtin.VerifyElementTextKeyword.verifyElementText(VerifyElementTextKeyword.groovy:72)
	at com.kms.katalon.core.webui.keyword.builtin.VerifyElementTextKeyword.execute(VerifyElementTextKeyword.groovy:40)
	at com.kms.katalon.core.keyword.internal.KeywordExecutor.executeKeywordForPlatform(KeywordExecutor.groovy:73)
	at com.kms.katalon.core.webui.keyword.WebUiBuiltInKeywords.verifyElementText(WebUiBuiltInKeywords.groovy:3673)
	at com.kms.katalon.core.webui.keyword.WebUiBuiltInKeywords$verifyElementText$21.call(Unknown Source)
	at Slik_Script.Verify_Result_Status(Slik_Script.groovy:369)
	at cucumber.runtime.Utils$1.call(Utils.java:26)
	at cucumber.runtime.Timeout.timeout(Timeout.java:16)
	at cucumber.runtime.Utils.invoke(Utils.java:20)
	at cucumber.runtime.java.JavaStepDefinition.execute(JavaStepDefinition.java:48)
	at cucumber.runtime.PickleStepDefinitionMatch.runStep(PickleStepDefinitionMatch.java:50)
	at cucumber.runner.TestStep.executeStep(TestStep.java:55)
	at cucumber.runner.TestStep.run(TestStep.java:42)
	at cucumber.runner.PickleStepTestStep.run(PickleStepTestStep.java:53)
	at cucumber.runner.TestCase.run(TestCase.java:47)
	at cucumber.runner.Runner.runPickle(Runner.java:44)
	at cucumber.runtime.Runtime.runFeature(Runtime.java:120)
	at cucumber.runtime.Runtime.run(Runtime.java:106)
	at cucumber.api.cli.Main.run(Main.java:35)
	at cucumber.api.cli.Main$run.call(Unknown Source)
	at com.kms.katalon.core.cucumber.keyword.CucumberBuiltinKeywords$_runFeatureFile_closure1.doCall(CucumberBuiltinKeywords.groovy:76)
	at com.kms.katalon.core.cucumber.keyword.CucumberBuiltinKeywords$_runFeatureFile_closure1.doCall(CucumberBuiltinKeywords.groovy)
	at com.kms.katalon.core.keyword.internal.KeywordMain.runKeyword(KeywordMain.groovy:68)
	at com.kms.katalon.core.keyword.internal.KeywordMain$runKeyword.call(Unknown Source)
	at com.kms.katalon.core.cucumber.keyword.CucumberBuiltinKeywords.runFeatureFile(CucumberBuiltinKeywords.groovy:46)
	at com.kms.katalon.core.cucumber.keyword.CucumberBuiltinKeywords$runFeatureFile$0.callStatic(Unknown Source)
	at com.kms.katalon.core.cucumber.keyword.CucumberBuiltinKeywords.runFeatureFile(CucumberBuiltinKeywords.groovy:169)
	at com.kms.katalon.core.cucumber.keyword.CucumberBuiltinKeywords$runFeatureFile.call(Unknown Source)
	at SLIK Gateway Non Customer Search By Status APPROVED.run(SLIK Gateway Non Customer Search By Status APPROVED:18)
	at com.kms.katalon.core.main.ScriptEngine.run(ScriptEngine.java:194)
	at com.kms.katalon.core.main.ScriptEngine.runScriptAsRawText(ScriptEngine.java:119)
	at com.kms.katalon.core.main.TestCaseExecutor.runScript(TestCaseExecutor.java:339)
	at com.kms.katalon.core.main.TestCaseExecutor.doExecute(TestCaseExecutor.java:330)
	at com.kms.katalon.core.main.TestCaseExecutor.processExecutionPhase(TestCaseExecutor.java:309)
	at com.kms.katalon.core.main.TestCaseExecutor.accessMainPhase(TestCaseExecutor.java:301)
	at com.kms.katalon.core.main.TestCaseExecutor.execute(TestCaseExecutor.java:235)
	at com.kms.katalon.core.main.TestSuiteExecutor.accessTestCaseMainPhase(TestSuiteExecutor.java:191)
	at com.kms.katalon.core.main.TestSuiteExecutor.accessTestSuiteMainPhase(TestSuiteExecutor.java:141)
	at com.kms.katalon.core.main.TestSuiteExecutor.execute(TestSuiteExecutor.java:90)
	at com.kms.katalon.core.main.TestCaseMain.startTestSuite(TestCaseMain.java:157)
	at com.kms.katalon.core.main.TestCaseMain$startTestSuite$0.call(Unknown Source)
	at TempTestSuite1604907306388.run(TempTestSuite1604907306388.groovy:39)
)
[[ATTACHMENT|/Users/chaidir.pratama01/Katalon Studio/IST_Automation_Git/Reports/20201109_143506/SLIK/TS_SLIK_Gateway_Non_Customer/20201109_143506/1604907524481.png]]

2020-11-09 14:38:45 - [MESSAGE][PASSED] - Actual text and expected text of test object '' are matched.

2020-11-09 14:38:45 - [MESSAGE][PASSED] - Text of object '' is: 'APPROVED -'

2020-11-09 14:38:45 - [MESSAGE][PASSED] - Text of object '' is: '8888888888888888'

2020-11-09 14:38:45 - [MESSAGE][PASSED] - Verify Search Result Based on Result Status

2020-11-09 14:38:45 - [TEST_STEP][PASSED] - Click button "Logout": Click button "Logout"

2020-11-09 14:38:45 - [MESSAGE][INFO] - >>>>>//Button[contains(text(),'Logout')]

2020-11-09 14:38:49 - [MESSAGE][PASSED] - Object: '' is clicked on

2020-11-09 14:38:49 - [MESSAGE][PASSED] - Click button "Logout"

2020-11-09 14:38:49 - [TEST_STEP][PASSED] - Close browser: Close browser

2020-11-09 14:38:49 - [MESSAGE][PASSED] - Browser is closed

2020-11-09 14:38:49 - [MESSAGE][PASSED] - Close browser

2020-11-09 14:38:49 - [MESSAGE][PASSED] - Feature file: 'Include/features/IST_Real/SLIK/SLIK Gateway Non Customer/SLIK_Gateway_Non_Customer_Search_By_Status_APPROVED.feature' was passed]]></system-out>
         <system-err><![CDATA[]]></system-err>
      </testcase>
      <testcase name="Test Cases/IST_Real/SLIK/SLIK_Gateway_Non_Customer/SLIK Gateway Non Customer View Detail when Status APPROVED" time="18.057" classname="Test Cases/IST_Real/SLIK/SLIK_Gateway_Non_Customer/SLIK Gateway Non Customer View Detail when Status APPROVED" status="PASSED">
         <system-out><![CDATA[2020-11-09 14:38:49 - [TEST_CASE][PASSED] - Test Cases/IST_Real/SLIK/SLIK_Gateway_Non_Customer/SLIK Gateway Non Customer View Detail when Status APPROVED: Test Cases/IST_Real/SLIK/SLIK_Gateway_Non_Customer/SLIK Gateway Non Customer View Detail when Status APPROVED

2020-11-09 14:38:49 - [TEST_STEP][PASSED] - runFeatureFile("Include/features/IST_Real/SLIK/SLIK Gateway Non Customer/SLIK_Gateway_Non_Customer_View_Detail_when_Status_APPROVED.feature"): Feature file: 'Include/features/IST_Real/SLIK/SLIK Gateway Non Customer/SLIK_Gateway_Non_Customer_View_Detail_when_Status_APPROVED.feature' was passed

2020-11-09 14:38:49 - [MESSAGE][INFO] - Starting run keyword runFeatureFile: 'Include/features/IST_Real/SLIK/SLIK Gateway Non Customer/SLIK_Gateway_Non_Customer_View_Detail_when_Status_APPROVED.feature' and extract report to folder: '/Users/chaidir.pratama01/Katalon Studio/IST_Automation_Git/Reports/20201109_143506/SLIK/TS_SLIK_Gateway_Non_Customer/20201109_143506/cucumber_report/1604907529713'...

2020-11-09 14:38:49 - [TEST_CASE][PASSED] - Start Test Case : SCENARIO SLIK Gateway Non Customer View Detail Link: SCENARIO SLIK Gateway Non Customer View Detail Link

2020-11-09 14:38:49 - [TEST_STEP][PASSED] - Go to ISTools: Go to ISTools

2020-11-09 14:38:49 - [MESSAGE][INFO] - Starting 'Chrome' driver

2020-11-09 14:38:49 - [MESSAGE][INFO] - User set preference: ['AcceptInsecureCerts', 'true']

2020-11-09 14:38:49 - [MESSAGE][INFO] - User set preference: ['args', '[ignore-certificate-errors]']

2020-11-09 14:38:49 - [MESSAGE][INFO] - Action delay is set to 0 milliseconds

2020-11-09 14:38:51 - [MESSAGE][PASSED] - Browser is opened with url: ''

2020-11-09 14:38:51 - [MESSAGE][PASSED] - Navigate to 'https://id-ist01preprod.id.nonprod/ist/' successfully

2020-11-09 14:38:51 - [MESSAGE][PASSED] - Go to ISTools

2020-11-09 14:38:51 - [TEST_STEP][PASSED] - Login IST with valid credentials: Login IST with valid credentials

2020-11-09 14:38:52 - [MESSAGE][PASSED] - Text 'mobile.test' is set on object 'Object Repository/Page_/input_Username_j_username'

2020-11-09 14:38:53 - [MESSAGE][PASSED] - Text ****** has been set on object 'Object Repository/Page_/input_Password_j_password'

2020-11-09 14:38:53 - [MESSAGE][PASSED] - Object: 'Object Repository/Page_/button_Login' is clicked on

2020-11-09 14:38:53 - [MESSAGE][PASSED] - Login IST with valid credentials

2020-11-09 14:38:53 - [TEST_STEP][PASSED] - Login Success for contract dispatcher: Login Success for contract dispatcher

2020-11-09 14:38:53 - [MESSAGE][INFO] - Login Success

2020-11-09 14:38:53 - [MESSAGE][PASSED] - Current window maximized

2020-11-09 14:38:54 - [MESSAGE][PASSED] - Object 'Object Repository/Page_/h1_Welcome to IT Supporting Tools' is present

2020-11-09 14:38:54 - [MESSAGE][PASSED] - Login Success for contract dispatcher

2020-11-09 14:38:54 - [TEST_STEP][PASSED] - Select Menu SLIK Gateway NonCustomer: Select Menu SLIK Gateway NonCustomer

2020-11-09 14:38:54 - [MESSAGE][PASSED] - Object '' is present

2020-11-09 14:38:55 - [MESSAGE][PASSED] - Object: '' is clicked on

2020-11-09 14:38:55 - [MESSAGE][PASSED] - Wait for page load successfully

2020-11-09 14:38:55 - [MESSAGE][PASSED] - Select Menu SLIK Gateway NonCustomer

2020-11-09 14:38:55 - [TEST_STEP][PASSED] - Select Status is "APPROVED": Select Status is "APPROVED"

2020-11-09 14:38:56 - [MESSAGE][PASSED] - All options with value 'APPROVED' are selected in object ''  using regular expression

2020-11-09 14:38:56 - [MESSAGE][PASSED] - Select Status is "APPROVED"

2020-11-09 14:38:56 - [TEST_STEP][PASSED] - Click button "Search": Click button "Search"

2020-11-09 14:38:56 - [MESSAGE][INFO] - >>>>>//Button[contains(text(),'Search')]

2020-11-09 14:38:59 - [MESSAGE][PASSED] - Object: '' is clicked on

2020-11-09 14:38:59 - [MESSAGE][PASSED] - Click button "Search"

2020-11-09 14:38:59 - [TEST_STEP][PASSED] - Verify Search Result Based on Result Status: Verify Search Result Based on Result Status

2020-11-09 14:39:00 - [MESSAGE][PASSED] - Scroll to object '' successfully

2020-11-09 14:39:01 - [MESSAGE][WARNING] - Actual text 'APPROVED -' and expected text 'APPROVED - FAILED' of test object '' are NOT matched. (Root cause: com.kms.katalon.core.exception.StepFailedException: Actual text 'APPROVED -' and expected text 'APPROVED - FAILED' of test object '' are NOT matched.
	at com.kms.katalon.core.webui.keyword.internal.WebUIKeywordMain.stepFailed(WebUIKeywordMain.groovy:64)
	at com.kms.katalon.core.webui.keyword.builtin.VerifyElementTextKeyword$_verifyElementText_closure1.doCall(VerifyElementTextKeyword.groovy:57)
	at com.kms.katalon.core.webui.keyword.builtin.VerifyElementTextKeyword$_verifyElementText_closure1.call(VerifyElementTextKeyword.groovy)
	at com.kms.katalon.core.webui.keyword.internal.WebUIKeywordMain.runKeyword(WebUIKeywordMain.groovy:20)
	at com.kms.katalon.core.webui.keyword.builtin.VerifyElementTextKeyword.verifyElementText(VerifyElementTextKeyword.groovy:72)
	at com.kms.katalon.core.webui.keyword.builtin.VerifyElementTextKeyword.execute(VerifyElementTextKeyword.groovy:40)
	at com.kms.katalon.core.keyword.internal.KeywordExecutor.executeKeywordForPlatform(KeywordExecutor.groovy:73)
	at com.kms.katalon.core.webui.keyword.WebUiBuiltInKeywords.verifyElementText(WebUiBuiltInKeywords.groovy:3673)
	at com.kms.katalon.core.webui.keyword.WebUiBuiltInKeywords$verifyElementText$21.call(Unknown Source)
	at Slik_Script.Verify_Result_Status(Slik_Script.groovy:369)
	at cucumber.runtime.Utils$1.call(Utils.java:26)
	at cucumber.runtime.Timeout.timeout(Timeout.java:16)
	at cucumber.runtime.Utils.invoke(Utils.java:20)
	at cucumber.runtime.java.JavaStepDefinition.execute(JavaStepDefinition.java:48)
	at cucumber.runtime.PickleStepDefinitionMatch.runStep(PickleStepDefinitionMatch.java:50)
	at cucumber.runner.TestStep.executeStep(TestStep.java:55)
	at cucumber.runner.TestStep.run(TestStep.java:42)
	at cucumber.runner.PickleStepTestStep.run(PickleStepTestStep.java:53)
	at cucumber.runner.TestCase.run(TestCase.java:47)
	at cucumber.runner.Runner.runPickle(Runner.java:44)
	at cucumber.runtime.Runtime.runFeature(Runtime.java:120)
	at cucumber.runtime.Runtime.run(Runtime.java:106)
	at cucumber.api.cli.Main.run(Main.java:35)
	at cucumber.api.cli.Main$run.call(Unknown Source)
	at com.kms.katalon.core.cucumber.keyword.CucumberBuiltinKeywords$_runFeatureFile_closure1.doCall(CucumberBuiltinKeywords.groovy:76)
	at com.kms.katalon.core.cucumber.keyword.CucumberBuiltinKeywords$_runFeatureFile_closure1.doCall(CucumberBuiltinKeywords.groovy)
	at com.kms.katalon.core.keyword.internal.KeywordMain.runKeyword(KeywordMain.groovy:68)
	at com.kms.katalon.core.keyword.internal.KeywordMain$runKeyword.call(Unknown Source)
	at com.kms.katalon.core.cucumber.keyword.CucumberBuiltinKeywords.runFeatureFile(CucumberBuiltinKeywords.groovy:46)
	at com.kms.katalon.core.cucumber.keyword.CucumberBuiltinKeywords$runFeatureFile$0.callStatic(Unknown Source)
	at com.kms.katalon.core.cucumber.keyword.CucumberBuiltinKeywords.runFeatureFile(CucumberBuiltinKeywords.groovy:169)
	at com.kms.katalon.core.cucumber.keyword.CucumberBuiltinKeywords$runFeatureFile.call(Unknown Source)
	at SLIK Gateway Non Customer View Detail when Status APPROVED.run(SLIK Gateway Non Customer View Detail when Status APPROVED:18)
	at com.kms.katalon.core.main.ScriptEngine.run(ScriptEngine.java:194)
	at com.kms.katalon.core.main.ScriptEngine.runScriptAsRawText(ScriptEngine.java:119)
	at com.kms.katalon.core.main.TestCaseExecutor.runScript(TestCaseExecutor.java:339)
	at com.kms.katalon.core.main.TestCaseExecutor.doExecute(TestCaseExecutor.java:330)
	at com.kms.katalon.core.main.TestCaseExecutor.processExecutionPhase(TestCaseExecutor.java:309)
	at com.kms.katalon.core.main.TestCaseExecutor.accessMainPhase(TestCaseExecutor.java:301)
	at com.kms.katalon.core.main.TestCaseExecutor.execute(TestCaseExecutor.java:235)
	at com.kms.katalon.core.main.TestSuiteExecutor.accessTestCaseMainPhase(TestSuiteExecutor.java:191)
	at com.kms.katalon.core.main.TestSuiteExecutor.accessTestSuiteMainPhase(TestSuiteExecutor.java:141)
	at com.kms.katalon.core.main.TestSuiteExecutor.execute(TestSuiteExecutor.java:90)
	at com.kms.katalon.core.main.TestCaseMain.startTestSuite(TestCaseMain.java:157)
	at com.kms.katalon.core.main.TestCaseMain$startTestSuite$0.call(Unknown Source)
	at TempTestSuite1604907306388.run(TempTestSuite1604907306388.groovy:39)
)
[[ATTACHMENT|/Users/chaidir.pratama01/Katalon Studio/IST_Automation_Git/Reports/20201109_143506/SLIK/TS_SLIK_Gateway_Non_Customer/20201109_143506/1604907540625.png]]

2020-11-09 14:39:02 - [MESSAGE][WARNING] - Actual text 'APPROVED -' and expected text 'APPROVED - SUCCESS' of test object '' are NOT matched. (Root cause: com.kms.katalon.core.exception.StepFailedException: Actual text 'APPROVED -' and expected text 'APPROVED - SUCCESS' of test object '' are NOT matched.
	at com.kms.katalon.core.webui.keyword.internal.WebUIKeywordMain.stepFailed(WebUIKeywordMain.groovy:64)
	at com.kms.katalon.core.webui.keyword.builtin.VerifyElementTextKeyword$_verifyElementText_closure1.doCall(VerifyElementTextKeyword.groovy:57)
	at com.kms.katalon.core.webui.keyword.builtin.VerifyElementTextKeyword$_verifyElementText_closure1.call(VerifyElementTextKeyword.groovy)
	at com.kms.katalon.core.webui.keyword.internal.WebUIKeywordMain.runKeyword(WebUIKeywordMain.groovy:20)
	at com.kms.katalon.core.webui.keyword.builtin.VerifyElementTextKeyword.verifyElementText(VerifyElementTextKeyword.groovy:72)
	at com.kms.katalon.core.webui.keyword.builtin.VerifyElementTextKeyword.execute(VerifyElementTextKeyword.groovy:40)
	at com.kms.katalon.core.keyword.internal.KeywordExecutor.executeKeywordForPlatform(KeywordExecutor.groovy:73)
	at com.kms.katalon.core.webui.keyword.WebUiBuiltInKeywords.verifyElementText(WebUiBuiltInKeywords.groovy:3673)
	at com.kms.katalon.core.webui.keyword.WebUiBuiltInKeywords$verifyElementText$21.call(Unknown Source)
	at Slik_Script.Verify_Result_Status(Slik_Script.groovy:369)
	at cucumber.runtime.Utils$1.call(Utils.java:26)
	at cucumber.runtime.Timeout.timeout(Timeout.java:16)
	at cucumber.runtime.Utils.invoke(Utils.java:20)
	at cucumber.runtime.java.JavaStepDefinition.execute(JavaStepDefinition.java:48)
	at cucumber.runtime.PickleStepDefinitionMatch.runStep(PickleStepDefinitionMatch.java:50)
	at cucumber.runner.TestStep.executeStep(TestStep.java:55)
	at cucumber.runner.TestStep.run(TestStep.java:42)
	at cucumber.runner.PickleStepTestStep.run(PickleStepTestStep.java:53)
	at cucumber.runner.TestCase.run(TestCase.java:47)
	at cucumber.runner.Runner.runPickle(Runner.java:44)
	at cucumber.runtime.Runtime.runFeature(Runtime.java:120)
	at cucumber.runtime.Runtime.run(Runtime.java:106)
	at cucumber.api.cli.Main.run(Main.java:35)
	at cucumber.api.cli.Main$run.call(Unknown Source)
	at com.kms.katalon.core.cucumber.keyword.CucumberBuiltinKeywords$_runFeatureFile_closure1.doCall(CucumberBuiltinKeywords.groovy:76)
	at com.kms.katalon.core.cucumber.keyword.CucumberBuiltinKeywords$_runFeatureFile_closure1.doCall(CucumberBuiltinKeywords.groovy)
	at com.kms.katalon.core.keyword.internal.KeywordMain.runKeyword(KeywordMain.groovy:68)
	at com.kms.katalon.core.keyword.internal.KeywordMain$runKeyword.call(Unknown Source)
	at com.kms.katalon.core.cucumber.keyword.CucumberBuiltinKeywords.runFeatureFile(CucumberBuiltinKeywords.groovy:46)
	at com.kms.katalon.core.cucumber.keyword.CucumberBuiltinKeywords$runFeatureFile$0.callStatic(Unknown Source)
	at com.kms.katalon.core.cucumber.keyword.CucumberBuiltinKeywords.runFeatureFile(CucumberBuiltinKeywords.groovy:169)
	at com.kms.katalon.core.cucumber.keyword.CucumberBuiltinKeywords$runFeatureFile.call(Unknown Source)
	at SLIK Gateway Non Customer View Detail when Status APPROVED.run(SLIK Gateway Non Customer View Detail when Status APPROVED:18)
	at com.kms.katalon.core.main.ScriptEngine.run(ScriptEngine.java:194)
	at com.kms.katalon.core.main.ScriptEngine.runScriptAsRawText(ScriptEngine.java:119)
	at com.kms.katalon.core.main.TestCaseExecutor.runScript(TestCaseExecutor.java:339)
	at com.kms.katalon.core.main.TestCaseExecutor.doExecute(TestCaseExecutor.java:330)
	at com.kms.katalon.core.main.TestCaseExecutor.processExecutionPhase(TestCaseExecutor.java:309)
	at com.kms.katalon.core.main.TestCaseExecutor.accessMainPhase(TestCaseExecutor.java:301)
	at com.kms.katalon.core.main.TestCaseExecutor.execute(TestCaseExecutor.java:235)
	at com.kms.katalon.core.main.TestSuiteExecutor.accessTestCaseMainPhase(TestSuiteExecutor.java:191)
	at com.kms.katalon.core.main.TestSuiteExecutor.accessTestSuiteMainPhase(TestSuiteExecutor.java:141)
	at com.kms.katalon.core.main.TestSuiteExecutor.execute(TestSuiteExecutor.java:90)
	at com.kms.katalon.core.main.TestCaseMain.startTestSuite(TestCaseMain.java:157)
	at com.kms.katalon.core.main.TestCaseMain$startTestSuite$0.call(Unknown Source)
	at TempTestSuite1604907306388.run(TempTestSuite1604907306388.groovy:39)
)
[[ATTACHMENT|/Users/chaidir.pratama01/Katalon Studio/IST_Automation_Git/Reports/20201109_143506/SLIK/TS_SLIK_Gateway_Non_Customer/20201109_143506/1604907541529.png]]

2020-11-09 14:39:02 - [MESSAGE][PASSED] - Actual text and expected text of test object '' are matched.

2020-11-09 14:39:02 - [MESSAGE][PASSED] - Text of object '' is: 'APPROVED -'

2020-11-09 14:39:03 - [MESSAGE][PASSED] - Text of object '' is: '8888888888888888'

2020-11-09 14:39:03 - [MESSAGE][PASSED] - Verify Search Result Based on Result Status

2020-11-09 14:39:03 - [TEST_STEP][PASSED] - Click View Detail Link: Click View Detail Link

2020-11-09 14:39:03 - [MESSAGE][PASSED] - Web element with id: '' located by 'By.xpath: //span[text()='Search Result']/../../../following-sibling::div[@class='z-groupbox-content']/div[@class='z-grid']/div[@class='z-grid-body']/table/tbody/tr/td[7]/div/div/span' is not present after '3' second(s)

2020-11-09 14:39:03 - [MESSAGE][PASSED] - Click View Detail Link

2020-11-09 14:39:03 - [TEST_STEP][PASSED] - Take Screenshot "View_detail_NonCutomer.png": Take Screenshot "View_detail_NonCutomer.png"

2020-11-09 14:39:04 - [MESSAGE][PASSED] - Taking screenshot successfully
[[ATTACHMENT|/Users/chaidir.pratama01/Katalon Studio/IST_Automation_Git/img/View_detail_NonCutomer.png]]

2020-11-09 14:39:04 - [MESSAGE][PASSED] - Take Screenshot "View_detail_NonCutomer.png"

2020-11-09 14:39:04 - [TEST_STEP][PASSED] - Verify Slik Result Detail Link: Verify Slik Result Detail Link

2020-11-09 14:39:04 - [MESSAGE][PASSED] - Verify Slik Result Detail Link

2020-11-09 14:39:04 - [TEST_STEP][PASSED] - Click button "Logout": Click button "Logout"

2020-11-09 14:39:04 - [MESSAGE][INFO] - >>>>>//Button[contains(text(),'Logout')]

2020-11-09 14:39:07 - [MESSAGE][PASSED] - Object: '' is clicked on

2020-11-09 14:39:07 - [MESSAGE][PASSED] - Click button "Logout"

2020-11-09 14:39:07 - [TEST_STEP][PASSED] - Close browser: Close browser

2020-11-09 14:39:07 - [MESSAGE][PASSED] - Browser is closed

2020-11-09 14:39:07 - [MESSAGE][PASSED] - Close browser

2020-11-09 14:39:07 - [MESSAGE][PASSED] - Feature file: 'Include/features/IST_Real/SLIK/SLIK Gateway Non Customer/SLIK_Gateway_Non_Customer_View_Detail_when_Status_APPROVED.feature' was passed]]></system-out>
         <system-err><![CDATA[]]></system-err>
      </testcase>
      <testcase name="Test Cases/IST_Real/SLIK/SLIK_Gateway_Non_Customer/Delete KTPNumber From DB" time="0.802" classname="Test Cases/IST_Real/SLIK/SLIK_Gateway_Non_Customer/Delete KTPNumber From DB" status="PASSED">
         <system-out><![CDATA[2020-11-09 14:39:07 - [TEST_CASE][PASSED] - Test Cases/IST_Real/SLIK/SLIK_Gateway_Non_Customer/Delete KTPNumber From DB: Test Cases/IST_Real/SLIK/SLIK_Gateway_Non_Customer/Delete KTPNumber From DB

2020-11-09 14:39:07 - [TEST_STEP][PASSED] - runFeatureFile("Include/features/IST_Real/SLIK/SLIK Gateway Non Customer/Delete_KTPNumber_From_DB.feature"): Feature file: 'Include/features/IST_Real/SLIK/SLIK Gateway Non Customer/Delete_KTPNumber_From_DB.feature' was passed

2020-11-09 14:39:07 - [MESSAGE][INFO] - Starting run keyword runFeatureFile: 'Include/features/IST_Real/SLIK/SLIK Gateway Non Customer/Delete_KTPNumber_From_DB.feature' and extract report to folder: '/Users/chaidir.pratama01/Katalon Studio/IST_Automation_Git/Reports/20201109_143506/SLIK/TS_SLIK_Gateway_Non_Customer/20201109_143506/cucumber_report/1604907547688'...

2020-11-09 14:39:07 - [TEST_CASE][PASSED] - Start Test Case : SCENARIO Delete_KTPNumber_From_DB: SCENARIO Delete_KTPNumber_From_DB

2020-11-09 14:39:07 - [TEST_STEP][PASSED] - Connect to Database: Connect to Database

2020-11-09 14:39:08 - [MESSAGE][PASSED] - Connect to Database

2020-11-09 14:39:08 - [TEST_STEP][PASSED] - Delete Contract From SLIK_DATA_NonCUSTOMER: Delete Contract From SLIK_DATA_NonCUSTOMER

2020-11-09 14:39:08 - [MESSAGE][PASSED] - Delete Contract From SLIK_DATA_NonCUSTOMER

2020-11-09 14:39:08 - [MESSAGE][PASSED] - Feature file: 'Include/features/IST_Real/SLIK/SLIK Gateway Non Customer/Delete_KTPNumber_From_DB.feature' was passed]]></system-out>
         <system-err><![CDATA[]]></system-err>
      </testcase>
      <testcase name="Test Cases/IST_Real/SLIK/SLIK_Gateway_Non_Customer/SLIK Gateway Non Customer Checking" time="72.273" classname="Test Cases/IST_Real/SLIK/SLIK_Gateway_Non_Customer/SLIK Gateway Non Customer Checking" status="PASSED">
         <system-out><![CDATA[2020-11-09 14:39:08 - [TEST_CASE][PASSED] - Test Cases/IST_Real/SLIK/SLIK_Gateway_Non_Customer/SLIK Gateway Non Customer Checking: Test Cases/IST_Real/SLIK/SLIK_Gateway_Non_Customer/SLIK Gateway Non Customer Checking

2020-11-09 14:39:08 - [TEST_STEP][PASSED] - runFeatureFile("Include/features/IST_Real/SLIK/SLIK Gateway Non Customer/SLIK Gateway Non Customer Checking.feature"): Feature file: 'Include/features/IST_Real/SLIK/SLIK Gateway Non Customer/SLIK Gateway Non Customer Checking.feature' was passed

2020-11-09 14:39:08 - [MESSAGE][INFO] - Starting run keyword runFeatureFile: 'Include/features/IST_Real/SLIK/SLIK Gateway Non Customer/SLIK Gateway Non Customer Checking.feature' and extract report to folder: '/Users/chaidir.pratama01/Katalon Studio/IST_Automation_Git/Reports/20201109_143506/SLIK/TS_SLIK_Gateway_Non_Customer/20201109_143506/cucumber_report/1604907548492'...

2020-11-09 14:39:08 - [TEST_CASE][PASSED] - Start Test Case : SCENARIO SLIK Gateway Non Customer Checking: SCENARIO SLIK Gateway Non Customer Checking

2020-11-09 14:39:08 - [TEST_STEP][PASSED] - Go to ISTools: Go to ISTools

2020-11-09 14:39:08 - [MESSAGE][INFO] - Starting 'Chrome' driver

2020-11-09 14:39:08 - [MESSAGE][INFO] - User set preference: ['AcceptInsecureCerts', 'true']

2020-11-09 14:39:08 - [MESSAGE][INFO] - User set preference: ['args', '[ignore-certificate-errors]']

2020-11-09 14:39:08 - [MESSAGE][INFO] - Action delay is set to 0 milliseconds

2020-11-09 14:39:09 - [MESSAGE][PASSED] - Browser is opened with url: ''

2020-11-09 14:39:10 - [MESSAGE][PASSED] - Navigate to 'https://id-ist01preprod.id.nonprod/ist/' successfully

2020-11-09 14:39:10 - [MESSAGE][PASSED] - Go to ISTools

2020-11-09 14:39:10 - [TEST_STEP][PASSED] - Login IST with valid credentials: Login IST with valid credentials

2020-11-09 14:39:11 - [MESSAGE][PASSED] - Text 'mobile.test' is set on object 'Object Repository/Page_/input_Username_j_username'

2020-11-09 14:39:11 - [MESSAGE][PASSED] - Text ****** has been set on object 'Object Repository/Page_/input_Password_j_password'

2020-11-09 14:39:12 - [MESSAGE][PASSED] - Object: 'Object Repository/Page_/button_Login' is clicked on

2020-11-09 14:39:12 - [MESSAGE][PASSED] - Login IST with valid credentials

2020-11-09 14:39:12 - [TEST_STEP][PASSED] - Login Success for contract dispatcher: Login Success for contract dispatcher

2020-11-09 14:39:12 - [MESSAGE][INFO] - Login Success

2020-11-09 14:39:12 - [MESSAGE][PASSED] - Current window maximized

2020-11-09 14:39:12 - [MESSAGE][PASSED] - Object 'Object Repository/Page_/h1_Welcome to IT Supporting Tools' is present

2020-11-09 14:39:12 - [MESSAGE][PASSED] - Login Success for contract dispatcher

2020-11-09 14:39:12 - [TEST_STEP][PASSED] - Select Menu SLIK Gateway NonCustomer: Select Menu SLIK Gateway NonCustomer

2020-11-09 14:39:13 - [MESSAGE][PASSED] - Object '' is present

2020-11-09 14:39:13 - [MESSAGE][PASSED] - Object: '' is clicked on

2020-11-09 14:39:13 - [MESSAGE][PASSED] - Wait for page load successfully

2020-11-09 14:39:13 - [MESSAGE][PASSED] - Select Menu SLIK Gateway NonCustomer

2020-11-09 14:39:13 - [TEST_STEP][PASSED] - Input Data KTP Number: Input Data KTP Number

2020-11-09 14:39:14 - [MESSAGE][PASSED] - Text '8888888888888888' is set on object ''

2020-11-09 14:39:14 - [MESSAGE][PASSED] - Input Data KTP Number

2020-11-09 14:39:14 - [TEST_STEP][PASSED] - Input Data "Name *" with value "OPEX TestingAuto" for Check SLIK: Input Data "Name *" with value "OPEX TestingAuto" for Check SLIK

2020-11-09 14:39:15 - [MESSAGE][PASSED] - Taking screenshot successfully
[[ATTACHMENT|/Users/chaidir.pratama01/Documents/Docs/Katalon Studio/Screenshot/slik.png]]

2020-11-09 14:39:15 - [MESSAGE][PASSED] - Object '' is visible

2020-11-09 14:39:15 - [MESSAGE][PASSED] - Object: '' is focused

2020-11-09 14:39:16 - [MESSAGE][PASSED] - Text 'OPEX TestingAuto' is set on object ''

2020-11-09 14:39:16 - [MESSAGE][PASSED] - Input Data "Name *" with value "OPEX TestingAuto" for Check SLIK

2020-11-09 14:39:16 - [TEST_STEP][PASSED] - Input Date of Birth "20-02-1990": Input Date of Birth "20-02-1990"

2020-11-09 14:39:17 - [MESSAGE][PASSED] - Text '20-02-1990' is set on object ''

2020-11-09 14:39:20 - [MESSAGE][PASSED] - Delayed 3 second(s)

2020-11-09 14:39:20 - [MESSAGE][PASSED] - Input Date of Birth "20-02-1990"

2020-11-09 14:39:20 - [TEST_STEP][PASSED] - Select Gender "Laki-laki": Select Gender "Laki-laki"

2020-11-09 14:39:20 - [MESSAGE][PASSED] - Object: '' is clicked on

2020-11-09 14:39:20 - [MESSAGE][PASSED] - Select Gender "Laki-laki"

2020-11-09 14:39:20 - [TEST_STEP][PASSED] - Select Purpose is "Penilaian Calon Kemitraan": Select Purpose is "Penilaian Calon Kemitraan"

2020-11-09 14:39:21 - [MESSAGE][PASSED] - All options with value 'Penilaian Calon Kemitraan' are selected in object ''  using regular expression

2020-11-09 14:39:21 - [MESSAGE][PASSED] - Select Purpose is "Penilaian Calon Kemitraan"

2020-11-09 14:39:21 - [TEST_STEP][PASSED] - Input Data "Place of Birth" with value "Jakarta" for Check SLIK: Input Data "Place of Birth" with value "Jakarta" for Check SLIK

2020-11-09 14:39:22 - [MESSAGE][PASSED] - Taking screenshot successfully
[[ATTACHMENT|/Users/chaidir.pratama01/Documents/Docs/Katalon Studio/Screenshot/slik.png]]

2020-11-09 14:39:23 - [MESSAGE][PASSED] - Object '' is visible

2020-11-09 14:39:23 - [MESSAGE][PASSED] - Object: '' is focused

2020-11-09 14:39:23 - [MESSAGE][PASSED] - Text 'Jakarta' is set on object ''

2020-11-09 14:39:23 - [MESSAGE][PASSED] - Input Data "Place of Birth" with value "Jakarta" for Check SLIK

2020-11-09 14:39:23 - [TEST_STEP][PASSED] - Input Data "Mother Maternity Name" with value "Tester Auto" for Check SLIK: Input Data "Mother Maternity Name" with value "Tester Auto" for Check SLIK

2020-11-09 14:39:24 - [MESSAGE][PASSED] - Taking screenshot successfully
[[ATTACHMENT|/Users/chaidir.pratama01/Documents/Docs/Katalon Studio/Screenshot/slik.png]]

2020-11-09 14:39:25 - [MESSAGE][PASSED] - Object '' is visible

2020-11-09 14:39:25 - [MESSAGE][PASSED] - Object: '' is focused

2020-11-09 14:39:25 - [MESSAGE][PASSED] - Text 'Tester Auto' is set on object ''

2020-11-09 14:39:25 - [MESSAGE][PASSED] - Input Data "Mother Maternity Name" with value "Tester Auto" for Check SLIK

2020-11-09 14:39:25 - [TEST_STEP][PASSED] - Input KTP Address "TESTING AUTO JAKARTA": Input KTP Address "TESTING AUTO JAKARTA"

2020-11-09 14:39:26 - [MESSAGE][PASSED] - Text 'TESTING AUTO JAKARTA' is set on object ''

2020-11-09 14:39:26 - [MESSAGE][PASSED] - Input KTP Address "TESTING AUTO JAKARTA"

2020-11-09 14:39:26 - [TEST_STEP][PASSED] - Click button "Upload": Click button "Upload"

2020-11-09 14:39:26 - [MESSAGE][INFO] - >>>>>//Button[contains(text(),'Upload')]

2020-11-09 14:39:30 - [MESSAGE][PASSED] - Object: '' is clicked on

2020-11-09 14:39:30 - [MESSAGE][PASSED] - Click button "Upload"

2020-11-09 14:39:30 - [TEST_STEP][PASSED] - Upload file "new_captcha1500.png": Upload file "new_captcha1500.png"

2020-11-09 14:39:31 - [MESSAGE][PASSED] - Switched to window with index: '0'

2020-11-09 14:39:45 - [MESSAGE][PASSED] - Upload file "new_captcha1500.png"

2020-11-09 14:39:45 - [TEST_STEP][PASSED] - Click button "Check SLIK": Click button "Check SLIK"

2020-11-09 14:39:45 - [MESSAGE][INFO] - >>>>>//Button[contains(text(),'Check SLIK')]

2020-11-09 14:39:49 - [MESSAGE][PASSED] - Object: '' is clicked on

2020-11-09 14:39:49 - [MESSAGE][PASSED] - Click button "Check SLIK"

2020-11-09 14:39:49 - [TEST_STEP][PASSED] - Get text from pop up "Confirmation Submit Request" with text "Are you sure to submit this data ?": Get text from pop up "Confirmation Submit Request" with text "Are you sure to submit this data ?"

2020-11-09 14:39:50 - [MESSAGE][PASSED] - Taking screenshot successfully
[[ATTACHMENT|/Users/chaidir.pratama01/Documents/Docs/Katalon Studio/Screenshot/errorpopup.png]]

2020-11-09 14:39:50 - [MESSAGE][PASSED] - Object '' is present

2020-11-09 14:39:50 - [MESSAGE][PASSED] - Wait for page load successfully

2020-11-09 14:39:50 - [MESSAGE][PASSED] - Wait for page load successfully

2020-11-09 14:39:50 - [MESSAGE][PASSED] - Get text from pop up "Confirmation Submit Request" with text "Are you sure to submit this data ?"

2020-11-09 14:39:50 - [TEST_STEP][PASSED] - Click button "Yes": Click button "Yes"

2020-11-09 14:39:50 - [MESSAGE][INFO] - >>>>>//Button[contains(text(),'Yes')]

2020-11-09 14:39:53 - [MESSAGE][PASSED] - Object: '' is clicked on

2020-11-09 14:39:53 - [MESSAGE][PASSED] - Click button "Yes"

2020-11-09 14:39:53 - [TEST_STEP][PASSED] - Verify KTP Number Request Success: Verify KTP Number Request Success

2020-11-09 14:40:13 - [MESSAGE][PASSED] - Object '' is present

2020-11-09 14:40:13 - [MESSAGE][PASSED] - Verify KTP Number Request Success

2020-11-09 14:40:13 - [TEST_STEP][PASSED] - Click button "OK": Click button "OK"

2020-11-09 14:40:13 - [MESSAGE][INFO] - >>>>>//Button[contains(text(),'OK')]

2020-11-09 14:40:17 - [MESSAGE][PASSED] - Object: '' is clicked on

2020-11-09 14:40:17 - [MESSAGE][PASSED] - Click button "OK"

2020-11-09 14:40:17 - [TEST_STEP][PASSED] - Click button "Logout": Click button "Logout"

2020-11-09 14:40:17 - [MESSAGE][INFO] - >>>>>//Button[contains(text(),'Logout')]

2020-11-09 14:40:20 - [MESSAGE][PASSED] - Object: '' is clicked on

2020-11-09 14:40:20 - [MESSAGE][PASSED] - Click button "Logout"

2020-11-09 14:40:20 - [TEST_STEP][PASSED] - Close browser: Close browser

2020-11-09 14:40:20 - [MESSAGE][PASSED] - Browser is closed

2020-11-09 14:40:20 - [MESSAGE][PASSED] - Close browser

2020-11-09 14:40:20 - [MESSAGE][PASSED] - Feature file: 'Include/features/IST_Real/SLIK/SLIK Gateway Non Customer/SLIK Gateway Non Customer Checking.feature' was passed]]></system-out>
         <system-err><![CDATA[]]></system-err>
      </testcase>
      <testcase name="Test Cases/IST_Real/SLIK/SLIK_Gateway_Approval_Non_Customer/Reject KTP Number" time="23.906" classname="Test Cases/IST_Real/SLIK/SLIK_Gateway_Approval_Non_Customer/Reject KTP Number" status="PASSED">
         <system-out><![CDATA[2020-11-09 14:40:20 - [TEST_CASE][PASSED] - Test Cases/IST_Real/SLIK/SLIK_Gateway_Approval_Non_Customer/Reject KTP Number: Test Cases/IST_Real/SLIK/SLIK_Gateway_Approval_Non_Customer/Reject KTP Number

2020-11-09 14:40:20 - [TEST_STEP][PASSED] - runFeatureFile("Include/features/IST_Real/SLIK/SLIK Gateway Approval Non Customer/Reject_KTP_Number.feature"): Feature file: 'Include/features/IST_Real/SLIK/SLIK Gateway Approval Non Customer/Reject_KTP_Number.feature' was passed

2020-11-09 14:40:20 - [MESSAGE][INFO] - Starting run keyword runFeatureFile: 'Include/features/IST_Real/SLIK/SLIK Gateway Approval Non Customer/Reject_KTP_Number.feature' and extract report to folder: '/Users/chaidir.pratama01/Katalon Studio/IST_Automation_Git/Reports/20201109_143506/SLIK/TS_SLIK_Gateway_Non_Customer/20201109_143506/cucumber_report/1604907620866'...

2020-11-09 14:40:21 - [TEST_CASE][PASSED] - Start Test Case : SCENARIO Reject KTP Number by Checker: SCENARIO Reject KTP Number by Checker

2020-11-09 14:40:21 - [TEST_STEP][PASSED] - Go to ISTools: Go to ISTools

2020-11-09 14:40:21 - [MESSAGE][INFO] - Starting 'Chrome' driver

2020-11-09 14:40:21 - [MESSAGE][INFO] - User set preference: ['AcceptInsecureCerts', 'true']

2020-11-09 14:40:21 - [MESSAGE][INFO] - User set preference: ['args', '[ignore-certificate-errors]']

2020-11-09 14:40:21 - [MESSAGE][INFO] - Action delay is set to 0 milliseconds

2020-11-09 14:40:22 - [MESSAGE][PASSED] - Browser is opened with url: ''

2020-11-09 14:40:23 - [MESSAGE][PASSED] - Navigate to 'https://id-ist01preprod.id.nonprod/ist/' successfully

2020-11-09 14:40:23 - [MESSAGE][PASSED] - Go to ISTools

2020-11-09 14:40:23 - [TEST_STEP][PASSED] - Login IST with valid credentials: Login IST with valid credentials

2020-11-09 14:40:23 - [MESSAGE][PASSED] - Text 'mobile.test' is set on object 'Object Repository/Page_/input_Username_j_username'

2020-11-09 14:40:24 - [MESSAGE][PASSED] - Text ****** has been set on object 'Object Repository/Page_/input_Password_j_password'

2020-11-09 14:40:24 - [MESSAGE][PASSED] - Object: 'Object Repository/Page_/button_Login' is clicked on

2020-11-09 14:40:24 - [MESSAGE][PASSED] - Login IST with valid credentials

2020-11-09 14:40:24 - [TEST_STEP][PASSED] - Login Success for contract dispatcher: Login Success for contract dispatcher

2020-11-09 14:40:24 - [MESSAGE][INFO] - Login Success

2020-11-09 14:40:25 - [MESSAGE][PASSED] - Current window maximized

2020-11-09 14:40:25 - [MESSAGE][PASSED] - Object 'Object Repository/Page_/h1_Welcome to IT Supporting Tools' is present

2020-11-09 14:40:25 - [MESSAGE][PASSED] - Login Success for contract dispatcher

2020-11-09 14:40:25 - [TEST_STEP][PASSED] - Select Menu "SLIK Gateway Approval Non Customer": Select Menu "SLIK Gateway Approval Non Customer"

2020-11-09 14:40:26 - [MESSAGE][PASSED] - Taking screenshot successfully
[[ATTACHMENT|/Users/chaidir.pratama01/Documents/Docs/Katalon Studio/Screenshot/test-SLIK Gateway Approval Non Customer.png]]

2020-11-09 14:40:26 - [MESSAGE][PASSED] - Object '' is present

2020-11-09 14:40:26 - [MESSAGE][PASSED] - Object: '' is clicked on

2020-11-09 14:40:26 - [MESSAGE][PASSED] - Wait for page load successfully

2020-11-09 14:40:26 - [MESSAGE][PASSED] - Select Menu "SLIK Gateway Approval Non Customer"

2020-11-09 14:40:26 - [TEST_STEP][PASSED] - Verify Table Result Exist: Verify Table Result Exist

2020-11-09 14:40:27 - [MESSAGE][PASSED] - Object '' is present

2020-11-09 14:40:27 - [MESSAGE][PASSED] - Verify Table Result Exist

2020-11-09 14:40:27 - [TEST_STEP][PASSED] - Get Data From Table: Get Data From Table

2020-11-09 14:40:28 - [MESSAGE][PASSED] - Object '' is present

2020-11-09 14:40:29 - [MESSAGE][PASSED] - Text of object '' is: '1'

2020-11-09 14:40:29 - [MESSAGE][PASSED] - Text of object '' is: '8888888888888888'

2020-11-09 14:40:29 - [MESSAGE][PASSED] - Text of object '' is: 'OPEX TestingAuto'

2020-11-09 14:40:30 - [MESSAGE][PASSED] - Text of object '' is: 'View Document'

2020-11-09 14:40:30 - [MESSAGE][PASSED] - Text of object '' is: ''

2020-11-09 14:40:30 - [MESSAGE][PASSED] - Get Data From Table

2020-11-09 14:40:30 - [TEST_STEP][PASSED] - Click Checkbox Validate: Click Checkbox Validate

2020-11-09 14:40:31 - [MESSAGE][PASSED] - Text of object '' is: '8888888888888888'

2020-11-09 14:40:31 - [MESSAGE][PASSED] - Object: '' is clicked on

2020-11-09 14:40:31 - [MESSAGE][PASSED] - Click Checkbox Validate

2020-11-09 14:40:31 - [TEST_STEP][PASSED] - Click button "Reject": Click button "Reject"

2020-11-09 14:40:31 - [MESSAGE][INFO] - >>>>>//Button[contains(text(),'Reject')]

2020-11-09 14:40:34 - [MESSAGE][PASSED] - Object: '' is clicked on

2020-11-09 14:40:34 - [MESSAGE][PASSED] - Click button "Reject"

2020-11-09 14:40:34 - [TEST_STEP][PASSED] - Get text from pop up "Confirmation Submit Request" with text "Are you sure to Reject this data ?": Get text from pop up "Confirmation Submit Request" with text "Are you sure to Reject this data ?"

2020-11-09 14:40:35 - [MESSAGE][PASSED] - Taking screenshot successfully
[[ATTACHMENT|/Users/chaidir.pratama01/Documents/Docs/Katalon Studio/Screenshot/errorpopup.png]]

2020-11-09 14:40:36 - [MESSAGE][PASSED] - Object '' is present

2020-11-09 14:40:36 - [MESSAGE][PASSED] - Wait for page load successfully

2020-11-09 14:40:36 - [MESSAGE][PASSED] - Wait for page load successfully

2020-11-09 14:40:36 - [MESSAGE][PASSED] - Get text from pop up "Confirmation Submit Request" with text "Are you sure to Reject this data ?"

2020-11-09 14:40:36 - [TEST_STEP][PASSED] - Click button "Yes": Click button "Yes"

2020-11-09 14:40:36 - [MESSAGE][INFO] - >>>>>//Button[contains(text(),'Yes')]

2020-11-09 14:40:39 - [MESSAGE][PASSED] - Object: '' is clicked on

2020-11-09 14:40:39 - [MESSAGE][PASSED] - Click button "Yes"

2020-11-09 14:40:39 - [TEST_STEP][PASSED] - Get text from pop up "IT Supporting Tools" with text "1 data successfully rejected": Get text from pop up "IT Supporting Tools" with text "1 data successfully rejected"

2020-11-09 14:40:40 - [MESSAGE][PASSED] - Taking screenshot successfully
[[ATTACHMENT|/Users/chaidir.pratama01/Documents/Docs/Katalon Studio/Screenshot/errorpopup.png]]

2020-11-09 14:40:41 - [MESSAGE][PASSED] - Object '' is present

2020-11-09 14:40:41 - [MESSAGE][PASSED] - Wait for page load successfully

2020-11-09 14:40:41 - [MESSAGE][PASSED] - Wait for page load successfully

2020-11-09 14:40:41 - [MESSAGE][PASSED] - Get text from pop up "IT Supporting Tools" with text "1 data successfully rejected"

2020-11-09 14:40:41 - [TEST_STEP][PASSED] - Click button "OK": Click button "OK"

2020-11-09 14:40:41 - [MESSAGE][INFO] - >>>>>//Button[contains(text(),'OK')]

2020-11-09 14:40:44 - [MESSAGE][PASSED] - Object: '' is clicked on

2020-11-09 14:40:44 - [MESSAGE][PASSED] - Click button "OK"

2020-11-09 14:40:44 - [TEST_STEP][PASSED] - Close browser: Close browser

2020-11-09 14:40:44 - [MESSAGE][PASSED] - Browser is closed

2020-11-09 14:40:44 - [MESSAGE][PASSED] - Close browser

2020-11-09 14:40:44 - [MESSAGE][PASSED] - Feature file: 'Include/features/IST_Real/SLIK/SLIK Gateway Approval Non Customer/Reject_KTP_Number.feature' was passed]]></system-out>
         <system-err><![CDATA[]]></system-err>
      </testcase>
      <testcase name="Test Cases/IST_Real/SLIK/SLIK_Gateway_Non_Customer/SLIK Gateway Non Customer Search By Status NOT_APPROVED" time="15.714" classname="Test Cases/IST_Real/SLIK/SLIK_Gateway_Non_Customer/SLIK Gateway Non Customer Search By Status NOT_APPROVED" status="PASSED">
         <system-out><![CDATA[2020-11-09 14:40:44 - [TEST_CASE][PASSED] - Test Cases/IST_Real/SLIK/SLIK_Gateway_Non_Customer/SLIK Gateway Non Customer Search By Status NOT_APPROVED: Test Cases/IST_Real/SLIK/SLIK_Gateway_Non_Customer/SLIK Gateway Non Customer Search By Status NOT_APPROVED

2020-11-09 14:40:44 - [TEST_STEP][PASSED] - runFeatureFile("Include/features/IST_Real/SLIK/SLIK Gateway Non Customer/SLIK_Gateway_Non_Customer_Search_By_Status_NOT_APPROVED.feature"): Feature file: 'Include/features/IST_Real/SLIK/SLIK Gateway Non Customer/SLIK_Gateway_Non_Customer_Search_By_Status_NOT_APPROVED.feature' was passed

2020-11-09 14:40:44 - [MESSAGE][INFO] - Starting run keyword runFeatureFile: 'Include/features/IST_Real/SLIK/SLIK Gateway Non Customer/SLIK_Gateway_Non_Customer_Search_By_Status_NOT_APPROVED.feature' and extract report to folder: '/Users/chaidir.pratama01/Katalon Studio/IST_Automation_Git/Reports/20201109_143506/SLIK/TS_SLIK_Gateway_Non_Customer/20201109_143506/cucumber_report/1604907644754'...

2020-11-09 14:40:44 - [TEST_CASE][PASSED] - Start Test Case : SCENARIO Search Result by Status: SCENARIO Search Result by Status

2020-11-09 14:40:44 - [TEST_STEP][PASSED] - Go to ISTools: Go to ISTools

2020-11-09 14:40:44 - [MESSAGE][INFO] - Starting 'Chrome' driver

2020-11-09 14:40:44 - [MESSAGE][INFO] - User set preference: ['AcceptInsecureCerts', 'true']

2020-11-09 14:40:44 - [MESSAGE][INFO] - User set preference: ['args', '[ignore-certificate-errors]']

2020-11-09 14:40:44 - [MESSAGE][INFO] - Action delay is set to 0 milliseconds

2020-11-09 14:40:45 - [MESSAGE][PASSED] - Browser is opened with url: ''

2020-11-09 14:40:46 - [MESSAGE][PASSED] - Navigate to 'https://id-ist01preprod.id.nonprod/ist/' successfully

2020-11-09 14:40:46 - [MESSAGE][PASSED] - Go to ISTools

2020-11-09 14:40:46 - [TEST_STEP][PASSED] - Login IST with valid credentials: Login IST with valid credentials

2020-11-09 14:40:47 - [MESSAGE][PASSED] - Text 'mobile.test' is set on object 'Object Repository/Page_/input_Username_j_username'

2020-11-09 14:40:48 - [MESSAGE][PASSED] - Text ****** has been set on object 'Object Repository/Page_/input_Password_j_password'

2020-11-09 14:40:48 - [MESSAGE][PASSED] - Object: 'Object Repository/Page_/button_Login' is clicked on

2020-11-09 14:40:48 - [MESSAGE][PASSED] - Login IST with valid credentials

2020-11-09 14:40:48 - [TEST_STEP][PASSED] - Login Success for contract dispatcher: Login Success for contract dispatcher

2020-11-09 14:40:48 - [MESSAGE][INFO] - Login Success

2020-11-09 14:40:49 - [MESSAGE][PASSED] - Current window maximized

2020-11-09 14:40:49 - [MESSAGE][PASSED] - Object 'Object Repository/Page_/h1_Welcome to IT Supporting Tools' is present

2020-11-09 14:40:49 - [MESSAGE][PASSED] - Login Success for contract dispatcher

2020-11-09 14:40:49 - [TEST_STEP][PASSED] - Select Menu SLIK Gateway NonCustomer: Select Menu SLIK Gateway NonCustomer

2020-11-09 14:40:49 - [MESSAGE][PASSED] - Object '' is present

2020-11-09 14:40:50 - [MESSAGE][PASSED] - Object: '' is clicked on

2020-11-09 14:40:50 - [MESSAGE][PASSED] - Wait for page load successfully

2020-11-09 14:40:50 - [MESSAGE][PASSED] - Select Menu SLIK Gateway NonCustomer

2020-11-09 14:40:50 - [TEST_STEP][PASSED] - Select Status is "NOT_APPROVED": Select Status is "NOT_APPROVED"

2020-11-09 14:40:51 - [MESSAGE][PASSED] - All options with value 'NOT_APPROVED' are selected in object ''  using regular expression

2020-11-09 14:40:51 - [MESSAGE][PASSED] - Select Status is "NOT_APPROVED"

2020-11-09 14:40:51 - [TEST_STEP][PASSED] - Click button "Search": Click button "Search"

2020-11-09 14:40:51 - [MESSAGE][INFO] - >>>>>//Button[contains(text(),'Search')]

2020-11-09 14:40:55 - [MESSAGE][PASSED] - Object: '' is clicked on

2020-11-09 14:40:55 - [MESSAGE][PASSED] - Click button "Search"

2020-11-09 14:40:55 - [TEST_STEP][PASSED] - Verify Search Result Based on Result Status: Verify Search Result Based on Result Status

2020-11-09 14:40:55 - [MESSAGE][PASSED] - Scroll to object '' successfully

2020-11-09 14:40:56 - [MESSAGE][PASSED] - Actual text and expected text of test object '' are matched.

2020-11-09 14:40:56 - [MESSAGE][PASSED] - Text of object '' is: 'NOT_APPROVED -'

2020-11-09 14:40:56 - [MESSAGE][PASSED] - Text of object '' is: '8888888888888888'

2020-11-09 14:40:56 - [MESSAGE][PASSED] - Verify Search Result Based on Result Status

2020-11-09 14:40:56 - [TEST_STEP][PASSED] - Click button "Logout": Click button "Logout"

2020-11-09 14:40:56 - [MESSAGE][INFO] - >>>>>//Button[contains(text(),'Logout')]

2020-11-09 14:41:00 - [MESSAGE][PASSED] - Object: '' is clicked on

2020-11-09 14:41:00 - [MESSAGE][PASSED] - Click button "Logout"

2020-11-09 14:41:00 - [TEST_STEP][PASSED] - Close browser: Close browser

2020-11-09 14:41:00 - [MESSAGE][PASSED] - Browser is closed

2020-11-09 14:41:00 - [MESSAGE][PASSED] - Close browser

2020-11-09 14:41:00 - [MESSAGE][PASSED] - Feature file: 'Include/features/IST_Real/SLIK/SLIK Gateway Non Customer/SLIK_Gateway_Non_Customer_Search_By_Status_NOT_APPROVED.feature' was passed]]></system-out>
         <system-err><![CDATA[]]></system-err>
      </testcase>
      <testcase name="Test Cases/IST_Real/SLIK/SLIK_Gateway_Non_Customer/SLIK Gateway Non Customer View Detail when Status NOT_APPROVED" time="16.572" classname="Test Cases/IST_Real/SLIK/SLIK_Gateway_Non_Customer/SLIK Gateway Non Customer View Detail when Status NOT_APPROVED" status="PASSED">
         <system-out><![CDATA[2020-11-09 14:41:00 - [TEST_CASE][PASSED] - Test Cases/IST_Real/SLIK/SLIK_Gateway_Non_Customer/SLIK Gateway Non Customer View Detail when Status NOT_APPROVED: Test Cases/IST_Real/SLIK/SLIK_Gateway_Non_Customer/SLIK Gateway Non Customer View Detail when Status NOT_APPROVED

2020-11-09 14:41:00 - [TEST_STEP][PASSED] - runFeatureFile("Include/features/IST_Real/SLIK/SLIK Gateway Non Customer/SLIK_Gateway_Non_Customer_View_Detail_when_Status_NOT_APPROVED.feature"): Feature file: 'Include/features/IST_Real/SLIK/SLIK Gateway Non Customer/SLIK_Gateway_Non_Customer_View_Detail_when_Status_NOT_APPROVED.feature' was passed

2020-11-09 14:41:00 - [MESSAGE][INFO] - Starting run keyword runFeatureFile: 'Include/features/IST_Real/SLIK/SLIK Gateway Non Customer/SLIK_Gateway_Non_Customer_View_Detail_when_Status_NOT_APPROVED.feature' and extract report to folder: '/Users/chaidir.pratama01/Katalon Studio/IST_Automation_Git/Reports/20201109_143506/SLIK/TS_SLIK_Gateway_Non_Customer/20201109_143506/cucumber_report/1604907660469'...

2020-11-09 14:41:00 - [TEST_CASE][PASSED] - Start Test Case : SCENARIO SLIK Gateway Non Customer View Detail Link: SCENARIO SLIK Gateway Non Customer View Detail Link

2020-11-09 14:41:00 - [TEST_STEP][PASSED] - Go to ISTools: Go to ISTools

2020-11-09 14:41:00 - [MESSAGE][INFO] - Starting 'Chrome' driver

2020-11-09 14:41:00 - [MESSAGE][INFO] - User set preference: ['AcceptInsecureCerts', 'true']

2020-11-09 14:41:00 - [MESSAGE][INFO] - User set preference: ['args', '[ignore-certificate-errors]']

2020-11-09 14:41:00 - [MESSAGE][INFO] - Action delay is set to 0 milliseconds

2020-11-09 14:41:01 - [MESSAGE][PASSED] - Browser is opened with url: ''

2020-11-09 14:41:02 - [MESSAGE][PASSED] - Navigate to 'https://id-ist01preprod.id.nonprod/ist/' successfully

2020-11-09 14:41:02 - [MESSAGE][PASSED] - Go to ISTools

2020-11-09 14:41:02 - [TEST_STEP][PASSED] - Login IST with valid credentials: Login IST with valid credentials

2020-11-09 14:41:03 - [MESSAGE][PASSED] - Text 'mobile.test' is set on object 'Object Repository/Page_/input_Username_j_username'

2020-11-09 14:41:03 - [MESSAGE][PASSED] - Text ****** has been set on object 'Object Repository/Page_/input_Password_j_password'

2020-11-09 14:41:04 - [MESSAGE][PASSED] - Object: 'Object Repository/Page_/button_Login' is clicked on

2020-11-09 14:41:04 - [MESSAGE][PASSED] - Login IST with valid credentials

2020-11-09 14:41:04 - [TEST_STEP][PASSED] - Login Success for contract dispatcher: Login Success for contract dispatcher

2020-11-09 14:41:04 - [MESSAGE][INFO] - Login Success

2020-11-09 14:41:04 - [MESSAGE][PASSED] - Current window maximized

2020-11-09 14:41:04 - [MESSAGE][PASSED] - Object 'Object Repository/Page_/h1_Welcome to IT Supporting Tools' is present

2020-11-09 14:41:04 - [MESSAGE][PASSED] - Login Success for contract dispatcher

2020-11-09 14:41:04 - [TEST_STEP][PASSED] - Select Menu SLIK Gateway NonCustomer: Select Menu SLIK Gateway NonCustomer

2020-11-09 14:41:05 - [MESSAGE][PASSED] - Object '' is present

2020-11-09 14:41:05 - [MESSAGE][PASSED] - Object: '' is clicked on

2020-11-09 14:41:05 - [MESSAGE][PASSED] - Wait for page load successfully

2020-11-09 14:41:05 - [MESSAGE][PASSED] - Select Menu SLIK Gateway NonCustomer

2020-11-09 14:41:05 - [TEST_STEP][PASSED] - Select Status is "NOT_APPROVED": Select Status is "NOT_APPROVED"

2020-11-09 14:41:06 - [MESSAGE][PASSED] - All options with value 'NOT_APPROVED' are selected in object ''  using regular expression

2020-11-09 14:41:06 - [MESSAGE][PASSED] - Select Status is "NOT_APPROVED"

2020-11-09 14:41:06 - [TEST_STEP][PASSED] - Click button "Search": Click button "Search"

2020-11-09 14:41:06 - [MESSAGE][INFO] - >>>>>//Button[contains(text(),'Search')]

2020-11-09 14:41:10 - [MESSAGE][PASSED] - Object: '' is clicked on

2020-11-09 14:41:10 - [MESSAGE][PASSED] - Click button "Search"

2020-11-09 14:41:10 - [TEST_STEP][PASSED] - Verify Search Result Based on Result Status: Verify Search Result Based on Result Status

2020-11-09 14:41:10 - [MESSAGE][PASSED] - Scroll to object '' successfully

2020-11-09 14:41:11 - [MESSAGE][PASSED] - Actual text and expected text of test object '' are matched.

2020-11-09 14:41:11 - [MESSAGE][PASSED] - Text of object '' is: 'NOT_APPROVED -'

2020-11-09 14:41:11 - [MESSAGE][PASSED] - Text of object '' is: '8888888888888888'

2020-11-09 14:41:11 - [MESSAGE][PASSED] - Verify Search Result Based on Result Status

2020-11-09 14:41:11 - [TEST_STEP][PASSED] - Click View Detail Link: Click View Detail Link

2020-11-09 14:41:12 - [MESSAGE][PASSED] - Web element with id: '' located by 'By.xpath: //span[text()='Search Result']/../../../following-sibling::div[@class='z-groupbox-content']/div[@class='z-grid']/div[@class='z-grid-body']/table/tbody/tr/td[7]/div/div/span' is not present after '3' second(s)

2020-11-09 14:41:12 - [MESSAGE][PASSED] - Click View Detail Link

2020-11-09 14:41:12 - [TEST_STEP][PASSED] - Take Screenshot "View_detail_NonCutomer.png": Take Screenshot "View_detail_NonCutomer.png"

2020-11-09 14:41:13 - [MESSAGE][PASSED] - Taking screenshot successfully
[[ATTACHMENT|/Users/chaidir.pratama01/Katalon Studio/IST_Automation_Git/img/View_detail_NonCutomer.png]]

2020-11-09 14:41:13 - [MESSAGE][PASSED] - Take Screenshot "View_detail_NonCutomer.png"

2020-11-09 14:41:13 - [TEST_STEP][PASSED] - Verify Slik Result Detail Link: Verify Slik Result Detail Link

2020-11-09 14:41:13 - [MESSAGE][PASSED] - Verify Slik Result Detail Link

2020-11-09 14:41:13 - [TEST_STEP][PASSED] - Click button "Logout": Click button "Logout"

2020-11-09 14:41:13 - [MESSAGE][INFO] - >>>>>//Button[contains(text(),'Logout')]

2020-11-09 14:41:16 - [MESSAGE][PASSED] - Object: '' is clicked on

2020-11-09 14:41:16 - [MESSAGE][PASSED] - Click button "Logout"

2020-11-09 14:41:16 - [TEST_STEP][PASSED] - Close browser: Close browser

2020-11-09 14:41:16 - [MESSAGE][PASSED] - Browser is closed

2020-11-09 14:41:16 - [MESSAGE][PASSED] - Close browser

2020-11-09 14:41:16 - [MESSAGE][PASSED] - Feature file: 'Include/features/IST_Real/SLIK/SLIK Gateway Non Customer/SLIK_Gateway_Non_Customer_View_Detail_when_Status_NOT_APPROVED.feature' was passed]]></system-out>
         <system-err><![CDATA[]]></system-err>
      </testcase>
      <testcase name="Test Cases/IST_Real/SLIK/SLIK_Gateway_Non_Customer/SLIK Gateway Non Customer Checking" time="72.691" classname="Test Cases/IST_Real/SLIK/SLIK_Gateway_Non_Customer/SLIK Gateway Non Customer Checking" status="PASSED">
         <system-out><![CDATA[2020-11-09 14:41:16 - [TEST_CASE][PASSED] - Test Cases/IST_Real/SLIK/SLIK_Gateway_Non_Customer/SLIK Gateway Non Customer Checking: Test Cases/IST_Real/SLIK/SLIK_Gateway_Non_Customer/SLIK Gateway Non Customer Checking

2020-11-09 14:41:16 - [TEST_STEP][PASSED] - runFeatureFile("Include/features/IST_Real/SLIK/SLIK Gateway Non Customer/SLIK Gateway Non Customer Checking.feature"): Feature file: 'Include/features/IST_Real/SLIK/SLIK Gateway Non Customer/SLIK Gateway Non Customer Checking.feature' was passed

2020-11-09 14:41:16 - [MESSAGE][INFO] - Starting run keyword runFeatureFile: 'Include/features/IST_Real/SLIK/SLIK Gateway Non Customer/SLIK Gateway Non Customer Checking.feature' and extract report to folder: '/Users/chaidir.pratama01/Katalon Studio/IST_Automation_Git/Reports/20201109_143506/SLIK/TS_SLIK_Gateway_Non_Customer/20201109_143506/cucumber_report/1604907676966'...

2020-11-09 14:41:17 - [TEST_CASE][PASSED] - Start Test Case : SCENARIO SLIK Gateway Non Customer Checking: SCENARIO SLIK Gateway Non Customer Checking

2020-11-09 14:41:17 - [TEST_STEP][PASSED] - Go to ISTools: Go to ISTools

2020-11-09 14:41:17 - [MESSAGE][INFO] - Starting 'Chrome' driver

2020-11-09 14:41:17 - [MESSAGE][INFO] - User set preference: ['AcceptInsecureCerts', 'true']

2020-11-09 14:41:17 - [MESSAGE][INFO] - User set preference: ['args', '[ignore-certificate-errors]']

2020-11-09 14:41:17 - [MESSAGE][INFO] - Action delay is set to 0 milliseconds

2020-11-09 14:41:18 - [MESSAGE][PASSED] - Browser is opened with url: ''

2020-11-09 14:41:19 - [MESSAGE][PASSED] - Navigate to 'https://id-ist01preprod.id.nonprod/ist/' successfully

2020-11-09 14:41:19 - [MESSAGE][PASSED] - Go to ISTools

2020-11-09 14:41:19 - [TEST_STEP][PASSED] - Login IST with valid credentials: Login IST with valid credentials

2020-11-09 14:41:19 - [MESSAGE][PASSED] - Text 'mobile.test' is set on object 'Object Repository/Page_/input_Username_j_username'

2020-11-09 14:41:20 - [MESSAGE][PASSED] - Text ****** has been set on object 'Object Repository/Page_/input_Password_j_password'

2020-11-09 14:41:20 - [MESSAGE][PASSED] - Object: 'Object Repository/Page_/button_Login' is clicked on

2020-11-09 14:41:20 - [MESSAGE][PASSED] - Login IST with valid credentials

2020-11-09 14:41:20 - [TEST_STEP][PASSED] - Login Success for contract dispatcher: Login Success for contract dispatcher

2020-11-09 14:41:20 - [MESSAGE][INFO] - Login Success

2020-11-09 14:41:21 - [MESSAGE][PASSED] - Current window maximized

2020-11-09 14:41:21 - [MESSAGE][PASSED] - Object 'Object Repository/Page_/h1_Welcome to IT Supporting Tools' is present

2020-11-09 14:41:21 - [MESSAGE][PASSED] - Login Success for contract dispatcher

2020-11-09 14:41:21 - [TEST_STEP][PASSED] - Select Menu SLIK Gateway NonCustomer: Select Menu SLIK Gateway NonCustomer

2020-11-09 14:41:21 - [MESSAGE][PASSED] - Object '' is present

2020-11-09 14:41:22 - [MESSAGE][PASSED] - Object: '' is clicked on

2020-11-09 14:41:22 - [MESSAGE][PASSED] - Wait for page load successfully

2020-11-09 14:41:22 - [MESSAGE][PASSED] - Select Menu SLIK Gateway NonCustomer

2020-11-09 14:41:22 - [TEST_STEP][PASSED] - Input Data KTP Number: Input Data KTP Number

2020-11-09 14:41:23 - [MESSAGE][PASSED] - Text '8888888888888888' is set on object ''

2020-11-09 14:41:23 - [MESSAGE][PASSED] - Input Data KTP Number

2020-11-09 14:41:23 - [TEST_STEP][PASSED] - Input Data "Name *" with value "OPEX TestingAuto" for Check SLIK: Input Data "Name *" with value "OPEX TestingAuto" for Check SLIK

2020-11-09 14:41:24 - [MESSAGE][PASSED] - Taking screenshot successfully
[[ATTACHMENT|/Users/chaidir.pratama01/Documents/Docs/Katalon Studio/Screenshot/slik.png]]

2020-11-09 14:41:24 - [MESSAGE][PASSED] - Object '' is visible

2020-11-09 14:41:24 - [MESSAGE][PASSED] - Object: '' is focused

2020-11-09 14:41:25 - [MESSAGE][PASSED] - Text 'OPEX TestingAuto' is set on object ''

2020-11-09 14:41:25 - [MESSAGE][PASSED] - Input Data "Name *" with value "OPEX TestingAuto" for Check SLIK

2020-11-09 14:41:25 - [TEST_STEP][PASSED] - Input Date of Birth "20-02-1990": Input Date of Birth "20-02-1990"

2020-11-09 14:41:26 - [MESSAGE][PASSED] - Text '20-02-1990' is set on object ''

2020-11-09 14:41:29 - [MESSAGE][PASSED] - Delayed 3 second(s)

2020-11-09 14:41:29 - [MESSAGE][PASSED] - Input Date of Birth "20-02-1990"

2020-11-09 14:41:29 - [TEST_STEP][PASSED] - Select Gender "Laki-laki": Select Gender "Laki-laki"

2020-11-09 14:41:29 - [MESSAGE][PASSED] - Object: '' is clicked on

2020-11-09 14:41:29 - [MESSAGE][PASSED] - Select Gender "Laki-laki"

2020-11-09 14:41:29 - [TEST_STEP][PASSED] - Select Purpose is "Penilaian Calon Kemitraan": Select Purpose is "Penilaian Calon Kemitraan"

2020-11-09 14:41:30 - [MESSAGE][PASSED] - All options with value 'Penilaian Calon Kemitraan' are selected in object ''  using regular expression

2020-11-09 14:41:30 - [MESSAGE][PASSED] - Select Purpose is "Penilaian Calon Kemitraan"

2020-11-09 14:41:30 - [TEST_STEP][PASSED] - Input Data "Place of Birth" with value "Jakarta" for Check SLIK: Input Data "Place of Birth" with value "Jakarta" for Check SLIK

2020-11-09 14:41:31 - [MESSAGE][PASSED] - Taking screenshot successfully
[[ATTACHMENT|/Users/chaidir.pratama01/Documents/Docs/Katalon Studio/Screenshot/slik.png]]

2020-11-09 14:41:32 - [MESSAGE][PASSED] - Object '' is visible

2020-11-09 14:41:32 - [MESSAGE][PASSED] - Object: '' is focused

2020-11-09 14:41:32 - [MESSAGE][PASSED] - Text 'Jakarta' is set on object ''

2020-11-09 14:41:32 - [MESSAGE][PASSED] - Input Data "Place of Birth" with value "Jakarta" for Check SLIK

2020-11-09 14:41:32 - [TEST_STEP][PASSED] - Input Data "Mother Maternity Name" with value "Tester Auto" for Check SLIK: Input Data "Mother Maternity Name" with value "Tester Auto" for Check SLIK

2020-11-09 14:41:33 - [MESSAGE][PASSED] - Taking screenshot successfully
[[ATTACHMENT|/Users/chaidir.pratama01/Documents/Docs/Katalon Studio/Screenshot/slik.png]]

2020-11-09 14:41:33 - [MESSAGE][PASSED] - Object '' is visible

2020-11-09 14:41:34 - [MESSAGE][PASSED] - Object: '' is focused

2020-11-09 14:41:34 - [MESSAGE][PASSED] - Text 'Tester Auto' is set on object ''

2020-11-09 14:41:34 - [MESSAGE][PASSED] - Input Data "Mother Maternity Name" with value "Tester Auto" for Check SLIK

2020-11-09 14:41:34 - [TEST_STEP][PASSED] - Input KTP Address "TESTING AUTO JAKARTA": Input KTP Address "TESTING AUTO JAKARTA"

2020-11-09 14:41:35 - [MESSAGE][PASSED] - Text 'TESTING AUTO JAKARTA' is set on object ''

2020-11-09 14:41:35 - [MESSAGE][PASSED] - Input KTP Address "TESTING AUTO JAKARTA"

2020-11-09 14:41:35 - [TEST_STEP][PASSED] - Click button "Upload": Click button "Upload"

2020-11-09 14:41:35 - [MESSAGE][INFO] - >>>>>//Button[contains(text(),'Upload')]

2020-11-09 14:41:39 - [MESSAGE][PASSED] - Object: '' is clicked on

2020-11-09 14:41:39 - [MESSAGE][PASSED] - Click button "Upload"

2020-11-09 14:41:39 - [TEST_STEP][PASSED] - Upload file "new_captcha1500.png": Upload file "new_captcha1500.png"

2020-11-09 14:41:40 - [MESSAGE][PASSED] - Switched to window with index: '0'

2020-11-09 14:41:54 - [MESSAGE][PASSED] - Upload file "new_captcha1500.png"

2020-11-09 14:41:54 - [TEST_STEP][PASSED] - Click button "Check SLIK": Click button "Check SLIK"

2020-11-09 14:41:54 - [MESSAGE][INFO] - >>>>>//Button[contains(text(),'Check SLIK')]

2020-11-09 14:41:57 - [MESSAGE][PASSED] - Object: '' is clicked on

2020-11-09 14:41:57 - [MESSAGE][PASSED] - Click button "Check SLIK"

2020-11-09 14:41:57 - [TEST_STEP][PASSED] - Get text from pop up "Confirmation Submit Request" with text "Are you sure to submit this data ?": Get text from pop up "Confirmation Submit Request" with text "Are you sure to submit this data ?"

2020-11-09 14:41:58 - [MESSAGE][PASSED] - Taking screenshot successfully
[[ATTACHMENT|/Users/chaidir.pratama01/Documents/Docs/Katalon Studio/Screenshot/errorpopup.png]]

2020-11-09 14:41:58 - [MESSAGE][PASSED] - Object '' is present

2020-11-09 14:41:58 - [MESSAGE][PASSED] - Wait for page load successfully

2020-11-09 14:41:58 - [MESSAGE][PASSED] - Wait for page load successfully

2020-11-09 14:41:58 - [MESSAGE][PASSED] - Get text from pop up "Confirmation Submit Request" with text "Are you sure to submit this data ?"

2020-11-09 14:41:58 - [TEST_STEP][PASSED] - Click button "Yes": Click button "Yes"

2020-11-09 14:41:58 - [MESSAGE][INFO] - >>>>>//Button[contains(text(),'Yes')]

2020-11-09 14:42:02 - [MESSAGE][PASSED] - Object: '' is clicked on

2020-11-09 14:42:02 - [MESSAGE][PASSED] - Click button "Yes"

2020-11-09 14:42:02 - [TEST_STEP][PASSED] - Verify KTP Number Request Success: Verify KTP Number Request Success

2020-11-09 14:42:22 - [MESSAGE][PASSED] - Object '' is present

2020-11-09 14:42:22 - [MESSAGE][PASSED] - Verify KTP Number Request Success

2020-11-09 14:42:22 - [TEST_STEP][PASSED] - Click button "OK": Click button "OK"

2020-11-09 14:42:22 - [MESSAGE][INFO] - >>>>>//Button[contains(text(),'OK')]

2020-11-09 14:42:25 - [MESSAGE][PASSED] - Object: '' is clicked on

2020-11-09 14:42:25 - [MESSAGE][PASSED] - Click button "OK"

2020-11-09 14:42:25 - [TEST_STEP][PASSED] - Click button "Logout": Click button "Logout"

2020-11-09 14:42:25 - [MESSAGE][INFO] - >>>>>//Button[contains(text(),'Logout')]

2020-11-09 14:42:29 - [MESSAGE][PASSED] - Object: '' is clicked on

2020-11-09 14:42:29 - [MESSAGE][PASSED] - Click button "Logout"

2020-11-09 14:42:29 - [TEST_STEP][PASSED] - Close browser: Close browser

2020-11-09 14:42:29 - [MESSAGE][PASSED] - Browser is closed

2020-11-09 14:42:29 - [MESSAGE][PASSED] - Close browser

2020-11-09 14:42:29 - [MESSAGE][PASSED] - Feature file: 'Include/features/IST_Real/SLIK/SLIK Gateway Non Customer/SLIK Gateway Non Customer Checking.feature' was passed]]></system-out>
         <system-err><![CDATA[]]></system-err>
      </testcase>
      <testcase name="Test Cases/IST_Real/SLIK/SLIK_Gateway_Non_Customer/SLIK Gateway Non Customer Search By DateStart DateEnd" time="18.954" classname="Test Cases/IST_Real/SLIK/SLIK_Gateway_Non_Customer/SLIK Gateway Non Customer Search By DateStart DateEnd" status="PASSED">
         <system-out><![CDATA[2020-11-09 14:42:29 - [TEST_CASE][PASSED] - Test Cases/IST_Real/SLIK/SLIK_Gateway_Non_Customer/SLIK Gateway Non Customer Search By DateStart DateEnd: Test Cases/IST_Real/SLIK/SLIK_Gateway_Non_Customer/SLIK Gateway Non Customer Search By DateStart DateEnd

2020-11-09 14:42:29 - [TEST_STEP][PASSED] - runFeatureFile("Include/features/IST_Real/SLIK/SLIK Gateway Non Customer/SLIK_Gateway_Non_Customer_Search_By_DateStart_DateEnd.feature"): Feature file: 'Include/features/IST_Real/SLIK/SLIK Gateway Non Customer/SLIK_Gateway_Non_Customer_Search_By_DateStart_DateEnd.feature' was passed

2020-11-09 14:42:29 - [MESSAGE][INFO] - Starting run keyword runFeatureFile: 'Include/features/IST_Real/SLIK/SLIK Gateway Non Customer/SLIK_Gateway_Non_Customer_Search_By_DateStart_DateEnd.feature' and extract report to folder: '/Users/chaidir.pratama01/Katalon Studio/IST_Automation_Git/Reports/20201109_143506/SLIK/TS_SLIK_Gateway_Non_Customer/20201109_143506/cucumber_report/1604907749755'...

2020-11-09 14:42:29 - [TEST_CASE][PASSED] - Start Test Case : SCENARIO Search Result by Date Start and Date End: SCENARIO Search Result by Date Start and Date End

2020-11-09 14:42:29 - [TEST_STEP][PASSED] - Go to ISTools: Go to ISTools

2020-11-09 14:42:29 - [MESSAGE][INFO] - Starting 'Chrome' driver

2020-11-09 14:42:29 - [MESSAGE][INFO] - User set preference: ['AcceptInsecureCerts', 'true']

2020-11-09 14:42:29 - [MESSAGE][INFO] - User set preference: ['args', '[ignore-certificate-errors]']

2020-11-09 14:42:29 - [MESSAGE][INFO] - Action delay is set to 0 milliseconds

2020-11-09 14:42:31 - [MESSAGE][PASSED] - Browser is opened with url: ''

2020-11-09 14:42:32 - [MESSAGE][PASSED] - Navigate to 'https://id-ist01preprod.id.nonprod/ist/' successfully

2020-11-09 14:42:32 - [MESSAGE][PASSED] - Go to ISTools

2020-11-09 14:42:32 - [TEST_STEP][PASSED] - Login IST with valid credentials: Login IST with valid credentials

2020-11-09 14:42:33 - [MESSAGE][PASSED] - Text 'mobile.test' is set on object 'Object Repository/Page_/input_Username_j_username'

2020-11-09 14:42:33 - [MESSAGE][PASSED] - Text ****** has been set on object 'Object Repository/Page_/input_Password_j_password'

2020-11-09 14:42:35 - [MESSAGE][PASSED] - Object: 'Object Repository/Page_/button_Login' is clicked on

2020-11-09 14:42:35 - [MESSAGE][PASSED] - Login IST with valid credentials

2020-11-09 14:42:35 - [TEST_STEP][PASSED] - Login Success for contract dispatcher: Login Success for contract dispatcher

2020-11-09 14:42:35 - [MESSAGE][INFO] - Login Success

2020-11-09 14:42:35 - [MESSAGE][PASSED] - Current window maximized

2020-11-09 14:42:36 - [MESSAGE][PASSED] - Object 'Object Repository/Page_/h1_Welcome to IT Supporting Tools' is present

2020-11-09 14:42:36 - [MESSAGE][PASSED] - Login Success for contract dispatcher

2020-11-09 14:42:36 - [TEST_STEP][PASSED] - Select Menu SLIK Gateway NonCustomer: Select Menu SLIK Gateway NonCustomer

2020-11-09 14:42:36 - [MESSAGE][PASSED] - Object '' is present

2020-11-09 14:42:36 - [MESSAGE][PASSED] - Object: '' is clicked on

2020-11-09 14:42:36 - [MESSAGE][PASSED] - Wait for page load successfully

2020-11-09 14:42:36 - [MESSAGE][PASSED] - Select Menu SLIK Gateway NonCustomer

2020-11-09 14:42:36 - [TEST_STEP][PASSED] - Set Start Date with value "01-10-2020" and End Date with value "30-12-2020": Set Start Date with value "01-10-2020" and End Date with value "30-12-2020"

2020-11-09 14:42:37 - [MESSAGE][PASSED] - Scroll to object '' successfully

2020-11-09 14:42:37 - [MESSAGE][PASSED] - Object '' is present

2020-11-09 14:42:38 - [MESSAGE][PASSED] - Text '01-10-2020' is set on object ''

2020-11-09 14:42:38 - [MESSAGE][PASSED] - Object '' is present

2020-11-09 14:42:39 - [MESSAGE][PASSED] - Text '30-12-2020' is set on object ''

2020-11-09 14:42:39 - [MESSAGE][PASSED] - Set Start Date with value "01-10-2020" and End Date with value "30-12-2020"

2020-11-09 14:42:39 - [TEST_STEP][PASSED] - Click button "Search": Click button "Search"

2020-11-09 14:42:39 - [MESSAGE][INFO] - >>>>>//Button[contains(text(),'Search')]

2020-11-09 14:42:42 - [MESSAGE][PASSED] - Object: '' is clicked on

2020-11-09 14:42:42 - [MESSAGE][PASSED] - Click button "Search"

2020-11-09 14:42:42 - [TEST_STEP][PASSED] - Verify Search Result Based on Created Date: Verify Search Result Based on Created Date

2020-11-09 14:42:43 - [MESSAGE][PASSED] - Object '' is present

2020-11-09 14:42:43 - [MESSAGE][PASSED] - Text of object '' is: '09 November 2020 14:39:53'

2020-11-09 14:42:43 - [MESSAGE][PASSED] - Verify Search Result Based on Created Date

2020-11-09 14:42:43 - [TEST_STEP][PASSED] - Verify Search Result Based on Result Status: Verify Search Result Based on Result Status

2020-11-09 14:42:44 - [MESSAGE][PASSED] - Scroll to object '' successfully

2020-11-09 14:42:44 - [MESSAGE][PASSED] - Text of object '' is: 'NOT_APPROVED -'

2020-11-09 14:42:44 - [MESSAGE][PASSED] - Text of object '' is: '8888888888888888'

2020-11-09 14:42:44 - [MESSAGE][PASSED] - Verify Search Result Based on Result Status

2020-11-09 14:42:44 - [TEST_STEP][PASSED] - Click button "Logout": Click button "Logout"

2020-11-09 14:42:44 - [MESSAGE][INFO] - >>>>>//Button[contains(text(),'Logout')]

2020-11-09 14:42:48 - [MESSAGE][PASSED] - Object: '' is clicked on

2020-11-09 14:42:48 - [MESSAGE][PASSED] - Click button "Logout"

2020-11-09 14:42:48 - [TEST_STEP][PASSED] - Close browser: Close browser

2020-11-09 14:42:48 - [MESSAGE][PASSED] - Browser is closed

2020-11-09 14:42:48 - [MESSAGE][PASSED] - Close browser

2020-11-09 14:42:48 - [MESSAGE][PASSED] - Feature file: 'Include/features/IST_Real/SLIK/SLIK Gateway Non Customer/SLIK_Gateway_Non_Customer_Search_By_DateStart_DateEnd.feature' was passed]]></system-out>
         <system-err><![CDATA[]]></system-err>
      </testcase>
      <testcase name="Test Cases/IST_Real/SLIK/SLIK_Gateway_Non_Customer/SLIK Gateway Non Customer Search By DateStart ONLY" time="19.956" classname="Test Cases/IST_Real/SLIK/SLIK_Gateway_Non_Customer/SLIK Gateway Non Customer Search By DateStart ONLY" status="PASSED">
         <system-out><![CDATA[2020-11-09 14:42:48 - [TEST_CASE][PASSED] - Test Cases/IST_Real/SLIK/SLIK_Gateway_Non_Customer/SLIK Gateway Non Customer Search By DateStart ONLY: Test Cases/IST_Real/SLIK/SLIK_Gateway_Non_Customer/SLIK Gateway Non Customer Search By DateStart ONLY

2020-11-09 14:42:48 - [TEST_STEP][PASSED] - runFeatureFile("Include/features/IST_Real/SLIK/SLIK Gateway Non Customer/SLIK_Gateway_Non_Customer_Search_By_DateStart_ONLY.feature"): Feature file: 'Include/features/IST_Real/SLIK/SLIK Gateway Non Customer/SLIK_Gateway_Non_Customer_Search_By_DateStart_ONLY.feature' was passed

2020-11-09 14:42:48 - [MESSAGE][INFO] - Starting run keyword runFeatureFile: 'Include/features/IST_Real/SLIK/SLIK Gateway Non Customer/SLIK_Gateway_Non_Customer_Search_By_DateStart_ONLY.feature' and extract report to folder: '/Users/chaidir.pratama01/Katalon Studio/IST_Automation_Git/Reports/20201109_143506/SLIK/TS_SLIK_Gateway_Non_Customer/20201109_143506/cucumber_report/1604907768706'...

2020-11-09 14:42:48 - [TEST_CASE][PASSED] - Start Test Case : SCENARIO Search Result by Date Start ONLY: SCENARIO Search Result by Date Start ONLY

2020-11-09 14:42:48 - [TEST_STEP][PASSED] - Go to ISTools: Go to ISTools

2020-11-09 14:42:48 - [MESSAGE][INFO] - Starting 'Chrome' driver

2020-11-09 14:42:48 - [MESSAGE][INFO] - User set preference: ['AcceptInsecureCerts', 'true']

2020-11-09 14:42:48 - [MESSAGE][INFO] - User set preference: ['args', '[ignore-certificate-errors]']

2020-11-09 14:42:48 - [MESSAGE][INFO] - Action delay is set to 0 milliseconds

2020-11-09 14:42:49 - [MESSAGE][PASSED] - Browser is opened with url: ''

2020-11-09 14:42:50 - [MESSAGE][PASSED] - Navigate to 'https://id-ist01preprod.id.nonprod/ist/' successfully

2020-11-09 14:42:50 - [MESSAGE][PASSED] - Go to ISTools

2020-11-09 14:42:50 - [TEST_STEP][PASSED] - Login IST with valid credentials: Login IST with valid credentials

2020-11-09 14:42:51 - [MESSAGE][PASSED] - Text 'mobile.test' is set on object 'Object Repository/Page_/input_Username_j_username'

2020-11-09 14:42:51 - [MESSAGE][PASSED] - Text ****** has been set on object 'Object Repository/Page_/input_Password_j_password'

2020-11-09 14:42:52 - [MESSAGE][PASSED] - Object: 'Object Repository/Page_/button_Login' is clicked on

2020-11-09 14:42:52 - [MESSAGE][PASSED] - Login IST with valid credentials

2020-11-09 14:42:52 - [TEST_STEP][PASSED] - Login Success for contract dispatcher: Login Success for contract dispatcher

2020-11-09 14:42:52 - [MESSAGE][INFO] - Login Success

2020-11-09 14:42:52 - [MESSAGE][PASSED] - Current window maximized

2020-11-09 14:42:52 - [MESSAGE][PASSED] - Object 'Object Repository/Page_/h1_Welcome to IT Supporting Tools' is present

2020-11-09 14:42:52 - [MESSAGE][PASSED] - Login Success for contract dispatcher

2020-11-09 14:42:52 - [TEST_STEP][PASSED] - Select Menu SLIK Gateway NonCustomer: Select Menu SLIK Gateway NonCustomer

2020-11-09 14:42:53 - [MESSAGE][PASSED] - Object '' is present

2020-11-09 14:42:53 - [MESSAGE][PASSED] - Object: '' is clicked on

2020-11-09 14:42:53 - [MESSAGE][PASSED] - Wait for page load successfully

2020-11-09 14:42:53 - [MESSAGE][PASSED] - Select Menu SLIK Gateway NonCustomer

2020-11-09 14:42:53 - [TEST_STEP][PASSED] - Set Start Date with value "01-10-2020" and End Date with value "": Set Start Date with value "01-10-2020" and End Date with value ""

2020-11-09 14:42:54 - [MESSAGE][PASSED] - Scroll to object '' successfully

2020-11-09 14:42:54 - [MESSAGE][PASSED] - Object '' is present

2020-11-09 14:42:55 - [MESSAGE][PASSED] - Text '01-10-2020' is set on object ''

2020-11-09 14:42:55 - [MESSAGE][PASSED] - Object '' is present

2020-11-09 14:42:56 - [MESSAGE][PASSED] - Text '' is set on object ''

2020-11-09 14:42:56 - [MESSAGE][PASSED] - Set Start Date with value "01-10-2020" and End Date with value ""

2020-11-09 14:42:56 - [TEST_STEP][PASSED] - Click button "Search": Click button "Search"

2020-11-09 14:42:56 - [MESSAGE][INFO] - >>>>>//Button[contains(text(),'Search')]

2020-11-09 14:42:59 - [MESSAGE][PASSED] - Object: '' is clicked on

2020-11-09 14:42:59 - [MESSAGE][PASSED] - Click button "Search"

2020-11-09 14:42:59 - [TEST_STEP][PASSED] - Get text from pop up "Error Message" with text "Error : End Date is mandatory !": Get text from pop up "Error Message" with text "Error : End Date is mandatory !"

2020-11-09 14:43:00 - [MESSAGE][PASSED] - Taking screenshot successfully
[[ATTACHMENT|/Users/chaidir.pratama01/Documents/Docs/Katalon Studio/Screenshot/errorpopup.png]]

2020-11-09 14:43:01 - [MESSAGE][PASSED] - Object '' is present

2020-11-09 14:43:01 - [MESSAGE][PASSED] - Wait for page load successfully

2020-11-09 14:43:01 - [MESSAGE][PASSED] - Wait for page load successfully

2020-11-09 14:43:01 - [MESSAGE][PASSED] - Get text from pop up "Error Message" with text "Error : End Date is mandatory !"

2020-11-09 14:43:01 - [TEST_STEP][PASSED] - Click button "OK": Click button "OK"

2020-11-09 14:43:01 - [MESSAGE][INFO] - >>>>>//Button[contains(text(),'OK')]

2020-11-09 14:43:04 - [MESSAGE][PASSED] - Object: '' is clicked on

2020-11-09 14:43:04 - [MESSAGE][PASSED] - Click button "OK"

2020-11-09 14:43:04 - [TEST_STEP][PASSED] - Get Error Notification "Error : End Date is mandatory !": Get Error Notification "Error : End Date is mandatory !"

2020-11-09 14:43:05 - [MESSAGE][PASSED] - Object '' is present

2020-11-09 14:43:05 - [MESSAGE][PASSED] - Get Error Notification "Error : End Date is mandatory !"

2020-11-09 14:43:05 - [TEST_STEP][PASSED] - Click button "Logout": Click button "Logout"

2020-11-09 14:43:05 - [MESSAGE][INFO] - >>>>>//Button[contains(text(),'Logout')]

2020-11-09 14:43:08 - [MESSAGE][PASSED] - Object: '' is clicked on

2020-11-09 14:43:08 - [MESSAGE][PASSED] - Click button "Logout"

2020-11-09 14:43:08 - [TEST_STEP][PASSED] - Close browser: Close browser

2020-11-09 14:43:08 - [MESSAGE][PASSED] - Browser is closed

2020-11-09 14:43:08 - [MESSAGE][PASSED] - Close browser

2020-11-09 14:43:08 - [MESSAGE][PASSED] - Feature file: 'Include/features/IST_Real/SLIK/SLIK Gateway Non Customer/SLIK_Gateway_Non_Customer_Search_By_DateStart_ONLY.feature' was passed]]></system-out>
         <system-err><![CDATA[]]></system-err>
      </testcase>
      <testcase name="Test Cases/IST_Real/SLIK/SLIK_Gateway_Non_Customer/SLIK Gateway Non Customer Search by DateEnd ONLY" time="20.016" classname="Test Cases/IST_Real/SLIK/SLIK_Gateway_Non_Customer/SLIK Gateway Non Customer Search by DateEnd ONLY" status="PASSED">
         <system-out><![CDATA[2020-11-09 14:43:08 - [TEST_CASE][PASSED] - Test Cases/IST_Real/SLIK/SLIK_Gateway_Non_Customer/SLIK Gateway Non Customer Search by DateEnd ONLY: Test Cases/IST_Real/SLIK/SLIK_Gateway_Non_Customer/SLIK Gateway Non Customer Search by DateEnd ONLY

2020-11-09 14:43:08 - [TEST_STEP][PASSED] - runFeatureFile("Include/features/IST_Real/SLIK/SLIK Gateway Non Customer/SLIK_Gateway_Non_Customer_Search_By_DateEnd_ONLY.feature"): Feature file: 'Include/features/IST_Real/SLIK/SLIK Gateway Non Customer/SLIK_Gateway_Non_Customer_Search_By_DateEnd_ONLY.feature' was passed

2020-11-09 14:43:08 - [MESSAGE][INFO] - Starting run keyword runFeatureFile: 'Include/features/IST_Real/SLIK/SLIK Gateway Non Customer/SLIK_Gateway_Non_Customer_Search_By_DateEnd_ONLY.feature' and extract report to folder: '/Users/chaidir.pratama01/Katalon Studio/IST_Automation_Git/Reports/20201109_143506/SLIK/TS_SLIK_Gateway_Non_Customer/20201109_143506/cucumber_report/1604907788658'...

2020-11-09 14:43:08 - [TEST_CASE][PASSED] - Start Test Case : SCENARIO Search Result by Date End ONLY: SCENARIO Search Result by Date End ONLY

2020-11-09 14:43:08 - [TEST_STEP][PASSED] - Go to ISTools: Go to ISTools

2020-11-09 14:43:08 - [MESSAGE][INFO] - Starting 'Chrome' driver

2020-11-09 14:43:08 - [MESSAGE][INFO] - User set preference: ['AcceptInsecureCerts', 'true']

2020-11-09 14:43:08 - [MESSAGE][INFO] - User set preference: ['args', '[ignore-certificate-errors]']

2020-11-09 14:43:08 - [MESSAGE][INFO] - Action delay is set to 0 milliseconds

2020-11-09 14:43:09 - [MESSAGE][PASSED] - Browser is opened with url: ''

2020-11-09 14:43:10 - [MESSAGE][PASSED] - Navigate to 'https://id-ist01preprod.id.nonprod/ist/' successfully

2020-11-09 14:43:10 - [MESSAGE][PASSED] - Go to ISTools

2020-11-09 14:43:10 - [TEST_STEP][PASSED] - Login IST with valid credentials: Login IST with valid credentials

2020-11-09 14:43:11 - [MESSAGE][PASSED] - Text 'mobile.test' is set on object 'Object Repository/Page_/input_Username_j_username'

2020-11-09 14:43:11 - [MESSAGE][PASSED] - Text ****** has been set on object 'Object Repository/Page_/input_Password_j_password'

2020-11-09 14:43:12 - [MESSAGE][PASSED] - Object: 'Object Repository/Page_/button_Login' is clicked on

2020-11-09 14:43:12 - [MESSAGE][PASSED] - Login IST with valid credentials

2020-11-09 14:43:12 - [TEST_STEP][PASSED] - Login Success for contract dispatcher: Login Success for contract dispatcher

2020-11-09 14:43:12 - [MESSAGE][INFO] - Login Success

2020-11-09 14:43:12 - [MESSAGE][PASSED] - Current window maximized

2020-11-09 14:43:12 - [MESSAGE][PASSED] - Object 'Object Repository/Page_/h1_Welcome to IT Supporting Tools' is present

2020-11-09 14:43:12 - [MESSAGE][PASSED] - Login Success for contract dispatcher

2020-11-09 14:43:12 - [TEST_STEP][PASSED] - Select Menu SLIK Gateway NonCustomer: Select Menu SLIK Gateway NonCustomer

2020-11-09 14:43:13 - [MESSAGE][PASSED] - Object '' is present

2020-11-09 14:43:13 - [MESSAGE][PASSED] - Object: '' is clicked on

2020-11-09 14:43:13 - [MESSAGE][PASSED] - Wait for page load successfully

2020-11-09 14:43:13 - [MESSAGE][PASSED] - Select Menu SLIK Gateway NonCustomer

2020-11-09 14:43:13 - [TEST_STEP][PASSED] - Set Start Date with value "" and End Date with value "24-10-2020": Set Start Date with value "" and End Date with value "24-10-2020"

2020-11-09 14:43:14 - [MESSAGE][PASSED] - Scroll to object '' successfully

2020-11-09 14:43:14 - [MESSAGE][PASSED] - Object '' is present

2020-11-09 14:43:15 - [MESSAGE][PASSED] - Text '' is set on object ''

2020-11-09 14:43:15 - [MESSAGE][PASSED] - Object '' is present

2020-11-09 14:43:15 - [MESSAGE][PASSED] - Text '24-10-2020' is set on object ''

2020-11-09 14:43:15 - [MESSAGE][PASSED] - Set Start Date with value "" and End Date with value "24-10-2020"

2020-11-09 14:43:15 - [TEST_STEP][PASSED] - Click button "Search": Click button "Search"

2020-11-09 14:43:15 - [MESSAGE][INFO] - >>>>>//Button[contains(text(),'Search')]

2020-11-09 14:43:19 - [MESSAGE][PASSED] - Object: '' is clicked on

2020-11-09 14:43:19 - [MESSAGE][PASSED] - Click button "Search"

2020-11-09 14:43:19 - [TEST_STEP][PASSED] - Get text from pop up "Error Message" with text "Error : Start Date is mandatory !": Get text from pop up "Error Message" with text "Error : Start Date is mandatory !"

2020-11-09 14:43:20 - [MESSAGE][PASSED] - Taking screenshot successfully
[[ATTACHMENT|/Users/chaidir.pratama01/Documents/Docs/Katalon Studio/Screenshot/errorpopup.png]]

2020-11-09 14:43:20 - [MESSAGE][PASSED] - Object '' is present

2020-11-09 14:43:20 - [MESSAGE][PASSED] - Wait for page load successfully

2020-11-09 14:43:20 - [MESSAGE][PASSED] - Wait for page load successfully

2020-11-09 14:43:20 - [MESSAGE][PASSED] - Get text from pop up "Error Message" with text "Error : Start Date is mandatory !"

2020-11-09 14:43:20 - [TEST_STEP][PASSED] - Click button "OK": Click button "OK"

2020-11-09 14:43:20 - [MESSAGE][INFO] - >>>>>//Button[contains(text(),'OK')]

2020-11-09 14:43:24 - [MESSAGE][PASSED] - Object: '' is clicked on

2020-11-09 14:43:24 - [MESSAGE][PASSED] - Click button "OK"

2020-11-09 14:43:24 - [TEST_STEP][PASSED] - Get Error Notification "Error : Start Date is mandatory !": Get Error Notification "Error : Start Date is mandatory !"

2020-11-09 14:43:24 - [MESSAGE][PASSED] - Object '' is present

2020-11-09 14:43:24 - [MESSAGE][PASSED] - Get Error Notification "Error : Start Date is mandatory !"

2020-11-09 14:43:24 - [TEST_STEP][PASSED] - Click button "Logout": Click button "Logout"

2020-11-09 14:43:24 - [MESSAGE][INFO] - >>>>>//Button[contains(text(),'Logout')]

2020-11-09 14:43:28 - [MESSAGE][PASSED] - Object: '' is clicked on

2020-11-09 14:43:28 - [MESSAGE][PASSED] - Click button "Logout"

2020-11-09 14:43:28 - [TEST_STEP][PASSED] - Close browser: Close browser

2020-11-09 14:43:28 - [MESSAGE][PASSED] - Browser is closed

2020-11-09 14:43:28 - [MESSAGE][PASSED] - Close browser

2020-11-09 14:43:28 - [MESSAGE][PASSED] - Feature file: 'Include/features/IST_Real/SLIK/SLIK Gateway Non Customer/SLIK_Gateway_Non_Customer_Search_By_DateEnd_ONLY.feature' was passed]]></system-out>
         <system-err><![CDATA[]]></system-err>
      </testcase>
      <testcase name="Test Cases/IST_Real/SLIK/SLIK_Gateway_Approval_Non_Customer/Approve KTP Number" time="29.946" classname="Test Cases/IST_Real/SLIK/SLIK_Gateway_Approval_Non_Customer/Approve KTP Number" status="PASSED">
         <system-out><![CDATA[2020-11-09 14:43:28 - [TEST_CASE][PASSED] - Test Cases/IST_Real/SLIK/SLIK_Gateway_Approval_Non_Customer/Approve KTP Number: Test Cases/IST_Real/SLIK/SLIK_Gateway_Approval_Non_Customer/Approve KTP Number

2020-11-09 14:43:28 - [TEST_STEP][PASSED] - runFeatureFile("Include/features/IST_Real/SLIK/SLIK Gateway Approval Non Customer/Approve_KTP_Number.feature"): Feature file: 'Include/features/IST_Real/SLIK/SLIK Gateway Approval Non Customer/Approve_KTP_Number.feature' was passed

2020-11-09 14:43:28 - [MESSAGE][INFO] - Starting run keyword runFeatureFile: 'Include/features/IST_Real/SLIK/SLIK Gateway Approval Non Customer/Approve_KTP_Number.feature' and extract report to folder: '/Users/chaidir.pratama01/Katalon Studio/IST_Automation_Git/Reports/20201109_143506/SLIK/TS_SLIK_Gateway_Non_Customer/20201109_143506/cucumber_report/1604907808597'...

2020-11-09 14:43:28 - [TEST_CASE][PASSED] - Start Test Case : SCENARIO Approve KTP Number by Checker: SCENARIO Approve KTP Number by Checker

2020-11-09 14:43:28 - [TEST_STEP][PASSED] - Go to ISTools: Go to ISTools

2020-11-09 14:43:28 - [MESSAGE][INFO] - Starting 'Chrome' driver

2020-11-09 14:43:28 - [MESSAGE][INFO] - User set preference: ['AcceptInsecureCerts', 'true']

2020-11-09 14:43:28 - [MESSAGE][INFO] - User set preference: ['args', '[ignore-certificate-errors]']

2020-11-09 14:43:28 - [MESSAGE][INFO] - Action delay is set to 0 milliseconds

2020-11-09 14:43:29 - [MESSAGE][PASSED] - Browser is opened with url: ''

2020-11-09 14:43:30 - [MESSAGE][PASSED] - Navigate to 'https://id-ist01preprod.id.nonprod/ist/' successfully

2020-11-09 14:43:30 - [MESSAGE][PASSED] - Go to ISTools

2020-11-09 14:43:30 - [TEST_STEP][PASSED] - Login IST with valid credentials: Login IST with valid credentials

2020-11-09 14:43:31 - [MESSAGE][PASSED] - Text 'mobile.test' is set on object 'Object Repository/Page_/input_Username_j_username'

2020-11-09 14:43:31 - [MESSAGE][PASSED] - Text ****** has been set on object 'Object Repository/Page_/input_Password_j_password'

2020-11-09 14:43:32 - [MESSAGE][PASSED] - Object: 'Object Repository/Page_/button_Login' is clicked on

2020-11-09 14:43:32 - [MESSAGE][PASSED] - Login IST with valid credentials

2020-11-09 14:43:32 - [TEST_STEP][PASSED] - Login Success for contract dispatcher: Login Success for contract dispatcher

2020-11-09 14:43:32 - [MESSAGE][INFO] - Login Success

2020-11-09 14:43:32 - [MESSAGE][PASSED] - Current window maximized

2020-11-09 14:43:32 - [MESSAGE][PASSED] - Object 'Object Repository/Page_/h1_Welcome to IT Supporting Tools' is present

2020-11-09 14:43:32 - [MESSAGE][PASSED] - Login Success for contract dispatcher

2020-11-09 14:43:32 - [TEST_STEP][PASSED] - Select Menu "SLIK Gateway Approval Non Customer": Select Menu "SLIK Gateway Approval Non Customer"

2020-11-09 14:43:33 - [MESSAGE][PASSED] - Taking screenshot successfully
[[ATTACHMENT|/Users/chaidir.pratama01/Documents/Docs/Katalon Studio/Screenshot/test-SLIK Gateway Approval Non Customer.png]]

2020-11-09 14:43:33 - [MESSAGE][PASSED] - Object '' is present

2020-11-09 14:43:34 - [MESSAGE][PASSED] - Object: '' is clicked on

2020-11-09 14:43:34 - [MESSAGE][PASSED] - Wait for page load successfully

2020-11-09 14:43:34 - [MESSAGE][PASSED] - Select Menu "SLIK Gateway Approval Non Customer"

2020-11-09 14:43:34 - [TEST_STEP][PASSED] - Verify Table Result Exist: Verify Table Result Exist

2020-11-09 14:43:34 - [MESSAGE][PASSED] - Object '' is present

2020-11-09 14:43:34 - [MESSAGE][PASSED] - Verify Table Result Exist

2020-11-09 14:43:34 - [TEST_STEP][PASSED] - Get Data From Table: Get Data From Table

2020-11-09 14:43:35 - [MESSAGE][PASSED] - Object '' is present

2020-11-09 14:43:35 - [MESSAGE][PASSED] - Text of object '' is: '1'

2020-11-09 14:43:36 - [MESSAGE][PASSED] - Text of object '' is: '8888888888888888'

2020-11-09 14:43:36 - [MESSAGE][PASSED] - Text of object '' is: 'OPEX TestingAuto'

2020-11-09 14:43:36 - [MESSAGE][PASSED] - Text of object '' is: 'View Document'

2020-11-09 14:43:36 - [MESSAGE][PASSED] - Text of object '' is: ''

2020-11-09 14:43:36 - [MESSAGE][PASSED] - Get Data From Table

2020-11-09 14:43:36 - [TEST_STEP][PASSED] - Click Checkbox Validate: Click Checkbox Validate

2020-11-09 14:43:37 - [MESSAGE][PASSED] - Text of object '' is: '8888888888888888'

2020-11-09 14:43:37 - [MESSAGE][PASSED] - Object: '' is clicked on

2020-11-09 14:43:37 - [MESSAGE][PASSED] - Click Checkbox Validate

2020-11-09 14:43:37 - [TEST_STEP][PASSED] - Click button "Continue": Click button "Continue"

2020-11-09 14:43:37 - [MESSAGE][INFO] - >>>>>//Button[contains(text(),'Continue')]

2020-11-09 14:43:40 - [MESSAGE][PASSED] - Object: '' is clicked on

2020-11-09 14:43:40 - [MESSAGE][PASSED] - Click button "Continue"

2020-11-09 14:43:40 - [TEST_STEP][PASSED] - Click Checkbox Saya Setuju: Click Checkbox Saya Setuju

2020-11-09 14:43:41 - [MESSAGE][PASSED] - Object '' is present

2020-11-09 14:43:41 - [MESSAGE][PASSED] - Object: '' is clicked on

2020-11-09 14:43:41 - [MESSAGE][PASSED] - Click Checkbox Saya Setuju

2020-11-09 14:43:41 - [TEST_STEP][PASSED] - Click button "Check SLIK": Click button "Check SLIK"

2020-11-09 14:43:41 - [MESSAGE][INFO] - >>>>>//Button[contains(text(),'Check SLIK')]

2020-11-09 14:43:45 - [MESSAGE][PASSED] - Object: '' is clicked on

2020-11-09 14:43:45 - [MESSAGE][PASSED] - Click button "Check SLIK"

2020-11-09 14:43:45 - [TEST_STEP][PASSED] - Get text from pop up "Confirmation Approve Data" with text "Are you sure to SUBMIT this data ?": Get text from pop up "Confirmation Approve Data" with text "Are you sure to SUBMIT this data ?"

2020-11-09 14:43:46 - [MESSAGE][PASSED] - Taking screenshot successfully
[[ATTACHMENT|/Users/chaidir.pratama01/Documents/Docs/Katalon Studio/Screenshot/errorpopup.png]]

2020-11-09 14:43:46 - [MESSAGE][PASSED] - Object '' is present

2020-11-09 14:43:46 - [MESSAGE][PASSED] - Wait for page load successfully

2020-11-09 14:43:46 - [MESSAGE][PASSED] - Wait for page load successfully

2020-11-09 14:43:46 - [MESSAGE][PASSED] - Get text from pop up "Confirmation Approve Data" with text "Are you sure to SUBMIT this data ?"

2020-11-09 14:43:46 - [TEST_STEP][PASSED] - Click button "Yes": Click button "Yes"

2020-11-09 14:43:46 - [MESSAGE][INFO] - >>>>>//Button[contains(text(),'Yes')]

2020-11-09 14:43:50 - [MESSAGE][PASSED] - Object: '' is clicked on

2020-11-09 14:43:50 - [MESSAGE][PASSED] - Click button "Yes"

2020-11-09 14:43:50 - [TEST_STEP][PASSED] - Get text from pop up "IT Supporting Tools" with text "Data is processed": Get text from pop up "IT Supporting Tools" with text "Data is processed"

2020-11-09 14:43:51 - [MESSAGE][PASSED] - Taking screenshot successfully
[[ATTACHMENT|/Users/chaidir.pratama01/Documents/Docs/Katalon Studio/Screenshot/errorpopup.png]]

2020-11-09 14:43:51 - [MESSAGE][PASSED] - Object '' is present

2020-11-09 14:43:51 - [MESSAGE][PASSED] - Wait for page load successfully

2020-11-09 14:43:51 - [MESSAGE][PASSED] - Wait for page load successfully

2020-11-09 14:43:51 - [MESSAGE][PASSED] - Get text from pop up "IT Supporting Tools" with text "Data is processed"

2020-11-09 14:43:51 - [TEST_STEP][PASSED] - Click button "OK": Click button "OK"

2020-11-09 14:43:51 - [MESSAGE][INFO] - >>>>>//Button[contains(text(),'OK')]

2020-11-09 14:43:55 - [MESSAGE][PASSED] - Object: '' is clicked on

2020-11-09 14:43:55 - [MESSAGE][PASSED] - Click button "OK"

2020-11-09 14:43:55 - [TEST_STEP][PASSED] - Click button "Logout": Click button "Logout"

2020-11-09 14:43:55 - [MESSAGE][INFO] - >>>>>//Button[contains(text(),'Logout')]

2020-11-09 14:43:58 - [MESSAGE][PASSED] - Object: '' is clicked on

2020-11-09 14:43:58 - [MESSAGE][PASSED] - Click button "Logout"

2020-11-09 14:43:58 - [TEST_STEP][PASSED] - Close browser: Close browser

2020-11-09 14:43:58 - [MESSAGE][PASSED] - Browser is closed

2020-11-09 14:43:58 - [MESSAGE][PASSED] - Close browser

2020-11-09 14:43:58 - [MESSAGE][PASSED] - Feature file: 'Include/features/IST_Real/SLIK/SLIK Gateway Approval Non Customer/Approve_KTP_Number.feature' was passed]]></system-out>
         <system-err><![CDATA[]]></system-err>
      </testcase>
      <testcase name="Test Cases/IST_Real/SLIK/SLIK_Gateway_Non_Customer/Update STATUS APPROVED-SUCCESS" time="0.682" classname="Test Cases/IST_Real/SLIK/SLIK_Gateway_Non_Customer/Update STATUS APPROVED-SUCCESS" status="PASSED">
         <system-out><![CDATA[2020-11-09 14:43:58 - [TEST_CASE][PASSED] - Test Cases/IST_Real/SLIK/SLIK_Gateway_Non_Customer/Update STATUS APPROVED-SUCCESS: Test Cases/IST_Real/SLIK/SLIK_Gateway_Non_Customer/Update STATUS APPROVED-SUCCESS

2020-11-09 14:43:58 - [TEST_STEP][PASSED] - runFeatureFile("Include/features/IST_Real/SLIK/SLIK Gateway Non Customer/Update_STATUS_APPROVED_SUCCESS.feature"): Feature file: 'Include/features/IST_Real/SLIK/SLIK Gateway Non Customer/Update_STATUS_APPROVED_SUCCESS.feature' was passed

2020-11-09 14:43:58 - [MESSAGE][INFO] - Starting run keyword runFeatureFile: 'Include/features/IST_Real/SLIK/SLIK Gateway Non Customer/Update_STATUS_APPROVED_SUCCESS.feature' and extract report to folder: '/Users/chaidir.pratama01/Katalon Studio/IST_Automation_Git/Reports/20201109_143506/SLIK/TS_SLIK_Gateway_Non_Customer/20201109_143506/cucumber_report/1604907838622'...

2020-11-09 14:43:58 - [TEST_CASE][PASSED] - Start Test Case : SCENARIO Update STATUS from Table SLIK_DATA_CUSTOMER: SCENARIO Update STATUS from Table SLIK_DATA_CUSTOMER

2020-11-09 14:43:58 - [TEST_STEP][PASSED] - Connect to Database: Connect to Database

2020-11-09 14:43:58 - [MESSAGE][PASSED] - Connect to Database

2020-11-09 14:43:58 - [TEST_STEP][PASSED] - Update Status "SUCCESS" in Table SLIK_DATA_NonCUSTOMER: Update Status "SUCCESS" in Table SLIK_DATA_NonCUSTOMER

2020-11-09 14:43:59 - [MESSAGE][PASSED] - Update Status "SUCCESS" in Table SLIK_DATA_NonCUSTOMER

2020-11-09 14:43:59 - [MESSAGE][PASSED] - Feature file: 'Include/features/IST_Real/SLIK/SLIK Gateway Non Customer/Update_STATUS_APPROVED_SUCCESS.feature' was passed]]></system-out>
         <system-err><![CDATA[]]></system-err>
      </testcase>
      <testcase name="Test Cases/IST_Real/SLIK/SLIK_Gateway_Non_Customer/SLIK Gateway Non Customer View Detal when Status APPROVED-SUCCESS" time="20.157" classname="Test Cases/IST_Real/SLIK/SLIK_Gateway_Non_Customer/SLIK Gateway Non Customer View Detal when Status APPROVED-SUCCESS" status="PASSED">
         <system-out><![CDATA[2020-11-09 14:43:59 - [TEST_CASE][PASSED] - Test Cases/IST_Real/SLIK/SLIK_Gateway_Non_Customer/SLIK Gateway Non Customer View Detal when Status APPROVED-SUCCESS: Test Cases/IST_Real/SLIK/SLIK_Gateway_Non_Customer/SLIK Gateway Non Customer View Detal when Status APPROVED-SUCCESS

2020-11-09 14:43:59 - [TEST_STEP][PASSED] - runFeatureFile("Include/features/IST_Real/SLIK/SLIK Gateway Non Customer/SLIK_Gateway_Non_Customer_View_Detail_when_Status_APPROVED-SUCCESS.feature"): Feature file: 'Include/features/IST_Real/SLIK/SLIK Gateway Non Customer/SLIK_Gateway_Non_Customer_View_Detail_when_Status_APPROVED-SUCCESS.feature' was passed

2020-11-09 14:43:59 - [MESSAGE][INFO] - Starting run keyword runFeatureFile: 'Include/features/IST_Real/SLIK/SLIK Gateway Non Customer/SLIK_Gateway_Non_Customer_View_Detail_when_Status_APPROVED-SUCCESS.feature' and extract report to folder: '/Users/chaidir.pratama01/Katalon Studio/IST_Automation_Git/Reports/20201109_143506/SLIK/TS_SLIK_Gateway_Non_Customer/20201109_143506/cucumber_report/1604907839300'...

2020-11-09 14:43:59 - [TEST_CASE][PASSED] - Start Test Case : SCENARIO SLIK Gateway Non Customer View Detail Link: SCENARIO SLIK Gateway Non Customer View Detail Link

2020-11-09 14:43:59 - [TEST_STEP][PASSED] - Go to ISTools: Go to ISTools

2020-11-09 14:43:59 - [MESSAGE][INFO] - Starting 'Chrome' driver

2020-11-09 14:43:59 - [MESSAGE][INFO] - User set preference: ['AcceptInsecureCerts', 'true']

2020-11-09 14:43:59 - [MESSAGE][INFO] - User set preference: ['args', '[ignore-certificate-errors]']

2020-11-09 14:43:59 - [MESSAGE][INFO] - Action delay is set to 0 milliseconds

2020-11-09 14:44:00 - [MESSAGE][PASSED] - Browser is opened with url: ''

2020-11-09 14:44:01 - [MESSAGE][PASSED] - Navigate to 'https://id-ist01preprod.id.nonprod/ist/' successfully

2020-11-09 14:44:01 - [MESSAGE][PASSED] - Go to ISTools

2020-11-09 14:44:01 - [TEST_STEP][PASSED] - Login IST with valid credentials: Login IST with valid credentials

2020-11-09 14:44:02 - [MESSAGE][PASSED] - Text 'mobile.test' is set on object 'Object Repository/Page_/input_Username_j_username'

2020-11-09 14:44:02 - [MESSAGE][PASSED] - Text ****** has been set on object 'Object Repository/Page_/input_Password_j_password'

2020-11-09 14:44:03 - [MESSAGE][PASSED] - Object: 'Object Repository/Page_/button_Login' is clicked on

2020-11-09 14:44:03 - [MESSAGE][PASSED] - Login IST with valid credentials

2020-11-09 14:44:03 - [TEST_STEP][PASSED] - Login Success for contract dispatcher: Login Success for contract dispatcher

2020-11-09 14:44:03 - [MESSAGE][INFO] - Login Success

2020-11-09 14:44:03 - [MESSAGE][PASSED] - Current window maximized

2020-11-09 14:44:03 - [MESSAGE][PASSED] - Object 'Object Repository/Page_/h1_Welcome to IT Supporting Tools' is present

2020-11-09 14:44:03 - [MESSAGE][PASSED] - Login Success for contract dispatcher

2020-11-09 14:44:03 - [TEST_STEP][PASSED] - Select Menu SLIK Gateway NonCustomer: Select Menu SLIK Gateway NonCustomer

2020-11-09 14:44:03 - [MESSAGE][PASSED] - Object '' is present

2020-11-09 14:44:04 - [MESSAGE][PASSED] - Object: '' is clicked on

2020-11-09 14:44:04 - [MESSAGE][PASSED] - Wait for page load successfully

2020-11-09 14:44:04 - [MESSAGE][PASSED] - Select Menu SLIK Gateway NonCustomer

2020-11-09 14:44:04 - [TEST_STEP][PASSED] - Select Status is "APPROVED": Select Status is "APPROVED"

2020-11-09 14:44:05 - [MESSAGE][PASSED] - All options with value 'APPROVED' are selected in object ''  using regular expression

2020-11-09 14:44:05 - [MESSAGE][PASSED] - Select Status is "APPROVED"

2020-11-09 14:44:05 - [TEST_STEP][PASSED] - Click button "Search": Click button "Search"

2020-11-09 14:44:05 - [MESSAGE][INFO] - >>>>>//Button[contains(text(),'Search')]

2020-11-09 14:44:08 - [MESSAGE][PASSED] - Object: '' is clicked on

2020-11-09 14:44:08 - [MESSAGE][PASSED] - Click button "Search"

2020-11-09 14:44:08 - [TEST_STEP][PASSED] - Verify Search Result Based on Result Status: Verify Search Result Based on Result Status

2020-11-09 14:44:09 - [MESSAGE][PASSED] - Scroll to object '' successfully

2020-11-09 14:44:10 - [MESSAGE][WARNING] - Actual text 'APPROVED - SUCCESS' and expected text 'APPROVED - FAILED' of test object '' are NOT matched. (Root cause: com.kms.katalon.core.exception.StepFailedException: Actual text 'APPROVED - SUCCESS' and expected text 'APPROVED - FAILED' of test object '' are NOT matched.
	at com.kms.katalon.core.webui.keyword.internal.WebUIKeywordMain.stepFailed(WebUIKeywordMain.groovy:64)
	at com.kms.katalon.core.webui.keyword.builtin.VerifyElementTextKeyword$_verifyElementText_closure1.doCall(VerifyElementTextKeyword.groovy:57)
	at com.kms.katalon.core.webui.keyword.builtin.VerifyElementTextKeyword$_verifyElementText_closure1.call(VerifyElementTextKeyword.groovy)
	at com.kms.katalon.core.webui.keyword.internal.WebUIKeywordMain.runKeyword(WebUIKeywordMain.groovy:20)
	at com.kms.katalon.core.webui.keyword.builtin.VerifyElementTextKeyword.verifyElementText(VerifyElementTextKeyword.groovy:72)
	at com.kms.katalon.core.webui.keyword.builtin.VerifyElementTextKeyword.execute(VerifyElementTextKeyword.groovy:40)
	at com.kms.katalon.core.keyword.internal.KeywordExecutor.executeKeywordForPlatform(KeywordExecutor.groovy:73)
	at com.kms.katalon.core.webui.keyword.WebUiBuiltInKeywords.verifyElementText(WebUiBuiltInKeywords.groovy:3673)
	at com.kms.katalon.core.webui.keyword.WebUiBuiltInKeywords$verifyElementText$21.call(Unknown Source)
	at Slik_Script.Verify_Result_Status(Slik_Script.groovy:369)
	at cucumber.runtime.Utils$1.call(Utils.java:26)
	at cucumber.runtime.Timeout.timeout(Timeout.java:16)
	at cucumber.runtime.Utils.invoke(Utils.java:20)
	at cucumber.runtime.java.JavaStepDefinition.execute(JavaStepDefinition.java:48)
	at cucumber.runtime.PickleStepDefinitionMatch.runStep(PickleStepDefinitionMatch.java:50)
	at cucumber.runner.TestStep.executeStep(TestStep.java:55)
	at cucumber.runner.TestStep.run(TestStep.java:42)
	at cucumber.runner.PickleStepTestStep.run(PickleStepTestStep.java:53)
	at cucumber.runner.TestCase.run(TestCase.java:47)
	at cucumber.runner.Runner.runPickle(Runner.java:44)
	at cucumber.runtime.Runtime.runFeature(Runtime.java:120)
	at cucumber.runtime.Runtime.run(Runtime.java:106)
	at cucumber.api.cli.Main.run(Main.java:35)
	at cucumber.api.cli.Main$run.call(Unknown Source)
	at com.kms.katalon.core.cucumber.keyword.CucumberBuiltinKeywords$_runFeatureFile_closure1.doCall(CucumberBuiltinKeywords.groovy:76)
	at com.kms.katalon.core.cucumber.keyword.CucumberBuiltinKeywords$_runFeatureFile_closure1.doCall(CucumberBuiltinKeywords.groovy)
	at com.kms.katalon.core.keyword.internal.KeywordMain.runKeyword(KeywordMain.groovy:68)
	at com.kms.katalon.core.keyword.internal.KeywordMain$runKeyword.call(Unknown Source)
	at com.kms.katalon.core.cucumber.keyword.CucumberBuiltinKeywords.runFeatureFile(CucumberBuiltinKeywords.groovy:46)
	at com.kms.katalon.core.cucumber.keyword.CucumberBuiltinKeywords$runFeatureFile$0.callStatic(Unknown Source)
	at com.kms.katalon.core.cucumber.keyword.CucumberBuiltinKeywords.runFeatureFile(CucumberBuiltinKeywords.groovy:169)
	at com.kms.katalon.core.cucumber.keyword.CucumberBuiltinKeywords$runFeatureFile.call(Unknown Source)
	at SLIK Gateway Non Customer View Detal when Status APPROVED-SUCCESS.run(SLIK Gateway Non Customer View Detal when Status APPROVED-SUCCESS:18)
	at com.kms.katalon.core.main.ScriptEngine.run(ScriptEngine.java:194)
	at com.kms.katalon.core.main.ScriptEngine.runScriptAsRawText(ScriptEngine.java:119)
	at com.kms.katalon.core.main.TestCaseExecutor.runScript(TestCaseExecutor.java:339)
	at com.kms.katalon.core.main.TestCaseExecutor.doExecute(TestCaseExecutor.java:330)
	at com.kms.katalon.core.main.TestCaseExecutor.processExecutionPhase(TestCaseExecutor.java:309)
	at com.kms.katalon.core.main.TestCaseExecutor.accessMainPhase(TestCaseExecutor.java:301)
	at com.kms.katalon.core.main.TestCaseExecutor.execute(TestCaseExecutor.java:235)
	at com.kms.katalon.core.main.TestSuiteExecutor.accessTestCaseMainPhase(TestSuiteExecutor.java:191)
	at com.kms.katalon.core.main.TestSuiteExecutor.accessTestSuiteMainPhase(TestSuiteExecutor.java:141)
	at com.kms.katalon.core.main.TestSuiteExecutor.execute(TestSuiteExecutor.java:90)
	at com.kms.katalon.core.main.TestCaseMain.startTestSuite(TestCaseMain.java:157)
	at com.kms.katalon.core.main.TestCaseMain$startTestSuite$0.call(Unknown Source)
	at TempTestSuite1604907306388.run(TempTestSuite1604907306388.groovy:39)
)
[[ATTACHMENT|/Users/chaidir.pratama01/Katalon Studio/IST_Automation_Git/Reports/20201109_143506/SLIK/TS_SLIK_Gateway_Non_Customer/20201109_143506/1604907849541.png]]

2020-11-09 14:44:10 - [MESSAGE][PASSED] - Actual text and expected text of test object '' are matched.

2020-11-09 14:44:10 - [MESSAGE][PASSED] - Text of object '' is: 'APPROVED - SUCCESS'

2020-11-09 14:44:10 - [MESSAGE][PASSED] - Text of object '' is: '8888888888888888'

2020-11-09 14:44:10 - [MESSAGE][PASSED] - Verify Search Result Based on Result Status

2020-11-09 14:44:10 - [TEST_STEP][PASSED] - Click View Detail Link: Click View Detail Link

2020-11-09 14:44:11 - [MESSAGE][PASSED] - Object '' is present

2020-11-09 14:44:11 - [MESSAGE][PASSED] - Object: '' is clicked on

2020-11-09 14:44:11 - [MESSAGE][PASSED] - Click View Detail Link

2020-11-09 14:44:11 - [TEST_STEP][PASSED] - Take Screenshot "View_detail_NonCutomer.png": Take Screenshot "View_detail_NonCutomer.png"

2020-11-09 14:44:12 - [MESSAGE][PASSED] - Taking screenshot successfully
[[ATTACHMENT|/Users/chaidir.pratama01/Katalon Studio/IST_Automation_Git/img/View_detail_NonCutomer.png]]

2020-11-09 14:44:12 - [MESSAGE][PASSED] - Take Screenshot "View_detail_NonCutomer.png"

2020-11-09 14:44:12 - [TEST_STEP][PASSED] - Verify Slik Result Detail Link: Verify Slik Result Detail Link

2020-11-09 14:44:12 - [MESSAGE][PASSED] - Scroll to object '' successfully

2020-11-09 14:44:13 - [MESSAGE][PASSED] - Object '' is present

2020-11-09 14:44:13 - [MESSAGE][PASSED] - Scroll to object '' successfully

2020-11-09 14:44:13 - [MESSAGE][PASSED] - Object '' is present

2020-11-09 14:44:14 - [MESSAGE][PASSED] - Scroll to object '' successfully

2020-11-09 14:44:14 - [MESSAGE][PASSED] - Object '' is present

2020-11-09 14:44:14 - [MESSAGE][PASSED] - Scroll to object '' successfully

2020-11-09 14:44:14 - [MESSAGE][PASSED] - Object '' is present

2020-11-09 14:44:15 - [MESSAGE][PASSED] - Scroll to object '' successfully

2020-11-09 14:44:15 - [MESSAGE][PASSED] - Object '' is present

2020-11-09 14:44:15 - [MESSAGE][PASSED] - Verify Slik Result Detail Link

2020-11-09 14:44:15 - [TEST_STEP][PASSED] - Click button "Logout": Click button "Logout"

2020-11-09 14:44:15 - [MESSAGE][INFO] - >>>>>//Button[contains(text(),'Logout')]

2020-11-09 14:44:19 - [MESSAGE][PASSED] - Object: '' is clicked on

2020-11-09 14:44:19 - [MESSAGE][PASSED] - Click button "Logout"

2020-11-09 14:44:19 - [TEST_STEP][PASSED] - Close browser: Close browser

2020-11-09 14:44:19 - [MESSAGE][PASSED] - Browser is closed

2020-11-09 14:44:19 - [MESSAGE][PASSED] - Close browser

2020-11-09 14:44:19 - [MESSAGE][PASSED] - Feature file: 'Include/features/IST_Real/SLIK/SLIK Gateway Non Customer/SLIK_Gateway_Non_Customer_View_Detail_when_Status_APPROVED-SUCCESS.feature' was passed]]></system-out>
         <system-err><![CDATA[]]></system-err>
      </testcase>
      <system-out><![CDATA[2020-11-09 14:35:14 - [TEST_SUITE][PASSED] - TS_SLIK_Gateway_Non_Customer: Test Cases/IST_Real/SLIK/SLIK_Gateway_Non_Customer/SLIK Gateway Non Customer View Detal when Status APPROVED-SUCCESS]]></system-out>
      <system-err><![CDATA[]]></system-err>
   </testsuite>
</testsuites>
