<?xml version="1.0" encoding="UTF-8"?>
<testsuites name="RTD_Regression" time="7088.672" tests="42" failures="6" errors="0">
   <testsuite name="TS_Disbursement_Dashboard" tests="4" failures="0" errors="0" time="224.843" timestamp="2021-01-22 11:39:54" hostname="chaidir.pratama01 - localhost" id="Test Suites/RTD/TS_Disbursement_Dashboard">
      <properties>
         <property name="deviceName" value=""/>
         <property name="devicePlatform" value=""/>
         <property name="logFolder" value="/Users/chaidir.pratama01/Katalon Studio/IST_Automation_Git/Reports/20210122_113940/RTD/TS_Disbursement_Dashboard/20210122_113940"/>
         <property name="logFiles" value="/Users/chaidir.pratama01/Katalon Studio/IST_Automation_Git/Reports/20210122_113940/RTD/TS_Disbursement_Dashboard/20210122_113940/execution0.log"/>
         <property name="attachments" value="/Users/chaidir.pratama01/Documents/Docs/Katalon Studio/Screenshot/test-Dashboard for CCC/OCS.png, /Users/chaidir.pratama01/Documents/Docs/Katalon Studio/Screenshot/test-Disbursement Dashboard.png, /Users/chaidir.pratama01/Documents/Docs/Katalon Studio/Screenshot/test-Disbursement Dashboard.png, /Users/chaidir.pratama01/Documents/Docs/Katalon Studio/Screenshot/test-Disbursement Dashboard.png, /Users/chaidir.pratama01/Documents/Docs/Katalon Studio/Screenshot/test-Disbursement Dashboard.png, /Users/chaidir.pratama01/Documents/Docs/Katalon Studio/Screenshot/test-Disbursement Dashboard.png, /Users/chaidir.pratama01/Documents/Docs/Katalon Studio/Screenshot/test-Disbursement Dashboard.png, /Users/chaidir.pratama01/Documents/Docs/Katalon Studio/Screenshot/test-Disbursement Dashboard.png, /Users/chaidir.pratama01/Documents/Docs/Katalon Studio/Screenshot/test-Disbursement Dashboard.png, /Users/chaidir.pratama01/Documents/Docs/Katalon Studio/Screenshot/test-Disbursement Dashboard.png, /Users/chaidir.pratama01/Katalon Studio/IST_Automation_Git/Reports/20210122_113940/RTD/TS_Disbursement_Dashboard/20210122_113940/1611290545845.png, /Users/chaidir.pratama01/Documents/Docs/Katalon Studio/Screenshot/test-Disbursement Dashboard.png, /Users/chaidir.pratama01/Documents/Docs/Katalon Studio/Screenshot/test-Disbursement Dashboard.png, /Users/chaidir.pratama01/Documents/Docs/Katalon Studio/Screenshot/test-Disbursement Dashboard.png, /Users/chaidir.pratama01/Documents/Docs/Katalon Studio/Screenshot/test-Disbursement Dashboard.png, /Users/chaidir.pratama01/Documents/Docs/Katalon Studio/Screenshot/test-Disbursement Dashboard.png, /Users/chaidir.pratama01/Documents/Docs/Katalon Studio/Screenshot/Download_data.png"/>
         <property name="hostName" value="chaidir.pratama01 - localhost"/>
         <property name="os" value="Mac OS X 64bit"/>
         <property name="katalonVersion" value="7.6.0.${buildNumber}"/>
         <property name="browser" value="Chrome 87.0.4280.141"/>
         <property name="hostAddress" value="127.0.0.1"/>
         <property name="sessionId" value="7ebe05a4a7615fd5deb76ac75c273c04"/>
         <property name="seleniumVersion" value="3.141.59"/>
         <property name="proxyInformation" value="ProxyInformation { proxyOption=NO_PROXY, proxyServerType=HTTP, username=, password=********, proxyServerAddress=, proxyServerPort=0, executionList=\&quot;\&quot;, isApplyToDesiredCapabilities=true }"/>
         <property name="platform" value="Mac OS X"/>
      </properties>
      <testcase name="Test Cases/RTD/Disbursement Dashboard/TC_View_Detail_Disbursement_Dashboard" time="45.061" classname="Test Cases/RTD/Disbursement Dashboard/TC_View_Detail_Disbursement_Dashboard" status="PASSED">
         <system-out><![CDATA[2021-01-22 11:39:54 - [TEST_CASE][PASSED] - Test Cases/RTD/Disbursement Dashboard/TC_View_Detail_Disbursement_Dashboard: Test Cases/RTD/Disbursement Dashboard/TC_View_Detail_Disbursement_Dashboard

2021-01-22 11:39:54 - [TEST_STEP][PASSED] - runFeatureFile("Include/features/IST_Real/RTD/Disbursement_Dashboard/View_Detail_Disbursement_Dashboard.feature"): Feature file: 'Include/features/IST_Real/RTD/Disbursement_Dashboard/View_Detail_Disbursement_Dashboard.feature' was passed

2021-01-22 11:39:54 - [MESSAGE][INFO] - Starting run keyword runFeatureFile: 'Include/features/IST_Real/RTD/Disbursement_Dashboard/View_Detail_Disbursement_Dashboard.feature' and extract report to folder: '/Users/chaidir.pratama01/Katalon Studio/IST_Automation_Git/Reports/20210122_113940/RTD/TS_Disbursement_Dashboard/20210122_113940/cucumber_report/1611290394700'...

2021-01-22 11:39:55 - [TEST_CASE][PASSED] - Start Test Case : SCENARIO Search by STATUS Success to Disburse and then View Detail of it: SCENARIO Search by STATUS Success to Disburse and then View Detail of it

2021-01-22 11:39:55 - [TEST_STEP][PASSED] - Go to ISTools: Go to ISTools

2021-01-22 11:39:55 - [MESSAGE][INFO] - Starting 'Chrome (headless)' driver

2021-01-22 11:39:55 - [MESSAGE][INFO] - User set preference: ['args', '[--start-maximized, --disable-gpu, --no-proxy-server, â€“-no-sandbox, --allow-running-insecure-content, --ignore-certificate-errors, window-size=1680,814, force-device-scale-factor=2, --lang=en-GB]']

2021-01-22 11:39:55 - [MESSAGE][INFO] - User set preference: ['prefs', '{download.default_directory=/Users/chaidir.pratama01/Katalon Studio/IST_Automation_Git/Download}']

2021-01-22 11:39:55 - [MESSAGE][INFO] - Action delay is set to 0 milliseconds

2021-01-22 11:39:57 - [MESSAGE][PASSED] - Browser is opened with url: ''

2021-01-22 11:39:58 - [MESSAGE][PASSED] - Navigate to 'https://dev-istools.homecredit.id/foundation/' successfully

2021-01-22 11:39:58 - [MESSAGE][PASSED] - Go to ISTools

2021-01-22 11:39:58 - [TEST_STEP][PASSED] - Login IST with valid credentials: Login IST with valid credentials

2021-01-22 11:39:59 - [MESSAGE][PASSED] - Text 'mobile.test' is set on object 'Object Repository/Page_/input_Username_j_username'

2021-01-22 11:39:59 - [MESSAGE][PASSED] - Text ****** has been set on object 'Object Repository/Page_/input_Password_j_password'

2021-01-22 11:39:59 - [MESSAGE][PASSED] - Object: 'Object Repository/Page_/button_Login' is clicked on

2021-01-22 11:39:59 - [MESSAGE][PASSED] - Login IST with valid credentials

2021-01-22 11:39:59 - [TEST_STEP][PASSED] - Login Success: Login Success

2021-01-22 11:39:59 - [MESSAGE][INFO] - Login Success

2021-01-22 11:39:59 - [MESSAGE][PASSED] - Current window maximized

2021-01-22 11:40:00 - [MESSAGE][PASSED] - Object 'Object Repository/Page_/h1_Welcome to IT Supporting Tools' is present

2021-01-22 11:40:00 - [MESSAGE][PASSED] - Login Success

2021-01-22 11:40:00 - [TEST_STEP][PASSED] - Select Arrow Menu "Real Time Disbursement": Select Arrow Menu "Real Time Disbursement"

2021-01-22 11:40:00 - [MESSAGE][PASSED] - Object: '' is clicked on

2021-01-22 11:40:00 - [MESSAGE][PASSED] - Select Arrow Menu "Real Time Disbursement"

2021-01-22 11:40:00 - [TEST_STEP][PASSED] - Select Menu "Dashboard for CCC/OCS": Select Menu "Dashboard for CCC/OCS"

2021-01-22 11:40:00 - [MESSAGE][PASSED] - Taking screenshot successfully
[[ATTACHMENT|/Users/chaidir.pratama01/Documents/Docs/Katalon Studio/Screenshot/test-Dashboard for CCC/OCS.png]]

2021-01-22 11:40:00 - [MESSAGE][PASSED] - Object '' is present

2021-01-22 11:40:00 - [MESSAGE][PASSED] - Object: '' is clicked on

2021-01-22 11:40:00 - [MESSAGE][PASSED] - Wait for page load successfully

2021-01-22 11:40:00 - [MESSAGE][PASSED] - Select Menu "Dashboard for CCC/OCS"

2021-01-22 11:40:00 - [TEST_STEP][PASSED] - Select STATUS "Success to Disburse": Select STATUS "Success to Disburse"

2021-01-22 11:40:01 - [MESSAGE][PASSED] - All options with value 'Success to Disburse' are selected in object ''  using regular expression

2021-01-22 11:40:01 - [MESSAGE][PASSED] - Select STATUS "Success to Disburse"

2021-01-22 11:40:01 - [TEST_STEP][PASSED] - Click button "Search": Click button "Search"

2021-01-22 11:40:01 - [MESSAGE][INFO] - >>>>>//Button[contains(text(),'Search')]

2021-01-22 11:40:04 - [MESSAGE][PASSED] - Object '' is present

2021-01-22 11:40:04 - [MESSAGE][PASSED] - Object: '' is clicked on

2021-01-22 11:40:04 - [MESSAGE][PASSED] - Switched to window with index: '0'

2021-01-22 11:40:04 - [MESSAGE][PASSED] - Click button "Search"

2021-01-22 11:40:04 - [TEST_STEP][PASSED] - Verify Search Result Presents: Verify Search Result Presents

2021-01-22 11:40:04 - [MESSAGE][PASSED] - Object '' is present

2021-01-22 11:40:05 - [MESSAGE][PASSED] - Verify Search Result Presents

2021-01-22 11:40:05 - [TEST_STEP][PASSED] - Click View Detail: Click View Detail

2021-01-22 11:40:05 - [MESSAGE][PASSED] - Object '' is present

2021-01-22 11:40:05 - [MESSAGE][PASSED] - Object: '' is clicked on

2021-01-22 11:40:05 - [MESSAGE][PASSED] - Click View Detail

2021-01-22 11:40:05 - [TEST_STEP][PASSED] - Verify Information in View Detail: Verify Information in View Detail

2021-01-22 11:40:08 - [MESSAGE][PASSED] - Delayed 3 second(s)

2021-01-22 11:40:08 - [MESSAGE][PASSED] - Attribute 'value' of object '' is: '3900014152'

2021-01-22 11:40:11 - [MESSAGE][PASSED] - Delayed 3 second(s)

2021-01-22 11:40:11 - [MESSAGE][PASSED] - Attribute 'value' of object '' is: 'IDITXLeks TESTERbIvIvO'

2021-01-22 11:40:14 - [MESSAGE][PASSED] - Delayed 3 second(s)

2021-01-22 11:40:14 - [MESSAGE][PASSED] - Attribute 'value' of object '' is: 'Success to Disburse'

2021-01-22 11:40:17 - [MESSAGE][PASSED] - Delayed 3 second(s)

2021-01-22 11:40:17 - [MESSAGE][PASSED] - Attribute 'value' of object '' is: 'Rp 7,000,000'

2021-01-22 11:40:20 - [MESSAGE][PASSED] - Delayed 3 second(s)

2021-01-22 11:40:20 - [MESSAGE][PASSED] - Attribute 'value' of object '' is: 'KESEJAHTERAAN EKONOMI'

2021-01-22 11:40:23 - [MESSAGE][PASSED] - Delayed 3 second(s)

2021-01-22 11:40:23 - [MESSAGE][PASSED] - Attribute 'value' of object '' is: '1'

2021-01-22 11:40:26 - [MESSAGE][PASSED] - Delayed 3 second(s)

2021-01-22 11:40:26 - [MESSAGE][PASSED] - Attribute 'value' of object '' is: 'NAMA ADA DISINI'

2021-01-22 11:40:29 - [MESSAGE][PASSED] - Delayed 3 second(s)

2021-01-22 11:40:29 - [MESSAGE][PASSED] - Attribute 'value' of object '' is: 'KESEJAHTERAAN EKONOMI'

2021-01-22 11:40:32 - [MESSAGE][PASSED] - Delayed 3 second(s)

2021-01-22 11:40:32 - [MESSAGE][PASSED] - Attribute 'value' of object '' is: ''

2021-01-22 11:40:35 - [MESSAGE][PASSED] - Delayed 3 second(s)

2021-01-22 11:40:35 - [MESSAGE][PASSED] - Attribute 'value' of object '' is: ''

2021-01-22 11:40:35 - [MESSAGE][PASSED] - Text of object '' is: 'Date'

2021-01-22 11:40:35 - [MESSAGE][PASSED] - Text of object '' is: 'Status'

2021-01-22 11:40:35 - [MESSAGE][PASSED] - Text of object '' is: 'Updated Information'

2021-01-22 11:40:35 - [MESSAGE][PASSED] - Text of object '' is: 'Last Update By'

2021-01-22 11:40:35 - [MESSAGE][PASSED] - Text of object '' is: 'Department'

2021-01-22 11:40:36 - [MESSAGE][PASSED] - Verify Information in View Detail

2021-01-22 11:40:36 - [TEST_STEP][PASSED] - Click button "Logout": Click button "Logout"

2021-01-22 11:40:36 - [MESSAGE][INFO] - >>>>>//Button[contains(text(),'Logout')]

2021-01-22 11:40:39 - [MESSAGE][PASSED] - Object '' is present

2021-01-22 11:40:39 - [MESSAGE][PASSED] - Object: '' is clicked on

2021-01-22 11:40:39 - [MESSAGE][PASSED] - Switched to window with index: '0'

2021-01-22 11:40:39 - [MESSAGE][PASSED] - Click button "Logout"

2021-01-22 11:40:39 - [TEST_STEP][PASSED] - Close browser: Close browser

2021-01-22 11:40:39 - [MESSAGE][PASSED] - Browser is closed

2021-01-22 11:40:39 - [MESSAGE][PASSED] - Close browser

2021-01-22 11:40:39 - [MESSAGE][PASSED] - Feature file: 'Include/features/IST_Real/RTD/Disbursement_Dashboard/View_Detail_Disbursement_Dashboard.feature' was passed]]></system-out>
         <system-err><![CDATA[]]></system-err>
      </testcase>
      <testcase name="Test Cases/RTD/Disbursement Dashboard/TC_Search_by_Contract_Number_Disbursement_Dashboard" time="7.1" classname="Test Cases/RTD/Disbursement Dashboard/TC_Search_by_Contract_Number_Disbursement_Dashboard" status="PASSED">
         <system-out><![CDATA[2021-01-22 11:40:39 - [TEST_CASE][PASSED] - Test Cases/RTD/Disbursement Dashboard/TC_Search_by_Contract_Number_Disbursement_Dashboard: Test Cases/RTD/Disbursement Dashboard/TC_Search_by_Contract_Number_Disbursement_Dashboard

2021-01-22 11:40:39 - [TEST_STEP][PASSED] - runFeatureFile("Include/features/IST_Real/RTD/Disbursement_Dashboard/Search_by_Contract_Number_Disbursement_Dashboard.feature"): Feature file: 'Include/features/IST_Real/RTD/Disbursement_Dashboard/Search_by_Contract_Number_Disbursement_Dashboard.feature' was passed

2021-01-22 11:40:39 - [MESSAGE][INFO] - Starting run keyword runFeatureFile: 'Include/features/IST_Real/RTD/Disbursement_Dashboard/Search_by_Contract_Number_Disbursement_Dashboard.feature' and extract report to folder: '/Users/chaidir.pratama01/Katalon Studio/IST_Automation_Git/Reports/20210122_113940/RTD/TS_Disbursement_Dashboard/20210122_113940/cucumber_report/1611290439617'...

2021-01-22 11:40:39 - [TEST_CASE][PASSED] - Start Test Case : SCENARIO Search by Contract Number and it found on Dashboard: SCENARIO Search by Contract Number and it found on Dashboard

2021-01-22 11:40:39 - [TEST_STEP][PASSED] - Go to ISTools: Go to ISTools

2021-01-22 11:40:39 - [MESSAGE][INFO] - Starting 'Chrome (headless)' driver

2021-01-22 11:40:39 - [MESSAGE][INFO] - User set preference: ['args', '[--start-maximized, --disable-gpu, --no-proxy-server, â€“-no-sandbox, --allow-running-insecure-content, --ignore-certificate-errors, window-size=1680,814, force-device-scale-factor=2, --lang=en-GB]']

2021-01-22 11:40:39 - [MESSAGE][INFO] - User set preference: ['prefs', '{download.default_directory=/Users/chaidir.pratama01/Katalon Studio/IST_Automation_Git/Download}']

2021-01-22 11:40:39 - [MESSAGE][INFO] - Action delay is set to 0 milliseconds

2021-01-22 11:40:40 - [MESSAGE][PASSED] - Browser is opened with url: ''

2021-01-22 11:40:40 - [MESSAGE][PASSED] - Navigate to 'https://dev-istools.homecredit.id/foundation/' successfully

2021-01-22 11:40:40 - [MESSAGE][PASSED] - Go to ISTools

2021-01-22 11:40:40 - [TEST_STEP][PASSED] - Login IST with valid credentials: Login IST with valid credentials

2021-01-22 11:40:41 - [MESSAGE][PASSED] - Text 'mobile.test' is set on object 'Object Repository/Page_/input_Username_j_username'

2021-01-22 11:40:41 - [MESSAGE][PASSED] - Text ****** has been set on object 'Object Repository/Page_/input_Password_j_password'

2021-01-22 11:40:41 - [MESSAGE][PASSED] - Object: 'Object Repository/Page_/button_Login' is clicked on

2021-01-22 11:40:41 - [MESSAGE][PASSED] - Login IST with valid credentials

2021-01-22 11:40:41 - [TEST_STEP][PASSED] - Login Success: Login Success

2021-01-22 11:40:41 - [MESSAGE][INFO] - Login Success

2021-01-22 11:40:41 - [MESSAGE][PASSED] - Current window maximized

2021-01-22 11:40:41 - [MESSAGE][PASSED] - Object 'Object Repository/Page_/h1_Welcome to IT Supporting Tools' is present

2021-01-22 11:40:41 - [MESSAGE][PASSED] - Login Success

2021-01-22 11:40:41 - [TEST_STEP][PASSED] - Select Arrow Menu "Real Time Disbursement": Select Arrow Menu "Real Time Disbursement"

2021-01-22 11:40:41 - [MESSAGE][PASSED] - Object: '' is clicked on

2021-01-22 11:40:41 - [MESSAGE][PASSED] - Select Arrow Menu "Real Time Disbursement"

2021-01-22 11:40:41 - [TEST_STEP][PASSED] - Select Menu "Disbursement Dashboard": Select Menu "Disbursement Dashboard"

2021-01-22 11:40:42 - [MESSAGE][PASSED] - Taking screenshot successfully
[[ATTACHMENT|/Users/chaidir.pratama01/Documents/Docs/Katalon Studio/Screenshot/test-Disbursement Dashboard.png]]

2021-01-22 11:40:42 - [MESSAGE][PASSED] - Object '' is present

2021-01-22 11:40:42 - [MESSAGE][PASSED] - Object: '' is clicked on

2021-01-22 11:40:42 - [MESSAGE][PASSED] - Wait for page load successfully

2021-01-22 11:40:42 - [MESSAGE][PASSED] - Select Menu "Disbursement Dashboard"

2021-01-22 11:40:42 - [TEST_STEP][PASSED] - Input Contract RTD in Contract Number label: Input Contract RTD in Contract Number label

2021-01-22 11:40:42 - [MESSAGE][PASSED] - Text '4000014162' is set on object ''

2021-01-22 11:40:42 - [MESSAGE][PASSED] - Input Contract RTD in Contract Number label

2021-01-22 11:40:42 - [TEST_STEP][PASSED] - Click button "Search": Click button "Search"

2021-01-22 11:40:42 - [MESSAGE][INFO] - >>>>>//Button[contains(text(),'Search')]

2021-01-22 11:40:45 - [MESSAGE][PASSED] - Object '' is present

2021-01-22 11:40:45 - [MESSAGE][PASSED] - Object: '' is clicked on

2021-01-22 11:40:45 - [MESSAGE][PASSED] - Switched to window with index: '0'

2021-01-22 11:40:45 - [MESSAGE][PASSED] - Click button "Search"

2021-01-22 11:40:45 - [TEST_STEP][PASSED] - Verify Search Result Presents: Verify Search Result Presents

2021-01-22 11:40:45 - [MESSAGE][PASSED] - Object '' is present

2021-01-22 11:40:46 - [MESSAGE][PASSED] - Verify Search Result Presents

2021-01-22 11:40:46 - [MESSAGE][PASSED] - Feature file: 'Include/features/IST_Real/RTD/Disbursement_Dashboard/Search_by_Contract_Number_Disbursement_Dashboard.feature' was passed]]></system-out>
         <system-err><![CDATA[]]></system-err>
      </testcase>
      <testcase name="Test Cases/RTD/Disbursement Dashboard/TC_Search_by_STATUS_Disbursement_Dashboard" time="158.3" classname="Test Cases/RTD/Disbursement Dashboard/TC_Search_by_STATUS_Disbursement_Dashboard" status="PASSED">
         <system-out><![CDATA[2021-01-22 11:40:46 - [TEST_CASE][PASSED] - Test Cases/RTD/Disbursement Dashboard/TC_Search_by_STATUS_Disbursement_Dashboard: Test Cases/RTD/Disbursement Dashboard/TC_Search_by_STATUS_Disbursement_Dashboard

2021-01-22 11:40:46 - [TEST_STEP][PASSED] - runFeatureFile("Include/features/IST_Real/RTD/Disbursement_Dashboard/Search_by_STATUS_Disbursement_Dashboard.feature"): Feature file: 'Include/features/IST_Real/RTD/Disbursement_Dashboard/Search_by_STATUS_Disbursement_Dashboard.feature' was passed

2021-01-22 11:40:46 - [MESSAGE][INFO] - Starting run keyword runFeatureFile: 'Include/features/IST_Real/RTD/Disbursement_Dashboard/Search_by_STATUS_Disbursement_Dashboard.feature' and extract report to folder: '/Users/chaidir.pratama01/Katalon Studio/IST_Automation_Git/Reports/20210122_113940/RTD/TS_Disbursement_Dashboard/20210122_113940/cucumber_report/1611290446684'...

2021-01-22 11:40:46 - [TEST_CASE][PASSED] - Start Test Case : SCENARIO Search by STATUS Eligible to Disburse: SCENARIO Search by STATUS Eligible to Disburse

2021-01-22 11:40:46 - [TEST_STEP][PASSED] - Go to ISTools: Go to ISTools

2021-01-22 11:40:46 - [MESSAGE][WARNING] - A browser is already opened. Closing browser and opening a new one

2021-01-22 11:40:46 - [MESSAGE][INFO] - Starting 'Chrome (headless)' driver

2021-01-22 11:40:46 - [MESSAGE][INFO] - User set preference: ['args', '[--start-maximized, --disable-gpu, --no-proxy-server, â€“-no-sandbox, --allow-running-insecure-content, --ignore-certificate-errors, window-size=1680,814, force-device-scale-factor=2, --lang=en-GB]']

2021-01-22 11:40:46 - [MESSAGE][INFO] - User set preference: ['prefs', '{download.default_directory=/Users/chaidir.pratama01/Katalon Studio/IST_Automation_Git/Download}']

2021-01-22 11:40:46 - [MESSAGE][INFO] - Action delay is set to 0 milliseconds

2021-01-22 11:40:47 - [MESSAGE][PASSED] - Browser is opened with url: ''

2021-01-22 11:40:47 - [MESSAGE][PASSED] - Navigate to 'https://dev-istools.homecredit.id/foundation/' successfully

2021-01-22 11:40:47 - [MESSAGE][PASSED] - Go to ISTools

2021-01-22 11:40:47 - [TEST_STEP][PASSED] - Login IST with valid credentials: Login IST with valid credentials

2021-01-22 11:40:48 - [MESSAGE][PASSED] - Text 'mobile.test' is set on object 'Object Repository/Page_/input_Username_j_username'

2021-01-22 11:40:48 - [MESSAGE][PASSED] - Text ****** has been set on object 'Object Repository/Page_/input_Password_j_password'

2021-01-22 11:40:48 - [MESSAGE][PASSED] - Object: 'Object Repository/Page_/button_Login' is clicked on

2021-01-22 11:40:48 - [MESSAGE][PASSED] - Login IST with valid credentials

2021-01-22 11:40:48 - [TEST_STEP][PASSED] - Login Success: Login Success

2021-01-22 11:40:48 - [MESSAGE][INFO] - Login Success

2021-01-22 11:40:48 - [MESSAGE][PASSED] - Current window maximized

2021-01-22 11:40:48 - [MESSAGE][PASSED] - Object 'Object Repository/Page_/h1_Welcome to IT Supporting Tools' is present

2021-01-22 11:40:48 - [MESSAGE][PASSED] - Login Success

2021-01-22 11:40:48 - [TEST_STEP][PASSED] - Select Arrow Menu "Real Time Disbursement": Select Arrow Menu "Real Time Disbursement"

2021-01-22 11:40:48 - [MESSAGE][PASSED] - Object: '' is clicked on

2021-01-22 11:40:48 - [MESSAGE][PASSED] - Select Arrow Menu "Real Time Disbursement"

2021-01-22 11:40:48 - [TEST_STEP][PASSED] - Select Menu "Disbursement Dashboard": Select Menu "Disbursement Dashboard"

2021-01-22 11:40:49 - [MESSAGE][PASSED] - Taking screenshot successfully
[[ATTACHMENT|/Users/chaidir.pratama01/Documents/Docs/Katalon Studio/Screenshot/test-Disbursement Dashboard.png]]

2021-01-22 11:40:49 - [MESSAGE][PASSED] - Object '' is present

2021-01-22 11:40:49 - [MESSAGE][PASSED] - Object: '' is clicked on

2021-01-22 11:40:49 - [MESSAGE][PASSED] - Wait for page load successfully

2021-01-22 11:40:49 - [MESSAGE][PASSED] - Select Menu "Disbursement Dashboard"

2021-01-22 11:40:49 - [TEST_STEP][PASSED] - Select STATUS "Eligible to disburse": Select STATUS "Eligible to disburse"

2021-01-22 11:40:49 - [MESSAGE][PASSED] - All options with value 'Eligible to disburse' are selected in object ''  using regular expression

2021-01-22 11:40:49 - [MESSAGE][PASSED] - Select STATUS "Eligible to disburse"

2021-01-22 11:40:49 - [TEST_STEP][PASSED] - Click button "Search": Click button "Search"

2021-01-22 11:40:49 - [MESSAGE][INFO] - >>>>>//Button[contains(text(),'Search')]

2021-01-22 11:40:52 - [MESSAGE][PASSED] - Object '' is present

2021-01-22 11:40:52 - [MESSAGE][PASSED] - Object: '' is clicked on

2021-01-22 11:40:52 - [MESSAGE][PASSED] - Switched to window with index: '0'

2021-01-22 11:40:52 - [MESSAGE][PASSED] - Click button "Search"

2021-01-22 11:40:52 - [TEST_STEP][PASSED] - Verify Search Result Presents: Verify Search Result Presents

2021-01-22 11:40:52 - [MESSAGE][PASSED] - Object '' is present

2021-01-22 11:40:59 - [MESSAGE][PASSED] - Verify Search Result Presents

2021-01-22 11:40:59 - [TEST_STEP][PASSED] - Click button "Logout": Click button "Logout"

2021-01-22 11:40:59 - [MESSAGE][INFO] - >>>>>//Button[contains(text(),'Logout')]

2021-01-22 11:41:02 - [MESSAGE][PASSED] - Object '' is present

2021-01-22 11:41:02 - [MESSAGE][PASSED] - Object: '' is clicked on

2021-01-22 11:41:02 - [MESSAGE][PASSED] - Switched to window with index: '0'

2021-01-22 11:41:02 - [MESSAGE][PASSED] - Click button "Logout"

2021-01-22 11:41:02 - [TEST_STEP][PASSED] - Close browser: Close browser

2021-01-22 11:41:02 - [MESSAGE][PASSED] - Browser is closed

2021-01-22 11:41:02 - [MESSAGE][PASSED] - Close browser

2021-01-22 11:41:02 - [TEST_CASE][PASSED] - Start Test Case : SCENARIO Search by STATUS Waiting approval from Risk: SCENARIO Search by STATUS Waiting approval from Risk

2021-01-22 11:41:02 - [TEST_STEP][PASSED] - Go to ISTools: Go to ISTools

2021-01-22 11:41:02 - [MESSAGE][INFO] - Starting 'Chrome (headless)' driver

2021-01-22 11:41:02 - [MESSAGE][INFO] - User set preference: ['args', '[--start-maximized, --disable-gpu, --no-proxy-server, â€“-no-sandbox, --allow-running-insecure-content, --ignore-certificate-errors, window-size=1680,814, force-device-scale-factor=2, --lang=en-GB]']

2021-01-22 11:41:02 - [MESSAGE][INFO] - User set preference: ['prefs', '{download.default_directory=/Users/chaidir.pratama01/Katalon Studio/IST_Automation_Git/Download}']

2021-01-22 11:41:02 - [MESSAGE][INFO] - Action delay is set to 0 milliseconds

2021-01-22 11:41:03 - [MESSAGE][PASSED] - Browser is opened with url: ''

2021-01-22 11:41:03 - [MESSAGE][PASSED] - Navigate to 'https://dev-istools.homecredit.id/foundation/' successfully

2021-01-22 11:41:03 - [MESSAGE][PASSED] - Go to ISTools

2021-01-22 11:41:03 - [TEST_STEP][PASSED] - Login IST with valid credentials: Login IST with valid credentials

2021-01-22 11:41:03 - [MESSAGE][PASSED] - Text 'mobile.test' is set on object 'Object Repository/Page_/input_Username_j_username'

2021-01-22 11:41:04 - [MESSAGE][PASSED] - Text ****** has been set on object 'Object Repository/Page_/input_Password_j_password'

2021-01-22 11:41:04 - [MESSAGE][PASSED] - Object: 'Object Repository/Page_/button_Login' is clicked on

2021-01-22 11:41:04 - [MESSAGE][PASSED] - Login IST with valid credentials

2021-01-22 11:41:04 - [TEST_STEP][PASSED] - Login Success: Login Success

2021-01-22 11:41:04 - [MESSAGE][INFO] - Login Success

2021-01-22 11:41:04 - [MESSAGE][PASSED] - Current window maximized

2021-01-22 11:41:04 - [MESSAGE][PASSED] - Object 'Object Repository/Page_/h1_Welcome to IT Supporting Tools' is present

2021-01-22 11:41:04 - [MESSAGE][PASSED] - Login Success

2021-01-22 11:41:04 - [TEST_STEP][PASSED] - Select Arrow Menu "Real Time Disbursement": Select Arrow Menu "Real Time Disbursement"

2021-01-22 11:41:04 - [MESSAGE][PASSED] - Object: '' is clicked on

2021-01-22 11:41:04 - [MESSAGE][PASSED] - Select Arrow Menu "Real Time Disbursement"

2021-01-22 11:41:04 - [TEST_STEP][PASSED] - Select Menu "Disbursement Dashboard": Select Menu "Disbursement Dashboard"

2021-01-22 11:41:05 - [MESSAGE][PASSED] - Taking screenshot successfully
[[ATTACHMENT|/Users/chaidir.pratama01/Documents/Docs/Katalon Studio/Screenshot/test-Disbursement Dashboard.png]]

2021-01-22 11:41:05 - [MESSAGE][PASSED] - Object '' is present

2021-01-22 11:41:05 - [MESSAGE][PASSED] - Object: '' is clicked on

2021-01-22 11:41:05 - [MESSAGE][PASSED] - Wait for page load successfully

2021-01-22 11:41:05 - [MESSAGE][PASSED] - Select Menu "Disbursement Dashboard"

2021-01-22 11:41:05 - [TEST_STEP][PASSED] - Select STATUS "Waiting approval from Risk": Select STATUS "Waiting approval from Risk"

2021-01-22 11:41:05 - [MESSAGE][PASSED] - All options with value 'Waiting approval from Risk' are selected in object ''  using regular expression

2021-01-22 11:41:05 - [MESSAGE][PASSED] - Select STATUS "Waiting approval from Risk"

2021-01-22 11:41:05 - [TEST_STEP][PASSED] - Click button "Search": Click button "Search"

2021-01-22 11:41:05 - [MESSAGE][INFO] - >>>>>//Button[contains(text(),'Search')]

2021-01-22 11:41:08 - [MESSAGE][PASSED] - Object '' is present

2021-01-22 11:41:08 - [MESSAGE][PASSED] - Object: '' is clicked on

2021-01-22 11:41:08 - [MESSAGE][PASSED] - Switched to window with index: '0'

2021-01-22 11:41:08 - [MESSAGE][PASSED] - Click button "Search"

2021-01-22 11:41:08 - [TEST_STEP][PASSED] - Verify Search Result Presents: Verify Search Result Presents

2021-01-22 11:41:08 - [MESSAGE][PASSED] - Object '' is present

2021-01-22 11:41:11 - [MESSAGE][PASSED] - Verify Search Result Presents

2021-01-22 11:41:11 - [TEST_STEP][PASSED] - Click button "Logout": Click button "Logout"

2021-01-22 11:41:11 - [MESSAGE][INFO] - >>>>>//Button[contains(text(),'Logout')]

2021-01-22 11:41:14 - [MESSAGE][PASSED] - Object '' is present

2021-01-22 11:41:14 - [MESSAGE][PASSED] - Object: '' is clicked on

2021-01-22 11:41:14 - [MESSAGE][PASSED] - Switched to window with index: '0'

2021-01-22 11:41:14 - [MESSAGE][PASSED] - Click button "Logout"

2021-01-22 11:41:14 - [TEST_STEP][PASSED] - Close browser: Close browser

2021-01-22 11:41:14 - [MESSAGE][PASSED] - Browser is closed

2021-01-22 11:41:14 - [MESSAGE][PASSED] - Close browser

2021-01-22 11:41:14 - [TEST_CASE][PASSED] - Start Test Case : SCENARIO Search by STATUS Waiting for approval from In Payment: SCENARIO Search by STATUS Waiting for approval from In Payment

2021-01-22 11:41:14 - [TEST_STEP][PASSED] - Go to ISTools: Go to ISTools

2021-01-22 11:41:14 - [MESSAGE][INFO] - Starting 'Chrome (headless)' driver

2021-01-22 11:41:14 - [MESSAGE][INFO] - User set preference: ['args', '[--start-maximized, --disable-gpu, --no-proxy-server, â€“-no-sandbox, --allow-running-insecure-content, --ignore-certificate-errors, window-size=1680,814, force-device-scale-factor=2, --lang=en-GB]']

2021-01-22 11:41:14 - [MESSAGE][INFO] - User set preference: ['prefs', '{download.default_directory=/Users/chaidir.pratama01/Katalon Studio/IST_Automation_Git/Download}']

2021-01-22 11:41:14 - [MESSAGE][INFO] - Action delay is set to 0 milliseconds

2021-01-22 11:41:14 - [MESSAGE][PASSED] - Browser is opened with url: ''

2021-01-22 11:41:15 - [MESSAGE][PASSED] - Navigate to 'https://dev-istools.homecredit.id/foundation/' successfully

2021-01-22 11:41:15 - [MESSAGE][PASSED] - Go to ISTools

2021-01-22 11:41:15 - [TEST_STEP][PASSED] - Login IST with valid credentials: Login IST with valid credentials

2021-01-22 11:41:15 - [MESSAGE][PASSED] - Text 'mobile.test' is set on object 'Object Repository/Page_/input_Username_j_username'

2021-01-22 11:41:15 - [MESSAGE][PASSED] - Text ****** has been set on object 'Object Repository/Page_/input_Password_j_password'

2021-01-22 11:41:16 - [MESSAGE][PASSED] - Object: 'Object Repository/Page_/button_Login' is clicked on

2021-01-22 11:41:16 - [MESSAGE][PASSED] - Login IST with valid credentials

2021-01-22 11:41:16 - [TEST_STEP][PASSED] - Login Success: Login Success

2021-01-22 11:41:16 - [MESSAGE][INFO] - Login Success

2021-01-22 11:41:16 - [MESSAGE][PASSED] - Current window maximized

2021-01-22 11:41:16 - [MESSAGE][PASSED] - Object 'Object Repository/Page_/h1_Welcome to IT Supporting Tools' is present

2021-01-22 11:41:16 - [MESSAGE][PASSED] - Login Success

2021-01-22 11:41:16 - [TEST_STEP][PASSED] - Select Arrow Menu "Real Time Disbursement": Select Arrow Menu "Real Time Disbursement"

2021-01-22 11:41:16 - [MESSAGE][PASSED] - Object: '' is clicked on

2021-01-22 11:41:16 - [MESSAGE][PASSED] - Select Arrow Menu "Real Time Disbursement"

2021-01-22 11:41:16 - [TEST_STEP][PASSED] - Select Menu "Disbursement Dashboard": Select Menu "Disbursement Dashboard"

2021-01-22 11:41:17 - [MESSAGE][PASSED] - Taking screenshot successfully
[[ATTACHMENT|/Users/chaidir.pratama01/Documents/Docs/Katalon Studio/Screenshot/test-Disbursement Dashboard.png]]

2021-01-22 11:41:17 - [MESSAGE][PASSED] - Object '' is present

2021-01-22 11:41:17 - [MESSAGE][PASSED] - Object: '' is clicked on

2021-01-22 11:41:17 - [MESSAGE][PASSED] - Wait for page load successfully

2021-01-22 11:41:17 - [MESSAGE][PASSED] - Select Menu "Disbursement Dashboard"

2021-01-22 11:41:17 - [TEST_STEP][PASSED] - Select STATUS "Waiting for approval from In Payment": Select STATUS "Waiting for approval from In Payment"

2021-01-22 11:41:17 - [MESSAGE][PASSED] - All options with value 'Waiting for approval from In Payment' are selected in object ''  using regular expression

2021-01-22 11:41:17 - [MESSAGE][PASSED] - Select STATUS "Waiting for approval from In Payment"

2021-01-22 11:41:17 - [TEST_STEP][PASSED] - Click button "Search": Click button "Search"

2021-01-22 11:41:17 - [MESSAGE][INFO] - >>>>>//Button[contains(text(),'Search')]

2021-01-22 11:41:20 - [MESSAGE][PASSED] - Object '' is present

2021-01-22 11:41:20 - [MESSAGE][PASSED] - Object: '' is clicked on

2021-01-22 11:41:20 - [MESSAGE][PASSED] - Switched to window with index: '0'

2021-01-22 11:41:20 - [MESSAGE][PASSED] - Click button "Search"

2021-01-22 11:41:20 - [TEST_STEP][PASSED] - Verify Search Result Presents: Verify Search Result Presents

2021-01-22 11:41:20 - [MESSAGE][PASSED] - Object '' is present

2021-01-22 11:41:21 - [MESSAGE][PASSED] - Verify Search Result Presents

2021-01-22 11:41:21 - [TEST_STEP][PASSED] - Click button "Logout": Click button "Logout"

2021-01-22 11:41:21 - [MESSAGE][INFO] - >>>>>//Button[contains(text(),'Logout')]

2021-01-22 11:41:24 - [MESSAGE][PASSED] - Object '' is present

2021-01-22 11:41:24 - [MESSAGE][PASSED] - Object: '' is clicked on

2021-01-22 11:41:24 - [MESSAGE][PASSED] - Switched to window with index: '0'

2021-01-22 11:41:24 - [MESSAGE][PASSED] - Click button "Logout"

2021-01-22 11:41:24 - [TEST_STEP][PASSED] - Close browser: Close browser

2021-01-22 11:41:24 - [MESSAGE][PASSED] - Browser is closed

2021-01-22 11:41:24 - [MESSAGE][PASSED] - Close browser

2021-01-22 11:41:24 - [TEST_CASE][PASSED] - Start Test Case : SCENARIO Search by STATUS Not eligible to disburse: SCENARIO Search by STATUS Not eligible to disburse

2021-01-22 11:41:24 - [TEST_STEP][PASSED] - Go to ISTools: Go to ISTools

2021-01-22 11:41:24 - [MESSAGE][INFO] - Starting 'Chrome (headless)' driver

2021-01-22 11:41:24 - [MESSAGE][INFO] - User set preference: ['args', '[--start-maximized, --disable-gpu, --no-proxy-server, â€“-no-sandbox, --allow-running-insecure-content, --ignore-certificate-errors, window-size=1680,814, force-device-scale-factor=2, --lang=en-GB]']

2021-01-22 11:41:24 - [MESSAGE][INFO] - User set preference: ['prefs', '{download.default_directory=/Users/chaidir.pratama01/Katalon Studio/IST_Automation_Git/Download}']

2021-01-22 11:41:24 - [MESSAGE][INFO] - Action delay is set to 0 milliseconds

2021-01-22 11:41:24 - [MESSAGE][PASSED] - Browser is opened with url: ''

2021-01-22 11:41:25 - [MESSAGE][PASSED] - Navigate to 'https://dev-istools.homecredit.id/foundation/' successfully

2021-01-22 11:41:25 - [MESSAGE][PASSED] - Go to ISTools

2021-01-22 11:41:25 - [TEST_STEP][PASSED] - Login IST with valid credentials: Login IST with valid credentials

2021-01-22 11:41:25 - [MESSAGE][PASSED] - Text 'mobile.test' is set on object 'Object Repository/Page_/input_Username_j_username'

2021-01-22 11:41:25 - [MESSAGE][PASSED] - Text ****** has been set on object 'Object Repository/Page_/input_Password_j_password'

2021-01-22 11:41:26 - [MESSAGE][PASSED] - Object: 'Object Repository/Page_/button_Login' is clicked on

2021-01-22 11:41:26 - [MESSAGE][PASSED] - Login IST with valid credentials

2021-01-22 11:41:26 - [TEST_STEP][PASSED] - Login Success: Login Success

2021-01-22 11:41:26 - [MESSAGE][INFO] - Login Success

2021-01-22 11:41:26 - [MESSAGE][PASSED] - Current window maximized

2021-01-22 11:41:26 - [MESSAGE][PASSED] - Object 'Object Repository/Page_/h1_Welcome to IT Supporting Tools' is present

2021-01-22 11:41:26 - [MESSAGE][PASSED] - Login Success

2021-01-22 11:41:26 - [TEST_STEP][PASSED] - Select Arrow Menu "Real Time Disbursement": Select Arrow Menu "Real Time Disbursement"

2021-01-22 11:41:26 - [MESSAGE][PASSED] - Object: '' is clicked on

2021-01-22 11:41:26 - [MESSAGE][PASSED] - Select Arrow Menu "Real Time Disbursement"

2021-01-22 11:41:26 - [TEST_STEP][PASSED] - Select Menu "Disbursement Dashboard": Select Menu "Disbursement Dashboard"

2021-01-22 11:41:26 - [MESSAGE][PASSED] - Taking screenshot successfully
[[ATTACHMENT|/Users/chaidir.pratama01/Documents/Docs/Katalon Studio/Screenshot/test-Disbursement Dashboard.png]]

2021-01-22 11:41:27 - [MESSAGE][PASSED] - Object '' is present

2021-01-22 11:41:27 - [MESSAGE][PASSED] - Object: '' is clicked on

2021-01-22 11:41:27 - [MESSAGE][PASSED] - Wait for page load successfully

2021-01-22 11:41:27 - [MESSAGE][PASSED] - Select Menu "Disbursement Dashboard"

2021-01-22 11:41:27 - [TEST_STEP][PASSED] - Select STATUS "Not eligible to disburse": Select STATUS "Not eligible to disburse"

2021-01-22 11:41:27 - [MESSAGE][PASSED] - All options with value 'Not eligible to disburse' are selected in object ''  using regular expression

2021-01-22 11:41:27 - [MESSAGE][PASSED] - Select STATUS "Not eligible to disburse"

2021-01-22 11:41:27 - [TEST_STEP][PASSED] - Click button "Search": Click button "Search"

2021-01-22 11:41:27 - [MESSAGE][INFO] - >>>>>//Button[contains(text(),'Search')]

2021-01-22 11:41:30 - [MESSAGE][PASSED] - Object '' is present

2021-01-22 11:41:30 - [MESSAGE][PASSED] - Object: '' is clicked on

2021-01-22 11:41:30 - [MESSAGE][PASSED] - Switched to window with index: '0'

2021-01-22 11:41:30 - [MESSAGE][PASSED] - Click button "Search"

2021-01-22 11:41:30 - [TEST_STEP][PASSED] - Verify Search Result Presents: Verify Search Result Presents

2021-01-22 11:41:30 - [MESSAGE][PASSED] - Object '' is present

2021-01-22 11:41:37 - [MESSAGE][PASSED] - Verify Search Result Presents

2021-01-22 11:41:37 - [TEST_STEP][PASSED] - Click button "Logout": Click button "Logout"

2021-01-22 11:41:37 - [MESSAGE][INFO] - >>>>>//Button[contains(text(),'Logout')]

2021-01-22 11:41:40 - [MESSAGE][PASSED] - Object '' is present

2021-01-22 11:41:40 - [MESSAGE][PASSED] - Object: '' is clicked on

2021-01-22 11:41:40 - [MESSAGE][PASSED] - Switched to window with index: '0'

2021-01-22 11:41:40 - [MESSAGE][PASSED] - Click button "Logout"

2021-01-22 11:41:40 - [TEST_STEP][PASSED] - Close browser: Close browser

2021-01-22 11:41:40 - [MESSAGE][PASSED] - Browser is closed

2021-01-22 11:41:40 - [MESSAGE][PASSED] - Close browser

2021-01-22 11:41:40 - [TEST_CASE][PASSED] - Start Test Case : SCENARIO Search by STATUS Ready to disburse: SCENARIO Search by STATUS Ready to disburse

2021-01-22 11:41:40 - [TEST_STEP][PASSED] - Go to ISTools: Go to ISTools

2021-01-22 11:41:40 - [MESSAGE][INFO] - Starting 'Chrome (headless)' driver

2021-01-22 11:41:40 - [MESSAGE][INFO] - User set preference: ['args', '[--start-maximized, --disable-gpu, --no-proxy-server, â€“-no-sandbox, --allow-running-insecure-content, --ignore-certificate-errors, window-size=1680,814, force-device-scale-factor=2, --lang=en-GB]']

2021-01-22 11:41:40 - [MESSAGE][INFO] - User set preference: ['prefs', '{download.default_directory=/Users/chaidir.pratama01/Katalon Studio/IST_Automation_Git/Download}']

2021-01-22 11:41:40 - [MESSAGE][INFO] - Action delay is set to 0 milliseconds

2021-01-22 11:41:40 - [MESSAGE][PASSED] - Browser is opened with url: ''

2021-01-22 11:41:41 - [MESSAGE][PASSED] - Navigate to 'https://dev-istools.homecredit.id/foundation/' successfully

2021-01-22 11:41:41 - [MESSAGE][PASSED] - Go to ISTools

2021-01-22 11:41:41 - [TEST_STEP][PASSED] - Login IST with valid credentials: Login IST with valid credentials

2021-01-22 11:41:41 - [MESSAGE][PASSED] - Text 'mobile.test' is set on object 'Object Repository/Page_/input_Username_j_username'

2021-01-22 11:41:41 - [MESSAGE][PASSED] - Text ****** has been set on object 'Object Repository/Page_/input_Password_j_password'

2021-01-22 11:41:42 - [MESSAGE][PASSED] - Object: 'Object Repository/Page_/button_Login' is clicked on

2021-01-22 11:41:42 - [MESSAGE][PASSED] - Login IST with valid credentials

2021-01-22 11:41:42 - [TEST_STEP][PASSED] - Login Success: Login Success

2021-01-22 11:41:42 - [MESSAGE][INFO] - Login Success

2021-01-22 11:41:42 - [MESSAGE][PASSED] - Current window maximized

2021-01-22 11:41:42 - [MESSAGE][PASSED] - Object 'Object Repository/Page_/h1_Welcome to IT Supporting Tools' is present

2021-01-22 11:41:42 - [MESSAGE][PASSED] - Login Success

2021-01-22 11:41:42 - [TEST_STEP][PASSED] - Select Arrow Menu "Real Time Disbursement": Select Arrow Menu "Real Time Disbursement"

2021-01-22 11:41:42 - [MESSAGE][PASSED] - Object: '' is clicked on

2021-01-22 11:41:42 - [MESSAGE][PASSED] - Select Arrow Menu "Real Time Disbursement"

2021-01-22 11:41:42 - [TEST_STEP][PASSED] - Select Menu "Disbursement Dashboard": Select Menu "Disbursement Dashboard"

2021-01-22 11:41:42 - [MESSAGE][PASSED] - Taking screenshot successfully
[[ATTACHMENT|/Users/chaidir.pratama01/Documents/Docs/Katalon Studio/Screenshot/test-Disbursement Dashboard.png]]

2021-01-22 11:41:42 - [MESSAGE][PASSED] - Object '' is present

2021-01-22 11:41:43 - [MESSAGE][PASSED] - Object: '' is clicked on

2021-01-22 11:41:43 - [MESSAGE][PASSED] - Wait for page load successfully

2021-01-22 11:41:43 - [MESSAGE][PASSED] - Select Menu "Disbursement Dashboard"

2021-01-22 11:41:43 - [TEST_STEP][PASSED] - Select STATUS "Ready to disburse": Select STATUS "Ready to disburse"

2021-01-22 11:41:43 - [MESSAGE][PASSED] - All options with value 'Ready to disburse' are selected in object ''  using regular expression

2021-01-22 11:41:43 - [MESSAGE][PASSED] - Select STATUS "Ready to disburse"

2021-01-22 11:41:43 - [TEST_STEP][PASSED] - Click button "Search": Click button "Search"

2021-01-22 11:41:43 - [MESSAGE][INFO] - >>>>>//Button[contains(text(),'Search')]

2021-01-22 11:41:46 - [MESSAGE][PASSED] - Object '' is present

2021-01-22 11:41:46 - [MESSAGE][PASSED] - Object: '' is clicked on

2021-01-22 11:41:46 - [MESSAGE][PASSED] - Switched to window with index: '0'

2021-01-22 11:41:46 - [MESSAGE][PASSED] - Click button "Search"

2021-01-22 11:41:46 - [TEST_STEP][PASSED] - Verify Search Result Presents: Verify Search Result Presents

2021-01-22 11:41:46 - [MESSAGE][PASSED] - Object '' is present

2021-01-22 11:41:48 - [MESSAGE][PASSED] - Verify Search Result Presents

2021-01-22 11:41:48 - [TEST_STEP][PASSED] - Click button "Logout": Click button "Logout"

2021-01-22 11:41:48 - [MESSAGE][INFO] - >>>>>//Button[contains(text(),'Logout')]

2021-01-22 11:41:51 - [MESSAGE][PASSED] - Object '' is present

2021-01-22 11:41:52 - [MESSAGE][PASSED] - Object: '' is clicked on

2021-01-22 11:41:52 - [MESSAGE][PASSED] - Switched to window with index: '0'

2021-01-22 11:41:52 - [MESSAGE][PASSED] - Click button "Logout"

2021-01-22 11:41:52 - [TEST_STEP][PASSED] - Close browser: Close browser

2021-01-22 11:41:52 - [MESSAGE][PASSED] - Browser is closed

2021-01-22 11:41:52 - [MESSAGE][PASSED] - Close browser

2021-01-22 11:41:52 - [TEST_CASE][PASSED] - Start Test Case : SCENARIO Search by STATUS Failed due to invalid bank account: SCENARIO Search by STATUS Failed due to invalid bank account

2021-01-22 11:41:52 - [TEST_STEP][PASSED] - Go to ISTools: Go to ISTools

2021-01-22 11:41:52 - [MESSAGE][INFO] - Starting 'Chrome (headless)' driver

2021-01-22 11:41:52 - [MESSAGE][INFO] - User set preference: ['args', '[--start-maximized, --disable-gpu, --no-proxy-server, â€“-no-sandbox, --allow-running-insecure-content, --ignore-certificate-errors, window-size=1680,814, force-device-scale-factor=2, --lang=en-GB]']

2021-01-22 11:41:52 - [MESSAGE][INFO] - User set preference: ['prefs', '{download.default_directory=/Users/chaidir.pratama01/Katalon Studio/IST_Automation_Git/Download}']

2021-01-22 11:41:52 - [MESSAGE][INFO] - Action delay is set to 0 milliseconds

2021-01-22 11:41:52 - [MESSAGE][PASSED] - Browser is opened with url: ''

2021-01-22 11:41:53 - [MESSAGE][PASSED] - Navigate to 'https://dev-istools.homecredit.id/foundation/' successfully

2021-01-22 11:41:53 - [MESSAGE][PASSED] - Go to ISTools

2021-01-22 11:41:53 - [TEST_STEP][PASSED] - Login IST with valid credentials: Login IST with valid credentials

2021-01-22 11:41:53 - [MESSAGE][PASSED] - Text 'mobile.test' is set on object 'Object Repository/Page_/input_Username_j_username'

2021-01-22 11:41:53 - [MESSAGE][PASSED] - Text ****** has been set on object 'Object Repository/Page_/input_Password_j_password'

2021-01-22 11:41:53 - [MESSAGE][PASSED] - Object: 'Object Repository/Page_/button_Login' is clicked on

2021-01-22 11:41:53 - [MESSAGE][PASSED] - Login IST with valid credentials

2021-01-22 11:41:53 - [TEST_STEP][PASSED] - Login Success: Login Success

2021-01-22 11:41:53 - [MESSAGE][INFO] - Login Success

2021-01-22 11:41:54 - [MESSAGE][PASSED] - Current window maximized

2021-01-22 11:41:54 - [MESSAGE][PASSED] - Object 'Object Repository/Page_/h1_Welcome to IT Supporting Tools' is present

2021-01-22 11:41:54 - [MESSAGE][PASSED] - Login Success

2021-01-22 11:41:54 - [TEST_STEP][PASSED] - Select Arrow Menu "Real Time Disbursement": Select Arrow Menu "Real Time Disbursement"

2021-01-22 11:41:54 - [MESSAGE][PASSED] - Object: '' is clicked on

2021-01-22 11:41:54 - [MESSAGE][PASSED] - Select Arrow Menu "Real Time Disbursement"

2021-01-22 11:41:54 - [TEST_STEP][PASSED] - Select Menu "Disbursement Dashboard": Select Menu "Disbursement Dashboard"

2021-01-22 11:41:54 - [MESSAGE][PASSED] - Taking screenshot successfully
[[ATTACHMENT|/Users/chaidir.pratama01/Documents/Docs/Katalon Studio/Screenshot/test-Disbursement Dashboard.png]]

2021-01-22 11:41:54 - [MESSAGE][PASSED] - Object '' is present

2021-01-22 11:41:54 - [MESSAGE][PASSED] - Object: '' is clicked on

2021-01-22 11:41:54 - [MESSAGE][PASSED] - Wait for page load successfully

2021-01-22 11:41:54 - [MESSAGE][PASSED] - Select Menu "Disbursement Dashboard"

2021-01-22 11:41:54 - [TEST_STEP][PASSED] - Select STATUS "Failed due to invalid bank account": Select STATUS "Failed due to invalid bank account"

2021-01-22 11:41:55 - [MESSAGE][PASSED] - All options with value 'Failed due to invalid bank account' are selected in object ''  using regular expression

2021-01-22 11:41:55 - [MESSAGE][PASSED] - Select STATUS "Failed due to invalid bank account"

2021-01-22 11:41:55 - [TEST_STEP][PASSED] - Click button "Search": Click button "Search"

2021-01-22 11:41:55 - [MESSAGE][INFO] - >>>>>//Button[contains(text(),'Search')]

2021-01-22 11:41:58 - [MESSAGE][PASSED] - Object '' is present

2021-01-22 11:41:58 - [MESSAGE][PASSED] - Object: '' is clicked on

2021-01-22 11:41:58 - [MESSAGE][PASSED] - Switched to window with index: '0'

2021-01-22 11:41:58 - [MESSAGE][PASSED] - Click button "Search"

2021-01-22 11:41:58 - [TEST_STEP][PASSED] - Verify Search Result Presents: Verify Search Result Presents

2021-01-22 11:41:58 - [MESSAGE][PASSED] - Object '' is present

2021-01-22 11:41:59 - [MESSAGE][PASSED] - Verify Search Result Presents

2021-01-22 11:41:59 - [TEST_STEP][PASSED] - Click button "Logout": Click button "Logout"

2021-01-22 11:41:59 - [MESSAGE][INFO] - >>>>>//Button[contains(text(),'Logout')]

2021-01-22 11:42:02 - [MESSAGE][PASSED] - Object '' is present

2021-01-22 11:42:02 - [MESSAGE][PASSED] - Object: '' is clicked on

2021-01-22 11:42:02 - [MESSAGE][PASSED] - Switched to window with index: '0'

2021-01-22 11:42:02 - [MESSAGE][PASSED] - Click button "Logout"

2021-01-22 11:42:02 - [TEST_STEP][PASSED] - Close browser: Close browser

2021-01-22 11:42:03 - [MESSAGE][PASSED] - Browser is closed

2021-01-22 11:42:03 - [MESSAGE][PASSED] - Close browser

2021-01-22 11:42:03 - [TEST_CASE][PASSED] - Start Test Case : SCENARIO Search by STATUS Failed due to system error: SCENARIO Search by STATUS Failed due to system error

2021-01-22 11:42:03 - [TEST_STEP][PASSED] - Go to ISTools: Go to ISTools

2021-01-22 11:42:03 - [MESSAGE][INFO] - Starting 'Chrome (headless)' driver

2021-01-22 11:42:03 - [MESSAGE][INFO] - User set preference: ['args', '[--start-maximized, --disable-gpu, --no-proxy-server, â€“-no-sandbox, --allow-running-insecure-content, --ignore-certificate-errors, window-size=1680,814, force-device-scale-factor=2, --lang=en-GB]']

2021-01-22 11:42:03 - [MESSAGE][INFO] - User set preference: ['prefs', '{download.default_directory=/Users/chaidir.pratama01/Katalon Studio/IST_Automation_Git/Download}']

2021-01-22 11:42:03 - [MESSAGE][INFO] - Action delay is set to 0 milliseconds

2021-01-22 11:42:03 - [MESSAGE][PASSED] - Browser is opened with url: ''

2021-01-22 11:42:04 - [MESSAGE][PASSED] - Navigate to 'https://dev-istools.homecredit.id/foundation/' successfully

2021-01-22 11:42:04 - [MESSAGE][PASSED] - Go to ISTools

2021-01-22 11:42:04 - [TEST_STEP][PASSED] - Login IST with valid credentials: Login IST with valid credentials

2021-01-22 11:42:04 - [MESSAGE][PASSED] - Text 'mobile.test' is set on object 'Object Repository/Page_/input_Username_j_username'

2021-01-22 11:42:04 - [MESSAGE][PASSED] - Text ****** has been set on object 'Object Repository/Page_/input_Password_j_password'

2021-01-22 11:42:04 - [MESSAGE][PASSED] - Object: 'Object Repository/Page_/button_Login' is clicked on

2021-01-22 11:42:04 - [MESSAGE][PASSED] - Login IST with valid credentials

2021-01-22 11:42:04 - [TEST_STEP][PASSED] - Login Success: Login Success

2021-01-22 11:42:04 - [MESSAGE][INFO] - Login Success

2021-01-22 11:42:04 - [MESSAGE][PASSED] - Current window maximized

2021-01-22 11:42:05 - [MESSAGE][PASSED] - Object 'Object Repository/Page_/h1_Welcome to IT Supporting Tools' is present

2021-01-22 11:42:05 - [MESSAGE][PASSED] - Login Success

2021-01-22 11:42:05 - [TEST_STEP][PASSED] - Select Arrow Menu "Real Time Disbursement": Select Arrow Menu "Real Time Disbursement"

2021-01-22 11:42:05 - [MESSAGE][PASSED] - Object: '' is clicked on

2021-01-22 11:42:05 - [MESSAGE][PASSED] - Select Arrow Menu "Real Time Disbursement"

2021-01-22 11:42:05 - [TEST_STEP][PASSED] - Select Menu "Disbursement Dashboard": Select Menu "Disbursement Dashboard"

2021-01-22 11:42:05 - [MESSAGE][PASSED] - Taking screenshot successfully
[[ATTACHMENT|/Users/chaidir.pratama01/Documents/Docs/Katalon Studio/Screenshot/test-Disbursement Dashboard.png]]

2021-01-22 11:42:05 - [MESSAGE][PASSED] - Object '' is present

2021-01-22 11:42:05 - [MESSAGE][PASSED] - Object: '' is clicked on

2021-01-22 11:42:05 - [MESSAGE][PASSED] - Wait for page load successfully

2021-01-22 11:42:05 - [MESSAGE][PASSED] - Select Menu "Disbursement Dashboard"

2021-01-22 11:42:05 - [TEST_STEP][PASSED] - Select STATUS "Failed due to system error": Select STATUS "Failed due to system error"

2021-01-22 11:42:06 - [MESSAGE][PASSED] - All options with value 'Failed due to system error' are selected in object ''  using regular expression

2021-01-22 11:42:06 - [MESSAGE][PASSED] - Select STATUS "Failed due to system error"

2021-01-22 11:42:06 - [TEST_STEP][PASSED] - Click button "Search": Click button "Search"

2021-01-22 11:42:06 - [MESSAGE][INFO] - >>>>>//Button[contains(text(),'Search')]

2021-01-22 11:42:09 - [MESSAGE][PASSED] - Object '' is present

2021-01-22 11:42:09 - [MESSAGE][PASSED] - Object: '' is clicked on

2021-01-22 11:42:09 - [MESSAGE][PASSED] - Switched to window with index: '0'

2021-01-22 11:42:09 - [MESSAGE][PASSED] - Click button "Search"

2021-01-22 11:42:09 - [TEST_STEP][PASSED] - Verify Search Result Presents: Verify Search Result Presents

2021-01-22 11:42:09 - [MESSAGE][PASSED] - Object '' is present

2021-01-22 11:42:12 - [MESSAGE][PASSED] - Verify Search Result Presents

2021-01-22 11:42:12 - [TEST_STEP][PASSED] - Click button "Logout": Click button "Logout"

2021-01-22 11:42:12 - [MESSAGE][INFO] - >>>>>//Button[contains(text(),'Logout')]

2021-01-22 11:42:15 - [MESSAGE][PASSED] - Object '' is present

2021-01-22 11:42:15 - [MESSAGE][PASSED] - Object: '' is clicked on

2021-01-22 11:42:15 - [MESSAGE][PASSED] - Switched to window with index: '0'

2021-01-22 11:42:15 - [MESSAGE][PASSED] - Click button "Logout"

2021-01-22 11:42:15 - [TEST_STEP][PASSED] - Close browser: Close browser

2021-01-22 11:42:15 - [MESSAGE][PASSED] - Browser is closed

2021-01-22 11:42:15 - [MESSAGE][PASSED] - Close browser

2021-01-22 11:42:15 - [TEST_CASE][PASSED] - Start Test Case : SCENARIO Search by STATUS Failed due to insufficient fund: SCENARIO Search by STATUS Failed due to insufficient fund

2021-01-22 11:42:15 - [TEST_STEP][PASSED] - Go to ISTools: Go to ISTools

2021-01-22 11:42:15 - [MESSAGE][INFO] - Starting 'Chrome (headless)' driver

2021-01-22 11:42:15 - [MESSAGE][INFO] - User set preference: ['args', '[--start-maximized, --disable-gpu, --no-proxy-server, â€“-no-sandbox, --allow-running-insecure-content, --ignore-certificate-errors, window-size=1680,814, force-device-scale-factor=2, --lang=en-GB]']

2021-01-22 11:42:15 - [MESSAGE][INFO] - User set preference: ['prefs', '{download.default_directory=/Users/chaidir.pratama01/Katalon Studio/IST_Automation_Git/Download}']

2021-01-22 11:42:15 - [MESSAGE][INFO] - Action delay is set to 0 milliseconds

2021-01-22 11:42:16 - [MESSAGE][PASSED] - Browser is opened with url: ''

2021-01-22 11:42:16 - [MESSAGE][PASSED] - Navigate to 'https://dev-istools.homecredit.id/foundation/' successfully

2021-01-22 11:42:16 - [MESSAGE][PASSED] - Go to ISTools

2021-01-22 11:42:16 - [TEST_STEP][PASSED] - Login IST with valid credentials: Login IST with valid credentials

2021-01-22 11:42:17 - [MESSAGE][PASSED] - Text 'mobile.test' is set on object 'Object Repository/Page_/input_Username_j_username'

2021-01-22 11:42:17 - [MESSAGE][PASSED] - Text ****** has been set on object 'Object Repository/Page_/input_Password_j_password'

2021-01-22 11:42:17 - [MESSAGE][PASSED] - Object: 'Object Repository/Page_/button_Login' is clicked on

2021-01-22 11:42:17 - [MESSAGE][PASSED] - Login IST with valid credentials

2021-01-22 11:42:17 - [TEST_STEP][PASSED] - Login Success: Login Success

2021-01-22 11:42:17 - [MESSAGE][INFO] - Login Success

2021-01-22 11:42:17 - [MESSAGE][PASSED] - Current window maximized

2021-01-22 11:42:17 - [MESSAGE][PASSED] - Object 'Object Repository/Page_/h1_Welcome to IT Supporting Tools' is present

2021-01-22 11:42:17 - [MESSAGE][PASSED] - Login Success

2021-01-22 11:42:17 - [TEST_STEP][PASSED] - Select Arrow Menu "Real Time Disbursement": Select Arrow Menu "Real Time Disbursement"

2021-01-22 11:42:17 - [MESSAGE][PASSED] - Object: '' is clicked on

2021-01-22 11:42:17 - [MESSAGE][PASSED] - Select Arrow Menu "Real Time Disbursement"

2021-01-22 11:42:17 - [TEST_STEP][PASSED] - Select Menu "Disbursement Dashboard": Select Menu "Disbursement Dashboard"

2021-01-22 11:42:18 - [MESSAGE][PASSED] - Taking screenshot successfully
[[ATTACHMENT|/Users/chaidir.pratama01/Documents/Docs/Katalon Studio/Screenshot/test-Disbursement Dashboard.png]]

2021-01-22 11:42:18 - [MESSAGE][PASSED] - Object '' is present

2021-01-22 11:42:18 - [MESSAGE][PASSED] - Object: '' is clicked on

2021-01-22 11:42:18 - [MESSAGE][PASSED] - Wait for page load successfully

2021-01-22 11:42:18 - [MESSAGE][PASSED] - Select Menu "Disbursement Dashboard"

2021-01-22 11:42:18 - [TEST_STEP][PASSED] - Select STATUS "Failed due to insufficient fund": Select STATUS "Failed due to insufficient fund"

2021-01-22 11:42:18 - [MESSAGE][PASSED] - All options with value 'Failed due to insufficient fund' are selected in object ''  using regular expression

2021-01-22 11:42:18 - [MESSAGE][PASSED] - Select STATUS "Failed due to insufficient fund"

2021-01-22 11:42:18 - [TEST_STEP][PASSED] - Click button "Search": Click button "Search"

2021-01-22 11:42:18 - [MESSAGE][INFO] - >>>>>//Button[contains(text(),'Search')]

2021-01-22 11:42:21 - [MESSAGE][PASSED] - Object '' is present

2021-01-22 11:42:21 - [MESSAGE][PASSED] - Object: '' is clicked on

2021-01-22 11:42:21 - [MESSAGE][PASSED] - Switched to window with index: '0'

2021-01-22 11:42:21 - [MESSAGE][PASSED] - Click button "Search"

2021-01-22 11:42:21 - [TEST_STEP][PASSED] - Verify Search Result Presents: Verify Search Result Presents

2021-01-22 11:42:25 - [MESSAGE][INFO] - Unable to find the element located by 'By.xpath: //td[@style='display:none' and contains(text(),'-Empty-')]'. Please recheck the objects properties to make sure the desired element is located. 

2021-01-22 11:42:26 - [MESSAGE][WARNING] - com.kms.katalon.core.webui.exception.WebElementNotFoundException: Web element with id: '' located by '//td[@style='display:none' and contains(text(),'-Empty-')]' not found (Root cause: com.kms.katalon.core.exception.StepFailedException: com.kms.katalon.core.webui.exception.WebElementNotFoundException: Web element with id: '' located by '//td[@style='display:none' and contains(text(),'-Empty-')]' not found
	at com.kms.katalon.core.webui.keyword.internal.WebUIKeywordMain.stepFailed(WebUIKeywordMain.groovy:64)
	at com.kms.katalon.core.webui.keyword.builtin.VerifyElementPresentKeyword$_verifyElementPresent_closure1.doCall(VerifyElementPresentKeyword.groovy:85)
	at com.kms.katalon.core.webui.keyword.builtin.VerifyElementPresentKeyword$_verifyElementPresent_closure1.call(VerifyElementPresentKeyword.groovy)
	at com.kms.katalon.core.webui.keyword.internal.WebUIKeywordMain.runKeyword(WebUIKeywordMain.groovy:20)
	at com.kms.katalon.core.webui.keyword.builtin.VerifyElementPresentKeyword.verifyElementPresent(VerifyElementPresentKeyword.groovy:92)
	at com.kms.katalon.core.webui.keyword.builtin.VerifyElementPresentKeyword.execute(VerifyElementPresentKeyword.groovy:68)
	at com.kms.katalon.core.keyword.internal.KeywordExecutor.executeKeywordForPlatform(KeywordExecutor.groovy:73)
	at com.kms.katalon.core.webui.keyword.WebUiBuiltInKeywords.verifyElementPresent(WebUiBuiltInKeywords.groovy:1444)
	at com.kms.katalon.core.webui.keyword.WebUiBuiltInKeywords$verifyElementPresent$11.call(Unknown Source)
	at ist_real.Contract_Dispatcher.VerifyTblFilled(Contract_Dispatcher.groovy:1313)
	at ist_real.Contract_Dispatcher$VerifyTblFilled$0.call(Unknown Source)
	at RTD.Search_Result_Presents(RTD.groovy:191)
	at cucumber.runtime.Utils$1.call(Utils.java:26)
	at cucumber.runtime.Timeout.timeout(Timeout.java:16)
	at cucumber.runtime.Utils.invoke(Utils.java:20)
	at cucumber.runtime.java.JavaStepDefinition.execute(JavaStepDefinition.java:48)
	at cucumber.runtime.PickleStepDefinitionMatch.runStep(PickleStepDefinitionMatch.java:50)
	at cucumber.runner.TestStep.executeStep(TestStep.java:55)
	at cucumber.runner.TestStep.run(TestStep.java:42)
	at cucumber.runner.PickleStepTestStep.run(PickleStepTestStep.java:53)
	at cucumber.runner.TestCase.run(TestCase.java:47)
	at cucumber.runner.Runner.runPickle(Runner.java:44)
	at cucumber.runtime.Runtime.runFeature(Runtime.java:120)
	at cucumber.runtime.Runtime.run(Runtime.java:106)
	at cucumber.api.cli.Main.run(Main.java:35)
	at cucumber.api.cli.Main$run.call(Unknown Source)
	at com.kms.katalon.core.cucumber.keyword.CucumberBuiltinKeywords$_runFeatureFile_closure1.doCall(CucumberBuiltinKeywords.groovy:76)
	at com.kms.katalon.core.cucumber.keyword.CucumberBuiltinKeywords$_runFeatureFile_closure1.doCall(CucumberBuiltinKeywords.groovy)
	at com.kms.katalon.core.keyword.internal.KeywordMain.runKeyword(KeywordMain.groovy:68)
	at com.kms.katalon.core.keyword.internal.KeywordMain$runKeyword.call(Unknown Source)
	at com.kms.katalon.core.cucumber.keyword.CucumberBuiltinKeywords.runFeatureFile(CucumberBuiltinKeywords.groovy:46)
	at com.kms.katalon.core.cucumber.keyword.CucumberBuiltinKeywords$runFeatureFile$0.callStatic(Unknown Source)
	at com.kms.katalon.core.cucumber.keyword.CucumberBuiltinKeywords.runFeatureFile(CucumberBuiltinKeywords.groovy:169)
	at com.kms.katalon.core.cucumber.keyword.CucumberBuiltinKeywords$runFeatureFile.call(Unknown Source)
	at TC_Search_by_STATUS_Disbursement_Dashboard.run(TC_Search_by_STATUS_Disbursement_Dashboard:18)
	at com.kms.katalon.core.main.ScriptEngine.run(ScriptEngine.java:194)
	at com.kms.katalon.core.main.ScriptEngine.runScriptAsRawText(ScriptEngine.java:119)
	at com.kms.katalon.core.main.TestCaseExecutor.runScript(TestCaseExecutor.java:339)
	at com.kms.katalon.core.main.TestCaseExecutor.doExecute(TestCaseExecutor.java:330)
	at com.kms.katalon.core.main.TestCaseExecutor.processExecutionPhase(TestCaseExecutor.java:309)
	at com.kms.katalon.core.main.TestCaseExecutor.accessMainPhase(TestCaseExecutor.java:301)
	at com.kms.katalon.core.main.TestCaseExecutor.execute(TestCaseExecutor.java:235)
	at com.kms.katalon.core.main.TestSuiteExecutor.accessTestCaseMainPhase(TestSuiteExecutor.java:191)
	at com.kms.katalon.core.main.TestSuiteExecutor.accessTestSuiteMainPhase(TestSuiteExecutor.java:141)
	at com.kms.katalon.core.main.TestSuiteExecutor.execute(TestSuiteExecutor.java:90)
	at com.kms.katalon.core.main.TestCaseMain.startTestSuite(TestCaseMain.java:157)
	at com.kms.katalon.core.main.TestCaseMain$startTestSuite$0.call(Unknown Source)
	at TempTestSuite1611290380097.run(TempTestSuite1611290380097.groovy:39)
)
[[ATTACHMENT|/Users/chaidir.pratama01/Katalon Studio/IST_Automation_Git/Reports/20210122_113940/RTD/TS_Disbursement_Dashboard/20210122_113940/1611290545845.png]]

2021-01-22 11:42:26 - [MESSAGE][PASSED] - Verify Search Result Presents

2021-01-22 11:42:26 - [TEST_STEP][PASSED] - Click button "Logout": Click button "Logout"

2021-01-22 11:42:26 - [MESSAGE][INFO] - >>>>>//Button[contains(text(),'Logout')]

2021-01-22 11:42:29 - [MESSAGE][PASSED] - Object '' is present

2021-01-22 11:42:29 - [MESSAGE][PASSED] - Object: '' is clicked on

2021-01-22 11:42:29 - [MESSAGE][PASSED] - Switched to window with index: '0'

2021-01-22 11:42:29 - [MESSAGE][PASSED] - Click button "Logout"

2021-01-22 11:42:29 - [TEST_STEP][PASSED] - Close browser: Close browser

2021-01-22 11:42:29 - [MESSAGE][PASSED] - Browser is closed

2021-01-22 11:42:29 - [MESSAGE][PASSED] - Close browser

2021-01-22 11:42:29 - [TEST_CASE][PASSED] - Start Test Case : SCENARIO Search by STATUS Manual Disbursement: SCENARIO Search by STATUS Manual Disbursement

2021-01-22 11:42:29 - [TEST_STEP][PASSED] - Go to ISTools: Go to ISTools

2021-01-22 11:42:29 - [MESSAGE][INFO] - Starting 'Chrome (headless)' driver

2021-01-22 11:42:29 - [MESSAGE][INFO] - User set preference: ['args', '[--start-maximized, --disable-gpu, --no-proxy-server, â€“-no-sandbox, --allow-running-insecure-content, --ignore-certificate-errors, window-size=1680,814, force-device-scale-factor=2, --lang=en-GB]']

2021-01-22 11:42:29 - [MESSAGE][INFO] - User set preference: ['prefs', '{download.default_directory=/Users/chaidir.pratama01/Katalon Studio/IST_Automation_Git/Download}']

2021-01-22 11:42:29 - [MESSAGE][INFO] - Action delay is set to 0 milliseconds

2021-01-22 11:42:30 - [MESSAGE][PASSED] - Browser is opened with url: ''

2021-01-22 11:42:31 - [MESSAGE][PASSED] - Navigate to 'https://dev-istools.homecredit.id/foundation/' successfully

2021-01-22 11:42:31 - [MESSAGE][PASSED] - Go to ISTools

2021-01-22 11:42:31 - [TEST_STEP][PASSED] - Login IST with valid credentials: Login IST with valid credentials

2021-01-22 11:42:31 - [MESSAGE][PASSED] - Text 'mobile.test' is set on object 'Object Repository/Page_/input_Username_j_username'

2021-01-22 11:42:31 - [MESSAGE][PASSED] - Text ****** has been set on object 'Object Repository/Page_/input_Password_j_password'

2021-01-22 11:42:31 - [MESSAGE][PASSED] - Object: 'Object Repository/Page_/button_Login' is clicked on

2021-01-22 11:42:31 - [MESSAGE][PASSED] - Login IST with valid credentials

2021-01-22 11:42:31 - [TEST_STEP][PASSED] - Login Success: Login Success

2021-01-22 11:42:31 - [MESSAGE][INFO] - Login Success

2021-01-22 11:42:31 - [MESSAGE][PASSED] - Current window maximized

2021-01-22 11:42:31 - [MESSAGE][PASSED] - Object 'Object Repository/Page_/h1_Welcome to IT Supporting Tools' is present

2021-01-22 11:42:31 - [MESSAGE][PASSED] - Login Success

2021-01-22 11:42:31 - [TEST_STEP][PASSED] - Select Arrow Menu "Real Time Disbursement": Select Arrow Menu "Real Time Disbursement"

2021-01-22 11:42:31 - [MESSAGE][PASSED] - Object: '' is clicked on

2021-01-22 11:42:31 - [MESSAGE][PASSED] - Select Arrow Menu "Real Time Disbursement"

2021-01-22 11:42:31 - [TEST_STEP][PASSED] - Select Menu "Disbursement Dashboard": Select Menu "Disbursement Dashboard"

2021-01-22 11:42:32 - [MESSAGE][PASSED] - Taking screenshot successfully
[[ATTACHMENT|/Users/chaidir.pratama01/Documents/Docs/Katalon Studio/Screenshot/test-Disbursement Dashboard.png]]

2021-01-22 11:42:32 - [MESSAGE][PASSED] - Object '' is present

2021-01-22 11:42:32 - [MESSAGE][PASSED] - Object: '' is clicked on

2021-01-22 11:42:32 - [MESSAGE][PASSED] - Wait for page load successfully

2021-01-22 11:42:32 - [MESSAGE][PASSED] - Select Menu "Disbursement Dashboard"

2021-01-22 11:42:32 - [TEST_STEP][PASSED] - Select STATUS "Manual Disbursement": Select STATUS "Manual Disbursement"

2021-01-22 11:42:32 - [MESSAGE][PASSED] - All options with value 'Manual Disbursement' are selected in object ''  using regular expression

2021-01-22 11:42:32 - [MESSAGE][PASSED] - Select STATUS "Manual Disbursement"

2021-01-22 11:42:32 - [TEST_STEP][PASSED] - Click button "Search": Click button "Search"

2021-01-22 11:42:32 - [MESSAGE][INFO] - >>>>>//Button[contains(text(),'Search')]

2021-01-22 11:42:35 - [MESSAGE][PASSED] - Object '' is present

2021-01-22 11:42:35 - [MESSAGE][PASSED] - Object: '' is clicked on

2021-01-22 11:42:35 - [MESSAGE][PASSED] - Switched to window with index: '0'

2021-01-22 11:42:35 - [MESSAGE][PASSED] - Click button "Search"

2021-01-22 11:42:35 - [TEST_STEP][PASSED] - Verify Search Result Presents: Verify Search Result Presents

2021-01-22 11:42:36 - [MESSAGE][PASSED] - Object '' is present

2021-01-22 11:42:42 - [MESSAGE][PASSED] - Verify Search Result Presents

2021-01-22 11:42:42 - [TEST_STEP][PASSED] - Click button "Logout": Click button "Logout"

2021-01-22 11:42:42 - [MESSAGE][INFO] - >>>>>//Button[contains(text(),'Logout')]

2021-01-22 11:42:45 - [MESSAGE][PASSED] - Object '' is present

2021-01-22 11:42:45 - [MESSAGE][PASSED] - Object: '' is clicked on

2021-01-22 11:42:45 - [MESSAGE][PASSED] - Switched to window with index: '0'

2021-01-22 11:42:45 - [MESSAGE][PASSED] - Click button "Logout"

2021-01-22 11:42:45 - [TEST_STEP][PASSED] - Close browser: Close browser

2021-01-22 11:42:45 - [MESSAGE][PASSED] - Browser is closed

2021-01-22 11:42:45 - [MESSAGE][PASSED] - Close browser

2021-01-22 11:42:45 - [TEST_CASE][PASSED] - Start Test Case : SCENARIO Search by STATUS DONE: SCENARIO Search by STATUS DONE

2021-01-22 11:42:45 - [TEST_STEP][PASSED] - Go to ISTools: Go to ISTools

2021-01-22 11:42:45 - [MESSAGE][INFO] - Starting 'Chrome (headless)' driver

2021-01-22 11:42:45 - [MESSAGE][INFO] - User set preference: ['args', '[--start-maximized, --disable-gpu, --no-proxy-server, â€“-no-sandbox, --allow-running-insecure-content, --ignore-certificate-errors, window-size=1680,814, force-device-scale-factor=2, --lang=en-GB]']

2021-01-22 11:42:45 - [MESSAGE][INFO] - User set preference: ['prefs', '{download.default_directory=/Users/chaidir.pratama01/Katalon Studio/IST_Automation_Git/Download}']

2021-01-22 11:42:45 - [MESSAGE][INFO] - Action delay is set to 0 milliseconds

2021-01-22 11:42:46 - [MESSAGE][PASSED] - Browser is opened with url: ''

2021-01-22 11:42:46 - [MESSAGE][PASSED] - Navigate to 'https://dev-istools.homecredit.id/foundation/' successfully

2021-01-22 11:42:46 - [MESSAGE][PASSED] - Go to ISTools

2021-01-22 11:42:46 - [TEST_STEP][PASSED] - Login IST with valid credentials: Login IST with valid credentials

2021-01-22 11:42:47 - [MESSAGE][PASSED] - Text 'mobile.test' is set on object 'Object Repository/Page_/input_Username_j_username'

2021-01-22 11:42:47 - [MESSAGE][PASSED] - Text ****** has been set on object 'Object Repository/Page_/input_Password_j_password'

2021-01-22 11:42:47 - [MESSAGE][PASSED] - Object: 'Object Repository/Page_/button_Login' is clicked on

2021-01-22 11:42:47 - [MESSAGE][PASSED] - Login IST with valid credentials

2021-01-22 11:42:47 - [TEST_STEP][PASSED] - Login Success: Login Success

2021-01-22 11:42:47 - [MESSAGE][INFO] - Login Success

2021-01-22 11:42:47 - [MESSAGE][PASSED] - Current window maximized

2021-01-22 11:42:47 - [MESSAGE][PASSED] - Object 'Object Repository/Page_/h1_Welcome to IT Supporting Tools' is present

2021-01-22 11:42:47 - [MESSAGE][PASSED] - Login Success

2021-01-22 11:42:47 - [TEST_STEP][PASSED] - Select Arrow Menu "Real Time Disbursement": Select Arrow Menu "Real Time Disbursement"

2021-01-22 11:42:47 - [MESSAGE][PASSED] - Object: '' is clicked on

2021-01-22 11:42:47 - [MESSAGE][PASSED] - Select Arrow Menu "Real Time Disbursement"

2021-01-22 11:42:47 - [TEST_STEP][PASSED] - Select Menu "Disbursement Dashboard": Select Menu "Disbursement Dashboard"

2021-01-22 11:42:48 - [MESSAGE][PASSED] - Taking screenshot successfully
[[ATTACHMENT|/Users/chaidir.pratama01/Documents/Docs/Katalon Studio/Screenshot/test-Disbursement Dashboard.png]]

2021-01-22 11:42:48 - [MESSAGE][PASSED] - Object '' is present

2021-01-22 11:42:48 - [MESSAGE][PASSED] - Object: '' is clicked on

2021-01-22 11:42:48 - [MESSAGE][PASSED] - Wait for page load successfully

2021-01-22 11:42:48 - [MESSAGE][PASSED] - Select Menu "Disbursement Dashboard"

2021-01-22 11:42:48 - [TEST_STEP][PASSED] - Select STATUS "DONE": Select STATUS "DONE"

2021-01-22 11:42:48 - [MESSAGE][PASSED] - All options with value 'DONE' are selected in object ''  using regular expression

2021-01-22 11:42:48 - [MESSAGE][PASSED] - Select STATUS "DONE"

2021-01-22 11:42:48 - [TEST_STEP][PASSED] - Click button "Search": Click button "Search"

2021-01-22 11:42:48 - [MESSAGE][INFO] - >>>>>//Button[contains(text(),'Search')]

2021-01-22 11:42:51 - [MESSAGE][PASSED] - Object '' is present

2021-01-22 11:42:51 - [MESSAGE][PASSED] - Object: '' is clicked on

2021-01-22 11:42:51 - [MESSAGE][PASSED] - Switched to window with index: '0'

2021-01-22 11:42:51 - [MESSAGE][PASSED] - Click button "Search"

2021-01-22 11:42:51 - [TEST_STEP][PASSED] - Verify Search Result Presents: Verify Search Result Presents

2021-01-22 11:42:52 - [MESSAGE][PASSED] - Object '' is present

2021-01-22 11:42:58 - [MESSAGE][PASSED] - Verify Search Result Presents

2021-01-22 11:42:58 - [TEST_STEP][PASSED] - Click button "Logout": Click button "Logout"

2021-01-22 11:42:58 - [MESSAGE][INFO] - >>>>>//Button[contains(text(),'Logout')]

2021-01-22 11:43:01 - [MESSAGE][PASSED] - Object '' is present

2021-01-22 11:43:01 - [MESSAGE][PASSED] - Object: '' is clicked on

2021-01-22 11:43:01 - [MESSAGE][PASSED] - Switched to window with index: '0'

2021-01-22 11:43:01 - [MESSAGE][PASSED] - Click button "Logout"

2021-01-22 11:43:01 - [TEST_STEP][PASSED] - Close browser: Close browser

2021-01-22 11:43:01 - [MESSAGE][PASSED] - Browser is closed

2021-01-22 11:43:01 - [MESSAGE][PASSED] - Close browser

2021-01-22 11:43:01 - [TEST_CASE][PASSED] - Start Test Case : SCENARIO Search by STATUS Waiting Partner Confirmation: SCENARIO Search by STATUS Waiting Partner Confirmation

2021-01-22 11:43:01 - [TEST_STEP][PASSED] - Go to ISTools: Go to ISTools

2021-01-22 11:43:01 - [MESSAGE][INFO] - Starting 'Chrome (headless)' driver

2021-01-22 11:43:01 - [MESSAGE][INFO] - User set preference: ['args', '[--start-maximized, --disable-gpu, --no-proxy-server, â€“-no-sandbox, --allow-running-insecure-content, --ignore-certificate-errors, window-size=1680,814, force-device-scale-factor=2, --lang=en-GB]']

2021-01-22 11:43:01 - [MESSAGE][INFO] - User set preference: ['prefs', '{download.default_directory=/Users/chaidir.pratama01/Katalon Studio/IST_Automation_Git/Download}']

2021-01-22 11:43:01 - [MESSAGE][INFO] - Action delay is set to 0 milliseconds

2021-01-22 11:43:01 - [MESSAGE][PASSED] - Browser is opened with url: ''

2021-01-22 11:43:02 - [MESSAGE][PASSED] - Navigate to 'https://dev-istools.homecredit.id/foundation/' successfully

2021-01-22 11:43:02 - [MESSAGE][PASSED] - Go to ISTools

2021-01-22 11:43:02 - [TEST_STEP][PASSED] - Login IST with valid credentials: Login IST with valid credentials

2021-01-22 11:43:02 - [MESSAGE][PASSED] - Text 'mobile.test' is set on object 'Object Repository/Page_/input_Username_j_username'

2021-01-22 11:43:02 - [MESSAGE][PASSED] - Text ****** has been set on object 'Object Repository/Page_/input_Password_j_password'

2021-01-22 11:43:03 - [MESSAGE][PASSED] - Object: 'Object Repository/Page_/button_Login' is clicked on

2021-01-22 11:43:03 - [MESSAGE][PASSED] - Login IST with valid credentials

2021-01-22 11:43:03 - [TEST_STEP][PASSED] - Login Success: Login Success

2021-01-22 11:43:03 - [MESSAGE][INFO] - Login Success

2021-01-22 11:43:03 - [MESSAGE][PASSED] - Current window maximized

2021-01-22 11:43:03 - [MESSAGE][PASSED] - Object 'Object Repository/Page_/h1_Welcome to IT Supporting Tools' is present

2021-01-22 11:43:03 - [MESSAGE][PASSED] - Login Success

2021-01-22 11:43:03 - [TEST_STEP][PASSED] - Select Arrow Menu "Real Time Disbursement": Select Arrow Menu "Real Time Disbursement"

2021-01-22 11:43:03 - [MESSAGE][PASSED] - Object: '' is clicked on

2021-01-22 11:43:03 - [MESSAGE][PASSED] - Select Arrow Menu "Real Time Disbursement"

2021-01-22 11:43:03 - [TEST_STEP][PASSED] - Select Menu "Disbursement Dashboard": Select Menu "Disbursement Dashboard"

2021-01-22 11:43:03 - [MESSAGE][PASSED] - Taking screenshot successfully
[[ATTACHMENT|/Users/chaidir.pratama01/Documents/Docs/Katalon Studio/Screenshot/test-Disbursement Dashboard.png]]

2021-01-22 11:43:03 - [MESSAGE][PASSED] - Object '' is present

2021-01-22 11:43:03 - [MESSAGE][PASSED] - Object: '' is clicked on

2021-01-22 11:43:03 - [MESSAGE][PASSED] - Wait for page load successfully

2021-01-22 11:43:03 - [MESSAGE][PASSED] - Select Menu "Disbursement Dashboard"

2021-01-22 11:43:03 - [TEST_STEP][PASSED] - Select STATUS "Waiting Partner Confirmation": Select STATUS "Waiting Partner Confirmation"

2021-01-22 11:43:04 - [MESSAGE][PASSED] - All options with value 'Waiting Partner Confirmation' are selected in object ''  using regular expression

2021-01-22 11:43:04 - [MESSAGE][PASSED] - Select STATUS "Waiting Partner Confirmation"

2021-01-22 11:43:04 - [TEST_STEP][PASSED] - Click button "Search": Click button "Search"

2021-01-22 11:43:04 - [MESSAGE][INFO] - >>>>>//Button[contains(text(),'Search')]

2021-01-22 11:43:07 - [MESSAGE][PASSED] - Object '' is present

2021-01-22 11:43:07 - [MESSAGE][PASSED] - Object: '' is clicked on

2021-01-22 11:43:07 - [MESSAGE][PASSED] - Switched to window with index: '0'

2021-01-22 11:43:07 - [MESSAGE][PASSED] - Click button "Search"

2021-01-22 11:43:07 - [TEST_STEP][PASSED] - Verify Search Result Presents: Verify Search Result Presents

2021-01-22 11:43:07 - [MESSAGE][PASSED] - Object '' is present

2021-01-22 11:43:11 - [MESSAGE][PASSED] - Verify Search Result Presents

2021-01-22 11:43:11 - [TEST_STEP][PASSED] - Click button "Logout": Click button "Logout"

2021-01-22 11:43:11 - [MESSAGE][INFO] - >>>>>//Button[contains(text(),'Logout')]

2021-01-22 11:43:14 - [MESSAGE][PASSED] - Object '' is present

2021-01-22 11:43:14 - [MESSAGE][PASSED] - Object: '' is clicked on

2021-01-22 11:43:14 - [MESSAGE][PASSED] - Switched to window with index: '0'

2021-01-22 11:43:14 - [MESSAGE][PASSED] - Click button "Logout"

2021-01-22 11:43:14 - [TEST_STEP][PASSED] - Close browser: Close browser

2021-01-22 11:43:14 - [MESSAGE][PASSED] - Browser is closed

2021-01-22 11:43:14 - [MESSAGE][PASSED] - Close browser

2021-01-22 11:43:14 - [TEST_CASE][PASSED] - Start Test Case : SCENARIO Search by STATUS Success to Disburse: SCENARIO Search by STATUS Success to Disburse

2021-01-22 11:43:14 - [TEST_STEP][PASSED] - Go to ISTools: Go to ISTools

2021-01-22 11:43:14 - [MESSAGE][INFO] - Starting 'Chrome (headless)' driver

2021-01-22 11:43:14 - [MESSAGE][INFO] - User set preference: ['args', '[--start-maximized, --disable-gpu, --no-proxy-server, â€“-no-sandbox, --allow-running-insecure-content, --ignore-certificate-errors, window-size=1680,814, force-device-scale-factor=2, --lang=en-GB]']

2021-01-22 11:43:14 - [MESSAGE][INFO] - User set preference: ['prefs', '{download.default_directory=/Users/chaidir.pratama01/Katalon Studio/IST_Automation_Git/Download}']

2021-01-22 11:43:14 - [MESSAGE][INFO] - Action delay is set to 0 milliseconds

2021-01-22 11:43:15 - [MESSAGE][PASSED] - Browser is opened with url: ''

2021-01-22 11:43:16 - [MESSAGE][PASSED] - Navigate to 'https://dev-istools.homecredit.id/foundation/' successfully

2021-01-22 11:43:16 - [MESSAGE][PASSED] - Go to ISTools

2021-01-22 11:43:16 - [TEST_STEP][PASSED] - Login IST with valid credentials: Login IST with valid credentials

2021-01-22 11:43:16 - [MESSAGE][PASSED] - Text 'mobile.test' is set on object 'Object Repository/Page_/input_Username_j_username'

2021-01-22 11:43:16 - [MESSAGE][PASSED] - Text ****** has been set on object 'Object Repository/Page_/input_Password_j_password'

2021-01-22 11:43:16 - [MESSAGE][PASSED] - Object: 'Object Repository/Page_/button_Login' is clicked on

2021-01-22 11:43:16 - [MESSAGE][PASSED] - Login IST with valid credentials

2021-01-22 11:43:16 - [TEST_STEP][PASSED] - Login Success: Login Success

2021-01-22 11:43:16 - [MESSAGE][INFO] - Login Success

2021-01-22 11:43:16 - [MESSAGE][PASSED] - Current window maximized

2021-01-22 11:43:16 - [MESSAGE][PASSED] - Object 'Object Repository/Page_/h1_Welcome to IT Supporting Tools' is present

2021-01-22 11:43:16 - [MESSAGE][PASSED] - Login Success

2021-01-22 11:43:16 - [TEST_STEP][PASSED] - Select Arrow Menu "Real Time Disbursement": Select Arrow Menu "Real Time Disbursement"

2021-01-22 11:43:16 - [MESSAGE][PASSED] - Object: '' is clicked on

2021-01-22 11:43:16 - [MESSAGE][PASSED] - Select Arrow Menu "Real Time Disbursement"

2021-01-22 11:43:16 - [TEST_STEP][PASSED] - Select Menu "Disbursement Dashboard": Select Menu "Disbursement Dashboard"

2021-01-22 11:43:17 - [MESSAGE][PASSED] - Taking screenshot successfully
[[ATTACHMENT|/Users/chaidir.pratama01/Documents/Docs/Katalon Studio/Screenshot/test-Disbursement Dashboard.png]]

2021-01-22 11:43:17 - [MESSAGE][PASSED] - Object '' is present

2021-01-22 11:43:17 - [MESSAGE][PASSED] - Object: '' is clicked on

2021-01-22 11:43:17 - [MESSAGE][PASSED] - Wait for page load successfully

2021-01-22 11:43:17 - [MESSAGE][PASSED] - Select Menu "Disbursement Dashboard"

2021-01-22 11:43:17 - [TEST_STEP][PASSED] - Select STATUS "Success to Disburse": Select STATUS "Success to Disburse"

2021-01-22 11:43:17 - [MESSAGE][PASSED] - All options with value 'Success to Disburse' are selected in object ''  using regular expression

2021-01-22 11:43:17 - [MESSAGE][PASSED] - Select STATUS "Success to Disburse"

2021-01-22 11:43:17 - [TEST_STEP][PASSED] - Click button "Search": Click button "Search"

2021-01-22 11:43:17 - [MESSAGE][INFO] - >>>>>//Button[contains(text(),'Search')]

2021-01-22 11:43:20 - [MESSAGE][PASSED] - Object '' is present

2021-01-22 11:43:20 - [MESSAGE][PASSED] - Object: '' is clicked on

2021-01-22 11:43:20 - [MESSAGE][PASSED] - Switched to window with index: '0'

2021-01-22 11:43:20 - [MESSAGE][PASSED] - Click button "Search"

2021-01-22 11:43:20 - [TEST_STEP][PASSED] - Verify Search Result Presents: Verify Search Result Presents

2021-01-22 11:43:21 - [MESSAGE][PASSED] - Object '' is present

2021-01-22 11:43:21 - [MESSAGE][PASSED] - Verify Search Result Presents

2021-01-22 11:43:21 - [TEST_STEP][PASSED] - Click button "Logout": Click button "Logout"

2021-01-22 11:43:21 - [MESSAGE][INFO] - >>>>>//Button[contains(text(),'Logout')]

2021-01-22 11:43:24 - [MESSAGE][PASSED] - Object '' is present

2021-01-22 11:43:24 - [MESSAGE][PASSED] - Object: '' is clicked on

2021-01-22 11:43:24 - [MESSAGE][PASSED] - Switched to window with index: '0'

2021-01-22 11:43:24 - [MESSAGE][PASSED] - Click button "Logout"

2021-01-22 11:43:24 - [TEST_STEP][PASSED] - Close browser: Close browser

2021-01-22 11:43:24 - [MESSAGE][PASSED] - Browser is closed

2021-01-22 11:43:24 - [MESSAGE][PASSED] - Close browser

2021-01-22 11:43:24 - [MESSAGE][PASSED] - Feature file: 'Include/features/IST_Real/RTD/Disbursement_Dashboard/Search_by_STATUS_Disbursement_Dashboard.feature' was passed]]></system-out>
         <system-err><![CDATA[]]></system-err>
      </testcase>
      <testcase name="Test Cases/RTD/Disbursement Dashboard/TC_Export_Data_Disbursement_Dashboard" time="9.623" classname="Test Cases/RTD/Disbursement Dashboard/TC_Export_Data_Disbursement_Dashboard" status="PASSED">
         <system-out><![CDATA[2021-01-22 11:43:24 - [TEST_CASE][PASSED] - Test Cases/RTD/Disbursement Dashboard/TC_Export_Data_Disbursement_Dashboard: Test Cases/RTD/Disbursement Dashboard/TC_Export_Data_Disbursement_Dashboard

2021-01-22 11:43:24 - [TEST_STEP][PASSED] - runFeatureFile("Include/features/IST_Real/RTD/Disbursement_Dashboard/Export_Data_Disbursement_Dashboard.feature"): Feature file: 'Include/features/IST_Real/RTD/Disbursement_Dashboard/Export_Data_Disbursement_Dashboard.feature' was passed

2021-01-22 11:43:24 - [MESSAGE][INFO] - Starting run keyword runFeatureFile: 'Include/features/IST_Real/RTD/Disbursement_Dashboard/Export_Data_Disbursement_Dashboard.feature' and extract report to folder: '/Users/chaidir.pratama01/Katalon Studio/IST_Automation_Git/Reports/20210122_113940/RTD/TS_Disbursement_Dashboard/20210122_113940/cucumber_report/1611290604983'...

2021-01-22 11:43:25 - [TEST_CASE][PASSED] - Start Test Case : SCENARIO Export Data: SCENARIO Export Data

2021-01-22 11:43:25 - [TEST_STEP][PASSED] - Go to ISTools: Go to ISTools

2021-01-22 11:43:25 - [MESSAGE][INFO] - Starting 'Chrome (headless)' driver

2021-01-22 11:43:25 - [MESSAGE][INFO] - User set preference: ['args', '[--start-maximized, --disable-gpu, --no-proxy-server, â€“-no-sandbox, --allow-running-insecure-content, --ignore-certificate-errors, window-size=1680,814, force-device-scale-factor=2, --lang=en-GB]']

2021-01-22 11:43:25 - [MESSAGE][INFO] - User set preference: ['prefs', '{download.default_directory=/Users/chaidir.pratama01/Katalon Studio/IST_Automation_Git/Download}']

2021-01-22 11:43:25 - [MESSAGE][INFO] - Action delay is set to 0 milliseconds

2021-01-22 11:43:25 - [MESSAGE][PASSED] - Browser is opened with url: ''

2021-01-22 11:43:26 - [MESSAGE][PASSED] - Navigate to 'https://dev-istools.homecredit.id/foundation/' successfully

2021-01-22 11:43:26 - [MESSAGE][PASSED] - Go to ISTools

2021-01-22 11:43:26 - [TEST_STEP][PASSED] - Login IST with valid credentials: Login IST with valid credentials

2021-01-22 11:43:26 - [MESSAGE][PASSED] - Text 'mobile.test' is set on object 'Object Repository/Page_/input_Username_j_username'

2021-01-22 11:43:26 - [MESSAGE][PASSED] - Text ****** has been set on object 'Object Repository/Page_/input_Password_j_password'

2021-01-22 11:43:26 - [MESSAGE][PASSED] - Object: 'Object Repository/Page_/button_Login' is clicked on

2021-01-22 11:43:26 - [MESSAGE][PASSED] - Login IST with valid credentials

2021-01-22 11:43:26 - [TEST_STEP][PASSED] - Login Success: Login Success

2021-01-22 11:43:26 - [MESSAGE][INFO] - Login Success

2021-01-22 11:43:26 - [MESSAGE][PASSED] - Current window maximized

2021-01-22 11:43:26 - [MESSAGE][PASSED] - Object 'Object Repository/Page_/h1_Welcome to IT Supporting Tools' is present

2021-01-22 11:43:26 - [MESSAGE][PASSED] - Login Success

2021-01-22 11:43:26 - [TEST_STEP][PASSED] - Select Arrow Menu "Real Time Disbursement": Select Arrow Menu "Real Time Disbursement"

2021-01-22 11:43:26 - [MESSAGE][PASSED] - Object: '' is clicked on

2021-01-22 11:43:26 - [MESSAGE][PASSED] - Select Arrow Menu "Real Time Disbursement"

2021-01-22 11:43:26 - [TEST_STEP][PASSED] - Select Menu "Disbursement Dashboard": Select Menu "Disbursement Dashboard"

2021-01-22 11:43:27 - [MESSAGE][PASSED] - Taking screenshot successfully
[[ATTACHMENT|/Users/chaidir.pratama01/Documents/Docs/Katalon Studio/Screenshot/test-Disbursement Dashboard.png]]

2021-01-22 11:43:27 - [MESSAGE][PASSED] - Object '' is present

2021-01-22 11:43:27 - [MESSAGE][PASSED] - Object: '' is clicked on

2021-01-22 11:43:27 - [MESSAGE][PASSED] - Wait for page load successfully

2021-01-22 11:43:27 - [MESSAGE][PASSED] - Select Menu "Disbursement Dashboard"

2021-01-22 11:43:27 - [TEST_STEP][PASSED] - Input Contract RTD in Contract Number label: Input Contract RTD in Contract Number label

2021-01-22 11:43:27 - [MESSAGE][PASSED] - Text '4000014162' is set on object ''

2021-01-22 11:43:27 - [MESSAGE][PASSED] - Input Contract RTD in Contract Number label

2021-01-22 11:43:27 - [TEST_STEP][PASSED] - Click button "Search": Click button "Search"

2021-01-22 11:43:27 - [MESSAGE][INFO] - >>>>>//Button[contains(text(),'Search')]

2021-01-22 11:43:30 - [MESSAGE][PASSED] - Object '' is present

2021-01-22 11:43:30 - [MESSAGE][PASSED] - Object: '' is clicked on

2021-01-22 11:43:30 - [MESSAGE][PASSED] - Switched to window with index: '0'

2021-01-22 11:43:30 - [MESSAGE][PASSED] - Click button "Search"

2021-01-22 11:43:30 - [TEST_STEP][PASSED] - Verify Table Filled: Verify Table Filled

2021-01-22 11:43:30 - [MESSAGE][PASSED] - Object '' is present

2021-01-22 11:43:30 - [MESSAGE][PASSED] - Verify Table Filled

2021-01-22 11:43:30 - [TEST_STEP][PASSED] - Click button "Export Data": Click button "Export Data"

2021-01-22 11:43:30 - [MESSAGE][INFO] - >>>>>//Button[contains(text(),'Export Data')]

2021-01-22 11:43:34 - [MESSAGE][PASSED] - Object: '' is clicked on

2021-01-22 11:43:34 - [MESSAGE][PASSED] - Taking screenshot successfully
[[ATTACHMENT|/Users/chaidir.pratama01/Documents/Docs/Katalon Studio/Screenshot/Download_data.png]]

2021-01-22 11:43:34 - [MESSAGE][PASSED] - Click button "Export Data"

2021-01-22 11:43:34 - [MESSAGE][PASSED] - Feature file: 'Include/features/IST_Real/RTD/Disbursement_Dashboard/Export_Data_Disbursement_Dashboard.feature' was passed]]></system-out>
         <system-err><![CDATA[]]></system-err>
      </testcase>
      <system-out><![CDATA[2021-01-22 11:39:54 - [TEST_SUITE][PASSED] - TS_Disbursement_Dashboard: Test Cases/RTD/Disbursement Dashboard/TC_Export_Data_Disbursement_Dashboard]]></system-out>
      <system-err><![CDATA[]]></system-err>
   </testsuite>
   <testsuite name="TS_Partner_Disbursement_SBO" tests="3" failures="0" errors="0" time="251.83" timestamp="2021-01-22 11:44:18" hostname="chaidir.pratama01 - localhost" id="Test Suites/RTD/TS_Partner_Disbursement_SBO">
      <properties>
         <property name="deviceName" value=""/>
         <property name="devicePlatform" value=""/>
         <property name="logFolder" value="/Users/chaidir.pratama01/Katalon Studio/IST_Automation_Git/Reports/20210122_113940/RTD/TS_Partner_Disbursement_SBO/20210122_113941"/>
         <property name="logFiles" value="/Users/chaidir.pratama01/Katalon Studio/IST_Automation_Git/Reports/20210122_113940/RTD/TS_Partner_Disbursement_SBO/20210122_113941/execution0.log"/>
         <property name="attachments" value="/Users/chaidir.pratama01/Documents/Docs/Katalon Studio/Screenshot/test-Partner Disbursement SBO.png, /Users/chaidir.pratama01/Katalon Studio/IST_Automation_Git/Reports/20210122_113940/RTD/TS_Partner_Disbursement_SBO/20210122_113941/1611290670853.png, /Users/chaidir.pratama01/Documents/Docs/Katalon Studio/Screenshot/test-Partner Disbursement SBO.png, /Users/chaidir.pratama01/Katalon Studio/IST_Automation_Git/Reports/20210122_113940/RTD/TS_Partner_Disbursement_SBO/20210122_113941/1611290685242.png, /Users/chaidir.pratama01/Documents/Docs/Katalon Studio/Screenshot/test-Partner Disbursement SBO.png, /Users/chaidir.pratama01/Katalon Studio/IST_Automation_Git/Reports/20210122_113940/RTD/TS_Partner_Disbursement_SBO/20210122_113941/1611290699496.png, /Users/chaidir.pratama01/Documents/Docs/Katalon Studio/Screenshot/test-Partner Disbursement SBO.png, /Users/chaidir.pratama01/Katalon Studio/IST_Automation_Git/Reports/20210122_113940/RTD/TS_Partner_Disbursement_SBO/20210122_113941/1611290713701.png, /Users/chaidir.pratama01/Documents/Docs/Katalon Studio/Screenshot/test-Partner Disbursement SBO.png, /Users/chaidir.pratama01/Documents/Docs/Katalon Studio/Screenshot/test-Partner Disbursement SBO.png, /Users/chaidir.pratama01/Katalon Studio/IST_Automation_Git/Reports/20210122_113940/RTD/TS_Partner_Disbursement_SBO/20210122_113941/1611290741123.png, /Users/chaidir.pratama01/Documents/Docs/Katalon Studio/Screenshot/test-Partner Disbursement SBO.png, /Users/chaidir.pratama01/Documents/Docs/Katalon Studio/Screenshot/test-Partner Disbursement SBO.png, /Users/chaidir.pratama01/Katalon Studio/IST_Automation_Git/Reports/20210122_113940/RTD/TS_Partner_Disbursement_SBO/20210122_113941/1611290765885.png, /Users/chaidir.pratama01/Documents/Docs/Katalon Studio/Screenshot/test-Partner Disbursement SBO.png, /Users/chaidir.pratama01/Katalon Studio/IST_Automation_Git/Reports/20210122_113940/RTD/TS_Partner_Disbursement_SBO/20210122_113941/1611290779830.png, /Users/chaidir.pratama01/Documents/Docs/Katalon Studio/Screenshot/test-Partner Disbursement SBO.png, /Users/chaidir.pratama01/Documents/Docs/Katalon Studio/Screenshot/test-Partner Disbursement SBO.png, /Users/chaidir.pratama01/Documents/Docs/Katalon Studio/Screenshot/test-Partner Disbursement SBO.png, /Users/chaidir.pratama01/Katalon Studio/IST_Automation_Git/Reports/20210122_113940/RTD/TS_Partner_Disbursement_SBO/20210122_113941/1611290829905.png, /Users/chaidir.pratama01/Documents/Docs/Katalon Studio/Screenshot/test-Partner Disbursement SBO.png, /Users/chaidir.pratama01/Katalon Studio/IST_Automation_Git/Reports/20210122_113940/RTD/TS_Partner_Disbursement_SBO/20210122_113941/1611290844457.png, /Users/chaidir.pratama01/Documents/Docs/Katalon Studio/Screenshot/test-Partner Disbursement SBO.png, /Users/chaidir.pratama01/Documents/Docs/Katalon Studio/Screenshot/test-Partner Disbursement SBO.png, /Users/chaidir.pratama01/Documents/Docs/Katalon Studio/Screenshot/test-Partner Disbursement SBO.png, /Users/chaidir.pratama01/Katalon Studio/IST_Automation_Git/Reports/20210122_113940/RTD/TS_Partner_Disbursement_SBO/20210122_113941/1611290887218.png, /Users/chaidir.pratama01/Documents/Docs/Katalon Studio/Screenshot/test-Partner Disbursement SBO.png, /Users/chaidir.pratama01/Documents/Docs/Katalon Studio/Screenshot/test-Partner Disbursement SBO.png"/>
         <property name="hostName" value="chaidir.pratama01 - localhost"/>
         <property name="os" value="Mac OS X 64bit"/>
         <property name="katalonVersion" value="7.6.0.${buildNumber}"/>
         <property name="browser" value="Chrome 87.0.4280.141"/>
         <property name="hostAddress" value="127.0.0.1"/>
         <property name="sessionId" value="a77dfd674d8429377d398cda1d4aac0d"/>
         <property name="seleniumVersion" value="3.141.59"/>
         <property name="proxyInformation" value="ProxyInformation { proxyOption=NO_PROXY, proxyServerType=HTTP, username=, password=********, proxyServerAddress=, proxyServerPort=0, executionList=\&quot;\&quot;, isApplyToDesiredCapabilities=true }"/>
         <property name="platform" value="Mac OS X"/>
      </properties>
      <testcase name="Test Cases/RTD/Partner Disbursement SBO/TC_Search_by_STATUS" time="233.144" classname="Test Cases/RTD/Partner Disbursement SBO/TC_Search_by_STATUS" status="PASSED">
         <system-out><![CDATA[2021-01-22 11:44:18 - [TEST_CASE][PASSED] - Test Cases/RTD/Partner Disbursement SBO/TC_Search_by_STATUS: Test Cases/RTD/Partner Disbursement SBO/TC_Search_by_STATUS

2021-01-22 11:44:18 - [TEST_STEP][PASSED] - runFeatureFile("Include/features/IST_Real/RTD/Partner Disbursement SBO/Search_by_STATUS.feature"): Feature file: 'Include/features/IST_Real/RTD/Partner Disbursement SBO/Search_by_STATUS.feature' was passed

2021-01-22 11:44:18 - [MESSAGE][INFO] - Starting run keyword runFeatureFile: 'Include/features/IST_Real/RTD/Partner Disbursement SBO/Search_by_STATUS.feature' and extract report to folder: '/Users/chaidir.pratama01/Katalon Studio/IST_Automation_Git/Reports/20210122_113940/RTD/TS_Partner_Disbursement_SBO/20210122_113941/cucumber_report/1611290658467'...

2021-01-22 11:44:18 - [TEST_CASE][PASSED] - Start Test Case : SCENARIO Search by STATUS Eligible to Disburse: SCENARIO Search by STATUS Eligible to Disburse

2021-01-22 11:44:18 - [TEST_STEP][PASSED] - Go to ISTools: Go to ISTools

2021-01-22 11:44:19 - [MESSAGE][INFO] - Starting 'Chrome (headless)' driver

2021-01-22 11:44:19 - [MESSAGE][INFO] - User set preference: ['args', '[--start-maximized, --disable-gpu, --no-proxy-server, â€“-no-sandbox, --allow-running-insecure-content, --ignore-certificate-errors, window-size=1680,814, force-device-scale-factor=2, --lang=en-GB]']

2021-01-22 11:44:19 - [MESSAGE][INFO] - User set preference: ['prefs', '{download.default_directory=/Users/chaidir.pratama01/Katalon Studio/IST_Automation_Git/Download}']

2021-01-22 11:44:19 - [MESSAGE][INFO] - Action delay is set to 0 milliseconds

2021-01-22 11:44:19 - [MESSAGE][PASSED] - Browser is opened with url: ''

2021-01-22 11:44:21 - [MESSAGE][PASSED] - Navigate to 'https://dev-istools.homecredit.id/foundation/' successfully

2021-01-22 11:44:21 - [MESSAGE][PASSED] - Go to ISTools

2021-01-22 11:44:21 - [TEST_STEP][PASSED] - Login IST with valid credentials: Login IST with valid credentials

2021-01-22 11:44:21 - [MESSAGE][PASSED] - Text 'mobile.test' is set on object 'Object Repository/Page_/input_Username_j_username'

2021-01-22 11:44:22 - [MESSAGE][PASSED] - Text ****** has been set on object 'Object Repository/Page_/input_Password_j_password'

2021-01-22 11:44:22 - [MESSAGE][PASSED] - Object: 'Object Repository/Page_/button_Login' is clicked on

2021-01-22 11:44:22 - [MESSAGE][PASSED] - Login IST with valid credentials

2021-01-22 11:44:22 - [TEST_STEP][PASSED] - Login Success: Login Success

2021-01-22 11:44:22 - [MESSAGE][INFO] - Login Success

2021-01-22 11:44:22 - [MESSAGE][PASSED] - Current window maximized

2021-01-22 11:44:22 - [MESSAGE][PASSED] - Object 'Object Repository/Page_/h1_Welcome to IT Supporting Tools' is present

2021-01-22 11:44:22 - [MESSAGE][PASSED] - Login Success

2021-01-22 11:44:22 - [TEST_STEP][PASSED] - Select Arrow Menu "Real Time Disbursement": Select Arrow Menu "Real Time Disbursement"

2021-01-22 11:44:22 - [MESSAGE][PASSED] - Object: '' is clicked on

2021-01-22 11:44:22 - [MESSAGE][PASSED] - Select Arrow Menu "Real Time Disbursement"

2021-01-22 11:44:22 - [TEST_STEP][PASSED] - Select Menu "Partner Disbursement SBO": Select Menu "Partner Disbursement SBO"

2021-01-22 11:44:23 - [MESSAGE][PASSED] - Taking screenshot successfully
[[ATTACHMENT|/Users/chaidir.pratama01/Documents/Docs/Katalon Studio/Screenshot/test-Partner Disbursement SBO.png]]

2021-01-22 11:44:23 - [MESSAGE][PASSED] - Object '' is present

2021-01-22 11:44:23 - [MESSAGE][PASSED] - Object: '' is clicked on

2021-01-22 11:44:23 - [MESSAGE][PASSED] - Wait for page load successfully

2021-01-22 11:44:23 - [MESSAGE][PASSED] - Select Menu "Partner Disbursement SBO"

2021-01-22 11:44:23 - [TEST_STEP][PASSED] - Select STATUS "Eligible to disburse": Select STATUS "Eligible to disburse"

2021-01-22 11:44:23 - [MESSAGE][PASSED] - All options with value 'Eligible to disburse' are selected in object ''  using regular expression

2021-01-22 11:44:23 - [MESSAGE][PASSED] - Select STATUS "Eligible to disburse"

2021-01-22 11:44:23 - [TEST_STEP][PASSED] - Click button "Search": Click button "Search"

2021-01-22 11:44:23 - [MESSAGE][INFO] - >>>>>//Button[contains(text(),'Search')]

2021-01-22 11:44:26 - [MESSAGE][PASSED] - Object '' is present

2021-01-22 11:44:26 - [MESSAGE][PASSED] - Object: '' is clicked on

2021-01-22 11:44:26 - [MESSAGE][PASSED] - Switched to window with index: '0'

2021-01-22 11:44:26 - [MESSAGE][PASSED] - Click button "Search"

2021-01-22 11:44:26 - [TEST_STEP][PASSED] - Verify Search Result Presents: Verify Search Result Presents

2021-01-22 11:44:30 - [MESSAGE][INFO] - Unable to find the element located by 'By.xpath: //td[@style='display:none' and contains(text(),'-Empty-')]'. Please recheck the objects properties to make sure the desired element is located. 

2021-01-22 11:44:31 - [MESSAGE][WARNING] - com.kms.katalon.core.webui.exception.WebElementNotFoundException: Web element with id: '' located by '//td[@style='display:none' and contains(text(),'-Empty-')]' not found (Root cause: com.kms.katalon.core.exception.StepFailedException: com.kms.katalon.core.webui.exception.WebElementNotFoundException: Web element with id: '' located by '//td[@style='display:none' and contains(text(),'-Empty-')]' not found
	at com.kms.katalon.core.webui.keyword.internal.WebUIKeywordMain.stepFailed(WebUIKeywordMain.groovy:64)
	at com.kms.katalon.core.webui.keyword.builtin.VerifyElementPresentKeyword$_verifyElementPresent_closure1.doCall(VerifyElementPresentKeyword.groovy:85)
	at com.kms.katalon.core.webui.keyword.builtin.VerifyElementPresentKeyword$_verifyElementPresent_closure1.call(VerifyElementPresentKeyword.groovy)
	at com.kms.katalon.core.webui.keyword.internal.WebUIKeywordMain.runKeyword(WebUIKeywordMain.groovy:20)
	at com.kms.katalon.core.webui.keyword.builtin.VerifyElementPresentKeyword.verifyElementPresent(VerifyElementPresentKeyword.groovy:92)
	at com.kms.katalon.core.webui.keyword.builtin.VerifyElementPresentKeyword.execute(VerifyElementPresentKeyword.groovy:68)
	at com.kms.katalon.core.keyword.internal.KeywordExecutor.executeKeywordForPlatform(KeywordExecutor.groovy:73)
	at com.kms.katalon.core.webui.keyword.WebUiBuiltInKeywords.verifyElementPresent(WebUiBuiltInKeywords.groovy:1444)
	at com.kms.katalon.core.webui.keyword.WebUiBuiltInKeywords$verifyElementPresent$11.call(Unknown Source)
	at ist_real.Contract_Dispatcher.VerifyTblFilled(Contract_Dispatcher.groovy:1313)
	at ist_real.Contract_Dispatcher$VerifyTblFilled$0.call(Unknown Source)
	at RTD.Search_Result_Presents(RTD.groovy:191)
	at cucumber.runtime.Utils$1.call(Utils.java:26)
	at cucumber.runtime.Timeout.timeout(Timeout.java:16)
	at cucumber.runtime.Utils.invoke(Utils.java:20)
	at cucumber.runtime.java.JavaStepDefinition.execute(JavaStepDefinition.java:48)
	at cucumber.runtime.PickleStepDefinitionMatch.runStep(PickleStepDefinitionMatch.java:50)
	at cucumber.runner.TestStep.executeStep(TestStep.java:55)
	at cucumber.runner.TestStep.run(TestStep.java:42)
	at cucumber.runner.PickleStepTestStep.run(PickleStepTestStep.java:53)
	at cucumber.runner.TestCase.run(TestCase.java:47)
	at cucumber.runner.Runner.runPickle(Runner.java:44)
	at cucumber.runtime.Runtime.runFeature(Runtime.java:120)
	at cucumber.runtime.Runtime.run(Runtime.java:106)
	at cucumber.api.cli.Main.run(Main.java:35)
	at cucumber.api.cli.Main$run.call(Unknown Source)
	at com.kms.katalon.core.cucumber.keyword.CucumberBuiltinKeywords$_runFeatureFile_closure1.doCall(CucumberBuiltinKeywords.groovy:76)
	at com.kms.katalon.core.cucumber.keyword.CucumberBuiltinKeywords$_runFeatureFile_closure1.doCall(CucumberBuiltinKeywords.groovy)
	at com.kms.katalon.core.keyword.internal.KeywordMain.runKeyword(KeywordMain.groovy:68)
	at com.kms.katalon.core.keyword.internal.KeywordMain$runKeyword.call(Unknown Source)
	at com.kms.katalon.core.cucumber.keyword.CucumberBuiltinKeywords.runFeatureFile(CucumberBuiltinKeywords.groovy:46)
	at com.kms.katalon.core.cucumber.keyword.CucumberBuiltinKeywords$runFeatureFile$0.callStatic(Unknown Source)
	at com.kms.katalon.core.cucumber.keyword.CucumberBuiltinKeywords.runFeatureFile(CucumberBuiltinKeywords.groovy:169)
	at com.kms.katalon.core.cucumber.keyword.CucumberBuiltinKeywords$runFeatureFile.call(Unknown Source)
	at TC_Search_by_STATUS.run(TC_Search_by_STATUS:18)
	at com.kms.katalon.core.main.ScriptEngine.run(ScriptEngine.java:194)
	at com.kms.katalon.core.main.ScriptEngine.runScriptAsRawText(ScriptEngine.java:119)
	at com.kms.katalon.core.main.TestCaseExecutor.runScript(TestCaseExecutor.java:339)
	at com.kms.katalon.core.main.TestCaseExecutor.doExecute(TestCaseExecutor.java:330)
	at com.kms.katalon.core.main.TestCaseExecutor.processExecutionPhase(TestCaseExecutor.java:309)
	at com.kms.katalon.core.main.TestCaseExecutor.accessMainPhase(TestCaseExecutor.java:301)
	at com.kms.katalon.core.main.TestCaseExecutor.execute(TestCaseExecutor.java:235)
	at com.kms.katalon.core.main.TestSuiteExecutor.accessTestCaseMainPhase(TestSuiteExecutor.java:191)
	at com.kms.katalon.core.main.TestSuiteExecutor.accessTestSuiteMainPhase(TestSuiteExecutor.java:141)
	at com.kms.katalon.core.main.TestSuiteExecutor.execute(TestSuiteExecutor.java:90)
	at com.kms.katalon.core.main.TestCaseMain.startTestSuite(TestCaseMain.java:157)
	at com.kms.katalon.core.main.TestCaseMain$startTestSuite$0.call(Unknown Source)
	at TempTestSuite1611290381164.run(TempTestSuite1611290381164.groovy:39)
)
[[ATTACHMENT|/Users/chaidir.pratama01/Katalon Studio/IST_Automation_Git/Reports/20210122_113940/RTD/TS_Partner_Disbursement_SBO/20210122_113941/1611290670853.png]]

2021-01-22 11:44:31 - [MESSAGE][PASSED] - Verify Search Result Presents

2021-01-22 11:44:31 - [TEST_STEP][PASSED] - Click button "Logout": Click button "Logout"

2021-01-22 11:44:31 - [MESSAGE][INFO] - >>>>>//Button[contains(text(),'Logout')]

2021-01-22 11:44:34 - [MESSAGE][PASSED] - Object '' is present

2021-01-22 11:44:34 - [MESSAGE][PASSED] - Object: '' is clicked on

2021-01-22 11:44:34 - [MESSAGE][PASSED] - Switched to window with index: '0'

2021-01-22 11:44:34 - [MESSAGE][PASSED] - Click button "Logout"

2021-01-22 11:44:34 - [TEST_STEP][PASSED] - Close browser: Close browser

2021-01-22 11:44:35 - [MESSAGE][PASSED] - Browser is closed

2021-01-22 11:44:35 - [MESSAGE][PASSED] - Close browser

2021-01-22 11:44:35 - [TEST_CASE][PASSED] - Start Test Case : SCENARIO Search by STATUS Waiting validation from Risk: SCENARIO Search by STATUS Waiting validation from Risk

2021-01-22 11:44:35 - [TEST_STEP][PASSED] - Go to ISTools: Go to ISTools

2021-01-22 11:44:35 - [MESSAGE][INFO] - Starting 'Chrome (headless)' driver

2021-01-22 11:44:35 - [MESSAGE][INFO] - User set preference: ['args', '[--start-maximized, --disable-gpu, --no-proxy-server, â€“-no-sandbox, --allow-running-insecure-content, --ignore-certificate-errors, window-size=1680,814, force-device-scale-factor=2, --lang=en-GB]']

2021-01-22 11:44:35 - [MESSAGE][INFO] - User set preference: ['prefs', '{download.default_directory=/Users/chaidir.pratama01/Katalon Studio/IST_Automation_Git/Download}']

2021-01-22 11:44:35 - [MESSAGE][INFO] - Action delay is set to 0 milliseconds

2021-01-22 11:44:35 - [MESSAGE][PASSED] - Browser is opened with url: ''

2021-01-22 11:44:36 - [MESSAGE][PASSED] - Navigate to 'https://dev-istools.homecredit.id/foundation/' successfully

2021-01-22 11:44:36 - [MESSAGE][PASSED] - Go to ISTools

2021-01-22 11:44:36 - [TEST_STEP][PASSED] - Login IST with valid credentials: Login IST with valid credentials

2021-01-22 11:44:36 - [MESSAGE][PASSED] - Text 'mobile.test' is set on object 'Object Repository/Page_/input_Username_j_username'

2021-01-22 11:44:36 - [MESSAGE][PASSED] - Text ****** has been set on object 'Object Repository/Page_/input_Password_j_password'

2021-01-22 11:44:36 - [MESSAGE][PASSED] - Object: 'Object Repository/Page_/button_Login' is clicked on

2021-01-22 11:44:36 - [MESSAGE][PASSED] - Login IST with valid credentials

2021-01-22 11:44:36 - [TEST_STEP][PASSED] - Login Success: Login Success

2021-01-22 11:44:36 - [MESSAGE][INFO] - Login Success

2021-01-22 11:44:37 - [MESSAGE][PASSED] - Current window maximized

2021-01-22 11:44:37 - [MESSAGE][PASSED] - Object 'Object Repository/Page_/h1_Welcome to IT Supporting Tools' is present

2021-01-22 11:44:37 - [MESSAGE][PASSED] - Login Success

2021-01-22 11:44:37 - [TEST_STEP][PASSED] - Select Arrow Menu "Real Time Disbursement": Select Arrow Menu "Real Time Disbursement"

2021-01-22 11:44:37 - [MESSAGE][PASSED] - Object: '' is clicked on

2021-01-22 11:44:37 - [MESSAGE][PASSED] - Select Arrow Menu "Real Time Disbursement"

2021-01-22 11:44:37 - [TEST_STEP][PASSED] - Select Menu "Partner Disbursement SBO": Select Menu "Partner Disbursement SBO"

2021-01-22 11:44:37 - [MESSAGE][PASSED] - Taking screenshot successfully
[[ATTACHMENT|/Users/chaidir.pratama01/Documents/Docs/Katalon Studio/Screenshot/test-Partner Disbursement SBO.png]]

2021-01-22 11:44:37 - [MESSAGE][PASSED] - Object '' is present

2021-01-22 11:44:37 - [MESSAGE][PASSED] - Object: '' is clicked on

2021-01-22 11:44:37 - [MESSAGE][PASSED] - Wait for page load successfully

2021-01-22 11:44:37 - [MESSAGE][PASSED] - Select Menu "Partner Disbursement SBO"

2021-01-22 11:44:37 - [TEST_STEP][PASSED] - Select STATUS "Waiting validation from Risk": Select STATUS "Waiting validation from Risk"

2021-01-22 11:44:38 - [MESSAGE][PASSED] - All options with value 'Waiting validation from Risk' are selected in object ''  using regular expression

2021-01-22 11:44:38 - [MESSAGE][PASSED] - Select STATUS "Waiting validation from Risk"

2021-01-22 11:44:38 - [TEST_STEP][PASSED] - Click button "Search": Click button "Search"

2021-01-22 11:44:38 - [MESSAGE][INFO] - >>>>>//Button[contains(text(),'Search')]

2021-01-22 11:44:41 - [MESSAGE][PASSED] - Object '' is present

2021-01-22 11:44:41 - [MESSAGE][PASSED] - Object: '' is clicked on

2021-01-22 11:44:41 - [MESSAGE][PASSED] - Switched to window with index: '0'

2021-01-22 11:44:41 - [MESSAGE][PASSED] - Click button "Search"

2021-01-22 11:44:41 - [TEST_STEP][PASSED] - Verify Search Result Presents: Verify Search Result Presents

2021-01-22 11:44:45 - [MESSAGE][INFO] - Unable to find the element located by 'By.xpath: //td[@style='display:none' and contains(text(),'-Empty-')]'. Please recheck the objects properties to make sure the desired element is located. 

2021-01-22 11:44:45 - [MESSAGE][WARNING] - com.kms.katalon.core.webui.exception.WebElementNotFoundException: Web element with id: '' located by '//td[@style='display:none' and contains(text(),'-Empty-')]' not found (Root cause: com.kms.katalon.core.exception.StepFailedException: com.kms.katalon.core.webui.exception.WebElementNotFoundException: Web element with id: '' located by '//td[@style='display:none' and contains(text(),'-Empty-')]' not found
	at com.kms.katalon.core.webui.keyword.internal.WebUIKeywordMain.stepFailed(WebUIKeywordMain.groovy:64)
	at com.kms.katalon.core.webui.keyword.builtin.VerifyElementPresentKeyword$_verifyElementPresent_closure1.doCall(VerifyElementPresentKeyword.groovy:85)
	at com.kms.katalon.core.webui.keyword.builtin.VerifyElementPresentKeyword$_verifyElementPresent_closure1.call(VerifyElementPresentKeyword.groovy)
	at com.kms.katalon.core.webui.keyword.internal.WebUIKeywordMain.runKeyword(WebUIKeywordMain.groovy:20)
	at com.kms.katalon.core.webui.keyword.builtin.VerifyElementPresentKeyword.verifyElementPresent(VerifyElementPresentKeyword.groovy:92)
	at com.kms.katalon.core.webui.keyword.builtin.VerifyElementPresentKeyword.execute(VerifyElementPresentKeyword.groovy:68)
	at com.kms.katalon.core.keyword.internal.KeywordExecutor.executeKeywordForPlatform(KeywordExecutor.groovy:73)
	at com.kms.katalon.core.webui.keyword.WebUiBuiltInKeywords.verifyElementPresent(WebUiBuiltInKeywords.groovy:1444)
	at com.kms.katalon.core.webui.keyword.WebUiBuiltInKeywords$verifyElementPresent$11.call(Unknown Source)
	at ist_real.Contract_Dispatcher.VerifyTblFilled(Contract_Dispatcher.groovy:1313)
	at ist_real.Contract_Dispatcher$VerifyTblFilled$0.call(Unknown Source)
	at RTD.Search_Result_Presents(RTD.groovy:191)
	at cucumber.runtime.Utils$1.call(Utils.java:26)
	at cucumber.runtime.Timeout.timeout(Timeout.java:16)
	at cucumber.runtime.Utils.invoke(Utils.java:20)
	at cucumber.runtime.java.JavaStepDefinition.execute(JavaStepDefinition.java:48)
	at cucumber.runtime.PickleStepDefinitionMatch.runStep(PickleStepDefinitionMatch.java:50)
	at cucumber.runner.TestStep.executeStep(TestStep.java:55)
	at cucumber.runner.TestStep.run(TestStep.java:42)
	at cucumber.runner.PickleStepTestStep.run(PickleStepTestStep.java:53)
	at cucumber.runner.TestCase.run(TestCase.java:47)
	at cucumber.runner.Runner.runPickle(Runner.java:44)
	at cucumber.runtime.Runtime.runFeature(Runtime.java:120)
	at cucumber.runtime.Runtime.run(Runtime.java:106)
	at cucumber.api.cli.Main.run(Main.java:35)
	at cucumber.api.cli.Main$run.call(Unknown Source)
	at com.kms.katalon.core.cucumber.keyword.CucumberBuiltinKeywords$_runFeatureFile_closure1.doCall(CucumberBuiltinKeywords.groovy:76)
	at com.kms.katalon.core.cucumber.keyword.CucumberBuiltinKeywords$_runFeatureFile_closure1.doCall(CucumberBuiltinKeywords.groovy)
	at com.kms.katalon.core.keyword.internal.KeywordMain.runKeyword(KeywordMain.groovy:68)
	at com.kms.katalon.core.keyword.internal.KeywordMain$runKeyword.call(Unknown Source)
	at com.kms.katalon.core.cucumber.keyword.CucumberBuiltinKeywords.runFeatureFile(CucumberBuiltinKeywords.groovy:46)
	at com.kms.katalon.core.cucumber.keyword.CucumberBuiltinKeywords$runFeatureFile$0.callStatic(Unknown Source)
	at com.kms.katalon.core.cucumber.keyword.CucumberBuiltinKeywords.runFeatureFile(CucumberBuiltinKeywords.groovy:169)
	at com.kms.katalon.core.cucumber.keyword.CucumberBuiltinKeywords$runFeatureFile.call(Unknown Source)
	at TC_Search_by_STATUS.run(TC_Search_by_STATUS:18)
	at com.kms.katalon.core.main.ScriptEngine.run(ScriptEngine.java:194)
	at com.kms.katalon.core.main.ScriptEngine.runScriptAsRawText(ScriptEngine.java:119)
	at com.kms.katalon.core.main.TestCaseExecutor.runScript(TestCaseExecutor.java:339)
	at com.kms.katalon.core.main.TestCaseExecutor.doExecute(TestCaseExecutor.java:330)
	at com.kms.katalon.core.main.TestCaseExecutor.processExecutionPhase(TestCaseExecutor.java:309)
	at com.kms.katalon.core.main.TestCaseExecutor.accessMainPhase(TestCaseExecutor.java:301)
	at com.kms.katalon.core.main.TestCaseExecutor.execute(TestCaseExecutor.java:235)
	at com.kms.katalon.core.main.TestSuiteExecutor.accessTestCaseMainPhase(TestSuiteExecutor.java:191)
	at com.kms.katalon.core.main.TestSuiteExecutor.accessTestSuiteMainPhase(TestSuiteExecutor.java:141)
	at com.kms.katalon.core.main.TestSuiteExecutor.execute(TestSuiteExecutor.java:90)
	at com.kms.katalon.core.main.TestCaseMain.startTestSuite(TestCaseMain.java:157)
	at com.kms.katalon.core.main.TestCaseMain$startTestSuite$0.call(Unknown Source)
	at TempTestSuite1611290381164.run(TempTestSuite1611290381164.groovy:39)
)
[[ATTACHMENT|/Users/chaidir.pratama01/Katalon Studio/IST_Automation_Git/Reports/20210122_113940/RTD/TS_Partner_Disbursement_SBO/20210122_113941/1611290685242.png]]

2021-01-22 11:44:46 - [MESSAGE][PASSED] - Verify Search Result Presents

2021-01-22 11:44:46 - [TEST_STEP][PASSED] - Click button "Logout": Click button "Logout"

2021-01-22 11:44:46 - [MESSAGE][INFO] - >>>>>//Button[contains(text(),'Logout')]

2021-01-22 11:44:49 - [MESSAGE][PASSED] - Object '' is present

2021-01-22 11:44:49 - [MESSAGE][PASSED] - Object: '' is clicked on

2021-01-22 11:44:49 - [MESSAGE][PASSED] - Switched to window with index: '0'

2021-01-22 11:44:49 - [MESSAGE][PASSED] - Click button "Logout"

2021-01-22 11:44:49 - [TEST_STEP][PASSED] - Close browser: Close browser

2021-01-22 11:44:49 - [MESSAGE][PASSED] - Browser is closed

2021-01-22 11:44:49 - [MESSAGE][PASSED] - Close browser

2021-01-22 11:44:49 - [TEST_CASE][PASSED] - Start Test Case : SCENARIO Search by STATUS Waiting validation from In Payment: SCENARIO Search by STATUS Waiting validation from In Payment

2021-01-22 11:44:49 - [TEST_STEP][PASSED] - Go to ISTools: Go to ISTools

2021-01-22 11:44:49 - [MESSAGE][INFO] - Starting 'Chrome (headless)' driver

2021-01-22 11:44:49 - [MESSAGE][INFO] - User set preference: ['args', '[--start-maximized, --disable-gpu, --no-proxy-server, â€“-no-sandbox, --allow-running-insecure-content, --ignore-certificate-errors, window-size=1680,814, force-device-scale-factor=2, --lang=en-GB]']

2021-01-22 11:44:49 - [MESSAGE][INFO] - User set preference: ['prefs', '{download.default_directory=/Users/chaidir.pratama01/Katalon Studio/IST_Automation_Git/Download}']

2021-01-22 11:44:49 - [MESSAGE][INFO] - Action delay is set to 0 milliseconds

2021-01-22 11:44:49 - [MESSAGE][PASSED] - Browser is opened with url: ''

2021-01-22 11:44:50 - [MESSAGE][PASSED] - Navigate to 'https://dev-istools.homecredit.id/foundation/' successfully

2021-01-22 11:44:50 - [MESSAGE][PASSED] - Go to ISTools

2021-01-22 11:44:50 - [TEST_STEP][PASSED] - Login IST with valid credentials: Login IST with valid credentials

2021-01-22 11:44:50 - [MESSAGE][PASSED] - Text 'mobile.test' is set on object 'Object Repository/Page_/input_Username_j_username'

2021-01-22 11:44:50 - [MESSAGE][PASSED] - Text ****** has been set on object 'Object Repository/Page_/input_Password_j_password'

2021-01-22 11:44:51 - [MESSAGE][PASSED] - Object: 'Object Repository/Page_/button_Login' is clicked on

2021-01-22 11:44:51 - [MESSAGE][PASSED] - Login IST with valid credentials

2021-01-22 11:44:51 - [TEST_STEP][PASSED] - Login Success: Login Success

2021-01-22 11:44:51 - [MESSAGE][INFO] - Login Success

2021-01-22 11:44:51 - [MESSAGE][PASSED] - Current window maximized

2021-01-22 11:44:51 - [MESSAGE][PASSED] - Object 'Object Repository/Page_/h1_Welcome to IT Supporting Tools' is present

2021-01-22 11:44:51 - [MESSAGE][PASSED] - Login Success

2021-01-22 11:44:51 - [TEST_STEP][PASSED] - Select Arrow Menu "Real Time Disbursement": Select Arrow Menu "Real Time Disbursement"

2021-01-22 11:44:51 - [MESSAGE][PASSED] - Object: '' is clicked on

2021-01-22 11:44:51 - [MESSAGE][PASSED] - Select Arrow Menu "Real Time Disbursement"

2021-01-22 11:44:51 - [TEST_STEP][PASSED] - Select Menu "Partner Disbursement SBO": Select Menu "Partner Disbursement SBO"

2021-01-22 11:44:51 - [MESSAGE][PASSED] - Taking screenshot successfully
[[ATTACHMENT|/Users/chaidir.pratama01/Documents/Docs/Katalon Studio/Screenshot/test-Partner Disbursement SBO.png]]

2021-01-22 11:44:51 - [MESSAGE][PASSED] - Object '' is present

2021-01-22 11:44:52 - [MESSAGE][PASSED] - Object: '' is clicked on

2021-01-22 11:44:52 - [MESSAGE][PASSED] - Wait for page load successfully

2021-01-22 11:44:52 - [MESSAGE][PASSED] - Select Menu "Partner Disbursement SBO"

2021-01-22 11:44:52 - [TEST_STEP][PASSED] - Select STATUS "Waiting validation from In Payment": Select STATUS "Waiting validation from In Payment"

2021-01-22 11:44:52 - [MESSAGE][PASSED] - All options with value 'Waiting validation from In Payment' are selected in object ''  using regular expression

2021-01-22 11:44:52 - [MESSAGE][PASSED] - Select STATUS "Waiting validation from In Payment"

2021-01-22 11:44:52 - [TEST_STEP][PASSED] - Click button "Search": Click button "Search"

2021-01-22 11:44:52 - [MESSAGE][INFO] - >>>>>//Button[contains(text(),'Search')]

2021-01-22 11:44:55 - [MESSAGE][PASSED] - Object '' is present

2021-01-22 11:44:55 - [MESSAGE][PASSED] - Object: '' is clicked on

2021-01-22 11:44:55 - [MESSAGE][PASSED] - Switched to window with index: '0'

2021-01-22 11:44:55 - [MESSAGE][PASSED] - Click button "Search"

2021-01-22 11:44:55 - [TEST_STEP][PASSED] - Verify Search Result Presents: Verify Search Result Presents

2021-01-22 11:44:59 - [MESSAGE][INFO] - Unable to find the element located by 'By.xpath: //td[@style='display:none' and contains(text(),'-Empty-')]'. Please recheck the objects properties to make sure the desired element is located. 

2021-01-22 11:44:59 - [MESSAGE][WARNING] - com.kms.katalon.core.webui.exception.WebElementNotFoundException: Web element with id: '' located by '//td[@style='display:none' and contains(text(),'-Empty-')]' not found (Root cause: com.kms.katalon.core.exception.StepFailedException: com.kms.katalon.core.webui.exception.WebElementNotFoundException: Web element with id: '' located by '//td[@style='display:none' and contains(text(),'-Empty-')]' not found
	at com.kms.katalon.core.webui.keyword.internal.WebUIKeywordMain.stepFailed(WebUIKeywordMain.groovy:64)
	at com.kms.katalon.core.webui.keyword.builtin.VerifyElementPresentKeyword$_verifyElementPresent_closure1.doCall(VerifyElementPresentKeyword.groovy:85)
	at com.kms.katalon.core.webui.keyword.builtin.VerifyElementPresentKeyword$_verifyElementPresent_closure1.call(VerifyElementPresentKeyword.groovy)
	at com.kms.katalon.core.webui.keyword.internal.WebUIKeywordMain.runKeyword(WebUIKeywordMain.groovy:20)
	at com.kms.katalon.core.webui.keyword.builtin.VerifyElementPresentKeyword.verifyElementPresent(VerifyElementPresentKeyword.groovy:92)
	at com.kms.katalon.core.webui.keyword.builtin.VerifyElementPresentKeyword.execute(VerifyElementPresentKeyword.groovy:68)
	at com.kms.katalon.core.keyword.internal.KeywordExecutor.executeKeywordForPlatform(KeywordExecutor.groovy:73)
	at com.kms.katalon.core.webui.keyword.WebUiBuiltInKeywords.verifyElementPresent(WebUiBuiltInKeywords.groovy:1444)
	at com.kms.katalon.core.webui.keyword.WebUiBuiltInKeywords$verifyElementPresent$11.call(Unknown Source)
	at ist_real.Contract_Dispatcher.VerifyTblFilled(Contract_Dispatcher.groovy:1313)
	at ist_real.Contract_Dispatcher$VerifyTblFilled$0.call(Unknown Source)
	at RTD.Search_Result_Presents(RTD.groovy:191)
	at cucumber.runtime.Utils$1.call(Utils.java:26)
	at cucumber.runtime.Timeout.timeout(Timeout.java:16)
	at cucumber.runtime.Utils.invoke(Utils.java:20)
	at cucumber.runtime.java.JavaStepDefinition.execute(JavaStepDefinition.java:48)
	at cucumber.runtime.PickleStepDefinitionMatch.runStep(PickleStepDefinitionMatch.java:50)
	at cucumber.runner.TestStep.executeStep(TestStep.java:55)
	at cucumber.runner.TestStep.run(TestStep.java:42)
	at cucumber.runner.PickleStepTestStep.run(PickleStepTestStep.java:53)
	at cucumber.runner.TestCase.run(TestCase.java:47)
	at cucumber.runner.Runner.runPickle(Runner.java:44)
	at cucumber.runtime.Runtime.runFeature(Runtime.java:120)
	at cucumber.runtime.Runtime.run(Runtime.java:106)
	at cucumber.api.cli.Main.run(Main.java:35)
	at cucumber.api.cli.Main$run.call(Unknown Source)
	at com.kms.katalon.core.cucumber.keyword.CucumberBuiltinKeywords$_runFeatureFile_closure1.doCall(CucumberBuiltinKeywords.groovy:76)
	at com.kms.katalon.core.cucumber.keyword.CucumberBuiltinKeywords$_runFeatureFile_closure1.doCall(CucumberBuiltinKeywords.groovy)
	at com.kms.katalon.core.keyword.internal.KeywordMain.runKeyword(KeywordMain.groovy:68)
	at com.kms.katalon.core.keyword.internal.KeywordMain$runKeyword.call(Unknown Source)
	at com.kms.katalon.core.cucumber.keyword.CucumberBuiltinKeywords.runFeatureFile(CucumberBuiltinKeywords.groovy:46)
	at com.kms.katalon.core.cucumber.keyword.CucumberBuiltinKeywords$runFeatureFile$0.callStatic(Unknown Source)
	at com.kms.katalon.core.cucumber.keyword.CucumberBuiltinKeywords.runFeatureFile(CucumberBuiltinKeywords.groovy:169)
	at com.kms.katalon.core.cucumber.keyword.CucumberBuiltinKeywords$runFeatureFile.call(Unknown Source)
	at TC_Search_by_STATUS.run(TC_Search_by_STATUS:18)
	at com.kms.katalon.core.main.ScriptEngine.run(ScriptEngine.java:194)
	at com.kms.katalon.core.main.ScriptEngine.runScriptAsRawText(ScriptEngine.java:119)
	at com.kms.katalon.core.main.TestCaseExecutor.runScript(TestCaseExecutor.java:339)
	at com.kms.katalon.core.main.TestCaseExecutor.doExecute(TestCaseExecutor.java:330)
	at com.kms.katalon.core.main.TestCaseExecutor.processExecutionPhase(TestCaseExecutor.java:309)
	at com.kms.katalon.core.main.TestCaseExecutor.accessMainPhase(TestCaseExecutor.java:301)
	at com.kms.katalon.core.main.TestCaseExecutor.execute(TestCaseExecutor.java:235)
	at com.kms.katalon.core.main.TestSuiteExecutor.accessTestCaseMainPhase(TestSuiteExecutor.java:191)
	at com.kms.katalon.core.main.TestSuiteExecutor.accessTestSuiteMainPhase(TestSuiteExecutor.java:141)
	at com.kms.katalon.core.main.TestSuiteExecutor.execute(TestSuiteExecutor.java:90)
	at com.kms.katalon.core.main.TestCaseMain.startTestSuite(TestCaseMain.java:157)
	at com.kms.katalon.core.main.TestCaseMain$startTestSuite$0.call(Unknown Source)
	at TempTestSuite1611290381164.run(TempTestSuite1611290381164.groovy:39)
)
[[ATTACHMENT|/Users/chaidir.pratama01/Katalon Studio/IST_Automation_Git/Reports/20210122_113940/RTD/TS_Partner_Disbursement_SBO/20210122_113941/1611290699496.png]]

2021-01-22 11:45:00 - [MESSAGE][PASSED] - Verify Search Result Presents

2021-01-22 11:45:00 - [TEST_STEP][PASSED] - Click button "Logout": Click button "Logout"

2021-01-22 11:45:00 - [MESSAGE][INFO] - >>>>>//Button[contains(text(),'Logout')]

2021-01-22 11:45:03 - [MESSAGE][PASSED] - Object '' is present

2021-01-22 11:45:03 - [MESSAGE][PASSED] - Object: '' is clicked on

2021-01-22 11:45:03 - [MESSAGE][PASSED] - Switched to window with index: '0'

2021-01-22 11:45:03 - [MESSAGE][PASSED] - Click button "Logout"

2021-01-22 11:45:03 - [TEST_STEP][PASSED] - Close browser: Close browser

2021-01-22 11:45:03 - [MESSAGE][PASSED] - Browser is closed

2021-01-22 11:45:03 - [MESSAGE][PASSED] - Close browser

2021-01-22 11:45:03 - [TEST_CASE][PASSED] - Start Test Case : SCENARIO Search by STATUS Not Eligible to Disburse: SCENARIO Search by STATUS Not Eligible to Disburse

2021-01-22 11:45:03 - [TEST_STEP][PASSED] - Go to ISTools: Go to ISTools

2021-01-22 11:45:03 - [MESSAGE][INFO] - Starting 'Chrome (headless)' driver

2021-01-22 11:45:03 - [MESSAGE][INFO] - User set preference: ['args', '[--start-maximized, --disable-gpu, --no-proxy-server, â€“-no-sandbox, --allow-running-insecure-content, --ignore-certificate-errors, window-size=1680,814, force-device-scale-factor=2, --lang=en-GB]']

2021-01-22 11:45:03 - [MESSAGE][INFO] - User set preference: ['prefs', '{download.default_directory=/Users/chaidir.pratama01/Katalon Studio/IST_Automation_Git/Download}']

2021-01-22 11:45:03 - [MESSAGE][INFO] - Action delay is set to 0 milliseconds

2021-01-22 11:45:03 - [MESSAGE][PASSED] - Browser is opened with url: ''

2021-01-22 11:45:04 - [MESSAGE][PASSED] - Navigate to 'https://dev-istools.homecredit.id/foundation/' successfully

2021-01-22 11:45:04 - [MESSAGE][PASSED] - Go to ISTools

2021-01-22 11:45:04 - [TEST_STEP][PASSED] - Login IST with valid credentials: Login IST with valid credentials

2021-01-22 11:45:04 - [MESSAGE][PASSED] - Text 'mobile.test' is set on object 'Object Repository/Page_/input_Username_j_username'

2021-01-22 11:45:05 - [MESSAGE][PASSED] - Text ****** has been set on object 'Object Repository/Page_/input_Password_j_password'

2021-01-22 11:45:05 - [MESSAGE][PASSED] - Object: 'Object Repository/Page_/button_Login' is clicked on

2021-01-22 11:45:05 - [MESSAGE][PASSED] - Login IST with valid credentials

2021-01-22 11:45:05 - [TEST_STEP][PASSED] - Login Success: Login Success

2021-01-22 11:45:05 - [MESSAGE][INFO] - Login Success

2021-01-22 11:45:05 - [MESSAGE][PASSED] - Current window maximized

2021-01-22 11:45:05 - [MESSAGE][PASSED] - Object 'Object Repository/Page_/h1_Welcome to IT Supporting Tools' is present

2021-01-22 11:45:05 - [MESSAGE][PASSED] - Login Success

2021-01-22 11:45:05 - [TEST_STEP][PASSED] - Select Arrow Menu "Real Time Disbursement": Select Arrow Menu "Real Time Disbursement"

2021-01-22 11:45:05 - [MESSAGE][PASSED] - Object: '' is clicked on

2021-01-22 11:45:05 - [MESSAGE][PASSED] - Select Arrow Menu "Real Time Disbursement"

2021-01-22 11:45:05 - [TEST_STEP][PASSED] - Select Menu "Partner Disbursement SBO": Select Menu "Partner Disbursement SBO"

2021-01-22 11:45:06 - [MESSAGE][PASSED] - Taking screenshot successfully
[[ATTACHMENT|/Users/chaidir.pratama01/Documents/Docs/Katalon Studio/Screenshot/test-Partner Disbursement SBO.png]]

2021-01-22 11:45:06 - [MESSAGE][PASSED] - Object '' is present

2021-01-22 11:45:06 - [MESSAGE][PASSED] - Object: '' is clicked on

2021-01-22 11:45:06 - [MESSAGE][PASSED] - Wait for page load successfully

2021-01-22 11:45:06 - [MESSAGE][PASSED] - Select Menu "Partner Disbursement SBO"

2021-01-22 11:45:06 - [TEST_STEP][PASSED] - Select STATUS "Not eligible to disburse": Select STATUS "Not eligible to disburse"

2021-01-22 11:45:06 - [MESSAGE][PASSED] - All options with value 'Not eligible to disburse' are selected in object ''  using regular expression

2021-01-22 11:45:06 - [MESSAGE][PASSED] - Select STATUS "Not eligible to disburse"

2021-01-22 11:45:06 - [TEST_STEP][PASSED] - Click button "Search": Click button "Search"

2021-01-22 11:45:06 - [MESSAGE][INFO] - >>>>>//Button[contains(text(),'Search')]

2021-01-22 11:45:09 - [MESSAGE][PASSED] - Object '' is present

2021-01-22 11:45:09 - [MESSAGE][PASSED] - Object: '' is clicked on

2021-01-22 11:45:09 - [MESSAGE][PASSED] - Switched to window with index: '0'

2021-01-22 11:45:09 - [MESSAGE][PASSED] - Click button "Search"

2021-01-22 11:45:09 - [TEST_STEP][PASSED] - Verify Search Result Presents: Verify Search Result Presents

2021-01-22 11:45:13 - [MESSAGE][INFO] - Unable to find the element located by 'By.xpath: //td[@style='display:none' and contains(text(),'-Empty-')]'. Please recheck the objects properties to make sure the desired element is located. 

2021-01-22 11:45:14 - [MESSAGE][WARNING] - com.kms.katalon.core.webui.exception.WebElementNotFoundException: Web element with id: '' located by '//td[@style='display:none' and contains(text(),'-Empty-')]' not found (Root cause: com.kms.katalon.core.exception.StepFailedException: com.kms.katalon.core.webui.exception.WebElementNotFoundException: Web element with id: '' located by '//td[@style='display:none' and contains(text(),'-Empty-')]' not found
	at com.kms.katalon.core.webui.keyword.internal.WebUIKeywordMain.stepFailed(WebUIKeywordMain.groovy:64)
	at com.kms.katalon.core.webui.keyword.builtin.VerifyElementPresentKeyword$_verifyElementPresent_closure1.doCall(VerifyElementPresentKeyword.groovy:85)
	at com.kms.katalon.core.webui.keyword.builtin.VerifyElementPresentKeyword$_verifyElementPresent_closure1.call(VerifyElementPresentKeyword.groovy)
	at com.kms.katalon.core.webui.keyword.internal.WebUIKeywordMain.runKeyword(WebUIKeywordMain.groovy:20)
	at com.kms.katalon.core.webui.keyword.builtin.VerifyElementPresentKeyword.verifyElementPresent(VerifyElementPresentKeyword.groovy:92)
	at com.kms.katalon.core.webui.keyword.builtin.VerifyElementPresentKeyword.execute(VerifyElementPresentKeyword.groovy:68)
	at com.kms.katalon.core.keyword.internal.KeywordExecutor.executeKeywordForPlatform(KeywordExecutor.groovy:73)
	at com.kms.katalon.core.webui.keyword.WebUiBuiltInKeywords.verifyElementPresent(WebUiBuiltInKeywords.groovy:1444)
	at com.kms.katalon.core.webui.keyword.WebUiBuiltInKeywords$verifyElementPresent$11.call(Unknown Source)
	at ist_real.Contract_Dispatcher.VerifyTblFilled(Contract_Dispatcher.groovy:1313)
	at ist_real.Contract_Dispatcher$VerifyTblFilled$0.call(Unknown Source)
	at RTD.Search_Result_Presents(RTD.groovy:191)
	at cucumber.runtime.Utils$1.call(Utils.java:26)
	at cucumber.runtime.Timeout.timeout(Timeout.java:16)
	at cucumber.runtime.Utils.invoke(Utils.java:20)
	at cucumber.runtime.java.JavaStepDefinition.execute(JavaStepDefinition.java:48)
	at cucumber.runtime.PickleStepDefinitionMatch.runStep(PickleStepDefinitionMatch.java:50)
	at cucumber.runner.TestStep.executeStep(TestStep.java:55)
	at cucumber.runner.TestStep.run(TestStep.java:42)
	at cucumber.runner.PickleStepTestStep.run(PickleStepTestStep.java:53)
	at cucumber.runner.TestCase.run(TestCase.java:47)
	at cucumber.runner.Runner.runPickle(Runner.java:44)
	at cucumber.runtime.Runtime.runFeature(Runtime.java:120)
	at cucumber.runtime.Runtime.run(Runtime.java:106)
	at cucumber.api.cli.Main.run(Main.java:35)
	at cucumber.api.cli.Main$run.call(Unknown Source)
	at com.kms.katalon.core.cucumber.keyword.CucumberBuiltinKeywords$_runFeatureFile_closure1.doCall(CucumberBuiltinKeywords.groovy:76)
	at com.kms.katalon.core.cucumber.keyword.CucumberBuiltinKeywords$_runFeatureFile_closure1.doCall(CucumberBuiltinKeywords.groovy)
	at com.kms.katalon.core.keyword.internal.KeywordMain.runKeyword(KeywordMain.groovy:68)
	at com.kms.katalon.core.keyword.internal.KeywordMain$runKeyword.call(Unknown Source)
	at com.kms.katalon.core.cucumber.keyword.CucumberBuiltinKeywords.runFeatureFile(CucumberBuiltinKeywords.groovy:46)
	at com.kms.katalon.core.cucumber.keyword.CucumberBuiltinKeywords$runFeatureFile$0.callStatic(Unknown Source)
	at com.kms.katalon.core.cucumber.keyword.CucumberBuiltinKeywords.runFeatureFile(CucumberBuiltinKeywords.groovy:169)
	at com.kms.katalon.core.cucumber.keyword.CucumberBuiltinKeywords$runFeatureFile.call(Unknown Source)
	at TC_Search_by_STATUS.run(TC_Search_by_STATUS:18)
	at com.kms.katalon.core.main.ScriptEngine.run(ScriptEngine.java:194)
	at com.kms.katalon.core.main.ScriptEngine.runScriptAsRawText(ScriptEngine.java:119)
	at com.kms.katalon.core.main.TestCaseExecutor.runScript(TestCaseExecutor.java:339)
	at com.kms.katalon.core.main.TestCaseExecutor.doExecute(TestCaseExecutor.java:330)
	at com.kms.katalon.core.main.TestCaseExecutor.processExecutionPhase(TestCaseExecutor.java:309)
	at com.kms.katalon.core.main.TestCaseExecutor.accessMainPhase(TestCaseExecutor.java:301)
	at com.kms.katalon.core.main.TestCaseExecutor.execute(TestCaseExecutor.java:235)
	at com.kms.katalon.core.main.TestSuiteExecutor.accessTestCaseMainPhase(TestSuiteExecutor.java:191)
	at com.kms.katalon.core.main.TestSuiteExecutor.accessTestSuiteMainPhase(TestSuiteExecutor.java:141)
	at com.kms.katalon.core.main.TestSuiteExecutor.execute(TestSuiteExecutor.java:90)
	at com.kms.katalon.core.main.TestCaseMain.startTestSuite(TestCaseMain.java:157)
	at com.kms.katalon.core.main.TestCaseMain$startTestSuite$0.call(Unknown Source)
	at TempTestSuite1611290381164.run(TempTestSuite1611290381164.groovy:39)
)
[[ATTACHMENT|/Users/chaidir.pratama01/Katalon Studio/IST_Automation_Git/Reports/20210122_113940/RTD/TS_Partner_Disbursement_SBO/20210122_113941/1611290713701.png]]

2021-01-22 11:45:14 - [MESSAGE][PASSED] - Verify Search Result Presents

2021-01-22 11:45:14 - [TEST_STEP][PASSED] - Click button "Logout": Click button "Logout"

2021-01-22 11:45:14 - [MESSAGE][INFO] - >>>>>//Button[contains(text(),'Logout')]

2021-01-22 11:45:17 - [MESSAGE][PASSED] - Object '' is present

2021-01-22 11:45:17 - [MESSAGE][PASSED] - Object: '' is clicked on

2021-01-22 11:45:17 - [MESSAGE][PASSED] - Switched to window with index: '0'

2021-01-22 11:45:17 - [MESSAGE][PASSED] - Click button "Logout"

2021-01-22 11:45:17 - [TEST_STEP][PASSED] - Close browser: Close browser

2021-01-22 11:45:17 - [MESSAGE][PASSED] - Browser is closed

2021-01-22 11:45:17 - [MESSAGE][PASSED] - Close browser

2021-01-22 11:45:17 - [TEST_CASE][PASSED] - Start Test Case : SCENARIO Search by STATUS Ready to disburse: SCENARIO Search by STATUS Ready to disburse

2021-01-22 11:45:17 - [TEST_STEP][PASSED] - Go to ISTools: Go to ISTools

2021-01-22 11:45:17 - [MESSAGE][INFO] - Starting 'Chrome (headless)' driver

2021-01-22 11:45:17 - [MESSAGE][INFO] - User set preference: ['args', '[--start-maximized, --disable-gpu, --no-proxy-server, â€“-no-sandbox, --allow-running-insecure-content, --ignore-certificate-errors, window-size=1680,814, force-device-scale-factor=2, --lang=en-GB]']

2021-01-22 11:45:17 - [MESSAGE][INFO] - User set preference: ['prefs', '{download.default_directory=/Users/chaidir.pratama01/Katalon Studio/IST_Automation_Git/Download}']

2021-01-22 11:45:17 - [MESSAGE][INFO] - Action delay is set to 0 milliseconds

2021-01-22 11:45:18 - [MESSAGE][PASSED] - Browser is opened with url: ''

2021-01-22 11:45:18 - [MESSAGE][PASSED] - Navigate to 'https://dev-istools.homecredit.id/foundation/' successfully

2021-01-22 11:45:18 - [MESSAGE][PASSED] - Go to ISTools

2021-01-22 11:45:18 - [TEST_STEP][PASSED] - Login IST with valid credentials: Login IST with valid credentials

2021-01-22 11:45:19 - [MESSAGE][PASSED] - Text 'mobile.test' is set on object 'Object Repository/Page_/input_Username_j_username'

2021-01-22 11:45:19 - [MESSAGE][PASSED] - Text ****** has been set on object 'Object Repository/Page_/input_Password_j_password'

2021-01-22 11:45:19 - [MESSAGE][PASSED] - Object: 'Object Repository/Page_/button_Login' is clicked on

2021-01-22 11:45:19 - [MESSAGE][PASSED] - Login IST with valid credentials

2021-01-22 11:45:19 - [TEST_STEP][PASSED] - Login Success: Login Success

2021-01-22 11:45:19 - [MESSAGE][INFO] - Login Success

2021-01-22 11:45:19 - [MESSAGE][PASSED] - Current window maximized

2021-01-22 11:45:19 - [MESSAGE][PASSED] - Object 'Object Repository/Page_/h1_Welcome to IT Supporting Tools' is present

2021-01-22 11:45:19 - [MESSAGE][PASSED] - Login Success

2021-01-22 11:45:19 - [TEST_STEP][PASSED] - Select Arrow Menu "Real Time Disbursement": Select Arrow Menu "Real Time Disbursement"

2021-01-22 11:45:19 - [MESSAGE][PASSED] - Object: '' is clicked on

2021-01-22 11:45:19 - [MESSAGE][PASSED] - Select Arrow Menu "Real Time Disbursement"

2021-01-22 11:45:19 - [TEST_STEP][PASSED] - Select Menu "Partner Disbursement SBO": Select Menu "Partner Disbursement SBO"

2021-01-22 11:45:20 - [MESSAGE][PASSED] - Taking screenshot successfully
[[ATTACHMENT|/Users/chaidir.pratama01/Documents/Docs/Katalon Studio/Screenshot/test-Partner Disbursement SBO.png]]

2021-01-22 11:45:20 - [MESSAGE][PASSED] - Object '' is present

2021-01-22 11:45:20 - [MESSAGE][PASSED] - Object: '' is clicked on

2021-01-22 11:45:20 - [MESSAGE][PASSED] - Wait for page load successfully

2021-01-22 11:45:20 - [MESSAGE][PASSED] - Select Menu "Partner Disbursement SBO"

2021-01-22 11:45:20 - [TEST_STEP][PASSED] - Select STATUS "Ready to disburse": Select STATUS "Ready to disburse"

2021-01-22 11:45:20 - [MESSAGE][PASSED] - All options with value 'Ready to disburse' are selected in object ''  using regular expression

2021-01-22 11:45:20 - [MESSAGE][PASSED] - Select STATUS "Ready to disburse"

2021-01-22 11:45:20 - [TEST_STEP][PASSED] - Click button "Search": Click button "Search"

2021-01-22 11:45:20 - [MESSAGE][INFO] - >>>>>//Button[contains(text(),'Search')]

2021-01-22 11:45:23 - [MESSAGE][PASSED] - Object '' is present

2021-01-22 11:45:23 - [MESSAGE][PASSED] - Object: '' is clicked on

2021-01-22 11:45:23 - [MESSAGE][PASSED] - Switched to window with index: '0'

2021-01-22 11:45:23 - [MESSAGE][PASSED] - Click button "Search"

2021-01-22 11:45:23 - [TEST_STEP][PASSED] - Verify Search Result Presents: Verify Search Result Presents

2021-01-22 11:45:23 - [MESSAGE][PASSED] - Object '' is present

2021-01-22 11:45:28 - [MESSAGE][PASSED] - Verify Search Result Presents

2021-01-22 11:45:28 - [TEST_STEP][PASSED] - Click button "Logout": Click button "Logout"

2021-01-22 11:45:28 - [MESSAGE][INFO] - >>>>>//Button[contains(text(),'Logout')]

2021-01-22 11:45:31 - [MESSAGE][PASSED] - Object '' is present

2021-01-22 11:45:31 - [MESSAGE][PASSED] - Object: '' is clicked on

2021-01-22 11:45:31 - [MESSAGE][PASSED] - Switched to window with index: '0'

2021-01-22 11:45:31 - [MESSAGE][PASSED] - Click button "Logout"

2021-01-22 11:45:31 - [TEST_STEP][PASSED] - Close browser: Close browser

2021-01-22 11:45:31 - [MESSAGE][PASSED] - Browser is closed

2021-01-22 11:45:31 - [MESSAGE][PASSED] - Close browser

2021-01-22 11:45:31 - [TEST_CASE][PASSED] - Start Test Case : SCENARIO Search by STATUS Failed due to invalid bank account: SCENARIO Search by STATUS Failed due to invalid bank account

2021-01-22 11:45:31 - [TEST_STEP][PASSED] - Go to ISTools: Go to ISTools

2021-01-22 11:45:31 - [MESSAGE][INFO] - Starting 'Chrome (headless)' driver

2021-01-22 11:45:31 - [MESSAGE][INFO] - User set preference: ['args', '[--start-maximized, --disable-gpu, --no-proxy-server, â€“-no-sandbox, --allow-running-insecure-content, --ignore-certificate-errors, window-size=1680,814, force-device-scale-factor=2, --lang=en-GB]']

2021-01-22 11:45:31 - [MESSAGE][INFO] - User set preference: ['prefs', '{download.default_directory=/Users/chaidir.pratama01/Katalon Studio/IST_Automation_Git/Download}']

2021-01-22 11:45:31 - [MESSAGE][INFO] - Action delay is set to 0 milliseconds

2021-01-22 11:45:31 - [MESSAGE][PASSED] - Browser is opened with url: ''

2021-01-22 11:45:32 - [MESSAGE][PASSED] - Navigate to 'https://dev-istools.homecredit.id/foundation/' successfully

2021-01-22 11:45:32 - [MESSAGE][PASSED] - Go to ISTools

2021-01-22 11:45:32 - [TEST_STEP][PASSED] - Login IST with valid credentials: Login IST with valid credentials

2021-01-22 11:45:32 - [MESSAGE][PASSED] - Text 'mobile.test' is set on object 'Object Repository/Page_/input_Username_j_username'

2021-01-22 11:45:32 - [MESSAGE][PASSED] - Text ****** has been set on object 'Object Repository/Page_/input_Password_j_password'

2021-01-22 11:45:32 - [MESSAGE][PASSED] - Object: 'Object Repository/Page_/button_Login' is clicked on

2021-01-22 11:45:32 - [MESSAGE][PASSED] - Login IST with valid credentials

2021-01-22 11:45:32 - [TEST_STEP][PASSED] - Login Success: Login Success

2021-01-22 11:45:32 - [MESSAGE][INFO] - Login Success

2021-01-22 11:45:32 - [MESSAGE][PASSED] - Current window maximized

2021-01-22 11:45:33 - [MESSAGE][PASSED] - Object 'Object Repository/Page_/h1_Welcome to IT Supporting Tools' is present

2021-01-22 11:45:33 - [MESSAGE][PASSED] - Login Success

2021-01-22 11:45:33 - [TEST_STEP][PASSED] - Select Arrow Menu "Real Time Disbursement": Select Arrow Menu "Real Time Disbursement"

2021-01-22 11:45:33 - [MESSAGE][PASSED] - Object: '' is clicked on

2021-01-22 11:45:33 - [MESSAGE][PASSED] - Select Arrow Menu "Real Time Disbursement"

2021-01-22 11:45:33 - [TEST_STEP][PASSED] - Select Menu "Partner Disbursement SBO": Select Menu "Partner Disbursement SBO"

2021-01-22 11:45:33 - [MESSAGE][PASSED] - Taking screenshot successfully
[[ATTACHMENT|/Users/chaidir.pratama01/Documents/Docs/Katalon Studio/Screenshot/test-Partner Disbursement SBO.png]]

2021-01-22 11:45:33 - [MESSAGE][PASSED] - Object '' is present

2021-01-22 11:45:33 - [MESSAGE][PASSED] - Object: '' is clicked on

2021-01-22 11:45:33 - [MESSAGE][PASSED] - Wait for page load successfully

2021-01-22 11:45:33 - [MESSAGE][PASSED] - Select Menu "Partner Disbursement SBO"

2021-01-22 11:45:33 - [TEST_STEP][PASSED] - Select STATUS "Failed due to invalid bank account": Select STATUS "Failed due to invalid bank account"

2021-01-22 11:45:34 - [MESSAGE][PASSED] - All options with value 'Failed due to invalid bank account' are selected in object ''  using regular expression

2021-01-22 11:45:34 - [MESSAGE][PASSED] - Select STATUS "Failed due to invalid bank account"

2021-01-22 11:45:34 - [TEST_STEP][PASSED] - Click button "Search": Click button "Search"

2021-01-22 11:45:34 - [MESSAGE][INFO] - >>>>>//Button[contains(text(),'Search')]

2021-01-22 11:45:37 - [MESSAGE][PASSED] - Object '' is present

2021-01-22 11:45:37 - [MESSAGE][PASSED] - Object: '' is clicked on

2021-01-22 11:45:37 - [MESSAGE][PASSED] - Switched to window with index: '0'

2021-01-22 11:45:37 - [MESSAGE][PASSED] - Click button "Search"

2021-01-22 11:45:37 - [TEST_STEP][PASSED] - Verify Search Result Presents: Verify Search Result Presents

2021-01-22 11:45:41 - [MESSAGE][INFO] - Unable to find the element located by 'By.xpath: //td[@style='display:none' and contains(text(),'-Empty-')]'. Please recheck the objects properties to make sure the desired element is located. 

2021-01-22 11:45:41 - [MESSAGE][WARNING] - com.kms.katalon.core.webui.exception.WebElementNotFoundException: Web element with id: '' located by '//td[@style='display:none' and contains(text(),'-Empty-')]' not found (Root cause: com.kms.katalon.core.exception.StepFailedException: com.kms.katalon.core.webui.exception.WebElementNotFoundException: Web element with id: '' located by '//td[@style='display:none' and contains(text(),'-Empty-')]' not found
	at com.kms.katalon.core.webui.keyword.internal.WebUIKeywordMain.stepFailed(WebUIKeywordMain.groovy:64)
	at com.kms.katalon.core.webui.keyword.builtin.VerifyElementPresentKeyword$_verifyElementPresent_closure1.doCall(VerifyElementPresentKeyword.groovy:85)
	at com.kms.katalon.core.webui.keyword.builtin.VerifyElementPresentKeyword$_verifyElementPresent_closure1.call(VerifyElementPresentKeyword.groovy)
	at com.kms.katalon.core.webui.keyword.internal.WebUIKeywordMain.runKeyword(WebUIKeywordMain.groovy:20)
	at com.kms.katalon.core.webui.keyword.builtin.VerifyElementPresentKeyword.verifyElementPresent(VerifyElementPresentKeyword.groovy:92)
	at com.kms.katalon.core.webui.keyword.builtin.VerifyElementPresentKeyword.execute(VerifyElementPresentKeyword.groovy:68)
	at com.kms.katalon.core.keyword.internal.KeywordExecutor.executeKeywordForPlatform(KeywordExecutor.groovy:73)
	at com.kms.katalon.core.webui.keyword.WebUiBuiltInKeywords.verifyElementPresent(WebUiBuiltInKeywords.groovy:1444)
	at com.kms.katalon.core.webui.keyword.WebUiBuiltInKeywords$verifyElementPresent$11.call(Unknown Source)
	at ist_real.Contract_Dispatcher.VerifyTblFilled(Contract_Dispatcher.groovy:1313)
	at ist_real.Contract_Dispatcher$VerifyTblFilled$0.call(Unknown Source)
	at RTD.Search_Result_Presents(RTD.groovy:191)
	at cucumber.runtime.Utils$1.call(Utils.java:26)
	at cucumber.runtime.Timeout.timeout(Timeout.java:16)
	at cucumber.runtime.Utils.invoke(Utils.java:20)
	at cucumber.runtime.java.JavaStepDefinition.execute(JavaStepDefinition.java:48)
	at cucumber.runtime.PickleStepDefinitionMatch.runStep(PickleStepDefinitionMatch.java:50)
	at cucumber.runner.TestStep.executeStep(TestStep.java:55)
	at cucumber.runner.TestStep.run(TestStep.java:42)
	at cucumber.runner.PickleStepTestStep.run(PickleStepTestStep.java:53)
	at cucumber.runner.TestCase.run(TestCase.java:47)
	at cucumber.runner.Runner.runPickle(Runner.java:44)
	at cucumber.runtime.Runtime.runFeature(Runtime.java:120)
	at cucumber.runtime.Runtime.run(Runtime.java:106)
	at cucumber.api.cli.Main.run(Main.java:35)
	at cucumber.api.cli.Main$run.call(Unknown Source)
	at com.kms.katalon.core.cucumber.keyword.CucumberBuiltinKeywords$_runFeatureFile_closure1.doCall(CucumberBuiltinKeywords.groovy:76)
	at com.kms.katalon.core.cucumber.keyword.CucumberBuiltinKeywords$_runFeatureFile_closure1.doCall(CucumberBuiltinKeywords.groovy)
	at com.kms.katalon.core.keyword.internal.KeywordMain.runKeyword(KeywordMain.groovy:68)
	at com.kms.katalon.core.keyword.internal.KeywordMain$runKeyword.call(Unknown Source)
	at com.kms.katalon.core.cucumber.keyword.CucumberBuiltinKeywords.runFeatureFile(CucumberBuiltinKeywords.groovy:46)
	at com.kms.katalon.core.cucumber.keyword.CucumberBuiltinKeywords$runFeatureFile$0.callStatic(Unknown Source)
	at com.kms.katalon.core.cucumber.keyword.CucumberBuiltinKeywords.runFeatureFile(CucumberBuiltinKeywords.groovy:169)
	at com.kms.katalon.core.cucumber.keyword.CucumberBuiltinKeywords$runFeatureFile.call(Unknown Source)
	at TC_Search_by_STATUS.run(TC_Search_by_STATUS:18)
	at com.kms.katalon.core.main.ScriptEngine.run(ScriptEngine.java:194)
	at com.kms.katalon.core.main.ScriptEngine.runScriptAsRawText(ScriptEngine.java:119)
	at com.kms.katalon.core.main.TestCaseExecutor.runScript(TestCaseExecutor.java:339)
	at com.kms.katalon.core.main.TestCaseExecutor.doExecute(TestCaseExecutor.java:330)
	at com.kms.katalon.core.main.TestCaseExecutor.processExecutionPhase(TestCaseExecutor.java:309)
	at com.kms.katalon.core.main.TestCaseExecutor.accessMainPhase(TestCaseExecutor.java:301)
	at com.kms.katalon.core.main.TestCaseExecutor.execute(TestCaseExecutor.java:235)
	at com.kms.katalon.core.main.TestSuiteExecutor.accessTestCaseMainPhase(TestSuiteExecutor.java:191)
	at com.kms.katalon.core.main.TestSuiteExecutor.accessTestSuiteMainPhase(TestSuiteExecutor.java:141)
	at com.kms.katalon.core.main.TestSuiteExecutor.execute(TestSuiteExecutor.java:90)
	at com.kms.katalon.core.main.TestCaseMain.startTestSuite(TestCaseMain.java:157)
	at com.kms.katalon.core.main.TestCaseMain$startTestSuite$0.call(Unknown Source)
	at TempTestSuite1611290381164.run(TempTestSuite1611290381164.groovy:39)
)
[[ATTACHMENT|/Users/chaidir.pratama01/Katalon Studio/IST_Automation_Git/Reports/20210122_113940/RTD/TS_Partner_Disbursement_SBO/20210122_113941/1611290741123.png]]

2021-01-22 11:45:41 - [MESSAGE][PASSED] - Verify Search Result Presents

2021-01-22 11:45:41 - [TEST_STEP][PASSED] - Click button "Logout": Click button "Logout"

2021-01-22 11:45:41 - [MESSAGE][INFO] - >>>>>//Button[contains(text(),'Logout')]

2021-01-22 11:45:44 - [MESSAGE][PASSED] - Object '' is present

2021-01-22 11:45:45 - [MESSAGE][PASSED] - Object: '' is clicked on

2021-01-22 11:45:45 - [MESSAGE][PASSED] - Switched to window with index: '0'

2021-01-22 11:45:45 - [MESSAGE][PASSED] - Click button "Logout"

2021-01-22 11:45:45 - [TEST_STEP][PASSED] - Close browser: Close browser

2021-01-22 11:45:45 - [MESSAGE][PASSED] - Browser is closed

2021-01-22 11:45:45 - [MESSAGE][PASSED] - Close browser

2021-01-22 11:45:45 - [TEST_CASE][PASSED] - Start Test Case : SCENARIO Search by STATUS Failed due to system error: SCENARIO Search by STATUS Failed due to system error

2021-01-22 11:45:45 - [TEST_STEP][PASSED] - Go to ISTools: Go to ISTools

2021-01-22 11:45:45 - [MESSAGE][INFO] - Starting 'Chrome (headless)' driver

2021-01-22 11:45:45 - [MESSAGE][INFO] - User set preference: ['args', '[--start-maximized, --disable-gpu, --no-proxy-server, â€“-no-sandbox, --allow-running-insecure-content, --ignore-certificate-errors, window-size=1680,814, force-device-scale-factor=2, --lang=en-GB]']

2021-01-22 11:45:45 - [MESSAGE][INFO] - User set preference: ['prefs', '{download.default_directory=/Users/chaidir.pratama01/Katalon Studio/IST_Automation_Git/Download}']

2021-01-22 11:45:45 - [MESSAGE][INFO] - Action delay is set to 0 milliseconds

2021-01-22 11:45:45 - [MESSAGE][PASSED] - Browser is opened with url: ''

2021-01-22 11:45:46 - [MESSAGE][PASSED] - Navigate to 'https://dev-istools.homecredit.id/foundation/' successfully

2021-01-22 11:45:46 - [MESSAGE][PASSED] - Go to ISTools

2021-01-22 11:45:46 - [TEST_STEP][PASSED] - Login IST with valid credentials: Login IST with valid credentials

2021-01-22 11:45:46 - [MESSAGE][PASSED] - Text 'mobile.test' is set on object 'Object Repository/Page_/input_Username_j_username'

2021-01-22 11:45:46 - [MESSAGE][PASSED] - Text ****** has been set on object 'Object Repository/Page_/input_Password_j_password'

2021-01-22 11:45:46 - [MESSAGE][PASSED] - Object: 'Object Repository/Page_/button_Login' is clicked on

2021-01-22 11:45:46 - [MESSAGE][PASSED] - Login IST with valid credentials

2021-01-22 11:45:46 - [TEST_STEP][PASSED] - Login Success: Login Success

2021-01-22 11:45:46 - [MESSAGE][INFO] - Login Success

2021-01-22 11:45:46 - [MESSAGE][PASSED] - Current window maximized

2021-01-22 11:45:46 - [MESSAGE][PASSED] - Object 'Object Repository/Page_/h1_Welcome to IT Supporting Tools' is present

2021-01-22 11:45:46 - [MESSAGE][PASSED] - Login Success

2021-01-22 11:45:46 - [TEST_STEP][PASSED] - Select Arrow Menu "Real Time Disbursement": Select Arrow Menu "Real Time Disbursement"

2021-01-22 11:45:47 - [MESSAGE][PASSED] - Object: '' is clicked on

2021-01-22 11:45:47 - [MESSAGE][PASSED] - Select Arrow Menu "Real Time Disbursement"

2021-01-22 11:45:47 - [TEST_STEP][PASSED] - Select Menu "Partner Disbursement SBO": Select Menu "Partner Disbursement SBO"

2021-01-22 11:45:47 - [MESSAGE][PASSED] - Taking screenshot successfully
[[ATTACHMENT|/Users/chaidir.pratama01/Documents/Docs/Katalon Studio/Screenshot/test-Partner Disbursement SBO.png]]

2021-01-22 11:45:47 - [MESSAGE][PASSED] - Object '' is present

2021-01-22 11:45:47 - [MESSAGE][PASSED] - Object: '' is clicked on

2021-01-22 11:45:47 - [MESSAGE][PASSED] - Wait for page load successfully

2021-01-22 11:45:47 - [MESSAGE][PASSED] - Select Menu "Partner Disbursement SBO"

2021-01-22 11:45:47 - [TEST_STEP][PASSED] - Select STATUS "Failed due to system error": Select STATUS "Failed due to system error"

2021-01-22 11:45:48 - [MESSAGE][PASSED] - All options with value 'Failed due to system error' are selected in object ''  using regular expression

2021-01-22 11:45:48 - [MESSAGE][PASSED] - Select STATUS "Failed due to system error"

2021-01-22 11:45:48 - [TEST_STEP][PASSED] - Click button "Search": Click button "Search"

2021-01-22 11:45:48 - [MESSAGE][INFO] - >>>>>//Button[contains(text(),'Search')]

2021-01-22 11:45:51 - [MESSAGE][PASSED] - Object '' is present

2021-01-22 11:45:51 - [MESSAGE][PASSED] - Object: '' is clicked on

2021-01-22 11:45:51 - [MESSAGE][PASSED] - Switched to window with index: '0'

2021-01-22 11:45:51 - [MESSAGE][PASSED] - Click button "Search"

2021-01-22 11:45:51 - [TEST_STEP][PASSED] - Verify Search Result Presents: Verify Search Result Presents

2021-01-22 11:45:51 - [MESSAGE][PASSED] - Object '' is present

2021-01-22 11:45:52 - [MESSAGE][PASSED] - Verify Search Result Presents

2021-01-22 11:45:52 - [TEST_STEP][PASSED] - Click button "Logout": Click button "Logout"

2021-01-22 11:45:52 - [MESSAGE][INFO] - >>>>>//Button[contains(text(),'Logout')]

2021-01-22 11:45:55 - [MESSAGE][PASSED] - Object '' is present

2021-01-22 11:45:55 - [MESSAGE][PASSED] - Object: '' is clicked on

2021-01-22 11:45:55 - [MESSAGE][PASSED] - Switched to window with index: '0'

2021-01-22 11:45:55 - [MESSAGE][PASSED] - Click button "Logout"

2021-01-22 11:45:55 - [TEST_STEP][PASSED] - Close browser: Close browser

2021-01-22 11:45:56 - [MESSAGE][PASSED] - Browser is closed

2021-01-22 11:45:56 - [MESSAGE][PASSED] - Close browser

2021-01-22 11:45:56 - [TEST_CASE][PASSED] - Start Test Case : SCENARIO Search by STATUS Failed due to insufficient fund: SCENARIO Search by STATUS Failed due to insufficient fund

2021-01-22 11:45:56 - [TEST_STEP][PASSED] - Go to ISTools: Go to ISTools

2021-01-22 11:45:56 - [MESSAGE][INFO] - Starting 'Chrome (headless)' driver

2021-01-22 11:45:56 - [MESSAGE][INFO] - User set preference: ['args', '[--start-maximized, --disable-gpu, --no-proxy-server, â€“-no-sandbox, --allow-running-insecure-content, --ignore-certificate-errors, window-size=1680,814, force-device-scale-factor=2, --lang=en-GB]']

2021-01-22 11:45:56 - [MESSAGE][INFO] - User set preference: ['prefs', '{download.default_directory=/Users/chaidir.pratama01/Katalon Studio/IST_Automation_Git/Download}']

2021-01-22 11:45:56 - [MESSAGE][INFO] - Action delay is set to 0 milliseconds

2021-01-22 11:45:56 - [MESSAGE][PASSED] - Browser is opened with url: ''

2021-01-22 11:45:57 - [MESSAGE][PASSED] - Navigate to 'https://dev-istools.homecredit.id/foundation/' successfully

2021-01-22 11:45:57 - [MESSAGE][PASSED] - Go to ISTools

2021-01-22 11:45:57 - [TEST_STEP][PASSED] - Login IST with valid credentials: Login IST with valid credentials

2021-01-22 11:45:57 - [MESSAGE][PASSED] - Text 'mobile.test' is set on object 'Object Repository/Page_/input_Username_j_username'

2021-01-22 11:45:57 - [MESSAGE][PASSED] - Text ****** has been set on object 'Object Repository/Page_/input_Password_j_password'

2021-01-22 11:45:57 - [MESSAGE][PASSED] - Object: 'Object Repository/Page_/button_Login' is clicked on

2021-01-22 11:45:57 - [MESSAGE][PASSED] - Login IST with valid credentials

2021-01-22 11:45:57 - [TEST_STEP][PASSED] - Login Success: Login Success

2021-01-22 11:45:57 - [MESSAGE][INFO] - Login Success

2021-01-22 11:45:57 - [MESSAGE][PASSED] - Current window maximized

2021-01-22 11:45:57 - [MESSAGE][PASSED] - Object 'Object Repository/Page_/h1_Welcome to IT Supporting Tools' is present

2021-01-22 11:45:57 - [MESSAGE][PASSED] - Login Success

2021-01-22 11:45:57 - [TEST_STEP][PASSED] - Select Arrow Menu "Real Time Disbursement": Select Arrow Menu "Real Time Disbursement"

2021-01-22 11:45:57 - [MESSAGE][PASSED] - Object: '' is clicked on

2021-01-22 11:45:57 - [MESSAGE][PASSED] - Select Arrow Menu "Real Time Disbursement"

2021-01-22 11:45:57 - [TEST_STEP][PASSED] - Select Menu "Partner Disbursement SBO": Select Menu "Partner Disbursement SBO"

2021-01-22 11:45:58 - [MESSAGE][PASSED] - Taking screenshot successfully
[[ATTACHMENT|/Users/chaidir.pratama01/Documents/Docs/Katalon Studio/Screenshot/test-Partner Disbursement SBO.png]]

2021-01-22 11:45:58 - [MESSAGE][PASSED] - Object '' is present

2021-01-22 11:45:58 - [MESSAGE][PASSED] - Object: '' is clicked on

2021-01-22 11:45:58 - [MESSAGE][PASSED] - Wait for page load successfully

2021-01-22 11:45:58 - [MESSAGE][PASSED] - Select Menu "Partner Disbursement SBO"

2021-01-22 11:45:58 - [TEST_STEP][PASSED] - Select STATUS "Failed due to insufficient fund": Select STATUS "Failed due to insufficient fund"

2021-01-22 11:45:58 - [MESSAGE][PASSED] - All options with value 'Failed due to insufficient fund' are selected in object ''  using regular expression

2021-01-22 11:45:58 - [MESSAGE][PASSED] - Select STATUS "Failed due to insufficient fund"

2021-01-22 11:45:58 - [TEST_STEP][PASSED] - Click button "Search": Click button "Search"

2021-01-22 11:45:58 - [MESSAGE][INFO] - >>>>>//Button[contains(text(),'Search')]

2021-01-22 11:46:01 - [MESSAGE][PASSED] - Object '' is present

2021-01-22 11:46:01 - [MESSAGE][PASSED] - Object: '' is clicked on

2021-01-22 11:46:01 - [MESSAGE][PASSED] - Switched to window with index: '0'

2021-01-22 11:46:01 - [MESSAGE][PASSED] - Click button "Search"

2021-01-22 11:46:01 - [TEST_STEP][PASSED] - Verify Search Result Presents: Verify Search Result Presents

2021-01-22 11:46:05 - [MESSAGE][INFO] - Unable to find the element located by 'By.xpath: //td[@style='display:none' and contains(text(),'-Empty-')]'. Please recheck the objects properties to make sure the desired element is located. 

2021-01-22 11:46:06 - [MESSAGE][WARNING] - com.kms.katalon.core.webui.exception.WebElementNotFoundException: Web element with id: '' located by '//td[@style='display:none' and contains(text(),'-Empty-')]' not found (Root cause: com.kms.katalon.core.exception.StepFailedException: com.kms.katalon.core.webui.exception.WebElementNotFoundException: Web element with id: '' located by '//td[@style='display:none' and contains(text(),'-Empty-')]' not found
	at com.kms.katalon.core.webui.keyword.internal.WebUIKeywordMain.stepFailed(WebUIKeywordMain.groovy:64)
	at com.kms.katalon.core.webui.keyword.builtin.VerifyElementPresentKeyword$_verifyElementPresent_closure1.doCall(VerifyElementPresentKeyword.groovy:85)
	at com.kms.katalon.core.webui.keyword.builtin.VerifyElementPresentKeyword$_verifyElementPresent_closure1.call(VerifyElementPresentKeyword.groovy)
	at com.kms.katalon.core.webui.keyword.internal.WebUIKeywordMain.runKeyword(WebUIKeywordMain.groovy:20)
	at com.kms.katalon.core.webui.keyword.builtin.VerifyElementPresentKeyword.verifyElementPresent(VerifyElementPresentKeyword.groovy:92)
	at com.kms.katalon.core.webui.keyword.builtin.VerifyElementPresentKeyword.execute(VerifyElementPresentKeyword.groovy:68)
	at com.kms.katalon.core.keyword.internal.KeywordExecutor.executeKeywordForPlatform(KeywordExecutor.groovy:73)
	at com.kms.katalon.core.webui.keyword.WebUiBuiltInKeywords.verifyElementPresent(WebUiBuiltInKeywords.groovy:1444)
	at com.kms.katalon.core.webui.keyword.WebUiBuiltInKeywords$verifyElementPresent$11.call(Unknown Source)
	at ist_real.Contract_Dispatcher.VerifyTblFilled(Contract_Dispatcher.groovy:1313)
	at ist_real.Contract_Dispatcher$VerifyTblFilled$0.call(Unknown Source)
	at RTD.Search_Result_Presents(RTD.groovy:191)
	at cucumber.runtime.Utils$1.call(Utils.java:26)
	at cucumber.runtime.Timeout.timeout(Timeout.java:16)
	at cucumber.runtime.Utils.invoke(Utils.java:20)
	at cucumber.runtime.java.JavaStepDefinition.execute(JavaStepDefinition.java:48)
	at cucumber.runtime.PickleStepDefinitionMatch.runStep(PickleStepDefinitionMatch.java:50)
	at cucumber.runner.TestStep.executeStep(TestStep.java:55)
	at cucumber.runner.TestStep.run(TestStep.java:42)
	at cucumber.runner.PickleStepTestStep.run(PickleStepTestStep.java:53)
	at cucumber.runner.TestCase.run(TestCase.java:47)
	at cucumber.runner.Runner.runPickle(Runner.java:44)
	at cucumber.runtime.Runtime.runFeature(Runtime.java:120)
	at cucumber.runtime.Runtime.run(Runtime.java:106)
	at cucumber.api.cli.Main.run(Main.java:35)
	at cucumber.api.cli.Main$run.call(Unknown Source)
	at com.kms.katalon.core.cucumber.keyword.CucumberBuiltinKeywords$_runFeatureFile_closure1.doCall(CucumberBuiltinKeywords.groovy:76)
	at com.kms.katalon.core.cucumber.keyword.CucumberBuiltinKeywords$_runFeatureFile_closure1.doCall(CucumberBuiltinKeywords.groovy)
	at com.kms.katalon.core.keyword.internal.KeywordMain.runKeyword(KeywordMain.groovy:68)
	at com.kms.katalon.core.keyword.internal.KeywordMain$runKeyword.call(Unknown Source)
	at com.kms.katalon.core.cucumber.keyword.CucumberBuiltinKeywords.runFeatureFile(CucumberBuiltinKeywords.groovy:46)
	at com.kms.katalon.core.cucumber.keyword.CucumberBuiltinKeywords$runFeatureFile$0.callStatic(Unknown Source)
	at com.kms.katalon.core.cucumber.keyword.CucumberBuiltinKeywords.runFeatureFile(CucumberBuiltinKeywords.groovy:169)
	at com.kms.katalon.core.cucumber.keyword.CucumberBuiltinKeywords$runFeatureFile.call(Unknown Source)
	at TC_Search_by_STATUS.run(TC_Search_by_STATUS:18)
	at com.kms.katalon.core.main.ScriptEngine.run(ScriptEngine.java:194)
	at com.kms.katalon.core.main.ScriptEngine.runScriptAsRawText(ScriptEngine.java:119)
	at com.kms.katalon.core.main.TestCaseExecutor.runScript(TestCaseExecutor.java:339)
	at com.kms.katalon.core.main.TestCaseExecutor.doExecute(TestCaseExecutor.java:330)
	at com.kms.katalon.core.main.TestCaseExecutor.processExecutionPhase(TestCaseExecutor.java:309)
	at com.kms.katalon.core.main.TestCaseExecutor.accessMainPhase(TestCaseExecutor.java:301)
	at com.kms.katalon.core.main.TestCaseExecutor.execute(TestCaseExecutor.java:235)
	at com.kms.katalon.core.main.TestSuiteExecutor.accessTestCaseMainPhase(TestSuiteExecutor.java:191)
	at com.kms.katalon.core.main.TestSuiteExecutor.accessTestSuiteMainPhase(TestSuiteExecutor.java:141)
	at com.kms.katalon.core.main.TestSuiteExecutor.execute(TestSuiteExecutor.java:90)
	at com.kms.katalon.core.main.TestCaseMain.startTestSuite(TestCaseMain.java:157)
	at com.kms.katalon.core.main.TestCaseMain$startTestSuite$0.call(Unknown Source)
	at TempTestSuite1611290381164.run(TempTestSuite1611290381164.groovy:39)
)
[[ATTACHMENT|/Users/chaidir.pratama01/Katalon Studio/IST_Automation_Git/Reports/20210122_113940/RTD/TS_Partner_Disbursement_SBO/20210122_113941/1611290765885.png]]

2021-01-22 11:46:06 - [MESSAGE][PASSED] - Verify Search Result Presents

2021-01-22 11:46:06 - [TEST_STEP][PASSED] - Click button "Logout": Click button "Logout"

2021-01-22 11:46:06 - [MESSAGE][INFO] - >>>>>//Button[contains(text(),'Logout')]

2021-01-22 11:46:09 - [MESSAGE][PASSED] - Object '' is present

2021-01-22 11:46:09 - [MESSAGE][PASSED] - Object: '' is clicked on

2021-01-22 11:46:09 - [MESSAGE][PASSED] - Switched to window with index: '0'

2021-01-22 11:46:09 - [MESSAGE][PASSED] - Click button "Logout"

2021-01-22 11:46:09 - [TEST_STEP][PASSED] - Close browser: Close browser

2021-01-22 11:46:09 - [MESSAGE][PASSED] - Browser is closed

2021-01-22 11:46:09 - [MESSAGE][PASSED] - Close browser

2021-01-22 11:46:09 - [TEST_CASE][PASSED] - Start Test Case : SCENARIO Search by STATUS Failed due to not supported bank: SCENARIO Search by STATUS Failed due to not supported bank

2021-01-22 11:46:09 - [TEST_STEP][PASSED] - Go to ISTools: Go to ISTools

2021-01-22 11:46:09 - [MESSAGE][INFO] - Starting 'Chrome (headless)' driver

2021-01-22 11:46:09 - [MESSAGE][INFO] - User set preference: ['args', '[--start-maximized, --disable-gpu, --no-proxy-server, â€“-no-sandbox, --allow-running-insecure-content, --ignore-certificate-errors, window-size=1680,814, force-device-scale-factor=2, --lang=en-GB]']

2021-01-22 11:46:09 - [MESSAGE][INFO] - User set preference: ['prefs', '{download.default_directory=/Users/chaidir.pratama01/Katalon Studio/IST_Automation_Git/Download}']

2021-01-22 11:46:09 - [MESSAGE][INFO] - Action delay is set to 0 milliseconds

2021-01-22 11:46:10 - [MESSAGE][PASSED] - Browser is opened with url: ''

2021-01-22 11:46:10 - [MESSAGE][PASSED] - Navigate to 'https://dev-istools.homecredit.id/foundation/' successfully

2021-01-22 11:46:10 - [MESSAGE][PASSED] - Go to ISTools

2021-01-22 11:46:10 - [TEST_STEP][PASSED] - Login IST with valid credentials: Login IST with valid credentials

2021-01-22 11:46:11 - [MESSAGE][PASSED] - Text 'mobile.test' is set on object 'Object Repository/Page_/input_Username_j_username'

2021-01-22 11:46:11 - [MESSAGE][PASSED] - Text ****** has been set on object 'Object Repository/Page_/input_Password_j_password'

2021-01-22 11:46:11 - [MESSAGE][PASSED] - Object: 'Object Repository/Page_/button_Login' is clicked on

2021-01-22 11:46:11 - [MESSAGE][PASSED] - Login IST with valid credentials

2021-01-22 11:46:11 - [TEST_STEP][PASSED] - Login Success: Login Success

2021-01-22 11:46:11 - [MESSAGE][INFO] - Login Success

2021-01-22 11:46:11 - [MESSAGE][PASSED] - Current window maximized

2021-01-22 11:46:11 - [MESSAGE][PASSED] - Object 'Object Repository/Page_/h1_Welcome to IT Supporting Tools' is present

2021-01-22 11:46:11 - [MESSAGE][PASSED] - Login Success

2021-01-22 11:46:11 - [TEST_STEP][PASSED] - Select Arrow Menu "Real Time Disbursement": Select Arrow Menu "Real Time Disbursement"

2021-01-22 11:46:11 - [MESSAGE][PASSED] - Object: '' is clicked on

2021-01-22 11:46:11 - [MESSAGE][PASSED] - Select Arrow Menu "Real Time Disbursement"

2021-01-22 11:46:11 - [TEST_STEP][PASSED] - Select Menu "Partner Disbursement SBO": Select Menu "Partner Disbursement SBO"

2021-01-22 11:46:12 - [MESSAGE][PASSED] - Taking screenshot successfully
[[ATTACHMENT|/Users/chaidir.pratama01/Documents/Docs/Katalon Studio/Screenshot/test-Partner Disbursement SBO.png]]

2021-01-22 11:46:12 - [MESSAGE][PASSED] - Object '' is present

2021-01-22 11:46:12 - [MESSAGE][PASSED] - Object: '' is clicked on

2021-01-22 11:46:12 - [MESSAGE][PASSED] - Wait for page load successfully

2021-01-22 11:46:12 - [MESSAGE][PASSED] - Select Menu "Partner Disbursement SBO"

2021-01-22 11:46:12 - [TEST_STEP][PASSED] - Select STATUS "Failed due to not supported bank": Select STATUS "Failed due to not supported bank"

2021-01-22 11:46:12 - [MESSAGE][PASSED] - All options with value 'Failed due to not supported bank' are selected in object ''  using regular expression

2021-01-22 11:46:12 - [MESSAGE][PASSED] - Select STATUS "Failed due to not supported bank"

2021-01-22 11:46:12 - [TEST_STEP][PASSED] - Click button "Search": Click button "Search"

2021-01-22 11:46:12 - [MESSAGE][INFO] - >>>>>//Button[contains(text(),'Search')]

2021-01-22 11:46:15 - [MESSAGE][PASSED] - Object '' is present

2021-01-22 11:46:15 - [MESSAGE][PASSED] - Object: '' is clicked on

2021-01-22 11:46:15 - [MESSAGE][PASSED] - Switched to window with index: '0'

2021-01-22 11:46:15 - [MESSAGE][PASSED] - Click button "Search"

2021-01-22 11:46:15 - [TEST_STEP][PASSED] - Verify Search Result Presents: Verify Search Result Presents

2021-01-22 11:46:19 - [MESSAGE][INFO] - Unable to find the element located by 'By.xpath: //td[@style='display:none' and contains(text(),'-Empty-')]'. Please recheck the objects properties to make sure the desired element is located. 

2021-01-22 11:46:20 - [MESSAGE][WARNING] - com.kms.katalon.core.webui.exception.WebElementNotFoundException: Web element with id: '' located by '//td[@style='display:none' and contains(text(),'-Empty-')]' not found (Root cause: com.kms.katalon.core.exception.StepFailedException: com.kms.katalon.core.webui.exception.WebElementNotFoundException: Web element with id: '' located by '//td[@style='display:none' and contains(text(),'-Empty-')]' not found
	at com.kms.katalon.core.webui.keyword.internal.WebUIKeywordMain.stepFailed(WebUIKeywordMain.groovy:64)
	at com.kms.katalon.core.webui.keyword.builtin.VerifyElementPresentKeyword$_verifyElementPresent_closure1.doCall(VerifyElementPresentKeyword.groovy:85)
	at com.kms.katalon.core.webui.keyword.builtin.VerifyElementPresentKeyword$_verifyElementPresent_closure1.call(VerifyElementPresentKeyword.groovy)
	at com.kms.katalon.core.webui.keyword.internal.WebUIKeywordMain.runKeyword(WebUIKeywordMain.groovy:20)
	at com.kms.katalon.core.webui.keyword.builtin.VerifyElementPresentKeyword.verifyElementPresent(VerifyElementPresentKeyword.groovy:92)
	at com.kms.katalon.core.webui.keyword.builtin.VerifyElementPresentKeyword.execute(VerifyElementPresentKeyword.groovy:68)
	at com.kms.katalon.core.keyword.internal.KeywordExecutor.executeKeywordForPlatform(KeywordExecutor.groovy:73)
	at com.kms.katalon.core.webui.keyword.WebUiBuiltInKeywords.verifyElementPresent(WebUiBuiltInKeywords.groovy:1444)
	at com.kms.katalon.core.webui.keyword.WebUiBuiltInKeywords$verifyElementPresent$11.call(Unknown Source)
	at ist_real.Contract_Dispatcher.VerifyTblFilled(Contract_Dispatcher.groovy:1313)
	at ist_real.Contract_Dispatcher$VerifyTblFilled$0.call(Unknown Source)
	at RTD.Search_Result_Presents(RTD.groovy:191)
	at cucumber.runtime.Utils$1.call(Utils.java:26)
	at cucumber.runtime.Timeout.timeout(Timeout.java:16)
	at cucumber.runtime.Utils.invoke(Utils.java:20)
	at cucumber.runtime.java.JavaStepDefinition.execute(JavaStepDefinition.java:48)
	at cucumber.runtime.PickleStepDefinitionMatch.runStep(PickleStepDefinitionMatch.java:50)
	at cucumber.runner.TestStep.executeStep(TestStep.java:55)
	at cucumber.runner.TestStep.run(TestStep.java:42)
	at cucumber.runner.PickleStepTestStep.run(PickleStepTestStep.java:53)
	at cucumber.runner.TestCase.run(TestCase.java:47)
	at cucumber.runner.Runner.runPickle(Runner.java:44)
	at cucumber.runtime.Runtime.runFeature(Runtime.java:120)
	at cucumber.runtime.Runtime.run(Runtime.java:106)
	at cucumber.api.cli.Main.run(Main.java:35)
	at cucumber.api.cli.Main$run.call(Unknown Source)
	at com.kms.katalon.core.cucumber.keyword.CucumberBuiltinKeywords$_runFeatureFile_closure1.doCall(CucumberBuiltinKeywords.groovy:76)
	at com.kms.katalon.core.cucumber.keyword.CucumberBuiltinKeywords$_runFeatureFile_closure1.doCall(CucumberBuiltinKeywords.groovy)
	at com.kms.katalon.core.keyword.internal.KeywordMain.runKeyword(KeywordMain.groovy:68)
	at com.kms.katalon.core.keyword.internal.KeywordMain$runKeyword.call(Unknown Source)
	at com.kms.katalon.core.cucumber.keyword.CucumberBuiltinKeywords.runFeatureFile(CucumberBuiltinKeywords.groovy:46)
	at com.kms.katalon.core.cucumber.keyword.CucumberBuiltinKeywords$runFeatureFile$0.callStatic(Unknown Source)
	at com.kms.katalon.core.cucumber.keyword.CucumberBuiltinKeywords.runFeatureFile(CucumberBuiltinKeywords.groovy:169)
	at com.kms.katalon.core.cucumber.keyword.CucumberBuiltinKeywords$runFeatureFile.call(Unknown Source)
	at TC_Search_by_STATUS.run(TC_Search_by_STATUS:18)
	at com.kms.katalon.core.main.ScriptEngine.run(ScriptEngine.java:194)
	at com.kms.katalon.core.main.ScriptEngine.runScriptAsRawText(ScriptEngine.java:119)
	at com.kms.katalon.core.main.TestCaseExecutor.runScript(TestCaseExecutor.java:339)
	at com.kms.katalon.core.main.TestCaseExecutor.doExecute(TestCaseExecutor.java:330)
	at com.kms.katalon.core.main.TestCaseExecutor.processExecutionPhase(TestCaseExecutor.java:309)
	at com.kms.katalon.core.main.TestCaseExecutor.accessMainPhase(TestCaseExecutor.java:301)
	at com.kms.katalon.core.main.TestCaseExecutor.execute(TestCaseExecutor.java:235)
	at com.kms.katalon.core.main.TestSuiteExecutor.accessTestCaseMainPhase(TestSuiteExecutor.java:191)
	at com.kms.katalon.core.main.TestSuiteExecutor.accessTestSuiteMainPhase(TestSuiteExecutor.java:141)
	at com.kms.katalon.core.main.TestSuiteExecutor.execute(TestSuiteExecutor.java:90)
	at com.kms.katalon.core.main.TestCaseMain.startTestSuite(TestCaseMain.java:157)
	at com.kms.katalon.core.main.TestCaseMain$startTestSuite$0.call(Unknown Source)
	at TempTestSuite1611290381164.run(TempTestSuite1611290381164.groovy:39)
)
[[ATTACHMENT|/Users/chaidir.pratama01/Katalon Studio/IST_Automation_Git/Reports/20210122_113940/RTD/TS_Partner_Disbursement_SBO/20210122_113941/1611290779830.png]]

2021-01-22 11:46:20 - [MESSAGE][PASSED] - Verify Search Result Presents

2021-01-22 11:46:20 - [TEST_STEP][PASSED] - Click button "Logout": Click button "Logout"

2021-01-22 11:46:20 - [MESSAGE][INFO] - >>>>>//Button[contains(text(),'Logout')]

2021-01-22 11:46:23 - [MESSAGE][PASSED] - Object '' is present

2021-01-22 11:46:23 - [MESSAGE][PASSED] - Object: '' is clicked on

2021-01-22 11:46:23 - [MESSAGE][PASSED] - Switched to window with index: '0'

2021-01-22 11:46:23 - [MESSAGE][PASSED] - Click button "Logout"

2021-01-22 11:46:23 - [TEST_STEP][PASSED] - Close browser: Close browser

2021-01-22 11:46:23 - [MESSAGE][PASSED] - Browser is closed

2021-01-22 11:46:23 - [MESSAGE][PASSED] - Close browser

2021-01-22 11:46:23 - [TEST_CASE][PASSED] - Start Test Case : SCENARIO Search by STATUS Manual Disbursement: SCENARIO Search by STATUS Manual Disbursement

2021-01-22 11:46:23 - [TEST_STEP][PASSED] - Go to ISTools: Go to ISTools

2021-01-22 11:46:23 - [MESSAGE][INFO] - Starting 'Chrome (headless)' driver

2021-01-22 11:46:23 - [MESSAGE][INFO] - User set preference: ['args', '[--start-maximized, --disable-gpu, --no-proxy-server, â€“-no-sandbox, --allow-running-insecure-content, --ignore-certificate-errors, window-size=1680,814, force-device-scale-factor=2, --lang=en-GB]']

2021-01-22 11:46:23 - [MESSAGE][INFO] - User set preference: ['prefs', '{download.default_directory=/Users/chaidir.pratama01/Katalon Studio/IST_Automation_Git/Download}']

2021-01-22 11:46:23 - [MESSAGE][INFO] - Action delay is set to 0 milliseconds

2021-01-22 11:46:24 - [MESSAGE][PASSED] - Browser is opened with url: ''

2021-01-22 11:46:24 - [MESSAGE][PASSED] - Navigate to 'https://dev-istools.homecredit.id/foundation/' successfully

2021-01-22 11:46:24 - [MESSAGE][PASSED] - Go to ISTools

2021-01-22 11:46:24 - [TEST_STEP][PASSED] - Login IST with valid credentials: Login IST with valid credentials

2021-01-22 11:46:25 - [MESSAGE][PASSED] - Text 'mobile.test' is set on object 'Object Repository/Page_/input_Username_j_username'

2021-01-22 11:46:25 - [MESSAGE][PASSED] - Text ****** has been set on object 'Object Repository/Page_/input_Password_j_password'

2021-01-22 11:46:25 - [MESSAGE][PASSED] - Object: 'Object Repository/Page_/button_Login' is clicked on

2021-01-22 11:46:25 - [MESSAGE][PASSED] - Login IST with valid credentials

2021-01-22 11:46:25 - [TEST_STEP][PASSED] - Login Success: Login Success

2021-01-22 11:46:25 - [MESSAGE][INFO] - Login Success

2021-01-22 11:46:25 - [MESSAGE][PASSED] - Current window maximized

2021-01-22 11:46:25 - [MESSAGE][PASSED] - Object 'Object Repository/Page_/h1_Welcome to IT Supporting Tools' is present

2021-01-22 11:46:25 - [MESSAGE][PASSED] - Login Success

2021-01-22 11:46:25 - [TEST_STEP][PASSED] - Select Arrow Menu "Real Time Disbursement": Select Arrow Menu "Real Time Disbursement"

2021-01-22 11:46:25 - [MESSAGE][PASSED] - Object: '' is clicked on

2021-01-22 11:46:25 - [MESSAGE][PASSED] - Select Arrow Menu "Real Time Disbursement"

2021-01-22 11:46:25 - [TEST_STEP][PASSED] - Select Menu "Partner Disbursement SBO": Select Menu "Partner Disbursement SBO"

2021-01-22 11:46:26 - [MESSAGE][PASSED] - Taking screenshot successfully
[[ATTACHMENT|/Users/chaidir.pratama01/Documents/Docs/Katalon Studio/Screenshot/test-Partner Disbursement SBO.png]]

2021-01-22 11:46:26 - [MESSAGE][PASSED] - Object '' is present

2021-01-22 11:46:26 - [MESSAGE][PASSED] - Object: '' is clicked on

2021-01-22 11:46:26 - [MESSAGE][PASSED] - Wait for page load successfully

2021-01-22 11:46:26 - [MESSAGE][PASSED] - Select Menu "Partner Disbursement SBO"

2021-01-22 11:46:26 - [TEST_STEP][PASSED] - Select STATUS "Manual Disbursement": Select STATUS "Manual Disbursement"

2021-01-22 11:46:26 - [MESSAGE][PASSED] - All options with value 'Manual Disbursement' are selected in object ''  using regular expression

2021-01-22 11:46:26 - [MESSAGE][PASSED] - Select STATUS "Manual Disbursement"

2021-01-22 11:46:26 - [TEST_STEP][PASSED] - Click button "Search": Click button "Search"

2021-01-22 11:46:26 - [MESSAGE][INFO] - >>>>>//Button[contains(text(),'Search')]

2021-01-22 11:46:29 - [MESSAGE][PASSED] - Object '' is present

2021-01-22 11:46:29 - [MESSAGE][PASSED] - Object: '' is clicked on

2021-01-22 11:46:29 - [MESSAGE][PASSED] - Switched to window with index: '0'

2021-01-22 11:46:29 - [MESSAGE][PASSED] - Click button "Search"

2021-01-22 11:46:29 - [TEST_STEP][PASSED] - Verify Search Result Presents: Verify Search Result Presents

2021-01-22 11:46:30 - [MESSAGE][PASSED] - Object '' is present

2021-01-22 11:46:39 - [MESSAGE][PASSED] - Verify Search Result Presents

2021-01-22 11:46:39 - [TEST_STEP][PASSED] - Click button "Logout": Click button "Logout"

2021-01-22 11:46:39 - [MESSAGE][INFO] - >>>>>//Button[contains(text(),'Logout')]

2021-01-22 11:46:42 - [MESSAGE][PASSED] - Object '' is present

2021-01-22 11:46:42 - [MESSAGE][PASSED] - Object: '' is clicked on

2021-01-22 11:46:42 - [MESSAGE][PASSED] - Switched to window with index: '0'

2021-01-22 11:46:42 - [MESSAGE][PASSED] - Click button "Logout"

2021-01-22 11:46:42 - [TEST_STEP][PASSED] - Close browser: Close browser

2021-01-22 11:46:42 - [MESSAGE][PASSED] - Browser is closed

2021-01-22 11:46:42 - [MESSAGE][PASSED] - Close browser

2021-01-22 11:46:42 - [TEST_CASE][PASSED] - Start Test Case : SCENARIO Search by STATUS DONE: SCENARIO Search by STATUS DONE

2021-01-22 11:46:42 - [TEST_STEP][PASSED] - Go to ISTools: Go to ISTools

2021-01-22 11:46:42 - [MESSAGE][INFO] - Starting 'Chrome (headless)' driver

2021-01-22 11:46:42 - [MESSAGE][INFO] - User set preference: ['args', '[--start-maximized, --disable-gpu, --no-proxy-server, â€“-no-sandbox, --allow-running-insecure-content, --ignore-certificate-errors, window-size=1680,814, force-device-scale-factor=2, --lang=en-GB]']

2021-01-22 11:46:42 - [MESSAGE][INFO] - User set preference: ['prefs', '{download.default_directory=/Users/chaidir.pratama01/Katalon Studio/IST_Automation_Git/Download}']

2021-01-22 11:46:42 - [MESSAGE][INFO] - Action delay is set to 0 milliseconds

2021-01-22 11:46:43 - [MESSAGE][PASSED] - Browser is opened with url: ''

2021-01-22 11:46:43 - [MESSAGE][PASSED] - Navigate to 'https://dev-istools.homecredit.id/foundation/' successfully

2021-01-22 11:46:43 - [MESSAGE][PASSED] - Go to ISTools

2021-01-22 11:46:43 - [TEST_STEP][PASSED] - Login IST with valid credentials: Login IST with valid credentials

2021-01-22 11:46:44 - [MESSAGE][PASSED] - Text 'mobile.test' is set on object 'Object Repository/Page_/input_Username_j_username'

2021-01-22 11:46:44 - [MESSAGE][PASSED] - Text ****** has been set on object 'Object Repository/Page_/input_Password_j_password'

2021-01-22 11:46:44 - [MESSAGE][PASSED] - Object: 'Object Repository/Page_/button_Login' is clicked on

2021-01-22 11:46:44 - [MESSAGE][PASSED] - Login IST with valid credentials

2021-01-22 11:46:44 - [TEST_STEP][PASSED] - Login Success: Login Success

2021-01-22 11:46:44 - [MESSAGE][INFO] - Login Success

2021-01-22 11:46:44 - [MESSAGE][PASSED] - Current window maximized

2021-01-22 11:46:44 - [MESSAGE][PASSED] - Object 'Object Repository/Page_/h1_Welcome to IT Supporting Tools' is present

2021-01-22 11:46:44 - [MESSAGE][PASSED] - Login Success

2021-01-22 11:46:44 - [TEST_STEP][PASSED] - Select Arrow Menu "Real Time Disbursement": Select Arrow Menu "Real Time Disbursement"

2021-01-22 11:46:44 - [MESSAGE][PASSED] - Object: '' is clicked on

2021-01-22 11:46:44 - [MESSAGE][PASSED] - Select Arrow Menu "Real Time Disbursement"

2021-01-22 11:46:44 - [TEST_STEP][PASSED] - Select Menu "Partner Disbursement SBO": Select Menu "Partner Disbursement SBO"

2021-01-22 11:46:45 - [MESSAGE][PASSED] - Taking screenshot successfully
[[ATTACHMENT|/Users/chaidir.pratama01/Documents/Docs/Katalon Studio/Screenshot/test-Partner Disbursement SBO.png]]

2021-01-22 11:46:45 - [MESSAGE][PASSED] - Object '' is present

2021-01-22 11:46:45 - [MESSAGE][PASSED] - Object: '' is clicked on

2021-01-22 11:46:45 - [MESSAGE][PASSED] - Wait for page load successfully

2021-01-22 11:46:45 - [MESSAGE][PASSED] - Select Menu "Partner Disbursement SBO"

2021-01-22 11:46:45 - [TEST_STEP][PASSED] - Select STATUS "DONE": Select STATUS "DONE"

2021-01-22 11:46:45 - [MESSAGE][PASSED] - All options with value 'DONE' are selected in object ''  using regular expression

2021-01-22 11:46:45 - [MESSAGE][PASSED] - Select STATUS "DONE"

2021-01-22 11:46:45 - [TEST_STEP][PASSED] - Click button "Search": Click button "Search"

2021-01-22 11:46:45 - [MESSAGE][INFO] - >>>>>//Button[contains(text(),'Search')]

2021-01-22 11:46:48 - [MESSAGE][PASSED] - Object '' is present

2021-01-22 11:46:48 - [MESSAGE][PASSED] - Object: '' is clicked on

2021-01-22 11:46:48 - [MESSAGE][PASSED] - Switched to window with index: '0'

2021-01-22 11:46:48 - [MESSAGE][PASSED] - Click button "Search"

2021-01-22 11:46:48 - [TEST_STEP][PASSED] - Verify Search Result Presents: Verify Search Result Presents

2021-01-22 11:46:48 - [MESSAGE][PASSED] - Object '' is present

2021-01-22 11:46:56 - [MESSAGE][PASSED] - Verify Search Result Presents

2021-01-22 11:46:56 - [TEST_STEP][PASSED] - Click button "Logout": Click button "Logout"

2021-01-22 11:46:56 - [MESSAGE][INFO] - >>>>>//Button[contains(text(),'Logout')]

2021-01-22 11:46:59 - [MESSAGE][PASSED] - Object '' is present

2021-01-22 11:46:59 - [MESSAGE][PASSED] - Object: '' is clicked on

2021-01-22 11:46:59 - [MESSAGE][PASSED] - Switched to window with index: '0'

2021-01-22 11:46:59 - [MESSAGE][PASSED] - Click button "Logout"

2021-01-22 11:46:59 - [TEST_STEP][PASSED] - Close browser: Close browser

2021-01-22 11:46:59 - [MESSAGE][PASSED] - Browser is closed

2021-01-22 11:46:59 - [MESSAGE][PASSED] - Close browser

2021-01-22 11:46:59 - [TEST_CASE][PASSED] - Start Test Case : SCENARIO Search by STATUS Waiting Partner Confirmation: SCENARIO Search by STATUS Waiting Partner Confirmation

2021-01-22 11:46:59 - [TEST_STEP][PASSED] - Go to ISTools: Go to ISTools

2021-01-22 11:46:59 - [MESSAGE][INFO] - Starting 'Chrome (headless)' driver

2021-01-22 11:46:59 - [MESSAGE][INFO] - User set preference: ['args', '[--start-maximized, --disable-gpu, --no-proxy-server, â€“-no-sandbox, --allow-running-insecure-content, --ignore-certificate-errors, window-size=1680,814, force-device-scale-factor=2, --lang=en-GB]']

2021-01-22 11:46:59 - [MESSAGE][INFO] - User set preference: ['prefs', '{download.default_directory=/Users/chaidir.pratama01/Katalon Studio/IST_Automation_Git/Download}']

2021-01-22 11:46:59 - [MESSAGE][INFO] - Action delay is set to 0 milliseconds

2021-01-22 11:47:00 - [MESSAGE][PASSED] - Browser is opened with url: ''

2021-01-22 11:47:00 - [MESSAGE][PASSED] - Navigate to 'https://dev-istools.homecredit.id/foundation/' successfully

2021-01-22 11:47:00 - [MESSAGE][PASSED] - Go to ISTools

2021-01-22 11:47:00 - [TEST_STEP][PASSED] - Login IST with valid credentials: Login IST with valid credentials

2021-01-22 11:47:01 - [MESSAGE][PASSED] - Text 'mobile.test' is set on object 'Object Repository/Page_/input_Username_j_username'

2021-01-22 11:47:01 - [MESSAGE][PASSED] - Text ****** has been set on object 'Object Repository/Page_/input_Password_j_password'

2021-01-22 11:47:01 - [MESSAGE][PASSED] - Object: 'Object Repository/Page_/button_Login' is clicked on

2021-01-22 11:47:01 - [MESSAGE][PASSED] - Login IST with valid credentials

2021-01-22 11:47:01 - [TEST_STEP][PASSED] - Login Success: Login Success

2021-01-22 11:47:01 - [MESSAGE][INFO] - Login Success

2021-01-22 11:47:01 - [MESSAGE][PASSED] - Current window maximized

2021-01-22 11:47:01 - [MESSAGE][PASSED] - Object 'Object Repository/Page_/h1_Welcome to IT Supporting Tools' is present

2021-01-22 11:47:01 - [MESSAGE][PASSED] - Login Success

2021-01-22 11:47:01 - [TEST_STEP][PASSED] - Select Arrow Menu "Real Time Disbursement": Select Arrow Menu "Real Time Disbursement"

2021-01-22 11:47:01 - [MESSAGE][PASSED] - Object: '' is clicked on

2021-01-22 11:47:01 - [MESSAGE][PASSED] - Select Arrow Menu "Real Time Disbursement"

2021-01-22 11:47:01 - [TEST_STEP][PASSED] - Select Menu "Partner Disbursement SBO": Select Menu "Partner Disbursement SBO"

2021-01-22 11:47:02 - [MESSAGE][PASSED] - Taking screenshot successfully
[[ATTACHMENT|/Users/chaidir.pratama01/Documents/Docs/Katalon Studio/Screenshot/test-Partner Disbursement SBO.png]]

2021-01-22 11:47:02 - [MESSAGE][PASSED] - Object '' is present

2021-01-22 11:47:02 - [MESSAGE][PASSED] - Object: '' is clicked on

2021-01-22 11:47:02 - [MESSAGE][PASSED] - Wait for page load successfully

2021-01-22 11:47:02 - [MESSAGE][PASSED] - Select Menu "Partner Disbursement SBO"

2021-01-22 11:47:02 - [TEST_STEP][PASSED] - Select STATUS "Waiting Partner Confirmation": Select STATUS "Waiting Partner Confirmation"

2021-01-22 11:47:02 - [MESSAGE][PASSED] - All options with value 'Waiting Partner Confirmation' are selected in object ''  using regular expression

2021-01-22 11:47:02 - [MESSAGE][PASSED] - Select STATUS "Waiting Partner Confirmation"

2021-01-22 11:47:02 - [TEST_STEP][PASSED] - Click button "Search": Click button "Search"

2021-01-22 11:47:02 - [MESSAGE][INFO] - >>>>>//Button[contains(text(),'Search')]

2021-01-22 11:47:05 - [MESSAGE][PASSED] - Object '' is present

2021-01-22 11:47:05 - [MESSAGE][PASSED] - Object: '' is clicked on

2021-01-22 11:47:05 - [MESSAGE][PASSED] - Switched to window with index: '0'

2021-01-22 11:47:05 - [MESSAGE][PASSED] - Click button "Search"

2021-01-22 11:47:05 - [TEST_STEP][PASSED] - Verify Search Result Presents: Verify Search Result Presents

2021-01-22 11:47:09 - [MESSAGE][INFO] - Unable to find the element located by 'By.xpath: //td[@style='display:none' and contains(text(),'-Empty-')]'. Please recheck the objects properties to make sure the desired element is located. 

2021-01-22 11:47:10 - [MESSAGE][WARNING] - com.kms.katalon.core.webui.exception.WebElementNotFoundException: Web element with id: '' located by '//td[@style='display:none' and contains(text(),'-Empty-')]' not found (Root cause: com.kms.katalon.core.exception.StepFailedException: com.kms.katalon.core.webui.exception.WebElementNotFoundException: Web element with id: '' located by '//td[@style='display:none' and contains(text(),'-Empty-')]' not found
	at com.kms.katalon.core.webui.keyword.internal.WebUIKeywordMain.stepFailed(WebUIKeywordMain.groovy:64)
	at com.kms.katalon.core.webui.keyword.builtin.VerifyElementPresentKeyword$_verifyElementPresent_closure1.doCall(VerifyElementPresentKeyword.groovy:85)
	at com.kms.katalon.core.webui.keyword.builtin.VerifyElementPresentKeyword$_verifyElementPresent_closure1.call(VerifyElementPresentKeyword.groovy)
	at com.kms.katalon.core.webui.keyword.internal.WebUIKeywordMain.runKeyword(WebUIKeywordMain.groovy:20)
	at com.kms.katalon.core.webui.keyword.builtin.VerifyElementPresentKeyword.verifyElementPresent(VerifyElementPresentKeyword.groovy:92)
	at com.kms.katalon.core.webui.keyword.builtin.VerifyElementPresentKeyword.execute(VerifyElementPresentKeyword.groovy:68)
	at com.kms.katalon.core.keyword.internal.KeywordExecutor.executeKeywordForPlatform(KeywordExecutor.groovy:73)
	at com.kms.katalon.core.webui.keyword.WebUiBuiltInKeywords.verifyElementPresent(WebUiBuiltInKeywords.groovy:1444)
	at com.kms.katalon.core.webui.keyword.WebUiBuiltInKeywords$verifyElementPresent$11.call(Unknown Source)
	at ist_real.Contract_Dispatcher.VerifyTblFilled(Contract_Dispatcher.groovy:1313)
	at ist_real.Contract_Dispatcher$VerifyTblFilled$0.call(Unknown Source)
	at RTD.Search_Result_Presents(RTD.groovy:191)
	at cucumber.runtime.Utils$1.call(Utils.java:26)
	at cucumber.runtime.Timeout.timeout(Timeout.java:16)
	at cucumber.runtime.Utils.invoke(Utils.java:20)
	at cucumber.runtime.java.JavaStepDefinition.execute(JavaStepDefinition.java:48)
	at cucumber.runtime.PickleStepDefinitionMatch.runStep(PickleStepDefinitionMatch.java:50)
	at cucumber.runner.TestStep.executeStep(TestStep.java:55)
	at cucumber.runner.TestStep.run(TestStep.java:42)
	at cucumber.runner.PickleStepTestStep.run(PickleStepTestStep.java:53)
	at cucumber.runner.TestCase.run(TestCase.java:47)
	at cucumber.runner.Runner.runPickle(Runner.java:44)
	at cucumber.runtime.Runtime.runFeature(Runtime.java:120)
	at cucumber.runtime.Runtime.run(Runtime.java:106)
	at cucumber.api.cli.Main.run(Main.java:35)
	at cucumber.api.cli.Main$run.call(Unknown Source)
	at com.kms.katalon.core.cucumber.keyword.CucumberBuiltinKeywords$_runFeatureFile_closure1.doCall(CucumberBuiltinKeywords.groovy:76)
	at com.kms.katalon.core.cucumber.keyword.CucumberBuiltinKeywords$_runFeatureFile_closure1.doCall(CucumberBuiltinKeywords.groovy)
	at com.kms.katalon.core.keyword.internal.KeywordMain.runKeyword(KeywordMain.groovy:68)
	at com.kms.katalon.core.keyword.internal.KeywordMain$runKeyword.call(Unknown Source)
	at com.kms.katalon.core.cucumber.keyword.CucumberBuiltinKeywords.runFeatureFile(CucumberBuiltinKeywords.groovy:46)
	at com.kms.katalon.core.cucumber.keyword.CucumberBuiltinKeywords$runFeatureFile$0.callStatic(Unknown Source)
	at com.kms.katalon.core.cucumber.keyword.CucumberBuiltinKeywords.runFeatureFile(CucumberBuiltinKeywords.groovy:169)
	at com.kms.katalon.core.cucumber.keyword.CucumberBuiltinKeywords$runFeatureFile.call(Unknown Source)
	at TC_Search_by_STATUS.run(TC_Search_by_STATUS:18)
	at com.kms.katalon.core.main.ScriptEngine.run(ScriptEngine.java:194)
	at com.kms.katalon.core.main.ScriptEngine.runScriptAsRawText(ScriptEngine.java:119)
	at com.kms.katalon.core.main.TestCaseExecutor.runScript(TestCaseExecutor.java:339)
	at com.kms.katalon.core.main.TestCaseExecutor.doExecute(TestCaseExecutor.java:330)
	at com.kms.katalon.core.main.TestCaseExecutor.processExecutionPhase(TestCaseExecutor.java:309)
	at com.kms.katalon.core.main.TestCaseExecutor.accessMainPhase(TestCaseExecutor.java:301)
	at com.kms.katalon.core.main.TestCaseExecutor.execute(TestCaseExecutor.java:235)
	at com.kms.katalon.core.main.TestSuiteExecutor.accessTestCaseMainPhase(TestSuiteExecutor.java:191)
	at com.kms.katalon.core.main.TestSuiteExecutor.accessTestSuiteMainPhase(TestSuiteExecutor.java:141)
	at com.kms.katalon.core.main.TestSuiteExecutor.execute(TestSuiteExecutor.java:90)
	at com.kms.katalon.core.main.TestCaseMain.startTestSuite(TestCaseMain.java:157)
	at com.kms.katalon.core.main.TestCaseMain$startTestSuite$0.call(Unknown Source)
	at TempTestSuite1611290381164.run(TempTestSuite1611290381164.groovy:39)
)
[[ATTACHMENT|/Users/chaidir.pratama01/Katalon Studio/IST_Automation_Git/Reports/20210122_113940/RTD/TS_Partner_Disbursement_SBO/20210122_113941/1611290829905.png]]

2021-01-22 11:47:10 - [MESSAGE][PASSED] - Verify Search Result Presents

2021-01-22 11:47:10 - [TEST_STEP][PASSED] - Click button "Logout": Click button "Logout"

2021-01-22 11:47:10 - [MESSAGE][INFO] - >>>>>//Button[contains(text(),'Logout')]

2021-01-22 11:47:13 - [MESSAGE][PASSED] - Object '' is present

2021-01-22 11:47:13 - [MESSAGE][PASSED] - Object: '' is clicked on

2021-01-22 11:47:13 - [MESSAGE][PASSED] - Switched to window with index: '0'

2021-01-22 11:47:13 - [MESSAGE][PASSED] - Click button "Logout"

2021-01-22 11:47:13 - [TEST_STEP][PASSED] - Close browser: Close browser

2021-01-22 11:47:14 - [MESSAGE][PASSED] - Browser is closed

2021-01-22 11:47:14 - [MESSAGE][PASSED] - Close browser

2021-01-22 11:47:14 - [TEST_CASE][PASSED] - Start Test Case : SCENARIO Search by STATUS Success to Disburse: SCENARIO Search by STATUS Success to Disburse

2021-01-22 11:47:14 - [TEST_STEP][PASSED] - Go to ISTools: Go to ISTools

2021-01-22 11:47:14 - [MESSAGE][INFO] - Starting 'Chrome (headless)' driver

2021-01-22 11:47:14 - [MESSAGE][INFO] - User set preference: ['args', '[--start-maximized, --disable-gpu, --no-proxy-server, â€“-no-sandbox, --allow-running-insecure-content, --ignore-certificate-errors, window-size=1680,814, force-device-scale-factor=2, --lang=en-GB]']

2021-01-22 11:47:14 - [MESSAGE][INFO] - User set preference: ['prefs', '{download.default_directory=/Users/chaidir.pratama01/Katalon Studio/IST_Automation_Git/Download}']

2021-01-22 11:47:14 - [MESSAGE][INFO] - Action delay is set to 0 milliseconds

2021-01-22 11:47:14 - [MESSAGE][PASSED] - Browser is opened with url: ''

2021-01-22 11:47:15 - [MESSAGE][PASSED] - Navigate to 'https://dev-istools.homecredit.id/foundation/' successfully

2021-01-22 11:47:15 - [MESSAGE][PASSED] - Go to ISTools

2021-01-22 11:47:15 - [TEST_STEP][PASSED] - Login IST with valid credentials: Login IST with valid credentials

2021-01-22 11:47:15 - [MESSAGE][PASSED] - Text 'mobile.test' is set on object 'Object Repository/Page_/input_Username_j_username'

2021-01-22 11:47:15 - [MESSAGE][PASSED] - Text ****** has been set on object 'Object Repository/Page_/input_Password_j_password'

2021-01-22 11:47:16 - [MESSAGE][PASSED] - Object: 'Object Repository/Page_/button_Login' is clicked on

2021-01-22 11:47:16 - [MESSAGE][PASSED] - Login IST with valid credentials

2021-01-22 11:47:16 - [TEST_STEP][PASSED] - Login Success: Login Success

2021-01-22 11:47:16 - [MESSAGE][INFO] - Login Success

2021-01-22 11:47:16 - [MESSAGE][PASSED] - Current window maximized

2021-01-22 11:47:16 - [MESSAGE][PASSED] - Object 'Object Repository/Page_/h1_Welcome to IT Supporting Tools' is present

2021-01-22 11:47:16 - [MESSAGE][PASSED] - Login Success

2021-01-22 11:47:16 - [TEST_STEP][PASSED] - Select Arrow Menu "Real Time Disbursement": Select Arrow Menu "Real Time Disbursement"

2021-01-22 11:47:16 - [MESSAGE][PASSED] - Object: '' is clicked on

2021-01-22 11:47:16 - [MESSAGE][PASSED] - Select Arrow Menu "Real Time Disbursement"

2021-01-22 11:47:16 - [TEST_STEP][PASSED] - Select Menu "Partner Disbursement SBO": Select Menu "Partner Disbursement SBO"

2021-01-22 11:47:16 - [MESSAGE][PASSED] - Taking screenshot successfully
[[ATTACHMENT|/Users/chaidir.pratama01/Documents/Docs/Katalon Studio/Screenshot/test-Partner Disbursement SBO.png]]

2021-01-22 11:47:16 - [MESSAGE][PASSED] - Object '' is present

2021-01-22 11:47:16 - [MESSAGE][PASSED] - Object: '' is clicked on

2021-01-22 11:47:16 - [MESSAGE][PASSED] - Wait for page load successfully

2021-01-22 11:47:16 - [MESSAGE][PASSED] - Select Menu "Partner Disbursement SBO"

2021-01-22 11:47:16 - [TEST_STEP][PASSED] - Select STATUS "Success to Disburse": Select STATUS "Success to Disburse"

2021-01-22 11:47:17 - [MESSAGE][PASSED] - All options with value 'Success to Disburse' are selected in object ''  using regular expression

2021-01-22 11:47:17 - [MESSAGE][PASSED] - Select STATUS "Success to Disburse"

2021-01-22 11:47:17 - [TEST_STEP][PASSED] - Click button "Search": Click button "Search"

2021-01-22 11:47:17 - [MESSAGE][INFO] - >>>>>//Button[contains(text(),'Search')]

2021-01-22 11:47:20 - [MESSAGE][PASSED] - Object '' is present

2021-01-22 11:47:20 - [MESSAGE][PASSED] - Object: '' is clicked on

2021-01-22 11:47:20 - [MESSAGE][PASSED] - Switched to window with index: '0'

2021-01-22 11:47:20 - [MESSAGE][PASSED] - Click button "Search"

2021-01-22 11:47:20 - [TEST_STEP][PASSED] - Verify Search Result Presents: Verify Search Result Presents

2021-01-22 11:47:24 - [MESSAGE][INFO] - Unable to find the element located by 'By.xpath: //td[@style='display:none' and contains(text(),'-Empty-')]'. Please recheck the objects properties to make sure the desired element is located. 

2021-01-22 11:47:24 - [MESSAGE][WARNING] - com.kms.katalon.core.webui.exception.WebElementNotFoundException: Web element with id: '' located by '//td[@style='display:none' and contains(text(),'-Empty-')]' not found (Root cause: com.kms.katalon.core.exception.StepFailedException: com.kms.katalon.core.webui.exception.WebElementNotFoundException: Web element with id: '' located by '//td[@style='display:none' and contains(text(),'-Empty-')]' not found
	at com.kms.katalon.core.webui.keyword.internal.WebUIKeywordMain.stepFailed(WebUIKeywordMain.groovy:64)
	at com.kms.katalon.core.webui.keyword.builtin.VerifyElementPresentKeyword$_verifyElementPresent_closure1.doCall(VerifyElementPresentKeyword.groovy:85)
	at com.kms.katalon.core.webui.keyword.builtin.VerifyElementPresentKeyword$_verifyElementPresent_closure1.call(VerifyElementPresentKeyword.groovy)
	at com.kms.katalon.core.webui.keyword.internal.WebUIKeywordMain.runKeyword(WebUIKeywordMain.groovy:20)
	at com.kms.katalon.core.webui.keyword.builtin.VerifyElementPresentKeyword.verifyElementPresent(VerifyElementPresentKeyword.groovy:92)
	at com.kms.katalon.core.webui.keyword.builtin.VerifyElementPresentKeyword.execute(VerifyElementPresentKeyword.groovy:68)
	at com.kms.katalon.core.keyword.internal.KeywordExecutor.executeKeywordForPlatform(KeywordExecutor.groovy:73)
	at com.kms.katalon.core.webui.keyword.WebUiBuiltInKeywords.verifyElementPresent(WebUiBuiltInKeywords.groovy:1444)
	at com.kms.katalon.core.webui.keyword.WebUiBuiltInKeywords$verifyElementPresent$11.call(Unknown Source)
	at ist_real.Contract_Dispatcher.VerifyTblFilled(Contract_Dispatcher.groovy:1313)
	at ist_real.Contract_Dispatcher$VerifyTblFilled$0.call(Unknown Source)
	at RTD.Search_Result_Presents(RTD.groovy:191)
	at cucumber.runtime.Utils$1.call(Utils.java:26)
	at cucumber.runtime.Timeout.timeout(Timeout.java:16)
	at cucumber.runtime.Utils.invoke(Utils.java:20)
	at cucumber.runtime.java.JavaStepDefinition.execute(JavaStepDefinition.java:48)
	at cucumber.runtime.PickleStepDefinitionMatch.runStep(PickleStepDefinitionMatch.java:50)
	at cucumber.runner.TestStep.executeStep(TestStep.java:55)
	at cucumber.runner.TestStep.run(TestStep.java:42)
	at cucumber.runner.PickleStepTestStep.run(PickleStepTestStep.java:53)
	at cucumber.runner.TestCase.run(TestCase.java:47)
	at cucumber.runner.Runner.runPickle(Runner.java:44)
	at cucumber.runtime.Runtime.runFeature(Runtime.java:120)
	at cucumber.runtime.Runtime.run(Runtime.java:106)
	at cucumber.api.cli.Main.run(Main.java:35)
	at cucumber.api.cli.Main$run.call(Unknown Source)
	at com.kms.katalon.core.cucumber.keyword.CucumberBuiltinKeywords$_runFeatureFile_closure1.doCall(CucumberBuiltinKeywords.groovy:76)
	at com.kms.katalon.core.cucumber.keyword.CucumberBuiltinKeywords$_runFeatureFile_closure1.doCall(CucumberBuiltinKeywords.groovy)
	at com.kms.katalon.core.keyword.internal.KeywordMain.runKeyword(KeywordMain.groovy:68)
	at com.kms.katalon.core.keyword.internal.KeywordMain$runKeyword.call(Unknown Source)
	at com.kms.katalon.core.cucumber.keyword.CucumberBuiltinKeywords.runFeatureFile(CucumberBuiltinKeywords.groovy:46)
	at com.kms.katalon.core.cucumber.keyword.CucumberBuiltinKeywords$runFeatureFile$0.callStatic(Unknown Source)
	at com.kms.katalon.core.cucumber.keyword.CucumberBuiltinKeywords.runFeatureFile(CucumberBuiltinKeywords.groovy:169)
	at com.kms.katalon.core.cucumber.keyword.CucumberBuiltinKeywords$runFeatureFile.call(Unknown Source)
	at TC_Search_by_STATUS.run(TC_Search_by_STATUS:18)
	at com.kms.katalon.core.main.ScriptEngine.run(ScriptEngine.java:194)
	at com.kms.katalon.core.main.ScriptEngine.runScriptAsRawText(ScriptEngine.java:119)
	at com.kms.katalon.core.main.TestCaseExecutor.runScript(TestCaseExecutor.java:339)
	at com.kms.katalon.core.main.TestCaseExecutor.doExecute(TestCaseExecutor.java:330)
	at com.kms.katalon.core.main.TestCaseExecutor.processExecutionPhase(TestCaseExecutor.java:309)
	at com.kms.katalon.core.main.TestCaseExecutor.accessMainPhase(TestCaseExecutor.java:301)
	at com.kms.katalon.core.main.TestCaseExecutor.execute(TestCaseExecutor.java:235)
	at com.kms.katalon.core.main.TestSuiteExecutor.accessTestCaseMainPhase(TestSuiteExecutor.java:191)
	at com.kms.katalon.core.main.TestSuiteExecutor.accessTestSuiteMainPhase(TestSuiteExecutor.java:141)
	at com.kms.katalon.core.main.TestSuiteExecutor.execute(TestSuiteExecutor.java:90)
	at com.kms.katalon.core.main.TestCaseMain.startTestSuite(TestCaseMain.java:157)
	at com.kms.katalon.core.main.TestCaseMain$startTestSuite$0.call(Unknown Source)
	at TempTestSuite1611290381164.run(TempTestSuite1611290381164.groovy:39)
)
[[ATTACHMENT|/Users/chaidir.pratama01/Katalon Studio/IST_Automation_Git/Reports/20210122_113940/RTD/TS_Partner_Disbursement_SBO/20210122_113941/1611290844457.png]]

2021-01-22 11:47:25 - [MESSAGE][PASSED] - Verify Search Result Presents

2021-01-22 11:47:25 - [TEST_STEP][PASSED] - Click button "Logout": Click button "Logout"

2021-01-22 11:47:25 - [MESSAGE][INFO] - >>>>>//Button[contains(text(),'Logout')]

2021-01-22 11:47:28 - [MESSAGE][PASSED] - Object '' is present

2021-01-22 11:47:28 - [MESSAGE][PASSED] - Object: '' is clicked on

2021-01-22 11:47:28 - [MESSAGE][PASSED] - Switched to window with index: '0'

2021-01-22 11:47:28 - [MESSAGE][PASSED] - Click button "Logout"

2021-01-22 11:47:28 - [TEST_STEP][PASSED] - Close browser: Close browser

2021-01-22 11:47:28 - [MESSAGE][PASSED] - Browser is closed

2021-01-22 11:47:28 - [MESSAGE][PASSED] - Close browser

2021-01-22 11:47:28 - [TEST_CASE][PASSED] - Start Test Case : SCENARIO Search by STATUS Hold Payment Recreation: SCENARIO Search by STATUS Hold Payment Recreation

2021-01-22 11:47:28 - [TEST_STEP][PASSED] - Go to ISTools: Go to ISTools

2021-01-22 11:47:28 - [MESSAGE][INFO] - Starting 'Chrome (headless)' driver

2021-01-22 11:47:28 - [MESSAGE][INFO] - User set preference: ['args', '[--start-maximized, --disable-gpu, --no-proxy-server, â€“-no-sandbox, --allow-running-insecure-content, --ignore-certificate-errors, window-size=1680,814, force-device-scale-factor=2, --lang=en-GB]']

2021-01-22 11:47:28 - [MESSAGE][INFO] - User set preference: ['prefs', '{download.default_directory=/Users/chaidir.pratama01/Katalon Studio/IST_Automation_Git/Download}']

2021-01-22 11:47:28 - [MESSAGE][INFO] - Action delay is set to 0 milliseconds

2021-01-22 11:47:28 - [MESSAGE][PASSED] - Browser is opened with url: ''

2021-01-22 11:47:29 - [MESSAGE][PASSED] - Navigate to 'https://dev-istools.homecredit.id/foundation/' successfully

2021-01-22 11:47:29 - [MESSAGE][PASSED] - Go to ISTools

2021-01-22 11:47:29 - [TEST_STEP][PASSED] - Login IST with valid credentials: Login IST with valid credentials

2021-01-22 11:47:29 - [MESSAGE][PASSED] - Text 'mobile.test' is set on object 'Object Repository/Page_/input_Username_j_username'

2021-01-22 11:47:29 - [MESSAGE][PASSED] - Text ****** has been set on object 'Object Repository/Page_/input_Password_j_password'

2021-01-22 11:47:30 - [MESSAGE][PASSED] - Object: 'Object Repository/Page_/button_Login' is clicked on

2021-01-22 11:47:30 - [MESSAGE][PASSED] - Login IST with valid credentials

2021-01-22 11:47:30 - [TEST_STEP][PASSED] - Login Success: Login Success

2021-01-22 11:47:30 - [MESSAGE][INFO] - Login Success

2021-01-22 11:47:30 - [MESSAGE][PASSED] - Current window maximized

2021-01-22 11:47:30 - [MESSAGE][PASSED] - Object 'Object Repository/Page_/h1_Welcome to IT Supporting Tools' is present

2021-01-22 11:47:30 - [MESSAGE][PASSED] - Login Success

2021-01-22 11:47:30 - [TEST_STEP][PASSED] - Select Arrow Menu "Real Time Disbursement": Select Arrow Menu "Real Time Disbursement"

2021-01-22 11:47:30 - [MESSAGE][PASSED] - Object: '' is clicked on

2021-01-22 11:47:30 - [MESSAGE][PASSED] - Select Arrow Menu "Real Time Disbursement"

2021-01-22 11:47:30 - [TEST_STEP][PASSED] - Select Menu "Partner Disbursement SBO": Select Menu "Partner Disbursement SBO"

2021-01-22 11:47:30 - [MESSAGE][PASSED] - Taking screenshot successfully
[[ATTACHMENT|/Users/chaidir.pratama01/Documents/Docs/Katalon Studio/Screenshot/test-Partner Disbursement SBO.png]]

2021-01-22 11:47:30 - [MESSAGE][PASSED] - Object '' is present

2021-01-22 11:47:30 - [MESSAGE][PASSED] - Object: '' is clicked on

2021-01-22 11:47:30 - [MESSAGE][PASSED] - Wait for page load successfully

2021-01-22 11:47:30 - [MESSAGE][PASSED] - Select Menu "Partner Disbursement SBO"

2021-01-22 11:47:30 - [TEST_STEP][PASSED] - Select STATUS "Hold Payment Recreation": Select STATUS "Hold Payment Recreation"

2021-01-22 11:47:31 - [MESSAGE][PASSED] - All options with value 'Hold Payment Recreation' are selected in object ''  using regular expression

2021-01-22 11:47:31 - [MESSAGE][PASSED] - Select STATUS "Hold Payment Recreation"

2021-01-22 11:47:31 - [TEST_STEP][PASSED] - Click button "Search": Click button "Search"

2021-01-22 11:47:31 - [MESSAGE][INFO] - >>>>>//Button[contains(text(),'Search')]

2021-01-22 11:47:34 - [MESSAGE][PASSED] - Object '' is present

2021-01-22 11:47:34 - [MESSAGE][PASSED] - Object: '' is clicked on

2021-01-22 11:47:34 - [MESSAGE][PASSED] - Switched to window with index: '0'

2021-01-22 11:47:34 - [MESSAGE][PASSED] - Click button "Search"

2021-01-22 11:47:34 - [TEST_STEP][PASSED] - Verify Search Result Presents: Verify Search Result Presents

2021-01-22 11:47:34 - [MESSAGE][PASSED] - Object '' is present

2021-01-22 11:47:41 - [MESSAGE][PASSED] - Verify Search Result Presents

2021-01-22 11:47:41 - [TEST_STEP][PASSED] - Click button "Logout": Click button "Logout"

2021-01-22 11:47:41 - [MESSAGE][INFO] - >>>>>//Button[contains(text(),'Logout')]

2021-01-22 11:47:44 - [MESSAGE][PASSED] - Object '' is present

2021-01-22 11:47:44 - [MESSAGE][PASSED] - Object: '' is clicked on

2021-01-22 11:47:44 - [MESSAGE][PASSED] - Switched to window with index: '0'

2021-01-22 11:47:44 - [MESSAGE][PASSED] - Click button "Logout"

2021-01-22 11:47:44 - [TEST_STEP][PASSED] - Close browser: Close browser

2021-01-22 11:47:44 - [MESSAGE][PASSED] - Browser is closed

2021-01-22 11:47:44 - [MESSAGE][PASSED] - Close browser

2021-01-22 11:47:44 - [TEST_CASE][PASSED] - Start Test Case : SCENARIO Search by STATUS Waiting Confirmation From SBO: SCENARIO Search by STATUS Waiting Confirmation From SBO

2021-01-22 11:47:44 - [TEST_STEP][PASSED] - Go to ISTools: Go to ISTools

2021-01-22 11:47:44 - [MESSAGE][INFO] - Starting 'Chrome (headless)' driver

2021-01-22 11:47:44 - [MESSAGE][INFO] - User set preference: ['args', '[--start-maximized, --disable-gpu, --no-proxy-server, â€“-no-sandbox, --allow-running-insecure-content, --ignore-certificate-errors, window-size=1680,814, force-device-scale-factor=2, --lang=en-GB]']

2021-01-22 11:47:44 - [MESSAGE][INFO] - User set preference: ['prefs', '{download.default_directory=/Users/chaidir.pratama01/Katalon Studio/IST_Automation_Git/Download}']

2021-01-22 11:47:44 - [MESSAGE][INFO] - Action delay is set to 0 milliseconds

2021-01-22 11:47:45 - [MESSAGE][PASSED] - Browser is opened with url: ''

2021-01-22 11:47:45 - [MESSAGE][PASSED] - Navigate to 'https://dev-istools.homecredit.id/foundation/' successfully

2021-01-22 11:47:45 - [MESSAGE][PASSED] - Go to ISTools

2021-01-22 11:47:45 - [TEST_STEP][PASSED] - Login IST with valid credentials: Login IST with valid credentials

2021-01-22 11:47:45 - [MESSAGE][PASSED] - Text 'mobile.test' is set on object 'Object Repository/Page_/input_Username_j_username'

2021-01-22 11:47:46 - [MESSAGE][PASSED] - Text ****** has been set on object 'Object Repository/Page_/input_Password_j_password'

2021-01-22 11:47:46 - [MESSAGE][PASSED] - Object: 'Object Repository/Page_/button_Login' is clicked on

2021-01-22 11:47:46 - [MESSAGE][PASSED] - Login IST with valid credentials

2021-01-22 11:47:46 - [TEST_STEP][PASSED] - Login Success: Login Success

2021-01-22 11:47:46 - [MESSAGE][INFO] - Login Success

2021-01-22 11:47:46 - [MESSAGE][PASSED] - Current window maximized

2021-01-22 11:47:46 - [MESSAGE][PASSED] - Object 'Object Repository/Page_/h1_Welcome to IT Supporting Tools' is present

2021-01-22 11:47:46 - [MESSAGE][PASSED] - Login Success

2021-01-22 11:47:46 - [TEST_STEP][PASSED] - Select Arrow Menu "Real Time Disbursement": Select Arrow Menu "Real Time Disbursement"

2021-01-22 11:47:46 - [MESSAGE][PASSED] - Object: '' is clicked on

2021-01-22 11:47:46 - [MESSAGE][PASSED] - Select Arrow Menu "Real Time Disbursement"

2021-01-22 11:47:46 - [TEST_STEP][PASSED] - Select Menu "Partner Disbursement SBO": Select Menu "Partner Disbursement SBO"

2021-01-22 11:47:47 - [MESSAGE][PASSED] - Taking screenshot successfully
[[ATTACHMENT|/Users/chaidir.pratama01/Documents/Docs/Katalon Studio/Screenshot/test-Partner Disbursement SBO.png]]

2021-01-22 11:47:47 - [MESSAGE][PASSED] - Object '' is present

2021-01-22 11:47:47 - [MESSAGE][PASSED] - Object: '' is clicked on

2021-01-22 11:47:47 - [MESSAGE][PASSED] - Wait for page load successfully

2021-01-22 11:47:47 - [MESSAGE][PASSED] - Select Menu "Partner Disbursement SBO"

2021-01-22 11:47:47 - [TEST_STEP][PASSED] - Select STATUS "Waiting Confirmation From SBO": Select STATUS "Waiting Confirmation From SBO"

2021-01-22 11:47:47 - [MESSAGE][PASSED] - All options with value 'Waiting Confirmation From SBO' are selected in object ''  using regular expression

2021-01-22 11:47:47 - [MESSAGE][PASSED] - Select STATUS "Waiting Confirmation From SBO"

2021-01-22 11:47:47 - [TEST_STEP][PASSED] - Click button "Search": Click button "Search"

2021-01-22 11:47:47 - [MESSAGE][INFO] - >>>>>//Button[contains(text(),'Search')]

2021-01-22 11:47:50 - [MESSAGE][PASSED] - Object '' is present

2021-01-22 11:47:50 - [MESSAGE][PASSED] - Object: '' is clicked on

2021-01-22 11:47:50 - [MESSAGE][PASSED] - Switched to window with index: '0'

2021-01-22 11:47:50 - [MESSAGE][PASSED] - Click button "Search"

2021-01-22 11:47:50 - [TEST_STEP][PASSED] - Verify Search Result Presents: Verify Search Result Presents

2021-01-22 11:47:50 - [MESSAGE][PASSED] - Object '' is present

2021-01-22 11:47:53 - [MESSAGE][PASSED] - Verify Search Result Presents

2021-01-22 11:47:53 - [TEST_STEP][PASSED] - Click button "Logout": Click button "Logout"

2021-01-22 11:47:53 - [MESSAGE][INFO] - >>>>>//Button[contains(text(),'Logout')]

2021-01-22 11:47:56 - [MESSAGE][PASSED] - Object '' is present

2021-01-22 11:47:57 - [MESSAGE][PASSED] - Object: '' is clicked on

2021-01-22 11:47:57 - [MESSAGE][PASSED] - Switched to window with index: '0'

2021-01-22 11:47:57 - [MESSAGE][PASSED] - Click button "Logout"

2021-01-22 11:47:57 - [TEST_STEP][PASSED] - Close browser: Close browser

2021-01-22 11:47:57 - [MESSAGE][PASSED] - Browser is closed

2021-01-22 11:47:57 - [MESSAGE][PASSED] - Close browser

2021-01-22 11:47:57 - [TEST_CASE][PASSED] - Start Test Case : SCENARIO Search by STATUS Hold Payment Insufficient Fund: SCENARIO Search by STATUS Hold Payment Insufficient Fund

2021-01-22 11:47:57 - [TEST_STEP][PASSED] - Go to ISTools: Go to ISTools

2021-01-22 11:47:57 - [MESSAGE][INFO] - Starting 'Chrome (headless)' driver

2021-01-22 11:47:57 - [MESSAGE][INFO] - User set preference: ['args', '[--start-maximized, --disable-gpu, --no-proxy-server, â€“-no-sandbox, --allow-running-insecure-content, --ignore-certificate-errors, window-size=1680,814, force-device-scale-factor=2, --lang=en-GB]']

2021-01-22 11:47:57 - [MESSAGE][INFO] - User set preference: ['prefs', '{download.default_directory=/Users/chaidir.pratama01/Katalon Studio/IST_Automation_Git/Download}']

2021-01-22 11:47:57 - [MESSAGE][INFO] - Action delay is set to 0 milliseconds

2021-01-22 11:47:57 - [MESSAGE][PASSED] - Browser is opened with url: ''

2021-01-22 11:47:58 - [MESSAGE][PASSED] - Navigate to 'https://dev-istools.homecredit.id/foundation/' successfully

2021-01-22 11:47:58 - [MESSAGE][PASSED] - Go to ISTools

2021-01-22 11:47:58 - [TEST_STEP][PASSED] - Login IST with valid credentials: Login IST with valid credentials

2021-01-22 11:47:58 - [MESSAGE][PASSED] - Text 'mobile.test' is set on object 'Object Repository/Page_/input_Username_j_username'

2021-01-22 11:47:58 - [MESSAGE][PASSED] - Text ****** has been set on object 'Object Repository/Page_/input_Password_j_password'

2021-01-22 11:47:58 - [MESSAGE][PASSED] - Object: 'Object Repository/Page_/button_Login' is clicked on

2021-01-22 11:47:58 - [MESSAGE][PASSED] - Login IST with valid credentials

2021-01-22 11:47:58 - [TEST_STEP][PASSED] - Login Success: Login Success

2021-01-22 11:47:58 - [MESSAGE][INFO] - Login Success

2021-01-22 11:47:59 - [MESSAGE][PASSED] - Current window maximized

2021-01-22 11:47:59 - [MESSAGE][PASSED] - Object 'Object Repository/Page_/h1_Welcome to IT Supporting Tools' is present

2021-01-22 11:47:59 - [MESSAGE][PASSED] - Login Success

2021-01-22 11:47:59 - [TEST_STEP][PASSED] - Select Arrow Menu "Real Time Disbursement": Select Arrow Menu "Real Time Disbursement"

2021-01-22 11:47:59 - [MESSAGE][PASSED] - Object: '' is clicked on

2021-01-22 11:47:59 - [MESSAGE][PASSED] - Select Arrow Menu "Real Time Disbursement"

2021-01-22 11:47:59 - [TEST_STEP][PASSED] - Select Menu "Partner Disbursement SBO": Select Menu "Partner Disbursement SBO"

2021-01-22 11:47:59 - [MESSAGE][PASSED] - Taking screenshot successfully
[[ATTACHMENT|/Users/chaidir.pratama01/Documents/Docs/Katalon Studio/Screenshot/test-Partner Disbursement SBO.png]]

2021-01-22 11:47:59 - [MESSAGE][PASSED] - Object '' is present

2021-01-22 11:47:59 - [MESSAGE][PASSED] - Object: '' is clicked on

2021-01-22 11:47:59 - [MESSAGE][PASSED] - Wait for page load successfully

2021-01-22 11:47:59 - [MESSAGE][PASSED] - Select Menu "Partner Disbursement SBO"

2021-01-22 11:47:59 - [TEST_STEP][PASSED] - Select STATUS "Hold Payment Insufficient Fund": Select STATUS "Hold Payment Insufficient Fund"

2021-01-22 11:48:00 - [MESSAGE][PASSED] - All options with value 'Hold Payment Insufficient Fund' are selected in object ''  using regular expression

2021-01-22 11:48:00 - [MESSAGE][PASSED] - Select STATUS "Hold Payment Insufficient Fund"

2021-01-22 11:48:00 - [TEST_STEP][PASSED] - Click button "Search": Click button "Search"

2021-01-22 11:48:00 - [MESSAGE][INFO] - >>>>>//Button[contains(text(),'Search')]

2021-01-22 11:48:03 - [MESSAGE][PASSED] - Object '' is present

2021-01-22 11:48:03 - [MESSAGE][PASSED] - Object: '' is clicked on

2021-01-22 11:48:03 - [MESSAGE][PASSED] - Switched to window with index: '0'

2021-01-22 11:48:03 - [MESSAGE][PASSED] - Click button "Search"

2021-01-22 11:48:03 - [TEST_STEP][PASSED] - Verify Search Result Presents: Verify Search Result Presents

2021-01-22 11:48:07 - [MESSAGE][INFO] - Unable to find the element located by 'By.xpath: //td[@style='display:none' and contains(text(),'-Empty-')]'. Please recheck the objects properties to make sure the desired element is located. 

2021-01-22 11:48:07 - [MESSAGE][WARNING] - com.kms.katalon.core.webui.exception.WebElementNotFoundException: Web element with id: '' located by '//td[@style='display:none' and contains(text(),'-Empty-')]' not found (Root cause: com.kms.katalon.core.exception.StepFailedException: com.kms.katalon.core.webui.exception.WebElementNotFoundException: Web element with id: '' located by '//td[@style='display:none' and contains(text(),'-Empty-')]' not found
	at com.kms.katalon.core.webui.keyword.internal.WebUIKeywordMain.stepFailed(WebUIKeywordMain.groovy:64)
	at com.kms.katalon.core.webui.keyword.builtin.VerifyElementPresentKeyword$_verifyElementPresent_closure1.doCall(VerifyElementPresentKeyword.groovy:85)
	at com.kms.katalon.core.webui.keyword.builtin.VerifyElementPresentKeyword$_verifyElementPresent_closure1.call(VerifyElementPresentKeyword.groovy)
	at com.kms.katalon.core.webui.keyword.internal.WebUIKeywordMain.runKeyword(WebUIKeywordMain.groovy:20)
	at com.kms.katalon.core.webui.keyword.builtin.VerifyElementPresentKeyword.verifyElementPresent(VerifyElementPresentKeyword.groovy:92)
	at com.kms.katalon.core.webui.keyword.builtin.VerifyElementPresentKeyword.execute(VerifyElementPresentKeyword.groovy:68)
	at com.kms.katalon.core.keyword.internal.KeywordExecutor.executeKeywordForPlatform(KeywordExecutor.groovy:73)
	at com.kms.katalon.core.webui.keyword.WebUiBuiltInKeywords.verifyElementPresent(WebUiBuiltInKeywords.groovy:1444)
	at com.kms.katalon.core.webui.keyword.WebUiBuiltInKeywords$verifyElementPresent$11.call(Unknown Source)
	at ist_real.Contract_Dispatcher.VerifyTblFilled(Contract_Dispatcher.groovy:1313)
	at ist_real.Contract_Dispatcher$VerifyTblFilled$0.call(Unknown Source)
	at RTD.Search_Result_Presents(RTD.groovy:191)
	at cucumber.runtime.Utils$1.call(Utils.java:26)
	at cucumber.runtime.Timeout.timeout(Timeout.java:16)
	at cucumber.runtime.Utils.invoke(Utils.java:20)
	at cucumber.runtime.java.JavaStepDefinition.execute(JavaStepDefinition.java:48)
	at cucumber.runtime.PickleStepDefinitionMatch.runStep(PickleStepDefinitionMatch.java:50)
	at cucumber.runner.TestStep.executeStep(TestStep.java:55)
	at cucumber.runner.TestStep.run(TestStep.java:42)
	at cucumber.runner.PickleStepTestStep.run(PickleStepTestStep.java:53)
	at cucumber.runner.TestCase.run(TestCase.java:47)
	at cucumber.runner.Runner.runPickle(Runner.java:44)
	at cucumber.runtime.Runtime.runFeature(Runtime.java:120)
	at cucumber.runtime.Runtime.run(Runtime.java:106)
	at cucumber.api.cli.Main.run(Main.java:35)
	at cucumber.api.cli.Main$run.call(Unknown Source)
	at com.kms.katalon.core.cucumber.keyword.CucumberBuiltinKeywords$_runFeatureFile_closure1.doCall(CucumberBuiltinKeywords.groovy:76)
	at com.kms.katalon.core.cucumber.keyword.CucumberBuiltinKeywords$_runFeatureFile_closure1.doCall(CucumberBuiltinKeywords.groovy)
	at com.kms.katalon.core.keyword.internal.KeywordMain.runKeyword(KeywordMain.groovy:68)
	at com.kms.katalon.core.keyword.internal.KeywordMain$runKeyword.call(Unknown Source)
	at com.kms.katalon.core.cucumber.keyword.CucumberBuiltinKeywords.runFeatureFile(CucumberBuiltinKeywords.groovy:46)
	at com.kms.katalon.core.cucumber.keyword.CucumberBuiltinKeywords$runFeatureFile$0.callStatic(Unknown Source)
	at com.kms.katalon.core.cucumber.keyword.CucumberBuiltinKeywords.runFeatureFile(CucumberBuiltinKeywords.groovy:169)
	at com.kms.katalon.core.cucumber.keyword.CucumberBuiltinKeywords$runFeatureFile.call(Unknown Source)
	at TC_Search_by_STATUS.run(TC_Search_by_STATUS:18)
	at com.kms.katalon.core.main.ScriptEngine.run(ScriptEngine.java:194)
	at com.kms.katalon.core.main.ScriptEngine.runScriptAsRawText(ScriptEngine.java:119)
	at com.kms.katalon.core.main.TestCaseExecutor.runScript(TestCaseExecutor.java:339)
	at com.kms.katalon.core.main.TestCaseExecutor.doExecute(TestCaseExecutor.java:330)
	at com.kms.katalon.core.main.TestCaseExecutor.processExecutionPhase(TestCaseExecutor.java:309)
	at com.kms.katalon.core.main.TestCaseExecutor.accessMainPhase(TestCaseExecutor.java:301)
	at com.kms.katalon.core.main.TestCaseExecutor.execute(TestCaseExecutor.java:235)
	at com.kms.katalon.core.main.TestSuiteExecutor.accessTestCaseMainPhase(TestSuiteExecutor.java:191)
	at com.kms.katalon.core.main.TestSuiteExecutor.accessTestSuiteMainPhase(TestSuiteExecutor.java:141)
	at com.kms.katalon.core.main.TestSuiteExecutor.execute(TestSuiteExecutor.java:90)
	at com.kms.katalon.core.main.TestCaseMain.startTestSuite(TestCaseMain.java:157)
	at com.kms.katalon.core.main.TestCaseMain$startTestSuite$0.call(Unknown Source)
	at TempTestSuite1611290381164.run(TempTestSuite1611290381164.groovy:39)
)
[[ATTACHMENT|/Users/chaidir.pratama01/Katalon Studio/IST_Automation_Git/Reports/20210122_113940/RTD/TS_Partner_Disbursement_SBO/20210122_113941/1611290887218.png]]

2021-01-22 11:48:08 - [MESSAGE][PASSED] - Verify Search Result Presents

2021-01-22 11:48:08 - [TEST_STEP][PASSED] - Click button "Logout": Click button "Logout"

2021-01-22 11:48:08 - [MESSAGE][INFO] - >>>>>//Button[contains(text(),'Logout')]

2021-01-22 11:48:11 - [MESSAGE][PASSED] - Object '' is present

2021-01-22 11:48:11 - [MESSAGE][PASSED] - Object: '' is clicked on

2021-01-22 11:48:11 - [MESSAGE][PASSED] - Switched to window with index: '0'

2021-01-22 11:48:11 - [MESSAGE][PASSED] - Click button "Logout"

2021-01-22 11:48:11 - [TEST_STEP][PASSED] - Close browser: Close browser

2021-01-22 11:48:11 - [MESSAGE][PASSED] - Browser is closed

2021-01-22 11:48:11 - [MESSAGE][PASSED] - Close browser

2021-01-22 11:48:11 - [MESSAGE][PASSED] - Feature file: 'Include/features/IST_Real/RTD/Partner Disbursement SBO/Search_by_STATUS.feature' was passed]]></system-out>
         <system-err><![CDATA[]]></system-err>
      </testcase>
      <testcase name="Test Cases/RTD/Partner Disbursement SBO/TC_Search_by_OrderID" time="6.739" classname="Test Cases/RTD/Partner Disbursement SBO/TC_Search_by_OrderID" status="PASSED">
         <system-out><![CDATA[2021-01-22 11:48:11 - [TEST_CASE][PASSED] - Test Cases/RTD/Partner Disbursement SBO/TC_Search_by_OrderID: Test Cases/RTD/Partner Disbursement SBO/TC_Search_by_OrderID

2021-01-22 11:48:11 - [TEST_STEP][PASSED] - runFeatureFile("Include/features/IST_Real/RTD/Partner Disbursement SBO/Search_by_OrderID.feature"): Feature file: 'Include/features/IST_Real/RTD/Partner Disbursement SBO/Search_by_OrderID.feature' was passed

2021-01-22 11:48:11 - [MESSAGE][INFO] - Starting run keyword runFeatureFile: 'Include/features/IST_Real/RTD/Partner Disbursement SBO/Search_by_OrderID.feature' and extract report to folder: '/Users/chaidir.pratama01/Katalon Studio/IST_Automation_Git/Reports/20210122_113940/RTD/TS_Partner_Disbursement_SBO/20210122_113941/cucumber_report/1611290891449'...

2021-01-22 11:48:11 - [TEST_CASE][PASSED] - Start Test Case : SCENARIO Search by Contract Number and it found on Dashboard: SCENARIO Search by Contract Number and it found on Dashboard

2021-01-22 11:48:11 - [TEST_STEP][PASSED] - Go to ISTools: Go to ISTools

2021-01-22 11:48:11 - [MESSAGE][INFO] - Starting 'Chrome (headless)' driver

2021-01-22 11:48:11 - [MESSAGE][INFO] - User set preference: ['args', '[--start-maximized, --disable-gpu, --no-proxy-server, â€“-no-sandbox, --allow-running-insecure-content, --ignore-certificate-errors, window-size=1680,814, force-device-scale-factor=2, --lang=en-GB]']

2021-01-22 11:48:11 - [MESSAGE][INFO] - User set preference: ['prefs', '{download.default_directory=/Users/chaidir.pratama01/Katalon Studio/IST_Automation_Git/Download}']

2021-01-22 11:48:11 - [MESSAGE][INFO] - Action delay is set to 0 milliseconds

2021-01-22 11:48:11 - [MESSAGE][PASSED] - Browser is opened with url: ''

2021-01-22 11:48:12 - [MESSAGE][PASSED] - Navigate to 'https://dev-istools.homecredit.id/foundation/' successfully

2021-01-22 11:48:12 - [MESSAGE][PASSED] - Go to ISTools

2021-01-22 11:48:12 - [TEST_STEP][PASSED] - Login IST with valid credentials: Login IST with valid credentials

2021-01-22 11:48:12 - [MESSAGE][PASSED] - Text 'mobile.test' is set on object 'Object Repository/Page_/input_Username_j_username'

2021-01-22 11:48:12 - [MESSAGE][PASSED] - Text ****** has been set on object 'Object Repository/Page_/input_Password_j_password'

2021-01-22 11:48:13 - [MESSAGE][PASSED] - Object: 'Object Repository/Page_/button_Login' is clicked on

2021-01-22 11:48:13 - [MESSAGE][PASSED] - Login IST with valid credentials

2021-01-22 11:48:13 - [TEST_STEP][PASSED] - Login Success: Login Success

2021-01-22 11:48:13 - [MESSAGE][INFO] - Login Success

2021-01-22 11:48:13 - [MESSAGE][PASSED] - Current window maximized

2021-01-22 11:48:13 - [MESSAGE][PASSED] - Object 'Object Repository/Page_/h1_Welcome to IT Supporting Tools' is present

2021-01-22 11:48:13 - [MESSAGE][PASSED] - Login Success

2021-01-22 11:48:13 - [TEST_STEP][PASSED] - Select Arrow Menu "Real Time Disbursement": Select Arrow Menu "Real Time Disbursement"

2021-01-22 11:48:13 - [MESSAGE][PASSED] - Object: '' is clicked on

2021-01-22 11:48:13 - [MESSAGE][PASSED] - Select Arrow Menu "Real Time Disbursement"

2021-01-22 11:48:13 - [TEST_STEP][PASSED] - Select Menu "Partner Disbursement SBO": Select Menu "Partner Disbursement SBO"

2021-01-22 11:48:13 - [MESSAGE][PASSED] - Taking screenshot successfully
[[ATTACHMENT|/Users/chaidir.pratama01/Documents/Docs/Katalon Studio/Screenshot/test-Partner Disbursement SBO.png]]

2021-01-22 11:48:13 - [MESSAGE][PASSED] - Object '' is present

2021-01-22 11:48:13 - [MESSAGE][PASSED] - Object: '' is clicked on

2021-01-22 11:48:14 - [MESSAGE][PASSED] - Wait for page load successfully

2021-01-22 11:48:14 - [MESSAGE][PASSED] - Select Menu "Partner Disbursement SBO"

2021-01-22 11:48:14 - [TEST_STEP][PASSED] - Input "Order ID" for "Partner Disbursement": Input "Order ID" for "Partner Disbursement"

2021-01-22 11:48:14 - [MESSAGE][PASSED] - Text '10037914991' is set on object ''

2021-01-22 11:48:14 - [MESSAGE][PASSED] - Input "Order ID" for "Partner Disbursement"

2021-01-22 11:48:14 - [TEST_STEP][PASSED] - Click button "Search": Click button "Search"

2021-01-22 11:48:14 - [MESSAGE][INFO] - >>>>>//Button[contains(text(),'Search')]

2021-01-22 11:48:17 - [MESSAGE][PASSED] - Object '' is present

2021-01-22 11:48:17 - [MESSAGE][PASSED] - Object: '' is clicked on

2021-01-22 11:48:17 - [MESSAGE][PASSED] - Switched to window with index: '0'

2021-01-22 11:48:17 - [MESSAGE][PASSED] - Click button "Search"

2021-01-22 11:48:17 - [TEST_STEP][PASSED] - Verify Search Result Presents: Verify Search Result Presents

2021-01-22 11:48:17 - [MESSAGE][PASSED] - Object '' is present

2021-01-22 11:48:18 - [MESSAGE][PASSED] - Verify Search Result Presents

2021-01-22 11:48:18 - [MESSAGE][PASSED] - Feature file: 'Include/features/IST_Real/RTD/Partner Disbursement SBO/Search_by_OrderID.feature' was passed]]></system-out>
         <system-err><![CDATA[]]></system-err>
      </testcase>
      <testcase name="Test Cases/RTD/Partner Disbursement SBO/TC_Search_by_Contract_Number" time="6.733" classname="Test Cases/RTD/Partner Disbursement SBO/TC_Search_by_Contract_Number" status="PASSED">
         <system-out><![CDATA[2021-01-22 11:48:18 - [TEST_CASE][PASSED] - Test Cases/RTD/Partner Disbursement SBO/TC_Search_by_Contract_Number: Test Cases/RTD/Partner Disbursement SBO/TC_Search_by_Contract_Number

2021-01-22 11:48:18 - [TEST_STEP][PASSED] - runFeatureFile("Include/features/IST_Real/RTD/Partner Disbursement SBO/Search_by_Contract_Number.feature"): Feature file: 'Include/features/IST_Real/RTD/Partner Disbursement SBO/Search_by_Contract_Number.feature' was passed

2021-01-22 11:48:18 - [MESSAGE][INFO] - Starting run keyword runFeatureFile: 'Include/features/IST_Real/RTD/Partner Disbursement SBO/Search_by_Contract_Number.feature' and extract report to folder: '/Users/chaidir.pratama01/Katalon Studio/IST_Automation_Git/Reports/20210122_113940/RTD/TS_Partner_Disbursement_SBO/20210122_113941/cucumber_report/1611290898187'...

2021-01-22 11:48:18 - [TEST_CASE][PASSED] - Start Test Case : SCENARIO Search by Contract Number and it found on Dashboard: SCENARIO Search by Contract Number and it found on Dashboard

2021-01-22 11:48:18 - [TEST_STEP][PASSED] - Go to ISTools: Go to ISTools

2021-01-22 11:48:18 - [MESSAGE][WARNING] - A browser is already opened. Closing browser and opening a new one

2021-01-22 11:48:18 - [MESSAGE][INFO] - Starting 'Chrome (headless)' driver

2021-01-22 11:48:18 - [MESSAGE][INFO] - User set preference: ['args', '[--start-maximized, --disable-gpu, --no-proxy-server, â€“-no-sandbox, --allow-running-insecure-content, --ignore-certificate-errors, window-size=1680,814, force-device-scale-factor=2, --lang=en-GB]']

2021-01-22 11:48:18 - [MESSAGE][INFO] - User set preference: ['prefs', '{download.default_directory=/Users/chaidir.pratama01/Katalon Studio/IST_Automation_Git/Download}']

2021-01-22 11:48:18 - [MESSAGE][INFO] - Action delay is set to 0 milliseconds

2021-01-22 11:48:18 - [MESSAGE][PASSED] - Browser is opened with url: ''

2021-01-22 11:48:19 - [MESSAGE][PASSED] - Navigate to 'https://dev-istools.homecredit.id/foundation/' successfully

2021-01-22 11:48:19 - [MESSAGE][PASSED] - Go to ISTools

2021-01-22 11:48:19 - [TEST_STEP][PASSED] - Login IST with valid credentials: Login IST with valid credentials

2021-01-22 11:48:19 - [MESSAGE][PASSED] - Text 'mobile.test' is set on object 'Object Repository/Page_/input_Username_j_username'

2021-01-22 11:48:19 - [MESSAGE][PASSED] - Text ****** has been set on object 'Object Repository/Page_/input_Password_j_password'

2021-01-22 11:48:19 - [MESSAGE][PASSED] - Object: 'Object Repository/Page_/button_Login' is clicked on

2021-01-22 11:48:19 - [MESSAGE][PASSED] - Login IST with valid credentials

2021-01-22 11:48:19 - [TEST_STEP][PASSED] - Login Success: Login Success

2021-01-22 11:48:19 - [MESSAGE][INFO] - Login Success

2021-01-22 11:48:20 - [MESSAGE][PASSED] - Current window maximized

2021-01-22 11:48:20 - [MESSAGE][PASSED] - Object 'Object Repository/Page_/h1_Welcome to IT Supporting Tools' is present

2021-01-22 11:48:20 - [MESSAGE][PASSED] - Login Success

2021-01-22 11:48:20 - [TEST_STEP][PASSED] - Select Arrow Menu "Real Time Disbursement": Select Arrow Menu "Real Time Disbursement"

2021-01-22 11:48:20 - [MESSAGE][PASSED] - Object: '' is clicked on

2021-01-22 11:48:20 - [MESSAGE][PASSED] - Select Arrow Menu "Real Time Disbursement"

2021-01-22 11:48:20 - [TEST_STEP][PASSED] - Select Menu "Partner Disbursement SBO": Select Menu "Partner Disbursement SBO"

2021-01-22 11:48:20 - [MESSAGE][PASSED] - Taking screenshot successfully
[[ATTACHMENT|/Users/chaidir.pratama01/Documents/Docs/Katalon Studio/Screenshot/test-Partner Disbursement SBO.png]]

2021-01-22 11:48:20 - [MESSAGE][PASSED] - Object '' is present

2021-01-22 11:48:20 - [MESSAGE][PASSED] - Object: '' is clicked on

2021-01-22 11:48:20 - [MESSAGE][PASSED] - Wait for page load successfully

2021-01-22 11:48:20 - [MESSAGE][PASSED] - Select Menu "Partner Disbursement SBO"

2021-01-22 11:48:20 - [TEST_STEP][PASSED] - Input Contract RTD in Contract Number label: Input Contract RTD in Contract Number label

2021-01-22 11:48:20 - [MESSAGE][PASSED] - Text '4000014162' is set on object ''

2021-01-22 11:48:20 - [MESSAGE][PASSED] - Input Contract RTD in Contract Number label

2021-01-22 11:48:20 - [TEST_STEP][PASSED] - Click button "Search": Click button "Search"

2021-01-22 11:48:20 - [MESSAGE][INFO] - >>>>>//Button[contains(text(),'Search')]

2021-01-22 11:48:23 - [MESSAGE][PASSED] - Object '' is present

2021-01-22 11:48:24 - [MESSAGE][PASSED] - Object: '' is clicked on

2021-01-22 11:48:24 - [MESSAGE][PASSED] - Switched to window with index: '0'

2021-01-22 11:48:24 - [MESSAGE][PASSED] - Click button "Search"

2021-01-22 11:48:24 - [TEST_STEP][PASSED] - Verify Search Result Presents: Verify Search Result Presents

2021-01-22 11:48:24 - [MESSAGE][PASSED] - Object '' is present

2021-01-22 11:48:24 - [MESSAGE][PASSED] - Verify Search Result Presents

2021-01-22 11:48:24 - [MESSAGE][PASSED] - Feature file: 'Include/features/IST_Real/RTD/Partner Disbursement SBO/Search_by_Contract_Number.feature' was passed]]></system-out>
         <system-err><![CDATA[]]></system-err>
      </testcase>
      <system-out><![CDATA[2021-01-22 11:44:18 - [TEST_SUITE][PASSED] - TS_Partner_Disbursement_SBO: Test Cases/RTD/Partner Disbursement SBO/TC_Search_by_Contract_Number]]></system-out>
      <system-err><![CDATA[]]></system-err>
   </testsuite>
   <testsuite name="TS_RTD" tests="13" failures="0" errors="0" time="12.904" timestamp="2021-01-22 11:49:28" hostname="chaidir.pratama01 - localhost" id="Test Suites/RTD/TS_RTD">
      <properties>
         <property name="deviceName" value=""/>
         <property name="devicePlatform" value=""/>
         <property name="logFolder" value="/Users/chaidir.pratama01/Katalon Studio/IST_Automation_Git/Reports/20210122_113940/RTD/TS_RTD/20210122_113942"/>
         <property name="logFiles" value="/Users/chaidir.pratama01/Katalon Studio/IST_Automation_Git/Reports/20210122_113940/RTD/TS_RTD/20210122_113942/execution0.log"/>
         <property name="attachments" value=""/>
         <property name="hostName" value="chaidir.pratama01 - localhost"/>
         <property name="os" value="Mac OS X 64bit"/>
         <property name="katalonVersion" value="7.6.0.${buildNumber}"/>
         <property name="browser" value="Chrome 87.0.4280.141"/>
         <property name="hostAddress" value="127.0.0.1"/>
         <property name="sessionId" value="2b51d32cd17efebbccc484aeec8d96c4"/>
         <property name="seleniumVersion" value="3.141.59"/>
         <property name="proxyInformation" value="ProxyInformation { proxyOption=NO_PROXY, proxyServerType=HTTP, username=, password=********, proxyServerAddress=, proxyServerPort=0, executionList=\&quot;\&quot;, isApplyToDesiredCapabilities=true }"/>
         <property name="platform" value="Mac OS X"/>
      </properties>
      <testcase name="Test Cases/RTD/TC_Check_MPF_Failed_Due_to_Not_Supported_Bank" time="3.536" classname="Test Cases/RTD/TC_Check_MPF_Failed_Due_to_Not_Supported_Bank" status="PASSED">
         <system-out><![CDATA[2021-01-22 11:49:28 - [TEST_CASE][PASSED] - Test Cases/RTD/TC_Check_MPF_Failed_Due_to_Not_Supported_Bank: Test Cases/RTD/TC_Check_MPF_Failed_Due_to_Not_Supported_Bank

2021-01-22 11:49:29 - [TEST_STEP][PASSED] - runFeatureFile("Include/features/IST_Real/RTD/Check_MPF_Failed_Due_to_Not_Supported_Bank.feature"): Feature file: 'Include/features/IST_Real/RTD/Check_MPF_Failed_Due_to_Not_Supported_Bank.feature' was passed

2021-01-22 11:49:29 - [MESSAGE][INFO] - Starting run keyword runFeatureFile: 'Include/features/IST_Real/RTD/Check_MPF_Failed_Due_to_Not_Supported_Bank.feature' and extract report to folder: '/Users/chaidir.pratama01/Katalon Studio/IST_Automation_Git/Reports/20210122_113940/RTD/TS_RTD/20210122_113942/cucumber_report/1611290969209'...

2021-01-22 11:49:29 - [TEST_CASE][PASSED] - Start Test Case : SCENARIO Check Contract from RTD_CONTRACT where STATUS is Failed Due to Not Supported Bank: SCENARIO Check Contract from RTD_CONTRACT where STATUS is Failed Due to Not Supported Bank

2021-01-22 11:49:29 - [TEST_STEP][PASSED] - Connect to Database RTD: Connect to Database RTD

2021-01-22 11:49:29 - [MESSAGE][INFO] - Starting 'Chrome (headless)' driver

2021-01-22 11:49:29 - [MESSAGE][INFO] - User set preference: ['args', '[--start-maximized, --disable-gpu, --no-proxy-server, â€“-no-sandbox, --allow-running-insecure-content, --ignore-certificate-errors, window-size=1680,814, force-device-scale-factor=2, --lang=en-GB]']

2021-01-22 11:49:29 - [MESSAGE][INFO] - User set preference: ['prefs', '{download.default_directory=/Users/chaidir.pratama01/Katalon Studio/IST_Automation_Git/Download}']

2021-01-22 11:49:29 - [MESSAGE][INFO] - Action delay is set to 0 milliseconds

2021-01-22 11:49:30 - [MESSAGE][PASSED] - Browser is opened with url: ''

2021-01-22 11:49:30 - [MESSAGE][PASSED] - Browser is closed

2021-01-22 11:49:32 - [MESSAGE][PASSED] - Connect to Database RTD

2021-01-22 11:49:32 - [TEST_STEP][PASSED] - Select Contract from Table in DB with Query "SELECT * FROM RTD_CONTRACT WHERE STATUS=9": Select Contract from Table in DB with Query "SELECT * FROM RTD_CONTRACT WHERE STATUS=9"

2021-01-22 11:49:32 - [MESSAGE][PASSED] - Select Contract from Table in DB with Query "SELECT * FROM RTD_CONTRACT WHERE STATUS=9"

2021-01-22 11:49:32 - [MESSAGE][PASSED] - Feature file: 'Include/features/IST_Real/RTD/Check_MPF_Failed_Due_to_Not_Supported_Bank.feature' was passed]]></system-out>
         <system-err><![CDATA[]]></system-err>
      </testcase>
      <testcase name="Test Cases/RTD/TC_Check_MPF_Eligible_to_Disburse" time="0.544" classname="Test Cases/RTD/TC_Check_MPF_Eligible_to_Disburse" status="PASSED">
         <system-out><![CDATA[2021-01-22 11:49:32 - [TEST_CASE][PASSED] - Test Cases/RTD/TC_Check_MPF_Eligible_to_Disburse: Test Cases/RTD/TC_Check_MPF_Eligible_to_Disburse

2021-01-22 11:49:32 - [TEST_STEP][PASSED] - runFeatureFile("Include/features/IST_Real/RTD/Check_MPF_Eligible_to_Disburse.feature"): Feature file: 'Include/features/IST_Real/RTD/Check_MPF_Eligible_to_Disburse.feature' was passed

2021-01-22 11:49:32 - [MESSAGE][INFO] - Starting run keyword runFeatureFile: 'Include/features/IST_Real/RTD/Check_MPF_Eligible_to_Disburse.feature' and extract report to folder: '/Users/chaidir.pratama01/Katalon Studio/IST_Automation_Git/Reports/20210122_113940/RTD/TS_RTD/20210122_113942/cucumber_report/1611290972636'...

2021-01-22 11:49:32 - [TEST_CASE][PASSED] - Start Test Case : SCENARIO Check Contract MPF Eligible to Disburse: SCENARIO Check Contract MPF Eligible to Disburse

2021-01-22 11:49:32 - [TEST_STEP][PASSED] - Connect to Database RTD: Connect to Database RTD

2021-01-22 11:49:32 - [MESSAGE][PASSED] - Connect to Database RTD

2021-01-22 11:49:32 - [TEST_STEP][PASSED] - Select Contract MPF that Eligible to Disburse: Select Contract MPF that Eligible to Disburse

2021-01-22 11:49:33 - [MESSAGE][PASSED] - Select Contract MPF that Eligible to Disburse

2021-01-22 11:49:33 - [MESSAGE][PASSED] - Feature file: 'Include/features/IST_Real/RTD/Check_MPF_Eligible_to_Disburse.feature' was passed]]></system-out>
         <system-err><![CDATA[]]></system-err>
      </testcase>
      <testcase name="Test Cases/RTD/TC_Check_MPF_Ready_to_Disburse" time="0.324" classname="Test Cases/RTD/TC_Check_MPF_Ready_to_Disburse" status="PASSED">
         <system-out><![CDATA[2021-01-22 11:49:33 - [TEST_CASE][PASSED] - Test Cases/RTD/TC_Check_MPF_Ready_to_Disburse: Test Cases/RTD/TC_Check_MPF_Ready_to_Disburse

2021-01-22 11:49:33 - [TEST_STEP][PASSED] - runFeatureFile("Include/features/IST_Real/RTD/Check_MPF_Ready_to_Disburse.feature"): Feature file: 'Include/features/IST_Real/RTD/Check_MPF_Ready_to_Disburse.feature' was passed

2021-01-22 11:49:33 - [MESSAGE][INFO] - Starting run keyword runFeatureFile: 'Include/features/IST_Real/RTD/Check_MPF_Ready_to_Disburse.feature' and extract report to folder: '/Users/chaidir.pratama01/Katalon Studio/IST_Automation_Git/Reports/20210122_113940/RTD/TS_RTD/20210122_113942/cucumber_report/1611290973146'...

2021-01-22 11:49:33 - [TEST_CASE][PASSED] - Start Test Case : SCENARIO Check Contract from RTD_CONTRACT where STATUS is READY TO DISBURSE: SCENARIO Check Contract from RTD_CONTRACT where STATUS is READY TO DISBURSE

2021-01-22 11:49:33 - [TEST_STEP][PASSED] - Connect to Database RTD: Connect to Database RTD

2021-01-22 11:49:33 - [MESSAGE][PASSED] - Connect to Database RTD

2021-01-22 11:49:33 - [TEST_STEP][PASSED] - Select Contract from Table in DB with Query "SELECT * FROM RTD_CONTRACT WHERE STATUS=5": Select Contract from Table in DB with Query "SELECT * FROM RTD_CONTRACT WHERE STATUS=5"

2021-01-22 11:49:33 - [MESSAGE][PASSED] - Select Contract from Table in DB with Query "SELECT * FROM RTD_CONTRACT WHERE STATUS=5"

2021-01-22 11:49:33 - [MESSAGE][PASSED] - Feature file: 'Include/features/IST_Real/RTD/Check_MPF_Ready_to_Disburse.feature' was passed]]></system-out>
         <system-err><![CDATA[]]></system-err>
      </testcase>
      <testcase name="Test Cases/RTD/TC_Check_MPF_Waiting_for_Approval_from_InPayment" time="0.326" classname="Test Cases/RTD/TC_Check_MPF_Waiting_for_Approval_from_InPayment" status="PASSED">
         <system-out><![CDATA[2021-01-22 11:49:33 - [TEST_CASE][PASSED] - Test Cases/RTD/TC_Check_MPF_Waiting_for_Approval_from_InPayment: Test Cases/RTD/TC_Check_MPF_Waiting_for_Approval_from_InPayment

2021-01-22 11:49:33 - [TEST_STEP][PASSED] - runFeatureFile("Include/features/IST_Real/RTD/Check_MPF_Waiting_for_Approval_from_InPayment.feature"): Feature file: 'Include/features/IST_Real/RTD/Check_MPF_Waiting_for_Approval_from_InPayment.feature' was passed

2021-01-22 11:49:33 - [MESSAGE][INFO] - Starting run keyword runFeatureFile: 'Include/features/IST_Real/RTD/Check_MPF_Waiting_for_Approval_from_InPayment.feature' and extract report to folder: '/Users/chaidir.pratama01/Katalon Studio/IST_Automation_Git/Reports/20210122_113940/RTD/TS_RTD/20210122_113942/cucumber_report/1611290973469'...

2021-01-22 11:49:33 - [TEST_CASE][PASSED] - Start Test Case : SCENARIO Check Contract from RTD_CONTRACT_TEMP where Status is Waiting for approval from In Payment: SCENARIO Check Contract from RTD_CONTRACT_TEMP where Status is Waiting for approval from In Payment

2021-01-22 11:49:33 - [TEST_STEP][PASSED] - Connect to Database RTD: Connect to Database RTD

2021-01-22 11:49:33 - [MESSAGE][PASSED] - Connect to Database RTD

2021-01-22 11:49:33 - [TEST_STEP][PASSED] - Select Contract from Table in DB with Query "SELECT * FROM RTD_CONTRACT WHERE STATUS=3": Select Contract from Table in DB with Query "SELECT * FROM RTD_CONTRACT WHERE STATUS=3"

2021-01-22 11:49:33 - [MESSAGE][PASSED] - Select Contract from Table in DB with Query "SELECT * FROM RTD_CONTRACT WHERE STATUS=3"

2021-01-22 11:49:33 - [MESSAGE][PASSED] - Feature file: 'Include/features/IST_Real/RTD/Check_MPF_Waiting_for_Approval_from_InPayment.feature' was passed]]></system-out>
         <system-err><![CDATA[]]></system-err>
      </testcase>
      <testcase name="Test Cases/RTD/TC_Check_MPF_DONE" time="0.399" classname="Test Cases/RTD/TC_Check_MPF_DONE" status="PASSED">
         <system-out><![CDATA[2021-01-22 11:49:33 - [TEST_CASE][PASSED] - Test Cases/RTD/TC_Check_MPF_DONE: Test Cases/RTD/TC_Check_MPF_DONE

2021-01-22 11:49:33 - [TEST_STEP][PASSED] - runFeatureFile("Include/features/IST_Real/RTD/Check_MPF_DONE.feature"): Feature file: 'Include/features/IST_Real/RTD/Check_MPF_DONE.feature' was passed

2021-01-22 11:49:33 - [MESSAGE][INFO] - Starting run keyword runFeatureFile: 'Include/features/IST_Real/RTD/Check_MPF_DONE.feature' and extract report to folder: '/Users/chaidir.pratama01/Katalon Studio/IST_Automation_Git/Reports/20210122_113940/RTD/TS_RTD/20210122_113942/cucumber_report/1611290973799'...

2021-01-22 11:49:33 - [TEST_CASE][PASSED] - Start Test Case : SCENARIO Check Contract from RTD_CONTRACT where STATUS is DONE: SCENARIO Check Contract from RTD_CONTRACT where STATUS is DONE

2021-01-22 11:49:33 - [TEST_STEP][PASSED] - Connect to Database RTD: Connect to Database RTD

2021-01-22 11:49:34 - [MESSAGE][PASSED] - Connect to Database RTD

2021-01-22 11:49:34 - [TEST_STEP][PASSED] - Select Contract from Table in DB with Query "SELECT RTD_CONTRACT_TEMP.KTP,RTD_CONTRACT_TEMP.CONTRACT_ID,RTD_CONTRACT_TEMP.RECIPIENT_BANK_ACCOUNT_NUMBER,RTD_CONTRACT_TEMP.STATUS FROM RTD_CONTRACT_TEMP LEFT JOIN RTD_CONTRACT ON RTD_CONTRACT_TEMP.CONTRACT_ID=RTD_CONTRACT.CONTRACT_ID WHERE RTD_CONTRACT_TEMP.TYPE_CONTRACT='MPF' AND RTD_CONTRACT.STATUS=11 AND RTD_CONTRACT_TEMP.IS_RTD='Y' AND RTD_CONTRACT.PGW_RESPONSE_CODE='00'": Select Contract from Table in DB with Query "SELECT RTD_CONTRACT_TEMP.KTP,RTD_CONTRACT_TEMP.CONTRACT_ID,RTD_CONTRACT_TEMP.RECIPIENT_BANK_ACCOUNT_NUMBER,RTD_CONTRACT_TEMP.STATUS FROM RTD_CONTRACT_TEMP LEFT JOIN RTD_CONTRACT ON RTD_CONTRACT_TEMP.CONTRACT_ID=RTD_CONTRACT.CONTRACT_ID WHERE RTD_CONTRACT_TEMP.TYPE_CONTRACT='MPF' AND RTD_CONTRACT.STATUS=11 AND RTD_CONTRACT_TEMP.IS_RTD='Y' AND RTD_CONTRACT.PGW_RESPONSE_CODE='00'"

2021-01-22 11:49:34 - [MESSAGE][PASSED] - Select Contract from Table in DB with Query "SELECT RTD_CONTRACT_TEMP.KTP,RTD_CONTRACT_TEMP.CONTRACT_ID,RTD_CONTRACT_TEMP.RECIPIENT_BANK_ACCOUNT_NUMBER,RTD_CONTRACT_TEMP.STATUS FROM RTD_CONTRACT_TEMP LEFT JOIN RTD_CONTRACT ON RTD_CONTRACT_TEMP.CONTRACT_ID=RTD_CONTRACT.CONTRACT_ID WHERE RTD_CONTRACT_TEMP.TYPE_CONTRACT='MPF' AND RTD_CONTRACT.STATUS=11 AND RTD_CONTRACT_TEMP.IS_RTD='Y' AND RTD_CONTRACT.PGW_RESPONSE_CODE='00'"

2021-01-22 11:49:34 - [MESSAGE][PASSED] - Feature file: 'Include/features/IST_Real/RTD/Check_MPF_DONE.feature' was passed]]></system-out>
         <system-err><![CDATA[]]></system-err>
      </testcase>
      <testcase name="Test Cases/RTD/TC_Check_MPF_Waiting_Approval_From_Risk" time="0.355" classname="Test Cases/RTD/TC_Check_MPF_Waiting_Approval_From_Risk" status="PASSED">
         <system-out><![CDATA[2021-01-22 11:49:34 - [TEST_CASE][PASSED] - Test Cases/RTD/TC_Check_MPF_Waiting_Approval_From_Risk: Test Cases/RTD/TC_Check_MPF_Waiting_Approval_From_Risk

2021-01-22 11:49:34 - [TEST_STEP][PASSED] - runFeatureFile("Include/features/IST_Real/RTD/Check_MPF_Waiting_Approval_From_Risk.feature"): Feature file: 'Include/features/IST_Real/RTD/Check_MPF_Waiting_Approval_From_Risk.feature' was passed

2021-01-22 11:49:34 - [MESSAGE][INFO] - Starting run keyword runFeatureFile: 'Include/features/IST_Real/RTD/Check_MPF_Waiting_Approval_From_Risk.feature' and extract report to folder: '/Users/chaidir.pratama01/Katalon Studio/IST_Automation_Git/Reports/20210122_113940/RTD/TS_RTD/20210122_113942/cucumber_report/1611290974213'...

2021-01-22 11:49:34 - [TEST_CASE][PASSED] - Start Test Case : SCENARIO Check Contract from RTD_CONTRACT where Status is Waiting for Approval Risk: SCENARIO Check Contract from RTD_CONTRACT where Status is Waiting for Approval Risk

2021-01-22 11:49:34 - [TEST_STEP][PASSED] - Connect to Database RTD: Connect to Database RTD

2021-01-22 11:49:34 - [MESSAGE][PASSED] - Connect to Database RTD

2021-01-22 11:49:34 - [TEST_STEP][PASSED] - Select Contract from Table in DB with Query "SELECT * FROM RTD_CONTRACT WHERE STATUS=2": Select Contract from Table in DB with Query "SELECT * FROM RTD_CONTRACT WHERE STATUS=2"

2021-01-22 11:49:34 - [MESSAGE][PASSED] - Select Contract from Table in DB with Query "SELECT * FROM RTD_CONTRACT WHERE STATUS=2"

2021-01-22 11:49:34 - [MESSAGE][PASSED] - Feature file: 'Include/features/IST_Real/RTD/Check_MPF_Waiting_Approval_From_Risk.feature' was passed]]></system-out>
         <system-err><![CDATA[]]></system-err>
      </testcase>
      <testcase name="Test Cases/RTD/TC_Check_MPF_Manual_DIsbursment" time="1.523" classname="Test Cases/RTD/TC_Check_MPF_Manual_DIsbursment" status="PASSED">
         <system-out><![CDATA[2021-01-22 11:49:34 - [TEST_CASE][PASSED] - Test Cases/RTD/TC_Check_MPF_Manual_DIsbursment: Test Cases/RTD/TC_Check_MPF_Manual_DIsbursment

2021-01-22 11:49:34 - [TEST_STEP][PASSED] - runFeatureFile("Include/features/IST_Real/RTD/Check_MPF_Manual_DIsbursment.feature"): Feature file: 'Include/features/IST_Real/RTD/Check_MPF_Manual_DIsbursment.feature' was passed

2021-01-22 11:49:34 - [MESSAGE][INFO] - Starting run keyword runFeatureFile: 'Include/features/IST_Real/RTD/Check_MPF_Manual_DIsbursment.feature' and extract report to folder: '/Users/chaidir.pratama01/Katalon Studio/IST_Automation_Git/Reports/20210122_113940/RTD/TS_RTD/20210122_113942/cucumber_report/1611290974619'...

2021-01-22 11:49:34 - [TEST_CASE][PASSED] - Start Test Case : SCENARIO Check Contract from RTD_CONTRACT where STATUS is MANUAL DISBURSMENT: SCENARIO Check Contract from RTD_CONTRACT where STATUS is MANUAL DISBURSMENT

2021-01-22 11:49:34 - [TEST_STEP][PASSED] - Connect to Database RTD: Connect to Database RTD

2021-01-22 11:49:35 - [MESSAGE][PASSED] - Connect to Database RTD

2021-01-22 11:49:35 - [TEST_STEP][PASSED] - Select Contract from Table in DB with Query "SELECT * FROM RTD_CONTRACT WHERE STATUS=10": Select Contract from Table in DB with Query "SELECT * FROM RTD_CONTRACT WHERE STATUS=10"

2021-01-22 11:49:35 - [MESSAGE][PASSED] - Select Contract from Table in DB with Query "SELECT * FROM RTD_CONTRACT WHERE STATUS=10"

2021-01-22 11:49:36 - [MESSAGE][PASSED] - Feature file: 'Include/features/IST_Real/RTD/Check_MPF_Manual_DIsbursment.feature' was passed]]></system-out>
         <system-err><![CDATA[]]></system-err>
      </testcase>
      <testcase name="Test Cases/RTD/TC_Check_MPF_is_Not_Eligible_to_Disburse" time="0.438" classname="Test Cases/RTD/TC_Check_MPF_is_Not_Eligible_to_Disburse" status="PASSED">
         <system-out><![CDATA[2021-01-22 11:49:36 - [TEST_CASE][PASSED] - Test Cases/RTD/TC_Check_MPF_is_Not_Eligible_to_Disburse: Test Cases/RTD/TC_Check_MPF_is_Not_Eligible_to_Disburse

2021-01-22 11:49:36 - [TEST_STEP][PASSED] - runFeatureFile("Include/features/IST_Real/RTD/Check_MPF_is_Not_Eligible_to_Disburse.feature"): Feature file: 'Include/features/IST_Real/RTD/Check_MPF_is_Not_Eligible_to_Disburse.feature' was passed

2021-01-22 11:49:36 - [MESSAGE][INFO] - Starting run keyword runFeatureFile: 'Include/features/IST_Real/RTD/Check_MPF_is_Not_Eligible_to_Disburse.feature' and extract report to folder: '/Users/chaidir.pratama01/Katalon Studio/IST_Automation_Git/Reports/20210122_113940/RTD/TS_RTD/20210122_113942/cucumber_report/1611290976084'...

2021-01-22 11:49:36 - [TEST_CASE][PASSED] - Start Test Case : SCENARIO Check Contract from RTD_CONTRACT where STATUS is Not Eligible to Disburse: SCENARIO Check Contract from RTD_CONTRACT where STATUS is Not Eligible to Disburse

2021-01-22 11:49:36 - [TEST_STEP][PASSED] - Connect to Database RTD: Connect to Database RTD

2021-01-22 11:49:36 - [MESSAGE][PASSED] - Connect to Database RTD

2021-01-22 11:49:36 - [TEST_STEP][PASSED] - Select Contract from Table in DB with Query "SELECT * FROM RTD_CONTRACT WHERE STATUS=4": Select Contract from Table in DB with Query "SELECT * FROM RTD_CONTRACT WHERE STATUS=4"

2021-01-22 11:49:36 - [MESSAGE][PASSED] - Select Contract from Table in DB with Query "SELECT * FROM RTD_CONTRACT WHERE STATUS=4"

2021-01-22 11:49:36 - [MESSAGE][PASSED] - Feature file: 'Include/features/IST_Real/RTD/Check_MPF_is_Not_Eligible_to_Disburse.feature' was passed]]></system-out>
         <system-err><![CDATA[]]></system-err>
      </testcase>
      <testcase name="Test Cases/RTD/TC_Check_MPF_Insufficient_Fund" time="0.314" classname="Test Cases/RTD/TC_Check_MPF_Insufficient_Fund" status="PASSED">
         <system-out><![CDATA[2021-01-22 11:49:36 - [TEST_CASE][PASSED] - Test Cases/RTD/TC_Check_MPF_Insufficient_Fund: Test Cases/RTD/TC_Check_MPF_Insufficient_Fund

2021-01-22 11:49:36 - [TEST_STEP][PASSED] - runFeatureFile("Include/features/IST_Real/RTD/Check_MPF_Insufficient_Fund.feature"): Feature file: 'Include/features/IST_Real/RTD/Check_MPF_Insufficient_Fund.feature' was passed

2021-01-22 11:49:36 - [MESSAGE][INFO] - Starting run keyword runFeatureFile: 'Include/features/IST_Real/RTD/Check_MPF_Insufficient_Fund.feature' and extract report to folder: '/Users/chaidir.pratama01/Katalon Studio/IST_Automation_Git/Reports/20210122_113940/RTD/TS_RTD/20210122_113942/cucumber_report/1611290976522'...

2021-01-22 11:49:36 - [TEST_CASE][PASSED] - Start Test Case : SCENARIO Check Contract from RTD_CONTRACT where STATUS is Insufficient Fund: SCENARIO Check Contract from RTD_CONTRACT where STATUS is Insufficient Fund

2021-01-22 11:49:36 - [TEST_STEP][PASSED] - Connect to Database RTD: Connect to Database RTD

2021-01-22 11:49:36 - [MESSAGE][PASSED] - Connect to Database RTD

2021-01-22 11:49:36 - [TEST_STEP][PASSED] - Select Contract from Table in DB with Query "SELECT * FROM RTD_CONTRACT WHERE STATUS=8": Select Contract from Table in DB with Query "SELECT * FROM RTD_CONTRACT WHERE STATUS=8"

2021-01-22 11:49:36 - [MESSAGE][PASSED] - Select Contract from Table in DB with Query "SELECT * FROM RTD_CONTRACT WHERE STATUS=8"

2021-01-22 11:49:36 - [MESSAGE][PASSED] - Feature file: 'Include/features/IST_Real/RTD/Check_MPF_Insufficient_Fund.feature' was passed]]></system-out>
         <system-err><![CDATA[]]></system-err>
      </testcase>
      <testcase name="Test Cases/RTD/TC_Check_MPF_Failed_Due_to_System_Error" time="0.319" classname="Test Cases/RTD/TC_Check_MPF_Failed_Due_to_System_Error" status="PASSED">
         <system-out><![CDATA[2021-01-22 11:49:36 - [TEST_CASE][PASSED] - Test Cases/RTD/TC_Check_MPF_Failed_Due_to_System_Error: Test Cases/RTD/TC_Check_MPF_Failed_Due_to_System_Error

2021-01-22 11:49:36 - [TEST_STEP][PASSED] - runFeatureFile("Include/features/IST_Real/RTD/Check_MPF_Failed_Due_to_System_Error.feature"): Feature file: 'Include/features/IST_Real/RTD/Check_MPF_Failed_Due_to_System_Error.feature' was passed

2021-01-22 11:49:36 - [MESSAGE][INFO] - Starting run keyword runFeatureFile: 'Include/features/IST_Real/RTD/Check_MPF_Failed_Due_to_System_Error.feature' and extract report to folder: '/Users/chaidir.pratama01/Katalon Studio/IST_Automation_Git/Reports/20210122_113940/RTD/TS_RTD/20210122_113942/cucumber_report/1611290976839'...

2021-01-22 11:49:36 - [TEST_CASE][PASSED] - Start Test Case : SCENARIO Check Contract from RTD_CONTRACT where STATUS is Failed Due to System Error: SCENARIO Check Contract from RTD_CONTRACT where STATUS is Failed Due to System Error

2021-01-22 11:49:36 - [TEST_STEP][PASSED] - Connect to Database RTD: Connect to Database RTD

2021-01-22 11:49:37 - [MESSAGE][PASSED] - Connect to Database RTD

2021-01-22 11:49:37 - [TEST_STEP][PASSED] - Select Contract from Table in DB with Query "SELECT * FROM RTD_CONTRACT WHERE STATUS=7": Select Contract from Table in DB with Query "SELECT * FROM RTD_CONTRACT WHERE STATUS=7"

2021-01-22 11:49:37 - [MESSAGE][PASSED] - Select Contract from Table in DB with Query "SELECT * FROM RTD_CONTRACT WHERE STATUS=7"

2021-01-22 11:49:37 - [MESSAGE][PASSED] - Feature file: 'Include/features/IST_Real/RTD/Check_MPF_Failed_Due_to_System_Error.feature' was passed]]></system-out>
         <system-err><![CDATA[]]></system-err>
      </testcase>
      <testcase name="Test Cases/RTD/TC_Check_MPF_Success_to_Disburse" time="0.318" classname="Test Cases/RTD/TC_Check_MPF_Success_to_Disburse" status="PASSED">
         <system-out><![CDATA[2021-01-22 11:49:37 - [TEST_CASE][PASSED] - Test Cases/RTD/TC_Check_MPF_Success_to_Disburse: Test Cases/RTD/TC_Check_MPF_Success_to_Disburse

2021-01-22 11:49:37 - [TEST_STEP][PASSED] - runFeatureFile("Include/features/IST_Real/RTD/Check_MPF_Success_to_Disburse.feature"): Feature file: 'Include/features/IST_Real/RTD/Check_MPF_Success_to_Disburse.feature' was passed

2021-01-22 11:49:37 - [MESSAGE][INFO] - Starting run keyword runFeatureFile: 'Include/features/IST_Real/RTD/Check_MPF_Success_to_Disburse.feature' and extract report to folder: '/Users/chaidir.pratama01/Katalon Studio/IST_Automation_Git/Reports/20210122_113940/RTD/TS_RTD/20210122_113942/cucumber_report/1611290977157'...

2021-01-22 11:49:37 - [TEST_CASE][PASSED] - Start Test Case : SCENARIO Check Contract RTD_CONTRACT where STATUS is Success to Disburse: SCENARIO Check Contract RTD_CONTRACT where STATUS is Success to Disburse

2021-01-22 11:49:37 - [TEST_STEP][PASSED] - Connect to Database RTD: Connect to Database RTD

2021-01-22 11:49:37 - [MESSAGE][PASSED] - Connect to Database RTD

2021-01-22 11:49:37 - [TEST_STEP][PASSED] - Select Contract from Table in DB with Query "SELECT * FROM RTD_CONTRACT WHERE STATUS=13": Select Contract from Table in DB with Query "SELECT * FROM RTD_CONTRACT WHERE STATUS=13"

2021-01-22 11:49:37 - [MESSAGE][PASSED] - Select Contract from Table in DB with Query "SELECT * FROM RTD_CONTRACT WHERE STATUS=13"

2021-01-22 11:49:37 - [MESSAGE][PASSED] - Feature file: 'Include/features/IST_Real/RTD/Check_MPF_Success_to_Disburse.feature' was passed]]></system-out>
         <system-err><![CDATA[]]></system-err>
      </testcase>
      <testcase name="Test Cases/RTD/TC_Check_MPF_Failed_Due_to_Invalid_Bank_Account" time="0.311" classname="Test Cases/RTD/TC_Check_MPF_Failed_Due_to_Invalid_Bank_Account" status="PASSED">
         <system-out><![CDATA[2021-01-22 11:49:37 - [TEST_CASE][PASSED] - Test Cases/RTD/TC_Check_MPF_Failed_Due_to_Invalid_Bank_Account: Test Cases/RTD/TC_Check_MPF_Failed_Due_to_Invalid_Bank_Account

2021-01-22 11:49:37 - [TEST_STEP][PASSED] - runFeatureFile("Include/features/IST_Real/RTD/Check_MPF_Failed_Due_to_Invalid_Bank_Account.feature"): Feature file: 'Include/features/IST_Real/RTD/Check_MPF_Failed_Due_to_Invalid_Bank_Account.feature' was passed

2021-01-22 11:49:37 - [MESSAGE][INFO] - Starting run keyword runFeatureFile: 'Include/features/IST_Real/RTD/Check_MPF_Failed_Due_to_Invalid_Bank_Account.feature' and extract report to folder: '/Users/chaidir.pratama01/Katalon Studio/IST_Automation_Git/Reports/20210122_113940/RTD/TS_RTD/20210122_113942/cucumber_report/1611290977483'...

2021-01-22 11:49:37 - [TEST_CASE][PASSED] - Start Test Case : SCENARIO Check Contract from RTD_CONTRACT where STATUS is Failed Due to Invalid Bank Account: SCENARIO Check Contract from RTD_CONTRACT where STATUS is Failed Due to Invalid Bank Account

2021-01-22 11:49:37 - [TEST_STEP][PASSED] - Connect to Database RTD: Connect to Database RTD

2021-01-22 11:49:37 - [MESSAGE][PASSED] - Connect to Database RTD

2021-01-22 11:49:37 - [TEST_STEP][PASSED] - Select Contract from Table in DB with Query "SELECT * FROM RTD_CONTRACT WHERE STATUS=6": Select Contract from Table in DB with Query "SELECT * FROM RTD_CONTRACT WHERE STATUS=6"

2021-01-22 11:49:37 - [MESSAGE][PASSED] - Select Contract from Table in DB with Query "SELECT * FROM RTD_CONTRACT WHERE STATUS=6"

2021-01-22 11:49:37 - [MESSAGE][PASSED] - Feature file: 'Include/features/IST_Real/RTD/Check_MPF_Failed_Due_to_Invalid_Bank_Account.feature' was passed]]></system-out>
         <system-err><![CDATA[]]></system-err>
      </testcase>
      <testcase name="Test Cases/RTD/TC_Check_MPF_Waiting_Partner_Confirmation" time="0.302" classname="Test Cases/RTD/TC_Check_MPF_Waiting_Partner_Confirmation" status="PASSED">
         <system-out><![CDATA[2021-01-22 11:49:37 - [TEST_CASE][PASSED] - Test Cases/RTD/TC_Check_MPF_Waiting_Partner_Confirmation: Test Cases/RTD/TC_Check_MPF_Waiting_Partner_Confirmation

2021-01-22 11:49:37 - [TEST_STEP][PASSED] - runFeatureFile("Include/features/IST_Real/RTD/Check_MPF_Waiting_Partner_Confirmation.feature"): Feature file: 'Include/features/IST_Real/RTD/Check_MPF_Waiting_Partner_Confirmation.feature' was passed

2021-01-22 11:49:37 - [MESSAGE][INFO] - Starting run keyword runFeatureFile: 'Include/features/IST_Real/RTD/Check_MPF_Waiting_Partner_Confirmation.feature' and extract report to folder: '/Users/chaidir.pratama01/Katalon Studio/IST_Automation_Git/Reports/20210122_113940/RTD/TS_RTD/20210122_113942/cucumber_report/1611290977790'...

2021-01-22 11:49:37 - [TEST_CASE][PASSED] - Start Test Case : SCENARIO Check Contract from RTD_CONTRACT where STATUS is Waiting Partner Confirmation: SCENARIO Check Contract from RTD_CONTRACT where STATUS is Waiting Partner Confirmation

2021-01-22 11:49:37 - [TEST_STEP][PASSED] - Connect to Database RTD: Connect to Database RTD

2021-01-22 11:49:37 - [MESSAGE][PASSED] - Connect to Database RTD

2021-01-22 11:49:37 - [TEST_STEP][PASSED] - Select Contract from Table in DB with Query "SELECT * FROM RTD_CONTRACT WHERE STATUS=12": Select Contract from Table in DB with Query "SELECT * FROM RTD_CONTRACT WHERE STATUS=12"

2021-01-22 11:49:38 - [MESSAGE][PASSED] - Select Contract from Table in DB with Query "SELECT * FROM RTD_CONTRACT WHERE STATUS=12"

2021-01-22 11:49:38 - [MESSAGE][PASSED] - Feature file: 'Include/features/IST_Real/RTD/Check_MPF_Waiting_Partner_Confirmation.feature' was passed]]></system-out>
         <system-err><![CDATA[]]></system-err>
      </testcase>
      <system-out><![CDATA[2021-01-22 11:49:28 - [TEST_SUITE][PASSED] - TS_RTD: Test Cases/RTD/TC_Check_MPF_Waiting_Partner_Confirmation]]></system-out>
      <system-err><![CDATA[]]></system-err>
   </testsuite>
   <testsuite name="TS_Dashboard_for_CCC_OCS" tests="4" failures="0" errors="0" time="236.601" timestamp="2021-01-22 11:50:13" hostname="chaidir.pratama01 - localhost" id="Test Suites/RTD/TS_Dashboard_for_CCC_OCS">
      <properties>
         <property name="deviceName" value=""/>
         <property name="devicePlatform" value=""/>
         <property name="logFolder" value="/Users/chaidir.pratama01/Katalon Studio/IST_Automation_Git/Reports/20210122_113940/RTD/TS_Dashboard_for_CCC_OCS/20210122_113943"/>
         <property name="logFiles" value="/Users/chaidir.pratama01/Katalon Studio/IST_Automation_Git/Reports/20210122_113940/RTD/TS_Dashboard_for_CCC_OCS/20210122_113943/execution0.log"/>
         <property name="attachments" value="/Users/chaidir.pratama01/Documents/Docs/Katalon Studio/Screenshot/test-Dashboard for CCC/OCS.png, /Users/chaidir.pratama01/Documents/Docs/Katalon Studio/Screenshot/test-Dashboard for CCC/OCS.png, /Users/chaidir.pratama01/Documents/Docs/Katalon Studio/Screenshot/test-Dashboard for CCC/OCS.png, /Users/chaidir.pratama01/Documents/Docs/Katalon Studio/Screenshot/test-Dashboard for CCC/OCS.png, /Users/chaidir.pratama01/Documents/Docs/Katalon Studio/Screenshot/test-Dashboard for CCC/OCS.png, /Users/chaidir.pratama01/Documents/Docs/Katalon Studio/Screenshot/test-Dashboard for CCC/OCS.png, /Users/chaidir.pratama01/Documents/Docs/Katalon Studio/Screenshot/test-Dashboard for CCC/OCS.png, /Users/chaidir.pratama01/Documents/Docs/Katalon Studio/Screenshot/test-Dashboard for CCC/OCS.png, /Users/chaidir.pratama01/Katalon Studio/IST_Automation_Git/Reports/20210122_113940/RTD/TS_Dashboard_for_CCC_OCS/20210122_113943/1611291116310.png, /Users/chaidir.pratama01/Documents/Docs/Katalon Studio/Screenshot/test-Dashboard for CCC/OCS.png, /Users/chaidir.pratama01/Katalon Studio/IST_Automation_Git/Reports/20210122_113940/RTD/TS_Dashboard_for_CCC_OCS/20210122_113943/1611291130139.png, /Users/chaidir.pratama01/Documents/Docs/Katalon Studio/Screenshot/test-Dashboard for CCC/OCS.png, /Users/chaidir.pratama01/Documents/Docs/Katalon Studio/Screenshot/test-Dashboard for CCC/OCS.png, /Users/chaidir.pratama01/Documents/Docs/Katalon Studio/Screenshot/test-Dashboard for CCC/OCS.png, /Users/chaidir.pratama01/Documents/Docs/Katalon Studio/Screenshot/test-Dashboard for CCC/OCS.png, /Users/chaidir.pratama01/Documents/Docs/Katalon Studio/Screenshot/test-Dashboard for CCC/OCS.png, /Users/chaidir.pratama01/Documents/Docs/Katalon Studio/Screenshot/test-Dashboard for CCC/OCS.png, /Users/chaidir.pratama01/Documents/Docs/Katalon Studio/Screenshot/test-Dashboard for CCC/OCS.png, /Users/chaidir.pratama01/Documents/Docs/Katalon Studio/Screenshot/Download_data.png"/>
         <property name="hostName" value="chaidir.pratama01 - localhost"/>
         <property name="os" value="Mac OS X 64bit"/>
         <property name="katalonVersion" value="7.6.0.${buildNumber}"/>
         <property name="browser" value="Chrome 87.0.4280.141"/>
         <property name="hostAddress" value="127.0.0.1"/>
         <property name="sessionId" value="6bab48f9695c8593914d4dd548c57a79"/>
         <property name="seleniumVersion" value="3.141.59"/>
         <property name="proxyInformation" value="ProxyInformation { proxyOption=NO_PROXY, proxyServerType=HTTP, username=, password=********, proxyServerAddress=, proxyServerPort=0, executionList=\&quot;\&quot;, isApplyToDesiredCapabilities=true }"/>
         <property name="platform" value="Mac OS X"/>
      </properties>
      <testcase name="Test Cases/RTD/Dashboard for CCC OCS/TC_Search_by_Status" time="174.292" classname="Test Cases/RTD/Dashboard for CCC OCS/TC_Search_by_Status" status="PASSED">
         <system-out><![CDATA[2021-01-22 11:50:14 - [TEST_CASE][PASSED] - Test Cases/RTD/Dashboard for CCC OCS/TC_Search_by_Status: Test Cases/RTD/Dashboard for CCC OCS/TC_Search_by_Status

2021-01-22 11:50:14 - [TEST_STEP][PASSED] - runFeatureFile("Include/features/IST_Real/RTD/Dashboard_for_CCC_OCS/Search_by_STATUS_CCC_OCS.feature"): Feature file: 'Include/features/IST_Real/RTD/Dashboard_for_CCC_OCS/Search_by_STATUS_CCC_OCS.feature' was passed

2021-01-22 11:50:14 - [MESSAGE][INFO] - Starting run keyword runFeatureFile: 'Include/features/IST_Real/RTD/Dashboard_for_CCC_OCS/Search_by_STATUS_CCC_OCS.feature' and extract report to folder: '/Users/chaidir.pratama01/Katalon Studio/IST_Automation_Git/Reports/20210122_113940/RTD/TS_Dashboard_for_CCC_OCS/20210122_113943/cucumber_report/1611291014386'...

2021-01-22 11:50:14 - [TEST_CASE][PASSED] - Start Test Case : SCENARIO Search by STATUS Eligible to Disburse: SCENARIO Search by STATUS Eligible to Disburse

2021-01-22 11:50:14 - [TEST_STEP][PASSED] - Go to ISTools: Go to ISTools

2021-01-22 11:50:15 - [MESSAGE][INFO] - Starting 'Chrome (headless)' driver

2021-01-22 11:50:15 - [MESSAGE][INFO] - User set preference: ['args', '[--start-maximized, --disable-gpu, --no-proxy-server, â€“-no-sandbox, --allow-running-insecure-content, --ignore-certificate-errors, window-size=1680,814, force-device-scale-factor=2, --lang=en-GB]']

2021-01-22 11:50:15 - [MESSAGE][INFO] - User set preference: ['prefs', '{download.default_directory=/Users/chaidir.pratama01/Katalon Studio/IST_Automation_Git/Download}']

2021-01-22 11:50:15 - [MESSAGE][INFO] - Action delay is set to 0 milliseconds

2021-01-22 11:50:15 - [MESSAGE][PASSED] - Browser is opened with url: ''

2021-01-22 11:50:17 - [MESSAGE][PASSED] - Navigate to 'https://dev-istools.homecredit.id/foundation/' successfully

2021-01-22 11:50:17 - [MESSAGE][PASSED] - Go to ISTools

2021-01-22 11:50:17 - [TEST_STEP][PASSED] - Login IST with valid credentials: Login IST with valid credentials

2021-01-22 11:50:18 - [MESSAGE][PASSED] - Text 'mobile.test' is set on object 'Object Repository/Page_/input_Username_j_username'

2021-01-22 11:50:18 - [MESSAGE][PASSED] - Text ****** has been set on object 'Object Repository/Page_/input_Password_j_password'

2021-01-22 11:50:18 - [MESSAGE][PASSED] - Object: 'Object Repository/Page_/button_Login' is clicked on

2021-01-22 11:50:18 - [MESSAGE][PASSED] - Login IST with valid credentials

2021-01-22 11:50:18 - [TEST_STEP][PASSED] - Login Success: Login Success

2021-01-22 11:50:18 - [MESSAGE][INFO] - Login Success

2021-01-22 11:50:18 - [MESSAGE][PASSED] - Current window maximized

2021-01-22 11:50:18 - [MESSAGE][PASSED] - Object 'Object Repository/Page_/h1_Welcome to IT Supporting Tools' is present

2021-01-22 11:50:18 - [MESSAGE][PASSED] - Login Success

2021-01-22 11:50:18 - [TEST_STEP][PASSED] - Select Arrow Menu "Real Time Disbursement": Select Arrow Menu "Real Time Disbursement"

2021-01-22 11:50:18 - [MESSAGE][PASSED] - Object: '' is clicked on

2021-01-22 11:50:18 - [MESSAGE][PASSED] - Select Arrow Menu "Real Time Disbursement"

2021-01-22 11:50:18 - [TEST_STEP][PASSED] - Select Menu "Dashboard for CCC/OCS": Select Menu "Dashboard for CCC/OCS"

2021-01-22 11:50:19 - [MESSAGE][PASSED] - Taking screenshot successfully
[[ATTACHMENT|/Users/chaidir.pratama01/Documents/Docs/Katalon Studio/Screenshot/test-Dashboard for CCC/OCS.png]]

2021-01-22 11:50:19 - [MESSAGE][PASSED] - Object '' is present

2021-01-22 11:50:19 - [MESSAGE][PASSED] - Object: '' is clicked on

2021-01-22 11:50:19 - [MESSAGE][PASSED] - Wait for page load successfully

2021-01-22 11:50:19 - [MESSAGE][PASSED] - Select Menu "Dashboard for CCC/OCS"

2021-01-22 11:50:19 - [TEST_STEP][PASSED] - Select STATUS "Eligible to disburse": Select STATUS "Eligible to disburse"

2021-01-22 11:50:19 - [MESSAGE][PASSED] - All options with value 'Eligible to disburse' are selected in object ''  using regular expression

2021-01-22 11:50:19 - [MESSAGE][PASSED] - Select STATUS "Eligible to disburse"

2021-01-22 11:50:19 - [TEST_STEP][PASSED] - Click button "Search": Click button "Search"

2021-01-22 11:50:19 - [MESSAGE][INFO] - >>>>>//Button[contains(text(),'Search')]

2021-01-22 11:50:22 - [MESSAGE][PASSED] - Object '' is present

2021-01-22 11:50:22 - [MESSAGE][PASSED] - Object: '' is clicked on

2021-01-22 11:50:22 - [MESSAGE][PASSED] - Switched to window with index: '0'

2021-01-22 11:50:22 - [MESSAGE][PASSED] - Click button "Search"

2021-01-22 11:50:22 - [TEST_STEP][PASSED] - Verify Search Result Presents: Verify Search Result Presents

2021-01-22 11:50:23 - [MESSAGE][PASSED] - Object '' is present

2021-01-22 11:50:30 - [MESSAGE][PASSED] - Verify Search Result Presents

2021-01-22 11:50:30 - [TEST_STEP][PASSED] - Click button "Logout": Click button "Logout"

2021-01-22 11:50:30 - [MESSAGE][INFO] - >>>>>//Button[contains(text(),'Logout')]

2021-01-22 11:50:33 - [MESSAGE][PASSED] - Object '' is present

2021-01-22 11:50:33 - [MESSAGE][PASSED] - Object: '' is clicked on

2021-01-22 11:50:33 - [MESSAGE][PASSED] - Switched to window with index: '0'

2021-01-22 11:50:33 - [MESSAGE][PASSED] - Click button "Logout"

2021-01-22 11:50:33 - [TEST_STEP][PASSED] - Close browser: Close browser

2021-01-22 11:50:33 - [MESSAGE][PASSED] - Browser is closed

2021-01-22 11:50:33 - [MESSAGE][PASSED] - Close browser

2021-01-22 11:50:33 - [TEST_CASE][PASSED] - Start Test Case : SCENARIO Search by STATUS Waiting approval from Risk: SCENARIO Search by STATUS Waiting approval from Risk

2021-01-22 11:50:33 - [TEST_STEP][PASSED] - Go to ISTools: Go to ISTools

2021-01-22 11:50:33 - [MESSAGE][INFO] - Starting 'Chrome (headless)' driver

2021-01-22 11:50:33 - [MESSAGE][INFO] - User set preference: ['args', '[--start-maximized, --disable-gpu, --no-proxy-server, â€“-no-sandbox, --allow-running-insecure-content, --ignore-certificate-errors, window-size=1680,814, force-device-scale-factor=2, --lang=en-GB]']

2021-01-22 11:50:33 - [MESSAGE][INFO] - User set preference: ['prefs', '{download.default_directory=/Users/chaidir.pratama01/Katalon Studio/IST_Automation_Git/Download}']

2021-01-22 11:50:33 - [MESSAGE][INFO] - Action delay is set to 0 milliseconds

2021-01-22 11:50:33 - [MESSAGE][PASSED] - Browser is opened with url: ''

2021-01-22 11:50:34 - [MESSAGE][PASSED] - Navigate to 'https://dev-istools.homecredit.id/foundation/' successfully

2021-01-22 11:50:34 - [MESSAGE][PASSED] - Go to ISTools

2021-01-22 11:50:34 - [TEST_STEP][PASSED] - Login IST with valid credentials: Login IST with valid credentials

2021-01-22 11:50:34 - [MESSAGE][PASSED] - Text 'mobile.test' is set on object 'Object Repository/Page_/input_Username_j_username'

2021-01-22 11:50:34 - [MESSAGE][PASSED] - Text ****** has been set on object 'Object Repository/Page_/input_Password_j_password'

2021-01-22 11:50:35 - [MESSAGE][PASSED] - Object: 'Object Repository/Page_/button_Login' is clicked on

2021-01-22 11:50:35 - [MESSAGE][PASSED] - Login IST with valid credentials

2021-01-22 11:50:35 - [TEST_STEP][PASSED] - Login Success: Login Success

2021-01-22 11:50:35 - [MESSAGE][INFO] - Login Success

2021-01-22 11:50:35 - [MESSAGE][PASSED] - Current window maximized

2021-01-22 11:50:35 - [MESSAGE][PASSED] - Object 'Object Repository/Page_/h1_Welcome to IT Supporting Tools' is present

2021-01-22 11:50:35 - [MESSAGE][PASSED] - Login Success

2021-01-22 11:50:35 - [TEST_STEP][PASSED] - Select Arrow Menu "Real Time Disbursement": Select Arrow Menu "Real Time Disbursement"

2021-01-22 11:50:35 - [MESSAGE][PASSED] - Object: '' is clicked on

2021-01-22 11:50:35 - [MESSAGE][PASSED] - Select Arrow Menu "Real Time Disbursement"

2021-01-22 11:50:35 - [TEST_STEP][PASSED] - Select Menu "Dashboard for CCC/OCS": Select Menu "Dashboard for CCC/OCS"

2021-01-22 11:50:35 - [MESSAGE][PASSED] - Taking screenshot successfully
[[ATTACHMENT|/Users/chaidir.pratama01/Documents/Docs/Katalon Studio/Screenshot/test-Dashboard for CCC/OCS.png]]

2021-01-22 11:50:35 - [MESSAGE][PASSED] - Object '' is present

2021-01-22 11:50:35 - [MESSAGE][PASSED] - Object: '' is clicked on

2021-01-22 11:50:35 - [MESSAGE][PASSED] - Wait for page load successfully

2021-01-22 11:50:35 - [MESSAGE][PASSED] - Select Menu "Dashboard for CCC/OCS"

2021-01-22 11:50:35 - [TEST_STEP][PASSED] - Select STATUS "Waiting approval from Risk": Select STATUS "Waiting approval from Risk"

2021-01-22 11:50:36 - [MESSAGE][PASSED] - All options with value 'Waiting approval from Risk' are selected in object ''  using regular expression

2021-01-22 11:50:36 - [MESSAGE][PASSED] - Select STATUS "Waiting approval from Risk"

2021-01-22 11:50:36 - [TEST_STEP][PASSED] - Click button "Search": Click button "Search"

2021-01-22 11:50:36 - [MESSAGE][INFO] - >>>>>//Button[contains(text(),'Search')]

2021-01-22 11:50:39 - [MESSAGE][PASSED] - Object '' is present

2021-01-22 11:50:39 - [MESSAGE][PASSED] - Object: '' is clicked on

2021-01-22 11:50:39 - [MESSAGE][PASSED] - Switched to window with index: '0'

2021-01-22 11:50:39 - [MESSAGE][PASSED] - Click button "Search"

2021-01-22 11:50:39 - [TEST_STEP][PASSED] - Verify Search Result Presents: Verify Search Result Presents

2021-01-22 11:50:39 - [MESSAGE][PASSED] - Object '' is present

2021-01-22 11:50:41 - [MESSAGE][PASSED] - Verify Search Result Presents

2021-01-22 11:50:41 - [TEST_STEP][PASSED] - Click button "Logout": Click button "Logout"

2021-01-22 11:50:41 - [MESSAGE][INFO] - >>>>>//Button[contains(text(),'Logout')]

2021-01-22 11:50:44 - [MESSAGE][PASSED] - Object '' is present

2021-01-22 11:50:45 - [MESSAGE][PASSED] - Object: '' is clicked on

2021-01-22 11:50:45 - [MESSAGE][PASSED] - Switched to window with index: '0'

2021-01-22 11:50:45 - [MESSAGE][PASSED] - Click button "Logout"

2021-01-22 11:50:45 - [TEST_STEP][PASSED] - Close browser: Close browser

2021-01-22 11:50:45 - [MESSAGE][PASSED] - Browser is closed

2021-01-22 11:50:45 - [MESSAGE][PASSED] - Close browser

2021-01-22 11:50:45 - [TEST_CASE][PASSED] - Start Test Case : SCENARIO Search by STATUS Waiting for approval from In Payment: SCENARIO Search by STATUS Waiting for approval from In Payment

2021-01-22 11:50:45 - [TEST_STEP][PASSED] - Go to ISTools: Go to ISTools

2021-01-22 11:50:45 - [MESSAGE][INFO] - Starting 'Chrome (headless)' driver

2021-01-22 11:50:45 - [MESSAGE][INFO] - User set preference: ['args', '[--start-maximized, --disable-gpu, --no-proxy-server, â€“-no-sandbox, --allow-running-insecure-content, --ignore-certificate-errors, window-size=1680,814, force-device-scale-factor=2, --lang=en-GB]']

2021-01-22 11:50:45 - [MESSAGE][INFO] - User set preference: ['prefs', '{download.default_directory=/Users/chaidir.pratama01/Katalon Studio/IST_Automation_Git/Download}']

2021-01-22 11:50:45 - [MESSAGE][INFO] - Action delay is set to 0 milliseconds

2021-01-22 11:50:45 - [MESSAGE][PASSED] - Browser is opened with url: ''

2021-01-22 11:50:46 - [MESSAGE][PASSED] - Navigate to 'https://dev-istools.homecredit.id/foundation/' successfully

2021-01-22 11:50:46 - [MESSAGE][PASSED] - Go to ISTools

2021-01-22 11:50:46 - [TEST_STEP][PASSED] - Login IST with valid credentials: Login IST with valid credentials

2021-01-22 11:50:46 - [MESSAGE][PASSED] - Text 'mobile.test' is set on object 'Object Repository/Page_/input_Username_j_username'

2021-01-22 11:50:46 - [MESSAGE][PASSED] - Text ****** has been set on object 'Object Repository/Page_/input_Password_j_password'

2021-01-22 11:50:46 - [MESSAGE][PASSED] - Object: 'Object Repository/Page_/button_Login' is clicked on

2021-01-22 11:50:46 - [MESSAGE][PASSED] - Login IST with valid credentials

2021-01-22 11:50:46 - [TEST_STEP][PASSED] - Login Success: Login Success

2021-01-22 11:50:46 - [MESSAGE][INFO] - Login Success

2021-01-22 11:50:47 - [MESSAGE][PASSED] - Current window maximized

2021-01-22 11:50:47 - [MESSAGE][PASSED] - Object 'Object Repository/Page_/h1_Welcome to IT Supporting Tools' is present

2021-01-22 11:50:47 - [MESSAGE][PASSED] - Login Success

2021-01-22 11:50:47 - [TEST_STEP][PASSED] - Select Arrow Menu "Real Time Disbursement": Select Arrow Menu "Real Time Disbursement"

2021-01-22 11:50:47 - [MESSAGE][PASSED] - Object: '' is clicked on

2021-01-22 11:50:47 - [MESSAGE][PASSED] - Select Arrow Menu "Real Time Disbursement"

2021-01-22 11:50:47 - [TEST_STEP][PASSED] - Select Menu "Dashboard for CCC/OCS": Select Menu "Dashboard for CCC/OCS"

2021-01-22 11:50:47 - [MESSAGE][PASSED] - Taking screenshot successfully
[[ATTACHMENT|/Users/chaidir.pratama01/Documents/Docs/Katalon Studio/Screenshot/test-Dashboard for CCC/OCS.png]]

2021-01-22 11:50:47 - [MESSAGE][PASSED] - Object '' is present

2021-01-22 11:50:47 - [MESSAGE][PASSED] - Object: '' is clicked on

2021-01-22 11:50:47 - [MESSAGE][PASSED] - Wait for page load successfully

2021-01-22 11:50:47 - [MESSAGE][PASSED] - Select Menu "Dashboard for CCC/OCS"

2021-01-22 11:50:47 - [TEST_STEP][PASSED] - Select STATUS "Waiting for approval from In Payment": Select STATUS "Waiting for approval from In Payment"

2021-01-22 11:50:48 - [MESSAGE][PASSED] - All options with value 'Waiting for approval from In Payment' are selected in object ''  using regular expression

2021-01-22 11:50:48 - [MESSAGE][PASSED] - Select STATUS "Waiting for approval from In Payment"

2021-01-22 11:50:48 - [TEST_STEP][PASSED] - Click button "Search": Click button "Search"

2021-01-22 11:50:48 - [MESSAGE][INFO] - >>>>>//Button[contains(text(),'Search')]

2021-01-22 11:50:51 - [MESSAGE][PASSED] - Object '' is present

2021-01-22 11:50:51 - [MESSAGE][PASSED] - Object: '' is clicked on

2021-01-22 11:50:51 - [MESSAGE][PASSED] - Switched to window with index: '0'

2021-01-22 11:50:51 - [MESSAGE][PASSED] - Click button "Search"

2021-01-22 11:50:51 - [TEST_STEP][PASSED] - Verify Search Result Presents: Verify Search Result Presents

2021-01-22 11:50:51 - [MESSAGE][PASSED] - Object '' is present

2021-01-22 11:50:51 - [MESSAGE][PASSED] - Verify Search Result Presents

2021-01-22 11:50:51 - [TEST_STEP][PASSED] - Click button "Logout": Click button "Logout"

2021-01-22 11:50:51 - [MESSAGE][INFO] - >>>>>//Button[contains(text(),'Logout')]

2021-01-22 11:50:54 - [MESSAGE][PASSED] - Object '' is present

2021-01-22 11:50:55 - [MESSAGE][PASSED] - Object: '' is clicked on

2021-01-22 11:50:55 - [MESSAGE][PASSED] - Switched to window with index: '0'

2021-01-22 11:50:55 - [MESSAGE][PASSED] - Click button "Logout"

2021-01-22 11:50:55 - [TEST_STEP][PASSED] - Close browser: Close browser

2021-01-22 11:50:55 - [MESSAGE][PASSED] - Browser is closed

2021-01-22 11:50:55 - [MESSAGE][PASSED] - Close browser

2021-01-22 11:50:55 - [TEST_CASE][PASSED] - Start Test Case : SCENARIO Search by STATUS Not eligible to disburse: SCENARIO Search by STATUS Not eligible to disburse

2021-01-22 11:50:55 - [TEST_STEP][PASSED] - Go to ISTools: Go to ISTools

2021-01-22 11:50:55 - [MESSAGE][INFO] - Starting 'Chrome (headless)' driver

2021-01-22 11:50:55 - [MESSAGE][INFO] - User set preference: ['args', '[--start-maximized, --disable-gpu, --no-proxy-server, â€“-no-sandbox, --allow-running-insecure-content, --ignore-certificate-errors, window-size=1680,814, force-device-scale-factor=2, --lang=en-GB]']

2021-01-22 11:50:55 - [MESSAGE][INFO] - User set preference: ['prefs', '{download.default_directory=/Users/chaidir.pratama01/Katalon Studio/IST_Automation_Git/Download}']

2021-01-22 11:50:55 - [MESSAGE][INFO] - Action delay is set to 0 milliseconds

2021-01-22 11:50:55 - [MESSAGE][PASSED] - Browser is opened with url: ''

2021-01-22 11:50:56 - [MESSAGE][PASSED] - Navigate to 'https://dev-istools.homecredit.id/foundation/' successfully

2021-01-22 11:50:56 - [MESSAGE][PASSED] - Go to ISTools

2021-01-22 11:50:56 - [TEST_STEP][PASSED] - Login IST with valid credentials: Login IST with valid credentials

2021-01-22 11:50:56 - [MESSAGE][PASSED] - Text 'mobile.test' is set on object 'Object Repository/Page_/input_Username_j_username'

2021-01-22 11:50:56 - [MESSAGE][PASSED] - Text ****** has been set on object 'Object Repository/Page_/input_Password_j_password'

2021-01-22 11:50:56 - [MESSAGE][PASSED] - Object: 'Object Repository/Page_/button_Login' is clicked on

2021-01-22 11:50:56 - [MESSAGE][PASSED] - Login IST with valid credentials

2021-01-22 11:50:56 - [TEST_STEP][PASSED] - Login Success: Login Success

2021-01-22 11:50:56 - [MESSAGE][INFO] - Login Success

2021-01-22 11:50:57 - [MESSAGE][PASSED] - Current window maximized

2021-01-22 11:50:57 - [MESSAGE][PASSED] - Object 'Object Repository/Page_/h1_Welcome to IT Supporting Tools' is present

2021-01-22 11:50:57 - [MESSAGE][PASSED] - Login Success

2021-01-22 11:50:57 - [TEST_STEP][PASSED] - Select Arrow Menu "Real Time Disbursement": Select Arrow Menu "Real Time Disbursement"

2021-01-22 11:50:57 - [MESSAGE][PASSED] - Object: '' is clicked on

2021-01-22 11:50:57 - [MESSAGE][PASSED] - Select Arrow Menu "Real Time Disbursement"

2021-01-22 11:50:57 - [TEST_STEP][PASSED] - Select Menu "Dashboard for CCC/OCS": Select Menu "Dashboard for CCC/OCS"

2021-01-22 11:50:57 - [MESSAGE][PASSED] - Taking screenshot successfully
[[ATTACHMENT|/Users/chaidir.pratama01/Documents/Docs/Katalon Studio/Screenshot/test-Dashboard for CCC/OCS.png]]

2021-01-22 11:50:57 - [MESSAGE][PASSED] - Object '' is present

2021-01-22 11:50:57 - [MESSAGE][PASSED] - Object: '' is clicked on

2021-01-22 11:50:57 - [MESSAGE][PASSED] - Wait for page load successfully

2021-01-22 11:50:57 - [MESSAGE][PASSED] - Select Menu "Dashboard for CCC/OCS"

2021-01-22 11:50:57 - [TEST_STEP][PASSED] - Select STATUS "Not eligible to disburse": Select STATUS "Not eligible to disburse"

2021-01-22 11:50:58 - [MESSAGE][PASSED] - All options with value 'Not eligible to disburse' are selected in object ''  using regular expression

2021-01-22 11:50:58 - [MESSAGE][PASSED] - Select STATUS "Not eligible to disburse"

2021-01-22 11:50:58 - [TEST_STEP][PASSED] - Click button "Search": Click button "Search"

2021-01-22 11:50:58 - [MESSAGE][INFO] - >>>>>//Button[contains(text(),'Search')]

2021-01-22 11:51:01 - [MESSAGE][PASSED] - Object '' is present

2021-01-22 11:51:01 - [MESSAGE][PASSED] - Object: '' is clicked on

2021-01-22 11:51:01 - [MESSAGE][PASSED] - Switched to window with index: '0'

2021-01-22 11:51:01 - [MESSAGE][PASSED] - Click button "Search"

2021-01-22 11:51:01 - [TEST_STEP][PASSED] - Verify Search Result Presents: Verify Search Result Presents

2021-01-22 11:51:01 - [MESSAGE][PASSED] - Object '' is present

2021-01-22 11:51:07 - [MESSAGE][PASSED] - Verify Search Result Presents

2021-01-22 11:51:07 - [TEST_STEP][PASSED] - Click button "Logout": Click button "Logout"

2021-01-22 11:51:07 - [MESSAGE][INFO] - >>>>>//Button[contains(text(),'Logout')]

2021-01-22 11:51:10 - [MESSAGE][PASSED] - Object '' is present

2021-01-22 11:51:11 - [MESSAGE][PASSED] - Object: '' is clicked on

2021-01-22 11:51:11 - [MESSAGE][PASSED] - Switched to window with index: '0'

2021-01-22 11:51:11 - [MESSAGE][PASSED] - Click button "Logout"

2021-01-22 11:51:11 - [TEST_STEP][PASSED] - Close browser: Close browser

2021-01-22 11:51:11 - [MESSAGE][PASSED] - Browser is closed

2021-01-22 11:51:11 - [MESSAGE][PASSED] - Close browser

2021-01-22 11:51:11 - [TEST_CASE][PASSED] - Start Test Case : SCENARIO Search by STATUS Ready to disburse: SCENARIO Search by STATUS Ready to disburse

2021-01-22 11:51:11 - [TEST_STEP][PASSED] - Go to ISTools: Go to ISTools

2021-01-22 11:51:11 - [MESSAGE][INFO] - Starting 'Chrome (headless)' driver

2021-01-22 11:51:11 - [MESSAGE][INFO] - User set preference: ['args', '[--start-maximized, --disable-gpu, --no-proxy-server, â€“-no-sandbox, --allow-running-insecure-content, --ignore-certificate-errors, window-size=1680,814, force-device-scale-factor=2, --lang=en-GB]']

2021-01-22 11:51:11 - [MESSAGE][INFO] - User set preference: ['prefs', '{download.default_directory=/Users/chaidir.pratama01/Katalon Studio/IST_Automation_Git/Download}']

2021-01-22 11:51:11 - [MESSAGE][INFO] - Action delay is set to 0 milliseconds

2021-01-22 11:51:11 - [MESSAGE][PASSED] - Browser is opened with url: ''

2021-01-22 11:51:12 - [MESSAGE][PASSED] - Navigate to 'https://dev-istools.homecredit.id/foundation/' successfully

2021-01-22 11:51:12 - [MESSAGE][PASSED] - Go to ISTools

2021-01-22 11:51:12 - [TEST_STEP][PASSED] - Login IST with valid credentials: Login IST with valid credentials

2021-01-22 11:51:12 - [MESSAGE][PASSED] - Text 'mobile.test' is set on object 'Object Repository/Page_/input_Username_j_username'

2021-01-22 11:51:12 - [MESSAGE][PASSED] - Text ****** has been set on object 'Object Repository/Page_/input_Password_j_password'

2021-01-22 11:51:12 - [MESSAGE][PASSED] - Object: 'Object Repository/Page_/button_Login' is clicked on

2021-01-22 11:51:12 - [MESSAGE][PASSED] - Login IST with valid credentials

2021-01-22 11:51:12 - [TEST_STEP][PASSED] - Login Success: Login Success

2021-01-22 11:51:12 - [MESSAGE][INFO] - Login Success

2021-01-22 11:51:13 - [MESSAGE][PASSED] - Current window maximized

2021-01-22 11:51:13 - [MESSAGE][PASSED] - Object 'Object Repository/Page_/h1_Welcome to IT Supporting Tools' is present

2021-01-22 11:51:13 - [MESSAGE][PASSED] - Login Success

2021-01-22 11:51:13 - [TEST_STEP][PASSED] - Select Arrow Menu "Real Time Disbursement": Select Arrow Menu "Real Time Disbursement"

2021-01-22 11:51:13 - [MESSAGE][PASSED] - Object: '' is clicked on

2021-01-22 11:51:13 - [MESSAGE][PASSED] - Select Arrow Menu "Real Time Disbursement"

2021-01-22 11:51:13 - [TEST_STEP][PASSED] - Select Menu "Dashboard for CCC/OCS": Select Menu "Dashboard for CCC/OCS"

2021-01-22 11:51:13 - [MESSAGE][PASSED] - Taking screenshot successfully
[[ATTACHMENT|/Users/chaidir.pratama01/Documents/Docs/Katalon Studio/Screenshot/test-Dashboard for CCC/OCS.png]]

2021-01-22 11:51:13 - [MESSAGE][PASSED] - Object '' is present

2021-01-22 11:51:13 - [MESSAGE][PASSED] - Object: '' is clicked on

2021-01-22 11:51:13 - [MESSAGE][PASSED] - Wait for page load successfully

2021-01-22 11:51:13 - [MESSAGE][PASSED] - Select Menu "Dashboard for CCC/OCS"

2021-01-22 11:51:13 - [TEST_STEP][PASSED] - Select STATUS "Ready to disburse": Select STATUS "Ready to disburse"

2021-01-22 11:51:14 - [MESSAGE][PASSED] - All options with value 'Ready to disburse' are selected in object ''  using regular expression

2021-01-22 11:51:14 - [MESSAGE][PASSED] - Select STATUS "Ready to disburse"

2021-01-22 11:51:14 - [TEST_STEP][PASSED] - Click button "Search": Click button "Search"

2021-01-22 11:51:14 - [MESSAGE][INFO] - >>>>>//Button[contains(text(),'Search')]

2021-01-22 11:51:17 - [MESSAGE][PASSED] - Object '' is present

2021-01-22 11:51:17 - [MESSAGE][PASSED] - Object: '' is clicked on

2021-01-22 11:51:17 - [MESSAGE][PASSED] - Switched to window with index: '0'

2021-01-22 11:51:17 - [MESSAGE][PASSED] - Click button "Search"

2021-01-22 11:51:17 - [TEST_STEP][PASSED] - Verify Search Result Presents: Verify Search Result Presents

2021-01-22 11:51:17 - [MESSAGE][PASSED] - Object '' is present

2021-01-22 11:51:19 - [MESSAGE][PASSED] - Verify Search Result Presents

2021-01-22 11:51:19 - [TEST_STEP][PASSED] - Click button "Logout": Click button "Logout"

2021-01-22 11:51:19 - [MESSAGE][INFO] - >>>>>//Button[contains(text(),'Logout')]

2021-01-22 11:51:22 - [MESSAGE][PASSED] - Object '' is present

2021-01-22 11:51:22 - [MESSAGE][PASSED] - Object: '' is clicked on

2021-01-22 11:51:22 - [MESSAGE][PASSED] - Switched to window with index: '0'

2021-01-22 11:51:22 - [MESSAGE][PASSED] - Click button "Logout"

2021-01-22 11:51:22 - [TEST_STEP][PASSED] - Close browser: Close browser

2021-01-22 11:51:22 - [MESSAGE][PASSED] - Browser is closed

2021-01-22 11:51:22 - [MESSAGE][PASSED] - Close browser

2021-01-22 11:51:22 - [TEST_CASE][PASSED] - Start Test Case : SCENARIO Search by STATUS Failed due to invalid bank account: SCENARIO Search by STATUS Failed due to invalid bank account

2021-01-22 11:51:22 - [TEST_STEP][PASSED] - Go to ISTools: Go to ISTools

2021-01-22 11:51:22 - [MESSAGE][INFO] - Starting 'Chrome (headless)' driver

2021-01-22 11:51:22 - [MESSAGE][INFO] - User set preference: ['args', '[--start-maximized, --disable-gpu, --no-proxy-server, â€“-no-sandbox, --allow-running-insecure-content, --ignore-certificate-errors, window-size=1680,814, force-device-scale-factor=2, --lang=en-GB]']

2021-01-22 11:51:22 - [MESSAGE][INFO] - User set preference: ['prefs', '{download.default_directory=/Users/chaidir.pratama01/Katalon Studio/IST_Automation_Git/Download}']

2021-01-22 11:51:22 - [MESSAGE][INFO] - Action delay is set to 0 milliseconds

2021-01-22 11:51:23 - [MESSAGE][PASSED] - Browser is opened with url: ''

2021-01-22 11:51:23 - [MESSAGE][PASSED] - Navigate to 'https://dev-istools.homecredit.id/foundation/' successfully

2021-01-22 11:51:23 - [MESSAGE][PASSED] - Go to ISTools

2021-01-22 11:51:23 - [TEST_STEP][PASSED] - Login IST with valid credentials: Login IST with valid credentials

2021-01-22 11:51:24 - [MESSAGE][PASSED] - Text 'mobile.test' is set on object 'Object Repository/Page_/input_Username_j_username'

2021-01-22 11:51:24 - [MESSAGE][PASSED] - Text ****** has been set on object 'Object Repository/Page_/input_Password_j_password'

2021-01-22 11:51:24 - [MESSAGE][PASSED] - Object: 'Object Repository/Page_/button_Login' is clicked on

2021-01-22 11:51:24 - [MESSAGE][PASSED] - Login IST with valid credentials

2021-01-22 11:51:24 - [TEST_STEP][PASSED] - Login Success: Login Success

2021-01-22 11:51:24 - [MESSAGE][INFO] - Login Success

2021-01-22 11:51:24 - [MESSAGE][PASSED] - Current window maximized

2021-01-22 11:51:24 - [MESSAGE][PASSED] - Object 'Object Repository/Page_/h1_Welcome to IT Supporting Tools' is present

2021-01-22 11:51:24 - [MESSAGE][PASSED] - Login Success

2021-01-22 11:51:24 - [TEST_STEP][PASSED] - Select Arrow Menu "Real Time Disbursement": Select Arrow Menu "Real Time Disbursement"

2021-01-22 11:51:24 - [MESSAGE][PASSED] - Object: '' is clicked on

2021-01-22 11:51:24 - [MESSAGE][PASSED] - Select Arrow Menu "Real Time Disbursement"

2021-01-22 11:51:24 - [TEST_STEP][PASSED] - Select Menu "Dashboard for CCC/OCS": Select Menu "Dashboard for CCC/OCS"

2021-01-22 11:51:25 - [MESSAGE][PASSED] - Taking screenshot successfully
[[ATTACHMENT|/Users/chaidir.pratama01/Documents/Docs/Katalon Studio/Screenshot/test-Dashboard for CCC/OCS.png]]

2021-01-22 11:51:25 - [MESSAGE][PASSED] - Object '' is present

2021-01-22 11:51:25 - [MESSAGE][PASSED] - Object: '' is clicked on

2021-01-22 11:51:25 - [MESSAGE][PASSED] - Wait for page load successfully

2021-01-22 11:51:25 - [MESSAGE][PASSED] - Select Menu "Dashboard for CCC/OCS"

2021-01-22 11:51:25 - [TEST_STEP][PASSED] - Select STATUS "Failed due to invalid bank account": Select STATUS "Failed due to invalid bank account"

2021-01-22 11:51:25 - [MESSAGE][PASSED] - All options with value 'Failed due to invalid bank account' are selected in object ''  using regular expression

2021-01-22 11:51:25 - [MESSAGE][PASSED] - Select STATUS "Failed due to invalid bank account"

2021-01-22 11:51:25 - [TEST_STEP][PASSED] - Click button "Search": Click button "Search"

2021-01-22 11:51:25 - [MESSAGE][INFO] - >>>>>//Button[contains(text(),'Search')]

2021-01-22 11:51:28 - [MESSAGE][PASSED] - Object '' is present

2021-01-22 11:51:28 - [MESSAGE][PASSED] - Object: '' is clicked on

2021-01-22 11:51:28 - [MESSAGE][PASSED] - Switched to window with index: '0'

2021-01-22 11:51:28 - [MESSAGE][PASSED] - Click button "Search"

2021-01-22 11:51:28 - [TEST_STEP][PASSED] - Verify Search Result Presents: Verify Search Result Presents

2021-01-22 11:51:28 - [MESSAGE][PASSED] - Object '' is present

2021-01-22 11:51:30 - [MESSAGE][PASSED] - Verify Search Result Presents

2021-01-22 11:51:30 - [TEST_STEP][PASSED] - Click button "Logout": Click button "Logout"

2021-01-22 11:51:30 - [MESSAGE][INFO] - >>>>>//Button[contains(text(),'Logout')]

2021-01-22 11:51:33 - [MESSAGE][PASSED] - Object '' is present

2021-01-22 11:51:33 - [MESSAGE][PASSED] - Object: '' is clicked on

2021-01-22 11:51:33 - [MESSAGE][PASSED] - Switched to window with index: '0'

2021-01-22 11:51:33 - [MESSAGE][PASSED] - Click button "Logout"

2021-01-22 11:51:33 - [TEST_STEP][PASSED] - Close browser: Close browser

2021-01-22 11:51:33 - [MESSAGE][PASSED] - Browser is closed

2021-01-22 11:51:33 - [MESSAGE][PASSED] - Close browser

2021-01-22 11:51:33 - [TEST_CASE][PASSED] - Start Test Case : SCENARIO Search by STATUS Failed due to system error: SCENARIO Search by STATUS Failed due to system error

2021-01-22 11:51:33 - [TEST_STEP][PASSED] - Go to ISTools: Go to ISTools

2021-01-22 11:51:33 - [MESSAGE][INFO] - Starting 'Chrome (headless)' driver

2021-01-22 11:51:33 - [MESSAGE][INFO] - User set preference: ['args', '[--start-maximized, --disable-gpu, --no-proxy-server, â€“-no-sandbox, --allow-running-insecure-content, --ignore-certificate-errors, window-size=1680,814, force-device-scale-factor=2, --lang=en-GB]']

2021-01-22 11:51:33 - [MESSAGE][INFO] - User set preference: ['prefs', '{download.default_directory=/Users/chaidir.pratama01/Katalon Studio/IST_Automation_Git/Download}']

2021-01-22 11:51:33 - [MESSAGE][INFO] - Action delay is set to 0 milliseconds

2021-01-22 11:51:33 - [MESSAGE][PASSED] - Browser is opened with url: ''

2021-01-22 11:51:34 - [MESSAGE][PASSED] - Navigate to 'https://dev-istools.homecredit.id/foundation/' successfully

2021-01-22 11:51:34 - [MESSAGE][PASSED] - Go to ISTools

2021-01-22 11:51:34 - [TEST_STEP][PASSED] - Login IST with valid credentials: Login IST with valid credentials

2021-01-22 11:51:34 - [MESSAGE][PASSED] - Text 'mobile.test' is set on object 'Object Repository/Page_/input_Username_j_username'

2021-01-22 11:51:34 - [MESSAGE][PASSED] - Text ****** has been set on object 'Object Repository/Page_/input_Password_j_password'

2021-01-22 11:51:35 - [MESSAGE][PASSED] - Object: 'Object Repository/Page_/button_Login' is clicked on

2021-01-22 11:51:35 - [MESSAGE][PASSED] - Login IST with valid credentials

2021-01-22 11:51:35 - [TEST_STEP][PASSED] - Login Success: Login Success

2021-01-22 11:51:35 - [MESSAGE][INFO] - Login Success

2021-01-22 11:51:35 - [MESSAGE][PASSED] - Current window maximized

2021-01-22 11:51:35 - [MESSAGE][PASSED] - Object 'Object Repository/Page_/h1_Welcome to IT Supporting Tools' is present

2021-01-22 11:51:35 - [MESSAGE][PASSED] - Login Success

2021-01-22 11:51:35 - [TEST_STEP][PASSED] - Select Arrow Menu "Real Time Disbursement": Select Arrow Menu "Real Time Disbursement"

2021-01-22 11:51:35 - [MESSAGE][PASSED] - Object: '' is clicked on

2021-01-22 11:51:35 - [MESSAGE][PASSED] - Select Arrow Menu "Real Time Disbursement"

2021-01-22 11:51:35 - [TEST_STEP][PASSED] - Select Menu "Dashboard for CCC/OCS": Select Menu "Dashboard for CCC/OCS"

2021-01-22 11:51:36 - [MESSAGE][PASSED] - Taking screenshot successfully
[[ATTACHMENT|/Users/chaidir.pratama01/Documents/Docs/Katalon Studio/Screenshot/test-Dashboard for CCC/OCS.png]]

2021-01-22 11:51:36 - [MESSAGE][PASSED] - Object '' is present

2021-01-22 11:51:36 - [MESSAGE][PASSED] - Object: '' is clicked on

2021-01-22 11:51:36 - [MESSAGE][PASSED] - Wait for page load successfully

2021-01-22 11:51:36 - [MESSAGE][PASSED] - Select Menu "Dashboard for CCC/OCS"

2021-01-22 11:51:36 - [TEST_STEP][PASSED] - Select STATUS "Failed due to system error": Select STATUS "Failed due to system error"

2021-01-22 11:51:36 - [MESSAGE][PASSED] - All options with value 'Failed due to system error' are selected in object ''  using regular expression

2021-01-22 11:51:36 - [MESSAGE][PASSED] - Select STATUS "Failed due to system error"

2021-01-22 11:51:36 - [TEST_STEP][PASSED] - Click button "Search": Click button "Search"

2021-01-22 11:51:36 - [MESSAGE][INFO] - >>>>>//Button[contains(text(),'Search')]

2021-01-22 11:51:39 - [MESSAGE][PASSED] - Object '' is present

2021-01-22 11:51:39 - [MESSAGE][PASSED] - Object: '' is clicked on

2021-01-22 11:51:39 - [MESSAGE][PASSED] - Switched to window with index: '0'

2021-01-22 11:51:39 - [MESSAGE][PASSED] - Click button "Search"

2021-01-22 11:51:39 - [TEST_STEP][PASSED] - Verify Search Result Presents: Verify Search Result Presents

2021-01-22 11:51:39 - [MESSAGE][PASSED] - Object '' is present

2021-01-22 11:51:42 - [MESSAGE][PASSED] - Verify Search Result Presents

2021-01-22 11:51:42 - [TEST_STEP][PASSED] - Click button "Logout": Click button "Logout"

2021-01-22 11:51:42 - [MESSAGE][INFO] - >>>>>//Button[contains(text(),'Logout')]

2021-01-22 11:51:45 - [MESSAGE][PASSED] - Object '' is present

2021-01-22 11:51:46 - [MESSAGE][PASSED] - Object: '' is clicked on

2021-01-22 11:51:46 - [MESSAGE][PASSED] - Switched to window with index: '0'

2021-01-22 11:51:46 - [MESSAGE][PASSED] - Click button "Logout"

2021-01-22 11:51:46 - [TEST_STEP][PASSED] - Close browser: Close browser

2021-01-22 11:51:46 - [MESSAGE][PASSED] - Browser is closed

2021-01-22 11:51:46 - [MESSAGE][PASSED] - Close browser

2021-01-22 11:51:46 - [TEST_CASE][PASSED] - Start Test Case : SCENARIO Search by STATUS Failed due to insufficient fund: SCENARIO Search by STATUS Failed due to insufficient fund

2021-01-22 11:51:46 - [TEST_STEP][PASSED] - Go to ISTools: Go to ISTools

2021-01-22 11:51:46 - [MESSAGE][INFO] - Starting 'Chrome (headless)' driver

2021-01-22 11:51:46 - [MESSAGE][INFO] - User set preference: ['args', '[--start-maximized, --disable-gpu, --no-proxy-server, â€“-no-sandbox, --allow-running-insecure-content, --ignore-certificate-errors, window-size=1680,814, force-device-scale-factor=2, --lang=en-GB]']

2021-01-22 11:51:46 - [MESSAGE][INFO] - User set preference: ['prefs', '{download.default_directory=/Users/chaidir.pratama01/Katalon Studio/IST_Automation_Git/Download}']

2021-01-22 11:51:46 - [MESSAGE][INFO] - Action delay is set to 0 milliseconds

2021-01-22 11:51:46 - [MESSAGE][PASSED] - Browser is opened with url: ''

2021-01-22 11:51:47 - [MESSAGE][PASSED] - Navigate to 'https://dev-istools.homecredit.id/foundation/' successfully

2021-01-22 11:51:47 - [MESSAGE][PASSED] - Go to ISTools

2021-01-22 11:51:47 - [TEST_STEP][PASSED] - Login IST with valid credentials: Login IST with valid credentials

2021-01-22 11:51:47 - [MESSAGE][PASSED] - Text 'mobile.test' is set on object 'Object Repository/Page_/input_Username_j_username'

2021-01-22 11:51:47 - [MESSAGE][PASSED] - Text ****** has been set on object 'Object Repository/Page_/input_Password_j_password'

2021-01-22 11:51:48 - [MESSAGE][PASSED] - Object: 'Object Repository/Page_/button_Login' is clicked on

2021-01-22 11:51:48 - [MESSAGE][PASSED] - Login IST with valid credentials

2021-01-22 11:51:48 - [TEST_STEP][PASSED] - Login Success: Login Success

2021-01-22 11:51:48 - [MESSAGE][INFO] - Login Success

2021-01-22 11:51:48 - [MESSAGE][PASSED] - Current window maximized

2021-01-22 11:51:48 - [MESSAGE][PASSED] - Object 'Object Repository/Page_/h1_Welcome to IT Supporting Tools' is present

2021-01-22 11:51:48 - [MESSAGE][PASSED] - Login Success

2021-01-22 11:51:48 - [TEST_STEP][PASSED] - Select Arrow Menu "Real Time Disbursement": Select Arrow Menu "Real Time Disbursement"

2021-01-22 11:51:48 - [MESSAGE][PASSED] - Object: '' is clicked on

2021-01-22 11:51:48 - [MESSAGE][PASSED] - Select Arrow Menu "Real Time Disbursement"

2021-01-22 11:51:48 - [TEST_STEP][PASSED] - Select Menu "Dashboard for CCC/OCS": Select Menu "Dashboard for CCC/OCS"

2021-01-22 11:51:48 - [MESSAGE][PASSED] - Taking screenshot successfully
[[ATTACHMENT|/Users/chaidir.pratama01/Documents/Docs/Katalon Studio/Screenshot/test-Dashboard for CCC/OCS.png]]

2021-01-22 11:51:48 - [MESSAGE][PASSED] - Object '' is present

2021-01-22 11:51:48 - [MESSAGE][PASSED] - Object: '' is clicked on

2021-01-22 11:51:48 - [MESSAGE][PASSED] - Wait for page load successfully

2021-01-22 11:51:48 - [MESSAGE][PASSED] - Select Menu "Dashboard for CCC/OCS"

2021-01-22 11:51:48 - [TEST_STEP][PASSED] - Select STATUS "Failed due to insufficient fund": Select STATUS "Failed due to insufficient fund"

2021-01-22 11:51:49 - [MESSAGE][PASSED] - All options with value 'Failed due to insufficient fund' are selected in object ''  using regular expression

2021-01-22 11:51:49 - [MESSAGE][PASSED] - Select STATUS "Failed due to insufficient fund"

2021-01-22 11:51:49 - [TEST_STEP][PASSED] - Click button "Search": Click button "Search"

2021-01-22 11:51:49 - [MESSAGE][INFO] - >>>>>//Button[contains(text(),'Search')]

2021-01-22 11:51:52 - [MESSAGE][PASSED] - Object '' is present

2021-01-22 11:51:52 - [MESSAGE][PASSED] - Object: '' is clicked on

2021-01-22 11:51:52 - [MESSAGE][PASSED] - Switched to window with index: '0'

2021-01-22 11:51:52 - [MESSAGE][PASSED] - Click button "Search"

2021-01-22 11:51:52 - [TEST_STEP][PASSED] - Verify Search Result Presents: Verify Search Result Presents

2021-01-22 11:51:56 - [MESSAGE][INFO] - Unable to find the element located by 'By.xpath: //td[@style='display:none' and contains(text(),'-Empty-')]'. Please recheck the objects properties to make sure the desired element is located. 

2021-01-22 11:51:56 - [MESSAGE][WARNING] - com.kms.katalon.core.webui.exception.WebElementNotFoundException: Web element with id: '' located by '//td[@style='display:none' and contains(text(),'-Empty-')]' not found (Root cause: com.kms.katalon.core.exception.StepFailedException: com.kms.katalon.core.webui.exception.WebElementNotFoundException: Web element with id: '' located by '//td[@style='display:none' and contains(text(),'-Empty-')]' not found
	at com.kms.katalon.core.webui.keyword.internal.WebUIKeywordMain.stepFailed(WebUIKeywordMain.groovy:64)
	at com.kms.katalon.core.webui.keyword.builtin.VerifyElementPresentKeyword$_verifyElementPresent_closure1.doCall(VerifyElementPresentKeyword.groovy:85)
	at com.kms.katalon.core.webui.keyword.builtin.VerifyElementPresentKeyword$_verifyElementPresent_closure1.call(VerifyElementPresentKeyword.groovy)
	at com.kms.katalon.core.webui.keyword.internal.WebUIKeywordMain.runKeyword(WebUIKeywordMain.groovy:20)
	at com.kms.katalon.core.webui.keyword.builtin.VerifyElementPresentKeyword.verifyElementPresent(VerifyElementPresentKeyword.groovy:92)
	at com.kms.katalon.core.webui.keyword.builtin.VerifyElementPresentKeyword.execute(VerifyElementPresentKeyword.groovy:68)
	at com.kms.katalon.core.keyword.internal.KeywordExecutor.executeKeywordForPlatform(KeywordExecutor.groovy:73)
	at com.kms.katalon.core.webui.keyword.WebUiBuiltInKeywords.verifyElementPresent(WebUiBuiltInKeywords.groovy:1444)
	at com.kms.katalon.core.webui.keyword.WebUiBuiltInKeywords$verifyElementPresent$11.call(Unknown Source)
	at ist_real.Contract_Dispatcher.VerifyTblFilled(Contract_Dispatcher.groovy:1313)
	at ist_real.Contract_Dispatcher$VerifyTblFilled$0.call(Unknown Source)
	at RTD.Search_Result_Presents(RTD.groovy:191)
	at cucumber.runtime.Utils$1.call(Utils.java:26)
	at cucumber.runtime.Timeout.timeout(Timeout.java:16)
	at cucumber.runtime.Utils.invoke(Utils.java:20)
	at cucumber.runtime.java.JavaStepDefinition.execute(JavaStepDefinition.java:48)
	at cucumber.runtime.PickleStepDefinitionMatch.runStep(PickleStepDefinitionMatch.java:50)
	at cucumber.runner.TestStep.executeStep(TestStep.java:55)
	at cucumber.runner.TestStep.run(TestStep.java:42)
	at cucumber.runner.PickleStepTestStep.run(PickleStepTestStep.java:53)
	at cucumber.runner.TestCase.run(TestCase.java:47)
	at cucumber.runner.Runner.runPickle(Runner.java:44)
	at cucumber.runtime.Runtime.runFeature(Runtime.java:120)
	at cucumber.runtime.Runtime.run(Runtime.java:106)
	at cucumber.api.cli.Main.run(Main.java:35)
	at cucumber.api.cli.Main$run.call(Unknown Source)
	at com.kms.katalon.core.cucumber.keyword.CucumberBuiltinKeywords$_runFeatureFile_closure1.doCall(CucumberBuiltinKeywords.groovy:76)
	at com.kms.katalon.core.cucumber.keyword.CucumberBuiltinKeywords$_runFeatureFile_closure1.doCall(CucumberBuiltinKeywords.groovy)
	at com.kms.katalon.core.keyword.internal.KeywordMain.runKeyword(KeywordMain.groovy:68)
	at com.kms.katalon.core.keyword.internal.KeywordMain$runKeyword.call(Unknown Source)
	at com.kms.katalon.core.cucumber.keyword.CucumberBuiltinKeywords.runFeatureFile(CucumberBuiltinKeywords.groovy:46)
	at com.kms.katalon.core.cucumber.keyword.CucumberBuiltinKeywords$runFeatureFile$0.callStatic(Unknown Source)
	at com.kms.katalon.core.cucumber.keyword.CucumberBuiltinKeywords.runFeatureFile(CucumberBuiltinKeywords.groovy:169)
	at com.kms.katalon.core.cucumber.keyword.CucumberBuiltinKeywords$runFeatureFile.call(Unknown Source)
	at TC_Search_by_Status.run(TC_Search_by_Status:18)
	at com.kms.katalon.core.main.ScriptEngine.run(ScriptEngine.java:194)
	at com.kms.katalon.core.main.ScriptEngine.runScriptAsRawText(ScriptEngine.java:119)
	at com.kms.katalon.core.main.TestCaseExecutor.runScript(TestCaseExecutor.java:339)
	at com.kms.katalon.core.main.TestCaseExecutor.doExecute(TestCaseExecutor.java:330)
	at com.kms.katalon.core.main.TestCaseExecutor.processExecutionPhase(TestCaseExecutor.java:309)
	at com.kms.katalon.core.main.TestCaseExecutor.accessMainPhase(TestCaseExecutor.java:301)
	at com.kms.katalon.core.main.TestCaseExecutor.execute(TestCaseExecutor.java:235)
	at com.kms.katalon.core.main.TestSuiteExecutor.accessTestCaseMainPhase(TestSuiteExecutor.java:191)
	at com.kms.katalon.core.main.TestSuiteExecutor.accessTestSuiteMainPhase(TestSuiteExecutor.java:141)
	at com.kms.katalon.core.main.TestSuiteExecutor.execute(TestSuiteExecutor.java:90)
	at com.kms.katalon.core.main.TestCaseMain.startTestSuite(TestCaseMain.java:157)
	at com.kms.katalon.core.main.TestCaseMain$startTestSuite$0.call(Unknown Source)
	at TempTestSuite1611290383252.run(TempTestSuite1611290383252.groovy:39)
)
[[ATTACHMENT|/Users/chaidir.pratama01/Katalon Studio/IST_Automation_Git/Reports/20210122_113940/RTD/TS_Dashboard_for_CCC_OCS/20210122_113943/1611291116310.png]]

2021-01-22 11:51:57 - [MESSAGE][PASSED] - Verify Search Result Presents

2021-01-22 11:51:57 - [TEST_STEP][PASSED] - Click button "Logout": Click button "Logout"

2021-01-22 11:51:57 - [MESSAGE][INFO] - >>>>>//Button[contains(text(),'Logout')]

2021-01-22 11:52:00 - [MESSAGE][PASSED] - Object '' is present

2021-01-22 11:52:00 - [MESSAGE][PASSED] - Object: '' is clicked on

2021-01-22 11:52:00 - [MESSAGE][PASSED] - Switched to window with index: '0'

2021-01-22 11:52:00 - [MESSAGE][PASSED] - Click button "Logout"

2021-01-22 11:52:00 - [TEST_STEP][PASSED] - Close browser: Close browser

2021-01-22 11:52:00 - [MESSAGE][PASSED] - Browser is closed

2021-01-22 11:52:00 - [MESSAGE][PASSED] - Close browser

2021-01-22 11:52:00 - [TEST_CASE][PASSED] - Start Test Case : SCENARIO Search by STATUS Failed due to not supported bank: SCENARIO Search by STATUS Failed due to not supported bank

2021-01-22 11:52:00 - [TEST_STEP][PASSED] - Go to ISTools: Go to ISTools

2021-01-22 11:52:00 - [MESSAGE][INFO] - Starting 'Chrome (headless)' driver

2021-01-22 11:52:00 - [MESSAGE][INFO] - User set preference: ['args', '[--start-maximized, --disable-gpu, --no-proxy-server, â€“-no-sandbox, --allow-running-insecure-content, --ignore-certificate-errors, window-size=1680,814, force-device-scale-factor=2, --lang=en-GB]']

2021-01-22 11:52:00 - [MESSAGE][INFO] - User set preference: ['prefs', '{download.default_directory=/Users/chaidir.pratama01/Katalon Studio/IST_Automation_Git/Download}']

2021-01-22 11:52:00 - [MESSAGE][INFO] - Action delay is set to 0 milliseconds

2021-01-22 11:52:00 - [MESSAGE][PASSED] - Browser is opened with url: ''

2021-01-22 11:52:01 - [MESSAGE][PASSED] - Navigate to 'https://dev-istools.homecredit.id/foundation/' successfully

2021-01-22 11:52:01 - [MESSAGE][PASSED] - Go to ISTools

2021-01-22 11:52:01 - [TEST_STEP][PASSED] - Login IST with valid credentials: Login IST with valid credentials

2021-01-22 11:52:01 - [MESSAGE][PASSED] - Text 'mobile.test' is set on object 'Object Repository/Page_/input_Username_j_username'

2021-01-22 11:52:01 - [MESSAGE][PASSED] - Text ****** has been set on object 'Object Repository/Page_/input_Password_j_password'

2021-01-22 11:52:01 - [MESSAGE][PASSED] - Object: 'Object Repository/Page_/button_Login' is clicked on

2021-01-22 11:52:01 - [MESSAGE][PASSED] - Login IST with valid credentials

2021-01-22 11:52:01 - [TEST_STEP][PASSED] - Login Success: Login Success

2021-01-22 11:52:01 - [MESSAGE][INFO] - Login Success

2021-01-22 11:52:01 - [MESSAGE][PASSED] - Current window maximized

2021-01-22 11:52:01 - [MESSAGE][PASSED] - Object 'Object Repository/Page_/h1_Welcome to IT Supporting Tools' is present

2021-01-22 11:52:01 - [MESSAGE][PASSED] - Login Success

2021-01-22 11:52:01 - [TEST_STEP][PASSED] - Select Arrow Menu "Real Time Disbursement": Select Arrow Menu "Real Time Disbursement"

2021-01-22 11:52:02 - [MESSAGE][PASSED] - Object: '' is clicked on

2021-01-22 11:52:02 - [MESSAGE][PASSED] - Select Arrow Menu "Real Time Disbursement"

2021-01-22 11:52:02 - [TEST_STEP][PASSED] - Select Menu "Dashboard for CCC/OCS": Select Menu "Dashboard for CCC/OCS"

2021-01-22 11:52:02 - [MESSAGE][PASSED] - Taking screenshot successfully
[[ATTACHMENT|/Users/chaidir.pratama01/Documents/Docs/Katalon Studio/Screenshot/test-Dashboard for CCC/OCS.png]]

2021-01-22 11:52:02 - [MESSAGE][PASSED] - Object '' is present

2021-01-22 11:52:02 - [MESSAGE][PASSED] - Object: '' is clicked on

2021-01-22 11:52:02 - [MESSAGE][PASSED] - Wait for page load successfully

2021-01-22 11:52:02 - [MESSAGE][PASSED] - Select Menu "Dashboard for CCC/OCS"

2021-01-22 11:52:02 - [TEST_STEP][PASSED] - Select STATUS "Failed due to not supported bank": Select STATUS "Failed due to not supported bank"

2021-01-22 11:52:03 - [MESSAGE][PASSED] - All options with value 'Failed due to not supported bank' are selected in object ''  using regular expression

2021-01-22 11:52:03 - [MESSAGE][PASSED] - Select STATUS "Failed due to not supported bank"

2021-01-22 11:52:03 - [TEST_STEP][PASSED] - Click button "Search": Click button "Search"

2021-01-22 11:52:03 - [MESSAGE][INFO] - >>>>>//Button[contains(text(),'Search')]

2021-01-22 11:52:06 - [MESSAGE][PASSED] - Object '' is present

2021-01-22 11:52:06 - [MESSAGE][PASSED] - Object: '' is clicked on

2021-01-22 11:52:06 - [MESSAGE][PASSED] - Switched to window with index: '0'

2021-01-22 11:52:06 - [MESSAGE][PASSED] - Click button "Search"

2021-01-22 11:52:06 - [TEST_STEP][PASSED] - Verify Search Result Presents: Verify Search Result Presents

2021-01-22 11:52:10 - [MESSAGE][INFO] - Unable to find the element located by 'By.xpath: //td[@style='display:none' and contains(text(),'-Empty-')]'. Please recheck the objects properties to make sure the desired element is located. 

2021-01-22 11:52:10 - [MESSAGE][WARNING] - com.kms.katalon.core.webui.exception.WebElementNotFoundException: Web element with id: '' located by '//td[@style='display:none' and contains(text(),'-Empty-')]' not found (Root cause: com.kms.katalon.core.exception.StepFailedException: com.kms.katalon.core.webui.exception.WebElementNotFoundException: Web element with id: '' located by '//td[@style='display:none' and contains(text(),'-Empty-')]' not found
	at com.kms.katalon.core.webui.keyword.internal.WebUIKeywordMain.stepFailed(WebUIKeywordMain.groovy:64)
	at com.kms.katalon.core.webui.keyword.builtin.VerifyElementPresentKeyword$_verifyElementPresent_closure1.doCall(VerifyElementPresentKeyword.groovy:85)
	at com.kms.katalon.core.webui.keyword.builtin.VerifyElementPresentKeyword$_verifyElementPresent_closure1.call(VerifyElementPresentKeyword.groovy)
	at com.kms.katalon.core.webui.keyword.internal.WebUIKeywordMain.runKeyword(WebUIKeywordMain.groovy:20)
	at com.kms.katalon.core.webui.keyword.builtin.VerifyElementPresentKeyword.verifyElementPresent(VerifyElementPresentKeyword.groovy:92)
	at com.kms.katalon.core.webui.keyword.builtin.VerifyElementPresentKeyword.execute(VerifyElementPresentKeyword.groovy:68)
	at com.kms.katalon.core.keyword.internal.KeywordExecutor.executeKeywordForPlatform(KeywordExecutor.groovy:73)
	at com.kms.katalon.core.webui.keyword.WebUiBuiltInKeywords.verifyElementPresent(WebUiBuiltInKeywords.groovy:1444)
	at com.kms.katalon.core.webui.keyword.WebUiBuiltInKeywords$verifyElementPresent$11.call(Unknown Source)
	at ist_real.Contract_Dispatcher.VerifyTblFilled(Contract_Dispatcher.groovy:1313)
	at ist_real.Contract_Dispatcher$VerifyTblFilled$0.call(Unknown Source)
	at RTD.Search_Result_Presents(RTD.groovy:191)
	at cucumber.runtime.Utils$1.call(Utils.java:26)
	at cucumber.runtime.Timeout.timeout(Timeout.java:16)
	at cucumber.runtime.Utils.invoke(Utils.java:20)
	at cucumber.runtime.java.JavaStepDefinition.execute(JavaStepDefinition.java:48)
	at cucumber.runtime.PickleStepDefinitionMatch.runStep(PickleStepDefinitionMatch.java:50)
	at cucumber.runner.TestStep.executeStep(TestStep.java:55)
	at cucumber.runner.TestStep.run(TestStep.java:42)
	at cucumber.runner.PickleStepTestStep.run(PickleStepTestStep.java:53)
	at cucumber.runner.TestCase.run(TestCase.java:47)
	at cucumber.runner.Runner.runPickle(Runner.java:44)
	at cucumber.runtime.Runtime.runFeature(Runtime.java:120)
	at cucumber.runtime.Runtime.run(Runtime.java:106)
	at cucumber.api.cli.Main.run(Main.java:35)
	at cucumber.api.cli.Main$run.call(Unknown Source)
	at com.kms.katalon.core.cucumber.keyword.CucumberBuiltinKeywords$_runFeatureFile_closure1.doCall(CucumberBuiltinKeywords.groovy:76)
	at com.kms.katalon.core.cucumber.keyword.CucumberBuiltinKeywords$_runFeatureFile_closure1.doCall(CucumberBuiltinKeywords.groovy)
	at com.kms.katalon.core.keyword.internal.KeywordMain.runKeyword(KeywordMain.groovy:68)
	at com.kms.katalon.core.keyword.internal.KeywordMain$runKeyword.call(Unknown Source)
	at com.kms.katalon.core.cucumber.keyword.CucumberBuiltinKeywords.runFeatureFile(CucumberBuiltinKeywords.groovy:46)
	at com.kms.katalon.core.cucumber.keyword.CucumberBuiltinKeywords$runFeatureFile$0.callStatic(Unknown Source)
	at com.kms.katalon.core.cucumber.keyword.CucumberBuiltinKeywords.runFeatureFile(CucumberBuiltinKeywords.groovy:169)
	at com.kms.katalon.core.cucumber.keyword.CucumberBuiltinKeywords$runFeatureFile.call(Unknown Source)
	at TC_Search_by_Status.run(TC_Search_by_Status:18)
	at com.kms.katalon.core.main.ScriptEngine.run(ScriptEngine.java:194)
	at com.kms.katalon.core.main.ScriptEngine.runScriptAsRawText(ScriptEngine.java:119)
	at com.kms.katalon.core.main.TestCaseExecutor.runScript(TestCaseExecutor.java:339)
	at com.kms.katalon.core.main.TestCaseExecutor.doExecute(TestCaseExecutor.java:330)
	at com.kms.katalon.core.main.TestCaseExecutor.processExecutionPhase(TestCaseExecutor.java:309)
	at com.kms.katalon.core.main.TestCaseExecutor.accessMainPhase(TestCaseExecutor.java:301)
	at com.kms.katalon.core.main.TestCaseExecutor.execute(TestCaseExecutor.java:235)
	at com.kms.katalon.core.main.TestSuiteExecutor.accessTestCaseMainPhase(TestSuiteExecutor.java:191)
	at com.kms.katalon.core.main.TestSuiteExecutor.accessTestSuiteMainPhase(TestSuiteExecutor.java:141)
	at com.kms.katalon.core.main.TestSuiteExecutor.execute(TestSuiteExecutor.java:90)
	at com.kms.katalon.core.main.TestCaseMain.startTestSuite(TestCaseMain.java:157)
	at com.kms.katalon.core.main.TestCaseMain$startTestSuite$0.call(Unknown Source)
	at TempTestSuite1611290383252.run(TempTestSuite1611290383252.groovy:39)
)
[[ATTACHMENT|/Users/chaidir.pratama01/Katalon Studio/IST_Automation_Git/Reports/20210122_113940/RTD/TS_Dashboard_for_CCC_OCS/20210122_113943/1611291130139.png]]

2021-01-22 11:52:10 - [MESSAGE][PASSED] - Verify Search Result Presents

2021-01-22 11:52:10 - [TEST_STEP][PASSED] - Click button "Logout": Click button "Logout"

2021-01-22 11:52:10 - [MESSAGE][INFO] - >>>>>//Button[contains(text(),'Logout')]

2021-01-22 11:52:13 - [MESSAGE][PASSED] - Object '' is present

2021-01-22 11:52:13 - [MESSAGE][PASSED] - Object: '' is clicked on

2021-01-22 11:52:13 - [MESSAGE][PASSED] - Switched to window with index: '0'

2021-01-22 11:52:13 - [MESSAGE][PASSED] - Click button "Logout"

2021-01-22 11:52:14 - [TEST_STEP][PASSED] - Close browser: Close browser

2021-01-22 11:52:14 - [MESSAGE][PASSED] - Browser is closed

2021-01-22 11:52:14 - [MESSAGE][PASSED] - Close browser

2021-01-22 11:52:14 - [TEST_CASE][PASSED] - Start Test Case : SCENARIO Search by STATUS Manual Disbursement: SCENARIO Search by STATUS Manual Disbursement

2021-01-22 11:52:14 - [TEST_STEP][PASSED] - Go to ISTools: Go to ISTools

2021-01-22 11:52:14 - [MESSAGE][INFO] - Starting 'Chrome (headless)' driver

2021-01-22 11:52:14 - [MESSAGE][INFO] - User set preference: ['args', '[--start-maximized, --disable-gpu, --no-proxy-server, â€“-no-sandbox, --allow-running-insecure-content, --ignore-certificate-errors, window-size=1680,814, force-device-scale-factor=2, --lang=en-GB]']

2021-01-22 11:52:14 - [MESSAGE][INFO] - User set preference: ['prefs', '{download.default_directory=/Users/chaidir.pratama01/Katalon Studio/IST_Automation_Git/Download}']

2021-01-22 11:52:14 - [MESSAGE][INFO] - Action delay is set to 0 milliseconds

2021-01-22 11:52:14 - [MESSAGE][PASSED] - Browser is opened with url: ''

2021-01-22 11:52:15 - [MESSAGE][PASSED] - Navigate to 'https://dev-istools.homecredit.id/foundation/' successfully

2021-01-22 11:52:15 - [MESSAGE][PASSED] - Go to ISTools

2021-01-22 11:52:15 - [TEST_STEP][PASSED] - Login IST with valid credentials: Login IST with valid credentials

2021-01-22 11:52:15 - [MESSAGE][PASSED] - Text 'mobile.test' is set on object 'Object Repository/Page_/input_Username_j_username'

2021-01-22 11:52:15 - [MESSAGE][PASSED] - Text ****** has been set on object 'Object Repository/Page_/input_Password_j_password'

2021-01-22 11:52:15 - [MESSAGE][PASSED] - Object: 'Object Repository/Page_/button_Login' is clicked on

2021-01-22 11:52:15 - [MESSAGE][PASSED] - Login IST with valid credentials

2021-01-22 11:52:15 - [TEST_STEP][PASSED] - Login Success: Login Success

2021-01-22 11:52:15 - [MESSAGE][INFO] - Login Success

2021-01-22 11:52:15 - [MESSAGE][PASSED] - Current window maximized

2021-01-22 11:52:15 - [MESSAGE][PASSED] - Object 'Object Repository/Page_/h1_Welcome to IT Supporting Tools' is present

2021-01-22 11:52:15 - [MESSAGE][PASSED] - Login Success

2021-01-22 11:52:15 - [TEST_STEP][PASSED] - Select Arrow Menu "Real Time Disbursement": Select Arrow Menu "Real Time Disbursement"

2021-01-22 11:52:15 - [MESSAGE][PASSED] - Object: '' is clicked on

2021-01-22 11:52:15 - [MESSAGE][PASSED] - Select Arrow Menu "Real Time Disbursement"

2021-01-22 11:52:15 - [TEST_STEP][PASSED] - Select Menu "Dashboard for CCC/OCS": Select Menu "Dashboard for CCC/OCS"

2021-01-22 11:52:16 - [MESSAGE][PASSED] - Taking screenshot successfully
[[ATTACHMENT|/Users/chaidir.pratama01/Documents/Docs/Katalon Studio/Screenshot/test-Dashboard for CCC/OCS.png]]

2021-01-22 11:52:16 - [MESSAGE][PASSED] - Object '' is present

2021-01-22 11:52:16 - [MESSAGE][PASSED] - Object: '' is clicked on

2021-01-22 11:52:16 - [MESSAGE][PASSED] - Wait for page load successfully

2021-01-22 11:52:16 - [MESSAGE][PASSED] - Select Menu "Dashboard for CCC/OCS"

2021-01-22 11:52:16 - [TEST_STEP][PASSED] - Select STATUS "Manual Disbursement": Select STATUS "Manual Disbursement"

2021-01-22 11:52:16 - [MESSAGE][PASSED] - All options with value 'Manual Disbursement' are selected in object ''  using regular expression

2021-01-22 11:52:16 - [MESSAGE][PASSED] - Select STATUS "Manual Disbursement"

2021-01-22 11:52:16 - [TEST_STEP][PASSED] - Click button "Search": Click button "Search"

2021-01-22 11:52:16 - [MESSAGE][INFO] - >>>>>//Button[contains(text(),'Search')]

2021-01-22 11:52:19 - [MESSAGE][PASSED] - Object '' is present

2021-01-22 11:52:19 - [MESSAGE][PASSED] - Object: '' is clicked on

2021-01-22 11:52:19 - [MESSAGE][PASSED] - Switched to window with index: '0'

2021-01-22 11:52:19 - [MESSAGE][PASSED] - Click button "Search"

2021-01-22 11:52:19 - [TEST_STEP][PASSED] - Verify Search Result Presents: Verify Search Result Presents

2021-01-22 11:52:20 - [MESSAGE][PASSED] - Object '' is present

2021-01-22 11:52:25 - [MESSAGE][PASSED] - Verify Search Result Presents

2021-01-22 11:52:25 - [TEST_STEP][PASSED] - Click button "Logout": Click button "Logout"

2021-01-22 11:52:25 - [MESSAGE][INFO] - >>>>>//Button[contains(text(),'Logout')]

2021-01-22 11:52:28 - [MESSAGE][PASSED] - Object '' is present

2021-01-22 11:52:29 - [MESSAGE][PASSED] - Object: '' is clicked on

2021-01-22 11:52:29 - [MESSAGE][PASSED] - Switched to window with index: '0'

2021-01-22 11:52:29 - [MESSAGE][PASSED] - Click button "Logout"

2021-01-22 11:52:29 - [TEST_STEP][PASSED] - Close browser: Close browser

2021-01-22 11:52:29 - [MESSAGE][PASSED] - Browser is closed

2021-01-22 11:52:29 - [MESSAGE][PASSED] - Close browser

2021-01-22 11:52:29 - [TEST_CASE][PASSED] - Start Test Case : SCENARIO Search by STATUS DONE: SCENARIO Search by STATUS DONE

2021-01-22 11:52:29 - [TEST_STEP][PASSED] - Go to ISTools: Go to ISTools

2021-01-22 11:52:29 - [MESSAGE][INFO] - Starting 'Chrome (headless)' driver

2021-01-22 11:52:29 - [MESSAGE][INFO] - User set preference: ['args', '[--start-maximized, --disable-gpu, --no-proxy-server, â€“-no-sandbox, --allow-running-insecure-content, --ignore-certificate-errors, window-size=1680,814, force-device-scale-factor=2, --lang=en-GB]']

2021-01-22 11:52:29 - [MESSAGE][INFO] - User set preference: ['prefs', '{download.default_directory=/Users/chaidir.pratama01/Katalon Studio/IST_Automation_Git/Download}']

2021-01-22 11:52:29 - [MESSAGE][INFO] - Action delay is set to 0 milliseconds

2021-01-22 11:52:29 - [MESSAGE][PASSED] - Browser is opened with url: ''

2021-01-22 11:52:30 - [MESSAGE][PASSED] - Navigate to 'https://dev-istools.homecredit.id/foundation/' successfully

2021-01-22 11:52:30 - [MESSAGE][PASSED] - Go to ISTools

2021-01-22 11:52:30 - [TEST_STEP][PASSED] - Login IST with valid credentials: Login IST with valid credentials

2021-01-22 11:52:30 - [MESSAGE][PASSED] - Text 'mobile.test' is set on object 'Object Repository/Page_/input_Username_j_username'

2021-01-22 11:52:30 - [MESSAGE][PASSED] - Text ****** has been set on object 'Object Repository/Page_/input_Password_j_password'

2021-01-22 11:52:30 - [MESSAGE][PASSED] - Object: 'Object Repository/Page_/button_Login' is clicked on

2021-01-22 11:52:30 - [MESSAGE][PASSED] - Login IST with valid credentials

2021-01-22 11:52:30 - [TEST_STEP][PASSED] - Login Success: Login Success

2021-01-22 11:52:30 - [MESSAGE][INFO] - Login Success

2021-01-22 11:52:30 - [MESSAGE][PASSED] - Current window maximized

2021-01-22 11:52:30 - [MESSAGE][PASSED] - Object 'Object Repository/Page_/h1_Welcome to IT Supporting Tools' is present

2021-01-22 11:52:30 - [MESSAGE][PASSED] - Login Success

2021-01-22 11:52:30 - [TEST_STEP][PASSED] - Select Arrow Menu "Real Time Disbursement": Select Arrow Menu "Real Time Disbursement"

2021-01-22 11:52:31 - [MESSAGE][PASSED] - Object: '' is clicked on

2021-01-22 11:52:31 - [MESSAGE][PASSED] - Select Arrow Menu "Real Time Disbursement"

2021-01-22 11:52:31 - [TEST_STEP][PASSED] - Select Menu "Dashboard for CCC/OCS": Select Menu "Dashboard for CCC/OCS"

2021-01-22 11:52:31 - [MESSAGE][PASSED] - Taking screenshot successfully
[[ATTACHMENT|/Users/chaidir.pratama01/Documents/Docs/Katalon Studio/Screenshot/test-Dashboard for CCC/OCS.png]]

2021-01-22 11:52:31 - [MESSAGE][PASSED] - Object '' is present

2021-01-22 11:52:31 - [MESSAGE][PASSED] - Object: '' is clicked on

2021-01-22 11:52:31 - [MESSAGE][PASSED] - Wait for page load successfully

2021-01-22 11:52:31 - [MESSAGE][PASSED] - Select Menu "Dashboard for CCC/OCS"

2021-01-22 11:52:31 - [TEST_STEP][PASSED] - Select STATUS "DONE": Select STATUS "DONE"

2021-01-22 11:52:32 - [MESSAGE][PASSED] - All options with value 'DONE' are selected in object ''  using regular expression

2021-01-22 11:52:32 - [MESSAGE][PASSED] - Select STATUS "DONE"

2021-01-22 11:52:32 - [TEST_STEP][PASSED] - Click button "Search": Click button "Search"

2021-01-22 11:52:32 - [MESSAGE][INFO] - >>>>>//Button[contains(text(),'Search')]

2021-01-22 11:52:35 - [MESSAGE][PASSED] - Object '' is present

2021-01-22 11:52:35 - [MESSAGE][PASSED] - Object: '' is clicked on

2021-01-22 11:52:35 - [MESSAGE][PASSED] - Switched to window with index: '0'

2021-01-22 11:52:35 - [MESSAGE][PASSED] - Click button "Search"

2021-01-22 11:52:35 - [TEST_STEP][PASSED] - Verify Search Result Presents: Verify Search Result Presents

2021-01-22 11:52:35 - [MESSAGE][PASSED] - Object '' is present

2021-01-22 11:52:41 - [MESSAGE][PASSED] - Verify Search Result Presents

2021-01-22 11:52:41 - [TEST_STEP][PASSED] - Click button "Logout": Click button "Logout"

2021-01-22 11:52:41 - [MESSAGE][INFO] - >>>>>//Button[contains(text(),'Logout')]

2021-01-22 11:52:44 - [MESSAGE][PASSED] - Object '' is present

2021-01-22 11:52:45 - [MESSAGE][PASSED] - Object: '' is clicked on

2021-01-22 11:52:45 - [MESSAGE][PASSED] - Switched to window with index: '0'

2021-01-22 11:52:45 - [MESSAGE][PASSED] - Click button "Logout"

2021-01-22 11:52:45 - [TEST_STEP][PASSED] - Close browser: Close browser

2021-01-22 11:52:45 - [MESSAGE][PASSED] - Browser is closed

2021-01-22 11:52:45 - [MESSAGE][PASSED] - Close browser

2021-01-22 11:52:45 - [TEST_CASE][PASSED] - Start Test Case : SCENARIO Search by STATUS Waiting Partner Confirmation: SCENARIO Search by STATUS Waiting Partner Confirmation

2021-01-22 11:52:45 - [TEST_STEP][PASSED] - Go to ISTools: Go to ISTools

2021-01-22 11:52:45 - [MESSAGE][INFO] - Starting 'Chrome (headless)' driver

2021-01-22 11:52:45 - [MESSAGE][INFO] - User set preference: ['args', '[--start-maximized, --disable-gpu, --no-proxy-server, â€“-no-sandbox, --allow-running-insecure-content, --ignore-certificate-errors, window-size=1680,814, force-device-scale-factor=2, --lang=en-GB]']

2021-01-22 11:52:45 - [MESSAGE][INFO] - User set preference: ['prefs', '{download.default_directory=/Users/chaidir.pratama01/Katalon Studio/IST_Automation_Git/Download}']

2021-01-22 11:52:45 - [MESSAGE][INFO] - Action delay is set to 0 milliseconds

2021-01-22 11:52:45 - [MESSAGE][PASSED] - Browser is opened with url: ''

2021-01-22 11:52:46 - [MESSAGE][PASSED] - Navigate to 'https://dev-istools.homecredit.id/foundation/' successfully

2021-01-22 11:52:46 - [MESSAGE][PASSED] - Go to ISTools

2021-01-22 11:52:46 - [TEST_STEP][PASSED] - Login IST with valid credentials: Login IST with valid credentials

2021-01-22 11:52:46 - [MESSAGE][PASSED] - Text 'mobile.test' is set on object 'Object Repository/Page_/input_Username_j_username'

2021-01-22 11:52:46 - [MESSAGE][PASSED] - Text ****** has been set on object 'Object Repository/Page_/input_Password_j_password'

2021-01-22 11:52:46 - [MESSAGE][PASSED] - Object: 'Object Repository/Page_/button_Login' is clicked on

2021-01-22 11:52:46 - [MESSAGE][PASSED] - Login IST with valid credentials

2021-01-22 11:52:46 - [TEST_STEP][PASSED] - Login Success: Login Success

2021-01-22 11:52:46 - [MESSAGE][INFO] - Login Success

2021-01-22 11:52:46 - [MESSAGE][PASSED] - Current window maximized

2021-01-22 11:52:46 - [MESSAGE][PASSED] - Object 'Object Repository/Page_/h1_Welcome to IT Supporting Tools' is present

2021-01-22 11:52:46 - [MESSAGE][PASSED] - Login Success

2021-01-22 11:52:46 - [TEST_STEP][PASSED] - Select Arrow Menu "Real Time Disbursement": Select Arrow Menu "Real Time Disbursement"

2021-01-22 11:52:47 - [MESSAGE][PASSED] - Object: '' is clicked on

2021-01-22 11:52:47 - [MESSAGE][PASSED] - Select Arrow Menu "Real Time Disbursement"

2021-01-22 11:52:47 - [TEST_STEP][PASSED] - Select Menu "Dashboard for CCC/OCS": Select Menu "Dashboard for CCC/OCS"

2021-01-22 11:52:47 - [MESSAGE][PASSED] - Taking screenshot successfully
[[ATTACHMENT|/Users/chaidir.pratama01/Documents/Docs/Katalon Studio/Screenshot/test-Dashboard for CCC/OCS.png]]

2021-01-22 11:52:47 - [MESSAGE][PASSED] - Object '' is present

2021-01-22 11:52:47 - [MESSAGE][PASSED] - Object: '' is clicked on

2021-01-22 11:52:47 - [MESSAGE][PASSED] - Wait for page load successfully

2021-01-22 11:52:47 - [MESSAGE][PASSED] - Select Menu "Dashboard for CCC/OCS"

2021-01-22 11:52:47 - [TEST_STEP][PASSED] - Select STATUS "Waiting Partner Confirmation": Select STATUS "Waiting Partner Confirmation"

2021-01-22 11:52:48 - [MESSAGE][PASSED] - All options with value 'Waiting Partner Confirmation' are selected in object ''  using regular expression

2021-01-22 11:52:48 - [MESSAGE][PASSED] - Select STATUS "Waiting Partner Confirmation"

2021-01-22 11:52:48 - [TEST_STEP][PASSED] - Click button "Search": Click button "Search"

2021-01-22 11:52:48 - [MESSAGE][INFO] - >>>>>//Button[contains(text(),'Search')]

2021-01-22 11:52:51 - [MESSAGE][PASSED] - Object '' is present

2021-01-22 11:52:51 - [MESSAGE][PASSED] - Object: '' is clicked on

2021-01-22 11:52:51 - [MESSAGE][PASSED] - Switched to window with index: '0'

2021-01-22 11:52:51 - [MESSAGE][PASSED] - Click button "Search"

2021-01-22 11:52:51 - [TEST_STEP][PASSED] - Verify Search Result Presents: Verify Search Result Presents

2021-01-22 11:52:51 - [MESSAGE][PASSED] - Object '' is present

2021-01-22 11:52:55 - [MESSAGE][PASSED] - Verify Search Result Presents

2021-01-22 11:52:55 - [TEST_STEP][PASSED] - Click button "Logout": Click button "Logout"

2021-01-22 11:52:55 - [MESSAGE][INFO] - >>>>>//Button[contains(text(),'Logout')]

2021-01-22 11:52:58 - [MESSAGE][PASSED] - Object '' is present

2021-01-22 11:52:58 - [MESSAGE][PASSED] - Object: '' is clicked on

2021-01-22 11:52:58 - [MESSAGE][PASSED] - Switched to window with index: '0'

2021-01-22 11:52:58 - [MESSAGE][PASSED] - Click button "Logout"

2021-01-22 11:52:58 - [TEST_STEP][PASSED] - Close browser: Close browser

2021-01-22 11:52:58 - [MESSAGE][PASSED] - Browser is closed

2021-01-22 11:52:58 - [MESSAGE][PASSED] - Close browser

2021-01-22 11:52:58 - [TEST_CASE][PASSED] - Start Test Case : SCENARIO Search by STATUS Success to Disburse: SCENARIO Search by STATUS Success to Disburse

2021-01-22 11:52:58 - [TEST_STEP][PASSED] - Go to ISTools: Go to ISTools

2021-01-22 11:52:58 - [MESSAGE][INFO] - Starting 'Chrome (headless)' driver

2021-01-22 11:52:58 - [MESSAGE][INFO] - User set preference: ['args', '[--start-maximized, --disable-gpu, --no-proxy-server, â€“-no-sandbox, --allow-running-insecure-content, --ignore-certificate-errors, window-size=1680,814, force-device-scale-factor=2, --lang=en-GB]']

2021-01-22 11:52:58 - [MESSAGE][INFO] - User set preference: ['prefs', '{download.default_directory=/Users/chaidir.pratama01/Katalon Studio/IST_Automation_Git/Download}']

2021-01-22 11:52:58 - [MESSAGE][INFO] - Action delay is set to 0 milliseconds

2021-01-22 11:52:58 - [MESSAGE][PASSED] - Browser is opened with url: ''

2021-01-22 11:52:59 - [MESSAGE][PASSED] - Navigate to 'https://dev-istools.homecredit.id/foundation/' successfully

2021-01-22 11:52:59 - [MESSAGE][PASSED] - Go to ISTools

2021-01-22 11:52:59 - [TEST_STEP][PASSED] - Login IST with valid credentials: Login IST with valid credentials

2021-01-22 11:52:59 - [MESSAGE][PASSED] - Text 'mobile.test' is set on object 'Object Repository/Page_/input_Username_j_username'

2021-01-22 11:52:59 - [MESSAGE][PASSED] - Text ****** has been set on object 'Object Repository/Page_/input_Password_j_password'

2021-01-22 11:53:00 - [MESSAGE][PASSED] - Object: 'Object Repository/Page_/button_Login' is clicked on

2021-01-22 11:53:00 - [MESSAGE][PASSED] - Login IST with valid credentials

2021-01-22 11:53:00 - [TEST_STEP][PASSED] - Login Success: Login Success

2021-01-22 11:53:00 - [MESSAGE][INFO] - Login Success

2021-01-22 11:53:00 - [MESSAGE][PASSED] - Current window maximized

2021-01-22 11:53:00 - [MESSAGE][PASSED] - Object 'Object Repository/Page_/h1_Welcome to IT Supporting Tools' is present

2021-01-22 11:53:00 - [MESSAGE][PASSED] - Login Success

2021-01-22 11:53:00 - [TEST_STEP][PASSED] - Select Arrow Menu "Real Time Disbursement": Select Arrow Menu "Real Time Disbursement"

2021-01-22 11:53:00 - [MESSAGE][PASSED] - Object: '' is clicked on

2021-01-22 11:53:00 - [MESSAGE][PASSED] - Select Arrow Menu "Real Time Disbursement"

2021-01-22 11:53:00 - [TEST_STEP][PASSED] - Select Menu "Dashboard for CCC/OCS": Select Menu "Dashboard for CCC/OCS"

2021-01-22 11:53:00 - [MESSAGE][PASSED] - Taking screenshot successfully
[[ATTACHMENT|/Users/chaidir.pratama01/Documents/Docs/Katalon Studio/Screenshot/test-Dashboard for CCC/OCS.png]]

2021-01-22 11:53:00 - [MESSAGE][PASSED] - Object '' is present

2021-01-22 11:53:01 - [MESSAGE][PASSED] - Object: '' is clicked on

2021-01-22 11:53:01 - [MESSAGE][PASSED] - Wait for page load successfully

2021-01-22 11:53:01 - [MESSAGE][PASSED] - Select Menu "Dashboard for CCC/OCS"

2021-01-22 11:53:01 - [TEST_STEP][PASSED] - Select STATUS "Success to Disburse": Select STATUS "Success to Disburse"

2021-01-22 11:53:01 - [MESSAGE][PASSED] - All options with value 'Success to Disburse' are selected in object ''  using regular expression

2021-01-22 11:53:01 - [MESSAGE][PASSED] - Select STATUS "Success to Disburse"

2021-01-22 11:53:01 - [TEST_STEP][PASSED] - Click button "Search": Click button "Search"

2021-01-22 11:53:01 - [MESSAGE][INFO] - >>>>>//Button[contains(text(),'Search')]

2021-01-22 11:53:04 - [MESSAGE][PASSED] - Object '' is present

2021-01-22 11:53:04 - [MESSAGE][PASSED] - Object: '' is clicked on

2021-01-22 11:53:04 - [MESSAGE][PASSED] - Switched to window with index: '0'

2021-01-22 11:53:04 - [MESSAGE][PASSED] - Click button "Search"

2021-01-22 11:53:04 - [TEST_STEP][PASSED] - Verify Search Result Presents: Verify Search Result Presents

2021-01-22 11:53:04 - [MESSAGE][PASSED] - Object '' is present

2021-01-22 11:53:05 - [MESSAGE][PASSED] - Verify Search Result Presents

2021-01-22 11:53:05 - [TEST_STEP][PASSED] - Click button "Logout": Click button "Logout"

2021-01-22 11:53:05 - [MESSAGE][INFO] - >>>>>//Button[contains(text(),'Logout')]

2021-01-22 11:53:08 - [MESSAGE][PASSED] - Object '' is present

2021-01-22 11:53:08 - [MESSAGE][PASSED] - Object: '' is clicked on

2021-01-22 11:53:08 - [MESSAGE][PASSED] - Switched to window with index: '0'

2021-01-22 11:53:08 - [MESSAGE][PASSED] - Click button "Logout"

2021-01-22 11:53:08 - [TEST_STEP][PASSED] - Close browser: Close browser

2021-01-22 11:53:08 - [MESSAGE][PASSED] - Browser is closed

2021-01-22 11:53:08 - [MESSAGE][PASSED] - Close browser

2021-01-22 11:53:08 - [MESSAGE][PASSED] - Feature file: 'Include/features/IST_Real/RTD/Dashboard_for_CCC_OCS/Search_by_STATUS_CCC_OCS.feature' was passed]]></system-out>
         <system-err><![CDATA[]]></system-err>
      </testcase>
      <testcase name="Test Cases/RTD/Dashboard for CCC OCS/TC_Search_by_Contract_Number_CCC_OCS" time="6.757" classname="Test Cases/RTD/Dashboard for CCC OCS/TC_Search_by_Contract_Number_CCC_OCS" status="PASSED">
         <system-out><![CDATA[2021-01-22 11:53:08 - [TEST_CASE][PASSED] - Test Cases/RTD/Dashboard for CCC OCS/TC_Search_by_Contract_Number_CCC_OCS: Test Cases/RTD/Dashboard for CCC OCS/TC_Search_by_Contract_Number_CCC_OCS

2021-01-22 11:53:08 - [TEST_STEP][PASSED] - runFeatureFile("Include/features/IST_Real/RTD/Dashboard_for_CCC_OCS/Search_by_Contract_Number_CCC_OCS.feature"): Feature file: 'Include/features/IST_Real/RTD/Dashboard_for_CCC_OCS/Search_by_Contract_Number_CCC_OCS.feature' was passed

2021-01-22 11:53:08 - [MESSAGE][INFO] - Starting run keyword runFeatureFile: 'Include/features/IST_Real/RTD/Dashboard_for_CCC_OCS/Search_by_Contract_Number_CCC_OCS.feature' and extract report to folder: '/Users/chaidir.pratama01/Katalon Studio/IST_Automation_Git/Reports/20210122_113940/RTD/TS_Dashboard_for_CCC_OCS/20210122_113943/cucumber_report/1611291188507'...

2021-01-22 11:53:08 - [TEST_CASE][PASSED] - Start Test Case : SCENARIO Search by Contract Number and it found on Dashboard: SCENARIO Search by Contract Number and it found on Dashboard

2021-01-22 11:53:08 - [TEST_STEP][PASSED] - Go to ISTools: Go to ISTools

2021-01-22 11:53:08 - [MESSAGE][INFO] - Starting 'Chrome (headless)' driver

2021-01-22 11:53:08 - [MESSAGE][INFO] - User set preference: ['args', '[--start-maximized, --disable-gpu, --no-proxy-server, â€“-no-sandbox, --allow-running-insecure-content, --ignore-certificate-errors, window-size=1680,814, force-device-scale-factor=2, --lang=en-GB]']

2021-01-22 11:53:08 - [MESSAGE][INFO] - User set preference: ['prefs', '{download.default_directory=/Users/chaidir.pratama01/Katalon Studio/IST_Automation_Git/Download}']

2021-01-22 11:53:08 - [MESSAGE][INFO] - Action delay is set to 0 milliseconds

2021-01-22 11:53:08 - [MESSAGE][PASSED] - Browser is opened with url: ''

2021-01-22 11:53:09 - [MESSAGE][PASSED] - Navigate to 'https://dev-istools.homecredit.id/foundation/' successfully

2021-01-22 11:53:09 - [MESSAGE][PASSED] - Go to ISTools

2021-01-22 11:53:09 - [TEST_STEP][PASSED] - Login IST with valid credentials: Login IST with valid credentials

2021-01-22 11:53:09 - [MESSAGE][PASSED] - Text 'mobile.test' is set on object 'Object Repository/Page_/input_Username_j_username'

2021-01-22 11:53:10 - [MESSAGE][PASSED] - Text ****** has been set on object 'Object Repository/Page_/input_Password_j_password'

2021-01-22 11:53:10 - [MESSAGE][PASSED] - Object: 'Object Repository/Page_/button_Login' is clicked on

2021-01-22 11:53:10 - [MESSAGE][PASSED] - Login IST with valid credentials

2021-01-22 11:53:10 - [TEST_STEP][PASSED] - Login Success: Login Success

2021-01-22 11:53:10 - [MESSAGE][INFO] - Login Success

2021-01-22 11:53:10 - [MESSAGE][PASSED] - Current window maximized

2021-01-22 11:53:10 - [MESSAGE][PASSED] - Object 'Object Repository/Page_/h1_Welcome to IT Supporting Tools' is present

2021-01-22 11:53:10 - [MESSAGE][PASSED] - Login Success

2021-01-22 11:53:10 - [TEST_STEP][PASSED] - Select Arrow Menu "Real Time Disbursement": Select Arrow Menu "Real Time Disbursement"

2021-01-22 11:53:10 - [MESSAGE][PASSED] - Object: '' is clicked on

2021-01-22 11:53:10 - [MESSAGE][PASSED] - Select Arrow Menu "Real Time Disbursement"

2021-01-22 11:53:10 - [TEST_STEP][PASSED] - Select Menu "Dashboard for CCC/OCS": Select Menu "Dashboard for CCC/OCS"

2021-01-22 11:53:11 - [MESSAGE][PASSED] - Taking screenshot successfully
[[ATTACHMENT|/Users/chaidir.pratama01/Documents/Docs/Katalon Studio/Screenshot/test-Dashboard for CCC/OCS.png]]

2021-01-22 11:53:11 - [MESSAGE][PASSED] - Object '' is present

2021-01-22 11:53:11 - [MESSAGE][PASSED] - Object: '' is clicked on

2021-01-22 11:53:11 - [MESSAGE][PASSED] - Wait for page load successfully

2021-01-22 11:53:11 - [MESSAGE][PASSED] - Select Menu "Dashboard for CCC/OCS"

2021-01-22 11:53:11 - [TEST_STEP][PASSED] - Input Contract RTD in Contract Number label: Input Contract RTD in Contract Number label

2021-01-22 11:53:11 - [MESSAGE][PASSED] - Text '4000014162' is set on object ''

2021-01-22 11:53:11 - [MESSAGE][PASSED] - Input Contract RTD in Contract Number label

2021-01-22 11:53:11 - [TEST_STEP][PASSED] - Click button "Search": Click button "Search"

2021-01-22 11:53:11 - [MESSAGE][INFO] - >>>>>//Button[contains(text(),'Search')]

2021-01-22 11:53:14 - [MESSAGE][PASSED] - Object '' is present

2021-01-22 11:53:14 - [MESSAGE][PASSED] - Object: '' is clicked on

2021-01-22 11:53:14 - [MESSAGE][PASSED] - Switched to window with index: '0'

2021-01-22 11:53:14 - [MESSAGE][PASSED] - Click button "Search"

2021-01-22 11:53:14 - [TEST_STEP][PASSED] - Verify Search Result Presents: Verify Search Result Presents

2021-01-22 11:53:14 - [MESSAGE][PASSED] - Object '' is present

2021-01-22 11:53:15 - [MESSAGE][PASSED] - Verify Search Result Presents

2021-01-22 11:53:15 - [MESSAGE][PASSED] - Feature file: 'Include/features/IST_Real/RTD/Dashboard_for_CCC_OCS/Search_by_Contract_Number_CCC_OCS.feature' was passed]]></system-out>
         <system-err><![CDATA[]]></system-err>
      </testcase>
      <testcase name="Test Cases/RTD/Dashboard for CCC OCS/TC_View_Detail_CCC_OCS" time="40.946" classname="Test Cases/RTD/Dashboard for CCC OCS/TC_View_Detail_CCC_OCS" status="PASSED">
         <system-out><![CDATA[2021-01-22 11:53:15 - [TEST_CASE][PASSED] - Test Cases/RTD/Dashboard for CCC OCS/TC_View_Detail_CCC_OCS: Test Cases/RTD/Dashboard for CCC OCS/TC_View_Detail_CCC_OCS

2021-01-22 11:53:15 - [TEST_STEP][PASSED] - runFeatureFile("Include/features/IST_Real/RTD/Dashboard_for_CCC_OCS/View_Detail_CCC_OCS.feature"): Feature file: 'Include/features/IST_Real/RTD/Dashboard_for_CCC_OCS/View_Detail_CCC_OCS.feature' was passed

2021-01-22 11:53:15 - [MESSAGE][INFO] - Starting run keyword runFeatureFile: 'Include/features/IST_Real/RTD/Dashboard_for_CCC_OCS/View_Detail_CCC_OCS.feature' and extract report to folder: '/Users/chaidir.pratama01/Katalon Studio/IST_Automation_Git/Reports/20210122_113940/RTD/TS_Dashboard_for_CCC_OCS/20210122_113943/cucumber_report/1611291195284'...

2021-01-22 11:53:15 - [TEST_CASE][PASSED] - Start Test Case : SCENARIO Search by STATUS Success to Disburse and then View Detail of it: SCENARIO Search by STATUS Success to Disburse and then View Detail of it

2021-01-22 11:53:15 - [TEST_STEP][PASSED] - Go to ISTools: Go to ISTools

2021-01-22 11:53:15 - [MESSAGE][WARNING] - A browser is already opened. Closing browser and opening a new one

2021-01-22 11:53:15 - [MESSAGE][INFO] - Starting 'Chrome (headless)' driver

2021-01-22 11:53:15 - [MESSAGE][INFO] - User set preference: ['args', '[--start-maximized, --disable-gpu, --no-proxy-server, â€“-no-sandbox, --allow-running-insecure-content, --ignore-certificate-errors, window-size=1680,814, force-device-scale-factor=2, --lang=en-GB]']

2021-01-22 11:53:15 - [MESSAGE][INFO] - User set preference: ['prefs', '{download.default_directory=/Users/chaidir.pratama01/Katalon Studio/IST_Automation_Git/Download}']

2021-01-22 11:53:15 - [MESSAGE][INFO] - Action delay is set to 0 milliseconds

2021-01-22 11:53:15 - [MESSAGE][PASSED] - Browser is opened with url: ''

2021-01-22 11:53:16 - [MESSAGE][PASSED] - Navigate to 'https://dev-istools.homecredit.id/foundation/' successfully

2021-01-22 11:53:16 - [MESSAGE][PASSED] - Go to ISTools

2021-01-22 11:53:16 - [TEST_STEP][PASSED] - Login IST with valid credentials: Login IST with valid credentials

2021-01-22 11:53:16 - [MESSAGE][PASSED] - Text 'mobile.test' is set on object 'Object Repository/Page_/input_Username_j_username'

2021-01-22 11:53:16 - [MESSAGE][PASSED] - Text ****** has been set on object 'Object Repository/Page_/input_Password_j_password'

2021-01-22 11:53:17 - [MESSAGE][PASSED] - Object: 'Object Repository/Page_/button_Login' is clicked on

2021-01-22 11:53:17 - [MESSAGE][PASSED] - Login IST with valid credentials

2021-01-22 11:53:17 - [TEST_STEP][PASSED] - Login Success: Login Success

2021-01-22 11:53:17 - [MESSAGE][INFO] - Login Success

2021-01-22 11:53:17 - [MESSAGE][PASSED] - Current window maximized

2021-01-22 11:53:17 - [MESSAGE][PASSED] - Object 'Object Repository/Page_/h1_Welcome to IT Supporting Tools' is present

2021-01-22 11:53:17 - [MESSAGE][PASSED] - Login Success

2021-01-22 11:53:17 - [TEST_STEP][PASSED] - Select Arrow Menu "Real Time Disbursement": Select Arrow Menu "Real Time Disbursement"

2021-01-22 11:53:17 - [MESSAGE][PASSED] - Object: '' is clicked on

2021-01-22 11:53:17 - [MESSAGE][PASSED] - Select Arrow Menu "Real Time Disbursement"

2021-01-22 11:53:17 - [TEST_STEP][PASSED] - Select Menu "Dashboard for CCC/OCS": Select Menu "Dashboard for CCC/OCS"

2021-01-22 11:53:17 - [MESSAGE][PASSED] - Taking screenshot successfully
[[ATTACHMENT|/Users/chaidir.pratama01/Documents/Docs/Katalon Studio/Screenshot/test-Dashboard for CCC/OCS.png]]

2021-01-22 11:53:17 - [MESSAGE][PASSED] - Object '' is present

2021-01-22 11:53:17 - [MESSAGE][PASSED] - Object: '' is clicked on

2021-01-22 11:53:17 - [MESSAGE][PASSED] - Wait for page load successfully

2021-01-22 11:53:17 - [MESSAGE][PASSED] - Select Menu "Dashboard for CCC/OCS"

2021-01-22 11:53:17 - [TEST_STEP][PASSED] - Select STATUS "Success to Disburse": Select STATUS "Success to Disburse"

2021-01-22 11:53:18 - [MESSAGE][PASSED] - All options with value 'Success to Disburse' are selected in object ''  using regular expression

2021-01-22 11:53:18 - [MESSAGE][PASSED] - Select STATUS "Success to Disburse"

2021-01-22 11:53:18 - [TEST_STEP][PASSED] - Click button "Search": Click button "Search"

2021-01-22 11:53:18 - [MESSAGE][INFO] - >>>>>//Button[contains(text(),'Search')]

2021-01-22 11:53:21 - [MESSAGE][PASSED] - Object '' is present

2021-01-22 11:53:21 - [MESSAGE][PASSED] - Object: '' is clicked on

2021-01-22 11:53:21 - [MESSAGE][PASSED] - Switched to window with index: '0'

2021-01-22 11:53:21 - [MESSAGE][PASSED] - Click button "Search"

2021-01-22 11:53:21 - [TEST_STEP][PASSED] - Verify Search Result Presents: Verify Search Result Presents

2021-01-22 11:53:21 - [MESSAGE][PASSED] - Object '' is present

2021-01-22 11:53:22 - [MESSAGE][PASSED] - Verify Search Result Presents

2021-01-22 11:53:22 - [TEST_STEP][PASSED] - Click View Detail: Click View Detail

2021-01-22 11:53:22 - [MESSAGE][PASSED] - Object '' is present

2021-01-22 11:53:22 - [MESSAGE][PASSED] - Object: '' is clicked on

2021-01-22 11:53:22 - [MESSAGE][PASSED] - Click View Detail

2021-01-22 11:53:22 - [TEST_STEP][PASSED] - Verify Information in View Detail: Verify Information in View Detail

2021-01-22 11:53:25 - [MESSAGE][PASSED] - Delayed 3 second(s)

2021-01-22 11:53:25 - [MESSAGE][PASSED] - Attribute 'value' of object '' is: '3900014152'

2021-01-22 11:53:28 - [MESSAGE][PASSED] - Delayed 3 second(s)

2021-01-22 11:53:28 - [MESSAGE][PASSED] - Attribute 'value' of object '' is: 'IDITXLeks TESTERbIvIvO'

2021-01-22 11:53:31 - [MESSAGE][PASSED] - Delayed 3 second(s)

2021-01-22 11:53:31 - [MESSAGE][PASSED] - Attribute 'value' of object '' is: 'Success to Disburse'

2021-01-22 11:53:34 - [MESSAGE][PASSED] - Delayed 3 second(s)

2021-01-22 11:53:34 - [MESSAGE][PASSED] - Attribute 'value' of object '' is: 'Rp 7,000,000'

2021-01-22 11:53:37 - [MESSAGE][PASSED] - Delayed 3 second(s)

2021-01-22 11:53:37 - [MESSAGE][PASSED] - Attribute 'value' of object '' is: 'KESEJAHTERAAN EKONOMI'

2021-01-22 11:53:40 - [MESSAGE][PASSED] - Delayed 3 second(s)

2021-01-22 11:53:40 - [MESSAGE][PASSED] - Attribute 'value' of object '' is: '1'

2021-01-22 11:53:43 - [MESSAGE][PASSED] - Delayed 3 second(s)

2021-01-22 11:53:43 - [MESSAGE][PASSED] - Attribute 'value' of object '' is: 'NAMA ADA DISINI'

2021-01-22 11:53:46 - [MESSAGE][PASSED] - Delayed 3 second(s)

2021-01-22 11:53:46 - [MESSAGE][PASSED] - Attribute 'value' of object '' is: 'KESEJAHTERAAN EKONOMI'

2021-01-22 11:53:49 - [MESSAGE][PASSED] - Delayed 3 second(s)

2021-01-22 11:53:49 - [MESSAGE][PASSED] - Attribute 'value' of object '' is: ''

2021-01-22 11:53:52 - [MESSAGE][PASSED] - Delayed 3 second(s)

2021-01-22 11:53:52 - [MESSAGE][PASSED] - Attribute 'value' of object '' is: ''

2021-01-22 11:53:52 - [MESSAGE][PASSED] - Text of object '' is: 'Date'

2021-01-22 11:53:52 - [MESSAGE][PASSED] - Text of object '' is: 'Status'

2021-01-22 11:53:52 - [MESSAGE][PASSED] - Text of object '' is: 'Updated Information'

2021-01-22 11:53:52 - [MESSAGE][PASSED] - Text of object '' is: 'Last Update By'

2021-01-22 11:53:52 - [MESSAGE][PASSED] - Text of object '' is: 'Department'

2021-01-22 11:53:52 - [MESSAGE][PASSED] - Verify Information in View Detail

2021-01-22 11:53:52 - [TEST_STEP][PASSED] - Click button "Logout": Click button "Logout"

2021-01-22 11:53:52 - [MESSAGE][INFO] - >>>>>//Button[contains(text(),'Logout')]

2021-01-22 11:53:55 - [MESSAGE][PASSED] - Object '' is present

2021-01-22 11:53:56 - [MESSAGE][PASSED] - Object: '' is clicked on

2021-01-22 11:53:56 - [MESSAGE][PASSED] - Switched to window with index: '0'

2021-01-22 11:53:56 - [MESSAGE][PASSED] - Click button "Logout"

2021-01-22 11:53:56 - [TEST_STEP][PASSED] - Close browser: Close browser

2021-01-22 11:53:56 - [MESSAGE][PASSED] - Browser is closed

2021-01-22 11:53:56 - [MESSAGE][PASSED] - Close browser

2021-01-22 11:53:56 - [MESSAGE][PASSED] - Feature file: 'Include/features/IST_Real/RTD/Dashboard_for_CCC_OCS/View_Detail_CCC_OCS.feature' was passed]]></system-out>
         <system-err><![CDATA[]]></system-err>
      </testcase>
      <testcase name="Test Cases/RTD/Dashboard for CCC OCS/TC_Export_Data_CCC_OCS" time="9.585" classname="Test Cases/RTD/Dashboard for CCC OCS/TC_Export_Data_CCC_OCS" status="PASSED">
         <system-out><![CDATA[2021-01-22 11:53:56 - [TEST_CASE][PASSED] - Test Cases/RTD/Dashboard for CCC OCS/TC_Export_Data_CCC_OCS: Test Cases/RTD/Dashboard for CCC OCS/TC_Export_Data_CCC_OCS

2021-01-22 11:53:56 - [TEST_STEP][PASSED] - runFeatureFile("Include/features/IST_Real/RTD/Dashboard_for_CCC_OCS/Export_Data_CCC_OCS.feature"): Feature file: 'Include/features/IST_Real/RTD/Dashboard_for_CCC_OCS/Export_Data_CCC_OCS.feature' was passed

2021-01-22 11:53:56 - [MESSAGE][INFO] - Starting run keyword runFeatureFile: 'Include/features/IST_Real/RTD/Dashboard_for_CCC_OCS/Export_Data_CCC_OCS.feature' and extract report to folder: '/Users/chaidir.pratama01/Katalon Studio/IST_Automation_Git/Reports/20210122_113940/RTD/TS_Dashboard_for_CCC_OCS/20210122_113943/cucumber_report/1611291236209'...

2021-01-22 11:53:56 - [TEST_CASE][PASSED] - Start Test Case : SCENARIO Export Data: SCENARIO Export Data

2021-01-22 11:53:56 - [TEST_STEP][PASSED] - Go to ISTools: Go to ISTools

2021-01-22 11:53:56 - [MESSAGE][INFO] - Starting 'Chrome (headless)' driver

2021-01-22 11:53:56 - [MESSAGE][INFO] - User set preference: ['args', '[--start-maximized, --disable-gpu, --no-proxy-server, â€“-no-sandbox, --allow-running-insecure-content, --ignore-certificate-errors, window-size=1680,814, force-device-scale-factor=2, --lang=en-GB]']

2021-01-22 11:53:56 - [MESSAGE][INFO] - User set preference: ['prefs', '{download.default_directory=/Users/chaidir.pratama01/Katalon Studio/IST_Automation_Git/Download}']

2021-01-22 11:53:56 - [MESSAGE][INFO] - Action delay is set to 0 milliseconds

2021-01-22 11:53:56 - [MESSAGE][PASSED] - Browser is opened with url: ''

2021-01-22 11:53:57 - [MESSAGE][PASSED] - Navigate to 'https://dev-istools.homecredit.id/foundation/' successfully

2021-01-22 11:53:57 - [MESSAGE][PASSED] - Go to ISTools

2021-01-22 11:53:57 - [TEST_STEP][PASSED] - Login IST with valid credentials: Login IST with valid credentials

2021-01-22 11:53:57 - [MESSAGE][PASSED] - Text 'mobile.test' is set on object 'Object Repository/Page_/input_Username_j_username'

2021-01-22 11:53:57 - [MESSAGE][PASSED] - Text ****** has been set on object 'Object Repository/Page_/input_Password_j_password'

2021-01-22 11:53:57 - [MESSAGE][PASSED] - Object: 'Object Repository/Page_/button_Login' is clicked on

2021-01-22 11:53:57 - [MESSAGE][PASSED] - Login IST with valid credentials

2021-01-22 11:53:57 - [TEST_STEP][PASSED] - Login Success: Login Success

2021-01-22 11:53:57 - [MESSAGE][INFO] - Login Success

2021-01-22 11:53:58 - [MESSAGE][PASSED] - Current window maximized

2021-01-22 11:53:58 - [MESSAGE][PASSED] - Object 'Object Repository/Page_/h1_Welcome to IT Supporting Tools' is present

2021-01-22 11:53:58 - [MESSAGE][PASSED] - Login Success

2021-01-22 11:53:58 - [TEST_STEP][PASSED] - Select Arrow Menu "Real Time Disbursement": Select Arrow Menu "Real Time Disbursement"

2021-01-22 11:53:58 - [MESSAGE][PASSED] - Object: '' is clicked on

2021-01-22 11:53:58 - [MESSAGE][PASSED] - Select Arrow Menu "Real Time Disbursement"

2021-01-22 11:53:58 - [TEST_STEP][PASSED] - Select Menu "Dashboard for CCC/OCS": Select Menu "Dashboard for CCC/OCS"

2021-01-22 11:53:58 - [MESSAGE][PASSED] - Taking screenshot successfully
[[ATTACHMENT|/Users/chaidir.pratama01/Documents/Docs/Katalon Studio/Screenshot/test-Dashboard for CCC/OCS.png]]

2021-01-22 11:53:58 - [MESSAGE][PASSED] - Object '' is present

2021-01-22 11:53:58 - [MESSAGE][PASSED] - Object: '' is clicked on

2021-01-22 11:53:58 - [MESSAGE][PASSED] - Wait for page load successfully

2021-01-22 11:53:58 - [MESSAGE][PASSED] - Select Menu "Dashboard for CCC/OCS"

2021-01-22 11:53:58 - [TEST_STEP][PASSED] - Input Contract RTD in Contract Number label: Input Contract RTD in Contract Number label

2021-01-22 11:53:58 - [MESSAGE][PASSED] - Text '4000014162' is set on object ''

2021-01-22 11:53:58 - [MESSAGE][PASSED] - Input Contract RTD in Contract Number label

2021-01-22 11:53:58 - [TEST_STEP][PASSED] - Click button "Search": Click button "Search"

2021-01-22 11:53:58 - [MESSAGE][INFO] - >>>>>//Button[contains(text(),'Search')]

2021-01-22 11:54:01 - [MESSAGE][PASSED] - Object '' is present

2021-01-22 11:54:02 - [MESSAGE][PASSED] - Object: '' is clicked on

2021-01-22 11:54:02 - [MESSAGE][PASSED] - Switched to window with index: '0'

2021-01-22 11:54:02 - [MESSAGE][PASSED] - Click button "Search"

2021-01-22 11:54:02 - [TEST_STEP][PASSED] - Verify Table Filled: Verify Table Filled

2021-01-22 11:54:02 - [MESSAGE][PASSED] - Object '' is present

2021-01-22 11:54:02 - [MESSAGE][PASSED] - Verify Table Filled

2021-01-22 11:54:02 - [TEST_STEP][PASSED] - Click button "Export Data": Click button "Export Data"

2021-01-22 11:54:02 - [MESSAGE][INFO] - >>>>>//Button[contains(text(),'Export Data')]

2021-01-22 11:54:05 - [MESSAGE][PASSED] - Object: '' is clicked on

2021-01-22 11:54:05 - [MESSAGE][PASSED] - Taking screenshot successfully
[[ATTACHMENT|/Users/chaidir.pratama01/Documents/Docs/Katalon Studio/Screenshot/Download_data.png]]

2021-01-22 11:54:05 - [MESSAGE][PASSED] - Click button "Export Data"

2021-01-22 11:54:05 - [MESSAGE][PASSED] - Feature file: 'Include/features/IST_Real/RTD/Dashboard_for_CCC_OCS/Export_Data_CCC_OCS.feature' was passed]]></system-out>
         <system-err><![CDATA[]]></system-err>
      </testcase>
      <system-out><![CDATA[2021-01-22 11:50:13 - [TEST_SUITE][PASSED] - TS_Dashboard_for_CCC_OCS: Test Cases/RTD/Dashboard for CCC OCS/TC_Export_Data_CCC_OCS]]></system-out>
      <system-err><![CDATA[]]></system-err>
   </testsuite>
   <testsuite name="TS_Dashboard_for_BO_In_Payment" tests="5" failures="0" errors="0" time="243.116" timestamp="2021-01-22 11:54:53" hostname="chaidir.pratama01 - localhost" id="Test Suites/RTD/TS_Dashboard_for_BO_In_Payment">
      <properties>
         <property name="deviceName" value=""/>
         <property name="devicePlatform" value=""/>
         <property name="logFolder" value="/Users/chaidir.pratama01/Katalon Studio/IST_Automation_Git/Reports/20210122_113940/RTD/TS_Dashboard_for_BO_In_Payment/20210122_113944"/>
         <property name="logFiles" value="/Users/chaidir.pratama01/Katalon Studio/IST_Automation_Git/Reports/20210122_113940/RTD/TS_Dashboard_for_BO_In_Payment/20210122_113944/execution0.log"/>
         <property name="attachments" value="/Users/chaidir.pratama01/Documents/Docs/Katalon Studio/Screenshot/test-Dashboard for BO In Payment.png, /Users/chaidir.pratama01/Documents/Docs/Katalon Studio/Screenshot/test-Dashboard for BO In Payment.png, /Users/chaidir.pratama01/Documents/Docs/Katalon Studio/Screenshot/test-Dashboard for BO In Payment.png, /Users/chaidir.pratama01/Documents/Docs/Katalon Studio/Screenshot/test-Dashboard for BO In Payment.png, /Users/chaidir.pratama01/Documents/Docs/Katalon Studio/Screenshot/test-Dashboard for BO In Payment.png, /Users/chaidir.pratama01/Documents/Docs/Katalon Studio/Screenshot/test-Dashboard for BO In Payment.png, /Users/chaidir.pratama01/Documents/Docs/Katalon Studio/Screenshot/test-Dashboard for BO In Payment.png, /Users/chaidir.pratama01/Katalon Studio/IST_Automation_Git/Reports/20210122_113940/RTD/TS_Dashboard_for_BO_In_Payment/20210122_113944/1611291379576.png, /Users/chaidir.pratama01/Documents/Docs/Katalon Studio/Screenshot/test-Dashboard for BO In Payment.png, /Users/chaidir.pratama01/Katalon Studio/IST_Automation_Git/Reports/20210122_113940/RTD/TS_Dashboard_for_BO_In_Payment/20210122_113944/1611291393485.png, /Users/chaidir.pratama01/Documents/Docs/Katalon Studio/Screenshot/test-Dashboard for BO In Payment.png, /Users/chaidir.pratama01/Documents/Docs/Katalon Studio/Screenshot/test-Dashboard for BO In Payment.png, /Users/chaidir.pratama01/Documents/Docs/Katalon Studio/Screenshot/test-Dashboard for BO In Payment.png, /Users/chaidir.pratama01/Documents/Docs/Katalon Studio/Screenshot/test-Dashboard for BO In Payment.png, /Users/chaidir.pratama01/Documents/Docs/Katalon Studio/Screenshot/test-Dashboard for BO In Payment.png, /Users/chaidir.pratama01/Documents/Docs/Katalon Studio/Screenshot/Download_data.png, /Users/chaidir.pratama01/Documents/Docs/Katalon Studio/Screenshot/test-Dashboard for BO In Payment.png, /Users/chaidir.pratama01/Documents/Docs/Katalon Studio/Screenshot/errorpopup.png, /Users/chaidir.pratama01/Documents/Docs/Katalon Studio/Screenshot/test-Dashboard for BO In Payment.png, /Users/chaidir.pratama01/Documents/Docs/Katalon Studio/Screenshot/errorpopup.png, /Users/chaidir.pratama01/Documents/Docs/Katalon Studio/Screenshot/test-Dashboard for BO In Payment.png"/>
         <property name="hostName" value="chaidir.pratama01 - localhost"/>
         <property name="os" value="Mac OS X 64bit"/>
         <property name="katalonVersion" value="7.6.0.${buildNumber}"/>
         <property name="browser" value="Chrome 87.0.4280.141"/>
         <property name="hostAddress" value="127.0.0.1"/>
         <property name="sessionId" value="f93a8d0479d39c72f25c53fcc97c58bc"/>
         <property name="seleniumVersion" value="3.141.59"/>
         <property name="proxyInformation" value="ProxyInformation { proxyOption=NO_PROXY, proxyServerType=HTTP, username=, password=********, proxyServerAddress=, proxyServerPort=0, executionList=\&quot;\&quot;, isApplyToDesiredCapabilities=true }"/>
         <property name="platform" value="Mac OS X"/>
      </properties>
      <testcase name="Test Cases/RTD/Dashboard for BO in Payment/TC_Search_by_Status" time="145.781" classname="Test Cases/RTD/Dashboard for BO in Payment/TC_Search_by_Status" status="PASSED">
         <system-out><![CDATA[2021-01-22 11:54:53 - [TEST_CASE][PASSED] - Test Cases/RTD/Dashboard for BO in Payment/TC_Search_by_Status: Test Cases/RTD/Dashboard for BO in Payment/TC_Search_by_Status

2021-01-22 11:54:53 - [TEST_STEP][PASSED] - runFeatureFile("Include/features/IST_Real/RTD/Dashboard_for_BO_In_Payment/Search_by_Status.feature"): Feature file: 'Include/features/IST_Real/RTD/Dashboard_for_BO_In_Payment/Search_by_Status.feature' was passed

2021-01-22 11:54:53 - [MESSAGE][INFO] - Starting run keyword runFeatureFile: 'Include/features/IST_Real/RTD/Dashboard_for_BO_In_Payment/Search_by_Status.feature' and extract report to folder: '/Users/chaidir.pratama01/Katalon Studio/IST_Automation_Git/Reports/20210122_113940/RTD/TS_Dashboard_for_BO_In_Payment/20210122_113944/cucumber_report/1611291293557'...

2021-01-22 11:54:54 - [TEST_CASE][PASSED] - Start Test Case : SCENARIO Search by STATUS Eligible to Disburse: SCENARIO Search by STATUS Eligible to Disburse

2021-01-22 11:54:54 - [TEST_STEP][PASSED] - Go to ISTools: Go to ISTools

2021-01-22 11:54:54 - [MESSAGE][INFO] - Starting 'Chrome (headless)' driver

2021-01-22 11:54:54 - [MESSAGE][INFO] - User set preference: ['args', '[--start-maximized, --disable-gpu, --no-proxy-server, â€“-no-sandbox, --allow-running-insecure-content, --ignore-certificate-errors, window-size=1680,814, force-device-scale-factor=2, --lang=en-GB]']

2021-01-22 11:54:54 - [MESSAGE][INFO] - User set preference: ['prefs', '{download.default_directory=/Users/chaidir.pratama01/Katalon Studio/IST_Automation_Git/Download}']

2021-01-22 11:54:54 - [MESSAGE][INFO] - Action delay is set to 0 milliseconds

2021-01-22 11:54:55 - [MESSAGE][PASSED] - Browser is opened with url: ''

2021-01-22 11:54:57 - [MESSAGE][PASSED] - Navigate to 'https://dev-istools.homecredit.id/foundation/' successfully

2021-01-22 11:54:57 - [MESSAGE][PASSED] - Go to ISTools

2021-01-22 11:54:57 - [TEST_STEP][PASSED] - Login IST with valid credentials: Login IST with valid credentials

2021-01-22 11:54:57 - [MESSAGE][PASSED] - Text 'mobile.test' is set on object 'Object Repository/Page_/input_Username_j_username'

2021-01-22 11:54:57 - [MESSAGE][PASSED] - Text ****** has been set on object 'Object Repository/Page_/input_Password_j_password'

2021-01-22 11:54:57 - [MESSAGE][PASSED] - Object: 'Object Repository/Page_/button_Login' is clicked on

2021-01-22 11:54:57 - [MESSAGE][PASSED] - Login IST with valid credentials

2021-01-22 11:54:57 - [TEST_STEP][PASSED] - Login Success: Login Success

2021-01-22 11:54:57 - [MESSAGE][INFO] - Login Success

2021-01-22 11:54:58 - [MESSAGE][PASSED] - Current window maximized

2021-01-22 11:54:58 - [MESSAGE][PASSED] - Object 'Object Repository/Page_/h1_Welcome to IT Supporting Tools' is present

2021-01-22 11:54:58 - [MESSAGE][PASSED] - Login Success

2021-01-22 11:54:58 - [TEST_STEP][PASSED] - Select Arrow Menu "Real Time Disbursement": Select Arrow Menu "Real Time Disbursement"

2021-01-22 11:54:58 - [MESSAGE][PASSED] - Object: '' is clicked on

2021-01-22 11:54:58 - [MESSAGE][PASSED] - Select Arrow Menu "Real Time Disbursement"

2021-01-22 11:54:58 - [TEST_STEP][PASSED] - Select Menu "Dashboard for BO In Payment": Select Menu "Dashboard for BO In Payment"

2021-01-22 11:54:58 - [MESSAGE][PASSED] - Taking screenshot successfully
[[ATTACHMENT|/Users/chaidir.pratama01/Documents/Docs/Katalon Studio/Screenshot/test-Dashboard for BO In Payment.png]]

2021-01-22 11:54:58 - [MESSAGE][PASSED] - Object '' is present

2021-01-22 11:54:58 - [MESSAGE][PASSED] - Object: '' is clicked on

2021-01-22 11:54:58 - [MESSAGE][PASSED] - Wait for page load successfully

2021-01-22 11:54:58 - [MESSAGE][PASSED] - Select Menu "Dashboard for BO In Payment"

2021-01-22 11:54:58 - [TEST_STEP][PASSED] - Select STATUS "Eligible to disburse": Select STATUS "Eligible to disburse"

2021-01-22 11:54:59 - [MESSAGE][PASSED] - All options with value 'Eligible to disburse' are selected in object ''  using regular expression

2021-01-22 11:54:59 - [MESSAGE][PASSED] - Select STATUS "Eligible to disburse"

2021-01-22 11:54:59 - [TEST_STEP][PASSED] - Click button "Search": Click button "Search"

2021-01-22 11:54:59 - [MESSAGE][INFO] - >>>>>//Button[contains(text(),'Search')]

2021-01-22 11:55:02 - [MESSAGE][PASSED] - Object '' is present

2021-01-22 11:55:02 - [MESSAGE][PASSED] - Object: '' is clicked on

2021-01-22 11:55:02 - [MESSAGE][PASSED] - Switched to window with index: '0'

2021-01-22 11:55:02 - [MESSAGE][PASSED] - Click button "Search"

2021-01-22 11:55:02 - [TEST_STEP][PASSED] - Verify Search Result Presents: Verify Search Result Presents

2021-01-22 11:55:02 - [MESSAGE][PASSED] - Object '' is present

2021-01-22 11:55:09 - [MESSAGE][PASSED] - Verify Search Result Presents

2021-01-22 11:55:09 - [TEST_STEP][PASSED] - Click button "Logout": Click button "Logout"

2021-01-22 11:55:09 - [MESSAGE][INFO] - >>>>>//Button[contains(text(),'Logout')]

2021-01-22 11:55:12 - [MESSAGE][PASSED] - Object '' is present

2021-01-22 11:55:12 - [MESSAGE][PASSED] - Object: '' is clicked on

2021-01-22 11:55:12 - [MESSAGE][PASSED] - Switched to window with index: '0'

2021-01-22 11:55:12 - [MESSAGE][PASSED] - Click button "Logout"

2021-01-22 11:55:12 - [TEST_STEP][PASSED] - Close browser: Close browser

2021-01-22 11:55:12 - [MESSAGE][PASSED] - Browser is closed

2021-01-22 11:55:12 - [MESSAGE][PASSED] - Close browser

2021-01-22 11:55:12 - [TEST_CASE][PASSED] - Start Test Case : SCENARIO Search by STATUS Waiting validation from Risk: SCENARIO Search by STATUS Waiting validation from Risk

2021-01-22 11:55:12 - [TEST_STEP][PASSED] - Go to ISTools: Go to ISTools

2021-01-22 11:55:12 - [MESSAGE][INFO] - Starting 'Chrome (headless)' driver

2021-01-22 11:55:12 - [MESSAGE][INFO] - User set preference: ['args', '[--start-maximized, --disable-gpu, --no-proxy-server, â€“-no-sandbox, --allow-running-insecure-content, --ignore-certificate-errors, window-size=1680,814, force-device-scale-factor=2, --lang=en-GB]']

2021-01-22 11:55:12 - [MESSAGE][INFO] - User set preference: ['prefs', '{download.default_directory=/Users/chaidir.pratama01/Katalon Studio/IST_Automation_Git/Download}']

2021-01-22 11:55:12 - [MESSAGE][INFO] - Action delay is set to 0 milliseconds

2021-01-22 11:55:13 - [MESSAGE][PASSED] - Browser is opened with url: ''

2021-01-22 11:55:13 - [MESSAGE][PASSED] - Navigate to 'https://dev-istools.homecredit.id/foundation/' successfully

2021-01-22 11:55:13 - [MESSAGE][PASSED] - Go to ISTools

2021-01-22 11:55:13 - [TEST_STEP][PASSED] - Login IST with valid credentials: Login IST with valid credentials

2021-01-22 11:55:14 - [MESSAGE][PASSED] - Text 'mobile.test' is set on object 'Object Repository/Page_/input_Username_j_username'

2021-01-22 11:55:14 - [MESSAGE][PASSED] - Text ****** has been set on object 'Object Repository/Page_/input_Password_j_password'

2021-01-22 11:55:14 - [MESSAGE][PASSED] - Object: 'Object Repository/Page_/button_Login' is clicked on

2021-01-22 11:55:14 - [MESSAGE][PASSED] - Login IST with valid credentials

2021-01-22 11:55:14 - [TEST_STEP][PASSED] - Login Success: Login Success

2021-01-22 11:55:14 - [MESSAGE][INFO] - Login Success

2021-01-22 11:55:14 - [MESSAGE][PASSED] - Current window maximized

2021-01-22 11:55:14 - [MESSAGE][PASSED] - Object 'Object Repository/Page_/h1_Welcome to IT Supporting Tools' is present

2021-01-22 11:55:14 - [MESSAGE][PASSED] - Login Success

2021-01-22 11:55:14 - [TEST_STEP][PASSED] - Select Arrow Menu "Real Time Disbursement": Select Arrow Menu "Real Time Disbursement"

2021-01-22 11:55:14 - [MESSAGE][PASSED] - Object: '' is clicked on

2021-01-22 11:55:14 - [MESSAGE][PASSED] - Select Arrow Menu "Real Time Disbursement"

2021-01-22 11:55:14 - [TEST_STEP][PASSED] - Select Menu "Dashboard for BO In Payment": Select Menu "Dashboard for BO In Payment"

2021-01-22 11:55:15 - [MESSAGE][PASSED] - Taking screenshot successfully
[[ATTACHMENT|/Users/chaidir.pratama01/Documents/Docs/Katalon Studio/Screenshot/test-Dashboard for BO In Payment.png]]

2021-01-22 11:55:15 - [MESSAGE][PASSED] - Object '' is present

2021-01-22 11:55:15 - [MESSAGE][PASSED] - Object: '' is clicked on

2021-01-22 11:55:15 - [MESSAGE][PASSED] - Wait for page load successfully

2021-01-22 11:55:15 - [MESSAGE][PASSED] - Select Menu "Dashboard for BO In Payment"

2021-01-22 11:55:15 - [TEST_STEP][PASSED] - Select STATUS "Waiting validation from Risk": Select STATUS "Waiting validation from Risk"

2021-01-22 11:55:15 - [MESSAGE][PASSED] - All options with value 'Waiting validation from Risk' are selected in object ''  using regular expression

2021-01-22 11:55:15 - [MESSAGE][PASSED] - Select STATUS "Waiting validation from Risk"

2021-01-22 11:55:15 - [TEST_STEP][PASSED] - Click button "Search": Click button "Search"

2021-01-22 11:55:15 - [MESSAGE][INFO] - >>>>>//Button[contains(text(),'Search')]

2021-01-22 11:55:18 - [MESSAGE][PASSED] - Object '' is present

2021-01-22 11:55:18 - [MESSAGE][PASSED] - Object: '' is clicked on

2021-01-22 11:55:18 - [MESSAGE][PASSED] - Switched to window with index: '0'

2021-01-22 11:55:18 - [MESSAGE][PASSED] - Click button "Search"

2021-01-22 11:55:18 - [TEST_STEP][PASSED] - Verify Search Result Presents: Verify Search Result Presents

2021-01-22 11:55:19 - [MESSAGE][PASSED] - Object '' is present

2021-01-22 11:55:21 - [MESSAGE][PASSED] - Verify Search Result Presents

2021-01-22 11:55:21 - [TEST_STEP][PASSED] - Click button "Logout": Click button "Logout"

2021-01-22 11:55:21 - [MESSAGE][INFO] - >>>>>//Button[contains(text(),'Logout')]

2021-01-22 11:55:24 - [MESSAGE][PASSED] - Object '' is present

2021-01-22 11:55:24 - [MESSAGE][PASSED] - Object: '' is clicked on

2021-01-22 11:55:24 - [MESSAGE][PASSED] - Switched to window with index: '0'

2021-01-22 11:55:24 - [MESSAGE][PASSED] - Click button "Logout"

2021-01-22 11:55:24 - [TEST_STEP][PASSED] - Close browser: Close browser

2021-01-22 11:55:24 - [MESSAGE][PASSED] - Browser is closed

2021-01-22 11:55:24 - [MESSAGE][PASSED] - Close browser

2021-01-22 11:55:24 - [TEST_CASE][PASSED] - Start Test Case : SCENARIO Search by STATUS Waiting validation from In Payment: SCENARIO Search by STATUS Waiting validation from In Payment

2021-01-22 11:55:24 - [TEST_STEP][PASSED] - Go to ISTools: Go to ISTools

2021-01-22 11:55:24 - [MESSAGE][INFO] - Starting 'Chrome (headless)' driver

2021-01-22 11:55:24 - [MESSAGE][INFO] - User set preference: ['args', '[--start-maximized, --disable-gpu, --no-proxy-server, â€“-no-sandbox, --allow-running-insecure-content, --ignore-certificate-errors, window-size=1680,814, force-device-scale-factor=2, --lang=en-GB]']

2021-01-22 11:55:24 - [MESSAGE][INFO] - User set preference: ['prefs', '{download.default_directory=/Users/chaidir.pratama01/Katalon Studio/IST_Automation_Git/Download}']

2021-01-22 11:55:24 - [MESSAGE][INFO] - Action delay is set to 0 milliseconds

2021-01-22 11:55:25 - [MESSAGE][PASSED] - Browser is opened with url: ''

2021-01-22 11:55:25 - [MESSAGE][PASSED] - Navigate to 'https://dev-istools.homecredit.id/foundation/' successfully

2021-01-22 11:55:25 - [MESSAGE][PASSED] - Go to ISTools

2021-01-22 11:55:25 - [TEST_STEP][PASSED] - Login IST with valid credentials: Login IST with valid credentials

2021-01-22 11:55:25 - [MESSAGE][PASSED] - Text 'mobile.test' is set on object 'Object Repository/Page_/input_Username_j_username'

2021-01-22 11:55:26 - [MESSAGE][PASSED] - Text ****** has been set on object 'Object Repository/Page_/input_Password_j_password'

2021-01-22 11:55:26 - [MESSAGE][PASSED] - Object: 'Object Repository/Page_/button_Login' is clicked on

2021-01-22 11:55:26 - [MESSAGE][PASSED] - Login IST with valid credentials

2021-01-22 11:55:26 - [TEST_STEP][PASSED] - Login Success: Login Success

2021-01-22 11:55:26 - [MESSAGE][INFO] - Login Success

2021-01-22 11:55:26 - [MESSAGE][PASSED] - Current window maximized

2021-01-22 11:55:26 - [MESSAGE][PASSED] - Object 'Object Repository/Page_/h1_Welcome to IT Supporting Tools' is present

2021-01-22 11:55:26 - [MESSAGE][PASSED] - Login Success

2021-01-22 11:55:26 - [TEST_STEP][PASSED] - Select Arrow Menu "Real Time Disbursement": Select Arrow Menu "Real Time Disbursement"

2021-01-22 11:55:26 - [MESSAGE][PASSED] - Object: '' is clicked on

2021-01-22 11:55:26 - [MESSAGE][PASSED] - Select Arrow Menu "Real Time Disbursement"

2021-01-22 11:55:26 - [TEST_STEP][PASSED] - Select Menu "Dashboard for BO In Payment": Select Menu "Dashboard for BO In Payment"

2021-01-22 11:55:27 - [MESSAGE][PASSED] - Taking screenshot successfully
[[ATTACHMENT|/Users/chaidir.pratama01/Documents/Docs/Katalon Studio/Screenshot/test-Dashboard for BO In Payment.png]]

2021-01-22 11:55:27 - [MESSAGE][PASSED] - Object '' is present

2021-01-22 11:55:27 - [MESSAGE][PASSED] - Object: '' is clicked on

2021-01-22 11:55:27 - [MESSAGE][PASSED] - Wait for page load successfully

2021-01-22 11:55:27 - [MESSAGE][PASSED] - Select Menu "Dashboard for BO In Payment"

2021-01-22 11:55:27 - [TEST_STEP][PASSED] - Select STATUS "Waiting validation from In Payment": Select STATUS "Waiting validation from In Payment"

2021-01-22 11:55:27 - [MESSAGE][PASSED] - All options with value 'Waiting validation from In Payment' are selected in object ''  using regular expression

2021-01-22 11:55:27 - [MESSAGE][PASSED] - Select STATUS "Waiting validation from In Payment"

2021-01-22 11:55:27 - [TEST_STEP][PASSED] - Click button "Search": Click button "Search"

2021-01-22 11:55:27 - [MESSAGE][INFO] - >>>>>//Button[contains(text(),'Search')]

2021-01-22 11:55:30 - [MESSAGE][PASSED] - Object '' is present

2021-01-22 11:55:30 - [MESSAGE][PASSED] - Object: '' is clicked on

2021-01-22 11:55:30 - [MESSAGE][PASSED] - Switched to window with index: '0'

2021-01-22 11:55:30 - [MESSAGE][PASSED] - Click button "Search"

2021-01-22 11:55:30 - [TEST_STEP][PASSED] - Verify Search Result Presents: Verify Search Result Presents

2021-01-22 11:55:30 - [MESSAGE][PASSED] - Object '' is present

2021-01-22 11:55:31 - [MESSAGE][PASSED] - Verify Search Result Presents

2021-01-22 11:55:31 - [TEST_STEP][PASSED] - Click button "Logout": Click button "Logout"

2021-01-22 11:55:31 - [MESSAGE][INFO] - >>>>>//Button[contains(text(),'Logout')]

2021-01-22 11:55:34 - [MESSAGE][PASSED] - Object '' is present

2021-01-22 11:55:34 - [MESSAGE][PASSED] - Object: '' is clicked on

2021-01-22 11:55:34 - [MESSAGE][PASSED] - Switched to window with index: '0'

2021-01-22 11:55:34 - [MESSAGE][PASSED] - Click button "Logout"

2021-01-22 11:55:34 - [TEST_STEP][PASSED] - Close browser: Close browser

2021-01-22 11:55:34 - [MESSAGE][PASSED] - Browser is closed

2021-01-22 11:55:34 - [MESSAGE][PASSED] - Close browser

2021-01-22 11:55:34 - [TEST_CASE][PASSED] - Start Test Case : SCENARIO Search by STATUS Ready to disburse: SCENARIO Search by STATUS Ready to disburse

2021-01-22 11:55:34 - [TEST_STEP][PASSED] - Go to ISTools: Go to ISTools

2021-01-22 11:55:34 - [MESSAGE][INFO] - Starting 'Chrome (headless)' driver

2021-01-22 11:55:34 - [MESSAGE][INFO] - User set preference: ['args', '[--start-maximized, --disable-gpu, --no-proxy-server, â€“-no-sandbox, --allow-running-insecure-content, --ignore-certificate-errors, window-size=1680,814, force-device-scale-factor=2, --lang=en-GB]']

2021-01-22 11:55:34 - [MESSAGE][INFO] - User set preference: ['prefs', '{download.default_directory=/Users/chaidir.pratama01/Katalon Studio/IST_Automation_Git/Download}']

2021-01-22 11:55:34 - [MESSAGE][INFO] - Action delay is set to 0 milliseconds

2021-01-22 11:55:34 - [MESSAGE][PASSED] - Browser is opened with url: ''

2021-01-22 11:55:35 - [MESSAGE][PASSED] - Navigate to 'https://dev-istools.homecredit.id/foundation/' successfully

2021-01-22 11:55:35 - [MESSAGE][PASSED] - Go to ISTools

2021-01-22 11:55:35 - [TEST_STEP][PASSED] - Login IST with valid credentials: Login IST with valid credentials

2021-01-22 11:55:35 - [MESSAGE][PASSED] - Text 'mobile.test' is set on object 'Object Repository/Page_/input_Username_j_username'

2021-01-22 11:55:35 - [MESSAGE][PASSED] - Text ****** has been set on object 'Object Repository/Page_/input_Password_j_password'

2021-01-22 11:55:36 - [MESSAGE][PASSED] - Object: 'Object Repository/Page_/button_Login' is clicked on

2021-01-22 11:55:36 - [MESSAGE][PASSED] - Login IST with valid credentials

2021-01-22 11:55:36 - [TEST_STEP][PASSED] - Login Success: Login Success

2021-01-22 11:55:36 - [MESSAGE][INFO] - Login Success

2021-01-22 11:55:36 - [MESSAGE][PASSED] - Current window maximized

2021-01-22 11:55:36 - [MESSAGE][PASSED] - Object 'Object Repository/Page_/h1_Welcome to IT Supporting Tools' is present

2021-01-22 11:55:36 - [MESSAGE][PASSED] - Login Success

2021-01-22 11:55:36 - [TEST_STEP][PASSED] - Select Arrow Menu "Real Time Disbursement": Select Arrow Menu "Real Time Disbursement"

2021-01-22 11:55:36 - [MESSAGE][PASSED] - Object: '' is clicked on

2021-01-22 11:55:36 - [MESSAGE][PASSED] - Select Arrow Menu "Real Time Disbursement"

2021-01-22 11:55:36 - [TEST_STEP][PASSED] - Select Menu "Dashboard for BO In Payment": Select Menu "Dashboard for BO In Payment"

2021-01-22 11:55:37 - [MESSAGE][PASSED] - Taking screenshot successfully
[[ATTACHMENT|/Users/chaidir.pratama01/Documents/Docs/Katalon Studio/Screenshot/test-Dashboard for BO In Payment.png]]

2021-01-22 11:55:37 - [MESSAGE][PASSED] - Object '' is present

2021-01-22 11:55:37 - [MESSAGE][PASSED] - Object: '' is clicked on

2021-01-22 11:55:37 - [MESSAGE][PASSED] - Wait for page load successfully

2021-01-22 11:55:37 - [MESSAGE][PASSED] - Select Menu "Dashboard for BO In Payment"

2021-01-22 11:55:37 - [TEST_STEP][PASSED] - Select STATUS "Ready to disburse": Select STATUS "Ready to disburse"

2021-01-22 11:55:37 - [MESSAGE][PASSED] - All options with value 'Ready to disburse' are selected in object ''  using regular expression

2021-01-22 11:55:37 - [MESSAGE][PASSED] - Select STATUS "Ready to disburse"

2021-01-22 11:55:37 - [TEST_STEP][PASSED] - Click button "Search": Click button "Search"

2021-01-22 11:55:37 - [MESSAGE][INFO] - >>>>>//Button[contains(text(),'Search')]

2021-01-22 11:55:40 - [MESSAGE][PASSED] - Object '' is present

2021-01-22 11:55:40 - [MESSAGE][PASSED] - Object: '' is clicked on

2021-01-22 11:55:40 - [MESSAGE][PASSED] - Switched to window with index: '0'

2021-01-22 11:55:40 - [MESSAGE][PASSED] - Click button "Search"

2021-01-22 11:55:40 - [TEST_STEP][PASSED] - Verify Search Result Presents: Verify Search Result Presents

2021-01-22 11:55:40 - [MESSAGE][PASSED] - Object '' is present

2021-01-22 11:55:43 - [MESSAGE][PASSED] - Verify Search Result Presents

2021-01-22 11:55:43 - [TEST_STEP][PASSED] - Click button "Logout": Click button "Logout"

2021-01-22 11:55:43 - [MESSAGE][INFO] - >>>>>//Button[contains(text(),'Logout')]

2021-01-22 11:55:46 - [MESSAGE][PASSED] - Object '' is present

2021-01-22 11:55:46 - [MESSAGE][PASSED] - Object: '' is clicked on

2021-01-22 11:55:46 - [MESSAGE][PASSED] - Switched to window with index: '0'

2021-01-22 11:55:46 - [MESSAGE][PASSED] - Click button "Logout"

2021-01-22 11:55:46 - [TEST_STEP][PASSED] - Close browser: Close browser

2021-01-22 11:55:46 - [MESSAGE][PASSED] - Browser is closed

2021-01-22 11:55:46 - [MESSAGE][PASSED] - Close browser

2021-01-22 11:55:46 - [TEST_CASE][PASSED] - Start Test Case : SCENARIO Search by STATUS Failed due to invalid bank account: SCENARIO Search by STATUS Failed due to invalid bank account

2021-01-22 11:55:46 - [TEST_STEP][PASSED] - Go to ISTools: Go to ISTools

2021-01-22 11:55:46 - [MESSAGE][INFO] - Starting 'Chrome (headless)' driver

2021-01-22 11:55:46 - [MESSAGE][INFO] - User set preference: ['args', '[--start-maximized, --disable-gpu, --no-proxy-server, â€“-no-sandbox, --allow-running-insecure-content, --ignore-certificate-errors, window-size=1680,814, force-device-scale-factor=2, --lang=en-GB]']

2021-01-22 11:55:46 - [MESSAGE][INFO] - User set preference: ['prefs', '{download.default_directory=/Users/chaidir.pratama01/Katalon Studio/IST_Automation_Git/Download}']

2021-01-22 11:55:46 - [MESSAGE][INFO] - Action delay is set to 0 milliseconds

2021-01-22 11:55:46 - [MESSAGE][PASSED] - Browser is opened with url: ''

2021-01-22 11:55:47 - [MESSAGE][PASSED] - Navigate to 'https://dev-istools.homecredit.id/foundation/' successfully

2021-01-22 11:55:47 - [MESSAGE][PASSED] - Go to ISTools

2021-01-22 11:55:47 - [TEST_STEP][PASSED] - Login IST with valid credentials: Login IST with valid credentials

2021-01-22 11:55:47 - [MESSAGE][PASSED] - Text 'mobile.test' is set on object 'Object Repository/Page_/input_Username_j_username'

2021-01-22 11:55:47 - [MESSAGE][PASSED] - Text ****** has been set on object 'Object Repository/Page_/input_Password_j_password'

2021-01-22 11:55:48 - [MESSAGE][PASSED] - Object: 'Object Repository/Page_/button_Login' is clicked on

2021-01-22 11:55:48 - [MESSAGE][PASSED] - Login IST with valid credentials

2021-01-22 11:55:48 - [TEST_STEP][PASSED] - Login Success: Login Success

2021-01-22 11:55:48 - [MESSAGE][INFO] - Login Success

2021-01-22 11:55:48 - [MESSAGE][PASSED] - Current window maximized

2021-01-22 11:55:48 - [MESSAGE][PASSED] - Object 'Object Repository/Page_/h1_Welcome to IT Supporting Tools' is present

2021-01-22 11:55:48 - [MESSAGE][PASSED] - Login Success

2021-01-22 11:55:48 - [TEST_STEP][PASSED] - Select Arrow Menu "Real Time Disbursement": Select Arrow Menu "Real Time Disbursement"

2021-01-22 11:55:48 - [MESSAGE][PASSED] - Object: '' is clicked on

2021-01-22 11:55:48 - [MESSAGE][PASSED] - Select Arrow Menu "Real Time Disbursement"

2021-01-22 11:55:48 - [TEST_STEP][PASSED] - Select Menu "Dashboard for BO In Payment": Select Menu "Dashboard for BO In Payment"

2021-01-22 11:55:48 - [MESSAGE][PASSED] - Taking screenshot successfully
[[ATTACHMENT|/Users/chaidir.pratama01/Documents/Docs/Katalon Studio/Screenshot/test-Dashboard for BO In Payment.png]]

2021-01-22 11:55:48 - [MESSAGE][PASSED] - Object '' is present

2021-01-22 11:55:48 - [MESSAGE][PASSED] - Object: '' is clicked on

2021-01-22 11:55:48 - [MESSAGE][PASSED] - Wait for page load successfully

2021-01-22 11:55:48 - [MESSAGE][PASSED] - Select Menu "Dashboard for BO In Payment"

2021-01-22 11:55:48 - [TEST_STEP][PASSED] - Select STATUS "Failed due to invalid bank account": Select STATUS "Failed due to invalid bank account"

2021-01-22 11:55:49 - [MESSAGE][PASSED] - All options with value 'Failed due to invalid bank account' are selected in object ''  using regular expression

2021-01-22 11:55:49 - [MESSAGE][PASSED] - Select STATUS "Failed due to invalid bank account"

2021-01-22 11:55:49 - [TEST_STEP][PASSED] - Click button "Search": Click button "Search"

2021-01-22 11:55:49 - [MESSAGE][INFO] - >>>>>//Button[contains(text(),'Search')]

2021-01-22 11:55:52 - [MESSAGE][PASSED] - Object '' is present

2021-01-22 11:55:52 - [MESSAGE][PASSED] - Object: '' is clicked on

2021-01-22 11:55:52 - [MESSAGE][PASSED] - Switched to window with index: '0'

2021-01-22 11:55:52 - [MESSAGE][PASSED] - Click button "Search"

2021-01-22 11:55:52 - [TEST_STEP][PASSED] - Verify Search Result Presents: Verify Search Result Presents

2021-01-22 11:55:52 - [MESSAGE][PASSED] - Object '' is present

2021-01-22 11:55:53 - [MESSAGE][PASSED] - Verify Search Result Presents

2021-01-22 11:55:53 - [TEST_STEP][PASSED] - Click button "Logout": Click button "Logout"

2021-01-22 11:55:53 - [MESSAGE][INFO] - >>>>>//Button[contains(text(),'Logout')]

2021-01-22 11:55:56 - [MESSAGE][PASSED] - Object '' is present

2021-01-22 11:55:56 - [MESSAGE][PASSED] - Object: '' is clicked on

2021-01-22 11:55:56 - [MESSAGE][PASSED] - Switched to window with index: '0'

2021-01-22 11:55:56 - [MESSAGE][PASSED] - Click button "Logout"

2021-01-22 11:55:56 - [TEST_STEP][PASSED] - Close browser: Close browser

2021-01-22 11:55:57 - [MESSAGE][PASSED] - Browser is closed

2021-01-22 11:55:57 - [MESSAGE][PASSED] - Close browser

2021-01-22 11:55:57 - [TEST_CASE][PASSED] - Start Test Case : SCENARIO Search by STATUS Failed due to system error: SCENARIO Search by STATUS Failed due to system error

2021-01-22 11:55:57 - [TEST_STEP][PASSED] - Go to ISTools: Go to ISTools

2021-01-22 11:55:57 - [MESSAGE][INFO] - Starting 'Chrome (headless)' driver

2021-01-22 11:55:57 - [MESSAGE][INFO] - User set preference: ['args', '[--start-maximized, --disable-gpu, --no-proxy-server, â€“-no-sandbox, --allow-running-insecure-content, --ignore-certificate-errors, window-size=1680,814, force-device-scale-factor=2, --lang=en-GB]']

2021-01-22 11:55:57 - [MESSAGE][INFO] - User set preference: ['prefs', '{download.default_directory=/Users/chaidir.pratama01/Katalon Studio/IST_Automation_Git/Download}']

2021-01-22 11:55:57 - [MESSAGE][INFO] - Action delay is set to 0 milliseconds

2021-01-22 11:55:57 - [MESSAGE][PASSED] - Browser is opened with url: ''

2021-01-22 11:55:58 - [MESSAGE][PASSED] - Navigate to 'https://dev-istools.homecredit.id/foundation/' successfully

2021-01-22 11:55:58 - [MESSAGE][PASSED] - Go to ISTools

2021-01-22 11:55:58 - [TEST_STEP][PASSED] - Login IST with valid credentials: Login IST with valid credentials

2021-01-22 11:55:58 - [MESSAGE][PASSED] - Text 'mobile.test' is set on object 'Object Repository/Page_/input_Username_j_username'

2021-01-22 11:55:58 - [MESSAGE][PASSED] - Text ****** has been set on object 'Object Repository/Page_/input_Password_j_password'

2021-01-22 11:55:58 - [MESSAGE][PASSED] - Object: 'Object Repository/Page_/button_Login' is clicked on

2021-01-22 11:55:58 - [MESSAGE][PASSED] - Login IST with valid credentials

2021-01-22 11:55:58 - [TEST_STEP][PASSED] - Login Success: Login Success

2021-01-22 11:55:58 - [MESSAGE][INFO] - Login Success

2021-01-22 11:55:58 - [MESSAGE][PASSED] - Current window maximized

2021-01-22 11:55:58 - [MESSAGE][PASSED] - Object 'Object Repository/Page_/h1_Welcome to IT Supporting Tools' is present

2021-01-22 11:55:58 - [MESSAGE][PASSED] - Login Success

2021-01-22 11:55:58 - [TEST_STEP][PASSED] - Select Arrow Menu "Real Time Disbursement": Select Arrow Menu "Real Time Disbursement"

2021-01-22 11:55:58 - [MESSAGE][PASSED] - Object: '' is clicked on

2021-01-22 11:55:58 - [MESSAGE][PASSED] - Select Arrow Menu "Real Time Disbursement"

2021-01-22 11:55:58 - [TEST_STEP][PASSED] - Select Menu "Dashboard for BO In Payment": Select Menu "Dashboard for BO In Payment"

2021-01-22 11:55:59 - [MESSAGE][PASSED] - Taking screenshot successfully
[[ATTACHMENT|/Users/chaidir.pratama01/Documents/Docs/Katalon Studio/Screenshot/test-Dashboard for BO In Payment.png]]

2021-01-22 11:55:59 - [MESSAGE][PASSED] - Object '' is present

2021-01-22 11:55:59 - [MESSAGE][PASSED] - Object: '' is clicked on

2021-01-22 11:55:59 - [MESSAGE][PASSED] - Wait for page load successfully

2021-01-22 11:55:59 - [MESSAGE][PASSED] - Select Menu "Dashboard for BO In Payment"

2021-01-22 11:55:59 - [TEST_STEP][PASSED] - Select STATUS "Failed due to system error": Select STATUS "Failed due to system error"

2021-01-22 11:55:59 - [MESSAGE][PASSED] - All options with value 'Failed due to system error' are selected in object ''  using regular expression

2021-01-22 11:55:59 - [MESSAGE][PASSED] - Select STATUS "Failed due to system error"

2021-01-22 11:55:59 - [TEST_STEP][PASSED] - Click button "Search": Click button "Search"

2021-01-22 11:55:59 - [MESSAGE][INFO] - >>>>>//Button[contains(text(),'Search')]

2021-01-22 11:56:02 - [MESSAGE][PASSED] - Object '' is present

2021-01-22 11:56:02 - [MESSAGE][PASSED] - Object: '' is clicked on

2021-01-22 11:56:02 - [MESSAGE][PASSED] - Switched to window with index: '0'

2021-01-22 11:56:02 - [MESSAGE][PASSED] - Click button "Search"

2021-01-22 11:56:02 - [TEST_STEP][PASSED] - Verify Search Result Presents: Verify Search Result Presents

2021-01-22 11:56:03 - [MESSAGE][PASSED] - Object '' is present

2021-01-22 11:56:06 - [MESSAGE][PASSED] - Verify Search Result Presents

2021-01-22 11:56:06 - [TEST_STEP][PASSED] - Click button "Logout": Click button "Logout"

2021-01-22 11:56:06 - [MESSAGE][INFO] - >>>>>//Button[contains(text(),'Logout')]

2021-01-22 11:56:09 - [MESSAGE][PASSED] - Object '' is present

2021-01-22 11:56:09 - [MESSAGE][PASSED] - Object: '' is clicked on

2021-01-22 11:56:09 - [MESSAGE][PASSED] - Switched to window with index: '0'

2021-01-22 11:56:09 - [MESSAGE][PASSED] - Click button "Logout"

2021-01-22 11:56:09 - [TEST_STEP][PASSED] - Close browser: Close browser

2021-01-22 11:56:09 - [MESSAGE][PASSED] - Browser is closed

2021-01-22 11:56:09 - [MESSAGE][PASSED] - Close browser

2021-01-22 11:56:09 - [TEST_CASE][PASSED] - Start Test Case : SCENARIO Search by STATUS Failed due to insufficient fund: SCENARIO Search by STATUS Failed due to insufficient fund

2021-01-22 11:56:09 - [TEST_STEP][PASSED] - Go to ISTools: Go to ISTools

2021-01-22 11:56:09 - [MESSAGE][INFO] - Starting 'Chrome (headless)' driver

2021-01-22 11:56:09 - [MESSAGE][INFO] - User set preference: ['args', '[--start-maximized, --disable-gpu, --no-proxy-server, â€“-no-sandbox, --allow-running-insecure-content, --ignore-certificate-errors, window-size=1680,814, force-device-scale-factor=2, --lang=en-GB]']

2021-01-22 11:56:09 - [MESSAGE][INFO] - User set preference: ['prefs', '{download.default_directory=/Users/chaidir.pratama01/Katalon Studio/IST_Automation_Git/Download}']

2021-01-22 11:56:09 - [MESSAGE][INFO] - Action delay is set to 0 milliseconds

2021-01-22 11:56:09 - [MESSAGE][PASSED] - Browser is opened with url: ''

2021-01-22 11:56:10 - [MESSAGE][PASSED] - Navigate to 'https://dev-istools.homecredit.id/foundation/' successfully

2021-01-22 11:56:10 - [MESSAGE][PASSED] - Go to ISTools

2021-01-22 11:56:10 - [TEST_STEP][PASSED] - Login IST with valid credentials: Login IST with valid credentials

2021-01-22 11:56:10 - [MESSAGE][PASSED] - Text 'mobile.test' is set on object 'Object Repository/Page_/input_Username_j_username'

2021-01-22 11:56:10 - [MESSAGE][PASSED] - Text ****** has been set on object 'Object Repository/Page_/input_Password_j_password'

2021-01-22 11:56:11 - [MESSAGE][PASSED] - Object: 'Object Repository/Page_/button_Login' is clicked on

2021-01-22 11:56:11 - [MESSAGE][PASSED] - Login IST with valid credentials

2021-01-22 11:56:11 - [TEST_STEP][PASSED] - Login Success: Login Success

2021-01-22 11:56:11 - [MESSAGE][INFO] - Login Success

2021-01-22 11:56:11 - [MESSAGE][PASSED] - Current window maximized

2021-01-22 11:56:11 - [MESSAGE][PASSED] - Object 'Object Repository/Page_/h1_Welcome to IT Supporting Tools' is present

2021-01-22 11:56:11 - [MESSAGE][PASSED] - Login Success

2021-01-22 11:56:11 - [TEST_STEP][PASSED] - Select Arrow Menu "Real Time Disbursement": Select Arrow Menu "Real Time Disbursement"

2021-01-22 11:56:11 - [MESSAGE][PASSED] - Object: '' is clicked on

2021-01-22 11:56:11 - [MESSAGE][PASSED] - Select Arrow Menu "Real Time Disbursement"

2021-01-22 11:56:11 - [TEST_STEP][PASSED] - Select Menu "Dashboard for BO In Payment": Select Menu "Dashboard for BO In Payment"

2021-01-22 11:56:11 - [MESSAGE][PASSED] - Taking screenshot successfully
[[ATTACHMENT|/Users/chaidir.pratama01/Documents/Docs/Katalon Studio/Screenshot/test-Dashboard for BO In Payment.png]]

2021-01-22 11:56:12 - [MESSAGE][PASSED] - Object '' is present

2021-01-22 11:56:12 - [MESSAGE][PASSED] - Object: '' is clicked on

2021-01-22 11:56:12 - [MESSAGE][PASSED] - Wait for page load successfully

2021-01-22 11:56:12 - [MESSAGE][PASSED] - Select Menu "Dashboard for BO In Payment"

2021-01-22 11:56:12 - [TEST_STEP][PASSED] - Select STATUS "Failed due to insufficient fund": Select STATUS "Failed due to insufficient fund"

2021-01-22 11:56:12 - [MESSAGE][PASSED] - All options with value 'Failed due to insufficient fund' are selected in object ''  using regular expression

2021-01-22 11:56:12 - [MESSAGE][PASSED] - Select STATUS "Failed due to insufficient fund"

2021-01-22 11:56:12 - [TEST_STEP][PASSED] - Click button "Search": Click button "Search"

2021-01-22 11:56:12 - [MESSAGE][INFO] - >>>>>//Button[contains(text(),'Search')]

2021-01-22 11:56:15 - [MESSAGE][PASSED] - Object '' is present

2021-01-22 11:56:15 - [MESSAGE][PASSED] - Object: '' is clicked on

2021-01-22 11:56:15 - [MESSAGE][PASSED] - Switched to window with index: '0'

2021-01-22 11:56:15 - [MESSAGE][PASSED] - Click button "Search"

2021-01-22 11:56:15 - [TEST_STEP][PASSED] - Verify Search Result Presents: Verify Search Result Presents

2021-01-22 11:56:19 - [MESSAGE][INFO] - Unable to find the element located by 'By.xpath: //td[@style='display:none' and contains(text(),'-Empty-')]'. Please recheck the objects properties to make sure the desired element is located. 

2021-01-22 11:56:20 - [MESSAGE][WARNING] - com.kms.katalon.core.webui.exception.WebElementNotFoundException: Web element with id: '' located by '//td[@style='display:none' and contains(text(),'-Empty-')]' not found (Root cause: com.kms.katalon.core.exception.StepFailedException: com.kms.katalon.core.webui.exception.WebElementNotFoundException: Web element with id: '' located by '//td[@style='display:none' and contains(text(),'-Empty-')]' not found
	at com.kms.katalon.core.webui.keyword.internal.WebUIKeywordMain.stepFailed(WebUIKeywordMain.groovy:64)
	at com.kms.katalon.core.webui.keyword.builtin.VerifyElementPresentKeyword$_verifyElementPresent_closure1.doCall(VerifyElementPresentKeyword.groovy:85)
	at com.kms.katalon.core.webui.keyword.builtin.VerifyElementPresentKeyword$_verifyElementPresent_closure1.call(VerifyElementPresentKeyword.groovy)
	at com.kms.katalon.core.webui.keyword.internal.WebUIKeywordMain.runKeyword(WebUIKeywordMain.groovy:20)
	at com.kms.katalon.core.webui.keyword.builtin.VerifyElementPresentKeyword.verifyElementPresent(VerifyElementPresentKeyword.groovy:92)
	at com.kms.katalon.core.webui.keyword.builtin.VerifyElementPresentKeyword.execute(VerifyElementPresentKeyword.groovy:68)
	at com.kms.katalon.core.keyword.internal.KeywordExecutor.executeKeywordForPlatform(KeywordExecutor.groovy:73)
	at com.kms.katalon.core.webui.keyword.WebUiBuiltInKeywords.verifyElementPresent(WebUiBuiltInKeywords.groovy:1444)
	at com.kms.katalon.core.webui.keyword.WebUiBuiltInKeywords$verifyElementPresent$11.call(Unknown Source)
	at ist_real.Contract_Dispatcher.VerifyTblFilled(Contract_Dispatcher.groovy:1313)
	at ist_real.Contract_Dispatcher$VerifyTblFilled$0.call(Unknown Source)
	at RTD.Search_Result_Presents(RTD.groovy:191)
	at cucumber.runtime.Utils$1.call(Utils.java:26)
	at cucumber.runtime.Timeout.timeout(Timeout.java:16)
	at cucumber.runtime.Utils.invoke(Utils.java:20)
	at cucumber.runtime.java.JavaStepDefinition.execute(JavaStepDefinition.java:48)
	at cucumber.runtime.PickleStepDefinitionMatch.runStep(PickleStepDefinitionMatch.java:50)
	at cucumber.runner.TestStep.executeStep(TestStep.java:55)
	at cucumber.runner.TestStep.run(TestStep.java:42)
	at cucumber.runner.PickleStepTestStep.run(PickleStepTestStep.java:53)
	at cucumber.runner.TestCase.run(TestCase.java:47)
	at cucumber.runner.Runner.runPickle(Runner.java:44)
	at cucumber.runtime.Runtime.runFeature(Runtime.java:120)
	at cucumber.runtime.Runtime.run(Runtime.java:106)
	at cucumber.api.cli.Main.run(Main.java:35)
	at cucumber.api.cli.Main$run.call(Unknown Source)
	at com.kms.katalon.core.cucumber.keyword.CucumberBuiltinKeywords$_runFeatureFile_closure1.doCall(CucumberBuiltinKeywords.groovy:76)
	at com.kms.katalon.core.cucumber.keyword.CucumberBuiltinKeywords$_runFeatureFile_closure1.doCall(CucumberBuiltinKeywords.groovy)
	at com.kms.katalon.core.keyword.internal.KeywordMain.runKeyword(KeywordMain.groovy:68)
	at com.kms.katalon.core.keyword.internal.KeywordMain$runKeyword.call(Unknown Source)
	at com.kms.katalon.core.cucumber.keyword.CucumberBuiltinKeywords.runFeatureFile(CucumberBuiltinKeywords.groovy:46)
	at com.kms.katalon.core.cucumber.keyword.CucumberBuiltinKeywords$runFeatureFile$0.callStatic(Unknown Source)
	at com.kms.katalon.core.cucumber.keyword.CucumberBuiltinKeywords.runFeatureFile(CucumberBuiltinKeywords.groovy:169)
	at com.kms.katalon.core.cucumber.keyword.CucumberBuiltinKeywords$runFeatureFile.call(Unknown Source)
	at TC_Search_by_Status.run(TC_Search_by_Status:18)
	at com.kms.katalon.core.main.ScriptEngine.run(ScriptEngine.java:194)
	at com.kms.katalon.core.main.ScriptEngine.runScriptAsRawText(ScriptEngine.java:119)
	at com.kms.katalon.core.main.TestCaseExecutor.runScript(TestCaseExecutor.java:339)
	at com.kms.katalon.core.main.TestCaseExecutor.doExecute(TestCaseExecutor.java:330)
	at com.kms.katalon.core.main.TestCaseExecutor.processExecutionPhase(TestCaseExecutor.java:309)
	at com.kms.katalon.core.main.TestCaseExecutor.accessMainPhase(TestCaseExecutor.java:301)
	at com.kms.katalon.core.main.TestCaseExecutor.execute(TestCaseExecutor.java:235)
	at com.kms.katalon.core.main.TestSuiteExecutor.accessTestCaseMainPhase(TestSuiteExecutor.java:191)
	at com.kms.katalon.core.main.TestSuiteExecutor.accessTestSuiteMainPhase(TestSuiteExecutor.java:141)
	at com.kms.katalon.core.main.TestSuiteExecutor.execute(TestSuiteExecutor.java:90)
	at com.kms.katalon.core.main.TestCaseMain.startTestSuite(TestCaseMain.java:157)
	at com.kms.katalon.core.main.TestCaseMain$startTestSuite$0.call(Unknown Source)
	at TempTestSuite1611290384287.run(TempTestSuite1611290384287.groovy:39)
)
[[ATTACHMENT|/Users/chaidir.pratama01/Katalon Studio/IST_Automation_Git/Reports/20210122_113940/RTD/TS_Dashboard_for_BO_In_Payment/20210122_113944/1611291379576.png]]

2021-01-22 11:56:20 - [MESSAGE][PASSED] - Verify Search Result Presents

2021-01-22 11:56:20 - [TEST_STEP][PASSED] - Click button "Logout": Click button "Logout"

2021-01-22 11:56:20 - [MESSAGE][INFO] - >>>>>//Button[contains(text(),'Logout')]

2021-01-22 11:56:23 - [MESSAGE][PASSED] - Object '' is present

2021-01-22 11:56:23 - [MESSAGE][PASSED] - Object: '' is clicked on

2021-01-22 11:56:23 - [MESSAGE][PASSED] - Switched to window with index: '0'

2021-01-22 11:56:23 - [MESSAGE][PASSED] - Click button "Logout"

2021-01-22 11:56:23 - [TEST_STEP][PASSED] - Close browser: Close browser

2021-01-22 11:56:23 - [MESSAGE][PASSED] - Browser is closed

2021-01-22 11:56:23 - [MESSAGE][PASSED] - Close browser

2021-01-22 11:56:23 - [TEST_CASE][PASSED] - Start Test Case : SCENARIO Search by STATUS Failed due to not supported bank: SCENARIO Search by STATUS Failed due to not supported bank

2021-01-22 11:56:23 - [TEST_STEP][PASSED] - Go to ISTools: Go to ISTools

2021-01-22 11:56:23 - [MESSAGE][INFO] - Starting 'Chrome (headless)' driver

2021-01-22 11:56:23 - [MESSAGE][INFO] - User set preference: ['args', '[--start-maximized, --disable-gpu, --no-proxy-server, â€“-no-sandbox, --allow-running-insecure-content, --ignore-certificate-errors, window-size=1680,814, force-device-scale-factor=2, --lang=en-GB]']

2021-01-22 11:56:23 - [MESSAGE][INFO] - User set preference: ['prefs', '{download.default_directory=/Users/chaidir.pratama01/Katalon Studio/IST_Automation_Git/Download}']

2021-01-22 11:56:23 - [MESSAGE][INFO] - Action delay is set to 0 milliseconds

2021-01-22 11:56:23 - [MESSAGE][PASSED] - Browser is opened with url: ''

2021-01-22 11:56:24 - [MESSAGE][PASSED] - Navigate to 'https://dev-istools.homecredit.id/foundation/' successfully

2021-01-22 11:56:24 - [MESSAGE][PASSED] - Go to ISTools

2021-01-22 11:56:24 - [TEST_STEP][PASSED] - Login IST with valid credentials: Login IST with valid credentials

2021-01-22 11:56:24 - [MESSAGE][PASSED] - Text 'mobile.test' is set on object 'Object Repository/Page_/input_Username_j_username'

2021-01-22 11:56:24 - [MESSAGE][PASSED] - Text ****** has been set on object 'Object Repository/Page_/input_Password_j_password'

2021-01-22 11:56:25 - [MESSAGE][PASSED] - Object: 'Object Repository/Page_/button_Login' is clicked on

2021-01-22 11:56:25 - [MESSAGE][PASSED] - Login IST with valid credentials

2021-01-22 11:56:25 - [TEST_STEP][PASSED] - Login Success: Login Success

2021-01-22 11:56:25 - [MESSAGE][INFO] - Login Success

2021-01-22 11:56:25 - [MESSAGE][PASSED] - Current window maximized

2021-01-22 11:56:25 - [MESSAGE][PASSED] - Object 'Object Repository/Page_/h1_Welcome to IT Supporting Tools' is present

2021-01-22 11:56:25 - [MESSAGE][PASSED] - Login Success

2021-01-22 11:56:25 - [TEST_STEP][PASSED] - Select Arrow Menu "Real Time Disbursement": Select Arrow Menu "Real Time Disbursement"

2021-01-22 11:56:25 - [MESSAGE][PASSED] - Object: '' is clicked on

2021-01-22 11:56:25 - [MESSAGE][PASSED] - Select Arrow Menu "Real Time Disbursement"

2021-01-22 11:56:25 - [TEST_STEP][PASSED] - Select Menu "Dashboard for BO In Payment": Select Menu "Dashboard for BO In Payment"

2021-01-22 11:56:25 - [MESSAGE][PASSED] - Taking screenshot successfully
[[ATTACHMENT|/Users/chaidir.pratama01/Documents/Docs/Katalon Studio/Screenshot/test-Dashboard for BO In Payment.png]]

2021-01-22 11:56:25 - [MESSAGE][PASSED] - Object '' is present

2021-01-22 11:56:25 - [MESSAGE][PASSED] - Object: '' is clicked on

2021-01-22 11:56:26 - [MESSAGE][PASSED] - Wait for page load successfully

2021-01-22 11:56:26 - [MESSAGE][PASSED] - Select Menu "Dashboard for BO In Payment"

2021-01-22 11:56:26 - [TEST_STEP][PASSED] - Select STATUS "Failed due to not supported bank": Select STATUS "Failed due to not supported bank"

2021-01-22 11:56:26 - [MESSAGE][PASSED] - All options with value 'Failed due to not supported bank' are selected in object ''  using regular expression

2021-01-22 11:56:26 - [MESSAGE][PASSED] - Select STATUS "Failed due to not supported bank"

2021-01-22 11:56:26 - [TEST_STEP][PASSED] - Click button "Search": Click button "Search"

2021-01-22 11:56:26 - [MESSAGE][INFO] - >>>>>//Button[contains(text(),'Search')]

2021-01-22 11:56:29 - [MESSAGE][PASSED] - Object '' is present

2021-01-22 11:56:29 - [MESSAGE][PASSED] - Object: '' is clicked on

2021-01-22 11:56:29 - [MESSAGE][PASSED] - Switched to window with index: '0'

2021-01-22 11:56:29 - [MESSAGE][PASSED] - Click button "Search"

2021-01-22 11:56:29 - [TEST_STEP][PASSED] - Verify Search Result Presents: Verify Search Result Presents

2021-01-22 11:56:33 - [MESSAGE][INFO] - Unable to find the element located by 'By.xpath: //td[@style='display:none' and contains(text(),'-Empty-')]'. Please recheck the objects properties to make sure the desired element is located. 

2021-01-22 11:56:33 - [MESSAGE][WARNING] - com.kms.katalon.core.webui.exception.WebElementNotFoundException: Web element with id: '' located by '//td[@style='display:none' and contains(text(),'-Empty-')]' not found (Root cause: com.kms.katalon.core.exception.StepFailedException: com.kms.katalon.core.webui.exception.WebElementNotFoundException: Web element with id: '' located by '//td[@style='display:none' and contains(text(),'-Empty-')]' not found
	at com.kms.katalon.core.webui.keyword.internal.WebUIKeywordMain.stepFailed(WebUIKeywordMain.groovy:64)
	at com.kms.katalon.core.webui.keyword.builtin.VerifyElementPresentKeyword$_verifyElementPresent_closure1.doCall(VerifyElementPresentKeyword.groovy:85)
	at com.kms.katalon.core.webui.keyword.builtin.VerifyElementPresentKeyword$_verifyElementPresent_closure1.call(VerifyElementPresentKeyword.groovy)
	at com.kms.katalon.core.webui.keyword.internal.WebUIKeywordMain.runKeyword(WebUIKeywordMain.groovy:20)
	at com.kms.katalon.core.webui.keyword.builtin.VerifyElementPresentKeyword.verifyElementPresent(VerifyElementPresentKeyword.groovy:92)
	at com.kms.katalon.core.webui.keyword.builtin.VerifyElementPresentKeyword.execute(VerifyElementPresentKeyword.groovy:68)
	at com.kms.katalon.core.keyword.internal.KeywordExecutor.executeKeywordForPlatform(KeywordExecutor.groovy:73)
	at com.kms.katalon.core.webui.keyword.WebUiBuiltInKeywords.verifyElementPresent(WebUiBuiltInKeywords.groovy:1444)
	at com.kms.katalon.core.webui.keyword.WebUiBuiltInKeywords$verifyElementPresent$11.call(Unknown Source)
	at ist_real.Contract_Dispatcher.VerifyTblFilled(Contract_Dispatcher.groovy:1313)
	at ist_real.Contract_Dispatcher$VerifyTblFilled$0.call(Unknown Source)
	at RTD.Search_Result_Presents(RTD.groovy:191)
	at cucumber.runtime.Utils$1.call(Utils.java:26)
	at cucumber.runtime.Timeout.timeout(Timeout.java:16)
	at cucumber.runtime.Utils.invoke(Utils.java:20)
	at cucumber.runtime.java.JavaStepDefinition.execute(JavaStepDefinition.java:48)
	at cucumber.runtime.PickleStepDefinitionMatch.runStep(PickleStepDefinitionMatch.java:50)
	at cucumber.runner.TestStep.executeStep(TestStep.java:55)
	at cucumber.runner.TestStep.run(TestStep.java:42)
	at cucumber.runner.PickleStepTestStep.run(PickleStepTestStep.java:53)
	at cucumber.runner.TestCase.run(TestCase.java:47)
	at cucumber.runner.Runner.runPickle(Runner.java:44)
	at cucumber.runtime.Runtime.runFeature(Runtime.java:120)
	at cucumber.runtime.Runtime.run(Runtime.java:106)
	at cucumber.api.cli.Main.run(Main.java:35)
	at cucumber.api.cli.Main$run.call(Unknown Source)
	at com.kms.katalon.core.cucumber.keyword.CucumberBuiltinKeywords$_runFeatureFile_closure1.doCall(CucumberBuiltinKeywords.groovy:76)
	at com.kms.katalon.core.cucumber.keyword.CucumberBuiltinKeywords$_runFeatureFile_closure1.doCall(CucumberBuiltinKeywords.groovy)
	at com.kms.katalon.core.keyword.internal.KeywordMain.runKeyword(KeywordMain.groovy:68)
	at com.kms.katalon.core.keyword.internal.KeywordMain$runKeyword.call(Unknown Source)
	at com.kms.katalon.core.cucumber.keyword.CucumberBuiltinKeywords.runFeatureFile(CucumberBuiltinKeywords.groovy:46)
	at com.kms.katalon.core.cucumber.keyword.CucumberBuiltinKeywords$runFeatureFile$0.callStatic(Unknown Source)
	at com.kms.katalon.core.cucumber.keyword.CucumberBuiltinKeywords.runFeatureFile(CucumberBuiltinKeywords.groovy:169)
	at com.kms.katalon.core.cucumber.keyword.CucumberBuiltinKeywords$runFeatureFile.call(Unknown Source)
	at TC_Search_by_Status.run(TC_Search_by_Status:18)
	at com.kms.katalon.core.main.ScriptEngine.run(ScriptEngine.java:194)
	at com.kms.katalon.core.main.ScriptEngine.runScriptAsRawText(ScriptEngine.java:119)
	at com.kms.katalon.core.main.TestCaseExecutor.runScript(TestCaseExecutor.java:339)
	at com.kms.katalon.core.main.TestCaseExecutor.doExecute(TestCaseExecutor.java:330)
	at com.kms.katalon.core.main.TestCaseExecutor.processExecutionPhase(TestCaseExecutor.java:309)
	at com.kms.katalon.core.main.TestCaseExecutor.accessMainPhase(TestCaseExecutor.java:301)
	at com.kms.katalon.core.main.TestCaseExecutor.execute(TestCaseExecutor.java:235)
	at com.kms.katalon.core.main.TestSuiteExecutor.accessTestCaseMainPhase(TestSuiteExecutor.java:191)
	at com.kms.katalon.core.main.TestSuiteExecutor.accessTestSuiteMainPhase(TestSuiteExecutor.java:141)
	at com.kms.katalon.core.main.TestSuiteExecutor.execute(TestSuiteExecutor.java:90)
	at com.kms.katalon.core.main.TestCaseMain.startTestSuite(TestCaseMain.java:157)
	at com.kms.katalon.core.main.TestCaseMain$startTestSuite$0.call(Unknown Source)
	at TempTestSuite1611290384287.run(TempTestSuite1611290384287.groovy:39)
)
[[ATTACHMENT|/Users/chaidir.pratama01/Katalon Studio/IST_Automation_Git/Reports/20210122_113940/RTD/TS_Dashboard_for_BO_In_Payment/20210122_113944/1611291393485.png]]

2021-01-22 11:56:34 - [MESSAGE][PASSED] - Verify Search Result Presents

2021-01-22 11:56:34 - [TEST_STEP][PASSED] - Click button "Logout": Click button "Logout"

2021-01-22 11:56:34 - [MESSAGE][INFO] - >>>>>//Button[contains(text(),'Logout')]

2021-01-22 11:56:37 - [MESSAGE][PASSED] - Object '' is present

2021-01-22 11:56:37 - [MESSAGE][PASSED] - Object: '' is clicked on

2021-01-22 11:56:37 - [MESSAGE][PASSED] - Switched to window with index: '0'

2021-01-22 11:56:37 - [MESSAGE][PASSED] - Click button "Logout"

2021-01-22 11:56:37 - [TEST_STEP][PASSED] - Close browser: Close browser

2021-01-22 11:56:37 - [MESSAGE][PASSED] - Browser is closed

2021-01-22 11:56:37 - [MESSAGE][PASSED] - Close browser

2021-01-22 11:56:37 - [TEST_CASE][PASSED] - Start Test Case : SCENARIO Search by STATUS Manual Disbursement: SCENARIO Search by STATUS Manual Disbursement

2021-01-22 11:56:37 - [TEST_STEP][PASSED] - Go to ISTools: Go to ISTools

2021-01-22 11:56:37 - [MESSAGE][INFO] - Starting 'Chrome (headless)' driver

2021-01-22 11:56:37 - [MESSAGE][INFO] - User set preference: ['args', '[--start-maximized, --disable-gpu, --no-proxy-server, â€“-no-sandbox, --allow-running-insecure-content, --ignore-certificate-errors, window-size=1680,814, force-device-scale-factor=2, --lang=en-GB]']

2021-01-22 11:56:37 - [MESSAGE][INFO] - User set preference: ['prefs', '{download.default_directory=/Users/chaidir.pratama01/Katalon Studio/IST_Automation_Git/Download}']

2021-01-22 11:56:37 - [MESSAGE][INFO] - Action delay is set to 0 milliseconds

2021-01-22 11:56:37 - [MESSAGE][PASSED] - Browser is opened with url: ''

2021-01-22 11:56:38 - [MESSAGE][PASSED] - Navigate to 'https://dev-istools.homecredit.id/foundation/' successfully

2021-01-22 11:56:38 - [MESSAGE][PASSED] - Go to ISTools

2021-01-22 11:56:38 - [TEST_STEP][PASSED] - Login IST with valid credentials: Login IST with valid credentials

2021-01-22 11:56:38 - [MESSAGE][PASSED] - Text 'mobile.test' is set on object 'Object Repository/Page_/input_Username_j_username'

2021-01-22 11:56:38 - [MESSAGE][PASSED] - Text ****** has been set on object 'Object Repository/Page_/input_Password_j_password'

2021-01-22 11:56:39 - [MESSAGE][PASSED] - Object: 'Object Repository/Page_/button_Login' is clicked on

2021-01-22 11:56:39 - [MESSAGE][PASSED] - Login IST with valid credentials

2021-01-22 11:56:39 - [TEST_STEP][PASSED] - Login Success: Login Success

2021-01-22 11:56:39 - [MESSAGE][INFO] - Login Success

2021-01-22 11:56:39 - [MESSAGE][PASSED] - Current window maximized

2021-01-22 11:56:39 - [MESSAGE][PASSED] - Object 'Object Repository/Page_/h1_Welcome to IT Supporting Tools' is present

2021-01-22 11:56:39 - [MESSAGE][PASSED] - Login Success

2021-01-22 11:56:39 - [TEST_STEP][PASSED] - Select Arrow Menu "Real Time Disbursement": Select Arrow Menu "Real Time Disbursement"

2021-01-22 11:56:39 - [MESSAGE][PASSED] - Object: '' is clicked on

2021-01-22 11:56:39 - [MESSAGE][PASSED] - Select Arrow Menu "Real Time Disbursement"

2021-01-22 11:56:39 - [TEST_STEP][PASSED] - Select Menu "Dashboard for BO In Payment": Select Menu "Dashboard for BO In Payment"

2021-01-22 11:56:39 - [MESSAGE][PASSED] - Taking screenshot successfully
[[ATTACHMENT|/Users/chaidir.pratama01/Documents/Docs/Katalon Studio/Screenshot/test-Dashboard for BO In Payment.png]]

2021-01-22 11:56:39 - [MESSAGE][PASSED] - Object '' is present

2021-01-22 11:56:39 - [MESSAGE][PASSED] - Object: '' is clicked on

2021-01-22 11:56:39 - [MESSAGE][PASSED] - Wait for page load successfully

2021-01-22 11:56:39 - [MESSAGE][PASSED] - Select Menu "Dashboard for BO In Payment"

2021-01-22 11:56:39 - [TEST_STEP][PASSED] - Select STATUS "Manual Disbursement": Select STATUS "Manual Disbursement"

2021-01-22 11:56:40 - [MESSAGE][PASSED] - All options with value 'Manual Disbursement' are selected in object ''  using regular expression

2021-01-22 11:56:40 - [MESSAGE][PASSED] - Select STATUS "Manual Disbursement"

2021-01-22 11:56:40 - [TEST_STEP][PASSED] - Click button "Search": Click button "Search"

2021-01-22 11:56:40 - [MESSAGE][INFO] - >>>>>//Button[contains(text(),'Search')]

2021-01-22 11:56:43 - [MESSAGE][PASSED] - Object '' is present

2021-01-22 11:56:43 - [MESSAGE][PASSED] - Object: '' is clicked on

2021-01-22 11:56:43 - [MESSAGE][PASSED] - Switched to window with index: '0'

2021-01-22 11:56:43 - [MESSAGE][PASSED] - Click button "Search"

2021-01-22 11:56:43 - [TEST_STEP][PASSED] - Verify Search Result Presents: Verify Search Result Presents

2021-01-22 11:56:43 - [MESSAGE][PASSED] - Object '' is present

2021-01-22 11:56:49 - [MESSAGE][PASSED] - Verify Search Result Presents

2021-01-22 11:56:50 - [TEST_STEP][PASSED] - Click button "Logout": Click button "Logout"

2021-01-22 11:56:50 - [MESSAGE][INFO] - >>>>>//Button[contains(text(),'Logout')]

2021-01-22 11:56:53 - [MESSAGE][PASSED] - Object '' is present

2021-01-22 11:56:53 - [MESSAGE][PASSED] - Object: '' is clicked on

2021-01-22 11:56:53 - [MESSAGE][PASSED] - Switched to window with index: '0'

2021-01-22 11:56:53 - [MESSAGE][PASSED] - Click button "Logout"

2021-01-22 11:56:53 - [TEST_STEP][PASSED] - Close browser: Close browser

2021-01-22 11:56:53 - [MESSAGE][PASSED] - Browser is closed

2021-01-22 11:56:53 - [MESSAGE][PASSED] - Close browser

2021-01-22 11:56:53 - [TEST_CASE][PASSED] - Start Test Case : SCENARIO Search by STATUS DONE: SCENARIO Search by STATUS DONE

2021-01-22 11:56:53 - [TEST_STEP][PASSED] - Go to ISTools: Go to ISTools

2021-01-22 11:56:53 - [MESSAGE][INFO] - Starting 'Chrome (headless)' driver

2021-01-22 11:56:53 - [MESSAGE][INFO] - User set preference: ['args', '[--start-maximized, --disable-gpu, --no-proxy-server, â€“-no-sandbox, --allow-running-insecure-content, --ignore-certificate-errors, window-size=1680,814, force-device-scale-factor=2, --lang=en-GB]']

2021-01-22 11:56:53 - [MESSAGE][INFO] - User set preference: ['prefs', '{download.default_directory=/Users/chaidir.pratama01/Katalon Studio/IST_Automation_Git/Download}']

2021-01-22 11:56:53 - [MESSAGE][INFO] - Action delay is set to 0 milliseconds

2021-01-22 11:56:53 - [MESSAGE][PASSED] - Browser is opened with url: ''

2021-01-22 11:56:54 - [MESSAGE][PASSED] - Navigate to 'https://dev-istools.homecredit.id/foundation/' successfully

2021-01-22 11:56:54 - [MESSAGE][PASSED] - Go to ISTools

2021-01-22 11:56:54 - [TEST_STEP][PASSED] - Login IST with valid credentials: Login IST with valid credentials

2021-01-22 11:56:54 - [MESSAGE][PASSED] - Text 'mobile.test' is set on object 'Object Repository/Page_/input_Username_j_username'

2021-01-22 11:56:54 - [MESSAGE][PASSED] - Text ****** has been set on object 'Object Repository/Page_/input_Password_j_password'

2021-01-22 11:56:54 - [MESSAGE][PASSED] - Object: 'Object Repository/Page_/button_Login' is clicked on

2021-01-22 11:56:54 - [MESSAGE][PASSED] - Login IST with valid credentials

2021-01-22 11:56:54 - [TEST_STEP][PASSED] - Login Success: Login Success

2021-01-22 11:56:54 - [MESSAGE][INFO] - Login Success

2021-01-22 11:56:55 - [MESSAGE][PASSED] - Current window maximized

2021-01-22 11:56:55 - [MESSAGE][PASSED] - Object 'Object Repository/Page_/h1_Welcome to IT Supporting Tools' is present

2021-01-22 11:56:55 - [MESSAGE][PASSED] - Login Success

2021-01-22 11:56:55 - [TEST_STEP][PASSED] - Select Arrow Menu "Real Time Disbursement": Select Arrow Menu "Real Time Disbursement"

2021-01-22 11:56:55 - [MESSAGE][PASSED] - Object: '' is clicked on

2021-01-22 11:56:55 - [MESSAGE][PASSED] - Select Arrow Menu "Real Time Disbursement"

2021-01-22 11:56:55 - [TEST_STEP][PASSED] - Select Menu "Dashboard for BO In Payment": Select Menu "Dashboard for BO In Payment"

2021-01-22 11:56:55 - [MESSAGE][PASSED] - Taking screenshot successfully
[[ATTACHMENT|/Users/chaidir.pratama01/Documents/Docs/Katalon Studio/Screenshot/test-Dashboard for BO In Payment.png]]

2021-01-22 11:56:55 - [MESSAGE][PASSED] - Object '' is present

2021-01-22 11:56:55 - [MESSAGE][PASSED] - Object: '' is clicked on

2021-01-22 11:56:55 - [MESSAGE][PASSED] - Wait for page load successfully

2021-01-22 11:56:55 - [MESSAGE][PASSED] - Select Menu "Dashboard for BO In Payment"

2021-01-22 11:56:55 - [TEST_STEP][PASSED] - Select STATUS "DONE": Select STATUS "DONE"

2021-01-22 11:56:56 - [MESSAGE][PASSED] - All options with value 'DONE' are selected in object ''  using regular expression

2021-01-22 11:56:56 - [MESSAGE][PASSED] - Select STATUS "DONE"

2021-01-22 11:56:56 - [TEST_STEP][PASSED] - Click button "Search": Click button "Search"

2021-01-22 11:56:56 - [MESSAGE][INFO] - >>>>>//Button[contains(text(),'Search')]

2021-01-22 11:56:59 - [MESSAGE][PASSED] - Object '' is present

2021-01-22 11:56:59 - [MESSAGE][PASSED] - Object: '' is clicked on

2021-01-22 11:56:59 - [MESSAGE][PASSED] - Switched to window with index: '0'

2021-01-22 11:56:59 - [MESSAGE][PASSED] - Click button "Search"

2021-01-22 11:56:59 - [TEST_STEP][PASSED] - Verify Search Result Presents: Verify Search Result Presents

2021-01-22 11:56:59 - [MESSAGE][PASSED] - Object '' is present

2021-01-22 11:57:05 - [MESSAGE][PASSED] - Verify Search Result Presents

2021-01-22 11:57:05 - [TEST_STEP][PASSED] - Click button "Logout": Click button "Logout"

2021-01-22 11:57:05 - [MESSAGE][INFO] - >>>>>//Button[contains(text(),'Logout')]

2021-01-22 11:57:08 - [MESSAGE][PASSED] - Object '' is present

2021-01-22 11:57:09 - [MESSAGE][PASSED] - Object: '' is clicked on

2021-01-22 11:57:09 - [MESSAGE][PASSED] - Switched to window with index: '0'

2021-01-22 11:57:09 - [MESSAGE][PASSED] - Click button "Logout"

2021-01-22 11:57:09 - [TEST_STEP][PASSED] - Close browser: Close browser

2021-01-22 11:57:09 - [MESSAGE][PASSED] - Browser is closed

2021-01-22 11:57:09 - [MESSAGE][PASSED] - Close browser

2021-01-22 11:57:09 - [TEST_CASE][PASSED] - Start Test Case : SCENARIO Search by STATUS Success to Disburse: SCENARIO Search by STATUS Success to Disburse

2021-01-22 11:57:09 - [TEST_STEP][PASSED] - Go to ISTools: Go to ISTools

2021-01-22 11:57:09 - [MESSAGE][INFO] - Starting 'Chrome (headless)' driver

2021-01-22 11:57:09 - [MESSAGE][INFO] - User set preference: ['args', '[--start-maximized, --disable-gpu, --no-proxy-server, â€“-no-sandbox, --allow-running-insecure-content, --ignore-certificate-errors, window-size=1680,814, force-device-scale-factor=2, --lang=en-GB]']

2021-01-22 11:57:09 - [MESSAGE][INFO] - User set preference: ['prefs', '{download.default_directory=/Users/chaidir.pratama01/Katalon Studio/IST_Automation_Git/Download}']

2021-01-22 11:57:09 - [MESSAGE][INFO] - Action delay is set to 0 milliseconds

2021-01-22 11:57:09 - [MESSAGE][PASSED] - Browser is opened with url: ''

2021-01-22 11:57:10 - [MESSAGE][PASSED] - Navigate to 'https://dev-istools.homecredit.id/foundation/' successfully

2021-01-22 11:57:10 - [MESSAGE][PASSED] - Go to ISTools

2021-01-22 11:57:10 - [TEST_STEP][PASSED] - Login IST with valid credentials: Login IST with valid credentials

2021-01-22 11:57:10 - [MESSAGE][PASSED] - Text 'mobile.test' is set on object 'Object Repository/Page_/input_Username_j_username'

2021-01-22 11:57:10 - [MESSAGE][PASSED] - Text ****** has been set on object 'Object Repository/Page_/input_Password_j_password'

2021-01-22 11:57:10 - [MESSAGE][PASSED] - Object: 'Object Repository/Page_/button_Login' is clicked on

2021-01-22 11:57:10 - [MESSAGE][PASSED] - Login IST with valid credentials

2021-01-22 11:57:10 - [TEST_STEP][PASSED] - Login Success: Login Success

2021-01-22 11:57:10 - [MESSAGE][INFO] - Login Success

2021-01-22 11:57:10 - [MESSAGE][PASSED] - Current window maximized

2021-01-22 11:57:11 - [MESSAGE][PASSED] - Object 'Object Repository/Page_/h1_Welcome to IT Supporting Tools' is present

2021-01-22 11:57:11 - [MESSAGE][PASSED] - Login Success

2021-01-22 11:57:11 - [TEST_STEP][PASSED] - Select Arrow Menu "Real Time Disbursement": Select Arrow Menu "Real Time Disbursement"

2021-01-22 11:57:11 - [MESSAGE][PASSED] - Object: '' is clicked on

2021-01-22 11:57:11 - [MESSAGE][PASSED] - Select Arrow Menu "Real Time Disbursement"

2021-01-22 11:57:11 - [TEST_STEP][PASSED] - Select Menu "Dashboard for BO In Payment": Select Menu "Dashboard for BO In Payment"

2021-01-22 11:57:11 - [MESSAGE][PASSED] - Taking screenshot successfully
[[ATTACHMENT|/Users/chaidir.pratama01/Documents/Docs/Katalon Studio/Screenshot/test-Dashboard for BO In Payment.png]]

2021-01-22 11:57:11 - [MESSAGE][PASSED] - Object '' is present

2021-01-22 11:57:11 - [MESSAGE][PASSED] - Object: '' is clicked on

2021-01-22 11:57:11 - [MESSAGE][PASSED] - Wait for page load successfully

2021-01-22 11:57:11 - [MESSAGE][PASSED] - Select Menu "Dashboard for BO In Payment"

2021-01-22 11:57:11 - [TEST_STEP][PASSED] - Select STATUS "Success to Disburse": Select STATUS "Success to Disburse"

2021-01-22 11:57:12 - [MESSAGE][PASSED] - All options with value 'Success to Disburse' are selected in object ''  using regular expression

2021-01-22 11:57:12 - [MESSAGE][PASSED] - Select STATUS "Success to Disburse"

2021-01-22 11:57:12 - [TEST_STEP][PASSED] - Click button "Search": Click button "Search"

2021-01-22 11:57:12 - [MESSAGE][INFO] - >>>>>//Button[contains(text(),'Search')]

2021-01-22 11:57:15 - [MESSAGE][PASSED] - Object '' is present

2021-01-22 11:57:15 - [MESSAGE][PASSED] - Object: '' is clicked on

2021-01-22 11:57:15 - [MESSAGE][PASSED] - Switched to window with index: '0'

2021-01-22 11:57:15 - [MESSAGE][PASSED] - Click button "Search"

2021-01-22 11:57:15 - [TEST_STEP][PASSED] - Verify Search Result Presents: Verify Search Result Presents

2021-01-22 11:57:15 - [MESSAGE][PASSED] - Object '' is present

2021-01-22 11:57:15 - [MESSAGE][PASSED] - Verify Search Result Presents

2021-01-22 11:57:15 - [TEST_STEP][PASSED] - Click button "Logout": Click button "Logout"

2021-01-22 11:57:15 - [MESSAGE][INFO] - >>>>>//Button[contains(text(),'Logout')]

2021-01-22 11:57:18 - [MESSAGE][PASSED] - Object '' is present

2021-01-22 11:57:18 - [MESSAGE][PASSED] - Object: '' is clicked on

2021-01-22 11:57:18 - [MESSAGE][PASSED] - Switched to window with index: '0'

2021-01-22 11:57:18 - [MESSAGE][PASSED] - Click button "Logout"

2021-01-22 11:57:18 - [TEST_STEP][PASSED] - Close browser: Close browser

2021-01-22 11:57:19 - [MESSAGE][PASSED] - Browser is closed

2021-01-22 11:57:19 - [MESSAGE][PASSED] - Close browser

2021-01-22 11:57:19 - [MESSAGE][PASSED] - Feature file: 'Include/features/IST_Real/RTD/Dashboard_for_BO_In_Payment/Search_by_Status.feature' was passed]]></system-out>
         <system-err><![CDATA[]]></system-err>
      </testcase>
      <testcase name="Test Cases/RTD/Dashboard for BO in Payment/TC_View_Detail" time="40.847" classname="Test Cases/RTD/Dashboard for BO in Payment/TC_View_Detail" status="PASSED">
         <system-out><![CDATA[2021-01-22 11:57:19 - [TEST_CASE][PASSED] - Test Cases/RTD/Dashboard for BO in Payment/TC_View_Detail: Test Cases/RTD/Dashboard for BO in Payment/TC_View_Detail

2021-01-22 11:57:19 - [TEST_STEP][PASSED] - runFeatureFile("Include/features/IST_Real/RTD/Dashboard_for_BO_In_Payment/View_Detail.feature"): Feature file: 'Include/features/IST_Real/RTD/Dashboard_for_BO_In_Payment/View_Detail.feature' was passed

2021-01-22 11:57:19 - [MESSAGE][INFO] - Starting run keyword runFeatureFile: 'Include/features/IST_Real/RTD/Dashboard_for_BO_In_Payment/View_Detail.feature' and extract report to folder: '/Users/chaidir.pratama01/Katalon Studio/IST_Automation_Git/Reports/20210122_113940/RTD/TS_Dashboard_for_BO_In_Payment/20210122_113944/cucumber_report/1611291439195'...

2021-01-22 11:57:19 - [TEST_CASE][PASSED] - Start Test Case : SCENARIO Search by STATUS Success to Disburse and then View Detail of it: SCENARIO Search by STATUS Success to Disburse and then View Detail of it

2021-01-22 11:57:19 - [TEST_STEP][PASSED] - Go to ISTools: Go to ISTools

2021-01-22 11:57:19 - [MESSAGE][INFO] - Starting 'Chrome (headless)' driver

2021-01-22 11:57:19 - [MESSAGE][INFO] - User set preference: ['args', '[--start-maximized, --disable-gpu, --no-proxy-server, â€“-no-sandbox, --allow-running-insecure-content, --ignore-certificate-errors, window-size=1680,814, force-device-scale-factor=2, --lang=en-GB]']

2021-01-22 11:57:19 - [MESSAGE][INFO] - User set preference: ['prefs', '{download.default_directory=/Users/chaidir.pratama01/Katalon Studio/IST_Automation_Git/Download}']

2021-01-22 11:57:19 - [MESSAGE][INFO] - Action delay is set to 0 milliseconds

2021-01-22 11:57:19 - [MESSAGE][PASSED] - Browser is opened with url: ''

2021-01-22 11:57:20 - [MESSAGE][PASSED] - Navigate to 'https://dev-istools.homecredit.id/foundation/' successfully

2021-01-22 11:57:20 - [MESSAGE][PASSED] - Go to ISTools

2021-01-22 11:57:20 - [TEST_STEP][PASSED] - Login IST with valid credentials: Login IST with valid credentials

2021-01-22 11:57:20 - [MESSAGE][PASSED] - Text 'mobile.test' is set on object 'Object Repository/Page_/input_Username_j_username'

2021-01-22 11:57:20 - [MESSAGE][PASSED] - Text ****** has been set on object 'Object Repository/Page_/input_Password_j_password'

2021-01-22 11:57:20 - [MESSAGE][PASSED] - Object: 'Object Repository/Page_/button_Login' is clicked on

2021-01-22 11:57:20 - [MESSAGE][PASSED] - Login IST with valid credentials

2021-01-22 11:57:20 - [TEST_STEP][PASSED] - Login Success: Login Success

2021-01-22 11:57:20 - [MESSAGE][INFO] - Login Success

2021-01-22 11:57:21 - [MESSAGE][PASSED] - Current window maximized

2021-01-22 11:57:21 - [MESSAGE][PASSED] - Object 'Object Repository/Page_/h1_Welcome to IT Supporting Tools' is present

2021-01-22 11:57:21 - [MESSAGE][PASSED] - Login Success

2021-01-22 11:57:21 - [TEST_STEP][PASSED] - Select Arrow Menu "Real Time Disbursement": Select Arrow Menu "Real Time Disbursement"

2021-01-22 11:57:21 - [MESSAGE][PASSED] - Object: '' is clicked on

2021-01-22 11:57:21 - [MESSAGE][PASSED] - Select Arrow Menu "Real Time Disbursement"

2021-01-22 11:57:21 - [TEST_STEP][PASSED] - Select Menu "Dashboard for BO In Payment": Select Menu "Dashboard for BO In Payment"

2021-01-22 11:57:21 - [MESSAGE][PASSED] - Taking screenshot successfully
[[ATTACHMENT|/Users/chaidir.pratama01/Documents/Docs/Katalon Studio/Screenshot/test-Dashboard for BO In Payment.png]]

2021-01-22 11:57:21 - [MESSAGE][PASSED] - Object '' is present

2021-01-22 11:57:21 - [MESSAGE][PASSED] - Object: '' is clicked on

2021-01-22 11:57:21 - [MESSAGE][PASSED] - Wait for page load successfully

2021-01-22 11:57:21 - [MESSAGE][PASSED] - Select Menu "Dashboard for BO In Payment"

2021-01-22 11:57:21 - [TEST_STEP][PASSED] - Select STATUS "Success to Disburse": Select STATUS "Success to Disburse"

2021-01-22 11:57:22 - [MESSAGE][PASSED] - All options with value 'Success to Disburse' are selected in object ''  using regular expression

2021-01-22 11:57:22 - [MESSAGE][PASSED] - Select STATUS "Success to Disburse"

2021-01-22 11:57:22 - [TEST_STEP][PASSED] - Click button "Search": Click button "Search"

2021-01-22 11:57:22 - [MESSAGE][INFO] - >>>>>//Button[contains(text(),'Search')]

2021-01-22 11:57:25 - [MESSAGE][PASSED] - Object '' is present

2021-01-22 11:57:25 - [MESSAGE][PASSED] - Object: '' is clicked on

2021-01-22 11:57:25 - [MESSAGE][PASSED] - Switched to window with index: '0'

2021-01-22 11:57:25 - [MESSAGE][PASSED] - Click button "Search"

2021-01-22 11:57:25 - [TEST_STEP][PASSED] - Verify Search Result Presents: Verify Search Result Presents

2021-01-22 11:57:25 - [MESSAGE][PASSED] - Object '' is present

2021-01-22 11:57:25 - [MESSAGE][PASSED] - Verify Search Result Presents

2021-01-22 11:57:25 - [TEST_STEP][PASSED] - Click View Detail: Click View Detail

2021-01-22 11:57:25 - [MESSAGE][PASSED] - Object '' is present

2021-01-22 11:57:25 - [MESSAGE][PASSED] - Object: '' is clicked on

2021-01-22 11:57:25 - [MESSAGE][PASSED] - Click View Detail

2021-01-22 11:57:25 - [TEST_STEP][PASSED] - Verify Information in View Detail: Verify Information in View Detail

2021-01-22 11:57:28 - [MESSAGE][PASSED] - Delayed 3 second(s)

2021-01-22 11:57:28 - [MESSAGE][PASSED] - Attribute 'value' of object '' is: '3900014152'

2021-01-22 11:57:32 - [MESSAGE][PASSED] - Delayed 3 second(s)

2021-01-22 11:57:32 - [MESSAGE][PASSED] - Attribute 'value' of object '' is: 'IDITXLeks TESTERbIvIvO'

2021-01-22 11:57:35 - [MESSAGE][PASSED] - Delayed 3 second(s)

2021-01-22 11:57:35 - [MESSAGE][PASSED] - Attribute 'value' of object '' is: 'Success to Disburse'

2021-01-22 11:57:38 - [MESSAGE][PASSED] - Delayed 3 second(s)

2021-01-22 11:57:38 - [MESSAGE][PASSED] - Attribute 'value' of object '' is: 'Rp 7,000,000'

2021-01-22 11:57:41 - [MESSAGE][PASSED] - Delayed 3 second(s)

2021-01-22 11:57:41 - [MESSAGE][PASSED] - Attribute 'value' of object '' is: 'KESEJAHTERAAN EKONOMI'

2021-01-22 11:57:44 - [MESSAGE][PASSED] - Delayed 3 second(s)

2021-01-22 11:57:44 - [MESSAGE][PASSED] - Attribute 'value' of object '' is: '1'

2021-01-22 11:57:47 - [MESSAGE][PASSED] - Delayed 3 second(s)

2021-01-22 11:57:47 - [MESSAGE][PASSED] - Attribute 'value' of object '' is: 'NAMA ADA DISINI'

2021-01-22 11:57:50 - [MESSAGE][PASSED] - Delayed 3 second(s)

2021-01-22 11:57:50 - [MESSAGE][PASSED] - Attribute 'value' of object '' is: 'KESEJAHTERAAN EKONOMI'

2021-01-22 11:57:53 - [MESSAGE][PASSED] - Delayed 3 second(s)

2021-01-22 11:57:53 - [MESSAGE][PASSED] - Attribute 'value' of object '' is: ''

2021-01-22 11:57:56 - [MESSAGE][PASSED] - Delayed 3 second(s)

2021-01-22 11:57:56 - [MESSAGE][PASSED] - Attribute 'value' of object '' is: ''

2021-01-22 11:57:56 - [MESSAGE][PASSED] - Text of object '' is: 'Date'

2021-01-22 11:57:56 - [MESSAGE][PASSED] - Text of object '' is: 'Status'

2021-01-22 11:57:56 - [MESSAGE][PASSED] - Text of object '' is: 'Updated Information'

2021-01-22 11:57:56 - [MESSAGE][PASSED] - Text of object '' is: 'Last Update By'

2021-01-22 11:57:56 - [MESSAGE][PASSED] - Text of object '' is: 'Department'

2021-01-22 11:57:56 - [MESSAGE][PASSED] - Verify Information in View Detail

2021-01-22 11:57:56 - [TEST_STEP][PASSED] - Click button "Logout": Click button "Logout"

2021-01-22 11:57:56 - [MESSAGE][INFO] - >>>>>//Button[contains(text(),'Logout')]

2021-01-22 11:57:59 - [MESSAGE][PASSED] - Object '' is present

2021-01-22 11:57:59 - [MESSAGE][PASSED] - Object: '' is clicked on

2021-01-22 11:57:59 - [MESSAGE][PASSED] - Switched to window with index: '0'

2021-01-22 11:57:59 - [MESSAGE][PASSED] - Click button "Logout"

2021-01-22 11:57:59 - [TEST_STEP][PASSED] - Close browser: Close browser

2021-01-22 11:57:59 - [MESSAGE][PASSED] - Browser is closed

2021-01-22 11:57:59 - [MESSAGE][PASSED] - Close browser

2021-01-22 11:57:59 - [MESSAGE][PASSED] - Feature file: 'Include/features/IST_Real/RTD/Dashboard_for_BO_In_Payment/View_Detail.feature' was passed]]></system-out>
         <system-err><![CDATA[]]></system-err>
      </testcase>
      <testcase name="Test Cases/RTD/Dashboard for BO in Payment/TC_Export_Data" time="9.581" classname="Test Cases/RTD/Dashboard for BO in Payment/TC_Export_Data" status="PASSED">
         <system-out><![CDATA[2021-01-22 11:57:59 - [TEST_CASE][PASSED] - Test Cases/RTD/Dashboard for BO in Payment/TC_Export_Data: Test Cases/RTD/Dashboard for BO in Payment/TC_Export_Data

2021-01-22 11:58:00 - [TEST_STEP][PASSED] - runFeatureFile("Include/features/IST_Real/RTD/Dashboard_for_BO_In_Payment/Export_Data.feature"): Feature file: 'Include/features/IST_Real/RTD/Dashboard_for_BO_In_Payment/Export_Data.feature' was passed

2021-01-22 11:58:00 - [MESSAGE][INFO] - Starting run keyword runFeatureFile: 'Include/features/IST_Real/RTD/Dashboard_for_BO_In_Payment/Export_Data.feature' and extract report to folder: '/Users/chaidir.pratama01/Katalon Studio/IST_Automation_Git/Reports/20210122_113940/RTD/TS_Dashboard_for_BO_In_Payment/20210122_113944/cucumber_report/1611291480041'...

2021-01-22 11:58:00 - [TEST_CASE][PASSED] - Start Test Case : SCENARIO Export Data: SCENARIO Export Data

2021-01-22 11:58:00 - [TEST_STEP][PASSED] - Go to ISTools: Go to ISTools

2021-01-22 11:58:00 - [MESSAGE][INFO] - Starting 'Chrome (headless)' driver

2021-01-22 11:58:00 - [MESSAGE][INFO] - User set preference: ['args', '[--start-maximized, --disable-gpu, --no-proxy-server, â€“-no-sandbox, --allow-running-insecure-content, --ignore-certificate-errors, window-size=1680,814, force-device-scale-factor=2, --lang=en-GB]']

2021-01-22 11:58:00 - [MESSAGE][INFO] - User set preference: ['prefs', '{download.default_directory=/Users/chaidir.pratama01/Katalon Studio/IST_Automation_Git/Download}']

2021-01-22 11:58:00 - [MESSAGE][INFO] - Action delay is set to 0 milliseconds

2021-01-22 11:58:00 - [MESSAGE][PASSED] - Browser is opened with url: ''

2021-01-22 11:58:01 - [MESSAGE][PASSED] - Navigate to 'https://dev-istools.homecredit.id/foundation/' successfully

2021-01-22 11:58:01 - [MESSAGE][PASSED] - Go to ISTools

2021-01-22 11:58:01 - [TEST_STEP][PASSED] - Login IST with valid credentials: Login IST with valid credentials

2021-01-22 11:58:01 - [MESSAGE][PASSED] - Text 'mobile.test' is set on object 'Object Repository/Page_/input_Username_j_username'

2021-01-22 11:58:01 - [MESSAGE][PASSED] - Text ****** has been set on object 'Object Repository/Page_/input_Password_j_password'

2021-01-22 11:58:01 - [MESSAGE][PASSED] - Object: 'Object Repository/Page_/button_Login' is clicked on

2021-01-22 11:58:01 - [MESSAGE][PASSED] - Login IST with valid credentials

2021-01-22 11:58:01 - [TEST_STEP][PASSED] - Login Success: Login Success

2021-01-22 11:58:01 - [MESSAGE][INFO] - Login Success

2021-01-22 11:58:01 - [MESSAGE][PASSED] - Current window maximized

2021-01-22 11:58:01 - [MESSAGE][PASSED] - Object 'Object Repository/Page_/h1_Welcome to IT Supporting Tools' is present

2021-01-22 11:58:01 - [MESSAGE][PASSED] - Login Success

2021-01-22 11:58:01 - [TEST_STEP][PASSED] - Select Arrow Menu "Real Time Disbursement": Select Arrow Menu "Real Time Disbursement"

2021-01-22 11:58:02 - [MESSAGE][PASSED] - Object: '' is clicked on

2021-01-22 11:58:02 - [MESSAGE][PASSED] - Select Arrow Menu "Real Time Disbursement"

2021-01-22 11:58:02 - [TEST_STEP][PASSED] - Select Menu "Dashboard for BO In Payment": Select Menu "Dashboard for BO In Payment"

2021-01-22 11:58:02 - [MESSAGE][PASSED] - Taking screenshot successfully
[[ATTACHMENT|/Users/chaidir.pratama01/Documents/Docs/Katalon Studio/Screenshot/test-Dashboard for BO In Payment.png]]

2021-01-22 11:58:02 - [MESSAGE][PASSED] - Object '' is present

2021-01-22 11:58:02 - [MESSAGE][PASSED] - Object: '' is clicked on

2021-01-22 11:58:02 - [MESSAGE][PASSED] - Wait for page load successfully

2021-01-22 11:58:02 - [MESSAGE][PASSED] - Select Menu "Dashboard for BO In Payment"

2021-01-22 11:58:02 - [TEST_STEP][PASSED] - Input Contract RTD in Contract Number label: Input Contract RTD in Contract Number label

2021-01-22 11:58:02 - [MESSAGE][PASSED] - Text '4000014162' is set on object ''

2021-01-22 11:58:02 - [MESSAGE][PASSED] - Input Contract RTD in Contract Number label

2021-01-22 11:58:02 - [TEST_STEP][PASSED] - Click button "Search": Click button "Search"

2021-01-22 11:58:02 - [MESSAGE][INFO] - >>>>>//Button[contains(text(),'Search')]

2021-01-22 11:58:05 - [MESSAGE][PASSED] - Object '' is present

2021-01-22 11:58:05 - [MESSAGE][PASSED] - Object: '' is clicked on

2021-01-22 11:58:05 - [MESSAGE][PASSED] - Switched to window with index: '0'

2021-01-22 11:58:05 - [MESSAGE][PASSED] - Click button "Search"

2021-01-22 11:58:05 - [TEST_STEP][PASSED] - Verify Table Filled: Verify Table Filled

2021-01-22 11:58:05 - [MESSAGE][PASSED] - Object '' is present

2021-01-22 11:58:05 - [MESSAGE][PASSED] - Verify Table Filled

2021-01-22 11:58:05 - [TEST_STEP][PASSED] - Click button "Export Data": Click button "Export Data"

2021-01-22 11:58:05 - [MESSAGE][INFO] - >>>>>//Button[contains(text(),'Export Data')]

2021-01-22 11:58:09 - [MESSAGE][PASSED] - Object: '' is clicked on

2021-01-22 11:58:09 - [MESSAGE][PASSED] - Taking screenshot successfully
[[ATTACHMENT|/Users/chaidir.pratama01/Documents/Docs/Katalon Studio/Screenshot/Download_data.png]]

2021-01-22 11:58:09 - [MESSAGE][PASSED] - Click button "Export Data"

2021-01-22 11:58:09 - [MESSAGE][PASSED] - Feature file: 'Include/features/IST_Real/RTD/Dashboard_for_BO_In_Payment/Export_Data.feature' was passed]]></system-out>
         <system-err><![CDATA[]]></system-err>
      </testcase>
      <testcase name="Test Cases/RTD/Dashboard for BO in Payment/TC_Generate_Outpayment" time="32.841" classname="Test Cases/RTD/Dashboard for BO in Payment/TC_Generate_Outpayment" status="PASSED">
         <system-out><![CDATA[2021-01-22 11:58:09 - [TEST_CASE][PASSED] - Test Cases/RTD/Dashboard for BO in Payment/TC_Generate_Outpayment: Test Cases/RTD/Dashboard for BO in Payment/TC_Generate_Outpayment

2021-01-22 11:58:09 - [TEST_STEP][PASSED] - runFeatureFile("Include/features/IST_Real/RTD/Dashboard_for_BO_In_Payment/Generate_Outpayment.feature"): Feature file: 'Include/features/IST_Real/RTD/Dashboard_for_BO_In_Payment/Generate_Outpayment.feature' was passed

2021-01-22 11:58:09 - [MESSAGE][INFO] - Starting run keyword runFeatureFile: 'Include/features/IST_Real/RTD/Dashboard_for_BO_In_Payment/Generate_Outpayment.feature' and extract report to folder: '/Users/chaidir.pratama01/Katalon Studio/IST_Automation_Git/Reports/20210122_113940/RTD/TS_Dashboard_for_BO_In_Payment/20210122_113944/cucumber_report/1611291489622'...

2021-01-22 11:58:09 - [TEST_CASE][PASSED] - Start Test Case : SCENARIO Genrate Outpayment without select checkbox: SCENARIO Genrate Outpayment without select checkbox

2021-01-22 11:58:09 - [TEST_STEP][PASSED] - Go to ISTools: Go to ISTools

2021-01-22 11:58:09 - [MESSAGE][WARNING] - A browser is already opened. Closing browser and opening a new one

2021-01-22 11:58:09 - [MESSAGE][INFO] - Starting 'Chrome (headless)' driver

2021-01-22 11:58:09 - [MESSAGE][INFO] - User set preference: ['args', '[--start-maximized, --disable-gpu, --no-proxy-server, â€“-no-sandbox, --allow-running-insecure-content, --ignore-certificate-errors, window-size=1680,814, force-device-scale-factor=2, --lang=en-GB]']

2021-01-22 11:58:09 - [MESSAGE][INFO] - User set preference: ['prefs', '{download.default_directory=/Users/chaidir.pratama01/Katalon Studio/IST_Automation_Git/Download}']

2021-01-22 11:58:09 - [MESSAGE][INFO] - Action delay is set to 0 milliseconds

2021-01-22 11:58:10 - [MESSAGE][PASSED] - Browser is opened with url: ''

2021-01-22 11:58:10 - [MESSAGE][PASSED] - Navigate to 'https://dev-istools.homecredit.id/foundation/' successfully

2021-01-22 11:58:10 - [MESSAGE][PASSED] - Go to ISTools

2021-01-22 11:58:10 - [TEST_STEP][PASSED] - Login IST with valid credentials: Login IST with valid credentials

2021-01-22 11:58:11 - [MESSAGE][PASSED] - Text 'mobile.test' is set on object 'Object Repository/Page_/input_Username_j_username'

2021-01-22 11:58:11 - [MESSAGE][PASSED] - Text ****** has been set on object 'Object Repository/Page_/input_Password_j_password'

2021-01-22 11:58:11 - [MESSAGE][PASSED] - Object: 'Object Repository/Page_/button_Login' is clicked on

2021-01-22 11:58:11 - [MESSAGE][PASSED] - Login IST with valid credentials

2021-01-22 11:58:11 - [TEST_STEP][PASSED] - Login Success: Login Success

2021-01-22 11:58:11 - [MESSAGE][INFO] - Login Success

2021-01-22 11:58:11 - [MESSAGE][PASSED] - Current window maximized

2021-01-22 11:58:11 - [MESSAGE][PASSED] - Object 'Object Repository/Page_/h1_Welcome to IT Supporting Tools' is present

2021-01-22 11:58:11 - [MESSAGE][PASSED] - Login Success

2021-01-22 11:58:11 - [TEST_STEP][PASSED] - Select Arrow Menu "Real Time Disbursement": Select Arrow Menu "Real Time Disbursement"

2021-01-22 11:58:11 - [MESSAGE][PASSED] - Object: '' is clicked on

2021-01-22 11:58:11 - [MESSAGE][PASSED] - Select Arrow Menu "Real Time Disbursement"

2021-01-22 11:58:11 - [TEST_STEP][PASSED] - Select Menu "Dashboard for BO In Payment": Select Menu "Dashboard for BO In Payment"

2021-01-22 11:58:12 - [MESSAGE][PASSED] - Taking screenshot successfully
[[ATTACHMENT|/Users/chaidir.pratama01/Documents/Docs/Katalon Studio/Screenshot/test-Dashboard for BO In Payment.png]]

2021-01-22 11:58:12 - [MESSAGE][PASSED] - Object '' is present

2021-01-22 11:58:12 - [MESSAGE][PASSED] - Object: '' is clicked on

2021-01-22 11:58:12 - [MESSAGE][PASSED] - Wait for page load successfully

2021-01-22 11:58:12 - [MESSAGE][PASSED] - Select Menu "Dashboard for BO In Payment"

2021-01-22 11:58:12 - [TEST_STEP][PASSED] - Select STATUS "Manual Disbursement": Select STATUS "Manual Disbursement"

2021-01-22 11:58:12 - [MESSAGE][PASSED] - All options with value 'Manual Disbursement' are selected in object ''  using regular expression

2021-01-22 11:58:12 - [MESSAGE][PASSED] - Select STATUS "Manual Disbursement"

2021-01-22 11:58:12 - [TEST_STEP][PASSED] - Click button "Search": Click button "Search"

2021-01-22 11:58:12 - [MESSAGE][INFO] - >>>>>//Button[contains(text(),'Search')]

2021-01-22 11:58:15 - [MESSAGE][PASSED] - Object '' is present

2021-01-22 11:58:15 - [MESSAGE][PASSED] - Object: '' is clicked on

2021-01-22 11:58:15 - [MESSAGE][PASSED] - Switched to window with index: '0'

2021-01-22 11:58:15 - [MESSAGE][PASSED] - Click button "Search"

2021-01-22 11:58:15 - [TEST_STEP][PASSED] - Verify Table Filled: Verify Table Filled

2021-01-22 11:58:15 - [MESSAGE][PASSED] - Object '' is present

2021-01-22 11:58:15 - [MESSAGE][PASSED] - Verify Table Filled

2021-01-22 11:58:15 - [TEST_STEP][PASSED] - Click button "Generate Outpayment": Click button "Generate Outpayment"

2021-01-22 11:58:15 - [MESSAGE][INFO] - >>>>>//Button[contains(text(),'Generate Outpayment')]

2021-01-22 11:58:18 - [MESSAGE][PASSED] - Object '' is present

2021-01-22 11:58:19 - [MESSAGE][PASSED] - Object: '' is clicked on

2021-01-22 11:58:19 - [MESSAGE][PASSED] - Switched to window with index: '0'

2021-01-22 11:58:19 - [MESSAGE][PASSED] - Click button "Generate Outpayment"

2021-01-22 11:58:19 - [TEST_STEP][PASSED] - Get text from pop up "Warning Message" with text "Warning : No data selected !": Get text from pop up "Warning Message" with text "Warning : No data selected !"

2021-01-22 11:58:19 - [MESSAGE][PASSED] - Taking screenshot successfully
[[ATTACHMENT|/Users/chaidir.pratama01/Documents/Docs/Katalon Studio/Screenshot/errorpopup.png]]

2021-01-22 11:58:19 - [MESSAGE][PASSED] - Object '' is present

2021-01-22 11:58:19 - [MESSAGE][PASSED] - Wait for page load successfully

2021-01-22 11:58:19 - [MESSAGE][PASSED] - Wait for page load successfully

2021-01-22 11:58:19 - [MESSAGE][PASSED] - Get text from pop up "Warning Message" with text "Warning : No data selected !"

2021-01-22 11:58:19 - [TEST_STEP][PASSED] - Click button "OK": Click button "OK"

2021-01-22 11:58:19 - [MESSAGE][INFO] - >>>>>//Button[contains(text(),'OK')]

2021-01-22 11:58:22 - [MESSAGE][PASSED] - Object '' is present

2021-01-22 11:58:22 - [MESSAGE][PASSED] - Object: '' is clicked on

2021-01-22 11:58:22 - [MESSAGE][PASSED] - Switched to window with index: '0'

2021-01-22 11:58:22 - [MESSAGE][PASSED] - Click button "OK"

2021-01-22 11:58:22 - [TEST_STEP][PASSED] - Click button "Logout": Click button "Logout"

2021-01-22 11:58:22 - [MESSAGE][INFO] - >>>>>//Button[contains(text(),'Logout')]

2021-01-22 11:58:25 - [MESSAGE][PASSED] - Object '' is present

2021-01-22 11:58:25 - [MESSAGE][PASSED] - Object: '' is clicked on

2021-01-22 11:58:25 - [MESSAGE][PASSED] - Switched to window with index: '0'

2021-01-22 11:58:25 - [MESSAGE][PASSED] - Click button "Logout"

2021-01-22 11:58:25 - [TEST_STEP][PASSED] - Close browser: Close browser

2021-01-22 11:58:25 - [MESSAGE][PASSED] - Browser is closed

2021-01-22 11:58:25 - [MESSAGE][PASSED] - Close browser

2021-01-22 11:58:26 - [TEST_CASE][PASSED] - Start Test Case : SCENARIO Genrate Outpayment and select checkbox first: SCENARIO Genrate Outpayment and select checkbox first

2021-01-22 11:58:26 - [TEST_STEP][PASSED] - Go to ISTools: Go to ISTools

2021-01-22 11:58:26 - [MESSAGE][INFO] - Starting 'Chrome (headless)' driver

2021-01-22 11:58:26 - [MESSAGE][INFO] - User set preference: ['args', '[--start-maximized, --disable-gpu, --no-proxy-server, â€“-no-sandbox, --allow-running-insecure-content, --ignore-certificate-errors, window-size=1680,814, force-device-scale-factor=2, --lang=en-GB]']

2021-01-22 11:58:26 - [MESSAGE][INFO] - User set preference: ['prefs', '{download.default_directory=/Users/chaidir.pratama01/Katalon Studio/IST_Automation_Git/Download}']

2021-01-22 11:58:26 - [MESSAGE][INFO] - Action delay is set to 0 milliseconds

2021-01-22 11:58:26 - [MESSAGE][PASSED] - Browser is opened with url: ''

2021-01-22 11:58:27 - [MESSAGE][PASSED] - Navigate to 'https://dev-istools.homecredit.id/foundation/' successfully

2021-01-22 11:58:27 - [MESSAGE][PASSED] - Go to ISTools

2021-01-22 11:58:27 - [TEST_STEP][PASSED] - Login IST with valid credentials: Login IST with valid credentials

2021-01-22 11:58:27 - [MESSAGE][PASSED] - Text 'mobile.test' is set on object 'Object Repository/Page_/input_Username_j_username'

2021-01-22 11:58:27 - [MESSAGE][PASSED] - Text ****** has been set on object 'Object Repository/Page_/input_Password_j_password'

2021-01-22 11:58:27 - [MESSAGE][PASSED] - Object: 'Object Repository/Page_/button_Login' is clicked on

2021-01-22 11:58:27 - [MESSAGE][PASSED] - Login IST with valid credentials

2021-01-22 11:58:27 - [TEST_STEP][PASSED] - Login Success: Login Success

2021-01-22 11:58:27 - [MESSAGE][INFO] - Login Success

2021-01-22 11:58:27 - [MESSAGE][PASSED] - Current window maximized

2021-01-22 11:58:27 - [MESSAGE][PASSED] - Object 'Object Repository/Page_/h1_Welcome to IT Supporting Tools' is present

2021-01-22 11:58:27 - [MESSAGE][PASSED] - Login Success

2021-01-22 11:58:27 - [TEST_STEP][PASSED] - Select Arrow Menu "Real Time Disbursement": Select Arrow Menu "Real Time Disbursement"

2021-01-22 11:58:27 - [MESSAGE][PASSED] - Object: '' is clicked on

2021-01-22 11:58:27 - [MESSAGE][PASSED] - Select Arrow Menu "Real Time Disbursement"

2021-01-22 11:58:27 - [TEST_STEP][PASSED] - Select Menu "Dashboard for BO In Payment": Select Menu "Dashboard for BO In Payment"

2021-01-22 11:58:28 - [MESSAGE][PASSED] - Taking screenshot successfully
[[ATTACHMENT|/Users/chaidir.pratama01/Documents/Docs/Katalon Studio/Screenshot/test-Dashboard for BO In Payment.png]]

2021-01-22 11:58:28 - [MESSAGE][PASSED] - Object '' is present

2021-01-22 11:58:28 - [MESSAGE][PASSED] - Object: '' is clicked on

2021-01-22 11:58:28 - [MESSAGE][PASSED] - Wait for page load successfully

2021-01-22 11:58:28 - [MESSAGE][PASSED] - Select Menu "Dashboard for BO In Payment"

2021-01-22 11:58:28 - [TEST_STEP][PASSED] - Select STATUS "Manual Disbursement": Select STATUS "Manual Disbursement"

2021-01-22 11:58:28 - [MESSAGE][PASSED] - All options with value 'Manual Disbursement' are selected in object ''  using regular expression

2021-01-22 11:58:28 - [MESSAGE][PASSED] - Select STATUS "Manual Disbursement"

2021-01-22 11:58:28 - [TEST_STEP][PASSED] - Click button "Search": Click button "Search"

2021-01-22 11:58:28 - [MESSAGE][INFO] - >>>>>//Button[contains(text(),'Search')]

2021-01-22 11:58:31 - [MESSAGE][PASSED] - Object '' is present

2021-01-22 11:58:31 - [MESSAGE][PASSED] - Object: '' is clicked on

2021-01-22 11:58:31 - [MESSAGE][PASSED] - Switched to window with index: '0'

2021-01-22 11:58:31 - [MESSAGE][PASSED] - Click button "Search"

2021-01-22 11:58:31 - [TEST_STEP][PASSED] - Verify Table Filled: Verify Table Filled

2021-01-22 11:58:32 - [MESSAGE][PASSED] - Object '' is present

2021-01-22 11:58:32 - [MESSAGE][PASSED] - Verify Table Filled

2021-01-22 11:58:32 - [TEST_STEP][PASSED] - Click Checkbox: Click Checkbox

2021-01-22 11:58:32 - [MESSAGE][PASSED] - Object: '' is clicked on

2021-01-22 11:58:32 - [MESSAGE][PASSED] - Click Checkbox

2021-01-22 11:58:32 - [TEST_STEP][PASSED] - Click button "Generate Outpayment": Click button "Generate Outpayment"

2021-01-22 11:58:32 - [MESSAGE][INFO] - >>>>>//Button[contains(text(),'Generate Outpayment')]

2021-01-22 11:58:35 - [MESSAGE][PASSED] - Object '' is present

2021-01-22 11:58:35 - [MESSAGE][PASSED] - Object: '' is clicked on

2021-01-22 11:58:35 - [MESSAGE][PASSED] - Switched to window with index: '0'

2021-01-22 11:58:35 - [MESSAGE][PASSED] - Click button "Generate Outpayment"

2021-01-22 11:58:35 - [TEST_STEP][PASSED] - Get text from pop up "Success Message" with text "Generate Outpayment File Success": Get text from pop up "Success Message" with text "Generate Outpayment File Success"

2021-01-22 11:58:35 - [MESSAGE][PASSED] - Taking screenshot successfully
[[ATTACHMENT|/Users/chaidir.pratama01/Documents/Docs/Katalon Studio/Screenshot/errorpopup.png]]

2021-01-22 11:58:36 - [MESSAGE][PASSED] - Object '' is present

2021-01-22 11:58:36 - [MESSAGE][PASSED] - Wait for page load successfully

2021-01-22 11:58:36 - [MESSAGE][PASSED] - Wait for page load successfully

2021-01-22 11:58:36 - [MESSAGE][PASSED] - Get text from pop up "Success Message" with text "Generate Outpayment File Success"

2021-01-22 11:58:36 - [TEST_STEP][PASSED] - Click button "OK": Click button "OK"

2021-01-22 11:58:36 - [MESSAGE][INFO] - >>>>>//Button[contains(text(),'OK')]

2021-01-22 11:58:39 - [MESSAGE][PASSED] - Object '' is present

2021-01-22 11:58:39 - [MESSAGE][PASSED] - Object: '' is clicked on

2021-01-22 11:58:39 - [MESSAGE][PASSED] - Switched to window with index: '0'

2021-01-22 11:58:39 - [MESSAGE][PASSED] - Click button "OK"

2021-01-22 11:58:39 - [TEST_STEP][PASSED] - Click button "Logout": Click button "Logout"

2021-01-22 11:58:39 - [MESSAGE][INFO] - >>>>>//Button[contains(text(),'Logout')]

2021-01-22 11:58:42 - [MESSAGE][PASSED] - Object '' is present

2021-01-22 11:58:42 - [MESSAGE][PASSED] - Object: '' is clicked on

2021-01-22 11:58:42 - [MESSAGE][PASSED] - Switched to window with index: '0'

2021-01-22 11:58:42 - [MESSAGE][PASSED] - Click button "Logout"

2021-01-22 11:58:42 - [TEST_STEP][PASSED] - Close browser: Close browser

2021-01-22 11:58:42 - [MESSAGE][PASSED] - Browser is closed

2021-01-22 11:58:42 - [MESSAGE][PASSED] - Close browser

2021-01-22 11:58:42 - [MESSAGE][PASSED] - Feature file: 'Include/features/IST_Real/RTD/Dashboard_for_BO_In_Payment/Generate_Outpayment.feature' was passed]]></system-out>
         <system-err><![CDATA[]]></system-err>
      </testcase>
      <testcase name="Test Cases/RTD/Dashboard for BO in Payment/TC_Search_by_Contract_Number" time="9.798" classname="Test Cases/RTD/Dashboard for BO in Payment/TC_Search_by_Contract_Number" status="PASSED">
         <system-out><![CDATA[2021-01-22 11:58:42 - [TEST_CASE][PASSED] - Test Cases/RTD/Dashboard for BO in Payment/TC_Search_by_Contract_Number: Test Cases/RTD/Dashboard for BO in Payment/TC_Search_by_Contract_Number

2021-01-22 11:58:42 - [TEST_STEP][PASSED] - runFeatureFile("Include/features/IST_Real/RTD/Dashboard_for_BO_In_Payment/Search_by_Contract_Number.feature"): Feature file: 'Include/features/IST_Real/RTD/Dashboard_for_BO_In_Payment/Search_by_Contract_Number.feature' was passed

2021-01-22 11:58:42 - [MESSAGE][INFO] - Starting run keyword runFeatureFile: 'Include/features/IST_Real/RTD/Dashboard_for_BO_In_Payment/Search_by_Contract_Number.feature' and extract report to folder: '/Users/chaidir.pratama01/Katalon Studio/IST_Automation_Git/Reports/20210122_113940/RTD/TS_Dashboard_for_BO_In_Payment/20210122_113944/cucumber_report/1611291522467'...

2021-01-22 11:58:42 - [TEST_CASE][PASSED] - Start Test Case : SCENARIO Search by Contract Number and it found on Dashboard: SCENARIO Search by Contract Number and it found on Dashboard

2021-01-22 11:58:42 - [TEST_STEP][PASSED] - Go to ISTools: Go to ISTools

2021-01-22 11:58:42 - [MESSAGE][INFO] - Starting 'Chrome (headless)' driver

2021-01-22 11:58:42 - [MESSAGE][INFO] - User set preference: ['args', '[--start-maximized, --disable-gpu, --no-proxy-server, â€“-no-sandbox, --allow-running-insecure-content, --ignore-certificate-errors, window-size=1680,814, force-device-scale-factor=2, --lang=en-GB]']

2021-01-22 11:58:42 - [MESSAGE][INFO] - User set preference: ['prefs', '{download.default_directory=/Users/chaidir.pratama01/Katalon Studio/IST_Automation_Git/Download}']

2021-01-22 11:58:42 - [MESSAGE][INFO] - Action delay is set to 0 milliseconds

2021-01-22 11:58:42 - [MESSAGE][PASSED] - Browser is opened with url: ''

2021-01-22 11:58:43 - [MESSAGE][PASSED] - Navigate to 'https://dev-istools.homecredit.id/foundation/' successfully

2021-01-22 11:58:43 - [MESSAGE][PASSED] - Go to ISTools

2021-01-22 11:58:43 - [TEST_STEP][PASSED] - Login IST with valid credentials: Login IST with valid credentials

2021-01-22 11:58:43 - [MESSAGE][PASSED] - Text 'mobile.test' is set on object 'Object Repository/Page_/input_Username_j_username'

2021-01-22 11:58:43 - [MESSAGE][PASSED] - Text ****** has been set on object 'Object Repository/Page_/input_Password_j_password'

2021-01-22 11:58:44 - [MESSAGE][PASSED] - Object: 'Object Repository/Page_/button_Login' is clicked on

2021-01-22 11:58:44 - [MESSAGE][PASSED] - Login IST with valid credentials

2021-01-22 11:58:44 - [TEST_STEP][PASSED] - Login Success: Login Success

2021-01-22 11:58:44 - [MESSAGE][INFO] - Login Success

2021-01-22 11:58:44 - [MESSAGE][PASSED] - Current window maximized

2021-01-22 11:58:44 - [MESSAGE][PASSED] - Object 'Object Repository/Page_/h1_Welcome to IT Supporting Tools' is present

2021-01-22 11:58:44 - [MESSAGE][PASSED] - Login Success

2021-01-22 11:58:44 - [TEST_STEP][PASSED] - Select Arrow Menu "Real Time Disbursement": Select Arrow Menu "Real Time Disbursement"

2021-01-22 11:58:44 - [MESSAGE][PASSED] - Object: '' is clicked on

2021-01-22 11:58:44 - [MESSAGE][PASSED] - Select Arrow Menu "Real Time Disbursement"

2021-01-22 11:58:44 - [TEST_STEP][PASSED] - Select Menu "Dashboard for BO In Payment": Select Menu "Dashboard for BO In Payment"

2021-01-22 11:58:44 - [MESSAGE][PASSED] - Taking screenshot successfully
[[ATTACHMENT|/Users/chaidir.pratama01/Documents/Docs/Katalon Studio/Screenshot/test-Dashboard for BO In Payment.png]]

2021-01-22 11:58:44 - [MESSAGE][PASSED] - Object '' is present

2021-01-22 11:58:45 - [MESSAGE][PASSED] - Object: '' is clicked on

2021-01-22 11:58:45 - [MESSAGE][PASSED] - Wait for page load successfully

2021-01-22 11:58:45 - [MESSAGE][PASSED] - Select Menu "Dashboard for BO In Payment"

2021-01-22 11:58:45 - [TEST_STEP][PASSED] - Input Contract RTD in Contract Number label: Input Contract RTD in Contract Number label

2021-01-22 11:58:45 - [MESSAGE][PASSED] - Text '4000014162' is set on object ''

2021-01-22 11:58:45 - [MESSAGE][PASSED] - Input Contract RTD in Contract Number label

2021-01-22 11:58:45 - [TEST_STEP][PASSED] - Click button "Search": Click button "Search"

2021-01-22 11:58:45 - [MESSAGE][INFO] - >>>>>//Button[contains(text(),'Search')]

2021-01-22 11:58:48 - [MESSAGE][PASSED] - Object '' is present

2021-01-22 11:58:48 - [MESSAGE][PASSED] - Object: '' is clicked on

2021-01-22 11:58:48 - [MESSAGE][PASSED] - Switched to window with index: '0'

2021-01-22 11:58:48 - [MESSAGE][PASSED] - Click button "Search"

2021-01-22 11:58:48 - [TEST_STEP][PASSED] - Verify Search Result Presents: Verify Search Result Presents

2021-01-22 11:58:48 - [MESSAGE][PASSED] - Object '' is present

2021-01-22 11:58:48 - [MESSAGE][PASSED] - Verify Search Result Presents

2021-01-22 11:58:48 - [TEST_STEP][PASSED] - Click button "Logout": Click button "Logout"

2021-01-22 11:58:48 - [MESSAGE][INFO] - >>>>>//Button[contains(text(),'Logout')]

2021-01-22 11:58:51 - [MESSAGE][PASSED] - Object '' is present

2021-01-22 11:58:52 - [MESSAGE][PASSED] - Object: '' is clicked on

2021-01-22 11:58:52 - [MESSAGE][PASSED] - Switched to window with index: '0'

2021-01-22 11:58:52 - [MESSAGE][PASSED] - Click button "Logout"

2021-01-22 11:58:52 - [TEST_STEP][PASSED] - Close browser: Close browser

2021-01-22 11:58:52 - [MESSAGE][PASSED] - Browser is closed

2021-01-22 11:58:52 - [MESSAGE][PASSED] - Close browser

2021-01-22 11:58:52 - [MESSAGE][PASSED] - Feature file: 'Include/features/IST_Real/RTD/Dashboard_for_BO_In_Payment/Search_by_Contract_Number.feature' was passed]]></system-out>
         <system-err><![CDATA[]]></system-err>
      </testcase>
      <system-out><![CDATA[2021-01-22 11:54:53 - [TEST_SUITE][PASSED] - TS_Dashboard_for_BO_In_Payment: Test Cases/RTD/Dashboard for BO in Payment/TC_Search_by_Contract_Number]]></system-out>
      <system-err><![CDATA[]]></system-err>
   </testsuite>
   <testsuite name="TS_Dashboard_for_Risk" tests="4" failures="1" errors="0" time="210.364" timestamp="2021-01-22 11:59:45" hostname="chaidir.pratama01 - localhost" id="Test Suites/RTD/TS_Dashboard_for_Risk">
      <properties>
         <property name="deviceName" value=""/>
         <property name="devicePlatform" value=""/>
         <property name="logFolder" value="/Users/chaidir.pratama01/Katalon Studio/IST_Automation_Git/Reports/20210122_113940/RTD/TS_Dashboard_for_Risk/20210122_113945"/>
         <property name="logFiles" value="/Users/chaidir.pratama01/Katalon Studio/IST_Automation_Git/Reports/20210122_113940/RTD/TS_Dashboard_for_Risk/20210122_113945/execution0.log"/>
         <property name="attachments" value="/Users/chaidir.pratama01/Documents/Docs/Katalon Studio/Screenshot/test-Dashboard for Risk.png, /Users/chaidir.pratama01/Documents/Docs/Katalon Studio/Screenshot/test-Dashboard for Risk.png, /Users/chaidir.pratama01/Documents/Docs/Katalon Studio/Screenshot/Download_data.png, /Users/chaidir.pratama01/Documents/Docs/Katalon Studio/Screenshot/test-Dashboard for Risk.png, /Users/chaidir.pratama01/Documents/Docs/Katalon Studio/Screenshot/test-Dashboard for Risk.png, /Users/chaidir.pratama01/Documents/Docs/Katalon Studio/Screenshot/test-Dashboard for Risk.png, /Users/chaidir.pratama01/Documents/Docs/Katalon Studio/Screenshot/test-Dashboard for Risk.png, /Users/chaidir.pratama01/Documents/Docs/Katalon Studio/Screenshot/test-Dashboard for Risk.png, /Users/chaidir.pratama01/Documents/Docs/Katalon Studio/Screenshot/test-Dashboard for Risk.png, /Users/chaidir.pratama01/Documents/Docs/Katalon Studio/Screenshot/test-Dashboard for Risk.png, /Users/chaidir.pratama01/Katalon Studio/IST_Automation_Git/Reports/20210122_113940/RTD/TS_Dashboard_for_Risk/20210122_113945/1611291722896.png, /Users/chaidir.pratama01/Documents/Docs/Katalon Studio/Screenshot/test-Dashboard for Risk.png, /Users/chaidir.pratama01/Katalon Studio/IST_Automation_Git/Reports/20210122_113940/RTD/TS_Dashboard_for_Risk/20210122_113945/1611291736740.png, /Users/chaidir.pratama01/Documents/Docs/Katalon Studio/Screenshot/test-Dashboard for Risk.png, /Users/chaidir.pratama01/Documents/Docs/Katalon Studio/Screenshot/test-Dashboard for Risk.png, /Users/chaidir.pratama01/Documents/Docs/Katalon Studio/Screenshot/test-Dashboard for Risk.png, /Users/chaidir.pratama01/Documents/Docs/Katalon Studio/Screenshot/test-Dashboard for Risk.png"/>
         <property name="hostName" value="chaidir.pratama01 - localhost"/>
         <property name="os" value="Mac OS X 64bit"/>
         <property name="katalonVersion" value="7.6.0.${buildNumber}"/>
         <property name="browser" value="Chrome 87.0.4280.141"/>
         <property name="hostAddress" value="127.0.0.1"/>
         <property name="sessionId" value="b1f74e0d728f90400fa43b64308a88bb"/>
         <property name="seleniumVersion" value="3.141.59"/>
         <property name="proxyInformation" value="ProxyInformation { proxyOption=NO_PROXY, proxyServerType=HTTP, username=, password=********, proxyServerAddress=, proxyServerPort=0, executionList=\&quot;\&quot;, isApplyToDesiredCapabilities=true }"/>
         <property name="platform" value="Mac OS X"/>
      </properties>
      <testcase name="Test Cases/RTD/Dashboard for Risk/TC_View_Detail_Dashboard_for_Risk" time="39.862" classname="Test Cases/RTD/Dashboard for Risk/TC_View_Detail_Dashboard_for_Risk" status="FAILED">
         <failure type="FAILED" message="Test Cases/RTD/Dashboard for Risk/TC_View_Detail_Dashboard_for_Risk FAILED.
Reason:
com.kms.katalon.core.exception.StepFailedException: Feature file 'Include/features/IST_Real/RTD/Dashboard_for_Risk/View_Detail_Dashboard_for_Risk.feature' was failed
	at com.kms.katalon.core.keyword.internal.KeywordMain.stepFailed(KeywordMain.groovy:50)
	at com.kms.katalon.core.keyword.internal.KeywordMain.stepFailed(KeywordMain.groovy)
	at com.kms.katalon.core.keyword.internal.KeywordMain.stepFailed(KeywordMain.groovy:23)
	at com.kms.katalon.core.keyword.internal.KeywordMain$stepFailed$0.call(Unknown Source)
	at com.kms.katalon.core.cucumber.keyword.CucumberBuiltinKeywords$_runFeatureFile_closure1.doCall(CucumberBuiltinKeywords.groovy:82)
	at com.kms.katalon.core.cucumber.keyword.CucumberBuiltinKeywords$_runFeatureFile_closure1.doCall(CucumberBuiltinKeywords.groovy)
	at com.kms.katalon.core.keyword.internal.KeywordMain.runKeyword(KeywordMain.groovy:68)
	at com.kms.katalon.core.keyword.internal.KeywordMain$runKeyword.call(Unknown Source)
	at com.kms.katalon.core.cucumber.keyword.CucumberBuiltinKeywords.runFeatureFile(CucumberBuiltinKeywords.groovy:46)
	at com.kms.katalon.core.cucumber.keyword.CucumberBuiltinKeywords$runFeatureFile$0.callStatic(Unknown Source)
	at com.kms.katalon.core.cucumber.keyword.CucumberBuiltinKeywords.runFeatureFile(CucumberBuiltinKeywords.groovy:169)
	at com.kms.katalon.core.cucumber.keyword.CucumberBuiltinKeywords$runFeatureFile.call(Unknown Source)
	at TC_View_Detail_Dashboard_for_Risk.run(TC_View_Detail_Dashboard_for_Risk:18)
	at com.kms.katalon.core.main.ScriptEngine.run(ScriptEngine.java:194)
	at com.kms.katalon.core.main.ScriptEngine.runScriptAsRawText(ScriptEngine.java:119)
	at com.kms.katalon.core.main.TestCaseExecutor.runScript(TestCaseExecutor.java:339)
	at com.kms.katalon.core.main.TestCaseExecutor.doExecute(TestCaseExecutor.java:330)
	at com.kms.katalon.core.main.TestCaseExecutor.processExecutionPhase(TestCaseExecutor.java:309)
	at com.kms.katalon.core.main.TestCaseExecutor.accessMainPhase(TestCaseExecutor.java:301)
	at com.kms.katalon.core.main.TestCaseExecutor.execute(TestCaseExecutor.java:235)
	at com.kms.katalon.core.main.TestSuiteExecutor.accessTestCaseMainPhase(TestSuiteExecutor.java:191)
	at com.kms.katalon.core.main.TestSuiteExecutor.accessTestSuiteMainPhase(TestSuiteExecutor.java:141)
	at com.kms.katalon.core.main.TestSuiteExecutor.execute(TestSuiteExecutor.java:90)
	at com.kms.katalon.core.main.TestCaseMain.startTestSuite(TestCaseMain.java:157)
	at com.kms.katalon.core.main.TestCaseMain$startTestSuite$0.call(Unknown Source)
	at TempTestSuite1611290385324.run(TempTestSuite1611290385324.groovy:39)
"/>
         <system-out><![CDATA[2021-01-22 11:59:45 - [TEST_CASE][FAILED] - Test Cases/RTD/Dashboard for Risk/TC_View_Detail_Dashboard_for_Risk: Test Cases/RTD/Dashboard for Risk/TC_View_Detail_Dashboard_for_Risk FAILED.
Reason:
com.kms.katalon.core.exception.StepFailedException: Feature file 'Include/features/IST_Real/RTD/Dashboard_for_Risk/View_Detail_Dashboard_for_Risk.feature' was failed
	at com.kms.katalon.core.keyword.internal.KeywordMain.stepFailed(KeywordMain.groovy:50)
	at com.kms.katalon.core.keyword.internal.KeywordMain.stepFailed(KeywordMain.groovy)
	at com.kms.katalon.core.keyword.internal.KeywordMain.stepFailed(KeywordMain.groovy:23)
	at com.kms.katalon.core.keyword.internal.KeywordMain$stepFailed$0.call(Unknown Source)
	at com.kms.katalon.core.cucumber.keyword.CucumberBuiltinKeywords$_runFeatureFile_closure1.doCall(CucumberBuiltinKeywords.groovy:82)
	at com.kms.katalon.core.cucumber.keyword.CucumberBuiltinKeywords$_runFeatureFile_closure1.doCall(CucumberBuiltinKeywords.groovy)
	at com.kms.katalon.core.keyword.internal.KeywordMain.runKeyword(KeywordMain.groovy:68)
	at com.kms.katalon.core.keyword.internal.KeywordMain$runKeyword.call(Unknown Source)
	at com.kms.katalon.core.cucumber.keyword.CucumberBuiltinKeywords.runFeatureFile(CucumberBuiltinKeywords.groovy:46)
	at com.kms.katalon.core.cucumber.keyword.CucumberBuiltinKeywords$runFeatureFile$0.callStatic(Unknown Source)
	at com.kms.katalon.core.cucumber.keyword.CucumberBuiltinKeywords.runFeatureFile(CucumberBuiltinKeywords.groovy:169)
	at com.kms.katalon.core.cucumber.keyword.CucumberBuiltinKeywords$runFeatureFile.call(Unknown Source)
	at TC_View_Detail_Dashboard_for_Risk.run(TC_View_Detail_Dashboard_for_Risk:18)
	at com.kms.katalon.core.main.ScriptEngine.run(ScriptEngine.java:194)
	at com.kms.katalon.core.main.ScriptEngine.runScriptAsRawText(ScriptEngine.java:119)
	at com.kms.katalon.core.main.TestCaseExecutor.runScript(TestCaseExecutor.java:339)
	at com.kms.katalon.core.main.TestCaseExecutor.doExecute(TestCaseExecutor.java:330)
	at com.kms.katalon.core.main.TestCaseExecutor.processExecutionPhase(TestCaseExecutor.java:309)
	at com.kms.katalon.core.main.TestCaseExecutor.accessMainPhase(TestCaseExecutor.java:301)
	at com.kms.katalon.core.main.TestCaseExecutor.execute(TestCaseExecutor.java:235)
	at com.kms.katalon.core.main.TestSuiteExecutor.accessTestCaseMainPhase(TestSuiteExecutor.java:191)
	at com.kms.katalon.core.main.TestSuiteExecutor.accessTestSuiteMainPhase(TestSuiteExecutor.java:141)
	at com.kms.katalon.core.main.TestSuiteExecutor.execute(TestSuiteExecutor.java:90)
	at com.kms.katalon.core.main.TestCaseMain.startTestSuite(TestCaseMain.java:157)
	at com.kms.katalon.core.main.TestCaseMain$startTestSuite$0.call(Unknown Source)
	at TempTestSuite1611290385324.run(TempTestSuite1611290385324.groovy:39)


2021-01-22 11:59:45 - [TEST_STEP][FAILED] - runFeatureFile("Include/features/IST_Real/RTD/Dashboard_for_Risk/View_Detail_Dashboard_for_Risk.feature"): Keyword runFeatureFile was failed (Root cause: com.kms.katalon.core.exception.StepFailedException: Feature file 'Include/features/IST_Real/RTD/Dashboard_for_Risk/View_Detail_Dashboard_for_Risk.feature' was failed
	at com.kms.katalon.core.keyword.internal.KeywordMain.stepFailed(KeywordMain.groovy:50)
	at com.kms.katalon.core.keyword.internal.KeywordMain.stepFailed(KeywordMain.groovy)
	at com.kms.katalon.core.keyword.internal.KeywordMain.stepFailed(KeywordMain.groovy:23)
	at com.kms.katalon.core.keyword.internal.KeywordMain$stepFailed$0.call(Unknown Source)
	at com.kms.katalon.core.cucumber.keyword.CucumberBuiltinKeywords$_runFeatureFile_closure1.doCall(CucumberBuiltinKeywords.groovy:82)
	at com.kms.katalon.core.cucumber.keyword.CucumberBuiltinKeywords$_runFeatureFile_closure1.doCall(CucumberBuiltinKeywords.groovy)
	at com.kms.katalon.core.keyword.internal.KeywordMain.runKeyword(KeywordMain.groovy:68)
	at com.kms.katalon.core.keyword.internal.KeywordMain$runKeyword.call(Unknown Source)
	at com.kms.katalon.core.cucumber.keyword.CucumberBuiltinKeywords.runFeatureFile(CucumberBuiltinKeywords.groovy:46)
	at com.kms.katalon.core.cucumber.keyword.CucumberBuiltinKeywords$runFeatureFile$0.callStatic(Unknown Source)
	at com.kms.katalon.core.cucumber.keyword.CucumberBuiltinKeywords.runFeatureFile(CucumberBuiltinKeywords.groovy:169)
	at com.kms.katalon.core.cucumber.keyword.CucumberBuiltinKeywords$runFeatureFile.call(Unknown Source)
	at TC_View_Detail_Dashboard_for_Risk.run(TC_View_Detail_Dashboard_for_Risk:18)
	at com.kms.katalon.core.main.ScriptEngine.run(ScriptEngine.java:194)
	at com.kms.katalon.core.main.ScriptEngine.runScriptAsRawText(ScriptEngine.java:119)
	at com.kms.katalon.core.main.TestCaseExecutor.runScript(TestCaseExecutor.java:339)
	at com.kms.katalon.core.main.TestCaseExecutor.doExecute(TestCaseExecutor.java:330)
	at com.kms.katalon.core.main.TestCaseExecutor.processExecutionPhase(TestCaseExecutor.java:309)
	at com.kms.katalon.core.main.TestCaseExecutor.accessMainPhase(TestCaseExecutor.java:301)
	at com.kms.katalon.core.main.TestCaseExecutor.execute(TestCaseExecutor.java:235)
	at com.kms.katalon.core.main.TestSuiteExecutor.accessTestCaseMainPhase(TestSuiteExecutor.java:191)
	at com.kms.katalon.core.main.TestSuiteExecutor.accessTestSuiteMainPhase(TestSuiteExecutor.java:141)
	at com.kms.katalon.core.main.TestSuiteExecutor.execute(TestSuiteExecutor.java:90)
	at com.kms.katalon.core.main.TestCaseMain.startTestSuite(TestCaseMain.java:157)
	at com.kms.katalon.core.main.TestCaseMain$startTestSuite$0.call(Unknown Source)
	at TempTestSuite1611290385324.run(TempTestSuite1611290385324.groovy:39)
)

2021-01-22 11:59:45 - [MESSAGE][INFO] - Starting run keyword runFeatureFile: 'Include/features/IST_Real/RTD/Dashboard_for_Risk/View_Detail_Dashboard_for_Risk.feature' and extract report to folder: '/Users/chaidir.pratama01/Katalon Studio/IST_Automation_Git/Reports/20210122_113940/RTD/TS_Dashboard_for_Risk/20210122_113945/cucumber_report/1611291585817'...

2021-01-22 11:59:46 - [TEST_CASE][FAILED] - Start Test Case : SCENARIO Search by STATUS Success to Disburse and then View Detail of it: SCENARIO Search by STATUS Success to Disburse and then View Detail of it FAILED.
Reason:
java.lang.AssertionError: COUNT OF TABLE HEADER AND CONTENT ROW MUST BE EQUAL;. Expression: (content_row_count == array_header_table.size()). Values: content_row_count = 11
	at RTD.view_details_information(RTD.groovy:320)
	at âœ½.Verify Information in View Detail(/Users/chaidir.pratama01/Katalon Studio/IST_Automation_Git/Include/features/IST_Real/RTD/Dashboard_for_Risk/View_Detail_Dashboard_for_Risk.feature:36)


2021-01-22 11:59:46 - [TEST_STEP][PASSED] - Go to ISTools: Go to ISTools

2021-01-22 11:59:46 - [MESSAGE][INFO] - Starting 'Chrome (headless)' driver

2021-01-22 11:59:46 - [MESSAGE][INFO] - User set preference: ['args', '[--start-maximized, --disable-gpu, --no-proxy-server, â€“-no-sandbox, --allow-running-insecure-content, --ignore-certificate-errors, window-size=1680,814, force-device-scale-factor=2, --lang=en-GB]']

2021-01-22 11:59:46 - [MESSAGE][INFO] - User set preference: ['prefs', '{download.default_directory=/Users/chaidir.pratama01/Katalon Studio/IST_Automation_Git/Download}']

2021-01-22 11:59:46 - [MESSAGE][INFO] - Action delay is set to 0 milliseconds

2021-01-22 11:59:47 - [MESSAGE][PASSED] - Browser is opened with url: ''

2021-01-22 11:59:48 - [MESSAGE][PASSED] - Navigate to 'https://dev-istools.homecredit.id/foundation/' successfully

2021-01-22 11:59:48 - [MESSAGE][PASSED] - Go to ISTools

2021-01-22 11:59:48 - [TEST_STEP][PASSED] - Login IST with valid credentials: Login IST with valid credentials

2021-01-22 11:59:49 - [MESSAGE][PASSED] - Text 'mobile.test' is set on object 'Object Repository/Page_/input_Username_j_username'

2021-01-22 11:59:49 - [MESSAGE][PASSED] - Text ****** has been set on object 'Object Repository/Page_/input_Password_j_password'

2021-01-22 11:59:49 - [MESSAGE][PASSED] - Object: 'Object Repository/Page_/button_Login' is clicked on

2021-01-22 11:59:49 - [MESSAGE][PASSED] - Login IST with valid credentials

2021-01-22 11:59:49 - [TEST_STEP][PASSED] - Login Success: Login Success

2021-01-22 11:59:49 - [MESSAGE][INFO] - Login Success

2021-01-22 11:59:49 - [MESSAGE][PASSED] - Current window maximized

2021-01-22 11:59:49 - [MESSAGE][PASSED] - Object 'Object Repository/Page_/h1_Welcome to IT Supporting Tools' is present

2021-01-22 11:59:49 - [MESSAGE][PASSED] - Login Success

2021-01-22 11:59:49 - [TEST_STEP][PASSED] - Select Arrow Menu "Real Time Disbursement": Select Arrow Menu "Real Time Disbursement"

2021-01-22 11:59:49 - [MESSAGE][PASSED] - Object: '' is clicked on

2021-01-22 11:59:49 - [MESSAGE][PASSED] - Select Arrow Menu "Real Time Disbursement"

2021-01-22 11:59:49 - [TEST_STEP][PASSED] - Select Menu "Dashboard for Risk": Select Menu "Dashboard for Risk"

2021-01-22 11:59:50 - [MESSAGE][PASSED] - Taking screenshot successfully
[[ATTACHMENT|/Users/chaidir.pratama01/Documents/Docs/Katalon Studio/Screenshot/test-Dashboard for Risk.png]]

2021-01-22 11:59:50 - [MESSAGE][PASSED] - Object '' is present

2021-01-22 11:59:50 - [MESSAGE][PASSED] - Object: '' is clicked on

2021-01-22 11:59:50 - [MESSAGE][PASSED] - Wait for page load successfully

2021-01-22 11:59:50 - [MESSAGE][PASSED] - Select Menu "Dashboard for Risk"

2021-01-22 11:59:50 - [TEST_STEP][PASSED] - Select STATUS "Success to Disburse": Select STATUS "Success to Disburse"

2021-01-22 11:59:50 - [MESSAGE][PASSED] - All options with value 'Success to Disburse' are selected in object ''  using regular expression

2021-01-22 11:59:50 - [MESSAGE][PASSED] - Select STATUS "Success to Disburse"

2021-01-22 11:59:50 - [TEST_STEP][PASSED] - Click button "Search": Click button "Search"

2021-01-22 11:59:50 - [MESSAGE][INFO] - >>>>>//Button[contains(text(),'Search')]

2021-01-22 11:59:53 - [MESSAGE][PASSED] - Object '' is present

2021-01-22 11:59:53 - [MESSAGE][PASSED] - Object: '' is clicked on

2021-01-22 11:59:53 - [MESSAGE][PASSED] - Switched to window with index: '0'

2021-01-22 11:59:53 - [MESSAGE][PASSED] - Click button "Search"

2021-01-22 11:59:53 - [TEST_STEP][PASSED] - Verify Search Result Presents: Verify Search Result Presents

2021-01-22 11:59:54 - [MESSAGE][PASSED] - Object '' is present

2021-01-22 11:59:54 - [MESSAGE][PASSED] - Verify Search Result Presents

2021-01-22 11:59:54 - [TEST_STEP][PASSED] - Click View Detail: Click View Detail

2021-01-22 11:59:54 - [MESSAGE][PASSED] - Object '' is present

2021-01-22 11:59:54 - [MESSAGE][PASSED] - Object: '' is clicked on

2021-01-22 11:59:54 - [MESSAGE][PASSED] - Click View Detail

2021-01-22 11:59:54 - [TEST_STEP][FAILED] - Verify Information in View Detail: Verify Information in View Detail FAILED.
Reason:
java.lang.AssertionError: COUNT OF TABLE HEADER AND CONTENT ROW MUST BE EQUAL;. Expression: (content_row_count == array_header_table.size()). Values: content_row_count = 11
	at RTD.view_details_information(RTD.groovy:320)
	at âœ½.Verify Information in View Detail(/Users/chaidir.pratama01/Katalon Studio/IST_Automation_Git/Include/features/IST_Real/RTD/Dashboard_for_Risk/View_Detail_Dashboard_for_Risk.feature:36)


2021-01-22 11:59:57 - [MESSAGE][PASSED] - Delayed 3 second(s)

2021-01-22 11:59:57 - [MESSAGE][PASSED] - Attribute 'value' of object '' is: '3900014152'

2021-01-22 12:00:00 - [MESSAGE][PASSED] - Delayed 3 second(s)

2021-01-22 12:00:00 - [MESSAGE][PASSED] - Attribute 'value' of object '' is: 'IDITXLeks TESTERbIvIvO'

2021-01-22 12:00:03 - [MESSAGE][PASSED] - Delayed 3 second(s)

2021-01-22 12:00:03 - [MESSAGE][PASSED] - Attribute 'value' of object '' is: 'Success to Disburse'

2021-01-22 12:00:06 - [MESSAGE][PASSED] - Delayed 3 second(s)

2021-01-22 12:00:06 - [MESSAGE][PASSED] - Attribute 'value' of object '' is: 'Rp 7,000,000'

2021-01-22 12:00:09 - [MESSAGE][PASSED] - Delayed 3 second(s)

2021-01-22 12:00:10 - [MESSAGE][PASSED] - Attribute 'value' of object '' is: 'KESEJAHTERAAN EKONOMI'

2021-01-22 12:00:13 - [MESSAGE][PASSED] - Delayed 3 second(s)

2021-01-22 12:00:13 - [MESSAGE][PASSED] - Attribute 'value' of object '' is: '1'

2021-01-22 12:00:16 - [MESSAGE][PASSED] - Delayed 3 second(s)

2021-01-22 12:00:16 - [MESSAGE][PASSED] - Attribute 'value' of object '' is: 'NAMA ADA DISINI'

2021-01-22 12:00:19 - [MESSAGE][PASSED] - Delayed 3 second(s)

2021-01-22 12:00:19 - [MESSAGE][PASSED] - Attribute 'value' of object '' is: 'KESEJAHTERAAN EKONOMI'

2021-01-22 12:00:22 - [MESSAGE][PASSED] - Delayed 3 second(s)

2021-01-22 12:00:22 - [MESSAGE][PASSED] - Attribute 'value' of object '' is: ''

2021-01-22 12:00:25 - [MESSAGE][PASSED] - Delayed 3 second(s)

2021-01-22 12:00:25 - [MESSAGE][PASSED] - Attribute 'value' of object '' is: ''

2021-01-22 12:00:25 - [MESSAGE][PASSED] - Text of object '' is: 'CUID'

2021-01-22 12:00:25 - [MESSAGE][PASSED] - Text of object '' is: 'Contract Number'

2021-01-22 12:00:25 - [MESSAGE][PASSED] - Text of object '' is: 'Contract Number Old'

2021-01-22 12:00:25 - [MESSAGE][PASSED] - Text of object '' is: 'Status'

2021-01-22 12:00:25 - [MESSAGE][PASSED] - Text of object '' is: 'Update Information'

2021-01-22 12:00:25 - [MESSAGE][FAILED] - Verify Information in View Detail FAILED.
Reason:
java.lang.AssertionError: COUNT OF TABLE HEADER AND CONTENT ROW MUST BE EQUAL;. Expression: (content_row_count == array_header_table.size()). Values: content_row_count = 11
	at RTD.view_details_information(RTD.groovy:320)
	at âœ½.Verify Information in View Detail(/Users/chaidir.pratama01/Katalon Studio/IST_Automation_Git/Include/features/IST_Real/RTD/Dashboard_for_Risk/View_Detail_Dashboard_for_Risk.feature:36)


2021-01-22 12:00:25 - [TEST_STEP][NOT_RUN] - Click button "Logout": Click button "Logout"

2021-01-22 12:00:25 - [MESSAGE][NOT_RUN] - Click button "Logout"

2021-01-22 12:00:25 - [TEST_STEP][NOT_RUN] - Close browser: Close browser

2021-01-22 12:00:25 - [MESSAGE][NOT_RUN] - Close browser

2021-01-22 12:00:25 - [MESSAGE][FAILED] - Feature file 'Include/features/IST_Real/RTD/Dashboard_for_Risk/View_Detail_Dashboard_for_Risk.feature' was failed

2021-01-22 12:00:25 - [MESSAGE][FAILED] - Keyword runFeatureFile was failed (Root cause: com.kms.katalon.core.exception.StepFailedException: Feature file 'Include/features/IST_Real/RTD/Dashboard_for_Risk/View_Detail_Dashboard_for_Risk.feature' was failed
	at com.kms.katalon.core.keyword.internal.KeywordMain.stepFailed(KeywordMain.groovy:50)
	at com.kms.katalon.core.keyword.internal.KeywordMain.stepFailed(KeywordMain.groovy)
	at com.kms.katalon.core.keyword.internal.KeywordMain.stepFailed(KeywordMain.groovy:23)
	at com.kms.katalon.core.keyword.internal.KeywordMain$stepFailed$0.call(Unknown Source)
	at com.kms.katalon.core.cucumber.keyword.CucumberBuiltinKeywords$_runFeatureFile_closure1.doCall(CucumberBuiltinKeywords.groovy:82)
	at com.kms.katalon.core.cucumber.keyword.CucumberBuiltinKeywords$_runFeatureFile_closure1.doCall(CucumberBuiltinKeywords.groovy)
	at com.kms.katalon.core.keyword.internal.KeywordMain.runKeyword(KeywordMain.groovy:68)
	at com.kms.katalon.core.keyword.internal.KeywordMain$runKeyword.call(Unknown Source)
	at com.kms.katalon.core.cucumber.keyword.CucumberBuiltinKeywords.runFeatureFile(CucumberBuiltinKeywords.groovy:46)
	at com.kms.katalon.core.cucumber.keyword.CucumberBuiltinKeywords$runFeatureFile$0.callStatic(Unknown Source)
	at com.kms.katalon.core.cucumber.keyword.CucumberBuiltinKeywords.runFeatureFile(CucumberBuiltinKeywords.groovy:169)
	at com.kms.katalon.core.cucumber.keyword.CucumberBuiltinKeywords$runFeatureFile.call(Unknown Source)
	at TC_View_Detail_Dashboard_for_Risk.run(TC_View_Detail_Dashboard_for_Risk:18)
	at com.kms.katalon.core.main.ScriptEngine.run(ScriptEngine.java:194)
	at com.kms.katalon.core.main.ScriptEngine.runScriptAsRawText(ScriptEngine.java:119)
	at com.kms.katalon.core.main.TestCaseExecutor.runScript(TestCaseExecutor.java:339)
	at com.kms.katalon.core.main.TestCaseExecutor.doExecute(TestCaseExecutor.java:330)
	at com.kms.katalon.core.main.TestCaseExecutor.processExecutionPhase(TestCaseExecutor.java:309)
	at com.kms.katalon.core.main.TestCaseExecutor.accessMainPhase(TestCaseExecutor.java:301)
	at com.kms.katalon.core.main.TestCaseExecutor.execute(TestCaseExecutor.java:235)
	at com.kms.katalon.core.main.TestSuiteExecutor.accessTestCaseMainPhase(TestSuiteExecutor.java:191)
	at com.kms.katalon.core.main.TestSuiteExecutor.accessTestSuiteMainPhase(TestSuiteExecutor.java:141)
	at com.kms.katalon.core.main.TestSuiteExecutor.execute(TestSuiteExecutor.java:90)
	at com.kms.katalon.core.main.TestCaseMain.startTestSuite(TestCaseMain.java:157)
	at com.kms.katalon.core.main.TestCaseMain$startTestSuite$0.call(Unknown Source)
	at TempTestSuite1611290385324.run(TempTestSuite1611290385324.groovy:39)
)]]></system-out>
         <system-err><![CDATA[2021-01-22 11:59:45 - [TEST_CASE][FAILED] - Test Cases/RTD/Dashboard for Risk/TC_View_Detail_Dashboard_for_Risk: Test Cases/RTD/Dashboard for Risk/TC_View_Detail_Dashboard_for_Risk FAILED.
Reason:
com.kms.katalon.core.exception.StepFailedException: Feature file 'Include/features/IST_Real/RTD/Dashboard_for_Risk/View_Detail_Dashboard_for_Risk.feature' was failed
	at com.kms.katalon.core.keyword.internal.KeywordMain.stepFailed(KeywordMain.groovy:50)
	at com.kms.katalon.core.keyword.internal.KeywordMain.stepFailed(KeywordMain.groovy)
	at com.kms.katalon.core.keyword.internal.KeywordMain.stepFailed(KeywordMain.groovy:23)
	at com.kms.katalon.core.keyword.internal.KeywordMain$stepFailed$0.call(Unknown Source)
	at com.kms.katalon.core.cucumber.keyword.CucumberBuiltinKeywords$_runFeatureFile_closure1.doCall(CucumberBuiltinKeywords.groovy:82)
	at com.kms.katalon.core.cucumber.keyword.CucumberBuiltinKeywords$_runFeatureFile_closure1.doCall(CucumberBuiltinKeywords.groovy)
	at com.kms.katalon.core.keyword.internal.KeywordMain.runKeyword(KeywordMain.groovy:68)
	at com.kms.katalon.core.keyword.internal.KeywordMain$runKeyword.call(Unknown Source)
	at com.kms.katalon.core.cucumber.keyword.CucumberBuiltinKeywords.runFeatureFile(CucumberBuiltinKeywords.groovy:46)
	at com.kms.katalon.core.cucumber.keyword.CucumberBuiltinKeywords$runFeatureFile$0.callStatic(Unknown Source)
	at com.kms.katalon.core.cucumber.keyword.CucumberBuiltinKeywords.runFeatureFile(CucumberBuiltinKeywords.groovy:169)
	at com.kms.katalon.core.cucumber.keyword.CucumberBuiltinKeywords$runFeatureFile.call(Unknown Source)
	at TC_View_Detail_Dashboard_for_Risk.run(TC_View_Detail_Dashboard_for_Risk:18)
	at com.kms.katalon.core.main.ScriptEngine.run(ScriptEngine.java:194)
	at com.kms.katalon.core.main.ScriptEngine.runScriptAsRawText(ScriptEngine.java:119)
	at com.kms.katalon.core.main.TestCaseExecutor.runScript(TestCaseExecutor.java:339)
	at com.kms.katalon.core.main.TestCaseExecutor.doExecute(TestCaseExecutor.java:330)
	at com.kms.katalon.core.main.TestCaseExecutor.processExecutionPhase(TestCaseExecutor.java:309)
	at com.kms.katalon.core.main.TestCaseExecutor.accessMainPhase(TestCaseExecutor.java:301)
	at com.kms.katalon.core.main.TestCaseExecutor.execute(TestCaseExecutor.java:235)
	at com.kms.katalon.core.main.TestSuiteExecutor.accessTestCaseMainPhase(TestSuiteExecutor.java:191)
	at com.kms.katalon.core.main.TestSuiteExecutor.accessTestSuiteMainPhase(TestSuiteExecutor.java:141)
	at com.kms.katalon.core.main.TestSuiteExecutor.execute(TestSuiteExecutor.java:90)
	at com.kms.katalon.core.main.TestCaseMain.startTestSuite(TestCaseMain.java:157)
	at com.kms.katalon.core.main.TestCaseMain$startTestSuite$0.call(Unknown Source)
	at TempTestSuite1611290385324.run(TempTestSuite1611290385324.groovy:39)]]></system-err>
      </testcase>
      <testcase name="Test Cases/RTD/Dashboard for Risk/TC_Export_Data_Dashboard_for_Risk" time="9.661" classname="Test Cases/RTD/Dashboard for Risk/TC_Export_Data_Dashboard_for_Risk" status="PASSED">
         <system-out><![CDATA[2021-01-22 12:00:25 - [TEST_CASE][PASSED] - Test Cases/RTD/Dashboard for Risk/TC_Export_Data_Dashboard_for_Risk: Test Cases/RTD/Dashboard for Risk/TC_Export_Data_Dashboard_for_Risk

2021-01-22 12:00:25 - [TEST_STEP][PASSED] - runFeatureFile("Include/features/IST_Real/RTD/Dashboard_for_Risk/Export_Data_Dashboard_for_Risk.feature"): Feature file: 'Include/features/IST_Real/RTD/Dashboard_for_Risk/Export_Data_Dashboard_for_Risk.feature' was passed

2021-01-22 12:00:25 - [MESSAGE][INFO] - Starting run keyword runFeatureFile: 'Include/features/IST_Real/RTD/Dashboard_for_Risk/Export_Data_Dashboard_for_Risk.feature' and extract report to folder: '/Users/chaidir.pratama01/Katalon Studio/IST_Automation_Git/Reports/20210122_113940/RTD/TS_Dashboard_for_Risk/20210122_113945/cucumber_report/1611291625561'...

2021-01-22 12:00:25 - [TEST_CASE][PASSED] - Start Test Case : SCENARIO Export Data: SCENARIO Export Data

2021-01-22 12:00:25 - [TEST_STEP][PASSED] - Go to ISTools: Go to ISTools

2021-01-22 12:00:25 - [MESSAGE][WARNING] - A browser is already opened. Closing browser and opening a new one

2021-01-22 12:00:25 - [MESSAGE][INFO] - Starting 'Chrome (headless)' driver

2021-01-22 12:00:25 - [MESSAGE][INFO] - User set preference: ['args', '[--start-maximized, --disable-gpu, --no-proxy-server, â€“-no-sandbox, --allow-running-insecure-content, --ignore-certificate-errors, window-size=1680,814, force-device-scale-factor=2, --lang=en-GB]']

2021-01-22 12:00:25 - [MESSAGE][INFO] - User set preference: ['prefs', '{download.default_directory=/Users/chaidir.pratama01/Katalon Studio/IST_Automation_Git/Download}']

2021-01-22 12:00:25 - [MESSAGE][INFO] - Action delay is set to 0 milliseconds

2021-01-22 12:00:26 - [MESSAGE][PASSED] - Browser is opened with url: ''

2021-01-22 12:00:26 - [MESSAGE][PASSED] - Navigate to 'https://dev-istools.homecredit.id/foundation/' successfully

2021-01-22 12:00:26 - [MESSAGE][PASSED] - Go to ISTools

2021-01-22 12:00:26 - [TEST_STEP][PASSED] - Login IST with valid credentials: Login IST with valid credentials

2021-01-22 12:00:26 - [MESSAGE][PASSED] - Text 'mobile.test' is set on object 'Object Repository/Page_/input_Username_j_username'

2021-01-22 12:00:27 - [MESSAGE][PASSED] - Text ****** has been set on object 'Object Repository/Page_/input_Password_j_password'

2021-01-22 12:00:27 - [MESSAGE][PASSED] - Object: 'Object Repository/Page_/button_Login' is clicked on

2021-01-22 12:00:27 - [MESSAGE][PASSED] - Login IST with valid credentials

2021-01-22 12:00:27 - [TEST_STEP][PASSED] - Login Success: Login Success

2021-01-22 12:00:27 - [MESSAGE][INFO] - Login Success

2021-01-22 12:00:27 - [MESSAGE][PASSED] - Current window maximized

2021-01-22 12:00:27 - [MESSAGE][PASSED] - Object 'Object Repository/Page_/h1_Welcome to IT Supporting Tools' is present

2021-01-22 12:00:27 - [MESSAGE][PASSED] - Login Success

2021-01-22 12:00:27 - [TEST_STEP][PASSED] - Select Arrow Menu "Real Time Disbursement": Select Arrow Menu "Real Time Disbursement"

2021-01-22 12:00:27 - [MESSAGE][PASSED] - Object: '' is clicked on

2021-01-22 12:00:27 - [MESSAGE][PASSED] - Select Arrow Menu "Real Time Disbursement"

2021-01-22 12:00:27 - [TEST_STEP][PASSED] - Select Menu "Dashboard for Risk": Select Menu "Dashboard for Risk"

2021-01-22 12:00:28 - [MESSAGE][PASSED] - Taking screenshot successfully
[[ATTACHMENT|/Users/chaidir.pratama01/Documents/Docs/Katalon Studio/Screenshot/test-Dashboard for Risk.png]]

2021-01-22 12:00:28 - [MESSAGE][PASSED] - Object '' is present

2021-01-22 12:00:28 - [MESSAGE][PASSED] - Object: '' is clicked on

2021-01-22 12:00:28 - [MESSAGE][PASSED] - Wait for page load successfully

2021-01-22 12:00:28 - [MESSAGE][PASSED] - Select Menu "Dashboard for Risk"

2021-01-22 12:00:28 - [TEST_STEP][PASSED] - Input Contract RTD in Contract Number label: Input Contract RTD in Contract Number label

2021-01-22 12:00:28 - [MESSAGE][PASSED] - Text '4000014162' is set on object ''

2021-01-22 12:00:28 - [MESSAGE][PASSED] - Input Contract RTD in Contract Number label

2021-01-22 12:00:28 - [TEST_STEP][PASSED] - Click button "Search": Click button "Search"

2021-01-22 12:00:28 - [MESSAGE][INFO] - >>>>>//Button[contains(text(),'Search')]

2021-01-22 12:00:31 - [MESSAGE][PASSED] - Object '' is present

2021-01-22 12:00:31 - [MESSAGE][PASSED] - Object: '' is clicked on

2021-01-22 12:00:31 - [MESSAGE][PASSED] - Switched to window with index: '0'

2021-01-22 12:00:31 - [MESSAGE][PASSED] - Click button "Search"

2021-01-22 12:00:31 - [TEST_STEP][PASSED] - Verify Table Filled: Verify Table Filled

2021-01-22 12:00:31 - [MESSAGE][PASSED] - Object '' is present

2021-01-22 12:00:31 - [MESSAGE][PASSED] - Verify Table Filled

2021-01-22 12:00:31 - [TEST_STEP][PASSED] - Click button "Export Data": Click button "Export Data"

2021-01-22 12:00:31 - [MESSAGE][INFO] - >>>>>//Button[contains(text(),'Export Data')]

2021-01-22 12:00:34 - [MESSAGE][PASSED] - Object: '' is clicked on

2021-01-22 12:00:35 - [MESSAGE][PASSED] - Taking screenshot successfully
[[ATTACHMENT|/Users/chaidir.pratama01/Documents/Docs/Katalon Studio/Screenshot/Download_data.png]]

2021-01-22 12:00:35 - [MESSAGE][PASSED] - Click button "Export Data"

2021-01-22 12:00:35 - [MESSAGE][PASSED] - Feature file: 'Include/features/IST_Real/RTD/Dashboard_for_Risk/Export_Data_Dashboard_for_Risk.feature' was passed]]></system-out>
         <system-err><![CDATA[]]></system-err>
      </testcase>
      <testcase name="Test Cases/RTD/Dashboard for Risk/TC_Search_by_STATUS_Dashboard_for_Risk" time="149.825" classname="Test Cases/RTD/Dashboard for Risk/TC_Search_by_STATUS_Dashboard_for_Risk" status="PASSED">
         <system-out><![CDATA[2021-01-22 12:00:35 - [TEST_CASE][PASSED] - Test Cases/RTD/Dashboard for Risk/TC_Search_by_STATUS_Dashboard_for_Risk: Test Cases/RTD/Dashboard for Risk/TC_Search_by_STATUS_Dashboard_for_Risk

2021-01-22 12:00:35 - [TEST_STEP][PASSED] - runFeatureFile("Include/features/IST_Real/RTD/Dashboard_for_Risk/Search_by_STATUS_Dashboard_for_Risk.feature"): Feature file: 'Include/features/IST_Real/RTD/Dashboard_for_Risk/Search_by_STATUS_Dashboard_for_Risk.feature' was passed

2021-01-22 12:00:35 - [MESSAGE][INFO] - Starting run keyword runFeatureFile: 'Include/features/IST_Real/RTD/Dashboard_for_Risk/Search_by_STATUS_Dashboard_for_Risk.feature' and extract report to folder: '/Users/chaidir.pratama01/Katalon Studio/IST_Automation_Git/Reports/20210122_113940/RTD/TS_Dashboard_for_Risk/20210122_113945/cucumber_report/1611291635204'...

2021-01-22 12:00:35 - [TEST_CASE][PASSED] - Start Test Case : SCENARIO Search by STATUS Eligible to Disburse: SCENARIO Search by STATUS Eligible to Disburse

2021-01-22 12:00:35 - [TEST_STEP][PASSED] - Go to ISTools: Go to ISTools

2021-01-22 12:00:35 - [MESSAGE][WARNING] - A browser is already opened. Closing browser and opening a new one

2021-01-22 12:00:35 - [MESSAGE][INFO] - Starting 'Chrome (headless)' driver

2021-01-22 12:00:35 - [MESSAGE][INFO] - User set preference: ['args', '[--start-maximized, --disable-gpu, --no-proxy-server, â€“-no-sandbox, --allow-running-insecure-content, --ignore-certificate-errors, window-size=1680,814, force-device-scale-factor=2, --lang=en-GB]']

2021-01-22 12:00:35 - [MESSAGE][INFO] - User set preference: ['prefs', '{download.default_directory=/Users/chaidir.pratama01/Katalon Studio/IST_Automation_Git/Download}']

2021-01-22 12:00:35 - [MESSAGE][INFO] - Action delay is set to 0 milliseconds

2021-01-22 12:00:35 - [MESSAGE][PASSED] - Browser is opened with url: ''

2021-01-22 12:00:36 - [MESSAGE][PASSED] - Navigate to 'https://dev-istools.homecredit.id/foundation/' successfully

2021-01-22 12:00:36 - [MESSAGE][PASSED] - Go to ISTools

2021-01-22 12:00:36 - [TEST_STEP][PASSED] - Login IST with valid credentials: Login IST with valid credentials

2021-01-22 12:00:36 - [MESSAGE][PASSED] - Text 'mobile.test' is set on object 'Object Repository/Page_/input_Username_j_username'

2021-01-22 12:00:36 - [MESSAGE][PASSED] - Text ****** has been set on object 'Object Repository/Page_/input_Password_j_password'

2021-01-22 12:00:36 - [MESSAGE][PASSED] - Object: 'Object Repository/Page_/button_Login' is clicked on

2021-01-22 12:00:36 - [MESSAGE][PASSED] - Login IST with valid credentials

2021-01-22 12:00:36 - [TEST_STEP][PASSED] - Login Success: Login Success

2021-01-22 12:00:36 - [MESSAGE][INFO] - Login Success

2021-01-22 12:00:37 - [MESSAGE][PASSED] - Current window maximized

2021-01-22 12:00:37 - [MESSAGE][PASSED] - Object 'Object Repository/Page_/h1_Welcome to IT Supporting Tools' is present

2021-01-22 12:00:37 - [MESSAGE][PASSED] - Login Success

2021-01-22 12:00:37 - [TEST_STEP][PASSED] - Select Arrow Menu "Real Time Disbursement": Select Arrow Menu "Real Time Disbursement"

2021-01-22 12:00:37 - [MESSAGE][PASSED] - Object: '' is clicked on

2021-01-22 12:00:37 - [MESSAGE][PASSED] - Select Arrow Menu "Real Time Disbursement"

2021-01-22 12:00:37 - [TEST_STEP][PASSED] - Select Menu "Dashboard for Risk": Select Menu "Dashboard for Risk"

2021-01-22 12:00:37 - [MESSAGE][PASSED] - Taking screenshot successfully
[[ATTACHMENT|/Users/chaidir.pratama01/Documents/Docs/Katalon Studio/Screenshot/test-Dashboard for Risk.png]]

2021-01-22 12:00:37 - [MESSAGE][PASSED] - Object '' is present

2021-01-22 12:00:37 - [MESSAGE][PASSED] - Object: '' is clicked on

2021-01-22 12:00:37 - [MESSAGE][PASSED] - Wait for page load successfully

2021-01-22 12:00:37 - [MESSAGE][PASSED] - Select Menu "Dashboard for Risk"

2021-01-22 12:00:37 - [TEST_STEP][PASSED] - Select STATUS "Eligible to disburse": Select STATUS "Eligible to disburse"

2021-01-22 12:00:38 - [MESSAGE][PASSED] - All options with value 'Eligible to disburse' are selected in object ''  using regular expression

2021-01-22 12:00:38 - [MESSAGE][PASSED] - Select STATUS "Eligible to disburse"

2021-01-22 12:00:38 - [TEST_STEP][PASSED] - Click button "Search": Click button "Search"

2021-01-22 12:00:38 - [MESSAGE][INFO] - >>>>>//Button[contains(text(),'Search')]

2021-01-22 12:00:41 - [MESSAGE][PASSED] - Object '' is present

2021-01-22 12:00:41 - [MESSAGE][PASSED] - Object: '' is clicked on

2021-01-22 12:00:41 - [MESSAGE][PASSED] - Switched to window with index: '0'

2021-01-22 12:00:41 - [MESSAGE][PASSED] - Click button "Search"

2021-01-22 12:00:41 - [TEST_STEP][PASSED] - Verify Search Result Presents: Verify Search Result Presents

2021-01-22 12:00:41 - [MESSAGE][PASSED] - Object '' is present

2021-01-22 12:00:50 - [MESSAGE][PASSED] - Verify Search Result Presents

2021-01-22 12:00:50 - [TEST_STEP][PASSED] - Click button "Logout": Click button "Logout"

2021-01-22 12:00:50 - [MESSAGE][INFO] - >>>>>//Button[contains(text(),'Logout')]

2021-01-22 12:00:53 - [MESSAGE][PASSED] - Object '' is present

2021-01-22 12:00:53 - [MESSAGE][PASSED] - Object: '' is clicked on

2021-01-22 12:00:54 - [MESSAGE][PASSED] - Switched to window with index: '0'

2021-01-22 12:00:54 - [MESSAGE][PASSED] - Click button "Logout"

2021-01-22 12:00:54 - [TEST_STEP][PASSED] - Close browser: Close browser

2021-01-22 12:00:54 - [MESSAGE][PASSED] - Browser is closed

2021-01-22 12:00:54 - [MESSAGE][PASSED] - Close browser

2021-01-22 12:00:54 - [TEST_CASE][PASSED] - Start Test Case : SCENARIO Search by STATUS Waiting validation from Risk: SCENARIO Search by STATUS Waiting validation from Risk

2021-01-22 12:00:54 - [TEST_STEP][PASSED] - Go to ISTools: Go to ISTools

2021-01-22 12:00:54 - [MESSAGE][INFO] - Starting 'Chrome (headless)' driver

2021-01-22 12:00:54 - [MESSAGE][INFO] - User set preference: ['args', '[--start-maximized, --disable-gpu, --no-proxy-server, â€“-no-sandbox, --allow-running-insecure-content, --ignore-certificate-errors, window-size=1680,814, force-device-scale-factor=2, --lang=en-GB]']

2021-01-22 12:00:54 - [MESSAGE][INFO] - User set preference: ['prefs', '{download.default_directory=/Users/chaidir.pratama01/Katalon Studio/IST_Automation_Git/Download}']

2021-01-22 12:00:54 - [MESSAGE][INFO] - Action delay is set to 0 milliseconds

2021-01-22 12:00:54 - [MESSAGE][PASSED] - Browser is opened with url: ''

2021-01-22 12:00:55 - [MESSAGE][PASSED] - Navigate to 'https://dev-istools.homecredit.id/foundation/' successfully

2021-01-22 12:00:55 - [MESSAGE][PASSED] - Go to ISTools

2021-01-22 12:00:55 - [TEST_STEP][PASSED] - Login IST with valid credentials: Login IST with valid credentials

2021-01-22 12:00:55 - [MESSAGE][PASSED] - Text 'mobile.test' is set on object 'Object Repository/Page_/input_Username_j_username'

2021-01-22 12:00:55 - [MESSAGE][PASSED] - Text ****** has been set on object 'Object Repository/Page_/input_Password_j_password'

2021-01-22 12:00:55 - [MESSAGE][PASSED] - Object: 'Object Repository/Page_/button_Login' is clicked on

2021-01-22 12:00:55 - [MESSAGE][PASSED] - Login IST with valid credentials

2021-01-22 12:00:55 - [TEST_STEP][PASSED] - Login Success: Login Success

2021-01-22 12:00:55 - [MESSAGE][INFO] - Login Success

2021-01-22 12:00:55 - [MESSAGE][PASSED] - Current window maximized

2021-01-22 12:00:55 - [MESSAGE][PASSED] - Object 'Object Repository/Page_/h1_Welcome to IT Supporting Tools' is present

2021-01-22 12:00:55 - [MESSAGE][PASSED] - Login Success

2021-01-22 12:00:55 - [TEST_STEP][PASSED] - Select Arrow Menu "Real Time Disbursement": Select Arrow Menu "Real Time Disbursement"

2021-01-22 12:00:55 - [MESSAGE][PASSED] - Object: '' is clicked on

2021-01-22 12:00:55 - [MESSAGE][PASSED] - Select Arrow Menu "Real Time Disbursement"

2021-01-22 12:00:55 - [TEST_STEP][PASSED] - Select Menu "Dashboard for Risk": Select Menu "Dashboard for Risk"

2021-01-22 12:00:56 - [MESSAGE][PASSED] - Taking screenshot successfully
[[ATTACHMENT|/Users/chaidir.pratama01/Documents/Docs/Katalon Studio/Screenshot/test-Dashboard for Risk.png]]

2021-01-22 12:00:56 - [MESSAGE][PASSED] - Object '' is present

2021-01-22 12:00:56 - [MESSAGE][PASSED] - Object: '' is clicked on

2021-01-22 12:00:56 - [MESSAGE][PASSED] - Wait for page load successfully

2021-01-22 12:00:56 - [MESSAGE][PASSED] - Select Menu "Dashboard for Risk"

2021-01-22 12:00:56 - [TEST_STEP][PASSED] - Select STATUS "Waiting validation from Risk": Select STATUS "Waiting validation from Risk"

2021-01-22 12:00:56 - [MESSAGE][PASSED] - All options with value 'Waiting validation from Risk' are selected in object ''  using regular expression

2021-01-22 12:00:56 - [MESSAGE][PASSED] - Select STATUS "Waiting validation from Risk"

2021-01-22 12:00:56 - [TEST_STEP][PASSED] - Click button "Search": Click button "Search"

2021-01-22 12:00:56 - [MESSAGE][INFO] - >>>>>//Button[contains(text(),'Search')]

2021-01-22 12:00:59 - [MESSAGE][PASSED] - Object '' is present

2021-01-22 12:00:59 - [MESSAGE][PASSED] - Object: '' is clicked on

2021-01-22 12:01:00 - [MESSAGE][PASSED] - Switched to window with index: '0'

2021-01-22 12:01:00 - [MESSAGE][PASSED] - Click button "Search"

2021-01-22 12:01:00 - [TEST_STEP][PASSED] - Verify Search Result Presents: Verify Search Result Presents

2021-01-22 12:01:00 - [MESSAGE][PASSED] - Object '' is present

2021-01-22 12:01:03 - [MESSAGE][PASSED] - Verify Search Result Presents

2021-01-22 12:01:03 - [TEST_STEP][PASSED] - Click button "Logout": Click button "Logout"

2021-01-22 12:01:03 - [MESSAGE][INFO] - >>>>>//Button[contains(text(),'Logout')]

2021-01-22 12:01:06 - [MESSAGE][PASSED] - Object '' is present

2021-01-22 12:01:06 - [MESSAGE][PASSED] - Object: '' is clicked on

2021-01-22 12:01:06 - [MESSAGE][PASSED] - Switched to window with index: '0'

2021-01-22 12:01:06 - [MESSAGE][PASSED] - Click button "Logout"

2021-01-22 12:01:06 - [TEST_STEP][PASSED] - Close browser: Close browser

2021-01-22 12:01:06 - [MESSAGE][PASSED] - Browser is closed

2021-01-22 12:01:06 - [MESSAGE][PASSED] - Close browser

2021-01-22 12:01:06 - [TEST_CASE][PASSED] - Start Test Case : SCENARIO Search by STATUS Waiting validation from In Payment: SCENARIO Search by STATUS Waiting validation from In Payment

2021-01-22 12:01:06 - [TEST_STEP][PASSED] - Go to ISTools: Go to ISTools

2021-01-22 12:01:06 - [MESSAGE][INFO] - Starting 'Chrome (headless)' driver

2021-01-22 12:01:06 - [MESSAGE][INFO] - User set preference: ['args', '[--start-maximized, --disable-gpu, --no-proxy-server, â€“-no-sandbox, --allow-running-insecure-content, --ignore-certificate-errors, window-size=1680,814, force-device-scale-factor=2, --lang=en-GB]']

2021-01-22 12:01:06 - [MESSAGE][INFO] - User set preference: ['prefs', '{download.default_directory=/Users/chaidir.pratama01/Katalon Studio/IST_Automation_Git/Download}']

2021-01-22 12:01:06 - [MESSAGE][INFO] - Action delay is set to 0 milliseconds

2021-01-22 12:01:06 - [MESSAGE][PASSED] - Browser is opened with url: ''

2021-01-22 12:01:07 - [MESSAGE][PASSED] - Navigate to 'https://dev-istools.homecredit.id/foundation/' successfully

2021-01-22 12:01:07 - [MESSAGE][PASSED] - Go to ISTools

2021-01-22 12:01:07 - [TEST_STEP][PASSED] - Login IST with valid credentials: Login IST with valid credentials

2021-01-22 12:01:07 - [MESSAGE][PASSED] - Text 'mobile.test' is set on object 'Object Repository/Page_/input_Username_j_username'

2021-01-22 12:01:07 - [MESSAGE][PASSED] - Text ****** has been set on object 'Object Repository/Page_/input_Password_j_password'

2021-01-22 12:01:08 - [MESSAGE][PASSED] - Object: 'Object Repository/Page_/button_Login' is clicked on

2021-01-22 12:01:08 - [MESSAGE][PASSED] - Login IST with valid credentials

2021-01-22 12:01:08 - [TEST_STEP][PASSED] - Login Success: Login Success

2021-01-22 12:01:08 - [MESSAGE][INFO] - Login Success

2021-01-22 12:01:08 - [MESSAGE][PASSED] - Current window maximized

2021-01-22 12:01:08 - [MESSAGE][PASSED] - Object 'Object Repository/Page_/h1_Welcome to IT Supporting Tools' is present

2021-01-22 12:01:08 - [MESSAGE][PASSED] - Login Success

2021-01-22 12:01:08 - [TEST_STEP][PASSED] - Select Arrow Menu "Real Time Disbursement": Select Arrow Menu "Real Time Disbursement"

2021-01-22 12:01:08 - [MESSAGE][PASSED] - Object: '' is clicked on

2021-01-22 12:01:08 - [MESSAGE][PASSED] - Select Arrow Menu "Real Time Disbursement"

2021-01-22 12:01:08 - [TEST_STEP][PASSED] - Select Menu "Dashboard for Risk": Select Menu "Dashboard for Risk"

2021-01-22 12:01:08 - [MESSAGE][PASSED] - Taking screenshot successfully
[[ATTACHMENT|/Users/chaidir.pratama01/Documents/Docs/Katalon Studio/Screenshot/test-Dashboard for Risk.png]]

2021-01-22 12:01:08 - [MESSAGE][PASSED] - Object '' is present

2021-01-22 12:01:08 - [MESSAGE][PASSED] - Object: '' is clicked on

2021-01-22 12:01:08 - [MESSAGE][PASSED] - Wait for page load successfully

2021-01-22 12:01:08 - [MESSAGE][PASSED] - Select Menu "Dashboard for Risk"

2021-01-22 12:01:08 - [TEST_STEP][PASSED] - Select STATUS "Waiting validation from In Payment": Select STATUS "Waiting validation from In Payment"

2021-01-22 12:01:09 - [MESSAGE][PASSED] - All options with value 'Waiting validation from In Payment' are selected in object ''  using regular expression

2021-01-22 12:01:09 - [MESSAGE][PASSED] - Select STATUS "Waiting validation from In Payment"

2021-01-22 12:01:09 - [TEST_STEP][PASSED] - Click button "Search": Click button "Search"

2021-01-22 12:01:09 - [MESSAGE][INFO] - >>>>>//Button[contains(text(),'Search')]

2021-01-22 12:01:12 - [MESSAGE][PASSED] - Object '' is present

2021-01-22 12:01:12 - [MESSAGE][PASSED] - Object: '' is clicked on

2021-01-22 12:01:12 - [MESSAGE][PASSED] - Switched to window with index: '0'

2021-01-22 12:01:12 - [MESSAGE][PASSED] - Click button "Search"

2021-01-22 12:01:12 - [TEST_STEP][PASSED] - Verify Search Result Presents: Verify Search Result Presents

2021-01-22 12:01:12 - [MESSAGE][PASSED] - Object '' is present

2021-01-22 12:01:12 - [MESSAGE][PASSED] - Verify Search Result Presents

2021-01-22 12:01:12 - [TEST_STEP][PASSED] - Click button "Logout": Click button "Logout"

2021-01-22 12:01:12 - [MESSAGE][INFO] - >>>>>//Button[contains(text(),'Logout')]

2021-01-22 12:01:15 - [MESSAGE][PASSED] - Object '' is present

2021-01-22 12:01:16 - [MESSAGE][PASSED] - Object: '' is clicked on

2021-01-22 12:01:16 - [MESSAGE][PASSED] - Switched to window with index: '0'

2021-01-22 12:01:16 - [MESSAGE][PASSED] - Click button "Logout"

2021-01-22 12:01:16 - [TEST_STEP][PASSED] - Close browser: Close browser

2021-01-22 12:01:16 - [MESSAGE][PASSED] - Browser is closed

2021-01-22 12:01:16 - [MESSAGE][PASSED] - Close browser

2021-01-22 12:01:16 - [TEST_CASE][PASSED] - Start Test Case : SCENARIO Search by STATUS Ready to disburse: SCENARIO Search by STATUS Ready to disburse

2021-01-22 12:01:16 - [TEST_STEP][PASSED] - Go to ISTools: Go to ISTools

2021-01-22 12:01:16 - [MESSAGE][INFO] - Starting 'Chrome (headless)' driver

2021-01-22 12:01:16 - [MESSAGE][INFO] - User set preference: ['args', '[--start-maximized, --disable-gpu, --no-proxy-server, â€“-no-sandbox, --allow-running-insecure-content, --ignore-certificate-errors, window-size=1680,814, force-device-scale-factor=2, --lang=en-GB]']

2021-01-22 12:01:16 - [MESSAGE][INFO] - User set preference: ['prefs', '{download.default_directory=/Users/chaidir.pratama01/Katalon Studio/IST_Automation_Git/Download}']

2021-01-22 12:01:16 - [MESSAGE][INFO] - Action delay is set to 0 milliseconds

2021-01-22 12:01:16 - [MESSAGE][PASSED] - Browser is opened with url: ''

2021-01-22 12:01:17 - [MESSAGE][PASSED] - Navigate to 'https://dev-istools.homecredit.id/foundation/' successfully

2021-01-22 12:01:17 - [MESSAGE][PASSED] - Go to ISTools

2021-01-22 12:01:17 - [TEST_STEP][PASSED] - Login IST with valid credentials: Login IST with valid credentials

2021-01-22 12:01:17 - [MESSAGE][PASSED] - Text 'mobile.test' is set on object 'Object Repository/Page_/input_Username_j_username'

2021-01-22 12:01:17 - [MESSAGE][PASSED] - Text ****** has been set on object 'Object Repository/Page_/input_Password_j_password'

2021-01-22 12:01:17 - [MESSAGE][PASSED] - Object: 'Object Repository/Page_/button_Login' is clicked on

2021-01-22 12:01:17 - [MESSAGE][PASSED] - Login IST with valid credentials

2021-01-22 12:01:17 - [TEST_STEP][PASSED] - Login Success: Login Success

2021-01-22 12:01:17 - [MESSAGE][INFO] - Login Success

2021-01-22 12:01:17 - [MESSAGE][PASSED] - Current window maximized

2021-01-22 12:01:17 - [MESSAGE][PASSED] - Object 'Object Repository/Page_/h1_Welcome to IT Supporting Tools' is present

2021-01-22 12:01:17 - [MESSAGE][PASSED] - Login Success

2021-01-22 12:01:17 - [TEST_STEP][PASSED] - Select Arrow Menu "Real Time Disbursement": Select Arrow Menu "Real Time Disbursement"

2021-01-22 12:01:17 - [MESSAGE][PASSED] - Object: '' is clicked on

2021-01-22 12:01:17 - [MESSAGE][PASSED] - Select Arrow Menu "Real Time Disbursement"

2021-01-22 12:01:17 - [TEST_STEP][PASSED] - Select Menu "Dashboard for Risk": Select Menu "Dashboard for Risk"

2021-01-22 12:01:18 - [MESSAGE][PASSED] - Taking screenshot successfully
[[ATTACHMENT|/Users/chaidir.pratama01/Documents/Docs/Katalon Studio/Screenshot/test-Dashboard for Risk.png]]

2021-01-22 12:01:18 - [MESSAGE][PASSED] - Object '' is present

2021-01-22 12:01:18 - [MESSAGE][PASSED] - Object: '' is clicked on

2021-01-22 12:01:18 - [MESSAGE][PASSED] - Wait for page load successfully

2021-01-22 12:01:18 - [MESSAGE][PASSED] - Select Menu "Dashboard for Risk"

2021-01-22 12:01:18 - [TEST_STEP][PASSED] - Select STATUS "Ready to disburse": Select STATUS "Ready to disburse"

2021-01-22 12:01:18 - [MESSAGE][PASSED] - All options with value 'Ready to disburse' are selected in object ''  using regular expression

2021-01-22 12:01:18 - [MESSAGE][PASSED] - Select STATUS "Ready to disburse"

2021-01-22 12:01:18 - [TEST_STEP][PASSED] - Click button "Search": Click button "Search"

2021-01-22 12:01:18 - [MESSAGE][INFO] - >>>>>//Button[contains(text(),'Search')]

2021-01-22 12:01:21 - [MESSAGE][PASSED] - Object '' is present

2021-01-22 12:01:21 - [MESSAGE][PASSED] - Object: '' is clicked on

2021-01-22 12:01:21 - [MESSAGE][PASSED] - Switched to window with index: '0'

2021-01-22 12:01:21 - [MESSAGE][PASSED] - Click button "Search"

2021-01-22 12:01:21 - [TEST_STEP][PASSED] - Verify Search Result Presents: Verify Search Result Presents

2021-01-22 12:01:22 - [MESSAGE][PASSED] - Object '' is present

2021-01-22 12:01:25 - [MESSAGE][PASSED] - Verify Search Result Presents

2021-01-22 12:01:25 - [TEST_STEP][PASSED] - Click button "Logout": Click button "Logout"

2021-01-22 12:01:25 - [MESSAGE][INFO] - >>>>>//Button[contains(text(),'Logout')]

2021-01-22 12:01:28 - [MESSAGE][PASSED] - Object '' is present

2021-01-22 12:01:28 - [MESSAGE][PASSED] - Object: '' is clicked on

2021-01-22 12:01:28 - [MESSAGE][PASSED] - Switched to window with index: '0'

2021-01-22 12:01:28 - [MESSAGE][PASSED] - Click button "Logout"

2021-01-22 12:01:28 - [TEST_STEP][PASSED] - Close browser: Close browser

2021-01-22 12:01:28 - [MESSAGE][PASSED] - Browser is closed

2021-01-22 12:01:28 - [MESSAGE][PASSED] - Close browser

2021-01-22 12:01:28 - [TEST_CASE][PASSED] - Start Test Case : SCENARIO Search by STATUS Failed due to invalid bank account: SCENARIO Search by STATUS Failed due to invalid bank account

2021-01-22 12:01:28 - [TEST_STEP][PASSED] - Go to ISTools: Go to ISTools

2021-01-22 12:01:28 - [MESSAGE][INFO] - Starting 'Chrome (headless)' driver

2021-01-22 12:01:28 - [MESSAGE][INFO] - User set preference: ['args', '[--start-maximized, --disable-gpu, --no-proxy-server, â€“-no-sandbox, --allow-running-insecure-content, --ignore-certificate-errors, window-size=1680,814, force-device-scale-factor=2, --lang=en-GB]']

2021-01-22 12:01:28 - [MESSAGE][INFO] - User set preference: ['prefs', '{download.default_directory=/Users/chaidir.pratama01/Katalon Studio/IST_Automation_Git/Download}']

2021-01-22 12:01:28 - [MESSAGE][INFO] - Action delay is set to 0 milliseconds

2021-01-22 12:01:28 - [MESSAGE][PASSED] - Browser is opened with url: ''

2021-01-22 12:01:29 - [MESSAGE][PASSED] - Navigate to 'https://dev-istools.homecredit.id/foundation/' successfully

2021-01-22 12:01:29 - [MESSAGE][PASSED] - Go to ISTools

2021-01-22 12:01:29 - [TEST_STEP][PASSED] - Login IST with valid credentials: Login IST with valid credentials

2021-01-22 12:01:29 - [MESSAGE][PASSED] - Text 'mobile.test' is set on object 'Object Repository/Page_/input_Username_j_username'

2021-01-22 12:01:29 - [MESSAGE][PASSED] - Text ****** has been set on object 'Object Repository/Page_/input_Password_j_password'

2021-01-22 12:01:30 - [MESSAGE][PASSED] - Object: 'Object Repository/Page_/button_Login' is clicked on

2021-01-22 12:01:30 - [MESSAGE][PASSED] - Login IST with valid credentials

2021-01-22 12:01:30 - [TEST_STEP][PASSED] - Login Success: Login Success

2021-01-22 12:01:30 - [MESSAGE][INFO] - Login Success

2021-01-22 12:01:30 - [MESSAGE][PASSED] - Current window maximized

2021-01-22 12:01:30 - [MESSAGE][PASSED] - Object 'Object Repository/Page_/h1_Welcome to IT Supporting Tools' is present

2021-01-22 12:01:30 - [MESSAGE][PASSED] - Login Success

2021-01-22 12:01:30 - [TEST_STEP][PASSED] - Select Arrow Menu "Real Time Disbursement": Select Arrow Menu "Real Time Disbursement"

2021-01-22 12:01:30 - [MESSAGE][PASSED] - Object: '' is clicked on

2021-01-22 12:01:30 - [MESSAGE][PASSED] - Select Arrow Menu "Real Time Disbursement"

2021-01-22 12:01:30 - [TEST_STEP][PASSED] - Select Menu "Dashboard for Risk": Select Menu "Dashboard for Risk"

2021-01-22 12:01:30 - [MESSAGE][PASSED] - Taking screenshot successfully
[[ATTACHMENT|/Users/chaidir.pratama01/Documents/Docs/Katalon Studio/Screenshot/test-Dashboard for Risk.png]]

2021-01-22 12:01:30 - [MESSAGE][PASSED] - Object '' is present

2021-01-22 12:01:30 - [MESSAGE][PASSED] - Object: '' is clicked on

2021-01-22 12:01:30 - [MESSAGE][PASSED] - Wait for page load successfully

2021-01-22 12:01:30 - [MESSAGE][PASSED] - Select Menu "Dashboard for Risk"

2021-01-22 12:01:30 - [TEST_STEP][PASSED] - Select STATUS "Failed due to invalid bank account": Select STATUS "Failed due to invalid bank account"

2021-01-22 12:01:31 - [MESSAGE][PASSED] - All options with value 'Failed due to invalid bank account' are selected in object ''  using regular expression

2021-01-22 12:01:31 - [MESSAGE][PASSED] - Select STATUS "Failed due to invalid bank account"

2021-01-22 12:01:31 - [TEST_STEP][PASSED] - Click button "Search": Click button "Search"

2021-01-22 12:01:31 - [MESSAGE][INFO] - >>>>>//Button[contains(text(),'Search')]

2021-01-22 12:01:34 - [MESSAGE][PASSED] - Object '' is present

2021-01-22 12:01:34 - [MESSAGE][PASSED] - Object: '' is clicked on

2021-01-22 12:01:34 - [MESSAGE][PASSED] - Switched to window with index: '0'

2021-01-22 12:01:34 - [MESSAGE][PASSED] - Click button "Search"

2021-01-22 12:01:34 - [TEST_STEP][PASSED] - Verify Search Result Presents: Verify Search Result Presents

2021-01-22 12:01:34 - [MESSAGE][PASSED] - Object '' is present

2021-01-22 12:01:36 - [MESSAGE][PASSED] - Verify Search Result Presents

2021-01-22 12:01:36 - [TEST_STEP][PASSED] - Click button "Logout": Click button "Logout"

2021-01-22 12:01:36 - [MESSAGE][INFO] - >>>>>//Button[contains(text(),'Logout')]

2021-01-22 12:01:39 - [MESSAGE][PASSED] - Object '' is present

2021-01-22 12:01:39 - [MESSAGE][PASSED] - Object: '' is clicked on

2021-01-22 12:01:39 - [MESSAGE][PASSED] - Switched to window with index: '0'

2021-01-22 12:01:39 - [MESSAGE][PASSED] - Click button "Logout"

2021-01-22 12:01:39 - [TEST_STEP][PASSED] - Close browser: Close browser

2021-01-22 12:01:39 - [MESSAGE][PASSED] - Browser is closed

2021-01-22 12:01:39 - [MESSAGE][PASSED] - Close browser

2021-01-22 12:01:39 - [TEST_CASE][PASSED] - Start Test Case : SCENARIO Search by STATUS Failed due to system error: SCENARIO Search by STATUS Failed due to system error

2021-01-22 12:01:39 - [TEST_STEP][PASSED] - Go to ISTools: Go to ISTools

2021-01-22 12:01:39 - [MESSAGE][INFO] - Starting 'Chrome (headless)' driver

2021-01-22 12:01:39 - [MESSAGE][INFO] - User set preference: ['args', '[--start-maximized, --disable-gpu, --no-proxy-server, â€“-no-sandbox, --allow-running-insecure-content, --ignore-certificate-errors, window-size=1680,814, force-device-scale-factor=2, --lang=en-GB]']

2021-01-22 12:01:39 - [MESSAGE][INFO] - User set preference: ['prefs', '{download.default_directory=/Users/chaidir.pratama01/Katalon Studio/IST_Automation_Git/Download}']

2021-01-22 12:01:39 - [MESSAGE][INFO] - Action delay is set to 0 milliseconds

2021-01-22 12:01:39 - [MESSAGE][PASSED] - Browser is opened with url: ''

2021-01-22 12:01:40 - [MESSAGE][PASSED] - Navigate to 'https://dev-istools.homecredit.id/foundation/' successfully

2021-01-22 12:01:40 - [MESSAGE][PASSED] - Go to ISTools

2021-01-22 12:01:40 - [TEST_STEP][PASSED] - Login IST with valid credentials: Login IST with valid credentials

2021-01-22 12:01:40 - [MESSAGE][PASSED] - Text 'mobile.test' is set on object 'Object Repository/Page_/input_Username_j_username'

2021-01-22 12:01:40 - [MESSAGE][PASSED] - Text ****** has been set on object 'Object Repository/Page_/input_Password_j_password'

2021-01-22 12:01:41 - [MESSAGE][PASSED] - Object: 'Object Repository/Page_/button_Login' is clicked on

2021-01-22 12:01:41 - [MESSAGE][PASSED] - Login IST with valid credentials

2021-01-22 12:01:41 - [TEST_STEP][PASSED] - Login Success: Login Success

2021-01-22 12:01:41 - [MESSAGE][INFO] - Login Success

2021-01-22 12:01:41 - [MESSAGE][PASSED] - Current window maximized

2021-01-22 12:01:41 - [MESSAGE][PASSED] - Object 'Object Repository/Page_/h1_Welcome to IT Supporting Tools' is present

2021-01-22 12:01:41 - [MESSAGE][PASSED] - Login Success

2021-01-22 12:01:41 - [TEST_STEP][PASSED] - Select Arrow Menu "Real Time Disbursement": Select Arrow Menu "Real Time Disbursement"

2021-01-22 12:01:41 - [MESSAGE][PASSED] - Object: '' is clicked on

2021-01-22 12:01:41 - [MESSAGE][PASSED] - Select Arrow Menu "Real Time Disbursement"

2021-01-22 12:01:41 - [TEST_STEP][PASSED] - Select Menu "Dashboard for Risk": Select Menu "Dashboard for Risk"

2021-01-22 12:01:41 - [MESSAGE][PASSED] - Taking screenshot successfully
[[ATTACHMENT|/Users/chaidir.pratama01/Documents/Docs/Katalon Studio/Screenshot/test-Dashboard for Risk.png]]

2021-01-22 12:01:41 - [MESSAGE][PASSED] - Object '' is present

2021-01-22 12:01:41 - [MESSAGE][PASSED] - Object: '' is clicked on

2021-01-22 12:01:41 - [MESSAGE][PASSED] - Wait for page load successfully

2021-01-22 12:01:41 - [MESSAGE][PASSED] - Select Menu "Dashboard for Risk"

2021-01-22 12:01:41 - [TEST_STEP][PASSED] - Select STATUS "Failed due to system error": Select STATUS "Failed due to system error"

2021-01-22 12:01:42 - [MESSAGE][PASSED] - All options with value 'Failed due to system error' are selected in object ''  using regular expression

2021-01-22 12:01:42 - [MESSAGE][PASSED] - Select STATUS "Failed due to system error"

2021-01-22 12:01:42 - [TEST_STEP][PASSED] - Click button "Search": Click button "Search"

2021-01-22 12:01:42 - [MESSAGE][INFO] - >>>>>//Button[contains(text(),'Search')]

2021-01-22 12:01:45 - [MESSAGE][PASSED] - Object '' is present

2021-01-22 12:01:45 - [MESSAGE][PASSED] - Object: '' is clicked on

2021-01-22 12:01:45 - [MESSAGE][PASSED] - Switched to window with index: '0'

2021-01-22 12:01:45 - [MESSAGE][PASSED] - Click button "Search"

2021-01-22 12:01:45 - [TEST_STEP][PASSED] - Verify Search Result Presents: Verify Search Result Presents

2021-01-22 12:01:45 - [MESSAGE][PASSED] - Object '' is present

2021-01-22 12:01:49 - [MESSAGE][PASSED] - Verify Search Result Presents

2021-01-22 12:01:49 - [TEST_STEP][PASSED] - Click button "Logout": Click button "Logout"

2021-01-22 12:01:49 - [MESSAGE][INFO] - >>>>>//Button[contains(text(),'Logout')]

2021-01-22 12:01:52 - [MESSAGE][PASSED] - Object '' is present

2021-01-22 12:01:53 - [MESSAGE][PASSED] - Object: '' is clicked on

2021-01-22 12:01:53 - [MESSAGE][PASSED] - Switched to window with index: '0'

2021-01-22 12:01:53 - [MESSAGE][PASSED] - Click button "Logout"

2021-01-22 12:01:53 - [TEST_STEP][PASSED] - Close browser: Close browser

2021-01-22 12:01:53 - [MESSAGE][PASSED] - Browser is closed

2021-01-22 12:01:53 - [MESSAGE][PASSED] - Close browser

2021-01-22 12:01:53 - [TEST_CASE][PASSED] - Start Test Case : SCENARIO Search by STATUS Failed due to insufficient fund: SCENARIO Search by STATUS Failed due to insufficient fund

2021-01-22 12:01:53 - [TEST_STEP][PASSED] - Go to ISTools: Go to ISTools

2021-01-22 12:01:53 - [MESSAGE][INFO] - Starting 'Chrome (headless)' driver

2021-01-22 12:01:53 - [MESSAGE][INFO] - User set preference: ['args', '[--start-maximized, --disable-gpu, --no-proxy-server, â€“-no-sandbox, --allow-running-insecure-content, --ignore-certificate-errors, window-size=1680,814, force-device-scale-factor=2, --lang=en-GB]']

2021-01-22 12:01:53 - [MESSAGE][INFO] - User set preference: ['prefs', '{download.default_directory=/Users/chaidir.pratama01/Katalon Studio/IST_Automation_Git/Download}']

2021-01-22 12:01:53 - [MESSAGE][INFO] - Action delay is set to 0 milliseconds

2021-01-22 12:01:53 - [MESSAGE][PASSED] - Browser is opened with url: ''

2021-01-22 12:01:54 - [MESSAGE][PASSED] - Navigate to 'https://dev-istools.homecredit.id/foundation/' successfully

2021-01-22 12:01:54 - [MESSAGE][PASSED] - Go to ISTools

2021-01-22 12:01:54 - [TEST_STEP][PASSED] - Login IST with valid credentials: Login IST with valid credentials

2021-01-22 12:01:54 - [MESSAGE][PASSED] - Text 'mobile.test' is set on object 'Object Repository/Page_/input_Username_j_username'

2021-01-22 12:01:54 - [MESSAGE][PASSED] - Text ****** has been set on object 'Object Repository/Page_/input_Password_j_password'

2021-01-22 12:01:54 - [MESSAGE][PASSED] - Object: 'Object Repository/Page_/button_Login' is clicked on

2021-01-22 12:01:54 - [MESSAGE][PASSED] - Login IST with valid credentials

2021-01-22 12:01:54 - [TEST_STEP][PASSED] - Login Success: Login Success

2021-01-22 12:01:54 - [MESSAGE][INFO] - Login Success

2021-01-22 12:01:54 - [MESSAGE][PASSED] - Current window maximized

2021-01-22 12:01:54 - [MESSAGE][PASSED] - Object 'Object Repository/Page_/h1_Welcome to IT Supporting Tools' is present

2021-01-22 12:01:54 - [MESSAGE][PASSED] - Login Success

2021-01-22 12:01:54 - [TEST_STEP][PASSED] - Select Arrow Menu "Real Time Disbursement": Select Arrow Menu "Real Time Disbursement"

2021-01-22 12:01:54 - [MESSAGE][PASSED] - Object: '' is clicked on

2021-01-22 12:01:54 - [MESSAGE][PASSED] - Select Arrow Menu "Real Time Disbursement"

2021-01-22 12:01:54 - [TEST_STEP][PASSED] - Select Menu "Dashboard for Risk": Select Menu "Dashboard for Risk"

2021-01-22 12:01:55 - [MESSAGE][PASSED] - Taking screenshot successfully
[[ATTACHMENT|/Users/chaidir.pratama01/Documents/Docs/Katalon Studio/Screenshot/test-Dashboard for Risk.png]]

2021-01-22 12:01:55 - [MESSAGE][PASSED] - Object '' is present

2021-01-22 12:01:55 - [MESSAGE][PASSED] - Object: '' is clicked on

2021-01-22 12:01:55 - [MESSAGE][PASSED] - Wait for page load successfully

2021-01-22 12:01:55 - [MESSAGE][PASSED] - Select Menu "Dashboard for Risk"

2021-01-22 12:01:55 - [TEST_STEP][PASSED] - Select STATUS "Failed due to insufficient fund": Select STATUS "Failed due to insufficient fund"

2021-01-22 12:01:55 - [MESSAGE][PASSED] - All options with value 'Failed due to insufficient fund' are selected in object ''  using regular expression

2021-01-22 12:01:55 - [MESSAGE][PASSED] - Select STATUS "Failed due to insufficient fund"

2021-01-22 12:01:55 - [TEST_STEP][PASSED] - Click button "Search": Click button "Search"

2021-01-22 12:01:55 - [MESSAGE][INFO] - >>>>>//Button[contains(text(),'Search')]

2021-01-22 12:01:58 - [MESSAGE][PASSED] - Object '' is present

2021-01-22 12:01:58 - [MESSAGE][PASSED] - Object: '' is clicked on

2021-01-22 12:01:58 - [MESSAGE][PASSED] - Switched to window with index: '0'

2021-01-22 12:01:58 - [MESSAGE][PASSED] - Click button "Search"

2021-01-22 12:01:58 - [TEST_STEP][PASSED] - Verify Search Result Presents: Verify Search Result Presents

2021-01-22 12:02:02 - [MESSAGE][INFO] - Unable to find the element located by 'By.xpath: //td[@style='display:none' and contains(text(),'-Empty-')]'. Please recheck the objects properties to make sure the desired element is located. 

2021-01-22 12:02:03 - [MESSAGE][WARNING] - com.kms.katalon.core.webui.exception.WebElementNotFoundException: Web element with id: '' located by '//td[@style='display:none' and contains(text(),'-Empty-')]' not found (Root cause: com.kms.katalon.core.exception.StepFailedException: com.kms.katalon.core.webui.exception.WebElementNotFoundException: Web element with id: '' located by '//td[@style='display:none' and contains(text(),'-Empty-')]' not found
	at com.kms.katalon.core.webui.keyword.internal.WebUIKeywordMain.stepFailed(WebUIKeywordMain.groovy:64)
	at com.kms.katalon.core.webui.keyword.builtin.VerifyElementPresentKeyword$_verifyElementPresent_closure1.doCall(VerifyElementPresentKeyword.groovy:85)
	at com.kms.katalon.core.webui.keyword.builtin.VerifyElementPresentKeyword$_verifyElementPresent_closure1.call(VerifyElementPresentKeyword.groovy)
	at com.kms.katalon.core.webui.keyword.internal.WebUIKeywordMain.runKeyword(WebUIKeywordMain.groovy:20)
	at com.kms.katalon.core.webui.keyword.builtin.VerifyElementPresentKeyword.verifyElementPresent(VerifyElementPresentKeyword.groovy:92)
	at com.kms.katalon.core.webui.keyword.builtin.VerifyElementPresentKeyword.execute(VerifyElementPresentKeyword.groovy:68)
	at com.kms.katalon.core.keyword.internal.KeywordExecutor.executeKeywordForPlatform(KeywordExecutor.groovy:73)
	at com.kms.katalon.core.webui.keyword.WebUiBuiltInKeywords.verifyElementPresent(WebUiBuiltInKeywords.groovy:1444)
	at com.kms.katalon.core.webui.keyword.WebUiBuiltInKeywords$verifyElementPresent$11.call(Unknown Source)
	at ist_real.Contract_Dispatcher.VerifyTblFilled(Contract_Dispatcher.groovy:1313)
	at ist_real.Contract_Dispatcher$VerifyTblFilled$0.call(Unknown Source)
	at RTD.Search_Result_Presents(RTD.groovy:191)
	at cucumber.runtime.Utils$1.call(Utils.java:26)
	at cucumber.runtime.Timeout.timeout(Timeout.java:16)
	at cucumber.runtime.Utils.invoke(Utils.java:20)
	at cucumber.runtime.java.JavaStepDefinition.execute(JavaStepDefinition.java:48)
	at cucumber.runtime.PickleStepDefinitionMatch.runStep(PickleStepDefinitionMatch.java:50)
	at cucumber.runner.TestStep.executeStep(TestStep.java:55)
	at cucumber.runner.TestStep.run(TestStep.java:42)
	at cucumber.runner.PickleStepTestStep.run(PickleStepTestStep.java:53)
	at cucumber.runner.TestCase.run(TestCase.java:47)
	at cucumber.runner.Runner.runPickle(Runner.java:44)
	at cucumber.runtime.Runtime.runFeature(Runtime.java:120)
	at cucumber.runtime.Runtime.run(Runtime.java:106)
	at cucumber.api.cli.Main.run(Main.java:35)
	at cucumber.api.cli.Main$run.call(Unknown Source)
	at com.kms.katalon.core.cucumber.keyword.CucumberBuiltinKeywords$_runFeatureFile_closure1.doCall(CucumberBuiltinKeywords.groovy:76)
	at com.kms.katalon.core.cucumber.keyword.CucumberBuiltinKeywords$_runFeatureFile_closure1.doCall(CucumberBuiltinKeywords.groovy)
	at com.kms.katalon.core.keyword.internal.KeywordMain.runKeyword(KeywordMain.groovy:68)
	at com.kms.katalon.core.keyword.internal.KeywordMain$runKeyword.call(Unknown Source)
	at com.kms.katalon.core.cucumber.keyword.CucumberBuiltinKeywords.runFeatureFile(CucumberBuiltinKeywords.groovy:46)
	at com.kms.katalon.core.cucumber.keyword.CucumberBuiltinKeywords$runFeatureFile$0.callStatic(Unknown Source)
	at com.kms.katalon.core.cucumber.keyword.CucumberBuiltinKeywords.runFeatureFile(CucumberBuiltinKeywords.groovy:169)
	at com.kms.katalon.core.cucumber.keyword.CucumberBuiltinKeywords$runFeatureFile.call(Unknown Source)
	at TC_Search_by_STATUS_Dashboard_for_Risk.run(TC_Search_by_STATUS_Dashboard_for_Risk:18)
	at com.kms.katalon.core.main.ScriptEngine.run(ScriptEngine.java:194)
	at com.kms.katalon.core.main.ScriptEngine.runScriptAsRawText(ScriptEngine.java:119)
	at com.kms.katalon.core.main.TestCaseExecutor.runScript(TestCaseExecutor.java:339)
	at com.kms.katalon.core.main.TestCaseExecutor.doExecute(TestCaseExecutor.java:330)
	at com.kms.katalon.core.main.TestCaseExecutor.processExecutionPhase(TestCaseExecutor.java:309)
	at com.kms.katalon.core.main.TestCaseExecutor.accessMainPhase(TestCaseExecutor.java:301)
	at com.kms.katalon.core.main.TestCaseExecutor.execute(TestCaseExecutor.java:235)
	at com.kms.katalon.core.main.TestSuiteExecutor.accessTestCaseMainPhase(TestSuiteExecutor.java:191)
	at com.kms.katalon.core.main.TestSuiteExecutor.accessTestSuiteMainPhase(TestSuiteExecutor.java:141)
	at com.kms.katalon.core.main.TestSuiteExecutor.execute(TestSuiteExecutor.java:90)
	at com.kms.katalon.core.main.TestCaseMain.startTestSuite(TestCaseMain.java:157)
	at com.kms.katalon.core.main.TestCaseMain$startTestSuite$0.call(Unknown Source)
	at TempTestSuite1611290385324.run(TempTestSuite1611290385324.groovy:39)
)
[[ATTACHMENT|/Users/chaidir.pratama01/Katalon Studio/IST_Automation_Git/Reports/20210122_113940/RTD/TS_Dashboard_for_Risk/20210122_113945/1611291722896.png]]

2021-01-22 12:02:03 - [MESSAGE][PASSED] - Verify Search Result Presents

2021-01-22 12:02:03 - [TEST_STEP][PASSED] - Click button "Logout": Click button "Logout"

2021-01-22 12:02:03 - [MESSAGE][INFO] - >>>>>//Button[contains(text(),'Logout')]

2021-01-22 12:02:06 - [MESSAGE][PASSED] - Object '' is present

2021-01-22 12:02:06 - [MESSAGE][PASSED] - Object: '' is clicked on

2021-01-22 12:02:06 - [MESSAGE][PASSED] - Switched to window with index: '0'

2021-01-22 12:02:06 - [MESSAGE][PASSED] - Click button "Logout"

2021-01-22 12:02:06 - [TEST_STEP][PASSED] - Close browser: Close browser

2021-01-22 12:02:06 - [MESSAGE][PASSED] - Browser is closed

2021-01-22 12:02:06 - [MESSAGE][PASSED] - Close browser

2021-01-22 12:02:06 - [TEST_CASE][PASSED] - Start Test Case : SCENARIO Search by STATUS Failed due to not supported bank: SCENARIO Search by STATUS Failed due to not supported bank

2021-01-22 12:02:06 - [TEST_STEP][PASSED] - Go to ISTools: Go to ISTools

2021-01-22 12:02:06 - [MESSAGE][INFO] - Starting 'Chrome (headless)' driver

2021-01-22 12:02:06 - [MESSAGE][INFO] - User set preference: ['args', '[--start-maximized, --disable-gpu, --no-proxy-server, â€“-no-sandbox, --allow-running-insecure-content, --ignore-certificate-errors, window-size=1680,814, force-device-scale-factor=2, --lang=en-GB]']

2021-01-22 12:02:06 - [MESSAGE][INFO] - User set preference: ['prefs', '{download.default_directory=/Users/chaidir.pratama01/Katalon Studio/IST_Automation_Git/Download}']

2021-01-22 12:02:06 - [MESSAGE][INFO] - Action delay is set to 0 milliseconds

2021-01-22 12:02:07 - [MESSAGE][PASSED] - Browser is opened with url: ''

2021-01-22 12:02:07 - [MESSAGE][PASSED] - Navigate to 'https://dev-istools.homecredit.id/foundation/' successfully

2021-01-22 12:02:07 - [MESSAGE][PASSED] - Go to ISTools

2021-01-22 12:02:07 - [TEST_STEP][PASSED] - Login IST with valid credentials: Login IST with valid credentials

2021-01-22 12:02:08 - [MESSAGE][PASSED] - Text 'mobile.test' is set on object 'Object Repository/Page_/input_Username_j_username'

2021-01-22 12:02:08 - [MESSAGE][PASSED] - Text ****** has been set on object 'Object Repository/Page_/input_Password_j_password'

2021-01-22 12:02:08 - [MESSAGE][PASSED] - Object: 'Object Repository/Page_/button_Login' is clicked on

2021-01-22 12:02:08 - [MESSAGE][PASSED] - Login IST with valid credentials

2021-01-22 12:02:08 - [TEST_STEP][PASSED] - Login Success: Login Success

2021-01-22 12:02:08 - [MESSAGE][INFO] - Login Success

2021-01-22 12:02:08 - [MESSAGE][PASSED] - Current window maximized

2021-01-22 12:02:08 - [MESSAGE][PASSED] - Object 'Object Repository/Page_/h1_Welcome to IT Supporting Tools' is present

2021-01-22 12:02:08 - [MESSAGE][PASSED] - Login Success

2021-01-22 12:02:08 - [TEST_STEP][PASSED] - Select Arrow Menu "Real Time Disbursement": Select Arrow Menu "Real Time Disbursement"

2021-01-22 12:02:08 - [MESSAGE][PASSED] - Object: '' is clicked on

2021-01-22 12:02:08 - [MESSAGE][PASSED] - Select Arrow Menu "Real Time Disbursement"

2021-01-22 12:02:08 - [TEST_STEP][PASSED] - Select Menu "Dashboard for Risk": Select Menu "Dashboard for Risk"

2021-01-22 12:02:09 - [MESSAGE][PASSED] - Taking screenshot successfully
[[ATTACHMENT|/Users/chaidir.pratama01/Documents/Docs/Katalon Studio/Screenshot/test-Dashboard for Risk.png]]

2021-01-22 12:02:09 - [MESSAGE][PASSED] - Object '' is present

2021-01-22 12:02:09 - [MESSAGE][PASSED] - Object: '' is clicked on

2021-01-22 12:02:09 - [MESSAGE][PASSED] - Wait for page load successfully

2021-01-22 12:02:09 - [MESSAGE][PASSED] - Select Menu "Dashboard for Risk"

2021-01-22 12:02:09 - [TEST_STEP][PASSED] - Select STATUS "Failed due to not supported bank": Select STATUS "Failed due to not supported bank"

2021-01-22 12:02:09 - [MESSAGE][PASSED] - All options with value 'Failed due to not supported bank' are selected in object ''  using regular expression

2021-01-22 12:02:09 - [MESSAGE][PASSED] - Select STATUS "Failed due to not supported bank"

2021-01-22 12:02:09 - [TEST_STEP][PASSED] - Click button "Search": Click button "Search"

2021-01-22 12:02:09 - [MESSAGE][INFO] - >>>>>//Button[contains(text(),'Search')]

2021-01-22 12:02:12 - [MESSAGE][PASSED] - Object '' is present

2021-01-22 12:02:12 - [MESSAGE][PASSED] - Object: '' is clicked on

2021-01-22 12:02:12 - [MESSAGE][PASSED] - Switched to window with index: '0'

2021-01-22 12:02:12 - [MESSAGE][PASSED] - Click button "Search"

2021-01-22 12:02:12 - [TEST_STEP][PASSED] - Verify Search Result Presents: Verify Search Result Presents

2021-01-22 12:02:16 - [MESSAGE][INFO] - Unable to find the element located by 'By.xpath: //td[@style='display:none' and contains(text(),'-Empty-')]'. Please recheck the objects properties to make sure the desired element is located. 

2021-01-22 12:02:17 - [MESSAGE][WARNING] - com.kms.katalon.core.webui.exception.WebElementNotFoundException: Web element with id: '' located by '//td[@style='display:none' and contains(text(),'-Empty-')]' not found (Root cause: com.kms.katalon.core.exception.StepFailedException: com.kms.katalon.core.webui.exception.WebElementNotFoundException: Web element with id: '' located by '//td[@style='display:none' and contains(text(),'-Empty-')]' not found
	at com.kms.katalon.core.webui.keyword.internal.WebUIKeywordMain.stepFailed(WebUIKeywordMain.groovy:64)
	at com.kms.katalon.core.webui.keyword.builtin.VerifyElementPresentKeyword$_verifyElementPresent_closure1.doCall(VerifyElementPresentKeyword.groovy:85)
	at com.kms.katalon.core.webui.keyword.builtin.VerifyElementPresentKeyword$_verifyElementPresent_closure1.call(VerifyElementPresentKeyword.groovy)
	at com.kms.katalon.core.webui.keyword.internal.WebUIKeywordMain.runKeyword(WebUIKeywordMain.groovy:20)
	at com.kms.katalon.core.webui.keyword.builtin.VerifyElementPresentKeyword.verifyElementPresent(VerifyElementPresentKeyword.groovy:92)
	at com.kms.katalon.core.webui.keyword.builtin.VerifyElementPresentKeyword.execute(VerifyElementPresentKeyword.groovy:68)
	at com.kms.katalon.core.keyword.internal.KeywordExecutor.executeKeywordForPlatform(KeywordExecutor.groovy:73)
	at com.kms.katalon.core.webui.keyword.WebUiBuiltInKeywords.verifyElementPresent(WebUiBuiltInKeywords.groovy:1444)
	at com.kms.katalon.core.webui.keyword.WebUiBuiltInKeywords$verifyElementPresent$11.call(Unknown Source)
	at ist_real.Contract_Dispatcher.VerifyTblFilled(Contract_Dispatcher.groovy:1313)
	at ist_real.Contract_Dispatcher$VerifyTblFilled$0.call(Unknown Source)
	at RTD.Search_Result_Presents(RTD.groovy:191)
	at cucumber.runtime.Utils$1.call(Utils.java:26)
	at cucumber.runtime.Timeout.timeout(Timeout.java:16)
	at cucumber.runtime.Utils.invoke(Utils.java:20)
	at cucumber.runtime.java.JavaStepDefinition.execute(JavaStepDefinition.java:48)
	at cucumber.runtime.PickleStepDefinitionMatch.runStep(PickleStepDefinitionMatch.java:50)
	at cucumber.runner.TestStep.executeStep(TestStep.java:55)
	at cucumber.runner.TestStep.run(TestStep.java:42)
	at cucumber.runner.PickleStepTestStep.run(PickleStepTestStep.java:53)
	at cucumber.runner.TestCase.run(TestCase.java:47)
	at cucumber.runner.Runner.runPickle(Runner.java:44)
	at cucumber.runtime.Runtime.runFeature(Runtime.java:120)
	at cucumber.runtime.Runtime.run(Runtime.java:106)
	at cucumber.api.cli.Main.run(Main.java:35)
	at cucumber.api.cli.Main$run.call(Unknown Source)
	at com.kms.katalon.core.cucumber.keyword.CucumberBuiltinKeywords$_runFeatureFile_closure1.doCall(CucumberBuiltinKeywords.groovy:76)
	at com.kms.katalon.core.cucumber.keyword.CucumberBuiltinKeywords$_runFeatureFile_closure1.doCall(CucumberBuiltinKeywords.groovy)
	at com.kms.katalon.core.keyword.internal.KeywordMain.runKeyword(KeywordMain.groovy:68)
	at com.kms.katalon.core.keyword.internal.KeywordMain$runKeyword.call(Unknown Source)
	at com.kms.katalon.core.cucumber.keyword.CucumberBuiltinKeywords.runFeatureFile(CucumberBuiltinKeywords.groovy:46)
	at com.kms.katalon.core.cucumber.keyword.CucumberBuiltinKeywords$runFeatureFile$0.callStatic(Unknown Source)
	at com.kms.katalon.core.cucumber.keyword.CucumberBuiltinKeywords.runFeatureFile(CucumberBuiltinKeywords.groovy:169)
	at com.kms.katalon.core.cucumber.keyword.CucumberBuiltinKeywords$runFeatureFile.call(Unknown Source)
	at TC_Search_by_STATUS_Dashboard_for_Risk.run(TC_Search_by_STATUS_Dashboard_for_Risk:18)
	at com.kms.katalon.core.main.ScriptEngine.run(ScriptEngine.java:194)
	at com.kms.katalon.core.main.ScriptEngine.runScriptAsRawText(ScriptEngine.java:119)
	at com.kms.katalon.core.main.TestCaseExecutor.runScript(TestCaseExecutor.java:339)
	at com.kms.katalon.core.main.TestCaseExecutor.doExecute(TestCaseExecutor.java:330)
	at com.kms.katalon.core.main.TestCaseExecutor.processExecutionPhase(TestCaseExecutor.java:309)
	at com.kms.katalon.core.main.TestCaseExecutor.accessMainPhase(TestCaseExecutor.java:301)
	at com.kms.katalon.core.main.TestCaseExecutor.execute(TestCaseExecutor.java:235)
	at com.kms.katalon.core.main.TestSuiteExecutor.accessTestCaseMainPhase(TestSuiteExecutor.java:191)
	at com.kms.katalon.core.main.TestSuiteExecutor.accessTestSuiteMainPhase(TestSuiteExecutor.java:141)
	at com.kms.katalon.core.main.TestSuiteExecutor.execute(TestSuiteExecutor.java:90)
	at com.kms.katalon.core.main.TestCaseMain.startTestSuite(TestCaseMain.java:157)
	at com.kms.katalon.core.main.TestCaseMain$startTestSuite$0.call(Unknown Source)
	at TempTestSuite1611290385324.run(TempTestSuite1611290385324.groovy:39)
)
[[ATTACHMENT|/Users/chaidir.pratama01/Katalon Studio/IST_Automation_Git/Reports/20210122_113940/RTD/TS_Dashboard_for_Risk/20210122_113945/1611291736740.png]]

2021-01-22 12:02:17 - [MESSAGE][PASSED] - Verify Search Result Presents

2021-01-22 12:02:17 - [TEST_STEP][PASSED] - Click button "Logout": Click button "Logout"

2021-01-22 12:02:17 - [MESSAGE][INFO] - >>>>>//Button[contains(text(),'Logout')]

2021-01-22 12:02:20 - [MESSAGE][PASSED] - Object '' is present

2021-01-22 12:02:20 - [MESSAGE][PASSED] - Object: '' is clicked on

2021-01-22 12:02:20 - [MESSAGE][PASSED] - Switched to window with index: '0'

2021-01-22 12:02:20 - [MESSAGE][PASSED] - Click button "Logout"

2021-01-22 12:02:20 - [TEST_STEP][PASSED] - Close browser: Close browser

2021-01-22 12:02:20 - [MESSAGE][PASSED] - Browser is closed

2021-01-22 12:02:20 - [MESSAGE][PASSED] - Close browser

2021-01-22 12:02:20 - [TEST_CASE][PASSED] - Start Test Case : SCENARIO Search by STATUS Manual Disbursement: SCENARIO Search by STATUS Manual Disbursement

2021-01-22 12:02:20 - [TEST_STEP][PASSED] - Go to ISTools: Go to ISTools

2021-01-22 12:02:20 - [MESSAGE][INFO] - Starting 'Chrome (headless)' driver

2021-01-22 12:02:20 - [MESSAGE][INFO] - User set preference: ['args', '[--start-maximized, --disable-gpu, --no-proxy-server, â€“-no-sandbox, --allow-running-insecure-content, --ignore-certificate-errors, window-size=1680,814, force-device-scale-factor=2, --lang=en-GB]']

2021-01-22 12:02:20 - [MESSAGE][INFO] - User set preference: ['prefs', '{download.default_directory=/Users/chaidir.pratama01/Katalon Studio/IST_Automation_Git/Download}']

2021-01-22 12:02:20 - [MESSAGE][INFO] - Action delay is set to 0 milliseconds

2021-01-22 12:02:21 - [MESSAGE][PASSED] - Browser is opened with url: ''

2021-01-22 12:02:21 - [MESSAGE][PASSED] - Navigate to 'https://dev-istools.homecredit.id/foundation/' successfully

2021-01-22 12:02:21 - [MESSAGE][PASSED] - Go to ISTools

2021-01-22 12:02:21 - [TEST_STEP][PASSED] - Login IST with valid credentials: Login IST with valid credentials

2021-01-22 12:02:21 - [MESSAGE][PASSED] - Text 'mobile.test' is set on object 'Object Repository/Page_/input_Username_j_username'

2021-01-22 12:02:21 - [MESSAGE][PASSED] - Text ****** has been set on object 'Object Repository/Page_/input_Password_j_password'

2021-01-22 12:02:22 - [MESSAGE][PASSED] - Object: 'Object Repository/Page_/button_Login' is clicked on

2021-01-22 12:02:22 - [MESSAGE][PASSED] - Login IST with valid credentials

2021-01-22 12:02:22 - [TEST_STEP][PASSED] - Login Success: Login Success

2021-01-22 12:02:22 - [MESSAGE][INFO] - Login Success

2021-01-22 12:02:22 - [MESSAGE][PASSED] - Current window maximized

2021-01-22 12:02:22 - [MESSAGE][PASSED] - Object 'Object Repository/Page_/h1_Welcome to IT Supporting Tools' is present

2021-01-22 12:02:22 - [MESSAGE][PASSED] - Login Success

2021-01-22 12:02:22 - [TEST_STEP][PASSED] - Select Arrow Menu "Real Time Disbursement": Select Arrow Menu "Real Time Disbursement"

2021-01-22 12:02:22 - [MESSAGE][PASSED] - Object: '' is clicked on

2021-01-22 12:02:22 - [MESSAGE][PASSED] - Select Arrow Menu "Real Time Disbursement"

2021-01-22 12:02:22 - [TEST_STEP][PASSED] - Select Menu "Dashboard for Risk": Select Menu "Dashboard for Risk"

2021-01-22 12:02:22 - [MESSAGE][PASSED] - Taking screenshot successfully
[[ATTACHMENT|/Users/chaidir.pratama01/Documents/Docs/Katalon Studio/Screenshot/test-Dashboard for Risk.png]]

2021-01-22 12:02:22 - [MESSAGE][PASSED] - Object '' is present

2021-01-22 12:02:23 - [MESSAGE][PASSED] - Object: '' is clicked on

2021-01-22 12:02:23 - [MESSAGE][PASSED] - Wait for page load successfully

2021-01-22 12:02:23 - [MESSAGE][PASSED] - Select Menu "Dashboard for Risk"

2021-01-22 12:02:23 - [TEST_STEP][PASSED] - Select STATUS "Manual Disbursement": Select STATUS "Manual Disbursement"

2021-01-22 12:02:23 - [MESSAGE][PASSED] - All options with value 'Manual Disbursement' are selected in object ''  using regular expression

2021-01-22 12:02:23 - [MESSAGE][PASSED] - Select STATUS "Manual Disbursement"

2021-01-22 12:02:23 - [TEST_STEP][PASSED] - Click button "Search": Click button "Search"

2021-01-22 12:02:23 - [MESSAGE][INFO] - >>>>>//Button[contains(text(),'Search')]

2021-01-22 12:02:26 - [MESSAGE][PASSED] - Object '' is present

2021-01-22 12:02:26 - [MESSAGE][PASSED] - Object: '' is clicked on

2021-01-22 12:02:26 - [MESSAGE][PASSED] - Switched to window with index: '0'

2021-01-22 12:02:26 - [MESSAGE][PASSED] - Click button "Search"

2021-01-22 12:02:26 - [TEST_STEP][PASSED] - Verify Search Result Presents: Verify Search Result Presents

2021-01-22 12:02:26 - [MESSAGE][PASSED] - Object '' is present

2021-01-22 12:02:34 - [MESSAGE][PASSED] - Verify Search Result Presents

2021-01-22 12:02:34 - [TEST_STEP][PASSED] - Click button "Logout": Click button "Logout"

2021-01-22 12:02:34 - [MESSAGE][INFO] - >>>>>//Button[contains(text(),'Logout')]

2021-01-22 12:02:37 - [MESSAGE][PASSED] - Object '' is present

2021-01-22 12:02:37 - [MESSAGE][PASSED] - Object: '' is clicked on

2021-01-22 12:02:37 - [MESSAGE][PASSED] - Switched to window with index: '0'

2021-01-22 12:02:37 - [MESSAGE][PASSED] - Click button "Logout"

2021-01-22 12:02:37 - [TEST_STEP][PASSED] - Close browser: Close browser

2021-01-22 12:02:37 - [MESSAGE][PASSED] - Browser is closed

2021-01-22 12:02:37 - [MESSAGE][PASSED] - Close browser

2021-01-22 12:02:37 - [TEST_CASE][PASSED] - Start Test Case : SCENARIO Search by STATUS DONE: SCENARIO Search by STATUS DONE

2021-01-22 12:02:37 - [TEST_STEP][PASSED] - Go to ISTools: Go to ISTools

2021-01-22 12:02:37 - [MESSAGE][INFO] - Starting 'Chrome (headless)' driver

2021-01-22 12:02:37 - [MESSAGE][INFO] - User set preference: ['args', '[--start-maximized, --disable-gpu, --no-proxy-server, â€“-no-sandbox, --allow-running-insecure-content, --ignore-certificate-errors, window-size=1680,814, force-device-scale-factor=2, --lang=en-GB]']

2021-01-22 12:02:37 - [MESSAGE][INFO] - User set preference: ['prefs', '{download.default_directory=/Users/chaidir.pratama01/Katalon Studio/IST_Automation_Git/Download}']

2021-01-22 12:02:37 - [MESSAGE][INFO] - Action delay is set to 0 milliseconds

2021-01-22 12:02:38 - [MESSAGE][PASSED] - Browser is opened with url: ''

2021-01-22 12:02:38 - [MESSAGE][PASSED] - Navigate to 'https://dev-istools.homecredit.id/foundation/' successfully

2021-01-22 12:02:38 - [MESSAGE][PASSED] - Go to ISTools

2021-01-22 12:02:38 - [TEST_STEP][PASSED] - Login IST with valid credentials: Login IST with valid credentials

2021-01-22 12:02:38 - [MESSAGE][PASSED] - Text 'mobile.test' is set on object 'Object Repository/Page_/input_Username_j_username'

2021-01-22 12:02:39 - [MESSAGE][PASSED] - Text ****** has been set on object 'Object Repository/Page_/input_Password_j_password'

2021-01-22 12:02:39 - [MESSAGE][PASSED] - Object: 'Object Repository/Page_/button_Login' is clicked on

2021-01-22 12:02:39 - [MESSAGE][PASSED] - Login IST with valid credentials

2021-01-22 12:02:39 - [TEST_STEP][PASSED] - Login Success: Login Success

2021-01-22 12:02:39 - [MESSAGE][INFO] - Login Success

2021-01-22 12:02:39 - [MESSAGE][PASSED] - Current window maximized

2021-01-22 12:02:39 - [MESSAGE][PASSED] - Object 'Object Repository/Page_/h1_Welcome to IT Supporting Tools' is present

2021-01-22 12:02:39 - [MESSAGE][PASSED] - Login Success

2021-01-22 12:02:39 - [TEST_STEP][PASSED] - Select Arrow Menu "Real Time Disbursement": Select Arrow Menu "Real Time Disbursement"

2021-01-22 12:02:39 - [MESSAGE][PASSED] - Object: '' is clicked on

2021-01-22 12:02:39 - [MESSAGE][PASSED] - Select Arrow Menu "Real Time Disbursement"

2021-01-22 12:02:39 - [TEST_STEP][PASSED] - Select Menu "Dashboard for Risk": Select Menu "Dashboard for Risk"

2021-01-22 12:02:40 - [MESSAGE][PASSED] - Taking screenshot successfully
[[ATTACHMENT|/Users/chaidir.pratama01/Documents/Docs/Katalon Studio/Screenshot/test-Dashboard for Risk.png]]

2021-01-22 12:02:40 - [MESSAGE][PASSED] - Object '' is present

2021-01-22 12:02:40 - [MESSAGE][PASSED] - Object: '' is clicked on

2021-01-22 12:02:40 - [MESSAGE][PASSED] - Wait for page load successfully

2021-01-22 12:02:40 - [MESSAGE][PASSED] - Select Menu "Dashboard for Risk"

2021-01-22 12:02:40 - [TEST_STEP][PASSED] - Select STATUS "DONE": Select STATUS "DONE"

2021-01-22 12:02:40 - [MESSAGE][PASSED] - All options with value 'DONE' are selected in object ''  using regular expression

2021-01-22 12:02:40 - [MESSAGE][PASSED] - Select STATUS "DONE"

2021-01-22 12:02:40 - [TEST_STEP][PASSED] - Click button "Search": Click button "Search"

2021-01-22 12:02:40 - [MESSAGE][INFO] - >>>>>//Button[contains(text(),'Search')]

2021-01-22 12:02:43 - [MESSAGE][PASSED] - Object '' is present

2021-01-22 12:02:43 - [MESSAGE][PASSED] - Object: '' is clicked on

2021-01-22 12:02:43 - [MESSAGE][PASSED] - Switched to window with index: '0'

2021-01-22 12:02:43 - [MESSAGE][PASSED] - Click button "Search"

2021-01-22 12:02:43 - [TEST_STEP][PASSED] - Verify Search Result Presents: Verify Search Result Presents

2021-01-22 12:02:43 - [MESSAGE][PASSED] - Object '' is present

2021-01-22 12:02:51 - [MESSAGE][PASSED] - Verify Search Result Presents

2021-01-22 12:02:51 - [TEST_STEP][PASSED] - Click button "Logout": Click button "Logout"

2021-01-22 12:02:51 - [MESSAGE][INFO] - >>>>>//Button[contains(text(),'Logout')]

2021-01-22 12:02:54 - [MESSAGE][PASSED] - Object '' is present

2021-01-22 12:02:55 - [MESSAGE][PASSED] - Object: '' is clicked on

2021-01-22 12:02:55 - [MESSAGE][PASSED] - Switched to window with index: '0'

2021-01-22 12:02:55 - [MESSAGE][PASSED] - Click button "Logout"

2021-01-22 12:02:55 - [TEST_STEP][PASSED] - Close browser: Close browser

2021-01-22 12:02:55 - [MESSAGE][PASSED] - Browser is closed

2021-01-22 12:02:55 - [MESSAGE][PASSED] - Close browser

2021-01-22 12:02:55 - [TEST_CASE][PASSED] - Start Test Case : SCENARIO Search by STATUS Success to Disburse: SCENARIO Search by STATUS Success to Disburse

2021-01-22 12:02:55 - [TEST_STEP][PASSED] - Go to ISTools: Go to ISTools

2021-01-22 12:02:55 - [MESSAGE][INFO] - Starting 'Chrome (headless)' driver

2021-01-22 12:02:55 - [MESSAGE][INFO] - User set preference: ['args', '[--start-maximized, --disable-gpu, --no-proxy-server, â€“-no-sandbox, --allow-running-insecure-content, --ignore-certificate-errors, window-size=1680,814, force-device-scale-factor=2, --lang=en-GB]']

2021-01-22 12:02:55 - [MESSAGE][INFO] - User set preference: ['prefs', '{download.default_directory=/Users/chaidir.pratama01/Katalon Studio/IST_Automation_Git/Download}']

2021-01-22 12:02:55 - [MESSAGE][INFO] - Action delay is set to 0 milliseconds

2021-01-22 12:02:55 - [MESSAGE][PASSED] - Browser is opened with url: ''

2021-01-22 12:02:56 - [MESSAGE][PASSED] - Navigate to 'https://dev-istools.homecredit.id/foundation/' successfully

2021-01-22 12:02:56 - [MESSAGE][PASSED] - Go to ISTools

2021-01-22 12:02:56 - [TEST_STEP][PASSED] - Login IST with valid credentials: Login IST with valid credentials

2021-01-22 12:02:56 - [MESSAGE][PASSED] - Text 'mobile.test' is set on object 'Object Repository/Page_/input_Username_j_username'

2021-01-22 12:02:56 - [MESSAGE][PASSED] - Text ****** has been set on object 'Object Repository/Page_/input_Password_j_password'

2021-01-22 12:02:56 - [MESSAGE][PASSED] - Object: 'Object Repository/Page_/button_Login' is clicked on

2021-01-22 12:02:56 - [MESSAGE][PASSED] - Login IST with valid credentials

2021-01-22 12:02:56 - [TEST_STEP][PASSED] - Login Success: Login Success

2021-01-22 12:02:56 - [MESSAGE][INFO] - Login Success

2021-01-22 12:02:56 - [MESSAGE][PASSED] - Current window maximized

2021-01-22 12:02:56 - [MESSAGE][PASSED] - Object 'Object Repository/Page_/h1_Welcome to IT Supporting Tools' is present

2021-01-22 12:02:56 - [MESSAGE][PASSED] - Login Success

2021-01-22 12:02:56 - [TEST_STEP][PASSED] - Select Arrow Menu "Real Time Disbursement": Select Arrow Menu "Real Time Disbursement"

2021-01-22 12:02:56 - [MESSAGE][PASSED] - Object: '' is clicked on

2021-01-22 12:02:56 - [MESSAGE][PASSED] - Select Arrow Menu "Real Time Disbursement"

2021-01-22 12:02:56 - [TEST_STEP][PASSED] - Select Menu "Dashboard for Risk": Select Menu "Dashboard for Risk"

2021-01-22 12:02:57 - [MESSAGE][PASSED] - Taking screenshot successfully
[[ATTACHMENT|/Users/chaidir.pratama01/Documents/Docs/Katalon Studio/Screenshot/test-Dashboard for Risk.png]]

2021-01-22 12:02:57 - [MESSAGE][PASSED] - Object '' is present

2021-01-22 12:02:57 - [MESSAGE][PASSED] - Object: '' is clicked on

2021-01-22 12:02:57 - [MESSAGE][PASSED] - Wait for page load successfully

2021-01-22 12:02:57 - [MESSAGE][PASSED] - Select Menu "Dashboard for Risk"

2021-01-22 12:02:57 - [TEST_STEP][PASSED] - Select STATUS "Success to Disburse": Select STATUS "Success to Disburse"

2021-01-22 12:02:57 - [MESSAGE][PASSED] - All options with value 'Success to Disburse' are selected in object ''  using regular expression

2021-01-22 12:02:57 - [MESSAGE][PASSED] - Select STATUS "Success to Disburse"

2021-01-22 12:02:57 - [TEST_STEP][PASSED] - Click button "Search": Click button "Search"

2021-01-22 12:02:57 - [MESSAGE][INFO] - >>>>>//Button[contains(text(),'Search')]

2021-01-22 12:03:00 - [MESSAGE][PASSED] - Object '' is present

2021-01-22 12:03:00 - [MESSAGE][PASSED] - Object: '' is clicked on

2021-01-22 12:03:00 - [MESSAGE][PASSED] - Switched to window with index: '0'

2021-01-22 12:03:00 - [MESSAGE][PASSED] - Click button "Search"

2021-01-22 12:03:00 - [TEST_STEP][PASSED] - Verify Search Result Presents: Verify Search Result Presents

2021-01-22 12:03:00 - [MESSAGE][PASSED] - Object '' is present

2021-01-22 12:03:01 - [MESSAGE][PASSED] - Verify Search Result Presents

2021-01-22 12:03:01 - [TEST_STEP][PASSED] - Click button "Logout": Click button "Logout"

2021-01-22 12:03:01 - [MESSAGE][INFO] - >>>>>//Button[contains(text(),'Logout')]

2021-01-22 12:03:04 - [MESSAGE][PASSED] - Object '' is present

2021-01-22 12:03:04 - [MESSAGE][PASSED] - Object: '' is clicked on

2021-01-22 12:03:04 - [MESSAGE][PASSED] - Switched to window with index: '0'

2021-01-22 12:03:04 - [MESSAGE][PASSED] - Click button "Logout"

2021-01-22 12:03:04 - [TEST_STEP][PASSED] - Close browser: Close browser

2021-01-22 12:03:04 - [MESSAGE][PASSED] - Browser is closed

2021-01-22 12:03:04 - [MESSAGE][PASSED] - Close browser

2021-01-22 12:03:04 - [MESSAGE][PASSED] - Feature file: 'Include/features/IST_Real/RTD/Dashboard_for_Risk/Search_by_STATUS_Dashboard_for_Risk.feature' was passed]]></system-out>
         <system-err><![CDATA[]]></system-err>
      </testcase>
      <testcase name="Test Cases/RTD/Dashboard for Risk/TC_Search_by_Contract_Number_Dashboard_for_Risk" time="6.925" classname="Test Cases/RTD/Dashboard for Risk/TC_Search_by_Contract_Number_Dashboard_for_Risk" status="PASSED">
         <system-out><![CDATA[2021-01-22 12:03:04 - [TEST_CASE][PASSED] - Test Cases/RTD/Dashboard for Risk/TC_Search_by_Contract_Number_Dashboard_for_Risk: Test Cases/RTD/Dashboard for Risk/TC_Search_by_Contract_Number_Dashboard_for_Risk

2021-01-22 12:03:05 - [TEST_STEP][PASSED] - runFeatureFile("Include/features/IST_Real/RTD/Dashboard_for_Risk/Search_by_Contract_Number_Dashboard_for_Risk.feature"): Feature file: 'Include/features/IST_Real/RTD/Dashboard_for_Risk/Search_by_Contract_Number_Dashboard_for_Risk.feature' was passed

2021-01-22 12:03:05 - [MESSAGE][INFO] - Starting run keyword runFeatureFile: 'Include/features/IST_Real/RTD/Dashboard_for_Risk/Search_by_Contract_Number_Dashboard_for_Risk.feature' and extract report to folder: '/Users/chaidir.pratama01/Katalon Studio/IST_Automation_Git/Reports/20210122_113940/RTD/TS_Dashboard_for_Risk/20210122_113945/cucumber_report/1611291785038'...

2021-01-22 12:03:05 - [TEST_CASE][PASSED] - Start Test Case : SCENARIO Search by Contract Number and it found on Dashboard: SCENARIO Search by Contract Number and it found on Dashboard

2021-01-22 12:03:05 - [TEST_STEP][PASSED] - Go to ISTools: Go to ISTools

2021-01-22 12:03:05 - [MESSAGE][INFO] - Starting 'Chrome (headless)' driver

2021-01-22 12:03:05 - [MESSAGE][INFO] - User set preference: ['args', '[--start-maximized, --disable-gpu, --no-proxy-server, â€“-no-sandbox, --allow-running-insecure-content, --ignore-certificate-errors, window-size=1680,814, force-device-scale-factor=2, --lang=en-GB]']

2021-01-22 12:03:05 - [MESSAGE][INFO] - User set preference: ['prefs', '{download.default_directory=/Users/chaidir.pratama01/Katalon Studio/IST_Automation_Git/Download}']

2021-01-22 12:03:05 - [MESSAGE][INFO] - Action delay is set to 0 milliseconds

2021-01-22 12:03:05 - [MESSAGE][PASSED] - Browser is opened with url: ''

2021-01-22 12:03:06 - [MESSAGE][PASSED] - Navigate to 'https://dev-istools.homecredit.id/foundation/' successfully

2021-01-22 12:03:06 - [MESSAGE][PASSED] - Go to ISTools

2021-01-22 12:03:06 - [TEST_STEP][PASSED] - Login IST with valid credentials: Login IST with valid credentials

2021-01-22 12:03:06 - [MESSAGE][PASSED] - Text 'mobile.test' is set on object 'Object Repository/Page_/input_Username_j_username'

2021-01-22 12:03:06 - [MESSAGE][PASSED] - Text ****** has been set on object 'Object Repository/Page_/input_Password_j_password'

2021-01-22 12:03:07 - [MESSAGE][PASSED] - Object: 'Object Repository/Page_/button_Login' is clicked on

2021-01-22 12:03:07 - [MESSAGE][PASSED] - Login IST with valid credentials

2021-01-22 12:03:07 - [TEST_STEP][PASSED] - Login Success: Login Success

2021-01-22 12:03:07 - [MESSAGE][INFO] - Login Success

2021-01-22 12:03:07 - [MESSAGE][PASSED] - Current window maximized

2021-01-22 12:03:07 - [MESSAGE][PASSED] - Object 'Object Repository/Page_/h1_Welcome to IT Supporting Tools' is present

2021-01-22 12:03:07 - [MESSAGE][PASSED] - Login Success

2021-01-22 12:03:07 - [TEST_STEP][PASSED] - Select Arrow Menu "Real Time Disbursement": Select Arrow Menu "Real Time Disbursement"

2021-01-22 12:03:07 - [MESSAGE][PASSED] - Object: '' is clicked on

2021-01-22 12:03:07 - [MESSAGE][PASSED] - Select Arrow Menu "Real Time Disbursement"

2021-01-22 12:03:07 - [TEST_STEP][PASSED] - Select Menu "Dashboard for Risk": Select Menu "Dashboard for Risk"

2021-01-22 12:03:07 - [MESSAGE][PASSED] - Taking screenshot successfully
[[ATTACHMENT|/Users/chaidir.pratama01/Documents/Docs/Katalon Studio/Screenshot/test-Dashboard for Risk.png]]

2021-01-22 12:03:07 - [MESSAGE][PASSED] - Object '' is present

2021-01-22 12:03:07 - [MESSAGE][PASSED] - Object: '' is clicked on

2021-01-22 12:03:07 - [MESSAGE][PASSED] - Wait for page load successfully

2021-01-22 12:03:07 - [MESSAGE][PASSED] - Select Menu "Dashboard for Risk"

2021-01-22 12:03:07 - [TEST_STEP][PASSED] - Input Contract RTD in Contract Number label: Input Contract RTD in Contract Number label

2021-01-22 12:03:08 - [MESSAGE][PASSED] - Text '4000014162' is set on object ''

2021-01-22 12:03:08 - [MESSAGE][PASSED] - Input Contract RTD in Contract Number label

2021-01-22 12:03:08 - [TEST_STEP][PASSED] - Click button "Search": Click button "Search"

2021-01-22 12:03:08 - [MESSAGE][INFO] - >>>>>//Button[contains(text(),'Search')]

2021-01-22 12:03:11 - [MESSAGE][PASSED] - Object '' is present

2021-01-22 12:03:11 - [MESSAGE][PASSED] - Object: '' is clicked on

2021-01-22 12:03:11 - [MESSAGE][PASSED] - Switched to window with index: '0'

2021-01-22 12:03:11 - [MESSAGE][PASSED] - Click button "Search"

2021-01-22 12:03:11 - [TEST_STEP][PASSED] - Verify Search Result Presents: Verify Search Result Presents

2021-01-22 12:03:11 - [MESSAGE][PASSED] - Object '' is present

2021-01-22 12:03:11 - [MESSAGE][PASSED] - Verify Search Result Presents

2021-01-22 12:03:11 - [MESSAGE][PASSED] - Feature file: 'Include/features/IST_Real/RTD/Dashboard_for_Risk/Search_by_Contract_Number_Dashboard_for_Risk.feature' was passed]]></system-out>
         <system-err><![CDATA[]]></system-err>
      </testcase>
      <system-out><![CDATA[2021-01-22 11:59:45 - [TEST_SUITE][FAILED] - TS_Dashboard_for_Risk: Test Cases/RTD/Dashboard for Risk/TC_View_Detail_Dashboard_for_Risk FAILED.
Reason:
com.kms.katalon.core.exception.StepFailedException: Feature file 'Include/features/IST_Real/RTD/Dashboard_for_Risk/View_Detail_Dashboard_for_Risk.feature' was failed
	at com.kms.katalon.core.keyword.internal.KeywordMain.stepFailed(KeywordMain.groovy:50)
	at com.kms.katalon.core.keyword.internal.KeywordMain.stepFailed(KeywordMain.groovy)
	at com.kms.katalon.core.keyword.internal.KeywordMain.stepFailed(KeywordMain.groovy:23)
	at com.kms.katalon.core.keyword.internal.KeywordMain$stepFailed$0.call(Unknown Source)
	at com.kms.katalon.core.cucumber.keyword.CucumberBuiltinKeywords$_runFeatureFile_closure1.doCall(CucumberBuiltinKeywords.groovy:82)
	at com.kms.katalon.core.cucumber.keyword.CucumberBuiltinKeywords$_runFeatureFile_closure1.doCall(CucumberBuiltinKeywords.groovy)
	at com.kms.katalon.core.keyword.internal.KeywordMain.runKeyword(KeywordMain.groovy:68)
	at com.kms.katalon.core.keyword.internal.KeywordMain$runKeyword.call(Unknown Source)
	at com.kms.katalon.core.cucumber.keyword.CucumberBuiltinKeywords.runFeatureFile(CucumberBuiltinKeywords.groovy:46)
	at com.kms.katalon.core.cucumber.keyword.CucumberBuiltinKeywords$runFeatureFile$0.callStatic(Unknown Source)
	at com.kms.katalon.core.cucumber.keyword.CucumberBuiltinKeywords.runFeatureFile(CucumberBuiltinKeywords.groovy:169)
	at com.kms.katalon.core.cucumber.keyword.CucumberBuiltinKeywords$runFeatureFile.call(Unknown Source)
	at TC_View_Detail_Dashboard_for_Risk.run(TC_View_Detail_Dashboard_for_Risk:18)
	at com.kms.katalon.core.main.ScriptEngine.run(ScriptEngine.java:194)
	at com.kms.katalon.core.main.ScriptEngine.runScriptAsRawText(ScriptEngine.java:119)
	at com.kms.katalon.core.main.TestCaseExecutor.runScript(TestCaseExecutor.java:339)
	at com.kms.katalon.core.main.TestCaseExecutor.doExecute(TestCaseExecutor.java:330)
	at com.kms.katalon.core.main.TestCaseExecutor.processExecutionPhase(TestCaseExecutor.java:309)
	at com.kms.katalon.core.main.TestCaseExecutor.accessMainPhase(TestCaseExecutor.java:301)
	at com.kms.katalon.core.main.TestCaseExecutor.execute(TestCaseExecutor.java:235)
	at com.kms.katalon.core.main.TestSuiteExecutor.accessTestCaseMainPhase(TestSuiteExecutor.java:191)
	at com.kms.katalon.core.main.TestSuiteExecutor.accessTestSuiteMainPhase(TestSuiteExecutor.java:141)
	at com.kms.katalon.core.main.TestSuiteExecutor.execute(TestSuiteExecutor.java:90)
	at com.kms.katalon.core.main.TestCaseMain.startTestSuite(TestCaseMain.java:157)
	at com.kms.katalon.core.main.TestCaseMain$startTestSuite$0.call(Unknown Source)
	at TempTestSuite1611290385324.run(TempTestSuite1611290385324.groovy:39)]]></system-out>
      <system-err><![CDATA[2021-01-22 11:59:45 - [TEST_SUITE][FAILED] - TS_Dashboard_for_Risk: Test Cases/RTD/Dashboard for Risk/TC_View_Detail_Dashboard_for_Risk FAILED.
Reason:
com.kms.katalon.core.exception.StepFailedException: Feature file 'Include/features/IST_Real/RTD/Dashboard_for_Risk/View_Detail_Dashboard_for_Risk.feature' was failed
	at com.kms.katalon.core.keyword.internal.KeywordMain.stepFailed(KeywordMain.groovy:50)
	at com.kms.katalon.core.keyword.internal.KeywordMain.stepFailed(KeywordMain.groovy)
	at com.kms.katalon.core.keyword.internal.KeywordMain.stepFailed(KeywordMain.groovy:23)
	at com.kms.katalon.core.keyword.internal.KeywordMain$stepFailed$0.call(Unknown Source)
	at com.kms.katalon.core.cucumber.keyword.CucumberBuiltinKeywords$_runFeatureFile_closure1.doCall(CucumberBuiltinKeywords.groovy:82)
	at com.kms.katalon.core.cucumber.keyword.CucumberBuiltinKeywords$_runFeatureFile_closure1.doCall(CucumberBuiltinKeywords.groovy)
	at com.kms.katalon.core.keyword.internal.KeywordMain.runKeyword(KeywordMain.groovy:68)
	at com.kms.katalon.core.keyword.internal.KeywordMain$runKeyword.call(Unknown Source)
	at com.kms.katalon.core.cucumber.keyword.CucumberBuiltinKeywords.runFeatureFile(CucumberBuiltinKeywords.groovy:46)
	at com.kms.katalon.core.cucumber.keyword.CucumberBuiltinKeywords$runFeatureFile$0.callStatic(Unknown Source)
	at com.kms.katalon.core.cucumber.keyword.CucumberBuiltinKeywords.runFeatureFile(CucumberBuiltinKeywords.groovy:169)
	at com.kms.katalon.core.cucumber.keyword.CucumberBuiltinKeywords$runFeatureFile.call(Unknown Source)
	at TC_View_Detail_Dashboard_for_Risk.run(TC_View_Detail_Dashboard_for_Risk:18)
	at com.kms.katalon.core.main.ScriptEngine.run(ScriptEngine.java:194)
	at com.kms.katalon.core.main.ScriptEngine.runScriptAsRawText(ScriptEngine.java:119)
	at com.kms.katalon.core.main.TestCaseExecutor.runScript(TestCaseExecutor.java:339)
	at com.kms.katalon.core.main.TestCaseExecutor.doExecute(TestCaseExecutor.java:330)
	at com.kms.katalon.core.main.TestCaseExecutor.processExecutionPhase(TestCaseExecutor.java:309)
	at com.kms.katalon.core.main.TestCaseExecutor.accessMainPhase(TestCaseExecutor.java:301)
	at com.kms.katalon.core.main.TestCaseExecutor.execute(TestCaseExecutor.java:235)
	at com.kms.katalon.core.main.TestSuiteExecutor.accessTestCaseMainPhase(TestSuiteExecutor.java:191)
	at com.kms.katalon.core.main.TestSuiteExecutor.accessTestSuiteMainPhase(TestSuiteExecutor.java:141)
	at com.kms.katalon.core.main.TestSuiteExecutor.execute(TestSuiteExecutor.java:90)
	at com.kms.katalon.core.main.TestCaseMain.startTestSuite(TestCaseMain.java:157)
	at com.kms.katalon.core.main.TestCaseMain$startTestSuite$0.call(Unknown Source)
	at TempTestSuite1611290385324.run(TempTestSuite1611290385324.groovy:39)]]></system-err>
   </testsuite>
   <testsuite name="TS_Partner_Disbursement" tests="5" failures="5" errors="0" time="5497.455" timestamp="2021-01-22 12:03:54" hostname="chaidir.pratama01 - localhost" id="Test Suites/RTD/TS_Partner_Disbursement">
      <properties>
         <property name="deviceName" value=""/>
         <property name="devicePlatform" value=""/>
         <property name="logFolder" value="/Users/chaidir.pratama01/Katalon Studio/IST_Automation_Git/Reports/20210122_113940/RTD/TS_Partner_Disbursement/20210122_113946"/>
         <property name="logFiles" value="/Users/chaidir.pratama01/Katalon Studio/IST_Automation_Git/Reports/20210122_113940/RTD/TS_Partner_Disbursement/20210122_113946/execution0.log"/>
         <property name="attachments" value="/Users/chaidir.pratama01/Documents/Docs/Katalon Studio/Screenshot/test-Partner Disbursement.png, /Users/chaidir.pratama01/Katalon Studio/IST_Automation_Git/Reports/20210122_113940/RTD/TS_Partner_Disbursement/20210122_113946/1611291846662.png, /Users/chaidir.pratama01/Documents/Docs/Katalon Studio/Screenshot/test-Partner Disbursement.png, /Users/chaidir.pratama01/Katalon Studio/IST_Automation_Git/Reports/20210122_113940/RTD/TS_Partner_Disbursement/20210122_113946/1611291860780.png, /Users/chaidir.pratama01/Documents/Docs/Katalon Studio/Screenshot/test-Partner Disbursement.png, /Users/chaidir.pratama01/Katalon Studio/IST_Automation_Git/Reports/20210122_113940/RTD/TS_Partner_Disbursement/20210122_113946/1611291874739.png, /Users/chaidir.pratama01/Documents/Docs/Katalon Studio/Screenshot/test-Partner Disbursement.png, /Users/chaidir.pratama01/Katalon Studio/IST_Automation_Git/Reports/20210122_113940/RTD/TS_Partner_Disbursement/20210122_113946/1611291888745.png, /Users/chaidir.pratama01/Documents/Docs/Katalon Studio/Screenshot/test-Partner Disbursement.png, /Users/chaidir.pratama01/Documents/Docs/Katalon Studio/Screenshot/test-Partner Disbursement.png, /Users/chaidir.pratama01/Katalon Studio/IST_Automation_Git/Reports/20210122_113940/RTD/TS_Partner_Disbursement/20210122_113946/1611291916609.png, /Users/chaidir.pratama01/Documents/Docs/Katalon Studio/Screenshot/test-Partner Disbursement.png, /Users/chaidir.pratama01/Documents/Docs/Katalon Studio/Screenshot/test-Partner Disbursement.png, /Users/chaidir.pratama01/Katalon Studio/IST_Automation_Git/Reports/20210122_113940/RTD/TS_Partner_Disbursement/20210122_113946/1611291941489.png, /Users/chaidir.pratama01/Documents/Docs/Katalon Studio/Screenshot/test-Partner Disbursement.png, /Users/chaidir.pratama01/Katalon Studio/IST_Automation_Git/Reports/20210122_113940/RTD/TS_Partner_Disbursement/20210122_113946/1611291954741.png, /Users/chaidir.pratama01/Katalon Studio/IST_Automation_Git/Reports/20210122_113940/RTD/TS_Partner_Disbursement/20210122_113946/1611294229456.png, /Users/chaidir.pratama01/Katalon Studio/IST_Automation_Git/Reports/20210122_113940/RTD/TS_Partner_Disbursement/20210122_113946/1611294239482.png, /Users/chaidir.pratama01/Katalon Studio/IST_Automation_Git/Reports/20210122_113940/RTD/TS_Partner_Disbursement/20210122_113946/1611294242523.png, /Users/chaidir.pratama01/Katalon Studio/IST_Automation_Git/Reports/20210122_113940/RTD/TS_Partner_Disbursement/20210122_113946/1611294245633.png, /Users/chaidir.pratama01/Katalon Studio/IST_Automation_Git/Reports/20210122_113940/RTD/TS_Partner_Disbursement/20210122_113946/1611294248679.png, /Users/chaidir.pratama01/Katalon Studio/IST_Automation_Git/Reports/20210122_113940/RTD/TS_Partner_Disbursement/20210122_113946/1611294251721.png, /Users/chaidir.pratama01/Katalon Studio/IST_Automation_Git/Reports/20210122_113940/RTD/TS_Partner_Disbursement/20210122_113946/1611294329673.png, /Users/chaidir.pratama01/Katalon Studio/IST_Automation_Git/Reports/20210122_113940/RTD/TS_Partner_Disbursement/20210122_113946/1611294406481.png, /Users/chaidir.pratama01/Katalon Studio/IST_Automation_Git/Reports/20210122_113940/RTD/TS_Partner_Disbursement/20210122_113946/1611294482784.png, /Users/chaidir.pratama01/Katalon Studio/IST_Automation_Git/Reports/20210122_113940/RTD/TS_Partner_Disbursement/20210122_113946/1611296467825.png, /Users/chaidir.pratama01/Katalon Studio/IST_Automation_Git/Reports/20210122_113940/RTD/TS_Partner_Disbursement/20210122_113946/1611297326633.png"/>
         <property name="hostName" value="chaidir.pratama01 - localhost"/>
         <property name="os" value="Mac OS X 64bit"/>
         <property name="katalonVersion" value="7.6.0.${buildNumber}"/>
         <property name="browser" value="Chrome 87.0.4280.141"/>
         <property name="hostAddress" value="127.0.0.1"/>
         <property name="sessionId" value="b6681b9b7403fdfc5966f41db2fc4232"/>
         <property name="seleniumVersion" value="3.141.59"/>
         <property name="proxyInformation" value="ProxyInformation { proxyOption=NO_PROXY, proxyServerType=HTTP, username=, password=********, proxyServerAddress=, proxyServerPort=0, executionList=\&quot;\&quot;, isApplyToDesiredCapabilities=true }"/>
         <property name="platform" value="Mac OS X"/>
      </properties>
      <testcase name="Test Cases/RTD/Partner Disbursement/TC_Search_by_STATUS" time="2496.169" classname="Test Cases/RTD/Partner Disbursement/TC_Search_by_STATUS" status="FAILED">
         <failure type="FAILED" message="Test Cases/RTD/Partner Disbursement/TC_Search_by_STATUS FAILED.
Reason:
com.kms.katalon.core.exception.StepFailedException: Feature file 'Include/features/IST_Real/RTD/Partner_Disbursement/Search_by_STATUS.feature' was failed
	at com.kms.katalon.core.keyword.internal.KeywordMain.stepFailed(KeywordMain.groovy:50)
	at com.kms.katalon.core.keyword.internal.KeywordMain.stepFailed(KeywordMain.groovy)
	at com.kms.katalon.core.keyword.internal.KeywordMain.stepFailed(KeywordMain.groovy:23)
	at com.kms.katalon.core.keyword.internal.KeywordMain$stepFailed$0.call(Unknown Source)
	at com.kms.katalon.core.cucumber.keyword.CucumberBuiltinKeywords$_runFeatureFile_closure1.doCall(CucumberBuiltinKeywords.groovy:82)
	at com.kms.katalon.core.cucumber.keyword.CucumberBuiltinKeywords$_runFeatureFile_closure1.doCall(CucumberBuiltinKeywords.groovy)
	at com.kms.katalon.core.keyword.internal.KeywordMain.runKeyword(KeywordMain.groovy:68)
	at com.kms.katalon.core.keyword.internal.KeywordMain$runKeyword.call(Unknown Source)
	at com.kms.katalon.core.cucumber.keyword.CucumberBuiltinKeywords.runFeatureFile(CucumberBuiltinKeywords.groovy:46)
	at com.kms.katalon.core.cucumber.keyword.CucumberBuiltinKeywords$runFeatureFile$0.callStatic(Unknown Source)
	at com.kms.katalon.core.cucumber.keyword.CucumberBuiltinKeywords.runFeatureFile(CucumberBuiltinKeywords.groovy:169)
	at com.kms.katalon.core.cucumber.keyword.CucumberBuiltinKeywords$runFeatureFile.call(Unknown Source)
	at TC_Search_by_STATUS.run(TC_Search_by_STATUS:18)
	at com.kms.katalon.core.main.ScriptEngine.run(ScriptEngine.java:194)
	at com.kms.katalon.core.main.ScriptEngine.runScriptAsRawText(ScriptEngine.java:119)
	at com.kms.katalon.core.main.TestCaseExecutor.runScript(TestCaseExecutor.java:339)
	at com.kms.katalon.core.main.TestCaseExecutor.doExecute(TestCaseExecutor.java:330)
	at com.kms.katalon.core.main.TestCaseExecutor.processExecutionPhase(TestCaseExecutor.java:309)
	at com.kms.katalon.core.main.TestCaseExecutor.accessMainPhase(TestCaseExecutor.java:301)
	at com.kms.katalon.core.main.TestCaseExecutor.execute(TestCaseExecutor.java:235)
	at com.kms.katalon.core.main.TestSuiteExecutor.accessTestCaseMainPhase(TestSuiteExecutor.java:191)
	at com.kms.katalon.core.main.TestSuiteExecutor.accessTestSuiteMainPhase(TestSuiteExecutor.java:141)
	at com.kms.katalon.core.main.TestSuiteExecutor.execute(TestSuiteExecutor.java:90)
	at com.kms.katalon.core.main.TestCaseMain.startTestSuite(TestCaseMain.java:157)
	at com.kms.katalon.core.main.TestCaseMain$startTestSuite$0.call(Unknown Source)
	at TempTestSuite1611290386363.run(TempTestSuite1611290386363.groovy:39)
"/>
         <system-out><![CDATA[2021-01-22 12:03:54 - [TEST_CASE][FAILED] - Test Cases/RTD/Partner Disbursement/TC_Search_by_STATUS: Test Cases/RTD/Partner Disbursement/TC_Search_by_STATUS FAILED.
Reason:
com.kms.katalon.core.exception.StepFailedException: Feature file 'Include/features/IST_Real/RTD/Partner_Disbursement/Search_by_STATUS.feature' was failed
	at com.kms.katalon.core.keyword.internal.KeywordMain.stepFailed(KeywordMain.groovy:50)
	at com.kms.katalon.core.keyword.internal.KeywordMain.stepFailed(KeywordMain.groovy)
	at com.kms.katalon.core.keyword.internal.KeywordMain.stepFailed(KeywordMain.groovy:23)
	at com.kms.katalon.core.keyword.internal.KeywordMain$stepFailed$0.call(Unknown Source)
	at com.kms.katalon.core.cucumber.keyword.CucumberBuiltinKeywords$_runFeatureFile_closure1.doCall(CucumberBuiltinKeywords.groovy:82)
	at com.kms.katalon.core.cucumber.keyword.CucumberBuiltinKeywords$_runFeatureFile_closure1.doCall(CucumberBuiltinKeywords.groovy)
	at com.kms.katalon.core.keyword.internal.KeywordMain.runKeyword(KeywordMain.groovy:68)
	at com.kms.katalon.core.keyword.internal.KeywordMain$runKeyword.call(Unknown Source)
	at com.kms.katalon.core.cucumber.keyword.CucumberBuiltinKeywords.runFeatureFile(CucumberBuiltinKeywords.groovy:46)
	at com.kms.katalon.core.cucumber.keyword.CucumberBuiltinKeywords$runFeatureFile$0.callStatic(Unknown Source)
	at com.kms.katalon.core.cucumber.keyword.CucumberBuiltinKeywords.runFeatureFile(CucumberBuiltinKeywords.groovy:169)
	at com.kms.katalon.core.cucumber.keyword.CucumberBuiltinKeywords$runFeatureFile.call(Unknown Source)
	at TC_Search_by_STATUS.run(TC_Search_by_STATUS:18)
	at com.kms.katalon.core.main.ScriptEngine.run(ScriptEngine.java:194)
	at com.kms.katalon.core.main.ScriptEngine.runScriptAsRawText(ScriptEngine.java:119)
	at com.kms.katalon.core.main.TestCaseExecutor.runScript(TestCaseExecutor.java:339)
	at com.kms.katalon.core.main.TestCaseExecutor.doExecute(TestCaseExecutor.java:330)
	at com.kms.katalon.core.main.TestCaseExecutor.processExecutionPhase(TestCaseExecutor.java:309)
	at com.kms.katalon.core.main.TestCaseExecutor.accessMainPhase(TestCaseExecutor.java:301)
	at com.kms.katalon.core.main.TestCaseExecutor.execute(TestCaseExecutor.java:235)
	at com.kms.katalon.core.main.TestSuiteExecutor.accessTestCaseMainPhase(TestSuiteExecutor.java:191)
	at com.kms.katalon.core.main.TestSuiteExecutor.accessTestSuiteMainPhase(TestSuiteExecutor.java:141)
	at com.kms.katalon.core.main.TestSuiteExecutor.execute(TestSuiteExecutor.java:90)
	at com.kms.katalon.core.main.TestCaseMain.startTestSuite(TestCaseMain.java:157)
	at com.kms.katalon.core.main.TestCaseMain$startTestSuite$0.call(Unknown Source)
	at TempTestSuite1611290386363.run(TempTestSuite1611290386363.groovy:39)


2021-01-22 12:03:54 - [TEST_STEP][FAILED] - runFeatureFile("Include/features/IST_Real/RTD/Partner_Disbursement/Search_by_STATUS.feature"): Keyword runFeatureFile was failed (Root cause: com.kms.katalon.core.exception.StepFailedException: Feature file 'Include/features/IST_Real/RTD/Partner_Disbursement/Search_by_STATUS.feature' was failed
	at com.kms.katalon.core.keyword.internal.KeywordMain.stepFailed(KeywordMain.groovy:50)
	at com.kms.katalon.core.keyword.internal.KeywordMain.stepFailed(KeywordMain.groovy)
	at com.kms.katalon.core.keyword.internal.KeywordMain.stepFailed(KeywordMain.groovy:23)
	at com.kms.katalon.core.keyword.internal.KeywordMain$stepFailed$0.call(Unknown Source)
	at com.kms.katalon.core.cucumber.keyword.CucumberBuiltinKeywords$_runFeatureFile_closure1.doCall(CucumberBuiltinKeywords.groovy:82)
	at com.kms.katalon.core.cucumber.keyword.CucumberBuiltinKeywords$_runFeatureFile_closure1.doCall(CucumberBuiltinKeywords.groovy)
	at com.kms.katalon.core.keyword.internal.KeywordMain.runKeyword(KeywordMain.groovy:68)
	at com.kms.katalon.core.keyword.internal.KeywordMain$runKeyword.call(Unknown Source)
	at com.kms.katalon.core.cucumber.keyword.CucumberBuiltinKeywords.runFeatureFile(CucumberBuiltinKeywords.groovy:46)
	at com.kms.katalon.core.cucumber.keyword.CucumberBuiltinKeywords$runFeatureFile$0.callStatic(Unknown Source)
	at com.kms.katalon.core.cucumber.keyword.CucumberBuiltinKeywords.runFeatureFile(CucumberBuiltinKeywords.groovy:169)
	at com.kms.katalon.core.cucumber.keyword.CucumberBuiltinKeywords$runFeatureFile.call(Unknown Source)
	at TC_Search_by_STATUS.run(TC_Search_by_STATUS:18)
	at com.kms.katalon.core.main.ScriptEngine.run(ScriptEngine.java:194)
	at com.kms.katalon.core.main.ScriptEngine.runScriptAsRawText(ScriptEngine.java:119)
	at com.kms.katalon.core.main.TestCaseExecutor.runScript(TestCaseExecutor.java:339)
	at com.kms.katalon.core.main.TestCaseExecutor.doExecute(TestCaseExecutor.java:330)
	at com.kms.katalon.core.main.TestCaseExecutor.processExecutionPhase(TestCaseExecutor.java:309)
	at com.kms.katalon.core.main.TestCaseExecutor.accessMainPhase(TestCaseExecutor.java:301)
	at com.kms.katalon.core.main.TestCaseExecutor.execute(TestCaseExecutor.java:235)
	at com.kms.katalon.core.main.TestSuiteExecutor.accessTestCaseMainPhase(TestSuiteExecutor.java:191)
	at com.kms.katalon.core.main.TestSuiteExecutor.accessTestSuiteMainPhase(TestSuiteExecutor.java:141)
	at com.kms.katalon.core.main.TestSuiteExecutor.execute(TestSuiteExecutor.java:90)
	at com.kms.katalon.core.main.TestCaseMain.startTestSuite(TestCaseMain.java:157)
	at com.kms.katalon.core.main.TestCaseMain$startTestSuite$0.call(Unknown Source)
	at TempTestSuite1611290386363.run(TempTestSuite1611290386363.groovy:39)
)

2021-01-22 12:03:54 - [MESSAGE][INFO] - Starting run keyword runFeatureFile: 'Include/features/IST_Real/RTD/Partner_Disbursement/Search_by_STATUS.feature' and extract report to folder: '/Users/chaidir.pratama01/Katalon Studio/IST_Automation_Git/Reports/20210122_113940/RTD/TS_Partner_Disbursement/20210122_113946/cucumber_report/1611291834545'...

2021-01-22 12:03:54 - [TEST_CASE][PASSED] - Start Test Case : SCENARIO Search by STATUS Eligible to Disburse: SCENARIO Search by STATUS Eligible to Disburse

2021-01-22 12:03:54 - [TEST_STEP][PASSED] - Go to ISTools: Go to ISTools

2021-01-22 12:03:55 - [MESSAGE][INFO] - Starting 'Chrome (headless)' driver

2021-01-22 12:03:55 - [MESSAGE][INFO] - User set preference: ['args', '[--start-maximized, --disable-gpu, --no-proxy-server, â€“-no-sandbox, --allow-running-insecure-content, --ignore-certificate-errors, window-size=1680,814, force-device-scale-factor=2, --lang=en-GB]']

2021-01-22 12:03:55 - [MESSAGE][INFO] - User set preference: ['prefs', '{download.default_directory=/Users/chaidir.pratama01/Katalon Studio/IST_Automation_Git/Download}']

2021-01-22 12:03:55 - [MESSAGE][INFO] - Action delay is set to 0 milliseconds

2021-01-22 12:03:55 - [MESSAGE][PASSED] - Browser is opened with url: ''

2021-01-22 12:03:57 - [MESSAGE][PASSED] - Navigate to 'https://dev-istools.homecredit.id/foundation/' successfully

2021-01-22 12:03:57 - [MESSAGE][PASSED] - Go to ISTools

2021-01-22 12:03:57 - [TEST_STEP][PASSED] - Login IST with valid credentials: Login IST with valid credentials

2021-01-22 12:03:57 - [MESSAGE][PASSED] - Text 'mobile.test' is set on object 'Object Repository/Page_/input_Username_j_username'

2021-01-22 12:03:58 - [MESSAGE][PASSED] - Text ****** has been set on object 'Object Repository/Page_/input_Password_j_password'

2021-01-22 12:03:58 - [MESSAGE][PASSED] - Object: 'Object Repository/Page_/button_Login' is clicked on

2021-01-22 12:03:58 - [MESSAGE][PASSED] - Login IST with valid credentials

2021-01-22 12:03:58 - [TEST_STEP][PASSED] - Login Success: Login Success

2021-01-22 12:03:58 - [MESSAGE][INFO] - Login Success

2021-01-22 12:03:58 - [MESSAGE][PASSED] - Current window maximized

2021-01-22 12:03:58 - [MESSAGE][PASSED] - Object 'Object Repository/Page_/h1_Welcome to IT Supporting Tools' is present

2021-01-22 12:03:58 - [MESSAGE][PASSED] - Login Success

2021-01-22 12:03:58 - [TEST_STEP][PASSED] - Select Arrow Menu "Real Time Disbursement": Select Arrow Menu "Real Time Disbursement"

2021-01-22 12:03:58 - [MESSAGE][PASSED] - Object: '' is clicked on

2021-01-22 12:03:58 - [MESSAGE][PASSED] - Select Arrow Menu "Real Time Disbursement"

2021-01-22 12:03:58 - [TEST_STEP][PASSED] - Select Menu "Partner Disbursement": Select Menu "Partner Disbursement"

2021-01-22 12:03:59 - [MESSAGE][PASSED] - Taking screenshot successfully
[[ATTACHMENT|/Users/chaidir.pratama01/Documents/Docs/Katalon Studio/Screenshot/test-Partner Disbursement.png]]

2021-01-22 12:03:59 - [MESSAGE][PASSED] - Object '' is present

2021-01-22 12:03:59 - [MESSAGE][PASSED] - Object: '' is clicked on

2021-01-22 12:03:59 - [MESSAGE][PASSED] - Wait for page load successfully

2021-01-22 12:03:59 - [MESSAGE][PASSED] - Select Menu "Partner Disbursement"

2021-01-22 12:03:59 - [TEST_STEP][PASSED] - Select STATUS "Eligible to disburse": Select STATUS "Eligible to disburse"

2021-01-22 12:03:59 - [MESSAGE][PASSED] - All options with value 'Eligible to disburse' are selected in object ''  using regular expression

2021-01-22 12:03:59 - [MESSAGE][PASSED] - Select STATUS "Eligible to disburse"

2021-01-22 12:03:59 - [TEST_STEP][PASSED] - Click button "Search": Click button "Search"

2021-01-22 12:03:59 - [MESSAGE][INFO] - >>>>>//Button[contains(text(),'Search')]

2021-01-22 12:04:02 - [MESSAGE][PASSED] - Object '' is present

2021-01-22 12:04:02 - [MESSAGE][PASSED] - Object: '' is clicked on

2021-01-22 12:04:02 - [MESSAGE][PASSED] - Switched to window with index: '0'

2021-01-22 12:04:02 - [MESSAGE][PASSED] - Click button "Search"

2021-01-22 12:04:02 - [TEST_STEP][PASSED] - Verify Search Result Presents: Verify Search Result Presents

2021-01-22 12:04:06 - [MESSAGE][INFO] - Unable to find the element located by 'By.xpath: //td[@style='display:none' and contains(text(),'-Empty-')]'. Please recheck the objects properties to make sure the desired element is located. 

2021-01-22 12:04:07 - [MESSAGE][WARNING] - com.kms.katalon.core.webui.exception.WebElementNotFoundException: Web element with id: '' located by '//td[@style='display:none' and contains(text(),'-Empty-')]' not found (Root cause: com.kms.katalon.core.exception.StepFailedException: com.kms.katalon.core.webui.exception.WebElementNotFoundException: Web element with id: '' located by '//td[@style='display:none' and contains(text(),'-Empty-')]' not found
	at com.kms.katalon.core.webui.keyword.internal.WebUIKeywordMain.stepFailed(WebUIKeywordMain.groovy:64)
	at com.kms.katalon.core.webui.keyword.builtin.VerifyElementPresentKeyword$_verifyElementPresent_closure1.doCall(VerifyElementPresentKeyword.groovy:85)
	at com.kms.katalon.core.webui.keyword.builtin.VerifyElementPresentKeyword$_verifyElementPresent_closure1.call(VerifyElementPresentKeyword.groovy)
	at com.kms.katalon.core.webui.keyword.internal.WebUIKeywordMain.runKeyword(WebUIKeywordMain.groovy:20)
	at com.kms.katalon.core.webui.keyword.builtin.VerifyElementPresentKeyword.verifyElementPresent(VerifyElementPresentKeyword.groovy:92)
	at com.kms.katalon.core.webui.keyword.builtin.VerifyElementPresentKeyword.execute(VerifyElementPresentKeyword.groovy:68)
	at com.kms.katalon.core.keyword.internal.KeywordExecutor.executeKeywordForPlatform(KeywordExecutor.groovy:73)
	at com.kms.katalon.core.webui.keyword.WebUiBuiltInKeywords.verifyElementPresent(WebUiBuiltInKeywords.groovy:1444)
	at com.kms.katalon.core.webui.keyword.WebUiBuiltInKeywords$verifyElementPresent$11.call(Unknown Source)
	at ist_real.Contract_Dispatcher.VerifyTblFilled(Contract_Dispatcher.groovy:1313)
	at ist_real.Contract_Dispatcher$VerifyTblFilled$0.call(Unknown Source)
	at RTD.Search_Result_Presents(RTD.groovy:191)
	at cucumber.runtime.Utils$1.call(Utils.java:26)
	at cucumber.runtime.Timeout.timeout(Timeout.java:16)
	at cucumber.runtime.Utils.invoke(Utils.java:20)
	at cucumber.runtime.java.JavaStepDefinition.execute(JavaStepDefinition.java:48)
	at cucumber.runtime.PickleStepDefinitionMatch.runStep(PickleStepDefinitionMatch.java:50)
	at cucumber.runner.TestStep.executeStep(TestStep.java:55)
	at cucumber.runner.TestStep.run(TestStep.java:42)
	at cucumber.runner.PickleStepTestStep.run(PickleStepTestStep.java:53)
	at cucumber.runner.TestCase.run(TestCase.java:47)
	at cucumber.runner.Runner.runPickle(Runner.java:44)
	at cucumber.runtime.Runtime.runFeature(Runtime.java:120)
	at cucumber.runtime.Runtime.run(Runtime.java:106)
	at cucumber.api.cli.Main.run(Main.java:35)
	at cucumber.api.cli.Main$run.call(Unknown Source)
	at com.kms.katalon.core.cucumber.keyword.CucumberBuiltinKeywords$_runFeatureFile_closure1.doCall(CucumberBuiltinKeywords.groovy:76)
	at com.kms.katalon.core.cucumber.keyword.CucumberBuiltinKeywords$_runFeatureFile_closure1.doCall(CucumberBuiltinKeywords.groovy)
	at com.kms.katalon.core.keyword.internal.KeywordMain.runKeyword(KeywordMain.groovy:68)
	at com.kms.katalon.core.keyword.internal.KeywordMain$runKeyword.call(Unknown Source)
	at com.kms.katalon.core.cucumber.keyword.CucumberBuiltinKeywords.runFeatureFile(CucumberBuiltinKeywords.groovy:46)
	at com.kms.katalon.core.cucumber.keyword.CucumberBuiltinKeywords$runFeatureFile$0.callStatic(Unknown Source)
	at com.kms.katalon.core.cucumber.keyword.CucumberBuiltinKeywords.runFeatureFile(CucumberBuiltinKeywords.groovy:169)
	at com.kms.katalon.core.cucumber.keyword.CucumberBuiltinKeywords$runFeatureFile.call(Unknown Source)
	at TC_Search_by_STATUS.run(TC_Search_by_STATUS:18)
	at com.kms.katalon.core.main.ScriptEngine.run(ScriptEngine.java:194)
	at com.kms.katalon.core.main.ScriptEngine.runScriptAsRawText(ScriptEngine.java:119)
	at com.kms.katalon.core.main.TestCaseExecutor.runScript(TestCaseExecutor.java:339)
	at com.kms.katalon.core.main.TestCaseExecutor.doExecute(TestCaseExecutor.java:330)
	at com.kms.katalon.core.main.TestCaseExecutor.processExecutionPhase(TestCaseExecutor.java:309)
	at com.kms.katalon.core.main.TestCaseExecutor.accessMainPhase(TestCaseExecutor.java:301)
	at com.kms.katalon.core.main.TestCaseExecutor.execute(TestCaseExecutor.java:235)
	at com.kms.katalon.core.main.TestSuiteExecutor.accessTestCaseMainPhase(TestSuiteExecutor.java:191)
	at com.kms.katalon.core.main.TestSuiteExecutor.accessTestSuiteMainPhase(TestSuiteExecutor.java:141)
	at com.kms.katalon.core.main.TestSuiteExecutor.execute(TestSuiteExecutor.java:90)
	at com.kms.katalon.core.main.TestCaseMain.startTestSuite(TestCaseMain.java:157)
	at com.kms.katalon.core.main.TestCaseMain$startTestSuite$0.call(Unknown Source)
	at TempTestSuite1611290386363.run(TempTestSuite1611290386363.groovy:39)
)
[[ATTACHMENT|/Users/chaidir.pratama01/Katalon Studio/IST_Automation_Git/Reports/20210122_113940/RTD/TS_Partner_Disbursement/20210122_113946/1611291846662.png]]

2021-01-22 12:04:07 - [MESSAGE][PASSED] - Verify Search Result Presents

2021-01-22 12:04:07 - [TEST_STEP][PASSED] - Click button "Logout": Click button "Logout"

2021-01-22 12:04:07 - [MESSAGE][INFO] - >>>>>//Button[contains(text(),'Logout')]

2021-01-22 12:04:10 - [MESSAGE][PASSED] - Object '' is present

2021-01-22 12:04:10 - [MESSAGE][PASSED] - Object: '' is clicked on

2021-01-22 12:04:10 - [MESSAGE][PASSED] - Switched to window with index: '0'

2021-01-22 12:04:10 - [MESSAGE][PASSED] - Click button "Logout"

2021-01-22 12:04:10 - [TEST_STEP][PASSED] - Close browser: Close browser

2021-01-22 12:04:10 - [MESSAGE][PASSED] - Browser is closed

2021-01-22 12:04:10 - [MESSAGE][PASSED] - Close browser

2021-01-22 12:04:10 - [TEST_CASE][PASSED] - Start Test Case : SCENARIO Search by STATUS Waiting validation from Risk: SCENARIO Search by STATUS Waiting validation from Risk

2021-01-22 12:04:10 - [TEST_STEP][PASSED] - Go to ISTools: Go to ISTools

2021-01-22 12:04:10 - [MESSAGE][INFO] - Starting 'Chrome (headless)' driver

2021-01-22 12:04:10 - [MESSAGE][INFO] - User set preference: ['args', '[--start-maximized, --disable-gpu, --no-proxy-server, â€“-no-sandbox, --allow-running-insecure-content, --ignore-certificate-errors, window-size=1680,814, force-device-scale-factor=2, --lang=en-GB]']

2021-01-22 12:04:10 - [MESSAGE][INFO] - User set preference: ['prefs', '{download.default_directory=/Users/chaidir.pratama01/Katalon Studio/IST_Automation_Git/Download}']

2021-01-22 12:04:10 - [MESSAGE][INFO] - Action delay is set to 0 milliseconds

2021-01-22 12:04:11 - [MESSAGE][PASSED] - Browser is opened with url: ''

2021-01-22 12:04:11 - [MESSAGE][PASSED] - Navigate to 'https://dev-istools.homecredit.id/foundation/' successfully

2021-01-22 12:04:11 - [MESSAGE][PASSED] - Go to ISTools

2021-01-22 12:04:11 - [TEST_STEP][PASSED] - Login IST with valid credentials: Login IST with valid credentials

2021-01-22 12:04:12 - [MESSAGE][PASSED] - Text 'mobile.test' is set on object 'Object Repository/Page_/input_Username_j_username'

2021-01-22 12:04:12 - [MESSAGE][PASSED] - Text ****** has been set on object 'Object Repository/Page_/input_Password_j_password'

2021-01-22 12:04:12 - [MESSAGE][PASSED] - Object: 'Object Repository/Page_/button_Login' is clicked on

2021-01-22 12:04:12 - [MESSAGE][PASSED] - Login IST with valid credentials

2021-01-22 12:04:12 - [TEST_STEP][PASSED] - Login Success: Login Success

2021-01-22 12:04:12 - [MESSAGE][INFO] - Login Success

2021-01-22 12:04:12 - [MESSAGE][PASSED] - Current window maximized

2021-01-22 12:04:12 - [MESSAGE][PASSED] - Object 'Object Repository/Page_/h1_Welcome to IT Supporting Tools' is present

2021-01-22 12:04:12 - [MESSAGE][PASSED] - Login Success

2021-01-22 12:04:12 - [TEST_STEP][PASSED] - Select Arrow Menu "Real Time Disbursement": Select Arrow Menu "Real Time Disbursement"

2021-01-22 12:04:12 - [MESSAGE][PASSED] - Object: '' is clicked on

2021-01-22 12:04:12 - [MESSAGE][PASSED] - Select Arrow Menu "Real Time Disbursement"

2021-01-22 12:04:12 - [TEST_STEP][PASSED] - Select Menu "Partner Disbursement": Select Menu "Partner Disbursement"

2021-01-22 12:04:13 - [MESSAGE][PASSED] - Taking screenshot successfully
[[ATTACHMENT|/Users/chaidir.pratama01/Documents/Docs/Katalon Studio/Screenshot/test-Partner Disbursement.png]]

2021-01-22 12:04:13 - [MESSAGE][PASSED] - Object '' is present

2021-01-22 12:04:13 - [MESSAGE][PASSED] - Object: '' is clicked on

2021-01-22 12:04:13 - [MESSAGE][PASSED] - Wait for page load successfully

2021-01-22 12:04:13 - [MESSAGE][PASSED] - Select Menu "Partner Disbursement"

2021-01-22 12:04:13 - [TEST_STEP][PASSED] - Select STATUS "Waiting validation from Risk": Select STATUS "Waiting validation from Risk"

2021-01-22 12:04:13 - [MESSAGE][PASSED] - All options with value 'Waiting validation from Risk' are selected in object ''  using regular expression

2021-01-22 12:04:13 - [MESSAGE][PASSED] - Select STATUS "Waiting validation from Risk"

2021-01-22 12:04:13 - [TEST_STEP][PASSED] - Click button "Search": Click button "Search"

2021-01-22 12:04:13 - [MESSAGE][INFO] - >>>>>//Button[contains(text(),'Search')]

2021-01-22 12:04:16 - [MESSAGE][PASSED] - Object '' is present

2021-01-22 12:04:16 - [MESSAGE][PASSED] - Object: '' is clicked on

2021-01-22 12:04:16 - [MESSAGE][PASSED] - Switched to window with index: '0'

2021-01-22 12:04:16 - [MESSAGE][PASSED] - Click button "Search"

2021-01-22 12:04:16 - [TEST_STEP][PASSED] - Verify Search Result Presents: Verify Search Result Presents

2021-01-22 12:04:20 - [MESSAGE][INFO] - Unable to find the element located by 'By.xpath: //td[@style='display:none' and contains(text(),'-Empty-')]'. Please recheck the objects properties to make sure the desired element is located. 

2021-01-22 12:04:21 - [MESSAGE][WARNING] - com.kms.katalon.core.webui.exception.WebElementNotFoundException: Web element with id: '' located by '//td[@style='display:none' and contains(text(),'-Empty-')]' not found (Root cause: com.kms.katalon.core.exception.StepFailedException: com.kms.katalon.core.webui.exception.WebElementNotFoundException: Web element with id: '' located by '//td[@style='display:none' and contains(text(),'-Empty-')]' not found
	at com.kms.katalon.core.webui.keyword.internal.WebUIKeywordMain.stepFailed(WebUIKeywordMain.groovy:64)
	at com.kms.katalon.core.webui.keyword.builtin.VerifyElementPresentKeyword$_verifyElementPresent_closure1.doCall(VerifyElementPresentKeyword.groovy:85)
	at com.kms.katalon.core.webui.keyword.builtin.VerifyElementPresentKeyword$_verifyElementPresent_closure1.call(VerifyElementPresentKeyword.groovy)
	at com.kms.katalon.core.webui.keyword.internal.WebUIKeywordMain.runKeyword(WebUIKeywordMain.groovy:20)
	at com.kms.katalon.core.webui.keyword.builtin.VerifyElementPresentKeyword.verifyElementPresent(VerifyElementPresentKeyword.groovy:92)
	at com.kms.katalon.core.webui.keyword.builtin.VerifyElementPresentKeyword.execute(VerifyElementPresentKeyword.groovy:68)
	at com.kms.katalon.core.keyword.internal.KeywordExecutor.executeKeywordForPlatform(KeywordExecutor.groovy:73)
	at com.kms.katalon.core.webui.keyword.WebUiBuiltInKeywords.verifyElementPresent(WebUiBuiltInKeywords.groovy:1444)
	at com.kms.katalon.core.webui.keyword.WebUiBuiltInKeywords$verifyElementPresent$11.call(Unknown Source)
	at ist_real.Contract_Dispatcher.VerifyTblFilled(Contract_Dispatcher.groovy:1313)
	at ist_real.Contract_Dispatcher$VerifyTblFilled$0.call(Unknown Source)
	at RTD.Search_Result_Presents(RTD.groovy:191)
	at cucumber.runtime.Utils$1.call(Utils.java:26)
	at cucumber.runtime.Timeout.timeout(Timeout.java:16)
	at cucumber.runtime.Utils.invoke(Utils.java:20)
	at cucumber.runtime.java.JavaStepDefinition.execute(JavaStepDefinition.java:48)
	at cucumber.runtime.PickleStepDefinitionMatch.runStep(PickleStepDefinitionMatch.java:50)
	at cucumber.runner.TestStep.executeStep(TestStep.java:55)
	at cucumber.runner.TestStep.run(TestStep.java:42)
	at cucumber.runner.PickleStepTestStep.run(PickleStepTestStep.java:53)
	at cucumber.runner.TestCase.run(TestCase.java:47)
	at cucumber.runner.Runner.runPickle(Runner.java:44)
	at cucumber.runtime.Runtime.runFeature(Runtime.java:120)
	at cucumber.runtime.Runtime.run(Runtime.java:106)
	at cucumber.api.cli.Main.run(Main.java:35)
	at cucumber.api.cli.Main$run.call(Unknown Source)
	at com.kms.katalon.core.cucumber.keyword.CucumberBuiltinKeywords$_runFeatureFile_closure1.doCall(CucumberBuiltinKeywords.groovy:76)
	at com.kms.katalon.core.cucumber.keyword.CucumberBuiltinKeywords$_runFeatureFile_closure1.doCall(CucumberBuiltinKeywords.groovy)
	at com.kms.katalon.core.keyword.internal.KeywordMain.runKeyword(KeywordMain.groovy:68)
	at com.kms.katalon.core.keyword.internal.KeywordMain$runKeyword.call(Unknown Source)
	at com.kms.katalon.core.cucumber.keyword.CucumberBuiltinKeywords.runFeatureFile(CucumberBuiltinKeywords.groovy:46)
	at com.kms.katalon.core.cucumber.keyword.CucumberBuiltinKeywords$runFeatureFile$0.callStatic(Unknown Source)
	at com.kms.katalon.core.cucumber.keyword.CucumberBuiltinKeywords.runFeatureFile(CucumberBuiltinKeywords.groovy:169)
	at com.kms.katalon.core.cucumber.keyword.CucumberBuiltinKeywords$runFeatureFile.call(Unknown Source)
	at TC_Search_by_STATUS.run(TC_Search_by_STATUS:18)
	at com.kms.katalon.core.main.ScriptEngine.run(ScriptEngine.java:194)
	at com.kms.katalon.core.main.ScriptEngine.runScriptAsRawText(ScriptEngine.java:119)
	at com.kms.katalon.core.main.TestCaseExecutor.runScript(TestCaseExecutor.java:339)
	at com.kms.katalon.core.main.TestCaseExecutor.doExecute(TestCaseExecutor.java:330)
	at com.kms.katalon.core.main.TestCaseExecutor.processExecutionPhase(TestCaseExecutor.java:309)
	at com.kms.katalon.core.main.TestCaseExecutor.accessMainPhase(TestCaseExecutor.java:301)
	at com.kms.katalon.core.main.TestCaseExecutor.execute(TestCaseExecutor.java:235)
	at com.kms.katalon.core.main.TestSuiteExecutor.accessTestCaseMainPhase(TestSuiteExecutor.java:191)
	at com.kms.katalon.core.main.TestSuiteExecutor.accessTestSuiteMainPhase(TestSuiteExecutor.java:141)
	at com.kms.katalon.core.main.TestSuiteExecutor.execute(TestSuiteExecutor.java:90)
	at com.kms.katalon.core.main.TestCaseMain.startTestSuite(TestCaseMain.java:157)
	at com.kms.katalon.core.main.TestCaseMain$startTestSuite$0.call(Unknown Source)
	at TempTestSuite1611290386363.run(TempTestSuite1611290386363.groovy:39)
)
[[ATTACHMENT|/Users/chaidir.pratama01/Katalon Studio/IST_Automation_Git/Reports/20210122_113940/RTD/TS_Partner_Disbursement/20210122_113946/1611291860780.png]]

2021-01-22 12:04:21 - [MESSAGE][PASSED] - Verify Search Result Presents

2021-01-22 12:04:21 - [TEST_STEP][PASSED] - Click button "Logout": Click button "Logout"

2021-01-22 12:04:21 - [MESSAGE][INFO] - >>>>>//Button[contains(text(),'Logout')]

2021-01-22 12:04:24 - [MESSAGE][PASSED] - Object '' is present

2021-01-22 12:04:24 - [MESSAGE][PASSED] - Object: '' is clicked on

2021-01-22 12:04:24 - [MESSAGE][PASSED] - Switched to window with index: '0'

2021-01-22 12:04:24 - [MESSAGE][PASSED] - Click button "Logout"

2021-01-22 12:04:24 - [TEST_STEP][PASSED] - Close browser: Close browser

2021-01-22 12:04:24 - [MESSAGE][PASSED] - Browser is closed

2021-01-22 12:04:24 - [MESSAGE][PASSED] - Close browser

2021-01-22 12:04:24 - [TEST_CASE][PASSED] - Start Test Case : SCENARIO Search by STATUS Waiting validation from In Payment: SCENARIO Search by STATUS Waiting validation from In Payment

2021-01-22 12:04:24 - [TEST_STEP][PASSED] - Go to ISTools: Go to ISTools

2021-01-22 12:04:24 - [MESSAGE][INFO] - Starting 'Chrome (headless)' driver

2021-01-22 12:04:24 - [MESSAGE][INFO] - User set preference: ['args', '[--start-maximized, --disable-gpu, --no-proxy-server, â€“-no-sandbox, --allow-running-insecure-content, --ignore-certificate-errors, window-size=1680,814, force-device-scale-factor=2, --lang=en-GB]']

2021-01-22 12:04:24 - [MESSAGE][INFO] - User set preference: ['prefs', '{download.default_directory=/Users/chaidir.pratama01/Katalon Studio/IST_Automation_Git/Download}']

2021-01-22 12:04:24 - [MESSAGE][INFO] - Action delay is set to 0 milliseconds

2021-01-22 12:04:25 - [MESSAGE][PASSED] - Browser is opened with url: ''

2021-01-22 12:04:25 - [MESSAGE][PASSED] - Navigate to 'https://dev-istools.homecredit.id/foundation/' successfully

2021-01-22 12:04:25 - [MESSAGE][PASSED] - Go to ISTools

2021-01-22 12:04:25 - [TEST_STEP][PASSED] - Login IST with valid credentials: Login IST with valid credentials

2021-01-22 12:04:26 - [MESSAGE][PASSED] - Text 'mobile.test' is set on object 'Object Repository/Page_/input_Username_j_username'

2021-01-22 12:04:26 - [MESSAGE][PASSED] - Text ****** has been set on object 'Object Repository/Page_/input_Password_j_password'

2021-01-22 12:04:26 - [MESSAGE][PASSED] - Object: 'Object Repository/Page_/button_Login' is clicked on

2021-01-22 12:04:26 - [MESSAGE][PASSED] - Login IST with valid credentials

2021-01-22 12:04:26 - [TEST_STEP][PASSED] - Login Success: Login Success

2021-01-22 12:04:26 - [MESSAGE][INFO] - Login Success

2021-01-22 12:04:26 - [MESSAGE][PASSED] - Current window maximized

2021-01-22 12:04:26 - [MESSAGE][PASSED] - Object 'Object Repository/Page_/h1_Welcome to IT Supporting Tools' is present

2021-01-22 12:04:26 - [MESSAGE][PASSED] - Login Success

2021-01-22 12:04:26 - [TEST_STEP][PASSED] - Select Arrow Menu "Real Time Disbursement": Select Arrow Menu "Real Time Disbursement"

2021-01-22 12:04:26 - [MESSAGE][PASSED] - Object: '' is clicked on

2021-01-22 12:04:26 - [MESSAGE][PASSED] - Select Arrow Menu "Real Time Disbursement"

2021-01-22 12:04:26 - [TEST_STEP][PASSED] - Select Menu "Partner Disbursement": Select Menu "Partner Disbursement"

2021-01-22 12:04:27 - [MESSAGE][PASSED] - Taking screenshot successfully
[[ATTACHMENT|/Users/chaidir.pratama01/Documents/Docs/Katalon Studio/Screenshot/test-Partner Disbursement.png]]

2021-01-22 12:04:27 - [MESSAGE][PASSED] - Object '' is present

2021-01-22 12:04:27 - [MESSAGE][PASSED] - Object: '' is clicked on

2021-01-22 12:04:27 - [MESSAGE][PASSED] - Wait for page load successfully

2021-01-22 12:04:27 - [MESSAGE][PASSED] - Select Menu "Partner Disbursement"

2021-01-22 12:04:27 - [TEST_STEP][PASSED] - Select STATUS "Waiting validation from In Payment": Select STATUS "Waiting validation from In Payment"

2021-01-22 12:04:27 - [MESSAGE][PASSED] - All options with value 'Waiting validation from In Payment' are selected in object ''  using regular expression

2021-01-22 12:04:27 - [MESSAGE][PASSED] - Select STATUS "Waiting validation from In Payment"

2021-01-22 12:04:27 - [TEST_STEP][PASSED] - Click button "Search": Click button "Search"

2021-01-22 12:04:27 - [MESSAGE][INFO] - >>>>>//Button[contains(text(),'Search')]

2021-01-22 12:04:30 - [MESSAGE][PASSED] - Object '' is present

2021-01-22 12:04:30 - [MESSAGE][PASSED] - Object: '' is clicked on

2021-01-22 12:04:30 - [MESSAGE][PASSED] - Switched to window with index: '0'

2021-01-22 12:04:30 - [MESSAGE][PASSED] - Click button "Search"

2021-01-22 12:04:30 - [TEST_STEP][PASSED] - Verify Search Result Presents: Verify Search Result Presents

2021-01-22 12:04:34 - [MESSAGE][INFO] - Unable to find the element located by 'By.xpath: //td[@style='display:none' and contains(text(),'-Empty-')]'. Please recheck the objects properties to make sure the desired element is located. 

2021-01-22 12:04:35 - [MESSAGE][WARNING] - com.kms.katalon.core.webui.exception.WebElementNotFoundException: Web element with id: '' located by '//td[@style='display:none' and contains(text(),'-Empty-')]' not found (Root cause: com.kms.katalon.core.exception.StepFailedException: com.kms.katalon.core.webui.exception.WebElementNotFoundException: Web element with id: '' located by '//td[@style='display:none' and contains(text(),'-Empty-')]' not found
	at com.kms.katalon.core.webui.keyword.internal.WebUIKeywordMain.stepFailed(WebUIKeywordMain.groovy:64)
	at com.kms.katalon.core.webui.keyword.builtin.VerifyElementPresentKeyword$_verifyElementPresent_closure1.doCall(VerifyElementPresentKeyword.groovy:85)
	at com.kms.katalon.core.webui.keyword.builtin.VerifyElementPresentKeyword$_verifyElementPresent_closure1.call(VerifyElementPresentKeyword.groovy)
	at com.kms.katalon.core.webui.keyword.internal.WebUIKeywordMain.runKeyword(WebUIKeywordMain.groovy:20)
	at com.kms.katalon.core.webui.keyword.builtin.VerifyElementPresentKeyword.verifyElementPresent(VerifyElementPresentKeyword.groovy:92)
	at com.kms.katalon.core.webui.keyword.builtin.VerifyElementPresentKeyword.execute(VerifyElementPresentKeyword.groovy:68)
	at com.kms.katalon.core.keyword.internal.KeywordExecutor.executeKeywordForPlatform(KeywordExecutor.groovy:73)
	at com.kms.katalon.core.webui.keyword.WebUiBuiltInKeywords.verifyElementPresent(WebUiBuiltInKeywords.groovy:1444)
	at com.kms.katalon.core.webui.keyword.WebUiBuiltInKeywords$verifyElementPresent$11.call(Unknown Source)
	at ist_real.Contract_Dispatcher.VerifyTblFilled(Contract_Dispatcher.groovy:1313)
	at ist_real.Contract_Dispatcher$VerifyTblFilled$0.call(Unknown Source)
	at RTD.Search_Result_Presents(RTD.groovy:191)
	at cucumber.runtime.Utils$1.call(Utils.java:26)
	at cucumber.runtime.Timeout.timeout(Timeout.java:16)
	at cucumber.runtime.Utils.invoke(Utils.java:20)
	at cucumber.runtime.java.JavaStepDefinition.execute(JavaStepDefinition.java:48)
	at cucumber.runtime.PickleStepDefinitionMatch.runStep(PickleStepDefinitionMatch.java:50)
	at cucumber.runner.TestStep.executeStep(TestStep.java:55)
	at cucumber.runner.TestStep.run(TestStep.java:42)
	at cucumber.runner.PickleStepTestStep.run(PickleStepTestStep.java:53)
	at cucumber.runner.TestCase.run(TestCase.java:47)
	at cucumber.runner.Runner.runPickle(Runner.java:44)
	at cucumber.runtime.Runtime.runFeature(Runtime.java:120)
	at cucumber.runtime.Runtime.run(Runtime.java:106)
	at cucumber.api.cli.Main.run(Main.java:35)
	at cucumber.api.cli.Main$run.call(Unknown Source)
	at com.kms.katalon.core.cucumber.keyword.CucumberBuiltinKeywords$_runFeatureFile_closure1.doCall(CucumberBuiltinKeywords.groovy:76)
	at com.kms.katalon.core.cucumber.keyword.CucumberBuiltinKeywords$_runFeatureFile_closure1.doCall(CucumberBuiltinKeywords.groovy)
	at com.kms.katalon.core.keyword.internal.KeywordMain.runKeyword(KeywordMain.groovy:68)
	at com.kms.katalon.core.keyword.internal.KeywordMain$runKeyword.call(Unknown Source)
	at com.kms.katalon.core.cucumber.keyword.CucumberBuiltinKeywords.runFeatureFile(CucumberBuiltinKeywords.groovy:46)
	at com.kms.katalon.core.cucumber.keyword.CucumberBuiltinKeywords$runFeatureFile$0.callStatic(Unknown Source)
	at com.kms.katalon.core.cucumber.keyword.CucumberBuiltinKeywords.runFeatureFile(CucumberBuiltinKeywords.groovy:169)
	at com.kms.katalon.core.cucumber.keyword.CucumberBuiltinKeywords$runFeatureFile.call(Unknown Source)
	at TC_Search_by_STATUS.run(TC_Search_by_STATUS:18)
	at com.kms.katalon.core.main.ScriptEngine.run(ScriptEngine.java:194)
	at com.kms.katalon.core.main.ScriptEngine.runScriptAsRawText(ScriptEngine.java:119)
	at com.kms.katalon.core.main.TestCaseExecutor.runScript(TestCaseExecutor.java:339)
	at com.kms.katalon.core.main.TestCaseExecutor.doExecute(TestCaseExecutor.java:330)
	at com.kms.katalon.core.main.TestCaseExecutor.processExecutionPhase(TestCaseExecutor.java:309)
	at com.kms.katalon.core.main.TestCaseExecutor.accessMainPhase(TestCaseExecutor.java:301)
	at com.kms.katalon.core.main.TestCaseExecutor.execute(TestCaseExecutor.java:235)
	at com.kms.katalon.core.main.TestSuiteExecutor.accessTestCaseMainPhase(TestSuiteExecutor.java:191)
	at com.kms.katalon.core.main.TestSuiteExecutor.accessTestSuiteMainPhase(TestSuiteExecutor.java:141)
	at com.kms.katalon.core.main.TestSuiteExecutor.execute(TestSuiteExecutor.java:90)
	at com.kms.katalon.core.main.TestCaseMain.startTestSuite(TestCaseMain.java:157)
	at com.kms.katalon.core.main.TestCaseMain$startTestSuite$0.call(Unknown Source)
	at TempTestSuite1611290386363.run(TempTestSuite1611290386363.groovy:39)
)
[[ATTACHMENT|/Users/chaidir.pratama01/Katalon Studio/IST_Automation_Git/Reports/20210122_113940/RTD/TS_Partner_Disbursement/20210122_113946/1611291874739.png]]

2021-01-22 12:04:35 - [MESSAGE][PASSED] - Verify Search Result Presents

2021-01-22 12:04:35 - [TEST_STEP][PASSED] - Click button "Logout": Click button "Logout"

2021-01-22 12:04:35 - [MESSAGE][INFO] - >>>>>//Button[contains(text(),'Logout')]

2021-01-22 12:04:38 - [MESSAGE][PASSED] - Object '' is present

2021-01-22 12:04:38 - [MESSAGE][PASSED] - Object: '' is clicked on

2021-01-22 12:04:38 - [MESSAGE][PASSED] - Switched to window with index: '0'

2021-01-22 12:04:38 - [MESSAGE][PASSED] - Click button "Logout"

2021-01-22 12:04:38 - [TEST_STEP][PASSED] - Close browser: Close browser

2021-01-22 12:04:38 - [MESSAGE][PASSED] - Browser is closed

2021-01-22 12:04:38 - [MESSAGE][PASSED] - Close browser

2021-01-22 12:04:38 - [TEST_CASE][PASSED] - Start Test Case : SCENARIO Search by STATUS Not Eligible to Disburse: SCENARIO Search by STATUS Not Eligible to Disburse

2021-01-22 12:04:38 - [TEST_STEP][PASSED] - Go to ISTools: Go to ISTools

2021-01-22 12:04:38 - [MESSAGE][INFO] - Starting 'Chrome (headless)' driver

2021-01-22 12:04:38 - [MESSAGE][INFO] - User set preference: ['args', '[--start-maximized, --disable-gpu, --no-proxy-server, â€“-no-sandbox, --allow-running-insecure-content, --ignore-certificate-errors, window-size=1680,814, force-device-scale-factor=2, --lang=en-GB]']

2021-01-22 12:04:38 - [MESSAGE][INFO] - User set preference: ['prefs', '{download.default_directory=/Users/chaidir.pratama01/Katalon Studio/IST_Automation_Git/Download}']

2021-01-22 12:04:38 - [MESSAGE][INFO] - Action delay is set to 0 milliseconds

2021-01-22 12:04:39 - [MESSAGE][PASSED] - Browser is opened with url: ''

2021-01-22 12:04:39 - [MESSAGE][PASSED] - Navigate to 'https://dev-istools.homecredit.id/foundation/' successfully

2021-01-22 12:04:39 - [MESSAGE][PASSED] - Go to ISTools

2021-01-22 12:04:39 - [TEST_STEP][PASSED] - Login IST with valid credentials: Login IST with valid credentials

2021-01-22 12:04:40 - [MESSAGE][PASSED] - Text 'mobile.test' is set on object 'Object Repository/Page_/input_Username_j_username'

2021-01-22 12:04:40 - [MESSAGE][PASSED] - Text ****** has been set on object 'Object Repository/Page_/input_Password_j_password'

2021-01-22 12:04:40 - [MESSAGE][PASSED] - Object: 'Object Repository/Page_/button_Login' is clicked on

2021-01-22 12:04:40 - [MESSAGE][PASSED] - Login IST with valid credentials

2021-01-22 12:04:40 - [TEST_STEP][PASSED] - Login Success: Login Success

2021-01-22 12:04:40 - [MESSAGE][INFO] - Login Success

2021-01-22 12:04:40 - [MESSAGE][PASSED] - Current window maximized

2021-01-22 12:04:40 - [MESSAGE][PASSED] - Object 'Object Repository/Page_/h1_Welcome to IT Supporting Tools' is present

2021-01-22 12:04:40 - [MESSAGE][PASSED] - Login Success

2021-01-22 12:04:40 - [TEST_STEP][PASSED] - Select Arrow Menu "Real Time Disbursement": Select Arrow Menu "Real Time Disbursement"

2021-01-22 12:04:40 - [MESSAGE][PASSED] - Object: '' is clicked on

2021-01-22 12:04:40 - [MESSAGE][PASSED] - Select Arrow Menu "Real Time Disbursement"

2021-01-22 12:04:40 - [TEST_STEP][PASSED] - Select Menu "Partner Disbursement": Select Menu "Partner Disbursement"

2021-01-22 12:04:41 - [MESSAGE][PASSED] - Taking screenshot successfully
[[ATTACHMENT|/Users/chaidir.pratama01/Documents/Docs/Katalon Studio/Screenshot/test-Partner Disbursement.png]]

2021-01-22 12:04:41 - [MESSAGE][PASSED] - Object '' is present

2021-01-22 12:04:41 - [MESSAGE][PASSED] - Object: '' is clicked on

2021-01-22 12:04:41 - [MESSAGE][PASSED] - Wait for page load successfully

2021-01-22 12:04:41 - [MESSAGE][PASSED] - Select Menu "Partner Disbursement"

2021-01-22 12:04:41 - [TEST_STEP][PASSED] - Select STATUS "Not eligible to disburse": Select STATUS "Not eligible to disburse"

2021-01-22 12:04:41 - [MESSAGE][PASSED] - All options with value 'Not eligible to disburse' are selected in object ''  using regular expression

2021-01-22 12:04:41 - [MESSAGE][PASSED] - Select STATUS "Not eligible to disburse"

2021-01-22 12:04:41 - [TEST_STEP][PASSED] - Click button "Search": Click button "Search"

2021-01-22 12:04:41 - [MESSAGE][INFO] - >>>>>//Button[contains(text(),'Search')]

2021-01-22 12:04:44 - [MESSAGE][PASSED] - Object '' is present

2021-01-22 12:04:44 - [MESSAGE][PASSED] - Object: '' is clicked on

2021-01-22 12:04:44 - [MESSAGE][PASSED] - Switched to window with index: '0'

2021-01-22 12:04:44 - [MESSAGE][PASSED] - Click button "Search"

2021-01-22 12:04:44 - [TEST_STEP][PASSED] - Verify Search Result Presents: Verify Search Result Presents

2021-01-22 12:04:48 - [MESSAGE][INFO] - Unable to find the element located by 'By.xpath: //td[@style='display:none' and contains(text(),'-Empty-')]'. Please recheck the objects properties to make sure the desired element is located. 

2021-01-22 12:04:49 - [MESSAGE][WARNING] - com.kms.katalon.core.webui.exception.WebElementNotFoundException: Web element with id: '' located by '//td[@style='display:none' and contains(text(),'-Empty-')]' not found (Root cause: com.kms.katalon.core.exception.StepFailedException: com.kms.katalon.core.webui.exception.WebElementNotFoundException: Web element with id: '' located by '//td[@style='display:none' and contains(text(),'-Empty-')]' not found
	at com.kms.katalon.core.webui.keyword.internal.WebUIKeywordMain.stepFailed(WebUIKeywordMain.groovy:64)
	at com.kms.katalon.core.webui.keyword.builtin.VerifyElementPresentKeyword$_verifyElementPresent_closure1.doCall(VerifyElementPresentKeyword.groovy:85)
	at com.kms.katalon.core.webui.keyword.builtin.VerifyElementPresentKeyword$_verifyElementPresent_closure1.call(VerifyElementPresentKeyword.groovy)
	at com.kms.katalon.core.webui.keyword.internal.WebUIKeywordMain.runKeyword(WebUIKeywordMain.groovy:20)
	at com.kms.katalon.core.webui.keyword.builtin.VerifyElementPresentKeyword.verifyElementPresent(VerifyElementPresentKeyword.groovy:92)
	at com.kms.katalon.core.webui.keyword.builtin.VerifyElementPresentKeyword.execute(VerifyElementPresentKeyword.groovy:68)
	at com.kms.katalon.core.keyword.internal.KeywordExecutor.executeKeywordForPlatform(KeywordExecutor.groovy:73)
	at com.kms.katalon.core.webui.keyword.WebUiBuiltInKeywords.verifyElementPresent(WebUiBuiltInKeywords.groovy:1444)
	at com.kms.katalon.core.webui.keyword.WebUiBuiltInKeywords$verifyElementPresent$11.call(Unknown Source)
	at ist_real.Contract_Dispatcher.VerifyTblFilled(Contract_Dispatcher.groovy:1313)
	at ist_real.Contract_Dispatcher$VerifyTblFilled$0.call(Unknown Source)
	at RTD.Search_Result_Presents(RTD.groovy:191)
	at cucumber.runtime.Utils$1.call(Utils.java:26)
	at cucumber.runtime.Timeout.timeout(Timeout.java:16)
	at cucumber.runtime.Utils.invoke(Utils.java:20)
	at cucumber.runtime.java.JavaStepDefinition.execute(JavaStepDefinition.java:48)
	at cucumber.runtime.PickleStepDefinitionMatch.runStep(PickleStepDefinitionMatch.java:50)
	at cucumber.runner.TestStep.executeStep(TestStep.java:55)
	at cucumber.runner.TestStep.run(TestStep.java:42)
	at cucumber.runner.PickleStepTestStep.run(PickleStepTestStep.java:53)
	at cucumber.runner.TestCase.run(TestCase.java:47)
	at cucumber.runner.Runner.runPickle(Runner.java:44)
	at cucumber.runtime.Runtime.runFeature(Runtime.java:120)
	at cucumber.runtime.Runtime.run(Runtime.java:106)
	at cucumber.api.cli.Main.run(Main.java:35)
	at cucumber.api.cli.Main$run.call(Unknown Source)
	at com.kms.katalon.core.cucumber.keyword.CucumberBuiltinKeywords$_runFeatureFile_closure1.doCall(CucumberBuiltinKeywords.groovy:76)
	at com.kms.katalon.core.cucumber.keyword.CucumberBuiltinKeywords$_runFeatureFile_closure1.doCall(CucumberBuiltinKeywords.groovy)
	at com.kms.katalon.core.keyword.internal.KeywordMain.runKeyword(KeywordMain.groovy:68)
	at com.kms.katalon.core.keyword.internal.KeywordMain$runKeyword.call(Unknown Source)
	at com.kms.katalon.core.cucumber.keyword.CucumberBuiltinKeywords.runFeatureFile(CucumberBuiltinKeywords.groovy:46)
	at com.kms.katalon.core.cucumber.keyword.CucumberBuiltinKeywords$runFeatureFile$0.callStatic(Unknown Source)
	at com.kms.katalon.core.cucumber.keyword.CucumberBuiltinKeywords.runFeatureFile(CucumberBuiltinKeywords.groovy:169)
	at com.kms.katalon.core.cucumber.keyword.CucumberBuiltinKeywords$runFeatureFile.call(Unknown Source)
	at TC_Search_by_STATUS.run(TC_Search_by_STATUS:18)
	at com.kms.katalon.core.main.ScriptEngine.run(ScriptEngine.java:194)
	at com.kms.katalon.core.main.ScriptEngine.runScriptAsRawText(ScriptEngine.java:119)
	at com.kms.katalon.core.main.TestCaseExecutor.runScript(TestCaseExecutor.java:339)
	at com.kms.katalon.core.main.TestCaseExecutor.doExecute(TestCaseExecutor.java:330)
	at com.kms.katalon.core.main.TestCaseExecutor.processExecutionPhase(TestCaseExecutor.java:309)
	at com.kms.katalon.core.main.TestCaseExecutor.accessMainPhase(TestCaseExecutor.java:301)
	at com.kms.katalon.core.main.TestCaseExecutor.execute(TestCaseExecutor.java:235)
	at com.kms.katalon.core.main.TestSuiteExecutor.accessTestCaseMainPhase(TestSuiteExecutor.java:191)
	at com.kms.katalon.core.main.TestSuiteExecutor.accessTestSuiteMainPhase(TestSuiteExecutor.java:141)
	at com.kms.katalon.core.main.TestSuiteExecutor.execute(TestSuiteExecutor.java:90)
	at com.kms.katalon.core.main.TestCaseMain.startTestSuite(TestCaseMain.java:157)
	at com.kms.katalon.core.main.TestCaseMain$startTestSuite$0.call(Unknown Source)
	at TempTestSuite1611290386363.run(TempTestSuite1611290386363.groovy:39)
)
[[ATTACHMENT|/Users/chaidir.pratama01/Katalon Studio/IST_Automation_Git/Reports/20210122_113940/RTD/TS_Partner_Disbursement/20210122_113946/1611291888745.png]]

2021-01-22 12:04:49 - [MESSAGE][PASSED] - Verify Search Result Presents

2021-01-22 12:04:49 - [TEST_STEP][PASSED] - Click button "Logout": Click button "Logout"

2021-01-22 12:04:49 - [MESSAGE][INFO] - >>>>>//Button[contains(text(),'Logout')]

2021-01-22 12:04:52 - [MESSAGE][PASSED] - Object '' is present

2021-01-22 12:04:52 - [MESSAGE][PASSED] - Object: '' is clicked on

2021-01-22 12:04:52 - [MESSAGE][PASSED] - Switched to window with index: '0'

2021-01-22 12:04:52 - [MESSAGE][PASSED] - Click button "Logout"

2021-01-22 12:04:52 - [TEST_STEP][PASSED] - Close browser: Close browser

2021-01-22 12:04:52 - [MESSAGE][PASSED] - Browser is closed

2021-01-22 12:04:52 - [MESSAGE][PASSED] - Close browser

2021-01-22 12:04:52 - [TEST_CASE][PASSED] - Start Test Case : SCENARIO Search by STATUS Ready to disburse: SCENARIO Search by STATUS Ready to disburse

2021-01-22 12:04:52 - [TEST_STEP][PASSED] - Go to ISTools: Go to ISTools

2021-01-22 12:04:52 - [MESSAGE][INFO] - Starting 'Chrome (headless)' driver

2021-01-22 12:04:52 - [MESSAGE][INFO] - User set preference: ['args', '[--start-maximized, --disable-gpu, --no-proxy-server, â€“-no-sandbox, --allow-running-insecure-content, --ignore-certificate-errors, window-size=1680,814, force-device-scale-factor=2, --lang=en-GB]']

2021-01-22 12:04:52 - [MESSAGE][INFO] - User set preference: ['prefs', '{download.default_directory=/Users/chaidir.pratama01/Katalon Studio/IST_Automation_Git/Download}']

2021-01-22 12:04:52 - [MESSAGE][INFO] - Action delay is set to 0 milliseconds

2021-01-22 12:04:53 - [MESSAGE][PASSED] - Browser is opened with url: ''

2021-01-22 12:04:53 - [MESSAGE][PASSED] - Navigate to 'https://dev-istools.homecredit.id/foundation/' successfully

2021-01-22 12:04:53 - [MESSAGE][PASSED] - Go to ISTools

2021-01-22 12:04:53 - [TEST_STEP][PASSED] - Login IST with valid credentials: Login IST with valid credentials

2021-01-22 12:04:53 - [MESSAGE][PASSED] - Text 'mobile.test' is set on object 'Object Repository/Page_/input_Username_j_username'

2021-01-22 12:04:54 - [MESSAGE][PASSED] - Text ****** has been set on object 'Object Repository/Page_/input_Password_j_password'

2021-01-22 12:04:54 - [MESSAGE][PASSED] - Object: 'Object Repository/Page_/button_Login' is clicked on

2021-01-22 12:04:54 - [MESSAGE][PASSED] - Login IST with valid credentials

2021-01-22 12:04:54 - [TEST_STEP][PASSED] - Login Success: Login Success

2021-01-22 12:04:54 - [MESSAGE][INFO] - Login Success

2021-01-22 12:04:54 - [MESSAGE][PASSED] - Current window maximized

2021-01-22 12:04:54 - [MESSAGE][PASSED] - Object 'Object Repository/Page_/h1_Welcome to IT Supporting Tools' is present

2021-01-22 12:04:54 - [MESSAGE][PASSED] - Login Success

2021-01-22 12:04:54 - [TEST_STEP][PASSED] - Select Arrow Menu "Real Time Disbursement": Select Arrow Menu "Real Time Disbursement"

2021-01-22 12:04:54 - [MESSAGE][PASSED] - Object: '' is clicked on

2021-01-22 12:04:54 - [MESSAGE][PASSED] - Select Arrow Menu "Real Time Disbursement"

2021-01-22 12:04:54 - [TEST_STEP][PASSED] - Select Menu "Partner Disbursement": Select Menu "Partner Disbursement"

2021-01-22 12:04:55 - [MESSAGE][PASSED] - Taking screenshot successfully
[[ATTACHMENT|/Users/chaidir.pratama01/Documents/Docs/Katalon Studio/Screenshot/test-Partner Disbursement.png]]

2021-01-22 12:04:55 - [MESSAGE][PASSED] - Object '' is present

2021-01-22 12:04:55 - [MESSAGE][PASSED] - Object: '' is clicked on

2021-01-22 12:04:55 - [MESSAGE][PASSED] - Wait for page load successfully

2021-01-22 12:04:55 - [MESSAGE][PASSED] - Select Menu "Partner Disbursement"

2021-01-22 12:04:55 - [TEST_STEP][PASSED] - Select STATUS "Ready to disburse": Select STATUS "Ready to disburse"

2021-01-22 12:04:55 - [MESSAGE][PASSED] - All options with value 'Ready to disburse' are selected in object ''  using regular expression

2021-01-22 12:04:55 - [MESSAGE][PASSED] - Select STATUS "Ready to disburse"

2021-01-22 12:04:55 - [TEST_STEP][PASSED] - Click button "Search": Click button "Search"

2021-01-22 12:04:55 - [MESSAGE][INFO] - >>>>>//Button[contains(text(),'Search')]

2021-01-22 12:04:58 - [MESSAGE][PASSED] - Object '' is present

2021-01-22 12:04:58 - [MESSAGE][PASSED] - Object: '' is clicked on

2021-01-22 12:04:58 - [MESSAGE][PASSED] - Switched to window with index: '0'

2021-01-22 12:04:58 - [MESSAGE][PASSED] - Click button "Search"

2021-01-22 12:04:58 - [TEST_STEP][PASSED] - Verify Search Result Presents: Verify Search Result Presents

2021-01-22 12:04:58 - [MESSAGE][PASSED] - Object '' is present

2021-01-22 12:05:03 - [MESSAGE][PASSED] - Verify Search Result Presents

2021-01-22 12:05:03 - [TEST_STEP][PASSED] - Click button "Logout": Click button "Logout"

2021-01-22 12:05:03 - [MESSAGE][INFO] - >>>>>//Button[contains(text(),'Logout')]

2021-01-22 12:05:06 - [MESSAGE][PASSED] - Object '' is present

2021-01-22 12:05:06 - [MESSAGE][PASSED] - Object: '' is clicked on

2021-01-22 12:05:06 - [MESSAGE][PASSED] - Switched to window with index: '0'

2021-01-22 12:05:06 - [MESSAGE][PASSED] - Click button "Logout"

2021-01-22 12:05:06 - [TEST_STEP][PASSED] - Close browser: Close browser

2021-01-22 12:05:06 - [MESSAGE][PASSED] - Browser is closed

2021-01-22 12:05:06 - [MESSAGE][PASSED] - Close browser

2021-01-22 12:05:06 - [TEST_CASE][PASSED] - Start Test Case : SCENARIO Search by STATUS Failed due to invalid bank account: SCENARIO Search by STATUS Failed due to invalid bank account

2021-01-22 12:05:06 - [TEST_STEP][PASSED] - Go to ISTools: Go to ISTools

2021-01-22 12:05:06 - [MESSAGE][INFO] - Starting 'Chrome (headless)' driver

2021-01-22 12:05:06 - [MESSAGE][INFO] - User set preference: ['args', '[--start-maximized, --disable-gpu, --no-proxy-server, â€“-no-sandbox, --allow-running-insecure-content, --ignore-certificate-errors, window-size=1680,814, force-device-scale-factor=2, --lang=en-GB]']

2021-01-22 12:05:06 - [MESSAGE][INFO] - User set preference: ['prefs', '{download.default_directory=/Users/chaidir.pratama01/Katalon Studio/IST_Automation_Git/Download}']

2021-01-22 12:05:06 - [MESSAGE][INFO] - Action delay is set to 0 milliseconds

2021-01-22 12:05:06 - [MESSAGE][PASSED] - Browser is opened with url: ''

2021-01-22 12:05:07 - [MESSAGE][PASSED] - Navigate to 'https://dev-istools.homecredit.id/foundation/' successfully

2021-01-22 12:05:07 - [MESSAGE][PASSED] - Go to ISTools

2021-01-22 12:05:07 - [TEST_STEP][PASSED] - Login IST with valid credentials: Login IST with valid credentials

2021-01-22 12:05:07 - [MESSAGE][PASSED] - Text 'mobile.test' is set on object 'Object Repository/Page_/input_Username_j_username'

2021-01-22 12:05:08 - [MESSAGE][PASSED] - Text ****** has been set on object 'Object Repository/Page_/input_Password_j_password'

2021-01-22 12:05:08 - [MESSAGE][PASSED] - Object: 'Object Repository/Page_/button_Login' is clicked on

2021-01-22 12:05:08 - [MESSAGE][PASSED] - Login IST with valid credentials

2021-01-22 12:05:08 - [TEST_STEP][PASSED] - Login Success: Login Success

2021-01-22 12:05:08 - [MESSAGE][INFO] - Login Success

2021-01-22 12:05:08 - [MESSAGE][PASSED] - Current window maximized

2021-01-22 12:05:08 - [MESSAGE][PASSED] - Object 'Object Repository/Page_/h1_Welcome to IT Supporting Tools' is present

2021-01-22 12:05:08 - [MESSAGE][PASSED] - Login Success

2021-01-22 12:05:08 - [TEST_STEP][PASSED] - Select Arrow Menu "Real Time Disbursement": Select Arrow Menu "Real Time Disbursement"

2021-01-22 12:05:08 - [MESSAGE][PASSED] - Object: '' is clicked on

2021-01-22 12:05:08 - [MESSAGE][PASSED] - Select Arrow Menu "Real Time Disbursement"

2021-01-22 12:05:08 - [TEST_STEP][PASSED] - Select Menu "Partner Disbursement": Select Menu "Partner Disbursement"

2021-01-22 12:05:09 - [MESSAGE][PASSED] - Taking screenshot successfully
[[ATTACHMENT|/Users/chaidir.pratama01/Documents/Docs/Katalon Studio/Screenshot/test-Partner Disbursement.png]]

2021-01-22 12:05:09 - [MESSAGE][PASSED] - Object '' is present

2021-01-22 12:05:09 - [MESSAGE][PASSED] - Object: '' is clicked on

2021-01-22 12:05:09 - [MESSAGE][PASSED] - Wait for page load successfully

2021-01-22 12:05:09 - [MESSAGE][PASSED] - Select Menu "Partner Disbursement"

2021-01-22 12:05:09 - [TEST_STEP][PASSED] - Select STATUS "Failed due to invalid bank account": Select STATUS "Failed due to invalid bank account"

2021-01-22 12:05:09 - [MESSAGE][PASSED] - All options with value 'Failed due to invalid bank account' are selected in object ''  using regular expression

2021-01-22 12:05:09 - [MESSAGE][PASSED] - Select STATUS "Failed due to invalid bank account"

2021-01-22 12:05:09 - [TEST_STEP][PASSED] - Click button "Search": Click button "Search"

2021-01-22 12:05:09 - [MESSAGE][INFO] - >>>>>//Button[contains(text(),'Search')]

2021-01-22 12:05:12 - [MESSAGE][PASSED] - Object '' is present

2021-01-22 12:05:12 - [MESSAGE][PASSED] - Object: '' is clicked on

2021-01-22 12:05:12 - [MESSAGE][PASSED] - Switched to window with index: '0'

2021-01-22 12:05:12 - [MESSAGE][PASSED] - Click button "Search"

2021-01-22 12:05:12 - [TEST_STEP][PASSED] - Verify Search Result Presents: Verify Search Result Presents

2021-01-22 12:05:16 - [MESSAGE][INFO] - Unable to find the element located by 'By.xpath: //td[@style='display:none' and contains(text(),'-Empty-')]'. Please recheck the objects properties to make sure the desired element is located. 

2021-01-22 12:05:17 - [MESSAGE][WARNING] - com.kms.katalon.core.webui.exception.WebElementNotFoundException: Web element with id: '' located by '//td[@style='display:none' and contains(text(),'-Empty-')]' not found (Root cause: com.kms.katalon.core.exception.StepFailedException: com.kms.katalon.core.webui.exception.WebElementNotFoundException: Web element with id: '' located by '//td[@style='display:none' and contains(text(),'-Empty-')]' not found
	at com.kms.katalon.core.webui.keyword.internal.WebUIKeywordMain.stepFailed(WebUIKeywordMain.groovy:64)
	at com.kms.katalon.core.webui.keyword.builtin.VerifyElementPresentKeyword$_verifyElementPresent_closure1.doCall(VerifyElementPresentKeyword.groovy:85)
	at com.kms.katalon.core.webui.keyword.builtin.VerifyElementPresentKeyword$_verifyElementPresent_closure1.call(VerifyElementPresentKeyword.groovy)
	at com.kms.katalon.core.webui.keyword.internal.WebUIKeywordMain.runKeyword(WebUIKeywordMain.groovy:20)
	at com.kms.katalon.core.webui.keyword.builtin.VerifyElementPresentKeyword.verifyElementPresent(VerifyElementPresentKeyword.groovy:92)
	at com.kms.katalon.core.webui.keyword.builtin.VerifyElementPresentKeyword.execute(VerifyElementPresentKeyword.groovy:68)
	at com.kms.katalon.core.keyword.internal.KeywordExecutor.executeKeywordForPlatform(KeywordExecutor.groovy:73)
	at com.kms.katalon.core.webui.keyword.WebUiBuiltInKeywords.verifyElementPresent(WebUiBuiltInKeywords.groovy:1444)
	at com.kms.katalon.core.webui.keyword.WebUiBuiltInKeywords$verifyElementPresent$11.call(Unknown Source)
	at ist_real.Contract_Dispatcher.VerifyTblFilled(Contract_Dispatcher.groovy:1313)
	at ist_real.Contract_Dispatcher$VerifyTblFilled$0.call(Unknown Source)
	at RTD.Search_Result_Presents(RTD.groovy:191)
	at cucumber.runtime.Utils$1.call(Utils.java:26)
	at cucumber.runtime.Timeout.timeout(Timeout.java:16)
	at cucumber.runtime.Utils.invoke(Utils.java:20)
	at cucumber.runtime.java.JavaStepDefinition.execute(JavaStepDefinition.java:48)
	at cucumber.runtime.PickleStepDefinitionMatch.runStep(PickleStepDefinitionMatch.java:50)
	at cucumber.runner.TestStep.executeStep(TestStep.java:55)
	at cucumber.runner.TestStep.run(TestStep.java:42)
	at cucumber.runner.PickleStepTestStep.run(PickleStepTestStep.java:53)
	at cucumber.runner.TestCase.run(TestCase.java:47)
	at cucumber.runner.Runner.runPickle(Runner.java:44)
	at cucumber.runtime.Runtime.runFeature(Runtime.java:120)
	at cucumber.runtime.Runtime.run(Runtime.java:106)
	at cucumber.api.cli.Main.run(Main.java:35)
	at cucumber.api.cli.Main$run.call(Unknown Source)
	at com.kms.katalon.core.cucumber.keyword.CucumberBuiltinKeywords$_runFeatureFile_closure1.doCall(CucumberBuiltinKeywords.groovy:76)
	at com.kms.katalon.core.cucumber.keyword.CucumberBuiltinKeywords$_runFeatureFile_closure1.doCall(CucumberBuiltinKeywords.groovy)
	at com.kms.katalon.core.keyword.internal.KeywordMain.runKeyword(KeywordMain.groovy:68)
	at com.kms.katalon.core.keyword.internal.KeywordMain$runKeyword.call(Unknown Source)
	at com.kms.katalon.core.cucumber.keyword.CucumberBuiltinKeywords.runFeatureFile(CucumberBuiltinKeywords.groovy:46)
	at com.kms.katalon.core.cucumber.keyword.CucumberBuiltinKeywords$runFeatureFile$0.callStatic(Unknown Source)
	at com.kms.katalon.core.cucumber.keyword.CucumberBuiltinKeywords.runFeatureFile(CucumberBuiltinKeywords.groovy:169)
	at com.kms.katalon.core.cucumber.keyword.CucumberBuiltinKeywords$runFeatureFile.call(Unknown Source)
	at TC_Search_by_STATUS.run(TC_Search_by_STATUS:18)
	at com.kms.katalon.core.main.ScriptEngine.run(ScriptEngine.java:194)
	at com.kms.katalon.core.main.ScriptEngine.runScriptAsRawText(ScriptEngine.java:119)
	at com.kms.katalon.core.main.TestCaseExecutor.runScript(TestCaseExecutor.java:339)
	at com.kms.katalon.core.main.TestCaseExecutor.doExecute(TestCaseExecutor.java:330)
	at com.kms.katalon.core.main.TestCaseExecutor.processExecutionPhase(TestCaseExecutor.java:309)
	at com.kms.katalon.core.main.TestCaseExecutor.accessMainPhase(TestCaseExecutor.java:301)
	at com.kms.katalon.core.main.TestCaseExecutor.execute(TestCaseExecutor.java:235)
	at com.kms.katalon.core.main.TestSuiteExecutor.accessTestCaseMainPhase(TestSuiteExecutor.java:191)
	at com.kms.katalon.core.main.TestSuiteExecutor.accessTestSuiteMainPhase(TestSuiteExecutor.java:141)
	at com.kms.katalon.core.main.TestSuiteExecutor.execute(TestSuiteExecutor.java:90)
	at com.kms.katalon.core.main.TestCaseMain.startTestSuite(TestCaseMain.java:157)
	at com.kms.katalon.core.main.TestCaseMain$startTestSuite$0.call(Unknown Source)
	at TempTestSuite1611290386363.run(TempTestSuite1611290386363.groovy:39)
)
[[ATTACHMENT|/Users/chaidir.pratama01/Katalon Studio/IST_Automation_Git/Reports/20210122_113940/RTD/TS_Partner_Disbursement/20210122_113946/1611291916609.png]]

2021-01-22 12:05:17 - [MESSAGE][PASSED] - Verify Search Result Presents

2021-01-22 12:05:17 - [TEST_STEP][PASSED] - Click button "Logout": Click button "Logout"

2021-01-22 12:05:17 - [MESSAGE][INFO] - >>>>>//Button[contains(text(),'Logout')]

2021-01-22 12:05:20 - [MESSAGE][PASSED] - Object '' is present

2021-01-22 12:05:20 - [MESSAGE][PASSED] - Object: '' is clicked on

2021-01-22 12:05:20 - [MESSAGE][PASSED] - Switched to window with index: '0'

2021-01-22 12:05:20 - [MESSAGE][PASSED] - Click button "Logout"

2021-01-22 12:05:20 - [TEST_STEP][PASSED] - Close browser: Close browser

2021-01-22 12:05:20 - [MESSAGE][PASSED] - Browser is closed

2021-01-22 12:05:20 - [MESSAGE][PASSED] - Close browser

2021-01-22 12:05:20 - [TEST_CASE][PASSED] - Start Test Case : SCENARIO Search by STATUS Failed due to system error: SCENARIO Search by STATUS Failed due to system error

2021-01-22 12:05:20 - [TEST_STEP][PASSED] - Go to ISTools: Go to ISTools

2021-01-22 12:05:20 - [MESSAGE][INFO] - Starting 'Chrome (headless)' driver

2021-01-22 12:05:20 - [MESSAGE][INFO] - User set preference: ['args', '[--start-maximized, --disable-gpu, --no-proxy-server, â€“-no-sandbox, --allow-running-insecure-content, --ignore-certificate-errors, window-size=1680,814, force-device-scale-factor=2, --lang=en-GB]']

2021-01-22 12:05:20 - [MESSAGE][INFO] - User set preference: ['prefs', '{download.default_directory=/Users/chaidir.pratama01/Katalon Studio/IST_Automation_Git/Download}']

2021-01-22 12:05:20 - [MESSAGE][INFO] - Action delay is set to 0 milliseconds

2021-01-22 12:05:20 - [MESSAGE][PASSED] - Browser is opened with url: ''

2021-01-22 12:05:21 - [MESSAGE][PASSED] - Navigate to 'https://dev-istools.homecredit.id/foundation/' successfully

2021-01-22 12:05:21 - [MESSAGE][PASSED] - Go to ISTools

2021-01-22 12:05:21 - [TEST_STEP][PASSED] - Login IST with valid credentials: Login IST with valid credentials

2021-01-22 12:05:21 - [MESSAGE][PASSED] - Text 'mobile.test' is set on object 'Object Repository/Page_/input_Username_j_username'

2021-01-22 12:05:21 - [MESSAGE][PASSED] - Text ****** has been set on object 'Object Repository/Page_/input_Password_j_password'

2021-01-22 12:05:22 - [MESSAGE][PASSED] - Object: 'Object Repository/Page_/button_Login' is clicked on

2021-01-22 12:05:22 - [MESSAGE][PASSED] - Login IST with valid credentials

2021-01-22 12:05:22 - [TEST_STEP][PASSED] - Login Success: Login Success

2021-01-22 12:05:22 - [MESSAGE][INFO] - Login Success

2021-01-22 12:05:22 - [MESSAGE][PASSED] - Current window maximized

2021-01-22 12:05:22 - [MESSAGE][PASSED] - Object 'Object Repository/Page_/h1_Welcome to IT Supporting Tools' is present

2021-01-22 12:05:22 - [MESSAGE][PASSED] - Login Success

2021-01-22 12:05:22 - [TEST_STEP][PASSED] - Select Arrow Menu "Real Time Disbursement": Select Arrow Menu "Real Time Disbursement"

2021-01-22 12:05:22 - [MESSAGE][PASSED] - Object: '' is clicked on

2021-01-22 12:05:22 - [MESSAGE][PASSED] - Select Arrow Menu "Real Time Disbursement"

2021-01-22 12:05:22 - [TEST_STEP][PASSED] - Select Menu "Partner Disbursement": Select Menu "Partner Disbursement"

2021-01-22 12:05:22 - [MESSAGE][PASSED] - Taking screenshot successfully
[[ATTACHMENT|/Users/chaidir.pratama01/Documents/Docs/Katalon Studio/Screenshot/test-Partner Disbursement.png]]

2021-01-22 12:05:23 - [MESSAGE][PASSED] - Object '' is present

2021-01-22 12:05:23 - [MESSAGE][PASSED] - Object: '' is clicked on

2021-01-22 12:05:23 - [MESSAGE][PASSED] - Wait for page load successfully

2021-01-22 12:05:23 - [MESSAGE][PASSED] - Select Menu "Partner Disbursement"

2021-01-22 12:05:23 - [TEST_STEP][PASSED] - Select STATUS "Failed due to system error": Select STATUS "Failed due to system error"

2021-01-22 12:05:23 - [MESSAGE][PASSED] - All options with value 'Failed due to system error' are selected in object ''  using regular expression

2021-01-22 12:05:23 - [MESSAGE][PASSED] - Select STATUS "Failed due to system error"

2021-01-22 12:05:23 - [TEST_STEP][PASSED] - Click button "Search": Click button "Search"

2021-01-22 12:05:23 - [MESSAGE][INFO] - >>>>>//Button[contains(text(),'Search')]

2021-01-22 12:05:26 - [MESSAGE][PASSED] - Object '' is present

2021-01-22 12:05:26 - [MESSAGE][PASSED] - Object: '' is clicked on

2021-01-22 12:05:26 - [MESSAGE][PASSED] - Switched to window with index: '0'

2021-01-22 12:05:26 - [MESSAGE][PASSED] - Click button "Search"

2021-01-22 12:05:26 - [TEST_STEP][PASSED] - Verify Search Result Presents: Verify Search Result Presents

2021-01-22 12:05:26 - [MESSAGE][PASSED] - Object '' is present

2021-01-22 12:05:28 - [MESSAGE][PASSED] - Verify Search Result Presents

2021-01-22 12:05:28 - [TEST_STEP][PASSED] - Click button "Logout": Click button "Logout"

2021-01-22 12:05:28 - [MESSAGE][INFO] - >>>>>//Button[contains(text(),'Logout')]

2021-01-22 12:05:31 - [MESSAGE][PASSED] - Object '' is present

2021-01-22 12:05:31 - [MESSAGE][PASSED] - Object: '' is clicked on

2021-01-22 12:05:31 - [MESSAGE][PASSED] - Switched to window with index: '0'

2021-01-22 12:05:31 - [MESSAGE][PASSED] - Click button "Logout"

2021-01-22 12:05:31 - [TEST_STEP][PASSED] - Close browser: Close browser

2021-01-22 12:05:31 - [MESSAGE][PASSED] - Browser is closed

2021-01-22 12:05:31 - [MESSAGE][PASSED] - Close browser

2021-01-22 12:05:31 - [TEST_CASE][PASSED] - Start Test Case : SCENARIO Search by STATUS Failed due to insufficient fund: SCENARIO Search by STATUS Failed due to insufficient fund

2021-01-22 12:05:31 - [TEST_STEP][PASSED] - Go to ISTools: Go to ISTools

2021-01-22 12:05:31 - [MESSAGE][INFO] - Starting 'Chrome (headless)' driver

2021-01-22 12:05:31 - [MESSAGE][INFO] - User set preference: ['args', '[--start-maximized, --disable-gpu, --no-proxy-server, â€“-no-sandbox, --allow-running-insecure-content, --ignore-certificate-errors, window-size=1680,814, force-device-scale-factor=2, --lang=en-GB]']

2021-01-22 12:05:31 - [MESSAGE][INFO] - User set preference: ['prefs', '{download.default_directory=/Users/chaidir.pratama01/Katalon Studio/IST_Automation_Git/Download}']

2021-01-22 12:05:31 - [MESSAGE][INFO] - Action delay is set to 0 milliseconds

2021-01-22 12:05:31 - [MESSAGE][PASSED] - Browser is opened with url: ''

2021-01-22 12:05:32 - [MESSAGE][PASSED] - Navigate to 'https://dev-istools.homecredit.id/foundation/' successfully

2021-01-22 12:05:32 - [MESSAGE][PASSED] - Go to ISTools

2021-01-22 12:05:32 - [TEST_STEP][PASSED] - Login IST with valid credentials: Login IST with valid credentials

2021-01-22 12:05:32 - [MESSAGE][PASSED] - Text 'mobile.test' is set on object 'Object Repository/Page_/input_Username_j_username'

2021-01-22 12:05:32 - [MESSAGE][PASSED] - Text ****** has been set on object 'Object Repository/Page_/input_Password_j_password'

2021-01-22 12:05:33 - [MESSAGE][PASSED] - Object: 'Object Repository/Page_/button_Login' is clicked on

2021-01-22 12:05:33 - [MESSAGE][PASSED] - Login IST with valid credentials

2021-01-22 12:05:33 - [TEST_STEP][PASSED] - Login Success: Login Success

2021-01-22 12:05:33 - [MESSAGE][INFO] - Login Success

2021-01-22 12:05:33 - [MESSAGE][PASSED] - Current window maximized

2021-01-22 12:05:33 - [MESSAGE][PASSED] - Object 'Object Repository/Page_/h1_Welcome to IT Supporting Tools' is present

2021-01-22 12:05:33 - [MESSAGE][PASSED] - Login Success

2021-01-22 12:05:33 - [TEST_STEP][PASSED] - Select Arrow Menu "Real Time Disbursement": Select Arrow Menu "Real Time Disbursement"

2021-01-22 12:05:33 - [MESSAGE][PASSED] - Object: '' is clicked on

2021-01-22 12:05:33 - [MESSAGE][PASSED] - Select Arrow Menu "Real Time Disbursement"

2021-01-22 12:05:33 - [TEST_STEP][PASSED] - Select Menu "Partner Disbursement": Select Menu "Partner Disbursement"

2021-01-22 12:05:33 - [MESSAGE][PASSED] - Taking screenshot successfully
[[ATTACHMENT|/Users/chaidir.pratama01/Documents/Docs/Katalon Studio/Screenshot/test-Partner Disbursement.png]]

2021-01-22 12:05:33 - [MESSAGE][PASSED] - Object '' is present

2021-01-22 12:05:33 - [MESSAGE][PASSED] - Object: '' is clicked on

2021-01-22 12:05:33 - [MESSAGE][PASSED] - Wait for page load successfully

2021-01-22 12:05:33 - [MESSAGE][PASSED] - Select Menu "Partner Disbursement"

2021-01-22 12:05:33 - [TEST_STEP][PASSED] - Select STATUS "Failed due to insufficient fund": Select STATUS "Failed due to insufficient fund"

2021-01-22 12:05:34 - [MESSAGE][PASSED] - All options with value 'Failed due to insufficient fund' are selected in object ''  using regular expression

2021-01-22 12:05:34 - [MESSAGE][PASSED] - Select STATUS "Failed due to insufficient fund"

2021-01-22 12:05:34 - [TEST_STEP][PASSED] - Click button "Search": Click button "Search"

2021-01-22 12:05:34 - [MESSAGE][INFO] - >>>>>//Button[contains(text(),'Search')]

2021-01-22 12:05:37 - [MESSAGE][PASSED] - Object '' is present

2021-01-22 12:05:37 - [MESSAGE][PASSED] - Object: '' is clicked on

2021-01-22 12:05:37 - [MESSAGE][PASSED] - Switched to window with index: '0'

2021-01-22 12:05:37 - [MESSAGE][PASSED] - Click button "Search"

2021-01-22 12:05:37 - [TEST_STEP][PASSED] - Verify Search Result Presents: Verify Search Result Presents

2021-01-22 12:05:41 - [MESSAGE][INFO] - Unable to find the element located by 'By.xpath: //td[@style='display:none' and contains(text(),'-Empty-')]'. Please recheck the objects properties to make sure the desired element is located. 

2021-01-22 12:05:41 - [MESSAGE][WARNING] - com.kms.katalon.core.webui.exception.WebElementNotFoundException: Web element with id: '' located by '//td[@style='display:none' and contains(text(),'-Empty-')]' not found (Root cause: com.kms.katalon.core.exception.StepFailedException: com.kms.katalon.core.webui.exception.WebElementNotFoundException: Web element with id: '' located by '//td[@style='display:none' and contains(text(),'-Empty-')]' not found
	at com.kms.katalon.core.webui.keyword.internal.WebUIKeywordMain.stepFailed(WebUIKeywordMain.groovy:64)
	at com.kms.katalon.core.webui.keyword.builtin.VerifyElementPresentKeyword$_verifyElementPresent_closure1.doCall(VerifyElementPresentKeyword.groovy:85)
	at com.kms.katalon.core.webui.keyword.builtin.VerifyElementPresentKeyword$_verifyElementPresent_closure1.call(VerifyElementPresentKeyword.groovy)
	at com.kms.katalon.core.webui.keyword.internal.WebUIKeywordMain.runKeyword(WebUIKeywordMain.groovy:20)
	at com.kms.katalon.core.webui.keyword.builtin.VerifyElementPresentKeyword.verifyElementPresent(VerifyElementPresentKeyword.groovy:92)
	at com.kms.katalon.core.webui.keyword.builtin.VerifyElementPresentKeyword.execute(VerifyElementPresentKeyword.groovy:68)
	at com.kms.katalon.core.keyword.internal.KeywordExecutor.executeKeywordForPlatform(KeywordExecutor.groovy:73)
	at com.kms.katalon.core.webui.keyword.WebUiBuiltInKeywords.verifyElementPresent(WebUiBuiltInKeywords.groovy:1444)
	at com.kms.katalon.core.webui.keyword.WebUiBuiltInKeywords$verifyElementPresent$11.call(Unknown Source)
	at ist_real.Contract_Dispatcher.VerifyTblFilled(Contract_Dispatcher.groovy:1313)
	at ist_real.Contract_Dispatcher$VerifyTblFilled$0.call(Unknown Source)
	at RTD.Search_Result_Presents(RTD.groovy:191)
	at cucumber.runtime.Utils$1.call(Utils.java:26)
	at cucumber.runtime.Timeout.timeout(Timeout.java:16)
	at cucumber.runtime.Utils.invoke(Utils.java:20)
	at cucumber.runtime.java.JavaStepDefinition.execute(JavaStepDefinition.java:48)
	at cucumber.runtime.PickleStepDefinitionMatch.runStep(PickleStepDefinitionMatch.java:50)
	at cucumber.runner.TestStep.executeStep(TestStep.java:55)
	at cucumber.runner.TestStep.run(TestStep.java:42)
	at cucumber.runner.PickleStepTestStep.run(PickleStepTestStep.java:53)
	at cucumber.runner.TestCase.run(TestCase.java:47)
	at cucumber.runner.Runner.runPickle(Runner.java:44)
	at cucumber.runtime.Runtime.runFeature(Runtime.java:120)
	at cucumber.runtime.Runtime.run(Runtime.java:106)
	at cucumber.api.cli.Main.run(Main.java:35)
	at cucumber.api.cli.Main$run.call(Unknown Source)
	at com.kms.katalon.core.cucumber.keyword.CucumberBuiltinKeywords$_runFeatureFile_closure1.doCall(CucumberBuiltinKeywords.groovy:76)
	at com.kms.katalon.core.cucumber.keyword.CucumberBuiltinKeywords$_runFeatureFile_closure1.doCall(CucumberBuiltinKeywords.groovy)
	at com.kms.katalon.core.keyword.internal.KeywordMain.runKeyword(KeywordMain.groovy:68)
	at com.kms.katalon.core.keyword.internal.KeywordMain$runKeyword.call(Unknown Source)
	at com.kms.katalon.core.cucumber.keyword.CucumberBuiltinKeywords.runFeatureFile(CucumberBuiltinKeywords.groovy:46)
	at com.kms.katalon.core.cucumber.keyword.CucumberBuiltinKeywords$runFeatureFile$0.callStatic(Unknown Source)
	at com.kms.katalon.core.cucumber.keyword.CucumberBuiltinKeywords.runFeatureFile(CucumberBuiltinKeywords.groovy:169)
	at com.kms.katalon.core.cucumber.keyword.CucumberBuiltinKeywords$runFeatureFile.call(Unknown Source)
	at TC_Search_by_STATUS.run(TC_Search_by_STATUS:18)
	at com.kms.katalon.core.main.ScriptEngine.run(ScriptEngine.java:194)
	at com.kms.katalon.core.main.ScriptEngine.runScriptAsRawText(ScriptEngine.java:119)
	at com.kms.katalon.core.main.TestCaseExecutor.runScript(TestCaseExecutor.java:339)
	at com.kms.katalon.core.main.TestCaseExecutor.doExecute(TestCaseExecutor.java:330)
	at com.kms.katalon.core.main.TestCaseExecutor.processExecutionPhase(TestCaseExecutor.java:309)
	at com.kms.katalon.core.main.TestCaseExecutor.accessMainPhase(TestCaseExecutor.java:301)
	at com.kms.katalon.core.main.TestCaseExecutor.execute(TestCaseExecutor.java:235)
	at com.kms.katalon.core.main.TestSuiteExecutor.accessTestCaseMainPhase(TestSuiteExecutor.java:191)
	at com.kms.katalon.core.main.TestSuiteExecutor.accessTestSuiteMainPhase(TestSuiteExecutor.java:141)
	at com.kms.katalon.core.main.TestSuiteExecutor.execute(TestSuiteExecutor.java:90)
	at com.kms.katalon.core.main.TestCaseMain.startTestSuite(TestCaseMain.java:157)
	at com.kms.katalon.core.main.TestCaseMain$startTestSuite$0.call(Unknown Source)
	at TempTestSuite1611290386363.run(TempTestSuite1611290386363.groovy:39)
)
[[ATTACHMENT|/Users/chaidir.pratama01/Katalon Studio/IST_Automation_Git/Reports/20210122_113940/RTD/TS_Partner_Disbursement/20210122_113946/1611291941489.png]]

2021-01-22 12:05:42 - [MESSAGE][PASSED] - Verify Search Result Presents

2021-01-22 12:05:42 - [TEST_STEP][PASSED] - Click button "Logout": Click button "Logout"

2021-01-22 12:05:42 - [MESSAGE][INFO] - >>>>>//Button[contains(text(),'Logout')]

2021-01-22 12:05:45 - [MESSAGE][PASSED] - Object '' is present

2021-01-22 12:05:45 - [MESSAGE][PASSED] - Object: '' is clicked on

2021-01-22 12:05:45 - [MESSAGE][PASSED] - Switched to window with index: '0'

2021-01-22 12:05:45 - [MESSAGE][PASSED] - Click button "Logout"

2021-01-22 12:05:45 - [TEST_STEP][PASSED] - Close browser: Close browser

2021-01-22 12:05:45 - [MESSAGE][PASSED] - Browser is closed

2021-01-22 12:05:45 - [MESSAGE][PASSED] - Close browser

2021-01-22 12:05:45 - [TEST_CASE][PASSED] - Start Test Case : SCENARIO Search by STATUS Failed due to not supported bank: SCENARIO Search by STATUS Failed due to not supported bank

2021-01-22 12:05:45 - [TEST_STEP][PASSED] - Go to ISTools: Go to ISTools

2021-01-22 12:05:45 - [MESSAGE][INFO] - Starting 'Chrome (headless)' driver

2021-01-22 12:05:45 - [MESSAGE][INFO] - User set preference: ['args', '[--start-maximized, --disable-gpu, --no-proxy-server, â€“-no-sandbox, --allow-running-insecure-content, --ignore-certificate-errors, window-size=1680,814, force-device-scale-factor=2, --lang=en-GB]']

2021-01-22 12:05:45 - [MESSAGE][INFO] - User set preference: ['prefs', '{download.default_directory=/Users/chaidir.pratama01/Katalon Studio/IST_Automation_Git/Download}']

2021-01-22 12:05:45 - [MESSAGE][INFO] - Action delay is set to 0 milliseconds

2021-01-22 12:05:45 - [MESSAGE][PASSED] - Browser is opened with url: ''

2021-01-22 12:05:46 - [MESSAGE][PASSED] - Navigate to 'https://dev-istools.homecredit.id/foundation/' successfully

2021-01-22 12:05:46 - [MESSAGE][PASSED] - Go to ISTools

2021-01-22 12:05:46 - [TEST_STEP][PASSED] - Login IST with valid credentials: Login IST with valid credentials

2021-01-22 12:05:46 - [MESSAGE][PASSED] - Text 'mobile.test' is set on object 'Object Repository/Page_/input_Username_j_username'

2021-01-22 12:05:46 - [MESSAGE][PASSED] - Text ****** has been set on object 'Object Repository/Page_/input_Password_j_password'

2021-01-22 12:05:47 - [MESSAGE][PASSED] - Object: 'Object Repository/Page_/button_Login' is clicked on

2021-01-22 12:05:47 - [MESSAGE][PASSED] - Login IST with valid credentials

2021-01-22 12:05:47 - [TEST_STEP][PASSED] - Login Success: Login Success

2021-01-22 12:05:47 - [MESSAGE][INFO] - Login Success

2021-01-22 12:05:47 - [MESSAGE][PASSED] - Current window maximized

2021-01-22 12:05:47 - [MESSAGE][PASSED] - Object 'Object Repository/Page_/h1_Welcome to IT Supporting Tools' is present

2021-01-22 12:05:47 - [MESSAGE][PASSED] - Login Success

2021-01-22 12:05:47 - [TEST_STEP][PASSED] - Select Arrow Menu "Real Time Disbursement": Select Arrow Menu "Real Time Disbursement"

2021-01-22 12:05:47 - [MESSAGE][PASSED] - Object: '' is clicked on

2021-01-22 12:05:47 - [MESSAGE][PASSED] - Select Arrow Menu "Real Time Disbursement"

2021-01-22 12:05:47 - [TEST_STEP][PASSED] - Select Menu "Partner Disbursement": Select Menu "Partner Disbursement"

2021-01-22 12:05:47 - [MESSAGE][PASSED] - Taking screenshot successfully
[[ATTACHMENT|/Users/chaidir.pratama01/Documents/Docs/Katalon Studio/Screenshot/test-Partner Disbursement.png]]

2021-01-22 12:05:47 - [MESSAGE][PASSED] - Object '' is present

2021-01-22 12:05:47 - [MESSAGE][PASSED] - Object: '' is clicked on

2021-01-22 12:05:47 - [MESSAGE][PASSED] - Wait for page load successfully

2021-01-22 12:05:47 - [MESSAGE][PASSED] - Select Menu "Partner Disbursement"

2021-01-22 12:05:47 - [TEST_STEP][PASSED] - Select STATUS "Failed due to not supported bank": Select STATUS "Failed due to not supported bank"

2021-01-22 12:05:48 - [MESSAGE][PASSED] - All options with value 'Failed due to not supported bank' are selected in object ''  using regular expression

2021-01-22 12:05:48 - [MESSAGE][PASSED] - Select STATUS "Failed due to not supported bank"

2021-01-22 12:05:48 - [TEST_STEP][PASSED] - Click button "Search": Click button "Search"

2021-01-22 12:05:48 - [MESSAGE][INFO] - >>>>>//Button[contains(text(),'Search')]

2021-01-22 12:05:51 - [MESSAGE][PASSED] - Object '' is present

2021-01-22 12:05:51 - [MESSAGE][PASSED] - Object: '' is clicked on

2021-01-22 12:05:51 - [MESSAGE][PASSED] - Switched to window with index: '0'

2021-01-22 12:05:51 - [MESSAGE][PASSED] - Click button "Search"

2021-01-22 12:05:51 - [TEST_STEP][PASSED] - Verify Search Result Presents: Verify Search Result Presents

2021-01-22 12:05:55 - [MESSAGE][WARNING] - Unable to verify object '' is present (Root cause: com.kms.katalon.core.exception.StepFailedException: Unable to verify object '' is present
	at com.kms.katalon.core.webui.keyword.internal.WebUIKeywordMain.stepFailed(WebUIKeywordMain.groovy:64)
	at com.kms.katalon.core.webui.keyword.internal.WebUIKeywordMain.runKeyword(WebUIKeywordMain.groovy:26)
	at com.kms.katalon.core.webui.keyword.builtin.VerifyElementPresentKeyword.verifyElementPresent(VerifyElementPresentKeyword.groovy:92)
	at com.kms.katalon.core.webui.keyword.builtin.VerifyElementPresentKeyword.execute(VerifyElementPresentKeyword.groovy:68)
	at com.kms.katalon.core.keyword.internal.KeywordExecutor.executeKeywordForPlatform(KeywordExecutor.groovy:73)
	at com.kms.katalon.core.webui.keyword.WebUiBuiltInKeywords.verifyElementPresent(WebUiBuiltInKeywords.groovy:1444)
	at com.kms.katalon.core.webui.keyword.WebUiBuiltInKeywords$verifyElementPresent$11.call(Unknown Source)
	at ist_real.Contract_Dispatcher.VerifyTblFilled(Contract_Dispatcher.groovy:1313)
	at ist_real.Contract_Dispatcher$VerifyTblFilled$0.call(Unknown Source)
	at RTD.Search_Result_Presents(RTD.groovy:191)
	at cucumber.runtime.Utils$1.call(Utils.java:26)
	at cucumber.runtime.Timeout.timeout(Timeout.java:16)
	at cucumber.runtime.Utils.invoke(Utils.java:20)
	at cucumber.runtime.java.JavaStepDefinition.execute(JavaStepDefinition.java:48)
	at cucumber.runtime.PickleStepDefinitionMatch.runStep(PickleStepDefinitionMatch.java:50)
	at cucumber.runner.TestStep.executeStep(TestStep.java:55)
	at cucumber.runner.TestStep.run(TestStep.java:42)
	at cucumber.runner.PickleStepTestStep.run(PickleStepTestStep.java:53)
	at cucumber.runner.TestCase.run(TestCase.java:47)
	at cucumber.runner.Runner.runPickle(Runner.java:44)
	at cucumber.runtime.Runtime.runFeature(Runtime.java:120)
	at cucumber.runtime.Runtime.run(Runtime.java:106)
	at cucumber.api.cli.Main.run(Main.java:35)
	at cucumber.api.cli.Main$run.call(Unknown Source)
	at com.kms.katalon.core.cucumber.keyword.CucumberBuiltinKeywords$_runFeatureFile_closure1.doCall(CucumberBuiltinKeywords.groovy:76)
	at com.kms.katalon.core.cucumber.keyword.CucumberBuiltinKeywords$_runFeatureFile_closure1.doCall(CucumberBuiltinKeywords.groovy)
	at com.kms.katalon.core.keyword.internal.KeywordMain.runKeyword(KeywordMain.groovy:68)
	at com.kms.katalon.core.keyword.internal.KeywordMain$runKeyword.call(Unknown Source)
	at com.kms.katalon.core.cucumber.keyword.CucumberBuiltinKeywords.runFeatureFile(CucumberBuiltinKeywords.groovy:46)
	at com.kms.katalon.core.cucumber.keyword.CucumberBuiltinKeywords$runFeatureFile$0.callStatic(Unknown Source)
	at com.kms.katalon.core.cucumber.keyword.CucumberBuiltinKeywords.runFeatureFile(CucumberBuiltinKeywords.groovy:169)
	at com.kms.katalon.core.cucumber.keyword.CucumberBuiltinKeywords$runFeatureFile.call(Unknown Source)
	at TC_Search_by_STATUS.run(TC_Search_by_STATUS:18)
	at com.kms.katalon.core.main.ScriptEngine.run(ScriptEngine.java:194)
	at com.kms.katalon.core.main.ScriptEngine.runScriptAsRawText(ScriptEngine.java:119)
	at com.kms.katalon.core.main.TestCaseExecutor.runScript(TestCaseExecutor.java:339)
	at com.kms.katalon.core.main.TestCaseExecutor.doExecute(TestCaseExecutor.java:330)
	at com.kms.katalon.core.main.TestCaseExecutor.processExecutionPhase(TestCaseExecutor.java:309)
	at com.kms.katalon.core.main.TestCaseExecutor.accessMainPhase(TestCaseExecutor.java:301)
	at com.kms.katalon.core.main.TestCaseExecutor.execute(TestCaseExecutor.java:235)
	at com.kms.katalon.core.main.TestSuiteExecutor.accessTestCaseMainPhase(TestSuiteExecutor.java:191)
	at com.kms.katalon.core.main.TestSuiteExecutor.accessTestSuiteMainPhase(TestSuiteExecutor.java:141)
	at com.kms.katalon.core.main.TestSuiteExecutor.execute(TestSuiteExecutor.java:90)
	at com.kms.katalon.core.main.TestCaseMain.startTestSuite(TestCaseMain.java:157)
	at com.kms.katalon.core.main.TestCaseMain$startTestSuite$0.call(Unknown Source)
	at TempTestSuite1611290386363.run(TempTestSuite1611290386363.groovy:39)
Caused by: org.openqa.selenium.WebDriverException: disconnected: not connected to DevTools
  (Session info: headless chrome=87.0.4280.141)
Build info: version: '3.141.59', revision: 'e82be7d358', time: '2018-11-14T08:25:53'
System info: host: 'M-Chaidir-Pratama.local', ip: 'fe80:0:0:0:14e4:ed6f:bc3b:fd01%en0', os.name: 'Mac OS X', os.arch: 'x86_64', os.version: '10.15', java.version: '1.8.0_181'
Driver info: com.kms.katalon.selenium.driver.CChromeDriver
Capabilities {acceptInsecureCerts: false, browserName: chrome, browserVersion: 87.0.4280.141, chrome: {chromedriverVersion: 87.0.4280.88 (89e2380a3e36c..., userDataDir: /var/folders/0s/4_d154xd6dq...}, goog:chromeOptions: {debuggerAddress: localhost:52816}, javascriptEnabled: true, networkConnectionEnabled: false, pageLoadStrategy: normal, platform: MAC, platformName: MAC, proxy: Proxy(), setWindowRect: true, strictFileInteractability: false, timeouts: {implicit: 0, pageLoad: 300000, script: 30000}, unhandledPromptBehavior: dismiss and notify, webauthn:virtualAuthenticators: true}
Session ID: f2c5ae4a125276d1a64ceae9e8f8e521
*** Element info: {Using=xpath, value=//td[@style='display:none' and contains(text(),'-Empty-')]}
	at org.openqa.selenium.remote.http.W3CHttpResponseCodec.createException(W3CHttpResponseCodec.java:187)
	at org.openqa.selenium.remote.http.W3CHttpResponseCodec.decode(W3CHttpResponseCodec.java:122)
	at org.openqa.selenium.remote.http.W3CHttpResponseCodec.decode(W3CHttpResponseCodec.java:49)
	at org.openqa.selenium.remote.HttpCommandExecutor.execute(HttpCommandExecutor.java:158)
	at org.openqa.selenium.remote.service.DriverCommandExecutor.execute(DriverCommandExecutor.java:83)
	at org.openqa.selenium.remote.RemoteWebDriver.execute(RemoteWebDriver.java:552)
	at com.kms.katalon.selenium.driver.CChromeDriver.execute(CChromeDriver.java:19)
	at org.openqa.selenium.remote.RemoteWebDriver.findElements(RemoteWebDriver.java:353)
	at org.openqa.selenium.remote.RemoteWebDriver.findElementsByXPath(RemoteWebDriver.java:432)
	at org.openqa.selenium.By$ByXPath.findElements(By.java:348)
	at org.openqa.selenium.remote.RemoteWebDriver.findElements(RemoteWebDriver.java:311)
	at org.openqa.selenium.support.events.EventFiringWebDriver.lambda$new$1(EventFiringWebDriver.java:105)
	at com.sun.proxy.$Proxy18.findElements(Unknown Source)
	at org.openqa.selenium.support.events.EventFiringWebDriver.findElements(EventFiringWebDriver.java:182)
	at com.kms.katalon.core.webui.common.WebUiCommonHelper.findElementByNormalMethods(WebUiCommonHelper.java:999)
	at com.kms.katalon.core.webui.common.WebUiCommonHelper.findElementsBySelectedMethod(WebUiCommonHelper.java:888)
	at com.kms.katalon.core.webui.common.WebUiCommonHelper.findElementsBySelectedMethod(WebUiCommonHelper.java:877)
	at com.kms.katalon.core.webui.common.WebUiCommonHelper.findElementsBySelectedMethod(WebUiCommonHelper.java:872)
	at com.kms.katalon.core.webui.common.WebUiCommonHelper.findElementsByDefault(WebUiCommonHelper.java:868)
	at com.kms.katalon.core.webui.common.WebUiCommonHelper.findElementsWithSelfHealing(WebUiCommonHelper.java:729)
	at com.kms.katalon.core.webui.common.WebUiCommonHelper.findWebElements(WebUiCommonHelper.java:717)
	at com.kms.katalon.core.webui.common.WebUiCommonHelper.findWebElement(WebUiCommonHelper.java:1349)
	at com.kms.katalon.core.webui.keyword.internal.WebUIAbstractKeyword.findWebElement(WebUIAbstractKeyword.groovy:27)
	at com.kms.katalon.core.webui.keyword.builtin.VerifyElementPresentKeyword$_verifyElementPresent_closure1.doCall(VerifyElementPresentKeyword.groovy:79)
	at com.kms.katalon.core.webui.keyword.builtin.VerifyElementPresentKeyword$_verifyElementPresent_closure1.call(VerifyElementPresentKeyword.groovy)
	at com.kms.katalon.core.webui.keyword.internal.WebUIKeywordMain.runKeyword(WebUIKeywordMain.groovy:20)
	at com.kms.katalon.core.webui.keyword.builtin.VerifyElementPresentKeyword.verifyElementPresent(VerifyElementPresentKeyword.groovy:92)
	at com.kms.katalon.core.webui.keyword.builtin.VerifyElementPresentKeyword.execute(VerifyElementPresentKeyword.groovy:68)
	at com.kms.katalon.core.keyword.internal.KeywordExecutor.executeKeywordForPlatform(KeywordExecutor.groovy:73)
	at com.kms.katalon.core.webui.keyword.WebUiBuiltInKeywords.verifyElementPresent(WebUiBuiltInKeywords.groovy:1444)
	at com.kms.katalon.core.webui.keyword.WebUiBuiltInKeywords$verifyElementPresent$11.call(Unknown Source)
	at ist_real.Contract_Dispatcher.VerifyTblFilled(Contract_Dispatcher.groovy:1313)
	at ist_real.Contract_Dispatcher$VerifyTblFilled$0.call(Unknown Source)
	at RTD.Search_Result_Presents(RTD.groovy:191)
	at cucumber.runtime.Utils$1.call(Utils.java:26)
	at cucumber.runtime.Timeout.timeout(Timeout.java:16)
	at cucumber.runtime.Utils.invoke(Utils.java:20)
	at cucumber.runtime.java.JavaStepDefinition.execute(JavaStepDefinition.java:48)
	at cucumber.runtime.PickleStepDefinitionMatch.runStep(PickleStepDefinitionMatch.java:50)
	at cucumber.runner.TestStep.executeStep(TestStep.java:55)
	at cucumber.runner.TestStep.run(TestStep.java:42)
	at cucumber.runner.PickleStepTestStep.run(PickleStepTestStep.java:53)
	at cucumber.runner.TestCase.run(TestCase.java:47)
	at cucumber.runner.Runner.runPickle(Runner.java:44)
	at cucumber.runtime.Runtime.runFeature(Runtime.java:120)
	at cucumber.runtime.Runtime.run(Runtime.java:106)
	at cucumber.api.cli.Main.run(Main.java:35)
	at cucumber.api.cli.Main$run.call(Unknown Source)
	at com.kms.katalon.core.cucumber.keyword.CucumberBuiltinKeywords$_runFeatureFile_closure1.doCall(CucumberBuiltinKeywords.groovy:76)
	at com.kms.katalon.core.cucumber.keyword.CucumberBuiltinKeywords$_runFeatureFile_closure1.doCall(CucumberBuiltinKeywords.groovy)
	at com.kms.katalon.core.keyword.internal.KeywordMain.runKeyword(KeywordMain.groovy:68)
	at com.kms.katalon.core.keyword.internal.KeywordMain$runKeyword.call(Unknown Source)
	at com.kms.katalon.core.cucumber.keyword.CucumberBuiltinKeywords.runFeatureFile(CucumberBuiltinKeywords.groovy:46)
	at com.kms.katalon.core.cucumber.keyword.CucumberBuiltinKeywords$runFeatureFile$0.callStatic(Unknown Source)
	at com.kms.katalon.core.cucumber.keyword.CucumberBuiltinKeywords.runFeatureFile(CucumberBuiltinKeywords.groovy:169)
	at com.kms.katalon.core.cucumber.keyword.CucumberBuiltinKeywords$runFeatureFile.call(Unknown Source)
	at Script1611043905720.run(Script1611043905720.groovy:18)
	... 13 more
)
[[ATTACHMENT|/Users/chaidir.pratama01/Katalon Studio/IST_Automation_Git/Reports/20210122_113940/RTD/TS_Partner_Disbursement/20210122_113946/1611291954741.png]]

2021-01-22 12:05:55 - [MESSAGE][PASSED] - Verify Search Result Presents

2021-01-22 12:05:55 - [TEST_STEP][PASSED] - Click button "Logout": Click button "Logout"

2021-01-22 12:05:55 - [MESSAGE][INFO] - >>>>>//Button[contains(text(),'Logout')]

2021-01-22 12:05:58 - [MESSAGE][PASSED] - Object '' is present

2021-01-22 12:43:12 - [MESSAGE][PASSED] - Object: '' is clicked on

2021-01-22 12:43:12 - [MESSAGE][PASSED] - Switched to window with index: '0'

2021-01-22 12:43:12 - [MESSAGE][PASSED] - Click button "Logout"

2021-01-22 12:43:12 - [TEST_STEP][PASSED] - Close browser: Close browser

2021-01-22 12:43:12 - [MESSAGE][PASSED] - Browser is closed

2021-01-22 12:43:12 - [MESSAGE][PASSED] - Close browser

2021-01-22 12:43:12 - [TEST_CASE][FAILED] - Start Test Case : SCENARIO Search by STATUS Manual Disbursement: SCENARIO Search by STATUS Manual Disbursement FAILED.
Reason:
com.kms.katalon.core.exception.StepFailedException: Unable to navigate to 'https://dev-istools.homecredit.id/foundation/'
	at com.kms.katalon.core.webui.keyword.internal.WebUIKeywordMain.stepFailed(WebUIKeywordMain.groovy:64)
	at com.kms.katalon.core.webui.keyword.internal.WebUIKeywordMain.runKeyword(WebUIKeywordMain.groovy:26)
	at com.kms.katalon.core.webui.keyword.builtin.NavigateToUrlKeyword.navigateToUrl(NavigateToUrlKeyword.groovy:83)
	at com.kms.katalon.core.webui.keyword.builtin.NavigateToUrlKeyword.execute(NavigateToUrlKeyword.groovy:67)
	at com.kms.katalon.core.keyword.internal.KeywordExecutor.executeKeywordForPlatform(KeywordExecutor.groovy:73)
	at com.kms.katalon.core.webui.keyword.WebUiBuiltInKeywords.navigateToUrl(WebUiBuiltInKeywords.groovy:183)
	at com.kms.katalon.core.webui.keyword.WebUiBuiltInKeywords$navigateToUrl$0.call(Unknown Source)
	at ist_real.Login_IST.go_to_ISTools_URL(Login_IST.groovy:83)
	at âœ½.Go to ISTools(/Users/chaidir.pratama01/Katalon Studio/IST_Automation_Git/Include/features/IST_Real/RTD/Partner_Disbursement/Search_by_STATUS.feature:151)
Caused by: org.openqa.selenium.WebDriverException: unknown error: net::ERR_CONNECTION_REFUSED
  (Session info: headless chrome=87.0.4280.141)
Build info: version: '3.141.59', revision: 'e82be7d358', time: '2018-11-14T08:25:53'
System info: host: 'M-Chaidir-Pratama.local', ip: 'fe80:0:0:0:14e4:ed6f:bc3b:fd01%en0', os.name: 'Mac OS X', os.arch: 'x86_64', os.version: '10.15', java.version: '1.8.0_181'
Driver info: com.kms.katalon.selenium.driver.CChromeDriver
Capabilities {acceptInsecureCerts: false, browserName: chrome, browserVersion: 87.0.4280.141, chrome: {chromedriverVersion: 87.0.4280.88 (89e2380a3e36c..., userDataDir: /var/folders/0s/4_d154xd6dq...}, goog:chromeOptions: {debuggerAddress: localhost:52855}, javascriptEnabled: true, networkConnectionEnabled: false, pageLoadStrategy: normal, platform: MAC, platformName: MAC, proxy: Proxy(), setWindowRect: true, strictFileInteractability: false, timeouts: {implicit: 0, pageLoad: 300000, script: 30000}, unhandledPromptBehavior: dismiss and notify, webauthn:virtualAuthenticators: true}
Session ID: c569d29177fb9554d5c39ca6f3ff7f26
	at org.openqa.selenium.remote.http.W3CHttpResponseCodec.createException(W3CHttpResponseCodec.java:187)
	at org.openqa.selenium.remote.http.W3CHttpResponseCodec.decode(W3CHttpResponseCodec.java:122)
	at org.openqa.selenium.remote.http.W3CHttpResponseCodec.decode(W3CHttpResponseCodec.java:49)
	at org.openqa.selenium.remote.HttpCommandExecutor.execute(HttpCommandExecutor.java:158)
	at org.openqa.selenium.remote.service.DriverCommandExecutor.execute(DriverCommandExecutor.java:83)
	at org.openqa.selenium.remote.RemoteWebDriver.execute(RemoteWebDriver.java:552)
	at com.kms.katalon.selenium.driver.CChromeDriver.execute(CChromeDriver.java:19)
	at org.openqa.selenium.remote.RemoteWebDriver.get(RemoteWebDriver.java:277)
	at org.openqa.selenium.remote.RemoteWebDriver$RemoteNavigation.to(RemoteWebDriver.java:857)
	at org.openqa.selenium.support.events.EventFiringWebDriver$EventFiringNavigation.to(EventFiringWebDriver.java:569)
	at com.kms.katalon.core.webui.keyword.builtin.NavigateToUrlKeyword$_navigateToUrl_closure1.doCall(NavigateToUrlKeyword.groovy:81)
	at com.kms.katalon.core.webui.keyword.builtin.NavigateToUrlKeyword$_navigateToUrl_closure1.call(NavigateToUrlKeyword.groovy)
	at com.kms.katalon.core.webui.keyword.internal.WebUIKeywordMain.runKeyword(WebUIKeywordMain.groovy:20)
	at com.kms.katalon.core.webui.keyword.builtin.NavigateToUrlKeyword.navigateToUrl(NavigateToUrlKeyword.groovy:83)
	at com.kms.katalon.core.webui.keyword.builtin.NavigateToUrlKeyword.execute(NavigateToUrlKeyword.groovy:67)
	at com.kms.katalon.core.keyword.internal.KeywordExecutor.executeKeywordForPlatform(KeywordExecutor.groovy:73)
	at com.kms.katalon.core.webui.keyword.WebUiBuiltInKeywords.navigateToUrl(WebUiBuiltInKeywords.groovy:183)
	at com.kms.katalon.core.webui.keyword.WebUiBuiltInKeywords$navigateToUrl$0.call(Unknown Source)
	at ist_real.Login_IST.go_to_ISTools_URL(Login_IST.groovy:83)
	at cucumber.runtime.Utils$1.call(Utils.java:26)
	at cucumber.runtime.Timeout.timeout(Timeout.java:16)
	at cucumber.runtime.Utils.invoke(Utils.java:20)
	at cucumber.runtime.java.JavaStepDefinition.execute(JavaStepDefinition.java:48)
	at cucumber.runtime.PickleStepDefinitionMatch.runStep(PickleStepDefinitionMatch.java:50)
	at cucumber.runner.TestStep.executeStep(TestStep.java:55)
	at cucumber.runner.TestStep.run(TestStep.java:42)
	at cucumber.runner.PickleStepTestStep.run(PickleStepTestStep.java:53)
	at cucumber.runner.TestCase.run(TestCase.java:47)
	at cucumber.runner.Runner.runPickle(Runner.java:44)
	at cucumber.runtime.Runtime.runFeature(Runtime.java:120)
	at cucumber.runtime.Runtime.run(Runtime.java:106)
	at cucumber.api.cli.Main.run(Main.java:35)
	at cucumber.api.cli.Main$run.call(Unknown Source)
	at com.kms.katalon.core.cucumber.keyword.CucumberBuiltinKeywords$_runFeatureFile_closure1.doCall(CucumberBuiltinKeywords.groovy:76)
	at com.kms.katalon.core.cucumber.keyword.CucumberBuiltinKeywords$_runFeatureFile_closure1.doCall(CucumberBuiltinKeywords.groovy)
	at com.kms.katalon.core.keyword.internal.KeywordMain.runKeyword(KeywordMain.groovy:68)
	at com.kms.katalon.core.keyword.internal.KeywordMain$runKeyword.call(Unknown Source)
	at com.kms.katalon.core.cucumber.keyword.CucumberBuiltinKeywords.runFeatureFile(CucumberBuiltinKeywords.groovy:46)
	at com.kms.katalon.core.cucumber.keyword.CucumberBuiltinKeywords$runFeatureFile$0.callStatic(Unknown Source)
	at com.kms.katalon.core.cucumber.keyword.CucumberBuiltinKeywords.runFeatureFile(CucumberBuiltinKeywords.groovy:169)
	at com.kms.katalon.core.cucumber.keyword.CucumberBuiltinKeywords$runFeatureFile.call(Unknown Source)
	at TC_Search_by_STATUS.run(TC_Search_by_STATUS:18)
	at com.kms.katalon.core.main.ScriptEngine.run(ScriptEngine.java:194)
	at com.kms.katalon.core.main.ScriptEngine.runScriptAsRawText(ScriptEngine.java:119)
	at com.kms.katalon.core.main.TestCaseExecutor.runScript(TestCaseExecutor.java:339)
	at com.kms.katalon.core.main.TestCaseExecutor.doExecute(TestCaseExecutor.java:330)
	at com.kms.katalon.core.main.TestCaseExecutor.processExecutionPhase(TestCaseExecutor.java:309)
	at com.kms.katalon.core.main.TestCaseExecutor.accessMainPhase(TestCaseExecutor.java:301)
	at com.kms.katalon.core.main.TestCaseExecutor.execute(TestCaseExecutor.java:235)
	at com.kms.katalon.core.main.TestSuiteExecutor.accessTestCaseMainPhase(TestSuiteExecutor.java:191)
	at com.kms.katalon.core.main.TestSuiteExecutor.accessTestSuiteMainPhase(TestSuiteExecutor.java:141)
	at com.kms.katalon.core.main.TestSuiteExecutor.execute(TestSuiteExecutor.java:90)
	at com.kms.katalon.core.main.TestCaseMain.startTestSuite(TestCaseMain.java:157)
	at com.kms.katalon.core.main.TestCaseMain$startTestSuite$0.call(Unknown Source)
	at TempTestSuite1611290386363.run(TempTestSuite1611290386363.groovy:39)


2021-01-22 12:43:12 - [TEST_STEP][FAILED] - Go to ISTools: Go to ISTools FAILED.
Reason:
com.kms.katalon.core.exception.StepFailedException: Unable to navigate to 'https://dev-istools.homecredit.id/foundation/'
	at com.kms.katalon.core.webui.keyword.internal.WebUIKeywordMain.stepFailed(WebUIKeywordMain.groovy:64)
	at com.kms.katalon.core.webui.keyword.internal.WebUIKeywordMain.runKeyword(WebUIKeywordMain.groovy:26)
	at com.kms.katalon.core.webui.keyword.builtin.NavigateToUrlKeyword.navigateToUrl(NavigateToUrlKeyword.groovy:83)
	at com.kms.katalon.core.webui.keyword.builtin.NavigateToUrlKeyword.execute(NavigateToUrlKeyword.groovy:67)
	at com.kms.katalon.core.keyword.internal.KeywordExecutor.executeKeywordForPlatform(KeywordExecutor.groovy:73)
	at com.kms.katalon.core.webui.keyword.WebUiBuiltInKeywords.navigateToUrl(WebUiBuiltInKeywords.groovy:183)
	at com.kms.katalon.core.webui.keyword.WebUiBuiltInKeywords$navigateToUrl$0.call(Unknown Source)
	at ist_real.Login_IST.go_to_ISTools_URL(Login_IST.groovy:83)
	at âœ½.Go to ISTools(/Users/chaidir.pratama01/Katalon Studio/IST_Automation_Git/Include/features/IST_Real/RTD/Partner_Disbursement/Search_by_STATUS.feature:151)
Caused by: org.openqa.selenium.WebDriverException: unknown error: net::ERR_CONNECTION_REFUSED
  (Session info: headless chrome=87.0.4280.141)
Build info: version: '3.141.59', revision: 'e82be7d358', time: '2018-11-14T08:25:53'
System info: host: 'M-Chaidir-Pratama.local', ip: 'fe80:0:0:0:14e4:ed6f:bc3b:fd01%en0', os.name: 'Mac OS X', os.arch: 'x86_64', os.version: '10.15', java.version: '1.8.0_181'
Driver info: com.kms.katalon.selenium.driver.CChromeDriver
Capabilities {acceptInsecureCerts: false, browserName: chrome, browserVersion: 87.0.4280.141, chrome: {chromedriverVersion: 87.0.4280.88 (89e2380a3e36c..., userDataDir: /var/folders/0s/4_d154xd6dq...}, goog:chromeOptions: {debuggerAddress: localhost:52855}, javascriptEnabled: true, networkConnectionEnabled: false, pageLoadStrategy: normal, platform: MAC, platformName: MAC, proxy: Proxy(), setWindowRect: true, strictFileInteractability: false, timeouts: {implicit: 0, pageLoad: 300000, script: 30000}, unhandledPromptBehavior: dismiss and notify, webauthn:virtualAuthenticators: true}
Session ID: c569d29177fb9554d5c39ca6f3ff7f26
	at org.openqa.selenium.remote.http.W3CHttpResponseCodec.createException(W3CHttpResponseCodec.java:187)
	at org.openqa.selenium.remote.http.W3CHttpResponseCodec.decode(W3CHttpResponseCodec.java:122)
	at org.openqa.selenium.remote.http.W3CHttpResponseCodec.decode(W3CHttpResponseCodec.java:49)
	at org.openqa.selenium.remote.HttpCommandExecutor.execute(HttpCommandExecutor.java:158)
	at org.openqa.selenium.remote.service.DriverCommandExecutor.execute(DriverCommandExecutor.java:83)
	at org.openqa.selenium.remote.RemoteWebDriver.execute(RemoteWebDriver.java:552)
	at com.kms.katalon.selenium.driver.CChromeDriver.execute(CChromeDriver.java:19)
	at org.openqa.selenium.remote.RemoteWebDriver.get(RemoteWebDriver.java:277)
	at org.openqa.selenium.remote.RemoteWebDriver$RemoteNavigation.to(RemoteWebDriver.java:857)
	at org.openqa.selenium.support.events.EventFiringWebDriver$EventFiringNavigation.to(EventFiringWebDriver.java:569)
	at com.kms.katalon.core.webui.keyword.builtin.NavigateToUrlKeyword$_navigateToUrl_closure1.doCall(NavigateToUrlKeyword.groovy:81)
	at com.kms.katalon.core.webui.keyword.builtin.NavigateToUrlKeyword$_navigateToUrl_closure1.call(NavigateToUrlKeyword.groovy)
	at com.kms.katalon.core.webui.keyword.internal.WebUIKeywordMain.runKeyword(WebUIKeywordMain.groovy:20)
	at com.kms.katalon.core.webui.keyword.builtin.NavigateToUrlKeyword.navigateToUrl(NavigateToUrlKeyword.groovy:83)
	at com.kms.katalon.core.webui.keyword.builtin.NavigateToUrlKeyword.execute(NavigateToUrlKeyword.groovy:67)
	at com.kms.katalon.core.keyword.internal.KeywordExecutor.executeKeywordForPlatform(KeywordExecutor.groovy:73)
	at com.kms.katalon.core.webui.keyword.WebUiBuiltInKeywords.navigateToUrl(WebUiBuiltInKeywords.groovy:183)
	at com.kms.katalon.core.webui.keyword.WebUiBuiltInKeywords$navigateToUrl$0.call(Unknown Source)
	at ist_real.Login_IST.go_to_ISTools_URL(Login_IST.groovy:83)
	at cucumber.runtime.Utils$1.call(Utils.java:26)
	at cucumber.runtime.Timeout.timeout(Timeout.java:16)
	at cucumber.runtime.Utils.invoke(Utils.java:20)
	at cucumber.runtime.java.JavaStepDefinition.execute(JavaStepDefinition.java:48)
	at cucumber.runtime.PickleStepDefinitionMatch.runStep(PickleStepDefinitionMatch.java:50)
	at cucumber.runner.TestStep.executeStep(TestStep.java:55)
	at cucumber.runner.TestStep.run(TestStep.java:42)
	at cucumber.runner.PickleStepTestStep.run(PickleStepTestStep.java:53)
	at cucumber.runner.TestCase.run(TestCase.java:47)
	at cucumber.runner.Runner.runPickle(Runner.java:44)
	at cucumber.runtime.Runtime.runFeature(Runtime.java:120)
	at cucumber.runtime.Runtime.run(Runtime.java:106)
	at cucumber.api.cli.Main.run(Main.java:35)
	at cucumber.api.cli.Main$run.call(Unknown Source)
	at com.kms.katalon.core.cucumber.keyword.CucumberBuiltinKeywords$_runFeatureFile_closure1.doCall(CucumberBuiltinKeywords.groovy:76)
	at com.kms.katalon.core.cucumber.keyword.CucumberBuiltinKeywords$_runFeatureFile_closure1.doCall(CucumberBuiltinKeywords.groovy)
	at com.kms.katalon.core.keyword.internal.KeywordMain.runKeyword(KeywordMain.groovy:68)
	at com.kms.katalon.core.keyword.internal.KeywordMain$runKeyword.call(Unknown Source)
	at com.kms.katalon.core.cucumber.keyword.CucumberBuiltinKeywords.runFeatureFile(CucumberBuiltinKeywords.groovy:46)
	at com.kms.katalon.core.cucumber.keyword.CucumberBuiltinKeywords$runFeatureFile$0.callStatic(Unknown Source)
	at com.kms.katalon.core.cucumber.keyword.CucumberBuiltinKeywords.runFeatureFile(CucumberBuiltinKeywords.groovy:169)
	at com.kms.katalon.core.cucumber.keyword.CucumberBuiltinKeywords$runFeatureFile.call(Unknown Source)
	at TC_Search_by_STATUS.run(TC_Search_by_STATUS:18)
	at com.kms.katalon.core.main.ScriptEngine.run(ScriptEngine.java:194)
	at com.kms.katalon.core.main.ScriptEngine.runScriptAsRawText(ScriptEngine.java:119)
	at com.kms.katalon.core.main.TestCaseExecutor.runScript(TestCaseExecutor.java:339)
	at com.kms.katalon.core.main.TestCaseExecutor.doExecute(TestCaseExecutor.java:330)
	at com.kms.katalon.core.main.TestCaseExecutor.processExecutionPhase(TestCaseExecutor.java:309)
	at com.kms.katalon.core.main.TestCaseExecutor.accessMainPhase(TestCaseExecutor.java:301)
	at com.kms.katalon.core.main.TestCaseExecutor.execute(TestCaseExecutor.java:235)
	at com.kms.katalon.core.main.TestSuiteExecutor.accessTestCaseMainPhase(TestSuiteExecutor.java:191)
	at com.kms.katalon.core.main.TestSuiteExecutor.accessTestSuiteMainPhase(TestSuiteExecutor.java:141)
	at com.kms.katalon.core.main.TestSuiteExecutor.execute(TestSuiteExecutor.java:90)
	at com.kms.katalon.core.main.TestCaseMain.startTestSuite(TestCaseMain.java:157)
	at com.kms.katalon.core.main.TestCaseMain$startTestSuite$0.call(Unknown Source)
	at TempTestSuite1611290386363.run(TempTestSuite1611290386363.groovy:39)


2021-01-22 12:43:12 - [MESSAGE][INFO] - Starting 'Chrome (headless)' driver

2021-01-22 12:43:12 - [MESSAGE][INFO] - User set preference: ['args', '[--start-maximized, --disable-gpu, --no-proxy-server, â€“-no-sandbox, --allow-running-insecure-content, --ignore-certificate-errors, window-size=1680,814, force-device-scale-factor=2, --lang=en-GB]']

2021-01-22 12:43:12 - [MESSAGE][INFO] - User set preference: ['prefs', '{download.default_directory=/Users/chaidir.pratama01/Katalon Studio/IST_Automation_Git/Download}']

2021-01-22 12:43:12 - [MESSAGE][INFO] - Action delay is set to 0 milliseconds

2021-01-22 12:43:13 - [MESSAGE][PASSED] - Browser is opened with url: ''

2021-01-22 12:43:50 - [MESSAGE][FAILED] - Unable to navigate to 'https://dev-istools.homecredit.id/foundation/' (Root cause: com.kms.katalon.core.exception.StepFailedException: Unable to navigate to 'https://dev-istools.homecredit.id/foundation/'
	at com.kms.katalon.core.webui.keyword.internal.WebUIKeywordMain.stepFailed(WebUIKeywordMain.groovy:64)
	at com.kms.katalon.core.webui.keyword.internal.WebUIKeywordMain.runKeyword(WebUIKeywordMain.groovy:26)
	at com.kms.katalon.core.webui.keyword.builtin.NavigateToUrlKeyword.navigateToUrl(NavigateToUrlKeyword.groovy:83)
	at com.kms.katalon.core.webui.keyword.builtin.NavigateToUrlKeyword.execute(NavigateToUrlKeyword.groovy:67)
	at com.kms.katalon.core.keyword.internal.KeywordExecutor.executeKeywordForPlatform(KeywordExecutor.groovy:73)
	at com.kms.katalon.core.webui.keyword.WebUiBuiltInKeywords.navigateToUrl(WebUiBuiltInKeywords.groovy:183)
	at com.kms.katalon.core.webui.keyword.WebUiBuiltInKeywords$navigateToUrl$0.call(Unknown Source)
	at ist_real.Login_IST.go_to_ISTools_URL(Login_IST.groovy:83)
	at cucumber.runtime.Utils$1.call(Utils.java:26)
	at cucumber.runtime.Timeout.timeout(Timeout.java:16)
	at cucumber.runtime.Utils.invoke(Utils.java:20)
	at cucumber.runtime.java.JavaStepDefinition.execute(JavaStepDefinition.java:48)
	at cucumber.runtime.PickleStepDefinitionMatch.runStep(PickleStepDefinitionMatch.java:50)
	at cucumber.runner.TestStep.executeStep(TestStep.java:55)
	at cucumber.runner.TestStep.run(TestStep.java:42)
	at cucumber.runner.PickleStepTestStep.run(PickleStepTestStep.java:53)
	at cucumber.runner.TestCase.run(TestCase.java:47)
	at cucumber.runner.Runner.runPickle(Runner.java:44)
	at cucumber.runtime.Runtime.runFeature(Runtime.java:120)
	at cucumber.runtime.Runtime.run(Runtime.java:106)
	at cucumber.api.cli.Main.run(Main.java:35)
	at cucumber.api.cli.Main$run.call(Unknown Source)
	at com.kms.katalon.core.cucumber.keyword.CucumberBuiltinKeywords$_runFeatureFile_closure1.doCall(CucumberBuiltinKeywords.groovy:76)
	at com.kms.katalon.core.cucumber.keyword.CucumberBuiltinKeywords$_runFeatureFile_closure1.doCall(CucumberBuiltinKeywords.groovy)
	at com.kms.katalon.core.keyword.internal.KeywordMain.runKeyword(KeywordMain.groovy:68)
	at com.kms.katalon.core.keyword.internal.KeywordMain$runKeyword.call(Unknown Source)
	at com.kms.katalon.core.cucumber.keyword.CucumberBuiltinKeywords.runFeatureFile(CucumberBuiltinKeywords.groovy:46)
	at com.kms.katalon.core.cucumber.keyword.CucumberBuiltinKeywords$runFeatureFile$0.callStatic(Unknown Source)
	at com.kms.katalon.core.cucumber.keyword.CucumberBuiltinKeywords.runFeatureFile(CucumberBuiltinKeywords.groovy:169)
	at com.kms.katalon.core.cucumber.keyword.CucumberBuiltinKeywords$runFeatureFile.call(Unknown Source)
	at TC_Search_by_STATUS.run(TC_Search_by_STATUS:18)
	at com.kms.katalon.core.main.ScriptEngine.run(ScriptEngine.java:194)
	at com.kms.katalon.core.main.ScriptEngine.runScriptAsRawText(ScriptEngine.java:119)
	at com.kms.katalon.core.main.TestCaseExecutor.runScript(TestCaseExecutor.java:339)
	at com.kms.katalon.core.main.TestCaseExecutor.doExecute(TestCaseExecutor.java:330)
	at com.kms.katalon.core.main.TestCaseExecutor.processExecutionPhase(TestCaseExecutor.java:309)
	at com.kms.katalon.core.main.TestCaseExecutor.accessMainPhase(TestCaseExecutor.java:301)
	at com.kms.katalon.core.main.TestCaseExecutor.execute(TestCaseExecutor.java:235)
	at com.kms.katalon.core.main.TestSuiteExecutor.accessTestCaseMainPhase(TestSuiteExecutor.java:191)
	at com.kms.katalon.core.main.TestSuiteExecutor.accessTestSuiteMainPhase(TestSuiteExecutor.java:141)
	at com.kms.katalon.core.main.TestSuiteExecutor.execute(TestSuiteExecutor.java:90)
	at com.kms.katalon.core.main.TestCaseMain.startTestSuite(TestCaseMain.java:157)
	at com.kms.katalon.core.main.TestCaseMain$startTestSuite$0.call(Unknown Source)
	at TempTestSuite1611290386363.run(TempTestSuite1611290386363.groovy:39)
Caused by: org.openqa.selenium.WebDriverException: unknown error: net::ERR_CONNECTION_REFUSED
  (Session info: headless chrome=87.0.4280.141)
Build info: version: '3.141.59', revision: 'e82be7d358', time: '2018-11-14T08:25:53'
System info: host: 'M-Chaidir-Pratama.local', ip: 'fe80:0:0:0:14e4:ed6f:bc3b:fd01%en0', os.name: 'Mac OS X', os.arch: 'x86_64', os.version: '10.15', java.version: '1.8.0_181'
Driver info: com.kms.katalon.selenium.driver.CChromeDriver
Capabilities {acceptInsecureCerts: false, browserName: chrome, browserVersion: 87.0.4280.141, chrome: {chromedriverVersion: 87.0.4280.88 (89e2380a3e36c..., userDataDir: /var/folders/0s/4_d154xd6dq...}, goog:chromeOptions: {debuggerAddress: localhost:52855}, javascriptEnabled: true, networkConnectionEnabled: false, pageLoadStrategy: normal, platform: MAC, platformName: MAC, proxy: Proxy(), setWindowRect: true, strictFileInteractability: false, timeouts: {implicit: 0, pageLoad: 300000, script: 30000}, unhandledPromptBehavior: dismiss and notify, webauthn:virtualAuthenticators: true}
Session ID: c569d29177fb9554d5c39ca6f3ff7f26
	at org.openqa.selenium.remote.http.W3CHttpResponseCodec.createException(W3CHttpResponseCodec.java:187)
	at org.openqa.selenium.remote.http.W3CHttpResponseCodec.decode(W3CHttpResponseCodec.java:122)
	at org.openqa.selenium.remote.http.W3CHttpResponseCodec.decode(W3CHttpResponseCodec.java:49)
	at org.openqa.selenium.remote.HttpCommandExecutor.execute(HttpCommandExecutor.java:158)
	at org.openqa.selenium.remote.service.DriverCommandExecutor.execute(DriverCommandExecutor.java:83)
	at org.openqa.selenium.remote.RemoteWebDriver.execute(RemoteWebDriver.java:552)
	at com.kms.katalon.selenium.driver.CChromeDriver.execute(CChromeDriver.java:19)
	at org.openqa.selenium.remote.RemoteWebDriver.get(RemoteWebDriver.java:277)
	at org.openqa.selenium.remote.RemoteWebDriver$RemoteNavigation.to(RemoteWebDriver.java:857)
	at org.openqa.selenium.support.events.EventFiringWebDriver$EventFiringNavigation.to(EventFiringWebDriver.java:569)
	at com.kms.katalon.core.webui.keyword.builtin.NavigateToUrlKeyword$_navigateToUrl_closure1.doCall(NavigateToUrlKeyword.groovy:81)
	at com.kms.katalon.core.webui.keyword.builtin.NavigateToUrlKeyword$_navigateToUrl_closure1.call(NavigateToUrlKeyword.groovy)
	at com.kms.katalon.core.webui.keyword.internal.WebUIKeywordMain.runKeyword(WebUIKeywordMain.groovy:20)
	at com.kms.katalon.core.webui.keyword.builtin.NavigateToUrlKeyword.navigateToUrl(NavigateToUrlKeyword.groovy:83)
	at com.kms.katalon.core.webui.keyword.builtin.NavigateToUrlKeyword.execute(NavigateToUrlKeyword.groovy:67)
	at com.kms.katalon.core.keyword.internal.KeywordExecutor.executeKeywordForPlatform(KeywordExecutor.groovy:73)
	at com.kms.katalon.core.webui.keyword.WebUiBuiltInKeywords.navigateToUrl(WebUiBuiltInKeywords.groovy:183)
	at com.kms.katalon.core.webui.keyword.WebUiBuiltInKeywords$navigateToUrl$0.call(Unknown Source)
	at ist_real.Login_IST.go_to_ISTools_URL(Login_IST.groovy:83)
	at cucumber.runtime.Utils$1.call(Utils.java:26)
	at cucumber.runtime.Timeout.timeout(Timeout.java:16)
	at cucumber.runtime.Utils.invoke(Utils.java:20)
	at cucumber.runtime.java.JavaStepDefinition.execute(JavaStepDefinition.java:48)
	at cucumber.runtime.PickleStepDefinitionMatch.runStep(PickleStepDefinitionMatch.java:50)
	at cucumber.runner.TestStep.executeStep(TestStep.java:55)
	at cucumber.runner.TestStep.run(TestStep.java:42)
	at cucumber.runner.PickleStepTestStep.run(PickleStepTestStep.java:53)
	at cucumber.runner.TestCase.run(TestCase.java:47)
	at cucumber.runner.Runner.runPickle(Runner.java:44)
	at cucumber.runtime.Runtime.runFeature(Runtime.java:120)
	at cucumber.runtime.Runtime.run(Runtime.java:106)
	at cucumber.api.cli.Main.run(Main.java:35)
	at cucumber.api.cli.Main$run.call(Unknown Source)
	at com.kms.katalon.core.cucumber.keyword.CucumberBuiltinKeywords$_runFeatureFile_closure1.doCall(CucumberBuiltinKeywords.groovy:76)
	at com.kms.katalon.core.cucumber.keyword.CucumberBuiltinKeywords$_runFeatureFile_closure1.doCall(CucumberBuiltinKeywords.groovy)
	at com.kms.katalon.core.keyword.internal.KeywordMain.runKeyword(KeywordMain.groovy:68)
	at com.kms.katalon.core.keyword.internal.KeywordMain$runKeyword.call(Unknown Source)
	at com.kms.katalon.core.cucumber.keyword.CucumberBuiltinKeywords.runFeatureFile(CucumberBuiltinKeywords.groovy:46)
	at com.kms.katalon.core.cucumber.keyword.CucumberBuiltinKeywords$runFeatureFile$0.callStatic(Unknown Source)
	at com.kms.katalon.core.cucumber.keyword.CucumberBuiltinKeywords.runFeatureFile(CucumberBuiltinKeywords.groovy:169)
	at com.kms.katalon.core.cucumber.keyword.CucumberBuiltinKeywords$runFeatureFile.call(Unknown Source)
	at Script1611043905720.run(Script1611043905720.groovy:18)
	... 13 more
)
[[ATTACHMENT|/Users/chaidir.pratama01/Katalon Studio/IST_Automation_Git/Reports/20210122_113940/RTD/TS_Partner_Disbursement/20210122_113946/1611294229456.png]]

2021-01-22 12:43:50 - [MESSAGE][FAILED] - Go to ISTools FAILED.
Reason:
com.kms.katalon.core.exception.StepFailedException: Unable to navigate to 'https://dev-istools.homecredit.id/foundation/'
	at com.kms.katalon.core.webui.keyword.internal.WebUIKeywordMain.stepFailed(WebUIKeywordMain.groovy:64)
	at com.kms.katalon.core.webui.keyword.internal.WebUIKeywordMain.runKeyword(WebUIKeywordMain.groovy:26)
	at com.kms.katalon.core.webui.keyword.builtin.NavigateToUrlKeyword.navigateToUrl(NavigateToUrlKeyword.groovy:83)
	at com.kms.katalon.core.webui.keyword.builtin.NavigateToUrlKeyword.execute(NavigateToUrlKeyword.groovy:67)
	at com.kms.katalon.core.keyword.internal.KeywordExecutor.executeKeywordForPlatform(KeywordExecutor.groovy:73)
	at com.kms.katalon.core.webui.keyword.WebUiBuiltInKeywords.navigateToUrl(WebUiBuiltInKeywords.groovy:183)
	at com.kms.katalon.core.webui.keyword.WebUiBuiltInKeywords$navigateToUrl$0.call(Unknown Source)
	at ist_real.Login_IST.go_to_ISTools_URL(Login_IST.groovy:83)
	at âœ½.Go to ISTools(/Users/chaidir.pratama01/Katalon Studio/IST_Automation_Git/Include/features/IST_Real/RTD/Partner_Disbursement/Search_by_STATUS.feature:151)
Caused by: org.openqa.selenium.WebDriverException: unknown error: net::ERR_CONNECTION_REFUSED
  (Session info: headless chrome=87.0.4280.141)
Build info: version: '3.141.59', revision: 'e82be7d358', time: '2018-11-14T08:25:53'
System info: host: 'M-Chaidir-Pratama.local', ip: 'fe80:0:0:0:14e4:ed6f:bc3b:fd01%en0', os.name: 'Mac OS X', os.arch: 'x86_64', os.version: '10.15', java.version: '1.8.0_181'
Driver info: com.kms.katalon.selenium.driver.CChromeDriver
Capabilities {acceptInsecureCerts: false, browserName: chrome, browserVersion: 87.0.4280.141, chrome: {chromedriverVersion: 87.0.4280.88 (89e2380a3e36c..., userDataDir: /var/folders/0s/4_d154xd6dq...}, goog:chromeOptions: {debuggerAddress: localhost:52855}, javascriptEnabled: true, networkConnectionEnabled: false, pageLoadStrategy: normal, platform: MAC, platformName: MAC, proxy: Proxy(), setWindowRect: true, strictFileInteractability: false, timeouts: {implicit: 0, pageLoad: 300000, script: 30000}, unhandledPromptBehavior: dismiss and notify, webauthn:virtualAuthenticators: true}
Session ID: c569d29177fb9554d5c39ca6f3ff7f26
	at org.openqa.selenium.remote.http.W3CHttpResponseCodec.createException(W3CHttpResponseCodec.java:187)
	at org.openqa.selenium.remote.http.W3CHttpResponseCodec.decode(W3CHttpResponseCodec.java:122)
	at org.openqa.selenium.remote.http.W3CHttpResponseCodec.decode(W3CHttpResponseCodec.java:49)
	at org.openqa.selenium.remote.HttpCommandExecutor.execute(HttpCommandExecutor.java:158)
	at org.openqa.selenium.remote.service.DriverCommandExecutor.execute(DriverCommandExecutor.java:83)
	at org.openqa.selenium.remote.RemoteWebDriver.execute(RemoteWebDriver.java:552)
	at com.kms.katalon.selenium.driver.CChromeDriver.execute(CChromeDriver.java:19)
	at org.openqa.selenium.remote.RemoteWebDriver.get(RemoteWebDriver.java:277)
	at org.openqa.selenium.remote.RemoteWebDriver$RemoteNavigation.to(RemoteWebDriver.java:857)
	at org.openqa.selenium.support.events.EventFiringWebDriver$EventFiringNavigation.to(EventFiringWebDriver.java:569)
	at com.kms.katalon.core.webui.keyword.builtin.NavigateToUrlKeyword$_navigateToUrl_closure1.doCall(NavigateToUrlKeyword.groovy:81)
	at com.kms.katalon.core.webui.keyword.builtin.NavigateToUrlKeyword$_navigateToUrl_closure1.call(NavigateToUrlKeyword.groovy)
	at com.kms.katalon.core.webui.keyword.internal.WebUIKeywordMain.runKeyword(WebUIKeywordMain.groovy:20)
	at com.kms.katalon.core.webui.keyword.builtin.NavigateToUrlKeyword.navigateToUrl(NavigateToUrlKeyword.groovy:83)
	at com.kms.katalon.core.webui.keyword.builtin.NavigateToUrlKeyword.execute(NavigateToUrlKeyword.groovy:67)
	at com.kms.katalon.core.keyword.internal.KeywordExecutor.executeKeywordForPlatform(KeywordExecutor.groovy:73)
	at com.kms.katalon.core.webui.keyword.WebUiBuiltInKeywords.navigateToUrl(WebUiBuiltInKeywords.groovy:183)
	at com.kms.katalon.core.webui.keyword.WebUiBuiltInKeywords$navigateToUrl$0.call(Unknown Source)
	at ist_real.Login_IST.go_to_ISTools_URL(Login_IST.groovy:83)
	at cucumber.runtime.Utils$1.call(Utils.java:26)
	at cucumber.runtime.Timeout.timeout(Timeout.java:16)
	at cucumber.runtime.Utils.invoke(Utils.java:20)
	at cucumber.runtime.java.JavaStepDefinition.execute(JavaStepDefinition.java:48)
	at cucumber.runtime.PickleStepDefinitionMatch.runStep(PickleStepDefinitionMatch.java:50)
	at cucumber.runner.TestStep.executeStep(TestStep.java:55)
	at cucumber.runner.TestStep.run(TestStep.java:42)
	at cucumber.runner.PickleStepTestStep.run(PickleStepTestStep.java:53)
	at cucumber.runner.TestCase.run(TestCase.java:47)
	at cucumber.runner.Runner.runPickle(Runner.java:44)
	at cucumber.runtime.Runtime.runFeature(Runtime.java:120)
	at cucumber.runtime.Runtime.run(Runtime.java:106)
	at cucumber.api.cli.Main.run(Main.java:35)
	at cucumber.api.cli.Main$run.call(Unknown Source)
	at com.kms.katalon.core.cucumber.keyword.CucumberBuiltinKeywords$_runFeatureFile_closure1.doCall(CucumberBuiltinKeywords.groovy:76)
	at com.kms.katalon.core.cucumber.keyword.CucumberBuiltinKeywords$_runFeatureFile_closure1.doCall(CucumberBuiltinKeywords.groovy)
	at com.kms.katalon.core.keyword.internal.KeywordMain.runKeyword(KeywordMain.groovy:68)
	at com.kms.katalon.core.keyword.internal.KeywordMain$runKeyword.call(Unknown Source)
	at com.kms.katalon.core.cucumber.keyword.CucumberBuiltinKeywords.runFeatureFile(CucumberBuiltinKeywords.groovy:46)
	at com.kms.katalon.core.cucumber.keyword.CucumberBuiltinKeywords$runFeatureFile$0.callStatic(Unknown Source)
	at com.kms.katalon.core.cucumber.keyword.CucumberBuiltinKeywords.runFeatureFile(CucumberBuiltinKeywords.groovy:169)
	at com.kms.katalon.core.cucumber.keyword.CucumberBuiltinKeywords$runFeatureFile.call(Unknown Source)
	at TC_Search_by_STATUS.run(TC_Search_by_STATUS:18)
	at com.kms.katalon.core.main.ScriptEngine.run(ScriptEngine.java:194)
	at com.kms.katalon.core.main.ScriptEngine.runScriptAsRawText(ScriptEngine.java:119)
	at com.kms.katalon.core.main.TestCaseExecutor.runScript(TestCaseExecutor.java:339)
	at com.kms.katalon.core.main.TestCaseExecutor.doExecute(TestCaseExecutor.java:330)
	at com.kms.katalon.core.main.TestCaseExecutor.processExecutionPhase(TestCaseExecutor.java:309)
	at com.kms.katalon.core.main.TestCaseExecutor.accessMainPhase(TestCaseExecutor.java:301)
	at com.kms.katalon.core.main.TestCaseExecutor.execute(TestCaseExecutor.java:235)
	at com.kms.katalon.core.main.TestSuiteExecutor.accessTestCaseMainPhase(TestSuiteExecutor.java:191)
	at com.kms.katalon.core.main.TestSuiteExecutor.accessTestSuiteMainPhase(TestSuiteExecutor.java:141)
	at com.kms.katalon.core.main.TestSuiteExecutor.execute(TestSuiteExecutor.java:90)
	at com.kms.katalon.core.main.TestCaseMain.startTestSuite(TestCaseMain.java:157)
	at com.kms.katalon.core.main.TestCaseMain$startTestSuite$0.call(Unknown Source)
	at TempTestSuite1611290386363.run(TempTestSuite1611290386363.groovy:39)


2021-01-22 12:43:50 - [TEST_STEP][NOT_RUN] - Login IST with valid credentials: Login IST with valid credentials

2021-01-22 12:43:50 - [MESSAGE][NOT_RUN] - Login IST with valid credentials

2021-01-22 12:43:50 - [TEST_STEP][NOT_RUN] - Login Success: Login Success

2021-01-22 12:43:50 - [MESSAGE][NOT_RUN] - Login Success

2021-01-22 12:43:50 - [TEST_STEP][NOT_RUN] - Select Arrow Menu "Real Time Disbursement": Select Arrow Menu "Real Time Disbursement"

2021-01-22 12:43:50 - [MESSAGE][NOT_RUN] - Select Arrow Menu "Real Time Disbursement"

2021-01-22 12:43:50 - [TEST_STEP][NOT_RUN] - Select Menu "Partner Disbursement": Select Menu "Partner Disbursement"

2021-01-22 12:43:50 - [MESSAGE][NOT_RUN] - Select Menu "Partner Disbursement"

2021-01-22 12:43:50 - [TEST_STEP][NOT_RUN] - Select STATUS "Manual Disbursement": Select STATUS "Manual Disbursement"

2021-01-22 12:43:50 - [MESSAGE][NOT_RUN] - Select STATUS "Manual Disbursement"

2021-01-22 12:43:50 - [TEST_STEP][NOT_RUN] - Click button "Search": Click button "Search"

2021-01-22 12:43:50 - [MESSAGE][NOT_RUN] - Click button "Search"

2021-01-22 12:43:50 - [TEST_STEP][NOT_RUN] - Verify Search Result Presents: Verify Search Result Presents

2021-01-22 12:43:50 - [MESSAGE][NOT_RUN] - Verify Search Result Presents

2021-01-22 12:43:50 - [TEST_STEP][NOT_RUN] - Click button "Logout": Click button "Logout"

2021-01-22 12:43:50 - [MESSAGE][NOT_RUN] - Click button "Logout"

2021-01-22 12:43:50 - [TEST_STEP][NOT_RUN] - Close browser: Close browser

2021-01-22 12:43:50 - [MESSAGE][NOT_RUN] - Close browser

2021-01-22 12:43:50 - [TEST_CASE][FAILED] - Start Test Case : SCENARIO Search by STATUS DONE: SCENARIO Search by STATUS DONE FAILED.
Reason:
com.kms.katalon.core.exception.StepFailedException: Unable to navigate to 'https://dev-istools.homecredit.id/foundation/'
	at com.kms.katalon.core.webui.keyword.internal.WebUIKeywordMain.stepFailed(WebUIKeywordMain.groovy:64)
	at com.kms.katalon.core.webui.keyword.internal.WebUIKeywordMain.runKeyword(WebUIKeywordMain.groovy:26)
	at com.kms.katalon.core.webui.keyword.builtin.NavigateToUrlKeyword.navigateToUrl(NavigateToUrlKeyword.groovy:83)
	at com.kms.katalon.core.webui.keyword.builtin.NavigateToUrlKeyword.execute(NavigateToUrlKeyword.groovy:67)
	at com.kms.katalon.core.keyword.internal.KeywordExecutor.executeKeywordForPlatform(KeywordExecutor.groovy:73)
	at com.kms.katalon.core.webui.keyword.WebUiBuiltInKeywords.navigateToUrl(WebUiBuiltInKeywords.groovy:183)
	at com.kms.katalon.core.webui.keyword.WebUiBuiltInKeywords$navigateToUrl$0.call(Unknown Source)
	at ist_real.Login_IST.go_to_ISTools_URL(Login_IST.groovy:83)
	at âœ½.Go to ISTools(/Users/chaidir.pratama01/Katalon Studio/IST_Automation_Git/Include/features/IST_Real/RTD/Partner_Disbursement/Search_by_STATUS.feature:165)
Caused by: org.openqa.selenium.WebDriverException: unknown error: net::ERR_CONNECTION_REFUSED
  (Session info: headless chrome=87.0.4280.141)
Build info: version: '3.141.59', revision: 'e82be7d358', time: '2018-11-14T08:25:53'
System info: host: 'M-Chaidir-Pratama.local', ip: 'fe80:0:0:0:14e4:ed6f:bc3b:fd01%en0', os.name: 'Mac OS X', os.arch: 'x86_64', os.version: '10.15', java.version: '1.8.0_181'
Driver info: com.kms.katalon.selenium.driver.CChromeDriver
Capabilities {acceptInsecureCerts: false, browserName: chrome, browserVersion: 87.0.4280.141, chrome: {chromedriverVersion: 87.0.4280.88 (89e2380a3e36c..., userDataDir: /var/folders/0s/4_d154xd6dq...}, goog:chromeOptions: {debuggerAddress: localhost:52889}, javascriptEnabled: true, networkConnectionEnabled: false, pageLoadStrategy: normal, platform: MAC, platformName: MAC, proxy: Proxy(), setWindowRect: true, strictFileInteractability: false, timeouts: {implicit: 0, pageLoad: 300000, script: 30000}, unhandledPromptBehavior: dismiss and notify, webauthn:virtualAuthenticators: true}
Session ID: a5ffb2c888b3e4d43981b53fe9050207
	at org.openqa.selenium.remote.http.W3CHttpResponseCodec.createException(W3CHttpResponseCodec.java:187)
	at org.openqa.selenium.remote.http.W3CHttpResponseCodec.decode(W3CHttpResponseCodec.java:122)
	at org.openqa.selenium.remote.http.W3CHttpResponseCodec.decode(W3CHttpResponseCodec.java:49)
	at org.openqa.selenium.remote.HttpCommandExecutor.execute(HttpCommandExecutor.java:158)
	at org.openqa.selenium.remote.service.DriverCommandExecutor.execute(DriverCommandExecutor.java:83)
	at org.openqa.selenium.remote.RemoteWebDriver.execute(RemoteWebDriver.java:552)
	at com.kms.katalon.selenium.driver.CChromeDriver.execute(CChromeDriver.java:19)
	at org.openqa.selenium.remote.RemoteWebDriver.get(RemoteWebDriver.java:277)
	at org.openqa.selenium.remote.RemoteWebDriver$RemoteNavigation.to(RemoteWebDriver.java:857)
	at org.openqa.selenium.support.events.EventFiringWebDriver$EventFiringNavigation.to(EventFiringWebDriver.java:569)
	at com.kms.katalon.core.webui.keyword.builtin.NavigateToUrlKeyword$_navigateToUrl_closure1.doCall(NavigateToUrlKeyword.groovy:81)
	at com.kms.katalon.core.webui.keyword.builtin.NavigateToUrlKeyword$_navigateToUrl_closure1.call(NavigateToUrlKeyword.groovy)
	at com.kms.katalon.core.webui.keyword.internal.WebUIKeywordMain.runKeyword(WebUIKeywordMain.groovy:20)
	at com.kms.katalon.core.webui.keyword.builtin.NavigateToUrlKeyword.navigateToUrl(NavigateToUrlKeyword.groovy:83)
	at com.kms.katalon.core.webui.keyword.builtin.NavigateToUrlKeyword.execute(NavigateToUrlKeyword.groovy:67)
	at com.kms.katalon.core.keyword.internal.KeywordExecutor.executeKeywordForPlatform(KeywordExecutor.groovy:73)
	at com.kms.katalon.core.webui.keyword.WebUiBuiltInKeywords.navigateToUrl(WebUiBuiltInKeywords.groovy:183)
	at com.kms.katalon.core.webui.keyword.WebUiBuiltInKeywords$navigateToUrl$0.call(Unknown Source)
	at ist_real.Login_IST.go_to_ISTools_URL(Login_IST.groovy:83)
	at cucumber.runtime.Utils$1.call(Utils.java:26)
	at cucumber.runtime.Timeout.timeout(Timeout.java:16)
	at cucumber.runtime.Utils.invoke(Utils.java:20)
	at cucumber.runtime.java.JavaStepDefinition.execute(JavaStepDefinition.java:48)
	at cucumber.runtime.PickleStepDefinitionMatch.runStep(PickleStepDefinitionMatch.java:50)
	at cucumber.runner.TestStep.executeStep(TestStep.java:55)
	at cucumber.runner.TestStep.run(TestStep.java:42)
	at cucumber.runner.PickleStepTestStep.run(PickleStepTestStep.java:53)
	at cucumber.runner.TestCase.run(TestCase.java:47)
	at cucumber.runner.Runner.runPickle(Runner.java:44)
	at cucumber.runtime.Runtime.runFeature(Runtime.java:120)
	at cucumber.runtime.Runtime.run(Runtime.java:106)
	at cucumber.api.cli.Main.run(Main.java:35)
	at cucumber.api.cli.Main$run.call(Unknown Source)
	at com.kms.katalon.core.cucumber.keyword.CucumberBuiltinKeywords$_runFeatureFile_closure1.doCall(CucumberBuiltinKeywords.groovy:76)
	at com.kms.katalon.core.cucumber.keyword.CucumberBuiltinKeywords$_runFeatureFile_closure1.doCall(CucumberBuiltinKeywords.groovy)
	at com.kms.katalon.core.keyword.internal.KeywordMain.runKeyword(KeywordMain.groovy:68)
	at com.kms.katalon.core.keyword.internal.KeywordMain$runKeyword.call(Unknown Source)
	at com.kms.katalon.core.cucumber.keyword.CucumberBuiltinKeywords.runFeatureFile(CucumberBuiltinKeywords.groovy:46)
	at com.kms.katalon.core.cucumber.keyword.CucumberBuiltinKeywords$runFeatureFile$0.callStatic(Unknown Source)
	at com.kms.katalon.core.cucumber.keyword.CucumberBuiltinKeywords.runFeatureFile(CucumberBuiltinKeywords.groovy:169)
	at com.kms.katalon.core.cucumber.keyword.CucumberBuiltinKeywords$runFeatureFile.call(Unknown Source)
	at TC_Search_by_STATUS.run(TC_Search_by_STATUS:18)
	at com.kms.katalon.core.main.ScriptEngine.run(ScriptEngine.java:194)
	at com.kms.katalon.core.main.ScriptEngine.runScriptAsRawText(ScriptEngine.java:119)
	at com.kms.katalon.core.main.TestCaseExecutor.runScript(TestCaseExecutor.java:339)
	at com.kms.katalon.core.main.TestCaseExecutor.doExecute(TestCaseExecutor.java:330)
	at com.kms.katalon.core.main.TestCaseExecutor.processExecutionPhase(TestCaseExecutor.java:309)
	at com.kms.katalon.core.main.TestCaseExecutor.accessMainPhase(TestCaseExecutor.java:301)
	at com.kms.katalon.core.main.TestCaseExecutor.execute(TestCaseExecutor.java:235)
	at com.kms.katalon.core.main.TestSuiteExecutor.accessTestCaseMainPhase(TestSuiteExecutor.java:191)
	at com.kms.katalon.core.main.TestSuiteExecutor.accessTestSuiteMainPhase(TestSuiteExecutor.java:141)
	at com.kms.katalon.core.main.TestSuiteExecutor.execute(TestSuiteExecutor.java:90)
	at com.kms.katalon.core.main.TestCaseMain.startTestSuite(TestCaseMain.java:157)
	at com.kms.katalon.core.main.TestCaseMain$startTestSuite$0.call(Unknown Source)
	at TempTestSuite1611290386363.run(TempTestSuite1611290386363.groovy:39)


2021-01-22 12:43:50 - [TEST_STEP][FAILED] - Go to ISTools: Go to ISTools FAILED.
Reason:
com.kms.katalon.core.exception.StepFailedException: Unable to navigate to 'https://dev-istools.homecredit.id/foundation/'
	at com.kms.katalon.core.webui.keyword.internal.WebUIKeywordMain.stepFailed(WebUIKeywordMain.groovy:64)
	at com.kms.katalon.core.webui.keyword.internal.WebUIKeywordMain.runKeyword(WebUIKeywordMain.groovy:26)
	at com.kms.katalon.core.webui.keyword.builtin.NavigateToUrlKeyword.navigateToUrl(NavigateToUrlKeyword.groovy:83)
	at com.kms.katalon.core.webui.keyword.builtin.NavigateToUrlKeyword.execute(NavigateToUrlKeyword.groovy:67)
	at com.kms.katalon.core.keyword.internal.KeywordExecutor.executeKeywordForPlatform(KeywordExecutor.groovy:73)
	at com.kms.katalon.core.webui.keyword.WebUiBuiltInKeywords.navigateToUrl(WebUiBuiltInKeywords.groovy:183)
	at com.kms.katalon.core.webui.keyword.WebUiBuiltInKeywords$navigateToUrl$0.call(Unknown Source)
	at ist_real.Login_IST.go_to_ISTools_URL(Login_IST.groovy:83)
	at âœ½.Go to ISTools(/Users/chaidir.pratama01/Katalon Studio/IST_Automation_Git/Include/features/IST_Real/RTD/Partner_Disbursement/Search_by_STATUS.feature:165)
Caused by: org.openqa.selenium.WebDriverException: unknown error: net::ERR_CONNECTION_REFUSED
  (Session info: headless chrome=87.0.4280.141)
Build info: version: '3.141.59', revision: 'e82be7d358', time: '2018-11-14T08:25:53'
System info: host: 'M-Chaidir-Pratama.local', ip: 'fe80:0:0:0:14e4:ed6f:bc3b:fd01%en0', os.name: 'Mac OS X', os.arch: 'x86_64', os.version: '10.15', java.version: '1.8.0_181'
Driver info: com.kms.katalon.selenium.driver.CChromeDriver
Capabilities {acceptInsecureCerts: false, browserName: chrome, browserVersion: 87.0.4280.141, chrome: {chromedriverVersion: 87.0.4280.88 (89e2380a3e36c..., userDataDir: /var/folders/0s/4_d154xd6dq...}, goog:chromeOptions: {debuggerAddress: localhost:52889}, javascriptEnabled: true, networkConnectionEnabled: false, pageLoadStrategy: normal, platform: MAC, platformName: MAC, proxy: Proxy(), setWindowRect: true, strictFileInteractability: false, timeouts: {implicit: 0, pageLoad: 300000, script: 30000}, unhandledPromptBehavior: dismiss and notify, webauthn:virtualAuthenticators: true}
Session ID: a5ffb2c888b3e4d43981b53fe9050207
	at org.openqa.selenium.remote.http.W3CHttpResponseCodec.createException(W3CHttpResponseCodec.java:187)
	at org.openqa.selenium.remote.http.W3CHttpResponseCodec.decode(W3CHttpResponseCodec.java:122)
	at org.openqa.selenium.remote.http.W3CHttpResponseCodec.decode(W3CHttpResponseCodec.java:49)
	at org.openqa.selenium.remote.HttpCommandExecutor.execute(HttpCommandExecutor.java:158)
	at org.openqa.selenium.remote.service.DriverCommandExecutor.execute(DriverCommandExecutor.java:83)
	at org.openqa.selenium.remote.RemoteWebDriver.execute(RemoteWebDriver.java:552)
	at com.kms.katalon.selenium.driver.CChromeDriver.execute(CChromeDriver.java:19)
	at org.openqa.selenium.remote.RemoteWebDriver.get(RemoteWebDriver.java:277)
	at org.openqa.selenium.remote.RemoteWebDriver$RemoteNavigation.to(RemoteWebDriver.java:857)
	at org.openqa.selenium.support.events.EventFiringWebDriver$EventFiringNavigation.to(EventFiringWebDriver.java:569)
	at com.kms.katalon.core.webui.keyword.builtin.NavigateToUrlKeyword$_navigateToUrl_closure1.doCall(NavigateToUrlKeyword.groovy:81)
	at com.kms.katalon.core.webui.keyword.builtin.NavigateToUrlKeyword$_navigateToUrl_closure1.call(NavigateToUrlKeyword.groovy)
	at com.kms.katalon.core.webui.keyword.internal.WebUIKeywordMain.runKeyword(WebUIKeywordMain.groovy:20)
	at com.kms.katalon.core.webui.keyword.builtin.NavigateToUrlKeyword.navigateToUrl(NavigateToUrlKeyword.groovy:83)
	at com.kms.katalon.core.webui.keyword.builtin.NavigateToUrlKeyword.execute(NavigateToUrlKeyword.groovy:67)
	at com.kms.katalon.core.keyword.internal.KeywordExecutor.executeKeywordForPlatform(KeywordExecutor.groovy:73)
	at com.kms.katalon.core.webui.keyword.WebUiBuiltInKeywords.navigateToUrl(WebUiBuiltInKeywords.groovy:183)
	at com.kms.katalon.core.webui.keyword.WebUiBuiltInKeywords$navigateToUrl$0.call(Unknown Source)
	at ist_real.Login_IST.go_to_ISTools_URL(Login_IST.groovy:83)
	at cucumber.runtime.Utils$1.call(Utils.java:26)
	at cucumber.runtime.Timeout.timeout(Timeout.java:16)
	at cucumber.runtime.Utils.invoke(Utils.java:20)
	at cucumber.runtime.java.JavaStepDefinition.execute(JavaStepDefinition.java:48)
	at cucumber.runtime.PickleStepDefinitionMatch.runStep(PickleStepDefinitionMatch.java:50)
	at cucumber.runner.TestStep.executeStep(TestStep.java:55)
	at cucumber.runner.TestStep.run(TestStep.java:42)
	at cucumber.runner.PickleStepTestStep.run(PickleStepTestStep.java:53)
	at cucumber.runner.TestCase.run(TestCase.java:47)
	at cucumber.runner.Runner.runPickle(Runner.java:44)
	at cucumber.runtime.Runtime.runFeature(Runtime.java:120)
	at cucumber.runtime.Runtime.run(Runtime.java:106)
	at cucumber.api.cli.Main.run(Main.java:35)
	at cucumber.api.cli.Main$run.call(Unknown Source)
	at com.kms.katalon.core.cucumber.keyword.CucumberBuiltinKeywords$_runFeatureFile_closure1.doCall(CucumberBuiltinKeywords.groovy:76)
	at com.kms.katalon.core.cucumber.keyword.CucumberBuiltinKeywords$_runFeatureFile_closure1.doCall(CucumberBuiltinKeywords.groovy)
	at com.kms.katalon.core.keyword.internal.KeywordMain.runKeyword(KeywordMain.groovy:68)
	at com.kms.katalon.core.keyword.internal.KeywordMain$runKeyword.call(Unknown Source)
	at com.kms.katalon.core.cucumber.keyword.CucumberBuiltinKeywords.runFeatureFile(CucumberBuiltinKeywords.groovy:46)
	at com.kms.katalon.core.cucumber.keyword.CucumberBuiltinKeywords$runFeatureFile$0.callStatic(Unknown Source)
	at com.kms.katalon.core.cucumber.keyword.CucumberBuiltinKeywords.runFeatureFile(CucumberBuiltinKeywords.groovy:169)
	at com.kms.katalon.core.cucumber.keyword.CucumberBuiltinKeywords$runFeatureFile.call(Unknown Source)
	at TC_Search_by_STATUS.run(TC_Search_by_STATUS:18)
	at com.kms.katalon.core.main.ScriptEngine.run(ScriptEngine.java:194)
	at com.kms.katalon.core.main.ScriptEngine.runScriptAsRawText(ScriptEngine.java:119)
	at com.kms.katalon.core.main.TestCaseExecutor.runScript(TestCaseExecutor.java:339)
	at com.kms.katalon.core.main.TestCaseExecutor.doExecute(TestCaseExecutor.java:330)
	at com.kms.katalon.core.main.TestCaseExecutor.processExecutionPhase(TestCaseExecutor.java:309)
	at com.kms.katalon.core.main.TestCaseExecutor.accessMainPhase(TestCaseExecutor.java:301)
	at com.kms.katalon.core.main.TestCaseExecutor.execute(TestCaseExecutor.java:235)
	at com.kms.katalon.core.main.TestSuiteExecutor.accessTestCaseMainPhase(TestSuiteExecutor.java:191)
	at com.kms.katalon.core.main.TestSuiteExecutor.accessTestSuiteMainPhase(TestSuiteExecutor.java:141)
	at com.kms.katalon.core.main.TestSuiteExecutor.execute(TestSuiteExecutor.java:90)
	at com.kms.katalon.core.main.TestCaseMain.startTestSuite(TestCaseMain.java:157)
	at com.kms.katalon.core.main.TestCaseMain$startTestSuite$0.call(Unknown Source)
	at TempTestSuite1611290386363.run(TempTestSuite1611290386363.groovy:39)


2021-01-22 12:43:51 - [MESSAGE][WARNING] - A browser is already opened. Closing browser and opening a new one

2021-01-22 12:43:51 - [MESSAGE][INFO] - Starting 'Chrome (headless)' driver

2021-01-22 12:43:51 - [MESSAGE][INFO] - User set preference: ['args', '[--start-maximized, --disable-gpu, --no-proxy-server, â€“-no-sandbox, --allow-running-insecure-content, --ignore-certificate-errors, window-size=1680,814, force-device-scale-factor=2, --lang=en-GB]']

2021-01-22 12:43:51 - [MESSAGE][INFO] - User set preference: ['prefs', '{download.default_directory=/Users/chaidir.pratama01/Katalon Studio/IST_Automation_Git/Download}']

2021-01-22 12:43:51 - [MESSAGE][INFO] - Action delay is set to 0 milliseconds

2021-01-22 12:43:52 - [MESSAGE][PASSED] - Browser is opened with url: ''

2021-01-22 12:44:00 - [MESSAGE][FAILED] - Unable to navigate to 'https://dev-istools.homecredit.id/foundation/' (Root cause: com.kms.katalon.core.exception.StepFailedException: Unable to navigate to 'https://dev-istools.homecredit.id/foundation/'
	at com.kms.katalon.core.webui.keyword.internal.WebUIKeywordMain.stepFailed(WebUIKeywordMain.groovy:64)
	at com.kms.katalon.core.webui.keyword.internal.WebUIKeywordMain.runKeyword(WebUIKeywordMain.groovy:26)
	at com.kms.katalon.core.webui.keyword.builtin.NavigateToUrlKeyword.navigateToUrl(NavigateToUrlKeyword.groovy:83)
	at com.kms.katalon.core.webui.keyword.builtin.NavigateToUrlKeyword.execute(NavigateToUrlKeyword.groovy:67)
	at com.kms.katalon.core.keyword.internal.KeywordExecutor.executeKeywordForPlatform(KeywordExecutor.groovy:73)
	at com.kms.katalon.core.webui.keyword.WebUiBuiltInKeywords.navigateToUrl(WebUiBuiltInKeywords.groovy:183)
	at com.kms.katalon.core.webui.keyword.WebUiBuiltInKeywords$navigateToUrl$0.call(Unknown Source)
	at ist_real.Login_IST.go_to_ISTools_URL(Login_IST.groovy:83)
	at cucumber.runtime.Utils$1.call(Utils.java:26)
	at cucumber.runtime.Timeout.timeout(Timeout.java:16)
	at cucumber.runtime.Utils.invoke(Utils.java:20)
	at cucumber.runtime.java.JavaStepDefinition.execute(JavaStepDefinition.java:48)
	at cucumber.runtime.PickleStepDefinitionMatch.runStep(PickleStepDefinitionMatch.java:50)
	at cucumber.runner.TestStep.executeStep(TestStep.java:55)
	at cucumber.runner.TestStep.run(TestStep.java:42)
	at cucumber.runner.PickleStepTestStep.run(PickleStepTestStep.java:53)
	at cucumber.runner.TestCase.run(TestCase.java:47)
	at cucumber.runner.Runner.runPickle(Runner.java:44)
	at cucumber.runtime.Runtime.runFeature(Runtime.java:120)
	at cucumber.runtime.Runtime.run(Runtime.java:106)
	at cucumber.api.cli.Main.run(Main.java:35)
	at cucumber.api.cli.Main$run.call(Unknown Source)
	at com.kms.katalon.core.cucumber.keyword.CucumberBuiltinKeywords$_runFeatureFile_closure1.doCall(CucumberBuiltinKeywords.groovy:76)
	at com.kms.katalon.core.cucumber.keyword.CucumberBuiltinKeywords$_runFeatureFile_closure1.doCall(CucumberBuiltinKeywords.groovy)
	at com.kms.katalon.core.keyword.internal.KeywordMain.runKeyword(KeywordMain.groovy:68)
	at com.kms.katalon.core.keyword.internal.KeywordMain$runKeyword.call(Unknown Source)
	at com.kms.katalon.core.cucumber.keyword.CucumberBuiltinKeywords.runFeatureFile(CucumberBuiltinKeywords.groovy:46)
	at com.kms.katalon.core.cucumber.keyword.CucumberBuiltinKeywords$runFeatureFile$0.callStatic(Unknown Source)
	at com.kms.katalon.core.cucumber.keyword.CucumberBuiltinKeywords.runFeatureFile(CucumberBuiltinKeywords.groovy:169)
	at com.kms.katalon.core.cucumber.keyword.CucumberBuiltinKeywords$runFeatureFile.call(Unknown Source)
	at TC_Search_by_STATUS.run(TC_Search_by_STATUS:18)
	at com.kms.katalon.core.main.ScriptEngine.run(ScriptEngine.java:194)
	at com.kms.katalon.core.main.ScriptEngine.runScriptAsRawText(ScriptEngine.java:119)
	at com.kms.katalon.core.main.TestCaseExecutor.runScript(TestCaseExecutor.java:339)
	at com.kms.katalon.core.main.TestCaseExecutor.doExecute(TestCaseExecutor.java:330)
	at com.kms.katalon.core.main.TestCaseExecutor.processExecutionPhase(TestCaseExecutor.java:309)
	at com.kms.katalon.core.main.TestCaseExecutor.accessMainPhase(TestCaseExecutor.java:301)
	at com.kms.katalon.core.main.TestCaseExecutor.execute(TestCaseExecutor.java:235)
	at com.kms.katalon.core.main.TestSuiteExecutor.accessTestCaseMainPhase(TestSuiteExecutor.java:191)
	at com.kms.katalon.core.main.TestSuiteExecutor.accessTestSuiteMainPhase(TestSuiteExecutor.java:141)
	at com.kms.katalon.core.main.TestSuiteExecutor.execute(TestSuiteExecutor.java:90)
	at com.kms.katalon.core.main.TestCaseMain.startTestSuite(TestCaseMain.java:157)
	at com.kms.katalon.core.main.TestCaseMain$startTestSuite$0.call(Unknown Source)
	at TempTestSuite1611290386363.run(TempTestSuite1611290386363.groovy:39)
Caused by: org.openqa.selenium.WebDriverException: unknown error: net::ERR_CONNECTION_REFUSED
  (Session info: headless chrome=87.0.4280.141)
Build info: version: '3.141.59', revision: 'e82be7d358', time: '2018-11-14T08:25:53'
System info: host: 'M-Chaidir-Pratama.local', ip: 'fe80:0:0:0:14e4:ed6f:bc3b:fd01%en0', os.name: 'Mac OS X', os.arch: 'x86_64', os.version: '10.15', java.version: '1.8.0_181'
Driver info: com.kms.katalon.selenium.driver.CChromeDriver
Capabilities {acceptInsecureCerts: false, browserName: chrome, browserVersion: 87.0.4280.141, chrome: {chromedriverVersion: 87.0.4280.88 (89e2380a3e36c..., userDataDir: /var/folders/0s/4_d154xd6dq...}, goog:chromeOptions: {debuggerAddress: localhost:52889}, javascriptEnabled: true, networkConnectionEnabled: false, pageLoadStrategy: normal, platform: MAC, platformName: MAC, proxy: Proxy(), setWindowRect: true, strictFileInteractability: false, timeouts: {implicit: 0, pageLoad: 300000, script: 30000}, unhandledPromptBehavior: dismiss and notify, webauthn:virtualAuthenticators: true}
Session ID: a5ffb2c888b3e4d43981b53fe9050207
	at org.openqa.selenium.remote.http.W3CHttpResponseCodec.createException(W3CHttpResponseCodec.java:187)
	at org.openqa.selenium.remote.http.W3CHttpResponseCodec.decode(W3CHttpResponseCodec.java:122)
	at org.openqa.selenium.remote.http.W3CHttpResponseCodec.decode(W3CHttpResponseCodec.java:49)
	at org.openqa.selenium.remote.HttpCommandExecutor.execute(HttpCommandExecutor.java:158)
	at org.openqa.selenium.remote.service.DriverCommandExecutor.execute(DriverCommandExecutor.java:83)
	at org.openqa.selenium.remote.RemoteWebDriver.execute(RemoteWebDriver.java:552)
	at com.kms.katalon.selenium.driver.CChromeDriver.execute(CChromeDriver.java:19)
	at org.openqa.selenium.remote.RemoteWebDriver.get(RemoteWebDriver.java:277)
	at org.openqa.selenium.remote.RemoteWebDriver$RemoteNavigation.to(RemoteWebDriver.java:857)
	at org.openqa.selenium.support.events.EventFiringWebDriver$EventFiringNavigation.to(EventFiringWebDriver.java:569)
	at com.kms.katalon.core.webui.keyword.builtin.NavigateToUrlKeyword$_navigateToUrl_closure1.doCall(NavigateToUrlKeyword.groovy:81)
	at com.kms.katalon.core.webui.keyword.builtin.NavigateToUrlKeyword$_navigateToUrl_closure1.call(NavigateToUrlKeyword.groovy)
	at com.kms.katalon.core.webui.keyword.internal.WebUIKeywordMain.runKeyword(WebUIKeywordMain.groovy:20)
	at com.kms.katalon.core.webui.keyword.builtin.NavigateToUrlKeyword.navigateToUrl(NavigateToUrlKeyword.groovy:83)
	at com.kms.katalon.core.webui.keyword.builtin.NavigateToUrlKeyword.execute(NavigateToUrlKeyword.groovy:67)
	at com.kms.katalon.core.keyword.internal.KeywordExecutor.executeKeywordForPlatform(KeywordExecutor.groovy:73)
	at com.kms.katalon.core.webui.keyword.WebUiBuiltInKeywords.navigateToUrl(WebUiBuiltInKeywords.groovy:183)
	at com.kms.katalon.core.webui.keyword.WebUiBuiltInKeywords$navigateToUrl$0.call(Unknown Source)
	at ist_real.Login_IST.go_to_ISTools_URL(Login_IST.groovy:83)
	at cucumber.runtime.Utils$1.call(Utils.java:26)
	at cucumber.runtime.Timeout.timeout(Timeout.java:16)
	at cucumber.runtime.Utils.invoke(Utils.java:20)
	at cucumber.runtime.java.JavaStepDefinition.execute(JavaStepDefinition.java:48)
	at cucumber.runtime.PickleStepDefinitionMatch.runStep(PickleStepDefinitionMatch.java:50)
	at cucumber.runner.TestStep.executeStep(TestStep.java:55)
	at cucumber.runner.TestStep.run(TestStep.java:42)
	at cucumber.runner.PickleStepTestStep.run(PickleStepTestStep.java:53)
	at cucumber.runner.TestCase.run(TestCase.java:47)
	at cucumber.runner.Runner.runPickle(Runner.java:44)
	at cucumber.runtime.Runtime.runFeature(Runtime.java:120)
	at cucumber.runtime.Runtime.run(Runtime.java:106)
	at cucumber.api.cli.Main.run(Main.java:35)
	at cucumber.api.cli.Main$run.call(Unknown Source)
	at com.kms.katalon.core.cucumber.keyword.CucumberBuiltinKeywords$_runFeatureFile_closure1.doCall(CucumberBuiltinKeywords.groovy:76)
	at com.kms.katalon.core.cucumber.keyword.CucumberBuiltinKeywords$_runFeatureFile_closure1.doCall(CucumberBuiltinKeywords.groovy)
	at com.kms.katalon.core.keyword.internal.KeywordMain.runKeyword(KeywordMain.groovy:68)
	at com.kms.katalon.core.keyword.internal.KeywordMain$runKeyword.call(Unknown Source)
	at com.kms.katalon.core.cucumber.keyword.CucumberBuiltinKeywords.runFeatureFile(CucumberBuiltinKeywords.groovy:46)
	at com.kms.katalon.core.cucumber.keyword.CucumberBuiltinKeywords$runFeatureFile$0.callStatic(Unknown Source)
	at com.kms.katalon.core.cucumber.keyword.CucumberBuiltinKeywords.runFeatureFile(CucumberBuiltinKeywords.groovy:169)
	at com.kms.katalon.core.cucumber.keyword.CucumberBuiltinKeywords$runFeatureFile.call(Unknown Source)
	at Script1611043905720.run(Script1611043905720.groovy:18)
	... 13 more
)
[[ATTACHMENT|/Users/chaidir.pratama01/Katalon Studio/IST_Automation_Git/Reports/20210122_113940/RTD/TS_Partner_Disbursement/20210122_113946/1611294239482.png]]

2021-01-22 12:44:00 - [MESSAGE][FAILED] - Go to ISTools FAILED.
Reason:
com.kms.katalon.core.exception.StepFailedException: Unable to navigate to 'https://dev-istools.homecredit.id/foundation/'
	at com.kms.katalon.core.webui.keyword.internal.WebUIKeywordMain.stepFailed(WebUIKeywordMain.groovy:64)
	at com.kms.katalon.core.webui.keyword.internal.WebUIKeywordMain.runKeyword(WebUIKeywordMain.groovy:26)
	at com.kms.katalon.core.webui.keyword.builtin.NavigateToUrlKeyword.navigateToUrl(NavigateToUrlKeyword.groovy:83)
	at com.kms.katalon.core.webui.keyword.builtin.NavigateToUrlKeyword.execute(NavigateToUrlKeyword.groovy:67)
	at com.kms.katalon.core.keyword.internal.KeywordExecutor.executeKeywordForPlatform(KeywordExecutor.groovy:73)
	at com.kms.katalon.core.webui.keyword.WebUiBuiltInKeywords.navigateToUrl(WebUiBuiltInKeywords.groovy:183)
	at com.kms.katalon.core.webui.keyword.WebUiBuiltInKeywords$navigateToUrl$0.call(Unknown Source)
	at ist_real.Login_IST.go_to_ISTools_URL(Login_IST.groovy:83)
	at âœ½.Go to ISTools(/Users/chaidir.pratama01/Katalon Studio/IST_Automation_Git/Include/features/IST_Real/RTD/Partner_Disbursement/Search_by_STATUS.feature:165)
Caused by: org.openqa.selenium.WebDriverException: unknown error: net::ERR_CONNECTION_REFUSED
  (Session info: headless chrome=87.0.4280.141)
Build info: version: '3.141.59', revision: 'e82be7d358', time: '2018-11-14T08:25:53'
System info: host: 'M-Chaidir-Pratama.local', ip: 'fe80:0:0:0:14e4:ed6f:bc3b:fd01%en0', os.name: 'Mac OS X', os.arch: 'x86_64', os.version: '10.15', java.version: '1.8.0_181'
Driver info: com.kms.katalon.selenium.driver.CChromeDriver
Capabilities {acceptInsecureCerts: false, browserName: chrome, browserVersion: 87.0.4280.141, chrome: {chromedriverVersion: 87.0.4280.88 (89e2380a3e36c..., userDataDir: /var/folders/0s/4_d154xd6dq...}, goog:chromeOptions: {debuggerAddress: localhost:52889}, javascriptEnabled: true, networkConnectionEnabled: false, pageLoadStrategy: normal, platform: MAC, platformName: MAC, proxy: Proxy(), setWindowRect: true, strictFileInteractability: false, timeouts: {implicit: 0, pageLoad: 300000, script: 30000}, unhandledPromptBehavior: dismiss and notify, webauthn:virtualAuthenticators: true}
Session ID: a5ffb2c888b3e4d43981b53fe9050207
	at org.openqa.selenium.remote.http.W3CHttpResponseCodec.createException(W3CHttpResponseCodec.java:187)
	at org.openqa.selenium.remote.http.W3CHttpResponseCodec.decode(W3CHttpResponseCodec.java:122)
	at org.openqa.selenium.remote.http.W3CHttpResponseCodec.decode(W3CHttpResponseCodec.java:49)
	at org.openqa.selenium.remote.HttpCommandExecutor.execute(HttpCommandExecutor.java:158)
	at org.openqa.selenium.remote.service.DriverCommandExecutor.execute(DriverCommandExecutor.java:83)
	at org.openqa.selenium.remote.RemoteWebDriver.execute(RemoteWebDriver.java:552)
	at com.kms.katalon.selenium.driver.CChromeDriver.execute(CChromeDriver.java:19)
	at org.openqa.selenium.remote.RemoteWebDriver.get(RemoteWebDriver.java:277)
	at org.openqa.selenium.remote.RemoteWebDriver$RemoteNavigation.to(RemoteWebDriver.java:857)
	at org.openqa.selenium.support.events.EventFiringWebDriver$EventFiringNavigation.to(EventFiringWebDriver.java:569)
	at com.kms.katalon.core.webui.keyword.builtin.NavigateToUrlKeyword$_navigateToUrl_closure1.doCall(NavigateToUrlKeyword.groovy:81)
	at com.kms.katalon.core.webui.keyword.builtin.NavigateToUrlKeyword$_navigateToUrl_closure1.call(NavigateToUrlKeyword.groovy)
	at com.kms.katalon.core.webui.keyword.internal.WebUIKeywordMain.runKeyword(WebUIKeywordMain.groovy:20)
	at com.kms.katalon.core.webui.keyword.builtin.NavigateToUrlKeyword.navigateToUrl(NavigateToUrlKeyword.groovy:83)
	at com.kms.katalon.core.webui.keyword.builtin.NavigateToUrlKeyword.execute(NavigateToUrlKeyword.groovy:67)
	at com.kms.katalon.core.keyword.internal.KeywordExecutor.executeKeywordForPlatform(KeywordExecutor.groovy:73)
	at com.kms.katalon.core.webui.keyword.WebUiBuiltInKeywords.navigateToUrl(WebUiBuiltInKeywords.groovy:183)
	at com.kms.katalon.core.webui.keyword.WebUiBuiltInKeywords$navigateToUrl$0.call(Unknown Source)
	at ist_real.Login_IST.go_to_ISTools_URL(Login_IST.groovy:83)
	at cucumber.runtime.Utils$1.call(Utils.java:26)
	at cucumber.runtime.Timeout.timeout(Timeout.java:16)
	at cucumber.runtime.Utils.invoke(Utils.java:20)
	at cucumber.runtime.java.JavaStepDefinition.execute(JavaStepDefinition.java:48)
	at cucumber.runtime.PickleStepDefinitionMatch.runStep(PickleStepDefinitionMatch.java:50)
	at cucumber.runner.TestStep.executeStep(TestStep.java:55)
	at cucumber.runner.TestStep.run(TestStep.java:42)
	at cucumber.runner.PickleStepTestStep.run(PickleStepTestStep.java:53)
	at cucumber.runner.TestCase.run(TestCase.java:47)
	at cucumber.runner.Runner.runPickle(Runner.java:44)
	at cucumber.runtime.Runtime.runFeature(Runtime.java:120)
	at cucumber.runtime.Runtime.run(Runtime.java:106)
	at cucumber.api.cli.Main.run(Main.java:35)
	at cucumber.api.cli.Main$run.call(Unknown Source)
	at com.kms.katalon.core.cucumber.keyword.CucumberBuiltinKeywords$_runFeatureFile_closure1.doCall(CucumberBuiltinKeywords.groovy:76)
	at com.kms.katalon.core.cucumber.keyword.CucumberBuiltinKeywords$_runFeatureFile_closure1.doCall(CucumberBuiltinKeywords.groovy)
	at com.kms.katalon.core.keyword.internal.KeywordMain.runKeyword(KeywordMain.groovy:68)
	at com.kms.katalon.core.keyword.internal.KeywordMain$runKeyword.call(Unknown Source)
	at com.kms.katalon.core.cucumber.keyword.CucumberBuiltinKeywords.runFeatureFile(CucumberBuiltinKeywords.groovy:46)
	at com.kms.katalon.core.cucumber.keyword.CucumberBuiltinKeywords$runFeatureFile$0.callStatic(Unknown Source)
	at com.kms.katalon.core.cucumber.keyword.CucumberBuiltinKeywords.runFeatureFile(CucumberBuiltinKeywords.groovy:169)
	at com.kms.katalon.core.cucumber.keyword.CucumberBuiltinKeywords$runFeatureFile.call(Unknown Source)
	at TC_Search_by_STATUS.run(TC_Search_by_STATUS:18)
	at com.kms.katalon.core.main.ScriptEngine.run(ScriptEngine.java:194)
	at com.kms.katalon.core.main.ScriptEngine.runScriptAsRawText(ScriptEngine.java:119)
	at com.kms.katalon.core.main.TestCaseExecutor.runScript(TestCaseExecutor.java:339)
	at com.kms.katalon.core.main.TestCaseExecutor.doExecute(TestCaseExecutor.java:330)
	at com.kms.katalon.core.main.TestCaseExecutor.processExecutionPhase(TestCaseExecutor.java:309)
	at com.kms.katalon.core.main.TestCaseExecutor.accessMainPhase(TestCaseExecutor.java:301)
	at com.kms.katalon.core.main.TestCaseExecutor.execute(TestCaseExecutor.java:235)
	at com.kms.katalon.core.main.TestSuiteExecutor.accessTestCaseMainPhase(TestSuiteExecutor.java:191)
	at com.kms.katalon.core.main.TestSuiteExecutor.accessTestSuiteMainPhase(TestSuiteExecutor.java:141)
	at com.kms.katalon.core.main.TestSuiteExecutor.execute(TestSuiteExecutor.java:90)
	at com.kms.katalon.core.main.TestCaseMain.startTestSuite(TestCaseMain.java:157)
	at com.kms.katalon.core.main.TestCaseMain$startTestSuite$0.call(Unknown Source)
	at TempTestSuite1611290386363.run(TempTestSuite1611290386363.groovy:39)


2021-01-22 12:44:00 - [TEST_STEP][NOT_RUN] - Login IST with valid credentials: Login IST with valid credentials

2021-01-22 12:44:00 - [MESSAGE][NOT_RUN] - Login IST with valid credentials

2021-01-22 12:44:00 - [TEST_STEP][NOT_RUN] - Login Success: Login Success

2021-01-22 12:44:00 - [MESSAGE][NOT_RUN] - Login Success

2021-01-22 12:44:00 - [TEST_STEP][NOT_RUN] - Select Arrow Menu "Real Time Disbursement": Select Arrow Menu "Real Time Disbursement"

2021-01-22 12:44:00 - [MESSAGE][NOT_RUN] - Select Arrow Menu "Real Time Disbursement"

2021-01-22 12:44:00 - [TEST_STEP][NOT_RUN] - Select Menu "Partner Disbursement": Select Menu "Partner Disbursement"

2021-01-22 12:44:00 - [MESSAGE][NOT_RUN] - Select Menu "Partner Disbursement"

2021-01-22 12:44:00 - [TEST_STEP][NOT_RUN] - Select STATUS "DONE": Select STATUS "DONE"

2021-01-22 12:44:00 - [MESSAGE][NOT_RUN] - Select STATUS "DONE"

2021-01-22 12:44:00 - [TEST_STEP][NOT_RUN] - Click button "Search": Click button "Search"

2021-01-22 12:44:00 - [MESSAGE][NOT_RUN] - Click button "Search"

2021-01-22 12:44:00 - [TEST_STEP][NOT_RUN] - Verify Search Result Presents: Verify Search Result Presents

2021-01-22 12:44:00 - [MESSAGE][NOT_RUN] - Verify Search Result Presents

2021-01-22 12:44:00 - [TEST_STEP][NOT_RUN] - Click button "Logout": Click button "Logout"

2021-01-22 12:44:00 - [MESSAGE][NOT_RUN] - Click button "Logout"

2021-01-22 12:44:00 - [TEST_STEP][NOT_RUN] - Close browser: Close browser

2021-01-22 12:44:00 - [MESSAGE][NOT_RUN] - Close browser

2021-01-22 12:44:01 - [TEST_CASE][FAILED] - Start Test Case : SCENARIO Search by STATUS Waiting Partner Confirmation: SCENARIO Search by STATUS Waiting Partner Confirmation FAILED.
Reason:
com.kms.katalon.core.exception.StepFailedException: Unable to navigate to 'https://dev-istools.homecredit.id/foundation/'
	at com.kms.katalon.core.webui.keyword.internal.WebUIKeywordMain.stepFailed(WebUIKeywordMain.groovy:64)
	at com.kms.katalon.core.webui.keyword.internal.WebUIKeywordMain.runKeyword(WebUIKeywordMain.groovy:26)
	at com.kms.katalon.core.webui.keyword.builtin.NavigateToUrlKeyword.navigateToUrl(NavigateToUrlKeyword.groovy:83)
	at com.kms.katalon.core.webui.keyword.builtin.NavigateToUrlKeyword.execute(NavigateToUrlKeyword.groovy:67)
	at com.kms.katalon.core.keyword.internal.KeywordExecutor.executeKeywordForPlatform(KeywordExecutor.groovy:73)
	at com.kms.katalon.core.webui.keyword.WebUiBuiltInKeywords.navigateToUrl(WebUiBuiltInKeywords.groovy:183)
	at com.kms.katalon.core.webui.keyword.WebUiBuiltInKeywords$navigateToUrl$0.call(Unknown Source)
	at ist_real.Login_IST.go_to_ISTools_URL(Login_IST.groovy:83)
	at âœ½.Go to ISTools(/Users/chaidir.pratama01/Katalon Studio/IST_Automation_Git/Include/features/IST_Real/RTD/Partner_Disbursement/Search_by_STATUS.feature:179)
Caused by: org.openqa.selenium.WebDriverException: unknown error: net::ERR_CONNECTION_REFUSED
  (Session info: headless chrome=87.0.4280.141)
Build info: version: '3.141.59', revision: 'e82be7d358', time: '2018-11-14T08:25:53'
System info: host: 'M-Chaidir-Pratama.local', ip: 'fe80:0:0:0:14e4:ed6f:bc3b:fd01%en0', os.name: 'Mac OS X', os.arch: 'x86_64', os.version: '10.15', java.version: '1.8.0_181'
Driver info: com.kms.katalon.selenium.driver.CChromeDriver
Capabilities {acceptInsecureCerts: false, browserName: chrome, browserVersion: 87.0.4280.141, chrome: {chromedriverVersion: 87.0.4280.88 (89e2380a3e36c..., userDataDir: /var/folders/0s/4_d154xd6dq...}, goog:chromeOptions: {debuggerAddress: localhost:52910}, javascriptEnabled: true, networkConnectionEnabled: false, pageLoadStrategy: normal, platform: MAC, platformName: MAC, proxy: Proxy(), setWindowRect: true, strictFileInteractability: false, timeouts: {implicit: 0, pageLoad: 300000, script: 30000}, unhandledPromptBehavior: dismiss and notify, webauthn:virtualAuthenticators: true}
Session ID: 3e1d724e3f313b480eb6d67f6d4c26e0
	at org.openqa.selenium.remote.http.W3CHttpResponseCodec.createException(W3CHttpResponseCodec.java:187)
	at org.openqa.selenium.remote.http.W3CHttpResponseCodec.decode(W3CHttpResponseCodec.java:122)
	at org.openqa.selenium.remote.http.W3CHttpResponseCodec.decode(W3CHttpResponseCodec.java:49)
	at org.openqa.selenium.remote.HttpCommandExecutor.execute(HttpCommandExecutor.java:158)
	at org.openqa.selenium.remote.service.DriverCommandExecutor.execute(DriverCommandExecutor.java:83)
	at org.openqa.selenium.remote.RemoteWebDriver.execute(RemoteWebDriver.java:552)
	at com.kms.katalon.selenium.driver.CChromeDriver.execute(CChromeDriver.java:19)
	at org.openqa.selenium.remote.RemoteWebDriver.get(RemoteWebDriver.java:277)
	at org.openqa.selenium.remote.RemoteWebDriver$RemoteNavigation.to(RemoteWebDriver.java:857)
	at org.openqa.selenium.support.events.EventFiringWebDriver$EventFiringNavigation.to(EventFiringWebDriver.java:569)
	at com.kms.katalon.core.webui.keyword.builtin.NavigateToUrlKeyword$_navigateToUrl_closure1.doCall(NavigateToUrlKeyword.groovy:81)
	at com.kms.katalon.core.webui.keyword.builtin.NavigateToUrlKeyword$_navigateToUrl_closure1.call(NavigateToUrlKeyword.groovy)
	at com.kms.katalon.core.webui.keyword.internal.WebUIKeywordMain.runKeyword(WebUIKeywordMain.groovy:20)
	at com.kms.katalon.core.webui.keyword.builtin.NavigateToUrlKeyword.navigateToUrl(NavigateToUrlKeyword.groovy:83)
	at com.kms.katalon.core.webui.keyword.builtin.NavigateToUrlKeyword.execute(NavigateToUrlKeyword.groovy:67)
	at com.kms.katalon.core.keyword.internal.KeywordExecutor.executeKeywordForPlatform(KeywordExecutor.groovy:73)
	at com.kms.katalon.core.webui.keyword.WebUiBuiltInKeywords.navigateToUrl(WebUiBuiltInKeywords.groovy:183)
	at com.kms.katalon.core.webui.keyword.WebUiBuiltInKeywords$navigateToUrl$0.call(Unknown Source)
	at ist_real.Login_IST.go_to_ISTools_URL(Login_IST.groovy:83)
	at cucumber.runtime.Utils$1.call(Utils.java:26)
	at cucumber.runtime.Timeout.timeout(Timeout.java:16)
	at cucumber.runtime.Utils.invoke(Utils.java:20)
	at cucumber.runtime.java.JavaStepDefinition.execute(JavaStepDefinition.java:48)
	at cucumber.runtime.PickleStepDefinitionMatch.runStep(PickleStepDefinitionMatch.java:50)
	at cucumber.runner.TestStep.executeStep(TestStep.java:55)
	at cucumber.runner.TestStep.run(TestStep.java:42)
	at cucumber.runner.PickleStepTestStep.run(PickleStepTestStep.java:53)
	at cucumber.runner.TestCase.run(TestCase.java:47)
	at cucumber.runner.Runner.runPickle(Runner.java:44)
	at cucumber.runtime.Runtime.runFeature(Runtime.java:120)
	at cucumber.runtime.Runtime.run(Runtime.java:106)
	at cucumber.api.cli.Main.run(Main.java:35)
	at cucumber.api.cli.Main$run.call(Unknown Source)
	at com.kms.katalon.core.cucumber.keyword.CucumberBuiltinKeywords$_runFeatureFile_closure1.doCall(CucumberBuiltinKeywords.groovy:76)
	at com.kms.katalon.core.cucumber.keyword.CucumberBuiltinKeywords$_runFeatureFile_closure1.doCall(CucumberBuiltinKeywords.groovy)
	at com.kms.katalon.core.keyword.internal.KeywordMain.runKeyword(KeywordMain.groovy:68)
	at com.kms.katalon.core.keyword.internal.KeywordMain$runKeyword.call(Unknown Source)
	at com.kms.katalon.core.cucumber.keyword.CucumberBuiltinKeywords.runFeatureFile(CucumberBuiltinKeywords.groovy:46)
	at com.kms.katalon.core.cucumber.keyword.CucumberBuiltinKeywords$runFeatureFile$0.callStatic(Unknown Source)
	at com.kms.katalon.core.cucumber.keyword.CucumberBuiltinKeywords.runFeatureFile(CucumberBuiltinKeywords.groovy:169)
	at com.kms.katalon.core.cucumber.keyword.CucumberBuiltinKeywords$runFeatureFile.call(Unknown Source)
	at TC_Search_by_STATUS.run(TC_Search_by_STATUS:18)
	at com.kms.katalon.core.main.ScriptEngine.run(ScriptEngine.java:194)
	at com.kms.katalon.core.main.ScriptEngine.runScriptAsRawText(ScriptEngine.java:119)
	at com.kms.katalon.core.main.TestCaseExecutor.runScript(TestCaseExecutor.java:339)
	at com.kms.katalon.core.main.TestCaseExecutor.doExecute(TestCaseExecutor.java:330)
	at com.kms.katalon.core.main.TestCaseExecutor.processExecutionPhase(TestCaseExecutor.java:309)
	at com.kms.katalon.core.main.TestCaseExecutor.accessMainPhase(TestCaseExecutor.java:301)
	at com.kms.katalon.core.main.TestCaseExecutor.execute(TestCaseExecutor.java:235)
	at com.kms.katalon.core.main.TestSuiteExecutor.accessTestCaseMainPhase(TestSuiteExecutor.java:191)
	at com.kms.katalon.core.main.TestSuiteExecutor.accessTestSuiteMainPhase(TestSuiteExecutor.java:141)
	at com.kms.katalon.core.main.TestSuiteExecutor.execute(TestSuiteExecutor.java:90)
	at com.kms.katalon.core.main.TestCaseMain.startTestSuite(TestCaseMain.java:157)
	at com.kms.katalon.core.main.TestCaseMain$startTestSuite$0.call(Unknown Source)
	at TempTestSuite1611290386363.run(TempTestSuite1611290386363.groovy:39)


2021-01-22 12:44:01 - [TEST_STEP][FAILED] - Go to ISTools: Go to ISTools FAILED.
Reason:
com.kms.katalon.core.exception.StepFailedException: Unable to navigate to 'https://dev-istools.homecredit.id/foundation/'
	at com.kms.katalon.core.webui.keyword.internal.WebUIKeywordMain.stepFailed(WebUIKeywordMain.groovy:64)
	at com.kms.katalon.core.webui.keyword.internal.WebUIKeywordMain.runKeyword(WebUIKeywordMain.groovy:26)
	at com.kms.katalon.core.webui.keyword.builtin.NavigateToUrlKeyword.navigateToUrl(NavigateToUrlKeyword.groovy:83)
	at com.kms.katalon.core.webui.keyword.builtin.NavigateToUrlKeyword.execute(NavigateToUrlKeyword.groovy:67)
	at com.kms.katalon.core.keyword.internal.KeywordExecutor.executeKeywordForPlatform(KeywordExecutor.groovy:73)
	at com.kms.katalon.core.webui.keyword.WebUiBuiltInKeywords.navigateToUrl(WebUiBuiltInKeywords.groovy:183)
	at com.kms.katalon.core.webui.keyword.WebUiBuiltInKeywords$navigateToUrl$0.call(Unknown Source)
	at ist_real.Login_IST.go_to_ISTools_URL(Login_IST.groovy:83)
	at âœ½.Go to ISTools(/Users/chaidir.pratama01/Katalon Studio/IST_Automation_Git/Include/features/IST_Real/RTD/Partner_Disbursement/Search_by_STATUS.feature:179)
Caused by: org.openqa.selenium.WebDriverException: unknown error: net::ERR_CONNECTION_REFUSED
  (Session info: headless chrome=87.0.4280.141)
Build info: version: '3.141.59', revision: 'e82be7d358', time: '2018-11-14T08:25:53'
System info: host: 'M-Chaidir-Pratama.local', ip: 'fe80:0:0:0:14e4:ed6f:bc3b:fd01%en0', os.name: 'Mac OS X', os.arch: 'x86_64', os.version: '10.15', java.version: '1.8.0_181'
Driver info: com.kms.katalon.selenium.driver.CChromeDriver
Capabilities {acceptInsecureCerts: false, browserName: chrome, browserVersion: 87.0.4280.141, chrome: {chromedriverVersion: 87.0.4280.88 (89e2380a3e36c..., userDataDir: /var/folders/0s/4_d154xd6dq...}, goog:chromeOptions: {debuggerAddress: localhost:52910}, javascriptEnabled: true, networkConnectionEnabled: false, pageLoadStrategy: normal, platform: MAC, platformName: MAC, proxy: Proxy(), setWindowRect: true, strictFileInteractability: false, timeouts: {implicit: 0, pageLoad: 300000, script: 30000}, unhandledPromptBehavior: dismiss and notify, webauthn:virtualAuthenticators: true}
Session ID: 3e1d724e3f313b480eb6d67f6d4c26e0
	at org.openqa.selenium.remote.http.W3CHttpResponseCodec.createException(W3CHttpResponseCodec.java:187)
	at org.openqa.selenium.remote.http.W3CHttpResponseCodec.decode(W3CHttpResponseCodec.java:122)
	at org.openqa.selenium.remote.http.W3CHttpResponseCodec.decode(W3CHttpResponseCodec.java:49)
	at org.openqa.selenium.remote.HttpCommandExecutor.execute(HttpCommandExecutor.java:158)
	at org.openqa.selenium.remote.service.DriverCommandExecutor.execute(DriverCommandExecutor.java:83)
	at org.openqa.selenium.remote.RemoteWebDriver.execute(RemoteWebDriver.java:552)
	at com.kms.katalon.selenium.driver.CChromeDriver.execute(CChromeDriver.java:19)
	at org.openqa.selenium.remote.RemoteWebDriver.get(RemoteWebDriver.java:277)
	at org.openqa.selenium.remote.RemoteWebDriver$RemoteNavigation.to(RemoteWebDriver.java:857)
	at org.openqa.selenium.support.events.EventFiringWebDriver$EventFiringNavigation.to(EventFiringWebDriver.java:569)
	at com.kms.katalon.core.webui.keyword.builtin.NavigateToUrlKeyword$_navigateToUrl_closure1.doCall(NavigateToUrlKeyword.groovy:81)
	at com.kms.katalon.core.webui.keyword.builtin.NavigateToUrlKeyword$_navigateToUrl_closure1.call(NavigateToUrlKeyword.groovy)
	at com.kms.katalon.core.webui.keyword.internal.WebUIKeywordMain.runKeyword(WebUIKeywordMain.groovy:20)
	at com.kms.katalon.core.webui.keyword.builtin.NavigateToUrlKeyword.navigateToUrl(NavigateToUrlKeyword.groovy:83)
	at com.kms.katalon.core.webui.keyword.builtin.NavigateToUrlKeyword.execute(NavigateToUrlKeyword.groovy:67)
	at com.kms.katalon.core.keyword.internal.KeywordExecutor.executeKeywordForPlatform(KeywordExecutor.groovy:73)
	at com.kms.katalon.core.webui.keyword.WebUiBuiltInKeywords.navigateToUrl(WebUiBuiltInKeywords.groovy:183)
	at com.kms.katalon.core.webui.keyword.WebUiBuiltInKeywords$navigateToUrl$0.call(Unknown Source)
	at ist_real.Login_IST.go_to_ISTools_URL(Login_IST.groovy:83)
	at cucumber.runtime.Utils$1.call(Utils.java:26)
	at cucumber.runtime.Timeout.timeout(Timeout.java:16)
	at cucumber.runtime.Utils.invoke(Utils.java:20)
	at cucumber.runtime.java.JavaStepDefinition.execute(JavaStepDefinition.java:48)
	at cucumber.runtime.PickleStepDefinitionMatch.runStep(PickleStepDefinitionMatch.java:50)
	at cucumber.runner.TestStep.executeStep(TestStep.java:55)
	at cucumber.runner.TestStep.run(TestStep.java:42)
	at cucumber.runner.PickleStepTestStep.run(PickleStepTestStep.java:53)
	at cucumber.runner.TestCase.run(TestCase.java:47)
	at cucumber.runner.Runner.runPickle(Runner.java:44)
	at cucumber.runtime.Runtime.runFeature(Runtime.java:120)
	at cucumber.runtime.Runtime.run(Runtime.java:106)
	at cucumber.api.cli.Main.run(Main.java:35)
	at cucumber.api.cli.Main$run.call(Unknown Source)
	at com.kms.katalon.core.cucumber.keyword.CucumberBuiltinKeywords$_runFeatureFile_closure1.doCall(CucumberBuiltinKeywords.groovy:76)
	at com.kms.katalon.core.cucumber.keyword.CucumberBuiltinKeywords$_runFeatureFile_closure1.doCall(CucumberBuiltinKeywords.groovy)
	at com.kms.katalon.core.keyword.internal.KeywordMain.runKeyword(KeywordMain.groovy:68)
	at com.kms.katalon.core.keyword.internal.KeywordMain$runKeyword.call(Unknown Source)
	at com.kms.katalon.core.cucumber.keyword.CucumberBuiltinKeywords.runFeatureFile(CucumberBuiltinKeywords.groovy:46)
	at com.kms.katalon.core.cucumber.keyword.CucumberBuiltinKeywords$runFeatureFile$0.callStatic(Unknown Source)
	at com.kms.katalon.core.cucumber.keyword.CucumberBuiltinKeywords.runFeatureFile(CucumberBuiltinKeywords.groovy:169)
	at com.kms.katalon.core.cucumber.keyword.CucumberBuiltinKeywords$runFeatureFile.call(Unknown Source)
	at TC_Search_by_STATUS.run(TC_Search_by_STATUS:18)
	at com.kms.katalon.core.main.ScriptEngine.run(ScriptEngine.java:194)
	at com.kms.katalon.core.main.ScriptEngine.runScriptAsRawText(ScriptEngine.java:119)
	at com.kms.katalon.core.main.TestCaseExecutor.runScript(TestCaseExecutor.java:339)
	at com.kms.katalon.core.main.TestCaseExecutor.doExecute(TestCaseExecutor.java:330)
	at com.kms.katalon.core.main.TestCaseExecutor.processExecutionPhase(TestCaseExecutor.java:309)
	at com.kms.katalon.core.main.TestCaseExecutor.accessMainPhase(TestCaseExecutor.java:301)
	at com.kms.katalon.core.main.TestCaseExecutor.execute(TestCaseExecutor.java:235)
	at com.kms.katalon.core.main.TestSuiteExecutor.accessTestCaseMainPhase(TestSuiteExecutor.java:191)
	at com.kms.katalon.core.main.TestSuiteExecutor.accessTestSuiteMainPhase(TestSuiteExecutor.java:141)
	at com.kms.katalon.core.main.TestSuiteExecutor.execute(TestSuiteExecutor.java:90)
	at com.kms.katalon.core.main.TestCaseMain.startTestSuite(TestCaseMain.java:157)
	at com.kms.katalon.core.main.TestCaseMain$startTestSuite$0.call(Unknown Source)
	at TempTestSuite1611290386363.run(TempTestSuite1611290386363.groovy:39)


2021-01-22 12:44:01 - [MESSAGE][WARNING] - A browser is already opened. Closing browser and opening a new one

2021-01-22 12:44:01 - [MESSAGE][INFO] - Starting 'Chrome (headless)' driver

2021-01-22 12:44:01 - [MESSAGE][INFO] - User set preference: ['args', '[--start-maximized, --disable-gpu, --no-proxy-server, â€“-no-sandbox, --allow-running-insecure-content, --ignore-certificate-errors, window-size=1680,814, force-device-scale-factor=2, --lang=en-GB]']

2021-01-22 12:44:01 - [MESSAGE][INFO] - User set preference: ['prefs', '{download.default_directory=/Users/chaidir.pratama01/Katalon Studio/IST_Automation_Git/Download}']

2021-01-22 12:44:01 - [MESSAGE][INFO] - Action delay is set to 0 milliseconds

2021-01-22 12:44:02 - [MESSAGE][PASSED] - Browser is opened with url: ''

2021-01-22 12:44:04 - [MESSAGE][FAILED] - Unable to navigate to 'https://dev-istools.homecredit.id/foundation/' (Root cause: com.kms.katalon.core.exception.StepFailedException: Unable to navigate to 'https://dev-istools.homecredit.id/foundation/'
	at com.kms.katalon.core.webui.keyword.internal.WebUIKeywordMain.stepFailed(WebUIKeywordMain.groovy:64)
	at com.kms.katalon.core.webui.keyword.internal.WebUIKeywordMain.runKeyword(WebUIKeywordMain.groovy:26)
	at com.kms.katalon.core.webui.keyword.builtin.NavigateToUrlKeyword.navigateToUrl(NavigateToUrlKeyword.groovy:83)
	at com.kms.katalon.core.webui.keyword.builtin.NavigateToUrlKeyword.execute(NavigateToUrlKeyword.groovy:67)
	at com.kms.katalon.core.keyword.internal.KeywordExecutor.executeKeywordForPlatform(KeywordExecutor.groovy:73)
	at com.kms.katalon.core.webui.keyword.WebUiBuiltInKeywords.navigateToUrl(WebUiBuiltInKeywords.groovy:183)
	at com.kms.katalon.core.webui.keyword.WebUiBuiltInKeywords$navigateToUrl$0.call(Unknown Source)
	at ist_real.Login_IST.go_to_ISTools_URL(Login_IST.groovy:83)
	at cucumber.runtime.Utils$1.call(Utils.java:26)
	at cucumber.runtime.Timeout.timeout(Timeout.java:16)
	at cucumber.runtime.Utils.invoke(Utils.java:20)
	at cucumber.runtime.java.JavaStepDefinition.execute(JavaStepDefinition.java:48)
	at cucumber.runtime.PickleStepDefinitionMatch.runStep(PickleStepDefinitionMatch.java:50)
	at cucumber.runner.TestStep.executeStep(TestStep.java:55)
	at cucumber.runner.TestStep.run(TestStep.java:42)
	at cucumber.runner.PickleStepTestStep.run(PickleStepTestStep.java:53)
	at cucumber.runner.TestCase.run(TestCase.java:47)
	at cucumber.runner.Runner.runPickle(Runner.java:44)
	at cucumber.runtime.Runtime.runFeature(Runtime.java:120)
	at cucumber.runtime.Runtime.run(Runtime.java:106)
	at cucumber.api.cli.Main.run(Main.java:35)
	at cucumber.api.cli.Main$run.call(Unknown Source)
	at com.kms.katalon.core.cucumber.keyword.CucumberBuiltinKeywords$_runFeatureFile_closure1.doCall(CucumberBuiltinKeywords.groovy:76)
	at com.kms.katalon.core.cucumber.keyword.CucumberBuiltinKeywords$_runFeatureFile_closure1.doCall(CucumberBuiltinKeywords.groovy)
	at com.kms.katalon.core.keyword.internal.KeywordMain.runKeyword(KeywordMain.groovy:68)
	at com.kms.katalon.core.keyword.internal.KeywordMain$runKeyword.call(Unknown Source)
	at com.kms.katalon.core.cucumber.keyword.CucumberBuiltinKeywords.runFeatureFile(CucumberBuiltinKeywords.groovy:46)
	at com.kms.katalon.core.cucumber.keyword.CucumberBuiltinKeywords$runFeatureFile$0.callStatic(Unknown Source)
	at com.kms.katalon.core.cucumber.keyword.CucumberBuiltinKeywords.runFeatureFile(CucumberBuiltinKeywords.groovy:169)
	at com.kms.katalon.core.cucumber.keyword.CucumberBuiltinKeywords$runFeatureFile.call(Unknown Source)
	at TC_Search_by_STATUS.run(TC_Search_by_STATUS:18)
	at com.kms.katalon.core.main.ScriptEngine.run(ScriptEngine.java:194)
	at com.kms.katalon.core.main.ScriptEngine.runScriptAsRawText(ScriptEngine.java:119)
	at com.kms.katalon.core.main.TestCaseExecutor.runScript(TestCaseExecutor.java:339)
	at com.kms.katalon.core.main.TestCaseExecutor.doExecute(TestCaseExecutor.java:330)
	at com.kms.katalon.core.main.TestCaseExecutor.processExecutionPhase(TestCaseExecutor.java:309)
	at com.kms.katalon.core.main.TestCaseExecutor.accessMainPhase(TestCaseExecutor.java:301)
	at com.kms.katalon.core.main.TestCaseExecutor.execute(TestCaseExecutor.java:235)
	at com.kms.katalon.core.main.TestSuiteExecutor.accessTestCaseMainPhase(TestSuiteExecutor.java:191)
	at com.kms.katalon.core.main.TestSuiteExecutor.accessTestSuiteMainPhase(TestSuiteExecutor.java:141)
	at com.kms.katalon.core.main.TestSuiteExecutor.execute(TestSuiteExecutor.java:90)
	at com.kms.katalon.core.main.TestCaseMain.startTestSuite(TestCaseMain.java:157)
	at com.kms.katalon.core.main.TestCaseMain$startTestSuite$0.call(Unknown Source)
	at TempTestSuite1611290386363.run(TempTestSuite1611290386363.groovy:39)
Caused by: org.openqa.selenium.WebDriverException: unknown error: net::ERR_CONNECTION_REFUSED
  (Session info: headless chrome=87.0.4280.141)
Build info: version: '3.141.59', revision: 'e82be7d358', time: '2018-11-14T08:25:53'
System info: host: 'M-Chaidir-Pratama.local', ip: 'fe80:0:0:0:14e4:ed6f:bc3b:fd01%en0', os.name: 'Mac OS X', os.arch: 'x86_64', os.version: '10.15', java.version: '1.8.0_181'
Driver info: com.kms.katalon.selenium.driver.CChromeDriver
Capabilities {acceptInsecureCerts: false, browserName: chrome, browserVersion: 87.0.4280.141, chrome: {chromedriverVersion: 87.0.4280.88 (89e2380a3e36c..., userDataDir: /var/folders/0s/4_d154xd6dq...}, goog:chromeOptions: {debuggerAddress: localhost:52910}, javascriptEnabled: true, networkConnectionEnabled: false, pageLoadStrategy: normal, platform: MAC, platformName: MAC, proxy: Proxy(), setWindowRect: true, strictFileInteractability: false, timeouts: {implicit: 0, pageLoad: 300000, script: 30000}, unhandledPromptBehavior: dismiss and notify, webauthn:virtualAuthenticators: true}
Session ID: 3e1d724e3f313b480eb6d67f6d4c26e0
	at org.openqa.selenium.remote.http.W3CHttpResponseCodec.createException(W3CHttpResponseCodec.java:187)
	at org.openqa.selenium.remote.http.W3CHttpResponseCodec.decode(W3CHttpResponseCodec.java:122)
	at org.openqa.selenium.remote.http.W3CHttpResponseCodec.decode(W3CHttpResponseCodec.java:49)
	at org.openqa.selenium.remote.HttpCommandExecutor.execute(HttpCommandExecutor.java:158)
	at org.openqa.selenium.remote.service.DriverCommandExecutor.execute(DriverCommandExecutor.java:83)
	at org.openqa.selenium.remote.RemoteWebDriver.execute(RemoteWebDriver.java:552)
	at com.kms.katalon.selenium.driver.CChromeDriver.execute(CChromeDriver.java:19)
	at org.openqa.selenium.remote.RemoteWebDriver.get(RemoteWebDriver.java:277)
	at org.openqa.selenium.remote.RemoteWebDriver$RemoteNavigation.to(RemoteWebDriver.java:857)
	at org.openqa.selenium.support.events.EventFiringWebDriver$EventFiringNavigation.to(EventFiringWebDriver.java:569)
	at com.kms.katalon.core.webui.keyword.builtin.NavigateToUrlKeyword$_navigateToUrl_closure1.doCall(NavigateToUrlKeyword.groovy:81)
	at com.kms.katalon.core.webui.keyword.builtin.NavigateToUrlKeyword$_navigateToUrl_closure1.call(NavigateToUrlKeyword.groovy)
	at com.kms.katalon.core.webui.keyword.internal.WebUIKeywordMain.runKeyword(WebUIKeywordMain.groovy:20)
	at com.kms.katalon.core.webui.keyword.builtin.NavigateToUrlKeyword.navigateToUrl(NavigateToUrlKeyword.groovy:83)
	at com.kms.katalon.core.webui.keyword.builtin.NavigateToUrlKeyword.execute(NavigateToUrlKeyword.groovy:67)
	at com.kms.katalon.core.keyword.internal.KeywordExecutor.executeKeywordForPlatform(KeywordExecutor.groovy:73)
	at com.kms.katalon.core.webui.keyword.WebUiBuiltInKeywords.navigateToUrl(WebUiBuiltInKeywords.groovy:183)
	at com.kms.katalon.core.webui.keyword.WebUiBuiltInKeywords$navigateToUrl$0.call(Unknown Source)
	at ist_real.Login_IST.go_to_ISTools_URL(Login_IST.groovy:83)
	at cucumber.runtime.Utils$1.call(Utils.java:26)
	at cucumber.runtime.Timeout.timeout(Timeout.java:16)
	at cucumber.runtime.Utils.invoke(Utils.java:20)
	at cucumber.runtime.java.JavaStepDefinition.execute(JavaStepDefinition.java:48)
	at cucumber.runtime.PickleStepDefinitionMatch.runStep(PickleStepDefinitionMatch.java:50)
	at cucumber.runner.TestStep.executeStep(TestStep.java:55)
	at cucumber.runner.TestStep.run(TestStep.java:42)
	at cucumber.runner.PickleStepTestStep.run(PickleStepTestStep.java:53)
	at cucumber.runner.TestCase.run(TestCase.java:47)
	at cucumber.runner.Runner.runPickle(Runner.java:44)
	at cucumber.runtime.Runtime.runFeature(Runtime.java:120)
	at cucumber.runtime.Runtime.run(Runtime.java:106)
	at cucumber.api.cli.Main.run(Main.java:35)
	at cucumber.api.cli.Main$run.call(Unknown Source)
	at com.kms.katalon.core.cucumber.keyword.CucumberBuiltinKeywords$_runFeatureFile_closure1.doCall(CucumberBuiltinKeywords.groovy:76)
	at com.kms.katalon.core.cucumber.keyword.CucumberBuiltinKeywords$_runFeatureFile_closure1.doCall(CucumberBuiltinKeywords.groovy)
	at com.kms.katalon.core.keyword.internal.KeywordMain.runKeyword(KeywordMain.groovy:68)
	at com.kms.katalon.core.keyword.internal.KeywordMain$runKeyword.call(Unknown Source)
	at com.kms.katalon.core.cucumber.keyword.CucumberBuiltinKeywords.runFeatureFile(CucumberBuiltinKeywords.groovy:46)
	at com.kms.katalon.core.cucumber.keyword.CucumberBuiltinKeywords$runFeatureFile$0.callStatic(Unknown Source)
	at com.kms.katalon.core.cucumber.keyword.CucumberBuiltinKeywords.runFeatureFile(CucumberBuiltinKeywords.groovy:169)
	at com.kms.katalon.core.cucumber.keyword.CucumberBuiltinKeywords$runFeatureFile.call(Unknown Source)
	at Script1611043905720.run(Script1611043905720.groovy:18)
	... 13 more
)
[[ATTACHMENT|/Users/chaidir.pratama01/Katalon Studio/IST_Automation_Git/Reports/20210122_113940/RTD/TS_Partner_Disbursement/20210122_113946/1611294242523.png]]

2021-01-22 12:44:04 - [MESSAGE][FAILED] - Go to ISTools FAILED.
Reason:
com.kms.katalon.core.exception.StepFailedException: Unable to navigate to 'https://dev-istools.homecredit.id/foundation/'
	at com.kms.katalon.core.webui.keyword.internal.WebUIKeywordMain.stepFailed(WebUIKeywordMain.groovy:64)
	at com.kms.katalon.core.webui.keyword.internal.WebUIKeywordMain.runKeyword(WebUIKeywordMain.groovy:26)
	at com.kms.katalon.core.webui.keyword.builtin.NavigateToUrlKeyword.navigateToUrl(NavigateToUrlKeyword.groovy:83)
	at com.kms.katalon.core.webui.keyword.builtin.NavigateToUrlKeyword.execute(NavigateToUrlKeyword.groovy:67)
	at com.kms.katalon.core.keyword.internal.KeywordExecutor.executeKeywordForPlatform(KeywordExecutor.groovy:73)
	at com.kms.katalon.core.webui.keyword.WebUiBuiltInKeywords.navigateToUrl(WebUiBuiltInKeywords.groovy:183)
	at com.kms.katalon.core.webui.keyword.WebUiBuiltInKeywords$navigateToUrl$0.call(Unknown Source)
	at ist_real.Login_IST.go_to_ISTools_URL(Login_IST.groovy:83)
	at âœ½.Go to ISTools(/Users/chaidir.pratama01/Katalon Studio/IST_Automation_Git/Include/features/IST_Real/RTD/Partner_Disbursement/Search_by_STATUS.feature:179)
Caused by: org.openqa.selenium.WebDriverException: unknown error: net::ERR_CONNECTION_REFUSED
  (Session info: headless chrome=87.0.4280.141)
Build info: version: '3.141.59', revision: 'e82be7d358', time: '2018-11-14T08:25:53'
System info: host: 'M-Chaidir-Pratama.local', ip: 'fe80:0:0:0:14e4:ed6f:bc3b:fd01%en0', os.name: 'Mac OS X', os.arch: 'x86_64', os.version: '10.15', java.version: '1.8.0_181'
Driver info: com.kms.katalon.selenium.driver.CChromeDriver
Capabilities {acceptInsecureCerts: false, browserName: chrome, browserVersion: 87.0.4280.141, chrome: {chromedriverVersion: 87.0.4280.88 (89e2380a3e36c..., userDataDir: /var/folders/0s/4_d154xd6dq...}, goog:chromeOptions: {debuggerAddress: localhost:52910}, javascriptEnabled: true, networkConnectionEnabled: false, pageLoadStrategy: normal, platform: MAC, platformName: MAC, proxy: Proxy(), setWindowRect: true, strictFileInteractability: false, timeouts: {implicit: 0, pageLoad: 300000, script: 30000}, unhandledPromptBehavior: dismiss and notify, webauthn:virtualAuthenticators: true}
Session ID: 3e1d724e3f313b480eb6d67f6d4c26e0
	at org.openqa.selenium.remote.http.W3CHttpResponseCodec.createException(W3CHttpResponseCodec.java:187)
	at org.openqa.selenium.remote.http.W3CHttpResponseCodec.decode(W3CHttpResponseCodec.java:122)
	at org.openqa.selenium.remote.http.W3CHttpResponseCodec.decode(W3CHttpResponseCodec.java:49)
	at org.openqa.selenium.remote.HttpCommandExecutor.execute(HttpCommandExecutor.java:158)
	at org.openqa.selenium.remote.service.DriverCommandExecutor.execute(DriverCommandExecutor.java:83)
	at org.openqa.selenium.remote.RemoteWebDriver.execute(RemoteWebDriver.java:552)
	at com.kms.katalon.selenium.driver.CChromeDriver.execute(CChromeDriver.java:19)
	at org.openqa.selenium.remote.RemoteWebDriver.get(RemoteWebDriver.java:277)
	at org.openqa.selenium.remote.RemoteWebDriver$RemoteNavigation.to(RemoteWebDriver.java:857)
	at org.openqa.selenium.support.events.EventFiringWebDriver$EventFiringNavigation.to(EventFiringWebDriver.java:569)
	at com.kms.katalon.core.webui.keyword.builtin.NavigateToUrlKeyword$_navigateToUrl_closure1.doCall(NavigateToUrlKeyword.groovy:81)
	at com.kms.katalon.core.webui.keyword.builtin.NavigateToUrlKeyword$_navigateToUrl_closure1.call(NavigateToUrlKeyword.groovy)
	at com.kms.katalon.core.webui.keyword.internal.WebUIKeywordMain.runKeyword(WebUIKeywordMain.groovy:20)
	at com.kms.katalon.core.webui.keyword.builtin.NavigateToUrlKeyword.navigateToUrl(NavigateToUrlKeyword.groovy:83)
	at com.kms.katalon.core.webui.keyword.builtin.NavigateToUrlKeyword.execute(NavigateToUrlKeyword.groovy:67)
	at com.kms.katalon.core.keyword.internal.KeywordExecutor.executeKeywordForPlatform(KeywordExecutor.groovy:73)
	at com.kms.katalon.core.webui.keyword.WebUiBuiltInKeywords.navigateToUrl(WebUiBuiltInKeywords.groovy:183)
	at com.kms.katalon.core.webui.keyword.WebUiBuiltInKeywords$navigateToUrl$0.call(Unknown Source)
	at ist_real.Login_IST.go_to_ISTools_URL(Login_IST.groovy:83)
	at cucumber.runtime.Utils$1.call(Utils.java:26)
	at cucumber.runtime.Timeout.timeout(Timeout.java:16)
	at cucumber.runtime.Utils.invoke(Utils.java:20)
	at cucumber.runtime.java.JavaStepDefinition.execute(JavaStepDefinition.java:48)
	at cucumber.runtime.PickleStepDefinitionMatch.runStep(PickleStepDefinitionMatch.java:50)
	at cucumber.runner.TestStep.executeStep(TestStep.java:55)
	at cucumber.runner.TestStep.run(TestStep.java:42)
	at cucumber.runner.PickleStepTestStep.run(PickleStepTestStep.java:53)
	at cucumber.runner.TestCase.run(TestCase.java:47)
	at cucumber.runner.Runner.runPickle(Runner.java:44)
	at cucumber.runtime.Runtime.runFeature(Runtime.java:120)
	at cucumber.runtime.Runtime.run(Runtime.java:106)
	at cucumber.api.cli.Main.run(Main.java:35)
	at cucumber.api.cli.Main$run.call(Unknown Source)
	at com.kms.katalon.core.cucumber.keyword.CucumberBuiltinKeywords$_runFeatureFile_closure1.doCall(CucumberBuiltinKeywords.groovy:76)
	at com.kms.katalon.core.cucumber.keyword.CucumberBuiltinKeywords$_runFeatureFile_closure1.doCall(CucumberBuiltinKeywords.groovy)
	at com.kms.katalon.core.keyword.internal.KeywordMain.runKeyword(KeywordMain.groovy:68)
	at com.kms.katalon.core.keyword.internal.KeywordMain$runKeyword.call(Unknown Source)
	at com.kms.katalon.core.cucumber.keyword.CucumberBuiltinKeywords.runFeatureFile(CucumberBuiltinKeywords.groovy:46)
	at com.kms.katalon.core.cucumber.keyword.CucumberBuiltinKeywords$runFeatureFile$0.callStatic(Unknown Source)
	at com.kms.katalon.core.cucumber.keyword.CucumberBuiltinKeywords.runFeatureFile(CucumberBuiltinKeywords.groovy:169)
	at com.kms.katalon.core.cucumber.keyword.CucumberBuiltinKeywords$runFeatureFile.call(Unknown Source)
	at TC_Search_by_STATUS.run(TC_Search_by_STATUS:18)
	at com.kms.katalon.core.main.ScriptEngine.run(ScriptEngine.java:194)
	at com.kms.katalon.core.main.ScriptEngine.runScriptAsRawText(ScriptEngine.java:119)
	at com.kms.katalon.core.main.TestCaseExecutor.runScript(TestCaseExecutor.java:339)
	at com.kms.katalon.core.main.TestCaseExecutor.doExecute(TestCaseExecutor.java:330)
	at com.kms.katalon.core.main.TestCaseExecutor.processExecutionPhase(TestCaseExecutor.java:309)
	at com.kms.katalon.core.main.TestCaseExecutor.accessMainPhase(TestCaseExecutor.java:301)
	at com.kms.katalon.core.main.TestCaseExecutor.execute(TestCaseExecutor.java:235)
	at com.kms.katalon.core.main.TestSuiteExecutor.accessTestCaseMainPhase(TestSuiteExecutor.java:191)
	at com.kms.katalon.core.main.TestSuiteExecutor.accessTestSuiteMainPhase(TestSuiteExecutor.java:141)
	at com.kms.katalon.core.main.TestSuiteExecutor.execute(TestSuiteExecutor.java:90)
	at com.kms.katalon.core.main.TestCaseMain.startTestSuite(TestCaseMain.java:157)
	at com.kms.katalon.core.main.TestCaseMain$startTestSuite$0.call(Unknown Source)
	at TempTestSuite1611290386363.run(TempTestSuite1611290386363.groovy:39)


2021-01-22 12:44:04 - [TEST_STEP][NOT_RUN] - Login IST with valid credentials: Login IST with valid credentials

2021-01-22 12:44:04 - [MESSAGE][NOT_RUN] - Login IST with valid credentials

2021-01-22 12:44:04 - [TEST_STEP][NOT_RUN] - Login Success: Login Success

2021-01-22 12:44:04 - [MESSAGE][NOT_RUN] - Login Success

2021-01-22 12:44:04 - [TEST_STEP][NOT_RUN] - Select Arrow Menu "Real Time Disbursement": Select Arrow Menu "Real Time Disbursement"

2021-01-22 12:44:04 - [MESSAGE][NOT_RUN] - Select Arrow Menu "Real Time Disbursement"

2021-01-22 12:44:04 - [TEST_STEP][NOT_RUN] - Select Menu "Partner Disbursement": Select Menu "Partner Disbursement"

2021-01-22 12:44:04 - [MESSAGE][NOT_RUN] - Select Menu "Partner Disbursement"

2021-01-22 12:44:04 - [TEST_STEP][NOT_RUN] - Select STATUS "Waiting Partner Confirmation": Select STATUS "Waiting Partner Confirmation"

2021-01-22 12:44:04 - [MESSAGE][NOT_RUN] - Select STATUS "Waiting Partner Confirmation"

2021-01-22 12:44:04 - [TEST_STEP][NOT_RUN] - Click button "Search": Click button "Search"

2021-01-22 12:44:04 - [MESSAGE][NOT_RUN] - Click button "Search"

2021-01-22 12:44:04 - [TEST_STEP][NOT_RUN] - Verify Search Result Presents: Verify Search Result Presents

2021-01-22 12:44:04 - [MESSAGE][NOT_RUN] - Verify Search Result Presents

2021-01-22 12:44:04 - [TEST_STEP][NOT_RUN] - Click button "Logout": Click button "Logout"

2021-01-22 12:44:04 - [MESSAGE][NOT_RUN] - Click button "Logout"

2021-01-22 12:44:04 - [TEST_STEP][NOT_RUN] - Close browser: Close browser

2021-01-22 12:44:04 - [MESSAGE][NOT_RUN] - Close browser

2021-01-22 12:44:04 - [TEST_CASE][FAILED] - Start Test Case : SCENARIO Search by STATUS Success to Disburse: SCENARIO Search by STATUS Success to Disburse FAILED.
Reason:
com.kms.katalon.core.exception.StepFailedException: Unable to navigate to 'https://dev-istools.homecredit.id/foundation/'
	at com.kms.katalon.core.webui.keyword.internal.WebUIKeywordMain.stepFailed(WebUIKeywordMain.groovy:64)
	at com.kms.katalon.core.webui.keyword.internal.WebUIKeywordMain.runKeyword(WebUIKeywordMain.groovy:26)
	at com.kms.katalon.core.webui.keyword.builtin.NavigateToUrlKeyword.navigateToUrl(NavigateToUrlKeyword.groovy:83)
	at com.kms.katalon.core.webui.keyword.builtin.NavigateToUrlKeyword.execute(NavigateToUrlKeyword.groovy:67)
	at com.kms.katalon.core.keyword.internal.KeywordExecutor.executeKeywordForPlatform(KeywordExecutor.groovy:73)
	at com.kms.katalon.core.webui.keyword.WebUiBuiltInKeywords.navigateToUrl(WebUiBuiltInKeywords.groovy:183)
	at com.kms.katalon.core.webui.keyword.WebUiBuiltInKeywords$navigateToUrl$0.call(Unknown Source)
	at ist_real.Login_IST.go_to_ISTools_URL(Login_IST.groovy:83)
	at âœ½.Go to ISTools(/Users/chaidir.pratama01/Katalon Studio/IST_Automation_Git/Include/features/IST_Real/RTD/Partner_Disbursement/Search_by_STATUS.feature:193)
Caused by: org.openqa.selenium.WebDriverException: unknown error: net::ERR_CONNECTION_REFUSED
  (Session info: headless chrome=87.0.4280.141)
Build info: version: '3.141.59', revision: 'e82be7d358', time: '2018-11-14T08:25:53'
System info: host: 'M-Chaidir-Pratama.local', ip: 'fe80:0:0:0:14e4:ed6f:bc3b:fd01%en0', os.name: 'Mac OS X', os.arch: 'x86_64', os.version: '10.15', java.version: '1.8.0_181'
Driver info: com.kms.katalon.selenium.driver.CChromeDriver
Capabilities {acceptInsecureCerts: false, browserName: chrome, browserVersion: 87.0.4280.141, chrome: {chromedriverVersion: 87.0.4280.88 (89e2380a3e36c..., userDataDir: /var/folders/0s/4_d154xd6dq...}, goog:chromeOptions: {debuggerAddress: localhost:52923}, javascriptEnabled: true, networkConnectionEnabled: false, pageLoadStrategy: normal, platform: MAC, platformName: MAC, proxy: Proxy(), setWindowRect: true, strictFileInteractability: false, timeouts: {implicit: 0, pageLoad: 300000, script: 30000}, unhandledPromptBehavior: dismiss and notify, webauthn:virtualAuthenticators: true}
Session ID: 168c203d08c3f3101a42828797ca1a26
	at org.openqa.selenium.remote.http.W3CHttpResponseCodec.createException(W3CHttpResponseCodec.java:187)
	at org.openqa.selenium.remote.http.W3CHttpResponseCodec.decode(W3CHttpResponseCodec.java:122)
	at org.openqa.selenium.remote.http.W3CHttpResponseCodec.decode(W3CHttpResponseCodec.java:49)
	at org.openqa.selenium.remote.HttpCommandExecutor.execute(HttpCommandExecutor.java:158)
	at org.openqa.selenium.remote.service.DriverCommandExecutor.execute(DriverCommandExecutor.java:83)
	at org.openqa.selenium.remote.RemoteWebDriver.execute(RemoteWebDriver.java:552)
	at com.kms.katalon.selenium.driver.CChromeDriver.execute(CChromeDriver.java:19)
	at org.openqa.selenium.remote.RemoteWebDriver.get(RemoteWebDriver.java:277)
	at org.openqa.selenium.remote.RemoteWebDriver$RemoteNavigation.to(RemoteWebDriver.java:857)
	at org.openqa.selenium.support.events.EventFiringWebDriver$EventFiringNavigation.to(EventFiringWebDriver.java:569)
	at com.kms.katalon.core.webui.keyword.builtin.NavigateToUrlKeyword$_navigateToUrl_closure1.doCall(NavigateToUrlKeyword.groovy:81)
	at com.kms.katalon.core.webui.keyword.builtin.NavigateToUrlKeyword$_navigateToUrl_closure1.call(NavigateToUrlKeyword.groovy)
	at com.kms.katalon.core.webui.keyword.internal.WebUIKeywordMain.runKeyword(WebUIKeywordMain.groovy:20)
	at com.kms.katalon.core.webui.keyword.builtin.NavigateToUrlKeyword.navigateToUrl(NavigateToUrlKeyword.groovy:83)
	at com.kms.katalon.core.webui.keyword.builtin.NavigateToUrlKeyword.execute(NavigateToUrlKeyword.groovy:67)
	at com.kms.katalon.core.keyword.internal.KeywordExecutor.executeKeywordForPlatform(KeywordExecutor.groovy:73)
	at com.kms.katalon.core.webui.keyword.WebUiBuiltInKeywords.navigateToUrl(WebUiBuiltInKeywords.groovy:183)
	at com.kms.katalon.core.webui.keyword.WebUiBuiltInKeywords$navigateToUrl$0.call(Unknown Source)
	at ist_real.Login_IST.go_to_ISTools_URL(Login_IST.groovy:83)
	at cucumber.runtime.Utils$1.call(Utils.java:26)
	at cucumber.runtime.Timeout.timeout(Timeout.java:16)
	at cucumber.runtime.Utils.invoke(Utils.java:20)
	at cucumber.runtime.java.JavaStepDefinition.execute(JavaStepDefinition.java:48)
	at cucumber.runtime.PickleStepDefinitionMatch.runStep(PickleStepDefinitionMatch.java:50)
	at cucumber.runner.TestStep.executeStep(TestStep.java:55)
	at cucumber.runner.TestStep.run(TestStep.java:42)
	at cucumber.runner.PickleStepTestStep.run(PickleStepTestStep.java:53)
	at cucumber.runner.TestCase.run(TestCase.java:47)
	at cucumber.runner.Runner.runPickle(Runner.java:44)
	at cucumber.runtime.Runtime.runFeature(Runtime.java:120)
	at cucumber.runtime.Runtime.run(Runtime.java:106)
	at cucumber.api.cli.Main.run(Main.java:35)
	at cucumber.api.cli.Main$run.call(Unknown Source)
	at com.kms.katalon.core.cucumber.keyword.CucumberBuiltinKeywords$_runFeatureFile_closure1.doCall(CucumberBuiltinKeywords.groovy:76)
	at com.kms.katalon.core.cucumber.keyword.CucumberBuiltinKeywords$_runFeatureFile_closure1.doCall(CucumberBuiltinKeywords.groovy)
	at com.kms.katalon.core.keyword.internal.KeywordMain.runKeyword(KeywordMain.groovy:68)
	at com.kms.katalon.core.keyword.internal.KeywordMain$runKeyword.call(Unknown Source)
	at com.kms.katalon.core.cucumber.keyword.CucumberBuiltinKeywords.runFeatureFile(CucumberBuiltinKeywords.groovy:46)
	at com.kms.katalon.core.cucumber.keyword.CucumberBuiltinKeywords$runFeatureFile$0.callStatic(Unknown Source)
	at com.kms.katalon.core.cucumber.keyword.CucumberBuiltinKeywords.runFeatureFile(CucumberBuiltinKeywords.groovy:169)
	at com.kms.katalon.core.cucumber.keyword.CucumberBuiltinKeywords$runFeatureFile.call(Unknown Source)
	at TC_Search_by_STATUS.run(TC_Search_by_STATUS:18)
	at com.kms.katalon.core.main.ScriptEngine.run(ScriptEngine.java:194)
	at com.kms.katalon.core.main.ScriptEngine.runScriptAsRawText(ScriptEngine.java:119)
	at com.kms.katalon.core.main.TestCaseExecutor.runScript(TestCaseExecutor.java:339)
	at com.kms.katalon.core.main.TestCaseExecutor.doExecute(TestCaseExecutor.java:330)
	at com.kms.katalon.core.main.TestCaseExecutor.processExecutionPhase(TestCaseExecutor.java:309)
	at com.kms.katalon.core.main.TestCaseExecutor.accessMainPhase(TestCaseExecutor.java:301)
	at com.kms.katalon.core.main.TestCaseExecutor.execute(TestCaseExecutor.java:235)
	at com.kms.katalon.core.main.TestSuiteExecutor.accessTestCaseMainPhase(TestSuiteExecutor.java:191)
	at com.kms.katalon.core.main.TestSuiteExecutor.accessTestSuiteMainPhase(TestSuiteExecutor.java:141)
	at com.kms.katalon.core.main.TestSuiteExecutor.execute(TestSuiteExecutor.java:90)
	at com.kms.katalon.core.main.TestCaseMain.startTestSuite(TestCaseMain.java:157)
	at com.kms.katalon.core.main.TestCaseMain$startTestSuite$0.call(Unknown Source)
	at TempTestSuite1611290386363.run(TempTestSuite1611290386363.groovy:39)


2021-01-22 12:44:04 - [TEST_STEP][FAILED] - Go to ISTools: Go to ISTools FAILED.
Reason:
com.kms.katalon.core.exception.StepFailedException: Unable to navigate to 'https://dev-istools.homecredit.id/foundation/'
	at com.kms.katalon.core.webui.keyword.internal.WebUIKeywordMain.stepFailed(WebUIKeywordMain.groovy:64)
	at com.kms.katalon.core.webui.keyword.internal.WebUIKeywordMain.runKeyword(WebUIKeywordMain.groovy:26)
	at com.kms.katalon.core.webui.keyword.builtin.NavigateToUrlKeyword.navigateToUrl(NavigateToUrlKeyword.groovy:83)
	at com.kms.katalon.core.webui.keyword.builtin.NavigateToUrlKeyword.execute(NavigateToUrlKeyword.groovy:67)
	at com.kms.katalon.core.keyword.internal.KeywordExecutor.executeKeywordForPlatform(KeywordExecutor.groovy:73)
	at com.kms.katalon.core.webui.keyword.WebUiBuiltInKeywords.navigateToUrl(WebUiBuiltInKeywords.groovy:183)
	at com.kms.katalon.core.webui.keyword.WebUiBuiltInKeywords$navigateToUrl$0.call(Unknown Source)
	at ist_real.Login_IST.go_to_ISTools_URL(Login_IST.groovy:83)
	at âœ½.Go to ISTools(/Users/chaidir.pratama01/Katalon Studio/IST_Automation_Git/Include/features/IST_Real/RTD/Partner_Disbursement/Search_by_STATUS.feature:193)
Caused by: org.openqa.selenium.WebDriverException: unknown error: net::ERR_CONNECTION_REFUSED
  (Session info: headless chrome=87.0.4280.141)
Build info: version: '3.141.59', revision: 'e82be7d358', time: '2018-11-14T08:25:53'
System info: host: 'M-Chaidir-Pratama.local', ip: 'fe80:0:0:0:14e4:ed6f:bc3b:fd01%en0', os.name: 'Mac OS X', os.arch: 'x86_64', os.version: '10.15', java.version: '1.8.0_181'
Driver info: com.kms.katalon.selenium.driver.CChromeDriver
Capabilities {acceptInsecureCerts: false, browserName: chrome, browserVersion: 87.0.4280.141, chrome: {chromedriverVersion: 87.0.4280.88 (89e2380a3e36c..., userDataDir: /var/folders/0s/4_d154xd6dq...}, goog:chromeOptions: {debuggerAddress: localhost:52923}, javascriptEnabled: true, networkConnectionEnabled: false, pageLoadStrategy: normal, platform: MAC, platformName: MAC, proxy: Proxy(), setWindowRect: true, strictFileInteractability: false, timeouts: {implicit: 0, pageLoad: 300000, script: 30000}, unhandledPromptBehavior: dismiss and notify, webauthn:virtualAuthenticators: true}
Session ID: 168c203d08c3f3101a42828797ca1a26
	at org.openqa.selenium.remote.http.W3CHttpResponseCodec.createException(W3CHttpResponseCodec.java:187)
	at org.openqa.selenium.remote.http.W3CHttpResponseCodec.decode(W3CHttpResponseCodec.java:122)
	at org.openqa.selenium.remote.http.W3CHttpResponseCodec.decode(W3CHttpResponseCodec.java:49)
	at org.openqa.selenium.remote.HttpCommandExecutor.execute(HttpCommandExecutor.java:158)
	at org.openqa.selenium.remote.service.DriverCommandExecutor.execute(DriverCommandExecutor.java:83)
	at org.openqa.selenium.remote.RemoteWebDriver.execute(RemoteWebDriver.java:552)
	at com.kms.katalon.selenium.driver.CChromeDriver.execute(CChromeDriver.java:19)
	at org.openqa.selenium.remote.RemoteWebDriver.get(RemoteWebDriver.java:277)
	at org.openqa.selenium.remote.RemoteWebDriver$RemoteNavigation.to(RemoteWebDriver.java:857)
	at org.openqa.selenium.support.events.EventFiringWebDriver$EventFiringNavigation.to(EventFiringWebDriver.java:569)
	at com.kms.katalon.core.webui.keyword.builtin.NavigateToUrlKeyword$_navigateToUrl_closure1.doCall(NavigateToUrlKeyword.groovy:81)
	at com.kms.katalon.core.webui.keyword.builtin.NavigateToUrlKeyword$_navigateToUrl_closure1.call(NavigateToUrlKeyword.groovy)
	at com.kms.katalon.core.webui.keyword.internal.WebUIKeywordMain.runKeyword(WebUIKeywordMain.groovy:20)
	at com.kms.katalon.core.webui.keyword.builtin.NavigateToUrlKeyword.navigateToUrl(NavigateToUrlKeyword.groovy:83)
	at com.kms.katalon.core.webui.keyword.builtin.NavigateToUrlKeyword.execute(NavigateToUrlKeyword.groovy:67)
	at com.kms.katalon.core.keyword.internal.KeywordExecutor.executeKeywordForPlatform(KeywordExecutor.groovy:73)
	at com.kms.katalon.core.webui.keyword.WebUiBuiltInKeywords.navigateToUrl(WebUiBuiltInKeywords.groovy:183)
	at com.kms.katalon.core.webui.keyword.WebUiBuiltInKeywords$navigateToUrl$0.call(Unknown Source)
	at ist_real.Login_IST.go_to_ISTools_URL(Login_IST.groovy:83)
	at cucumber.runtime.Utils$1.call(Utils.java:26)
	at cucumber.runtime.Timeout.timeout(Timeout.java:16)
	at cucumber.runtime.Utils.invoke(Utils.java:20)
	at cucumber.runtime.java.JavaStepDefinition.execute(JavaStepDefinition.java:48)
	at cucumber.runtime.PickleStepDefinitionMatch.runStep(PickleStepDefinitionMatch.java:50)
	at cucumber.runner.TestStep.executeStep(TestStep.java:55)
	at cucumber.runner.TestStep.run(TestStep.java:42)
	at cucumber.runner.PickleStepTestStep.run(PickleStepTestStep.java:53)
	at cucumber.runner.TestCase.run(TestCase.java:47)
	at cucumber.runner.Runner.runPickle(Runner.java:44)
	at cucumber.runtime.Runtime.runFeature(Runtime.java:120)
	at cucumber.runtime.Runtime.run(Runtime.java:106)
	at cucumber.api.cli.Main.run(Main.java:35)
	at cucumber.api.cli.Main$run.call(Unknown Source)
	at com.kms.katalon.core.cucumber.keyword.CucumberBuiltinKeywords$_runFeatureFile_closure1.doCall(CucumberBuiltinKeywords.groovy:76)
	at com.kms.katalon.core.cucumber.keyword.CucumberBuiltinKeywords$_runFeatureFile_closure1.doCall(CucumberBuiltinKeywords.groovy)
	at com.kms.katalon.core.keyword.internal.KeywordMain.runKeyword(KeywordMain.groovy:68)
	at com.kms.katalon.core.keyword.internal.KeywordMain$runKeyword.call(Unknown Source)
	at com.kms.katalon.core.cucumber.keyword.CucumberBuiltinKeywords.runFeatureFile(CucumberBuiltinKeywords.groovy:46)
	at com.kms.katalon.core.cucumber.keyword.CucumberBuiltinKeywords$runFeatureFile$0.callStatic(Unknown Source)
	at com.kms.katalon.core.cucumber.keyword.CucumberBuiltinKeywords.runFeatureFile(CucumberBuiltinKeywords.groovy:169)
	at com.kms.katalon.core.cucumber.keyword.CucumberBuiltinKeywords$runFeatureFile.call(Unknown Source)
	at TC_Search_by_STATUS.run(TC_Search_by_STATUS:18)
	at com.kms.katalon.core.main.ScriptEngine.run(ScriptEngine.java:194)
	at com.kms.katalon.core.main.ScriptEngine.runScriptAsRawText(ScriptEngine.java:119)
	at com.kms.katalon.core.main.TestCaseExecutor.runScript(TestCaseExecutor.java:339)
	at com.kms.katalon.core.main.TestCaseExecutor.doExecute(TestCaseExecutor.java:330)
	at com.kms.katalon.core.main.TestCaseExecutor.processExecutionPhase(TestCaseExecutor.java:309)
	at com.kms.katalon.core.main.TestCaseExecutor.accessMainPhase(TestCaseExecutor.java:301)
	at com.kms.katalon.core.main.TestCaseExecutor.execute(TestCaseExecutor.java:235)
	at com.kms.katalon.core.main.TestSuiteExecutor.accessTestCaseMainPhase(TestSuiteExecutor.java:191)
	at com.kms.katalon.core.main.TestSuiteExecutor.accessTestSuiteMainPhase(TestSuiteExecutor.java:141)
	at com.kms.katalon.core.main.TestSuiteExecutor.execute(TestSuiteExecutor.java:90)
	at com.kms.katalon.core.main.TestCaseMain.startTestSuite(TestCaseMain.java:157)
	at com.kms.katalon.core.main.TestCaseMain$startTestSuite$0.call(Unknown Source)
	at TempTestSuite1611290386363.run(TempTestSuite1611290386363.groovy:39)


2021-01-22 12:44:04 - [MESSAGE][WARNING] - A browser is already opened. Closing browser and opening a new one

2021-01-22 12:44:04 - [MESSAGE][INFO] - Starting 'Chrome (headless)' driver

2021-01-22 12:44:04 - [MESSAGE][INFO] - User set preference: ['args', '[--start-maximized, --disable-gpu, --no-proxy-server, â€“-no-sandbox, --allow-running-insecure-content, --ignore-certificate-errors, window-size=1680,814, force-device-scale-factor=2, --lang=en-GB]']

2021-01-22 12:44:04 - [MESSAGE][INFO] - User set preference: ['prefs', '{download.default_directory=/Users/chaidir.pratama01/Katalon Studio/IST_Automation_Git/Download}']

2021-01-22 12:44:04 - [MESSAGE][INFO] - Action delay is set to 0 milliseconds

2021-01-22 12:44:05 - [MESSAGE][PASSED] - Browser is opened with url: ''

2021-01-22 12:44:07 - [MESSAGE][FAILED] - Unable to navigate to 'https://dev-istools.homecredit.id/foundation/' (Root cause: com.kms.katalon.core.exception.StepFailedException: Unable to navigate to 'https://dev-istools.homecredit.id/foundation/'
	at com.kms.katalon.core.webui.keyword.internal.WebUIKeywordMain.stepFailed(WebUIKeywordMain.groovy:64)
	at com.kms.katalon.core.webui.keyword.internal.WebUIKeywordMain.runKeyword(WebUIKeywordMain.groovy:26)
	at com.kms.katalon.core.webui.keyword.builtin.NavigateToUrlKeyword.navigateToUrl(NavigateToUrlKeyword.groovy:83)
	at com.kms.katalon.core.webui.keyword.builtin.NavigateToUrlKeyword.execute(NavigateToUrlKeyword.groovy:67)
	at com.kms.katalon.core.keyword.internal.KeywordExecutor.executeKeywordForPlatform(KeywordExecutor.groovy:73)
	at com.kms.katalon.core.webui.keyword.WebUiBuiltInKeywords.navigateToUrl(WebUiBuiltInKeywords.groovy:183)
	at com.kms.katalon.core.webui.keyword.WebUiBuiltInKeywords$navigateToUrl$0.call(Unknown Source)
	at ist_real.Login_IST.go_to_ISTools_URL(Login_IST.groovy:83)
	at cucumber.runtime.Utils$1.call(Utils.java:26)
	at cucumber.runtime.Timeout.timeout(Timeout.java:16)
	at cucumber.runtime.Utils.invoke(Utils.java:20)
	at cucumber.runtime.java.JavaStepDefinition.execute(JavaStepDefinition.java:48)
	at cucumber.runtime.PickleStepDefinitionMatch.runStep(PickleStepDefinitionMatch.java:50)
	at cucumber.runner.TestStep.executeStep(TestStep.java:55)
	at cucumber.runner.TestStep.run(TestStep.java:42)
	at cucumber.runner.PickleStepTestStep.run(PickleStepTestStep.java:53)
	at cucumber.runner.TestCase.run(TestCase.java:47)
	at cucumber.runner.Runner.runPickle(Runner.java:44)
	at cucumber.runtime.Runtime.runFeature(Runtime.java:120)
	at cucumber.runtime.Runtime.run(Runtime.java:106)
	at cucumber.api.cli.Main.run(Main.java:35)
	at cucumber.api.cli.Main$run.call(Unknown Source)
	at com.kms.katalon.core.cucumber.keyword.CucumberBuiltinKeywords$_runFeatureFile_closure1.doCall(CucumberBuiltinKeywords.groovy:76)
	at com.kms.katalon.core.cucumber.keyword.CucumberBuiltinKeywords$_runFeatureFile_closure1.doCall(CucumberBuiltinKeywords.groovy)
	at com.kms.katalon.core.keyword.internal.KeywordMain.runKeyword(KeywordMain.groovy:68)
	at com.kms.katalon.core.keyword.internal.KeywordMain$runKeyword.call(Unknown Source)
	at com.kms.katalon.core.cucumber.keyword.CucumberBuiltinKeywords.runFeatureFile(CucumberBuiltinKeywords.groovy:46)
	at com.kms.katalon.core.cucumber.keyword.CucumberBuiltinKeywords$runFeatureFile$0.callStatic(Unknown Source)
	at com.kms.katalon.core.cucumber.keyword.CucumberBuiltinKeywords.runFeatureFile(CucumberBuiltinKeywords.groovy:169)
	at com.kms.katalon.core.cucumber.keyword.CucumberBuiltinKeywords$runFeatureFile.call(Unknown Source)
	at TC_Search_by_STATUS.run(TC_Search_by_STATUS:18)
	at com.kms.katalon.core.main.ScriptEngine.run(ScriptEngine.java:194)
	at com.kms.katalon.core.main.ScriptEngine.runScriptAsRawText(ScriptEngine.java:119)
	at com.kms.katalon.core.main.TestCaseExecutor.runScript(TestCaseExecutor.java:339)
	at com.kms.katalon.core.main.TestCaseExecutor.doExecute(TestCaseExecutor.java:330)
	at com.kms.katalon.core.main.TestCaseExecutor.processExecutionPhase(TestCaseExecutor.java:309)
	at com.kms.katalon.core.main.TestCaseExecutor.accessMainPhase(TestCaseExecutor.java:301)
	at com.kms.katalon.core.main.TestCaseExecutor.execute(TestCaseExecutor.java:235)
	at com.kms.katalon.core.main.TestSuiteExecutor.accessTestCaseMainPhase(TestSuiteExecutor.java:191)
	at com.kms.katalon.core.main.TestSuiteExecutor.accessTestSuiteMainPhase(TestSuiteExecutor.java:141)
	at com.kms.katalon.core.main.TestSuiteExecutor.execute(TestSuiteExecutor.java:90)
	at com.kms.katalon.core.main.TestCaseMain.startTestSuite(TestCaseMain.java:157)
	at com.kms.katalon.core.main.TestCaseMain$startTestSuite$0.call(Unknown Source)
	at TempTestSuite1611290386363.run(TempTestSuite1611290386363.groovy:39)
Caused by: org.openqa.selenium.WebDriverException: unknown error: net::ERR_CONNECTION_REFUSED
  (Session info: headless chrome=87.0.4280.141)
Build info: version: '3.141.59', revision: 'e82be7d358', time: '2018-11-14T08:25:53'
System info: host: 'M-Chaidir-Pratama.local', ip: 'fe80:0:0:0:14e4:ed6f:bc3b:fd01%en0', os.name: 'Mac OS X', os.arch: 'x86_64', os.version: '10.15', java.version: '1.8.0_181'
Driver info: com.kms.katalon.selenium.driver.CChromeDriver
Capabilities {acceptInsecureCerts: false, browserName: chrome, browserVersion: 87.0.4280.141, chrome: {chromedriverVersion: 87.0.4280.88 (89e2380a3e36c..., userDataDir: /var/folders/0s/4_d154xd6dq...}, goog:chromeOptions: {debuggerAddress: localhost:52923}, javascriptEnabled: true, networkConnectionEnabled: false, pageLoadStrategy: normal, platform: MAC, platformName: MAC, proxy: Proxy(), setWindowRect: true, strictFileInteractability: false, timeouts: {implicit: 0, pageLoad: 300000, script: 30000}, unhandledPromptBehavior: dismiss and notify, webauthn:virtualAuthenticators: true}
Session ID: 168c203d08c3f3101a42828797ca1a26
	at org.openqa.selenium.remote.http.W3CHttpResponseCodec.createException(W3CHttpResponseCodec.java:187)
	at org.openqa.selenium.remote.http.W3CHttpResponseCodec.decode(W3CHttpResponseCodec.java:122)
	at org.openqa.selenium.remote.http.W3CHttpResponseCodec.decode(W3CHttpResponseCodec.java:49)
	at org.openqa.selenium.remote.HttpCommandExecutor.execute(HttpCommandExecutor.java:158)
	at org.openqa.selenium.remote.service.DriverCommandExecutor.execute(DriverCommandExecutor.java:83)
	at org.openqa.selenium.remote.RemoteWebDriver.execute(RemoteWebDriver.java:552)
	at com.kms.katalon.selenium.driver.CChromeDriver.execute(CChromeDriver.java:19)
	at org.openqa.selenium.remote.RemoteWebDriver.get(RemoteWebDriver.java:277)
	at org.openqa.selenium.remote.RemoteWebDriver$RemoteNavigation.to(RemoteWebDriver.java:857)
	at org.openqa.selenium.support.events.EventFiringWebDriver$EventFiringNavigation.to(EventFiringWebDriver.java:569)
	at com.kms.katalon.core.webui.keyword.builtin.NavigateToUrlKeyword$_navigateToUrl_closure1.doCall(NavigateToUrlKeyword.groovy:81)
	at com.kms.katalon.core.webui.keyword.builtin.NavigateToUrlKeyword$_navigateToUrl_closure1.call(NavigateToUrlKeyword.groovy)
	at com.kms.katalon.core.webui.keyword.internal.WebUIKeywordMain.runKeyword(WebUIKeywordMain.groovy:20)
	at com.kms.katalon.core.webui.keyword.builtin.NavigateToUrlKeyword.navigateToUrl(NavigateToUrlKeyword.groovy:83)
	at com.kms.katalon.core.webui.keyword.builtin.NavigateToUrlKeyword.execute(NavigateToUrlKeyword.groovy:67)
	at com.kms.katalon.core.keyword.internal.KeywordExecutor.executeKeywordForPlatform(KeywordExecutor.groovy:73)
	at com.kms.katalon.core.webui.keyword.WebUiBuiltInKeywords.navigateToUrl(WebUiBuiltInKeywords.groovy:183)
	at com.kms.katalon.core.webui.keyword.WebUiBuiltInKeywords$navigateToUrl$0.call(Unknown Source)
	at ist_real.Login_IST.go_to_ISTools_URL(Login_IST.groovy:83)
	at cucumber.runtime.Utils$1.call(Utils.java:26)
	at cucumber.runtime.Timeout.timeout(Timeout.java:16)
	at cucumber.runtime.Utils.invoke(Utils.java:20)
	at cucumber.runtime.java.JavaStepDefinition.execute(JavaStepDefinition.java:48)
	at cucumber.runtime.PickleStepDefinitionMatch.runStep(PickleStepDefinitionMatch.java:50)
	at cucumber.runner.TestStep.executeStep(TestStep.java:55)
	at cucumber.runner.TestStep.run(TestStep.java:42)
	at cucumber.runner.PickleStepTestStep.run(PickleStepTestStep.java:53)
	at cucumber.runner.TestCase.run(TestCase.java:47)
	at cucumber.runner.Runner.runPickle(Runner.java:44)
	at cucumber.runtime.Runtime.runFeature(Runtime.java:120)
	at cucumber.runtime.Runtime.run(Runtime.java:106)
	at cucumber.api.cli.Main.run(Main.java:35)
	at cucumber.api.cli.Main$run.call(Unknown Source)
	at com.kms.katalon.core.cucumber.keyword.CucumberBuiltinKeywords$_runFeatureFile_closure1.doCall(CucumberBuiltinKeywords.groovy:76)
	at com.kms.katalon.core.cucumber.keyword.CucumberBuiltinKeywords$_runFeatureFile_closure1.doCall(CucumberBuiltinKeywords.groovy)
	at com.kms.katalon.core.keyword.internal.KeywordMain.runKeyword(KeywordMain.groovy:68)
	at com.kms.katalon.core.keyword.internal.KeywordMain$runKeyword.call(Unknown Source)
	at com.kms.katalon.core.cucumber.keyword.CucumberBuiltinKeywords.runFeatureFile(CucumberBuiltinKeywords.groovy:46)
	at com.kms.katalon.core.cucumber.keyword.CucumberBuiltinKeywords$runFeatureFile$0.callStatic(Unknown Source)
	at com.kms.katalon.core.cucumber.keyword.CucumberBuiltinKeywords.runFeatureFile(CucumberBuiltinKeywords.groovy:169)
	at com.kms.katalon.core.cucumber.keyword.CucumberBuiltinKeywords$runFeatureFile.call(Unknown Source)
	at Script1611043905720.run(Script1611043905720.groovy:18)
	... 13 more
)
[[ATTACHMENT|/Users/chaidir.pratama01/Katalon Studio/IST_Automation_Git/Reports/20210122_113940/RTD/TS_Partner_Disbursement/20210122_113946/1611294245633.png]]

2021-01-22 12:44:07 - [MESSAGE][FAILED] - Go to ISTools FAILED.
Reason:
com.kms.katalon.core.exception.StepFailedException: Unable to navigate to 'https://dev-istools.homecredit.id/foundation/'
	at com.kms.katalon.core.webui.keyword.internal.WebUIKeywordMain.stepFailed(WebUIKeywordMain.groovy:64)
	at com.kms.katalon.core.webui.keyword.internal.WebUIKeywordMain.runKeyword(WebUIKeywordMain.groovy:26)
	at com.kms.katalon.core.webui.keyword.builtin.NavigateToUrlKeyword.navigateToUrl(NavigateToUrlKeyword.groovy:83)
	at com.kms.katalon.core.webui.keyword.builtin.NavigateToUrlKeyword.execute(NavigateToUrlKeyword.groovy:67)
	at com.kms.katalon.core.keyword.internal.KeywordExecutor.executeKeywordForPlatform(KeywordExecutor.groovy:73)
	at com.kms.katalon.core.webui.keyword.WebUiBuiltInKeywords.navigateToUrl(WebUiBuiltInKeywords.groovy:183)
	at com.kms.katalon.core.webui.keyword.WebUiBuiltInKeywords$navigateToUrl$0.call(Unknown Source)
	at ist_real.Login_IST.go_to_ISTools_URL(Login_IST.groovy:83)
	at âœ½.Go to ISTools(/Users/chaidir.pratama01/Katalon Studio/IST_Automation_Git/Include/features/IST_Real/RTD/Partner_Disbursement/Search_by_STATUS.feature:193)
Caused by: org.openqa.selenium.WebDriverException: unknown error: net::ERR_CONNECTION_REFUSED
  (Session info: headless chrome=87.0.4280.141)
Build info: version: '3.141.59', revision: 'e82be7d358', time: '2018-11-14T08:25:53'
System info: host: 'M-Chaidir-Pratama.local', ip: 'fe80:0:0:0:14e4:ed6f:bc3b:fd01%en0', os.name: 'Mac OS X', os.arch: 'x86_64', os.version: '10.15', java.version: '1.8.0_181'
Driver info: com.kms.katalon.selenium.driver.CChromeDriver
Capabilities {acceptInsecureCerts: false, browserName: chrome, browserVersion: 87.0.4280.141, chrome: {chromedriverVersion: 87.0.4280.88 (89e2380a3e36c..., userDataDir: /var/folders/0s/4_d154xd6dq...}, goog:chromeOptions: {debuggerAddress: localhost:52923}, javascriptEnabled: true, networkConnectionEnabled: false, pageLoadStrategy: normal, platform: MAC, platformName: MAC, proxy: Proxy(), setWindowRect: true, strictFileInteractability: false, timeouts: {implicit: 0, pageLoad: 300000, script: 30000}, unhandledPromptBehavior: dismiss and notify, webauthn:virtualAuthenticators: true}
Session ID: 168c203d08c3f3101a42828797ca1a26
	at org.openqa.selenium.remote.http.W3CHttpResponseCodec.createException(W3CHttpResponseCodec.java:187)
	at org.openqa.selenium.remote.http.W3CHttpResponseCodec.decode(W3CHttpResponseCodec.java:122)
	at org.openqa.selenium.remote.http.W3CHttpResponseCodec.decode(W3CHttpResponseCodec.java:49)
	at org.openqa.selenium.remote.HttpCommandExecutor.execute(HttpCommandExecutor.java:158)
	at org.openqa.selenium.remote.service.DriverCommandExecutor.execute(DriverCommandExecutor.java:83)
	at org.openqa.selenium.remote.RemoteWebDriver.execute(RemoteWebDriver.java:552)
	at com.kms.katalon.selenium.driver.CChromeDriver.execute(CChromeDriver.java:19)
	at org.openqa.selenium.remote.RemoteWebDriver.get(RemoteWebDriver.java:277)
	at org.openqa.selenium.remote.RemoteWebDriver$RemoteNavigation.to(RemoteWebDriver.java:857)
	at org.openqa.selenium.support.events.EventFiringWebDriver$EventFiringNavigation.to(EventFiringWebDriver.java:569)
	at com.kms.katalon.core.webui.keyword.builtin.NavigateToUrlKeyword$_navigateToUrl_closure1.doCall(NavigateToUrlKeyword.groovy:81)
	at com.kms.katalon.core.webui.keyword.builtin.NavigateToUrlKeyword$_navigateToUrl_closure1.call(NavigateToUrlKeyword.groovy)
	at com.kms.katalon.core.webui.keyword.internal.WebUIKeywordMain.runKeyword(WebUIKeywordMain.groovy:20)
	at com.kms.katalon.core.webui.keyword.builtin.NavigateToUrlKeyword.navigateToUrl(NavigateToUrlKeyword.groovy:83)
	at com.kms.katalon.core.webui.keyword.builtin.NavigateToUrlKeyword.execute(NavigateToUrlKeyword.groovy:67)
	at com.kms.katalon.core.keyword.internal.KeywordExecutor.executeKeywordForPlatform(KeywordExecutor.groovy:73)
	at com.kms.katalon.core.webui.keyword.WebUiBuiltInKeywords.navigateToUrl(WebUiBuiltInKeywords.groovy:183)
	at com.kms.katalon.core.webui.keyword.WebUiBuiltInKeywords$navigateToUrl$0.call(Unknown Source)
	at ist_real.Login_IST.go_to_ISTools_URL(Login_IST.groovy:83)
	at cucumber.runtime.Utils$1.call(Utils.java:26)
	at cucumber.runtime.Timeout.timeout(Timeout.java:16)
	at cucumber.runtime.Utils.invoke(Utils.java:20)
	at cucumber.runtime.java.JavaStepDefinition.execute(JavaStepDefinition.java:48)
	at cucumber.runtime.PickleStepDefinitionMatch.runStep(PickleStepDefinitionMatch.java:50)
	at cucumber.runner.TestStep.executeStep(TestStep.java:55)
	at cucumber.runner.TestStep.run(TestStep.java:42)
	at cucumber.runner.PickleStepTestStep.run(PickleStepTestStep.java:53)
	at cucumber.runner.TestCase.run(TestCase.java:47)
	at cucumber.runner.Runner.runPickle(Runner.java:44)
	at cucumber.runtime.Runtime.runFeature(Runtime.java:120)
	at cucumber.runtime.Runtime.run(Runtime.java:106)
	at cucumber.api.cli.Main.run(Main.java:35)
	at cucumber.api.cli.Main$run.call(Unknown Source)
	at com.kms.katalon.core.cucumber.keyword.CucumberBuiltinKeywords$_runFeatureFile_closure1.doCall(CucumberBuiltinKeywords.groovy:76)
	at com.kms.katalon.core.cucumber.keyword.CucumberBuiltinKeywords$_runFeatureFile_closure1.doCall(CucumberBuiltinKeywords.groovy)
	at com.kms.katalon.core.keyword.internal.KeywordMain.runKeyword(KeywordMain.groovy:68)
	at com.kms.katalon.core.keyword.internal.KeywordMain$runKeyword.call(Unknown Source)
	at com.kms.katalon.core.cucumber.keyword.CucumberBuiltinKeywords.runFeatureFile(CucumberBuiltinKeywords.groovy:46)
	at com.kms.katalon.core.cucumber.keyword.CucumberBuiltinKeywords$runFeatureFile$0.callStatic(Unknown Source)
	at com.kms.katalon.core.cucumber.keyword.CucumberBuiltinKeywords.runFeatureFile(CucumberBuiltinKeywords.groovy:169)
	at com.kms.katalon.core.cucumber.keyword.CucumberBuiltinKeywords$runFeatureFile.call(Unknown Source)
	at TC_Search_by_STATUS.run(TC_Search_by_STATUS:18)
	at com.kms.katalon.core.main.ScriptEngine.run(ScriptEngine.java:194)
	at com.kms.katalon.core.main.ScriptEngine.runScriptAsRawText(ScriptEngine.java:119)
	at com.kms.katalon.core.main.TestCaseExecutor.runScript(TestCaseExecutor.java:339)
	at com.kms.katalon.core.main.TestCaseExecutor.doExecute(TestCaseExecutor.java:330)
	at com.kms.katalon.core.main.TestCaseExecutor.processExecutionPhase(TestCaseExecutor.java:309)
	at com.kms.katalon.core.main.TestCaseExecutor.accessMainPhase(TestCaseExecutor.java:301)
	at com.kms.katalon.core.main.TestCaseExecutor.execute(TestCaseExecutor.java:235)
	at com.kms.katalon.core.main.TestSuiteExecutor.accessTestCaseMainPhase(TestSuiteExecutor.java:191)
	at com.kms.katalon.core.main.TestSuiteExecutor.accessTestSuiteMainPhase(TestSuiteExecutor.java:141)
	at com.kms.katalon.core.main.TestSuiteExecutor.execute(TestSuiteExecutor.java:90)
	at com.kms.katalon.core.main.TestCaseMain.startTestSuite(TestCaseMain.java:157)
	at com.kms.katalon.core.main.TestCaseMain$startTestSuite$0.call(Unknown Source)
	at TempTestSuite1611290386363.run(TempTestSuite1611290386363.groovy:39)


2021-01-22 12:44:07 - [TEST_STEP][NOT_RUN] - Login IST with valid credentials: Login IST with valid credentials

2021-01-22 12:44:07 - [MESSAGE][NOT_RUN] - Login IST with valid credentials

2021-01-22 12:44:07 - [TEST_STEP][NOT_RUN] - Login Success: Login Success

2021-01-22 12:44:07 - [MESSAGE][NOT_RUN] - Login Success

2021-01-22 12:44:07 - [TEST_STEP][NOT_RUN] - Select Arrow Menu "Real Time Disbursement": Select Arrow Menu "Real Time Disbursement"

2021-01-22 12:44:07 - [MESSAGE][NOT_RUN] - Select Arrow Menu "Real Time Disbursement"

2021-01-22 12:44:07 - [TEST_STEP][NOT_RUN] - Select Menu "Partner Disbursement": Select Menu "Partner Disbursement"

2021-01-22 12:44:07 - [MESSAGE][NOT_RUN] - Select Menu "Partner Disbursement"

2021-01-22 12:44:07 - [TEST_STEP][NOT_RUN] - Select STATUS "Success to Disburse": Select STATUS "Success to Disburse"

2021-01-22 12:44:07 - [MESSAGE][NOT_RUN] - Select STATUS "Success to Disburse"

2021-01-22 12:44:07 - [TEST_STEP][NOT_RUN] - Click button "Search": Click button "Search"

2021-01-22 12:44:07 - [MESSAGE][NOT_RUN] - Click button "Search"

2021-01-22 12:44:07 - [TEST_STEP][NOT_RUN] - Verify Search Result Presents: Verify Search Result Presents

2021-01-22 12:44:07 - [MESSAGE][NOT_RUN] - Verify Search Result Presents

2021-01-22 12:44:07 - [TEST_STEP][NOT_RUN] - Click button "Logout": Click button "Logout"

2021-01-22 12:44:07 - [MESSAGE][NOT_RUN] - Click button "Logout"

2021-01-22 12:44:07 - [TEST_STEP][NOT_RUN] - Close browser: Close browser

2021-01-22 12:44:07 - [MESSAGE][NOT_RUN] - Close browser

2021-01-22 12:44:07 - [TEST_CASE][FAILED] - Start Test Case : SCENARIO Search by STATUS Hold Payment Recreation: SCENARIO Search by STATUS Hold Payment Recreation FAILED.
Reason:
com.kms.katalon.core.exception.StepFailedException: Unable to navigate to 'https://dev-istools.homecredit.id/foundation/'
	at com.kms.katalon.core.webui.keyword.internal.WebUIKeywordMain.stepFailed(WebUIKeywordMain.groovy:64)
	at com.kms.katalon.core.webui.keyword.internal.WebUIKeywordMain.runKeyword(WebUIKeywordMain.groovy:26)
	at com.kms.katalon.core.webui.keyword.builtin.NavigateToUrlKeyword.navigateToUrl(NavigateToUrlKeyword.groovy:83)
	at com.kms.katalon.core.webui.keyword.builtin.NavigateToUrlKeyword.execute(NavigateToUrlKeyword.groovy:67)
	at com.kms.katalon.core.keyword.internal.KeywordExecutor.executeKeywordForPlatform(KeywordExecutor.groovy:73)
	at com.kms.katalon.core.webui.keyword.WebUiBuiltInKeywords.navigateToUrl(WebUiBuiltInKeywords.groovy:183)
	at com.kms.katalon.core.webui.keyword.WebUiBuiltInKeywords$navigateToUrl$0.call(Unknown Source)
	at ist_real.Login_IST.go_to_ISTools_URL(Login_IST.groovy:83)
	at âœ½.Go to ISTools(/Users/chaidir.pratama01/Katalon Studio/IST_Automation_Git/Include/features/IST_Real/RTD/Partner_Disbursement/Search_by_STATUS.feature:207)
Caused by: org.openqa.selenium.WebDriverException: unknown error: net::ERR_CONNECTION_REFUSED
  (Session info: headless chrome=87.0.4280.141)
Build info: version: '3.141.59', revision: 'e82be7d358', time: '2018-11-14T08:25:53'
System info: host: 'M-Chaidir-Pratama.local', ip: 'fe80:0:0:0:14e4:ed6f:bc3b:fd01%en0', os.name: 'Mac OS X', os.arch: 'x86_64', os.version: '10.15', java.version: '1.8.0_181'
Driver info: com.kms.katalon.selenium.driver.CChromeDriver
Capabilities {acceptInsecureCerts: false, browserName: chrome, browserVersion: 87.0.4280.141, chrome: {chromedriverVersion: 87.0.4280.88 (89e2380a3e36c..., userDataDir: /var/folders/0s/4_d154xd6dq...}, goog:chromeOptions: {debuggerAddress: localhost:52936}, javascriptEnabled: true, networkConnectionEnabled: false, pageLoadStrategy: normal, platform: MAC, platformName: MAC, proxy: Proxy(), setWindowRect: true, strictFileInteractability: false, timeouts: {implicit: 0, pageLoad: 300000, script: 30000}, unhandledPromptBehavior: dismiss and notify, webauthn:virtualAuthenticators: true}
Session ID: c432f35d7ab822e4cf7ed8c6c926cab0
	at org.openqa.selenium.remote.http.W3CHttpResponseCodec.createException(W3CHttpResponseCodec.java:187)
	at org.openqa.selenium.remote.http.W3CHttpResponseCodec.decode(W3CHttpResponseCodec.java:122)
	at org.openqa.selenium.remote.http.W3CHttpResponseCodec.decode(W3CHttpResponseCodec.java:49)
	at org.openqa.selenium.remote.HttpCommandExecutor.execute(HttpCommandExecutor.java:158)
	at org.openqa.selenium.remote.service.DriverCommandExecutor.execute(DriverCommandExecutor.java:83)
	at org.openqa.selenium.remote.RemoteWebDriver.execute(RemoteWebDriver.java:552)
	at com.kms.katalon.selenium.driver.CChromeDriver.execute(CChromeDriver.java:19)
	at org.openqa.selenium.remote.RemoteWebDriver.get(RemoteWebDriver.java:277)
	at org.openqa.selenium.remote.RemoteWebDriver$RemoteNavigation.to(RemoteWebDriver.java:857)
	at org.openqa.selenium.support.events.EventFiringWebDriver$EventFiringNavigation.to(EventFiringWebDriver.java:569)
	at com.kms.katalon.core.webui.keyword.builtin.NavigateToUrlKeyword$_navigateToUrl_closure1.doCall(NavigateToUrlKeyword.groovy:81)
	at com.kms.katalon.core.webui.keyword.builtin.NavigateToUrlKeyword$_navigateToUrl_closure1.call(NavigateToUrlKeyword.groovy)
	at com.kms.katalon.core.webui.keyword.internal.WebUIKeywordMain.runKeyword(WebUIKeywordMain.groovy:20)
	at com.kms.katalon.core.webui.keyword.builtin.NavigateToUrlKeyword.navigateToUrl(NavigateToUrlKeyword.groovy:83)
	at com.kms.katalon.core.webui.keyword.builtin.NavigateToUrlKeyword.execute(NavigateToUrlKeyword.groovy:67)
	at com.kms.katalon.core.keyword.internal.KeywordExecutor.executeKeywordForPlatform(KeywordExecutor.groovy:73)
	at com.kms.katalon.core.webui.keyword.WebUiBuiltInKeywords.navigateToUrl(WebUiBuiltInKeywords.groovy:183)
	at com.kms.katalon.core.webui.keyword.WebUiBuiltInKeywords$navigateToUrl$0.call(Unknown Source)
	at ist_real.Login_IST.go_to_ISTools_URL(Login_IST.groovy:83)
	at cucumber.runtime.Utils$1.call(Utils.java:26)
	at cucumber.runtime.Timeout.timeout(Timeout.java:16)
	at cucumber.runtime.Utils.invoke(Utils.java:20)
	at cucumber.runtime.java.JavaStepDefinition.execute(JavaStepDefinition.java:48)
	at cucumber.runtime.PickleStepDefinitionMatch.runStep(PickleStepDefinitionMatch.java:50)
	at cucumber.runner.TestStep.executeStep(TestStep.java:55)
	at cucumber.runner.TestStep.run(TestStep.java:42)
	at cucumber.runner.PickleStepTestStep.run(PickleStepTestStep.java:53)
	at cucumber.runner.TestCase.run(TestCase.java:47)
	at cucumber.runner.Runner.runPickle(Runner.java:44)
	at cucumber.runtime.Runtime.runFeature(Runtime.java:120)
	at cucumber.runtime.Runtime.run(Runtime.java:106)
	at cucumber.api.cli.Main.run(Main.java:35)
	at cucumber.api.cli.Main$run.call(Unknown Source)
	at com.kms.katalon.core.cucumber.keyword.CucumberBuiltinKeywords$_runFeatureFile_closure1.doCall(CucumberBuiltinKeywords.groovy:76)
	at com.kms.katalon.core.cucumber.keyword.CucumberBuiltinKeywords$_runFeatureFile_closure1.doCall(CucumberBuiltinKeywords.groovy)
	at com.kms.katalon.core.keyword.internal.KeywordMain.runKeyword(KeywordMain.groovy:68)
	at com.kms.katalon.core.keyword.internal.KeywordMain$runKeyword.call(Unknown Source)
	at com.kms.katalon.core.cucumber.keyword.CucumberBuiltinKeywords.runFeatureFile(CucumberBuiltinKeywords.groovy:46)
	at com.kms.katalon.core.cucumber.keyword.CucumberBuiltinKeywords$runFeatureFile$0.callStatic(Unknown Source)
	at com.kms.katalon.core.cucumber.keyword.CucumberBuiltinKeywords.runFeatureFile(CucumberBuiltinKeywords.groovy:169)
	at com.kms.katalon.core.cucumber.keyword.CucumberBuiltinKeywords$runFeatureFile.call(Unknown Source)
	at TC_Search_by_STATUS.run(TC_Search_by_STATUS:18)
	at com.kms.katalon.core.main.ScriptEngine.run(ScriptEngine.java:194)
	at com.kms.katalon.core.main.ScriptEngine.runScriptAsRawText(ScriptEngine.java:119)
	at com.kms.katalon.core.main.TestCaseExecutor.runScript(TestCaseExecutor.java:339)
	at com.kms.katalon.core.main.TestCaseExecutor.doExecute(TestCaseExecutor.java:330)
	at com.kms.katalon.core.main.TestCaseExecutor.processExecutionPhase(TestCaseExecutor.java:309)
	at com.kms.katalon.core.main.TestCaseExecutor.accessMainPhase(TestCaseExecutor.java:301)
	at com.kms.katalon.core.main.TestCaseExecutor.execute(TestCaseExecutor.java:235)
	at com.kms.katalon.core.main.TestSuiteExecutor.accessTestCaseMainPhase(TestSuiteExecutor.java:191)
	at com.kms.katalon.core.main.TestSuiteExecutor.accessTestSuiteMainPhase(TestSuiteExecutor.java:141)
	at com.kms.katalon.core.main.TestSuiteExecutor.execute(TestSuiteExecutor.java:90)
	at com.kms.katalon.core.main.TestCaseMain.startTestSuite(TestCaseMain.java:157)
	at com.kms.katalon.core.main.TestCaseMain$startTestSuite$0.call(Unknown Source)
	at TempTestSuite1611290386363.run(TempTestSuite1611290386363.groovy:39)


2021-01-22 12:44:07 - [TEST_STEP][FAILED] - Go to ISTools: Go to ISTools FAILED.
Reason:
com.kms.katalon.core.exception.StepFailedException: Unable to navigate to 'https://dev-istools.homecredit.id/foundation/'
	at com.kms.katalon.core.webui.keyword.internal.WebUIKeywordMain.stepFailed(WebUIKeywordMain.groovy:64)
	at com.kms.katalon.core.webui.keyword.internal.WebUIKeywordMain.runKeyword(WebUIKeywordMain.groovy:26)
	at com.kms.katalon.core.webui.keyword.builtin.NavigateToUrlKeyword.navigateToUrl(NavigateToUrlKeyword.groovy:83)
	at com.kms.katalon.core.webui.keyword.builtin.NavigateToUrlKeyword.execute(NavigateToUrlKeyword.groovy:67)
	at com.kms.katalon.core.keyword.internal.KeywordExecutor.executeKeywordForPlatform(KeywordExecutor.groovy:73)
	at com.kms.katalon.core.webui.keyword.WebUiBuiltInKeywords.navigateToUrl(WebUiBuiltInKeywords.groovy:183)
	at com.kms.katalon.core.webui.keyword.WebUiBuiltInKeywords$navigateToUrl$0.call(Unknown Source)
	at ist_real.Login_IST.go_to_ISTools_URL(Login_IST.groovy:83)
	at âœ½.Go to ISTools(/Users/chaidir.pratama01/Katalon Studio/IST_Automation_Git/Include/features/IST_Real/RTD/Partner_Disbursement/Search_by_STATUS.feature:207)
Caused by: org.openqa.selenium.WebDriverException: unknown error: net::ERR_CONNECTION_REFUSED
  (Session info: headless chrome=87.0.4280.141)
Build info: version: '3.141.59', revision: 'e82be7d358', time: '2018-11-14T08:25:53'
System info: host: 'M-Chaidir-Pratama.local', ip: 'fe80:0:0:0:14e4:ed6f:bc3b:fd01%en0', os.name: 'Mac OS X', os.arch: 'x86_64', os.version: '10.15', java.version: '1.8.0_181'
Driver info: com.kms.katalon.selenium.driver.CChromeDriver
Capabilities {acceptInsecureCerts: false, browserName: chrome, browserVersion: 87.0.4280.141, chrome: {chromedriverVersion: 87.0.4280.88 (89e2380a3e36c..., userDataDir: /var/folders/0s/4_d154xd6dq...}, goog:chromeOptions: {debuggerAddress: localhost:52936}, javascriptEnabled: true, networkConnectionEnabled: false, pageLoadStrategy: normal, platform: MAC, platformName: MAC, proxy: Proxy(), setWindowRect: true, strictFileInteractability: false, timeouts: {implicit: 0, pageLoad: 300000, script: 30000}, unhandledPromptBehavior: dismiss and notify, webauthn:virtualAuthenticators: true}
Session ID: c432f35d7ab822e4cf7ed8c6c926cab0
	at org.openqa.selenium.remote.http.W3CHttpResponseCodec.createException(W3CHttpResponseCodec.java:187)
	at org.openqa.selenium.remote.http.W3CHttpResponseCodec.decode(W3CHttpResponseCodec.java:122)
	at org.openqa.selenium.remote.http.W3CHttpResponseCodec.decode(W3CHttpResponseCodec.java:49)
	at org.openqa.selenium.remote.HttpCommandExecutor.execute(HttpCommandExecutor.java:158)
	at org.openqa.selenium.remote.service.DriverCommandExecutor.execute(DriverCommandExecutor.java:83)
	at org.openqa.selenium.remote.RemoteWebDriver.execute(RemoteWebDriver.java:552)
	at com.kms.katalon.selenium.driver.CChromeDriver.execute(CChromeDriver.java:19)
	at org.openqa.selenium.remote.RemoteWebDriver.get(RemoteWebDriver.java:277)
	at org.openqa.selenium.remote.RemoteWebDriver$RemoteNavigation.to(RemoteWebDriver.java:857)
	at org.openqa.selenium.support.events.EventFiringWebDriver$EventFiringNavigation.to(EventFiringWebDriver.java:569)
	at com.kms.katalon.core.webui.keyword.builtin.NavigateToUrlKeyword$_navigateToUrl_closure1.doCall(NavigateToUrlKeyword.groovy:81)
	at com.kms.katalon.core.webui.keyword.builtin.NavigateToUrlKeyword$_navigateToUrl_closure1.call(NavigateToUrlKeyword.groovy)
	at com.kms.katalon.core.webui.keyword.internal.WebUIKeywordMain.runKeyword(WebUIKeywordMain.groovy:20)
	at com.kms.katalon.core.webui.keyword.builtin.NavigateToUrlKeyword.navigateToUrl(NavigateToUrlKeyword.groovy:83)
	at com.kms.katalon.core.webui.keyword.builtin.NavigateToUrlKeyword.execute(NavigateToUrlKeyword.groovy:67)
	at com.kms.katalon.core.keyword.internal.KeywordExecutor.executeKeywordForPlatform(KeywordExecutor.groovy:73)
	at com.kms.katalon.core.webui.keyword.WebUiBuiltInKeywords.navigateToUrl(WebUiBuiltInKeywords.groovy:183)
	at com.kms.katalon.core.webui.keyword.WebUiBuiltInKeywords$navigateToUrl$0.call(Unknown Source)
	at ist_real.Login_IST.go_to_ISTools_URL(Login_IST.groovy:83)
	at cucumber.runtime.Utils$1.call(Utils.java:26)
	at cucumber.runtime.Timeout.timeout(Timeout.java:16)
	at cucumber.runtime.Utils.invoke(Utils.java:20)
	at cucumber.runtime.java.JavaStepDefinition.execute(JavaStepDefinition.java:48)
	at cucumber.runtime.PickleStepDefinitionMatch.runStep(PickleStepDefinitionMatch.java:50)
	at cucumber.runner.TestStep.executeStep(TestStep.java:55)
	at cucumber.runner.TestStep.run(TestStep.java:42)
	at cucumber.runner.PickleStepTestStep.run(PickleStepTestStep.java:53)
	at cucumber.runner.TestCase.run(TestCase.java:47)
	at cucumber.runner.Runner.runPickle(Runner.java:44)
	at cucumber.runtime.Runtime.runFeature(Runtime.java:120)
	at cucumber.runtime.Runtime.run(Runtime.java:106)
	at cucumber.api.cli.Main.run(Main.java:35)
	at cucumber.api.cli.Main$run.call(Unknown Source)
	at com.kms.katalon.core.cucumber.keyword.CucumberBuiltinKeywords$_runFeatureFile_closure1.doCall(CucumberBuiltinKeywords.groovy:76)
	at com.kms.katalon.core.cucumber.keyword.CucumberBuiltinKeywords$_runFeatureFile_closure1.doCall(CucumberBuiltinKeywords.groovy)
	at com.kms.katalon.core.keyword.internal.KeywordMain.runKeyword(KeywordMain.groovy:68)
	at com.kms.katalon.core.keyword.internal.KeywordMain$runKeyword.call(Unknown Source)
	at com.kms.katalon.core.cucumber.keyword.CucumberBuiltinKeywords.runFeatureFile(CucumberBuiltinKeywords.groovy:46)
	at com.kms.katalon.core.cucumber.keyword.CucumberBuiltinKeywords$runFeatureFile$0.callStatic(Unknown Source)
	at com.kms.katalon.core.cucumber.keyword.CucumberBuiltinKeywords.runFeatureFile(CucumberBuiltinKeywords.groovy:169)
	at com.kms.katalon.core.cucumber.keyword.CucumberBuiltinKeywords$runFeatureFile.call(Unknown Source)
	at TC_Search_by_STATUS.run(TC_Search_by_STATUS:18)
	at com.kms.katalon.core.main.ScriptEngine.run(ScriptEngine.java:194)
	at com.kms.katalon.core.main.ScriptEngine.runScriptAsRawText(ScriptEngine.java:119)
	at com.kms.katalon.core.main.TestCaseExecutor.runScript(TestCaseExecutor.java:339)
	at com.kms.katalon.core.main.TestCaseExecutor.doExecute(TestCaseExecutor.java:330)
	at com.kms.katalon.core.main.TestCaseExecutor.processExecutionPhase(TestCaseExecutor.java:309)
	at com.kms.katalon.core.main.TestCaseExecutor.accessMainPhase(TestCaseExecutor.java:301)
	at com.kms.katalon.core.main.TestCaseExecutor.execute(TestCaseExecutor.java:235)
	at com.kms.katalon.core.main.TestSuiteExecutor.accessTestCaseMainPhase(TestSuiteExecutor.java:191)
	at com.kms.katalon.core.main.TestSuiteExecutor.accessTestSuiteMainPhase(TestSuiteExecutor.java:141)
	at com.kms.katalon.core.main.TestSuiteExecutor.execute(TestSuiteExecutor.java:90)
	at com.kms.katalon.core.main.TestCaseMain.startTestSuite(TestCaseMain.java:157)
	at com.kms.katalon.core.main.TestCaseMain$startTestSuite$0.call(Unknown Source)
	at TempTestSuite1611290386363.run(TempTestSuite1611290386363.groovy:39)


2021-01-22 12:44:07 - [MESSAGE][WARNING] - A browser is already opened. Closing browser and opening a new one

2021-01-22 12:44:07 - [MESSAGE][INFO] - Starting 'Chrome (headless)' driver

2021-01-22 12:44:07 - [MESSAGE][INFO] - User set preference: ['args', '[--start-maximized, --disable-gpu, --no-proxy-server, â€“-no-sandbox, --allow-running-insecure-content, --ignore-certificate-errors, window-size=1680,814, force-device-scale-factor=2, --lang=en-GB]']

2021-01-22 12:44:07 - [MESSAGE][INFO] - User set preference: ['prefs', '{download.default_directory=/Users/chaidir.pratama01/Katalon Studio/IST_Automation_Git/Download}']

2021-01-22 12:44:07 - [MESSAGE][INFO] - Action delay is set to 0 milliseconds

2021-01-22 12:44:08 - [MESSAGE][PASSED] - Browser is opened with url: ''

2021-01-22 12:44:10 - [MESSAGE][FAILED] - Unable to navigate to 'https://dev-istools.homecredit.id/foundation/' (Root cause: com.kms.katalon.core.exception.StepFailedException: Unable to navigate to 'https://dev-istools.homecredit.id/foundation/'
	at com.kms.katalon.core.webui.keyword.internal.WebUIKeywordMain.stepFailed(WebUIKeywordMain.groovy:64)
	at com.kms.katalon.core.webui.keyword.internal.WebUIKeywordMain.runKeyword(WebUIKeywordMain.groovy:26)
	at com.kms.katalon.core.webui.keyword.builtin.NavigateToUrlKeyword.navigateToUrl(NavigateToUrlKeyword.groovy:83)
	at com.kms.katalon.core.webui.keyword.builtin.NavigateToUrlKeyword.execute(NavigateToUrlKeyword.groovy:67)
	at com.kms.katalon.core.keyword.internal.KeywordExecutor.executeKeywordForPlatform(KeywordExecutor.groovy:73)
	at com.kms.katalon.core.webui.keyword.WebUiBuiltInKeywords.navigateToUrl(WebUiBuiltInKeywords.groovy:183)
	at com.kms.katalon.core.webui.keyword.WebUiBuiltInKeywords$navigateToUrl$0.call(Unknown Source)
	at ist_real.Login_IST.go_to_ISTools_URL(Login_IST.groovy:83)
	at cucumber.runtime.Utils$1.call(Utils.java:26)
	at cucumber.runtime.Timeout.timeout(Timeout.java:16)
	at cucumber.runtime.Utils.invoke(Utils.java:20)
	at cucumber.runtime.java.JavaStepDefinition.execute(JavaStepDefinition.java:48)
	at cucumber.runtime.PickleStepDefinitionMatch.runStep(PickleStepDefinitionMatch.java:50)
	at cucumber.runner.TestStep.executeStep(TestStep.java:55)
	at cucumber.runner.TestStep.run(TestStep.java:42)
	at cucumber.runner.PickleStepTestStep.run(PickleStepTestStep.java:53)
	at cucumber.runner.TestCase.run(TestCase.java:47)
	at cucumber.runner.Runner.runPickle(Runner.java:44)
	at cucumber.runtime.Runtime.runFeature(Runtime.java:120)
	at cucumber.runtime.Runtime.run(Runtime.java:106)
	at cucumber.api.cli.Main.run(Main.java:35)
	at cucumber.api.cli.Main$run.call(Unknown Source)
	at com.kms.katalon.core.cucumber.keyword.CucumberBuiltinKeywords$_runFeatureFile_closure1.doCall(CucumberBuiltinKeywords.groovy:76)
	at com.kms.katalon.core.cucumber.keyword.CucumberBuiltinKeywords$_runFeatureFile_closure1.doCall(CucumberBuiltinKeywords.groovy)
	at com.kms.katalon.core.keyword.internal.KeywordMain.runKeyword(KeywordMain.groovy:68)
	at com.kms.katalon.core.keyword.internal.KeywordMain$runKeyword.call(Unknown Source)
	at com.kms.katalon.core.cucumber.keyword.CucumberBuiltinKeywords.runFeatureFile(CucumberBuiltinKeywords.groovy:46)
	at com.kms.katalon.core.cucumber.keyword.CucumberBuiltinKeywords$runFeatureFile$0.callStatic(Unknown Source)
	at com.kms.katalon.core.cucumber.keyword.CucumberBuiltinKeywords.runFeatureFile(CucumberBuiltinKeywords.groovy:169)
	at com.kms.katalon.core.cucumber.keyword.CucumberBuiltinKeywords$runFeatureFile.call(Unknown Source)
	at TC_Search_by_STATUS.run(TC_Search_by_STATUS:18)
	at com.kms.katalon.core.main.ScriptEngine.run(ScriptEngine.java:194)
	at com.kms.katalon.core.main.ScriptEngine.runScriptAsRawText(ScriptEngine.java:119)
	at com.kms.katalon.core.main.TestCaseExecutor.runScript(TestCaseExecutor.java:339)
	at com.kms.katalon.core.main.TestCaseExecutor.doExecute(TestCaseExecutor.java:330)
	at com.kms.katalon.core.main.TestCaseExecutor.processExecutionPhase(TestCaseExecutor.java:309)
	at com.kms.katalon.core.main.TestCaseExecutor.accessMainPhase(TestCaseExecutor.java:301)
	at com.kms.katalon.core.main.TestCaseExecutor.execute(TestCaseExecutor.java:235)
	at com.kms.katalon.core.main.TestSuiteExecutor.accessTestCaseMainPhase(TestSuiteExecutor.java:191)
	at com.kms.katalon.core.main.TestSuiteExecutor.accessTestSuiteMainPhase(TestSuiteExecutor.java:141)
	at com.kms.katalon.core.main.TestSuiteExecutor.execute(TestSuiteExecutor.java:90)
	at com.kms.katalon.core.main.TestCaseMain.startTestSuite(TestCaseMain.java:157)
	at com.kms.katalon.core.main.TestCaseMain$startTestSuite$0.call(Unknown Source)
	at TempTestSuite1611290386363.run(TempTestSuite1611290386363.groovy:39)
Caused by: org.openqa.selenium.WebDriverException: unknown error: net::ERR_CONNECTION_REFUSED
  (Session info: headless chrome=87.0.4280.141)
Build info: version: '3.141.59', revision: 'e82be7d358', time: '2018-11-14T08:25:53'
System info: host: 'M-Chaidir-Pratama.local', ip: 'fe80:0:0:0:14e4:ed6f:bc3b:fd01%en0', os.name: 'Mac OS X', os.arch: 'x86_64', os.version: '10.15', java.version: '1.8.0_181'
Driver info: com.kms.katalon.selenium.driver.CChromeDriver
Capabilities {acceptInsecureCerts: false, browserName: chrome, browserVersion: 87.0.4280.141, chrome: {chromedriverVersion: 87.0.4280.88 (89e2380a3e36c..., userDataDir: /var/folders/0s/4_d154xd6dq...}, goog:chromeOptions: {debuggerAddress: localhost:52936}, javascriptEnabled: true, networkConnectionEnabled: false, pageLoadStrategy: normal, platform: MAC, platformName: MAC, proxy: Proxy(), setWindowRect: true, strictFileInteractability: false, timeouts: {implicit: 0, pageLoad: 300000, script: 30000}, unhandledPromptBehavior: dismiss and notify, webauthn:virtualAuthenticators: true}
Session ID: c432f35d7ab822e4cf7ed8c6c926cab0
	at org.openqa.selenium.remote.http.W3CHttpResponseCodec.createException(W3CHttpResponseCodec.java:187)
	at org.openqa.selenium.remote.http.W3CHttpResponseCodec.decode(W3CHttpResponseCodec.java:122)
	at org.openqa.selenium.remote.http.W3CHttpResponseCodec.decode(W3CHttpResponseCodec.java:49)
	at org.openqa.selenium.remote.HttpCommandExecutor.execute(HttpCommandExecutor.java:158)
	at org.openqa.selenium.remote.service.DriverCommandExecutor.execute(DriverCommandExecutor.java:83)
	at org.openqa.selenium.remote.RemoteWebDriver.execute(RemoteWebDriver.java:552)
	at com.kms.katalon.selenium.driver.CChromeDriver.execute(CChromeDriver.java:19)
	at org.openqa.selenium.remote.RemoteWebDriver.get(RemoteWebDriver.java:277)
	at org.openqa.selenium.remote.RemoteWebDriver$RemoteNavigation.to(RemoteWebDriver.java:857)
	at org.openqa.selenium.support.events.EventFiringWebDriver$EventFiringNavigation.to(EventFiringWebDriver.java:569)
	at com.kms.katalon.core.webui.keyword.builtin.NavigateToUrlKeyword$_navigateToUrl_closure1.doCall(NavigateToUrlKeyword.groovy:81)
	at com.kms.katalon.core.webui.keyword.builtin.NavigateToUrlKeyword$_navigateToUrl_closure1.call(NavigateToUrlKeyword.groovy)
	at com.kms.katalon.core.webui.keyword.internal.WebUIKeywordMain.runKeyword(WebUIKeywordMain.groovy:20)
	at com.kms.katalon.core.webui.keyword.builtin.NavigateToUrlKeyword.navigateToUrl(NavigateToUrlKeyword.groovy:83)
	at com.kms.katalon.core.webui.keyword.builtin.NavigateToUrlKeyword.execute(NavigateToUrlKeyword.groovy:67)
	at com.kms.katalon.core.keyword.internal.KeywordExecutor.executeKeywordForPlatform(KeywordExecutor.groovy:73)
	at com.kms.katalon.core.webui.keyword.WebUiBuiltInKeywords.navigateToUrl(WebUiBuiltInKeywords.groovy:183)
	at com.kms.katalon.core.webui.keyword.WebUiBuiltInKeywords$navigateToUrl$0.call(Unknown Source)
	at ist_real.Login_IST.go_to_ISTools_URL(Login_IST.groovy:83)
	at cucumber.runtime.Utils$1.call(Utils.java:26)
	at cucumber.runtime.Timeout.timeout(Timeout.java:16)
	at cucumber.runtime.Utils.invoke(Utils.java:20)
	at cucumber.runtime.java.JavaStepDefinition.execute(JavaStepDefinition.java:48)
	at cucumber.runtime.PickleStepDefinitionMatch.runStep(PickleStepDefinitionMatch.java:50)
	at cucumber.runner.TestStep.executeStep(TestStep.java:55)
	at cucumber.runner.TestStep.run(TestStep.java:42)
	at cucumber.runner.PickleStepTestStep.run(PickleStepTestStep.java:53)
	at cucumber.runner.TestCase.run(TestCase.java:47)
	at cucumber.runner.Runner.runPickle(Runner.java:44)
	at cucumber.runtime.Runtime.runFeature(Runtime.java:120)
	at cucumber.runtime.Runtime.run(Runtime.java:106)
	at cucumber.api.cli.Main.run(Main.java:35)
	at cucumber.api.cli.Main$run.call(Unknown Source)
	at com.kms.katalon.core.cucumber.keyword.CucumberBuiltinKeywords$_runFeatureFile_closure1.doCall(CucumberBuiltinKeywords.groovy:76)
	at com.kms.katalon.core.cucumber.keyword.CucumberBuiltinKeywords$_runFeatureFile_closure1.doCall(CucumberBuiltinKeywords.groovy)
	at com.kms.katalon.core.keyword.internal.KeywordMain.runKeyword(KeywordMain.groovy:68)
	at com.kms.katalon.core.keyword.internal.KeywordMain$runKeyword.call(Unknown Source)
	at com.kms.katalon.core.cucumber.keyword.CucumberBuiltinKeywords.runFeatureFile(CucumberBuiltinKeywords.groovy:46)
	at com.kms.katalon.core.cucumber.keyword.CucumberBuiltinKeywords$runFeatureFile$0.callStatic(Unknown Source)
	at com.kms.katalon.core.cucumber.keyword.CucumberBuiltinKeywords.runFeatureFile(CucumberBuiltinKeywords.groovy:169)
	at com.kms.katalon.core.cucumber.keyword.CucumberBuiltinKeywords$runFeatureFile.call(Unknown Source)
	at Script1611043905720.run(Script1611043905720.groovy:18)
	... 13 more
)
[[ATTACHMENT|/Users/chaidir.pratama01/Katalon Studio/IST_Automation_Git/Reports/20210122_113940/RTD/TS_Partner_Disbursement/20210122_113946/1611294248679.png]]

2021-01-22 12:44:10 - [MESSAGE][FAILED] - Go to ISTools FAILED.
Reason:
com.kms.katalon.core.exception.StepFailedException: Unable to navigate to 'https://dev-istools.homecredit.id/foundation/'
	at com.kms.katalon.core.webui.keyword.internal.WebUIKeywordMain.stepFailed(WebUIKeywordMain.groovy:64)
	at com.kms.katalon.core.webui.keyword.internal.WebUIKeywordMain.runKeyword(WebUIKeywordMain.groovy:26)
	at com.kms.katalon.core.webui.keyword.builtin.NavigateToUrlKeyword.navigateToUrl(NavigateToUrlKeyword.groovy:83)
	at com.kms.katalon.core.webui.keyword.builtin.NavigateToUrlKeyword.execute(NavigateToUrlKeyword.groovy:67)
	at com.kms.katalon.core.keyword.internal.KeywordExecutor.executeKeywordForPlatform(KeywordExecutor.groovy:73)
	at com.kms.katalon.core.webui.keyword.WebUiBuiltInKeywords.navigateToUrl(WebUiBuiltInKeywords.groovy:183)
	at com.kms.katalon.core.webui.keyword.WebUiBuiltInKeywords$navigateToUrl$0.call(Unknown Source)
	at ist_real.Login_IST.go_to_ISTools_URL(Login_IST.groovy:83)
	at âœ½.Go to ISTools(/Users/chaidir.pratama01/Katalon Studio/IST_Automation_Git/Include/features/IST_Real/RTD/Partner_Disbursement/Search_by_STATUS.feature:207)
Caused by: org.openqa.selenium.WebDriverException: unknown error: net::ERR_CONNECTION_REFUSED
  (Session info: headless chrome=87.0.4280.141)
Build info: version: '3.141.59', revision: 'e82be7d358', time: '2018-11-14T08:25:53'
System info: host: 'M-Chaidir-Pratama.local', ip: 'fe80:0:0:0:14e4:ed6f:bc3b:fd01%en0', os.name: 'Mac OS X', os.arch: 'x86_64', os.version: '10.15', java.version: '1.8.0_181'
Driver info: com.kms.katalon.selenium.driver.CChromeDriver
Capabilities {acceptInsecureCerts: false, browserName: chrome, browserVersion: 87.0.4280.141, chrome: {chromedriverVersion: 87.0.4280.88 (89e2380a3e36c..., userDataDir: /var/folders/0s/4_d154xd6dq...}, goog:chromeOptions: {debuggerAddress: localhost:52936}, javascriptEnabled: true, networkConnectionEnabled: false, pageLoadStrategy: normal, platform: MAC, platformName: MAC, proxy: Proxy(), setWindowRect: true, strictFileInteractability: false, timeouts: {implicit: 0, pageLoad: 300000, script: 30000}, unhandledPromptBehavior: dismiss and notify, webauthn:virtualAuthenticators: true}
Session ID: c432f35d7ab822e4cf7ed8c6c926cab0
	at org.openqa.selenium.remote.http.W3CHttpResponseCodec.createException(W3CHttpResponseCodec.java:187)
	at org.openqa.selenium.remote.http.W3CHttpResponseCodec.decode(W3CHttpResponseCodec.java:122)
	at org.openqa.selenium.remote.http.W3CHttpResponseCodec.decode(W3CHttpResponseCodec.java:49)
	at org.openqa.selenium.remote.HttpCommandExecutor.execute(HttpCommandExecutor.java:158)
	at org.openqa.selenium.remote.service.DriverCommandExecutor.execute(DriverCommandExecutor.java:83)
	at org.openqa.selenium.remote.RemoteWebDriver.execute(RemoteWebDriver.java:552)
	at com.kms.katalon.selenium.driver.CChromeDriver.execute(CChromeDriver.java:19)
	at org.openqa.selenium.remote.RemoteWebDriver.get(RemoteWebDriver.java:277)
	at org.openqa.selenium.remote.RemoteWebDriver$RemoteNavigation.to(RemoteWebDriver.java:857)
	at org.openqa.selenium.support.events.EventFiringWebDriver$EventFiringNavigation.to(EventFiringWebDriver.java:569)
	at com.kms.katalon.core.webui.keyword.builtin.NavigateToUrlKeyword$_navigateToUrl_closure1.doCall(NavigateToUrlKeyword.groovy:81)
	at com.kms.katalon.core.webui.keyword.builtin.NavigateToUrlKeyword$_navigateToUrl_closure1.call(NavigateToUrlKeyword.groovy)
	at com.kms.katalon.core.webui.keyword.internal.WebUIKeywordMain.runKeyword(WebUIKeywordMain.groovy:20)
	at com.kms.katalon.core.webui.keyword.builtin.NavigateToUrlKeyword.navigateToUrl(NavigateToUrlKeyword.groovy:83)
	at com.kms.katalon.core.webui.keyword.builtin.NavigateToUrlKeyword.execute(NavigateToUrlKeyword.groovy:67)
	at com.kms.katalon.core.keyword.internal.KeywordExecutor.executeKeywordForPlatform(KeywordExecutor.groovy:73)
	at com.kms.katalon.core.webui.keyword.WebUiBuiltInKeywords.navigateToUrl(WebUiBuiltInKeywords.groovy:183)
	at com.kms.katalon.core.webui.keyword.WebUiBuiltInKeywords$navigateToUrl$0.call(Unknown Source)
	at ist_real.Login_IST.go_to_ISTools_URL(Login_IST.groovy:83)
	at cucumber.runtime.Utils$1.call(Utils.java:26)
	at cucumber.runtime.Timeout.timeout(Timeout.java:16)
	at cucumber.runtime.Utils.invoke(Utils.java:20)
	at cucumber.runtime.java.JavaStepDefinition.execute(JavaStepDefinition.java:48)
	at cucumber.runtime.PickleStepDefinitionMatch.runStep(PickleStepDefinitionMatch.java:50)
	at cucumber.runner.TestStep.executeStep(TestStep.java:55)
	at cucumber.runner.TestStep.run(TestStep.java:42)
	at cucumber.runner.PickleStepTestStep.run(PickleStepTestStep.java:53)
	at cucumber.runner.TestCase.run(TestCase.java:47)
	at cucumber.runner.Runner.runPickle(Runner.java:44)
	at cucumber.runtime.Runtime.runFeature(Runtime.java:120)
	at cucumber.runtime.Runtime.run(Runtime.java:106)
	at cucumber.api.cli.Main.run(Main.java:35)
	at cucumber.api.cli.Main$run.call(Unknown Source)
	at com.kms.katalon.core.cucumber.keyword.CucumberBuiltinKeywords$_runFeatureFile_closure1.doCall(CucumberBuiltinKeywords.groovy:76)
	at com.kms.katalon.core.cucumber.keyword.CucumberBuiltinKeywords$_runFeatureFile_closure1.doCall(CucumberBuiltinKeywords.groovy)
	at com.kms.katalon.core.keyword.internal.KeywordMain.runKeyword(KeywordMain.groovy:68)
	at com.kms.katalon.core.keyword.internal.KeywordMain$runKeyword.call(Unknown Source)
	at com.kms.katalon.core.cucumber.keyword.CucumberBuiltinKeywords.runFeatureFile(CucumberBuiltinKeywords.groovy:46)
	at com.kms.katalon.core.cucumber.keyword.CucumberBuiltinKeywords$runFeatureFile$0.callStatic(Unknown Source)
	at com.kms.katalon.core.cucumber.keyword.CucumberBuiltinKeywords.runFeatureFile(CucumberBuiltinKeywords.groovy:169)
	at com.kms.katalon.core.cucumber.keyword.CucumberBuiltinKeywords$runFeatureFile.call(Unknown Source)
	at TC_Search_by_STATUS.run(TC_Search_by_STATUS:18)
	at com.kms.katalon.core.main.ScriptEngine.run(ScriptEngine.java:194)
	at com.kms.katalon.core.main.ScriptEngine.runScriptAsRawText(ScriptEngine.java:119)
	at com.kms.katalon.core.main.TestCaseExecutor.runScript(TestCaseExecutor.java:339)
	at com.kms.katalon.core.main.TestCaseExecutor.doExecute(TestCaseExecutor.java:330)
	at com.kms.katalon.core.main.TestCaseExecutor.processExecutionPhase(TestCaseExecutor.java:309)
	at com.kms.katalon.core.main.TestCaseExecutor.accessMainPhase(TestCaseExecutor.java:301)
	at com.kms.katalon.core.main.TestCaseExecutor.execute(TestCaseExecutor.java:235)
	at com.kms.katalon.core.main.TestSuiteExecutor.accessTestCaseMainPhase(TestSuiteExecutor.java:191)
	at com.kms.katalon.core.main.TestSuiteExecutor.accessTestSuiteMainPhase(TestSuiteExecutor.java:141)
	at com.kms.katalon.core.main.TestSuiteExecutor.execute(TestSuiteExecutor.java:90)
	at com.kms.katalon.core.main.TestCaseMain.startTestSuite(TestCaseMain.java:157)
	at com.kms.katalon.core.main.TestCaseMain$startTestSuite$0.call(Unknown Source)
	at TempTestSuite1611290386363.run(TempTestSuite1611290386363.groovy:39)


2021-01-22 12:44:10 - [TEST_STEP][NOT_RUN] - Login IST with valid credentials: Login IST with valid credentials

2021-01-22 12:44:10 - [MESSAGE][NOT_RUN] - Login IST with valid credentials

2021-01-22 12:44:10 - [TEST_STEP][NOT_RUN] - Login Success: Login Success

2021-01-22 12:44:10 - [MESSAGE][NOT_RUN] - Login Success

2021-01-22 12:44:10 - [TEST_STEP][NOT_RUN] - Select Arrow Menu "Real Time Disbursement": Select Arrow Menu "Real Time Disbursement"

2021-01-22 12:44:10 - [MESSAGE][NOT_RUN] - Select Arrow Menu "Real Time Disbursement"

2021-01-22 12:44:10 - [TEST_STEP][NOT_RUN] - Select Menu "Partner Disbursement": Select Menu "Partner Disbursement"

2021-01-22 12:44:10 - [MESSAGE][NOT_RUN] - Select Menu "Partner Disbursement"

2021-01-22 12:44:10 - [TEST_STEP][NOT_RUN] - Select STATUS "Hold Payment Recreation": Select STATUS "Hold Payment Recreation"

2021-01-22 12:44:10 - [MESSAGE][NOT_RUN] - Select STATUS "Hold Payment Recreation"

2021-01-22 12:44:10 - [TEST_STEP][NOT_RUN] - Click button "Search": Click button "Search"

2021-01-22 12:44:10 - [MESSAGE][NOT_RUN] - Click button "Search"

2021-01-22 12:44:10 - [TEST_STEP][NOT_RUN] - Verify Search Result Presents: Verify Search Result Presents

2021-01-22 12:44:10 - [MESSAGE][NOT_RUN] - Verify Search Result Presents

2021-01-22 12:44:10 - [TEST_STEP][NOT_RUN] - Click button "Logout": Click button "Logout"

2021-01-22 12:44:10 - [MESSAGE][NOT_RUN] - Click button "Logout"

2021-01-22 12:44:10 - [TEST_STEP][NOT_RUN] - Close browser: Close browser

2021-01-22 12:44:10 - [MESSAGE][NOT_RUN] - Close browser

2021-01-22 12:44:10 - [TEST_CASE][FAILED] - Start Test Case : SCENARIO Search by STATUS Waiting Confirmation From SBO: SCENARIO Search by STATUS Waiting Confirmation From SBO FAILED.
Reason:
com.kms.katalon.core.exception.StepFailedException: Unable to navigate to 'https://dev-istools.homecredit.id/foundation/'
	at com.kms.katalon.core.webui.keyword.internal.WebUIKeywordMain.stepFailed(WebUIKeywordMain.groovy:64)
	at com.kms.katalon.core.webui.keyword.internal.WebUIKeywordMain.runKeyword(WebUIKeywordMain.groovy:26)
	at com.kms.katalon.core.webui.keyword.builtin.NavigateToUrlKeyword.navigateToUrl(NavigateToUrlKeyword.groovy:83)
	at com.kms.katalon.core.webui.keyword.builtin.NavigateToUrlKeyword.execute(NavigateToUrlKeyword.groovy:67)
	at com.kms.katalon.core.keyword.internal.KeywordExecutor.executeKeywordForPlatform(KeywordExecutor.groovy:73)
	at com.kms.katalon.core.webui.keyword.WebUiBuiltInKeywords.navigateToUrl(WebUiBuiltInKeywords.groovy:183)
	at com.kms.katalon.core.webui.keyword.WebUiBuiltInKeywords$navigateToUrl$0.call(Unknown Source)
	at ist_real.Login_IST.go_to_ISTools_URL(Login_IST.groovy:83)
	at âœ½.Go to ISTools(/Users/chaidir.pratama01/Katalon Studio/IST_Automation_Git/Include/features/IST_Real/RTD/Partner_Disbursement/Search_by_STATUS.feature:221)
Caused by: org.openqa.selenium.WebDriverException: unknown error: net::ERR_CONNECTION_REFUSED
  (Session info: headless chrome=87.0.4280.141)
Build info: version: '3.141.59', revision: 'e82be7d358', time: '2018-11-14T08:25:53'
System info: host: 'M-Chaidir-Pratama.local', ip: 'fe80:0:0:0:14e4:ed6f:bc3b:fd01%en0', os.name: 'Mac OS X', os.arch: 'x86_64', os.version: '10.15', java.version: '1.8.0_181'
Driver info: com.kms.katalon.selenium.driver.CChromeDriver
Capabilities {acceptInsecureCerts: false, browserName: chrome, browserVersion: 87.0.4280.141, chrome: {chromedriverVersion: 87.0.4280.88 (89e2380a3e36c..., userDataDir: /var/folders/0s/4_d154xd6dq...}, goog:chromeOptions: {debuggerAddress: localhost:52949}, javascriptEnabled: true, networkConnectionEnabled: false, pageLoadStrategy: normal, platform: MAC, platformName: MAC, proxy: Proxy(), setWindowRect: true, strictFileInteractability: false, timeouts: {implicit: 0, pageLoad: 300000, script: 30000}, unhandledPromptBehavior: dismiss and notify, webauthn:virtualAuthenticators: true}
Session ID: 406ee2d9e3a20658f6b2b081466c40f0
	at org.openqa.selenium.remote.http.W3CHttpResponseCodec.createException(W3CHttpResponseCodec.java:187)
	at org.openqa.selenium.remote.http.W3CHttpResponseCodec.decode(W3CHttpResponseCodec.java:122)
	at org.openqa.selenium.remote.http.W3CHttpResponseCodec.decode(W3CHttpResponseCodec.java:49)
	at org.openqa.selenium.remote.HttpCommandExecutor.execute(HttpCommandExecutor.java:158)
	at org.openqa.selenium.remote.service.DriverCommandExecutor.execute(DriverCommandExecutor.java:83)
	at org.openqa.selenium.remote.RemoteWebDriver.execute(RemoteWebDriver.java:552)
	at com.kms.katalon.selenium.driver.CChromeDriver.execute(CChromeDriver.java:19)
	at org.openqa.selenium.remote.RemoteWebDriver.get(RemoteWebDriver.java:277)
	at org.openqa.selenium.remote.RemoteWebDriver$RemoteNavigation.to(RemoteWebDriver.java:857)
	at org.openqa.selenium.support.events.EventFiringWebDriver$EventFiringNavigation.to(EventFiringWebDriver.java:569)
	at com.kms.katalon.core.webui.keyword.builtin.NavigateToUrlKeyword$_navigateToUrl_closure1.doCall(NavigateToUrlKeyword.groovy:81)
	at com.kms.katalon.core.webui.keyword.builtin.NavigateToUrlKeyword$_navigateToUrl_closure1.call(NavigateToUrlKeyword.groovy)
	at com.kms.katalon.core.webui.keyword.internal.WebUIKeywordMain.runKeyword(WebUIKeywordMain.groovy:20)
	at com.kms.katalon.core.webui.keyword.builtin.NavigateToUrlKeyword.navigateToUrl(NavigateToUrlKeyword.groovy:83)
	at com.kms.katalon.core.webui.keyword.builtin.NavigateToUrlKeyword.execute(NavigateToUrlKeyword.groovy:67)
	at com.kms.katalon.core.keyword.internal.KeywordExecutor.executeKeywordForPlatform(KeywordExecutor.groovy:73)
	at com.kms.katalon.core.webui.keyword.WebUiBuiltInKeywords.navigateToUrl(WebUiBuiltInKeywords.groovy:183)
	at com.kms.katalon.core.webui.keyword.WebUiBuiltInKeywords$navigateToUrl$0.call(Unknown Source)
	at ist_real.Login_IST.go_to_ISTools_URL(Login_IST.groovy:83)
	at cucumber.runtime.Utils$1.call(Utils.java:26)
	at cucumber.runtime.Timeout.timeout(Timeout.java:16)
	at cucumber.runtime.Utils.invoke(Utils.java:20)
	at cucumber.runtime.java.JavaStepDefinition.execute(JavaStepDefinition.java:48)
	at cucumber.runtime.PickleStepDefinitionMatch.runStep(PickleStepDefinitionMatch.java:50)
	at cucumber.runner.TestStep.executeStep(TestStep.java:55)
	at cucumber.runner.TestStep.run(TestStep.java:42)
	at cucumber.runner.PickleStepTestStep.run(PickleStepTestStep.java:53)
	at cucumber.runner.TestCase.run(TestCase.java:47)
	at cucumber.runner.Runner.runPickle(Runner.java:44)
	at cucumber.runtime.Runtime.runFeature(Runtime.java:120)
	at cucumber.runtime.Runtime.run(Runtime.java:106)
	at cucumber.api.cli.Main.run(Main.java:35)
	at cucumber.api.cli.Main$run.call(Unknown Source)
	at com.kms.katalon.core.cucumber.keyword.CucumberBuiltinKeywords$_runFeatureFile_closure1.doCall(CucumberBuiltinKeywords.groovy:76)
	at com.kms.katalon.core.cucumber.keyword.CucumberBuiltinKeywords$_runFeatureFile_closure1.doCall(CucumberBuiltinKeywords.groovy)
	at com.kms.katalon.core.keyword.internal.KeywordMain.runKeyword(KeywordMain.groovy:68)
	at com.kms.katalon.core.keyword.internal.KeywordMain$runKeyword.call(Unknown Source)
	at com.kms.katalon.core.cucumber.keyword.CucumberBuiltinKeywords.runFeatureFile(CucumberBuiltinKeywords.groovy:46)
	at com.kms.katalon.core.cucumber.keyword.CucumberBuiltinKeywords$runFeatureFile$0.callStatic(Unknown Source)
	at com.kms.katalon.core.cucumber.keyword.CucumberBuiltinKeywords.runFeatureFile(CucumberBuiltinKeywords.groovy:169)
	at com.kms.katalon.core.cucumber.keyword.CucumberBuiltinKeywords$runFeatureFile.call(Unknown Source)
	at TC_Search_by_STATUS.run(TC_Search_by_STATUS:18)
	at com.kms.katalon.core.main.ScriptEngine.run(ScriptEngine.java:194)
	at com.kms.katalon.core.main.ScriptEngine.runScriptAsRawText(ScriptEngine.java:119)
	at com.kms.katalon.core.main.TestCaseExecutor.runScript(TestCaseExecutor.java:339)
	at com.kms.katalon.core.main.TestCaseExecutor.doExecute(TestCaseExecutor.java:330)
	at com.kms.katalon.core.main.TestCaseExecutor.processExecutionPhase(TestCaseExecutor.java:309)
	at com.kms.katalon.core.main.TestCaseExecutor.accessMainPhase(TestCaseExecutor.java:301)
	at com.kms.katalon.core.main.TestCaseExecutor.execute(TestCaseExecutor.java:235)
	at com.kms.katalon.core.main.TestSuiteExecutor.accessTestCaseMainPhase(TestSuiteExecutor.java:191)
	at com.kms.katalon.core.main.TestSuiteExecutor.accessTestSuiteMainPhase(TestSuiteExecutor.java:141)
	at com.kms.katalon.core.main.TestSuiteExecutor.execute(TestSuiteExecutor.java:90)
	at com.kms.katalon.core.main.TestCaseMain.startTestSuite(TestCaseMain.java:157)
	at com.kms.katalon.core.main.TestCaseMain$startTestSuite$0.call(Unknown Source)
	at TempTestSuite1611290386363.run(TempTestSuite1611290386363.groovy:39)


2021-01-22 12:44:10 - [TEST_STEP][FAILED] - Go to ISTools: Go to ISTools FAILED.
Reason:
com.kms.katalon.core.exception.StepFailedException: Unable to navigate to 'https://dev-istools.homecredit.id/foundation/'
	at com.kms.katalon.core.webui.keyword.internal.WebUIKeywordMain.stepFailed(WebUIKeywordMain.groovy:64)
	at com.kms.katalon.core.webui.keyword.internal.WebUIKeywordMain.runKeyword(WebUIKeywordMain.groovy:26)
	at com.kms.katalon.core.webui.keyword.builtin.NavigateToUrlKeyword.navigateToUrl(NavigateToUrlKeyword.groovy:83)
	at com.kms.katalon.core.webui.keyword.builtin.NavigateToUrlKeyword.execute(NavigateToUrlKeyword.groovy:67)
	at com.kms.katalon.core.keyword.internal.KeywordExecutor.executeKeywordForPlatform(KeywordExecutor.groovy:73)
	at com.kms.katalon.core.webui.keyword.WebUiBuiltInKeywords.navigateToUrl(WebUiBuiltInKeywords.groovy:183)
	at com.kms.katalon.core.webui.keyword.WebUiBuiltInKeywords$navigateToUrl$0.call(Unknown Source)
	at ist_real.Login_IST.go_to_ISTools_URL(Login_IST.groovy:83)
	at âœ½.Go to ISTools(/Users/chaidir.pratama01/Katalon Studio/IST_Automation_Git/Include/features/IST_Real/RTD/Partner_Disbursement/Search_by_STATUS.feature:221)
Caused by: org.openqa.selenium.WebDriverException: unknown error: net::ERR_CONNECTION_REFUSED
  (Session info: headless chrome=87.0.4280.141)
Build info: version: '3.141.59', revision: 'e82be7d358', time: '2018-11-14T08:25:53'
System info: host: 'M-Chaidir-Pratama.local', ip: 'fe80:0:0:0:14e4:ed6f:bc3b:fd01%en0', os.name: 'Mac OS X', os.arch: 'x86_64', os.version: '10.15', java.version: '1.8.0_181'
Driver info: com.kms.katalon.selenium.driver.CChromeDriver
Capabilities {acceptInsecureCerts: false, browserName: chrome, browserVersion: 87.0.4280.141, chrome: {chromedriverVersion: 87.0.4280.88 (89e2380a3e36c..., userDataDir: /var/folders/0s/4_d154xd6dq...}, goog:chromeOptions: {debuggerAddress: localhost:52949}, javascriptEnabled: true, networkConnectionEnabled: false, pageLoadStrategy: normal, platform: MAC, platformName: MAC, proxy: Proxy(), setWindowRect: true, strictFileInteractability: false, timeouts: {implicit: 0, pageLoad: 300000, script: 30000}, unhandledPromptBehavior: dismiss and notify, webauthn:virtualAuthenticators: true}
Session ID: 406ee2d9e3a20658f6b2b081466c40f0
	at org.openqa.selenium.remote.http.W3CHttpResponseCodec.createException(W3CHttpResponseCodec.java:187)
	at org.openqa.selenium.remote.http.W3CHttpResponseCodec.decode(W3CHttpResponseCodec.java:122)
	at org.openqa.selenium.remote.http.W3CHttpResponseCodec.decode(W3CHttpResponseCodec.java:49)
	at org.openqa.selenium.remote.HttpCommandExecutor.execute(HttpCommandExecutor.java:158)
	at org.openqa.selenium.remote.service.DriverCommandExecutor.execute(DriverCommandExecutor.java:83)
	at org.openqa.selenium.remote.RemoteWebDriver.execute(RemoteWebDriver.java:552)
	at com.kms.katalon.selenium.driver.CChromeDriver.execute(CChromeDriver.java:19)
	at org.openqa.selenium.remote.RemoteWebDriver.get(RemoteWebDriver.java:277)
	at org.openqa.selenium.remote.RemoteWebDriver$RemoteNavigation.to(RemoteWebDriver.java:857)
	at org.openqa.selenium.support.events.EventFiringWebDriver$EventFiringNavigation.to(EventFiringWebDriver.java:569)
	at com.kms.katalon.core.webui.keyword.builtin.NavigateToUrlKeyword$_navigateToUrl_closure1.doCall(NavigateToUrlKeyword.groovy:81)
	at com.kms.katalon.core.webui.keyword.builtin.NavigateToUrlKeyword$_navigateToUrl_closure1.call(NavigateToUrlKeyword.groovy)
	at com.kms.katalon.core.webui.keyword.internal.WebUIKeywordMain.runKeyword(WebUIKeywordMain.groovy:20)
	at com.kms.katalon.core.webui.keyword.builtin.NavigateToUrlKeyword.navigateToUrl(NavigateToUrlKeyword.groovy:83)
	at com.kms.katalon.core.webui.keyword.builtin.NavigateToUrlKeyword.execute(NavigateToUrlKeyword.groovy:67)
	at com.kms.katalon.core.keyword.internal.KeywordExecutor.executeKeywordForPlatform(KeywordExecutor.groovy:73)
	at com.kms.katalon.core.webui.keyword.WebUiBuiltInKeywords.navigateToUrl(WebUiBuiltInKeywords.groovy:183)
	at com.kms.katalon.core.webui.keyword.WebUiBuiltInKeywords$navigateToUrl$0.call(Unknown Source)
	at ist_real.Login_IST.go_to_ISTools_URL(Login_IST.groovy:83)
	at cucumber.runtime.Utils$1.call(Utils.java:26)
	at cucumber.runtime.Timeout.timeout(Timeout.java:16)
	at cucumber.runtime.Utils.invoke(Utils.java:20)
	at cucumber.runtime.java.JavaStepDefinition.execute(JavaStepDefinition.java:48)
	at cucumber.runtime.PickleStepDefinitionMatch.runStep(PickleStepDefinitionMatch.java:50)
	at cucumber.runner.TestStep.executeStep(TestStep.java:55)
	at cucumber.runner.TestStep.run(TestStep.java:42)
	at cucumber.runner.PickleStepTestStep.run(PickleStepTestStep.java:53)
	at cucumber.runner.TestCase.run(TestCase.java:47)
	at cucumber.runner.Runner.runPickle(Runner.java:44)
	at cucumber.runtime.Runtime.runFeature(Runtime.java:120)
	at cucumber.runtime.Runtime.run(Runtime.java:106)
	at cucumber.api.cli.Main.run(Main.java:35)
	at cucumber.api.cli.Main$run.call(Unknown Source)
	at com.kms.katalon.core.cucumber.keyword.CucumberBuiltinKeywords$_runFeatureFile_closure1.doCall(CucumberBuiltinKeywords.groovy:76)
	at com.kms.katalon.core.cucumber.keyword.CucumberBuiltinKeywords$_runFeatureFile_closure1.doCall(CucumberBuiltinKeywords.groovy)
	at com.kms.katalon.core.keyword.internal.KeywordMain.runKeyword(KeywordMain.groovy:68)
	at com.kms.katalon.core.keyword.internal.KeywordMain$runKeyword.call(Unknown Source)
	at com.kms.katalon.core.cucumber.keyword.CucumberBuiltinKeywords.runFeatureFile(CucumberBuiltinKeywords.groovy:46)
	at com.kms.katalon.core.cucumber.keyword.CucumberBuiltinKeywords$runFeatureFile$0.callStatic(Unknown Source)
	at com.kms.katalon.core.cucumber.keyword.CucumberBuiltinKeywords.runFeatureFile(CucumberBuiltinKeywords.groovy:169)
	at com.kms.katalon.core.cucumber.keyword.CucumberBuiltinKeywords$runFeatureFile.call(Unknown Source)
	at TC_Search_by_STATUS.run(TC_Search_by_STATUS:18)
	at com.kms.katalon.core.main.ScriptEngine.run(ScriptEngine.java:194)
	at com.kms.katalon.core.main.ScriptEngine.runScriptAsRawText(ScriptEngine.java:119)
	at com.kms.katalon.core.main.TestCaseExecutor.runScript(TestCaseExecutor.java:339)
	at com.kms.katalon.core.main.TestCaseExecutor.doExecute(TestCaseExecutor.java:330)
	at com.kms.katalon.core.main.TestCaseExecutor.processExecutionPhase(TestCaseExecutor.java:309)
	at com.kms.katalon.core.main.TestCaseExecutor.accessMainPhase(TestCaseExecutor.java:301)
	at com.kms.katalon.core.main.TestCaseExecutor.execute(TestCaseExecutor.java:235)
	at com.kms.katalon.core.main.TestSuiteExecutor.accessTestCaseMainPhase(TestSuiteExecutor.java:191)
	at com.kms.katalon.core.main.TestSuiteExecutor.accessTestSuiteMainPhase(TestSuiteExecutor.java:141)
	at com.kms.katalon.core.main.TestSuiteExecutor.execute(TestSuiteExecutor.java:90)
	at com.kms.katalon.core.main.TestCaseMain.startTestSuite(TestCaseMain.java:157)
	at com.kms.katalon.core.main.TestCaseMain$startTestSuite$0.call(Unknown Source)
	at TempTestSuite1611290386363.run(TempTestSuite1611290386363.groovy:39)


2021-01-22 12:44:10 - [MESSAGE][WARNING] - A browser is already opened. Closing browser and opening a new one

2021-01-22 12:44:10 - [MESSAGE][INFO] - Starting 'Chrome (headless)' driver

2021-01-22 12:44:10 - [MESSAGE][INFO] - User set preference: ['args', '[--start-maximized, --disable-gpu, --no-proxy-server, â€“-no-sandbox, --allow-running-insecure-content, --ignore-certificate-errors, window-size=1680,814, force-device-scale-factor=2, --lang=en-GB]']

2021-01-22 12:44:10 - [MESSAGE][INFO] - User set preference: ['prefs', '{download.default_directory=/Users/chaidir.pratama01/Katalon Studio/IST_Automation_Git/Download}']

2021-01-22 12:44:10 - [MESSAGE][INFO] - Action delay is set to 0 milliseconds

2021-01-22 12:44:11 - [MESSAGE][PASSED] - Browser is opened with url: ''

2021-01-22 12:44:13 - [MESSAGE][FAILED] - Unable to navigate to 'https://dev-istools.homecredit.id/foundation/' (Root cause: com.kms.katalon.core.exception.StepFailedException: Unable to navigate to 'https://dev-istools.homecredit.id/foundation/'
	at com.kms.katalon.core.webui.keyword.internal.WebUIKeywordMain.stepFailed(WebUIKeywordMain.groovy:64)
	at com.kms.katalon.core.webui.keyword.internal.WebUIKeywordMain.runKeyword(WebUIKeywordMain.groovy:26)
	at com.kms.katalon.core.webui.keyword.builtin.NavigateToUrlKeyword.navigateToUrl(NavigateToUrlKeyword.groovy:83)
	at com.kms.katalon.core.webui.keyword.builtin.NavigateToUrlKeyword.execute(NavigateToUrlKeyword.groovy:67)
	at com.kms.katalon.core.keyword.internal.KeywordExecutor.executeKeywordForPlatform(KeywordExecutor.groovy:73)
	at com.kms.katalon.core.webui.keyword.WebUiBuiltInKeywords.navigateToUrl(WebUiBuiltInKeywords.groovy:183)
	at com.kms.katalon.core.webui.keyword.WebUiBuiltInKeywords$navigateToUrl$0.call(Unknown Source)
	at ist_real.Login_IST.go_to_ISTools_URL(Login_IST.groovy:83)
	at cucumber.runtime.Utils$1.call(Utils.java:26)
	at cucumber.runtime.Timeout.timeout(Timeout.java:16)
	at cucumber.runtime.Utils.invoke(Utils.java:20)
	at cucumber.runtime.java.JavaStepDefinition.execute(JavaStepDefinition.java:48)
	at cucumber.runtime.PickleStepDefinitionMatch.runStep(PickleStepDefinitionMatch.java:50)
	at cucumber.runner.TestStep.executeStep(TestStep.java:55)
	at cucumber.runner.TestStep.run(TestStep.java:42)
	at cucumber.runner.PickleStepTestStep.run(PickleStepTestStep.java:53)
	at cucumber.runner.TestCase.run(TestCase.java:47)
	at cucumber.runner.Runner.runPickle(Runner.java:44)
	at cucumber.runtime.Runtime.runFeature(Runtime.java:120)
	at cucumber.runtime.Runtime.run(Runtime.java:106)
	at cucumber.api.cli.Main.run(Main.java:35)
	at cucumber.api.cli.Main$run.call(Unknown Source)
	at com.kms.katalon.core.cucumber.keyword.CucumberBuiltinKeywords$_runFeatureFile_closure1.doCall(CucumberBuiltinKeywords.groovy:76)
	at com.kms.katalon.core.cucumber.keyword.CucumberBuiltinKeywords$_runFeatureFile_closure1.doCall(CucumberBuiltinKeywords.groovy)
	at com.kms.katalon.core.keyword.internal.KeywordMain.runKeyword(KeywordMain.groovy:68)
	at com.kms.katalon.core.keyword.internal.KeywordMain$runKeyword.call(Unknown Source)
	at com.kms.katalon.core.cucumber.keyword.CucumberBuiltinKeywords.runFeatureFile(CucumberBuiltinKeywords.groovy:46)
	at com.kms.katalon.core.cucumber.keyword.CucumberBuiltinKeywords$runFeatureFile$0.callStatic(Unknown Source)
	at com.kms.katalon.core.cucumber.keyword.CucumberBuiltinKeywords.runFeatureFile(CucumberBuiltinKeywords.groovy:169)
	at com.kms.katalon.core.cucumber.keyword.CucumberBuiltinKeywords$runFeatureFile.call(Unknown Source)
	at TC_Search_by_STATUS.run(TC_Search_by_STATUS:18)
	at com.kms.katalon.core.main.ScriptEngine.run(ScriptEngine.java:194)
	at com.kms.katalon.core.main.ScriptEngine.runScriptAsRawText(ScriptEngine.java:119)
	at com.kms.katalon.core.main.TestCaseExecutor.runScript(TestCaseExecutor.java:339)
	at com.kms.katalon.core.main.TestCaseExecutor.doExecute(TestCaseExecutor.java:330)
	at com.kms.katalon.core.main.TestCaseExecutor.processExecutionPhase(TestCaseExecutor.java:309)
	at com.kms.katalon.core.main.TestCaseExecutor.accessMainPhase(TestCaseExecutor.java:301)
	at com.kms.katalon.core.main.TestCaseExecutor.execute(TestCaseExecutor.java:235)
	at com.kms.katalon.core.main.TestSuiteExecutor.accessTestCaseMainPhase(TestSuiteExecutor.java:191)
	at com.kms.katalon.core.main.TestSuiteExecutor.accessTestSuiteMainPhase(TestSuiteExecutor.java:141)
	at com.kms.katalon.core.main.TestSuiteExecutor.execute(TestSuiteExecutor.java:90)
	at com.kms.katalon.core.main.TestCaseMain.startTestSuite(TestCaseMain.java:157)
	at com.kms.katalon.core.main.TestCaseMain$startTestSuite$0.call(Unknown Source)
	at TempTestSuite1611290386363.run(TempTestSuite1611290386363.groovy:39)
Caused by: org.openqa.selenium.WebDriverException: unknown error: net::ERR_CONNECTION_REFUSED
  (Session info: headless chrome=87.0.4280.141)
Build info: version: '3.141.59', revision: 'e82be7d358', time: '2018-11-14T08:25:53'
System info: host: 'M-Chaidir-Pratama.local', ip: 'fe80:0:0:0:14e4:ed6f:bc3b:fd01%en0', os.name: 'Mac OS X', os.arch: 'x86_64', os.version: '10.15', java.version: '1.8.0_181'
Driver info: com.kms.katalon.selenium.driver.CChromeDriver
Capabilities {acceptInsecureCerts: false, browserName: chrome, browserVersion: 87.0.4280.141, chrome: {chromedriverVersion: 87.0.4280.88 (89e2380a3e36c..., userDataDir: /var/folders/0s/4_d154xd6dq...}, goog:chromeOptions: {debuggerAddress: localhost:52949}, javascriptEnabled: true, networkConnectionEnabled: false, pageLoadStrategy: normal, platform: MAC, platformName: MAC, proxy: Proxy(), setWindowRect: true, strictFileInteractability: false, timeouts: {implicit: 0, pageLoad: 300000, script: 30000}, unhandledPromptBehavior: dismiss and notify, webauthn:virtualAuthenticators: true}
Session ID: 406ee2d9e3a20658f6b2b081466c40f0
	at org.openqa.selenium.remote.http.W3CHttpResponseCodec.createException(W3CHttpResponseCodec.java:187)
	at org.openqa.selenium.remote.http.W3CHttpResponseCodec.decode(W3CHttpResponseCodec.java:122)
	at org.openqa.selenium.remote.http.W3CHttpResponseCodec.decode(W3CHttpResponseCodec.java:49)
	at org.openqa.selenium.remote.HttpCommandExecutor.execute(HttpCommandExecutor.java:158)
	at org.openqa.selenium.remote.service.DriverCommandExecutor.execute(DriverCommandExecutor.java:83)
	at org.openqa.selenium.remote.RemoteWebDriver.execute(RemoteWebDriver.java:552)
	at com.kms.katalon.selenium.driver.CChromeDriver.execute(CChromeDriver.java:19)
	at org.openqa.selenium.remote.RemoteWebDriver.get(RemoteWebDriver.java:277)
	at org.openqa.selenium.remote.RemoteWebDriver$RemoteNavigation.to(RemoteWebDriver.java:857)
	at org.openqa.selenium.support.events.EventFiringWebDriver$EventFiringNavigation.to(EventFiringWebDriver.java:569)
	at com.kms.katalon.core.webui.keyword.builtin.NavigateToUrlKeyword$_navigateToUrl_closure1.doCall(NavigateToUrlKeyword.groovy:81)
	at com.kms.katalon.core.webui.keyword.builtin.NavigateToUrlKeyword$_navigateToUrl_closure1.call(NavigateToUrlKeyword.groovy)
	at com.kms.katalon.core.webui.keyword.internal.WebUIKeywordMain.runKeyword(WebUIKeywordMain.groovy:20)
	at com.kms.katalon.core.webui.keyword.builtin.NavigateToUrlKeyword.navigateToUrl(NavigateToUrlKeyword.groovy:83)
	at com.kms.katalon.core.webui.keyword.builtin.NavigateToUrlKeyword.execute(NavigateToUrlKeyword.groovy:67)
	at com.kms.katalon.core.keyword.internal.KeywordExecutor.executeKeywordForPlatform(KeywordExecutor.groovy:73)
	at com.kms.katalon.core.webui.keyword.WebUiBuiltInKeywords.navigateToUrl(WebUiBuiltInKeywords.groovy:183)
	at com.kms.katalon.core.webui.keyword.WebUiBuiltInKeywords$navigateToUrl$0.call(Unknown Source)
	at ist_real.Login_IST.go_to_ISTools_URL(Login_IST.groovy:83)
	at cucumber.runtime.Utils$1.call(Utils.java:26)
	at cucumber.runtime.Timeout.timeout(Timeout.java:16)
	at cucumber.runtime.Utils.invoke(Utils.java:20)
	at cucumber.runtime.java.JavaStepDefinition.execute(JavaStepDefinition.java:48)
	at cucumber.runtime.PickleStepDefinitionMatch.runStep(PickleStepDefinitionMatch.java:50)
	at cucumber.runner.TestStep.executeStep(TestStep.java:55)
	at cucumber.runner.TestStep.run(TestStep.java:42)
	at cucumber.runner.PickleStepTestStep.run(PickleStepTestStep.java:53)
	at cucumber.runner.TestCase.run(TestCase.java:47)
	at cucumber.runner.Runner.runPickle(Runner.java:44)
	at cucumber.runtime.Runtime.runFeature(Runtime.java:120)
	at cucumber.runtime.Runtime.run(Runtime.java:106)
	at cucumber.api.cli.Main.run(Main.java:35)
	at cucumber.api.cli.Main$run.call(Unknown Source)
	at com.kms.katalon.core.cucumber.keyword.CucumberBuiltinKeywords$_runFeatureFile_closure1.doCall(CucumberBuiltinKeywords.groovy:76)
	at com.kms.katalon.core.cucumber.keyword.CucumberBuiltinKeywords$_runFeatureFile_closure1.doCall(CucumberBuiltinKeywords.groovy)
	at com.kms.katalon.core.keyword.internal.KeywordMain.runKeyword(KeywordMain.groovy:68)
	at com.kms.katalon.core.keyword.internal.KeywordMain$runKeyword.call(Unknown Source)
	at com.kms.katalon.core.cucumber.keyword.CucumberBuiltinKeywords.runFeatureFile(CucumberBuiltinKeywords.groovy:46)
	at com.kms.katalon.core.cucumber.keyword.CucumberBuiltinKeywords$runFeatureFile$0.callStatic(Unknown Source)
	at com.kms.katalon.core.cucumber.keyword.CucumberBuiltinKeywords.runFeatureFile(CucumberBuiltinKeywords.groovy:169)
	at com.kms.katalon.core.cucumber.keyword.CucumberBuiltinKeywords$runFeatureFile.call(Unknown Source)
	at Script1611043905720.run(Script1611043905720.groovy:18)
	... 13 more
)
[[ATTACHMENT|/Users/chaidir.pratama01/Katalon Studio/IST_Automation_Git/Reports/20210122_113940/RTD/TS_Partner_Disbursement/20210122_113946/1611294251721.png]]

2021-01-22 12:44:13 - [MESSAGE][FAILED] - Go to ISTools FAILED.
Reason:
com.kms.katalon.core.exception.StepFailedException: Unable to navigate to 'https://dev-istools.homecredit.id/foundation/'
	at com.kms.katalon.core.webui.keyword.internal.WebUIKeywordMain.stepFailed(WebUIKeywordMain.groovy:64)
	at com.kms.katalon.core.webui.keyword.internal.WebUIKeywordMain.runKeyword(WebUIKeywordMain.groovy:26)
	at com.kms.katalon.core.webui.keyword.builtin.NavigateToUrlKeyword.navigateToUrl(NavigateToUrlKeyword.groovy:83)
	at com.kms.katalon.core.webui.keyword.builtin.NavigateToUrlKeyword.execute(NavigateToUrlKeyword.groovy:67)
	at com.kms.katalon.core.keyword.internal.KeywordExecutor.executeKeywordForPlatform(KeywordExecutor.groovy:73)
	at com.kms.katalon.core.webui.keyword.WebUiBuiltInKeywords.navigateToUrl(WebUiBuiltInKeywords.groovy:183)
	at com.kms.katalon.core.webui.keyword.WebUiBuiltInKeywords$navigateToUrl$0.call(Unknown Source)
	at ist_real.Login_IST.go_to_ISTools_URL(Login_IST.groovy:83)
	at âœ½.Go to ISTools(/Users/chaidir.pratama01/Katalon Studio/IST_Automation_Git/Include/features/IST_Real/RTD/Partner_Disbursement/Search_by_STATUS.feature:221)
Caused by: org.openqa.selenium.WebDriverException: unknown error: net::ERR_CONNECTION_REFUSED
  (Session info: headless chrome=87.0.4280.141)
Build info: version: '3.141.59', revision: 'e82be7d358', time: '2018-11-14T08:25:53'
System info: host: 'M-Chaidir-Pratama.local', ip: 'fe80:0:0:0:14e4:ed6f:bc3b:fd01%en0', os.name: 'Mac OS X', os.arch: 'x86_64', os.version: '10.15', java.version: '1.8.0_181'
Driver info: com.kms.katalon.selenium.driver.CChromeDriver
Capabilities {acceptInsecureCerts: false, browserName: chrome, browserVersion: 87.0.4280.141, chrome: {chromedriverVersion: 87.0.4280.88 (89e2380a3e36c..., userDataDir: /var/folders/0s/4_d154xd6dq...}, goog:chromeOptions: {debuggerAddress: localhost:52949}, javascriptEnabled: true, networkConnectionEnabled: false, pageLoadStrategy: normal, platform: MAC, platformName: MAC, proxy: Proxy(), setWindowRect: true, strictFileInteractability: false, timeouts: {implicit: 0, pageLoad: 300000, script: 30000}, unhandledPromptBehavior: dismiss and notify, webauthn:virtualAuthenticators: true}
Session ID: 406ee2d9e3a20658f6b2b081466c40f0
	at org.openqa.selenium.remote.http.W3CHttpResponseCodec.createException(W3CHttpResponseCodec.java:187)
	at org.openqa.selenium.remote.http.W3CHttpResponseCodec.decode(W3CHttpResponseCodec.java:122)
	at org.openqa.selenium.remote.http.W3CHttpResponseCodec.decode(W3CHttpResponseCodec.java:49)
	at org.openqa.selenium.remote.HttpCommandExecutor.execute(HttpCommandExecutor.java:158)
	at org.openqa.selenium.remote.service.DriverCommandExecutor.execute(DriverCommandExecutor.java:83)
	at org.openqa.selenium.remote.RemoteWebDriver.execute(RemoteWebDriver.java:552)
	at com.kms.katalon.selenium.driver.CChromeDriver.execute(CChromeDriver.java:19)
	at org.openqa.selenium.remote.RemoteWebDriver.get(RemoteWebDriver.java:277)
	at org.openqa.selenium.remote.RemoteWebDriver$RemoteNavigation.to(RemoteWebDriver.java:857)
	at org.openqa.selenium.support.events.EventFiringWebDriver$EventFiringNavigation.to(EventFiringWebDriver.java:569)
	at com.kms.katalon.core.webui.keyword.builtin.NavigateToUrlKeyword$_navigateToUrl_closure1.doCall(NavigateToUrlKeyword.groovy:81)
	at com.kms.katalon.core.webui.keyword.builtin.NavigateToUrlKeyword$_navigateToUrl_closure1.call(NavigateToUrlKeyword.groovy)
	at com.kms.katalon.core.webui.keyword.internal.WebUIKeywordMain.runKeyword(WebUIKeywordMain.groovy:20)
	at com.kms.katalon.core.webui.keyword.builtin.NavigateToUrlKeyword.navigateToUrl(NavigateToUrlKeyword.groovy:83)
	at com.kms.katalon.core.webui.keyword.builtin.NavigateToUrlKeyword.execute(NavigateToUrlKeyword.groovy:67)
	at com.kms.katalon.core.keyword.internal.KeywordExecutor.executeKeywordForPlatform(KeywordExecutor.groovy:73)
	at com.kms.katalon.core.webui.keyword.WebUiBuiltInKeywords.navigateToUrl(WebUiBuiltInKeywords.groovy:183)
	at com.kms.katalon.core.webui.keyword.WebUiBuiltInKeywords$navigateToUrl$0.call(Unknown Source)
	at ist_real.Login_IST.go_to_ISTools_URL(Login_IST.groovy:83)
	at cucumber.runtime.Utils$1.call(Utils.java:26)
	at cucumber.runtime.Timeout.timeout(Timeout.java:16)
	at cucumber.runtime.Utils.invoke(Utils.java:20)
	at cucumber.runtime.java.JavaStepDefinition.execute(JavaStepDefinition.java:48)
	at cucumber.runtime.PickleStepDefinitionMatch.runStep(PickleStepDefinitionMatch.java:50)
	at cucumber.runner.TestStep.executeStep(TestStep.java:55)
	at cucumber.runner.TestStep.run(TestStep.java:42)
	at cucumber.runner.PickleStepTestStep.run(PickleStepTestStep.java:53)
	at cucumber.runner.TestCase.run(TestCase.java:47)
	at cucumber.runner.Runner.runPickle(Runner.java:44)
	at cucumber.runtime.Runtime.runFeature(Runtime.java:120)
	at cucumber.runtime.Runtime.run(Runtime.java:106)
	at cucumber.api.cli.Main.run(Main.java:35)
	at cucumber.api.cli.Main$run.call(Unknown Source)
	at com.kms.katalon.core.cucumber.keyword.CucumberBuiltinKeywords$_runFeatureFile_closure1.doCall(CucumberBuiltinKeywords.groovy:76)
	at com.kms.katalon.core.cucumber.keyword.CucumberBuiltinKeywords$_runFeatureFile_closure1.doCall(CucumberBuiltinKeywords.groovy)
	at com.kms.katalon.core.keyword.internal.KeywordMain.runKeyword(KeywordMain.groovy:68)
	at com.kms.katalon.core.keyword.internal.KeywordMain$runKeyword.call(Unknown Source)
	at com.kms.katalon.core.cucumber.keyword.CucumberBuiltinKeywords.runFeatureFile(CucumberBuiltinKeywords.groovy:46)
	at com.kms.katalon.core.cucumber.keyword.CucumberBuiltinKeywords$runFeatureFile$0.callStatic(Unknown Source)
	at com.kms.katalon.core.cucumber.keyword.CucumberBuiltinKeywords.runFeatureFile(CucumberBuiltinKeywords.groovy:169)
	at com.kms.katalon.core.cucumber.keyword.CucumberBuiltinKeywords$runFeatureFile.call(Unknown Source)
	at TC_Search_by_STATUS.run(TC_Search_by_STATUS:18)
	at com.kms.katalon.core.main.ScriptEngine.run(ScriptEngine.java:194)
	at com.kms.katalon.core.main.ScriptEngine.runScriptAsRawText(ScriptEngine.java:119)
	at com.kms.katalon.core.main.TestCaseExecutor.runScript(TestCaseExecutor.java:339)
	at com.kms.katalon.core.main.TestCaseExecutor.doExecute(TestCaseExecutor.java:330)
	at com.kms.katalon.core.main.TestCaseExecutor.processExecutionPhase(TestCaseExecutor.java:309)
	at com.kms.katalon.core.main.TestCaseExecutor.accessMainPhase(TestCaseExecutor.java:301)
	at com.kms.katalon.core.main.TestCaseExecutor.execute(TestCaseExecutor.java:235)
	at com.kms.katalon.core.main.TestSuiteExecutor.accessTestCaseMainPhase(TestSuiteExecutor.java:191)
	at com.kms.katalon.core.main.TestSuiteExecutor.accessTestSuiteMainPhase(TestSuiteExecutor.java:141)
	at com.kms.katalon.core.main.TestSuiteExecutor.execute(TestSuiteExecutor.java:90)
	at com.kms.katalon.core.main.TestCaseMain.startTestSuite(TestCaseMain.java:157)
	at com.kms.katalon.core.main.TestCaseMain$startTestSuite$0.call(Unknown Source)
	at TempTestSuite1611290386363.run(TempTestSuite1611290386363.groovy:39)


2021-01-22 12:44:13 - [TEST_STEP][NOT_RUN] - Login IST with valid credentials: Login IST with valid credentials

2021-01-22 12:44:13 - [MESSAGE][NOT_RUN] - Login IST with valid credentials

2021-01-22 12:44:13 - [TEST_STEP][NOT_RUN] - Login Success: Login Success

2021-01-22 12:44:13 - [MESSAGE][NOT_RUN] - Login Success

2021-01-22 12:44:13 - [TEST_STEP][NOT_RUN] - Select Arrow Menu "Real Time Disbursement": Select Arrow Menu "Real Time Disbursement"

2021-01-22 12:44:13 - [MESSAGE][NOT_RUN] - Select Arrow Menu "Real Time Disbursement"

2021-01-22 12:44:13 - [TEST_STEP][NOT_RUN] - Select Menu "Partner Disbursement": Select Menu "Partner Disbursement"

2021-01-22 12:44:13 - [MESSAGE][NOT_RUN] - Select Menu "Partner Disbursement"

2021-01-22 12:44:13 - [TEST_STEP][NOT_RUN] - Select STATUS "Waiting Confirmation From SBO": Select STATUS "Waiting Confirmation From SBO"

2021-01-22 12:44:13 - [MESSAGE][NOT_RUN] - Select STATUS "Waiting Confirmation From SBO"

2021-01-22 12:44:13 - [TEST_STEP][NOT_RUN] - Click button "Search": Click button "Search"

2021-01-22 12:44:13 - [MESSAGE][NOT_RUN] - Click button "Search"

2021-01-22 12:44:13 - [TEST_STEP][NOT_RUN] - Verify Search Result Presents: Verify Search Result Presents

2021-01-22 12:44:13 - [MESSAGE][NOT_RUN] - Verify Search Result Presents

2021-01-22 12:44:13 - [TEST_STEP][NOT_RUN] - Click button "Logout": Click button "Logout"

2021-01-22 12:44:13 - [MESSAGE][NOT_RUN] - Click button "Logout"

2021-01-22 12:44:13 - [TEST_STEP][NOT_RUN] - Close browser: Close browser

2021-01-22 12:44:13 - [MESSAGE][NOT_RUN] - Close browser

2021-01-22 12:44:13 - [TEST_CASE][FAILED] - Start Test Case : SCENARIO Search by STATUS Hold Payment Insufficient Fund: SCENARIO Search by STATUS Hold Payment Insufficient Fund FAILED.
Reason:
com.kms.katalon.core.exception.StepFailedException: Unable to navigate to 'https://dev-istools.homecredit.id/foundation/'
	at com.kms.katalon.core.webui.keyword.internal.WebUIKeywordMain.stepFailed(WebUIKeywordMain.groovy:64)
	at com.kms.katalon.core.webui.keyword.internal.WebUIKeywordMain.runKeyword(WebUIKeywordMain.groovy:26)
	at com.kms.katalon.core.webui.keyword.builtin.NavigateToUrlKeyword.navigateToUrl(NavigateToUrlKeyword.groovy:83)
	at com.kms.katalon.core.webui.keyword.builtin.NavigateToUrlKeyword.execute(NavigateToUrlKeyword.groovy:67)
	at com.kms.katalon.core.keyword.internal.KeywordExecutor.executeKeywordForPlatform(KeywordExecutor.groovy:73)
	at com.kms.katalon.core.webui.keyword.WebUiBuiltInKeywords.navigateToUrl(WebUiBuiltInKeywords.groovy:183)
	at com.kms.katalon.core.webui.keyword.WebUiBuiltInKeywords$navigateToUrl$0.call(Unknown Source)
	at ist_real.Login_IST.go_to_ISTools_URL(Login_IST.groovy:83)
	at âœ½.Go to ISTools(/Users/chaidir.pratama01/Katalon Studio/IST_Automation_Git/Include/features/IST_Real/RTD/Partner_Disbursement/Search_by_STATUS.feature:235)
Caused by: org.openqa.selenium.WebDriverException: unknown error: net::ERR_CONNECTION_TIMED_OUT
  (Session info: headless chrome=87.0.4280.141)
Build info: version: '3.141.59', revision: 'e82be7d358', time: '2018-11-14T08:25:53'
System info: host: 'M-Chaidir-Pratama.local', ip: 'fe80:0:0:0:14e4:ed6f:bc3b:fd01%en0', os.name: 'Mac OS X', os.arch: 'x86_64', os.version: '10.15', java.version: '1.8.0_181'
Driver info: com.kms.katalon.selenium.driver.CChromeDriver
Capabilities {acceptInsecureCerts: false, browserName: chrome, browserVersion: 87.0.4280.141, chrome: {chromedriverVersion: 87.0.4280.88 (89e2380a3e36c..., userDataDir: /var/folders/0s/4_d154xd6dq...}, goog:chromeOptions: {debuggerAddress: localhost:52962}, javascriptEnabled: true, networkConnectionEnabled: false, pageLoadStrategy: normal, platform: MAC, platformName: MAC, proxy: Proxy(), setWindowRect: true, strictFileInteractability: false, timeouts: {implicit: 0, pageLoad: 300000, script: 30000}, unhandledPromptBehavior: dismiss and notify, webauthn:virtualAuthenticators: true}
Session ID: 71a585b06cd8ae32bd35d07658bb298c
	at org.openqa.selenium.remote.http.W3CHttpResponseCodec.createException(W3CHttpResponseCodec.java:187)
	at org.openqa.selenium.remote.http.W3CHttpResponseCodec.decode(W3CHttpResponseCodec.java:122)
	at org.openqa.selenium.remote.http.W3CHttpResponseCodec.decode(W3CHttpResponseCodec.java:49)
	at org.openqa.selenium.remote.HttpCommandExecutor.execute(HttpCommandExecutor.java:158)
	at org.openqa.selenium.remote.service.DriverCommandExecutor.execute(DriverCommandExecutor.java:83)
	at org.openqa.selenium.remote.RemoteWebDriver.execute(RemoteWebDriver.java:552)
	at com.kms.katalon.selenium.driver.CChromeDriver.execute(CChromeDriver.java:19)
	at org.openqa.selenium.remote.RemoteWebDriver.get(RemoteWebDriver.java:277)
	at org.openqa.selenium.remote.RemoteWebDriver$RemoteNavigation.to(RemoteWebDriver.java:857)
	at org.openqa.selenium.support.events.EventFiringWebDriver$EventFiringNavigation.to(EventFiringWebDriver.java:569)
	at com.kms.katalon.core.webui.keyword.builtin.NavigateToUrlKeyword$_navigateToUrl_closure1.doCall(NavigateToUrlKeyword.groovy:81)
	at com.kms.katalon.core.webui.keyword.builtin.NavigateToUrlKeyword$_navigateToUrl_closure1.call(NavigateToUrlKeyword.groovy)
	at com.kms.katalon.core.webui.keyword.internal.WebUIKeywordMain.runKeyword(WebUIKeywordMain.groovy:20)
	at com.kms.katalon.core.webui.keyword.builtin.NavigateToUrlKeyword.navigateToUrl(NavigateToUrlKeyword.groovy:83)
	at com.kms.katalon.core.webui.keyword.builtin.NavigateToUrlKeyword.execute(NavigateToUrlKeyword.groovy:67)
	at com.kms.katalon.core.keyword.internal.KeywordExecutor.executeKeywordForPlatform(KeywordExecutor.groovy:73)
	at com.kms.katalon.core.webui.keyword.WebUiBuiltInKeywords.navigateToUrl(WebUiBuiltInKeywords.groovy:183)
	at com.kms.katalon.core.webui.keyword.WebUiBuiltInKeywords$navigateToUrl$0.call(Unknown Source)
	at ist_real.Login_IST.go_to_ISTools_URL(Login_IST.groovy:83)
	at cucumber.runtime.Utils$1.call(Utils.java:26)
	at cucumber.runtime.Timeout.timeout(Timeout.java:16)
	at cucumber.runtime.Utils.invoke(Utils.java:20)
	at cucumber.runtime.java.JavaStepDefinition.execute(JavaStepDefinition.java:48)
	at cucumber.runtime.PickleStepDefinitionMatch.runStep(PickleStepDefinitionMatch.java:50)
	at cucumber.runner.TestStep.executeStep(TestStep.java:55)
	at cucumber.runner.TestStep.run(TestStep.java:42)
	at cucumber.runner.PickleStepTestStep.run(PickleStepTestStep.java:53)
	at cucumber.runner.TestCase.run(TestCase.java:47)
	at cucumber.runner.Runner.runPickle(Runner.java:44)
	at cucumber.runtime.Runtime.runFeature(Runtime.java:120)
	at cucumber.runtime.Runtime.run(Runtime.java:106)
	at cucumber.api.cli.Main.run(Main.java:35)
	at cucumber.api.cli.Main$run.call(Unknown Source)
	at com.kms.katalon.core.cucumber.keyword.CucumberBuiltinKeywords$_runFeatureFile_closure1.doCall(CucumberBuiltinKeywords.groovy:76)
	at com.kms.katalon.core.cucumber.keyword.CucumberBuiltinKeywords$_runFeatureFile_closure1.doCall(CucumberBuiltinKeywords.groovy)
	at com.kms.katalon.core.keyword.internal.KeywordMain.runKeyword(KeywordMain.groovy:68)
	at com.kms.katalon.core.keyword.internal.KeywordMain$runKeyword.call(Unknown Source)
	at com.kms.katalon.core.cucumber.keyword.CucumberBuiltinKeywords.runFeatureFile(CucumberBuiltinKeywords.groovy:46)
	at com.kms.katalon.core.cucumber.keyword.CucumberBuiltinKeywords$runFeatureFile$0.callStatic(Unknown Source)
	at com.kms.katalon.core.cucumber.keyword.CucumberBuiltinKeywords.runFeatureFile(CucumberBuiltinKeywords.groovy:169)
	at com.kms.katalon.core.cucumber.keyword.CucumberBuiltinKeywords$runFeatureFile.call(Unknown Source)
	at TC_Search_by_STATUS.run(TC_Search_by_STATUS:18)
	at com.kms.katalon.core.main.ScriptEngine.run(ScriptEngine.java:194)
	at com.kms.katalon.core.main.ScriptEngine.runScriptAsRawText(ScriptEngine.java:119)
	at com.kms.katalon.core.main.TestCaseExecutor.runScript(TestCaseExecutor.java:339)
	at com.kms.katalon.core.main.TestCaseExecutor.doExecute(TestCaseExecutor.java:330)
	at com.kms.katalon.core.main.TestCaseExecutor.processExecutionPhase(TestCaseExecutor.java:309)
	at com.kms.katalon.core.main.TestCaseExecutor.accessMainPhase(TestCaseExecutor.java:301)
	at com.kms.katalon.core.main.TestCaseExecutor.execute(TestCaseExecutor.java:235)
	at com.kms.katalon.core.main.TestSuiteExecutor.accessTestCaseMainPhase(TestSuiteExecutor.java:191)
	at com.kms.katalon.core.main.TestSuiteExecutor.accessTestSuiteMainPhase(TestSuiteExecutor.java:141)
	at com.kms.katalon.core.main.TestSuiteExecutor.execute(TestSuiteExecutor.java:90)
	at com.kms.katalon.core.main.TestCaseMain.startTestSuite(TestCaseMain.java:157)
	at com.kms.katalon.core.main.TestCaseMain$startTestSuite$0.call(Unknown Source)
	at TempTestSuite1611290386363.run(TempTestSuite1611290386363.groovy:39)


2021-01-22 12:44:13 - [TEST_STEP][FAILED] - Go to ISTools: Go to ISTools FAILED.
Reason:
com.kms.katalon.core.exception.StepFailedException: Unable to navigate to 'https://dev-istools.homecredit.id/foundation/'
	at com.kms.katalon.core.webui.keyword.internal.WebUIKeywordMain.stepFailed(WebUIKeywordMain.groovy:64)
	at com.kms.katalon.core.webui.keyword.internal.WebUIKeywordMain.runKeyword(WebUIKeywordMain.groovy:26)
	at com.kms.katalon.core.webui.keyword.builtin.NavigateToUrlKeyword.navigateToUrl(NavigateToUrlKeyword.groovy:83)
	at com.kms.katalon.core.webui.keyword.builtin.NavigateToUrlKeyword.execute(NavigateToUrlKeyword.groovy:67)
	at com.kms.katalon.core.keyword.internal.KeywordExecutor.executeKeywordForPlatform(KeywordExecutor.groovy:73)
	at com.kms.katalon.core.webui.keyword.WebUiBuiltInKeywords.navigateToUrl(WebUiBuiltInKeywords.groovy:183)
	at com.kms.katalon.core.webui.keyword.WebUiBuiltInKeywords$navigateToUrl$0.call(Unknown Source)
	at ist_real.Login_IST.go_to_ISTools_URL(Login_IST.groovy:83)
	at âœ½.Go to ISTools(/Users/chaidir.pratama01/Katalon Studio/IST_Automation_Git/Include/features/IST_Real/RTD/Partner_Disbursement/Search_by_STATUS.feature:235)
Caused by: org.openqa.selenium.WebDriverException: unknown error: net::ERR_CONNECTION_TIMED_OUT
  (Session info: headless chrome=87.0.4280.141)
Build info: version: '3.141.59', revision: 'e82be7d358', time: '2018-11-14T08:25:53'
System info: host: 'M-Chaidir-Pratama.local', ip: 'fe80:0:0:0:14e4:ed6f:bc3b:fd01%en0', os.name: 'Mac OS X', os.arch: 'x86_64', os.version: '10.15', java.version: '1.8.0_181'
Driver info: com.kms.katalon.selenium.driver.CChromeDriver
Capabilities {acceptInsecureCerts: false, browserName: chrome, browserVersion: 87.0.4280.141, chrome: {chromedriverVersion: 87.0.4280.88 (89e2380a3e36c..., userDataDir: /var/folders/0s/4_d154xd6dq...}, goog:chromeOptions: {debuggerAddress: localhost:52962}, javascriptEnabled: true, networkConnectionEnabled: false, pageLoadStrategy: normal, platform: MAC, platformName: MAC, proxy: Proxy(), setWindowRect: true, strictFileInteractability: false, timeouts: {implicit: 0, pageLoad: 300000, script: 30000}, unhandledPromptBehavior: dismiss and notify, webauthn:virtualAuthenticators: true}
Session ID: 71a585b06cd8ae32bd35d07658bb298c
	at org.openqa.selenium.remote.http.W3CHttpResponseCodec.createException(W3CHttpResponseCodec.java:187)
	at org.openqa.selenium.remote.http.W3CHttpResponseCodec.decode(W3CHttpResponseCodec.java:122)
	at org.openqa.selenium.remote.http.W3CHttpResponseCodec.decode(W3CHttpResponseCodec.java:49)
	at org.openqa.selenium.remote.HttpCommandExecutor.execute(HttpCommandExecutor.java:158)
	at org.openqa.selenium.remote.service.DriverCommandExecutor.execute(DriverCommandExecutor.java:83)
	at org.openqa.selenium.remote.RemoteWebDriver.execute(RemoteWebDriver.java:552)
	at com.kms.katalon.selenium.driver.CChromeDriver.execute(CChromeDriver.java:19)
	at org.openqa.selenium.remote.RemoteWebDriver.get(RemoteWebDriver.java:277)
	at org.openqa.selenium.remote.RemoteWebDriver$RemoteNavigation.to(RemoteWebDriver.java:857)
	at org.openqa.selenium.support.events.EventFiringWebDriver$EventFiringNavigation.to(EventFiringWebDriver.java:569)
	at com.kms.katalon.core.webui.keyword.builtin.NavigateToUrlKeyword$_navigateToUrl_closure1.doCall(NavigateToUrlKeyword.groovy:81)
	at com.kms.katalon.core.webui.keyword.builtin.NavigateToUrlKeyword$_navigateToUrl_closure1.call(NavigateToUrlKeyword.groovy)
	at com.kms.katalon.core.webui.keyword.internal.WebUIKeywordMain.runKeyword(WebUIKeywordMain.groovy:20)
	at com.kms.katalon.core.webui.keyword.builtin.NavigateToUrlKeyword.navigateToUrl(NavigateToUrlKeyword.groovy:83)
	at com.kms.katalon.core.webui.keyword.builtin.NavigateToUrlKeyword.execute(NavigateToUrlKeyword.groovy:67)
	at com.kms.katalon.core.keyword.internal.KeywordExecutor.executeKeywordForPlatform(KeywordExecutor.groovy:73)
	at com.kms.katalon.core.webui.keyword.WebUiBuiltInKeywords.navigateToUrl(WebUiBuiltInKeywords.groovy:183)
	at com.kms.katalon.core.webui.keyword.WebUiBuiltInKeywords$navigateToUrl$0.call(Unknown Source)
	at ist_real.Login_IST.go_to_ISTools_URL(Login_IST.groovy:83)
	at cucumber.runtime.Utils$1.call(Utils.java:26)
	at cucumber.runtime.Timeout.timeout(Timeout.java:16)
	at cucumber.runtime.Utils.invoke(Utils.java:20)
	at cucumber.runtime.java.JavaStepDefinition.execute(JavaStepDefinition.java:48)
	at cucumber.runtime.PickleStepDefinitionMatch.runStep(PickleStepDefinitionMatch.java:50)
	at cucumber.runner.TestStep.executeStep(TestStep.java:55)
	at cucumber.runner.TestStep.run(TestStep.java:42)
	at cucumber.runner.PickleStepTestStep.run(PickleStepTestStep.java:53)
	at cucumber.runner.TestCase.run(TestCase.java:47)
	at cucumber.runner.Runner.runPickle(Runner.java:44)
	at cucumber.runtime.Runtime.runFeature(Runtime.java:120)
	at cucumber.runtime.Runtime.run(Runtime.java:106)
	at cucumber.api.cli.Main.run(Main.java:35)
	at cucumber.api.cli.Main$run.call(Unknown Source)
	at com.kms.katalon.core.cucumber.keyword.CucumberBuiltinKeywords$_runFeatureFile_closure1.doCall(CucumberBuiltinKeywords.groovy:76)
	at com.kms.katalon.core.cucumber.keyword.CucumberBuiltinKeywords$_runFeatureFile_closure1.doCall(CucumberBuiltinKeywords.groovy)
	at com.kms.katalon.core.keyword.internal.KeywordMain.runKeyword(KeywordMain.groovy:68)
	at com.kms.katalon.core.keyword.internal.KeywordMain$runKeyword.call(Unknown Source)
	at com.kms.katalon.core.cucumber.keyword.CucumberBuiltinKeywords.runFeatureFile(CucumberBuiltinKeywords.groovy:46)
	at com.kms.katalon.core.cucumber.keyword.CucumberBuiltinKeywords$runFeatureFile$0.callStatic(Unknown Source)
	at com.kms.katalon.core.cucumber.keyword.CucumberBuiltinKeywords.runFeatureFile(CucumberBuiltinKeywords.groovy:169)
	at com.kms.katalon.core.cucumber.keyword.CucumberBuiltinKeywords$runFeatureFile.call(Unknown Source)
	at TC_Search_by_STATUS.run(TC_Search_by_STATUS:18)
	at com.kms.katalon.core.main.ScriptEngine.run(ScriptEngine.java:194)
	at com.kms.katalon.core.main.ScriptEngine.runScriptAsRawText(ScriptEngine.java:119)
	at com.kms.katalon.core.main.TestCaseExecutor.runScript(TestCaseExecutor.java:339)
	at com.kms.katalon.core.main.TestCaseExecutor.doExecute(TestCaseExecutor.java:330)
	at com.kms.katalon.core.main.TestCaseExecutor.processExecutionPhase(TestCaseExecutor.java:309)
	at com.kms.katalon.core.main.TestCaseExecutor.accessMainPhase(TestCaseExecutor.java:301)
	at com.kms.katalon.core.main.TestCaseExecutor.execute(TestCaseExecutor.java:235)
	at com.kms.katalon.core.main.TestSuiteExecutor.accessTestCaseMainPhase(TestSuiteExecutor.java:191)
	at com.kms.katalon.core.main.TestSuiteExecutor.accessTestSuiteMainPhase(TestSuiteExecutor.java:141)
	at com.kms.katalon.core.main.TestSuiteExecutor.execute(TestSuiteExecutor.java:90)
	at com.kms.katalon.core.main.TestCaseMain.startTestSuite(TestCaseMain.java:157)
	at com.kms.katalon.core.main.TestCaseMain$startTestSuite$0.call(Unknown Source)
	at TempTestSuite1611290386363.run(TempTestSuite1611290386363.groovy:39)


2021-01-22 12:44:13 - [MESSAGE][WARNING] - A browser is already opened. Closing browser and opening a new one

2021-01-22 12:44:13 - [MESSAGE][INFO] - Starting 'Chrome (headless)' driver

2021-01-22 12:44:13 - [MESSAGE][INFO] - User set preference: ['args', '[--start-maximized, --disable-gpu, --no-proxy-server, â€“-no-sandbox, --allow-running-insecure-content, --ignore-certificate-errors, window-size=1680,814, force-device-scale-factor=2, --lang=en-GB]']

2021-01-22 12:44:13 - [MESSAGE][INFO] - User set preference: ['prefs', '{download.default_directory=/Users/chaidir.pratama01/Katalon Studio/IST_Automation_Git/Download}']

2021-01-22 12:44:13 - [MESSAGE][INFO] - Action delay is set to 0 milliseconds

2021-01-22 12:44:14 - [MESSAGE][PASSED] - Browser is opened with url: ''

2021-01-22 12:45:30 - [MESSAGE][FAILED] - Unable to navigate to 'https://dev-istools.homecredit.id/foundation/' (Root cause: com.kms.katalon.core.exception.StepFailedException: Unable to navigate to 'https://dev-istools.homecredit.id/foundation/'
	at com.kms.katalon.core.webui.keyword.internal.WebUIKeywordMain.stepFailed(WebUIKeywordMain.groovy:64)
	at com.kms.katalon.core.webui.keyword.internal.WebUIKeywordMain.runKeyword(WebUIKeywordMain.groovy:26)
	at com.kms.katalon.core.webui.keyword.builtin.NavigateToUrlKeyword.navigateToUrl(NavigateToUrlKeyword.groovy:83)
	at com.kms.katalon.core.webui.keyword.builtin.NavigateToUrlKeyword.execute(NavigateToUrlKeyword.groovy:67)
	at com.kms.katalon.core.keyword.internal.KeywordExecutor.executeKeywordForPlatform(KeywordExecutor.groovy:73)
	at com.kms.katalon.core.webui.keyword.WebUiBuiltInKeywords.navigateToUrl(WebUiBuiltInKeywords.groovy:183)
	at com.kms.katalon.core.webui.keyword.WebUiBuiltInKeywords$navigateToUrl$0.call(Unknown Source)
	at ist_real.Login_IST.go_to_ISTools_URL(Login_IST.groovy:83)
	at cucumber.runtime.Utils$1.call(Utils.java:26)
	at cucumber.runtime.Timeout.timeout(Timeout.java:16)
	at cucumber.runtime.Utils.invoke(Utils.java:20)
	at cucumber.runtime.java.JavaStepDefinition.execute(JavaStepDefinition.java:48)
	at cucumber.runtime.PickleStepDefinitionMatch.runStep(PickleStepDefinitionMatch.java:50)
	at cucumber.runner.TestStep.executeStep(TestStep.java:55)
	at cucumber.runner.TestStep.run(TestStep.java:42)
	at cucumber.runner.PickleStepTestStep.run(PickleStepTestStep.java:53)
	at cucumber.runner.TestCase.run(TestCase.java:47)
	at cucumber.runner.Runner.runPickle(Runner.java:44)
	at cucumber.runtime.Runtime.runFeature(Runtime.java:120)
	at cucumber.runtime.Runtime.run(Runtime.java:106)
	at cucumber.api.cli.Main.run(Main.java:35)
	at cucumber.api.cli.Main$run.call(Unknown Source)
	at com.kms.katalon.core.cucumber.keyword.CucumberBuiltinKeywords$_runFeatureFile_closure1.doCall(CucumberBuiltinKeywords.groovy:76)
	at com.kms.katalon.core.cucumber.keyword.CucumberBuiltinKeywords$_runFeatureFile_closure1.doCall(CucumberBuiltinKeywords.groovy)
	at com.kms.katalon.core.keyword.internal.KeywordMain.runKeyword(KeywordMain.groovy:68)
	at com.kms.katalon.core.keyword.internal.KeywordMain$runKeyword.call(Unknown Source)
	at com.kms.katalon.core.cucumber.keyword.CucumberBuiltinKeywords.runFeatureFile(CucumberBuiltinKeywords.groovy:46)
	at com.kms.katalon.core.cucumber.keyword.CucumberBuiltinKeywords$runFeatureFile$0.callStatic(Unknown Source)
	at com.kms.katalon.core.cucumber.keyword.CucumberBuiltinKeywords.runFeatureFile(CucumberBuiltinKeywords.groovy:169)
	at com.kms.katalon.core.cucumber.keyword.CucumberBuiltinKeywords$runFeatureFile.call(Unknown Source)
	at TC_Search_by_STATUS.run(TC_Search_by_STATUS:18)
	at com.kms.katalon.core.main.ScriptEngine.run(ScriptEngine.java:194)
	at com.kms.katalon.core.main.ScriptEngine.runScriptAsRawText(ScriptEngine.java:119)
	at com.kms.katalon.core.main.TestCaseExecutor.runScript(TestCaseExecutor.java:339)
	at com.kms.katalon.core.main.TestCaseExecutor.doExecute(TestCaseExecutor.java:330)
	at com.kms.katalon.core.main.TestCaseExecutor.processExecutionPhase(TestCaseExecutor.java:309)
	at com.kms.katalon.core.main.TestCaseExecutor.accessMainPhase(TestCaseExecutor.java:301)
	at com.kms.katalon.core.main.TestCaseExecutor.execute(TestCaseExecutor.java:235)
	at com.kms.katalon.core.main.TestSuiteExecutor.accessTestCaseMainPhase(TestSuiteExecutor.java:191)
	at com.kms.katalon.core.main.TestSuiteExecutor.accessTestSuiteMainPhase(TestSuiteExecutor.java:141)
	at com.kms.katalon.core.main.TestSuiteExecutor.execute(TestSuiteExecutor.java:90)
	at com.kms.katalon.core.main.TestCaseMain.startTestSuite(TestCaseMain.java:157)
	at com.kms.katalon.core.main.TestCaseMain$startTestSuite$0.call(Unknown Source)
	at TempTestSuite1611290386363.run(TempTestSuite1611290386363.groovy:39)
Caused by: org.openqa.selenium.WebDriverException: unknown error: net::ERR_CONNECTION_TIMED_OUT
  (Session info: headless chrome=87.0.4280.141)
Build info: version: '3.141.59', revision: 'e82be7d358', time: '2018-11-14T08:25:53'
System info: host: 'M-Chaidir-Pratama.local', ip: 'fe80:0:0:0:14e4:ed6f:bc3b:fd01%en0', os.name: 'Mac OS X', os.arch: 'x86_64', os.version: '10.15', java.version: '1.8.0_181'
Driver info: com.kms.katalon.selenium.driver.CChromeDriver
Capabilities {acceptInsecureCerts: false, browserName: chrome, browserVersion: 87.0.4280.141, chrome: {chromedriverVersion: 87.0.4280.88 (89e2380a3e36c..., userDataDir: /var/folders/0s/4_d154xd6dq...}, goog:chromeOptions: {debuggerAddress: localhost:52962}, javascriptEnabled: true, networkConnectionEnabled: false, pageLoadStrategy: normal, platform: MAC, platformName: MAC, proxy: Proxy(), setWindowRect: true, strictFileInteractability: false, timeouts: {implicit: 0, pageLoad: 300000, script: 30000}, unhandledPromptBehavior: dismiss and notify, webauthn:virtualAuthenticators: true}
Session ID: 71a585b06cd8ae32bd35d07658bb298c
	at org.openqa.selenium.remote.http.W3CHttpResponseCodec.createException(W3CHttpResponseCodec.java:187)
	at org.openqa.selenium.remote.http.W3CHttpResponseCodec.decode(W3CHttpResponseCodec.java:122)
	at org.openqa.selenium.remote.http.W3CHttpResponseCodec.decode(W3CHttpResponseCodec.java:49)
	at org.openqa.selenium.remote.HttpCommandExecutor.execute(HttpCommandExecutor.java:158)
	at org.openqa.selenium.remote.service.DriverCommandExecutor.execute(DriverCommandExecutor.java:83)
	at org.openqa.selenium.remote.RemoteWebDriver.execute(RemoteWebDriver.java:552)
	at com.kms.katalon.selenium.driver.CChromeDriver.execute(CChromeDriver.java:19)
	at org.openqa.selenium.remote.RemoteWebDriver.get(RemoteWebDriver.java:277)
	at org.openqa.selenium.remote.RemoteWebDriver$RemoteNavigation.to(RemoteWebDriver.java:857)
	at org.openqa.selenium.support.events.EventFiringWebDriver$EventFiringNavigation.to(EventFiringWebDriver.java:569)
	at com.kms.katalon.core.webui.keyword.builtin.NavigateToUrlKeyword$_navigateToUrl_closure1.doCall(NavigateToUrlKeyword.groovy:81)
	at com.kms.katalon.core.webui.keyword.builtin.NavigateToUrlKeyword$_navigateToUrl_closure1.call(NavigateToUrlKeyword.groovy)
	at com.kms.katalon.core.webui.keyword.internal.WebUIKeywordMain.runKeyword(WebUIKeywordMain.groovy:20)
	at com.kms.katalon.core.webui.keyword.builtin.NavigateToUrlKeyword.navigateToUrl(NavigateToUrlKeyword.groovy:83)
	at com.kms.katalon.core.webui.keyword.builtin.NavigateToUrlKeyword.execute(NavigateToUrlKeyword.groovy:67)
	at com.kms.katalon.core.keyword.internal.KeywordExecutor.executeKeywordForPlatform(KeywordExecutor.groovy:73)
	at com.kms.katalon.core.webui.keyword.WebUiBuiltInKeywords.navigateToUrl(WebUiBuiltInKeywords.groovy:183)
	at com.kms.katalon.core.webui.keyword.WebUiBuiltInKeywords$navigateToUrl$0.call(Unknown Source)
	at ist_real.Login_IST.go_to_ISTools_URL(Login_IST.groovy:83)
	at cucumber.runtime.Utils$1.call(Utils.java:26)
	at cucumber.runtime.Timeout.timeout(Timeout.java:16)
	at cucumber.runtime.Utils.invoke(Utils.java:20)
	at cucumber.runtime.java.JavaStepDefinition.execute(JavaStepDefinition.java:48)
	at cucumber.runtime.PickleStepDefinitionMatch.runStep(PickleStepDefinitionMatch.java:50)
	at cucumber.runner.TestStep.executeStep(TestStep.java:55)
	at cucumber.runner.TestStep.run(TestStep.java:42)
	at cucumber.runner.PickleStepTestStep.run(PickleStepTestStep.java:53)
	at cucumber.runner.TestCase.run(TestCase.java:47)
	at cucumber.runner.Runner.runPickle(Runner.java:44)
	at cucumber.runtime.Runtime.runFeature(Runtime.java:120)
	at cucumber.runtime.Runtime.run(Runtime.java:106)
	at cucumber.api.cli.Main.run(Main.java:35)
	at cucumber.api.cli.Main$run.call(Unknown Source)
	at com.kms.katalon.core.cucumber.keyword.CucumberBuiltinKeywords$_runFeatureFile_closure1.doCall(CucumberBuiltinKeywords.groovy:76)
	at com.kms.katalon.core.cucumber.keyword.CucumberBuiltinKeywords$_runFeatureFile_closure1.doCall(CucumberBuiltinKeywords.groovy)
	at com.kms.katalon.core.keyword.internal.KeywordMain.runKeyword(KeywordMain.groovy:68)
	at com.kms.katalon.core.keyword.internal.KeywordMain$runKeyword.call(Unknown Source)
	at com.kms.katalon.core.cucumber.keyword.CucumberBuiltinKeywords.runFeatureFile(CucumberBuiltinKeywords.groovy:46)
	at com.kms.katalon.core.cucumber.keyword.CucumberBuiltinKeywords$runFeatureFile$0.callStatic(Unknown Source)
	at com.kms.katalon.core.cucumber.keyword.CucumberBuiltinKeywords.runFeatureFile(CucumberBuiltinKeywords.groovy:169)
	at com.kms.katalon.core.cucumber.keyword.CucumberBuiltinKeywords$runFeatureFile.call(Unknown Source)
	at Script1611043905720.run(Script1611043905720.groovy:18)
	... 13 more
)
[[ATTACHMENT|/Users/chaidir.pratama01/Katalon Studio/IST_Automation_Git/Reports/20210122_113940/RTD/TS_Partner_Disbursement/20210122_113946/1611294329673.png]]

2021-01-22 12:45:30 - [MESSAGE][FAILED] - Go to ISTools FAILED.
Reason:
com.kms.katalon.core.exception.StepFailedException: Unable to navigate to 'https://dev-istools.homecredit.id/foundation/'
	at com.kms.katalon.core.webui.keyword.internal.WebUIKeywordMain.stepFailed(WebUIKeywordMain.groovy:64)
	at com.kms.katalon.core.webui.keyword.internal.WebUIKeywordMain.runKeyword(WebUIKeywordMain.groovy:26)
	at com.kms.katalon.core.webui.keyword.builtin.NavigateToUrlKeyword.navigateToUrl(NavigateToUrlKeyword.groovy:83)
	at com.kms.katalon.core.webui.keyword.builtin.NavigateToUrlKeyword.execute(NavigateToUrlKeyword.groovy:67)
	at com.kms.katalon.core.keyword.internal.KeywordExecutor.executeKeywordForPlatform(KeywordExecutor.groovy:73)
	at com.kms.katalon.core.webui.keyword.WebUiBuiltInKeywords.navigateToUrl(WebUiBuiltInKeywords.groovy:183)
	at com.kms.katalon.core.webui.keyword.WebUiBuiltInKeywords$navigateToUrl$0.call(Unknown Source)
	at ist_real.Login_IST.go_to_ISTools_URL(Login_IST.groovy:83)
	at âœ½.Go to ISTools(/Users/chaidir.pratama01/Katalon Studio/IST_Automation_Git/Include/features/IST_Real/RTD/Partner_Disbursement/Search_by_STATUS.feature:235)
Caused by: org.openqa.selenium.WebDriverException: unknown error: net::ERR_CONNECTION_TIMED_OUT
  (Session info: headless chrome=87.0.4280.141)
Build info: version: '3.141.59', revision: 'e82be7d358', time: '2018-11-14T08:25:53'
System info: host: 'M-Chaidir-Pratama.local', ip: 'fe80:0:0:0:14e4:ed6f:bc3b:fd01%en0', os.name: 'Mac OS X', os.arch: 'x86_64', os.version: '10.15', java.version: '1.8.0_181'
Driver info: com.kms.katalon.selenium.driver.CChromeDriver
Capabilities {acceptInsecureCerts: false, browserName: chrome, browserVersion: 87.0.4280.141, chrome: {chromedriverVersion: 87.0.4280.88 (89e2380a3e36c..., userDataDir: /var/folders/0s/4_d154xd6dq...}, goog:chromeOptions: {debuggerAddress: localhost:52962}, javascriptEnabled: true, networkConnectionEnabled: false, pageLoadStrategy: normal, platform: MAC, platformName: MAC, proxy: Proxy(), setWindowRect: true, strictFileInteractability: false, timeouts: {implicit: 0, pageLoad: 300000, script: 30000}, unhandledPromptBehavior: dismiss and notify, webauthn:virtualAuthenticators: true}
Session ID: 71a585b06cd8ae32bd35d07658bb298c
	at org.openqa.selenium.remote.http.W3CHttpResponseCodec.createException(W3CHttpResponseCodec.java:187)
	at org.openqa.selenium.remote.http.W3CHttpResponseCodec.decode(W3CHttpResponseCodec.java:122)
	at org.openqa.selenium.remote.http.W3CHttpResponseCodec.decode(W3CHttpResponseCodec.java:49)
	at org.openqa.selenium.remote.HttpCommandExecutor.execute(HttpCommandExecutor.java:158)
	at org.openqa.selenium.remote.service.DriverCommandExecutor.execute(DriverCommandExecutor.java:83)
	at org.openqa.selenium.remote.RemoteWebDriver.execute(RemoteWebDriver.java:552)
	at com.kms.katalon.selenium.driver.CChromeDriver.execute(CChromeDriver.java:19)
	at org.openqa.selenium.remote.RemoteWebDriver.get(RemoteWebDriver.java:277)
	at org.openqa.selenium.remote.RemoteWebDriver$RemoteNavigation.to(RemoteWebDriver.java:857)
	at org.openqa.selenium.support.events.EventFiringWebDriver$EventFiringNavigation.to(EventFiringWebDriver.java:569)
	at com.kms.katalon.core.webui.keyword.builtin.NavigateToUrlKeyword$_navigateToUrl_closure1.doCall(NavigateToUrlKeyword.groovy:81)
	at com.kms.katalon.core.webui.keyword.builtin.NavigateToUrlKeyword$_navigateToUrl_closure1.call(NavigateToUrlKeyword.groovy)
	at com.kms.katalon.core.webui.keyword.internal.WebUIKeywordMain.runKeyword(WebUIKeywordMain.groovy:20)
	at com.kms.katalon.core.webui.keyword.builtin.NavigateToUrlKeyword.navigateToUrl(NavigateToUrlKeyword.groovy:83)
	at com.kms.katalon.core.webui.keyword.builtin.NavigateToUrlKeyword.execute(NavigateToUrlKeyword.groovy:67)
	at com.kms.katalon.core.keyword.internal.KeywordExecutor.executeKeywordForPlatform(KeywordExecutor.groovy:73)
	at com.kms.katalon.core.webui.keyword.WebUiBuiltInKeywords.navigateToUrl(WebUiBuiltInKeywords.groovy:183)
	at com.kms.katalon.core.webui.keyword.WebUiBuiltInKeywords$navigateToUrl$0.call(Unknown Source)
	at ist_real.Login_IST.go_to_ISTools_URL(Login_IST.groovy:83)
	at cucumber.runtime.Utils$1.call(Utils.java:26)
	at cucumber.runtime.Timeout.timeout(Timeout.java:16)
	at cucumber.runtime.Utils.invoke(Utils.java:20)
	at cucumber.runtime.java.JavaStepDefinition.execute(JavaStepDefinition.java:48)
	at cucumber.runtime.PickleStepDefinitionMatch.runStep(PickleStepDefinitionMatch.java:50)
	at cucumber.runner.TestStep.executeStep(TestStep.java:55)
	at cucumber.runner.TestStep.run(TestStep.java:42)
	at cucumber.runner.PickleStepTestStep.run(PickleStepTestStep.java:53)
	at cucumber.runner.TestCase.run(TestCase.java:47)
	at cucumber.runner.Runner.runPickle(Runner.java:44)
	at cucumber.runtime.Runtime.runFeature(Runtime.java:120)
	at cucumber.runtime.Runtime.run(Runtime.java:106)
	at cucumber.api.cli.Main.run(Main.java:35)
	at cucumber.api.cli.Main$run.call(Unknown Source)
	at com.kms.katalon.core.cucumber.keyword.CucumberBuiltinKeywords$_runFeatureFile_closure1.doCall(CucumberBuiltinKeywords.groovy:76)
	at com.kms.katalon.core.cucumber.keyword.CucumberBuiltinKeywords$_runFeatureFile_closure1.doCall(CucumberBuiltinKeywords.groovy)
	at com.kms.katalon.core.keyword.internal.KeywordMain.runKeyword(KeywordMain.groovy:68)
	at com.kms.katalon.core.keyword.internal.KeywordMain$runKeyword.call(Unknown Source)
	at com.kms.katalon.core.cucumber.keyword.CucumberBuiltinKeywords.runFeatureFile(CucumberBuiltinKeywords.groovy:46)
	at com.kms.katalon.core.cucumber.keyword.CucumberBuiltinKeywords$runFeatureFile$0.callStatic(Unknown Source)
	at com.kms.katalon.core.cucumber.keyword.CucumberBuiltinKeywords.runFeatureFile(CucumberBuiltinKeywords.groovy:169)
	at com.kms.katalon.core.cucumber.keyword.CucumberBuiltinKeywords$runFeatureFile.call(Unknown Source)
	at TC_Search_by_STATUS.run(TC_Search_by_STATUS:18)
	at com.kms.katalon.core.main.ScriptEngine.run(ScriptEngine.java:194)
	at com.kms.katalon.core.main.ScriptEngine.runScriptAsRawText(ScriptEngine.java:119)
	at com.kms.katalon.core.main.TestCaseExecutor.runScript(TestCaseExecutor.java:339)
	at com.kms.katalon.core.main.TestCaseExecutor.doExecute(TestCaseExecutor.java:330)
	at com.kms.katalon.core.main.TestCaseExecutor.processExecutionPhase(TestCaseExecutor.java:309)
	at com.kms.katalon.core.main.TestCaseExecutor.accessMainPhase(TestCaseExecutor.java:301)
	at com.kms.katalon.core.main.TestCaseExecutor.execute(TestCaseExecutor.java:235)
	at com.kms.katalon.core.main.TestSuiteExecutor.accessTestCaseMainPhase(TestSuiteExecutor.java:191)
	at com.kms.katalon.core.main.TestSuiteExecutor.accessTestSuiteMainPhase(TestSuiteExecutor.java:141)
	at com.kms.katalon.core.main.TestSuiteExecutor.execute(TestSuiteExecutor.java:90)
	at com.kms.katalon.core.main.TestCaseMain.startTestSuite(TestCaseMain.java:157)
	at com.kms.katalon.core.main.TestCaseMain$startTestSuite$0.call(Unknown Source)
	at TempTestSuite1611290386363.run(TempTestSuite1611290386363.groovy:39)


2021-01-22 12:45:30 - [TEST_STEP][NOT_RUN] - Login IST with valid credentials: Login IST with valid credentials

2021-01-22 12:45:30 - [MESSAGE][NOT_RUN] - Login IST with valid credentials

2021-01-22 12:45:30 - [TEST_STEP][NOT_RUN] - Login Success: Login Success

2021-01-22 12:45:30 - [MESSAGE][NOT_RUN] - Login Success

2021-01-22 12:45:30 - [TEST_STEP][NOT_RUN] - Select Arrow Menu "Real Time Disbursement": Select Arrow Menu "Real Time Disbursement"

2021-01-22 12:45:30 - [MESSAGE][NOT_RUN] - Select Arrow Menu "Real Time Disbursement"

2021-01-22 12:45:30 - [TEST_STEP][NOT_RUN] - Select Menu "Partner Disbursement": Select Menu "Partner Disbursement"

2021-01-22 12:45:30 - [MESSAGE][NOT_RUN] - Select Menu "Partner Disbursement"

2021-01-22 12:45:30 - [TEST_STEP][NOT_RUN] - Select STATUS "Hold Payment Insufficient Fund": Select STATUS "Hold Payment Insufficient Fund"

2021-01-22 12:45:30 - [MESSAGE][NOT_RUN] - Select STATUS "Hold Payment Insufficient Fund"

2021-01-22 12:45:30 - [TEST_STEP][NOT_RUN] - Click button "Search": Click button "Search"

2021-01-22 12:45:30 - [MESSAGE][NOT_RUN] - Click button "Search"

2021-01-22 12:45:30 - [TEST_STEP][NOT_RUN] - Verify Search Result Presents: Verify Search Result Presents

2021-01-22 12:45:30 - [MESSAGE][NOT_RUN] - Verify Search Result Presents

2021-01-22 12:45:30 - [TEST_STEP][NOT_RUN] - Click button "Logout": Click button "Logout"

2021-01-22 12:45:30 - [MESSAGE][NOT_RUN] - Click button "Logout"

2021-01-22 12:45:30 - [TEST_STEP][NOT_RUN] - Close browser: Close browser

2021-01-22 12:45:30 - [MESSAGE][NOT_RUN] - Close browser

2021-01-22 12:45:30 - [MESSAGE][FAILED] - Feature file 'Include/features/IST_Real/RTD/Partner_Disbursement/Search_by_STATUS.feature' was failed

2021-01-22 12:45:30 - [MESSAGE][FAILED] - Keyword runFeatureFile was failed (Root cause: com.kms.katalon.core.exception.StepFailedException: Feature file 'Include/features/IST_Real/RTD/Partner_Disbursement/Search_by_STATUS.feature' was failed
	at com.kms.katalon.core.keyword.internal.KeywordMain.stepFailed(KeywordMain.groovy:50)
	at com.kms.katalon.core.keyword.internal.KeywordMain.stepFailed(KeywordMain.groovy)
	at com.kms.katalon.core.keyword.internal.KeywordMain.stepFailed(KeywordMain.groovy:23)
	at com.kms.katalon.core.keyword.internal.KeywordMain$stepFailed$0.call(Unknown Source)
	at com.kms.katalon.core.cucumber.keyword.CucumberBuiltinKeywords$_runFeatureFile_closure1.doCall(CucumberBuiltinKeywords.groovy:82)
	at com.kms.katalon.core.cucumber.keyword.CucumberBuiltinKeywords$_runFeatureFile_closure1.doCall(CucumberBuiltinKeywords.groovy)
	at com.kms.katalon.core.keyword.internal.KeywordMain.runKeyword(KeywordMain.groovy:68)
	at com.kms.katalon.core.keyword.internal.KeywordMain$runKeyword.call(Unknown Source)
	at com.kms.katalon.core.cucumber.keyword.CucumberBuiltinKeywords.runFeatureFile(CucumberBuiltinKeywords.groovy:46)
	at com.kms.katalon.core.cucumber.keyword.CucumberBuiltinKeywords$runFeatureFile$0.callStatic(Unknown Source)
	at com.kms.katalon.core.cucumber.keyword.CucumberBuiltinKeywords.runFeatureFile(CucumberBuiltinKeywords.groovy:169)
	at com.kms.katalon.core.cucumber.keyword.CucumberBuiltinKeywords$runFeatureFile.call(Unknown Source)
	at TC_Search_by_STATUS.run(TC_Search_by_STATUS:18)
	at com.kms.katalon.core.main.ScriptEngine.run(ScriptEngine.java:194)
	at com.kms.katalon.core.main.ScriptEngine.runScriptAsRawText(ScriptEngine.java:119)
	at com.kms.katalon.core.main.TestCaseExecutor.runScript(TestCaseExecutor.java:339)
	at com.kms.katalon.core.main.TestCaseExecutor.doExecute(TestCaseExecutor.java:330)
	at com.kms.katalon.core.main.TestCaseExecutor.processExecutionPhase(TestCaseExecutor.java:309)
	at com.kms.katalon.core.main.TestCaseExecutor.accessMainPhase(TestCaseExecutor.java:301)
	at com.kms.katalon.core.main.TestCaseExecutor.execute(TestCaseExecutor.java:235)
	at com.kms.katalon.core.main.TestSuiteExecutor.accessTestCaseMainPhase(TestSuiteExecutor.java:191)
	at com.kms.katalon.core.main.TestSuiteExecutor.accessTestSuiteMainPhase(TestSuiteExecutor.java:141)
	at com.kms.katalon.core.main.TestSuiteExecutor.execute(TestSuiteExecutor.java:90)
	at com.kms.katalon.core.main.TestCaseMain.startTestSuite(TestCaseMain.java:157)
	at com.kms.katalon.core.main.TestCaseMain$startTestSuite$0.call(Unknown Source)
	at TempTestSuite1611290386363.run(TempTestSuite1611290386363.groovy:39)
)]]></system-out>
         <system-err><![CDATA[2021-01-22 12:03:54 - [TEST_CASE][FAILED] - Test Cases/RTD/Partner Disbursement/TC_Search_by_STATUS: Test Cases/RTD/Partner Disbursement/TC_Search_by_STATUS FAILED.
Reason:
com.kms.katalon.core.exception.StepFailedException: Feature file 'Include/features/IST_Real/RTD/Partner_Disbursement/Search_by_STATUS.feature' was failed
	at com.kms.katalon.core.keyword.internal.KeywordMain.stepFailed(KeywordMain.groovy:50)
	at com.kms.katalon.core.keyword.internal.KeywordMain.stepFailed(KeywordMain.groovy)
	at com.kms.katalon.core.keyword.internal.KeywordMain.stepFailed(KeywordMain.groovy:23)
	at com.kms.katalon.core.keyword.internal.KeywordMain$stepFailed$0.call(Unknown Source)
	at com.kms.katalon.core.cucumber.keyword.CucumberBuiltinKeywords$_runFeatureFile_closure1.doCall(CucumberBuiltinKeywords.groovy:82)
	at com.kms.katalon.core.cucumber.keyword.CucumberBuiltinKeywords$_runFeatureFile_closure1.doCall(CucumberBuiltinKeywords.groovy)
	at com.kms.katalon.core.keyword.internal.KeywordMain.runKeyword(KeywordMain.groovy:68)
	at com.kms.katalon.core.keyword.internal.KeywordMain$runKeyword.call(Unknown Source)
	at com.kms.katalon.core.cucumber.keyword.CucumberBuiltinKeywords.runFeatureFile(CucumberBuiltinKeywords.groovy:46)
	at com.kms.katalon.core.cucumber.keyword.CucumberBuiltinKeywords$runFeatureFile$0.callStatic(Unknown Source)
	at com.kms.katalon.core.cucumber.keyword.CucumberBuiltinKeywords.runFeatureFile(CucumberBuiltinKeywords.groovy:169)
	at com.kms.katalon.core.cucumber.keyword.CucumberBuiltinKeywords$runFeatureFile.call(Unknown Source)
	at TC_Search_by_STATUS.run(TC_Search_by_STATUS:18)
	at com.kms.katalon.core.main.ScriptEngine.run(ScriptEngine.java:194)
	at com.kms.katalon.core.main.ScriptEngine.runScriptAsRawText(ScriptEngine.java:119)
	at com.kms.katalon.core.main.TestCaseExecutor.runScript(TestCaseExecutor.java:339)
	at com.kms.katalon.core.main.TestCaseExecutor.doExecute(TestCaseExecutor.java:330)
	at com.kms.katalon.core.main.TestCaseExecutor.processExecutionPhase(TestCaseExecutor.java:309)
	at com.kms.katalon.core.main.TestCaseExecutor.accessMainPhase(TestCaseExecutor.java:301)
	at com.kms.katalon.core.main.TestCaseExecutor.execute(TestCaseExecutor.java:235)
	at com.kms.katalon.core.main.TestSuiteExecutor.accessTestCaseMainPhase(TestSuiteExecutor.java:191)
	at com.kms.katalon.core.main.TestSuiteExecutor.accessTestSuiteMainPhase(TestSuiteExecutor.java:141)
	at com.kms.katalon.core.main.TestSuiteExecutor.execute(TestSuiteExecutor.java:90)
	at com.kms.katalon.core.main.TestCaseMain.startTestSuite(TestCaseMain.java:157)
	at com.kms.katalon.core.main.TestCaseMain$startTestSuite$0.call(Unknown Source)
	at TempTestSuite1611290386363.run(TempTestSuite1611290386363.groovy:39)]]></system-err>
      </testcase>
      <testcase name="Test Cases/RTD/Partner Disbursement/TC_Export_Data" time="76.524" classname="Test Cases/RTD/Partner Disbursement/TC_Export_Data" status="FAILED">
         <failure type="FAILED" message="Test Cases/RTD/Partner Disbursement/TC_Export_Data FAILED.
Reason:
com.kms.katalon.core.exception.StepFailedException: Feature file 'Include/features/IST_Real/RTD/Partner_Disbursement/Export_Data.feature' was failed
	at com.kms.katalon.core.keyword.internal.KeywordMain.stepFailed(KeywordMain.groovy:50)
	at com.kms.katalon.core.keyword.internal.KeywordMain.stepFailed(KeywordMain.groovy)
	at com.kms.katalon.core.keyword.internal.KeywordMain.stepFailed(KeywordMain.groovy:23)
	at com.kms.katalon.core.keyword.internal.KeywordMain$stepFailed$0.call(Unknown Source)
	at com.kms.katalon.core.cucumber.keyword.CucumberBuiltinKeywords$_runFeatureFile_closure1.doCall(CucumberBuiltinKeywords.groovy:82)
	at com.kms.katalon.core.cucumber.keyword.CucumberBuiltinKeywords$_runFeatureFile_closure1.doCall(CucumberBuiltinKeywords.groovy)
	at com.kms.katalon.core.keyword.internal.KeywordMain.runKeyword(KeywordMain.groovy:68)
	at com.kms.katalon.core.keyword.internal.KeywordMain$runKeyword.call(Unknown Source)
	at com.kms.katalon.core.cucumber.keyword.CucumberBuiltinKeywords.runFeatureFile(CucumberBuiltinKeywords.groovy:46)
	at com.kms.katalon.core.cucumber.keyword.CucumberBuiltinKeywords$runFeatureFile$0.callStatic(Unknown Source)
	at com.kms.katalon.core.cucumber.keyword.CucumberBuiltinKeywords.runFeatureFile(CucumberBuiltinKeywords.groovy:169)
	at com.kms.katalon.core.cucumber.keyword.CucumberBuiltinKeywords$runFeatureFile.call(Unknown Source)
	at TC_Export_Data.run(TC_Export_Data:18)
	at com.kms.katalon.core.main.ScriptEngine.run(ScriptEngine.java:194)
	at com.kms.katalon.core.main.ScriptEngine.runScriptAsRawText(ScriptEngine.java:119)
	at com.kms.katalon.core.main.TestCaseExecutor.runScript(TestCaseExecutor.java:339)
	at com.kms.katalon.core.main.TestCaseExecutor.doExecute(TestCaseExecutor.java:330)
	at com.kms.katalon.core.main.TestCaseExecutor.processExecutionPhase(TestCaseExecutor.java:309)
	at com.kms.katalon.core.main.TestCaseExecutor.accessMainPhase(TestCaseExecutor.java:301)
	at com.kms.katalon.core.main.TestCaseExecutor.execute(TestCaseExecutor.java:235)
	at com.kms.katalon.core.main.TestSuiteExecutor.accessTestCaseMainPhase(TestSuiteExecutor.java:191)
	at com.kms.katalon.core.main.TestSuiteExecutor.accessTestSuiteMainPhase(TestSuiteExecutor.java:141)
	at com.kms.katalon.core.main.TestSuiteExecutor.execute(TestSuiteExecutor.java:90)
	at com.kms.katalon.core.main.TestCaseMain.startTestSuite(TestCaseMain.java:157)
	at com.kms.katalon.core.main.TestCaseMain$startTestSuite$0.call(Unknown Source)
	at TempTestSuite1611290386363.run(TempTestSuite1611290386363.groovy:39)
"/>
         <system-out><![CDATA[2021-01-22 12:45:30 - [TEST_CASE][FAILED] - Test Cases/RTD/Partner Disbursement/TC_Export_Data: Test Cases/RTD/Partner Disbursement/TC_Export_Data FAILED.
Reason:
com.kms.katalon.core.exception.StepFailedException: Feature file 'Include/features/IST_Real/RTD/Partner_Disbursement/Export_Data.feature' was failed
	at com.kms.katalon.core.keyword.internal.KeywordMain.stepFailed(KeywordMain.groovy:50)
	at com.kms.katalon.core.keyword.internal.KeywordMain.stepFailed(KeywordMain.groovy)
	at com.kms.katalon.core.keyword.internal.KeywordMain.stepFailed(KeywordMain.groovy:23)
	at com.kms.katalon.core.keyword.internal.KeywordMain$stepFailed$0.call(Unknown Source)
	at com.kms.katalon.core.cucumber.keyword.CucumberBuiltinKeywords$_runFeatureFile_closure1.doCall(CucumberBuiltinKeywords.groovy:82)
	at com.kms.katalon.core.cucumber.keyword.CucumberBuiltinKeywords$_runFeatureFile_closure1.doCall(CucumberBuiltinKeywords.groovy)
	at com.kms.katalon.core.keyword.internal.KeywordMain.runKeyword(KeywordMain.groovy:68)
	at com.kms.katalon.core.keyword.internal.KeywordMain$runKeyword.call(Unknown Source)
	at com.kms.katalon.core.cucumber.keyword.CucumberBuiltinKeywords.runFeatureFile(CucumberBuiltinKeywords.groovy:46)
	at com.kms.katalon.core.cucumber.keyword.CucumberBuiltinKeywords$runFeatureFile$0.callStatic(Unknown Source)
	at com.kms.katalon.core.cucumber.keyword.CucumberBuiltinKeywords.runFeatureFile(CucumberBuiltinKeywords.groovy:169)
	at com.kms.katalon.core.cucumber.keyword.CucumberBuiltinKeywords$runFeatureFile.call(Unknown Source)
	at TC_Export_Data.run(TC_Export_Data:18)
	at com.kms.katalon.core.main.ScriptEngine.run(ScriptEngine.java:194)
	at com.kms.katalon.core.main.ScriptEngine.runScriptAsRawText(ScriptEngine.java:119)
	at com.kms.katalon.core.main.TestCaseExecutor.runScript(TestCaseExecutor.java:339)
	at com.kms.katalon.core.main.TestCaseExecutor.doExecute(TestCaseExecutor.java:330)
	at com.kms.katalon.core.main.TestCaseExecutor.processExecutionPhase(TestCaseExecutor.java:309)
	at com.kms.katalon.core.main.TestCaseExecutor.accessMainPhase(TestCaseExecutor.java:301)
	at com.kms.katalon.core.main.TestCaseExecutor.execute(TestCaseExecutor.java:235)
	at com.kms.katalon.core.main.TestSuiteExecutor.accessTestCaseMainPhase(TestSuiteExecutor.java:191)
	at com.kms.katalon.core.main.TestSuiteExecutor.accessTestSuiteMainPhase(TestSuiteExecutor.java:141)
	at com.kms.katalon.core.main.TestSuiteExecutor.execute(TestSuiteExecutor.java:90)
	at com.kms.katalon.core.main.TestCaseMain.startTestSuite(TestCaseMain.java:157)
	at com.kms.katalon.core.main.TestCaseMain$startTestSuite$0.call(Unknown Source)
	at TempTestSuite1611290386363.run(TempTestSuite1611290386363.groovy:39)


2021-01-22 12:45:30 - [TEST_STEP][FAILED] - runFeatureFile("Include/features/IST_Real/RTD/Partner_Disbursement/Export_Data.feature"): Keyword runFeatureFile was failed (Root cause: com.kms.katalon.core.exception.StepFailedException: Feature file 'Include/features/IST_Real/RTD/Partner_Disbursement/Export_Data.feature' was failed
	at com.kms.katalon.core.keyword.internal.KeywordMain.stepFailed(KeywordMain.groovy:50)
	at com.kms.katalon.core.keyword.internal.KeywordMain.stepFailed(KeywordMain.groovy)
	at com.kms.katalon.core.keyword.internal.KeywordMain.stepFailed(KeywordMain.groovy:23)
	at com.kms.katalon.core.keyword.internal.KeywordMain$stepFailed$0.call(Unknown Source)
	at com.kms.katalon.core.cucumber.keyword.CucumberBuiltinKeywords$_runFeatureFile_closure1.doCall(CucumberBuiltinKeywords.groovy:82)
	at com.kms.katalon.core.cucumber.keyword.CucumberBuiltinKeywords$_runFeatureFile_closure1.doCall(CucumberBuiltinKeywords.groovy)
	at com.kms.katalon.core.keyword.internal.KeywordMain.runKeyword(KeywordMain.groovy:68)
	at com.kms.katalon.core.keyword.internal.KeywordMain$runKeyword.call(Unknown Source)
	at com.kms.katalon.core.cucumber.keyword.CucumberBuiltinKeywords.runFeatureFile(CucumberBuiltinKeywords.groovy:46)
	at com.kms.katalon.core.cucumber.keyword.CucumberBuiltinKeywords$runFeatureFile$0.callStatic(Unknown Source)
	at com.kms.katalon.core.cucumber.keyword.CucumberBuiltinKeywords.runFeatureFile(CucumberBuiltinKeywords.groovy:169)
	at com.kms.katalon.core.cucumber.keyword.CucumberBuiltinKeywords$runFeatureFile.call(Unknown Source)
	at TC_Export_Data.run(TC_Export_Data:18)
	at com.kms.katalon.core.main.ScriptEngine.run(ScriptEngine.java:194)
	at com.kms.katalon.core.main.ScriptEngine.runScriptAsRawText(ScriptEngine.java:119)
	at com.kms.katalon.core.main.TestCaseExecutor.runScript(TestCaseExecutor.java:339)
	at com.kms.katalon.core.main.TestCaseExecutor.doExecute(TestCaseExecutor.java:330)
	at com.kms.katalon.core.main.TestCaseExecutor.processExecutionPhase(TestCaseExecutor.java:309)
	at com.kms.katalon.core.main.TestCaseExecutor.accessMainPhase(TestCaseExecutor.java:301)
	at com.kms.katalon.core.main.TestCaseExecutor.execute(TestCaseExecutor.java:235)
	at com.kms.katalon.core.main.TestSuiteExecutor.accessTestCaseMainPhase(TestSuiteExecutor.java:191)
	at com.kms.katalon.core.main.TestSuiteExecutor.accessTestSuiteMainPhase(TestSuiteExecutor.java:141)
	at com.kms.katalon.core.main.TestSuiteExecutor.execute(TestSuiteExecutor.java:90)
	at com.kms.katalon.core.main.TestCaseMain.startTestSuite(TestCaseMain.java:157)
	at com.kms.katalon.core.main.TestCaseMain$startTestSuite$0.call(Unknown Source)
	at TempTestSuite1611290386363.run(TempTestSuite1611290386363.groovy:39)
)

2021-01-22 12:45:30 - [MESSAGE][INFO] - Starting run keyword runFeatureFile: 'Include/features/IST_Real/RTD/Partner_Disbursement/Export_Data.feature' and extract report to folder: '/Users/chaidir.pratama01/Katalon Studio/IST_Automation_Git/Reports/20210122_113940/RTD/TS_Partner_Disbursement/20210122_113946/cucumber_report/1611294330589'...

2021-01-22 12:45:30 - [TEST_CASE][FAILED] - Start Test Case : SCENARIO Export Data: SCENARIO Export Data FAILED.
Reason:
com.kms.katalon.core.exception.StepFailedException: Unable to navigate to 'https://dev-istools.homecredit.id/foundation/'
	at com.kms.katalon.core.webui.keyword.internal.WebUIKeywordMain.stepFailed(WebUIKeywordMain.groovy:64)
	at com.kms.katalon.core.webui.keyword.internal.WebUIKeywordMain.runKeyword(WebUIKeywordMain.groovy:26)
	at com.kms.katalon.core.webui.keyword.builtin.NavigateToUrlKeyword.navigateToUrl(NavigateToUrlKeyword.groovy:83)
	at com.kms.katalon.core.webui.keyword.builtin.NavigateToUrlKeyword.execute(NavigateToUrlKeyword.groovy:67)
	at com.kms.katalon.core.keyword.internal.KeywordExecutor.executeKeywordForPlatform(KeywordExecutor.groovy:73)
	at com.kms.katalon.core.webui.keyword.WebUiBuiltInKeywords.navigateToUrl(WebUiBuiltInKeywords.groovy:183)
	at com.kms.katalon.core.webui.keyword.WebUiBuiltInKeywords$navigateToUrl$0.call(Unknown Source)
	at ist_real.Login_IST.go_to_ISTools_URL(Login_IST.groovy:83)
	at âœ½.Go to ISTools(/Users/chaidir.pratama01/Katalon Studio/IST_Automation_Git/Include/features/IST_Real/RTD/Partner_Disbursement/Export_Data.feature:25)
Caused by: org.openqa.selenium.WebDriverException: unknown error: net::ERR_CONNECTION_TIMED_OUT
  (Session info: headless chrome=87.0.4280.141)
Build info: version: '3.141.59', revision: 'e82be7d358', time: '2018-11-14T08:25:53'
System info: host: 'M-Chaidir-Pratama.local', ip: 'fe80:0:0:0:14e4:ed6f:bc3b:fd01%en0', os.name: 'Mac OS X', os.arch: 'x86_64', os.version: '10.15', java.version: '1.8.0_181'
Driver info: com.kms.katalon.selenium.driver.CChromeDriver
Capabilities {acceptInsecureCerts: false, browserName: chrome, browserVersion: 87.0.4280.141, chrome: {chromedriverVersion: 87.0.4280.88 (89e2380a3e36c..., userDataDir: /var/folders/0s/4_d154xd6dq...}, goog:chromeOptions: {debuggerAddress: localhost:52980}, javascriptEnabled: true, networkConnectionEnabled: false, pageLoadStrategy: normal, platform: MAC, platformName: MAC, proxy: Proxy(), setWindowRect: true, strictFileInteractability: false, timeouts: {implicit: 0, pageLoad: 300000, script: 30000}, unhandledPromptBehavior: dismiss and notify, webauthn:virtualAuthenticators: true}
Session ID: 03ee06bfbe58d486caf4fc8ced357fb1
	at org.openqa.selenium.remote.http.W3CHttpResponseCodec.createException(W3CHttpResponseCodec.java:187)
	at org.openqa.selenium.remote.http.W3CHttpResponseCodec.decode(W3CHttpResponseCodec.java:122)
	at org.openqa.selenium.remote.http.W3CHttpResponseCodec.decode(W3CHttpResponseCodec.java:49)
	at org.openqa.selenium.remote.HttpCommandExecutor.execute(HttpCommandExecutor.java:158)
	at org.openqa.selenium.remote.service.DriverCommandExecutor.execute(DriverCommandExecutor.java:83)
	at org.openqa.selenium.remote.RemoteWebDriver.execute(RemoteWebDriver.java:552)
	at com.kms.katalon.selenium.driver.CChromeDriver.execute(CChromeDriver.java:19)
	at org.openqa.selenium.remote.RemoteWebDriver.get(RemoteWebDriver.java:277)
	at org.openqa.selenium.remote.RemoteWebDriver$RemoteNavigation.to(RemoteWebDriver.java:857)
	at org.openqa.selenium.support.events.EventFiringWebDriver$EventFiringNavigation.to(EventFiringWebDriver.java:569)
	at com.kms.katalon.core.webui.keyword.builtin.NavigateToUrlKeyword$_navigateToUrl_closure1.doCall(NavigateToUrlKeyword.groovy:81)
	at com.kms.katalon.core.webui.keyword.builtin.NavigateToUrlKeyword$_navigateToUrl_closure1.call(NavigateToUrlKeyword.groovy)
	at com.kms.katalon.core.webui.keyword.internal.WebUIKeywordMain.runKeyword(WebUIKeywordMain.groovy:20)
	at com.kms.katalon.core.webui.keyword.builtin.NavigateToUrlKeyword.navigateToUrl(NavigateToUrlKeyword.groovy:83)
	at com.kms.katalon.core.webui.keyword.builtin.NavigateToUrlKeyword.execute(NavigateToUrlKeyword.groovy:67)
	at com.kms.katalon.core.keyword.internal.KeywordExecutor.executeKeywordForPlatform(KeywordExecutor.groovy:73)
	at com.kms.katalon.core.webui.keyword.WebUiBuiltInKeywords.navigateToUrl(WebUiBuiltInKeywords.groovy:183)
	at com.kms.katalon.core.webui.keyword.WebUiBuiltInKeywords$navigateToUrl$0.call(Unknown Source)
	at ist_real.Login_IST.go_to_ISTools_URL(Login_IST.groovy:83)
	at cucumber.runtime.Utils$1.call(Utils.java:26)
	at cucumber.runtime.Timeout.timeout(Timeout.java:16)
	at cucumber.runtime.Utils.invoke(Utils.java:20)
	at cucumber.runtime.java.JavaStepDefinition.execute(JavaStepDefinition.java:48)
	at cucumber.runtime.PickleStepDefinitionMatch.runStep(PickleStepDefinitionMatch.java:50)
	at cucumber.runner.TestStep.executeStep(TestStep.java:55)
	at cucumber.runner.TestStep.run(TestStep.java:42)
	at cucumber.runner.PickleStepTestStep.run(PickleStepTestStep.java:53)
	at cucumber.runner.TestCase.run(TestCase.java:47)
	at cucumber.runner.Runner.runPickle(Runner.java:44)
	at cucumber.runtime.Runtime.runFeature(Runtime.java:120)
	at cucumber.runtime.Runtime.run(Runtime.java:106)
	at cucumber.api.cli.Main.run(Main.java:35)
	at cucumber.api.cli.Main$run.call(Unknown Source)
	at com.kms.katalon.core.cucumber.keyword.CucumberBuiltinKeywords$_runFeatureFile_closure1.doCall(CucumberBuiltinKeywords.groovy:76)
	at com.kms.katalon.core.cucumber.keyword.CucumberBuiltinKeywords$_runFeatureFile_closure1.doCall(CucumberBuiltinKeywords.groovy)
	at com.kms.katalon.core.keyword.internal.KeywordMain.runKeyword(KeywordMain.groovy:68)
	at com.kms.katalon.core.keyword.internal.KeywordMain$runKeyword.call(Unknown Source)
	at com.kms.katalon.core.cucumber.keyword.CucumberBuiltinKeywords.runFeatureFile(CucumberBuiltinKeywords.groovy:46)
	at com.kms.katalon.core.cucumber.keyword.CucumberBuiltinKeywords$runFeatureFile$0.callStatic(Unknown Source)
	at com.kms.katalon.core.cucumber.keyword.CucumberBuiltinKeywords.runFeatureFile(CucumberBuiltinKeywords.groovy:169)
	at com.kms.katalon.core.cucumber.keyword.CucumberBuiltinKeywords$runFeatureFile.call(Unknown Source)
	at TC_Export_Data.run(TC_Export_Data:18)
	at com.kms.katalon.core.main.ScriptEngine.run(ScriptEngine.java:194)
	at com.kms.katalon.core.main.ScriptEngine.runScriptAsRawText(ScriptEngine.java:119)
	at com.kms.katalon.core.main.TestCaseExecutor.runScript(TestCaseExecutor.java:339)
	at com.kms.katalon.core.main.TestCaseExecutor.doExecute(TestCaseExecutor.java:330)
	at com.kms.katalon.core.main.TestCaseExecutor.processExecutionPhase(TestCaseExecutor.java:309)
	at com.kms.katalon.core.main.TestCaseExecutor.accessMainPhase(TestCaseExecutor.java:301)
	at com.kms.katalon.core.main.TestCaseExecutor.execute(TestCaseExecutor.java:235)
	at com.kms.katalon.core.main.TestSuiteExecutor.accessTestCaseMainPhase(TestSuiteExecutor.java:191)
	at com.kms.katalon.core.main.TestSuiteExecutor.accessTestSuiteMainPhase(TestSuiteExecutor.java:141)
	at com.kms.katalon.core.main.TestSuiteExecutor.execute(TestSuiteExecutor.java:90)
	at com.kms.katalon.core.main.TestCaseMain.startTestSuite(TestCaseMain.java:157)
	at com.kms.katalon.core.main.TestCaseMain$startTestSuite$0.call(Unknown Source)
	at TempTestSuite1611290386363.run(TempTestSuite1611290386363.groovy:39)


2021-01-22 12:45:30 - [TEST_STEP][FAILED] - Go to ISTools: Go to ISTools FAILED.
Reason:
com.kms.katalon.core.exception.StepFailedException: Unable to navigate to 'https://dev-istools.homecredit.id/foundation/'
	at com.kms.katalon.core.webui.keyword.internal.WebUIKeywordMain.stepFailed(WebUIKeywordMain.groovy:64)
	at com.kms.katalon.core.webui.keyword.internal.WebUIKeywordMain.runKeyword(WebUIKeywordMain.groovy:26)
	at com.kms.katalon.core.webui.keyword.builtin.NavigateToUrlKeyword.navigateToUrl(NavigateToUrlKeyword.groovy:83)
	at com.kms.katalon.core.webui.keyword.builtin.NavigateToUrlKeyword.execute(NavigateToUrlKeyword.groovy:67)
	at com.kms.katalon.core.keyword.internal.KeywordExecutor.executeKeywordForPlatform(KeywordExecutor.groovy:73)
	at com.kms.katalon.core.webui.keyword.WebUiBuiltInKeywords.navigateToUrl(WebUiBuiltInKeywords.groovy:183)
	at com.kms.katalon.core.webui.keyword.WebUiBuiltInKeywords$navigateToUrl$0.call(Unknown Source)
	at ist_real.Login_IST.go_to_ISTools_URL(Login_IST.groovy:83)
	at âœ½.Go to ISTools(/Users/chaidir.pratama01/Katalon Studio/IST_Automation_Git/Include/features/IST_Real/RTD/Partner_Disbursement/Export_Data.feature:25)
Caused by: org.openqa.selenium.WebDriverException: unknown error: net::ERR_CONNECTION_TIMED_OUT
  (Session info: headless chrome=87.0.4280.141)
Build info: version: '3.141.59', revision: 'e82be7d358', time: '2018-11-14T08:25:53'
System info: host: 'M-Chaidir-Pratama.local', ip: 'fe80:0:0:0:14e4:ed6f:bc3b:fd01%en0', os.name: 'Mac OS X', os.arch: 'x86_64', os.version: '10.15', java.version: '1.8.0_181'
Driver info: com.kms.katalon.selenium.driver.CChromeDriver
Capabilities {acceptInsecureCerts: false, browserName: chrome, browserVersion: 87.0.4280.141, chrome: {chromedriverVersion: 87.0.4280.88 (89e2380a3e36c..., userDataDir: /var/folders/0s/4_d154xd6dq...}, goog:chromeOptions: {debuggerAddress: localhost:52980}, javascriptEnabled: true, networkConnectionEnabled: false, pageLoadStrategy: normal, platform: MAC, platformName: MAC, proxy: Proxy(), setWindowRect: true, strictFileInteractability: false, timeouts: {implicit: 0, pageLoad: 300000, script: 30000}, unhandledPromptBehavior: dismiss and notify, webauthn:virtualAuthenticators: true}
Session ID: 03ee06bfbe58d486caf4fc8ced357fb1
	at org.openqa.selenium.remote.http.W3CHttpResponseCodec.createException(W3CHttpResponseCodec.java:187)
	at org.openqa.selenium.remote.http.W3CHttpResponseCodec.decode(W3CHttpResponseCodec.java:122)
	at org.openqa.selenium.remote.http.W3CHttpResponseCodec.decode(W3CHttpResponseCodec.java:49)
	at org.openqa.selenium.remote.HttpCommandExecutor.execute(HttpCommandExecutor.java:158)
	at org.openqa.selenium.remote.service.DriverCommandExecutor.execute(DriverCommandExecutor.java:83)
	at org.openqa.selenium.remote.RemoteWebDriver.execute(RemoteWebDriver.java:552)
	at com.kms.katalon.selenium.driver.CChromeDriver.execute(CChromeDriver.java:19)
	at org.openqa.selenium.remote.RemoteWebDriver.get(RemoteWebDriver.java:277)
	at org.openqa.selenium.remote.RemoteWebDriver$RemoteNavigation.to(RemoteWebDriver.java:857)
	at org.openqa.selenium.support.events.EventFiringWebDriver$EventFiringNavigation.to(EventFiringWebDriver.java:569)
	at com.kms.katalon.core.webui.keyword.builtin.NavigateToUrlKeyword$_navigateToUrl_closure1.doCall(NavigateToUrlKeyword.groovy:81)
	at com.kms.katalon.core.webui.keyword.builtin.NavigateToUrlKeyword$_navigateToUrl_closure1.call(NavigateToUrlKeyword.groovy)
	at com.kms.katalon.core.webui.keyword.internal.WebUIKeywordMain.runKeyword(WebUIKeywordMain.groovy:20)
	at com.kms.katalon.core.webui.keyword.builtin.NavigateToUrlKeyword.navigateToUrl(NavigateToUrlKeyword.groovy:83)
	at com.kms.katalon.core.webui.keyword.builtin.NavigateToUrlKeyword.execute(NavigateToUrlKeyword.groovy:67)
	at com.kms.katalon.core.keyword.internal.KeywordExecutor.executeKeywordForPlatform(KeywordExecutor.groovy:73)
	at com.kms.katalon.core.webui.keyword.WebUiBuiltInKeywords.navigateToUrl(WebUiBuiltInKeywords.groovy:183)
	at com.kms.katalon.core.webui.keyword.WebUiBuiltInKeywords$navigateToUrl$0.call(Unknown Source)
	at ist_real.Login_IST.go_to_ISTools_URL(Login_IST.groovy:83)
	at cucumber.runtime.Utils$1.call(Utils.java:26)
	at cucumber.runtime.Timeout.timeout(Timeout.java:16)
	at cucumber.runtime.Utils.invoke(Utils.java:20)
	at cucumber.runtime.java.JavaStepDefinition.execute(JavaStepDefinition.java:48)
	at cucumber.runtime.PickleStepDefinitionMatch.runStep(PickleStepDefinitionMatch.java:50)
	at cucumber.runner.TestStep.executeStep(TestStep.java:55)
	at cucumber.runner.TestStep.run(TestStep.java:42)
	at cucumber.runner.PickleStepTestStep.run(PickleStepTestStep.java:53)
	at cucumber.runner.TestCase.run(TestCase.java:47)
	at cucumber.runner.Runner.runPickle(Runner.java:44)
	at cucumber.runtime.Runtime.runFeature(Runtime.java:120)
	at cucumber.runtime.Runtime.run(Runtime.java:106)
	at cucumber.api.cli.Main.run(Main.java:35)
	at cucumber.api.cli.Main$run.call(Unknown Source)
	at com.kms.katalon.core.cucumber.keyword.CucumberBuiltinKeywords$_runFeatureFile_closure1.doCall(CucumberBuiltinKeywords.groovy:76)
	at com.kms.katalon.core.cucumber.keyword.CucumberBuiltinKeywords$_runFeatureFile_closure1.doCall(CucumberBuiltinKeywords.groovy)
	at com.kms.katalon.core.keyword.internal.KeywordMain.runKeyword(KeywordMain.groovy:68)
	at com.kms.katalon.core.keyword.internal.KeywordMain$runKeyword.call(Unknown Source)
	at com.kms.katalon.core.cucumber.keyword.CucumberBuiltinKeywords.runFeatureFile(CucumberBuiltinKeywords.groovy:46)
	at com.kms.katalon.core.cucumber.keyword.CucumberBuiltinKeywords$runFeatureFile$0.callStatic(Unknown Source)
	at com.kms.katalon.core.cucumber.keyword.CucumberBuiltinKeywords.runFeatureFile(CucumberBuiltinKeywords.groovy:169)
	at com.kms.katalon.core.cucumber.keyword.CucumberBuiltinKeywords$runFeatureFile.call(Unknown Source)
	at TC_Export_Data.run(TC_Export_Data:18)
	at com.kms.katalon.core.main.ScriptEngine.run(ScriptEngine.java:194)
	at com.kms.katalon.core.main.ScriptEngine.runScriptAsRawText(ScriptEngine.java:119)
	at com.kms.katalon.core.main.TestCaseExecutor.runScript(TestCaseExecutor.java:339)
	at com.kms.katalon.core.main.TestCaseExecutor.doExecute(TestCaseExecutor.java:330)
	at com.kms.katalon.core.main.TestCaseExecutor.processExecutionPhase(TestCaseExecutor.java:309)
	at com.kms.katalon.core.main.TestCaseExecutor.accessMainPhase(TestCaseExecutor.java:301)
	at com.kms.katalon.core.main.TestCaseExecutor.execute(TestCaseExecutor.java:235)
	at com.kms.katalon.core.main.TestSuiteExecutor.accessTestCaseMainPhase(TestSuiteExecutor.java:191)
	at com.kms.katalon.core.main.TestSuiteExecutor.accessTestSuiteMainPhase(TestSuiteExecutor.java:141)
	at com.kms.katalon.core.main.TestSuiteExecutor.execute(TestSuiteExecutor.java:90)
	at com.kms.katalon.core.main.TestCaseMain.startTestSuite(TestCaseMain.java:157)
	at com.kms.katalon.core.main.TestCaseMain$startTestSuite$0.call(Unknown Source)
	at TempTestSuite1611290386363.run(TempTestSuite1611290386363.groovy:39)


2021-01-22 12:45:30 - [MESSAGE][WARNING] - A browser is already opened. Closing browser and opening a new one

2021-01-22 12:45:30 - [MESSAGE][INFO] - Starting 'Chrome (headless)' driver

2021-01-22 12:45:30 - [MESSAGE][INFO] - User set preference: ['args', '[--start-maximized, --disable-gpu, --no-proxy-server, â€“-no-sandbox, --allow-running-insecure-content, --ignore-certificate-errors, window-size=1680,814, force-device-scale-factor=2, --lang=en-GB]']

2021-01-22 12:45:30 - [MESSAGE][INFO] - User set preference: ['prefs', '{download.default_directory=/Users/chaidir.pratama01/Katalon Studio/IST_Automation_Git/Download}']

2021-01-22 12:45:30 - [MESSAGE][INFO] - Action delay is set to 0 milliseconds

2021-01-22 12:45:31 - [MESSAGE][PASSED] - Browser is opened with url: ''

2021-01-22 12:46:46 - [MESSAGE][FAILED] - Unable to navigate to 'https://dev-istools.homecredit.id/foundation/' (Root cause: com.kms.katalon.core.exception.StepFailedException: Unable to navigate to 'https://dev-istools.homecredit.id/foundation/'
	at com.kms.katalon.core.webui.keyword.internal.WebUIKeywordMain.stepFailed(WebUIKeywordMain.groovy:64)
	at com.kms.katalon.core.webui.keyword.internal.WebUIKeywordMain.runKeyword(WebUIKeywordMain.groovy:26)
	at com.kms.katalon.core.webui.keyword.builtin.NavigateToUrlKeyword.navigateToUrl(NavigateToUrlKeyword.groovy:83)
	at com.kms.katalon.core.webui.keyword.builtin.NavigateToUrlKeyword.execute(NavigateToUrlKeyword.groovy:67)
	at com.kms.katalon.core.keyword.internal.KeywordExecutor.executeKeywordForPlatform(KeywordExecutor.groovy:73)
	at com.kms.katalon.core.webui.keyword.WebUiBuiltInKeywords.navigateToUrl(WebUiBuiltInKeywords.groovy:183)
	at com.kms.katalon.core.webui.keyword.WebUiBuiltInKeywords$navigateToUrl$0.call(Unknown Source)
	at ist_real.Login_IST.go_to_ISTools_URL(Login_IST.groovy:83)
	at cucumber.runtime.Utils$1.call(Utils.java:26)
	at cucumber.runtime.Timeout.timeout(Timeout.java:16)
	at cucumber.runtime.Utils.invoke(Utils.java:20)
	at cucumber.runtime.java.JavaStepDefinition.execute(JavaStepDefinition.java:48)
	at cucumber.runtime.PickleStepDefinitionMatch.runStep(PickleStepDefinitionMatch.java:50)
	at cucumber.runner.TestStep.executeStep(TestStep.java:55)
	at cucumber.runner.TestStep.run(TestStep.java:42)
	at cucumber.runner.PickleStepTestStep.run(PickleStepTestStep.java:53)
	at cucumber.runner.TestCase.run(TestCase.java:47)
	at cucumber.runner.Runner.runPickle(Runner.java:44)
	at cucumber.runtime.Runtime.runFeature(Runtime.java:120)
	at cucumber.runtime.Runtime.run(Runtime.java:106)
	at cucumber.api.cli.Main.run(Main.java:35)
	at cucumber.api.cli.Main$run.call(Unknown Source)
	at com.kms.katalon.core.cucumber.keyword.CucumberBuiltinKeywords$_runFeatureFile_closure1.doCall(CucumberBuiltinKeywords.groovy:76)
	at com.kms.katalon.core.cucumber.keyword.CucumberBuiltinKeywords$_runFeatureFile_closure1.doCall(CucumberBuiltinKeywords.groovy)
	at com.kms.katalon.core.keyword.internal.KeywordMain.runKeyword(KeywordMain.groovy:68)
	at com.kms.katalon.core.keyword.internal.KeywordMain$runKeyword.call(Unknown Source)
	at com.kms.katalon.core.cucumber.keyword.CucumberBuiltinKeywords.runFeatureFile(CucumberBuiltinKeywords.groovy:46)
	at com.kms.katalon.core.cucumber.keyword.CucumberBuiltinKeywords$runFeatureFile$0.callStatic(Unknown Source)
	at com.kms.katalon.core.cucumber.keyword.CucumberBuiltinKeywords.runFeatureFile(CucumberBuiltinKeywords.groovy:169)
	at com.kms.katalon.core.cucumber.keyword.CucumberBuiltinKeywords$runFeatureFile.call(Unknown Source)
	at TC_Export_Data.run(TC_Export_Data:18)
	at com.kms.katalon.core.main.ScriptEngine.run(ScriptEngine.java:194)
	at com.kms.katalon.core.main.ScriptEngine.runScriptAsRawText(ScriptEngine.java:119)
	at com.kms.katalon.core.main.TestCaseExecutor.runScript(TestCaseExecutor.java:339)
	at com.kms.katalon.core.main.TestCaseExecutor.doExecute(TestCaseExecutor.java:330)
	at com.kms.katalon.core.main.TestCaseExecutor.processExecutionPhase(TestCaseExecutor.java:309)
	at com.kms.katalon.core.main.TestCaseExecutor.accessMainPhase(TestCaseExecutor.java:301)
	at com.kms.katalon.core.main.TestCaseExecutor.execute(TestCaseExecutor.java:235)
	at com.kms.katalon.core.main.TestSuiteExecutor.accessTestCaseMainPhase(TestSuiteExecutor.java:191)
	at com.kms.katalon.core.main.TestSuiteExecutor.accessTestSuiteMainPhase(TestSuiteExecutor.java:141)
	at com.kms.katalon.core.main.TestSuiteExecutor.execute(TestSuiteExecutor.java:90)
	at com.kms.katalon.core.main.TestCaseMain.startTestSuite(TestCaseMain.java:157)
	at com.kms.katalon.core.main.TestCaseMain$startTestSuite$0.call(Unknown Source)
	at TempTestSuite1611290386363.run(TempTestSuite1611290386363.groovy:39)
Caused by: org.openqa.selenium.WebDriverException: unknown error: net::ERR_CONNECTION_TIMED_OUT
  (Session info: headless chrome=87.0.4280.141)
Build info: version: '3.141.59', revision: 'e82be7d358', time: '2018-11-14T08:25:53'
System info: host: 'M-Chaidir-Pratama.local', ip: 'fe80:0:0:0:14e4:ed6f:bc3b:fd01%en0', os.name: 'Mac OS X', os.arch: 'x86_64', os.version: '10.15', java.version: '1.8.0_181'
Driver info: com.kms.katalon.selenium.driver.CChromeDriver
Capabilities {acceptInsecureCerts: false, browserName: chrome, browserVersion: 87.0.4280.141, chrome: {chromedriverVersion: 87.0.4280.88 (89e2380a3e36c..., userDataDir: /var/folders/0s/4_d154xd6dq...}, goog:chromeOptions: {debuggerAddress: localhost:52980}, javascriptEnabled: true, networkConnectionEnabled: false, pageLoadStrategy: normal, platform: MAC, platformName: MAC, proxy: Proxy(), setWindowRect: true, strictFileInteractability: false, timeouts: {implicit: 0, pageLoad: 300000, script: 30000}, unhandledPromptBehavior: dismiss and notify, webauthn:virtualAuthenticators: true}
Session ID: 03ee06bfbe58d486caf4fc8ced357fb1
	at org.openqa.selenium.remote.http.W3CHttpResponseCodec.createException(W3CHttpResponseCodec.java:187)
	at org.openqa.selenium.remote.http.W3CHttpResponseCodec.decode(W3CHttpResponseCodec.java:122)
	at org.openqa.selenium.remote.http.W3CHttpResponseCodec.decode(W3CHttpResponseCodec.java:49)
	at org.openqa.selenium.remote.HttpCommandExecutor.execute(HttpCommandExecutor.java:158)
	at org.openqa.selenium.remote.service.DriverCommandExecutor.execute(DriverCommandExecutor.java:83)
	at org.openqa.selenium.remote.RemoteWebDriver.execute(RemoteWebDriver.java:552)
	at com.kms.katalon.selenium.driver.CChromeDriver.execute(CChromeDriver.java:19)
	at org.openqa.selenium.remote.RemoteWebDriver.get(RemoteWebDriver.java:277)
	at org.openqa.selenium.remote.RemoteWebDriver$RemoteNavigation.to(RemoteWebDriver.java:857)
	at org.openqa.selenium.support.events.EventFiringWebDriver$EventFiringNavigation.to(EventFiringWebDriver.java:569)
	at com.kms.katalon.core.webui.keyword.builtin.NavigateToUrlKeyword$_navigateToUrl_closure1.doCall(NavigateToUrlKeyword.groovy:81)
	at com.kms.katalon.core.webui.keyword.builtin.NavigateToUrlKeyword$_navigateToUrl_closure1.call(NavigateToUrlKeyword.groovy)
	at com.kms.katalon.core.webui.keyword.internal.WebUIKeywordMain.runKeyword(WebUIKeywordMain.groovy:20)
	at com.kms.katalon.core.webui.keyword.builtin.NavigateToUrlKeyword.navigateToUrl(NavigateToUrlKeyword.groovy:83)
	at com.kms.katalon.core.webui.keyword.builtin.NavigateToUrlKeyword.execute(NavigateToUrlKeyword.groovy:67)
	at com.kms.katalon.core.keyword.internal.KeywordExecutor.executeKeywordForPlatform(KeywordExecutor.groovy:73)
	at com.kms.katalon.core.webui.keyword.WebUiBuiltInKeywords.navigateToUrl(WebUiBuiltInKeywords.groovy:183)
	at com.kms.katalon.core.webui.keyword.WebUiBuiltInKeywords$navigateToUrl$0.call(Unknown Source)
	at ist_real.Login_IST.go_to_ISTools_URL(Login_IST.groovy:83)
	at cucumber.runtime.Utils$1.call(Utils.java:26)
	at cucumber.runtime.Timeout.timeout(Timeout.java:16)
	at cucumber.runtime.Utils.invoke(Utils.java:20)
	at cucumber.runtime.java.JavaStepDefinition.execute(JavaStepDefinition.java:48)
	at cucumber.runtime.PickleStepDefinitionMatch.runStep(PickleStepDefinitionMatch.java:50)
	at cucumber.runner.TestStep.executeStep(TestStep.java:55)
	at cucumber.runner.TestStep.run(TestStep.java:42)
	at cucumber.runner.PickleStepTestStep.run(PickleStepTestStep.java:53)
	at cucumber.runner.TestCase.run(TestCase.java:47)
	at cucumber.runner.Runner.runPickle(Runner.java:44)
	at cucumber.runtime.Runtime.runFeature(Runtime.java:120)
	at cucumber.runtime.Runtime.run(Runtime.java:106)
	at cucumber.api.cli.Main.run(Main.java:35)
	at cucumber.api.cli.Main$run.call(Unknown Source)
	at com.kms.katalon.core.cucumber.keyword.CucumberBuiltinKeywords$_runFeatureFile_closure1.doCall(CucumberBuiltinKeywords.groovy:76)
	at com.kms.katalon.core.cucumber.keyword.CucumberBuiltinKeywords$_runFeatureFile_closure1.doCall(CucumberBuiltinKeywords.groovy)
	at com.kms.katalon.core.keyword.internal.KeywordMain.runKeyword(KeywordMain.groovy:68)
	at com.kms.katalon.core.keyword.internal.KeywordMain$runKeyword.call(Unknown Source)
	at com.kms.katalon.core.cucumber.keyword.CucumberBuiltinKeywords.runFeatureFile(CucumberBuiltinKeywords.groovy:46)
	at com.kms.katalon.core.cucumber.keyword.CucumberBuiltinKeywords$runFeatureFile$0.callStatic(Unknown Source)
	at com.kms.katalon.core.cucumber.keyword.CucumberBuiltinKeywords.runFeatureFile(CucumberBuiltinKeywords.groovy:169)
	at com.kms.katalon.core.cucumber.keyword.CucumberBuiltinKeywords$runFeatureFile.call(Unknown Source)
	at Script1611043593151.run(Script1611043593151.groovy:18)
	... 13 more
)
[[ATTACHMENT|/Users/chaidir.pratama01/Katalon Studio/IST_Automation_Git/Reports/20210122_113940/RTD/TS_Partner_Disbursement/20210122_113946/1611294406481.png]]

2021-01-22 12:46:46 - [MESSAGE][FAILED] - Go to ISTools FAILED.
Reason:
com.kms.katalon.core.exception.StepFailedException: Unable to navigate to 'https://dev-istools.homecredit.id/foundation/'
	at com.kms.katalon.core.webui.keyword.internal.WebUIKeywordMain.stepFailed(WebUIKeywordMain.groovy:64)
	at com.kms.katalon.core.webui.keyword.internal.WebUIKeywordMain.runKeyword(WebUIKeywordMain.groovy:26)
	at com.kms.katalon.core.webui.keyword.builtin.NavigateToUrlKeyword.navigateToUrl(NavigateToUrlKeyword.groovy:83)
	at com.kms.katalon.core.webui.keyword.builtin.NavigateToUrlKeyword.execute(NavigateToUrlKeyword.groovy:67)
	at com.kms.katalon.core.keyword.internal.KeywordExecutor.executeKeywordForPlatform(KeywordExecutor.groovy:73)
	at com.kms.katalon.core.webui.keyword.WebUiBuiltInKeywords.navigateToUrl(WebUiBuiltInKeywords.groovy:183)
	at com.kms.katalon.core.webui.keyword.WebUiBuiltInKeywords$navigateToUrl$0.call(Unknown Source)
	at ist_real.Login_IST.go_to_ISTools_URL(Login_IST.groovy:83)
	at âœ½.Go to ISTools(/Users/chaidir.pratama01/Katalon Studio/IST_Automation_Git/Include/features/IST_Real/RTD/Partner_Disbursement/Export_Data.feature:25)
Caused by: org.openqa.selenium.WebDriverException: unknown error: net::ERR_CONNECTION_TIMED_OUT
  (Session info: headless chrome=87.0.4280.141)
Build info: version: '3.141.59', revision: 'e82be7d358', time: '2018-11-14T08:25:53'
System info: host: 'M-Chaidir-Pratama.local', ip: 'fe80:0:0:0:14e4:ed6f:bc3b:fd01%en0', os.name: 'Mac OS X', os.arch: 'x86_64', os.version: '10.15', java.version: '1.8.0_181'
Driver info: com.kms.katalon.selenium.driver.CChromeDriver
Capabilities {acceptInsecureCerts: false, browserName: chrome, browserVersion: 87.0.4280.141, chrome: {chromedriverVersion: 87.0.4280.88 (89e2380a3e36c..., userDataDir: /var/folders/0s/4_d154xd6dq...}, goog:chromeOptions: {debuggerAddress: localhost:52980}, javascriptEnabled: true, networkConnectionEnabled: false, pageLoadStrategy: normal, platform: MAC, platformName: MAC, proxy: Proxy(), setWindowRect: true, strictFileInteractability: false, timeouts: {implicit: 0, pageLoad: 300000, script: 30000}, unhandledPromptBehavior: dismiss and notify, webauthn:virtualAuthenticators: true}
Session ID: 03ee06bfbe58d486caf4fc8ced357fb1
	at org.openqa.selenium.remote.http.W3CHttpResponseCodec.createException(W3CHttpResponseCodec.java:187)
	at org.openqa.selenium.remote.http.W3CHttpResponseCodec.decode(W3CHttpResponseCodec.java:122)
	at org.openqa.selenium.remote.http.W3CHttpResponseCodec.decode(W3CHttpResponseCodec.java:49)
	at org.openqa.selenium.remote.HttpCommandExecutor.execute(HttpCommandExecutor.java:158)
	at org.openqa.selenium.remote.service.DriverCommandExecutor.execute(DriverCommandExecutor.java:83)
	at org.openqa.selenium.remote.RemoteWebDriver.execute(RemoteWebDriver.java:552)
	at com.kms.katalon.selenium.driver.CChromeDriver.execute(CChromeDriver.java:19)
	at org.openqa.selenium.remote.RemoteWebDriver.get(RemoteWebDriver.java:277)
	at org.openqa.selenium.remote.RemoteWebDriver$RemoteNavigation.to(RemoteWebDriver.java:857)
	at org.openqa.selenium.support.events.EventFiringWebDriver$EventFiringNavigation.to(EventFiringWebDriver.java:569)
	at com.kms.katalon.core.webui.keyword.builtin.NavigateToUrlKeyword$_navigateToUrl_closure1.doCall(NavigateToUrlKeyword.groovy:81)
	at com.kms.katalon.core.webui.keyword.builtin.NavigateToUrlKeyword$_navigateToUrl_closure1.call(NavigateToUrlKeyword.groovy)
	at com.kms.katalon.core.webui.keyword.internal.WebUIKeywordMain.runKeyword(WebUIKeywordMain.groovy:20)
	at com.kms.katalon.core.webui.keyword.builtin.NavigateToUrlKeyword.navigateToUrl(NavigateToUrlKeyword.groovy:83)
	at com.kms.katalon.core.webui.keyword.builtin.NavigateToUrlKeyword.execute(NavigateToUrlKeyword.groovy:67)
	at com.kms.katalon.core.keyword.internal.KeywordExecutor.executeKeywordForPlatform(KeywordExecutor.groovy:73)
	at com.kms.katalon.core.webui.keyword.WebUiBuiltInKeywords.navigateToUrl(WebUiBuiltInKeywords.groovy:183)
	at com.kms.katalon.core.webui.keyword.WebUiBuiltInKeywords$navigateToUrl$0.call(Unknown Source)
	at ist_real.Login_IST.go_to_ISTools_URL(Login_IST.groovy:83)
	at cucumber.runtime.Utils$1.call(Utils.java:26)
	at cucumber.runtime.Timeout.timeout(Timeout.java:16)
	at cucumber.runtime.Utils.invoke(Utils.java:20)
	at cucumber.runtime.java.JavaStepDefinition.execute(JavaStepDefinition.java:48)
	at cucumber.runtime.PickleStepDefinitionMatch.runStep(PickleStepDefinitionMatch.java:50)
	at cucumber.runner.TestStep.executeStep(TestStep.java:55)
	at cucumber.runner.TestStep.run(TestStep.java:42)
	at cucumber.runner.PickleStepTestStep.run(PickleStepTestStep.java:53)
	at cucumber.runner.TestCase.run(TestCase.java:47)
	at cucumber.runner.Runner.runPickle(Runner.java:44)
	at cucumber.runtime.Runtime.runFeature(Runtime.java:120)
	at cucumber.runtime.Runtime.run(Runtime.java:106)
	at cucumber.api.cli.Main.run(Main.java:35)
	at cucumber.api.cli.Main$run.call(Unknown Source)
	at com.kms.katalon.core.cucumber.keyword.CucumberBuiltinKeywords$_runFeatureFile_closure1.doCall(CucumberBuiltinKeywords.groovy:76)
	at com.kms.katalon.core.cucumber.keyword.CucumberBuiltinKeywords$_runFeatureFile_closure1.doCall(CucumberBuiltinKeywords.groovy)
	at com.kms.katalon.core.keyword.internal.KeywordMain.runKeyword(KeywordMain.groovy:68)
	at com.kms.katalon.core.keyword.internal.KeywordMain$runKeyword.call(Unknown Source)
	at com.kms.katalon.core.cucumber.keyword.CucumberBuiltinKeywords.runFeatureFile(CucumberBuiltinKeywords.groovy:46)
	at com.kms.katalon.core.cucumber.keyword.CucumberBuiltinKeywords$runFeatureFile$0.callStatic(Unknown Source)
	at com.kms.katalon.core.cucumber.keyword.CucumberBuiltinKeywords.runFeatureFile(CucumberBuiltinKeywords.groovy:169)
	at com.kms.katalon.core.cucumber.keyword.CucumberBuiltinKeywords$runFeatureFile.call(Unknown Source)
	at TC_Export_Data.run(TC_Export_Data:18)
	at com.kms.katalon.core.main.ScriptEngine.run(ScriptEngine.java:194)
	at com.kms.katalon.core.main.ScriptEngine.runScriptAsRawText(ScriptEngine.java:119)
	at com.kms.katalon.core.main.TestCaseExecutor.runScript(TestCaseExecutor.java:339)
	at com.kms.katalon.core.main.TestCaseExecutor.doExecute(TestCaseExecutor.java:330)
	at com.kms.katalon.core.main.TestCaseExecutor.processExecutionPhase(TestCaseExecutor.java:309)
	at com.kms.katalon.core.main.TestCaseExecutor.accessMainPhase(TestCaseExecutor.java:301)
	at com.kms.katalon.core.main.TestCaseExecutor.execute(TestCaseExecutor.java:235)
	at com.kms.katalon.core.main.TestSuiteExecutor.accessTestCaseMainPhase(TestSuiteExecutor.java:191)
	at com.kms.katalon.core.main.TestSuiteExecutor.accessTestSuiteMainPhase(TestSuiteExecutor.java:141)
	at com.kms.katalon.core.main.TestSuiteExecutor.execute(TestSuiteExecutor.java:90)
	at com.kms.katalon.core.main.TestCaseMain.startTestSuite(TestCaseMain.java:157)
	at com.kms.katalon.core.main.TestCaseMain$startTestSuite$0.call(Unknown Source)
	at TempTestSuite1611290386363.run(TempTestSuite1611290386363.groovy:39)


2021-01-22 12:46:46 - [TEST_STEP][NOT_RUN] - Login IST with valid credentials: Login IST with valid credentials

2021-01-22 12:46:46 - [MESSAGE][NOT_RUN] - Login IST with valid credentials

2021-01-22 12:46:46 - [TEST_STEP][NOT_RUN] - Login Success: Login Success

2021-01-22 12:46:46 - [MESSAGE][NOT_RUN] - Login Success

2021-01-22 12:46:46 - [TEST_STEP][NOT_RUN] - Select Arrow Menu "Real Time Disbursement": Select Arrow Menu "Real Time Disbursement"

2021-01-22 12:46:46 - [MESSAGE][NOT_RUN] - Select Arrow Menu "Real Time Disbursement"

2021-01-22 12:46:46 - [TEST_STEP][NOT_RUN] - Select Menu "Partner Disbursement": Select Menu "Partner Disbursement"

2021-01-22 12:46:46 - [MESSAGE][NOT_RUN] - Select Menu "Partner Disbursement"

2021-01-22 12:46:46 - [TEST_STEP][NOT_RUN] - Input Contract RTD in Contract Number label: Input Contract RTD in Contract Number label

2021-01-22 12:46:46 - [MESSAGE][NOT_RUN] - Input Contract RTD in Contract Number label

2021-01-22 12:46:46 - [TEST_STEP][NOT_RUN] - Click button "Search": Click button "Search"

2021-01-22 12:46:46 - [MESSAGE][NOT_RUN] - Click button "Search"

2021-01-22 12:46:46 - [TEST_STEP][NOT_RUN] - Verify Table Filled: Verify Table Filled

2021-01-22 12:46:46 - [MESSAGE][NOT_RUN] - Verify Table Filled

2021-01-22 12:46:46 - [TEST_STEP][NOT_RUN] - Click button "Export Data": Click button "Export Data"

2021-01-22 12:46:46 - [MESSAGE][NOT_RUN] - Click button "Export Data"

2021-01-22 12:46:46 - [MESSAGE][FAILED] - Feature file 'Include/features/IST_Real/RTD/Partner_Disbursement/Export_Data.feature' was failed

2021-01-22 12:46:46 - [MESSAGE][FAILED] - Keyword runFeatureFile was failed (Root cause: com.kms.katalon.core.exception.StepFailedException: Feature file 'Include/features/IST_Real/RTD/Partner_Disbursement/Export_Data.feature' was failed
	at com.kms.katalon.core.keyword.internal.KeywordMain.stepFailed(KeywordMain.groovy:50)
	at com.kms.katalon.core.keyword.internal.KeywordMain.stepFailed(KeywordMain.groovy)
	at com.kms.katalon.core.keyword.internal.KeywordMain.stepFailed(KeywordMain.groovy:23)
	at com.kms.katalon.core.keyword.internal.KeywordMain$stepFailed$0.call(Unknown Source)
	at com.kms.katalon.core.cucumber.keyword.CucumberBuiltinKeywords$_runFeatureFile_closure1.doCall(CucumberBuiltinKeywords.groovy:82)
	at com.kms.katalon.core.cucumber.keyword.CucumberBuiltinKeywords$_runFeatureFile_closure1.doCall(CucumberBuiltinKeywords.groovy)
	at com.kms.katalon.core.keyword.internal.KeywordMain.runKeyword(KeywordMain.groovy:68)
	at com.kms.katalon.core.keyword.internal.KeywordMain$runKeyword.call(Unknown Source)
	at com.kms.katalon.core.cucumber.keyword.CucumberBuiltinKeywords.runFeatureFile(CucumberBuiltinKeywords.groovy:46)
	at com.kms.katalon.core.cucumber.keyword.CucumberBuiltinKeywords$runFeatureFile$0.callStatic(Unknown Source)
	at com.kms.katalon.core.cucumber.keyword.CucumberBuiltinKeywords.runFeatureFile(CucumberBuiltinKeywords.groovy:169)
	at com.kms.katalon.core.cucumber.keyword.CucumberBuiltinKeywords$runFeatureFile.call(Unknown Source)
	at TC_Export_Data.run(TC_Export_Data:18)
	at com.kms.katalon.core.main.ScriptEngine.run(ScriptEngine.java:194)
	at com.kms.katalon.core.main.ScriptEngine.runScriptAsRawText(ScriptEngine.java:119)
	at com.kms.katalon.core.main.TestCaseExecutor.runScript(TestCaseExecutor.java:339)
	at com.kms.katalon.core.main.TestCaseExecutor.doExecute(TestCaseExecutor.java:330)
	at com.kms.katalon.core.main.TestCaseExecutor.processExecutionPhase(TestCaseExecutor.java:309)
	at com.kms.katalon.core.main.TestCaseExecutor.accessMainPhase(TestCaseExecutor.java:301)
	at com.kms.katalon.core.main.TestCaseExecutor.execute(TestCaseExecutor.java:235)
	at com.kms.katalon.core.main.TestSuiteExecutor.accessTestCaseMainPhase(TestSuiteExecutor.java:191)
	at com.kms.katalon.core.main.TestSuiteExecutor.accessTestSuiteMainPhase(TestSuiteExecutor.java:141)
	at com.kms.katalon.core.main.TestSuiteExecutor.execute(TestSuiteExecutor.java:90)
	at com.kms.katalon.core.main.TestCaseMain.startTestSuite(TestCaseMain.java:157)
	at com.kms.katalon.core.main.TestCaseMain$startTestSuite$0.call(Unknown Source)
	at TempTestSuite1611290386363.run(TempTestSuite1611290386363.groovy:39)
)]]></system-out>
         <system-err><![CDATA[2021-01-22 12:45:30 - [TEST_CASE][FAILED] - Test Cases/RTD/Partner Disbursement/TC_Export_Data: Test Cases/RTD/Partner Disbursement/TC_Export_Data FAILED.
Reason:
com.kms.katalon.core.exception.StepFailedException: Feature file 'Include/features/IST_Real/RTD/Partner_Disbursement/Export_Data.feature' was failed
	at com.kms.katalon.core.keyword.internal.KeywordMain.stepFailed(KeywordMain.groovy:50)
	at com.kms.katalon.core.keyword.internal.KeywordMain.stepFailed(KeywordMain.groovy)
	at com.kms.katalon.core.keyword.internal.KeywordMain.stepFailed(KeywordMain.groovy:23)
	at com.kms.katalon.core.keyword.internal.KeywordMain$stepFailed$0.call(Unknown Source)
	at com.kms.katalon.core.cucumber.keyword.CucumberBuiltinKeywords$_runFeatureFile_closure1.doCall(CucumberBuiltinKeywords.groovy:82)
	at com.kms.katalon.core.cucumber.keyword.CucumberBuiltinKeywords$_runFeatureFile_closure1.doCall(CucumberBuiltinKeywords.groovy)
	at com.kms.katalon.core.keyword.internal.KeywordMain.runKeyword(KeywordMain.groovy:68)
	at com.kms.katalon.core.keyword.internal.KeywordMain$runKeyword.call(Unknown Source)
	at com.kms.katalon.core.cucumber.keyword.CucumberBuiltinKeywords.runFeatureFile(CucumberBuiltinKeywords.groovy:46)
	at com.kms.katalon.core.cucumber.keyword.CucumberBuiltinKeywords$runFeatureFile$0.callStatic(Unknown Source)
	at com.kms.katalon.core.cucumber.keyword.CucumberBuiltinKeywords.runFeatureFile(CucumberBuiltinKeywords.groovy:169)
	at com.kms.katalon.core.cucumber.keyword.CucumberBuiltinKeywords$runFeatureFile.call(Unknown Source)
	at TC_Export_Data.run(TC_Export_Data:18)
	at com.kms.katalon.core.main.ScriptEngine.run(ScriptEngine.java:194)
	at com.kms.katalon.core.main.ScriptEngine.runScriptAsRawText(ScriptEngine.java:119)
	at com.kms.katalon.core.main.TestCaseExecutor.runScript(TestCaseExecutor.java:339)
	at com.kms.katalon.core.main.TestCaseExecutor.doExecute(TestCaseExecutor.java:330)
	at com.kms.katalon.core.main.TestCaseExecutor.processExecutionPhase(TestCaseExecutor.java:309)
	at com.kms.katalon.core.main.TestCaseExecutor.accessMainPhase(TestCaseExecutor.java:301)
	at com.kms.katalon.core.main.TestCaseExecutor.execute(TestCaseExecutor.java:235)
	at com.kms.katalon.core.main.TestSuiteExecutor.accessTestCaseMainPhase(TestSuiteExecutor.java:191)
	at com.kms.katalon.core.main.TestSuiteExecutor.accessTestSuiteMainPhase(TestSuiteExecutor.java:141)
	at com.kms.katalon.core.main.TestSuiteExecutor.execute(TestSuiteExecutor.java:90)
	at com.kms.katalon.core.main.TestCaseMain.startTestSuite(TestCaseMain.java:157)
	at com.kms.katalon.core.main.TestCaseMain$startTestSuite$0.call(Unknown Source)
	at TempTestSuite1611290386363.run(TempTestSuite1611290386363.groovy:39)]]></system-err>
      </testcase>
      <testcase name="Test Cases/RTD/Partner Disbursement/TC_Search_by_OrderID" time="76.25" classname="Test Cases/RTD/Partner Disbursement/TC_Search_by_OrderID" status="FAILED">
         <failure type="FAILED" message="Test Cases/RTD/Partner Disbursement/TC_Search_by_OrderID FAILED.
Reason:
com.kms.katalon.core.exception.StepFailedException: Feature file 'Include/features/IST_Real/RTD/Partner_Disbursement/Search_by_OrderID.feature' was failed
	at com.kms.katalon.core.keyword.internal.KeywordMain.stepFailed(KeywordMain.groovy:50)
	at com.kms.katalon.core.keyword.internal.KeywordMain.stepFailed(KeywordMain.groovy)
	at com.kms.katalon.core.keyword.internal.KeywordMain.stepFailed(KeywordMain.groovy:23)
	at com.kms.katalon.core.keyword.internal.KeywordMain$stepFailed$0.call(Unknown Source)
	at com.kms.katalon.core.cucumber.keyword.CucumberBuiltinKeywords$_runFeatureFile_closure1.doCall(CucumberBuiltinKeywords.groovy:82)
	at com.kms.katalon.core.cucumber.keyword.CucumberBuiltinKeywords$_runFeatureFile_closure1.doCall(CucumberBuiltinKeywords.groovy)
	at com.kms.katalon.core.keyword.internal.KeywordMain.runKeyword(KeywordMain.groovy:68)
	at com.kms.katalon.core.keyword.internal.KeywordMain$runKeyword.call(Unknown Source)
	at com.kms.katalon.core.cucumber.keyword.CucumberBuiltinKeywords.runFeatureFile(CucumberBuiltinKeywords.groovy:46)
	at com.kms.katalon.core.cucumber.keyword.CucumberBuiltinKeywords$runFeatureFile$0.callStatic(Unknown Source)
	at com.kms.katalon.core.cucumber.keyword.CucumberBuiltinKeywords.runFeatureFile(CucumberBuiltinKeywords.groovy:169)
	at com.kms.katalon.core.cucumber.keyword.CucumberBuiltinKeywords$runFeatureFile.call(Unknown Source)
	at TC_Search_by_OrderID.run(TC_Search_by_OrderID:18)
	at com.kms.katalon.core.main.ScriptEngine.run(ScriptEngine.java:194)
	at com.kms.katalon.core.main.ScriptEngine.runScriptAsRawText(ScriptEngine.java:119)
	at com.kms.katalon.core.main.TestCaseExecutor.runScript(TestCaseExecutor.java:339)
	at com.kms.katalon.core.main.TestCaseExecutor.doExecute(TestCaseExecutor.java:330)
	at com.kms.katalon.core.main.TestCaseExecutor.processExecutionPhase(TestCaseExecutor.java:309)
	at com.kms.katalon.core.main.TestCaseExecutor.accessMainPhase(TestCaseExecutor.java:301)
	at com.kms.katalon.core.main.TestCaseExecutor.execute(TestCaseExecutor.java:235)
	at com.kms.katalon.core.main.TestSuiteExecutor.accessTestCaseMainPhase(TestSuiteExecutor.java:191)
	at com.kms.katalon.core.main.TestSuiteExecutor.accessTestSuiteMainPhase(TestSuiteExecutor.java:141)
	at com.kms.katalon.core.main.TestSuiteExecutor.execute(TestSuiteExecutor.java:90)
	at com.kms.katalon.core.main.TestCaseMain.startTestSuite(TestCaseMain.java:157)
	at com.kms.katalon.core.main.TestCaseMain$startTestSuite$0.call(Unknown Source)
	at TempTestSuite1611290386363.run(TempTestSuite1611290386363.groovy:39)
"/>
         <system-out><![CDATA[2021-01-22 12:46:47 - [TEST_CASE][FAILED] - Test Cases/RTD/Partner Disbursement/TC_Search_by_OrderID: Test Cases/RTD/Partner Disbursement/TC_Search_by_OrderID FAILED.
Reason:
com.kms.katalon.core.exception.StepFailedException: Feature file 'Include/features/IST_Real/RTD/Partner_Disbursement/Search_by_OrderID.feature' was failed
	at com.kms.katalon.core.keyword.internal.KeywordMain.stepFailed(KeywordMain.groovy:50)
	at com.kms.katalon.core.keyword.internal.KeywordMain.stepFailed(KeywordMain.groovy)
	at com.kms.katalon.core.keyword.internal.KeywordMain.stepFailed(KeywordMain.groovy:23)
	at com.kms.katalon.core.keyword.internal.KeywordMain$stepFailed$0.call(Unknown Source)
	at com.kms.katalon.core.cucumber.keyword.CucumberBuiltinKeywords$_runFeatureFile_closure1.doCall(CucumberBuiltinKeywords.groovy:82)
	at com.kms.katalon.core.cucumber.keyword.CucumberBuiltinKeywords$_runFeatureFile_closure1.doCall(CucumberBuiltinKeywords.groovy)
	at com.kms.katalon.core.keyword.internal.KeywordMain.runKeyword(KeywordMain.groovy:68)
	at com.kms.katalon.core.keyword.internal.KeywordMain$runKeyword.call(Unknown Source)
	at com.kms.katalon.core.cucumber.keyword.CucumberBuiltinKeywords.runFeatureFile(CucumberBuiltinKeywords.groovy:46)
	at com.kms.katalon.core.cucumber.keyword.CucumberBuiltinKeywords$runFeatureFile$0.callStatic(Unknown Source)
	at com.kms.katalon.core.cucumber.keyword.CucumberBuiltinKeywords.runFeatureFile(CucumberBuiltinKeywords.groovy:169)
	at com.kms.katalon.core.cucumber.keyword.CucumberBuiltinKeywords$runFeatureFile.call(Unknown Source)
	at TC_Search_by_OrderID.run(TC_Search_by_OrderID:18)
	at com.kms.katalon.core.main.ScriptEngine.run(ScriptEngine.java:194)
	at com.kms.katalon.core.main.ScriptEngine.runScriptAsRawText(ScriptEngine.java:119)
	at com.kms.katalon.core.main.TestCaseExecutor.runScript(TestCaseExecutor.java:339)
	at com.kms.katalon.core.main.TestCaseExecutor.doExecute(TestCaseExecutor.java:330)
	at com.kms.katalon.core.main.TestCaseExecutor.processExecutionPhase(TestCaseExecutor.java:309)
	at com.kms.katalon.core.main.TestCaseExecutor.accessMainPhase(TestCaseExecutor.java:301)
	at com.kms.katalon.core.main.TestCaseExecutor.execute(TestCaseExecutor.java:235)
	at com.kms.katalon.core.main.TestSuiteExecutor.accessTestCaseMainPhase(TestSuiteExecutor.java:191)
	at com.kms.katalon.core.main.TestSuiteExecutor.accessTestSuiteMainPhase(TestSuiteExecutor.java:141)
	at com.kms.katalon.core.main.TestSuiteExecutor.execute(TestSuiteExecutor.java:90)
	at com.kms.katalon.core.main.TestCaseMain.startTestSuite(TestCaseMain.java:157)
	at com.kms.katalon.core.main.TestCaseMain$startTestSuite$0.call(Unknown Source)
	at TempTestSuite1611290386363.run(TempTestSuite1611290386363.groovy:39)


2021-01-22 12:46:47 - [TEST_STEP][FAILED] - runFeatureFile("Include/features/IST_Real/RTD/Partner_Disbursement/Search_by_OrderID.feature"): Keyword runFeatureFile was failed (Root cause: com.kms.katalon.core.exception.StepFailedException: Feature file 'Include/features/IST_Real/RTD/Partner_Disbursement/Search_by_OrderID.feature' was failed
	at com.kms.katalon.core.keyword.internal.KeywordMain.stepFailed(KeywordMain.groovy:50)
	at com.kms.katalon.core.keyword.internal.KeywordMain.stepFailed(KeywordMain.groovy)
	at com.kms.katalon.core.keyword.internal.KeywordMain.stepFailed(KeywordMain.groovy:23)
	at com.kms.katalon.core.keyword.internal.KeywordMain$stepFailed$0.call(Unknown Source)
	at com.kms.katalon.core.cucumber.keyword.CucumberBuiltinKeywords$_runFeatureFile_closure1.doCall(CucumberBuiltinKeywords.groovy:82)
	at com.kms.katalon.core.cucumber.keyword.CucumberBuiltinKeywords$_runFeatureFile_closure1.doCall(CucumberBuiltinKeywords.groovy)
	at com.kms.katalon.core.keyword.internal.KeywordMain.runKeyword(KeywordMain.groovy:68)
	at com.kms.katalon.core.keyword.internal.KeywordMain$runKeyword.call(Unknown Source)
	at com.kms.katalon.core.cucumber.keyword.CucumberBuiltinKeywords.runFeatureFile(CucumberBuiltinKeywords.groovy:46)
	at com.kms.katalon.core.cucumber.keyword.CucumberBuiltinKeywords$runFeatureFile$0.callStatic(Unknown Source)
	at com.kms.katalon.core.cucumber.keyword.CucumberBuiltinKeywords.runFeatureFile(CucumberBuiltinKeywords.groovy:169)
	at com.kms.katalon.core.cucumber.keyword.CucumberBuiltinKeywords$runFeatureFile.call(Unknown Source)
	at TC_Search_by_OrderID.run(TC_Search_by_OrderID:18)
	at com.kms.katalon.core.main.ScriptEngine.run(ScriptEngine.java:194)
	at com.kms.katalon.core.main.ScriptEngine.runScriptAsRawText(ScriptEngine.java:119)
	at com.kms.katalon.core.main.TestCaseExecutor.runScript(TestCaseExecutor.java:339)
	at com.kms.katalon.core.main.TestCaseExecutor.doExecute(TestCaseExecutor.java:330)
	at com.kms.katalon.core.main.TestCaseExecutor.processExecutionPhase(TestCaseExecutor.java:309)
	at com.kms.katalon.core.main.TestCaseExecutor.accessMainPhase(TestCaseExecutor.java:301)
	at com.kms.katalon.core.main.TestCaseExecutor.execute(TestCaseExecutor.java:235)
	at com.kms.katalon.core.main.TestSuiteExecutor.accessTestCaseMainPhase(TestSuiteExecutor.java:191)
	at com.kms.katalon.core.main.TestSuiteExecutor.accessTestSuiteMainPhase(TestSuiteExecutor.java:141)
	at com.kms.katalon.core.main.TestSuiteExecutor.execute(TestSuiteExecutor.java:90)
	at com.kms.katalon.core.main.TestCaseMain.startTestSuite(TestCaseMain.java:157)
	at com.kms.katalon.core.main.TestCaseMain$startTestSuite$0.call(Unknown Source)
	at TempTestSuite1611290386363.run(TempTestSuite1611290386363.groovy:39)
)

2021-01-22 12:46:47 - [MESSAGE][INFO] - Starting run keyword runFeatureFile: 'Include/features/IST_Real/RTD/Partner_Disbursement/Search_by_OrderID.feature' and extract report to folder: '/Users/chaidir.pratama01/Katalon Studio/IST_Automation_Git/Reports/20210122_113940/RTD/TS_Partner_Disbursement/20210122_113946/cucumber_report/1611294407077'...

2021-01-22 12:46:47 - [TEST_CASE][FAILED] - Start Test Case : SCENARIO Search by Contract Number and it found on Dashboard: SCENARIO Search by Contract Number and it found on Dashboard FAILED.
Reason:
com.kms.katalon.core.exception.StepFailedException: Unable to navigate to 'https://dev-istools.homecredit.id/foundation/'
	at com.kms.katalon.core.webui.keyword.internal.WebUIKeywordMain.stepFailed(WebUIKeywordMain.groovy:64)
	at com.kms.katalon.core.webui.keyword.internal.WebUIKeywordMain.runKeyword(WebUIKeywordMain.groovy:26)
	at com.kms.katalon.core.webui.keyword.builtin.NavigateToUrlKeyword.navigateToUrl(NavigateToUrlKeyword.groovy:83)
	at com.kms.katalon.core.webui.keyword.builtin.NavigateToUrlKeyword.execute(NavigateToUrlKeyword.groovy:67)
	at com.kms.katalon.core.keyword.internal.KeywordExecutor.executeKeywordForPlatform(KeywordExecutor.groovy:73)
	at com.kms.katalon.core.webui.keyword.WebUiBuiltInKeywords.navigateToUrl(WebUiBuiltInKeywords.groovy:183)
	at com.kms.katalon.core.webui.keyword.WebUiBuiltInKeywords$navigateToUrl$0.call(Unknown Source)
	at ist_real.Login_IST.go_to_ISTools_URL(Login_IST.groovy:83)
	at âœ½.Go to ISTools(/Users/chaidir.pratama01/Katalon Studio/IST_Automation_Git/Include/features/IST_Real/RTD/Partner_Disbursement/Search_by_OrderID.feature:25)
Caused by: org.openqa.selenium.WebDriverException: unknown error: net::ERR_CONNECTION_TIMED_OUT
  (Session info: headless chrome=87.0.4280.141)
Build info: version: '3.141.59', revision: 'e82be7d358', time: '2018-11-14T08:25:53'
System info: host: 'M-Chaidir-Pratama.local', ip: 'fe80:0:0:0:14e4:ed6f:bc3b:fd01%en0', os.name: 'Mac OS X', os.arch: 'x86_64', os.version: '10.15', java.version: '1.8.0_181'
Driver info: com.kms.katalon.selenium.driver.CChromeDriver
Capabilities {acceptInsecureCerts: false, browserName: chrome, browserVersion: 87.0.4280.141, chrome: {chromedriverVersion: 87.0.4280.88 (89e2380a3e36c..., userDataDir: /var/folders/0s/4_d154xd6dq...}, goog:chromeOptions: {debuggerAddress: localhost:52996}, javascriptEnabled: true, networkConnectionEnabled: false, pageLoadStrategy: normal, platform: MAC, platformName: MAC, proxy: Proxy(), setWindowRect: true, strictFileInteractability: false, timeouts: {implicit: 0, pageLoad: 300000, script: 30000}, unhandledPromptBehavior: dismiss and notify, webauthn:virtualAuthenticators: true}
Session ID: 84d745eb30ea554458271202a23eb96f
	at org.openqa.selenium.remote.http.W3CHttpResponseCodec.createException(W3CHttpResponseCodec.java:187)
	at org.openqa.selenium.remote.http.W3CHttpResponseCodec.decode(W3CHttpResponseCodec.java:122)
	at org.openqa.selenium.remote.http.W3CHttpResponseCodec.decode(W3CHttpResponseCodec.java:49)
	at org.openqa.selenium.remote.HttpCommandExecutor.execute(HttpCommandExecutor.java:158)
	at org.openqa.selenium.remote.service.DriverCommandExecutor.execute(DriverCommandExecutor.java:83)
	at org.openqa.selenium.remote.RemoteWebDriver.execute(RemoteWebDriver.java:552)
	at com.kms.katalon.selenium.driver.CChromeDriver.execute(CChromeDriver.java:19)
	at org.openqa.selenium.remote.RemoteWebDriver.get(RemoteWebDriver.java:277)
	at org.openqa.selenium.remote.RemoteWebDriver$RemoteNavigation.to(RemoteWebDriver.java:857)
	at org.openqa.selenium.support.events.EventFiringWebDriver$EventFiringNavigation.to(EventFiringWebDriver.java:569)
	at com.kms.katalon.core.webui.keyword.builtin.NavigateToUrlKeyword$_navigateToUrl_closure1.doCall(NavigateToUrlKeyword.groovy:81)
	at com.kms.katalon.core.webui.keyword.builtin.NavigateToUrlKeyword$_navigateToUrl_closure1.call(NavigateToUrlKeyword.groovy)
	at com.kms.katalon.core.webui.keyword.internal.WebUIKeywordMain.runKeyword(WebUIKeywordMain.groovy:20)
	at com.kms.katalon.core.webui.keyword.builtin.NavigateToUrlKeyword.navigateToUrl(NavigateToUrlKeyword.groovy:83)
	at com.kms.katalon.core.webui.keyword.builtin.NavigateToUrlKeyword.execute(NavigateToUrlKeyword.groovy:67)
	at com.kms.katalon.core.keyword.internal.KeywordExecutor.executeKeywordForPlatform(KeywordExecutor.groovy:73)
	at com.kms.katalon.core.webui.keyword.WebUiBuiltInKeywords.navigateToUrl(WebUiBuiltInKeywords.groovy:183)
	at com.kms.katalon.core.webui.keyword.WebUiBuiltInKeywords$navigateToUrl$0.call(Unknown Source)
	at ist_real.Login_IST.go_to_ISTools_URL(Login_IST.groovy:83)
	at cucumber.runtime.Utils$1.call(Utils.java:26)
	at cucumber.runtime.Timeout.timeout(Timeout.java:16)
	at cucumber.runtime.Utils.invoke(Utils.java:20)
	at cucumber.runtime.java.JavaStepDefinition.execute(JavaStepDefinition.java:48)
	at cucumber.runtime.PickleStepDefinitionMatch.runStep(PickleStepDefinitionMatch.java:50)
	at cucumber.runner.TestStep.executeStep(TestStep.java:55)
	at cucumber.runner.TestStep.run(TestStep.java:42)
	at cucumber.runner.PickleStepTestStep.run(PickleStepTestStep.java:53)
	at cucumber.runner.TestCase.run(TestCase.java:47)
	at cucumber.runner.Runner.runPickle(Runner.java:44)
	at cucumber.runtime.Runtime.runFeature(Runtime.java:120)
	at cucumber.runtime.Runtime.run(Runtime.java:106)
	at cucumber.api.cli.Main.run(Main.java:35)
	at cucumber.api.cli.Main$run.call(Unknown Source)
	at com.kms.katalon.core.cucumber.keyword.CucumberBuiltinKeywords$_runFeatureFile_closure1.doCall(CucumberBuiltinKeywords.groovy:76)
	at com.kms.katalon.core.cucumber.keyword.CucumberBuiltinKeywords$_runFeatureFile_closure1.doCall(CucumberBuiltinKeywords.groovy)
	at com.kms.katalon.core.keyword.internal.KeywordMain.runKeyword(KeywordMain.groovy:68)
	at com.kms.katalon.core.keyword.internal.KeywordMain$runKeyword.call(Unknown Source)
	at com.kms.katalon.core.cucumber.keyword.CucumberBuiltinKeywords.runFeatureFile(CucumberBuiltinKeywords.groovy:46)
	at com.kms.katalon.core.cucumber.keyword.CucumberBuiltinKeywords$runFeatureFile$0.callStatic(Unknown Source)
	at com.kms.katalon.core.cucumber.keyword.CucumberBuiltinKeywords.runFeatureFile(CucumberBuiltinKeywords.groovy:169)
	at com.kms.katalon.core.cucumber.keyword.CucumberBuiltinKeywords$runFeatureFile.call(Unknown Source)
	at TC_Search_by_OrderID.run(TC_Search_by_OrderID:18)
	at com.kms.katalon.core.main.ScriptEngine.run(ScriptEngine.java:194)
	at com.kms.katalon.core.main.ScriptEngine.runScriptAsRawText(ScriptEngine.java:119)
	at com.kms.katalon.core.main.TestCaseExecutor.runScript(TestCaseExecutor.java:339)
	at com.kms.katalon.core.main.TestCaseExecutor.doExecute(TestCaseExecutor.java:330)
	at com.kms.katalon.core.main.TestCaseExecutor.processExecutionPhase(TestCaseExecutor.java:309)
	at com.kms.katalon.core.main.TestCaseExecutor.accessMainPhase(TestCaseExecutor.java:301)
	at com.kms.katalon.core.main.TestCaseExecutor.execute(TestCaseExecutor.java:235)
	at com.kms.katalon.core.main.TestSuiteExecutor.accessTestCaseMainPhase(TestSuiteExecutor.java:191)
	at com.kms.katalon.core.main.TestSuiteExecutor.accessTestSuiteMainPhase(TestSuiteExecutor.java:141)
	at com.kms.katalon.core.main.TestSuiteExecutor.execute(TestSuiteExecutor.java:90)
	at com.kms.katalon.core.main.TestCaseMain.startTestSuite(TestCaseMain.java:157)
	at com.kms.katalon.core.main.TestCaseMain$startTestSuite$0.call(Unknown Source)
	at TempTestSuite1611290386363.run(TempTestSuite1611290386363.groovy:39)


2021-01-22 12:46:47 - [TEST_STEP][FAILED] - Go to ISTools: Go to ISTools FAILED.
Reason:
com.kms.katalon.core.exception.StepFailedException: Unable to navigate to 'https://dev-istools.homecredit.id/foundation/'
	at com.kms.katalon.core.webui.keyword.internal.WebUIKeywordMain.stepFailed(WebUIKeywordMain.groovy:64)
	at com.kms.katalon.core.webui.keyword.internal.WebUIKeywordMain.runKeyword(WebUIKeywordMain.groovy:26)
	at com.kms.katalon.core.webui.keyword.builtin.NavigateToUrlKeyword.navigateToUrl(NavigateToUrlKeyword.groovy:83)
	at com.kms.katalon.core.webui.keyword.builtin.NavigateToUrlKeyword.execute(NavigateToUrlKeyword.groovy:67)
	at com.kms.katalon.core.keyword.internal.KeywordExecutor.executeKeywordForPlatform(KeywordExecutor.groovy:73)
	at com.kms.katalon.core.webui.keyword.WebUiBuiltInKeywords.navigateToUrl(WebUiBuiltInKeywords.groovy:183)
	at com.kms.katalon.core.webui.keyword.WebUiBuiltInKeywords$navigateToUrl$0.call(Unknown Source)
	at ist_real.Login_IST.go_to_ISTools_URL(Login_IST.groovy:83)
	at âœ½.Go to ISTools(/Users/chaidir.pratama01/Katalon Studio/IST_Automation_Git/Include/features/IST_Real/RTD/Partner_Disbursement/Search_by_OrderID.feature:25)
Caused by: org.openqa.selenium.WebDriverException: unknown error: net::ERR_CONNECTION_TIMED_OUT
  (Session info: headless chrome=87.0.4280.141)
Build info: version: '3.141.59', revision: 'e82be7d358', time: '2018-11-14T08:25:53'
System info: host: 'M-Chaidir-Pratama.local', ip: 'fe80:0:0:0:14e4:ed6f:bc3b:fd01%en0', os.name: 'Mac OS X', os.arch: 'x86_64', os.version: '10.15', java.version: '1.8.0_181'
Driver info: com.kms.katalon.selenium.driver.CChromeDriver
Capabilities {acceptInsecureCerts: false, browserName: chrome, browserVersion: 87.0.4280.141, chrome: {chromedriverVersion: 87.0.4280.88 (89e2380a3e36c..., userDataDir: /var/folders/0s/4_d154xd6dq...}, goog:chromeOptions: {debuggerAddress: localhost:52996}, javascriptEnabled: true, networkConnectionEnabled: false, pageLoadStrategy: normal, platform: MAC, platformName: MAC, proxy: Proxy(), setWindowRect: true, strictFileInteractability: false, timeouts: {implicit: 0, pageLoad: 300000, script: 30000}, unhandledPromptBehavior: dismiss and notify, webauthn:virtualAuthenticators: true}
Session ID: 84d745eb30ea554458271202a23eb96f
	at org.openqa.selenium.remote.http.W3CHttpResponseCodec.createException(W3CHttpResponseCodec.java:187)
	at org.openqa.selenium.remote.http.W3CHttpResponseCodec.decode(W3CHttpResponseCodec.java:122)
	at org.openqa.selenium.remote.http.W3CHttpResponseCodec.decode(W3CHttpResponseCodec.java:49)
	at org.openqa.selenium.remote.HttpCommandExecutor.execute(HttpCommandExecutor.java:158)
	at org.openqa.selenium.remote.service.DriverCommandExecutor.execute(DriverCommandExecutor.java:83)
	at org.openqa.selenium.remote.RemoteWebDriver.execute(RemoteWebDriver.java:552)
	at com.kms.katalon.selenium.driver.CChromeDriver.execute(CChromeDriver.java:19)
	at org.openqa.selenium.remote.RemoteWebDriver.get(RemoteWebDriver.java:277)
	at org.openqa.selenium.remote.RemoteWebDriver$RemoteNavigation.to(RemoteWebDriver.java:857)
	at org.openqa.selenium.support.events.EventFiringWebDriver$EventFiringNavigation.to(EventFiringWebDriver.java:569)
	at com.kms.katalon.core.webui.keyword.builtin.NavigateToUrlKeyword$_navigateToUrl_closure1.doCall(NavigateToUrlKeyword.groovy:81)
	at com.kms.katalon.core.webui.keyword.builtin.NavigateToUrlKeyword$_navigateToUrl_closure1.call(NavigateToUrlKeyword.groovy)
	at com.kms.katalon.core.webui.keyword.internal.WebUIKeywordMain.runKeyword(WebUIKeywordMain.groovy:20)
	at com.kms.katalon.core.webui.keyword.builtin.NavigateToUrlKeyword.navigateToUrl(NavigateToUrlKeyword.groovy:83)
	at com.kms.katalon.core.webui.keyword.builtin.NavigateToUrlKeyword.execute(NavigateToUrlKeyword.groovy:67)
	at com.kms.katalon.core.keyword.internal.KeywordExecutor.executeKeywordForPlatform(KeywordExecutor.groovy:73)
	at com.kms.katalon.core.webui.keyword.WebUiBuiltInKeywords.navigateToUrl(WebUiBuiltInKeywords.groovy:183)
	at com.kms.katalon.core.webui.keyword.WebUiBuiltInKeywords$navigateToUrl$0.call(Unknown Source)
	at ist_real.Login_IST.go_to_ISTools_URL(Login_IST.groovy:83)
	at cucumber.runtime.Utils$1.call(Utils.java:26)
	at cucumber.runtime.Timeout.timeout(Timeout.java:16)
	at cucumber.runtime.Utils.invoke(Utils.java:20)
	at cucumber.runtime.java.JavaStepDefinition.execute(JavaStepDefinition.java:48)
	at cucumber.runtime.PickleStepDefinitionMatch.runStep(PickleStepDefinitionMatch.java:50)
	at cucumber.runner.TestStep.executeStep(TestStep.java:55)
	at cucumber.runner.TestStep.run(TestStep.java:42)
	at cucumber.runner.PickleStepTestStep.run(PickleStepTestStep.java:53)
	at cucumber.runner.TestCase.run(TestCase.java:47)
	at cucumber.runner.Runner.runPickle(Runner.java:44)
	at cucumber.runtime.Runtime.runFeature(Runtime.java:120)
	at cucumber.runtime.Runtime.run(Runtime.java:106)
	at cucumber.api.cli.Main.run(Main.java:35)
	at cucumber.api.cli.Main$run.call(Unknown Source)
	at com.kms.katalon.core.cucumber.keyword.CucumberBuiltinKeywords$_runFeatureFile_closure1.doCall(CucumberBuiltinKeywords.groovy:76)
	at com.kms.katalon.core.cucumber.keyword.CucumberBuiltinKeywords$_runFeatureFile_closure1.doCall(CucumberBuiltinKeywords.groovy)
	at com.kms.katalon.core.keyword.internal.KeywordMain.runKeyword(KeywordMain.groovy:68)
	at com.kms.katalon.core.keyword.internal.KeywordMain$runKeyword.call(Unknown Source)
	at com.kms.katalon.core.cucumber.keyword.CucumberBuiltinKeywords.runFeatureFile(CucumberBuiltinKeywords.groovy:46)
	at com.kms.katalon.core.cucumber.keyword.CucumberBuiltinKeywords$runFeatureFile$0.callStatic(Unknown Source)
	at com.kms.katalon.core.cucumber.keyword.CucumberBuiltinKeywords.runFeatureFile(CucumberBuiltinKeywords.groovy:169)
	at com.kms.katalon.core.cucumber.keyword.CucumberBuiltinKeywords$runFeatureFile.call(Unknown Source)
	at TC_Search_by_OrderID.run(TC_Search_by_OrderID:18)
	at com.kms.katalon.core.main.ScriptEngine.run(ScriptEngine.java:194)
	at com.kms.katalon.core.main.ScriptEngine.runScriptAsRawText(ScriptEngine.java:119)
	at com.kms.katalon.core.main.TestCaseExecutor.runScript(TestCaseExecutor.java:339)
	at com.kms.katalon.core.main.TestCaseExecutor.doExecute(TestCaseExecutor.java:330)
	at com.kms.katalon.core.main.TestCaseExecutor.processExecutionPhase(TestCaseExecutor.java:309)
	at com.kms.katalon.core.main.TestCaseExecutor.accessMainPhase(TestCaseExecutor.java:301)
	at com.kms.katalon.core.main.TestCaseExecutor.execute(TestCaseExecutor.java:235)
	at com.kms.katalon.core.main.TestSuiteExecutor.accessTestCaseMainPhase(TestSuiteExecutor.java:191)
	at com.kms.katalon.core.main.TestSuiteExecutor.accessTestSuiteMainPhase(TestSuiteExecutor.java:141)
	at com.kms.katalon.core.main.TestSuiteExecutor.execute(TestSuiteExecutor.java:90)
	at com.kms.katalon.core.main.TestCaseMain.startTestSuite(TestCaseMain.java:157)
	at com.kms.katalon.core.main.TestCaseMain$startTestSuite$0.call(Unknown Source)
	at TempTestSuite1611290386363.run(TempTestSuite1611290386363.groovy:39)


2021-01-22 12:46:47 - [MESSAGE][WARNING] - A browser is already opened. Closing browser and opening a new one

2021-01-22 12:46:47 - [MESSAGE][INFO] - Starting 'Chrome (headless)' driver

2021-01-22 12:46:47 - [MESSAGE][INFO] - User set preference: ['args', '[--start-maximized, --disable-gpu, --no-proxy-server, â€“-no-sandbox, --allow-running-insecure-content, --ignore-certificate-errors, window-size=1680,814, force-device-scale-factor=2, --lang=en-GB]']

2021-01-22 12:46:47 - [MESSAGE][INFO] - User set preference: ['prefs', '{download.default_directory=/Users/chaidir.pratama01/Katalon Studio/IST_Automation_Git/Download}']

2021-01-22 12:46:47 - [MESSAGE][INFO] - Action delay is set to 0 milliseconds

2021-01-22 12:46:47 - [MESSAGE][PASSED] - Browser is opened with url: ''

2021-01-22 12:48:03 - [MESSAGE][FAILED] - Unable to navigate to 'https://dev-istools.homecredit.id/foundation/' (Root cause: com.kms.katalon.core.exception.StepFailedException: Unable to navigate to 'https://dev-istools.homecredit.id/foundation/'
	at com.kms.katalon.core.webui.keyword.internal.WebUIKeywordMain.stepFailed(WebUIKeywordMain.groovy:64)
	at com.kms.katalon.core.webui.keyword.internal.WebUIKeywordMain.runKeyword(WebUIKeywordMain.groovy:26)
	at com.kms.katalon.core.webui.keyword.builtin.NavigateToUrlKeyword.navigateToUrl(NavigateToUrlKeyword.groovy:83)
	at com.kms.katalon.core.webui.keyword.builtin.NavigateToUrlKeyword.execute(NavigateToUrlKeyword.groovy:67)
	at com.kms.katalon.core.keyword.internal.KeywordExecutor.executeKeywordForPlatform(KeywordExecutor.groovy:73)
	at com.kms.katalon.core.webui.keyword.WebUiBuiltInKeywords.navigateToUrl(WebUiBuiltInKeywords.groovy:183)
	at com.kms.katalon.core.webui.keyword.WebUiBuiltInKeywords$navigateToUrl$0.call(Unknown Source)
	at ist_real.Login_IST.go_to_ISTools_URL(Login_IST.groovy:83)
	at cucumber.runtime.Utils$1.call(Utils.java:26)
	at cucumber.runtime.Timeout.timeout(Timeout.java:16)
	at cucumber.runtime.Utils.invoke(Utils.java:20)
	at cucumber.runtime.java.JavaStepDefinition.execute(JavaStepDefinition.java:48)
	at cucumber.runtime.PickleStepDefinitionMatch.runStep(PickleStepDefinitionMatch.java:50)
	at cucumber.runner.TestStep.executeStep(TestStep.java:55)
	at cucumber.runner.TestStep.run(TestStep.java:42)
	at cucumber.runner.PickleStepTestStep.run(PickleStepTestStep.java:53)
	at cucumber.runner.TestCase.run(TestCase.java:47)
	at cucumber.runner.Runner.runPickle(Runner.java:44)
	at cucumber.runtime.Runtime.runFeature(Runtime.java:120)
	at cucumber.runtime.Runtime.run(Runtime.java:106)
	at cucumber.api.cli.Main.run(Main.java:35)
	at cucumber.api.cli.Main$run.call(Unknown Source)
	at com.kms.katalon.core.cucumber.keyword.CucumberBuiltinKeywords$_runFeatureFile_closure1.doCall(CucumberBuiltinKeywords.groovy:76)
	at com.kms.katalon.core.cucumber.keyword.CucumberBuiltinKeywords$_runFeatureFile_closure1.doCall(CucumberBuiltinKeywords.groovy)
	at com.kms.katalon.core.keyword.internal.KeywordMain.runKeyword(KeywordMain.groovy:68)
	at com.kms.katalon.core.keyword.internal.KeywordMain$runKeyword.call(Unknown Source)
	at com.kms.katalon.core.cucumber.keyword.CucumberBuiltinKeywords.runFeatureFile(CucumberBuiltinKeywords.groovy:46)
	at com.kms.katalon.core.cucumber.keyword.CucumberBuiltinKeywords$runFeatureFile$0.callStatic(Unknown Source)
	at com.kms.katalon.core.cucumber.keyword.CucumberBuiltinKeywords.runFeatureFile(CucumberBuiltinKeywords.groovy:169)
	at com.kms.katalon.core.cucumber.keyword.CucumberBuiltinKeywords$runFeatureFile.call(Unknown Source)
	at TC_Search_by_OrderID.run(TC_Search_by_OrderID:18)
	at com.kms.katalon.core.main.ScriptEngine.run(ScriptEngine.java:194)
	at com.kms.katalon.core.main.ScriptEngine.runScriptAsRawText(ScriptEngine.java:119)
	at com.kms.katalon.core.main.TestCaseExecutor.runScript(TestCaseExecutor.java:339)
	at com.kms.katalon.core.main.TestCaseExecutor.doExecute(TestCaseExecutor.java:330)
	at com.kms.katalon.core.main.TestCaseExecutor.processExecutionPhase(TestCaseExecutor.java:309)
	at com.kms.katalon.core.main.TestCaseExecutor.accessMainPhase(TestCaseExecutor.java:301)
	at com.kms.katalon.core.main.TestCaseExecutor.execute(TestCaseExecutor.java:235)
	at com.kms.katalon.core.main.TestSuiteExecutor.accessTestCaseMainPhase(TestSuiteExecutor.java:191)
	at com.kms.katalon.core.main.TestSuiteExecutor.accessTestSuiteMainPhase(TestSuiteExecutor.java:141)
	at com.kms.katalon.core.main.TestSuiteExecutor.execute(TestSuiteExecutor.java:90)
	at com.kms.katalon.core.main.TestCaseMain.startTestSuite(TestCaseMain.java:157)
	at com.kms.katalon.core.main.TestCaseMain$startTestSuite$0.call(Unknown Source)
	at TempTestSuite1611290386363.run(TempTestSuite1611290386363.groovy:39)
Caused by: org.openqa.selenium.WebDriverException: unknown error: net::ERR_CONNECTION_TIMED_OUT
  (Session info: headless chrome=87.0.4280.141)
Build info: version: '3.141.59', revision: 'e82be7d358', time: '2018-11-14T08:25:53'
System info: host: 'M-Chaidir-Pratama.local', ip: 'fe80:0:0:0:14e4:ed6f:bc3b:fd01%en0', os.name: 'Mac OS X', os.arch: 'x86_64', os.version: '10.15', java.version: '1.8.0_181'
Driver info: com.kms.katalon.selenium.driver.CChromeDriver
Capabilities {acceptInsecureCerts: false, browserName: chrome, browserVersion: 87.0.4280.141, chrome: {chromedriverVersion: 87.0.4280.88 (89e2380a3e36c..., userDataDir: /var/folders/0s/4_d154xd6dq...}, goog:chromeOptions: {debuggerAddress: localhost:52996}, javascriptEnabled: true, networkConnectionEnabled: false, pageLoadStrategy: normal, platform: MAC, platformName: MAC, proxy: Proxy(), setWindowRect: true, strictFileInteractability: false, timeouts: {implicit: 0, pageLoad: 300000, script: 30000}, unhandledPromptBehavior: dismiss and notify, webauthn:virtualAuthenticators: true}
Session ID: 84d745eb30ea554458271202a23eb96f
	at org.openqa.selenium.remote.http.W3CHttpResponseCodec.createException(W3CHttpResponseCodec.java:187)
	at org.openqa.selenium.remote.http.W3CHttpResponseCodec.decode(W3CHttpResponseCodec.java:122)
	at org.openqa.selenium.remote.http.W3CHttpResponseCodec.decode(W3CHttpResponseCodec.java:49)
	at org.openqa.selenium.remote.HttpCommandExecutor.execute(HttpCommandExecutor.java:158)
	at org.openqa.selenium.remote.service.DriverCommandExecutor.execute(DriverCommandExecutor.java:83)
	at org.openqa.selenium.remote.RemoteWebDriver.execute(RemoteWebDriver.java:552)
	at com.kms.katalon.selenium.driver.CChromeDriver.execute(CChromeDriver.java:19)
	at org.openqa.selenium.remote.RemoteWebDriver.get(RemoteWebDriver.java:277)
	at org.openqa.selenium.remote.RemoteWebDriver$RemoteNavigation.to(RemoteWebDriver.java:857)
	at org.openqa.selenium.support.events.EventFiringWebDriver$EventFiringNavigation.to(EventFiringWebDriver.java:569)
	at com.kms.katalon.core.webui.keyword.builtin.NavigateToUrlKeyword$_navigateToUrl_closure1.doCall(NavigateToUrlKeyword.groovy:81)
	at com.kms.katalon.core.webui.keyword.builtin.NavigateToUrlKeyword$_navigateToUrl_closure1.call(NavigateToUrlKeyword.groovy)
	at com.kms.katalon.core.webui.keyword.internal.WebUIKeywordMain.runKeyword(WebUIKeywordMain.groovy:20)
	at com.kms.katalon.core.webui.keyword.builtin.NavigateToUrlKeyword.navigateToUrl(NavigateToUrlKeyword.groovy:83)
	at com.kms.katalon.core.webui.keyword.builtin.NavigateToUrlKeyword.execute(NavigateToUrlKeyword.groovy:67)
	at com.kms.katalon.core.keyword.internal.KeywordExecutor.executeKeywordForPlatform(KeywordExecutor.groovy:73)
	at com.kms.katalon.core.webui.keyword.WebUiBuiltInKeywords.navigateToUrl(WebUiBuiltInKeywords.groovy:183)
	at com.kms.katalon.core.webui.keyword.WebUiBuiltInKeywords$navigateToUrl$0.call(Unknown Source)
	at ist_real.Login_IST.go_to_ISTools_URL(Login_IST.groovy:83)
	at cucumber.runtime.Utils$1.call(Utils.java:26)
	at cucumber.runtime.Timeout.timeout(Timeout.java:16)
	at cucumber.runtime.Utils.invoke(Utils.java:20)
	at cucumber.runtime.java.JavaStepDefinition.execute(JavaStepDefinition.java:48)
	at cucumber.runtime.PickleStepDefinitionMatch.runStep(PickleStepDefinitionMatch.java:50)
	at cucumber.runner.TestStep.executeStep(TestStep.java:55)
	at cucumber.runner.TestStep.run(TestStep.java:42)
	at cucumber.runner.PickleStepTestStep.run(PickleStepTestStep.java:53)
	at cucumber.runner.TestCase.run(TestCase.java:47)
	at cucumber.runner.Runner.runPickle(Runner.java:44)
	at cucumber.runtime.Runtime.runFeature(Runtime.java:120)
	at cucumber.runtime.Runtime.run(Runtime.java:106)
	at cucumber.api.cli.Main.run(Main.java:35)
	at cucumber.api.cli.Main$run.call(Unknown Source)
	at com.kms.katalon.core.cucumber.keyword.CucumberBuiltinKeywords$_runFeatureFile_closure1.doCall(CucumberBuiltinKeywords.groovy:76)
	at com.kms.katalon.core.cucumber.keyword.CucumberBuiltinKeywords$_runFeatureFile_closure1.doCall(CucumberBuiltinKeywords.groovy)
	at com.kms.katalon.core.keyword.internal.KeywordMain.runKeyword(KeywordMain.groovy:68)
	at com.kms.katalon.core.keyword.internal.KeywordMain$runKeyword.call(Unknown Source)
	at com.kms.katalon.core.cucumber.keyword.CucumberBuiltinKeywords.runFeatureFile(CucumberBuiltinKeywords.groovy:46)
	at com.kms.katalon.core.cucumber.keyword.CucumberBuiltinKeywords$runFeatureFile$0.callStatic(Unknown Source)
	at com.kms.katalon.core.cucumber.keyword.CucumberBuiltinKeywords.runFeatureFile(CucumberBuiltinKeywords.groovy:169)
	at com.kms.katalon.core.cucumber.keyword.CucumberBuiltinKeywords$runFeatureFile.call(Unknown Source)
	at Script1611043863503.run(Script1611043863503.groovy:18)
	... 13 more
)
[[ATTACHMENT|/Users/chaidir.pratama01/Katalon Studio/IST_Automation_Git/Reports/20210122_113940/RTD/TS_Partner_Disbursement/20210122_113946/1611294482784.png]]

2021-01-22 12:48:03 - [MESSAGE][FAILED] - Go to ISTools FAILED.
Reason:
com.kms.katalon.core.exception.StepFailedException: Unable to navigate to 'https://dev-istools.homecredit.id/foundation/'
	at com.kms.katalon.core.webui.keyword.internal.WebUIKeywordMain.stepFailed(WebUIKeywordMain.groovy:64)
	at com.kms.katalon.core.webui.keyword.internal.WebUIKeywordMain.runKeyword(WebUIKeywordMain.groovy:26)
	at com.kms.katalon.core.webui.keyword.builtin.NavigateToUrlKeyword.navigateToUrl(NavigateToUrlKeyword.groovy:83)
	at com.kms.katalon.core.webui.keyword.builtin.NavigateToUrlKeyword.execute(NavigateToUrlKeyword.groovy:67)
	at com.kms.katalon.core.keyword.internal.KeywordExecutor.executeKeywordForPlatform(KeywordExecutor.groovy:73)
	at com.kms.katalon.core.webui.keyword.WebUiBuiltInKeywords.navigateToUrl(WebUiBuiltInKeywords.groovy:183)
	at com.kms.katalon.core.webui.keyword.WebUiBuiltInKeywords$navigateToUrl$0.call(Unknown Source)
	at ist_real.Login_IST.go_to_ISTools_URL(Login_IST.groovy:83)
	at âœ½.Go to ISTools(/Users/chaidir.pratama01/Katalon Studio/IST_Automation_Git/Include/features/IST_Real/RTD/Partner_Disbursement/Search_by_OrderID.feature:25)
Caused by: org.openqa.selenium.WebDriverException: unknown error: net::ERR_CONNECTION_TIMED_OUT
  (Session info: headless chrome=87.0.4280.141)
Build info: version: '3.141.59', revision: 'e82be7d358', time: '2018-11-14T08:25:53'
System info: host: 'M-Chaidir-Pratama.local', ip: 'fe80:0:0:0:14e4:ed6f:bc3b:fd01%en0', os.name: 'Mac OS X', os.arch: 'x86_64', os.version: '10.15', java.version: '1.8.0_181'
Driver info: com.kms.katalon.selenium.driver.CChromeDriver
Capabilities {acceptInsecureCerts: false, browserName: chrome, browserVersion: 87.0.4280.141, chrome: {chromedriverVersion: 87.0.4280.88 (89e2380a3e36c..., userDataDir: /var/folders/0s/4_d154xd6dq...}, goog:chromeOptions: {debuggerAddress: localhost:52996}, javascriptEnabled: true, networkConnectionEnabled: false, pageLoadStrategy: normal, platform: MAC, platformName: MAC, proxy: Proxy(), setWindowRect: true, strictFileInteractability: false, timeouts: {implicit: 0, pageLoad: 300000, script: 30000}, unhandledPromptBehavior: dismiss and notify, webauthn:virtualAuthenticators: true}
Session ID: 84d745eb30ea554458271202a23eb96f
	at org.openqa.selenium.remote.http.W3CHttpResponseCodec.createException(W3CHttpResponseCodec.java:187)
	at org.openqa.selenium.remote.http.W3CHttpResponseCodec.decode(W3CHttpResponseCodec.java:122)
	at org.openqa.selenium.remote.http.W3CHttpResponseCodec.decode(W3CHttpResponseCodec.java:49)
	at org.openqa.selenium.remote.HttpCommandExecutor.execute(HttpCommandExecutor.java:158)
	at org.openqa.selenium.remote.service.DriverCommandExecutor.execute(DriverCommandExecutor.java:83)
	at org.openqa.selenium.remote.RemoteWebDriver.execute(RemoteWebDriver.java:552)
	at com.kms.katalon.selenium.driver.CChromeDriver.execute(CChromeDriver.java:19)
	at org.openqa.selenium.remote.RemoteWebDriver.get(RemoteWebDriver.java:277)
	at org.openqa.selenium.remote.RemoteWebDriver$RemoteNavigation.to(RemoteWebDriver.java:857)
	at org.openqa.selenium.support.events.EventFiringWebDriver$EventFiringNavigation.to(EventFiringWebDriver.java:569)
	at com.kms.katalon.core.webui.keyword.builtin.NavigateToUrlKeyword$_navigateToUrl_closure1.doCall(NavigateToUrlKeyword.groovy:81)
	at com.kms.katalon.core.webui.keyword.builtin.NavigateToUrlKeyword$_navigateToUrl_closure1.call(NavigateToUrlKeyword.groovy)
	at com.kms.katalon.core.webui.keyword.internal.WebUIKeywordMain.runKeyword(WebUIKeywordMain.groovy:20)
	at com.kms.katalon.core.webui.keyword.builtin.NavigateToUrlKeyword.navigateToUrl(NavigateToUrlKeyword.groovy:83)
	at com.kms.katalon.core.webui.keyword.builtin.NavigateToUrlKeyword.execute(NavigateToUrlKeyword.groovy:67)
	at com.kms.katalon.core.keyword.internal.KeywordExecutor.executeKeywordForPlatform(KeywordExecutor.groovy:73)
	at com.kms.katalon.core.webui.keyword.WebUiBuiltInKeywords.navigateToUrl(WebUiBuiltInKeywords.groovy:183)
	at com.kms.katalon.core.webui.keyword.WebUiBuiltInKeywords$navigateToUrl$0.call(Unknown Source)
	at ist_real.Login_IST.go_to_ISTools_URL(Login_IST.groovy:83)
	at cucumber.runtime.Utils$1.call(Utils.java:26)
	at cucumber.runtime.Timeout.timeout(Timeout.java:16)
	at cucumber.runtime.Utils.invoke(Utils.java:20)
	at cucumber.runtime.java.JavaStepDefinition.execute(JavaStepDefinition.java:48)
	at cucumber.runtime.PickleStepDefinitionMatch.runStep(PickleStepDefinitionMatch.java:50)
	at cucumber.runner.TestStep.executeStep(TestStep.java:55)
	at cucumber.runner.TestStep.run(TestStep.java:42)
	at cucumber.runner.PickleStepTestStep.run(PickleStepTestStep.java:53)
	at cucumber.runner.TestCase.run(TestCase.java:47)
	at cucumber.runner.Runner.runPickle(Runner.java:44)
	at cucumber.runtime.Runtime.runFeature(Runtime.java:120)
	at cucumber.runtime.Runtime.run(Runtime.java:106)
	at cucumber.api.cli.Main.run(Main.java:35)
	at cucumber.api.cli.Main$run.call(Unknown Source)
	at com.kms.katalon.core.cucumber.keyword.CucumberBuiltinKeywords$_runFeatureFile_closure1.doCall(CucumberBuiltinKeywords.groovy:76)
	at com.kms.katalon.core.cucumber.keyword.CucumberBuiltinKeywords$_runFeatureFile_closure1.doCall(CucumberBuiltinKeywords.groovy)
	at com.kms.katalon.core.keyword.internal.KeywordMain.runKeyword(KeywordMain.groovy:68)
	at com.kms.katalon.core.keyword.internal.KeywordMain$runKeyword.call(Unknown Source)
	at com.kms.katalon.core.cucumber.keyword.CucumberBuiltinKeywords.runFeatureFile(CucumberBuiltinKeywords.groovy:46)
	at com.kms.katalon.core.cucumber.keyword.CucumberBuiltinKeywords$runFeatureFile$0.callStatic(Unknown Source)
	at com.kms.katalon.core.cucumber.keyword.CucumberBuiltinKeywords.runFeatureFile(CucumberBuiltinKeywords.groovy:169)
	at com.kms.katalon.core.cucumber.keyword.CucumberBuiltinKeywords$runFeatureFile.call(Unknown Source)
	at TC_Search_by_OrderID.run(TC_Search_by_OrderID:18)
	at com.kms.katalon.core.main.ScriptEngine.run(ScriptEngine.java:194)
	at com.kms.katalon.core.main.ScriptEngine.runScriptAsRawText(ScriptEngine.java:119)
	at com.kms.katalon.core.main.TestCaseExecutor.runScript(TestCaseExecutor.java:339)
	at com.kms.katalon.core.main.TestCaseExecutor.doExecute(TestCaseExecutor.java:330)
	at com.kms.katalon.core.main.TestCaseExecutor.processExecutionPhase(TestCaseExecutor.java:309)
	at com.kms.katalon.core.main.TestCaseExecutor.accessMainPhase(TestCaseExecutor.java:301)
	at com.kms.katalon.core.main.TestCaseExecutor.execute(TestCaseExecutor.java:235)
	at com.kms.katalon.core.main.TestSuiteExecutor.accessTestCaseMainPhase(TestSuiteExecutor.java:191)
	at com.kms.katalon.core.main.TestSuiteExecutor.accessTestSuiteMainPhase(TestSuiteExecutor.java:141)
	at com.kms.katalon.core.main.TestSuiteExecutor.execute(TestSuiteExecutor.java:90)
	at com.kms.katalon.core.main.TestCaseMain.startTestSuite(TestCaseMain.java:157)
	at com.kms.katalon.core.main.TestCaseMain$startTestSuite$0.call(Unknown Source)
	at TempTestSuite1611290386363.run(TempTestSuite1611290386363.groovy:39)


2021-01-22 12:48:03 - [TEST_STEP][NOT_RUN] - Login IST with valid credentials: Login IST with valid credentials

2021-01-22 12:48:03 - [MESSAGE][NOT_RUN] - Login IST with valid credentials

2021-01-22 12:48:03 - [TEST_STEP][NOT_RUN] - Login Success: Login Success

2021-01-22 12:48:03 - [MESSAGE][NOT_RUN] - Login Success

2021-01-22 12:48:03 - [TEST_STEP][NOT_RUN] - Select Arrow Menu "Real Time Disbursement": Select Arrow Menu "Real Time Disbursement"

2021-01-22 12:48:03 - [MESSAGE][NOT_RUN] - Select Arrow Menu "Real Time Disbursement"

2021-01-22 12:48:03 - [TEST_STEP][NOT_RUN] - Select Menu "Partner Disbursement": Select Menu "Partner Disbursement"

2021-01-22 12:48:03 - [MESSAGE][NOT_RUN] - Select Menu "Partner Disbursement"

2021-01-22 12:48:03 - [TEST_STEP][NOT_RUN] - Input "Order ID" for "Partner Disbursement": Input "Order ID" for "Partner Disbursement"

2021-01-22 12:48:03 - [MESSAGE][NOT_RUN] - Input "Order ID" for "Partner Disbursement"

2021-01-22 12:48:03 - [TEST_STEP][NOT_RUN] - Click button "Search": Click button "Search"

2021-01-22 12:48:03 - [MESSAGE][NOT_RUN] - Click button "Search"

2021-01-22 12:48:03 - [TEST_STEP][NOT_RUN] - Verify Search Result Presents: Verify Search Result Presents

2021-01-22 12:48:03 - [MESSAGE][NOT_RUN] - Verify Search Result Presents

2021-01-22 12:48:03 - [MESSAGE][FAILED] - Feature file 'Include/features/IST_Real/RTD/Partner_Disbursement/Search_by_OrderID.feature' was failed

2021-01-22 12:48:03 - [MESSAGE][FAILED] - Keyword runFeatureFile was failed (Root cause: com.kms.katalon.core.exception.StepFailedException: Feature file 'Include/features/IST_Real/RTD/Partner_Disbursement/Search_by_OrderID.feature' was failed
	at com.kms.katalon.core.keyword.internal.KeywordMain.stepFailed(KeywordMain.groovy:50)
	at com.kms.katalon.core.keyword.internal.KeywordMain.stepFailed(KeywordMain.groovy)
	at com.kms.katalon.core.keyword.internal.KeywordMain.stepFailed(KeywordMain.groovy:23)
	at com.kms.katalon.core.keyword.internal.KeywordMain$stepFailed$0.call(Unknown Source)
	at com.kms.katalon.core.cucumber.keyword.CucumberBuiltinKeywords$_runFeatureFile_closure1.doCall(CucumberBuiltinKeywords.groovy:82)
	at com.kms.katalon.core.cucumber.keyword.CucumberBuiltinKeywords$_runFeatureFile_closure1.doCall(CucumberBuiltinKeywords.groovy)
	at com.kms.katalon.core.keyword.internal.KeywordMain.runKeyword(KeywordMain.groovy:68)
	at com.kms.katalon.core.keyword.internal.KeywordMain$runKeyword.call(Unknown Source)
	at com.kms.katalon.core.cucumber.keyword.CucumberBuiltinKeywords.runFeatureFile(CucumberBuiltinKeywords.groovy:46)
	at com.kms.katalon.core.cucumber.keyword.CucumberBuiltinKeywords$runFeatureFile$0.callStatic(Unknown Source)
	at com.kms.katalon.core.cucumber.keyword.CucumberBuiltinKeywords.runFeatureFile(CucumberBuiltinKeywords.groovy:169)
	at com.kms.katalon.core.cucumber.keyword.CucumberBuiltinKeywords$runFeatureFile.call(Unknown Source)
	at TC_Search_by_OrderID.run(TC_Search_by_OrderID:18)
	at com.kms.katalon.core.main.ScriptEngine.run(ScriptEngine.java:194)
	at com.kms.katalon.core.main.ScriptEngine.runScriptAsRawText(ScriptEngine.java:119)
	at com.kms.katalon.core.main.TestCaseExecutor.runScript(TestCaseExecutor.java:339)
	at com.kms.katalon.core.main.TestCaseExecutor.doExecute(TestCaseExecutor.java:330)
	at com.kms.katalon.core.main.TestCaseExecutor.processExecutionPhase(TestCaseExecutor.java:309)
	at com.kms.katalon.core.main.TestCaseExecutor.accessMainPhase(TestCaseExecutor.java:301)
	at com.kms.katalon.core.main.TestCaseExecutor.execute(TestCaseExecutor.java:235)
	at com.kms.katalon.core.main.TestSuiteExecutor.accessTestCaseMainPhase(TestSuiteExecutor.java:191)
	at com.kms.katalon.core.main.TestSuiteExecutor.accessTestSuiteMainPhase(TestSuiteExecutor.java:141)
	at com.kms.katalon.core.main.TestSuiteExecutor.execute(TestSuiteExecutor.java:90)
	at com.kms.katalon.core.main.TestCaseMain.startTestSuite(TestCaseMain.java:157)
	at com.kms.katalon.core.main.TestCaseMain$startTestSuite$0.call(Unknown Source)
	at TempTestSuite1611290386363.run(TempTestSuite1611290386363.groovy:39)
)]]></system-out>
         <system-err><![CDATA[2021-01-22 12:46:47 - [TEST_CASE][FAILED] - Test Cases/RTD/Partner Disbursement/TC_Search_by_OrderID: Test Cases/RTD/Partner Disbursement/TC_Search_by_OrderID FAILED.
Reason:
com.kms.katalon.core.exception.StepFailedException: Feature file 'Include/features/IST_Real/RTD/Partner_Disbursement/Search_by_OrderID.feature' was failed
	at com.kms.katalon.core.keyword.internal.KeywordMain.stepFailed(KeywordMain.groovy:50)
	at com.kms.katalon.core.keyword.internal.KeywordMain.stepFailed(KeywordMain.groovy)
	at com.kms.katalon.core.keyword.internal.KeywordMain.stepFailed(KeywordMain.groovy:23)
	at com.kms.katalon.core.keyword.internal.KeywordMain$stepFailed$0.call(Unknown Source)
	at com.kms.katalon.core.cucumber.keyword.CucumberBuiltinKeywords$_runFeatureFile_closure1.doCall(CucumberBuiltinKeywords.groovy:82)
	at com.kms.katalon.core.cucumber.keyword.CucumberBuiltinKeywords$_runFeatureFile_closure1.doCall(CucumberBuiltinKeywords.groovy)
	at com.kms.katalon.core.keyword.internal.KeywordMain.runKeyword(KeywordMain.groovy:68)
	at com.kms.katalon.core.keyword.internal.KeywordMain$runKeyword.call(Unknown Source)
	at com.kms.katalon.core.cucumber.keyword.CucumberBuiltinKeywords.runFeatureFile(CucumberBuiltinKeywords.groovy:46)
	at com.kms.katalon.core.cucumber.keyword.CucumberBuiltinKeywords$runFeatureFile$0.callStatic(Unknown Source)
	at com.kms.katalon.core.cucumber.keyword.CucumberBuiltinKeywords.runFeatureFile(CucumberBuiltinKeywords.groovy:169)
	at com.kms.katalon.core.cucumber.keyword.CucumberBuiltinKeywords$runFeatureFile.call(Unknown Source)
	at TC_Search_by_OrderID.run(TC_Search_by_OrderID:18)
	at com.kms.katalon.core.main.ScriptEngine.run(ScriptEngine.java:194)
	at com.kms.katalon.core.main.ScriptEngine.runScriptAsRawText(ScriptEngine.java:119)
	at com.kms.katalon.core.main.TestCaseExecutor.runScript(TestCaseExecutor.java:339)
	at com.kms.katalon.core.main.TestCaseExecutor.doExecute(TestCaseExecutor.java:330)
	at com.kms.katalon.core.main.TestCaseExecutor.processExecutionPhase(TestCaseExecutor.java:309)
	at com.kms.katalon.core.main.TestCaseExecutor.accessMainPhase(TestCaseExecutor.java:301)
	at com.kms.katalon.core.main.TestCaseExecutor.execute(TestCaseExecutor.java:235)
	at com.kms.katalon.core.main.TestSuiteExecutor.accessTestCaseMainPhase(TestSuiteExecutor.java:191)
	at com.kms.katalon.core.main.TestSuiteExecutor.accessTestSuiteMainPhase(TestSuiteExecutor.java:141)
	at com.kms.katalon.core.main.TestSuiteExecutor.execute(TestSuiteExecutor.java:90)
	at com.kms.katalon.core.main.TestCaseMain.startTestSuite(TestCaseMain.java:157)
	at com.kms.katalon.core.main.TestCaseMain$startTestSuite$0.call(Unknown Source)
	at TempTestSuite1611290386363.run(TempTestSuite1611290386363.groovy:39)]]></system-err>
      </testcase>
      <testcase name="Test Cases/RTD/Partner Disbursement/TC_Search_by_Contract_Number" time="1985.092" classname="Test Cases/RTD/Partner Disbursement/TC_Search_by_Contract_Number" status="FAILED">
         <failure type="FAILED" message="Test Cases/RTD/Partner Disbursement/TC_Search_by_Contract_Number FAILED.
Reason:
com.kms.katalon.core.exception.StepFailedException: Feature file 'Include/features/IST_Real/RTD/Partner_Disbursement/Search_by_Contract_Number.feature' was failed
	at com.kms.katalon.core.keyword.internal.KeywordMain.stepFailed(KeywordMain.groovy:50)
	at com.kms.katalon.core.keyword.internal.KeywordMain.stepFailed(KeywordMain.groovy)
	at com.kms.katalon.core.keyword.internal.KeywordMain.stepFailed(KeywordMain.groovy:23)
	at com.kms.katalon.core.keyword.internal.KeywordMain$stepFailed$0.call(Unknown Source)
	at com.kms.katalon.core.cucumber.keyword.CucumberBuiltinKeywords$_runFeatureFile_closure1.doCall(CucumberBuiltinKeywords.groovy:82)
	at com.kms.katalon.core.cucumber.keyword.CucumberBuiltinKeywords$_runFeatureFile_closure1.doCall(CucumberBuiltinKeywords.groovy)
	at com.kms.katalon.core.keyword.internal.KeywordMain.runKeyword(KeywordMain.groovy:68)
	at com.kms.katalon.core.keyword.internal.KeywordMain$runKeyword.call(Unknown Source)
	at com.kms.katalon.core.cucumber.keyword.CucumberBuiltinKeywords.runFeatureFile(CucumberBuiltinKeywords.groovy:46)
	at com.kms.katalon.core.cucumber.keyword.CucumberBuiltinKeywords$runFeatureFile$0.callStatic(Unknown Source)
	at com.kms.katalon.core.cucumber.keyword.CucumberBuiltinKeywords.runFeatureFile(CucumberBuiltinKeywords.groovy:169)
	at com.kms.katalon.core.cucumber.keyword.CucumberBuiltinKeywords$runFeatureFile.call(Unknown Source)
	at TC_Search_by_Contract_Number.run(TC_Search_by_Contract_Number:18)
	at com.kms.katalon.core.main.ScriptEngine.run(ScriptEngine.java:194)
	at com.kms.katalon.core.main.ScriptEngine.runScriptAsRawText(ScriptEngine.java:119)
	at com.kms.katalon.core.main.TestCaseExecutor.runScript(TestCaseExecutor.java:339)
	at com.kms.katalon.core.main.TestCaseExecutor.doExecute(TestCaseExecutor.java:330)
	at com.kms.katalon.core.main.TestCaseExecutor.processExecutionPhase(TestCaseExecutor.java:309)
	at com.kms.katalon.core.main.TestCaseExecutor.accessMainPhase(TestCaseExecutor.java:301)
	at com.kms.katalon.core.main.TestCaseExecutor.execute(TestCaseExecutor.java:235)
	at com.kms.katalon.core.main.TestSuiteExecutor.accessTestCaseMainPhase(TestSuiteExecutor.java:191)
	at com.kms.katalon.core.main.TestSuiteExecutor.accessTestSuiteMainPhase(TestSuiteExecutor.java:141)
	at com.kms.katalon.core.main.TestSuiteExecutor.execute(TestSuiteExecutor.java:90)
	at com.kms.katalon.core.main.TestCaseMain.startTestSuite(TestCaseMain.java:157)
	at com.kms.katalon.core.main.TestCaseMain$startTestSuite$0.call(Unknown Source)
	at TempTestSuite1611290386363.run(TempTestSuite1611290386363.groovy:39)
"/>
         <system-out><![CDATA[2021-01-22 12:48:03 - [TEST_CASE][FAILED] - Test Cases/RTD/Partner Disbursement/TC_Search_by_Contract_Number: Test Cases/RTD/Partner Disbursement/TC_Search_by_Contract_Number FAILED.
Reason:
com.kms.katalon.core.exception.StepFailedException: Feature file 'Include/features/IST_Real/RTD/Partner_Disbursement/Search_by_Contract_Number.feature' was failed
	at com.kms.katalon.core.keyword.internal.KeywordMain.stepFailed(KeywordMain.groovy:50)
	at com.kms.katalon.core.keyword.internal.KeywordMain.stepFailed(KeywordMain.groovy)
	at com.kms.katalon.core.keyword.internal.KeywordMain.stepFailed(KeywordMain.groovy:23)
	at com.kms.katalon.core.keyword.internal.KeywordMain$stepFailed$0.call(Unknown Source)
	at com.kms.katalon.core.cucumber.keyword.CucumberBuiltinKeywords$_runFeatureFile_closure1.doCall(CucumberBuiltinKeywords.groovy:82)
	at com.kms.katalon.core.cucumber.keyword.CucumberBuiltinKeywords$_runFeatureFile_closure1.doCall(CucumberBuiltinKeywords.groovy)
	at com.kms.katalon.core.keyword.internal.KeywordMain.runKeyword(KeywordMain.groovy:68)
	at com.kms.katalon.core.keyword.internal.KeywordMain$runKeyword.call(Unknown Source)
	at com.kms.katalon.core.cucumber.keyword.CucumberBuiltinKeywords.runFeatureFile(CucumberBuiltinKeywords.groovy:46)
	at com.kms.katalon.core.cucumber.keyword.CucumberBuiltinKeywords$runFeatureFile$0.callStatic(Unknown Source)
	at com.kms.katalon.core.cucumber.keyword.CucumberBuiltinKeywords.runFeatureFile(CucumberBuiltinKeywords.groovy:169)
	at com.kms.katalon.core.cucumber.keyword.CucumberBuiltinKeywords$runFeatureFile.call(Unknown Source)
	at TC_Search_by_Contract_Number.run(TC_Search_by_Contract_Number:18)
	at com.kms.katalon.core.main.ScriptEngine.run(ScriptEngine.java:194)
	at com.kms.katalon.core.main.ScriptEngine.runScriptAsRawText(ScriptEngine.java:119)
	at com.kms.katalon.core.main.TestCaseExecutor.runScript(TestCaseExecutor.java:339)
	at com.kms.katalon.core.main.TestCaseExecutor.doExecute(TestCaseExecutor.java:330)
	at com.kms.katalon.core.main.TestCaseExecutor.processExecutionPhase(TestCaseExecutor.java:309)
	at com.kms.katalon.core.main.TestCaseExecutor.accessMainPhase(TestCaseExecutor.java:301)
	at com.kms.katalon.core.main.TestCaseExecutor.execute(TestCaseExecutor.java:235)
	at com.kms.katalon.core.main.TestSuiteExecutor.accessTestCaseMainPhase(TestSuiteExecutor.java:191)
	at com.kms.katalon.core.main.TestSuiteExecutor.accessTestSuiteMainPhase(TestSuiteExecutor.java:141)
	at com.kms.katalon.core.main.TestSuiteExecutor.execute(TestSuiteExecutor.java:90)
	at com.kms.katalon.core.main.TestCaseMain.startTestSuite(TestCaseMain.java:157)
	at com.kms.katalon.core.main.TestCaseMain$startTestSuite$0.call(Unknown Source)
	at TempTestSuite1611290386363.run(TempTestSuite1611290386363.groovy:39)


2021-01-22 12:48:03 - [TEST_STEP][FAILED] - runFeatureFile("Include/features/IST_Real/RTD/Partner_Disbursement/Search_by_Contract_Number.feature"): Keyword runFeatureFile was failed (Root cause: com.kms.katalon.core.exception.StepFailedException: Feature file 'Include/features/IST_Real/RTD/Partner_Disbursement/Search_by_Contract_Number.feature' was failed
	at com.kms.katalon.core.keyword.internal.KeywordMain.stepFailed(KeywordMain.groovy:50)
	at com.kms.katalon.core.keyword.internal.KeywordMain.stepFailed(KeywordMain.groovy)
	at com.kms.katalon.core.keyword.internal.KeywordMain.stepFailed(KeywordMain.groovy:23)
	at com.kms.katalon.core.keyword.internal.KeywordMain$stepFailed$0.call(Unknown Source)
	at com.kms.katalon.core.cucumber.keyword.CucumberBuiltinKeywords$_runFeatureFile_closure1.doCall(CucumberBuiltinKeywords.groovy:82)
	at com.kms.katalon.core.cucumber.keyword.CucumberBuiltinKeywords$_runFeatureFile_closure1.doCall(CucumberBuiltinKeywords.groovy)
	at com.kms.katalon.core.keyword.internal.KeywordMain.runKeyword(KeywordMain.groovy:68)
	at com.kms.katalon.core.keyword.internal.KeywordMain$runKeyword.call(Unknown Source)
	at com.kms.katalon.core.cucumber.keyword.CucumberBuiltinKeywords.runFeatureFile(CucumberBuiltinKeywords.groovy:46)
	at com.kms.katalon.core.cucumber.keyword.CucumberBuiltinKeywords$runFeatureFile$0.callStatic(Unknown Source)
	at com.kms.katalon.core.cucumber.keyword.CucumberBuiltinKeywords.runFeatureFile(CucumberBuiltinKeywords.groovy:169)
	at com.kms.katalon.core.cucumber.keyword.CucumberBuiltinKeywords$runFeatureFile.call(Unknown Source)
	at TC_Search_by_Contract_Number.run(TC_Search_by_Contract_Number:18)
	at com.kms.katalon.core.main.ScriptEngine.run(ScriptEngine.java:194)
	at com.kms.katalon.core.main.ScriptEngine.runScriptAsRawText(ScriptEngine.java:119)
	at com.kms.katalon.core.main.TestCaseExecutor.runScript(TestCaseExecutor.java:339)
	at com.kms.katalon.core.main.TestCaseExecutor.doExecute(TestCaseExecutor.java:330)
	at com.kms.katalon.core.main.TestCaseExecutor.processExecutionPhase(TestCaseExecutor.java:309)
	at com.kms.katalon.core.main.TestCaseExecutor.accessMainPhase(TestCaseExecutor.java:301)
	at com.kms.katalon.core.main.TestCaseExecutor.execute(TestCaseExecutor.java:235)
	at com.kms.katalon.core.main.TestSuiteExecutor.accessTestCaseMainPhase(TestSuiteExecutor.java:191)
	at com.kms.katalon.core.main.TestSuiteExecutor.accessTestSuiteMainPhase(TestSuiteExecutor.java:141)
	at com.kms.katalon.core.main.TestSuiteExecutor.execute(TestSuiteExecutor.java:90)
	at com.kms.katalon.core.main.TestCaseMain.startTestSuite(TestCaseMain.java:157)
	at com.kms.katalon.core.main.TestCaseMain$startTestSuite$0.call(Unknown Source)
	at TempTestSuite1611290386363.run(TempTestSuite1611290386363.groovy:39)
)

2021-01-22 12:48:03 - [MESSAGE][INFO] - Starting run keyword runFeatureFile: 'Include/features/IST_Real/RTD/Partner_Disbursement/Search_by_Contract_Number.feature' and extract report to folder: '/Users/chaidir.pratama01/Katalon Studio/IST_Automation_Git/Reports/20210122_113940/RTD/TS_Partner_Disbursement/20210122_113946/cucumber_report/1611294483326'...

2021-01-22 12:48:03 - [TEST_CASE][FAILED] - Start Test Case : SCENARIO Search by Contract Number and it found on Dashboard: SCENARIO Search by Contract Number and it found on Dashboard FAILED.
Reason:
com.kms.katalon.core.exception.StepFailedException: Unable to navigate to 'https://dev-istools.homecredit.id/foundation/'
	at com.kms.katalon.core.webui.keyword.internal.WebUIKeywordMain.stepFailed(WebUIKeywordMain.groovy:64)
	at com.kms.katalon.core.webui.keyword.internal.WebUIKeywordMain.runKeyword(WebUIKeywordMain.groovy:26)
	at com.kms.katalon.core.webui.keyword.builtin.NavigateToUrlKeyword.navigateToUrl(NavigateToUrlKeyword.groovy:83)
	at com.kms.katalon.core.webui.keyword.builtin.NavigateToUrlKeyword.execute(NavigateToUrlKeyword.groovy:67)
	at com.kms.katalon.core.keyword.internal.KeywordExecutor.executeKeywordForPlatform(KeywordExecutor.groovy:73)
	at com.kms.katalon.core.webui.keyword.WebUiBuiltInKeywords.navigateToUrl(WebUiBuiltInKeywords.groovy:183)
	at com.kms.katalon.core.webui.keyword.WebUiBuiltInKeywords$navigateToUrl$0.call(Unknown Source)
	at ist_real.Login_IST.go_to_ISTools_URL(Login_IST.groovy:83)
	at âœ½.Go to ISTools(/Users/chaidir.pratama01/Katalon Studio/IST_Automation_Git/Include/features/IST_Real/RTD/Partner_Disbursement/Search_by_Contract_Number.feature:25)
Caused by: org.openqa.selenium.WebDriverException: unknown error: net::ERR_CONNECTION_TIMED_OUT
  (Session info: headless chrome=87.0.4280.141)
Build info: version: '3.141.59', revision: 'e82be7d358', time: '2018-11-14T08:25:53'
System info: host: 'M-Chaidir-Pratama.local', ip: 'fe80:0:0:0:14e4:ed6f:bc3b:fd01%en0', os.name: 'Mac OS X', os.arch: 'x86_64', os.version: '10.15', java.version: '1.8.0_181'
Driver info: com.kms.katalon.selenium.driver.CChromeDriver
Capabilities {acceptInsecureCerts: false, browserName: chrome, browserVersion: 87.0.4280.141, chrome: {chromedriverVersion: 87.0.4280.88 (89e2380a3e36c..., userDataDir: /var/folders/0s/4_d154xd6dq...}, goog:chromeOptions: {debuggerAddress: localhost:53014}, javascriptEnabled: true, networkConnectionEnabled: false, pageLoadStrategy: normal, platform: MAC, platformName: MAC, proxy: Proxy(), setWindowRect: true, strictFileInteractability: false, timeouts: {implicit: 0, pageLoad: 300000, script: 30000}, unhandledPromptBehavior: dismiss and notify, webauthn:virtualAuthenticators: true}
Session ID: f4ab423c2aa5e08805b3c2413c809a32
	at org.openqa.selenium.remote.http.W3CHttpResponseCodec.createException(W3CHttpResponseCodec.java:187)
	at org.openqa.selenium.remote.http.W3CHttpResponseCodec.decode(W3CHttpResponseCodec.java:122)
	at org.openqa.selenium.remote.http.W3CHttpResponseCodec.decode(W3CHttpResponseCodec.java:49)
	at org.openqa.selenium.remote.HttpCommandExecutor.execute(HttpCommandExecutor.java:158)
	at org.openqa.selenium.remote.service.DriverCommandExecutor.execute(DriverCommandExecutor.java:83)
	at org.openqa.selenium.remote.RemoteWebDriver.execute(RemoteWebDriver.java:552)
	at com.kms.katalon.selenium.driver.CChromeDriver.execute(CChromeDriver.java:19)
	at org.openqa.selenium.remote.RemoteWebDriver.get(RemoteWebDriver.java:277)
	at org.openqa.selenium.remote.RemoteWebDriver$RemoteNavigation.to(RemoteWebDriver.java:857)
	at org.openqa.selenium.support.events.EventFiringWebDriver$EventFiringNavigation.to(EventFiringWebDriver.java:569)
	at com.kms.katalon.core.webui.keyword.builtin.NavigateToUrlKeyword$_navigateToUrl_closure1.doCall(NavigateToUrlKeyword.groovy:81)
	at com.kms.katalon.core.webui.keyword.builtin.NavigateToUrlKeyword$_navigateToUrl_closure1.call(NavigateToUrlKeyword.groovy)
	at com.kms.katalon.core.webui.keyword.internal.WebUIKeywordMain.runKeyword(WebUIKeywordMain.groovy:20)
	at com.kms.katalon.core.webui.keyword.builtin.NavigateToUrlKeyword.navigateToUrl(NavigateToUrlKeyword.groovy:83)
	at com.kms.katalon.core.webui.keyword.builtin.NavigateToUrlKeyword.execute(NavigateToUrlKeyword.groovy:67)
	at com.kms.katalon.core.keyword.internal.KeywordExecutor.executeKeywordForPlatform(KeywordExecutor.groovy:73)
	at com.kms.katalon.core.webui.keyword.WebUiBuiltInKeywords.navigateToUrl(WebUiBuiltInKeywords.groovy:183)
	at com.kms.katalon.core.webui.keyword.WebUiBuiltInKeywords$navigateToUrl$0.call(Unknown Source)
	at ist_real.Login_IST.go_to_ISTools_URL(Login_IST.groovy:83)
	at cucumber.runtime.Utils$1.call(Utils.java:26)
	at cucumber.runtime.Timeout.timeout(Timeout.java:16)
	at cucumber.runtime.Utils.invoke(Utils.java:20)
	at cucumber.runtime.java.JavaStepDefinition.execute(JavaStepDefinition.java:48)
	at cucumber.runtime.PickleStepDefinitionMatch.runStep(PickleStepDefinitionMatch.java:50)
	at cucumber.runner.TestStep.executeStep(TestStep.java:55)
	at cucumber.runner.TestStep.run(TestStep.java:42)
	at cucumber.runner.PickleStepTestStep.run(PickleStepTestStep.java:53)
	at cucumber.runner.TestCase.run(TestCase.java:47)
	at cucumber.runner.Runner.runPickle(Runner.java:44)
	at cucumber.runtime.Runtime.runFeature(Runtime.java:120)
	at cucumber.runtime.Runtime.run(Runtime.java:106)
	at cucumber.api.cli.Main.run(Main.java:35)
	at cucumber.api.cli.Main$run.call(Unknown Source)
	at com.kms.katalon.core.cucumber.keyword.CucumberBuiltinKeywords$_runFeatureFile_closure1.doCall(CucumberBuiltinKeywords.groovy:76)
	at com.kms.katalon.core.cucumber.keyword.CucumberBuiltinKeywords$_runFeatureFile_closure1.doCall(CucumberBuiltinKeywords.groovy)
	at com.kms.katalon.core.keyword.internal.KeywordMain.runKeyword(KeywordMain.groovy:68)
	at com.kms.katalon.core.keyword.internal.KeywordMain$runKeyword.call(Unknown Source)
	at com.kms.katalon.core.cucumber.keyword.CucumberBuiltinKeywords.runFeatureFile(CucumberBuiltinKeywords.groovy:46)
	at com.kms.katalon.core.cucumber.keyword.CucumberBuiltinKeywords$runFeatureFile$0.callStatic(Unknown Source)
	at com.kms.katalon.core.cucumber.keyword.CucumberBuiltinKeywords.runFeatureFile(CucumberBuiltinKeywords.groovy:169)
	at com.kms.katalon.core.cucumber.keyword.CucumberBuiltinKeywords$runFeatureFile.call(Unknown Source)
	at TC_Search_by_Contract_Number.run(TC_Search_by_Contract_Number:18)
	at com.kms.katalon.core.main.ScriptEngine.run(ScriptEngine.java:194)
	at com.kms.katalon.core.main.ScriptEngine.runScriptAsRawText(ScriptEngine.java:119)
	at com.kms.katalon.core.main.TestCaseExecutor.runScript(TestCaseExecutor.java:339)
	at com.kms.katalon.core.main.TestCaseExecutor.doExecute(TestCaseExecutor.java:330)
	at com.kms.katalon.core.main.TestCaseExecutor.processExecutionPhase(TestCaseExecutor.java:309)
	at com.kms.katalon.core.main.TestCaseExecutor.accessMainPhase(TestCaseExecutor.java:301)
	at com.kms.katalon.core.main.TestCaseExecutor.execute(TestCaseExecutor.java:235)
	at com.kms.katalon.core.main.TestSuiteExecutor.accessTestCaseMainPhase(TestSuiteExecutor.java:191)
	at com.kms.katalon.core.main.TestSuiteExecutor.accessTestSuiteMainPhase(TestSuiteExecutor.java:141)
	at com.kms.katalon.core.main.TestSuiteExecutor.execute(TestSuiteExecutor.java:90)
	at com.kms.katalon.core.main.TestCaseMain.startTestSuite(TestCaseMain.java:157)
	at com.kms.katalon.core.main.TestCaseMain$startTestSuite$0.call(Unknown Source)
	at TempTestSuite1611290386363.run(TempTestSuite1611290386363.groovy:39)


2021-01-22 12:48:03 - [TEST_STEP][FAILED] - Go to ISTools: Go to ISTools FAILED.
Reason:
com.kms.katalon.core.exception.StepFailedException: Unable to navigate to 'https://dev-istools.homecredit.id/foundation/'
	at com.kms.katalon.core.webui.keyword.internal.WebUIKeywordMain.stepFailed(WebUIKeywordMain.groovy:64)
	at com.kms.katalon.core.webui.keyword.internal.WebUIKeywordMain.runKeyword(WebUIKeywordMain.groovy:26)
	at com.kms.katalon.core.webui.keyword.builtin.NavigateToUrlKeyword.navigateToUrl(NavigateToUrlKeyword.groovy:83)
	at com.kms.katalon.core.webui.keyword.builtin.NavigateToUrlKeyword.execute(NavigateToUrlKeyword.groovy:67)
	at com.kms.katalon.core.keyword.internal.KeywordExecutor.executeKeywordForPlatform(KeywordExecutor.groovy:73)
	at com.kms.katalon.core.webui.keyword.WebUiBuiltInKeywords.navigateToUrl(WebUiBuiltInKeywords.groovy:183)
	at com.kms.katalon.core.webui.keyword.WebUiBuiltInKeywords$navigateToUrl$0.call(Unknown Source)
	at ist_real.Login_IST.go_to_ISTools_URL(Login_IST.groovy:83)
	at âœ½.Go to ISTools(/Users/chaidir.pratama01/Katalon Studio/IST_Automation_Git/Include/features/IST_Real/RTD/Partner_Disbursement/Search_by_Contract_Number.feature:25)
Caused by: org.openqa.selenium.WebDriverException: unknown error: net::ERR_CONNECTION_TIMED_OUT
  (Session info: headless chrome=87.0.4280.141)
Build info: version: '3.141.59', revision: 'e82be7d358', time: '2018-11-14T08:25:53'
System info: host: 'M-Chaidir-Pratama.local', ip: 'fe80:0:0:0:14e4:ed6f:bc3b:fd01%en0', os.name: 'Mac OS X', os.arch: 'x86_64', os.version: '10.15', java.version: '1.8.0_181'
Driver info: com.kms.katalon.selenium.driver.CChromeDriver
Capabilities {acceptInsecureCerts: false, browserName: chrome, browserVersion: 87.0.4280.141, chrome: {chromedriverVersion: 87.0.4280.88 (89e2380a3e36c..., userDataDir: /var/folders/0s/4_d154xd6dq...}, goog:chromeOptions: {debuggerAddress: localhost:53014}, javascriptEnabled: true, networkConnectionEnabled: false, pageLoadStrategy: normal, platform: MAC, platformName: MAC, proxy: Proxy(), setWindowRect: true, strictFileInteractability: false, timeouts: {implicit: 0, pageLoad: 300000, script: 30000}, unhandledPromptBehavior: dismiss and notify, webauthn:virtualAuthenticators: true}
Session ID: f4ab423c2aa5e08805b3c2413c809a32
	at org.openqa.selenium.remote.http.W3CHttpResponseCodec.createException(W3CHttpResponseCodec.java:187)
	at org.openqa.selenium.remote.http.W3CHttpResponseCodec.decode(W3CHttpResponseCodec.java:122)
	at org.openqa.selenium.remote.http.W3CHttpResponseCodec.decode(W3CHttpResponseCodec.java:49)
	at org.openqa.selenium.remote.HttpCommandExecutor.execute(HttpCommandExecutor.java:158)
	at org.openqa.selenium.remote.service.DriverCommandExecutor.execute(DriverCommandExecutor.java:83)
	at org.openqa.selenium.remote.RemoteWebDriver.execute(RemoteWebDriver.java:552)
	at com.kms.katalon.selenium.driver.CChromeDriver.execute(CChromeDriver.java:19)
	at org.openqa.selenium.remote.RemoteWebDriver.get(RemoteWebDriver.java:277)
	at org.openqa.selenium.remote.RemoteWebDriver$RemoteNavigation.to(RemoteWebDriver.java:857)
	at org.openqa.selenium.support.events.EventFiringWebDriver$EventFiringNavigation.to(EventFiringWebDriver.java:569)
	at com.kms.katalon.core.webui.keyword.builtin.NavigateToUrlKeyword$_navigateToUrl_closure1.doCall(NavigateToUrlKeyword.groovy:81)
	at com.kms.katalon.core.webui.keyword.builtin.NavigateToUrlKeyword$_navigateToUrl_closure1.call(NavigateToUrlKeyword.groovy)
	at com.kms.katalon.core.webui.keyword.internal.WebUIKeywordMain.runKeyword(WebUIKeywordMain.groovy:20)
	at com.kms.katalon.core.webui.keyword.builtin.NavigateToUrlKeyword.navigateToUrl(NavigateToUrlKeyword.groovy:83)
	at com.kms.katalon.core.webui.keyword.builtin.NavigateToUrlKeyword.execute(NavigateToUrlKeyword.groovy:67)
	at com.kms.katalon.core.keyword.internal.KeywordExecutor.executeKeywordForPlatform(KeywordExecutor.groovy:73)
	at com.kms.katalon.core.webui.keyword.WebUiBuiltInKeywords.navigateToUrl(WebUiBuiltInKeywords.groovy:183)
	at com.kms.katalon.core.webui.keyword.WebUiBuiltInKeywords$navigateToUrl$0.call(Unknown Source)
	at ist_real.Login_IST.go_to_ISTools_URL(Login_IST.groovy:83)
	at cucumber.runtime.Utils$1.call(Utils.java:26)
	at cucumber.runtime.Timeout.timeout(Timeout.java:16)
	at cucumber.runtime.Utils.invoke(Utils.java:20)
	at cucumber.runtime.java.JavaStepDefinition.execute(JavaStepDefinition.java:48)
	at cucumber.runtime.PickleStepDefinitionMatch.runStep(PickleStepDefinitionMatch.java:50)
	at cucumber.runner.TestStep.executeStep(TestStep.java:55)
	at cucumber.runner.TestStep.run(TestStep.java:42)
	at cucumber.runner.PickleStepTestStep.run(PickleStepTestStep.java:53)
	at cucumber.runner.TestCase.run(TestCase.java:47)
	at cucumber.runner.Runner.runPickle(Runner.java:44)
	at cucumber.runtime.Runtime.runFeature(Runtime.java:120)
	at cucumber.runtime.Runtime.run(Runtime.java:106)
	at cucumber.api.cli.Main.run(Main.java:35)
	at cucumber.api.cli.Main$run.call(Unknown Source)
	at com.kms.katalon.core.cucumber.keyword.CucumberBuiltinKeywords$_runFeatureFile_closure1.doCall(CucumberBuiltinKeywords.groovy:76)
	at com.kms.katalon.core.cucumber.keyword.CucumberBuiltinKeywords$_runFeatureFile_closure1.doCall(CucumberBuiltinKeywords.groovy)
	at com.kms.katalon.core.keyword.internal.KeywordMain.runKeyword(KeywordMain.groovy:68)
	at com.kms.katalon.core.keyword.internal.KeywordMain$runKeyword.call(Unknown Source)
	at com.kms.katalon.core.cucumber.keyword.CucumberBuiltinKeywords.runFeatureFile(CucumberBuiltinKeywords.groovy:46)
	at com.kms.katalon.core.cucumber.keyword.CucumberBuiltinKeywords$runFeatureFile$0.callStatic(Unknown Source)
	at com.kms.katalon.core.cucumber.keyword.CucumberBuiltinKeywords.runFeatureFile(CucumberBuiltinKeywords.groovy:169)
	at com.kms.katalon.core.cucumber.keyword.CucumberBuiltinKeywords$runFeatureFile.call(Unknown Source)
	at TC_Search_by_Contract_Number.run(TC_Search_by_Contract_Number:18)
	at com.kms.katalon.core.main.ScriptEngine.run(ScriptEngine.java:194)
	at com.kms.katalon.core.main.ScriptEngine.runScriptAsRawText(ScriptEngine.java:119)
	at com.kms.katalon.core.main.TestCaseExecutor.runScript(TestCaseExecutor.java:339)
	at com.kms.katalon.core.main.TestCaseExecutor.doExecute(TestCaseExecutor.java:330)
	at com.kms.katalon.core.main.TestCaseExecutor.processExecutionPhase(TestCaseExecutor.java:309)
	at com.kms.katalon.core.main.TestCaseExecutor.accessMainPhase(TestCaseExecutor.java:301)
	at com.kms.katalon.core.main.TestCaseExecutor.execute(TestCaseExecutor.java:235)
	at com.kms.katalon.core.main.TestSuiteExecutor.accessTestCaseMainPhase(TestSuiteExecutor.java:191)
	at com.kms.katalon.core.main.TestSuiteExecutor.accessTestSuiteMainPhase(TestSuiteExecutor.java:141)
	at com.kms.katalon.core.main.TestSuiteExecutor.execute(TestSuiteExecutor.java:90)
	at com.kms.katalon.core.main.TestCaseMain.startTestSuite(TestCaseMain.java:157)
	at com.kms.katalon.core.main.TestCaseMain$startTestSuite$0.call(Unknown Source)
	at TempTestSuite1611290386363.run(TempTestSuite1611290386363.groovy:39)


2021-01-22 12:48:03 - [MESSAGE][WARNING] - A browser is already opened. Closing browser and opening a new one

2021-01-22 12:48:03 - [MESSAGE][INFO] - Starting 'Chrome (headless)' driver

2021-01-22 12:48:03 - [MESSAGE][INFO] - User set preference: ['args', '[--start-maximized, --disable-gpu, --no-proxy-server, â€“-no-sandbox, --allow-running-insecure-content, --ignore-certificate-errors, window-size=1680,814, force-device-scale-factor=2, --lang=en-GB]']

2021-01-22 12:48:03 - [MESSAGE][INFO] - User set preference: ['prefs', '{download.default_directory=/Users/chaidir.pratama01/Katalon Studio/IST_Automation_Git/Download}']

2021-01-22 12:48:03 - [MESSAGE][INFO] - Action delay is set to 0 milliseconds

2021-01-22 12:48:03 - [MESSAGE][PASSED] - Browser is opened with url: ''

2021-01-22 13:21:08 - [MESSAGE][FAILED] - Unable to navigate to 'https://dev-istools.homecredit.id/foundation/' (Root cause: com.kms.katalon.core.exception.StepFailedException: Unable to navigate to 'https://dev-istools.homecredit.id/foundation/'
	at com.kms.katalon.core.webui.keyword.internal.WebUIKeywordMain.stepFailed(WebUIKeywordMain.groovy:64)
	at com.kms.katalon.core.webui.keyword.internal.WebUIKeywordMain.runKeyword(WebUIKeywordMain.groovy:26)
	at com.kms.katalon.core.webui.keyword.builtin.NavigateToUrlKeyword.navigateToUrl(NavigateToUrlKeyword.groovy:83)
	at com.kms.katalon.core.webui.keyword.builtin.NavigateToUrlKeyword.execute(NavigateToUrlKeyword.groovy:67)
	at com.kms.katalon.core.keyword.internal.KeywordExecutor.executeKeywordForPlatform(KeywordExecutor.groovy:73)
	at com.kms.katalon.core.webui.keyword.WebUiBuiltInKeywords.navigateToUrl(WebUiBuiltInKeywords.groovy:183)
	at com.kms.katalon.core.webui.keyword.WebUiBuiltInKeywords$navigateToUrl$0.call(Unknown Source)
	at ist_real.Login_IST.go_to_ISTools_URL(Login_IST.groovy:83)
	at cucumber.runtime.Utils$1.call(Utils.java:26)
	at cucumber.runtime.Timeout.timeout(Timeout.java:16)
	at cucumber.runtime.Utils.invoke(Utils.java:20)
	at cucumber.runtime.java.JavaStepDefinition.execute(JavaStepDefinition.java:48)
	at cucumber.runtime.PickleStepDefinitionMatch.runStep(PickleStepDefinitionMatch.java:50)
	at cucumber.runner.TestStep.executeStep(TestStep.java:55)
	at cucumber.runner.TestStep.run(TestStep.java:42)
	at cucumber.runner.PickleStepTestStep.run(PickleStepTestStep.java:53)
	at cucumber.runner.TestCase.run(TestCase.java:47)
	at cucumber.runner.Runner.runPickle(Runner.java:44)
	at cucumber.runtime.Runtime.runFeature(Runtime.java:120)
	at cucumber.runtime.Runtime.run(Runtime.java:106)
	at cucumber.api.cli.Main.run(Main.java:35)
	at cucumber.api.cli.Main$run.call(Unknown Source)
	at com.kms.katalon.core.cucumber.keyword.CucumberBuiltinKeywords$_runFeatureFile_closure1.doCall(CucumberBuiltinKeywords.groovy:76)
	at com.kms.katalon.core.cucumber.keyword.CucumberBuiltinKeywords$_runFeatureFile_closure1.doCall(CucumberBuiltinKeywords.groovy)
	at com.kms.katalon.core.keyword.internal.KeywordMain.runKeyword(KeywordMain.groovy:68)
	at com.kms.katalon.core.keyword.internal.KeywordMain$runKeyword.call(Unknown Source)
	at com.kms.katalon.core.cucumber.keyword.CucumberBuiltinKeywords.runFeatureFile(CucumberBuiltinKeywords.groovy:46)
	at com.kms.katalon.core.cucumber.keyword.CucumberBuiltinKeywords$runFeatureFile$0.callStatic(Unknown Source)
	at com.kms.katalon.core.cucumber.keyword.CucumberBuiltinKeywords.runFeatureFile(CucumberBuiltinKeywords.groovy:169)
	at com.kms.katalon.core.cucumber.keyword.CucumberBuiltinKeywords$runFeatureFile.call(Unknown Source)
	at TC_Search_by_Contract_Number.run(TC_Search_by_Contract_Number:18)
	at com.kms.katalon.core.main.ScriptEngine.run(ScriptEngine.java:194)
	at com.kms.katalon.core.main.ScriptEngine.runScriptAsRawText(ScriptEngine.java:119)
	at com.kms.katalon.core.main.TestCaseExecutor.runScript(TestCaseExecutor.java:339)
	at com.kms.katalon.core.main.TestCaseExecutor.doExecute(TestCaseExecutor.java:330)
	at com.kms.katalon.core.main.TestCaseExecutor.processExecutionPhase(TestCaseExecutor.java:309)
	at com.kms.katalon.core.main.TestCaseExecutor.accessMainPhase(TestCaseExecutor.java:301)
	at com.kms.katalon.core.main.TestCaseExecutor.execute(TestCaseExecutor.java:235)
	at com.kms.katalon.core.main.TestSuiteExecutor.accessTestCaseMainPhase(TestSuiteExecutor.java:191)
	at com.kms.katalon.core.main.TestSuiteExecutor.accessTestSuiteMainPhase(TestSuiteExecutor.java:141)
	at com.kms.katalon.core.main.TestSuiteExecutor.execute(TestSuiteExecutor.java:90)
	at com.kms.katalon.core.main.TestCaseMain.startTestSuite(TestCaseMain.java:157)
	at com.kms.katalon.core.main.TestCaseMain$startTestSuite$0.call(Unknown Source)
	at TempTestSuite1611290386363.run(TempTestSuite1611290386363.groovy:39)
Caused by: org.openqa.selenium.WebDriverException: unknown error: net::ERR_CONNECTION_TIMED_OUT
  (Session info: headless chrome=87.0.4280.141)
Build info: version: '3.141.59', revision: 'e82be7d358', time: '2018-11-14T08:25:53'
System info: host: 'M-Chaidir-Pratama.local', ip: 'fe80:0:0:0:14e4:ed6f:bc3b:fd01%en0', os.name: 'Mac OS X', os.arch: 'x86_64', os.version: '10.15', java.version: '1.8.0_181'
Driver info: com.kms.katalon.selenium.driver.CChromeDriver
Capabilities {acceptInsecureCerts: false, browserName: chrome, browserVersion: 87.0.4280.141, chrome: {chromedriverVersion: 87.0.4280.88 (89e2380a3e36c..., userDataDir: /var/folders/0s/4_d154xd6dq...}, goog:chromeOptions: {debuggerAddress: localhost:53014}, javascriptEnabled: true, networkConnectionEnabled: false, pageLoadStrategy: normal, platform: MAC, platformName: MAC, proxy: Proxy(), setWindowRect: true, strictFileInteractability: false, timeouts: {implicit: 0, pageLoad: 300000, script: 30000}, unhandledPromptBehavior: dismiss and notify, webauthn:virtualAuthenticators: true}
Session ID: f4ab423c2aa5e08805b3c2413c809a32
	at org.openqa.selenium.remote.http.W3CHttpResponseCodec.createException(W3CHttpResponseCodec.java:187)
	at org.openqa.selenium.remote.http.W3CHttpResponseCodec.decode(W3CHttpResponseCodec.java:122)
	at org.openqa.selenium.remote.http.W3CHttpResponseCodec.decode(W3CHttpResponseCodec.java:49)
	at org.openqa.selenium.remote.HttpCommandExecutor.execute(HttpCommandExecutor.java:158)
	at org.openqa.selenium.remote.service.DriverCommandExecutor.execute(DriverCommandExecutor.java:83)
	at org.openqa.selenium.remote.RemoteWebDriver.execute(RemoteWebDriver.java:552)
	at com.kms.katalon.selenium.driver.CChromeDriver.execute(CChromeDriver.java:19)
	at org.openqa.selenium.remote.RemoteWebDriver.get(RemoteWebDriver.java:277)
	at org.openqa.selenium.remote.RemoteWebDriver$RemoteNavigation.to(RemoteWebDriver.java:857)
	at org.openqa.selenium.support.events.EventFiringWebDriver$EventFiringNavigation.to(EventFiringWebDriver.java:569)
	at com.kms.katalon.core.webui.keyword.builtin.NavigateToUrlKeyword$_navigateToUrl_closure1.doCall(NavigateToUrlKeyword.groovy:81)
	at com.kms.katalon.core.webui.keyword.builtin.NavigateToUrlKeyword$_navigateToUrl_closure1.call(NavigateToUrlKeyword.groovy)
	at com.kms.katalon.core.webui.keyword.internal.WebUIKeywordMain.runKeyword(WebUIKeywordMain.groovy:20)
	at com.kms.katalon.core.webui.keyword.builtin.NavigateToUrlKeyword.navigateToUrl(NavigateToUrlKeyword.groovy:83)
	at com.kms.katalon.core.webui.keyword.builtin.NavigateToUrlKeyword.execute(NavigateToUrlKeyword.groovy:67)
	at com.kms.katalon.core.keyword.internal.KeywordExecutor.executeKeywordForPlatform(KeywordExecutor.groovy:73)
	at com.kms.katalon.core.webui.keyword.WebUiBuiltInKeywords.navigateToUrl(WebUiBuiltInKeywords.groovy:183)
	at com.kms.katalon.core.webui.keyword.WebUiBuiltInKeywords$navigateToUrl$0.call(Unknown Source)
	at ist_real.Login_IST.go_to_ISTools_URL(Login_IST.groovy:83)
	at cucumber.runtime.Utils$1.call(Utils.java:26)
	at cucumber.runtime.Timeout.timeout(Timeout.java:16)
	at cucumber.runtime.Utils.invoke(Utils.java:20)
	at cucumber.runtime.java.JavaStepDefinition.execute(JavaStepDefinition.java:48)
	at cucumber.runtime.PickleStepDefinitionMatch.runStep(PickleStepDefinitionMatch.java:50)
	at cucumber.runner.TestStep.executeStep(TestStep.java:55)
	at cucumber.runner.TestStep.run(TestStep.java:42)
	at cucumber.runner.PickleStepTestStep.run(PickleStepTestStep.java:53)
	at cucumber.runner.TestCase.run(TestCase.java:47)
	at cucumber.runner.Runner.runPickle(Runner.java:44)
	at cucumber.runtime.Runtime.runFeature(Runtime.java:120)
	at cucumber.runtime.Runtime.run(Runtime.java:106)
	at cucumber.api.cli.Main.run(Main.java:35)
	at cucumber.api.cli.Main$run.call(Unknown Source)
	at com.kms.katalon.core.cucumber.keyword.CucumberBuiltinKeywords$_runFeatureFile_closure1.doCall(CucumberBuiltinKeywords.groovy:76)
	at com.kms.katalon.core.cucumber.keyword.CucumberBuiltinKeywords$_runFeatureFile_closure1.doCall(CucumberBuiltinKeywords.groovy)
	at com.kms.katalon.core.keyword.internal.KeywordMain.runKeyword(KeywordMain.groovy:68)
	at com.kms.katalon.core.keyword.internal.KeywordMain$runKeyword.call(Unknown Source)
	at com.kms.katalon.core.cucumber.keyword.CucumberBuiltinKeywords.runFeatureFile(CucumberBuiltinKeywords.groovy:46)
	at com.kms.katalon.core.cucumber.keyword.CucumberBuiltinKeywords$runFeatureFile$0.callStatic(Unknown Source)
	at com.kms.katalon.core.cucumber.keyword.CucumberBuiltinKeywords.runFeatureFile(CucumberBuiltinKeywords.groovy:169)
	at com.kms.katalon.core.cucumber.keyword.CucumberBuiltinKeywords$runFeatureFile.call(Unknown Source)
	at Script1611043750301.run(Script1611043750301.groovy:18)
	... 13 more
)
[[ATTACHMENT|/Users/chaidir.pratama01/Katalon Studio/IST_Automation_Git/Reports/20210122_113940/RTD/TS_Partner_Disbursement/20210122_113946/1611296467825.png]]

2021-01-22 13:21:08 - [MESSAGE][FAILED] - Go to ISTools FAILED.
Reason:
com.kms.katalon.core.exception.StepFailedException: Unable to navigate to 'https://dev-istools.homecredit.id/foundation/'
	at com.kms.katalon.core.webui.keyword.internal.WebUIKeywordMain.stepFailed(WebUIKeywordMain.groovy:64)
	at com.kms.katalon.core.webui.keyword.internal.WebUIKeywordMain.runKeyword(WebUIKeywordMain.groovy:26)
	at com.kms.katalon.core.webui.keyword.builtin.NavigateToUrlKeyword.navigateToUrl(NavigateToUrlKeyword.groovy:83)
	at com.kms.katalon.core.webui.keyword.builtin.NavigateToUrlKeyword.execute(NavigateToUrlKeyword.groovy:67)
	at com.kms.katalon.core.keyword.internal.KeywordExecutor.executeKeywordForPlatform(KeywordExecutor.groovy:73)
	at com.kms.katalon.core.webui.keyword.WebUiBuiltInKeywords.navigateToUrl(WebUiBuiltInKeywords.groovy:183)
	at com.kms.katalon.core.webui.keyword.WebUiBuiltInKeywords$navigateToUrl$0.call(Unknown Source)
	at ist_real.Login_IST.go_to_ISTools_URL(Login_IST.groovy:83)
	at âœ½.Go to ISTools(/Users/chaidir.pratama01/Katalon Studio/IST_Automation_Git/Include/features/IST_Real/RTD/Partner_Disbursement/Search_by_Contract_Number.feature:25)
Caused by: org.openqa.selenium.WebDriverException: unknown error: net::ERR_CONNECTION_TIMED_OUT
  (Session info: headless chrome=87.0.4280.141)
Build info: version: '3.141.59', revision: 'e82be7d358', time: '2018-11-14T08:25:53'
System info: host: 'M-Chaidir-Pratama.local', ip: 'fe80:0:0:0:14e4:ed6f:bc3b:fd01%en0', os.name: 'Mac OS X', os.arch: 'x86_64', os.version: '10.15', java.version: '1.8.0_181'
Driver info: com.kms.katalon.selenium.driver.CChromeDriver
Capabilities {acceptInsecureCerts: false, browserName: chrome, browserVersion: 87.0.4280.141, chrome: {chromedriverVersion: 87.0.4280.88 (89e2380a3e36c..., userDataDir: /var/folders/0s/4_d154xd6dq...}, goog:chromeOptions: {debuggerAddress: localhost:53014}, javascriptEnabled: true, networkConnectionEnabled: false, pageLoadStrategy: normal, platform: MAC, platformName: MAC, proxy: Proxy(), setWindowRect: true, strictFileInteractability: false, timeouts: {implicit: 0, pageLoad: 300000, script: 30000}, unhandledPromptBehavior: dismiss and notify, webauthn:virtualAuthenticators: true}
Session ID: f4ab423c2aa5e08805b3c2413c809a32
	at org.openqa.selenium.remote.http.W3CHttpResponseCodec.createException(W3CHttpResponseCodec.java:187)
	at org.openqa.selenium.remote.http.W3CHttpResponseCodec.decode(W3CHttpResponseCodec.java:122)
	at org.openqa.selenium.remote.http.W3CHttpResponseCodec.decode(W3CHttpResponseCodec.java:49)
	at org.openqa.selenium.remote.HttpCommandExecutor.execute(HttpCommandExecutor.java:158)
	at org.openqa.selenium.remote.service.DriverCommandExecutor.execute(DriverCommandExecutor.java:83)
	at org.openqa.selenium.remote.RemoteWebDriver.execute(RemoteWebDriver.java:552)
	at com.kms.katalon.selenium.driver.CChromeDriver.execute(CChromeDriver.java:19)
	at org.openqa.selenium.remote.RemoteWebDriver.get(RemoteWebDriver.java:277)
	at org.openqa.selenium.remote.RemoteWebDriver$RemoteNavigation.to(RemoteWebDriver.java:857)
	at org.openqa.selenium.support.events.EventFiringWebDriver$EventFiringNavigation.to(EventFiringWebDriver.java:569)
	at com.kms.katalon.core.webui.keyword.builtin.NavigateToUrlKeyword$_navigateToUrl_closure1.doCall(NavigateToUrlKeyword.groovy:81)
	at com.kms.katalon.core.webui.keyword.builtin.NavigateToUrlKeyword$_navigateToUrl_closure1.call(NavigateToUrlKeyword.groovy)
	at com.kms.katalon.core.webui.keyword.internal.WebUIKeywordMain.runKeyword(WebUIKeywordMain.groovy:20)
	at com.kms.katalon.core.webui.keyword.builtin.NavigateToUrlKeyword.navigateToUrl(NavigateToUrlKeyword.groovy:83)
	at com.kms.katalon.core.webui.keyword.builtin.NavigateToUrlKeyword.execute(NavigateToUrlKeyword.groovy:67)
	at com.kms.katalon.core.keyword.internal.KeywordExecutor.executeKeywordForPlatform(KeywordExecutor.groovy:73)
	at com.kms.katalon.core.webui.keyword.WebUiBuiltInKeywords.navigateToUrl(WebUiBuiltInKeywords.groovy:183)
	at com.kms.katalon.core.webui.keyword.WebUiBuiltInKeywords$navigateToUrl$0.call(Unknown Source)
	at ist_real.Login_IST.go_to_ISTools_URL(Login_IST.groovy:83)
	at cucumber.runtime.Utils$1.call(Utils.java:26)
	at cucumber.runtime.Timeout.timeout(Timeout.java:16)
	at cucumber.runtime.Utils.invoke(Utils.java:20)
	at cucumber.runtime.java.JavaStepDefinition.execute(JavaStepDefinition.java:48)
	at cucumber.runtime.PickleStepDefinitionMatch.runStep(PickleStepDefinitionMatch.java:50)
	at cucumber.runner.TestStep.executeStep(TestStep.java:55)
	at cucumber.runner.TestStep.run(TestStep.java:42)
	at cucumber.runner.PickleStepTestStep.run(PickleStepTestStep.java:53)
	at cucumber.runner.TestCase.run(TestCase.java:47)
	at cucumber.runner.Runner.runPickle(Runner.java:44)
	at cucumber.runtime.Runtime.runFeature(Runtime.java:120)
	at cucumber.runtime.Runtime.run(Runtime.java:106)
	at cucumber.api.cli.Main.run(Main.java:35)
	at cucumber.api.cli.Main$run.call(Unknown Source)
	at com.kms.katalon.core.cucumber.keyword.CucumberBuiltinKeywords$_runFeatureFile_closure1.doCall(CucumberBuiltinKeywords.groovy:76)
	at com.kms.katalon.core.cucumber.keyword.CucumberBuiltinKeywords$_runFeatureFile_closure1.doCall(CucumberBuiltinKeywords.groovy)
	at com.kms.katalon.core.keyword.internal.KeywordMain.runKeyword(KeywordMain.groovy:68)
	at com.kms.katalon.core.keyword.internal.KeywordMain$runKeyword.call(Unknown Source)
	at com.kms.katalon.core.cucumber.keyword.CucumberBuiltinKeywords.runFeatureFile(CucumberBuiltinKeywords.groovy:46)
	at com.kms.katalon.core.cucumber.keyword.CucumberBuiltinKeywords$runFeatureFile$0.callStatic(Unknown Source)
	at com.kms.katalon.core.cucumber.keyword.CucumberBuiltinKeywords.runFeatureFile(CucumberBuiltinKeywords.groovy:169)
	at com.kms.katalon.core.cucumber.keyword.CucumberBuiltinKeywords$runFeatureFile.call(Unknown Source)
	at TC_Search_by_Contract_Number.run(TC_Search_by_Contract_Number:18)
	at com.kms.katalon.core.main.ScriptEngine.run(ScriptEngine.java:194)
	at com.kms.katalon.core.main.ScriptEngine.runScriptAsRawText(ScriptEngine.java:119)
	at com.kms.katalon.core.main.TestCaseExecutor.runScript(TestCaseExecutor.java:339)
	at com.kms.katalon.core.main.TestCaseExecutor.doExecute(TestCaseExecutor.java:330)
	at com.kms.katalon.core.main.TestCaseExecutor.processExecutionPhase(TestCaseExecutor.java:309)
	at com.kms.katalon.core.main.TestCaseExecutor.accessMainPhase(TestCaseExecutor.java:301)
	at com.kms.katalon.core.main.TestCaseExecutor.execute(TestCaseExecutor.java:235)
	at com.kms.katalon.core.main.TestSuiteExecutor.accessTestCaseMainPhase(TestSuiteExecutor.java:191)
	at com.kms.katalon.core.main.TestSuiteExecutor.accessTestSuiteMainPhase(TestSuiteExecutor.java:141)
	at com.kms.katalon.core.main.TestSuiteExecutor.execute(TestSuiteExecutor.java:90)
	at com.kms.katalon.core.main.TestCaseMain.startTestSuite(TestCaseMain.java:157)
	at com.kms.katalon.core.main.TestCaseMain$startTestSuite$0.call(Unknown Source)
	at TempTestSuite1611290386363.run(TempTestSuite1611290386363.groovy:39)


2021-01-22 13:21:08 - [TEST_STEP][NOT_RUN] - Login IST with valid credentials: Login IST with valid credentials

2021-01-22 13:21:08 - [MESSAGE][NOT_RUN] - Login IST with valid credentials

2021-01-22 13:21:08 - [TEST_STEP][NOT_RUN] - Login Success: Login Success

2021-01-22 13:21:08 - [MESSAGE][NOT_RUN] - Login Success

2021-01-22 13:21:08 - [TEST_STEP][NOT_RUN] - Select Arrow Menu "Real Time Disbursement": Select Arrow Menu "Real Time Disbursement"

2021-01-22 13:21:08 - [MESSAGE][NOT_RUN] - Select Arrow Menu "Real Time Disbursement"

2021-01-22 13:21:08 - [TEST_STEP][NOT_RUN] - Select Menu "Partner Disbursement": Select Menu "Partner Disbursement"

2021-01-22 13:21:08 - [MESSAGE][NOT_RUN] - Select Menu "Partner Disbursement"

2021-01-22 13:21:08 - [TEST_STEP][NOT_RUN] - Input Contract RTD in Contract Number label: Input Contract RTD in Contract Number label

2021-01-22 13:21:08 - [MESSAGE][NOT_RUN] - Input Contract RTD in Contract Number label

2021-01-22 13:21:08 - [TEST_STEP][NOT_RUN] - Click button "Search": Click button "Search"

2021-01-22 13:21:08 - [MESSAGE][NOT_RUN] - Click button "Search"

2021-01-22 13:21:08 - [TEST_STEP][NOT_RUN] - Verify Search Result Presents: Verify Search Result Presents

2021-01-22 13:21:08 - [MESSAGE][NOT_RUN] - Verify Search Result Presents

2021-01-22 13:21:08 - [MESSAGE][FAILED] - Feature file 'Include/features/IST_Real/RTD/Partner_Disbursement/Search_by_Contract_Number.feature' was failed

2021-01-22 13:21:08 - [MESSAGE][FAILED] - Keyword runFeatureFile was failed (Root cause: com.kms.katalon.core.exception.StepFailedException: Feature file 'Include/features/IST_Real/RTD/Partner_Disbursement/Search_by_Contract_Number.feature' was failed
	at com.kms.katalon.core.keyword.internal.KeywordMain.stepFailed(KeywordMain.groovy:50)
	at com.kms.katalon.core.keyword.internal.KeywordMain.stepFailed(KeywordMain.groovy)
	at com.kms.katalon.core.keyword.internal.KeywordMain.stepFailed(KeywordMain.groovy:23)
	at com.kms.katalon.core.keyword.internal.KeywordMain$stepFailed$0.call(Unknown Source)
	at com.kms.katalon.core.cucumber.keyword.CucumberBuiltinKeywords$_runFeatureFile_closure1.doCall(CucumberBuiltinKeywords.groovy:82)
	at com.kms.katalon.core.cucumber.keyword.CucumberBuiltinKeywords$_runFeatureFile_closure1.doCall(CucumberBuiltinKeywords.groovy)
	at com.kms.katalon.core.keyword.internal.KeywordMain.runKeyword(KeywordMain.groovy:68)
	at com.kms.katalon.core.keyword.internal.KeywordMain$runKeyword.call(Unknown Source)
	at com.kms.katalon.core.cucumber.keyword.CucumberBuiltinKeywords.runFeatureFile(CucumberBuiltinKeywords.groovy:46)
	at com.kms.katalon.core.cucumber.keyword.CucumberBuiltinKeywords$runFeatureFile$0.callStatic(Unknown Source)
	at com.kms.katalon.core.cucumber.keyword.CucumberBuiltinKeywords.runFeatureFile(CucumberBuiltinKeywords.groovy:169)
	at com.kms.katalon.core.cucumber.keyword.CucumberBuiltinKeywords$runFeatureFile.call(Unknown Source)
	at TC_Search_by_Contract_Number.run(TC_Search_by_Contract_Number:18)
	at com.kms.katalon.core.main.ScriptEngine.run(ScriptEngine.java:194)
	at com.kms.katalon.core.main.ScriptEngine.runScriptAsRawText(ScriptEngine.java:119)
	at com.kms.katalon.core.main.TestCaseExecutor.runScript(TestCaseExecutor.java:339)
	at com.kms.katalon.core.main.TestCaseExecutor.doExecute(TestCaseExecutor.java:330)
	at com.kms.katalon.core.main.TestCaseExecutor.processExecutionPhase(TestCaseExecutor.java:309)
	at com.kms.katalon.core.main.TestCaseExecutor.accessMainPhase(TestCaseExecutor.java:301)
	at com.kms.katalon.core.main.TestCaseExecutor.execute(TestCaseExecutor.java:235)
	at com.kms.katalon.core.main.TestSuiteExecutor.accessTestCaseMainPhase(TestSuiteExecutor.java:191)
	at com.kms.katalon.core.main.TestSuiteExecutor.accessTestSuiteMainPhase(TestSuiteExecutor.java:141)
	at com.kms.katalon.core.main.TestSuiteExecutor.execute(TestSuiteExecutor.java:90)
	at com.kms.katalon.core.main.TestCaseMain.startTestSuite(TestCaseMain.java:157)
	at com.kms.katalon.core.main.TestCaseMain$startTestSuite$0.call(Unknown Source)
	at TempTestSuite1611290386363.run(TempTestSuite1611290386363.groovy:39)
)]]></system-out>
         <system-err><![CDATA[2021-01-22 12:48:03 - [TEST_CASE][FAILED] - Test Cases/RTD/Partner Disbursement/TC_Search_by_Contract_Number: Test Cases/RTD/Partner Disbursement/TC_Search_by_Contract_Number FAILED.
Reason:
com.kms.katalon.core.exception.StepFailedException: Feature file 'Include/features/IST_Real/RTD/Partner_Disbursement/Search_by_Contract_Number.feature' was failed
	at com.kms.katalon.core.keyword.internal.KeywordMain.stepFailed(KeywordMain.groovy:50)
	at com.kms.katalon.core.keyword.internal.KeywordMain.stepFailed(KeywordMain.groovy)
	at com.kms.katalon.core.keyword.internal.KeywordMain.stepFailed(KeywordMain.groovy:23)
	at com.kms.katalon.core.keyword.internal.KeywordMain$stepFailed$0.call(Unknown Source)
	at com.kms.katalon.core.cucumber.keyword.CucumberBuiltinKeywords$_runFeatureFile_closure1.doCall(CucumberBuiltinKeywords.groovy:82)
	at com.kms.katalon.core.cucumber.keyword.CucumberBuiltinKeywords$_runFeatureFile_closure1.doCall(CucumberBuiltinKeywords.groovy)
	at com.kms.katalon.core.keyword.internal.KeywordMain.runKeyword(KeywordMain.groovy:68)
	at com.kms.katalon.core.keyword.internal.KeywordMain$runKeyword.call(Unknown Source)
	at com.kms.katalon.core.cucumber.keyword.CucumberBuiltinKeywords.runFeatureFile(CucumberBuiltinKeywords.groovy:46)
	at com.kms.katalon.core.cucumber.keyword.CucumberBuiltinKeywords$runFeatureFile$0.callStatic(Unknown Source)
	at com.kms.katalon.core.cucumber.keyword.CucumberBuiltinKeywords.runFeatureFile(CucumberBuiltinKeywords.groovy:169)
	at com.kms.katalon.core.cucumber.keyword.CucumberBuiltinKeywords$runFeatureFile.call(Unknown Source)
	at TC_Search_by_Contract_Number.run(TC_Search_by_Contract_Number:18)
	at com.kms.katalon.core.main.ScriptEngine.run(ScriptEngine.java:194)
	at com.kms.katalon.core.main.ScriptEngine.runScriptAsRawText(ScriptEngine.java:119)
	at com.kms.katalon.core.main.TestCaseExecutor.runScript(TestCaseExecutor.java:339)
	at com.kms.katalon.core.main.TestCaseExecutor.doExecute(TestCaseExecutor.java:330)
	at com.kms.katalon.core.main.TestCaseExecutor.processExecutionPhase(TestCaseExecutor.java:309)
	at com.kms.katalon.core.main.TestCaseExecutor.accessMainPhase(TestCaseExecutor.java:301)
	at com.kms.katalon.core.main.TestCaseExecutor.execute(TestCaseExecutor.java:235)
	at com.kms.katalon.core.main.TestSuiteExecutor.accessTestCaseMainPhase(TestSuiteExecutor.java:191)
	at com.kms.katalon.core.main.TestSuiteExecutor.accessTestSuiteMainPhase(TestSuiteExecutor.java:141)
	at com.kms.katalon.core.main.TestSuiteExecutor.execute(TestSuiteExecutor.java:90)
	at com.kms.katalon.core.main.TestCaseMain.startTestSuite(TestCaseMain.java:157)
	at com.kms.katalon.core.main.TestCaseMain$startTestSuite$0.call(Unknown Source)
	at TempTestSuite1611290386363.run(TempTestSuite1611290386363.groovy:39)]]></system-err>
      </testcase>
      <testcase name="Test Cases/RTD/Partner Disbursement/TC_Hold_Payment" time="858.783" classname="Test Cases/RTD/Partner Disbursement/TC_Hold_Payment" status="FAILED">
         <failure type="FAILED" message="Test Cases/RTD/Partner Disbursement/TC_Hold_Payment FAILED.
Reason:
com.kms.katalon.core.exception.StepFailedException: Feature file 'Include/features/IST_Real/RTD/Partner_Disbursement/Hold_Payment.feature' was failed
	at com.kms.katalon.core.keyword.internal.KeywordMain.stepFailed(KeywordMain.groovy:50)
	at com.kms.katalon.core.keyword.internal.KeywordMain.stepFailed(KeywordMain.groovy)
	at com.kms.katalon.core.keyword.internal.KeywordMain.stepFailed(KeywordMain.groovy:23)
	at com.kms.katalon.core.keyword.internal.KeywordMain$stepFailed$0.call(Unknown Source)
	at com.kms.katalon.core.cucumber.keyword.CucumberBuiltinKeywords$_runFeatureFile_closure1.doCall(CucumberBuiltinKeywords.groovy:82)
	at com.kms.katalon.core.cucumber.keyword.CucumberBuiltinKeywords$_runFeatureFile_closure1.doCall(CucumberBuiltinKeywords.groovy)
	at com.kms.katalon.core.keyword.internal.KeywordMain.runKeyword(KeywordMain.groovy:68)
	at com.kms.katalon.core.keyword.internal.KeywordMain$runKeyword.call(Unknown Source)
	at com.kms.katalon.core.cucumber.keyword.CucumberBuiltinKeywords.runFeatureFile(CucumberBuiltinKeywords.groovy:46)
	at com.kms.katalon.core.cucumber.keyword.CucumberBuiltinKeywords$runFeatureFile$0.callStatic(Unknown Source)
	at com.kms.katalon.core.cucumber.keyword.CucumberBuiltinKeywords.runFeatureFile(CucumberBuiltinKeywords.groovy:169)
	at com.kms.katalon.core.cucumber.keyword.CucumberBuiltinKeywords$runFeatureFile.call(Unknown Source)
	at TC_Hold_Payment.run(TC_Hold_Payment:18)
	at com.kms.katalon.core.main.ScriptEngine.run(ScriptEngine.java:194)
	at com.kms.katalon.core.main.ScriptEngine.runScriptAsRawText(ScriptEngine.java:119)
	at com.kms.katalon.core.main.TestCaseExecutor.runScript(TestCaseExecutor.java:339)
	at com.kms.katalon.core.main.TestCaseExecutor.doExecute(TestCaseExecutor.java:330)
	at com.kms.katalon.core.main.TestCaseExecutor.processExecutionPhase(TestCaseExecutor.java:309)
	at com.kms.katalon.core.main.TestCaseExecutor.accessMainPhase(TestCaseExecutor.java:301)
	at com.kms.katalon.core.main.TestCaseExecutor.execute(TestCaseExecutor.java:235)
	at com.kms.katalon.core.main.TestSuiteExecutor.accessTestCaseMainPhase(TestSuiteExecutor.java:191)
	at com.kms.katalon.core.main.TestSuiteExecutor.accessTestSuiteMainPhase(TestSuiteExecutor.java:141)
	at com.kms.katalon.core.main.TestSuiteExecutor.execute(TestSuiteExecutor.java:90)
	at com.kms.katalon.core.main.TestCaseMain.startTestSuite(TestCaseMain.java:157)
	at com.kms.katalon.core.main.TestCaseMain$startTestSuite$0.call(Unknown Source)
	at TempTestSuite1611290386363.run(TempTestSuite1611290386363.groovy:39)
"/>
         <system-out><![CDATA[2021-01-22 13:21:08 - [TEST_CASE][FAILED] - Test Cases/RTD/Partner Disbursement/TC_Hold_Payment: Test Cases/RTD/Partner Disbursement/TC_Hold_Payment FAILED.
Reason:
com.kms.katalon.core.exception.StepFailedException: Feature file 'Include/features/IST_Real/RTD/Partner_Disbursement/Hold_Payment.feature' was failed
	at com.kms.katalon.core.keyword.internal.KeywordMain.stepFailed(KeywordMain.groovy:50)
	at com.kms.katalon.core.keyword.internal.KeywordMain.stepFailed(KeywordMain.groovy)
	at com.kms.katalon.core.keyword.internal.KeywordMain.stepFailed(KeywordMain.groovy:23)
	at com.kms.katalon.core.keyword.internal.KeywordMain$stepFailed$0.call(Unknown Source)
	at com.kms.katalon.core.cucumber.keyword.CucumberBuiltinKeywords$_runFeatureFile_closure1.doCall(CucumberBuiltinKeywords.groovy:82)
	at com.kms.katalon.core.cucumber.keyword.CucumberBuiltinKeywords$_runFeatureFile_closure1.doCall(CucumberBuiltinKeywords.groovy)
	at com.kms.katalon.core.keyword.internal.KeywordMain.runKeyword(KeywordMain.groovy:68)
	at com.kms.katalon.core.keyword.internal.KeywordMain$runKeyword.call(Unknown Source)
	at com.kms.katalon.core.cucumber.keyword.CucumberBuiltinKeywords.runFeatureFile(CucumberBuiltinKeywords.groovy:46)
	at com.kms.katalon.core.cucumber.keyword.CucumberBuiltinKeywords$runFeatureFile$0.callStatic(Unknown Source)
	at com.kms.katalon.core.cucumber.keyword.CucumberBuiltinKeywords.runFeatureFile(CucumberBuiltinKeywords.groovy:169)
	at com.kms.katalon.core.cucumber.keyword.CucumberBuiltinKeywords$runFeatureFile.call(Unknown Source)
	at TC_Hold_Payment.run(TC_Hold_Payment:18)
	at com.kms.katalon.core.main.ScriptEngine.run(ScriptEngine.java:194)
	at com.kms.katalon.core.main.ScriptEngine.runScriptAsRawText(ScriptEngine.java:119)
	at com.kms.katalon.core.main.TestCaseExecutor.runScript(TestCaseExecutor.java:339)
	at com.kms.katalon.core.main.TestCaseExecutor.doExecute(TestCaseExecutor.java:330)
	at com.kms.katalon.core.main.TestCaseExecutor.processExecutionPhase(TestCaseExecutor.java:309)
	at com.kms.katalon.core.main.TestCaseExecutor.accessMainPhase(TestCaseExecutor.java:301)
	at com.kms.katalon.core.main.TestCaseExecutor.execute(TestCaseExecutor.java:235)
	at com.kms.katalon.core.main.TestSuiteExecutor.accessTestCaseMainPhase(TestSuiteExecutor.java:191)
	at com.kms.katalon.core.main.TestSuiteExecutor.accessTestSuiteMainPhase(TestSuiteExecutor.java:141)
	at com.kms.katalon.core.main.TestSuiteExecutor.execute(TestSuiteExecutor.java:90)
	at com.kms.katalon.core.main.TestCaseMain.startTestSuite(TestCaseMain.java:157)
	at com.kms.katalon.core.main.TestCaseMain$startTestSuite$0.call(Unknown Source)
	at TempTestSuite1611290386363.run(TempTestSuite1611290386363.groovy:39)


2021-01-22 13:21:08 - [TEST_STEP][FAILED] - runFeatureFile("Include/features/IST_Real/RTD/Partner_Disbursement/Hold_Payment.feature"): Keyword runFeatureFile was failed (Root cause: com.kms.katalon.core.exception.StepFailedException: Feature file 'Include/features/IST_Real/RTD/Partner_Disbursement/Hold_Payment.feature' was failed
	at com.kms.katalon.core.keyword.internal.KeywordMain.stepFailed(KeywordMain.groovy:50)
	at com.kms.katalon.core.keyword.internal.KeywordMain.stepFailed(KeywordMain.groovy)
	at com.kms.katalon.core.keyword.internal.KeywordMain.stepFailed(KeywordMain.groovy:23)
	at com.kms.katalon.core.keyword.internal.KeywordMain$stepFailed$0.call(Unknown Source)
	at com.kms.katalon.core.cucumber.keyword.CucumberBuiltinKeywords$_runFeatureFile_closure1.doCall(CucumberBuiltinKeywords.groovy:82)
	at com.kms.katalon.core.cucumber.keyword.CucumberBuiltinKeywords$_runFeatureFile_closure1.doCall(CucumberBuiltinKeywords.groovy)
	at com.kms.katalon.core.keyword.internal.KeywordMain.runKeyword(KeywordMain.groovy:68)
	at com.kms.katalon.core.keyword.internal.KeywordMain$runKeyword.call(Unknown Source)
	at com.kms.katalon.core.cucumber.keyword.CucumberBuiltinKeywords.runFeatureFile(CucumberBuiltinKeywords.groovy:46)
	at com.kms.katalon.core.cucumber.keyword.CucumberBuiltinKeywords$runFeatureFile$0.callStatic(Unknown Source)
	at com.kms.katalon.core.cucumber.keyword.CucumberBuiltinKeywords.runFeatureFile(CucumberBuiltinKeywords.groovy:169)
	at com.kms.katalon.core.cucumber.keyword.CucumberBuiltinKeywords$runFeatureFile.call(Unknown Source)
	at TC_Hold_Payment.run(TC_Hold_Payment:18)
	at com.kms.katalon.core.main.ScriptEngine.run(ScriptEngine.java:194)
	at com.kms.katalon.core.main.ScriptEngine.runScriptAsRawText(ScriptEngine.java:119)
	at com.kms.katalon.core.main.TestCaseExecutor.runScript(TestCaseExecutor.java:339)
	at com.kms.katalon.core.main.TestCaseExecutor.doExecute(TestCaseExecutor.java:330)
	at com.kms.katalon.core.main.TestCaseExecutor.processExecutionPhase(TestCaseExecutor.java:309)
	at com.kms.katalon.core.main.TestCaseExecutor.accessMainPhase(TestCaseExecutor.java:301)
	at com.kms.katalon.core.main.TestCaseExecutor.execute(TestCaseExecutor.java:235)
	at com.kms.katalon.core.main.TestSuiteExecutor.accessTestCaseMainPhase(TestSuiteExecutor.java:191)
	at com.kms.katalon.core.main.TestSuiteExecutor.accessTestSuiteMainPhase(TestSuiteExecutor.java:141)
	at com.kms.katalon.core.main.TestSuiteExecutor.execute(TestSuiteExecutor.java:90)
	at com.kms.katalon.core.main.TestCaseMain.startTestSuite(TestCaseMain.java:157)
	at com.kms.katalon.core.main.TestCaseMain$startTestSuite$0.call(Unknown Source)
	at TempTestSuite1611290386363.run(TempTestSuite1611290386363.groovy:39)
)

2021-01-22 13:21:08 - [MESSAGE][INFO] - Starting run keyword runFeatureFile: 'Include/features/IST_Real/RTD/Partner_Disbursement/Hold_Payment.feature' and extract report to folder: '/Users/chaidir.pratama01/Katalon Studio/IST_Automation_Git/Reports/20210122_113940/RTD/TS_Partner_Disbursement/20210122_113946/cucumber_report/1611296468437'...

2021-01-22 13:21:08 - [TEST_CASE][FAILED] - Start Test Case : SCENARIO Hold Payment for Status Eligible to Disburse: SCENARIO Hold Payment for Status Eligible to Disburse FAILED.
Reason:
com.kms.katalon.core.exception.StepFailedException: Unable to set text 'mobile.test' of object 'Object Repository/Page_/input_Username_j_username'
	at com.kms.katalon.core.webui.keyword.internal.WebUIKeywordMain.stepFailed(WebUIKeywordMain.groovy:64)
	at com.kms.katalon.core.webui.keyword.internal.WebUIKeywordMain.runKeyword(WebUIKeywordMain.groovy:26)
	at com.kms.katalon.core.webui.keyword.builtin.SetTextKeyword.setText(SetTextKeyword.groovy:66)
	at com.kms.katalon.core.webui.keyword.builtin.SetTextKeyword.execute(SetTextKeyword.groovy:37)
	at com.kms.katalon.core.keyword.internal.KeywordExecutor.executeKeywordForPlatform(KeywordExecutor.groovy:73)
	at com.kms.katalon.core.webui.keyword.WebUiBuiltInKeywords.setText(WebUiBuiltInKeywords.groovy:976)
	at com.kms.katalon.core.webui.keyword.WebUiBuiltInKeywords$setText$1.call(Unknown Source)
	at ist_real.Login_IST.I_want_to_login_to_IST(Login_IST.groovy:133)
	at âœ½.Login IST with valid credentials(/Users/chaidir.pratama01/Katalon Studio/IST_Automation_Git/Include/features/IST_Real/RTD/Partner_Disbursement/Hold_Payment.feature:26)
Caused by: java.lang.IllegalArgumentException: Cannot find elements when the selector is null
	at org.openqa.selenium.By$ByCssSelector.<init>(By.java:422)
	at org.openqa.selenium.By.cssSelector(By.java:116)
	at com.kms.katalon.core.webui.common.WebUiCommonHelper.buildLocator(WebUiCommonHelper.java:515)
	at com.kms.katalon.core.webui.common.WebUiCommonHelper.findElementByNormalMethods(WebUiCommonHelper.java:985)
	at com.kms.katalon.core.webui.common.WebUiCommonHelper.findElementsBySelectedMethod(WebUiCommonHelper.java:890)
	at com.kms.katalon.core.webui.common.WebUiCommonHelper.findElementsWithSelfHealing(WebUiCommonHelper.java:794)
	at com.kms.katalon.core.webui.common.WebUiCommonHelper.findWebElements(WebUiCommonHelper.java:717)
	at com.kms.katalon.core.webui.common.WebUiCommonHelper.findWebElement(WebUiCommonHelper.java:1349)
	at com.kms.katalon.core.webui.keyword.internal.WebUIAbstractKeyword.findWebElement(WebUIAbstractKeyword.groovy:27)
	at com.kms.katalon.core.webui.keyword.internal.WebUIAbstractKeyword.findWebElement(WebUIAbstractKeyword.groovy:26)
	at com.kms.katalon.core.webui.keyword.builtin.SetTextKeyword$_setText_closure1.doCall(SetTextKeyword.groovy:51)
	at com.kms.katalon.core.webui.keyword.builtin.SetTextKeyword$_setText_closure1.call(SetTextKeyword.groovy)
	at com.kms.katalon.core.webui.keyword.internal.WebUIKeywordMain.runKeyword(WebUIKeywordMain.groovy:20)
	at com.kms.katalon.core.webui.keyword.builtin.SetTextKeyword.setText(SetTextKeyword.groovy:66)
	at com.kms.katalon.core.webui.keyword.builtin.SetTextKeyword.execute(SetTextKeyword.groovy:37)
	at com.kms.katalon.core.keyword.internal.KeywordExecutor.executeKeywordForPlatform(KeywordExecutor.groovy:73)
	at com.kms.katalon.core.webui.keyword.WebUiBuiltInKeywords.setText(WebUiBuiltInKeywords.groovy:976)
	at com.kms.katalon.core.webui.keyword.WebUiBuiltInKeywords$setText$1.call(Unknown Source)
	at ist_real.Login_IST.I_want_to_login_to_IST(Login_IST.groovy:133)
	at cucumber.runtime.Utils$1.call(Utils.java:26)
	at cucumber.runtime.Timeout.timeout(Timeout.java:16)
	at cucumber.runtime.Utils.invoke(Utils.java:20)
	at cucumber.runtime.java.JavaStepDefinition.execute(JavaStepDefinition.java:48)
	at cucumber.runtime.PickleStepDefinitionMatch.runStep(PickleStepDefinitionMatch.java:50)
	at cucumber.runner.TestStep.executeStep(TestStep.java:55)
	at cucumber.runner.TestStep.run(TestStep.java:42)
	at cucumber.runner.PickleStepTestStep.run(PickleStepTestStep.java:53)
	at cucumber.runner.TestCase.run(TestCase.java:47)
	at cucumber.runner.Runner.runPickle(Runner.java:44)
	at cucumber.runtime.Runtime.runFeature(Runtime.java:120)
	at cucumber.runtime.Runtime.run(Runtime.java:106)
	at cucumber.api.cli.Main.run(Main.java:35)
	at cucumber.api.cli.Main$run.call(Unknown Source)
	at com.kms.katalon.core.cucumber.keyword.CucumberBuiltinKeywords$_runFeatureFile_closure1.doCall(CucumberBuiltinKeywords.groovy:76)
	at com.kms.katalon.core.cucumber.keyword.CucumberBuiltinKeywords$_runFeatureFile_closure1.doCall(CucumberBuiltinKeywords.groovy)
	at com.kms.katalon.core.keyword.internal.KeywordMain.runKeyword(KeywordMain.groovy:68)
	at com.kms.katalon.core.keyword.internal.KeywordMain$runKeyword.call(Unknown Source)
	at com.kms.katalon.core.cucumber.keyword.CucumberBuiltinKeywords.runFeatureFile(CucumberBuiltinKeywords.groovy:46)
	at com.kms.katalon.core.cucumber.keyword.CucumberBuiltinKeywords$runFeatureFile$0.callStatic(Unknown Source)
	at com.kms.katalon.core.cucumber.keyword.CucumberBuiltinKeywords.runFeatureFile(CucumberBuiltinKeywords.groovy:169)
	at com.kms.katalon.core.cucumber.keyword.CucumberBuiltinKeywords$runFeatureFile.call(Unknown Source)
	at TC_Hold_Payment.run(TC_Hold_Payment:18)
	at com.kms.katalon.core.main.ScriptEngine.run(ScriptEngine.java:194)
	at com.kms.katalon.core.main.ScriptEngine.runScriptAsRawText(ScriptEngine.java:119)
	at com.kms.katalon.core.main.TestCaseExecutor.runScript(TestCaseExecutor.java:339)
	at com.kms.katalon.core.main.TestCaseExecutor.doExecute(TestCaseExecutor.java:330)
	at com.kms.katalon.core.main.TestCaseExecutor.processExecutionPhase(TestCaseExecutor.java:309)
	at com.kms.katalon.core.main.TestCaseExecutor.accessMainPhase(TestCaseExecutor.java:301)
	at com.kms.katalon.core.main.TestCaseExecutor.execute(TestCaseExecutor.java:235)
	at com.kms.katalon.core.main.TestSuiteExecutor.accessTestCaseMainPhase(TestSuiteExecutor.java:191)
	at com.kms.katalon.core.main.TestSuiteExecutor.accessTestSuiteMainPhase(TestSuiteExecutor.java:141)
	at com.kms.katalon.core.main.TestSuiteExecutor.execute(TestSuiteExecutor.java:90)
	at com.kms.katalon.core.main.TestCaseMain.startTestSuite(TestCaseMain.java:157)
	at com.kms.katalon.core.main.TestCaseMain$startTestSuite$0.call(Unknown Source)
	at TempTestSuite1611290386363.run(TempTestSuite1611290386363.groovy:39)


2021-01-22 13:21:08 - [TEST_STEP][PASSED] - Go to ISTools: Go to ISTools

2021-01-22 13:21:08 - [MESSAGE][WARNING] - A browser is already opened. Closing browser and opening a new one

2021-01-22 13:21:08 - [MESSAGE][INFO] - Starting 'Chrome (headless)' driver

2021-01-22 13:21:08 - [MESSAGE][INFO] - User set preference: ['args', '[--start-maximized, --disable-gpu, --no-proxy-server, â€“-no-sandbox, --allow-running-insecure-content, --ignore-certificate-errors, window-size=1680,814, force-device-scale-factor=2, --lang=en-GB]']

2021-01-22 13:21:08 - [MESSAGE][INFO] - User set preference: ['prefs', '{download.default_directory=/Users/chaidir.pratama01/Katalon Studio/IST_Automation_Git/Download}']

2021-01-22 13:21:08 - [MESSAGE][INFO] - Action delay is set to 0 milliseconds

2021-01-22 13:21:09 - [MESSAGE][PASSED] - Browser is opened with url: ''

2021-01-22 13:34:53 - [MESSAGE][PASSED] - Navigate to 'https://dev-istools.homecredit.id/foundation/' successfully

2021-01-22 13:34:53 - [MESSAGE][PASSED] - Go to ISTools

2021-01-22 13:34:53 - [TEST_STEP][FAILED] - Login IST with valid credentials: Login IST with valid credentials FAILED.
Reason:
com.kms.katalon.core.exception.StepFailedException: Unable to set text 'mobile.test' of object 'Object Repository/Page_/input_Username_j_username'
	at com.kms.katalon.core.webui.keyword.internal.WebUIKeywordMain.stepFailed(WebUIKeywordMain.groovy:64)
	at com.kms.katalon.core.webui.keyword.internal.WebUIKeywordMain.runKeyword(WebUIKeywordMain.groovy:26)
	at com.kms.katalon.core.webui.keyword.builtin.SetTextKeyword.setText(SetTextKeyword.groovy:66)
	at com.kms.katalon.core.webui.keyword.builtin.SetTextKeyword.execute(SetTextKeyword.groovy:37)
	at com.kms.katalon.core.keyword.internal.KeywordExecutor.executeKeywordForPlatform(KeywordExecutor.groovy:73)
	at com.kms.katalon.core.webui.keyword.WebUiBuiltInKeywords.setText(WebUiBuiltInKeywords.groovy:976)
	at com.kms.katalon.core.webui.keyword.WebUiBuiltInKeywords$setText$1.call(Unknown Source)
	at ist_real.Login_IST.I_want_to_login_to_IST(Login_IST.groovy:133)
	at âœ½.Login IST with valid credentials(/Users/chaidir.pratama01/Katalon Studio/IST_Automation_Git/Include/features/IST_Real/RTD/Partner_Disbursement/Hold_Payment.feature:26)
Caused by: java.lang.IllegalArgumentException: Cannot find elements when the selector is null
	at org.openqa.selenium.By$ByCssSelector.<init>(By.java:422)
	at org.openqa.selenium.By.cssSelector(By.java:116)
	at com.kms.katalon.core.webui.common.WebUiCommonHelper.buildLocator(WebUiCommonHelper.java:515)
	at com.kms.katalon.core.webui.common.WebUiCommonHelper.findElementByNormalMethods(WebUiCommonHelper.java:985)
	at com.kms.katalon.core.webui.common.WebUiCommonHelper.findElementsBySelectedMethod(WebUiCommonHelper.java:890)
	at com.kms.katalon.core.webui.common.WebUiCommonHelper.findElementsWithSelfHealing(WebUiCommonHelper.java:794)
	at com.kms.katalon.core.webui.common.WebUiCommonHelper.findWebElements(WebUiCommonHelper.java:717)
	at com.kms.katalon.core.webui.common.WebUiCommonHelper.findWebElement(WebUiCommonHelper.java:1349)
	at com.kms.katalon.core.webui.keyword.internal.WebUIAbstractKeyword.findWebElement(WebUIAbstractKeyword.groovy:27)
	at com.kms.katalon.core.webui.keyword.internal.WebUIAbstractKeyword.findWebElement(WebUIAbstractKeyword.groovy:26)
	at com.kms.katalon.core.webui.keyword.builtin.SetTextKeyword$_setText_closure1.doCall(SetTextKeyword.groovy:51)
	at com.kms.katalon.core.webui.keyword.builtin.SetTextKeyword$_setText_closure1.call(SetTextKeyword.groovy)
	at com.kms.katalon.core.webui.keyword.internal.WebUIKeywordMain.runKeyword(WebUIKeywordMain.groovy:20)
	at com.kms.katalon.core.webui.keyword.builtin.SetTextKeyword.setText(SetTextKeyword.groovy:66)
	at com.kms.katalon.core.webui.keyword.builtin.SetTextKeyword.execute(SetTextKeyword.groovy:37)
	at com.kms.katalon.core.keyword.internal.KeywordExecutor.executeKeywordForPlatform(KeywordExecutor.groovy:73)
	at com.kms.katalon.core.webui.keyword.WebUiBuiltInKeywords.setText(WebUiBuiltInKeywords.groovy:976)
	at com.kms.katalon.core.webui.keyword.WebUiBuiltInKeywords$setText$1.call(Unknown Source)
	at ist_real.Login_IST.I_want_to_login_to_IST(Login_IST.groovy:133)
	at cucumber.runtime.Utils$1.call(Utils.java:26)
	at cucumber.runtime.Timeout.timeout(Timeout.java:16)
	at cucumber.runtime.Utils.invoke(Utils.java:20)
	at cucumber.runtime.java.JavaStepDefinition.execute(JavaStepDefinition.java:48)
	at cucumber.runtime.PickleStepDefinitionMatch.runStep(PickleStepDefinitionMatch.java:50)
	at cucumber.runner.TestStep.executeStep(TestStep.java:55)
	at cucumber.runner.TestStep.run(TestStep.java:42)
	at cucumber.runner.PickleStepTestStep.run(PickleStepTestStep.java:53)
	at cucumber.runner.TestCase.run(TestCase.java:47)
	at cucumber.runner.Runner.runPickle(Runner.java:44)
	at cucumber.runtime.Runtime.runFeature(Runtime.java:120)
	at cucumber.runtime.Runtime.run(Runtime.java:106)
	at cucumber.api.cli.Main.run(Main.java:35)
	at cucumber.api.cli.Main$run.call(Unknown Source)
	at com.kms.katalon.core.cucumber.keyword.CucumberBuiltinKeywords$_runFeatureFile_closure1.doCall(CucumberBuiltinKeywords.groovy:76)
	at com.kms.katalon.core.cucumber.keyword.CucumberBuiltinKeywords$_runFeatureFile_closure1.doCall(CucumberBuiltinKeywords.groovy)
	at com.kms.katalon.core.keyword.internal.KeywordMain.runKeyword(KeywordMain.groovy:68)
	at com.kms.katalon.core.keyword.internal.KeywordMain$runKeyword.call(Unknown Source)
	at com.kms.katalon.core.cucumber.keyword.CucumberBuiltinKeywords.runFeatureFile(CucumberBuiltinKeywords.groovy:46)
	at com.kms.katalon.core.cucumber.keyword.CucumberBuiltinKeywords$runFeatureFile$0.callStatic(Unknown Source)
	at com.kms.katalon.core.cucumber.keyword.CucumberBuiltinKeywords.runFeatureFile(CucumberBuiltinKeywords.groovy:169)
	at com.kms.katalon.core.cucumber.keyword.CucumberBuiltinKeywords$runFeatureFile.call(Unknown Source)
	at TC_Hold_Payment.run(TC_Hold_Payment:18)
	at com.kms.katalon.core.main.ScriptEngine.run(ScriptEngine.java:194)
	at com.kms.katalon.core.main.ScriptEngine.runScriptAsRawText(ScriptEngine.java:119)
	at com.kms.katalon.core.main.TestCaseExecutor.runScript(TestCaseExecutor.java:339)
	at com.kms.katalon.core.main.TestCaseExecutor.doExecute(TestCaseExecutor.java:330)
	at com.kms.katalon.core.main.TestCaseExecutor.processExecutionPhase(TestCaseExecutor.java:309)
	at com.kms.katalon.core.main.TestCaseExecutor.accessMainPhase(TestCaseExecutor.java:301)
	at com.kms.katalon.core.main.TestCaseExecutor.execute(TestCaseExecutor.java:235)
	at com.kms.katalon.core.main.TestSuiteExecutor.accessTestCaseMainPhase(TestSuiteExecutor.java:191)
	at com.kms.katalon.core.main.TestSuiteExecutor.accessTestSuiteMainPhase(TestSuiteExecutor.java:141)
	at com.kms.katalon.core.main.TestSuiteExecutor.execute(TestSuiteExecutor.java:90)
	at com.kms.katalon.core.main.TestCaseMain.startTestSuite(TestCaseMain.java:157)
	at com.kms.katalon.core.main.TestCaseMain$startTestSuite$0.call(Unknown Source)
	at TempTestSuite1611290386363.run(TempTestSuite1611290386363.groovy:39)


2021-01-22 13:35:24 - [MESSAGE][INFO] - Unable to find the element located by 'By.xpath: //input[@name='j_username']'. Please recheck the objects properties to make sure the desired element is located. 

2021-01-22 13:35:24 - [MESSAGE][WARNING] - [SELF-HEALING] Failed to find element with id 'Object Repository/Page_/input_Username_j_username'. Try using Self-healing.

2021-01-22 13:35:24 - [MESSAGE][INFO] - [SELF-HEALING] Failed Locator: '//input[@id='kCKQn']'.

2021-01-22 13:35:24 - [MESSAGE][INFO] - [SELF-HEALING] Failed Locator: '//div[@id='kCKQk']/input'.

2021-01-22 13:35:24 - [MESSAGE][INFO] - [SELF-HEALING] Failed Locator: '(.//*[normalize-space(text()) and normalize-space(.)='Username'])[1]/following::input[1]'.

2021-01-22 13:35:24 - [MESSAGE][INFO] - [SELF-HEALING] Failed Locator: '(.//*[normalize-space(text()) and normalize-space(.)='Login with your LDAP (Windows)'])[1]/following::input[1]'.

2021-01-22 13:35:24 - [MESSAGE][INFO] - [SELF-HEALING] Failed Locator: '(.//*[normalize-space(text()) and normalize-space(.)='Password'])[1]/preceding::input[1]'.

2021-01-22 13:35:24 - [MESSAGE][INFO] - [SELF-HEALING] Failed Locator: '(.//*[normalize-space(text()) and normalize-space(.)='Login'])[1]/preceding::input[2]'.

2021-01-22 13:35:24 - [MESSAGE][INFO] - [SELF-HEALING] Failed Locator: '//input'.

2021-01-22 13:35:24 - [MESSAGE][INFO] - [SELF-HEALING] Failed Locator: '//input[@id='gUxPn']'.

2021-01-22 13:35:24 - [MESSAGE][INFO] - [SELF-HEALING] Failed Locator: '//div[@id='gUxPk']/input'.

2021-01-22 13:35:24 - [MESSAGE][INFO] - [SELF-HEALING] Failed Locator: '//input[@id='wUTCn']'.

2021-01-22 13:35:24 - [MESSAGE][INFO] - [SELF-HEALING] Failed Locator: '//div[@id='wUTCk']/input'.

2021-01-22 13:35:24 - [MESSAGE][INFO] - [SELF-HEALING] Failed Locator: '//input[@id='n17Qn']'.

2021-01-22 13:35:24 - [MESSAGE][INFO] - [SELF-HEALING] Failed Locator: '//div[@id='n17Qk']/input'.

2021-01-22 13:35:24 - [MESSAGE][INFO] - [SELF-HEALING] Failed Locator: '//input[@id='kCKQn']'.

2021-01-22 13:35:24 - [MESSAGE][INFO] - [SELF-HEALING] Failed Locator: '//div[@id='kCKQk']/input'.

2021-01-22 13:35:24 - [MESSAGE][INFO] - [SELF-HEALING] Failed Locator: '(.//*[normalize-space(text()) and normalize-space(.)='Username'])[1]/following::input[1]'.

2021-01-22 13:35:24 - [MESSAGE][INFO] - [SELF-HEALING] Failed Locator: '(.//*[normalize-space(text()) and normalize-space(.)='Login with your LDAP (Windows)'])[1]/following::input[1]'.

2021-01-22 13:35:24 - [MESSAGE][INFO] - [SELF-HEALING] Failed Locator: '(.//*[normalize-space(text()) and normalize-space(.)='Password'])[1]/preceding::input[1]'.

2021-01-22 13:35:24 - [MESSAGE][INFO] - [SELF-HEALING] Failed Locator: '(.//*[normalize-space(text()) and normalize-space(.)='Login'])[1]/preceding::input[2]'.

2021-01-22 13:35:24 - [MESSAGE][INFO] - [SELF-HEALING] Failed Locator: '//input'.

2021-01-22 13:35:24 - [MESSAGE][INFO] - [SELF-HEALING] Failed Locator: '//input[@id='gUxPn']'.

2021-01-22 13:35:24 - [MESSAGE][INFO] - [SELF-HEALING] Failed Locator: '//div[@id='gUxPk']/input'.

2021-01-22 13:35:24 - [MESSAGE][INFO] - [SELF-HEALING] Failed Locator: '//input[@id='wUTCn']'.

2021-01-22 13:35:24 - [MESSAGE][INFO] - [SELF-HEALING] Failed Locator: '//div[@id='wUTCk']/input'.

2021-01-22 13:35:24 - [MESSAGE][INFO] - [SELF-HEALING] Failed Locator: '//input[@id='n17Qn']'.

2021-01-22 13:35:24 - [MESSAGE][INFO] - [SELF-HEALING] Failed Locator: '//div[@id='n17Qk']/input'.

2021-01-22 13:35:24 - [MESSAGE][INFO] - [SELF-HEALING] Failed Locator: '//input[@id='kCKQn']'.

2021-01-22 13:35:24 - [MESSAGE][INFO] - [SELF-HEALING] Failed Locator: '//div[@id='kCKQk']/input'.

2021-01-22 13:35:24 - [MESSAGE][INFO] - [SELF-HEALING] Failed Locator: '(.//*[normalize-space(text()) and normalize-space(.)='Username'])[1]/following::input[1]'.

2021-01-22 13:35:24 - [MESSAGE][INFO] - [SELF-HEALING] Failed Locator: '(.//*[normalize-space(text()) and normalize-space(.)='Login with your LDAP (Windows)'])[1]/following::input[1]'.

2021-01-22 13:35:24 - [MESSAGE][INFO] - [SELF-HEALING] Failed Locator: '(.//*[normalize-space(text()) and normalize-space(.)='Password'])[1]/preceding::input[1]'.

2021-01-22 13:35:24 - [MESSAGE][INFO] - [SELF-HEALING] Failed Locator: '(.//*[normalize-space(text()) and normalize-space(.)='Login'])[1]/preceding::input[2]'.

2021-01-22 13:35:25 - [MESSAGE][INFO] - [SELF-HEALING] Failed Locator: '//input'.

2021-01-22 13:35:25 - [MESSAGE][INFO] - [SELF-HEALING] Failed Locator: '//input[@id='gUxPn']'.

2021-01-22 13:35:25 - [MESSAGE][INFO] - [SELF-HEALING] Failed Locator: '//div[@id='gUxPk']/input'.

2021-01-22 13:35:25 - [MESSAGE][INFO] - [SELF-HEALING] Failed Locator: '//input[@id='wUTCn']'.

2021-01-22 13:35:25 - [MESSAGE][INFO] - [SELF-HEALING] Failed Locator: '//div[@id='wUTCk']/input'.

2021-01-22 13:35:25 - [MESSAGE][INFO] - [SELF-HEALING] Failed Locator: '//input[@id='n17Qn']'.

2021-01-22 13:35:25 - [MESSAGE][INFO] - [SELF-HEALING] Failed Locator: '//div[@id='n17Qk']/input'.

2021-01-22 13:35:25 - [MESSAGE][INFO] - [SELF-HEALING] Failed Locator: '//input[@id='kCKQn']'.

2021-01-22 13:35:25 - [MESSAGE][INFO] - [SELF-HEALING] Failed Locator: '//div[@id='kCKQk']/input'.

2021-01-22 13:35:25 - [MESSAGE][INFO] - [SELF-HEALING] Failed Locator: '(.//*[normalize-space(text()) and normalize-space(.)='Username'])[1]/following::input[1]'.

2021-01-22 13:35:25 - [MESSAGE][INFO] - [SELF-HEALING] Failed Locator: '(.//*[normalize-space(text()) and normalize-space(.)='Login with your LDAP (Windows)'])[1]/following::input[1]'.

2021-01-22 13:35:25 - [MESSAGE][INFO] - [SELF-HEALING] Failed Locator: '(.//*[normalize-space(text()) and normalize-space(.)='Password'])[1]/preceding::input[1]'.

2021-01-22 13:35:25 - [MESSAGE][INFO] - [SELF-HEALING] Failed Locator: '(.//*[normalize-space(text()) and normalize-space(.)='Login'])[1]/preceding::input[2]'.

2021-01-22 13:35:25 - [MESSAGE][INFO] - [SELF-HEALING] Failed Locator: '//input'.

2021-01-22 13:35:25 - [MESSAGE][INFO] - [SELF-HEALING] Failed Locator: '//input[@id='gUxPn']'.

2021-01-22 13:35:25 - [MESSAGE][INFO] - [SELF-HEALING] Failed Locator: '//div[@id='gUxPk']/input'.

2021-01-22 13:35:25 - [MESSAGE][INFO] - [SELF-HEALING] Failed Locator: '//input[@id='wUTCn']'.

2021-01-22 13:35:25 - [MESSAGE][INFO] - [SELF-HEALING] Failed Locator: '//div[@id='wUTCk']/input'.

2021-01-22 13:35:25 - [MESSAGE][INFO] - [SELF-HEALING] Failed Locator: '//input[@id='n17Qn']'.

2021-01-22 13:35:25 - [MESSAGE][INFO] - [SELF-HEALING] Failed Locator: '//div[@id='n17Qk']/input'.

2021-01-22 13:35:25 - [MESSAGE][INFO] - [SELF-HEALING] Failed Locator: '//input[@id='kCKQn']'.

2021-01-22 13:35:25 - [MESSAGE][INFO] - [SELF-HEALING] Failed Locator: '//div[@id='kCKQk']/input'.

2021-01-22 13:35:25 - [MESSAGE][INFO] - [SELF-HEALING] Failed Locator: '(.//*[normalize-space(text()) and normalize-space(.)='Username'])[1]/following::input[1]'.

2021-01-22 13:35:25 - [MESSAGE][INFO] - [SELF-HEALING] Failed Locator: '(.//*[normalize-space(text()) and normalize-space(.)='Login with your LDAP (Windows)'])[1]/following::input[1]'.

2021-01-22 13:35:25 - [MESSAGE][INFO] - [SELF-HEALING] Failed Locator: '(.//*[normalize-space(text()) and normalize-space(.)='Password'])[1]/preceding::input[1]'.

2021-01-22 13:35:25 - [MESSAGE][INFO] - [SELF-HEALING] Failed Locator: '(.//*[normalize-space(text()) and normalize-space(.)='Login'])[1]/preceding::input[2]'.

2021-01-22 13:35:25 - [MESSAGE][INFO] - [SELF-HEALING] Failed Locator: '//input'.

2021-01-22 13:35:25 - [MESSAGE][INFO] - [SELF-HEALING] Failed Locator: '//input[@id='gUxPn']'.

2021-01-22 13:35:25 - [MESSAGE][INFO] - [SELF-HEALING] Failed Locator: '//div[@id='gUxPk']/input'.

2021-01-22 13:35:25 - [MESSAGE][INFO] - [SELF-HEALING] Failed Locator: '//input[@id='wUTCn']'.

2021-01-22 13:35:25 - [MESSAGE][INFO] - [SELF-HEALING] Failed Locator: '//div[@id='wUTCk']/input'.

2021-01-22 13:35:25 - [MESSAGE][INFO] - [SELF-HEALING] Failed Locator: '//input[@id='n17Qn']'.

2021-01-22 13:35:25 - [MESSAGE][INFO] - [SELF-HEALING] Failed Locator: '//div[@id='n17Qk']/input'.

2021-01-22 13:35:25 - [MESSAGE][INFO] - [SELF-HEALING] Failed Locator: '//input[@id='kCKQn']'.

2021-01-22 13:35:25 - [MESSAGE][INFO] - [SELF-HEALING] Failed Locator: '//div[@id='kCKQk']/input'.

2021-01-22 13:35:25 - [MESSAGE][INFO] - [SELF-HEALING] Failed Locator: '(.//*[normalize-space(text()) and normalize-space(.)='Username'])[1]/following::input[1]'.

2021-01-22 13:35:25 - [MESSAGE][INFO] - [SELF-HEALING] Failed Locator: '(.//*[normalize-space(text()) and normalize-space(.)='Login with your LDAP (Windows)'])[1]/following::input[1]'.

2021-01-22 13:35:25 - [MESSAGE][INFO] - [SELF-HEALING] Failed Locator: '(.//*[normalize-space(text()) and normalize-space(.)='Password'])[1]/preceding::input[1]'.

2021-01-22 13:35:25 - [MESSAGE][INFO] - [SELF-HEALING] Failed Locator: '(.//*[normalize-space(text()) and normalize-space(.)='Login'])[1]/preceding::input[2]'.

2021-01-22 13:35:25 - [MESSAGE][INFO] - [SELF-HEALING] Failed Locator: '//input'.

2021-01-22 13:35:25 - [MESSAGE][INFO] - [SELF-HEALING] Failed Locator: '//input[@id='gUxPn']'.

2021-01-22 13:35:25 - [MESSAGE][INFO] - [SELF-HEALING] Failed Locator: '//div[@id='gUxPk']/input'.

2021-01-22 13:35:25 - [MESSAGE][INFO] - [SELF-HEALING] Failed Locator: '//input[@id='wUTCn']'.

2021-01-22 13:35:25 - [MESSAGE][INFO] - [SELF-HEALING] Failed Locator: '//div[@id='wUTCk']/input'.

2021-01-22 13:35:25 - [MESSAGE][INFO] - [SELF-HEALING] Failed Locator: '//input[@id='n17Qn']'.

2021-01-22 13:35:25 - [MESSAGE][INFO] - [SELF-HEALING] Failed Locator: '//div[@id='n17Qk']/input'.

2021-01-22 13:35:25 - [MESSAGE][INFO] - [SELF-HEALING] Failed Locator: '//input[@id='kCKQn']'.

2021-01-22 13:35:25 - [MESSAGE][INFO] - [SELF-HEALING] Failed Locator: '//div[@id='kCKQk']/input'.

2021-01-22 13:35:25 - [MESSAGE][INFO] - [SELF-HEALING] Failed Locator: '(.//*[normalize-space(text()) and normalize-space(.)='Username'])[1]/following::input[1]'.

2021-01-22 13:35:25 - [MESSAGE][INFO] - [SELF-HEALING] Failed Locator: '(.//*[normalize-space(text()) and normalize-space(.)='Login with your LDAP (Windows)'])[1]/following::input[1]'.

2021-01-22 13:35:25 - [MESSAGE][INFO] - [SELF-HEALING] Failed Locator: '(.//*[normalize-space(text()) and normalize-space(.)='Password'])[1]/preceding::input[1]'.

2021-01-22 13:35:25 - [MESSAGE][INFO] - [SELF-HEALING] Failed Locator: '(.//*[normalize-space(text()) and normalize-space(.)='Login'])[1]/preceding::input[2]'.

2021-01-22 13:35:25 - [MESSAGE][INFO] - [SELF-HEALING] Failed Locator: '//input'.

2021-01-22 13:35:25 - [MESSAGE][INFO] - [SELF-HEALING] Failed Locator: '//input[@id='gUxPn']'.

2021-01-22 13:35:25 - [MESSAGE][INFO] - [SELF-HEALING] Failed Locator: '//div[@id='gUxPk']/input'.

2021-01-22 13:35:25 - [MESSAGE][INFO] - [SELF-HEALING] Failed Locator: '//input[@id='wUTCn']'.

2021-01-22 13:35:25 - [MESSAGE][INFO] - [SELF-HEALING] Failed Locator: '//div[@id='wUTCk']/input'.

2021-01-22 13:35:25 - [MESSAGE][INFO] - [SELF-HEALING] Failed Locator: '//input[@id='n17Qn']'.

2021-01-22 13:35:25 - [MESSAGE][INFO] - [SELF-HEALING] Failed Locator: '//div[@id='n17Qk']/input'.

2021-01-22 13:35:26 - [MESSAGE][INFO] - Unable to find the element located by 'By.xpath: //*[@id = 'kCKQn' and @type = 'text' and @name = 'j_username' and @placeholder = 'User Name']'. Please recheck the objects properties to make sure the desired element is located. 

2021-01-22 13:35:27 - [MESSAGE][FAILED] - Unable to set text 'mobile.test' of object 'Object Repository/Page_/input_Username_j_username' (Root cause: com.kms.katalon.core.exception.StepFailedException: Unable to set text 'mobile.test' of object 'Object Repository/Page_/input_Username_j_username'
	at com.kms.katalon.core.webui.keyword.internal.WebUIKeywordMain.stepFailed(WebUIKeywordMain.groovy:64)
	at com.kms.katalon.core.webui.keyword.internal.WebUIKeywordMain.runKeyword(WebUIKeywordMain.groovy:26)
	at com.kms.katalon.core.webui.keyword.builtin.SetTextKeyword.setText(SetTextKeyword.groovy:66)
	at com.kms.katalon.core.webui.keyword.builtin.SetTextKeyword.execute(SetTextKeyword.groovy:37)
	at com.kms.katalon.core.keyword.internal.KeywordExecutor.executeKeywordForPlatform(KeywordExecutor.groovy:73)
	at com.kms.katalon.core.webui.keyword.WebUiBuiltInKeywords.setText(WebUiBuiltInKeywords.groovy:976)
	at com.kms.katalon.core.webui.keyword.WebUiBuiltInKeywords$setText$1.call(Unknown Source)
	at ist_real.Login_IST.I_want_to_login_to_IST(Login_IST.groovy:133)
	at cucumber.runtime.Utils$1.call(Utils.java:26)
	at cucumber.runtime.Timeout.timeout(Timeout.java:16)
	at cucumber.runtime.Utils.invoke(Utils.java:20)
	at cucumber.runtime.java.JavaStepDefinition.execute(JavaStepDefinition.java:48)
	at cucumber.runtime.PickleStepDefinitionMatch.runStep(PickleStepDefinitionMatch.java:50)
	at cucumber.runner.TestStep.executeStep(TestStep.java:55)
	at cucumber.runner.TestStep.run(TestStep.java:42)
	at cucumber.runner.PickleStepTestStep.run(PickleStepTestStep.java:53)
	at cucumber.runner.TestCase.run(TestCase.java:47)
	at cucumber.runner.Runner.runPickle(Runner.java:44)
	at cucumber.runtime.Runtime.runFeature(Runtime.java:120)
	at cucumber.runtime.Runtime.run(Runtime.java:106)
	at cucumber.api.cli.Main.run(Main.java:35)
	at cucumber.api.cli.Main$run.call(Unknown Source)
	at com.kms.katalon.core.cucumber.keyword.CucumberBuiltinKeywords$_runFeatureFile_closure1.doCall(CucumberBuiltinKeywords.groovy:76)
	at com.kms.katalon.core.cucumber.keyword.CucumberBuiltinKeywords$_runFeatureFile_closure1.doCall(CucumberBuiltinKeywords.groovy)
	at com.kms.katalon.core.keyword.internal.KeywordMain.runKeyword(KeywordMain.groovy:68)
	at com.kms.katalon.core.keyword.internal.KeywordMain$runKeyword.call(Unknown Source)
	at com.kms.katalon.core.cucumber.keyword.CucumberBuiltinKeywords.runFeatureFile(CucumberBuiltinKeywords.groovy:46)
	at com.kms.katalon.core.cucumber.keyword.CucumberBuiltinKeywords$runFeatureFile$0.callStatic(Unknown Source)
	at com.kms.katalon.core.cucumber.keyword.CucumberBuiltinKeywords.runFeatureFile(CucumberBuiltinKeywords.groovy:169)
	at com.kms.katalon.core.cucumber.keyword.CucumberBuiltinKeywords$runFeatureFile.call(Unknown Source)
	at TC_Hold_Payment.run(TC_Hold_Payment:18)
	at com.kms.katalon.core.main.ScriptEngine.run(ScriptEngine.java:194)
	at com.kms.katalon.core.main.ScriptEngine.runScriptAsRawText(ScriptEngine.java:119)
	at com.kms.katalon.core.main.TestCaseExecutor.runScript(TestCaseExecutor.java:339)
	at com.kms.katalon.core.main.TestCaseExecutor.doExecute(TestCaseExecutor.java:330)
	at com.kms.katalon.core.main.TestCaseExecutor.processExecutionPhase(TestCaseExecutor.java:309)
	at com.kms.katalon.core.main.TestCaseExecutor.accessMainPhase(TestCaseExecutor.java:301)
	at com.kms.katalon.core.main.TestCaseExecutor.execute(TestCaseExecutor.java:235)
	at com.kms.katalon.core.main.TestSuiteExecutor.accessTestCaseMainPhase(TestSuiteExecutor.java:191)
	at com.kms.katalon.core.main.TestSuiteExecutor.accessTestSuiteMainPhase(TestSuiteExecutor.java:141)
	at com.kms.katalon.core.main.TestSuiteExecutor.execute(TestSuiteExecutor.java:90)
	at com.kms.katalon.core.main.TestCaseMain.startTestSuite(TestCaseMain.java:157)
	at com.kms.katalon.core.main.TestCaseMain$startTestSuite$0.call(Unknown Source)
	at TempTestSuite1611290386363.run(TempTestSuite1611290386363.groovy:39)
Caused by: java.lang.IllegalArgumentException: Cannot find elements when the selector is null
	at org.openqa.selenium.By$ByCssSelector.<init>(By.java:422)
	at org.openqa.selenium.By.cssSelector(By.java:116)
	at com.kms.katalon.core.webui.common.WebUiCommonHelper.buildLocator(WebUiCommonHelper.java:515)
	at com.kms.katalon.core.webui.common.WebUiCommonHelper.findElementByNormalMethods(WebUiCommonHelper.java:985)
	at com.kms.katalon.core.webui.common.WebUiCommonHelper.findElementsBySelectedMethod(WebUiCommonHelper.java:890)
	at com.kms.katalon.core.webui.common.WebUiCommonHelper.findElementsWithSelfHealing(WebUiCommonHelper.java:794)
	at com.kms.katalon.core.webui.common.WebUiCommonHelper.findWebElements(WebUiCommonHelper.java:717)
	at com.kms.katalon.core.webui.common.WebUiCommonHelper.findWebElement(WebUiCommonHelper.java:1349)
	at com.kms.katalon.core.webui.keyword.internal.WebUIAbstractKeyword.findWebElement(WebUIAbstractKeyword.groovy:27)
	at com.kms.katalon.core.webui.keyword.internal.WebUIAbstractKeyword.findWebElement(WebUIAbstractKeyword.groovy:26)
	at com.kms.katalon.core.webui.keyword.builtin.SetTextKeyword$_setText_closure1.doCall(SetTextKeyword.groovy:51)
	at com.kms.katalon.core.webui.keyword.builtin.SetTextKeyword$_setText_closure1.call(SetTextKeyword.groovy)
	at com.kms.katalon.core.webui.keyword.internal.WebUIKeywordMain.runKeyword(WebUIKeywordMain.groovy:20)
	at com.kms.katalon.core.webui.keyword.builtin.SetTextKeyword.setText(SetTextKeyword.groovy:66)
	at com.kms.katalon.core.webui.keyword.builtin.SetTextKeyword.execute(SetTextKeyword.groovy:37)
	at com.kms.katalon.core.keyword.internal.KeywordExecutor.executeKeywordForPlatform(KeywordExecutor.groovy:73)
	at com.kms.katalon.core.webui.keyword.WebUiBuiltInKeywords.setText(WebUiBuiltInKeywords.groovy:976)
	at com.kms.katalon.core.webui.keyword.WebUiBuiltInKeywords$setText$1.call(Unknown Source)
	at ist_real.Login_IST.I_want_to_login_to_IST(Login_IST.groovy:133)
	at cucumber.runtime.Utils$1.call(Utils.java:26)
	at cucumber.runtime.Timeout.timeout(Timeout.java:16)
	at cucumber.runtime.Utils.invoke(Utils.java:20)
	at cucumber.runtime.java.JavaStepDefinition.execute(JavaStepDefinition.java:48)
	at cucumber.runtime.PickleStepDefinitionMatch.runStep(PickleStepDefinitionMatch.java:50)
	at cucumber.runner.TestStep.executeStep(TestStep.java:55)
	at cucumber.runner.TestStep.run(TestStep.java:42)
	at cucumber.runner.PickleStepTestStep.run(PickleStepTestStep.java:53)
	at cucumber.runner.TestCase.run(TestCase.java:47)
	at cucumber.runner.Runner.runPickle(Runner.java:44)
	at cucumber.runtime.Runtime.runFeature(Runtime.java:120)
	at cucumber.runtime.Runtime.run(Runtime.java:106)
	at cucumber.api.cli.Main.run(Main.java:35)
	at cucumber.api.cli.Main$run.call(Unknown Source)
	at com.kms.katalon.core.cucumber.keyword.CucumberBuiltinKeywords$_runFeatureFile_closure1.doCall(CucumberBuiltinKeywords.groovy:76)
	at com.kms.katalon.core.cucumber.keyword.CucumberBuiltinKeywords$_runFeatureFile_closure1.doCall(CucumberBuiltinKeywords.groovy)
	at com.kms.katalon.core.keyword.internal.KeywordMain.runKeyword(KeywordMain.groovy:68)
	at com.kms.katalon.core.keyword.internal.KeywordMain$runKeyword.call(Unknown Source)
	at com.kms.katalon.core.cucumber.keyword.CucumberBuiltinKeywords.runFeatureFile(CucumberBuiltinKeywords.groovy:46)
	at com.kms.katalon.core.cucumber.keyword.CucumberBuiltinKeywords$runFeatureFile$0.callStatic(Unknown Source)
	at com.kms.katalon.core.cucumber.keyword.CucumberBuiltinKeywords.runFeatureFile(CucumberBuiltinKeywords.groovy:169)
	at com.kms.katalon.core.cucumber.keyword.CucumberBuiltinKeywords$runFeatureFile.call(Unknown Source)
	at Script1611043652528.run(Script1611043652528.groovy:18)
	... 13 more
)
[[ATTACHMENT|/Users/chaidir.pratama01/Katalon Studio/IST_Automation_Git/Reports/20210122_113940/RTD/TS_Partner_Disbursement/20210122_113946/1611297326633.png]]

2021-01-22 13:35:27 - [MESSAGE][FAILED] - Login IST with valid credentials FAILED.
Reason:
com.kms.katalon.core.exception.StepFailedException: Unable to set text 'mobile.test' of object 'Object Repository/Page_/input_Username_j_username'
	at com.kms.katalon.core.webui.keyword.internal.WebUIKeywordMain.stepFailed(WebUIKeywordMain.groovy:64)
	at com.kms.katalon.core.webui.keyword.internal.WebUIKeywordMain.runKeyword(WebUIKeywordMain.groovy:26)
	at com.kms.katalon.core.webui.keyword.builtin.SetTextKeyword.setText(SetTextKeyword.groovy:66)
	at com.kms.katalon.core.webui.keyword.builtin.SetTextKeyword.execute(SetTextKeyword.groovy:37)
	at com.kms.katalon.core.keyword.internal.KeywordExecutor.executeKeywordForPlatform(KeywordExecutor.groovy:73)
	at com.kms.katalon.core.webui.keyword.WebUiBuiltInKeywords.setText(WebUiBuiltInKeywords.groovy:976)
	at com.kms.katalon.core.webui.keyword.WebUiBuiltInKeywords$setText$1.call(Unknown Source)
	at ist_real.Login_IST.I_want_to_login_to_IST(Login_IST.groovy:133)
	at âœ½.Login IST with valid credentials(/Users/chaidir.pratama01/Katalon Studio/IST_Automation_Git/Include/features/IST_Real/RTD/Partner_Disbursement/Hold_Payment.feature:26)
Caused by: java.lang.IllegalArgumentException: Cannot find elements when the selector is null
	at org.openqa.selenium.By$ByCssSelector.<init>(By.java:422)
	at org.openqa.selenium.By.cssSelector(By.java:116)
	at com.kms.katalon.core.webui.common.WebUiCommonHelper.buildLocator(WebUiCommonHelper.java:515)
	at com.kms.katalon.core.webui.common.WebUiCommonHelper.findElementByNormalMethods(WebUiCommonHelper.java:985)
	at com.kms.katalon.core.webui.common.WebUiCommonHelper.findElementsBySelectedMethod(WebUiCommonHelper.java:890)
	at com.kms.katalon.core.webui.common.WebUiCommonHelper.findElementsWithSelfHealing(WebUiCommonHelper.java:794)
	at com.kms.katalon.core.webui.common.WebUiCommonHelper.findWebElements(WebUiCommonHelper.java:717)
	at com.kms.katalon.core.webui.common.WebUiCommonHelper.findWebElement(WebUiCommonHelper.java:1349)
	at com.kms.katalon.core.webui.keyword.internal.WebUIAbstractKeyword.findWebElement(WebUIAbstractKeyword.groovy:27)
	at com.kms.katalon.core.webui.keyword.internal.WebUIAbstractKeyword.findWebElement(WebUIAbstractKeyword.groovy:26)
	at com.kms.katalon.core.webui.keyword.builtin.SetTextKeyword$_setText_closure1.doCall(SetTextKeyword.groovy:51)
	at com.kms.katalon.core.webui.keyword.builtin.SetTextKeyword$_setText_closure1.call(SetTextKeyword.groovy)
	at com.kms.katalon.core.webui.keyword.internal.WebUIKeywordMain.runKeyword(WebUIKeywordMain.groovy:20)
	at com.kms.katalon.core.webui.keyword.builtin.SetTextKeyword.setText(SetTextKeyword.groovy:66)
	at com.kms.katalon.core.webui.keyword.builtin.SetTextKeyword.execute(SetTextKeyword.groovy:37)
	at com.kms.katalon.core.keyword.internal.KeywordExecutor.executeKeywordForPlatform(KeywordExecutor.groovy:73)
	at com.kms.katalon.core.webui.keyword.WebUiBuiltInKeywords.setText(WebUiBuiltInKeywords.groovy:976)
	at com.kms.katalon.core.webui.keyword.WebUiBuiltInKeywords$setText$1.call(Unknown Source)
	at ist_real.Login_IST.I_want_to_login_to_IST(Login_IST.groovy:133)
	at cucumber.runtime.Utils$1.call(Utils.java:26)
	at cucumber.runtime.Timeout.timeout(Timeout.java:16)
	at cucumber.runtime.Utils.invoke(Utils.java:20)
	at cucumber.runtime.java.JavaStepDefinition.execute(JavaStepDefinition.java:48)
	at cucumber.runtime.PickleStepDefinitionMatch.runStep(PickleStepDefinitionMatch.java:50)
	at cucumber.runner.TestStep.executeStep(TestStep.java:55)
	at cucumber.runner.TestStep.run(TestStep.java:42)
	at cucumber.runner.PickleStepTestStep.run(PickleStepTestStep.java:53)
	at cucumber.runner.TestCase.run(TestCase.java:47)
	at cucumber.runner.Runner.runPickle(Runner.java:44)
	at cucumber.runtime.Runtime.runFeature(Runtime.java:120)
	at cucumber.runtime.Runtime.run(Runtime.java:106)
	at cucumber.api.cli.Main.run(Main.java:35)
	at cucumber.api.cli.Main$run.call(Unknown Source)
	at com.kms.katalon.core.cucumber.keyword.CucumberBuiltinKeywords$_runFeatureFile_closure1.doCall(CucumberBuiltinKeywords.groovy:76)
	at com.kms.katalon.core.cucumber.keyword.CucumberBuiltinKeywords$_runFeatureFile_closure1.doCall(CucumberBuiltinKeywords.groovy)
	at com.kms.katalon.core.keyword.internal.KeywordMain.runKeyword(KeywordMain.groovy:68)
	at com.kms.katalon.core.keyword.internal.KeywordMain$runKeyword.call(Unknown Source)
	at com.kms.katalon.core.cucumber.keyword.CucumberBuiltinKeywords.runFeatureFile(CucumberBuiltinKeywords.groovy:46)
	at com.kms.katalon.core.cucumber.keyword.CucumberBuiltinKeywords$runFeatureFile$0.callStatic(Unknown Source)
	at com.kms.katalon.core.cucumber.keyword.CucumberBuiltinKeywords.runFeatureFile(CucumberBuiltinKeywords.groovy:169)
	at com.kms.katalon.core.cucumber.keyword.CucumberBuiltinKeywords$runFeatureFile.call(Unknown Source)
	at TC_Hold_Payment.run(TC_Hold_Payment:18)
	at com.kms.katalon.core.main.ScriptEngine.run(ScriptEngine.java:194)
	at com.kms.katalon.core.main.ScriptEngine.runScriptAsRawText(ScriptEngine.java:119)
	at com.kms.katalon.core.main.TestCaseExecutor.runScript(TestCaseExecutor.java:339)
	at com.kms.katalon.core.main.TestCaseExecutor.doExecute(TestCaseExecutor.java:330)
	at com.kms.katalon.core.main.TestCaseExecutor.processExecutionPhase(TestCaseExecutor.java:309)
	at com.kms.katalon.core.main.TestCaseExecutor.accessMainPhase(TestCaseExecutor.java:301)
	at com.kms.katalon.core.main.TestCaseExecutor.execute(TestCaseExecutor.java:235)
	at com.kms.katalon.core.main.TestSuiteExecutor.accessTestCaseMainPhase(TestSuiteExecutor.java:191)
	at com.kms.katalon.core.main.TestSuiteExecutor.accessTestSuiteMainPhase(TestSuiteExecutor.java:141)
	at com.kms.katalon.core.main.TestSuiteExecutor.execute(TestSuiteExecutor.java:90)
	at com.kms.katalon.core.main.TestCaseMain.startTestSuite(TestCaseMain.java:157)
	at com.kms.katalon.core.main.TestCaseMain$startTestSuite$0.call(Unknown Source)
	at TempTestSuite1611290386363.run(TempTestSuite1611290386363.groovy:39)


2021-01-22 13:35:27 - [TEST_STEP][NOT_RUN] - Login Success: Login Success

2021-01-22 13:35:27 - [MESSAGE][NOT_RUN] - Login Success

2021-01-22 13:35:27 - [TEST_STEP][NOT_RUN] - Select Arrow Menu "Real Time Disbursement": Select Arrow Menu "Real Time Disbursement"

2021-01-22 13:35:27 - [MESSAGE][NOT_RUN] - Select Arrow Menu "Real Time Disbursement"

2021-01-22 13:35:27 - [TEST_STEP][NOT_RUN] - Select Menu "Partner Disbursement": Select Menu "Partner Disbursement"

2021-01-22 13:35:27 - [MESSAGE][NOT_RUN] - Select Menu "Partner Disbursement"

2021-01-22 13:35:27 - [TEST_STEP][NOT_RUN] - Select STATUS "Ready to disburse": Select STATUS "Ready to disburse"

2021-01-22 13:35:27 - [MESSAGE][NOT_RUN] - Select STATUS "Ready to disburse"

2021-01-22 13:35:27 - [TEST_STEP][NOT_RUN] - Click button "Search": Click button "Search"

2021-01-22 13:35:27 - [MESSAGE][NOT_RUN] - Click button "Search"

2021-01-22 13:35:27 - [TEST_STEP][NOT_RUN] - Verify Search Result Presents: Verify Search Result Presents

2021-01-22 13:35:27 - [MESSAGE][NOT_RUN] - Verify Search Result Presents

2021-01-22 13:35:27 - [TEST_STEP][NOT_RUN] - Click Checkbox: Click Checkbox

2021-01-22 13:35:27 - [MESSAGE][NOT_RUN] - Click Checkbox

2021-01-22 13:35:27 - [TEST_STEP][NOT_RUN] - Get Checkbox data of Menu "Partner Disbursement" before Hold Payment: Get Checkbox data of Menu "Partner Disbursement" before Hold Payment

2021-01-22 13:35:27 - [MESSAGE][NOT_RUN] - Get Checkbox data of Menu "Partner Disbursement" before Hold Payment

2021-01-22 13:35:27 - [TEST_STEP][NOT_RUN] - Click button "HOLD PAYMENT": Click button "HOLD PAYMENT"

2021-01-22 13:35:27 - [MESSAGE][NOT_RUN] - Click button "HOLD PAYMENT"

2021-01-22 13:35:27 - [TEST_STEP][NOT_RUN] - Input reason of Hold Payment: Input reason of Hold Payment

2021-01-22 13:35:27 - [MESSAGE][NOT_RUN] - Input reason of Hold Payment

2021-01-22 13:35:27 - [TEST_STEP][NOT_RUN] - Click button "Yes": Click button "Yes"

2021-01-22 13:35:27 - [MESSAGE][NOT_RUN] - Click button "Yes"

2021-01-22 13:35:27 - [TEST_STEP][NOT_RUN] - Connect to Database RTD: Connect to Database RTD

2021-01-22 13:35:27 - [MESSAGE][NOT_RUN] - Connect to Database RTD

2021-01-22 13:35:27 - [TEST_STEP][NOT_RUN] - Select Hold Contract Number and make sure status is Hold Payment Recreation: Select Hold Contract Number and make sure status is Hold Payment Recreation

2021-01-22 13:35:27 - [MESSAGE][NOT_RUN] - Select Hold Contract Number and make sure status is Hold Payment Recreation

2021-01-22 13:35:27 - [MESSAGE][FAILED] - Feature file 'Include/features/IST_Real/RTD/Partner_Disbursement/Hold_Payment.feature' was failed

2021-01-22 13:35:27 - [MESSAGE][FAILED] - Keyword runFeatureFile was failed (Root cause: com.kms.katalon.core.exception.StepFailedException: Feature file 'Include/features/IST_Real/RTD/Partner_Disbursement/Hold_Payment.feature' was failed
	at com.kms.katalon.core.keyword.internal.KeywordMain.stepFailed(KeywordMain.groovy:50)
	at com.kms.katalon.core.keyword.internal.KeywordMain.stepFailed(KeywordMain.groovy)
	at com.kms.katalon.core.keyword.internal.KeywordMain.stepFailed(KeywordMain.groovy:23)
	at com.kms.katalon.core.keyword.internal.KeywordMain$stepFailed$0.call(Unknown Source)
	at com.kms.katalon.core.cucumber.keyword.CucumberBuiltinKeywords$_runFeatureFile_closure1.doCall(CucumberBuiltinKeywords.groovy:82)
	at com.kms.katalon.core.cucumber.keyword.CucumberBuiltinKeywords$_runFeatureFile_closure1.doCall(CucumberBuiltinKeywords.groovy)
	at com.kms.katalon.core.keyword.internal.KeywordMain.runKeyword(KeywordMain.groovy:68)
	at com.kms.katalon.core.keyword.internal.KeywordMain$runKeyword.call(Unknown Source)
	at com.kms.katalon.core.cucumber.keyword.CucumberBuiltinKeywords.runFeatureFile(CucumberBuiltinKeywords.groovy:46)
	at com.kms.katalon.core.cucumber.keyword.CucumberBuiltinKeywords$runFeatureFile$0.callStatic(Unknown Source)
	at com.kms.katalon.core.cucumber.keyword.CucumberBuiltinKeywords.runFeatureFile(CucumberBuiltinKeywords.groovy:169)
	at com.kms.katalon.core.cucumber.keyword.CucumberBuiltinKeywords$runFeatureFile.call(Unknown Source)
	at TC_Hold_Payment.run(TC_Hold_Payment:18)
	at com.kms.katalon.core.main.ScriptEngine.run(ScriptEngine.java:194)
	at com.kms.katalon.core.main.ScriptEngine.runScriptAsRawText(ScriptEngine.java:119)
	at com.kms.katalon.core.main.TestCaseExecutor.runScript(TestCaseExecutor.java:339)
	at com.kms.katalon.core.main.TestCaseExecutor.doExecute(TestCaseExecutor.java:330)
	at com.kms.katalon.core.main.TestCaseExecutor.processExecutionPhase(TestCaseExecutor.java:309)
	at com.kms.katalon.core.main.TestCaseExecutor.accessMainPhase(TestCaseExecutor.java:301)
	at com.kms.katalon.core.main.TestCaseExecutor.execute(TestCaseExecutor.java:235)
	at com.kms.katalon.core.main.TestSuiteExecutor.accessTestCaseMainPhase(TestSuiteExecutor.java:191)
	at com.kms.katalon.core.main.TestSuiteExecutor.accessTestSuiteMainPhase(TestSuiteExecutor.java:141)
	at com.kms.katalon.core.main.TestSuiteExecutor.execute(TestSuiteExecutor.java:90)
	at com.kms.katalon.core.main.TestCaseMain.startTestSuite(TestCaseMain.java:157)
	at com.kms.katalon.core.main.TestCaseMain$startTestSuite$0.call(Unknown Source)
	at TempTestSuite1611290386363.run(TempTestSuite1611290386363.groovy:39)
)]]></system-out>
         <system-err><![CDATA[2021-01-22 13:21:08 - [TEST_CASE][FAILED] - Test Cases/RTD/Partner Disbursement/TC_Hold_Payment: Test Cases/RTD/Partner Disbursement/TC_Hold_Payment FAILED.
Reason:
com.kms.katalon.core.exception.StepFailedException: Feature file 'Include/features/IST_Real/RTD/Partner_Disbursement/Hold_Payment.feature' was failed
	at com.kms.katalon.core.keyword.internal.KeywordMain.stepFailed(KeywordMain.groovy:50)
	at com.kms.katalon.core.keyword.internal.KeywordMain.stepFailed(KeywordMain.groovy)
	at com.kms.katalon.core.keyword.internal.KeywordMain.stepFailed(KeywordMain.groovy:23)
	at com.kms.katalon.core.keyword.internal.KeywordMain$stepFailed$0.call(Unknown Source)
	at com.kms.katalon.core.cucumber.keyword.CucumberBuiltinKeywords$_runFeatureFile_closure1.doCall(CucumberBuiltinKeywords.groovy:82)
	at com.kms.katalon.core.cucumber.keyword.CucumberBuiltinKeywords$_runFeatureFile_closure1.doCall(CucumberBuiltinKeywords.groovy)
	at com.kms.katalon.core.keyword.internal.KeywordMain.runKeyword(KeywordMain.groovy:68)
	at com.kms.katalon.core.keyword.internal.KeywordMain$runKeyword.call(Unknown Source)
	at com.kms.katalon.core.cucumber.keyword.CucumberBuiltinKeywords.runFeatureFile(CucumberBuiltinKeywords.groovy:46)
	at com.kms.katalon.core.cucumber.keyword.CucumberBuiltinKeywords$runFeatureFile$0.callStatic(Unknown Source)
	at com.kms.katalon.core.cucumber.keyword.CucumberBuiltinKeywords.runFeatureFile(CucumberBuiltinKeywords.groovy:169)
	at com.kms.katalon.core.cucumber.keyword.CucumberBuiltinKeywords$runFeatureFile.call(Unknown Source)
	at TC_Hold_Payment.run(TC_Hold_Payment:18)
	at com.kms.katalon.core.main.ScriptEngine.run(ScriptEngine.java:194)
	at com.kms.katalon.core.main.ScriptEngine.runScriptAsRawText(ScriptEngine.java:119)
	at com.kms.katalon.core.main.TestCaseExecutor.runScript(TestCaseExecutor.java:339)
	at com.kms.katalon.core.main.TestCaseExecutor.doExecute(TestCaseExecutor.java:330)
	at com.kms.katalon.core.main.TestCaseExecutor.processExecutionPhase(TestCaseExecutor.java:309)
	at com.kms.katalon.core.main.TestCaseExecutor.accessMainPhase(TestCaseExecutor.java:301)
	at com.kms.katalon.core.main.TestCaseExecutor.execute(TestCaseExecutor.java:235)
	at com.kms.katalon.core.main.TestSuiteExecutor.accessTestCaseMainPhase(TestSuiteExecutor.java:191)
	at com.kms.katalon.core.main.TestSuiteExecutor.accessTestSuiteMainPhase(TestSuiteExecutor.java:141)
	at com.kms.katalon.core.main.TestSuiteExecutor.execute(TestSuiteExecutor.java:90)
	at com.kms.katalon.core.main.TestCaseMain.startTestSuite(TestCaseMain.java:157)
	at com.kms.katalon.core.main.TestCaseMain$startTestSuite$0.call(Unknown Source)
	at TempTestSuite1611290386363.run(TempTestSuite1611290386363.groovy:39)]]></system-err>
      </testcase>
      <system-out><![CDATA[2021-01-22 12:03:54 - [TEST_SUITE][FAILED] - TS_Partner_Disbursement: Test Cases/RTD/Partner Disbursement/TC_Search_by_STATUS FAILED.
Reason:
com.kms.katalon.core.exception.StepFailedException: Feature file 'Include/features/IST_Real/RTD/Partner_Disbursement/Search_by_STATUS.feature' was failed
	at com.kms.katalon.core.keyword.internal.KeywordMain.stepFailed(KeywordMain.groovy:50)
	at com.kms.katalon.core.keyword.internal.KeywordMain.stepFailed(KeywordMain.groovy)
	at com.kms.katalon.core.keyword.internal.KeywordMain.stepFailed(KeywordMain.groovy:23)
	at com.kms.katalon.core.keyword.internal.KeywordMain$stepFailed$0.call(Unknown Source)
	at com.kms.katalon.core.cucumber.keyword.CucumberBuiltinKeywords$_runFeatureFile_closure1.doCall(CucumberBuiltinKeywords.groovy:82)
	at com.kms.katalon.core.cucumber.keyword.CucumberBuiltinKeywords$_runFeatureFile_closure1.doCall(CucumberBuiltinKeywords.groovy)
	at com.kms.katalon.core.keyword.internal.KeywordMain.runKeyword(KeywordMain.groovy:68)
	at com.kms.katalon.core.keyword.internal.KeywordMain$runKeyword.call(Unknown Source)
	at com.kms.katalon.core.cucumber.keyword.CucumberBuiltinKeywords.runFeatureFile(CucumberBuiltinKeywords.groovy:46)
	at com.kms.katalon.core.cucumber.keyword.CucumberBuiltinKeywords$runFeatureFile$0.callStatic(Unknown Source)
	at com.kms.katalon.core.cucumber.keyword.CucumberBuiltinKeywords.runFeatureFile(CucumberBuiltinKeywords.groovy:169)
	at com.kms.katalon.core.cucumber.keyword.CucumberBuiltinKeywords$runFeatureFile.call(Unknown Source)
	at TC_Search_by_STATUS.run(TC_Search_by_STATUS:18)
	at com.kms.katalon.core.main.ScriptEngine.run(ScriptEngine.java:194)
	at com.kms.katalon.core.main.ScriptEngine.runScriptAsRawText(ScriptEngine.java:119)
	at com.kms.katalon.core.main.TestCaseExecutor.runScript(TestCaseExecutor.java:339)
	at com.kms.katalon.core.main.TestCaseExecutor.doExecute(TestCaseExecutor.java:330)
	at com.kms.katalon.core.main.TestCaseExecutor.processExecutionPhase(TestCaseExecutor.java:309)
	at com.kms.katalon.core.main.TestCaseExecutor.accessMainPhase(TestCaseExecutor.java:301)
	at com.kms.katalon.core.main.TestCaseExecutor.execute(TestCaseExecutor.java:235)
	at com.kms.katalon.core.main.TestSuiteExecutor.accessTestCaseMainPhase(TestSuiteExecutor.java:191)
	at com.kms.katalon.core.main.TestSuiteExecutor.accessTestSuiteMainPhase(TestSuiteExecutor.java:141)
	at com.kms.katalon.core.main.TestSuiteExecutor.execute(TestSuiteExecutor.java:90)
	at com.kms.katalon.core.main.TestCaseMain.startTestSuite(TestCaseMain.java:157)
	at com.kms.katalon.core.main.TestCaseMain$startTestSuite$0.call(Unknown Source)
	at TempTestSuite1611290386363.run(TempTestSuite1611290386363.groovy:39)]]></system-out>
      <system-err><![CDATA[2021-01-22 12:03:54 - [TEST_SUITE][FAILED] - TS_Partner_Disbursement: Test Cases/RTD/Partner Disbursement/TC_Search_by_STATUS FAILED.
Reason:
com.kms.katalon.core.exception.StepFailedException: Feature file 'Include/features/IST_Real/RTD/Partner_Disbursement/Search_by_STATUS.feature' was failed
	at com.kms.katalon.core.keyword.internal.KeywordMain.stepFailed(KeywordMain.groovy:50)
	at com.kms.katalon.core.keyword.internal.KeywordMain.stepFailed(KeywordMain.groovy)
	at com.kms.katalon.core.keyword.internal.KeywordMain.stepFailed(KeywordMain.groovy:23)
	at com.kms.katalon.core.keyword.internal.KeywordMain$stepFailed$0.call(Unknown Source)
	at com.kms.katalon.core.cucumber.keyword.CucumberBuiltinKeywords$_runFeatureFile_closure1.doCall(CucumberBuiltinKeywords.groovy:82)
	at com.kms.katalon.core.cucumber.keyword.CucumberBuiltinKeywords$_runFeatureFile_closure1.doCall(CucumberBuiltinKeywords.groovy)
	at com.kms.katalon.core.keyword.internal.KeywordMain.runKeyword(KeywordMain.groovy:68)
	at com.kms.katalon.core.keyword.internal.KeywordMain$runKeyword.call(Unknown Source)
	at com.kms.katalon.core.cucumber.keyword.CucumberBuiltinKeywords.runFeatureFile(CucumberBuiltinKeywords.groovy:46)
	at com.kms.katalon.core.cucumber.keyword.CucumberBuiltinKeywords$runFeatureFile$0.callStatic(Unknown Source)
	at com.kms.katalon.core.cucumber.keyword.CucumberBuiltinKeywords.runFeatureFile(CucumberBuiltinKeywords.groovy:169)
	at com.kms.katalon.core.cucumber.keyword.CucumberBuiltinKeywords$runFeatureFile.call(Unknown Source)
	at TC_Search_by_STATUS.run(TC_Search_by_STATUS:18)
	at com.kms.katalon.core.main.ScriptEngine.run(ScriptEngine.java:194)
	at com.kms.katalon.core.main.ScriptEngine.runScriptAsRawText(ScriptEngine.java:119)
	at com.kms.katalon.core.main.TestCaseExecutor.runScript(TestCaseExecutor.java:339)
	at com.kms.katalon.core.main.TestCaseExecutor.doExecute(TestCaseExecutor.java:330)
	at com.kms.katalon.core.main.TestCaseExecutor.processExecutionPhase(TestCaseExecutor.java:309)
	at com.kms.katalon.core.main.TestCaseExecutor.accessMainPhase(TestCaseExecutor.java:301)
	at com.kms.katalon.core.main.TestCaseExecutor.execute(TestCaseExecutor.java:235)
	at com.kms.katalon.core.main.TestSuiteExecutor.accessTestCaseMainPhase(TestSuiteExecutor.java:191)
	at com.kms.katalon.core.main.TestSuiteExecutor.accessTestSuiteMainPhase(TestSuiteExecutor.java:141)
	at com.kms.katalon.core.main.TestSuiteExecutor.execute(TestSuiteExecutor.java:90)
	at com.kms.katalon.core.main.TestCaseMain.startTestSuite(TestCaseMain.java:157)
	at com.kms.katalon.core.main.TestCaseMain$startTestSuite$0.call(Unknown Source)
	at TempTestSuite1611290386363.run(TempTestSuite1611290386363.groovy:39)]]></system-err>
   </testsuite>
   <testsuite name="TS_Hold_Payment_Configuration" tests="4" failures="0" errors="0" time="101.464" timestamp="2021-01-22 13:36:12" hostname="chaidir.pratama01 - localhost" id="Test Suites/RTD/TS_Hold_Payment_Configuration">
      <properties>
         <property name="deviceName" value=""/>
         <property name="devicePlatform" value=""/>
         <property name="logFolder" value="/Users/chaidir.pratama01/Katalon Studio/IST_Automation_Git/Reports/20210122_113940/RTD/TS_Hold_Payment_Configuration/20210122_113947"/>
         <property name="logFiles" value="/Users/chaidir.pratama01/Katalon Studio/IST_Automation_Git/Reports/20210122_113940/RTD/TS_Hold_Payment_Configuration/20210122_113947/execution0.log"/>
         <property name="attachments" value="/Users/chaidir.pratama01/Documents/Docs/Katalon Studio/Screenshot/test-Hold Payment Configuration.png, /Users/chaidir.pratama01/Documents/Docs/Katalon Studio/Screenshot/errorpopup.png, /Users/chaidir.pratama01/Documents/Docs/Katalon Studio/Screenshot/test-Hold Payment Configuration.png, /Users/chaidir.pratama01/Documents/Docs/Katalon Studio/Screenshot/errorpopup.png, /Users/chaidir.pratama01/Katalon Studio/IST_Automation_Git/Screenshot/result date.png, /Users/chaidir.pratama01/Documents/Docs/Katalon Studio/Screenshot/test-Hold Payment Configuration.png, /Users/chaidir.pratama01/Documents/Docs/Katalon Studio/Screenshot/errorpopup.png, /Users/chaidir.pratama01/Documents/Docs/Katalon Studio/Screenshot/test-Hold Payment Configuration.png, /Users/chaidir.pratama01/Documents/Docs/Katalon Studio/Screenshot/errorpopup.png, /Users/chaidir.pratama01/Documents/Docs/Katalon Studio/Screenshot/test-Hold Payment Configuration.png, /Users/chaidir.pratama01/Documents/Docs/Katalon Studio/Screenshot/errorpopup.png"/>
         <property name="hostName" value="chaidir.pratama01 - localhost"/>
         <property name="os" value="Mac OS X 64bit"/>
         <property name="katalonVersion" value="7.6.0.${buildNumber}"/>
         <property name="browser" value="Chrome 87.0.4280.141"/>
         <property name="hostAddress" value="127.0.0.1"/>
         <property name="sessionId" value="1a949c0efd3495a78cb73cbf0ea062a8"/>
         <property name="seleniumVersion" value="3.141.59"/>
         <property name="proxyInformation" value="ProxyInformation { proxyOption=NO_PROXY, proxyServerType=HTTP, username=, password=********, proxyServerAddress=, proxyServerPort=0, executionList=\&quot;\&quot;, isApplyToDesiredCapabilities=true }"/>
         <property name="platform" value="Mac OS X"/>
      </properties>
      <testcase name="Test Cases/RTD/Hold Payment Configuration/TC_Release_Schedule" time="15.564" classname="Test Cases/RTD/Hold Payment Configuration/TC_Release_Schedule" status="PASSED">
         <system-out><![CDATA[2021-01-22 13:36:13 - [TEST_CASE][PASSED] - Test Cases/RTD/Hold Payment Configuration/TC_Release_Schedule: Test Cases/RTD/Hold Payment Configuration/TC_Release_Schedule

2021-01-22 13:36:13 - [TEST_STEP][PASSED] - runFeatureFile("Include/features/IST_Real/RTD/Hold Payment Configuration/Release_Schedule.feature"): Feature file: 'Include/features/IST_Real/RTD/Hold Payment Configuration/Release_Schedule.feature' was passed

2021-01-22 13:36:13 - [MESSAGE][INFO] - Starting run keyword runFeatureFile: 'Include/features/IST_Real/RTD/Hold Payment Configuration/Release_Schedule.feature' and extract report to folder: '/Users/chaidir.pratama01/Katalon Studio/IST_Automation_Git/Reports/20210122_113940/RTD/TS_Hold_Payment_Configuration/20210122_113947/cucumber_report/1611297373358'...

2021-01-22 13:36:13 - [TEST_CASE][PASSED] - Start Test Case : SCENARIO Release Schedule: SCENARIO Release Schedule

2021-01-22 13:36:13 - [TEST_STEP][PASSED] - Go to ISTools: Go to ISTools

2021-01-22 13:36:14 - [MESSAGE][INFO] - Starting 'Chrome (headless)' driver

2021-01-22 13:36:14 - [MESSAGE][INFO] - User set preference: ['args', '[--start-maximized, --disable-gpu, --no-proxy-server, â€“-no-sandbox, --allow-running-insecure-content, --ignore-certificate-errors, window-size=1680,814, force-device-scale-factor=2, --lang=en-GB]']

2021-01-22 13:36:14 - [MESSAGE][INFO] - User set preference: ['prefs', '{download.default_directory=/Users/chaidir.pratama01/Katalon Studio/IST_Automation_Git/Download}']

2021-01-22 13:36:14 - [MESSAGE][INFO] - Action delay is set to 0 milliseconds

2021-01-22 13:36:14 - [MESSAGE][PASSED] - Browser is opened with url: ''

2021-01-22 13:36:17 - [MESSAGE][PASSED] - Navigate to 'https://dev-istools.homecredit.id/foundation/' successfully

2021-01-22 13:36:17 - [MESSAGE][PASSED] - Go to ISTools

2021-01-22 13:36:17 - [TEST_STEP][PASSED] - Login IST with valid credentials: Login IST with valid credentials

2021-01-22 13:36:17 - [MESSAGE][PASSED] - Text 'mobile.test' is set on object 'Object Repository/Page_/input_Username_j_username'

2021-01-22 13:36:17 - [MESSAGE][PASSED] - Text ****** has been set on object 'Object Repository/Page_/input_Password_j_password'

2021-01-22 13:36:17 - [MESSAGE][PASSED] - Object: 'Object Repository/Page_/button_Login' is clicked on

2021-01-22 13:36:17 - [MESSAGE][PASSED] - Login IST with valid credentials

2021-01-22 13:36:17 - [TEST_STEP][PASSED] - Login Success: Login Success

2021-01-22 13:36:17 - [MESSAGE][INFO] - Login Success

2021-01-22 13:36:18 - [MESSAGE][PASSED] - Current window maximized

2021-01-22 13:36:18 - [MESSAGE][PASSED] - Object 'Object Repository/Page_/h1_Welcome to IT Supporting Tools' is present

2021-01-22 13:36:18 - [MESSAGE][PASSED] - Login Success

2021-01-22 13:36:18 - [TEST_STEP][PASSED] - Select Arrow Menu "Real Time Disbursement": Select Arrow Menu "Real Time Disbursement"

2021-01-22 13:36:18 - [MESSAGE][PASSED] - Object: '' is clicked on

2021-01-22 13:36:18 - [MESSAGE][PASSED] - Select Arrow Menu "Real Time Disbursement"

2021-01-22 13:36:18 - [TEST_STEP][PASSED] - Select Menu "Hold Payment Configuration": Select Menu "Hold Payment Configuration"

2021-01-22 13:36:18 - [MESSAGE][PASSED] - Taking screenshot successfully
[[ATTACHMENT|/Users/chaidir.pratama01/Documents/Docs/Katalon Studio/Screenshot/test-Hold Payment Configuration.png]]

2021-01-22 13:36:18 - [MESSAGE][PASSED] - Object '' is present

2021-01-22 13:36:18 - [MESSAGE][PASSED] - Object: '' is clicked on

2021-01-22 13:36:18 - [MESSAGE][PASSED] - Wait for page load successfully

2021-01-22 13:36:18 - [MESSAGE][PASSED] - Select Menu "Hold Payment Configuration"

2021-01-22 13:36:18 - [TEST_STEP][PASSED] - Click button "Release" and Verify data: Click button "Release" and Verify data

2021-01-22 13:36:21 - [MESSAGE][PASSED] - Delayed 3 second(s)

2021-01-22 13:36:21 - [MESSAGE][PASSED] - Click button "Release" and Verify data

2021-01-22 13:36:21 - [TEST_STEP][PASSED] - Get text from pop up "Confirm" with text "Are you sure want to release this param?": Get text from pop up "Confirm" with text "Are you sure want to release this param?"

2021-01-22 13:36:22 - [MESSAGE][PASSED] - Taking screenshot successfully
[[ATTACHMENT|/Users/chaidir.pratama01/Documents/Docs/Katalon Studio/Screenshot/errorpopup.png]]

2021-01-22 13:36:22 - [MESSAGE][PASSED] - Object '' is present

2021-01-22 13:36:22 - [MESSAGE][PASSED] - Wait for page load successfully

2021-01-22 13:36:22 - [MESSAGE][PASSED] - Wait for page load successfully

2021-01-22 13:36:22 - [MESSAGE][PASSED] - Get text from pop up "Confirm" with text "Are you sure want to release this param?"

2021-01-22 13:36:22 - [TEST_STEP][PASSED] - Click button "Yes": Click button "Yes"

2021-01-22 13:36:22 - [MESSAGE][INFO] - >>>>>//Button[contains(text(),'Yes')]

2021-01-22 13:36:25 - [MESSAGE][PASSED] - Object '' is present

2021-01-22 13:36:25 - [MESSAGE][PASSED] - Object: '' is clicked on

2021-01-22 13:36:25 - [MESSAGE][PASSED] - Switched to window with index: '0'

2021-01-22 13:36:25 - [MESSAGE][PASSED] - Click button "Yes"

2021-01-22 13:36:25 - [TEST_STEP][PASSED] - Verify Data dont Exist: Verify Data dont Exist

2021-01-22 13:36:28 - [MESSAGE][PASSED] - Delayed 3 second(s)

2021-01-22 13:36:28 - [MESSAGE][PASSED] - Web element with id: '' located by 'By.xpath: //tbody/tr/td/div/button[text()='Release']/../../preceding-sibling::td[4]/div/span[text()='25-01-2021']' is not present after '3' second(s)

2021-01-22 13:36:28 - [MESSAGE][PASSED] - Web element with id: '' located by 'By.xpath: //tbody/tr/td/div/button[text()='Release']/../../preceding-sibling::td[3]/div/span[text()='30-01-2021']' is not present after '3' second(s)

2021-01-22 13:36:28 - [MESSAGE][PASSED] - Verify Data dont Exist

2021-01-22 13:36:28 - [MESSAGE][PASSED] - Feature file: 'Include/features/IST_Real/RTD/Hold Payment Configuration/Release_Schedule.feature' was passed]]></system-out>
         <system-err><![CDATA[]]></system-err>
      </testcase>
      <testcase name="Test Cases/RTD/Hold Payment Configuration/TC_Add_New_Schedule" time="22.882" classname="Test Cases/RTD/Hold Payment Configuration/TC_Add_New_Schedule" status="PASSED">
         <system-out><![CDATA[2021-01-22 13:36:28 - [TEST_CASE][PASSED] - Test Cases/RTD/Hold Payment Configuration/TC_Add_New_Schedule: Test Cases/RTD/Hold Payment Configuration/TC_Add_New_Schedule

2021-01-22 13:36:28 - [TEST_STEP][PASSED] - runFeatureFile("Include/features/IST_Real/RTD/Hold Payment Configuration/Add_New_Schedule.feature"): Feature file: 'Include/features/IST_Real/RTD/Hold Payment Configuration/Add_New_Schedule.feature' was passed

2021-01-22 13:36:28 - [MESSAGE][INFO] - Starting run keyword runFeatureFile: 'Include/features/IST_Real/RTD/Hold Payment Configuration/Add_New_Schedule.feature' and extract report to folder: '/Users/chaidir.pratama01/Katalon Studio/IST_Automation_Git/Reports/20210122_113940/RTD/TS_Hold_Payment_Configuration/20210122_113947/cucumber_report/1611297388777'...

2021-01-22 13:36:28 - [TEST_CASE][PASSED] - Start Test Case : SCENARIO Set Schedule for Hold Payment: SCENARIO Set Schedule for Hold Payment

2021-01-22 13:36:28 - [TEST_STEP][PASSED] - Go to ISTools: Go to ISTools

2021-01-22 13:36:28 - [MESSAGE][WARNING] - A browser is already opened. Closing browser and opening a new one

2021-01-22 13:36:28 - [MESSAGE][INFO] - Starting 'Chrome (headless)' driver

2021-01-22 13:36:28 - [MESSAGE][INFO] - User set preference: ['args', '[--start-maximized, --disable-gpu, --no-proxy-server, â€“-no-sandbox, --allow-running-insecure-content, --ignore-certificate-errors, window-size=1680,814, force-device-scale-factor=2, --lang=en-GB]']

2021-01-22 13:36:28 - [MESSAGE][INFO] - User set preference: ['prefs', '{download.default_directory=/Users/chaidir.pratama01/Katalon Studio/IST_Automation_Git/Download}']

2021-01-22 13:36:28 - [MESSAGE][INFO] - Action delay is set to 0 milliseconds

2021-01-22 13:36:29 - [MESSAGE][PASSED] - Browser is opened with url: ''

2021-01-22 13:36:30 - [MESSAGE][PASSED] - Navigate to 'https://dev-istools.homecredit.id/foundation/' successfully

2021-01-22 13:36:30 - [MESSAGE][PASSED] - Go to ISTools

2021-01-22 13:36:30 - [TEST_STEP][PASSED] - Login IST with valid credentials: Login IST with valid credentials

2021-01-22 13:36:30 - [MESSAGE][PASSED] - Text 'mobile.test' is set on object 'Object Repository/Page_/input_Username_j_username'

2021-01-22 13:36:30 - [MESSAGE][PASSED] - Text ****** has been set on object 'Object Repository/Page_/input_Password_j_password'

2021-01-22 13:36:30 - [MESSAGE][PASSED] - Object: 'Object Repository/Page_/button_Login' is clicked on

2021-01-22 13:36:30 - [MESSAGE][PASSED] - Login IST with valid credentials

2021-01-22 13:36:30 - [TEST_STEP][PASSED] - Login Success: Login Success

2021-01-22 13:36:30 - [MESSAGE][INFO] - Login Success

2021-01-22 13:36:31 - [MESSAGE][PASSED] - Current window maximized

2021-01-22 13:36:31 - [MESSAGE][PASSED] - Object 'Object Repository/Page_/h1_Welcome to IT Supporting Tools' is present

2021-01-22 13:36:31 - [MESSAGE][PASSED] - Login Success

2021-01-22 13:36:31 - [TEST_STEP][PASSED] - Select Arrow Menu "Real Time Disbursement": Select Arrow Menu "Real Time Disbursement"

2021-01-22 13:36:31 - [MESSAGE][PASSED] - Object: '' is clicked on

2021-01-22 13:36:31 - [MESSAGE][PASSED] - Select Arrow Menu "Real Time Disbursement"

2021-01-22 13:36:31 - [TEST_STEP][PASSED] - Select Menu "Hold Payment Configuration": Select Menu "Hold Payment Configuration"

2021-01-22 13:36:31 - [MESSAGE][PASSED] - Taking screenshot successfully
[[ATTACHMENT|/Users/chaidir.pratama01/Documents/Docs/Katalon Studio/Screenshot/test-Hold Payment Configuration.png]]

2021-01-22 13:36:31 - [MESSAGE][PASSED] - Object '' is present

2021-01-22 13:36:31 - [MESSAGE][PASSED] - Object: '' is clicked on

2021-01-22 13:36:31 - [MESSAGE][PASSED] - Wait for page load successfully

2021-01-22 13:36:31 - [MESSAGE][PASSED] - Select Menu "Hold Payment Configuration"

2021-01-22 13:36:31 - [TEST_STEP][PASSED] - Input "Start Date Hold Payment" with value "25-01-2021": Input "Start Date Hold Payment" with value "25-01-2021"

2021-01-22 13:36:34 - [MESSAGE][PASSED] - Delayed 3 second(s)

2021-01-22 13:36:34 - [MESSAGE][PASSED] - Input "Start Date Hold Payment" with value "25-01-2021"

2021-01-22 13:36:34 - [TEST_STEP][PASSED] - Input "Release Date" with value "30-01-2021": Input "Release Date" with value "30-01-2021"

2021-01-22 13:36:37 - [MESSAGE][PASSED] - Delayed 3 second(s)

2021-01-22 13:36:37 - [MESSAGE][PASSED] - Input "Release Date" with value "30-01-2021"

2021-01-22 13:36:37 - [TEST_STEP][PASSED] - Click button "Add": Click button "Add"

2021-01-22 13:36:37 - [MESSAGE][INFO] - >>>>>//Button[contains(text(),'Add')]

2021-01-22 13:36:40 - [MESSAGE][PASSED] - Object '' is present

2021-01-22 13:36:41 - [MESSAGE][PASSED] - Object: '' is clicked on

2021-01-22 13:36:41 - [MESSAGE][PASSED] - Switched to window with index: '0'

2021-01-22 13:36:41 - [MESSAGE][PASSED] - Click button "Add"

2021-01-22 13:36:41 - [TEST_STEP][PASSED] - Get text from pop up "Confirm" with text "Add new hold payment config?": Get text from pop up "Confirm" with text "Add new hold payment config?"

2021-01-22 13:36:41 - [MESSAGE][PASSED] - Taking screenshot successfully
[[ATTACHMENT|/Users/chaidir.pratama01/Documents/Docs/Katalon Studio/Screenshot/errorpopup.png]]

2021-01-22 13:36:41 - [MESSAGE][PASSED] - Object '' is present

2021-01-22 13:36:41 - [MESSAGE][PASSED] - Wait for page load successfully

2021-01-22 13:36:41 - [MESSAGE][PASSED] - Wait for page load successfully

2021-01-22 13:36:41 - [MESSAGE][PASSED] - Get text from pop up "Confirm" with text "Add new hold payment config?"

2021-01-22 13:36:41 - [TEST_STEP][PASSED] - Click button "Yes": Click button "Yes"

2021-01-22 13:36:41 - [MESSAGE][INFO] - >>>>>//Button[contains(text(),'Yes')]

2021-01-22 13:36:44 - [MESSAGE][PASSED] - Object '' is present

2021-01-22 13:36:44 - [MESSAGE][PASSED] - Object: '' is clicked on

2021-01-22 13:36:44 - [MESSAGE][PASSED] - Switched to window with index: '0'

2021-01-22 13:36:44 - [MESSAGE][PASSED] - Click button "Yes"

2021-01-22 13:36:44 - [TEST_STEP][PASSED] - Verify Result: Verify Result

2021-01-22 13:36:47 - [MESSAGE][PASSED] - Delayed 3 second(s)

2021-01-22 13:36:48 - [MESSAGE][PASSED] - Taking screenshot successfully
[[ATTACHMENT|/Users/chaidir.pratama01/Katalon Studio/IST_Automation_Git/Screenshot/result date.png]]

2021-01-22 13:36:48 - [MESSAGE][PASSED] - Verify Result

2021-01-22 13:36:48 - [TEST_STEP][PASSED] - Click button "Logout": Click button "Logout"

2021-01-22 13:36:48 - [MESSAGE][INFO] - >>>>>//Button[contains(text(),'Logout')]

2021-01-22 13:36:51 - [MESSAGE][PASSED] - Object '' is present

2021-01-22 13:36:51 - [MESSAGE][PASSED] - Object: '' is clicked on

2021-01-22 13:36:51 - [MESSAGE][PASSED] - Switched to window with index: '0'

2021-01-22 13:36:51 - [MESSAGE][PASSED] - Click button "Logout"

2021-01-22 13:36:51 - [TEST_STEP][PASSED] - Close browser: Close browser

2021-01-22 13:36:51 - [MESSAGE][PASSED] - Browser is closed

2021-01-22 13:36:51 - [MESSAGE][PASSED] - Close browser

2021-01-22 13:36:51 - [MESSAGE][PASSED] - Feature file: 'Include/features/IST_Real/RTD/Hold Payment Configuration/Add_New_Schedule.feature' was passed]]></system-out>
         <system-err><![CDATA[]]></system-err>
      </testcase>
      <testcase name="Test Cases/RTD/Hold Payment Configuration/TC_Date_is_NULL" time="39.853" classname="Test Cases/RTD/Hold Payment Configuration/TC_Date_is_NULL" status="PASSED">
         <system-out><![CDATA[2021-01-22 13:36:51 - [TEST_CASE][PASSED] - Test Cases/RTD/Hold Payment Configuration/TC_Date_is_NULL: Test Cases/RTD/Hold Payment Configuration/TC_Date_is_NULL

2021-01-22 13:36:51 - [TEST_STEP][PASSED] - runFeatureFile("Include/features/IST_Real/RTD/Hold Payment Configuration/Date_is_NULL.feature"): Feature file: 'Include/features/IST_Real/RTD/Hold Payment Configuration/Date_is_NULL.feature' was passed

2021-01-22 13:36:51 - [MESSAGE][INFO] - Starting run keyword runFeatureFile: 'Include/features/IST_Real/RTD/Hold Payment Configuration/Date_is_NULL.feature' and extract report to folder: '/Users/chaidir.pratama01/Katalon Studio/IST_Automation_Git/Reports/20210122_113940/RTD/TS_Hold_Payment_Configuration/20210122_113947/cucumber_report/1611297411651'...

2021-01-22 13:36:51 - [TEST_CASE][PASSED] - Start Test Case : SCENARIO Start Date is Null: SCENARIO Start Date is Null

2021-01-22 13:36:51 - [TEST_STEP][PASSED] - Go to ISTools: Go to ISTools

2021-01-22 13:36:51 - [MESSAGE][INFO] - Starting 'Chrome (headless)' driver

2021-01-22 13:36:51 - [MESSAGE][INFO] - User set preference: ['args', '[--start-maximized, --disable-gpu, --no-proxy-server, â€“-no-sandbox, --allow-running-insecure-content, --ignore-certificate-errors, window-size=1680,814, force-device-scale-factor=2, --lang=en-GB]']

2021-01-22 13:36:51 - [MESSAGE][INFO] - User set preference: ['prefs', '{download.default_directory=/Users/chaidir.pratama01/Katalon Studio/IST_Automation_Git/Download}']

2021-01-22 13:36:51 - [MESSAGE][INFO] - Action delay is set to 0 milliseconds

2021-01-22 13:36:52 - [MESSAGE][PASSED] - Browser is opened with url: ''

2021-01-22 13:36:53 - [MESSAGE][PASSED] - Navigate to 'https://dev-istools.homecredit.id/foundation/' successfully

2021-01-22 13:36:53 - [MESSAGE][PASSED] - Go to ISTools

2021-01-22 13:36:53 - [TEST_STEP][PASSED] - Login IST with valid credentials: Login IST with valid credentials

2021-01-22 13:36:53 - [MESSAGE][PASSED] - Text 'mobile.test' is set on object 'Object Repository/Page_/input_Username_j_username'

2021-01-22 13:36:53 - [MESSAGE][PASSED] - Text ****** has been set on object 'Object Repository/Page_/input_Password_j_password'

2021-01-22 13:36:54 - [MESSAGE][PASSED] - Object: 'Object Repository/Page_/button_Login' is clicked on

2021-01-22 13:36:54 - [MESSAGE][PASSED] - Login IST with valid credentials

2021-01-22 13:36:54 - [TEST_STEP][PASSED] - Login Success: Login Success

2021-01-22 13:36:54 - [MESSAGE][INFO] - Login Success

2021-01-22 13:36:54 - [MESSAGE][PASSED] - Current window maximized

2021-01-22 13:36:54 - [MESSAGE][PASSED] - Object 'Object Repository/Page_/h1_Welcome to IT Supporting Tools' is present

2021-01-22 13:36:54 - [MESSAGE][PASSED] - Login Success

2021-01-22 13:36:54 - [TEST_STEP][PASSED] - Select Arrow Menu "Real Time Disbursement": Select Arrow Menu "Real Time Disbursement"

2021-01-22 13:36:54 - [MESSAGE][PASSED] - Object: '' is clicked on

2021-01-22 13:36:54 - [MESSAGE][PASSED] - Select Arrow Menu "Real Time Disbursement"

2021-01-22 13:36:54 - [TEST_STEP][PASSED] - Select Menu "Hold Payment Configuration": Select Menu "Hold Payment Configuration"

2021-01-22 13:36:54 - [MESSAGE][PASSED] - Taking screenshot successfully
[[ATTACHMENT|/Users/chaidir.pratama01/Documents/Docs/Katalon Studio/Screenshot/test-Hold Payment Configuration.png]]

2021-01-22 13:36:55 - [MESSAGE][PASSED] - Object '' is present

2021-01-22 13:36:55 - [MESSAGE][PASSED] - Object: '' is clicked on

2021-01-22 13:36:55 - [MESSAGE][PASSED] - Wait for page load successfully

2021-01-22 13:36:55 - [MESSAGE][PASSED] - Select Menu "Hold Payment Configuration"

2021-01-22 13:36:55 - [TEST_STEP][PASSED] - Input "Start Date Hold Payment" with value "": Input "Start Date Hold Payment" with value ""

2021-01-22 13:36:58 - [MESSAGE][PASSED] - Delayed 3 second(s)

2021-01-22 13:36:58 - [MESSAGE][PASSED] - Input "Start Date Hold Payment" with value ""

2021-01-22 13:36:58 - [TEST_STEP][PASSED] - Input "Release Date" with value "30-01-2021": Input "Release Date" with value "30-01-2021"

2021-01-22 13:37:01 - [MESSAGE][PASSED] - Delayed 3 second(s)

2021-01-22 13:37:01 - [MESSAGE][PASSED] - Input "Release Date" with value "30-01-2021"

2021-01-22 13:37:01 - [TEST_STEP][PASSED] - Click button "Add": Click button "Add"

2021-01-22 13:37:01 - [MESSAGE][INFO] - >>>>>//Button[contains(text(),'Add')]

2021-01-22 13:37:04 - [MESSAGE][PASSED] - Object '' is present

2021-01-22 13:37:04 - [MESSAGE][PASSED] - Object: '' is clicked on

2021-01-22 13:37:04 - [MESSAGE][PASSED] - Switched to window with index: '0'

2021-01-22 13:37:04 - [MESSAGE][PASSED] - Click button "Add"

2021-01-22 13:37:04 - [TEST_STEP][PASSED] - Get text from pop up "IT Supporting Tools" with text "Start date & end date cannot be empty": Get text from pop up "IT Supporting Tools" with text "Start date & end date cannot be empty"

2021-01-22 13:37:04 - [MESSAGE][PASSED] - Taking screenshot successfully
[[ATTACHMENT|/Users/chaidir.pratama01/Documents/Docs/Katalon Studio/Screenshot/errorpopup.png]]

2021-01-22 13:37:04 - [MESSAGE][PASSED] - Object '' is present

2021-01-22 13:37:04 - [MESSAGE][PASSED] - Wait for page load successfully

2021-01-22 13:37:04 - [MESSAGE][PASSED] - Wait for page load successfully

2021-01-22 13:37:04 - [MESSAGE][PASSED] - Get text from pop up "IT Supporting Tools" with text "Start date & end date cannot be empty"

2021-01-22 13:37:04 - [TEST_STEP][PASSED] - Click button "OK": Click button "OK"

2021-01-22 13:37:04 - [MESSAGE][INFO] - >>>>>//Button[contains(text(),'OK')]

2021-01-22 13:37:07 - [MESSAGE][PASSED] - Object '' is present

2021-01-22 13:37:07 - [MESSAGE][PASSED] - Object: '' is clicked on

2021-01-22 13:37:07 - [MESSAGE][PASSED] - Switched to window with index: '0'

2021-01-22 13:37:07 - [MESSAGE][PASSED] - Click button "OK"

2021-01-22 13:37:07 - [TEST_STEP][PASSED] - Click button "Logout": Click button "Logout"

2021-01-22 13:37:07 - [MESSAGE][INFO] - >>>>>//Button[contains(text(),'Logout')]

2021-01-22 13:37:10 - [MESSAGE][PASSED] - Object '' is present

2021-01-22 13:37:11 - [MESSAGE][PASSED] - Object: '' is clicked on

2021-01-22 13:37:11 - [MESSAGE][PASSED] - Switched to window with index: '0'

2021-01-22 13:37:11 - [MESSAGE][PASSED] - Click button "Logout"

2021-01-22 13:37:11 - [TEST_STEP][PASSED] - Close browser: Close browser

2021-01-22 13:37:11 - [MESSAGE][PASSED] - Browser is closed

2021-01-22 13:37:11 - [MESSAGE][PASSED] - Close browser

2021-01-22 13:37:11 - [TEST_CASE][PASSED] - Start Test Case : SCENARIO End Date is Null: SCENARIO End Date is Null

2021-01-22 13:37:11 - [TEST_STEP][PASSED] - Go to ISTools: Go to ISTools

2021-01-22 13:37:11 - [MESSAGE][INFO] - Starting 'Chrome (headless)' driver

2021-01-22 13:37:11 - [MESSAGE][INFO] - User set preference: ['args', '[--start-maximized, --disable-gpu, --no-proxy-server, â€“-no-sandbox, --allow-running-insecure-content, --ignore-certificate-errors, window-size=1680,814, force-device-scale-factor=2, --lang=en-GB]']

2021-01-22 13:37:11 - [MESSAGE][INFO] - User set preference: ['prefs', '{download.default_directory=/Users/chaidir.pratama01/Katalon Studio/IST_Automation_Git/Download}']

2021-01-22 13:37:11 - [MESSAGE][INFO] - Action delay is set to 0 milliseconds

2021-01-22 13:37:11 - [MESSAGE][PASSED] - Browser is opened with url: ''

2021-01-22 13:37:13 - [MESSAGE][PASSED] - Navigate to 'https://dev-istools.homecredit.id/foundation/' successfully

2021-01-22 13:37:13 - [MESSAGE][PASSED] - Go to ISTools

2021-01-22 13:37:13 - [TEST_STEP][PASSED] - Login IST with valid credentials: Login IST with valid credentials

2021-01-22 13:37:13 - [MESSAGE][PASSED] - Text 'mobile.test' is set on object 'Object Repository/Page_/input_Username_j_username'

2021-01-22 13:37:13 - [MESSAGE][PASSED] - Text ****** has been set on object 'Object Repository/Page_/input_Password_j_password'

2021-01-22 13:37:14 - [MESSAGE][PASSED] - Object: 'Object Repository/Page_/button_Login' is clicked on

2021-01-22 13:37:14 - [MESSAGE][PASSED] - Login IST with valid credentials

2021-01-22 13:37:14 - [TEST_STEP][PASSED] - Login Success: Login Success

2021-01-22 13:37:14 - [MESSAGE][INFO] - Login Success

2021-01-22 13:37:14 - [MESSAGE][PASSED] - Current window maximized

2021-01-22 13:37:14 - [MESSAGE][PASSED] - Object 'Object Repository/Page_/h1_Welcome to IT Supporting Tools' is present

2021-01-22 13:37:14 - [MESSAGE][PASSED] - Login Success

2021-01-22 13:37:14 - [TEST_STEP][PASSED] - Select Arrow Menu "Real Time Disbursement": Select Arrow Menu "Real Time Disbursement"

2021-01-22 13:37:14 - [MESSAGE][PASSED] - Object: '' is clicked on

2021-01-22 13:37:14 - [MESSAGE][PASSED] - Select Arrow Menu "Real Time Disbursement"

2021-01-22 13:37:14 - [TEST_STEP][PASSED] - Select Menu "Hold Payment Configuration": Select Menu "Hold Payment Configuration"

2021-01-22 13:37:15 - [MESSAGE][PASSED] - Taking screenshot successfully
[[ATTACHMENT|/Users/chaidir.pratama01/Documents/Docs/Katalon Studio/Screenshot/test-Hold Payment Configuration.png]]

2021-01-22 13:37:15 - [MESSAGE][PASSED] - Object '' is present

2021-01-22 13:37:15 - [MESSAGE][PASSED] - Object: '' is clicked on

2021-01-22 13:37:15 - [MESSAGE][PASSED] - Wait for page load successfully

2021-01-22 13:37:15 - [MESSAGE][PASSED] - Select Menu "Hold Payment Configuration"

2021-01-22 13:37:15 - [TEST_STEP][PASSED] - Input "Start Date Hold Payment" with value "25-01-2021": Input "Start Date Hold Payment" with value "25-01-2021"

2021-01-22 13:37:18 - [MESSAGE][PASSED] - Delayed 3 second(s)

2021-01-22 13:37:18 - [MESSAGE][PASSED] - Input "Start Date Hold Payment" with value "25-01-2021"

2021-01-22 13:37:18 - [TEST_STEP][PASSED] - Input "Release Date" with value "": Input "Release Date" with value ""

2021-01-22 13:37:21 - [MESSAGE][PASSED] - Delayed 3 second(s)

2021-01-22 13:37:21 - [MESSAGE][PASSED] - Input "Release Date" with value ""

2021-01-22 13:37:21 - [TEST_STEP][PASSED] - Click button "Add": Click button "Add"

2021-01-22 13:37:21 - [MESSAGE][INFO] - >>>>>//Button[contains(text(),'Add')]

2021-01-22 13:37:24 - [MESSAGE][PASSED] - Object '' is present

2021-01-22 13:37:24 - [MESSAGE][PASSED] - Object: '' is clicked on

2021-01-22 13:37:24 - [MESSAGE][PASSED] - Switched to window with index: '0'

2021-01-22 13:37:24 - [MESSAGE][PASSED] - Click button "Add"

2021-01-22 13:37:24 - [TEST_STEP][PASSED] - Get text from pop up "IT Supporting Tools" with text "Start date & end date cannot be empty": Get text from pop up "IT Supporting Tools" with text "Start date & end date cannot be empty"

2021-01-22 13:37:24 - [MESSAGE][PASSED] - Taking screenshot successfully
[[ATTACHMENT|/Users/chaidir.pratama01/Documents/Docs/Katalon Studio/Screenshot/errorpopup.png]]

2021-01-22 13:37:24 - [MESSAGE][PASSED] - Object '' is present

2021-01-22 13:37:24 - [MESSAGE][PASSED] - Wait for page load successfully

2021-01-22 13:37:25 - [MESSAGE][PASSED] - Wait for page load successfully

2021-01-22 13:37:25 - [MESSAGE][PASSED] - Get text from pop up "IT Supporting Tools" with text "Start date & end date cannot be empty"

2021-01-22 13:37:25 - [TEST_STEP][PASSED] - Click button "OK": Click button "OK"

2021-01-22 13:37:25 - [MESSAGE][INFO] - >>>>>//Button[contains(text(),'OK')]

2021-01-22 13:37:28 - [MESSAGE][PASSED] - Object '' is present

2021-01-22 13:37:28 - [MESSAGE][PASSED] - Object: '' is clicked on

2021-01-22 13:37:28 - [MESSAGE][PASSED] - Switched to window with index: '0'

2021-01-22 13:37:28 - [MESSAGE][PASSED] - Click button "OK"

2021-01-22 13:37:28 - [TEST_STEP][PASSED] - Click button "Logout": Click button "Logout"

2021-01-22 13:37:28 - [MESSAGE][INFO] - >>>>>//Button[contains(text(),'Logout')]

2021-01-22 13:37:31 - [MESSAGE][PASSED] - Object '' is present

2021-01-22 13:37:31 - [MESSAGE][PASSED] - Object: '' is clicked on

2021-01-22 13:37:31 - [MESSAGE][PASSED] - Switched to window with index: '0'

2021-01-22 13:37:31 - [MESSAGE][PASSED] - Click button "Logout"

2021-01-22 13:37:31 - [TEST_STEP][PASSED] - Close browser: Close browser

2021-01-22 13:37:31 - [MESSAGE][PASSED] - Browser is closed

2021-01-22 13:37:31 - [MESSAGE][PASSED] - Close browser

2021-01-22 13:37:31 - [MESSAGE][PASSED] - Feature file: 'Include/features/IST_Real/RTD/Hold Payment Configuration/Date_is_NULL.feature' was passed]]></system-out>
         <system-err><![CDATA[]]></system-err>
      </testcase>
      <testcase name="Test Cases/RTD/Hold Payment Configuration/TC_Start_Date_Greater_than_Release_Date" time="18.863" classname="Test Cases/RTD/Hold Payment Configuration/TC_Start_Date_Greater_than_Release_Date" status="PASSED">
         <system-out><![CDATA[2021-01-22 13:37:31 - [TEST_CASE][PASSED] - Test Cases/RTD/Hold Payment Configuration/TC_Start_Date_Greater_than_Release_Date: Test Cases/RTD/Hold Payment Configuration/TC_Start_Date_Greater_than_Release_Date

2021-01-22 13:37:31 - [TEST_STEP][PASSED] - runFeatureFile("Include/features/IST_Real/RTD/Hold Payment Configuration/Start_Date_Greater_than_Release_Date.feature"): Feature file: 'Include/features/IST_Real/RTD/Hold Payment Configuration/Start_Date_Greater_than_Release_Date.feature' was passed

2021-01-22 13:37:31 - [MESSAGE][INFO] - Starting run keyword runFeatureFile: 'Include/features/IST_Real/RTD/Hold Payment Configuration/Start_Date_Greater_than_Release_Date.feature' and extract report to folder: '/Users/chaidir.pratama01/Katalon Studio/IST_Automation_Git/Reports/20210122_113940/RTD/TS_Hold_Payment_Configuration/20210122_113947/cucumber_report/1611297451507'...

2021-01-22 13:37:31 - [TEST_CASE][PASSED] - Start Test Case : SCENARIO Start date is greater than end date: SCENARIO Start date is greater than end date

2021-01-22 13:37:31 - [TEST_STEP][PASSED] - Go to ISTools: Go to ISTools

2021-01-22 13:37:31 - [MESSAGE][INFO] - Starting 'Chrome (headless)' driver

2021-01-22 13:37:31 - [MESSAGE][INFO] - User set preference: ['args', '[--start-maximized, --disable-gpu, --no-proxy-server, â€“-no-sandbox, --allow-running-insecure-content, --ignore-certificate-errors, window-size=1680,814, force-device-scale-factor=2, --lang=en-GB]']

2021-01-22 13:37:31 - [MESSAGE][INFO] - User set preference: ['prefs', '{download.default_directory=/Users/chaidir.pratama01/Katalon Studio/IST_Automation_Git/Download}']

2021-01-22 13:37:31 - [MESSAGE][INFO] - Action delay is set to 0 milliseconds

2021-01-22 13:37:31 - [MESSAGE][PASSED] - Browser is opened with url: ''

2021-01-22 13:37:32 - [MESSAGE][PASSED] - Navigate to 'https://dev-istools.homecredit.id/foundation/' successfully

2021-01-22 13:37:32 - [MESSAGE][PASSED] - Go to ISTools

2021-01-22 13:37:32 - [TEST_STEP][PASSED] - Login IST with valid credentials: Login IST with valid credentials

2021-01-22 13:37:32 - [MESSAGE][PASSED] - Text 'mobile.test' is set on object 'Object Repository/Page_/input_Username_j_username'

2021-01-22 13:37:32 - [MESSAGE][PASSED] - Text ****** has been set on object 'Object Repository/Page_/input_Password_j_password'

2021-01-22 13:37:33 - [MESSAGE][PASSED] - Object: 'Object Repository/Page_/button_Login' is clicked on

2021-01-22 13:37:33 - [MESSAGE][PASSED] - Login IST with valid credentials

2021-01-22 13:37:33 - [TEST_STEP][PASSED] - Login Success: Login Success

2021-01-22 13:37:33 - [MESSAGE][INFO] - Login Success

2021-01-22 13:37:33 - [MESSAGE][PASSED] - Current window maximized

2021-01-22 13:37:33 - [MESSAGE][PASSED] - Object 'Object Repository/Page_/h1_Welcome to IT Supporting Tools' is present

2021-01-22 13:37:33 - [MESSAGE][PASSED] - Login Success

2021-01-22 13:37:33 - [TEST_STEP][PASSED] - Select Arrow Menu "Real Time Disbursement": Select Arrow Menu "Real Time Disbursement"

2021-01-22 13:37:33 - [MESSAGE][PASSED] - Object: '' is clicked on

2021-01-22 13:37:33 - [MESSAGE][PASSED] - Select Arrow Menu "Real Time Disbursement"

2021-01-22 13:37:33 - [TEST_STEP][PASSED] - Select Menu "Hold Payment Configuration": Select Menu "Hold Payment Configuration"

2021-01-22 13:37:34 - [MESSAGE][PASSED] - Taking screenshot successfully
[[ATTACHMENT|/Users/chaidir.pratama01/Documents/Docs/Katalon Studio/Screenshot/test-Hold Payment Configuration.png]]

2021-01-22 13:37:34 - [MESSAGE][PASSED] - Object '' is present

2021-01-22 13:37:34 - [MESSAGE][PASSED] - Object: '' is clicked on

2021-01-22 13:37:34 - [MESSAGE][PASSED] - Wait for page load successfully

2021-01-22 13:37:34 - [MESSAGE][PASSED] - Select Menu "Hold Payment Configuration"

2021-01-22 13:37:34 - [TEST_STEP][PASSED] - Input "Start Date Hold Payment" with value "30-01-2021": Input "Start Date Hold Payment" with value "30-01-2021"

2021-01-22 13:37:37 - [MESSAGE][PASSED] - Delayed 3 second(s)

2021-01-22 13:37:37 - [MESSAGE][PASSED] - Input "Start Date Hold Payment" with value "30-01-2021"

2021-01-22 13:37:37 - [TEST_STEP][PASSED] - Input "Release Date" with value "25-01-2021": Input "Release Date" with value "25-01-2021"

2021-01-22 13:37:40 - [MESSAGE][PASSED] - Delayed 3 second(s)

2021-01-22 13:37:40 - [MESSAGE][PASSED] - Input "Release Date" with value "25-01-2021"

2021-01-22 13:37:40 - [TEST_STEP][PASSED] - Click button "Add": Click button "Add"

2021-01-22 13:37:40 - [MESSAGE][INFO] - >>>>>//Button[contains(text(),'Add')]

2021-01-22 13:37:43 - [MESSAGE][PASSED] - Object '' is present

2021-01-22 13:37:43 - [MESSAGE][PASSED] - Object: '' is clicked on

2021-01-22 13:37:43 - [MESSAGE][PASSED] - Switched to window with index: '0'

2021-01-22 13:37:43 - [MESSAGE][PASSED] - Click button "Add"

2021-01-22 13:37:43 - [TEST_STEP][PASSED] - Get text from pop up "IT Supporting Tools" with text "Release date must be after start date": Get text from pop up "IT Supporting Tools" with text "Release date must be after start date"

2021-01-22 13:37:43 - [MESSAGE][PASSED] - Taking screenshot successfully
[[ATTACHMENT|/Users/chaidir.pratama01/Documents/Docs/Katalon Studio/Screenshot/errorpopup.png]]

2021-01-22 13:37:43 - [MESSAGE][PASSED] - Object '' is present

2021-01-22 13:37:43 - [MESSAGE][PASSED] - Wait for page load successfully

2021-01-22 13:37:43 - [MESSAGE][PASSED] - Wait for page load successfully

2021-01-22 13:37:43 - [MESSAGE][PASSED] - Get text from pop up "IT Supporting Tools" with text "Release date must be after start date"

2021-01-22 13:37:43 - [TEST_STEP][PASSED] - Click button "OK": Click button "OK"

2021-01-22 13:37:43 - [MESSAGE][INFO] - >>>>>//Button[contains(text(),'OK')]

2021-01-22 13:37:46 - [MESSAGE][PASSED] - Object '' is present

2021-01-22 13:37:46 - [MESSAGE][PASSED] - Object: '' is clicked on

2021-01-22 13:37:47 - [MESSAGE][PASSED] - Switched to window with index: '0'

2021-01-22 13:37:47 - [MESSAGE][PASSED] - Click button "OK"

2021-01-22 13:37:47 - [TEST_STEP][PASSED] - Click button "Logout": Click button "Logout"

2021-01-22 13:37:47 - [MESSAGE][INFO] - >>>>>//Button[contains(text(),'Logout')]

2021-01-22 13:37:50 - [MESSAGE][PASSED] - Object '' is present

2021-01-22 13:37:50 - [MESSAGE][PASSED] - Object: '' is clicked on

2021-01-22 13:37:50 - [MESSAGE][PASSED] - Switched to window with index: '0'

2021-01-22 13:37:50 - [MESSAGE][PASSED] - Click button "Logout"

2021-01-22 13:37:50 - [TEST_STEP][PASSED] - Close browser: Close browser

2021-01-22 13:37:50 - [MESSAGE][PASSED] - Browser is closed

2021-01-22 13:37:50 - [MESSAGE][PASSED] - Close browser

2021-01-22 13:37:50 - [MESSAGE][PASSED] - Feature file: 'Include/features/IST_Real/RTD/Hold Payment Configuration/Start_Date_Greater_than_Release_Date.feature' was passed]]></system-out>
         <system-err><![CDATA[]]></system-err>
      </testcase>
      <system-out><![CDATA[2021-01-22 13:36:12 - [TEST_SUITE][PASSED] - TS_Hold_Payment_Configuration: Test Cases/RTD/Hold Payment Configuration/TC_Start_Date_Greater_than_Release_Date]]></system-out>
      <system-err><![CDATA[]]></system-err>
   </testsuite>
</testsuites>
