<?xml version="1.0" encoding="UTF-8"?>
<testsuites name="TS_BUKALAPAK_B2B" time="950.26" tests="15" failures="1" errors="0">
   <testsuite name="TS_BUKALAPAK_B2B" tests="15" failures="1" errors="0" time="950.26" timestamp="2020-10-20 15:44:06" hostname="chaidir.pratama01 - localhost" id="Test Suites/CONTRACT_DISPATCHER_DONA_B2B/TS_BUKALAPAK_B2B">
      <properties>
         <property name="deviceName" value=""/>
         <property name="devicePlatform" value=""/>
         <property name="logFolder" value="/Users/chaidir.pratama01/Katalon Studio/IST_Automation_Git/Reports/20201020_154359/CONTRACT_DISPATCHER_DONA_B2B/TS_BUKALAPAK_B2B/20201020_154359"/>
         <property name="logFiles" value="/Users/chaidir.pratama01/Katalon Studio/IST_Automation_Git/Reports/20201020_154359/CONTRACT_DISPATCHER_DONA_B2B/TS_BUKALAPAK_B2B/20201020_154359/execution0.log"/>
         <property name="attachments" value="/Users/chaidir.pratama01/Documents/Docs/Katalon Studio/Screenshot/IST_Page.png, /Users/chaidir.pratama01/Documents/Docs/Katalon Studio/Screenshot/test-Management Assignment.png, /Users/chaidir.pratama01/Documents/Docs/Katalon Studio/Screenshot/IST_Page.png, /Users/chaidir.pratama01/Documents/Docs/Katalon Studio/Screenshot/test-Contract Dispatcher.png, /Users/chaidir.pratama01/Documents/Docs/Katalon Studio/Screenshot/errorpopup.png, /Users/chaidir.pratama01/Documents/Docs/Katalon Studio/Screenshot/IST_Page.png, /Users/chaidir.pratama01/Documents/Docs/Katalon Studio/Screenshot/test-Contract Dispatcher.png, /Users/chaidir.pratama01/Documents/Docs/Katalon Studio/Screenshot/errorpopup.png, /Users/chaidir.pratama01/Katalon Studio/IST_Automation_Git/Reports/20201020_154359/CONTRACT_DISPATCHER_DONA_B2B/TS_BUKALAPAK_B2B/20201020_154359/1603183567693.png, /Users/chaidir.pratama01/Katalon Studio/IST_Automation_Git/Reports/20201020_154359/CONTRACT_DISPATCHER_DONA_B2B/TS_BUKALAPAK_B2B/20201020_154359/1603183568026.png, /Users/chaidir.pratama01/Documents/Docs/Katalon Studio/Screenshot/IST_Page.png, /Users/chaidir.pratama01/Documents/Docs/Katalon Studio/Screenshot/test-Management Assignment.png, /Users/chaidir.pratama01/Documents/Docs/Katalon Studio/Screenshot/IST_Page.png, /Users/chaidir.pratama01/Documents/Docs/Katalon Studio/Screenshot/test-Contract Dispatcher.png, /Users/chaidir.pratama01/Documents/Docs/Katalon Studio/Screenshot/errorpopup.png, /Users/chaidir.pratama01/Documents/Docs/Katalon Studio/Screenshot/IST_Page.png, /Users/chaidir.pratama01/Documents/Docs/Katalon Studio/Screenshot/test-Management Assignment.png, /Users/chaidir.pratama01/Documents/Docs/Katalon Studio/Screenshot/IST_Page.png, /Users/chaidir.pratama01/Documents/Docs/Katalon Studio/Screenshot/test-Contract Dispatcher.png, /Users/chaidir.pratama01/Documents/Docs/Katalon Studio/Screenshot/errorpopup.png, /Users/chaidir.pratama01/Documents/Docs/Katalon Studio/Screenshot/IST_Page.png, /Users/chaidir.pratama01/Documents/Docs/Katalon Studio/Screenshot/test-Management Assignment.png, /Users/chaidir.pratama01/Documents/Docs/Katalon Studio/Screenshot/IST_Page.png, /Users/chaidir.pratama01/Documents/Docs/Katalon Studio/Screenshot/test-Contract Dispatcher.png, /Users/chaidir.pratama01/Documents/Docs/Katalon Studio/Screenshot/errorpopup.png, /Users/chaidir.pratama01/Documents/Docs/Katalon Studio/Screenshot/IST_Page.png, /Users/chaidir.pratama01/Documents/Docs/Katalon Studio/Screenshot/test-Contract Dispatcher.png, /Users/chaidir.pratama01/Documents/Docs/Katalon Studio/Screenshot/test-Contract Dispatcher.png, /Users/chaidir.pratama01/Documents/Docs/Katalon Studio/Screenshot/IST_Page.png, /Users/chaidir.pratama01/Documents/Docs/Katalon Studio/Screenshot/test-Management Assignment.png, /Users/chaidir.pratama01/Documents/Docs/Katalon Studio/Screenshot/errorpopup.png, /Users/chaidir.pratama01/Documents/Docs/Katalon Studio/Screenshot/IST_Page.png, /Users/chaidir.pratama01/Documents/Docs/Katalon Studio/Screenshot/test-Contract Dispatcher.png, /Users/chaidir.pratama01/Katalon Studio/IST_Automation_Git/Reports/20201020_154359/CONTRACT_DISPATCHER_DONA_B2B/TS_BUKALAPAK_B2B/20201020_154359/1603184390774.png"/>
         <property name="hostName" value="chaidir.pratama01 - localhost"/>
         <property name="os" value="Mac OS X 64bit"/>
         <property name="katalonVersion" value="7.6.0.${buildNumber}"/>
         <property name="browser" value="Chrome 86.0.4240.80"/>
         <property name="hostAddress" value="127.0.0.1"/>
         <property name="sessionId" value="00b61c88e3d790c9cbe094cb3ebbab38"/>
         <property name="seleniumVersion" value="3.141.59"/>
         <property name="proxyInformation" value="ProxyInformation { proxyOption=NO_PROXY, proxyServerType=HTTP, username=, password=********, proxyServerAddress=, proxyServerPort=0, executionList=\&quot;\&quot;, isApplyToDesiredCapabilities=true }"/>
         <property name="platform" value="Mac OS X"/>
      </properties>
      <testcase name="Test Cases/IST_Real/CONTRACT_DISPATCHER_DONA_B2B/BUKALAPAK/TC BUKALAPAK - Update Tbl CDS CDC TRKRegMistake" time="3.048" classname="Test Cases/IST_Real/CONTRACT_DISPATCHER_DONA_B2B/BUKALAPAK/TC BUKALAPAK - Update Tbl CDS CDC TRKRegMistake" status="PASSED">
         <system-out><![CDATA[2020-10-20 15:44:06 - [TEST_CASE][PASSED] - Test Cases/IST_Real/CONTRACT_DISPATCHER_DONA_B2B/BUKALAPAK/TC BUKALAPAK - Update Tbl CDS CDC TRKRegMistake: Test Cases/IST_Real/CONTRACT_DISPATCHER_DONA_B2B/BUKALAPAK/TC BUKALAPAK - Update Tbl CDS CDC TRKRegMistake

2020-10-20 15:44:06 - [TEST_STEP][PASSED] - runFeatureFile("Include/features/IST_Real/CONTRACT_DISPATCHER_DONA_B2B/BUKALAPAK/Update_Tbl_CDS_CDC_TRK_RegMistake.feature"): Feature file: 'Include/features/IST_Real/CONTRACT_DISPATCHER_DONA_B2B/BUKALAPAK/Update_Tbl_CDS_CDC_TRK_RegMistake.feature' was passed

2020-10-20 15:44:07 - [MESSAGE][INFO] - Starting run keyword runFeatureFile: 'Include/features/IST_Real/CONTRACT_DISPATCHER_DONA_B2B/BUKALAPAK/Update_Tbl_CDS_CDC_TRK_RegMistake.feature' and extract report to folder: '/Users/chaidir.pratama01/Katalon Studio/IST_Automation_Git/Reports/20201020_154359/CONTRACT_DISPATCHER_DONA_B2B/TS_BUKALAPAK_B2B/20201020_154359/cucumber_report/1603183447015'...

2020-10-20 15:44:07 - [TEST_CASE][PASSED] - Start Test Case : SCENARIO Update Table CONTRACT_DISPATCHER_SOURCE and CONTRACT_DISPTACHER_CLAIM: SCENARIO Update Table CONTRACT_DISPATCHER_SOURCE and CONTRACT_DISPTACHER_CLAIM

2020-10-20 15:44:07 - [TEST_STEP][PASSED] - Connect to Database: Connect to Database

2020-10-20 15:44:08 - [MESSAGE][PASSED] - Connect to Database

2020-10-20 15:44:08 - [TEST_STEP][PASSED] - Update Tbl CONTRACT DISPATCHER SOURCE To Change PROCESSED From Y to N For Bukalapak B2B: Update Tbl CONTRACT DISPATCHER SOURCE To Change PROCESSED From Y to N For Bukalapak B2B

2020-10-20 15:44:09 - [MESSAGE][PASSED] - Update Tbl CONTRACT DISPATCHER SOURCE To Change PROCESSED From Y to N For Bukalapak B2B

2020-10-20 15:44:09 - [TEST_STEP][PASSED] - Update Tbl CONTRACT DISPATCHER CLAIM To Delete PROCESS From Column STATUS: Update Tbl CONTRACT DISPATCHER CLAIM To Delete PROCESS From Column STATUS

2020-10-20 15:44:09 - [MESSAGE][PASSED] - Update Tbl CONTRACT DISPATCHER CLAIM To Delete PROCESS From Column STATUS

2020-10-20 15:44:09 - [TEST_STEP][PASSED] - Delete Contract From TRK_REGISTRATION_MISTAKE: Delete Contract From TRK_REGISTRATION_MISTAKE

2020-10-20 15:44:09 - [MESSAGE][PASSED] - Delete Contract From TRK_REGISTRATION_MISTAKE

2020-10-20 15:44:09 - [MESSAGE][PASSED] - Feature file: 'Include/features/IST_Real/CONTRACT_DISPATCHER_DONA_B2B/BUKALAPAK/Update_Tbl_CDS_CDC_TRK_RegMistake.feature' was passed]]></system-out>
         <system-err><![CDATA[]]></system-err>
      </testcase>
      <testcase name="Test Cases/IST_Real/CONTRACT_DISPATCHER_DONA_B2B/BUKALAPAK/TC BUKALAPAK - Contract Dispatcher BUKALAPAK B2B" time="54.51" classname="Test Cases/IST_Real/CONTRACT_DISPATCHER_DONA_B2B/BUKALAPAK/TC BUKALAPAK - Contract Dispatcher BUKALAPAK B2B" status="PASSED">
         <system-out><![CDATA[2020-10-20 15:44:09 - [TEST_CASE][PASSED] - Test Cases/IST_Real/CONTRACT_DISPATCHER_DONA_B2B/BUKALAPAK/TC BUKALAPAK - Contract Dispatcher BUKALAPAK B2B: Test Cases/IST_Real/CONTRACT_DISPATCHER_DONA_B2B/BUKALAPAK/TC BUKALAPAK - Contract Dispatcher BUKALAPAK B2B

2020-10-20 15:44:09 - [TEST_STEP][PASSED] - runFeatureFile("Include/features/IST_Real/CONTRACT_DISPATCHER_DONA_B2B/BUKALAPAK/Contract_Dispatcher_BUKALAPAK_B2B.feature"): Feature file: 'Include/features/IST_Real/CONTRACT_DISPATCHER_DONA_B2B/BUKALAPAK/Contract_Dispatcher_BUKALAPAK_B2B.feature' was passed

2020-10-20 15:44:09 - [MESSAGE][INFO] - Starting run keyword runFeatureFile: 'Include/features/IST_Real/CONTRACT_DISPATCHER_DONA_B2B/BUKALAPAK/Contract_Dispatcher_BUKALAPAK_B2B.feature' and extract report to folder: '/Users/chaidir.pratama01/Katalon Studio/IST_Automation_Git/Reports/20201020_154359/CONTRACT_DISPATCHER_DONA_B2B/TS_BUKALAPAK_B2B/20201020_154359/cucumber_report/1603183449923'...

2020-10-20 15:44:10 - [TEST_CASE][PASSED] - Start Test Case : SCENARIO Assign User to Contract Dona B2B: SCENARIO Assign User to Contract Dona B2B

2020-10-20 15:44:10 - [TEST_STEP][PASSED] - Go to IST: Go to IST

2020-10-20 15:44:10 - [MESSAGE][INFO] - Starting 'Chrome (headless)' driver

2020-10-20 15:44:10 - [MESSAGE][INFO] - User set preference: ['args', '[--start-maximized, --disable-gpu, --no-proxy-server, â€“no-sandbox, --allow-running-insecure-content, --ignore-certificate-errors]']

2020-10-20 15:44:10 - [MESSAGE][INFO] - Action delay is set to 0 milliseconds

2020-10-20 15:44:11 - [MESSAGE][PASSED] - Browser is opened with url: ''

2020-10-20 15:44:12 - [MESSAGE][PASSED] - Navigate to 'https://dev-ist.homecredit.id/ist_tracker/' successfully

2020-10-20 15:44:13 - [MESSAGE][PASSED] - Taking screenshot successfully
[[ATTACHMENT|/Users/chaidir.pratama01/Documents/Docs/Katalon Studio/Screenshot/IST_Page.png]]

2020-10-20 15:44:13 - [MESSAGE][PASSED] - Go to IST

2020-10-20 15:44:13 - [TEST_STEP][PASSED] - Login IST with valid credentials: Login IST with valid credentials

2020-10-20 15:44:13 - [MESSAGE][PASSED] - Text 'mobile.test' is set on object 'Object Repository/Page_/input_Username_j_username'

2020-10-20 15:44:13 - [MESSAGE][PASSED] - Text ****** has been set on object 'Object Repository/Page_/input_Password_j_password'

2020-10-20 15:44:14 - [MESSAGE][PASSED] - Object: 'Object Repository/Page_/button_Login' is clicked on

2020-10-20 15:44:14 - [MESSAGE][PASSED] - Login IST with valid credentials

2020-10-20 15:44:14 - [TEST_STEP][PASSED] - Login Success for contract dispatcher: Login Success for contract dispatcher

2020-10-20 15:44:14 - [MESSAGE][INFO] - Login Success

2020-10-20 15:44:14 - [MESSAGE][PASSED] - Current window maximized

2020-10-20 15:44:14 - [MESSAGE][PASSED] - Object 'Object Repository/Page_/h1_Welcome to IT Supporting Tools' is present

2020-10-20 15:44:14 - [MESSAGE][PASSED] - Login Success for contract dispatcher

2020-10-20 15:44:14 - [TEST_STEP][PASSED] - Select Arrow Menu "Contract Dispatcher Admin": Select Arrow Menu "Contract Dispatcher Admin"

2020-10-20 15:44:14 - [MESSAGE][PASSED] - Object: '' is clicked on

2020-10-20 15:44:14 - [MESSAGE][PASSED] - Select Arrow Menu "Contract Dispatcher Admin"

2020-10-20 15:44:14 - [TEST_STEP][PASSED] - Select Menu "Management Assignment": Select Menu "Management Assignment"

2020-10-20 15:44:14 - [MESSAGE][PASSED] - Taking screenshot successfully
[[ATTACHMENT|/Users/chaidir.pratama01/Documents/Docs/Katalon Studio/Screenshot/test-Management Assignment.png]]

2020-10-20 15:44:14 - [MESSAGE][PASSED] - Object '' is present

2020-10-20 15:44:14 - [MESSAGE][PASSED] - Object: '' is clicked on

2020-10-20 15:44:14 - [MESSAGE][PASSED] - Wait for page load successfully

2020-10-20 15:44:14 - [MESSAGE][PASSED] - Select Menu "Management Assignment"

2020-10-20 15:44:14 - [TEST_STEP][PASSED] - Select Username "mobile.test" of Management Assignment: Select Username "mobile.test" of Management Assignment

2020-10-20 15:44:15 - [MESSAGE][PASSED] - All options with value 'mobile.test' are selected in object 'Object Repository/Page_/dropdown_list_username_assignment'  using regular expression

2020-10-20 15:44:15 - [MESSAGE][PASSED] - Select Username "mobile.test" of Management Assignment

2020-10-20 15:44:15 - [TEST_STEP][PASSED] - Check for username if already assigned to "Dona B2B": Check for username if already assigned to "Dona B2B"

2020-10-20 15:44:18 - [MESSAGE][PASSED] - Scroll to object '' successfully

2020-10-20 15:44:18 - [MESSAGE][PASSED] - Object '' is present

2020-10-20 15:44:18 - [MESSAGE][PASSED] - Object '' is checked

2020-10-20 15:44:18 - [MESSAGE][INFO] - Element is already Checked

2020-10-20 15:44:18 - [MESSAGE][PASSED] - Check for username if already assigned to "Dona B2B"

2020-10-20 15:44:18 - [TEST_STEP][PASSED] - Wait page for load: Wait page for load

2020-10-20 15:44:18 - [MESSAGE][PASSED] - Wait for page load successfully

2020-10-20 15:44:18 - [MESSAGE][PASSED] - Wait page for load

2020-10-20 15:44:18 - [TEST_STEP][PASSED] - Click button "Logout": Click button "Logout"

2020-10-20 15:44:18 - [MESSAGE][INFO] - >>>>>//Button[contains(text(),'Logout')]

2020-10-20 15:44:22 - [MESSAGE][PASSED] - Object: '' is clicked on

2020-10-20 15:44:22 - [MESSAGE][PASSED] - Click button "Logout"

2020-10-20 15:44:22 - [TEST_STEP][PASSED] - Close browser: Close browser

2020-10-20 15:44:22 - [MESSAGE][PASSED] - Browser is closed

2020-10-20 15:44:22 - [MESSAGE][PASSED] - Close browser

2020-10-20 15:44:22 - [TEST_CASE][PASSED] - Start Test Case : SCENARIO Select Menu Contract Dispatcher and Select Contract based on type contract DONA_BUKALAPAK_B2B: SCENARIO Select Menu Contract Dispatcher and Select Contract based on type contract DONA_BUKALAPAK_B2B

2020-10-20 15:44:22 - [TEST_STEP][PASSED] - Go to IST: Go to IST

2020-10-20 15:44:22 - [MESSAGE][INFO] - Starting 'Chrome (headless)' driver

2020-10-20 15:44:22 - [MESSAGE][INFO] - User set preference: ['args', '[--start-maximized, --disable-gpu, --no-proxy-server, â€“no-sandbox, --allow-running-insecure-content, --ignore-certificate-errors]']

2020-10-20 15:44:22 - [MESSAGE][INFO] - Action delay is set to 0 milliseconds

2020-10-20 15:44:22 - [MESSAGE][PASSED] - Browser is opened with url: ''

2020-10-20 15:44:24 - [MESSAGE][PASSED] - Navigate to 'https://dev-ist.homecredit.id/ist_tracker/' successfully

2020-10-20 15:44:24 - [MESSAGE][PASSED] - Taking screenshot successfully
[[ATTACHMENT|/Users/chaidir.pratama01/Documents/Docs/Katalon Studio/Screenshot/IST_Page.png]]

2020-10-20 15:44:24 - [MESSAGE][PASSED] - Go to IST

2020-10-20 15:44:24 - [TEST_STEP][PASSED] - Login IST with valid credentials: Login IST with valid credentials

2020-10-20 15:44:24 - [MESSAGE][PASSED] - Text 'mobile.test' is set on object 'Object Repository/Page_/input_Username_j_username'

2020-10-20 15:44:24 - [MESSAGE][PASSED] - Text ****** has been set on object 'Object Repository/Page_/input_Password_j_password'

2020-10-20 15:44:25 - [MESSAGE][PASSED] - Object: 'Object Repository/Page_/button_Login' is clicked on

2020-10-20 15:44:25 - [MESSAGE][PASSED] - Login IST with valid credentials

2020-10-20 15:44:25 - [TEST_STEP][PASSED] - Login Success for contract dispatcher: Login Success for contract dispatcher

2020-10-20 15:44:25 - [MESSAGE][INFO] - Login Success

2020-10-20 15:44:25 - [MESSAGE][PASSED] - Current window maximized

2020-10-20 15:44:25 - [MESSAGE][PASSED] - Object 'Object Repository/Page_/h1_Welcome to IT Supporting Tools' is present

2020-10-20 15:44:25 - [MESSAGE][PASSED] - Login Success for contract dispatcher

2020-10-20 15:44:25 - [TEST_STEP][PASSED] - Select Menu "Contract Dispatcher": Select Menu "Contract Dispatcher"

2020-10-20 15:44:26 - [MESSAGE][PASSED] - Taking screenshot successfully
[[ATTACHMENT|/Users/chaidir.pratama01/Documents/Docs/Katalon Studio/Screenshot/test-Contract Dispatcher.png]]

2020-10-20 15:44:26 - [MESSAGE][PASSED] - Object '' is present

2020-10-20 15:44:26 - [MESSAGE][PASSED] - Object: '' is clicked on

2020-10-20 15:44:26 - [MESSAGE][PASSED] - Wait for page load successfully

2020-10-20 15:44:26 - [MESSAGE][PASSED] - Select Menu "Contract Dispatcher"

2020-10-20 15:44:26 - [TEST_STEP][PASSED] - Select Contract Number based on Type Contract "DONA_BUKALAPAK_B2B": Select Contract Number based on Type Contract "DONA_BUKALAPAK_B2B"

2020-10-20 15:44:26 - [MESSAGE][PASSED] - Object '' is present

2020-10-20 15:44:26 - [MESSAGE][PASSED] - Object '' is present

2020-10-20 15:44:26 - [MESSAGE][PASSED] - Object: '' is clicked on

2020-10-20 15:44:26 - [MESSAGE][PASSED] - Select Contract Number based on Type Contract "DONA_BUKALAPAK_B2B"

2020-10-20 15:44:26 - [TEST_STEP][PASSED] - Click button "Claim": Click button "Claim"

2020-10-20 15:44:26 - [MESSAGE][INFO] - >>>>>//Button[contains(text(),'Claim')]

2020-10-20 15:44:29 - [MESSAGE][PASSED] - Object: '' is clicked on

2020-10-20 15:44:29 - [MESSAGE][PASSED] - Click button "Claim"

2020-10-20 15:44:29 - [TEST_STEP][PASSED] - Verify Tab Mistake Matrix Base on Type Contract: Verify Tab Mistake Matrix Base on Type Contract

2020-10-20 15:44:30 - [MESSAGE][PASSED] - Object '' is present

2020-10-20 15:44:30 - [MESSAGE][PASSED] - Object '' is present

2020-10-20 15:44:30 - [MESSAGE][PASSED] - Object '' is present

2020-10-20 15:44:30 - [MESSAGE][PASSED] - Object '' is present

2020-10-20 15:44:30 - [MESSAGE][PASSED] - Object '' is present

2020-10-20 15:44:30 - [MESSAGE][PASSED] - Verify Tab Mistake Matrix Base on Type Contract

2020-10-20 15:44:30 - [TEST_STEP][PASSED] - Varify the mistake detail already match with the matrix Base on Type Contract: Varify the mistake detail already match with the matrix Base on Type Contract

2020-10-20 15:44:30 - [MESSAGE][PASSED] - Object '' is present

2020-10-20 15:44:30 - [MESSAGE][PASSED] - Object: '' is focused

2020-10-20 15:44:33 - [MESSAGE][PASSED] - Delayed 3 second(s)

2020-10-20 15:44:33 - [MESSAGE][PASSED] - Object: '' is clicked on

2020-10-20 15:44:33 - [MESSAGE][PASSED] - Object '' is present

2020-10-20 15:44:33 - [MESSAGE][PASSED] - Object: '' is focused

2020-10-20 15:44:33 - [MESSAGE][PASSED] - Object '' is not checked

2020-10-20 15:44:33 - [MESSAGE][PASSED] - Object '' is present

2020-10-20 15:44:33 - [MESSAGE][PASSED] - Object: '' is focused

2020-10-20 15:44:33 - [MESSAGE][PASSED] - Object '' is not checked

2020-10-20 15:44:33 - [MESSAGE][PASSED] - Object '' is present

2020-10-20 15:44:34 - [MESSAGE][PASSED] - Object: '' is focused

2020-10-20 15:44:34 - [MESSAGE][PASSED] - Object '' is not checked

2020-10-20 15:44:34 - [MESSAGE][PASSED] - Object '' is present

2020-10-20 15:44:34 - [MESSAGE][PASSED] - Object: '' is focused

2020-10-20 15:44:34 - [MESSAGE][PASSED] - Object '' is not checked

2020-10-20 15:44:34 - [MESSAGE][PASSED] - Object '' is present

2020-10-20 15:44:34 - [MESSAGE][PASSED] - Object: '' is focused

2020-10-20 15:44:34 - [MESSAGE][PASSED] - Object '' is not checked

2020-10-20 15:44:34 - [MESSAGE][PASSED] - Object '' is present

2020-10-20 15:44:34 - [MESSAGE][PASSED] - Object: '' is focused

2020-10-20 15:44:34 - [MESSAGE][PASSED] - Object '' is not checked

2020-10-20 15:44:34 - [MESSAGE][PASSED] - Object '' is present

2020-10-20 15:44:34 - [MESSAGE][PASSED] - Object: '' is focused

2020-10-20 15:44:34 - [MESSAGE][PASSED] - Object '' is not checked

2020-10-20 15:44:34 - [MESSAGE][PASSED] - Object '' is present

2020-10-20 15:44:34 - [MESSAGE][PASSED] - Object: '' is focused

2020-10-20 15:44:34 - [MESSAGE][PASSED] - Object '' is not checked

2020-10-20 15:44:34 - [MESSAGE][PASSED] - Object '' is present

2020-10-20 15:44:34 - [MESSAGE][PASSED] - Object: '' is focused

2020-10-20 15:44:34 - [MESSAGE][PASSED] - Object '' is not checked

2020-10-20 15:44:34 - [MESSAGE][PASSED] - Object '' is present

2020-10-20 15:44:34 - [MESSAGE][PASSED] - Object: '' is focused

2020-10-20 15:44:34 - [MESSAGE][PASSED] - Object '' is not checked

2020-10-20 15:44:34 - [MESSAGE][PASSED] - Object '' is present

2020-10-20 15:44:34 - [MESSAGE][PASSED] - Object: '' is focused

2020-10-20 15:44:34 - [MESSAGE][PASSED] - Object '' is not checked

2020-10-20 15:44:34 - [MESSAGE][PASSED] - Object '' is present

2020-10-20 15:44:34 - [MESSAGE][PASSED] - Object: '' is focused

2020-10-20 15:44:34 - [MESSAGE][PASSED] - Object '' is not checked

2020-10-20 15:44:34 - [MESSAGE][PASSED] - Object '' is present

2020-10-20 15:44:34 - [MESSAGE][PASSED] - Object: '' is focused

2020-10-20 15:44:35 - [MESSAGE][PASSED] - Object '' is not checked

2020-10-20 15:44:35 - [MESSAGE][PASSED] - Object '' is present

2020-10-20 15:44:35 - [MESSAGE][PASSED] - Object: '' is focused

2020-10-20 15:44:35 - [MESSAGE][PASSED] - Object '' is not checked

2020-10-20 15:44:35 - [MESSAGE][PASSED] - Object '' is present

2020-10-20 15:44:35 - [MESSAGE][PASSED] - Object: '' is focused

2020-10-20 15:44:35 - [MESSAGE][PASSED] - Object '' is not checked

2020-10-20 15:44:35 - [MESSAGE][PASSED] - Object '' is present

2020-10-20 15:44:35 - [MESSAGE][PASSED] - Object: '' is focused

2020-10-20 15:44:35 - [MESSAGE][PASSED] - Object '' is not checked

2020-10-20 15:44:35 - [MESSAGE][PASSED] - Object '' is present

2020-10-20 15:44:35 - [MESSAGE][PASSED] - Object: '' is focused

2020-10-20 15:44:35 - [MESSAGE][PASSED] - Object '' is not checked

2020-10-20 15:44:35 - [MESSAGE][PASSED] - Object '' is present

2020-10-20 15:44:35 - [MESSAGE][PASSED] - Object: '' is focused

2020-10-20 15:44:35 - [MESSAGE][PASSED] - Object '' is not checked

2020-10-20 15:44:35 - [MESSAGE][PASSED] - Object '' is present

2020-10-20 15:44:35 - [MESSAGE][PASSED] - Object: '' is focused

2020-10-20 15:44:35 - [MESSAGE][PASSED] - Object '' is not checked

2020-10-20 15:44:35 - [MESSAGE][PASSED] - Object '' is present

2020-10-20 15:44:35 - [MESSAGE][PASSED] - Object: '' is focused

2020-10-20 15:44:35 - [MESSAGE][PASSED] - Object '' is not checked

2020-10-20 15:44:35 - [MESSAGE][PASSED] - Object '' is present

2020-10-20 15:44:35 - [MESSAGE][PASSED] - Object: '' is focused

2020-10-20 15:44:38 - [MESSAGE][PASSED] - Delayed 3 second(s)

2020-10-20 15:44:38 - [MESSAGE][PASSED] - Object: '' is clicked on

2020-10-20 15:44:38 - [MESSAGE][PASSED] - Object '' is present

2020-10-20 15:44:38 - [MESSAGE][PASSED] - Object: '' is focused

2020-10-20 15:44:39 - [MESSAGE][PASSED] - Object '' is not checked

2020-10-20 15:44:39 - [MESSAGE][PASSED] - Object '' is present

2020-10-20 15:44:39 - [MESSAGE][PASSED] - Object: '' is focused

2020-10-20 15:44:39 - [MESSAGE][PASSED] - Object '' is not checked

2020-10-20 15:44:39 - [MESSAGE][PASSED] - Object '' is present

2020-10-20 15:44:39 - [MESSAGE][PASSED] - Object: '' is focused

2020-10-20 15:44:39 - [MESSAGE][PASSED] - Object '' is not checked

2020-10-20 15:44:39 - [MESSAGE][PASSED] - Object '' is present

2020-10-20 15:44:39 - [MESSAGE][PASSED] - Object: '' is focused

2020-10-20 15:44:39 - [MESSAGE][PASSED] - Object '' is not checked

2020-10-20 15:44:39 - [MESSAGE][PASSED] - Object '' is present

2020-10-20 15:44:39 - [MESSAGE][PASSED] - Object: '' is focused

2020-10-20 15:44:39 - [MESSAGE][PASSED] - Object '' is not checked

2020-10-20 15:44:39 - [MESSAGE][PASSED] - Object '' is present

2020-10-20 15:44:39 - [MESSAGE][PASSED] - Object: '' is focused

2020-10-20 15:44:39 - [MESSAGE][PASSED] - Object '' is not checked

2020-10-20 15:44:39 - [MESSAGE][PASSED] - Object '' is present

2020-10-20 15:44:39 - [MESSAGE][PASSED] - Object: '' is focused

2020-10-20 15:44:42 - [MESSAGE][PASSED] - Delayed 3 second(s)

2020-10-20 15:44:42 - [MESSAGE][PASSED] - Object: '' is clicked on

2020-10-20 15:44:42 - [MESSAGE][PASSED] - Object '' is present

2020-10-20 15:44:42 - [MESSAGE][PASSED] - Object: '' is focused

2020-10-20 15:44:42 - [MESSAGE][PASSED] - Object '' is not checked

2020-10-20 15:44:42 - [MESSAGE][PASSED] - Object '' is present

2020-10-20 15:44:42 - [MESSAGE][PASSED] - Object: '' is focused

2020-10-20 15:44:42 - [MESSAGE][PASSED] - Object '' is not checked

2020-10-20 15:44:42 - [MESSAGE][PASSED] - Object '' is present

2020-10-20 15:44:42 - [MESSAGE][PASSED] - Object: '' is focused

2020-10-20 15:44:43 - [MESSAGE][PASSED] - Object '' is not checked

2020-10-20 15:44:43 - [MESSAGE][PASSED] - Object '' is present

2020-10-20 15:44:43 - [MESSAGE][PASSED] - Object: '' is focused

2020-10-20 15:44:46 - [MESSAGE][PASSED] - Delayed 3 second(s)

2020-10-20 15:44:46 - [MESSAGE][PASSED] - Object: '' is clicked on

2020-10-20 15:44:46 - [MESSAGE][PASSED] - Object '' is present

2020-10-20 15:44:46 - [MESSAGE][PASSED] - Object: '' is focused

2020-10-20 15:44:46 - [MESSAGE][PASSED] - Object '' is not checked

2020-10-20 15:44:46 - [MESSAGE][PASSED] - Object '' is present

2020-10-20 15:44:46 - [MESSAGE][PASSED] - Object: '' is focused

2020-10-20 15:44:46 - [MESSAGE][PASSED] - Object '' is not checked

2020-10-20 15:44:46 - [MESSAGE][PASSED] - Object '' is present

2020-10-20 15:44:46 - [MESSAGE][PASSED] - Object: '' is focused

2020-10-20 15:44:46 - [MESSAGE][PASSED] - Object '' is not checked

2020-10-20 15:44:46 - [MESSAGE][PASSED] - Object '' is present

2020-10-20 15:44:46 - [MESSAGE][PASSED] - Object: '' is focused

2020-10-20 15:44:46 - [MESSAGE][PASSED] - Object '' is not checked

2020-10-20 15:44:46 - [MESSAGE][PASSED] - Object '' is present

2020-10-20 15:44:46 - [MESSAGE][PASSED] - Object: '' is focused

2020-10-20 15:44:46 - [MESSAGE][PASSED] - Object '' is not checked

2020-10-20 15:44:46 - [MESSAGE][PASSED] - Object '' is present

2020-10-20 15:44:46 - [MESSAGE][PASSED] - Object: '' is focused

2020-10-20 15:44:46 - [MESSAGE][PASSED] - Object '' is not checked

2020-10-20 15:44:46 - [MESSAGE][PASSED] - Object '' is present

2020-10-20 15:44:46 - [MESSAGE][PASSED] - Object: '' is focused

2020-10-20 15:44:46 - [MESSAGE][PASSED] - Object '' is not checked

2020-10-20 15:44:46 - [MESSAGE][PASSED] - Object '' is present

2020-10-20 15:44:46 - [MESSAGE][PASSED] - Object: '' is focused

2020-10-20 15:44:46 - [MESSAGE][PASSED] - Object '' is not checked

2020-10-20 15:44:47 - [MESSAGE][PASSED] - Object '' is present

2020-10-20 15:44:47 - [MESSAGE][PASSED] - Object: '' is focused

2020-10-20 15:44:50 - [MESSAGE][PASSED] - Delayed 3 second(s)

2020-10-20 15:44:50 - [MESSAGE][PASSED] - Object: '' is clicked on

2020-10-20 15:44:50 - [MESSAGE][PASSED] - Object '' is present

2020-10-20 15:44:50 - [MESSAGE][PASSED] - Object: '' is focused

2020-10-20 15:44:50 - [MESSAGE][PASSED] - Object '' is not checked

2020-10-20 15:44:50 - [MESSAGE][PASSED] - Object '' is present

2020-10-20 15:44:50 - [MESSAGE][PASSED] - Object: '' is focused

2020-10-20 15:44:50 - [MESSAGE][PASSED] - Object '' is not checked

2020-10-20 15:44:50 - [MESSAGE][PASSED] - Object '' is present

2020-10-20 15:44:50 - [MESSAGE][PASSED] - Object: '' is focused

2020-10-20 15:44:50 - [MESSAGE][PASSED] - Object '' is not checked

2020-10-20 15:44:50 - [MESSAGE][PASSED] - Varify the mistake detail already match with the matrix Base on Type Contract

2020-10-20 15:44:50 - [TEST_STEP][PASSED] - Click on Tab "KTP": Click on Tab "KTP"

2020-10-20 15:44:50 - [MESSAGE][PASSED] - Object '' is present

2020-10-20 15:44:50 - [MESSAGE][PASSED] - Object: '' is focused

2020-10-20 15:44:53 - [MESSAGE][PASSED] - Delayed 3 second(s)

2020-10-20 15:44:53 - [MESSAGE][PASSED] - Object: '' is clicked on

2020-10-20 15:44:53 - [MESSAGE][PASSED] - Click on Tab "KTP"

2020-10-20 15:44:53 - [TEST_STEP][PASSED] - Checkbox General Mistake "20. KTP atau Resi - Alamat tetap pemohon pada sistem (HoS) berbeda dengan KTP": Checkbox General Mistake "20. KTP atau Resi - Alamat tetap pemohon pada sistem (HoS) berbeda dengan KTP"

2020-10-20 15:44:53 - [MESSAGE][PASSED] - Object: '' is clicked on

2020-10-20 15:44:53 - [MESSAGE][PASSED] - Wait for page load successfully

2020-10-20 15:44:53 - [MESSAGE][PASSED] - Checkbox General Mistake "20. KTP atau Resi - Alamat tetap pemohon pada sistem (HoS) berbeda dengan KTP"

2020-10-20 15:44:53 - [TEST_STEP][PASSED] - Choose Dropdown mistake type "Beda RT" from mistake name "20. KTP atau Resi - Alamat tetap pemohon pada sistem (HoS) berbeda dengan KTP": Choose Dropdown mistake type "Beda RT" from mistake name "20. KTP atau Resi - Alamat tetap pemohon pada sistem (HoS) berbeda dengan KTP"

2020-10-20 15:44:53 - [MESSAGE][PASSED] - All options with index in [1] are selected on object ''

2020-10-20 15:44:54 - [MESSAGE][PASSED] - Wait for page load successfully

2020-10-20 15:44:54 - [MESSAGE][PASSED] - Choose Dropdown mistake type "Beda RT" from mistake name "20. KTP atau Resi - Alamat tetap pemohon pada sistem (HoS) berbeda dengan KTP"

2020-10-20 15:44:54 - [TEST_STEP][PASSED] - Type on textarea note before based on mistake name "20. KTP atau Resi - Alamat tetap pemohon pada sistem (HoS) berbeda dengan KTP" with value "TESTING": Type on textarea note before based on mistake name "20. KTP atau Resi - Alamat tetap pemohon pada sistem (HoS) berbeda dengan KTP" with value "TESTING"

2020-10-20 15:44:54 - [MESSAGE][PASSED] - Text 'TESTING' is set on object ''

2020-10-20 15:44:54 - [MESSAGE][PASSED] - Wait for page load successfully

2020-10-20 15:44:54 - [MESSAGE][PASSED] - Type on textarea note before based on mistake name "20. KTP atau Resi - Alamat tetap pemohon pada sistem (HoS) berbeda dengan KTP" with value "TESTING"

2020-10-20 15:44:54 - [TEST_STEP][PASSED] - Type on textarea note after based on mistake name "20. KTP atau Resi - Alamat tetap pemohon pada sistem (HoS) berbeda dengan KTP" with value "TESTING after": Type on textarea note after based on mistake name "20. KTP atau Resi - Alamat tetap pemohon pada sistem (HoS) berbeda dengan KTP" with value "TESTING after"

2020-10-20 15:44:54 - [MESSAGE][PASSED] - Text 'TESTING after' is set on object ''

2020-10-20 15:44:54 - [MESSAGE][PASSED] - Wait for page load successfully

2020-10-20 15:44:54 - [MESSAGE][PASSED] - Type on textarea note after based on mistake name "20. KTP atau Resi - Alamat tetap pemohon pada sistem (HoS) berbeda dengan KTP" with value "TESTING after"

2020-10-20 15:44:54 - [TEST_STEP][PASSED] - Click button "Save": Click button "Save"

2020-10-20 15:44:54 - [MESSAGE][INFO] - >>>>>//Button[contains(text(),'Save')]

2020-10-20 15:44:57 - [MESSAGE][PASSED] - Object: '' is clicked on

2020-10-20 15:44:57 - [MESSAGE][PASSED] - Click button "Save"

2020-10-20 15:44:57 - [TEST_STEP][PASSED] - Get text from pop up "IT Supporting Tools" with text "Mistake has been saved": Get text from pop up "IT Supporting Tools" with text "Mistake has been saved"

2020-10-20 15:44:57 - [MESSAGE][PASSED] - Taking screenshot successfully
[[ATTACHMENT|/Users/chaidir.pratama01/Documents/Docs/Katalon Studio/Screenshot/errorpopup.png]]

2020-10-20 15:44:57 - [MESSAGE][PASSED] - Object '' is present

2020-10-20 15:44:57 - [MESSAGE][PASSED] - Wait for page load successfully

2020-10-20 15:44:57 - [MESSAGE][PASSED] - Wait for page load successfully

2020-10-20 15:44:57 - [MESSAGE][PASSED] - Get text from pop up "IT Supporting Tools" with text "Mistake has been saved"

2020-10-20 15:44:57 - [TEST_STEP][PASSED] - Click button "OK": Click button "OK"

2020-10-20 15:44:57 - [MESSAGE][INFO] - >>>>>//Button[contains(text(),'OK')]

2020-10-20 15:45:00 - [MESSAGE][PASSED] - Object: '' is clicked on

2020-10-20 15:45:00 - [MESSAGE][PASSED] - Click button "OK"

2020-10-20 15:45:00 - [TEST_STEP][PASSED] - Click button "Logout": Click button "Logout"

2020-10-20 15:45:00 - [MESSAGE][INFO] - >>>>>//Button[contains(text(),'Logout')]

2020-10-20 15:45:04 - [MESSAGE][PASSED] - Object: '' is clicked on

2020-10-20 15:45:04 - [MESSAGE][PASSED] - Click button "Logout"

2020-10-20 15:45:04 - [TEST_STEP][PASSED] - Close browser: Close browser

2020-10-20 15:45:04 - [MESSAGE][PASSED] - Browser is closed

2020-10-20 15:45:04 - [MESSAGE][PASSED] - Close browser

2020-10-20 15:45:04 - [MESSAGE][PASSED] - Feature file: 'Include/features/IST_Real/CONTRACT_DISPATCHER_DONA_B2B/BUKALAPAK/Contract_Dispatcher_BUKALAPAK_B2B.feature' was passed]]></system-out>
         <system-err><![CDATA[]]></system-err>
      </testcase>
      <testcase name="Test Cases/IST_Real/CONTRACT_DISPATCHER_DONA_B2B/BUKALAPAK/TC BUKALAPAK - Update Tbl CDS CDC TRKRegMistake" time="1.094" classname="Test Cases/IST_Real/CONTRACT_DISPATCHER_DONA_B2B/BUKALAPAK/TC BUKALAPAK - Update Tbl CDS CDC TRKRegMistake" status="PASSED">
         <system-out><![CDATA[2020-10-20 15:45:04 - [TEST_CASE][PASSED] - Test Cases/IST_Real/CONTRACT_DISPATCHER_DONA_B2B/BUKALAPAK/TC BUKALAPAK - Update Tbl CDS CDC TRKRegMistake: Test Cases/IST_Real/CONTRACT_DISPATCHER_DONA_B2B/BUKALAPAK/TC BUKALAPAK - Update Tbl CDS CDC TRKRegMistake

2020-10-20 15:45:04 - [TEST_STEP][PASSED] - runFeatureFile("Include/features/IST_Real/CONTRACT_DISPATCHER_DONA_B2B/BUKALAPAK/Update_Tbl_CDS_CDC_TRK_RegMistake.feature"): Feature file: 'Include/features/IST_Real/CONTRACT_DISPATCHER_DONA_B2B/BUKALAPAK/Update_Tbl_CDS_CDC_TRK_RegMistake.feature' was passed

2020-10-20 15:45:04 - [MESSAGE][INFO] - Starting run keyword runFeatureFile: 'Include/features/IST_Real/CONTRACT_DISPATCHER_DONA_B2B/BUKALAPAK/Update_Tbl_CDS_CDC_TRK_RegMistake.feature' and extract report to folder: '/Users/chaidir.pratama01/Katalon Studio/IST_Automation_Git/Reports/20201020_154359/CONTRACT_DISPATCHER_DONA_B2B/TS_BUKALAPAK_B2B/20201020_154359/cucumber_report/1603183504326'...

2020-10-20 15:45:04 - [TEST_CASE][PASSED] - Start Test Case : SCENARIO Update Table CONTRACT_DISPATCHER_SOURCE and CONTRACT_DISPTACHER_CLAIM: SCENARIO Update Table CONTRACT_DISPATCHER_SOURCE and CONTRACT_DISPTACHER_CLAIM

2020-10-20 15:45:04 - [TEST_STEP][PASSED] - Connect to Database: Connect to Database

2020-10-20 15:45:04 - [MESSAGE][PASSED] - Connect to Database

2020-10-20 15:45:04 - [TEST_STEP][PASSED] - Update Tbl CONTRACT DISPATCHER SOURCE To Change PROCESSED From Y to N For Bukalapak B2B: Update Tbl CONTRACT DISPATCHER SOURCE To Change PROCESSED From Y to N For Bukalapak B2B

2020-10-20 15:45:05 - [MESSAGE][PASSED] - Update Tbl CONTRACT DISPATCHER SOURCE To Change PROCESSED From Y to N For Bukalapak B2B

2020-10-20 15:45:05 - [TEST_STEP][PASSED] - Update Tbl CONTRACT DISPATCHER CLAIM To Delete PROCESS From Column STATUS: Update Tbl CONTRACT DISPATCHER CLAIM To Delete PROCESS From Column STATUS

2020-10-20 15:45:05 - [MESSAGE][PASSED] - Update Tbl CONTRACT DISPATCHER CLAIM To Delete PROCESS From Column STATUS

2020-10-20 15:45:05 - [TEST_STEP][PASSED] - Delete Contract From TRK_REGISTRATION_MISTAKE: Delete Contract From TRK_REGISTRATION_MISTAKE

2020-10-20 15:45:05 - [MESSAGE][PASSED] - Delete Contract From TRK_REGISTRATION_MISTAKE

2020-10-20 15:45:05 - [MESSAGE][PASSED] - Feature file: 'Include/features/IST_Real/CONTRACT_DISPATCHER_DONA_B2B/BUKALAPAK/Update_Tbl_CDS_CDC_TRK_RegMistake.feature' was passed]]></system-out>
         <system-err><![CDATA[]]></system-err>
      </testcase>
      <testcase name="Test Cases/IST_Real/CONTRACT_DISPATCHER_DONA_B2B/BUKALAPAK/TC BUKALAPAK - Claim Contract BUKALAPAK then Save it Without Register Any Mistakes" time="62.955" classname="Test Cases/IST_Real/CONTRACT_DISPATCHER_DONA_B2B/BUKALAPAK/TC BUKALAPAK - Claim Contract BUKALAPAK then Save it Without Register Any Mistakes" status="FAILED">
         <failure type="FAILED" message="Test Cases/IST_Real/CONTRACT_DISPATCHER_DONA_B2B/BUKALAPAK/TC BUKALAPAK - Claim Contract BUKALAPAK then Save it Without Register Any Mistakes FAILED.
Reason:
com.kms.katalon.core.exception.StepFailedException: Feature file 'Include/features/IST_Real/CONTRACT_DISPATCHER_DONA_B2B/BUKALAPAK/Claim_Contract_BUKALAPAK_B2B_then_Save_it_Without_Register_Any_Mistakes.feature' was failed
	at com.kms.katalon.core.keyword.internal.KeywordMain.stepFailed(KeywordMain.groovy:50)
	at com.kms.katalon.core.keyword.internal.KeywordMain.stepFailed(KeywordMain.groovy)
	at com.kms.katalon.core.keyword.internal.KeywordMain.stepFailed(KeywordMain.groovy:23)
	at com.kms.katalon.core.keyword.internal.KeywordMain$stepFailed$0.call(Unknown Source)
	at com.kms.katalon.core.cucumber.keyword.CucumberBuiltinKeywords$_runFeatureFile_closure1.doCall(CucumberBuiltinKeywords.groovy:82)
	at com.kms.katalon.core.cucumber.keyword.CucumberBuiltinKeywords$_runFeatureFile_closure1.doCall(CucumberBuiltinKeywords.groovy)
	at com.kms.katalon.core.keyword.internal.KeywordMain.runKeyword(KeywordMain.groovy:68)
	at com.kms.katalon.core.keyword.internal.KeywordMain$runKeyword.call(Unknown Source)
	at com.kms.katalon.core.cucumber.keyword.CucumberBuiltinKeywords.runFeatureFile(CucumberBuiltinKeywords.groovy:46)
	at com.kms.katalon.core.cucumber.keyword.CucumberBuiltinKeywords$runFeatureFile$0.callStatic(Unknown Source)
	at com.kms.katalon.core.cucumber.keyword.CucumberBuiltinKeywords.runFeatureFile(CucumberBuiltinKeywords.groovy:169)
	at com.kms.katalon.core.cucumber.keyword.CucumberBuiltinKeywords$runFeatureFile.call(Unknown Source)
	at TC BUKALAPAK - Claim Contract BUKALAPAK then Save it Without Register Any Mistakes.run(TC BUKALAPAK - Claim Contract BUKALAPAK then Save it Without Register Any Mistakes:18)
	at com.kms.katalon.core.main.ScriptEngine.run(ScriptEngine.java:194)
	at com.kms.katalon.core.main.ScriptEngine.runScriptAsRawText(ScriptEngine.java:119)
	at com.kms.katalon.core.main.TestCaseExecutor.runScript(TestCaseExecutor.java:339)
	at com.kms.katalon.core.main.TestCaseExecutor.doExecute(TestCaseExecutor.java:330)
	at com.kms.katalon.core.main.TestCaseExecutor.processExecutionPhase(TestCaseExecutor.java:309)
	at com.kms.katalon.core.main.TestCaseExecutor.accessMainPhase(TestCaseExecutor.java:301)
	at com.kms.katalon.core.main.TestCaseExecutor.execute(TestCaseExecutor.java:235)
	at com.kms.katalon.core.main.TestSuiteExecutor.accessTestCaseMainPhase(TestSuiteExecutor.java:191)
	at com.kms.katalon.core.main.TestSuiteExecutor.accessTestSuiteMainPhase(TestSuiteExecutor.java:141)
	at com.kms.katalon.core.main.TestSuiteExecutor.execute(TestSuiteExecutor.java:90)
	at com.kms.katalon.core.main.TestCaseMain.startTestSuite(TestCaseMain.java:157)
	at com.kms.katalon.core.main.TestCaseMain$startTestSuite$0.call(Unknown Source)
	at TempTestSuite1603183439976.run(TempTestSuite1603183439976.groovy:39)
"/>
         <system-out><![CDATA[2020-10-20 15:45:05 - [TEST_CASE][FAILED] - Test Cases/IST_Real/CONTRACT_DISPATCHER_DONA_B2B/BUKALAPAK/TC BUKALAPAK - Claim Contract BUKALAPAK then Save it Without Register Any Mistakes: Test Cases/IST_Real/CONTRACT_DISPATCHER_DONA_B2B/BUKALAPAK/TC BUKALAPAK - Claim Contract BUKALAPAK then Save it Without Register Any Mistakes FAILED.
Reason:
com.kms.katalon.core.exception.StepFailedException: Feature file 'Include/features/IST_Real/CONTRACT_DISPATCHER_DONA_B2B/BUKALAPAK/Claim_Contract_BUKALAPAK_B2B_then_Save_it_Without_Register_Any_Mistakes.feature' was failed
	at com.kms.katalon.core.keyword.internal.KeywordMain.stepFailed(KeywordMain.groovy:50)
	at com.kms.katalon.core.keyword.internal.KeywordMain.stepFailed(KeywordMain.groovy)
	at com.kms.katalon.core.keyword.internal.KeywordMain.stepFailed(KeywordMain.groovy:23)
	at com.kms.katalon.core.keyword.internal.KeywordMain$stepFailed$0.call(Unknown Source)
	at com.kms.katalon.core.cucumber.keyword.CucumberBuiltinKeywords$_runFeatureFile_closure1.doCall(CucumberBuiltinKeywords.groovy:82)
	at com.kms.katalon.core.cucumber.keyword.CucumberBuiltinKeywords$_runFeatureFile_closure1.doCall(CucumberBuiltinKeywords.groovy)
	at com.kms.katalon.core.keyword.internal.KeywordMain.runKeyword(KeywordMain.groovy:68)
	at com.kms.katalon.core.keyword.internal.KeywordMain$runKeyword.call(Unknown Source)
	at com.kms.katalon.core.cucumber.keyword.CucumberBuiltinKeywords.runFeatureFile(CucumberBuiltinKeywords.groovy:46)
	at com.kms.katalon.core.cucumber.keyword.CucumberBuiltinKeywords$runFeatureFile$0.callStatic(Unknown Source)
	at com.kms.katalon.core.cucumber.keyword.CucumberBuiltinKeywords.runFeatureFile(CucumberBuiltinKeywords.groovy:169)
	at com.kms.katalon.core.cucumber.keyword.CucumberBuiltinKeywords$runFeatureFile.call(Unknown Source)
	at TC BUKALAPAK - Claim Contract BUKALAPAK then Save it Without Register Any Mistakes.run(TC BUKALAPAK - Claim Contract BUKALAPAK then Save it Without Register Any Mistakes:18)
	at com.kms.katalon.core.main.ScriptEngine.run(ScriptEngine.java:194)
	at com.kms.katalon.core.main.ScriptEngine.runScriptAsRawText(ScriptEngine.java:119)
	at com.kms.katalon.core.main.TestCaseExecutor.runScript(TestCaseExecutor.java:339)
	at com.kms.katalon.core.main.TestCaseExecutor.doExecute(TestCaseExecutor.java:330)
	at com.kms.katalon.core.main.TestCaseExecutor.processExecutionPhase(TestCaseExecutor.java:309)
	at com.kms.katalon.core.main.TestCaseExecutor.accessMainPhase(TestCaseExecutor.java:301)
	at com.kms.katalon.core.main.TestCaseExecutor.execute(TestCaseExecutor.java:235)
	at com.kms.katalon.core.main.TestSuiteExecutor.accessTestCaseMainPhase(TestSuiteExecutor.java:191)
	at com.kms.katalon.core.main.TestSuiteExecutor.accessTestSuiteMainPhase(TestSuiteExecutor.java:141)
	at com.kms.katalon.core.main.TestSuiteExecutor.execute(TestSuiteExecutor.java:90)
	at com.kms.katalon.core.main.TestCaseMain.startTestSuite(TestCaseMain.java:157)
	at com.kms.katalon.core.main.TestCaseMain$startTestSuite$0.call(Unknown Source)
	at TempTestSuite1603183439976.run(TempTestSuite1603183439976.groovy:39)


2020-10-20 15:45:05 - [TEST_STEP][FAILED] - runFeatureFile("Include/features/IST_Real/CONTRACT_DISPATCHER_DONA_B2B/BUKALAPAK/Claim_Contract_BUKALAPAK_B2B_then_Save_it_Without_Register_Any_Mistakes.feature"): Keyword runFeatureFile was failed (Root cause: com.kms.katalon.core.exception.StepFailedException: Feature file 'Include/features/IST_Real/CONTRACT_DISPATCHER_DONA_B2B/BUKALAPAK/Claim_Contract_BUKALAPAK_B2B_then_Save_it_Without_Register_Any_Mistakes.feature' was failed
	at com.kms.katalon.core.keyword.internal.KeywordMain.stepFailed(KeywordMain.groovy:50)
	at com.kms.katalon.core.keyword.internal.KeywordMain.stepFailed(KeywordMain.groovy)
	at com.kms.katalon.core.keyword.internal.KeywordMain.stepFailed(KeywordMain.groovy:23)
	at com.kms.katalon.core.keyword.internal.KeywordMain$stepFailed$0.call(Unknown Source)
	at com.kms.katalon.core.cucumber.keyword.CucumberBuiltinKeywords$_runFeatureFile_closure1.doCall(CucumberBuiltinKeywords.groovy:82)
	at com.kms.katalon.core.cucumber.keyword.CucumberBuiltinKeywords$_runFeatureFile_closure1.doCall(CucumberBuiltinKeywords.groovy)
	at com.kms.katalon.core.keyword.internal.KeywordMain.runKeyword(KeywordMain.groovy:68)
	at com.kms.katalon.core.keyword.internal.KeywordMain$runKeyword.call(Unknown Source)
	at com.kms.katalon.core.cucumber.keyword.CucumberBuiltinKeywords.runFeatureFile(CucumberBuiltinKeywords.groovy:46)
	at com.kms.katalon.core.cucumber.keyword.CucumberBuiltinKeywords$runFeatureFile$0.callStatic(Unknown Source)
	at com.kms.katalon.core.cucumber.keyword.CucumberBuiltinKeywords.runFeatureFile(CucumberBuiltinKeywords.groovy:169)
	at com.kms.katalon.core.cucumber.keyword.CucumberBuiltinKeywords$runFeatureFile.call(Unknown Source)
	at TC BUKALAPAK - Claim Contract BUKALAPAK then Save it Without Register Any Mistakes.run(TC BUKALAPAK - Claim Contract BUKALAPAK then Save it Without Register Any Mistakes:18)
	at com.kms.katalon.core.main.ScriptEngine.run(ScriptEngine.java:194)
	at com.kms.katalon.core.main.ScriptEngine.runScriptAsRawText(ScriptEngine.java:119)
	at com.kms.katalon.core.main.TestCaseExecutor.runScript(TestCaseExecutor.java:339)
	at com.kms.katalon.core.main.TestCaseExecutor.doExecute(TestCaseExecutor.java:330)
	at com.kms.katalon.core.main.TestCaseExecutor.processExecutionPhase(TestCaseExecutor.java:309)
	at com.kms.katalon.core.main.TestCaseExecutor.accessMainPhase(TestCaseExecutor.java:301)
	at com.kms.katalon.core.main.TestCaseExecutor.execute(TestCaseExecutor.java:235)
	at com.kms.katalon.core.main.TestSuiteExecutor.accessTestCaseMainPhase(TestSuiteExecutor.java:191)
	at com.kms.katalon.core.main.TestSuiteExecutor.accessTestSuiteMainPhase(TestSuiteExecutor.java:141)
	at com.kms.katalon.core.main.TestSuiteExecutor.execute(TestSuiteExecutor.java:90)
	at com.kms.katalon.core.main.TestCaseMain.startTestSuite(TestCaseMain.java:157)
	at com.kms.katalon.core.main.TestCaseMain$startTestSuite$0.call(Unknown Source)
	at TempTestSuite1603183439976.run(TempTestSuite1603183439976.groovy:39)
)

2020-10-20 15:45:05 - [MESSAGE][INFO] - Starting run keyword runFeatureFile: 'Include/features/IST_Real/CONTRACT_DISPATCHER_DONA_B2B/BUKALAPAK/Claim_Contract_BUKALAPAK_B2B_then_Save_it_Without_Register_Any_Mistakes.feature' and extract report to folder: '/Users/chaidir.pratama01/Katalon Studio/IST_Automation_Git/Reports/20201020_154359/CONTRACT_DISPATCHER_DONA_B2B/TS_BUKALAPAK_B2B/20201020_154359/cucumber_report/1603183505511'...

2020-10-20 15:45:05 - [TEST_CASE][FAILED] - Start Test Case : SCENARIO Select Menu Contract Dispatcher and Select Contract based on type contract Dona Bukalapak B2B: SCENARIO Select Menu Contract Dispatcher and Select Contract based on type contract Dona Bukalapak B2B FAILED.
Reason:
com.kms.katalon.core.exception.StepFailedException: Unable to verify object '' is present
	at com.kms.katalon.core.webui.keyword.internal.WebUIKeywordMain.stepFailed(WebUIKeywordMain.groovy:64)
	at com.kms.katalon.core.webui.keyword.internal.WebUIKeywordMain.runKeyword(WebUIKeywordMain.groovy:26)
	at com.kms.katalon.core.webui.keyword.builtin.VerifyElementPresentKeyword.verifyElementPresent(VerifyElementPresentKeyword.groovy:92)
	at com.kms.katalon.core.webui.keyword.builtin.VerifyElementPresentKeyword.execute(VerifyElementPresentKeyword.groovy:68)
	at com.kms.katalon.core.keyword.internal.KeywordExecutor.executeKeywordForPlatform(KeywordExecutor.groovy:73)
	at com.kms.katalon.core.webui.keyword.WebUiBuiltInKeywords.verifyElementPresent(WebUiBuiltInKeywords.groovy:1460)
	at com.kms.katalon.core.webui.keyword.WebUiBuiltInKeywords$verifyElementPresent$6.call(Unknown Source)
	at ist_real.Contract_Dispatcher.gettextconfirmationadd(Contract_Dispatcher.groovy:463)
	at âœ½.Get text from pop up "IT Supporting Tools" with text "Mistake has been saved"(/Users/chaidir.pratama01/Katalon Studio/IST_Automation_Git/Include/features/IST_Real/CONTRACT_DISPATCHER_DONA_B2B/BUKALAPAK/Claim_Contract_BUKALAPAK_B2B_then_Save_it_Without_Register_Any_Mistakes.feature:36)
Caused by: com.kms.katalon.core.exception.StepFailedException: com.kms.katalon.core.webui.exception.WebElementNotFoundException: Web element with id: '' located by '//div[contains(text(),"IT Supporting Tools")]/following-sibling::div/table/tbody/tr/td/table/tbody/tr/td[5]/div/span[contains(text(),"Mistake has been saved")]' not found
	at com.kms.katalon.core.webui.keyword.internal.WebUIKeywordMain.stepFailed(WebUIKeywordMain.groovy:64)
	at com.kms.katalon.core.webui.keyword.builtin.VerifyElementPresentKeyword$_verifyElementPresent_closure1.doCall(VerifyElementPresentKeyword.groovy:85)
	at com.kms.katalon.core.webui.keyword.builtin.VerifyElementPresentKeyword$_verifyElementPresent_closure1.call(VerifyElementPresentKeyword.groovy)
	at com.kms.katalon.core.webui.keyword.internal.WebUIKeywordMain.runKeyword(WebUIKeywordMain.groovy:20)
	at com.kms.katalon.core.webui.keyword.builtin.VerifyElementPresentKeyword.verifyElementPresent(VerifyElementPresentKeyword.groovy:92)
	at com.kms.katalon.core.webui.keyword.builtin.VerifyElementPresentKeyword.execute(VerifyElementPresentKeyword.groovy:68)
	at com.kms.katalon.core.keyword.internal.KeywordExecutor.executeKeywordForPlatform(KeywordExecutor.groovy:73)
	at com.kms.katalon.core.webui.keyword.WebUiBuiltInKeywords.verifyElementPresent(WebUiBuiltInKeywords.groovy:1460)
	at com.kms.katalon.core.webui.keyword.WebUiBuiltInKeywords$verifyElementPresent$6.call(Unknown Source)
	at ist_real.Contract_Dispatcher.gettextconfirmationadd(Contract_Dispatcher.groovy:463)
	at cucumber.runtime.Utils$1.call(Utils.java:26)
	at cucumber.runtime.Timeout.timeout(Timeout.java:16)
	at cucumber.runtime.Utils.invoke(Utils.java:20)
	at cucumber.runtime.java.JavaStepDefinition.execute(JavaStepDefinition.java:48)
	at cucumber.runtime.PickleStepDefinitionMatch.runStep(PickleStepDefinitionMatch.java:50)
	at cucumber.runner.TestStep.executeStep(TestStep.java:55)
	at cucumber.runner.TestStep.run(TestStep.java:42)
	at cucumber.runner.PickleStepTestStep.run(PickleStepTestStep.java:53)
	at cucumber.runner.TestCase.run(TestCase.java:47)
	at cucumber.runner.Runner.runPickle(Runner.java:44)
	at cucumber.runtime.Runtime.runFeature(Runtime.java:120)
	at cucumber.runtime.Runtime.run(Runtime.java:106)
	at cucumber.api.cli.Main.run(Main.java:35)
	at cucumber.api.cli.Main$run.call(Unknown Source)
	at com.kms.katalon.core.cucumber.keyword.CucumberBuiltinKeywords$_runFeatureFile_closure1.doCall(CucumberBuiltinKeywords.groovy:76)
	at com.kms.katalon.core.cucumber.keyword.CucumberBuiltinKeywords$_runFeatureFile_closure1.doCall(CucumberBuiltinKeywords.groovy)
	at com.kms.katalon.core.keyword.internal.KeywordMain.runKeyword(KeywordMain.groovy:68)
	at com.kms.katalon.core.keyword.internal.KeywordMain$runKeyword.call(Unknown Source)
	at com.kms.katalon.core.cucumber.keyword.CucumberBuiltinKeywords.runFeatureFile(CucumberBuiltinKeywords.groovy:46)
	at com.kms.katalon.core.cucumber.keyword.CucumberBuiltinKeywords$runFeatureFile$0.callStatic(Unknown Source)
	at com.kms.katalon.core.cucumber.keyword.CucumberBuiltinKeywords.runFeatureFile(CucumberBuiltinKeywords.groovy:169)
	at com.kms.katalon.core.cucumber.keyword.CucumberBuiltinKeywords$runFeatureFile.call(Unknown Source)
	at TC BUKALAPAK - Claim Contract BUKALAPAK then Save it Without Register Any Mistakes.run(TC BUKALAPAK - Claim Contract BUKALAPAK then Save it Without Register Any Mistakes:18)
	at com.kms.katalon.core.main.ScriptEngine.run(ScriptEngine.java:194)
	at com.kms.katalon.core.main.ScriptEngine.runScriptAsRawText(ScriptEngine.java:119)
	at com.kms.katalon.core.main.TestCaseExecutor.runScript(TestCaseExecutor.java:339)
	at com.kms.katalon.core.main.TestCaseExecutor.doExecute(TestCaseExecutor.java:330)
	at com.kms.katalon.core.main.TestCaseExecutor.processExecutionPhase(TestCaseExecutor.java:309)
	at com.kms.katalon.core.main.TestCaseExecutor.accessMainPhase(TestCaseExecutor.java:301)
	at com.kms.katalon.core.main.TestCaseExecutor.execute(TestCaseExecutor.java:235)
	at com.kms.katalon.core.main.TestSuiteExecutor.accessTestCaseMainPhase(TestSuiteExecutor.java:191)
	at com.kms.katalon.core.main.TestSuiteExecutor.accessTestSuiteMainPhase(TestSuiteExecutor.java:141)
	at com.kms.katalon.core.main.TestSuiteExecutor.execute(TestSuiteExecutor.java:90)
	at com.kms.katalon.core.main.TestCaseMain.startTestSuite(TestCaseMain.java:157)
	at com.kms.katalon.core.main.TestCaseMain$startTestSuite$0.call(Unknown Source)
	at TempTestSuite1603183439976.run(TempTestSuite1603183439976.groovy:39)


2020-10-20 15:45:05 - [TEST_STEP][PASSED] - Go to IST: Go to IST

2020-10-20 15:45:05 - [MESSAGE][INFO] - Starting 'Chrome (headless)' driver

2020-10-20 15:45:05 - [MESSAGE][INFO] - User set preference: ['args', '[--start-maximized, --disable-gpu, --no-proxy-server, â€“no-sandbox, --allow-running-insecure-content, --ignore-certificate-errors]']

2020-10-20 15:45:05 - [MESSAGE][INFO] - Action delay is set to 0 milliseconds

2020-10-20 15:45:06 - [MESSAGE][PASSED] - Browser is opened with url: ''

2020-10-20 15:45:07 - [MESSAGE][PASSED] - Navigate to 'https://dev-ist.homecredit.id/ist_tracker/' successfully

2020-10-20 15:45:08 - [MESSAGE][PASSED] - Taking screenshot successfully
[[ATTACHMENT|/Users/chaidir.pratama01/Documents/Docs/Katalon Studio/Screenshot/IST_Page.png]]

2020-10-20 15:45:08 - [MESSAGE][PASSED] - Go to IST

2020-10-20 15:45:08 - [TEST_STEP][PASSED] - Login IST with valid credentials: Login IST with valid credentials

2020-10-20 15:45:08 - [MESSAGE][PASSED] - Text 'mobile.test' is set on object 'Object Repository/Page_/input_Username_j_username'

2020-10-20 15:45:08 - [MESSAGE][PASSED] - Text ****** has been set on object 'Object Repository/Page_/input_Password_j_password'

2020-10-20 15:45:08 - [MESSAGE][PASSED] - Object: 'Object Repository/Page_/button_Login' is clicked on

2020-10-20 15:45:08 - [MESSAGE][PASSED] - Login IST with valid credentials

2020-10-20 15:45:08 - [TEST_STEP][PASSED] - Login Success for contract dispatcher: Login Success for contract dispatcher

2020-10-20 15:45:08 - [MESSAGE][INFO] - Login Success

2020-10-20 15:45:08 - [MESSAGE][PASSED] - Current window maximized

2020-10-20 15:45:08 - [MESSAGE][PASSED] - Object 'Object Repository/Page_/h1_Welcome to IT Supporting Tools' is present

2020-10-20 15:45:08 - [MESSAGE][PASSED] - Login Success for contract dispatcher

2020-10-20 15:45:08 - [TEST_STEP][PASSED] - Select Menu "Contract Dispatcher": Select Menu "Contract Dispatcher"

2020-10-20 15:45:09 - [MESSAGE][PASSED] - Taking screenshot successfully
[[ATTACHMENT|/Users/chaidir.pratama01/Documents/Docs/Katalon Studio/Screenshot/test-Contract Dispatcher.png]]

2020-10-20 15:45:09 - [MESSAGE][PASSED] - Object '' is present

2020-10-20 15:45:09 - [MESSAGE][PASSED] - Object: '' is clicked on

2020-10-20 15:45:09 - [MESSAGE][PASSED] - Wait for page load successfully

2020-10-20 15:45:09 - [MESSAGE][PASSED] - Select Menu "Contract Dispatcher"

2020-10-20 15:45:09 - [TEST_STEP][PASSED] - Select Contract Number based on Type Contract "DONA_BUKALAPAK_B2B": Select Contract Number based on Type Contract "DONA_BUKALAPAK_B2B"

2020-10-20 15:45:09 - [MESSAGE][PASSED] - Object '' is present

2020-10-20 15:45:09 - [MESSAGE][PASSED] - Object '' is present

2020-10-20 15:45:09 - [MESSAGE][PASSED] - Object: '' is clicked on

2020-10-20 15:45:09 - [MESSAGE][PASSED] - Select Contract Number based on Type Contract "DONA_BUKALAPAK_B2B"

2020-10-20 15:45:09 - [TEST_STEP][PASSED] - Click button "Claim": Click button "Claim"

2020-10-20 15:45:09 - [MESSAGE][INFO] - >>>>>//Button[contains(text(),'Claim')]

2020-10-20 15:45:12 - [MESSAGE][PASSED] - Object: '' is clicked on

2020-10-20 15:45:12 - [MESSAGE][PASSED] - Click button "Claim"

2020-10-20 15:45:12 - [TEST_STEP][PASSED] - Verify Tab Mistake Matrix Base on Type Contract: Verify Tab Mistake Matrix Base on Type Contract

2020-10-20 15:45:13 - [MESSAGE][PASSED] - Object '' is present

2020-10-20 15:45:13 - [MESSAGE][PASSED] - Object '' is present

2020-10-20 15:45:13 - [MESSAGE][PASSED] - Object '' is present

2020-10-20 15:45:13 - [MESSAGE][PASSED] - Object '' is present

2020-10-20 15:45:13 - [MESSAGE][PASSED] - Object '' is present

2020-10-20 15:45:13 - [MESSAGE][PASSED] - Verify Tab Mistake Matrix Base on Type Contract

2020-10-20 15:45:13 - [TEST_STEP][PASSED] - Varify the mistake detail already match with the matrix Base on Type Contract: Varify the mistake detail already match with the matrix Base on Type Contract

2020-10-20 15:45:13 - [MESSAGE][PASSED] - Object '' is present

2020-10-20 15:45:13 - [MESSAGE][PASSED] - Object: '' is focused

2020-10-20 15:45:16 - [MESSAGE][PASSED] - Delayed 3 second(s)

2020-10-20 15:45:16 - [MESSAGE][PASSED] - Object: '' is clicked on

2020-10-20 15:45:16 - [MESSAGE][PASSED] - Object '' is present

2020-10-20 15:45:16 - [MESSAGE][PASSED] - Object: '' is focused

2020-10-20 15:45:16 - [MESSAGE][PASSED] - Object '' is not checked

2020-10-20 15:45:16 - [MESSAGE][PASSED] - Object '' is present

2020-10-20 15:45:16 - [MESSAGE][PASSED] - Object: '' is focused

2020-10-20 15:45:16 - [MESSAGE][PASSED] - Object '' is not checked

2020-10-20 15:45:16 - [MESSAGE][PASSED] - Object '' is present

2020-10-20 15:45:16 - [MESSAGE][PASSED] - Object: '' is focused

2020-10-20 15:45:16 - [MESSAGE][PASSED] - Object '' is not checked

2020-10-20 15:45:16 - [MESSAGE][PASSED] - Object '' is present

2020-10-20 15:45:16 - [MESSAGE][PASSED] - Object: '' is focused

2020-10-20 15:45:16 - [MESSAGE][PASSED] - Object '' is not checked

2020-10-20 15:45:17 - [MESSAGE][PASSED] - Object '' is present

2020-10-20 15:45:17 - [MESSAGE][PASSED] - Object: '' is focused

2020-10-20 15:45:17 - [MESSAGE][PASSED] - Object '' is not checked

2020-10-20 15:45:17 - [MESSAGE][PASSED] - Object '' is present

2020-10-20 15:45:17 - [MESSAGE][PASSED] - Object: '' is focused

2020-10-20 15:45:17 - [MESSAGE][PASSED] - Object '' is not checked

2020-10-20 15:45:17 - [MESSAGE][PASSED] - Object '' is present

2020-10-20 15:45:17 - [MESSAGE][PASSED] - Object: '' is focused

2020-10-20 15:45:17 - [MESSAGE][PASSED] - Object '' is not checked

2020-10-20 15:45:17 - [MESSAGE][PASSED] - Object '' is present

2020-10-20 15:45:17 - [MESSAGE][PASSED] - Object: '' is focused

2020-10-20 15:45:17 - [MESSAGE][PASSED] - Object '' is not checked

2020-10-20 15:45:17 - [MESSAGE][PASSED] - Object '' is present

2020-10-20 15:45:17 - [MESSAGE][PASSED] - Object: '' is focused

2020-10-20 15:45:17 - [MESSAGE][PASSED] - Object '' is not checked

2020-10-20 15:45:17 - [MESSAGE][PASSED] - Object '' is present

2020-10-20 15:45:17 - [MESSAGE][PASSED] - Object: '' is focused

2020-10-20 15:45:17 - [MESSAGE][PASSED] - Object '' is not checked

2020-10-20 15:45:17 - [MESSAGE][PASSED] - Object '' is present

2020-10-20 15:45:17 - [MESSAGE][PASSED] - Object: '' is focused

2020-10-20 15:45:17 - [MESSAGE][PASSED] - Object '' is not checked

2020-10-20 15:45:17 - [MESSAGE][PASSED] - Object '' is present

2020-10-20 15:45:17 - [MESSAGE][PASSED] - Object: '' is focused

2020-10-20 15:45:17 - [MESSAGE][PASSED] - Object '' is not checked

2020-10-20 15:45:17 - [MESSAGE][PASSED] - Object '' is present

2020-10-20 15:45:17 - [MESSAGE][PASSED] - Object: '' is focused

2020-10-20 15:45:17 - [MESSAGE][PASSED] - Object '' is not checked

2020-10-20 15:45:17 - [MESSAGE][PASSED] - Object '' is present

2020-10-20 15:45:17 - [MESSAGE][PASSED] - Object: '' is focused

2020-10-20 15:45:17 - [MESSAGE][PASSED] - Object '' is not checked

2020-10-20 15:45:17 - [MESSAGE][PASSED] - Object '' is present

2020-10-20 15:45:18 - [MESSAGE][PASSED] - Object: '' is focused

2020-10-20 15:45:18 - [MESSAGE][PASSED] - Object '' is not checked

2020-10-20 15:45:18 - [MESSAGE][PASSED] - Object '' is present

2020-10-20 15:45:18 - [MESSAGE][PASSED] - Object: '' is focused

2020-10-20 15:45:18 - [MESSAGE][PASSED] - Object '' is not checked

2020-10-20 15:45:18 - [MESSAGE][PASSED] - Object '' is present

2020-10-20 15:45:18 - [MESSAGE][PASSED] - Object: '' is focused

2020-10-20 15:45:18 - [MESSAGE][PASSED] - Object '' is not checked

2020-10-20 15:45:18 - [MESSAGE][PASSED] - Object '' is present

2020-10-20 15:45:18 - [MESSAGE][PASSED] - Object: '' is focused

2020-10-20 15:45:18 - [MESSAGE][PASSED] - Object '' is not checked

2020-10-20 15:45:18 - [MESSAGE][PASSED] - Object '' is present

2020-10-20 15:45:18 - [MESSAGE][PASSED] - Object: '' is focused

2020-10-20 15:45:18 - [MESSAGE][PASSED] - Object '' is not checked

2020-10-20 15:45:18 - [MESSAGE][PASSED] - Object '' is present

2020-10-20 15:45:18 - [MESSAGE][PASSED] - Object: '' is focused

2020-10-20 15:45:18 - [MESSAGE][PASSED] - Object '' is not checked

2020-10-20 15:45:18 - [MESSAGE][PASSED] - Object '' is present

2020-10-20 15:45:18 - [MESSAGE][PASSED] - Object: '' is focused

2020-10-20 15:45:21 - [MESSAGE][PASSED] - Delayed 3 second(s)

2020-10-20 15:45:21 - [MESSAGE][PASSED] - Object: '' is clicked on

2020-10-20 15:45:21 - [MESSAGE][PASSED] - Object '' is present

2020-10-20 15:45:21 - [MESSAGE][PASSED] - Object: '' is focused

2020-10-20 15:45:21 - [MESSAGE][PASSED] - Object '' is not checked

2020-10-20 15:45:21 - [MESSAGE][PASSED] - Object '' is present

2020-10-20 15:45:21 - [MESSAGE][PASSED] - Object: '' is focused

2020-10-20 15:45:21 - [MESSAGE][PASSED] - Object '' is not checked

2020-10-20 15:45:21 - [MESSAGE][PASSED] - Object '' is present

2020-10-20 15:45:21 - [MESSAGE][PASSED] - Object: '' is focused

2020-10-20 15:45:22 - [MESSAGE][PASSED] - Object '' is not checked

2020-10-20 15:45:22 - [MESSAGE][PASSED] - Object '' is present

2020-10-20 15:45:22 - [MESSAGE][PASSED] - Object: '' is focused

2020-10-20 15:45:22 - [MESSAGE][PASSED] - Object '' is not checked

2020-10-20 15:45:22 - [MESSAGE][PASSED] - Object '' is present

2020-10-20 15:45:22 - [MESSAGE][PASSED] - Object: '' is focused

2020-10-20 15:45:22 - [MESSAGE][PASSED] - Object '' is not checked

2020-10-20 15:45:22 - [MESSAGE][PASSED] - Object '' is present

2020-10-20 15:45:22 - [MESSAGE][PASSED] - Object: '' is focused

2020-10-20 15:45:22 - [MESSAGE][PASSED] - Object '' is not checked

2020-10-20 15:45:22 - [MESSAGE][PASSED] - Object '' is present

2020-10-20 15:45:22 - [MESSAGE][PASSED] - Object: '' is focused

2020-10-20 15:45:25 - [MESSAGE][PASSED] - Delayed 3 second(s)

2020-10-20 15:45:25 - [MESSAGE][PASSED] - Object: '' is clicked on

2020-10-20 15:45:25 - [MESSAGE][PASSED] - Object '' is present

2020-10-20 15:45:25 - [MESSAGE][PASSED] - Object: '' is focused

2020-10-20 15:45:25 - [MESSAGE][PASSED] - Object '' is not checked

2020-10-20 15:45:25 - [MESSAGE][PASSED] - Object '' is present

2020-10-20 15:45:25 - [MESSAGE][PASSED] - Object: '' is focused

2020-10-20 15:45:25 - [MESSAGE][PASSED] - Object '' is not checked

2020-10-20 15:45:25 - [MESSAGE][PASSED] - Object '' is present

2020-10-20 15:45:25 - [MESSAGE][PASSED] - Object: '' is focused

2020-10-20 15:45:25 - [MESSAGE][PASSED] - Object '' is not checked

2020-10-20 15:45:25 - [MESSAGE][PASSED] - Object '' is present

2020-10-20 15:45:25 - [MESSAGE][PASSED] - Object: '' is focused

2020-10-20 15:45:28 - [MESSAGE][PASSED] - Delayed 3 second(s)

2020-10-20 15:45:28 - [MESSAGE][PASSED] - Object: '' is clicked on

2020-10-20 15:45:29 - [MESSAGE][PASSED] - Object '' is present

2020-10-20 15:45:29 - [MESSAGE][PASSED] - Object: '' is focused

2020-10-20 15:45:29 - [MESSAGE][PASSED] - Object '' is not checked

2020-10-20 15:45:29 - [MESSAGE][PASSED] - Object '' is present

2020-10-20 15:45:29 - [MESSAGE][PASSED] - Object: '' is focused

2020-10-20 15:45:29 - [MESSAGE][PASSED] - Object '' is not checked

2020-10-20 15:45:29 - [MESSAGE][PASSED] - Object '' is present

2020-10-20 15:45:29 - [MESSAGE][PASSED] - Object: '' is focused

2020-10-20 15:45:29 - [MESSAGE][PASSED] - Object '' is not checked

2020-10-20 15:45:29 - [MESSAGE][PASSED] - Object '' is present

2020-10-20 15:45:29 - [MESSAGE][PASSED] - Object: '' is focused

2020-10-20 15:45:29 - [MESSAGE][PASSED] - Object '' is not checked

2020-10-20 15:45:29 - [MESSAGE][PASSED] - Object '' is present

2020-10-20 15:45:29 - [MESSAGE][PASSED] - Object: '' is focused

2020-10-20 15:45:29 - [MESSAGE][PASSED] - Object '' is not checked

2020-10-20 15:45:29 - [MESSAGE][PASSED] - Object '' is present

2020-10-20 15:45:29 - [MESSAGE][PASSED] - Object: '' is focused

2020-10-20 15:45:29 - [MESSAGE][PASSED] - Object '' is not checked

2020-10-20 15:45:29 - [MESSAGE][PASSED] - Object '' is present

2020-10-20 15:45:29 - [MESSAGE][PASSED] - Object: '' is focused

2020-10-20 15:45:29 - [MESSAGE][PASSED] - Object '' is not checked

2020-10-20 15:45:29 - [MESSAGE][PASSED] - Object '' is present

2020-10-20 15:45:29 - [MESSAGE][PASSED] - Object: '' is focused

2020-10-20 15:45:29 - [MESSAGE][PASSED] - Object '' is not checked

2020-10-20 15:45:29 - [MESSAGE][PASSED] - Object '' is present

2020-10-20 15:45:29 - [MESSAGE][PASSED] - Object: '' is focused

2020-10-20 15:45:32 - [MESSAGE][PASSED] - Delayed 3 second(s)

2020-10-20 15:45:32 - [MESSAGE][PASSED] - Object: '' is clicked on

2020-10-20 15:45:32 - [MESSAGE][PASSED] - Object '' is present

2020-10-20 15:45:33 - [MESSAGE][PASSED] - Object: '' is focused

2020-10-20 15:45:33 - [MESSAGE][PASSED] - Object '' is not checked

2020-10-20 15:45:33 - [MESSAGE][PASSED] - Object '' is present

2020-10-20 15:45:33 - [MESSAGE][PASSED] - Object: '' is focused

2020-10-20 15:45:33 - [MESSAGE][PASSED] - Object '' is not checked

2020-10-20 15:45:33 - [MESSAGE][PASSED] - Object '' is present

2020-10-20 15:45:33 - [MESSAGE][PASSED] - Object: '' is focused

2020-10-20 15:45:33 - [MESSAGE][PASSED] - Object '' is not checked

2020-10-20 15:45:33 - [MESSAGE][PASSED] - Varify the mistake detail already match with the matrix Base on Type Contract

2020-10-20 15:45:33 - [TEST_STEP][PASSED] - Click button "Save": Click button "Save"

2020-10-20 15:45:33 - [MESSAGE][INFO] - >>>>>//Button[contains(text(),'Save')]

2020-10-20 15:45:36 - [MESSAGE][PASSED] - Object: '' is clicked on

2020-10-20 15:45:36 - [MESSAGE][PASSED] - Click button "Save"

2020-10-20 15:45:36 - [TEST_STEP][FAILED] - Get text from pop up "IT Supporting Tools" with text "Mistake has been saved": Get text from pop up "IT Supporting Tools" with text "Mistake has been saved" FAILED.
Reason:
com.kms.katalon.core.exception.StepFailedException: Unable to verify object '' is present
	at com.kms.katalon.core.webui.keyword.internal.WebUIKeywordMain.stepFailed(WebUIKeywordMain.groovy:64)
	at com.kms.katalon.core.webui.keyword.internal.WebUIKeywordMain.runKeyword(WebUIKeywordMain.groovy:26)
	at com.kms.katalon.core.webui.keyword.builtin.VerifyElementPresentKeyword.verifyElementPresent(VerifyElementPresentKeyword.groovy:92)
	at com.kms.katalon.core.webui.keyword.builtin.VerifyElementPresentKeyword.execute(VerifyElementPresentKeyword.groovy:68)
	at com.kms.katalon.core.keyword.internal.KeywordExecutor.executeKeywordForPlatform(KeywordExecutor.groovy:73)
	at com.kms.katalon.core.webui.keyword.WebUiBuiltInKeywords.verifyElementPresent(WebUiBuiltInKeywords.groovy:1460)
	at com.kms.katalon.core.webui.keyword.WebUiBuiltInKeywords$verifyElementPresent$6.call(Unknown Source)
	at ist_real.Contract_Dispatcher.gettextconfirmationadd(Contract_Dispatcher.groovy:463)
	at âœ½.Get text from pop up "IT Supporting Tools" with text "Mistake has been saved"(/Users/chaidir.pratama01/Katalon Studio/IST_Automation_Git/Include/features/IST_Real/CONTRACT_DISPATCHER_DONA_B2B/BUKALAPAK/Claim_Contract_BUKALAPAK_B2B_then_Save_it_Without_Register_Any_Mistakes.feature:36)
Caused by: com.kms.katalon.core.exception.StepFailedException: com.kms.katalon.core.webui.exception.WebElementNotFoundException: Web element with id: '' located by '//div[contains(text(),"IT Supporting Tools")]/following-sibling::div/table/tbody/tr/td/table/tbody/tr/td[5]/div/span[contains(text(),"Mistake has been saved")]' not found
	at com.kms.katalon.core.webui.keyword.internal.WebUIKeywordMain.stepFailed(WebUIKeywordMain.groovy:64)
	at com.kms.katalon.core.webui.keyword.builtin.VerifyElementPresentKeyword$_verifyElementPresent_closure1.doCall(VerifyElementPresentKeyword.groovy:85)
	at com.kms.katalon.core.webui.keyword.builtin.VerifyElementPresentKeyword$_verifyElementPresent_closure1.call(VerifyElementPresentKeyword.groovy)
	at com.kms.katalon.core.webui.keyword.internal.WebUIKeywordMain.runKeyword(WebUIKeywordMain.groovy:20)
	at com.kms.katalon.core.webui.keyword.builtin.VerifyElementPresentKeyword.verifyElementPresent(VerifyElementPresentKeyword.groovy:92)
	at com.kms.katalon.core.webui.keyword.builtin.VerifyElementPresentKeyword.execute(VerifyElementPresentKeyword.groovy:68)
	at com.kms.katalon.core.keyword.internal.KeywordExecutor.executeKeywordForPlatform(KeywordExecutor.groovy:73)
	at com.kms.katalon.core.webui.keyword.WebUiBuiltInKeywords.verifyElementPresent(WebUiBuiltInKeywords.groovy:1460)
	at com.kms.katalon.core.webui.keyword.WebUiBuiltInKeywords$verifyElementPresent$6.call(Unknown Source)
	at ist_real.Contract_Dispatcher.gettextconfirmationadd(Contract_Dispatcher.groovy:463)
	at cucumber.runtime.Utils$1.call(Utils.java:26)
	at cucumber.runtime.Timeout.timeout(Timeout.java:16)
	at cucumber.runtime.Utils.invoke(Utils.java:20)
	at cucumber.runtime.java.JavaStepDefinition.execute(JavaStepDefinition.java:48)
	at cucumber.runtime.PickleStepDefinitionMatch.runStep(PickleStepDefinitionMatch.java:50)
	at cucumber.runner.TestStep.executeStep(TestStep.java:55)
	at cucumber.runner.TestStep.run(TestStep.java:42)
	at cucumber.runner.PickleStepTestStep.run(PickleStepTestStep.java:53)
	at cucumber.runner.TestCase.run(TestCase.java:47)
	at cucumber.runner.Runner.runPickle(Runner.java:44)
	at cucumber.runtime.Runtime.runFeature(Runtime.java:120)
	at cucumber.runtime.Runtime.run(Runtime.java:106)
	at cucumber.api.cli.Main.run(Main.java:35)
	at cucumber.api.cli.Main$run.call(Unknown Source)
	at com.kms.katalon.core.cucumber.keyword.CucumberBuiltinKeywords$_runFeatureFile_closure1.doCall(CucumberBuiltinKeywords.groovy:76)
	at com.kms.katalon.core.cucumber.keyword.CucumberBuiltinKeywords$_runFeatureFile_closure1.doCall(CucumberBuiltinKeywords.groovy)
	at com.kms.katalon.core.keyword.internal.KeywordMain.runKeyword(KeywordMain.groovy:68)
	at com.kms.katalon.core.keyword.internal.KeywordMain$runKeyword.call(Unknown Source)
	at com.kms.katalon.core.cucumber.keyword.CucumberBuiltinKeywords.runFeatureFile(CucumberBuiltinKeywords.groovy:46)
	at com.kms.katalon.core.cucumber.keyword.CucumberBuiltinKeywords$runFeatureFile$0.callStatic(Unknown Source)
	at com.kms.katalon.core.cucumber.keyword.CucumberBuiltinKeywords.runFeatureFile(CucumberBuiltinKeywords.groovy:169)
	at com.kms.katalon.core.cucumber.keyword.CucumberBuiltinKeywords$runFeatureFile.call(Unknown Source)
	at TC BUKALAPAK - Claim Contract BUKALAPAK then Save it Without Register Any Mistakes.run(TC BUKALAPAK - Claim Contract BUKALAPAK then Save it Without Register Any Mistakes:18)
	at com.kms.katalon.core.main.ScriptEngine.run(ScriptEngine.java:194)
	at com.kms.katalon.core.main.ScriptEngine.runScriptAsRawText(ScriptEngine.java:119)
	at com.kms.katalon.core.main.TestCaseExecutor.runScript(TestCaseExecutor.java:339)
	at com.kms.katalon.core.main.TestCaseExecutor.doExecute(TestCaseExecutor.java:330)
	at com.kms.katalon.core.main.TestCaseExecutor.processExecutionPhase(TestCaseExecutor.java:309)
	at com.kms.katalon.core.main.TestCaseExecutor.accessMainPhase(TestCaseExecutor.java:301)
	at com.kms.katalon.core.main.TestCaseExecutor.execute(TestCaseExecutor.java:235)
	at com.kms.katalon.core.main.TestSuiteExecutor.accessTestCaseMainPhase(TestSuiteExecutor.java:191)
	at com.kms.katalon.core.main.TestSuiteExecutor.accessTestSuiteMainPhase(TestSuiteExecutor.java:141)
	at com.kms.katalon.core.main.TestSuiteExecutor.execute(TestSuiteExecutor.java:90)
	at com.kms.katalon.core.main.TestCaseMain.startTestSuite(TestCaseMain.java:157)
	at com.kms.katalon.core.main.TestCaseMain$startTestSuite$0.call(Unknown Source)
	at TempTestSuite1603183439976.run(TempTestSuite1603183439976.groovy:39)


2020-10-20 15:45:36 - [MESSAGE][PASSED] - Taking screenshot successfully
[[ATTACHMENT|/Users/chaidir.pratama01/Documents/Docs/Katalon Studio/Screenshot/errorpopup.png]]

2020-10-20 15:46:07 - [MESSAGE][INFO] - Unable to find the element located by 'By.xpath: //div[contains(text(),"IT Supporting Tools")]/following-sibling::div/table/tbody/tr/td/table/tbody/tr/td[5]/div/span[contains(text(),"Mistake has been saved")]'. Please recheck the objects properties to make sure the desired element is located. 

2020-10-20 15:46:08 - [MESSAGE][FAILED] - com.kms.katalon.core.webui.exception.WebElementNotFoundException: Web element with id: '' located by '//div[contains(text(),"IT Supporting Tools")]/following-sibling::div/table/tbody/tr/td/table/tbody/tr/td[5]/div/span[contains(text(),"Mistake has been saved")]' not found (Root cause: com.kms.katalon.core.exception.StepFailedException: com.kms.katalon.core.webui.exception.WebElementNotFoundException: Web element with id: '' located by '//div[contains(text(),"IT Supporting Tools")]/following-sibling::div/table/tbody/tr/td/table/tbody/tr/td[5]/div/span[contains(text(),"Mistake has been saved")]' not found
	at com.kms.katalon.core.webui.keyword.internal.WebUIKeywordMain.stepFailed(WebUIKeywordMain.groovy:64)
	at com.kms.katalon.core.webui.keyword.builtin.VerifyElementPresentKeyword$_verifyElementPresent_closure1.doCall(VerifyElementPresentKeyword.groovy:85)
	at com.kms.katalon.core.webui.keyword.builtin.VerifyElementPresentKeyword$_verifyElementPresent_closure1.call(VerifyElementPresentKeyword.groovy)
	at com.kms.katalon.core.webui.keyword.internal.WebUIKeywordMain.runKeyword(WebUIKeywordMain.groovy:20)
	at com.kms.katalon.core.webui.keyword.builtin.VerifyElementPresentKeyword.verifyElementPresent(VerifyElementPresentKeyword.groovy:92)
	at com.kms.katalon.core.webui.keyword.builtin.VerifyElementPresentKeyword.execute(VerifyElementPresentKeyword.groovy:68)
	at com.kms.katalon.core.keyword.internal.KeywordExecutor.executeKeywordForPlatform(KeywordExecutor.groovy:73)
	at com.kms.katalon.core.webui.keyword.WebUiBuiltInKeywords.verifyElementPresent(WebUiBuiltInKeywords.groovy:1460)
	at com.kms.katalon.core.webui.keyword.WebUiBuiltInKeywords$verifyElementPresent$6.call(Unknown Source)
	at ist_real.Contract_Dispatcher.gettextconfirmationadd(Contract_Dispatcher.groovy:463)
	at cucumber.runtime.Utils$1.call(Utils.java:26)
	at cucumber.runtime.Timeout.timeout(Timeout.java:16)
	at cucumber.runtime.Utils.invoke(Utils.java:20)
	at cucumber.runtime.java.JavaStepDefinition.execute(JavaStepDefinition.java:48)
	at cucumber.runtime.PickleStepDefinitionMatch.runStep(PickleStepDefinitionMatch.java:50)
	at cucumber.runner.TestStep.executeStep(TestStep.java:55)
	at cucumber.runner.TestStep.run(TestStep.java:42)
	at cucumber.runner.PickleStepTestStep.run(PickleStepTestStep.java:53)
	at cucumber.runner.TestCase.run(TestCase.java:47)
	at cucumber.runner.Runner.runPickle(Runner.java:44)
	at cucumber.runtime.Runtime.runFeature(Runtime.java:120)
	at cucumber.runtime.Runtime.run(Runtime.java:106)
	at cucumber.api.cli.Main.run(Main.java:35)
	at cucumber.api.cli.Main$run.call(Unknown Source)
	at com.kms.katalon.core.cucumber.keyword.CucumberBuiltinKeywords$_runFeatureFile_closure1.doCall(CucumberBuiltinKeywords.groovy:76)
	at com.kms.katalon.core.cucumber.keyword.CucumberBuiltinKeywords$_runFeatureFile_closure1.doCall(CucumberBuiltinKeywords.groovy)
	at com.kms.katalon.core.keyword.internal.KeywordMain.runKeyword(KeywordMain.groovy:68)
	at com.kms.katalon.core.keyword.internal.KeywordMain$runKeyword.call(Unknown Source)
	at com.kms.katalon.core.cucumber.keyword.CucumberBuiltinKeywords.runFeatureFile(CucumberBuiltinKeywords.groovy:46)
	at com.kms.katalon.core.cucumber.keyword.CucumberBuiltinKeywords$runFeatureFile$0.callStatic(Unknown Source)
	at com.kms.katalon.core.cucumber.keyword.CucumberBuiltinKeywords.runFeatureFile(CucumberBuiltinKeywords.groovy:169)
	at com.kms.katalon.core.cucumber.keyword.CucumberBuiltinKeywords$runFeatureFile.call(Unknown Source)
	at TC BUKALAPAK - Claim Contract BUKALAPAK then Save it Without Register Any Mistakes.run(TC BUKALAPAK - Claim Contract BUKALAPAK then Save it Without Register Any Mistakes:18)
	at com.kms.katalon.core.main.ScriptEngine.run(ScriptEngine.java:194)
	at com.kms.katalon.core.main.ScriptEngine.runScriptAsRawText(ScriptEngine.java:119)
	at com.kms.katalon.core.main.TestCaseExecutor.runScript(TestCaseExecutor.java:339)
	at com.kms.katalon.core.main.TestCaseExecutor.doExecute(TestCaseExecutor.java:330)
	at com.kms.katalon.core.main.TestCaseExecutor.processExecutionPhase(TestCaseExecutor.java:309)
	at com.kms.katalon.core.main.TestCaseExecutor.accessMainPhase(TestCaseExecutor.java:301)
	at com.kms.katalon.core.main.TestCaseExecutor.execute(TestCaseExecutor.java:235)
	at com.kms.katalon.core.main.TestSuiteExecutor.accessTestCaseMainPhase(TestSuiteExecutor.java:191)
	at com.kms.katalon.core.main.TestSuiteExecutor.accessTestSuiteMainPhase(TestSuiteExecutor.java:141)
	at com.kms.katalon.core.main.TestSuiteExecutor.execute(TestSuiteExecutor.java:90)
	at com.kms.katalon.core.main.TestCaseMain.startTestSuite(TestCaseMain.java:157)
	at com.kms.katalon.core.main.TestCaseMain$startTestSuite$0.call(Unknown Source)
	at TempTestSuite1603183439976.run(TempTestSuite1603183439976.groovy:39)
)
[[ATTACHMENT|/Users/chaidir.pratama01/Katalon Studio/IST_Automation_Git/Reports/20201020_154359/CONTRACT_DISPATCHER_DONA_B2B/TS_BUKALAPAK_B2B/20201020_154359/1603183567693.png]]

2020-10-20 15:46:08 - [MESSAGE][FAILED] - Unable to verify object '' is present (Root cause: com.kms.katalon.core.exception.StepFailedException: Unable to verify object '' is present
	at com.kms.katalon.core.webui.keyword.internal.WebUIKeywordMain.stepFailed(WebUIKeywordMain.groovy:64)
	at com.kms.katalon.core.webui.keyword.internal.WebUIKeywordMain.runKeyword(WebUIKeywordMain.groovy:26)
	at com.kms.katalon.core.webui.keyword.builtin.VerifyElementPresentKeyword.verifyElementPresent(VerifyElementPresentKeyword.groovy:92)
	at com.kms.katalon.core.webui.keyword.builtin.VerifyElementPresentKeyword.execute(VerifyElementPresentKeyword.groovy:68)
	at com.kms.katalon.core.keyword.internal.KeywordExecutor.executeKeywordForPlatform(KeywordExecutor.groovy:73)
	at com.kms.katalon.core.webui.keyword.WebUiBuiltInKeywords.verifyElementPresent(WebUiBuiltInKeywords.groovy:1460)
	at com.kms.katalon.core.webui.keyword.WebUiBuiltInKeywords$verifyElementPresent$6.call(Unknown Source)
	at ist_real.Contract_Dispatcher.gettextconfirmationadd(Contract_Dispatcher.groovy:463)
	at cucumber.runtime.Utils$1.call(Utils.java:26)
	at cucumber.runtime.Timeout.timeout(Timeout.java:16)
	at cucumber.runtime.Utils.invoke(Utils.java:20)
	at cucumber.runtime.java.JavaStepDefinition.execute(JavaStepDefinition.java:48)
	at cucumber.runtime.PickleStepDefinitionMatch.runStep(PickleStepDefinitionMatch.java:50)
	at cucumber.runner.TestStep.executeStep(TestStep.java:55)
	at cucumber.runner.TestStep.run(TestStep.java:42)
	at cucumber.runner.PickleStepTestStep.run(PickleStepTestStep.java:53)
	at cucumber.runner.TestCase.run(TestCase.java:47)
	at cucumber.runner.Runner.runPickle(Runner.java:44)
	at cucumber.runtime.Runtime.runFeature(Runtime.java:120)
	at cucumber.runtime.Runtime.run(Runtime.java:106)
	at cucumber.api.cli.Main.run(Main.java:35)
	at cucumber.api.cli.Main$run.call(Unknown Source)
	at com.kms.katalon.core.cucumber.keyword.CucumberBuiltinKeywords$_runFeatureFile_closure1.doCall(CucumberBuiltinKeywords.groovy:76)
	at com.kms.katalon.core.cucumber.keyword.CucumberBuiltinKeywords$_runFeatureFile_closure1.doCall(CucumberBuiltinKeywords.groovy)
	at com.kms.katalon.core.keyword.internal.KeywordMain.runKeyword(KeywordMain.groovy:68)
	at com.kms.katalon.core.keyword.internal.KeywordMain$runKeyword.call(Unknown Source)
	at com.kms.katalon.core.cucumber.keyword.CucumberBuiltinKeywords.runFeatureFile(CucumberBuiltinKeywords.groovy:46)
	at com.kms.katalon.core.cucumber.keyword.CucumberBuiltinKeywords$runFeatureFile$0.callStatic(Unknown Source)
	at com.kms.katalon.core.cucumber.keyword.CucumberBuiltinKeywords.runFeatureFile(CucumberBuiltinKeywords.groovy:169)
	at com.kms.katalon.core.cucumber.keyword.CucumberBuiltinKeywords$runFeatureFile.call(Unknown Source)
	at TC BUKALAPAK - Claim Contract BUKALAPAK then Save it Without Register Any Mistakes.run(TC BUKALAPAK - Claim Contract BUKALAPAK then Save it Without Register Any Mistakes:18)
	at com.kms.katalon.core.main.ScriptEngine.run(ScriptEngine.java:194)
	at com.kms.katalon.core.main.ScriptEngine.runScriptAsRawText(ScriptEngine.java:119)
	at com.kms.katalon.core.main.TestCaseExecutor.runScript(TestCaseExecutor.java:339)
	at com.kms.katalon.core.main.TestCaseExecutor.doExecute(TestCaseExecutor.java:330)
	at com.kms.katalon.core.main.TestCaseExecutor.processExecutionPhase(TestCaseExecutor.java:309)
	at com.kms.katalon.core.main.TestCaseExecutor.accessMainPhase(TestCaseExecutor.java:301)
	at com.kms.katalon.core.main.TestCaseExecutor.execute(TestCaseExecutor.java:235)
	at com.kms.katalon.core.main.TestSuiteExecutor.accessTestCaseMainPhase(TestSuiteExecutor.java:191)
	at com.kms.katalon.core.main.TestSuiteExecutor.accessTestSuiteMainPhase(TestSuiteExecutor.java:141)
	at com.kms.katalon.core.main.TestSuiteExecutor.execute(TestSuiteExecutor.java:90)
	at com.kms.katalon.core.main.TestCaseMain.startTestSuite(TestCaseMain.java:157)
	at com.kms.katalon.core.main.TestCaseMain$startTestSuite$0.call(Unknown Source)
	at TempTestSuite1603183439976.run(TempTestSuite1603183439976.groovy:39)
Caused by: com.kms.katalon.core.exception.StepFailedException: com.kms.katalon.core.webui.exception.WebElementNotFoundException: Web element with id: '' located by '//div[contains(text(),"IT Supporting Tools")]/following-sibling::div/table/tbody/tr/td/table/tbody/tr/td[5]/div/span[contains(text(),"Mistake has been saved")]' not found
	at com.kms.katalon.core.webui.keyword.internal.WebUIKeywordMain.stepFailed(WebUIKeywordMain.groovy:64)
	at com.kms.katalon.core.webui.keyword.builtin.VerifyElementPresentKeyword$_verifyElementPresent_closure1.doCall(VerifyElementPresentKeyword.groovy:85)
	at com.kms.katalon.core.webui.keyword.builtin.VerifyElementPresentKeyword$_verifyElementPresent_closure1.call(VerifyElementPresentKeyword.groovy)
	at com.kms.katalon.core.webui.keyword.internal.WebUIKeywordMain.runKeyword(WebUIKeywordMain.groovy:20)
	... 42 more
)
[[ATTACHMENT|/Users/chaidir.pratama01/Katalon Studio/IST_Automation_Git/Reports/20201020_154359/CONTRACT_DISPATCHER_DONA_B2B/TS_BUKALAPAK_B2B/20201020_154359/1603183568026.png]]

2020-10-20 15:46:08 - [MESSAGE][FAILED] - Get text from pop up "IT Supporting Tools" with text "Mistake has been saved" FAILED.
Reason:
com.kms.katalon.core.exception.StepFailedException: Unable to verify object '' is present
	at com.kms.katalon.core.webui.keyword.internal.WebUIKeywordMain.stepFailed(WebUIKeywordMain.groovy:64)
	at com.kms.katalon.core.webui.keyword.internal.WebUIKeywordMain.runKeyword(WebUIKeywordMain.groovy:26)
	at com.kms.katalon.core.webui.keyword.builtin.VerifyElementPresentKeyword.verifyElementPresent(VerifyElementPresentKeyword.groovy:92)
	at com.kms.katalon.core.webui.keyword.builtin.VerifyElementPresentKeyword.execute(VerifyElementPresentKeyword.groovy:68)
	at com.kms.katalon.core.keyword.internal.KeywordExecutor.executeKeywordForPlatform(KeywordExecutor.groovy:73)
	at com.kms.katalon.core.webui.keyword.WebUiBuiltInKeywords.verifyElementPresent(WebUiBuiltInKeywords.groovy:1460)
	at com.kms.katalon.core.webui.keyword.WebUiBuiltInKeywords$verifyElementPresent$6.call(Unknown Source)
	at ist_real.Contract_Dispatcher.gettextconfirmationadd(Contract_Dispatcher.groovy:463)
	at âœ½.Get text from pop up "IT Supporting Tools" with text "Mistake has been saved"(/Users/chaidir.pratama01/Katalon Studio/IST_Automation_Git/Include/features/IST_Real/CONTRACT_DISPATCHER_DONA_B2B/BUKALAPAK/Claim_Contract_BUKALAPAK_B2B_then_Save_it_Without_Register_Any_Mistakes.feature:36)
Caused by: com.kms.katalon.core.exception.StepFailedException: com.kms.katalon.core.webui.exception.WebElementNotFoundException: Web element with id: '' located by '//div[contains(text(),"IT Supporting Tools")]/following-sibling::div/table/tbody/tr/td/table/tbody/tr/td[5]/div/span[contains(text(),"Mistake has been saved")]' not found
	at com.kms.katalon.core.webui.keyword.internal.WebUIKeywordMain.stepFailed(WebUIKeywordMain.groovy:64)
	at com.kms.katalon.core.webui.keyword.builtin.VerifyElementPresentKeyword$_verifyElementPresent_closure1.doCall(VerifyElementPresentKeyword.groovy:85)
	at com.kms.katalon.core.webui.keyword.builtin.VerifyElementPresentKeyword$_verifyElementPresent_closure1.call(VerifyElementPresentKeyword.groovy)
	at com.kms.katalon.core.webui.keyword.internal.WebUIKeywordMain.runKeyword(WebUIKeywordMain.groovy:20)
	at com.kms.katalon.core.webui.keyword.builtin.VerifyElementPresentKeyword.verifyElementPresent(VerifyElementPresentKeyword.groovy:92)
	at com.kms.katalon.core.webui.keyword.builtin.VerifyElementPresentKeyword.execute(VerifyElementPresentKeyword.groovy:68)
	at com.kms.katalon.core.keyword.internal.KeywordExecutor.executeKeywordForPlatform(KeywordExecutor.groovy:73)
	at com.kms.katalon.core.webui.keyword.WebUiBuiltInKeywords.verifyElementPresent(WebUiBuiltInKeywords.groovy:1460)
	at com.kms.katalon.core.webui.keyword.WebUiBuiltInKeywords$verifyElementPresent$6.call(Unknown Source)
	at ist_real.Contract_Dispatcher.gettextconfirmationadd(Contract_Dispatcher.groovy:463)
	at cucumber.runtime.Utils$1.call(Utils.java:26)
	at cucumber.runtime.Timeout.timeout(Timeout.java:16)
	at cucumber.runtime.Utils.invoke(Utils.java:20)
	at cucumber.runtime.java.JavaStepDefinition.execute(JavaStepDefinition.java:48)
	at cucumber.runtime.PickleStepDefinitionMatch.runStep(PickleStepDefinitionMatch.java:50)
	at cucumber.runner.TestStep.executeStep(TestStep.java:55)
	at cucumber.runner.TestStep.run(TestStep.java:42)
	at cucumber.runner.PickleStepTestStep.run(PickleStepTestStep.java:53)
	at cucumber.runner.TestCase.run(TestCase.java:47)
	at cucumber.runner.Runner.runPickle(Runner.java:44)
	at cucumber.runtime.Runtime.runFeature(Runtime.java:120)
	at cucumber.runtime.Runtime.run(Runtime.java:106)
	at cucumber.api.cli.Main.run(Main.java:35)
	at cucumber.api.cli.Main$run.call(Unknown Source)
	at com.kms.katalon.core.cucumber.keyword.CucumberBuiltinKeywords$_runFeatureFile_closure1.doCall(CucumberBuiltinKeywords.groovy:76)
	at com.kms.katalon.core.cucumber.keyword.CucumberBuiltinKeywords$_runFeatureFile_closure1.doCall(CucumberBuiltinKeywords.groovy)
	at com.kms.katalon.core.keyword.internal.KeywordMain.runKeyword(KeywordMain.groovy:68)
	at com.kms.katalon.core.keyword.internal.KeywordMain$runKeyword.call(Unknown Source)
	at com.kms.katalon.core.cucumber.keyword.CucumberBuiltinKeywords.runFeatureFile(CucumberBuiltinKeywords.groovy:46)
	at com.kms.katalon.core.cucumber.keyword.CucumberBuiltinKeywords$runFeatureFile$0.callStatic(Unknown Source)
	at com.kms.katalon.core.cucumber.keyword.CucumberBuiltinKeywords.runFeatureFile(CucumberBuiltinKeywords.groovy:169)
	at com.kms.katalon.core.cucumber.keyword.CucumberBuiltinKeywords$runFeatureFile.call(Unknown Source)
	at TC BUKALAPAK - Claim Contract BUKALAPAK then Save it Without Register Any Mistakes.run(TC BUKALAPAK - Claim Contract BUKALAPAK then Save it Without Register Any Mistakes:18)
	at com.kms.katalon.core.main.ScriptEngine.run(ScriptEngine.java:194)
	at com.kms.katalon.core.main.ScriptEngine.runScriptAsRawText(ScriptEngine.java:119)
	at com.kms.katalon.core.main.TestCaseExecutor.runScript(TestCaseExecutor.java:339)
	at com.kms.katalon.core.main.TestCaseExecutor.doExecute(TestCaseExecutor.java:330)
	at com.kms.katalon.core.main.TestCaseExecutor.processExecutionPhase(TestCaseExecutor.java:309)
	at com.kms.katalon.core.main.TestCaseExecutor.accessMainPhase(TestCaseExecutor.java:301)
	at com.kms.katalon.core.main.TestCaseExecutor.execute(TestCaseExecutor.java:235)
	at com.kms.katalon.core.main.TestSuiteExecutor.accessTestCaseMainPhase(TestSuiteExecutor.java:191)
	at com.kms.katalon.core.main.TestSuiteExecutor.accessTestSuiteMainPhase(TestSuiteExecutor.java:141)
	at com.kms.katalon.core.main.TestSuiteExecutor.execute(TestSuiteExecutor.java:90)
	at com.kms.katalon.core.main.TestCaseMain.startTestSuite(TestCaseMain.java:157)
	at com.kms.katalon.core.main.TestCaseMain$startTestSuite$0.call(Unknown Source)
	at TempTestSuite1603183439976.run(TempTestSuite1603183439976.groovy:39)


2020-10-20 15:46:08 - [TEST_STEP][NOT_RUN] - Click button "OK": Click button "OK"

2020-10-20 15:46:08 - [MESSAGE][NOT_RUN] - Click button "OK"

2020-10-20 15:46:08 - [TEST_STEP][NOT_RUN] - Click button "Logout": Click button "Logout"

2020-10-20 15:46:08 - [MESSAGE][NOT_RUN] - Click button "Logout"

2020-10-20 15:46:08 - [TEST_STEP][NOT_RUN] - Close browser: Close browser

2020-10-20 15:46:08 - [MESSAGE][NOT_RUN] - Close browser

2020-10-20 15:46:08 - [MESSAGE][FAILED] - Feature file 'Include/features/IST_Real/CONTRACT_DISPATCHER_DONA_B2B/BUKALAPAK/Claim_Contract_BUKALAPAK_B2B_then_Save_it_Without_Register_Any_Mistakes.feature' was failed

2020-10-20 15:46:08 - [MESSAGE][FAILED] - Keyword runFeatureFile was failed (Root cause: com.kms.katalon.core.exception.StepFailedException: Feature file 'Include/features/IST_Real/CONTRACT_DISPATCHER_DONA_B2B/BUKALAPAK/Claim_Contract_BUKALAPAK_B2B_then_Save_it_Without_Register_Any_Mistakes.feature' was failed
	at com.kms.katalon.core.keyword.internal.KeywordMain.stepFailed(KeywordMain.groovy:50)
	at com.kms.katalon.core.keyword.internal.KeywordMain.stepFailed(KeywordMain.groovy)
	at com.kms.katalon.core.keyword.internal.KeywordMain.stepFailed(KeywordMain.groovy:23)
	at com.kms.katalon.core.keyword.internal.KeywordMain$stepFailed$0.call(Unknown Source)
	at com.kms.katalon.core.cucumber.keyword.CucumberBuiltinKeywords$_runFeatureFile_closure1.doCall(CucumberBuiltinKeywords.groovy:82)
	at com.kms.katalon.core.cucumber.keyword.CucumberBuiltinKeywords$_runFeatureFile_closure1.doCall(CucumberBuiltinKeywords.groovy)
	at com.kms.katalon.core.keyword.internal.KeywordMain.runKeyword(KeywordMain.groovy:68)
	at com.kms.katalon.core.keyword.internal.KeywordMain$runKeyword.call(Unknown Source)
	at com.kms.katalon.core.cucumber.keyword.CucumberBuiltinKeywords.runFeatureFile(CucumberBuiltinKeywords.groovy:46)
	at com.kms.katalon.core.cucumber.keyword.CucumberBuiltinKeywords$runFeatureFile$0.callStatic(Unknown Source)
	at com.kms.katalon.core.cucumber.keyword.CucumberBuiltinKeywords.runFeatureFile(CucumberBuiltinKeywords.groovy:169)
	at com.kms.katalon.core.cucumber.keyword.CucumberBuiltinKeywords$runFeatureFile.call(Unknown Source)
	at TC BUKALAPAK - Claim Contract BUKALAPAK then Save it Without Register Any Mistakes.run(TC BUKALAPAK - Claim Contract BUKALAPAK then Save it Without Register Any Mistakes:18)
	at com.kms.katalon.core.main.ScriptEngine.run(ScriptEngine.java:194)
	at com.kms.katalon.core.main.ScriptEngine.runScriptAsRawText(ScriptEngine.java:119)
	at com.kms.katalon.core.main.TestCaseExecutor.runScript(TestCaseExecutor.java:339)
	at com.kms.katalon.core.main.TestCaseExecutor.doExecute(TestCaseExecutor.java:330)
	at com.kms.katalon.core.main.TestCaseExecutor.processExecutionPhase(TestCaseExecutor.java:309)
	at com.kms.katalon.core.main.TestCaseExecutor.accessMainPhase(TestCaseExecutor.java:301)
	at com.kms.katalon.core.main.TestCaseExecutor.execute(TestCaseExecutor.java:235)
	at com.kms.katalon.core.main.TestSuiteExecutor.accessTestCaseMainPhase(TestSuiteExecutor.java:191)
	at com.kms.katalon.core.main.TestSuiteExecutor.accessTestSuiteMainPhase(TestSuiteExecutor.java:141)
	at com.kms.katalon.core.main.TestSuiteExecutor.execute(TestSuiteExecutor.java:90)
	at com.kms.katalon.core.main.TestCaseMain.startTestSuite(TestCaseMain.java:157)
	at com.kms.katalon.core.main.TestCaseMain$startTestSuite$0.call(Unknown Source)
	at TempTestSuite1603183439976.run(TempTestSuite1603183439976.groovy:39)
)]]></system-out>
         <system-err><![CDATA[2020-10-20 15:45:05 - [TEST_CASE][FAILED] - Test Cases/IST_Real/CONTRACT_DISPATCHER_DONA_B2B/BUKALAPAK/TC BUKALAPAK - Claim Contract BUKALAPAK then Save it Without Register Any Mistakes: Test Cases/IST_Real/CONTRACT_DISPATCHER_DONA_B2B/BUKALAPAK/TC BUKALAPAK - Claim Contract BUKALAPAK then Save it Without Register Any Mistakes FAILED.
Reason:
com.kms.katalon.core.exception.StepFailedException: Feature file 'Include/features/IST_Real/CONTRACT_DISPATCHER_DONA_B2B/BUKALAPAK/Claim_Contract_BUKALAPAK_B2B_then_Save_it_Without_Register_Any_Mistakes.feature' was failed
	at com.kms.katalon.core.keyword.internal.KeywordMain.stepFailed(KeywordMain.groovy:50)
	at com.kms.katalon.core.keyword.internal.KeywordMain.stepFailed(KeywordMain.groovy)
	at com.kms.katalon.core.keyword.internal.KeywordMain.stepFailed(KeywordMain.groovy:23)
	at com.kms.katalon.core.keyword.internal.KeywordMain$stepFailed$0.call(Unknown Source)
	at com.kms.katalon.core.cucumber.keyword.CucumberBuiltinKeywords$_runFeatureFile_closure1.doCall(CucumberBuiltinKeywords.groovy:82)
	at com.kms.katalon.core.cucumber.keyword.CucumberBuiltinKeywords$_runFeatureFile_closure1.doCall(CucumberBuiltinKeywords.groovy)
	at com.kms.katalon.core.keyword.internal.KeywordMain.runKeyword(KeywordMain.groovy:68)
	at com.kms.katalon.core.keyword.internal.KeywordMain$runKeyword.call(Unknown Source)
	at com.kms.katalon.core.cucumber.keyword.CucumberBuiltinKeywords.runFeatureFile(CucumberBuiltinKeywords.groovy:46)
	at com.kms.katalon.core.cucumber.keyword.CucumberBuiltinKeywords$runFeatureFile$0.callStatic(Unknown Source)
	at com.kms.katalon.core.cucumber.keyword.CucumberBuiltinKeywords.runFeatureFile(CucumberBuiltinKeywords.groovy:169)
	at com.kms.katalon.core.cucumber.keyword.CucumberBuiltinKeywords$runFeatureFile.call(Unknown Source)
	at TC BUKALAPAK - Claim Contract BUKALAPAK then Save it Without Register Any Mistakes.run(TC BUKALAPAK - Claim Contract BUKALAPAK then Save it Without Register Any Mistakes:18)
	at com.kms.katalon.core.main.ScriptEngine.run(ScriptEngine.java:194)
	at com.kms.katalon.core.main.ScriptEngine.runScriptAsRawText(ScriptEngine.java:119)
	at com.kms.katalon.core.main.TestCaseExecutor.runScript(TestCaseExecutor.java:339)
	at com.kms.katalon.core.main.TestCaseExecutor.doExecute(TestCaseExecutor.java:330)
	at com.kms.katalon.core.main.TestCaseExecutor.processExecutionPhase(TestCaseExecutor.java:309)
	at com.kms.katalon.core.main.TestCaseExecutor.accessMainPhase(TestCaseExecutor.java:301)
	at com.kms.katalon.core.main.TestCaseExecutor.execute(TestCaseExecutor.java:235)
	at com.kms.katalon.core.main.TestSuiteExecutor.accessTestCaseMainPhase(TestSuiteExecutor.java:191)
	at com.kms.katalon.core.main.TestSuiteExecutor.accessTestSuiteMainPhase(TestSuiteExecutor.java:141)
	at com.kms.katalon.core.main.TestSuiteExecutor.execute(TestSuiteExecutor.java:90)
	at com.kms.katalon.core.main.TestCaseMain.startTestSuite(TestCaseMain.java:157)
	at com.kms.katalon.core.main.TestCaseMain$startTestSuite$0.call(Unknown Source)
	at TempTestSuite1603183439976.run(TempTestSuite1603183439976.groovy:39)]]></system-err>
      </testcase>
      <testcase name="Test Cases/IST_Real/CONTRACT_DISPATCHER_DONA_B2B/BUKALAPAK/TC BUKALAPAK - Update Tbl CDS CDC TRKRegMistake" time="1.163" classname="Test Cases/IST_Real/CONTRACT_DISPATCHER_DONA_B2B/BUKALAPAK/TC BUKALAPAK - Update Tbl CDS CDC TRKRegMistake" status="PASSED">
         <system-out><![CDATA[2020-10-20 15:46:08 - [TEST_CASE][PASSED] - Test Cases/IST_Real/CONTRACT_DISPATCHER_DONA_B2B/BUKALAPAK/TC BUKALAPAK - Update Tbl CDS CDC TRKRegMistake: Test Cases/IST_Real/CONTRACT_DISPATCHER_DONA_B2B/BUKALAPAK/TC BUKALAPAK - Update Tbl CDS CDC TRKRegMistake

2020-10-20 15:46:08 - [TEST_STEP][PASSED] - runFeatureFile("Include/features/IST_Real/CONTRACT_DISPATCHER_DONA_B2B/BUKALAPAK/Update_Tbl_CDS_CDC_TRK_RegMistake.feature"): Feature file: 'Include/features/IST_Real/CONTRACT_DISPATCHER_DONA_B2B/BUKALAPAK/Update_Tbl_CDS_CDC_TRK_RegMistake.feature' was passed

2020-10-20 15:46:08 - [MESSAGE][INFO] - Starting run keyword runFeatureFile: 'Include/features/IST_Real/CONTRACT_DISPATCHER_DONA_B2B/BUKALAPAK/Update_Tbl_CDS_CDC_TRK_RegMistake.feature' and extract report to folder: '/Users/chaidir.pratama01/Katalon Studio/IST_Automation_Git/Reports/20201020_154359/CONTRACT_DISPATCHER_DONA_B2B/TS_BUKALAPAK_B2B/20201020_154359/cucumber_report/1603183568380'...

2020-10-20 15:46:08 - [TEST_CASE][PASSED] - Start Test Case : SCENARIO Update Table CONTRACT_DISPATCHER_SOURCE and CONTRACT_DISPTACHER_CLAIM: SCENARIO Update Table CONTRACT_DISPATCHER_SOURCE and CONTRACT_DISPTACHER_CLAIM

2020-10-20 15:46:08 - [TEST_STEP][PASSED] - Connect to Database: Connect to Database

2020-10-20 15:46:08 - [MESSAGE][PASSED] - Connect to Database

2020-10-20 15:46:08 - [TEST_STEP][PASSED] - Update Tbl CONTRACT DISPATCHER SOURCE To Change PROCESSED From Y to N For Bukalapak B2B: Update Tbl CONTRACT DISPATCHER SOURCE To Change PROCESSED From Y to N For Bukalapak B2B

2020-10-20 15:46:09 - [MESSAGE][PASSED] - Update Tbl CONTRACT DISPATCHER SOURCE To Change PROCESSED From Y to N For Bukalapak B2B

2020-10-20 15:46:09 - [TEST_STEP][PASSED] - Update Tbl CONTRACT DISPATCHER CLAIM To Delete PROCESS From Column STATUS: Update Tbl CONTRACT DISPATCHER CLAIM To Delete PROCESS From Column STATUS

2020-10-20 15:46:09 - [MESSAGE][PASSED] - Update Tbl CONTRACT DISPATCHER CLAIM To Delete PROCESS From Column STATUS

2020-10-20 15:46:09 - [TEST_STEP][PASSED] - Delete Contract From TRK_REGISTRATION_MISTAKE: Delete Contract From TRK_REGISTRATION_MISTAKE

2020-10-20 15:46:09 - [MESSAGE][PASSED] - Delete Contract From TRK_REGISTRATION_MISTAKE

2020-10-20 15:46:09 - [MESSAGE][PASSED] - Feature file: 'Include/features/IST_Real/CONTRACT_DISPATCHER_DONA_B2B/BUKALAPAK/Update_Tbl_CDS_CDC_TRK_RegMistake.feature' was passed]]></system-out>
         <system-err><![CDATA[]]></system-err>
      </testcase>
      <testcase name="Test Cases/IST_Real/CONTRACT_DISPATCHER_DONA_B2B/BUKALAPAK/TC BUKALAPAK - Pick Mistake Without Choose Dropdown Mistake Type" time="51.936" classname="Test Cases/IST_Real/CONTRACT_DISPATCHER_DONA_B2B/BUKALAPAK/TC BUKALAPAK - Pick Mistake Without Choose Dropdown Mistake Type" status="PASSED">
         <system-out><![CDATA[2020-10-20 15:46:09 - [TEST_CASE][PASSED] - Test Cases/IST_Real/CONTRACT_DISPATCHER_DONA_B2B/BUKALAPAK/TC BUKALAPAK - Pick Mistake Without Choose Dropdown Mistake Type: Test Cases/IST_Real/CONTRACT_DISPATCHER_DONA_B2B/BUKALAPAK/TC BUKALAPAK - Pick Mistake Without Choose Dropdown Mistake Type

2020-10-20 15:46:09 - [TEST_STEP][PASSED] - runFeatureFile("Include/features/IST_Real/CONTRACT_DISPATCHER_DONA_B2B/BUKALAPAK/Pick_Mistake_Without_Choose_Dropdown_Mistake_Type.feature"): Feature file: 'Include/features/IST_Real/CONTRACT_DISPATCHER_DONA_B2B/BUKALAPAK/Pick_Mistake_Without_Choose_Dropdown_Mistake_Type.feature' was passed

2020-10-20 15:46:09 - [MESSAGE][INFO] - Starting run keyword runFeatureFile: 'Include/features/IST_Real/CONTRACT_DISPATCHER_DONA_B2B/BUKALAPAK/Pick_Mistake_Without_Choose_Dropdown_Mistake_Type.feature' and extract report to folder: '/Users/chaidir.pratama01/Katalon Studio/IST_Automation_Git/Reports/20201020_154359/CONTRACT_DISPATCHER_DONA_B2B/TS_BUKALAPAK_B2B/20201020_154359/cucumber_report/1603183569628'...

2020-10-20 15:46:09 - [TEST_CASE][PASSED] - Start Test Case : SCENARIO Assign User to Contract DONA Bukalapak B2B: SCENARIO Assign User to Contract DONA Bukalapak B2B

2020-10-20 15:46:09 - [TEST_STEP][PASSED] - Go to IST: Go to IST

2020-10-20 15:46:09 - [MESSAGE][WARNING] - A browser is already opened. Closing browser and opening a new one

2020-10-20 15:46:09 - [MESSAGE][INFO] - Starting 'Chrome (headless)' driver

2020-10-20 15:46:09 - [MESSAGE][INFO] - User set preference: ['args', '[--start-maximized, --disable-gpu, --no-proxy-server, â€“no-sandbox, --allow-running-insecure-content, --ignore-certificate-errors]']

2020-10-20 15:46:09 - [MESSAGE][INFO] - Action delay is set to 0 milliseconds

2020-10-20 15:46:10 - [MESSAGE][PASSED] - Browser is opened with url: ''

2020-10-20 15:46:11 - [MESSAGE][PASSED] - Navigate to 'https://dev-ist.homecredit.id/ist_tracker/' successfully

2020-10-20 15:46:12 - [MESSAGE][PASSED] - Taking screenshot successfully
[[ATTACHMENT|/Users/chaidir.pratama01/Documents/Docs/Katalon Studio/Screenshot/IST_Page.png]]

2020-10-20 15:46:12 - [MESSAGE][PASSED] - Go to IST

2020-10-20 15:46:12 - [TEST_STEP][PASSED] - Login IST with valid credentials: Login IST with valid credentials

2020-10-20 15:46:12 - [MESSAGE][PASSED] - Text 'mobile.test' is set on object 'Object Repository/Page_/input_Username_j_username'

2020-10-20 15:46:12 - [MESSAGE][PASSED] - Text ****** has been set on object 'Object Repository/Page_/input_Password_j_password'

2020-10-20 15:46:12 - [MESSAGE][PASSED] - Object: 'Object Repository/Page_/button_Login' is clicked on

2020-10-20 15:46:12 - [MESSAGE][PASSED] - Login IST with valid credentials

2020-10-20 15:46:12 - [TEST_STEP][PASSED] - Login Success for contract dispatcher: Login Success for contract dispatcher

2020-10-20 15:46:12 - [MESSAGE][INFO] - Login Success

2020-10-20 15:46:13 - [MESSAGE][PASSED] - Current window maximized

2020-10-20 15:46:13 - [MESSAGE][PASSED] - Object 'Object Repository/Page_/h1_Welcome to IT Supporting Tools' is present

2020-10-20 15:46:13 - [MESSAGE][PASSED] - Login Success for contract dispatcher

2020-10-20 15:46:13 - [TEST_STEP][PASSED] - Select Arrow Menu "Contract Dispatcher Admin": Select Arrow Menu "Contract Dispatcher Admin"

2020-10-20 15:46:13 - [MESSAGE][PASSED] - Object: '' is clicked on

2020-10-20 15:46:13 - [MESSAGE][PASSED] - Select Arrow Menu "Contract Dispatcher Admin"

2020-10-20 15:46:13 - [TEST_STEP][PASSED] - Select Menu "Management Assignment": Select Menu "Management Assignment"

2020-10-20 15:46:13 - [MESSAGE][PASSED] - Taking screenshot successfully
[[ATTACHMENT|/Users/chaidir.pratama01/Documents/Docs/Katalon Studio/Screenshot/test-Management Assignment.png]]

2020-10-20 15:46:13 - [MESSAGE][PASSED] - Object '' is present

2020-10-20 15:46:13 - [MESSAGE][PASSED] - Object: '' is clicked on

2020-10-20 15:46:13 - [MESSAGE][PASSED] - Wait for page load successfully

2020-10-20 15:46:13 - [MESSAGE][PASSED] - Select Menu "Management Assignment"

2020-10-20 15:46:13 - [TEST_STEP][PASSED] - Select Username "mobile.test" of Management Assignment: Select Username "mobile.test" of Management Assignment

2020-10-20 15:46:14 - [MESSAGE][PASSED] - All options with value 'mobile.test' are selected in object 'Object Repository/Page_/dropdown_list_username_assignment'  using regular expression

2020-10-20 15:46:14 - [MESSAGE][PASSED] - Select Username "mobile.test" of Management Assignment

2020-10-20 15:46:14 - [TEST_STEP][PASSED] - Check for username if already assigned to "Dona B2B": Check for username if already assigned to "Dona B2B"

2020-10-20 15:46:17 - [MESSAGE][PASSED] - Scroll to object '' successfully

2020-10-20 15:46:17 - [MESSAGE][PASSED] - Object '' is present

2020-10-20 15:46:17 - [MESSAGE][PASSED] - Object '' is checked

2020-10-20 15:46:17 - [MESSAGE][INFO] - Element is already Checked

2020-10-20 15:46:17 - [MESSAGE][PASSED] - Check for username if already assigned to "Dona B2B"

2020-10-20 15:46:17 - [TEST_STEP][PASSED] - Wait page for load: Wait page for load

2020-10-20 15:46:17 - [MESSAGE][PASSED] - Wait for page load successfully

2020-10-20 15:46:17 - [MESSAGE][PASSED] - Wait page for load

2020-10-20 15:46:17 - [TEST_STEP][PASSED] - Click button "Logout": Click button "Logout"

2020-10-20 15:46:17 - [MESSAGE][INFO] - >>>>>//Button[contains(text(),'Logout')]

2020-10-20 15:46:21 - [MESSAGE][PASSED] - Object: '' is clicked on

2020-10-20 15:46:21 - [MESSAGE][PASSED] - Click button "Logout"

2020-10-20 15:46:21 - [TEST_STEP][PASSED] - Close browser: Close browser

2020-10-20 15:46:21 - [MESSAGE][PASSED] - Browser is closed

2020-10-20 15:46:21 - [MESSAGE][PASSED] - Close browser

2020-10-20 15:46:21 - [TEST_CASE][PASSED] - Start Test Case : SCENARIO Select Menu Contract Dispatcher and Select Contract based on type contract DONA Bukalapak B2B: SCENARIO Select Menu Contract Dispatcher and Select Contract based on type contract DONA Bukalapak B2B

2020-10-20 15:46:21 - [TEST_STEP][PASSED] - Go to IST: Go to IST

2020-10-20 15:46:21 - [MESSAGE][INFO] - Starting 'Chrome (headless)' driver

2020-10-20 15:46:21 - [MESSAGE][INFO] - User set preference: ['args', '[--start-maximized, --disable-gpu, --no-proxy-server, â€“no-sandbox, --allow-running-insecure-content, --ignore-certificate-errors]']

2020-10-20 15:46:21 - [MESSAGE][INFO] - Action delay is set to 0 milliseconds

2020-10-20 15:46:21 - [MESSAGE][PASSED] - Browser is opened with url: ''

2020-10-20 15:46:22 - [MESSAGE][PASSED] - Navigate to 'https://dev-ist.homecredit.id/ist_tracker/' successfully

2020-10-20 15:46:23 - [MESSAGE][PASSED] - Taking screenshot successfully
[[ATTACHMENT|/Users/chaidir.pratama01/Documents/Docs/Katalon Studio/Screenshot/IST_Page.png]]

2020-10-20 15:46:23 - [MESSAGE][PASSED] - Go to IST

2020-10-20 15:46:23 - [TEST_STEP][PASSED] - Login IST with valid credentials: Login IST with valid credentials

2020-10-20 15:46:23 - [MESSAGE][PASSED] - Text 'mobile.test' is set on object 'Object Repository/Page_/input_Username_j_username'

2020-10-20 15:46:23 - [MESSAGE][PASSED] - Text ****** has been set on object 'Object Repository/Page_/input_Password_j_password'

2020-10-20 15:46:24 - [MESSAGE][PASSED] - Object: 'Object Repository/Page_/button_Login' is clicked on

2020-10-20 15:46:24 - [MESSAGE][PASSED] - Login IST with valid credentials

2020-10-20 15:46:24 - [TEST_STEP][PASSED] - Login Success for contract dispatcher: Login Success for contract dispatcher

2020-10-20 15:46:24 - [MESSAGE][INFO] - Login Success

2020-10-20 15:46:24 - [MESSAGE][PASSED] - Current window maximized

2020-10-20 15:46:24 - [MESSAGE][PASSED] - Object 'Object Repository/Page_/h1_Welcome to IT Supporting Tools' is present

2020-10-20 15:46:24 - [MESSAGE][PASSED] - Login Success for contract dispatcher

2020-10-20 15:46:24 - [TEST_STEP][PASSED] - Select Menu "Contract Dispatcher": Select Menu "Contract Dispatcher"

2020-10-20 15:46:24 - [MESSAGE][PASSED] - Taking screenshot successfully
[[ATTACHMENT|/Users/chaidir.pratama01/Documents/Docs/Katalon Studio/Screenshot/test-Contract Dispatcher.png]]

2020-10-20 15:46:24 - [MESSAGE][PASSED] - Object '' is present

2020-10-20 15:46:24 - [MESSAGE][PASSED] - Object: '' is clicked on

2020-10-20 15:46:24 - [MESSAGE][PASSED] - Wait for page load successfully

2020-10-20 15:46:24 - [MESSAGE][PASSED] - Select Menu "Contract Dispatcher"

2020-10-20 15:46:24 - [TEST_STEP][PASSED] - Select Contract Number based on Type Contract "DONA_BUKALAPAK_B2B": Select Contract Number based on Type Contract "DONA_BUKALAPAK_B2B"

2020-10-20 15:46:24 - [MESSAGE][PASSED] - Object '' is present

2020-10-20 15:46:24 - [MESSAGE][PASSED] - Object '' is present

2020-10-20 15:46:24 - [MESSAGE][PASSED] - Object: '' is clicked on

2020-10-20 15:46:24 - [MESSAGE][PASSED] - Select Contract Number based on Type Contract "DONA_BUKALAPAK_B2B"

2020-10-20 15:46:24 - [TEST_STEP][PASSED] - Click button "Claim": Click button "Claim"

2020-10-20 15:46:24 - [MESSAGE][INFO] - >>>>>//Button[contains(text(),'Claim')]

2020-10-20 15:46:27 - [MESSAGE][PASSED] - Object: '' is clicked on

2020-10-20 15:46:27 - [MESSAGE][PASSED] - Click button "Claim"

2020-10-20 15:46:27 - [TEST_STEP][PASSED] - Verify Tab Mistake Matrix Base on Type Contract: Verify Tab Mistake Matrix Base on Type Contract

2020-10-20 15:46:28 - [MESSAGE][PASSED] - Object '' is present

2020-10-20 15:46:28 - [MESSAGE][PASSED] - Object '' is present

2020-10-20 15:46:28 - [MESSAGE][PASSED] - Object '' is present

2020-10-20 15:46:28 - [MESSAGE][PASSED] - Object '' is present

2020-10-20 15:46:28 - [MESSAGE][PASSED] - Object '' is present

2020-10-20 15:46:28 - [MESSAGE][PASSED] - Verify Tab Mistake Matrix Base on Type Contract

2020-10-20 15:46:28 - [TEST_STEP][PASSED] - Varify the mistake detail already match with the matrix Base on Type Contract: Varify the mistake detail already match with the matrix Base on Type Contract

2020-10-20 15:46:28 - [MESSAGE][PASSED] - Object '' is present

2020-10-20 15:46:28 - [MESSAGE][PASSED] - Object: '' is focused

2020-10-20 15:46:31 - [MESSAGE][PASSED] - Delayed 3 second(s)

2020-10-20 15:46:31 - [MESSAGE][PASSED] - Object: '' is clicked on

2020-10-20 15:46:31 - [MESSAGE][PASSED] - Object '' is present

2020-10-20 15:46:31 - [MESSAGE][PASSED] - Object: '' is focused

2020-10-20 15:46:31 - [MESSAGE][PASSED] - Object '' is not checked

2020-10-20 15:46:31 - [MESSAGE][PASSED] - Object '' is present

2020-10-20 15:46:32 - [MESSAGE][PASSED] - Object: '' is focused

2020-10-20 15:46:32 - [MESSAGE][PASSED] - Object '' is not checked

2020-10-20 15:46:32 - [MESSAGE][PASSED] - Object '' is present

2020-10-20 15:46:32 - [MESSAGE][PASSED] - Object: '' is focused

2020-10-20 15:46:32 - [MESSAGE][PASSED] - Object '' is not checked

2020-10-20 15:46:32 - [MESSAGE][PASSED] - Object '' is present

2020-10-20 15:46:32 - [MESSAGE][PASSED] - Object: '' is focused

2020-10-20 15:46:32 - [MESSAGE][PASSED] - Object '' is not checked

2020-10-20 15:46:32 - [MESSAGE][PASSED] - Object '' is present

2020-10-20 15:46:32 - [MESSAGE][PASSED] - Object: '' is focused

2020-10-20 15:46:32 - [MESSAGE][PASSED] - Object '' is not checked

2020-10-20 15:46:32 - [MESSAGE][PASSED] - Object '' is present

2020-10-20 15:46:32 - [MESSAGE][PASSED] - Object: '' is focused

2020-10-20 15:46:32 - [MESSAGE][PASSED] - Object '' is not checked

2020-10-20 15:46:32 - [MESSAGE][PASSED] - Object '' is present

2020-10-20 15:46:32 - [MESSAGE][PASSED] - Object: '' is focused

2020-10-20 15:46:32 - [MESSAGE][PASSED] - Object '' is not checked

2020-10-20 15:46:32 - [MESSAGE][PASSED] - Object '' is present

2020-10-20 15:46:32 - [MESSAGE][PASSED] - Object: '' is focused

2020-10-20 15:46:32 - [MESSAGE][PASSED] - Object '' is not checked

2020-10-20 15:46:32 - [MESSAGE][PASSED] - Object '' is present

2020-10-20 15:46:32 - [MESSAGE][PASSED] - Object: '' is focused

2020-10-20 15:46:32 - [MESSAGE][PASSED] - Object '' is not checked

2020-10-20 15:46:32 - [MESSAGE][PASSED] - Object '' is present

2020-10-20 15:46:32 - [MESSAGE][PASSED] - Object: '' is focused

2020-10-20 15:46:32 - [MESSAGE][PASSED] - Object '' is not checked

2020-10-20 15:46:32 - [MESSAGE][PASSED] - Object '' is present

2020-10-20 15:46:32 - [MESSAGE][PASSED] - Object: '' is focused

2020-10-20 15:46:32 - [MESSAGE][PASSED] - Object '' is not checked

2020-10-20 15:46:32 - [MESSAGE][PASSED] - Object '' is present

2020-10-20 15:46:32 - [MESSAGE][PASSED] - Object: '' is focused

2020-10-20 15:46:32 - [MESSAGE][PASSED] - Object '' is not checked

2020-10-20 15:46:32 - [MESSAGE][PASSED] - Object '' is present

2020-10-20 15:46:32 - [MESSAGE][PASSED] - Object: '' is focused

2020-10-20 15:46:32 - [MESSAGE][PASSED] - Object '' is not checked

2020-10-20 15:46:32 - [MESSAGE][PASSED] - Object '' is present

2020-10-20 15:46:32 - [MESSAGE][PASSED] - Object: '' is focused

2020-10-20 15:46:33 - [MESSAGE][PASSED] - Object '' is not checked

2020-10-20 15:46:33 - [MESSAGE][PASSED] - Object '' is present

2020-10-20 15:46:33 - [MESSAGE][PASSED] - Object: '' is focused

2020-10-20 15:46:33 - [MESSAGE][PASSED] - Object '' is not checked

2020-10-20 15:46:33 - [MESSAGE][PASSED] - Object '' is present

2020-10-20 15:46:33 - [MESSAGE][PASSED] - Object: '' is focused

2020-10-20 15:46:33 - [MESSAGE][PASSED] - Object '' is not checked

2020-10-20 15:46:33 - [MESSAGE][PASSED] - Object '' is present

2020-10-20 15:46:33 - [MESSAGE][PASSED] - Object: '' is focused

2020-10-20 15:46:33 - [MESSAGE][PASSED] - Object '' is not checked

2020-10-20 15:46:33 - [MESSAGE][PASSED] - Object '' is present

2020-10-20 15:46:33 - [MESSAGE][PASSED] - Object: '' is focused

2020-10-20 15:46:33 - [MESSAGE][PASSED] - Object '' is not checked

2020-10-20 15:46:33 - [MESSAGE][PASSED] - Object '' is present

2020-10-20 15:46:33 - [MESSAGE][PASSED] - Object: '' is focused

2020-10-20 15:46:33 - [MESSAGE][PASSED] - Object '' is not checked

2020-10-20 15:46:33 - [MESSAGE][PASSED] - Object '' is present

2020-10-20 15:46:33 - [MESSAGE][PASSED] - Object: '' is focused

2020-10-20 15:46:33 - [MESSAGE][PASSED] - Object '' is not checked

2020-10-20 15:46:33 - [MESSAGE][PASSED] - Object '' is present

2020-10-20 15:46:33 - [MESSAGE][PASSED] - Object: '' is focused

2020-10-20 15:46:36 - [MESSAGE][PASSED] - Delayed 3 second(s)

2020-10-20 15:46:36 - [MESSAGE][PASSED] - Object: '' is clicked on

2020-10-20 15:46:36 - [MESSAGE][PASSED] - Object '' is present

2020-10-20 15:46:36 - [MESSAGE][PASSED] - Object: '' is focused

2020-10-20 15:46:36 - [MESSAGE][PASSED] - Object '' is not checked

2020-10-20 15:46:36 - [MESSAGE][PASSED] - Object '' is present

2020-10-20 15:46:36 - [MESSAGE][PASSED] - Object: '' is focused

2020-10-20 15:46:36 - [MESSAGE][PASSED] - Object '' is not checked

2020-10-20 15:46:36 - [MESSAGE][PASSED] - Object '' is present

2020-10-20 15:46:36 - [MESSAGE][PASSED] - Object: '' is focused

2020-10-20 15:46:36 - [MESSAGE][PASSED] - Object '' is not checked

2020-10-20 15:46:36 - [MESSAGE][PASSED] - Object '' is present

2020-10-20 15:46:37 - [MESSAGE][PASSED] - Object: '' is focused

2020-10-20 15:46:37 - [MESSAGE][PASSED] - Object '' is not checked

2020-10-20 15:46:37 - [MESSAGE][PASSED] - Object '' is present

2020-10-20 15:46:37 - [MESSAGE][PASSED] - Object: '' is focused

2020-10-20 15:46:37 - [MESSAGE][PASSED] - Object '' is not checked

2020-10-20 15:46:37 - [MESSAGE][PASSED] - Object '' is present

2020-10-20 15:46:37 - [MESSAGE][PASSED] - Object: '' is focused

2020-10-20 15:46:37 - [MESSAGE][PASSED] - Object '' is not checked

2020-10-20 15:46:37 - [MESSAGE][PASSED] - Object '' is present

2020-10-20 15:46:37 - [MESSAGE][PASSED] - Object: '' is focused

2020-10-20 15:46:40 - [MESSAGE][PASSED] - Delayed 3 second(s)

2020-10-20 15:46:40 - [MESSAGE][PASSED] - Object: '' is clicked on

2020-10-20 15:46:40 - [MESSAGE][PASSED] - Object '' is present

2020-10-20 15:46:40 - [MESSAGE][PASSED] - Object: '' is focused

2020-10-20 15:46:40 - [MESSAGE][PASSED] - Object '' is not checked

2020-10-20 15:46:40 - [MESSAGE][PASSED] - Object '' is present

2020-10-20 15:46:40 - [MESSAGE][PASSED] - Object: '' is focused

2020-10-20 15:46:40 - [MESSAGE][PASSED] - Object '' is not checked

2020-10-20 15:46:40 - [MESSAGE][PASSED] - Object '' is present

2020-10-20 15:46:40 - [MESSAGE][PASSED] - Object: '' is focused

2020-10-20 15:46:40 - [MESSAGE][PASSED] - Object '' is not checked

2020-10-20 15:46:40 - [MESSAGE][PASSED] - Object '' is present

2020-10-20 15:46:40 - [MESSAGE][PASSED] - Object: '' is focused

2020-10-20 15:46:43 - [MESSAGE][PASSED] - Delayed 3 second(s)

2020-10-20 15:46:43 - [MESSAGE][PASSED] - Object: '' is clicked on

2020-10-20 15:46:43 - [MESSAGE][PASSED] - Object '' is present

2020-10-20 15:46:43 - [MESSAGE][PASSED] - Object: '' is focused

2020-10-20 15:46:43 - [MESSAGE][PASSED] - Object '' is not checked

2020-10-20 15:46:43 - [MESSAGE][PASSED] - Object '' is present

2020-10-20 15:46:44 - [MESSAGE][PASSED] - Object: '' is focused

2020-10-20 15:46:44 - [MESSAGE][PASSED] - Object '' is not checked

2020-10-20 15:46:44 - [MESSAGE][PASSED] - Object '' is present

2020-10-20 15:46:44 - [MESSAGE][PASSED] - Object: '' is focused

2020-10-20 15:46:44 - [MESSAGE][PASSED] - Object '' is not checked

2020-10-20 15:46:44 - [MESSAGE][PASSED] - Object '' is present

2020-10-20 15:46:44 - [MESSAGE][PASSED] - Object: '' is focused

2020-10-20 15:46:44 - [MESSAGE][PASSED] - Object '' is not checked

2020-10-20 15:46:44 - [MESSAGE][PASSED] - Object '' is present

2020-10-20 15:46:44 - [MESSAGE][PASSED] - Object: '' is focused

2020-10-20 15:46:44 - [MESSAGE][PASSED] - Object '' is not checked

2020-10-20 15:46:44 - [MESSAGE][PASSED] - Object '' is present

2020-10-20 15:46:44 - [MESSAGE][PASSED] - Object: '' is focused

2020-10-20 15:46:44 - [MESSAGE][PASSED] - Object '' is not checked

2020-10-20 15:46:44 - [MESSAGE][PASSED] - Object '' is present

2020-10-20 15:46:44 - [MESSAGE][PASSED] - Object: '' is focused

2020-10-20 15:46:44 - [MESSAGE][PASSED] - Object '' is not checked

2020-10-20 15:46:44 - [MESSAGE][PASSED] - Object '' is present

2020-10-20 15:46:44 - [MESSAGE][PASSED] - Object: '' is focused

2020-10-20 15:46:44 - [MESSAGE][PASSED] - Object '' is not checked

2020-10-20 15:46:44 - [MESSAGE][PASSED] - Object '' is present

2020-10-20 15:46:44 - [MESSAGE][PASSED] - Object: '' is focused

2020-10-20 15:46:47 - [MESSAGE][PASSED] - Delayed 3 second(s)

2020-10-20 15:46:47 - [MESSAGE][PASSED] - Object: '' is clicked on

2020-10-20 15:46:47 - [MESSAGE][PASSED] - Object '' is present

2020-10-20 15:46:47 - [MESSAGE][PASSED] - Object: '' is focused

2020-10-20 15:46:47 - [MESSAGE][PASSED] - Object '' is not checked

2020-10-20 15:46:47 - [MESSAGE][PASSED] - Object '' is present

2020-10-20 15:46:47 - [MESSAGE][PASSED] - Object: '' is focused

2020-10-20 15:46:48 - [MESSAGE][PASSED] - Object '' is not checked

2020-10-20 15:46:48 - [MESSAGE][PASSED] - Object '' is present

2020-10-20 15:46:48 - [MESSAGE][PASSED] - Object: '' is focused

2020-10-20 15:46:48 - [MESSAGE][PASSED] - Object '' is not checked

2020-10-20 15:46:48 - [MESSAGE][PASSED] - Varify the mistake detail already match with the matrix Base on Type Contract

2020-10-20 15:46:48 - [TEST_STEP][PASSED] - Click on Tab "KTP": Click on Tab "KTP"

2020-10-20 15:46:48 - [MESSAGE][PASSED] - Object '' is present

2020-10-20 15:46:48 - [MESSAGE][PASSED] - Object: '' is focused

2020-10-20 15:46:51 - [MESSAGE][PASSED] - Delayed 3 second(s)

2020-10-20 15:46:51 - [MESSAGE][PASSED] - Object: '' is clicked on

2020-10-20 15:46:51 - [MESSAGE][PASSED] - Click on Tab "KTP"

2020-10-20 15:46:51 - [TEST_STEP][PASSED] - Checkbox General Mistake "20. KTP atau Resi - Alamat tetap pemohon pada sistem (HoS) berbeda dengan KTP": Checkbox General Mistake "20. KTP atau Resi - Alamat tetap pemohon pada sistem (HoS) berbeda dengan KTP"

2020-10-20 15:46:51 - [MESSAGE][PASSED] - Object: '' is clicked on

2020-10-20 15:46:51 - [MESSAGE][PASSED] - Wait for page load successfully

2020-10-20 15:46:51 - [MESSAGE][PASSED] - Checkbox General Mistake "20. KTP atau Resi - Alamat tetap pemohon pada sistem (HoS) berbeda dengan KTP"

2020-10-20 15:46:51 - [TEST_STEP][PASSED] - Click button "Save": Click button "Save"

2020-10-20 15:46:51 - [MESSAGE][INFO] - >>>>>//Button[contains(text(),'Save')]

2020-10-20 15:46:54 - [MESSAGE][PASSED] - Object: '' is clicked on

2020-10-20 15:46:54 - [MESSAGE][PASSED] - Click button "Save"

2020-10-20 15:46:54 - [TEST_STEP][PASSED] - Get text from pop up "IT Supporting Tools" with text "Mistake Type cannot be empty": Get text from pop up "IT Supporting Tools" with text "Mistake Type cannot be empty"

2020-10-20 15:46:54 - [MESSAGE][PASSED] - Taking screenshot successfully
[[ATTACHMENT|/Users/chaidir.pratama01/Documents/Docs/Katalon Studio/Screenshot/errorpopup.png]]

2020-10-20 15:46:54 - [MESSAGE][PASSED] - Object '' is present

2020-10-20 15:46:54 - [MESSAGE][PASSED] - Wait for page load successfully

2020-10-20 15:46:54 - [MESSAGE][PASSED] - Wait for page load successfully

2020-10-20 15:46:54 - [MESSAGE][PASSED] - Get text from pop up "IT Supporting Tools" with text "Mistake Type cannot be empty"

2020-10-20 15:46:54 - [TEST_STEP][PASSED] - Click button "OK": Click button "OK"

2020-10-20 15:46:54 - [MESSAGE][INFO] - >>>>>//Button[contains(text(),'OK')]

2020-10-20 15:46:57 - [MESSAGE][PASSED] - Object: '' is clicked on

2020-10-20 15:46:57 - [MESSAGE][PASSED] - Click button "OK"

2020-10-20 15:46:57 - [TEST_STEP][PASSED] - Click button "Logout": Click button "Logout"

2020-10-20 15:46:57 - [MESSAGE][INFO] - >>>>>//Button[contains(text(),'Logout')]

2020-10-20 15:47:01 - [MESSAGE][PASSED] - Object: '' is clicked on

2020-10-20 15:47:01 - [MESSAGE][PASSED] - Click button "Logout"

2020-10-20 15:47:01 - [TEST_STEP][PASSED] - Comment "Register Mistake failed because Dropdown Mistake type didn't choose": Comment "Register Mistake failed because Dropdown Mistake type didn't choose"

2020-10-20 15:47:01 - [MESSAGE][INFO] - Register Mistake failed because Dropdown Mistake type didn't choose

2020-10-20 15:47:01 - [MESSAGE][PASSED] - Comment "Register Mistake failed because Dropdown Mistake type didn't choose"

2020-10-20 15:47:01 - [TEST_STEP][PASSED] - Close browser: Close browser

2020-10-20 15:47:01 - [MESSAGE][PASSED] - Browser is closed

2020-10-20 15:47:01 - [MESSAGE][PASSED] - Close browser

2020-10-20 15:47:01 - [MESSAGE][PASSED] - Feature file: 'Include/features/IST_Real/CONTRACT_DISPATCHER_DONA_B2B/BUKALAPAK/Pick_Mistake_Without_Choose_Dropdown_Mistake_Type.feature' was passed]]></system-out>
         <system-err><![CDATA[]]></system-err>
      </testcase>
      <testcase name="Test Cases/IST_Real/CONTRACT_DISPATCHER_DONA_B2B/BUKALAPAK/TC BUKALAPAK - Update Tbl CDS CDC TRKRegMistake" time="1.24" classname="Test Cases/IST_Real/CONTRACT_DISPATCHER_DONA_B2B/BUKALAPAK/TC BUKALAPAK - Update Tbl CDS CDC TRKRegMistake" status="PASSED">
         <system-out><![CDATA[2020-10-20 15:47:01 - [TEST_CASE][PASSED] - Test Cases/IST_Real/CONTRACT_DISPATCHER_DONA_B2B/BUKALAPAK/TC BUKALAPAK - Update Tbl CDS CDC TRKRegMistake: Test Cases/IST_Real/CONTRACT_DISPATCHER_DONA_B2B/BUKALAPAK/TC BUKALAPAK - Update Tbl CDS CDC TRKRegMistake

2020-10-20 15:47:01 - [TEST_STEP][PASSED] - runFeatureFile("Include/features/IST_Real/CONTRACT_DISPATCHER_DONA_B2B/BUKALAPAK/Update_Tbl_CDS_CDC_TRK_RegMistake.feature"): Feature file: 'Include/features/IST_Real/CONTRACT_DISPATCHER_DONA_B2B/BUKALAPAK/Update_Tbl_CDS_CDC_TRK_RegMistake.feature' was passed

2020-10-20 15:47:01 - [MESSAGE][INFO] - Starting run keyword runFeatureFile: 'Include/features/IST_Real/CONTRACT_DISPATCHER_DONA_B2B/BUKALAPAK/Update_Tbl_CDS_CDC_TRK_RegMistake.feature' and extract report to folder: '/Users/chaidir.pratama01/Katalon Studio/IST_Automation_Git/Reports/20201020_154359/CONTRACT_DISPATCHER_DONA_B2B/TS_BUKALAPAK_B2B/20201020_154359/cucumber_report/1603183621483'...

2020-10-20 15:47:01 - [TEST_CASE][PASSED] - Start Test Case : SCENARIO Update Table CONTRACT_DISPATCHER_SOURCE and CONTRACT_DISPTACHER_CLAIM: SCENARIO Update Table CONTRACT_DISPATCHER_SOURCE and CONTRACT_DISPTACHER_CLAIM

2020-10-20 15:47:01 - [TEST_STEP][PASSED] - Connect to Database: Connect to Database

2020-10-20 15:47:02 - [MESSAGE][PASSED] - Connect to Database

2020-10-20 15:47:02 - [TEST_STEP][PASSED] - Update Tbl CONTRACT DISPATCHER SOURCE To Change PROCESSED From Y to N For Bukalapak B2B: Update Tbl CONTRACT DISPATCHER SOURCE To Change PROCESSED From Y to N For Bukalapak B2B

2020-10-20 15:47:02 - [MESSAGE][PASSED] - Update Tbl CONTRACT DISPATCHER SOURCE To Change PROCESSED From Y to N For Bukalapak B2B

2020-10-20 15:47:02 - [TEST_STEP][PASSED] - Update Tbl CONTRACT DISPATCHER CLAIM To Delete PROCESS From Column STATUS: Update Tbl CONTRACT DISPATCHER CLAIM To Delete PROCESS From Column STATUS

2020-10-20 15:47:02 - [MESSAGE][PASSED] - Update Tbl CONTRACT DISPATCHER CLAIM To Delete PROCESS From Column STATUS

2020-10-20 15:47:02 - [TEST_STEP][PASSED] - Delete Contract From TRK_REGISTRATION_MISTAKE: Delete Contract From TRK_REGISTRATION_MISTAKE

2020-10-20 15:47:02 - [MESSAGE][PASSED] - Delete Contract From TRK_REGISTRATION_MISTAKE

2020-10-20 15:47:02 - [MESSAGE][PASSED] - Feature file: 'Include/features/IST_Real/CONTRACT_DISPATCHER_DONA_B2B/BUKALAPAK/Update_Tbl_CDS_CDC_TRK_RegMistake.feature' was passed]]></system-out>
         <system-err><![CDATA[]]></system-err>
      </testcase>
      <testcase name="Test Cases/IST_Real/CONTRACT_DISPATCHER_DONA_B2B/BUKALAPAK/TC BUKALAPAK - Pick Mistake Without Write Textarea Note Before" time="52.29" classname="Test Cases/IST_Real/CONTRACT_DISPATCHER_DONA_B2B/BUKALAPAK/TC BUKALAPAK - Pick Mistake Without Write Textarea Note Before" status="PASSED">
         <system-out><![CDATA[2020-10-20 15:47:02 - [TEST_CASE][PASSED] - Test Cases/IST_Real/CONTRACT_DISPATCHER_DONA_B2B/BUKALAPAK/TC BUKALAPAK - Pick Mistake Without Write Textarea Note Before: Test Cases/IST_Real/CONTRACT_DISPATCHER_DONA_B2B/BUKALAPAK/TC BUKALAPAK - Pick Mistake Without Write Textarea Note Before

2020-10-20 15:47:02 - [TEST_STEP][PASSED] - runFeatureFile("Include/features/IST_Real/CONTRACT_DISPATCHER_DONA_B2B/BUKALAPAK/Pick_Mistake_Without_Write_Textarea_Note_Before.feature"): Feature file: 'Include/features/IST_Real/CONTRACT_DISPATCHER_DONA_B2B/BUKALAPAK/Pick_Mistake_Without_Write_Textarea_Note_Before.feature' was passed

2020-10-20 15:47:02 - [MESSAGE][INFO] - Starting run keyword runFeatureFile: 'Include/features/IST_Real/CONTRACT_DISPATCHER_DONA_B2B/BUKALAPAK/Pick_Mistake_Without_Write_Textarea_Note_Before.feature' and extract report to folder: '/Users/chaidir.pratama01/Katalon Studio/IST_Automation_Git/Reports/20201020_154359/CONTRACT_DISPATCHER_DONA_B2B/TS_BUKALAPAK_B2B/20201020_154359/cucumber_report/1603183622798'...

2020-10-20 15:47:02 - [TEST_CASE][PASSED] - Start Test Case : SCENARIO Assign User to Contract Dona Bukalapak B2B: SCENARIO Assign User to Contract Dona Bukalapak B2B

2020-10-20 15:47:02 - [TEST_STEP][PASSED] - Go to IST: Go to IST

2020-10-20 15:47:02 - [MESSAGE][INFO] - Starting 'Chrome (headless)' driver

2020-10-20 15:47:02 - [MESSAGE][INFO] - User set preference: ['args', '[--start-maximized, --disable-gpu, --no-proxy-server, â€“no-sandbox, --allow-running-insecure-content, --ignore-certificate-errors]']

2020-10-20 15:47:02 - [MESSAGE][INFO] - Action delay is set to 0 milliseconds

2020-10-20 15:47:03 - [MESSAGE][PASSED] - Browser is opened with url: ''

2020-10-20 15:47:04 - [MESSAGE][PASSED] - Navigate to 'https://dev-ist.homecredit.id/ist_tracker/' successfully

2020-10-20 15:47:04 - [MESSAGE][PASSED] - Taking screenshot successfully
[[ATTACHMENT|/Users/chaidir.pratama01/Documents/Docs/Katalon Studio/Screenshot/IST_Page.png]]

2020-10-20 15:47:04 - [MESSAGE][PASSED] - Go to IST

2020-10-20 15:47:04 - [TEST_STEP][PASSED] - Login IST with valid credentials: Login IST with valid credentials

2020-10-20 15:47:05 - [MESSAGE][PASSED] - Text 'mobile.test' is set on object 'Object Repository/Page_/input_Username_j_username'

2020-10-20 15:47:05 - [MESSAGE][PASSED] - Text ****** has been set on object 'Object Repository/Page_/input_Password_j_password'

2020-10-20 15:47:05 - [MESSAGE][PASSED] - Object: 'Object Repository/Page_/button_Login' is clicked on

2020-10-20 15:47:05 - [MESSAGE][PASSED] - Login IST with valid credentials

2020-10-20 15:47:05 - [TEST_STEP][PASSED] - Login Success for contract dispatcher: Login Success for contract dispatcher

2020-10-20 15:47:05 - [MESSAGE][INFO] - Login Success

2020-10-20 15:47:05 - [MESSAGE][PASSED] - Current window maximized

2020-10-20 15:47:05 - [MESSAGE][PASSED] - Object 'Object Repository/Page_/h1_Welcome to IT Supporting Tools' is present

2020-10-20 15:47:05 - [MESSAGE][PASSED] - Login Success for contract dispatcher

2020-10-20 15:47:05 - [TEST_STEP][PASSED] - Select Arrow Menu "Contract Dispatcher Admin": Select Arrow Menu "Contract Dispatcher Admin"

2020-10-20 15:47:05 - [MESSAGE][PASSED] - Object: '' is clicked on

2020-10-20 15:47:05 - [MESSAGE][PASSED] - Select Arrow Menu "Contract Dispatcher Admin"

2020-10-20 15:47:05 - [TEST_STEP][PASSED] - Select Menu "Management Assignment": Select Menu "Management Assignment"

2020-10-20 15:47:06 - [MESSAGE][PASSED] - Taking screenshot successfully
[[ATTACHMENT|/Users/chaidir.pratama01/Documents/Docs/Katalon Studio/Screenshot/test-Management Assignment.png]]

2020-10-20 15:47:06 - [MESSAGE][PASSED] - Object '' is present

2020-10-20 15:47:06 - [MESSAGE][PASSED] - Object: '' is clicked on

2020-10-20 15:47:06 - [MESSAGE][PASSED] - Wait for page load successfully

2020-10-20 15:47:06 - [MESSAGE][PASSED] - Select Menu "Management Assignment"

2020-10-20 15:47:06 - [TEST_STEP][PASSED] - Select Username "mobile.test" of Management Assignment: Select Username "mobile.test" of Management Assignment

2020-10-20 15:47:07 - [MESSAGE][PASSED] - All options with value 'mobile.test' are selected in object 'Object Repository/Page_/dropdown_list_username_assignment'  using regular expression

2020-10-20 15:47:07 - [MESSAGE][PASSED] - Select Username "mobile.test" of Management Assignment

2020-10-20 15:47:07 - [TEST_STEP][PASSED] - Check for username if already assigned to "Dona B2B": Check for username if already assigned to "Dona B2B"

2020-10-20 15:47:10 - [MESSAGE][PASSED] - Scroll to object '' successfully

2020-10-20 15:47:10 - [MESSAGE][PASSED] - Object '' is present

2020-10-20 15:47:10 - [MESSAGE][PASSED] - Object '' is checked

2020-10-20 15:47:10 - [MESSAGE][INFO] - Element is already Checked

2020-10-20 15:47:10 - [MESSAGE][PASSED] - Check for username if already assigned to "Dona B2B"

2020-10-20 15:47:10 - [TEST_STEP][PASSED] - Wait page for load: Wait page for load

2020-10-20 15:47:10 - [MESSAGE][PASSED] - Wait for page load successfully

2020-10-20 15:47:10 - [MESSAGE][PASSED] - Wait page for load

2020-10-20 15:47:10 - [TEST_STEP][PASSED] - Click button "Logout": Click button "Logout"

2020-10-20 15:47:10 - [MESSAGE][INFO] - >>>>>//Button[contains(text(),'Logout')]

2020-10-20 15:47:14 - [MESSAGE][PASSED] - Object: '' is clicked on

2020-10-20 15:47:14 - [MESSAGE][PASSED] - Click button "Logout"

2020-10-20 15:47:14 - [TEST_STEP][PASSED] - Close browser: Close browser

2020-10-20 15:47:14 - [MESSAGE][PASSED] - Browser is closed

2020-10-20 15:47:14 - [MESSAGE][PASSED] - Close browser

2020-10-20 15:47:14 - [TEST_CASE][PASSED] - Start Test Case : SCENARIO Select Menu Contract Dispatcher and Select Contract based on type contract DONA Bukalapak B2B: SCENARIO Select Menu Contract Dispatcher and Select Contract based on type contract DONA Bukalapak B2B

2020-10-20 15:47:14 - [TEST_STEP][PASSED] - Go to IST: Go to IST

2020-10-20 15:47:14 - [MESSAGE][INFO] - Starting 'Chrome (headless)' driver

2020-10-20 15:47:14 - [MESSAGE][INFO] - User set preference: ['args', '[--start-maximized, --disable-gpu, --no-proxy-server, â€“no-sandbox, --allow-running-insecure-content, --ignore-certificate-errors]']

2020-10-20 15:47:14 - [MESSAGE][INFO] - Action delay is set to 0 milliseconds

2020-10-20 15:47:14 - [MESSAGE][PASSED] - Browser is opened with url: ''

2020-10-20 15:47:15 - [MESSAGE][PASSED] - Navigate to 'https://dev-ist.homecredit.id/ist_tracker/' successfully

2020-10-20 15:47:16 - [MESSAGE][PASSED] - Taking screenshot successfully
[[ATTACHMENT|/Users/chaidir.pratama01/Documents/Docs/Katalon Studio/Screenshot/IST_Page.png]]

2020-10-20 15:47:16 - [MESSAGE][PASSED] - Go to IST

2020-10-20 15:47:16 - [TEST_STEP][PASSED] - Login IST with valid credentials: Login IST with valid credentials

2020-10-20 15:47:16 - [MESSAGE][PASSED] - Text 'mobile.test' is set on object 'Object Repository/Page_/input_Username_j_username'

2020-10-20 15:47:16 - [MESSAGE][PASSED] - Text ****** has been set on object 'Object Repository/Page_/input_Password_j_password'

2020-10-20 15:47:17 - [MESSAGE][PASSED] - Object: 'Object Repository/Page_/button_Login' is clicked on

2020-10-20 15:47:17 - [MESSAGE][PASSED] - Login IST with valid credentials

2020-10-20 15:47:17 - [TEST_STEP][PASSED] - Login Success for contract dispatcher: Login Success for contract dispatcher

2020-10-20 15:47:17 - [MESSAGE][INFO] - Login Success

2020-10-20 15:47:17 - [MESSAGE][PASSED] - Current window maximized

2020-10-20 15:47:17 - [MESSAGE][PASSED] - Object 'Object Repository/Page_/h1_Welcome to IT Supporting Tools' is present

2020-10-20 15:47:17 - [MESSAGE][PASSED] - Login Success for contract dispatcher

2020-10-20 15:47:17 - [TEST_STEP][PASSED] - Select Menu "Contract Dispatcher": Select Menu "Contract Dispatcher"

2020-10-20 15:47:17 - [MESSAGE][PASSED] - Taking screenshot successfully
[[ATTACHMENT|/Users/chaidir.pratama01/Documents/Docs/Katalon Studio/Screenshot/test-Contract Dispatcher.png]]

2020-10-20 15:47:17 - [MESSAGE][PASSED] - Object '' is present

2020-10-20 15:47:17 - [MESSAGE][PASSED] - Object: '' is clicked on

2020-10-20 15:47:17 - [MESSAGE][PASSED] - Wait for page load successfully

2020-10-20 15:47:17 - [MESSAGE][PASSED] - Select Menu "Contract Dispatcher"

2020-10-20 15:47:17 - [TEST_STEP][PASSED] - Select Contract Number based on Type Contract "DONA_BUKALAPAK_B2B": Select Contract Number based on Type Contract "DONA_BUKALAPAK_B2B"

2020-10-20 15:47:17 - [MESSAGE][PASSED] - Object '' is present

2020-10-20 15:47:17 - [MESSAGE][PASSED] - Object '' is present

2020-10-20 15:47:17 - [MESSAGE][PASSED] - Object: '' is clicked on

2020-10-20 15:47:17 - [MESSAGE][PASSED] - Select Contract Number based on Type Contract "DONA_BUKALAPAK_B2B"

2020-10-20 15:47:17 - [TEST_STEP][PASSED] - Click button "Claim": Click button "Claim"

2020-10-20 15:47:17 - [MESSAGE][INFO] - >>>>>//Button[contains(text(),'Claim')]

2020-10-20 15:47:21 - [MESSAGE][PASSED] - Object: '' is clicked on

2020-10-20 15:47:21 - [MESSAGE][PASSED] - Click button "Claim"

2020-10-20 15:47:21 - [TEST_STEP][PASSED] - Verify Tab Mistake Matrix Base on Type Contract: Verify Tab Mistake Matrix Base on Type Contract

2020-10-20 15:47:21 - [MESSAGE][PASSED] - Object '' is present

2020-10-20 15:47:21 - [MESSAGE][PASSED] - Object '' is present

2020-10-20 15:47:21 - [MESSAGE][PASSED] - Object '' is present

2020-10-20 15:47:21 - [MESSAGE][PASSED] - Object '' is present

2020-10-20 15:47:21 - [MESSAGE][PASSED] - Object '' is present

2020-10-20 15:47:21 - [MESSAGE][PASSED] - Verify Tab Mistake Matrix Base on Type Contract

2020-10-20 15:47:21 - [TEST_STEP][PASSED] - Varify the mistake detail already match with the matrix Base on Type Contract: Varify the mistake detail already match with the matrix Base on Type Contract

2020-10-20 15:47:21 - [MESSAGE][PASSED] - Object '' is present

2020-10-20 15:47:21 - [MESSAGE][PASSED] - Object: '' is focused

2020-10-20 15:47:24 - [MESSAGE][PASSED] - Delayed 3 second(s)

2020-10-20 15:47:24 - [MESSAGE][PASSED] - Object: '' is clicked on

2020-10-20 15:47:25 - [MESSAGE][PASSED] - Object '' is present

2020-10-20 15:47:25 - [MESSAGE][PASSED] - Object: '' is focused

2020-10-20 15:47:25 - [MESSAGE][PASSED] - Object '' is not checked

2020-10-20 15:47:25 - [MESSAGE][PASSED] - Object '' is present

2020-10-20 15:47:25 - [MESSAGE][PASSED] - Object: '' is focused

2020-10-20 15:47:25 - [MESSAGE][PASSED] - Object '' is not checked

2020-10-20 15:47:25 - [MESSAGE][PASSED] - Object '' is present

2020-10-20 15:47:25 - [MESSAGE][PASSED] - Object: '' is focused

2020-10-20 15:47:25 - [MESSAGE][PASSED] - Object '' is not checked

2020-10-20 15:47:25 - [MESSAGE][PASSED] - Object '' is present

2020-10-20 15:47:25 - [MESSAGE][PASSED] - Object: '' is focused

2020-10-20 15:47:25 - [MESSAGE][PASSED] - Object '' is not checked

2020-10-20 15:47:25 - [MESSAGE][PASSED] - Object '' is present

2020-10-20 15:47:25 - [MESSAGE][PASSED] - Object: '' is focused

2020-10-20 15:47:25 - [MESSAGE][PASSED] - Object '' is not checked

2020-10-20 15:47:25 - [MESSAGE][PASSED] - Object '' is present

2020-10-20 15:47:25 - [MESSAGE][PASSED] - Object: '' is focused

2020-10-20 15:47:25 - [MESSAGE][PASSED] - Object '' is not checked

2020-10-20 15:47:25 - [MESSAGE][PASSED] - Object '' is present

2020-10-20 15:47:25 - [MESSAGE][PASSED] - Object: '' is focused

2020-10-20 15:47:25 - [MESSAGE][PASSED] - Object '' is not checked

2020-10-20 15:47:25 - [MESSAGE][PASSED] - Object '' is present

2020-10-20 15:47:25 - [MESSAGE][PASSED] - Object: '' is focused

2020-10-20 15:47:25 - [MESSAGE][PASSED] - Object '' is not checked

2020-10-20 15:47:25 - [MESSAGE][PASSED] - Object '' is present

2020-10-20 15:47:25 - [MESSAGE][PASSED] - Object: '' is focused

2020-10-20 15:47:25 - [MESSAGE][PASSED] - Object '' is not checked

2020-10-20 15:47:25 - [MESSAGE][PASSED] - Object '' is present

2020-10-20 15:47:25 - [MESSAGE][PASSED] - Object: '' is focused

2020-10-20 15:47:25 - [MESSAGE][PASSED] - Object '' is not checked

2020-10-20 15:47:25 - [MESSAGE][PASSED] - Object '' is present

2020-10-20 15:47:25 - [MESSAGE][PASSED] - Object: '' is focused

2020-10-20 15:47:25 - [MESSAGE][PASSED] - Object '' is not checked

2020-10-20 15:47:26 - [MESSAGE][PASSED] - Object '' is present

2020-10-20 15:47:26 - [MESSAGE][PASSED] - Object: '' is focused

2020-10-20 15:47:26 - [MESSAGE][PASSED] - Object '' is not checked

2020-10-20 15:47:26 - [MESSAGE][PASSED] - Object '' is present

2020-10-20 15:47:26 - [MESSAGE][PASSED] - Object: '' is focused

2020-10-20 15:47:26 - [MESSAGE][PASSED] - Object '' is not checked

2020-10-20 15:47:26 - [MESSAGE][PASSED] - Object '' is present

2020-10-20 15:47:26 - [MESSAGE][PASSED] - Object: '' is focused

2020-10-20 15:47:26 - [MESSAGE][PASSED] - Object '' is not checked

2020-10-20 15:47:26 - [MESSAGE][PASSED] - Object '' is present

2020-10-20 15:47:26 - [MESSAGE][PASSED] - Object: '' is focused

2020-10-20 15:47:26 - [MESSAGE][PASSED] - Object '' is not checked

2020-10-20 15:47:26 - [MESSAGE][PASSED] - Object '' is present

2020-10-20 15:47:26 - [MESSAGE][PASSED] - Object: '' is focused

2020-10-20 15:47:26 - [MESSAGE][PASSED] - Object '' is not checked

2020-10-20 15:47:26 - [MESSAGE][PASSED] - Object '' is present

2020-10-20 15:47:26 - [MESSAGE][PASSED] - Object: '' is focused

2020-10-20 15:47:26 - [MESSAGE][PASSED] - Object '' is not checked

2020-10-20 15:47:26 - [MESSAGE][PASSED] - Object '' is present

2020-10-20 15:47:26 - [MESSAGE][PASSED] - Object: '' is focused

2020-10-20 15:47:26 - [MESSAGE][PASSED] - Object '' is not checked

2020-10-20 15:47:26 - [MESSAGE][PASSED] - Object '' is present

2020-10-20 15:47:26 - [MESSAGE][PASSED] - Object: '' is focused

2020-10-20 15:47:26 - [MESSAGE][PASSED] - Object '' is not checked

2020-10-20 15:47:26 - [MESSAGE][PASSED] - Object '' is present

2020-10-20 15:47:26 - [MESSAGE][PASSED] - Object: '' is focused

2020-10-20 15:47:26 - [MESSAGE][PASSED] - Object '' is not checked

2020-10-20 15:47:26 - [MESSAGE][PASSED] - Object '' is present

2020-10-20 15:47:26 - [MESSAGE][PASSED] - Object: '' is focused

2020-10-20 15:47:29 - [MESSAGE][PASSED] - Delayed 3 second(s)

2020-10-20 15:47:30 - [MESSAGE][PASSED] - Object: '' is clicked on

2020-10-20 15:47:30 - [MESSAGE][PASSED] - Object '' is present

2020-10-20 15:47:30 - [MESSAGE][PASSED] - Object: '' is focused

2020-10-20 15:47:30 - [MESSAGE][PASSED] - Object '' is not checked

2020-10-20 15:47:30 - [MESSAGE][PASSED] - Object '' is present

2020-10-20 15:47:30 - [MESSAGE][PASSED] - Object: '' is focused

2020-10-20 15:47:30 - [MESSAGE][PASSED] - Object '' is not checked

2020-10-20 15:47:30 - [MESSAGE][PASSED] - Object '' is present

2020-10-20 15:47:30 - [MESSAGE][PASSED] - Object: '' is focused

2020-10-20 15:47:30 - [MESSAGE][PASSED] - Object '' is not checked

2020-10-20 15:47:30 - [MESSAGE][PASSED] - Object '' is present

2020-10-20 15:47:30 - [MESSAGE][PASSED] - Object: '' is focused

2020-10-20 15:47:30 - [MESSAGE][PASSED] - Object '' is not checked

2020-10-20 15:47:30 - [MESSAGE][PASSED] - Object '' is present

2020-10-20 15:47:30 - [MESSAGE][PASSED] - Object: '' is focused

2020-10-20 15:47:30 - [MESSAGE][PASSED] - Object '' is not checked

2020-10-20 15:47:30 - [MESSAGE][PASSED] - Object '' is present

2020-10-20 15:47:30 - [MESSAGE][PASSED] - Object: '' is focused

2020-10-20 15:47:30 - [MESSAGE][PASSED] - Object '' is not checked

2020-10-20 15:47:30 - [MESSAGE][PASSED] - Object '' is present

2020-10-20 15:47:30 - [MESSAGE][PASSED] - Object: '' is focused

2020-10-20 15:47:33 - [MESSAGE][PASSED] - Delayed 3 second(s)

2020-10-20 15:47:33 - [MESSAGE][PASSED] - Object: '' is clicked on

2020-10-20 15:47:33 - [MESSAGE][PASSED] - Object '' is present

2020-10-20 15:47:33 - [MESSAGE][PASSED] - Object: '' is focused

2020-10-20 15:47:33 - [MESSAGE][PASSED] - Object '' is not checked

2020-10-20 15:47:33 - [MESSAGE][PASSED] - Object '' is present

2020-10-20 15:47:33 - [MESSAGE][PASSED] - Object: '' is focused

2020-10-20 15:47:33 - [MESSAGE][PASSED] - Object '' is not checked

2020-10-20 15:47:33 - [MESSAGE][PASSED] - Object '' is present

2020-10-20 15:47:34 - [MESSAGE][PASSED] - Object: '' is focused

2020-10-20 15:47:34 - [MESSAGE][PASSED] - Object '' is not checked

2020-10-20 15:47:34 - [MESSAGE][PASSED] - Object '' is present

2020-10-20 15:47:34 - [MESSAGE][PASSED] - Object: '' is focused

2020-10-20 15:47:37 - [MESSAGE][PASSED] - Delayed 3 second(s)

2020-10-20 15:47:37 - [MESSAGE][PASSED] - Object: '' is clicked on

2020-10-20 15:47:37 - [MESSAGE][PASSED] - Object '' is present

2020-10-20 15:47:37 - [MESSAGE][PASSED] - Object: '' is focused

2020-10-20 15:47:37 - [MESSAGE][PASSED] - Object '' is not checked

2020-10-20 15:47:37 - [MESSAGE][PASSED] - Object '' is present

2020-10-20 15:47:37 - [MESSAGE][PASSED] - Object: '' is focused

2020-10-20 15:47:37 - [MESSAGE][PASSED] - Object '' is not checked

2020-10-20 15:47:37 - [MESSAGE][PASSED] - Object '' is present

2020-10-20 15:47:37 - [MESSAGE][PASSED] - Object: '' is focused

2020-10-20 15:47:37 - [MESSAGE][PASSED] - Object '' is not checked

2020-10-20 15:47:37 - [MESSAGE][PASSED] - Object '' is present

2020-10-20 15:47:37 - [MESSAGE][PASSED] - Object: '' is focused

2020-10-20 15:47:37 - [MESSAGE][PASSED] - Object '' is not checked

2020-10-20 15:47:37 - [MESSAGE][PASSED] - Object '' is present

2020-10-20 15:47:37 - [MESSAGE][PASSED] - Object: '' is focused

2020-10-20 15:47:37 - [MESSAGE][PASSED] - Object '' is not checked

2020-10-20 15:47:37 - [MESSAGE][PASSED] - Object '' is present

2020-10-20 15:47:37 - [MESSAGE][PASSED] - Object: '' is focused

2020-10-20 15:47:37 - [MESSAGE][PASSED] - Object '' is not checked

2020-10-20 15:47:37 - [MESSAGE][PASSED] - Object '' is present

2020-10-20 15:47:37 - [MESSAGE][PASSED] - Object: '' is focused

2020-10-20 15:47:37 - [MESSAGE][PASSED] - Object '' is not checked

2020-10-20 15:47:37 - [MESSAGE][PASSED] - Object '' is present

2020-10-20 15:47:37 - [MESSAGE][PASSED] - Object: '' is focused

2020-10-20 15:47:37 - [MESSAGE][PASSED] - Object '' is not checked

2020-10-20 15:47:38 - [MESSAGE][PASSED] - Object '' is present

2020-10-20 15:47:38 - [MESSAGE][PASSED] - Object: '' is focused

2020-10-20 15:47:41 - [MESSAGE][PASSED] - Delayed 3 second(s)

2020-10-20 15:47:41 - [MESSAGE][PASSED] - Object: '' is clicked on

2020-10-20 15:47:41 - [MESSAGE][PASSED] - Object '' is present

2020-10-20 15:47:41 - [MESSAGE][PASSED] - Object: '' is focused

2020-10-20 15:47:41 - [MESSAGE][PASSED] - Object '' is not checked

2020-10-20 15:47:41 - [MESSAGE][PASSED] - Object '' is present

2020-10-20 15:47:41 - [MESSAGE][PASSED] - Object: '' is focused

2020-10-20 15:47:41 - [MESSAGE][PASSED] - Object '' is not checked

2020-10-20 15:47:41 - [MESSAGE][PASSED] - Object '' is present

2020-10-20 15:47:41 - [MESSAGE][PASSED] - Object: '' is focused

2020-10-20 15:47:41 - [MESSAGE][PASSED] - Object '' is not checked

2020-10-20 15:47:41 - [MESSAGE][PASSED] - Varify the mistake detail already match with the matrix Base on Type Contract

2020-10-20 15:47:41 - [TEST_STEP][PASSED] - Click on Tab "KTP": Click on Tab "KTP"

2020-10-20 15:47:41 - [MESSAGE][PASSED] - Object '' is present

2020-10-20 15:47:41 - [MESSAGE][PASSED] - Object: '' is focused

2020-10-20 15:47:44 - [MESSAGE][PASSED] - Delayed 3 second(s)

2020-10-20 15:47:44 - [MESSAGE][PASSED] - Object: '' is clicked on

2020-10-20 15:47:44 - [MESSAGE][PASSED] - Click on Tab "KTP"

2020-10-20 15:47:44 - [TEST_STEP][PASSED] - Checkbox General Mistake "20. KTP atau Resi - Alamat tetap pemohon pada sistem (HoS) berbeda dengan KTP": Checkbox General Mistake "20. KTP atau Resi - Alamat tetap pemohon pada sistem (HoS) berbeda dengan KTP"

2020-10-20 15:47:44 - [MESSAGE][PASSED] - Object: '' is clicked on

2020-10-20 15:47:44 - [MESSAGE][PASSED] - Wait for page load successfully

2020-10-20 15:47:44 - [MESSAGE][PASSED] - Checkbox General Mistake "20. KTP atau Resi - Alamat tetap pemohon pada sistem (HoS) berbeda dengan KTP"

2020-10-20 15:47:44 - [TEST_STEP][PASSED] - Choose Dropdown mistake type "Beda RT" from mistake name "20. KTP atau Resi - Alamat tetap pemohon pada sistem (HoS) berbeda dengan KTP": Choose Dropdown mistake type "Beda RT" from mistake name "20. KTP atau Resi - Alamat tetap pemohon pada sistem (HoS) berbeda dengan KTP"

2020-10-20 15:47:45 - [MESSAGE][PASSED] - All options with index in [1] are selected on object ''

2020-10-20 15:47:45 - [MESSAGE][PASSED] - Wait for page load successfully

2020-10-20 15:47:45 - [MESSAGE][PASSED] - Choose Dropdown mistake type "Beda RT" from mistake name "20. KTP atau Resi - Alamat tetap pemohon pada sistem (HoS) berbeda dengan KTP"

2020-10-20 15:47:45 - [TEST_STEP][PASSED] - Type on textarea note after based on mistake name "20. KTP atau Resi - Alamat tetap pemohon pada sistem (HoS) berbeda dengan KTP" with value "Testing": Type on textarea note after based on mistake name "20. KTP atau Resi - Alamat tetap pemohon pada sistem (HoS) berbeda dengan KTP" with value "Testing"

2020-10-20 15:47:45 - [MESSAGE][PASSED] - Text 'Testing' is set on object ''

2020-10-20 15:47:45 - [MESSAGE][PASSED] - Wait for page load successfully

2020-10-20 15:47:45 - [MESSAGE][PASSED] - Type on textarea note after based on mistake name "20. KTP atau Resi - Alamat tetap pemohon pada sistem (HoS) berbeda dengan KTP" with value "Testing"

2020-10-20 15:47:45 - [TEST_STEP][PASSED] - Click button "Save": Click button "Save"

2020-10-20 15:47:45 - [MESSAGE][INFO] - >>>>>//Button[contains(text(),'Save')]

2020-10-20 15:47:48 - [MESSAGE][PASSED] - Object: '' is clicked on

2020-10-20 15:47:48 - [MESSAGE][PASSED] - Click button "Save"

2020-10-20 15:47:48 - [TEST_STEP][PASSED] - Get text from pop up "IT Supporting Tools" with text "Note-before cannot be empty": Get text from pop up "IT Supporting Tools" with text "Note-before cannot be empty"

2020-10-20 15:47:48 - [MESSAGE][PASSED] - Taking screenshot successfully
[[ATTACHMENT|/Users/chaidir.pratama01/Documents/Docs/Katalon Studio/Screenshot/errorpopup.png]]

2020-10-20 15:47:48 - [MESSAGE][PASSED] - Object '' is present

2020-10-20 15:47:48 - [MESSAGE][PASSED] - Wait for page load successfully

2020-10-20 15:47:48 - [MESSAGE][PASSED] - Wait for page load successfully

2020-10-20 15:47:48 - [MESSAGE][PASSED] - Get text from pop up "IT Supporting Tools" with text "Note-before cannot be empty"

2020-10-20 15:47:48 - [TEST_STEP][PASSED] - Click button "OK": Click button "OK"

2020-10-20 15:47:48 - [MESSAGE][INFO] - >>>>>//Button[contains(text(),'OK')]

2020-10-20 15:47:51 - [MESSAGE][PASSED] - Object: '' is clicked on

2020-10-20 15:47:51 - [MESSAGE][PASSED] - Click button "OK"

2020-10-20 15:47:51 - [TEST_STEP][PASSED] - Click button "Logout": Click button "Logout"

2020-10-20 15:47:51 - [MESSAGE][INFO] - >>>>>//Button[contains(text(),'Logout')]

2020-10-20 15:47:54 - [MESSAGE][PASSED] - Object: '' is clicked on

2020-10-20 15:47:54 - [MESSAGE][PASSED] - Click button "Logout"

2020-10-20 15:47:54 - [TEST_STEP][PASSED] - Comment "Register Mistake failed because Note-before empty": Comment "Register Mistake failed because Note-before empty"

2020-10-20 15:47:54 - [MESSAGE][INFO] - Register Mistake failed because Note-before empty

2020-10-20 15:47:54 - [MESSAGE][PASSED] - Comment "Register Mistake failed because Note-before empty"

2020-10-20 15:47:54 - [TEST_STEP][PASSED] - Close browser: Close browser

2020-10-20 15:47:55 - [MESSAGE][PASSED] - Browser is closed

2020-10-20 15:47:55 - [MESSAGE][PASSED] - Close browser

2020-10-20 15:47:55 - [MESSAGE][PASSED] - Feature file: 'Include/features/IST_Real/CONTRACT_DISPATCHER_DONA_B2B/BUKALAPAK/Pick_Mistake_Without_Write_Textarea_Note_Before.feature' was passed]]></system-out>
         <system-err><![CDATA[]]></system-err>
      </testcase>
      <testcase name="Test Cases/IST_Real/CONTRACT_DISPATCHER_DONA_B2B/BUKALAPAK/TC BUKALAPAK - Update Tbl CDS CDC TRKRegMistake" time="2.068" classname="Test Cases/IST_Real/CONTRACT_DISPATCHER_DONA_B2B/BUKALAPAK/TC BUKALAPAK - Update Tbl CDS CDC TRKRegMistake" status="PASSED">
         <system-out><![CDATA[2020-10-20 15:47:55 - [TEST_CASE][PASSED] - Test Cases/IST_Real/CONTRACT_DISPATCHER_DONA_B2B/BUKALAPAK/TC BUKALAPAK - Update Tbl CDS CDC TRKRegMistake: Test Cases/IST_Real/CONTRACT_DISPATCHER_DONA_B2B/BUKALAPAK/TC BUKALAPAK - Update Tbl CDS CDC TRKRegMistake

2020-10-20 15:47:55 - [TEST_STEP][PASSED] - runFeatureFile("Include/features/IST_Real/CONTRACT_DISPATCHER_DONA_B2B/BUKALAPAK/Update_Tbl_CDS_CDC_TRK_RegMistake.feature"): Feature file: 'Include/features/IST_Real/CONTRACT_DISPATCHER_DONA_B2B/BUKALAPAK/Update_Tbl_CDS_CDC_TRK_RegMistake.feature' was passed

2020-10-20 15:47:55 - [MESSAGE][INFO] - Starting run keyword runFeatureFile: 'Include/features/IST_Real/CONTRACT_DISPATCHER_DONA_B2B/BUKALAPAK/Update_Tbl_CDS_CDC_TRK_RegMistake.feature' and extract report to folder: '/Users/chaidir.pratama01/Katalon Studio/IST_Automation_Git/Reports/20201020_154359/CONTRACT_DISPATCHER_DONA_B2B/TS_BUKALAPAK_B2B/20201020_154359/cucumber_report/1603183675018'...

2020-10-20 15:47:55 - [TEST_CASE][PASSED] - Start Test Case : SCENARIO Update Table CONTRACT_DISPATCHER_SOURCE and CONTRACT_DISPTACHER_CLAIM: SCENARIO Update Table CONTRACT_DISPATCHER_SOURCE and CONTRACT_DISPTACHER_CLAIM

2020-10-20 15:47:55 - [TEST_STEP][PASSED] - Connect to Database: Connect to Database

2020-10-20 15:47:55 - [MESSAGE][PASSED] - Connect to Database

2020-10-20 15:47:55 - [TEST_STEP][PASSED] - Update Tbl CONTRACT DISPATCHER SOURCE To Change PROCESSED From Y to N For Bukalapak B2B: Update Tbl CONTRACT DISPATCHER SOURCE To Change PROCESSED From Y to N For Bukalapak B2B

2020-10-20 15:47:55 - [MESSAGE][PASSED] - Update Tbl CONTRACT DISPATCHER SOURCE To Change PROCESSED From Y to N For Bukalapak B2B

2020-10-20 15:47:55 - [TEST_STEP][PASSED] - Update Tbl CONTRACT DISPATCHER CLAIM To Delete PROCESS From Column STATUS: Update Tbl CONTRACT DISPATCHER CLAIM To Delete PROCESS From Column STATUS

2020-10-20 15:47:56 - [MESSAGE][PASSED] - Update Tbl CONTRACT DISPATCHER CLAIM To Delete PROCESS From Column STATUS

2020-10-20 15:47:56 - [TEST_STEP][PASSED] - Delete Contract From TRK_REGISTRATION_MISTAKE: Delete Contract From TRK_REGISTRATION_MISTAKE

2020-10-20 15:47:57 - [MESSAGE][PASSED] - Delete Contract From TRK_REGISTRATION_MISTAKE

2020-10-20 15:47:57 - [MESSAGE][PASSED] - Feature file: 'Include/features/IST_Real/CONTRACT_DISPATCHER_DONA_B2B/BUKALAPAK/Update_Tbl_CDS_CDC_TRK_RegMistake.feature' was passed]]></system-out>
         <system-err><![CDATA[]]></system-err>
      </testcase>
      <testcase name="Test Cases/IST_Real/CONTRACT_DISPATCHER_DONA_B2B/BUKALAPAK/TC BUKALAPAK - Pick Mistake Without Write Textarea Note After" time="53.608" classname="Test Cases/IST_Real/CONTRACT_DISPATCHER_DONA_B2B/BUKALAPAK/TC BUKALAPAK - Pick Mistake Without Write Textarea Note After" status="PASSED">
         <system-out><![CDATA[2020-10-20 15:47:57 - [TEST_CASE][PASSED] - Test Cases/IST_Real/CONTRACT_DISPATCHER_DONA_B2B/BUKALAPAK/TC BUKALAPAK - Pick Mistake Without Write Textarea Note After: Test Cases/IST_Real/CONTRACT_DISPATCHER_DONA_B2B/BUKALAPAK/TC BUKALAPAK - Pick Mistake Without Write Textarea Note After

2020-10-20 15:47:57 - [TEST_STEP][PASSED] - runFeatureFile("Include/features/IST_Real/CONTRACT_DISPATCHER_DONA_B2B/BUKALAPAK/Pick_Mistake_Without_Write_Textarea_Note_After.feature"): Feature file: 'Include/features/IST_Real/CONTRACT_DISPATCHER_DONA_B2B/BUKALAPAK/Pick_Mistake_Without_Write_Textarea_Note_After.feature' was passed

2020-10-20 15:47:57 - [MESSAGE][INFO] - Starting run keyword runFeatureFile: 'Include/features/IST_Real/CONTRACT_DISPATCHER_DONA_B2B/BUKALAPAK/Pick_Mistake_Without_Write_Textarea_Note_After.feature' and extract report to folder: '/Users/chaidir.pratama01/Katalon Studio/IST_Automation_Git/Reports/20201020_154359/CONTRACT_DISPATCHER_DONA_B2B/TS_BUKALAPAK_B2B/20201020_154359/cucumber_report/1603183677159'...

2020-10-20 15:47:57 - [TEST_CASE][PASSED] - Start Test Case : SCENARIO Assign User to Contract DONA Bukalapak B2B: SCENARIO Assign User to Contract DONA Bukalapak B2B

2020-10-20 15:47:57 - [TEST_STEP][PASSED] - Go to IST: Go to IST

2020-10-20 15:47:57 - [MESSAGE][INFO] - Starting 'Chrome (headless)' driver

2020-10-20 15:47:57 - [MESSAGE][INFO] - User set preference: ['args', '[--start-maximized, --disable-gpu, --no-proxy-server, â€“no-sandbox, --allow-running-insecure-content, --ignore-certificate-errors]']

2020-10-20 15:47:57 - [MESSAGE][INFO] - Action delay is set to 0 milliseconds

2020-10-20 15:47:57 - [MESSAGE][PASSED] - Browser is opened with url: ''

2020-10-20 15:47:58 - [MESSAGE][PASSED] - Navigate to 'https://dev-ist.homecredit.id/ist_tracker/' successfully

2020-10-20 15:47:59 - [MESSAGE][PASSED] - Taking screenshot successfully
[[ATTACHMENT|/Users/chaidir.pratama01/Documents/Docs/Katalon Studio/Screenshot/IST_Page.png]]

2020-10-20 15:47:59 - [MESSAGE][PASSED] - Go to IST

2020-10-20 15:47:59 - [TEST_STEP][PASSED] - Login IST with valid credentials: Login IST with valid credentials

2020-10-20 15:47:59 - [MESSAGE][PASSED] - Text 'mobile.test' is set on object 'Object Repository/Page_/input_Username_j_username'

2020-10-20 15:47:59 - [MESSAGE][PASSED] - Text ****** has been set on object 'Object Repository/Page_/input_Password_j_password'

2020-10-20 15:48:00 - [MESSAGE][PASSED] - Object: 'Object Repository/Page_/button_Login' is clicked on

2020-10-20 15:48:00 - [MESSAGE][PASSED] - Login IST with valid credentials

2020-10-20 15:48:00 - [TEST_STEP][PASSED] - Login Success for contract dispatcher: Login Success for contract dispatcher

2020-10-20 15:48:00 - [MESSAGE][INFO] - Login Success

2020-10-20 15:48:00 - [MESSAGE][PASSED] - Current window maximized

2020-10-20 15:48:00 - [MESSAGE][PASSED] - Object 'Object Repository/Page_/h1_Welcome to IT Supporting Tools' is present

2020-10-20 15:48:00 - [MESSAGE][PASSED] - Login Success for contract dispatcher

2020-10-20 15:48:00 - [TEST_STEP][PASSED] - Select Arrow Menu "Contract Dispatcher Admin": Select Arrow Menu "Contract Dispatcher Admin"

2020-10-20 15:48:00 - [MESSAGE][PASSED] - Object: '' is clicked on

2020-10-20 15:48:00 - [MESSAGE][PASSED] - Select Arrow Menu "Contract Dispatcher Admin"

2020-10-20 15:48:00 - [TEST_STEP][PASSED] - Select Menu "Management Assignment": Select Menu "Management Assignment"

2020-10-20 15:48:00 - [MESSAGE][PASSED] - Taking screenshot successfully
[[ATTACHMENT|/Users/chaidir.pratama01/Documents/Docs/Katalon Studio/Screenshot/test-Management Assignment.png]]

2020-10-20 15:48:00 - [MESSAGE][PASSED] - Object '' is present

2020-10-20 15:48:00 - [MESSAGE][PASSED] - Object: '' is clicked on

2020-10-20 15:48:00 - [MESSAGE][PASSED] - Wait for page load successfully

2020-10-20 15:48:00 - [MESSAGE][PASSED] - Select Menu "Management Assignment"

2020-10-20 15:48:00 - [TEST_STEP][PASSED] - Select Username "mobile.test" of Management Assignment: Select Username "mobile.test" of Management Assignment

2020-10-20 15:48:01 - [MESSAGE][PASSED] - All options with value 'mobile.test' are selected in object 'Object Repository/Page_/dropdown_list_username_assignment'  using regular expression

2020-10-20 15:48:01 - [MESSAGE][PASSED] - Select Username "mobile.test" of Management Assignment

2020-10-20 15:48:01 - [TEST_STEP][PASSED] - Check for username if already assigned to "Dona B2B": Check for username if already assigned to "Dona B2B"

2020-10-20 15:48:04 - [MESSAGE][PASSED] - Scroll to object '' successfully

2020-10-20 15:48:04 - [MESSAGE][PASSED] - Object '' is present

2020-10-20 15:48:04 - [MESSAGE][PASSED] - Object '' is checked

2020-10-20 15:48:04 - [MESSAGE][INFO] - Element is already Checked

2020-10-20 15:48:04 - [MESSAGE][PASSED] - Check for username if already assigned to "Dona B2B"

2020-10-20 15:48:04 - [TEST_STEP][PASSED] - Wait page for load: Wait page for load

2020-10-20 15:48:04 - [MESSAGE][PASSED] - Wait for page load successfully

2020-10-20 15:48:04 - [MESSAGE][PASSED] - Wait page for load

2020-10-20 15:48:04 - [TEST_STEP][PASSED] - Click button "Logout": Click button "Logout"

2020-10-20 15:48:04 - [MESSAGE][INFO] - >>>>>//Button[contains(text(),'Logout')]

2020-10-20 15:48:08 - [MESSAGE][PASSED] - Object: '' is clicked on

2020-10-20 15:48:08 - [MESSAGE][PASSED] - Click button "Logout"

2020-10-20 15:48:08 - [TEST_STEP][PASSED] - Close browser: Close browser

2020-10-20 15:48:08 - [MESSAGE][PASSED] - Browser is closed

2020-10-20 15:48:08 - [MESSAGE][PASSED] - Close browser

2020-10-20 15:48:08 - [TEST_CASE][PASSED] - Start Test Case : SCENARIO Select Menu Contract Dispatcher and Select Contract based on type contract DONA Bukalapak B2B: SCENARIO Select Menu Contract Dispatcher and Select Contract based on type contract DONA Bukalapak B2B

2020-10-20 15:48:08 - [TEST_STEP][PASSED] - Go to IST: Go to IST

2020-10-20 15:48:08 - [MESSAGE][INFO] - Starting 'Chrome (headless)' driver

2020-10-20 15:48:08 - [MESSAGE][INFO] - User set preference: ['args', '[--start-maximized, --disable-gpu, --no-proxy-server, â€“no-sandbox, --allow-running-insecure-content, --ignore-certificate-errors]']

2020-10-20 15:48:08 - [MESSAGE][INFO] - Action delay is set to 0 milliseconds

2020-10-20 15:48:08 - [MESSAGE][PASSED] - Browser is opened with url: ''

2020-10-20 15:48:10 - [MESSAGE][PASSED] - Navigate to 'https://dev-ist.homecredit.id/ist_tracker/' successfully

2020-10-20 15:48:11 - [MESSAGE][PASSED] - Taking screenshot successfully
[[ATTACHMENT|/Users/chaidir.pratama01/Documents/Docs/Katalon Studio/Screenshot/IST_Page.png]]

2020-10-20 15:48:11 - [MESSAGE][PASSED] - Go to IST

2020-10-20 15:48:11 - [TEST_STEP][PASSED] - Login IST with valid credentials: Login IST with valid credentials

2020-10-20 15:48:11 - [MESSAGE][PASSED] - Text 'mobile.test' is set on object 'Object Repository/Page_/input_Username_j_username'

2020-10-20 15:48:11 - [MESSAGE][PASSED] - Text ****** has been set on object 'Object Repository/Page_/input_Password_j_password'

2020-10-20 15:48:12 - [MESSAGE][PASSED] - Object: 'Object Repository/Page_/button_Login' is clicked on

2020-10-20 15:48:12 - [MESSAGE][PASSED] - Login IST with valid credentials

2020-10-20 15:48:12 - [TEST_STEP][PASSED] - Login Success for contract dispatcher: Login Success for contract dispatcher

2020-10-20 15:48:12 - [MESSAGE][INFO] - Login Success

2020-10-20 15:48:12 - [MESSAGE][PASSED] - Current window maximized

2020-10-20 15:48:12 - [MESSAGE][PASSED] - Object 'Object Repository/Page_/h1_Welcome to IT Supporting Tools' is present

2020-10-20 15:48:12 - [MESSAGE][PASSED] - Login Success for contract dispatcher

2020-10-20 15:48:12 - [TEST_STEP][PASSED] - Select Menu "Contract Dispatcher": Select Menu "Contract Dispatcher"

2020-10-20 15:48:12 - [MESSAGE][PASSED] - Taking screenshot successfully
[[ATTACHMENT|/Users/chaidir.pratama01/Documents/Docs/Katalon Studio/Screenshot/test-Contract Dispatcher.png]]

2020-10-20 15:48:12 - [MESSAGE][PASSED] - Object '' is present

2020-10-20 15:48:12 - [MESSAGE][PASSED] - Object: '' is clicked on

2020-10-20 15:48:12 - [MESSAGE][PASSED] - Wait for page load successfully

2020-10-20 15:48:12 - [MESSAGE][PASSED] - Select Menu "Contract Dispatcher"

2020-10-20 15:48:12 - [TEST_STEP][PASSED] - Select Contract Number based on Type Contract "DONA_BUKALAPAK_B2B": Select Contract Number based on Type Contract "DONA_BUKALAPAK_B2B"

2020-10-20 15:48:13 - [MESSAGE][PASSED] - Object '' is present

2020-10-20 15:48:13 - [MESSAGE][PASSED] - Object '' is present

2020-10-20 15:48:13 - [MESSAGE][PASSED] - Object: '' is clicked on

2020-10-20 15:48:13 - [MESSAGE][PASSED] - Select Contract Number based on Type Contract "DONA_BUKALAPAK_B2B"

2020-10-20 15:48:13 - [TEST_STEP][PASSED] - Click button "Claim": Click button "Claim"

2020-10-20 15:48:13 - [MESSAGE][INFO] - >>>>>//Button[contains(text(),'Claim')]

2020-10-20 15:48:16 - [MESSAGE][PASSED] - Object: '' is clicked on

2020-10-20 15:48:16 - [MESSAGE][PASSED] - Click button "Claim"

2020-10-20 15:48:16 - [TEST_STEP][PASSED] - Verify Tab Mistake Matrix Base on Type Contract: Verify Tab Mistake Matrix Base on Type Contract

2020-10-20 15:48:16 - [MESSAGE][PASSED] - Object '' is present

2020-10-20 15:48:16 - [MESSAGE][PASSED] - Object '' is present

2020-10-20 15:48:17 - [MESSAGE][PASSED] - Object '' is present

2020-10-20 15:48:17 - [MESSAGE][PASSED] - Object '' is present

2020-10-20 15:48:17 - [MESSAGE][PASSED] - Object '' is present

2020-10-20 15:48:17 - [MESSAGE][PASSED] - Verify Tab Mistake Matrix Base on Type Contract

2020-10-20 15:48:17 - [TEST_STEP][PASSED] - Varify the mistake detail already match with the matrix Base on Type Contract: Varify the mistake detail already match with the matrix Base on Type Contract

2020-10-20 15:48:17 - [MESSAGE][PASSED] - Object '' is present

2020-10-20 15:48:17 - [MESSAGE][PASSED] - Object: '' is focused

2020-10-20 15:48:20 - [MESSAGE][PASSED] - Delayed 3 second(s)

2020-10-20 15:48:20 - [MESSAGE][PASSED] - Object: '' is clicked on

2020-10-20 15:48:20 - [MESSAGE][PASSED] - Object '' is present

2020-10-20 15:48:20 - [MESSAGE][PASSED] - Object: '' is focused

2020-10-20 15:48:20 - [MESSAGE][PASSED] - Object '' is not checked

2020-10-20 15:48:20 - [MESSAGE][PASSED] - Object '' is present

2020-10-20 15:48:20 - [MESSAGE][PASSED] - Object: '' is focused

2020-10-20 15:48:20 - [MESSAGE][PASSED] - Object '' is not checked

2020-10-20 15:48:20 - [MESSAGE][PASSED] - Object '' is present

2020-10-20 15:48:20 - [MESSAGE][PASSED] - Object: '' is focused

2020-10-20 15:48:20 - [MESSAGE][PASSED] - Object '' is not checked

2020-10-20 15:48:20 - [MESSAGE][PASSED] - Object '' is present

2020-10-20 15:48:20 - [MESSAGE][PASSED] - Object: '' is focused

2020-10-20 15:48:20 - [MESSAGE][PASSED] - Object '' is not checked

2020-10-20 15:48:20 - [MESSAGE][PASSED] - Object '' is present

2020-10-20 15:48:20 - [MESSAGE][PASSED] - Object: '' is focused

2020-10-20 15:48:20 - [MESSAGE][PASSED] - Object '' is not checked

2020-10-20 15:48:20 - [MESSAGE][PASSED] - Object '' is present

2020-10-20 15:48:20 - [MESSAGE][PASSED] - Object: '' is focused

2020-10-20 15:48:20 - [MESSAGE][PASSED] - Object '' is not checked

2020-10-20 15:48:20 - [MESSAGE][PASSED] - Object '' is present

2020-10-20 15:48:20 - [MESSAGE][PASSED] - Object: '' is focused

2020-10-20 15:48:20 - [MESSAGE][PASSED] - Object '' is not checked

2020-10-20 15:48:20 - [MESSAGE][PASSED] - Object '' is present

2020-10-20 15:48:20 - [MESSAGE][PASSED] - Object: '' is focused

2020-10-20 15:48:20 - [MESSAGE][PASSED] - Object '' is not checked

2020-10-20 15:48:21 - [MESSAGE][PASSED] - Object '' is present

2020-10-20 15:48:21 - [MESSAGE][PASSED] - Object: '' is focused

2020-10-20 15:48:21 - [MESSAGE][PASSED] - Object '' is not checked

2020-10-20 15:48:21 - [MESSAGE][PASSED] - Object '' is present

2020-10-20 15:48:21 - [MESSAGE][PASSED] - Object: '' is focused

2020-10-20 15:48:21 - [MESSAGE][PASSED] - Object '' is not checked

2020-10-20 15:48:21 - [MESSAGE][PASSED] - Object '' is present

2020-10-20 15:48:21 - [MESSAGE][PASSED] - Object: '' is focused

2020-10-20 15:48:21 - [MESSAGE][PASSED] - Object '' is not checked

2020-10-20 15:48:21 - [MESSAGE][PASSED] - Object '' is present

2020-10-20 15:48:21 - [MESSAGE][PASSED] - Object: '' is focused

2020-10-20 15:48:21 - [MESSAGE][PASSED] - Object '' is not checked

2020-10-20 15:48:21 - [MESSAGE][PASSED] - Object '' is present

2020-10-20 15:48:21 - [MESSAGE][PASSED] - Object: '' is focused

2020-10-20 15:48:21 - [MESSAGE][PASSED] - Object '' is not checked

2020-10-20 15:48:21 - [MESSAGE][PASSED] - Object '' is present

2020-10-20 15:48:21 - [MESSAGE][PASSED] - Object: '' is focused

2020-10-20 15:48:21 - [MESSAGE][PASSED] - Object '' is not checked

2020-10-20 15:48:21 - [MESSAGE][PASSED] - Object '' is present

2020-10-20 15:48:21 - [MESSAGE][PASSED] - Object: '' is focused

2020-10-20 15:48:21 - [MESSAGE][PASSED] - Object '' is not checked

2020-10-20 15:48:21 - [MESSAGE][PASSED] - Object '' is present

2020-10-20 15:48:21 - [MESSAGE][PASSED] - Object: '' is focused

2020-10-20 15:48:21 - [MESSAGE][PASSED] - Object '' is not checked

2020-10-20 15:48:21 - [MESSAGE][PASSED] - Object '' is present

2020-10-20 15:48:21 - [MESSAGE][PASSED] - Object: '' is focused

2020-10-20 15:48:21 - [MESSAGE][PASSED] - Object '' is not checked

2020-10-20 15:48:21 - [MESSAGE][PASSED] - Object '' is present

2020-10-20 15:48:21 - [MESSAGE][PASSED] - Object: '' is focused

2020-10-20 15:48:21 - [MESSAGE][PASSED] - Object '' is not checked

2020-10-20 15:48:21 - [MESSAGE][PASSED] - Object '' is present

2020-10-20 15:48:21 - [MESSAGE][PASSED] - Object: '' is focused

2020-10-20 15:48:21 - [MESSAGE][PASSED] - Object '' is not checked

2020-10-20 15:48:22 - [MESSAGE][PASSED] - Object '' is present

2020-10-20 15:48:22 - [MESSAGE][PASSED] - Object: '' is focused

2020-10-20 15:48:22 - [MESSAGE][PASSED] - Object '' is not checked

2020-10-20 15:48:22 - [MESSAGE][PASSED] - Object '' is present

2020-10-20 15:48:22 - [MESSAGE][PASSED] - Object: '' is focused

2020-10-20 15:48:25 - [MESSAGE][PASSED] - Delayed 3 second(s)

2020-10-20 15:48:25 - [MESSAGE][PASSED] - Object: '' is clicked on

2020-10-20 15:48:25 - [MESSAGE][PASSED] - Object '' is present

2020-10-20 15:48:25 - [MESSAGE][PASSED] - Object: '' is focused

2020-10-20 15:48:25 - [MESSAGE][PASSED] - Object '' is not checked

2020-10-20 15:48:25 - [MESSAGE][PASSED] - Object '' is present

2020-10-20 15:48:25 - [MESSAGE][PASSED] - Object: '' is focused

2020-10-20 15:48:25 - [MESSAGE][PASSED] - Object '' is not checked

2020-10-20 15:48:25 - [MESSAGE][PASSED] - Object '' is present

2020-10-20 15:48:25 - [MESSAGE][PASSED] - Object: '' is focused

2020-10-20 15:48:25 - [MESSAGE][PASSED] - Object '' is not checked

2020-10-20 15:48:25 - [MESSAGE][PASSED] - Object '' is present

2020-10-20 15:48:25 - [MESSAGE][PASSED] - Object: '' is focused

2020-10-20 15:48:25 - [MESSAGE][PASSED] - Object '' is not checked

2020-10-20 15:48:25 - [MESSAGE][PASSED] - Object '' is present

2020-10-20 15:48:25 - [MESSAGE][PASSED] - Object: '' is focused

2020-10-20 15:48:25 - [MESSAGE][PASSED] - Object '' is not checked

2020-10-20 15:48:25 - [MESSAGE][PASSED] - Object '' is present

2020-10-20 15:48:25 - [MESSAGE][PASSED] - Object: '' is focused

2020-10-20 15:48:25 - [MESSAGE][PASSED] - Object '' is not checked

2020-10-20 15:48:25 - [MESSAGE][PASSED] - Object '' is present

2020-10-20 15:48:26 - [MESSAGE][PASSED] - Object: '' is focused

2020-10-20 15:48:29 - [MESSAGE][PASSED] - Delayed 3 second(s)

2020-10-20 15:48:29 - [MESSAGE][PASSED] - Object: '' is clicked on

2020-10-20 15:48:29 - [MESSAGE][PASSED] - Object '' is present

2020-10-20 15:48:29 - [MESSAGE][PASSED] - Object: '' is focused

2020-10-20 15:48:29 - [MESSAGE][PASSED] - Object '' is not checked

2020-10-20 15:48:29 - [MESSAGE][PASSED] - Object '' is present

2020-10-20 15:48:29 - [MESSAGE][PASSED] - Object: '' is focused

2020-10-20 15:48:29 - [MESSAGE][PASSED] - Object '' is not checked

2020-10-20 15:48:29 - [MESSAGE][PASSED] - Object '' is present

2020-10-20 15:48:29 - [MESSAGE][PASSED] - Object: '' is focused

2020-10-20 15:48:29 - [MESSAGE][PASSED] - Object '' is not checked

2020-10-20 15:48:29 - [MESSAGE][PASSED] - Object '' is present

2020-10-20 15:48:29 - [MESSAGE][PASSED] - Object: '' is focused

2020-10-20 15:48:32 - [MESSAGE][PASSED] - Delayed 3 second(s)

2020-10-20 15:48:32 - [MESSAGE][PASSED] - Object: '' is clicked on

2020-10-20 15:48:32 - [MESSAGE][PASSED] - Object '' is present

2020-10-20 15:48:32 - [MESSAGE][PASSED] - Object: '' is focused

2020-10-20 15:48:32 - [MESSAGE][PASSED] - Object '' is not checked

2020-10-20 15:48:32 - [MESSAGE][PASSED] - Object '' is present

2020-10-20 15:48:32 - [MESSAGE][PASSED] - Object: '' is focused

2020-10-20 15:48:32 - [MESSAGE][PASSED] - Object '' is not checked

2020-10-20 15:48:32 - [MESSAGE][PASSED] - Object '' is present

2020-10-20 15:48:32 - [MESSAGE][PASSED] - Object: '' is focused

2020-10-20 15:48:32 - [MESSAGE][PASSED] - Object '' is not checked

2020-10-20 15:48:32 - [MESSAGE][PASSED] - Object '' is present

2020-10-20 15:48:32 - [MESSAGE][PASSED] - Object: '' is focused

2020-10-20 15:48:32 - [MESSAGE][PASSED] - Object '' is not checked

2020-10-20 15:48:32 - [MESSAGE][PASSED] - Object '' is present

2020-10-20 15:48:32 - [MESSAGE][PASSED] - Object: '' is focused

2020-10-20 15:48:33 - [MESSAGE][PASSED] - Object '' is not checked

2020-10-20 15:48:33 - [MESSAGE][PASSED] - Object '' is present

2020-10-20 15:48:33 - [MESSAGE][PASSED] - Object: '' is focused

2020-10-20 15:48:33 - [MESSAGE][PASSED] - Object '' is not checked

2020-10-20 15:48:33 - [MESSAGE][PASSED] - Object '' is present

2020-10-20 15:48:33 - [MESSAGE][PASSED] - Object: '' is focused

2020-10-20 15:48:33 - [MESSAGE][PASSED] - Object '' is not checked

2020-10-20 15:48:33 - [MESSAGE][PASSED] - Object '' is present

2020-10-20 15:48:33 - [MESSAGE][PASSED] - Object: '' is focused

2020-10-20 15:48:33 - [MESSAGE][PASSED] - Object '' is not checked

2020-10-20 15:48:33 - [MESSAGE][PASSED] - Object '' is present

2020-10-20 15:48:33 - [MESSAGE][PASSED] - Object: '' is focused

2020-10-20 15:48:36 - [MESSAGE][PASSED] - Delayed 3 second(s)

2020-10-20 15:48:36 - [MESSAGE][PASSED] - Object: '' is clicked on

2020-10-20 15:48:36 - [MESSAGE][PASSED] - Object '' is present

2020-10-20 15:48:36 - [MESSAGE][PASSED] - Object: '' is focused

2020-10-20 15:48:36 - [MESSAGE][PASSED] - Object '' is not checked

2020-10-20 15:48:36 - [MESSAGE][PASSED] - Object '' is present

2020-10-20 15:48:36 - [MESSAGE][PASSED] - Object: '' is focused

2020-10-20 15:48:36 - [MESSAGE][PASSED] - Object '' is not checked

2020-10-20 15:48:36 - [MESSAGE][PASSED] - Object '' is present

2020-10-20 15:48:36 - [MESSAGE][PASSED] - Object: '' is focused

2020-10-20 15:48:36 - [MESSAGE][PASSED] - Object '' is not checked

2020-10-20 15:48:36 - [MESSAGE][PASSED] - Varify the mistake detail already match with the matrix Base on Type Contract

2020-10-20 15:48:36 - [TEST_STEP][PASSED] - Click on Tab "KTP": Click on Tab "KTP"

2020-10-20 15:48:36 - [MESSAGE][PASSED] - Object '' is present

2020-10-20 15:48:36 - [MESSAGE][PASSED] - Object: '' is focused

2020-10-20 15:48:39 - [MESSAGE][PASSED] - Delayed 3 second(s)

2020-10-20 15:48:39 - [MESSAGE][PASSED] - Object: '' is clicked on

2020-10-20 15:48:39 - [MESSAGE][PASSED] - Click on Tab "KTP"

2020-10-20 15:48:39 - [TEST_STEP][PASSED] - Checkbox General Mistake "20. KTP atau Resi - Alamat tetap pemohon pada sistem (HoS) berbeda dengan KTP": Checkbox General Mistake "20. KTP atau Resi - Alamat tetap pemohon pada sistem (HoS) berbeda dengan KTP"

2020-10-20 15:48:40 - [MESSAGE][PASSED] - Object: '' is clicked on

2020-10-20 15:48:40 - [MESSAGE][PASSED] - Wait for page load successfully

2020-10-20 15:48:40 - [MESSAGE][PASSED] - Checkbox General Mistake "20. KTP atau Resi - Alamat tetap pemohon pada sistem (HoS) berbeda dengan KTP"

2020-10-20 15:48:40 - [TEST_STEP][PASSED] - Choose Dropdown mistake type "Beda RT" from mistake name "20. KTP atau Resi - Alamat tetap pemohon pada sistem (HoS) berbeda dengan KTP": Choose Dropdown mistake type "Beda RT" from mistake name "20. KTP atau Resi - Alamat tetap pemohon pada sistem (HoS) berbeda dengan KTP"

2020-10-20 15:48:40 - [MESSAGE][PASSED] - All options with index in [1] are selected on object ''

2020-10-20 15:48:40 - [MESSAGE][PASSED] - Wait for page load successfully

2020-10-20 15:48:40 - [MESSAGE][PASSED] - Choose Dropdown mistake type "Beda RT" from mistake name "20. KTP atau Resi - Alamat tetap pemohon pada sistem (HoS) berbeda dengan KTP"

2020-10-20 15:48:40 - [TEST_STEP][PASSED] - Type on textarea note before based on mistake name "20. KTP atau Resi - Alamat tetap pemohon pada sistem (HoS) berbeda dengan KTP" with value "TESTING": Type on textarea note before based on mistake name "20. KTP atau Resi - Alamat tetap pemohon pada sistem (HoS) berbeda dengan KTP" with value "TESTING"

2020-10-20 15:48:40 - [MESSAGE][PASSED] - Text 'TESTING' is set on object ''

2020-10-20 15:48:40 - [MESSAGE][PASSED] - Wait for page load successfully

2020-10-20 15:48:40 - [MESSAGE][PASSED] - Type on textarea note before based on mistake name "20. KTP atau Resi - Alamat tetap pemohon pada sistem (HoS) berbeda dengan KTP" with value "TESTING"

2020-10-20 15:48:40 - [TEST_STEP][PASSED] - Click button "Save": Click button "Save"

2020-10-20 15:48:40 - [MESSAGE][INFO] - >>>>>//Button[contains(text(),'Save')]

2020-10-20 15:48:43 - [MESSAGE][PASSED] - Object: '' is clicked on

2020-10-20 15:48:43 - [MESSAGE][PASSED] - Click button "Save"

2020-10-20 15:48:43 - [TEST_STEP][PASSED] - Get text from pop up "IT Supporting Tools" with text "Note-after cannot be empty": Get text from pop up "IT Supporting Tools" with text "Note-after cannot be empty"

2020-10-20 15:48:43 - [MESSAGE][PASSED] - Taking screenshot successfully
[[ATTACHMENT|/Users/chaidir.pratama01/Documents/Docs/Katalon Studio/Screenshot/errorpopup.png]]

2020-10-20 15:48:43 - [MESSAGE][PASSED] - Object '' is present

2020-10-20 15:48:43 - [MESSAGE][PASSED] - Wait for page load successfully

2020-10-20 15:48:43 - [MESSAGE][PASSED] - Wait for page load successfully

2020-10-20 15:48:43 - [MESSAGE][PASSED] - Get text from pop up "IT Supporting Tools" with text "Note-after cannot be empty"

2020-10-20 15:48:43 - [TEST_STEP][PASSED] - Click button "OK": Click button "OK"

2020-10-20 15:48:43 - [MESSAGE][INFO] - >>>>>//Button[contains(text(),'OK')]

2020-10-20 15:48:46 - [MESSAGE][PASSED] - Object: '' is clicked on

2020-10-20 15:48:46 - [MESSAGE][PASSED] - Click button "OK"

2020-10-20 15:48:46 - [TEST_STEP][PASSED] - Click button "Logout": Click button "Logout"

2020-10-20 15:48:46 - [MESSAGE][INFO] - >>>>>//Button[contains(text(),'Logout')]

2020-10-20 15:48:50 - [MESSAGE][PASSED] - Object: '' is clicked on

2020-10-20 15:48:50 - [MESSAGE][PASSED] - Click button "Logout"

2020-10-20 15:48:50 - [TEST_STEP][PASSED] - Comment "Register Mistake failed because Note-after empty": Comment "Register Mistake failed because Note-after empty"

2020-10-20 15:48:50 - [MESSAGE][INFO] - Register Mistake failed because Note-after empty

2020-10-20 15:48:50 - [MESSAGE][PASSED] - Comment "Register Mistake failed because Note-after empty"

2020-10-20 15:48:50 - [TEST_STEP][PASSED] - Close browser: Close browser

2020-10-20 15:48:50 - [MESSAGE][PASSED] - Browser is closed

2020-10-20 15:48:50 - [MESSAGE][PASSED] - Close browser

2020-10-20 15:48:50 - [MESSAGE][PASSED] - Feature file: 'Include/features/IST_Real/CONTRACT_DISPATCHER_DONA_B2B/BUKALAPAK/Pick_Mistake_Without_Write_Textarea_Note_After.feature' was passed]]></system-out>
         <system-err><![CDATA[]]></system-err>
      </testcase>
      <testcase name="Test Cases/IST_Real/CONTRACT_DISPATCHER_DONA_B2B/BUKALAPAK/TC BUKALAPAK - Update Tbl CDS CDC TRKRegMistake" time="0.875" classname="Test Cases/IST_Real/CONTRACT_DISPATCHER_DONA_B2B/BUKALAPAK/TC BUKALAPAK - Update Tbl CDS CDC TRKRegMistake" status="PASSED">
         <system-out><![CDATA[2020-10-20 15:48:50 - [TEST_CASE][PASSED] - Test Cases/IST_Real/CONTRACT_DISPATCHER_DONA_B2B/BUKALAPAK/TC BUKALAPAK - Update Tbl CDS CDC TRKRegMistake: Test Cases/IST_Real/CONTRACT_DISPATCHER_DONA_B2B/BUKALAPAK/TC BUKALAPAK - Update Tbl CDS CDC TRKRegMistake

2020-10-20 15:48:50 - [TEST_STEP][PASSED] - runFeatureFile("Include/features/IST_Real/CONTRACT_DISPATCHER_DONA_B2B/BUKALAPAK/Update_Tbl_CDS_CDC_TRK_RegMistake.feature"): Feature file: 'Include/features/IST_Real/CONTRACT_DISPATCHER_DONA_B2B/BUKALAPAK/Update_Tbl_CDS_CDC_TRK_RegMistake.feature' was passed

2020-10-20 15:48:50 - [MESSAGE][INFO] - Starting run keyword runFeatureFile: 'Include/features/IST_Real/CONTRACT_DISPATCHER_DONA_B2B/BUKALAPAK/Update_Tbl_CDS_CDC_TRK_RegMistake.feature' and extract report to folder: '/Users/chaidir.pratama01/Katalon Studio/IST_Automation_Git/Reports/20201020_154359/CONTRACT_DISPATCHER_DONA_B2B/TS_BUKALAPAK_B2B/20201020_154359/cucumber_report/1603183730697'...

2020-10-20 15:48:50 - [TEST_CASE][PASSED] - Start Test Case : SCENARIO Update Table CONTRACT_DISPATCHER_SOURCE and CONTRACT_DISPTACHER_CLAIM: SCENARIO Update Table CONTRACT_DISPATCHER_SOURCE and CONTRACT_DISPTACHER_CLAIM

2020-10-20 15:48:50 - [TEST_STEP][PASSED] - Connect to Database: Connect to Database

2020-10-20 15:48:50 - [MESSAGE][PASSED] - Connect to Database

2020-10-20 15:48:50 - [TEST_STEP][PASSED] - Update Tbl CONTRACT DISPATCHER SOURCE To Change PROCESSED From Y to N For Bukalapak B2B: Update Tbl CONTRACT DISPATCHER SOURCE To Change PROCESSED From Y to N For Bukalapak B2B

2020-10-20 15:48:51 - [MESSAGE][PASSED] - Update Tbl CONTRACT DISPATCHER SOURCE To Change PROCESSED From Y to N For Bukalapak B2B

2020-10-20 15:48:51 - [TEST_STEP][PASSED] - Update Tbl CONTRACT DISPATCHER CLAIM To Delete PROCESS From Column STATUS: Update Tbl CONTRACT DISPATCHER CLAIM To Delete PROCESS From Column STATUS

2020-10-20 15:48:51 - [MESSAGE][PASSED] - Update Tbl CONTRACT DISPATCHER CLAIM To Delete PROCESS From Column STATUS

2020-10-20 15:48:51 - [TEST_STEP][PASSED] - Delete Contract From TRK_REGISTRATION_MISTAKE: Delete Contract From TRK_REGISTRATION_MISTAKE

2020-10-20 15:48:51 - [MESSAGE][PASSED] - Delete Contract From TRK_REGISTRATION_MISTAKE

2020-10-20 15:48:51 - [MESSAGE][PASSED] - Feature file: 'Include/features/IST_Real/CONTRACT_DISPATCHER_DONA_B2B/BUKALAPAK/Update_Tbl_CDS_CDC_TRK_RegMistake.feature' was passed]]></system-out>
         <system-err><![CDATA[]]></system-err>
      </testcase>
      <testcase name="Test Cases/IST_Real/CONTRACT_DISPATCHER_DONA_B2B/BUKALAPAK/TC BUKALAPAK - Column PROCESSED Turn N When Status RELEASE BUKALAPAK B2B" time="609.114" classname="Test Cases/IST_Real/CONTRACT_DISPATCHER_DONA_B2B/BUKALAPAK/TC BUKALAPAK - Column PROCESSED Turn N When Status RELEASE BUKALAPAK B2B" status="PASSED">
         <system-out><![CDATA[2020-10-20 15:48:51 - [TEST_CASE][PASSED] - Test Cases/IST_Real/CONTRACT_DISPATCHER_DONA_B2B/BUKALAPAK/TC BUKALAPAK - Column PROCESSED Turn N When Status RELEASE BUKALAPAK B2B: Test Cases/IST_Real/CONTRACT_DISPATCHER_DONA_B2B/BUKALAPAK/TC BUKALAPAK - Column PROCESSED Turn N When Status RELEASE BUKALAPAK B2B

2020-10-20 15:48:51 - [TEST_STEP][PASSED] - runFeatureFile("Include/features/IST_Real/CONTRACT_DISPATCHER_DONA_B2B/BUKALAPAK/Column_PROCESSED_Turn_N_When_Status_RELEASE_BUKALAPAK_B2B.feature"): Feature file: 'Include/features/IST_Real/CONTRACT_DISPATCHER_DONA_B2B/BUKALAPAK/Column_PROCESSED_Turn_N_When_Status_RELEASE_BUKALAPAK_B2B.feature' was passed

2020-10-20 15:48:51 - [MESSAGE][INFO] - Starting run keyword runFeatureFile: 'Include/features/IST_Real/CONTRACT_DISPATCHER_DONA_B2B/BUKALAPAK/Column_PROCESSED_Turn_N_When_Status_RELEASE_BUKALAPAK_B2B.feature' and extract report to folder: '/Users/chaidir.pratama01/Katalon Studio/IST_Automation_Git/Reports/20201020_154359/CONTRACT_DISPATCHER_DONA_B2B/TS_BUKALAPAK_B2B/20201020_154359/cucumber_report/1603183731651'...

2020-10-20 15:48:51 - [TEST_CASE][PASSED] - Start Test Case : SCENARIO Claim Contract DONA Bukalapak B2B in Contract Dispatcher Menu then idle for 10 minutes, STATUS in Table CONTRACT_DISPATCHER_CLAIM turn RELEASE and PROCESSED in CONTRACT_DISPATCHER_SOURCE turns N: SCENARIO Claim Contract DONA Bukalapak B2B in Contract Dispatcher Menu then idle for 10 minutes, STATUS in Table CONTRACT_DISPATCHER_CLAIM turn RELEASE and PROCESSED in CONTRACT_DISPATCHER_SOURCE turns N

2020-10-20 15:48:51 - [TEST_STEP][PASSED] - Go to IST: Go to IST

2020-10-20 15:48:51 - [MESSAGE][INFO] - Starting 'Chrome (headless)' driver

2020-10-20 15:48:51 - [MESSAGE][INFO] - User set preference: ['args', '[--start-maximized, --disable-gpu, --no-proxy-server, â€“no-sandbox, --allow-running-insecure-content, --ignore-certificate-errors]']

2020-10-20 15:48:51 - [MESSAGE][INFO] - Action delay is set to 0 milliseconds

2020-10-20 15:48:52 - [MESSAGE][PASSED] - Browser is opened with url: ''

2020-10-20 15:48:54 - [MESSAGE][PASSED] - Navigate to 'https://dev-ist.homecredit.id/ist_tracker/' successfully

2020-10-20 15:48:54 - [MESSAGE][PASSED] - Taking screenshot successfully
[[ATTACHMENT|/Users/chaidir.pratama01/Documents/Docs/Katalon Studio/Screenshot/IST_Page.png]]

2020-10-20 15:48:54 - [MESSAGE][PASSED] - Go to IST

2020-10-20 15:48:54 - [TEST_STEP][PASSED] - Login IST with valid credentials: Login IST with valid credentials

2020-10-20 15:48:54 - [MESSAGE][PASSED] - Text 'mobile.test' is set on object 'Object Repository/Page_/input_Username_j_username'

2020-10-20 15:48:54 - [MESSAGE][PASSED] - Text ****** has been set on object 'Object Repository/Page_/input_Password_j_password'

2020-10-20 15:48:55 - [MESSAGE][PASSED] - Object: 'Object Repository/Page_/button_Login' is clicked on

2020-10-20 15:48:55 - [MESSAGE][PASSED] - Login IST with valid credentials

2020-10-20 15:48:55 - [TEST_STEP][PASSED] - Login Success for contract dispatcher: Login Success for contract dispatcher

2020-10-20 15:48:55 - [MESSAGE][INFO] - Login Success

2020-10-20 15:48:55 - [MESSAGE][PASSED] - Current window maximized

2020-10-20 15:48:55 - [MESSAGE][PASSED] - Object 'Object Repository/Page_/h1_Welcome to IT Supporting Tools' is present

2020-10-20 15:48:55 - [MESSAGE][PASSED] - Login Success for contract dispatcher

2020-10-20 15:48:55 - [TEST_STEP][PASSED] - Select Menu "Contract Dispatcher": Select Menu "Contract Dispatcher"

2020-10-20 15:48:56 - [MESSAGE][PASSED] - Taking screenshot successfully
[[ATTACHMENT|/Users/chaidir.pratama01/Documents/Docs/Katalon Studio/Screenshot/test-Contract Dispatcher.png]]

2020-10-20 15:48:56 - [MESSAGE][PASSED] - Object '' is present

2020-10-20 15:48:56 - [MESSAGE][PASSED] - Object: '' is clicked on

2020-10-20 15:48:56 - [MESSAGE][PASSED] - Wait for page load successfully

2020-10-20 15:48:56 - [MESSAGE][PASSED] - Select Menu "Contract Dispatcher"

2020-10-20 15:48:56 - [TEST_STEP][PASSED] - Select Contract Number based on Type Contract "DONA_BUKALAPAK_B2B": Select Contract Number based on Type Contract "DONA_BUKALAPAK_B2B"

2020-10-20 15:48:56 - [MESSAGE][PASSED] - Object '' is present

2020-10-20 15:48:56 - [MESSAGE][PASSED] - Object '' is present

2020-10-20 15:48:56 - [MESSAGE][PASSED] - Object: '' is clicked on

2020-10-20 15:48:56 - [MESSAGE][PASSED] - Select Contract Number based on Type Contract "DONA_BUKALAPAK_B2B"

2020-10-20 15:48:56 - [TEST_STEP][PASSED] - Click button "Claim": Click button "Claim"

2020-10-20 15:48:56 - [MESSAGE][INFO] - >>>>>//Button[contains(text(),'Claim')]

2020-10-20 15:48:59 - [MESSAGE][PASSED] - Object: '' is clicked on

2020-10-20 15:48:59 - [MESSAGE][PASSED] - Click button "Claim"

2020-10-20 15:48:59 - [TEST_STEP][PASSED] - Sleep ten minutes: Sleep ten minutes

2020-10-20 15:58:59 - [MESSAGE][PASSED] - Sleep ten minutes

2020-10-20 15:58:59 - [TEST_STEP][PASSED] - Connect to Database: Connect to Database

2020-10-20 15:59:00 - [MESSAGE][PASSED] - Connect to Database

2020-10-20 15:59:00 - [TEST_STEP][PASSED] - Exec Query idle for Ten Minutes "SELECT * FROM CONTRACT_DISPATCHER_SOURCE WHERE TEXT_CONTRACT_NUMBER='337'": Exec Query idle for Ten Minutes "SELECT * FROM CONTRACT_DISPATCHER_SOURCE WHERE TEXT_CONTRACT_NUMBER='337'"

2020-10-20 15:59:00 - [MESSAGE][PASSED] - Exec Query idle for Ten Minutes "SELECT * FROM CONTRACT_DISPATCHER_SOURCE WHERE TEXT_CONTRACT_NUMBER='337'"

2020-10-20 15:59:00 - [TEST_STEP][PASSED] - Select Menu "Contract Dispatcher": Select Menu "Contract Dispatcher"

2020-10-20 15:59:00 - [MESSAGE][PASSED] - Taking screenshot successfully
[[ATTACHMENT|/Users/chaidir.pratama01/Documents/Docs/Katalon Studio/Screenshot/test-Contract Dispatcher.png]]

2020-10-20 15:59:00 - [MESSAGE][PASSED] - Object '' is present

2020-10-20 15:59:00 - [MESSAGE][PASSED] - Object: '' is clicked on

2020-10-20 15:59:00 - [MESSAGE][PASSED] - Wait for page load successfully

2020-10-20 15:59:00 - [MESSAGE][PASSED] - Select Menu "Contract Dispatcher"

2020-10-20 15:59:00 - [MESSAGE][PASSED] - Feature file: 'Include/features/IST_Real/CONTRACT_DISPATCHER_DONA_B2B/BUKALAPAK/Column_PROCESSED_Turn_N_When_Status_RELEASE_BUKALAPAK_B2B.feature' was passed]]></system-out>
         <system-err><![CDATA[]]></system-err>
      </testcase>
      <testcase name="Test Cases/IST_Real/CONTRACT_DISPATCHER_ADMIN/MANAGEMENT_ASSIGNMENT/Reset_All_Users" time="15.817" classname="Test Cases/IST_Real/CONTRACT_DISPATCHER_ADMIN/MANAGEMENT_ASSIGNMENT/Reset_All_Users" status="PASSED">
         <system-out><![CDATA[2020-10-20 15:59:00 - [TEST_CASE][PASSED] - Test Cases/IST_Real/CONTRACT_DISPATCHER_ADMIN/MANAGEMENT_ASSIGNMENT/Reset_All_Users: Test Cases/IST_Real/CONTRACT_DISPATCHER_ADMIN/MANAGEMENT_ASSIGNMENT/Reset_All_Users

2020-10-20 15:59:00 - [TEST_STEP][PASSED] - runFeatureFile("Include/features/IST_Real/CONTRACT_DISPATCHER_ADMIN/MANAGEMENT_ASSIGNMENT/Reset_All_Users.feature"): Feature file: 'Include/features/IST_Real/CONTRACT_DISPATCHER_ADMIN/MANAGEMENT_ASSIGNMENT/Reset_All_Users.feature' was passed

2020-10-20 15:59:00 - [MESSAGE][INFO] - Starting run keyword runFeatureFile: 'Include/features/IST_Real/CONTRACT_DISPATCHER_ADMIN/MANAGEMENT_ASSIGNMENT/Reset_All_Users.feature' and extract report to folder: '/Users/chaidir.pratama01/Katalon Studio/IST_Automation_Git/Reports/20201020_154359/CONTRACT_DISPATCHER_DONA_B2B/TS_BUKALAPAK_B2B/20201020_154359/cucumber_report/1603184340771'...

2020-10-20 15:59:00 - [TEST_CASE][PASSED] - Start Test Case : SCENARIO Reset All Users: SCENARIO Reset All Users

2020-10-20 15:59:00 - [TEST_STEP][PASSED] - Go to IST: Go to IST

2020-10-20 15:59:00 - [MESSAGE][WARNING] - A browser is already opened. Closing browser and opening a new one

2020-10-20 15:59:01 - [MESSAGE][INFO] - Starting 'Chrome (headless)' driver

2020-10-20 15:59:01 - [MESSAGE][INFO] - User set preference: ['args', '[--start-maximized, --disable-gpu, --no-proxy-server, â€“no-sandbox, --allow-running-insecure-content, --ignore-certificate-errors]']

2020-10-20 15:59:01 - [MESSAGE][INFO] - Action delay is set to 0 milliseconds

2020-10-20 15:59:01 - [MESSAGE][PASSED] - Browser is opened with url: ''

2020-10-20 15:59:02 - [MESSAGE][PASSED] - Navigate to 'https://dev-ist.homecredit.id/ist_tracker/' successfully

2020-10-20 15:59:03 - [MESSAGE][PASSED] - Taking screenshot successfully
[[ATTACHMENT|/Users/chaidir.pratama01/Documents/Docs/Katalon Studio/Screenshot/IST_Page.png]]

2020-10-20 15:59:03 - [MESSAGE][PASSED] - Go to IST

2020-10-20 15:59:03 - [TEST_STEP][PASSED] - Login IST with valid credentials: Login IST with valid credentials

2020-10-20 15:59:03 - [MESSAGE][PASSED] - Text 'mobile.test' is set on object 'Object Repository/Page_/input_Username_j_username'

2020-10-20 15:59:03 - [MESSAGE][PASSED] - Text ****** has been set on object 'Object Repository/Page_/input_Password_j_password'

2020-10-20 15:59:03 - [MESSAGE][PASSED] - Object: 'Object Repository/Page_/button_Login' is clicked on

2020-10-20 15:59:03 - [MESSAGE][PASSED] - Login IST with valid credentials

2020-10-20 15:59:03 - [TEST_STEP][PASSED] - Login Success for contract dispatcher: Login Success for contract dispatcher

2020-10-20 15:59:03 - [MESSAGE][INFO] - Login Success

2020-10-20 15:59:03 - [MESSAGE][PASSED] - Current window maximized

2020-10-20 15:59:03 - [MESSAGE][PASSED] - Object 'Object Repository/Page_/h1_Welcome to IT Supporting Tools' is present

2020-10-20 15:59:03 - [MESSAGE][PASSED] - Login Success for contract dispatcher

2020-10-20 15:59:03 - [TEST_STEP][PASSED] - Select Arrow Menu "Contract Dispatcher Admin": Select Arrow Menu "Contract Dispatcher Admin"

2020-10-20 15:59:04 - [MESSAGE][PASSED] - Object: '' is clicked on

2020-10-20 15:59:04 - [MESSAGE][PASSED] - Select Arrow Menu "Contract Dispatcher Admin"

2020-10-20 15:59:04 - [TEST_STEP][PASSED] - Select Menu "Management Assignment": Select Menu "Management Assignment"

2020-10-20 15:59:04 - [MESSAGE][PASSED] - Taking screenshot successfully
[[ATTACHMENT|/Users/chaidir.pratama01/Documents/Docs/Katalon Studio/Screenshot/test-Management Assignment.png]]

2020-10-20 15:59:04 - [MESSAGE][PASSED] - Object '' is present

2020-10-20 15:59:04 - [MESSAGE][PASSED] - Object: '' is clicked on

2020-10-20 15:59:04 - [MESSAGE][PASSED] - Wait for page load successfully

2020-10-20 15:59:04 - [MESSAGE][PASSED] - Select Menu "Management Assignment"

2020-10-20 15:59:04 - [TEST_STEP][PASSED] - Click button "Reset All User": Click button "Reset All User"

2020-10-20 15:59:04 - [MESSAGE][INFO] - >>>>>//Button[contains(text(),'Reset All User')]

2020-10-20 15:59:07 - [MESSAGE][PASSED] - Object: '' is clicked on

2020-10-20 15:59:07 - [MESSAGE][PASSED] - Click button "Reset All User"

2020-10-20 15:59:07 - [TEST_STEP][PASSED] - Get text from pop up "Confirmation Reset All" with text "Are you sure ?": Get text from pop up "Confirmation Reset All" with text "Are you sure ?"

2020-10-20 15:59:07 - [MESSAGE][PASSED] - Taking screenshot successfully
[[ATTACHMENT|/Users/chaidir.pratama01/Documents/Docs/Katalon Studio/Screenshot/errorpopup.png]]

2020-10-20 15:59:07 - [MESSAGE][PASSED] - Object '' is present

2020-10-20 15:59:07 - [MESSAGE][PASSED] - Wait for page load successfully

2020-10-20 15:59:07 - [MESSAGE][PASSED] - Wait for page load successfully

2020-10-20 15:59:07 - [MESSAGE][PASSED] - Get text from pop up "Confirmation Reset All" with text "Are you sure ?"

2020-10-20 15:59:07 - [TEST_STEP][PASSED] - Click button "OK": Click button "OK"

2020-10-20 15:59:07 - [MESSAGE][INFO] - >>>>>//Button[contains(text(),'OK')]

2020-10-20 15:59:10 - [MESSAGE][PASSED] - Object: '' is clicked on

2020-10-20 15:59:10 - [MESSAGE][PASSED] - Click button "OK"

2020-10-20 15:59:10 - [TEST_STEP][PASSED] - Wait page for load: Wait page for load

2020-10-20 15:59:10 - [MESSAGE][PASSED] - Wait for page load successfully

2020-10-20 15:59:10 - [MESSAGE][PASSED] - Wait page for load

2020-10-20 15:59:10 - [TEST_STEP][PASSED] - Notification "Reset All Success": Notification "Reset All Success"

2020-10-20 15:59:11 - [MESSAGE][PASSED] - Object '' is present

2020-10-20 15:59:11 - [MESSAGE][PASSED] - Notification "Reset All Success"

2020-10-20 15:59:11 - [TEST_STEP][PASSED] - Select Username "mobile.test" of Management Assignment: Select Username "mobile.test" of Management Assignment

2020-10-20 15:59:12 - [MESSAGE][PASSED] - All options with value 'mobile.test' are selected in object 'Object Repository/Page_/dropdown_list_username_assignment'  using regular expression

2020-10-20 15:59:12 - [MESSAGE][PASSED] - Select Username "mobile.test" of Management Assignment

2020-10-20 15:59:12 - [TEST_STEP][PASSED] - Check unchecked contract type POS: Check unchecked contract type POS

2020-10-20 15:59:12 - [MESSAGE][PASSED] - Object '' is present

2020-10-20 15:59:12 - [MESSAGE][PASSED] - Object '' is not checked

2020-10-20 15:59:12 - [MESSAGE][PASSED] - Object '' is present

2020-10-20 15:59:12 - [MESSAGE][PASSED] - Object '' is not checked

2020-10-20 15:59:12 - [MESSAGE][PASSED] - Object '' is present

2020-10-20 15:59:12 - [MESSAGE][PASSED] - Object '' is not checked

2020-10-20 15:59:12 - [MESSAGE][PASSED] - Object '' is present

2020-10-20 15:59:12 - [MESSAGE][PASSED] - Object '' is not checked

2020-10-20 15:59:12 - [MESSAGE][PASSED] - Object '' is present

2020-10-20 15:59:12 - [MESSAGE][PASSED] - Object '' is not checked

2020-10-20 15:59:12 - [MESSAGE][PASSED] - Object '' is present

2020-10-20 15:59:12 - [MESSAGE][PASSED] - Object '' is not checked

2020-10-20 15:59:12 - [MESSAGE][PASSED] - Object '' is present

2020-10-20 15:59:12 - [MESSAGE][PASSED] - Object '' is not checked

2020-10-20 15:59:12 - [MESSAGE][PASSED] - Object '' is present

2020-10-20 15:59:12 - [MESSAGE][PASSED] - Object '' is not checked

2020-10-20 15:59:12 - [MESSAGE][PASSED] - Object '' is present

2020-10-20 15:59:12 - [MESSAGE][PASSED] - Object '' is not checked

2020-10-20 15:59:12 - [MESSAGE][PASSED] - Object '' is present

2020-10-20 15:59:12 - [MESSAGE][PASSED] - Object '' is not checked

2020-10-20 15:59:12 - [MESSAGE][PASSED] - Object '' is present

2020-10-20 15:59:12 - [MESSAGE][PASSED] - Object '' is not checked

2020-10-20 15:59:12 - [MESSAGE][PASSED] - Object '' is present

2020-10-20 15:59:12 - [MESSAGE][PASSED] - Object '' is not checked

2020-10-20 15:59:12 - [MESSAGE][PASSED] - Object '' is present

2020-10-20 15:59:12 - [MESSAGE][PASSED] - Object '' is not checked

2020-10-20 15:59:12 - [MESSAGE][PASSED] - Object '' is present

2020-10-20 15:59:12 - [MESSAGE][PASSED] - Object '' is not checked

2020-10-20 15:59:12 - [MESSAGE][PASSED] - Object '' is present

2020-10-20 15:59:12 - [MESSAGE][PASSED] - Object '' is not checked

2020-10-20 15:59:12 - [MESSAGE][PASSED] - Object '' is present

2020-10-20 15:59:12 - [MESSAGE][PASSED] - Object '' is not checked

2020-10-20 15:59:12 - [MESSAGE][PASSED] - Object '' is present

2020-10-20 15:59:12 - [MESSAGE][PASSED] - Object '' is not checked

2020-10-20 15:59:12 - [MESSAGE][PASSED] - Object '' is present

2020-10-20 15:59:12 - [MESSAGE][PASSED] - Object '' is not checked

2020-10-20 15:59:12 - [MESSAGE][PASSED] - Object '' is present

2020-10-20 15:59:12 - [MESSAGE][PASSED] - Object '' is not checked

2020-10-20 15:59:13 - [MESSAGE][PASSED] - Object '' is present

2020-10-20 15:59:13 - [MESSAGE][PASSED] - Object '' is not checked

2020-10-20 15:59:13 - [MESSAGE][PASSED] - Object '' is present

2020-10-20 15:59:13 - [MESSAGE][PASSED] - Object '' is not checked

2020-10-20 15:59:13 - [MESSAGE][PASSED] - Object '' is present

2020-10-20 15:59:13 - [MESSAGE][PASSED] - Object '' is not checked

2020-10-20 15:59:13 - [MESSAGE][PASSED] - Object '' is present

2020-10-20 15:59:13 - [MESSAGE][PASSED] - Object '' is not checked

2020-10-20 15:59:13 - [MESSAGE][PASSED] - Object '' is present

2020-10-20 15:59:13 - [MESSAGE][PASSED] - Object '' is not checked

2020-10-20 15:59:13 - [MESSAGE][PASSED] - Check unchecked contract type POS

2020-10-20 15:59:13 - [TEST_STEP][PASSED] - Click button "Logout": Click button "Logout"

2020-10-20 15:59:13 - [MESSAGE][INFO] - >>>>>//Button[contains(text(),'Logout')]

2020-10-20 15:59:16 - [MESSAGE][PASSED] - Object: '' is clicked on

2020-10-20 15:59:16 - [MESSAGE][PASSED] - Click button "Logout"

2020-10-20 15:59:16 - [TEST_STEP][PASSED] - Close browser: Close browser

2020-10-20 15:59:16 - [MESSAGE][PASSED] - Browser is closed

2020-10-20 15:59:16 - [MESSAGE][PASSED] - Close browser

2020-10-20 15:59:16 - [MESSAGE][PASSED] - Feature file: 'Include/features/IST_Real/CONTRACT_DISPATCHER_ADMIN/MANAGEMENT_ASSIGNMENT/Reset_All_Users.feature' was passed]]></system-out>
         <system-err><![CDATA[]]></system-err>
      </testcase>
      <testcase name="Test Cases/IST_Real/CONTRACT_DISPATCHER_DONA_B2B/BUKALAPAK/TC BUKALAPAK - Does not Exist in Contract Dispatcher Menu" time="34.679" classname="Test Cases/IST_Real/CONTRACT_DISPATCHER_DONA_B2B/BUKALAPAK/TC BUKALAPAK - Does not Exist in Contract Dispatcher Menu" status="PASSED">
         <system-out><![CDATA[2020-10-20 15:59:16 - [TEST_CASE][PASSED] - Test Cases/IST_Real/CONTRACT_DISPATCHER_DONA_B2B/BUKALAPAK/TC BUKALAPAK - Does not Exist in Contract Dispatcher Menu: Test Cases/IST_Real/CONTRACT_DISPATCHER_DONA_B2B/BUKALAPAK/TC BUKALAPAK - Does not Exist in Contract Dispatcher Menu

2020-10-20 15:59:16 - [TEST_STEP][PASSED] - runFeatureFile("Include/features/IST_Real/CONTRACT_DISPATCHER_DONA_B2B/BUKALAPAK/BUKALAPAK_B2B_Does_Not_Exist_in_Contract_Dispatcher_Menu.feature"): Feature file: 'Include/features/IST_Real/CONTRACT_DISPATCHER_DONA_B2B/BUKALAPAK/BUKALAPAK_B2B_Does_Not_Exist_in_Contract_Dispatcher_Menu.feature' was passed

2020-10-20 15:59:16 - [MESSAGE][INFO] - Starting run keyword runFeatureFile: 'Include/features/IST_Real/CONTRACT_DISPATCHER_DONA_B2B/BUKALAPAK/BUKALAPAK_B2B_Does_Not_Exist_in_Contract_Dispatcher_Menu.feature' and extract report to folder: '/Users/chaidir.pratama01/Katalon Studio/IST_Automation_Git/Reports/20201020_154359/CONTRACT_DISPATCHER_DONA_B2B/TS_BUKALAPAK_B2B/20201020_154359/cucumber_report/1603184356586'...

2020-10-20 15:59:16 - [TEST_CASE][PASSED] - Start Test Case : SCENARIO Go to Menu Contract Dispatcher to select type contract Two Wheelers but it doesn't exist: SCENARIO Go to Menu Contract Dispatcher to select type contract Two Wheelers but it doesn't exist

2020-10-20 15:59:16 - [TEST_STEP][PASSED] - Go to IST: Go to IST

2020-10-20 15:59:16 - [MESSAGE][INFO] - Starting 'Chrome (headless)' driver

2020-10-20 15:59:16 - [MESSAGE][INFO] - User set preference: ['args', '[--start-maximized, --disable-gpu, --no-proxy-server, â€“no-sandbox, --allow-running-insecure-content, --ignore-certificate-errors]']

2020-10-20 15:59:16 - [MESSAGE][INFO] - Action delay is set to 0 milliseconds

2020-10-20 15:59:17 - [MESSAGE][PASSED] - Browser is opened with url: ''

2020-10-20 15:59:18 - [MESSAGE][PASSED] - Navigate to 'https://dev-ist.homecredit.id/ist_tracker/' successfully

2020-10-20 15:59:18 - [MESSAGE][PASSED] - Taking screenshot successfully
[[ATTACHMENT|/Users/chaidir.pratama01/Documents/Docs/Katalon Studio/Screenshot/IST_Page.png]]

2020-10-20 15:59:18 - [MESSAGE][PASSED] - Go to IST

2020-10-20 15:59:18 - [TEST_STEP][PASSED] - Login IST with valid credentials: Login IST with valid credentials

2020-10-20 15:59:18 - [MESSAGE][PASSED] - Text 'mobile.test' is set on object 'Object Repository/Page_/input_Username_j_username'

2020-10-20 15:59:18 - [MESSAGE][PASSED] - Text ****** has been set on object 'Object Repository/Page_/input_Password_j_password'

2020-10-20 15:59:19 - [MESSAGE][PASSED] - Object: 'Object Repository/Page_/button_Login' is clicked on

2020-10-20 15:59:19 - [MESSAGE][PASSED] - Login IST with valid credentials

2020-10-20 15:59:19 - [TEST_STEP][PASSED] - Login Success for contract dispatcher: Login Success for contract dispatcher

2020-10-20 15:59:19 - [MESSAGE][INFO] - Login Success

2020-10-20 15:59:19 - [MESSAGE][PASSED] - Current window maximized

2020-10-20 15:59:19 - [MESSAGE][PASSED] - Object 'Object Repository/Page_/h1_Welcome to IT Supporting Tools' is present

2020-10-20 15:59:19 - [MESSAGE][PASSED] - Login Success for contract dispatcher

2020-10-20 15:59:19 - [TEST_STEP][PASSED] - Select Menu "Contract Dispatcher": Select Menu "Contract Dispatcher"

2020-10-20 15:59:19 - [MESSAGE][PASSED] - Taking screenshot successfully
[[ATTACHMENT|/Users/chaidir.pratama01/Documents/Docs/Katalon Studio/Screenshot/test-Contract Dispatcher.png]]

2020-10-20 15:59:19 - [MESSAGE][PASSED] - Object '' is present

2020-10-20 15:59:19 - [MESSAGE][PASSED] - Object: '' is clicked on

2020-10-20 15:59:19 - [MESSAGE][PASSED] - Wait for page load successfully

2020-10-20 15:59:19 - [MESSAGE][PASSED] - Select Menu "Contract Dispatcher"

2020-10-20 15:59:19 - [TEST_STEP][PASSED] - Select Contract Number based on Type Contract "DONA_BUKALAPAK_B2B": Select Contract Number based on Type Contract "DONA_BUKALAPAK_B2B"

2020-10-20 15:59:19 - [MESSAGE][PASSED] - Object '' is present

2020-10-20 15:59:50 - [MESSAGE][INFO] - Unable to find the element located by 'By.xpath: //span[contains(text(),'337')]/../../following-sibling::td[1]/div/span[contains(text(),'DONA_BUKALAPAK_B2B')]'. Please recheck the objects properties to make sure the desired element is located. 

2020-10-20 15:59:51 - [MESSAGE][WARNING] - com.kms.katalon.core.webui.exception.WebElementNotFoundException: Web element with id: '' located by '//span[contains(text(),'337')]/../../following-sibling::td[1]/div/span[contains(text(),'DONA_BUKALAPAK_B2B')]' not found (Root cause: com.kms.katalon.core.exception.StepFailedException: com.kms.katalon.core.webui.exception.WebElementNotFoundException: Web element with id: '' located by '//span[contains(text(),'337')]/../../following-sibling::td[1]/div/span[contains(text(),'DONA_BUKALAPAK_B2B')]' not found
	at com.kms.katalon.core.webui.keyword.internal.WebUIKeywordMain.stepFailed(WebUIKeywordMain.groovy:64)
	at com.kms.katalon.core.webui.keyword.builtin.VerifyElementPresentKeyword$_verifyElementPresent_closure1.doCall(VerifyElementPresentKeyword.groovy:85)
	at com.kms.katalon.core.webui.keyword.builtin.VerifyElementPresentKeyword$_verifyElementPresent_closure1.call(VerifyElementPresentKeyword.groovy)
	at com.kms.katalon.core.webui.keyword.internal.WebUIKeywordMain.runKeyword(WebUIKeywordMain.groovy:20)
	at com.kms.katalon.core.webui.keyword.builtin.VerifyElementPresentKeyword.verifyElementPresent(VerifyElementPresentKeyword.groovy:92)
	at com.kms.katalon.core.webui.keyword.builtin.VerifyElementPresentKeyword.execute(VerifyElementPresentKeyword.groovy:68)
	at com.kms.katalon.core.keyword.internal.KeywordExecutor.executeKeywordForPlatform(KeywordExecutor.groovy:73)
	at com.kms.katalon.core.webui.keyword.WebUiBuiltInKeywords.verifyElementPresent(WebUiBuiltInKeywords.groovy:1444)
	at com.kms.katalon.core.webui.keyword.WebUiBuiltInKeywords$verifyElementPresent$14.call(Unknown Source)
	at ist_real.Contract_Dispatcher.Contract_Number_based_Type_Contract(Contract_Dispatcher.groovy:364)
	at cucumber.runtime.Utils$1.call(Utils.java:26)
	at cucumber.runtime.Timeout.timeout(Timeout.java:16)
	at cucumber.runtime.Utils.invoke(Utils.java:20)
	at cucumber.runtime.java.JavaStepDefinition.execute(JavaStepDefinition.java:48)
	at cucumber.runtime.PickleStepDefinitionMatch.runStep(PickleStepDefinitionMatch.java:50)
	at cucumber.runner.TestStep.executeStep(TestStep.java:55)
	at cucumber.runner.TestStep.run(TestStep.java:42)
	at cucumber.runner.PickleStepTestStep.run(PickleStepTestStep.java:53)
	at cucumber.runner.TestCase.run(TestCase.java:47)
	at cucumber.runner.Runner.runPickle(Runner.java:44)
	at cucumber.runtime.Runtime.runFeature(Runtime.java:120)
	at cucumber.runtime.Runtime.run(Runtime.java:106)
	at cucumber.api.cli.Main.run(Main.java:35)
	at cucumber.api.cli.Main$run.call(Unknown Source)
	at com.kms.katalon.core.cucumber.keyword.CucumberBuiltinKeywords$_runFeatureFile_closure1.doCall(CucumberBuiltinKeywords.groovy:76)
	at com.kms.katalon.core.cucumber.keyword.CucumberBuiltinKeywords$_runFeatureFile_closure1.doCall(CucumberBuiltinKeywords.groovy)
	at com.kms.katalon.core.keyword.internal.KeywordMain.runKeyword(KeywordMain.groovy:68)
	at com.kms.katalon.core.keyword.internal.KeywordMain$runKeyword.call(Unknown Source)
	at com.kms.katalon.core.cucumber.keyword.CucumberBuiltinKeywords.runFeatureFile(CucumberBuiltinKeywords.groovy:46)
	at com.kms.katalon.core.cucumber.keyword.CucumberBuiltinKeywords$runFeatureFile$0.callStatic(Unknown Source)
	at com.kms.katalon.core.cucumber.keyword.CucumberBuiltinKeywords.runFeatureFile(CucumberBuiltinKeywords.groovy:169)
	at com.kms.katalon.core.cucumber.keyword.CucumberBuiltinKeywords$runFeatureFile.call(Unknown Source)
	at TC BUKALAPAK - Does not Exist in Contract Dispatcher Menu.run(TC BUKALAPAK - Does not Exist in Contract Dispatcher Menu:18)
	at com.kms.katalon.core.main.ScriptEngine.run(ScriptEngine.java:194)
	at com.kms.katalon.core.main.ScriptEngine.runScriptAsRawText(ScriptEngine.java:119)
	at com.kms.katalon.core.main.TestCaseExecutor.runScript(TestCaseExecutor.java:339)
	at com.kms.katalon.core.main.TestCaseExecutor.doExecute(TestCaseExecutor.java:330)
	at com.kms.katalon.core.main.TestCaseExecutor.processExecutionPhase(TestCaseExecutor.java:309)
	at com.kms.katalon.core.main.TestCaseExecutor.accessMainPhase(TestCaseExecutor.java:301)
	at com.kms.katalon.core.main.TestCaseExecutor.execute(TestCaseExecutor.java:235)
	at com.kms.katalon.core.main.TestSuiteExecutor.accessTestCaseMainPhase(TestSuiteExecutor.java:191)
	at com.kms.katalon.core.main.TestSuiteExecutor.accessTestSuiteMainPhase(TestSuiteExecutor.java:141)
	at com.kms.katalon.core.main.TestSuiteExecutor.execute(TestSuiteExecutor.java:90)
	at com.kms.katalon.core.main.TestCaseMain.startTestSuite(TestCaseMain.java:157)
	at com.kms.katalon.core.main.TestCaseMain$startTestSuite$0.call(Unknown Source)
	at TempTestSuite1603183439976.run(TempTestSuite1603183439976.groovy:39)
)
[[ATTACHMENT|/Users/chaidir.pratama01/Katalon Studio/IST_Automation_Git/Reports/20201020_154359/CONTRACT_DISPATCHER_DONA_B2B/TS_BUKALAPAK_B2B/20201020_154359/1603184390774.png]]

2020-10-20 15:59:51 - [MESSAGE][PASSED] - Select Contract Number based on Type Contract "DONA_BUKALAPAK_B2B"

2020-10-20 15:59:51 - [TEST_STEP][PASSED] - Comment "Type Contract DONA Bukalapak B2B Does Not Exist": Comment "Type Contract DONA Bukalapak B2B Does Not Exist"

2020-10-20 15:59:51 - [MESSAGE][INFO] - Type Contract DONA Bukalapak B2B Does Not Exist

2020-10-20 15:59:51 - [MESSAGE][PASSED] - Comment "Type Contract DONA Bukalapak B2B Does Not Exist"

2020-10-20 15:59:51 - [TEST_STEP][PASSED] - Close browser: Close browser

2020-10-20 15:59:51 - [MESSAGE][PASSED] - Browser is closed

2020-10-20 15:59:51 - [MESSAGE][PASSED] - Close browser

2020-10-20 15:59:51 - [MESSAGE][PASSED] - Feature file: 'Include/features/IST_Real/CONTRACT_DISPATCHER_DONA_B2B/BUKALAPAK/BUKALAPAK_B2B_Does_Not_Exist_in_Contract_Dispatcher_Menu.feature' was passed]]></system-out>
         <system-err><![CDATA[]]></system-err>
      </testcase>
      <testcase name="Test Cases/IST_Real/CONTRACT_DISPATCHER_DONA_B2B/BUKALAPAK/TC BUKALAPAK - Update Tbl CDS CDC TRKRegMistake" time="0.86" classname="Test Cases/IST_Real/CONTRACT_DISPATCHER_DONA_B2B/BUKALAPAK/TC BUKALAPAK - Update Tbl CDS CDC TRKRegMistake" status="PASSED">
         <system-out><![CDATA[2020-10-20 15:59:51 - [TEST_CASE][PASSED] - Test Cases/IST_Real/CONTRACT_DISPATCHER_DONA_B2B/BUKALAPAK/TC BUKALAPAK - Update Tbl CDS CDC TRKRegMistake: Test Cases/IST_Real/CONTRACT_DISPATCHER_DONA_B2B/BUKALAPAK/TC BUKALAPAK - Update Tbl CDS CDC TRKRegMistake

2020-10-20 15:59:51 - [TEST_STEP][PASSED] - runFeatureFile("Include/features/IST_Real/CONTRACT_DISPATCHER_DONA_B2B/BUKALAPAK/Update_Tbl_CDS_CDC_TRK_RegMistake.feature"): Feature file: 'Include/features/IST_Real/CONTRACT_DISPATCHER_DONA_B2B/BUKALAPAK/Update_Tbl_CDS_CDC_TRK_RegMistake.feature' was passed

2020-10-20 15:59:51 - [MESSAGE][INFO] - Starting run keyword runFeatureFile: 'Include/features/IST_Real/CONTRACT_DISPATCHER_DONA_B2B/BUKALAPAK/Update_Tbl_CDS_CDC_TRK_RegMistake.feature' and extract report to folder: '/Users/chaidir.pratama01/Katalon Studio/IST_Automation_Git/Reports/20201020_154359/CONTRACT_DISPATCHER_DONA_B2B/TS_BUKALAPAK_B2B/20201020_154359/cucumber_report/1603184391195'...

2020-10-20 15:59:51 - [TEST_CASE][PASSED] - Start Test Case : SCENARIO Update Table CONTRACT_DISPATCHER_SOURCE and CONTRACT_DISPTACHER_CLAIM: SCENARIO Update Table CONTRACT_DISPATCHER_SOURCE and CONTRACT_DISPTACHER_CLAIM

2020-10-20 15:59:51 - [TEST_STEP][PASSED] - Connect to Database: Connect to Database

2020-10-20 15:59:51 - [MESSAGE][PASSED] - Connect to Database

2020-10-20 15:59:51 - [TEST_STEP][PASSED] - Update Tbl CONTRACT DISPATCHER SOURCE To Change PROCESSED From Y to N For Bukalapak B2B: Update Tbl CONTRACT DISPATCHER SOURCE To Change PROCESSED From Y to N For Bukalapak B2B

2020-10-20 15:59:51 - [MESSAGE][PASSED] - Update Tbl CONTRACT DISPATCHER SOURCE To Change PROCESSED From Y to N For Bukalapak B2B

2020-10-20 15:59:51 - [TEST_STEP][PASSED] - Update Tbl CONTRACT DISPATCHER CLAIM To Delete PROCESS From Column STATUS: Update Tbl CONTRACT DISPATCHER CLAIM To Delete PROCESS From Column STATUS

2020-10-20 15:59:51 - [MESSAGE][PASSED] - Update Tbl CONTRACT DISPATCHER CLAIM To Delete PROCESS From Column STATUS

2020-10-20 15:59:51 - [TEST_STEP][PASSED] - Delete Contract From TRK_REGISTRATION_MISTAKE: Delete Contract From TRK_REGISTRATION_MISTAKE

2020-10-20 15:59:52 - [MESSAGE][PASSED] - Delete Contract From TRK_REGISTRATION_MISTAKE

2020-10-20 15:59:52 - [MESSAGE][PASSED] - Feature file: 'Include/features/IST_Real/CONTRACT_DISPATCHER_DONA_B2B/BUKALAPAK/Update_Tbl_CDS_CDC_TRK_RegMistake.feature' was passed]]></system-out>
         <system-err><![CDATA[]]></system-err>
      </testcase>
      <system-out><![CDATA[2020-10-20 15:44:06 - [TEST_SUITE][FAILED] - TS_BUKALAPAK_B2B: Test Cases/IST_Real/CONTRACT_DISPATCHER_DONA_B2B/BUKALAPAK/TC BUKALAPAK - Claim Contract BUKALAPAK then Save it Without Register Any Mistakes FAILED.
Reason:
com.kms.katalon.core.exception.StepFailedException: Feature file 'Include/features/IST_Real/CONTRACT_DISPATCHER_DONA_B2B/BUKALAPAK/Claim_Contract_BUKALAPAK_B2B_then_Save_it_Without_Register_Any_Mistakes.feature' was failed
	at com.kms.katalon.core.keyword.internal.KeywordMain.stepFailed(KeywordMain.groovy:50)
	at com.kms.katalon.core.keyword.internal.KeywordMain.stepFailed(KeywordMain.groovy)
	at com.kms.katalon.core.keyword.internal.KeywordMain.stepFailed(KeywordMain.groovy:23)
	at com.kms.katalon.core.keyword.internal.KeywordMain$stepFailed$0.call(Unknown Source)
	at com.kms.katalon.core.cucumber.keyword.CucumberBuiltinKeywords$_runFeatureFile_closure1.doCall(CucumberBuiltinKeywords.groovy:82)
	at com.kms.katalon.core.cucumber.keyword.CucumberBuiltinKeywords$_runFeatureFile_closure1.doCall(CucumberBuiltinKeywords.groovy)
	at com.kms.katalon.core.keyword.internal.KeywordMain.runKeyword(KeywordMain.groovy:68)
	at com.kms.katalon.core.keyword.internal.KeywordMain$runKeyword.call(Unknown Source)
	at com.kms.katalon.core.cucumber.keyword.CucumberBuiltinKeywords.runFeatureFile(CucumberBuiltinKeywords.groovy:46)
	at com.kms.katalon.core.cucumber.keyword.CucumberBuiltinKeywords$runFeatureFile$0.callStatic(Unknown Source)
	at com.kms.katalon.core.cucumber.keyword.CucumberBuiltinKeywords.runFeatureFile(CucumberBuiltinKeywords.groovy:169)
	at com.kms.katalon.core.cucumber.keyword.CucumberBuiltinKeywords$runFeatureFile.call(Unknown Source)
	at TC BUKALAPAK - Claim Contract BUKALAPAK then Save it Without Register Any Mistakes.run(TC BUKALAPAK - Claim Contract BUKALAPAK then Save it Without Register Any Mistakes:18)
	at com.kms.katalon.core.main.ScriptEngine.run(ScriptEngine.java:194)
	at com.kms.katalon.core.main.ScriptEngine.runScriptAsRawText(ScriptEngine.java:119)
	at com.kms.katalon.core.main.TestCaseExecutor.runScript(TestCaseExecutor.java:339)
	at com.kms.katalon.core.main.TestCaseExecutor.doExecute(TestCaseExecutor.java:330)
	at com.kms.katalon.core.main.TestCaseExecutor.processExecutionPhase(TestCaseExecutor.java:309)
	at com.kms.katalon.core.main.TestCaseExecutor.accessMainPhase(TestCaseExecutor.java:301)
	at com.kms.katalon.core.main.TestCaseExecutor.execute(TestCaseExecutor.java:235)
	at com.kms.katalon.core.main.TestSuiteExecutor.accessTestCaseMainPhase(TestSuiteExecutor.java:191)
	at com.kms.katalon.core.main.TestSuiteExecutor.accessTestSuiteMainPhase(TestSuiteExecutor.java:141)
	at com.kms.katalon.core.main.TestSuiteExecutor.execute(TestSuiteExecutor.java:90)
	at com.kms.katalon.core.main.TestCaseMain.startTestSuite(TestCaseMain.java:157)
	at com.kms.katalon.core.main.TestCaseMain$startTestSuite$0.call(Unknown Source)
	at TempTestSuite1603183439976.run(TempTestSuite1603183439976.groovy:39)]]></system-out>
      <system-err><![CDATA[2020-10-20 15:44:06 - [TEST_SUITE][FAILED] - TS_BUKALAPAK_B2B: Test Cases/IST_Real/CONTRACT_DISPATCHER_DONA_B2B/BUKALAPAK/TC BUKALAPAK - Claim Contract BUKALAPAK then Save it Without Register Any Mistakes FAILED.
Reason:
com.kms.katalon.core.exception.StepFailedException: Feature file 'Include/features/IST_Real/CONTRACT_DISPATCHER_DONA_B2B/BUKALAPAK/Claim_Contract_BUKALAPAK_B2B_then_Save_it_Without_Register_Any_Mistakes.feature' was failed
	at com.kms.katalon.core.keyword.internal.KeywordMain.stepFailed(KeywordMain.groovy:50)
	at com.kms.katalon.core.keyword.internal.KeywordMain.stepFailed(KeywordMain.groovy)
	at com.kms.katalon.core.keyword.internal.KeywordMain.stepFailed(KeywordMain.groovy:23)
	at com.kms.katalon.core.keyword.internal.KeywordMain$stepFailed$0.call(Unknown Source)
	at com.kms.katalon.core.cucumber.keyword.CucumberBuiltinKeywords$_runFeatureFile_closure1.doCall(CucumberBuiltinKeywords.groovy:82)
	at com.kms.katalon.core.cucumber.keyword.CucumberBuiltinKeywords$_runFeatureFile_closure1.doCall(CucumberBuiltinKeywords.groovy)
	at com.kms.katalon.core.keyword.internal.KeywordMain.runKeyword(KeywordMain.groovy:68)
	at com.kms.katalon.core.keyword.internal.KeywordMain$runKeyword.call(Unknown Source)
	at com.kms.katalon.core.cucumber.keyword.CucumberBuiltinKeywords.runFeatureFile(CucumberBuiltinKeywords.groovy:46)
	at com.kms.katalon.core.cucumber.keyword.CucumberBuiltinKeywords$runFeatureFile$0.callStatic(Unknown Source)
	at com.kms.katalon.core.cucumber.keyword.CucumberBuiltinKeywords.runFeatureFile(CucumberBuiltinKeywords.groovy:169)
	at com.kms.katalon.core.cucumber.keyword.CucumberBuiltinKeywords$runFeatureFile.call(Unknown Source)
	at TC BUKALAPAK - Claim Contract BUKALAPAK then Save it Without Register Any Mistakes.run(TC BUKALAPAK - Claim Contract BUKALAPAK then Save it Without Register Any Mistakes:18)
	at com.kms.katalon.core.main.ScriptEngine.run(ScriptEngine.java:194)
	at com.kms.katalon.core.main.ScriptEngine.runScriptAsRawText(ScriptEngine.java:119)
	at com.kms.katalon.core.main.TestCaseExecutor.runScript(TestCaseExecutor.java:339)
	at com.kms.katalon.core.main.TestCaseExecutor.doExecute(TestCaseExecutor.java:330)
	at com.kms.katalon.core.main.TestCaseExecutor.processExecutionPhase(TestCaseExecutor.java:309)
	at com.kms.katalon.core.main.TestCaseExecutor.accessMainPhase(TestCaseExecutor.java:301)
	at com.kms.katalon.core.main.TestCaseExecutor.execute(TestCaseExecutor.java:235)
	at com.kms.katalon.core.main.TestSuiteExecutor.accessTestCaseMainPhase(TestSuiteExecutor.java:191)
	at com.kms.katalon.core.main.TestSuiteExecutor.accessTestSuiteMainPhase(TestSuiteExecutor.java:141)
	at com.kms.katalon.core.main.TestSuiteExecutor.execute(TestSuiteExecutor.java:90)
	at com.kms.katalon.core.main.TestCaseMain.startTestSuite(TestCaseMain.java:157)
	at com.kms.katalon.core.main.TestCaseMain$startTestSuite$0.call(Unknown Source)
	at TempTestSuite1603183439976.run(TempTestSuite1603183439976.groovy:39)]]></system-err>
   </testsuite>
</testsuites>
