<?xml version="1.0" encoding="UTF-8"?>
<testsuites name="TS_SLIK_Gateway_Customer" time="255.733" tests="11" failures="0" errors="0">
   <testsuite name="TS_SLIK_Gateway_Customer" tests="11" failures="0" errors="0" time="255.733" timestamp="2020-10-27 12:51:15" hostname="chaidir.pratama01 - localhost" id="Test Suites/SLIK/TS_SLIK_Gateway_Customer">
      <properties>
         <property name="deviceName" value=""/>
         <property name="devicePlatform" value=""/>
         <property name="logFolder" value="/Users/chaidir.pratama01/Katalon Studio/IST_Automation_Git/Reports/20201027_125109/SLIK/TS_SLIK_Gateway_Customer/20201027_125109"/>
         <property name="logFiles" value="/Users/chaidir.pratama01/Katalon Studio/IST_Automation_Git/Reports/20201027_125109/SLIK/TS_SLIK_Gateway_Customer/20201027_125109/execution0.log"/>
         <property name="attachments" value="/Users/chaidir.pratama01/Documents/Docs/Katalon Studio/Screenshot/test-SLIK Gateway Customer.png, /Users/chaidir.pratama01/Documents/Docs/Katalon Studio/Screenshot/slik.png, /Users/chaidir.pratama01/Documents/Docs/Katalon Studio/Screenshot/slik.png, /Users/chaidir.pratama01/Documents/Docs/Katalon Studio/Screenshot/slik.png, /Users/chaidir.pratama01/Documents/Docs/Katalon Studio/Screenshot/errorpopup.png, /Users/chaidir.pratama01/Documents/Docs/Katalon Studio/Screenshot/errorpopup.png, /Users/chaidir.pratama01/Documents/Docs/Katalon Studio/Screenshot/errorpopup.png"/>
         <property name="hostName" value="chaidir.pratama01 - localhost"/>
         <property name="os" value="Mac OS X 64bit"/>
         <property name="katalonVersion" value="7.6.0.${buildNumber}"/>
         <property name="browser" value="Chrome 86.0.4240.111"/>
         <property name="hostAddress" value="127.0.0.1"/>
         <property name="sessionId" value="f73fd11dd7c61ac5feb4b5dd253ec02f"/>
         <property name="seleniumVersion" value="3.141.59"/>
         <property name="proxyInformation" value="ProxyInformation { proxyOption=NO_PROXY, proxyServerType=HTTP, username=, password=********, proxyServerAddress=, proxyServerPort=0, executionList=\&quot;\&quot;, isApplyToDesiredCapabilities=true }"/>
         <property name="platform" value="Mac OS X"/>
      </properties>
      <testcase name="Test Cases/IST_Real/SLIK/SLIK_Gateway_Customer/Open Menu SLIK Gateway Customer" time="42.063" classname="Test Cases/IST_Real/SLIK/SLIK_Gateway_Customer/Open Menu SLIK Gateway Customer" status="PASSED">
         <system-out><![CDATA[2020-10-27 12:51:15 - [TEST_CASE][PASSED] - Test Cases/IST_Real/SLIK/SLIK_Gateway_Customer/Open Menu SLIK Gateway Customer: Test Cases/IST_Real/SLIK/SLIK_Gateway_Customer/Open Menu SLIK Gateway Customer

2020-10-27 12:51:15 - [TEST_STEP][PASSED] - runFeatureFile("Include/features/IST_Real/SLIK/SLIK Gateway Customer/Open_Menu_SLIK_Gateway_Customer.feature"): Feature file: 'Include/features/IST_Real/SLIK/SLIK Gateway Customer/Open_Menu_SLIK_Gateway_Customer.feature' was passed

2020-10-27 12:51:15 - [MESSAGE][INFO] - Starting run keyword runFeatureFile: 'Include/features/IST_Real/SLIK/SLIK Gateway Customer/Open_Menu_SLIK_Gateway_Customer.feature' and extract report to folder: '/Users/chaidir.pratama01/Katalon Studio/IST_Automation_Git/Reports/20201027_125109/SLIK/TS_SLIK_Gateway_Customer/20201027_125109/cucumber_report/1603777875844'...

2020-10-27 12:51:16 - [TEST_CASE][PASSED] - Start Test Case : SCENARIO Menu SLIK Gateway Customer in IST and Verify Element Needed Exist: SCENARIO Menu SLIK Gateway Customer in IST and Verify Element Needed Exist

2020-10-27 12:51:16 - [TEST_STEP][PASSED] - Go to ISTools: Go to ISTools

2020-10-27 12:51:16 - [MESSAGE][INFO] - Starting 'Chrome' driver

2020-10-27 12:51:16 - [MESSAGE][INFO] - User set preference: ['AcceptInsecureCerts', 'true']

2020-10-27 12:51:16 - [MESSAGE][INFO] - User set preference: ['args', '[ignore-certificate-errors]']

2020-10-27 12:51:16 - [MESSAGE][INFO] - Action delay is set to 0 milliseconds

2020-10-27 12:51:18 - [MESSAGE][PASSED] - Browser is opened with url: ''

2020-10-27 12:51:20 - [MESSAGE][PASSED] - Navigate to 'https://id-ist01preprod.id.nonprod/ist/' successfully

2020-10-27 12:51:20 - [MESSAGE][PASSED] - Go to ISTools

2020-10-27 12:51:20 - [TEST_STEP][PASSED] - Login IST with valid credentials: Login IST with valid credentials

2020-10-27 12:51:21 - [MESSAGE][PASSED] - Text 'mobile.test' is set on object 'Object Repository/Page_/input_Username_j_username'

2020-10-27 12:51:22 - [MESSAGE][PASSED] - Text ****** has been set on object 'Object Repository/Page_/input_Password_j_password'

2020-10-27 12:51:22 - [MESSAGE][PASSED] - Object: 'Object Repository/Page_/button_Login' is clicked on

2020-10-27 12:51:22 - [MESSAGE][PASSED] - Login IST with valid credentials

2020-10-27 12:51:22 - [TEST_STEP][PASSED] - Login Success for contract dispatcher: Login Success for contract dispatcher

2020-10-27 12:51:22 - [MESSAGE][INFO] - Login Success

2020-10-27 12:51:23 - [MESSAGE][PASSED] - Current window maximized

2020-10-27 12:51:23 - [MESSAGE][PASSED] - Object 'Object Repository/Page_/h1_Welcome to IT Supporting Tools' is present

2020-10-27 12:51:23 - [MESSAGE][PASSED] - Login Success for contract dispatcher

2020-10-27 12:51:23 - [TEST_STEP][PASSED] - Select Menu "SLIK Gateway Customer": Select Menu "SLIK Gateway Customer"

2020-10-27 12:51:24 - [MESSAGE][PASSED] - Taking screenshot successfully
[[ATTACHMENT|/Users/chaidir.pratama01/Documents/Docs/Katalon Studio/Screenshot/test-SLIK Gateway Customer.png]]

2020-10-27 12:51:24 - [MESSAGE][PASSED] - Object '' is present

2020-10-27 12:51:24 - [MESSAGE][PASSED] - Object: '' is clicked on

2020-10-27 12:51:24 - [MESSAGE][PASSED] - Wait for page load successfully

2020-10-27 12:51:24 - [MESSAGE][PASSED] - Select Menu "SLIK Gateway Customer"

2020-10-27 12:51:24 - [TEST_STEP][PASSED] - Verify Title "SLIK Gateway Customer" Exists: Verify Title "SLIK Gateway Customer" Exists

2020-10-27 12:51:25 - [MESSAGE][PASSED] - Object '' is present

2020-10-27 12:51:26 - [MESSAGE][PASSED] - Object: '' is focused

2020-10-27 12:51:26 - [MESSAGE][PASSED] - Verify Title "SLIK Gateway Customer" Exists

2020-10-27 12:51:26 - [TEST_STEP][PASSED] - Verify Title "Check SLIK" Exists: Verify Title "Check SLIK" Exists

2020-10-27 12:51:26 - [MESSAGE][PASSED] - Object '' is present

2020-10-27 12:51:27 - [MESSAGE][PASSED] - Object: '' is focused

2020-10-27 12:51:27 - [MESSAGE][PASSED] - Verify Title "Check SLIK" Exists

2020-10-27 12:51:27 - [TEST_STEP][PASSED] - Verify Contents of Check SLIK Label in SLIK Gateway Customer Menu Exist: Verify Contents of Check SLIK Label in SLIK Gateway Customer Menu Exist

2020-10-27 12:51:27 - [MESSAGE][PASSED] - Object '' is present

2020-10-27 12:51:27 - [MESSAGE][PASSED] - Object: '' is focused

2020-10-27 12:51:28 - [MESSAGE][PASSED] - Object '' is present

2020-10-27 12:51:28 - [MESSAGE][PASSED] - Object: '' is focused

2020-10-27 12:51:29 - [MESSAGE][PASSED] - Object '' is present

2020-10-27 12:51:29 - [MESSAGE][PASSED] - Object: '' is focused

2020-10-27 12:51:29 - [MESSAGE][PASSED] - Object '' is present

2020-10-27 12:51:30 - [MESSAGE][PASSED] - Object: '' is focused

2020-10-27 12:51:30 - [MESSAGE][PASSED] - Object '' is present

2020-10-27 12:51:31 - [MESSAGE][PASSED] - Object: '' is focused

2020-10-27 12:51:31 - [MESSAGE][PASSED] - Object '' is present

2020-10-27 12:51:31 - [MESSAGE][PASSED] - Object: '' is focused

2020-10-27 12:51:32 - [MESSAGE][PASSED] - Object '' is present

2020-10-27 12:51:32 - [MESSAGE][PASSED] - Object: '' is focused

2020-10-27 12:51:33 - [MESSAGE][PASSED] - Object '' is present

2020-10-27 12:51:33 - [MESSAGE][PASSED] - Object: '' is focused

2020-10-27 12:51:33 - [MESSAGE][PASSED] - Object '' is present

2020-10-27 12:51:34 - [MESSAGE][PASSED] - Object: '' is focused

2020-10-27 12:51:34 - [MESSAGE][PASSED] - Object '' is present

2020-10-27 12:51:34 - [MESSAGE][PASSED] - Object: '' is focused

2020-10-27 12:51:35 - [MESSAGE][PASSED] - Object '' is present

2020-10-27 12:51:35 - [MESSAGE][PASSED] - Object: '' is focused

2020-10-27 12:51:35 - [MESSAGE][PASSED] - Object '' is present

2020-10-27 12:51:36 - [MESSAGE][PASSED] - Object: '' is focused

2020-10-27 12:51:36 - [MESSAGE][PASSED] - Object '' is present

2020-10-27 12:51:36 - [MESSAGE][PASSED] - Object: '' is focused

2020-10-27 12:51:37 - [MESSAGE][PASSED] - Object '' is present

2020-10-27 12:51:37 - [MESSAGE][PASSED] - Object: '' is focused

2020-10-27 12:51:37 - [MESSAGE][PASSED] - Object '' is present

2020-10-27 12:51:37 - [MESSAGE][PASSED] - Object: '' is focused

2020-10-27 12:51:38 - [MESSAGE][PASSED] - Object '' is present

2020-10-27 12:51:38 - [MESSAGE][PASSED] - Object: '' is focused

2020-10-27 12:51:39 - [MESSAGE][PASSED] - Object '' is present

2020-10-27 12:51:42 - [MESSAGE][PASSED] - Delayed 3 second(s)

2020-10-27 12:51:42 - [MESSAGE][PASSED] - Object: '' is focused

2020-10-27 12:51:45 - [MESSAGE][PASSED] - Delayed 3 second(s)

2020-10-27 12:51:45 - [MESSAGE][PASSED] - Object '' is present

2020-10-27 12:51:46 - [MESSAGE][PASSED] - Object: '' is focused

2020-10-27 12:51:46 - [MESSAGE][PASSED] - Object '' is present

2020-10-27 12:51:46 - [MESSAGE][PASSED] - Object: '' is focused

2020-10-27 12:51:46 - [MESSAGE][PASSED] - Verify Contents of Check SLIK Label in SLIK Gateway Customer Menu Exist

2020-10-27 12:51:46 - [TEST_STEP][PASSED] - Verify Title "Search Result" Exists: Verify Title "Search Result" Exists

2020-10-27 12:51:47 - [MESSAGE][PASSED] - Object '' is present

2020-10-27 12:51:47 - [MESSAGE][PASSED] - Object: '' is focused

2020-10-27 12:51:47 - [MESSAGE][PASSED] - Verify Title "Search Result" Exists

2020-10-27 12:51:47 - [TEST_STEP][PASSED] - Verify Contents of Search Result: Verify Contents of Search Result

2020-10-27 12:51:47 - [MESSAGE][PASSED] - Object '' is present

2020-10-27 12:51:48 - [MESSAGE][PASSED] - Object: '' is focused

2020-10-27 12:51:48 - [MESSAGE][PASSED] - Object '' is present

2020-10-27 12:51:48 - [MESSAGE][PASSED] - Object: '' is focused

2020-10-27 12:51:49 - [MESSAGE][PASSED] - Object '' is present

2020-10-27 12:51:49 - [MESSAGE][PASSED] - Object: '' is focused

2020-10-27 12:51:50 - [MESSAGE][PASSED] - Object '' is present

2020-10-27 12:51:50 - [MESSAGE][PASSED] - Object: '' is focused

2020-10-27 12:51:50 - [MESSAGE][PASSED] - Object '' is present

2020-10-27 12:51:51 - [MESSAGE][PASSED] - Object: '' is focused

2020-10-27 12:51:51 - [MESSAGE][PASSED] - Object '' is present

2020-10-27 12:51:51 - [MESSAGE][PASSED] - Object: '' is focused

2020-10-27 12:51:52 - [MESSAGE][PASSED] - Object '' is present

2020-10-27 12:51:52 - [MESSAGE][PASSED] - Object: '' is focused

2020-10-27 12:51:52 - [MESSAGE][PASSED] - Object '' is present

2020-10-27 12:51:53 - [MESSAGE][PASSED] - Object: '' is focused

2020-10-27 12:51:53 - [MESSAGE][PASSED] - Object '' is present

2020-10-27 12:51:53 - [MESSAGE][PASSED] - Object: '' is focused

2020-10-27 12:51:53 - [MESSAGE][PASSED] - Verify Contents of Search Result

2020-10-27 12:51:53 - [TEST_STEP][PASSED] - Click button "Logout": Click button "Logout"

2020-10-27 12:51:53 - [MESSAGE][INFO] - >>>>>//Button[contains(text(),'Logout')]

2020-10-27 12:51:57 - [MESSAGE][PASSED] - Object: '' is clicked on

2020-10-27 12:51:57 - [MESSAGE][PASSED] - Click button "Logout"

2020-10-27 12:51:57 - [TEST_STEP][PASSED] - Close browser: Close browser

2020-10-27 12:51:57 - [MESSAGE][PASSED] - Browser is closed

2020-10-27 12:51:57 - [MESSAGE][PASSED] - Close browser

2020-10-27 12:51:57 - [MESSAGE][PASSED] - Feature file: 'Include/features/IST_Real/SLIK/SLIK Gateway Customer/Open_Menu_SLIK_Gateway_Customer.feature' was passed]]></system-out>
         <system-err><![CDATA[]]></system-err>
      </testcase>
      <testcase name="Test Cases/IST_Real/SLIK/SLIK_Gateway_Customer/SLIK Gateway Customer Checking" time="54.651" classname="Test Cases/IST_Real/SLIK/SLIK_Gateway_Customer/SLIK Gateway Customer Checking" status="PASSED">
         <system-out><![CDATA[2020-10-27 12:51:57 - [TEST_CASE][PASSED] - Test Cases/IST_Real/SLIK/SLIK_Gateway_Customer/SLIK Gateway Customer Checking: Test Cases/IST_Real/SLIK/SLIK_Gateway_Customer/SLIK Gateway Customer Checking

2020-10-27 12:51:57 - [TEST_STEP][PASSED] - runFeatureFile("Include/features/IST_Real/SLIK/SLIK Gateway Customer/SLIK Gateway Customer Checking.feature"): Feature file: 'Include/features/IST_Real/SLIK/SLIK Gateway Customer/SLIK Gateway Customer Checking.feature' was passed

2020-10-27 12:51:57 - [MESSAGE][INFO] - Starting run keyword runFeatureFile: 'Include/features/IST_Real/SLIK/SLIK Gateway Customer/SLIK Gateway Customer Checking.feature' and extract report to folder: '/Users/chaidir.pratama01/Katalon Studio/IST_Automation_Git/Reports/20201027_125109/SLIK/TS_SLIK_Gateway_Customer/20201027_125109/cucumber_report/1603777917771'...

2020-10-27 12:51:57 - [TEST_CASE][PASSED] - Start Test Case : SCENARIO SLIK Gateway Customer Checking: SCENARIO SLIK Gateway Customer Checking

2020-10-27 12:51:57 - [TEST_STEP][PASSED] - Go to ISTools: Go to ISTools

2020-10-27 12:51:58 - [MESSAGE][INFO] - Starting 'Chrome' driver

2020-10-27 12:51:58 - [MESSAGE][INFO] - User set preference: ['AcceptInsecureCerts', 'true']

2020-10-27 12:51:58 - [MESSAGE][INFO] - User set preference: ['args', '[ignore-certificate-errors]']

2020-10-27 12:51:58 - [MESSAGE][INFO] - Action delay is set to 0 milliseconds

2020-10-27 12:51:59 - [MESSAGE][PASSED] - Browser is opened with url: ''

2020-10-27 12:52:00 - [MESSAGE][PASSED] - Navigate to 'https://id-ist01preprod.id.nonprod/ist/' successfully

2020-10-27 12:52:00 - [MESSAGE][PASSED] - Go to ISTools

2020-10-27 12:52:00 - [TEST_STEP][PASSED] - Login IST with valid credentials: Login IST with valid credentials

2020-10-27 12:52:01 - [MESSAGE][PASSED] - Text 'mobile.test' is set on object 'Object Repository/Page_/input_Username_j_username'

2020-10-27 12:52:01 - [MESSAGE][PASSED] - Text ****** has been set on object 'Object Repository/Page_/input_Password_j_password'

2020-10-27 12:52:02 - [MESSAGE][PASSED] - Object: 'Object Repository/Page_/button_Login' is clicked on

2020-10-27 12:52:02 - [MESSAGE][PASSED] - Login IST with valid credentials

2020-10-27 12:52:02 - [TEST_STEP][PASSED] - Login Success for contract dispatcher: Login Success for contract dispatcher

2020-10-27 12:52:02 - [MESSAGE][INFO] - Login Success

2020-10-27 12:52:02 - [MESSAGE][PASSED] - Current window maximized

2020-10-27 12:52:02 - [MESSAGE][PASSED] - Object 'Object Repository/Page_/h1_Welcome to IT Supporting Tools' is present

2020-10-27 12:52:02 - [MESSAGE][PASSED] - Login Success for contract dispatcher

2020-10-27 12:52:02 - [TEST_STEP][PASSED] - Select Menu SLIK Gateway Customer: Select Menu SLIK Gateway Customer

2020-10-27 12:52:03 - [MESSAGE][PASSED] - Object '' is present

2020-10-27 12:52:03 - [MESSAGE][PASSED] - Object: '' is clicked on

2020-10-27 12:52:03 - [MESSAGE][PASSED] - Wait for page load successfully

2020-10-27 12:52:03 - [MESSAGE][PASSED] - Select Menu SLIK Gateway Customer

2020-10-27 12:52:03 - [TEST_STEP][PASSED] - Input Data KTP Number: Input Data KTP Number

2020-10-27 12:52:04 - [MESSAGE][PASSED] - Text '9999999999999999' is set on object ''

2020-10-27 12:52:04 - [MESSAGE][PASSED] - Input Data KTP Number

2020-10-27 12:52:04 - [TEST_STEP][PASSED] - Input Data "Name *" with value "OPEX TestingAuto" for Check SLIK: Input Data "Name *" with value "OPEX TestingAuto" for Check SLIK

2020-10-27 12:52:05 - [MESSAGE][PASSED] - Taking screenshot successfully
[[ATTACHMENT|/Users/chaidir.pratama01/Documents/Docs/Katalon Studio/Screenshot/slik.png]]

2020-10-27 12:52:05 - [MESSAGE][PASSED] - Object '' is visible

2020-10-27 12:52:06 - [MESSAGE][PASSED] - Object: '' is focused

2020-10-27 12:52:06 - [MESSAGE][PASSED] - Text 'OPEX TestingAuto' is set on object ''

2020-10-27 12:52:06 - [MESSAGE][PASSED] - Input Data "Name *" with value "OPEX TestingAuto" for Check SLIK

2020-10-27 12:52:06 - [TEST_STEP][PASSED] - Input Date of Birth "20-Feb-1990": Input Date of Birth "20-Feb-1990"

2020-10-27 12:52:07 - [MESSAGE][PASSED] - Text '20-Feb-1990' is set on object ''

2020-10-27 12:52:10 - [MESSAGE][PASSED] - Delayed 3 second(s)

2020-10-27 12:52:10 - [MESSAGE][PASSED] - Input Date of Birth "20-Feb-1990"

2020-10-27 12:52:10 - [TEST_STEP][PASSED] - Select Gender "Laki-laki": Select Gender "Laki-laki"

2020-10-27 12:52:11 - [MESSAGE][PASSED] - Object: '' is clicked on

2020-10-27 12:52:11 - [MESSAGE][PASSED] - Select Gender "Laki-laki"

2020-10-27 12:52:11 - [TEST_STEP][PASSED] - Select Purpose is "Penilaian Calon Kemitraan": Select Purpose is "Penilaian Calon Kemitraan"

2020-10-27 12:52:12 - [MESSAGE][PASSED] - All options with value 'Penilaian Calon Kemitraan' are selected in object ''  using regular expression

2020-10-27 12:52:12 - [MESSAGE][PASSED] - Select Purpose is "Penilaian Calon Kemitraan"

2020-10-27 12:52:12 - [TEST_STEP][PASSED] - Input Data "Place of Birth" with value "Jakarta" for Check SLIK: Input Data "Place of Birth" with value "Jakarta" for Check SLIK

2020-10-27 12:52:13 - [MESSAGE][PASSED] - Taking screenshot successfully
[[ATTACHMENT|/Users/chaidir.pratama01/Documents/Docs/Katalon Studio/Screenshot/slik.png]]

2020-10-27 12:52:13 - [MESSAGE][PASSED] - Object '' is visible

2020-10-27 12:52:13 - [MESSAGE][PASSED] - Object: '' is focused

2020-10-27 12:52:14 - [MESSAGE][PASSED] - Text 'Jakarta' is set on object ''

2020-10-27 12:52:14 - [MESSAGE][PASSED] - Input Data "Place of Birth" with value "Jakarta" for Check SLIK

2020-10-27 12:52:14 - [TEST_STEP][PASSED] - Input Data "Mother Maternity Name" with value "Tester Auto" for Check SLIK: Input Data "Mother Maternity Name" with value "Tester Auto" for Check SLIK

2020-10-27 12:52:15 - [MESSAGE][PASSED] - Taking screenshot successfully
[[ATTACHMENT|/Users/chaidir.pratama01/Documents/Docs/Katalon Studio/Screenshot/slik.png]]

2020-10-27 12:52:15 - [MESSAGE][PASSED] - Object '' is visible

2020-10-27 12:52:15 - [MESSAGE][PASSED] - Object: '' is focused

2020-10-27 12:52:16 - [MESSAGE][PASSED] - Text 'Tester Auto' is set on object ''

2020-10-27 12:52:16 - [MESSAGE][PASSED] - Input Data "Mother Maternity Name" with value "Tester Auto" for Check SLIK

2020-10-27 12:52:16 - [TEST_STEP][PASSED] - Input KTP Address "TESTING AUTO JAKARTA": Input KTP Address "TESTING AUTO JAKARTA"

2020-10-27 12:52:17 - [MESSAGE][PASSED] - Text 'TESTING AUTO JAKARTA' is set on object ''

2020-10-27 12:52:17 - [MESSAGE][PASSED] - Input KTP Address "TESTING AUTO JAKARTA"

2020-10-27 12:52:17 - [TEST_STEP][PASSED] - Click button "Check SLIK": Click button "Check SLIK"

2020-10-27 12:52:17 - [MESSAGE][INFO] - >>>>>//Button[contains(text(),'Check SLIK')]

2020-10-27 12:52:20 - [MESSAGE][PASSED] - Object: '' is clicked on

2020-10-27 12:52:20 - [MESSAGE][PASSED] - Click button "Check SLIK"

2020-10-27 12:52:20 - [TEST_STEP][PASSED] - Get text from pop up "Confirmation Submit Request" with text "Are you sure to submit this data ?": Get text from pop up "Confirmation Submit Request" with text "Are you sure to submit this data ?"

2020-10-27 12:52:21 - [MESSAGE][PASSED] - Taking screenshot successfully
[[ATTACHMENT|/Users/chaidir.pratama01/Documents/Docs/Katalon Studio/Screenshot/errorpopup.png]]

2020-10-27 12:52:21 - [MESSAGE][PASSED] - Object '' is present

2020-10-27 12:52:21 - [MESSAGE][PASSED] - Wait for page load successfully

2020-10-27 12:52:21 - [MESSAGE][PASSED] - Wait for page load successfully

2020-10-27 12:52:21 - [MESSAGE][PASSED] - Get text from pop up "Confirmation Submit Request" with text "Are you sure to submit this data ?"

2020-10-27 12:52:21 - [TEST_STEP][PASSED] - Click button "Yes": Click button "Yes"

2020-10-27 12:52:21 - [MESSAGE][INFO] - >>>>>//Button[contains(text(),'Yes')]

2020-10-27 12:52:25 - [MESSAGE][PASSED] - Object: '' is clicked on

2020-10-27 12:52:25 - [MESSAGE][PASSED] - Click button "Yes"

2020-10-27 12:52:25 - [TEST_STEP][PASSED] - Verify KTP Number Request Success: Verify KTP Number Request Success

2020-10-27 12:52:45 - [MESSAGE][PASSED] - Object '' is present

2020-10-27 12:52:45 - [MESSAGE][PASSED] - Verify KTP Number Request Success

2020-10-27 12:52:45 - [TEST_STEP][PASSED] - Click button "OK": Click button "OK"

2020-10-27 12:52:45 - [MESSAGE][INFO] - >>>>>//Button[contains(text(),'OK')]

2020-10-27 12:52:48 - [MESSAGE][PASSED] - Object: '' is clicked on

2020-10-27 12:52:48 - [MESSAGE][PASSED] - Click button "OK"

2020-10-27 12:52:48 - [TEST_STEP][PASSED] - Click button "Logout": Click button "Logout"

2020-10-27 12:52:48 - [MESSAGE][INFO] - >>>>>//Button[contains(text(),'Logout')]

2020-10-27 12:52:52 - [MESSAGE][PASSED] - Object: '' is clicked on

2020-10-27 12:52:52 - [MESSAGE][PASSED] - Click button "Logout"

2020-10-27 12:52:52 - [TEST_STEP][PASSED] - Close browser: Close browser

2020-10-27 12:52:52 - [MESSAGE][PASSED] - Browser is closed

2020-10-27 12:52:52 - [MESSAGE][PASSED] - Close browser

2020-10-27 12:52:52 - [MESSAGE][PASSED] - Feature file: 'Include/features/IST_Real/SLIK/SLIK Gateway Customer/SLIK Gateway Customer Checking.feature' was passed]]></system-out>
         <system-err><![CDATA[]]></system-err>
      </testcase>
      <testcase name="Test Cases/IST_Real/SLIK/SLIK_Gateway_Customer/SELECT KTP NUMBER CUSTOMER from DB" time="2.354" classname="Test Cases/IST_Real/SLIK/SLIK_Gateway_Customer/SELECT KTP NUMBER CUSTOMER from DB" status="PASSED">
         <system-out><![CDATA[2020-10-27 12:52:52 - [TEST_CASE][PASSED] - Test Cases/IST_Real/SLIK/SLIK_Gateway_Customer/SELECT KTP NUMBER CUSTOMER from DB: Test Cases/IST_Real/SLIK/SLIK_Gateway_Customer/SELECT KTP NUMBER CUSTOMER from DB

2020-10-27 12:52:52 - [TEST_STEP][PASSED] - runFeatureFile("Include/features/IST_Real/SLIK/SLIK Gateway Customer/SELECT_KTP_NUMBER_CUSTOMER_from_DB.feature"): Feature file: 'Include/features/IST_Real/SLIK/SLIK Gateway Customer/SELECT_KTP_NUMBER_CUSTOMER_from_DB.feature' was passed

2020-10-27 12:52:52 - [MESSAGE][INFO] - Starting run keyword runFeatureFile: 'Include/features/IST_Real/SLIK/SLIK Gateway Customer/SELECT_KTP_NUMBER_CUSTOMER_from_DB.feature' and extract report to folder: '/Users/chaidir.pratama01/Katalon Studio/IST_Automation_Git/Reports/20201027_125109/SLIK/TS_SLIK_Gateway_Customer/20201027_125109/cucumber_report/1603777972404'...

2020-10-27 12:52:52 - [TEST_CASE][PASSED] - Start Test Case : SCENARIO SELECT KTP Number Customer From Table SLIK_DATA_CUSTOMER: SCENARIO SELECT KTP Number Customer From Table SLIK_DATA_CUSTOMER

2020-10-27 12:52:52 - [TEST_STEP][PASSED] - Connect to Database: Connect to Database

2020-10-27 12:52:54 - [MESSAGE][PASSED] - Connect to Database

2020-10-27 12:52:54 - [TEST_STEP][PASSED] - Check KTP Number Customer in DB: Check KTP Number Customer in DB

2020-10-27 12:52:54 - [MESSAGE][PASSED] - Check KTP Number Customer in DB

2020-10-27 12:52:54 - [MESSAGE][PASSED] - Feature file: 'Include/features/IST_Real/SLIK/SLIK Gateway Customer/SELECT_KTP_NUMBER_CUSTOMER_from_DB.feature' was passed]]></system-out>
         <system-err><![CDATA[]]></system-err>
      </testcase>
      <testcase name="Test Cases/IST_Real/SLIK/SLIK_Gateway_Customer/SLIK Gateaway Customer Search By KTP" time="14.783" classname="Test Cases/IST_Real/SLIK/SLIK_Gateway_Customer/SLIK Gateaway Customer Search By KTP" status="PASSED">
         <system-out><![CDATA[2020-10-27 12:52:54 - [TEST_CASE][PASSED] - Test Cases/IST_Real/SLIK/SLIK_Gateway_Customer/SLIK Gateaway Customer Search By KTP: Test Cases/IST_Real/SLIK/SLIK_Gateway_Customer/SLIK Gateaway Customer Search By KTP

2020-10-27 12:52:54 - [TEST_STEP][PASSED] - runFeatureFile("Include/features/IST_Real/SLIK/SLIK Gateway Customer/SLIK_Gateaway_Customer_Search_By_KTP.feature"): Feature file: 'Include/features/IST_Real/SLIK/SLIK Gateway Customer/SLIK_Gateaway_Customer_Search_By_KTP.feature' was passed

2020-10-27 12:52:54 - [MESSAGE][INFO] - Starting run keyword runFeatureFile: 'Include/features/IST_Real/SLIK/SLIK Gateway Customer/SLIK_Gateaway_Customer_Search_By_KTP.feature' and extract report to folder: '/Users/chaidir.pratama01/Katalon Studio/IST_Automation_Git/Reports/20201027_125109/SLIK/TS_SLIK_Gateway_Customer/20201027_125109/cucumber_report/1603777974745'...

2020-10-27 12:52:54 - [TEST_CASE][PASSED] - Start Test Case : SCENARIO SLIK Gateway Customer Search Result: SCENARIO SLIK Gateway Customer Search Result

2020-10-27 12:52:54 - [TEST_STEP][PASSED] - Go to ISTools: Go to ISTools

2020-10-27 12:52:54 - [MESSAGE][INFO] - Starting 'Chrome' driver

2020-10-27 12:52:54 - [MESSAGE][INFO] - User set preference: ['AcceptInsecureCerts', 'true']

2020-10-27 12:52:54 - [MESSAGE][INFO] - User set preference: ['args', '[ignore-certificate-errors]']

2020-10-27 12:52:54 - [MESSAGE][INFO] - Action delay is set to 0 milliseconds

2020-10-27 12:52:56 - [MESSAGE][PASSED] - Browser is opened with url: ''

2020-10-27 12:52:57 - [MESSAGE][PASSED] - Navigate to 'https://id-ist01preprod.id.nonprod/ist/' successfully

2020-10-27 12:52:57 - [MESSAGE][PASSED] - Go to ISTools

2020-10-27 12:52:57 - [TEST_STEP][PASSED] - Login IST with valid credentials: Login IST with valid credentials

2020-10-27 12:52:57 - [MESSAGE][PASSED] - Text 'mobile.test' is set on object 'Object Repository/Page_/input_Username_j_username'

2020-10-27 12:52:58 - [MESSAGE][PASSED] - Text ****** has been set on object 'Object Repository/Page_/input_Password_j_password'

2020-10-27 12:52:58 - [MESSAGE][PASSED] - Object: 'Object Repository/Page_/button_Login' is clicked on

2020-10-27 12:52:58 - [MESSAGE][PASSED] - Login IST with valid credentials

2020-10-27 12:52:58 - [TEST_STEP][PASSED] - Login Success for contract dispatcher: Login Success for contract dispatcher

2020-10-27 12:52:58 - [MESSAGE][INFO] - Login Success

2020-10-27 12:52:59 - [MESSAGE][PASSED] - Current window maximized

2020-10-27 12:52:59 - [MESSAGE][PASSED] - Object 'Object Repository/Page_/h1_Welcome to IT Supporting Tools' is present

2020-10-27 12:52:59 - [MESSAGE][PASSED] - Login Success for contract dispatcher

2020-10-27 12:52:59 - [TEST_STEP][PASSED] - Select Menu SLIK Gateway Customer: Select Menu SLIK Gateway Customer

2020-10-27 12:52:59 - [MESSAGE][PASSED] - Object '' is present

2020-10-27 12:52:59 - [MESSAGE][PASSED] - Object: '' is clicked on

2020-10-27 12:52:59 - [MESSAGE][PASSED] - Wait for page load successfully

2020-10-27 12:52:59 - [MESSAGE][PASSED] - Select Menu SLIK Gateway Customer

2020-10-27 12:52:59 - [TEST_STEP][PASSED] - Input Data KTP Number for Search Result: Input Data KTP Number for Search Result

2020-10-27 12:53:00 - [MESSAGE][PASSED] - Scroll to object '' successfully

2020-10-27 12:53:01 - [MESSAGE][PASSED] - Text '9999999999999999' is set on object ''

2020-10-27 12:53:01 - [MESSAGE][PASSED] - Input Data KTP Number for Search Result

2020-10-27 12:53:01 - [TEST_STEP][PASSED] - Click button "Search": Click button "Search"

2020-10-27 12:53:01 - [MESSAGE][INFO] - >>>>>//Button[contains(text(),'Search')]

2020-10-27 12:53:04 - [MESSAGE][PASSED] - Object: '' is clicked on

2020-10-27 12:53:04 - [MESSAGE][PASSED] - Click button "Search"

2020-10-27 12:53:04 - [TEST_STEP][PASSED] - Verify Search Result with KTP Number: Verify Search Result with KTP Number

2020-10-27 12:53:05 - [MESSAGE][PASSED] - Object '' is present

2020-10-27 12:53:05 - [MESSAGE][PASSED] - Verify Search Result with KTP Number

2020-10-27 12:53:05 - [TEST_STEP][PASSED] - Verify Search Result data: Verify Search Result data

2020-10-27 12:53:05 - [MESSAGE][PASSED] - Scroll to object '' successfully

2020-10-27 12:53:05 - [MESSAGE][PASSED] - Object '' is present

2020-10-27 12:53:05 - [MESSAGE][PASSED] - Verify Search Result data

2020-10-27 12:53:05 - [TEST_STEP][PASSED] - Click button "Logout": Click button "Logout"

2020-10-27 12:53:05 - [MESSAGE][INFO] - >>>>>//Button[contains(text(),'Logout')]

2020-10-27 12:53:09 - [MESSAGE][PASSED] - Object: '' is clicked on

2020-10-27 12:53:09 - [MESSAGE][PASSED] - Click button "Logout"

2020-10-27 12:53:09 - [TEST_STEP][PASSED] - Close browser: Close browser

2020-10-27 12:53:09 - [MESSAGE][PASSED] - Browser is closed

2020-10-27 12:53:09 - [MESSAGE][PASSED] - Close browser

2020-10-27 12:53:09 - [MESSAGE][PASSED] - Feature file: 'Include/features/IST_Real/SLIK/SLIK Gateway Customer/SLIK_Gateaway_Customer_Search_By_KTP.feature' was passed]]></system-out>
         <system-err><![CDATA[]]></system-err>
      </testcase>
      <testcase name="Test Cases/IST_Real/SLIK/SLIK_Gateway_Customer/SLIK Gateway Customer Search By Status SUCCESS" time="15.451" classname="Test Cases/IST_Real/SLIK/SLIK_Gateway_Customer/SLIK Gateway Customer Search By Status SUCCESS" status="PASSED">
         <system-out><![CDATA[2020-10-27 12:53:09 - [TEST_CASE][PASSED] - Test Cases/IST_Real/SLIK/SLIK_Gateway_Customer/SLIK Gateway Customer Search By Status SUCCESS: Test Cases/IST_Real/SLIK/SLIK_Gateway_Customer/SLIK Gateway Customer Search By Status SUCCESS

2020-10-27 12:53:09 - [TEST_STEP][PASSED] - runFeatureFile("Include/features/IST_Real/SLIK/SLIK Gateway Customer/SLIK_Gateway_Customer_Search_By_Status_SUCCESS.feature"): Feature file: 'Include/features/IST_Real/SLIK/SLIK Gateway Customer/SLIK_Gateway_Customer_Search_By_Status_SUCCESS.feature' was passed

2020-10-27 12:53:09 - [MESSAGE][INFO] - Starting run keyword runFeatureFile: 'Include/features/IST_Real/SLIK/SLIK Gateway Customer/SLIK_Gateway_Customer_Search_By_Status_SUCCESS.feature' and extract report to folder: '/Users/chaidir.pratama01/Katalon Studio/IST_Automation_Git/Reports/20201027_125109/SLIK/TS_SLIK_Gateway_Customer/20201027_125109/cucumber_report/1603777989578'...

2020-10-27 12:53:09 - [TEST_CASE][PASSED] - Start Test Case : SCENARIO Search Result by Status: SCENARIO Search Result by Status

2020-10-27 12:53:09 - [TEST_STEP][PASSED] - Go to ISTools: Go to ISTools

2020-10-27 12:53:09 - [MESSAGE][INFO] - Starting 'Chrome' driver

2020-10-27 12:53:09 - [MESSAGE][INFO] - User set preference: ['AcceptInsecureCerts', 'true']

2020-10-27 12:53:09 - [MESSAGE][INFO] - User set preference: ['args', '[ignore-certificate-errors]']

2020-10-27 12:53:09 - [MESSAGE][INFO] - Action delay is set to 0 milliseconds

2020-10-27 12:53:10 - [MESSAGE][PASSED] - Browser is opened with url: ''

2020-10-27 12:53:11 - [MESSAGE][PASSED] - Navigate to 'https://id-ist01preprod.id.nonprod/ist/' successfully

2020-10-27 12:53:11 - [MESSAGE][PASSED] - Go to ISTools

2020-10-27 12:53:11 - [TEST_STEP][PASSED] - Login IST with valid credentials: Login IST with valid credentials

2020-10-27 12:53:12 - [MESSAGE][PASSED] - Text 'mobile.test' is set on object 'Object Repository/Page_/input_Username_j_username'

2020-10-27 12:53:12 - [MESSAGE][PASSED] - Text ****** has been set on object 'Object Repository/Page_/input_Password_j_password'

2020-10-27 12:53:13 - [MESSAGE][PASSED] - Object: 'Object Repository/Page_/button_Login' is clicked on

2020-10-27 12:53:13 - [MESSAGE][PASSED] - Login IST with valid credentials

2020-10-27 12:53:13 - [TEST_STEP][PASSED] - Login Success for contract dispatcher: Login Success for contract dispatcher

2020-10-27 12:53:13 - [MESSAGE][INFO] - Login Success

2020-10-27 12:53:13 - [MESSAGE][PASSED] - Current window maximized

2020-10-27 12:53:13 - [MESSAGE][PASSED] - Object 'Object Repository/Page_/h1_Welcome to IT Supporting Tools' is present

2020-10-27 12:53:13 - [MESSAGE][PASSED] - Login Success for contract dispatcher

2020-10-27 12:53:13 - [TEST_STEP][PASSED] - Select Menu SLIK Gateway Customer: Select Menu SLIK Gateway Customer

2020-10-27 12:53:14 - [MESSAGE][PASSED] - Object '' is present

2020-10-27 12:53:14 - [MESSAGE][PASSED] - Object: '' is clicked on

2020-10-27 12:53:14 - [MESSAGE][PASSED] - Wait for page load successfully

2020-10-27 12:53:14 - [MESSAGE][PASSED] - Select Menu SLIK Gateway Customer

2020-10-27 12:53:14 - [TEST_STEP][PASSED] - Select Status is "SUCCESS": Select Status is "SUCCESS"

2020-10-27 12:53:16 - [MESSAGE][PASSED] - All options with value 'SUCCESS' are selected in object ''  using regular expression

2020-10-27 12:53:16 - [MESSAGE][PASSED] - Select Status is "SUCCESS"

2020-10-27 12:53:16 - [TEST_STEP][PASSED] - Click button "Search": Click button "Search"

2020-10-27 12:53:16 - [MESSAGE][INFO] - >>>>>//Button[contains(text(),'Search')]

2020-10-27 12:53:19 - [MESSAGE][PASSED] - Object: '' is clicked on

2020-10-27 12:53:19 - [MESSAGE][PASSED] - Click button "Search"

2020-10-27 12:53:19 - [TEST_STEP][PASSED] - Verify Search Result Based on Result Status: Verify Search Result Based on Result Status

2020-10-27 12:53:20 - [MESSAGE][PASSED] - Scroll to object '' successfully

2020-10-27 12:53:20 - [MESSAGE][PASSED] - Actual text and expected text of test object '' are matched.

2020-10-27 12:53:21 - [MESSAGE][PASSED] - Text of object '' is: 'SUCCESS'

2020-10-27 12:53:21 - [MESSAGE][PASSED] - Text of object '' is: '9999999999999999'

2020-10-27 12:53:21 - [MESSAGE][PASSED] - Verify Search Result Based on Result Status

2020-10-27 12:53:21 - [TEST_STEP][PASSED] - Click button "Logout": Click button "Logout"

2020-10-27 12:53:21 - [MESSAGE][INFO] - >>>>>//Button[contains(text(),'Logout')]

2020-10-27 12:53:24 - [MESSAGE][PASSED] - Object: '' is clicked on

2020-10-27 12:53:24 - [MESSAGE][PASSED] - Click button "Logout"

2020-10-27 12:53:24 - [TEST_STEP][PASSED] - Close browser: Close browser

2020-10-27 12:53:24 - [MESSAGE][PASSED] - Browser is closed

2020-10-27 12:53:24 - [MESSAGE][PASSED] - Close browser

2020-10-27 12:53:24 - [MESSAGE][PASSED] - Feature file: 'Include/features/IST_Real/SLIK/SLIK Gateway Customer/SLIK_Gateway_Customer_Search_By_Status_SUCCESS.feature' was passed]]></system-out>
         <system-err><![CDATA[]]></system-err>
      </testcase>
      <testcase name="Test Cases/IST_Real/SLIK/SLIK_Gateway_Customer/SLIK Gateway Customer Search By Status FAILED" time="25.496" classname="Test Cases/IST_Real/SLIK/SLIK_Gateway_Customer/SLIK Gateway Customer Search By Status FAILED" status="PASSED">
         <system-out><![CDATA[2020-10-27 12:53:24 - [TEST_CASE][PASSED] - Test Cases/IST_Real/SLIK/SLIK_Gateway_Customer/SLIK Gateway Customer Search By Status FAILED: Test Cases/IST_Real/SLIK/SLIK_Gateway_Customer/SLIK Gateway Customer Search By Status FAILED

2020-10-27 12:53:24 - [TEST_STEP][PASSED] - runFeatureFile("Include/features/IST_Real/SLIK/SLIK Gateway Customer/SLIK_Gateway_Customer_Search_By_Status_FAILED.feature"): Feature file: 'Include/features/IST_Real/SLIK/SLIK Gateway Customer/SLIK_Gateway_Customer_Search_By_Status_FAILED.feature' was passed

2020-10-27 12:53:24 - [MESSAGE][INFO] - Starting run keyword runFeatureFile: 'Include/features/IST_Real/SLIK/SLIK Gateway Customer/SLIK_Gateway_Customer_Search_By_Status_FAILED.feature' and extract report to folder: '/Users/chaidir.pratama01/Katalon Studio/IST_Automation_Git/Reports/20201027_125109/SLIK/TS_SLIK_Gateway_Customer/20201027_125109/cucumber_report/1603778004995'...

2020-10-27 12:53:25 - [TEST_CASE][PASSED] - Start Test Case : SCENARIO Search Result by Status: SCENARIO Search Result by Status

2020-10-27 12:53:25 - [TEST_STEP][PASSED] - Go to ISTools: Go to ISTools

2020-10-27 12:53:25 - [MESSAGE][INFO] - Starting 'Chrome' driver

2020-10-27 12:53:25 - [MESSAGE][INFO] - User set preference: ['AcceptInsecureCerts', 'true']

2020-10-27 12:53:25 - [MESSAGE][INFO] - User set preference: ['args', '[ignore-certificate-errors]']

2020-10-27 12:53:25 - [MESSAGE][INFO] - Action delay is set to 0 milliseconds

2020-10-27 12:53:26 - [MESSAGE][PASSED] - Browser is opened with url: ''

2020-10-27 12:53:36 - [MESSAGE][PASSED] - Navigate to 'https://id-ist01preprod.id.nonprod/ist/' successfully

2020-10-27 12:53:36 - [MESSAGE][PASSED] - Go to ISTools

2020-10-27 12:53:36 - [TEST_STEP][PASSED] - Login IST with valid credentials: Login IST with valid credentials

2020-10-27 12:53:37 - [MESSAGE][PASSED] - Text 'mobile.test' is set on object 'Object Repository/Page_/input_Username_j_username'

2020-10-27 12:53:38 - [MESSAGE][PASSED] - Text ****** has been set on object 'Object Repository/Page_/input_Password_j_password'

2020-10-27 12:53:38 - [MESSAGE][PASSED] - Object: 'Object Repository/Page_/button_Login' is clicked on

2020-10-27 12:53:38 - [MESSAGE][PASSED] - Login IST with valid credentials

2020-10-27 12:53:38 - [TEST_STEP][PASSED] - Login Success for contract dispatcher: Login Success for contract dispatcher

2020-10-27 12:53:38 - [MESSAGE][INFO] - Login Success

2020-10-27 12:53:39 - [MESSAGE][PASSED] - Current window maximized

2020-10-27 12:53:39 - [MESSAGE][PASSED] - Object 'Object Repository/Page_/h1_Welcome to IT Supporting Tools' is present

2020-10-27 12:53:39 - [MESSAGE][PASSED] - Login Success for contract dispatcher

2020-10-27 12:53:39 - [TEST_STEP][PASSED] - Select Menu SLIK Gateway Customer: Select Menu SLIK Gateway Customer

2020-10-27 12:53:39 - [MESSAGE][PASSED] - Object '' is present

2020-10-27 12:53:40 - [MESSAGE][PASSED] - Object: '' is clicked on

2020-10-27 12:53:40 - [MESSAGE][PASSED] - Wait for page load successfully

2020-10-27 12:53:40 - [MESSAGE][PASSED] - Select Menu SLIK Gateway Customer

2020-10-27 12:53:40 - [TEST_STEP][PASSED] - Select Status is "FAILED": Select Status is "FAILED"

2020-10-27 12:53:41 - [MESSAGE][PASSED] - All options with value 'FAILED' are selected in object ''  using regular expression

2020-10-27 12:53:41 - [MESSAGE][PASSED] - Select Status is "FAILED"

2020-10-27 12:53:41 - [TEST_STEP][PASSED] - Click button "Search": Click button "Search"

2020-10-27 12:53:41 - [MESSAGE][INFO] - >>>>>//Button[contains(text(),'Search')]

2020-10-27 12:53:45 - [MESSAGE][PASSED] - Object: '' is clicked on

2020-10-27 12:53:45 - [MESSAGE][PASSED] - Click button "Search"

2020-10-27 12:53:45 - [TEST_STEP][PASSED] - Verify Search Result Based on Result Status: Verify Search Result Based on Result Status

2020-10-27 12:53:45 - [MESSAGE][PASSED] - Scroll to object '' successfully

2020-10-27 12:53:46 - [MESSAGE][PASSED] - Actual text and expected text of test object '' are matched.

2020-10-27 12:53:46 - [MESSAGE][PASSED] - Text of object '' is: 'FAILED'

2020-10-27 12:53:46 - [MESSAGE][PASSED] - Text of object '' is: '9999999999999999'

2020-10-27 12:53:46 - [MESSAGE][PASSED] - Verify Search Result Based on Result Status

2020-10-27 12:53:46 - [TEST_STEP][PASSED] - Click button "Logout": Click button "Logout"

2020-10-27 12:53:46 - [MESSAGE][INFO] - >>>>>//Button[contains(text(),'Logout')]

2020-10-27 12:53:50 - [MESSAGE][PASSED] - Object: '' is clicked on

2020-10-27 12:53:50 - [MESSAGE][PASSED] - Click button "Logout"

2020-10-27 12:53:50 - [TEST_STEP][PASSED] - Close browser: Close browser

2020-10-27 12:53:50 - [MESSAGE][PASSED] - Browser is closed

2020-10-27 12:53:50 - [MESSAGE][PASSED] - Close browser

2020-10-27 12:53:50 - [MESSAGE][PASSED] - Feature file: 'Include/features/IST_Real/SLIK/SLIK Gateway Customer/SLIK_Gateway_Customer_Search_By_Status_FAILED.feature' was passed]]></system-out>
         <system-err><![CDATA[]]></system-err>
      </testcase>
      <testcase name="Test Cases/IST_Real/SLIK/SLIK_Gateway_Customer/SLIK Gateway Customer Search By DateStart DateEnd" time="17.229" classname="Test Cases/IST_Real/SLIK/SLIK_Gateway_Customer/SLIK Gateway Customer Search By DateStart DateEnd" status="PASSED">
         <system-out><![CDATA[2020-10-27 12:53:50 - [TEST_CASE][PASSED] - Test Cases/IST_Real/SLIK/SLIK_Gateway_Customer/SLIK Gateway Customer Search By DateStart DateEnd: Test Cases/IST_Real/SLIK/SLIK_Gateway_Customer/SLIK Gateway Customer Search By DateStart DateEnd

2020-10-27 12:53:50 - [TEST_STEP][PASSED] - runFeatureFile("Include/features/IST_Real/SLIK/SLIK Gateway Customer/SLIK_Gateway_Customer_Search_By_DateStart_DateEnd.feature"): Feature file: 'Include/features/IST_Real/SLIK/SLIK Gateway Customer/SLIK_Gateway_Customer_Search_By_DateStart_DateEnd.feature' was passed

2020-10-27 12:53:50 - [MESSAGE][INFO] - Starting run keyword runFeatureFile: 'Include/features/IST_Real/SLIK/SLIK Gateway Customer/SLIK_Gateway_Customer_Search_By_DateStart_DateEnd.feature' and extract report to folder: '/Users/chaidir.pratama01/Katalon Studio/IST_Automation_Git/Reports/20201027_125109/SLIK/TS_SLIK_Gateway_Customer/20201027_125109/cucumber_report/1603778030501'...

2020-10-27 12:53:50 - [TEST_CASE][PASSED] - Start Test Case : SCENARIO Search Result by Date Start and Date End: SCENARIO Search Result by Date Start and Date End

2020-10-27 12:53:50 - [TEST_STEP][PASSED] - Go to ISTools: Go to ISTools

2020-10-27 12:53:50 - [MESSAGE][INFO] - Starting 'Chrome' driver

2020-10-27 12:53:50 - [MESSAGE][INFO] - User set preference: ['AcceptInsecureCerts', 'true']

2020-10-27 12:53:50 - [MESSAGE][INFO] - User set preference: ['args', '[ignore-certificate-errors]']

2020-10-27 12:53:50 - [MESSAGE][INFO] - Action delay is set to 0 milliseconds

2020-10-27 12:53:51 - [MESSAGE][PASSED] - Browser is opened with url: ''

2020-10-27 12:53:52 - [MESSAGE][PASSED] - Navigate to 'https://id-ist01preprod.id.nonprod/ist/' successfully

2020-10-27 12:53:52 - [MESSAGE][PASSED] - Go to ISTools

2020-10-27 12:53:52 - [TEST_STEP][PASSED] - Login IST with valid credentials: Login IST with valid credentials

2020-10-27 12:53:53 - [MESSAGE][PASSED] - Text 'mobile.test' is set on object 'Object Repository/Page_/input_Username_j_username'

2020-10-27 12:53:53 - [MESSAGE][PASSED] - Text ****** has been set on object 'Object Repository/Page_/input_Password_j_password'

2020-10-27 12:53:54 - [MESSAGE][PASSED] - Object: 'Object Repository/Page_/button_Login' is clicked on

2020-10-27 12:53:54 - [MESSAGE][PASSED] - Login IST with valid credentials

2020-10-27 12:53:54 - [TEST_STEP][PASSED] - Login Success for contract dispatcher: Login Success for contract dispatcher

2020-10-27 12:53:54 - [MESSAGE][INFO] - Login Success

2020-10-27 12:53:54 - [MESSAGE][PASSED] - Current window maximized

2020-10-27 12:53:55 - [MESSAGE][PASSED] - Object 'Object Repository/Page_/h1_Welcome to IT Supporting Tools' is present

2020-10-27 12:53:55 - [MESSAGE][PASSED] - Login Success for contract dispatcher

2020-10-27 12:53:55 - [TEST_STEP][PASSED] - Select Menu SLIK Gateway Customer: Select Menu SLIK Gateway Customer

2020-10-27 12:53:55 - [MESSAGE][PASSED] - Object '' is present

2020-10-27 12:53:55 - [MESSAGE][PASSED] - Object: '' is clicked on

2020-10-27 12:53:55 - [MESSAGE][PASSED] - Wait for page load successfully

2020-10-27 12:53:55 - [MESSAGE][PASSED] - Select Menu SLIK Gateway Customer

2020-10-27 12:53:55 - [TEST_STEP][PASSED] - Set Start Date with value "01-10-2020" and End Date with value "30-12-2020": Set Start Date with value "01-10-2020" and End Date with value "30-12-2020"

2020-10-27 12:53:56 - [MESSAGE][PASSED] - Scroll to object '' successfully

2020-10-27 12:53:57 - [MESSAGE][PASSED] - Object '' is present

2020-10-27 12:53:57 - [MESSAGE][PASSED] - Text '01-10-2020' is set on object ''

2020-10-27 12:53:57 - [MESSAGE][PASSED] - Object '' is present

2020-10-27 12:53:58 - [MESSAGE][PASSED] - Text '30-12-2020' is set on object ''

2020-10-27 12:53:58 - [MESSAGE][PASSED] - Set Start Date with value "01-10-2020" and End Date with value "30-12-2020"

2020-10-27 12:53:58 - [TEST_STEP][PASSED] - Click button "Search": Click button "Search"

2020-10-27 12:53:58 - [MESSAGE][INFO] - >>>>>//Button[contains(text(),'Search')]

2020-10-27 12:54:02 - [MESSAGE][PASSED] - Object: '' is clicked on

2020-10-27 12:54:02 - [MESSAGE][PASSED] - Click button "Search"

2020-10-27 12:54:02 - [TEST_STEP][PASSED] - Verify Search Result Based on Created Date: Verify Search Result Based on Created Date

2020-10-27 12:54:02 - [MESSAGE][PASSED] - Object '' is present

2020-10-27 12:54:03 - [MESSAGE][PASSED] - Text of object '' is: '27 October 2020 12:46:49'

2020-10-27 12:54:03 - [MESSAGE][PASSED] - Verify Search Result Based on Created Date

2020-10-27 12:54:03 - [TEST_STEP][PASSED] - Verify Search Result Based on Result Status: Verify Search Result Based on Result Status

2020-10-27 12:54:03 - [MESSAGE][PASSED] - Scroll to object '' successfully

2020-10-27 12:54:03 - [MESSAGE][PASSED] - Text of object '' is: 'FAILED'

2020-10-27 12:54:03 - [MESSAGE][PASSED] - Text of object '' is: '9999999999999999'

2020-10-27 12:54:03 - [MESSAGE][PASSED] - Verify Search Result Based on Result Status

2020-10-27 12:54:03 - [TEST_STEP][PASSED] - Click button "Logout": Click button "Logout"

2020-10-27 12:54:03 - [MESSAGE][INFO] - >>>>>//Button[contains(text(),'Logout')]

2020-10-27 12:54:07 - [MESSAGE][PASSED] - Object: '' is clicked on

2020-10-27 12:54:07 - [MESSAGE][PASSED] - Click button "Logout"

2020-10-27 12:54:07 - [TEST_STEP][PASSED] - Close browser: Close browser

2020-10-27 12:54:07 - [MESSAGE][PASSED] - Browser is closed

2020-10-27 12:54:07 - [MESSAGE][PASSED] - Close browser

2020-10-27 12:54:07 - [MESSAGE][PASSED] - Feature file: 'Include/features/IST_Real/SLIK/SLIK Gateway Customer/SLIK_Gateway_Customer_Search_By_DateStart_DateEnd.feature' was passed]]></system-out>
         <system-err><![CDATA[]]></system-err>
      </testcase>
      <testcase name="Test Cases/IST_Real/SLIK/SLIK_Gateway_Customer/SLIK Gateway Customer Search By DateStart ONLY" time="21.672" classname="Test Cases/IST_Real/SLIK/SLIK_Gateway_Customer/SLIK Gateway Customer Search By DateStart ONLY" status="PASSED">
         <system-out><![CDATA[2020-10-27 12:54:07 - [TEST_CASE][PASSED] - Test Cases/IST_Real/SLIK/SLIK_Gateway_Customer/SLIK Gateway Customer Search By DateStart ONLY: Test Cases/IST_Real/SLIK/SLIK_Gateway_Customer/SLIK Gateway Customer Search By DateStart ONLY

2020-10-27 12:54:07 - [TEST_STEP][PASSED] - runFeatureFile("Include/features/IST_Real/SLIK/SLIK Gateway Customer/SLIK_Gateway_Customer_Search_By_DateStart_ONLY.feature"): Feature file: 'Include/features/IST_Real/SLIK/SLIK Gateway Customer/SLIK_Gateway_Customer_Search_By_DateStart_ONLY.feature' was passed

2020-10-27 12:54:07 - [MESSAGE][INFO] - Starting run keyword runFeatureFile: 'Include/features/IST_Real/SLIK/SLIK Gateway Customer/SLIK_Gateway_Customer_Search_By_DateStart_ONLY.feature' and extract report to folder: '/Users/chaidir.pratama01/Katalon Studio/IST_Automation_Git/Reports/20201027_125109/SLIK/TS_SLIK_Gateway_Customer/20201027_125109/cucumber_report/1603778047721'...

2020-10-27 12:54:07 - [TEST_CASE][PASSED] - Start Test Case : SCENARIO Search Result by Date Start ONLY: SCENARIO Search Result by Date Start ONLY

2020-10-27 12:54:07 - [TEST_STEP][PASSED] - Go to ISTools: Go to ISTools

2020-10-27 12:54:07 - [MESSAGE][INFO] - Starting 'Chrome' driver

2020-10-27 12:54:07 - [MESSAGE][INFO] - User set preference: ['AcceptInsecureCerts', 'true']

2020-10-27 12:54:07 - [MESSAGE][INFO] - User set preference: ['args', '[ignore-certificate-errors]']

2020-10-27 12:54:07 - [MESSAGE][INFO] - Action delay is set to 0 milliseconds

2020-10-27 12:54:09 - [MESSAGE][PASSED] - Browser is opened with url: ''

2020-10-27 12:54:10 - [MESSAGE][PASSED] - Navigate to 'https://id-ist01preprod.id.nonprod/ist/' successfully

2020-10-27 12:54:10 - [MESSAGE][PASSED] - Go to ISTools

2020-10-27 12:54:10 - [TEST_STEP][PASSED] - Login IST with valid credentials: Login IST with valid credentials

2020-10-27 12:54:10 - [MESSAGE][PASSED] - Text 'mobile.test' is set on object 'Object Repository/Page_/input_Username_j_username'

2020-10-27 12:54:11 - [MESSAGE][PASSED] - Text ****** has been set on object 'Object Repository/Page_/input_Password_j_password'

2020-10-27 12:54:11 - [MESSAGE][PASSED] - Object: 'Object Repository/Page_/button_Login' is clicked on

2020-10-27 12:54:11 - [MESSAGE][PASSED] - Login IST with valid credentials

2020-10-27 12:54:11 - [TEST_STEP][PASSED] - Login Success for contract dispatcher: Login Success for contract dispatcher

2020-10-27 12:54:11 - [MESSAGE][INFO] - Login Success

2020-10-27 12:54:12 - [MESSAGE][PASSED] - Current window maximized

2020-10-27 12:54:12 - [MESSAGE][PASSED] - Object 'Object Repository/Page_/h1_Welcome to IT Supporting Tools' is present

2020-10-27 12:54:12 - [MESSAGE][PASSED] - Login Success for contract dispatcher

2020-10-27 12:54:12 - [TEST_STEP][PASSED] - Select Menu SLIK Gateway Customer: Select Menu SLIK Gateway Customer

2020-10-27 12:54:12 - [MESSAGE][PASSED] - Object '' is present

2020-10-27 12:54:12 - [MESSAGE][PASSED] - Object: '' is clicked on

2020-10-27 12:54:12 - [MESSAGE][PASSED] - Wait for page load successfully

2020-10-27 12:54:12 - [MESSAGE][PASSED] - Select Menu SLIK Gateway Customer

2020-10-27 12:54:12 - [TEST_STEP][PASSED] - Set Start Date with value "01-10-2020" and End Date with value "": Set Start Date with value "01-10-2020" and End Date with value ""

2020-10-27 12:54:15 - [MESSAGE][PASSED] - Scroll to object '' successfully

2020-10-27 12:54:15 - [MESSAGE][PASSED] - Object '' is present

2020-10-27 12:54:16 - [MESSAGE][PASSED] - Text '01-10-2020' is set on object ''

2020-10-27 12:54:16 - [MESSAGE][PASSED] - Object '' is present

2020-10-27 12:54:17 - [MESSAGE][PASSED] - Text '' is set on object ''

2020-10-27 12:54:17 - [MESSAGE][PASSED] - Set Start Date with value "01-10-2020" and End Date with value ""

2020-10-27 12:54:17 - [TEST_STEP][PASSED] - Click button "Search": Click button "Search"

2020-10-27 12:54:17 - [MESSAGE][INFO] - >>>>>//Button[contains(text(),'Search')]

2020-10-27 12:54:20 - [MESSAGE][PASSED] - Object: '' is clicked on

2020-10-27 12:54:20 - [MESSAGE][PASSED] - Click button "Search"

2020-10-27 12:54:20 - [TEST_STEP][PASSED] - Get text from pop up "Error Message" with text "Error : End Date is mandatory !": Get text from pop up "Error Message" with text "Error : End Date is mandatory !"

2020-10-27 12:54:21 - [MESSAGE][PASSED] - Taking screenshot successfully
[[ATTACHMENT|/Users/chaidir.pratama01/Documents/Docs/Katalon Studio/Screenshot/errorpopup.png]]

2020-10-27 12:54:21 - [MESSAGE][PASSED] - Object '' is present

2020-10-27 12:54:21 - [MESSAGE][PASSED] - Wait for page load successfully

2020-10-27 12:54:21 - [MESSAGE][PASSED] - Wait for page load successfully

2020-10-27 12:54:21 - [MESSAGE][PASSED] - Get text from pop up "Error Message" with text "Error : End Date is mandatory !"

2020-10-27 12:54:21 - [TEST_STEP][PASSED] - Click button "OK": Click button "OK"

2020-10-27 12:54:21 - [MESSAGE][INFO] - >>>>>//Button[contains(text(),'OK')]

2020-10-27 12:54:25 - [MESSAGE][PASSED] - Object: '' is clicked on

2020-10-27 12:54:25 - [MESSAGE][PASSED] - Click button "OK"

2020-10-27 12:54:25 - [TEST_STEP][PASSED] - Get Error Notification "Error : Error : End Date is mandatory !": Get Error Notification "Error : Error : End Date is mandatory !"

2020-10-27 12:54:25 - [MESSAGE][PASSED] - Object '' is present

2020-10-27 12:54:25 - [MESSAGE][PASSED] - Get Error Notification "Error : Error : End Date is mandatory !"

2020-10-27 12:54:25 - [TEST_STEP][PASSED] - Click button "Logout": Click button "Logout"

2020-10-27 12:54:25 - [MESSAGE][INFO] - >>>>>//Button[contains(text(),'Logout')]

2020-10-27 12:54:29 - [MESSAGE][PASSED] - Object: '' is clicked on

2020-10-27 12:54:29 - [MESSAGE][PASSED] - Click button "Logout"

2020-10-27 12:54:29 - [TEST_STEP][PASSED] - Close browser: Close browser

2020-10-27 12:54:29 - [MESSAGE][PASSED] - Browser is closed

2020-10-27 12:54:29 - [MESSAGE][PASSED] - Close browser

2020-10-27 12:54:29 - [MESSAGE][PASSED] - Feature file: 'Include/features/IST_Real/SLIK/SLIK Gateway Customer/SLIK_Gateway_Customer_Search_By_DateStart_ONLY.feature' was passed]]></system-out>
         <system-err><![CDATA[]]></system-err>
      </testcase>
      <testcase name="Test Cases/IST_Real/SLIK/SLIK_Gateway_Customer/SLIK Gateway Customer Search By DateEnd ONLY" time="20.687" classname="Test Cases/IST_Real/SLIK/SLIK_Gateway_Customer/SLIK Gateway Customer Search By DateEnd ONLY" status="PASSED">
         <system-out><![CDATA[2020-10-27 12:54:29 - [TEST_CASE][PASSED] - Test Cases/IST_Real/SLIK/SLIK_Gateway_Customer/SLIK Gateway Customer Search By DateEnd ONLY: Test Cases/IST_Real/SLIK/SLIK_Gateway_Customer/SLIK Gateway Customer Search By DateEnd ONLY

2020-10-27 12:54:29 - [TEST_STEP][PASSED] - runFeatureFile("Include/features/IST_Real/SLIK/SLIK Gateway Customer/SLIK_Gateway_Customer_Search_By_DateEnd_ONLY.feature"): Feature file: 'Include/features/IST_Real/SLIK/SLIK Gateway Customer/SLIK_Gateway_Customer_Search_By_DateEnd_ONLY.feature' was passed

2020-10-27 12:54:29 - [MESSAGE][INFO] - Starting run keyword runFeatureFile: 'Include/features/IST_Real/SLIK/SLIK Gateway Customer/SLIK_Gateway_Customer_Search_By_DateEnd_ONLY.feature' and extract report to folder: '/Users/chaidir.pratama01/Katalon Studio/IST_Automation_Git/Reports/20201027_125109/SLIK/TS_SLIK_Gateway_Customer/20201027_125109/cucumber_report/1603778069400'...

2020-10-27 12:54:29 - [TEST_CASE][PASSED] - Start Test Case : SCENARIO Search Result by Date End ONLY: SCENARIO Search Result by Date End ONLY

2020-10-27 12:54:29 - [TEST_STEP][PASSED] - Go to ISTools: Go to ISTools

2020-10-27 12:54:29 - [MESSAGE][INFO] - Starting 'Chrome' driver

2020-10-27 12:54:29 - [MESSAGE][INFO] - User set preference: ['AcceptInsecureCerts', 'true']

2020-10-27 12:54:29 - [MESSAGE][INFO] - User set preference: ['args', '[ignore-certificate-errors]']

2020-10-27 12:54:29 - [MESSAGE][INFO] - Action delay is set to 0 milliseconds

2020-10-27 12:54:30 - [MESSAGE][PASSED] - Browser is opened with url: ''

2020-10-27 12:54:32 - [MESSAGE][PASSED] - Navigate to 'https://id-ist01preprod.id.nonprod/ist/' successfully

2020-10-27 12:54:32 - [MESSAGE][PASSED] - Go to ISTools

2020-10-27 12:54:32 - [TEST_STEP][PASSED] - Login IST with valid credentials: Login IST with valid credentials

2020-10-27 12:54:32 - [MESSAGE][PASSED] - Text 'mobile.test' is set on object 'Object Repository/Page_/input_Username_j_username'

2020-10-27 12:54:33 - [MESSAGE][PASSED] - Text ****** has been set on object 'Object Repository/Page_/input_Password_j_password'

2020-10-27 12:54:34 - [MESSAGE][PASSED] - Object: 'Object Repository/Page_/button_Login' is clicked on

2020-10-27 12:54:34 - [MESSAGE][PASSED] - Login IST with valid credentials

2020-10-27 12:54:34 - [TEST_STEP][PASSED] - Login Success for contract dispatcher: Login Success for contract dispatcher

2020-10-27 12:54:34 - [MESSAGE][INFO] - Login Success

2020-10-27 12:54:34 - [MESSAGE][PASSED] - Current window maximized

2020-10-27 12:54:34 - [MESSAGE][PASSED] - Object 'Object Repository/Page_/h1_Welcome to IT Supporting Tools' is present

2020-10-27 12:54:34 - [MESSAGE][PASSED] - Login Success for contract dispatcher

2020-10-27 12:54:34 - [TEST_STEP][PASSED] - Select Menu SLIK Gateway Customer: Select Menu SLIK Gateway Customer

2020-10-27 12:54:34 - [MESSAGE][PASSED] - Object '' is present

2020-10-27 12:54:35 - [MESSAGE][PASSED] - Object: '' is clicked on

2020-10-27 12:54:35 - [MESSAGE][PASSED] - Wait for page load successfully

2020-10-27 12:54:35 - [MESSAGE][PASSED] - Select Menu SLIK Gateway Customer

2020-10-27 12:54:35 - [TEST_STEP][PASSED] - Set Start Date with value "" and End Date with value "30-12-2020": Set Start Date with value "" and End Date with value "30-12-2020"

2020-10-27 12:54:35 - [MESSAGE][PASSED] - Scroll to object '' successfully

2020-10-27 12:54:36 - [MESSAGE][PASSED] - Object '' is present

2020-10-27 12:54:36 - [MESSAGE][PASSED] - Text '' is set on object ''

2020-10-27 12:54:36 - [MESSAGE][PASSED] - Object '' is present

2020-10-27 12:54:37 - [MESSAGE][PASSED] - Text '30-12-2020' is set on object ''

2020-10-27 12:54:37 - [MESSAGE][PASSED] - Set Start Date with value "" and End Date with value "30-12-2020"

2020-10-27 12:54:37 - [TEST_STEP][PASSED] - Click button "Search": Click button "Search"

2020-10-27 12:54:37 - [MESSAGE][INFO] - >>>>>//Button[contains(text(),'Search')]

2020-10-27 12:54:41 - [MESSAGE][PASSED] - Object: '' is clicked on

2020-10-27 12:54:41 - [MESSAGE][PASSED] - Click button "Search"

2020-10-27 12:54:41 - [TEST_STEP][PASSED] - Get text from pop up "Error Message" with text "Error : Start Date is mandatory !": Get text from pop up "Error Message" with text "Error : Start Date is mandatory !"

2020-10-27 12:54:42 - [MESSAGE][PASSED] - Taking screenshot successfully
[[ATTACHMENT|/Users/chaidir.pratama01/Documents/Docs/Katalon Studio/Screenshot/errorpopup.png]]

2020-10-27 12:54:42 - [MESSAGE][PASSED] - Object '' is present

2020-10-27 12:54:42 - [MESSAGE][PASSED] - Wait for page load successfully

2020-10-27 12:54:42 - [MESSAGE][PASSED] - Wait for page load successfully

2020-10-27 12:54:42 - [MESSAGE][PASSED] - Get text from pop up "Error Message" with text "Error : Start Date is mandatory !"

2020-10-27 12:54:42 - [TEST_STEP][PASSED] - Click button "OK": Click button "OK"

2020-10-27 12:54:42 - [MESSAGE][INFO] - >>>>>//Button[contains(text(),'OK')]

2020-10-27 12:54:45 - [MESSAGE][PASSED] - Object: '' is clicked on

2020-10-27 12:54:45 - [MESSAGE][PASSED] - Click button "OK"

2020-10-27 12:54:45 - [TEST_STEP][PASSED] - Get Error Notification "Error : Start Date is mandatory !": Get Error Notification "Error : Start Date is mandatory !"

2020-10-27 12:54:46 - [MESSAGE][PASSED] - Object '' is present

2020-10-27 12:54:46 - [MESSAGE][PASSED] - Get Error Notification "Error : Start Date is mandatory !"

2020-10-27 12:54:46 - [TEST_STEP][PASSED] - Click button "Logout": Click button "Logout"

2020-10-27 12:54:46 - [MESSAGE][INFO] - >>>>>//Button[contains(text(),'Logout')]

2020-10-27 12:54:49 - [MESSAGE][PASSED] - Object: '' is clicked on

2020-10-27 12:54:49 - [MESSAGE][PASSED] - Click button "Logout"

2020-10-27 12:54:49 - [TEST_STEP][PASSED] - Close browser: Close browser

2020-10-27 12:54:49 - [MESSAGE][PASSED] - Browser is closed

2020-10-27 12:54:49 - [MESSAGE][PASSED] - Close browser

2020-10-27 12:54:49 - [MESSAGE][PASSED] - Feature file: 'Include/features/IST_Real/SLIK/SLIK Gateway Customer/SLIK_Gateway_Customer_Search_By_DateEnd_ONLY.feature' was passed]]></system-out>
         <system-err><![CDATA[]]></system-err>
      </testcase>
      <testcase name="Test Cases/IST_Real/SLIK/SLIK_Gateway_Customer/SLIK Gateway Customer View Detail when Status SUCCESS" time="18.739" classname="Test Cases/IST_Real/SLIK/SLIK_Gateway_Customer/SLIK Gateway Customer View Detail when Status SUCCESS" status="PASSED">
         <system-out><![CDATA[2020-10-27 12:54:50 - [TEST_CASE][PASSED] - Test Cases/IST_Real/SLIK/SLIK_Gateway_Customer/SLIK Gateway Customer View Detail when Status SUCCESS: Test Cases/IST_Real/SLIK/SLIK_Gateway_Customer/SLIK Gateway Customer View Detail when Status SUCCESS

2020-10-27 12:54:50 - [TEST_STEP][PASSED] - runFeatureFile("Include/features/IST_Real/SLIK/SLIK Gateway Customer/SLIK_Gateway_Customer_View_Detail_when_Status_SUCCESS.feature"): Feature file: 'Include/features/IST_Real/SLIK/SLIK Gateway Customer/SLIK_Gateway_Customer_View_Detail_when_Status_SUCCESS.feature' was passed

2020-10-27 12:54:50 - [MESSAGE][INFO] - Starting run keyword runFeatureFile: 'Include/features/IST_Real/SLIK/SLIK Gateway Customer/SLIK_Gateway_Customer_View_Detail_when_Status_SUCCESS.feature' and extract report to folder: '/Users/chaidir.pratama01/Katalon Studio/IST_Automation_Git/Reports/20201027_125109/SLIK/TS_SLIK_Gateway_Customer/20201027_125109/cucumber_report/1603778090087'...

2020-10-27 12:54:50 - [TEST_CASE][PASSED] - Start Test Case : SCENARIO SLIK Gateway Customer View Detail Link: SCENARIO SLIK Gateway Customer View Detail Link

2020-10-27 12:54:50 - [TEST_STEP][PASSED] - Go to ISTools: Go to ISTools

2020-10-27 12:54:50 - [MESSAGE][INFO] - Starting 'Chrome' driver

2020-10-27 12:54:50 - [MESSAGE][INFO] - User set preference: ['AcceptInsecureCerts', 'true']

2020-10-27 12:54:50 - [MESSAGE][INFO] - User set preference: ['args', '[ignore-certificate-errors]']

2020-10-27 12:54:50 - [MESSAGE][INFO] - Action delay is set to 0 milliseconds

2020-10-27 12:54:51 - [MESSAGE][PASSED] - Browser is opened with url: ''

2020-10-27 12:54:53 - [MESSAGE][PASSED] - Navigate to 'https://id-ist01preprod.id.nonprod/ist/' successfully

2020-10-27 12:54:53 - [MESSAGE][PASSED] - Go to ISTools

2020-10-27 12:54:53 - [TEST_STEP][PASSED] - Login IST with valid credentials: Login IST with valid credentials

2020-10-27 12:54:53 - [MESSAGE][PASSED] - Text 'mobile.test' is set on object 'Object Repository/Page_/input_Username_j_username'

2020-10-27 12:54:54 - [MESSAGE][PASSED] - Text ****** has been set on object 'Object Repository/Page_/input_Password_j_password'

2020-10-27 12:54:54 - [MESSAGE][PASSED] - Object: 'Object Repository/Page_/button_Login' is clicked on

2020-10-27 12:54:54 - [MESSAGE][PASSED] - Login IST with valid credentials

2020-10-27 12:54:54 - [TEST_STEP][PASSED] - Login Success for contract dispatcher: Login Success for contract dispatcher

2020-10-27 12:54:54 - [MESSAGE][INFO] - Login Success

2020-10-27 12:54:55 - [MESSAGE][PASSED] - Current window maximized

2020-10-27 12:54:55 - [MESSAGE][PASSED] - Object 'Object Repository/Page_/h1_Welcome to IT Supporting Tools' is present

2020-10-27 12:54:55 - [MESSAGE][PASSED] - Login Success for contract dispatcher

2020-10-27 12:54:55 - [TEST_STEP][PASSED] - Select Menu SLIK Gateway Customer: Select Menu SLIK Gateway Customer

2020-10-27 12:54:55 - [MESSAGE][PASSED] - Object '' is present

2020-10-27 12:54:55 - [MESSAGE][PASSED] - Object: '' is clicked on

2020-10-27 12:54:55 - [MESSAGE][PASSED] - Wait for page load successfully

2020-10-27 12:54:55 - [MESSAGE][PASSED] - Select Menu SLIK Gateway Customer

2020-10-27 12:54:55 - [TEST_STEP][PASSED] - Select Status is "SUCCESS": Select Status is "SUCCESS"

2020-10-27 12:54:57 - [MESSAGE][PASSED] - All options with value 'SUCCESS' are selected in object ''  using regular expression

2020-10-27 12:54:57 - [MESSAGE][PASSED] - Select Status is "SUCCESS"

2020-10-27 12:54:57 - [TEST_STEP][PASSED] - Click button "Search": Click button "Search"

2020-10-27 12:54:57 - [MESSAGE][INFO] - >>>>>//Button[contains(text(),'Search')]

2020-10-27 12:55:00 - [MESSAGE][PASSED] - Object: '' is clicked on

2020-10-27 12:55:00 - [MESSAGE][PASSED] - Click button "Search"

2020-10-27 12:55:00 - [TEST_STEP][PASSED] - Verify Search Result Based on Result Status: Verify Search Result Based on Result Status

2020-10-27 12:55:00 - [MESSAGE][PASSED] - Scroll to object '' successfully

2020-10-27 12:55:01 - [MESSAGE][PASSED] - Actual text and expected text of test object '' are matched.

2020-10-27 12:55:01 - [MESSAGE][PASSED] - Text of object '' is: 'SUCCESS'

2020-10-27 12:55:01 - [MESSAGE][PASSED] - Text of object '' is: '9999999999999999'

2020-10-27 12:55:01 - [MESSAGE][PASSED] - Verify Search Result Based on Result Status

2020-10-27 12:55:01 - [TEST_STEP][PASSED] - Click View Detail Link: Click View Detail Link

2020-10-27 12:55:02 - [MESSAGE][PASSED] - Object '' is present

2020-10-27 12:55:02 - [MESSAGE][PASSED] - Object: '' is clicked on

2020-10-27 12:55:02 - [MESSAGE][PASSED] - Click View Detail Link

2020-10-27 12:55:02 - [TEST_STEP][PASSED] - Verify Slik Result Detail Link: Verify Slik Result Detail Link

2020-10-27 12:55:03 - [MESSAGE][PASSED] - Scroll to object '' successfully

2020-10-27 12:55:03 - [MESSAGE][PASSED] - Object '' is present

2020-10-27 12:55:03 - [MESSAGE][PASSED] - Scroll to object '' successfully

2020-10-27 12:55:03 - [MESSAGE][PASSED] - Object '' is present

2020-10-27 12:55:04 - [MESSAGE][PASSED] - Scroll to object '' successfully

2020-10-27 12:55:04 - [MESSAGE][PASSED] - Object '' is present

2020-10-27 12:55:04 - [MESSAGE][PASSED] - Scroll to object '' successfully

2020-10-27 12:55:04 - [MESSAGE][PASSED] - Object '' is present

2020-10-27 12:55:05 - [MESSAGE][PASSED] - Scroll to object '' successfully

2020-10-27 12:55:05 - [MESSAGE][PASSED] - Object '' is present

2020-10-27 12:55:05 - [MESSAGE][PASSED] - Verify Slik Result Detail Link

2020-10-27 12:55:05 - [TEST_STEP][PASSED] - Click button "Logout": Click button "Logout"

2020-10-27 12:55:05 - [MESSAGE][INFO] - >>>>>//Button[contains(text(),'Logout')]

2020-10-27 12:55:08 - [MESSAGE][PASSED] - Object: '' is clicked on

2020-10-27 12:55:08 - [MESSAGE][PASSED] - Click button "Logout"

2020-10-27 12:55:08 - [TEST_STEP][PASSED] - Close browser: Close browser

2020-10-27 12:55:08 - [MESSAGE][PASSED] - Browser is closed

2020-10-27 12:55:08 - [MESSAGE][PASSED] - Close browser

2020-10-27 12:55:08 - [MESSAGE][PASSED] - Feature file: 'Include/features/IST_Real/SLIK/SLIK Gateway Customer/SLIK_Gateway_Customer_View_Detail_when_Status_SUCCESS.feature' was passed]]></system-out>
         <system-err><![CDATA[]]></system-err>
      </testcase>
      <testcase name="Test Cases/IST_Real/SLIK/SLIK_Gateway_Customer/SLIK Gateway Customer View Detail when Status FAILED" time="15.852" classname="Test Cases/IST_Real/SLIK/SLIK_Gateway_Customer/SLIK Gateway Customer View Detail when Status FAILED" status="PASSED">
         <system-out><![CDATA[2020-10-27 12:55:08 - [TEST_CASE][PASSED] - Test Cases/IST_Real/SLIK/SLIK_Gateway_Customer/SLIK Gateway Customer View Detail when Status FAILED: Test Cases/IST_Real/SLIK/SLIK_Gateway_Customer/SLIK Gateway Customer View Detail when Status FAILED

2020-10-27 12:55:08 - [TEST_STEP][PASSED] - runFeatureFile("Include/features/IST_Real/SLIK/SLIK Gateway Customer/SLIK_Gateway_Customer_View_Detail_when_Status_FAILED.feature"): Feature file: 'Include/features/IST_Real/SLIK/SLIK Gateway Customer/SLIK_Gateway_Customer_View_Detail_when_Status_FAILED.feature' was passed

2020-10-27 12:55:08 - [MESSAGE][INFO] - Starting run keyword runFeatureFile: 'Include/features/IST_Real/SLIK/SLIK Gateway Customer/SLIK_Gateway_Customer_View_Detail_when_Status_FAILED.feature' and extract report to folder: '/Users/chaidir.pratama01/Katalon Studio/IST_Automation_Git/Reports/20201027_125109/SLIK/TS_SLIK_Gateway_Customer/20201027_125109/cucumber_report/1603778108831'...

2020-10-27 12:55:09 - [TEST_CASE][PASSED] - Start Test Case : SCENARIO SLIK Gateway Customer View Detail Link: SCENARIO SLIK Gateway Customer View Detail Link

2020-10-27 12:55:09 - [TEST_STEP][PASSED] - Go to ISTools: Go to ISTools

2020-10-27 12:55:09 - [MESSAGE][INFO] - Starting 'Chrome' driver

2020-10-27 12:55:09 - [MESSAGE][INFO] - User set preference: ['AcceptInsecureCerts', 'true']

2020-10-27 12:55:09 - [MESSAGE][INFO] - User set preference: ['args', '[ignore-certificate-errors]']

2020-10-27 12:55:09 - [MESSAGE][INFO] - Action delay is set to 0 milliseconds

2020-10-27 12:55:10 - [MESSAGE][PASSED] - Browser is opened with url: ''

2020-10-27 12:55:11 - [MESSAGE][PASSED] - Navigate to 'https://id-ist01preprod.id.nonprod/ist/' successfully

2020-10-27 12:55:11 - [MESSAGE][PASSED] - Go to ISTools

2020-10-27 12:55:11 - [TEST_STEP][PASSED] - Login IST with valid credentials: Login IST with valid credentials

2020-10-27 12:55:11 - [MESSAGE][PASSED] - Text 'mobile.test' is set on object 'Object Repository/Page_/input_Username_j_username'

2020-10-27 12:55:12 - [MESSAGE][PASSED] - Text ****** has been set on object 'Object Repository/Page_/input_Password_j_password'

2020-10-27 12:55:13 - [MESSAGE][PASSED] - Object: 'Object Repository/Page_/button_Login' is clicked on

2020-10-27 12:55:13 - [MESSAGE][PASSED] - Login IST with valid credentials

2020-10-27 12:55:13 - [TEST_STEP][PASSED] - Login Success for contract dispatcher: Login Success for contract dispatcher

2020-10-27 12:55:13 - [MESSAGE][INFO] - Login Success

2020-10-27 12:55:13 - [MESSAGE][PASSED] - Current window maximized

2020-10-27 12:55:13 - [MESSAGE][PASSED] - Object 'Object Repository/Page_/h1_Welcome to IT Supporting Tools' is present

2020-10-27 12:55:13 - [MESSAGE][PASSED] - Login Success for contract dispatcher

2020-10-27 12:55:13 - [TEST_STEP][PASSED] - Select Menu SLIK Gateway Customer: Select Menu SLIK Gateway Customer

2020-10-27 12:55:14 - [MESSAGE][PASSED] - Object '' is present

2020-10-27 12:55:14 - [MESSAGE][PASSED] - Object: '' is clicked on

2020-10-27 12:55:14 - [MESSAGE][PASSED] - Wait for page load successfully

2020-10-27 12:55:14 - [MESSAGE][PASSED] - Select Menu SLIK Gateway Customer

2020-10-27 12:55:14 - [TEST_STEP][PASSED] - Select Status is "FAILED": Select Status is "FAILED"

2020-10-27 12:55:15 - [MESSAGE][PASSED] - All options with value 'FAILED' are selected in object ''  using regular expression

2020-10-27 12:55:15 - [MESSAGE][PASSED] - Select Status is "FAILED"

2020-10-27 12:55:15 - [TEST_STEP][PASSED] - Click button "Search": Click button "Search"

2020-10-27 12:55:15 - [MESSAGE][INFO] - >>>>>//Button[contains(text(),'Search')]

2020-10-27 12:55:19 - [MESSAGE][PASSED] - Object: '' is clicked on

2020-10-27 12:55:19 - [MESSAGE][PASSED] - Click button "Search"

2020-10-27 12:55:19 - [TEST_STEP][PASSED] - Verify Search Result Based on Result Status: Verify Search Result Based on Result Status

2020-10-27 12:55:19 - [MESSAGE][PASSED] - Scroll to object '' successfully

2020-10-27 12:55:19 - [MESSAGE][PASSED] - Actual text and expected text of test object '' are matched.

2020-10-27 12:55:20 - [MESSAGE][PASSED] - Text of object '' is: 'FAILED'

2020-10-27 12:55:20 - [MESSAGE][PASSED] - Text of object '' is: '9999999999999999'

2020-10-27 12:55:20 - [MESSAGE][PASSED] - Verify Search Result Based on Result Status

2020-10-27 12:55:20 - [TEST_STEP][PASSED] - Click View Detail Link: Click View Detail Link

2020-10-27 12:55:21 - [MESSAGE][PASSED] - Web element with id: '' located by 'By.xpath: //span[text()='Search Result']/../../../following-sibling::div[@class='z-groupbox-content']/div[@class='z-grid']/div[@class='z-grid-body']/table/tbody/tr/td[7]/div/div/span' is not present after '3' second(s)

2020-10-27 12:55:21 - [MESSAGE][PASSED] - Click View Detail Link

2020-10-27 12:55:21 - [TEST_STEP][PASSED] - Verify Slik Result Detail Link: Verify Slik Result Detail Link

2020-10-27 12:55:21 - [MESSAGE][PASSED] - Verify Slik Result Detail Link

2020-10-27 12:55:21 - [TEST_STEP][PASSED] - Click button "Logout": Click button "Logout"

2020-10-27 12:55:21 - [MESSAGE][INFO] - >>>>>//Button[contains(text(),'Logout')]

2020-10-27 12:55:24 - [MESSAGE][PASSED] - Object: '' is clicked on

2020-10-27 12:55:24 - [MESSAGE][PASSED] - Click button "Logout"

2020-10-27 12:55:24 - [TEST_STEP][PASSED] - Close browser: Close browser

2020-10-27 12:55:24 - [MESSAGE][PASSED] - Browser is closed

2020-10-27 12:55:24 - [MESSAGE][PASSED] - Close browser

2020-10-27 12:55:24 - [MESSAGE][PASSED] - Feature file: 'Include/features/IST_Real/SLIK/SLIK Gateway Customer/SLIK_Gateway_Customer_View_Detail_when_Status_FAILED.feature' was passed]]></system-out>
         <system-err><![CDATA[]]></system-err>
      </testcase>
      <system-out><![CDATA[2020-10-27 12:51:15 - [TEST_SUITE][PASSED] - TS_SLIK_Gateway_Customer: Test Cases/IST_Real/SLIK/SLIK_Gateway_Customer/SLIK Gateway Customer View Detail when Status FAILED]]></system-out>
      <system-err><![CDATA[]]></system-err>
   </testsuite>
</testsuites>
