<?xml version="1.0" encoding="UTF-8"?>
<testsuites name="RTD_Regression" time="2177.167" tests="42" failures="4" errors="0">
   <testsuite name="TS_Disbursement_Dashboard" tests="4" failures="0" errors="0" time="259.51" timestamp="2021-02-05 13:10:53" hostname="chaidir.pratama01 - localhost" id="Test Suites/RTD/TS_Disbursement_Dashboard">
      <properties>
         <property name="deviceName" value=""/>
         <property name="devicePlatform" value=""/>
         <property name="logFolder" value="/Users/chaidir.pratama01/Katalon Studio/IST_Automation_Git/Reports/20210205_131034/RTD/TS_Disbursement_Dashboard/20210205_131034"/>
         <property name="logFiles" value="/Users/chaidir.pratama01/Katalon Studio/IST_Automation_Git/Reports/20210205_131034/RTD/TS_Disbursement_Dashboard/20210205_131034/execution0.log"/>
         <property name="attachments" value="/Users/chaidir.pratama01/Documents/Docs/Katalon Studio/Screenshot/test-Dashboard for CCC/OCS.png, /Users/chaidir.pratama01/Documents/Docs/Katalon Studio/Screenshot/test-Disbursement Dashboard.png, /Users/chaidir.pratama01/Documents/Docs/Katalon Studio/Screenshot/test-Disbursement Dashboard.png, /Users/chaidir.pratama01/Documents/Docs/Katalon Studio/Screenshot/test-Disbursement Dashboard.png, /Users/chaidir.pratama01/Documents/Docs/Katalon Studio/Screenshot/test-Disbursement Dashboard.png, /Users/chaidir.pratama01/Documents/Docs/Katalon Studio/Screenshot/test-Disbursement Dashboard.png, /Users/chaidir.pratama01/Documents/Docs/Katalon Studio/Screenshot/test-Disbursement Dashboard.png, /Users/chaidir.pratama01/Documents/Docs/Katalon Studio/Screenshot/test-Disbursement Dashboard.png, /Users/chaidir.pratama01/Documents/Docs/Katalon Studio/Screenshot/test-Disbursement Dashboard.png, /Users/chaidir.pratama01/Documents/Docs/Katalon Studio/Screenshot/test-Disbursement Dashboard.png, /Users/chaidir.pratama01/Katalon Studio/IST_Automation_Git/Reports/20210205_131034/RTD/TS_Disbursement_Dashboard/20210205_131034/1612505628742.png, /Users/chaidir.pratama01/Documents/Docs/Katalon Studio/Screenshot/test-Disbursement Dashboard.png, /Users/chaidir.pratama01/Documents/Docs/Katalon Studio/Screenshot/test-Disbursement Dashboard.png, /Users/chaidir.pratama01/Documents/Docs/Katalon Studio/Screenshot/test-Disbursement Dashboard.png, /Users/chaidir.pratama01/Documents/Docs/Katalon Studio/Screenshot/test-Disbursement Dashboard.png, /Users/chaidir.pratama01/Documents/Docs/Katalon Studio/Screenshot/test-Disbursement Dashboard.png, /Users/chaidir.pratama01/Documents/Docs/Katalon Studio/Screenshot/Download_data.png"/>
         <property name="hostName" value="chaidir.pratama01 - localhost"/>
         <property name="os" value="Mac OS X 64bit"/>
         <property name="katalonVersion" value="7.6.0.${buildNumber}"/>
         <property name="browser" value="Chrome 88.0.4324.146"/>
         <property name="hostAddress" value="127.0.0.1"/>
         <property name="sessionId" value="15365956794a5f82411641ad13844e68"/>
         <property name="seleniumVersion" value="3.141.59"/>
         <property name="proxyInformation" value="ProxyInformation { proxyOption=NO_PROXY, proxyServerType=HTTP, username=, password=********, proxyServerAddress=, proxyServerPort=0, executionList=\&quot;\&quot;, isApplyToDesiredCapabilities=true }"/>
         <property name="platform" value="Mac OS X"/>
      </properties>
      <testcase name="Test Cases/RTD/Disbursement Dashboard/TC_View_Detail_Disbursement_Dashboard" time="48.216" classname="Test Cases/RTD/Disbursement Dashboard/TC_View_Detail_Disbursement_Dashboard" status="PASSED">
         <system-out><![CDATA[2021-02-05 13:10:53 - [TEST_CASE][PASSED] - Test Cases/RTD/Disbursement Dashboard/TC_View_Detail_Disbursement_Dashboard: Test Cases/RTD/Disbursement Dashboard/TC_View_Detail_Disbursement_Dashboard

2021-02-05 13:10:53 - [TEST_STEP][PASSED] - runFeatureFile("Include/features/IST_Real/RTD/Disbursement_Dashboard/View_Detail_Disbursement_Dashboard.feature"): Feature file: 'Include/features/IST_Real/RTD/Disbursement_Dashboard/View_Detail_Disbursement_Dashboard.feature' was passed

2021-02-05 13:10:53 - [MESSAGE][INFO] - Starting run keyword runFeatureFile: 'Include/features/IST_Real/RTD/Disbursement_Dashboard/View_Detail_Disbursement_Dashboard.feature' and extract report to folder: '/Users/chaidir.pratama01/Katalon Studio/IST_Automation_Git/Reports/20210205_131034/RTD/TS_Disbursement_Dashboard/20210205_131034/cucumber_report/1612505453949'...

2021-02-05 13:10:54 - [TEST_CASE][PASSED] - Start Test Case : SCENARIO Search by STATUS Success to Disburse and then View Detail of it: SCENARIO Search by STATUS Success to Disburse and then View Detail of it

2021-02-05 13:10:54 - [TEST_STEP][PASSED] - Go to ISTools: Go to ISTools

2021-02-05 13:10:54 - [MESSAGE][INFO] - Starting 'Chrome (headless)' driver

2021-02-05 13:10:54 - [MESSAGE][INFO] - User set preference: ['args', '[--start-maximized, --disable-gpu, --no-proxy-server, â€“-no-sandbox, --allow-running-insecure-content, --ignore-certificate-errors, window-size=1680,814, force-device-scale-factor=2, --lang=en-GB]']

2021-02-05 13:10:54 - [MESSAGE][INFO] - User set preference: ['prefs', '{download.default_directory=/Users/chaidir.pratama01/Katalon Studio/IST_Automation_Git/Download}']

2021-02-05 13:10:54 - [MESSAGE][INFO] - Action delay is set to 0 milliseconds

2021-02-05 13:10:58 - [MESSAGE][PASSED] - Browser is opened with url: ''

2021-02-05 13:11:01 - [MESSAGE][PASSED] - Navigate to 'https://dev-istools.homecredit.id/foundation/' successfully

2021-02-05 13:11:01 - [MESSAGE][PASSED] - Go to ISTools

2021-02-05 13:11:01 - [TEST_STEP][PASSED] - Login IST with valid credentials: Login IST with valid credentials

2021-02-05 13:11:01 - [MESSAGE][PASSED] - Text 'mobile.test' is set on object 'Object Repository/Page_/input_Username_j_username'

2021-02-05 13:11:01 - [MESSAGE][PASSED] - Text ****** has been set on object 'Object Repository/Page_/input_Password_j_password'

2021-02-05 13:11:02 - [MESSAGE][PASSED] - Object: 'Object Repository/Page_/button_Login' is clicked on

2021-02-05 13:11:02 - [MESSAGE][PASSED] - Login IST with valid credentials

2021-02-05 13:11:02 - [TEST_STEP][PASSED] - Login Success: Login Success

2021-02-05 13:11:02 - [MESSAGE][INFO] - Login Success

2021-02-05 13:11:02 - [MESSAGE][PASSED] - Current window maximized

2021-02-05 13:11:02 - [MESSAGE][PASSED] - Object 'Object Repository/Page_/h1_Welcome to IT Supporting Tools' is present

2021-02-05 13:11:02 - [MESSAGE][PASSED] - Login Success

2021-02-05 13:11:02 - [TEST_STEP][PASSED] - Select Arrow Menu "Real Time Disbursement": Select Arrow Menu "Real Time Disbursement"

2021-02-05 13:11:02 - [MESSAGE][PASSED] - Object: '' is clicked on

2021-02-05 13:11:02 - [MESSAGE][PASSED] - Select Arrow Menu "Real Time Disbursement"

2021-02-05 13:11:02 - [TEST_STEP][PASSED] - Select Menu "Dashboard for CCC/OCS": Select Menu "Dashboard for CCC/OCS"

2021-02-05 13:11:03 - [MESSAGE][PASSED] - Taking screenshot successfully
[[ATTACHMENT|/Users/chaidir.pratama01/Documents/Docs/Katalon Studio/Screenshot/test-Dashboard for CCC/OCS.png]]

2021-02-05 13:11:03 - [MESSAGE][PASSED] - Object '' is present

2021-02-05 13:11:03 - [MESSAGE][PASSED] - Object: '' is clicked on

2021-02-05 13:11:03 - [MESSAGE][PASSED] - Wait for page load successfully

2021-02-05 13:11:03 - [MESSAGE][PASSED] - Select Menu "Dashboard for CCC/OCS"

2021-02-05 13:11:03 - [TEST_STEP][PASSED] - Select STATUS "Success to Disburse": Select STATUS "Success to Disburse"

2021-02-05 13:11:03 - [MESSAGE][PASSED] - All options with value 'Success to Disburse' are selected in object ''  using regular expression

2021-02-05 13:11:03 - [MESSAGE][PASSED] - Select STATUS "Success to Disburse"

2021-02-05 13:11:03 - [TEST_STEP][PASSED] - Click button "Search": Click button "Search"

2021-02-05 13:11:03 - [MESSAGE][INFO] - >>>>>//Button[contains(text(),'Search')]

2021-02-05 13:11:06 - [MESSAGE][PASSED] - Object '' is present

2021-02-05 13:11:06 - [MESSAGE][PASSED] - Object: '' is clicked on

2021-02-05 13:11:06 - [MESSAGE][PASSED] - Switched to window with index: '0'

2021-02-05 13:11:06 - [MESSAGE][PASSED] - Click button "Search"

2021-02-05 13:11:06 - [TEST_STEP][PASSED] - Verify Search Result Presents: Verify Search Result Presents

2021-02-05 13:11:07 - [MESSAGE][PASSED] - Object '' is present

2021-02-05 13:11:07 - [MESSAGE][PASSED] - Verify Search Result Presents

2021-02-05 13:11:07 - [TEST_STEP][PASSED] - Click View Detail: Click View Detail

2021-02-05 13:11:07 - [MESSAGE][PASSED] - Object '' is present

2021-02-05 13:11:07 - [MESSAGE][PASSED] - Object: '' is clicked on

2021-02-05 13:11:07 - [MESSAGE][PASSED] - Click View Detail

2021-02-05 13:11:07 - [TEST_STEP][PASSED] - Verify Information in View Detail: Verify Information in View Detail

2021-02-05 13:11:10 - [MESSAGE][PASSED] - Delayed 3 second(s)

2021-02-05 13:11:10 - [MESSAGE][PASSED] - Attribute 'value' of object '' is: '3900014152'

2021-02-05 13:11:13 - [MESSAGE][PASSED] - Delayed 3 second(s)

2021-02-05 13:11:13 - [MESSAGE][PASSED] - Attribute 'value' of object '' is: 'IDITXLeks TESTERbIvIvO'

2021-02-05 13:11:16 - [MESSAGE][PASSED] - Delayed 3 second(s)

2021-02-05 13:11:16 - [MESSAGE][PASSED] - Attribute 'value' of object '' is: 'Success to Disburse'

2021-02-05 13:11:19 - [MESSAGE][PASSED] - Delayed 3 second(s)

2021-02-05 13:11:19 - [MESSAGE][PASSED] - Attribute 'value' of object '' is: 'Rp 7,000,000'

2021-02-05 13:11:22 - [MESSAGE][PASSED] - Delayed 3 second(s)

2021-02-05 13:11:22 - [MESSAGE][PASSED] - Attribute 'value' of object '' is: 'KESEJAHTERAAN EKONOMI'

2021-02-05 13:11:25 - [MESSAGE][PASSED] - Delayed 3 second(s)

2021-02-05 13:11:25 - [MESSAGE][PASSED] - Attribute 'value' of object '' is: '1'

2021-02-05 13:11:28 - [MESSAGE][PASSED] - Delayed 3 second(s)

2021-02-05 13:11:28 - [MESSAGE][PASSED] - Attribute 'value' of object '' is: 'NAMA ADA DISINI'

2021-02-05 13:11:31 - [MESSAGE][PASSED] - Delayed 3 second(s)

2021-02-05 13:11:31 - [MESSAGE][PASSED] - Attribute 'value' of object '' is: 'KESEJAHTERAAN EKONOMI'

2021-02-05 13:11:35 - [MESSAGE][PASSED] - Delayed 3 second(s)

2021-02-05 13:11:35 - [MESSAGE][PASSED] - Attribute 'value' of object '' is: ''

2021-02-05 13:11:38 - [MESSAGE][PASSED] - Delayed 3 second(s)

2021-02-05 13:11:38 - [MESSAGE][PASSED] - Attribute 'value' of object '' is: ''

2021-02-05 13:11:38 - [MESSAGE][PASSED] - Text of object '' is: 'Date'

2021-02-05 13:11:38 - [MESSAGE][PASSED] - Text of object '' is: 'Status'

2021-02-05 13:11:38 - [MESSAGE][PASSED] - Text of object '' is: 'Updated Information'

2021-02-05 13:11:38 - [MESSAGE][PASSED] - Text of object '' is: 'Last Update By'

2021-02-05 13:11:38 - [MESSAGE][PASSED] - Text of object '' is: 'Department'

2021-02-05 13:11:38 - [MESSAGE][PASSED] - Verify Information in View Detail

2021-02-05 13:11:38 - [TEST_STEP][PASSED] - Click button "Logout": Click button "Logout"

2021-02-05 13:11:38 - [MESSAGE][INFO] - >>>>>//Button[contains(text(),'Logout')]

2021-02-05 13:11:41 - [MESSAGE][PASSED] - Object '' is present

2021-02-05 13:11:41 - [MESSAGE][PASSED] - Object: '' is clicked on

2021-02-05 13:11:41 - [MESSAGE][PASSED] - Switched to window with index: '0'

2021-02-05 13:11:41 - [MESSAGE][PASSED] - Click button "Logout"

2021-02-05 13:11:41 - [TEST_STEP][PASSED] - Close browser: Close browser

2021-02-05 13:11:41 - [MESSAGE][PASSED] - Browser is closed

2021-02-05 13:11:41 - [MESSAGE][PASSED] - Close browser

2021-02-05 13:11:41 - [MESSAGE][PASSED] - Feature file: 'Include/features/IST_Real/RTD/Disbursement_Dashboard/View_Detail_Disbursement_Dashboard.feature' was passed]]></system-out>
         <system-err><![CDATA[]]></system-err>
      </testcase>
      <testcase name="Test Cases/RTD/Disbursement Dashboard/TC_Search_by_Contract_Number_Disbursement_Dashboard" time="8.677" classname="Test Cases/RTD/Disbursement Dashboard/TC_Search_by_Contract_Number_Disbursement_Dashboard" status="PASSED">
         <system-out><![CDATA[2021-02-05 13:11:41 - [TEST_CASE][PASSED] - Test Cases/RTD/Disbursement Dashboard/TC_Search_by_Contract_Number_Disbursement_Dashboard: Test Cases/RTD/Disbursement Dashboard/TC_Search_by_Contract_Number_Disbursement_Dashboard

2021-02-05 13:11:42 - [TEST_STEP][PASSED] - runFeatureFile("Include/features/IST_Real/RTD/Disbursement_Dashboard/Search_by_Contract_Number_Disbursement_Dashboard.feature"): Feature file: 'Include/features/IST_Real/RTD/Disbursement_Dashboard/Search_by_Contract_Number_Disbursement_Dashboard.feature' was passed

2021-02-05 13:11:42 - [MESSAGE][INFO] - Starting run keyword runFeatureFile: 'Include/features/IST_Real/RTD/Disbursement_Dashboard/Search_by_Contract_Number_Disbursement_Dashboard.feature' and extract report to folder: '/Users/chaidir.pratama01/Katalon Studio/IST_Automation_Git/Reports/20210205_131034/RTD/TS_Disbursement_Dashboard/20210205_131034/cucumber_report/1612505502004'...

2021-02-05 13:11:42 - [TEST_CASE][PASSED] - Start Test Case : SCENARIO Search by Contract Number and it found on Dashboard: SCENARIO Search by Contract Number and it found on Dashboard

2021-02-05 13:11:42 - [TEST_STEP][PASSED] - Go to ISTools: Go to ISTools

2021-02-05 13:11:42 - [MESSAGE][INFO] - Starting 'Chrome (headless)' driver

2021-02-05 13:11:42 - [MESSAGE][INFO] - User set preference: ['args', '[--start-maximized, --disable-gpu, --no-proxy-server, â€“-no-sandbox, --allow-running-insecure-content, --ignore-certificate-errors, window-size=1680,814, force-device-scale-factor=2, --lang=en-GB]']

2021-02-05 13:11:42 - [MESSAGE][INFO] - User set preference: ['prefs', '{download.default_directory=/Users/chaidir.pratama01/Katalon Studio/IST_Automation_Git/Download}']

2021-02-05 13:11:42 - [MESSAGE][INFO] - Action delay is set to 0 milliseconds

2021-02-05 13:11:42 - [MESSAGE][PASSED] - Browser is opened with url: ''

2021-02-05 13:11:44 - [MESSAGE][PASSED] - Navigate to 'https://dev-istools.homecredit.id/foundation/' successfully

2021-02-05 13:11:44 - [MESSAGE][PASSED] - Go to ISTools

2021-02-05 13:11:44 - [TEST_STEP][PASSED] - Login IST with valid credentials: Login IST with valid credentials

2021-02-05 13:11:44 - [MESSAGE][PASSED] - Text 'mobile.test' is set on object 'Object Repository/Page_/input_Username_j_username'

2021-02-05 13:11:44 - [MESSAGE][PASSED] - Text ****** has been set on object 'Object Repository/Page_/input_Password_j_password'

2021-02-05 13:11:45 - [MESSAGE][PASSED] - Object: 'Object Repository/Page_/button_Login' is clicked on

2021-02-05 13:11:45 - [MESSAGE][PASSED] - Login IST with valid credentials

2021-02-05 13:11:45 - [TEST_STEP][PASSED] - Login Success: Login Success

2021-02-05 13:11:45 - [MESSAGE][INFO] - Login Success

2021-02-05 13:11:45 - [MESSAGE][PASSED] - Current window maximized

2021-02-05 13:11:45 - [MESSAGE][PASSED] - Object 'Object Repository/Page_/h1_Welcome to IT Supporting Tools' is present

2021-02-05 13:11:45 - [MESSAGE][PASSED] - Login Success

2021-02-05 13:11:45 - [TEST_STEP][PASSED] - Select Arrow Menu "Real Time Disbursement": Select Arrow Menu "Real Time Disbursement"

2021-02-05 13:11:45 - [MESSAGE][PASSED] - Object: '' is clicked on

2021-02-05 13:11:45 - [MESSAGE][PASSED] - Select Arrow Menu "Real Time Disbursement"

2021-02-05 13:11:45 - [TEST_STEP][PASSED] - Select Menu "Disbursement Dashboard": Select Menu "Disbursement Dashboard"

2021-02-05 13:11:46 - [MESSAGE][PASSED] - Taking screenshot successfully
[[ATTACHMENT|/Users/chaidir.pratama01/Documents/Docs/Katalon Studio/Screenshot/test-Disbursement Dashboard.png]]

2021-02-05 13:11:46 - [MESSAGE][PASSED] - Object '' is present

2021-02-05 13:11:46 - [MESSAGE][PASSED] - Object: '' is clicked on

2021-02-05 13:11:46 - [MESSAGE][PASSED] - Wait for page load successfully

2021-02-05 13:11:46 - [MESSAGE][PASSED] - Select Menu "Disbursement Dashboard"

2021-02-05 13:11:46 - [TEST_STEP][PASSED] - Input Contract RTD in Contract Number label: Input Contract RTD in Contract Number label

2021-02-05 13:11:46 - [MESSAGE][PASSED] - Text '4000014162' is set on object ''

2021-02-05 13:11:46 - [MESSAGE][PASSED] - Input Contract RTD in Contract Number label

2021-02-05 13:11:46 - [TEST_STEP][PASSED] - Click button "Search": Click button "Search"

2021-02-05 13:11:46 - [MESSAGE][INFO] - >>>>>//Button[contains(text(),'Search')]

2021-02-05 13:11:49 - [MESSAGE][PASSED] - Object '' is present

2021-02-05 13:11:49 - [MESSAGE][PASSED] - Object: '' is clicked on

2021-02-05 13:11:49 - [MESSAGE][PASSED] - Switched to window with index: '0'

2021-02-05 13:11:49 - [MESSAGE][PASSED] - Click button "Search"

2021-02-05 13:11:49 - [TEST_STEP][PASSED] - Verify Search Result Presents: Verify Search Result Presents

2021-02-05 13:11:50 - [MESSAGE][PASSED] - Object '' is present

2021-02-05 13:11:50 - [MESSAGE][PASSED] - Verify Search Result Presents

2021-02-05 13:11:50 - [MESSAGE][PASSED] - Feature file: 'Include/features/IST_Real/RTD/Disbursement_Dashboard/Search_by_Contract_Number_Disbursement_Dashboard.feature' was passed]]></system-out>
         <system-err><![CDATA[]]></system-err>
      </testcase>
      <testcase name="Test Cases/RTD/Disbursement Dashboard/TC_Search_by_STATUS_Disbursement_Dashboard" time="185.6" classname="Test Cases/RTD/Disbursement Dashboard/TC_Search_by_STATUS_Disbursement_Dashboard" status="PASSED">
         <system-out><![CDATA[2021-02-05 13:11:50 - [TEST_CASE][PASSED] - Test Cases/RTD/Disbursement Dashboard/TC_Search_by_STATUS_Disbursement_Dashboard: Test Cases/RTD/Disbursement Dashboard/TC_Search_by_STATUS_Disbursement_Dashboard

2021-02-05 13:11:50 - [TEST_STEP][PASSED] - runFeatureFile("Include/features/IST_Real/RTD/Disbursement_Dashboard/Search_by_STATUS_Disbursement_Dashboard.feature"): Feature file: 'Include/features/IST_Real/RTD/Disbursement_Dashboard/Search_by_STATUS_Disbursement_Dashboard.feature' was passed

2021-02-05 13:11:50 - [MESSAGE][INFO] - Starting run keyword runFeatureFile: 'Include/features/IST_Real/RTD/Disbursement_Dashboard/Search_by_STATUS_Disbursement_Dashboard.feature' and extract report to folder: '/Users/chaidir.pratama01/Katalon Studio/IST_Automation_Git/Reports/20210205_131034/RTD/TS_Disbursement_Dashboard/20210205_131034/cucumber_report/1612505510645'...

2021-02-05 13:11:50 - [TEST_CASE][PASSED] - Start Test Case : SCENARIO Search by STATUS Eligible to Disburse: SCENARIO Search by STATUS Eligible to Disburse

2021-02-05 13:11:50 - [TEST_STEP][PASSED] - Go to ISTools: Go to ISTools

2021-02-05 13:11:50 - [MESSAGE][WARNING] - A browser is already opened. Closing browser and opening a new one

2021-02-05 13:11:50 - [MESSAGE][INFO] - Starting 'Chrome (headless)' driver

2021-02-05 13:11:50 - [MESSAGE][INFO] - User set preference: ['args', '[--start-maximized, --disable-gpu, --no-proxy-server, â€“-no-sandbox, --allow-running-insecure-content, --ignore-certificate-errors, window-size=1680,814, force-device-scale-factor=2, --lang=en-GB]']

2021-02-05 13:11:50 - [MESSAGE][INFO] - User set preference: ['prefs', '{download.default_directory=/Users/chaidir.pratama01/Katalon Studio/IST_Automation_Git/Download}']

2021-02-05 13:11:50 - [MESSAGE][INFO] - Action delay is set to 0 milliseconds

2021-02-05 13:11:51 - [MESSAGE][PASSED] - Browser is opened with url: ''

2021-02-05 13:11:52 - [MESSAGE][PASSED] - Navigate to 'https://dev-istools.homecredit.id/foundation/' successfully

2021-02-05 13:11:52 - [MESSAGE][PASSED] - Go to ISTools

2021-02-05 13:11:52 - [TEST_STEP][PASSED] - Login IST with valid credentials: Login IST with valid credentials

2021-02-05 13:11:52 - [MESSAGE][PASSED] - Text 'mobile.test' is set on object 'Object Repository/Page_/input_Username_j_username'

2021-02-05 13:11:52 - [MESSAGE][PASSED] - Text ****** has been set on object 'Object Repository/Page_/input_Password_j_password'

2021-02-05 13:11:54 - [MESSAGE][PASSED] - Object: 'Object Repository/Page_/button_Login' is clicked on

2021-02-05 13:11:54 - [MESSAGE][PASSED] - Login IST with valid credentials

2021-02-05 13:11:54 - [TEST_STEP][PASSED] - Login Success: Login Success

2021-02-05 13:11:54 - [MESSAGE][INFO] - Login Success

2021-02-05 13:11:54 - [MESSAGE][PASSED] - Current window maximized

2021-02-05 13:11:54 - [MESSAGE][PASSED] - Object 'Object Repository/Page_/h1_Welcome to IT Supporting Tools' is present

2021-02-05 13:11:54 - [MESSAGE][PASSED] - Login Success

2021-02-05 13:11:54 - [TEST_STEP][PASSED] - Select Arrow Menu "Real Time Disbursement": Select Arrow Menu "Real Time Disbursement"

2021-02-05 13:11:54 - [MESSAGE][PASSED] - Object: '' is clicked on

2021-02-05 13:11:54 - [MESSAGE][PASSED] - Select Arrow Menu "Real Time Disbursement"

2021-02-05 13:11:54 - [TEST_STEP][PASSED] - Select Menu "Disbursement Dashboard": Select Menu "Disbursement Dashboard"

2021-02-05 13:11:54 - [MESSAGE][PASSED] - Taking screenshot successfully
[[ATTACHMENT|/Users/chaidir.pratama01/Documents/Docs/Katalon Studio/Screenshot/test-Disbursement Dashboard.png]]

2021-02-05 13:11:54 - [MESSAGE][PASSED] - Object '' is present

2021-02-05 13:11:54 - [MESSAGE][PASSED] - Object: '' is clicked on

2021-02-05 13:11:54 - [MESSAGE][PASSED] - Wait for page load successfully

2021-02-05 13:11:54 - [MESSAGE][PASSED] - Select Menu "Disbursement Dashboard"

2021-02-05 13:11:54 - [TEST_STEP][PASSED] - Select STATUS "Eligible to disburse": Select STATUS "Eligible to disburse"

2021-02-05 13:11:55 - [MESSAGE][PASSED] - All options with value 'Eligible to disburse' are selected in object ''  using regular expression

2021-02-05 13:11:55 - [MESSAGE][PASSED] - Select STATUS "Eligible to disburse"

2021-02-05 13:11:55 - [TEST_STEP][PASSED] - Click button "Search": Click button "Search"

2021-02-05 13:11:55 - [MESSAGE][INFO] - >>>>>//Button[contains(text(),'Search')]

2021-02-05 13:11:58 - [MESSAGE][PASSED] - Object '' is present

2021-02-05 13:11:58 - [MESSAGE][PASSED] - Object: '' is clicked on

2021-02-05 13:11:58 - [MESSAGE][PASSED] - Switched to window with index: '0'

2021-02-05 13:11:58 - [MESSAGE][PASSED] - Click button "Search"

2021-02-05 13:11:58 - [TEST_STEP][PASSED] - Verify Search Result Presents: Verify Search Result Presents

2021-02-05 13:11:58 - [MESSAGE][PASSED] - Object '' is present

2021-02-05 13:12:05 - [MESSAGE][PASSED] - Verify Search Result Presents

2021-02-05 13:12:05 - [TEST_STEP][PASSED] - Click button "Logout": Click button "Logout"

2021-02-05 13:12:05 - [MESSAGE][INFO] - >>>>>//Button[contains(text(),'Logout')]

2021-02-05 13:12:08 - [MESSAGE][PASSED] - Object '' is present

2021-02-05 13:12:10 - [MESSAGE][PASSED] - Object: '' is clicked on

2021-02-05 13:12:10 - [MESSAGE][PASSED] - Switched to window with index: '0'

2021-02-05 13:12:10 - [MESSAGE][PASSED] - Click button "Logout"

2021-02-05 13:12:10 - [TEST_STEP][PASSED] - Close browser: Close browser

2021-02-05 13:12:10 - [MESSAGE][PASSED] - Browser is closed

2021-02-05 13:12:10 - [MESSAGE][PASSED] - Close browser

2021-02-05 13:12:10 - [TEST_CASE][PASSED] - Start Test Case : SCENARIO Search by STATUS Waiting approval from Risk: SCENARIO Search by STATUS Waiting approval from Risk

2021-02-05 13:12:10 - [TEST_STEP][PASSED] - Go to ISTools: Go to ISTools

2021-02-05 13:12:10 - [MESSAGE][INFO] - Starting 'Chrome (headless)' driver

2021-02-05 13:12:10 - [MESSAGE][INFO] - User set preference: ['args', '[--start-maximized, --disable-gpu, --no-proxy-server, â€“-no-sandbox, --allow-running-insecure-content, --ignore-certificate-errors, window-size=1680,814, force-device-scale-factor=2, --lang=en-GB]']

2021-02-05 13:12:10 - [MESSAGE][INFO] - User set preference: ['prefs', '{download.default_directory=/Users/chaidir.pratama01/Katalon Studio/IST_Automation_Git/Download}']

2021-02-05 13:12:10 - [MESSAGE][INFO] - Action delay is set to 0 milliseconds

2021-02-05 13:12:11 - [MESSAGE][PASSED] - Browser is opened with url: ''

2021-02-05 13:12:12 - [MESSAGE][PASSED] - Navigate to 'https://dev-istools.homecredit.id/foundation/' successfully

2021-02-05 13:12:12 - [MESSAGE][PASSED] - Go to ISTools

2021-02-05 13:12:12 - [TEST_STEP][PASSED] - Login IST with valid credentials: Login IST with valid credentials

2021-02-05 13:12:13 - [MESSAGE][PASSED] - Text 'mobile.test' is set on object 'Object Repository/Page_/input_Username_j_username'

2021-02-05 13:12:13 - [MESSAGE][PASSED] - Text ****** has been set on object 'Object Repository/Page_/input_Password_j_password'

2021-02-05 13:12:13 - [MESSAGE][PASSED] - Object: 'Object Repository/Page_/button_Login' is clicked on

2021-02-05 13:12:13 - [MESSAGE][PASSED] - Login IST with valid credentials

2021-02-05 13:12:13 - [TEST_STEP][PASSED] - Login Success: Login Success

2021-02-05 13:12:13 - [MESSAGE][INFO] - Login Success

2021-02-05 13:12:14 - [MESSAGE][PASSED] - Current window maximized

2021-02-05 13:12:14 - [MESSAGE][PASSED] - Object 'Object Repository/Page_/h1_Welcome to IT Supporting Tools' is present

2021-02-05 13:12:14 - [MESSAGE][PASSED] - Login Success

2021-02-05 13:12:14 - [TEST_STEP][PASSED] - Select Arrow Menu "Real Time Disbursement": Select Arrow Menu "Real Time Disbursement"

2021-02-05 13:12:14 - [MESSAGE][PASSED] - Object: '' is clicked on

2021-02-05 13:12:14 - [MESSAGE][PASSED] - Select Arrow Menu "Real Time Disbursement"

2021-02-05 13:12:14 - [TEST_STEP][PASSED] - Select Menu "Disbursement Dashboard": Select Menu "Disbursement Dashboard"

2021-02-05 13:12:14 - [MESSAGE][PASSED] - Taking screenshot successfully
[[ATTACHMENT|/Users/chaidir.pratama01/Documents/Docs/Katalon Studio/Screenshot/test-Disbursement Dashboard.png]]

2021-02-05 13:12:14 - [MESSAGE][PASSED] - Object '' is present

2021-02-05 13:12:14 - [MESSAGE][PASSED] - Object: '' is clicked on

2021-02-05 13:12:14 - [MESSAGE][PASSED] - Wait for page load successfully

2021-02-05 13:12:14 - [MESSAGE][PASSED] - Select Menu "Disbursement Dashboard"

2021-02-05 13:12:14 - [TEST_STEP][PASSED] - Select STATUS "Waiting approval from Risk": Select STATUS "Waiting approval from Risk"

2021-02-05 13:12:15 - [MESSAGE][PASSED] - All options with value 'Waiting approval from Risk' are selected in object ''  using regular expression

2021-02-05 13:12:15 - [MESSAGE][PASSED] - Select STATUS "Waiting approval from Risk"

2021-02-05 13:12:15 - [TEST_STEP][PASSED] - Click button "Search": Click button "Search"

2021-02-05 13:12:15 - [MESSAGE][INFO] - >>>>>//Button[contains(text(),'Search')]

2021-02-05 13:12:18 - [MESSAGE][PASSED] - Object '' is present

2021-02-05 13:12:18 - [MESSAGE][PASSED] - Object: '' is clicked on

2021-02-05 13:12:18 - [MESSAGE][PASSED] - Switched to window with index: '0'

2021-02-05 13:12:18 - [MESSAGE][PASSED] - Click button "Search"

2021-02-05 13:12:18 - [TEST_STEP][PASSED] - Verify Search Result Presents: Verify Search Result Presents

2021-02-05 13:12:18 - [MESSAGE][PASSED] - Object '' is present

2021-02-05 13:12:21 - [MESSAGE][PASSED] - Verify Search Result Presents

2021-02-05 13:12:21 - [TEST_STEP][PASSED] - Click button "Logout": Click button "Logout"

2021-02-05 13:12:21 - [MESSAGE][INFO] - >>>>>//Button[contains(text(),'Logout')]

2021-02-05 13:12:24 - [MESSAGE][PASSED] - Object '' is present

2021-02-05 13:12:25 - [MESSAGE][PASSED] - Object: '' is clicked on

2021-02-05 13:12:25 - [MESSAGE][PASSED] - Switched to window with index: '0'

2021-02-05 13:12:25 - [MESSAGE][PASSED] - Click button "Logout"

2021-02-05 13:12:25 - [TEST_STEP][PASSED] - Close browser: Close browser

2021-02-05 13:12:25 - [MESSAGE][PASSED] - Browser is closed

2021-02-05 13:12:25 - [MESSAGE][PASSED] - Close browser

2021-02-05 13:12:25 - [TEST_CASE][PASSED] - Start Test Case : SCENARIO Search by STATUS Waiting for approval from In Payment: SCENARIO Search by STATUS Waiting for approval from In Payment

2021-02-05 13:12:25 - [TEST_STEP][PASSED] - Go to ISTools: Go to ISTools

2021-02-05 13:12:25 - [MESSAGE][INFO] - Starting 'Chrome (headless)' driver

2021-02-05 13:12:25 - [MESSAGE][INFO] - User set preference: ['args', '[--start-maximized, --disable-gpu, --no-proxy-server, â€“-no-sandbox, --allow-running-insecure-content, --ignore-certificate-errors, window-size=1680,814, force-device-scale-factor=2, --lang=en-GB]']

2021-02-05 13:12:25 - [MESSAGE][INFO] - User set preference: ['prefs', '{download.default_directory=/Users/chaidir.pratama01/Katalon Studio/IST_Automation_Git/Download}']

2021-02-05 13:12:25 - [MESSAGE][INFO] - Action delay is set to 0 milliseconds

2021-02-05 13:12:25 - [MESSAGE][PASSED] - Browser is opened with url: ''

2021-02-05 13:12:27 - [MESSAGE][PASSED] - Navigate to 'https://dev-istools.homecredit.id/foundation/' successfully

2021-02-05 13:12:27 - [MESSAGE][PASSED] - Go to ISTools

2021-02-05 13:12:27 - [TEST_STEP][PASSED] - Login IST with valid credentials: Login IST with valid credentials

2021-02-05 13:12:27 - [MESSAGE][PASSED] - Text 'mobile.test' is set on object 'Object Repository/Page_/input_Username_j_username'

2021-02-05 13:12:27 - [MESSAGE][PASSED] - Text ****** has been set on object 'Object Repository/Page_/input_Password_j_password'

2021-02-05 13:12:28 - [MESSAGE][PASSED] - Object: 'Object Repository/Page_/button_Login' is clicked on

2021-02-05 13:12:28 - [MESSAGE][PASSED] - Login IST with valid credentials

2021-02-05 13:12:28 - [TEST_STEP][PASSED] - Login Success: Login Success

2021-02-05 13:12:28 - [MESSAGE][INFO] - Login Success

2021-02-05 13:12:28 - [MESSAGE][PASSED] - Current window maximized

2021-02-05 13:12:28 - [MESSAGE][PASSED] - Object 'Object Repository/Page_/h1_Welcome to IT Supporting Tools' is present

2021-02-05 13:12:28 - [MESSAGE][PASSED] - Login Success

2021-02-05 13:12:28 - [TEST_STEP][PASSED] - Select Arrow Menu "Real Time Disbursement": Select Arrow Menu "Real Time Disbursement"

2021-02-05 13:12:28 - [MESSAGE][PASSED] - Object: '' is clicked on

2021-02-05 13:12:28 - [MESSAGE][PASSED] - Select Arrow Menu "Real Time Disbursement"

2021-02-05 13:12:28 - [TEST_STEP][PASSED] - Select Menu "Disbursement Dashboard": Select Menu "Disbursement Dashboard"

2021-02-05 13:12:29 - [MESSAGE][PASSED] - Taking screenshot successfully
[[ATTACHMENT|/Users/chaidir.pratama01/Documents/Docs/Katalon Studio/Screenshot/test-Disbursement Dashboard.png]]

2021-02-05 13:12:29 - [MESSAGE][PASSED] - Object '' is present

2021-02-05 13:12:29 - [MESSAGE][PASSED] - Object: '' is clicked on

2021-02-05 13:12:29 - [MESSAGE][PASSED] - Wait for page load successfully

2021-02-05 13:12:29 - [MESSAGE][PASSED] - Select Menu "Disbursement Dashboard"

2021-02-05 13:12:29 - [TEST_STEP][PASSED] - Select STATUS "Waiting for approval from In Payment": Select STATUS "Waiting for approval from In Payment"

2021-02-05 13:12:29 - [MESSAGE][PASSED] - All options with value 'Waiting for approval from In Payment' are selected in object ''  using regular expression

2021-02-05 13:12:29 - [MESSAGE][PASSED] - Select STATUS "Waiting for approval from In Payment"

2021-02-05 13:12:29 - [TEST_STEP][PASSED] - Click button "Search": Click button "Search"

2021-02-05 13:12:29 - [MESSAGE][INFO] - >>>>>//Button[contains(text(),'Search')]

2021-02-05 13:12:32 - [MESSAGE][PASSED] - Object '' is present

2021-02-05 13:12:32 - [MESSAGE][PASSED] - Object: '' is clicked on

2021-02-05 13:12:32 - [MESSAGE][PASSED] - Switched to window with index: '0'

2021-02-05 13:12:32 - [MESSAGE][PASSED] - Click button "Search"

2021-02-05 13:12:32 - [TEST_STEP][PASSED] - Verify Search Result Presents: Verify Search Result Presents

2021-02-05 13:12:32 - [MESSAGE][PASSED] - Object '' is present

2021-02-05 13:12:33 - [MESSAGE][PASSED] - Verify Search Result Presents

2021-02-05 13:12:33 - [TEST_STEP][PASSED] - Click button "Logout": Click button "Logout"

2021-02-05 13:12:33 - [MESSAGE][INFO] - >>>>>//Button[contains(text(),'Logout')]

2021-02-05 13:12:36 - [MESSAGE][PASSED] - Object '' is present

2021-02-05 13:12:36 - [MESSAGE][PASSED] - Object: '' is clicked on

2021-02-05 13:12:36 - [MESSAGE][PASSED] - Switched to window with index: '0'

2021-02-05 13:12:36 - [MESSAGE][PASSED] - Click button "Logout"

2021-02-05 13:12:36 - [TEST_STEP][PASSED] - Close browser: Close browser

2021-02-05 13:12:36 - [MESSAGE][PASSED] - Browser is closed

2021-02-05 13:12:36 - [MESSAGE][PASSED] - Close browser

2021-02-05 13:12:36 - [TEST_CASE][PASSED] - Start Test Case : SCENARIO Search by STATUS Not eligible to disburse: SCENARIO Search by STATUS Not eligible to disburse

2021-02-05 13:12:36 - [TEST_STEP][PASSED] - Go to ISTools: Go to ISTools

2021-02-05 13:12:36 - [MESSAGE][INFO] - Starting 'Chrome (headless)' driver

2021-02-05 13:12:36 - [MESSAGE][INFO] - User set preference: ['args', '[--start-maximized, --disable-gpu, --no-proxy-server, â€“-no-sandbox, --allow-running-insecure-content, --ignore-certificate-errors, window-size=1680,814, force-device-scale-factor=2, --lang=en-GB]']

2021-02-05 13:12:36 - [MESSAGE][INFO] - User set preference: ['prefs', '{download.default_directory=/Users/chaidir.pratama01/Katalon Studio/IST_Automation_Git/Download}']

2021-02-05 13:12:36 - [MESSAGE][INFO] - Action delay is set to 0 milliseconds

2021-02-05 13:12:37 - [MESSAGE][PASSED] - Browser is opened with url: ''

2021-02-05 13:12:38 - [MESSAGE][PASSED] - Navigate to 'https://dev-istools.homecredit.id/foundation/' successfully

2021-02-05 13:12:38 - [MESSAGE][PASSED] - Go to ISTools

2021-02-05 13:12:38 - [TEST_STEP][PASSED] - Login IST with valid credentials: Login IST with valid credentials

2021-02-05 13:12:38 - [MESSAGE][PASSED] - Text 'mobile.test' is set on object 'Object Repository/Page_/input_Username_j_username'

2021-02-05 13:12:38 - [MESSAGE][PASSED] - Text ****** has been set on object 'Object Repository/Page_/input_Password_j_password'

2021-02-05 13:12:39 - [MESSAGE][PASSED] - Object: 'Object Repository/Page_/button_Login' is clicked on

2021-02-05 13:12:39 - [MESSAGE][PASSED] - Login IST with valid credentials

2021-02-05 13:12:39 - [TEST_STEP][PASSED] - Login Success: Login Success

2021-02-05 13:12:39 - [MESSAGE][INFO] - Login Success

2021-02-05 13:12:39 - [MESSAGE][PASSED] - Current window maximized

2021-02-05 13:12:39 - [MESSAGE][PASSED] - Object 'Object Repository/Page_/h1_Welcome to IT Supporting Tools' is present

2021-02-05 13:12:39 - [MESSAGE][PASSED] - Login Success

2021-02-05 13:12:39 - [TEST_STEP][PASSED] - Select Arrow Menu "Real Time Disbursement": Select Arrow Menu "Real Time Disbursement"

2021-02-05 13:12:39 - [MESSAGE][PASSED] - Object: '' is clicked on

2021-02-05 13:12:39 - [MESSAGE][PASSED] - Select Arrow Menu "Real Time Disbursement"

2021-02-05 13:12:39 - [TEST_STEP][PASSED] - Select Menu "Disbursement Dashboard": Select Menu "Disbursement Dashboard"

2021-02-05 13:12:40 - [MESSAGE][PASSED] - Taking screenshot successfully
[[ATTACHMENT|/Users/chaidir.pratama01/Documents/Docs/Katalon Studio/Screenshot/test-Disbursement Dashboard.png]]

2021-02-05 13:12:40 - [MESSAGE][PASSED] - Object '' is present

2021-02-05 13:12:40 - [MESSAGE][PASSED] - Object: '' is clicked on

2021-02-05 13:12:40 - [MESSAGE][PASSED] - Wait for page load successfully

2021-02-05 13:12:40 - [MESSAGE][PASSED] - Select Menu "Disbursement Dashboard"

2021-02-05 13:12:40 - [TEST_STEP][PASSED] - Select STATUS "Not eligible to disburse": Select STATUS "Not eligible to disburse"

2021-02-05 13:12:40 - [MESSAGE][PASSED] - All options with value 'Not eligible to disburse' are selected in object ''  using regular expression

2021-02-05 13:12:40 - [MESSAGE][PASSED] - Select STATUS "Not eligible to disburse"

2021-02-05 13:12:40 - [TEST_STEP][PASSED] - Click button "Search": Click button "Search"

2021-02-05 13:12:40 - [MESSAGE][INFO] - >>>>>//Button[contains(text(),'Search')]

2021-02-05 13:12:43 - [MESSAGE][PASSED] - Object '' is present

2021-02-05 13:12:43 - [MESSAGE][PASSED] - Object: '' is clicked on

2021-02-05 13:12:43 - [MESSAGE][PASSED] - Switched to window with index: '0'

2021-02-05 13:12:43 - [MESSAGE][PASSED] - Click button "Search"

2021-02-05 13:12:43 - [TEST_STEP][PASSED] - Verify Search Result Presents: Verify Search Result Presents

2021-02-05 13:12:44 - [MESSAGE][PASSED] - Object '' is present

2021-02-05 13:12:50 - [MESSAGE][PASSED] - Verify Search Result Presents

2021-02-05 13:12:50 - [TEST_STEP][PASSED] - Click button "Logout": Click button "Logout"

2021-02-05 13:12:50 - [MESSAGE][INFO] - >>>>>//Button[contains(text(),'Logout')]

2021-02-05 13:12:53 - [MESSAGE][PASSED] - Object '' is present

2021-02-05 13:12:54 - [MESSAGE][PASSED] - Object: '' is clicked on

2021-02-05 13:12:54 - [MESSAGE][PASSED] - Switched to window with index: '0'

2021-02-05 13:12:54 - [MESSAGE][PASSED] - Click button "Logout"

2021-02-05 13:12:54 - [TEST_STEP][PASSED] - Close browser: Close browser

2021-02-05 13:12:54 - [MESSAGE][PASSED] - Browser is closed

2021-02-05 13:12:54 - [MESSAGE][PASSED] - Close browser

2021-02-05 13:12:54 - [TEST_CASE][PASSED] - Start Test Case : SCENARIO Search by STATUS Ready to disburse: SCENARIO Search by STATUS Ready to disburse

2021-02-05 13:12:54 - [TEST_STEP][PASSED] - Go to ISTools: Go to ISTools

2021-02-05 13:12:54 - [MESSAGE][INFO] - Starting 'Chrome (headless)' driver

2021-02-05 13:12:54 - [MESSAGE][INFO] - User set preference: ['args', '[--start-maximized, --disable-gpu, --no-proxy-server, â€“-no-sandbox, --allow-running-insecure-content, --ignore-certificate-errors, window-size=1680,814, force-device-scale-factor=2, --lang=en-GB]']

2021-02-05 13:12:54 - [MESSAGE][INFO] - User set preference: ['prefs', '{download.default_directory=/Users/chaidir.pratama01/Katalon Studio/IST_Automation_Git/Download}']

2021-02-05 13:12:54 - [MESSAGE][INFO] - Action delay is set to 0 milliseconds

2021-02-05 13:12:54 - [MESSAGE][PASSED] - Browser is opened with url: ''

2021-02-05 13:12:56 - [MESSAGE][PASSED] - Navigate to 'https://dev-istools.homecredit.id/foundation/' successfully

2021-02-05 13:12:56 - [MESSAGE][PASSED] - Go to ISTools

2021-02-05 13:12:56 - [TEST_STEP][PASSED] - Login IST with valid credentials: Login IST with valid credentials

2021-02-05 13:12:56 - [MESSAGE][PASSED] - Text 'mobile.test' is set on object 'Object Repository/Page_/input_Username_j_username'

2021-02-05 13:12:56 - [MESSAGE][PASSED] - Text ****** has been set on object 'Object Repository/Page_/input_Password_j_password'

2021-02-05 13:12:58 - [MESSAGE][PASSED] - Object: 'Object Repository/Page_/button_Login' is clicked on

2021-02-05 13:12:58 - [MESSAGE][PASSED] - Login IST with valid credentials

2021-02-05 13:12:58 - [TEST_STEP][PASSED] - Login Success: Login Success

2021-02-05 13:12:58 - [MESSAGE][INFO] - Login Success

2021-02-05 13:12:58 - [MESSAGE][PASSED] - Current window maximized

2021-02-05 13:12:58 - [MESSAGE][PASSED] - Object 'Object Repository/Page_/h1_Welcome to IT Supporting Tools' is present

2021-02-05 13:12:58 - [MESSAGE][PASSED] - Login Success

2021-02-05 13:12:58 - [TEST_STEP][PASSED] - Select Arrow Menu "Real Time Disbursement": Select Arrow Menu "Real Time Disbursement"

2021-02-05 13:12:58 - [MESSAGE][PASSED] - Object: '' is clicked on

2021-02-05 13:12:58 - [MESSAGE][PASSED] - Select Arrow Menu "Real Time Disbursement"

2021-02-05 13:12:58 - [TEST_STEP][PASSED] - Select Menu "Disbursement Dashboard": Select Menu "Disbursement Dashboard"

2021-02-05 13:12:59 - [MESSAGE][PASSED] - Taking screenshot successfully
[[ATTACHMENT|/Users/chaidir.pratama01/Documents/Docs/Katalon Studio/Screenshot/test-Disbursement Dashboard.png]]

2021-02-05 13:12:59 - [MESSAGE][PASSED] - Object '' is present

2021-02-05 13:12:59 - [MESSAGE][PASSED] - Object: '' is clicked on

2021-02-05 13:12:59 - [MESSAGE][PASSED] - Wait for page load successfully

2021-02-05 13:12:59 - [MESSAGE][PASSED] - Select Menu "Disbursement Dashboard"

2021-02-05 13:12:59 - [TEST_STEP][PASSED] - Select STATUS "Ready to disburse": Select STATUS "Ready to disburse"

2021-02-05 13:12:59 - [MESSAGE][PASSED] - All options with value 'Ready to disburse' are selected in object ''  using regular expression

2021-02-05 13:12:59 - [MESSAGE][PASSED] - Select STATUS "Ready to disburse"

2021-02-05 13:12:59 - [TEST_STEP][PASSED] - Click button "Search": Click button "Search"

2021-02-05 13:12:59 - [MESSAGE][INFO] - >>>>>//Button[contains(text(),'Search')]

2021-02-05 13:13:02 - [MESSAGE][PASSED] - Object '' is present

2021-02-05 13:13:02 - [MESSAGE][PASSED] - Object: '' is clicked on

2021-02-05 13:13:02 - [MESSAGE][PASSED] - Switched to window with index: '0'

2021-02-05 13:13:02 - [MESSAGE][PASSED] - Click button "Search"

2021-02-05 13:13:02 - [TEST_STEP][PASSED] - Verify Search Result Presents: Verify Search Result Presents

2021-02-05 13:13:03 - [MESSAGE][PASSED] - Object '' is present

2021-02-05 13:13:05 - [MESSAGE][PASSED] - Verify Search Result Presents

2021-02-05 13:13:05 - [TEST_STEP][PASSED] - Click button "Logout": Click button "Logout"

2021-02-05 13:13:05 - [MESSAGE][INFO] - >>>>>//Button[contains(text(),'Logout')]

2021-02-05 13:13:08 - [MESSAGE][PASSED] - Object '' is present

2021-02-05 13:13:08 - [MESSAGE][PASSED] - Object: '' is clicked on

2021-02-05 13:13:08 - [MESSAGE][PASSED] - Switched to window with index: '0'

2021-02-05 13:13:08 - [MESSAGE][PASSED] - Click button "Logout"

2021-02-05 13:13:08 - [TEST_STEP][PASSED] - Close browser: Close browser

2021-02-05 13:13:08 - [MESSAGE][PASSED] - Browser is closed

2021-02-05 13:13:08 - [MESSAGE][PASSED] - Close browser

2021-02-05 13:13:08 - [TEST_CASE][PASSED] - Start Test Case : SCENARIO Search by STATUS Failed due to invalid bank account: SCENARIO Search by STATUS Failed due to invalid bank account

2021-02-05 13:13:08 - [TEST_STEP][PASSED] - Go to ISTools: Go to ISTools

2021-02-05 13:13:08 - [MESSAGE][INFO] - Starting 'Chrome (headless)' driver

2021-02-05 13:13:08 - [MESSAGE][INFO] - User set preference: ['args', '[--start-maximized, --disable-gpu, --no-proxy-server, â€“-no-sandbox, --allow-running-insecure-content, --ignore-certificate-errors, window-size=1680,814, force-device-scale-factor=2, --lang=en-GB]']

2021-02-05 13:13:08 - [MESSAGE][INFO] - User set preference: ['prefs', '{download.default_directory=/Users/chaidir.pratama01/Katalon Studio/IST_Automation_Git/Download}']

2021-02-05 13:13:08 - [MESSAGE][INFO] - Action delay is set to 0 milliseconds

2021-02-05 13:13:09 - [MESSAGE][PASSED] - Browser is opened with url: ''

2021-02-05 13:13:11 - [MESSAGE][PASSED] - Navigate to 'https://dev-istools.homecredit.id/foundation/' successfully

2021-02-05 13:13:11 - [MESSAGE][PASSED] - Go to ISTools

2021-02-05 13:13:11 - [TEST_STEP][PASSED] - Login IST with valid credentials: Login IST with valid credentials

2021-02-05 13:13:11 - [MESSAGE][PASSED] - Text 'mobile.test' is set on object 'Object Repository/Page_/input_Username_j_username'

2021-02-05 13:13:11 - [MESSAGE][PASSED] - Text ****** has been set on object 'Object Repository/Page_/input_Password_j_password'

2021-02-05 13:13:11 - [MESSAGE][PASSED] - Object: 'Object Repository/Page_/button_Login' is clicked on

2021-02-05 13:13:11 - [MESSAGE][PASSED] - Login IST with valid credentials

2021-02-05 13:13:11 - [TEST_STEP][PASSED] - Login Success: Login Success

2021-02-05 13:13:11 - [MESSAGE][INFO] - Login Success

2021-02-05 13:13:11 - [MESSAGE][PASSED] - Current window maximized

2021-02-05 13:13:12 - [MESSAGE][PASSED] - Object 'Object Repository/Page_/h1_Welcome to IT Supporting Tools' is present

2021-02-05 13:13:12 - [MESSAGE][PASSED] - Login Success

2021-02-05 13:13:12 - [TEST_STEP][PASSED] - Select Arrow Menu "Real Time Disbursement": Select Arrow Menu "Real Time Disbursement"

2021-02-05 13:13:12 - [MESSAGE][PASSED] - Object: '' is clicked on

2021-02-05 13:13:12 - [MESSAGE][PASSED] - Select Arrow Menu "Real Time Disbursement"

2021-02-05 13:13:12 - [TEST_STEP][PASSED] - Select Menu "Disbursement Dashboard": Select Menu "Disbursement Dashboard"

2021-02-05 13:13:12 - [MESSAGE][PASSED] - Taking screenshot successfully
[[ATTACHMENT|/Users/chaidir.pratama01/Documents/Docs/Katalon Studio/Screenshot/test-Disbursement Dashboard.png]]

2021-02-05 13:13:12 - [MESSAGE][PASSED] - Object '' is present

2021-02-05 13:13:12 - [MESSAGE][PASSED] - Object: '' is clicked on

2021-02-05 13:13:12 - [MESSAGE][PASSED] - Wait for page load successfully

2021-02-05 13:13:12 - [MESSAGE][PASSED] - Select Menu "Disbursement Dashboard"

2021-02-05 13:13:12 - [TEST_STEP][PASSED] - Select STATUS "Failed due to invalid bank account": Select STATUS "Failed due to invalid bank account"

2021-02-05 13:13:13 - [MESSAGE][PASSED] - All options with value 'Failed due to invalid bank account' are selected in object ''  using regular expression

2021-02-05 13:13:13 - [MESSAGE][PASSED] - Select STATUS "Failed due to invalid bank account"

2021-02-05 13:13:13 - [TEST_STEP][PASSED] - Click button "Search": Click button "Search"

2021-02-05 13:13:13 - [MESSAGE][INFO] - >>>>>//Button[contains(text(),'Search')]

2021-02-05 13:13:16 - [MESSAGE][PASSED] - Object '' is present

2021-02-05 13:13:16 - [MESSAGE][PASSED] - Object: '' is clicked on

2021-02-05 13:13:16 - [MESSAGE][PASSED] - Switched to window with index: '0'

2021-02-05 13:13:16 - [MESSAGE][PASSED] - Click button "Search"

2021-02-05 13:13:16 - [TEST_STEP][PASSED] - Verify Search Result Presents: Verify Search Result Presents

2021-02-05 13:13:16 - [MESSAGE][PASSED] - Object '' is present

2021-02-05 13:13:17 - [MESSAGE][PASSED] - Verify Search Result Presents

2021-02-05 13:13:17 - [TEST_STEP][PASSED] - Click button "Logout": Click button "Logout"

2021-02-05 13:13:17 - [MESSAGE][INFO] - >>>>>//Button[contains(text(),'Logout')]

2021-02-05 13:13:20 - [MESSAGE][PASSED] - Object '' is present

2021-02-05 13:13:21 - [MESSAGE][PASSED] - Object: '' is clicked on

2021-02-05 13:13:21 - [MESSAGE][PASSED] - Switched to window with index: '0'

2021-02-05 13:13:21 - [MESSAGE][PASSED] - Click button "Logout"

2021-02-05 13:13:21 - [TEST_STEP][PASSED] - Close browser: Close browser

2021-02-05 13:13:21 - [MESSAGE][PASSED] - Browser is closed

2021-02-05 13:13:21 - [MESSAGE][PASSED] - Close browser

2021-02-05 13:13:21 - [TEST_CASE][PASSED] - Start Test Case : SCENARIO Search by STATUS Failed due to system error: SCENARIO Search by STATUS Failed due to system error

2021-02-05 13:13:21 - [TEST_STEP][PASSED] - Go to ISTools: Go to ISTools

2021-02-05 13:13:21 - [MESSAGE][INFO] - Starting 'Chrome (headless)' driver

2021-02-05 13:13:21 - [MESSAGE][INFO] - User set preference: ['args', '[--start-maximized, --disable-gpu, --no-proxy-server, â€“-no-sandbox, --allow-running-insecure-content, --ignore-certificate-errors, window-size=1680,814, force-device-scale-factor=2, --lang=en-GB]']

2021-02-05 13:13:21 - [MESSAGE][INFO] - User set preference: ['prefs', '{download.default_directory=/Users/chaidir.pratama01/Katalon Studio/IST_Automation_Git/Download}']

2021-02-05 13:13:21 - [MESSAGE][INFO] - Action delay is set to 0 milliseconds

2021-02-05 13:13:22 - [MESSAGE][PASSED] - Browser is opened with url: ''

2021-02-05 13:13:24 - [MESSAGE][PASSED] - Navigate to 'https://dev-istools.homecredit.id/foundation/' successfully

2021-02-05 13:13:24 - [MESSAGE][PASSED] - Go to ISTools

2021-02-05 13:13:24 - [TEST_STEP][PASSED] - Login IST with valid credentials: Login IST with valid credentials

2021-02-05 13:13:24 - [MESSAGE][PASSED] - Text 'mobile.test' is set on object 'Object Repository/Page_/input_Username_j_username'

2021-02-05 13:13:24 - [MESSAGE][PASSED] - Text ****** has been set on object 'Object Repository/Page_/input_Password_j_password'

2021-02-05 13:13:25 - [MESSAGE][PASSED] - Object: 'Object Repository/Page_/button_Login' is clicked on

2021-02-05 13:13:25 - [MESSAGE][PASSED] - Login IST with valid credentials

2021-02-05 13:13:25 - [TEST_STEP][PASSED] - Login Success: Login Success

2021-02-05 13:13:25 - [MESSAGE][INFO] - Login Success

2021-02-05 13:13:25 - [MESSAGE][PASSED] - Current window maximized

2021-02-05 13:13:25 - [MESSAGE][PASSED] - Object 'Object Repository/Page_/h1_Welcome to IT Supporting Tools' is present

2021-02-05 13:13:25 - [MESSAGE][PASSED] - Login Success

2021-02-05 13:13:25 - [TEST_STEP][PASSED] - Select Arrow Menu "Real Time Disbursement": Select Arrow Menu "Real Time Disbursement"

2021-02-05 13:13:25 - [MESSAGE][PASSED] - Object: '' is clicked on

2021-02-05 13:13:25 - [MESSAGE][PASSED] - Select Arrow Menu "Real Time Disbursement"

2021-02-05 13:13:25 - [TEST_STEP][PASSED] - Select Menu "Disbursement Dashboard": Select Menu "Disbursement Dashboard"

2021-02-05 13:13:26 - [MESSAGE][PASSED] - Taking screenshot successfully
[[ATTACHMENT|/Users/chaidir.pratama01/Documents/Docs/Katalon Studio/Screenshot/test-Disbursement Dashboard.png]]

2021-02-05 13:13:26 - [MESSAGE][PASSED] - Object '' is present

2021-02-05 13:13:26 - [MESSAGE][PASSED] - Object: '' is clicked on

2021-02-05 13:13:26 - [MESSAGE][PASSED] - Wait for page load successfully

2021-02-05 13:13:26 - [MESSAGE][PASSED] - Select Menu "Disbursement Dashboard"

2021-02-05 13:13:26 - [TEST_STEP][PASSED] - Select STATUS "Failed due to system error": Select STATUS "Failed due to system error"

2021-02-05 13:13:27 - [MESSAGE][PASSED] - All options with value 'Failed due to system error' are selected in object ''  using regular expression

2021-02-05 13:13:27 - [MESSAGE][PASSED] - Select STATUS "Failed due to system error"

2021-02-05 13:13:27 - [TEST_STEP][PASSED] - Click button "Search": Click button "Search"

2021-02-05 13:13:27 - [MESSAGE][INFO] - >>>>>//Button[contains(text(),'Search')]

2021-02-05 13:13:30 - [MESSAGE][PASSED] - Object '' is present

2021-02-05 13:13:30 - [MESSAGE][PASSED] - Object: '' is clicked on

2021-02-05 13:13:30 - [MESSAGE][PASSED] - Switched to window with index: '0'

2021-02-05 13:13:30 - [MESSAGE][PASSED] - Click button "Search"

2021-02-05 13:13:30 - [TEST_STEP][PASSED] - Verify Search Result Presents: Verify Search Result Presents

2021-02-05 13:13:30 - [MESSAGE][PASSED] - Object '' is present

2021-02-05 13:13:33 - [MESSAGE][PASSED] - Verify Search Result Presents

2021-02-05 13:13:33 - [TEST_STEP][PASSED] - Click button "Logout": Click button "Logout"

2021-02-05 13:13:33 - [MESSAGE][INFO] - >>>>>//Button[contains(text(),'Logout')]

2021-02-05 13:13:36 - [MESSAGE][PASSED] - Object '' is present

2021-02-05 13:13:37 - [MESSAGE][PASSED] - Object: '' is clicked on

2021-02-05 13:13:37 - [MESSAGE][PASSED] - Switched to window with index: '0'

2021-02-05 13:13:37 - [MESSAGE][PASSED] - Click button "Logout"

2021-02-05 13:13:37 - [TEST_STEP][PASSED] - Close browser: Close browser

2021-02-05 13:13:37 - [MESSAGE][PASSED] - Browser is closed

2021-02-05 13:13:37 - [MESSAGE][PASSED] - Close browser

2021-02-05 13:13:37 - [TEST_CASE][PASSED] - Start Test Case : SCENARIO Search by STATUS Failed due to insufficient fund: SCENARIO Search by STATUS Failed due to insufficient fund

2021-02-05 13:13:37 - [TEST_STEP][PASSED] - Go to ISTools: Go to ISTools

2021-02-05 13:13:37 - [MESSAGE][INFO] - Starting 'Chrome (headless)' driver

2021-02-05 13:13:37 - [MESSAGE][INFO] - User set preference: ['args', '[--start-maximized, --disable-gpu, --no-proxy-server, â€“-no-sandbox, --allow-running-insecure-content, --ignore-certificate-errors, window-size=1680,814, force-device-scale-factor=2, --lang=en-GB]']

2021-02-05 13:13:37 - [MESSAGE][INFO] - User set preference: ['prefs', '{download.default_directory=/Users/chaidir.pratama01/Katalon Studio/IST_Automation_Git/Download}']

2021-02-05 13:13:37 - [MESSAGE][INFO] - Action delay is set to 0 milliseconds

2021-02-05 13:13:37 - [MESSAGE][PASSED] - Browser is opened with url: ''

2021-02-05 13:13:39 - [MESSAGE][PASSED] - Navigate to 'https://dev-istools.homecredit.id/foundation/' successfully

2021-02-05 13:13:39 - [MESSAGE][PASSED] - Go to ISTools

2021-02-05 13:13:39 - [TEST_STEP][PASSED] - Login IST with valid credentials: Login IST with valid credentials

2021-02-05 13:13:39 - [MESSAGE][PASSED] - Text 'mobile.test' is set on object 'Object Repository/Page_/input_Username_j_username'

2021-02-05 13:13:39 - [MESSAGE][PASSED] - Text ****** has been set on object 'Object Repository/Page_/input_Password_j_password'

2021-02-05 13:13:40 - [MESSAGE][PASSED] - Object: 'Object Repository/Page_/button_Login' is clicked on

2021-02-05 13:13:40 - [MESSAGE][PASSED] - Login IST with valid credentials

2021-02-05 13:13:40 - [TEST_STEP][PASSED] - Login Success: Login Success

2021-02-05 13:13:40 - [MESSAGE][INFO] - Login Success

2021-02-05 13:13:40 - [MESSAGE][PASSED] - Current window maximized

2021-02-05 13:13:40 - [MESSAGE][PASSED] - Object 'Object Repository/Page_/h1_Welcome to IT Supporting Tools' is present

2021-02-05 13:13:40 - [MESSAGE][PASSED] - Login Success

2021-02-05 13:13:40 - [TEST_STEP][PASSED] - Select Arrow Menu "Real Time Disbursement": Select Arrow Menu "Real Time Disbursement"

2021-02-05 13:13:40 - [MESSAGE][PASSED] - Object: '' is clicked on

2021-02-05 13:13:40 - [MESSAGE][PASSED] - Select Arrow Menu "Real Time Disbursement"

2021-02-05 13:13:40 - [TEST_STEP][PASSED] - Select Menu "Disbursement Dashboard": Select Menu "Disbursement Dashboard"

2021-02-05 13:13:41 - [MESSAGE][PASSED] - Taking screenshot successfully
[[ATTACHMENT|/Users/chaidir.pratama01/Documents/Docs/Katalon Studio/Screenshot/test-Disbursement Dashboard.png]]

2021-02-05 13:13:41 - [MESSAGE][PASSED] - Object '' is present

2021-02-05 13:13:41 - [MESSAGE][PASSED] - Object: '' is clicked on

2021-02-05 13:13:41 - [MESSAGE][PASSED] - Wait for page load successfully

2021-02-05 13:13:41 - [MESSAGE][PASSED] - Select Menu "Disbursement Dashboard"

2021-02-05 13:13:41 - [TEST_STEP][PASSED] - Select STATUS "Failed due to insufficient fund": Select STATUS "Failed due to insufficient fund"

2021-02-05 13:13:41 - [MESSAGE][PASSED] - All options with value 'Failed due to insufficient fund' are selected in object ''  using regular expression

2021-02-05 13:13:41 - [MESSAGE][PASSED] - Select STATUS "Failed due to insufficient fund"

2021-02-05 13:13:41 - [TEST_STEP][PASSED] - Click button "Search": Click button "Search"

2021-02-05 13:13:41 - [MESSAGE][INFO] - >>>>>//Button[contains(text(),'Search')]

2021-02-05 13:13:44 - [MESSAGE][PASSED] - Object '' is present

2021-02-05 13:13:44 - [MESSAGE][PASSED] - Object: '' is clicked on

2021-02-05 13:13:44 - [MESSAGE][PASSED] - Switched to window with index: '0'

2021-02-05 13:13:44 - [MESSAGE][PASSED] - Click button "Search"

2021-02-05 13:13:44 - [TEST_STEP][PASSED] - Verify Search Result Presents: Verify Search Result Presents

2021-02-05 13:13:48 - [MESSAGE][INFO] - Unable to find the element located by 'By.xpath: //td[@style='display:none' and contains(text(),'-Empty-')]'. Please recheck the objects properties to make sure the desired element is located. 

2021-02-05 13:13:49 - [MESSAGE][WARNING] - com.kms.katalon.core.webui.exception.WebElementNotFoundException: Web element with id: '' located by '//td[@style='display:none' and contains(text(),'-Empty-')]' not found (Root cause: com.kms.katalon.core.exception.StepFailedException: com.kms.katalon.core.webui.exception.WebElementNotFoundException: Web element with id: '' located by '//td[@style='display:none' and contains(text(),'-Empty-')]' not found
	at com.kms.katalon.core.webui.keyword.internal.WebUIKeywordMain.stepFailed(WebUIKeywordMain.groovy:64)
	at com.kms.katalon.core.webui.keyword.builtin.VerifyElementPresentKeyword$_verifyElementPresent_closure1.doCall(VerifyElementPresentKeyword.groovy:85)
	at com.kms.katalon.core.webui.keyword.builtin.VerifyElementPresentKeyword$_verifyElementPresent_closure1.call(VerifyElementPresentKeyword.groovy)
	at com.kms.katalon.core.webui.keyword.internal.WebUIKeywordMain.runKeyword(WebUIKeywordMain.groovy:20)
	at com.kms.katalon.core.webui.keyword.builtin.VerifyElementPresentKeyword.verifyElementPresent(VerifyElementPresentKeyword.groovy:92)
	at com.kms.katalon.core.webui.keyword.builtin.VerifyElementPresentKeyword.execute(VerifyElementPresentKeyword.groovy:68)
	at com.kms.katalon.core.keyword.internal.KeywordExecutor.executeKeywordForPlatform(KeywordExecutor.groovy:73)
	at com.kms.katalon.core.webui.keyword.WebUiBuiltInKeywords.verifyElementPresent(WebUiBuiltInKeywords.groovy:1444)
	at com.kms.katalon.core.webui.keyword.WebUiBuiltInKeywords$verifyElementPresent$11.call(Unknown Source)
	at ist_real.Contract_Dispatcher.VerifyTblFilled(Contract_Dispatcher.groovy:1313)
	at ist_real.Contract_Dispatcher$VerifyTblFilled$0.call(Unknown Source)
	at RTD.Search_Result_Presents(RTD.groovy:189)
	at cucumber.runtime.Utils$1.call(Utils.java:26)
	at cucumber.runtime.Timeout.timeout(Timeout.java:16)
	at cucumber.runtime.Utils.invoke(Utils.java:20)
	at cucumber.runtime.java.JavaStepDefinition.execute(JavaStepDefinition.java:48)
	at cucumber.runtime.PickleStepDefinitionMatch.runStep(PickleStepDefinitionMatch.java:50)
	at cucumber.runner.TestStep.executeStep(TestStep.java:55)
	at cucumber.runner.TestStep.run(TestStep.java:42)
	at cucumber.runner.PickleStepTestStep.run(PickleStepTestStep.java:53)
	at cucumber.runner.TestCase.run(TestCase.java:47)
	at cucumber.runner.Runner.runPickle(Runner.java:44)
	at cucumber.runtime.Runtime.runFeature(Runtime.java:120)
	at cucumber.runtime.Runtime.run(Runtime.java:106)
	at cucumber.api.cli.Main.run(Main.java:35)
	at cucumber.api.cli.Main$run.call(Unknown Source)
	at com.kms.katalon.core.cucumber.keyword.CucumberBuiltinKeywords$_runFeatureFile_closure1.doCall(CucumberBuiltinKeywords.groovy:76)
	at com.kms.katalon.core.cucumber.keyword.CucumberBuiltinKeywords$_runFeatureFile_closure1.doCall(CucumberBuiltinKeywords.groovy)
	at com.kms.katalon.core.keyword.internal.KeywordMain.runKeyword(KeywordMain.groovy:68)
	at com.kms.katalon.core.keyword.internal.KeywordMain$runKeyword.call(Unknown Source)
	at com.kms.katalon.core.cucumber.keyword.CucumberBuiltinKeywords.runFeatureFile(CucumberBuiltinKeywords.groovy:46)
	at com.kms.katalon.core.cucumber.keyword.CucumberBuiltinKeywords$runFeatureFile$0.callStatic(Unknown Source)
	at com.kms.katalon.core.cucumber.keyword.CucumberBuiltinKeywords.runFeatureFile(CucumberBuiltinKeywords.groovy:169)
	at com.kms.katalon.core.cucumber.keyword.CucumberBuiltinKeywords$runFeatureFile.call(Unknown Source)
	at TC_Search_by_STATUS_Disbursement_Dashboard.run(TC_Search_by_STATUS_Disbursement_Dashboard:18)
	at com.kms.katalon.core.main.ScriptEngine.run(ScriptEngine.java:194)
	at com.kms.katalon.core.main.ScriptEngine.runScriptAsRawText(ScriptEngine.java:119)
	at com.kms.katalon.core.main.TestCaseExecutor.runScript(TestCaseExecutor.java:339)
	at com.kms.katalon.core.main.TestCaseExecutor.doExecute(TestCaseExecutor.java:330)
	at com.kms.katalon.core.main.TestCaseExecutor.processExecutionPhase(TestCaseExecutor.java:309)
	at com.kms.katalon.core.main.TestCaseExecutor.accessMainPhase(TestCaseExecutor.java:301)
	at com.kms.katalon.core.main.TestCaseExecutor.execute(TestCaseExecutor.java:235)
	at com.kms.katalon.core.main.TestSuiteExecutor.accessTestCaseMainPhase(TestSuiteExecutor.java:191)
	at com.kms.katalon.core.main.TestSuiteExecutor.accessTestSuiteMainPhase(TestSuiteExecutor.java:141)
	at com.kms.katalon.core.main.TestSuiteExecutor.execute(TestSuiteExecutor.java:90)
	at com.kms.katalon.core.main.TestCaseMain.startTestSuite(TestCaseMain.java:157)
	at com.kms.katalon.core.main.TestCaseMain$startTestSuite$0.call(Unknown Source)
	at TempTestSuite1612505434389.run(TempTestSuite1612505434389.groovy:39)
)
[[ATTACHMENT|/Users/chaidir.pratama01/Katalon Studio/IST_Automation_Git/Reports/20210205_131034/RTD/TS_Disbursement_Dashboard/20210205_131034/1612505628742.png]]

2021-02-05 13:13:49 - [MESSAGE][PASSED] - Verify Search Result Presents

2021-02-05 13:13:49 - [TEST_STEP][PASSED] - Click button "Logout": Click button "Logout"

2021-02-05 13:13:49 - [MESSAGE][INFO] - >>>>>//Button[contains(text(),'Logout')]

2021-02-05 13:13:52 - [MESSAGE][PASSED] - Object '' is present

2021-02-05 13:13:52 - [MESSAGE][PASSED] - Object: '' is clicked on

2021-02-05 13:13:52 - [MESSAGE][PASSED] - Switched to window with index: '0'

2021-02-05 13:13:52 - [MESSAGE][PASSED] - Click button "Logout"

2021-02-05 13:13:52 - [TEST_STEP][PASSED] - Close browser: Close browser

2021-02-05 13:13:53 - [MESSAGE][PASSED] - Browser is closed

2021-02-05 13:13:53 - [MESSAGE][PASSED] - Close browser

2021-02-05 13:13:53 - [TEST_CASE][PASSED] - Start Test Case : SCENARIO Search by STATUS Manual Disbursement: SCENARIO Search by STATUS Manual Disbursement

2021-02-05 13:13:53 - [TEST_STEP][PASSED] - Go to ISTools: Go to ISTools

2021-02-05 13:13:53 - [MESSAGE][INFO] - Starting 'Chrome (headless)' driver

2021-02-05 13:13:53 - [MESSAGE][INFO] - User set preference: ['args', '[--start-maximized, --disable-gpu, --no-proxy-server, â€“-no-sandbox, --allow-running-insecure-content, --ignore-certificate-errors, window-size=1680,814, force-device-scale-factor=2, --lang=en-GB]']

2021-02-05 13:13:53 - [MESSAGE][INFO] - User set preference: ['prefs', '{download.default_directory=/Users/chaidir.pratama01/Katalon Studio/IST_Automation_Git/Download}']

2021-02-05 13:13:53 - [MESSAGE][INFO] - Action delay is set to 0 milliseconds

2021-02-05 13:13:53 - [MESSAGE][PASSED] - Browser is opened with url: ''

2021-02-05 13:13:54 - [MESSAGE][PASSED] - Navigate to 'https://dev-istools.homecredit.id/foundation/' successfully

2021-02-05 13:13:54 - [MESSAGE][PASSED] - Go to ISTools

2021-02-05 13:13:54 - [TEST_STEP][PASSED] - Login IST with valid credentials: Login IST with valid credentials

2021-02-05 13:13:54 - [MESSAGE][PASSED] - Text 'mobile.test' is set on object 'Object Repository/Page_/input_Username_j_username'

2021-02-05 13:13:54 - [MESSAGE][PASSED] - Text ****** has been set on object 'Object Repository/Page_/input_Password_j_password'

2021-02-05 13:13:55 - [MESSAGE][PASSED] - Object: 'Object Repository/Page_/button_Login' is clicked on

2021-02-05 13:13:55 - [MESSAGE][PASSED] - Login IST with valid credentials

2021-02-05 13:13:55 - [TEST_STEP][PASSED] - Login Success: Login Success

2021-02-05 13:13:55 - [MESSAGE][INFO] - Login Success

2021-02-05 13:13:55 - [MESSAGE][PASSED] - Current window maximized

2021-02-05 13:13:55 - [MESSAGE][PASSED] - Object 'Object Repository/Page_/h1_Welcome to IT Supporting Tools' is present

2021-02-05 13:13:55 - [MESSAGE][PASSED] - Login Success

2021-02-05 13:13:55 - [TEST_STEP][PASSED] - Select Arrow Menu "Real Time Disbursement": Select Arrow Menu "Real Time Disbursement"

2021-02-05 13:13:55 - [MESSAGE][PASSED] - Object: '' is clicked on

2021-02-05 13:13:55 - [MESSAGE][PASSED] - Select Arrow Menu "Real Time Disbursement"

2021-02-05 13:13:55 - [TEST_STEP][PASSED] - Select Menu "Disbursement Dashboard": Select Menu "Disbursement Dashboard"

2021-02-05 13:13:56 - [MESSAGE][PASSED] - Taking screenshot successfully
[[ATTACHMENT|/Users/chaidir.pratama01/Documents/Docs/Katalon Studio/Screenshot/test-Disbursement Dashboard.png]]

2021-02-05 13:13:56 - [MESSAGE][PASSED] - Object '' is present

2021-02-05 13:13:56 - [MESSAGE][PASSED] - Object: '' is clicked on

2021-02-05 13:13:56 - [MESSAGE][PASSED] - Wait for page load successfully

2021-02-05 13:13:56 - [MESSAGE][PASSED] - Select Menu "Disbursement Dashboard"

2021-02-05 13:13:56 - [TEST_STEP][PASSED] - Select STATUS "Manual Disbursement": Select STATUS "Manual Disbursement"

2021-02-05 13:13:56 - [MESSAGE][PASSED] - All options with value 'Manual Disbursement' are selected in object ''  using regular expression

2021-02-05 13:13:56 - [MESSAGE][PASSED] - Select STATUS "Manual Disbursement"

2021-02-05 13:13:56 - [TEST_STEP][PASSED] - Click button "Search": Click button "Search"

2021-02-05 13:13:56 - [MESSAGE][INFO] - >>>>>//Button[contains(text(),'Search')]

2021-02-05 13:13:59 - [MESSAGE][PASSED] - Object '' is present

2021-02-05 13:13:59 - [MESSAGE][PASSED] - Object: '' is clicked on

2021-02-05 13:13:59 - [MESSAGE][PASSED] - Switched to window with index: '0'

2021-02-05 13:13:59 - [MESSAGE][PASSED] - Click button "Search"

2021-02-05 13:13:59 - [TEST_STEP][PASSED] - Verify Search Result Presents: Verify Search Result Presents

2021-02-05 13:14:00 - [MESSAGE][PASSED] - Object '' is present

2021-02-05 13:14:06 - [MESSAGE][PASSED] - Verify Search Result Presents

2021-02-05 13:14:06 - [TEST_STEP][PASSED] - Click button "Logout": Click button "Logout"

2021-02-05 13:14:06 - [MESSAGE][INFO] - >>>>>//Button[contains(text(),'Logout')]

2021-02-05 13:14:09 - [MESSAGE][PASSED] - Object '' is present

2021-02-05 13:14:09 - [MESSAGE][PASSED] - Object: '' is clicked on

2021-02-05 13:14:09 - [MESSAGE][PASSED] - Switched to window with index: '0'

2021-02-05 13:14:09 - [MESSAGE][PASSED] - Click button "Logout"

2021-02-05 13:14:09 - [TEST_STEP][PASSED] - Close browser: Close browser

2021-02-05 13:14:09 - [MESSAGE][PASSED] - Browser is closed

2021-02-05 13:14:09 - [MESSAGE][PASSED] - Close browser

2021-02-05 13:14:09 - [TEST_CASE][PASSED] - Start Test Case : SCENARIO Search by STATUS DONE: SCENARIO Search by STATUS DONE

2021-02-05 13:14:09 - [TEST_STEP][PASSED] - Go to ISTools: Go to ISTools

2021-02-05 13:14:09 - [MESSAGE][INFO] - Starting 'Chrome (headless)' driver

2021-02-05 13:14:09 - [MESSAGE][INFO] - User set preference: ['args', '[--start-maximized, --disable-gpu, --no-proxy-server, â€“-no-sandbox, --allow-running-insecure-content, --ignore-certificate-errors, window-size=1680,814, force-device-scale-factor=2, --lang=en-GB]']

2021-02-05 13:14:09 - [MESSAGE][INFO] - User set preference: ['prefs', '{download.default_directory=/Users/chaidir.pratama01/Katalon Studio/IST_Automation_Git/Download}']

2021-02-05 13:14:09 - [MESSAGE][INFO] - Action delay is set to 0 milliseconds

2021-02-05 13:14:10 - [MESSAGE][PASSED] - Browser is opened with url: ''

2021-02-05 13:14:12 - [MESSAGE][PASSED] - Navigate to 'https://dev-istools.homecredit.id/foundation/' successfully

2021-02-05 13:14:12 - [MESSAGE][PASSED] - Go to ISTools

2021-02-05 13:14:12 - [TEST_STEP][PASSED] - Login IST with valid credentials: Login IST with valid credentials

2021-02-05 13:14:12 - [MESSAGE][PASSED] - Text 'mobile.test' is set on object 'Object Repository/Page_/input_Username_j_username'

2021-02-05 13:14:12 - [MESSAGE][PASSED] - Text ****** has been set on object 'Object Repository/Page_/input_Password_j_password'

2021-02-05 13:14:15 - [MESSAGE][PASSED] - Object: 'Object Repository/Page_/button_Login' is clicked on

2021-02-05 13:14:15 - [MESSAGE][PASSED] - Login IST with valid credentials

2021-02-05 13:14:15 - [TEST_STEP][PASSED] - Login Success: Login Success

2021-02-05 13:14:15 - [MESSAGE][INFO] - Login Success

2021-02-05 13:14:15 - [MESSAGE][PASSED] - Current window maximized

2021-02-05 13:14:15 - [MESSAGE][PASSED] - Object 'Object Repository/Page_/h1_Welcome to IT Supporting Tools' is present

2021-02-05 13:14:15 - [MESSAGE][PASSED] - Login Success

2021-02-05 13:14:15 - [TEST_STEP][PASSED] - Select Arrow Menu "Real Time Disbursement": Select Arrow Menu "Real Time Disbursement"

2021-02-05 13:14:15 - [MESSAGE][PASSED] - Object: '' is clicked on

2021-02-05 13:14:15 - [MESSAGE][PASSED] - Select Arrow Menu "Real Time Disbursement"

2021-02-05 13:14:15 - [TEST_STEP][PASSED] - Select Menu "Disbursement Dashboard": Select Menu "Disbursement Dashboard"

2021-02-05 13:14:16 - [MESSAGE][PASSED] - Taking screenshot successfully
[[ATTACHMENT|/Users/chaidir.pratama01/Documents/Docs/Katalon Studio/Screenshot/test-Disbursement Dashboard.png]]

2021-02-05 13:14:16 - [MESSAGE][PASSED] - Object '' is present

2021-02-05 13:14:16 - [MESSAGE][PASSED] - Object: '' is clicked on

2021-02-05 13:14:16 - [MESSAGE][PASSED] - Wait for page load successfully

2021-02-05 13:14:16 - [MESSAGE][PASSED] - Select Menu "Disbursement Dashboard"

2021-02-05 13:14:16 - [TEST_STEP][PASSED] - Select STATUS "DONE": Select STATUS "DONE"

2021-02-05 13:14:16 - [MESSAGE][PASSED] - All options with value 'DONE' are selected in object ''  using regular expression

2021-02-05 13:14:16 - [MESSAGE][PASSED] - Select STATUS "DONE"

2021-02-05 13:14:16 - [TEST_STEP][PASSED] - Click button "Search": Click button "Search"

2021-02-05 13:14:16 - [MESSAGE][INFO] - >>>>>//Button[contains(text(),'Search')]

2021-02-05 13:14:19 - [MESSAGE][PASSED] - Object '' is present

2021-02-05 13:14:19 - [MESSAGE][PASSED] - Object: '' is clicked on

2021-02-05 13:14:19 - [MESSAGE][PASSED] - Switched to window with index: '0'

2021-02-05 13:14:19 - [MESSAGE][PASSED] - Click button "Search"

2021-02-05 13:14:19 - [TEST_STEP][PASSED] - Verify Search Result Presents: Verify Search Result Presents

2021-02-05 13:14:19 - [MESSAGE][PASSED] - Object '' is present

2021-02-05 13:14:25 - [MESSAGE][PASSED] - Verify Search Result Presents

2021-02-05 13:14:25 - [TEST_STEP][PASSED] - Click button "Logout": Click button "Logout"

2021-02-05 13:14:25 - [MESSAGE][INFO] - >>>>>//Button[contains(text(),'Logout')]

2021-02-05 13:14:28 - [MESSAGE][PASSED] - Object '' is present

2021-02-05 13:14:28 - [MESSAGE][PASSED] - Object: '' is clicked on

2021-02-05 13:14:28 - [MESSAGE][PASSED] - Switched to window with index: '0'

2021-02-05 13:14:28 - [MESSAGE][PASSED] - Click button "Logout"

2021-02-05 13:14:28 - [TEST_STEP][PASSED] - Close browser: Close browser

2021-02-05 13:14:29 - [MESSAGE][PASSED] - Browser is closed

2021-02-05 13:14:29 - [MESSAGE][PASSED] - Close browser

2021-02-05 13:14:29 - [TEST_CASE][PASSED] - Start Test Case : SCENARIO Search by STATUS Waiting Partner Confirmation: SCENARIO Search by STATUS Waiting Partner Confirmation

2021-02-05 13:14:29 - [TEST_STEP][PASSED] - Go to ISTools: Go to ISTools

2021-02-05 13:14:29 - [MESSAGE][INFO] - Starting 'Chrome (headless)' driver

2021-02-05 13:14:29 - [MESSAGE][INFO] - User set preference: ['args', '[--start-maximized, --disable-gpu, --no-proxy-server, â€“-no-sandbox, --allow-running-insecure-content, --ignore-certificate-errors, window-size=1680,814, force-device-scale-factor=2, --lang=en-GB]']

2021-02-05 13:14:29 - [MESSAGE][INFO] - User set preference: ['prefs', '{download.default_directory=/Users/chaidir.pratama01/Katalon Studio/IST_Automation_Git/Download}']

2021-02-05 13:14:29 - [MESSAGE][INFO] - Action delay is set to 0 milliseconds

2021-02-05 13:14:29 - [MESSAGE][PASSED] - Browser is opened with url: ''

2021-02-05 13:14:30 - [MESSAGE][PASSED] - Navigate to 'https://dev-istools.homecredit.id/foundation/' successfully

2021-02-05 13:14:30 - [MESSAGE][PASSED] - Go to ISTools

2021-02-05 13:14:30 - [TEST_STEP][PASSED] - Login IST with valid credentials: Login IST with valid credentials

2021-02-05 13:14:31 - [MESSAGE][PASSED] - Text 'mobile.test' is set on object 'Object Repository/Page_/input_Username_j_username'

2021-02-05 13:14:31 - [MESSAGE][PASSED] - Text ****** has been set on object 'Object Repository/Page_/input_Password_j_password'

2021-02-05 13:14:31 - [MESSAGE][PASSED] - Object: 'Object Repository/Page_/button_Login' is clicked on

2021-02-05 13:14:31 - [MESSAGE][PASSED] - Login IST with valid credentials

2021-02-05 13:14:31 - [TEST_STEP][PASSED] - Login Success: Login Success

2021-02-05 13:14:31 - [MESSAGE][INFO] - Login Success

2021-02-05 13:14:32 - [MESSAGE][PASSED] - Current window maximized

2021-02-05 13:14:32 - [MESSAGE][PASSED] - Object 'Object Repository/Page_/h1_Welcome to IT Supporting Tools' is present

2021-02-05 13:14:32 - [MESSAGE][PASSED] - Login Success

2021-02-05 13:14:32 - [TEST_STEP][PASSED] - Select Arrow Menu "Real Time Disbursement": Select Arrow Menu "Real Time Disbursement"

2021-02-05 13:14:32 - [MESSAGE][PASSED] - Object: '' is clicked on

2021-02-05 13:14:32 - [MESSAGE][PASSED] - Select Arrow Menu "Real Time Disbursement"

2021-02-05 13:14:32 - [TEST_STEP][PASSED] - Select Menu "Disbursement Dashboard": Select Menu "Disbursement Dashboard"

2021-02-05 13:14:32 - [MESSAGE][PASSED] - Taking screenshot successfully
[[ATTACHMENT|/Users/chaidir.pratama01/Documents/Docs/Katalon Studio/Screenshot/test-Disbursement Dashboard.png]]

2021-02-05 13:14:32 - [MESSAGE][PASSED] - Object '' is present

2021-02-05 13:14:32 - [MESSAGE][PASSED] - Object: '' is clicked on

2021-02-05 13:14:32 - [MESSAGE][PASSED] - Wait for page load successfully

2021-02-05 13:14:32 - [MESSAGE][PASSED] - Select Menu "Disbursement Dashboard"

2021-02-05 13:14:32 - [TEST_STEP][PASSED] - Select STATUS "Waiting Partner Confirmation": Select STATUS "Waiting Partner Confirmation"

2021-02-05 13:14:33 - [MESSAGE][PASSED] - All options with value 'Waiting Partner Confirmation' are selected in object ''  using regular expression

2021-02-05 13:14:33 - [MESSAGE][PASSED] - Select STATUS "Waiting Partner Confirmation"

2021-02-05 13:14:33 - [TEST_STEP][PASSED] - Click button "Search": Click button "Search"

2021-02-05 13:14:33 - [MESSAGE][INFO] - >>>>>//Button[contains(text(),'Search')]

2021-02-05 13:14:36 - [MESSAGE][PASSED] - Object '' is present

2021-02-05 13:14:36 - [MESSAGE][PASSED] - Object: '' is clicked on

2021-02-05 13:14:36 - [MESSAGE][PASSED] - Switched to window with index: '0'

2021-02-05 13:14:36 - [MESSAGE][PASSED] - Click button "Search"

2021-02-05 13:14:36 - [TEST_STEP][PASSED] - Verify Search Result Presents: Verify Search Result Presents

2021-02-05 13:14:36 - [MESSAGE][PASSED] - Object '' is present

2021-02-05 13:14:40 - [MESSAGE][PASSED] - Verify Search Result Presents

2021-02-05 13:14:40 - [TEST_STEP][PASSED] - Click button "Logout": Click button "Logout"

2021-02-05 13:14:40 - [MESSAGE][INFO] - >>>>>//Button[contains(text(),'Logout')]

2021-02-05 13:14:43 - [MESSAGE][PASSED] - Object '' is present

2021-02-05 13:14:43 - [MESSAGE][PASSED] - Object: '' is clicked on

2021-02-05 13:14:43 - [MESSAGE][PASSED] - Switched to window with index: '0'

2021-02-05 13:14:43 - [MESSAGE][PASSED] - Click button "Logout"

2021-02-05 13:14:43 - [TEST_STEP][PASSED] - Close browser: Close browser

2021-02-05 13:14:43 - [MESSAGE][PASSED] - Browser is closed

2021-02-05 13:14:43 - [MESSAGE][PASSED] - Close browser

2021-02-05 13:14:43 - [TEST_CASE][PASSED] - Start Test Case : SCENARIO Search by STATUS Success to Disburse: SCENARIO Search by STATUS Success to Disburse

2021-02-05 13:14:43 - [TEST_STEP][PASSED] - Go to ISTools: Go to ISTools

2021-02-05 13:14:43 - [MESSAGE][INFO] - Starting 'Chrome (headless)' driver

2021-02-05 13:14:43 - [MESSAGE][INFO] - User set preference: ['args', '[--start-maximized, --disable-gpu, --no-proxy-server, â€“-no-sandbox, --allow-running-insecure-content, --ignore-certificate-errors, window-size=1680,814, force-device-scale-factor=2, --lang=en-GB]']

2021-02-05 13:14:43 - [MESSAGE][INFO] - User set preference: ['prefs', '{download.default_directory=/Users/chaidir.pratama01/Katalon Studio/IST_Automation_Git/Download}']

2021-02-05 13:14:43 - [MESSAGE][INFO] - Action delay is set to 0 milliseconds

2021-02-05 13:14:44 - [MESSAGE][PASSED] - Browser is opened with url: ''

2021-02-05 13:14:46 - [MESSAGE][PASSED] - Navigate to 'https://dev-istools.homecredit.id/foundation/' successfully

2021-02-05 13:14:46 - [MESSAGE][PASSED] - Go to ISTools

2021-02-05 13:14:46 - [TEST_STEP][PASSED] - Login IST with valid credentials: Login IST with valid credentials

2021-02-05 13:14:46 - [MESSAGE][PASSED] - Text 'mobile.test' is set on object 'Object Repository/Page_/input_Username_j_username'

2021-02-05 13:14:47 - [MESSAGE][PASSED] - Text ****** has been set on object 'Object Repository/Page_/input_Password_j_password'

2021-02-05 13:14:47 - [MESSAGE][PASSED] - Object: 'Object Repository/Page_/button_Login' is clicked on

2021-02-05 13:14:47 - [MESSAGE][PASSED] - Login IST with valid credentials

2021-02-05 13:14:47 - [TEST_STEP][PASSED] - Login Success: Login Success

2021-02-05 13:14:47 - [MESSAGE][INFO] - Login Success

2021-02-05 13:14:47 - [MESSAGE][PASSED] - Current window maximized

2021-02-05 13:14:47 - [MESSAGE][PASSED] - Object 'Object Repository/Page_/h1_Welcome to IT Supporting Tools' is present

2021-02-05 13:14:47 - [MESSAGE][PASSED] - Login Success

2021-02-05 13:14:47 - [TEST_STEP][PASSED] - Select Arrow Menu "Real Time Disbursement": Select Arrow Menu "Real Time Disbursement"

2021-02-05 13:14:47 - [MESSAGE][PASSED] - Object: '' is clicked on

2021-02-05 13:14:47 - [MESSAGE][PASSED] - Select Arrow Menu "Real Time Disbursement"

2021-02-05 13:14:47 - [TEST_STEP][PASSED] - Select Menu "Disbursement Dashboard": Select Menu "Disbursement Dashboard"

2021-02-05 13:14:48 - [MESSAGE][PASSED] - Taking screenshot successfully
[[ATTACHMENT|/Users/chaidir.pratama01/Documents/Docs/Katalon Studio/Screenshot/test-Disbursement Dashboard.png]]

2021-02-05 13:14:48 - [MESSAGE][PASSED] - Object '' is present

2021-02-05 13:14:48 - [MESSAGE][PASSED] - Object: '' is clicked on

2021-02-05 13:14:48 - [MESSAGE][PASSED] - Wait for page load successfully

2021-02-05 13:14:48 - [MESSAGE][PASSED] - Select Menu "Disbursement Dashboard"

2021-02-05 13:14:48 - [TEST_STEP][PASSED] - Select STATUS "Success to Disburse": Select STATUS "Success to Disburse"

2021-02-05 13:14:49 - [MESSAGE][PASSED] - All options with value 'Success to Disburse' are selected in object ''  using regular expression

2021-02-05 13:14:49 - [MESSAGE][PASSED] - Select STATUS "Success to Disburse"

2021-02-05 13:14:49 - [TEST_STEP][PASSED] - Click button "Search": Click button "Search"

2021-02-05 13:14:49 - [MESSAGE][INFO] - >>>>>//Button[contains(text(),'Search')]

2021-02-05 13:14:52 - [MESSAGE][PASSED] - Object '' is present

2021-02-05 13:14:52 - [MESSAGE][PASSED] - Object: '' is clicked on

2021-02-05 13:14:52 - [MESSAGE][PASSED] - Switched to window with index: '0'

2021-02-05 13:14:52 - [MESSAGE][PASSED] - Click button "Search"

2021-02-05 13:14:52 - [TEST_STEP][PASSED] - Verify Search Result Presents: Verify Search Result Presents

2021-02-05 13:14:52 - [MESSAGE][PASSED] - Object '' is present

2021-02-05 13:14:52 - [MESSAGE][PASSED] - Verify Search Result Presents

2021-02-05 13:14:52 - [TEST_STEP][PASSED] - Click button "Logout": Click button "Logout"

2021-02-05 13:14:52 - [MESSAGE][INFO] - >>>>>//Button[contains(text(),'Logout')]

2021-02-05 13:14:55 - [MESSAGE][PASSED] - Object '' is present

2021-02-05 13:14:56 - [MESSAGE][PASSED] - Object: '' is clicked on

2021-02-05 13:14:56 - [MESSAGE][PASSED] - Switched to window with index: '0'

2021-02-05 13:14:56 - [MESSAGE][PASSED] - Click button "Logout"

2021-02-05 13:14:56 - [TEST_STEP][PASSED] - Close browser: Close browser

2021-02-05 13:14:56 - [MESSAGE][PASSED] - Browser is closed

2021-02-05 13:14:56 - [MESSAGE][PASSED] - Close browser

2021-02-05 13:14:56 - [MESSAGE][PASSED] - Feature file: 'Include/features/IST_Real/RTD/Disbursement_Dashboard/Search_by_STATUS_Disbursement_Dashboard.feature' was passed]]></system-out>
         <system-err><![CDATA[]]></system-err>
      </testcase>
      <testcase name="Test Cases/RTD/Disbursement Dashboard/TC_Export_Data_Disbursement_Dashboard" time="13.042" classname="Test Cases/RTD/Disbursement Dashboard/TC_Export_Data_Disbursement_Dashboard" status="PASSED">
         <system-out><![CDATA[2021-02-05 13:14:56 - [TEST_CASE][PASSED] - Test Cases/RTD/Disbursement Dashboard/TC_Export_Data_Disbursement_Dashboard: Test Cases/RTD/Disbursement Dashboard/TC_Export_Data_Disbursement_Dashboard

2021-02-05 13:14:56 - [TEST_STEP][PASSED] - runFeatureFile("Include/features/IST_Real/RTD/Disbursement_Dashboard/Export_Data_Disbursement_Dashboard.feature"): Feature file: 'Include/features/IST_Real/RTD/Disbursement_Dashboard/Export_Data_Disbursement_Dashboard.feature' was passed

2021-02-05 13:14:56 - [MESSAGE][INFO] - Starting run keyword runFeatureFile: 'Include/features/IST_Real/RTD/Disbursement_Dashboard/Export_Data_Disbursement_Dashboard.feature' and extract report to folder: '/Users/chaidir.pratama01/Katalon Studio/IST_Automation_Git/Reports/20210205_131034/RTD/TS_Disbursement_Dashboard/20210205_131034/cucumber_report/1612505696261'...

2021-02-05 13:14:56 - [TEST_CASE][PASSED] - Start Test Case : SCENARIO Export Data: SCENARIO Export Data

2021-02-05 13:14:56 - [TEST_STEP][PASSED] - Go to ISTools: Go to ISTools

2021-02-05 13:14:56 - [MESSAGE][INFO] - Starting 'Chrome (headless)' driver

2021-02-05 13:14:56 - [MESSAGE][INFO] - User set preference: ['args', '[--start-maximized, --disable-gpu, --no-proxy-server, â€“-no-sandbox, --allow-running-insecure-content, --ignore-certificate-errors, window-size=1680,814, force-device-scale-factor=2, --lang=en-GB]']

2021-02-05 13:14:56 - [MESSAGE][INFO] - User set preference: ['prefs', '{download.default_directory=/Users/chaidir.pratama01/Katalon Studio/IST_Automation_Git/Download}']

2021-02-05 13:14:56 - [MESSAGE][INFO] - Action delay is set to 0 milliseconds

2021-02-05 13:14:56 - [MESSAGE][PASSED] - Browser is opened with url: ''

2021-02-05 13:15:00 - [MESSAGE][PASSED] - Navigate to 'https://dev-istools.homecredit.id/foundation/' successfully

2021-02-05 13:15:00 - [MESSAGE][PASSED] - Go to ISTools

2021-02-05 13:15:00 - [TEST_STEP][PASSED] - Login IST with valid credentials: Login IST with valid credentials

2021-02-05 13:15:00 - [MESSAGE][PASSED] - Text 'mobile.test' is set on object 'Object Repository/Page_/input_Username_j_username'

2021-02-05 13:15:00 - [MESSAGE][PASSED] - Text ****** has been set on object 'Object Repository/Page_/input_Password_j_password'

2021-02-05 13:15:01 - [MESSAGE][PASSED] - Object: 'Object Repository/Page_/button_Login' is clicked on

2021-02-05 13:15:01 - [MESSAGE][PASSED] - Login IST with valid credentials

2021-02-05 13:15:01 - [TEST_STEP][PASSED] - Login Success: Login Success

2021-02-05 13:15:01 - [MESSAGE][INFO] - Login Success

2021-02-05 13:15:01 - [MESSAGE][PASSED] - Current window maximized

2021-02-05 13:15:01 - [MESSAGE][PASSED] - Object 'Object Repository/Page_/h1_Welcome to IT Supporting Tools' is present

2021-02-05 13:15:01 - [MESSAGE][PASSED] - Login Success

2021-02-05 13:15:01 - [TEST_STEP][PASSED] - Select Arrow Menu "Real Time Disbursement": Select Arrow Menu "Real Time Disbursement"

2021-02-05 13:15:01 - [MESSAGE][PASSED] - Object: '' is clicked on

2021-02-05 13:15:01 - [MESSAGE][PASSED] - Select Arrow Menu "Real Time Disbursement"

2021-02-05 13:15:01 - [TEST_STEP][PASSED] - Select Menu "Disbursement Dashboard": Select Menu "Disbursement Dashboard"

2021-02-05 13:15:02 - [MESSAGE][PASSED] - Taking screenshot successfully
[[ATTACHMENT|/Users/chaidir.pratama01/Documents/Docs/Katalon Studio/Screenshot/test-Disbursement Dashboard.png]]

2021-02-05 13:15:02 - [MESSAGE][PASSED] - Object '' is present

2021-02-05 13:15:02 - [MESSAGE][PASSED] - Object: '' is clicked on

2021-02-05 13:15:02 - [MESSAGE][PASSED] - Wait for page load successfully

2021-02-05 13:15:02 - [MESSAGE][PASSED] - Select Menu "Disbursement Dashboard"

2021-02-05 13:15:02 - [TEST_STEP][PASSED] - Input Contract RTD in Contract Number label: Input Contract RTD in Contract Number label

2021-02-05 13:15:02 - [MESSAGE][PASSED] - Text '4000014162' is set on object ''

2021-02-05 13:15:02 - [MESSAGE][PASSED] - Input Contract RTD in Contract Number label

2021-02-05 13:15:02 - [TEST_STEP][PASSED] - Click button "Search": Click button "Search"

2021-02-05 13:15:02 - [MESSAGE][INFO] - >>>>>//Button[contains(text(),'Search')]

2021-02-05 13:15:05 - [MESSAGE][PASSED] - Object '' is present

2021-02-05 13:15:05 - [MESSAGE][PASSED] - Object: '' is clicked on

2021-02-05 13:15:05 - [MESSAGE][PASSED] - Switched to window with index: '0'

2021-02-05 13:15:05 - [MESSAGE][PASSED] - Click button "Search"

2021-02-05 13:15:05 - [TEST_STEP][PASSED] - Verify Table Filled: Verify Table Filled

2021-02-05 13:15:05 - [MESSAGE][PASSED] - Object '' is present

2021-02-05 13:15:05 - [MESSAGE][PASSED] - Verify Table Filled

2021-02-05 13:15:05 - [TEST_STEP][PASSED] - Click button "Export Data": Click button "Export Data"

2021-02-05 13:15:05 - [MESSAGE][INFO] - >>>>>//Button[contains(text(),'Export Data')]

2021-02-05 13:15:08 - [MESSAGE][PASSED] - Object: '' is clicked on

2021-02-05 13:15:09 - [MESSAGE][PASSED] - Taking screenshot successfully
[[ATTACHMENT|/Users/chaidir.pratama01/Documents/Docs/Katalon Studio/Screenshot/Download_data.png]]

2021-02-05 13:15:09 - [MESSAGE][PASSED] - Click button "Export Data"

2021-02-05 13:15:09 - [MESSAGE][PASSED] - Feature file: 'Include/features/IST_Real/RTD/Disbursement_Dashboard/Export_Data_Disbursement_Dashboard.feature' was passed]]></system-out>
         <system-err><![CDATA[]]></system-err>
      </testcase>
      <system-out><![CDATA[2021-02-05 13:10:53 - [TEST_SUITE][PASSED] - TS_Disbursement_Dashboard: Test Cases/RTD/Disbursement Dashboard/TC_Export_Data_Disbursement_Dashboard]]></system-out>
      <system-err><![CDATA[]]></system-err>
   </testsuite>
   <testsuite name="TS_Partner_Disbursement_SBO" tests="3" failures="0" errors="0" time="288.233" timestamp="2021-02-05 13:15:57" hostname="chaidir.pratama01 - localhost" id="Test Suites/RTD/TS_Partner_Disbursement_SBO">
      <properties>
         <property name="deviceName" value=""/>
         <property name="devicePlatform" value=""/>
         <property name="logFolder" value="/Users/chaidir.pratama01/Katalon Studio/IST_Automation_Git/Reports/20210205_131034/RTD/TS_Partner_Disbursement_SBO/20210205_131035"/>
         <property name="logFiles" value="/Users/chaidir.pratama01/Katalon Studio/IST_Automation_Git/Reports/20210205_131034/RTD/TS_Partner_Disbursement_SBO/20210205_131035/execution0.log"/>
         <property name="attachments" value="/Users/chaidir.pratama01/Documents/Docs/Katalon Studio/Screenshot/test-Partner Disbursement SBO.png, /Users/chaidir.pratama01/Katalon Studio/IST_Automation_Git/Reports/20210205_131034/RTD/TS_Partner_Disbursement_SBO/20210205_131035/1612505772531.png, /Users/chaidir.pratama01/Documents/Docs/Katalon Studio/Screenshot/test-Partner Disbursement SBO.png, /Users/chaidir.pratama01/Katalon Studio/IST_Automation_Git/Reports/20210205_131034/RTD/TS_Partner_Disbursement_SBO/20210205_131035/1612505790053.png, /Users/chaidir.pratama01/Documents/Docs/Katalon Studio/Screenshot/test-Partner Disbursement SBO.png, /Users/chaidir.pratama01/Katalon Studio/IST_Automation_Git/Reports/20210205_131034/RTD/TS_Partner_Disbursement_SBO/20210205_131035/1612505805803.png, /Users/chaidir.pratama01/Documents/Docs/Katalon Studio/Screenshot/test-Partner Disbursement SBO.png, /Users/chaidir.pratama01/Katalon Studio/IST_Automation_Git/Reports/20210205_131034/RTD/TS_Partner_Disbursement_SBO/20210205_131035/1612505821431.png, /Users/chaidir.pratama01/Documents/Docs/Katalon Studio/Screenshot/test-Partner Disbursement SBO.png, /Users/chaidir.pratama01/Documents/Docs/Katalon Studio/Screenshot/test-Partner Disbursement SBO.png, /Users/chaidir.pratama01/Documents/Docs/Katalon Studio/Screenshot/test-Partner Disbursement SBO.png, /Users/chaidir.pratama01/Documents/Docs/Katalon Studio/Screenshot/test-Partner Disbursement SBO.png, /Users/chaidir.pratama01/Katalon Studio/IST_Automation_Git/Reports/20210205_131034/RTD/TS_Partner_Disbursement_SBO/20210205_131035/1612505884313.png, /Users/chaidir.pratama01/Documents/Docs/Katalon Studio/Screenshot/test-Partner Disbursement SBO.png, /Users/chaidir.pratama01/Katalon Studio/IST_Automation_Git/Reports/20210205_131034/RTD/TS_Partner_Disbursement_SBO/20210205_131035/1612505900036.png, /Users/chaidir.pratama01/Documents/Docs/Katalon Studio/Screenshot/test-Partner Disbursement SBO.png, /Users/chaidir.pratama01/Documents/Docs/Katalon Studio/Screenshot/test-Partner Disbursement SBO.png, /Users/chaidir.pratama01/Documents/Docs/Katalon Studio/Screenshot/test-Partner Disbursement SBO.png, /Users/chaidir.pratama01/Katalon Studio/IST_Automation_Git/Reports/20210205_131034/RTD/TS_Partner_Disbursement_SBO/20210205_131035/1612505957822.png, /Users/chaidir.pratama01/Documents/Docs/Katalon Studio/Screenshot/test-Partner Disbursement SBO.png, /Users/chaidir.pratama01/Katalon Studio/IST_Automation_Git/Reports/20210205_131034/RTD/TS_Partner_Disbursement_SBO/20210205_131035/1612505973435.png, /Users/chaidir.pratama01/Documents/Docs/Katalon Studio/Screenshot/test-Partner Disbursement SBO.png, /Users/chaidir.pratama01/Documents/Docs/Katalon Studio/Screenshot/test-Partner Disbursement SBO.png, /Users/chaidir.pratama01/Documents/Docs/Katalon Studio/Screenshot/test-Partner Disbursement SBO.png, /Users/chaidir.pratama01/Katalon Studio/IST_Automation_Git/Reports/20210205_131034/RTD/TS_Partner_Disbursement_SBO/20210205_131035/1612506021067.png, /Users/chaidir.pratama01/Documents/Docs/Katalon Studio/Screenshot/test-Partner Disbursement SBO.png, /Users/chaidir.pratama01/Documents/Docs/Katalon Studio/Screenshot/test-Partner Disbursement SBO.png"/>
         <property name="hostName" value="chaidir.pratama01 - localhost"/>
         <property name="os" value="Mac OS X 64bit"/>
         <property name="katalonVersion" value="7.6.0.${buildNumber}"/>
         <property name="browser" value="Chrome 88.0.4324.146"/>
         <property name="hostAddress" value="127.0.0.1"/>
         <property name="sessionId" value="5ba758afa98b397b890fd7005d70c306"/>
         <property name="seleniumVersion" value="3.141.59"/>
         <property name="proxyInformation" value="ProxyInformation { proxyOption=NO_PROXY, proxyServerType=HTTP, username=, password=********, proxyServerAddress=, proxyServerPort=0, executionList=\&quot;\&quot;, isApplyToDesiredCapabilities=true }"/>
         <property name="platform" value="Mac OS X"/>
      </properties>
      <testcase name="Test Cases/RTD/Partner Disbursement SBO/TC_Search_by_STATUS" time="267.94" classname="Test Cases/RTD/Partner Disbursement SBO/TC_Search_by_STATUS" status="PASSED">
         <system-out><![CDATA[2021-02-05 13:15:57 - [TEST_CASE][PASSED] - Test Cases/RTD/Partner Disbursement SBO/TC_Search_by_STATUS: Test Cases/RTD/Partner Disbursement SBO/TC_Search_by_STATUS

2021-02-05 13:15:57 - [TEST_STEP][PASSED] - runFeatureFile("Include/features/IST_Real/RTD/Partner Disbursement SBO/Search_by_STATUS.feature"): Feature file: 'Include/features/IST_Real/RTD/Partner Disbursement SBO/Search_by_STATUS.feature' was passed

2021-02-05 13:15:57 - [MESSAGE][INFO] - Starting run keyword runFeatureFile: 'Include/features/IST_Real/RTD/Partner Disbursement SBO/Search_by_STATUS.feature' and extract report to folder: '/Users/chaidir.pratama01/Katalon Studio/IST_Automation_Git/Reports/20210205_131034/RTD/TS_Partner_Disbursement_SBO/20210205_131035/cucumber_report/1612505757562'...

2021-02-05 13:15:58 - [TEST_CASE][PASSED] - Start Test Case : SCENARIO Search by STATUS Eligible to Disburse: SCENARIO Search by STATUS Eligible to Disburse

2021-02-05 13:15:58 - [TEST_STEP][PASSED] - Go to ISTools: Go to ISTools

2021-02-05 13:15:58 - [MESSAGE][INFO] - Starting 'Chrome (headless)' driver

2021-02-05 13:15:58 - [MESSAGE][INFO] - User set preference: ['args', '[--start-maximized, --disable-gpu, --no-proxy-server, â€“-no-sandbox, --allow-running-insecure-content, --ignore-certificate-errors, window-size=1680,814, force-device-scale-factor=2, --lang=en-GB]']

2021-02-05 13:15:58 - [MESSAGE][INFO] - User set preference: ['prefs', '{download.default_directory=/Users/chaidir.pratama01/Katalon Studio/IST_Automation_Git/Download}']

2021-02-05 13:15:58 - [MESSAGE][INFO] - Action delay is set to 0 milliseconds

2021-02-05 13:15:59 - [MESSAGE][PASSED] - Browser is opened with url: ''

2021-02-05 13:16:02 - [MESSAGE][PASSED] - Navigate to 'https://dev-istools.homecredit.id/foundation/' successfully

2021-02-05 13:16:02 - [MESSAGE][PASSED] - Go to ISTools

2021-02-05 13:16:02 - [TEST_STEP][PASSED] - Login IST with valid credentials: Login IST with valid credentials

2021-02-05 13:16:03 - [MESSAGE][PASSED] - Text 'mobile.test' is set on object 'Object Repository/Page_/input_Username_j_username'

2021-02-05 13:16:03 - [MESSAGE][PASSED] - Text ****** has been set on object 'Object Repository/Page_/input_Password_j_password'

2021-02-05 13:16:03 - [MESSAGE][PASSED] - Object: 'Object Repository/Page_/button_Login' is clicked on

2021-02-05 13:16:03 - [MESSAGE][PASSED] - Login IST with valid credentials

2021-02-05 13:16:03 - [TEST_STEP][PASSED] - Login Success: Login Success

2021-02-05 13:16:03 - [MESSAGE][INFO] - Login Success

2021-02-05 13:16:03 - [MESSAGE][PASSED] - Current window maximized

2021-02-05 13:16:03 - [MESSAGE][PASSED] - Object 'Object Repository/Page_/h1_Welcome to IT Supporting Tools' is present

2021-02-05 13:16:03 - [MESSAGE][PASSED] - Login Success

2021-02-05 13:16:03 - [TEST_STEP][PASSED] - Select Arrow Menu "Real Time Disbursement": Select Arrow Menu "Real Time Disbursement"

2021-02-05 13:16:03 - [MESSAGE][PASSED] - Object: '' is clicked on

2021-02-05 13:16:03 - [MESSAGE][PASSED] - Select Arrow Menu "Real Time Disbursement"

2021-02-05 13:16:03 - [TEST_STEP][PASSED] - Select Menu "Partner Disbursement SBO": Select Menu "Partner Disbursement SBO"

2021-02-05 13:16:04 - [MESSAGE][PASSED] - Taking screenshot successfully
[[ATTACHMENT|/Users/chaidir.pratama01/Documents/Docs/Katalon Studio/Screenshot/test-Partner Disbursement SBO.png]]

2021-02-05 13:16:04 - [MESSAGE][PASSED] - Object '' is present

2021-02-05 13:16:04 - [MESSAGE][PASSED] - Object: '' is clicked on

2021-02-05 13:16:04 - [MESSAGE][PASSED] - Wait for page load successfully

2021-02-05 13:16:04 - [MESSAGE][PASSED] - Select Menu "Partner Disbursement SBO"

2021-02-05 13:16:04 - [TEST_STEP][PASSED] - Select STATUS "Eligible to disburse": Select STATUS "Eligible to disburse"

2021-02-05 13:16:05 - [MESSAGE][PASSED] - All options with value 'Eligible to disburse' are selected in object ''  using regular expression

2021-02-05 13:16:05 - [MESSAGE][PASSED] - Select STATUS "Eligible to disburse"

2021-02-05 13:16:05 - [TEST_STEP][PASSED] - Click button "Search": Click button "Search"

2021-02-05 13:16:05 - [MESSAGE][INFO] - >>>>>//Button[contains(text(),'Search')]

2021-02-05 13:16:08 - [MESSAGE][PASSED] - Object '' is present

2021-02-05 13:16:08 - [MESSAGE][PASSED] - Object: '' is clicked on

2021-02-05 13:16:08 - [MESSAGE][PASSED] - Switched to window with index: '0'

2021-02-05 13:16:08 - [MESSAGE][PASSED] - Click button "Search"

2021-02-05 13:16:08 - [TEST_STEP][PASSED] - Verify Search Result Presents: Verify Search Result Presents

2021-02-05 13:16:12 - [MESSAGE][INFO] - Unable to find the element located by 'By.xpath: //td[@style='display:none' and contains(text(),'-Empty-')]'. Please recheck the objects properties to make sure the desired element is located. 

2021-02-05 13:16:13 - [MESSAGE][WARNING] - com.kms.katalon.core.webui.exception.WebElementNotFoundException: Web element with id: '' located by '//td[@style='display:none' and contains(text(),'-Empty-')]' not found (Root cause: com.kms.katalon.core.exception.StepFailedException: com.kms.katalon.core.webui.exception.WebElementNotFoundException: Web element with id: '' located by '//td[@style='display:none' and contains(text(),'-Empty-')]' not found
	at com.kms.katalon.core.webui.keyword.internal.WebUIKeywordMain.stepFailed(WebUIKeywordMain.groovy:64)
	at com.kms.katalon.core.webui.keyword.builtin.VerifyElementPresentKeyword$_verifyElementPresent_closure1.doCall(VerifyElementPresentKeyword.groovy:85)
	at com.kms.katalon.core.webui.keyword.builtin.VerifyElementPresentKeyword$_verifyElementPresent_closure1.call(VerifyElementPresentKeyword.groovy)
	at com.kms.katalon.core.webui.keyword.internal.WebUIKeywordMain.runKeyword(WebUIKeywordMain.groovy:20)
	at com.kms.katalon.core.webui.keyword.builtin.VerifyElementPresentKeyword.verifyElementPresent(VerifyElementPresentKeyword.groovy:92)
	at com.kms.katalon.core.webui.keyword.builtin.VerifyElementPresentKeyword.execute(VerifyElementPresentKeyword.groovy:68)
	at com.kms.katalon.core.keyword.internal.KeywordExecutor.executeKeywordForPlatform(KeywordExecutor.groovy:73)
	at com.kms.katalon.core.webui.keyword.WebUiBuiltInKeywords.verifyElementPresent(WebUiBuiltInKeywords.groovy:1444)
	at com.kms.katalon.core.webui.keyword.WebUiBuiltInKeywords$verifyElementPresent$11.call(Unknown Source)
	at ist_real.Contract_Dispatcher.VerifyTblFilled(Contract_Dispatcher.groovy:1313)
	at ist_real.Contract_Dispatcher$VerifyTblFilled$0.call(Unknown Source)
	at RTD.Search_Result_Presents(RTD.groovy:189)
	at cucumber.runtime.Utils$1.call(Utils.java:26)
	at cucumber.runtime.Timeout.timeout(Timeout.java:16)
	at cucumber.runtime.Utils.invoke(Utils.java:20)
	at cucumber.runtime.java.JavaStepDefinition.execute(JavaStepDefinition.java:48)
	at cucumber.runtime.PickleStepDefinitionMatch.runStep(PickleStepDefinitionMatch.java:50)
	at cucumber.runner.TestStep.executeStep(TestStep.java:55)
	at cucumber.runner.TestStep.run(TestStep.java:42)
	at cucumber.runner.PickleStepTestStep.run(PickleStepTestStep.java:53)
	at cucumber.runner.TestCase.run(TestCase.java:47)
	at cucumber.runner.Runner.runPickle(Runner.java:44)
	at cucumber.runtime.Runtime.runFeature(Runtime.java:120)
	at cucumber.runtime.Runtime.run(Runtime.java:106)
	at cucumber.api.cli.Main.run(Main.java:35)
	at cucumber.api.cli.Main$run.call(Unknown Source)
	at com.kms.katalon.core.cucumber.keyword.CucumberBuiltinKeywords$_runFeatureFile_closure1.doCall(CucumberBuiltinKeywords.groovy:76)
	at com.kms.katalon.core.cucumber.keyword.CucumberBuiltinKeywords$_runFeatureFile_closure1.doCall(CucumberBuiltinKeywords.groovy)
	at com.kms.katalon.core.keyword.internal.KeywordMain.runKeyword(KeywordMain.groovy:68)
	at com.kms.katalon.core.keyword.internal.KeywordMain$runKeyword.call(Unknown Source)
	at com.kms.katalon.core.cucumber.keyword.CucumberBuiltinKeywords.runFeatureFile(CucumberBuiltinKeywords.groovy:46)
	at com.kms.katalon.core.cucumber.keyword.CucumberBuiltinKeywords$runFeatureFile$0.callStatic(Unknown Source)
	at com.kms.katalon.core.cucumber.keyword.CucumberBuiltinKeywords.runFeatureFile(CucumberBuiltinKeywords.groovy:169)
	at com.kms.katalon.core.cucumber.keyword.CucumberBuiltinKeywords$runFeatureFile.call(Unknown Source)
	at TC_Search_by_STATUS.run(TC_Search_by_STATUS:18)
	at com.kms.katalon.core.main.ScriptEngine.run(ScriptEngine.java:194)
	at com.kms.katalon.core.main.ScriptEngine.runScriptAsRawText(ScriptEngine.java:119)
	at com.kms.katalon.core.main.TestCaseExecutor.runScript(TestCaseExecutor.java:339)
	at com.kms.katalon.core.main.TestCaseExecutor.doExecute(TestCaseExecutor.java:330)
	at com.kms.katalon.core.main.TestCaseExecutor.processExecutionPhase(TestCaseExecutor.java:309)
	at com.kms.katalon.core.main.TestCaseExecutor.accessMainPhase(TestCaseExecutor.java:301)
	at com.kms.katalon.core.main.TestCaseExecutor.execute(TestCaseExecutor.java:235)
	at com.kms.katalon.core.main.TestSuiteExecutor.accessTestCaseMainPhase(TestSuiteExecutor.java:191)
	at com.kms.katalon.core.main.TestSuiteExecutor.accessTestSuiteMainPhase(TestSuiteExecutor.java:141)
	at com.kms.katalon.core.main.TestSuiteExecutor.execute(TestSuiteExecutor.java:90)
	at com.kms.katalon.core.main.TestCaseMain.startTestSuite(TestCaseMain.java:157)
	at com.kms.katalon.core.main.TestCaseMain$startTestSuite$0.call(Unknown Source)
	at TempTestSuite1612505435654.run(TempTestSuite1612505435654.groovy:39)
)
[[ATTACHMENT|/Users/chaidir.pratama01/Katalon Studio/IST_Automation_Git/Reports/20210205_131034/RTD/TS_Partner_Disbursement_SBO/20210205_131035/1612505772531.png]]

2021-02-05 13:16:13 - [MESSAGE][PASSED] - Verify Search Result Presents

2021-02-05 13:16:13 - [TEST_STEP][PASSED] - Click button "Logout": Click button "Logout"

2021-02-05 13:16:13 - [MESSAGE][INFO] - >>>>>//Button[contains(text(),'Logout')]

2021-02-05 13:16:16 - [MESSAGE][PASSED] - Object '' is present

2021-02-05 13:16:16 - [MESSAGE][PASSED] - Object: '' is clicked on

2021-02-05 13:16:16 - [MESSAGE][PASSED] - Switched to window with index: '0'

2021-02-05 13:16:16 - [MESSAGE][PASSED] - Click button "Logout"

2021-02-05 13:16:16 - [TEST_STEP][PASSED] - Close browser: Close browser

2021-02-05 13:16:16 - [MESSAGE][PASSED] - Browser is closed

2021-02-05 13:16:16 - [MESSAGE][PASSED] - Close browser

2021-02-05 13:16:16 - [TEST_CASE][PASSED] - Start Test Case : SCENARIO Search by STATUS Waiting validation from Risk: SCENARIO Search by STATUS Waiting validation from Risk

2021-02-05 13:16:16 - [TEST_STEP][PASSED] - Go to ISTools: Go to ISTools

2021-02-05 13:16:16 - [MESSAGE][INFO] - Starting 'Chrome (headless)' driver

2021-02-05 13:16:16 - [MESSAGE][INFO] - User set preference: ['args', '[--start-maximized, --disable-gpu, --no-proxy-server, â€“-no-sandbox, --allow-running-insecure-content, --ignore-certificate-errors, window-size=1680,814, force-device-scale-factor=2, --lang=en-GB]']

2021-02-05 13:16:16 - [MESSAGE][INFO] - User set preference: ['prefs', '{download.default_directory=/Users/chaidir.pratama01/Katalon Studio/IST_Automation_Git/Download}']

2021-02-05 13:16:16 - [MESSAGE][INFO] - Action delay is set to 0 milliseconds

2021-02-05 13:16:17 - [MESSAGE][PASSED] - Browser is opened with url: ''

2021-02-05 13:16:20 - [MESSAGE][PASSED] - Navigate to 'https://dev-istools.homecredit.id/foundation/' successfully

2021-02-05 13:16:20 - [MESSAGE][PASSED] - Go to ISTools

2021-02-05 13:16:20 - [TEST_STEP][PASSED] - Login IST with valid credentials: Login IST with valid credentials

2021-02-05 13:16:20 - [MESSAGE][PASSED] - Text 'mobile.test' is set on object 'Object Repository/Page_/input_Username_j_username'

2021-02-05 13:16:20 - [MESSAGE][PASSED] - Text ****** has been set on object 'Object Repository/Page_/input_Password_j_password'

2021-02-05 13:16:21 - [MESSAGE][PASSED] - Object: 'Object Repository/Page_/button_Login' is clicked on

2021-02-05 13:16:21 - [MESSAGE][PASSED] - Login IST with valid credentials

2021-02-05 13:16:21 - [TEST_STEP][PASSED] - Login Success: Login Success

2021-02-05 13:16:21 - [MESSAGE][INFO] - Login Success

2021-02-05 13:16:21 - [MESSAGE][PASSED] - Current window maximized

2021-02-05 13:16:21 - [MESSAGE][PASSED] - Object 'Object Repository/Page_/h1_Welcome to IT Supporting Tools' is present

2021-02-05 13:16:21 - [MESSAGE][PASSED] - Login Success

2021-02-05 13:16:21 - [TEST_STEP][PASSED] - Select Arrow Menu "Real Time Disbursement": Select Arrow Menu "Real Time Disbursement"

2021-02-05 13:16:21 - [MESSAGE][PASSED] - Object: '' is clicked on

2021-02-05 13:16:21 - [MESSAGE][PASSED] - Select Arrow Menu "Real Time Disbursement"

2021-02-05 13:16:21 - [TEST_STEP][PASSED] - Select Menu "Partner Disbursement SBO": Select Menu "Partner Disbursement SBO"

2021-02-05 13:16:22 - [MESSAGE][PASSED] - Taking screenshot successfully
[[ATTACHMENT|/Users/chaidir.pratama01/Documents/Docs/Katalon Studio/Screenshot/test-Partner Disbursement SBO.png]]

2021-02-05 13:16:22 - [MESSAGE][PASSED] - Object '' is present

2021-02-05 13:16:22 - [MESSAGE][PASSED] - Object: '' is clicked on

2021-02-05 13:16:22 - [MESSAGE][PASSED] - Wait for page load successfully

2021-02-05 13:16:22 - [MESSAGE][PASSED] - Select Menu "Partner Disbursement SBO"

2021-02-05 13:16:22 - [TEST_STEP][PASSED] - Select STATUS "Waiting validation from Risk": Select STATUS "Waiting validation from Risk"

2021-02-05 13:16:22 - [MESSAGE][PASSED] - All options with value 'Waiting validation from Risk' are selected in object ''  using regular expression

2021-02-05 13:16:22 - [MESSAGE][PASSED] - Select STATUS "Waiting validation from Risk"

2021-02-05 13:16:22 - [TEST_STEP][PASSED] - Click button "Search": Click button "Search"

2021-02-05 13:16:22 - [MESSAGE][INFO] - >>>>>//Button[contains(text(),'Search')]

2021-02-05 13:16:25 - [MESSAGE][PASSED] - Object '' is present

2021-02-05 13:16:26 - [MESSAGE][PASSED] - Object: '' is clicked on

2021-02-05 13:16:26 - [MESSAGE][PASSED] - Switched to window with index: '0'

2021-02-05 13:16:26 - [MESSAGE][PASSED] - Click button "Search"

2021-02-05 13:16:26 - [TEST_STEP][PASSED] - Verify Search Result Presents: Verify Search Result Presents

2021-02-05 13:16:30 - [MESSAGE][INFO] - Unable to find the element located by 'By.xpath: //td[@style='display:none' and contains(text(),'-Empty-')]'. Please recheck the objects properties to make sure the desired element is located. 

2021-02-05 13:16:30 - [MESSAGE][WARNING] - com.kms.katalon.core.webui.exception.WebElementNotFoundException: Web element with id: '' located by '//td[@style='display:none' and contains(text(),'-Empty-')]' not found (Root cause: com.kms.katalon.core.exception.StepFailedException: com.kms.katalon.core.webui.exception.WebElementNotFoundException: Web element with id: '' located by '//td[@style='display:none' and contains(text(),'-Empty-')]' not found
	at com.kms.katalon.core.webui.keyword.internal.WebUIKeywordMain.stepFailed(WebUIKeywordMain.groovy:64)
	at com.kms.katalon.core.webui.keyword.builtin.VerifyElementPresentKeyword$_verifyElementPresent_closure1.doCall(VerifyElementPresentKeyword.groovy:85)
	at com.kms.katalon.core.webui.keyword.builtin.VerifyElementPresentKeyword$_verifyElementPresent_closure1.call(VerifyElementPresentKeyword.groovy)
	at com.kms.katalon.core.webui.keyword.internal.WebUIKeywordMain.runKeyword(WebUIKeywordMain.groovy:20)
	at com.kms.katalon.core.webui.keyword.builtin.VerifyElementPresentKeyword.verifyElementPresent(VerifyElementPresentKeyword.groovy:92)
	at com.kms.katalon.core.webui.keyword.builtin.VerifyElementPresentKeyword.execute(VerifyElementPresentKeyword.groovy:68)
	at com.kms.katalon.core.keyword.internal.KeywordExecutor.executeKeywordForPlatform(KeywordExecutor.groovy:73)
	at com.kms.katalon.core.webui.keyword.WebUiBuiltInKeywords.verifyElementPresent(WebUiBuiltInKeywords.groovy:1444)
	at com.kms.katalon.core.webui.keyword.WebUiBuiltInKeywords$verifyElementPresent$11.call(Unknown Source)
	at ist_real.Contract_Dispatcher.VerifyTblFilled(Contract_Dispatcher.groovy:1313)
	at ist_real.Contract_Dispatcher$VerifyTblFilled$0.call(Unknown Source)
	at RTD.Search_Result_Presents(RTD.groovy:189)
	at cucumber.runtime.Utils$1.call(Utils.java:26)
	at cucumber.runtime.Timeout.timeout(Timeout.java:16)
	at cucumber.runtime.Utils.invoke(Utils.java:20)
	at cucumber.runtime.java.JavaStepDefinition.execute(JavaStepDefinition.java:48)
	at cucumber.runtime.PickleStepDefinitionMatch.runStep(PickleStepDefinitionMatch.java:50)
	at cucumber.runner.TestStep.executeStep(TestStep.java:55)
	at cucumber.runner.TestStep.run(TestStep.java:42)
	at cucumber.runner.PickleStepTestStep.run(PickleStepTestStep.java:53)
	at cucumber.runner.TestCase.run(TestCase.java:47)
	at cucumber.runner.Runner.runPickle(Runner.java:44)
	at cucumber.runtime.Runtime.runFeature(Runtime.java:120)
	at cucumber.runtime.Runtime.run(Runtime.java:106)
	at cucumber.api.cli.Main.run(Main.java:35)
	at cucumber.api.cli.Main$run.call(Unknown Source)
	at com.kms.katalon.core.cucumber.keyword.CucumberBuiltinKeywords$_runFeatureFile_closure1.doCall(CucumberBuiltinKeywords.groovy:76)
	at com.kms.katalon.core.cucumber.keyword.CucumberBuiltinKeywords$_runFeatureFile_closure1.doCall(CucumberBuiltinKeywords.groovy)
	at com.kms.katalon.core.keyword.internal.KeywordMain.runKeyword(KeywordMain.groovy:68)
	at com.kms.katalon.core.keyword.internal.KeywordMain$runKeyword.call(Unknown Source)
	at com.kms.katalon.core.cucumber.keyword.CucumberBuiltinKeywords.runFeatureFile(CucumberBuiltinKeywords.groovy:46)
	at com.kms.katalon.core.cucumber.keyword.CucumberBuiltinKeywords$runFeatureFile$0.callStatic(Unknown Source)
	at com.kms.katalon.core.cucumber.keyword.CucumberBuiltinKeywords.runFeatureFile(CucumberBuiltinKeywords.groovy:169)
	at com.kms.katalon.core.cucumber.keyword.CucumberBuiltinKeywords$runFeatureFile.call(Unknown Source)
	at TC_Search_by_STATUS.run(TC_Search_by_STATUS:18)
	at com.kms.katalon.core.main.ScriptEngine.run(ScriptEngine.java:194)
	at com.kms.katalon.core.main.ScriptEngine.runScriptAsRawText(ScriptEngine.java:119)
	at com.kms.katalon.core.main.TestCaseExecutor.runScript(TestCaseExecutor.java:339)
	at com.kms.katalon.core.main.TestCaseExecutor.doExecute(TestCaseExecutor.java:330)
	at com.kms.katalon.core.main.TestCaseExecutor.processExecutionPhase(TestCaseExecutor.java:309)
	at com.kms.katalon.core.main.TestCaseExecutor.accessMainPhase(TestCaseExecutor.java:301)
	at com.kms.katalon.core.main.TestCaseExecutor.execute(TestCaseExecutor.java:235)
	at com.kms.katalon.core.main.TestSuiteExecutor.accessTestCaseMainPhase(TestSuiteExecutor.java:191)
	at com.kms.katalon.core.main.TestSuiteExecutor.accessTestSuiteMainPhase(TestSuiteExecutor.java:141)
	at com.kms.katalon.core.main.TestSuiteExecutor.execute(TestSuiteExecutor.java:90)
	at com.kms.katalon.core.main.TestCaseMain.startTestSuite(TestCaseMain.java:157)
	at com.kms.katalon.core.main.TestCaseMain$startTestSuite$0.call(Unknown Source)
	at TempTestSuite1612505435654.run(TempTestSuite1612505435654.groovy:39)
)
[[ATTACHMENT|/Users/chaidir.pratama01/Katalon Studio/IST_Automation_Git/Reports/20210205_131034/RTD/TS_Partner_Disbursement_SBO/20210205_131035/1612505790053.png]]

2021-02-05 13:16:30 - [MESSAGE][PASSED] - Verify Search Result Presents

2021-02-05 13:16:30 - [TEST_STEP][PASSED] - Click button "Logout": Click button "Logout"

2021-02-05 13:16:30 - [MESSAGE][INFO] - >>>>>//Button[contains(text(),'Logout')]

2021-02-05 13:16:33 - [MESSAGE][PASSED] - Object '' is present

2021-02-05 13:16:34 - [MESSAGE][PASSED] - Object: '' is clicked on

2021-02-05 13:16:34 - [MESSAGE][PASSED] - Switched to window with index: '0'

2021-02-05 13:16:34 - [MESSAGE][PASSED] - Click button "Logout"

2021-02-05 13:16:34 - [TEST_STEP][PASSED] - Close browser: Close browser

2021-02-05 13:16:34 - [MESSAGE][PASSED] - Browser is closed

2021-02-05 13:16:34 - [MESSAGE][PASSED] - Close browser

2021-02-05 13:16:34 - [TEST_CASE][PASSED] - Start Test Case : SCENARIO Search by STATUS Waiting validation from In Payment: SCENARIO Search by STATUS Waiting validation from In Payment

2021-02-05 13:16:34 - [TEST_STEP][PASSED] - Go to ISTools: Go to ISTools

2021-02-05 13:16:34 - [MESSAGE][INFO] - Starting 'Chrome (headless)' driver

2021-02-05 13:16:34 - [MESSAGE][INFO] - User set preference: ['args', '[--start-maximized, --disable-gpu, --no-proxy-server, â€“-no-sandbox, --allow-running-insecure-content, --ignore-certificate-errors, window-size=1680,814, force-device-scale-factor=2, --lang=en-GB]']

2021-02-05 13:16:34 - [MESSAGE][INFO] - User set preference: ['prefs', '{download.default_directory=/Users/chaidir.pratama01/Katalon Studio/IST_Automation_Git/Download}']

2021-02-05 13:16:34 - [MESSAGE][INFO] - Action delay is set to 0 milliseconds

2021-02-05 13:16:34 - [MESSAGE][PASSED] - Browser is opened with url: ''

2021-02-05 13:16:36 - [MESSAGE][PASSED] - Navigate to 'https://dev-istools.homecredit.id/foundation/' successfully

2021-02-05 13:16:36 - [MESSAGE][PASSED] - Go to ISTools

2021-02-05 13:16:36 - [TEST_STEP][PASSED] - Login IST with valid credentials: Login IST with valid credentials

2021-02-05 13:16:36 - [MESSAGE][PASSED] - Text 'mobile.test' is set on object 'Object Repository/Page_/input_Username_j_username'

2021-02-05 13:16:36 - [MESSAGE][PASSED] - Text ****** has been set on object 'Object Repository/Page_/input_Password_j_password'

2021-02-05 13:16:37 - [MESSAGE][PASSED] - Object: 'Object Repository/Page_/button_Login' is clicked on

2021-02-05 13:16:37 - [MESSAGE][PASSED] - Login IST with valid credentials

2021-02-05 13:16:37 - [TEST_STEP][PASSED] - Login Success: Login Success

2021-02-05 13:16:37 - [MESSAGE][INFO] - Login Success

2021-02-05 13:16:37 - [MESSAGE][PASSED] - Current window maximized

2021-02-05 13:16:37 - [MESSAGE][PASSED] - Object 'Object Repository/Page_/h1_Welcome to IT Supporting Tools' is present

2021-02-05 13:16:37 - [MESSAGE][PASSED] - Login Success

2021-02-05 13:16:37 - [TEST_STEP][PASSED] - Select Arrow Menu "Real Time Disbursement": Select Arrow Menu "Real Time Disbursement"

2021-02-05 13:16:37 - [MESSAGE][PASSED] - Object: '' is clicked on

2021-02-05 13:16:37 - [MESSAGE][PASSED] - Select Arrow Menu "Real Time Disbursement"

2021-02-05 13:16:37 - [TEST_STEP][PASSED] - Select Menu "Partner Disbursement SBO": Select Menu "Partner Disbursement SBO"

2021-02-05 13:16:38 - [MESSAGE][PASSED] - Taking screenshot successfully
[[ATTACHMENT|/Users/chaidir.pratama01/Documents/Docs/Katalon Studio/Screenshot/test-Partner Disbursement SBO.png]]

2021-02-05 13:16:38 - [MESSAGE][PASSED] - Object '' is present

2021-02-05 13:16:38 - [MESSAGE][PASSED] - Object: '' is clicked on

2021-02-05 13:16:38 - [MESSAGE][PASSED] - Wait for page load successfully

2021-02-05 13:16:38 - [MESSAGE][PASSED] - Select Menu "Partner Disbursement SBO"

2021-02-05 13:16:38 - [TEST_STEP][PASSED] - Select STATUS "Waiting validation from In Payment": Select STATUS "Waiting validation from In Payment"

2021-02-05 13:16:38 - [MESSAGE][PASSED] - All options with value 'Waiting validation from In Payment' are selected in object ''  using regular expression

2021-02-05 13:16:38 - [MESSAGE][PASSED] - Select STATUS "Waiting validation from In Payment"

2021-02-05 13:16:38 - [TEST_STEP][PASSED] - Click button "Search": Click button "Search"

2021-02-05 13:16:38 - [MESSAGE][INFO] - >>>>>//Button[contains(text(),'Search')]

2021-02-05 13:16:41 - [MESSAGE][PASSED] - Object '' is present

2021-02-05 13:16:41 - [MESSAGE][PASSED] - Object: '' is clicked on

2021-02-05 13:16:41 - [MESSAGE][PASSED] - Switched to window with index: '0'

2021-02-05 13:16:41 - [MESSAGE][PASSED] - Click button "Search"

2021-02-05 13:16:41 - [TEST_STEP][PASSED] - Verify Search Result Presents: Verify Search Result Presents

2021-02-05 13:16:45 - [MESSAGE][INFO] - Unable to find the element located by 'By.xpath: //td[@style='display:none' and contains(text(),'-Empty-')]'. Please recheck the objects properties to make sure the desired element is located. 

2021-02-05 13:16:46 - [MESSAGE][WARNING] - com.kms.katalon.core.webui.exception.WebElementNotFoundException: Web element with id: '' located by '//td[@style='display:none' and contains(text(),'-Empty-')]' not found (Root cause: com.kms.katalon.core.exception.StepFailedException: com.kms.katalon.core.webui.exception.WebElementNotFoundException: Web element with id: '' located by '//td[@style='display:none' and contains(text(),'-Empty-')]' not found
	at com.kms.katalon.core.webui.keyword.internal.WebUIKeywordMain.stepFailed(WebUIKeywordMain.groovy:64)
	at com.kms.katalon.core.webui.keyword.builtin.VerifyElementPresentKeyword$_verifyElementPresent_closure1.doCall(VerifyElementPresentKeyword.groovy:85)
	at com.kms.katalon.core.webui.keyword.builtin.VerifyElementPresentKeyword$_verifyElementPresent_closure1.call(VerifyElementPresentKeyword.groovy)
	at com.kms.katalon.core.webui.keyword.internal.WebUIKeywordMain.runKeyword(WebUIKeywordMain.groovy:20)
	at com.kms.katalon.core.webui.keyword.builtin.VerifyElementPresentKeyword.verifyElementPresent(VerifyElementPresentKeyword.groovy:92)
	at com.kms.katalon.core.webui.keyword.builtin.VerifyElementPresentKeyword.execute(VerifyElementPresentKeyword.groovy:68)
	at com.kms.katalon.core.keyword.internal.KeywordExecutor.executeKeywordForPlatform(KeywordExecutor.groovy:73)
	at com.kms.katalon.core.webui.keyword.WebUiBuiltInKeywords.verifyElementPresent(WebUiBuiltInKeywords.groovy:1444)
	at com.kms.katalon.core.webui.keyword.WebUiBuiltInKeywords$verifyElementPresent$11.call(Unknown Source)
	at ist_real.Contract_Dispatcher.VerifyTblFilled(Contract_Dispatcher.groovy:1313)
	at ist_real.Contract_Dispatcher$VerifyTblFilled$0.call(Unknown Source)
	at RTD.Search_Result_Presents(RTD.groovy:189)
	at cucumber.runtime.Utils$1.call(Utils.java:26)
	at cucumber.runtime.Timeout.timeout(Timeout.java:16)
	at cucumber.runtime.Utils.invoke(Utils.java:20)
	at cucumber.runtime.java.JavaStepDefinition.execute(JavaStepDefinition.java:48)
	at cucumber.runtime.PickleStepDefinitionMatch.runStep(PickleStepDefinitionMatch.java:50)
	at cucumber.runner.TestStep.executeStep(TestStep.java:55)
	at cucumber.runner.TestStep.run(TestStep.java:42)
	at cucumber.runner.PickleStepTestStep.run(PickleStepTestStep.java:53)
	at cucumber.runner.TestCase.run(TestCase.java:47)
	at cucumber.runner.Runner.runPickle(Runner.java:44)
	at cucumber.runtime.Runtime.runFeature(Runtime.java:120)
	at cucumber.runtime.Runtime.run(Runtime.java:106)
	at cucumber.api.cli.Main.run(Main.java:35)
	at cucumber.api.cli.Main$run.call(Unknown Source)
	at com.kms.katalon.core.cucumber.keyword.CucumberBuiltinKeywords$_runFeatureFile_closure1.doCall(CucumberBuiltinKeywords.groovy:76)
	at com.kms.katalon.core.cucumber.keyword.CucumberBuiltinKeywords$_runFeatureFile_closure1.doCall(CucumberBuiltinKeywords.groovy)
	at com.kms.katalon.core.keyword.internal.KeywordMain.runKeyword(KeywordMain.groovy:68)
	at com.kms.katalon.core.keyword.internal.KeywordMain$runKeyword.call(Unknown Source)
	at com.kms.katalon.core.cucumber.keyword.CucumberBuiltinKeywords.runFeatureFile(CucumberBuiltinKeywords.groovy:46)
	at com.kms.katalon.core.cucumber.keyword.CucumberBuiltinKeywords$runFeatureFile$0.callStatic(Unknown Source)
	at com.kms.katalon.core.cucumber.keyword.CucumberBuiltinKeywords.runFeatureFile(CucumberBuiltinKeywords.groovy:169)
	at com.kms.katalon.core.cucumber.keyword.CucumberBuiltinKeywords$runFeatureFile.call(Unknown Source)
	at TC_Search_by_STATUS.run(TC_Search_by_STATUS:18)
	at com.kms.katalon.core.main.ScriptEngine.run(ScriptEngine.java:194)
	at com.kms.katalon.core.main.ScriptEngine.runScriptAsRawText(ScriptEngine.java:119)
	at com.kms.katalon.core.main.TestCaseExecutor.runScript(TestCaseExecutor.java:339)
	at com.kms.katalon.core.main.TestCaseExecutor.doExecute(TestCaseExecutor.java:330)
	at com.kms.katalon.core.main.TestCaseExecutor.processExecutionPhase(TestCaseExecutor.java:309)
	at com.kms.katalon.core.main.TestCaseExecutor.accessMainPhase(TestCaseExecutor.java:301)
	at com.kms.katalon.core.main.TestCaseExecutor.execute(TestCaseExecutor.java:235)
	at com.kms.katalon.core.main.TestSuiteExecutor.accessTestCaseMainPhase(TestSuiteExecutor.java:191)
	at com.kms.katalon.core.main.TestSuiteExecutor.accessTestSuiteMainPhase(TestSuiteExecutor.java:141)
	at com.kms.katalon.core.main.TestSuiteExecutor.execute(TestSuiteExecutor.java:90)
	at com.kms.katalon.core.main.TestCaseMain.startTestSuite(TestCaseMain.java:157)
	at com.kms.katalon.core.main.TestCaseMain$startTestSuite$0.call(Unknown Source)
	at TempTestSuite1612505435654.run(TempTestSuite1612505435654.groovy:39)
)
[[ATTACHMENT|/Users/chaidir.pratama01/Katalon Studio/IST_Automation_Git/Reports/20210205_131034/RTD/TS_Partner_Disbursement_SBO/20210205_131035/1612505805803.png]]

2021-02-05 13:16:46 - [MESSAGE][PASSED] - Verify Search Result Presents

2021-02-05 13:16:46 - [TEST_STEP][PASSED] - Click button "Logout": Click button "Logout"

2021-02-05 13:16:46 - [MESSAGE][INFO] - >>>>>//Button[contains(text(),'Logout')]

2021-02-05 13:16:49 - [MESSAGE][PASSED] - Object '' is present

2021-02-05 13:16:49 - [MESSAGE][PASSED] - Object: '' is clicked on

2021-02-05 13:16:49 - [MESSAGE][PASSED] - Switched to window with index: '0'

2021-02-05 13:16:49 - [MESSAGE][PASSED] - Click button "Logout"

2021-02-05 13:16:49 - [TEST_STEP][PASSED] - Close browser: Close browser

2021-02-05 13:16:49 - [MESSAGE][PASSED] - Browser is closed

2021-02-05 13:16:49 - [MESSAGE][PASSED] - Close browser

2021-02-05 13:16:49 - [TEST_CASE][PASSED] - Start Test Case : SCENARIO Search by STATUS Not Eligible to Disburse: SCENARIO Search by STATUS Not Eligible to Disburse

2021-02-05 13:16:49 - [TEST_STEP][PASSED] - Go to ISTools: Go to ISTools

2021-02-05 13:16:49 - [MESSAGE][INFO] - Starting 'Chrome (headless)' driver

2021-02-05 13:16:49 - [MESSAGE][INFO] - User set preference: ['args', '[--start-maximized, --disable-gpu, --no-proxy-server, â€“-no-sandbox, --allow-running-insecure-content, --ignore-certificate-errors, window-size=1680,814, force-device-scale-factor=2, --lang=en-GB]']

2021-02-05 13:16:49 - [MESSAGE][INFO] - User set preference: ['prefs', '{download.default_directory=/Users/chaidir.pratama01/Katalon Studio/IST_Automation_Git/Download}']

2021-02-05 13:16:49 - [MESSAGE][INFO] - Action delay is set to 0 milliseconds

2021-02-05 13:16:50 - [MESSAGE][PASSED] - Browser is opened with url: ''

2021-02-05 13:16:51 - [MESSAGE][PASSED] - Navigate to 'https://dev-istools.homecredit.id/foundation/' successfully

2021-02-05 13:16:51 - [MESSAGE][PASSED] - Go to ISTools

2021-02-05 13:16:51 - [TEST_STEP][PASSED] - Login IST with valid credentials: Login IST with valid credentials

2021-02-05 13:16:52 - [MESSAGE][PASSED] - Text 'mobile.test' is set on object 'Object Repository/Page_/input_Username_j_username'

2021-02-05 13:16:52 - [MESSAGE][PASSED] - Text ****** has been set on object 'Object Repository/Page_/input_Password_j_password'

2021-02-05 13:16:52 - [MESSAGE][PASSED] - Object: 'Object Repository/Page_/button_Login' is clicked on

2021-02-05 13:16:52 - [MESSAGE][PASSED] - Login IST with valid credentials

2021-02-05 13:16:52 - [TEST_STEP][PASSED] - Login Success: Login Success

2021-02-05 13:16:52 - [MESSAGE][INFO] - Login Success

2021-02-05 13:16:52 - [MESSAGE][PASSED] - Current window maximized

2021-02-05 13:16:53 - [MESSAGE][PASSED] - Object 'Object Repository/Page_/h1_Welcome to IT Supporting Tools' is present

2021-02-05 13:16:53 - [MESSAGE][PASSED] - Login Success

2021-02-05 13:16:53 - [TEST_STEP][PASSED] - Select Arrow Menu "Real Time Disbursement": Select Arrow Menu "Real Time Disbursement"

2021-02-05 13:16:53 - [MESSAGE][PASSED] - Object: '' is clicked on

2021-02-05 13:16:53 - [MESSAGE][PASSED] - Select Arrow Menu "Real Time Disbursement"

2021-02-05 13:16:53 - [TEST_STEP][PASSED] - Select Menu "Partner Disbursement SBO": Select Menu "Partner Disbursement SBO"

2021-02-05 13:16:53 - [MESSAGE][PASSED] - Taking screenshot successfully
[[ATTACHMENT|/Users/chaidir.pratama01/Documents/Docs/Katalon Studio/Screenshot/test-Partner Disbursement SBO.png]]

2021-02-05 13:16:53 - [MESSAGE][PASSED] - Object '' is present

2021-02-05 13:16:53 - [MESSAGE][PASSED] - Object: '' is clicked on

2021-02-05 13:16:53 - [MESSAGE][PASSED] - Wait for page load successfully

2021-02-05 13:16:53 - [MESSAGE][PASSED] - Select Menu "Partner Disbursement SBO"

2021-02-05 13:16:53 - [TEST_STEP][PASSED] - Select STATUS "Not eligible to disburse": Select STATUS "Not eligible to disburse"

2021-02-05 13:16:54 - [MESSAGE][PASSED] - All options with value 'Not eligible to disburse' are selected in object ''  using regular expression

2021-02-05 13:16:54 - [MESSAGE][PASSED] - Select STATUS "Not eligible to disburse"

2021-02-05 13:16:54 - [TEST_STEP][PASSED] - Click button "Search": Click button "Search"

2021-02-05 13:16:54 - [MESSAGE][INFO] - >>>>>//Button[contains(text(),'Search')]

2021-02-05 13:16:57 - [MESSAGE][PASSED] - Object '' is present

2021-02-05 13:16:57 - [MESSAGE][PASSED] - Object: '' is clicked on

2021-02-05 13:16:57 - [MESSAGE][PASSED] - Switched to window with index: '0'

2021-02-05 13:16:57 - [MESSAGE][PASSED] - Click button "Search"

2021-02-05 13:16:57 - [TEST_STEP][PASSED] - Verify Search Result Presents: Verify Search Result Presents

2021-02-05 13:17:01 - [MESSAGE][INFO] - Unable to find the element located by 'By.xpath: //td[@style='display:none' and contains(text(),'-Empty-')]'. Please recheck the objects properties to make sure the desired element is located. 

2021-02-05 13:17:01 - [MESSAGE][WARNING] - com.kms.katalon.core.webui.exception.WebElementNotFoundException: Web element with id: '' located by '//td[@style='display:none' and contains(text(),'-Empty-')]' not found (Root cause: com.kms.katalon.core.exception.StepFailedException: com.kms.katalon.core.webui.exception.WebElementNotFoundException: Web element with id: '' located by '//td[@style='display:none' and contains(text(),'-Empty-')]' not found
	at com.kms.katalon.core.webui.keyword.internal.WebUIKeywordMain.stepFailed(WebUIKeywordMain.groovy:64)
	at com.kms.katalon.core.webui.keyword.builtin.VerifyElementPresentKeyword$_verifyElementPresent_closure1.doCall(VerifyElementPresentKeyword.groovy:85)
	at com.kms.katalon.core.webui.keyword.builtin.VerifyElementPresentKeyword$_verifyElementPresent_closure1.call(VerifyElementPresentKeyword.groovy)
	at com.kms.katalon.core.webui.keyword.internal.WebUIKeywordMain.runKeyword(WebUIKeywordMain.groovy:20)
	at com.kms.katalon.core.webui.keyword.builtin.VerifyElementPresentKeyword.verifyElementPresent(VerifyElementPresentKeyword.groovy:92)
	at com.kms.katalon.core.webui.keyword.builtin.VerifyElementPresentKeyword.execute(VerifyElementPresentKeyword.groovy:68)
	at com.kms.katalon.core.keyword.internal.KeywordExecutor.executeKeywordForPlatform(KeywordExecutor.groovy:73)
	at com.kms.katalon.core.webui.keyword.WebUiBuiltInKeywords.verifyElementPresent(WebUiBuiltInKeywords.groovy:1444)
	at com.kms.katalon.core.webui.keyword.WebUiBuiltInKeywords$verifyElementPresent$11.call(Unknown Source)
	at ist_real.Contract_Dispatcher.VerifyTblFilled(Contract_Dispatcher.groovy:1313)
	at ist_real.Contract_Dispatcher$VerifyTblFilled$0.call(Unknown Source)
	at RTD.Search_Result_Presents(RTD.groovy:189)
	at cucumber.runtime.Utils$1.call(Utils.java:26)
	at cucumber.runtime.Timeout.timeout(Timeout.java:16)
	at cucumber.runtime.Utils.invoke(Utils.java:20)
	at cucumber.runtime.java.JavaStepDefinition.execute(JavaStepDefinition.java:48)
	at cucumber.runtime.PickleStepDefinitionMatch.runStep(PickleStepDefinitionMatch.java:50)
	at cucumber.runner.TestStep.executeStep(TestStep.java:55)
	at cucumber.runner.TestStep.run(TestStep.java:42)
	at cucumber.runner.PickleStepTestStep.run(PickleStepTestStep.java:53)
	at cucumber.runner.TestCase.run(TestCase.java:47)
	at cucumber.runner.Runner.runPickle(Runner.java:44)
	at cucumber.runtime.Runtime.runFeature(Runtime.java:120)
	at cucumber.runtime.Runtime.run(Runtime.java:106)
	at cucumber.api.cli.Main.run(Main.java:35)
	at cucumber.api.cli.Main$run.call(Unknown Source)
	at com.kms.katalon.core.cucumber.keyword.CucumberBuiltinKeywords$_runFeatureFile_closure1.doCall(CucumberBuiltinKeywords.groovy:76)
	at com.kms.katalon.core.cucumber.keyword.CucumberBuiltinKeywords$_runFeatureFile_closure1.doCall(CucumberBuiltinKeywords.groovy)
	at com.kms.katalon.core.keyword.internal.KeywordMain.runKeyword(KeywordMain.groovy:68)
	at com.kms.katalon.core.keyword.internal.KeywordMain$runKeyword.call(Unknown Source)
	at com.kms.katalon.core.cucumber.keyword.CucumberBuiltinKeywords.runFeatureFile(CucumberBuiltinKeywords.groovy:46)
	at com.kms.katalon.core.cucumber.keyword.CucumberBuiltinKeywords$runFeatureFile$0.callStatic(Unknown Source)
	at com.kms.katalon.core.cucumber.keyword.CucumberBuiltinKeywords.runFeatureFile(CucumberBuiltinKeywords.groovy:169)
	at com.kms.katalon.core.cucumber.keyword.CucumberBuiltinKeywords$runFeatureFile.call(Unknown Source)
	at TC_Search_by_STATUS.run(TC_Search_by_STATUS:18)
	at com.kms.katalon.core.main.ScriptEngine.run(ScriptEngine.java:194)
	at com.kms.katalon.core.main.ScriptEngine.runScriptAsRawText(ScriptEngine.java:119)
	at com.kms.katalon.core.main.TestCaseExecutor.runScript(TestCaseExecutor.java:339)
	at com.kms.katalon.core.main.TestCaseExecutor.doExecute(TestCaseExecutor.java:330)
	at com.kms.katalon.core.main.TestCaseExecutor.processExecutionPhase(TestCaseExecutor.java:309)
	at com.kms.katalon.core.main.TestCaseExecutor.accessMainPhase(TestCaseExecutor.java:301)
	at com.kms.katalon.core.main.TestCaseExecutor.execute(TestCaseExecutor.java:235)
	at com.kms.katalon.core.main.TestSuiteExecutor.accessTestCaseMainPhase(TestSuiteExecutor.java:191)
	at com.kms.katalon.core.main.TestSuiteExecutor.accessTestSuiteMainPhase(TestSuiteExecutor.java:141)
	at com.kms.katalon.core.main.TestSuiteExecutor.execute(TestSuiteExecutor.java:90)
	at com.kms.katalon.core.main.TestCaseMain.startTestSuite(TestCaseMain.java:157)
	at com.kms.katalon.core.main.TestCaseMain$startTestSuite$0.call(Unknown Source)
	at TempTestSuite1612505435654.run(TempTestSuite1612505435654.groovy:39)
)
[[ATTACHMENT|/Users/chaidir.pratama01/Katalon Studio/IST_Automation_Git/Reports/20210205_131034/RTD/TS_Partner_Disbursement_SBO/20210205_131035/1612505821431.png]]

2021-02-05 13:17:02 - [MESSAGE][PASSED] - Verify Search Result Presents

2021-02-05 13:17:02 - [TEST_STEP][PASSED] - Click button "Logout": Click button "Logout"

2021-02-05 13:17:02 - [MESSAGE][INFO] - >>>>>//Button[contains(text(),'Logout')]

2021-02-05 13:17:05 - [MESSAGE][PASSED] - Object '' is present

2021-02-05 13:17:05 - [MESSAGE][PASSED] - Object: '' is clicked on

2021-02-05 13:17:05 - [MESSAGE][PASSED] - Switched to window with index: '0'

2021-02-05 13:17:05 - [MESSAGE][PASSED] - Click button "Logout"

2021-02-05 13:17:05 - [TEST_STEP][PASSED] - Close browser: Close browser

2021-02-05 13:17:05 - [MESSAGE][PASSED] - Browser is closed

2021-02-05 13:17:05 - [MESSAGE][PASSED] - Close browser

2021-02-05 13:17:05 - [TEST_CASE][PASSED] - Start Test Case : SCENARIO Search by STATUS Ready to disburse: SCENARIO Search by STATUS Ready to disburse

2021-02-05 13:17:05 - [TEST_STEP][PASSED] - Go to ISTools: Go to ISTools

2021-02-05 13:17:05 - [MESSAGE][INFO] - Starting 'Chrome (headless)' driver

2021-02-05 13:17:05 - [MESSAGE][INFO] - User set preference: ['args', '[--start-maximized, --disable-gpu, --no-proxy-server, â€“-no-sandbox, --allow-running-insecure-content, --ignore-certificate-errors, window-size=1680,814, force-device-scale-factor=2, --lang=en-GB]']

2021-02-05 13:17:05 - [MESSAGE][INFO] - User set preference: ['prefs', '{download.default_directory=/Users/chaidir.pratama01/Katalon Studio/IST_Automation_Git/Download}']

2021-02-05 13:17:05 - [MESSAGE][INFO] - Action delay is set to 0 milliseconds

2021-02-05 13:17:06 - [MESSAGE][PASSED] - Browser is opened with url: ''

2021-02-05 13:17:08 - [MESSAGE][PASSED] - Navigate to 'https://dev-istools.homecredit.id/foundation/' successfully

2021-02-05 13:17:08 - [MESSAGE][PASSED] - Go to ISTools

2021-02-05 13:17:08 - [TEST_STEP][PASSED] - Login IST with valid credentials: Login IST with valid credentials

2021-02-05 13:17:08 - [MESSAGE][PASSED] - Text 'mobile.test' is set on object 'Object Repository/Page_/input_Username_j_username'

2021-02-05 13:17:08 - [MESSAGE][PASSED] - Text ****** has been set on object 'Object Repository/Page_/input_Password_j_password'

2021-02-05 13:17:08 - [MESSAGE][PASSED] - Object: 'Object Repository/Page_/button_Login' is clicked on

2021-02-05 13:17:08 - [MESSAGE][PASSED] - Login IST with valid credentials

2021-02-05 13:17:08 - [TEST_STEP][PASSED] - Login Success: Login Success

2021-02-05 13:17:08 - [MESSAGE][INFO] - Login Success

2021-02-05 13:17:09 - [MESSAGE][PASSED] - Current window maximized

2021-02-05 13:17:09 - [MESSAGE][PASSED] - Object 'Object Repository/Page_/h1_Welcome to IT Supporting Tools' is present

2021-02-05 13:17:09 - [MESSAGE][PASSED] - Login Success

2021-02-05 13:17:09 - [TEST_STEP][PASSED] - Select Arrow Menu "Real Time Disbursement": Select Arrow Menu "Real Time Disbursement"

2021-02-05 13:17:09 - [MESSAGE][PASSED] - Object: '' is clicked on

2021-02-05 13:17:09 - [MESSAGE][PASSED] - Select Arrow Menu "Real Time Disbursement"

2021-02-05 13:17:09 - [TEST_STEP][PASSED] - Select Menu "Partner Disbursement SBO": Select Menu "Partner Disbursement SBO"

2021-02-05 13:17:09 - [MESSAGE][PASSED] - Taking screenshot successfully
[[ATTACHMENT|/Users/chaidir.pratama01/Documents/Docs/Katalon Studio/Screenshot/test-Partner Disbursement SBO.png]]

2021-02-05 13:17:09 - [MESSAGE][PASSED] - Object '' is present

2021-02-05 13:17:09 - [MESSAGE][PASSED] - Object: '' is clicked on

2021-02-05 13:17:09 - [MESSAGE][PASSED] - Wait for page load successfully

2021-02-05 13:17:09 - [MESSAGE][PASSED] - Select Menu "Partner Disbursement SBO"

2021-02-05 13:17:09 - [TEST_STEP][PASSED] - Select STATUS "Ready to disburse": Select STATUS "Ready to disburse"

2021-02-05 13:17:10 - [MESSAGE][PASSED] - All options with value 'Ready to disburse' are selected in object ''  using regular expression

2021-02-05 13:17:10 - [MESSAGE][PASSED] - Select STATUS "Ready to disburse"

2021-02-05 13:17:10 - [TEST_STEP][PASSED] - Click button "Search": Click button "Search"

2021-02-05 13:17:10 - [MESSAGE][INFO] - >>>>>//Button[contains(text(),'Search')]

2021-02-05 13:17:13 - [MESSAGE][PASSED] - Object '' is present

2021-02-05 13:17:13 - [MESSAGE][PASSED] - Object: '' is clicked on

2021-02-05 13:17:13 - [MESSAGE][PASSED] - Switched to window with index: '0'

2021-02-05 13:17:13 - [MESSAGE][PASSED] - Click button "Search"

2021-02-05 13:17:13 - [TEST_STEP][PASSED] - Verify Search Result Presents: Verify Search Result Presents

2021-02-05 13:17:13 - [MESSAGE][PASSED] - Object '' is present

2021-02-05 13:17:17 - [MESSAGE][PASSED] - Verify Search Result Presents

2021-02-05 13:17:17 - [TEST_STEP][PASSED] - Click button "Logout": Click button "Logout"

2021-02-05 13:17:17 - [MESSAGE][INFO] - >>>>>//Button[contains(text(),'Logout')]

2021-02-05 13:17:20 - [MESSAGE][PASSED] - Object '' is present

2021-02-05 13:17:21 - [MESSAGE][PASSED] - Object: '' is clicked on

2021-02-05 13:17:21 - [MESSAGE][PASSED] - Switched to window with index: '0'

2021-02-05 13:17:21 - [MESSAGE][PASSED] - Click button "Logout"

2021-02-05 13:17:21 - [TEST_STEP][PASSED] - Close browser: Close browser

2021-02-05 13:17:21 - [MESSAGE][PASSED] - Browser is closed

2021-02-05 13:17:21 - [MESSAGE][PASSED] - Close browser

2021-02-05 13:17:21 - [TEST_CASE][PASSED] - Start Test Case : SCENARIO Search by STATUS Failed due to invalid bank account: SCENARIO Search by STATUS Failed due to invalid bank account

2021-02-05 13:17:21 - [TEST_STEP][PASSED] - Go to ISTools: Go to ISTools

2021-02-05 13:17:21 - [MESSAGE][INFO] - Starting 'Chrome (headless)' driver

2021-02-05 13:17:21 - [MESSAGE][INFO] - User set preference: ['args', '[--start-maximized, --disable-gpu, --no-proxy-server, â€“-no-sandbox, --allow-running-insecure-content, --ignore-certificate-errors, window-size=1680,814, force-device-scale-factor=2, --lang=en-GB]']

2021-02-05 13:17:21 - [MESSAGE][INFO] - User set preference: ['prefs', '{download.default_directory=/Users/chaidir.pratama01/Katalon Studio/IST_Automation_Git/Download}']

2021-02-05 13:17:21 - [MESSAGE][INFO] - Action delay is set to 0 milliseconds

2021-02-05 13:17:21 - [MESSAGE][PASSED] - Browser is opened with url: ''

2021-02-05 13:17:23 - [MESSAGE][PASSED] - Navigate to 'https://dev-istools.homecredit.id/foundation/' successfully

2021-02-05 13:17:23 - [MESSAGE][PASSED] - Go to ISTools

2021-02-05 13:17:23 - [TEST_STEP][PASSED] - Login IST with valid credentials: Login IST with valid credentials

2021-02-05 13:17:23 - [MESSAGE][PASSED] - Text 'mobile.test' is set on object 'Object Repository/Page_/input_Username_j_username'

2021-02-05 13:17:23 - [MESSAGE][PASSED] - Text ****** has been set on object 'Object Repository/Page_/input_Password_j_password'

2021-02-05 13:17:24 - [MESSAGE][PASSED] - Object: 'Object Repository/Page_/button_Login' is clicked on

2021-02-05 13:17:24 - [MESSAGE][PASSED] - Login IST with valid credentials

2021-02-05 13:17:24 - [TEST_STEP][PASSED] - Login Success: Login Success

2021-02-05 13:17:24 - [MESSAGE][INFO] - Login Success

2021-02-05 13:17:24 - [MESSAGE][PASSED] - Current window maximized

2021-02-05 13:17:24 - [MESSAGE][PASSED] - Object 'Object Repository/Page_/h1_Welcome to IT Supporting Tools' is present

2021-02-05 13:17:24 - [MESSAGE][PASSED] - Login Success

2021-02-05 13:17:24 - [TEST_STEP][PASSED] - Select Arrow Menu "Real Time Disbursement": Select Arrow Menu "Real Time Disbursement"

2021-02-05 13:17:24 - [MESSAGE][PASSED] - Object: '' is clicked on

2021-02-05 13:17:24 - [MESSAGE][PASSED] - Select Arrow Menu "Real Time Disbursement"

2021-02-05 13:17:24 - [TEST_STEP][PASSED] - Select Menu "Partner Disbursement SBO": Select Menu "Partner Disbursement SBO"

2021-02-05 13:17:25 - [MESSAGE][PASSED] - Taking screenshot successfully
[[ATTACHMENT|/Users/chaidir.pratama01/Documents/Docs/Katalon Studio/Screenshot/test-Partner Disbursement SBO.png]]

2021-02-05 13:17:25 - [MESSAGE][PASSED] - Object '' is present

2021-02-05 13:17:25 - [MESSAGE][PASSED] - Object: '' is clicked on

2021-02-05 13:17:25 - [MESSAGE][PASSED] - Wait for page load successfully

2021-02-05 13:17:25 - [MESSAGE][PASSED] - Select Menu "Partner Disbursement SBO"

2021-02-05 13:17:25 - [TEST_STEP][PASSED] - Select STATUS "Failed due to invalid bank account": Select STATUS "Failed due to invalid bank account"

2021-02-05 13:17:26 - [MESSAGE][PASSED] - All options with value 'Failed due to invalid bank account' are selected in object ''  using regular expression

2021-02-05 13:17:26 - [MESSAGE][PASSED] - Select STATUS "Failed due to invalid bank account"

2021-02-05 13:17:26 - [TEST_STEP][PASSED] - Click button "Search": Click button "Search"

2021-02-05 13:17:26 - [MESSAGE][INFO] - >>>>>//Button[contains(text(),'Search')]

2021-02-05 13:17:29 - [MESSAGE][PASSED] - Object '' is present

2021-02-05 13:17:29 - [MESSAGE][PASSED] - Object: '' is clicked on

2021-02-05 13:17:29 - [MESSAGE][PASSED] - Switched to window with index: '0'

2021-02-05 13:17:29 - [MESSAGE][PASSED] - Click button "Search"

2021-02-05 13:17:29 - [TEST_STEP][PASSED] - Verify Search Result Presents: Verify Search Result Presents

2021-02-05 13:17:29 - [MESSAGE][PASSED] - Object '' is present

2021-02-05 13:17:36 - [MESSAGE][PASSED] - Verify Search Result Presents

2021-02-05 13:17:36 - [TEST_STEP][PASSED] - Click button "Logout": Click button "Logout"

2021-02-05 13:17:36 - [MESSAGE][INFO] - >>>>>//Button[contains(text(),'Logout')]

2021-02-05 13:17:39 - [MESSAGE][PASSED] - Object '' is present

2021-02-05 13:17:40 - [MESSAGE][PASSED] - Object: '' is clicked on

2021-02-05 13:17:40 - [MESSAGE][PASSED] - Switched to window with index: '0'

2021-02-05 13:17:40 - [MESSAGE][PASSED] - Click button "Logout"

2021-02-05 13:17:40 - [TEST_STEP][PASSED] - Close browser: Close browser

2021-02-05 13:17:40 - [MESSAGE][PASSED] - Browser is closed

2021-02-05 13:17:40 - [MESSAGE][PASSED] - Close browser

2021-02-05 13:17:40 - [TEST_CASE][PASSED] - Start Test Case : SCENARIO Search by STATUS Failed due to system error: SCENARIO Search by STATUS Failed due to system error

2021-02-05 13:17:40 - [TEST_STEP][PASSED] - Go to ISTools: Go to ISTools

2021-02-05 13:17:40 - [MESSAGE][INFO] - Starting 'Chrome (headless)' driver

2021-02-05 13:17:40 - [MESSAGE][INFO] - User set preference: ['args', '[--start-maximized, --disable-gpu, --no-proxy-server, â€“-no-sandbox, --allow-running-insecure-content, --ignore-certificate-errors, window-size=1680,814, force-device-scale-factor=2, --lang=en-GB]']

2021-02-05 13:17:40 - [MESSAGE][INFO] - User set preference: ['prefs', '{download.default_directory=/Users/chaidir.pratama01/Katalon Studio/IST_Automation_Git/Download}']

2021-02-05 13:17:40 - [MESSAGE][INFO] - Action delay is set to 0 milliseconds

2021-02-05 13:17:40 - [MESSAGE][PASSED] - Browser is opened with url: ''

2021-02-05 13:17:42 - [MESSAGE][PASSED] - Navigate to 'https://dev-istools.homecredit.id/foundation/' successfully

2021-02-05 13:17:42 - [MESSAGE][PASSED] - Go to ISTools

2021-02-05 13:17:42 - [TEST_STEP][PASSED] - Login IST with valid credentials: Login IST with valid credentials

2021-02-05 13:17:42 - [MESSAGE][PASSED] - Text 'mobile.test' is set on object 'Object Repository/Page_/input_Username_j_username'

2021-02-05 13:17:43 - [MESSAGE][PASSED] - Text ****** has been set on object 'Object Repository/Page_/input_Password_j_password'

2021-02-05 13:17:43 - [MESSAGE][PASSED] - Object: 'Object Repository/Page_/button_Login' is clicked on

2021-02-05 13:17:43 - [MESSAGE][PASSED] - Login IST with valid credentials

2021-02-05 13:17:43 - [TEST_STEP][PASSED] - Login Success: Login Success

2021-02-05 13:17:43 - [MESSAGE][INFO] - Login Success

2021-02-05 13:17:43 - [MESSAGE][PASSED] - Current window maximized

2021-02-05 13:17:43 - [MESSAGE][PASSED] - Object 'Object Repository/Page_/h1_Welcome to IT Supporting Tools' is present

2021-02-05 13:17:43 - [MESSAGE][PASSED] - Login Success

2021-02-05 13:17:43 - [TEST_STEP][PASSED] - Select Arrow Menu "Real Time Disbursement": Select Arrow Menu "Real Time Disbursement"

2021-02-05 13:17:43 - [MESSAGE][PASSED] - Object: '' is clicked on

2021-02-05 13:17:43 - [MESSAGE][PASSED] - Select Arrow Menu "Real Time Disbursement"

2021-02-05 13:17:43 - [TEST_STEP][PASSED] - Select Menu "Partner Disbursement SBO": Select Menu "Partner Disbursement SBO"

2021-02-05 13:17:44 - [MESSAGE][PASSED] - Taking screenshot successfully
[[ATTACHMENT|/Users/chaidir.pratama01/Documents/Docs/Katalon Studio/Screenshot/test-Partner Disbursement SBO.png]]

2021-02-05 13:17:44 - [MESSAGE][PASSED] - Object '' is present

2021-02-05 13:17:44 - [MESSAGE][PASSED] - Object: '' is clicked on

2021-02-05 13:17:44 - [MESSAGE][PASSED] - Wait for page load successfully

2021-02-05 13:17:44 - [MESSAGE][PASSED] - Select Menu "Partner Disbursement SBO"

2021-02-05 13:17:44 - [TEST_STEP][PASSED] - Select STATUS "Failed due to system error": Select STATUS "Failed due to system error"

2021-02-05 13:17:45 - [MESSAGE][PASSED] - All options with value 'Failed due to system error' are selected in object ''  using regular expression

2021-02-05 13:17:45 - [MESSAGE][PASSED] - Select STATUS "Failed due to system error"

2021-02-05 13:17:45 - [TEST_STEP][PASSED] - Click button "Search": Click button "Search"

2021-02-05 13:17:45 - [MESSAGE][INFO] - >>>>>//Button[contains(text(),'Search')]

2021-02-05 13:17:48 - [MESSAGE][PASSED] - Object '' is present

2021-02-05 13:17:48 - [MESSAGE][PASSED] - Object: '' is clicked on

2021-02-05 13:17:48 - [MESSAGE][PASSED] - Switched to window with index: '0'

2021-02-05 13:17:48 - [MESSAGE][PASSED] - Click button "Search"

2021-02-05 13:17:48 - [TEST_STEP][PASSED] - Verify Search Result Presents: Verify Search Result Presents

2021-02-05 13:17:48 - [MESSAGE][PASSED] - Object '' is present

2021-02-05 13:17:49 - [MESSAGE][PASSED] - Verify Search Result Presents

2021-02-05 13:17:49 - [TEST_STEP][PASSED] - Click button "Logout": Click button "Logout"

2021-02-05 13:17:49 - [MESSAGE][INFO] - >>>>>//Button[contains(text(),'Logout')]

2021-02-05 13:17:52 - [MESSAGE][PASSED] - Object '' is present

2021-02-05 13:17:52 - [MESSAGE][PASSED] - Object: '' is clicked on

2021-02-05 13:17:52 - [MESSAGE][PASSED] - Switched to window with index: '0'

2021-02-05 13:17:52 - [MESSAGE][PASSED] - Click button "Logout"

2021-02-05 13:17:52 - [TEST_STEP][PASSED] - Close browser: Close browser

2021-02-05 13:17:53 - [MESSAGE][PASSED] - Browser is closed

2021-02-05 13:17:53 - [MESSAGE][PASSED] - Close browser

2021-02-05 13:17:53 - [TEST_CASE][PASSED] - Start Test Case : SCENARIO Search by STATUS Failed due to insufficient fund: SCENARIO Search by STATUS Failed due to insufficient fund

2021-02-05 13:17:53 - [TEST_STEP][PASSED] - Go to ISTools: Go to ISTools

2021-02-05 13:17:53 - [MESSAGE][INFO] - Starting 'Chrome (headless)' driver

2021-02-05 13:17:53 - [MESSAGE][INFO] - User set preference: ['args', '[--start-maximized, --disable-gpu, --no-proxy-server, â€“-no-sandbox, --allow-running-insecure-content, --ignore-certificate-errors, window-size=1680,814, force-device-scale-factor=2, --lang=en-GB]']

2021-02-05 13:17:53 - [MESSAGE][INFO] - User set preference: ['prefs', '{download.default_directory=/Users/chaidir.pratama01/Katalon Studio/IST_Automation_Git/Download}']

2021-02-05 13:17:53 - [MESSAGE][INFO] - Action delay is set to 0 milliseconds

2021-02-05 13:17:53 - [MESSAGE][PASSED] - Browser is opened with url: ''

2021-02-05 13:17:54 - [MESSAGE][PASSED] - Navigate to 'https://dev-istools.homecredit.id/foundation/' successfully

2021-02-05 13:17:54 - [MESSAGE][PASSED] - Go to ISTools

2021-02-05 13:17:54 - [TEST_STEP][PASSED] - Login IST with valid credentials: Login IST with valid credentials

2021-02-05 13:17:54 - [MESSAGE][PASSED] - Text 'mobile.test' is set on object 'Object Repository/Page_/input_Username_j_username'

2021-02-05 13:17:55 - [MESSAGE][PASSED] - Text ****** has been set on object 'Object Repository/Page_/input_Password_j_password'

2021-02-05 13:17:55 - [MESSAGE][PASSED] - Object: 'Object Repository/Page_/button_Login' is clicked on

2021-02-05 13:17:55 - [MESSAGE][PASSED] - Login IST with valid credentials

2021-02-05 13:17:55 - [TEST_STEP][PASSED] - Login Success: Login Success

2021-02-05 13:17:55 - [MESSAGE][INFO] - Login Success

2021-02-05 13:17:56 - [MESSAGE][PASSED] - Current window maximized

2021-02-05 13:17:56 - [MESSAGE][PASSED] - Object 'Object Repository/Page_/h1_Welcome to IT Supporting Tools' is present

2021-02-05 13:17:56 - [MESSAGE][PASSED] - Login Success

2021-02-05 13:17:56 - [TEST_STEP][PASSED] - Select Arrow Menu "Real Time Disbursement": Select Arrow Menu "Real Time Disbursement"

2021-02-05 13:17:56 - [MESSAGE][PASSED] - Object: '' is clicked on

2021-02-05 13:17:56 - [MESSAGE][PASSED] - Select Arrow Menu "Real Time Disbursement"

2021-02-05 13:17:56 - [TEST_STEP][PASSED] - Select Menu "Partner Disbursement SBO": Select Menu "Partner Disbursement SBO"

2021-02-05 13:17:56 - [MESSAGE][PASSED] - Taking screenshot successfully
[[ATTACHMENT|/Users/chaidir.pratama01/Documents/Docs/Katalon Studio/Screenshot/test-Partner Disbursement SBO.png]]

2021-02-05 13:17:56 - [MESSAGE][PASSED] - Object '' is present

2021-02-05 13:17:56 - [MESSAGE][PASSED] - Object: '' is clicked on

2021-02-05 13:17:56 - [MESSAGE][PASSED] - Wait for page load successfully

2021-02-05 13:17:56 - [MESSAGE][PASSED] - Select Menu "Partner Disbursement SBO"

2021-02-05 13:17:56 - [TEST_STEP][PASSED] - Select STATUS "Failed due to insufficient fund": Select STATUS "Failed due to insufficient fund"

2021-02-05 13:17:57 - [MESSAGE][PASSED] - All options with value 'Failed due to insufficient fund' are selected in object ''  using regular expression

2021-02-05 13:17:57 - [MESSAGE][PASSED] - Select STATUS "Failed due to insufficient fund"

2021-02-05 13:17:57 - [TEST_STEP][PASSED] - Click button "Search": Click button "Search"

2021-02-05 13:17:57 - [MESSAGE][INFO] - >>>>>//Button[contains(text(),'Search')]

2021-02-05 13:18:00 - [MESSAGE][PASSED] - Object '' is present

2021-02-05 13:18:00 - [MESSAGE][PASSED] - Object: '' is clicked on

2021-02-05 13:18:00 - [MESSAGE][PASSED] - Switched to window with index: '0'

2021-02-05 13:18:00 - [MESSAGE][PASSED] - Click button "Search"

2021-02-05 13:18:00 - [TEST_STEP][PASSED] - Verify Search Result Presents: Verify Search Result Presents

2021-02-05 13:18:04 - [MESSAGE][INFO] - Unable to find the element located by 'By.xpath: //td[@style='display:none' and contains(text(),'-Empty-')]'. Please recheck the objects properties to make sure the desired element is located. 

2021-02-05 13:18:04 - [MESSAGE][WARNING] - com.kms.katalon.core.webui.exception.WebElementNotFoundException: Web element with id: '' located by '//td[@style='display:none' and contains(text(),'-Empty-')]' not found (Root cause: com.kms.katalon.core.exception.StepFailedException: com.kms.katalon.core.webui.exception.WebElementNotFoundException: Web element with id: '' located by '//td[@style='display:none' and contains(text(),'-Empty-')]' not found
	at com.kms.katalon.core.webui.keyword.internal.WebUIKeywordMain.stepFailed(WebUIKeywordMain.groovy:64)
	at com.kms.katalon.core.webui.keyword.builtin.VerifyElementPresentKeyword$_verifyElementPresent_closure1.doCall(VerifyElementPresentKeyword.groovy:85)
	at com.kms.katalon.core.webui.keyword.builtin.VerifyElementPresentKeyword$_verifyElementPresent_closure1.call(VerifyElementPresentKeyword.groovy)
	at com.kms.katalon.core.webui.keyword.internal.WebUIKeywordMain.runKeyword(WebUIKeywordMain.groovy:20)
	at com.kms.katalon.core.webui.keyword.builtin.VerifyElementPresentKeyword.verifyElementPresent(VerifyElementPresentKeyword.groovy:92)
	at com.kms.katalon.core.webui.keyword.builtin.VerifyElementPresentKeyword.execute(VerifyElementPresentKeyword.groovy:68)
	at com.kms.katalon.core.keyword.internal.KeywordExecutor.executeKeywordForPlatform(KeywordExecutor.groovy:73)
	at com.kms.katalon.core.webui.keyword.WebUiBuiltInKeywords.verifyElementPresent(WebUiBuiltInKeywords.groovy:1444)
	at com.kms.katalon.core.webui.keyword.WebUiBuiltInKeywords$verifyElementPresent$11.call(Unknown Source)
	at ist_real.Contract_Dispatcher.VerifyTblFilled(Contract_Dispatcher.groovy:1313)
	at ist_real.Contract_Dispatcher$VerifyTblFilled$0.call(Unknown Source)
	at RTD.Search_Result_Presents(RTD.groovy:189)
	at cucumber.runtime.Utils$1.call(Utils.java:26)
	at cucumber.runtime.Timeout.timeout(Timeout.java:16)
	at cucumber.runtime.Utils.invoke(Utils.java:20)
	at cucumber.runtime.java.JavaStepDefinition.execute(JavaStepDefinition.java:48)
	at cucumber.runtime.PickleStepDefinitionMatch.runStep(PickleStepDefinitionMatch.java:50)
	at cucumber.runner.TestStep.executeStep(TestStep.java:55)
	at cucumber.runner.TestStep.run(TestStep.java:42)
	at cucumber.runner.PickleStepTestStep.run(PickleStepTestStep.java:53)
	at cucumber.runner.TestCase.run(TestCase.java:47)
	at cucumber.runner.Runner.runPickle(Runner.java:44)
	at cucumber.runtime.Runtime.runFeature(Runtime.java:120)
	at cucumber.runtime.Runtime.run(Runtime.java:106)
	at cucumber.api.cli.Main.run(Main.java:35)
	at cucumber.api.cli.Main$run.call(Unknown Source)
	at com.kms.katalon.core.cucumber.keyword.CucumberBuiltinKeywords$_runFeatureFile_closure1.doCall(CucumberBuiltinKeywords.groovy:76)
	at com.kms.katalon.core.cucumber.keyword.CucumberBuiltinKeywords$_runFeatureFile_closure1.doCall(CucumberBuiltinKeywords.groovy)
	at com.kms.katalon.core.keyword.internal.KeywordMain.runKeyword(KeywordMain.groovy:68)
	at com.kms.katalon.core.keyword.internal.KeywordMain$runKeyword.call(Unknown Source)
	at com.kms.katalon.core.cucumber.keyword.CucumberBuiltinKeywords.runFeatureFile(CucumberBuiltinKeywords.groovy:46)
	at com.kms.katalon.core.cucumber.keyword.CucumberBuiltinKeywords$runFeatureFile$0.callStatic(Unknown Source)
	at com.kms.katalon.core.cucumber.keyword.CucumberBuiltinKeywords.runFeatureFile(CucumberBuiltinKeywords.groovy:169)
	at com.kms.katalon.core.cucumber.keyword.CucumberBuiltinKeywords$runFeatureFile.call(Unknown Source)
	at TC_Search_by_STATUS.run(TC_Search_by_STATUS:18)
	at com.kms.katalon.core.main.ScriptEngine.run(ScriptEngine.java:194)
	at com.kms.katalon.core.main.ScriptEngine.runScriptAsRawText(ScriptEngine.java:119)
	at com.kms.katalon.core.main.TestCaseExecutor.runScript(TestCaseExecutor.java:339)
	at com.kms.katalon.core.main.TestCaseExecutor.doExecute(TestCaseExecutor.java:330)
	at com.kms.katalon.core.main.TestCaseExecutor.processExecutionPhase(TestCaseExecutor.java:309)
	at com.kms.katalon.core.main.TestCaseExecutor.accessMainPhase(TestCaseExecutor.java:301)
	at com.kms.katalon.core.main.TestCaseExecutor.execute(TestCaseExecutor.java:235)
	at com.kms.katalon.core.main.TestSuiteExecutor.accessTestCaseMainPhase(TestSuiteExecutor.java:191)
	at com.kms.katalon.core.main.TestSuiteExecutor.accessTestSuiteMainPhase(TestSuiteExecutor.java:141)
	at com.kms.katalon.core.main.TestSuiteExecutor.execute(TestSuiteExecutor.java:90)
	at com.kms.katalon.core.main.TestCaseMain.startTestSuite(TestCaseMain.java:157)
	at com.kms.katalon.core.main.TestCaseMain$startTestSuite$0.call(Unknown Source)
	at TempTestSuite1612505435654.run(TempTestSuite1612505435654.groovy:39)
)
[[ATTACHMENT|/Users/chaidir.pratama01/Katalon Studio/IST_Automation_Git/Reports/20210205_131034/RTD/TS_Partner_Disbursement_SBO/20210205_131035/1612505884313.png]]

2021-02-05 13:18:05 - [MESSAGE][PASSED] - Verify Search Result Presents

2021-02-05 13:18:05 - [TEST_STEP][PASSED] - Click button "Logout": Click button "Logout"

2021-02-05 13:18:05 - [MESSAGE][INFO] - >>>>>//Button[contains(text(),'Logout')]

2021-02-05 13:18:08 - [MESSAGE][PASSED] - Object '' is present

2021-02-05 13:18:08 - [MESSAGE][PASSED] - Object: '' is clicked on

2021-02-05 13:18:08 - [MESSAGE][PASSED] - Switched to window with index: '0'

2021-02-05 13:18:08 - [MESSAGE][PASSED] - Click button "Logout"

2021-02-05 13:18:08 - [TEST_STEP][PASSED] - Close browser: Close browser

2021-02-05 13:18:08 - [MESSAGE][PASSED] - Browser is closed

2021-02-05 13:18:08 - [MESSAGE][PASSED] - Close browser

2021-02-05 13:18:08 - [TEST_CASE][PASSED] - Start Test Case : SCENARIO Search by STATUS Failed due to not supported bank: SCENARIO Search by STATUS Failed due to not supported bank

2021-02-05 13:18:08 - [TEST_STEP][PASSED] - Go to ISTools: Go to ISTools

2021-02-05 13:18:08 - [MESSAGE][INFO] - Starting 'Chrome (headless)' driver

2021-02-05 13:18:08 - [MESSAGE][INFO] - User set preference: ['args', '[--start-maximized, --disable-gpu, --no-proxy-server, â€“-no-sandbox, --allow-running-insecure-content, --ignore-certificate-errors, window-size=1680,814, force-device-scale-factor=2, --lang=en-GB]']

2021-02-05 13:18:08 - [MESSAGE][INFO] - User set preference: ['prefs', '{download.default_directory=/Users/chaidir.pratama01/Katalon Studio/IST_Automation_Git/Download}']

2021-02-05 13:18:08 - [MESSAGE][INFO] - Action delay is set to 0 milliseconds

2021-02-05 13:18:08 - [MESSAGE][PASSED] - Browser is opened with url: ''

2021-02-05 13:18:10 - [MESSAGE][PASSED] - Navigate to 'https://dev-istools.homecredit.id/foundation/' successfully

2021-02-05 13:18:10 - [MESSAGE][PASSED] - Go to ISTools

2021-02-05 13:18:10 - [TEST_STEP][PASSED] - Login IST with valid credentials: Login IST with valid credentials

2021-02-05 13:18:10 - [MESSAGE][PASSED] - Text 'mobile.test' is set on object 'Object Repository/Page_/input_Username_j_username'

2021-02-05 13:18:10 - [MESSAGE][PASSED] - Text ****** has been set on object 'Object Repository/Page_/input_Password_j_password'

2021-02-05 13:18:11 - [MESSAGE][PASSED] - Object: 'Object Repository/Page_/button_Login' is clicked on

2021-02-05 13:18:11 - [MESSAGE][PASSED] - Login IST with valid credentials

2021-02-05 13:18:11 - [TEST_STEP][PASSED] - Login Success: Login Success

2021-02-05 13:18:11 - [MESSAGE][INFO] - Login Success

2021-02-05 13:18:11 - [MESSAGE][PASSED] - Current window maximized

2021-02-05 13:18:11 - [MESSAGE][PASSED] - Object 'Object Repository/Page_/h1_Welcome to IT Supporting Tools' is present

2021-02-05 13:18:11 - [MESSAGE][PASSED] - Login Success

2021-02-05 13:18:11 - [TEST_STEP][PASSED] - Select Arrow Menu "Real Time Disbursement": Select Arrow Menu "Real Time Disbursement"

2021-02-05 13:18:11 - [MESSAGE][PASSED] - Object: '' is clicked on

2021-02-05 13:18:11 - [MESSAGE][PASSED] - Select Arrow Menu "Real Time Disbursement"

2021-02-05 13:18:11 - [TEST_STEP][PASSED] - Select Menu "Partner Disbursement SBO": Select Menu "Partner Disbursement SBO"

2021-02-05 13:18:12 - [MESSAGE][PASSED] - Taking screenshot successfully
[[ATTACHMENT|/Users/chaidir.pratama01/Documents/Docs/Katalon Studio/Screenshot/test-Partner Disbursement SBO.png]]

2021-02-05 13:18:12 - [MESSAGE][PASSED] - Object '' is present

2021-02-05 13:18:12 - [MESSAGE][PASSED] - Object: '' is clicked on

2021-02-05 13:18:12 - [MESSAGE][PASSED] - Wait for page load successfully

2021-02-05 13:18:12 - [MESSAGE][PASSED] - Select Menu "Partner Disbursement SBO"

2021-02-05 13:18:12 - [TEST_STEP][PASSED] - Select STATUS "Failed due to not supported bank": Select STATUS "Failed due to not supported bank"

2021-02-05 13:18:12 - [MESSAGE][PASSED] - All options with value 'Failed due to not supported bank' are selected in object ''  using regular expression

2021-02-05 13:18:12 - [MESSAGE][PASSED] - Select STATUS "Failed due to not supported bank"

2021-02-05 13:18:12 - [TEST_STEP][PASSED] - Click button "Search": Click button "Search"

2021-02-05 13:18:12 - [MESSAGE][INFO] - >>>>>//Button[contains(text(),'Search')]

2021-02-05 13:18:15 - [MESSAGE][PASSED] - Object '' is present

2021-02-05 13:18:16 - [MESSAGE][PASSED] - Object: '' is clicked on

2021-02-05 13:18:16 - [MESSAGE][PASSED] - Switched to window with index: '0'

2021-02-05 13:18:16 - [MESSAGE][PASSED] - Click button "Search"

2021-02-05 13:18:16 - [TEST_STEP][PASSED] - Verify Search Result Presents: Verify Search Result Presents

2021-02-05 13:18:20 - [MESSAGE][INFO] - Unable to find the element located by 'By.xpath: //td[@style='display:none' and contains(text(),'-Empty-')]'. Please recheck the objects properties to make sure the desired element is located. 

2021-02-05 13:18:20 - [MESSAGE][WARNING] - com.kms.katalon.core.webui.exception.WebElementNotFoundException: Web element with id: '' located by '//td[@style='display:none' and contains(text(),'-Empty-')]' not found (Root cause: com.kms.katalon.core.exception.StepFailedException: com.kms.katalon.core.webui.exception.WebElementNotFoundException: Web element with id: '' located by '//td[@style='display:none' and contains(text(),'-Empty-')]' not found
	at com.kms.katalon.core.webui.keyword.internal.WebUIKeywordMain.stepFailed(WebUIKeywordMain.groovy:64)
	at com.kms.katalon.core.webui.keyword.builtin.VerifyElementPresentKeyword$_verifyElementPresent_closure1.doCall(VerifyElementPresentKeyword.groovy:85)
	at com.kms.katalon.core.webui.keyword.builtin.VerifyElementPresentKeyword$_verifyElementPresent_closure1.call(VerifyElementPresentKeyword.groovy)
	at com.kms.katalon.core.webui.keyword.internal.WebUIKeywordMain.runKeyword(WebUIKeywordMain.groovy:20)
	at com.kms.katalon.core.webui.keyword.builtin.VerifyElementPresentKeyword.verifyElementPresent(VerifyElementPresentKeyword.groovy:92)
	at com.kms.katalon.core.webui.keyword.builtin.VerifyElementPresentKeyword.execute(VerifyElementPresentKeyword.groovy:68)
	at com.kms.katalon.core.keyword.internal.KeywordExecutor.executeKeywordForPlatform(KeywordExecutor.groovy:73)
	at com.kms.katalon.core.webui.keyword.WebUiBuiltInKeywords.verifyElementPresent(WebUiBuiltInKeywords.groovy:1444)
	at com.kms.katalon.core.webui.keyword.WebUiBuiltInKeywords$verifyElementPresent$11.call(Unknown Source)
	at ist_real.Contract_Dispatcher.VerifyTblFilled(Contract_Dispatcher.groovy:1313)
	at ist_real.Contract_Dispatcher$VerifyTblFilled$0.call(Unknown Source)
	at RTD.Search_Result_Presents(RTD.groovy:189)
	at cucumber.runtime.Utils$1.call(Utils.java:26)
	at cucumber.runtime.Timeout.timeout(Timeout.java:16)
	at cucumber.runtime.Utils.invoke(Utils.java:20)
	at cucumber.runtime.java.JavaStepDefinition.execute(JavaStepDefinition.java:48)
	at cucumber.runtime.PickleStepDefinitionMatch.runStep(PickleStepDefinitionMatch.java:50)
	at cucumber.runner.TestStep.executeStep(TestStep.java:55)
	at cucumber.runner.TestStep.run(TestStep.java:42)
	at cucumber.runner.PickleStepTestStep.run(PickleStepTestStep.java:53)
	at cucumber.runner.TestCase.run(TestCase.java:47)
	at cucumber.runner.Runner.runPickle(Runner.java:44)
	at cucumber.runtime.Runtime.runFeature(Runtime.java:120)
	at cucumber.runtime.Runtime.run(Runtime.java:106)
	at cucumber.api.cli.Main.run(Main.java:35)
	at cucumber.api.cli.Main$run.call(Unknown Source)
	at com.kms.katalon.core.cucumber.keyword.CucumberBuiltinKeywords$_runFeatureFile_closure1.doCall(CucumberBuiltinKeywords.groovy:76)
	at com.kms.katalon.core.cucumber.keyword.CucumberBuiltinKeywords$_runFeatureFile_closure1.doCall(CucumberBuiltinKeywords.groovy)
	at com.kms.katalon.core.keyword.internal.KeywordMain.runKeyword(KeywordMain.groovy:68)
	at com.kms.katalon.core.keyword.internal.KeywordMain$runKeyword.call(Unknown Source)
	at com.kms.katalon.core.cucumber.keyword.CucumberBuiltinKeywords.runFeatureFile(CucumberBuiltinKeywords.groovy:46)
	at com.kms.katalon.core.cucumber.keyword.CucumberBuiltinKeywords$runFeatureFile$0.callStatic(Unknown Source)
	at com.kms.katalon.core.cucumber.keyword.CucumberBuiltinKeywords.runFeatureFile(CucumberBuiltinKeywords.groovy:169)
	at com.kms.katalon.core.cucumber.keyword.CucumberBuiltinKeywords$runFeatureFile.call(Unknown Source)
	at TC_Search_by_STATUS.run(TC_Search_by_STATUS:18)
	at com.kms.katalon.core.main.ScriptEngine.run(ScriptEngine.java:194)
	at com.kms.katalon.core.main.ScriptEngine.runScriptAsRawText(ScriptEngine.java:119)
	at com.kms.katalon.core.main.TestCaseExecutor.runScript(TestCaseExecutor.java:339)
	at com.kms.katalon.core.main.TestCaseExecutor.doExecute(TestCaseExecutor.java:330)
	at com.kms.katalon.core.main.TestCaseExecutor.processExecutionPhase(TestCaseExecutor.java:309)
	at com.kms.katalon.core.main.TestCaseExecutor.accessMainPhase(TestCaseExecutor.java:301)
	at com.kms.katalon.core.main.TestCaseExecutor.execute(TestCaseExecutor.java:235)
	at com.kms.katalon.core.main.TestSuiteExecutor.accessTestCaseMainPhase(TestSuiteExecutor.java:191)
	at com.kms.katalon.core.main.TestSuiteExecutor.accessTestSuiteMainPhase(TestSuiteExecutor.java:141)
	at com.kms.katalon.core.main.TestSuiteExecutor.execute(TestSuiteExecutor.java:90)
	at com.kms.katalon.core.main.TestCaseMain.startTestSuite(TestCaseMain.java:157)
	at com.kms.katalon.core.main.TestCaseMain$startTestSuite$0.call(Unknown Source)
	at TempTestSuite1612505435654.run(TempTestSuite1612505435654.groovy:39)
)
[[ATTACHMENT|/Users/chaidir.pratama01/Katalon Studio/IST_Automation_Git/Reports/20210205_131034/RTD/TS_Partner_Disbursement_SBO/20210205_131035/1612505900036.png]]

2021-02-05 13:18:20 - [MESSAGE][PASSED] - Verify Search Result Presents

2021-02-05 13:18:20 - [TEST_STEP][PASSED] - Click button "Logout": Click button "Logout"

2021-02-05 13:18:20 - [MESSAGE][INFO] - >>>>>//Button[contains(text(),'Logout')]

2021-02-05 13:18:23 - [MESSAGE][PASSED] - Object '' is present

2021-02-05 13:18:24 - [MESSAGE][PASSED] - Object: '' is clicked on

2021-02-05 13:18:24 - [MESSAGE][PASSED] - Switched to window with index: '0'

2021-02-05 13:18:24 - [MESSAGE][PASSED] - Click button "Logout"

2021-02-05 13:18:24 - [TEST_STEP][PASSED] - Close browser: Close browser

2021-02-05 13:18:24 - [MESSAGE][PASSED] - Browser is closed

2021-02-05 13:18:24 - [MESSAGE][PASSED] - Close browser

2021-02-05 13:18:24 - [TEST_CASE][PASSED] - Start Test Case : SCENARIO Search by STATUS Manual Disbursement: SCENARIO Search by STATUS Manual Disbursement

2021-02-05 13:18:24 - [TEST_STEP][PASSED] - Go to ISTools: Go to ISTools

2021-02-05 13:18:24 - [MESSAGE][INFO] - Starting 'Chrome (headless)' driver

2021-02-05 13:18:24 - [MESSAGE][INFO] - User set preference: ['args', '[--start-maximized, --disable-gpu, --no-proxy-server, â€“-no-sandbox, --allow-running-insecure-content, --ignore-certificate-errors, window-size=1680,814, force-device-scale-factor=2, --lang=en-GB]']

2021-02-05 13:18:24 - [MESSAGE][INFO] - User set preference: ['prefs', '{download.default_directory=/Users/chaidir.pratama01/Katalon Studio/IST_Automation_Git/Download}']

2021-02-05 13:18:24 - [MESSAGE][INFO] - Action delay is set to 0 milliseconds

2021-02-05 13:18:24 - [MESSAGE][PASSED] - Browser is opened with url: ''

2021-02-05 13:18:26 - [MESSAGE][PASSED] - Navigate to 'https://dev-istools.homecredit.id/foundation/' successfully

2021-02-05 13:18:26 - [MESSAGE][PASSED] - Go to ISTools

2021-02-05 13:18:26 - [TEST_STEP][PASSED] - Login IST with valid credentials: Login IST with valid credentials

2021-02-05 13:18:26 - [MESSAGE][PASSED] - Text 'mobile.test' is set on object 'Object Repository/Page_/input_Username_j_username'

2021-02-05 13:18:26 - [MESSAGE][PASSED] - Text ****** has been set on object 'Object Repository/Page_/input_Password_j_password'

2021-02-05 13:18:27 - [MESSAGE][PASSED] - Object: 'Object Repository/Page_/button_Login' is clicked on

2021-02-05 13:18:27 - [MESSAGE][PASSED] - Login IST with valid credentials

2021-02-05 13:18:27 - [TEST_STEP][PASSED] - Login Success: Login Success

2021-02-05 13:18:27 - [MESSAGE][INFO] - Login Success

2021-02-05 13:18:27 - [MESSAGE][PASSED] - Current window maximized

2021-02-05 13:18:27 - [MESSAGE][PASSED] - Object 'Object Repository/Page_/h1_Welcome to IT Supporting Tools' is present

2021-02-05 13:18:27 - [MESSAGE][PASSED] - Login Success

2021-02-05 13:18:27 - [TEST_STEP][PASSED] - Select Arrow Menu "Real Time Disbursement": Select Arrow Menu "Real Time Disbursement"

2021-02-05 13:18:27 - [MESSAGE][PASSED] - Object: '' is clicked on

2021-02-05 13:18:27 - [MESSAGE][PASSED] - Select Arrow Menu "Real Time Disbursement"

2021-02-05 13:18:27 - [TEST_STEP][PASSED] - Select Menu "Partner Disbursement SBO": Select Menu "Partner Disbursement SBO"

2021-02-05 13:18:27 - [MESSAGE][PASSED] - Taking screenshot successfully
[[ATTACHMENT|/Users/chaidir.pratama01/Documents/Docs/Katalon Studio/Screenshot/test-Partner Disbursement SBO.png]]

2021-02-05 13:18:27 - [MESSAGE][PASSED] - Object '' is present

2021-02-05 13:18:27 - [MESSAGE][PASSED] - Object: '' is clicked on

2021-02-05 13:18:27 - [MESSAGE][PASSED] - Wait for page load successfully

2021-02-05 13:18:27 - [MESSAGE][PASSED] - Select Menu "Partner Disbursement SBO"

2021-02-05 13:18:27 - [TEST_STEP][PASSED] - Select STATUS "Manual Disbursement": Select STATUS "Manual Disbursement"

2021-02-05 13:18:28 - [MESSAGE][PASSED] - All options with value 'Manual Disbursement' are selected in object ''  using regular expression

2021-02-05 13:18:28 - [MESSAGE][PASSED] - Select STATUS "Manual Disbursement"

2021-02-05 13:18:28 - [TEST_STEP][PASSED] - Click button "Search": Click button "Search"

2021-02-05 13:18:28 - [MESSAGE][INFO] - >>>>>//Button[contains(text(),'Search')]

2021-02-05 13:18:31 - [MESSAGE][PASSED] - Object '' is present

2021-02-05 13:18:31 - [MESSAGE][PASSED] - Object: '' is clicked on

2021-02-05 13:18:31 - [MESSAGE][PASSED] - Switched to window with index: '0'

2021-02-05 13:18:31 - [MESSAGE][PASSED] - Click button "Search"

2021-02-05 13:18:31 - [TEST_STEP][PASSED] - Verify Search Result Presents: Verify Search Result Presents

2021-02-05 13:18:32 - [MESSAGE][PASSED] - Object '' is present

2021-02-05 13:18:41 - [MESSAGE][PASSED] - Verify Search Result Presents

2021-02-05 13:18:41 - [TEST_STEP][PASSED] - Click button "Logout": Click button "Logout"

2021-02-05 13:18:41 - [MESSAGE][INFO] - >>>>>//Button[contains(text(),'Logout')]

2021-02-05 13:18:44 - [MESSAGE][PASSED] - Object '' is present

2021-02-05 13:18:44 - [MESSAGE][PASSED] - Object: '' is clicked on

2021-02-05 13:18:44 - [MESSAGE][PASSED] - Switched to window with index: '0'

2021-02-05 13:18:44 - [MESSAGE][PASSED] - Click button "Logout"

2021-02-05 13:18:44 - [TEST_STEP][PASSED] - Close browser: Close browser

2021-02-05 13:18:44 - [MESSAGE][PASSED] - Browser is closed

2021-02-05 13:18:44 - [MESSAGE][PASSED] - Close browser

2021-02-05 13:18:44 - [TEST_CASE][PASSED] - Start Test Case : SCENARIO Search by STATUS DONE: SCENARIO Search by STATUS DONE

2021-02-05 13:18:44 - [TEST_STEP][PASSED] - Go to ISTools: Go to ISTools

2021-02-05 13:18:44 - [MESSAGE][INFO] - Starting 'Chrome (headless)' driver

2021-02-05 13:18:44 - [MESSAGE][INFO] - User set preference: ['args', '[--start-maximized, --disable-gpu, --no-proxy-server, â€“-no-sandbox, --allow-running-insecure-content, --ignore-certificate-errors, window-size=1680,814, force-device-scale-factor=2, --lang=en-GB]']

2021-02-05 13:18:44 - [MESSAGE][INFO] - User set preference: ['prefs', '{download.default_directory=/Users/chaidir.pratama01/Katalon Studio/IST_Automation_Git/Download}']

2021-02-05 13:18:44 - [MESSAGE][INFO] - Action delay is set to 0 milliseconds

2021-02-05 13:18:45 - [MESSAGE][PASSED] - Browser is opened with url: ''

2021-02-05 13:18:47 - [MESSAGE][PASSED] - Navigate to 'https://dev-istools.homecredit.id/foundation/' successfully

2021-02-05 13:18:47 - [MESSAGE][PASSED] - Go to ISTools

2021-02-05 13:18:47 - [TEST_STEP][PASSED] - Login IST with valid credentials: Login IST with valid credentials

2021-02-05 13:18:47 - [MESSAGE][PASSED] - Text 'mobile.test' is set on object 'Object Repository/Page_/input_Username_j_username'

2021-02-05 13:18:47 - [MESSAGE][PASSED] - Text ****** has been set on object 'Object Repository/Page_/input_Password_j_password'

2021-02-05 13:18:48 - [MESSAGE][PASSED] - Object: 'Object Repository/Page_/button_Login' is clicked on

2021-02-05 13:18:48 - [MESSAGE][PASSED] - Login IST with valid credentials

2021-02-05 13:18:48 - [TEST_STEP][PASSED] - Login Success: Login Success

2021-02-05 13:18:48 - [MESSAGE][INFO] - Login Success

2021-02-05 13:18:48 - [MESSAGE][PASSED] - Current window maximized

2021-02-05 13:18:48 - [MESSAGE][PASSED] - Object 'Object Repository/Page_/h1_Welcome to IT Supporting Tools' is present

2021-02-05 13:18:48 - [MESSAGE][PASSED] - Login Success

2021-02-05 13:18:48 - [TEST_STEP][PASSED] - Select Arrow Menu "Real Time Disbursement": Select Arrow Menu "Real Time Disbursement"

2021-02-05 13:18:48 - [MESSAGE][PASSED] - Object: '' is clicked on

2021-02-05 13:18:48 - [MESSAGE][PASSED] - Select Arrow Menu "Real Time Disbursement"

2021-02-05 13:18:48 - [TEST_STEP][PASSED] - Select Menu "Partner Disbursement SBO": Select Menu "Partner Disbursement SBO"

2021-02-05 13:18:49 - [MESSAGE][PASSED] - Taking screenshot successfully
[[ATTACHMENT|/Users/chaidir.pratama01/Documents/Docs/Katalon Studio/Screenshot/test-Partner Disbursement SBO.png]]

2021-02-05 13:18:49 - [MESSAGE][PASSED] - Object '' is present

2021-02-05 13:18:49 - [MESSAGE][PASSED] - Object: '' is clicked on

2021-02-05 13:18:49 - [MESSAGE][PASSED] - Wait for page load successfully

2021-02-05 13:18:49 - [MESSAGE][PASSED] - Select Menu "Partner Disbursement SBO"

2021-02-05 13:18:49 - [TEST_STEP][PASSED] - Select STATUS "DONE": Select STATUS "DONE"

2021-02-05 13:18:49 - [MESSAGE][PASSED] - All options with value 'DONE' are selected in object ''  using regular expression

2021-02-05 13:18:49 - [MESSAGE][PASSED] - Select STATUS "DONE"

2021-02-05 13:18:49 - [TEST_STEP][PASSED] - Click button "Search": Click button "Search"

2021-02-05 13:18:49 - [MESSAGE][INFO] - >>>>>//Button[contains(text(),'Search')]

2021-02-05 13:18:52 - [MESSAGE][PASSED] - Object '' is present

2021-02-05 13:18:52 - [MESSAGE][PASSED] - Object: '' is clicked on

2021-02-05 13:18:52 - [MESSAGE][PASSED] - Switched to window with index: '0'

2021-02-05 13:18:52 - [MESSAGE][PASSED] - Click button "Search"

2021-02-05 13:18:52 - [TEST_STEP][PASSED] - Verify Search Result Presents: Verify Search Result Presents

2021-02-05 13:18:52 - [MESSAGE][PASSED] - Object '' is present

2021-02-05 13:19:01 - [MESSAGE][PASSED] - Verify Search Result Presents

2021-02-05 13:19:01 - [TEST_STEP][PASSED] - Click button "Logout": Click button "Logout"

2021-02-05 13:19:01 - [MESSAGE][INFO] - >>>>>//Button[contains(text(),'Logout')]

2021-02-05 13:19:04 - [MESSAGE][PASSED] - Object '' is present

2021-02-05 13:19:05 - [MESSAGE][PASSED] - Object: '' is clicked on

2021-02-05 13:19:05 - [MESSAGE][PASSED] - Switched to window with index: '0'

2021-02-05 13:19:05 - [MESSAGE][PASSED] - Click button "Logout"

2021-02-05 13:19:05 - [TEST_STEP][PASSED] - Close browser: Close browser

2021-02-05 13:19:05 - [MESSAGE][PASSED] - Browser is closed

2021-02-05 13:19:05 - [MESSAGE][PASSED] - Close browser

2021-02-05 13:19:05 - [TEST_CASE][PASSED] - Start Test Case : SCENARIO Search by STATUS Waiting Partner Confirmation: SCENARIO Search by STATUS Waiting Partner Confirmation

2021-02-05 13:19:05 - [TEST_STEP][PASSED] - Go to ISTools: Go to ISTools

2021-02-05 13:19:05 - [MESSAGE][INFO] - Starting 'Chrome (headless)' driver

2021-02-05 13:19:05 - [MESSAGE][INFO] - User set preference: ['args', '[--start-maximized, --disable-gpu, --no-proxy-server, â€“-no-sandbox, --allow-running-insecure-content, --ignore-certificate-errors, window-size=1680,814, force-device-scale-factor=2, --lang=en-GB]']

2021-02-05 13:19:05 - [MESSAGE][INFO] - User set preference: ['prefs', '{download.default_directory=/Users/chaidir.pratama01/Katalon Studio/IST_Automation_Git/Download}']

2021-02-05 13:19:05 - [MESSAGE][INFO] - Action delay is set to 0 milliseconds

2021-02-05 13:19:05 - [MESSAGE][PASSED] - Browser is opened with url: ''

2021-02-05 13:19:07 - [MESSAGE][PASSED] - Navigate to 'https://dev-istools.homecredit.id/foundation/' successfully

2021-02-05 13:19:07 - [MESSAGE][PASSED] - Go to ISTools

2021-02-05 13:19:07 - [TEST_STEP][PASSED] - Login IST with valid credentials: Login IST with valid credentials

2021-02-05 13:19:07 - [MESSAGE][PASSED] - Text 'mobile.test' is set on object 'Object Repository/Page_/input_Username_j_username'

2021-02-05 13:19:07 - [MESSAGE][PASSED] - Text ****** has been set on object 'Object Repository/Page_/input_Password_j_password'

2021-02-05 13:19:08 - [MESSAGE][PASSED] - Object: 'Object Repository/Page_/button_Login' is clicked on

2021-02-05 13:19:08 - [MESSAGE][PASSED] - Login IST with valid credentials

2021-02-05 13:19:08 - [TEST_STEP][PASSED] - Login Success: Login Success

2021-02-05 13:19:08 - [MESSAGE][INFO] - Login Success

2021-02-05 13:19:08 - [MESSAGE][PASSED] - Current window maximized

2021-02-05 13:19:08 - [MESSAGE][PASSED] - Object 'Object Repository/Page_/h1_Welcome to IT Supporting Tools' is present

2021-02-05 13:19:08 - [MESSAGE][PASSED] - Login Success

2021-02-05 13:19:08 - [TEST_STEP][PASSED] - Select Arrow Menu "Real Time Disbursement": Select Arrow Menu "Real Time Disbursement"

2021-02-05 13:19:08 - [MESSAGE][PASSED] - Object: '' is clicked on

2021-02-05 13:19:08 - [MESSAGE][PASSED] - Select Arrow Menu "Real Time Disbursement"

2021-02-05 13:19:08 - [TEST_STEP][PASSED] - Select Menu "Partner Disbursement SBO": Select Menu "Partner Disbursement SBO"

2021-02-05 13:19:09 - [MESSAGE][PASSED] - Taking screenshot successfully
[[ATTACHMENT|/Users/chaidir.pratama01/Documents/Docs/Katalon Studio/Screenshot/test-Partner Disbursement SBO.png]]

2021-02-05 13:19:09 - [MESSAGE][PASSED] - Object '' is present

2021-02-05 13:19:09 - [MESSAGE][PASSED] - Object: '' is clicked on

2021-02-05 13:19:09 - [MESSAGE][PASSED] - Wait for page load successfully

2021-02-05 13:19:09 - [MESSAGE][PASSED] - Select Menu "Partner Disbursement SBO"

2021-02-05 13:19:09 - [TEST_STEP][PASSED] - Select STATUS "Waiting Partner Confirmation": Select STATUS "Waiting Partner Confirmation"

2021-02-05 13:19:10 - [MESSAGE][PASSED] - All options with value 'Waiting Partner Confirmation' are selected in object ''  using regular expression

2021-02-05 13:19:10 - [MESSAGE][PASSED] - Select STATUS "Waiting Partner Confirmation"

2021-02-05 13:19:10 - [TEST_STEP][PASSED] - Click button "Search": Click button "Search"

2021-02-05 13:19:10 - [MESSAGE][INFO] - >>>>>//Button[contains(text(),'Search')]

2021-02-05 13:19:13 - [MESSAGE][PASSED] - Object '' is present

2021-02-05 13:19:13 - [MESSAGE][PASSED] - Object: '' is clicked on

2021-02-05 13:19:13 - [MESSAGE][PASSED] - Switched to window with index: '0'

2021-02-05 13:19:13 - [MESSAGE][PASSED] - Click button "Search"

2021-02-05 13:19:13 - [TEST_STEP][PASSED] - Verify Search Result Presents: Verify Search Result Presents

2021-02-05 13:19:17 - [MESSAGE][INFO] - Unable to find the element located by 'By.xpath: //td[@style='display:none' and contains(text(),'-Empty-')]'. Please recheck the objects properties to make sure the desired element is located. 

2021-02-05 13:19:18 - [MESSAGE][WARNING] - com.kms.katalon.core.webui.exception.WebElementNotFoundException: Web element with id: '' located by '//td[@style='display:none' and contains(text(),'-Empty-')]' not found (Root cause: com.kms.katalon.core.exception.StepFailedException: com.kms.katalon.core.webui.exception.WebElementNotFoundException: Web element with id: '' located by '//td[@style='display:none' and contains(text(),'-Empty-')]' not found
	at com.kms.katalon.core.webui.keyword.internal.WebUIKeywordMain.stepFailed(WebUIKeywordMain.groovy:64)
	at com.kms.katalon.core.webui.keyword.builtin.VerifyElementPresentKeyword$_verifyElementPresent_closure1.doCall(VerifyElementPresentKeyword.groovy:85)
	at com.kms.katalon.core.webui.keyword.builtin.VerifyElementPresentKeyword$_verifyElementPresent_closure1.call(VerifyElementPresentKeyword.groovy)
	at com.kms.katalon.core.webui.keyword.internal.WebUIKeywordMain.runKeyword(WebUIKeywordMain.groovy:20)
	at com.kms.katalon.core.webui.keyword.builtin.VerifyElementPresentKeyword.verifyElementPresent(VerifyElementPresentKeyword.groovy:92)
	at com.kms.katalon.core.webui.keyword.builtin.VerifyElementPresentKeyword.execute(VerifyElementPresentKeyword.groovy:68)
	at com.kms.katalon.core.keyword.internal.KeywordExecutor.executeKeywordForPlatform(KeywordExecutor.groovy:73)
	at com.kms.katalon.core.webui.keyword.WebUiBuiltInKeywords.verifyElementPresent(WebUiBuiltInKeywords.groovy:1444)
	at com.kms.katalon.core.webui.keyword.WebUiBuiltInKeywords$verifyElementPresent$11.call(Unknown Source)
	at ist_real.Contract_Dispatcher.VerifyTblFilled(Contract_Dispatcher.groovy:1313)
	at ist_real.Contract_Dispatcher$VerifyTblFilled$0.call(Unknown Source)
	at RTD.Search_Result_Presents(RTD.groovy:189)
	at cucumber.runtime.Utils$1.call(Utils.java:26)
	at cucumber.runtime.Timeout.timeout(Timeout.java:16)
	at cucumber.runtime.Utils.invoke(Utils.java:20)
	at cucumber.runtime.java.JavaStepDefinition.execute(JavaStepDefinition.java:48)
	at cucumber.runtime.PickleStepDefinitionMatch.runStep(PickleStepDefinitionMatch.java:50)
	at cucumber.runner.TestStep.executeStep(TestStep.java:55)
	at cucumber.runner.TestStep.run(TestStep.java:42)
	at cucumber.runner.PickleStepTestStep.run(PickleStepTestStep.java:53)
	at cucumber.runner.TestCase.run(TestCase.java:47)
	at cucumber.runner.Runner.runPickle(Runner.java:44)
	at cucumber.runtime.Runtime.runFeature(Runtime.java:120)
	at cucumber.runtime.Runtime.run(Runtime.java:106)
	at cucumber.api.cli.Main.run(Main.java:35)
	at cucumber.api.cli.Main$run.call(Unknown Source)
	at com.kms.katalon.core.cucumber.keyword.CucumberBuiltinKeywords$_runFeatureFile_closure1.doCall(CucumberBuiltinKeywords.groovy:76)
	at com.kms.katalon.core.cucumber.keyword.CucumberBuiltinKeywords$_runFeatureFile_closure1.doCall(CucumberBuiltinKeywords.groovy)
	at com.kms.katalon.core.keyword.internal.KeywordMain.runKeyword(KeywordMain.groovy:68)
	at com.kms.katalon.core.keyword.internal.KeywordMain$runKeyword.call(Unknown Source)
	at com.kms.katalon.core.cucumber.keyword.CucumberBuiltinKeywords.runFeatureFile(CucumberBuiltinKeywords.groovy:46)
	at com.kms.katalon.core.cucumber.keyword.CucumberBuiltinKeywords$runFeatureFile$0.callStatic(Unknown Source)
	at com.kms.katalon.core.cucumber.keyword.CucumberBuiltinKeywords.runFeatureFile(CucumberBuiltinKeywords.groovy:169)
	at com.kms.katalon.core.cucumber.keyword.CucumberBuiltinKeywords$runFeatureFile.call(Unknown Source)
	at TC_Search_by_STATUS.run(TC_Search_by_STATUS:18)
	at com.kms.katalon.core.main.ScriptEngine.run(ScriptEngine.java:194)
	at com.kms.katalon.core.main.ScriptEngine.runScriptAsRawText(ScriptEngine.java:119)
	at com.kms.katalon.core.main.TestCaseExecutor.runScript(TestCaseExecutor.java:339)
	at com.kms.katalon.core.main.TestCaseExecutor.doExecute(TestCaseExecutor.java:330)
	at com.kms.katalon.core.main.TestCaseExecutor.processExecutionPhase(TestCaseExecutor.java:309)
	at com.kms.katalon.core.main.TestCaseExecutor.accessMainPhase(TestCaseExecutor.java:301)
	at com.kms.katalon.core.main.TestCaseExecutor.execute(TestCaseExecutor.java:235)
	at com.kms.katalon.core.main.TestSuiteExecutor.accessTestCaseMainPhase(TestSuiteExecutor.java:191)
	at com.kms.katalon.core.main.TestSuiteExecutor.accessTestSuiteMainPhase(TestSuiteExecutor.java:141)
	at com.kms.katalon.core.main.TestSuiteExecutor.execute(TestSuiteExecutor.java:90)
	at com.kms.katalon.core.main.TestCaseMain.startTestSuite(TestCaseMain.java:157)
	at com.kms.katalon.core.main.TestCaseMain$startTestSuite$0.call(Unknown Source)
	at TempTestSuite1612505435654.run(TempTestSuite1612505435654.groovy:39)
)
[[ATTACHMENT|/Users/chaidir.pratama01/Katalon Studio/IST_Automation_Git/Reports/20210205_131034/RTD/TS_Partner_Disbursement_SBO/20210205_131035/1612505957822.png]]

2021-02-05 13:19:18 - [MESSAGE][PASSED] - Verify Search Result Presents

2021-02-05 13:19:18 - [TEST_STEP][PASSED] - Click button "Logout": Click button "Logout"

2021-02-05 13:19:18 - [MESSAGE][INFO] - >>>>>//Button[contains(text(),'Logout')]

2021-02-05 13:19:21 - [MESSAGE][PASSED] - Object '' is present

2021-02-05 13:19:21 - [MESSAGE][PASSED] - Object: '' is clicked on

2021-02-05 13:19:21 - [MESSAGE][PASSED] - Switched to window with index: '0'

2021-02-05 13:19:21 - [MESSAGE][PASSED] - Click button "Logout"

2021-02-05 13:19:21 - [TEST_STEP][PASSED] - Close browser: Close browser

2021-02-05 13:19:21 - [MESSAGE][PASSED] - Browser is closed

2021-02-05 13:19:21 - [MESSAGE][PASSED] - Close browser

2021-02-05 13:19:21 - [TEST_CASE][PASSED] - Start Test Case : SCENARIO Search by STATUS Success to Disburse: SCENARIO Search by STATUS Success to Disburse

2021-02-05 13:19:21 - [TEST_STEP][PASSED] - Go to ISTools: Go to ISTools

2021-02-05 13:19:21 - [MESSAGE][INFO] - Starting 'Chrome (headless)' driver

2021-02-05 13:19:21 - [MESSAGE][INFO] - User set preference: ['args', '[--start-maximized, --disable-gpu, --no-proxy-server, â€“-no-sandbox, --allow-running-insecure-content, --ignore-certificate-errors, window-size=1680,814, force-device-scale-factor=2, --lang=en-GB]']

2021-02-05 13:19:21 - [MESSAGE][INFO] - User set preference: ['prefs', '{download.default_directory=/Users/chaidir.pratama01/Katalon Studio/IST_Automation_Git/Download}']

2021-02-05 13:19:21 - [MESSAGE][INFO] - Action delay is set to 0 milliseconds

2021-02-05 13:19:22 - [MESSAGE][PASSED] - Browser is opened with url: ''

2021-02-05 13:19:24 - [MESSAGE][PASSED] - Navigate to 'https://dev-istools.homecredit.id/foundation/' successfully

2021-02-05 13:19:24 - [MESSAGE][PASSED] - Go to ISTools

2021-02-05 13:19:24 - [TEST_STEP][PASSED] - Login IST with valid credentials: Login IST with valid credentials

2021-02-05 13:19:24 - [MESSAGE][PASSED] - Text 'mobile.test' is set on object 'Object Repository/Page_/input_Username_j_username'

2021-02-05 13:19:24 - [MESSAGE][PASSED] - Text ****** has been set on object 'Object Repository/Page_/input_Password_j_password'

2021-02-05 13:19:25 - [MESSAGE][PASSED] - Object: 'Object Repository/Page_/button_Login' is clicked on

2021-02-05 13:19:25 - [MESSAGE][PASSED] - Login IST with valid credentials

2021-02-05 13:19:25 - [TEST_STEP][PASSED] - Login Success: Login Success

2021-02-05 13:19:25 - [MESSAGE][INFO] - Login Success

2021-02-05 13:19:25 - [MESSAGE][PASSED] - Current window maximized

2021-02-05 13:19:25 - [MESSAGE][PASSED] - Object 'Object Repository/Page_/h1_Welcome to IT Supporting Tools' is present

2021-02-05 13:19:25 - [MESSAGE][PASSED] - Login Success

2021-02-05 13:19:25 - [TEST_STEP][PASSED] - Select Arrow Menu "Real Time Disbursement": Select Arrow Menu "Real Time Disbursement"

2021-02-05 13:19:25 - [MESSAGE][PASSED] - Object: '' is clicked on

2021-02-05 13:19:25 - [MESSAGE][PASSED] - Select Arrow Menu "Real Time Disbursement"

2021-02-05 13:19:25 - [TEST_STEP][PASSED] - Select Menu "Partner Disbursement SBO": Select Menu "Partner Disbursement SBO"

2021-02-05 13:19:25 - [MESSAGE][PASSED] - Taking screenshot successfully
[[ATTACHMENT|/Users/chaidir.pratama01/Documents/Docs/Katalon Studio/Screenshot/test-Partner Disbursement SBO.png]]

2021-02-05 13:19:25 - [MESSAGE][PASSED] - Object '' is present

2021-02-05 13:19:25 - [MESSAGE][PASSED] - Object: '' is clicked on

2021-02-05 13:19:25 - [MESSAGE][PASSED] - Wait for page load successfully

2021-02-05 13:19:25 - [MESSAGE][PASSED] - Select Menu "Partner Disbursement SBO"

2021-02-05 13:19:25 - [TEST_STEP][PASSED] - Select STATUS "Success to Disburse": Select STATUS "Success to Disburse"

2021-02-05 13:19:26 - [MESSAGE][PASSED] - All options with value 'Success to Disburse' are selected in object ''  using regular expression

2021-02-05 13:19:26 - [MESSAGE][PASSED] - Select STATUS "Success to Disburse"

2021-02-05 13:19:26 - [TEST_STEP][PASSED] - Click button "Search": Click button "Search"

2021-02-05 13:19:26 - [MESSAGE][INFO] - >>>>>//Button[contains(text(),'Search')]

2021-02-05 13:19:29 - [MESSAGE][PASSED] - Object '' is present

2021-02-05 13:19:29 - [MESSAGE][PASSED] - Object: '' is clicked on

2021-02-05 13:19:29 - [MESSAGE][PASSED] - Switched to window with index: '0'

2021-02-05 13:19:29 - [MESSAGE][PASSED] - Click button "Search"

2021-02-05 13:19:29 - [TEST_STEP][PASSED] - Verify Search Result Presents: Verify Search Result Presents

2021-02-05 13:19:33 - [MESSAGE][INFO] - Unable to find the element located by 'By.xpath: //td[@style='display:none' and contains(text(),'-Empty-')]'. Please recheck the objects properties to make sure the desired element is located. 

2021-02-05 13:19:33 - [MESSAGE][WARNING] - com.kms.katalon.core.webui.exception.WebElementNotFoundException: Web element with id: '' located by '//td[@style='display:none' and contains(text(),'-Empty-')]' not found (Root cause: com.kms.katalon.core.exception.StepFailedException: com.kms.katalon.core.webui.exception.WebElementNotFoundException: Web element with id: '' located by '//td[@style='display:none' and contains(text(),'-Empty-')]' not found
	at com.kms.katalon.core.webui.keyword.internal.WebUIKeywordMain.stepFailed(WebUIKeywordMain.groovy:64)
	at com.kms.katalon.core.webui.keyword.builtin.VerifyElementPresentKeyword$_verifyElementPresent_closure1.doCall(VerifyElementPresentKeyword.groovy:85)
	at com.kms.katalon.core.webui.keyword.builtin.VerifyElementPresentKeyword$_verifyElementPresent_closure1.call(VerifyElementPresentKeyword.groovy)
	at com.kms.katalon.core.webui.keyword.internal.WebUIKeywordMain.runKeyword(WebUIKeywordMain.groovy:20)
	at com.kms.katalon.core.webui.keyword.builtin.VerifyElementPresentKeyword.verifyElementPresent(VerifyElementPresentKeyword.groovy:92)
	at com.kms.katalon.core.webui.keyword.builtin.VerifyElementPresentKeyword.execute(VerifyElementPresentKeyword.groovy:68)
	at com.kms.katalon.core.keyword.internal.KeywordExecutor.executeKeywordForPlatform(KeywordExecutor.groovy:73)
	at com.kms.katalon.core.webui.keyword.WebUiBuiltInKeywords.verifyElementPresent(WebUiBuiltInKeywords.groovy:1444)
	at com.kms.katalon.core.webui.keyword.WebUiBuiltInKeywords$verifyElementPresent$11.call(Unknown Source)
	at ist_real.Contract_Dispatcher.VerifyTblFilled(Contract_Dispatcher.groovy:1313)
	at ist_real.Contract_Dispatcher$VerifyTblFilled$0.call(Unknown Source)
	at RTD.Search_Result_Presents(RTD.groovy:189)
	at cucumber.runtime.Utils$1.call(Utils.java:26)
	at cucumber.runtime.Timeout.timeout(Timeout.java:16)
	at cucumber.runtime.Utils.invoke(Utils.java:20)
	at cucumber.runtime.java.JavaStepDefinition.execute(JavaStepDefinition.java:48)
	at cucumber.runtime.PickleStepDefinitionMatch.runStep(PickleStepDefinitionMatch.java:50)
	at cucumber.runner.TestStep.executeStep(TestStep.java:55)
	at cucumber.runner.TestStep.run(TestStep.java:42)
	at cucumber.runner.PickleStepTestStep.run(PickleStepTestStep.java:53)
	at cucumber.runner.TestCase.run(TestCase.java:47)
	at cucumber.runner.Runner.runPickle(Runner.java:44)
	at cucumber.runtime.Runtime.runFeature(Runtime.java:120)
	at cucumber.runtime.Runtime.run(Runtime.java:106)
	at cucumber.api.cli.Main.run(Main.java:35)
	at cucumber.api.cli.Main$run.call(Unknown Source)
	at com.kms.katalon.core.cucumber.keyword.CucumberBuiltinKeywords$_runFeatureFile_closure1.doCall(CucumberBuiltinKeywords.groovy:76)
	at com.kms.katalon.core.cucumber.keyword.CucumberBuiltinKeywords$_runFeatureFile_closure1.doCall(CucumberBuiltinKeywords.groovy)
	at com.kms.katalon.core.keyword.internal.KeywordMain.runKeyword(KeywordMain.groovy:68)
	at com.kms.katalon.core.keyword.internal.KeywordMain$runKeyword.call(Unknown Source)
	at com.kms.katalon.core.cucumber.keyword.CucumberBuiltinKeywords.runFeatureFile(CucumberBuiltinKeywords.groovy:46)
	at com.kms.katalon.core.cucumber.keyword.CucumberBuiltinKeywords$runFeatureFile$0.callStatic(Unknown Source)
	at com.kms.katalon.core.cucumber.keyword.CucumberBuiltinKeywords.runFeatureFile(CucumberBuiltinKeywords.groovy:169)
	at com.kms.katalon.core.cucumber.keyword.CucumberBuiltinKeywords$runFeatureFile.call(Unknown Source)
	at TC_Search_by_STATUS.run(TC_Search_by_STATUS:18)
	at com.kms.katalon.core.main.ScriptEngine.run(ScriptEngine.java:194)
	at com.kms.katalon.core.main.ScriptEngine.runScriptAsRawText(ScriptEngine.java:119)
	at com.kms.katalon.core.main.TestCaseExecutor.runScript(TestCaseExecutor.java:339)
	at com.kms.katalon.core.main.TestCaseExecutor.doExecute(TestCaseExecutor.java:330)
	at com.kms.katalon.core.main.TestCaseExecutor.processExecutionPhase(TestCaseExecutor.java:309)
	at com.kms.katalon.core.main.TestCaseExecutor.accessMainPhase(TestCaseExecutor.java:301)
	at com.kms.katalon.core.main.TestCaseExecutor.execute(TestCaseExecutor.java:235)
	at com.kms.katalon.core.main.TestSuiteExecutor.accessTestCaseMainPhase(TestSuiteExecutor.java:191)
	at com.kms.katalon.core.main.TestSuiteExecutor.accessTestSuiteMainPhase(TestSuiteExecutor.java:141)
	at com.kms.katalon.core.main.TestSuiteExecutor.execute(TestSuiteExecutor.java:90)
	at com.kms.katalon.core.main.TestCaseMain.startTestSuite(TestCaseMain.java:157)
	at com.kms.katalon.core.main.TestCaseMain$startTestSuite$0.call(Unknown Source)
	at TempTestSuite1612505435654.run(TempTestSuite1612505435654.groovy:39)
)
[[ATTACHMENT|/Users/chaidir.pratama01/Katalon Studio/IST_Automation_Git/Reports/20210205_131034/RTD/TS_Partner_Disbursement_SBO/20210205_131035/1612505973435.png]]

2021-02-05 13:19:34 - [MESSAGE][PASSED] - Verify Search Result Presents

2021-02-05 13:19:34 - [TEST_STEP][PASSED] - Click button "Logout": Click button "Logout"

2021-02-05 13:19:34 - [MESSAGE][INFO] - >>>>>//Button[contains(text(),'Logout')]

2021-02-05 13:19:37 - [MESSAGE][PASSED] - Object '' is present

2021-02-05 13:19:37 - [MESSAGE][PASSED] - Object: '' is clicked on

2021-02-05 13:19:37 - [MESSAGE][PASSED] - Switched to window with index: '0'

2021-02-05 13:19:37 - [MESSAGE][PASSED] - Click button "Logout"

2021-02-05 13:19:37 - [TEST_STEP][PASSED] - Close browser: Close browser

2021-02-05 13:19:37 - [MESSAGE][PASSED] - Browser is closed

2021-02-05 13:19:37 - [MESSAGE][PASSED] - Close browser

2021-02-05 13:19:37 - [TEST_CASE][PASSED] - Start Test Case : SCENARIO Search by STATUS Hold Payment Recreation: SCENARIO Search by STATUS Hold Payment Recreation

2021-02-05 13:19:37 - [TEST_STEP][PASSED] - Go to ISTools: Go to ISTools

2021-02-05 13:19:37 - [MESSAGE][INFO] - Starting 'Chrome (headless)' driver

2021-02-05 13:19:37 - [MESSAGE][INFO] - User set preference: ['args', '[--start-maximized, --disable-gpu, --no-proxy-server, â€“-no-sandbox, --allow-running-insecure-content, --ignore-certificate-errors, window-size=1680,814, force-device-scale-factor=2, --lang=en-GB]']

2021-02-05 13:19:37 - [MESSAGE][INFO] - User set preference: ['prefs', '{download.default_directory=/Users/chaidir.pratama01/Katalon Studio/IST_Automation_Git/Download}']

2021-02-05 13:19:37 - [MESSAGE][INFO] - Action delay is set to 0 milliseconds

2021-02-05 13:19:37 - [MESSAGE][PASSED] - Browser is opened with url: ''

2021-02-05 13:19:39 - [MESSAGE][PASSED] - Navigate to 'https://dev-istools.homecredit.id/foundation/' successfully

2021-02-05 13:19:39 - [MESSAGE][PASSED] - Go to ISTools

2021-02-05 13:19:39 - [TEST_STEP][PASSED] - Login IST with valid credentials: Login IST with valid credentials

2021-02-05 13:19:39 - [MESSAGE][PASSED] - Text 'mobile.test' is set on object 'Object Repository/Page_/input_Username_j_username'

2021-02-05 13:19:40 - [MESSAGE][PASSED] - Text ****** has been set on object 'Object Repository/Page_/input_Password_j_password'

2021-02-05 13:19:40 - [MESSAGE][PASSED] - Object: 'Object Repository/Page_/button_Login' is clicked on

2021-02-05 13:19:40 - [MESSAGE][PASSED] - Login IST with valid credentials

2021-02-05 13:19:40 - [TEST_STEP][PASSED] - Login Success: Login Success

2021-02-05 13:19:40 - [MESSAGE][INFO] - Login Success

2021-02-05 13:19:40 - [MESSAGE][PASSED] - Current window maximized

2021-02-05 13:19:40 - [MESSAGE][PASSED] - Object 'Object Repository/Page_/h1_Welcome to IT Supporting Tools' is present

2021-02-05 13:19:40 - [MESSAGE][PASSED] - Login Success

2021-02-05 13:19:40 - [TEST_STEP][PASSED] - Select Arrow Menu "Real Time Disbursement": Select Arrow Menu "Real Time Disbursement"

2021-02-05 13:19:40 - [MESSAGE][PASSED] - Object: '' is clicked on

2021-02-05 13:19:40 - [MESSAGE][PASSED] - Select Arrow Menu "Real Time Disbursement"

2021-02-05 13:19:40 - [TEST_STEP][PASSED] - Select Menu "Partner Disbursement SBO": Select Menu "Partner Disbursement SBO"

2021-02-05 13:19:41 - [MESSAGE][PASSED] - Taking screenshot successfully
[[ATTACHMENT|/Users/chaidir.pratama01/Documents/Docs/Katalon Studio/Screenshot/test-Partner Disbursement SBO.png]]

2021-02-05 13:19:41 - [MESSAGE][PASSED] - Object '' is present

2021-02-05 13:19:41 - [MESSAGE][PASSED] - Object: '' is clicked on

2021-02-05 13:19:41 - [MESSAGE][PASSED] - Wait for page load successfully

2021-02-05 13:19:41 - [MESSAGE][PASSED] - Select Menu "Partner Disbursement SBO"

2021-02-05 13:19:41 - [TEST_STEP][PASSED] - Select STATUS "Hold Payment Recreation": Select STATUS "Hold Payment Recreation"

2021-02-05 13:19:41 - [MESSAGE][PASSED] - All options with value 'Hold Payment Recreation' are selected in object ''  using regular expression

2021-02-05 13:19:41 - [MESSAGE][PASSED] - Select STATUS "Hold Payment Recreation"

2021-02-05 13:19:41 - [TEST_STEP][PASSED] - Click button "Search": Click button "Search"

2021-02-05 13:19:41 - [MESSAGE][INFO] - >>>>>//Button[contains(text(),'Search')]

2021-02-05 13:19:44 - [MESSAGE][PASSED] - Object '' is present

2021-02-05 13:19:45 - [MESSAGE][PASSED] - Object: '' is clicked on

2021-02-05 13:19:45 - [MESSAGE][PASSED] - Switched to window with index: '0'

2021-02-05 13:19:45 - [MESSAGE][PASSED] - Click button "Search"

2021-02-05 13:19:45 - [TEST_STEP][PASSED] - Verify Search Result Presents: Verify Search Result Presents

2021-02-05 13:19:45 - [MESSAGE][PASSED] - Object '' is present

2021-02-05 13:19:52 - [MESSAGE][PASSED] - Verify Search Result Presents

2021-02-05 13:19:52 - [TEST_STEP][PASSED] - Click button "Logout": Click button "Logout"

2021-02-05 13:19:52 - [MESSAGE][INFO] - >>>>>//Button[contains(text(),'Logout')]

2021-02-05 13:19:55 - [MESSAGE][PASSED] - Object '' is present

2021-02-05 13:19:55 - [MESSAGE][PASSED] - Object: '' is clicked on

2021-02-05 13:19:55 - [MESSAGE][PASSED] - Switched to window with index: '0'

2021-02-05 13:19:55 - [MESSAGE][PASSED] - Click button "Logout"

2021-02-05 13:19:55 - [TEST_STEP][PASSED] - Close browser: Close browser

2021-02-05 13:19:55 - [MESSAGE][PASSED] - Browser is closed

2021-02-05 13:19:55 - [MESSAGE][PASSED] - Close browser

2021-02-05 13:19:55 - [TEST_CASE][PASSED] - Start Test Case : SCENARIO Search by STATUS Waiting Confirmation From SBO: SCENARIO Search by STATUS Waiting Confirmation From SBO

2021-02-05 13:19:55 - [TEST_STEP][PASSED] - Go to ISTools: Go to ISTools

2021-02-05 13:19:55 - [MESSAGE][INFO] - Starting 'Chrome (headless)' driver

2021-02-05 13:19:55 - [MESSAGE][INFO] - User set preference: ['args', '[--start-maximized, --disable-gpu, --no-proxy-server, â€“-no-sandbox, --allow-running-insecure-content, --ignore-certificate-errors, window-size=1680,814, force-device-scale-factor=2, --lang=en-GB]']

2021-02-05 13:19:55 - [MESSAGE][INFO] - User set preference: ['prefs', '{download.default_directory=/Users/chaidir.pratama01/Katalon Studio/IST_Automation_Git/Download}']

2021-02-05 13:19:55 - [MESSAGE][INFO] - Action delay is set to 0 milliseconds

2021-02-05 13:19:55 - [MESSAGE][PASSED] - Browser is opened with url: ''

2021-02-05 13:19:57 - [MESSAGE][PASSED] - Navigate to 'https://dev-istools.homecredit.id/foundation/' successfully

2021-02-05 13:19:57 - [MESSAGE][PASSED] - Go to ISTools

2021-02-05 13:19:57 - [TEST_STEP][PASSED] - Login IST with valid credentials: Login IST with valid credentials

2021-02-05 13:19:57 - [MESSAGE][PASSED] - Text 'mobile.test' is set on object 'Object Repository/Page_/input_Username_j_username'

2021-02-05 13:19:57 - [MESSAGE][PASSED] - Text ****** has been set on object 'Object Repository/Page_/input_Password_j_password'

2021-02-05 13:19:58 - [MESSAGE][PASSED] - Object: 'Object Repository/Page_/button_Login' is clicked on

2021-02-05 13:19:58 - [MESSAGE][PASSED] - Login IST with valid credentials

2021-02-05 13:19:58 - [TEST_STEP][PASSED] - Login Success: Login Success

2021-02-05 13:19:58 - [MESSAGE][INFO] - Login Success

2021-02-05 13:19:58 - [MESSAGE][PASSED] - Current window maximized

2021-02-05 13:19:58 - [MESSAGE][PASSED] - Object 'Object Repository/Page_/h1_Welcome to IT Supporting Tools' is present

2021-02-05 13:19:58 - [MESSAGE][PASSED] - Login Success

2021-02-05 13:19:58 - [TEST_STEP][PASSED] - Select Arrow Menu "Real Time Disbursement": Select Arrow Menu "Real Time Disbursement"

2021-02-05 13:19:58 - [MESSAGE][PASSED] - Object: '' is clicked on

2021-02-05 13:19:58 - [MESSAGE][PASSED] - Select Arrow Menu "Real Time Disbursement"

2021-02-05 13:19:58 - [TEST_STEP][PASSED] - Select Menu "Partner Disbursement SBO": Select Menu "Partner Disbursement SBO"

2021-02-05 13:19:59 - [MESSAGE][PASSED] - Taking screenshot successfully
[[ATTACHMENT|/Users/chaidir.pratama01/Documents/Docs/Katalon Studio/Screenshot/test-Partner Disbursement SBO.png]]

2021-02-05 13:19:59 - [MESSAGE][PASSED] - Object '' is present

2021-02-05 13:19:59 - [MESSAGE][PASSED] - Object: '' is clicked on

2021-02-05 13:19:59 - [MESSAGE][PASSED] - Wait for page load successfully

2021-02-05 13:19:59 - [MESSAGE][PASSED] - Select Menu "Partner Disbursement SBO"

2021-02-05 13:19:59 - [TEST_STEP][PASSED] - Select STATUS "Waiting Confirmation From SBO": Select STATUS "Waiting Confirmation From SBO"

2021-02-05 13:19:59 - [MESSAGE][PASSED] - All options with value 'Waiting Confirmation From SBO' are selected in object ''  using regular expression

2021-02-05 13:19:59 - [MESSAGE][PASSED] - Select STATUS "Waiting Confirmation From SBO"

2021-02-05 13:19:59 - [TEST_STEP][PASSED] - Click button "Search": Click button "Search"

2021-02-05 13:19:59 - [MESSAGE][INFO] - >>>>>//Button[contains(text(),'Search')]

2021-02-05 13:20:02 - [MESSAGE][PASSED] - Object '' is present

2021-02-05 13:20:02 - [MESSAGE][PASSED] - Object: '' is clicked on

2021-02-05 13:20:02 - [MESSAGE][PASSED] - Switched to window with index: '0'

2021-02-05 13:20:02 - [MESSAGE][PASSED] - Click button "Search"

2021-02-05 13:20:02 - [TEST_STEP][PASSED] - Verify Search Result Presents: Verify Search Result Presents

2021-02-05 13:20:03 - [MESSAGE][PASSED] - Object '' is present

2021-02-05 13:20:05 - [MESSAGE][PASSED] - Verify Search Result Presents

2021-02-05 13:20:05 - [TEST_STEP][PASSED] - Click button "Logout": Click button "Logout"

2021-02-05 13:20:05 - [MESSAGE][INFO] - >>>>>//Button[contains(text(),'Logout')]

2021-02-05 13:20:08 - [MESSAGE][PASSED] - Object '' is present

2021-02-05 13:20:08 - [MESSAGE][PASSED] - Object: '' is clicked on

2021-02-05 13:20:09 - [MESSAGE][PASSED] - Switched to window with index: '0'

2021-02-05 13:20:09 - [MESSAGE][PASSED] - Click button "Logout"

2021-02-05 13:20:09 - [TEST_STEP][PASSED] - Close browser: Close browser

2021-02-05 13:20:09 - [MESSAGE][PASSED] - Browser is closed

2021-02-05 13:20:09 - [MESSAGE][PASSED] - Close browser

2021-02-05 13:20:09 - [TEST_CASE][PASSED] - Start Test Case : SCENARIO Search by STATUS Hold Payment Insufficient Fund: SCENARIO Search by STATUS Hold Payment Insufficient Fund

2021-02-05 13:20:09 - [TEST_STEP][PASSED] - Go to ISTools: Go to ISTools

2021-02-05 13:20:09 - [MESSAGE][INFO] - Starting 'Chrome (headless)' driver

2021-02-05 13:20:09 - [MESSAGE][INFO] - User set preference: ['args', '[--start-maximized, --disable-gpu, --no-proxy-server, â€“-no-sandbox, --allow-running-insecure-content, --ignore-certificate-errors, window-size=1680,814, force-device-scale-factor=2, --lang=en-GB]']

2021-02-05 13:20:09 - [MESSAGE][INFO] - User set preference: ['prefs', '{download.default_directory=/Users/chaidir.pratama01/Katalon Studio/IST_Automation_Git/Download}']

2021-02-05 13:20:09 - [MESSAGE][INFO] - Action delay is set to 0 milliseconds

2021-02-05 13:20:09 - [MESSAGE][PASSED] - Browser is opened with url: ''

2021-02-05 13:20:11 - [MESSAGE][PASSED] - Navigate to 'https://dev-istools.homecredit.id/foundation/' successfully

2021-02-05 13:20:11 - [MESSAGE][PASSED] - Go to ISTools

2021-02-05 13:20:11 - [TEST_STEP][PASSED] - Login IST with valid credentials: Login IST with valid credentials

2021-02-05 13:20:11 - [MESSAGE][PASSED] - Text 'mobile.test' is set on object 'Object Repository/Page_/input_Username_j_username'

2021-02-05 13:20:11 - [MESSAGE][PASSED] - Text ****** has been set on object 'Object Repository/Page_/input_Password_j_password'

2021-02-05 13:20:12 - [MESSAGE][PASSED] - Object: 'Object Repository/Page_/button_Login' is clicked on

2021-02-05 13:20:12 - [MESSAGE][PASSED] - Login IST with valid credentials

2021-02-05 13:20:12 - [TEST_STEP][PASSED] - Login Success: Login Success

2021-02-05 13:20:12 - [MESSAGE][INFO] - Login Success

2021-02-05 13:20:12 - [MESSAGE][PASSED] - Current window maximized

2021-02-05 13:20:12 - [MESSAGE][PASSED] - Object 'Object Repository/Page_/h1_Welcome to IT Supporting Tools' is present

2021-02-05 13:20:12 - [MESSAGE][PASSED] - Login Success

2021-02-05 13:20:12 - [TEST_STEP][PASSED] - Select Arrow Menu "Real Time Disbursement": Select Arrow Menu "Real Time Disbursement"

2021-02-05 13:20:12 - [MESSAGE][PASSED] - Object: '' is clicked on

2021-02-05 13:20:12 - [MESSAGE][PASSED] - Select Arrow Menu "Real Time Disbursement"

2021-02-05 13:20:12 - [TEST_STEP][PASSED] - Select Menu "Partner Disbursement SBO": Select Menu "Partner Disbursement SBO"

2021-02-05 13:20:13 - [MESSAGE][PASSED] - Taking screenshot successfully
[[ATTACHMENT|/Users/chaidir.pratama01/Documents/Docs/Katalon Studio/Screenshot/test-Partner Disbursement SBO.png]]

2021-02-05 13:20:13 - [MESSAGE][PASSED] - Object '' is present

2021-02-05 13:20:13 - [MESSAGE][PASSED] - Object: '' is clicked on

2021-02-05 13:20:13 - [MESSAGE][PASSED] - Wait for page load successfully

2021-02-05 13:20:13 - [MESSAGE][PASSED] - Select Menu "Partner Disbursement SBO"

2021-02-05 13:20:13 - [TEST_STEP][PASSED] - Select STATUS "Hold Payment Insufficient Fund": Select STATUS "Hold Payment Insufficient Fund"

2021-02-05 13:20:13 - [MESSAGE][PASSED] - All options with value 'Hold Payment Insufficient Fund' are selected in object ''  using regular expression

2021-02-05 13:20:13 - [MESSAGE][PASSED] - Select STATUS "Hold Payment Insufficient Fund"

2021-02-05 13:20:13 - [TEST_STEP][PASSED] - Click button "Search": Click button "Search"

2021-02-05 13:20:13 - [MESSAGE][INFO] - >>>>>//Button[contains(text(),'Search')]

2021-02-05 13:20:17 - [MESSAGE][PASSED] - Object '' is present

2021-02-05 13:20:17 - [MESSAGE][PASSED] - Object: '' is clicked on

2021-02-05 13:20:17 - [MESSAGE][PASSED] - Switched to window with index: '0'

2021-02-05 13:20:17 - [MESSAGE][PASSED] - Click button "Search"

2021-02-05 13:20:17 - [TEST_STEP][PASSED] - Verify Search Result Presents: Verify Search Result Presents

2021-02-05 13:20:21 - [MESSAGE][INFO] - Unable to find the element located by 'By.xpath: //td[@style='display:none' and contains(text(),'-Empty-')]'. Please recheck the objects properties to make sure the desired element is located. 

2021-02-05 13:20:21 - [MESSAGE][WARNING] - com.kms.katalon.core.webui.exception.WebElementNotFoundException: Web element with id: '' located by '//td[@style='display:none' and contains(text(),'-Empty-')]' not found (Root cause: com.kms.katalon.core.exception.StepFailedException: com.kms.katalon.core.webui.exception.WebElementNotFoundException: Web element with id: '' located by '//td[@style='display:none' and contains(text(),'-Empty-')]' not found
	at com.kms.katalon.core.webui.keyword.internal.WebUIKeywordMain.stepFailed(WebUIKeywordMain.groovy:64)
	at com.kms.katalon.core.webui.keyword.builtin.VerifyElementPresentKeyword$_verifyElementPresent_closure1.doCall(VerifyElementPresentKeyword.groovy:85)
	at com.kms.katalon.core.webui.keyword.builtin.VerifyElementPresentKeyword$_verifyElementPresent_closure1.call(VerifyElementPresentKeyword.groovy)
	at com.kms.katalon.core.webui.keyword.internal.WebUIKeywordMain.runKeyword(WebUIKeywordMain.groovy:20)
	at com.kms.katalon.core.webui.keyword.builtin.VerifyElementPresentKeyword.verifyElementPresent(VerifyElementPresentKeyword.groovy:92)
	at com.kms.katalon.core.webui.keyword.builtin.VerifyElementPresentKeyword.execute(VerifyElementPresentKeyword.groovy:68)
	at com.kms.katalon.core.keyword.internal.KeywordExecutor.executeKeywordForPlatform(KeywordExecutor.groovy:73)
	at com.kms.katalon.core.webui.keyword.WebUiBuiltInKeywords.verifyElementPresent(WebUiBuiltInKeywords.groovy:1444)
	at com.kms.katalon.core.webui.keyword.WebUiBuiltInKeywords$verifyElementPresent$11.call(Unknown Source)
	at ist_real.Contract_Dispatcher.VerifyTblFilled(Contract_Dispatcher.groovy:1313)
	at ist_real.Contract_Dispatcher$VerifyTblFilled$0.call(Unknown Source)
	at RTD.Search_Result_Presents(RTD.groovy:189)
	at cucumber.runtime.Utils$1.call(Utils.java:26)
	at cucumber.runtime.Timeout.timeout(Timeout.java:16)
	at cucumber.runtime.Utils.invoke(Utils.java:20)
	at cucumber.runtime.java.JavaStepDefinition.execute(JavaStepDefinition.java:48)
	at cucumber.runtime.PickleStepDefinitionMatch.runStep(PickleStepDefinitionMatch.java:50)
	at cucumber.runner.TestStep.executeStep(TestStep.java:55)
	at cucumber.runner.TestStep.run(TestStep.java:42)
	at cucumber.runner.PickleStepTestStep.run(PickleStepTestStep.java:53)
	at cucumber.runner.TestCase.run(TestCase.java:47)
	at cucumber.runner.Runner.runPickle(Runner.java:44)
	at cucumber.runtime.Runtime.runFeature(Runtime.java:120)
	at cucumber.runtime.Runtime.run(Runtime.java:106)
	at cucumber.api.cli.Main.run(Main.java:35)
	at cucumber.api.cli.Main$run.call(Unknown Source)
	at com.kms.katalon.core.cucumber.keyword.CucumberBuiltinKeywords$_runFeatureFile_closure1.doCall(CucumberBuiltinKeywords.groovy:76)
	at com.kms.katalon.core.cucumber.keyword.CucumberBuiltinKeywords$_runFeatureFile_closure1.doCall(CucumberBuiltinKeywords.groovy)
	at com.kms.katalon.core.keyword.internal.KeywordMain.runKeyword(KeywordMain.groovy:68)
	at com.kms.katalon.core.keyword.internal.KeywordMain$runKeyword.call(Unknown Source)
	at com.kms.katalon.core.cucumber.keyword.CucumberBuiltinKeywords.runFeatureFile(CucumberBuiltinKeywords.groovy:46)
	at com.kms.katalon.core.cucumber.keyword.CucumberBuiltinKeywords$runFeatureFile$0.callStatic(Unknown Source)
	at com.kms.katalon.core.cucumber.keyword.CucumberBuiltinKeywords.runFeatureFile(CucumberBuiltinKeywords.groovy:169)
	at com.kms.katalon.core.cucumber.keyword.CucumberBuiltinKeywords$runFeatureFile.call(Unknown Source)
	at TC_Search_by_STATUS.run(TC_Search_by_STATUS:18)
	at com.kms.katalon.core.main.ScriptEngine.run(ScriptEngine.java:194)
	at com.kms.katalon.core.main.ScriptEngine.runScriptAsRawText(ScriptEngine.java:119)
	at com.kms.katalon.core.main.TestCaseExecutor.runScript(TestCaseExecutor.java:339)
	at com.kms.katalon.core.main.TestCaseExecutor.doExecute(TestCaseExecutor.java:330)
	at com.kms.katalon.core.main.TestCaseExecutor.processExecutionPhase(TestCaseExecutor.java:309)
	at com.kms.katalon.core.main.TestCaseExecutor.accessMainPhase(TestCaseExecutor.java:301)
	at com.kms.katalon.core.main.TestCaseExecutor.execute(TestCaseExecutor.java:235)
	at com.kms.katalon.core.main.TestSuiteExecutor.accessTestCaseMainPhase(TestSuiteExecutor.java:191)
	at com.kms.katalon.core.main.TestSuiteExecutor.accessTestSuiteMainPhase(TestSuiteExecutor.java:141)
	at com.kms.katalon.core.main.TestSuiteExecutor.execute(TestSuiteExecutor.java:90)
	at com.kms.katalon.core.main.TestCaseMain.startTestSuite(TestCaseMain.java:157)
	at com.kms.katalon.core.main.TestCaseMain$startTestSuite$0.call(Unknown Source)
	at TempTestSuite1612505435654.run(TempTestSuite1612505435654.groovy:39)
)
[[ATTACHMENT|/Users/chaidir.pratama01/Katalon Studio/IST_Automation_Git/Reports/20210205_131034/RTD/TS_Partner_Disbursement_SBO/20210205_131035/1612506021067.png]]

2021-02-05 13:20:21 - [MESSAGE][PASSED] - Verify Search Result Presents

2021-02-05 13:20:21 - [TEST_STEP][PASSED] - Click button "Logout": Click button "Logout"

2021-02-05 13:20:21 - [MESSAGE][INFO] - >>>>>//Button[contains(text(),'Logout')]

2021-02-05 13:20:24 - [MESSAGE][PASSED] - Object '' is present

2021-02-05 13:20:25 - [MESSAGE][PASSED] - Object: '' is clicked on

2021-02-05 13:20:25 - [MESSAGE][PASSED] - Switched to window with index: '0'

2021-02-05 13:20:25 - [MESSAGE][PASSED] - Click button "Logout"

2021-02-05 13:20:25 - [TEST_STEP][PASSED] - Close browser: Close browser

2021-02-05 13:20:25 - [MESSAGE][PASSED] - Browser is closed

2021-02-05 13:20:25 - [MESSAGE][PASSED] - Close browser

2021-02-05 13:20:25 - [MESSAGE][PASSED] - Feature file: 'Include/features/IST_Real/RTD/Partner Disbursement SBO/Search_by_STATUS.feature' was passed]]></system-out>
         <system-err><![CDATA[]]></system-err>
      </testcase>
      <testcase name="Test Cases/RTD/Partner Disbursement SBO/TC_Search_by_OrderID" time="8.177" classname="Test Cases/RTD/Partner Disbursement SBO/TC_Search_by_OrderID" status="PASSED">
         <system-out><![CDATA[2021-02-05 13:20:25 - [TEST_CASE][PASSED] - Test Cases/RTD/Partner Disbursement SBO/TC_Search_by_OrderID: Test Cases/RTD/Partner Disbursement SBO/TC_Search_by_OrderID

2021-02-05 13:20:25 - [TEST_STEP][PASSED] - runFeatureFile("Include/features/IST_Real/RTD/Partner Disbursement SBO/Search_by_OrderID.feature"): Feature file: 'Include/features/IST_Real/RTD/Partner Disbursement SBO/Search_by_OrderID.feature' was passed

2021-02-05 13:20:25 - [MESSAGE][INFO] - Starting run keyword runFeatureFile: 'Include/features/IST_Real/RTD/Partner Disbursement SBO/Search_by_OrderID.feature' and extract report to folder: '/Users/chaidir.pratama01/Katalon Studio/IST_Automation_Git/Reports/20210205_131034/RTD/TS_Partner_Disbursement_SBO/20210205_131035/cucumber_report/1612506025334'...

2021-02-05 13:20:25 - [TEST_CASE][PASSED] - Start Test Case : SCENARIO Search by Contract Number and it found on Dashboard: SCENARIO Search by Contract Number and it found on Dashboard

2021-02-05 13:20:25 - [TEST_STEP][PASSED] - Go to ISTools: Go to ISTools

2021-02-05 13:20:25 - [MESSAGE][INFO] - Starting 'Chrome (headless)' driver

2021-02-05 13:20:25 - [MESSAGE][INFO] - User set preference: ['args', '[--start-maximized, --disable-gpu, --no-proxy-server, â€“-no-sandbox, --allow-running-insecure-content, --ignore-certificate-errors, window-size=1680,814, force-device-scale-factor=2, --lang=en-GB]']

2021-02-05 13:20:25 - [MESSAGE][INFO] - User set preference: ['prefs', '{download.default_directory=/Users/chaidir.pratama01/Katalon Studio/IST_Automation_Git/Download}']

2021-02-05 13:20:25 - [MESSAGE][INFO] - Action delay is set to 0 milliseconds

2021-02-05 13:20:25 - [MESSAGE][PASSED] - Browser is opened with url: ''

2021-02-05 13:20:27 - [MESSAGE][PASSED] - Navigate to 'https://dev-istools.homecredit.id/foundation/' successfully

2021-02-05 13:20:27 - [MESSAGE][PASSED] - Go to ISTools

2021-02-05 13:20:27 - [TEST_STEP][PASSED] - Login IST with valid credentials: Login IST with valid credentials

2021-02-05 13:20:27 - [MESSAGE][PASSED] - Text 'mobile.test' is set on object 'Object Repository/Page_/input_Username_j_username'

2021-02-05 13:20:27 - [MESSAGE][PASSED] - Text ****** has been set on object 'Object Repository/Page_/input_Password_j_password'

2021-02-05 13:20:28 - [MESSAGE][PASSED] - Object: 'Object Repository/Page_/button_Login' is clicked on

2021-02-05 13:20:28 - [MESSAGE][PASSED] - Login IST with valid credentials

2021-02-05 13:20:28 - [TEST_STEP][PASSED] - Login Success: Login Success

2021-02-05 13:20:28 - [MESSAGE][INFO] - Login Success

2021-02-05 13:20:28 - [MESSAGE][PASSED] - Current window maximized

2021-02-05 13:20:28 - [MESSAGE][PASSED] - Object 'Object Repository/Page_/h1_Welcome to IT Supporting Tools' is present

2021-02-05 13:20:28 - [MESSAGE][PASSED] - Login Success

2021-02-05 13:20:28 - [TEST_STEP][PASSED] - Select Arrow Menu "Real Time Disbursement": Select Arrow Menu "Real Time Disbursement"

2021-02-05 13:20:28 - [MESSAGE][PASSED] - Object: '' is clicked on

2021-02-05 13:20:28 - [MESSAGE][PASSED] - Select Arrow Menu "Real Time Disbursement"

2021-02-05 13:20:28 - [TEST_STEP][PASSED] - Select Menu "Partner Disbursement SBO": Select Menu "Partner Disbursement SBO"

2021-02-05 13:20:29 - [MESSAGE][PASSED] - Taking screenshot successfully
[[ATTACHMENT|/Users/chaidir.pratama01/Documents/Docs/Katalon Studio/Screenshot/test-Partner Disbursement SBO.png]]

2021-02-05 13:20:29 - [MESSAGE][PASSED] - Object '' is present

2021-02-05 13:20:29 - [MESSAGE][PASSED] - Object: '' is clicked on

2021-02-05 13:20:29 - [MESSAGE][PASSED] - Wait for page load successfully

2021-02-05 13:20:29 - [MESSAGE][PASSED] - Select Menu "Partner Disbursement SBO"

2021-02-05 13:20:29 - [TEST_STEP][PASSED] - Input "Order ID" for "Partner Disbursement": Input "Order ID" for "Partner Disbursement"

2021-02-05 13:20:29 - [MESSAGE][PASSED] - Text '10037914991' is set on object ''

2021-02-05 13:20:29 - [MESSAGE][PASSED] - Input "Order ID" for "Partner Disbursement"

2021-02-05 13:20:29 - [TEST_STEP][PASSED] - Click button "Search": Click button "Search"

2021-02-05 13:20:29 - [MESSAGE][INFO] - >>>>>//Button[contains(text(),'Search')]

2021-02-05 13:20:32 - [MESSAGE][PASSED] - Object '' is present

2021-02-05 13:20:32 - [MESSAGE][PASSED] - Object: '' is clicked on

2021-02-05 13:20:32 - [MESSAGE][PASSED] - Switched to window with index: '0'

2021-02-05 13:20:32 - [MESSAGE][PASSED] - Click button "Search"

2021-02-05 13:20:32 - [TEST_STEP][PASSED] - Verify Search Result Presents: Verify Search Result Presents

2021-02-05 13:20:32 - [MESSAGE][PASSED] - Object '' is present

2021-02-05 13:20:33 - [MESSAGE][PASSED] - Verify Search Result Presents

2021-02-05 13:20:33 - [MESSAGE][PASSED] - Feature file: 'Include/features/IST_Real/RTD/Partner Disbursement SBO/Search_by_OrderID.feature' was passed]]></system-out>
         <system-err><![CDATA[]]></system-err>
      </testcase>
      <testcase name="Test Cases/RTD/Partner Disbursement SBO/TC_Search_by_Contract_Number" time="8.446" classname="Test Cases/RTD/Partner Disbursement SBO/TC_Search_by_Contract_Number" status="PASSED">
         <system-out><![CDATA[2021-02-05 13:20:33 - [TEST_CASE][PASSED] - Test Cases/RTD/Partner Disbursement SBO/TC_Search_by_Contract_Number: Test Cases/RTD/Partner Disbursement SBO/TC_Search_by_Contract_Number

2021-02-05 13:20:33 - [TEST_STEP][PASSED] - runFeatureFile("Include/features/IST_Real/RTD/Partner Disbursement SBO/Search_by_Contract_Number.feature"): Feature file: 'Include/features/IST_Real/RTD/Partner Disbursement SBO/Search_by_Contract_Number.feature' was passed

2021-02-05 13:20:33 - [MESSAGE][INFO] - Starting run keyword runFeatureFile: 'Include/features/IST_Real/RTD/Partner Disbursement SBO/Search_by_Contract_Number.feature' and extract report to folder: '/Users/chaidir.pratama01/Katalon Studio/IST_Automation_Git/Reports/20210205_131034/RTD/TS_Partner_Disbursement_SBO/20210205_131035/cucumber_report/1612506033504'...

2021-02-05 13:20:33 - [TEST_CASE][PASSED] - Start Test Case : SCENARIO Search by Contract Number and it found on Dashboard: SCENARIO Search by Contract Number and it found on Dashboard

2021-02-05 13:20:33 - [TEST_STEP][PASSED] - Go to ISTools: Go to ISTools

2021-02-05 13:20:33 - [MESSAGE][WARNING] - A browser is already opened. Closing browser and opening a new one

2021-02-05 13:20:33 - [MESSAGE][INFO] - Starting 'Chrome (headless)' driver

2021-02-05 13:20:33 - [MESSAGE][INFO] - User set preference: ['args', '[--start-maximized, --disable-gpu, --no-proxy-server, â€“-no-sandbox, --allow-running-insecure-content, --ignore-certificate-errors, window-size=1680,814, force-device-scale-factor=2, --lang=en-GB]']

2021-02-05 13:20:33 - [MESSAGE][INFO] - User set preference: ['prefs', '{download.default_directory=/Users/chaidir.pratama01/Katalon Studio/IST_Automation_Git/Download}']

2021-02-05 13:20:33 - [MESSAGE][INFO] - Action delay is set to 0 milliseconds

2021-02-05 13:20:34 - [MESSAGE][PASSED] - Browser is opened with url: ''

2021-02-05 13:20:35 - [MESSAGE][PASSED] - Navigate to 'https://dev-istools.homecredit.id/foundation/' successfully

2021-02-05 13:20:35 - [MESSAGE][PASSED] - Go to ISTools

2021-02-05 13:20:35 - [TEST_STEP][PASSED] - Login IST with valid credentials: Login IST with valid credentials

2021-02-05 13:20:35 - [MESSAGE][PASSED] - Text 'mobile.test' is set on object 'Object Repository/Page_/input_Username_j_username'

2021-02-05 13:20:36 - [MESSAGE][PASSED] - Text ****** has been set on object 'Object Repository/Page_/input_Password_j_password'

2021-02-05 13:20:36 - [MESSAGE][PASSED] - Object: 'Object Repository/Page_/button_Login' is clicked on

2021-02-05 13:20:36 - [MESSAGE][PASSED] - Login IST with valid credentials

2021-02-05 13:20:36 - [TEST_STEP][PASSED] - Login Success: Login Success

2021-02-05 13:20:36 - [MESSAGE][INFO] - Login Success

2021-02-05 13:20:36 - [MESSAGE][PASSED] - Current window maximized

2021-02-05 13:20:36 - [MESSAGE][PASSED] - Object 'Object Repository/Page_/h1_Welcome to IT Supporting Tools' is present

2021-02-05 13:20:36 - [MESSAGE][PASSED] - Login Success

2021-02-05 13:20:36 - [TEST_STEP][PASSED] - Select Arrow Menu "Real Time Disbursement": Select Arrow Menu "Real Time Disbursement"

2021-02-05 13:20:37 - [MESSAGE][PASSED] - Object: '' is clicked on

2021-02-05 13:20:37 - [MESSAGE][PASSED] - Select Arrow Menu "Real Time Disbursement"

2021-02-05 13:20:37 - [TEST_STEP][PASSED] - Select Menu "Partner Disbursement SBO": Select Menu "Partner Disbursement SBO"

2021-02-05 13:20:37 - [MESSAGE][PASSED] - Taking screenshot successfully
[[ATTACHMENT|/Users/chaidir.pratama01/Documents/Docs/Katalon Studio/Screenshot/test-Partner Disbursement SBO.png]]

2021-02-05 13:20:37 - [MESSAGE][PASSED] - Object '' is present

2021-02-05 13:20:37 - [MESSAGE][PASSED] - Object: '' is clicked on

2021-02-05 13:20:37 - [MESSAGE][PASSED] - Wait for page load successfully

2021-02-05 13:20:37 - [MESSAGE][PASSED] - Select Menu "Partner Disbursement SBO"

2021-02-05 13:20:37 - [TEST_STEP][PASSED] - Input Contract RTD in Contract Number label: Input Contract RTD in Contract Number label

2021-02-05 13:20:37 - [MESSAGE][PASSED] - Text '4000014162' is set on object ''

2021-02-05 13:20:37 - [MESSAGE][PASSED] - Input Contract RTD in Contract Number label

2021-02-05 13:20:37 - [TEST_STEP][PASSED] - Click button "Search": Click button "Search"

2021-02-05 13:20:37 - [MESSAGE][INFO] - >>>>>//Button[contains(text(),'Search')]

2021-02-05 13:20:41 - [MESSAGE][PASSED] - Object '' is present

2021-02-05 13:20:41 - [MESSAGE][PASSED] - Object: '' is clicked on

2021-02-05 13:20:41 - [MESSAGE][PASSED] - Switched to window with index: '0'

2021-02-05 13:20:41 - [MESSAGE][PASSED] - Click button "Search"

2021-02-05 13:20:41 - [TEST_STEP][PASSED] - Verify Search Result Presents: Verify Search Result Presents

2021-02-05 13:20:41 - [MESSAGE][PASSED] - Object '' is present

2021-02-05 13:20:41 - [MESSAGE][PASSED] - Verify Search Result Presents

2021-02-05 13:20:41 - [MESSAGE][PASSED] - Feature file: 'Include/features/IST_Real/RTD/Partner Disbursement SBO/Search_by_Contract_Number.feature' was passed]]></system-out>
         <system-err><![CDATA[]]></system-err>
      </testcase>
      <system-out><![CDATA[2021-02-05 13:15:57 - [TEST_SUITE][PASSED] - TS_Partner_Disbursement_SBO: Test Cases/RTD/Partner Disbursement SBO/TC_Search_by_Contract_Number]]></system-out>
      <system-err><![CDATA[]]></system-err>
   </testsuite>
   <testsuite name="TS_RTD" tests="13" failures="0" errors="0" time="17.916" timestamp="2021-02-05 13:21:49" hostname="chaidir.pratama01 - localhost" id="Test Suites/RTD/TS_RTD">
      <properties>
         <property name="deviceName" value=""/>
         <property name="devicePlatform" value=""/>
         <property name="logFolder" value="/Users/chaidir.pratama01/Katalon Studio/IST_Automation_Git/Reports/20210205_131034/RTD/TS_RTD/20210205_131036"/>
         <property name="logFiles" value="/Users/chaidir.pratama01/Katalon Studio/IST_Automation_Git/Reports/20210205_131034/RTD/TS_RTD/20210205_131036/execution0.log"/>
         <property name="attachments" value=""/>
         <property name="hostName" value="chaidir.pratama01 - localhost"/>
         <property name="os" value="Mac OS X 64bit"/>
         <property name="katalonVersion" value="7.6.0.${buildNumber}"/>
         <property name="browser" value="Chrome 88.0.4324.146"/>
         <property name="hostAddress" value="127.0.0.1"/>
         <property name="sessionId" value="702c06987d42f6cb35b6d0cf62fc3a4a"/>
         <property name="seleniumVersion" value="3.141.59"/>
         <property name="proxyInformation" value="ProxyInformation { proxyOption=NO_PROXY, proxyServerType=HTTP, username=, password=********, proxyServerAddress=, proxyServerPort=0, executionList=\&quot;\&quot;, isApplyToDesiredCapabilities=true }"/>
         <property name="platform" value="Mac OS X"/>
      </properties>
      <testcase name="Test Cases/RTD/TC_Check_MPF_Failed_Due_to_Not_Supported_Bank" time="5.904" classname="Test Cases/RTD/TC_Check_MPF_Failed_Due_to_Not_Supported_Bank" status="PASSED">
         <system-out><![CDATA[2021-02-05 13:21:49 - [TEST_CASE][PASSED] - Test Cases/RTD/TC_Check_MPF_Failed_Due_to_Not_Supported_Bank: Test Cases/RTD/TC_Check_MPF_Failed_Due_to_Not_Supported_Bank

2021-02-05 13:21:49 - [TEST_STEP][PASSED] - runFeatureFile("Include/features/IST_Real/RTD/Check_MPF_Failed_Due_to_Not_Supported_Bank.feature"): Feature file: 'Include/features/IST_Real/RTD/Check_MPF_Failed_Due_to_Not_Supported_Bank.feature' was passed

2021-02-05 13:21:49 - [MESSAGE][INFO] - Starting run keyword runFeatureFile: 'Include/features/IST_Real/RTD/Check_MPF_Failed_Due_to_Not_Supported_Bank.feature' and extract report to folder: '/Users/chaidir.pratama01/Katalon Studio/IST_Automation_Git/Reports/20210205_131034/RTD/TS_RTD/20210205_131036/cucumber_report/1612506109720'...

2021-02-05 13:21:50 - [TEST_CASE][PASSED] - Start Test Case : SCENARIO Check Contract from RTD_CONTRACT where STATUS is Failed Due to Not Supported Bank: SCENARIO Check Contract from RTD_CONTRACT where STATUS is Failed Due to Not Supported Bank

2021-02-05 13:21:50 - [TEST_STEP][PASSED] - Connect to Database RTD: Connect to Database RTD

2021-02-05 13:21:50 - [MESSAGE][INFO] - Starting 'Chrome (headless)' driver

2021-02-05 13:21:50 - [MESSAGE][INFO] - User set preference: ['args', '[--start-maximized, --disable-gpu, --no-proxy-server, â€“-no-sandbox, --allow-running-insecure-content, --ignore-certificate-errors, window-size=1680,814, force-device-scale-factor=2, --lang=en-GB]']

2021-02-05 13:21:50 - [MESSAGE][INFO] - User set preference: ['prefs', '{download.default_directory=/Users/chaidir.pratama01/Katalon Studio/IST_Automation_Git/Download}']

2021-02-05 13:21:50 - [MESSAGE][INFO] - Action delay is set to 0 milliseconds

2021-02-05 13:21:51 - [MESSAGE][PASSED] - Browser is opened with url: ''

2021-02-05 13:21:53 - [MESSAGE][PASSED] - Browser is closed

2021-02-05 13:21:54 - [MESSAGE][PASSED] - Connect to Database RTD

2021-02-05 13:21:54 - [TEST_STEP][PASSED] - Select Contract from Table in DB with Query "SELECT * FROM RTD_CONTRACT WHERE STATUS=9": Select Contract from Table in DB with Query "SELECT * FROM RTD_CONTRACT WHERE STATUS=9"

2021-02-05 13:21:55 - [MESSAGE][PASSED] - Select Contract from Table in DB with Query "SELECT * FROM RTD_CONTRACT WHERE STATUS=9"

2021-02-05 13:21:55 - [MESSAGE][PASSED] - Feature file: 'Include/features/IST_Real/RTD/Check_MPF_Failed_Due_to_Not_Supported_Bank.feature' was passed]]></system-out>
         <system-err><![CDATA[]]></system-err>
      </testcase>
      <testcase name="Test Cases/RTD/TC_Check_MPF_Eligible_to_Disburse" time="0.567" classname="Test Cases/RTD/TC_Check_MPF_Eligible_to_Disburse" status="PASSED">
         <system-out><![CDATA[2021-02-05 13:21:55 - [TEST_CASE][PASSED] - Test Cases/RTD/TC_Check_MPF_Eligible_to_Disburse: Test Cases/RTD/TC_Check_MPF_Eligible_to_Disburse

2021-02-05 13:21:55 - [TEST_STEP][PASSED] - runFeatureFile("Include/features/IST_Real/RTD/Check_MPF_Eligible_to_Disburse.feature"): Feature file: 'Include/features/IST_Real/RTD/Check_MPF_Eligible_to_Disburse.feature' was passed

2021-02-05 13:21:55 - [MESSAGE][INFO] - Starting run keyword runFeatureFile: 'Include/features/IST_Real/RTD/Check_MPF_Eligible_to_Disburse.feature' and extract report to folder: '/Users/chaidir.pratama01/Katalon Studio/IST_Automation_Git/Reports/20210205_131034/RTD/TS_RTD/20210205_131036/cucumber_report/1612506115499'...

2021-02-05 13:21:55 - [TEST_CASE][PASSED] - Start Test Case : SCENARIO Check Contract MPF Eligible to Disburse: SCENARIO Check Contract MPF Eligible to Disburse

2021-02-05 13:21:55 - [TEST_STEP][PASSED] - Connect to Database RTD: Connect to Database RTD

2021-02-05 13:21:55 - [MESSAGE][PASSED] - Connect to Database RTD

2021-02-05 13:21:55 - [TEST_STEP][PASSED] - Select Contract MPF that Eligible to Disburse: Select Contract MPF that Eligible to Disburse

2021-02-05 13:21:55 - [MESSAGE][PASSED] - Select Contract MPF that Eligible to Disburse

2021-02-05 13:21:55 - [MESSAGE][PASSED] - Feature file: 'Include/features/IST_Real/RTD/Check_MPF_Eligible_to_Disburse.feature' was passed]]></system-out>
         <system-err><![CDATA[]]></system-err>
      </testcase>
      <testcase name="Test Cases/RTD/TC_Check_MPF_Ready_to_Disburse" time="0.689" classname="Test Cases/RTD/TC_Check_MPF_Ready_to_Disburse" status="PASSED">
         <system-out><![CDATA[2021-02-05 13:21:55 - [TEST_CASE][PASSED] - Test Cases/RTD/TC_Check_MPF_Ready_to_Disburse: Test Cases/RTD/TC_Check_MPF_Ready_to_Disburse

2021-02-05 13:21:56 - [TEST_STEP][PASSED] - runFeatureFile("Include/features/IST_Real/RTD/Check_MPF_Ready_to_Disburse.feature"): Feature file: 'Include/features/IST_Real/RTD/Check_MPF_Ready_to_Disburse.feature' was passed

2021-02-05 13:21:56 - [MESSAGE][INFO] - Starting run keyword runFeatureFile: 'Include/features/IST_Real/RTD/Check_MPF_Ready_to_Disburse.feature' and extract report to folder: '/Users/chaidir.pratama01/Katalon Studio/IST_Automation_Git/Reports/20210205_131034/RTD/TS_RTD/20210205_131036/cucumber_report/1612506116013'...

2021-02-05 13:21:56 - [TEST_CASE][PASSED] - Start Test Case : SCENARIO Check Contract from RTD_CONTRACT where STATUS is READY TO DISBURSE: SCENARIO Check Contract from RTD_CONTRACT where STATUS is READY TO DISBURSE

2021-02-05 13:21:56 - [TEST_STEP][PASSED] - Connect to Database RTD: Connect to Database RTD

2021-02-05 13:21:56 - [MESSAGE][PASSED] - Connect to Database RTD

2021-02-05 13:21:56 - [TEST_STEP][PASSED] - Select Contract from Table in DB with Query "SELECT * FROM RTD_CONTRACT WHERE STATUS=5": Select Contract from Table in DB with Query "SELECT * FROM RTD_CONTRACT WHERE STATUS=5"

2021-02-05 13:21:56 - [MESSAGE][PASSED] - Select Contract from Table in DB with Query "SELECT * FROM RTD_CONTRACT WHERE STATUS=5"

2021-02-05 13:21:56 - [MESSAGE][PASSED] - Feature file: 'Include/features/IST_Real/RTD/Check_MPF_Ready_to_Disburse.feature' was passed]]></system-out>
         <system-err><![CDATA[]]></system-err>
      </testcase>
      <testcase name="Test Cases/RTD/TC_Check_MPF_Waiting_for_Approval_from_InPayment" time="0.389" classname="Test Cases/RTD/TC_Check_MPF_Waiting_for_Approval_from_InPayment" status="PASSED">
         <system-out><![CDATA[2021-02-05 13:21:56 - [TEST_CASE][PASSED] - Test Cases/RTD/TC_Check_MPF_Waiting_for_Approval_from_InPayment: Test Cases/RTD/TC_Check_MPF_Waiting_for_Approval_from_InPayment

2021-02-05 13:21:56 - [TEST_STEP][PASSED] - runFeatureFile("Include/features/IST_Real/RTD/Check_MPF_Waiting_for_Approval_from_InPayment.feature"): Feature file: 'Include/features/IST_Real/RTD/Check_MPF_Waiting_for_Approval_from_InPayment.feature' was passed

2021-02-05 13:21:56 - [MESSAGE][INFO] - Starting run keyword runFeatureFile: 'Include/features/IST_Real/RTD/Check_MPF_Waiting_for_Approval_from_InPayment.feature' and extract report to folder: '/Users/chaidir.pratama01/Katalon Studio/IST_Automation_Git/Reports/20210205_131034/RTD/TS_RTD/20210205_131036/cucumber_report/1612506116701'...

2021-02-05 13:21:56 - [TEST_CASE][PASSED] - Start Test Case : SCENARIO Check Contract from RTD_CONTRACT_TEMP where Status is Waiting for approval from In Payment: SCENARIO Check Contract from RTD_CONTRACT_TEMP where Status is Waiting for approval from In Payment

2021-02-05 13:21:56 - [TEST_STEP][PASSED] - Connect to Database RTD: Connect to Database RTD

2021-02-05 13:21:56 - [MESSAGE][PASSED] - Connect to Database RTD

2021-02-05 13:21:56 - [TEST_STEP][PASSED] - Select Contract from Table in DB with Query "SELECT * FROM RTD_CONTRACT WHERE STATUS=3": Select Contract from Table in DB with Query "SELECT * FROM RTD_CONTRACT WHERE STATUS=3"

2021-02-05 13:21:56 - [MESSAGE][PASSED] - Select Contract from Table in DB with Query "SELECT * FROM RTD_CONTRACT WHERE STATUS=3"

2021-02-05 13:21:57 - [MESSAGE][PASSED] - Feature file: 'Include/features/IST_Real/RTD/Check_MPF_Waiting_for_Approval_from_InPayment.feature' was passed]]></system-out>
         <system-err><![CDATA[]]></system-err>
      </testcase>
      <testcase name="Test Cases/RTD/TC_Check_MPF_DONE" time="0.677" classname="Test Cases/RTD/TC_Check_MPF_DONE" status="PASSED">
         <system-out><![CDATA[2021-02-05 13:21:57 - [TEST_CASE][PASSED] - Test Cases/RTD/TC_Check_MPF_DONE: Test Cases/RTD/TC_Check_MPF_DONE

2021-02-05 13:21:57 - [TEST_STEP][PASSED] - runFeatureFile("Include/features/IST_Real/RTD/Check_MPF_DONE.feature"): Feature file: 'Include/features/IST_Real/RTD/Check_MPF_DONE.feature' was passed

2021-02-05 13:21:57 - [MESSAGE][INFO] - Starting run keyword runFeatureFile: 'Include/features/IST_Real/RTD/Check_MPF_DONE.feature' and extract report to folder: '/Users/chaidir.pratama01/Katalon Studio/IST_Automation_Git/Reports/20210205_131034/RTD/TS_RTD/20210205_131036/cucumber_report/1612506117083'...

2021-02-05 13:21:57 - [TEST_CASE][PASSED] - Start Test Case : SCENARIO Check Contract from RTD_CONTRACT where STATUS is DONE: SCENARIO Check Contract from RTD_CONTRACT where STATUS is DONE

2021-02-05 13:21:57 - [TEST_STEP][PASSED] - Connect to Database RTD: Connect to Database RTD

2021-02-05 13:21:57 - [MESSAGE][PASSED] - Connect to Database RTD

2021-02-05 13:21:57 - [TEST_STEP][PASSED] - Select Contract from Table in DB with Query "SELECT RTD_CONTRACT_TEMP.KTP,RTD_CONTRACT_TEMP.CONTRACT_ID,RTD_CONTRACT_TEMP.RECIPIENT_BANK_ACCOUNT_NUMBER,RTD_CONTRACT_TEMP.STATUS FROM RTD_CONTRACT_TEMP LEFT JOIN RTD_CONTRACT ON RTD_CONTRACT_TEMP.CONTRACT_ID=RTD_CONTRACT.CONTRACT_ID WHERE RTD_CONTRACT_TEMP.TYPE_CONTRACT='MPF' AND RTD_CONTRACT.STATUS=11 AND RTD_CONTRACT_TEMP.IS_RTD='Y' AND RTD_CONTRACT.PGW_RESPONSE_CODE='00'": Select Contract from Table in DB with Query "SELECT RTD_CONTRACT_TEMP.KTP,RTD_CONTRACT_TEMP.CONTRACT_ID,RTD_CONTRACT_TEMP.RECIPIENT_BANK_ACCOUNT_NUMBER,RTD_CONTRACT_TEMP.STATUS FROM RTD_CONTRACT_TEMP LEFT JOIN RTD_CONTRACT ON RTD_CONTRACT_TEMP.CONTRACT_ID=RTD_CONTRACT.CONTRACT_ID WHERE RTD_CONTRACT_TEMP.TYPE_CONTRACT='MPF' AND RTD_CONTRACT.STATUS=11 AND RTD_CONTRACT_TEMP.IS_RTD='Y' AND RTD_CONTRACT.PGW_RESPONSE_CODE='00'"

2021-02-05 13:21:57 - [MESSAGE][PASSED] - Select Contract from Table in DB with Query "SELECT RTD_CONTRACT_TEMP.KTP,RTD_CONTRACT_TEMP.CONTRACT_ID,RTD_CONTRACT_TEMP.RECIPIENT_BANK_ACCOUNT_NUMBER,RTD_CONTRACT_TEMP.STATUS FROM RTD_CONTRACT_TEMP LEFT JOIN RTD_CONTRACT ON RTD_CONTRACT_TEMP.CONTRACT_ID=RTD_CONTRACT.CONTRACT_ID WHERE RTD_CONTRACT_TEMP.TYPE_CONTRACT='MPF' AND RTD_CONTRACT.STATUS=11 AND RTD_CONTRACT_TEMP.IS_RTD='Y' AND RTD_CONTRACT.PGW_RESPONSE_CODE='00'"

2021-02-05 13:21:57 - [MESSAGE][PASSED] - Feature file: 'Include/features/IST_Real/RTD/Check_MPF_DONE.feature' was passed]]></system-out>
         <system-err><![CDATA[]]></system-err>
      </testcase>
      <testcase name="Test Cases/RTD/TC_Check_MPF_Waiting_Approval_From_Risk" time="0.454" classname="Test Cases/RTD/TC_Check_MPF_Waiting_Approval_From_Risk" status="PASSED">
         <system-out><![CDATA[2021-02-05 13:21:57 - [TEST_CASE][PASSED] - Test Cases/RTD/TC_Check_MPF_Waiting_Approval_From_Risk: Test Cases/RTD/TC_Check_MPF_Waiting_Approval_From_Risk

2021-02-05 13:21:57 - [TEST_STEP][PASSED] - runFeatureFile("Include/features/IST_Real/RTD/Check_MPF_Waiting_Approval_From_Risk.feature"): Feature file: 'Include/features/IST_Real/RTD/Check_MPF_Waiting_Approval_From_Risk.feature' was passed

2021-02-05 13:21:57 - [MESSAGE][INFO] - Starting run keyword runFeatureFile: 'Include/features/IST_Real/RTD/Check_MPF_Waiting_Approval_From_Risk.feature' and extract report to folder: '/Users/chaidir.pratama01/Katalon Studio/IST_Automation_Git/Reports/20210205_131034/RTD/TS_RTD/20210205_131036/cucumber_report/1612506117799'...

2021-02-05 13:21:57 - [TEST_CASE][PASSED] - Start Test Case : SCENARIO Check Contract from RTD_CONTRACT where Status is Waiting for Approval Risk: SCENARIO Check Contract from RTD_CONTRACT where Status is Waiting for Approval Risk

2021-02-05 13:21:57 - [TEST_STEP][PASSED] - Connect to Database RTD: Connect to Database RTD

2021-02-05 13:21:58 - [MESSAGE][PASSED] - Connect to Database RTD

2021-02-05 13:21:58 - [TEST_STEP][PASSED] - Select Contract from Table in DB with Query "SELECT * FROM RTD_CONTRACT WHERE STATUS=2": Select Contract from Table in DB with Query "SELECT * FROM RTD_CONTRACT WHERE STATUS=2"

2021-02-05 13:21:58 - [MESSAGE][PASSED] - Select Contract from Table in DB with Query "SELECT * FROM RTD_CONTRACT WHERE STATUS=2"

2021-02-05 13:21:58 - [MESSAGE][PASSED] - Feature file: 'Include/features/IST_Real/RTD/Check_MPF_Waiting_Approval_From_Risk.feature' was passed]]></system-out>
         <system-err><![CDATA[]]></system-err>
      </testcase>
      <testcase name="Test Cases/RTD/TC_Check_MPF_Manual_DIsbursment" time="0.871" classname="Test Cases/RTD/TC_Check_MPF_Manual_DIsbursment" status="PASSED">
         <system-out><![CDATA[2021-02-05 13:21:58 - [TEST_CASE][PASSED] - Test Cases/RTD/TC_Check_MPF_Manual_DIsbursment: Test Cases/RTD/TC_Check_MPF_Manual_DIsbursment

2021-02-05 13:21:58 - [TEST_STEP][PASSED] - runFeatureFile("Include/features/IST_Real/RTD/Check_MPF_Manual_DIsbursment.feature"): Feature file: 'Include/features/IST_Real/RTD/Check_MPF_Manual_DIsbursment.feature' was passed

2021-02-05 13:21:58 - [MESSAGE][INFO] - Starting run keyword runFeatureFile: 'Include/features/IST_Real/RTD/Check_MPF_Manual_DIsbursment.feature' and extract report to folder: '/Users/chaidir.pratama01/Katalon Studio/IST_Automation_Git/Reports/20210205_131034/RTD/TS_RTD/20210205_131036/cucumber_report/1612506118252'...

2021-02-05 13:21:58 - [TEST_CASE][PASSED] - Start Test Case : SCENARIO Check Contract from RTD_CONTRACT where STATUS is MANUAL DISBURSMENT: SCENARIO Check Contract from RTD_CONTRACT where STATUS is MANUAL DISBURSMENT

2021-02-05 13:21:58 - [TEST_STEP][PASSED] - Connect to Database RTD: Connect to Database RTD

2021-02-05 13:21:58 - [MESSAGE][PASSED] - Connect to Database RTD

2021-02-05 13:21:58 - [TEST_STEP][PASSED] - Select Contract from Table in DB with Query "SELECT * FROM RTD_CONTRACT WHERE STATUS=10": Select Contract from Table in DB with Query "SELECT * FROM RTD_CONTRACT WHERE STATUS=10"

2021-02-05 13:21:59 - [MESSAGE][PASSED] - Select Contract from Table in DB with Query "SELECT * FROM RTD_CONTRACT WHERE STATUS=10"

2021-02-05 13:21:59 - [MESSAGE][PASSED] - Feature file: 'Include/features/IST_Real/RTD/Check_MPF_Manual_DIsbursment.feature' was passed]]></system-out>
         <system-err><![CDATA[]]></system-err>
      </testcase>
      <testcase name="Test Cases/RTD/TC_Check_MPF_is_Not_Eligible_to_Disburse" time="0.736" classname="Test Cases/RTD/TC_Check_MPF_is_Not_Eligible_to_Disburse" status="PASSED">
         <system-out><![CDATA[2021-02-05 13:21:59 - [TEST_CASE][PASSED] - Test Cases/RTD/TC_Check_MPF_is_Not_Eligible_to_Disburse: Test Cases/RTD/TC_Check_MPF_is_Not_Eligible_to_Disburse

2021-02-05 13:21:59 - [TEST_STEP][PASSED] - runFeatureFile("Include/features/IST_Real/RTD/Check_MPF_is_Not_Eligible_to_Disburse.feature"): Feature file: 'Include/features/IST_Real/RTD/Check_MPF_is_Not_Eligible_to_Disburse.feature' was passed

2021-02-05 13:21:59 - [MESSAGE][INFO] - Starting run keyword runFeatureFile: 'Include/features/IST_Real/RTD/Check_MPF_is_Not_Eligible_to_Disburse.feature' and extract report to folder: '/Users/chaidir.pratama01/Katalon Studio/IST_Automation_Git/Reports/20210205_131034/RTD/TS_RTD/20210205_131036/cucumber_report/1612506119101'...

2021-02-05 13:21:59 - [TEST_CASE][PASSED] - Start Test Case : SCENARIO Check Contract from RTD_CONTRACT where STATUS is Not Eligible to Disburse: SCENARIO Check Contract from RTD_CONTRACT where STATUS is Not Eligible to Disburse

2021-02-05 13:21:59 - [TEST_STEP][PASSED] - Connect to Database RTD: Connect to Database RTD

2021-02-05 13:21:59 - [MESSAGE][PASSED] - Connect to Database RTD

2021-02-05 13:21:59 - [TEST_STEP][PASSED] - Select Contract from Table in DB with Query "SELECT * FROM RTD_CONTRACT WHERE STATUS=4": Select Contract from Table in DB with Query "SELECT * FROM RTD_CONTRACT WHERE STATUS=4"

2021-02-05 13:21:59 - [MESSAGE][PASSED] - Select Contract from Table in DB with Query "SELECT * FROM RTD_CONTRACT WHERE STATUS=4"

2021-02-05 13:21:59 - [MESSAGE][PASSED] - Feature file: 'Include/features/IST_Real/RTD/Check_MPF_is_Not_Eligible_to_Disburse.feature' was passed]]></system-out>
         <system-err><![CDATA[]]></system-err>
      </testcase>
      <testcase name="Test Cases/RTD/TC_Check_MPF_Insufficient_Fund" time="1.694" classname="Test Cases/RTD/TC_Check_MPF_Insufficient_Fund" status="PASSED">
         <system-out><![CDATA[2021-02-05 13:21:59 - [TEST_CASE][PASSED] - Test Cases/RTD/TC_Check_MPF_Insufficient_Fund: Test Cases/RTD/TC_Check_MPF_Insufficient_Fund

2021-02-05 13:21:59 - [TEST_STEP][PASSED] - runFeatureFile("Include/features/IST_Real/RTD/Check_MPF_Insufficient_Fund.feature"): Feature file: 'Include/features/IST_Real/RTD/Check_MPF_Insufficient_Fund.feature' was passed

2021-02-05 13:21:59 - [MESSAGE][INFO] - Starting run keyword runFeatureFile: 'Include/features/IST_Real/RTD/Check_MPF_Insufficient_Fund.feature' and extract report to folder: '/Users/chaidir.pratama01/Katalon Studio/IST_Automation_Git/Reports/20210205_131034/RTD/TS_RTD/20210205_131036/cucumber_report/1612506119844'...

2021-02-05 13:21:59 - [TEST_CASE][PASSED] - Start Test Case : SCENARIO Check Contract from RTD_CONTRACT where STATUS is Insufficient Fund: SCENARIO Check Contract from RTD_CONTRACT where STATUS is Insufficient Fund

2021-02-05 13:21:59 - [TEST_STEP][PASSED] - Connect to Database RTD: Connect to Database RTD

2021-02-05 13:22:01 - [MESSAGE][PASSED] - Connect to Database RTD

2021-02-05 13:22:01 - [TEST_STEP][PASSED] - Select Contract from Table in DB with Query "SELECT * FROM RTD_CONTRACT WHERE STATUS=8": Select Contract from Table in DB with Query "SELECT * FROM RTD_CONTRACT WHERE STATUS=8"

2021-02-05 13:22:01 - [MESSAGE][PASSED] - Select Contract from Table in DB with Query "SELECT * FROM RTD_CONTRACT WHERE STATUS=8"

2021-02-05 13:22:01 - [MESSAGE][PASSED] - Feature file: 'Include/features/IST_Real/RTD/Check_MPF_Insufficient_Fund.feature' was passed]]></system-out>
         <system-err><![CDATA[]]></system-err>
      </testcase>
      <testcase name="Test Cases/RTD/TC_Check_MPF_Failed_Due_to_System_Error" time="0.612" classname="Test Cases/RTD/TC_Check_MPF_Failed_Due_to_System_Error" status="PASSED">
         <system-out><![CDATA[2021-02-05 13:22:01 - [TEST_CASE][PASSED] - Test Cases/RTD/TC_Check_MPF_Failed_Due_to_System_Error: Test Cases/RTD/TC_Check_MPF_Failed_Due_to_System_Error

2021-02-05 13:22:01 - [TEST_STEP][PASSED] - runFeatureFile("Include/features/IST_Real/RTD/Check_MPF_Failed_Due_to_System_Error.feature"): Feature file: 'Include/features/IST_Real/RTD/Check_MPF_Failed_Due_to_System_Error.feature' was passed

2021-02-05 13:22:01 - [MESSAGE][INFO] - Starting run keyword runFeatureFile: 'Include/features/IST_Real/RTD/Check_MPF_Failed_Due_to_System_Error.feature' and extract report to folder: '/Users/chaidir.pratama01/Katalon Studio/IST_Automation_Git/Reports/20210205_131034/RTD/TS_RTD/20210205_131036/cucumber_report/1612506121536'...

2021-02-05 13:22:01 - [TEST_CASE][PASSED] - Start Test Case : SCENARIO Check Contract from RTD_CONTRACT where STATUS is Failed Due to System Error: SCENARIO Check Contract from RTD_CONTRACT where STATUS is Failed Due to System Error

2021-02-05 13:22:01 - [TEST_STEP][PASSED] - Connect to Database RTD: Connect to Database RTD

2021-02-05 13:22:01 - [MESSAGE][PASSED] - Connect to Database RTD

2021-02-05 13:22:01 - [TEST_STEP][PASSED] - Select Contract from Table in DB with Query "SELECT * FROM RTD_CONTRACT WHERE STATUS=7": Select Contract from Table in DB with Query "SELECT * FROM RTD_CONTRACT WHERE STATUS=7"

2021-02-05 13:22:02 - [MESSAGE][PASSED] - Select Contract from Table in DB with Query "SELECT * FROM RTD_CONTRACT WHERE STATUS=7"

2021-02-05 13:22:02 - [MESSAGE][PASSED] - Feature file: 'Include/features/IST_Real/RTD/Check_MPF_Failed_Due_to_System_Error.feature' was passed]]></system-out>
         <system-err><![CDATA[]]></system-err>
      </testcase>
      <testcase name="Test Cases/RTD/TC_Check_MPF_Success_to_Disburse" time="0.407" classname="Test Cases/RTD/TC_Check_MPF_Success_to_Disburse" status="PASSED">
         <system-out><![CDATA[2021-02-05 13:22:02 - [TEST_CASE][PASSED] - Test Cases/RTD/TC_Check_MPF_Success_to_Disburse: Test Cases/RTD/TC_Check_MPF_Success_to_Disburse

2021-02-05 13:22:02 - [TEST_STEP][PASSED] - runFeatureFile("Include/features/IST_Real/RTD/Check_MPF_Success_to_Disburse.feature"): Feature file: 'Include/features/IST_Real/RTD/Check_MPF_Success_to_Disburse.feature' was passed

2021-02-05 13:22:02 - [MESSAGE][INFO] - Starting run keyword runFeatureFile: 'Include/features/IST_Real/RTD/Check_MPF_Success_to_Disburse.feature' and extract report to folder: '/Users/chaidir.pratama01/Katalon Studio/IST_Automation_Git/Reports/20210205_131034/RTD/TS_RTD/20210205_131036/cucumber_report/1612506122153'...

2021-02-05 13:22:02 - [TEST_CASE][PASSED] - Start Test Case : SCENARIO Check Contract RTD_CONTRACT where STATUS is Success to Disburse: SCENARIO Check Contract RTD_CONTRACT where STATUS is Success to Disburse

2021-02-05 13:22:02 - [TEST_STEP][PASSED] - Connect to Database RTD: Connect to Database RTD

2021-02-05 13:22:02 - [MESSAGE][PASSED] - Connect to Database RTD

2021-02-05 13:22:02 - [TEST_STEP][PASSED] - Select Contract from Table in DB with Query "SELECT * FROM RTD_CONTRACT WHERE STATUS=13": Select Contract from Table in DB with Query "SELECT * FROM RTD_CONTRACT WHERE STATUS=13"

2021-02-05 13:22:02 - [MESSAGE][PASSED] - Select Contract from Table in DB with Query "SELECT * FROM RTD_CONTRACT WHERE STATUS=13"

2021-02-05 13:22:02 - [MESSAGE][PASSED] - Feature file: 'Include/features/IST_Real/RTD/Check_MPF_Success_to_Disburse.feature' was passed]]></system-out>
         <system-err><![CDATA[]]></system-err>
      </testcase>
      <testcase name="Test Cases/RTD/TC_Check_MPF_Failed_Due_to_Invalid_Bank_Account" time="0.437" classname="Test Cases/RTD/TC_Check_MPF_Failed_Due_to_Invalid_Bank_Account" status="PASSED">
         <system-out><![CDATA[2021-02-05 13:22:02 - [TEST_CASE][PASSED] - Test Cases/RTD/TC_Check_MPF_Failed_Due_to_Invalid_Bank_Account: Test Cases/RTD/TC_Check_MPF_Failed_Due_to_Invalid_Bank_Account

2021-02-05 13:22:02 - [TEST_STEP][PASSED] - runFeatureFile("Include/features/IST_Real/RTD/Check_MPF_Failed_Due_to_Invalid_Bank_Account.feature"): Feature file: 'Include/features/IST_Real/RTD/Check_MPF_Failed_Due_to_Invalid_Bank_Account.feature' was passed

2021-02-05 13:22:02 - [MESSAGE][INFO] - Starting run keyword runFeatureFile: 'Include/features/IST_Real/RTD/Check_MPF_Failed_Due_to_Invalid_Bank_Account.feature' and extract report to folder: '/Users/chaidir.pratama01/Katalon Studio/IST_Automation_Git/Reports/20210205_131034/RTD/TS_RTD/20210205_131036/cucumber_report/1612506122599'...

2021-02-05 13:22:02 - [TEST_CASE][PASSED] - Start Test Case : SCENARIO Check Contract from RTD_CONTRACT where STATUS is Failed Due to Invalid Bank Account: SCENARIO Check Contract from RTD_CONTRACT where STATUS is Failed Due to Invalid Bank Account

2021-02-05 13:22:02 - [TEST_STEP][PASSED] - Connect to Database RTD: Connect to Database RTD

2021-02-05 13:22:02 - [MESSAGE][PASSED] - Connect to Database RTD

2021-02-05 13:22:02 - [TEST_STEP][PASSED] - Select Contract from Table in DB with Query "SELECT * FROM RTD_CONTRACT WHERE STATUS=6": Select Contract from Table in DB with Query "SELECT * FROM RTD_CONTRACT WHERE STATUS=6"

2021-02-05 13:22:02 - [MESSAGE][PASSED] - Select Contract from Table in DB with Query "SELECT * FROM RTD_CONTRACT WHERE STATUS=6"

2021-02-05 13:22:02 - [MESSAGE][PASSED] - Feature file: 'Include/features/IST_Real/RTD/Check_MPF_Failed_Due_to_Invalid_Bank_Account.feature' was passed]]></system-out>
         <system-err><![CDATA[]]></system-err>
      </testcase>
      <testcase name="Test Cases/RTD/TC_Check_MPF_Waiting_Partner_Confirmation" time="1.034" classname="Test Cases/RTD/TC_Check_MPF_Waiting_Partner_Confirmation" status="PASSED">
         <system-out><![CDATA[2021-02-05 13:22:02 - [TEST_CASE][PASSED] - Test Cases/RTD/TC_Check_MPF_Waiting_Partner_Confirmation: Test Cases/RTD/TC_Check_MPF_Waiting_Partner_Confirmation

2021-02-05 13:22:03 - [TEST_STEP][PASSED] - runFeatureFile("Include/features/IST_Real/RTD/Check_MPF_Waiting_Partner_Confirmation.feature"): Feature file: 'Include/features/IST_Real/RTD/Check_MPF_Waiting_Partner_Confirmation.feature' was passed

2021-02-05 13:22:03 - [MESSAGE][INFO] - Starting run keyword runFeatureFile: 'Include/features/IST_Real/RTD/Check_MPF_Waiting_Partner_Confirmation.feature' and extract report to folder: '/Users/chaidir.pratama01/Katalon Studio/IST_Automation_Git/Reports/20210205_131034/RTD/TS_RTD/20210205_131036/cucumber_report/1612506123019'...

2021-02-05 13:22:03 - [TEST_CASE][PASSED] - Start Test Case : SCENARIO Check Contract from RTD_CONTRACT where STATUS is Waiting Partner Confirmation: SCENARIO Check Contract from RTD_CONTRACT where STATUS is Waiting Partner Confirmation

2021-02-05 13:22:03 - [TEST_STEP][PASSED] - Connect to Database RTD: Connect to Database RTD

2021-02-05 13:22:03 - [MESSAGE][PASSED] - Connect to Database RTD

2021-02-05 13:22:03 - [TEST_STEP][PASSED] - Select Contract from Table in DB with Query "SELECT * FROM RTD_CONTRACT WHERE STATUS=12": Select Contract from Table in DB with Query "SELECT * FROM RTD_CONTRACT WHERE STATUS=12"

2021-02-05 13:22:03 - [MESSAGE][PASSED] - Select Contract from Table in DB with Query "SELECT * FROM RTD_CONTRACT WHERE STATUS=12"

2021-02-05 13:22:03 - [MESSAGE][PASSED] - Feature file: 'Include/features/IST_Real/RTD/Check_MPF_Waiting_Partner_Confirmation.feature' was passed]]></system-out>
         <system-err><![CDATA[]]></system-err>
      </testcase>
      <system-out><![CDATA[2021-02-05 13:21:49 - [TEST_SUITE][PASSED] - TS_RTD: Test Cases/RTD/TC_Check_MPF_Waiting_Partner_Confirmation]]></system-out>
      <system-err><![CDATA[]]></system-err>
   </testsuite>
   <testsuite name="TS_Dashboard_for_CCC_OCS" tests="4" failures="0" errors="0" time="278.17" timestamp="2021-02-05 13:22:41" hostname="chaidir.pratama01 - localhost" id="Test Suites/RTD/TS_Dashboard_for_CCC_OCS">
      <properties>
         <property name="deviceName" value=""/>
         <property name="devicePlatform" value=""/>
         <property name="logFolder" value="/Users/chaidir.pratama01/Katalon Studio/IST_Automation_Git/Reports/20210205_131034/RTD/TS_Dashboard_for_CCC_OCS/20210205_131037"/>
         <property name="logFiles" value="/Users/chaidir.pratama01/Katalon Studio/IST_Automation_Git/Reports/20210205_131034/RTD/TS_Dashboard_for_CCC_OCS/20210205_131037/execution0.log"/>
         <property name="attachments" value="/Users/chaidir.pratama01/Documents/Docs/Katalon Studio/Screenshot/test-Dashboard for CCC/OCS.png, /Users/chaidir.pratama01/Documents/Docs/Katalon Studio/Screenshot/test-Dashboard for CCC/OCS.png, /Users/chaidir.pratama01/Documents/Docs/Katalon Studio/Screenshot/test-Dashboard for CCC/OCS.png, /Users/chaidir.pratama01/Documents/Docs/Katalon Studio/Screenshot/test-Dashboard for CCC/OCS.png, /Users/chaidir.pratama01/Documents/Docs/Katalon Studio/Screenshot/test-Dashboard for CCC/OCS.png, /Users/chaidir.pratama01/Documents/Docs/Katalon Studio/Screenshot/test-Dashboard for CCC/OCS.png, /Users/chaidir.pratama01/Documents/Docs/Katalon Studio/Screenshot/test-Dashboard for CCC/OCS.png, /Users/chaidir.pratama01/Documents/Docs/Katalon Studio/Screenshot/test-Dashboard for CCC/OCS.png, /Users/chaidir.pratama01/Katalon Studio/IST_Automation_Git/Reports/20210205_131034/RTD/TS_Dashboard_for_CCC_OCS/20210205_131037/1612506285959.png, /Users/chaidir.pratama01/Documents/Docs/Katalon Studio/Screenshot/test-Dashboard for CCC/OCS.png, /Users/chaidir.pratama01/Katalon Studio/IST_Automation_Git/Reports/20210205_131034/RTD/TS_Dashboard_for_CCC_OCS/20210205_131037/1612506302666.png, /Users/chaidir.pratama01/Documents/Docs/Katalon Studio/Screenshot/test-Dashboard for CCC/OCS.png, /Users/chaidir.pratama01/Documents/Docs/Katalon Studio/Screenshot/test-Dashboard for CCC/OCS.png, /Users/chaidir.pratama01/Documents/Docs/Katalon Studio/Screenshot/test-Dashboard for CCC/OCS.png, /Users/chaidir.pratama01/Documents/Docs/Katalon Studio/Screenshot/test-Dashboard for CCC/OCS.png, /Users/chaidir.pratama01/Documents/Docs/Katalon Studio/Screenshot/test-Dashboard for CCC/OCS.png, /Users/chaidir.pratama01/Documents/Docs/Katalon Studio/Screenshot/test-Dashboard for CCC/OCS.png, /Users/chaidir.pratama01/Documents/Docs/Katalon Studio/Screenshot/test-Dashboard for CCC/OCS.png, /Users/chaidir.pratama01/Documents/Docs/Katalon Studio/Screenshot/Download_data.png"/>
         <property name="hostName" value="chaidir.pratama01 - localhost"/>
         <property name="os" value="Mac OS X 64bit"/>
         <property name="katalonVersion" value="7.6.0.${buildNumber}"/>
         <property name="browser" value="Chrome 88.0.4324.146"/>
         <property name="hostAddress" value="127.0.0.1"/>
         <property name="sessionId" value="bbf17eee76da33b8f80c57cc6869bb33"/>
         <property name="seleniumVersion" value="3.141.59"/>
         <property name="proxyInformation" value="ProxyInformation { proxyOption=NO_PROXY, proxyServerType=HTTP, username=, password=********, proxyServerAddress=, proxyServerPort=0, executionList=\&quot;\&quot;, isApplyToDesiredCapabilities=true }"/>
         <property name="platform" value="Mac OS X"/>
      </properties>
      <testcase name="Test Cases/RTD/Dashboard for CCC OCS/TC_Search_by_Status" time="209.628" classname="Test Cases/RTD/Dashboard for CCC OCS/TC_Search_by_Status" status="PASSED">
         <system-out><![CDATA[2021-02-05 13:22:42 - [TEST_CASE][PASSED] - Test Cases/RTD/Dashboard for CCC OCS/TC_Search_by_Status: Test Cases/RTD/Dashboard for CCC OCS/TC_Search_by_Status

2021-02-05 13:22:42 - [TEST_STEP][PASSED] - runFeatureFile("Include/features/IST_Real/RTD/Dashboard_for_CCC_OCS/Search_by_STATUS_CCC_OCS.feature"): Feature file: 'Include/features/IST_Real/RTD/Dashboard_for_CCC_OCS/Search_by_STATUS_CCC_OCS.feature' was passed

2021-02-05 13:22:42 - [MESSAGE][INFO] - Starting run keyword runFeatureFile: 'Include/features/IST_Real/RTD/Dashboard_for_CCC_OCS/Search_by_STATUS_CCC_OCS.feature' and extract report to folder: '/Users/chaidir.pratama01/Katalon Studio/IST_Automation_Git/Reports/20210205_131034/RTD/TS_Dashboard_for_CCC_OCS/20210205_131037/cucumber_report/1612506162459'...

2021-02-05 13:22:43 - [TEST_CASE][PASSED] - Start Test Case : SCENARIO Search by STATUS Eligible to Disburse: SCENARIO Search by STATUS Eligible to Disburse

2021-02-05 13:22:43 - [TEST_STEP][PASSED] - Go to ISTools: Go to ISTools

2021-02-05 13:22:43 - [MESSAGE][INFO] - Starting 'Chrome (headless)' driver

2021-02-05 13:22:43 - [MESSAGE][INFO] - User set preference: ['args', '[--start-maximized, --disable-gpu, --no-proxy-server, â€“-no-sandbox, --allow-running-insecure-content, --ignore-certificate-errors, window-size=1680,814, force-device-scale-factor=2, --lang=en-GB]']

2021-02-05 13:22:43 - [MESSAGE][INFO] - User set preference: ['prefs', '{download.default_directory=/Users/chaidir.pratama01/Katalon Studio/IST_Automation_Git/Download}']

2021-02-05 13:22:43 - [MESSAGE][INFO] - Action delay is set to 0 milliseconds

2021-02-05 13:22:44 - [MESSAGE][PASSED] - Browser is opened with url: ''

2021-02-05 13:22:46 - [MESSAGE][PASSED] - Navigate to 'https://dev-istools.homecredit.id/foundation/' successfully

2021-02-05 13:22:46 - [MESSAGE][PASSED] - Go to ISTools

2021-02-05 13:22:46 - [TEST_STEP][PASSED] - Login IST with valid credentials: Login IST with valid credentials

2021-02-05 13:22:47 - [MESSAGE][PASSED] - Text 'mobile.test' is set on object 'Object Repository/Page_/input_Username_j_username'

2021-02-05 13:22:47 - [MESSAGE][PASSED] - Text ****** has been set on object 'Object Repository/Page_/input_Password_j_password'

2021-02-05 13:22:48 - [MESSAGE][PASSED] - Object: 'Object Repository/Page_/button_Login' is clicked on

2021-02-05 13:22:48 - [MESSAGE][PASSED] - Login IST with valid credentials

2021-02-05 13:22:48 - [TEST_STEP][PASSED] - Login Success: Login Success

2021-02-05 13:22:48 - [MESSAGE][INFO] - Login Success

2021-02-05 13:22:48 - [MESSAGE][PASSED] - Current window maximized

2021-02-05 13:22:48 - [MESSAGE][PASSED] - Object 'Object Repository/Page_/h1_Welcome to IT Supporting Tools' is present

2021-02-05 13:22:48 - [MESSAGE][PASSED] - Login Success

2021-02-05 13:22:48 - [TEST_STEP][PASSED] - Select Arrow Menu "Real Time Disbursement": Select Arrow Menu "Real Time Disbursement"

2021-02-05 13:22:48 - [MESSAGE][PASSED] - Object: '' is clicked on

2021-02-05 13:22:48 - [MESSAGE][PASSED] - Select Arrow Menu "Real Time Disbursement"

2021-02-05 13:22:48 - [TEST_STEP][PASSED] - Select Menu "Dashboard for CCC/OCS": Select Menu "Dashboard for CCC/OCS"

2021-02-05 13:22:49 - [MESSAGE][PASSED] - Taking screenshot successfully
[[ATTACHMENT|/Users/chaidir.pratama01/Documents/Docs/Katalon Studio/Screenshot/test-Dashboard for CCC/OCS.png]]

2021-02-05 13:22:49 - [MESSAGE][PASSED] - Object '' is present

2021-02-05 13:22:49 - [MESSAGE][PASSED] - Object: '' is clicked on

2021-02-05 13:22:49 - [MESSAGE][PASSED] - Wait for page load successfully

2021-02-05 13:22:49 - [MESSAGE][PASSED] - Select Menu "Dashboard for CCC/OCS"

2021-02-05 13:22:49 - [TEST_STEP][PASSED] - Select STATUS "Eligible to disburse": Select STATUS "Eligible to disburse"

2021-02-05 13:22:49 - [MESSAGE][PASSED] - All options with value 'Eligible to disburse' are selected in object ''  using regular expression

2021-02-05 13:22:49 - [MESSAGE][PASSED] - Select STATUS "Eligible to disburse"

2021-02-05 13:22:49 - [TEST_STEP][PASSED] - Click button "Search": Click button "Search"

2021-02-05 13:22:49 - [MESSAGE][INFO] - >>>>>//Button[contains(text(),'Search')]

2021-02-05 13:22:52 - [MESSAGE][PASSED] - Object '' is present

2021-02-05 13:22:52 - [MESSAGE][PASSED] - Object: '' is clicked on

2021-02-05 13:22:53 - [MESSAGE][PASSED] - Switched to window with index: '0'

2021-02-05 13:22:53 - [MESSAGE][PASSED] - Click button "Search"

2021-02-05 13:22:53 - [TEST_STEP][PASSED] - Verify Search Result Presents: Verify Search Result Presents

2021-02-05 13:22:53 - [MESSAGE][PASSED] - Object '' is present

2021-02-05 13:23:00 - [MESSAGE][PASSED] - Verify Search Result Presents

2021-02-05 13:23:00 - [TEST_STEP][PASSED] - Click button "Logout": Click button "Logout"

2021-02-05 13:23:00 - [MESSAGE][INFO] - >>>>>//Button[contains(text(),'Logout')]

2021-02-05 13:23:03 - [MESSAGE][PASSED] - Object '' is present

2021-02-05 13:23:03 - [MESSAGE][PASSED] - Object: '' is clicked on

2021-02-05 13:23:03 - [MESSAGE][PASSED] - Switched to window with index: '0'

2021-02-05 13:23:03 - [MESSAGE][PASSED] - Click button "Logout"

2021-02-05 13:23:03 - [TEST_STEP][PASSED] - Close browser: Close browser

2021-02-05 13:23:03 - [MESSAGE][PASSED] - Browser is closed

2021-02-05 13:23:03 - [MESSAGE][PASSED] - Close browser

2021-02-05 13:23:03 - [TEST_CASE][PASSED] - Start Test Case : SCENARIO Search by STATUS Waiting approval from Risk: SCENARIO Search by STATUS Waiting approval from Risk

2021-02-05 13:23:03 - [TEST_STEP][PASSED] - Go to ISTools: Go to ISTools

2021-02-05 13:23:03 - [MESSAGE][INFO] - Starting 'Chrome (headless)' driver

2021-02-05 13:23:03 - [MESSAGE][INFO] - User set preference: ['args', '[--start-maximized, --disable-gpu, --no-proxy-server, â€“-no-sandbox, --allow-running-insecure-content, --ignore-certificate-errors, window-size=1680,814, force-device-scale-factor=2, --lang=en-GB]']

2021-02-05 13:23:03 - [MESSAGE][INFO] - User set preference: ['prefs', '{download.default_directory=/Users/chaidir.pratama01/Katalon Studio/IST_Automation_Git/Download}']

2021-02-05 13:23:03 - [MESSAGE][INFO] - Action delay is set to 0 milliseconds

2021-02-05 13:23:03 - [MESSAGE][PASSED] - Browser is opened with url: ''

2021-02-05 13:23:05 - [MESSAGE][PASSED] - Navigate to 'https://dev-istools.homecredit.id/foundation/' successfully

2021-02-05 13:23:05 - [MESSAGE][PASSED] - Go to ISTools

2021-02-05 13:23:05 - [TEST_STEP][PASSED] - Login IST with valid credentials: Login IST with valid credentials

2021-02-05 13:23:05 - [MESSAGE][PASSED] - Text 'mobile.test' is set on object 'Object Repository/Page_/input_Username_j_username'

2021-02-05 13:23:05 - [MESSAGE][PASSED] - Text ****** has been set on object 'Object Repository/Page_/input_Password_j_password'

2021-02-05 13:23:07 - [MESSAGE][PASSED] - Object: 'Object Repository/Page_/button_Login' is clicked on

2021-02-05 13:23:07 - [MESSAGE][PASSED] - Login IST with valid credentials

2021-02-05 13:23:07 - [TEST_STEP][PASSED] - Login Success: Login Success

2021-02-05 13:23:07 - [MESSAGE][INFO] - Login Success

2021-02-05 13:23:07 - [MESSAGE][PASSED] - Current window maximized

2021-02-05 13:23:07 - [MESSAGE][PASSED] - Object 'Object Repository/Page_/h1_Welcome to IT Supporting Tools' is present

2021-02-05 13:23:07 - [MESSAGE][PASSED] - Login Success

2021-02-05 13:23:07 - [TEST_STEP][PASSED] - Select Arrow Menu "Real Time Disbursement": Select Arrow Menu "Real Time Disbursement"

2021-02-05 13:23:07 - [MESSAGE][PASSED] - Object: '' is clicked on

2021-02-05 13:23:07 - [MESSAGE][PASSED] - Select Arrow Menu "Real Time Disbursement"

2021-02-05 13:23:07 - [TEST_STEP][PASSED] - Select Menu "Dashboard for CCC/OCS": Select Menu "Dashboard for CCC/OCS"

2021-02-05 13:23:07 - [MESSAGE][PASSED] - Taking screenshot successfully
[[ATTACHMENT|/Users/chaidir.pratama01/Documents/Docs/Katalon Studio/Screenshot/test-Dashboard for CCC/OCS.png]]

2021-02-05 13:23:07 - [MESSAGE][PASSED] - Object '' is present

2021-02-05 13:23:07 - [MESSAGE][PASSED] - Object: '' is clicked on

2021-02-05 13:23:08 - [MESSAGE][PASSED] - Wait for page load successfully

2021-02-05 13:23:08 - [MESSAGE][PASSED] - Select Menu "Dashboard for CCC/OCS"

2021-02-05 13:23:08 - [TEST_STEP][PASSED] - Select STATUS "Waiting approval from Risk": Select STATUS "Waiting approval from Risk"

2021-02-05 13:23:08 - [MESSAGE][PASSED] - All options with value 'Waiting approval from Risk' are selected in object ''  using regular expression

2021-02-05 13:23:08 - [MESSAGE][PASSED] - Select STATUS "Waiting approval from Risk"

2021-02-05 13:23:08 - [TEST_STEP][PASSED] - Click button "Search": Click button "Search"

2021-02-05 13:23:08 - [MESSAGE][INFO] - >>>>>//Button[contains(text(),'Search')]

2021-02-05 13:23:11 - [MESSAGE][PASSED] - Object '' is present

2021-02-05 13:23:11 - [MESSAGE][PASSED] - Object: '' is clicked on

2021-02-05 13:23:11 - [MESSAGE][PASSED] - Switched to window with index: '0'

2021-02-05 13:23:11 - [MESSAGE][PASSED] - Click button "Search"

2021-02-05 13:23:11 - [TEST_STEP][PASSED] - Verify Search Result Presents: Verify Search Result Presents

2021-02-05 13:23:11 - [MESSAGE][PASSED] - Object '' is present

2021-02-05 13:23:15 - [MESSAGE][PASSED] - Verify Search Result Presents

2021-02-05 13:23:15 - [TEST_STEP][PASSED] - Click button "Logout": Click button "Logout"

2021-02-05 13:23:15 - [MESSAGE][INFO] - >>>>>//Button[contains(text(),'Logout')]

2021-02-05 13:23:18 - [MESSAGE][PASSED] - Object '' is present

2021-02-05 13:23:18 - [MESSAGE][PASSED] - Object: '' is clicked on

2021-02-05 13:23:18 - [MESSAGE][PASSED] - Switched to window with index: '0'

2021-02-05 13:23:18 - [MESSAGE][PASSED] - Click button "Logout"

2021-02-05 13:23:18 - [TEST_STEP][PASSED] - Close browser: Close browser

2021-02-05 13:23:18 - [MESSAGE][PASSED] - Browser is closed

2021-02-05 13:23:18 - [MESSAGE][PASSED] - Close browser

2021-02-05 13:23:18 - [TEST_CASE][PASSED] - Start Test Case : SCENARIO Search by STATUS Waiting for approval from In Payment: SCENARIO Search by STATUS Waiting for approval from In Payment

2021-02-05 13:23:18 - [TEST_STEP][PASSED] - Go to ISTools: Go to ISTools

2021-02-05 13:23:18 - [MESSAGE][INFO] - Starting 'Chrome (headless)' driver

2021-02-05 13:23:18 - [MESSAGE][INFO] - User set preference: ['args', '[--start-maximized, --disable-gpu, --no-proxy-server, â€“-no-sandbox, --allow-running-insecure-content, --ignore-certificate-errors, window-size=1680,814, force-device-scale-factor=2, --lang=en-GB]']

2021-02-05 13:23:18 - [MESSAGE][INFO] - User set preference: ['prefs', '{download.default_directory=/Users/chaidir.pratama01/Katalon Studio/IST_Automation_Git/Download}']

2021-02-05 13:23:18 - [MESSAGE][INFO] - Action delay is set to 0 milliseconds

2021-02-05 13:23:19 - [MESSAGE][PASSED] - Browser is opened with url: ''

2021-02-05 13:23:21 - [MESSAGE][PASSED] - Navigate to 'https://dev-istools.homecredit.id/foundation/' successfully

2021-02-05 13:23:21 - [MESSAGE][PASSED] - Go to ISTools

2021-02-05 13:23:21 - [TEST_STEP][PASSED] - Login IST with valid credentials: Login IST with valid credentials

2021-02-05 13:23:21 - [MESSAGE][PASSED] - Text 'mobile.test' is set on object 'Object Repository/Page_/input_Username_j_username'

2021-02-05 13:23:21 - [MESSAGE][PASSED] - Text ****** has been set on object 'Object Repository/Page_/input_Password_j_password'

2021-02-05 13:23:22 - [MESSAGE][PASSED] - Object: 'Object Repository/Page_/button_Login' is clicked on

2021-02-05 13:23:22 - [MESSAGE][PASSED] - Login IST with valid credentials

2021-02-05 13:23:22 - [TEST_STEP][PASSED] - Login Success: Login Success

2021-02-05 13:23:22 - [MESSAGE][INFO] - Login Success

2021-02-05 13:23:22 - [MESSAGE][PASSED] - Current window maximized

2021-02-05 13:23:22 - [MESSAGE][PASSED] - Object 'Object Repository/Page_/h1_Welcome to IT Supporting Tools' is present

2021-02-05 13:23:22 - [MESSAGE][PASSED] - Login Success

2021-02-05 13:23:22 - [TEST_STEP][PASSED] - Select Arrow Menu "Real Time Disbursement": Select Arrow Menu "Real Time Disbursement"

2021-02-05 13:23:22 - [MESSAGE][PASSED] - Object: '' is clicked on

2021-02-05 13:23:22 - [MESSAGE][PASSED] - Select Arrow Menu "Real Time Disbursement"

2021-02-05 13:23:22 - [TEST_STEP][PASSED] - Select Menu "Dashboard for CCC/OCS": Select Menu "Dashboard for CCC/OCS"

2021-02-05 13:23:22 - [MESSAGE][PASSED] - Taking screenshot successfully
[[ATTACHMENT|/Users/chaidir.pratama01/Documents/Docs/Katalon Studio/Screenshot/test-Dashboard for CCC/OCS.png]]

2021-02-05 13:23:22 - [MESSAGE][PASSED] - Object '' is present

2021-02-05 13:23:23 - [MESSAGE][PASSED] - Object: '' is clicked on

2021-02-05 13:23:23 - [MESSAGE][PASSED] - Wait for page load successfully

2021-02-05 13:23:23 - [MESSAGE][PASSED] - Select Menu "Dashboard for CCC/OCS"

2021-02-05 13:23:23 - [TEST_STEP][PASSED] - Select STATUS "Waiting for approval from In Payment": Select STATUS "Waiting for approval from In Payment"

2021-02-05 13:23:23 - [MESSAGE][PASSED] - All options with value 'Waiting for approval from In Payment' are selected in object ''  using regular expression

2021-02-05 13:23:23 - [MESSAGE][PASSED] - Select STATUS "Waiting for approval from In Payment"

2021-02-05 13:23:23 - [TEST_STEP][PASSED] - Click button "Search": Click button "Search"

2021-02-05 13:23:23 - [MESSAGE][INFO] - >>>>>//Button[contains(text(),'Search')]

2021-02-05 13:23:26 - [MESSAGE][PASSED] - Object '' is present

2021-02-05 13:23:26 - [MESSAGE][PASSED] - Object: '' is clicked on

2021-02-05 13:23:26 - [MESSAGE][PASSED] - Switched to window with index: '0'

2021-02-05 13:23:26 - [MESSAGE][PASSED] - Click button "Search"

2021-02-05 13:23:26 - [TEST_STEP][PASSED] - Verify Search Result Presents: Verify Search Result Presents

2021-02-05 13:23:26 - [MESSAGE][PASSED] - Object '' is present

2021-02-05 13:23:27 - [MESSAGE][PASSED] - Verify Search Result Presents

2021-02-05 13:23:27 - [TEST_STEP][PASSED] - Click button "Logout": Click button "Logout"

2021-02-05 13:23:27 - [MESSAGE][INFO] - >>>>>//Button[contains(text(),'Logout')]

2021-02-05 13:23:30 - [MESSAGE][PASSED] - Object '' is present

2021-02-05 13:23:30 - [MESSAGE][PASSED] - Object: '' is clicked on

2021-02-05 13:23:30 - [MESSAGE][PASSED] - Switched to window with index: '0'

2021-02-05 13:23:30 - [MESSAGE][PASSED] - Click button "Logout"

2021-02-05 13:23:30 - [TEST_STEP][PASSED] - Close browser: Close browser

2021-02-05 13:23:30 - [MESSAGE][PASSED] - Browser is closed

2021-02-05 13:23:30 - [MESSAGE][PASSED] - Close browser

2021-02-05 13:23:30 - [TEST_CASE][PASSED] - Start Test Case : SCENARIO Search by STATUS Not eligible to disburse: SCENARIO Search by STATUS Not eligible to disburse

2021-02-05 13:23:30 - [TEST_STEP][PASSED] - Go to ISTools: Go to ISTools

2021-02-05 13:23:30 - [MESSAGE][INFO] - Starting 'Chrome (headless)' driver

2021-02-05 13:23:30 - [MESSAGE][INFO] - User set preference: ['args', '[--start-maximized, --disable-gpu, --no-proxy-server, â€“-no-sandbox, --allow-running-insecure-content, --ignore-certificate-errors, window-size=1680,814, force-device-scale-factor=2, --lang=en-GB]']

2021-02-05 13:23:30 - [MESSAGE][INFO] - User set preference: ['prefs', '{download.default_directory=/Users/chaidir.pratama01/Katalon Studio/IST_Automation_Git/Download}']

2021-02-05 13:23:30 - [MESSAGE][INFO] - Action delay is set to 0 milliseconds

2021-02-05 13:23:31 - [MESSAGE][PASSED] - Browser is opened with url: ''

2021-02-05 13:23:33 - [MESSAGE][PASSED] - Navigate to 'https://dev-istools.homecredit.id/foundation/' successfully

2021-02-05 13:23:33 - [MESSAGE][PASSED] - Go to ISTools

2021-02-05 13:23:33 - [TEST_STEP][PASSED] - Login IST with valid credentials: Login IST with valid credentials

2021-02-05 13:23:34 - [MESSAGE][PASSED] - Text 'mobile.test' is set on object 'Object Repository/Page_/input_Username_j_username'

2021-02-05 13:23:34 - [MESSAGE][PASSED] - Text ****** has been set on object 'Object Repository/Page_/input_Password_j_password'

2021-02-05 13:23:34 - [MESSAGE][PASSED] - Object: 'Object Repository/Page_/button_Login' is clicked on

2021-02-05 13:23:34 - [MESSAGE][PASSED] - Login IST with valid credentials

2021-02-05 13:23:34 - [TEST_STEP][PASSED] - Login Success: Login Success

2021-02-05 13:23:34 - [MESSAGE][INFO] - Login Success

2021-02-05 13:23:34 - [MESSAGE][PASSED] - Current window maximized

2021-02-05 13:23:34 - [MESSAGE][PASSED] - Object 'Object Repository/Page_/h1_Welcome to IT Supporting Tools' is present

2021-02-05 13:23:34 - [MESSAGE][PASSED] - Login Success

2021-02-05 13:23:34 - [TEST_STEP][PASSED] - Select Arrow Menu "Real Time Disbursement": Select Arrow Menu "Real Time Disbursement"

2021-02-05 13:23:34 - [MESSAGE][PASSED] - Object: '' is clicked on

2021-02-05 13:23:34 - [MESSAGE][PASSED] - Select Arrow Menu "Real Time Disbursement"

2021-02-05 13:23:34 - [TEST_STEP][PASSED] - Select Menu "Dashboard for CCC/OCS": Select Menu "Dashboard for CCC/OCS"

2021-02-05 13:23:35 - [MESSAGE][PASSED] - Taking screenshot successfully
[[ATTACHMENT|/Users/chaidir.pratama01/Documents/Docs/Katalon Studio/Screenshot/test-Dashboard for CCC/OCS.png]]

2021-02-05 13:23:35 - [MESSAGE][PASSED] - Object '' is present

2021-02-05 13:23:35 - [MESSAGE][PASSED] - Object: '' is clicked on

2021-02-05 13:23:35 - [MESSAGE][PASSED] - Wait for page load successfully

2021-02-05 13:23:35 - [MESSAGE][PASSED] - Select Menu "Dashboard for CCC/OCS"

2021-02-05 13:23:35 - [TEST_STEP][PASSED] - Select STATUS "Not eligible to disburse": Select STATUS "Not eligible to disburse"

2021-02-05 13:23:36 - [MESSAGE][PASSED] - All options with value 'Not eligible to disburse' are selected in object ''  using regular expression

2021-02-05 13:23:36 - [MESSAGE][PASSED] - Select STATUS "Not eligible to disburse"

2021-02-05 13:23:36 - [TEST_STEP][PASSED] - Click button "Search": Click button "Search"

2021-02-05 13:23:36 - [MESSAGE][INFO] - >>>>>//Button[contains(text(),'Search')]

2021-02-05 13:23:39 - [MESSAGE][PASSED] - Object '' is present

2021-02-05 13:23:39 - [MESSAGE][PASSED] - Object: '' is clicked on

2021-02-05 13:23:39 - [MESSAGE][PASSED] - Switched to window with index: '0'

2021-02-05 13:23:39 - [MESSAGE][PASSED] - Click button "Search"

2021-02-05 13:23:39 - [TEST_STEP][PASSED] - Verify Search Result Presents: Verify Search Result Presents

2021-02-05 13:23:39 - [MESSAGE][PASSED] - Object '' is present

2021-02-05 13:23:45 - [MESSAGE][PASSED] - Verify Search Result Presents

2021-02-05 13:23:45 - [TEST_STEP][PASSED] - Click button "Logout": Click button "Logout"

2021-02-05 13:23:45 - [MESSAGE][INFO] - >>>>>//Button[contains(text(),'Logout')]

2021-02-05 13:23:48 - [MESSAGE][PASSED] - Object '' is present

2021-02-05 13:23:49 - [MESSAGE][PASSED] - Object: '' is clicked on

2021-02-05 13:23:49 - [MESSAGE][PASSED] - Switched to window with index: '0'

2021-02-05 13:23:49 - [MESSAGE][PASSED] - Click button "Logout"

2021-02-05 13:23:49 - [TEST_STEP][PASSED] - Close browser: Close browser

2021-02-05 13:23:49 - [MESSAGE][PASSED] - Browser is closed

2021-02-05 13:23:49 - [MESSAGE][PASSED] - Close browser

2021-02-05 13:23:49 - [TEST_CASE][PASSED] - Start Test Case : SCENARIO Search by STATUS Ready to disburse: SCENARIO Search by STATUS Ready to disburse

2021-02-05 13:23:49 - [TEST_STEP][PASSED] - Go to ISTools: Go to ISTools

2021-02-05 13:23:49 - [MESSAGE][INFO] - Starting 'Chrome (headless)' driver

2021-02-05 13:23:49 - [MESSAGE][INFO] - User set preference: ['args', '[--start-maximized, --disable-gpu, --no-proxy-server, â€“-no-sandbox, --allow-running-insecure-content, --ignore-certificate-errors, window-size=1680,814, force-device-scale-factor=2, --lang=en-GB]']

2021-02-05 13:23:49 - [MESSAGE][INFO] - User set preference: ['prefs', '{download.default_directory=/Users/chaidir.pratama01/Katalon Studio/IST_Automation_Git/Download}']

2021-02-05 13:23:49 - [MESSAGE][INFO] - Action delay is set to 0 milliseconds

2021-02-05 13:23:49 - [MESSAGE][PASSED] - Browser is opened with url: ''

2021-02-05 13:23:51 - [MESSAGE][PASSED] - Navigate to 'https://dev-istools.homecredit.id/foundation/' successfully

2021-02-05 13:23:51 - [MESSAGE][PASSED] - Go to ISTools

2021-02-05 13:23:51 - [TEST_STEP][PASSED] - Login IST with valid credentials: Login IST with valid credentials

2021-02-05 13:23:51 - [MESSAGE][PASSED] - Text 'mobile.test' is set on object 'Object Repository/Page_/input_Username_j_username'

2021-02-05 13:23:51 - [MESSAGE][PASSED] - Text ****** has been set on object 'Object Repository/Page_/input_Password_j_password'

2021-02-05 13:23:52 - [MESSAGE][PASSED] - Object: 'Object Repository/Page_/button_Login' is clicked on

2021-02-05 13:23:52 - [MESSAGE][PASSED] - Login IST with valid credentials

2021-02-05 13:23:52 - [TEST_STEP][PASSED] - Login Success: Login Success

2021-02-05 13:23:52 - [MESSAGE][INFO] - Login Success

2021-02-05 13:23:52 - [MESSAGE][PASSED] - Current window maximized

2021-02-05 13:23:53 - [MESSAGE][PASSED] - Object 'Object Repository/Page_/h1_Welcome to IT Supporting Tools' is present

2021-02-05 13:23:53 - [MESSAGE][PASSED] - Login Success

2021-02-05 13:23:53 - [TEST_STEP][PASSED] - Select Arrow Menu "Real Time Disbursement": Select Arrow Menu "Real Time Disbursement"

2021-02-05 13:23:53 - [MESSAGE][PASSED] - Object: '' is clicked on

2021-02-05 13:23:53 - [MESSAGE][PASSED] - Select Arrow Menu "Real Time Disbursement"

2021-02-05 13:23:53 - [TEST_STEP][PASSED] - Select Menu "Dashboard for CCC/OCS": Select Menu "Dashboard for CCC/OCS"

2021-02-05 13:23:53 - [MESSAGE][PASSED] - Taking screenshot successfully
[[ATTACHMENT|/Users/chaidir.pratama01/Documents/Docs/Katalon Studio/Screenshot/test-Dashboard for CCC/OCS.png]]

2021-02-05 13:23:53 - [MESSAGE][PASSED] - Object '' is present

2021-02-05 13:23:53 - [MESSAGE][PASSED] - Object: '' is clicked on

2021-02-05 13:23:53 - [MESSAGE][PASSED] - Wait for page load successfully

2021-02-05 13:23:53 - [MESSAGE][PASSED] - Select Menu "Dashboard for CCC/OCS"

2021-02-05 13:23:53 - [TEST_STEP][PASSED] - Select STATUS "Ready to disburse": Select STATUS "Ready to disburse"

2021-02-05 13:23:54 - [MESSAGE][PASSED] - All options with value 'Ready to disburse' are selected in object ''  using regular expression

2021-02-05 13:23:54 - [MESSAGE][PASSED] - Select STATUS "Ready to disburse"

2021-02-05 13:23:54 - [TEST_STEP][PASSED] - Click button "Search": Click button "Search"

2021-02-05 13:23:54 - [MESSAGE][INFO] - >>>>>//Button[contains(text(),'Search')]

2021-02-05 13:23:57 - [MESSAGE][PASSED] - Object '' is present

2021-02-05 13:23:57 - [MESSAGE][PASSED] - Object: '' is clicked on

2021-02-05 13:23:57 - [MESSAGE][PASSED] - Switched to window with index: '0'

2021-02-05 13:23:57 - [MESSAGE][PASSED] - Click button "Search"

2021-02-05 13:23:57 - [TEST_STEP][PASSED] - Verify Search Result Presents: Verify Search Result Presents

2021-02-05 13:23:57 - [MESSAGE][PASSED] - Object '' is present

2021-02-05 13:23:59 - [MESSAGE][PASSED] - Verify Search Result Presents

2021-02-05 13:23:59 - [TEST_STEP][PASSED] - Click button "Logout": Click button "Logout"

2021-02-05 13:23:59 - [MESSAGE][INFO] - >>>>>//Button[contains(text(),'Logout')]

2021-02-05 13:24:02 - [MESSAGE][PASSED] - Object '' is present

2021-02-05 13:24:02 - [MESSAGE][PASSED] - Object: '' is clicked on

2021-02-05 13:24:02 - [MESSAGE][PASSED] - Switched to window with index: '0'

2021-02-05 13:24:02 - [MESSAGE][PASSED] - Click button "Logout"

2021-02-05 13:24:02 - [TEST_STEP][PASSED] - Close browser: Close browser

2021-02-05 13:24:02 - [MESSAGE][PASSED] - Browser is closed

2021-02-05 13:24:02 - [MESSAGE][PASSED] - Close browser

2021-02-05 13:24:02 - [TEST_CASE][PASSED] - Start Test Case : SCENARIO Search by STATUS Failed due to invalid bank account: SCENARIO Search by STATUS Failed due to invalid bank account

2021-02-05 13:24:02 - [TEST_STEP][PASSED] - Go to ISTools: Go to ISTools

2021-02-05 13:24:02 - [MESSAGE][INFO] - Starting 'Chrome (headless)' driver

2021-02-05 13:24:02 - [MESSAGE][INFO] - User set preference: ['args', '[--start-maximized, --disable-gpu, --no-proxy-server, â€“-no-sandbox, --allow-running-insecure-content, --ignore-certificate-errors, window-size=1680,814, force-device-scale-factor=2, --lang=en-GB]']

2021-02-05 13:24:02 - [MESSAGE][INFO] - User set preference: ['prefs', '{download.default_directory=/Users/chaidir.pratama01/Katalon Studio/IST_Automation_Git/Download}']

2021-02-05 13:24:02 - [MESSAGE][INFO] - Action delay is set to 0 milliseconds

2021-02-05 13:24:03 - [MESSAGE][PASSED] - Browser is opened with url: ''

2021-02-05 13:24:05 - [MESSAGE][PASSED] - Navigate to 'https://dev-istools.homecredit.id/foundation/' successfully

2021-02-05 13:24:05 - [MESSAGE][PASSED] - Go to ISTools

2021-02-05 13:24:05 - [TEST_STEP][PASSED] - Login IST with valid credentials: Login IST with valid credentials

2021-02-05 13:24:05 - [MESSAGE][PASSED] - Text 'mobile.test' is set on object 'Object Repository/Page_/input_Username_j_username'

2021-02-05 13:24:05 - [MESSAGE][PASSED] - Text ****** has been set on object 'Object Repository/Page_/input_Password_j_password'

2021-02-05 13:24:05 - [MESSAGE][PASSED] - Object: 'Object Repository/Page_/button_Login' is clicked on

2021-02-05 13:24:05 - [MESSAGE][PASSED] - Login IST with valid credentials

2021-02-05 13:24:05 - [TEST_STEP][PASSED] - Login Success: Login Success

2021-02-05 13:24:05 - [MESSAGE][INFO] - Login Success

2021-02-05 13:24:06 - [MESSAGE][PASSED] - Current window maximized

2021-02-05 13:24:06 - [MESSAGE][PASSED] - Object 'Object Repository/Page_/h1_Welcome to IT Supporting Tools' is present

2021-02-05 13:24:06 - [MESSAGE][PASSED] - Login Success

2021-02-05 13:24:06 - [TEST_STEP][PASSED] - Select Arrow Menu "Real Time Disbursement": Select Arrow Menu "Real Time Disbursement"

2021-02-05 13:24:06 - [MESSAGE][PASSED] - Object: '' is clicked on

2021-02-05 13:24:06 - [MESSAGE][PASSED] - Select Arrow Menu "Real Time Disbursement"

2021-02-05 13:24:06 - [TEST_STEP][PASSED] - Select Menu "Dashboard for CCC/OCS": Select Menu "Dashboard for CCC/OCS"

2021-02-05 13:24:06 - [MESSAGE][PASSED] - Taking screenshot successfully
[[ATTACHMENT|/Users/chaidir.pratama01/Documents/Docs/Katalon Studio/Screenshot/test-Dashboard for CCC/OCS.png]]

2021-02-05 13:24:06 - [MESSAGE][PASSED] - Object '' is present

2021-02-05 13:24:06 - [MESSAGE][PASSED] - Object: '' is clicked on

2021-02-05 13:24:06 - [MESSAGE][PASSED] - Wait for page load successfully

2021-02-05 13:24:06 - [MESSAGE][PASSED] - Select Menu "Dashboard for CCC/OCS"

2021-02-05 13:24:06 - [TEST_STEP][PASSED] - Select STATUS "Failed due to invalid bank account": Select STATUS "Failed due to invalid bank account"

2021-02-05 13:24:07 - [MESSAGE][PASSED] - All options with value 'Failed due to invalid bank account' are selected in object ''  using regular expression

2021-02-05 13:24:07 - [MESSAGE][PASSED] - Select STATUS "Failed due to invalid bank account"

2021-02-05 13:24:07 - [TEST_STEP][PASSED] - Click button "Search": Click button "Search"

2021-02-05 13:24:07 - [MESSAGE][INFO] - >>>>>//Button[contains(text(),'Search')]

2021-02-05 13:24:10 - [MESSAGE][PASSED] - Object '' is present

2021-02-05 13:24:10 - [MESSAGE][PASSED] - Object: '' is clicked on

2021-02-05 13:24:10 - [MESSAGE][PASSED] - Switched to window with index: '0'

2021-02-05 13:24:10 - [MESSAGE][PASSED] - Click button "Search"

2021-02-05 13:24:10 - [TEST_STEP][PASSED] - Verify Search Result Presents: Verify Search Result Presents

2021-02-05 13:24:10 - [MESSAGE][PASSED] - Object '' is present

2021-02-05 13:24:12 - [MESSAGE][PASSED] - Verify Search Result Presents

2021-02-05 13:24:12 - [TEST_STEP][PASSED] - Click button "Logout": Click button "Logout"

2021-02-05 13:24:12 - [MESSAGE][INFO] - >>>>>//Button[contains(text(),'Logout')]

2021-02-05 13:24:15 - [MESSAGE][PASSED] - Object '' is present

2021-02-05 13:24:15 - [MESSAGE][PASSED] - Object: '' is clicked on

2021-02-05 13:24:15 - [MESSAGE][PASSED] - Switched to window with index: '0'

2021-02-05 13:24:15 - [MESSAGE][PASSED] - Click button "Logout"

2021-02-05 13:24:15 - [TEST_STEP][PASSED] - Close browser: Close browser

2021-02-05 13:24:16 - [MESSAGE][PASSED] - Browser is closed

2021-02-05 13:24:16 - [MESSAGE][PASSED] - Close browser

2021-02-05 13:24:16 - [TEST_CASE][PASSED] - Start Test Case : SCENARIO Search by STATUS Failed due to system error: SCENARIO Search by STATUS Failed due to system error

2021-02-05 13:24:16 - [TEST_STEP][PASSED] - Go to ISTools: Go to ISTools

2021-02-05 13:24:16 - [MESSAGE][INFO] - Starting 'Chrome (headless)' driver

2021-02-05 13:24:16 - [MESSAGE][INFO] - User set preference: ['args', '[--start-maximized, --disable-gpu, --no-proxy-server, â€“-no-sandbox, --allow-running-insecure-content, --ignore-certificate-errors, window-size=1680,814, force-device-scale-factor=2, --lang=en-GB]']

2021-02-05 13:24:16 - [MESSAGE][INFO] - User set preference: ['prefs', '{download.default_directory=/Users/chaidir.pratama01/Katalon Studio/IST_Automation_Git/Download}']

2021-02-05 13:24:16 - [MESSAGE][INFO] - Action delay is set to 0 milliseconds

2021-02-05 13:24:16 - [MESSAGE][PASSED] - Browser is opened with url: ''

2021-02-05 13:24:21 - [MESSAGE][PASSED] - Navigate to 'https://dev-istools.homecredit.id/foundation/' successfully

2021-02-05 13:24:21 - [MESSAGE][PASSED] - Go to ISTools

2021-02-05 13:24:21 - [TEST_STEP][PASSED] - Login IST with valid credentials: Login IST with valid credentials

2021-02-05 13:24:21 - [MESSAGE][PASSED] - Text 'mobile.test' is set on object 'Object Repository/Page_/input_Username_j_username'

2021-02-05 13:24:21 - [MESSAGE][PASSED] - Text ****** has been set on object 'Object Repository/Page_/input_Password_j_password'

2021-02-05 13:24:22 - [MESSAGE][PASSED] - Object: 'Object Repository/Page_/button_Login' is clicked on

2021-02-05 13:24:22 - [MESSAGE][PASSED] - Login IST with valid credentials

2021-02-05 13:24:22 - [TEST_STEP][PASSED] - Login Success: Login Success

2021-02-05 13:24:22 - [MESSAGE][INFO] - Login Success

2021-02-05 13:24:22 - [MESSAGE][PASSED] - Current window maximized

2021-02-05 13:24:22 - [MESSAGE][PASSED] - Object 'Object Repository/Page_/h1_Welcome to IT Supporting Tools' is present

2021-02-05 13:24:22 - [MESSAGE][PASSED] - Login Success

2021-02-05 13:24:22 - [TEST_STEP][PASSED] - Select Arrow Menu "Real Time Disbursement": Select Arrow Menu "Real Time Disbursement"

2021-02-05 13:24:22 - [MESSAGE][PASSED] - Object: '' is clicked on

2021-02-05 13:24:22 - [MESSAGE][PASSED] - Select Arrow Menu "Real Time Disbursement"

2021-02-05 13:24:22 - [TEST_STEP][PASSED] - Select Menu "Dashboard for CCC/OCS": Select Menu "Dashboard for CCC/OCS"

2021-02-05 13:24:23 - [MESSAGE][PASSED] - Taking screenshot successfully
[[ATTACHMENT|/Users/chaidir.pratama01/Documents/Docs/Katalon Studio/Screenshot/test-Dashboard for CCC/OCS.png]]

2021-02-05 13:24:23 - [MESSAGE][PASSED] - Object '' is present

2021-02-05 13:24:23 - [MESSAGE][PASSED] - Object: '' is clicked on

2021-02-05 13:24:23 - [MESSAGE][PASSED] - Wait for page load successfully

2021-02-05 13:24:23 - [MESSAGE][PASSED] - Select Menu "Dashboard for CCC/OCS"

2021-02-05 13:24:23 - [TEST_STEP][PASSED] - Select STATUS "Failed due to system error": Select STATUS "Failed due to system error"

2021-02-05 13:24:24 - [MESSAGE][PASSED] - All options with value 'Failed due to system error' are selected in object ''  using regular expression

2021-02-05 13:24:24 - [MESSAGE][PASSED] - Select STATUS "Failed due to system error"

2021-02-05 13:24:24 - [TEST_STEP][PASSED] - Click button "Search": Click button "Search"

2021-02-05 13:24:24 - [MESSAGE][INFO] - >>>>>//Button[contains(text(),'Search')]

2021-02-05 13:24:27 - [MESSAGE][PASSED] - Object '' is present

2021-02-05 13:24:27 - [MESSAGE][PASSED] - Object: '' is clicked on

2021-02-05 13:24:27 - [MESSAGE][PASSED] - Switched to window with index: '0'

2021-02-05 13:24:27 - [MESSAGE][PASSED] - Click button "Search"

2021-02-05 13:24:27 - [TEST_STEP][PASSED] - Verify Search Result Presents: Verify Search Result Presents

2021-02-05 13:24:27 - [MESSAGE][PASSED] - Object '' is present

2021-02-05 13:24:30 - [MESSAGE][PASSED] - Verify Search Result Presents

2021-02-05 13:24:30 - [TEST_STEP][PASSED] - Click button "Logout": Click button "Logout"

2021-02-05 13:24:30 - [MESSAGE][INFO] - >>>>>//Button[contains(text(),'Logout')]

2021-02-05 13:24:33 - [MESSAGE][PASSED] - Object '' is present

2021-02-05 13:24:33 - [MESSAGE][PASSED] - Object: '' is clicked on

2021-02-05 13:24:33 - [MESSAGE][PASSED] - Switched to window with index: '0'

2021-02-05 13:24:33 - [MESSAGE][PASSED] - Click button "Logout"

2021-02-05 13:24:33 - [TEST_STEP][PASSED] - Close browser: Close browser

2021-02-05 13:24:33 - [MESSAGE][PASSED] - Browser is closed

2021-02-05 13:24:33 - [MESSAGE][PASSED] - Close browser

2021-02-05 13:24:33 - [TEST_CASE][PASSED] - Start Test Case : SCENARIO Search by STATUS Failed due to insufficient fund: SCENARIO Search by STATUS Failed due to insufficient fund

2021-02-05 13:24:33 - [TEST_STEP][PASSED] - Go to ISTools: Go to ISTools

2021-02-05 13:24:33 - [MESSAGE][INFO] - Starting 'Chrome (headless)' driver

2021-02-05 13:24:33 - [MESSAGE][INFO] - User set preference: ['args', '[--start-maximized, --disable-gpu, --no-proxy-server, â€“-no-sandbox, --allow-running-insecure-content, --ignore-certificate-errors, window-size=1680,814, force-device-scale-factor=2, --lang=en-GB]']

2021-02-05 13:24:33 - [MESSAGE][INFO] - User set preference: ['prefs', '{download.default_directory=/Users/chaidir.pratama01/Katalon Studio/IST_Automation_Git/Download}']

2021-02-05 13:24:33 - [MESSAGE][INFO] - Action delay is set to 0 milliseconds

2021-02-05 13:24:34 - [MESSAGE][PASSED] - Browser is opened with url: ''

2021-02-05 13:24:36 - [MESSAGE][PASSED] - Navigate to 'https://dev-istools.homecredit.id/foundation/' successfully

2021-02-05 13:24:36 - [MESSAGE][PASSED] - Go to ISTools

2021-02-05 13:24:36 - [TEST_STEP][PASSED] - Login IST with valid credentials: Login IST with valid credentials

2021-02-05 13:24:36 - [MESSAGE][PASSED] - Text 'mobile.test' is set on object 'Object Repository/Page_/input_Username_j_username'

2021-02-05 13:24:36 - [MESSAGE][PASSED] - Text ****** has been set on object 'Object Repository/Page_/input_Password_j_password'

2021-02-05 13:24:37 - [MESSAGE][PASSED] - Object: 'Object Repository/Page_/button_Login' is clicked on

2021-02-05 13:24:37 - [MESSAGE][PASSED] - Login IST with valid credentials

2021-02-05 13:24:37 - [TEST_STEP][PASSED] - Login Success: Login Success

2021-02-05 13:24:37 - [MESSAGE][INFO] - Login Success

2021-02-05 13:24:37 - [MESSAGE][PASSED] - Current window maximized

2021-02-05 13:24:37 - [MESSAGE][PASSED] - Object 'Object Repository/Page_/h1_Welcome to IT Supporting Tools' is present

2021-02-05 13:24:37 - [MESSAGE][PASSED] - Login Success

2021-02-05 13:24:37 - [TEST_STEP][PASSED] - Select Arrow Menu "Real Time Disbursement": Select Arrow Menu "Real Time Disbursement"

2021-02-05 13:24:37 - [MESSAGE][PASSED] - Object: '' is clicked on

2021-02-05 13:24:37 - [MESSAGE][PASSED] - Select Arrow Menu "Real Time Disbursement"

2021-02-05 13:24:37 - [TEST_STEP][PASSED] - Select Menu "Dashboard for CCC/OCS": Select Menu "Dashboard for CCC/OCS"

2021-02-05 13:24:38 - [MESSAGE][PASSED] - Taking screenshot successfully
[[ATTACHMENT|/Users/chaidir.pratama01/Documents/Docs/Katalon Studio/Screenshot/test-Dashboard for CCC/OCS.png]]

2021-02-05 13:24:38 - [MESSAGE][PASSED] - Object '' is present

2021-02-05 13:24:38 - [MESSAGE][PASSED] - Object: '' is clicked on

2021-02-05 13:24:38 - [MESSAGE][PASSED] - Wait for page load successfully

2021-02-05 13:24:38 - [MESSAGE][PASSED] - Select Menu "Dashboard for CCC/OCS"

2021-02-05 13:24:38 - [TEST_STEP][PASSED] - Select STATUS "Failed due to insufficient fund": Select STATUS "Failed due to insufficient fund"

2021-02-05 13:24:38 - [MESSAGE][PASSED] - All options with value 'Failed due to insufficient fund' are selected in object ''  using regular expression

2021-02-05 13:24:38 - [MESSAGE][PASSED] - Select STATUS "Failed due to insufficient fund"

2021-02-05 13:24:38 - [TEST_STEP][PASSED] - Click button "Search": Click button "Search"

2021-02-05 13:24:38 - [MESSAGE][INFO] - >>>>>//Button[contains(text(),'Search')]

2021-02-05 13:24:41 - [MESSAGE][PASSED] - Object '' is present

2021-02-05 13:24:41 - [MESSAGE][PASSED] - Object: '' is clicked on

2021-02-05 13:24:41 - [MESSAGE][PASSED] - Switched to window with index: '0'

2021-02-05 13:24:41 - [MESSAGE][PASSED] - Click button "Search"

2021-02-05 13:24:41 - [TEST_STEP][PASSED] - Verify Search Result Presents: Verify Search Result Presents

2021-02-05 13:24:45 - [MESSAGE][INFO] - Unable to find the element located by 'By.xpath: //td[@style='display:none' and contains(text(),'-Empty-')]'. Please recheck the objects properties to make sure the desired element is located. 

2021-02-05 13:24:46 - [MESSAGE][WARNING] - com.kms.katalon.core.webui.exception.WebElementNotFoundException: Web element with id: '' located by '//td[@style='display:none' and contains(text(),'-Empty-')]' not found (Root cause: com.kms.katalon.core.exception.StepFailedException: com.kms.katalon.core.webui.exception.WebElementNotFoundException: Web element with id: '' located by '//td[@style='display:none' and contains(text(),'-Empty-')]' not found
	at com.kms.katalon.core.webui.keyword.internal.WebUIKeywordMain.stepFailed(WebUIKeywordMain.groovy:64)
	at com.kms.katalon.core.webui.keyword.builtin.VerifyElementPresentKeyword$_verifyElementPresent_closure1.doCall(VerifyElementPresentKeyword.groovy:85)
	at com.kms.katalon.core.webui.keyword.builtin.VerifyElementPresentKeyword$_verifyElementPresent_closure1.call(VerifyElementPresentKeyword.groovy)
	at com.kms.katalon.core.webui.keyword.internal.WebUIKeywordMain.runKeyword(WebUIKeywordMain.groovy:20)
	at com.kms.katalon.core.webui.keyword.builtin.VerifyElementPresentKeyword.verifyElementPresent(VerifyElementPresentKeyword.groovy:92)
	at com.kms.katalon.core.webui.keyword.builtin.VerifyElementPresentKeyword.execute(VerifyElementPresentKeyword.groovy:68)
	at com.kms.katalon.core.keyword.internal.KeywordExecutor.executeKeywordForPlatform(KeywordExecutor.groovy:73)
	at com.kms.katalon.core.webui.keyword.WebUiBuiltInKeywords.verifyElementPresent(WebUiBuiltInKeywords.groovy:1444)
	at com.kms.katalon.core.webui.keyword.WebUiBuiltInKeywords$verifyElementPresent$11.call(Unknown Source)
	at ist_real.Contract_Dispatcher.VerifyTblFilled(Contract_Dispatcher.groovy:1313)
	at ist_real.Contract_Dispatcher$VerifyTblFilled$0.call(Unknown Source)
	at RTD.Search_Result_Presents(RTD.groovy:189)
	at cucumber.runtime.Utils$1.call(Utils.java:26)
	at cucumber.runtime.Timeout.timeout(Timeout.java:16)
	at cucumber.runtime.Utils.invoke(Utils.java:20)
	at cucumber.runtime.java.JavaStepDefinition.execute(JavaStepDefinition.java:48)
	at cucumber.runtime.PickleStepDefinitionMatch.runStep(PickleStepDefinitionMatch.java:50)
	at cucumber.runner.TestStep.executeStep(TestStep.java:55)
	at cucumber.runner.TestStep.run(TestStep.java:42)
	at cucumber.runner.PickleStepTestStep.run(PickleStepTestStep.java:53)
	at cucumber.runner.TestCase.run(TestCase.java:47)
	at cucumber.runner.Runner.runPickle(Runner.java:44)
	at cucumber.runtime.Runtime.runFeature(Runtime.java:120)
	at cucumber.runtime.Runtime.run(Runtime.java:106)
	at cucumber.api.cli.Main.run(Main.java:35)
	at cucumber.api.cli.Main$run.call(Unknown Source)
	at com.kms.katalon.core.cucumber.keyword.CucumberBuiltinKeywords$_runFeatureFile_closure1.doCall(CucumberBuiltinKeywords.groovy:76)
	at com.kms.katalon.core.cucumber.keyword.CucumberBuiltinKeywords$_runFeatureFile_closure1.doCall(CucumberBuiltinKeywords.groovy)
	at com.kms.katalon.core.keyword.internal.KeywordMain.runKeyword(KeywordMain.groovy:68)
	at com.kms.katalon.core.keyword.internal.KeywordMain$runKeyword.call(Unknown Source)
	at com.kms.katalon.core.cucumber.keyword.CucumberBuiltinKeywords.runFeatureFile(CucumberBuiltinKeywords.groovy:46)
	at com.kms.katalon.core.cucumber.keyword.CucumberBuiltinKeywords$runFeatureFile$0.callStatic(Unknown Source)
	at com.kms.katalon.core.cucumber.keyword.CucumberBuiltinKeywords.runFeatureFile(CucumberBuiltinKeywords.groovy:169)
	at com.kms.katalon.core.cucumber.keyword.CucumberBuiltinKeywords$runFeatureFile.call(Unknown Source)
	at TC_Search_by_Status.run(TC_Search_by_Status:18)
	at com.kms.katalon.core.main.ScriptEngine.run(ScriptEngine.java:194)
	at com.kms.katalon.core.main.ScriptEngine.runScriptAsRawText(ScriptEngine.java:119)
	at com.kms.katalon.core.main.TestCaseExecutor.runScript(TestCaseExecutor.java:339)
	at com.kms.katalon.core.main.TestCaseExecutor.doExecute(TestCaseExecutor.java:330)
	at com.kms.katalon.core.main.TestCaseExecutor.processExecutionPhase(TestCaseExecutor.java:309)
	at com.kms.katalon.core.main.TestCaseExecutor.accessMainPhase(TestCaseExecutor.java:301)
	at com.kms.katalon.core.main.TestCaseExecutor.execute(TestCaseExecutor.java:235)
	at com.kms.katalon.core.main.TestSuiteExecutor.accessTestCaseMainPhase(TestSuiteExecutor.java:191)
	at com.kms.katalon.core.main.TestSuiteExecutor.accessTestSuiteMainPhase(TestSuiteExecutor.java:141)
	at com.kms.katalon.core.main.TestSuiteExecutor.execute(TestSuiteExecutor.java:90)
	at com.kms.katalon.core.main.TestCaseMain.startTestSuite(TestCaseMain.java:157)
	at com.kms.katalon.core.main.TestCaseMain$startTestSuite$0.call(Unknown Source)
	at TempTestSuite1612505437790.run(TempTestSuite1612505437790.groovy:39)
)
[[ATTACHMENT|/Users/chaidir.pratama01/Katalon Studio/IST_Automation_Git/Reports/20210205_131034/RTD/TS_Dashboard_for_CCC_OCS/20210205_131037/1612506285959.png]]

2021-02-05 13:24:46 - [MESSAGE][PASSED] - Verify Search Result Presents

2021-02-05 13:24:46 - [TEST_STEP][PASSED] - Click button "Logout": Click button "Logout"

2021-02-05 13:24:46 - [MESSAGE][INFO] - >>>>>//Button[contains(text(),'Logout')]

2021-02-05 13:24:49 - [MESSAGE][PASSED] - Object '' is present

2021-02-05 13:24:49 - [MESSAGE][PASSED] - Object: '' is clicked on

2021-02-05 13:24:49 - [MESSAGE][PASSED] - Switched to window with index: '0'

2021-02-05 13:24:49 - [MESSAGE][PASSED] - Click button "Logout"

2021-02-05 13:24:49 - [TEST_STEP][PASSED] - Close browser: Close browser

2021-02-05 13:24:49 - [MESSAGE][PASSED] - Browser is closed

2021-02-05 13:24:49 - [MESSAGE][PASSED] - Close browser

2021-02-05 13:24:49 - [TEST_CASE][PASSED] - Start Test Case : SCENARIO Search by STATUS Failed due to not supported bank: SCENARIO Search by STATUS Failed due to not supported bank

2021-02-05 13:24:49 - [TEST_STEP][PASSED] - Go to ISTools: Go to ISTools

2021-02-05 13:24:49 - [MESSAGE][INFO] - Starting 'Chrome (headless)' driver

2021-02-05 13:24:49 - [MESSAGE][INFO] - User set preference: ['args', '[--start-maximized, --disable-gpu, --no-proxy-server, â€“-no-sandbox, --allow-running-insecure-content, --ignore-certificate-errors, window-size=1680,814, force-device-scale-factor=2, --lang=en-GB]']

2021-02-05 13:24:49 - [MESSAGE][INFO] - User set preference: ['prefs', '{download.default_directory=/Users/chaidir.pratama01/Katalon Studio/IST_Automation_Git/Download}']

2021-02-05 13:24:49 - [MESSAGE][INFO] - Action delay is set to 0 milliseconds

2021-02-05 13:24:50 - [MESSAGE][PASSED] - Browser is opened with url: ''

2021-02-05 13:24:52 - [MESSAGE][PASSED] - Navigate to 'https://dev-istools.homecredit.id/foundation/' successfully

2021-02-05 13:24:52 - [MESSAGE][PASSED] - Go to ISTools

2021-02-05 13:24:52 - [TEST_STEP][PASSED] - Login IST with valid credentials: Login IST with valid credentials

2021-02-05 13:24:52 - [MESSAGE][PASSED] - Text 'mobile.test' is set on object 'Object Repository/Page_/input_Username_j_username'

2021-02-05 13:24:53 - [MESSAGE][PASSED] - Text ****** has been set on object 'Object Repository/Page_/input_Password_j_password'

2021-02-05 13:24:53 - [MESSAGE][PASSED] - Object: 'Object Repository/Page_/button_Login' is clicked on

2021-02-05 13:24:53 - [MESSAGE][PASSED] - Login IST with valid credentials

2021-02-05 13:24:53 - [TEST_STEP][PASSED] - Login Success: Login Success

2021-02-05 13:24:53 - [MESSAGE][INFO] - Login Success

2021-02-05 13:24:54 - [MESSAGE][PASSED] - Current window maximized

2021-02-05 13:24:54 - [MESSAGE][PASSED] - Object 'Object Repository/Page_/h1_Welcome to IT Supporting Tools' is present

2021-02-05 13:24:54 - [MESSAGE][PASSED] - Login Success

2021-02-05 13:24:54 - [TEST_STEP][PASSED] - Select Arrow Menu "Real Time Disbursement": Select Arrow Menu "Real Time Disbursement"

2021-02-05 13:24:54 - [MESSAGE][PASSED] - Object: '' is clicked on

2021-02-05 13:24:54 - [MESSAGE][PASSED] - Select Arrow Menu "Real Time Disbursement"

2021-02-05 13:24:54 - [TEST_STEP][PASSED] - Select Menu "Dashboard for CCC/OCS": Select Menu "Dashboard for CCC/OCS"

2021-02-05 13:24:54 - [MESSAGE][PASSED] - Taking screenshot successfully
[[ATTACHMENT|/Users/chaidir.pratama01/Documents/Docs/Katalon Studio/Screenshot/test-Dashboard for CCC/OCS.png]]

2021-02-05 13:24:54 - [MESSAGE][PASSED] - Object '' is present

2021-02-05 13:24:54 - [MESSAGE][PASSED] - Object: '' is clicked on

2021-02-05 13:24:54 - [MESSAGE][PASSED] - Wait for page load successfully

2021-02-05 13:24:54 - [MESSAGE][PASSED] - Select Menu "Dashboard for CCC/OCS"

2021-02-05 13:24:54 - [TEST_STEP][PASSED] - Select STATUS "Failed due to not supported bank": Select STATUS "Failed due to not supported bank"

2021-02-05 13:24:55 - [MESSAGE][PASSED] - All options with value 'Failed due to not supported bank' are selected in object ''  using regular expression

2021-02-05 13:24:55 - [MESSAGE][PASSED] - Select STATUS "Failed due to not supported bank"

2021-02-05 13:24:55 - [TEST_STEP][PASSED] - Click button "Search": Click button "Search"

2021-02-05 13:24:55 - [MESSAGE][INFO] - >>>>>//Button[contains(text(),'Search')]

2021-02-05 13:24:58 - [MESSAGE][PASSED] - Object '' is present

2021-02-05 13:24:58 - [MESSAGE][PASSED] - Object: '' is clicked on

2021-02-05 13:24:58 - [MESSAGE][PASSED] - Switched to window with index: '0'

2021-02-05 13:24:58 - [MESSAGE][PASSED] - Click button "Search"

2021-02-05 13:24:58 - [TEST_STEP][PASSED] - Verify Search Result Presents: Verify Search Result Presents

2021-02-05 13:25:02 - [MESSAGE][INFO] - Unable to find the element located by 'By.xpath: //td[@style='display:none' and contains(text(),'-Empty-')]'. Please recheck the objects properties to make sure the desired element is located. 

2021-02-05 13:25:03 - [MESSAGE][WARNING] - com.kms.katalon.core.webui.exception.WebElementNotFoundException: Web element with id: '' located by '//td[@style='display:none' and contains(text(),'-Empty-')]' not found (Root cause: com.kms.katalon.core.exception.StepFailedException: com.kms.katalon.core.webui.exception.WebElementNotFoundException: Web element with id: '' located by '//td[@style='display:none' and contains(text(),'-Empty-')]' not found
	at com.kms.katalon.core.webui.keyword.internal.WebUIKeywordMain.stepFailed(WebUIKeywordMain.groovy:64)
	at com.kms.katalon.core.webui.keyword.builtin.VerifyElementPresentKeyword$_verifyElementPresent_closure1.doCall(VerifyElementPresentKeyword.groovy:85)
	at com.kms.katalon.core.webui.keyword.builtin.VerifyElementPresentKeyword$_verifyElementPresent_closure1.call(VerifyElementPresentKeyword.groovy)
	at com.kms.katalon.core.webui.keyword.internal.WebUIKeywordMain.runKeyword(WebUIKeywordMain.groovy:20)
	at com.kms.katalon.core.webui.keyword.builtin.VerifyElementPresentKeyword.verifyElementPresent(VerifyElementPresentKeyword.groovy:92)
	at com.kms.katalon.core.webui.keyword.builtin.VerifyElementPresentKeyword.execute(VerifyElementPresentKeyword.groovy:68)
	at com.kms.katalon.core.keyword.internal.KeywordExecutor.executeKeywordForPlatform(KeywordExecutor.groovy:73)
	at com.kms.katalon.core.webui.keyword.WebUiBuiltInKeywords.verifyElementPresent(WebUiBuiltInKeywords.groovy:1444)
	at com.kms.katalon.core.webui.keyword.WebUiBuiltInKeywords$verifyElementPresent$11.call(Unknown Source)
	at ist_real.Contract_Dispatcher.VerifyTblFilled(Contract_Dispatcher.groovy:1313)
	at ist_real.Contract_Dispatcher$VerifyTblFilled$0.call(Unknown Source)
	at RTD.Search_Result_Presents(RTD.groovy:189)
	at cucumber.runtime.Utils$1.call(Utils.java:26)
	at cucumber.runtime.Timeout.timeout(Timeout.java:16)
	at cucumber.runtime.Utils.invoke(Utils.java:20)
	at cucumber.runtime.java.JavaStepDefinition.execute(JavaStepDefinition.java:48)
	at cucumber.runtime.PickleStepDefinitionMatch.runStep(PickleStepDefinitionMatch.java:50)
	at cucumber.runner.TestStep.executeStep(TestStep.java:55)
	at cucumber.runner.TestStep.run(TestStep.java:42)
	at cucumber.runner.PickleStepTestStep.run(PickleStepTestStep.java:53)
	at cucumber.runner.TestCase.run(TestCase.java:47)
	at cucumber.runner.Runner.runPickle(Runner.java:44)
	at cucumber.runtime.Runtime.runFeature(Runtime.java:120)
	at cucumber.runtime.Runtime.run(Runtime.java:106)
	at cucumber.api.cli.Main.run(Main.java:35)
	at cucumber.api.cli.Main$run.call(Unknown Source)
	at com.kms.katalon.core.cucumber.keyword.CucumberBuiltinKeywords$_runFeatureFile_closure1.doCall(CucumberBuiltinKeywords.groovy:76)
	at com.kms.katalon.core.cucumber.keyword.CucumberBuiltinKeywords$_runFeatureFile_closure1.doCall(CucumberBuiltinKeywords.groovy)
	at com.kms.katalon.core.keyword.internal.KeywordMain.runKeyword(KeywordMain.groovy:68)
	at com.kms.katalon.core.keyword.internal.KeywordMain$runKeyword.call(Unknown Source)
	at com.kms.katalon.core.cucumber.keyword.CucumberBuiltinKeywords.runFeatureFile(CucumberBuiltinKeywords.groovy:46)
	at com.kms.katalon.core.cucumber.keyword.CucumberBuiltinKeywords$runFeatureFile$0.callStatic(Unknown Source)
	at com.kms.katalon.core.cucumber.keyword.CucumberBuiltinKeywords.runFeatureFile(CucumberBuiltinKeywords.groovy:169)
	at com.kms.katalon.core.cucumber.keyword.CucumberBuiltinKeywords$runFeatureFile.call(Unknown Source)
	at TC_Search_by_Status.run(TC_Search_by_Status:18)
	at com.kms.katalon.core.main.ScriptEngine.run(ScriptEngine.java:194)
	at com.kms.katalon.core.main.ScriptEngine.runScriptAsRawText(ScriptEngine.java:119)
	at com.kms.katalon.core.main.TestCaseExecutor.runScript(TestCaseExecutor.java:339)
	at com.kms.katalon.core.main.TestCaseExecutor.doExecute(TestCaseExecutor.java:330)
	at com.kms.katalon.core.main.TestCaseExecutor.processExecutionPhase(TestCaseExecutor.java:309)
	at com.kms.katalon.core.main.TestCaseExecutor.accessMainPhase(TestCaseExecutor.java:301)
	at com.kms.katalon.core.main.TestCaseExecutor.execute(TestCaseExecutor.java:235)
	at com.kms.katalon.core.main.TestSuiteExecutor.accessTestCaseMainPhase(TestSuiteExecutor.java:191)
	at com.kms.katalon.core.main.TestSuiteExecutor.accessTestSuiteMainPhase(TestSuiteExecutor.java:141)
	at com.kms.katalon.core.main.TestSuiteExecutor.execute(TestSuiteExecutor.java:90)
	at com.kms.katalon.core.main.TestCaseMain.startTestSuite(TestCaseMain.java:157)
	at com.kms.katalon.core.main.TestCaseMain$startTestSuite$0.call(Unknown Source)
	at TempTestSuite1612505437790.run(TempTestSuite1612505437790.groovy:39)
)
[[ATTACHMENT|/Users/chaidir.pratama01/Katalon Studio/IST_Automation_Git/Reports/20210205_131034/RTD/TS_Dashboard_for_CCC_OCS/20210205_131037/1612506302666.png]]

2021-02-05 13:25:03 - [MESSAGE][PASSED] - Verify Search Result Presents

2021-02-05 13:25:03 - [TEST_STEP][PASSED] - Click button "Logout": Click button "Logout"

2021-02-05 13:25:03 - [MESSAGE][INFO] - >>>>>//Button[contains(text(),'Logout')]

2021-02-05 13:25:06 - [MESSAGE][PASSED] - Object '' is present

2021-02-05 13:25:06 - [MESSAGE][PASSED] - Object: '' is clicked on

2021-02-05 13:25:06 - [MESSAGE][PASSED] - Switched to window with index: '0'

2021-02-05 13:25:06 - [MESSAGE][PASSED] - Click button "Logout"

2021-02-05 13:25:06 - [TEST_STEP][PASSED] - Close browser: Close browser

2021-02-05 13:25:06 - [MESSAGE][PASSED] - Browser is closed

2021-02-05 13:25:06 - [MESSAGE][PASSED] - Close browser

2021-02-05 13:25:06 - [TEST_CASE][PASSED] - Start Test Case : SCENARIO Search by STATUS Manual Disbursement: SCENARIO Search by STATUS Manual Disbursement

2021-02-05 13:25:06 - [TEST_STEP][PASSED] - Go to ISTools: Go to ISTools

2021-02-05 13:25:06 - [MESSAGE][INFO] - Starting 'Chrome (headless)' driver

2021-02-05 13:25:06 - [MESSAGE][INFO] - User set preference: ['args', '[--start-maximized, --disable-gpu, --no-proxy-server, â€“-no-sandbox, --allow-running-insecure-content, --ignore-certificate-errors, window-size=1680,814, force-device-scale-factor=2, --lang=en-GB]']

2021-02-05 13:25:06 - [MESSAGE][INFO] - User set preference: ['prefs', '{download.default_directory=/Users/chaidir.pratama01/Katalon Studio/IST_Automation_Git/Download}']

2021-02-05 13:25:06 - [MESSAGE][INFO] - Action delay is set to 0 milliseconds

2021-02-05 13:25:06 - [MESSAGE][PASSED] - Browser is opened with url: ''

2021-02-05 13:25:11 - [MESSAGE][PASSED] - Navigate to 'https://dev-istools.homecredit.id/foundation/' successfully

2021-02-05 13:25:11 - [MESSAGE][PASSED] - Go to ISTools

2021-02-05 13:25:11 - [TEST_STEP][PASSED] - Login IST with valid credentials: Login IST with valid credentials

2021-02-05 13:25:11 - [MESSAGE][PASSED] - Text 'mobile.test' is set on object 'Object Repository/Page_/input_Username_j_username'

2021-02-05 13:25:11 - [MESSAGE][PASSED] - Text ****** has been set on object 'Object Repository/Page_/input_Password_j_password'

2021-02-05 13:25:12 - [MESSAGE][PASSED] - Object: 'Object Repository/Page_/button_Login' is clicked on

2021-02-05 13:25:12 - [MESSAGE][PASSED] - Login IST with valid credentials

2021-02-05 13:25:12 - [TEST_STEP][PASSED] - Login Success: Login Success

2021-02-05 13:25:12 - [MESSAGE][INFO] - Login Success

2021-02-05 13:25:12 - [MESSAGE][PASSED] - Current window maximized

2021-02-05 13:25:12 - [MESSAGE][PASSED] - Object 'Object Repository/Page_/h1_Welcome to IT Supporting Tools' is present

2021-02-05 13:25:12 - [MESSAGE][PASSED] - Login Success

2021-02-05 13:25:12 - [TEST_STEP][PASSED] - Select Arrow Menu "Real Time Disbursement": Select Arrow Menu "Real Time Disbursement"

2021-02-05 13:25:12 - [MESSAGE][PASSED] - Object: '' is clicked on

2021-02-05 13:25:12 - [MESSAGE][PASSED] - Select Arrow Menu "Real Time Disbursement"

2021-02-05 13:25:12 - [TEST_STEP][PASSED] - Select Menu "Dashboard for CCC/OCS": Select Menu "Dashboard for CCC/OCS"

2021-02-05 13:25:13 - [MESSAGE][PASSED] - Taking screenshot successfully
[[ATTACHMENT|/Users/chaidir.pratama01/Documents/Docs/Katalon Studio/Screenshot/test-Dashboard for CCC/OCS.png]]

2021-02-05 13:25:13 - [MESSAGE][PASSED] - Object '' is present

2021-02-05 13:25:13 - [MESSAGE][PASSED] - Object: '' is clicked on

2021-02-05 13:25:13 - [MESSAGE][PASSED] - Wait for page load successfully

2021-02-05 13:25:13 - [MESSAGE][PASSED] - Select Menu "Dashboard for CCC/OCS"

2021-02-05 13:25:13 - [TEST_STEP][PASSED] - Select STATUS "Manual Disbursement": Select STATUS "Manual Disbursement"

2021-02-05 13:25:14 - [MESSAGE][PASSED] - All options with value 'Manual Disbursement' are selected in object ''  using regular expression

2021-02-05 13:25:14 - [MESSAGE][PASSED] - Select STATUS "Manual Disbursement"

2021-02-05 13:25:14 - [TEST_STEP][PASSED] - Click button "Search": Click button "Search"

2021-02-05 13:25:14 - [MESSAGE][INFO] - >>>>>//Button[contains(text(),'Search')]

2021-02-05 13:25:17 - [MESSAGE][PASSED] - Object '' is present

2021-02-05 13:25:17 - [MESSAGE][PASSED] - Object: '' is clicked on

2021-02-05 13:25:17 - [MESSAGE][PASSED] - Switched to window with index: '0'

2021-02-05 13:25:17 - [MESSAGE][PASSED] - Click button "Search"

2021-02-05 13:25:17 - [TEST_STEP][PASSED] - Verify Search Result Presents: Verify Search Result Presents

2021-02-05 13:25:17 - [MESSAGE][PASSED] - Object '' is present

2021-02-05 13:25:23 - [MESSAGE][PASSED] - Verify Search Result Presents

2021-02-05 13:25:23 - [TEST_STEP][PASSED] - Click button "Logout": Click button "Logout"

2021-02-05 13:25:23 - [MESSAGE][INFO] - >>>>>//Button[contains(text(),'Logout')]

2021-02-05 13:25:26 - [MESSAGE][PASSED] - Object '' is present

2021-02-05 13:25:27 - [MESSAGE][PASSED] - Object: '' is clicked on

2021-02-05 13:25:27 - [MESSAGE][PASSED] - Switched to window with index: '0'

2021-02-05 13:25:27 - [MESSAGE][PASSED] - Click button "Logout"

2021-02-05 13:25:27 - [TEST_STEP][PASSED] - Close browser: Close browser

2021-02-05 13:25:27 - [MESSAGE][PASSED] - Browser is closed

2021-02-05 13:25:27 - [MESSAGE][PASSED] - Close browser

2021-02-05 13:25:27 - [TEST_CASE][PASSED] - Start Test Case : SCENARIO Search by STATUS DONE: SCENARIO Search by STATUS DONE

2021-02-05 13:25:27 - [TEST_STEP][PASSED] - Go to ISTools: Go to ISTools

2021-02-05 13:25:27 - [MESSAGE][INFO] - Starting 'Chrome (headless)' driver

2021-02-05 13:25:27 - [MESSAGE][INFO] - User set preference: ['args', '[--start-maximized, --disable-gpu, --no-proxy-server, â€“-no-sandbox, --allow-running-insecure-content, --ignore-certificate-errors, window-size=1680,814, force-device-scale-factor=2, --lang=en-GB]']

2021-02-05 13:25:27 - [MESSAGE][INFO] - User set preference: ['prefs', '{download.default_directory=/Users/chaidir.pratama01/Katalon Studio/IST_Automation_Git/Download}']

2021-02-05 13:25:27 - [MESSAGE][INFO] - Action delay is set to 0 milliseconds

2021-02-05 13:25:27 - [MESSAGE][PASSED] - Browser is opened with url: ''

2021-02-05 13:25:30 - [MESSAGE][PASSED] - Navigate to 'https://dev-istools.homecredit.id/foundation/' successfully

2021-02-05 13:25:30 - [MESSAGE][PASSED] - Go to ISTools

2021-02-05 13:25:30 - [TEST_STEP][PASSED] - Login IST with valid credentials: Login IST with valid credentials

2021-02-05 13:25:30 - [MESSAGE][PASSED] - Text 'mobile.test' is set on object 'Object Repository/Page_/input_Username_j_username'

2021-02-05 13:25:30 - [MESSAGE][PASSED] - Text ****** has been set on object 'Object Repository/Page_/input_Password_j_password'

2021-02-05 13:25:30 - [MESSAGE][PASSED] - Object: 'Object Repository/Page_/button_Login' is clicked on

2021-02-05 13:25:30 - [MESSAGE][PASSED] - Login IST with valid credentials

2021-02-05 13:25:30 - [TEST_STEP][PASSED] - Login Success: Login Success

2021-02-05 13:25:30 - [MESSAGE][INFO] - Login Success

2021-02-05 13:25:31 - [MESSAGE][PASSED] - Current window maximized

2021-02-05 13:25:31 - [MESSAGE][PASSED] - Object 'Object Repository/Page_/h1_Welcome to IT Supporting Tools' is present

2021-02-05 13:25:31 - [MESSAGE][PASSED] - Login Success

2021-02-05 13:25:31 - [TEST_STEP][PASSED] - Select Arrow Menu "Real Time Disbursement": Select Arrow Menu "Real Time Disbursement"

2021-02-05 13:25:31 - [MESSAGE][PASSED] - Object: '' is clicked on

2021-02-05 13:25:31 - [MESSAGE][PASSED] - Select Arrow Menu "Real Time Disbursement"

2021-02-05 13:25:31 - [TEST_STEP][PASSED] - Select Menu "Dashboard for CCC/OCS": Select Menu "Dashboard for CCC/OCS"

2021-02-05 13:25:31 - [MESSAGE][PASSED] - Taking screenshot successfully
[[ATTACHMENT|/Users/chaidir.pratama01/Documents/Docs/Katalon Studio/Screenshot/test-Dashboard for CCC/OCS.png]]

2021-02-05 13:25:31 - [MESSAGE][PASSED] - Object '' is present

2021-02-05 13:25:31 - [MESSAGE][PASSED] - Object: '' is clicked on

2021-02-05 13:25:31 - [MESSAGE][PASSED] - Wait for page load successfully

2021-02-05 13:25:31 - [MESSAGE][PASSED] - Select Menu "Dashboard for CCC/OCS"

2021-02-05 13:25:31 - [TEST_STEP][PASSED] - Select STATUS "DONE": Select STATUS "DONE"

2021-02-05 13:25:32 - [MESSAGE][PASSED] - All options with value 'DONE' are selected in object ''  using regular expression

2021-02-05 13:25:32 - [MESSAGE][PASSED] - Select STATUS "DONE"

2021-02-05 13:25:32 - [TEST_STEP][PASSED] - Click button "Search": Click button "Search"

2021-02-05 13:25:32 - [MESSAGE][INFO] - >>>>>//Button[contains(text(),'Search')]

2021-02-05 13:25:35 - [MESSAGE][PASSED] - Object '' is present

2021-02-05 13:25:35 - [MESSAGE][PASSED] - Object: '' is clicked on

2021-02-05 13:25:35 - [MESSAGE][PASSED] - Switched to window with index: '0'

2021-02-05 13:25:35 - [MESSAGE][PASSED] - Click button "Search"

2021-02-05 13:25:35 - [TEST_STEP][PASSED] - Verify Search Result Presents: Verify Search Result Presents

2021-02-05 13:25:35 - [MESSAGE][PASSED] - Object '' is present

2021-02-05 13:25:41 - [MESSAGE][PASSED] - Verify Search Result Presents

2021-02-05 13:25:41 - [TEST_STEP][PASSED] - Click button "Logout": Click button "Logout"

2021-02-05 13:25:41 - [MESSAGE][INFO] - >>>>>//Button[contains(text(),'Logout')]

2021-02-05 13:25:44 - [MESSAGE][PASSED] - Object '' is present

2021-02-05 13:25:45 - [MESSAGE][PASSED] - Object: '' is clicked on

2021-02-05 13:25:45 - [MESSAGE][PASSED] - Switched to window with index: '0'

2021-02-05 13:25:45 - [MESSAGE][PASSED] - Click button "Logout"

2021-02-05 13:25:45 - [TEST_STEP][PASSED] - Close browser: Close browser

2021-02-05 13:25:45 - [MESSAGE][PASSED] - Browser is closed

2021-02-05 13:25:45 - [MESSAGE][PASSED] - Close browser

2021-02-05 13:25:45 - [TEST_CASE][PASSED] - Start Test Case : SCENARIO Search by STATUS Waiting Partner Confirmation: SCENARIO Search by STATUS Waiting Partner Confirmation

2021-02-05 13:25:45 - [TEST_STEP][PASSED] - Go to ISTools: Go to ISTools

2021-02-05 13:25:45 - [MESSAGE][INFO] - Starting 'Chrome (headless)' driver

2021-02-05 13:25:45 - [MESSAGE][INFO] - User set preference: ['args', '[--start-maximized, --disable-gpu, --no-proxy-server, â€“-no-sandbox, --allow-running-insecure-content, --ignore-certificate-errors, window-size=1680,814, force-device-scale-factor=2, --lang=en-GB]']

2021-02-05 13:25:45 - [MESSAGE][INFO] - User set preference: ['prefs', '{download.default_directory=/Users/chaidir.pratama01/Katalon Studio/IST_Automation_Git/Download}']

2021-02-05 13:25:45 - [MESSAGE][INFO] - Action delay is set to 0 milliseconds

2021-02-05 13:25:45 - [MESSAGE][PASSED] - Browser is opened with url: ''

2021-02-05 13:25:47 - [MESSAGE][PASSED] - Navigate to 'https://dev-istools.homecredit.id/foundation/' successfully

2021-02-05 13:25:47 - [MESSAGE][PASSED] - Go to ISTools

2021-02-05 13:25:47 - [TEST_STEP][PASSED] - Login IST with valid credentials: Login IST with valid credentials

2021-02-05 13:25:47 - [MESSAGE][PASSED] - Text 'mobile.test' is set on object 'Object Repository/Page_/input_Username_j_username'

2021-02-05 13:25:47 - [MESSAGE][PASSED] - Text ****** has been set on object 'Object Repository/Page_/input_Password_j_password'

2021-02-05 13:25:48 - [MESSAGE][PASSED] - Object: 'Object Repository/Page_/button_Login' is clicked on

2021-02-05 13:25:48 - [MESSAGE][PASSED] - Login IST with valid credentials

2021-02-05 13:25:48 - [TEST_STEP][PASSED] - Login Success: Login Success

2021-02-05 13:25:48 - [MESSAGE][INFO] - Login Success

2021-02-05 13:25:48 - [MESSAGE][PASSED] - Current window maximized

2021-02-05 13:25:48 - [MESSAGE][PASSED] - Object 'Object Repository/Page_/h1_Welcome to IT Supporting Tools' is present

2021-02-05 13:25:48 - [MESSAGE][PASSED] - Login Success

2021-02-05 13:25:48 - [TEST_STEP][PASSED] - Select Arrow Menu "Real Time Disbursement": Select Arrow Menu "Real Time Disbursement"

2021-02-05 13:25:48 - [MESSAGE][PASSED] - Object: '' is clicked on

2021-02-05 13:25:48 - [MESSAGE][PASSED] - Select Arrow Menu "Real Time Disbursement"

2021-02-05 13:25:48 - [TEST_STEP][PASSED] - Select Menu "Dashboard for CCC/OCS": Select Menu "Dashboard for CCC/OCS"

2021-02-05 13:25:49 - [MESSAGE][PASSED] - Taking screenshot successfully
[[ATTACHMENT|/Users/chaidir.pratama01/Documents/Docs/Katalon Studio/Screenshot/test-Dashboard for CCC/OCS.png]]

2021-02-05 13:25:49 - [MESSAGE][PASSED] - Object '' is present

2021-02-05 13:25:49 - [MESSAGE][PASSED] - Object: '' is clicked on

2021-02-05 13:25:49 - [MESSAGE][PASSED] - Wait for page load successfully

2021-02-05 13:25:49 - [MESSAGE][PASSED] - Select Menu "Dashboard for CCC/OCS"

2021-02-05 13:25:49 - [TEST_STEP][PASSED] - Select STATUS "Waiting Partner Confirmation": Select STATUS "Waiting Partner Confirmation"

2021-02-05 13:25:50 - [MESSAGE][PASSED] - All options with value 'Waiting Partner Confirmation' are selected in object ''  using regular expression

2021-02-05 13:25:50 - [MESSAGE][PASSED] - Select STATUS "Waiting Partner Confirmation"

2021-02-05 13:25:50 - [TEST_STEP][PASSED] - Click button "Search": Click button "Search"

2021-02-05 13:25:50 - [MESSAGE][INFO] - >>>>>//Button[contains(text(),'Search')]

2021-02-05 13:25:53 - [MESSAGE][PASSED] - Object '' is present

2021-02-05 13:25:53 - [MESSAGE][PASSED] - Object: '' is clicked on

2021-02-05 13:25:53 - [MESSAGE][PASSED] - Switched to window with index: '0'

2021-02-05 13:25:53 - [MESSAGE][PASSED] - Click button "Search"

2021-02-05 13:25:53 - [TEST_STEP][PASSED] - Verify Search Result Presents: Verify Search Result Presents

2021-02-05 13:25:53 - [MESSAGE][PASSED] - Object '' is present

2021-02-05 13:25:57 - [MESSAGE][PASSED] - Verify Search Result Presents

2021-02-05 13:25:57 - [TEST_STEP][PASSED] - Click button "Logout": Click button "Logout"

2021-02-05 13:25:57 - [MESSAGE][INFO] - >>>>>//Button[contains(text(),'Logout')]

2021-02-05 13:26:00 - [MESSAGE][PASSED] - Object '' is present

2021-02-05 13:26:00 - [MESSAGE][PASSED] - Object: '' is clicked on

2021-02-05 13:26:00 - [MESSAGE][PASSED] - Switched to window with index: '0'

2021-02-05 13:26:00 - [MESSAGE][PASSED] - Click button "Logout"

2021-02-05 13:26:00 - [TEST_STEP][PASSED] - Close browser: Close browser

2021-02-05 13:26:00 - [MESSAGE][PASSED] - Browser is closed

2021-02-05 13:26:00 - [MESSAGE][PASSED] - Close browser

2021-02-05 13:26:00 - [TEST_CASE][PASSED] - Start Test Case : SCENARIO Search by STATUS Success to Disburse: SCENARIO Search by STATUS Success to Disburse

2021-02-05 13:26:00 - [TEST_STEP][PASSED] - Go to ISTools: Go to ISTools

2021-02-05 13:26:00 - [MESSAGE][INFO] - Starting 'Chrome (headless)' driver

2021-02-05 13:26:00 - [MESSAGE][INFO] - User set preference: ['args', '[--start-maximized, --disable-gpu, --no-proxy-server, â€“-no-sandbox, --allow-running-insecure-content, --ignore-certificate-errors, window-size=1680,814, force-device-scale-factor=2, --lang=en-GB]']

2021-02-05 13:26:00 - [MESSAGE][INFO] - User set preference: ['prefs', '{download.default_directory=/Users/chaidir.pratama01/Katalon Studio/IST_Automation_Git/Download}']

2021-02-05 13:26:00 - [MESSAGE][INFO] - Action delay is set to 0 milliseconds

2021-02-05 13:26:01 - [MESSAGE][PASSED] - Browser is opened with url: ''

2021-02-05 13:26:02 - [MESSAGE][PASSED] - Navigate to 'https://dev-istools.homecredit.id/foundation/' successfully

2021-02-05 13:26:02 - [MESSAGE][PASSED] - Go to ISTools

2021-02-05 13:26:02 - [TEST_STEP][PASSED] - Login IST with valid credentials: Login IST with valid credentials

2021-02-05 13:26:02 - [MESSAGE][PASSED] - Text 'mobile.test' is set on object 'Object Repository/Page_/input_Username_j_username'

2021-02-05 13:26:03 - [MESSAGE][PASSED] - Text ****** has been set on object 'Object Repository/Page_/input_Password_j_password'

2021-02-05 13:26:03 - [MESSAGE][PASSED] - Object: 'Object Repository/Page_/button_Login' is clicked on

2021-02-05 13:26:03 - [MESSAGE][PASSED] - Login IST with valid credentials

2021-02-05 13:26:03 - [TEST_STEP][PASSED] - Login Success: Login Success

2021-02-05 13:26:03 - [MESSAGE][INFO] - Login Success

2021-02-05 13:26:03 - [MESSAGE][PASSED] - Current window maximized

2021-02-05 13:26:03 - [MESSAGE][PASSED] - Object 'Object Repository/Page_/h1_Welcome to IT Supporting Tools' is present

2021-02-05 13:26:03 - [MESSAGE][PASSED] - Login Success

2021-02-05 13:26:03 - [TEST_STEP][PASSED] - Select Arrow Menu "Real Time Disbursement": Select Arrow Menu "Real Time Disbursement"

2021-02-05 13:26:03 - [MESSAGE][PASSED] - Object: '' is clicked on

2021-02-05 13:26:03 - [MESSAGE][PASSED] - Select Arrow Menu "Real Time Disbursement"

2021-02-05 13:26:03 - [TEST_STEP][PASSED] - Select Menu "Dashboard for CCC/OCS": Select Menu "Dashboard for CCC/OCS"

2021-02-05 13:26:04 - [MESSAGE][PASSED] - Taking screenshot successfully
[[ATTACHMENT|/Users/chaidir.pratama01/Documents/Docs/Katalon Studio/Screenshot/test-Dashboard for CCC/OCS.png]]

2021-02-05 13:26:04 - [MESSAGE][PASSED] - Object '' is present

2021-02-05 13:26:04 - [MESSAGE][PASSED] - Object: '' is clicked on

2021-02-05 13:26:04 - [MESSAGE][PASSED] - Wait for page load successfully

2021-02-05 13:26:04 - [MESSAGE][PASSED] - Select Menu "Dashboard for CCC/OCS"

2021-02-05 13:26:04 - [TEST_STEP][PASSED] - Select STATUS "Success to Disburse": Select STATUS "Success to Disburse"

2021-02-05 13:26:04 - [MESSAGE][PASSED] - All options with value 'Success to Disburse' are selected in object ''  using regular expression

2021-02-05 13:26:04 - [MESSAGE][PASSED] - Select STATUS "Success to Disburse"

2021-02-05 13:26:04 - [TEST_STEP][PASSED] - Click button "Search": Click button "Search"

2021-02-05 13:26:04 - [MESSAGE][INFO] - >>>>>//Button[contains(text(),'Search')]

2021-02-05 13:26:07 - [MESSAGE][PASSED] - Object '' is present

2021-02-05 13:26:07 - [MESSAGE][PASSED] - Object: '' is clicked on

2021-02-05 13:26:07 - [MESSAGE][PASSED] - Switched to window with index: '0'

2021-02-05 13:26:07 - [MESSAGE][PASSED] - Click button "Search"

2021-02-05 13:26:07 - [TEST_STEP][PASSED] - Verify Search Result Presents: Verify Search Result Presents

2021-02-05 13:26:07 - [MESSAGE][PASSED] - Object '' is present

2021-02-05 13:26:08 - [MESSAGE][PASSED] - Verify Search Result Presents

2021-02-05 13:26:08 - [TEST_STEP][PASSED] - Click button "Logout": Click button "Logout"

2021-02-05 13:26:08 - [MESSAGE][INFO] - >>>>>//Button[contains(text(),'Logout')]

2021-02-05 13:26:11 - [MESSAGE][PASSED] - Object '' is present

2021-02-05 13:26:11 - [MESSAGE][PASSED] - Object: '' is clicked on

2021-02-05 13:26:11 - [MESSAGE][PASSED] - Switched to window with index: '0'

2021-02-05 13:26:11 - [MESSAGE][PASSED] - Click button "Logout"

2021-02-05 13:26:11 - [TEST_STEP][PASSED] - Close browser: Close browser

2021-02-05 13:26:11 - [MESSAGE][PASSED] - Browser is closed

2021-02-05 13:26:11 - [MESSAGE][PASSED] - Close browser

2021-02-05 13:26:11 - [MESSAGE][PASSED] - Feature file: 'Include/features/IST_Real/RTD/Dashboard_for_CCC_OCS/Search_by_STATUS_CCC_OCS.feature' was passed]]></system-out>
         <system-err><![CDATA[]]></system-err>
      </testcase>
      <testcase name="Test Cases/RTD/Dashboard for CCC OCS/TC_Search_by_Contract_Number_CCC_OCS" time="9.276" classname="Test Cases/RTD/Dashboard for CCC OCS/TC_Search_by_Contract_Number_CCC_OCS" status="PASSED">
         <system-out><![CDATA[2021-02-05 13:26:11 - [TEST_CASE][PASSED] - Test Cases/RTD/Dashboard for CCC OCS/TC_Search_by_Contract_Number_CCC_OCS: Test Cases/RTD/Dashboard for CCC OCS/TC_Search_by_Contract_Number_CCC_OCS

2021-02-05 13:26:11 - [TEST_STEP][PASSED] - runFeatureFile("Include/features/IST_Real/RTD/Dashboard_for_CCC_OCS/Search_by_Contract_Number_CCC_OCS.feature"): Feature file: 'Include/features/IST_Real/RTD/Dashboard_for_CCC_OCS/Search_by_Contract_Number_CCC_OCS.feature' was passed

2021-02-05 13:26:11 - [MESSAGE][INFO] - Starting run keyword runFeatureFile: 'Include/features/IST_Real/RTD/Dashboard_for_CCC_OCS/Search_by_Contract_Number_CCC_OCS.feature' and extract report to folder: '/Users/chaidir.pratama01/Katalon Studio/IST_Automation_Git/Reports/20210205_131034/RTD/TS_Dashboard_for_CCC_OCS/20210205_131037/cucumber_report/1612506371890'...

2021-02-05 13:26:12 - [TEST_CASE][PASSED] - Start Test Case : SCENARIO Search by Contract Number and it found on Dashboard: SCENARIO Search by Contract Number and it found on Dashboard

2021-02-05 13:26:12 - [TEST_STEP][PASSED] - Go to ISTools: Go to ISTools

2021-02-05 13:26:12 - [MESSAGE][INFO] - Starting 'Chrome (headless)' driver

2021-02-05 13:26:12 - [MESSAGE][INFO] - User set preference: ['args', '[--start-maximized, --disable-gpu, --no-proxy-server, â€“-no-sandbox, --allow-running-insecure-content, --ignore-certificate-errors, window-size=1680,814, force-device-scale-factor=2, --lang=en-GB]']

2021-02-05 13:26:12 - [MESSAGE][INFO] - User set preference: ['prefs', '{download.default_directory=/Users/chaidir.pratama01/Katalon Studio/IST_Automation_Git/Download}']

2021-02-05 13:26:12 - [MESSAGE][INFO] - Action delay is set to 0 milliseconds

2021-02-05 13:26:12 - [MESSAGE][PASSED] - Browser is opened with url: ''

2021-02-05 13:26:15 - [MESSAGE][PASSED] - Navigate to 'https://dev-istools.homecredit.id/foundation/' successfully

2021-02-05 13:26:15 - [MESSAGE][PASSED] - Go to ISTools

2021-02-05 13:26:15 - [TEST_STEP][PASSED] - Login IST with valid credentials: Login IST with valid credentials

2021-02-05 13:26:15 - [MESSAGE][PASSED] - Text 'mobile.test' is set on object 'Object Repository/Page_/input_Username_j_username'

2021-02-05 13:26:15 - [MESSAGE][PASSED] - Text ****** has been set on object 'Object Repository/Page_/input_Password_j_password'

2021-02-05 13:26:16 - [MESSAGE][PASSED] - Object: 'Object Repository/Page_/button_Login' is clicked on

2021-02-05 13:26:16 - [MESSAGE][PASSED] - Login IST with valid credentials

2021-02-05 13:26:16 - [TEST_STEP][PASSED] - Login Success: Login Success

2021-02-05 13:26:16 - [MESSAGE][INFO] - Login Success

2021-02-05 13:26:16 - [MESSAGE][PASSED] - Current window maximized

2021-02-05 13:26:16 - [MESSAGE][PASSED] - Object 'Object Repository/Page_/h1_Welcome to IT Supporting Tools' is present

2021-02-05 13:26:16 - [MESSAGE][PASSED] - Login Success

2021-02-05 13:26:16 - [TEST_STEP][PASSED] - Select Arrow Menu "Real Time Disbursement": Select Arrow Menu "Real Time Disbursement"

2021-02-05 13:26:16 - [MESSAGE][PASSED] - Object: '' is clicked on

2021-02-05 13:26:16 - [MESSAGE][PASSED] - Select Arrow Menu "Real Time Disbursement"

2021-02-05 13:26:16 - [TEST_STEP][PASSED] - Select Menu "Dashboard for CCC/OCS": Select Menu "Dashboard for CCC/OCS"

2021-02-05 13:26:16 - [MESSAGE][PASSED] - Taking screenshot successfully
[[ATTACHMENT|/Users/chaidir.pratama01/Documents/Docs/Katalon Studio/Screenshot/test-Dashboard for CCC/OCS.png]]

2021-02-05 13:26:16 - [MESSAGE][PASSED] - Object '' is present

2021-02-05 13:26:17 - [MESSAGE][PASSED] - Object: '' is clicked on

2021-02-05 13:26:17 - [MESSAGE][PASSED] - Wait for page load successfully

2021-02-05 13:26:17 - [MESSAGE][PASSED] - Select Menu "Dashboard for CCC/OCS"

2021-02-05 13:26:17 - [TEST_STEP][PASSED] - Input Contract RTD in Contract Number label: Input Contract RTD in Contract Number label

2021-02-05 13:26:17 - [MESSAGE][PASSED] - Text '4000014162' is set on object ''

2021-02-05 13:26:17 - [MESSAGE][PASSED] - Input Contract RTD in Contract Number label

2021-02-05 13:26:17 - [TEST_STEP][PASSED] - Click button "Search": Click button "Search"

2021-02-05 13:26:17 - [MESSAGE][INFO] - >>>>>//Button[contains(text(),'Search')]

2021-02-05 13:26:20 - [MESSAGE][PASSED] - Object '' is present

2021-02-05 13:26:20 - [MESSAGE][PASSED] - Object: '' is clicked on

2021-02-05 13:26:20 - [MESSAGE][PASSED] - Switched to window with index: '0'

2021-02-05 13:26:20 - [MESSAGE][PASSED] - Click button "Search"

2021-02-05 13:26:20 - [TEST_STEP][PASSED] - Verify Search Result Presents: Verify Search Result Presents

2021-02-05 13:26:20 - [MESSAGE][PASSED] - Object '' is present

2021-02-05 13:26:21 - [MESSAGE][PASSED] - Verify Search Result Presents

2021-02-05 13:26:21 - [MESSAGE][PASSED] - Feature file: 'Include/features/IST_Real/RTD/Dashboard_for_CCC_OCS/Search_by_Contract_Number_CCC_OCS.feature' was passed]]></system-out>
         <system-err><![CDATA[]]></system-err>
      </testcase>
      <testcase name="Test Cases/RTD/Dashboard for CCC OCS/TC_View_Detail_CCC_OCS" time="42.606" classname="Test Cases/RTD/Dashboard for CCC OCS/TC_View_Detail_CCC_OCS" status="PASSED">
         <system-out><![CDATA[2021-02-05 13:26:21 - [TEST_CASE][PASSED] - Test Cases/RTD/Dashboard for CCC OCS/TC_View_Detail_CCC_OCS: Test Cases/RTD/Dashboard for CCC OCS/TC_View_Detail_CCC_OCS

2021-02-05 13:26:21 - [TEST_STEP][PASSED] - runFeatureFile("Include/features/IST_Real/RTD/Dashboard_for_CCC_OCS/View_Detail_CCC_OCS.feature"): Feature file: 'Include/features/IST_Real/RTD/Dashboard_for_CCC_OCS/View_Detail_CCC_OCS.feature' was passed

2021-02-05 13:26:21 - [MESSAGE][INFO] - Starting run keyword runFeatureFile: 'Include/features/IST_Real/RTD/Dashboard_for_CCC_OCS/View_Detail_CCC_OCS.feature' and extract report to folder: '/Users/chaidir.pratama01/Katalon Studio/IST_Automation_Git/Reports/20210205_131034/RTD/TS_Dashboard_for_CCC_OCS/20210205_131037/cucumber_report/1612506381162'...

2021-02-05 13:26:21 - [TEST_CASE][PASSED] - Start Test Case : SCENARIO Search by STATUS Success to Disburse and then View Detail of it: SCENARIO Search by STATUS Success to Disburse and then View Detail of it

2021-02-05 13:26:21 - [TEST_STEP][PASSED] - Go to ISTools: Go to ISTools

2021-02-05 13:26:21 - [MESSAGE][WARNING] - A browser is already opened. Closing browser and opening a new one

2021-02-05 13:26:21 - [MESSAGE][INFO] - Starting 'Chrome (headless)' driver

2021-02-05 13:26:21 - [MESSAGE][INFO] - User set preference: ['args', '[--start-maximized, --disable-gpu, --no-proxy-server, â€“-no-sandbox, --allow-running-insecure-content, --ignore-certificate-errors, window-size=1680,814, force-device-scale-factor=2, --lang=en-GB]']

2021-02-05 13:26:21 - [MESSAGE][INFO] - User set preference: ['prefs', '{download.default_directory=/Users/chaidir.pratama01/Katalon Studio/IST_Automation_Git/Download}']

2021-02-05 13:26:21 - [MESSAGE][INFO] - Action delay is set to 0 milliseconds

2021-02-05 13:26:21 - [MESSAGE][PASSED] - Browser is opened with url: ''

2021-02-05 13:26:23 - [MESSAGE][PASSED] - Navigate to 'https://dev-istools.homecredit.id/foundation/' successfully

2021-02-05 13:26:23 - [MESSAGE][PASSED] - Go to ISTools

2021-02-05 13:26:23 - [TEST_STEP][PASSED] - Login IST with valid credentials: Login IST with valid credentials

2021-02-05 13:26:23 - [MESSAGE][PASSED] - Text 'mobile.test' is set on object 'Object Repository/Page_/input_Username_j_username'

2021-02-05 13:26:23 - [MESSAGE][PASSED] - Text ****** has been set on object 'Object Repository/Page_/input_Password_j_password'

2021-02-05 13:26:24 - [MESSAGE][PASSED] - Object: 'Object Repository/Page_/button_Login' is clicked on

2021-02-05 13:26:24 - [MESSAGE][PASSED] - Login IST with valid credentials

2021-02-05 13:26:24 - [TEST_STEP][PASSED] - Login Success: Login Success

2021-02-05 13:26:24 - [MESSAGE][INFO] - Login Success

2021-02-05 13:26:24 - [MESSAGE][PASSED] - Current window maximized

2021-02-05 13:26:24 - [MESSAGE][PASSED] - Object 'Object Repository/Page_/h1_Welcome to IT Supporting Tools' is present

2021-02-05 13:26:24 - [MESSAGE][PASSED] - Login Success

2021-02-05 13:26:24 - [TEST_STEP][PASSED] - Select Arrow Menu "Real Time Disbursement": Select Arrow Menu "Real Time Disbursement"

2021-02-05 13:26:24 - [MESSAGE][PASSED] - Object: '' is clicked on

2021-02-05 13:26:24 - [MESSAGE][PASSED] - Select Arrow Menu "Real Time Disbursement"

2021-02-05 13:26:24 - [TEST_STEP][PASSED] - Select Menu "Dashboard for CCC/OCS": Select Menu "Dashboard for CCC/OCS"

2021-02-05 13:26:25 - [MESSAGE][PASSED] - Taking screenshot successfully
[[ATTACHMENT|/Users/chaidir.pratama01/Documents/Docs/Katalon Studio/Screenshot/test-Dashboard for CCC/OCS.png]]

2021-02-05 13:26:25 - [MESSAGE][PASSED] - Object '' is present

2021-02-05 13:26:25 - [MESSAGE][PASSED] - Object: '' is clicked on

2021-02-05 13:26:25 - [MESSAGE][PASSED] - Wait for page load successfully

2021-02-05 13:26:25 - [MESSAGE][PASSED] - Select Menu "Dashboard for CCC/OCS"

2021-02-05 13:26:25 - [TEST_STEP][PASSED] - Select STATUS "Success to Disburse": Select STATUS "Success to Disburse"

2021-02-05 13:26:25 - [MESSAGE][PASSED] - All options with value 'Success to Disburse' are selected in object ''  using regular expression

2021-02-05 13:26:25 - [MESSAGE][PASSED] - Select STATUS "Success to Disburse"

2021-02-05 13:26:25 - [TEST_STEP][PASSED] - Click button "Search": Click button "Search"

2021-02-05 13:26:25 - [MESSAGE][INFO] - >>>>>//Button[contains(text(),'Search')]

2021-02-05 13:26:28 - [MESSAGE][PASSED] - Object '' is present

2021-02-05 13:26:29 - [MESSAGE][PASSED] - Object: '' is clicked on

2021-02-05 13:26:29 - [MESSAGE][PASSED] - Switched to window with index: '0'

2021-02-05 13:26:29 - [MESSAGE][PASSED] - Click button "Search"

2021-02-05 13:26:29 - [TEST_STEP][PASSED] - Verify Search Result Presents: Verify Search Result Presents

2021-02-05 13:26:29 - [MESSAGE][PASSED] - Object '' is present

2021-02-05 13:26:29 - [MESSAGE][PASSED] - Verify Search Result Presents

2021-02-05 13:26:29 - [TEST_STEP][PASSED] - Click View Detail: Click View Detail

2021-02-05 13:26:29 - [MESSAGE][PASSED] - Object '' is present

2021-02-05 13:26:29 - [MESSAGE][PASSED] - Object: '' is clicked on

2021-02-05 13:26:29 - [MESSAGE][PASSED] - Click View Detail

2021-02-05 13:26:29 - [TEST_STEP][PASSED] - Verify Information in View Detail: Verify Information in View Detail

2021-02-05 13:26:32 - [MESSAGE][PASSED] - Delayed 3 second(s)

2021-02-05 13:26:32 - [MESSAGE][PASSED] - Attribute 'value' of object '' is: '3900014152'

2021-02-05 13:26:35 - [MESSAGE][PASSED] - Delayed 3 second(s)

2021-02-05 13:26:35 - [MESSAGE][PASSED] - Attribute 'value' of object '' is: 'IDITXLeks TESTERbIvIvO'

2021-02-05 13:26:38 - [MESSAGE][PASSED] - Delayed 3 second(s)

2021-02-05 13:26:38 - [MESSAGE][PASSED] - Attribute 'value' of object '' is: 'Success to Disburse'

2021-02-05 13:26:41 - [MESSAGE][PASSED] - Delayed 3 second(s)

2021-02-05 13:26:41 - [MESSAGE][PASSED] - Attribute 'value' of object '' is: 'Rp 7,000,000'

2021-02-05 13:26:44 - [MESSAGE][PASSED] - Delayed 3 second(s)

2021-02-05 13:26:44 - [MESSAGE][PASSED] - Attribute 'value' of object '' is: 'KESEJAHTERAAN EKONOMI'

2021-02-05 13:26:47 - [MESSAGE][PASSED] - Delayed 3 second(s)

2021-02-05 13:26:47 - [MESSAGE][PASSED] - Attribute 'value' of object '' is: '1'

2021-02-05 13:26:50 - [MESSAGE][PASSED] - Delayed 3 second(s)

2021-02-05 13:26:50 - [MESSAGE][PASSED] - Attribute 'value' of object '' is: 'NAMA ADA DISINI'

2021-02-05 13:26:53 - [MESSAGE][PASSED] - Delayed 3 second(s)

2021-02-05 13:26:53 - [MESSAGE][PASSED] - Attribute 'value' of object '' is: 'KESEJAHTERAAN EKONOMI'

2021-02-05 13:26:56 - [MESSAGE][PASSED] - Delayed 3 second(s)

2021-02-05 13:26:56 - [MESSAGE][PASSED] - Attribute 'value' of object '' is: ''

2021-02-05 13:26:59 - [MESSAGE][PASSED] - Delayed 3 second(s)

2021-02-05 13:26:59 - [MESSAGE][PASSED] - Attribute 'value' of object '' is: ''

2021-02-05 13:27:00 - [MESSAGE][PASSED] - Text of object '' is: 'Date'

2021-02-05 13:27:00 - [MESSAGE][PASSED] - Text of object '' is: 'Status'

2021-02-05 13:27:00 - [MESSAGE][PASSED] - Text of object '' is: 'Updated Information'

2021-02-05 13:27:00 - [MESSAGE][PASSED] - Text of object '' is: 'Last Update By'

2021-02-05 13:27:00 - [MESSAGE][PASSED] - Text of object '' is: 'Department'

2021-02-05 13:27:00 - [MESSAGE][PASSED] - Verify Information in View Detail

2021-02-05 13:27:00 - [TEST_STEP][PASSED] - Click button "Logout": Click button "Logout"

2021-02-05 13:27:00 - [MESSAGE][INFO] - >>>>>//Button[contains(text(),'Logout')]

2021-02-05 13:27:03 - [MESSAGE][PASSED] - Object '' is present

2021-02-05 13:27:03 - [MESSAGE][PASSED] - Object: '' is clicked on

2021-02-05 13:27:03 - [MESSAGE][PASSED] - Switched to window with index: '0'

2021-02-05 13:27:03 - [MESSAGE][PASSED] - Click button "Logout"

2021-02-05 13:27:03 - [TEST_STEP][PASSED] - Close browser: Close browser

2021-02-05 13:27:03 - [MESSAGE][PASSED] - Browser is closed

2021-02-05 13:27:03 - [MESSAGE][PASSED] - Close browser

2021-02-05 13:27:03 - [MESSAGE][PASSED] - Feature file: 'Include/features/IST_Real/RTD/Dashboard_for_CCC_OCS/View_Detail_CCC_OCS.feature' was passed]]></system-out>
         <system-err><![CDATA[]]></system-err>
      </testcase>
      <testcase name="Test Cases/RTD/Dashboard for CCC OCS/TC_Export_Data_CCC_OCS" time="12.96" classname="Test Cases/RTD/Dashboard for CCC OCS/TC_Export_Data_CCC_OCS" status="PASSED">
         <system-out><![CDATA[2021-02-05 13:27:03 - [TEST_CASE][PASSED] - Test Cases/RTD/Dashboard for CCC OCS/TC_Export_Data_CCC_OCS: Test Cases/RTD/Dashboard for CCC OCS/TC_Export_Data_CCC_OCS

2021-02-05 13:27:03 - [TEST_STEP][PASSED] - runFeatureFile("Include/features/IST_Real/RTD/Dashboard_for_CCC_OCS/Export_Data_CCC_OCS.feature"): Feature file: 'Include/features/IST_Real/RTD/Dashboard_for_CCC_OCS/Export_Data_CCC_OCS.feature' was passed

2021-02-05 13:27:03 - [MESSAGE][INFO] - Starting run keyword runFeatureFile: 'Include/features/IST_Real/RTD/Dashboard_for_CCC_OCS/Export_Data_CCC_OCS.feature' and extract report to folder: '/Users/chaidir.pratama01/Katalon Studio/IST_Automation_Git/Reports/20210205_131034/RTD/TS_Dashboard_for_CCC_OCS/20210205_131037/cucumber_report/1612506423769'...

2021-02-05 13:27:03 - [TEST_CASE][PASSED] - Start Test Case : SCENARIO Export Data: SCENARIO Export Data

2021-02-05 13:27:03 - [TEST_STEP][PASSED] - Go to ISTools: Go to ISTools

2021-02-05 13:27:03 - [MESSAGE][INFO] - Starting 'Chrome (headless)' driver

2021-02-05 13:27:03 - [MESSAGE][INFO] - User set preference: ['args', '[--start-maximized, --disable-gpu, --no-proxy-server, â€“-no-sandbox, --allow-running-insecure-content, --ignore-certificate-errors, window-size=1680,814, force-device-scale-factor=2, --lang=en-GB]']

2021-02-05 13:27:03 - [MESSAGE][INFO] - User set preference: ['prefs', '{download.default_directory=/Users/chaidir.pratama01/Katalon Studio/IST_Automation_Git/Download}']

2021-02-05 13:27:03 - [MESSAGE][INFO] - Action delay is set to 0 milliseconds

2021-02-05 13:27:04 - [MESSAGE][PASSED] - Browser is opened with url: ''

2021-02-05 13:27:07 - [MESSAGE][PASSED] - Navigate to 'https://dev-istools.homecredit.id/foundation/' successfully

2021-02-05 13:27:07 - [MESSAGE][PASSED] - Go to ISTools

2021-02-05 13:27:07 - [TEST_STEP][PASSED] - Login IST with valid credentials: Login IST with valid credentials

2021-02-05 13:27:07 - [MESSAGE][PASSED] - Text 'mobile.test' is set on object 'Object Repository/Page_/input_Username_j_username'

2021-02-05 13:27:07 - [MESSAGE][PASSED] - Text ****** has been set on object 'Object Repository/Page_/input_Password_j_password'

2021-02-05 13:27:08 - [MESSAGE][PASSED] - Object: 'Object Repository/Page_/button_Login' is clicked on

2021-02-05 13:27:08 - [MESSAGE][PASSED] - Login IST with valid credentials

2021-02-05 13:27:08 - [TEST_STEP][PASSED] - Login Success: Login Success

2021-02-05 13:27:08 - [MESSAGE][INFO] - Login Success

2021-02-05 13:27:08 - [MESSAGE][PASSED] - Current window maximized

2021-02-05 13:27:08 - [MESSAGE][PASSED] - Object 'Object Repository/Page_/h1_Welcome to IT Supporting Tools' is present

2021-02-05 13:27:08 - [MESSAGE][PASSED] - Login Success

2021-02-05 13:27:08 - [TEST_STEP][PASSED] - Select Arrow Menu "Real Time Disbursement": Select Arrow Menu "Real Time Disbursement"

2021-02-05 13:27:08 - [MESSAGE][PASSED] - Object: '' is clicked on

2021-02-05 13:27:08 - [MESSAGE][PASSED] - Select Arrow Menu "Real Time Disbursement"

2021-02-05 13:27:08 - [TEST_STEP][PASSED] - Select Menu "Dashboard for CCC/OCS": Select Menu "Dashboard for CCC/OCS"

2021-02-05 13:27:09 - [MESSAGE][PASSED] - Taking screenshot successfully
[[ATTACHMENT|/Users/chaidir.pratama01/Documents/Docs/Katalon Studio/Screenshot/test-Dashboard for CCC/OCS.png]]

2021-02-05 13:27:09 - [MESSAGE][PASSED] - Object '' is present

2021-02-05 13:27:09 - [MESSAGE][PASSED] - Object: '' is clicked on

2021-02-05 13:27:09 - [MESSAGE][PASSED] - Wait for page load successfully

2021-02-05 13:27:09 - [MESSAGE][PASSED] - Select Menu "Dashboard for CCC/OCS"

2021-02-05 13:27:09 - [TEST_STEP][PASSED] - Input Contract RTD in Contract Number label: Input Contract RTD in Contract Number label

2021-02-05 13:27:09 - [MESSAGE][PASSED] - Text '4000014162' is set on object ''

2021-02-05 13:27:09 - [MESSAGE][PASSED] - Input Contract RTD in Contract Number label

2021-02-05 13:27:09 - [TEST_STEP][PASSED] - Click button "Search": Click button "Search"

2021-02-05 13:27:09 - [MESSAGE][INFO] - >>>>>//Button[contains(text(),'Search')]

2021-02-05 13:27:12 - [MESSAGE][PASSED] - Object '' is present

2021-02-05 13:27:12 - [MESSAGE][PASSED] - Object: '' is clicked on

2021-02-05 13:27:12 - [MESSAGE][PASSED] - Switched to window with index: '0'

2021-02-05 13:27:12 - [MESSAGE][PASSED] - Click button "Search"

2021-02-05 13:27:12 - [TEST_STEP][PASSED] - Verify Table Filled: Verify Table Filled

2021-02-05 13:27:13 - [MESSAGE][PASSED] - Object '' is present

2021-02-05 13:27:13 - [MESSAGE][PASSED] - Verify Table Filled

2021-02-05 13:27:13 - [TEST_STEP][PASSED] - Click button "Export Data": Click button "Export Data"

2021-02-05 13:27:13 - [MESSAGE][INFO] - >>>>>//Button[contains(text(),'Export Data')]

2021-02-05 13:27:16 - [MESSAGE][PASSED] - Object: '' is clicked on

2021-02-05 13:27:16 - [MESSAGE][PASSED] - Taking screenshot successfully
[[ATTACHMENT|/Users/chaidir.pratama01/Documents/Docs/Katalon Studio/Screenshot/Download_data.png]]

2021-02-05 13:27:16 - [MESSAGE][PASSED] - Click button "Export Data"

2021-02-05 13:27:16 - [MESSAGE][PASSED] - Feature file: 'Include/features/IST_Real/RTD/Dashboard_for_CCC_OCS/Export_Data_CCC_OCS.feature' was passed]]></system-out>
         <system-err><![CDATA[]]></system-err>
      </testcase>
      <system-out><![CDATA[2021-02-05 13:22:41 - [TEST_SUITE][PASSED] - TS_Dashboard_for_CCC_OCS: Test Cases/RTD/Dashboard for CCC OCS/TC_Export_Data_CCC_OCS]]></system-out>
      <system-err><![CDATA[]]></system-err>
   </testsuite>
   <testsuite name="TS_Dashboard_for_BO_In_Payment" tests="5" failures="0" errors="0" time="289.409" timestamp="2021-02-05 13:28:10" hostname="chaidir.pratama01 - localhost" id="Test Suites/RTD/TS_Dashboard_for_BO_In_Payment">
      <properties>
         <property name="deviceName" value=""/>
         <property name="devicePlatform" value=""/>
         <property name="logFolder" value="/Users/chaidir.pratama01/Katalon Studio/IST_Automation_Git/Reports/20210205_131034/RTD/TS_Dashboard_for_BO_In_Payment/20210205_131038"/>
         <property name="logFiles" value="/Users/chaidir.pratama01/Katalon Studio/IST_Automation_Git/Reports/20210205_131034/RTD/TS_Dashboard_for_BO_In_Payment/20210205_131038/execution0.log"/>
         <property name="attachments" value="/Users/chaidir.pratama01/Documents/Docs/Katalon Studio/Screenshot/test-Dashboard for BO In Payment.png, /Users/chaidir.pratama01/Documents/Docs/Katalon Studio/Screenshot/test-Dashboard for BO In Payment.png, /Users/chaidir.pratama01/Documents/Docs/Katalon Studio/Screenshot/test-Dashboard for BO In Payment.png, /Users/chaidir.pratama01/Documents/Docs/Katalon Studio/Screenshot/test-Dashboard for BO In Payment.png, /Users/chaidir.pratama01/Documents/Docs/Katalon Studio/Screenshot/test-Dashboard for BO In Payment.png, /Users/chaidir.pratama01/Documents/Docs/Katalon Studio/Screenshot/test-Dashboard for BO In Payment.png, /Users/chaidir.pratama01/Documents/Docs/Katalon Studio/Screenshot/test-Dashboard for BO In Payment.png, /Users/chaidir.pratama01/Katalon Studio/IST_Automation_Git/Reports/20210205_131034/RTD/TS_Dashboard_for_BO_In_Payment/20210205_131038/1612506595524.png, /Users/chaidir.pratama01/Documents/Docs/Katalon Studio/Screenshot/test-Dashboard for BO In Payment.png, /Users/chaidir.pratama01/Katalon Studio/IST_Automation_Git/Reports/20210205_131034/RTD/TS_Dashboard_for_BO_In_Payment/20210205_131038/1612506611745.png, /Users/chaidir.pratama01/Documents/Docs/Katalon Studio/Screenshot/test-Dashboard for BO In Payment.png, /Users/chaidir.pratama01/Documents/Docs/Katalon Studio/Screenshot/test-Dashboard for BO In Payment.png, /Users/chaidir.pratama01/Documents/Docs/Katalon Studio/Screenshot/test-Dashboard for BO In Payment.png, /Users/chaidir.pratama01/Documents/Docs/Katalon Studio/Screenshot/test-Dashboard for BO In Payment.png, /Users/chaidir.pratama01/Documents/Docs/Katalon Studio/Screenshot/test-Dashboard for BO In Payment.png, /Users/chaidir.pratama01/Documents/Docs/Katalon Studio/Screenshot/Download_data.png, /Users/chaidir.pratama01/Documents/Docs/Katalon Studio/Screenshot/test-Dashboard for BO In Payment.png, /Users/chaidir.pratama01/Documents/Docs/Katalon Studio/Screenshot/errorpopup.png, /Users/chaidir.pratama01/Documents/Docs/Katalon Studio/Screenshot/test-Dashboard for BO In Payment.png, /Users/chaidir.pratama01/Documents/Docs/Katalon Studio/Screenshot/errorpopup.png, /Users/chaidir.pratama01/Documents/Docs/Katalon Studio/Screenshot/test-Dashboard for BO In Payment.png"/>
         <property name="hostName" value="chaidir.pratama01 - localhost"/>
         <property name="os" value="Mac OS X 64bit"/>
         <property name="katalonVersion" value="7.6.0.${buildNumber}"/>
         <property name="browser" value="Chrome 88.0.4324.146"/>
         <property name="hostAddress" value="127.0.0.1"/>
         <property name="sessionId" value="b996d6cc59cd00ac65c007a70cd2a7ba"/>
         <property name="seleniumVersion" value="3.141.59"/>
         <property name="proxyInformation" value="ProxyInformation { proxyOption=NO_PROXY, proxyServerType=HTTP, username=, password=********, proxyServerAddress=, proxyServerPort=0, executionList=\&quot;\&quot;, isApplyToDesiredCapabilities=true }"/>
         <property name="platform" value="Mac OS X"/>
      </properties>
      <testcase name="Test Cases/RTD/Dashboard for BO in Payment/TC_Search_by_Status" time="175.8" classname="Test Cases/RTD/Dashboard for BO in Payment/TC_Search_by_Status" status="PASSED">
         <system-out><![CDATA[2021-02-05 13:28:10 - [TEST_CASE][PASSED] - Test Cases/RTD/Dashboard for BO in Payment/TC_Search_by_Status: Test Cases/RTD/Dashboard for BO in Payment/TC_Search_by_Status

2021-02-05 13:28:10 - [TEST_STEP][PASSED] - runFeatureFile("Include/features/IST_Real/RTD/Dashboard_for_BO_In_Payment/Search_by_Status.feature"): Feature file: 'Include/features/IST_Real/RTD/Dashboard_for_BO_In_Payment/Search_by_Status.feature' was passed

2021-02-05 13:28:10 - [MESSAGE][INFO] - Starting run keyword runFeatureFile: 'Include/features/IST_Real/RTD/Dashboard_for_BO_In_Payment/Search_by_Status.feature' and extract report to folder: '/Users/chaidir.pratama01/Katalon Studio/IST_Automation_Git/Reports/20210205_131034/RTD/TS_Dashboard_for_BO_In_Payment/20210205_131038/cucumber_report/1612506490824'...

2021-02-05 13:28:11 - [TEST_CASE][PASSED] - Start Test Case : SCENARIO Search by STATUS Eligible to Disburse: SCENARIO Search by STATUS Eligible to Disburse

2021-02-05 13:28:11 - [TEST_STEP][PASSED] - Go to ISTools: Go to ISTools

2021-02-05 13:28:11 - [MESSAGE][INFO] - Starting 'Chrome (headless)' driver

2021-02-05 13:28:11 - [MESSAGE][INFO] - User set preference: ['args', '[--start-maximized, --disable-gpu, --no-proxy-server, â€“-no-sandbox, --allow-running-insecure-content, --ignore-certificate-errors, window-size=1680,814, force-device-scale-factor=2, --lang=en-GB]']

2021-02-05 13:28:11 - [MESSAGE][INFO] - User set preference: ['prefs', '{download.default_directory=/Users/chaidir.pratama01/Katalon Studio/IST_Automation_Git/Download}']

2021-02-05 13:28:11 - [MESSAGE][INFO] - Action delay is set to 0 milliseconds

2021-02-05 13:28:12 - [MESSAGE][PASSED] - Browser is opened with url: ''

2021-02-05 13:28:15 - [MESSAGE][PASSED] - Navigate to 'https://dev-istools.homecredit.id/foundation/' successfully

2021-02-05 13:28:15 - [MESSAGE][PASSED] - Go to ISTools

2021-02-05 13:28:15 - [TEST_STEP][PASSED] - Login IST with valid credentials: Login IST with valid credentials

2021-02-05 13:28:16 - [MESSAGE][PASSED] - Text 'mobile.test' is set on object 'Object Repository/Page_/input_Username_j_username'

2021-02-05 13:28:16 - [MESSAGE][PASSED] - Text ****** has been set on object 'Object Repository/Page_/input_Password_j_password'

2021-02-05 13:28:16 - [MESSAGE][PASSED] - Object: 'Object Repository/Page_/button_Login' is clicked on

2021-02-05 13:28:16 - [MESSAGE][PASSED] - Login IST with valid credentials

2021-02-05 13:28:16 - [TEST_STEP][PASSED] - Login Success: Login Success

2021-02-05 13:28:16 - [MESSAGE][INFO] - Login Success

2021-02-05 13:28:16 - [MESSAGE][PASSED] - Current window maximized

2021-02-05 13:28:17 - [MESSAGE][PASSED] - Object 'Object Repository/Page_/h1_Welcome to IT Supporting Tools' is present

2021-02-05 13:28:17 - [MESSAGE][PASSED] - Login Success

2021-02-05 13:28:17 - [TEST_STEP][PASSED] - Select Arrow Menu "Real Time Disbursement": Select Arrow Menu "Real Time Disbursement"

2021-02-05 13:28:17 - [MESSAGE][PASSED] - Object: '' is clicked on

2021-02-05 13:28:17 - [MESSAGE][PASSED] - Select Arrow Menu "Real Time Disbursement"

2021-02-05 13:28:17 - [TEST_STEP][PASSED] - Select Menu "Dashboard for BO In Payment": Select Menu "Dashboard for BO In Payment"

2021-02-05 13:28:17 - [MESSAGE][PASSED] - Taking screenshot successfully
[[ATTACHMENT|/Users/chaidir.pratama01/Documents/Docs/Katalon Studio/Screenshot/test-Dashboard for BO In Payment.png]]

2021-02-05 13:28:17 - [MESSAGE][PASSED] - Object '' is present

2021-02-05 13:28:17 - [MESSAGE][PASSED] - Object: '' is clicked on

2021-02-05 13:28:17 - [MESSAGE][PASSED] - Wait for page load successfully

2021-02-05 13:28:17 - [MESSAGE][PASSED] - Select Menu "Dashboard for BO In Payment"

2021-02-05 13:28:17 - [TEST_STEP][PASSED] - Select STATUS "Eligible to disburse": Select STATUS "Eligible to disburse"

2021-02-05 13:28:18 - [MESSAGE][PASSED] - All options with value 'Eligible to disburse' are selected in object ''  using regular expression

2021-02-05 13:28:18 - [MESSAGE][PASSED] - Select STATUS "Eligible to disburse"

2021-02-05 13:28:18 - [TEST_STEP][PASSED] - Click button "Search": Click button "Search"

2021-02-05 13:28:18 - [MESSAGE][INFO] - >>>>>//Button[contains(text(),'Search')]

2021-02-05 13:28:21 - [MESSAGE][PASSED] - Object '' is present

2021-02-05 13:28:21 - [MESSAGE][PASSED] - Object: '' is clicked on

2021-02-05 13:28:21 - [MESSAGE][PASSED] - Switched to window with index: '0'

2021-02-05 13:28:21 - [MESSAGE][PASSED] - Click button "Search"

2021-02-05 13:28:21 - [TEST_STEP][PASSED] - Verify Search Result Presents: Verify Search Result Presents

2021-02-05 13:28:21 - [MESSAGE][PASSED] - Object '' is present

2021-02-05 13:28:28 - [MESSAGE][PASSED] - Verify Search Result Presents

2021-02-05 13:28:28 - [TEST_STEP][PASSED] - Click button "Logout": Click button "Logout"

2021-02-05 13:28:28 - [MESSAGE][INFO] - >>>>>//Button[contains(text(),'Logout')]

2021-02-05 13:28:31 - [MESSAGE][PASSED] - Object '' is present

2021-02-05 13:28:31 - [MESSAGE][PASSED] - Object: '' is clicked on

2021-02-05 13:28:31 - [MESSAGE][PASSED] - Switched to window with index: '0'

2021-02-05 13:28:31 - [MESSAGE][PASSED] - Click button "Logout"

2021-02-05 13:28:31 - [TEST_STEP][PASSED] - Close browser: Close browser

2021-02-05 13:28:31 - [MESSAGE][PASSED] - Browser is closed

2021-02-05 13:28:31 - [MESSAGE][PASSED] - Close browser

2021-02-05 13:28:31 - [TEST_CASE][PASSED] - Start Test Case : SCENARIO Search by STATUS Waiting validation from Risk: SCENARIO Search by STATUS Waiting validation from Risk

2021-02-05 13:28:31 - [TEST_STEP][PASSED] - Go to ISTools: Go to ISTools

2021-02-05 13:28:31 - [MESSAGE][INFO] - Starting 'Chrome (headless)' driver

2021-02-05 13:28:31 - [MESSAGE][INFO] - User set preference: ['args', '[--start-maximized, --disable-gpu, --no-proxy-server, â€“-no-sandbox, --allow-running-insecure-content, --ignore-certificate-errors, window-size=1680,814, force-device-scale-factor=2, --lang=en-GB]']

2021-02-05 13:28:31 - [MESSAGE][INFO] - User set preference: ['prefs', '{download.default_directory=/Users/chaidir.pratama01/Katalon Studio/IST_Automation_Git/Download}']

2021-02-05 13:28:31 - [MESSAGE][INFO] - Action delay is set to 0 milliseconds

2021-02-05 13:28:32 - [MESSAGE][PASSED] - Browser is opened with url: ''

2021-02-05 13:28:35 - [MESSAGE][PASSED] - Navigate to 'https://dev-istools.homecredit.id/foundation/' successfully

2021-02-05 13:28:35 - [MESSAGE][PASSED] - Go to ISTools

2021-02-05 13:28:35 - [TEST_STEP][PASSED] - Login IST with valid credentials: Login IST with valid credentials

2021-02-05 13:28:35 - [MESSAGE][PASSED] - Text 'mobile.test' is set on object 'Object Repository/Page_/input_Username_j_username'

2021-02-05 13:28:35 - [MESSAGE][PASSED] - Text ****** has been set on object 'Object Repository/Page_/input_Password_j_password'

2021-02-05 13:28:36 - [MESSAGE][PASSED] - Object: 'Object Repository/Page_/button_Login' is clicked on

2021-02-05 13:28:36 - [MESSAGE][PASSED] - Login IST with valid credentials

2021-02-05 13:28:36 - [TEST_STEP][PASSED] - Login Success: Login Success

2021-02-05 13:28:36 - [MESSAGE][INFO] - Login Success

2021-02-05 13:28:36 - [MESSAGE][PASSED] - Current window maximized

2021-02-05 13:28:36 - [MESSAGE][PASSED] - Object 'Object Repository/Page_/h1_Welcome to IT Supporting Tools' is present

2021-02-05 13:28:36 - [MESSAGE][PASSED] - Login Success

2021-02-05 13:28:36 - [TEST_STEP][PASSED] - Select Arrow Menu "Real Time Disbursement": Select Arrow Menu "Real Time Disbursement"

2021-02-05 13:28:36 - [MESSAGE][PASSED] - Object: '' is clicked on

2021-02-05 13:28:36 - [MESSAGE][PASSED] - Select Arrow Menu "Real Time Disbursement"

2021-02-05 13:28:36 - [TEST_STEP][PASSED] - Select Menu "Dashboard for BO In Payment": Select Menu "Dashboard for BO In Payment"

2021-02-05 13:28:37 - [MESSAGE][PASSED] - Taking screenshot successfully
[[ATTACHMENT|/Users/chaidir.pratama01/Documents/Docs/Katalon Studio/Screenshot/test-Dashboard for BO In Payment.png]]

2021-02-05 13:28:37 - [MESSAGE][PASSED] - Object '' is present

2021-02-05 13:28:37 - [MESSAGE][PASSED] - Object: '' is clicked on

2021-02-05 13:28:37 - [MESSAGE][PASSED] - Wait for page load successfully

2021-02-05 13:28:37 - [MESSAGE][PASSED] - Select Menu "Dashboard for BO In Payment"

2021-02-05 13:28:37 - [TEST_STEP][PASSED] - Select STATUS "Waiting validation from Risk": Select STATUS "Waiting validation from Risk"

2021-02-05 13:28:37 - [MESSAGE][PASSED] - All options with value 'Waiting validation from Risk' are selected in object ''  using regular expression

2021-02-05 13:28:37 - [MESSAGE][PASSED] - Select STATUS "Waiting validation from Risk"

2021-02-05 13:28:37 - [TEST_STEP][PASSED] - Click button "Search": Click button "Search"

2021-02-05 13:28:37 - [MESSAGE][INFO] - >>>>>//Button[contains(text(),'Search')]

2021-02-05 13:28:40 - [MESSAGE][PASSED] - Object '' is present

2021-02-05 13:28:40 - [MESSAGE][PASSED] - Object: '' is clicked on

2021-02-05 13:28:40 - [MESSAGE][PASSED] - Switched to window with index: '0'

2021-02-05 13:28:40 - [MESSAGE][PASSED] - Click button "Search"

2021-02-05 13:28:40 - [TEST_STEP][PASSED] - Verify Search Result Presents: Verify Search Result Presents

2021-02-05 13:28:40 - [MESSAGE][PASSED] - Object '' is present

2021-02-05 13:28:44 - [MESSAGE][PASSED] - Verify Search Result Presents

2021-02-05 13:28:44 - [TEST_STEP][PASSED] - Click button "Logout": Click button "Logout"

2021-02-05 13:28:44 - [MESSAGE][INFO] - >>>>>//Button[contains(text(),'Logout')]

2021-02-05 13:28:47 - [MESSAGE][PASSED] - Object '' is present

2021-02-05 13:28:47 - [MESSAGE][PASSED] - Object: '' is clicked on

2021-02-05 13:28:47 - [MESSAGE][PASSED] - Switched to window with index: '0'

2021-02-05 13:28:47 - [MESSAGE][PASSED] - Click button "Logout"

2021-02-05 13:28:47 - [TEST_STEP][PASSED] - Close browser: Close browser

2021-02-05 13:28:47 - [MESSAGE][PASSED] - Browser is closed

2021-02-05 13:28:47 - [MESSAGE][PASSED] - Close browser

2021-02-05 13:28:47 - [TEST_CASE][PASSED] - Start Test Case : SCENARIO Search by STATUS Waiting validation from In Payment: SCENARIO Search by STATUS Waiting validation from In Payment

2021-02-05 13:28:47 - [TEST_STEP][PASSED] - Go to ISTools: Go to ISTools

2021-02-05 13:28:47 - [MESSAGE][INFO] - Starting 'Chrome (headless)' driver

2021-02-05 13:28:47 - [MESSAGE][INFO] - User set preference: ['args', '[--start-maximized, --disable-gpu, --no-proxy-server, â€“-no-sandbox, --allow-running-insecure-content, --ignore-certificate-errors, window-size=1680,814, force-device-scale-factor=2, --lang=en-GB]']

2021-02-05 13:28:47 - [MESSAGE][INFO] - User set preference: ['prefs', '{download.default_directory=/Users/chaidir.pratama01/Katalon Studio/IST_Automation_Git/Download}']

2021-02-05 13:28:47 - [MESSAGE][INFO] - Action delay is set to 0 milliseconds

2021-02-05 13:28:48 - [MESSAGE][PASSED] - Browser is opened with url: ''

2021-02-05 13:28:50 - [MESSAGE][PASSED] - Navigate to 'https://dev-istools.homecredit.id/foundation/' successfully

2021-02-05 13:28:50 - [MESSAGE][PASSED] - Go to ISTools

2021-02-05 13:28:50 - [TEST_STEP][PASSED] - Login IST with valid credentials: Login IST with valid credentials

2021-02-05 13:28:50 - [MESSAGE][PASSED] - Text 'mobile.test' is set on object 'Object Repository/Page_/input_Username_j_username'

2021-02-05 13:28:50 - [MESSAGE][PASSED] - Text ****** has been set on object 'Object Repository/Page_/input_Password_j_password'

2021-02-05 13:28:52 - [MESSAGE][PASSED] - Object: 'Object Repository/Page_/button_Login' is clicked on

2021-02-05 13:28:52 - [MESSAGE][PASSED] - Login IST with valid credentials

2021-02-05 13:28:52 - [TEST_STEP][PASSED] - Login Success: Login Success

2021-02-05 13:28:52 - [MESSAGE][INFO] - Login Success

2021-02-05 13:28:52 - [MESSAGE][PASSED] - Current window maximized

2021-02-05 13:28:52 - [MESSAGE][PASSED] - Object 'Object Repository/Page_/h1_Welcome to IT Supporting Tools' is present

2021-02-05 13:28:52 - [MESSAGE][PASSED] - Login Success

2021-02-05 13:28:52 - [TEST_STEP][PASSED] - Select Arrow Menu "Real Time Disbursement": Select Arrow Menu "Real Time Disbursement"

2021-02-05 13:28:52 - [MESSAGE][PASSED] - Object: '' is clicked on

2021-02-05 13:28:52 - [MESSAGE][PASSED] - Select Arrow Menu "Real Time Disbursement"

2021-02-05 13:28:52 - [TEST_STEP][PASSED] - Select Menu "Dashboard for BO In Payment": Select Menu "Dashboard for BO In Payment"

2021-02-05 13:28:52 - [MESSAGE][PASSED] - Taking screenshot successfully
[[ATTACHMENT|/Users/chaidir.pratama01/Documents/Docs/Katalon Studio/Screenshot/test-Dashboard for BO In Payment.png]]

2021-02-05 13:28:52 - [MESSAGE][PASSED] - Object '' is present

2021-02-05 13:28:53 - [MESSAGE][PASSED] - Object: '' is clicked on

2021-02-05 13:28:53 - [MESSAGE][PASSED] - Wait for page load successfully

2021-02-05 13:28:53 - [MESSAGE][PASSED] - Select Menu "Dashboard for BO In Payment"

2021-02-05 13:28:53 - [TEST_STEP][PASSED] - Select STATUS "Waiting validation from In Payment": Select STATUS "Waiting validation from In Payment"

2021-02-05 13:28:53 - [MESSAGE][PASSED] - All options with value 'Waiting validation from In Payment' are selected in object ''  using regular expression

2021-02-05 13:28:53 - [MESSAGE][PASSED] - Select STATUS "Waiting validation from In Payment"

2021-02-05 13:28:53 - [TEST_STEP][PASSED] - Click button "Search": Click button "Search"

2021-02-05 13:28:53 - [MESSAGE][INFO] - >>>>>//Button[contains(text(),'Search')]

2021-02-05 13:28:56 - [MESSAGE][PASSED] - Object '' is present

2021-02-05 13:28:56 - [MESSAGE][PASSED] - Object: '' is clicked on

2021-02-05 13:28:56 - [MESSAGE][PASSED] - Switched to window with index: '0'

2021-02-05 13:28:56 - [MESSAGE][PASSED] - Click button "Search"

2021-02-05 13:28:56 - [TEST_STEP][PASSED] - Verify Search Result Presents: Verify Search Result Presents

2021-02-05 13:28:56 - [MESSAGE][PASSED] - Object '' is present

2021-02-05 13:28:57 - [MESSAGE][PASSED] - Verify Search Result Presents

2021-02-05 13:28:57 - [TEST_STEP][PASSED] - Click button "Logout": Click button "Logout"

2021-02-05 13:28:57 - [MESSAGE][INFO] - >>>>>//Button[contains(text(),'Logout')]

2021-02-05 13:29:00 - [MESSAGE][PASSED] - Object '' is present

2021-02-05 13:29:00 - [MESSAGE][PASSED] - Object: '' is clicked on

2021-02-05 13:29:00 - [MESSAGE][PASSED] - Switched to window with index: '0'

2021-02-05 13:29:00 - [MESSAGE][PASSED] - Click button "Logout"

2021-02-05 13:29:00 - [TEST_STEP][PASSED] - Close browser: Close browser

2021-02-05 13:29:00 - [MESSAGE][PASSED] - Browser is closed

2021-02-05 13:29:00 - [MESSAGE][PASSED] - Close browser

2021-02-05 13:29:00 - [TEST_CASE][PASSED] - Start Test Case : SCENARIO Search by STATUS Ready to disburse: SCENARIO Search by STATUS Ready to disburse

2021-02-05 13:29:00 - [TEST_STEP][PASSED] - Go to ISTools: Go to ISTools

2021-02-05 13:29:00 - [MESSAGE][INFO] - Starting 'Chrome (headless)' driver

2021-02-05 13:29:00 - [MESSAGE][INFO] - User set preference: ['args', '[--start-maximized, --disable-gpu, --no-proxy-server, â€“-no-sandbox, --allow-running-insecure-content, --ignore-certificate-errors, window-size=1680,814, force-device-scale-factor=2, --lang=en-GB]']

2021-02-05 13:29:00 - [MESSAGE][INFO] - User set preference: ['prefs', '{download.default_directory=/Users/chaidir.pratama01/Katalon Studio/IST_Automation_Git/Download}']

2021-02-05 13:29:00 - [MESSAGE][INFO] - Action delay is set to 0 milliseconds

2021-02-05 13:29:01 - [MESSAGE][PASSED] - Browser is opened with url: ''

2021-02-05 13:29:02 - [MESSAGE][PASSED] - Navigate to 'https://dev-istools.homecredit.id/foundation/' successfully

2021-02-05 13:29:02 - [MESSAGE][PASSED] - Go to ISTools

2021-02-05 13:29:02 - [TEST_STEP][PASSED] - Login IST with valid credentials: Login IST with valid credentials

2021-02-05 13:29:03 - [MESSAGE][PASSED] - Text 'mobile.test' is set on object 'Object Repository/Page_/input_Username_j_username'

2021-02-05 13:29:03 - [MESSAGE][PASSED] - Text ****** has been set on object 'Object Repository/Page_/input_Password_j_password'

2021-02-05 13:29:04 - [MESSAGE][PASSED] - Object: 'Object Repository/Page_/button_Login' is clicked on

2021-02-05 13:29:04 - [MESSAGE][PASSED] - Login IST with valid credentials

2021-02-05 13:29:04 - [TEST_STEP][PASSED] - Login Success: Login Success

2021-02-05 13:29:04 - [MESSAGE][INFO] - Login Success

2021-02-05 13:29:04 - [MESSAGE][PASSED] - Current window maximized

2021-02-05 13:29:05 - [MESSAGE][PASSED] - Object 'Object Repository/Page_/h1_Welcome to IT Supporting Tools' is present

2021-02-05 13:29:05 - [MESSAGE][PASSED] - Login Success

2021-02-05 13:29:05 - [TEST_STEP][PASSED] - Select Arrow Menu "Real Time Disbursement": Select Arrow Menu "Real Time Disbursement"

2021-02-05 13:29:05 - [MESSAGE][PASSED] - Object: '' is clicked on

2021-02-05 13:29:05 - [MESSAGE][PASSED] - Select Arrow Menu "Real Time Disbursement"

2021-02-05 13:29:05 - [TEST_STEP][PASSED] - Select Menu "Dashboard for BO In Payment": Select Menu "Dashboard for BO In Payment"

2021-02-05 13:29:05 - [MESSAGE][PASSED] - Taking screenshot successfully
[[ATTACHMENT|/Users/chaidir.pratama01/Documents/Docs/Katalon Studio/Screenshot/test-Dashboard for BO In Payment.png]]

2021-02-05 13:29:05 - [MESSAGE][PASSED] - Object '' is present

2021-02-05 13:29:05 - [MESSAGE][PASSED] - Object: '' is clicked on

2021-02-05 13:29:05 - [MESSAGE][PASSED] - Wait for page load successfully

2021-02-05 13:29:05 - [MESSAGE][PASSED] - Select Menu "Dashboard for BO In Payment"

2021-02-05 13:29:05 - [TEST_STEP][PASSED] - Select STATUS "Ready to disburse": Select STATUS "Ready to disburse"

2021-02-05 13:29:06 - [MESSAGE][PASSED] - All options with value 'Ready to disburse' are selected in object ''  using regular expression

2021-02-05 13:29:06 - [MESSAGE][PASSED] - Select STATUS "Ready to disburse"

2021-02-05 13:29:06 - [TEST_STEP][PASSED] - Click button "Search": Click button "Search"

2021-02-05 13:29:06 - [MESSAGE][INFO] - >>>>>//Button[contains(text(),'Search')]

2021-02-05 13:29:09 - [MESSAGE][PASSED] - Object '' is present

2021-02-05 13:29:09 - [MESSAGE][PASSED] - Object: '' is clicked on

2021-02-05 13:29:09 - [MESSAGE][PASSED] - Switched to window with index: '0'

2021-02-05 13:29:09 - [MESSAGE][PASSED] - Click button "Search"

2021-02-05 13:29:09 - [TEST_STEP][PASSED] - Verify Search Result Presents: Verify Search Result Presents

2021-02-05 13:29:09 - [MESSAGE][PASSED] - Object '' is present

2021-02-05 13:29:11 - [MESSAGE][PASSED] - Verify Search Result Presents

2021-02-05 13:29:11 - [TEST_STEP][PASSED] - Click button "Logout": Click button "Logout"

2021-02-05 13:29:11 - [MESSAGE][INFO] - >>>>>//Button[contains(text(),'Logout')]

2021-02-05 13:29:14 - [MESSAGE][PASSED] - Object '' is present

2021-02-05 13:29:14 - [MESSAGE][PASSED] - Object: '' is clicked on

2021-02-05 13:29:14 - [MESSAGE][PASSED] - Switched to window with index: '0'

2021-02-05 13:29:14 - [MESSAGE][PASSED] - Click button "Logout"

2021-02-05 13:29:14 - [TEST_STEP][PASSED] - Close browser: Close browser

2021-02-05 13:29:14 - [MESSAGE][PASSED] - Browser is closed

2021-02-05 13:29:14 - [MESSAGE][PASSED] - Close browser

2021-02-05 13:29:14 - [TEST_CASE][PASSED] - Start Test Case : SCENARIO Search by STATUS Failed due to invalid bank account: SCENARIO Search by STATUS Failed due to invalid bank account

2021-02-05 13:29:14 - [TEST_STEP][PASSED] - Go to ISTools: Go to ISTools

2021-02-05 13:29:15 - [MESSAGE][INFO] - Starting 'Chrome (headless)' driver

2021-02-05 13:29:15 - [MESSAGE][INFO] - User set preference: ['args', '[--start-maximized, --disable-gpu, --no-proxy-server, â€“-no-sandbox, --allow-running-insecure-content, --ignore-certificate-errors, window-size=1680,814, force-device-scale-factor=2, --lang=en-GB]']

2021-02-05 13:29:15 - [MESSAGE][INFO] - User set preference: ['prefs', '{download.default_directory=/Users/chaidir.pratama01/Katalon Studio/IST_Automation_Git/Download}']

2021-02-05 13:29:15 - [MESSAGE][INFO] - Action delay is set to 0 milliseconds

2021-02-05 13:29:15 - [MESSAGE][PASSED] - Browser is opened with url: ''

2021-02-05 13:29:17 - [MESSAGE][PASSED] - Navigate to 'https://dev-istools.homecredit.id/foundation/' successfully

2021-02-05 13:29:17 - [MESSAGE][PASSED] - Go to ISTools

2021-02-05 13:29:17 - [TEST_STEP][PASSED] - Login IST with valid credentials: Login IST with valid credentials

2021-02-05 13:29:17 - [MESSAGE][PASSED] - Text 'mobile.test' is set on object 'Object Repository/Page_/input_Username_j_username'

2021-02-05 13:29:17 - [MESSAGE][PASSED] - Text ****** has been set on object 'Object Repository/Page_/input_Password_j_password'

2021-02-05 13:29:18 - [MESSAGE][PASSED] - Object: 'Object Repository/Page_/button_Login' is clicked on

2021-02-05 13:29:18 - [MESSAGE][PASSED] - Login IST with valid credentials

2021-02-05 13:29:18 - [TEST_STEP][PASSED] - Login Success: Login Success

2021-02-05 13:29:18 - [MESSAGE][INFO] - Login Success

2021-02-05 13:29:19 - [MESSAGE][PASSED] - Current window maximized

2021-02-05 13:29:19 - [MESSAGE][PASSED] - Object 'Object Repository/Page_/h1_Welcome to IT Supporting Tools' is present

2021-02-05 13:29:19 - [MESSAGE][PASSED] - Login Success

2021-02-05 13:29:19 - [TEST_STEP][PASSED] - Select Arrow Menu "Real Time Disbursement": Select Arrow Menu "Real Time Disbursement"

2021-02-05 13:29:19 - [MESSAGE][PASSED] - Object: '' is clicked on

2021-02-05 13:29:19 - [MESSAGE][PASSED] - Select Arrow Menu "Real Time Disbursement"

2021-02-05 13:29:19 - [TEST_STEP][PASSED] - Select Menu "Dashboard for BO In Payment": Select Menu "Dashboard for BO In Payment"

2021-02-05 13:29:19 - [MESSAGE][PASSED] - Taking screenshot successfully
[[ATTACHMENT|/Users/chaidir.pratama01/Documents/Docs/Katalon Studio/Screenshot/test-Dashboard for BO In Payment.png]]

2021-02-05 13:29:19 - [MESSAGE][PASSED] - Object '' is present

2021-02-05 13:29:19 - [MESSAGE][PASSED] - Object: '' is clicked on

2021-02-05 13:29:19 - [MESSAGE][PASSED] - Wait for page load successfully

2021-02-05 13:29:19 - [MESSAGE][PASSED] - Select Menu "Dashboard for BO In Payment"

2021-02-05 13:29:19 - [TEST_STEP][PASSED] - Select STATUS "Failed due to invalid bank account": Select STATUS "Failed due to invalid bank account"

2021-02-05 13:29:20 - [MESSAGE][PASSED] - All options with value 'Failed due to invalid bank account' are selected in object ''  using regular expression

2021-02-05 13:29:20 - [MESSAGE][PASSED] - Select STATUS "Failed due to invalid bank account"

2021-02-05 13:29:20 - [TEST_STEP][PASSED] - Click button "Search": Click button "Search"

2021-02-05 13:29:20 - [MESSAGE][INFO] - >>>>>//Button[contains(text(),'Search')]

2021-02-05 13:29:23 - [MESSAGE][PASSED] - Object '' is present

2021-02-05 13:29:23 - [MESSAGE][PASSED] - Object: '' is clicked on

2021-02-05 13:29:23 - [MESSAGE][PASSED] - Switched to window with index: '0'

2021-02-05 13:29:23 - [MESSAGE][PASSED] - Click button "Search"

2021-02-05 13:29:23 - [TEST_STEP][PASSED] - Verify Search Result Presents: Verify Search Result Presents

2021-02-05 13:29:24 - [MESSAGE][PASSED] - Object '' is present

2021-02-05 13:29:25 - [MESSAGE][PASSED] - Verify Search Result Presents

2021-02-05 13:29:25 - [TEST_STEP][PASSED] - Click button "Logout": Click button "Logout"

2021-02-05 13:29:25 - [MESSAGE][INFO] - >>>>>//Button[contains(text(),'Logout')]

2021-02-05 13:29:28 - [MESSAGE][PASSED] - Object '' is present

2021-02-05 13:29:28 - [MESSAGE][PASSED] - Object: '' is clicked on

2021-02-05 13:29:28 - [MESSAGE][PASSED] - Switched to window with index: '0'

2021-02-05 13:29:28 - [MESSAGE][PASSED] - Click button "Logout"

2021-02-05 13:29:28 - [TEST_STEP][PASSED] - Close browser: Close browser

2021-02-05 13:29:28 - [MESSAGE][PASSED] - Browser is closed

2021-02-05 13:29:28 - [MESSAGE][PASSED] - Close browser

2021-02-05 13:29:28 - [TEST_CASE][PASSED] - Start Test Case : SCENARIO Search by STATUS Failed due to system error: SCENARIO Search by STATUS Failed due to system error

2021-02-05 13:29:28 - [TEST_STEP][PASSED] - Go to ISTools: Go to ISTools

2021-02-05 13:29:28 - [MESSAGE][INFO] - Starting 'Chrome (headless)' driver

2021-02-05 13:29:28 - [MESSAGE][INFO] - User set preference: ['args', '[--start-maximized, --disable-gpu, --no-proxy-server, â€“-no-sandbox, --allow-running-insecure-content, --ignore-certificate-errors, window-size=1680,814, force-device-scale-factor=2, --lang=en-GB]']

2021-02-05 13:29:28 - [MESSAGE][INFO] - User set preference: ['prefs', '{download.default_directory=/Users/chaidir.pratama01/Katalon Studio/IST_Automation_Git/Download}']

2021-02-05 13:29:28 - [MESSAGE][INFO] - Action delay is set to 0 milliseconds

2021-02-05 13:29:29 - [MESSAGE][PASSED] - Browser is opened with url: ''

2021-02-05 13:29:30 - [MESSAGE][PASSED] - Navigate to 'https://dev-istools.homecredit.id/foundation/' successfully

2021-02-05 13:29:30 - [MESSAGE][PASSED] - Go to ISTools

2021-02-05 13:29:30 - [TEST_STEP][PASSED] - Login IST with valid credentials: Login IST with valid credentials

2021-02-05 13:29:30 - [MESSAGE][PASSED] - Text 'mobile.test' is set on object 'Object Repository/Page_/input_Username_j_username'

2021-02-05 13:29:30 - [MESSAGE][PASSED] - Text ****** has been set on object 'Object Repository/Page_/input_Password_j_password'

2021-02-05 13:29:31 - [MESSAGE][PASSED] - Object: 'Object Repository/Page_/button_Login' is clicked on

2021-02-05 13:29:31 - [MESSAGE][PASSED] - Login IST with valid credentials

2021-02-05 13:29:31 - [TEST_STEP][PASSED] - Login Success: Login Success

2021-02-05 13:29:31 - [MESSAGE][INFO] - Login Success

2021-02-05 13:29:31 - [MESSAGE][PASSED] - Current window maximized

2021-02-05 13:29:31 - [MESSAGE][PASSED] - Object 'Object Repository/Page_/h1_Welcome to IT Supporting Tools' is present

2021-02-05 13:29:31 - [MESSAGE][PASSED] - Login Success

2021-02-05 13:29:31 - [TEST_STEP][PASSED] - Select Arrow Menu "Real Time Disbursement": Select Arrow Menu "Real Time Disbursement"

2021-02-05 13:29:31 - [MESSAGE][PASSED] - Object: '' is clicked on

2021-02-05 13:29:31 - [MESSAGE][PASSED] - Select Arrow Menu "Real Time Disbursement"

2021-02-05 13:29:31 - [TEST_STEP][PASSED] - Select Menu "Dashboard for BO In Payment": Select Menu "Dashboard for BO In Payment"

2021-02-05 13:29:32 - [MESSAGE][PASSED] - Taking screenshot successfully
[[ATTACHMENT|/Users/chaidir.pratama01/Documents/Docs/Katalon Studio/Screenshot/test-Dashboard for BO In Payment.png]]

2021-02-05 13:29:32 - [MESSAGE][PASSED] - Object '' is present

2021-02-05 13:29:32 - [MESSAGE][PASSED] - Object: '' is clicked on

2021-02-05 13:29:32 - [MESSAGE][PASSED] - Wait for page load successfully

2021-02-05 13:29:32 - [MESSAGE][PASSED] - Select Menu "Dashboard for BO In Payment"

2021-02-05 13:29:32 - [TEST_STEP][PASSED] - Select STATUS "Failed due to system error": Select STATUS "Failed due to system error"

2021-02-05 13:29:32 - [MESSAGE][PASSED] - All options with value 'Failed due to system error' are selected in object ''  using regular expression

2021-02-05 13:29:32 - [MESSAGE][PASSED] - Select STATUS "Failed due to system error"

2021-02-05 13:29:32 - [TEST_STEP][PASSED] - Click button "Search": Click button "Search"

2021-02-05 13:29:32 - [MESSAGE][INFO] - >>>>>//Button[contains(text(),'Search')]

2021-02-05 13:29:35 - [MESSAGE][PASSED] - Object '' is present

2021-02-05 13:29:35 - [MESSAGE][PASSED] - Object: '' is clicked on

2021-02-05 13:29:35 - [MESSAGE][PASSED] - Switched to window with index: '0'

2021-02-05 13:29:35 - [MESSAGE][PASSED] - Click button "Search"

2021-02-05 13:29:35 - [TEST_STEP][PASSED] - Verify Search Result Presents: Verify Search Result Presents

2021-02-05 13:29:35 - [MESSAGE][PASSED] - Object '' is present

2021-02-05 13:29:39 - [MESSAGE][PASSED] - Verify Search Result Presents

2021-02-05 13:29:39 - [TEST_STEP][PASSED] - Click button "Logout": Click button "Logout"

2021-02-05 13:29:39 - [MESSAGE][INFO] - >>>>>//Button[contains(text(),'Logout')]

2021-02-05 13:29:42 - [MESSAGE][PASSED] - Object '' is present

2021-02-05 13:29:42 - [MESSAGE][PASSED] - Object: '' is clicked on

2021-02-05 13:29:42 - [MESSAGE][PASSED] - Switched to window with index: '0'

2021-02-05 13:29:42 - [MESSAGE][PASSED] - Click button "Logout"

2021-02-05 13:29:42 - [TEST_STEP][PASSED] - Close browser: Close browser

2021-02-05 13:29:42 - [MESSAGE][PASSED] - Browser is closed

2021-02-05 13:29:42 - [MESSAGE][PASSED] - Close browser

2021-02-05 13:29:42 - [TEST_CASE][PASSED] - Start Test Case : SCENARIO Search by STATUS Failed due to insufficient fund: SCENARIO Search by STATUS Failed due to insufficient fund

2021-02-05 13:29:42 - [TEST_STEP][PASSED] - Go to ISTools: Go to ISTools

2021-02-05 13:29:42 - [MESSAGE][INFO] - Starting 'Chrome (headless)' driver

2021-02-05 13:29:42 - [MESSAGE][INFO] - User set preference: ['args', '[--start-maximized, --disable-gpu, --no-proxy-server, â€“-no-sandbox, --allow-running-insecure-content, --ignore-certificate-errors, window-size=1680,814, force-device-scale-factor=2, --lang=en-GB]']

2021-02-05 13:29:42 - [MESSAGE][INFO] - User set preference: ['prefs', '{download.default_directory=/Users/chaidir.pratama01/Katalon Studio/IST_Automation_Git/Download}']

2021-02-05 13:29:42 - [MESSAGE][INFO] - Action delay is set to 0 milliseconds

2021-02-05 13:29:42 - [MESSAGE][PASSED] - Browser is opened with url: ''

2021-02-05 13:29:45 - [MESSAGE][PASSED] - Navigate to 'https://dev-istools.homecredit.id/foundation/' successfully

2021-02-05 13:29:45 - [MESSAGE][PASSED] - Go to ISTools

2021-02-05 13:29:45 - [TEST_STEP][PASSED] - Login IST with valid credentials: Login IST with valid credentials

2021-02-05 13:29:46 - [MESSAGE][PASSED] - Text 'mobile.test' is set on object 'Object Repository/Page_/input_Username_j_username'

2021-02-05 13:29:46 - [MESSAGE][PASSED] - Text ****** has been set on object 'Object Repository/Page_/input_Password_j_password'

2021-02-05 13:29:47 - [MESSAGE][PASSED] - Object: 'Object Repository/Page_/button_Login' is clicked on

2021-02-05 13:29:47 - [MESSAGE][PASSED] - Login IST with valid credentials

2021-02-05 13:29:47 - [TEST_STEP][PASSED] - Login Success: Login Success

2021-02-05 13:29:47 - [MESSAGE][INFO] - Login Success

2021-02-05 13:29:47 - [MESSAGE][PASSED] - Current window maximized

2021-02-05 13:29:47 - [MESSAGE][PASSED] - Object 'Object Repository/Page_/h1_Welcome to IT Supporting Tools' is present

2021-02-05 13:29:47 - [MESSAGE][PASSED] - Login Success

2021-02-05 13:29:47 - [TEST_STEP][PASSED] - Select Arrow Menu "Real Time Disbursement": Select Arrow Menu "Real Time Disbursement"

2021-02-05 13:29:47 - [MESSAGE][PASSED] - Object: '' is clicked on

2021-02-05 13:29:47 - [MESSAGE][PASSED] - Select Arrow Menu "Real Time Disbursement"

2021-02-05 13:29:47 - [TEST_STEP][PASSED] - Select Menu "Dashboard for BO In Payment": Select Menu "Dashboard for BO In Payment"

2021-02-05 13:29:47 - [MESSAGE][PASSED] - Taking screenshot successfully
[[ATTACHMENT|/Users/chaidir.pratama01/Documents/Docs/Katalon Studio/Screenshot/test-Dashboard for BO In Payment.png]]

2021-02-05 13:29:47 - [MESSAGE][PASSED] - Object '' is present

2021-02-05 13:29:47 - [MESSAGE][PASSED] - Object: '' is clicked on

2021-02-05 13:29:47 - [MESSAGE][PASSED] - Wait for page load successfully

2021-02-05 13:29:47 - [MESSAGE][PASSED] - Select Menu "Dashboard for BO In Payment"

2021-02-05 13:29:47 - [TEST_STEP][PASSED] - Select STATUS "Failed due to insufficient fund": Select STATUS "Failed due to insufficient fund"

2021-02-05 13:29:48 - [MESSAGE][PASSED] - All options with value 'Failed due to insufficient fund' are selected in object ''  using regular expression

2021-02-05 13:29:48 - [MESSAGE][PASSED] - Select STATUS "Failed due to insufficient fund"

2021-02-05 13:29:48 - [TEST_STEP][PASSED] - Click button "Search": Click button "Search"

2021-02-05 13:29:48 - [MESSAGE][INFO] - >>>>>//Button[contains(text(),'Search')]

2021-02-05 13:29:51 - [MESSAGE][PASSED] - Object '' is present

2021-02-05 13:29:51 - [MESSAGE][PASSED] - Object: '' is clicked on

2021-02-05 13:29:51 - [MESSAGE][PASSED] - Switched to window with index: '0'

2021-02-05 13:29:51 - [MESSAGE][PASSED] - Click button "Search"

2021-02-05 13:29:51 - [TEST_STEP][PASSED] - Verify Search Result Presents: Verify Search Result Presents

2021-02-05 13:29:55 - [MESSAGE][INFO] - Unable to find the element located by 'By.xpath: //td[@style='display:none' and contains(text(),'-Empty-')]'. Please recheck the objects properties to make sure the desired element is located. 

2021-02-05 13:29:56 - [MESSAGE][WARNING] - com.kms.katalon.core.webui.exception.WebElementNotFoundException: Web element with id: '' located by '//td[@style='display:none' and contains(text(),'-Empty-')]' not found (Root cause: com.kms.katalon.core.exception.StepFailedException: com.kms.katalon.core.webui.exception.WebElementNotFoundException: Web element with id: '' located by '//td[@style='display:none' and contains(text(),'-Empty-')]' not found
	at com.kms.katalon.core.webui.keyword.internal.WebUIKeywordMain.stepFailed(WebUIKeywordMain.groovy:64)
	at com.kms.katalon.core.webui.keyword.builtin.VerifyElementPresentKeyword$_verifyElementPresent_closure1.doCall(VerifyElementPresentKeyword.groovy:85)
	at com.kms.katalon.core.webui.keyword.builtin.VerifyElementPresentKeyword$_verifyElementPresent_closure1.call(VerifyElementPresentKeyword.groovy)
	at com.kms.katalon.core.webui.keyword.internal.WebUIKeywordMain.runKeyword(WebUIKeywordMain.groovy:20)
	at com.kms.katalon.core.webui.keyword.builtin.VerifyElementPresentKeyword.verifyElementPresent(VerifyElementPresentKeyword.groovy:92)
	at com.kms.katalon.core.webui.keyword.builtin.VerifyElementPresentKeyword.execute(VerifyElementPresentKeyword.groovy:68)
	at com.kms.katalon.core.keyword.internal.KeywordExecutor.executeKeywordForPlatform(KeywordExecutor.groovy:73)
	at com.kms.katalon.core.webui.keyword.WebUiBuiltInKeywords.verifyElementPresent(WebUiBuiltInKeywords.groovy:1444)
	at com.kms.katalon.core.webui.keyword.WebUiBuiltInKeywords$verifyElementPresent$11.call(Unknown Source)
	at ist_real.Contract_Dispatcher.VerifyTblFilled(Contract_Dispatcher.groovy:1313)
	at ist_real.Contract_Dispatcher$VerifyTblFilled$0.call(Unknown Source)
	at RTD.Search_Result_Presents(RTD.groovy:189)
	at cucumber.runtime.Utils$1.call(Utils.java:26)
	at cucumber.runtime.Timeout.timeout(Timeout.java:16)
	at cucumber.runtime.Utils.invoke(Utils.java:20)
	at cucumber.runtime.java.JavaStepDefinition.execute(JavaStepDefinition.java:48)
	at cucumber.runtime.PickleStepDefinitionMatch.runStep(PickleStepDefinitionMatch.java:50)
	at cucumber.runner.TestStep.executeStep(TestStep.java:55)
	at cucumber.runner.TestStep.run(TestStep.java:42)
	at cucumber.runner.PickleStepTestStep.run(PickleStepTestStep.java:53)
	at cucumber.runner.TestCase.run(TestCase.java:47)
	at cucumber.runner.Runner.runPickle(Runner.java:44)
	at cucumber.runtime.Runtime.runFeature(Runtime.java:120)
	at cucumber.runtime.Runtime.run(Runtime.java:106)
	at cucumber.api.cli.Main.run(Main.java:35)
	at cucumber.api.cli.Main$run.call(Unknown Source)
	at com.kms.katalon.core.cucumber.keyword.CucumberBuiltinKeywords$_runFeatureFile_closure1.doCall(CucumberBuiltinKeywords.groovy:76)
	at com.kms.katalon.core.cucumber.keyword.CucumberBuiltinKeywords$_runFeatureFile_closure1.doCall(CucumberBuiltinKeywords.groovy)
	at com.kms.katalon.core.keyword.internal.KeywordMain.runKeyword(KeywordMain.groovy:68)
	at com.kms.katalon.core.keyword.internal.KeywordMain$runKeyword.call(Unknown Source)
	at com.kms.katalon.core.cucumber.keyword.CucumberBuiltinKeywords.runFeatureFile(CucumberBuiltinKeywords.groovy:46)
	at com.kms.katalon.core.cucumber.keyword.CucumberBuiltinKeywords$runFeatureFile$0.callStatic(Unknown Source)
	at com.kms.katalon.core.cucumber.keyword.CucumberBuiltinKeywords.runFeatureFile(CucumberBuiltinKeywords.groovy:169)
	at com.kms.katalon.core.cucumber.keyword.CucumberBuiltinKeywords$runFeatureFile.call(Unknown Source)
	at TC_Search_by_Status.run(TC_Search_by_Status:18)
	at com.kms.katalon.core.main.ScriptEngine.run(ScriptEngine.java:194)
	at com.kms.katalon.core.main.ScriptEngine.runScriptAsRawText(ScriptEngine.java:119)
	at com.kms.katalon.core.main.TestCaseExecutor.runScript(TestCaseExecutor.java:339)
	at com.kms.katalon.core.main.TestCaseExecutor.doExecute(TestCaseExecutor.java:330)
	at com.kms.katalon.core.main.TestCaseExecutor.processExecutionPhase(TestCaseExecutor.java:309)
	at com.kms.katalon.core.main.TestCaseExecutor.accessMainPhase(TestCaseExecutor.java:301)
	at com.kms.katalon.core.main.TestCaseExecutor.execute(TestCaseExecutor.java:235)
	at com.kms.katalon.core.main.TestSuiteExecutor.accessTestCaseMainPhase(TestSuiteExecutor.java:191)
	at com.kms.katalon.core.main.TestSuiteExecutor.accessTestSuiteMainPhase(TestSuiteExecutor.java:141)
	at com.kms.katalon.core.main.TestSuiteExecutor.execute(TestSuiteExecutor.java:90)
	at com.kms.katalon.core.main.TestCaseMain.startTestSuite(TestCaseMain.java:157)
	at com.kms.katalon.core.main.TestCaseMain$startTestSuite$0.call(Unknown Source)
	at TempTestSuite1612505438863.run(TempTestSuite1612505438863.groovy:39)
)
[[ATTACHMENT|/Users/chaidir.pratama01/Katalon Studio/IST_Automation_Git/Reports/20210205_131034/RTD/TS_Dashboard_for_BO_In_Payment/20210205_131038/1612506595524.png]]

2021-02-05 13:29:56 - [MESSAGE][PASSED] - Verify Search Result Presents

2021-02-05 13:29:56 - [TEST_STEP][PASSED] - Click button "Logout": Click button "Logout"

2021-02-05 13:29:56 - [MESSAGE][INFO] - >>>>>//Button[contains(text(),'Logout')]

2021-02-05 13:29:59 - [MESSAGE][PASSED] - Object '' is present

2021-02-05 13:29:59 - [MESSAGE][PASSED] - Object: '' is clicked on

2021-02-05 13:29:59 - [MESSAGE][PASSED] - Switched to window with index: '0'

2021-02-05 13:29:59 - [MESSAGE][PASSED] - Click button "Logout"

2021-02-05 13:29:59 - [TEST_STEP][PASSED] - Close browser: Close browser

2021-02-05 13:29:59 - [MESSAGE][PASSED] - Browser is closed

2021-02-05 13:29:59 - [MESSAGE][PASSED] - Close browser

2021-02-05 13:29:59 - [TEST_CASE][PASSED] - Start Test Case : SCENARIO Search by STATUS Failed due to not supported bank: SCENARIO Search by STATUS Failed due to not supported bank

2021-02-05 13:29:59 - [TEST_STEP][PASSED] - Go to ISTools: Go to ISTools

2021-02-05 13:29:59 - [MESSAGE][INFO] - Starting 'Chrome (headless)' driver

2021-02-05 13:29:59 - [MESSAGE][INFO] - User set preference: ['args', '[--start-maximized, --disable-gpu, --no-proxy-server, â€“-no-sandbox, --allow-running-insecure-content, --ignore-certificate-errors, window-size=1680,814, force-device-scale-factor=2, --lang=en-GB]']

2021-02-05 13:29:59 - [MESSAGE][INFO] - User set preference: ['prefs', '{download.default_directory=/Users/chaidir.pratama01/Katalon Studio/IST_Automation_Git/Download}']

2021-02-05 13:29:59 - [MESSAGE][INFO] - Action delay is set to 0 milliseconds

2021-02-05 13:30:00 - [MESSAGE][PASSED] - Browser is opened with url: ''

2021-02-05 13:30:01 - [MESSAGE][PASSED] - Navigate to 'https://dev-istools.homecredit.id/foundation/' successfully

2021-02-05 13:30:01 - [MESSAGE][PASSED] - Go to ISTools

2021-02-05 13:30:01 - [TEST_STEP][PASSED] - Login IST with valid credentials: Login IST with valid credentials

2021-02-05 13:30:02 - [MESSAGE][PASSED] - Text 'mobile.test' is set on object 'Object Repository/Page_/input_Username_j_username'

2021-02-05 13:30:02 - [MESSAGE][PASSED] - Text ****** has been set on object 'Object Repository/Page_/input_Password_j_password'

2021-02-05 13:30:03 - [MESSAGE][PASSED] - Object: 'Object Repository/Page_/button_Login' is clicked on

2021-02-05 13:30:03 - [MESSAGE][PASSED] - Login IST with valid credentials

2021-02-05 13:30:03 - [TEST_STEP][PASSED] - Login Success: Login Success

2021-02-05 13:30:03 - [MESSAGE][INFO] - Login Success

2021-02-05 13:30:03 - [MESSAGE][PASSED] - Current window maximized

2021-02-05 13:30:03 - [MESSAGE][PASSED] - Object 'Object Repository/Page_/h1_Welcome to IT Supporting Tools' is present

2021-02-05 13:30:03 - [MESSAGE][PASSED] - Login Success

2021-02-05 13:30:03 - [TEST_STEP][PASSED] - Select Arrow Menu "Real Time Disbursement": Select Arrow Menu "Real Time Disbursement"

2021-02-05 13:30:03 - [MESSAGE][PASSED] - Object: '' is clicked on

2021-02-05 13:30:03 - [MESSAGE][PASSED] - Select Arrow Menu "Real Time Disbursement"

2021-02-05 13:30:03 - [TEST_STEP][PASSED] - Select Menu "Dashboard for BO In Payment": Select Menu "Dashboard for BO In Payment"

2021-02-05 13:30:03 - [MESSAGE][PASSED] - Taking screenshot successfully
[[ATTACHMENT|/Users/chaidir.pratama01/Documents/Docs/Katalon Studio/Screenshot/test-Dashboard for BO In Payment.png]]

2021-02-05 13:30:03 - [MESSAGE][PASSED] - Object '' is present

2021-02-05 13:30:03 - [MESSAGE][PASSED] - Object: '' is clicked on

2021-02-05 13:30:03 - [MESSAGE][PASSED] - Wait for page load successfully

2021-02-05 13:30:03 - [MESSAGE][PASSED] - Select Menu "Dashboard for BO In Payment"

2021-02-05 13:30:03 - [TEST_STEP][PASSED] - Select STATUS "Failed due to not supported bank": Select STATUS "Failed due to not supported bank"

2021-02-05 13:30:04 - [MESSAGE][PASSED] - All options with value 'Failed due to not supported bank' are selected in object ''  using regular expression

2021-02-05 13:30:04 - [MESSAGE][PASSED] - Select STATUS "Failed due to not supported bank"

2021-02-05 13:30:04 - [TEST_STEP][PASSED] - Click button "Search": Click button "Search"

2021-02-05 13:30:04 - [MESSAGE][INFO] - >>>>>//Button[contains(text(),'Search')]

2021-02-05 13:30:07 - [MESSAGE][PASSED] - Object '' is present

2021-02-05 13:30:07 - [MESSAGE][PASSED] - Object: '' is clicked on

2021-02-05 13:30:07 - [MESSAGE][PASSED] - Switched to window with index: '0'

2021-02-05 13:30:07 - [MESSAGE][PASSED] - Click button "Search"

2021-02-05 13:30:07 - [TEST_STEP][PASSED] - Verify Search Result Presents: Verify Search Result Presents

2021-02-05 13:30:11 - [MESSAGE][INFO] - Unable to find the element located by 'By.xpath: //td[@style='display:none' and contains(text(),'-Empty-')]'. Please recheck the objects properties to make sure the desired element is located. 

2021-02-05 13:30:12 - [MESSAGE][WARNING] - com.kms.katalon.core.webui.exception.WebElementNotFoundException: Web element with id: '' located by '//td[@style='display:none' and contains(text(),'-Empty-')]' not found (Root cause: com.kms.katalon.core.exception.StepFailedException: com.kms.katalon.core.webui.exception.WebElementNotFoundException: Web element with id: '' located by '//td[@style='display:none' and contains(text(),'-Empty-')]' not found
	at com.kms.katalon.core.webui.keyword.internal.WebUIKeywordMain.stepFailed(WebUIKeywordMain.groovy:64)
	at com.kms.katalon.core.webui.keyword.builtin.VerifyElementPresentKeyword$_verifyElementPresent_closure1.doCall(VerifyElementPresentKeyword.groovy:85)
	at com.kms.katalon.core.webui.keyword.builtin.VerifyElementPresentKeyword$_verifyElementPresent_closure1.call(VerifyElementPresentKeyword.groovy)
	at com.kms.katalon.core.webui.keyword.internal.WebUIKeywordMain.runKeyword(WebUIKeywordMain.groovy:20)
	at com.kms.katalon.core.webui.keyword.builtin.VerifyElementPresentKeyword.verifyElementPresent(VerifyElementPresentKeyword.groovy:92)
	at com.kms.katalon.core.webui.keyword.builtin.VerifyElementPresentKeyword.execute(VerifyElementPresentKeyword.groovy:68)
	at com.kms.katalon.core.keyword.internal.KeywordExecutor.executeKeywordForPlatform(KeywordExecutor.groovy:73)
	at com.kms.katalon.core.webui.keyword.WebUiBuiltInKeywords.verifyElementPresent(WebUiBuiltInKeywords.groovy:1444)
	at com.kms.katalon.core.webui.keyword.WebUiBuiltInKeywords$verifyElementPresent$11.call(Unknown Source)
	at ist_real.Contract_Dispatcher.VerifyTblFilled(Contract_Dispatcher.groovy:1313)
	at ist_real.Contract_Dispatcher$VerifyTblFilled$0.call(Unknown Source)
	at RTD.Search_Result_Presents(RTD.groovy:189)
	at cucumber.runtime.Utils$1.call(Utils.java:26)
	at cucumber.runtime.Timeout.timeout(Timeout.java:16)
	at cucumber.runtime.Utils.invoke(Utils.java:20)
	at cucumber.runtime.java.JavaStepDefinition.execute(JavaStepDefinition.java:48)
	at cucumber.runtime.PickleStepDefinitionMatch.runStep(PickleStepDefinitionMatch.java:50)
	at cucumber.runner.TestStep.executeStep(TestStep.java:55)
	at cucumber.runner.TestStep.run(TestStep.java:42)
	at cucumber.runner.PickleStepTestStep.run(PickleStepTestStep.java:53)
	at cucumber.runner.TestCase.run(TestCase.java:47)
	at cucumber.runner.Runner.runPickle(Runner.java:44)
	at cucumber.runtime.Runtime.runFeature(Runtime.java:120)
	at cucumber.runtime.Runtime.run(Runtime.java:106)
	at cucumber.api.cli.Main.run(Main.java:35)
	at cucumber.api.cli.Main$run.call(Unknown Source)
	at com.kms.katalon.core.cucumber.keyword.CucumberBuiltinKeywords$_runFeatureFile_closure1.doCall(CucumberBuiltinKeywords.groovy:76)
	at com.kms.katalon.core.cucumber.keyword.CucumberBuiltinKeywords$_runFeatureFile_closure1.doCall(CucumberBuiltinKeywords.groovy)
	at com.kms.katalon.core.keyword.internal.KeywordMain.runKeyword(KeywordMain.groovy:68)
	at com.kms.katalon.core.keyword.internal.KeywordMain$runKeyword.call(Unknown Source)
	at com.kms.katalon.core.cucumber.keyword.CucumberBuiltinKeywords.runFeatureFile(CucumberBuiltinKeywords.groovy:46)
	at com.kms.katalon.core.cucumber.keyword.CucumberBuiltinKeywords$runFeatureFile$0.callStatic(Unknown Source)
	at com.kms.katalon.core.cucumber.keyword.CucumberBuiltinKeywords.runFeatureFile(CucumberBuiltinKeywords.groovy:169)
	at com.kms.katalon.core.cucumber.keyword.CucumberBuiltinKeywords$runFeatureFile.call(Unknown Source)
	at TC_Search_by_Status.run(TC_Search_by_Status:18)
	at com.kms.katalon.core.main.ScriptEngine.run(ScriptEngine.java:194)
	at com.kms.katalon.core.main.ScriptEngine.runScriptAsRawText(ScriptEngine.java:119)
	at com.kms.katalon.core.main.TestCaseExecutor.runScript(TestCaseExecutor.java:339)
	at com.kms.katalon.core.main.TestCaseExecutor.doExecute(TestCaseExecutor.java:330)
	at com.kms.katalon.core.main.TestCaseExecutor.processExecutionPhase(TestCaseExecutor.java:309)
	at com.kms.katalon.core.main.TestCaseExecutor.accessMainPhase(TestCaseExecutor.java:301)
	at com.kms.katalon.core.main.TestCaseExecutor.execute(TestCaseExecutor.java:235)
	at com.kms.katalon.core.main.TestSuiteExecutor.accessTestCaseMainPhase(TestSuiteExecutor.java:191)
	at com.kms.katalon.core.main.TestSuiteExecutor.accessTestSuiteMainPhase(TestSuiteExecutor.java:141)
	at com.kms.katalon.core.main.TestSuiteExecutor.execute(TestSuiteExecutor.java:90)
	at com.kms.katalon.core.main.TestCaseMain.startTestSuite(TestCaseMain.java:157)
	at com.kms.katalon.core.main.TestCaseMain$startTestSuite$0.call(Unknown Source)
	at TempTestSuite1612505438863.run(TempTestSuite1612505438863.groovy:39)
)
[[ATTACHMENT|/Users/chaidir.pratama01/Katalon Studio/IST_Automation_Git/Reports/20210205_131034/RTD/TS_Dashboard_for_BO_In_Payment/20210205_131038/1612506611745.png]]

2021-02-05 13:30:12 - [MESSAGE][PASSED] - Verify Search Result Presents

2021-02-05 13:30:12 - [TEST_STEP][PASSED] - Click button "Logout": Click button "Logout"

2021-02-05 13:30:12 - [MESSAGE][INFO] - >>>>>//Button[contains(text(),'Logout')]

2021-02-05 13:30:15 - [MESSAGE][PASSED] - Object '' is present

2021-02-05 13:30:15 - [MESSAGE][PASSED] - Object: '' is clicked on

2021-02-05 13:30:15 - [MESSAGE][PASSED] - Switched to window with index: '0'

2021-02-05 13:30:15 - [MESSAGE][PASSED] - Click button "Logout"

2021-02-05 13:30:15 - [TEST_STEP][PASSED] - Close browser: Close browser

2021-02-05 13:30:16 - [MESSAGE][PASSED] - Browser is closed

2021-02-05 13:30:16 - [MESSAGE][PASSED] - Close browser

2021-02-05 13:30:16 - [TEST_CASE][PASSED] - Start Test Case : SCENARIO Search by STATUS Manual Disbursement: SCENARIO Search by STATUS Manual Disbursement

2021-02-05 13:30:16 - [TEST_STEP][PASSED] - Go to ISTools: Go to ISTools

2021-02-05 13:30:16 - [MESSAGE][INFO] - Starting 'Chrome (headless)' driver

2021-02-05 13:30:16 - [MESSAGE][INFO] - User set preference: ['args', '[--start-maximized, --disable-gpu, --no-proxy-server, â€“-no-sandbox, --allow-running-insecure-content, --ignore-certificate-errors, window-size=1680,814, force-device-scale-factor=2, --lang=en-GB]']

2021-02-05 13:30:16 - [MESSAGE][INFO] - User set preference: ['prefs', '{download.default_directory=/Users/chaidir.pratama01/Katalon Studio/IST_Automation_Git/Download}']

2021-02-05 13:30:16 - [MESSAGE][INFO] - Action delay is set to 0 milliseconds

2021-02-05 13:30:16 - [MESSAGE][PASSED] - Browser is opened with url: ''

2021-02-05 13:30:19 - [MESSAGE][PASSED] - Navigate to 'https://dev-istools.homecredit.id/foundation/' successfully

2021-02-05 13:30:19 - [MESSAGE][PASSED] - Go to ISTools

2021-02-05 13:30:19 - [TEST_STEP][PASSED] - Login IST with valid credentials: Login IST with valid credentials

2021-02-05 13:30:19 - [MESSAGE][PASSED] - Text 'mobile.test' is set on object 'Object Repository/Page_/input_Username_j_username'

2021-02-05 13:30:19 - [MESSAGE][PASSED] - Text ****** has been set on object 'Object Repository/Page_/input_Password_j_password'

2021-02-05 13:30:19 - [MESSAGE][PASSED] - Object: 'Object Repository/Page_/button_Login' is clicked on

2021-02-05 13:30:19 - [MESSAGE][PASSED] - Login IST with valid credentials

2021-02-05 13:30:19 - [TEST_STEP][PASSED] - Login Success: Login Success

2021-02-05 13:30:19 - [MESSAGE][INFO] - Login Success

2021-02-05 13:30:20 - [MESSAGE][PASSED] - Current window maximized

2021-02-05 13:30:20 - [MESSAGE][PASSED] - Object 'Object Repository/Page_/h1_Welcome to IT Supporting Tools' is present

2021-02-05 13:30:20 - [MESSAGE][PASSED] - Login Success

2021-02-05 13:30:20 - [TEST_STEP][PASSED] - Select Arrow Menu "Real Time Disbursement": Select Arrow Menu "Real Time Disbursement"

2021-02-05 13:30:20 - [MESSAGE][PASSED] - Object: '' is clicked on

2021-02-05 13:30:20 - [MESSAGE][PASSED] - Select Arrow Menu "Real Time Disbursement"

2021-02-05 13:30:20 - [TEST_STEP][PASSED] - Select Menu "Dashboard for BO In Payment": Select Menu "Dashboard for BO In Payment"

2021-02-05 13:30:20 - [MESSAGE][PASSED] - Taking screenshot successfully
[[ATTACHMENT|/Users/chaidir.pratama01/Documents/Docs/Katalon Studio/Screenshot/test-Dashboard for BO In Payment.png]]

2021-02-05 13:30:20 - [MESSAGE][PASSED] - Object '' is present

2021-02-05 13:30:20 - [MESSAGE][PASSED] - Object: '' is clicked on

2021-02-05 13:30:20 - [MESSAGE][PASSED] - Wait for page load successfully

2021-02-05 13:30:20 - [MESSAGE][PASSED] - Select Menu "Dashboard for BO In Payment"

2021-02-05 13:30:20 - [TEST_STEP][PASSED] - Select STATUS "Manual Disbursement": Select STATUS "Manual Disbursement"

2021-02-05 13:30:21 - [MESSAGE][PASSED] - All options with value 'Manual Disbursement' are selected in object ''  using regular expression

2021-02-05 13:30:21 - [MESSAGE][PASSED] - Select STATUS "Manual Disbursement"

2021-02-05 13:30:21 - [TEST_STEP][PASSED] - Click button "Search": Click button "Search"

2021-02-05 13:30:21 - [MESSAGE][INFO] - >>>>>//Button[contains(text(),'Search')]

2021-02-05 13:30:24 - [MESSAGE][PASSED] - Object '' is present

2021-02-05 13:30:24 - [MESSAGE][PASSED] - Object: '' is clicked on

2021-02-05 13:30:24 - [MESSAGE][PASSED] - Switched to window with index: '0'

2021-02-05 13:30:24 - [MESSAGE][PASSED] - Click button "Search"

2021-02-05 13:30:24 - [TEST_STEP][PASSED] - Verify Search Result Presents: Verify Search Result Presents

2021-02-05 13:30:25 - [MESSAGE][PASSED] - Object '' is present

2021-02-05 13:30:31 - [MESSAGE][PASSED] - Verify Search Result Presents

2021-02-05 13:30:31 - [TEST_STEP][PASSED] - Click button "Logout": Click button "Logout"

2021-02-05 13:30:31 - [MESSAGE][INFO] - >>>>>//Button[contains(text(),'Logout')]

2021-02-05 13:30:34 - [MESSAGE][PASSED] - Object '' is present

2021-02-05 13:30:34 - [MESSAGE][PASSED] - Object: '' is clicked on

2021-02-05 13:30:34 - [MESSAGE][PASSED] - Switched to window with index: '0'

2021-02-05 13:30:34 - [MESSAGE][PASSED] - Click button "Logout"

2021-02-05 13:30:34 - [TEST_STEP][PASSED] - Close browser: Close browser

2021-02-05 13:30:34 - [MESSAGE][PASSED] - Browser is closed

2021-02-05 13:30:34 - [MESSAGE][PASSED] - Close browser

2021-02-05 13:30:34 - [TEST_CASE][PASSED] - Start Test Case : SCENARIO Search by STATUS DONE: SCENARIO Search by STATUS DONE

2021-02-05 13:30:34 - [TEST_STEP][PASSED] - Go to ISTools: Go to ISTools

2021-02-05 13:30:34 - [MESSAGE][INFO] - Starting 'Chrome (headless)' driver

2021-02-05 13:30:34 - [MESSAGE][INFO] - User set preference: ['args', '[--start-maximized, --disable-gpu, --no-proxy-server, â€“-no-sandbox, --allow-running-insecure-content, --ignore-certificate-errors, window-size=1680,814, force-device-scale-factor=2, --lang=en-GB]']

2021-02-05 13:30:34 - [MESSAGE][INFO] - User set preference: ['prefs', '{download.default_directory=/Users/chaidir.pratama01/Katalon Studio/IST_Automation_Git/Download}']

2021-02-05 13:30:34 - [MESSAGE][INFO] - Action delay is set to 0 milliseconds

2021-02-05 13:30:35 - [MESSAGE][PASSED] - Browser is opened with url: ''

2021-02-05 13:30:37 - [MESSAGE][PASSED] - Navigate to 'https://dev-istools.homecredit.id/foundation/' successfully

2021-02-05 13:30:37 - [MESSAGE][PASSED] - Go to ISTools

2021-02-05 13:30:37 - [TEST_STEP][PASSED] - Login IST with valid credentials: Login IST with valid credentials

2021-02-05 13:30:37 - [MESSAGE][PASSED] - Text 'mobile.test' is set on object 'Object Repository/Page_/input_Username_j_username'

2021-02-05 13:30:37 - [MESSAGE][PASSED] - Text ****** has been set on object 'Object Repository/Page_/input_Password_j_password'

2021-02-05 13:30:38 - [MESSAGE][PASSED] - Object: 'Object Repository/Page_/button_Login' is clicked on

2021-02-05 13:30:38 - [MESSAGE][PASSED] - Login IST with valid credentials

2021-02-05 13:30:38 - [TEST_STEP][PASSED] - Login Success: Login Success

2021-02-05 13:30:38 - [MESSAGE][INFO] - Login Success

2021-02-05 13:30:39 - [MESSAGE][PASSED] - Current window maximized

2021-02-05 13:30:39 - [MESSAGE][PASSED] - Object 'Object Repository/Page_/h1_Welcome to IT Supporting Tools' is present

2021-02-05 13:30:39 - [MESSAGE][PASSED] - Login Success

2021-02-05 13:30:39 - [TEST_STEP][PASSED] - Select Arrow Menu "Real Time Disbursement": Select Arrow Menu "Real Time Disbursement"

2021-02-05 13:30:39 - [MESSAGE][PASSED] - Object: '' is clicked on

2021-02-05 13:30:39 - [MESSAGE][PASSED] - Select Arrow Menu "Real Time Disbursement"

2021-02-05 13:30:39 - [TEST_STEP][PASSED] - Select Menu "Dashboard for BO In Payment": Select Menu "Dashboard for BO In Payment"

2021-02-05 13:30:39 - [MESSAGE][PASSED] - Taking screenshot successfully
[[ATTACHMENT|/Users/chaidir.pratama01/Documents/Docs/Katalon Studio/Screenshot/test-Dashboard for BO In Payment.png]]

2021-02-05 13:30:39 - [MESSAGE][PASSED] - Object '' is present

2021-02-05 13:30:39 - [MESSAGE][PASSED] - Object: '' is clicked on

2021-02-05 13:30:39 - [MESSAGE][PASSED] - Wait for page load successfully

2021-02-05 13:30:39 - [MESSAGE][PASSED] - Select Menu "Dashboard for BO In Payment"

2021-02-05 13:30:39 - [TEST_STEP][PASSED] - Select STATUS "DONE": Select STATUS "DONE"

2021-02-05 13:30:40 - [MESSAGE][PASSED] - All options with value 'DONE' are selected in object ''  using regular expression

2021-02-05 13:30:40 - [MESSAGE][PASSED] - Select STATUS "DONE"

2021-02-05 13:30:40 - [TEST_STEP][PASSED] - Click button "Search": Click button "Search"

2021-02-05 13:30:40 - [MESSAGE][INFO] - >>>>>//Button[contains(text(),'Search')]

2021-02-05 13:30:43 - [MESSAGE][PASSED] - Object '' is present

2021-02-05 13:30:43 - [MESSAGE][PASSED] - Object: '' is clicked on

2021-02-05 13:30:43 - [MESSAGE][PASSED] - Switched to window with index: '0'

2021-02-05 13:30:43 - [MESSAGE][PASSED] - Click button "Search"

2021-02-05 13:30:43 - [TEST_STEP][PASSED] - Verify Search Result Presents: Verify Search Result Presents

2021-02-05 13:30:43 - [MESSAGE][PASSED] - Object '' is present

2021-02-05 13:30:50 - [MESSAGE][PASSED] - Verify Search Result Presents

2021-02-05 13:30:50 - [TEST_STEP][PASSED] - Click button "Logout": Click button "Logout"

2021-02-05 13:30:50 - [MESSAGE][INFO] - >>>>>//Button[contains(text(),'Logout')]

2021-02-05 13:30:53 - [MESSAGE][PASSED] - Object '' is present

2021-02-05 13:30:53 - [MESSAGE][PASSED] - Object: '' is clicked on

2021-02-05 13:30:53 - [MESSAGE][PASSED] - Switched to window with index: '0'

2021-02-05 13:30:53 - [MESSAGE][PASSED] - Click button "Logout"

2021-02-05 13:30:53 - [TEST_STEP][PASSED] - Close browser: Close browser

2021-02-05 13:30:53 - [MESSAGE][PASSED] - Browser is closed

2021-02-05 13:30:53 - [MESSAGE][PASSED] - Close browser

2021-02-05 13:30:53 - [TEST_CASE][PASSED] - Start Test Case : SCENARIO Search by STATUS Success to Disburse: SCENARIO Search by STATUS Success to Disburse

2021-02-05 13:30:53 - [TEST_STEP][PASSED] - Go to ISTools: Go to ISTools

2021-02-05 13:30:53 - [MESSAGE][INFO] - Starting 'Chrome (headless)' driver

2021-02-05 13:30:53 - [MESSAGE][INFO] - User set preference: ['args', '[--start-maximized, --disable-gpu, --no-proxy-server, â€“-no-sandbox, --allow-running-insecure-content, --ignore-certificate-errors, window-size=1680,814, force-device-scale-factor=2, --lang=en-GB]']

2021-02-05 13:30:53 - [MESSAGE][INFO] - User set preference: ['prefs', '{download.default_directory=/Users/chaidir.pratama01/Katalon Studio/IST_Automation_Git/Download}']

2021-02-05 13:30:53 - [MESSAGE][INFO] - Action delay is set to 0 milliseconds

2021-02-05 13:30:53 - [MESSAGE][PASSED] - Browser is opened with url: ''

2021-02-05 13:30:56 - [MESSAGE][PASSED] - Navigate to 'https://dev-istools.homecredit.id/foundation/' successfully

2021-02-05 13:30:56 - [MESSAGE][PASSED] - Go to ISTools

2021-02-05 13:30:56 - [TEST_STEP][PASSED] - Login IST with valid credentials: Login IST with valid credentials

2021-02-05 13:30:56 - [MESSAGE][PASSED] - Text 'mobile.test' is set on object 'Object Repository/Page_/input_Username_j_username'

2021-02-05 13:30:56 - [MESSAGE][PASSED] - Text ****** has been set on object 'Object Repository/Page_/input_Password_j_password'

2021-02-05 13:30:57 - [MESSAGE][PASSED] - Object: 'Object Repository/Page_/button_Login' is clicked on

2021-02-05 13:30:57 - [MESSAGE][PASSED] - Login IST with valid credentials

2021-02-05 13:30:57 - [TEST_STEP][PASSED] - Login Success: Login Success

2021-02-05 13:30:57 - [MESSAGE][INFO] - Login Success

2021-02-05 13:30:57 - [MESSAGE][PASSED] - Current window maximized

2021-02-05 13:30:57 - [MESSAGE][PASSED] - Object 'Object Repository/Page_/h1_Welcome to IT Supporting Tools' is present

2021-02-05 13:30:57 - [MESSAGE][PASSED] - Login Success

2021-02-05 13:30:57 - [TEST_STEP][PASSED] - Select Arrow Menu "Real Time Disbursement": Select Arrow Menu "Real Time Disbursement"

2021-02-05 13:30:57 - [MESSAGE][PASSED] - Object: '' is clicked on

2021-02-05 13:30:57 - [MESSAGE][PASSED] - Select Arrow Menu "Real Time Disbursement"

2021-02-05 13:30:57 - [TEST_STEP][PASSED] - Select Menu "Dashboard for BO In Payment": Select Menu "Dashboard for BO In Payment"

2021-02-05 13:30:58 - [MESSAGE][PASSED] - Taking screenshot successfully
[[ATTACHMENT|/Users/chaidir.pratama01/Documents/Docs/Katalon Studio/Screenshot/test-Dashboard for BO In Payment.png]]

2021-02-05 13:30:58 - [MESSAGE][PASSED] - Object '' is present

2021-02-05 13:30:58 - [MESSAGE][PASSED] - Object: '' is clicked on

2021-02-05 13:30:58 - [MESSAGE][PASSED] - Wait for page load successfully

2021-02-05 13:30:58 - [MESSAGE][PASSED] - Select Menu "Dashboard for BO In Payment"

2021-02-05 13:30:58 - [TEST_STEP][PASSED] - Select STATUS "Success to Disburse": Select STATUS "Success to Disburse"

2021-02-05 13:30:58 - [MESSAGE][PASSED] - All options with value 'Success to Disburse' are selected in object ''  using regular expression

2021-02-05 13:30:58 - [MESSAGE][PASSED] - Select STATUS "Success to Disburse"

2021-02-05 13:30:58 - [TEST_STEP][PASSED] - Click button "Search": Click button "Search"

2021-02-05 13:30:58 - [MESSAGE][INFO] - >>>>>//Button[contains(text(),'Search')]

2021-02-05 13:31:01 - [MESSAGE][PASSED] - Object '' is present

2021-02-05 13:31:02 - [MESSAGE][PASSED] - Object: '' is clicked on

2021-02-05 13:31:02 - [MESSAGE][PASSED] - Switched to window with index: '0'

2021-02-05 13:31:02 - [MESSAGE][PASSED] - Click button "Search"

2021-02-05 13:31:02 - [TEST_STEP][PASSED] - Verify Search Result Presents: Verify Search Result Presents

2021-02-05 13:31:02 - [MESSAGE][PASSED] - Object '' is present

2021-02-05 13:31:02 - [MESSAGE][PASSED] - Verify Search Result Presents

2021-02-05 13:31:02 - [TEST_STEP][PASSED] - Click button "Logout": Click button "Logout"

2021-02-05 13:31:02 - [MESSAGE][INFO] - >>>>>//Button[contains(text(),'Logout')]

2021-02-05 13:31:05 - [MESSAGE][PASSED] - Object '' is present

2021-02-05 13:31:06 - [MESSAGE][PASSED] - Object: '' is clicked on

2021-02-05 13:31:06 - [MESSAGE][PASSED] - Switched to window with index: '0'

2021-02-05 13:31:06 - [MESSAGE][PASSED] - Click button "Logout"

2021-02-05 13:31:06 - [TEST_STEP][PASSED] - Close browser: Close browser

2021-02-05 13:31:06 - [MESSAGE][PASSED] - Browser is closed

2021-02-05 13:31:06 - [MESSAGE][PASSED] - Close browser

2021-02-05 13:31:06 - [MESSAGE][PASSED] - Feature file: 'Include/features/IST_Real/RTD/Dashboard_for_BO_In_Payment/Search_by_Status.feature' was passed]]></system-out>
         <system-err><![CDATA[]]></system-err>
      </testcase>
      <testcase name="Test Cases/RTD/Dashboard for BO in Payment/TC_View_Detail" time="43.108" classname="Test Cases/RTD/Dashboard for BO in Payment/TC_View_Detail" status="PASSED">
         <system-out><![CDATA[2021-02-05 13:31:06 - [TEST_CASE][PASSED] - Test Cases/RTD/Dashboard for BO in Payment/TC_View_Detail: Test Cases/RTD/Dashboard for BO in Payment/TC_View_Detail

2021-02-05 13:31:06 - [TEST_STEP][PASSED] - runFeatureFile("Include/features/IST_Real/RTD/Dashboard_for_BO_In_Payment/View_Detail.feature"): Feature file: 'Include/features/IST_Real/RTD/Dashboard_for_BO_In_Payment/View_Detail.feature' was passed

2021-02-05 13:31:06 - [MESSAGE][INFO] - Starting run keyword runFeatureFile: 'Include/features/IST_Real/RTD/Dashboard_for_BO_In_Payment/View_Detail.feature' and extract report to folder: '/Users/chaidir.pratama01/Katalon Studio/IST_Automation_Git/Reports/20210205_131034/RTD/TS_Dashboard_for_BO_In_Payment/20210205_131038/cucumber_report/1612506666496'...

2021-02-05 13:31:06 - [TEST_CASE][PASSED] - Start Test Case : SCENARIO Search by STATUS Success to Disburse and then View Detail of it: SCENARIO Search by STATUS Success to Disburse and then View Detail of it

2021-02-05 13:31:06 - [TEST_STEP][PASSED] - Go to ISTools: Go to ISTools

2021-02-05 13:31:06 - [MESSAGE][INFO] - Starting 'Chrome (headless)' driver

2021-02-05 13:31:06 - [MESSAGE][INFO] - User set preference: ['args', '[--start-maximized, --disable-gpu, --no-proxy-server, â€“-no-sandbox, --allow-running-insecure-content, --ignore-certificate-errors, window-size=1680,814, force-device-scale-factor=2, --lang=en-GB]']

2021-02-05 13:31:06 - [MESSAGE][INFO] - User set preference: ['prefs', '{download.default_directory=/Users/chaidir.pratama01/Katalon Studio/IST_Automation_Git/Download}']

2021-02-05 13:31:06 - [MESSAGE][INFO] - Action delay is set to 0 milliseconds

2021-02-05 13:31:06 - [MESSAGE][PASSED] - Browser is opened with url: ''

2021-02-05 13:31:09 - [MESSAGE][PASSED] - Navigate to 'https://dev-istools.homecredit.id/foundation/' successfully

2021-02-05 13:31:09 - [MESSAGE][PASSED] - Go to ISTools

2021-02-05 13:31:09 - [TEST_STEP][PASSED] - Login IST with valid credentials: Login IST with valid credentials

2021-02-05 13:31:09 - [MESSAGE][PASSED] - Text 'mobile.test' is set on object 'Object Repository/Page_/input_Username_j_username'

2021-02-05 13:31:09 - [MESSAGE][PASSED] - Text ****** has been set on object 'Object Repository/Page_/input_Password_j_password'

2021-02-05 13:31:10 - [MESSAGE][PASSED] - Object: 'Object Repository/Page_/button_Login' is clicked on

2021-02-05 13:31:10 - [MESSAGE][PASSED] - Login IST with valid credentials

2021-02-05 13:31:10 - [TEST_STEP][PASSED] - Login Success: Login Success

2021-02-05 13:31:10 - [MESSAGE][INFO] - Login Success

2021-02-05 13:31:10 - [MESSAGE][PASSED] - Current window maximized

2021-02-05 13:31:10 - [MESSAGE][PASSED] - Object 'Object Repository/Page_/h1_Welcome to IT Supporting Tools' is present

2021-02-05 13:31:10 - [MESSAGE][PASSED] - Login Success

2021-02-05 13:31:10 - [TEST_STEP][PASSED] - Select Arrow Menu "Real Time Disbursement": Select Arrow Menu "Real Time Disbursement"

2021-02-05 13:31:10 - [MESSAGE][PASSED] - Object: '' is clicked on

2021-02-05 13:31:10 - [MESSAGE][PASSED] - Select Arrow Menu "Real Time Disbursement"

2021-02-05 13:31:10 - [TEST_STEP][PASSED] - Select Menu "Dashboard for BO In Payment": Select Menu "Dashboard for BO In Payment"

2021-02-05 13:31:10 - [MESSAGE][PASSED] - Taking screenshot successfully
[[ATTACHMENT|/Users/chaidir.pratama01/Documents/Docs/Katalon Studio/Screenshot/test-Dashboard for BO In Payment.png]]

2021-02-05 13:31:11 - [MESSAGE][PASSED] - Object '' is present

2021-02-05 13:31:11 - [MESSAGE][PASSED] - Object: '' is clicked on

2021-02-05 13:31:11 - [MESSAGE][PASSED] - Wait for page load successfully

2021-02-05 13:31:11 - [MESSAGE][PASSED] - Select Menu "Dashboard for BO In Payment"

2021-02-05 13:31:11 - [TEST_STEP][PASSED] - Select STATUS "Success to Disburse": Select STATUS "Success to Disburse"

2021-02-05 13:31:11 - [MESSAGE][PASSED] - All options with value 'Success to Disburse' are selected in object ''  using regular expression

2021-02-05 13:31:11 - [MESSAGE][PASSED] - Select STATUS "Success to Disburse"

2021-02-05 13:31:11 - [TEST_STEP][PASSED] - Click button "Search": Click button "Search"

2021-02-05 13:31:11 - [MESSAGE][INFO] - >>>>>//Button[contains(text(),'Search')]

2021-02-05 13:31:14 - [MESSAGE][PASSED] - Object '' is present

2021-02-05 13:31:14 - [MESSAGE][PASSED] - Object: '' is clicked on

2021-02-05 13:31:14 - [MESSAGE][PASSED] - Switched to window with index: '0'

2021-02-05 13:31:14 - [MESSAGE][PASSED] - Click button "Search"

2021-02-05 13:31:14 - [TEST_STEP][PASSED] - Verify Search Result Presents: Verify Search Result Presents

2021-02-05 13:31:14 - [MESSAGE][PASSED] - Object '' is present

2021-02-05 13:31:15 - [MESSAGE][PASSED] - Verify Search Result Presents

2021-02-05 13:31:15 - [TEST_STEP][PASSED] - Click View Detail: Click View Detail

2021-02-05 13:31:15 - [MESSAGE][PASSED] - Object '' is present

2021-02-05 13:31:15 - [MESSAGE][PASSED] - Object: '' is clicked on

2021-02-05 13:31:15 - [MESSAGE][PASSED] - Click View Detail

2021-02-05 13:31:15 - [TEST_STEP][PASSED] - Verify Information in View Detail: Verify Information in View Detail

2021-02-05 13:31:18 - [MESSAGE][PASSED] - Delayed 3 second(s)

2021-02-05 13:31:18 - [MESSAGE][PASSED] - Attribute 'value' of object '' is: '3900014152'

2021-02-05 13:31:21 - [MESSAGE][PASSED] - Delayed 3 second(s)

2021-02-05 13:31:21 - [MESSAGE][PASSED] - Attribute 'value' of object '' is: 'IDITXLeks TESTERbIvIvO'

2021-02-05 13:31:24 - [MESSAGE][PASSED] - Delayed 3 second(s)

2021-02-05 13:31:24 - [MESSAGE][PASSED] - Attribute 'value' of object '' is: 'Success to Disburse'

2021-02-05 13:31:27 - [MESSAGE][PASSED] - Delayed 3 second(s)

2021-02-05 13:31:27 - [MESSAGE][PASSED] - Attribute 'value' of object '' is: 'Rp 7,000,000'

2021-02-05 13:31:30 - [MESSAGE][PASSED] - Delayed 3 second(s)

2021-02-05 13:31:30 - [MESSAGE][PASSED] - Attribute 'value' of object '' is: 'KESEJAHTERAAN EKONOMI'

2021-02-05 13:31:33 - [MESSAGE][PASSED] - Delayed 3 second(s)

2021-02-05 13:31:33 - [MESSAGE][PASSED] - Attribute 'value' of object '' is: '1'

2021-02-05 13:31:36 - [MESSAGE][PASSED] - Delayed 3 second(s)

2021-02-05 13:31:36 - [MESSAGE][PASSED] - Attribute 'value' of object '' is: 'NAMA ADA DISINI'

2021-02-05 13:31:39 - [MESSAGE][PASSED] - Delayed 3 second(s)

2021-02-05 13:31:39 - [MESSAGE][PASSED] - Attribute 'value' of object '' is: 'KESEJAHTERAAN EKONOMI'

2021-02-05 13:31:42 - [MESSAGE][PASSED] - Delayed 3 second(s)

2021-02-05 13:31:42 - [MESSAGE][PASSED] - Attribute 'value' of object '' is: ''

2021-02-05 13:31:45 - [MESSAGE][PASSED] - Delayed 3 second(s)

2021-02-05 13:31:45 - [MESSAGE][PASSED] - Attribute 'value' of object '' is: ''

2021-02-05 13:31:45 - [MESSAGE][PASSED] - Text of object '' is: 'Date'

2021-02-05 13:31:45 - [MESSAGE][PASSED] - Text of object '' is: 'Status'

2021-02-05 13:31:45 - [MESSAGE][PASSED] - Text of object '' is: 'Updated Information'

2021-02-05 13:31:45 - [MESSAGE][PASSED] - Text of object '' is: 'Last Update By'

2021-02-05 13:31:45 - [MESSAGE][PASSED] - Text of object '' is: 'Department'

2021-02-05 13:31:46 - [MESSAGE][PASSED] - Verify Information in View Detail

2021-02-05 13:31:46 - [TEST_STEP][PASSED] - Click button "Logout": Click button "Logout"

2021-02-05 13:31:46 - [MESSAGE][INFO] - >>>>>//Button[contains(text(),'Logout')]

2021-02-05 13:31:49 - [MESSAGE][PASSED] - Object '' is present

2021-02-05 13:31:49 - [MESSAGE][PASSED] - Object: '' is clicked on

2021-02-05 13:31:49 - [MESSAGE][PASSED] - Switched to window with index: '0'

2021-02-05 13:31:49 - [MESSAGE][PASSED] - Click button "Logout"

2021-02-05 13:31:49 - [TEST_STEP][PASSED] - Close browser: Close browser

2021-02-05 13:31:49 - [MESSAGE][PASSED] - Browser is closed

2021-02-05 13:31:49 - [MESSAGE][PASSED] - Close browser

2021-02-05 13:31:49 - [MESSAGE][PASSED] - Feature file: 'Include/features/IST_Real/RTD/Dashboard_for_BO_In_Payment/View_Detail.feature' was passed]]></system-out>
         <system-err><![CDATA[]]></system-err>
      </testcase>
      <testcase name="Test Cases/RTD/Dashboard for BO in Payment/TC_Export_Data" time="13.662" classname="Test Cases/RTD/Dashboard for BO in Payment/TC_Export_Data" status="PASSED">
         <system-out><![CDATA[2021-02-05 13:31:49 - [TEST_CASE][PASSED] - Test Cases/RTD/Dashboard for BO in Payment/TC_Export_Data: Test Cases/RTD/Dashboard for BO in Payment/TC_Export_Data

2021-02-05 13:31:49 - [TEST_STEP][PASSED] - runFeatureFile("Include/features/IST_Real/RTD/Dashboard_for_BO_In_Payment/Export_Data.feature"): Feature file: 'Include/features/IST_Real/RTD/Dashboard_for_BO_In_Payment/Export_Data.feature' was passed

2021-02-05 13:31:49 - [MESSAGE][INFO] - Starting run keyword runFeatureFile: 'Include/features/IST_Real/RTD/Dashboard_for_BO_In_Payment/Export_Data.feature' and extract report to folder: '/Users/chaidir.pratama01/Katalon Studio/IST_Automation_Git/Reports/20210205_131034/RTD/TS_Dashboard_for_BO_In_Payment/20210205_131038/cucumber_report/1612506709580'...

2021-02-05 13:31:49 - [TEST_CASE][PASSED] - Start Test Case : SCENARIO Export Data: SCENARIO Export Data

2021-02-05 13:31:49 - [TEST_STEP][PASSED] - Go to ISTools: Go to ISTools

2021-02-05 13:31:49 - [MESSAGE][INFO] - Starting 'Chrome (headless)' driver

2021-02-05 13:31:49 - [MESSAGE][INFO] - User set preference: ['args', '[--start-maximized, --disable-gpu, --no-proxy-server, â€“-no-sandbox, --allow-running-insecure-content, --ignore-certificate-errors, window-size=1680,814, force-device-scale-factor=2, --lang=en-GB]']

2021-02-05 13:31:49 - [MESSAGE][INFO] - User set preference: ['prefs', '{download.default_directory=/Users/chaidir.pratama01/Katalon Studio/IST_Automation_Git/Download}']

2021-02-05 13:31:49 - [MESSAGE][INFO] - Action delay is set to 0 milliseconds

2021-02-05 13:31:50 - [MESSAGE][PASSED] - Browser is opened with url: ''

2021-02-05 13:31:53 - [MESSAGE][PASSED] - Navigate to 'https://dev-istools.homecredit.id/foundation/' successfully

2021-02-05 13:31:53 - [MESSAGE][PASSED] - Go to ISTools

2021-02-05 13:31:53 - [TEST_STEP][PASSED] - Login IST with valid credentials: Login IST with valid credentials

2021-02-05 13:31:54 - [MESSAGE][PASSED] - Text 'mobile.test' is set on object 'Object Repository/Page_/input_Username_j_username'

2021-02-05 13:31:54 - [MESSAGE][PASSED] - Text ****** has been set on object 'Object Repository/Page_/input_Password_j_password'

2021-02-05 13:31:55 - [MESSAGE][PASSED] - Object: 'Object Repository/Page_/button_Login' is clicked on

2021-02-05 13:31:55 - [MESSAGE][PASSED] - Login IST with valid credentials

2021-02-05 13:31:55 - [TEST_STEP][PASSED] - Login Success: Login Success

2021-02-05 13:31:55 - [MESSAGE][INFO] - Login Success

2021-02-05 13:31:55 - [MESSAGE][PASSED] - Current window maximized

2021-02-05 13:31:55 - [MESSAGE][PASSED] - Object 'Object Repository/Page_/h1_Welcome to IT Supporting Tools' is present

2021-02-05 13:31:55 - [MESSAGE][PASSED] - Login Success

2021-02-05 13:31:55 - [TEST_STEP][PASSED] - Select Arrow Menu "Real Time Disbursement": Select Arrow Menu "Real Time Disbursement"

2021-02-05 13:31:55 - [MESSAGE][PASSED] - Object: '' is clicked on

2021-02-05 13:31:55 - [MESSAGE][PASSED] - Select Arrow Menu "Real Time Disbursement"

2021-02-05 13:31:55 - [TEST_STEP][PASSED] - Select Menu "Dashboard for BO In Payment": Select Menu "Dashboard for BO In Payment"

2021-02-05 13:31:55 - [MESSAGE][PASSED] - Taking screenshot successfully
[[ATTACHMENT|/Users/chaidir.pratama01/Documents/Docs/Katalon Studio/Screenshot/test-Dashboard for BO In Payment.png]]

2021-02-05 13:31:55 - [MESSAGE][PASSED] - Object '' is present

2021-02-05 13:31:56 - [MESSAGE][PASSED] - Object: '' is clicked on

2021-02-05 13:31:56 - [MESSAGE][PASSED] - Wait for page load successfully

2021-02-05 13:31:56 - [MESSAGE][PASSED] - Select Menu "Dashboard for BO In Payment"

2021-02-05 13:31:56 - [TEST_STEP][PASSED] - Input Contract RTD in Contract Number label: Input Contract RTD in Contract Number label

2021-02-05 13:31:56 - [MESSAGE][PASSED] - Text '4000014162' is set on object ''

2021-02-05 13:31:56 - [MESSAGE][PASSED] - Input Contract RTD in Contract Number label

2021-02-05 13:31:56 - [TEST_STEP][PASSED] - Click button "Search": Click button "Search"

2021-02-05 13:31:56 - [MESSAGE][INFO] - >>>>>//Button[contains(text(),'Search')]

2021-02-05 13:31:59 - [MESSAGE][PASSED] - Object '' is present

2021-02-05 13:31:59 - [MESSAGE][PASSED] - Object: '' is clicked on

2021-02-05 13:31:59 - [MESSAGE][PASSED] - Switched to window with index: '0'

2021-02-05 13:31:59 - [MESSAGE][PASSED] - Click button "Search"

2021-02-05 13:31:59 - [TEST_STEP][PASSED] - Verify Table Filled: Verify Table Filled

2021-02-05 13:31:59 - [MESSAGE][PASSED] - Object '' is present

2021-02-05 13:31:59 - [MESSAGE][PASSED] - Verify Table Filled

2021-02-05 13:31:59 - [TEST_STEP][PASSED] - Click button "Export Data": Click button "Export Data"

2021-02-05 13:31:59 - [MESSAGE][INFO] - >>>>>//Button[contains(text(),'Export Data')]

2021-02-05 13:32:02 - [MESSAGE][PASSED] - Object: '' is clicked on

2021-02-05 13:32:03 - [MESSAGE][PASSED] - Taking screenshot successfully
[[ATTACHMENT|/Users/chaidir.pratama01/Documents/Docs/Katalon Studio/Screenshot/Download_data.png]]

2021-02-05 13:32:03 - [MESSAGE][PASSED] - Click button "Export Data"

2021-02-05 13:32:03 - [MESSAGE][PASSED] - Feature file: 'Include/features/IST_Real/RTD/Dashboard_for_BO_In_Payment/Export_Data.feature' was passed]]></system-out>
         <system-err><![CDATA[]]></system-err>
      </testcase>
      <testcase name="Test Cases/RTD/Dashboard for BO in Payment/TC_Generate_Outpayment" time="40.674" classname="Test Cases/RTD/Dashboard for BO in Payment/TC_Generate_Outpayment" status="PASSED">
         <system-out><![CDATA[2021-02-05 13:32:03 - [TEST_CASE][PASSED] - Test Cases/RTD/Dashboard for BO in Payment/TC_Generate_Outpayment: Test Cases/RTD/Dashboard for BO in Payment/TC_Generate_Outpayment

2021-02-05 13:32:03 - [TEST_STEP][PASSED] - runFeatureFile("Include/features/IST_Real/RTD/Dashboard_for_BO_In_Payment/Generate_Outpayment.feature"): Feature file: 'Include/features/IST_Real/RTD/Dashboard_for_BO_In_Payment/Generate_Outpayment.feature' was passed

2021-02-05 13:32:03 - [MESSAGE][INFO] - Starting run keyword runFeatureFile: 'Include/features/IST_Real/RTD/Dashboard_for_BO_In_Payment/Generate_Outpayment.feature' and extract report to folder: '/Users/chaidir.pratama01/Katalon Studio/IST_Automation_Git/Reports/20210205_131034/RTD/TS_Dashboard_for_BO_In_Payment/20210205_131038/cucumber_report/1612506723239'...

2021-02-05 13:32:03 - [TEST_CASE][PASSED] - Start Test Case : SCENARIO Genrate Outpayment without select checkbox: SCENARIO Genrate Outpayment without select checkbox

2021-02-05 13:32:03 - [TEST_STEP][PASSED] - Go to ISTools: Go to ISTools

2021-02-05 13:32:03 - [MESSAGE][WARNING] - A browser is already opened. Closing browser and opening a new one

2021-02-05 13:32:03 - [MESSAGE][INFO] - Starting 'Chrome (headless)' driver

2021-02-05 13:32:03 - [MESSAGE][INFO] - User set preference: ['args', '[--start-maximized, --disable-gpu, --no-proxy-server, â€“-no-sandbox, --allow-running-insecure-content, --ignore-certificate-errors, window-size=1680,814, force-device-scale-factor=2, --lang=en-GB]']

2021-02-05 13:32:03 - [MESSAGE][INFO] - User set preference: ['prefs', '{download.default_directory=/Users/chaidir.pratama01/Katalon Studio/IST_Automation_Git/Download}']

2021-02-05 13:32:03 - [MESSAGE][INFO] - Action delay is set to 0 milliseconds

2021-02-05 13:32:03 - [MESSAGE][PASSED] - Browser is opened with url: ''

2021-02-05 13:32:08 - [MESSAGE][PASSED] - Navigate to 'https://dev-istools.homecredit.id/foundation/' successfully

2021-02-05 13:32:08 - [MESSAGE][PASSED] - Go to ISTools

2021-02-05 13:32:08 - [TEST_STEP][PASSED] - Login IST with valid credentials: Login IST with valid credentials

2021-02-05 13:32:08 - [MESSAGE][PASSED] - Text 'mobile.test' is set on object 'Object Repository/Page_/input_Username_j_username'

2021-02-05 13:32:08 - [MESSAGE][PASSED] - Text ****** has been set on object 'Object Repository/Page_/input_Password_j_password'

2021-02-05 13:32:09 - [MESSAGE][PASSED] - Object: 'Object Repository/Page_/button_Login' is clicked on

2021-02-05 13:32:09 - [MESSAGE][PASSED] - Login IST with valid credentials

2021-02-05 13:32:09 - [TEST_STEP][PASSED] - Login Success: Login Success

2021-02-05 13:32:09 - [MESSAGE][INFO] - Login Success

2021-02-05 13:32:09 - [MESSAGE][PASSED] - Current window maximized

2021-02-05 13:32:09 - [MESSAGE][PASSED] - Object 'Object Repository/Page_/h1_Welcome to IT Supporting Tools' is present

2021-02-05 13:32:09 - [MESSAGE][PASSED] - Login Success

2021-02-05 13:32:09 - [TEST_STEP][PASSED] - Select Arrow Menu "Real Time Disbursement": Select Arrow Menu "Real Time Disbursement"

2021-02-05 13:32:10 - [MESSAGE][PASSED] - Object: '' is clicked on

2021-02-05 13:32:10 - [MESSAGE][PASSED] - Select Arrow Menu "Real Time Disbursement"

2021-02-05 13:32:10 - [TEST_STEP][PASSED] - Select Menu "Dashboard for BO In Payment": Select Menu "Dashboard for BO In Payment"

2021-02-05 13:32:10 - [MESSAGE][PASSED] - Taking screenshot successfully
[[ATTACHMENT|/Users/chaidir.pratama01/Documents/Docs/Katalon Studio/Screenshot/test-Dashboard for BO In Payment.png]]

2021-02-05 13:32:10 - [MESSAGE][PASSED] - Object '' is present

2021-02-05 13:32:10 - [MESSAGE][PASSED] - Object: '' is clicked on

2021-02-05 13:32:10 - [MESSAGE][PASSED] - Wait for page load successfully

2021-02-05 13:32:10 - [MESSAGE][PASSED] - Select Menu "Dashboard for BO In Payment"

2021-02-05 13:32:10 - [TEST_STEP][PASSED] - Select STATUS "Manual Disbursement": Select STATUS "Manual Disbursement"

2021-02-05 13:32:11 - [MESSAGE][PASSED] - All options with value 'Manual Disbursement' are selected in object ''  using regular expression

2021-02-05 13:32:11 - [MESSAGE][PASSED] - Select STATUS "Manual Disbursement"

2021-02-05 13:32:11 - [TEST_STEP][PASSED] - Click button "Search": Click button "Search"

2021-02-05 13:32:11 - [MESSAGE][INFO] - >>>>>//Button[contains(text(),'Search')]

2021-02-05 13:32:14 - [MESSAGE][PASSED] - Object '' is present

2021-02-05 13:32:14 - [MESSAGE][PASSED] - Object: '' is clicked on

2021-02-05 13:32:14 - [MESSAGE][PASSED] - Switched to window with index: '0'

2021-02-05 13:32:14 - [MESSAGE][PASSED] - Click button "Search"

2021-02-05 13:32:14 - [TEST_STEP][PASSED] - Verify Table Filled: Verify Table Filled

2021-02-05 13:32:14 - [MESSAGE][PASSED] - Object '' is present

2021-02-05 13:32:14 - [MESSAGE][PASSED] - Verify Table Filled

2021-02-05 13:32:14 - [TEST_STEP][PASSED] - Click button "Generate Outpayment": Click button "Generate Outpayment"

2021-02-05 13:32:14 - [MESSAGE][INFO] - >>>>>//Button[contains(text(),'Generate Outpayment')]

2021-02-05 13:32:17 - [MESSAGE][PASSED] - Object '' is present

2021-02-05 13:32:17 - [MESSAGE][PASSED] - Object: '' is clicked on

2021-02-05 13:32:17 - [MESSAGE][PASSED] - Switched to window with index: '0'

2021-02-05 13:32:17 - [MESSAGE][PASSED] - Click button "Generate Outpayment"

2021-02-05 13:32:17 - [TEST_STEP][PASSED] - Get text from pop up "Warning Message" with text "Warning : No data selected !": Get text from pop up "Warning Message" with text "Warning : No data selected !"

2021-02-05 13:32:18 - [MESSAGE][PASSED] - Taking screenshot successfully
[[ATTACHMENT|/Users/chaidir.pratama01/Documents/Docs/Katalon Studio/Screenshot/errorpopup.png]]

2021-02-05 13:32:18 - [MESSAGE][PASSED] - Object '' is present

2021-02-05 13:32:18 - [MESSAGE][PASSED] - Wait for page load successfully

2021-02-05 13:32:18 - [MESSAGE][PASSED] - Wait for page load successfully

2021-02-05 13:32:18 - [MESSAGE][PASSED] - Get text from pop up "Warning Message" with text "Warning : No data selected !"

2021-02-05 13:32:18 - [TEST_STEP][PASSED] - Click button "OK": Click button "OK"

2021-02-05 13:32:18 - [MESSAGE][INFO] - >>>>>//Button[contains(text(),'OK')]

2021-02-05 13:32:21 - [MESSAGE][PASSED] - Object '' is present

2021-02-05 13:32:21 - [MESSAGE][PASSED] - Object: '' is clicked on

2021-02-05 13:32:21 - [MESSAGE][PASSED] - Switched to window with index: '0'

2021-02-05 13:32:21 - [MESSAGE][PASSED] - Click button "OK"

2021-02-05 13:32:21 - [TEST_STEP][PASSED] - Click button "Logout": Click button "Logout"

2021-02-05 13:32:21 - [MESSAGE][INFO] - >>>>>//Button[contains(text(),'Logout')]

2021-02-05 13:32:24 - [MESSAGE][PASSED] - Object '' is present

2021-02-05 13:32:24 - [MESSAGE][PASSED] - Object: '' is clicked on

2021-02-05 13:32:24 - [MESSAGE][PASSED] - Switched to window with index: '0'

2021-02-05 13:32:24 - [MESSAGE][PASSED] - Click button "Logout"

2021-02-05 13:32:24 - [TEST_STEP][PASSED] - Close browser: Close browser

2021-02-05 13:32:24 - [MESSAGE][PASSED] - Browser is closed

2021-02-05 13:32:24 - [MESSAGE][PASSED] - Close browser

2021-02-05 13:32:24 - [TEST_CASE][PASSED] - Start Test Case : SCENARIO Genrate Outpayment and select checkbox first: SCENARIO Genrate Outpayment and select checkbox first

2021-02-05 13:32:24 - [TEST_STEP][PASSED] - Go to ISTools: Go to ISTools

2021-02-05 13:32:24 - [MESSAGE][INFO] - Starting 'Chrome (headless)' driver

2021-02-05 13:32:24 - [MESSAGE][INFO] - User set preference: ['args', '[--start-maximized, --disable-gpu, --no-proxy-server, â€“-no-sandbox, --allow-running-insecure-content, --ignore-certificate-errors, window-size=1680,814, force-device-scale-factor=2, --lang=en-GB]']

2021-02-05 13:32:24 - [MESSAGE][INFO] - User set preference: ['prefs', '{download.default_directory=/Users/chaidir.pratama01/Katalon Studio/IST_Automation_Git/Download}']

2021-02-05 13:32:24 - [MESSAGE][INFO] - Action delay is set to 0 milliseconds

2021-02-05 13:32:24 - [MESSAGE][PASSED] - Browser is opened with url: ''

2021-02-05 13:32:27 - [MESSAGE][PASSED] - Navigate to 'https://dev-istools.homecredit.id/foundation/' successfully

2021-02-05 13:32:27 - [MESSAGE][PASSED] - Go to ISTools

2021-02-05 13:32:27 - [TEST_STEP][PASSED] - Login IST with valid credentials: Login IST with valid credentials

2021-02-05 13:32:28 - [MESSAGE][PASSED] - Text 'mobile.test' is set on object 'Object Repository/Page_/input_Username_j_username'

2021-02-05 13:32:28 - [MESSAGE][PASSED] - Text ****** has been set on object 'Object Repository/Page_/input_Password_j_password'

2021-02-05 13:32:28 - [MESSAGE][PASSED] - Object: 'Object Repository/Page_/button_Login' is clicked on

2021-02-05 13:32:28 - [MESSAGE][PASSED] - Login IST with valid credentials

2021-02-05 13:32:28 - [TEST_STEP][PASSED] - Login Success: Login Success

2021-02-05 13:32:28 - [MESSAGE][INFO] - Login Success

2021-02-05 13:32:28 - [MESSAGE][PASSED] - Current window maximized

2021-02-05 13:32:28 - [MESSAGE][PASSED] - Object 'Object Repository/Page_/h1_Welcome to IT Supporting Tools' is present

2021-02-05 13:32:28 - [MESSAGE][PASSED] - Login Success

2021-02-05 13:32:28 - [TEST_STEP][PASSED] - Select Arrow Menu "Real Time Disbursement": Select Arrow Menu "Real Time Disbursement"

2021-02-05 13:32:29 - [MESSAGE][PASSED] - Object: '' is clicked on

2021-02-05 13:32:29 - [MESSAGE][PASSED] - Select Arrow Menu "Real Time Disbursement"

2021-02-05 13:32:29 - [TEST_STEP][PASSED] - Select Menu "Dashboard for BO In Payment": Select Menu "Dashboard for BO In Payment"

2021-02-05 13:32:29 - [MESSAGE][PASSED] - Taking screenshot successfully
[[ATTACHMENT|/Users/chaidir.pratama01/Documents/Docs/Katalon Studio/Screenshot/test-Dashboard for BO In Payment.png]]

2021-02-05 13:32:29 - [MESSAGE][PASSED] - Object '' is present

2021-02-05 13:32:29 - [MESSAGE][PASSED] - Object: '' is clicked on

2021-02-05 13:32:29 - [MESSAGE][PASSED] - Wait for page load successfully

2021-02-05 13:32:29 - [MESSAGE][PASSED] - Select Menu "Dashboard for BO In Payment"

2021-02-05 13:32:29 - [TEST_STEP][PASSED] - Select STATUS "Manual Disbursement": Select STATUS "Manual Disbursement"

2021-02-05 13:32:30 - [MESSAGE][PASSED] - All options with value 'Manual Disbursement' are selected in object ''  using regular expression

2021-02-05 13:32:30 - [MESSAGE][PASSED] - Select STATUS "Manual Disbursement"

2021-02-05 13:32:30 - [TEST_STEP][PASSED] - Click button "Search": Click button "Search"

2021-02-05 13:32:30 - [MESSAGE][INFO] - >>>>>//Button[contains(text(),'Search')]

2021-02-05 13:32:33 - [MESSAGE][PASSED] - Object '' is present

2021-02-05 13:32:33 - [MESSAGE][PASSED] - Object: '' is clicked on

2021-02-05 13:32:33 - [MESSAGE][PASSED] - Switched to window with index: '0'

2021-02-05 13:32:33 - [MESSAGE][PASSED] - Click button "Search"

2021-02-05 13:32:33 - [TEST_STEP][PASSED] - Verify Table Filled: Verify Table Filled

2021-02-05 13:32:33 - [MESSAGE][PASSED] - Object '' is present

2021-02-05 13:32:33 - [MESSAGE][PASSED] - Verify Table Filled

2021-02-05 13:32:33 - [TEST_STEP][PASSED] - Click Checkbox: Click Checkbox

2021-02-05 13:32:33 - [MESSAGE][PASSED] - Object: '' is clicked on

2021-02-05 13:32:33 - [MESSAGE][PASSED] - Click Checkbox

2021-02-05 13:32:33 - [TEST_STEP][PASSED] - Click button "Generate Outpayment": Click button "Generate Outpayment"

2021-02-05 13:32:33 - [MESSAGE][INFO] - >>>>>//Button[contains(text(),'Generate Outpayment')]

2021-02-05 13:32:36 - [MESSAGE][PASSED] - Object '' is present

2021-02-05 13:32:36 - [MESSAGE][PASSED] - Object: '' is clicked on

2021-02-05 13:32:36 - [MESSAGE][PASSED] - Switched to window with index: '0'

2021-02-05 13:32:36 - [MESSAGE][PASSED] - Click button "Generate Outpayment"

2021-02-05 13:32:36 - [TEST_STEP][PASSED] - Get text from pop up "Success Message" with text "Generate Outpayment File Success": Get text from pop up "Success Message" with text "Generate Outpayment File Success"

2021-02-05 13:32:37 - [MESSAGE][PASSED] - Taking screenshot successfully
[[ATTACHMENT|/Users/chaidir.pratama01/Documents/Docs/Katalon Studio/Screenshot/errorpopup.png]]

2021-02-05 13:32:37 - [MESSAGE][PASSED] - Object '' is present

2021-02-05 13:32:37 - [MESSAGE][PASSED] - Wait for page load successfully

2021-02-05 13:32:37 - [MESSAGE][PASSED] - Wait for page load successfully

2021-02-05 13:32:37 - [MESSAGE][PASSED] - Get text from pop up "Success Message" with text "Generate Outpayment File Success"

2021-02-05 13:32:37 - [TEST_STEP][PASSED] - Click button "OK": Click button "OK"

2021-02-05 13:32:37 - [MESSAGE][INFO] - >>>>>//Button[contains(text(),'OK')]

2021-02-05 13:32:40 - [MESSAGE][PASSED] - Object '' is present

2021-02-05 13:32:40 - [MESSAGE][PASSED] - Object: '' is clicked on

2021-02-05 13:32:40 - [MESSAGE][PASSED] - Switched to window with index: '0'

2021-02-05 13:32:40 - [MESSAGE][PASSED] - Click button "OK"

2021-02-05 13:32:40 - [TEST_STEP][PASSED] - Click button "Logout": Click button "Logout"

2021-02-05 13:32:40 - [MESSAGE][INFO] - >>>>>//Button[contains(text(),'Logout')]

2021-02-05 13:32:43 - [MESSAGE][PASSED] - Object '' is present

2021-02-05 13:32:43 - [MESSAGE][PASSED] - Object: '' is clicked on

2021-02-05 13:32:43 - [MESSAGE][PASSED] - Switched to window with index: '0'

2021-02-05 13:32:43 - [MESSAGE][PASSED] - Click button "Logout"

2021-02-05 13:32:43 - [TEST_STEP][PASSED] - Close browser: Close browser

2021-02-05 13:32:43 - [MESSAGE][PASSED] - Browser is closed

2021-02-05 13:32:43 - [MESSAGE][PASSED] - Close browser

2021-02-05 13:32:43 - [MESSAGE][PASSED] - Feature file: 'Include/features/IST_Real/RTD/Dashboard_for_BO_In_Payment/Generate_Outpayment.feature' was passed]]></system-out>
         <system-err><![CDATA[]]></system-err>
      </testcase>
      <testcase name="Test Cases/RTD/Dashboard for BO in Payment/TC_Search_by_Contract_Number" time="12.623" classname="Test Cases/RTD/Dashboard for BO in Payment/TC_Search_by_Contract_Number" status="PASSED">
         <system-out><![CDATA[2021-02-05 13:32:43 - [TEST_CASE][PASSED] - Test Cases/RTD/Dashboard for BO in Payment/TC_Search_by_Contract_Number: Test Cases/RTD/Dashboard for BO in Payment/TC_Search_by_Contract_Number

2021-02-05 13:32:43 - [TEST_STEP][PASSED] - runFeatureFile("Include/features/IST_Real/RTD/Dashboard_for_BO_In_Payment/Search_by_Contract_Number.feature"): Feature file: 'Include/features/IST_Real/RTD/Dashboard_for_BO_In_Payment/Search_by_Contract_Number.feature' was passed

2021-02-05 13:32:43 - [MESSAGE][INFO] - Starting run keyword runFeatureFile: 'Include/features/IST_Real/RTD/Dashboard_for_BO_In_Payment/Search_by_Contract_Number.feature' and extract report to folder: '/Users/chaidir.pratama01/Katalon Studio/IST_Automation_Git/Reports/20210205_131034/RTD/TS_Dashboard_for_BO_In_Payment/20210205_131038/cucumber_report/1612506763926'...

2021-02-05 13:32:44 - [TEST_CASE][PASSED] - Start Test Case : SCENARIO Search by Contract Number and it found on Dashboard: SCENARIO Search by Contract Number and it found on Dashboard

2021-02-05 13:32:44 - [TEST_STEP][PASSED] - Go to ISTools: Go to ISTools

2021-02-05 13:32:44 - [MESSAGE][INFO] - Starting 'Chrome (headless)' driver

2021-02-05 13:32:44 - [MESSAGE][INFO] - User set preference: ['args', '[--start-maximized, --disable-gpu, --no-proxy-server, â€“-no-sandbox, --allow-running-insecure-content, --ignore-certificate-errors, window-size=1680,814, force-device-scale-factor=2, --lang=en-GB]']

2021-02-05 13:32:44 - [MESSAGE][INFO] - User set preference: ['prefs', '{download.default_directory=/Users/chaidir.pratama01/Katalon Studio/IST_Automation_Git/Download}']

2021-02-05 13:32:44 - [MESSAGE][INFO] - Action delay is set to 0 milliseconds

2021-02-05 13:32:44 - [MESSAGE][PASSED] - Browser is opened with url: ''

2021-02-05 13:32:46 - [MESSAGE][PASSED] - Navigate to 'https://dev-istools.homecredit.id/foundation/' successfully

2021-02-05 13:32:46 - [MESSAGE][PASSED] - Go to ISTools

2021-02-05 13:32:46 - [TEST_STEP][PASSED] - Login IST with valid credentials: Login IST with valid credentials

2021-02-05 13:32:46 - [MESSAGE][PASSED] - Text 'mobile.test' is set on object 'Object Repository/Page_/input_Username_j_username'

2021-02-05 13:32:47 - [MESSAGE][PASSED] - Text ****** has been set on object 'Object Repository/Page_/input_Password_j_password'

2021-02-05 13:32:47 - [MESSAGE][PASSED] - Object: 'Object Repository/Page_/button_Login' is clicked on

2021-02-05 13:32:47 - [MESSAGE][PASSED] - Login IST with valid credentials

2021-02-05 13:32:47 - [TEST_STEP][PASSED] - Login Success: Login Success

2021-02-05 13:32:47 - [MESSAGE][INFO] - Login Success

2021-02-05 13:32:47 - [MESSAGE][PASSED] - Current window maximized

2021-02-05 13:32:47 - [MESSAGE][PASSED] - Object 'Object Repository/Page_/h1_Welcome to IT Supporting Tools' is present

2021-02-05 13:32:47 - [MESSAGE][PASSED] - Login Success

2021-02-05 13:32:47 - [TEST_STEP][PASSED] - Select Arrow Menu "Real Time Disbursement": Select Arrow Menu "Real Time Disbursement"

2021-02-05 13:32:47 - [MESSAGE][PASSED] - Object: '' is clicked on

2021-02-05 13:32:47 - [MESSAGE][PASSED] - Select Arrow Menu "Real Time Disbursement"

2021-02-05 13:32:47 - [TEST_STEP][PASSED] - Select Menu "Dashboard for BO In Payment": Select Menu "Dashboard for BO In Payment"

2021-02-05 13:32:48 - [MESSAGE][PASSED] - Taking screenshot successfully
[[ATTACHMENT|/Users/chaidir.pratama01/Documents/Docs/Katalon Studio/Screenshot/test-Dashboard for BO In Payment.png]]

2021-02-05 13:32:48 - [MESSAGE][PASSED] - Object '' is present

2021-02-05 13:32:48 - [MESSAGE][PASSED] - Object: '' is clicked on

2021-02-05 13:32:48 - [MESSAGE][PASSED] - Wait for page load successfully

2021-02-05 13:32:48 - [MESSAGE][PASSED] - Select Menu "Dashboard for BO In Payment"

2021-02-05 13:32:48 - [TEST_STEP][PASSED] - Input Contract RTD in Contract Number label: Input Contract RTD in Contract Number label

2021-02-05 13:32:49 - [MESSAGE][PASSED] - Text '4000014162' is set on object ''

2021-02-05 13:32:49 - [MESSAGE][PASSED] - Input Contract RTD in Contract Number label

2021-02-05 13:32:49 - [TEST_STEP][PASSED] - Click button "Search": Click button "Search"

2021-02-05 13:32:49 - [MESSAGE][INFO] - >>>>>//Button[contains(text(),'Search')]

2021-02-05 13:32:52 - [MESSAGE][PASSED] - Object '' is present

2021-02-05 13:32:52 - [MESSAGE][PASSED] - Object: '' is clicked on

2021-02-05 13:32:52 - [MESSAGE][PASSED] - Switched to window with index: '0'

2021-02-05 13:32:52 - [MESSAGE][PASSED] - Click button "Search"

2021-02-05 13:32:52 - [TEST_STEP][PASSED] - Verify Search Result Presents: Verify Search Result Presents

2021-02-05 13:32:52 - [MESSAGE][PASSED] - Object '' is present

2021-02-05 13:32:53 - [MESSAGE][PASSED] - Verify Search Result Presents

2021-02-05 13:32:53 - [TEST_STEP][PASSED] - Click button "Logout": Click button "Logout"

2021-02-05 13:32:53 - [MESSAGE][INFO] - >>>>>//Button[contains(text(),'Logout')]

2021-02-05 13:32:56 - [MESSAGE][PASSED] - Object '' is present

2021-02-05 13:32:56 - [MESSAGE][PASSED] - Object: '' is clicked on

2021-02-05 13:32:56 - [MESSAGE][PASSED] - Switched to window with index: '0'

2021-02-05 13:32:56 - [MESSAGE][PASSED] - Click button "Logout"

2021-02-05 13:32:56 - [TEST_STEP][PASSED] - Close browser: Close browser

2021-02-05 13:32:56 - [MESSAGE][PASSED] - Browser is closed

2021-02-05 13:32:56 - [MESSAGE][PASSED] - Close browser

2021-02-05 13:32:56 - [MESSAGE][PASSED] - Feature file: 'Include/features/IST_Real/RTD/Dashboard_for_BO_In_Payment/Search_by_Contract_Number.feature' was passed]]></system-out>
         <system-err><![CDATA[]]></system-err>
      </testcase>
      <system-out><![CDATA[2021-02-05 13:28:10 - [TEST_SUITE][PASSED] - TS_Dashboard_for_BO_In_Payment: Test Cases/RTD/Dashboard for BO in Payment/TC_Search_by_Contract_Number]]></system-out>
      <system-err><![CDATA[]]></system-err>
   </testsuite>
   <testsuite name="TS_Dashboard_for_Risk" tests="4" failures="1" errors="0" time="248.718" timestamp="2021-02-05 13:33:51" hostname="chaidir.pratama01 - localhost" id="Test Suites/RTD/TS_Dashboard_for_Risk">
      <properties>
         <property name="deviceName" value=""/>
         <property name="devicePlatform" value=""/>
         <property name="logFolder" value="/Users/chaidir.pratama01/Katalon Studio/IST_Automation_Git/Reports/20210205_131034/RTD/TS_Dashboard_for_Risk/20210205_131039"/>
         <property name="logFiles" value="/Users/chaidir.pratama01/Katalon Studio/IST_Automation_Git/Reports/20210205_131034/RTD/TS_Dashboard_for_Risk/20210205_131039/execution0.log"/>
         <property name="attachments" value="/Users/chaidir.pratama01/Documents/Docs/Katalon Studio/Screenshot/test-Dashboard for Risk.png, /Users/chaidir.pratama01/Documents/Docs/Katalon Studio/Screenshot/test-Dashboard for Risk.png, /Users/chaidir.pratama01/Documents/Docs/Katalon Studio/Screenshot/Download_data.png, /Users/chaidir.pratama01/Documents/Docs/Katalon Studio/Screenshot/test-Dashboard for Risk.png, /Users/chaidir.pratama01/Documents/Docs/Katalon Studio/Screenshot/test-Dashboard for Risk.png, /Users/chaidir.pratama01/Documents/Docs/Katalon Studio/Screenshot/test-Dashboard for Risk.png, /Users/chaidir.pratama01/Documents/Docs/Katalon Studio/Screenshot/test-Dashboard for Risk.png, /Users/chaidir.pratama01/Documents/Docs/Katalon Studio/Screenshot/test-Dashboard for Risk.png, /Users/chaidir.pratama01/Documents/Docs/Katalon Studio/Screenshot/test-Dashboard for Risk.png, /Users/chaidir.pratama01/Documents/Docs/Katalon Studio/Screenshot/test-Dashboard for Risk.png, /Users/chaidir.pratama01/Katalon Studio/IST_Automation_Git/Reports/20210205_131034/RTD/TS_Dashboard_for_Risk/20210205_131039/1612506989443.png, /Users/chaidir.pratama01/Documents/Docs/Katalon Studio/Screenshot/test-Dashboard for Risk.png, /Users/chaidir.pratama01/Katalon Studio/IST_Automation_Git/Reports/20210205_131034/RTD/TS_Dashboard_for_Risk/20210205_131039/1612507006115.png, /Users/chaidir.pratama01/Documents/Docs/Katalon Studio/Screenshot/test-Dashboard for Risk.png, /Users/chaidir.pratama01/Documents/Docs/Katalon Studio/Screenshot/test-Dashboard for Risk.png, /Users/chaidir.pratama01/Documents/Docs/Katalon Studio/Screenshot/test-Dashboard for Risk.png, /Users/chaidir.pratama01/Documents/Docs/Katalon Studio/Screenshot/test-Dashboard for Risk.png"/>
         <property name="hostName" value="chaidir.pratama01 - localhost"/>
         <property name="os" value="Mac OS X 64bit"/>
         <property name="katalonVersion" value="7.6.0.${buildNumber}"/>
         <property name="browser" value="Chrome 88.0.4324.146"/>
         <property name="hostAddress" value="127.0.0.1"/>
         <property name="sessionId" value="76cbf1ac7eeb651ce59ad40ef4fc3677"/>
         <property name="seleniumVersion" value="3.141.59"/>
         <property name="proxyInformation" value="ProxyInformation { proxyOption=NO_PROXY, proxyServerType=HTTP, username=, password=********, proxyServerAddress=, proxyServerPort=0, executionList=\&quot;\&quot;, isApplyToDesiredCapabilities=true }"/>
         <property name="platform" value="Mac OS X"/>
      </properties>
      <testcase name="Test Cases/RTD/Dashboard for Risk/TC_View_Detail_Dashboard_for_Risk" time="42.931" classname="Test Cases/RTD/Dashboard for Risk/TC_View_Detail_Dashboard_for_Risk" status="FAILED">
         <failure type="FAILED" message="Test Cases/RTD/Dashboard for Risk/TC_View_Detail_Dashboard_for_Risk FAILED.
Reason:
com.kms.katalon.core.exception.StepFailedException: Feature file 'Include/features/IST_Real/RTD/Dashboard_for_Risk/View_Detail_Dashboard_for_Risk.feature' was failed
	at com.kms.katalon.core.keyword.internal.KeywordMain.stepFailed(KeywordMain.groovy:50)
	at com.kms.katalon.core.keyword.internal.KeywordMain.stepFailed(KeywordMain.groovy)
	at com.kms.katalon.core.keyword.internal.KeywordMain.stepFailed(KeywordMain.groovy:23)
	at com.kms.katalon.core.keyword.internal.KeywordMain$stepFailed$0.call(Unknown Source)
	at com.kms.katalon.core.cucumber.keyword.CucumberBuiltinKeywords$_runFeatureFile_closure1.doCall(CucumberBuiltinKeywords.groovy:82)
	at com.kms.katalon.core.cucumber.keyword.CucumberBuiltinKeywords$_runFeatureFile_closure1.doCall(CucumberBuiltinKeywords.groovy)
	at com.kms.katalon.core.keyword.internal.KeywordMain.runKeyword(KeywordMain.groovy:68)
	at com.kms.katalon.core.keyword.internal.KeywordMain$runKeyword.call(Unknown Source)
	at com.kms.katalon.core.cucumber.keyword.CucumberBuiltinKeywords.runFeatureFile(CucumberBuiltinKeywords.groovy:46)
	at com.kms.katalon.core.cucumber.keyword.CucumberBuiltinKeywords$runFeatureFile$0.callStatic(Unknown Source)
	at com.kms.katalon.core.cucumber.keyword.CucumberBuiltinKeywords.runFeatureFile(CucumberBuiltinKeywords.groovy:169)
	at com.kms.katalon.core.cucumber.keyword.CucumberBuiltinKeywords$runFeatureFile.call(Unknown Source)
	at TC_View_Detail_Dashboard_for_Risk.run(TC_View_Detail_Dashboard_for_Risk:18)
	at com.kms.katalon.core.main.ScriptEngine.run(ScriptEngine.java:194)
	at com.kms.katalon.core.main.ScriptEngine.runScriptAsRawText(ScriptEngine.java:119)
	at com.kms.katalon.core.main.TestCaseExecutor.runScript(TestCaseExecutor.java:339)
	at com.kms.katalon.core.main.TestCaseExecutor.doExecute(TestCaseExecutor.java:330)
	at com.kms.katalon.core.main.TestCaseExecutor.processExecutionPhase(TestCaseExecutor.java:309)
	at com.kms.katalon.core.main.TestCaseExecutor.accessMainPhase(TestCaseExecutor.java:301)
	at com.kms.katalon.core.main.TestCaseExecutor.execute(TestCaseExecutor.java:235)
	at com.kms.katalon.core.main.TestSuiteExecutor.accessTestCaseMainPhase(TestSuiteExecutor.java:191)
	at com.kms.katalon.core.main.TestSuiteExecutor.accessTestSuiteMainPhase(TestSuiteExecutor.java:141)
	at com.kms.katalon.core.main.TestSuiteExecutor.execute(TestSuiteExecutor.java:90)
	at com.kms.katalon.core.main.TestCaseMain.startTestSuite(TestCaseMain.java:157)
	at com.kms.katalon.core.main.TestCaseMain$startTestSuite$0.call(Unknown Source)
	at TempTestSuite1612505439932.run(TempTestSuite1612505439932.groovy:39)
"/>
         <system-out><![CDATA[2021-02-05 13:33:51 - [TEST_CASE][FAILED] - Test Cases/RTD/Dashboard for Risk/TC_View_Detail_Dashboard_for_Risk: Test Cases/RTD/Dashboard for Risk/TC_View_Detail_Dashboard_for_Risk FAILED.
Reason:
com.kms.katalon.core.exception.StepFailedException: Feature file 'Include/features/IST_Real/RTD/Dashboard_for_Risk/View_Detail_Dashboard_for_Risk.feature' was failed
	at com.kms.katalon.core.keyword.internal.KeywordMain.stepFailed(KeywordMain.groovy:50)
	at com.kms.katalon.core.keyword.internal.KeywordMain.stepFailed(KeywordMain.groovy)
	at com.kms.katalon.core.keyword.internal.KeywordMain.stepFailed(KeywordMain.groovy:23)
	at com.kms.katalon.core.keyword.internal.KeywordMain$stepFailed$0.call(Unknown Source)
	at com.kms.katalon.core.cucumber.keyword.CucumberBuiltinKeywords$_runFeatureFile_closure1.doCall(CucumberBuiltinKeywords.groovy:82)
	at com.kms.katalon.core.cucumber.keyword.CucumberBuiltinKeywords$_runFeatureFile_closure1.doCall(CucumberBuiltinKeywords.groovy)
	at com.kms.katalon.core.keyword.internal.KeywordMain.runKeyword(KeywordMain.groovy:68)
	at com.kms.katalon.core.keyword.internal.KeywordMain$runKeyword.call(Unknown Source)
	at com.kms.katalon.core.cucumber.keyword.CucumberBuiltinKeywords.runFeatureFile(CucumberBuiltinKeywords.groovy:46)
	at com.kms.katalon.core.cucumber.keyword.CucumberBuiltinKeywords$runFeatureFile$0.callStatic(Unknown Source)
	at com.kms.katalon.core.cucumber.keyword.CucumberBuiltinKeywords.runFeatureFile(CucumberBuiltinKeywords.groovy:169)
	at com.kms.katalon.core.cucumber.keyword.CucumberBuiltinKeywords$runFeatureFile.call(Unknown Source)
	at TC_View_Detail_Dashboard_for_Risk.run(TC_View_Detail_Dashboard_for_Risk:18)
	at com.kms.katalon.core.main.ScriptEngine.run(ScriptEngine.java:194)
	at com.kms.katalon.core.main.ScriptEngine.runScriptAsRawText(ScriptEngine.java:119)
	at com.kms.katalon.core.main.TestCaseExecutor.runScript(TestCaseExecutor.java:339)
	at com.kms.katalon.core.main.TestCaseExecutor.doExecute(TestCaseExecutor.java:330)
	at com.kms.katalon.core.main.TestCaseExecutor.processExecutionPhase(TestCaseExecutor.java:309)
	at com.kms.katalon.core.main.TestCaseExecutor.accessMainPhase(TestCaseExecutor.java:301)
	at com.kms.katalon.core.main.TestCaseExecutor.execute(TestCaseExecutor.java:235)
	at com.kms.katalon.core.main.TestSuiteExecutor.accessTestCaseMainPhase(TestSuiteExecutor.java:191)
	at com.kms.katalon.core.main.TestSuiteExecutor.accessTestSuiteMainPhase(TestSuiteExecutor.java:141)
	at com.kms.katalon.core.main.TestSuiteExecutor.execute(TestSuiteExecutor.java:90)
	at com.kms.katalon.core.main.TestCaseMain.startTestSuite(TestCaseMain.java:157)
	at com.kms.katalon.core.main.TestCaseMain$startTestSuite$0.call(Unknown Source)
	at TempTestSuite1612505439932.run(TempTestSuite1612505439932.groovy:39)


2021-02-05 13:33:51 - [TEST_STEP][FAILED] - runFeatureFile("Include/features/IST_Real/RTD/Dashboard_for_Risk/View_Detail_Dashboard_for_Risk.feature"): Keyword runFeatureFile was failed (Root cause: com.kms.katalon.core.exception.StepFailedException: Feature file 'Include/features/IST_Real/RTD/Dashboard_for_Risk/View_Detail_Dashboard_for_Risk.feature' was failed
	at com.kms.katalon.core.keyword.internal.KeywordMain.stepFailed(KeywordMain.groovy:50)
	at com.kms.katalon.core.keyword.internal.KeywordMain.stepFailed(KeywordMain.groovy)
	at com.kms.katalon.core.keyword.internal.KeywordMain.stepFailed(KeywordMain.groovy:23)
	at com.kms.katalon.core.keyword.internal.KeywordMain$stepFailed$0.call(Unknown Source)
	at com.kms.katalon.core.cucumber.keyword.CucumberBuiltinKeywords$_runFeatureFile_closure1.doCall(CucumberBuiltinKeywords.groovy:82)
	at com.kms.katalon.core.cucumber.keyword.CucumberBuiltinKeywords$_runFeatureFile_closure1.doCall(CucumberBuiltinKeywords.groovy)
	at com.kms.katalon.core.keyword.internal.KeywordMain.runKeyword(KeywordMain.groovy:68)
	at com.kms.katalon.core.keyword.internal.KeywordMain$runKeyword.call(Unknown Source)
	at com.kms.katalon.core.cucumber.keyword.CucumberBuiltinKeywords.runFeatureFile(CucumberBuiltinKeywords.groovy:46)
	at com.kms.katalon.core.cucumber.keyword.CucumberBuiltinKeywords$runFeatureFile$0.callStatic(Unknown Source)
	at com.kms.katalon.core.cucumber.keyword.CucumberBuiltinKeywords.runFeatureFile(CucumberBuiltinKeywords.groovy:169)
	at com.kms.katalon.core.cucumber.keyword.CucumberBuiltinKeywords$runFeatureFile.call(Unknown Source)
	at TC_View_Detail_Dashboard_for_Risk.run(TC_View_Detail_Dashboard_for_Risk:18)
	at com.kms.katalon.core.main.ScriptEngine.run(ScriptEngine.java:194)
	at com.kms.katalon.core.main.ScriptEngine.runScriptAsRawText(ScriptEngine.java:119)
	at com.kms.katalon.core.main.TestCaseExecutor.runScript(TestCaseExecutor.java:339)
	at com.kms.katalon.core.main.TestCaseExecutor.doExecute(TestCaseExecutor.java:330)
	at com.kms.katalon.core.main.TestCaseExecutor.processExecutionPhase(TestCaseExecutor.java:309)
	at com.kms.katalon.core.main.TestCaseExecutor.accessMainPhase(TestCaseExecutor.java:301)
	at com.kms.katalon.core.main.TestCaseExecutor.execute(TestCaseExecutor.java:235)
	at com.kms.katalon.core.main.TestSuiteExecutor.accessTestCaseMainPhase(TestSuiteExecutor.java:191)
	at com.kms.katalon.core.main.TestSuiteExecutor.accessTestSuiteMainPhase(TestSuiteExecutor.java:141)
	at com.kms.katalon.core.main.TestSuiteExecutor.execute(TestSuiteExecutor.java:90)
	at com.kms.katalon.core.main.TestCaseMain.startTestSuite(TestCaseMain.java:157)
	at com.kms.katalon.core.main.TestCaseMain$startTestSuite$0.call(Unknown Source)
	at TempTestSuite1612505439932.run(TempTestSuite1612505439932.groovy:39)
)

2021-02-05 13:33:52 - [MESSAGE][INFO] - Starting run keyword runFeatureFile: 'Include/features/IST_Real/RTD/Dashboard_for_Risk/View_Detail_Dashboard_for_Risk.feature' and extract report to folder: '/Users/chaidir.pratama01/Katalon Studio/IST_Automation_Git/Reports/20210205_131034/RTD/TS_Dashboard_for_Risk/20210205_131039/cucumber_report/1612506832073'...

2021-02-05 13:33:52 - [TEST_CASE][FAILED] - Start Test Case : SCENARIO Search by STATUS Success to Disburse and then View Detail of it: SCENARIO Search by STATUS Success to Disburse and then View Detail of it FAILED.
Reason:
java.lang.AssertionError: COUNT OF TABLE HEADER AND CONTENT ROW MUST BE EQUAL;. Expression: (content_row_count == array_header_table.size()). Values: content_row_count = 11
	at RTD.view_details_information(RTD.groovy:318)
	at âœ½.Verify Information in View Detail(/Users/chaidir.pratama01/Katalon Studio/IST_Automation_Git/Include/features/IST_Real/RTD/Dashboard_for_Risk/View_Detail_Dashboard_for_Risk.feature:36)


2021-02-05 13:33:52 - [TEST_STEP][PASSED] - Go to ISTools: Go to ISTools

2021-02-05 13:33:52 - [MESSAGE][INFO] - Starting 'Chrome (headless)' driver

2021-02-05 13:33:52 - [MESSAGE][INFO] - User set preference: ['args', '[--start-maximized, --disable-gpu, --no-proxy-server, â€“-no-sandbox, --allow-running-insecure-content, --ignore-certificate-errors, window-size=1680,814, force-device-scale-factor=2, --lang=en-GB]']

2021-02-05 13:33:52 - [MESSAGE][INFO] - User set preference: ['prefs', '{download.default_directory=/Users/chaidir.pratama01/Katalon Studio/IST_Automation_Git/Download}']

2021-02-05 13:33:52 - [MESSAGE][INFO] - Action delay is set to 0 milliseconds

2021-02-05 13:33:53 - [MESSAGE][PASSED] - Browser is opened with url: ''

2021-02-05 13:33:56 - [MESSAGE][PASSED] - Navigate to 'https://dev-istools.homecredit.id/foundation/' successfully

2021-02-05 13:33:56 - [MESSAGE][PASSED] - Go to ISTools

2021-02-05 13:33:56 - [TEST_STEP][PASSED] - Login IST with valid credentials: Login IST with valid credentials

2021-02-05 13:33:56 - [MESSAGE][PASSED] - Text 'mobile.test' is set on object 'Object Repository/Page_/input_Username_j_username'

2021-02-05 13:33:57 - [MESSAGE][PASSED] - Text ****** has been set on object 'Object Repository/Page_/input_Password_j_password'

2021-02-05 13:33:58 - [MESSAGE][PASSED] - Object: 'Object Repository/Page_/button_Login' is clicked on

2021-02-05 13:33:58 - [MESSAGE][PASSED] - Login IST with valid credentials

2021-02-05 13:33:58 - [TEST_STEP][PASSED] - Login Success: Login Success

2021-02-05 13:33:58 - [MESSAGE][INFO] - Login Success

2021-02-05 13:33:58 - [MESSAGE][PASSED] - Current window maximized

2021-02-05 13:33:58 - [MESSAGE][PASSED] - Object 'Object Repository/Page_/h1_Welcome to IT Supporting Tools' is present

2021-02-05 13:33:58 - [MESSAGE][PASSED] - Login Success

2021-02-05 13:33:58 - [TEST_STEP][PASSED] - Select Arrow Menu "Real Time Disbursement": Select Arrow Menu "Real Time Disbursement"

2021-02-05 13:33:58 - [MESSAGE][PASSED] - Object: '' is clicked on

2021-02-05 13:33:58 - [MESSAGE][PASSED] - Select Arrow Menu "Real Time Disbursement"

2021-02-05 13:33:58 - [TEST_STEP][PASSED] - Select Menu "Dashboard for Risk": Select Menu "Dashboard for Risk"

2021-02-05 13:33:59 - [MESSAGE][PASSED] - Taking screenshot successfully
[[ATTACHMENT|/Users/chaidir.pratama01/Documents/Docs/Katalon Studio/Screenshot/test-Dashboard for Risk.png]]

2021-02-05 13:33:59 - [MESSAGE][PASSED] - Object '' is present

2021-02-05 13:33:59 - [MESSAGE][PASSED] - Object: '' is clicked on

2021-02-05 13:33:59 - [MESSAGE][PASSED] - Wait for page load successfully

2021-02-05 13:33:59 - [MESSAGE][PASSED] - Select Menu "Dashboard for Risk"

2021-02-05 13:33:59 - [TEST_STEP][PASSED] - Select STATUS "Success to Disburse": Select STATUS "Success to Disburse"

2021-02-05 13:34:00 - [MESSAGE][PASSED] - All options with value 'Success to Disburse' are selected in object ''  using regular expression

2021-02-05 13:34:00 - [MESSAGE][PASSED] - Select STATUS "Success to Disburse"

2021-02-05 13:34:00 - [TEST_STEP][PASSED] - Click button "Search": Click button "Search"

2021-02-05 13:34:00 - [MESSAGE][INFO] - >>>>>//Button[contains(text(),'Search')]

2021-02-05 13:34:03 - [MESSAGE][PASSED] - Object '' is present

2021-02-05 13:34:03 - [MESSAGE][PASSED] - Object: '' is clicked on

2021-02-05 13:34:03 - [MESSAGE][PASSED] - Switched to window with index: '0'

2021-02-05 13:34:03 - [MESSAGE][PASSED] - Click button "Search"

2021-02-05 13:34:03 - [TEST_STEP][PASSED] - Verify Search Result Presents: Verify Search Result Presents

2021-02-05 13:34:03 - [MESSAGE][PASSED] - Object '' is present

2021-02-05 13:34:04 - [MESSAGE][PASSED] - Verify Search Result Presents

2021-02-05 13:34:04 - [TEST_STEP][PASSED] - Click View Detail: Click View Detail

2021-02-05 13:34:04 - [MESSAGE][PASSED] - Object '' is present

2021-02-05 13:34:04 - [MESSAGE][PASSED] - Object: '' is clicked on

2021-02-05 13:34:04 - [MESSAGE][PASSED] - Click View Detail

2021-02-05 13:34:04 - [TEST_STEP][FAILED] - Verify Information in View Detail: Verify Information in View Detail FAILED.
Reason:
java.lang.AssertionError: COUNT OF TABLE HEADER AND CONTENT ROW MUST BE EQUAL;. Expression: (content_row_count == array_header_table.size()). Values: content_row_count = 11
	at RTD.view_details_information(RTD.groovy:318)
	at âœ½.Verify Information in View Detail(/Users/chaidir.pratama01/Katalon Studio/IST_Automation_Git/Include/features/IST_Real/RTD/Dashboard_for_Risk/View_Detail_Dashboard_for_Risk.feature:36)


2021-02-05 13:34:07 - [MESSAGE][PASSED] - Delayed 3 second(s)

2021-02-05 13:34:07 - [MESSAGE][PASSED] - Attribute 'value' of object '' is: '3900014152'

2021-02-05 13:34:10 - [MESSAGE][PASSED] - Delayed 3 second(s)

2021-02-05 13:34:10 - [MESSAGE][PASSED] - Attribute 'value' of object '' is: 'IDITXLeks TESTERbIvIvO'

2021-02-05 13:34:13 - [MESSAGE][PASSED] - Delayed 3 second(s)

2021-02-05 13:34:13 - [MESSAGE][PASSED] - Attribute 'value' of object '' is: 'Success to Disburse'

2021-02-05 13:34:16 - [MESSAGE][PASSED] - Delayed 3 second(s)

2021-02-05 13:34:16 - [MESSAGE][PASSED] - Attribute 'value' of object '' is: 'Rp 7,000,000'

2021-02-05 13:34:19 - [MESSAGE][PASSED] - Delayed 3 second(s)

2021-02-05 13:34:19 - [MESSAGE][PASSED] - Attribute 'value' of object '' is: 'KESEJAHTERAAN EKONOMI'

2021-02-05 13:34:22 - [MESSAGE][PASSED] - Delayed 3 second(s)

2021-02-05 13:34:22 - [MESSAGE][PASSED] - Attribute 'value' of object '' is: '1'

2021-02-05 13:34:25 - [MESSAGE][PASSED] - Delayed 3 second(s)

2021-02-05 13:34:25 - [MESSAGE][PASSED] - Attribute 'value' of object '' is: 'NAMA ADA DISINI'

2021-02-05 13:34:28 - [MESSAGE][PASSED] - Delayed 3 second(s)

2021-02-05 13:34:28 - [MESSAGE][PASSED] - Attribute 'value' of object '' is: 'KESEJAHTERAAN EKONOMI'

2021-02-05 13:34:31 - [MESSAGE][PASSED] - Delayed 3 second(s)

2021-02-05 13:34:31 - [MESSAGE][PASSED] - Attribute 'value' of object '' is: ''

2021-02-05 13:34:34 - [MESSAGE][PASSED] - Delayed 3 second(s)

2021-02-05 13:34:34 - [MESSAGE][PASSED] - Attribute 'value' of object '' is: ''

2021-02-05 13:34:34 - [MESSAGE][PASSED] - Text of object '' is: 'CUID'

2021-02-05 13:34:34 - [MESSAGE][PASSED] - Text of object '' is: 'Contract Number'

2021-02-05 13:34:34 - [MESSAGE][PASSED] - Text of object '' is: 'Contract Number Old'

2021-02-05 13:34:34 - [MESSAGE][PASSED] - Text of object '' is: 'Status'

2021-02-05 13:34:34 - [MESSAGE][PASSED] - Text of object '' is: 'Update Information'

2021-02-05 13:34:34 - [MESSAGE][FAILED] - Verify Information in View Detail FAILED.
Reason:
java.lang.AssertionError: COUNT OF TABLE HEADER AND CONTENT ROW MUST BE EQUAL;. Expression: (content_row_count == array_header_table.size()). Values: content_row_count = 11
	at RTD.view_details_information(RTD.groovy:318)
	at âœ½.Verify Information in View Detail(/Users/chaidir.pratama01/Katalon Studio/IST_Automation_Git/Include/features/IST_Real/RTD/Dashboard_for_Risk/View_Detail_Dashboard_for_Risk.feature:36)


2021-02-05 13:34:34 - [TEST_STEP][NOT_RUN] - Click button "Logout": Click button "Logout"

2021-02-05 13:34:34 - [MESSAGE][NOT_RUN] - Click button "Logout"

2021-02-05 13:34:34 - [TEST_STEP][NOT_RUN] - Close browser: Close browser

2021-02-05 13:34:34 - [MESSAGE][NOT_RUN] - Close browser

2021-02-05 13:34:34 - [MESSAGE][FAILED] - Feature file 'Include/features/IST_Real/RTD/Dashboard_for_Risk/View_Detail_Dashboard_for_Risk.feature' was failed

2021-02-05 13:34:34 - [MESSAGE][FAILED] - Keyword runFeatureFile was failed (Root cause: com.kms.katalon.core.exception.StepFailedException: Feature file 'Include/features/IST_Real/RTD/Dashboard_for_Risk/View_Detail_Dashboard_for_Risk.feature' was failed
	at com.kms.katalon.core.keyword.internal.KeywordMain.stepFailed(KeywordMain.groovy:50)
	at com.kms.katalon.core.keyword.internal.KeywordMain.stepFailed(KeywordMain.groovy)
	at com.kms.katalon.core.keyword.internal.KeywordMain.stepFailed(KeywordMain.groovy:23)
	at com.kms.katalon.core.keyword.internal.KeywordMain$stepFailed$0.call(Unknown Source)
	at com.kms.katalon.core.cucumber.keyword.CucumberBuiltinKeywords$_runFeatureFile_closure1.doCall(CucumberBuiltinKeywords.groovy:82)
	at com.kms.katalon.core.cucumber.keyword.CucumberBuiltinKeywords$_runFeatureFile_closure1.doCall(CucumberBuiltinKeywords.groovy)
	at com.kms.katalon.core.keyword.internal.KeywordMain.runKeyword(KeywordMain.groovy:68)
	at com.kms.katalon.core.keyword.internal.KeywordMain$runKeyword.call(Unknown Source)
	at com.kms.katalon.core.cucumber.keyword.CucumberBuiltinKeywords.runFeatureFile(CucumberBuiltinKeywords.groovy:46)
	at com.kms.katalon.core.cucumber.keyword.CucumberBuiltinKeywords$runFeatureFile$0.callStatic(Unknown Source)
	at com.kms.katalon.core.cucumber.keyword.CucumberBuiltinKeywords.runFeatureFile(CucumberBuiltinKeywords.groovy:169)
	at com.kms.katalon.core.cucumber.keyword.CucumberBuiltinKeywords$runFeatureFile.call(Unknown Source)
	at TC_View_Detail_Dashboard_for_Risk.run(TC_View_Detail_Dashboard_for_Risk:18)
	at com.kms.katalon.core.main.ScriptEngine.run(ScriptEngine.java:194)
	at com.kms.katalon.core.main.ScriptEngine.runScriptAsRawText(ScriptEngine.java:119)
	at com.kms.katalon.core.main.TestCaseExecutor.runScript(TestCaseExecutor.java:339)
	at com.kms.katalon.core.main.TestCaseExecutor.doExecute(TestCaseExecutor.java:330)
	at com.kms.katalon.core.main.TestCaseExecutor.processExecutionPhase(TestCaseExecutor.java:309)
	at com.kms.katalon.core.main.TestCaseExecutor.accessMainPhase(TestCaseExecutor.java:301)
	at com.kms.katalon.core.main.TestCaseExecutor.execute(TestCaseExecutor.java:235)
	at com.kms.katalon.core.main.TestSuiteExecutor.accessTestCaseMainPhase(TestSuiteExecutor.java:191)
	at com.kms.katalon.core.main.TestSuiteExecutor.accessTestSuiteMainPhase(TestSuiteExecutor.java:141)
	at com.kms.katalon.core.main.TestSuiteExecutor.execute(TestSuiteExecutor.java:90)
	at com.kms.katalon.core.main.TestCaseMain.startTestSuite(TestCaseMain.java:157)
	at com.kms.katalon.core.main.TestCaseMain$startTestSuite$0.call(Unknown Source)
	at TempTestSuite1612505439932.run(TempTestSuite1612505439932.groovy:39)
)]]></system-out>
         <system-err><![CDATA[2021-02-05 13:33:51 - [TEST_CASE][FAILED] - Test Cases/RTD/Dashboard for Risk/TC_View_Detail_Dashboard_for_Risk: Test Cases/RTD/Dashboard for Risk/TC_View_Detail_Dashboard_for_Risk FAILED.
Reason:
com.kms.katalon.core.exception.StepFailedException: Feature file 'Include/features/IST_Real/RTD/Dashboard_for_Risk/View_Detail_Dashboard_for_Risk.feature' was failed
	at com.kms.katalon.core.keyword.internal.KeywordMain.stepFailed(KeywordMain.groovy:50)
	at com.kms.katalon.core.keyword.internal.KeywordMain.stepFailed(KeywordMain.groovy)
	at com.kms.katalon.core.keyword.internal.KeywordMain.stepFailed(KeywordMain.groovy:23)
	at com.kms.katalon.core.keyword.internal.KeywordMain$stepFailed$0.call(Unknown Source)
	at com.kms.katalon.core.cucumber.keyword.CucumberBuiltinKeywords$_runFeatureFile_closure1.doCall(CucumberBuiltinKeywords.groovy:82)
	at com.kms.katalon.core.cucumber.keyword.CucumberBuiltinKeywords$_runFeatureFile_closure1.doCall(CucumberBuiltinKeywords.groovy)
	at com.kms.katalon.core.keyword.internal.KeywordMain.runKeyword(KeywordMain.groovy:68)
	at com.kms.katalon.core.keyword.internal.KeywordMain$runKeyword.call(Unknown Source)
	at com.kms.katalon.core.cucumber.keyword.CucumberBuiltinKeywords.runFeatureFile(CucumberBuiltinKeywords.groovy:46)
	at com.kms.katalon.core.cucumber.keyword.CucumberBuiltinKeywords$runFeatureFile$0.callStatic(Unknown Source)
	at com.kms.katalon.core.cucumber.keyword.CucumberBuiltinKeywords.runFeatureFile(CucumberBuiltinKeywords.groovy:169)
	at com.kms.katalon.core.cucumber.keyword.CucumberBuiltinKeywords$runFeatureFile.call(Unknown Source)
	at TC_View_Detail_Dashboard_for_Risk.run(TC_View_Detail_Dashboard_for_Risk:18)
	at com.kms.katalon.core.main.ScriptEngine.run(ScriptEngine.java:194)
	at com.kms.katalon.core.main.ScriptEngine.runScriptAsRawText(ScriptEngine.java:119)
	at com.kms.katalon.core.main.TestCaseExecutor.runScript(TestCaseExecutor.java:339)
	at com.kms.katalon.core.main.TestCaseExecutor.doExecute(TestCaseExecutor.java:330)
	at com.kms.katalon.core.main.TestCaseExecutor.processExecutionPhase(TestCaseExecutor.java:309)
	at com.kms.katalon.core.main.TestCaseExecutor.accessMainPhase(TestCaseExecutor.java:301)
	at com.kms.katalon.core.main.TestCaseExecutor.execute(TestCaseExecutor.java:235)
	at com.kms.katalon.core.main.TestSuiteExecutor.accessTestCaseMainPhase(TestSuiteExecutor.java:191)
	at com.kms.katalon.core.main.TestSuiteExecutor.accessTestSuiteMainPhase(TestSuiteExecutor.java:141)
	at com.kms.katalon.core.main.TestSuiteExecutor.execute(TestSuiteExecutor.java:90)
	at com.kms.katalon.core.main.TestCaseMain.startTestSuite(TestCaseMain.java:157)
	at com.kms.katalon.core.main.TestCaseMain$startTestSuite$0.call(Unknown Source)
	at TempTestSuite1612505439932.run(TempTestSuite1612505439932.groovy:39)]]></system-err>
      </testcase>
      <testcase name="Test Cases/RTD/Dashboard for Risk/TC_Export_Data_Dashboard_for_Risk" time="11.2" classname="Test Cases/RTD/Dashboard for Risk/TC_Export_Data_Dashboard_for_Risk" status="PASSED">
         <system-out><![CDATA[2021-02-05 13:34:34 - [TEST_CASE][PASSED] - Test Cases/RTD/Dashboard for Risk/TC_Export_Data_Dashboard_for_Risk: Test Cases/RTD/Dashboard for Risk/TC_Export_Data_Dashboard_for_Risk

2021-02-05 13:34:34 - [TEST_STEP][PASSED] - runFeatureFile("Include/features/IST_Real/RTD/Dashboard_for_Risk/Export_Data_Dashboard_for_Risk.feature"): Feature file: 'Include/features/IST_Real/RTD/Dashboard_for_Risk/Export_Data_Dashboard_for_Risk.feature' was passed

2021-02-05 13:34:34 - [MESSAGE][INFO] - Starting run keyword runFeatureFile: 'Include/features/IST_Real/RTD/Dashboard_for_Risk/Export_Data_Dashboard_for_Risk.feature' and extract report to folder: '/Users/chaidir.pratama01/Katalon Studio/IST_Automation_Git/Reports/20210205_131034/RTD/TS_Dashboard_for_Risk/20210205_131039/cucumber_report/1612506874879'...

2021-02-05 13:34:35 - [TEST_CASE][PASSED] - Start Test Case : SCENARIO Export Data: SCENARIO Export Data

2021-02-05 13:34:35 - [TEST_STEP][PASSED] - Go to ISTools: Go to ISTools

2021-02-05 13:34:35 - [MESSAGE][WARNING] - A browser is already opened. Closing browser and opening a new one

2021-02-05 13:34:35 - [MESSAGE][INFO] - Starting 'Chrome (headless)' driver

2021-02-05 13:34:35 - [MESSAGE][INFO] - User set preference: ['args', '[--start-maximized, --disable-gpu, --no-proxy-server, â€“-no-sandbox, --allow-running-insecure-content, --ignore-certificate-errors, window-size=1680,814, force-device-scale-factor=2, --lang=en-GB]']

2021-02-05 13:34:35 - [MESSAGE][INFO] - User set preference: ['prefs', '{download.default_directory=/Users/chaidir.pratama01/Katalon Studio/IST_Automation_Git/Download}']

2021-02-05 13:34:35 - [MESSAGE][INFO] - Action delay is set to 0 milliseconds

2021-02-05 13:34:35 - [MESSAGE][PASSED] - Browser is opened with url: ''

2021-02-05 13:34:37 - [MESSAGE][PASSED] - Navigate to 'https://dev-istools.homecredit.id/foundation/' successfully

2021-02-05 13:34:37 - [MESSAGE][PASSED] - Go to ISTools

2021-02-05 13:34:37 - [TEST_STEP][PASSED] - Login IST with valid credentials: Login IST with valid credentials

2021-02-05 13:34:37 - [MESSAGE][PASSED] - Text 'mobile.test' is set on object 'Object Repository/Page_/input_Username_j_username'

2021-02-05 13:34:37 - [MESSAGE][PASSED] - Text ****** has been set on object 'Object Repository/Page_/input_Password_j_password'

2021-02-05 13:34:38 - [MESSAGE][PASSED] - Object: 'Object Repository/Page_/button_Login' is clicked on

2021-02-05 13:34:38 - [MESSAGE][PASSED] - Login IST with valid credentials

2021-02-05 13:34:38 - [TEST_STEP][PASSED] - Login Success: Login Success

2021-02-05 13:34:38 - [MESSAGE][INFO] - Login Success

2021-02-05 13:34:38 - [MESSAGE][PASSED] - Current window maximized

2021-02-05 13:34:38 - [MESSAGE][PASSED] - Object 'Object Repository/Page_/h1_Welcome to IT Supporting Tools' is present

2021-02-05 13:34:38 - [MESSAGE][PASSED] - Login Success

2021-02-05 13:34:38 - [TEST_STEP][PASSED] - Select Arrow Menu "Real Time Disbursement": Select Arrow Menu "Real Time Disbursement"

2021-02-05 13:34:38 - [MESSAGE][PASSED] - Object: '' is clicked on

2021-02-05 13:34:38 - [MESSAGE][PASSED] - Select Arrow Menu "Real Time Disbursement"

2021-02-05 13:34:38 - [TEST_STEP][PASSED] - Select Menu "Dashboard for Risk": Select Menu "Dashboard for Risk"

2021-02-05 13:34:38 - [MESSAGE][PASSED] - Taking screenshot successfully
[[ATTACHMENT|/Users/chaidir.pratama01/Documents/Docs/Katalon Studio/Screenshot/test-Dashboard for Risk.png]]

2021-02-05 13:34:38 - [MESSAGE][PASSED] - Object '' is present

2021-02-05 13:34:38 - [MESSAGE][PASSED] - Object: '' is clicked on

2021-02-05 13:34:38 - [MESSAGE][PASSED] - Wait for page load successfully

2021-02-05 13:34:38 - [MESSAGE][PASSED] - Select Menu "Dashboard for Risk"

2021-02-05 13:34:38 - [TEST_STEP][PASSED] - Input Contract RTD in Contract Number label: Input Contract RTD in Contract Number label

2021-02-05 13:34:39 - [MESSAGE][PASSED] - Text '4000014162' is set on object ''

2021-02-05 13:34:39 - [MESSAGE][PASSED] - Input Contract RTD in Contract Number label

2021-02-05 13:34:39 - [TEST_STEP][PASSED] - Click button "Search": Click button "Search"

2021-02-05 13:34:39 - [MESSAGE][INFO] - >>>>>//Button[contains(text(),'Search')]

2021-02-05 13:34:42 - [MESSAGE][PASSED] - Object '' is present

2021-02-05 13:34:42 - [MESSAGE][PASSED] - Object: '' is clicked on

2021-02-05 13:34:42 - [MESSAGE][PASSED] - Switched to window with index: '0'

2021-02-05 13:34:42 - [MESSAGE][PASSED] - Click button "Search"

2021-02-05 13:34:42 - [TEST_STEP][PASSED] - Verify Table Filled: Verify Table Filled

2021-02-05 13:34:42 - [MESSAGE][PASSED] - Object '' is present

2021-02-05 13:34:42 - [MESSAGE][PASSED] - Verify Table Filled

2021-02-05 13:34:42 - [TEST_STEP][PASSED] - Click button "Export Data": Click button "Export Data"

2021-02-05 13:34:42 - [MESSAGE][INFO] - >>>>>//Button[contains(text(),'Export Data')]

2021-02-05 13:34:45 - [MESSAGE][PASSED] - Object: '' is clicked on

2021-02-05 13:34:45 - [MESSAGE][PASSED] - Taking screenshot successfully
[[ATTACHMENT|/Users/chaidir.pratama01/Documents/Docs/Katalon Studio/Screenshot/Download_data.png]]

2021-02-05 13:34:45 - [MESSAGE][PASSED] - Click button "Export Data"

2021-02-05 13:34:45 - [MESSAGE][PASSED] - Feature file: 'Include/features/IST_Real/RTD/Dashboard_for_Risk/Export_Data_Dashboard_for_Risk.feature' was passed]]></system-out>
         <system-err><![CDATA[]]></system-err>
      </testcase>
      <testcase name="Test Cases/RTD/Dashboard for Risk/TC_Search_by_STATUS_Dashboard_for_Risk" time="180.711" classname="Test Cases/RTD/Dashboard for Risk/TC_Search_by_STATUS_Dashboard_for_Risk" status="PASSED">
         <system-out><![CDATA[2021-02-05 13:34:45 - [TEST_CASE][PASSED] - Test Cases/RTD/Dashboard for Risk/TC_Search_by_STATUS_Dashboard_for_Risk: Test Cases/RTD/Dashboard for Risk/TC_Search_by_STATUS_Dashboard_for_Risk

2021-02-05 13:34:46 - [TEST_STEP][PASSED] - runFeatureFile("Include/features/IST_Real/RTD/Dashboard_for_Risk/Search_by_STATUS_Dashboard_for_Risk.feature"): Feature file: 'Include/features/IST_Real/RTD/Dashboard_for_Risk/Search_by_STATUS_Dashboard_for_Risk.feature' was passed

2021-02-05 13:34:46 - [MESSAGE][INFO] - Starting run keyword runFeatureFile: 'Include/features/IST_Real/RTD/Dashboard_for_Risk/Search_by_STATUS_Dashboard_for_Risk.feature' and extract report to folder: '/Users/chaidir.pratama01/Katalon Studio/IST_Automation_Git/Reports/20210205_131034/RTD/TS_Dashboard_for_Risk/20210205_131039/cucumber_report/1612506886047'...

2021-02-05 13:34:46 - [TEST_CASE][PASSED] - Start Test Case : SCENARIO Search by STATUS Eligible to Disburse: SCENARIO Search by STATUS Eligible to Disburse

2021-02-05 13:34:46 - [TEST_STEP][PASSED] - Go to ISTools: Go to ISTools

2021-02-05 13:34:46 - [MESSAGE][WARNING] - A browser is already opened. Closing browser and opening a new one

2021-02-05 13:34:46 - [MESSAGE][INFO] - Starting 'Chrome (headless)' driver

2021-02-05 13:34:46 - [MESSAGE][INFO] - User set preference: ['args', '[--start-maximized, --disable-gpu, --no-proxy-server, â€“-no-sandbox, --allow-running-insecure-content, --ignore-certificate-errors, window-size=1680,814, force-device-scale-factor=2, --lang=en-GB]']

2021-02-05 13:34:46 - [MESSAGE][INFO] - User set preference: ['prefs', '{download.default_directory=/Users/chaidir.pratama01/Katalon Studio/IST_Automation_Git/Download}']

2021-02-05 13:34:46 - [MESSAGE][INFO] - Action delay is set to 0 milliseconds

2021-02-05 13:34:46 - [MESSAGE][PASSED] - Browser is opened with url: ''

2021-02-05 13:34:48 - [MESSAGE][PASSED] - Navigate to 'https://dev-istools.homecredit.id/foundation/' successfully

2021-02-05 13:34:48 - [MESSAGE][PASSED] - Go to ISTools

2021-02-05 13:34:48 - [TEST_STEP][PASSED] - Login IST with valid credentials: Login IST with valid credentials

2021-02-05 13:34:48 - [MESSAGE][PASSED] - Text 'mobile.test' is set on object 'Object Repository/Page_/input_Username_j_username'

2021-02-05 13:34:48 - [MESSAGE][PASSED] - Text ****** has been set on object 'Object Repository/Page_/input_Password_j_password'

2021-02-05 13:34:49 - [MESSAGE][PASSED] - Object: 'Object Repository/Page_/button_Login' is clicked on

2021-02-05 13:34:49 - [MESSAGE][PASSED] - Login IST with valid credentials

2021-02-05 13:34:49 - [TEST_STEP][PASSED] - Login Success: Login Success

2021-02-05 13:34:49 - [MESSAGE][INFO] - Login Success

2021-02-05 13:34:49 - [MESSAGE][PASSED] - Current window maximized

2021-02-05 13:34:49 - [MESSAGE][PASSED] - Object 'Object Repository/Page_/h1_Welcome to IT Supporting Tools' is present

2021-02-05 13:34:49 - [MESSAGE][PASSED] - Login Success

2021-02-05 13:34:49 - [TEST_STEP][PASSED] - Select Arrow Menu "Real Time Disbursement": Select Arrow Menu "Real Time Disbursement"

2021-02-05 13:34:49 - [MESSAGE][PASSED] - Object: '' is clicked on

2021-02-05 13:34:49 - [MESSAGE][PASSED] - Select Arrow Menu "Real Time Disbursement"

2021-02-05 13:34:49 - [TEST_STEP][PASSED] - Select Menu "Dashboard for Risk": Select Menu "Dashboard for Risk"

2021-02-05 13:34:50 - [MESSAGE][PASSED] - Taking screenshot successfully
[[ATTACHMENT|/Users/chaidir.pratama01/Documents/Docs/Katalon Studio/Screenshot/test-Dashboard for Risk.png]]

2021-02-05 13:34:50 - [MESSAGE][PASSED] - Object '' is present

2021-02-05 13:34:50 - [MESSAGE][PASSED] - Object: '' is clicked on

2021-02-05 13:34:50 - [MESSAGE][PASSED] - Wait for page load successfully

2021-02-05 13:34:50 - [MESSAGE][PASSED] - Select Menu "Dashboard for Risk"

2021-02-05 13:34:50 - [TEST_STEP][PASSED] - Select STATUS "Eligible to disburse": Select STATUS "Eligible to disburse"

2021-02-05 13:34:50 - [MESSAGE][PASSED] - All options with value 'Eligible to disburse' are selected in object ''  using regular expression

2021-02-05 13:34:50 - [MESSAGE][PASSED] - Select STATUS "Eligible to disburse"

2021-02-05 13:34:50 - [TEST_STEP][PASSED] - Click button "Search": Click button "Search"

2021-02-05 13:34:50 - [MESSAGE][INFO] - >>>>>//Button[contains(text(),'Search')]

2021-02-05 13:34:53 - [MESSAGE][PASSED] - Object '' is present

2021-02-05 13:34:53 - [MESSAGE][PASSED] - Object: '' is clicked on

2021-02-05 13:34:53 - [MESSAGE][PASSED] - Switched to window with index: '0'

2021-02-05 13:34:53 - [MESSAGE][PASSED] - Click button "Search"

2021-02-05 13:34:53 - [TEST_STEP][PASSED] - Verify Search Result Presents: Verify Search Result Presents

2021-02-05 13:34:54 - [MESSAGE][PASSED] - Object '' is present

2021-02-05 13:35:04 - [MESSAGE][PASSED] - Verify Search Result Presents

2021-02-05 13:35:04 - [TEST_STEP][PASSED] - Click button "Logout": Click button "Logout"

2021-02-05 13:35:04 - [MESSAGE][INFO] - >>>>>//Button[contains(text(),'Logout')]

2021-02-05 13:35:07 - [MESSAGE][PASSED] - Object '' is present

2021-02-05 13:35:07 - [MESSAGE][PASSED] - Object: '' is clicked on

2021-02-05 13:35:07 - [MESSAGE][PASSED] - Switched to window with index: '0'

2021-02-05 13:35:07 - [MESSAGE][PASSED] - Click button "Logout"

2021-02-05 13:35:07 - [TEST_STEP][PASSED] - Close browser: Close browser

2021-02-05 13:35:07 - [MESSAGE][PASSED] - Browser is closed

2021-02-05 13:35:07 - [MESSAGE][PASSED] - Close browser

2021-02-05 13:35:07 - [TEST_CASE][PASSED] - Start Test Case : SCENARIO Search by STATUS Waiting validation from Risk: SCENARIO Search by STATUS Waiting validation from Risk

2021-02-05 13:35:07 - [TEST_STEP][PASSED] - Go to ISTools: Go to ISTools

2021-02-05 13:35:07 - [MESSAGE][INFO] - Starting 'Chrome (headless)' driver

2021-02-05 13:35:07 - [MESSAGE][INFO] - User set preference: ['args', '[--start-maximized, --disable-gpu, --no-proxy-server, â€“-no-sandbox, --allow-running-insecure-content, --ignore-certificate-errors, window-size=1680,814, force-device-scale-factor=2, --lang=en-GB]']

2021-02-05 13:35:07 - [MESSAGE][INFO] - User set preference: ['prefs', '{download.default_directory=/Users/chaidir.pratama01/Katalon Studio/IST_Automation_Git/Download}']

2021-02-05 13:35:07 - [MESSAGE][INFO] - Action delay is set to 0 milliseconds

2021-02-05 13:35:07 - [MESSAGE][PASSED] - Browser is opened with url: ''

2021-02-05 13:35:09 - [MESSAGE][PASSED] - Navigate to 'https://dev-istools.homecredit.id/foundation/' successfully

2021-02-05 13:35:09 - [MESSAGE][PASSED] - Go to ISTools

2021-02-05 13:35:09 - [TEST_STEP][PASSED] - Login IST with valid credentials: Login IST with valid credentials

2021-02-05 13:35:09 - [MESSAGE][PASSED] - Text 'mobile.test' is set on object 'Object Repository/Page_/input_Username_j_username'

2021-02-05 13:35:10 - [MESSAGE][PASSED] - Text ****** has been set on object 'Object Repository/Page_/input_Password_j_password'

2021-02-05 13:35:10 - [MESSAGE][PASSED] - Object: 'Object Repository/Page_/button_Login' is clicked on

2021-02-05 13:35:10 - [MESSAGE][PASSED] - Login IST with valid credentials

2021-02-05 13:35:10 - [TEST_STEP][PASSED] - Login Success: Login Success

2021-02-05 13:35:10 - [MESSAGE][INFO] - Login Success

2021-02-05 13:35:10 - [MESSAGE][PASSED] - Current window maximized

2021-02-05 13:35:10 - [MESSAGE][PASSED] - Object 'Object Repository/Page_/h1_Welcome to IT Supporting Tools' is present

2021-02-05 13:35:10 - [MESSAGE][PASSED] - Login Success

2021-02-05 13:35:10 - [TEST_STEP][PASSED] - Select Arrow Menu "Real Time Disbursement": Select Arrow Menu "Real Time Disbursement"

2021-02-05 13:35:10 - [MESSAGE][PASSED] - Object: '' is clicked on

2021-02-05 13:35:10 - [MESSAGE][PASSED] - Select Arrow Menu "Real Time Disbursement"

2021-02-05 13:35:10 - [TEST_STEP][PASSED] - Select Menu "Dashboard for Risk": Select Menu "Dashboard for Risk"

2021-02-05 13:35:11 - [MESSAGE][PASSED] - Taking screenshot successfully
[[ATTACHMENT|/Users/chaidir.pratama01/Documents/Docs/Katalon Studio/Screenshot/test-Dashboard for Risk.png]]

2021-02-05 13:35:11 - [MESSAGE][PASSED] - Object '' is present

2021-02-05 13:35:11 - [MESSAGE][PASSED] - Object: '' is clicked on

2021-02-05 13:35:11 - [MESSAGE][PASSED] - Wait for page load successfully

2021-02-05 13:35:11 - [MESSAGE][PASSED] - Select Menu "Dashboard for Risk"

2021-02-05 13:35:11 - [TEST_STEP][PASSED] - Select STATUS "Waiting validation from Risk": Select STATUS "Waiting validation from Risk"

2021-02-05 13:35:11 - [MESSAGE][PASSED] - All options with value 'Waiting validation from Risk' are selected in object ''  using regular expression

2021-02-05 13:35:11 - [MESSAGE][PASSED] - Select STATUS "Waiting validation from Risk"

2021-02-05 13:35:11 - [TEST_STEP][PASSED] - Click button "Search": Click button "Search"

2021-02-05 13:35:11 - [MESSAGE][INFO] - >>>>>//Button[contains(text(),'Search')]

2021-02-05 13:35:14 - [MESSAGE][PASSED] - Object '' is present

2021-02-05 13:35:14 - [MESSAGE][PASSED] - Object: '' is clicked on

2021-02-05 13:35:14 - [MESSAGE][PASSED] - Switched to window with index: '0'

2021-02-05 13:35:14 - [MESSAGE][PASSED] - Click button "Search"

2021-02-05 13:35:14 - [TEST_STEP][PASSED] - Verify Search Result Presents: Verify Search Result Presents

2021-02-05 13:35:15 - [MESSAGE][PASSED] - Object '' is present

2021-02-05 13:35:20 - [MESSAGE][PASSED] - Verify Search Result Presents

2021-02-05 13:35:20 - [TEST_STEP][PASSED] - Click button "Logout": Click button "Logout"

2021-02-05 13:35:20 - [MESSAGE][INFO] - >>>>>//Button[contains(text(),'Logout')]

2021-02-05 13:35:23 - [MESSAGE][PASSED] - Object '' is present

2021-02-05 13:35:23 - [MESSAGE][PASSED] - Object: '' is clicked on

2021-02-05 13:35:23 - [MESSAGE][PASSED] - Switched to window with index: '0'

2021-02-05 13:35:23 - [MESSAGE][PASSED] - Click button "Logout"

2021-02-05 13:35:23 - [TEST_STEP][PASSED] - Close browser: Close browser

2021-02-05 13:35:23 - [MESSAGE][PASSED] - Browser is closed

2021-02-05 13:35:23 - [MESSAGE][PASSED] - Close browser

2021-02-05 13:35:23 - [TEST_CASE][PASSED] - Start Test Case : SCENARIO Search by STATUS Waiting validation from In Payment: SCENARIO Search by STATUS Waiting validation from In Payment

2021-02-05 13:35:23 - [TEST_STEP][PASSED] - Go to ISTools: Go to ISTools

2021-02-05 13:35:23 - [MESSAGE][INFO] - Starting 'Chrome (headless)' driver

2021-02-05 13:35:23 - [MESSAGE][INFO] - User set preference: ['args', '[--start-maximized, --disable-gpu, --no-proxy-server, â€“-no-sandbox, --allow-running-insecure-content, --ignore-certificate-errors, window-size=1680,814, force-device-scale-factor=2, --lang=en-GB]']

2021-02-05 13:35:23 - [MESSAGE][INFO] - User set preference: ['prefs', '{download.default_directory=/Users/chaidir.pratama01/Katalon Studio/IST_Automation_Git/Download}']

2021-02-05 13:35:23 - [MESSAGE][INFO] - Action delay is set to 0 milliseconds

2021-02-05 13:35:23 - [MESSAGE][PASSED] - Browser is opened with url: ''

2021-02-05 13:35:25 - [MESSAGE][PASSED] - Navigate to 'https://dev-istools.homecredit.id/foundation/' successfully

2021-02-05 13:35:25 - [MESSAGE][PASSED] - Go to ISTools

2021-02-05 13:35:25 - [TEST_STEP][PASSED] - Login IST with valid credentials: Login IST with valid credentials

2021-02-05 13:35:25 - [MESSAGE][PASSED] - Text 'mobile.test' is set on object 'Object Repository/Page_/input_Username_j_username'

2021-02-05 13:35:25 - [MESSAGE][PASSED] - Text ****** has been set on object 'Object Repository/Page_/input_Password_j_password'

2021-02-05 13:35:26 - [MESSAGE][PASSED] - Object: 'Object Repository/Page_/button_Login' is clicked on

2021-02-05 13:35:26 - [MESSAGE][PASSED] - Login IST with valid credentials

2021-02-05 13:35:26 - [TEST_STEP][PASSED] - Login Success: Login Success

2021-02-05 13:35:26 - [MESSAGE][INFO] - Login Success

2021-02-05 13:35:26 - [MESSAGE][PASSED] - Current window maximized

2021-02-05 13:35:26 - [MESSAGE][PASSED] - Object 'Object Repository/Page_/h1_Welcome to IT Supporting Tools' is present

2021-02-05 13:35:26 - [MESSAGE][PASSED] - Login Success

2021-02-05 13:35:26 - [TEST_STEP][PASSED] - Select Arrow Menu "Real Time Disbursement": Select Arrow Menu "Real Time Disbursement"

2021-02-05 13:35:26 - [MESSAGE][PASSED] - Object: '' is clicked on

2021-02-05 13:35:26 - [MESSAGE][PASSED] - Select Arrow Menu "Real Time Disbursement"

2021-02-05 13:35:26 - [TEST_STEP][PASSED] - Select Menu "Dashboard for Risk": Select Menu "Dashboard for Risk"

2021-02-05 13:35:26 - [MESSAGE][PASSED] - Taking screenshot successfully
[[ATTACHMENT|/Users/chaidir.pratama01/Documents/Docs/Katalon Studio/Screenshot/test-Dashboard for Risk.png]]

2021-02-05 13:35:26 - [MESSAGE][PASSED] - Object '' is present

2021-02-05 13:35:26 - [MESSAGE][PASSED] - Object: '' is clicked on

2021-02-05 13:35:26 - [MESSAGE][PASSED] - Wait for page load successfully

2021-02-05 13:35:26 - [MESSAGE][PASSED] - Select Menu "Dashboard for Risk"

2021-02-05 13:35:26 - [TEST_STEP][PASSED] - Select STATUS "Waiting validation from In Payment": Select STATUS "Waiting validation from In Payment"

2021-02-05 13:35:27 - [MESSAGE][PASSED] - All options with value 'Waiting validation from In Payment' are selected in object ''  using regular expression

2021-02-05 13:35:27 - [MESSAGE][PASSED] - Select STATUS "Waiting validation from In Payment"

2021-02-05 13:35:27 - [TEST_STEP][PASSED] - Click button "Search": Click button "Search"

2021-02-05 13:35:27 - [MESSAGE][INFO] - >>>>>//Button[contains(text(),'Search')]

2021-02-05 13:35:30 - [MESSAGE][PASSED] - Object '' is present

2021-02-05 13:35:30 - [MESSAGE][PASSED] - Object: '' is clicked on

2021-02-05 13:35:30 - [MESSAGE][PASSED] - Switched to window with index: '0'

2021-02-05 13:35:30 - [MESSAGE][PASSED] - Click button "Search"

2021-02-05 13:35:30 - [TEST_STEP][PASSED] - Verify Search Result Presents: Verify Search Result Presents

2021-02-05 13:35:30 - [MESSAGE][PASSED] - Object '' is present

2021-02-05 13:35:31 - [MESSAGE][PASSED] - Verify Search Result Presents

2021-02-05 13:35:31 - [TEST_STEP][PASSED] - Click button "Logout": Click button "Logout"

2021-02-05 13:35:31 - [MESSAGE][INFO] - >>>>>//Button[contains(text(),'Logout')]

2021-02-05 13:35:34 - [MESSAGE][PASSED] - Object '' is present

2021-02-05 13:35:34 - [MESSAGE][PASSED] - Object: '' is clicked on

2021-02-05 13:35:34 - [MESSAGE][PASSED] - Switched to window with index: '0'

2021-02-05 13:35:34 - [MESSAGE][PASSED] - Click button "Logout"

2021-02-05 13:35:34 - [TEST_STEP][PASSED] - Close browser: Close browser

2021-02-05 13:35:34 - [MESSAGE][PASSED] - Browser is closed

2021-02-05 13:35:34 - [MESSAGE][PASSED] - Close browser

2021-02-05 13:35:34 - [TEST_CASE][PASSED] - Start Test Case : SCENARIO Search by STATUS Ready to disburse: SCENARIO Search by STATUS Ready to disburse

2021-02-05 13:35:34 - [TEST_STEP][PASSED] - Go to ISTools: Go to ISTools

2021-02-05 13:35:34 - [MESSAGE][INFO] - Starting 'Chrome (headless)' driver

2021-02-05 13:35:34 - [MESSAGE][INFO] - User set preference: ['args', '[--start-maximized, --disable-gpu, --no-proxy-server, â€“-no-sandbox, --allow-running-insecure-content, --ignore-certificate-errors, window-size=1680,814, force-device-scale-factor=2, --lang=en-GB]']

2021-02-05 13:35:34 - [MESSAGE][INFO] - User set preference: ['prefs', '{download.default_directory=/Users/chaidir.pratama01/Katalon Studio/IST_Automation_Git/Download}']

2021-02-05 13:35:34 - [MESSAGE][INFO] - Action delay is set to 0 milliseconds

2021-02-05 13:35:35 - [MESSAGE][PASSED] - Browser is opened with url: ''

2021-02-05 13:35:37 - [MESSAGE][PASSED] - Navigate to 'https://dev-istools.homecredit.id/foundation/' successfully

2021-02-05 13:35:37 - [MESSAGE][PASSED] - Go to ISTools

2021-02-05 13:35:37 - [TEST_STEP][PASSED] - Login IST with valid credentials: Login IST with valid credentials

2021-02-05 13:35:37 - [MESSAGE][PASSED] - Text 'mobile.test' is set on object 'Object Repository/Page_/input_Username_j_username'

2021-02-05 13:35:37 - [MESSAGE][PASSED] - Text ****** has been set on object 'Object Repository/Page_/input_Password_j_password'

2021-02-05 13:35:38 - [MESSAGE][PASSED] - Object: 'Object Repository/Page_/button_Login' is clicked on

2021-02-05 13:35:38 - [MESSAGE][PASSED] - Login IST with valid credentials

2021-02-05 13:35:38 - [TEST_STEP][PASSED] - Login Success: Login Success

2021-02-05 13:35:38 - [MESSAGE][INFO] - Login Success

2021-02-05 13:35:38 - [MESSAGE][PASSED] - Current window maximized

2021-02-05 13:35:38 - [MESSAGE][PASSED] - Object 'Object Repository/Page_/h1_Welcome to IT Supporting Tools' is present

2021-02-05 13:35:38 - [MESSAGE][PASSED] - Login Success

2021-02-05 13:35:38 - [TEST_STEP][PASSED] - Select Arrow Menu "Real Time Disbursement": Select Arrow Menu "Real Time Disbursement"

2021-02-05 13:35:38 - [MESSAGE][PASSED] - Object: '' is clicked on

2021-02-05 13:35:38 - [MESSAGE][PASSED] - Select Arrow Menu "Real Time Disbursement"

2021-02-05 13:35:38 - [TEST_STEP][PASSED] - Select Menu "Dashboard for Risk": Select Menu "Dashboard for Risk"

2021-02-05 13:35:39 - [MESSAGE][PASSED] - Taking screenshot successfully
[[ATTACHMENT|/Users/chaidir.pratama01/Documents/Docs/Katalon Studio/Screenshot/test-Dashboard for Risk.png]]

2021-02-05 13:35:39 - [MESSAGE][PASSED] - Object '' is present

2021-02-05 13:35:39 - [MESSAGE][PASSED] - Object: '' is clicked on

2021-02-05 13:35:39 - [MESSAGE][PASSED] - Wait for page load successfully

2021-02-05 13:35:39 - [MESSAGE][PASSED] - Select Menu "Dashboard for Risk"

2021-02-05 13:35:39 - [TEST_STEP][PASSED] - Select STATUS "Ready to disburse": Select STATUS "Ready to disburse"

2021-02-05 13:35:39 - [MESSAGE][PASSED] - All options with value 'Ready to disburse' are selected in object ''  using regular expression

2021-02-05 13:35:39 - [MESSAGE][PASSED] - Select STATUS "Ready to disburse"

2021-02-05 13:35:39 - [TEST_STEP][PASSED] - Click button "Search": Click button "Search"

2021-02-05 13:35:39 - [MESSAGE][INFO] - >>>>>//Button[contains(text(),'Search')]

2021-02-05 13:35:42 - [MESSAGE][PASSED] - Object '' is present

2021-02-05 13:35:42 - [MESSAGE][PASSED] - Object: '' is clicked on

2021-02-05 13:35:42 - [MESSAGE][PASSED] - Switched to window with index: '0'

2021-02-05 13:35:42 - [MESSAGE][PASSED] - Click button "Search"

2021-02-05 13:35:42 - [TEST_STEP][PASSED] - Verify Search Result Presents: Verify Search Result Presents

2021-02-05 13:35:42 - [MESSAGE][PASSED] - Object '' is present

2021-02-05 13:35:46 - [MESSAGE][PASSED] - Verify Search Result Presents

2021-02-05 13:35:46 - [TEST_STEP][PASSED] - Click button "Logout": Click button "Logout"

2021-02-05 13:35:46 - [MESSAGE][INFO] - >>>>>//Button[contains(text(),'Logout')]

2021-02-05 13:35:49 - [MESSAGE][PASSED] - Object '' is present

2021-02-05 13:35:49 - [MESSAGE][PASSED] - Object: '' is clicked on

2021-02-05 13:35:49 - [MESSAGE][PASSED] - Switched to window with index: '0'

2021-02-05 13:35:49 - [MESSAGE][PASSED] - Click button "Logout"

2021-02-05 13:35:49 - [TEST_STEP][PASSED] - Close browser: Close browser

2021-02-05 13:35:49 - [MESSAGE][PASSED] - Browser is closed

2021-02-05 13:35:49 - [MESSAGE][PASSED] - Close browser

2021-02-05 13:35:49 - [TEST_CASE][PASSED] - Start Test Case : SCENARIO Search by STATUS Failed due to invalid bank account: SCENARIO Search by STATUS Failed due to invalid bank account

2021-02-05 13:35:49 - [TEST_STEP][PASSED] - Go to ISTools: Go to ISTools

2021-02-05 13:35:49 - [MESSAGE][INFO] - Starting 'Chrome (headless)' driver

2021-02-05 13:35:49 - [MESSAGE][INFO] - User set preference: ['args', '[--start-maximized, --disable-gpu, --no-proxy-server, â€“-no-sandbox, --allow-running-insecure-content, --ignore-certificate-errors, window-size=1680,814, force-device-scale-factor=2, --lang=en-GB]']

2021-02-05 13:35:49 - [MESSAGE][INFO] - User set preference: ['prefs', '{download.default_directory=/Users/chaidir.pratama01/Katalon Studio/IST_Automation_Git/Download}']

2021-02-05 13:35:49 - [MESSAGE][INFO] - Action delay is set to 0 milliseconds

2021-02-05 13:35:49 - [MESSAGE][PASSED] - Browser is opened with url: ''

2021-02-05 13:35:51 - [MESSAGE][PASSED] - Navigate to 'https://dev-istools.homecredit.id/foundation/' successfully

2021-02-05 13:35:51 - [MESSAGE][PASSED] - Go to ISTools

2021-02-05 13:35:51 - [TEST_STEP][PASSED] - Login IST with valid credentials: Login IST with valid credentials

2021-02-05 13:35:51 - [MESSAGE][PASSED] - Text 'mobile.test' is set on object 'Object Repository/Page_/input_Username_j_username'

2021-02-05 13:35:51 - [MESSAGE][PASSED] - Text ****** has been set on object 'Object Repository/Page_/input_Password_j_password'

2021-02-05 13:35:52 - [MESSAGE][PASSED] - Object: 'Object Repository/Page_/button_Login' is clicked on

2021-02-05 13:35:52 - [MESSAGE][PASSED] - Login IST with valid credentials

2021-02-05 13:35:52 - [TEST_STEP][PASSED] - Login Success: Login Success

2021-02-05 13:35:52 - [MESSAGE][INFO] - Login Success

2021-02-05 13:35:52 - [MESSAGE][PASSED] - Current window maximized

2021-02-05 13:35:52 - [MESSAGE][PASSED] - Object 'Object Repository/Page_/h1_Welcome to IT Supporting Tools' is present

2021-02-05 13:35:52 - [MESSAGE][PASSED] - Login Success

2021-02-05 13:35:52 - [TEST_STEP][PASSED] - Select Arrow Menu "Real Time Disbursement": Select Arrow Menu "Real Time Disbursement"

2021-02-05 13:35:52 - [MESSAGE][PASSED] - Object: '' is clicked on

2021-02-05 13:35:52 - [MESSAGE][PASSED] - Select Arrow Menu "Real Time Disbursement"

2021-02-05 13:35:52 - [TEST_STEP][PASSED] - Select Menu "Dashboard for Risk": Select Menu "Dashboard for Risk"

2021-02-05 13:35:53 - [MESSAGE][PASSED] - Taking screenshot successfully
[[ATTACHMENT|/Users/chaidir.pratama01/Documents/Docs/Katalon Studio/Screenshot/test-Dashboard for Risk.png]]

2021-02-05 13:35:53 - [MESSAGE][PASSED] - Object '' is present

2021-02-05 13:35:53 - [MESSAGE][PASSED] - Object: '' is clicked on

2021-02-05 13:35:53 - [MESSAGE][PASSED] - Wait for page load successfully

2021-02-05 13:35:53 - [MESSAGE][PASSED] - Select Menu "Dashboard for Risk"

2021-02-05 13:35:53 - [TEST_STEP][PASSED] - Select STATUS "Failed due to invalid bank account": Select STATUS "Failed due to invalid bank account"

2021-02-05 13:35:53 - [MESSAGE][PASSED] - All options with value 'Failed due to invalid bank account' are selected in object ''  using regular expression

2021-02-05 13:35:53 - [MESSAGE][PASSED] - Select STATUS "Failed due to invalid bank account"

2021-02-05 13:35:53 - [TEST_STEP][PASSED] - Click button "Search": Click button "Search"

2021-02-05 13:35:53 - [MESSAGE][INFO] - >>>>>//Button[contains(text(),'Search')]

2021-02-05 13:35:56 - [MESSAGE][PASSED] - Object '' is present

2021-02-05 13:35:56 - [MESSAGE][PASSED] - Object: '' is clicked on

2021-02-05 13:35:56 - [MESSAGE][PASSED] - Switched to window with index: '0'

2021-02-05 13:35:56 - [MESSAGE][PASSED] - Click button "Search"

2021-02-05 13:35:56 - [TEST_STEP][PASSED] - Verify Search Result Presents: Verify Search Result Presents

2021-02-05 13:35:56 - [MESSAGE][PASSED] - Object '' is present

2021-02-05 13:35:58 - [MESSAGE][PASSED] - Verify Search Result Presents

2021-02-05 13:35:58 - [TEST_STEP][PASSED] - Click button "Logout": Click button "Logout"

2021-02-05 13:35:58 - [MESSAGE][INFO] - >>>>>//Button[contains(text(),'Logout')]

2021-02-05 13:36:01 - [MESSAGE][PASSED] - Object '' is present

2021-02-05 13:36:01 - [MESSAGE][PASSED] - Object: '' is clicked on

2021-02-05 13:36:01 - [MESSAGE][PASSED] - Switched to window with index: '0'

2021-02-05 13:36:01 - [MESSAGE][PASSED] - Click button "Logout"

2021-02-05 13:36:01 - [TEST_STEP][PASSED] - Close browser: Close browser

2021-02-05 13:36:01 - [MESSAGE][PASSED] - Browser is closed

2021-02-05 13:36:01 - [MESSAGE][PASSED] - Close browser

2021-02-05 13:36:01 - [TEST_CASE][PASSED] - Start Test Case : SCENARIO Search by STATUS Failed due to system error: SCENARIO Search by STATUS Failed due to system error

2021-02-05 13:36:01 - [TEST_STEP][PASSED] - Go to ISTools: Go to ISTools

2021-02-05 13:36:01 - [MESSAGE][INFO] - Starting 'Chrome (headless)' driver

2021-02-05 13:36:01 - [MESSAGE][INFO] - User set preference: ['args', '[--start-maximized, --disable-gpu, --no-proxy-server, â€“-no-sandbox, --allow-running-insecure-content, --ignore-certificate-errors, window-size=1680,814, force-device-scale-factor=2, --lang=en-GB]']

2021-02-05 13:36:01 - [MESSAGE][INFO] - User set preference: ['prefs', '{download.default_directory=/Users/chaidir.pratama01/Katalon Studio/IST_Automation_Git/Download}']

2021-02-05 13:36:01 - [MESSAGE][INFO] - Action delay is set to 0 milliseconds

2021-02-05 13:36:02 - [MESSAGE][PASSED] - Browser is opened with url: ''

2021-02-05 13:36:03 - [MESSAGE][PASSED] - Navigate to 'https://dev-istools.homecredit.id/foundation/' successfully

2021-02-05 13:36:03 - [MESSAGE][PASSED] - Go to ISTools

2021-02-05 13:36:03 - [TEST_STEP][PASSED] - Login IST with valid credentials: Login IST with valid credentials

2021-02-05 13:36:03 - [MESSAGE][PASSED] - Text 'mobile.test' is set on object 'Object Repository/Page_/input_Username_j_username'

2021-02-05 13:36:03 - [MESSAGE][PASSED] - Text ****** has been set on object 'Object Repository/Page_/input_Password_j_password'

2021-02-05 13:36:04 - [MESSAGE][PASSED] - Object: 'Object Repository/Page_/button_Login' is clicked on

2021-02-05 13:36:04 - [MESSAGE][PASSED] - Login IST with valid credentials

2021-02-05 13:36:04 - [TEST_STEP][PASSED] - Login Success: Login Success

2021-02-05 13:36:04 - [MESSAGE][INFO] - Login Success

2021-02-05 13:36:04 - [MESSAGE][PASSED] - Current window maximized

2021-02-05 13:36:04 - [MESSAGE][PASSED] - Object 'Object Repository/Page_/h1_Welcome to IT Supporting Tools' is present

2021-02-05 13:36:04 - [MESSAGE][PASSED] - Login Success

2021-02-05 13:36:04 - [TEST_STEP][PASSED] - Select Arrow Menu "Real Time Disbursement": Select Arrow Menu "Real Time Disbursement"

2021-02-05 13:36:04 - [MESSAGE][PASSED] - Object: '' is clicked on

2021-02-05 13:36:04 - [MESSAGE][PASSED] - Select Arrow Menu "Real Time Disbursement"

2021-02-05 13:36:04 - [TEST_STEP][PASSED] - Select Menu "Dashboard for Risk": Select Menu "Dashboard for Risk"

2021-02-05 13:36:05 - [MESSAGE][PASSED] - Taking screenshot successfully
[[ATTACHMENT|/Users/chaidir.pratama01/Documents/Docs/Katalon Studio/Screenshot/test-Dashboard for Risk.png]]

2021-02-05 13:36:05 - [MESSAGE][PASSED] - Object '' is present

2021-02-05 13:36:05 - [MESSAGE][PASSED] - Object: '' is clicked on

2021-02-05 13:36:05 - [MESSAGE][PASSED] - Wait for page load successfully

2021-02-05 13:36:05 - [MESSAGE][PASSED] - Select Menu "Dashboard for Risk"

2021-02-05 13:36:05 - [TEST_STEP][PASSED] - Select STATUS "Failed due to system error": Select STATUS "Failed due to system error"

2021-02-05 13:36:05 - [MESSAGE][PASSED] - All options with value 'Failed due to system error' are selected in object ''  using regular expression

2021-02-05 13:36:05 - [MESSAGE][PASSED] - Select STATUS "Failed due to system error"

2021-02-05 13:36:05 - [TEST_STEP][PASSED] - Click button "Search": Click button "Search"

2021-02-05 13:36:05 - [MESSAGE][INFO] - >>>>>//Button[contains(text(),'Search')]

2021-02-05 13:36:08 - [MESSAGE][PASSED] - Object '' is present

2021-02-05 13:36:08 - [MESSAGE][PASSED] - Object: '' is clicked on

2021-02-05 13:36:08 - [MESSAGE][PASSED] - Switched to window with index: '0'

2021-02-05 13:36:08 - [MESSAGE][PASSED] - Click button "Search"

2021-02-05 13:36:08 - [TEST_STEP][PASSED] - Verify Search Result Presents: Verify Search Result Presents

2021-02-05 13:36:08 - [MESSAGE][PASSED] - Object '' is present

2021-02-05 13:36:13 - [MESSAGE][PASSED] - Verify Search Result Presents

2021-02-05 13:36:13 - [TEST_STEP][PASSED] - Click button "Logout": Click button "Logout"

2021-02-05 13:36:13 - [MESSAGE][INFO] - >>>>>//Button[contains(text(),'Logout')]

2021-02-05 13:36:16 - [MESSAGE][PASSED] - Object '' is present

2021-02-05 13:36:16 - [MESSAGE][PASSED] - Object: '' is clicked on

2021-02-05 13:36:16 - [MESSAGE][PASSED] - Switched to window with index: '0'

2021-02-05 13:36:16 - [MESSAGE][PASSED] - Click button "Logout"

2021-02-05 13:36:16 - [TEST_STEP][PASSED] - Close browser: Close browser

2021-02-05 13:36:16 - [MESSAGE][PASSED] - Browser is closed

2021-02-05 13:36:16 - [MESSAGE][PASSED] - Close browser

2021-02-05 13:36:16 - [TEST_CASE][PASSED] - Start Test Case : SCENARIO Search by STATUS Failed due to insufficient fund: SCENARIO Search by STATUS Failed due to insufficient fund

2021-02-05 13:36:16 - [TEST_STEP][PASSED] - Go to ISTools: Go to ISTools

2021-02-05 13:36:16 - [MESSAGE][INFO] - Starting 'Chrome (headless)' driver

2021-02-05 13:36:16 - [MESSAGE][INFO] - User set preference: ['args', '[--start-maximized, --disable-gpu, --no-proxy-server, â€“-no-sandbox, --allow-running-insecure-content, --ignore-certificate-errors, window-size=1680,814, force-device-scale-factor=2, --lang=en-GB]']

2021-02-05 13:36:16 - [MESSAGE][INFO] - User set preference: ['prefs', '{download.default_directory=/Users/chaidir.pratama01/Katalon Studio/IST_Automation_Git/Download}']

2021-02-05 13:36:16 - [MESSAGE][INFO] - Action delay is set to 0 milliseconds

2021-02-05 13:36:17 - [MESSAGE][PASSED] - Browser is opened with url: ''

2021-02-05 13:36:19 - [MESSAGE][PASSED] - Navigate to 'https://dev-istools.homecredit.id/foundation/' successfully

2021-02-05 13:36:19 - [MESSAGE][PASSED] - Go to ISTools

2021-02-05 13:36:19 - [TEST_STEP][PASSED] - Login IST with valid credentials: Login IST with valid credentials

2021-02-05 13:36:20 - [MESSAGE][PASSED] - Text 'mobile.test' is set on object 'Object Repository/Page_/input_Username_j_username'

2021-02-05 13:36:20 - [MESSAGE][PASSED] - Text ****** has been set on object 'Object Repository/Page_/input_Password_j_password'

2021-02-05 13:36:21 - [MESSAGE][PASSED] - Object: 'Object Repository/Page_/button_Login' is clicked on

2021-02-05 13:36:21 - [MESSAGE][PASSED] - Login IST with valid credentials

2021-02-05 13:36:21 - [TEST_STEP][PASSED] - Login Success: Login Success

2021-02-05 13:36:21 - [MESSAGE][INFO] - Login Success

2021-02-05 13:36:21 - [MESSAGE][PASSED] - Current window maximized

2021-02-05 13:36:21 - [MESSAGE][PASSED] - Object 'Object Repository/Page_/h1_Welcome to IT Supporting Tools' is present

2021-02-05 13:36:21 - [MESSAGE][PASSED] - Login Success

2021-02-05 13:36:21 - [TEST_STEP][PASSED] - Select Arrow Menu "Real Time Disbursement": Select Arrow Menu "Real Time Disbursement"

2021-02-05 13:36:21 - [MESSAGE][PASSED] - Object: '' is clicked on

2021-02-05 13:36:21 - [MESSAGE][PASSED] - Select Arrow Menu "Real Time Disbursement"

2021-02-05 13:36:21 - [TEST_STEP][PASSED] - Select Menu "Dashboard for Risk": Select Menu "Dashboard for Risk"

2021-02-05 13:36:21 - [MESSAGE][PASSED] - Taking screenshot successfully
[[ATTACHMENT|/Users/chaidir.pratama01/Documents/Docs/Katalon Studio/Screenshot/test-Dashboard for Risk.png]]

2021-02-05 13:36:21 - [MESSAGE][PASSED] - Object '' is present

2021-02-05 13:36:21 - [MESSAGE][PASSED] - Object: '' is clicked on

2021-02-05 13:36:21 - [MESSAGE][PASSED] - Wait for page load successfully

2021-02-05 13:36:21 - [MESSAGE][PASSED] - Select Menu "Dashboard for Risk"

2021-02-05 13:36:21 - [TEST_STEP][PASSED] - Select STATUS "Failed due to insufficient fund": Select STATUS "Failed due to insufficient fund"

2021-02-05 13:36:22 - [MESSAGE][PASSED] - All options with value 'Failed due to insufficient fund' are selected in object ''  using regular expression

2021-02-05 13:36:22 - [MESSAGE][PASSED] - Select STATUS "Failed due to insufficient fund"

2021-02-05 13:36:22 - [TEST_STEP][PASSED] - Click button "Search": Click button "Search"

2021-02-05 13:36:22 - [MESSAGE][INFO] - >>>>>//Button[contains(text(),'Search')]

2021-02-05 13:36:25 - [MESSAGE][PASSED] - Object '' is present

2021-02-05 13:36:25 - [MESSAGE][PASSED] - Object: '' is clicked on

2021-02-05 13:36:25 - [MESSAGE][PASSED] - Switched to window with index: '0'

2021-02-05 13:36:25 - [MESSAGE][PASSED] - Click button "Search"

2021-02-05 13:36:25 - [TEST_STEP][PASSED] - Verify Search Result Presents: Verify Search Result Presents

2021-02-05 13:36:29 - [MESSAGE][INFO] - Unable to find the element located by 'By.xpath: //td[@style='display:none' and contains(text(),'-Empty-')]'. Please recheck the objects properties to make sure the desired element is located. 

2021-02-05 13:36:29 - [MESSAGE][WARNING] - com.kms.katalon.core.webui.exception.WebElementNotFoundException: Web element with id: '' located by '//td[@style='display:none' and contains(text(),'-Empty-')]' not found (Root cause: com.kms.katalon.core.exception.StepFailedException: com.kms.katalon.core.webui.exception.WebElementNotFoundException: Web element with id: '' located by '//td[@style='display:none' and contains(text(),'-Empty-')]' not found
	at com.kms.katalon.core.webui.keyword.internal.WebUIKeywordMain.stepFailed(WebUIKeywordMain.groovy:64)
	at com.kms.katalon.core.webui.keyword.builtin.VerifyElementPresentKeyword$_verifyElementPresent_closure1.doCall(VerifyElementPresentKeyword.groovy:85)
	at com.kms.katalon.core.webui.keyword.builtin.VerifyElementPresentKeyword$_verifyElementPresent_closure1.call(VerifyElementPresentKeyword.groovy)
	at com.kms.katalon.core.webui.keyword.internal.WebUIKeywordMain.runKeyword(WebUIKeywordMain.groovy:20)
	at com.kms.katalon.core.webui.keyword.builtin.VerifyElementPresentKeyword.verifyElementPresent(VerifyElementPresentKeyword.groovy:92)
	at com.kms.katalon.core.webui.keyword.builtin.VerifyElementPresentKeyword.execute(VerifyElementPresentKeyword.groovy:68)
	at com.kms.katalon.core.keyword.internal.KeywordExecutor.executeKeywordForPlatform(KeywordExecutor.groovy:73)
	at com.kms.katalon.core.webui.keyword.WebUiBuiltInKeywords.verifyElementPresent(WebUiBuiltInKeywords.groovy:1444)
	at com.kms.katalon.core.webui.keyword.WebUiBuiltInKeywords$verifyElementPresent$11.call(Unknown Source)
	at ist_real.Contract_Dispatcher.VerifyTblFilled(Contract_Dispatcher.groovy:1313)
	at ist_real.Contract_Dispatcher$VerifyTblFilled$0.call(Unknown Source)
	at RTD.Search_Result_Presents(RTD.groovy:189)
	at cucumber.runtime.Utils$1.call(Utils.java:26)
	at cucumber.runtime.Timeout.timeout(Timeout.java:16)
	at cucumber.runtime.Utils.invoke(Utils.java:20)
	at cucumber.runtime.java.JavaStepDefinition.execute(JavaStepDefinition.java:48)
	at cucumber.runtime.PickleStepDefinitionMatch.runStep(PickleStepDefinitionMatch.java:50)
	at cucumber.runner.TestStep.executeStep(TestStep.java:55)
	at cucumber.runner.TestStep.run(TestStep.java:42)
	at cucumber.runner.PickleStepTestStep.run(PickleStepTestStep.java:53)
	at cucumber.runner.TestCase.run(TestCase.java:47)
	at cucumber.runner.Runner.runPickle(Runner.java:44)
	at cucumber.runtime.Runtime.runFeature(Runtime.java:120)
	at cucumber.runtime.Runtime.run(Runtime.java:106)
	at cucumber.api.cli.Main.run(Main.java:35)
	at cucumber.api.cli.Main$run.call(Unknown Source)
	at com.kms.katalon.core.cucumber.keyword.CucumberBuiltinKeywords$_runFeatureFile_closure1.doCall(CucumberBuiltinKeywords.groovy:76)
	at com.kms.katalon.core.cucumber.keyword.CucumberBuiltinKeywords$_runFeatureFile_closure1.doCall(CucumberBuiltinKeywords.groovy)
	at com.kms.katalon.core.keyword.internal.KeywordMain.runKeyword(KeywordMain.groovy:68)
	at com.kms.katalon.core.keyword.internal.KeywordMain$runKeyword.call(Unknown Source)
	at com.kms.katalon.core.cucumber.keyword.CucumberBuiltinKeywords.runFeatureFile(CucumberBuiltinKeywords.groovy:46)
	at com.kms.katalon.core.cucumber.keyword.CucumberBuiltinKeywords$runFeatureFile$0.callStatic(Unknown Source)
	at com.kms.katalon.core.cucumber.keyword.CucumberBuiltinKeywords.runFeatureFile(CucumberBuiltinKeywords.groovy:169)
	at com.kms.katalon.core.cucumber.keyword.CucumberBuiltinKeywords$runFeatureFile.call(Unknown Source)
	at TC_Search_by_STATUS_Dashboard_for_Risk.run(TC_Search_by_STATUS_Dashboard_for_Risk:18)
	at com.kms.katalon.core.main.ScriptEngine.run(ScriptEngine.java:194)
	at com.kms.katalon.core.main.ScriptEngine.runScriptAsRawText(ScriptEngine.java:119)
	at com.kms.katalon.core.main.TestCaseExecutor.runScript(TestCaseExecutor.java:339)
	at com.kms.katalon.core.main.TestCaseExecutor.doExecute(TestCaseExecutor.java:330)
	at com.kms.katalon.core.main.TestCaseExecutor.processExecutionPhase(TestCaseExecutor.java:309)
	at com.kms.katalon.core.main.TestCaseExecutor.accessMainPhase(TestCaseExecutor.java:301)
	at com.kms.katalon.core.main.TestCaseExecutor.execute(TestCaseExecutor.java:235)
	at com.kms.katalon.core.main.TestSuiteExecutor.accessTestCaseMainPhase(TestSuiteExecutor.java:191)
	at com.kms.katalon.core.main.TestSuiteExecutor.accessTestSuiteMainPhase(TestSuiteExecutor.java:141)
	at com.kms.katalon.core.main.TestSuiteExecutor.execute(TestSuiteExecutor.java:90)
	at com.kms.katalon.core.main.TestCaseMain.startTestSuite(TestCaseMain.java:157)
	at com.kms.katalon.core.main.TestCaseMain$startTestSuite$0.call(Unknown Source)
	at TempTestSuite1612505439932.run(TempTestSuite1612505439932.groovy:39)
)
[[ATTACHMENT|/Users/chaidir.pratama01/Katalon Studio/IST_Automation_Git/Reports/20210205_131034/RTD/TS_Dashboard_for_Risk/20210205_131039/1612506989443.png]]

2021-02-05 13:36:30 - [MESSAGE][PASSED] - Verify Search Result Presents

2021-02-05 13:36:30 - [TEST_STEP][PASSED] - Click button "Logout": Click button "Logout"

2021-02-05 13:36:30 - [MESSAGE][INFO] - >>>>>//Button[contains(text(),'Logout')]

2021-02-05 13:36:33 - [MESSAGE][PASSED] - Object '' is present

2021-02-05 13:36:33 - [MESSAGE][PASSED] - Object: '' is clicked on

2021-02-05 13:36:33 - [MESSAGE][PASSED] - Switched to window with index: '0'

2021-02-05 13:36:33 - [MESSAGE][PASSED] - Click button "Logout"

2021-02-05 13:36:33 - [TEST_STEP][PASSED] - Close browser: Close browser

2021-02-05 13:36:33 - [MESSAGE][PASSED] - Browser is closed

2021-02-05 13:36:33 - [MESSAGE][PASSED] - Close browser

2021-02-05 13:36:33 - [TEST_CASE][PASSED] - Start Test Case : SCENARIO Search by STATUS Failed due to not supported bank: SCENARIO Search by STATUS Failed due to not supported bank

2021-02-05 13:36:33 - [TEST_STEP][PASSED] - Go to ISTools: Go to ISTools

2021-02-05 13:36:33 - [MESSAGE][INFO] - Starting 'Chrome (headless)' driver

2021-02-05 13:36:33 - [MESSAGE][INFO] - User set preference: ['args', '[--start-maximized, --disable-gpu, --no-proxy-server, â€“-no-sandbox, --allow-running-insecure-content, --ignore-certificate-errors, window-size=1680,814, force-device-scale-factor=2, --lang=en-GB]']

2021-02-05 13:36:33 - [MESSAGE][INFO] - User set preference: ['prefs', '{download.default_directory=/Users/chaidir.pratama01/Katalon Studio/IST_Automation_Git/Download}']

2021-02-05 13:36:33 - [MESSAGE][INFO] - Action delay is set to 0 milliseconds

2021-02-05 13:36:34 - [MESSAGE][PASSED] - Browser is opened with url: ''

2021-02-05 13:36:36 - [MESSAGE][PASSED] - Navigate to 'https://dev-istools.homecredit.id/foundation/' successfully

2021-02-05 13:36:36 - [MESSAGE][PASSED] - Go to ISTools

2021-02-05 13:36:36 - [TEST_STEP][PASSED] - Login IST with valid credentials: Login IST with valid credentials

2021-02-05 13:36:36 - [MESSAGE][PASSED] - Text 'mobile.test' is set on object 'Object Repository/Page_/input_Username_j_username'

2021-02-05 13:36:36 - [MESSAGE][PASSED] - Text ****** has been set on object 'Object Repository/Page_/input_Password_j_password'

2021-02-05 13:36:37 - [MESSAGE][PASSED] - Object: 'Object Repository/Page_/button_Login' is clicked on

2021-02-05 13:36:37 - [MESSAGE][PASSED] - Login IST with valid credentials

2021-02-05 13:36:37 - [TEST_STEP][PASSED] - Login Success: Login Success

2021-02-05 13:36:37 - [MESSAGE][INFO] - Login Success

2021-02-05 13:36:37 - [MESSAGE][PASSED] - Current window maximized

2021-02-05 13:36:37 - [MESSAGE][PASSED] - Object 'Object Repository/Page_/h1_Welcome to IT Supporting Tools' is present

2021-02-05 13:36:37 - [MESSAGE][PASSED] - Login Success

2021-02-05 13:36:37 - [TEST_STEP][PASSED] - Select Arrow Menu "Real Time Disbursement": Select Arrow Menu "Real Time Disbursement"

2021-02-05 13:36:37 - [MESSAGE][PASSED] - Object: '' is clicked on

2021-02-05 13:36:37 - [MESSAGE][PASSED] - Select Arrow Menu "Real Time Disbursement"

2021-02-05 13:36:37 - [TEST_STEP][PASSED] - Select Menu "Dashboard for Risk": Select Menu "Dashboard for Risk"

2021-02-05 13:36:38 - [MESSAGE][PASSED] - Taking screenshot successfully
[[ATTACHMENT|/Users/chaidir.pratama01/Documents/Docs/Katalon Studio/Screenshot/test-Dashboard for Risk.png]]

2021-02-05 13:36:38 - [MESSAGE][PASSED] - Object '' is present

2021-02-05 13:36:38 - [MESSAGE][PASSED] - Object: '' is clicked on

2021-02-05 13:36:38 - [MESSAGE][PASSED] - Wait for page load successfully

2021-02-05 13:36:38 - [MESSAGE][PASSED] - Select Menu "Dashboard for Risk"

2021-02-05 13:36:38 - [TEST_STEP][PASSED] - Select STATUS "Failed due to not supported bank": Select STATUS "Failed due to not supported bank"

2021-02-05 13:36:39 - [MESSAGE][PASSED] - All options with value 'Failed due to not supported bank' are selected in object ''  using regular expression

2021-02-05 13:36:39 - [MESSAGE][PASSED] - Select STATUS "Failed due to not supported bank"

2021-02-05 13:36:39 - [TEST_STEP][PASSED] - Click button "Search": Click button "Search"

2021-02-05 13:36:39 - [MESSAGE][INFO] - >>>>>//Button[contains(text(),'Search')]

2021-02-05 13:36:42 - [MESSAGE][PASSED] - Object '' is present

2021-02-05 13:36:42 - [MESSAGE][PASSED] - Object: '' is clicked on

2021-02-05 13:36:42 - [MESSAGE][PASSED] - Switched to window with index: '0'

2021-02-05 13:36:42 - [MESSAGE][PASSED] - Click button "Search"

2021-02-05 13:36:42 - [TEST_STEP][PASSED] - Verify Search Result Presents: Verify Search Result Presents

2021-02-05 13:36:46 - [MESSAGE][INFO] - Unable to find the element located by 'By.xpath: //td[@style='display:none' and contains(text(),'-Empty-')]'. Please recheck the objects properties to make sure the desired element is located. 

2021-02-05 13:36:46 - [MESSAGE][WARNING] - com.kms.katalon.core.webui.exception.WebElementNotFoundException: Web element with id: '' located by '//td[@style='display:none' and contains(text(),'-Empty-')]' not found (Root cause: com.kms.katalon.core.exception.StepFailedException: com.kms.katalon.core.webui.exception.WebElementNotFoundException: Web element with id: '' located by '//td[@style='display:none' and contains(text(),'-Empty-')]' not found
	at com.kms.katalon.core.webui.keyword.internal.WebUIKeywordMain.stepFailed(WebUIKeywordMain.groovy:64)
	at com.kms.katalon.core.webui.keyword.builtin.VerifyElementPresentKeyword$_verifyElementPresent_closure1.doCall(VerifyElementPresentKeyword.groovy:85)
	at com.kms.katalon.core.webui.keyword.builtin.VerifyElementPresentKeyword$_verifyElementPresent_closure1.call(VerifyElementPresentKeyword.groovy)
	at com.kms.katalon.core.webui.keyword.internal.WebUIKeywordMain.runKeyword(WebUIKeywordMain.groovy:20)
	at com.kms.katalon.core.webui.keyword.builtin.VerifyElementPresentKeyword.verifyElementPresent(VerifyElementPresentKeyword.groovy:92)
	at com.kms.katalon.core.webui.keyword.builtin.VerifyElementPresentKeyword.execute(VerifyElementPresentKeyword.groovy:68)
	at com.kms.katalon.core.keyword.internal.KeywordExecutor.executeKeywordForPlatform(KeywordExecutor.groovy:73)
	at com.kms.katalon.core.webui.keyword.WebUiBuiltInKeywords.verifyElementPresent(WebUiBuiltInKeywords.groovy:1444)
	at com.kms.katalon.core.webui.keyword.WebUiBuiltInKeywords$verifyElementPresent$11.call(Unknown Source)
	at ist_real.Contract_Dispatcher.VerifyTblFilled(Contract_Dispatcher.groovy:1313)
	at ist_real.Contract_Dispatcher$VerifyTblFilled$0.call(Unknown Source)
	at RTD.Search_Result_Presents(RTD.groovy:189)
	at cucumber.runtime.Utils$1.call(Utils.java:26)
	at cucumber.runtime.Timeout.timeout(Timeout.java:16)
	at cucumber.runtime.Utils.invoke(Utils.java:20)
	at cucumber.runtime.java.JavaStepDefinition.execute(JavaStepDefinition.java:48)
	at cucumber.runtime.PickleStepDefinitionMatch.runStep(PickleStepDefinitionMatch.java:50)
	at cucumber.runner.TestStep.executeStep(TestStep.java:55)
	at cucumber.runner.TestStep.run(TestStep.java:42)
	at cucumber.runner.PickleStepTestStep.run(PickleStepTestStep.java:53)
	at cucumber.runner.TestCase.run(TestCase.java:47)
	at cucumber.runner.Runner.runPickle(Runner.java:44)
	at cucumber.runtime.Runtime.runFeature(Runtime.java:120)
	at cucumber.runtime.Runtime.run(Runtime.java:106)
	at cucumber.api.cli.Main.run(Main.java:35)
	at cucumber.api.cli.Main$run.call(Unknown Source)
	at com.kms.katalon.core.cucumber.keyword.CucumberBuiltinKeywords$_runFeatureFile_closure1.doCall(CucumberBuiltinKeywords.groovy:76)
	at com.kms.katalon.core.cucumber.keyword.CucumberBuiltinKeywords$_runFeatureFile_closure1.doCall(CucumberBuiltinKeywords.groovy)
	at com.kms.katalon.core.keyword.internal.KeywordMain.runKeyword(KeywordMain.groovy:68)
	at com.kms.katalon.core.keyword.internal.KeywordMain$runKeyword.call(Unknown Source)
	at com.kms.katalon.core.cucumber.keyword.CucumberBuiltinKeywords.runFeatureFile(CucumberBuiltinKeywords.groovy:46)
	at com.kms.katalon.core.cucumber.keyword.CucumberBuiltinKeywords$runFeatureFile$0.callStatic(Unknown Source)
	at com.kms.katalon.core.cucumber.keyword.CucumberBuiltinKeywords.runFeatureFile(CucumberBuiltinKeywords.groovy:169)
	at com.kms.katalon.core.cucumber.keyword.CucumberBuiltinKeywords$runFeatureFile.call(Unknown Source)
	at TC_Search_by_STATUS_Dashboard_for_Risk.run(TC_Search_by_STATUS_Dashboard_for_Risk:18)
	at com.kms.katalon.core.main.ScriptEngine.run(ScriptEngine.java:194)
	at com.kms.katalon.core.main.ScriptEngine.runScriptAsRawText(ScriptEngine.java:119)
	at com.kms.katalon.core.main.TestCaseExecutor.runScript(TestCaseExecutor.java:339)
	at com.kms.katalon.core.main.TestCaseExecutor.doExecute(TestCaseExecutor.java:330)
	at com.kms.katalon.core.main.TestCaseExecutor.processExecutionPhase(TestCaseExecutor.java:309)
	at com.kms.katalon.core.main.TestCaseExecutor.accessMainPhase(TestCaseExecutor.java:301)
	at com.kms.katalon.core.main.TestCaseExecutor.execute(TestCaseExecutor.java:235)
	at com.kms.katalon.core.main.TestSuiteExecutor.accessTestCaseMainPhase(TestSuiteExecutor.java:191)
	at com.kms.katalon.core.main.TestSuiteExecutor.accessTestSuiteMainPhase(TestSuiteExecutor.java:141)
	at com.kms.katalon.core.main.TestSuiteExecutor.execute(TestSuiteExecutor.java:90)
	at com.kms.katalon.core.main.TestCaseMain.startTestSuite(TestCaseMain.java:157)
	at com.kms.katalon.core.main.TestCaseMain$startTestSuite$0.call(Unknown Source)
	at TempTestSuite1612505439932.run(TempTestSuite1612505439932.groovy:39)
)
[[ATTACHMENT|/Users/chaidir.pratama01/Katalon Studio/IST_Automation_Git/Reports/20210205_131034/RTD/TS_Dashboard_for_Risk/20210205_131039/1612507006115.png]]

2021-02-05 13:36:46 - [MESSAGE][PASSED] - Verify Search Result Presents

2021-02-05 13:36:46 - [TEST_STEP][PASSED] - Click button "Logout": Click button "Logout"

2021-02-05 13:36:46 - [MESSAGE][INFO] - >>>>>//Button[contains(text(),'Logout')]

2021-02-05 13:36:49 - [MESSAGE][PASSED] - Object '' is present

2021-02-05 13:36:50 - [MESSAGE][PASSED] - Object: '' is clicked on

2021-02-05 13:36:50 - [MESSAGE][PASSED] - Switched to window with index: '0'

2021-02-05 13:36:50 - [MESSAGE][PASSED] - Click button "Logout"

2021-02-05 13:36:50 - [TEST_STEP][PASSED] - Close browser: Close browser

2021-02-05 13:36:50 - [MESSAGE][PASSED] - Browser is closed

2021-02-05 13:36:50 - [MESSAGE][PASSED] - Close browser

2021-02-05 13:36:50 - [TEST_CASE][PASSED] - Start Test Case : SCENARIO Search by STATUS Manual Disbursement: SCENARIO Search by STATUS Manual Disbursement

2021-02-05 13:36:50 - [TEST_STEP][PASSED] - Go to ISTools: Go to ISTools

2021-02-05 13:36:50 - [MESSAGE][INFO] - Starting 'Chrome (headless)' driver

2021-02-05 13:36:50 - [MESSAGE][INFO] - User set preference: ['args', '[--start-maximized, --disable-gpu, --no-proxy-server, â€“-no-sandbox, --allow-running-insecure-content, --ignore-certificate-errors, window-size=1680,814, force-device-scale-factor=2, --lang=en-GB]']

2021-02-05 13:36:50 - [MESSAGE][INFO] - User set preference: ['prefs', '{download.default_directory=/Users/chaidir.pratama01/Katalon Studio/IST_Automation_Git/Download}']

2021-02-05 13:36:50 - [MESSAGE][INFO] - Action delay is set to 0 milliseconds

2021-02-05 13:36:50 - [MESSAGE][PASSED] - Browser is opened with url: ''

2021-02-05 13:36:55 - [MESSAGE][PASSED] - Navigate to 'https://dev-istools.homecredit.id/foundation/' successfully

2021-02-05 13:36:55 - [MESSAGE][PASSED] - Go to ISTools

2021-02-05 13:36:55 - [TEST_STEP][PASSED] - Login IST with valid credentials: Login IST with valid credentials

2021-02-05 13:36:55 - [MESSAGE][PASSED] - Text 'mobile.test' is set on object 'Object Repository/Page_/input_Username_j_username'

2021-02-05 13:36:55 - [MESSAGE][PASSED] - Text ****** has been set on object 'Object Repository/Page_/input_Password_j_password'

2021-02-05 13:36:56 - [MESSAGE][PASSED] - Object: 'Object Repository/Page_/button_Login' is clicked on

2021-02-05 13:36:56 - [MESSAGE][PASSED] - Login IST with valid credentials

2021-02-05 13:36:56 - [TEST_STEP][PASSED] - Login Success: Login Success

2021-02-05 13:36:56 - [MESSAGE][INFO] - Login Success

2021-02-05 13:36:56 - [MESSAGE][PASSED] - Current window maximized

2021-02-05 13:36:56 - [MESSAGE][PASSED] - Object 'Object Repository/Page_/h1_Welcome to IT Supporting Tools' is present

2021-02-05 13:36:56 - [MESSAGE][PASSED] - Login Success

2021-02-05 13:36:56 - [TEST_STEP][PASSED] - Select Arrow Menu "Real Time Disbursement": Select Arrow Menu "Real Time Disbursement"

2021-02-05 13:36:56 - [MESSAGE][PASSED] - Object: '' is clicked on

2021-02-05 13:36:56 - [MESSAGE][PASSED] - Select Arrow Menu "Real Time Disbursement"

2021-02-05 13:36:56 - [TEST_STEP][PASSED] - Select Menu "Dashboard for Risk": Select Menu "Dashboard for Risk"

2021-02-05 13:36:56 - [MESSAGE][PASSED] - Taking screenshot successfully
[[ATTACHMENT|/Users/chaidir.pratama01/Documents/Docs/Katalon Studio/Screenshot/test-Dashboard for Risk.png]]

2021-02-05 13:36:56 - [MESSAGE][PASSED] - Object '' is present

2021-02-05 13:36:56 - [MESSAGE][PASSED] - Object: '' is clicked on

2021-02-05 13:36:56 - [MESSAGE][PASSED] - Wait for page load successfully

2021-02-05 13:36:56 - [MESSAGE][PASSED] - Select Menu "Dashboard for Risk"

2021-02-05 13:36:56 - [TEST_STEP][PASSED] - Select STATUS "Manual Disbursement": Select STATUS "Manual Disbursement"

2021-02-05 13:36:57 - [MESSAGE][PASSED] - All options with value 'Manual Disbursement' are selected in object ''  using regular expression

2021-02-05 13:36:57 - [MESSAGE][PASSED] - Select STATUS "Manual Disbursement"

2021-02-05 13:36:57 - [TEST_STEP][PASSED] - Click button "Search": Click button "Search"

2021-02-05 13:36:57 - [MESSAGE][INFO] - >>>>>//Button[contains(text(),'Search')]

2021-02-05 13:37:00 - [MESSAGE][PASSED] - Object '' is present

2021-02-05 13:37:00 - [MESSAGE][PASSED] - Object: '' is clicked on

2021-02-05 13:37:00 - [MESSAGE][PASSED] - Switched to window with index: '0'

2021-02-05 13:37:00 - [MESSAGE][PASSED] - Click button "Search"

2021-02-05 13:37:00 - [TEST_STEP][PASSED] - Verify Search Result Presents: Verify Search Result Presents

2021-02-05 13:37:00 - [MESSAGE][PASSED] - Object '' is present

2021-02-05 13:37:10 - [MESSAGE][PASSED] - Verify Search Result Presents

2021-02-05 13:37:10 - [TEST_STEP][PASSED] - Click button "Logout": Click button "Logout"

2021-02-05 13:37:10 - [MESSAGE][INFO] - >>>>>//Button[contains(text(),'Logout')]

2021-02-05 13:37:13 - [MESSAGE][PASSED] - Object '' is present

2021-02-05 13:37:13 - [MESSAGE][PASSED] - Object: '' is clicked on

2021-02-05 13:37:13 - [MESSAGE][PASSED] - Switched to window with index: '0'

2021-02-05 13:37:13 - [MESSAGE][PASSED] - Click button "Logout"

2021-02-05 13:37:13 - [TEST_STEP][PASSED] - Close browser: Close browser

2021-02-05 13:37:13 - [MESSAGE][PASSED] - Browser is closed

2021-02-05 13:37:13 - [MESSAGE][PASSED] - Close browser

2021-02-05 13:37:13 - [TEST_CASE][PASSED] - Start Test Case : SCENARIO Search by STATUS DONE: SCENARIO Search by STATUS DONE

2021-02-05 13:37:13 - [TEST_STEP][PASSED] - Go to ISTools: Go to ISTools

2021-02-05 13:37:13 - [MESSAGE][INFO] - Starting 'Chrome (headless)' driver

2021-02-05 13:37:13 - [MESSAGE][INFO] - User set preference: ['args', '[--start-maximized, --disable-gpu, --no-proxy-server, â€“-no-sandbox, --allow-running-insecure-content, --ignore-certificate-errors, window-size=1680,814, force-device-scale-factor=2, --lang=en-GB]']

2021-02-05 13:37:13 - [MESSAGE][INFO] - User set preference: ['prefs', '{download.default_directory=/Users/chaidir.pratama01/Katalon Studio/IST_Automation_Git/Download}']

2021-02-05 13:37:13 - [MESSAGE][INFO] - Action delay is set to 0 milliseconds

2021-02-05 13:37:13 - [MESSAGE][PASSED] - Browser is opened with url: ''

2021-02-05 13:37:16 - [MESSAGE][PASSED] - Navigate to 'https://dev-istools.homecredit.id/foundation/' successfully

2021-02-05 13:37:16 - [MESSAGE][PASSED] - Go to ISTools

2021-02-05 13:37:16 - [TEST_STEP][PASSED] - Login IST with valid credentials: Login IST with valid credentials

2021-02-05 13:37:16 - [MESSAGE][PASSED] - Text 'mobile.test' is set on object 'Object Repository/Page_/input_Username_j_username'

2021-02-05 13:37:16 - [MESSAGE][PASSED] - Text ****** has been set on object 'Object Repository/Page_/input_Password_j_password'

2021-02-05 13:37:17 - [MESSAGE][PASSED] - Object: 'Object Repository/Page_/button_Login' is clicked on

2021-02-05 13:37:17 - [MESSAGE][PASSED] - Login IST with valid credentials

2021-02-05 13:37:17 - [TEST_STEP][PASSED] - Login Success: Login Success

2021-02-05 13:37:17 - [MESSAGE][INFO] - Login Success

2021-02-05 13:37:17 - [MESSAGE][PASSED] - Current window maximized

2021-02-05 13:37:17 - [MESSAGE][PASSED] - Object 'Object Repository/Page_/h1_Welcome to IT Supporting Tools' is present

2021-02-05 13:37:17 - [MESSAGE][PASSED] - Login Success

2021-02-05 13:37:17 - [TEST_STEP][PASSED] - Select Arrow Menu "Real Time Disbursement": Select Arrow Menu "Real Time Disbursement"

2021-02-05 13:37:17 - [MESSAGE][PASSED] - Object: '' is clicked on

2021-02-05 13:37:17 - [MESSAGE][PASSED] - Select Arrow Menu "Real Time Disbursement"

2021-02-05 13:37:17 - [TEST_STEP][PASSED] - Select Menu "Dashboard for Risk": Select Menu "Dashboard for Risk"

2021-02-05 13:37:18 - [MESSAGE][PASSED] - Taking screenshot successfully
[[ATTACHMENT|/Users/chaidir.pratama01/Documents/Docs/Katalon Studio/Screenshot/test-Dashboard for Risk.png]]

2021-02-05 13:37:18 - [MESSAGE][PASSED] - Object '' is present

2021-02-05 13:37:18 - [MESSAGE][PASSED] - Object: '' is clicked on

2021-02-05 13:37:18 - [MESSAGE][PASSED] - Wait for page load successfully

2021-02-05 13:37:18 - [MESSAGE][PASSED] - Select Menu "Dashboard for Risk"

2021-02-05 13:37:18 - [TEST_STEP][PASSED] - Select STATUS "DONE": Select STATUS "DONE"

2021-02-05 13:37:18 - [MESSAGE][PASSED] - All options with value 'DONE' are selected in object ''  using regular expression

2021-02-05 13:37:18 - [MESSAGE][PASSED] - Select STATUS "DONE"

2021-02-05 13:37:18 - [TEST_STEP][PASSED] - Click button "Search": Click button "Search"

2021-02-05 13:37:18 - [MESSAGE][INFO] - >>>>>//Button[contains(text(),'Search')]

2021-02-05 13:37:21 - [MESSAGE][PASSED] - Object '' is present

2021-02-05 13:37:21 - [MESSAGE][PASSED] - Object: '' is clicked on

2021-02-05 13:37:21 - [MESSAGE][PASSED] - Switched to window with index: '0'

2021-02-05 13:37:21 - [MESSAGE][PASSED] - Click button "Search"

2021-02-05 13:37:21 - [TEST_STEP][PASSED] - Verify Search Result Presents: Verify Search Result Presents

2021-02-05 13:37:22 - [MESSAGE][PASSED] - Object '' is present

2021-02-05 13:37:31 - [MESSAGE][PASSED] - Verify Search Result Presents

2021-02-05 13:37:31 - [TEST_STEP][PASSED] - Click button "Logout": Click button "Logout"

2021-02-05 13:37:31 - [MESSAGE][INFO] - >>>>>//Button[contains(text(),'Logout')]

2021-02-05 13:37:34 - [MESSAGE][PASSED] - Object '' is present

2021-02-05 13:37:34 - [MESSAGE][PASSED] - Object: '' is clicked on

2021-02-05 13:37:34 - [MESSAGE][PASSED] - Switched to window with index: '0'

2021-02-05 13:37:34 - [MESSAGE][PASSED] - Click button "Logout"

2021-02-05 13:37:34 - [TEST_STEP][PASSED] - Close browser: Close browser

2021-02-05 13:37:34 - [MESSAGE][PASSED] - Browser is closed

2021-02-05 13:37:34 - [MESSAGE][PASSED] - Close browser

2021-02-05 13:37:34 - [TEST_CASE][PASSED] - Start Test Case : SCENARIO Search by STATUS Success to Disburse: SCENARIO Search by STATUS Success to Disburse

2021-02-05 13:37:34 - [TEST_STEP][PASSED] - Go to ISTools: Go to ISTools

2021-02-05 13:37:34 - [MESSAGE][INFO] - Starting 'Chrome (headless)' driver

2021-02-05 13:37:34 - [MESSAGE][INFO] - User set preference: ['args', '[--start-maximized, --disable-gpu, --no-proxy-server, â€“-no-sandbox, --allow-running-insecure-content, --ignore-certificate-errors, window-size=1680,814, force-device-scale-factor=2, --lang=en-GB]']

2021-02-05 13:37:34 - [MESSAGE][INFO] - User set preference: ['prefs', '{download.default_directory=/Users/chaidir.pratama01/Katalon Studio/IST_Automation_Git/Download}']

2021-02-05 13:37:34 - [MESSAGE][INFO] - Action delay is set to 0 milliseconds

2021-02-05 13:37:35 - [MESSAGE][PASSED] - Browser is opened with url: ''

2021-02-05 13:37:37 - [MESSAGE][PASSED] - Navigate to 'https://dev-istools.homecredit.id/foundation/' successfully

2021-02-05 13:37:37 - [MESSAGE][PASSED] - Go to ISTools

2021-02-05 13:37:37 - [TEST_STEP][PASSED] - Login IST with valid credentials: Login IST with valid credentials

2021-02-05 13:37:37 - [MESSAGE][PASSED] - Text 'mobile.test' is set on object 'Object Repository/Page_/input_Username_j_username'

2021-02-05 13:37:37 - [MESSAGE][PASSED] - Text ****** has been set on object 'Object Repository/Page_/input_Password_j_password'

2021-02-05 13:37:38 - [MESSAGE][PASSED] - Object: 'Object Repository/Page_/button_Login' is clicked on

2021-02-05 13:37:38 - [MESSAGE][PASSED] - Login IST with valid credentials

2021-02-05 13:37:38 - [TEST_STEP][PASSED] - Login Success: Login Success

2021-02-05 13:37:38 - [MESSAGE][INFO] - Login Success

2021-02-05 13:37:38 - [MESSAGE][PASSED] - Current window maximized

2021-02-05 13:37:38 - [MESSAGE][PASSED] - Object 'Object Repository/Page_/h1_Welcome to IT Supporting Tools' is present

2021-02-05 13:37:38 - [MESSAGE][PASSED] - Login Success

2021-02-05 13:37:38 - [TEST_STEP][PASSED] - Select Arrow Menu "Real Time Disbursement": Select Arrow Menu "Real Time Disbursement"

2021-02-05 13:37:38 - [MESSAGE][PASSED] - Object: '' is clicked on

2021-02-05 13:37:38 - [MESSAGE][PASSED] - Select Arrow Menu "Real Time Disbursement"

2021-02-05 13:37:38 - [TEST_STEP][PASSED] - Select Menu "Dashboard for Risk": Select Menu "Dashboard for Risk"

2021-02-05 13:37:38 - [MESSAGE][PASSED] - Taking screenshot successfully
[[ATTACHMENT|/Users/chaidir.pratama01/Documents/Docs/Katalon Studio/Screenshot/test-Dashboard for Risk.png]]

2021-02-05 13:37:38 - [MESSAGE][PASSED] - Object '' is present

2021-02-05 13:37:39 - [MESSAGE][PASSED] - Object: '' is clicked on

2021-02-05 13:37:39 - [MESSAGE][PASSED] - Wait for page load successfully

2021-02-05 13:37:39 - [MESSAGE][PASSED] - Select Menu "Dashboard for Risk"

2021-02-05 13:37:39 - [TEST_STEP][PASSED] - Select STATUS "Success to Disburse": Select STATUS "Success to Disburse"

2021-02-05 13:37:39 - [MESSAGE][PASSED] - All options with value 'Success to Disburse' are selected in object ''  using regular expression

2021-02-05 13:37:39 - [MESSAGE][PASSED] - Select STATUS "Success to Disburse"

2021-02-05 13:37:39 - [TEST_STEP][PASSED] - Click button "Search": Click button "Search"

2021-02-05 13:37:39 - [MESSAGE][INFO] - >>>>>//Button[contains(text(),'Search')]

2021-02-05 13:37:42 - [MESSAGE][PASSED] - Object '' is present

2021-02-05 13:37:42 - [MESSAGE][PASSED] - Object: '' is clicked on

2021-02-05 13:37:42 - [MESSAGE][PASSED] - Switched to window with index: '0'

2021-02-05 13:37:42 - [MESSAGE][PASSED] - Click button "Search"

2021-02-05 13:37:42 - [TEST_STEP][PASSED] - Verify Search Result Presents: Verify Search Result Presents

2021-02-05 13:37:42 - [MESSAGE][PASSED] - Object '' is present

2021-02-05 13:37:43 - [MESSAGE][PASSED] - Verify Search Result Presents

2021-02-05 13:37:43 - [TEST_STEP][PASSED] - Click button "Logout": Click button "Logout"

2021-02-05 13:37:43 - [MESSAGE][INFO] - >>>>>//Button[contains(text(),'Logout')]

2021-02-05 13:37:46 - [MESSAGE][PASSED] - Object '' is present

2021-02-05 13:37:46 - [MESSAGE][PASSED] - Object: '' is clicked on

2021-02-05 13:37:46 - [MESSAGE][PASSED] - Switched to window with index: '0'

2021-02-05 13:37:46 - [MESSAGE][PASSED] - Click button "Logout"

2021-02-05 13:37:46 - [TEST_STEP][PASSED] - Close browser: Close browser

2021-02-05 13:37:46 - [MESSAGE][PASSED] - Browser is closed

2021-02-05 13:37:46 - [MESSAGE][PASSED] - Close browser

2021-02-05 13:37:46 - [MESSAGE][PASSED] - Feature file: 'Include/features/IST_Real/RTD/Dashboard_for_Risk/Search_by_STATUS_Dashboard_for_Risk.feature' was passed]]></system-out>
         <system-err><![CDATA[]]></system-err>
      </testcase>
      <testcase name="Test Cases/RTD/Dashboard for Risk/TC_Search_by_Contract_Number_Dashboard_for_Risk" time="10.479" classname="Test Cases/RTD/Dashboard for Risk/TC_Search_by_Contract_Number_Dashboard_for_Risk" status="PASSED">
         <system-out><![CDATA[2021-02-05 13:37:46 - [TEST_CASE][PASSED] - Test Cases/RTD/Dashboard for Risk/TC_Search_by_Contract_Number_Dashboard_for_Risk: Test Cases/RTD/Dashboard for Risk/TC_Search_by_Contract_Number_Dashboard_for_Risk

2021-02-05 13:37:46 - [TEST_STEP][PASSED] - runFeatureFile("Include/features/IST_Real/RTD/Dashboard_for_Risk/Search_by_Contract_Number_Dashboard_for_Risk.feature"): Feature file: 'Include/features/IST_Real/RTD/Dashboard_for_Risk/Search_by_Contract_Number_Dashboard_for_Risk.feature' was passed

2021-02-05 13:37:46 - [MESSAGE][INFO] - Starting run keyword runFeatureFile: 'Include/features/IST_Real/RTD/Dashboard_for_Risk/Search_by_Contract_Number_Dashboard_for_Risk.feature' and extract report to folder: '/Users/chaidir.pratama01/Katalon Studio/IST_Automation_Git/Reports/20210205_131034/RTD/TS_Dashboard_for_Risk/20210205_131039/cucumber_report/1612507066755'...

2021-02-05 13:37:46 - [TEST_CASE][PASSED] - Start Test Case : SCENARIO Search by Contract Number and it found on Dashboard: SCENARIO Search by Contract Number and it found on Dashboard

2021-02-05 13:37:46 - [TEST_STEP][PASSED] - Go to ISTools: Go to ISTools

2021-02-05 13:37:46 - [MESSAGE][INFO] - Starting 'Chrome (headless)' driver

2021-02-05 13:37:46 - [MESSAGE][INFO] - User set preference: ['args', '[--start-maximized, --disable-gpu, --no-proxy-server, â€“-no-sandbox, --allow-running-insecure-content, --ignore-certificate-errors, window-size=1680,814, force-device-scale-factor=2, --lang=en-GB]']

2021-02-05 13:37:46 - [MESSAGE][INFO] - User set preference: ['prefs', '{download.default_directory=/Users/chaidir.pratama01/Katalon Studio/IST_Automation_Git/Download}']

2021-02-05 13:37:46 - [MESSAGE][INFO] - Action delay is set to 0 milliseconds

2021-02-05 13:37:47 - [MESSAGE][PASSED] - Browser is opened with url: ''

2021-02-05 13:37:49 - [MESSAGE][PASSED] - Navigate to 'https://dev-istools.homecredit.id/foundation/' successfully

2021-02-05 13:37:49 - [MESSAGE][PASSED] - Go to ISTools

2021-02-05 13:37:49 - [TEST_STEP][PASSED] - Login IST with valid credentials: Login IST with valid credentials

2021-02-05 13:37:49 - [MESSAGE][PASSED] - Text 'mobile.test' is set on object 'Object Repository/Page_/input_Username_j_username'

2021-02-05 13:37:49 - [MESSAGE][PASSED] - Text ****** has been set on object 'Object Repository/Page_/input_Password_j_password'

2021-02-05 13:37:51 - [MESSAGE][PASSED] - Object: 'Object Repository/Page_/button_Login' is clicked on

2021-02-05 13:37:51 - [MESSAGE][PASSED] - Login IST with valid credentials

2021-02-05 13:37:51 - [TEST_STEP][PASSED] - Login Success: Login Success

2021-02-05 13:37:51 - [MESSAGE][INFO] - Login Success

2021-02-05 13:37:51 - [MESSAGE][PASSED] - Current window maximized

2021-02-05 13:37:51 - [MESSAGE][PASSED] - Object 'Object Repository/Page_/h1_Welcome to IT Supporting Tools' is present

2021-02-05 13:37:51 - [MESSAGE][PASSED] - Login Success

2021-02-05 13:37:51 - [TEST_STEP][PASSED] - Select Arrow Menu "Real Time Disbursement": Select Arrow Menu "Real Time Disbursement"

2021-02-05 13:37:51 - [MESSAGE][PASSED] - Object: '' is clicked on

2021-02-05 13:37:51 - [MESSAGE][PASSED] - Select Arrow Menu "Real Time Disbursement"

2021-02-05 13:37:51 - [TEST_STEP][PASSED] - Select Menu "Dashboard for Risk": Select Menu "Dashboard for Risk"

2021-02-05 13:37:52 - [MESSAGE][PASSED] - Taking screenshot successfully
[[ATTACHMENT|/Users/chaidir.pratama01/Documents/Docs/Katalon Studio/Screenshot/test-Dashboard for Risk.png]]

2021-02-05 13:37:52 - [MESSAGE][PASSED] - Object '' is present

2021-02-05 13:37:52 - [MESSAGE][PASSED] - Object: '' is clicked on

2021-02-05 13:37:52 - [MESSAGE][PASSED] - Wait for page load successfully

2021-02-05 13:37:52 - [MESSAGE][PASSED] - Select Menu "Dashboard for Risk"

2021-02-05 13:37:52 - [TEST_STEP][PASSED] - Input Contract RTD in Contract Number label: Input Contract RTD in Contract Number label

2021-02-05 13:37:53 - [MESSAGE][PASSED] - Text '4000014162' is set on object ''

2021-02-05 13:37:53 - [MESSAGE][PASSED] - Input Contract RTD in Contract Number label

2021-02-05 13:37:53 - [TEST_STEP][PASSED] - Click button "Search": Click button "Search"

2021-02-05 13:37:53 - [MESSAGE][INFO] - >>>>>//Button[contains(text(),'Search')]

2021-02-05 13:37:56 - [MESSAGE][PASSED] - Object '' is present

2021-02-05 13:37:56 - [MESSAGE][PASSED] - Object: '' is clicked on

2021-02-05 13:37:56 - [MESSAGE][PASSED] - Switched to window with index: '0'

2021-02-05 13:37:56 - [MESSAGE][PASSED] - Click button "Search"

2021-02-05 13:37:56 - [TEST_STEP][PASSED] - Verify Search Result Presents: Verify Search Result Presents

2021-02-05 13:37:56 - [MESSAGE][PASSED] - Object '' is present

2021-02-05 13:37:57 - [MESSAGE][PASSED] - Verify Search Result Presents

2021-02-05 13:37:57 - [MESSAGE][PASSED] - Feature file: 'Include/features/IST_Real/RTD/Dashboard_for_Risk/Search_by_Contract_Number_Dashboard_for_Risk.feature' was passed]]></system-out>
         <system-err><![CDATA[]]></system-err>
      </testcase>
      <system-out><![CDATA[2021-02-05 13:33:51 - [TEST_SUITE][FAILED] - TS_Dashboard_for_Risk: Test Cases/RTD/Dashboard for Risk/TC_View_Detail_Dashboard_for_Risk FAILED.
Reason:
com.kms.katalon.core.exception.StepFailedException: Feature file 'Include/features/IST_Real/RTD/Dashboard_for_Risk/View_Detail_Dashboard_for_Risk.feature' was failed
	at com.kms.katalon.core.keyword.internal.KeywordMain.stepFailed(KeywordMain.groovy:50)
	at com.kms.katalon.core.keyword.internal.KeywordMain.stepFailed(KeywordMain.groovy)
	at com.kms.katalon.core.keyword.internal.KeywordMain.stepFailed(KeywordMain.groovy:23)
	at com.kms.katalon.core.keyword.internal.KeywordMain$stepFailed$0.call(Unknown Source)
	at com.kms.katalon.core.cucumber.keyword.CucumberBuiltinKeywords$_runFeatureFile_closure1.doCall(CucumberBuiltinKeywords.groovy:82)
	at com.kms.katalon.core.cucumber.keyword.CucumberBuiltinKeywords$_runFeatureFile_closure1.doCall(CucumberBuiltinKeywords.groovy)
	at com.kms.katalon.core.keyword.internal.KeywordMain.runKeyword(KeywordMain.groovy:68)
	at com.kms.katalon.core.keyword.internal.KeywordMain$runKeyword.call(Unknown Source)
	at com.kms.katalon.core.cucumber.keyword.CucumberBuiltinKeywords.runFeatureFile(CucumberBuiltinKeywords.groovy:46)
	at com.kms.katalon.core.cucumber.keyword.CucumberBuiltinKeywords$runFeatureFile$0.callStatic(Unknown Source)
	at com.kms.katalon.core.cucumber.keyword.CucumberBuiltinKeywords.runFeatureFile(CucumberBuiltinKeywords.groovy:169)
	at com.kms.katalon.core.cucumber.keyword.CucumberBuiltinKeywords$runFeatureFile.call(Unknown Source)
	at TC_View_Detail_Dashboard_for_Risk.run(TC_View_Detail_Dashboard_for_Risk:18)
	at com.kms.katalon.core.main.ScriptEngine.run(ScriptEngine.java:194)
	at com.kms.katalon.core.main.ScriptEngine.runScriptAsRawText(ScriptEngine.java:119)
	at com.kms.katalon.core.main.TestCaseExecutor.runScript(TestCaseExecutor.java:339)
	at com.kms.katalon.core.main.TestCaseExecutor.doExecute(TestCaseExecutor.java:330)
	at com.kms.katalon.core.main.TestCaseExecutor.processExecutionPhase(TestCaseExecutor.java:309)
	at com.kms.katalon.core.main.TestCaseExecutor.accessMainPhase(TestCaseExecutor.java:301)
	at com.kms.katalon.core.main.TestCaseExecutor.execute(TestCaseExecutor.java:235)
	at com.kms.katalon.core.main.TestSuiteExecutor.accessTestCaseMainPhase(TestSuiteExecutor.java:191)
	at com.kms.katalon.core.main.TestSuiteExecutor.accessTestSuiteMainPhase(TestSuiteExecutor.java:141)
	at com.kms.katalon.core.main.TestSuiteExecutor.execute(TestSuiteExecutor.java:90)
	at com.kms.katalon.core.main.TestCaseMain.startTestSuite(TestCaseMain.java:157)
	at com.kms.katalon.core.main.TestCaseMain$startTestSuite$0.call(Unknown Source)
	at TempTestSuite1612505439932.run(TempTestSuite1612505439932.groovy:39)]]></system-out>
      <system-err><![CDATA[2021-02-05 13:33:51 - [TEST_SUITE][FAILED] - TS_Dashboard_for_Risk: Test Cases/RTD/Dashboard for Risk/TC_View_Detail_Dashboard_for_Risk FAILED.
Reason:
com.kms.katalon.core.exception.StepFailedException: Feature file 'Include/features/IST_Real/RTD/Dashboard_for_Risk/View_Detail_Dashboard_for_Risk.feature' was failed
	at com.kms.katalon.core.keyword.internal.KeywordMain.stepFailed(KeywordMain.groovy:50)
	at com.kms.katalon.core.keyword.internal.KeywordMain.stepFailed(KeywordMain.groovy)
	at com.kms.katalon.core.keyword.internal.KeywordMain.stepFailed(KeywordMain.groovy:23)
	at com.kms.katalon.core.keyword.internal.KeywordMain$stepFailed$0.call(Unknown Source)
	at com.kms.katalon.core.cucumber.keyword.CucumberBuiltinKeywords$_runFeatureFile_closure1.doCall(CucumberBuiltinKeywords.groovy:82)
	at com.kms.katalon.core.cucumber.keyword.CucumberBuiltinKeywords$_runFeatureFile_closure1.doCall(CucumberBuiltinKeywords.groovy)
	at com.kms.katalon.core.keyword.internal.KeywordMain.runKeyword(KeywordMain.groovy:68)
	at com.kms.katalon.core.keyword.internal.KeywordMain$runKeyword.call(Unknown Source)
	at com.kms.katalon.core.cucumber.keyword.CucumberBuiltinKeywords.runFeatureFile(CucumberBuiltinKeywords.groovy:46)
	at com.kms.katalon.core.cucumber.keyword.CucumberBuiltinKeywords$runFeatureFile$0.callStatic(Unknown Source)
	at com.kms.katalon.core.cucumber.keyword.CucumberBuiltinKeywords.runFeatureFile(CucumberBuiltinKeywords.groovy:169)
	at com.kms.katalon.core.cucumber.keyword.CucumberBuiltinKeywords$runFeatureFile.call(Unknown Source)
	at TC_View_Detail_Dashboard_for_Risk.run(TC_View_Detail_Dashboard_for_Risk:18)
	at com.kms.katalon.core.main.ScriptEngine.run(ScriptEngine.java:194)
	at com.kms.katalon.core.main.ScriptEngine.runScriptAsRawText(ScriptEngine.java:119)
	at com.kms.katalon.core.main.TestCaseExecutor.runScript(TestCaseExecutor.java:339)
	at com.kms.katalon.core.main.TestCaseExecutor.doExecute(TestCaseExecutor.java:330)
	at com.kms.katalon.core.main.TestCaseExecutor.processExecutionPhase(TestCaseExecutor.java:309)
	at com.kms.katalon.core.main.TestCaseExecutor.accessMainPhase(TestCaseExecutor.java:301)
	at com.kms.katalon.core.main.TestCaseExecutor.execute(TestCaseExecutor.java:235)
	at com.kms.katalon.core.main.TestSuiteExecutor.accessTestCaseMainPhase(TestSuiteExecutor.java:191)
	at com.kms.katalon.core.main.TestSuiteExecutor.accessTestSuiteMainPhase(TestSuiteExecutor.java:141)
	at com.kms.katalon.core.main.TestSuiteExecutor.execute(TestSuiteExecutor.java:90)
	at com.kms.katalon.core.main.TestCaseMain.startTestSuite(TestCaseMain.java:157)
	at com.kms.katalon.core.main.TestCaseMain$startTestSuite$0.call(Unknown Source)
	at TempTestSuite1612505439932.run(TempTestSuite1612505439932.groovy:39)]]></system-err>
   </testsuite>
   <testsuite name="TS_Partner_Disbursement" tests="5" failures="1" errors="0" time="335.777" timestamp="2021-02-05 13:38:39" hostname="chaidir.pratama01 - localhost" id="Test Suites/RTD/TS_Partner_Disbursement">
      <properties>
         <property name="deviceName" value=""/>
         <property name="devicePlatform" value=""/>
         <property name="logFolder" value="/Users/chaidir.pratama01/Katalon Studio/IST_Automation_Git/Reports/20210205_131034/RTD/TS_Partner_Disbursement/20210205_131041"/>
         <property name="logFiles" value="/Users/chaidir.pratama01/Katalon Studio/IST_Automation_Git/Reports/20210205_131034/RTD/TS_Partner_Disbursement/20210205_131041/execution0.log"/>
         <property name="attachments" value="/Users/chaidir.pratama01/Documents/Docs/Katalon Studio/Screenshot/test-Partner Disbursement.png, /Users/chaidir.pratama01/Katalon Studio/IST_Automation_Git/Reports/20210205_131034/RTD/TS_Partner_Disbursement/20210205_131041/1612507135712.png, /Users/chaidir.pratama01/Documents/Docs/Katalon Studio/Screenshot/test-Partner Disbursement.png, /Users/chaidir.pratama01/Katalon Studio/IST_Automation_Git/Reports/20210205_131034/RTD/TS_Partner_Disbursement/20210205_131041/1612507152082.png, /Users/chaidir.pratama01/Documents/Docs/Katalon Studio/Screenshot/test-Partner Disbursement.png, /Users/chaidir.pratama01/Katalon Studio/IST_Automation_Git/Reports/20210205_131034/RTD/TS_Partner_Disbursement/20210205_131041/1612507167795.png, /Users/chaidir.pratama01/Documents/Docs/Katalon Studio/Screenshot/test-Partner Disbursement.png, /Users/chaidir.pratama01/Katalon Studio/IST_Automation_Git/Reports/20210205_131034/RTD/TS_Partner_Disbursement/20210205_131041/1612507185387.png, /Users/chaidir.pratama01/Documents/Docs/Katalon Studio/Screenshot/test-Partner Disbursement.png, /Users/chaidir.pratama01/Documents/Docs/Katalon Studio/Screenshot/test-Partner Disbursement.png, /Users/chaidir.pratama01/Documents/Docs/Katalon Studio/Screenshot/test-Partner Disbursement.png, /Users/chaidir.pratama01/Documents/Docs/Katalon Studio/Screenshot/test-Partner Disbursement.png, /Users/chaidir.pratama01/Katalon Studio/IST_Automation_Git/Reports/20210205_131034/RTD/TS_Partner_Disbursement/20210205_131041/1612507251506.png, /Users/chaidir.pratama01/Documents/Docs/Katalon Studio/Screenshot/test-Partner Disbursement.png, /Users/chaidir.pratama01/Katalon Studio/IST_Automation_Git/Reports/20210205_131034/RTD/TS_Partner_Disbursement/20210205_131041/1612507268027.png, /Users/chaidir.pratama01/Documents/Docs/Katalon Studio/Screenshot/test-Partner Disbursement.png, /Users/chaidir.pratama01/Documents/Docs/Katalon Studio/Screenshot/test-Partner Disbursement.png, /Users/chaidir.pratama01/Documents/Docs/Katalon Studio/Screenshot/test-Partner Disbursement.png, /Users/chaidir.pratama01/Katalon Studio/IST_Automation_Git/Reports/20210205_131034/RTD/TS_Partner_Disbursement/20210205_131041/1612507327203.png, /Users/chaidir.pratama01/Documents/Docs/Katalon Studio/Screenshot/test-Partner Disbursement.png, /Users/chaidir.pratama01/Katalon Studio/IST_Automation_Git/Reports/20210205_131034/RTD/TS_Partner_Disbursement/20210205_131041/1612507343668.png, /Users/chaidir.pratama01/Documents/Docs/Katalon Studio/Screenshot/test-Partner Disbursement.png, /Users/chaidir.pratama01/Documents/Docs/Katalon Studio/Screenshot/test-Partner Disbursement.png, /Users/chaidir.pratama01/Documents/Docs/Katalon Studio/Screenshot/test-Partner Disbursement.png, /Users/chaidir.pratama01/Katalon Studio/IST_Automation_Git/Reports/20210205_131034/RTD/TS_Partner_Disbursement/20210205_131041/1612507397359.png, /Users/chaidir.pratama01/Documents/Docs/Katalon Studio/Screenshot/test-Partner Disbursement.png, /Users/chaidir.pratama01/Documents/Docs/Katalon Studio/Screenshot/Download_data.png, /Users/chaidir.pratama01/Documents/Docs/Katalon Studio/Screenshot/test-Partner Disbursement.png, /Users/chaidir.pratama01/Documents/Docs/Katalon Studio/Screenshot/test-Partner Disbursement.png, /Users/chaidir.pratama01/Documents/Docs/Katalon Studio/Screenshot/test-Partner Disbursement.png, /Users/chaidir.pratama01/Katalon Studio/IST_Automation_Git/Reports/20210205_131034/RTD/TS_Partner_Disbursement/20210205_131041/1612507450611.png"/>
         <property name="hostName" value="chaidir.pratama01 - localhost"/>
         <property name="os" value="Mac OS X 64bit"/>
         <property name="katalonVersion" value="7.6.0.${buildNumber}"/>
         <property name="browser" value="Chrome 88.0.4324.146"/>
         <property name="hostAddress" value="127.0.0.1"/>
         <property name="sessionId" value="0e8d7c64467bee5934bac1e817654154"/>
         <property name="seleniumVersion" value="3.141.59"/>
         <property name="proxyInformation" value="ProxyInformation { proxyOption=NO_PROXY, proxyServerType=HTTP, username=, password=********, proxyServerAddress=, proxyServerPort=0, executionList=\&quot;\&quot;, isApplyToDesiredCapabilities=true }"/>
         <property name="platform" value="Mac OS X"/>
      </properties>
      <testcase name="Test Cases/RTD/Partner Disbursement/TC_Search_by_STATUS" time="282.289" classname="Test Cases/RTD/Partner Disbursement/TC_Search_by_STATUS" status="PASSED">
         <system-out><![CDATA[2021-02-05 13:38:39 - [TEST_CASE][PASSED] - Test Cases/RTD/Partner Disbursement/TC_Search_by_STATUS: Test Cases/RTD/Partner Disbursement/TC_Search_by_STATUS

2021-02-05 13:38:39 - [TEST_STEP][PASSED] - runFeatureFile("Include/features/IST_Real/RTD/Partner_Disbursement/Search_by_STATUS.feature"): Feature file: 'Include/features/IST_Real/RTD/Partner_Disbursement/Search_by_STATUS.feature' was passed

2021-02-05 13:38:39 - [MESSAGE][INFO] - Starting run keyword runFeatureFile: 'Include/features/IST_Real/RTD/Partner_Disbursement/Search_by_STATUS.feature' and extract report to folder: '/Users/chaidir.pratama01/Katalon Studio/IST_Automation_Git/Reports/20210205_131034/RTD/TS_Partner_Disbursement/20210205_131041/cucumber_report/1612507119732'...

2021-02-05 13:38:40 - [TEST_CASE][PASSED] - Start Test Case : SCENARIO Search by STATUS Eligible to Disburse: SCENARIO Search by STATUS Eligible to Disburse

2021-02-05 13:38:40 - [TEST_STEP][PASSED] - Go to ISTools: Go to ISTools

2021-02-05 13:38:40 - [MESSAGE][INFO] - Starting 'Chrome (headless)' driver

2021-02-05 13:38:40 - [MESSAGE][INFO] - User set preference: ['args', '[--start-maximized, --disable-gpu, --no-proxy-server, â€“-no-sandbox, --allow-running-insecure-content, --ignore-certificate-errors, window-size=1680,814, force-device-scale-factor=2, --lang=en-GB]']

2021-02-05 13:38:40 - [MESSAGE][INFO] - User set preference: ['prefs', '{download.default_directory=/Users/chaidir.pratama01/Katalon Studio/IST_Automation_Git/Download}']

2021-02-05 13:38:40 - [MESSAGE][INFO] - Action delay is set to 0 milliseconds

2021-02-05 13:38:41 - [MESSAGE][PASSED] - Browser is opened with url: ''

2021-02-05 13:38:45 - [MESSAGE][PASSED] - Navigate to 'https://dev-istools.homecredit.id/foundation/' successfully

2021-02-05 13:38:45 - [MESSAGE][PASSED] - Go to ISTools

2021-02-05 13:38:45 - [TEST_STEP][PASSED] - Login IST with valid credentials: Login IST with valid credentials

2021-02-05 13:38:45 - [MESSAGE][PASSED] - Text 'mobile.test' is set on object 'Object Repository/Page_/input_Username_j_username'

2021-02-05 13:38:45 - [MESSAGE][PASSED] - Text ****** has been set on object 'Object Repository/Page_/input_Password_j_password'

2021-02-05 13:38:46 - [MESSAGE][PASSED] - Object: 'Object Repository/Page_/button_Login' is clicked on

2021-02-05 13:38:46 - [MESSAGE][PASSED] - Login IST with valid credentials

2021-02-05 13:38:46 - [TEST_STEP][PASSED] - Login Success: Login Success

2021-02-05 13:38:46 - [MESSAGE][INFO] - Login Success

2021-02-05 13:38:46 - [MESSAGE][PASSED] - Current window maximized

2021-02-05 13:38:46 - [MESSAGE][PASSED] - Object 'Object Repository/Page_/h1_Welcome to IT Supporting Tools' is present

2021-02-05 13:38:46 - [MESSAGE][PASSED] - Login Success

2021-02-05 13:38:46 - [TEST_STEP][PASSED] - Select Arrow Menu "Real Time Disbursement": Select Arrow Menu "Real Time Disbursement"

2021-02-05 13:38:46 - [MESSAGE][PASSED] - Object: '' is clicked on

2021-02-05 13:38:46 - [MESSAGE][PASSED] - Select Arrow Menu "Real Time Disbursement"

2021-02-05 13:38:46 - [TEST_STEP][PASSED] - Select Menu "Partner Disbursement": Select Menu "Partner Disbursement"

2021-02-05 13:38:47 - [MESSAGE][PASSED] - Taking screenshot successfully
[[ATTACHMENT|/Users/chaidir.pratama01/Documents/Docs/Katalon Studio/Screenshot/test-Partner Disbursement.png]]

2021-02-05 13:38:47 - [MESSAGE][PASSED] - Object '' is present

2021-02-05 13:38:47 - [MESSAGE][PASSED] - Object: '' is clicked on

2021-02-05 13:38:47 - [MESSAGE][PASSED] - Wait for page load successfully

2021-02-05 13:38:47 - [MESSAGE][PASSED] - Select Menu "Partner Disbursement"

2021-02-05 13:38:47 - [TEST_STEP][PASSED] - Select STATUS "Eligible to disburse": Select STATUS "Eligible to disburse"

2021-02-05 13:38:48 - [MESSAGE][PASSED] - All options with value 'Eligible to disburse' are selected in object ''  using regular expression

2021-02-05 13:38:48 - [MESSAGE][PASSED] - Select STATUS "Eligible to disburse"

2021-02-05 13:38:48 - [TEST_STEP][PASSED] - Click button "Search": Click button "Search"

2021-02-05 13:38:48 - [MESSAGE][INFO] - >>>>>//Button[contains(text(),'Search')]

2021-02-05 13:38:51 - [MESSAGE][PASSED] - Object '' is present

2021-02-05 13:38:51 - [MESSAGE][PASSED] - Object: '' is clicked on

2021-02-05 13:38:51 - [MESSAGE][PASSED] - Switched to window with index: '0'

2021-02-05 13:38:51 - [MESSAGE][PASSED] - Click button "Search"

2021-02-05 13:38:51 - [TEST_STEP][PASSED] - Verify Search Result Presents: Verify Search Result Presents

2021-02-05 13:38:55 - [MESSAGE][INFO] - Unable to find the element located by 'By.xpath: //td[@style='display:none' and contains(text(),'-Empty-')]'. Please recheck the objects properties to make sure the desired element is located. 

2021-02-05 13:38:56 - [MESSAGE][WARNING] - com.kms.katalon.core.webui.exception.WebElementNotFoundException: Web element with id: '' located by '//td[@style='display:none' and contains(text(),'-Empty-')]' not found (Root cause: com.kms.katalon.core.exception.StepFailedException: com.kms.katalon.core.webui.exception.WebElementNotFoundException: Web element with id: '' located by '//td[@style='display:none' and contains(text(),'-Empty-')]' not found
	at com.kms.katalon.core.webui.keyword.internal.WebUIKeywordMain.stepFailed(WebUIKeywordMain.groovy:64)
	at com.kms.katalon.core.webui.keyword.builtin.VerifyElementPresentKeyword$_verifyElementPresent_closure1.doCall(VerifyElementPresentKeyword.groovy:85)
	at com.kms.katalon.core.webui.keyword.builtin.VerifyElementPresentKeyword$_verifyElementPresent_closure1.call(VerifyElementPresentKeyword.groovy)
	at com.kms.katalon.core.webui.keyword.internal.WebUIKeywordMain.runKeyword(WebUIKeywordMain.groovy:20)
	at com.kms.katalon.core.webui.keyword.builtin.VerifyElementPresentKeyword.verifyElementPresent(VerifyElementPresentKeyword.groovy:92)
	at com.kms.katalon.core.webui.keyword.builtin.VerifyElementPresentKeyword.execute(VerifyElementPresentKeyword.groovy:68)
	at com.kms.katalon.core.keyword.internal.KeywordExecutor.executeKeywordForPlatform(KeywordExecutor.groovy:73)
	at com.kms.katalon.core.webui.keyword.WebUiBuiltInKeywords.verifyElementPresent(WebUiBuiltInKeywords.groovy:1444)
	at com.kms.katalon.core.webui.keyword.WebUiBuiltInKeywords$verifyElementPresent$11.call(Unknown Source)
	at ist_real.Contract_Dispatcher.VerifyTblFilled(Contract_Dispatcher.groovy:1313)
	at ist_real.Contract_Dispatcher$VerifyTblFilled$0.call(Unknown Source)
	at RTD.Search_Result_Presents(RTD.groovy:189)
	at cucumber.runtime.Utils$1.call(Utils.java:26)
	at cucumber.runtime.Timeout.timeout(Timeout.java:16)
	at cucumber.runtime.Utils.invoke(Utils.java:20)
	at cucumber.runtime.java.JavaStepDefinition.execute(JavaStepDefinition.java:48)
	at cucumber.runtime.PickleStepDefinitionMatch.runStep(PickleStepDefinitionMatch.java:50)
	at cucumber.runner.TestStep.executeStep(TestStep.java:55)
	at cucumber.runner.TestStep.run(TestStep.java:42)
	at cucumber.runner.PickleStepTestStep.run(PickleStepTestStep.java:53)
	at cucumber.runner.TestCase.run(TestCase.java:47)
	at cucumber.runner.Runner.runPickle(Runner.java:44)
	at cucumber.runtime.Runtime.runFeature(Runtime.java:120)
	at cucumber.runtime.Runtime.run(Runtime.java:106)
	at cucumber.api.cli.Main.run(Main.java:35)
	at cucumber.api.cli.Main$run.call(Unknown Source)
	at com.kms.katalon.core.cucumber.keyword.CucumberBuiltinKeywords$_runFeatureFile_closure1.doCall(CucumberBuiltinKeywords.groovy:76)
	at com.kms.katalon.core.cucumber.keyword.CucumberBuiltinKeywords$_runFeatureFile_closure1.doCall(CucumberBuiltinKeywords.groovy)
	at com.kms.katalon.core.keyword.internal.KeywordMain.runKeyword(KeywordMain.groovy:68)
	at com.kms.katalon.core.keyword.internal.KeywordMain$runKeyword.call(Unknown Source)
	at com.kms.katalon.core.cucumber.keyword.CucumberBuiltinKeywords.runFeatureFile(CucumberBuiltinKeywords.groovy:46)
	at com.kms.katalon.core.cucumber.keyword.CucumberBuiltinKeywords$runFeatureFile$0.callStatic(Unknown Source)
	at com.kms.katalon.core.cucumber.keyword.CucumberBuiltinKeywords.runFeatureFile(CucumberBuiltinKeywords.groovy:169)
	at com.kms.katalon.core.cucumber.keyword.CucumberBuiltinKeywords$runFeatureFile.call(Unknown Source)
	at TC_Search_by_STATUS.run(TC_Search_by_STATUS:18)
	at com.kms.katalon.core.main.ScriptEngine.run(ScriptEngine.java:194)
	at com.kms.katalon.core.main.ScriptEngine.runScriptAsRawText(ScriptEngine.java:119)
	at com.kms.katalon.core.main.TestCaseExecutor.runScript(TestCaseExecutor.java:339)
	at com.kms.katalon.core.main.TestCaseExecutor.doExecute(TestCaseExecutor.java:330)
	at com.kms.katalon.core.main.TestCaseExecutor.processExecutionPhase(TestCaseExecutor.java:309)
	at com.kms.katalon.core.main.TestCaseExecutor.accessMainPhase(TestCaseExecutor.java:301)
	at com.kms.katalon.core.main.TestCaseExecutor.execute(TestCaseExecutor.java:235)
	at com.kms.katalon.core.main.TestSuiteExecutor.accessTestCaseMainPhase(TestSuiteExecutor.java:191)
	at com.kms.katalon.core.main.TestSuiteExecutor.accessTestSuiteMainPhase(TestSuiteExecutor.java:141)
	at com.kms.katalon.core.main.TestSuiteExecutor.execute(TestSuiteExecutor.java:90)
	at com.kms.katalon.core.main.TestCaseMain.startTestSuite(TestCaseMain.java:157)
	at com.kms.katalon.core.main.TestCaseMain$startTestSuite$0.call(Unknown Source)
	at TempTestSuite1612505441004.run(TempTestSuite1612505441004.groovy:39)
)
[[ATTACHMENT|/Users/chaidir.pratama01/Katalon Studio/IST_Automation_Git/Reports/20210205_131034/RTD/TS_Partner_Disbursement/20210205_131041/1612507135712.png]]

2021-02-05 13:38:56 - [MESSAGE][PASSED] - Verify Search Result Presents

2021-02-05 13:38:56 - [TEST_STEP][PASSED] - Click button "Logout": Click button "Logout"

2021-02-05 13:38:56 - [MESSAGE][INFO] - >>>>>//Button[contains(text(),'Logout')]

2021-02-05 13:38:59 - [MESSAGE][PASSED] - Object '' is present

2021-02-05 13:38:59 - [MESSAGE][PASSED] - Object: '' is clicked on

2021-02-05 13:38:59 - [MESSAGE][PASSED] - Switched to window with index: '0'

2021-02-05 13:38:59 - [MESSAGE][PASSED] - Click button "Logout"

2021-02-05 13:38:59 - [TEST_STEP][PASSED] - Close browser: Close browser

2021-02-05 13:38:59 - [MESSAGE][PASSED] - Browser is closed

2021-02-05 13:38:59 - [MESSAGE][PASSED] - Close browser

2021-02-05 13:38:59 - [TEST_CASE][PASSED] - Start Test Case : SCENARIO Search by STATUS Waiting validation from Risk: SCENARIO Search by STATUS Waiting validation from Risk

2021-02-05 13:38:59 - [TEST_STEP][PASSED] - Go to ISTools: Go to ISTools

2021-02-05 13:38:59 - [MESSAGE][INFO] - Starting 'Chrome (headless)' driver

2021-02-05 13:38:59 - [MESSAGE][INFO] - User set preference: ['args', '[--start-maximized, --disable-gpu, --no-proxy-server, â€“-no-sandbox, --allow-running-insecure-content, --ignore-certificate-errors, window-size=1680,814, force-device-scale-factor=2, --lang=en-GB]']

2021-02-05 13:38:59 - [MESSAGE][INFO] - User set preference: ['prefs', '{download.default_directory=/Users/chaidir.pratama01/Katalon Studio/IST_Automation_Git/Download}']

2021-02-05 13:38:59 - [MESSAGE][INFO] - Action delay is set to 0 milliseconds

2021-02-05 13:39:00 - [MESSAGE][PASSED] - Browser is opened with url: ''

2021-02-05 13:39:02 - [MESSAGE][PASSED] - Navigate to 'https://dev-istools.homecredit.id/foundation/' successfully

2021-02-05 13:39:02 - [MESSAGE][PASSED] - Go to ISTools

2021-02-05 13:39:02 - [TEST_STEP][PASSED] - Login IST with valid credentials: Login IST with valid credentials

2021-02-05 13:39:02 - [MESSAGE][PASSED] - Text 'mobile.test' is set on object 'Object Repository/Page_/input_Username_j_username'

2021-02-05 13:39:03 - [MESSAGE][PASSED] - Text ****** has been set on object 'Object Repository/Page_/input_Password_j_password'

2021-02-05 13:39:03 - [MESSAGE][PASSED] - Object: 'Object Repository/Page_/button_Login' is clicked on

2021-02-05 13:39:03 - [MESSAGE][PASSED] - Login IST with valid credentials

2021-02-05 13:39:03 - [TEST_STEP][PASSED] - Login Success: Login Success

2021-02-05 13:39:03 - [MESSAGE][INFO] - Login Success

2021-02-05 13:39:03 - [MESSAGE][PASSED] - Current window maximized

2021-02-05 13:39:03 - [MESSAGE][PASSED] - Object 'Object Repository/Page_/h1_Welcome to IT Supporting Tools' is present

2021-02-05 13:39:03 - [MESSAGE][PASSED] - Login Success

2021-02-05 13:39:03 - [TEST_STEP][PASSED] - Select Arrow Menu "Real Time Disbursement": Select Arrow Menu "Real Time Disbursement"

2021-02-05 13:39:03 - [MESSAGE][PASSED] - Object: '' is clicked on

2021-02-05 13:39:03 - [MESSAGE][PASSED] - Select Arrow Menu "Real Time Disbursement"

2021-02-05 13:39:03 - [TEST_STEP][PASSED] - Select Menu "Partner Disbursement": Select Menu "Partner Disbursement"

2021-02-05 13:39:04 - [MESSAGE][PASSED] - Taking screenshot successfully
[[ATTACHMENT|/Users/chaidir.pratama01/Documents/Docs/Katalon Studio/Screenshot/test-Partner Disbursement.png]]

2021-02-05 13:39:04 - [MESSAGE][PASSED] - Object '' is present

2021-02-05 13:39:04 - [MESSAGE][PASSED] - Object: '' is clicked on

2021-02-05 13:39:04 - [MESSAGE][PASSED] - Wait for page load successfully

2021-02-05 13:39:04 - [MESSAGE][PASSED] - Select Menu "Partner Disbursement"

2021-02-05 13:39:04 - [TEST_STEP][PASSED] - Select STATUS "Waiting validation from Risk": Select STATUS "Waiting validation from Risk"

2021-02-05 13:39:04 - [MESSAGE][PASSED] - All options with value 'Waiting validation from Risk' are selected in object ''  using regular expression

2021-02-05 13:39:04 - [MESSAGE][PASSED] - Select STATUS "Waiting validation from Risk"

2021-02-05 13:39:04 - [TEST_STEP][PASSED] - Click button "Search": Click button "Search"

2021-02-05 13:39:04 - [MESSAGE][INFO] - >>>>>//Button[contains(text(),'Search')]

2021-02-05 13:39:08 - [MESSAGE][PASSED] - Object '' is present

2021-02-05 13:39:08 - [MESSAGE][PASSED] - Object: '' is clicked on

2021-02-05 13:39:08 - [MESSAGE][PASSED] - Switched to window with index: '0'

2021-02-05 13:39:08 - [MESSAGE][PASSED] - Click button "Search"

2021-02-05 13:39:08 - [TEST_STEP][PASSED] - Verify Search Result Presents: Verify Search Result Presents

2021-02-05 13:39:12 - [MESSAGE][INFO] - Unable to find the element located by 'By.xpath: //td[@style='display:none' and contains(text(),'-Empty-')]'. Please recheck the objects properties to make sure the desired element is located. 

2021-02-05 13:39:12 - [MESSAGE][WARNING] - com.kms.katalon.core.webui.exception.WebElementNotFoundException: Web element with id: '' located by '//td[@style='display:none' and contains(text(),'-Empty-')]' not found (Root cause: com.kms.katalon.core.exception.StepFailedException: com.kms.katalon.core.webui.exception.WebElementNotFoundException: Web element with id: '' located by '//td[@style='display:none' and contains(text(),'-Empty-')]' not found
	at com.kms.katalon.core.webui.keyword.internal.WebUIKeywordMain.stepFailed(WebUIKeywordMain.groovy:64)
	at com.kms.katalon.core.webui.keyword.builtin.VerifyElementPresentKeyword$_verifyElementPresent_closure1.doCall(VerifyElementPresentKeyword.groovy:85)
	at com.kms.katalon.core.webui.keyword.builtin.VerifyElementPresentKeyword$_verifyElementPresent_closure1.call(VerifyElementPresentKeyword.groovy)
	at com.kms.katalon.core.webui.keyword.internal.WebUIKeywordMain.runKeyword(WebUIKeywordMain.groovy:20)
	at com.kms.katalon.core.webui.keyword.builtin.VerifyElementPresentKeyword.verifyElementPresent(VerifyElementPresentKeyword.groovy:92)
	at com.kms.katalon.core.webui.keyword.builtin.VerifyElementPresentKeyword.execute(VerifyElementPresentKeyword.groovy:68)
	at com.kms.katalon.core.keyword.internal.KeywordExecutor.executeKeywordForPlatform(KeywordExecutor.groovy:73)
	at com.kms.katalon.core.webui.keyword.WebUiBuiltInKeywords.verifyElementPresent(WebUiBuiltInKeywords.groovy:1444)
	at com.kms.katalon.core.webui.keyword.WebUiBuiltInKeywords$verifyElementPresent$11.call(Unknown Source)
	at ist_real.Contract_Dispatcher.VerifyTblFilled(Contract_Dispatcher.groovy:1313)
	at ist_real.Contract_Dispatcher$VerifyTblFilled$0.call(Unknown Source)
	at RTD.Search_Result_Presents(RTD.groovy:189)
	at cucumber.runtime.Utils$1.call(Utils.java:26)
	at cucumber.runtime.Timeout.timeout(Timeout.java:16)
	at cucumber.runtime.Utils.invoke(Utils.java:20)
	at cucumber.runtime.java.JavaStepDefinition.execute(JavaStepDefinition.java:48)
	at cucumber.runtime.PickleStepDefinitionMatch.runStep(PickleStepDefinitionMatch.java:50)
	at cucumber.runner.TestStep.executeStep(TestStep.java:55)
	at cucumber.runner.TestStep.run(TestStep.java:42)
	at cucumber.runner.PickleStepTestStep.run(PickleStepTestStep.java:53)
	at cucumber.runner.TestCase.run(TestCase.java:47)
	at cucumber.runner.Runner.runPickle(Runner.java:44)
	at cucumber.runtime.Runtime.runFeature(Runtime.java:120)
	at cucumber.runtime.Runtime.run(Runtime.java:106)
	at cucumber.api.cli.Main.run(Main.java:35)
	at cucumber.api.cli.Main$run.call(Unknown Source)
	at com.kms.katalon.core.cucumber.keyword.CucumberBuiltinKeywords$_runFeatureFile_closure1.doCall(CucumberBuiltinKeywords.groovy:76)
	at com.kms.katalon.core.cucumber.keyword.CucumberBuiltinKeywords$_runFeatureFile_closure1.doCall(CucumberBuiltinKeywords.groovy)
	at com.kms.katalon.core.keyword.internal.KeywordMain.runKeyword(KeywordMain.groovy:68)
	at com.kms.katalon.core.keyword.internal.KeywordMain$runKeyword.call(Unknown Source)
	at com.kms.katalon.core.cucumber.keyword.CucumberBuiltinKeywords.runFeatureFile(CucumberBuiltinKeywords.groovy:46)
	at com.kms.katalon.core.cucumber.keyword.CucumberBuiltinKeywords$runFeatureFile$0.callStatic(Unknown Source)
	at com.kms.katalon.core.cucumber.keyword.CucumberBuiltinKeywords.runFeatureFile(CucumberBuiltinKeywords.groovy:169)
	at com.kms.katalon.core.cucumber.keyword.CucumberBuiltinKeywords$runFeatureFile.call(Unknown Source)
	at TC_Search_by_STATUS.run(TC_Search_by_STATUS:18)
	at com.kms.katalon.core.main.ScriptEngine.run(ScriptEngine.java:194)
	at com.kms.katalon.core.main.ScriptEngine.runScriptAsRawText(ScriptEngine.java:119)
	at com.kms.katalon.core.main.TestCaseExecutor.runScript(TestCaseExecutor.java:339)
	at com.kms.katalon.core.main.TestCaseExecutor.doExecute(TestCaseExecutor.java:330)
	at com.kms.katalon.core.main.TestCaseExecutor.processExecutionPhase(TestCaseExecutor.java:309)
	at com.kms.katalon.core.main.TestCaseExecutor.accessMainPhase(TestCaseExecutor.java:301)
	at com.kms.katalon.core.main.TestCaseExecutor.execute(TestCaseExecutor.java:235)
	at com.kms.katalon.core.main.TestSuiteExecutor.accessTestCaseMainPhase(TestSuiteExecutor.java:191)
	at com.kms.katalon.core.main.TestSuiteExecutor.accessTestSuiteMainPhase(TestSuiteExecutor.java:141)
	at com.kms.katalon.core.main.TestSuiteExecutor.execute(TestSuiteExecutor.java:90)
	at com.kms.katalon.core.main.TestCaseMain.startTestSuite(TestCaseMain.java:157)
	at com.kms.katalon.core.main.TestCaseMain$startTestSuite$0.call(Unknown Source)
	at TempTestSuite1612505441004.run(TempTestSuite1612505441004.groovy:39)
)
[[ATTACHMENT|/Users/chaidir.pratama01/Katalon Studio/IST_Automation_Git/Reports/20210205_131034/RTD/TS_Partner_Disbursement/20210205_131041/1612507152082.png]]

2021-02-05 13:39:12 - [MESSAGE][PASSED] - Verify Search Result Presents

2021-02-05 13:39:12 - [TEST_STEP][PASSED] - Click button "Logout": Click button "Logout"

2021-02-05 13:39:12 - [MESSAGE][INFO] - >>>>>//Button[contains(text(),'Logout')]

2021-02-05 13:39:15 - [MESSAGE][PASSED] - Object '' is present

2021-02-05 13:39:16 - [MESSAGE][PASSED] - Object: '' is clicked on

2021-02-05 13:39:16 - [MESSAGE][PASSED] - Switched to window with index: '0'

2021-02-05 13:39:16 - [MESSAGE][PASSED] - Click button "Logout"

2021-02-05 13:39:16 - [TEST_STEP][PASSED] - Close browser: Close browser

2021-02-05 13:39:16 - [MESSAGE][PASSED] - Browser is closed

2021-02-05 13:39:16 - [MESSAGE][PASSED] - Close browser

2021-02-05 13:39:16 - [TEST_CASE][PASSED] - Start Test Case : SCENARIO Search by STATUS Waiting validation from In Payment: SCENARIO Search by STATUS Waiting validation from In Payment

2021-02-05 13:39:16 - [TEST_STEP][PASSED] - Go to ISTools: Go to ISTools

2021-02-05 13:39:16 - [MESSAGE][INFO] - Starting 'Chrome (headless)' driver

2021-02-05 13:39:16 - [MESSAGE][INFO] - User set preference: ['args', '[--start-maximized, --disable-gpu, --no-proxy-server, â€“-no-sandbox, --allow-running-insecure-content, --ignore-certificate-errors, window-size=1680,814, force-device-scale-factor=2, --lang=en-GB]']

2021-02-05 13:39:16 - [MESSAGE][INFO] - User set preference: ['prefs', '{download.default_directory=/Users/chaidir.pratama01/Katalon Studio/IST_Automation_Git/Download}']

2021-02-05 13:39:16 - [MESSAGE][INFO] - Action delay is set to 0 milliseconds

2021-02-05 13:39:16 - [MESSAGE][PASSED] - Browser is opened with url: ''

2021-02-05 13:39:18 - [MESSAGE][PASSED] - Navigate to 'https://dev-istools.homecredit.id/foundation/' successfully

2021-02-05 13:39:18 - [MESSAGE][PASSED] - Go to ISTools

2021-02-05 13:39:18 - [TEST_STEP][PASSED] - Login IST with valid credentials: Login IST with valid credentials

2021-02-05 13:39:18 - [MESSAGE][PASSED] - Text 'mobile.test' is set on object 'Object Repository/Page_/input_Username_j_username'

2021-02-05 13:39:18 - [MESSAGE][PASSED] - Text ****** has been set on object 'Object Repository/Page_/input_Password_j_password'

2021-02-05 13:39:19 - [MESSAGE][PASSED] - Object: 'Object Repository/Page_/button_Login' is clicked on

2021-02-05 13:39:19 - [MESSAGE][PASSED] - Login IST with valid credentials

2021-02-05 13:39:19 - [TEST_STEP][PASSED] - Login Success: Login Success

2021-02-05 13:39:19 - [MESSAGE][INFO] - Login Success

2021-02-05 13:39:19 - [MESSAGE][PASSED] - Current window maximized

2021-02-05 13:39:19 - [MESSAGE][PASSED] - Object 'Object Repository/Page_/h1_Welcome to IT Supporting Tools' is present

2021-02-05 13:39:19 - [MESSAGE][PASSED] - Login Success

2021-02-05 13:39:19 - [TEST_STEP][PASSED] - Select Arrow Menu "Real Time Disbursement": Select Arrow Menu "Real Time Disbursement"

2021-02-05 13:39:19 - [MESSAGE][PASSED] - Object: '' is clicked on

2021-02-05 13:39:19 - [MESSAGE][PASSED] - Select Arrow Menu "Real Time Disbursement"

2021-02-05 13:39:19 - [TEST_STEP][PASSED] - Select Menu "Partner Disbursement": Select Menu "Partner Disbursement"

2021-02-05 13:39:20 - [MESSAGE][PASSED] - Taking screenshot successfully
[[ATTACHMENT|/Users/chaidir.pratama01/Documents/Docs/Katalon Studio/Screenshot/test-Partner Disbursement.png]]

2021-02-05 13:39:20 - [MESSAGE][PASSED] - Object '' is present

2021-02-05 13:39:20 - [MESSAGE][PASSED] - Object: '' is clicked on

2021-02-05 13:39:20 - [MESSAGE][PASSED] - Wait for page load successfully

2021-02-05 13:39:20 - [MESSAGE][PASSED] - Select Menu "Partner Disbursement"

2021-02-05 13:39:20 - [TEST_STEP][PASSED] - Select STATUS "Waiting validation from In Payment": Select STATUS "Waiting validation from In Payment"

2021-02-05 13:39:20 - [MESSAGE][PASSED] - All options with value 'Waiting validation from In Payment' are selected in object ''  using regular expression

2021-02-05 13:39:20 - [MESSAGE][PASSED] - Select STATUS "Waiting validation from In Payment"

2021-02-05 13:39:20 - [TEST_STEP][PASSED] - Click button "Search": Click button "Search"

2021-02-05 13:39:20 - [MESSAGE][INFO] - >>>>>//Button[contains(text(),'Search')]

2021-02-05 13:39:23 - [MESSAGE][PASSED] - Object '' is present

2021-02-05 13:39:23 - [MESSAGE][PASSED] - Object: '' is clicked on

2021-02-05 13:39:23 - [MESSAGE][PASSED] - Switched to window with index: '0'

2021-02-05 13:39:23 - [MESSAGE][PASSED] - Click button "Search"

2021-02-05 13:39:23 - [TEST_STEP][PASSED] - Verify Search Result Presents: Verify Search Result Presents

2021-02-05 13:39:27 - [MESSAGE][INFO] - Unable to find the element located by 'By.xpath: //td[@style='display:none' and contains(text(),'-Empty-')]'. Please recheck the objects properties to make sure the desired element is located. 

2021-02-05 13:39:28 - [MESSAGE][WARNING] - com.kms.katalon.core.webui.exception.WebElementNotFoundException: Web element with id: '' located by '//td[@style='display:none' and contains(text(),'-Empty-')]' not found (Root cause: com.kms.katalon.core.exception.StepFailedException: com.kms.katalon.core.webui.exception.WebElementNotFoundException: Web element with id: '' located by '//td[@style='display:none' and contains(text(),'-Empty-')]' not found
	at com.kms.katalon.core.webui.keyword.internal.WebUIKeywordMain.stepFailed(WebUIKeywordMain.groovy:64)
	at com.kms.katalon.core.webui.keyword.builtin.VerifyElementPresentKeyword$_verifyElementPresent_closure1.doCall(VerifyElementPresentKeyword.groovy:85)
	at com.kms.katalon.core.webui.keyword.builtin.VerifyElementPresentKeyword$_verifyElementPresent_closure1.call(VerifyElementPresentKeyword.groovy)
	at com.kms.katalon.core.webui.keyword.internal.WebUIKeywordMain.runKeyword(WebUIKeywordMain.groovy:20)
	at com.kms.katalon.core.webui.keyword.builtin.VerifyElementPresentKeyword.verifyElementPresent(VerifyElementPresentKeyword.groovy:92)
	at com.kms.katalon.core.webui.keyword.builtin.VerifyElementPresentKeyword.execute(VerifyElementPresentKeyword.groovy:68)
	at com.kms.katalon.core.keyword.internal.KeywordExecutor.executeKeywordForPlatform(KeywordExecutor.groovy:73)
	at com.kms.katalon.core.webui.keyword.WebUiBuiltInKeywords.verifyElementPresent(WebUiBuiltInKeywords.groovy:1444)
	at com.kms.katalon.core.webui.keyword.WebUiBuiltInKeywords$verifyElementPresent$11.call(Unknown Source)
	at ist_real.Contract_Dispatcher.VerifyTblFilled(Contract_Dispatcher.groovy:1313)
	at ist_real.Contract_Dispatcher$VerifyTblFilled$0.call(Unknown Source)
	at RTD.Search_Result_Presents(RTD.groovy:189)
	at cucumber.runtime.Utils$1.call(Utils.java:26)
	at cucumber.runtime.Timeout.timeout(Timeout.java:16)
	at cucumber.runtime.Utils.invoke(Utils.java:20)
	at cucumber.runtime.java.JavaStepDefinition.execute(JavaStepDefinition.java:48)
	at cucumber.runtime.PickleStepDefinitionMatch.runStep(PickleStepDefinitionMatch.java:50)
	at cucumber.runner.TestStep.executeStep(TestStep.java:55)
	at cucumber.runner.TestStep.run(TestStep.java:42)
	at cucumber.runner.PickleStepTestStep.run(PickleStepTestStep.java:53)
	at cucumber.runner.TestCase.run(TestCase.java:47)
	at cucumber.runner.Runner.runPickle(Runner.java:44)
	at cucumber.runtime.Runtime.runFeature(Runtime.java:120)
	at cucumber.runtime.Runtime.run(Runtime.java:106)
	at cucumber.api.cli.Main.run(Main.java:35)
	at cucumber.api.cli.Main$run.call(Unknown Source)
	at com.kms.katalon.core.cucumber.keyword.CucumberBuiltinKeywords$_runFeatureFile_closure1.doCall(CucumberBuiltinKeywords.groovy:76)
	at com.kms.katalon.core.cucumber.keyword.CucumberBuiltinKeywords$_runFeatureFile_closure1.doCall(CucumberBuiltinKeywords.groovy)
	at com.kms.katalon.core.keyword.internal.KeywordMain.runKeyword(KeywordMain.groovy:68)
	at com.kms.katalon.core.keyword.internal.KeywordMain$runKeyword.call(Unknown Source)
	at com.kms.katalon.core.cucumber.keyword.CucumberBuiltinKeywords.runFeatureFile(CucumberBuiltinKeywords.groovy:46)
	at com.kms.katalon.core.cucumber.keyword.CucumberBuiltinKeywords$runFeatureFile$0.callStatic(Unknown Source)
	at com.kms.katalon.core.cucumber.keyword.CucumberBuiltinKeywords.runFeatureFile(CucumberBuiltinKeywords.groovy:169)
	at com.kms.katalon.core.cucumber.keyword.CucumberBuiltinKeywords$runFeatureFile.call(Unknown Source)
	at TC_Search_by_STATUS.run(TC_Search_by_STATUS:18)
	at com.kms.katalon.core.main.ScriptEngine.run(ScriptEngine.java:194)
	at com.kms.katalon.core.main.ScriptEngine.runScriptAsRawText(ScriptEngine.java:119)
	at com.kms.katalon.core.main.TestCaseExecutor.runScript(TestCaseExecutor.java:339)
	at com.kms.katalon.core.main.TestCaseExecutor.doExecute(TestCaseExecutor.java:330)
	at com.kms.katalon.core.main.TestCaseExecutor.processExecutionPhase(TestCaseExecutor.java:309)
	at com.kms.katalon.core.main.TestCaseExecutor.accessMainPhase(TestCaseExecutor.java:301)
	at com.kms.katalon.core.main.TestCaseExecutor.execute(TestCaseExecutor.java:235)
	at com.kms.katalon.core.main.TestSuiteExecutor.accessTestCaseMainPhase(TestSuiteExecutor.java:191)
	at com.kms.katalon.core.main.TestSuiteExecutor.accessTestSuiteMainPhase(TestSuiteExecutor.java:141)
	at com.kms.katalon.core.main.TestSuiteExecutor.execute(TestSuiteExecutor.java:90)
	at com.kms.katalon.core.main.TestCaseMain.startTestSuite(TestCaseMain.java:157)
	at com.kms.katalon.core.main.TestCaseMain$startTestSuite$0.call(Unknown Source)
	at TempTestSuite1612505441004.run(TempTestSuite1612505441004.groovy:39)
)
[[ATTACHMENT|/Users/chaidir.pratama01/Katalon Studio/IST_Automation_Git/Reports/20210205_131034/RTD/TS_Partner_Disbursement/20210205_131041/1612507167795.png]]

2021-02-05 13:39:28 - [MESSAGE][PASSED] - Verify Search Result Presents

2021-02-05 13:39:28 - [TEST_STEP][PASSED] - Click button "Logout": Click button "Logout"

2021-02-05 13:39:28 - [MESSAGE][INFO] - >>>>>//Button[contains(text(),'Logout')]

2021-02-05 13:39:31 - [MESSAGE][PASSED] - Object '' is present

2021-02-05 13:39:32 - [MESSAGE][PASSED] - Object: '' is clicked on

2021-02-05 13:39:32 - [MESSAGE][PASSED] - Switched to window with index: '0'

2021-02-05 13:39:32 - [MESSAGE][PASSED] - Click button "Logout"

2021-02-05 13:39:32 - [TEST_STEP][PASSED] - Close browser: Close browser

2021-02-05 13:39:32 - [MESSAGE][PASSED] - Browser is closed

2021-02-05 13:39:32 - [MESSAGE][PASSED] - Close browser

2021-02-05 13:39:32 - [TEST_CASE][PASSED] - Start Test Case : SCENARIO Search by STATUS Not Eligible to Disburse: SCENARIO Search by STATUS Not Eligible to Disburse

2021-02-05 13:39:32 - [TEST_STEP][PASSED] - Go to ISTools: Go to ISTools

2021-02-05 13:39:32 - [MESSAGE][INFO] - Starting 'Chrome (headless)' driver

2021-02-05 13:39:32 - [MESSAGE][INFO] - User set preference: ['args', '[--start-maximized, --disable-gpu, --no-proxy-server, â€“-no-sandbox, --allow-running-insecure-content, --ignore-certificate-errors, window-size=1680,814, force-device-scale-factor=2, --lang=en-GB]']

2021-02-05 13:39:32 - [MESSAGE][INFO] - User set preference: ['prefs', '{download.default_directory=/Users/chaidir.pratama01/Katalon Studio/IST_Automation_Git/Download}']

2021-02-05 13:39:32 - [MESSAGE][INFO] - Action delay is set to 0 milliseconds

2021-02-05 13:39:32 - [MESSAGE][PASSED] - Browser is opened with url: ''

2021-02-05 13:39:35 - [MESSAGE][PASSED] - Navigate to 'https://dev-istools.homecredit.id/foundation/' successfully

2021-02-05 13:39:35 - [MESSAGE][PASSED] - Go to ISTools

2021-02-05 13:39:35 - [TEST_STEP][PASSED] - Login IST with valid credentials: Login IST with valid credentials

2021-02-05 13:39:35 - [MESSAGE][PASSED] - Text 'mobile.test' is set on object 'Object Repository/Page_/input_Username_j_username'

2021-02-05 13:39:35 - [MESSAGE][PASSED] - Text ****** has been set on object 'Object Repository/Page_/input_Password_j_password'

2021-02-05 13:39:36 - [MESSAGE][PASSED] - Object: 'Object Repository/Page_/button_Login' is clicked on

2021-02-05 13:39:36 - [MESSAGE][PASSED] - Login IST with valid credentials

2021-02-05 13:39:36 - [TEST_STEP][PASSED] - Login Success: Login Success

2021-02-05 13:39:36 - [MESSAGE][INFO] - Login Success

2021-02-05 13:39:36 - [MESSAGE][PASSED] - Current window maximized

2021-02-05 13:39:36 - [MESSAGE][PASSED] - Object 'Object Repository/Page_/h1_Welcome to IT Supporting Tools' is present

2021-02-05 13:39:36 - [MESSAGE][PASSED] - Login Success

2021-02-05 13:39:36 - [TEST_STEP][PASSED] - Select Arrow Menu "Real Time Disbursement": Select Arrow Menu "Real Time Disbursement"

2021-02-05 13:39:37 - [MESSAGE][PASSED] - Object: '' is clicked on

2021-02-05 13:39:37 - [MESSAGE][PASSED] - Select Arrow Menu "Real Time Disbursement"

2021-02-05 13:39:37 - [TEST_STEP][PASSED] - Select Menu "Partner Disbursement": Select Menu "Partner Disbursement"

2021-02-05 13:39:37 - [MESSAGE][PASSED] - Taking screenshot successfully
[[ATTACHMENT|/Users/chaidir.pratama01/Documents/Docs/Katalon Studio/Screenshot/test-Partner Disbursement.png]]

2021-02-05 13:39:37 - [MESSAGE][PASSED] - Object '' is present

2021-02-05 13:39:37 - [MESSAGE][PASSED] - Object: '' is clicked on

2021-02-05 13:39:37 - [MESSAGE][PASSED] - Wait for page load successfully

2021-02-05 13:39:37 - [MESSAGE][PASSED] - Select Menu "Partner Disbursement"

2021-02-05 13:39:37 - [TEST_STEP][PASSED] - Select STATUS "Not eligible to disburse": Select STATUS "Not eligible to disburse"

2021-02-05 13:39:38 - [MESSAGE][PASSED] - All options with value 'Not eligible to disburse' are selected in object ''  using regular expression

2021-02-05 13:39:38 - [MESSAGE][PASSED] - Select STATUS "Not eligible to disburse"

2021-02-05 13:39:38 - [TEST_STEP][PASSED] - Click button "Search": Click button "Search"

2021-02-05 13:39:38 - [MESSAGE][INFO] - >>>>>//Button[contains(text(),'Search')]

2021-02-05 13:39:41 - [MESSAGE][PASSED] - Object '' is present

2021-02-05 13:39:41 - [MESSAGE][PASSED] - Object: '' is clicked on

2021-02-05 13:39:41 - [MESSAGE][PASSED] - Switched to window with index: '0'

2021-02-05 13:39:41 - [MESSAGE][PASSED] - Click button "Search"

2021-02-05 13:39:41 - [TEST_STEP][PASSED] - Verify Search Result Presents: Verify Search Result Presents

2021-02-05 13:39:45 - [MESSAGE][INFO] - Unable to find the element located by 'By.xpath: //td[@style='display:none' and contains(text(),'-Empty-')]'. Please recheck the objects properties to make sure the desired element is located. 

2021-02-05 13:39:45 - [MESSAGE][WARNING] - com.kms.katalon.core.webui.exception.WebElementNotFoundException: Web element with id: '' located by '//td[@style='display:none' and contains(text(),'-Empty-')]' not found (Root cause: com.kms.katalon.core.exception.StepFailedException: com.kms.katalon.core.webui.exception.WebElementNotFoundException: Web element with id: '' located by '//td[@style='display:none' and contains(text(),'-Empty-')]' not found
	at com.kms.katalon.core.webui.keyword.internal.WebUIKeywordMain.stepFailed(WebUIKeywordMain.groovy:64)
	at com.kms.katalon.core.webui.keyword.builtin.VerifyElementPresentKeyword$_verifyElementPresent_closure1.doCall(VerifyElementPresentKeyword.groovy:85)
	at com.kms.katalon.core.webui.keyword.builtin.VerifyElementPresentKeyword$_verifyElementPresent_closure1.call(VerifyElementPresentKeyword.groovy)
	at com.kms.katalon.core.webui.keyword.internal.WebUIKeywordMain.runKeyword(WebUIKeywordMain.groovy:20)
	at com.kms.katalon.core.webui.keyword.builtin.VerifyElementPresentKeyword.verifyElementPresent(VerifyElementPresentKeyword.groovy:92)
	at com.kms.katalon.core.webui.keyword.builtin.VerifyElementPresentKeyword.execute(VerifyElementPresentKeyword.groovy:68)
	at com.kms.katalon.core.keyword.internal.KeywordExecutor.executeKeywordForPlatform(KeywordExecutor.groovy:73)
	at com.kms.katalon.core.webui.keyword.WebUiBuiltInKeywords.verifyElementPresent(WebUiBuiltInKeywords.groovy:1444)
	at com.kms.katalon.core.webui.keyword.WebUiBuiltInKeywords$verifyElementPresent$11.call(Unknown Source)
	at ist_real.Contract_Dispatcher.VerifyTblFilled(Contract_Dispatcher.groovy:1313)
	at ist_real.Contract_Dispatcher$VerifyTblFilled$0.call(Unknown Source)
	at RTD.Search_Result_Presents(RTD.groovy:189)
	at cucumber.runtime.Utils$1.call(Utils.java:26)
	at cucumber.runtime.Timeout.timeout(Timeout.java:16)
	at cucumber.runtime.Utils.invoke(Utils.java:20)
	at cucumber.runtime.java.JavaStepDefinition.execute(JavaStepDefinition.java:48)
	at cucumber.runtime.PickleStepDefinitionMatch.runStep(PickleStepDefinitionMatch.java:50)
	at cucumber.runner.TestStep.executeStep(TestStep.java:55)
	at cucumber.runner.TestStep.run(TestStep.java:42)
	at cucumber.runner.PickleStepTestStep.run(PickleStepTestStep.java:53)
	at cucumber.runner.TestCase.run(TestCase.java:47)
	at cucumber.runner.Runner.runPickle(Runner.java:44)
	at cucumber.runtime.Runtime.runFeature(Runtime.java:120)
	at cucumber.runtime.Runtime.run(Runtime.java:106)
	at cucumber.api.cli.Main.run(Main.java:35)
	at cucumber.api.cli.Main$run.call(Unknown Source)
	at com.kms.katalon.core.cucumber.keyword.CucumberBuiltinKeywords$_runFeatureFile_closure1.doCall(CucumberBuiltinKeywords.groovy:76)
	at com.kms.katalon.core.cucumber.keyword.CucumberBuiltinKeywords$_runFeatureFile_closure1.doCall(CucumberBuiltinKeywords.groovy)
	at com.kms.katalon.core.keyword.internal.KeywordMain.runKeyword(KeywordMain.groovy:68)
	at com.kms.katalon.core.keyword.internal.KeywordMain$runKeyword.call(Unknown Source)
	at com.kms.katalon.core.cucumber.keyword.CucumberBuiltinKeywords.runFeatureFile(CucumberBuiltinKeywords.groovy:46)
	at com.kms.katalon.core.cucumber.keyword.CucumberBuiltinKeywords$runFeatureFile$0.callStatic(Unknown Source)
	at com.kms.katalon.core.cucumber.keyword.CucumberBuiltinKeywords.runFeatureFile(CucumberBuiltinKeywords.groovy:169)
	at com.kms.katalon.core.cucumber.keyword.CucumberBuiltinKeywords$runFeatureFile.call(Unknown Source)
	at TC_Search_by_STATUS.run(TC_Search_by_STATUS:18)
	at com.kms.katalon.core.main.ScriptEngine.run(ScriptEngine.java:194)
	at com.kms.katalon.core.main.ScriptEngine.runScriptAsRawText(ScriptEngine.java:119)
	at com.kms.katalon.core.main.TestCaseExecutor.runScript(TestCaseExecutor.java:339)
	at com.kms.katalon.core.main.TestCaseExecutor.doExecute(TestCaseExecutor.java:330)
	at com.kms.katalon.core.main.TestCaseExecutor.processExecutionPhase(TestCaseExecutor.java:309)
	at com.kms.katalon.core.main.TestCaseExecutor.accessMainPhase(TestCaseExecutor.java:301)
	at com.kms.katalon.core.main.TestCaseExecutor.execute(TestCaseExecutor.java:235)
	at com.kms.katalon.core.main.TestSuiteExecutor.accessTestCaseMainPhase(TestSuiteExecutor.java:191)
	at com.kms.katalon.core.main.TestSuiteExecutor.accessTestSuiteMainPhase(TestSuiteExecutor.java:141)
	at com.kms.katalon.core.main.TestSuiteExecutor.execute(TestSuiteExecutor.java:90)
	at com.kms.katalon.core.main.TestCaseMain.startTestSuite(TestCaseMain.java:157)
	at com.kms.katalon.core.main.TestCaseMain$startTestSuite$0.call(Unknown Source)
	at TempTestSuite1612505441004.run(TempTestSuite1612505441004.groovy:39)
)
[[ATTACHMENT|/Users/chaidir.pratama01/Katalon Studio/IST_Automation_Git/Reports/20210205_131034/RTD/TS_Partner_Disbursement/20210205_131041/1612507185387.png]]

2021-02-05 13:39:46 - [MESSAGE][PASSED] - Verify Search Result Presents

2021-02-05 13:39:46 - [TEST_STEP][PASSED] - Click button "Logout": Click button "Logout"

2021-02-05 13:39:46 - [MESSAGE][INFO] - >>>>>//Button[contains(text(),'Logout')]

2021-02-05 13:39:49 - [MESSAGE][PASSED] - Object '' is present

2021-02-05 13:39:49 - [MESSAGE][PASSED] - Object: '' is clicked on

2021-02-05 13:39:49 - [MESSAGE][PASSED] - Switched to window with index: '0'

2021-02-05 13:39:49 - [MESSAGE][PASSED] - Click button "Logout"

2021-02-05 13:39:49 - [TEST_STEP][PASSED] - Close browser: Close browser

2021-02-05 13:39:49 - [MESSAGE][PASSED] - Browser is closed

2021-02-05 13:39:49 - [MESSAGE][PASSED] - Close browser

2021-02-05 13:39:49 - [TEST_CASE][PASSED] - Start Test Case : SCENARIO Search by STATUS Ready to disburse: SCENARIO Search by STATUS Ready to disburse

2021-02-05 13:39:49 - [TEST_STEP][PASSED] - Go to ISTools: Go to ISTools

2021-02-05 13:39:49 - [MESSAGE][INFO] - Starting 'Chrome (headless)' driver

2021-02-05 13:39:49 - [MESSAGE][INFO] - User set preference: ['args', '[--start-maximized, --disable-gpu, --no-proxy-server, â€“-no-sandbox, --allow-running-insecure-content, --ignore-certificate-errors, window-size=1680,814, force-device-scale-factor=2, --lang=en-GB]']

2021-02-05 13:39:49 - [MESSAGE][INFO] - User set preference: ['prefs', '{download.default_directory=/Users/chaidir.pratama01/Katalon Studio/IST_Automation_Git/Download}']

2021-02-05 13:39:49 - [MESSAGE][INFO] - Action delay is set to 0 milliseconds

2021-02-05 13:39:49 - [MESSAGE][PASSED] - Browser is opened with url: ''

2021-02-05 13:39:51 - [MESSAGE][PASSED] - Navigate to 'https://dev-istools.homecredit.id/foundation/' successfully

2021-02-05 13:39:51 - [MESSAGE][PASSED] - Go to ISTools

2021-02-05 13:39:51 - [TEST_STEP][PASSED] - Login IST with valid credentials: Login IST with valid credentials

2021-02-05 13:39:51 - [MESSAGE][PASSED] - Text 'mobile.test' is set on object 'Object Repository/Page_/input_Username_j_username'

2021-02-05 13:39:51 - [MESSAGE][PASSED] - Text ****** has been set on object 'Object Repository/Page_/input_Password_j_password'

2021-02-05 13:39:52 - [MESSAGE][PASSED] - Object: 'Object Repository/Page_/button_Login' is clicked on

2021-02-05 13:39:52 - [MESSAGE][PASSED] - Login IST with valid credentials

2021-02-05 13:39:52 - [TEST_STEP][PASSED] - Login Success: Login Success

2021-02-05 13:39:52 - [MESSAGE][INFO] - Login Success

2021-02-05 13:39:52 - [MESSAGE][PASSED] - Current window maximized

2021-02-05 13:39:52 - [MESSAGE][PASSED] - Object 'Object Repository/Page_/h1_Welcome to IT Supporting Tools' is present

2021-02-05 13:39:52 - [MESSAGE][PASSED] - Login Success

2021-02-05 13:39:52 - [TEST_STEP][PASSED] - Select Arrow Menu "Real Time Disbursement": Select Arrow Menu "Real Time Disbursement"

2021-02-05 13:39:52 - [MESSAGE][PASSED] - Object: '' is clicked on

2021-02-05 13:39:52 - [MESSAGE][PASSED] - Select Arrow Menu "Real Time Disbursement"

2021-02-05 13:39:52 - [TEST_STEP][PASSED] - Select Menu "Partner Disbursement": Select Menu "Partner Disbursement"

2021-02-05 13:39:53 - [MESSAGE][PASSED] - Taking screenshot successfully
[[ATTACHMENT|/Users/chaidir.pratama01/Documents/Docs/Katalon Studio/Screenshot/test-Partner Disbursement.png]]

2021-02-05 13:39:53 - [MESSAGE][PASSED] - Object '' is present

2021-02-05 13:39:53 - [MESSAGE][PASSED] - Object: '' is clicked on

2021-02-05 13:39:53 - [MESSAGE][PASSED] - Wait for page load successfully

2021-02-05 13:39:53 - [MESSAGE][PASSED] - Select Menu "Partner Disbursement"

2021-02-05 13:39:53 - [TEST_STEP][PASSED] - Select STATUS "Ready to disburse": Select STATUS "Ready to disburse"

2021-02-05 13:39:53 - [MESSAGE][PASSED] - All options with value 'Ready to disburse' are selected in object ''  using regular expression

2021-02-05 13:39:53 - [MESSAGE][PASSED] - Select STATUS "Ready to disburse"

2021-02-05 13:39:53 - [TEST_STEP][PASSED] - Click button "Search": Click button "Search"

2021-02-05 13:39:53 - [MESSAGE][INFO] - >>>>>//Button[contains(text(),'Search')]

2021-02-05 13:39:56 - [MESSAGE][PASSED] - Object '' is present

2021-02-05 13:39:56 - [MESSAGE][PASSED] - Object: '' is clicked on

2021-02-05 13:39:56 - [MESSAGE][PASSED] - Switched to window with index: '0'

2021-02-05 13:39:56 - [MESSAGE][PASSED] - Click button "Search"

2021-02-05 13:39:56 - [TEST_STEP][PASSED] - Verify Search Result Presents: Verify Search Result Presents

2021-02-05 13:39:56 - [MESSAGE][PASSED] - Object '' is present

2021-02-05 13:40:01 - [MESSAGE][PASSED] - Verify Search Result Presents

2021-02-05 13:40:01 - [TEST_STEP][PASSED] - Click button "Logout": Click button "Logout"

2021-02-05 13:40:01 - [MESSAGE][INFO] - >>>>>//Button[contains(text(),'Logout')]

2021-02-05 13:40:04 - [MESSAGE][PASSED] - Object '' is present

2021-02-05 13:40:04 - [MESSAGE][PASSED] - Object: '' is clicked on

2021-02-05 13:40:04 - [MESSAGE][PASSED] - Switched to window with index: '0'

2021-02-05 13:40:04 - [MESSAGE][PASSED] - Click button "Logout"

2021-02-05 13:40:04 - [TEST_STEP][PASSED] - Close browser: Close browser

2021-02-05 13:40:04 - [MESSAGE][PASSED] - Browser is closed

2021-02-05 13:40:04 - [MESSAGE][PASSED] - Close browser

2021-02-05 13:40:04 - [TEST_CASE][PASSED] - Start Test Case : SCENARIO Search by STATUS Failed due to invalid bank account: SCENARIO Search by STATUS Failed due to invalid bank account

2021-02-05 13:40:04 - [TEST_STEP][PASSED] - Go to ISTools: Go to ISTools

2021-02-05 13:40:04 - [MESSAGE][INFO] - Starting 'Chrome (headless)' driver

2021-02-05 13:40:04 - [MESSAGE][INFO] - User set preference: ['args', '[--start-maximized, --disable-gpu, --no-proxy-server, â€“-no-sandbox, --allow-running-insecure-content, --ignore-certificate-errors, window-size=1680,814, force-device-scale-factor=2, --lang=en-GB]']

2021-02-05 13:40:04 - [MESSAGE][INFO] - User set preference: ['prefs', '{download.default_directory=/Users/chaidir.pratama01/Katalon Studio/IST_Automation_Git/Download}']

2021-02-05 13:40:04 - [MESSAGE][INFO] - Action delay is set to 0 milliseconds

2021-02-05 13:40:05 - [MESSAGE][PASSED] - Browser is opened with url: ''

2021-02-05 13:40:07 - [MESSAGE][PASSED] - Navigate to 'https://dev-istools.homecredit.id/foundation/' successfully

2021-02-05 13:40:07 - [MESSAGE][PASSED] - Go to ISTools

2021-02-05 13:40:07 - [TEST_STEP][PASSED] - Login IST with valid credentials: Login IST with valid credentials

2021-02-05 13:40:07 - [MESSAGE][PASSED] - Text 'mobile.test' is set on object 'Object Repository/Page_/input_Username_j_username'

2021-02-05 13:40:07 - [MESSAGE][PASSED] - Text ****** has been set on object 'Object Repository/Page_/input_Password_j_password'

2021-02-05 13:40:08 - [MESSAGE][PASSED] - Object: 'Object Repository/Page_/button_Login' is clicked on

2021-02-05 13:40:08 - [MESSAGE][PASSED] - Login IST with valid credentials

2021-02-05 13:40:08 - [TEST_STEP][PASSED] - Login Success: Login Success

2021-02-05 13:40:08 - [MESSAGE][INFO] - Login Success

2021-02-05 13:40:08 - [MESSAGE][PASSED] - Current window maximized

2021-02-05 13:40:08 - [MESSAGE][PASSED] - Object 'Object Repository/Page_/h1_Welcome to IT Supporting Tools' is present

2021-02-05 13:40:08 - [MESSAGE][PASSED] - Login Success

2021-02-05 13:40:08 - [TEST_STEP][PASSED] - Select Arrow Menu "Real Time Disbursement": Select Arrow Menu "Real Time Disbursement"

2021-02-05 13:40:08 - [MESSAGE][PASSED] - Object: '' is clicked on

2021-02-05 13:40:08 - [MESSAGE][PASSED] - Select Arrow Menu "Real Time Disbursement"

2021-02-05 13:40:08 - [TEST_STEP][PASSED] - Select Menu "Partner Disbursement": Select Menu "Partner Disbursement"

2021-02-05 13:40:09 - [MESSAGE][PASSED] - Taking screenshot successfully
[[ATTACHMENT|/Users/chaidir.pratama01/Documents/Docs/Katalon Studio/Screenshot/test-Partner Disbursement.png]]

2021-02-05 13:40:09 - [MESSAGE][PASSED] - Object '' is present

2021-02-05 13:40:09 - [MESSAGE][PASSED] - Object: '' is clicked on

2021-02-05 13:40:09 - [MESSAGE][PASSED] - Wait for page load successfully

2021-02-05 13:40:09 - [MESSAGE][PASSED] - Select Menu "Partner Disbursement"

2021-02-05 13:40:09 - [TEST_STEP][PASSED] - Select STATUS "Failed due to invalid bank account": Select STATUS "Failed due to invalid bank account"

2021-02-05 13:40:10 - [MESSAGE][PASSED] - All options with value 'Failed due to invalid bank account' are selected in object ''  using regular expression

2021-02-05 13:40:10 - [MESSAGE][PASSED] - Select STATUS "Failed due to invalid bank account"

2021-02-05 13:40:10 - [TEST_STEP][PASSED] - Click button "Search": Click button "Search"

2021-02-05 13:40:10 - [MESSAGE][INFO] - >>>>>//Button[contains(text(),'Search')]

2021-02-05 13:40:13 - [MESSAGE][PASSED] - Object '' is present

2021-02-05 13:40:13 - [MESSAGE][PASSED] - Object: '' is clicked on

2021-02-05 13:40:13 - [MESSAGE][PASSED] - Switched to window with index: '0'

2021-02-05 13:40:13 - [MESSAGE][PASSED] - Click button "Search"

2021-02-05 13:40:13 - [TEST_STEP][PASSED] - Verify Search Result Presents: Verify Search Result Presents

2021-02-05 13:40:13 - [MESSAGE][PASSED] - Object '' is present

2021-02-05 13:40:21 - [MESSAGE][PASSED] - Verify Search Result Presents

2021-02-05 13:40:21 - [TEST_STEP][PASSED] - Click button "Logout": Click button "Logout"

2021-02-05 13:40:21 - [MESSAGE][INFO] - >>>>>//Button[contains(text(),'Logout')]

2021-02-05 13:40:24 - [MESSAGE][PASSED] - Object '' is present

2021-02-05 13:40:24 - [MESSAGE][PASSED] - Object: '' is clicked on

2021-02-05 13:40:24 - [MESSAGE][PASSED] - Switched to window with index: '0'

2021-02-05 13:40:24 - [MESSAGE][PASSED] - Click button "Logout"

2021-02-05 13:40:24 - [TEST_STEP][PASSED] - Close browser: Close browser

2021-02-05 13:40:24 - [MESSAGE][PASSED] - Browser is closed

2021-02-05 13:40:24 - [MESSAGE][PASSED] - Close browser

2021-02-05 13:40:24 - [TEST_CASE][PASSED] - Start Test Case : SCENARIO Search by STATUS Failed due to system error: SCENARIO Search by STATUS Failed due to system error

2021-02-05 13:40:24 - [TEST_STEP][PASSED] - Go to ISTools: Go to ISTools

2021-02-05 13:40:24 - [MESSAGE][INFO] - Starting 'Chrome (headless)' driver

2021-02-05 13:40:24 - [MESSAGE][INFO] - User set preference: ['args', '[--start-maximized, --disable-gpu, --no-proxy-server, â€“-no-sandbox, --allow-running-insecure-content, --ignore-certificate-errors, window-size=1680,814, force-device-scale-factor=2, --lang=en-GB]']

2021-02-05 13:40:24 - [MESSAGE][INFO] - User set preference: ['prefs', '{download.default_directory=/Users/chaidir.pratama01/Katalon Studio/IST_Automation_Git/Download}']

2021-02-05 13:40:24 - [MESSAGE][INFO] - Action delay is set to 0 milliseconds

2021-02-05 13:40:25 - [MESSAGE][PASSED] - Browser is opened with url: ''

2021-02-05 13:40:26 - [MESSAGE][PASSED] - Navigate to 'https://dev-istools.homecredit.id/foundation/' successfully

2021-02-05 13:40:26 - [MESSAGE][PASSED] - Go to ISTools

2021-02-05 13:40:26 - [TEST_STEP][PASSED] - Login IST with valid credentials: Login IST with valid credentials

2021-02-05 13:40:27 - [MESSAGE][PASSED] - Text 'mobile.test' is set on object 'Object Repository/Page_/input_Username_j_username'

2021-02-05 13:40:27 - [MESSAGE][PASSED] - Text ****** has been set on object 'Object Repository/Page_/input_Password_j_password'

2021-02-05 13:40:28 - [MESSAGE][PASSED] - Object: 'Object Repository/Page_/button_Login' is clicked on

2021-02-05 13:40:28 - [MESSAGE][PASSED] - Login IST with valid credentials

2021-02-05 13:40:28 - [TEST_STEP][PASSED] - Login Success: Login Success

2021-02-05 13:40:28 - [MESSAGE][INFO] - Login Success

2021-02-05 13:40:28 - [MESSAGE][PASSED] - Current window maximized

2021-02-05 13:40:28 - [MESSAGE][PASSED] - Object 'Object Repository/Page_/h1_Welcome to IT Supporting Tools' is present

2021-02-05 13:40:28 - [MESSAGE][PASSED] - Login Success

2021-02-05 13:40:28 - [TEST_STEP][PASSED] - Select Arrow Menu "Real Time Disbursement": Select Arrow Menu "Real Time Disbursement"

2021-02-05 13:40:28 - [MESSAGE][PASSED] - Object: '' is clicked on

2021-02-05 13:40:28 - [MESSAGE][PASSED] - Select Arrow Menu "Real Time Disbursement"

2021-02-05 13:40:28 - [TEST_STEP][PASSED] - Select Menu "Partner Disbursement": Select Menu "Partner Disbursement"

2021-02-05 13:40:29 - [MESSAGE][PASSED] - Taking screenshot successfully
[[ATTACHMENT|/Users/chaidir.pratama01/Documents/Docs/Katalon Studio/Screenshot/test-Partner Disbursement.png]]

2021-02-05 13:40:29 - [MESSAGE][PASSED] - Object '' is present

2021-02-05 13:40:29 - [MESSAGE][PASSED] - Object: '' is clicked on

2021-02-05 13:40:29 - [MESSAGE][PASSED] - Wait for page load successfully

2021-02-05 13:40:29 - [MESSAGE][PASSED] - Select Menu "Partner Disbursement"

2021-02-05 13:40:29 - [TEST_STEP][PASSED] - Select STATUS "Failed due to system error": Select STATUS "Failed due to system error"

2021-02-05 13:40:30 - [MESSAGE][PASSED] - All options with value 'Failed due to system error' are selected in object ''  using regular expression

2021-02-05 13:40:30 - [MESSAGE][PASSED] - Select STATUS "Failed due to system error"

2021-02-05 13:40:30 - [TEST_STEP][PASSED] - Click button "Search": Click button "Search"

2021-02-05 13:40:30 - [MESSAGE][INFO] - >>>>>//Button[contains(text(),'Search')]

2021-02-05 13:40:33 - [MESSAGE][PASSED] - Object '' is present

2021-02-05 13:40:33 - [MESSAGE][PASSED] - Object: '' is clicked on

2021-02-05 13:40:33 - [MESSAGE][PASSED] - Switched to window with index: '0'

2021-02-05 13:40:33 - [MESSAGE][PASSED] - Click button "Search"

2021-02-05 13:40:33 - [TEST_STEP][PASSED] - Verify Search Result Presents: Verify Search Result Presents

2021-02-05 13:40:33 - [MESSAGE][PASSED] - Object '' is present

2021-02-05 13:40:34 - [MESSAGE][PASSED] - Verify Search Result Presents

2021-02-05 13:40:34 - [TEST_STEP][PASSED] - Click button "Logout": Click button "Logout"

2021-02-05 13:40:34 - [MESSAGE][INFO] - >>>>>//Button[contains(text(),'Logout')]

2021-02-05 13:40:37 - [MESSAGE][PASSED] - Object '' is present

2021-02-05 13:40:38 - [MESSAGE][PASSED] - Object: '' is clicked on

2021-02-05 13:40:38 - [MESSAGE][PASSED] - Switched to window with index: '0'

2021-02-05 13:40:38 - [MESSAGE][PASSED] - Click button "Logout"

2021-02-05 13:40:38 - [TEST_STEP][PASSED] - Close browser: Close browser

2021-02-05 13:40:38 - [MESSAGE][PASSED] - Browser is closed

2021-02-05 13:40:38 - [MESSAGE][PASSED] - Close browser

2021-02-05 13:40:38 - [TEST_CASE][PASSED] - Start Test Case : SCENARIO Search by STATUS Failed due to insufficient fund: SCENARIO Search by STATUS Failed due to insufficient fund

2021-02-05 13:40:38 - [TEST_STEP][PASSED] - Go to ISTools: Go to ISTools

2021-02-05 13:40:38 - [MESSAGE][INFO] - Starting 'Chrome (headless)' driver

2021-02-05 13:40:38 - [MESSAGE][INFO] - User set preference: ['args', '[--start-maximized, --disable-gpu, --no-proxy-server, â€“-no-sandbox, --allow-running-insecure-content, --ignore-certificate-errors, window-size=1680,814, force-device-scale-factor=2, --lang=en-GB]']

2021-02-05 13:40:38 - [MESSAGE][INFO] - User set preference: ['prefs', '{download.default_directory=/Users/chaidir.pratama01/Katalon Studio/IST_Automation_Git/Download}']

2021-02-05 13:40:38 - [MESSAGE][INFO] - Action delay is set to 0 milliseconds

2021-02-05 13:40:38 - [MESSAGE][PASSED] - Browser is opened with url: ''

2021-02-05 13:40:42 - [MESSAGE][PASSED] - Navigate to 'https://dev-istools.homecredit.id/foundation/' successfully

2021-02-05 13:40:42 - [MESSAGE][PASSED] - Go to ISTools

2021-02-05 13:40:42 - [TEST_STEP][PASSED] - Login IST with valid credentials: Login IST with valid credentials

2021-02-05 13:40:42 - [MESSAGE][PASSED] - Text 'mobile.test' is set on object 'Object Repository/Page_/input_Username_j_username'

2021-02-05 13:40:42 - [MESSAGE][PASSED] - Text ****** has been set on object 'Object Repository/Page_/input_Password_j_password'

2021-02-05 13:40:42 - [MESSAGE][PASSED] - Object: 'Object Repository/Page_/button_Login' is clicked on

2021-02-05 13:40:42 - [MESSAGE][PASSED] - Login IST with valid credentials

2021-02-05 13:40:42 - [TEST_STEP][PASSED] - Login Success: Login Success

2021-02-05 13:40:42 - [MESSAGE][INFO] - Login Success

2021-02-05 13:40:42 - [MESSAGE][PASSED] - Current window maximized

2021-02-05 13:40:43 - [MESSAGE][PASSED] - Object 'Object Repository/Page_/h1_Welcome to IT Supporting Tools' is present

2021-02-05 13:40:43 - [MESSAGE][PASSED] - Login Success

2021-02-05 13:40:43 - [TEST_STEP][PASSED] - Select Arrow Menu "Real Time Disbursement": Select Arrow Menu "Real Time Disbursement"

2021-02-05 13:40:43 - [MESSAGE][PASSED] - Object: '' is clicked on

2021-02-05 13:40:43 - [MESSAGE][PASSED] - Select Arrow Menu "Real Time Disbursement"

2021-02-05 13:40:43 - [TEST_STEP][PASSED] - Select Menu "Partner Disbursement": Select Menu "Partner Disbursement"

2021-02-05 13:40:43 - [MESSAGE][PASSED] - Taking screenshot successfully
[[ATTACHMENT|/Users/chaidir.pratama01/Documents/Docs/Katalon Studio/Screenshot/test-Partner Disbursement.png]]

2021-02-05 13:40:43 - [MESSAGE][PASSED] - Object '' is present

2021-02-05 13:40:43 - [MESSAGE][PASSED] - Object: '' is clicked on

2021-02-05 13:40:43 - [MESSAGE][PASSED] - Wait for page load successfully

2021-02-05 13:40:43 - [MESSAGE][PASSED] - Select Menu "Partner Disbursement"

2021-02-05 13:40:43 - [TEST_STEP][PASSED] - Select STATUS "Failed due to insufficient fund": Select STATUS "Failed due to insufficient fund"

2021-02-05 13:40:44 - [MESSAGE][PASSED] - All options with value 'Failed due to insufficient fund' are selected in object ''  using regular expression

2021-02-05 13:40:44 - [MESSAGE][PASSED] - Select STATUS "Failed due to insufficient fund"

2021-02-05 13:40:44 - [TEST_STEP][PASSED] - Click button "Search": Click button "Search"

2021-02-05 13:40:44 - [MESSAGE][INFO] - >>>>>//Button[contains(text(),'Search')]

2021-02-05 13:40:47 - [MESSAGE][PASSED] - Object '' is present

2021-02-05 13:40:47 - [MESSAGE][PASSED] - Object: '' is clicked on

2021-02-05 13:40:47 - [MESSAGE][PASSED] - Switched to window with index: '0'

2021-02-05 13:40:47 - [MESSAGE][PASSED] - Click button "Search"

2021-02-05 13:40:47 - [TEST_STEP][PASSED] - Verify Search Result Presents: Verify Search Result Presents

2021-02-05 13:40:51 - [MESSAGE][INFO] - Unable to find the element located by 'By.xpath: //td[@style='display:none' and contains(text(),'-Empty-')]'. Please recheck the objects properties to make sure the desired element is located. 

2021-02-05 13:40:52 - [MESSAGE][WARNING] - com.kms.katalon.core.webui.exception.WebElementNotFoundException: Web element with id: '' located by '//td[@style='display:none' and contains(text(),'-Empty-')]' not found (Root cause: com.kms.katalon.core.exception.StepFailedException: com.kms.katalon.core.webui.exception.WebElementNotFoundException: Web element with id: '' located by '//td[@style='display:none' and contains(text(),'-Empty-')]' not found
	at com.kms.katalon.core.webui.keyword.internal.WebUIKeywordMain.stepFailed(WebUIKeywordMain.groovy:64)
	at com.kms.katalon.core.webui.keyword.builtin.VerifyElementPresentKeyword$_verifyElementPresent_closure1.doCall(VerifyElementPresentKeyword.groovy:85)
	at com.kms.katalon.core.webui.keyword.builtin.VerifyElementPresentKeyword$_verifyElementPresent_closure1.call(VerifyElementPresentKeyword.groovy)
	at com.kms.katalon.core.webui.keyword.internal.WebUIKeywordMain.runKeyword(WebUIKeywordMain.groovy:20)
	at com.kms.katalon.core.webui.keyword.builtin.VerifyElementPresentKeyword.verifyElementPresent(VerifyElementPresentKeyword.groovy:92)
	at com.kms.katalon.core.webui.keyword.builtin.VerifyElementPresentKeyword.execute(VerifyElementPresentKeyword.groovy:68)
	at com.kms.katalon.core.keyword.internal.KeywordExecutor.executeKeywordForPlatform(KeywordExecutor.groovy:73)
	at com.kms.katalon.core.webui.keyword.WebUiBuiltInKeywords.verifyElementPresent(WebUiBuiltInKeywords.groovy:1444)
	at com.kms.katalon.core.webui.keyword.WebUiBuiltInKeywords$verifyElementPresent$11.call(Unknown Source)
	at ist_real.Contract_Dispatcher.VerifyTblFilled(Contract_Dispatcher.groovy:1313)
	at ist_real.Contract_Dispatcher$VerifyTblFilled$0.call(Unknown Source)
	at RTD.Search_Result_Presents(RTD.groovy:189)
	at cucumber.runtime.Utils$1.call(Utils.java:26)
	at cucumber.runtime.Timeout.timeout(Timeout.java:16)
	at cucumber.runtime.Utils.invoke(Utils.java:20)
	at cucumber.runtime.java.JavaStepDefinition.execute(JavaStepDefinition.java:48)
	at cucumber.runtime.PickleStepDefinitionMatch.runStep(PickleStepDefinitionMatch.java:50)
	at cucumber.runner.TestStep.executeStep(TestStep.java:55)
	at cucumber.runner.TestStep.run(TestStep.java:42)
	at cucumber.runner.PickleStepTestStep.run(PickleStepTestStep.java:53)
	at cucumber.runner.TestCase.run(TestCase.java:47)
	at cucumber.runner.Runner.runPickle(Runner.java:44)
	at cucumber.runtime.Runtime.runFeature(Runtime.java:120)
	at cucumber.runtime.Runtime.run(Runtime.java:106)
	at cucumber.api.cli.Main.run(Main.java:35)
	at cucumber.api.cli.Main$run.call(Unknown Source)
	at com.kms.katalon.core.cucumber.keyword.CucumberBuiltinKeywords$_runFeatureFile_closure1.doCall(CucumberBuiltinKeywords.groovy:76)
	at com.kms.katalon.core.cucumber.keyword.CucumberBuiltinKeywords$_runFeatureFile_closure1.doCall(CucumberBuiltinKeywords.groovy)
	at com.kms.katalon.core.keyword.internal.KeywordMain.runKeyword(KeywordMain.groovy:68)
	at com.kms.katalon.core.keyword.internal.KeywordMain$runKeyword.call(Unknown Source)
	at com.kms.katalon.core.cucumber.keyword.CucumberBuiltinKeywords.runFeatureFile(CucumberBuiltinKeywords.groovy:46)
	at com.kms.katalon.core.cucumber.keyword.CucumberBuiltinKeywords$runFeatureFile$0.callStatic(Unknown Source)
	at com.kms.katalon.core.cucumber.keyword.CucumberBuiltinKeywords.runFeatureFile(CucumberBuiltinKeywords.groovy:169)
	at com.kms.katalon.core.cucumber.keyword.CucumberBuiltinKeywords$runFeatureFile.call(Unknown Source)
	at TC_Search_by_STATUS.run(TC_Search_by_STATUS:18)
	at com.kms.katalon.core.main.ScriptEngine.run(ScriptEngine.java:194)
	at com.kms.katalon.core.main.ScriptEngine.runScriptAsRawText(ScriptEngine.java:119)
	at com.kms.katalon.core.main.TestCaseExecutor.runScript(TestCaseExecutor.java:339)
	at com.kms.katalon.core.main.TestCaseExecutor.doExecute(TestCaseExecutor.java:330)
	at com.kms.katalon.core.main.TestCaseExecutor.processExecutionPhase(TestCaseExecutor.java:309)
	at com.kms.katalon.core.main.TestCaseExecutor.accessMainPhase(TestCaseExecutor.java:301)
	at com.kms.katalon.core.main.TestCaseExecutor.execute(TestCaseExecutor.java:235)
	at com.kms.katalon.core.main.TestSuiteExecutor.accessTestCaseMainPhase(TestSuiteExecutor.java:191)
	at com.kms.katalon.core.main.TestSuiteExecutor.accessTestSuiteMainPhase(TestSuiteExecutor.java:141)
	at com.kms.katalon.core.main.TestSuiteExecutor.execute(TestSuiteExecutor.java:90)
	at com.kms.katalon.core.main.TestCaseMain.startTestSuite(TestCaseMain.java:157)
	at com.kms.katalon.core.main.TestCaseMain$startTestSuite$0.call(Unknown Source)
	at TempTestSuite1612505441004.run(TempTestSuite1612505441004.groovy:39)
)
[[ATTACHMENT|/Users/chaidir.pratama01/Katalon Studio/IST_Automation_Git/Reports/20210205_131034/RTD/TS_Partner_Disbursement/20210205_131041/1612507251506.png]]

2021-02-05 13:40:52 - [MESSAGE][PASSED] - Verify Search Result Presents

2021-02-05 13:40:52 - [TEST_STEP][PASSED] - Click button "Logout": Click button "Logout"

2021-02-05 13:40:52 - [MESSAGE][INFO] - >>>>>//Button[contains(text(),'Logout')]

2021-02-05 13:40:55 - [MESSAGE][PASSED] - Object '' is present

2021-02-05 13:40:55 - [MESSAGE][PASSED] - Object: '' is clicked on

2021-02-05 13:40:55 - [MESSAGE][PASSED] - Switched to window with index: '0'

2021-02-05 13:40:55 - [MESSAGE][PASSED] - Click button "Logout"

2021-02-05 13:40:55 - [TEST_STEP][PASSED] - Close browser: Close browser

2021-02-05 13:40:55 - [MESSAGE][PASSED] - Browser is closed

2021-02-05 13:40:55 - [MESSAGE][PASSED] - Close browser

2021-02-05 13:40:55 - [TEST_CASE][PASSED] - Start Test Case : SCENARIO Search by STATUS Failed due to not supported bank: SCENARIO Search by STATUS Failed due to not supported bank

2021-02-05 13:40:55 - [TEST_STEP][PASSED] - Go to ISTools: Go to ISTools

2021-02-05 13:40:55 - [MESSAGE][INFO] - Starting 'Chrome (headless)' driver

2021-02-05 13:40:55 - [MESSAGE][INFO] - User set preference: ['args', '[--start-maximized, --disable-gpu, --no-proxy-server, â€“-no-sandbox, --allow-running-insecure-content, --ignore-certificate-errors, window-size=1680,814, force-device-scale-factor=2, --lang=en-GB]']

2021-02-05 13:40:55 - [MESSAGE][INFO] - User set preference: ['prefs', '{download.default_directory=/Users/chaidir.pratama01/Katalon Studio/IST_Automation_Git/Download}']

2021-02-05 13:40:55 - [MESSAGE][INFO] - Action delay is set to 0 milliseconds

2021-02-05 13:40:56 - [MESSAGE][PASSED] - Browser is opened with url: ''

2021-02-05 13:40:58 - [MESSAGE][PASSED] - Navigate to 'https://dev-istools.homecredit.id/foundation/' successfully

2021-02-05 13:40:58 - [MESSAGE][PASSED] - Go to ISTools

2021-02-05 13:40:58 - [TEST_STEP][PASSED] - Login IST with valid credentials: Login IST with valid credentials

2021-02-05 13:40:58 - [MESSAGE][PASSED] - Text 'mobile.test' is set on object 'Object Repository/Page_/input_Username_j_username'

2021-02-05 13:40:58 - [MESSAGE][PASSED] - Text ****** has been set on object 'Object Repository/Page_/input_Password_j_password'

2021-02-05 13:40:59 - [MESSAGE][PASSED] - Object: 'Object Repository/Page_/button_Login' is clicked on

2021-02-05 13:40:59 - [MESSAGE][PASSED] - Login IST with valid credentials

2021-02-05 13:40:59 - [TEST_STEP][PASSED] - Login Success: Login Success

2021-02-05 13:40:59 - [MESSAGE][INFO] - Login Success

2021-02-05 13:40:59 - [MESSAGE][PASSED] - Current window maximized

2021-02-05 13:40:59 - [MESSAGE][PASSED] - Object 'Object Repository/Page_/h1_Welcome to IT Supporting Tools' is present

2021-02-05 13:40:59 - [MESSAGE][PASSED] - Login Success

2021-02-05 13:40:59 - [TEST_STEP][PASSED] - Select Arrow Menu "Real Time Disbursement": Select Arrow Menu "Real Time Disbursement"

2021-02-05 13:40:59 - [MESSAGE][PASSED] - Object: '' is clicked on

2021-02-05 13:40:59 - [MESSAGE][PASSED] - Select Arrow Menu "Real Time Disbursement"

2021-02-05 13:40:59 - [TEST_STEP][PASSED] - Select Menu "Partner Disbursement": Select Menu "Partner Disbursement"

2021-02-05 13:41:00 - [MESSAGE][PASSED] - Taking screenshot successfully
[[ATTACHMENT|/Users/chaidir.pratama01/Documents/Docs/Katalon Studio/Screenshot/test-Partner Disbursement.png]]

2021-02-05 13:41:00 - [MESSAGE][PASSED] - Object '' is present

2021-02-05 13:41:00 - [MESSAGE][PASSED] - Object: '' is clicked on

2021-02-05 13:41:00 - [MESSAGE][PASSED] - Wait for page load successfully

2021-02-05 13:41:00 - [MESSAGE][PASSED] - Select Menu "Partner Disbursement"

2021-02-05 13:41:00 - [TEST_STEP][PASSED] - Select STATUS "Failed due to not supported bank": Select STATUS "Failed due to not supported bank"

2021-02-05 13:41:00 - [MESSAGE][PASSED] - All options with value 'Failed due to not supported bank' are selected in object ''  using regular expression

2021-02-05 13:41:00 - [MESSAGE][PASSED] - Select STATUS "Failed due to not supported bank"

2021-02-05 13:41:00 - [TEST_STEP][PASSED] - Click button "Search": Click button "Search"

2021-02-05 13:41:00 - [MESSAGE][INFO] - >>>>>//Button[contains(text(),'Search')]

2021-02-05 13:41:03 - [MESSAGE][PASSED] - Object '' is present

2021-02-05 13:41:04 - [MESSAGE][PASSED] - Object: '' is clicked on

2021-02-05 13:41:04 - [MESSAGE][PASSED] - Switched to window with index: '0'

2021-02-05 13:41:04 - [MESSAGE][PASSED] - Click button "Search"

2021-02-05 13:41:04 - [TEST_STEP][PASSED] - Verify Search Result Presents: Verify Search Result Presents

2021-02-05 13:41:08 - [MESSAGE][INFO] - Unable to find the element located by 'By.xpath: //td[@style='display:none' and contains(text(),'-Empty-')]'. Please recheck the objects properties to make sure the desired element is located. 

2021-02-05 13:41:08 - [MESSAGE][WARNING] - com.kms.katalon.core.webui.exception.WebElementNotFoundException: Web element with id: '' located by '//td[@style='display:none' and contains(text(),'-Empty-')]' not found (Root cause: com.kms.katalon.core.exception.StepFailedException: com.kms.katalon.core.webui.exception.WebElementNotFoundException: Web element with id: '' located by '//td[@style='display:none' and contains(text(),'-Empty-')]' not found
	at com.kms.katalon.core.webui.keyword.internal.WebUIKeywordMain.stepFailed(WebUIKeywordMain.groovy:64)
	at com.kms.katalon.core.webui.keyword.builtin.VerifyElementPresentKeyword$_verifyElementPresent_closure1.doCall(VerifyElementPresentKeyword.groovy:85)
	at com.kms.katalon.core.webui.keyword.builtin.VerifyElementPresentKeyword$_verifyElementPresent_closure1.call(VerifyElementPresentKeyword.groovy)
	at com.kms.katalon.core.webui.keyword.internal.WebUIKeywordMain.runKeyword(WebUIKeywordMain.groovy:20)
	at com.kms.katalon.core.webui.keyword.builtin.VerifyElementPresentKeyword.verifyElementPresent(VerifyElementPresentKeyword.groovy:92)
	at com.kms.katalon.core.webui.keyword.builtin.VerifyElementPresentKeyword.execute(VerifyElementPresentKeyword.groovy:68)
	at com.kms.katalon.core.keyword.internal.KeywordExecutor.executeKeywordForPlatform(KeywordExecutor.groovy:73)
	at com.kms.katalon.core.webui.keyword.WebUiBuiltInKeywords.verifyElementPresent(WebUiBuiltInKeywords.groovy:1444)
	at com.kms.katalon.core.webui.keyword.WebUiBuiltInKeywords$verifyElementPresent$11.call(Unknown Source)
	at ist_real.Contract_Dispatcher.VerifyTblFilled(Contract_Dispatcher.groovy:1313)
	at ist_real.Contract_Dispatcher$VerifyTblFilled$0.call(Unknown Source)
	at RTD.Search_Result_Presents(RTD.groovy:189)
	at cucumber.runtime.Utils$1.call(Utils.java:26)
	at cucumber.runtime.Timeout.timeout(Timeout.java:16)
	at cucumber.runtime.Utils.invoke(Utils.java:20)
	at cucumber.runtime.java.JavaStepDefinition.execute(JavaStepDefinition.java:48)
	at cucumber.runtime.PickleStepDefinitionMatch.runStep(PickleStepDefinitionMatch.java:50)
	at cucumber.runner.TestStep.executeStep(TestStep.java:55)
	at cucumber.runner.TestStep.run(TestStep.java:42)
	at cucumber.runner.PickleStepTestStep.run(PickleStepTestStep.java:53)
	at cucumber.runner.TestCase.run(TestCase.java:47)
	at cucumber.runner.Runner.runPickle(Runner.java:44)
	at cucumber.runtime.Runtime.runFeature(Runtime.java:120)
	at cucumber.runtime.Runtime.run(Runtime.java:106)
	at cucumber.api.cli.Main.run(Main.java:35)
	at cucumber.api.cli.Main$run.call(Unknown Source)
	at com.kms.katalon.core.cucumber.keyword.CucumberBuiltinKeywords$_runFeatureFile_closure1.doCall(CucumberBuiltinKeywords.groovy:76)
	at com.kms.katalon.core.cucumber.keyword.CucumberBuiltinKeywords$_runFeatureFile_closure1.doCall(CucumberBuiltinKeywords.groovy)
	at com.kms.katalon.core.keyword.internal.KeywordMain.runKeyword(KeywordMain.groovy:68)
	at com.kms.katalon.core.keyword.internal.KeywordMain$runKeyword.call(Unknown Source)
	at com.kms.katalon.core.cucumber.keyword.CucumberBuiltinKeywords.runFeatureFile(CucumberBuiltinKeywords.groovy:46)
	at com.kms.katalon.core.cucumber.keyword.CucumberBuiltinKeywords$runFeatureFile$0.callStatic(Unknown Source)
	at com.kms.katalon.core.cucumber.keyword.CucumberBuiltinKeywords.runFeatureFile(CucumberBuiltinKeywords.groovy:169)
	at com.kms.katalon.core.cucumber.keyword.CucumberBuiltinKeywords$runFeatureFile.call(Unknown Source)
	at TC_Search_by_STATUS.run(TC_Search_by_STATUS:18)
	at com.kms.katalon.core.main.ScriptEngine.run(ScriptEngine.java:194)
	at com.kms.katalon.core.main.ScriptEngine.runScriptAsRawText(ScriptEngine.java:119)
	at com.kms.katalon.core.main.TestCaseExecutor.runScript(TestCaseExecutor.java:339)
	at com.kms.katalon.core.main.TestCaseExecutor.doExecute(TestCaseExecutor.java:330)
	at com.kms.katalon.core.main.TestCaseExecutor.processExecutionPhase(TestCaseExecutor.java:309)
	at com.kms.katalon.core.main.TestCaseExecutor.accessMainPhase(TestCaseExecutor.java:301)
	at com.kms.katalon.core.main.TestCaseExecutor.execute(TestCaseExecutor.java:235)
	at com.kms.katalon.core.main.TestSuiteExecutor.accessTestCaseMainPhase(TestSuiteExecutor.java:191)
	at com.kms.katalon.core.main.TestSuiteExecutor.accessTestSuiteMainPhase(TestSuiteExecutor.java:141)
	at com.kms.katalon.core.main.TestSuiteExecutor.execute(TestSuiteExecutor.java:90)
	at com.kms.katalon.core.main.TestCaseMain.startTestSuite(TestCaseMain.java:157)
	at com.kms.katalon.core.main.TestCaseMain$startTestSuite$0.call(Unknown Source)
	at TempTestSuite1612505441004.run(TempTestSuite1612505441004.groovy:39)
)
[[ATTACHMENT|/Users/chaidir.pratama01/Katalon Studio/IST_Automation_Git/Reports/20210205_131034/RTD/TS_Partner_Disbursement/20210205_131041/1612507268027.png]]

2021-02-05 13:41:08 - [MESSAGE][PASSED] - Verify Search Result Presents

2021-02-05 13:41:08 - [TEST_STEP][PASSED] - Click button "Logout": Click button "Logout"

2021-02-05 13:41:08 - [MESSAGE][INFO] - >>>>>//Button[contains(text(),'Logout')]

2021-02-05 13:41:11 - [MESSAGE][PASSED] - Object '' is present

2021-02-05 13:41:12 - [MESSAGE][PASSED] - Object: '' is clicked on

2021-02-05 13:41:12 - [MESSAGE][PASSED] - Switched to window with index: '0'

2021-02-05 13:41:12 - [MESSAGE][PASSED] - Click button "Logout"

2021-02-05 13:41:12 - [TEST_STEP][PASSED] - Close browser: Close browser

2021-02-05 13:41:12 - [MESSAGE][PASSED] - Browser is closed

2021-02-05 13:41:12 - [MESSAGE][PASSED] - Close browser

2021-02-05 13:41:12 - [TEST_CASE][PASSED] - Start Test Case : SCENARIO Search by STATUS Manual Disbursement: SCENARIO Search by STATUS Manual Disbursement

2021-02-05 13:41:12 - [TEST_STEP][PASSED] - Go to ISTools: Go to ISTools

2021-02-05 13:41:12 - [MESSAGE][INFO] - Starting 'Chrome (headless)' driver

2021-02-05 13:41:12 - [MESSAGE][INFO] - User set preference: ['args', '[--start-maximized, --disable-gpu, --no-proxy-server, â€“-no-sandbox, --allow-running-insecure-content, --ignore-certificate-errors, window-size=1680,814, force-device-scale-factor=2, --lang=en-GB]']

2021-02-05 13:41:12 - [MESSAGE][INFO] - User set preference: ['prefs', '{download.default_directory=/Users/chaidir.pratama01/Katalon Studio/IST_Automation_Git/Download}']

2021-02-05 13:41:12 - [MESSAGE][INFO] - Action delay is set to 0 milliseconds

2021-02-05 13:41:12 - [MESSAGE][PASSED] - Browser is opened with url: ''

2021-02-05 13:41:13 - [MESSAGE][PASSED] - Navigate to 'https://dev-istools.homecredit.id/foundation/' successfully

2021-02-05 13:41:13 - [MESSAGE][PASSED] - Go to ISTools

2021-02-05 13:41:13 - [TEST_STEP][PASSED] - Login IST with valid credentials: Login IST with valid credentials

2021-02-05 13:41:13 - [MESSAGE][PASSED] - Text 'mobile.test' is set on object 'Object Repository/Page_/input_Username_j_username'

2021-02-05 13:41:13 - [MESSAGE][PASSED] - Text ****** has been set on object 'Object Repository/Page_/input_Password_j_password'

2021-02-05 13:41:14 - [MESSAGE][PASSED] - Object: 'Object Repository/Page_/button_Login' is clicked on

2021-02-05 13:41:14 - [MESSAGE][PASSED] - Login IST with valid credentials

2021-02-05 13:41:14 - [TEST_STEP][PASSED] - Login Success: Login Success

2021-02-05 13:41:14 - [MESSAGE][INFO] - Login Success

2021-02-05 13:41:15 - [MESSAGE][PASSED] - Current window maximized

2021-02-05 13:41:15 - [MESSAGE][PASSED] - Object 'Object Repository/Page_/h1_Welcome to IT Supporting Tools' is present

2021-02-05 13:41:15 - [MESSAGE][PASSED] - Login Success

2021-02-05 13:41:15 - [TEST_STEP][PASSED] - Select Arrow Menu "Real Time Disbursement": Select Arrow Menu "Real Time Disbursement"

2021-02-05 13:41:15 - [MESSAGE][PASSED] - Object: '' is clicked on

2021-02-05 13:41:15 - [MESSAGE][PASSED] - Select Arrow Menu "Real Time Disbursement"

2021-02-05 13:41:15 - [TEST_STEP][PASSED] - Select Menu "Partner Disbursement": Select Menu "Partner Disbursement"

2021-02-05 13:41:15 - [MESSAGE][PASSED] - Taking screenshot successfully
[[ATTACHMENT|/Users/chaidir.pratama01/Documents/Docs/Katalon Studio/Screenshot/test-Partner Disbursement.png]]

2021-02-05 13:41:15 - [MESSAGE][PASSED] - Object '' is present

2021-02-05 13:41:15 - [MESSAGE][PASSED] - Object: '' is clicked on

2021-02-05 13:41:15 - [MESSAGE][PASSED] - Wait for page load successfully

2021-02-05 13:41:15 - [MESSAGE][PASSED] - Select Menu "Partner Disbursement"

2021-02-05 13:41:15 - [TEST_STEP][PASSED] - Select STATUS "Manual Disbursement": Select STATUS "Manual Disbursement"

2021-02-05 13:41:16 - [MESSAGE][PASSED] - All options with value 'Manual Disbursement' are selected in object ''  using regular expression

2021-02-05 13:41:16 - [MESSAGE][PASSED] - Select STATUS "Manual Disbursement"

2021-02-05 13:41:16 - [TEST_STEP][PASSED] - Click button "Search": Click button "Search"

2021-02-05 13:41:16 - [MESSAGE][INFO] - >>>>>//Button[contains(text(),'Search')]

2021-02-05 13:41:19 - [MESSAGE][PASSED] - Object '' is present

2021-02-05 13:41:19 - [MESSAGE][PASSED] - Object: '' is clicked on

2021-02-05 13:41:19 - [MESSAGE][PASSED] - Switched to window with index: '0'

2021-02-05 13:41:19 - [MESSAGE][PASSED] - Click button "Search"

2021-02-05 13:41:19 - [TEST_STEP][PASSED] - Verify Search Result Presents: Verify Search Result Presents

2021-02-05 13:41:20 - [MESSAGE][PASSED] - Object '' is present

2021-02-05 13:41:30 - [MESSAGE][PASSED] - Verify Search Result Presents

2021-02-05 13:41:30 - [TEST_STEP][PASSED] - Click button "Logout": Click button "Logout"

2021-02-05 13:41:30 - [MESSAGE][INFO] - >>>>>//Button[contains(text(),'Logout')]

2021-02-05 13:41:33 - [MESSAGE][PASSED] - Object '' is present

2021-02-05 13:41:34 - [MESSAGE][PASSED] - Object: '' is clicked on

2021-02-05 13:41:34 - [MESSAGE][PASSED] - Switched to window with index: '0'

2021-02-05 13:41:34 - [MESSAGE][PASSED] - Click button "Logout"

2021-02-05 13:41:34 - [TEST_STEP][PASSED] - Close browser: Close browser

2021-02-05 13:41:34 - [MESSAGE][PASSED] - Browser is closed

2021-02-05 13:41:34 - [MESSAGE][PASSED] - Close browser

2021-02-05 13:41:34 - [TEST_CASE][PASSED] - Start Test Case : SCENARIO Search by STATUS DONE: SCENARIO Search by STATUS DONE

2021-02-05 13:41:34 - [TEST_STEP][PASSED] - Go to ISTools: Go to ISTools

2021-02-05 13:41:34 - [MESSAGE][INFO] - Starting 'Chrome (headless)' driver

2021-02-05 13:41:34 - [MESSAGE][INFO] - User set preference: ['args', '[--start-maximized, --disable-gpu, --no-proxy-server, â€“-no-sandbox, --allow-running-insecure-content, --ignore-certificate-errors, window-size=1680,814, force-device-scale-factor=2, --lang=en-GB]']

2021-02-05 13:41:34 - [MESSAGE][INFO] - User set preference: ['prefs', '{download.default_directory=/Users/chaidir.pratama01/Katalon Studio/IST_Automation_Git/Download}']

2021-02-05 13:41:34 - [MESSAGE][INFO] - Action delay is set to 0 milliseconds

2021-02-05 13:41:34 - [MESSAGE][PASSED] - Browser is opened with url: ''

2021-02-05 13:41:36 - [MESSAGE][PASSED] - Navigate to 'https://dev-istools.homecredit.id/foundation/' successfully

2021-02-05 13:41:36 - [MESSAGE][PASSED] - Go to ISTools

2021-02-05 13:41:36 - [TEST_STEP][PASSED] - Login IST with valid credentials: Login IST with valid credentials

2021-02-05 13:41:37 - [MESSAGE][PASSED] - Text 'mobile.test' is set on object 'Object Repository/Page_/input_Username_j_username'

2021-02-05 13:41:37 - [MESSAGE][PASSED] - Text ****** has been set on object 'Object Repository/Page_/input_Password_j_password'

2021-02-05 13:41:37 - [MESSAGE][PASSED] - Object: 'Object Repository/Page_/button_Login' is clicked on

2021-02-05 13:41:37 - [MESSAGE][PASSED] - Login IST with valid credentials

2021-02-05 13:41:37 - [TEST_STEP][PASSED] - Login Success: Login Success

2021-02-05 13:41:37 - [MESSAGE][INFO] - Login Success

2021-02-05 13:41:37 - [MESSAGE][PASSED] - Current window maximized

2021-02-05 13:41:37 - [MESSAGE][PASSED] - Object 'Object Repository/Page_/h1_Welcome to IT Supporting Tools' is present

2021-02-05 13:41:37 - [MESSAGE][PASSED] - Login Success

2021-02-05 13:41:37 - [TEST_STEP][PASSED] - Select Arrow Menu "Real Time Disbursement": Select Arrow Menu "Real Time Disbursement"

2021-02-05 13:41:37 - [MESSAGE][PASSED] - Object: '' is clicked on

2021-02-05 13:41:37 - [MESSAGE][PASSED] - Select Arrow Menu "Real Time Disbursement"

2021-02-05 13:41:37 - [TEST_STEP][PASSED] - Select Menu "Partner Disbursement": Select Menu "Partner Disbursement"

2021-02-05 13:41:38 - [MESSAGE][PASSED] - Taking screenshot successfully
[[ATTACHMENT|/Users/chaidir.pratama01/Documents/Docs/Katalon Studio/Screenshot/test-Partner Disbursement.png]]

2021-02-05 13:41:38 - [MESSAGE][PASSED] - Object '' is present

2021-02-05 13:41:38 - [MESSAGE][PASSED] - Object: '' is clicked on

2021-02-05 13:41:38 - [MESSAGE][PASSED] - Wait for page load successfully

2021-02-05 13:41:38 - [MESSAGE][PASSED] - Select Menu "Partner Disbursement"

2021-02-05 13:41:38 - [TEST_STEP][PASSED] - Select STATUS "DONE": Select STATUS "DONE"

2021-02-05 13:41:39 - [MESSAGE][PASSED] - All options with value 'DONE' are selected in object ''  using regular expression

2021-02-05 13:41:39 - [MESSAGE][PASSED] - Select STATUS "DONE"

2021-02-05 13:41:39 - [TEST_STEP][PASSED] - Click button "Search": Click button "Search"

2021-02-05 13:41:39 - [MESSAGE][INFO] - >>>>>//Button[contains(text(),'Search')]

2021-02-05 13:41:42 - [MESSAGE][PASSED] - Object '' is present

2021-02-05 13:41:42 - [MESSAGE][PASSED] - Object: '' is clicked on

2021-02-05 13:41:42 - [MESSAGE][PASSED] - Switched to window with index: '0'

2021-02-05 13:41:42 - [MESSAGE][PASSED] - Click button "Search"

2021-02-05 13:41:42 - [TEST_STEP][PASSED] - Verify Search Result Presents: Verify Search Result Presents

2021-02-05 13:41:42 - [MESSAGE][PASSED] - Object '' is present

2021-02-05 13:41:52 - [MESSAGE][PASSED] - Verify Search Result Presents

2021-02-05 13:41:52 - [TEST_STEP][PASSED] - Click button "Logout": Click button "Logout"

2021-02-05 13:41:52 - [MESSAGE][INFO] - >>>>>//Button[contains(text(),'Logout')]

2021-02-05 13:41:55 - [MESSAGE][PASSED] - Object '' is present

2021-02-05 13:41:55 - [MESSAGE][PASSED] - Object: '' is clicked on

2021-02-05 13:41:55 - [MESSAGE][PASSED] - Switched to window with index: '0'

2021-02-05 13:41:55 - [MESSAGE][PASSED] - Click button "Logout"

2021-02-05 13:41:55 - [TEST_STEP][PASSED] - Close browser: Close browser

2021-02-05 13:41:55 - [MESSAGE][PASSED] - Browser is closed

2021-02-05 13:41:55 - [MESSAGE][PASSED] - Close browser

2021-02-05 13:41:55 - [TEST_CASE][PASSED] - Start Test Case : SCENARIO Search by STATUS Waiting Partner Confirmation: SCENARIO Search by STATUS Waiting Partner Confirmation

2021-02-05 13:41:55 - [TEST_STEP][PASSED] - Go to ISTools: Go to ISTools

2021-02-05 13:41:55 - [MESSAGE][INFO] - Starting 'Chrome (headless)' driver

2021-02-05 13:41:55 - [MESSAGE][INFO] - User set preference: ['args', '[--start-maximized, --disable-gpu, --no-proxy-server, â€“-no-sandbox, --allow-running-insecure-content, --ignore-certificate-errors, window-size=1680,814, force-device-scale-factor=2, --lang=en-GB]']

2021-02-05 13:41:55 - [MESSAGE][INFO] - User set preference: ['prefs', '{download.default_directory=/Users/chaidir.pratama01/Katalon Studio/IST_Automation_Git/Download}']

2021-02-05 13:41:55 - [MESSAGE][INFO] - Action delay is set to 0 milliseconds

2021-02-05 13:41:55 - [MESSAGE][PASSED] - Browser is opened with url: ''

2021-02-05 13:41:57 - [MESSAGE][PASSED] - Navigate to 'https://dev-istools.homecredit.id/foundation/' successfully

2021-02-05 13:41:57 - [MESSAGE][PASSED] - Go to ISTools

2021-02-05 13:41:57 - [TEST_STEP][PASSED] - Login IST with valid credentials: Login IST with valid credentials

2021-02-05 13:41:57 - [MESSAGE][PASSED] - Text 'mobile.test' is set on object 'Object Repository/Page_/input_Username_j_username'

2021-02-05 13:41:58 - [MESSAGE][PASSED] - Text ****** has been set on object 'Object Repository/Page_/input_Password_j_password'

2021-02-05 13:41:58 - [MESSAGE][PASSED] - Object: 'Object Repository/Page_/button_Login' is clicked on

2021-02-05 13:41:58 - [MESSAGE][PASSED] - Login IST with valid credentials

2021-02-05 13:41:58 - [TEST_STEP][PASSED] - Login Success: Login Success

2021-02-05 13:41:58 - [MESSAGE][INFO] - Login Success

2021-02-05 13:41:58 - [MESSAGE][PASSED] - Current window maximized

2021-02-05 13:41:58 - [MESSAGE][PASSED] - Object 'Object Repository/Page_/h1_Welcome to IT Supporting Tools' is present

2021-02-05 13:41:58 - [MESSAGE][PASSED] - Login Success

2021-02-05 13:41:58 - [TEST_STEP][PASSED] - Select Arrow Menu "Real Time Disbursement": Select Arrow Menu "Real Time Disbursement"

2021-02-05 13:41:58 - [MESSAGE][PASSED] - Object: '' is clicked on

2021-02-05 13:41:58 - [MESSAGE][PASSED] - Select Arrow Menu "Real Time Disbursement"

2021-02-05 13:41:58 - [TEST_STEP][PASSED] - Select Menu "Partner Disbursement": Select Menu "Partner Disbursement"

2021-02-05 13:41:59 - [MESSAGE][PASSED] - Taking screenshot successfully
[[ATTACHMENT|/Users/chaidir.pratama01/Documents/Docs/Katalon Studio/Screenshot/test-Partner Disbursement.png]]

2021-02-05 13:41:59 - [MESSAGE][PASSED] - Object '' is present

2021-02-05 13:41:59 - [MESSAGE][PASSED] - Object: '' is clicked on

2021-02-05 13:41:59 - [MESSAGE][PASSED] - Wait for page load successfully

2021-02-05 13:41:59 - [MESSAGE][PASSED] - Select Menu "Partner Disbursement"

2021-02-05 13:41:59 - [TEST_STEP][PASSED] - Select STATUS "Waiting Partner Confirmation": Select STATUS "Waiting Partner Confirmation"

2021-02-05 13:42:00 - [MESSAGE][PASSED] - All options with value 'Waiting Partner Confirmation' are selected in object ''  using regular expression

2021-02-05 13:42:00 - [MESSAGE][PASSED] - Select STATUS "Waiting Partner Confirmation"

2021-02-05 13:42:00 - [TEST_STEP][PASSED] - Click button "Search": Click button "Search"

2021-02-05 13:42:00 - [MESSAGE][INFO] - >>>>>//Button[contains(text(),'Search')]

2021-02-05 13:42:03 - [MESSAGE][PASSED] - Object '' is present

2021-02-05 13:42:03 - [MESSAGE][PASSED] - Object: '' is clicked on

2021-02-05 13:42:03 - [MESSAGE][PASSED] - Switched to window with index: '0'

2021-02-05 13:42:03 - [MESSAGE][PASSED] - Click button "Search"

2021-02-05 13:42:03 - [TEST_STEP][PASSED] - Verify Search Result Presents: Verify Search Result Presents

2021-02-05 13:42:07 - [MESSAGE][INFO] - Unable to find the element located by 'By.xpath: //td[@style='display:none' and contains(text(),'-Empty-')]'. Please recheck the objects properties to make sure the desired element is located. 

2021-02-05 13:42:07 - [MESSAGE][WARNING] - com.kms.katalon.core.webui.exception.WebElementNotFoundException: Web element with id: '' located by '//td[@style='display:none' and contains(text(),'-Empty-')]' not found (Root cause: com.kms.katalon.core.exception.StepFailedException: com.kms.katalon.core.webui.exception.WebElementNotFoundException: Web element with id: '' located by '//td[@style='display:none' and contains(text(),'-Empty-')]' not found
	at com.kms.katalon.core.webui.keyword.internal.WebUIKeywordMain.stepFailed(WebUIKeywordMain.groovy:64)
	at com.kms.katalon.core.webui.keyword.builtin.VerifyElementPresentKeyword$_verifyElementPresent_closure1.doCall(VerifyElementPresentKeyword.groovy:85)
	at com.kms.katalon.core.webui.keyword.builtin.VerifyElementPresentKeyword$_verifyElementPresent_closure1.call(VerifyElementPresentKeyword.groovy)
	at com.kms.katalon.core.webui.keyword.internal.WebUIKeywordMain.runKeyword(WebUIKeywordMain.groovy:20)
	at com.kms.katalon.core.webui.keyword.builtin.VerifyElementPresentKeyword.verifyElementPresent(VerifyElementPresentKeyword.groovy:92)
	at com.kms.katalon.core.webui.keyword.builtin.VerifyElementPresentKeyword.execute(VerifyElementPresentKeyword.groovy:68)
	at com.kms.katalon.core.keyword.internal.KeywordExecutor.executeKeywordForPlatform(KeywordExecutor.groovy:73)
	at com.kms.katalon.core.webui.keyword.WebUiBuiltInKeywords.verifyElementPresent(WebUiBuiltInKeywords.groovy:1444)
	at com.kms.katalon.core.webui.keyword.WebUiBuiltInKeywords$verifyElementPresent$11.call(Unknown Source)
	at ist_real.Contract_Dispatcher.VerifyTblFilled(Contract_Dispatcher.groovy:1313)
	at ist_real.Contract_Dispatcher$VerifyTblFilled$0.call(Unknown Source)
	at RTD.Search_Result_Presents(RTD.groovy:189)
	at cucumber.runtime.Utils$1.call(Utils.java:26)
	at cucumber.runtime.Timeout.timeout(Timeout.java:16)
	at cucumber.runtime.Utils.invoke(Utils.java:20)
	at cucumber.runtime.java.JavaStepDefinition.execute(JavaStepDefinition.java:48)
	at cucumber.runtime.PickleStepDefinitionMatch.runStep(PickleStepDefinitionMatch.java:50)
	at cucumber.runner.TestStep.executeStep(TestStep.java:55)
	at cucumber.runner.TestStep.run(TestStep.java:42)
	at cucumber.runner.PickleStepTestStep.run(PickleStepTestStep.java:53)
	at cucumber.runner.TestCase.run(TestCase.java:47)
	at cucumber.runner.Runner.runPickle(Runner.java:44)
	at cucumber.runtime.Runtime.runFeature(Runtime.java:120)
	at cucumber.runtime.Runtime.run(Runtime.java:106)
	at cucumber.api.cli.Main.run(Main.java:35)
	at cucumber.api.cli.Main$run.call(Unknown Source)
	at com.kms.katalon.core.cucumber.keyword.CucumberBuiltinKeywords$_runFeatureFile_closure1.doCall(CucumberBuiltinKeywords.groovy:76)
	at com.kms.katalon.core.cucumber.keyword.CucumberBuiltinKeywords$_runFeatureFile_closure1.doCall(CucumberBuiltinKeywords.groovy)
	at com.kms.katalon.core.keyword.internal.KeywordMain.runKeyword(KeywordMain.groovy:68)
	at com.kms.katalon.core.keyword.internal.KeywordMain$runKeyword.call(Unknown Source)
	at com.kms.katalon.core.cucumber.keyword.CucumberBuiltinKeywords.runFeatureFile(CucumberBuiltinKeywords.groovy:46)
	at com.kms.katalon.core.cucumber.keyword.CucumberBuiltinKeywords$runFeatureFile$0.callStatic(Unknown Source)
	at com.kms.katalon.core.cucumber.keyword.CucumberBuiltinKeywords.runFeatureFile(CucumberBuiltinKeywords.groovy:169)
	at com.kms.katalon.core.cucumber.keyword.CucumberBuiltinKeywords$runFeatureFile.call(Unknown Source)
	at TC_Search_by_STATUS.run(TC_Search_by_STATUS:18)
	at com.kms.katalon.core.main.ScriptEngine.run(ScriptEngine.java:194)
	at com.kms.katalon.core.main.ScriptEngine.runScriptAsRawText(ScriptEngine.java:119)
	at com.kms.katalon.core.main.TestCaseExecutor.runScript(TestCaseExecutor.java:339)
	at com.kms.katalon.core.main.TestCaseExecutor.doExecute(TestCaseExecutor.java:330)
	at com.kms.katalon.core.main.TestCaseExecutor.processExecutionPhase(TestCaseExecutor.java:309)
	at com.kms.katalon.core.main.TestCaseExecutor.accessMainPhase(TestCaseExecutor.java:301)
	at com.kms.katalon.core.main.TestCaseExecutor.execute(TestCaseExecutor.java:235)
	at com.kms.katalon.core.main.TestSuiteExecutor.accessTestCaseMainPhase(TestSuiteExecutor.java:191)
	at com.kms.katalon.core.main.TestSuiteExecutor.accessTestSuiteMainPhase(TestSuiteExecutor.java:141)
	at com.kms.katalon.core.main.TestSuiteExecutor.execute(TestSuiteExecutor.java:90)
	at com.kms.katalon.core.main.TestCaseMain.startTestSuite(TestCaseMain.java:157)
	at com.kms.katalon.core.main.TestCaseMain$startTestSuite$0.call(Unknown Source)
	at TempTestSuite1612505441004.run(TempTestSuite1612505441004.groovy:39)
)
[[ATTACHMENT|/Users/chaidir.pratama01/Katalon Studio/IST_Automation_Git/Reports/20210205_131034/RTD/TS_Partner_Disbursement/20210205_131041/1612507327203.png]]

2021-02-05 13:42:08 - [MESSAGE][PASSED] - Verify Search Result Presents

2021-02-05 13:42:08 - [TEST_STEP][PASSED] - Click button "Logout": Click button "Logout"

2021-02-05 13:42:08 - [MESSAGE][INFO] - >>>>>//Button[contains(text(),'Logout')]

2021-02-05 13:42:11 - [MESSAGE][PASSED] - Object '' is present

2021-02-05 13:42:11 - [MESSAGE][PASSED] - Object: '' is clicked on

2021-02-05 13:42:11 - [MESSAGE][PASSED] - Switched to window with index: '0'

2021-02-05 13:42:11 - [MESSAGE][PASSED] - Click button "Logout"

2021-02-05 13:42:11 - [TEST_STEP][PASSED] - Close browser: Close browser

2021-02-05 13:42:11 - [MESSAGE][PASSED] - Browser is closed

2021-02-05 13:42:11 - [MESSAGE][PASSED] - Close browser

2021-02-05 13:42:11 - [TEST_CASE][PASSED] - Start Test Case : SCENARIO Search by STATUS Success to Disburse: SCENARIO Search by STATUS Success to Disburse

2021-02-05 13:42:11 - [TEST_STEP][PASSED] - Go to ISTools: Go to ISTools

2021-02-05 13:42:11 - [MESSAGE][INFO] - Starting 'Chrome (headless)' driver

2021-02-05 13:42:11 - [MESSAGE][INFO] - User set preference: ['args', '[--start-maximized, --disable-gpu, --no-proxy-server, â€“-no-sandbox, --allow-running-insecure-content, --ignore-certificate-errors, window-size=1680,814, force-device-scale-factor=2, --lang=en-GB]']

2021-02-05 13:42:11 - [MESSAGE][INFO] - User set preference: ['prefs', '{download.default_directory=/Users/chaidir.pratama01/Katalon Studio/IST_Automation_Git/Download}']

2021-02-05 13:42:11 - [MESSAGE][INFO] - Action delay is set to 0 milliseconds

2021-02-05 13:42:11 - [MESSAGE][PASSED] - Browser is opened with url: ''

2021-02-05 13:42:13 - [MESSAGE][PASSED] - Navigate to 'https://dev-istools.homecredit.id/foundation/' successfully

2021-02-05 13:42:13 - [MESSAGE][PASSED] - Go to ISTools

2021-02-05 13:42:13 - [TEST_STEP][PASSED] - Login IST with valid credentials: Login IST with valid credentials

2021-02-05 13:42:13 - [MESSAGE][PASSED] - Text 'mobile.test' is set on object 'Object Repository/Page_/input_Username_j_username'

2021-02-05 13:42:13 - [MESSAGE][PASSED] - Text ****** has been set on object 'Object Repository/Page_/input_Password_j_password'

2021-02-05 13:42:15 - [MESSAGE][PASSED] - Object: 'Object Repository/Page_/button_Login' is clicked on

2021-02-05 13:42:15 - [MESSAGE][PASSED] - Login IST with valid credentials

2021-02-05 13:42:15 - [TEST_STEP][PASSED] - Login Success: Login Success

2021-02-05 13:42:15 - [MESSAGE][INFO] - Login Success

2021-02-05 13:42:15 - [MESSAGE][PASSED] - Current window maximized

2021-02-05 13:42:15 - [MESSAGE][PASSED] - Object 'Object Repository/Page_/h1_Welcome to IT Supporting Tools' is present

2021-02-05 13:42:15 - [MESSAGE][PASSED] - Login Success

2021-02-05 13:42:15 - [TEST_STEP][PASSED] - Select Arrow Menu "Real Time Disbursement": Select Arrow Menu "Real Time Disbursement"

2021-02-05 13:42:15 - [MESSAGE][PASSED] - Object: '' is clicked on

2021-02-05 13:42:15 - [MESSAGE][PASSED] - Select Arrow Menu "Real Time Disbursement"

2021-02-05 13:42:15 - [TEST_STEP][PASSED] - Select Menu "Partner Disbursement": Select Menu "Partner Disbursement"

2021-02-05 13:42:15 - [MESSAGE][PASSED] - Taking screenshot successfully
[[ATTACHMENT|/Users/chaidir.pratama01/Documents/Docs/Katalon Studio/Screenshot/test-Partner Disbursement.png]]

2021-02-05 13:42:16 - [MESSAGE][PASSED] - Object '' is present

2021-02-05 13:42:16 - [MESSAGE][PASSED] - Object: '' is clicked on

2021-02-05 13:42:16 - [MESSAGE][PASSED] - Wait for page load successfully

2021-02-05 13:42:16 - [MESSAGE][PASSED] - Select Menu "Partner Disbursement"

2021-02-05 13:42:16 - [TEST_STEP][PASSED] - Select STATUS "Success to Disburse": Select STATUS "Success to Disburse"

2021-02-05 13:42:16 - [MESSAGE][PASSED] - All options with value 'Success to Disburse' are selected in object ''  using regular expression

2021-02-05 13:42:16 - [MESSAGE][PASSED] - Select STATUS "Success to Disburse"

2021-02-05 13:42:16 - [TEST_STEP][PASSED] - Click button "Search": Click button "Search"

2021-02-05 13:42:16 - [MESSAGE][INFO] - >>>>>//Button[contains(text(),'Search')]

2021-02-05 13:42:19 - [MESSAGE][PASSED] - Object '' is present

2021-02-05 13:42:19 - [MESSAGE][PASSED] - Object: '' is clicked on

2021-02-05 13:42:19 - [MESSAGE][PASSED] - Switched to window with index: '0'

2021-02-05 13:42:19 - [MESSAGE][PASSED] - Click button "Search"

2021-02-05 13:42:19 - [TEST_STEP][PASSED] - Verify Search Result Presents: Verify Search Result Presents

2021-02-05 13:42:23 - [MESSAGE][INFO] - Unable to find the element located by 'By.xpath: //td[@style='display:none' and contains(text(),'-Empty-')]'. Please recheck the objects properties to make sure the desired element is located. 

2021-02-05 13:42:24 - [MESSAGE][WARNING] - com.kms.katalon.core.webui.exception.WebElementNotFoundException: Web element with id: '' located by '//td[@style='display:none' and contains(text(),'-Empty-')]' not found (Root cause: com.kms.katalon.core.exception.StepFailedException: com.kms.katalon.core.webui.exception.WebElementNotFoundException: Web element with id: '' located by '//td[@style='display:none' and contains(text(),'-Empty-')]' not found
	at com.kms.katalon.core.webui.keyword.internal.WebUIKeywordMain.stepFailed(WebUIKeywordMain.groovy:64)
	at com.kms.katalon.core.webui.keyword.builtin.VerifyElementPresentKeyword$_verifyElementPresent_closure1.doCall(VerifyElementPresentKeyword.groovy:85)
	at com.kms.katalon.core.webui.keyword.builtin.VerifyElementPresentKeyword$_verifyElementPresent_closure1.call(VerifyElementPresentKeyword.groovy)
	at com.kms.katalon.core.webui.keyword.internal.WebUIKeywordMain.runKeyword(WebUIKeywordMain.groovy:20)
	at com.kms.katalon.core.webui.keyword.builtin.VerifyElementPresentKeyword.verifyElementPresent(VerifyElementPresentKeyword.groovy:92)
	at com.kms.katalon.core.webui.keyword.builtin.VerifyElementPresentKeyword.execute(VerifyElementPresentKeyword.groovy:68)
	at com.kms.katalon.core.keyword.internal.KeywordExecutor.executeKeywordForPlatform(KeywordExecutor.groovy:73)
	at com.kms.katalon.core.webui.keyword.WebUiBuiltInKeywords.verifyElementPresent(WebUiBuiltInKeywords.groovy:1444)
	at com.kms.katalon.core.webui.keyword.WebUiBuiltInKeywords$verifyElementPresent$11.call(Unknown Source)
	at ist_real.Contract_Dispatcher.VerifyTblFilled(Contract_Dispatcher.groovy:1313)
	at ist_real.Contract_Dispatcher$VerifyTblFilled$0.call(Unknown Source)
	at RTD.Search_Result_Presents(RTD.groovy:189)
	at cucumber.runtime.Utils$1.call(Utils.java:26)
	at cucumber.runtime.Timeout.timeout(Timeout.java:16)
	at cucumber.runtime.Utils.invoke(Utils.java:20)
	at cucumber.runtime.java.JavaStepDefinition.execute(JavaStepDefinition.java:48)
	at cucumber.runtime.PickleStepDefinitionMatch.runStep(PickleStepDefinitionMatch.java:50)
	at cucumber.runner.TestStep.executeStep(TestStep.java:55)
	at cucumber.runner.TestStep.run(TestStep.java:42)
	at cucumber.runner.PickleStepTestStep.run(PickleStepTestStep.java:53)
	at cucumber.runner.TestCase.run(TestCase.java:47)
	at cucumber.runner.Runner.runPickle(Runner.java:44)
	at cucumber.runtime.Runtime.runFeature(Runtime.java:120)
	at cucumber.runtime.Runtime.run(Runtime.java:106)
	at cucumber.api.cli.Main.run(Main.java:35)
	at cucumber.api.cli.Main$run.call(Unknown Source)
	at com.kms.katalon.core.cucumber.keyword.CucumberBuiltinKeywords$_runFeatureFile_closure1.doCall(CucumberBuiltinKeywords.groovy:76)
	at com.kms.katalon.core.cucumber.keyword.CucumberBuiltinKeywords$_runFeatureFile_closure1.doCall(CucumberBuiltinKeywords.groovy)
	at com.kms.katalon.core.keyword.internal.KeywordMain.runKeyword(KeywordMain.groovy:68)
	at com.kms.katalon.core.keyword.internal.KeywordMain$runKeyword.call(Unknown Source)
	at com.kms.katalon.core.cucumber.keyword.CucumberBuiltinKeywords.runFeatureFile(CucumberBuiltinKeywords.groovy:46)
	at com.kms.katalon.core.cucumber.keyword.CucumberBuiltinKeywords$runFeatureFile$0.callStatic(Unknown Source)
	at com.kms.katalon.core.cucumber.keyword.CucumberBuiltinKeywords.runFeatureFile(CucumberBuiltinKeywords.groovy:169)
	at com.kms.katalon.core.cucumber.keyword.CucumberBuiltinKeywords$runFeatureFile.call(Unknown Source)
	at TC_Search_by_STATUS.run(TC_Search_by_STATUS:18)
	at com.kms.katalon.core.main.ScriptEngine.run(ScriptEngine.java:194)
	at com.kms.katalon.core.main.ScriptEngine.runScriptAsRawText(ScriptEngine.java:119)
	at com.kms.katalon.core.main.TestCaseExecutor.runScript(TestCaseExecutor.java:339)
	at com.kms.katalon.core.main.TestCaseExecutor.doExecute(TestCaseExecutor.java:330)
	at com.kms.katalon.core.main.TestCaseExecutor.processExecutionPhase(TestCaseExecutor.java:309)
	at com.kms.katalon.core.main.TestCaseExecutor.accessMainPhase(TestCaseExecutor.java:301)
	at com.kms.katalon.core.main.TestCaseExecutor.execute(TestCaseExecutor.java:235)
	at com.kms.katalon.core.main.TestSuiteExecutor.accessTestCaseMainPhase(TestSuiteExecutor.java:191)
	at com.kms.katalon.core.main.TestSuiteExecutor.accessTestSuiteMainPhase(TestSuiteExecutor.java:141)
	at com.kms.katalon.core.main.TestSuiteExecutor.execute(TestSuiteExecutor.java:90)
	at com.kms.katalon.core.main.TestCaseMain.startTestSuite(TestCaseMain.java:157)
	at com.kms.katalon.core.main.TestCaseMain$startTestSuite$0.call(Unknown Source)
	at TempTestSuite1612505441004.run(TempTestSuite1612505441004.groovy:39)
)
[[ATTACHMENT|/Users/chaidir.pratama01/Katalon Studio/IST_Automation_Git/Reports/20210205_131034/RTD/TS_Partner_Disbursement/20210205_131041/1612507343668.png]]

2021-02-05 13:42:24 - [MESSAGE][PASSED] - Verify Search Result Presents

2021-02-05 13:42:24 - [TEST_STEP][PASSED] - Click button "Logout": Click button "Logout"

2021-02-05 13:42:24 - [MESSAGE][INFO] - >>>>>//Button[contains(text(),'Logout')]

2021-02-05 13:42:27 - [MESSAGE][PASSED] - Object '' is present

2021-02-05 13:42:27 - [MESSAGE][PASSED] - Object: '' is clicked on

2021-02-05 13:42:27 - [MESSAGE][PASSED] - Switched to window with index: '0'

2021-02-05 13:42:27 - [MESSAGE][PASSED] - Click button "Logout"

2021-02-05 13:42:27 - [TEST_STEP][PASSED] - Close browser: Close browser

2021-02-05 13:42:27 - [MESSAGE][PASSED] - Browser is closed

2021-02-05 13:42:27 - [MESSAGE][PASSED] - Close browser

2021-02-05 13:42:27 - [TEST_CASE][PASSED] - Start Test Case : SCENARIO Search by STATUS Hold Payment Recreation: SCENARIO Search by STATUS Hold Payment Recreation

2021-02-05 13:42:27 - [TEST_STEP][PASSED] - Go to ISTools: Go to ISTools

2021-02-05 13:42:27 - [MESSAGE][INFO] - Starting 'Chrome (headless)' driver

2021-02-05 13:42:27 - [MESSAGE][INFO] - User set preference: ['args', '[--start-maximized, --disable-gpu, --no-proxy-server, â€“-no-sandbox, --allow-running-insecure-content, --ignore-certificate-errors, window-size=1680,814, force-device-scale-factor=2, --lang=en-GB]']

2021-02-05 13:42:27 - [MESSAGE][INFO] - User set preference: ['prefs', '{download.default_directory=/Users/chaidir.pratama01/Katalon Studio/IST_Automation_Git/Download}']

2021-02-05 13:42:27 - [MESSAGE][INFO] - Action delay is set to 0 milliseconds

2021-02-05 13:42:28 - [MESSAGE][PASSED] - Browser is opened with url: ''

2021-02-05 13:42:30 - [MESSAGE][PASSED] - Navigate to 'https://dev-istools.homecredit.id/foundation/' successfully

2021-02-05 13:42:30 - [MESSAGE][PASSED] - Go to ISTools

2021-02-05 13:42:30 - [TEST_STEP][PASSED] - Login IST with valid credentials: Login IST with valid credentials

2021-02-05 13:42:30 - [MESSAGE][PASSED] - Text 'mobile.test' is set on object 'Object Repository/Page_/input_Username_j_username'

2021-02-05 13:42:30 - [MESSAGE][PASSED] - Text ****** has been set on object 'Object Repository/Page_/input_Password_j_password'

2021-02-05 13:42:31 - [MESSAGE][PASSED] - Object: 'Object Repository/Page_/button_Login' is clicked on

2021-02-05 13:42:31 - [MESSAGE][PASSED] - Login IST with valid credentials

2021-02-05 13:42:31 - [TEST_STEP][PASSED] - Login Success: Login Success

2021-02-05 13:42:31 - [MESSAGE][INFO] - Login Success

2021-02-05 13:42:31 - [MESSAGE][PASSED] - Current window maximized

2021-02-05 13:42:31 - [MESSAGE][PASSED] - Object 'Object Repository/Page_/h1_Welcome to IT Supporting Tools' is present

2021-02-05 13:42:31 - [MESSAGE][PASSED] - Login Success

2021-02-05 13:42:31 - [TEST_STEP][PASSED] - Select Arrow Menu "Real Time Disbursement": Select Arrow Menu "Real Time Disbursement"

2021-02-05 13:42:31 - [MESSAGE][PASSED] - Object: '' is clicked on

2021-02-05 13:42:31 - [MESSAGE][PASSED] - Select Arrow Menu "Real Time Disbursement"

2021-02-05 13:42:31 - [TEST_STEP][PASSED] - Select Menu "Partner Disbursement": Select Menu "Partner Disbursement"

2021-02-05 13:42:32 - [MESSAGE][PASSED] - Taking screenshot successfully
[[ATTACHMENT|/Users/chaidir.pratama01/Documents/Docs/Katalon Studio/Screenshot/test-Partner Disbursement.png]]

2021-02-05 13:42:32 - [MESSAGE][PASSED] - Object '' is present

2021-02-05 13:42:32 - [MESSAGE][PASSED] - Object: '' is clicked on

2021-02-05 13:42:32 - [MESSAGE][PASSED] - Wait for page load successfully

2021-02-05 13:42:32 - [MESSAGE][PASSED] - Select Menu "Partner Disbursement"

2021-02-05 13:42:32 - [TEST_STEP][PASSED] - Select STATUS "Hold Payment Recreation": Select STATUS "Hold Payment Recreation"

2021-02-05 13:42:32 - [MESSAGE][PASSED] - All options with value 'Hold Payment Recreation' are selected in object ''  using regular expression

2021-02-05 13:42:32 - [MESSAGE][PASSED] - Select STATUS "Hold Payment Recreation"

2021-02-05 13:42:32 - [TEST_STEP][PASSED] - Click button "Search": Click button "Search"

2021-02-05 13:42:32 - [MESSAGE][INFO] - >>>>>//Button[contains(text(),'Search')]

2021-02-05 13:42:35 - [MESSAGE][PASSED] - Object '' is present

2021-02-05 13:42:35 - [MESSAGE][PASSED] - Object: '' is clicked on

2021-02-05 13:42:35 - [MESSAGE][PASSED] - Switched to window with index: '0'

2021-02-05 13:42:35 - [MESSAGE][PASSED] - Click button "Search"

2021-02-05 13:42:35 - [TEST_STEP][PASSED] - Verify Search Result Presents: Verify Search Result Presents

2021-02-05 13:42:36 - [MESSAGE][PASSED] - Object '' is present

2021-02-05 13:42:44 - [MESSAGE][PASSED] - Verify Search Result Presents

2021-02-05 13:42:44 - [TEST_STEP][PASSED] - Click button "Logout": Click button "Logout"

2021-02-05 13:42:44 - [MESSAGE][INFO] - >>>>>//Button[contains(text(),'Logout')]

2021-02-05 13:42:47 - [MESSAGE][PASSED] - Object '' is present

2021-02-05 13:42:47 - [MESSAGE][PASSED] - Object: '' is clicked on

2021-02-05 13:42:47 - [MESSAGE][PASSED] - Switched to window with index: '0'

2021-02-05 13:42:47 - [MESSAGE][PASSED] - Click button "Logout"

2021-02-05 13:42:47 - [TEST_STEP][PASSED] - Close browser: Close browser

2021-02-05 13:42:47 - [MESSAGE][PASSED] - Browser is closed

2021-02-05 13:42:47 - [MESSAGE][PASSED] - Close browser

2021-02-05 13:42:47 - [TEST_CASE][PASSED] - Start Test Case : SCENARIO Search by STATUS Waiting Confirmation From SBO: SCENARIO Search by STATUS Waiting Confirmation From SBO

2021-02-05 13:42:47 - [TEST_STEP][PASSED] - Go to ISTools: Go to ISTools

2021-02-05 13:42:47 - [MESSAGE][INFO] - Starting 'Chrome (headless)' driver

2021-02-05 13:42:47 - [MESSAGE][INFO] - User set preference: ['args', '[--start-maximized, --disable-gpu, --no-proxy-server, â€“-no-sandbox, --allow-running-insecure-content, --ignore-certificate-errors, window-size=1680,814, force-device-scale-factor=2, --lang=en-GB]']

2021-02-05 13:42:47 - [MESSAGE][INFO] - User set preference: ['prefs', '{download.default_directory=/Users/chaidir.pratama01/Katalon Studio/IST_Automation_Git/Download}']

2021-02-05 13:42:47 - [MESSAGE][INFO] - Action delay is set to 0 milliseconds

2021-02-05 13:42:47 - [MESSAGE][PASSED] - Browser is opened with url: ''

2021-02-05 13:42:51 - [MESSAGE][PASSED] - Navigate to 'https://dev-istools.homecredit.id/foundation/' successfully

2021-02-05 13:42:51 - [MESSAGE][PASSED] - Go to ISTools

2021-02-05 13:42:51 - [TEST_STEP][PASSED] - Login IST with valid credentials: Login IST with valid credentials

2021-02-05 13:42:51 - [MESSAGE][PASSED] - Text 'mobile.test' is set on object 'Object Repository/Page_/input_Username_j_username'

2021-02-05 13:42:51 - [MESSAGE][PASSED] - Text ****** has been set on object 'Object Repository/Page_/input_Password_j_password'

2021-02-05 13:42:52 - [MESSAGE][PASSED] - Object: 'Object Repository/Page_/button_Login' is clicked on

2021-02-05 13:42:52 - [MESSAGE][PASSED] - Login IST with valid credentials

2021-02-05 13:42:52 - [TEST_STEP][PASSED] - Login Success: Login Success

2021-02-05 13:42:52 - [MESSAGE][INFO] - Login Success

2021-02-05 13:42:52 - [MESSAGE][PASSED] - Current window maximized

2021-02-05 13:42:52 - [MESSAGE][PASSED] - Object 'Object Repository/Page_/h1_Welcome to IT Supporting Tools' is present

2021-02-05 13:42:52 - [MESSAGE][PASSED] - Login Success

2021-02-05 13:42:52 - [TEST_STEP][PASSED] - Select Arrow Menu "Real Time Disbursement": Select Arrow Menu "Real Time Disbursement"

2021-02-05 13:42:52 - [MESSAGE][PASSED] - Object: '' is clicked on

2021-02-05 13:42:52 - [MESSAGE][PASSED] - Select Arrow Menu "Real Time Disbursement"

2021-02-05 13:42:52 - [TEST_STEP][PASSED] - Select Menu "Partner Disbursement": Select Menu "Partner Disbursement"

2021-02-05 13:42:53 - [MESSAGE][PASSED] - Taking screenshot successfully
[[ATTACHMENT|/Users/chaidir.pratama01/Documents/Docs/Katalon Studio/Screenshot/test-Partner Disbursement.png]]

2021-02-05 13:42:53 - [MESSAGE][PASSED] - Object '' is present

2021-02-05 13:42:53 - [MESSAGE][PASSED] - Object: '' is clicked on

2021-02-05 13:42:53 - [MESSAGE][PASSED] - Wait for page load successfully

2021-02-05 13:42:53 - [MESSAGE][PASSED] - Select Menu "Partner Disbursement"

2021-02-05 13:42:53 - [TEST_STEP][PASSED] - Select STATUS "Waiting Confirmation From SBO": Select STATUS "Waiting Confirmation From SBO"

2021-02-05 13:42:54 - [MESSAGE][PASSED] - All options with value 'Waiting Confirmation From SBO' are selected in object ''  using regular expression

2021-02-05 13:42:54 - [MESSAGE][PASSED] - Select STATUS "Waiting Confirmation From SBO"

2021-02-05 13:42:54 - [TEST_STEP][PASSED] - Click button "Search": Click button "Search"

2021-02-05 13:42:54 - [MESSAGE][INFO] - >>>>>//Button[contains(text(),'Search')]

2021-02-05 13:42:57 - [MESSAGE][PASSED] - Object '' is present

2021-02-05 13:42:57 - [MESSAGE][PASSED] - Object: '' is clicked on

2021-02-05 13:42:57 - [MESSAGE][PASSED] - Switched to window with index: '0'

2021-02-05 13:42:57 - [MESSAGE][PASSED] - Click button "Search"

2021-02-05 13:42:57 - [TEST_STEP][PASSED] - Verify Search Result Presents: Verify Search Result Presents

2021-02-05 13:42:57 - [MESSAGE][PASSED] - Object '' is present

2021-02-05 13:43:00 - [MESSAGE][PASSED] - Verify Search Result Presents

2021-02-05 13:43:00 - [TEST_STEP][PASSED] - Click button "Logout": Click button "Logout"

2021-02-05 13:43:00 - [MESSAGE][INFO] - >>>>>//Button[contains(text(),'Logout')]

2021-02-05 13:43:03 - [MESSAGE][PASSED] - Object '' is present

2021-02-05 13:43:03 - [MESSAGE][PASSED] - Object: '' is clicked on

2021-02-05 13:43:03 - [MESSAGE][PASSED] - Switched to window with index: '0'

2021-02-05 13:43:03 - [MESSAGE][PASSED] - Click button "Logout"

2021-02-05 13:43:03 - [TEST_STEP][PASSED] - Close browser: Close browser

2021-02-05 13:43:03 - [MESSAGE][PASSED] - Browser is closed

2021-02-05 13:43:03 - [MESSAGE][PASSED] - Close browser

2021-02-05 13:43:03 - [TEST_CASE][PASSED] - Start Test Case : SCENARIO Search by STATUS Hold Payment Insufficient Fund: SCENARIO Search by STATUS Hold Payment Insufficient Fund

2021-02-05 13:43:03 - [TEST_STEP][PASSED] - Go to ISTools: Go to ISTools

2021-02-05 13:43:03 - [MESSAGE][INFO] - Starting 'Chrome (headless)' driver

2021-02-05 13:43:03 - [MESSAGE][INFO] - User set preference: ['args', '[--start-maximized, --disable-gpu, --no-proxy-server, â€“-no-sandbox, --allow-running-insecure-content, --ignore-certificate-errors, window-size=1680,814, force-device-scale-factor=2, --lang=en-GB]']

2021-02-05 13:43:03 - [MESSAGE][INFO] - User set preference: ['prefs', '{download.default_directory=/Users/chaidir.pratama01/Katalon Studio/IST_Automation_Git/Download}']

2021-02-05 13:43:03 - [MESSAGE][INFO] - Action delay is set to 0 milliseconds

2021-02-05 13:43:04 - [MESSAGE][PASSED] - Browser is opened with url: ''

2021-02-05 13:43:06 - [MESSAGE][PASSED] - Navigate to 'https://dev-istools.homecredit.id/foundation/' successfully

2021-02-05 13:43:06 - [MESSAGE][PASSED] - Go to ISTools

2021-02-05 13:43:06 - [TEST_STEP][PASSED] - Login IST with valid credentials: Login IST with valid credentials

2021-02-05 13:43:06 - [MESSAGE][PASSED] - Text 'mobile.test' is set on object 'Object Repository/Page_/input_Username_j_username'

2021-02-05 13:43:06 - [MESSAGE][PASSED] - Text ****** has been set on object 'Object Repository/Page_/input_Password_j_password'

2021-02-05 13:43:08 - [MESSAGE][PASSED] - Object: 'Object Repository/Page_/button_Login' is clicked on

2021-02-05 13:43:08 - [MESSAGE][PASSED] - Login IST with valid credentials

2021-02-05 13:43:08 - [TEST_STEP][PASSED] - Login Success: Login Success

2021-02-05 13:43:08 - [MESSAGE][INFO] - Login Success

2021-02-05 13:43:08 - [MESSAGE][PASSED] - Current window maximized

2021-02-05 13:43:09 - [MESSAGE][PASSED] - Object 'Object Repository/Page_/h1_Welcome to IT Supporting Tools' is present

2021-02-05 13:43:09 - [MESSAGE][PASSED] - Login Success

2021-02-05 13:43:09 - [TEST_STEP][PASSED] - Select Arrow Menu "Real Time Disbursement": Select Arrow Menu "Real Time Disbursement"

2021-02-05 13:43:09 - [MESSAGE][PASSED] - Object: '' is clicked on

2021-02-05 13:43:09 - [MESSAGE][PASSED] - Select Arrow Menu "Real Time Disbursement"

2021-02-05 13:43:09 - [TEST_STEP][PASSED] - Select Menu "Partner Disbursement": Select Menu "Partner Disbursement"

2021-02-05 13:43:09 - [MESSAGE][PASSED] - Taking screenshot successfully
[[ATTACHMENT|/Users/chaidir.pratama01/Documents/Docs/Katalon Studio/Screenshot/test-Partner Disbursement.png]]

2021-02-05 13:43:09 - [MESSAGE][PASSED] - Object '' is present

2021-02-05 13:43:09 - [MESSAGE][PASSED] - Object: '' is clicked on

2021-02-05 13:43:09 - [MESSAGE][PASSED] - Wait for page load successfully

2021-02-05 13:43:09 - [MESSAGE][PASSED] - Select Menu "Partner Disbursement"

2021-02-05 13:43:09 - [TEST_STEP][PASSED] - Select STATUS "Hold Payment Insufficient Fund": Select STATUS "Hold Payment Insufficient Fund"

2021-02-05 13:43:10 - [MESSAGE][PASSED] - All options with value 'Hold Payment Insufficient Fund' are selected in object ''  using regular expression

2021-02-05 13:43:10 - [MESSAGE][PASSED] - Select STATUS "Hold Payment Insufficient Fund"

2021-02-05 13:43:10 - [TEST_STEP][PASSED] - Click button "Search": Click button "Search"

2021-02-05 13:43:10 - [MESSAGE][INFO] - >>>>>//Button[contains(text(),'Search')]

2021-02-05 13:43:13 - [MESSAGE][PASSED] - Object '' is present

2021-02-05 13:43:13 - [MESSAGE][PASSED] - Object: '' is clicked on

2021-02-05 13:43:13 - [MESSAGE][PASSED] - Switched to window with index: '0'

2021-02-05 13:43:13 - [MESSAGE][PASSED] - Click button "Search"

2021-02-05 13:43:13 - [TEST_STEP][PASSED] - Verify Search Result Presents: Verify Search Result Presents

2021-02-05 13:43:17 - [MESSAGE][INFO] - Unable to find the element located by 'By.xpath: //td[@style='display:none' and contains(text(),'-Empty-')]'. Please recheck the objects properties to make sure the desired element is located. 

2021-02-05 13:43:17 - [MESSAGE][WARNING] - com.kms.katalon.core.webui.exception.WebElementNotFoundException: Web element with id: '' located by '//td[@style='display:none' and contains(text(),'-Empty-')]' not found (Root cause: com.kms.katalon.core.exception.StepFailedException: com.kms.katalon.core.webui.exception.WebElementNotFoundException: Web element with id: '' located by '//td[@style='display:none' and contains(text(),'-Empty-')]' not found
	at com.kms.katalon.core.webui.keyword.internal.WebUIKeywordMain.stepFailed(WebUIKeywordMain.groovy:64)
	at com.kms.katalon.core.webui.keyword.builtin.VerifyElementPresentKeyword$_verifyElementPresent_closure1.doCall(VerifyElementPresentKeyword.groovy:85)
	at com.kms.katalon.core.webui.keyword.builtin.VerifyElementPresentKeyword$_verifyElementPresent_closure1.call(VerifyElementPresentKeyword.groovy)
	at com.kms.katalon.core.webui.keyword.internal.WebUIKeywordMain.runKeyword(WebUIKeywordMain.groovy:20)
	at com.kms.katalon.core.webui.keyword.builtin.VerifyElementPresentKeyword.verifyElementPresent(VerifyElementPresentKeyword.groovy:92)
	at com.kms.katalon.core.webui.keyword.builtin.VerifyElementPresentKeyword.execute(VerifyElementPresentKeyword.groovy:68)
	at com.kms.katalon.core.keyword.internal.KeywordExecutor.executeKeywordForPlatform(KeywordExecutor.groovy:73)
	at com.kms.katalon.core.webui.keyword.WebUiBuiltInKeywords.verifyElementPresent(WebUiBuiltInKeywords.groovy:1444)
	at com.kms.katalon.core.webui.keyword.WebUiBuiltInKeywords$verifyElementPresent$11.call(Unknown Source)
	at ist_real.Contract_Dispatcher.VerifyTblFilled(Contract_Dispatcher.groovy:1313)
	at ist_real.Contract_Dispatcher$VerifyTblFilled$0.call(Unknown Source)
	at RTD.Search_Result_Presents(RTD.groovy:189)
	at cucumber.runtime.Utils$1.call(Utils.java:26)
	at cucumber.runtime.Timeout.timeout(Timeout.java:16)
	at cucumber.runtime.Utils.invoke(Utils.java:20)
	at cucumber.runtime.java.JavaStepDefinition.execute(JavaStepDefinition.java:48)
	at cucumber.runtime.PickleStepDefinitionMatch.runStep(PickleStepDefinitionMatch.java:50)
	at cucumber.runner.TestStep.executeStep(TestStep.java:55)
	at cucumber.runner.TestStep.run(TestStep.java:42)
	at cucumber.runner.PickleStepTestStep.run(PickleStepTestStep.java:53)
	at cucumber.runner.TestCase.run(TestCase.java:47)
	at cucumber.runner.Runner.runPickle(Runner.java:44)
	at cucumber.runtime.Runtime.runFeature(Runtime.java:120)
	at cucumber.runtime.Runtime.run(Runtime.java:106)
	at cucumber.api.cli.Main.run(Main.java:35)
	at cucumber.api.cli.Main$run.call(Unknown Source)
	at com.kms.katalon.core.cucumber.keyword.CucumberBuiltinKeywords$_runFeatureFile_closure1.doCall(CucumberBuiltinKeywords.groovy:76)
	at com.kms.katalon.core.cucumber.keyword.CucumberBuiltinKeywords$_runFeatureFile_closure1.doCall(CucumberBuiltinKeywords.groovy)
	at com.kms.katalon.core.keyword.internal.KeywordMain.runKeyword(KeywordMain.groovy:68)
	at com.kms.katalon.core.keyword.internal.KeywordMain$runKeyword.call(Unknown Source)
	at com.kms.katalon.core.cucumber.keyword.CucumberBuiltinKeywords.runFeatureFile(CucumberBuiltinKeywords.groovy:46)
	at com.kms.katalon.core.cucumber.keyword.CucumberBuiltinKeywords$runFeatureFile$0.callStatic(Unknown Source)
	at com.kms.katalon.core.cucumber.keyword.CucumberBuiltinKeywords.runFeatureFile(CucumberBuiltinKeywords.groovy:169)
	at com.kms.katalon.core.cucumber.keyword.CucumberBuiltinKeywords$runFeatureFile.call(Unknown Source)
	at TC_Search_by_STATUS.run(TC_Search_by_STATUS:18)
	at com.kms.katalon.core.main.ScriptEngine.run(ScriptEngine.java:194)
	at com.kms.katalon.core.main.ScriptEngine.runScriptAsRawText(ScriptEngine.java:119)
	at com.kms.katalon.core.main.TestCaseExecutor.runScript(TestCaseExecutor.java:339)
	at com.kms.katalon.core.main.TestCaseExecutor.doExecute(TestCaseExecutor.java:330)
	at com.kms.katalon.core.main.TestCaseExecutor.processExecutionPhase(TestCaseExecutor.java:309)
	at com.kms.katalon.core.main.TestCaseExecutor.accessMainPhase(TestCaseExecutor.java:301)
	at com.kms.katalon.core.main.TestCaseExecutor.execute(TestCaseExecutor.java:235)
	at com.kms.katalon.core.main.TestSuiteExecutor.accessTestCaseMainPhase(TestSuiteExecutor.java:191)
	at com.kms.katalon.core.main.TestSuiteExecutor.accessTestSuiteMainPhase(TestSuiteExecutor.java:141)
	at com.kms.katalon.core.main.TestSuiteExecutor.execute(TestSuiteExecutor.java:90)
	at com.kms.katalon.core.main.TestCaseMain.startTestSuite(TestCaseMain.java:157)
	at com.kms.katalon.core.main.TestCaseMain$startTestSuite$0.call(Unknown Source)
	at TempTestSuite1612505441004.run(TempTestSuite1612505441004.groovy:39)
)
[[ATTACHMENT|/Users/chaidir.pratama01/Katalon Studio/IST_Automation_Git/Reports/20210205_131034/RTD/TS_Partner_Disbursement/20210205_131041/1612507397359.png]]

2021-02-05 13:43:18 - [MESSAGE][PASSED] - Verify Search Result Presents

2021-02-05 13:43:18 - [TEST_STEP][PASSED] - Click button "Logout": Click button "Logout"

2021-02-05 13:43:18 - [MESSAGE][INFO] - >>>>>//Button[contains(text(),'Logout')]

2021-02-05 13:43:21 - [MESSAGE][PASSED] - Object '' is present

2021-02-05 13:43:21 - [MESSAGE][PASSED] - Object: '' is clicked on

2021-02-05 13:43:21 - [MESSAGE][PASSED] - Switched to window with index: '0'

2021-02-05 13:43:21 - [MESSAGE][PASSED] - Click button "Logout"

2021-02-05 13:43:21 - [TEST_STEP][PASSED] - Close browser: Close browser

2021-02-05 13:43:21 - [MESSAGE][PASSED] - Browser is closed

2021-02-05 13:43:21 - [MESSAGE][PASSED] - Close browser

2021-02-05 13:43:21 - [MESSAGE][PASSED] - Feature file: 'Include/features/IST_Real/RTD/Partner_Disbursement/Search_by_STATUS.feature' was passed]]></system-out>
         <system-err><![CDATA[]]></system-err>
      </testcase>
      <testcase name="Test Cases/RTD/Partner Disbursement/TC_Export_Data" time="11.594" classname="Test Cases/RTD/Partner Disbursement/TC_Export_Data" status="PASSED">
         <system-out><![CDATA[2021-02-05 13:43:21 - [TEST_CASE][PASSED] - Test Cases/RTD/Partner Disbursement/TC_Export_Data: Test Cases/RTD/Partner Disbursement/TC_Export_Data

2021-02-05 13:43:21 - [TEST_STEP][PASSED] - runFeatureFile("Include/features/IST_Real/RTD/Partner_Disbursement/Export_Data.feature"): Feature file: 'Include/features/IST_Real/RTD/Partner_Disbursement/Export_Data.feature' was passed

2021-02-05 13:43:21 - [MESSAGE][INFO] - Starting run keyword runFeatureFile: 'Include/features/IST_Real/RTD/Partner_Disbursement/Export_Data.feature' and extract report to folder: '/Users/chaidir.pratama01/Katalon Studio/IST_Automation_Git/Reports/20210205_131034/RTD/TS_Partner_Disbursement/20210205_131041/cucumber_report/1612507401876'...

2021-02-05 13:43:22 - [TEST_CASE][PASSED] - Start Test Case : SCENARIO Export Data: SCENARIO Export Data

2021-02-05 13:43:22 - [TEST_STEP][PASSED] - Go to ISTools: Go to ISTools

2021-02-05 13:43:22 - [MESSAGE][INFO] - Starting 'Chrome (headless)' driver

2021-02-05 13:43:22 - [MESSAGE][INFO] - User set preference: ['args', '[--start-maximized, --disable-gpu, --no-proxy-server, â€“-no-sandbox, --allow-running-insecure-content, --ignore-certificate-errors, window-size=1680,814, force-device-scale-factor=2, --lang=en-GB]']

2021-02-05 13:43:22 - [MESSAGE][INFO] - User set preference: ['prefs', '{download.default_directory=/Users/chaidir.pratama01/Katalon Studio/IST_Automation_Git/Download}']

2021-02-05 13:43:22 - [MESSAGE][INFO] - Action delay is set to 0 milliseconds

2021-02-05 13:43:22 - [MESSAGE][PASSED] - Browser is opened with url: ''

2021-02-05 13:43:24 - [MESSAGE][PASSED] - Navigate to 'https://dev-istools.homecredit.id/foundation/' successfully

2021-02-05 13:43:24 - [MESSAGE][PASSED] - Go to ISTools

2021-02-05 13:43:24 - [TEST_STEP][PASSED] - Login IST with valid credentials: Login IST with valid credentials

2021-02-05 13:43:24 - [MESSAGE][PASSED] - Text 'mobile.test' is set on object 'Object Repository/Page_/input_Username_j_username'

2021-02-05 13:43:24 - [MESSAGE][PASSED] - Text ****** has been set on object 'Object Repository/Page_/input_Password_j_password'

2021-02-05 13:43:25 - [MESSAGE][PASSED] - Object: 'Object Repository/Page_/button_Login' is clicked on

2021-02-05 13:43:25 - [MESSAGE][PASSED] - Login IST with valid credentials

2021-02-05 13:43:25 - [TEST_STEP][PASSED] - Login Success: Login Success

2021-02-05 13:43:25 - [MESSAGE][INFO] - Login Success

2021-02-05 13:43:25 - [MESSAGE][PASSED] - Current window maximized

2021-02-05 13:43:25 - [MESSAGE][PASSED] - Object 'Object Repository/Page_/h1_Welcome to IT Supporting Tools' is present

2021-02-05 13:43:25 - [MESSAGE][PASSED] - Login Success

2021-02-05 13:43:25 - [TEST_STEP][PASSED] - Select Arrow Menu "Real Time Disbursement": Select Arrow Menu "Real Time Disbursement"

2021-02-05 13:43:25 - [MESSAGE][PASSED] - Object: '' is clicked on

2021-02-05 13:43:25 - [MESSAGE][PASSED] - Select Arrow Menu "Real Time Disbursement"

2021-02-05 13:43:25 - [TEST_STEP][PASSED] - Select Menu "Partner Disbursement": Select Menu "Partner Disbursement"

2021-02-05 13:43:26 - [MESSAGE][PASSED] - Taking screenshot successfully
[[ATTACHMENT|/Users/chaidir.pratama01/Documents/Docs/Katalon Studio/Screenshot/test-Partner Disbursement.png]]

2021-02-05 13:43:26 - [MESSAGE][PASSED] - Object '' is present

2021-02-05 13:43:26 - [MESSAGE][PASSED] - Object: '' is clicked on

2021-02-05 13:43:26 - [MESSAGE][PASSED] - Wait for page load successfully

2021-02-05 13:43:26 - [MESSAGE][PASSED] - Select Menu "Partner Disbursement"

2021-02-05 13:43:26 - [TEST_STEP][PASSED] - Input Contract RTD in Contract Number label: Input Contract RTD in Contract Number label

2021-02-05 13:43:26 - [MESSAGE][PASSED] - Text '4000014162' is set on object ''

2021-02-05 13:43:26 - [MESSAGE][PASSED] - Input Contract RTD in Contract Number label

2021-02-05 13:43:26 - [TEST_STEP][PASSED] - Click button "Search": Click button "Search"

2021-02-05 13:43:26 - [MESSAGE][INFO] - >>>>>//Button[contains(text(),'Search')]

2021-02-05 13:43:29 - [MESSAGE][PASSED] - Object '' is present

2021-02-05 13:43:29 - [MESSAGE][PASSED] - Object: '' is clicked on

2021-02-05 13:43:29 - [MESSAGE][PASSED] - Switched to window with index: '0'

2021-02-05 13:43:29 - [MESSAGE][PASSED] - Click button "Search"

2021-02-05 13:43:29 - [TEST_STEP][PASSED] - Verify Table Filled: Verify Table Filled

2021-02-05 13:43:29 - [MESSAGE][PASSED] - Object '' is present

2021-02-05 13:43:29 - [MESSAGE][PASSED] - Verify Table Filled

2021-02-05 13:43:29 - [TEST_STEP][PASSED] - Click button "Export Data": Click button "Export Data"

2021-02-05 13:43:29 - [MESSAGE][INFO] - >>>>>//Button[contains(text(),'Export Data')]

2021-02-05 13:43:32 - [MESSAGE][PASSED] - Object: '' is clicked on

2021-02-05 13:43:33 - [MESSAGE][PASSED] - Taking screenshot successfully
[[ATTACHMENT|/Users/chaidir.pratama01/Documents/Docs/Katalon Studio/Screenshot/Download_data.png]]

2021-02-05 13:43:33 - [MESSAGE][PASSED] - Click button "Export Data"

2021-02-05 13:43:33 - [MESSAGE][PASSED] - Feature file: 'Include/features/IST_Real/RTD/Partner_Disbursement/Export_Data.feature' was passed]]></system-out>
         <system-err><![CDATA[]]></system-err>
      </testcase>
      <testcase name="Test Cases/RTD/Partner Disbursement/TC_Search_by_OrderID" time="10.299" classname="Test Cases/RTD/Partner Disbursement/TC_Search_by_OrderID" status="PASSED">
         <system-out><![CDATA[2021-02-05 13:43:33 - [TEST_CASE][PASSED] - Test Cases/RTD/Partner Disbursement/TC_Search_by_OrderID: Test Cases/RTD/Partner Disbursement/TC_Search_by_OrderID

2021-02-05 13:43:33 - [TEST_STEP][PASSED] - runFeatureFile("Include/features/IST_Real/RTD/Partner_Disbursement/Search_by_OrderID.feature"): Feature file: 'Include/features/IST_Real/RTD/Partner_Disbursement/Search_by_OrderID.feature' was passed

2021-02-05 13:43:33 - [MESSAGE][INFO] - Starting run keyword runFeatureFile: 'Include/features/IST_Real/RTD/Partner_Disbursement/Search_by_OrderID.feature' and extract report to folder: '/Users/chaidir.pratama01/Katalon Studio/IST_Automation_Git/Reports/20210205_131034/RTD/TS_Partner_Disbursement/20210205_131041/cucumber_report/1612507413464'...

2021-02-05 13:43:33 - [TEST_CASE][PASSED] - Start Test Case : SCENARIO Search by Contract Number and it found on Dashboard: SCENARIO Search by Contract Number and it found on Dashboard

2021-02-05 13:43:33 - [TEST_STEP][PASSED] - Go to ISTools: Go to ISTools

2021-02-05 13:43:33 - [MESSAGE][WARNING] - A browser is already opened. Closing browser and opening a new one

2021-02-05 13:43:33 - [MESSAGE][INFO] - Starting 'Chrome (headless)' driver

2021-02-05 13:43:33 - [MESSAGE][INFO] - User set preference: ['args', '[--start-maximized, --disable-gpu, --no-proxy-server, â€“-no-sandbox, --allow-running-insecure-content, --ignore-certificate-errors, window-size=1680,814, force-device-scale-factor=2, --lang=en-GB]']

2021-02-05 13:43:33 - [MESSAGE][INFO] - User set preference: ['prefs', '{download.default_directory=/Users/chaidir.pratama01/Katalon Studio/IST_Automation_Git/Download}']

2021-02-05 13:43:33 - [MESSAGE][INFO] - Action delay is set to 0 milliseconds

2021-02-05 13:43:33 - [MESSAGE][PASSED] - Browser is opened with url: ''

2021-02-05 13:43:36 - [MESSAGE][PASSED] - Navigate to 'https://dev-istools.homecredit.id/foundation/' successfully

2021-02-05 13:43:36 - [MESSAGE][PASSED] - Go to ISTools

2021-02-05 13:43:36 - [TEST_STEP][PASSED] - Login IST with valid credentials: Login IST with valid credentials

2021-02-05 13:43:36 - [MESSAGE][PASSED] - Text 'mobile.test' is set on object 'Object Repository/Page_/input_Username_j_username'

2021-02-05 13:43:37 - [MESSAGE][PASSED] - Text ****** has been set on object 'Object Repository/Page_/input_Password_j_password'

2021-02-05 13:43:38 - [MESSAGE][PASSED] - Object: 'Object Repository/Page_/button_Login' is clicked on

2021-02-05 13:43:38 - [MESSAGE][PASSED] - Login IST with valid credentials

2021-02-05 13:43:38 - [TEST_STEP][PASSED] - Login Success: Login Success

2021-02-05 13:43:38 - [MESSAGE][INFO] - Login Success

2021-02-05 13:43:38 - [MESSAGE][PASSED] - Current window maximized

2021-02-05 13:43:38 - [MESSAGE][PASSED] - Object 'Object Repository/Page_/h1_Welcome to IT Supporting Tools' is present

2021-02-05 13:43:38 - [MESSAGE][PASSED] - Login Success

2021-02-05 13:43:38 - [TEST_STEP][PASSED] - Select Arrow Menu "Real Time Disbursement": Select Arrow Menu "Real Time Disbursement"

2021-02-05 13:43:38 - [MESSAGE][PASSED] - Object: '' is clicked on

2021-02-05 13:43:38 - [MESSAGE][PASSED] - Select Arrow Menu "Real Time Disbursement"

2021-02-05 13:43:38 - [TEST_STEP][PASSED] - Select Menu "Partner Disbursement": Select Menu "Partner Disbursement"

2021-02-05 13:43:39 - [MESSAGE][PASSED] - Taking screenshot successfully
[[ATTACHMENT|/Users/chaidir.pratama01/Documents/Docs/Katalon Studio/Screenshot/test-Partner Disbursement.png]]

2021-02-05 13:43:39 - [MESSAGE][PASSED] - Object '' is present

2021-02-05 13:43:39 - [MESSAGE][PASSED] - Object: '' is clicked on

2021-02-05 13:43:39 - [MESSAGE][PASSED] - Wait for page load successfully

2021-02-05 13:43:39 - [MESSAGE][PASSED] - Select Menu "Partner Disbursement"

2021-02-05 13:43:39 - [TEST_STEP][PASSED] - Input "Order ID" for "Partner Disbursement": Input "Order ID" for "Partner Disbursement"

2021-02-05 13:43:39 - [MESSAGE][PASSED] - Text '10037914991' is set on object ''

2021-02-05 13:43:39 - [MESSAGE][PASSED] - Input "Order ID" for "Partner Disbursement"

2021-02-05 13:43:39 - [TEST_STEP][PASSED] - Click button "Search": Click button "Search"

2021-02-05 13:43:39 - [MESSAGE][INFO] - >>>>>//Button[contains(text(),'Search')]

2021-02-05 13:43:42 - [MESSAGE][PASSED] - Object '' is present

2021-02-05 13:43:42 - [MESSAGE][PASSED] - Object: '' is clicked on

2021-02-05 13:43:42 - [MESSAGE][PASSED] - Switched to window with index: '0'

2021-02-05 13:43:42 - [MESSAGE][PASSED] - Click button "Search"

2021-02-05 13:43:42 - [TEST_STEP][PASSED] - Verify Search Result Presents: Verify Search Result Presents

2021-02-05 13:43:42 - [MESSAGE][PASSED] - Object '' is present

2021-02-05 13:43:43 - [MESSAGE][PASSED] - Verify Search Result Presents

2021-02-05 13:43:43 - [MESSAGE][PASSED] - Feature file: 'Include/features/IST_Real/RTD/Partner_Disbursement/Search_by_OrderID.feature' was passed]]></system-out>
         <system-err><![CDATA[]]></system-err>
      </testcase>
      <testcase name="Test Cases/RTD/Partner Disbursement/TC_Search_by_Contract_Number" time="10.101" classname="Test Cases/RTD/Partner Disbursement/TC_Search_by_Contract_Number" status="PASSED">
         <system-out><![CDATA[2021-02-05 13:43:43 - [TEST_CASE][PASSED] - Test Cases/RTD/Partner Disbursement/TC_Search_by_Contract_Number: Test Cases/RTD/Partner Disbursement/TC_Search_by_Contract_Number

2021-02-05 13:43:43 - [TEST_STEP][PASSED] - runFeatureFile("Include/features/IST_Real/RTD/Partner_Disbursement/Search_by_Contract_Number.feature"): Feature file: 'Include/features/IST_Real/RTD/Partner_Disbursement/Search_by_Contract_Number.feature' was passed

2021-02-05 13:43:43 - [MESSAGE][INFO] - Starting run keyword runFeatureFile: 'Include/features/IST_Real/RTD/Partner_Disbursement/Search_by_Contract_Number.feature' and extract report to folder: '/Users/chaidir.pratama01/Katalon Studio/IST_Automation_Git/Reports/20210205_131034/RTD/TS_Partner_Disbursement/20210205_131041/cucumber_report/1612507423769'...

2021-02-05 13:43:43 - [TEST_CASE][PASSED] - Start Test Case : SCENARIO Search by Contract Number and it found on Dashboard: SCENARIO Search by Contract Number and it found on Dashboard

2021-02-05 13:43:43 - [TEST_STEP][PASSED] - Go to ISTools: Go to ISTools

2021-02-05 13:43:43 - [MESSAGE][WARNING] - A browser is already opened. Closing browser and opening a new one

2021-02-05 13:43:43 - [MESSAGE][INFO] - Starting 'Chrome (headless)' driver

2021-02-05 13:43:43 - [MESSAGE][INFO] - User set preference: ['args', '[--start-maximized, --disable-gpu, --no-proxy-server, â€“-no-sandbox, --allow-running-insecure-content, --ignore-certificate-errors, window-size=1680,814, force-device-scale-factor=2, --lang=en-GB]']

2021-02-05 13:43:43 - [MESSAGE][INFO] - User set preference: ['prefs', '{download.default_directory=/Users/chaidir.pratama01/Katalon Studio/IST_Automation_Git/Download}']

2021-02-05 13:43:43 - [MESSAGE][INFO] - Action delay is set to 0 milliseconds

2021-02-05 13:43:44 - [MESSAGE][PASSED] - Browser is opened with url: ''

2021-02-05 13:43:46 - [MESSAGE][PASSED] - Navigate to 'https://dev-istools.homecredit.id/foundation/' successfully

2021-02-05 13:43:46 - [MESSAGE][PASSED] - Go to ISTools

2021-02-05 13:43:46 - [TEST_STEP][PASSED] - Login IST with valid credentials: Login IST with valid credentials

2021-02-05 13:43:46 - [MESSAGE][PASSED] - Text 'mobile.test' is set on object 'Object Repository/Page_/input_Username_j_username'

2021-02-05 13:43:47 - [MESSAGE][PASSED] - Text ****** has been set on object 'Object Repository/Page_/input_Password_j_password'

2021-02-05 13:43:47 - [MESSAGE][PASSED] - Object: 'Object Repository/Page_/button_Login' is clicked on

2021-02-05 13:43:47 - [MESSAGE][PASSED] - Login IST with valid credentials

2021-02-05 13:43:47 - [TEST_STEP][PASSED] - Login Success: Login Success

2021-02-05 13:43:47 - [MESSAGE][INFO] - Login Success

2021-02-05 13:43:48 - [MESSAGE][PASSED] - Current window maximized

2021-02-05 13:43:48 - [MESSAGE][PASSED] - Object 'Object Repository/Page_/h1_Welcome to IT Supporting Tools' is present

2021-02-05 13:43:48 - [MESSAGE][PASSED] - Login Success

2021-02-05 13:43:48 - [TEST_STEP][PASSED] - Select Arrow Menu "Real Time Disbursement": Select Arrow Menu "Real Time Disbursement"

2021-02-05 13:43:48 - [MESSAGE][PASSED] - Object: '' is clicked on

2021-02-05 13:43:48 - [MESSAGE][PASSED] - Select Arrow Menu "Real Time Disbursement"

2021-02-05 13:43:48 - [TEST_STEP][PASSED] - Select Menu "Partner Disbursement": Select Menu "Partner Disbursement"

2021-02-05 13:43:48 - [MESSAGE][PASSED] - Taking screenshot successfully
[[ATTACHMENT|/Users/chaidir.pratama01/Documents/Docs/Katalon Studio/Screenshot/test-Partner Disbursement.png]]

2021-02-05 13:43:48 - [MESSAGE][PASSED] - Object '' is present

2021-02-05 13:43:48 - [MESSAGE][PASSED] - Object: '' is clicked on

2021-02-05 13:43:48 - [MESSAGE][PASSED] - Wait for page load successfully

2021-02-05 13:43:48 - [MESSAGE][PASSED] - Select Menu "Partner Disbursement"

2021-02-05 13:43:48 - [TEST_STEP][PASSED] - Input Contract RTD in Contract Number label: Input Contract RTD in Contract Number label

2021-02-05 13:43:49 - [MESSAGE][PASSED] - Text '4000014162' is set on object ''

2021-02-05 13:43:49 - [MESSAGE][PASSED] - Input Contract RTD in Contract Number label

2021-02-05 13:43:49 - [TEST_STEP][PASSED] - Click button "Search": Click button "Search"

2021-02-05 13:43:49 - [MESSAGE][INFO] - >>>>>//Button[contains(text(),'Search')]

2021-02-05 13:43:52 - [MESSAGE][PASSED] - Object '' is present

2021-02-05 13:43:52 - [MESSAGE][PASSED] - Object: '' is clicked on

2021-02-05 13:43:52 - [MESSAGE][PASSED] - Switched to window with index: '0'

2021-02-05 13:43:52 - [MESSAGE][PASSED] - Click button "Search"

2021-02-05 13:43:52 - [TEST_STEP][PASSED] - Verify Search Result Presents: Verify Search Result Presents

2021-02-05 13:43:53 - [MESSAGE][PASSED] - Object '' is present

2021-02-05 13:43:53 - [MESSAGE][PASSED] - Verify Search Result Presents

2021-02-05 13:43:53 - [MESSAGE][PASSED] - Feature file: 'Include/features/IST_Real/RTD/Partner_Disbursement/Search_by_Contract_Number.feature' was passed]]></system-out>
         <system-err><![CDATA[]]></system-err>
      </testcase>
      <testcase name="Test Cases/RTD/Partner Disbursement/TC_Hold_Payment" time="17.365" classname="Test Cases/RTD/Partner Disbursement/TC_Hold_Payment" status="FAILED">
         <failure type="FAILED" message="Test Cases/RTD/Partner Disbursement/TC_Hold_Payment FAILED.
Reason:
com.kms.katalon.core.exception.StepFailedException: Feature file 'Include/features/IST_Real/RTD/Partner_Disbursement/Hold_Payment.feature' was failed
	at com.kms.katalon.core.keyword.internal.KeywordMain.stepFailed(KeywordMain.groovy:50)
	at com.kms.katalon.core.keyword.internal.KeywordMain.stepFailed(KeywordMain.groovy)
	at com.kms.katalon.core.keyword.internal.KeywordMain.stepFailed(KeywordMain.groovy:23)
	at com.kms.katalon.core.keyword.internal.KeywordMain$stepFailed$0.call(Unknown Source)
	at com.kms.katalon.core.cucumber.keyword.CucumberBuiltinKeywords$_runFeatureFile_closure1.doCall(CucumberBuiltinKeywords.groovy:82)
	at com.kms.katalon.core.cucumber.keyword.CucumberBuiltinKeywords$_runFeatureFile_closure1.doCall(CucumberBuiltinKeywords.groovy)
	at com.kms.katalon.core.keyword.internal.KeywordMain.runKeyword(KeywordMain.groovy:68)
	at com.kms.katalon.core.keyword.internal.KeywordMain$runKeyword.call(Unknown Source)
	at com.kms.katalon.core.cucumber.keyword.CucumberBuiltinKeywords.runFeatureFile(CucumberBuiltinKeywords.groovy:46)
	at com.kms.katalon.core.cucumber.keyword.CucumberBuiltinKeywords$runFeatureFile$0.callStatic(Unknown Source)
	at com.kms.katalon.core.cucumber.keyword.CucumberBuiltinKeywords.runFeatureFile(CucumberBuiltinKeywords.groovy:169)
	at com.kms.katalon.core.cucumber.keyword.CucumberBuiltinKeywords$runFeatureFile.call(Unknown Source)
	at TC_Hold_Payment.run(TC_Hold_Payment:18)
	at com.kms.katalon.core.main.ScriptEngine.run(ScriptEngine.java:194)
	at com.kms.katalon.core.main.ScriptEngine.runScriptAsRawText(ScriptEngine.java:119)
	at com.kms.katalon.core.main.TestCaseExecutor.runScript(TestCaseExecutor.java:339)
	at com.kms.katalon.core.main.TestCaseExecutor.doExecute(TestCaseExecutor.java:330)
	at com.kms.katalon.core.main.TestCaseExecutor.processExecutionPhase(TestCaseExecutor.java:309)
	at com.kms.katalon.core.main.TestCaseExecutor.accessMainPhase(TestCaseExecutor.java:301)
	at com.kms.katalon.core.main.TestCaseExecutor.execute(TestCaseExecutor.java:235)
	at com.kms.katalon.core.main.TestSuiteExecutor.accessTestCaseMainPhase(TestSuiteExecutor.java:191)
	at com.kms.katalon.core.main.TestSuiteExecutor.accessTestSuiteMainPhase(TestSuiteExecutor.java:141)
	at com.kms.katalon.core.main.TestSuiteExecutor.execute(TestSuiteExecutor.java:90)
	at com.kms.katalon.core.main.TestCaseMain.startTestSuite(TestCaseMain.java:157)
	at com.kms.katalon.core.main.TestCaseMain$startTestSuite$0.call(Unknown Source)
	at TempTestSuite1612505441004.run(TempTestSuite1612505441004.groovy:39)
"/>
         <system-out><![CDATA[2021-02-05 13:43:53 - [TEST_CASE][FAILED] - Test Cases/RTD/Partner Disbursement/TC_Hold_Payment: Test Cases/RTD/Partner Disbursement/TC_Hold_Payment FAILED.
Reason:
com.kms.katalon.core.exception.StepFailedException: Feature file 'Include/features/IST_Real/RTD/Partner_Disbursement/Hold_Payment.feature' was failed
	at com.kms.katalon.core.keyword.internal.KeywordMain.stepFailed(KeywordMain.groovy:50)
	at com.kms.katalon.core.keyword.internal.KeywordMain.stepFailed(KeywordMain.groovy)
	at com.kms.katalon.core.keyword.internal.KeywordMain.stepFailed(KeywordMain.groovy:23)
	at com.kms.katalon.core.keyword.internal.KeywordMain$stepFailed$0.call(Unknown Source)
	at com.kms.katalon.core.cucumber.keyword.CucumberBuiltinKeywords$_runFeatureFile_closure1.doCall(CucumberBuiltinKeywords.groovy:82)
	at com.kms.katalon.core.cucumber.keyword.CucumberBuiltinKeywords$_runFeatureFile_closure1.doCall(CucumberBuiltinKeywords.groovy)
	at com.kms.katalon.core.keyword.internal.KeywordMain.runKeyword(KeywordMain.groovy:68)
	at com.kms.katalon.core.keyword.internal.KeywordMain$runKeyword.call(Unknown Source)
	at com.kms.katalon.core.cucumber.keyword.CucumberBuiltinKeywords.runFeatureFile(CucumberBuiltinKeywords.groovy:46)
	at com.kms.katalon.core.cucumber.keyword.CucumberBuiltinKeywords$runFeatureFile$0.callStatic(Unknown Source)
	at com.kms.katalon.core.cucumber.keyword.CucumberBuiltinKeywords.runFeatureFile(CucumberBuiltinKeywords.groovy:169)
	at com.kms.katalon.core.cucumber.keyword.CucumberBuiltinKeywords$runFeatureFile.call(Unknown Source)
	at TC_Hold_Payment.run(TC_Hold_Payment:18)
	at com.kms.katalon.core.main.ScriptEngine.run(ScriptEngine.java:194)
	at com.kms.katalon.core.main.ScriptEngine.runScriptAsRawText(ScriptEngine.java:119)
	at com.kms.katalon.core.main.TestCaseExecutor.runScript(TestCaseExecutor.java:339)
	at com.kms.katalon.core.main.TestCaseExecutor.doExecute(TestCaseExecutor.java:330)
	at com.kms.katalon.core.main.TestCaseExecutor.processExecutionPhase(TestCaseExecutor.java:309)
	at com.kms.katalon.core.main.TestCaseExecutor.accessMainPhase(TestCaseExecutor.java:301)
	at com.kms.katalon.core.main.TestCaseExecutor.execute(TestCaseExecutor.java:235)
	at com.kms.katalon.core.main.TestSuiteExecutor.accessTestCaseMainPhase(TestSuiteExecutor.java:191)
	at com.kms.katalon.core.main.TestSuiteExecutor.accessTestSuiteMainPhase(TestSuiteExecutor.java:141)
	at com.kms.katalon.core.main.TestSuiteExecutor.execute(TestSuiteExecutor.java:90)
	at com.kms.katalon.core.main.TestCaseMain.startTestSuite(TestCaseMain.java:157)
	at com.kms.katalon.core.main.TestCaseMain$startTestSuite$0.call(Unknown Source)
	at TempTestSuite1612505441004.run(TempTestSuite1612505441004.groovy:39)


2021-02-05 13:43:53 - [TEST_STEP][FAILED] - runFeatureFile("Include/features/IST_Real/RTD/Partner_Disbursement/Hold_Payment.feature"): Keyword runFeatureFile was failed (Root cause: com.kms.katalon.core.exception.StepFailedException: Feature file 'Include/features/IST_Real/RTD/Partner_Disbursement/Hold_Payment.feature' was failed
	at com.kms.katalon.core.keyword.internal.KeywordMain.stepFailed(KeywordMain.groovy:50)
	at com.kms.katalon.core.keyword.internal.KeywordMain.stepFailed(KeywordMain.groovy)
	at com.kms.katalon.core.keyword.internal.KeywordMain.stepFailed(KeywordMain.groovy:23)
	at com.kms.katalon.core.keyword.internal.KeywordMain$stepFailed$0.call(Unknown Source)
	at com.kms.katalon.core.cucumber.keyword.CucumberBuiltinKeywords$_runFeatureFile_closure1.doCall(CucumberBuiltinKeywords.groovy:82)
	at com.kms.katalon.core.cucumber.keyword.CucumberBuiltinKeywords$_runFeatureFile_closure1.doCall(CucumberBuiltinKeywords.groovy)
	at com.kms.katalon.core.keyword.internal.KeywordMain.runKeyword(KeywordMain.groovy:68)
	at com.kms.katalon.core.keyword.internal.KeywordMain$runKeyword.call(Unknown Source)
	at com.kms.katalon.core.cucumber.keyword.CucumberBuiltinKeywords.runFeatureFile(CucumberBuiltinKeywords.groovy:46)
	at com.kms.katalon.core.cucumber.keyword.CucumberBuiltinKeywords$runFeatureFile$0.callStatic(Unknown Source)
	at com.kms.katalon.core.cucumber.keyword.CucumberBuiltinKeywords.runFeatureFile(CucumberBuiltinKeywords.groovy:169)
	at com.kms.katalon.core.cucumber.keyword.CucumberBuiltinKeywords$runFeatureFile.call(Unknown Source)
	at TC_Hold_Payment.run(TC_Hold_Payment:18)
	at com.kms.katalon.core.main.ScriptEngine.run(ScriptEngine.java:194)
	at com.kms.katalon.core.main.ScriptEngine.runScriptAsRawText(ScriptEngine.java:119)
	at com.kms.katalon.core.main.TestCaseExecutor.runScript(TestCaseExecutor.java:339)
	at com.kms.katalon.core.main.TestCaseExecutor.doExecute(TestCaseExecutor.java:330)
	at com.kms.katalon.core.main.TestCaseExecutor.processExecutionPhase(TestCaseExecutor.java:309)
	at com.kms.katalon.core.main.TestCaseExecutor.accessMainPhase(TestCaseExecutor.java:301)
	at com.kms.katalon.core.main.TestCaseExecutor.execute(TestCaseExecutor.java:235)
	at com.kms.katalon.core.main.TestSuiteExecutor.accessTestCaseMainPhase(TestSuiteExecutor.java:191)
	at com.kms.katalon.core.main.TestSuiteExecutor.accessTestSuiteMainPhase(TestSuiteExecutor.java:141)
	at com.kms.katalon.core.main.TestSuiteExecutor.execute(TestSuiteExecutor.java:90)
	at com.kms.katalon.core.main.TestCaseMain.startTestSuite(TestCaseMain.java:157)
	at com.kms.katalon.core.main.TestCaseMain$startTestSuite$0.call(Unknown Source)
	at TempTestSuite1612505441004.run(TempTestSuite1612505441004.groovy:39)
)

2021-02-05 13:43:53 - [MESSAGE][INFO] - Starting run keyword runFeatureFile: 'Include/features/IST_Real/RTD/Partner_Disbursement/Hold_Payment.feature' and extract report to folder: '/Users/chaidir.pratama01/Katalon Studio/IST_Automation_Git/Reports/20210205_131034/RTD/TS_Partner_Disbursement/20210205_131041/cucumber_report/1612507433870'...

2021-02-05 13:43:54 - [TEST_CASE][FAILED] - Start Test Case : SCENARIO Hold Payment for Status Eligible to Disburse: SCENARIO Hold Payment for Status Eligible to Disburse FAILED.
Reason:
com.kms.katalon.core.exception.StepFailedException: Unable to click on object ''
	at com.kms.katalon.core.webui.keyword.internal.WebUIKeywordMain.stepFailed(WebUIKeywordMain.groovy:64)
	at com.kms.katalon.core.webui.keyword.internal.WebUIKeywordMain.runKeyword(WebUIKeywordMain.groovy:26)
	at com.kms.katalon.core.webui.keyword.builtin.ClickKeyword.click(ClickKeyword.groovy:76)
	at com.kms.katalon.core.webui.keyword.builtin.ClickKeyword.execute(ClickKeyword.groovy:43)
	at com.kms.katalon.core.keyword.internal.KeywordExecutor.executeKeywordForPlatform(KeywordExecutor.groovy:73)
	at com.kms.katalon.core.webui.keyword.WebUiBuiltInKeywords.click(WebUiBuiltInKeywords.groovy:616)
	at com.kms.katalon.core.webui.keyword.WebUiBuiltInKeywords$click$3.call(Unknown Source)
	at ist_real.Contract_Dispatcher.ClickButton(Contract_Dispatcher.groovy:644)
	at âœ½.Click button "HOLD PAYMENT"(/Users/chaidir.pratama01/Katalon Studio/IST_Automation_Git/Include/features/IST_Real/RTD/Partner_Disbursement/Hold_Payment.feature:37)
Caused by: org.openqa.selenium.ElementNotInteractableException: element not interactable
  (Session info: headless chrome=88.0.4324.146)
Build info: version: '3.141.59', revision: 'e82be7d358', time: '2018-11-14T08:25:53'
System info: host: 'M-Chaidir-Pratama.local', ip: 'fe80:0:0:0:18fe:1cc7:1896:224b%en0', os.name: 'Mac OS X', os.arch: 'x86_64', os.version: '10.15', java.version: '1.8.0_181'
Driver info: com.kms.katalon.selenium.driver.CChromeDriver
Capabilities {acceptInsecureCerts: false, browserName: chrome, browserVersion: 88.0.4324.146, chrome: {chromedriverVersion: 87.0.4280.88 (89e2380a3e36c..., userDataDir: /var/folders/0s/4_d154xd6dq...}, goog:chromeOptions: {debuggerAddress: localhost:59420}, javascriptEnabled: true, networkConnectionEnabled: false, pageLoadStrategy: normal, platform: MAC, platformName: MAC, proxy: Proxy(), setWindowRect: true, strictFileInteractability: false, timeouts: {implicit: 0, pageLoad: 300000, script: 30000}, unhandledPromptBehavior: dismiss and notify, webauthn:virtualAuthenticators: true}
Session ID: 0e8d7c64467bee5934bac1e817654154
	at org.openqa.selenium.remote.http.W3CHttpResponseCodec.createException(W3CHttpResponseCodec.java:187)
	at org.openqa.selenium.remote.http.W3CHttpResponseCodec.decode(W3CHttpResponseCodec.java:122)
	at org.openqa.selenium.remote.http.W3CHttpResponseCodec.decode(W3CHttpResponseCodec.java:49)
	at org.openqa.selenium.remote.HttpCommandExecutor.execute(HttpCommandExecutor.java:158)
	at org.openqa.selenium.remote.service.DriverCommandExecutor.execute(DriverCommandExecutor.java:83)
	at org.openqa.selenium.remote.RemoteWebDriver.execute(RemoteWebDriver.java:552)
	at com.kms.katalon.selenium.driver.CChromeDriver.execute(CChromeDriver.java:19)
	at org.openqa.selenium.remote.RemoteWebElement.execute(RemoteWebElement.java:285)
	at org.openqa.selenium.remote.RemoteWebElement.click(RemoteWebElement.java:84)
	at org.openqa.selenium.support.events.EventFiringWebDriver$EventFiringWebElement.lambda$new$0(EventFiringWebDriver.java:404)
	at com.sun.proxy.$Proxy19.click(Unknown Source)
	at org.openqa.selenium.support.events.EventFiringWebDriver$EventFiringWebElement.click(EventFiringWebDriver.java:417)
	at com.kms.katalon.core.webui.keyword.builtin.ClickKeyword$_click_closure1.doCall(ClickKeyword.groovy:69)
	at com.kms.katalon.core.webui.keyword.builtin.ClickKeyword$_click_closure1.call(ClickKeyword.groovy)
	at com.kms.katalon.core.webui.keyword.internal.WebUIKeywordMain.runKeyword(WebUIKeywordMain.groovy:20)
	at com.kms.katalon.core.webui.keyword.builtin.ClickKeyword.click(ClickKeyword.groovy:76)
	at com.kms.katalon.core.webui.keyword.builtin.ClickKeyword.execute(ClickKeyword.groovy:43)
	at com.kms.katalon.core.keyword.internal.KeywordExecutor.executeKeywordForPlatform(KeywordExecutor.groovy:73)
	at com.kms.katalon.core.webui.keyword.WebUiBuiltInKeywords.click(WebUiBuiltInKeywords.groovy:616)
	at com.kms.katalon.core.webui.keyword.WebUiBuiltInKeywords$click$3.call(Unknown Source)
	at ist_real.Contract_Dispatcher.ClickButton(Contract_Dispatcher.groovy:644)
	at cucumber.runtime.Utils$1.call(Utils.java:26)
	at cucumber.runtime.Timeout.timeout(Timeout.java:16)
	at cucumber.runtime.Utils.invoke(Utils.java:20)
	at cucumber.runtime.java.JavaStepDefinition.execute(JavaStepDefinition.java:48)
	at cucumber.runtime.PickleStepDefinitionMatch.runStep(PickleStepDefinitionMatch.java:50)
	at cucumber.runner.TestStep.executeStep(TestStep.java:55)
	at cucumber.runner.TestStep.run(TestStep.java:42)
	at cucumber.runner.PickleStepTestStep.run(PickleStepTestStep.java:53)
	at cucumber.runner.TestCase.run(TestCase.java:47)
	at cucumber.runner.Runner.runPickle(Runner.java:44)
	at cucumber.runtime.Runtime.runFeature(Runtime.java:120)
	at cucumber.runtime.Runtime.run(Runtime.java:106)
	at cucumber.api.cli.Main.run(Main.java:35)
	at cucumber.api.cli.Main$run.call(Unknown Source)
	at com.kms.katalon.core.cucumber.keyword.CucumberBuiltinKeywords$_runFeatureFile_closure1.doCall(CucumberBuiltinKeywords.groovy:76)
	at com.kms.katalon.core.cucumber.keyword.CucumberBuiltinKeywords$_runFeatureFile_closure1.doCall(CucumberBuiltinKeywords.groovy)
	at com.kms.katalon.core.keyword.internal.KeywordMain.runKeyword(KeywordMain.groovy:68)
	at com.kms.katalon.core.keyword.internal.KeywordMain$runKeyword.call(Unknown Source)
	at com.kms.katalon.core.cucumber.keyword.CucumberBuiltinKeywords.runFeatureFile(CucumberBuiltinKeywords.groovy:46)
	at com.kms.katalon.core.cucumber.keyword.CucumberBuiltinKeywords$runFeatureFile$0.callStatic(Unknown Source)
	at com.kms.katalon.core.cucumber.keyword.CucumberBuiltinKeywords.runFeatureFile(CucumberBuiltinKeywords.groovy:169)
	at com.kms.katalon.core.cucumber.keyword.CucumberBuiltinKeywords$runFeatureFile.call(Unknown Source)
	at TC_Hold_Payment.run(TC_Hold_Payment:18)
	at com.kms.katalon.core.main.ScriptEngine.run(ScriptEngine.java:194)
	at com.kms.katalon.core.main.ScriptEngine.runScriptAsRawText(ScriptEngine.java:119)
	at com.kms.katalon.core.main.TestCaseExecutor.runScript(TestCaseExecutor.java:339)
	at com.kms.katalon.core.main.TestCaseExecutor.doExecute(TestCaseExecutor.java:330)
	at com.kms.katalon.core.main.TestCaseExecutor.processExecutionPhase(TestCaseExecutor.java:309)
	at com.kms.katalon.core.main.TestCaseExecutor.accessMainPhase(TestCaseExecutor.java:301)
	at com.kms.katalon.core.main.TestCaseExecutor.execute(TestCaseExecutor.java:235)
	at com.kms.katalon.core.main.TestSuiteExecutor.accessTestCaseMainPhase(TestSuiteExecutor.java:191)
	at com.kms.katalon.core.main.TestSuiteExecutor.accessTestSuiteMainPhase(TestSuiteExecutor.java:141)
	at com.kms.katalon.core.main.TestSuiteExecutor.execute(TestSuiteExecutor.java:90)
	at com.kms.katalon.core.main.TestCaseMain.startTestSuite(TestCaseMain.java:157)
	at com.kms.katalon.core.main.TestCaseMain$startTestSuite$0.call(Unknown Source)
	at TempTestSuite1612505441004.run(TempTestSuite1612505441004.groovy:39)


2021-02-05 13:43:54 - [TEST_STEP][PASSED] - Go to ISTools: Go to ISTools

2021-02-05 13:43:54 - [MESSAGE][WARNING] - A browser is already opened. Closing browser and opening a new one

2021-02-05 13:43:54 - [MESSAGE][INFO] - Starting 'Chrome (headless)' driver

2021-02-05 13:43:54 - [MESSAGE][INFO] - User set preference: ['args', '[--start-maximized, --disable-gpu, --no-proxy-server, â€“-no-sandbox, --allow-running-insecure-content, --ignore-certificate-errors, window-size=1680,814, force-device-scale-factor=2, --lang=en-GB]']

2021-02-05 13:43:54 - [MESSAGE][INFO] - User set preference: ['prefs', '{download.default_directory=/Users/chaidir.pratama01/Katalon Studio/IST_Automation_Git/Download}']

2021-02-05 13:43:54 - [MESSAGE][INFO] - Action delay is set to 0 milliseconds

2021-02-05 13:43:54 - [MESSAGE][PASSED] - Browser is opened with url: ''

2021-02-05 13:43:57 - [MESSAGE][PASSED] - Navigate to 'https://dev-istools.homecredit.id/foundation/' successfully

2021-02-05 13:43:57 - [MESSAGE][PASSED] - Go to ISTools

2021-02-05 13:43:57 - [TEST_STEP][PASSED] - Login IST with valid credentials: Login IST with valid credentials

2021-02-05 13:43:57 - [MESSAGE][PASSED] - Text 'mobile.test' is set on object 'Object Repository/Page_/input_Username_j_username'

2021-02-05 13:43:57 - [MESSAGE][PASSED] - Text ****** has been set on object 'Object Repository/Page_/input_Password_j_password'

2021-02-05 13:43:58 - [MESSAGE][PASSED] - Object: 'Object Repository/Page_/button_Login' is clicked on

2021-02-05 13:43:58 - [MESSAGE][PASSED] - Login IST with valid credentials

2021-02-05 13:43:58 - [TEST_STEP][PASSED] - Login Success: Login Success

2021-02-05 13:43:58 - [MESSAGE][INFO] - Login Success

2021-02-05 13:43:58 - [MESSAGE][PASSED] - Current window maximized

2021-02-05 13:43:58 - [MESSAGE][PASSED] - Object 'Object Repository/Page_/h1_Welcome to IT Supporting Tools' is present

2021-02-05 13:43:58 - [MESSAGE][PASSED] - Login Success

2021-02-05 13:43:58 - [TEST_STEP][PASSED] - Select Arrow Menu "Real Time Disbursement": Select Arrow Menu "Real Time Disbursement"

2021-02-05 13:43:58 - [MESSAGE][PASSED] - Object: '' is clicked on

2021-02-05 13:43:58 - [MESSAGE][PASSED] - Select Arrow Menu "Real Time Disbursement"

2021-02-05 13:43:58 - [TEST_STEP][PASSED] - Select Menu "Partner Disbursement": Select Menu "Partner Disbursement"

2021-02-05 13:43:59 - [MESSAGE][PASSED] - Taking screenshot successfully
[[ATTACHMENT|/Users/chaidir.pratama01/Documents/Docs/Katalon Studio/Screenshot/test-Partner Disbursement.png]]

2021-02-05 13:43:59 - [MESSAGE][PASSED] - Object '' is present

2021-02-05 13:43:59 - [MESSAGE][PASSED] - Object: '' is clicked on

2021-02-05 13:43:59 - [MESSAGE][PASSED] - Wait for page load successfully

2021-02-05 13:43:59 - [MESSAGE][PASSED] - Select Menu "Partner Disbursement"

2021-02-05 13:43:59 - [TEST_STEP][PASSED] - Select STATUS "Ready to disburse": Select STATUS "Ready to disburse"

2021-02-05 13:43:59 - [MESSAGE][PASSED] - All options with value 'Ready to disburse' are selected in object ''  using regular expression

2021-02-05 13:43:59 - [MESSAGE][PASSED] - Select STATUS "Ready to disburse"

2021-02-05 13:43:59 - [TEST_STEP][PASSED] - Click button "Search": Click button "Search"

2021-02-05 13:43:59 - [MESSAGE][INFO] - >>>>>//Button[contains(text(),'Search')]

2021-02-05 13:44:02 - [MESSAGE][PASSED] - Object '' is present

2021-02-05 13:44:02 - [MESSAGE][PASSED] - Object: '' is clicked on

2021-02-05 13:44:02 - [MESSAGE][PASSED] - Switched to window with index: '0'

2021-02-05 13:44:02 - [MESSAGE][PASSED] - Click button "Search"

2021-02-05 13:44:02 - [TEST_STEP][PASSED] - Verify Search Result Presents: Verify Search Result Presents

2021-02-05 13:44:03 - [MESSAGE][PASSED] - Object '' is present

2021-02-05 13:44:07 - [MESSAGE][PASSED] - Verify Search Result Presents

2021-02-05 13:44:07 - [TEST_STEP][PASSED] - Click Checkbox: Click Checkbox

2021-02-05 13:44:07 - [MESSAGE][PASSED] - Object: '' is clicked on

2021-02-05 13:44:07 - [MESSAGE][PASSED] - Click Checkbox

2021-02-05 13:44:07 - [TEST_STEP][PASSED] - Get Checkbox data of Menu "Partner Disbursement" before Hold Payment: Get Checkbox data of Menu "Partner Disbursement" before Hold Payment

2021-02-05 13:44:07 - [MESSAGE][PASSED] - Get Checkbox data of Menu "Partner Disbursement" before Hold Payment

2021-02-05 13:44:07 - [TEST_STEP][FAILED] - Click button "HOLD PAYMENT": Click button "HOLD PAYMENT" FAILED.
Reason:
com.kms.katalon.core.exception.StepFailedException: Unable to click on object ''
	at com.kms.katalon.core.webui.keyword.internal.WebUIKeywordMain.stepFailed(WebUIKeywordMain.groovy:64)
	at com.kms.katalon.core.webui.keyword.internal.WebUIKeywordMain.runKeyword(WebUIKeywordMain.groovy:26)
	at com.kms.katalon.core.webui.keyword.builtin.ClickKeyword.click(ClickKeyword.groovy:76)
	at com.kms.katalon.core.webui.keyword.builtin.ClickKeyword.execute(ClickKeyword.groovy:43)
	at com.kms.katalon.core.keyword.internal.KeywordExecutor.executeKeywordForPlatform(KeywordExecutor.groovy:73)
	at com.kms.katalon.core.webui.keyword.WebUiBuiltInKeywords.click(WebUiBuiltInKeywords.groovy:616)
	at com.kms.katalon.core.webui.keyword.WebUiBuiltInKeywords$click$3.call(Unknown Source)
	at ist_real.Contract_Dispatcher.ClickButton(Contract_Dispatcher.groovy:644)
	at âœ½.Click button "HOLD PAYMENT"(/Users/chaidir.pratama01/Katalon Studio/IST_Automation_Git/Include/features/IST_Real/RTD/Partner_Disbursement/Hold_Payment.feature:37)
Caused by: org.openqa.selenium.ElementNotInteractableException: element not interactable
  (Session info: headless chrome=88.0.4324.146)
Build info: version: '3.141.59', revision: 'e82be7d358', time: '2018-11-14T08:25:53'
System info: host: 'M-Chaidir-Pratama.local', ip: 'fe80:0:0:0:18fe:1cc7:1896:224b%en0', os.name: 'Mac OS X', os.arch: 'x86_64', os.version: '10.15', java.version: '1.8.0_181'
Driver info: com.kms.katalon.selenium.driver.CChromeDriver
Capabilities {acceptInsecureCerts: false, browserName: chrome, browserVersion: 88.0.4324.146, chrome: {chromedriverVersion: 87.0.4280.88 (89e2380a3e36c..., userDataDir: /var/folders/0s/4_d154xd6dq...}, goog:chromeOptions: {debuggerAddress: localhost:59420}, javascriptEnabled: true, networkConnectionEnabled: false, pageLoadStrategy: normal, platform: MAC, platformName: MAC, proxy: Proxy(), setWindowRect: true, strictFileInteractability: false, timeouts: {implicit: 0, pageLoad: 300000, script: 30000}, unhandledPromptBehavior: dismiss and notify, webauthn:virtualAuthenticators: true}
Session ID: 0e8d7c64467bee5934bac1e817654154
	at org.openqa.selenium.remote.http.W3CHttpResponseCodec.createException(W3CHttpResponseCodec.java:187)
	at org.openqa.selenium.remote.http.W3CHttpResponseCodec.decode(W3CHttpResponseCodec.java:122)
	at org.openqa.selenium.remote.http.W3CHttpResponseCodec.decode(W3CHttpResponseCodec.java:49)
	at org.openqa.selenium.remote.HttpCommandExecutor.execute(HttpCommandExecutor.java:158)
	at org.openqa.selenium.remote.service.DriverCommandExecutor.execute(DriverCommandExecutor.java:83)
	at org.openqa.selenium.remote.RemoteWebDriver.execute(RemoteWebDriver.java:552)
	at com.kms.katalon.selenium.driver.CChromeDriver.execute(CChromeDriver.java:19)
	at org.openqa.selenium.remote.RemoteWebElement.execute(RemoteWebElement.java:285)
	at org.openqa.selenium.remote.RemoteWebElement.click(RemoteWebElement.java:84)
	at org.openqa.selenium.support.events.EventFiringWebDriver$EventFiringWebElement.lambda$new$0(EventFiringWebDriver.java:404)
	at com.sun.proxy.$Proxy19.click(Unknown Source)
	at org.openqa.selenium.support.events.EventFiringWebDriver$EventFiringWebElement.click(EventFiringWebDriver.java:417)
	at com.kms.katalon.core.webui.keyword.builtin.ClickKeyword$_click_closure1.doCall(ClickKeyword.groovy:69)
	at com.kms.katalon.core.webui.keyword.builtin.ClickKeyword$_click_closure1.call(ClickKeyword.groovy)
	at com.kms.katalon.core.webui.keyword.internal.WebUIKeywordMain.runKeyword(WebUIKeywordMain.groovy:20)
	at com.kms.katalon.core.webui.keyword.builtin.ClickKeyword.click(ClickKeyword.groovy:76)
	at com.kms.katalon.core.webui.keyword.builtin.ClickKeyword.execute(ClickKeyword.groovy:43)
	at com.kms.katalon.core.keyword.internal.KeywordExecutor.executeKeywordForPlatform(KeywordExecutor.groovy:73)
	at com.kms.katalon.core.webui.keyword.WebUiBuiltInKeywords.click(WebUiBuiltInKeywords.groovy:616)
	at com.kms.katalon.core.webui.keyword.WebUiBuiltInKeywords$click$3.call(Unknown Source)
	at ist_real.Contract_Dispatcher.ClickButton(Contract_Dispatcher.groovy:644)
	at cucumber.runtime.Utils$1.call(Utils.java:26)
	at cucumber.runtime.Timeout.timeout(Timeout.java:16)
	at cucumber.runtime.Utils.invoke(Utils.java:20)
	at cucumber.runtime.java.JavaStepDefinition.execute(JavaStepDefinition.java:48)
	at cucumber.runtime.PickleStepDefinitionMatch.runStep(PickleStepDefinitionMatch.java:50)
	at cucumber.runner.TestStep.executeStep(TestStep.java:55)
	at cucumber.runner.TestStep.run(TestStep.java:42)
	at cucumber.runner.PickleStepTestStep.run(PickleStepTestStep.java:53)
	at cucumber.runner.TestCase.run(TestCase.java:47)
	at cucumber.runner.Runner.runPickle(Runner.java:44)
	at cucumber.runtime.Runtime.runFeature(Runtime.java:120)
	at cucumber.runtime.Runtime.run(Runtime.java:106)
	at cucumber.api.cli.Main.run(Main.java:35)
	at cucumber.api.cli.Main$run.call(Unknown Source)
	at com.kms.katalon.core.cucumber.keyword.CucumberBuiltinKeywords$_runFeatureFile_closure1.doCall(CucumberBuiltinKeywords.groovy:76)
	at com.kms.katalon.core.cucumber.keyword.CucumberBuiltinKeywords$_runFeatureFile_closure1.doCall(CucumberBuiltinKeywords.groovy)
	at com.kms.katalon.core.keyword.internal.KeywordMain.runKeyword(KeywordMain.groovy:68)
	at com.kms.katalon.core.keyword.internal.KeywordMain$runKeyword.call(Unknown Source)
	at com.kms.katalon.core.cucumber.keyword.CucumberBuiltinKeywords.runFeatureFile(CucumberBuiltinKeywords.groovy:46)
	at com.kms.katalon.core.cucumber.keyword.CucumberBuiltinKeywords$runFeatureFile$0.callStatic(Unknown Source)
	at com.kms.katalon.core.cucumber.keyword.CucumberBuiltinKeywords.runFeatureFile(CucumberBuiltinKeywords.groovy:169)
	at com.kms.katalon.core.cucumber.keyword.CucumberBuiltinKeywords$runFeatureFile.call(Unknown Source)
	at TC_Hold_Payment.run(TC_Hold_Payment:18)
	at com.kms.katalon.core.main.ScriptEngine.run(ScriptEngine.java:194)
	at com.kms.katalon.core.main.ScriptEngine.runScriptAsRawText(ScriptEngine.java:119)
	at com.kms.katalon.core.main.TestCaseExecutor.runScript(TestCaseExecutor.java:339)
	at com.kms.katalon.core.main.TestCaseExecutor.doExecute(TestCaseExecutor.java:330)
	at com.kms.katalon.core.main.TestCaseExecutor.processExecutionPhase(TestCaseExecutor.java:309)
	at com.kms.katalon.core.main.TestCaseExecutor.accessMainPhase(TestCaseExecutor.java:301)
	at com.kms.katalon.core.main.TestCaseExecutor.execute(TestCaseExecutor.java:235)
	at com.kms.katalon.core.main.TestSuiteExecutor.accessTestCaseMainPhase(TestSuiteExecutor.java:191)
	at com.kms.katalon.core.main.TestSuiteExecutor.accessTestSuiteMainPhase(TestSuiteExecutor.java:141)
	at com.kms.katalon.core.main.TestSuiteExecutor.execute(TestSuiteExecutor.java:90)
	at com.kms.katalon.core.main.TestCaseMain.startTestSuite(TestCaseMain.java:157)
	at com.kms.katalon.core.main.TestCaseMain$startTestSuite$0.call(Unknown Source)
	at TempTestSuite1612505441004.run(TempTestSuite1612505441004.groovy:39)


2021-02-05 13:44:07 - [MESSAGE][INFO] - >>>>>//Button[contains(text(),'HOLD PAYMENT')]

2021-02-05 13:44:10 - [MESSAGE][PASSED] - Object '' is present

2021-02-05 13:44:11 - [MESSAGE][FAILED] - Unable to click on object '' (Root cause: com.kms.katalon.core.exception.StepFailedException: Unable to click on object ''
	at com.kms.katalon.core.webui.keyword.internal.WebUIKeywordMain.stepFailed(WebUIKeywordMain.groovy:64)
	at com.kms.katalon.core.webui.keyword.internal.WebUIKeywordMain.runKeyword(WebUIKeywordMain.groovy:26)
	at com.kms.katalon.core.webui.keyword.builtin.ClickKeyword.click(ClickKeyword.groovy:76)
	at com.kms.katalon.core.webui.keyword.builtin.ClickKeyword.execute(ClickKeyword.groovy:43)
	at com.kms.katalon.core.keyword.internal.KeywordExecutor.executeKeywordForPlatform(KeywordExecutor.groovy:73)
	at com.kms.katalon.core.webui.keyword.WebUiBuiltInKeywords.click(WebUiBuiltInKeywords.groovy:616)
	at com.kms.katalon.core.webui.keyword.WebUiBuiltInKeywords$click$3.call(Unknown Source)
	at ist_real.Contract_Dispatcher.ClickButton(Contract_Dispatcher.groovy:644)
	at cucumber.runtime.Utils$1.call(Utils.java:26)
	at cucumber.runtime.Timeout.timeout(Timeout.java:16)
	at cucumber.runtime.Utils.invoke(Utils.java:20)
	at cucumber.runtime.java.JavaStepDefinition.execute(JavaStepDefinition.java:48)
	at cucumber.runtime.PickleStepDefinitionMatch.runStep(PickleStepDefinitionMatch.java:50)
	at cucumber.runner.TestStep.executeStep(TestStep.java:55)
	at cucumber.runner.TestStep.run(TestStep.java:42)
	at cucumber.runner.PickleStepTestStep.run(PickleStepTestStep.java:53)
	at cucumber.runner.TestCase.run(TestCase.java:47)
	at cucumber.runner.Runner.runPickle(Runner.java:44)
	at cucumber.runtime.Runtime.runFeature(Runtime.java:120)
	at cucumber.runtime.Runtime.run(Runtime.java:106)
	at cucumber.api.cli.Main.run(Main.java:35)
	at cucumber.api.cli.Main$run.call(Unknown Source)
	at com.kms.katalon.core.cucumber.keyword.CucumberBuiltinKeywords$_runFeatureFile_closure1.doCall(CucumberBuiltinKeywords.groovy:76)
	at com.kms.katalon.core.cucumber.keyword.CucumberBuiltinKeywords$_runFeatureFile_closure1.doCall(CucumberBuiltinKeywords.groovy)
	at com.kms.katalon.core.keyword.internal.KeywordMain.runKeyword(KeywordMain.groovy:68)
	at com.kms.katalon.core.keyword.internal.KeywordMain$runKeyword.call(Unknown Source)
	at com.kms.katalon.core.cucumber.keyword.CucumberBuiltinKeywords.runFeatureFile(CucumberBuiltinKeywords.groovy:46)
	at com.kms.katalon.core.cucumber.keyword.CucumberBuiltinKeywords$runFeatureFile$0.callStatic(Unknown Source)
	at com.kms.katalon.core.cucumber.keyword.CucumberBuiltinKeywords.runFeatureFile(CucumberBuiltinKeywords.groovy:169)
	at com.kms.katalon.core.cucumber.keyword.CucumberBuiltinKeywords$runFeatureFile.call(Unknown Source)
	at TC_Hold_Payment.run(TC_Hold_Payment:18)
	at com.kms.katalon.core.main.ScriptEngine.run(ScriptEngine.java:194)
	at com.kms.katalon.core.main.ScriptEngine.runScriptAsRawText(ScriptEngine.java:119)
	at com.kms.katalon.core.main.TestCaseExecutor.runScript(TestCaseExecutor.java:339)
	at com.kms.katalon.core.main.TestCaseExecutor.doExecute(TestCaseExecutor.java:330)
	at com.kms.katalon.core.main.TestCaseExecutor.processExecutionPhase(TestCaseExecutor.java:309)
	at com.kms.katalon.core.main.TestCaseExecutor.accessMainPhase(TestCaseExecutor.java:301)
	at com.kms.katalon.core.main.TestCaseExecutor.execute(TestCaseExecutor.java:235)
	at com.kms.katalon.core.main.TestSuiteExecutor.accessTestCaseMainPhase(TestSuiteExecutor.java:191)
	at com.kms.katalon.core.main.TestSuiteExecutor.accessTestSuiteMainPhase(TestSuiteExecutor.java:141)
	at com.kms.katalon.core.main.TestSuiteExecutor.execute(TestSuiteExecutor.java:90)
	at com.kms.katalon.core.main.TestCaseMain.startTestSuite(TestCaseMain.java:157)
	at com.kms.katalon.core.main.TestCaseMain$startTestSuite$0.call(Unknown Source)
	at TempTestSuite1612505441004.run(TempTestSuite1612505441004.groovy:39)
Caused by: org.openqa.selenium.ElementNotInteractableException: element not interactable
  (Session info: headless chrome=88.0.4324.146)
Build info: version: '3.141.59', revision: 'e82be7d358', time: '2018-11-14T08:25:53'
System info: host: 'M-Chaidir-Pratama.local', ip: 'fe80:0:0:0:18fe:1cc7:1896:224b%en0', os.name: 'Mac OS X', os.arch: 'x86_64', os.version: '10.15', java.version: '1.8.0_181'
Driver info: com.kms.katalon.selenium.driver.CChromeDriver
Capabilities {acceptInsecureCerts: false, browserName: chrome, browserVersion: 88.0.4324.146, chrome: {chromedriverVersion: 87.0.4280.88 (89e2380a3e36c..., userDataDir: /var/folders/0s/4_d154xd6dq...}, goog:chromeOptions: {debuggerAddress: localhost:59420}, javascriptEnabled: true, networkConnectionEnabled: false, pageLoadStrategy: normal, platform: MAC, platformName: MAC, proxy: Proxy(), setWindowRect: true, strictFileInteractability: false, timeouts: {implicit: 0, pageLoad: 300000, script: 30000}, unhandledPromptBehavior: dismiss and notify, webauthn:virtualAuthenticators: true}
Session ID: 0e8d7c64467bee5934bac1e817654154
	at org.openqa.selenium.remote.http.W3CHttpResponseCodec.createException(W3CHttpResponseCodec.java:187)
	at org.openqa.selenium.remote.http.W3CHttpResponseCodec.decode(W3CHttpResponseCodec.java:122)
	at org.openqa.selenium.remote.http.W3CHttpResponseCodec.decode(W3CHttpResponseCodec.java:49)
	at org.openqa.selenium.remote.HttpCommandExecutor.execute(HttpCommandExecutor.java:158)
	at org.openqa.selenium.remote.service.DriverCommandExecutor.execute(DriverCommandExecutor.java:83)
	at org.openqa.selenium.remote.RemoteWebDriver.execute(RemoteWebDriver.java:552)
	at com.kms.katalon.selenium.driver.CChromeDriver.execute(CChromeDriver.java:19)
	at org.openqa.selenium.remote.RemoteWebElement.execute(RemoteWebElement.java:285)
	at org.openqa.selenium.remote.RemoteWebElement.click(RemoteWebElement.java:84)
	at org.openqa.selenium.support.events.EventFiringWebDriver$EventFiringWebElement.lambda$new$0(EventFiringWebDriver.java:404)
	at com.sun.proxy.$Proxy19.click(Unknown Source)
	at org.openqa.selenium.support.events.EventFiringWebDriver$EventFiringWebElement.click(EventFiringWebDriver.java:417)
	at com.kms.katalon.core.webui.keyword.builtin.ClickKeyword$_click_closure1.doCall(ClickKeyword.groovy:69)
	at com.kms.katalon.core.webui.keyword.builtin.ClickKeyword$_click_closure1.call(ClickKeyword.groovy)
	at com.kms.katalon.core.webui.keyword.internal.WebUIKeywordMain.runKeyword(WebUIKeywordMain.groovy:20)
	at com.kms.katalon.core.webui.keyword.builtin.ClickKeyword.click(ClickKeyword.groovy:76)
	at com.kms.katalon.core.webui.keyword.builtin.ClickKeyword.execute(ClickKeyword.groovy:43)
	at com.kms.katalon.core.keyword.internal.KeywordExecutor.executeKeywordForPlatform(KeywordExecutor.groovy:73)
	at com.kms.katalon.core.webui.keyword.WebUiBuiltInKeywords.click(WebUiBuiltInKeywords.groovy:616)
	at com.kms.katalon.core.webui.keyword.WebUiBuiltInKeywords$click$3.call(Unknown Source)
	at ist_real.Contract_Dispatcher.ClickButton(Contract_Dispatcher.groovy:644)
	at cucumber.runtime.Utils$1.call(Utils.java:26)
	at cucumber.runtime.Timeout.timeout(Timeout.java:16)
	at cucumber.runtime.Utils.invoke(Utils.java:20)
	at cucumber.runtime.java.JavaStepDefinition.execute(JavaStepDefinition.java:48)
	at cucumber.runtime.PickleStepDefinitionMatch.runStep(PickleStepDefinitionMatch.java:50)
	at cucumber.runner.TestStep.executeStep(TestStep.java:55)
	at cucumber.runner.TestStep.run(TestStep.java:42)
	at cucumber.runner.PickleStepTestStep.run(PickleStepTestStep.java:53)
	at cucumber.runner.TestCase.run(TestCase.java:47)
	at cucumber.runner.Runner.runPickle(Runner.java:44)
	at cucumber.runtime.Runtime.runFeature(Runtime.java:120)
	at cucumber.runtime.Runtime.run(Runtime.java:106)
	at cucumber.api.cli.Main.run(Main.java:35)
	at cucumber.api.cli.Main$run.call(Unknown Source)
	at com.kms.katalon.core.cucumber.keyword.CucumberBuiltinKeywords$_runFeatureFile_closure1.doCall(CucumberBuiltinKeywords.groovy:76)
	at com.kms.katalon.core.cucumber.keyword.CucumberBuiltinKeywords$_runFeatureFile_closure1.doCall(CucumberBuiltinKeywords.groovy)
	at com.kms.katalon.core.keyword.internal.KeywordMain.runKeyword(KeywordMain.groovy:68)
	at com.kms.katalon.core.keyword.internal.KeywordMain$runKeyword.call(Unknown Source)
	at com.kms.katalon.core.cucumber.keyword.CucumberBuiltinKeywords.runFeatureFile(CucumberBuiltinKeywords.groovy:46)
	at com.kms.katalon.core.cucumber.keyword.CucumberBuiltinKeywords$runFeatureFile$0.callStatic(Unknown Source)
	at com.kms.katalon.core.cucumber.keyword.CucumberBuiltinKeywords.runFeatureFile(CucumberBuiltinKeywords.groovy:169)
	at com.kms.katalon.core.cucumber.keyword.CucumberBuiltinKeywords$runFeatureFile.call(Unknown Source)
	at Script1611043652528.run(Script1611043652528.groovy:18)
	... 13 more
)
[[ATTACHMENT|/Users/chaidir.pratama01/Katalon Studio/IST_Automation_Git/Reports/20210205_131034/RTD/TS_Partner_Disbursement/20210205_131041/1612507450611.png]]

2021-02-05 13:44:11 - [MESSAGE][FAILED] - Click button "HOLD PAYMENT" FAILED.
Reason:
com.kms.katalon.core.exception.StepFailedException: Unable to click on object ''
	at com.kms.katalon.core.webui.keyword.internal.WebUIKeywordMain.stepFailed(WebUIKeywordMain.groovy:64)
	at com.kms.katalon.core.webui.keyword.internal.WebUIKeywordMain.runKeyword(WebUIKeywordMain.groovy:26)
	at com.kms.katalon.core.webui.keyword.builtin.ClickKeyword.click(ClickKeyword.groovy:76)
	at com.kms.katalon.core.webui.keyword.builtin.ClickKeyword.execute(ClickKeyword.groovy:43)
	at com.kms.katalon.core.keyword.internal.KeywordExecutor.executeKeywordForPlatform(KeywordExecutor.groovy:73)
	at com.kms.katalon.core.webui.keyword.WebUiBuiltInKeywords.click(WebUiBuiltInKeywords.groovy:616)
	at com.kms.katalon.core.webui.keyword.WebUiBuiltInKeywords$click$3.call(Unknown Source)
	at ist_real.Contract_Dispatcher.ClickButton(Contract_Dispatcher.groovy:644)
	at âœ½.Click button "HOLD PAYMENT"(/Users/chaidir.pratama01/Katalon Studio/IST_Automation_Git/Include/features/IST_Real/RTD/Partner_Disbursement/Hold_Payment.feature:37)
Caused by: org.openqa.selenium.ElementNotInteractableException: element not interactable
  (Session info: headless chrome=88.0.4324.146)
Build info: version: '3.141.59', revision: 'e82be7d358', time: '2018-11-14T08:25:53'
System info: host: 'M-Chaidir-Pratama.local', ip: 'fe80:0:0:0:18fe:1cc7:1896:224b%en0', os.name: 'Mac OS X', os.arch: 'x86_64', os.version: '10.15', java.version: '1.8.0_181'
Driver info: com.kms.katalon.selenium.driver.CChromeDriver
Capabilities {acceptInsecureCerts: false, browserName: chrome, browserVersion: 88.0.4324.146, chrome: {chromedriverVersion: 87.0.4280.88 (89e2380a3e36c..., userDataDir: /var/folders/0s/4_d154xd6dq...}, goog:chromeOptions: {debuggerAddress: localhost:59420}, javascriptEnabled: true, networkConnectionEnabled: false, pageLoadStrategy: normal, platform: MAC, platformName: MAC, proxy: Proxy(), setWindowRect: true, strictFileInteractability: false, timeouts: {implicit: 0, pageLoad: 300000, script: 30000}, unhandledPromptBehavior: dismiss and notify, webauthn:virtualAuthenticators: true}
Session ID: 0e8d7c64467bee5934bac1e817654154
	at org.openqa.selenium.remote.http.W3CHttpResponseCodec.createException(W3CHttpResponseCodec.java:187)
	at org.openqa.selenium.remote.http.W3CHttpResponseCodec.decode(W3CHttpResponseCodec.java:122)
	at org.openqa.selenium.remote.http.W3CHttpResponseCodec.decode(W3CHttpResponseCodec.java:49)
	at org.openqa.selenium.remote.HttpCommandExecutor.execute(HttpCommandExecutor.java:158)
	at org.openqa.selenium.remote.service.DriverCommandExecutor.execute(DriverCommandExecutor.java:83)
	at org.openqa.selenium.remote.RemoteWebDriver.execute(RemoteWebDriver.java:552)
	at com.kms.katalon.selenium.driver.CChromeDriver.execute(CChromeDriver.java:19)
	at org.openqa.selenium.remote.RemoteWebElement.execute(RemoteWebElement.java:285)
	at org.openqa.selenium.remote.RemoteWebElement.click(RemoteWebElement.java:84)
	at org.openqa.selenium.support.events.EventFiringWebDriver$EventFiringWebElement.lambda$new$0(EventFiringWebDriver.java:404)
	at com.sun.proxy.$Proxy19.click(Unknown Source)
	at org.openqa.selenium.support.events.EventFiringWebDriver$EventFiringWebElement.click(EventFiringWebDriver.java:417)
	at com.kms.katalon.core.webui.keyword.builtin.ClickKeyword$_click_closure1.doCall(ClickKeyword.groovy:69)
	at com.kms.katalon.core.webui.keyword.builtin.ClickKeyword$_click_closure1.call(ClickKeyword.groovy)
	at com.kms.katalon.core.webui.keyword.internal.WebUIKeywordMain.runKeyword(WebUIKeywordMain.groovy:20)
	at com.kms.katalon.core.webui.keyword.builtin.ClickKeyword.click(ClickKeyword.groovy:76)
	at com.kms.katalon.core.webui.keyword.builtin.ClickKeyword.execute(ClickKeyword.groovy:43)
	at com.kms.katalon.core.keyword.internal.KeywordExecutor.executeKeywordForPlatform(KeywordExecutor.groovy:73)
	at com.kms.katalon.core.webui.keyword.WebUiBuiltInKeywords.click(WebUiBuiltInKeywords.groovy:616)
	at com.kms.katalon.core.webui.keyword.WebUiBuiltInKeywords$click$3.call(Unknown Source)
	at ist_real.Contract_Dispatcher.ClickButton(Contract_Dispatcher.groovy:644)
	at cucumber.runtime.Utils$1.call(Utils.java:26)
	at cucumber.runtime.Timeout.timeout(Timeout.java:16)
	at cucumber.runtime.Utils.invoke(Utils.java:20)
	at cucumber.runtime.java.JavaStepDefinition.execute(JavaStepDefinition.java:48)
	at cucumber.runtime.PickleStepDefinitionMatch.runStep(PickleStepDefinitionMatch.java:50)
	at cucumber.runner.TestStep.executeStep(TestStep.java:55)
	at cucumber.runner.TestStep.run(TestStep.java:42)
	at cucumber.runner.PickleStepTestStep.run(PickleStepTestStep.java:53)
	at cucumber.runner.TestCase.run(TestCase.java:47)
	at cucumber.runner.Runner.runPickle(Runner.java:44)
	at cucumber.runtime.Runtime.runFeature(Runtime.java:120)
	at cucumber.runtime.Runtime.run(Runtime.java:106)
	at cucumber.api.cli.Main.run(Main.java:35)
	at cucumber.api.cli.Main$run.call(Unknown Source)
	at com.kms.katalon.core.cucumber.keyword.CucumberBuiltinKeywords$_runFeatureFile_closure1.doCall(CucumberBuiltinKeywords.groovy:76)
	at com.kms.katalon.core.cucumber.keyword.CucumberBuiltinKeywords$_runFeatureFile_closure1.doCall(CucumberBuiltinKeywords.groovy)
	at com.kms.katalon.core.keyword.internal.KeywordMain.runKeyword(KeywordMain.groovy:68)
	at com.kms.katalon.core.keyword.internal.KeywordMain$runKeyword.call(Unknown Source)
	at com.kms.katalon.core.cucumber.keyword.CucumberBuiltinKeywords.runFeatureFile(CucumberBuiltinKeywords.groovy:46)
	at com.kms.katalon.core.cucumber.keyword.CucumberBuiltinKeywords$runFeatureFile$0.callStatic(Unknown Source)
	at com.kms.katalon.core.cucumber.keyword.CucumberBuiltinKeywords.runFeatureFile(CucumberBuiltinKeywords.groovy:169)
	at com.kms.katalon.core.cucumber.keyword.CucumberBuiltinKeywords$runFeatureFile.call(Unknown Source)
	at TC_Hold_Payment.run(TC_Hold_Payment:18)
	at com.kms.katalon.core.main.ScriptEngine.run(ScriptEngine.java:194)
	at com.kms.katalon.core.main.ScriptEngine.runScriptAsRawText(ScriptEngine.java:119)
	at com.kms.katalon.core.main.TestCaseExecutor.runScript(TestCaseExecutor.java:339)
	at com.kms.katalon.core.main.TestCaseExecutor.doExecute(TestCaseExecutor.java:330)
	at com.kms.katalon.core.main.TestCaseExecutor.processExecutionPhase(TestCaseExecutor.java:309)
	at com.kms.katalon.core.main.TestCaseExecutor.accessMainPhase(TestCaseExecutor.java:301)
	at com.kms.katalon.core.main.TestCaseExecutor.execute(TestCaseExecutor.java:235)
	at com.kms.katalon.core.main.TestSuiteExecutor.accessTestCaseMainPhase(TestSuiteExecutor.java:191)
	at com.kms.katalon.core.main.TestSuiteExecutor.accessTestSuiteMainPhase(TestSuiteExecutor.java:141)
	at com.kms.katalon.core.main.TestSuiteExecutor.execute(TestSuiteExecutor.java:90)
	at com.kms.katalon.core.main.TestCaseMain.startTestSuite(TestCaseMain.java:157)
	at com.kms.katalon.core.main.TestCaseMain$startTestSuite$0.call(Unknown Source)
	at TempTestSuite1612505441004.run(TempTestSuite1612505441004.groovy:39)


2021-02-05 13:44:11 - [TEST_STEP][NOT_RUN] - Input reason of Hold Payment: Input reason of Hold Payment

2021-02-05 13:44:11 - [MESSAGE][NOT_RUN] - Input reason of Hold Payment

2021-02-05 13:44:11 - [TEST_STEP][NOT_RUN] - Click button "Yes": Click button "Yes"

2021-02-05 13:44:11 - [MESSAGE][NOT_RUN] - Click button "Yes"

2021-02-05 13:44:11 - [TEST_STEP][NOT_RUN] - Connect to Database RTD: Connect to Database RTD

2021-02-05 13:44:11 - [MESSAGE][NOT_RUN] - Connect to Database RTD

2021-02-05 13:44:11 - [TEST_STEP][NOT_RUN] - Select Hold Contract Number and make sure status is Hold Payment Recreation: Select Hold Contract Number and make sure status is Hold Payment Recreation

2021-02-05 13:44:11 - [MESSAGE][NOT_RUN] - Select Hold Contract Number and make sure status is Hold Payment Recreation

2021-02-05 13:44:11 - [MESSAGE][FAILED] - Feature file 'Include/features/IST_Real/RTD/Partner_Disbursement/Hold_Payment.feature' was failed

2021-02-05 13:44:11 - [MESSAGE][FAILED] - Keyword runFeatureFile was failed (Root cause: com.kms.katalon.core.exception.StepFailedException: Feature file 'Include/features/IST_Real/RTD/Partner_Disbursement/Hold_Payment.feature' was failed
	at com.kms.katalon.core.keyword.internal.KeywordMain.stepFailed(KeywordMain.groovy:50)
	at com.kms.katalon.core.keyword.internal.KeywordMain.stepFailed(KeywordMain.groovy)
	at com.kms.katalon.core.keyword.internal.KeywordMain.stepFailed(KeywordMain.groovy:23)
	at com.kms.katalon.core.keyword.internal.KeywordMain$stepFailed$0.call(Unknown Source)
	at com.kms.katalon.core.cucumber.keyword.CucumberBuiltinKeywords$_runFeatureFile_closure1.doCall(CucumberBuiltinKeywords.groovy:82)
	at com.kms.katalon.core.cucumber.keyword.CucumberBuiltinKeywords$_runFeatureFile_closure1.doCall(CucumberBuiltinKeywords.groovy)
	at com.kms.katalon.core.keyword.internal.KeywordMain.runKeyword(KeywordMain.groovy:68)
	at com.kms.katalon.core.keyword.internal.KeywordMain$runKeyword.call(Unknown Source)
	at com.kms.katalon.core.cucumber.keyword.CucumberBuiltinKeywords.runFeatureFile(CucumberBuiltinKeywords.groovy:46)
	at com.kms.katalon.core.cucumber.keyword.CucumberBuiltinKeywords$runFeatureFile$0.callStatic(Unknown Source)
	at com.kms.katalon.core.cucumber.keyword.CucumberBuiltinKeywords.runFeatureFile(CucumberBuiltinKeywords.groovy:169)
	at com.kms.katalon.core.cucumber.keyword.CucumberBuiltinKeywords$runFeatureFile.call(Unknown Source)
	at TC_Hold_Payment.run(TC_Hold_Payment:18)
	at com.kms.katalon.core.main.ScriptEngine.run(ScriptEngine.java:194)
	at com.kms.katalon.core.main.ScriptEngine.runScriptAsRawText(ScriptEngine.java:119)
	at com.kms.katalon.core.main.TestCaseExecutor.runScript(TestCaseExecutor.java:339)
	at com.kms.katalon.core.main.TestCaseExecutor.doExecute(TestCaseExecutor.java:330)
	at com.kms.katalon.core.main.TestCaseExecutor.processExecutionPhase(TestCaseExecutor.java:309)
	at com.kms.katalon.core.main.TestCaseExecutor.accessMainPhase(TestCaseExecutor.java:301)
	at com.kms.katalon.core.main.TestCaseExecutor.execute(TestCaseExecutor.java:235)
	at com.kms.katalon.core.main.TestSuiteExecutor.accessTestCaseMainPhase(TestSuiteExecutor.java:191)
	at com.kms.katalon.core.main.TestSuiteExecutor.accessTestSuiteMainPhase(TestSuiteExecutor.java:141)
	at com.kms.katalon.core.main.TestSuiteExecutor.execute(TestSuiteExecutor.java:90)
	at com.kms.katalon.core.main.TestCaseMain.startTestSuite(TestCaseMain.java:157)
	at com.kms.katalon.core.main.TestCaseMain$startTestSuite$0.call(Unknown Source)
	at TempTestSuite1612505441004.run(TempTestSuite1612505441004.groovy:39)
)]]></system-out>
         <system-err><![CDATA[2021-02-05 13:43:53 - [TEST_CASE][FAILED] - Test Cases/RTD/Partner Disbursement/TC_Hold_Payment: Test Cases/RTD/Partner Disbursement/TC_Hold_Payment FAILED.
Reason:
com.kms.katalon.core.exception.StepFailedException: Feature file 'Include/features/IST_Real/RTD/Partner_Disbursement/Hold_Payment.feature' was failed
	at com.kms.katalon.core.keyword.internal.KeywordMain.stepFailed(KeywordMain.groovy:50)
	at com.kms.katalon.core.keyword.internal.KeywordMain.stepFailed(KeywordMain.groovy)
	at com.kms.katalon.core.keyword.internal.KeywordMain.stepFailed(KeywordMain.groovy:23)
	at com.kms.katalon.core.keyword.internal.KeywordMain$stepFailed$0.call(Unknown Source)
	at com.kms.katalon.core.cucumber.keyword.CucumberBuiltinKeywords$_runFeatureFile_closure1.doCall(CucumberBuiltinKeywords.groovy:82)
	at com.kms.katalon.core.cucumber.keyword.CucumberBuiltinKeywords$_runFeatureFile_closure1.doCall(CucumberBuiltinKeywords.groovy)
	at com.kms.katalon.core.keyword.internal.KeywordMain.runKeyword(KeywordMain.groovy:68)
	at com.kms.katalon.core.keyword.internal.KeywordMain$runKeyword.call(Unknown Source)
	at com.kms.katalon.core.cucumber.keyword.CucumberBuiltinKeywords.runFeatureFile(CucumberBuiltinKeywords.groovy:46)
	at com.kms.katalon.core.cucumber.keyword.CucumberBuiltinKeywords$runFeatureFile$0.callStatic(Unknown Source)
	at com.kms.katalon.core.cucumber.keyword.CucumberBuiltinKeywords.runFeatureFile(CucumberBuiltinKeywords.groovy:169)
	at com.kms.katalon.core.cucumber.keyword.CucumberBuiltinKeywords$runFeatureFile.call(Unknown Source)
	at TC_Hold_Payment.run(TC_Hold_Payment:18)
	at com.kms.katalon.core.main.ScriptEngine.run(ScriptEngine.java:194)
	at com.kms.katalon.core.main.ScriptEngine.runScriptAsRawText(ScriptEngine.java:119)
	at com.kms.katalon.core.main.TestCaseExecutor.runScript(TestCaseExecutor.java:339)
	at com.kms.katalon.core.main.TestCaseExecutor.doExecute(TestCaseExecutor.java:330)
	at com.kms.katalon.core.main.TestCaseExecutor.processExecutionPhase(TestCaseExecutor.java:309)
	at com.kms.katalon.core.main.TestCaseExecutor.accessMainPhase(TestCaseExecutor.java:301)
	at com.kms.katalon.core.main.TestCaseExecutor.execute(TestCaseExecutor.java:235)
	at com.kms.katalon.core.main.TestSuiteExecutor.accessTestCaseMainPhase(TestSuiteExecutor.java:191)
	at com.kms.katalon.core.main.TestSuiteExecutor.accessTestSuiteMainPhase(TestSuiteExecutor.java:141)
	at com.kms.katalon.core.main.TestSuiteExecutor.execute(TestSuiteExecutor.java:90)
	at com.kms.katalon.core.main.TestCaseMain.startTestSuite(TestCaseMain.java:157)
	at com.kms.katalon.core.main.TestCaseMain$startTestSuite$0.call(Unknown Source)
	at TempTestSuite1612505441004.run(TempTestSuite1612505441004.groovy:39)]]></system-err>
      </testcase>
      <system-out><![CDATA[2021-02-05 13:38:39 - [TEST_SUITE][FAILED] - TS_Partner_Disbursement: Test Cases/RTD/Partner Disbursement/TC_Hold_Payment FAILED.
Reason:
com.kms.katalon.core.exception.StepFailedException: Feature file 'Include/features/IST_Real/RTD/Partner_Disbursement/Hold_Payment.feature' was failed
	at com.kms.katalon.core.keyword.internal.KeywordMain.stepFailed(KeywordMain.groovy:50)
	at com.kms.katalon.core.keyword.internal.KeywordMain.stepFailed(KeywordMain.groovy)
	at com.kms.katalon.core.keyword.internal.KeywordMain.stepFailed(KeywordMain.groovy:23)
	at com.kms.katalon.core.keyword.internal.KeywordMain$stepFailed$0.call(Unknown Source)
	at com.kms.katalon.core.cucumber.keyword.CucumberBuiltinKeywords$_runFeatureFile_closure1.doCall(CucumberBuiltinKeywords.groovy:82)
	at com.kms.katalon.core.cucumber.keyword.CucumberBuiltinKeywords$_runFeatureFile_closure1.doCall(CucumberBuiltinKeywords.groovy)
	at com.kms.katalon.core.keyword.internal.KeywordMain.runKeyword(KeywordMain.groovy:68)
	at com.kms.katalon.core.keyword.internal.KeywordMain$runKeyword.call(Unknown Source)
	at com.kms.katalon.core.cucumber.keyword.CucumberBuiltinKeywords.runFeatureFile(CucumberBuiltinKeywords.groovy:46)
	at com.kms.katalon.core.cucumber.keyword.CucumberBuiltinKeywords$runFeatureFile$0.callStatic(Unknown Source)
	at com.kms.katalon.core.cucumber.keyword.CucumberBuiltinKeywords.runFeatureFile(CucumberBuiltinKeywords.groovy:169)
	at com.kms.katalon.core.cucumber.keyword.CucumberBuiltinKeywords$runFeatureFile.call(Unknown Source)
	at TC_Hold_Payment.run(TC_Hold_Payment:18)
	at com.kms.katalon.core.main.ScriptEngine.run(ScriptEngine.java:194)
	at com.kms.katalon.core.main.ScriptEngine.runScriptAsRawText(ScriptEngine.java:119)
	at com.kms.katalon.core.main.TestCaseExecutor.runScript(TestCaseExecutor.java:339)
	at com.kms.katalon.core.main.TestCaseExecutor.doExecute(TestCaseExecutor.java:330)
	at com.kms.katalon.core.main.TestCaseExecutor.processExecutionPhase(TestCaseExecutor.java:309)
	at com.kms.katalon.core.main.TestCaseExecutor.accessMainPhase(TestCaseExecutor.java:301)
	at com.kms.katalon.core.main.TestCaseExecutor.execute(TestCaseExecutor.java:235)
	at com.kms.katalon.core.main.TestSuiteExecutor.accessTestCaseMainPhase(TestSuiteExecutor.java:191)
	at com.kms.katalon.core.main.TestSuiteExecutor.accessTestSuiteMainPhase(TestSuiteExecutor.java:141)
	at com.kms.katalon.core.main.TestSuiteExecutor.execute(TestSuiteExecutor.java:90)
	at com.kms.katalon.core.main.TestCaseMain.startTestSuite(TestCaseMain.java:157)
	at com.kms.katalon.core.main.TestCaseMain$startTestSuite$0.call(Unknown Source)
	at TempTestSuite1612505441004.run(TempTestSuite1612505441004.groovy:39)]]></system-out>
      <system-err><![CDATA[2021-02-05 13:38:39 - [TEST_SUITE][FAILED] - TS_Partner_Disbursement: Test Cases/RTD/Partner Disbursement/TC_Hold_Payment FAILED.
Reason:
com.kms.katalon.core.exception.StepFailedException: Feature file 'Include/features/IST_Real/RTD/Partner_Disbursement/Hold_Payment.feature' was failed
	at com.kms.katalon.core.keyword.internal.KeywordMain.stepFailed(KeywordMain.groovy:50)
	at com.kms.katalon.core.keyword.internal.KeywordMain.stepFailed(KeywordMain.groovy)
	at com.kms.katalon.core.keyword.internal.KeywordMain.stepFailed(KeywordMain.groovy:23)
	at com.kms.katalon.core.keyword.internal.KeywordMain$stepFailed$0.call(Unknown Source)
	at com.kms.katalon.core.cucumber.keyword.CucumberBuiltinKeywords$_runFeatureFile_closure1.doCall(CucumberBuiltinKeywords.groovy:82)
	at com.kms.katalon.core.cucumber.keyword.CucumberBuiltinKeywords$_runFeatureFile_closure1.doCall(CucumberBuiltinKeywords.groovy)
	at com.kms.katalon.core.keyword.internal.KeywordMain.runKeyword(KeywordMain.groovy:68)
	at com.kms.katalon.core.keyword.internal.KeywordMain$runKeyword.call(Unknown Source)
	at com.kms.katalon.core.cucumber.keyword.CucumberBuiltinKeywords.runFeatureFile(CucumberBuiltinKeywords.groovy:46)
	at com.kms.katalon.core.cucumber.keyword.CucumberBuiltinKeywords$runFeatureFile$0.callStatic(Unknown Source)
	at com.kms.katalon.core.cucumber.keyword.CucumberBuiltinKeywords.runFeatureFile(CucumberBuiltinKeywords.groovy:169)
	at com.kms.katalon.core.cucumber.keyword.CucumberBuiltinKeywords$runFeatureFile.call(Unknown Source)
	at TC_Hold_Payment.run(TC_Hold_Payment:18)
	at com.kms.katalon.core.main.ScriptEngine.run(ScriptEngine.java:194)
	at com.kms.katalon.core.main.ScriptEngine.runScriptAsRawText(ScriptEngine.java:119)
	at com.kms.katalon.core.main.TestCaseExecutor.runScript(TestCaseExecutor.java:339)
	at com.kms.katalon.core.main.TestCaseExecutor.doExecute(TestCaseExecutor.java:330)
	at com.kms.katalon.core.main.TestCaseExecutor.processExecutionPhase(TestCaseExecutor.java:309)
	at com.kms.katalon.core.main.TestCaseExecutor.accessMainPhase(TestCaseExecutor.java:301)
	at com.kms.katalon.core.main.TestCaseExecutor.execute(TestCaseExecutor.java:235)
	at com.kms.katalon.core.main.TestSuiteExecutor.accessTestCaseMainPhase(TestSuiteExecutor.java:191)
	at com.kms.katalon.core.main.TestSuiteExecutor.accessTestSuiteMainPhase(TestSuiteExecutor.java:141)
	at com.kms.katalon.core.main.TestSuiteExecutor.execute(TestSuiteExecutor.java:90)
	at com.kms.katalon.core.main.TestCaseMain.startTestSuite(TestCaseMain.java:157)
	at com.kms.katalon.core.main.TestCaseMain$startTestSuite$0.call(Unknown Source)
	at TempTestSuite1612505441004.run(TempTestSuite1612505441004.groovy:39)]]></system-err>
   </testsuite>
   <testsuite name="TS_Hold_Payment_Configuration" tests="4" failures="2" errors="0" time="102.128" timestamp="2021-02-05 13:45:24" hostname="chaidir.pratama01 - localhost" id="Test Suites/RTD/TS_Hold_Payment_Configuration">
      <properties>
         <property name="deviceName" value=""/>
         <property name="devicePlatform" value=""/>
         <property name="logFolder" value="/Users/chaidir.pratama01/Katalon Studio/IST_Automation_Git/Reports/20210205_131034/RTD/TS_Hold_Payment_Configuration/20210205_131042"/>
         <property name="logFiles" value="/Users/chaidir.pratama01/Katalon Studio/IST_Automation_Git/Reports/20210205_131034/RTD/TS_Hold_Payment_Configuration/20210205_131042/execution0.log"/>
         <property name="attachments" value="/Users/chaidir.pratama01/Documents/Docs/Katalon Studio/Screenshot/test-Hold Payment Configuration.png, /Users/chaidir.pratama01/Documents/Docs/Katalon Studio/Screenshot/test-Hold Payment Configuration.png, /Users/chaidir.pratama01/Documents/Docs/Katalon Studio/Screenshot/errorpopup.png, /Users/chaidir.pratama01/Documents/Docs/Katalon Studio/Screenshot/test-Hold Payment Configuration.png, /Users/chaidir.pratama01/Documents/Docs/Katalon Studio/Screenshot/errorpopup.png, /Users/chaidir.pratama01/Documents/Docs/Katalon Studio/Screenshot/test-Hold Payment Configuration.png, /Users/chaidir.pratama01/Documents/Docs/Katalon Studio/Screenshot/errorpopup.png, /Users/chaidir.pratama01/Documents/Docs/Katalon Studio/Screenshot/test-Hold Payment Configuration.png, /Users/chaidir.pratama01/Documents/Docs/Katalon Studio/Screenshot/errorpopup.png"/>
         <property name="hostName" value="chaidir.pratama01 - localhost"/>
         <property name="os" value="Mac OS X 64bit"/>
         <property name="katalonVersion" value="7.6.0.${buildNumber}"/>
         <property name="browser" value="Chrome 88.0.4324.146"/>
         <property name="hostAddress" value="127.0.0.1"/>
         <property name="sessionId" value="98718521746b8210ee8893935a71ca1e"/>
         <property name="seleniumVersion" value="3.141.59"/>
         <property name="proxyInformation" value="ProxyInformation { proxyOption=NO_PROXY, proxyServerType=HTTP, username=, password=********, proxyServerAddress=, proxyServerPort=0, executionList=\&quot;\&quot;, isApplyToDesiredCapabilities=true }"/>
         <property name="platform" value="Mac OS X"/>
      </properties>
      <testcase name="Test Cases/RTD/Hold Payment Configuration/TC_Release_Schedule" time="10.954" classname="Test Cases/RTD/Hold Payment Configuration/TC_Release_Schedule" status="FAILED">
         <failure type="FAILED" message="Test Cases/RTD/Hold Payment Configuration/TC_Release_Schedule FAILED.
Reason:
com.kms.katalon.core.exception.StepFailedException: Feature file 'Include/features/IST_Real/RTD/Hold Payment Configuration/Release_Schedule.feature' was failed
	at com.kms.katalon.core.keyword.internal.KeywordMain.stepFailed(KeywordMain.groovy:50)
	at com.kms.katalon.core.keyword.internal.KeywordMain.stepFailed(KeywordMain.groovy)
	at com.kms.katalon.core.keyword.internal.KeywordMain.stepFailed(KeywordMain.groovy:23)
	at com.kms.katalon.core.keyword.internal.KeywordMain$stepFailed$0.call(Unknown Source)
	at com.kms.katalon.core.cucumber.keyword.CucumberBuiltinKeywords$_runFeatureFile_closure1.doCall(CucumberBuiltinKeywords.groovy:82)
	at com.kms.katalon.core.cucumber.keyword.CucumberBuiltinKeywords$_runFeatureFile_closure1.doCall(CucumberBuiltinKeywords.groovy)
	at com.kms.katalon.core.keyword.internal.KeywordMain.runKeyword(KeywordMain.groovy:68)
	at com.kms.katalon.core.keyword.internal.KeywordMain$runKeyword.call(Unknown Source)
	at com.kms.katalon.core.cucumber.keyword.CucumberBuiltinKeywords.runFeatureFile(CucumberBuiltinKeywords.groovy:46)
	at com.kms.katalon.core.cucumber.keyword.CucumberBuiltinKeywords$runFeatureFile$0.callStatic(Unknown Source)
	at com.kms.katalon.core.cucumber.keyword.CucumberBuiltinKeywords.runFeatureFile(CucumberBuiltinKeywords.groovy:169)
	at com.kms.katalon.core.cucumber.keyword.CucumberBuiltinKeywords$runFeatureFile.call(Unknown Source)
	at TC_Release_Schedule.run(TC_Release_Schedule:18)
	at com.kms.katalon.core.main.ScriptEngine.run(ScriptEngine.java:194)
	at com.kms.katalon.core.main.ScriptEngine.runScriptAsRawText(ScriptEngine.java:119)
	at com.kms.katalon.core.main.TestCaseExecutor.runScript(TestCaseExecutor.java:339)
	at com.kms.katalon.core.main.TestCaseExecutor.doExecute(TestCaseExecutor.java:330)
	at com.kms.katalon.core.main.TestCaseExecutor.processExecutionPhase(TestCaseExecutor.java:309)
	at com.kms.katalon.core.main.TestCaseExecutor.accessMainPhase(TestCaseExecutor.java:301)
	at com.kms.katalon.core.main.TestCaseExecutor.execute(TestCaseExecutor.java:235)
	at com.kms.katalon.core.main.TestSuiteExecutor.accessTestCaseMainPhase(TestSuiteExecutor.java:191)
	at com.kms.katalon.core.main.TestSuiteExecutor.accessTestSuiteMainPhase(TestSuiteExecutor.java:141)
	at com.kms.katalon.core.main.TestSuiteExecutor.execute(TestSuiteExecutor.java:90)
	at com.kms.katalon.core.main.TestCaseMain.startTestSuite(TestCaseMain.java:157)
	at com.kms.katalon.core.main.TestCaseMain$startTestSuite$0.call(Unknown Source)
	at TempTestSuite1612505442064.run(TempTestSuite1612505442064.groovy:39)
"/>
         <system-out><![CDATA[2021-02-05 13:45:24 - [TEST_CASE][FAILED] - Test Cases/RTD/Hold Payment Configuration/TC_Release_Schedule: Test Cases/RTD/Hold Payment Configuration/TC_Release_Schedule FAILED.
Reason:
com.kms.katalon.core.exception.StepFailedException: Feature file 'Include/features/IST_Real/RTD/Hold Payment Configuration/Release_Schedule.feature' was failed
	at com.kms.katalon.core.keyword.internal.KeywordMain.stepFailed(KeywordMain.groovy:50)
	at com.kms.katalon.core.keyword.internal.KeywordMain.stepFailed(KeywordMain.groovy)
	at com.kms.katalon.core.keyword.internal.KeywordMain.stepFailed(KeywordMain.groovy:23)
	at com.kms.katalon.core.keyword.internal.KeywordMain$stepFailed$0.call(Unknown Source)
	at com.kms.katalon.core.cucumber.keyword.CucumberBuiltinKeywords$_runFeatureFile_closure1.doCall(CucumberBuiltinKeywords.groovy:82)
	at com.kms.katalon.core.cucumber.keyword.CucumberBuiltinKeywords$_runFeatureFile_closure1.doCall(CucumberBuiltinKeywords.groovy)
	at com.kms.katalon.core.keyword.internal.KeywordMain.runKeyword(KeywordMain.groovy:68)
	at com.kms.katalon.core.keyword.internal.KeywordMain$runKeyword.call(Unknown Source)
	at com.kms.katalon.core.cucumber.keyword.CucumberBuiltinKeywords.runFeatureFile(CucumberBuiltinKeywords.groovy:46)
	at com.kms.katalon.core.cucumber.keyword.CucumberBuiltinKeywords$runFeatureFile$0.callStatic(Unknown Source)
	at com.kms.katalon.core.cucumber.keyword.CucumberBuiltinKeywords.runFeatureFile(CucumberBuiltinKeywords.groovy:169)
	at com.kms.katalon.core.cucumber.keyword.CucumberBuiltinKeywords$runFeatureFile.call(Unknown Source)
	at TC_Release_Schedule.run(TC_Release_Schedule:18)
	at com.kms.katalon.core.main.ScriptEngine.run(ScriptEngine.java:194)
	at com.kms.katalon.core.main.ScriptEngine.runScriptAsRawText(ScriptEngine.java:119)
	at com.kms.katalon.core.main.TestCaseExecutor.runScript(TestCaseExecutor.java:339)
	at com.kms.katalon.core.main.TestCaseExecutor.doExecute(TestCaseExecutor.java:330)
	at com.kms.katalon.core.main.TestCaseExecutor.processExecutionPhase(TestCaseExecutor.java:309)
	at com.kms.katalon.core.main.TestCaseExecutor.accessMainPhase(TestCaseExecutor.java:301)
	at com.kms.katalon.core.main.TestCaseExecutor.execute(TestCaseExecutor.java:235)
	at com.kms.katalon.core.main.TestSuiteExecutor.accessTestCaseMainPhase(TestSuiteExecutor.java:191)
	at com.kms.katalon.core.main.TestSuiteExecutor.accessTestSuiteMainPhase(TestSuiteExecutor.java:141)
	at com.kms.katalon.core.main.TestSuiteExecutor.execute(TestSuiteExecutor.java:90)
	at com.kms.katalon.core.main.TestCaseMain.startTestSuite(TestCaseMain.java:157)
	at com.kms.katalon.core.main.TestCaseMain$startTestSuite$0.call(Unknown Source)
	at TempTestSuite1612505442064.run(TempTestSuite1612505442064.groovy:39)


2021-02-05 13:45:24 - [TEST_STEP][FAILED] - runFeatureFile("Include/features/IST_Real/RTD/Hold Payment Configuration/Release_Schedule.feature"): Keyword runFeatureFile was failed (Root cause: com.kms.katalon.core.exception.StepFailedException: Feature file 'Include/features/IST_Real/RTD/Hold Payment Configuration/Release_Schedule.feature' was failed
	at com.kms.katalon.core.keyword.internal.KeywordMain.stepFailed(KeywordMain.groovy:50)
	at com.kms.katalon.core.keyword.internal.KeywordMain.stepFailed(KeywordMain.groovy)
	at com.kms.katalon.core.keyword.internal.KeywordMain.stepFailed(KeywordMain.groovy:23)
	at com.kms.katalon.core.keyword.internal.KeywordMain$stepFailed$0.call(Unknown Source)
	at com.kms.katalon.core.cucumber.keyword.CucumberBuiltinKeywords$_runFeatureFile_closure1.doCall(CucumberBuiltinKeywords.groovy:82)
	at com.kms.katalon.core.cucumber.keyword.CucumberBuiltinKeywords$_runFeatureFile_closure1.doCall(CucumberBuiltinKeywords.groovy)
	at com.kms.katalon.core.keyword.internal.KeywordMain.runKeyword(KeywordMain.groovy:68)
	at com.kms.katalon.core.keyword.internal.KeywordMain$runKeyword.call(Unknown Source)
	at com.kms.katalon.core.cucumber.keyword.CucumberBuiltinKeywords.runFeatureFile(CucumberBuiltinKeywords.groovy:46)
	at com.kms.katalon.core.cucumber.keyword.CucumberBuiltinKeywords$runFeatureFile$0.callStatic(Unknown Source)
	at com.kms.katalon.core.cucumber.keyword.CucumberBuiltinKeywords.runFeatureFile(CucumberBuiltinKeywords.groovy:169)
	at com.kms.katalon.core.cucumber.keyword.CucumberBuiltinKeywords$runFeatureFile.call(Unknown Source)
	at TC_Release_Schedule.run(TC_Release_Schedule:18)
	at com.kms.katalon.core.main.ScriptEngine.run(ScriptEngine.java:194)
	at com.kms.katalon.core.main.ScriptEngine.runScriptAsRawText(ScriptEngine.java:119)
	at com.kms.katalon.core.main.TestCaseExecutor.runScript(TestCaseExecutor.java:339)
	at com.kms.katalon.core.main.TestCaseExecutor.doExecute(TestCaseExecutor.java:330)
	at com.kms.katalon.core.main.TestCaseExecutor.processExecutionPhase(TestCaseExecutor.java:309)
	at com.kms.katalon.core.main.TestCaseExecutor.accessMainPhase(TestCaseExecutor.java:301)
	at com.kms.katalon.core.main.TestCaseExecutor.execute(TestCaseExecutor.java:235)
	at com.kms.katalon.core.main.TestSuiteExecutor.accessTestCaseMainPhase(TestSuiteExecutor.java:191)
	at com.kms.katalon.core.main.TestSuiteExecutor.accessTestSuiteMainPhase(TestSuiteExecutor.java:141)
	at com.kms.katalon.core.main.TestSuiteExecutor.execute(TestSuiteExecutor.java:90)
	at com.kms.katalon.core.main.TestCaseMain.startTestSuite(TestCaseMain.java:157)
	at com.kms.katalon.core.main.TestCaseMain$startTestSuite$0.call(Unknown Source)
	at TempTestSuite1612505442064.run(TempTestSuite1612505442064.groovy:39)
)

2021-02-05 13:45:24 - [MESSAGE][INFO] - Starting run keyword runFeatureFile: 'Include/features/IST_Real/RTD/Hold Payment Configuration/Release_Schedule.feature' and extract report to folder: '/Users/chaidir.pratama01/Katalon Studio/IST_Automation_Git/Reports/20210205_131034/RTD/TS_Hold_Payment_Configuration/20210205_131042/cucumber_report/1612507524855'...

2021-02-05 13:45:25 - [TEST_CASE][ERROR] - Start Test Case : SCENARIO Release Schedule: SCENARIO Release Schedule FAILED.
Reason:
org.openqa.selenium.NoSuchElementException: no such element: Unable to locate element: {"method":"xpath","selector":"//tbody/tr/td/div/button[text()='Release']/../../preceding-sibling::td[4]/div/span"}
  (Session info: headless chrome=88.0.4324.146)
For documentation on this error, please visit: https://www.seleniumhq.org/exceptions/no_such_element.html
Build info: version: '3.141.59', revision: 'e82be7d358', time: '2018-11-14T08:25:53'
System info: host: 'M-Chaidir-Pratama.local', ip: 'fe80:0:0:0:18fe:1cc7:1896:224b%en0', os.name: 'Mac OS X', os.arch: 'x86_64', os.version: '10.15', java.version: '1.8.0_181'
Driver info: com.kms.katalon.selenium.driver.CChromeDriver
Capabilities {acceptInsecureCerts: false, browserName: chrome, browserVersion: 88.0.4324.146, chrome: {chromedriverVersion: 87.0.4280.88 (89e2380a3e36c..., userDataDir: /var/folders/0s/4_d154xd6dq...}, goog:chromeOptions: {debuggerAddress: localhost:59462}, javascriptEnabled: true, networkConnectionEnabled: false, pageLoadStrategy: normal, platform: MAC, platformName: MAC, proxy: Proxy(), setWindowRect: true, strictFileInteractability: false, timeouts: {implicit: 0, pageLoad: 300000, script: 30000}, unhandledPromptBehavior: dismiss and notify, webauthn:virtualAuthenticators: true}
Session ID: ba75faeaf3a7fdac58c6235dac9c8eda
*** Element info: {Using=xpath, value=//tbody/tr/td/div/button[text()='Release']/../../preceding-sibling::td[4]/div/span}
	at org.openqa.selenium.remote.http.W3CHttpResponseCodec.createException(W3CHttpResponseCodec.java:187)
	at org.openqa.selenium.remote.http.W3CHttpResponseCodec.decode(W3CHttpResponseCodec.java:122)
	at org.openqa.selenium.remote.http.W3CHttpResponseCodec.decode(W3CHttpResponseCodec.java:49)
	at org.openqa.selenium.remote.HttpCommandExecutor.execute(HttpCommandExecutor.java:158)
	at org.openqa.selenium.remote.service.DriverCommandExecutor.execute(DriverCommandExecutor.java:83)
	at org.openqa.selenium.remote.RemoteWebDriver.execute(RemoteWebDriver.java:552)
	at com.kms.katalon.selenium.driver.CChromeDriver.execute(CChromeDriver.java:19)
	at org.openqa.selenium.remote.RemoteWebDriver.findElement(RemoteWebDriver.java:323)
	at org.openqa.selenium.remote.RemoteWebDriver.findElementByXPath(RemoteWebDriver.java:428)
	at org.openqa.selenium.By$ByXPath.findElement(By.java:353)
	at org.openqa.selenium.remote.RemoteWebDriver.findElement(RemoteWebDriver.java:315)
	at org.openqa.selenium.support.events.EventFiringWebDriver.lambda$new$1(EventFiringWebDriver.java:105)
	at com.sun.proxy.$Proxy18.findElement(Unknown Source)
	at org.openqa.selenium.support.events.EventFiringWebDriver.findElement(EventFiringWebDriver.java:194)
	at org.openqa.selenium.WebDriver$findElement.call(Unknown Source)
	at RTD.button_release_and_its_Data(RTD.groovy:439)
	at âœ½.Click button "Release" and Verify data(/Users/chaidir.pratama01/Katalon Studio/IST_Automation_Git/Include/features/IST_Real/RTD/Hold Payment Configuration/Release_Schedule.feature:32)


2021-02-05 13:45:25 - [TEST_STEP][PASSED] - Go to ISTools: Go to ISTools

2021-02-05 13:45:25 - [MESSAGE][INFO] - Starting 'Chrome (headless)' driver

2021-02-05 13:45:25 - [MESSAGE][INFO] - User set preference: ['args', '[--start-maximized, --disable-gpu, --no-proxy-server, â€“-no-sandbox, --allow-running-insecure-content, --ignore-certificate-errors, window-size=1680,814, force-device-scale-factor=2, --lang=en-GB]']

2021-02-05 13:45:25 - [MESSAGE][INFO] - User set preference: ['prefs', '{download.default_directory=/Users/chaidir.pratama01/Katalon Studio/IST_Automation_Git/Download}']

2021-02-05 13:45:25 - [MESSAGE][INFO] - Action delay is set to 0 milliseconds

2021-02-05 13:45:26 - [MESSAGE][PASSED] - Browser is opened with url: ''

2021-02-05 13:45:30 - [MESSAGE][PASSED] - Navigate to 'https://dev-istools.homecredit.id/foundation/' successfully

2021-02-05 13:45:30 - [MESSAGE][PASSED] - Go to ISTools

2021-02-05 13:45:30 - [TEST_STEP][PASSED] - Login IST with valid credentials: Login IST with valid credentials

2021-02-05 13:45:30 - [MESSAGE][PASSED] - Text 'mobile.test' is set on object 'Object Repository/Page_/input_Username_j_username'

2021-02-05 13:45:30 - [MESSAGE][PASSED] - Text ****** has been set on object 'Object Repository/Page_/input_Password_j_password'

2021-02-05 13:45:31 - [MESSAGE][PASSED] - Object: 'Object Repository/Page_/button_Login' is clicked on

2021-02-05 13:45:31 - [MESSAGE][PASSED] - Login IST with valid credentials

2021-02-05 13:45:31 - [TEST_STEP][PASSED] - Login Success: Login Success

2021-02-05 13:45:31 - [MESSAGE][INFO] - Login Success

2021-02-05 13:45:31 - [MESSAGE][PASSED] - Current window maximized

2021-02-05 13:45:31 - [MESSAGE][PASSED] - Object 'Object Repository/Page_/h1_Welcome to IT Supporting Tools' is present

2021-02-05 13:45:31 - [MESSAGE][PASSED] - Login Success

2021-02-05 13:45:31 - [TEST_STEP][PASSED] - Select Arrow Menu "Real Time Disbursement": Select Arrow Menu "Real Time Disbursement"

2021-02-05 13:45:31 - [MESSAGE][PASSED] - Object: '' is clicked on

2021-02-05 13:45:31 - [MESSAGE][PASSED] - Select Arrow Menu "Real Time Disbursement"

2021-02-05 13:45:31 - [TEST_STEP][PASSED] - Select Menu "Hold Payment Configuration": Select Menu "Hold Payment Configuration"

2021-02-05 13:45:32 - [MESSAGE][PASSED] - Taking screenshot successfully
[[ATTACHMENT|/Users/chaidir.pratama01/Documents/Docs/Katalon Studio/Screenshot/test-Hold Payment Configuration.png]]

2021-02-05 13:45:32 - [MESSAGE][PASSED] - Object '' is present

2021-02-05 13:45:32 - [MESSAGE][PASSED] - Object: '' is clicked on

2021-02-05 13:45:32 - [MESSAGE][PASSED] - Wait for page load successfully

2021-02-05 13:45:32 - [MESSAGE][PASSED] - Select Menu "Hold Payment Configuration"

2021-02-05 13:45:32 - [TEST_STEP][ERROR] - Click button "Release" and Verify data: Click button "Release" and Verify data FAILED.
Reason:
org.openqa.selenium.NoSuchElementException: no such element: Unable to locate element: {"method":"xpath","selector":"//tbody/tr/td/div/button[text()='Release']/../../preceding-sibling::td[4]/div/span"}
  (Session info: headless chrome=88.0.4324.146)
For documentation on this error, please visit: https://www.seleniumhq.org/exceptions/no_such_element.html
Build info: version: '3.141.59', revision: 'e82be7d358', time: '2018-11-14T08:25:53'
System info: host: 'M-Chaidir-Pratama.local', ip: 'fe80:0:0:0:18fe:1cc7:1896:224b%en0', os.name: 'Mac OS X', os.arch: 'x86_64', os.version: '10.15', java.version: '1.8.0_181'
Driver info: com.kms.katalon.selenium.driver.CChromeDriver
Capabilities {acceptInsecureCerts: false, browserName: chrome, browserVersion: 88.0.4324.146, chrome: {chromedriverVersion: 87.0.4280.88 (89e2380a3e36c..., userDataDir: /var/folders/0s/4_d154xd6dq...}, goog:chromeOptions: {debuggerAddress: localhost:59462}, javascriptEnabled: true, networkConnectionEnabled: false, pageLoadStrategy: normal, platform: MAC, platformName: MAC, proxy: Proxy(), setWindowRect: true, strictFileInteractability: false, timeouts: {implicit: 0, pageLoad: 300000, script: 30000}, unhandledPromptBehavior: dismiss and notify, webauthn:virtualAuthenticators: true}
Session ID: ba75faeaf3a7fdac58c6235dac9c8eda
*** Element info: {Using=xpath, value=//tbody/tr/td/div/button[text()='Release']/../../preceding-sibling::td[4]/div/span}
	at org.openqa.selenium.remote.http.W3CHttpResponseCodec.createException(W3CHttpResponseCodec.java:187)
	at org.openqa.selenium.remote.http.W3CHttpResponseCodec.decode(W3CHttpResponseCodec.java:122)
	at org.openqa.selenium.remote.http.W3CHttpResponseCodec.decode(W3CHttpResponseCodec.java:49)
	at org.openqa.selenium.remote.HttpCommandExecutor.execute(HttpCommandExecutor.java:158)
	at org.openqa.selenium.remote.service.DriverCommandExecutor.execute(DriverCommandExecutor.java:83)
	at org.openqa.selenium.remote.RemoteWebDriver.execute(RemoteWebDriver.java:552)
	at com.kms.katalon.selenium.driver.CChromeDriver.execute(CChromeDriver.java:19)
	at org.openqa.selenium.remote.RemoteWebDriver.findElement(RemoteWebDriver.java:323)
	at org.openqa.selenium.remote.RemoteWebDriver.findElementByXPath(RemoteWebDriver.java:428)
	at org.openqa.selenium.By$ByXPath.findElement(By.java:353)
	at org.openqa.selenium.remote.RemoteWebDriver.findElement(RemoteWebDriver.java:315)
	at org.openqa.selenium.support.events.EventFiringWebDriver.lambda$new$1(EventFiringWebDriver.java:105)
	at com.sun.proxy.$Proxy18.findElement(Unknown Source)
	at org.openqa.selenium.support.events.EventFiringWebDriver.findElement(EventFiringWebDriver.java:194)
	at org.openqa.selenium.WebDriver$findElement.call(Unknown Source)
	at RTD.button_release_and_its_Data(RTD.groovy:439)
	at âœ½.Click button "Release" and Verify data(/Users/chaidir.pratama01/Katalon Studio/IST_Automation_Git/Include/features/IST_Real/RTD/Hold Payment Configuration/Release_Schedule.feature:32)


2021-02-05 13:45:35 - [MESSAGE][PASSED] - Delayed 3 second(s)

2021-02-05 13:45:35 - [MESSAGE][ERROR] - Click button "Release" and Verify data FAILED.
Reason:
org.openqa.selenium.NoSuchElementException: no such element: Unable to locate element: {"method":"xpath","selector":"//tbody/tr/td/div/button[text()='Release']/../../preceding-sibling::td[4]/div/span"}
  (Session info: headless chrome=88.0.4324.146)
For documentation on this error, please visit: https://www.seleniumhq.org/exceptions/no_such_element.html
Build info: version: '3.141.59', revision: 'e82be7d358', time: '2018-11-14T08:25:53'
System info: host: 'M-Chaidir-Pratama.local', ip: 'fe80:0:0:0:18fe:1cc7:1896:224b%en0', os.name: 'Mac OS X', os.arch: 'x86_64', os.version: '10.15', java.version: '1.8.0_181'
Driver info: com.kms.katalon.selenium.driver.CChromeDriver
Capabilities {acceptInsecureCerts: false, browserName: chrome, browserVersion: 88.0.4324.146, chrome: {chromedriverVersion: 87.0.4280.88 (89e2380a3e36c..., userDataDir: /var/folders/0s/4_d154xd6dq...}, goog:chromeOptions: {debuggerAddress: localhost:59462}, javascriptEnabled: true, networkConnectionEnabled: false, pageLoadStrategy: normal, platform: MAC, platformName: MAC, proxy: Proxy(), setWindowRect: true, strictFileInteractability: false, timeouts: {implicit: 0, pageLoad: 300000, script: 30000}, unhandledPromptBehavior: dismiss and notify, webauthn:virtualAuthenticators: true}
Session ID: ba75faeaf3a7fdac58c6235dac9c8eda
*** Element info: {Using=xpath, value=//tbody/tr/td/div/button[text()='Release']/../../preceding-sibling::td[4]/div/span}
	at org.openqa.selenium.remote.http.W3CHttpResponseCodec.createException(W3CHttpResponseCodec.java:187)
	at org.openqa.selenium.remote.http.W3CHttpResponseCodec.decode(W3CHttpResponseCodec.java:122)
	at org.openqa.selenium.remote.http.W3CHttpResponseCodec.decode(W3CHttpResponseCodec.java:49)
	at org.openqa.selenium.remote.HttpCommandExecutor.execute(HttpCommandExecutor.java:158)
	at org.openqa.selenium.remote.service.DriverCommandExecutor.execute(DriverCommandExecutor.java:83)
	at org.openqa.selenium.remote.RemoteWebDriver.execute(RemoteWebDriver.java:552)
	at com.kms.katalon.selenium.driver.CChromeDriver.execute(CChromeDriver.java:19)
	at org.openqa.selenium.remote.RemoteWebDriver.findElement(RemoteWebDriver.java:323)
	at org.openqa.selenium.remote.RemoteWebDriver.findElementByXPath(RemoteWebDriver.java:428)
	at org.openqa.selenium.By$ByXPath.findElement(By.java:353)
	at org.openqa.selenium.remote.RemoteWebDriver.findElement(RemoteWebDriver.java:315)
	at org.openqa.selenium.support.events.EventFiringWebDriver.lambda$new$1(EventFiringWebDriver.java:105)
	at com.sun.proxy.$Proxy18.findElement(Unknown Source)
	at org.openqa.selenium.support.events.EventFiringWebDriver.findElement(EventFiringWebDriver.java:194)
	at org.openqa.selenium.WebDriver$findElement.call(Unknown Source)
	at RTD.button_release_and_its_Data(RTD.groovy:439)
	at âœ½.Click button "Release" and Verify data(/Users/chaidir.pratama01/Katalon Studio/IST_Automation_Git/Include/features/IST_Real/RTD/Hold Payment Configuration/Release_Schedule.feature:32)


2021-02-05 13:45:35 - [TEST_STEP][NOT_RUN] - Get text from pop up "Confirm" with text "Are you sure want to release this param?": Get text from pop up "Confirm" with text "Are you sure want to release this param?"

2021-02-05 13:45:35 - [MESSAGE][NOT_RUN] - Get text from pop up "Confirm" with text "Are you sure want to release this param?"

2021-02-05 13:45:35 - [TEST_STEP][NOT_RUN] - Click button "Yes": Click button "Yes"

2021-02-05 13:45:35 - [MESSAGE][NOT_RUN] - Click button "Yes"

2021-02-05 13:45:35 - [TEST_STEP][NOT_RUN] - Verify Data dont Exist: Verify Data dont Exist

2021-02-05 13:45:35 - [MESSAGE][NOT_RUN] - Verify Data dont Exist

2021-02-05 13:45:35 - [MESSAGE][FAILED] - Feature file 'Include/features/IST_Real/RTD/Hold Payment Configuration/Release_Schedule.feature' was failed

2021-02-05 13:45:35 - [MESSAGE][FAILED] - Keyword runFeatureFile was failed (Root cause: com.kms.katalon.core.exception.StepFailedException: Feature file 'Include/features/IST_Real/RTD/Hold Payment Configuration/Release_Schedule.feature' was failed
	at com.kms.katalon.core.keyword.internal.KeywordMain.stepFailed(KeywordMain.groovy:50)
	at com.kms.katalon.core.keyword.internal.KeywordMain.stepFailed(KeywordMain.groovy)
	at com.kms.katalon.core.keyword.internal.KeywordMain.stepFailed(KeywordMain.groovy:23)
	at com.kms.katalon.core.keyword.internal.KeywordMain$stepFailed$0.call(Unknown Source)
	at com.kms.katalon.core.cucumber.keyword.CucumberBuiltinKeywords$_runFeatureFile_closure1.doCall(CucumberBuiltinKeywords.groovy:82)
	at com.kms.katalon.core.cucumber.keyword.CucumberBuiltinKeywords$_runFeatureFile_closure1.doCall(CucumberBuiltinKeywords.groovy)
	at com.kms.katalon.core.keyword.internal.KeywordMain.runKeyword(KeywordMain.groovy:68)
	at com.kms.katalon.core.keyword.internal.KeywordMain$runKeyword.call(Unknown Source)
	at com.kms.katalon.core.cucumber.keyword.CucumberBuiltinKeywords.runFeatureFile(CucumberBuiltinKeywords.groovy:46)
	at com.kms.katalon.core.cucumber.keyword.CucumberBuiltinKeywords$runFeatureFile$0.callStatic(Unknown Source)
	at com.kms.katalon.core.cucumber.keyword.CucumberBuiltinKeywords.runFeatureFile(CucumberBuiltinKeywords.groovy:169)
	at com.kms.katalon.core.cucumber.keyword.CucumberBuiltinKeywords$runFeatureFile.call(Unknown Source)
	at TC_Release_Schedule.run(TC_Release_Schedule:18)
	at com.kms.katalon.core.main.ScriptEngine.run(ScriptEngine.java:194)
	at com.kms.katalon.core.main.ScriptEngine.runScriptAsRawText(ScriptEngine.java:119)
	at com.kms.katalon.core.main.TestCaseExecutor.runScript(TestCaseExecutor.java:339)
	at com.kms.katalon.core.main.TestCaseExecutor.doExecute(TestCaseExecutor.java:330)
	at com.kms.katalon.core.main.TestCaseExecutor.processExecutionPhase(TestCaseExecutor.java:309)
	at com.kms.katalon.core.main.TestCaseExecutor.accessMainPhase(TestCaseExecutor.java:301)
	at com.kms.katalon.core.main.TestCaseExecutor.execute(TestCaseExecutor.java:235)
	at com.kms.katalon.core.main.TestSuiteExecutor.accessTestCaseMainPhase(TestSuiteExecutor.java:191)
	at com.kms.katalon.core.main.TestSuiteExecutor.accessTestSuiteMainPhase(TestSuiteExecutor.java:141)
	at com.kms.katalon.core.main.TestSuiteExecutor.execute(TestSuiteExecutor.java:90)
	at com.kms.katalon.core.main.TestCaseMain.startTestSuite(TestCaseMain.java:157)
	at com.kms.katalon.core.main.TestCaseMain$startTestSuite$0.call(Unknown Source)
	at TempTestSuite1612505442064.run(TempTestSuite1612505442064.groovy:39)
)]]></system-out>
         <system-err><![CDATA[2021-02-05 13:45:24 - [TEST_CASE][FAILED] - Test Cases/RTD/Hold Payment Configuration/TC_Release_Schedule: Test Cases/RTD/Hold Payment Configuration/TC_Release_Schedule FAILED.
Reason:
com.kms.katalon.core.exception.StepFailedException: Feature file 'Include/features/IST_Real/RTD/Hold Payment Configuration/Release_Schedule.feature' was failed
	at com.kms.katalon.core.keyword.internal.KeywordMain.stepFailed(KeywordMain.groovy:50)
	at com.kms.katalon.core.keyword.internal.KeywordMain.stepFailed(KeywordMain.groovy)
	at com.kms.katalon.core.keyword.internal.KeywordMain.stepFailed(KeywordMain.groovy:23)
	at com.kms.katalon.core.keyword.internal.KeywordMain$stepFailed$0.call(Unknown Source)
	at com.kms.katalon.core.cucumber.keyword.CucumberBuiltinKeywords$_runFeatureFile_closure1.doCall(CucumberBuiltinKeywords.groovy:82)
	at com.kms.katalon.core.cucumber.keyword.CucumberBuiltinKeywords$_runFeatureFile_closure1.doCall(CucumberBuiltinKeywords.groovy)
	at com.kms.katalon.core.keyword.internal.KeywordMain.runKeyword(KeywordMain.groovy:68)
	at com.kms.katalon.core.keyword.internal.KeywordMain$runKeyword.call(Unknown Source)
	at com.kms.katalon.core.cucumber.keyword.CucumberBuiltinKeywords.runFeatureFile(CucumberBuiltinKeywords.groovy:46)
	at com.kms.katalon.core.cucumber.keyword.CucumberBuiltinKeywords$runFeatureFile$0.callStatic(Unknown Source)
	at com.kms.katalon.core.cucumber.keyword.CucumberBuiltinKeywords.runFeatureFile(CucumberBuiltinKeywords.groovy:169)
	at com.kms.katalon.core.cucumber.keyword.CucumberBuiltinKeywords$runFeatureFile.call(Unknown Source)
	at TC_Release_Schedule.run(TC_Release_Schedule:18)
	at com.kms.katalon.core.main.ScriptEngine.run(ScriptEngine.java:194)
	at com.kms.katalon.core.main.ScriptEngine.runScriptAsRawText(ScriptEngine.java:119)
	at com.kms.katalon.core.main.TestCaseExecutor.runScript(TestCaseExecutor.java:339)
	at com.kms.katalon.core.main.TestCaseExecutor.doExecute(TestCaseExecutor.java:330)
	at com.kms.katalon.core.main.TestCaseExecutor.processExecutionPhase(TestCaseExecutor.java:309)
	at com.kms.katalon.core.main.TestCaseExecutor.accessMainPhase(TestCaseExecutor.java:301)
	at com.kms.katalon.core.main.TestCaseExecutor.execute(TestCaseExecutor.java:235)
	at com.kms.katalon.core.main.TestSuiteExecutor.accessTestCaseMainPhase(TestSuiteExecutor.java:191)
	at com.kms.katalon.core.main.TestSuiteExecutor.accessTestSuiteMainPhase(TestSuiteExecutor.java:141)
	at com.kms.katalon.core.main.TestSuiteExecutor.execute(TestSuiteExecutor.java:90)
	at com.kms.katalon.core.main.TestCaseMain.startTestSuite(TestCaseMain.java:157)
	at com.kms.katalon.core.main.TestCaseMain$startTestSuite$0.call(Unknown Source)
	at TempTestSuite1612505442064.run(TempTestSuite1612505442064.groovy:39)]]></system-err>
      </testcase>
      <testcase name="Test Cases/RTD/Hold Payment Configuration/TC_Add_New_Schedule" time="20.557" classname="Test Cases/RTD/Hold Payment Configuration/TC_Add_New_Schedule" status="FAILED">
         <failure type="FAILED" message="Test Cases/RTD/Hold Payment Configuration/TC_Add_New_Schedule FAILED.
Reason:
com.kms.katalon.core.exception.StepFailedException: Feature file 'Include/features/IST_Real/RTD/Hold Payment Configuration/Add_New_Schedule.feature' was failed
	at com.kms.katalon.core.keyword.internal.KeywordMain.stepFailed(KeywordMain.groovy:50)
	at com.kms.katalon.core.keyword.internal.KeywordMain.stepFailed(KeywordMain.groovy)
	at com.kms.katalon.core.keyword.internal.KeywordMain.stepFailed(KeywordMain.groovy:23)
	at com.kms.katalon.core.keyword.internal.KeywordMain$stepFailed$0.call(Unknown Source)
	at com.kms.katalon.core.cucumber.keyword.CucumberBuiltinKeywords$_runFeatureFile_closure1.doCall(CucumberBuiltinKeywords.groovy:82)
	at com.kms.katalon.core.cucumber.keyword.CucumberBuiltinKeywords$_runFeatureFile_closure1.doCall(CucumberBuiltinKeywords.groovy)
	at com.kms.katalon.core.keyword.internal.KeywordMain.runKeyword(KeywordMain.groovy:68)
	at com.kms.katalon.core.keyword.internal.KeywordMain$runKeyword.call(Unknown Source)
	at com.kms.katalon.core.cucumber.keyword.CucumberBuiltinKeywords.runFeatureFile(CucumberBuiltinKeywords.groovy:46)
	at com.kms.katalon.core.cucumber.keyword.CucumberBuiltinKeywords$runFeatureFile$0.callStatic(Unknown Source)
	at com.kms.katalon.core.cucumber.keyword.CucumberBuiltinKeywords.runFeatureFile(CucumberBuiltinKeywords.groovy:169)
	at com.kms.katalon.core.cucumber.keyword.CucumberBuiltinKeywords$runFeatureFile.call(Unknown Source)
	at TC_Add_New_Schedule.run(TC_Add_New_Schedule:18)
	at com.kms.katalon.core.main.ScriptEngine.run(ScriptEngine.java:194)
	at com.kms.katalon.core.main.ScriptEngine.runScriptAsRawText(ScriptEngine.java:119)
	at com.kms.katalon.core.main.TestCaseExecutor.runScript(TestCaseExecutor.java:339)
	at com.kms.katalon.core.main.TestCaseExecutor.doExecute(TestCaseExecutor.java:330)
	at com.kms.katalon.core.main.TestCaseExecutor.processExecutionPhase(TestCaseExecutor.java:309)
	at com.kms.katalon.core.main.TestCaseExecutor.accessMainPhase(TestCaseExecutor.java:301)
	at com.kms.katalon.core.main.TestCaseExecutor.execute(TestCaseExecutor.java:235)
	at com.kms.katalon.core.main.TestSuiteExecutor.accessTestCaseMainPhase(TestSuiteExecutor.java:191)
	at com.kms.katalon.core.main.TestSuiteExecutor.accessTestSuiteMainPhase(TestSuiteExecutor.java:141)
	at com.kms.katalon.core.main.TestSuiteExecutor.execute(TestSuiteExecutor.java:90)
	at com.kms.katalon.core.main.TestCaseMain.startTestSuite(TestCaseMain.java:157)
	at com.kms.katalon.core.main.TestCaseMain$startTestSuite$0.call(Unknown Source)
	at TempTestSuite1612505442064.run(TempTestSuite1612505442064.groovy:39)
"/>
         <system-out><![CDATA[2021-02-05 13:45:35 - [TEST_CASE][FAILED] - Test Cases/RTD/Hold Payment Configuration/TC_Add_New_Schedule: Test Cases/RTD/Hold Payment Configuration/TC_Add_New_Schedule FAILED.
Reason:
com.kms.katalon.core.exception.StepFailedException: Feature file 'Include/features/IST_Real/RTD/Hold Payment Configuration/Add_New_Schedule.feature' was failed
	at com.kms.katalon.core.keyword.internal.KeywordMain.stepFailed(KeywordMain.groovy:50)
	at com.kms.katalon.core.keyword.internal.KeywordMain.stepFailed(KeywordMain.groovy)
	at com.kms.katalon.core.keyword.internal.KeywordMain.stepFailed(KeywordMain.groovy:23)
	at com.kms.katalon.core.keyword.internal.KeywordMain$stepFailed$0.call(Unknown Source)
	at com.kms.katalon.core.cucumber.keyword.CucumberBuiltinKeywords$_runFeatureFile_closure1.doCall(CucumberBuiltinKeywords.groovy:82)
	at com.kms.katalon.core.cucumber.keyword.CucumberBuiltinKeywords$_runFeatureFile_closure1.doCall(CucumberBuiltinKeywords.groovy)
	at com.kms.katalon.core.keyword.internal.KeywordMain.runKeyword(KeywordMain.groovy:68)
	at com.kms.katalon.core.keyword.internal.KeywordMain$runKeyword.call(Unknown Source)
	at com.kms.katalon.core.cucumber.keyword.CucumberBuiltinKeywords.runFeatureFile(CucumberBuiltinKeywords.groovy:46)
	at com.kms.katalon.core.cucumber.keyword.CucumberBuiltinKeywords$runFeatureFile$0.callStatic(Unknown Source)
	at com.kms.katalon.core.cucumber.keyword.CucumberBuiltinKeywords.runFeatureFile(CucumberBuiltinKeywords.groovy:169)
	at com.kms.katalon.core.cucumber.keyword.CucumberBuiltinKeywords$runFeatureFile.call(Unknown Source)
	at TC_Add_New_Schedule.run(TC_Add_New_Schedule:18)
	at com.kms.katalon.core.main.ScriptEngine.run(ScriptEngine.java:194)
	at com.kms.katalon.core.main.ScriptEngine.runScriptAsRawText(ScriptEngine.java:119)
	at com.kms.katalon.core.main.TestCaseExecutor.runScript(TestCaseExecutor.java:339)
	at com.kms.katalon.core.main.TestCaseExecutor.doExecute(TestCaseExecutor.java:330)
	at com.kms.katalon.core.main.TestCaseExecutor.processExecutionPhase(TestCaseExecutor.java:309)
	at com.kms.katalon.core.main.TestCaseExecutor.accessMainPhase(TestCaseExecutor.java:301)
	at com.kms.katalon.core.main.TestCaseExecutor.execute(TestCaseExecutor.java:235)
	at com.kms.katalon.core.main.TestSuiteExecutor.accessTestCaseMainPhase(TestSuiteExecutor.java:191)
	at com.kms.katalon.core.main.TestSuiteExecutor.accessTestSuiteMainPhase(TestSuiteExecutor.java:141)
	at com.kms.katalon.core.main.TestSuiteExecutor.execute(TestSuiteExecutor.java:90)
	at com.kms.katalon.core.main.TestCaseMain.startTestSuite(TestCaseMain.java:157)
	at com.kms.katalon.core.main.TestCaseMain$startTestSuite$0.call(Unknown Source)
	at TempTestSuite1612505442064.run(TempTestSuite1612505442064.groovy:39)


2021-02-05 13:45:35 - [TEST_STEP][FAILED] - runFeatureFile("Include/features/IST_Real/RTD/Hold Payment Configuration/Add_New_Schedule.feature"): Keyword runFeatureFile was failed (Root cause: com.kms.katalon.core.exception.StepFailedException: Feature file 'Include/features/IST_Real/RTD/Hold Payment Configuration/Add_New_Schedule.feature' was failed
	at com.kms.katalon.core.keyword.internal.KeywordMain.stepFailed(KeywordMain.groovy:50)
	at com.kms.katalon.core.keyword.internal.KeywordMain.stepFailed(KeywordMain.groovy)
	at com.kms.katalon.core.keyword.internal.KeywordMain.stepFailed(KeywordMain.groovy:23)
	at com.kms.katalon.core.keyword.internal.KeywordMain$stepFailed$0.call(Unknown Source)
	at com.kms.katalon.core.cucumber.keyword.CucumberBuiltinKeywords$_runFeatureFile_closure1.doCall(CucumberBuiltinKeywords.groovy:82)
	at com.kms.katalon.core.cucumber.keyword.CucumberBuiltinKeywords$_runFeatureFile_closure1.doCall(CucumberBuiltinKeywords.groovy)
	at com.kms.katalon.core.keyword.internal.KeywordMain.runKeyword(KeywordMain.groovy:68)
	at com.kms.katalon.core.keyword.internal.KeywordMain$runKeyword.call(Unknown Source)
	at com.kms.katalon.core.cucumber.keyword.CucumberBuiltinKeywords.runFeatureFile(CucumberBuiltinKeywords.groovy:46)
	at com.kms.katalon.core.cucumber.keyword.CucumberBuiltinKeywords$runFeatureFile$0.callStatic(Unknown Source)
	at com.kms.katalon.core.cucumber.keyword.CucumberBuiltinKeywords.runFeatureFile(CucumberBuiltinKeywords.groovy:169)
	at com.kms.katalon.core.cucumber.keyword.CucumberBuiltinKeywords$runFeatureFile.call(Unknown Source)
	at TC_Add_New_Schedule.run(TC_Add_New_Schedule:18)
	at com.kms.katalon.core.main.ScriptEngine.run(ScriptEngine.java:194)
	at com.kms.katalon.core.main.ScriptEngine.runScriptAsRawText(ScriptEngine.java:119)
	at com.kms.katalon.core.main.TestCaseExecutor.runScript(TestCaseExecutor.java:339)
	at com.kms.katalon.core.main.TestCaseExecutor.doExecute(TestCaseExecutor.java:330)
	at com.kms.katalon.core.main.TestCaseExecutor.processExecutionPhase(TestCaseExecutor.java:309)
	at com.kms.katalon.core.main.TestCaseExecutor.accessMainPhase(TestCaseExecutor.java:301)
	at com.kms.katalon.core.main.TestCaseExecutor.execute(TestCaseExecutor.java:235)
	at com.kms.katalon.core.main.TestSuiteExecutor.accessTestCaseMainPhase(TestSuiteExecutor.java:191)
	at com.kms.katalon.core.main.TestSuiteExecutor.accessTestSuiteMainPhase(TestSuiteExecutor.java:141)
	at com.kms.katalon.core.main.TestSuiteExecutor.execute(TestSuiteExecutor.java:90)
	at com.kms.katalon.core.main.TestCaseMain.startTestSuite(TestCaseMain.java:157)
	at com.kms.katalon.core.main.TestCaseMain$startTestSuite$0.call(Unknown Source)
	at TempTestSuite1612505442064.run(TempTestSuite1612505442064.groovy:39)
)

2021-02-05 13:45:35 - [MESSAGE][INFO] - Starting run keyword runFeatureFile: 'Include/features/IST_Real/RTD/Hold Payment Configuration/Add_New_Schedule.feature' and extract report to folder: '/Users/chaidir.pratama01/Katalon Studio/IST_Automation_Git/Reports/20210205_131034/RTD/TS_Hold_Payment_Configuration/20210205_131042/cucumber_report/1612507535653'...

2021-02-05 13:45:35 - [TEST_CASE][ERROR] - Start Test Case : SCENARIO Set Schedule for Hold Payment: SCENARIO Set Schedule for Hold Payment FAILED.
Reason:
org.openqa.selenium.NoSuchElementException: no such element: Unable to locate element: {"method":"xpath","selector":"//div[@class='z-grid'][2]/div[3]/table/tbody/tr/td/div/span[text()='25-01-2021']"}
  (Session info: headless chrome=88.0.4324.146)
For documentation on this error, please visit: https://www.seleniumhq.org/exceptions/no_such_element.html
Build info: version: '3.141.59', revision: 'e82be7d358', time: '2018-11-14T08:25:53'
System info: host: 'M-Chaidir-Pratama.local', ip: 'fe80:0:0:0:18fe:1cc7:1896:224b%en0', os.name: 'Mac OS X', os.arch: 'x86_64', os.version: '10.15', java.version: '1.8.0_181'
Driver info: com.kms.katalon.selenium.driver.CChromeDriver
Capabilities {acceptInsecureCerts: false, browserName: chrome, browserVersion: 88.0.4324.146, chrome: {chromedriverVersion: 87.0.4280.88 (89e2380a3e36c..., userDataDir: /var/folders/0s/4_d154xd6dq...}, goog:chromeOptions: {debuggerAddress: localhost:59481}, javascriptEnabled: true, networkConnectionEnabled: false, pageLoadStrategy: normal, platform: MAC, platformName: MAC, proxy: Proxy(), setWindowRect: true, strictFileInteractability: false, timeouts: {implicit: 0, pageLoad: 300000, script: 30000}, unhandledPromptBehavior: dismiss and notify, webauthn:virtualAuthenticators: true}
Session ID: f48957886b36516b555b7155ecaeb8c0
*** Element info: {Using=xpath, value=//div[@class='z-grid'][2]/div[3]/table/tbody/tr/td/div/span[text()='25-01-2021']}
	at org.openqa.selenium.remote.http.W3CHttpResponseCodec.createException(W3CHttpResponseCodec.java:187)
	at org.openqa.selenium.remote.http.W3CHttpResponseCodec.decode(W3CHttpResponseCodec.java:122)
	at org.openqa.selenium.remote.http.W3CHttpResponseCodec.decode(W3CHttpResponseCodec.java:49)
	at org.openqa.selenium.remote.HttpCommandExecutor.execute(HttpCommandExecutor.java:158)
	at org.openqa.selenium.remote.service.DriverCommandExecutor.execute(DriverCommandExecutor.java:83)
	at org.openqa.selenium.remote.RemoteWebDriver.execute(RemoteWebDriver.java:552)
	at com.kms.katalon.selenium.driver.CChromeDriver.execute(CChromeDriver.java:19)
	at org.openqa.selenium.remote.RemoteWebDriver.findElement(RemoteWebDriver.java:323)
	at org.openqa.selenium.remote.RemoteWebDriver.findElementByXPath(RemoteWebDriver.java:428)
	at org.openqa.selenium.By$ByXPath.findElement(By.java:353)
	at org.openqa.selenium.remote.RemoteWebDriver.findElement(RemoteWebDriver.java:315)
	at org.openqa.selenium.support.events.EventFiringWebDriver.lambda$new$1(EventFiringWebDriver.java:105)
	at com.sun.proxy.$Proxy18.findElement(Unknown Source)
	at org.openqa.selenium.support.events.EventFiringWebDriver.findElement(EventFiringWebDriver.java:194)
	at org.openqa.selenium.WebDriver$findElement.call(Unknown Source)
	at RTD.result_of_table(RTD.groovy:424)
	at âœ½.Verify Result(/Users/chaidir.pratama01/Katalon Studio/IST_Automation_Git/Include/features/IST_Real/RTD/Hold Payment Configuration/Add_New_Schedule.feature:37)


2021-02-05 13:45:35 - [TEST_STEP][PASSED] - Go to ISTools: Go to ISTools

2021-02-05 13:45:35 - [MESSAGE][WARNING] - A browser is already opened. Closing browser and opening a new one

2021-02-05 13:45:35 - [MESSAGE][INFO] - Starting 'Chrome (headless)' driver

2021-02-05 13:45:35 - [MESSAGE][INFO] - User set preference: ['args', '[--start-maximized, --disable-gpu, --no-proxy-server, â€“-no-sandbox, --allow-running-insecure-content, --ignore-certificate-errors, window-size=1680,814, force-device-scale-factor=2, --lang=en-GB]']

2021-02-05 13:45:35 - [MESSAGE][INFO] - User set preference: ['prefs', '{download.default_directory=/Users/chaidir.pratama01/Katalon Studio/IST_Automation_Git/Download}']

2021-02-05 13:45:35 - [MESSAGE][INFO] - Action delay is set to 0 milliseconds

2021-02-05 13:45:36 - [MESSAGE][PASSED] - Browser is opened with url: ''

2021-02-05 13:45:37 - [MESSAGE][PASSED] - Navigate to 'https://dev-istools.homecredit.id/foundation/' successfully

2021-02-05 13:45:37 - [MESSAGE][PASSED] - Go to ISTools

2021-02-05 13:45:37 - [TEST_STEP][PASSED] - Login IST with valid credentials: Login IST with valid credentials

2021-02-05 13:45:38 - [MESSAGE][PASSED] - Text 'mobile.test' is set on object 'Object Repository/Page_/input_Username_j_username'

2021-02-05 13:45:38 - [MESSAGE][PASSED] - Text ****** has been set on object 'Object Repository/Page_/input_Password_j_password'

2021-02-05 13:45:39 - [MESSAGE][PASSED] - Object: 'Object Repository/Page_/button_Login' is clicked on

2021-02-05 13:45:39 - [MESSAGE][PASSED] - Login IST with valid credentials

2021-02-05 13:45:39 - [TEST_STEP][PASSED] - Login Success: Login Success

2021-02-05 13:45:39 - [MESSAGE][INFO] - Login Success

2021-02-05 13:45:39 - [MESSAGE][PASSED] - Current window maximized

2021-02-05 13:45:39 - [MESSAGE][PASSED] - Object 'Object Repository/Page_/h1_Welcome to IT Supporting Tools' is present

2021-02-05 13:45:39 - [MESSAGE][PASSED] - Login Success

2021-02-05 13:45:39 - [TEST_STEP][PASSED] - Select Arrow Menu "Real Time Disbursement": Select Arrow Menu "Real Time Disbursement"

2021-02-05 13:45:39 - [MESSAGE][PASSED] - Object: '' is clicked on

2021-02-05 13:45:39 - [MESSAGE][PASSED] - Select Arrow Menu "Real Time Disbursement"

2021-02-05 13:45:39 - [TEST_STEP][PASSED] - Select Menu "Hold Payment Configuration": Select Menu "Hold Payment Configuration"

2021-02-05 13:45:40 - [MESSAGE][PASSED] - Taking screenshot successfully
[[ATTACHMENT|/Users/chaidir.pratama01/Documents/Docs/Katalon Studio/Screenshot/test-Hold Payment Configuration.png]]

2021-02-05 13:45:40 - [MESSAGE][PASSED] - Object '' is present

2021-02-05 13:45:40 - [MESSAGE][PASSED] - Object: '' is clicked on

2021-02-05 13:45:40 - [MESSAGE][PASSED] - Wait for page load successfully

2021-02-05 13:45:40 - [MESSAGE][PASSED] - Select Menu "Hold Payment Configuration"

2021-02-05 13:45:40 - [TEST_STEP][PASSED] - Input "Start Date Hold Payment" with value "25-01-2021": Input "Start Date Hold Payment" with value "25-01-2021"

2021-02-05 13:45:43 - [MESSAGE][PASSED] - Delayed 3 second(s)

2021-02-05 13:45:43 - [MESSAGE][PASSED] - Input "Start Date Hold Payment" with value "25-01-2021"

2021-02-05 13:45:43 - [TEST_STEP][PASSED] - Input "Release Date" with value "30-01-2021": Input "Release Date" with value "30-01-2021"

2021-02-05 13:45:46 - [MESSAGE][PASSED] - Delayed 3 second(s)

2021-02-05 13:45:46 - [MESSAGE][PASSED] - Input "Release Date" with value "30-01-2021"

2021-02-05 13:45:46 - [TEST_STEP][PASSED] - Click button "Add": Click button "Add"

2021-02-05 13:45:46 - [MESSAGE][INFO] - >>>>>//Button[contains(text(),'Add')]

2021-02-05 13:45:49 - [MESSAGE][PASSED] - Object '' is present

2021-02-05 13:45:49 - [MESSAGE][PASSED] - Object: '' is clicked on

2021-02-05 13:45:49 - [MESSAGE][PASSED] - Switched to window with index: '0'

2021-02-05 13:45:49 - [MESSAGE][PASSED] - Click button "Add"

2021-02-05 13:45:49 - [TEST_STEP][PASSED] - Get text from pop up "Confirm" with text "Add new hold payment config?": Get text from pop up "Confirm" with text "Add new hold payment config?"

2021-02-05 13:45:49 - [MESSAGE][PASSED] - Taking screenshot successfully
[[ATTACHMENT|/Users/chaidir.pratama01/Documents/Docs/Katalon Studio/Screenshot/errorpopup.png]]

2021-02-05 13:45:49 - [MESSAGE][PASSED] - Object '' is present

2021-02-05 13:45:49 - [MESSAGE][PASSED] - Wait for page load successfully

2021-02-05 13:45:50 - [MESSAGE][PASSED] - Wait for page load successfully

2021-02-05 13:45:50 - [MESSAGE][PASSED] - Get text from pop up "Confirm" with text "Add new hold payment config?"

2021-02-05 13:45:50 - [TEST_STEP][PASSED] - Click button "Yes": Click button "Yes"

2021-02-05 13:45:50 - [MESSAGE][INFO] - >>>>>//Button[contains(text(),'Yes')]

2021-02-05 13:45:53 - [MESSAGE][PASSED] - Object '' is present

2021-02-05 13:45:53 - [MESSAGE][PASSED] - Object: '' is clicked on

2021-02-05 13:45:53 - [MESSAGE][PASSED] - Switched to window with index: '0'

2021-02-05 13:45:53 - [MESSAGE][PASSED] - Click button "Yes"

2021-02-05 13:45:53 - [TEST_STEP][ERROR] - Verify Result: Verify Result FAILED.
Reason:
org.openqa.selenium.NoSuchElementException: no such element: Unable to locate element: {"method":"xpath","selector":"//div[@class='z-grid'][2]/div[3]/table/tbody/tr/td/div/span[text()='25-01-2021']"}
  (Session info: headless chrome=88.0.4324.146)
For documentation on this error, please visit: https://www.seleniumhq.org/exceptions/no_such_element.html
Build info: version: '3.141.59', revision: 'e82be7d358', time: '2018-11-14T08:25:53'
System info: host: 'M-Chaidir-Pratama.local', ip: 'fe80:0:0:0:18fe:1cc7:1896:224b%en0', os.name: 'Mac OS X', os.arch: 'x86_64', os.version: '10.15', java.version: '1.8.0_181'
Driver info: com.kms.katalon.selenium.driver.CChromeDriver
Capabilities {acceptInsecureCerts: false, browserName: chrome, browserVersion: 88.0.4324.146, chrome: {chromedriverVersion: 87.0.4280.88 (89e2380a3e36c..., userDataDir: /var/folders/0s/4_d154xd6dq...}, goog:chromeOptions: {debuggerAddress: localhost:59481}, javascriptEnabled: true, networkConnectionEnabled: false, pageLoadStrategy: normal, platform: MAC, platformName: MAC, proxy: Proxy(), setWindowRect: true, strictFileInteractability: false, timeouts: {implicit: 0, pageLoad: 300000, script: 30000}, unhandledPromptBehavior: dismiss and notify, webauthn:virtualAuthenticators: true}
Session ID: f48957886b36516b555b7155ecaeb8c0
*** Element info: {Using=xpath, value=//div[@class='z-grid'][2]/div[3]/table/tbody/tr/td/div/span[text()='25-01-2021']}
	at org.openqa.selenium.remote.http.W3CHttpResponseCodec.createException(W3CHttpResponseCodec.java:187)
	at org.openqa.selenium.remote.http.W3CHttpResponseCodec.decode(W3CHttpResponseCodec.java:122)
	at org.openqa.selenium.remote.http.W3CHttpResponseCodec.decode(W3CHttpResponseCodec.java:49)
	at org.openqa.selenium.remote.HttpCommandExecutor.execute(HttpCommandExecutor.java:158)
	at org.openqa.selenium.remote.service.DriverCommandExecutor.execute(DriverCommandExecutor.java:83)
	at org.openqa.selenium.remote.RemoteWebDriver.execute(RemoteWebDriver.java:552)
	at com.kms.katalon.selenium.driver.CChromeDriver.execute(CChromeDriver.java:19)
	at org.openqa.selenium.remote.RemoteWebDriver.findElement(RemoteWebDriver.java:323)
	at org.openqa.selenium.remote.RemoteWebDriver.findElementByXPath(RemoteWebDriver.java:428)
	at org.openqa.selenium.By$ByXPath.findElement(By.java:353)
	at org.openqa.selenium.remote.RemoteWebDriver.findElement(RemoteWebDriver.java:315)
	at org.openqa.selenium.support.events.EventFiringWebDriver.lambda$new$1(EventFiringWebDriver.java:105)
	at com.sun.proxy.$Proxy18.findElement(Unknown Source)
	at org.openqa.selenium.support.events.EventFiringWebDriver.findElement(EventFiringWebDriver.java:194)
	at org.openqa.selenium.WebDriver$findElement.call(Unknown Source)
	at RTD.result_of_table(RTD.groovy:424)
	at âœ½.Verify Result(/Users/chaidir.pratama01/Katalon Studio/IST_Automation_Git/Include/features/IST_Real/RTD/Hold Payment Configuration/Add_New_Schedule.feature:37)


2021-02-05 13:45:56 - [MESSAGE][PASSED] - Delayed 3 second(s)

2021-02-05 13:45:56 - [MESSAGE][ERROR] - Verify Result FAILED.
Reason:
org.openqa.selenium.NoSuchElementException: no such element: Unable to locate element: {"method":"xpath","selector":"//div[@class='z-grid'][2]/div[3]/table/tbody/tr/td/div/span[text()='25-01-2021']"}
  (Session info: headless chrome=88.0.4324.146)
For documentation on this error, please visit: https://www.seleniumhq.org/exceptions/no_such_element.html
Build info: version: '3.141.59', revision: 'e82be7d358', time: '2018-11-14T08:25:53'
System info: host: 'M-Chaidir-Pratama.local', ip: 'fe80:0:0:0:18fe:1cc7:1896:224b%en0', os.name: 'Mac OS X', os.arch: 'x86_64', os.version: '10.15', java.version: '1.8.0_181'
Driver info: com.kms.katalon.selenium.driver.CChromeDriver
Capabilities {acceptInsecureCerts: false, browserName: chrome, browserVersion: 88.0.4324.146, chrome: {chromedriverVersion: 87.0.4280.88 (89e2380a3e36c..., userDataDir: /var/folders/0s/4_d154xd6dq...}, goog:chromeOptions: {debuggerAddress: localhost:59481}, javascriptEnabled: true, networkConnectionEnabled: false, pageLoadStrategy: normal, platform: MAC, platformName: MAC, proxy: Proxy(), setWindowRect: true, strictFileInteractability: false, timeouts: {implicit: 0, pageLoad: 300000, script: 30000}, unhandledPromptBehavior: dismiss and notify, webauthn:virtualAuthenticators: true}
Session ID: f48957886b36516b555b7155ecaeb8c0
*** Element info: {Using=xpath, value=//div[@class='z-grid'][2]/div[3]/table/tbody/tr/td/div/span[text()='25-01-2021']}
	at org.openqa.selenium.remote.http.W3CHttpResponseCodec.createException(W3CHttpResponseCodec.java:187)
	at org.openqa.selenium.remote.http.W3CHttpResponseCodec.decode(W3CHttpResponseCodec.java:122)
	at org.openqa.selenium.remote.http.W3CHttpResponseCodec.decode(W3CHttpResponseCodec.java:49)
	at org.openqa.selenium.remote.HttpCommandExecutor.execute(HttpCommandExecutor.java:158)
	at org.openqa.selenium.remote.service.DriverCommandExecutor.execute(DriverCommandExecutor.java:83)
	at org.openqa.selenium.remote.RemoteWebDriver.execute(RemoteWebDriver.java:552)
	at com.kms.katalon.selenium.driver.CChromeDriver.execute(CChromeDriver.java:19)
	at org.openqa.selenium.remote.RemoteWebDriver.findElement(RemoteWebDriver.java:323)
	at org.openqa.selenium.remote.RemoteWebDriver.findElementByXPath(RemoteWebDriver.java:428)
	at org.openqa.selenium.By$ByXPath.findElement(By.java:353)
	at org.openqa.selenium.remote.RemoteWebDriver.findElement(RemoteWebDriver.java:315)
	at org.openqa.selenium.support.events.EventFiringWebDriver.lambda$new$1(EventFiringWebDriver.java:105)
	at com.sun.proxy.$Proxy18.findElement(Unknown Source)
	at org.openqa.selenium.support.events.EventFiringWebDriver.findElement(EventFiringWebDriver.java:194)
	at org.openqa.selenium.WebDriver$findElement.call(Unknown Source)
	at RTD.result_of_table(RTD.groovy:424)
	at âœ½.Verify Result(/Users/chaidir.pratama01/Katalon Studio/IST_Automation_Git/Include/features/IST_Real/RTD/Hold Payment Configuration/Add_New_Schedule.feature:37)


2021-02-05 13:45:56 - [TEST_STEP][NOT_RUN] - Click button "Logout": Click button "Logout"

2021-02-05 13:45:56 - [MESSAGE][NOT_RUN] - Click button "Logout"

2021-02-05 13:45:56 - [TEST_STEP][NOT_RUN] - Close browser: Close browser

2021-02-05 13:45:56 - [MESSAGE][NOT_RUN] - Close browser

2021-02-05 13:45:56 - [MESSAGE][FAILED] - Feature file 'Include/features/IST_Real/RTD/Hold Payment Configuration/Add_New_Schedule.feature' was failed

2021-02-05 13:45:56 - [MESSAGE][FAILED] - Keyword runFeatureFile was failed (Root cause: com.kms.katalon.core.exception.StepFailedException: Feature file 'Include/features/IST_Real/RTD/Hold Payment Configuration/Add_New_Schedule.feature' was failed
	at com.kms.katalon.core.keyword.internal.KeywordMain.stepFailed(KeywordMain.groovy:50)
	at com.kms.katalon.core.keyword.internal.KeywordMain.stepFailed(KeywordMain.groovy)
	at com.kms.katalon.core.keyword.internal.KeywordMain.stepFailed(KeywordMain.groovy:23)
	at com.kms.katalon.core.keyword.internal.KeywordMain$stepFailed$0.call(Unknown Source)
	at com.kms.katalon.core.cucumber.keyword.CucumberBuiltinKeywords$_runFeatureFile_closure1.doCall(CucumberBuiltinKeywords.groovy:82)
	at com.kms.katalon.core.cucumber.keyword.CucumberBuiltinKeywords$_runFeatureFile_closure1.doCall(CucumberBuiltinKeywords.groovy)
	at com.kms.katalon.core.keyword.internal.KeywordMain.runKeyword(KeywordMain.groovy:68)
	at com.kms.katalon.core.keyword.internal.KeywordMain$runKeyword.call(Unknown Source)
	at com.kms.katalon.core.cucumber.keyword.CucumberBuiltinKeywords.runFeatureFile(CucumberBuiltinKeywords.groovy:46)
	at com.kms.katalon.core.cucumber.keyword.CucumberBuiltinKeywords$runFeatureFile$0.callStatic(Unknown Source)
	at com.kms.katalon.core.cucumber.keyword.CucumberBuiltinKeywords.runFeatureFile(CucumberBuiltinKeywords.groovy:169)
	at com.kms.katalon.core.cucumber.keyword.CucumberBuiltinKeywords$runFeatureFile.call(Unknown Source)
	at TC_Add_New_Schedule.run(TC_Add_New_Schedule:18)
	at com.kms.katalon.core.main.ScriptEngine.run(ScriptEngine.java:194)
	at com.kms.katalon.core.main.ScriptEngine.runScriptAsRawText(ScriptEngine.java:119)
	at com.kms.katalon.core.main.TestCaseExecutor.runScript(TestCaseExecutor.java:339)
	at com.kms.katalon.core.main.TestCaseExecutor.doExecute(TestCaseExecutor.java:330)
	at com.kms.katalon.core.main.TestCaseExecutor.processExecutionPhase(TestCaseExecutor.java:309)
	at com.kms.katalon.core.main.TestCaseExecutor.accessMainPhase(TestCaseExecutor.java:301)
	at com.kms.katalon.core.main.TestCaseExecutor.execute(TestCaseExecutor.java:235)
	at com.kms.katalon.core.main.TestSuiteExecutor.accessTestCaseMainPhase(TestSuiteExecutor.java:191)
	at com.kms.katalon.core.main.TestSuiteExecutor.accessTestSuiteMainPhase(TestSuiteExecutor.java:141)
	at com.kms.katalon.core.main.TestSuiteExecutor.execute(TestSuiteExecutor.java:90)
	at com.kms.katalon.core.main.TestCaseMain.startTestSuite(TestCaseMain.java:157)
	at com.kms.katalon.core.main.TestCaseMain$startTestSuite$0.call(Unknown Source)
	at TempTestSuite1612505442064.run(TempTestSuite1612505442064.groovy:39)
)]]></system-out>
         <system-err><![CDATA[2021-02-05 13:45:35 - [TEST_CASE][FAILED] - Test Cases/RTD/Hold Payment Configuration/TC_Add_New_Schedule: Test Cases/RTD/Hold Payment Configuration/TC_Add_New_Schedule FAILED.
Reason:
com.kms.katalon.core.exception.StepFailedException: Feature file 'Include/features/IST_Real/RTD/Hold Payment Configuration/Add_New_Schedule.feature' was failed
	at com.kms.katalon.core.keyword.internal.KeywordMain.stepFailed(KeywordMain.groovy:50)
	at com.kms.katalon.core.keyword.internal.KeywordMain.stepFailed(KeywordMain.groovy)
	at com.kms.katalon.core.keyword.internal.KeywordMain.stepFailed(KeywordMain.groovy:23)
	at com.kms.katalon.core.keyword.internal.KeywordMain$stepFailed$0.call(Unknown Source)
	at com.kms.katalon.core.cucumber.keyword.CucumberBuiltinKeywords$_runFeatureFile_closure1.doCall(CucumberBuiltinKeywords.groovy:82)
	at com.kms.katalon.core.cucumber.keyword.CucumberBuiltinKeywords$_runFeatureFile_closure1.doCall(CucumberBuiltinKeywords.groovy)
	at com.kms.katalon.core.keyword.internal.KeywordMain.runKeyword(KeywordMain.groovy:68)
	at com.kms.katalon.core.keyword.internal.KeywordMain$runKeyword.call(Unknown Source)
	at com.kms.katalon.core.cucumber.keyword.CucumberBuiltinKeywords.runFeatureFile(CucumberBuiltinKeywords.groovy:46)
	at com.kms.katalon.core.cucumber.keyword.CucumberBuiltinKeywords$runFeatureFile$0.callStatic(Unknown Source)
	at com.kms.katalon.core.cucumber.keyword.CucumberBuiltinKeywords.runFeatureFile(CucumberBuiltinKeywords.groovy:169)
	at com.kms.katalon.core.cucumber.keyword.CucumberBuiltinKeywords$runFeatureFile.call(Unknown Source)
	at TC_Add_New_Schedule.run(TC_Add_New_Schedule:18)
	at com.kms.katalon.core.main.ScriptEngine.run(ScriptEngine.java:194)
	at com.kms.katalon.core.main.ScriptEngine.runScriptAsRawText(ScriptEngine.java:119)
	at com.kms.katalon.core.main.TestCaseExecutor.runScript(TestCaseExecutor.java:339)
	at com.kms.katalon.core.main.TestCaseExecutor.doExecute(TestCaseExecutor.java:330)
	at com.kms.katalon.core.main.TestCaseExecutor.processExecutionPhase(TestCaseExecutor.java:309)
	at com.kms.katalon.core.main.TestCaseExecutor.accessMainPhase(TestCaseExecutor.java:301)
	at com.kms.katalon.core.main.TestCaseExecutor.execute(TestCaseExecutor.java:235)
	at com.kms.katalon.core.main.TestSuiteExecutor.accessTestCaseMainPhase(TestSuiteExecutor.java:191)
	at com.kms.katalon.core.main.TestSuiteExecutor.accessTestSuiteMainPhase(TestSuiteExecutor.java:141)
	at com.kms.katalon.core.main.TestSuiteExecutor.execute(TestSuiteExecutor.java:90)
	at com.kms.katalon.core.main.TestCaseMain.startTestSuite(TestCaseMain.java:157)
	at com.kms.katalon.core.main.TestCaseMain$startTestSuite$0.call(Unknown Source)
	at TempTestSuite1612505442064.run(TempTestSuite1612505442064.groovy:39)]]></system-err>
      </testcase>
      <testcase name="Test Cases/RTD/Hold Payment Configuration/TC_Date_is_NULL" time="44.45" classname="Test Cases/RTD/Hold Payment Configuration/TC_Date_is_NULL" status="PASSED">
         <system-out><![CDATA[2021-02-05 13:45:56 - [TEST_CASE][PASSED] - Test Cases/RTD/Hold Payment Configuration/TC_Date_is_NULL: Test Cases/RTD/Hold Payment Configuration/TC_Date_is_NULL

2021-02-05 13:45:56 - [TEST_STEP][PASSED] - runFeatureFile("Include/features/IST_Real/RTD/Hold Payment Configuration/Date_is_NULL.feature"): Feature file: 'Include/features/IST_Real/RTD/Hold Payment Configuration/Date_is_NULL.feature' was passed

2021-02-05 13:45:56 - [MESSAGE][INFO] - Starting run keyword runFeatureFile: 'Include/features/IST_Real/RTD/Hold Payment Configuration/Date_is_NULL.feature' and extract report to folder: '/Users/chaidir.pratama01/Katalon Studio/IST_Automation_Git/Reports/20210205_131034/RTD/TS_Hold_Payment_Configuration/20210205_131042/cucumber_report/1612507556205'...

2021-02-05 13:45:56 - [TEST_CASE][PASSED] - Start Test Case : SCENARIO Start Date is Null: SCENARIO Start Date is Null

2021-02-05 13:45:56 - [TEST_STEP][PASSED] - Go to ISTools: Go to ISTools

2021-02-05 13:45:56 - [MESSAGE][WARNING] - A browser is already opened. Closing browser and opening a new one

2021-02-05 13:45:56 - [MESSAGE][INFO] - Starting 'Chrome (headless)' driver

2021-02-05 13:45:56 - [MESSAGE][INFO] - User set preference: ['args', '[--start-maximized, --disable-gpu, --no-proxy-server, â€“-no-sandbox, --allow-running-insecure-content, --ignore-certificate-errors, window-size=1680,814, force-device-scale-factor=2, --lang=en-GB]']

2021-02-05 13:45:56 - [MESSAGE][INFO] - User set preference: ['prefs', '{download.default_directory=/Users/chaidir.pratama01/Katalon Studio/IST_Automation_Git/Download}']

2021-02-05 13:45:56 - [MESSAGE][INFO] - Action delay is set to 0 milliseconds

2021-02-05 13:45:56 - [MESSAGE][PASSED] - Browser is opened with url: ''

2021-02-05 13:46:01 - [MESSAGE][PASSED] - Navigate to 'https://dev-istools.homecredit.id/foundation/' successfully

2021-02-05 13:46:01 - [MESSAGE][PASSED] - Go to ISTools

2021-02-05 13:46:01 - [TEST_STEP][PASSED] - Login IST with valid credentials: Login IST with valid credentials

2021-02-05 13:46:01 - [MESSAGE][PASSED] - Text 'mobile.test' is set on object 'Object Repository/Page_/input_Username_j_username'

2021-02-05 13:46:01 - [MESSAGE][PASSED] - Text ****** has been set on object 'Object Repository/Page_/input_Password_j_password'

2021-02-05 13:46:02 - [MESSAGE][PASSED] - Object: 'Object Repository/Page_/button_Login' is clicked on

2021-02-05 13:46:02 - [MESSAGE][PASSED] - Login IST with valid credentials

2021-02-05 13:46:02 - [TEST_STEP][PASSED] - Login Success: Login Success

2021-02-05 13:46:02 - [MESSAGE][INFO] - Login Success

2021-02-05 13:46:02 - [MESSAGE][PASSED] - Current window maximized

2021-02-05 13:46:02 - [MESSAGE][PASSED] - Object 'Object Repository/Page_/h1_Welcome to IT Supporting Tools' is present

2021-02-05 13:46:02 - [MESSAGE][PASSED] - Login Success

2021-02-05 13:46:02 - [TEST_STEP][PASSED] - Select Arrow Menu "Real Time Disbursement": Select Arrow Menu "Real Time Disbursement"

2021-02-05 13:46:02 - [MESSAGE][PASSED] - Object: '' is clicked on

2021-02-05 13:46:02 - [MESSAGE][PASSED] - Select Arrow Menu "Real Time Disbursement"

2021-02-05 13:46:02 - [TEST_STEP][PASSED] - Select Menu "Hold Payment Configuration": Select Menu "Hold Payment Configuration"

2021-02-05 13:46:03 - [MESSAGE][PASSED] - Taking screenshot successfully
[[ATTACHMENT|/Users/chaidir.pratama01/Documents/Docs/Katalon Studio/Screenshot/test-Hold Payment Configuration.png]]

2021-02-05 13:46:03 - [MESSAGE][PASSED] - Object '' is present

2021-02-05 13:46:03 - [MESSAGE][PASSED] - Object: '' is clicked on

2021-02-05 13:46:03 - [MESSAGE][PASSED] - Wait for page load successfully

2021-02-05 13:46:03 - [MESSAGE][PASSED] - Select Menu "Hold Payment Configuration"

2021-02-05 13:46:03 - [TEST_STEP][PASSED] - Input "Start Date Hold Payment" with value "": Input "Start Date Hold Payment" with value ""

2021-02-05 13:46:06 - [MESSAGE][PASSED] - Delayed 3 second(s)

2021-02-05 13:46:06 - [MESSAGE][PASSED] - Input "Start Date Hold Payment" with value ""

2021-02-05 13:46:06 - [TEST_STEP][PASSED] - Input "Release Date" with value "30-01-2021": Input "Release Date" with value "30-01-2021"

2021-02-05 13:46:09 - [MESSAGE][PASSED] - Delayed 3 second(s)

2021-02-05 13:46:09 - [MESSAGE][PASSED] - Input "Release Date" with value "30-01-2021"

2021-02-05 13:46:09 - [TEST_STEP][PASSED] - Click button "Add": Click button "Add"

2021-02-05 13:46:09 - [MESSAGE][INFO] - >>>>>//Button[contains(text(),'Add')]

2021-02-05 13:46:12 - [MESSAGE][PASSED] - Object '' is present

2021-02-05 13:46:12 - [MESSAGE][PASSED] - Object: '' is clicked on

2021-02-05 13:46:12 - [MESSAGE][PASSED] - Switched to window with index: '0'

2021-02-05 13:46:12 - [MESSAGE][PASSED] - Click button "Add"

2021-02-05 13:46:12 - [TEST_STEP][PASSED] - Get text from pop up "IT Supporting Tools" with text "Start date & end date cannot be empty": Get text from pop up "IT Supporting Tools" with text "Start date & end date cannot be empty"

2021-02-05 13:46:13 - [MESSAGE][PASSED] - Taking screenshot successfully
[[ATTACHMENT|/Users/chaidir.pratama01/Documents/Docs/Katalon Studio/Screenshot/errorpopup.png]]

2021-02-05 13:46:13 - [MESSAGE][PASSED] - Object '' is present

2021-02-05 13:46:13 - [MESSAGE][PASSED] - Wait for page load successfully

2021-02-05 13:46:13 - [MESSAGE][PASSED] - Wait for page load successfully

2021-02-05 13:46:13 - [MESSAGE][PASSED] - Get text from pop up "IT Supporting Tools" with text "Start date & end date cannot be empty"

2021-02-05 13:46:13 - [TEST_STEP][PASSED] - Click button "OK": Click button "OK"

2021-02-05 13:46:13 - [MESSAGE][INFO] - >>>>>//Button[contains(text(),'OK')]

2021-02-05 13:46:16 - [MESSAGE][PASSED] - Object '' is present

2021-02-05 13:46:16 - [MESSAGE][PASSED] - Object: '' is clicked on

2021-02-05 13:46:16 - [MESSAGE][PASSED] - Switched to window with index: '0'

2021-02-05 13:46:16 - [MESSAGE][PASSED] - Click button "OK"

2021-02-05 13:46:16 - [TEST_STEP][PASSED] - Click button "Logout": Click button "Logout"

2021-02-05 13:46:16 - [MESSAGE][INFO] - >>>>>//Button[contains(text(),'Logout')]

2021-02-05 13:46:19 - [MESSAGE][PASSED] - Object '' is present

2021-02-05 13:46:19 - [MESSAGE][PASSED] - Object: '' is clicked on

2021-02-05 13:46:19 - [MESSAGE][PASSED] - Switched to window with index: '0'

2021-02-05 13:46:19 - [MESSAGE][PASSED] - Click button "Logout"

2021-02-05 13:46:19 - [TEST_STEP][PASSED] - Close browser: Close browser

2021-02-05 13:46:19 - [MESSAGE][PASSED] - Browser is closed

2021-02-05 13:46:19 - [MESSAGE][PASSED] - Close browser

2021-02-05 13:46:19 - [TEST_CASE][PASSED] - Start Test Case : SCENARIO End Date is Null: SCENARIO End Date is Null

2021-02-05 13:46:19 - [TEST_STEP][PASSED] - Go to ISTools: Go to ISTools

2021-02-05 13:46:19 - [MESSAGE][INFO] - Starting 'Chrome (headless)' driver

2021-02-05 13:46:19 - [MESSAGE][INFO] - User set preference: ['args', '[--start-maximized, --disable-gpu, --no-proxy-server, â€“-no-sandbox, --allow-running-insecure-content, --ignore-certificate-errors, window-size=1680,814, force-device-scale-factor=2, --lang=en-GB]']

2021-02-05 13:46:19 - [MESSAGE][INFO] - User set preference: ['prefs', '{download.default_directory=/Users/chaidir.pratama01/Katalon Studio/IST_Automation_Git/Download}']

2021-02-05 13:46:19 - [MESSAGE][INFO] - Action delay is set to 0 milliseconds

2021-02-05 13:46:20 - [MESSAGE][PASSED] - Browser is opened with url: ''

2021-02-05 13:46:22 - [MESSAGE][PASSED] - Navigate to 'https://dev-istools.homecredit.id/foundation/' successfully

2021-02-05 13:46:22 - [MESSAGE][PASSED] - Go to ISTools

2021-02-05 13:46:22 - [TEST_STEP][PASSED] - Login IST with valid credentials: Login IST with valid credentials

2021-02-05 13:46:22 - [MESSAGE][PASSED] - Text 'mobile.test' is set on object 'Object Repository/Page_/input_Username_j_username'

2021-02-05 13:46:22 - [MESSAGE][PASSED] - Text ****** has been set on object 'Object Repository/Page_/input_Password_j_password'

2021-02-05 13:46:23 - [MESSAGE][PASSED] - Object: 'Object Repository/Page_/button_Login' is clicked on

2021-02-05 13:46:23 - [MESSAGE][PASSED] - Login IST with valid credentials

2021-02-05 13:46:23 - [TEST_STEP][PASSED] - Login Success: Login Success

2021-02-05 13:46:23 - [MESSAGE][INFO] - Login Success

2021-02-05 13:46:23 - [MESSAGE][PASSED] - Current window maximized

2021-02-05 13:46:23 - [MESSAGE][PASSED] - Object 'Object Repository/Page_/h1_Welcome to IT Supporting Tools' is present

2021-02-05 13:46:23 - [MESSAGE][PASSED] - Login Success

2021-02-05 13:46:23 - [TEST_STEP][PASSED] - Select Arrow Menu "Real Time Disbursement": Select Arrow Menu "Real Time Disbursement"

2021-02-05 13:46:23 - [MESSAGE][PASSED] - Object: '' is clicked on

2021-02-05 13:46:23 - [MESSAGE][PASSED] - Select Arrow Menu "Real Time Disbursement"

2021-02-05 13:46:23 - [TEST_STEP][PASSED] - Select Menu "Hold Payment Configuration": Select Menu "Hold Payment Configuration"

2021-02-05 13:46:24 - [MESSAGE][PASSED] - Taking screenshot successfully
[[ATTACHMENT|/Users/chaidir.pratama01/Documents/Docs/Katalon Studio/Screenshot/test-Hold Payment Configuration.png]]

2021-02-05 13:46:24 - [MESSAGE][PASSED] - Object '' is present

2021-02-05 13:46:24 - [MESSAGE][PASSED] - Object: '' is clicked on

2021-02-05 13:46:24 - [MESSAGE][PASSED] - Wait for page load successfully

2021-02-05 13:46:24 - [MESSAGE][PASSED] - Select Menu "Hold Payment Configuration"

2021-02-05 13:46:24 - [TEST_STEP][PASSED] - Input "Start Date Hold Payment" with value "25-01-2021": Input "Start Date Hold Payment" with value "25-01-2021"

2021-02-05 13:46:27 - [MESSAGE][PASSED] - Delayed 3 second(s)

2021-02-05 13:46:27 - [MESSAGE][PASSED] - Input "Start Date Hold Payment" with value "25-01-2021"

2021-02-05 13:46:27 - [TEST_STEP][PASSED] - Input "Release Date" with value "": Input "Release Date" with value ""

2021-02-05 13:46:30 - [MESSAGE][PASSED] - Delayed 3 second(s)

2021-02-05 13:46:30 - [MESSAGE][PASSED] - Input "Release Date" with value ""

2021-02-05 13:46:30 - [TEST_STEP][PASSED] - Click button "Add": Click button "Add"

2021-02-05 13:46:30 - [MESSAGE][INFO] - >>>>>//Button[contains(text(),'Add')]

2021-02-05 13:46:33 - [MESSAGE][PASSED] - Object '' is present

2021-02-05 13:46:33 - [MESSAGE][PASSED] - Object: '' is clicked on

2021-02-05 13:46:33 - [MESSAGE][PASSED] - Switched to window with index: '0'

2021-02-05 13:46:33 - [MESSAGE][PASSED] - Click button "Add"

2021-02-05 13:46:33 - [TEST_STEP][PASSED] - Get text from pop up "IT Supporting Tools" with text "Start date & end date cannot be empty": Get text from pop up "IT Supporting Tools" with text "Start date & end date cannot be empty"

2021-02-05 13:46:34 - [MESSAGE][PASSED] - Taking screenshot successfully
[[ATTACHMENT|/Users/chaidir.pratama01/Documents/Docs/Katalon Studio/Screenshot/errorpopup.png]]

2021-02-05 13:46:34 - [MESSAGE][PASSED] - Object '' is present

2021-02-05 13:46:34 - [MESSAGE][PASSED] - Wait for page load successfully

2021-02-05 13:46:34 - [MESSAGE][PASSED] - Wait for page load successfully

2021-02-05 13:46:34 - [MESSAGE][PASSED] - Get text from pop up "IT Supporting Tools" with text "Start date & end date cannot be empty"

2021-02-05 13:46:34 - [TEST_STEP][PASSED] - Click button "OK": Click button "OK"

2021-02-05 13:46:34 - [MESSAGE][INFO] - >>>>>//Button[contains(text(),'OK')]

2021-02-05 13:46:37 - [MESSAGE][PASSED] - Object '' is present

2021-02-05 13:46:37 - [MESSAGE][PASSED] - Object: '' is clicked on

2021-02-05 13:46:37 - [MESSAGE][PASSED] - Switched to window with index: '0'

2021-02-05 13:46:37 - [MESSAGE][PASSED] - Click button "OK"

2021-02-05 13:46:37 - [TEST_STEP][PASSED] - Click button "Logout": Click button "Logout"

2021-02-05 13:46:37 - [MESSAGE][INFO] - >>>>>//Button[contains(text(),'Logout')]

2021-02-05 13:46:40 - [MESSAGE][PASSED] - Object '' is present

2021-02-05 13:46:40 - [MESSAGE][PASSED] - Object: '' is clicked on

2021-02-05 13:46:40 - [MESSAGE][PASSED] - Switched to window with index: '0'

2021-02-05 13:46:40 - [MESSAGE][PASSED] - Click button "Logout"

2021-02-05 13:46:40 - [TEST_STEP][PASSED] - Close browser: Close browser

2021-02-05 13:46:40 - [MESSAGE][PASSED] - Browser is closed

2021-02-05 13:46:40 - [MESSAGE][PASSED] - Close browser

2021-02-05 13:46:40 - [MESSAGE][PASSED] - Feature file: 'Include/features/IST_Real/RTD/Hold Payment Configuration/Date_is_NULL.feature' was passed]]></system-out>
         <system-err><![CDATA[]]></system-err>
      </testcase>
      <testcase name="Test Cases/RTD/Hold Payment Configuration/TC_Start_Date_Greater_than_Release_Date" time="22.943" classname="Test Cases/RTD/Hold Payment Configuration/TC_Start_Date_Greater_than_Release_Date" status="PASSED">
         <system-out><![CDATA[2021-02-05 13:46:40 - [TEST_CASE][PASSED] - Test Cases/RTD/Hold Payment Configuration/TC_Start_Date_Greater_than_Release_Date: Test Cases/RTD/Hold Payment Configuration/TC_Start_Date_Greater_than_Release_Date

2021-02-05 13:46:40 - [TEST_STEP][PASSED] - runFeatureFile("Include/features/IST_Real/RTD/Hold Payment Configuration/Start_Date_Greater_than_Release_Date.feature"): Feature file: 'Include/features/IST_Real/RTD/Hold Payment Configuration/Start_Date_Greater_than_Release_Date.feature' was passed

2021-02-05 13:46:40 - [MESSAGE][INFO] - Starting run keyword runFeatureFile: 'Include/features/IST_Real/RTD/Hold Payment Configuration/Start_Date_Greater_than_Release_Date.feature' and extract report to folder: '/Users/chaidir.pratama01/Katalon Studio/IST_Automation_Git/Reports/20210205_131034/RTD/TS_Hold_Payment_Configuration/20210205_131042/cucumber_report/1612507600661'...

2021-02-05 13:46:40 - [TEST_CASE][PASSED] - Start Test Case : SCENARIO Start date is greater than end date: SCENARIO Start date is greater than end date

2021-02-05 13:46:40 - [TEST_STEP][PASSED] - Go to ISTools: Go to ISTools

2021-02-05 13:46:40 - [MESSAGE][INFO] - Starting 'Chrome (headless)' driver

2021-02-05 13:46:40 - [MESSAGE][INFO] - User set preference: ['args', '[--start-maximized, --disable-gpu, --no-proxy-server, â€“-no-sandbox, --allow-running-insecure-content, --ignore-certificate-errors, window-size=1680,814, force-device-scale-factor=2, --lang=en-GB]']

2021-02-05 13:46:40 - [MESSAGE][INFO] - User set preference: ['prefs', '{download.default_directory=/Users/chaidir.pratama01/Katalon Studio/IST_Automation_Git/Download}']

2021-02-05 13:46:40 - [MESSAGE][INFO] - Action delay is set to 0 milliseconds

2021-02-05 13:46:41 - [MESSAGE][PASSED] - Browser is opened with url: ''

2021-02-05 13:46:43 - [MESSAGE][PASSED] - Navigate to 'https://dev-istools.homecredit.id/foundation/' successfully

2021-02-05 13:46:43 - [MESSAGE][PASSED] - Go to ISTools

2021-02-05 13:46:43 - [TEST_STEP][PASSED] - Login IST with valid credentials: Login IST with valid credentials

2021-02-05 13:46:43 - [MESSAGE][PASSED] - Text 'mobile.test' is set on object 'Object Repository/Page_/input_Username_j_username'

2021-02-05 13:46:43 - [MESSAGE][PASSED] - Text ****** has been set on object 'Object Repository/Page_/input_Password_j_password'

2021-02-05 13:46:46 - [MESSAGE][PASSED] - Object: 'Object Repository/Page_/button_Login' is clicked on

2021-02-05 13:46:46 - [MESSAGE][PASSED] - Login IST with valid credentials

2021-02-05 13:46:46 - [TEST_STEP][PASSED] - Login Success: Login Success

2021-02-05 13:46:46 - [MESSAGE][INFO] - Login Success

2021-02-05 13:46:46 - [MESSAGE][PASSED] - Current window maximized

2021-02-05 13:46:46 - [MESSAGE][PASSED] - Object 'Object Repository/Page_/h1_Welcome to IT Supporting Tools' is present

2021-02-05 13:46:46 - [MESSAGE][PASSED] - Login Success

2021-02-05 13:46:46 - [TEST_STEP][PASSED] - Select Arrow Menu "Real Time Disbursement": Select Arrow Menu "Real Time Disbursement"

2021-02-05 13:46:46 - [MESSAGE][PASSED] - Object: '' is clicked on

2021-02-05 13:46:46 - [MESSAGE][PASSED] - Select Arrow Menu "Real Time Disbursement"

2021-02-05 13:46:46 - [TEST_STEP][PASSED] - Select Menu "Hold Payment Configuration": Select Menu "Hold Payment Configuration"

2021-02-05 13:46:47 - [MESSAGE][PASSED] - Taking screenshot successfully
[[ATTACHMENT|/Users/chaidir.pratama01/Documents/Docs/Katalon Studio/Screenshot/test-Hold Payment Configuration.png]]

2021-02-05 13:46:47 - [MESSAGE][PASSED] - Object '' is present

2021-02-05 13:46:47 - [MESSAGE][PASSED] - Object: '' is clicked on

2021-02-05 13:46:47 - [MESSAGE][PASSED] - Wait for page load successfully

2021-02-05 13:46:47 - [MESSAGE][PASSED] - Select Menu "Hold Payment Configuration"

2021-02-05 13:46:47 - [TEST_STEP][PASSED] - Input "Start Date Hold Payment" with value "30-01-2021": Input "Start Date Hold Payment" with value "30-01-2021"

2021-02-05 13:46:50 - [MESSAGE][PASSED] - Delayed 3 second(s)

2021-02-05 13:46:50 - [MESSAGE][PASSED] - Input "Start Date Hold Payment" with value "30-01-2021"

2021-02-05 13:46:50 - [TEST_STEP][PASSED] - Input "Release Date" with value "25-01-2021": Input "Release Date" with value "25-01-2021"

2021-02-05 13:46:53 - [MESSAGE][PASSED] - Delayed 3 second(s)

2021-02-05 13:46:53 - [MESSAGE][PASSED] - Input "Release Date" with value "25-01-2021"

2021-02-05 13:46:53 - [TEST_STEP][PASSED] - Click button "Add": Click button "Add"

2021-02-05 13:46:53 - [MESSAGE][INFO] - >>>>>//Button[contains(text(),'Add')]

2021-02-05 13:46:56 - [MESSAGE][PASSED] - Object '' is present

2021-02-05 13:46:56 - [MESSAGE][PASSED] - Object: '' is clicked on

2021-02-05 13:46:56 - [MESSAGE][PASSED] - Switched to window with index: '0'

2021-02-05 13:46:56 - [MESSAGE][PASSED] - Click button "Add"

2021-02-05 13:46:56 - [TEST_STEP][PASSED] - Get text from pop up "IT Supporting Tools" with text "Release date must be after start date": Get text from pop up "IT Supporting Tools" with text "Release date must be after start date"

2021-02-05 13:46:57 - [MESSAGE][PASSED] - Taking screenshot successfully
[[ATTACHMENT|/Users/chaidir.pratama01/Documents/Docs/Katalon Studio/Screenshot/errorpopup.png]]

2021-02-05 13:46:57 - [MESSAGE][PASSED] - Object '' is present

2021-02-05 13:46:57 - [MESSAGE][PASSED] - Wait for page load successfully

2021-02-05 13:46:57 - [MESSAGE][PASSED] - Wait for page load successfully

2021-02-05 13:46:57 - [MESSAGE][PASSED] - Get text from pop up "IT Supporting Tools" with text "Release date must be after start date"

2021-02-05 13:46:57 - [TEST_STEP][PASSED] - Click button "OK": Click button "OK"

2021-02-05 13:46:57 - [MESSAGE][INFO] - >>>>>//Button[contains(text(),'OK')]

2021-02-05 13:47:00 - [MESSAGE][PASSED] - Object '' is present

2021-02-05 13:47:00 - [MESSAGE][PASSED] - Object: '' is clicked on

2021-02-05 13:47:00 - [MESSAGE][PASSED] - Switched to window with index: '0'

2021-02-05 13:47:00 - [MESSAGE][PASSED] - Click button "OK"

2021-02-05 13:47:00 - [TEST_STEP][PASSED] - Click button "Logout": Click button "Logout"

2021-02-05 13:47:00 - [MESSAGE][INFO] - >>>>>//Button[contains(text(),'Logout')]

2021-02-05 13:47:03 - [MESSAGE][PASSED] - Object '' is present

2021-02-05 13:47:03 - [MESSAGE][PASSED] - Object: '' is clicked on

2021-02-05 13:47:03 - [MESSAGE][PASSED] - Switched to window with index: '0'

2021-02-05 13:47:03 - [MESSAGE][PASSED] - Click button "Logout"

2021-02-05 13:47:03 - [TEST_STEP][PASSED] - Close browser: Close browser

2021-02-05 13:47:03 - [MESSAGE][PASSED] - Browser is closed

2021-02-05 13:47:03 - [MESSAGE][PASSED] - Close browser

2021-02-05 13:47:03 - [MESSAGE][PASSED] - Feature file: 'Include/features/IST_Real/RTD/Hold Payment Configuration/Start_Date_Greater_than_Release_Date.feature' was passed]]></system-out>
         <system-err><![CDATA[]]></system-err>
      </testcase>
      <system-out><![CDATA[2021-02-05 13:45:24 - [TEST_SUITE][FAILED] - TS_Hold_Payment_Configuration: Test Cases/RTD/Hold Payment Configuration/TC_Release_Schedule FAILED.
Reason:
com.kms.katalon.core.exception.StepFailedException: Feature file 'Include/features/IST_Real/RTD/Hold Payment Configuration/Release_Schedule.feature' was failed
	at com.kms.katalon.core.keyword.internal.KeywordMain.stepFailed(KeywordMain.groovy:50)
	at com.kms.katalon.core.keyword.internal.KeywordMain.stepFailed(KeywordMain.groovy)
	at com.kms.katalon.core.keyword.internal.KeywordMain.stepFailed(KeywordMain.groovy:23)
	at com.kms.katalon.core.keyword.internal.KeywordMain$stepFailed$0.call(Unknown Source)
	at com.kms.katalon.core.cucumber.keyword.CucumberBuiltinKeywords$_runFeatureFile_closure1.doCall(CucumberBuiltinKeywords.groovy:82)
	at com.kms.katalon.core.cucumber.keyword.CucumberBuiltinKeywords$_runFeatureFile_closure1.doCall(CucumberBuiltinKeywords.groovy)
	at com.kms.katalon.core.keyword.internal.KeywordMain.runKeyword(KeywordMain.groovy:68)
	at com.kms.katalon.core.keyword.internal.KeywordMain$runKeyword.call(Unknown Source)
	at com.kms.katalon.core.cucumber.keyword.CucumberBuiltinKeywords.runFeatureFile(CucumberBuiltinKeywords.groovy:46)
	at com.kms.katalon.core.cucumber.keyword.CucumberBuiltinKeywords$runFeatureFile$0.callStatic(Unknown Source)
	at com.kms.katalon.core.cucumber.keyword.CucumberBuiltinKeywords.runFeatureFile(CucumberBuiltinKeywords.groovy:169)
	at com.kms.katalon.core.cucumber.keyword.CucumberBuiltinKeywords$runFeatureFile.call(Unknown Source)
	at TC_Release_Schedule.run(TC_Release_Schedule:18)
	at com.kms.katalon.core.main.ScriptEngine.run(ScriptEngine.java:194)
	at com.kms.katalon.core.main.ScriptEngine.runScriptAsRawText(ScriptEngine.java:119)
	at com.kms.katalon.core.main.TestCaseExecutor.runScript(TestCaseExecutor.java:339)
	at com.kms.katalon.core.main.TestCaseExecutor.doExecute(TestCaseExecutor.java:330)
	at com.kms.katalon.core.main.TestCaseExecutor.processExecutionPhase(TestCaseExecutor.java:309)
	at com.kms.katalon.core.main.TestCaseExecutor.accessMainPhase(TestCaseExecutor.java:301)
	at com.kms.katalon.core.main.TestCaseExecutor.execute(TestCaseExecutor.java:235)
	at com.kms.katalon.core.main.TestSuiteExecutor.accessTestCaseMainPhase(TestSuiteExecutor.java:191)
	at com.kms.katalon.core.main.TestSuiteExecutor.accessTestSuiteMainPhase(TestSuiteExecutor.java:141)
	at com.kms.katalon.core.main.TestSuiteExecutor.execute(TestSuiteExecutor.java:90)
	at com.kms.katalon.core.main.TestCaseMain.startTestSuite(TestCaseMain.java:157)
	at com.kms.katalon.core.main.TestCaseMain$startTestSuite$0.call(Unknown Source)
	at TempTestSuite1612505442064.run(TempTestSuite1612505442064.groovy:39)]]></system-out>
      <system-err><![CDATA[2021-02-05 13:45:24 - [TEST_SUITE][FAILED] - TS_Hold_Payment_Configuration: Test Cases/RTD/Hold Payment Configuration/TC_Release_Schedule FAILED.
Reason:
com.kms.katalon.core.exception.StepFailedException: Feature file 'Include/features/IST_Real/RTD/Hold Payment Configuration/Release_Schedule.feature' was failed
	at com.kms.katalon.core.keyword.internal.KeywordMain.stepFailed(KeywordMain.groovy:50)
	at com.kms.katalon.core.keyword.internal.KeywordMain.stepFailed(KeywordMain.groovy)
	at com.kms.katalon.core.keyword.internal.KeywordMain.stepFailed(KeywordMain.groovy:23)
	at com.kms.katalon.core.keyword.internal.KeywordMain$stepFailed$0.call(Unknown Source)
	at com.kms.katalon.core.cucumber.keyword.CucumberBuiltinKeywords$_runFeatureFile_closure1.doCall(CucumberBuiltinKeywords.groovy:82)
	at com.kms.katalon.core.cucumber.keyword.CucumberBuiltinKeywords$_runFeatureFile_closure1.doCall(CucumberBuiltinKeywords.groovy)
	at com.kms.katalon.core.keyword.internal.KeywordMain.runKeyword(KeywordMain.groovy:68)
	at com.kms.katalon.core.keyword.internal.KeywordMain$runKeyword.call(Unknown Source)
	at com.kms.katalon.core.cucumber.keyword.CucumberBuiltinKeywords.runFeatureFile(CucumberBuiltinKeywords.groovy:46)
	at com.kms.katalon.core.cucumber.keyword.CucumberBuiltinKeywords$runFeatureFile$0.callStatic(Unknown Source)
	at com.kms.katalon.core.cucumber.keyword.CucumberBuiltinKeywords.runFeatureFile(CucumberBuiltinKeywords.groovy:169)
	at com.kms.katalon.core.cucumber.keyword.CucumberBuiltinKeywords$runFeatureFile.call(Unknown Source)
	at TC_Release_Schedule.run(TC_Release_Schedule:18)
	at com.kms.katalon.core.main.ScriptEngine.run(ScriptEngine.java:194)
	at com.kms.katalon.core.main.ScriptEngine.runScriptAsRawText(ScriptEngine.java:119)
	at com.kms.katalon.core.main.TestCaseExecutor.runScript(TestCaseExecutor.java:339)
	at com.kms.katalon.core.main.TestCaseExecutor.doExecute(TestCaseExecutor.java:330)
	at com.kms.katalon.core.main.TestCaseExecutor.processExecutionPhase(TestCaseExecutor.java:309)
	at com.kms.katalon.core.main.TestCaseExecutor.accessMainPhase(TestCaseExecutor.java:301)
	at com.kms.katalon.core.main.TestCaseExecutor.execute(TestCaseExecutor.java:235)
	at com.kms.katalon.core.main.TestSuiteExecutor.accessTestCaseMainPhase(TestSuiteExecutor.java:191)
	at com.kms.katalon.core.main.TestSuiteExecutor.accessTestSuiteMainPhase(TestSuiteExecutor.java:141)
	at com.kms.katalon.core.main.TestSuiteExecutor.execute(TestSuiteExecutor.java:90)
	at com.kms.katalon.core.main.TestCaseMain.startTestSuite(TestCaseMain.java:157)
	at com.kms.katalon.core.main.TestCaseMain$startTestSuite$0.call(Unknown Source)
	at TempTestSuite1612505442064.run(TempTestSuite1612505442064.groovy:39)]]></system-err>
   </testsuite>
</testsuites>
