<?xml version="1.0" encoding="UTF-8"?>
<testsuites name="Try" time="6.13" tests="1" failures="0" errors="0">
   <testsuite name="Try" tests="1" failures="0" errors="0" time="6.13" timestamp="2020-12-21 18:26:16" hostname="chaidir.pratama01 - localhost" id="Test Suites/CONTRACT_DISPATCHER_TWO_WHEELERS/Try">
      <properties>
         <property name="deviceName" value=""/>
         <property name="devicePlatform" value=""/>
         <property name="logFolder" value="/Users/chaidir.pratama01/Katalon Studio/IST_Automation_Git/Reports/20201221_181020/CONTRACT_DISPATCHER_TWO_WHEELERS/Try/20201221_181021"/>
         <property name="logFiles" value="/Users/chaidir.pratama01/Katalon Studio/IST_Automation_Git/Reports/20201221_181020/CONTRACT_DISPATCHER_TWO_WHEELERS/Try/20201221_181021/execution0.log"/>
         <property name="attachments" value=""/>
         <property name="hostName" value="chaidir.pratama01 - localhost"/>
         <property name="hostAddress" value="127.0.0.1"/>
         <property name="os" value="Mac OS X 64bit"/>
         <property name="katalonVersion" value="7.6.0.${buildNumber}"/>
      </properties>
      <testcase name="Test Cases/IST_Real/CONTRACT_DISPATCHER_TWO_WHEELERS/Update_Tbl_CDS_CDC" time="2.98" classname="Test Cases/IST_Real/CONTRACT_DISPATCHER_TWO_WHEELERS/Update_Tbl_CDS_CDC" status="PASSED">
         <system-out><![CDATA[2020-12-21 18:26:17 - [TEST_CASE][PASSED] - Test Cases/IST_Real/CONTRACT_DISPATCHER_TWO_WHEELERS/Update_Tbl_CDS_CDC: Test Cases/IST_Real/CONTRACT_DISPATCHER_TWO_WHEELERS/Update_Tbl_CDS_CDC

2020-12-21 18:26:17 - [TEST_STEP][PASSED] - runFeatureFile("Include/features/IST_Real/CONTRACT_DISPATCHER_TWO_WHEELERS/Update_Tbl_CDS_CDC_TRKRegMistake.feature"): Feature file: 'Include/features/IST_Real/CONTRACT_DISPATCHER_TWO_WHEELERS/Update_Tbl_CDS_CDC_TRKRegMistake.feature' was passed

2020-12-21 18:26:17 - [MESSAGE][INFO] - Starting run keyword runFeatureFile: 'Include/features/IST_Real/CONTRACT_DISPATCHER_TWO_WHEELERS/Update_Tbl_CDS_CDC_TRKRegMistake.feature' and extract report to folder: '/Users/chaidir.pratama01/Katalon Studio/IST_Automation_Git/Reports/20201221_181020/CONTRACT_DISPATCHER_TWO_WHEELERS/Try/20201221_181021/cucumber_report/1608549977304'...

2020-12-21 18:26:17 - [TEST_CASE][PASSED] - Start Test Case : SCENARIO Update Table CONTRACT_DISPATCHER_SOURCE and CONTRACT_DISPTACHER_CLAIM: SCENARIO Update Table CONTRACT_DISPATCHER_SOURCE and CONTRACT_DISPTACHER_CLAIM

2020-12-21 18:26:17 - [TEST_STEP][PASSED] - Connect to Database: Connect to Database

2020-12-21 18:26:19 - [MESSAGE][PASSED] - Connect to Database

2020-12-21 18:26:19 - [TEST_STEP][PASSED] - Update Tbl CONTRACT DISPATCHER SOURCE To Change PROCESSED From Y to N For TWO WHEELERS: Update Tbl CONTRACT DISPATCHER SOURCE To Change PROCESSED From Y to N For TWO WHEELERS

2020-12-21 18:26:19 - [MESSAGE][PASSED] - Update Tbl CONTRACT DISPATCHER SOURCE To Change PROCESSED From Y to N For TWO WHEELERS

2020-12-21 18:26:19 - [TEST_STEP][PASSED] - Update Tbl CONTRACT DISPATCHER CLAIM To Delete PROCESS From Column STATUS: Update Tbl CONTRACT DISPATCHER CLAIM To Delete PROCESS From Column STATUS

2020-12-21 18:26:19 - [MESSAGE][PASSED] - Update Tbl CONTRACT DISPATCHER CLAIM To Delete PROCESS From Column STATUS

2020-12-21 18:26:19 - [TEST_STEP][PASSED] - Delete Contract From TRK_REGISTRATION_MISTAKE: Delete Contract From TRK_REGISTRATION_MISTAKE

2020-12-21 18:26:19 - [MESSAGE][PASSED] - Delete Contract From TRK_REGISTRATION_MISTAKE

2020-12-21 18:26:20 - [MESSAGE][PASSED] - Feature file: 'Include/features/IST_Real/CONTRACT_DISPATCHER_TWO_WHEELERS/Update_Tbl_CDS_CDC_TRKRegMistake.feature' was passed]]></system-out>
         <system-err><![CDATA[]]></system-err>
      </testcase>
      <system-out><![CDATA[2020-12-21 18:26:16 - [TEST_SUITE][PASSED] - Try: Test Cases/IST_Real/CONTRACT_DISPATCHER_TWO_WHEELERS/Update_Tbl_CDS_CDC]]></system-out>
      <system-err><![CDATA[]]></system-err>
   </testsuite>
</testsuites>
