<?xml version="1.0" encoding="UTF-8"?>
<testsuites name="TS_SLIK_Gateway_Non_Customer" time="91.681" tests="4" failures="0" errors="0">
   <testsuite name="TS_SLIK_Gateway_Non_Customer" tests="4" failures="0" errors="0" time="91.681" timestamp="2020-08-21 16:34:03" hostname="chaidir.pratama01 - localhost" id="Test Suites/SLIK/TS_SLIK_Gateway_Non_Customer">
      <properties>
         <property name="deviceName" value=""/>
         <property name="devicePlatform" value=""/>
         <property name="logFolder" value="/Users/chaidir.pratama01/Katalon Studio/IST_Automation_Git/Reports/20200821_163250/SLIK/TS_SLIK_Gateway_Non_Customer/20200821_163251"/>
         <property name="logFiles" value="/Users/chaidir.pratama01/Katalon Studio/IST_Automation_Git/Reports/20200821_163250/SLIK/TS_SLIK_Gateway_Non_Customer/20200821_163251/execution0.log"/>
         <property name="attachments" value=""/>
         <property name="hostName" value="chaidir.pratama01 - localhost"/>
         <property name="os" value="Mac OS X 64bit"/>
         <property name="katalonVersion" value="7.6.0.${buildNumber}"/>
         <property name="browser" value="Chrome 84.0.4147.135"/>
         <property name="hostAddress" value="127.0.0.1"/>
         <property name="sessionId" value="91c997ea72bdcb74b220acf383ea1046"/>
         <property name="seleniumVersion" value="3.141.59"/>
         <property name="proxyInformation" value="ProxyInformation { proxyOption=NO_PROXY, proxyServerType=HTTP, username=, password=********, proxyServerAddress=, proxyServerPort=0, executionList=\&quot;\&quot;, isApplyToDesiredCapabilities=true }"/>
         <property name="platform" value="Mac OS X"/>
      </properties>
      <testcase name="Test Cases/IST_Real/SLIK/SLIK_Gateway_Non_Customer/Delete_KTPNumber_From_DB" time="2.38" classname="Test Cases/IST_Real/SLIK/SLIK_Gateway_Non_Customer/Delete_KTPNumber_From_DB" status="PASSED">
         <system-out><![CDATA[2020-08-21 16:34:03 - [TEST_CASE][PASSED] - Test Cases/IST_Real/SLIK/SLIK_Gateway_Non_Customer/Delete_KTPNumber_From_DB: Test Cases/IST_Real/SLIK/SLIK_Gateway_Non_Customer/Delete_KTPNumber_From_DB

2020-08-21 16:34:04 - [TEST_STEP][PASSED] - runFeatureFile("Include/features/IST_Real/SLIK/SLIK Gateway Non Customer/Delete_KTPNumber_From_DB.feature"): Feature file: 'Include/features/IST_Real/SLIK/SLIK Gateway Non Customer/Delete_KTPNumber_From_DB.feature' was passed

2020-08-21 16:34:04 - [MESSAGE][INFO] - Starting run keyword runFeatureFile: 'Include/features/IST_Real/SLIK/SLIK Gateway Non Customer/Delete_KTPNumber_From_DB.feature' and extract report to folder: '/Users/chaidir.pratama01/Katalon Studio/IST_Automation_Git/Reports/20200821_163250/SLIK/TS_SLIK_Gateway_Non_Customer/20200821_163251/cucumber_report/1598002444062'...

2020-08-21 16:34:04 - [TEST_CASE][PASSED] - Start Test Case : SCENARIO Delete_KTPNumber_From_DB: SCENARIO Delete_KTPNumber_From_DB

2020-08-21 16:34:04 - [TEST_STEP][PASSED] - Connect to Database: Connect to Database

2020-08-21 16:34:05 - [MESSAGE][PASSED] - Connect to Database

2020-08-21 16:34:05 - [TEST_STEP][PASSED] - Delete Contract From SLIK_DATA_NonCUSTOMER: Delete Contract From SLIK_DATA_NonCUSTOMER

2020-08-21 16:34:06 - [MESSAGE][PASSED] - Delete Contract From SLIK_DATA_NonCUSTOMER

2020-08-21 16:34:06 - [MESSAGE][PASSED] - Feature file: 'Include/features/IST_Real/SLIK/SLIK Gateway Non Customer/Delete_KTPNumber_From_DB.feature' was passed]]></system-out>
         <system-err><![CDATA[]]></system-err>
      </testcase>
      <testcase name="Test Cases/IST_Real/SLIK/SLIK_Gateway_Non_Customer/SLIK Gateway Non Customer Checking" time="74.01" classname="Test Cases/IST_Real/SLIK/SLIK_Gateway_Non_Customer/SLIK Gateway Non Customer Checking" status="PASSED">
         <system-out><![CDATA[2020-08-21 16:34:06 - [TEST_CASE][PASSED] - Test Cases/IST_Real/SLIK/SLIK_Gateway_Non_Customer/SLIK Gateway Non Customer Checking: Test Cases/IST_Real/SLIK/SLIK_Gateway_Non_Customer/SLIK Gateway Non Customer Checking

2020-08-21 16:34:06 - [TEST_STEP][PASSED] - runFeatureFile("Include/features/IST_Real/SLIK/SLIK Gateway Non Customer/SLIK Gateway Non Customer Checking.feature"): Feature file: 'Include/features/IST_Real/SLIK/SLIK Gateway Non Customer/SLIK Gateway Non Customer Checking.feature' was passed

2020-08-21 16:34:06 - [MESSAGE][INFO] - Starting run keyword runFeatureFile: 'Include/features/IST_Real/SLIK/SLIK Gateway Non Customer/SLIK Gateway Non Customer Checking.feature' and extract report to folder: '/Users/chaidir.pratama01/Katalon Studio/IST_Automation_Git/Reports/20200821_163250/SLIK/TS_SLIK_Gateway_Non_Customer/20200821_163251/cucumber_report/1598002446329'...

2020-08-21 16:34:06 - [TEST_CASE][PASSED] - Start Test Case : SCENARIO SLIK Gateway Non Customer Checking: SCENARIO SLIK Gateway Non Customer Checking

2020-08-21 16:34:06 - [TEST_STEP][PASSED] - Go to ISTools: Go to ISTools

2020-08-21 16:34:06 - [MESSAGE][INFO] - Starting 'Chrome' driver

2020-08-21 16:34:06 - [MESSAGE][INFO] - Action delay is set to 0 milliseconds

2020-08-21 16:34:07 - [MESSAGE][PASSED] - Browser is opened with url: ''

2020-08-21 16:34:08 - [MESSAGE][PASSED] - Navigate to 'https://dev-istools.homecredit.id/foundation/' successfully

2020-08-21 16:34:08 - [MESSAGE][PASSED] - Go to ISTools

2020-08-21 16:34:08 - [TEST_STEP][PASSED] - Login IST with valid credentials: Login IST with valid credentials

2020-08-21 16:34:09 - [MESSAGE][PASSED] - Text 'mobile.test' is set on object 'Object Repository/Page_/input_Username_j_username'

2020-08-21 16:34:09 - [MESSAGE][PASSED] - Text ****** has been set on object 'Object Repository/Page_/input_Password_j_password'

2020-08-21 16:34:10 - [MESSAGE][PASSED] - Object: 'Object Repository/Page_/button_Login' is clicked on

2020-08-21 16:34:10 - [MESSAGE][PASSED] - Login IST with valid credentials

2020-08-21 16:34:10 - [TEST_STEP][PASSED] - Login Success for contract dispatcher: Login Success for contract dispatcher

2020-08-21 16:34:10 - [MESSAGE][INFO] - Login Success

2020-08-21 16:34:11 - [MESSAGE][PASSED] - Current window maximized

2020-08-21 16:34:11 - [MESSAGE][PASSED] - Object 'Object Repository/Page_/h1_Welcome to IT Supporting Tools' is present

2020-08-21 16:34:11 - [MESSAGE][PASSED] - Login Success for contract dispatcher

2020-08-21 16:34:11 - [TEST_STEP][PASSED] - Select Menu SLIK Gateway NonCustomer: Select Menu SLIK Gateway NonCustomer

2020-08-21 16:34:11 - [MESSAGE][PASSED] - Object '' is present

2020-08-21 16:34:12 - [MESSAGE][PASSED] - Object: '' is clicked on

2020-08-21 16:34:12 - [MESSAGE][PASSED] - Wait for page load successfully

2020-08-21 16:34:12 - [MESSAGE][PASSED] - Select Menu SLIK Gateway NonCustomer

2020-08-21 16:34:12 - [TEST_STEP][PASSED] - Input Data KTP Number: Input Data KTP Number

2020-08-21 16:34:13 - [MESSAGE][PASSED] - Text '8888888888888888' is set on object ''

2020-08-21 16:34:13 - [MESSAGE][PASSED] - Input Data KTP Number

2020-08-21 16:34:13 - [TEST_STEP][PASSED] - Input Data "Name *" with value "OPEX TestingAuto" for Check SLIK: Input Data "Name *" with value "OPEX TestingAuto" for Check SLIK

2020-08-21 16:34:14 - [MESSAGE][PASSED] - Text 'OPEX TestingAuto' is set on object ''

2020-08-21 16:34:14 - [MESSAGE][PASSED] - Input Data "Name *" with value "OPEX TestingAuto" for Check SLIK

2020-08-21 16:34:14 - [TEST_STEP][PASSED] - Input Date of Birth "20-02-1990": Input Date of Birth "20-02-1990"

2020-08-21 16:34:14 - [MESSAGE][PASSED] - Text '20-02-1990' is set on object ''

2020-08-21 16:34:14 - [MESSAGE][PASSED] - Input Date of Birth "20-02-1990"

2020-08-21 16:34:14 - [TEST_STEP][PASSED] - Select Gender "Laki-laki": Select Gender "Laki-laki"

2020-08-21 16:34:15 - [MESSAGE][PASSED] - Object: '' is clicked on

2020-08-21 16:34:15 - [MESSAGE][PASSED] - Select Gender "Laki-laki"

2020-08-21 16:34:15 - [TEST_STEP][PASSED] - Select Purpose is "Penilaian Calon Kemitraan": Select Purpose is "Penilaian Calon Kemitraan"

2020-08-21 16:34:16 - [MESSAGE][PASSED] - All options with value 'Penilaian Calon Kemitraan' are selected in object ''  using regular expression

2020-08-21 16:34:16 - [MESSAGE][PASSED] - Select Purpose is "Penilaian Calon Kemitraan"

2020-08-21 16:34:16 - [TEST_STEP][PASSED] - Input Data "Place of Birth" with value "Jakarta" for Check SLIK: Input Data "Place of Birth" with value "Jakarta" for Check SLIK

2020-08-21 16:34:16 - [MESSAGE][PASSED] - Text 'Jakarta' is set on object ''

2020-08-21 16:34:16 - [MESSAGE][PASSED] - Input Data "Place of Birth" with value "Jakarta" for Check SLIK

2020-08-21 16:34:16 - [TEST_STEP][PASSED] - Input Data "Mother Maternity Name" with value "Tester Auto" for Check SLIK: Input Data "Mother Maternity Name" with value "Tester Auto" for Check SLIK

2020-08-21 16:34:17 - [MESSAGE][PASSED] - Text 'Tester Auto' is set on object ''

2020-08-21 16:34:17 - [MESSAGE][PASSED] - Input Data "Mother Maternity Name" with value "Tester Auto" for Check SLIK

2020-08-21 16:34:17 - [TEST_STEP][PASSED] - Input KTP Address "TESTING AUTO JAKARTA": Input KTP Address "TESTING AUTO JAKARTA"

2020-08-21 16:34:18 - [MESSAGE][PASSED] - Text 'TESTING AUTO JAKARTA' is set on object ''

2020-08-21 16:34:18 - [MESSAGE][PASSED] - Input KTP Address "TESTING AUTO JAKARTA"

2020-08-21 16:34:18 - [TEST_STEP][PASSED] - Click button "Upload": Click button "Upload"

2020-08-21 16:34:18 - [MESSAGE][INFO] - >>>>>//Button[contains(text(),'Upload')]

2020-08-21 16:34:21 - [MESSAGE][PASSED] - Object: '' is clicked on

2020-08-21 16:34:21 - [MESSAGE][PASSED] - Click button "Upload"

2020-08-21 16:34:21 - [TEST_STEP][PASSED] - Upload file "new_captcha1500.png": Upload file "new_captcha1500.png"

2020-08-21 16:34:23 - [MESSAGE][PASSED] - Switched to window with index: '0'

2020-08-21 16:34:34 - [MESSAGE][PASSED] - Upload file "new_captcha1500.png"

2020-08-21 16:34:34 - [TEST_STEP][PASSED] - Click button "Check SLIK": Click button "Check SLIK"

2020-08-21 16:34:34 - [MESSAGE][INFO] - >>>>>//Button[contains(text(),'Check SLIK')]

2020-08-21 16:34:37 - [MESSAGE][PASSED] - Object: '' is clicked on

2020-08-21 16:34:37 - [MESSAGE][PASSED] - Click button "Check SLIK"

2020-08-21 16:34:37 - [TEST_STEP][PASSED] - Get text from pop up "Confirmation Submit Request" with text "Are you sure to submit this data ?": Get text from pop up "Confirmation Submit Request" with text "Are you sure to submit this data ?"

2020-08-21 16:34:38 - [MESSAGE][PASSED] - Object '' is present

2020-08-21 16:34:38 - [MESSAGE][PASSED] - Wait for page load successfully

2020-08-21 16:34:38 - [MESSAGE][PASSED] - Wait for page load successfully

2020-08-21 16:34:38 - [MESSAGE][PASSED] - Get text from pop up "Confirmation Submit Request" with text "Are you sure to submit this data ?"

2020-08-21 16:34:38 - [TEST_STEP][PASSED] - Click button "Yes": Click button "Yes"

2020-08-21 16:34:38 - [MESSAGE][INFO] - >>>>>//Button[contains(text(),'Yes')]

2020-08-21 16:34:41 - [MESSAGE][PASSED] - Object: '' is clicked on

2020-08-21 16:34:41 - [MESSAGE][PASSED] - Click button "Yes"

2020-08-21 16:34:41 - [TEST_STEP][PASSED] - Verify KTP Number Request Success: Verify KTP Number Request Success

2020-08-21 16:35:13 - [MESSAGE][PASSED] - Object '' is present

2020-08-21 16:35:13 - [MESSAGE][PASSED] - Verify KTP Number Request Success

2020-08-21 16:35:13 - [TEST_STEP][PASSED] - Click button "OK": Click button "OK"

2020-08-21 16:35:13 - [MESSAGE][INFO] - >>>>>//Button[contains(text(),'OK')]

2020-08-21 16:35:16 - [MESSAGE][PASSED] - Object: '' is clicked on

2020-08-21 16:35:16 - [MESSAGE][PASSED] - Click button "OK"

2020-08-21 16:35:16 - [TEST_STEP][PASSED] - Click button "Logout": Click button "Logout"

2020-08-21 16:35:16 - [MESSAGE][INFO] - >>>>>//Button[contains(text(),'Logout')]

2020-08-21 16:35:20 - [MESSAGE][PASSED] - Object: '' is clicked on

2020-08-21 16:35:20 - [MESSAGE][PASSED] - Click button "Logout"

2020-08-21 16:35:20 - [TEST_STEP][PASSED] - Close browser: Close browser

2020-08-21 16:35:20 - [MESSAGE][PASSED] - Browser is closed

2020-08-21 16:35:20 - [MESSAGE][PASSED] - Close browser

2020-08-21 16:35:20 - [MESSAGE][PASSED] - Feature file: 'Include/features/IST_Real/SLIK/SLIK Gateway Non Customer/SLIK Gateway Non Customer Checking.feature' was passed]]></system-out>
         <system-err><![CDATA[]]></system-err>
      </testcase>
      <testcase name="Test Cases/IST_Real/SLIK/SLIK_Gateway_Non_Customer/SELECT_KTP_NUMBER_NON_CUSTOMER_from_DB" time="0.638" classname="Test Cases/IST_Real/SLIK/SLIK_Gateway_Non_Customer/SELECT_KTP_NUMBER_NON_CUSTOMER_from_DB" status="PASSED">
         <system-out><![CDATA[2020-08-21 16:35:20 - [TEST_CASE][PASSED] - Test Cases/IST_Real/SLIK/SLIK_Gateway_Non_Customer/SELECT_KTP_NUMBER_NON_CUSTOMER_from_DB: Test Cases/IST_Real/SLIK/SLIK_Gateway_Non_Customer/SELECT_KTP_NUMBER_NON_CUSTOMER_from_DB

2020-08-21 16:35:20 - [TEST_STEP][PASSED] - runFeatureFile("Include/features/IST_Real/SLIK/SLIK Gateway Non Customer/SELECT_KTP_NUMBER_NON_CUSTOMER_from_DB.feature"): Feature file: 'Include/features/IST_Real/SLIK/SLIK Gateway Non Customer/SELECT_KTP_NUMBER_NON_CUSTOMER_from_DB.feature' was passed

2020-08-21 16:35:20 - [MESSAGE][INFO] - Starting run keyword runFeatureFile: 'Include/features/IST_Real/SLIK/SLIK Gateway Non Customer/SELECT_KTP_NUMBER_NON_CUSTOMER_from_DB.feature' and extract report to folder: '/Users/chaidir.pratama01/Katalon Studio/IST_Automation_Git/Reports/20200821_163250/SLIK/TS_SLIK_Gateway_Non_Customer/20200821_163251/cucumber_report/1598002520336'...

2020-08-21 16:35:20 - [TEST_CASE][PASSED] - Start Test Case : SCENARIO SELECT KTP Number Non Customer From Table SLIK_DATA_CUSTOMER: SCENARIO SELECT KTP Number Non Customer From Table SLIK_DATA_CUSTOMER

2020-08-21 16:35:20 - [TEST_STEP][PASSED] - Connect to Database: Connect to Database

2020-08-21 16:35:20 - [MESSAGE][PASSED] - Connect to Database

2020-08-21 16:35:20 - [TEST_STEP][PASSED] - Check KTP Number Non Customer in DB: Check KTP Number Non Customer in DB

2020-08-21 16:35:20 - [MESSAGE][PASSED] - Check KTP Number Non Customer in DB

2020-08-21 16:35:20 - [MESSAGE][PASSED] - Feature file: 'Include/features/IST_Real/SLIK/SLIK Gateway Non Customer/SELECT_KTP_NUMBER_NON_CUSTOMER_from_DB.feature' was passed]]></system-out>
         <system-err><![CDATA[]]></system-err>
      </testcase>
      <testcase name="Test Cases/IST_Real/SLIK/SLIK_Gateway_Non_Customer/SLIK Gateway Non Customer Search" time="14.439" classname="Test Cases/IST_Real/SLIK/SLIK_Gateway_Non_Customer/SLIK Gateway Non Customer Search" status="PASSED">
         <system-out><![CDATA[2020-08-21 16:35:20 - [TEST_CASE][PASSED] - Test Cases/IST_Real/SLIK/SLIK_Gateway_Non_Customer/SLIK Gateway Non Customer Search: Test Cases/IST_Real/SLIK/SLIK_Gateway_Non_Customer/SLIK Gateway Non Customer Search

2020-08-21 16:35:20 - [TEST_STEP][PASSED] - runFeatureFile("Include/features/IST_Real/SLIK/SLIK Gateway Non Customer/SLIK Gateaway Non Customer Search.feature"): Feature file: 'Include/features/IST_Real/SLIK/SLIK Gateway Non Customer/SLIK Gateaway Non Customer Search.feature' was passed

2020-08-21 16:35:20 - [MESSAGE][INFO] - Starting run keyword runFeatureFile: 'Include/features/IST_Real/SLIK/SLIK Gateway Non Customer/SLIK Gateaway Non Customer Search.feature' and extract report to folder: '/Users/chaidir.pratama01/Katalon Studio/IST_Automation_Git/Reports/20200821_163250/SLIK/TS_SLIK_Gateway_Non_Customer/20200821_163251/cucumber_report/1598002520958'...

2020-08-21 16:35:21 - [TEST_CASE][PASSED] - Start Test Case : SCENARIO SLIK Gateway Non Customer Search Result: SCENARIO SLIK Gateway Non Customer Search Result

2020-08-21 16:35:21 - [TEST_STEP][PASSED] - Go to ISTools: Go to ISTools

2020-08-21 16:35:21 - [MESSAGE][INFO] - Starting 'Chrome' driver

2020-08-21 16:35:21 - [MESSAGE][INFO] - Action delay is set to 0 milliseconds

2020-08-21 16:35:21 - [MESSAGE][PASSED] - Browser is opened with url: ''

2020-08-21 16:35:22 - [MESSAGE][PASSED] - Navigate to 'https://dev-istools.homecredit.id/foundation/' successfully

2020-08-21 16:35:22 - [MESSAGE][PASSED] - Go to ISTools

2020-08-21 16:35:22 - [TEST_STEP][PASSED] - Login IST with valid credentials: Login IST with valid credentials

2020-08-21 16:35:23 - [MESSAGE][PASSED] - Text 'mobile.test' is set on object 'Object Repository/Page_/input_Username_j_username'

2020-08-21 16:35:23 - [MESSAGE][PASSED] - Text ****** has been set on object 'Object Repository/Page_/input_Password_j_password'

2020-08-21 16:35:24 - [MESSAGE][PASSED] - Object: 'Object Repository/Page_/button_Login' is clicked on

2020-08-21 16:35:24 - [MESSAGE][PASSED] - Login IST with valid credentials

2020-08-21 16:35:24 - [TEST_STEP][PASSED] - Login Success for contract dispatcher: Login Success for contract dispatcher

2020-08-21 16:35:24 - [MESSAGE][INFO] - Login Success

2020-08-21 16:35:24 - [MESSAGE][PASSED] - Current window maximized

2020-08-21 16:35:25 - [MESSAGE][PASSED] - Object 'Object Repository/Page_/h1_Welcome to IT Supporting Tools' is present

2020-08-21 16:35:25 - [MESSAGE][PASSED] - Login Success for contract dispatcher

2020-08-21 16:35:25 - [TEST_STEP][PASSED] - Select Menu SLIK Gateway Customer: Select Menu SLIK Gateway Customer

2020-08-21 16:35:25 - [MESSAGE][PASSED] - Object '' is present

2020-08-21 16:35:25 - [MESSAGE][PASSED] - Object: '' is clicked on

2020-08-21 16:35:25 - [MESSAGE][PASSED] - Wait for page load successfully

2020-08-21 16:35:25 - [MESSAGE][PASSED] - Select Menu SLIK Gateway Customer

2020-08-21 16:35:25 - [TEST_STEP][PASSED] - Input Data KTP Number for Search Result: Input Data KTP Number for Search Result

2020-08-21 16:35:26 - [MESSAGE][PASSED] - Scroll to object '' successfully

2020-08-21 16:35:27 - [MESSAGE][PASSED] - Text '9999999999999999' is set on object ''

2020-08-21 16:35:27 - [MESSAGE][PASSED] - Input Data KTP Number for Search Result

2020-08-21 16:35:27 - [TEST_STEP][PASSED] - Click button "Search": Click button "Search"

2020-08-21 16:35:27 - [MESSAGE][INFO] - >>>>>//Button[contains(text(),'Search')]

2020-08-21 16:35:30 - [MESSAGE][PASSED] - Object: '' is clicked on

2020-08-21 16:35:30 - [MESSAGE][PASSED] - Click button "Search"

2020-08-21 16:35:30 - [TEST_STEP][PASSED] - Verify Search Result with KTP Number: Verify Search Result with KTP Number

2020-08-21 16:35:31 - [MESSAGE][PASSED] - Object '' is present

2020-08-21 16:35:31 - [MESSAGE][PASSED] - Verify Search Result with KTP Number

2020-08-21 16:35:31 - [TEST_STEP][PASSED] - Verify Search Result data: Verify Search Result data

2020-08-21 16:35:31 - [MESSAGE][PASSED] - Scroll to object '' successfully

2020-08-21 16:35:31 - [MESSAGE][PASSED] - Object '' is present

2020-08-21 16:35:31 - [MESSAGE][PASSED] - Verify Search Result data

2020-08-21 16:35:31 - [TEST_STEP][PASSED] - Click button "Logout": Click button "Logout"

2020-08-21 16:35:31 - [MESSAGE][INFO] - >>>>>//Button[contains(text(),'Logout')]

2020-08-21 16:35:35 - [MESSAGE][PASSED] - Object: '' is clicked on

2020-08-21 16:35:35 - [MESSAGE][PASSED] - Click button "Logout"

2020-08-21 16:35:35 - [TEST_STEP][PASSED] - Close browser: Close browser

2020-08-21 16:35:35 - [MESSAGE][PASSED] - Browser is closed

2020-08-21 16:35:35 - [MESSAGE][PASSED] - Close browser

2020-08-21 16:35:35 - [MESSAGE][PASSED] - Feature file: 'Include/features/IST_Real/SLIK/SLIK Gateway Non Customer/SLIK Gateaway Non Customer Search.feature' was passed]]></system-out>
         <system-err><![CDATA[]]></system-err>
      </testcase>
      <system-out><![CDATA[2020-08-21 16:34:03 - [TEST_SUITE][PASSED] - TS_SLIK_Gateway_Non_Customer: Test Cases/IST_Real/SLIK/SLIK_Gateway_Non_Customer/SLIK Gateway Non Customer Search]]></system-out>
      <system-err><![CDATA[]]></system-err>
   </testsuite>
</testsuites>
