<?xml version="1.0" encoding="UTF-8"?>
<testsuites name="TS_Disbursement_Dashboard" time="234.263" tests="4" failures="0" errors="0">
   <testsuite name="TS_Disbursement_Dashboard" tests="4" failures="0" errors="0" time="234.263" timestamp="2021-01-22 10:42:37" hostname="chaidir.pratama01 - localhost" id="Test Suites/RTD/TS_Disbursement_Dashboard">
      <properties>
         <property name="deviceName" value=""/>
         <property name="devicePlatform" value=""/>
         <property name="logFolder" value="/Users/chaidir.pratama01/Katalon Studio/IST_Automation_Git/Reports/20210122_104222/RTD/TS_Disbursement_Dashboard/20210122_104222"/>
         <property name="logFiles" value="/Users/chaidir.pratama01/Katalon Studio/IST_Automation_Git/Reports/20210122_104222/RTD/TS_Disbursement_Dashboard/20210122_104222/execution0.log"/>
         <property name="attachments" value="/Users/chaidir.pratama01/Documents/Docs/Katalon Studio/Screenshot/test-Dashboard for CCC/OCS.png, /Users/chaidir.pratama01/Documents/Docs/Katalon Studio/Screenshot/test-Disbursement Dashboard.png, /Users/chaidir.pratama01/Documents/Docs/Katalon Studio/Screenshot/test-Disbursement Dashboard.png, /Users/chaidir.pratama01/Documents/Docs/Katalon Studio/Screenshot/test-Disbursement Dashboard.png, /Users/chaidir.pratama01/Documents/Docs/Katalon Studio/Screenshot/test-Disbursement Dashboard.png, /Users/chaidir.pratama01/Documents/Docs/Katalon Studio/Screenshot/test-Disbursement Dashboard.png, /Users/chaidir.pratama01/Documents/Docs/Katalon Studio/Screenshot/test-Disbursement Dashboard.png, /Users/chaidir.pratama01/Documents/Docs/Katalon Studio/Screenshot/test-Disbursement Dashboard.png, /Users/chaidir.pratama01/Documents/Docs/Katalon Studio/Screenshot/test-Disbursement Dashboard.png, /Users/chaidir.pratama01/Documents/Docs/Katalon Studio/Screenshot/test-Disbursement Dashboard.png, /Users/chaidir.pratama01/Katalon Studio/IST_Automation_Git/Reports/20210122_104222/RTD/TS_Disbursement_Dashboard/20210122_104222/1611287112374.png, /Users/chaidir.pratama01/Documents/Docs/Katalon Studio/Screenshot/test-Disbursement Dashboard.png, /Users/chaidir.pratama01/Documents/Docs/Katalon Studio/Screenshot/test-Disbursement Dashboard.png, /Users/chaidir.pratama01/Documents/Docs/Katalon Studio/Screenshot/test-Disbursement Dashboard.png, /Users/chaidir.pratama01/Documents/Docs/Katalon Studio/Screenshot/test-Disbursement Dashboard.png, /Users/chaidir.pratama01/Documents/Docs/Katalon Studio/Screenshot/test-Disbursement Dashboard.png, /Users/chaidir.pratama01/Documents/Docs/Katalon Studio/Screenshot/Download_data.png"/>
         <property name="hostName" value="chaidir.pratama01 - localhost"/>
         <property name="os" value="Mac OS X 64bit"/>
         <property name="katalonVersion" value="7.6.0.${buildNumber}"/>
         <property name="browser" value="Chrome 87.0.4280.141"/>
         <property name="hostAddress" value="127.0.0.1"/>
         <property name="sessionId" value="c55b01af59a9d3f6cf29156c33239184"/>
         <property name="seleniumVersion" value="3.141.59"/>
         <property name="proxyInformation" value="ProxyInformation { proxyOption=NO_PROXY, proxyServerType=HTTP, username=, password=********, proxyServerAddress=, proxyServerPort=0, executionList=\&quot;\&quot;, isApplyToDesiredCapabilities=true }"/>
         <property name="platform" value="Mac OS X"/>
      </properties>
      <testcase name="Test Cases/RTD/Disbursement Dashboard/TC_View_Detail_Disbursement_Dashboard" time="44.643" classname="Test Cases/RTD/Disbursement Dashboard/TC_View_Detail_Disbursement_Dashboard" status="PASSED">
         <system-out><![CDATA[2021-01-22 10:42:37 - [TEST_CASE][PASSED] - Test Cases/RTD/Disbursement Dashboard/TC_View_Detail_Disbursement_Dashboard: Test Cases/RTD/Disbursement Dashboard/TC_View_Detail_Disbursement_Dashboard

2021-01-22 10:42:38 - [TEST_STEP][PASSED] - runFeatureFile("Include/features/IST_Real/RTD/Disbursement_Dashboard/View_Detail_Disbursement_Dashboard.feature"): Feature file: 'Include/features/IST_Real/RTD/Disbursement_Dashboard/View_Detail_Disbursement_Dashboard.feature' was passed

2021-01-22 10:42:38 - [MESSAGE][INFO] - Starting run keyword runFeatureFile: 'Include/features/IST_Real/RTD/Disbursement_Dashboard/View_Detail_Disbursement_Dashboard.feature' and extract report to folder: '/Users/chaidir.pratama01/Katalon Studio/IST_Automation_Git/Reports/20210122_104222/RTD/TS_Disbursement_Dashboard/20210122_104222/cucumber_report/1611286958105'...

2021-01-22 10:42:38 - [TEST_CASE][PASSED] - Start Test Case : SCENARIO Search by STATUS Success to Disburse and then View Detail of it: SCENARIO Search by STATUS Success to Disburse and then View Detail of it

2021-01-22 10:42:38 - [TEST_STEP][PASSED] - Go to ISTools: Go to ISTools

2021-01-22 10:42:38 - [MESSAGE][INFO] - Starting 'Chrome (headless)' driver

2021-01-22 10:42:38 - [MESSAGE][INFO] - User set preference: ['args', '[--start-maximized, --disable-gpu, --no-proxy-server, â€“-no-sandbox, --allow-running-insecure-content, --ignore-certificate-errors, window-size=1680,814, force-device-scale-factor=2, --lang=en-GB]']

2021-01-22 10:42:38 - [MESSAGE][INFO] - User set preference: ['prefs', '{download.default_directory=/Users/chaidir.pratama01/Katalon Studio/IST_Automation_Git/Download}']

2021-01-22 10:42:38 - [MESSAGE][INFO] - Action delay is set to 0 milliseconds

2021-01-22 10:42:39 - [MESSAGE][PASSED] - Browser is opened with url: ''

2021-01-22 10:42:41 - [MESSAGE][PASSED] - Navigate to 'https://dev-istools.homecredit.id/foundation/' successfully

2021-01-22 10:42:41 - [MESSAGE][PASSED] - Go to ISTools

2021-01-22 10:42:41 - [TEST_STEP][PASSED] - Login IST with valid credentials: Login IST with valid credentials

2021-01-22 10:42:42 - [MESSAGE][PASSED] - Text 'mobile.test' is set on object 'Object Repository/Page_/input_Username_j_username'

2021-01-22 10:42:42 - [MESSAGE][PASSED] - Text ****** has been set on object 'Object Repository/Page_/input_Password_j_password'

2021-01-22 10:42:42 - [MESSAGE][PASSED] - Object: 'Object Repository/Page_/button_Login' is clicked on

2021-01-22 10:42:42 - [MESSAGE][PASSED] - Login IST with valid credentials

2021-01-22 10:42:42 - [TEST_STEP][PASSED] - Login Success: Login Success

2021-01-22 10:42:42 - [MESSAGE][INFO] - Login Success

2021-01-22 10:42:42 - [MESSAGE][PASSED] - Current window maximized

2021-01-22 10:42:42 - [MESSAGE][PASSED] - Object 'Object Repository/Page_/h1_Welcome to IT Supporting Tools' is present

2021-01-22 10:42:42 - [MESSAGE][PASSED] - Login Success

2021-01-22 10:42:43 - [TEST_STEP][PASSED] - Select Arrow Menu "Real Time Disbursement": Select Arrow Menu "Real Time Disbursement"

2021-01-22 10:42:43 - [MESSAGE][PASSED] - Object: '' is clicked on

2021-01-22 10:42:43 - [MESSAGE][PASSED] - Select Arrow Menu "Real Time Disbursement"

2021-01-22 10:42:43 - [TEST_STEP][PASSED] - Select Menu "Dashboard for CCC/OCS": Select Menu "Dashboard for CCC/OCS"

2021-01-22 10:42:43 - [MESSAGE][PASSED] - Taking screenshot successfully
[[ATTACHMENT|/Users/chaidir.pratama01/Documents/Docs/Katalon Studio/Screenshot/test-Dashboard for CCC/OCS.png]]

2021-01-22 10:42:43 - [MESSAGE][PASSED] - Object '' is present

2021-01-22 10:42:43 - [MESSAGE][PASSED] - Object: '' is clicked on

2021-01-22 10:42:43 - [MESSAGE][PASSED] - Wait for page load successfully

2021-01-22 10:42:43 - [MESSAGE][PASSED] - Select Menu "Dashboard for CCC/OCS"

2021-01-22 10:42:43 - [TEST_STEP][PASSED] - Select STATUS "Success to Disburse": Select STATUS "Success to Disburse"

2021-01-22 10:42:44 - [MESSAGE][PASSED] - All options with value 'Success to Disburse' are selected in object ''  using regular expression

2021-01-22 10:42:44 - [MESSAGE][PASSED] - Select STATUS "Success to Disburse"

2021-01-22 10:42:44 - [TEST_STEP][PASSED] - Click button "Search": Click button "Search"

2021-01-22 10:42:44 - [MESSAGE][INFO] - >>>>>//Button[contains(text(),'Search')]

2021-01-22 10:42:47 - [MESSAGE][PASSED] - Object '' is present

2021-01-22 10:42:47 - [MESSAGE][PASSED] - Object: '' is clicked on

2021-01-22 10:42:47 - [MESSAGE][PASSED] - Switched to window with index: '0'

2021-01-22 10:42:47 - [MESSAGE][PASSED] - Click button "Search"

2021-01-22 10:42:47 - [TEST_STEP][PASSED] - Verify Search Result Presents: Verify Search Result Presents

2021-01-22 10:42:47 - [MESSAGE][PASSED] - Object '' is present

2021-01-22 10:42:48 - [MESSAGE][PASSED] - Verify Search Result Presents

2021-01-22 10:42:48 - [TEST_STEP][PASSED] - Click View Detail: Click View Detail

2021-01-22 10:42:48 - [MESSAGE][PASSED] - Object '' is present

2021-01-22 10:42:48 - [MESSAGE][PASSED] - Object: '' is clicked on

2021-01-22 10:42:48 - [MESSAGE][PASSED] - Click View Detail

2021-01-22 10:42:48 - [TEST_STEP][PASSED] - Verify Information in View Detail: Verify Information in View Detail

2021-01-22 10:42:51 - [MESSAGE][PASSED] - Delayed 3 second(s)

2021-01-22 10:42:51 - [MESSAGE][PASSED] - Attribute 'value' of object '' is: '3900014152'

2021-01-22 10:42:54 - [MESSAGE][PASSED] - Delayed 3 second(s)

2021-01-22 10:42:54 - [MESSAGE][PASSED] - Attribute 'value' of object '' is: 'IDITXLeks TESTERbIvIvO'

2021-01-22 10:42:57 - [MESSAGE][PASSED] - Delayed 3 second(s)

2021-01-22 10:42:57 - [MESSAGE][PASSED] - Attribute 'value' of object '' is: 'Success to Disburse'

2021-01-22 10:43:00 - [MESSAGE][PASSED] - Delayed 3 second(s)

2021-01-22 10:43:00 - [MESSAGE][PASSED] - Attribute 'value' of object '' is: 'Rp 7,000,000'

2021-01-22 10:43:03 - [MESSAGE][PASSED] - Delayed 3 second(s)

2021-01-22 10:43:03 - [MESSAGE][PASSED] - Attribute 'value' of object '' is: 'KESEJAHTERAAN EKONOMI'

2021-01-22 10:43:06 - [MESSAGE][PASSED] - Delayed 3 second(s)

2021-01-22 10:43:06 - [MESSAGE][PASSED] - Attribute 'value' of object '' is: '1'

2021-01-22 10:43:09 - [MESSAGE][PASSED] - Delayed 3 second(s)

2021-01-22 10:43:09 - [MESSAGE][PASSED] - Attribute 'value' of object '' is: 'NAMA ADA DISINI'

2021-01-22 10:43:12 - [MESSAGE][PASSED] - Delayed 3 second(s)

2021-01-22 10:43:12 - [MESSAGE][PASSED] - Attribute 'value' of object '' is: 'KESEJAHTERAAN EKONOMI'

2021-01-22 10:43:15 - [MESSAGE][PASSED] - Delayed 3 second(s)

2021-01-22 10:43:15 - [MESSAGE][PASSED] - Attribute 'value' of object '' is: ''

2021-01-22 10:43:18 - [MESSAGE][PASSED] - Delayed 3 second(s)

2021-01-22 10:43:18 - [MESSAGE][PASSED] - Attribute 'value' of object '' is: ''

2021-01-22 10:43:18 - [MESSAGE][PASSED] - Text of object '' is: 'Date'

2021-01-22 10:43:18 - [MESSAGE][PASSED] - Text of object '' is: 'Status'

2021-01-22 10:43:18 - [MESSAGE][PASSED] - Text of object '' is: 'Updated Information'

2021-01-22 10:43:18 - [MESSAGE][PASSED] - Text of object '' is: 'Last Update By'

2021-01-22 10:43:18 - [MESSAGE][PASSED] - Text of object '' is: 'Department'

2021-01-22 10:43:19 - [MESSAGE][PASSED] - Verify Information in View Detail

2021-01-22 10:43:19 - [TEST_STEP][PASSED] - Click button "Logout": Click button "Logout"

2021-01-22 10:43:19 - [MESSAGE][INFO] - >>>>>//Button[contains(text(),'Logout')]

2021-01-22 10:43:22 - [MESSAGE][PASSED] - Object '' is present

2021-01-22 10:43:22 - [MESSAGE][PASSED] - Object: '' is clicked on

2021-01-22 10:43:22 - [MESSAGE][PASSED] - Switched to window with index: '0'

2021-01-22 10:43:22 - [MESSAGE][PASSED] - Click button "Logout"

2021-01-22 10:43:22 - [TEST_STEP][PASSED] - Close browser: Close browser

2021-01-22 10:43:22 - [MESSAGE][PASSED] - Browser is closed

2021-01-22 10:43:22 - [MESSAGE][PASSED] - Close browser

2021-01-22 10:43:22 - [MESSAGE][PASSED] - Feature file: 'Include/features/IST_Real/RTD/Disbursement_Dashboard/View_Detail_Disbursement_Dashboard.feature' was passed]]></system-out>
         <system-err><![CDATA[]]></system-err>
      </testcase>
      <testcase name="Test Cases/RTD/Disbursement Dashboard/TC_Search_by_Contract_Number_Disbursement_Dashboard" time="7.005" classname="Test Cases/RTD/Disbursement Dashboard/TC_Search_by_Contract_Number_Disbursement_Dashboard" status="PASSED">
         <system-out><![CDATA[2021-01-22 10:43:22 - [TEST_CASE][PASSED] - Test Cases/RTD/Disbursement Dashboard/TC_Search_by_Contract_Number_Disbursement_Dashboard: Test Cases/RTD/Disbursement Dashboard/TC_Search_by_Contract_Number_Disbursement_Dashboard

2021-01-22 10:43:22 - [TEST_STEP][PASSED] - runFeatureFile("Include/features/IST_Real/RTD/Disbursement_Dashboard/Search_by_Contract_Number_Disbursement_Dashboard.feature"): Feature file: 'Include/features/IST_Real/RTD/Disbursement_Dashboard/Search_by_Contract_Number_Disbursement_Dashboard.feature' was passed

2021-01-22 10:43:22 - [MESSAGE][INFO] - Starting run keyword runFeatureFile: 'Include/features/IST_Real/RTD/Disbursement_Dashboard/Search_by_Contract_Number_Disbursement_Dashboard.feature' and extract report to folder: '/Users/chaidir.pratama01/Katalon Studio/IST_Automation_Git/Reports/20210122_104222/RTD/TS_Disbursement_Dashboard/20210122_104222/cucumber_report/1611287002557'...

2021-01-22 10:43:22 - [TEST_CASE][PASSED] - Start Test Case : SCENARIO Search by Contract Number and it found on Dashboard: SCENARIO Search by Contract Number and it found on Dashboard

2021-01-22 10:43:22 - [TEST_STEP][PASSED] - Go to ISTools: Go to ISTools

2021-01-22 10:43:22 - [MESSAGE][INFO] - Starting 'Chrome (headless)' driver

2021-01-22 10:43:22 - [MESSAGE][INFO] - User set preference: ['args', '[--start-maximized, --disable-gpu, --no-proxy-server, â€“-no-sandbox, --allow-running-insecure-content, --ignore-certificate-errors, window-size=1680,814, force-device-scale-factor=2, --lang=en-GB]']

2021-01-22 10:43:22 - [MESSAGE][INFO] - User set preference: ['prefs', '{download.default_directory=/Users/chaidir.pratama01/Katalon Studio/IST_Automation_Git/Download}']

2021-01-22 10:43:22 - [MESSAGE][INFO] - Action delay is set to 0 milliseconds

2021-01-22 10:43:23 - [MESSAGE][PASSED] - Browser is opened with url: ''

2021-01-22 10:43:23 - [MESSAGE][PASSED] - Navigate to 'https://dev-istools.homecredit.id/foundation/' successfully

2021-01-22 10:43:23 - [MESSAGE][PASSED] - Go to ISTools

2021-01-22 10:43:23 - [TEST_STEP][PASSED] - Login IST with valid credentials: Login IST with valid credentials

2021-01-22 10:43:24 - [MESSAGE][PASSED] - Text 'mobile.test' is set on object 'Object Repository/Page_/input_Username_j_username'

2021-01-22 10:43:24 - [MESSAGE][PASSED] - Text ****** has been set on object 'Object Repository/Page_/input_Password_j_password'

2021-01-22 10:43:24 - [MESSAGE][PASSED] - Object: 'Object Repository/Page_/button_Login' is clicked on

2021-01-22 10:43:24 - [MESSAGE][PASSED] - Login IST with valid credentials

2021-01-22 10:43:24 - [TEST_STEP][PASSED] - Login Success: Login Success

2021-01-22 10:43:24 - [MESSAGE][INFO] - Login Success

2021-01-22 10:43:24 - [MESSAGE][PASSED] - Current window maximized

2021-01-22 10:43:24 - [MESSAGE][PASSED] - Object 'Object Repository/Page_/h1_Welcome to IT Supporting Tools' is present

2021-01-22 10:43:24 - [MESSAGE][PASSED] - Login Success

2021-01-22 10:43:24 - [TEST_STEP][PASSED] - Select Arrow Menu "Real Time Disbursement": Select Arrow Menu "Real Time Disbursement"

2021-01-22 10:43:24 - [MESSAGE][PASSED] - Object: '' is clicked on

2021-01-22 10:43:24 - [MESSAGE][PASSED] - Select Arrow Menu "Real Time Disbursement"

2021-01-22 10:43:24 - [TEST_STEP][PASSED] - Select Menu "Disbursement Dashboard": Select Menu "Disbursement Dashboard"

2021-01-22 10:43:25 - [MESSAGE][PASSED] - Taking screenshot successfully
[[ATTACHMENT|/Users/chaidir.pratama01/Documents/Docs/Katalon Studio/Screenshot/test-Disbursement Dashboard.png]]

2021-01-22 10:43:25 - [MESSAGE][PASSED] - Object '' is present

2021-01-22 10:43:25 - [MESSAGE][PASSED] - Object: '' is clicked on

2021-01-22 10:43:25 - [MESSAGE][PASSED] - Wait for page load successfully

2021-01-22 10:43:25 - [MESSAGE][PASSED] - Select Menu "Disbursement Dashboard"

2021-01-22 10:43:25 - [TEST_STEP][PASSED] - Input Contract RTD in Contract Number label: Input Contract RTD in Contract Number label

2021-01-22 10:43:25 - [MESSAGE][PASSED] - Text '4000014162' is set on object ''

2021-01-22 10:43:25 - [MESSAGE][PASSED] - Input Contract RTD in Contract Number label

2021-01-22 10:43:25 - [TEST_STEP][PASSED] - Click button "Search": Click button "Search"

2021-01-22 10:43:25 - [MESSAGE][INFO] - >>>>>//Button[contains(text(),'Search')]

2021-01-22 10:43:28 - [MESSAGE][PASSED] - Object '' is present

2021-01-22 10:43:28 - [MESSAGE][PASSED] - Object: '' is clicked on

2021-01-22 10:43:28 - [MESSAGE][PASSED] - Switched to window with index: '0'

2021-01-22 10:43:28 - [MESSAGE][PASSED] - Click button "Search"

2021-01-22 10:43:28 - [TEST_STEP][PASSED] - Verify Search Result Presents: Verify Search Result Presents

2021-01-22 10:43:28 - [MESSAGE][PASSED] - Object '' is present

2021-01-22 10:43:29 - [MESSAGE][PASSED] - Verify Search Result Presents

2021-01-22 10:43:29 - [MESSAGE][PASSED] - Feature file: 'Include/features/IST_Real/RTD/Disbursement_Dashboard/Search_by_Contract_Number_Disbursement_Dashboard.feature' was passed]]></system-out>
         <system-err><![CDATA[]]></system-err>
      </testcase>
      <testcase name="Test Cases/RTD/Disbursement Dashboard/TC_Search_by_STATUS_Disbursement_Dashboard" time="165.153" classname="Test Cases/RTD/Disbursement Dashboard/TC_Search_by_STATUS_Disbursement_Dashboard" status="PASSED">
         <system-out><![CDATA[2021-01-22 10:43:29 - [TEST_CASE][PASSED] - Test Cases/RTD/Disbursement Dashboard/TC_Search_by_STATUS_Disbursement_Dashboard: Test Cases/RTD/Disbursement Dashboard/TC_Search_by_STATUS_Disbursement_Dashboard

2021-01-22 10:43:29 - [TEST_STEP][PASSED] - runFeatureFile("Include/features/IST_Real/RTD/Disbursement_Dashboard/Search_by_STATUS_Disbursement_Dashboard.feature"): Feature file: 'Include/features/IST_Real/RTD/Disbursement_Dashboard/Search_by_STATUS_Disbursement_Dashboard.feature' was passed

2021-01-22 10:43:29 - [MESSAGE][INFO] - Starting run keyword runFeatureFile: 'Include/features/IST_Real/RTD/Disbursement_Dashboard/Search_by_STATUS_Disbursement_Dashboard.feature' and extract report to folder: '/Users/chaidir.pratama01/Katalon Studio/IST_Automation_Git/Reports/20210122_104222/RTD/TS_Disbursement_Dashboard/20210122_104222/cucumber_report/1611287009541'...

2021-01-22 10:43:29 - [TEST_CASE][PASSED] - Start Test Case : SCENARIO Search by STATUS Eligible to Disburse: SCENARIO Search by STATUS Eligible to Disburse

2021-01-22 10:43:29 - [TEST_STEP][PASSED] - Go to ISTools: Go to ISTools

2021-01-22 10:43:29 - [MESSAGE][WARNING] - A browser is already opened. Closing browser and opening a new one

2021-01-22 10:43:29 - [MESSAGE][INFO] - Starting 'Chrome (headless)' driver

2021-01-22 10:43:29 - [MESSAGE][INFO] - User set preference: ['args', '[--start-maximized, --disable-gpu, --no-proxy-server, â€“-no-sandbox, --allow-running-insecure-content, --ignore-certificate-errors, window-size=1680,814, force-device-scale-factor=2, --lang=en-GB]']

2021-01-22 10:43:29 - [MESSAGE][INFO] - User set preference: ['prefs', '{download.default_directory=/Users/chaidir.pratama01/Katalon Studio/IST_Automation_Git/Download}']

2021-01-22 10:43:29 - [MESSAGE][INFO] - Action delay is set to 0 milliseconds

2021-01-22 10:43:30 - [MESSAGE][PASSED] - Browser is opened with url: ''

2021-01-22 10:43:30 - [MESSAGE][PASSED] - Navigate to 'https://dev-istools.homecredit.id/foundation/' successfully

2021-01-22 10:43:30 - [MESSAGE][PASSED] - Go to ISTools

2021-01-22 10:43:30 - [TEST_STEP][PASSED] - Login IST with valid credentials: Login IST with valid credentials

2021-01-22 10:43:31 - [MESSAGE][PASSED] - Text 'mobile.test' is set on object 'Object Repository/Page_/input_Username_j_username'

2021-01-22 10:43:31 - [MESSAGE][PASSED] - Text ****** has been set on object 'Object Repository/Page_/input_Password_j_password'

2021-01-22 10:43:31 - [MESSAGE][PASSED] - Object: 'Object Repository/Page_/button_Login' is clicked on

2021-01-22 10:43:31 - [MESSAGE][PASSED] - Login IST with valid credentials

2021-01-22 10:43:31 - [TEST_STEP][PASSED] - Login Success: Login Success

2021-01-22 10:43:31 - [MESSAGE][INFO] - Login Success

2021-01-22 10:43:31 - [MESSAGE][PASSED] - Current window maximized

2021-01-22 10:43:31 - [MESSAGE][PASSED] - Object 'Object Repository/Page_/h1_Welcome to IT Supporting Tools' is present

2021-01-22 10:43:31 - [MESSAGE][PASSED] - Login Success

2021-01-22 10:43:31 - [TEST_STEP][PASSED] - Select Arrow Menu "Real Time Disbursement": Select Arrow Menu "Real Time Disbursement"

2021-01-22 10:43:31 - [MESSAGE][PASSED] - Object: '' is clicked on

2021-01-22 10:43:31 - [MESSAGE][PASSED] - Select Arrow Menu "Real Time Disbursement"

2021-01-22 10:43:31 - [TEST_STEP][PASSED] - Select Menu "Disbursement Dashboard": Select Menu "Disbursement Dashboard"

2021-01-22 10:43:32 - [MESSAGE][PASSED] - Taking screenshot successfully
[[ATTACHMENT|/Users/chaidir.pratama01/Documents/Docs/Katalon Studio/Screenshot/test-Disbursement Dashboard.png]]

2021-01-22 10:43:32 - [MESSAGE][PASSED] - Object '' is present

2021-01-22 10:43:32 - [MESSAGE][PASSED] - Object: '' is clicked on

2021-01-22 10:43:32 - [MESSAGE][PASSED] - Wait for page load successfully

2021-01-22 10:43:32 - [MESSAGE][PASSED] - Select Menu "Disbursement Dashboard"

2021-01-22 10:43:32 - [TEST_STEP][PASSED] - Select STATUS "Eligible to disburse": Select STATUS "Eligible to disburse"

2021-01-22 10:43:32 - [MESSAGE][PASSED] - All options with value 'Eligible to disburse' are selected in object ''  using regular expression

2021-01-22 10:43:32 - [MESSAGE][PASSED] - Select STATUS "Eligible to disburse"

2021-01-22 10:43:32 - [TEST_STEP][PASSED] - Click button "Search": Click button "Search"

2021-01-22 10:43:32 - [MESSAGE][INFO] - >>>>>//Button[contains(text(),'Search')]

2021-01-22 10:43:35 - [MESSAGE][PASSED] - Object '' is present

2021-01-22 10:43:35 - [MESSAGE][PASSED] - Object: '' is clicked on

2021-01-22 10:43:35 - [MESSAGE][PASSED] - Switched to window with index: '0'

2021-01-22 10:43:35 - [MESSAGE][PASSED] - Click button "Search"

2021-01-22 10:43:35 - [TEST_STEP][PASSED] - Verify Search Result Presents: Verify Search Result Presents

2021-01-22 10:43:37 - [MESSAGE][PASSED] - Object '' is present

2021-01-22 10:43:43 - [MESSAGE][PASSED] - Verify Search Result Presents

2021-01-22 10:43:43 - [TEST_STEP][PASSED] - Click button "Logout": Click button "Logout"

2021-01-22 10:43:43 - [MESSAGE][INFO] - >>>>>//Button[contains(text(),'Logout')]

2021-01-22 10:43:46 - [MESSAGE][PASSED] - Object '' is present

2021-01-22 10:43:47 - [MESSAGE][PASSED] - Object: '' is clicked on

2021-01-22 10:43:47 - [MESSAGE][PASSED] - Switched to window with index: '0'

2021-01-22 10:43:47 - [MESSAGE][PASSED] - Click button "Logout"

2021-01-22 10:43:47 - [TEST_STEP][PASSED] - Close browser: Close browser

2021-01-22 10:43:47 - [MESSAGE][PASSED] - Browser is closed

2021-01-22 10:43:47 - [MESSAGE][PASSED] - Close browser

2021-01-22 10:43:47 - [TEST_CASE][PASSED] - Start Test Case : SCENARIO Search by STATUS Waiting approval from Risk: SCENARIO Search by STATUS Waiting approval from Risk

2021-01-22 10:43:47 - [TEST_STEP][PASSED] - Go to ISTools: Go to ISTools

2021-01-22 10:43:47 - [MESSAGE][INFO] - Starting 'Chrome (headless)' driver

2021-01-22 10:43:47 - [MESSAGE][INFO] - User set preference: ['args', '[--start-maximized, --disable-gpu, --no-proxy-server, â€“-no-sandbox, --allow-running-insecure-content, --ignore-certificate-errors, window-size=1680,814, force-device-scale-factor=2, --lang=en-GB]']

2021-01-22 10:43:47 - [MESSAGE][INFO] - User set preference: ['prefs', '{download.default_directory=/Users/chaidir.pratama01/Katalon Studio/IST_Automation_Git/Download}']

2021-01-22 10:43:47 - [MESSAGE][INFO] - Action delay is set to 0 milliseconds

2021-01-22 10:43:47 - [MESSAGE][PASSED] - Browser is opened with url: ''

2021-01-22 10:43:48 - [MESSAGE][PASSED] - Navigate to 'https://dev-istools.homecredit.id/foundation/' successfully

2021-01-22 10:43:48 - [MESSAGE][PASSED] - Go to ISTools

2021-01-22 10:43:48 - [TEST_STEP][PASSED] - Login IST with valid credentials: Login IST with valid credentials

2021-01-22 10:43:48 - [MESSAGE][PASSED] - Text 'mobile.test' is set on object 'Object Repository/Page_/input_Username_j_username'

2021-01-22 10:43:48 - [MESSAGE][PASSED] - Text ****** has been set on object 'Object Repository/Page_/input_Password_j_password'

2021-01-22 10:43:49 - [MESSAGE][PASSED] - Object: 'Object Repository/Page_/button_Login' is clicked on

2021-01-22 10:43:49 - [MESSAGE][PASSED] - Login IST with valid credentials

2021-01-22 10:43:49 - [TEST_STEP][PASSED] - Login Success: Login Success

2021-01-22 10:43:49 - [MESSAGE][INFO] - Login Success

2021-01-22 10:43:49 - [MESSAGE][PASSED] - Current window maximized

2021-01-22 10:43:49 - [MESSAGE][PASSED] - Object 'Object Repository/Page_/h1_Welcome to IT Supporting Tools' is present

2021-01-22 10:43:49 - [MESSAGE][PASSED] - Login Success

2021-01-22 10:43:49 - [TEST_STEP][PASSED] - Select Arrow Menu "Real Time Disbursement": Select Arrow Menu "Real Time Disbursement"

2021-01-22 10:43:49 - [MESSAGE][PASSED] - Object: '' is clicked on

2021-01-22 10:43:49 - [MESSAGE][PASSED] - Select Arrow Menu "Real Time Disbursement"

2021-01-22 10:43:49 - [TEST_STEP][PASSED] - Select Menu "Disbursement Dashboard": Select Menu "Disbursement Dashboard"

2021-01-22 10:43:49 - [MESSAGE][PASSED] - Taking screenshot successfully
[[ATTACHMENT|/Users/chaidir.pratama01/Documents/Docs/Katalon Studio/Screenshot/test-Disbursement Dashboard.png]]

2021-01-22 10:43:49 - [MESSAGE][PASSED] - Object '' is present

2021-01-22 10:43:49 - [MESSAGE][PASSED] - Object: '' is clicked on

2021-01-22 10:43:49 - [MESSAGE][PASSED] - Wait for page load successfully

2021-01-22 10:43:49 - [MESSAGE][PASSED] - Select Menu "Disbursement Dashboard"

2021-01-22 10:43:49 - [TEST_STEP][PASSED] - Select STATUS "Waiting approval from Risk": Select STATUS "Waiting approval from Risk"

2021-01-22 10:43:50 - [MESSAGE][PASSED] - All options with value 'Waiting approval from Risk' are selected in object ''  using regular expression

2021-01-22 10:43:50 - [MESSAGE][PASSED] - Select STATUS "Waiting approval from Risk"

2021-01-22 10:43:50 - [TEST_STEP][PASSED] - Click button "Search": Click button "Search"

2021-01-22 10:43:50 - [MESSAGE][INFO] - >>>>>//Button[contains(text(),'Search')]

2021-01-22 10:43:53 - [MESSAGE][PASSED] - Object '' is present

2021-01-22 10:43:53 - [MESSAGE][PASSED] - Object: '' is clicked on

2021-01-22 10:43:53 - [MESSAGE][PASSED] - Switched to window with index: '0'

2021-01-22 10:43:53 - [MESSAGE][PASSED] - Click button "Search"

2021-01-22 10:43:53 - [TEST_STEP][PASSED] - Verify Search Result Presents: Verify Search Result Presents

2021-01-22 10:43:53 - [MESSAGE][PASSED] - Object '' is present

2021-01-22 10:43:55 - [MESSAGE][PASSED] - Verify Search Result Presents

2021-01-22 10:43:55 - [TEST_STEP][PASSED] - Click button "Logout": Click button "Logout"

2021-01-22 10:43:55 - [MESSAGE][INFO] - >>>>>//Button[contains(text(),'Logout')]

2021-01-22 10:43:58 - [MESSAGE][PASSED] - Object '' is present

2021-01-22 10:43:59 - [MESSAGE][PASSED] - Object: '' is clicked on

2021-01-22 10:43:59 - [MESSAGE][PASSED] - Switched to window with index: '0'

2021-01-22 10:43:59 - [MESSAGE][PASSED] - Click button "Logout"

2021-01-22 10:43:59 - [TEST_STEP][PASSED] - Close browser: Close browser

2021-01-22 10:43:59 - [MESSAGE][PASSED] - Browser is closed

2021-01-22 10:43:59 - [MESSAGE][PASSED] - Close browser

2021-01-22 10:43:59 - [TEST_CASE][PASSED] - Start Test Case : SCENARIO Search by STATUS Waiting for approval from In Payment: SCENARIO Search by STATUS Waiting for approval from In Payment

2021-01-22 10:43:59 - [TEST_STEP][PASSED] - Go to ISTools: Go to ISTools

2021-01-22 10:43:59 - [MESSAGE][INFO] - Starting 'Chrome (headless)' driver

2021-01-22 10:43:59 - [MESSAGE][INFO] - User set preference: ['args', '[--start-maximized, --disable-gpu, --no-proxy-server, â€“-no-sandbox, --allow-running-insecure-content, --ignore-certificate-errors, window-size=1680,814, force-device-scale-factor=2, --lang=en-GB]']

2021-01-22 10:43:59 - [MESSAGE][INFO] - User set preference: ['prefs', '{download.default_directory=/Users/chaidir.pratama01/Katalon Studio/IST_Automation_Git/Download}']

2021-01-22 10:43:59 - [MESSAGE][INFO] - Action delay is set to 0 milliseconds

2021-01-22 10:43:59 - [MESSAGE][PASSED] - Browser is opened with url: ''

2021-01-22 10:44:00 - [MESSAGE][PASSED] - Navigate to 'https://dev-istools.homecredit.id/foundation/' successfully

2021-01-22 10:44:00 - [MESSAGE][PASSED] - Go to ISTools

2021-01-22 10:44:00 - [TEST_STEP][PASSED] - Login IST with valid credentials: Login IST with valid credentials

2021-01-22 10:44:00 - [MESSAGE][PASSED] - Text 'mobile.test' is set on object 'Object Repository/Page_/input_Username_j_username'

2021-01-22 10:44:00 - [MESSAGE][PASSED] - Text ****** has been set on object 'Object Repository/Page_/input_Password_j_password'

2021-01-22 10:44:01 - [MESSAGE][PASSED] - Object: 'Object Repository/Page_/button_Login' is clicked on

2021-01-22 10:44:01 - [MESSAGE][PASSED] - Login IST with valid credentials

2021-01-22 10:44:01 - [TEST_STEP][PASSED] - Login Success: Login Success

2021-01-22 10:44:01 - [MESSAGE][INFO] - Login Success

2021-01-22 10:44:01 - [MESSAGE][PASSED] - Current window maximized

2021-01-22 10:44:01 - [MESSAGE][PASSED] - Object 'Object Repository/Page_/h1_Welcome to IT Supporting Tools' is present

2021-01-22 10:44:01 - [MESSAGE][PASSED] - Login Success

2021-01-22 10:44:01 - [TEST_STEP][PASSED] - Select Arrow Menu "Real Time Disbursement": Select Arrow Menu "Real Time Disbursement"

2021-01-22 10:44:01 - [MESSAGE][PASSED] - Object: '' is clicked on

2021-01-22 10:44:01 - [MESSAGE][PASSED] - Select Arrow Menu "Real Time Disbursement"

2021-01-22 10:44:01 - [TEST_STEP][PASSED] - Select Menu "Disbursement Dashboard": Select Menu "Disbursement Dashboard"

2021-01-22 10:44:02 - [MESSAGE][PASSED] - Taking screenshot successfully
[[ATTACHMENT|/Users/chaidir.pratama01/Documents/Docs/Katalon Studio/Screenshot/test-Disbursement Dashboard.png]]

2021-01-22 10:44:02 - [MESSAGE][PASSED] - Object '' is present

2021-01-22 10:44:02 - [MESSAGE][PASSED] - Object: '' is clicked on

2021-01-22 10:44:02 - [MESSAGE][PASSED] - Wait for page load successfully

2021-01-22 10:44:02 - [MESSAGE][PASSED] - Select Menu "Disbursement Dashboard"

2021-01-22 10:44:02 - [TEST_STEP][PASSED] - Select STATUS "Waiting for approval from In Payment": Select STATUS "Waiting for approval from In Payment"

2021-01-22 10:44:02 - [MESSAGE][PASSED] - All options with value 'Waiting for approval from In Payment' are selected in object ''  using regular expression

2021-01-22 10:44:02 - [MESSAGE][PASSED] - Select STATUS "Waiting for approval from In Payment"

2021-01-22 10:44:02 - [TEST_STEP][PASSED] - Click button "Search": Click button "Search"

2021-01-22 10:44:02 - [MESSAGE][INFO] - >>>>>//Button[contains(text(),'Search')]

2021-01-22 10:44:05 - [MESSAGE][PASSED] - Object '' is present

2021-01-22 10:44:05 - [MESSAGE][PASSED] - Object: '' is clicked on

2021-01-22 10:44:05 - [MESSAGE][PASSED] - Switched to window with index: '0'

2021-01-22 10:44:05 - [MESSAGE][PASSED] - Click button "Search"

2021-01-22 10:44:05 - [TEST_STEP][PASSED] - Verify Search Result Presents: Verify Search Result Presents

2021-01-22 10:44:05 - [MESSAGE][PASSED] - Object '' is present

2021-01-22 10:44:06 - [MESSAGE][PASSED] - Verify Search Result Presents

2021-01-22 10:44:06 - [TEST_STEP][PASSED] - Click button "Logout": Click button "Logout"

2021-01-22 10:44:06 - [MESSAGE][INFO] - >>>>>//Button[contains(text(),'Logout')]

2021-01-22 10:44:09 - [MESSAGE][PASSED] - Object '' is present

2021-01-22 10:44:09 - [MESSAGE][PASSED] - Object: '' is clicked on

2021-01-22 10:44:09 - [MESSAGE][PASSED] - Switched to window with index: '0'

2021-01-22 10:44:09 - [MESSAGE][PASSED] - Click button "Logout"

2021-01-22 10:44:09 - [TEST_STEP][PASSED] - Close browser: Close browser

2021-01-22 10:44:09 - [MESSAGE][PASSED] - Browser is closed

2021-01-22 10:44:09 - [MESSAGE][PASSED] - Close browser

2021-01-22 10:44:09 - [TEST_CASE][PASSED] - Start Test Case : SCENARIO Search by STATUS Not eligible to disburse: SCENARIO Search by STATUS Not eligible to disburse

2021-01-22 10:44:09 - [TEST_STEP][PASSED] - Go to ISTools: Go to ISTools

2021-01-22 10:44:09 - [MESSAGE][INFO] - Starting 'Chrome (headless)' driver

2021-01-22 10:44:09 - [MESSAGE][INFO] - User set preference: ['args', '[--start-maximized, --disable-gpu, --no-proxy-server, â€“-no-sandbox, --allow-running-insecure-content, --ignore-certificate-errors, window-size=1680,814, force-device-scale-factor=2, --lang=en-GB]']

2021-01-22 10:44:09 - [MESSAGE][INFO] - User set preference: ['prefs', '{download.default_directory=/Users/chaidir.pratama01/Katalon Studio/IST_Automation_Git/Download}']

2021-01-22 10:44:09 - [MESSAGE][INFO] - Action delay is set to 0 milliseconds

2021-01-22 10:44:09 - [MESSAGE][PASSED] - Browser is opened with url: ''

2021-01-22 10:44:10 - [MESSAGE][PASSED] - Navigate to 'https://dev-istools.homecredit.id/foundation/' successfully

2021-01-22 10:44:10 - [MESSAGE][PASSED] - Go to ISTools

2021-01-22 10:44:10 - [TEST_STEP][PASSED] - Login IST with valid credentials: Login IST with valid credentials

2021-01-22 10:44:11 - [MESSAGE][PASSED] - Text 'mobile.test' is set on object 'Object Repository/Page_/input_Username_j_username'

2021-01-22 10:44:11 - [MESSAGE][PASSED] - Text ****** has been set on object 'Object Repository/Page_/input_Password_j_password'

2021-01-22 10:44:11 - [MESSAGE][PASSED] - Object: 'Object Repository/Page_/button_Login' is clicked on

2021-01-22 10:44:11 - [MESSAGE][PASSED] - Login IST with valid credentials

2021-01-22 10:44:11 - [TEST_STEP][PASSED] - Login Success: Login Success

2021-01-22 10:44:11 - [MESSAGE][INFO] - Login Success

2021-01-22 10:44:11 - [MESSAGE][PASSED] - Current window maximized

2021-01-22 10:44:11 - [MESSAGE][PASSED] - Object 'Object Repository/Page_/h1_Welcome to IT Supporting Tools' is present

2021-01-22 10:44:11 - [MESSAGE][PASSED] - Login Success

2021-01-22 10:44:11 - [TEST_STEP][PASSED] - Select Arrow Menu "Real Time Disbursement": Select Arrow Menu "Real Time Disbursement"

2021-01-22 10:44:11 - [MESSAGE][PASSED] - Object: '' is clicked on

2021-01-22 10:44:11 - [MESSAGE][PASSED] - Select Arrow Menu "Real Time Disbursement"

2021-01-22 10:44:11 - [TEST_STEP][PASSED] - Select Menu "Disbursement Dashboard": Select Menu "Disbursement Dashboard"

2021-01-22 10:44:12 - [MESSAGE][PASSED] - Taking screenshot successfully
[[ATTACHMENT|/Users/chaidir.pratama01/Documents/Docs/Katalon Studio/Screenshot/test-Disbursement Dashboard.png]]

2021-01-22 10:44:12 - [MESSAGE][PASSED] - Object '' is present

2021-01-22 10:44:12 - [MESSAGE][PASSED] - Object: '' is clicked on

2021-01-22 10:44:12 - [MESSAGE][PASSED] - Wait for page load successfully

2021-01-22 10:44:12 - [MESSAGE][PASSED] - Select Menu "Disbursement Dashboard"

2021-01-22 10:44:12 - [TEST_STEP][PASSED] - Select STATUS "Not eligible to disburse": Select STATUS "Not eligible to disburse"

2021-01-22 10:44:12 - [MESSAGE][PASSED] - All options with value 'Not eligible to disburse' are selected in object ''  using regular expression

2021-01-22 10:44:12 - [MESSAGE][PASSED] - Select STATUS "Not eligible to disburse"

2021-01-22 10:44:12 - [TEST_STEP][PASSED] - Click button "Search": Click button "Search"

2021-01-22 10:44:12 - [MESSAGE][INFO] - >>>>>//Button[contains(text(),'Search')]

2021-01-22 10:44:15 - [MESSAGE][PASSED] - Object '' is present

2021-01-22 10:44:15 - [MESSAGE][PASSED] - Object: '' is clicked on

2021-01-22 10:44:15 - [MESSAGE][PASSED] - Switched to window with index: '0'

2021-01-22 10:44:15 - [MESSAGE][PASSED] - Click button "Search"

2021-01-22 10:44:15 - [TEST_STEP][PASSED] - Verify Search Result Presents: Verify Search Result Presents

2021-01-22 10:44:16 - [MESSAGE][PASSED] - Object '' is present

2021-01-22 10:44:22 - [MESSAGE][PASSED] - Verify Search Result Presents

2021-01-22 10:44:22 - [TEST_STEP][PASSED] - Click button "Logout": Click button "Logout"

2021-01-22 10:44:22 - [MESSAGE][INFO] - >>>>>//Button[contains(text(),'Logout')]

2021-01-22 10:44:25 - [MESSAGE][PASSED] - Object '' is present

2021-01-22 10:44:25 - [MESSAGE][PASSED] - Object: '' is clicked on

2021-01-22 10:44:25 - [MESSAGE][PASSED] - Switched to window with index: '0'

2021-01-22 10:44:25 - [MESSAGE][PASSED] - Click button "Logout"

2021-01-22 10:44:25 - [TEST_STEP][PASSED] - Close browser: Close browser

2021-01-22 10:44:25 - [MESSAGE][PASSED] - Browser is closed

2021-01-22 10:44:25 - [MESSAGE][PASSED] - Close browser

2021-01-22 10:44:25 - [TEST_CASE][PASSED] - Start Test Case : SCENARIO Search by STATUS Ready to disburse: SCENARIO Search by STATUS Ready to disburse

2021-01-22 10:44:25 - [TEST_STEP][PASSED] - Go to ISTools: Go to ISTools

2021-01-22 10:44:25 - [MESSAGE][INFO] - Starting 'Chrome (headless)' driver

2021-01-22 10:44:25 - [MESSAGE][INFO] - User set preference: ['args', '[--start-maximized, --disable-gpu, --no-proxy-server, â€“-no-sandbox, --allow-running-insecure-content, --ignore-certificate-errors, window-size=1680,814, force-device-scale-factor=2, --lang=en-GB]']

2021-01-22 10:44:25 - [MESSAGE][INFO] - User set preference: ['prefs', '{download.default_directory=/Users/chaidir.pratama01/Katalon Studio/IST_Automation_Git/Download}']

2021-01-22 10:44:25 - [MESSAGE][INFO] - Action delay is set to 0 milliseconds

2021-01-22 10:44:26 - [MESSAGE][PASSED] - Browser is opened with url: ''

2021-01-22 10:44:26 - [MESSAGE][PASSED] - Navigate to 'https://dev-istools.homecredit.id/foundation/' successfully

2021-01-22 10:44:26 - [MESSAGE][PASSED] - Go to ISTools

2021-01-22 10:44:26 - [TEST_STEP][PASSED] - Login IST with valid credentials: Login IST with valid credentials

2021-01-22 10:44:27 - [MESSAGE][PASSED] - Text 'mobile.test' is set on object 'Object Repository/Page_/input_Username_j_username'

2021-01-22 10:44:27 - [MESSAGE][PASSED] - Text ****** has been set on object 'Object Repository/Page_/input_Password_j_password'

2021-01-22 10:44:27 - [MESSAGE][PASSED] - Object: 'Object Repository/Page_/button_Login' is clicked on

2021-01-22 10:44:27 - [MESSAGE][PASSED] - Login IST with valid credentials

2021-01-22 10:44:27 - [TEST_STEP][PASSED] - Login Success: Login Success

2021-01-22 10:44:27 - [MESSAGE][INFO] - Login Success

2021-01-22 10:44:27 - [MESSAGE][PASSED] - Current window maximized

2021-01-22 10:44:27 - [MESSAGE][PASSED] - Object 'Object Repository/Page_/h1_Welcome to IT Supporting Tools' is present

2021-01-22 10:44:27 - [MESSAGE][PASSED] - Login Success

2021-01-22 10:44:27 - [TEST_STEP][PASSED] - Select Arrow Menu "Real Time Disbursement": Select Arrow Menu "Real Time Disbursement"

2021-01-22 10:44:27 - [MESSAGE][PASSED] - Object: '' is clicked on

2021-01-22 10:44:27 - [MESSAGE][PASSED] - Select Arrow Menu "Real Time Disbursement"

2021-01-22 10:44:27 - [TEST_STEP][PASSED] - Select Menu "Disbursement Dashboard": Select Menu "Disbursement Dashboard"

2021-01-22 10:44:28 - [MESSAGE][PASSED] - Taking screenshot successfully
[[ATTACHMENT|/Users/chaidir.pratama01/Documents/Docs/Katalon Studio/Screenshot/test-Disbursement Dashboard.png]]

2021-01-22 10:44:28 - [MESSAGE][PASSED] - Object '' is present

2021-01-22 10:44:28 - [MESSAGE][PASSED] - Object: '' is clicked on

2021-01-22 10:44:28 - [MESSAGE][PASSED] - Wait for page load successfully

2021-01-22 10:44:28 - [MESSAGE][PASSED] - Select Menu "Disbursement Dashboard"

2021-01-22 10:44:28 - [TEST_STEP][PASSED] - Select STATUS "Ready to disburse": Select STATUS "Ready to disburse"

2021-01-22 10:44:28 - [MESSAGE][PASSED] - All options with value 'Ready to disburse' are selected in object ''  using regular expression

2021-01-22 10:44:28 - [MESSAGE][PASSED] - Select STATUS "Ready to disburse"

2021-01-22 10:44:28 - [TEST_STEP][PASSED] - Click button "Search": Click button "Search"

2021-01-22 10:44:28 - [MESSAGE][INFO] - >>>>>//Button[contains(text(),'Search')]

2021-01-22 10:44:31 - [MESSAGE][PASSED] - Object '' is present

2021-01-22 10:44:31 - [MESSAGE][PASSED] - Object: '' is clicked on

2021-01-22 10:44:31 - [MESSAGE][PASSED] - Switched to window with index: '0'

2021-01-22 10:44:31 - [MESSAGE][PASSED] - Click button "Search"

2021-01-22 10:44:31 - [TEST_STEP][PASSED] - Verify Search Result Presents: Verify Search Result Presents

2021-01-22 10:44:32 - [MESSAGE][PASSED] - Object '' is present

2021-01-22 10:44:34 - [MESSAGE][PASSED] - Verify Search Result Presents

2021-01-22 10:44:34 - [TEST_STEP][PASSED] - Click button "Logout": Click button "Logout"

2021-01-22 10:44:34 - [MESSAGE][INFO] - >>>>>//Button[contains(text(),'Logout')]

2021-01-22 10:44:37 - [MESSAGE][PASSED] - Object '' is present

2021-01-22 10:44:37 - [MESSAGE][PASSED] - Object: '' is clicked on

2021-01-22 10:44:37 - [MESSAGE][PASSED] - Switched to window with index: '0'

2021-01-22 10:44:37 - [MESSAGE][PASSED] - Click button "Logout"

2021-01-22 10:44:37 - [TEST_STEP][PASSED] - Close browser: Close browser

2021-01-22 10:44:37 - [MESSAGE][PASSED] - Browser is closed

2021-01-22 10:44:37 - [MESSAGE][PASSED] - Close browser

2021-01-22 10:44:37 - [TEST_CASE][PASSED] - Start Test Case : SCENARIO Search by STATUS Failed due to invalid bank account: SCENARIO Search by STATUS Failed due to invalid bank account

2021-01-22 10:44:37 - [TEST_STEP][PASSED] - Go to ISTools: Go to ISTools

2021-01-22 10:44:37 - [MESSAGE][INFO] - Starting 'Chrome (headless)' driver

2021-01-22 10:44:37 - [MESSAGE][INFO] - User set preference: ['args', '[--start-maximized, --disable-gpu, --no-proxy-server, â€“-no-sandbox, --allow-running-insecure-content, --ignore-certificate-errors, window-size=1680,814, force-device-scale-factor=2, --lang=en-GB]']

2021-01-22 10:44:37 - [MESSAGE][INFO] - User set preference: ['prefs', '{download.default_directory=/Users/chaidir.pratama01/Katalon Studio/IST_Automation_Git/Download}']

2021-01-22 10:44:37 - [MESSAGE][INFO] - Action delay is set to 0 milliseconds

2021-01-22 10:44:38 - [MESSAGE][PASSED] - Browser is opened with url: ''

2021-01-22 10:44:38 - [MESSAGE][PASSED] - Navigate to 'https://dev-istools.homecredit.id/foundation/' successfully

2021-01-22 10:44:38 - [MESSAGE][PASSED] - Go to ISTools

2021-01-22 10:44:38 - [TEST_STEP][PASSED] - Login IST with valid credentials: Login IST with valid credentials

2021-01-22 10:44:38 - [MESSAGE][PASSED] - Text 'mobile.test' is set on object 'Object Repository/Page_/input_Username_j_username'

2021-01-22 10:44:39 - [MESSAGE][PASSED] - Text ****** has been set on object 'Object Repository/Page_/input_Password_j_password'

2021-01-22 10:44:39 - [MESSAGE][PASSED] - Object: 'Object Repository/Page_/button_Login' is clicked on

2021-01-22 10:44:39 - [MESSAGE][PASSED] - Login IST with valid credentials

2021-01-22 10:44:39 - [TEST_STEP][PASSED] - Login Success: Login Success

2021-01-22 10:44:39 - [MESSAGE][INFO] - Login Success

2021-01-22 10:44:39 - [MESSAGE][PASSED] - Current window maximized

2021-01-22 10:44:39 - [MESSAGE][PASSED] - Object 'Object Repository/Page_/h1_Welcome to IT Supporting Tools' is present

2021-01-22 10:44:39 - [MESSAGE][PASSED] - Login Success

2021-01-22 10:44:39 - [TEST_STEP][PASSED] - Select Arrow Menu "Real Time Disbursement": Select Arrow Menu "Real Time Disbursement"

2021-01-22 10:44:39 - [MESSAGE][PASSED] - Object: '' is clicked on

2021-01-22 10:44:39 - [MESSAGE][PASSED] - Select Arrow Menu "Real Time Disbursement"

2021-01-22 10:44:39 - [TEST_STEP][PASSED] - Select Menu "Disbursement Dashboard": Select Menu "Disbursement Dashboard"

2021-01-22 10:44:40 - [MESSAGE][PASSED] - Taking screenshot successfully
[[ATTACHMENT|/Users/chaidir.pratama01/Documents/Docs/Katalon Studio/Screenshot/test-Disbursement Dashboard.png]]

2021-01-22 10:44:40 - [MESSAGE][PASSED] - Object '' is present

2021-01-22 10:44:40 - [MESSAGE][PASSED] - Object: '' is clicked on

2021-01-22 10:44:40 - [MESSAGE][PASSED] - Wait for page load successfully

2021-01-22 10:44:40 - [MESSAGE][PASSED] - Select Menu "Disbursement Dashboard"

2021-01-22 10:44:40 - [TEST_STEP][PASSED] - Select STATUS "Failed due to invalid bank account": Select STATUS "Failed due to invalid bank account"

2021-01-22 10:44:40 - [MESSAGE][PASSED] - All options with value 'Failed due to invalid bank account' are selected in object ''  using regular expression

2021-01-22 10:44:40 - [MESSAGE][PASSED] - Select STATUS "Failed due to invalid bank account"

2021-01-22 10:44:40 - [TEST_STEP][PASSED] - Click button "Search": Click button "Search"

2021-01-22 10:44:40 - [MESSAGE][INFO] - >>>>>//Button[contains(text(),'Search')]

2021-01-22 10:44:43 - [MESSAGE][PASSED] - Object '' is present

2021-01-22 10:44:43 - [MESSAGE][PASSED] - Object: '' is clicked on

2021-01-22 10:44:43 - [MESSAGE][PASSED] - Switched to window with index: '0'

2021-01-22 10:44:43 - [MESSAGE][PASSED] - Click button "Search"

2021-01-22 10:44:43 - [TEST_STEP][PASSED] - Verify Search Result Presents: Verify Search Result Presents

2021-01-22 10:44:43 - [MESSAGE][PASSED] - Object '' is present

2021-01-22 10:44:45 - [MESSAGE][PASSED] - Verify Search Result Presents

2021-01-22 10:44:45 - [TEST_STEP][PASSED] - Click button "Logout": Click button "Logout"

2021-01-22 10:44:45 - [MESSAGE][INFO] - >>>>>//Button[contains(text(),'Logout')]

2021-01-22 10:44:48 - [MESSAGE][PASSED] - Object '' is present

2021-01-22 10:44:48 - [MESSAGE][PASSED] - Object: '' is clicked on

2021-01-22 10:44:48 - [MESSAGE][PASSED] - Switched to window with index: '0'

2021-01-22 10:44:48 - [MESSAGE][PASSED] - Click button "Logout"

2021-01-22 10:44:48 - [TEST_STEP][PASSED] - Close browser: Close browser

2021-01-22 10:44:48 - [MESSAGE][PASSED] - Browser is closed

2021-01-22 10:44:48 - [MESSAGE][PASSED] - Close browser

2021-01-22 10:44:48 - [TEST_CASE][PASSED] - Start Test Case : SCENARIO Search by STATUS Failed due to system error: SCENARIO Search by STATUS Failed due to system error

2021-01-22 10:44:48 - [TEST_STEP][PASSED] - Go to ISTools: Go to ISTools

2021-01-22 10:44:48 - [MESSAGE][INFO] - Starting 'Chrome (headless)' driver

2021-01-22 10:44:48 - [MESSAGE][INFO] - User set preference: ['args', '[--start-maximized, --disable-gpu, --no-proxy-server, â€“-no-sandbox, --allow-running-insecure-content, --ignore-certificate-errors, window-size=1680,814, force-device-scale-factor=2, --lang=en-GB]']

2021-01-22 10:44:48 - [MESSAGE][INFO] - User set preference: ['prefs', '{download.default_directory=/Users/chaidir.pratama01/Katalon Studio/IST_Automation_Git/Download}']

2021-01-22 10:44:48 - [MESSAGE][INFO] - Action delay is set to 0 milliseconds

2021-01-22 10:44:48 - [MESSAGE][PASSED] - Browser is opened with url: ''

2021-01-22 10:44:49 - [MESSAGE][PASSED] - Navigate to 'https://dev-istools.homecredit.id/foundation/' successfully

2021-01-22 10:44:49 - [MESSAGE][PASSED] - Go to ISTools

2021-01-22 10:44:49 - [TEST_STEP][PASSED] - Login IST with valid credentials: Login IST with valid credentials

2021-01-22 10:44:49 - [MESSAGE][PASSED] - Text 'mobile.test' is set on object 'Object Repository/Page_/input_Username_j_username'

2021-01-22 10:44:49 - [MESSAGE][PASSED] - Text ****** has been set on object 'Object Repository/Page_/input_Password_j_password'

2021-01-22 10:44:50 - [MESSAGE][PASSED] - Object: 'Object Repository/Page_/button_Login' is clicked on

2021-01-22 10:44:50 - [MESSAGE][PASSED] - Login IST with valid credentials

2021-01-22 10:44:50 - [TEST_STEP][PASSED] - Login Success: Login Success

2021-01-22 10:44:50 - [MESSAGE][INFO] - Login Success

2021-01-22 10:44:50 - [MESSAGE][PASSED] - Current window maximized

2021-01-22 10:44:50 - [MESSAGE][PASSED] - Object 'Object Repository/Page_/h1_Welcome to IT Supporting Tools' is present

2021-01-22 10:44:50 - [MESSAGE][PASSED] - Login Success

2021-01-22 10:44:50 - [TEST_STEP][PASSED] - Select Arrow Menu "Real Time Disbursement": Select Arrow Menu "Real Time Disbursement"

2021-01-22 10:44:50 - [MESSAGE][PASSED] - Object: '' is clicked on

2021-01-22 10:44:50 - [MESSAGE][PASSED] - Select Arrow Menu "Real Time Disbursement"

2021-01-22 10:44:50 - [TEST_STEP][PASSED] - Select Menu "Disbursement Dashboard": Select Menu "Disbursement Dashboard"

2021-01-22 10:44:51 - [MESSAGE][PASSED] - Taking screenshot successfully
[[ATTACHMENT|/Users/chaidir.pratama01/Documents/Docs/Katalon Studio/Screenshot/test-Disbursement Dashboard.png]]

2021-01-22 10:44:51 - [MESSAGE][PASSED] - Object '' is present

2021-01-22 10:44:51 - [MESSAGE][PASSED] - Object: '' is clicked on

2021-01-22 10:44:51 - [MESSAGE][PASSED] - Wait for page load successfully

2021-01-22 10:44:51 - [MESSAGE][PASSED] - Select Menu "Disbursement Dashboard"

2021-01-22 10:44:51 - [TEST_STEP][PASSED] - Select STATUS "Failed due to system error": Select STATUS "Failed due to system error"

2021-01-22 10:44:51 - [MESSAGE][PASSED] - All options with value 'Failed due to system error' are selected in object ''  using regular expression

2021-01-22 10:44:51 - [MESSAGE][PASSED] - Select STATUS "Failed due to system error"

2021-01-22 10:44:51 - [TEST_STEP][PASSED] - Click button "Search": Click button "Search"

2021-01-22 10:44:51 - [MESSAGE][INFO] - >>>>>//Button[contains(text(),'Search')]

2021-01-22 10:44:54 - [MESSAGE][PASSED] - Object '' is present

2021-01-22 10:44:54 - [MESSAGE][PASSED] - Object: '' is clicked on

2021-01-22 10:44:54 - [MESSAGE][PASSED] - Switched to window with index: '0'

2021-01-22 10:44:54 - [MESSAGE][PASSED] - Click button "Search"

2021-01-22 10:44:54 - [TEST_STEP][PASSED] - Verify Search Result Presents: Verify Search Result Presents

2021-01-22 10:44:54 - [MESSAGE][PASSED] - Object '' is present

2021-01-22 10:44:58 - [MESSAGE][PASSED] - Verify Search Result Presents

2021-01-22 10:44:58 - [TEST_STEP][PASSED] - Click button "Logout": Click button "Logout"

2021-01-22 10:44:58 - [MESSAGE][INFO] - >>>>>//Button[contains(text(),'Logout')]

2021-01-22 10:45:01 - [MESSAGE][PASSED] - Object '' is present

2021-01-22 10:45:01 - [MESSAGE][PASSED] - Object: '' is clicked on

2021-01-22 10:45:01 - [MESSAGE][PASSED] - Switched to window with index: '0'

2021-01-22 10:45:01 - [MESSAGE][PASSED] - Click button "Logout"

2021-01-22 10:45:01 - [TEST_STEP][PASSED] - Close browser: Close browser

2021-01-22 10:45:01 - [MESSAGE][PASSED] - Browser is closed

2021-01-22 10:45:01 - [MESSAGE][PASSED] - Close browser

2021-01-22 10:45:01 - [TEST_CASE][PASSED] - Start Test Case : SCENARIO Search by STATUS Failed due to insufficient fund: SCENARIO Search by STATUS Failed due to insufficient fund

2021-01-22 10:45:01 - [TEST_STEP][PASSED] - Go to ISTools: Go to ISTools

2021-01-22 10:45:01 - [MESSAGE][INFO] - Starting 'Chrome (headless)' driver

2021-01-22 10:45:01 - [MESSAGE][INFO] - User set preference: ['args', '[--start-maximized, --disable-gpu, --no-proxy-server, â€“-no-sandbox, --allow-running-insecure-content, --ignore-certificate-errors, window-size=1680,814, force-device-scale-factor=2, --lang=en-GB]']

2021-01-22 10:45:01 - [MESSAGE][INFO] - User set preference: ['prefs', '{download.default_directory=/Users/chaidir.pratama01/Katalon Studio/IST_Automation_Git/Download}']

2021-01-22 10:45:01 - [MESSAGE][INFO] - Action delay is set to 0 milliseconds

2021-01-22 10:45:01 - [MESSAGE][PASSED] - Browser is opened with url: ''

2021-01-22 10:45:03 - [MESSAGE][PASSED] - Navigate to 'https://dev-istools.homecredit.id/foundation/' successfully

2021-01-22 10:45:03 - [MESSAGE][PASSED] - Go to ISTools

2021-01-22 10:45:03 - [TEST_STEP][PASSED] - Login IST with valid credentials: Login IST with valid credentials

2021-01-22 10:45:03 - [MESSAGE][PASSED] - Text 'mobile.test' is set on object 'Object Repository/Page_/input_Username_j_username'

2021-01-22 10:45:03 - [MESSAGE][PASSED] - Text ****** has been set on object 'Object Repository/Page_/input_Password_j_password'

2021-01-22 10:45:04 - [MESSAGE][PASSED] - Object: 'Object Repository/Page_/button_Login' is clicked on

2021-01-22 10:45:04 - [MESSAGE][PASSED] - Login IST with valid credentials

2021-01-22 10:45:04 - [TEST_STEP][PASSED] - Login Success: Login Success

2021-01-22 10:45:04 - [MESSAGE][INFO] - Login Success

2021-01-22 10:45:04 - [MESSAGE][PASSED] - Current window maximized

2021-01-22 10:45:04 - [MESSAGE][PASSED] - Object 'Object Repository/Page_/h1_Welcome to IT Supporting Tools' is present

2021-01-22 10:45:04 - [MESSAGE][PASSED] - Login Success

2021-01-22 10:45:04 - [TEST_STEP][PASSED] - Select Arrow Menu "Real Time Disbursement": Select Arrow Menu "Real Time Disbursement"

2021-01-22 10:45:04 - [MESSAGE][PASSED] - Object: '' is clicked on

2021-01-22 10:45:04 - [MESSAGE][PASSED] - Select Arrow Menu "Real Time Disbursement"

2021-01-22 10:45:04 - [TEST_STEP][PASSED] - Select Menu "Disbursement Dashboard": Select Menu "Disbursement Dashboard"

2021-01-22 10:45:04 - [MESSAGE][PASSED] - Taking screenshot successfully
[[ATTACHMENT|/Users/chaidir.pratama01/Documents/Docs/Katalon Studio/Screenshot/test-Disbursement Dashboard.png]]

2021-01-22 10:45:04 - [MESSAGE][PASSED] - Object '' is present

2021-01-22 10:45:04 - [MESSAGE][PASSED] - Object: '' is clicked on

2021-01-22 10:45:04 - [MESSAGE][PASSED] - Wait for page load successfully

2021-01-22 10:45:04 - [MESSAGE][PASSED] - Select Menu "Disbursement Dashboard"

2021-01-22 10:45:04 - [TEST_STEP][PASSED] - Select STATUS "Failed due to insufficient fund": Select STATUS "Failed due to insufficient fund"

2021-01-22 10:45:05 - [MESSAGE][PASSED] - All options with value 'Failed due to insufficient fund' are selected in object ''  using regular expression

2021-01-22 10:45:05 - [MESSAGE][PASSED] - Select STATUS "Failed due to insufficient fund"

2021-01-22 10:45:05 - [TEST_STEP][PASSED] - Click button "Search": Click button "Search"

2021-01-22 10:45:05 - [MESSAGE][INFO] - >>>>>//Button[contains(text(),'Search')]

2021-01-22 10:45:08 - [MESSAGE][PASSED] - Object '' is present

2021-01-22 10:45:08 - [MESSAGE][PASSED] - Object: '' is clicked on

2021-01-22 10:45:08 - [MESSAGE][PASSED] - Switched to window with index: '0'

2021-01-22 10:45:08 - [MESSAGE][PASSED] - Click button "Search"

2021-01-22 10:45:08 - [TEST_STEP][PASSED] - Verify Search Result Presents: Verify Search Result Presents

2021-01-22 10:45:12 - [MESSAGE][INFO] - Unable to find the element located by 'By.xpath: //td[@style='display:none' and contains(text(),'-Empty-')]'. Please recheck the objects properties to make sure the desired element is located. 

2021-01-22 10:45:12 - [MESSAGE][WARNING] - com.kms.katalon.core.webui.exception.WebElementNotFoundException: Web element with id: '' located by '//td[@style='display:none' and contains(text(),'-Empty-')]' not found (Root cause: com.kms.katalon.core.exception.StepFailedException: com.kms.katalon.core.webui.exception.WebElementNotFoundException: Web element with id: '' located by '//td[@style='display:none' and contains(text(),'-Empty-')]' not found
	at com.kms.katalon.core.webui.keyword.internal.WebUIKeywordMain.stepFailed(WebUIKeywordMain.groovy:64)
	at com.kms.katalon.core.webui.keyword.builtin.VerifyElementPresentKeyword$_verifyElementPresent_closure1.doCall(VerifyElementPresentKeyword.groovy:85)
	at com.kms.katalon.core.webui.keyword.builtin.VerifyElementPresentKeyword$_verifyElementPresent_closure1.call(VerifyElementPresentKeyword.groovy)
	at com.kms.katalon.core.webui.keyword.internal.WebUIKeywordMain.runKeyword(WebUIKeywordMain.groovy:20)
	at com.kms.katalon.core.webui.keyword.builtin.VerifyElementPresentKeyword.verifyElementPresent(VerifyElementPresentKeyword.groovy:92)
	at com.kms.katalon.core.webui.keyword.builtin.VerifyElementPresentKeyword.execute(VerifyElementPresentKeyword.groovy:68)
	at com.kms.katalon.core.keyword.internal.KeywordExecutor.executeKeywordForPlatform(KeywordExecutor.groovy:73)
	at com.kms.katalon.core.webui.keyword.WebUiBuiltInKeywords.verifyElementPresent(WebUiBuiltInKeywords.groovy:1444)
	at com.kms.katalon.core.webui.keyword.WebUiBuiltInKeywords$verifyElementPresent$11.call(Unknown Source)
	at ist_real.Contract_Dispatcher.VerifyTblFilled(Contract_Dispatcher.groovy:1313)
	at ist_real.Contract_Dispatcher$VerifyTblFilled$0.call(Unknown Source)
	at RTD.Search_Result_Presents(RTD.groovy:191)
	at cucumber.runtime.Utils$1.call(Utils.java:26)
	at cucumber.runtime.Timeout.timeout(Timeout.java:16)
	at cucumber.runtime.Utils.invoke(Utils.java:20)
	at cucumber.runtime.java.JavaStepDefinition.execute(JavaStepDefinition.java:48)
	at cucumber.runtime.PickleStepDefinitionMatch.runStep(PickleStepDefinitionMatch.java:50)
	at cucumber.runner.TestStep.executeStep(TestStep.java:55)
	at cucumber.runner.TestStep.run(TestStep.java:42)
	at cucumber.runner.PickleStepTestStep.run(PickleStepTestStep.java:53)
	at cucumber.runner.TestCase.run(TestCase.java:47)
	at cucumber.runner.Runner.runPickle(Runner.java:44)
	at cucumber.runtime.Runtime.runFeature(Runtime.java:120)
	at cucumber.runtime.Runtime.run(Runtime.java:106)
	at cucumber.api.cli.Main.run(Main.java:35)
	at cucumber.api.cli.Main$run.call(Unknown Source)
	at com.kms.katalon.core.cucumber.keyword.CucumberBuiltinKeywords$_runFeatureFile_closure1.doCall(CucumberBuiltinKeywords.groovy:76)
	at com.kms.katalon.core.cucumber.keyword.CucumberBuiltinKeywords$_runFeatureFile_closure1.doCall(CucumberBuiltinKeywords.groovy)
	at com.kms.katalon.core.keyword.internal.KeywordMain.runKeyword(KeywordMain.groovy:68)
	at com.kms.katalon.core.keyword.internal.KeywordMain$runKeyword.call(Unknown Source)
	at com.kms.katalon.core.cucumber.keyword.CucumberBuiltinKeywords.runFeatureFile(CucumberBuiltinKeywords.groovy:46)
	at com.kms.katalon.core.cucumber.keyword.CucumberBuiltinKeywords$runFeatureFile$0.callStatic(Unknown Source)
	at com.kms.katalon.core.cucumber.keyword.CucumberBuiltinKeywords.runFeatureFile(CucumberBuiltinKeywords.groovy:169)
	at com.kms.katalon.core.cucumber.keyword.CucumberBuiltinKeywords$runFeatureFile.call(Unknown Source)
	at TC_Search_by_STATUS_Disbursement_Dashboard.run(TC_Search_by_STATUS_Disbursement_Dashboard:18)
	at com.kms.katalon.core.main.ScriptEngine.run(ScriptEngine.java:194)
	at com.kms.katalon.core.main.ScriptEngine.runScriptAsRawText(ScriptEngine.java:119)
	at com.kms.katalon.core.main.TestCaseExecutor.runScript(TestCaseExecutor.java:339)
	at com.kms.katalon.core.main.TestCaseExecutor.doExecute(TestCaseExecutor.java:330)
	at com.kms.katalon.core.main.TestCaseExecutor.processExecutionPhase(TestCaseExecutor.java:309)
	at com.kms.katalon.core.main.TestCaseExecutor.accessMainPhase(TestCaseExecutor.java:301)
	at com.kms.katalon.core.main.TestCaseExecutor.execute(TestCaseExecutor.java:235)
	at com.kms.katalon.core.main.TestSuiteExecutor.accessTestCaseMainPhase(TestSuiteExecutor.java:191)
	at com.kms.katalon.core.main.TestSuiteExecutor.accessTestSuiteMainPhase(TestSuiteExecutor.java:141)
	at com.kms.katalon.core.main.TestSuiteExecutor.execute(TestSuiteExecutor.java:90)
	at com.kms.katalon.core.main.TestCaseMain.startTestSuite(TestCaseMain.java:157)
	at com.kms.katalon.core.main.TestCaseMain$startTestSuite$0.call(Unknown Source)
	at TempTestSuite1611286942188.run(TempTestSuite1611286942188.groovy:39)
)
[[ATTACHMENT|/Users/chaidir.pratama01/Katalon Studio/IST_Automation_Git/Reports/20210122_104222/RTD/TS_Disbursement_Dashboard/20210122_104222/1611287112374.png]]

2021-01-22 10:45:13 - [MESSAGE][PASSED] - Verify Search Result Presents

2021-01-22 10:45:13 - [TEST_STEP][PASSED] - Click button "Logout": Click button "Logout"

2021-01-22 10:45:13 - [MESSAGE][INFO] - >>>>>//Button[contains(text(),'Logout')]

2021-01-22 10:45:16 - [MESSAGE][PASSED] - Object '' is present

2021-01-22 10:45:16 - [MESSAGE][PASSED] - Object: '' is clicked on

2021-01-22 10:45:16 - [MESSAGE][PASSED] - Switched to window with index: '0'

2021-01-22 10:45:16 - [MESSAGE][PASSED] - Click button "Logout"

2021-01-22 10:45:16 - [TEST_STEP][PASSED] - Close browser: Close browser

2021-01-22 10:45:16 - [MESSAGE][PASSED] - Browser is closed

2021-01-22 10:45:16 - [MESSAGE][PASSED] - Close browser

2021-01-22 10:45:16 - [TEST_CASE][PASSED] - Start Test Case : SCENARIO Search by STATUS Manual Disbursement: SCENARIO Search by STATUS Manual Disbursement

2021-01-22 10:45:16 - [TEST_STEP][PASSED] - Go to ISTools: Go to ISTools

2021-01-22 10:45:16 - [MESSAGE][INFO] - Starting 'Chrome (headless)' driver

2021-01-22 10:45:16 - [MESSAGE][INFO] - User set preference: ['args', '[--start-maximized, --disable-gpu, --no-proxy-server, â€“-no-sandbox, --allow-running-insecure-content, --ignore-certificate-errors, window-size=1680,814, force-device-scale-factor=2, --lang=en-GB]']

2021-01-22 10:45:16 - [MESSAGE][INFO] - User set preference: ['prefs', '{download.default_directory=/Users/chaidir.pratama01/Katalon Studio/IST_Automation_Git/Download}']

2021-01-22 10:45:16 - [MESSAGE][INFO] - Action delay is set to 0 milliseconds

2021-01-22 10:45:16 - [MESSAGE][PASSED] - Browser is opened with url: ''

2021-01-22 10:45:17 - [MESSAGE][PASSED] - Navigate to 'https://dev-istools.homecredit.id/foundation/' successfully

2021-01-22 10:45:17 - [MESSAGE][PASSED] - Go to ISTools

2021-01-22 10:45:17 - [TEST_STEP][PASSED] - Login IST with valid credentials: Login IST with valid credentials

2021-01-22 10:45:17 - [MESSAGE][PASSED] - Text 'mobile.test' is set on object 'Object Repository/Page_/input_Username_j_username'

2021-01-22 10:45:17 - [MESSAGE][PASSED] - Text ****** has been set on object 'Object Repository/Page_/input_Password_j_password'

2021-01-22 10:45:18 - [MESSAGE][PASSED] - Object: 'Object Repository/Page_/button_Login' is clicked on

2021-01-22 10:45:18 - [MESSAGE][PASSED] - Login IST with valid credentials

2021-01-22 10:45:18 - [TEST_STEP][PASSED] - Login Success: Login Success

2021-01-22 10:45:18 - [MESSAGE][INFO] - Login Success

2021-01-22 10:45:18 - [MESSAGE][PASSED] - Current window maximized

2021-01-22 10:45:18 - [MESSAGE][PASSED] - Object 'Object Repository/Page_/h1_Welcome to IT Supporting Tools' is present

2021-01-22 10:45:18 - [MESSAGE][PASSED] - Login Success

2021-01-22 10:45:18 - [TEST_STEP][PASSED] - Select Arrow Menu "Real Time Disbursement": Select Arrow Menu "Real Time Disbursement"

2021-01-22 10:45:18 - [MESSAGE][PASSED] - Object: '' is clicked on

2021-01-22 10:45:18 - [MESSAGE][PASSED] - Select Arrow Menu "Real Time Disbursement"

2021-01-22 10:45:18 - [TEST_STEP][PASSED] - Select Menu "Disbursement Dashboard": Select Menu "Disbursement Dashboard"

2021-01-22 10:45:19 - [MESSAGE][PASSED] - Taking screenshot successfully
[[ATTACHMENT|/Users/chaidir.pratama01/Documents/Docs/Katalon Studio/Screenshot/test-Disbursement Dashboard.png]]

2021-01-22 10:45:19 - [MESSAGE][PASSED] - Object '' is present

2021-01-22 10:45:19 - [MESSAGE][PASSED] - Object: '' is clicked on

2021-01-22 10:45:19 - [MESSAGE][PASSED] - Wait for page load successfully

2021-01-22 10:45:19 - [MESSAGE][PASSED] - Select Menu "Disbursement Dashboard"

2021-01-22 10:45:19 - [TEST_STEP][PASSED] - Select STATUS "Manual Disbursement": Select STATUS "Manual Disbursement"

2021-01-22 10:45:19 - [MESSAGE][PASSED] - All options with value 'Manual Disbursement' are selected in object ''  using regular expression

2021-01-22 10:45:19 - [MESSAGE][PASSED] - Select STATUS "Manual Disbursement"

2021-01-22 10:45:19 - [TEST_STEP][PASSED] - Click button "Search": Click button "Search"

2021-01-22 10:45:19 - [MESSAGE][INFO] - >>>>>//Button[contains(text(),'Search')]

2021-01-22 10:45:22 - [MESSAGE][PASSED] - Object '' is present

2021-01-22 10:45:22 - [MESSAGE][PASSED] - Object: '' is clicked on

2021-01-22 10:45:22 - [MESSAGE][PASSED] - Switched to window with index: '0'

2021-01-22 10:45:22 - [MESSAGE][PASSED] - Click button "Search"

2021-01-22 10:45:22 - [TEST_STEP][PASSED] - Verify Search Result Presents: Verify Search Result Presents

2021-01-22 10:45:22 - [MESSAGE][PASSED] - Object '' is present

2021-01-22 10:45:29 - [MESSAGE][PASSED] - Verify Search Result Presents

2021-01-22 10:45:29 - [TEST_STEP][PASSED] - Click button "Logout": Click button "Logout"

2021-01-22 10:45:29 - [MESSAGE][INFO] - >>>>>//Button[contains(text(),'Logout')]

2021-01-22 10:45:32 - [MESSAGE][PASSED] - Object '' is present

2021-01-22 10:45:32 - [MESSAGE][PASSED] - Object: '' is clicked on

2021-01-22 10:45:32 - [MESSAGE][PASSED] - Switched to window with index: '0'

2021-01-22 10:45:32 - [MESSAGE][PASSED] - Click button "Logout"

2021-01-22 10:45:32 - [TEST_STEP][PASSED] - Close browser: Close browser

2021-01-22 10:45:32 - [MESSAGE][PASSED] - Browser is closed

2021-01-22 10:45:32 - [MESSAGE][PASSED] - Close browser

2021-01-22 10:45:32 - [TEST_CASE][PASSED] - Start Test Case : SCENARIO Search by STATUS DONE: SCENARIO Search by STATUS DONE

2021-01-22 10:45:32 - [TEST_STEP][PASSED] - Go to ISTools: Go to ISTools

2021-01-22 10:45:32 - [MESSAGE][INFO] - Starting 'Chrome (headless)' driver

2021-01-22 10:45:32 - [MESSAGE][INFO] - User set preference: ['args', '[--start-maximized, --disable-gpu, --no-proxy-server, â€“-no-sandbox, --allow-running-insecure-content, --ignore-certificate-errors, window-size=1680,814, force-device-scale-factor=2, --lang=en-GB]']

2021-01-22 10:45:32 - [MESSAGE][INFO] - User set preference: ['prefs', '{download.default_directory=/Users/chaidir.pratama01/Katalon Studio/IST_Automation_Git/Download}']

2021-01-22 10:45:32 - [MESSAGE][INFO] - Action delay is set to 0 milliseconds

2021-01-22 10:45:33 - [MESSAGE][PASSED] - Browser is opened with url: ''

2021-01-22 10:45:33 - [MESSAGE][PASSED] - Navigate to 'https://dev-istools.homecredit.id/foundation/' successfully

2021-01-22 10:45:33 - [MESSAGE][PASSED] - Go to ISTools

2021-01-22 10:45:33 - [TEST_STEP][PASSED] - Login IST with valid credentials: Login IST with valid credentials

2021-01-22 10:45:34 - [MESSAGE][PASSED] - Text 'mobile.test' is set on object 'Object Repository/Page_/input_Username_j_username'

2021-01-22 10:45:34 - [MESSAGE][PASSED] - Text ****** has been set on object 'Object Repository/Page_/input_Password_j_password'

2021-01-22 10:45:34 - [MESSAGE][PASSED] - Object: 'Object Repository/Page_/button_Login' is clicked on

2021-01-22 10:45:34 - [MESSAGE][PASSED] - Login IST with valid credentials

2021-01-22 10:45:34 - [TEST_STEP][PASSED] - Login Success: Login Success

2021-01-22 10:45:34 - [MESSAGE][INFO] - Login Success

2021-01-22 10:45:34 - [MESSAGE][PASSED] - Current window maximized

2021-01-22 10:45:34 - [MESSAGE][PASSED] - Object 'Object Repository/Page_/h1_Welcome to IT Supporting Tools' is present

2021-01-22 10:45:34 - [MESSAGE][PASSED] - Login Success

2021-01-22 10:45:34 - [TEST_STEP][PASSED] - Select Arrow Menu "Real Time Disbursement": Select Arrow Menu "Real Time Disbursement"

2021-01-22 10:45:34 - [MESSAGE][PASSED] - Object: '' is clicked on

2021-01-22 10:45:34 - [MESSAGE][PASSED] - Select Arrow Menu "Real Time Disbursement"

2021-01-22 10:45:34 - [TEST_STEP][PASSED] - Select Menu "Disbursement Dashboard": Select Menu "Disbursement Dashboard"

2021-01-22 10:45:35 - [MESSAGE][PASSED] - Taking screenshot successfully
[[ATTACHMENT|/Users/chaidir.pratama01/Documents/Docs/Katalon Studio/Screenshot/test-Disbursement Dashboard.png]]

2021-01-22 10:45:35 - [MESSAGE][PASSED] - Object '' is present

2021-01-22 10:45:35 - [MESSAGE][PASSED] - Object: '' is clicked on

2021-01-22 10:45:35 - [MESSAGE][PASSED] - Wait for page load successfully

2021-01-22 10:45:35 - [MESSAGE][PASSED] - Select Menu "Disbursement Dashboard"

2021-01-22 10:45:35 - [TEST_STEP][PASSED] - Select STATUS "DONE": Select STATUS "DONE"

2021-01-22 10:45:35 - [MESSAGE][PASSED] - All options with value 'DONE' are selected in object ''  using regular expression

2021-01-22 10:45:35 - [MESSAGE][PASSED] - Select STATUS "DONE"

2021-01-22 10:45:35 - [TEST_STEP][PASSED] - Click button "Search": Click button "Search"

2021-01-22 10:45:35 - [MESSAGE][INFO] - >>>>>//Button[contains(text(),'Search')]

2021-01-22 10:45:38 - [MESSAGE][PASSED] - Object '' is present

2021-01-22 10:45:38 - [MESSAGE][PASSED] - Object: '' is clicked on

2021-01-22 10:45:38 - [MESSAGE][PASSED] - Switched to window with index: '0'

2021-01-22 10:45:38 - [MESSAGE][PASSED] - Click button "Search"

2021-01-22 10:45:38 - [TEST_STEP][PASSED] - Verify Search Result Presents: Verify Search Result Presents

2021-01-22 10:45:39 - [MESSAGE][PASSED] - Object '' is present

2021-01-22 10:45:46 - [MESSAGE][PASSED] - Verify Search Result Presents

2021-01-22 10:45:46 - [TEST_STEP][PASSED] - Click button "Logout": Click button "Logout"

2021-01-22 10:45:46 - [MESSAGE][INFO] - >>>>>//Button[contains(text(),'Logout')]

2021-01-22 10:45:49 - [MESSAGE][PASSED] - Object '' is present

2021-01-22 10:45:49 - [MESSAGE][PASSED] - Object: '' is clicked on

2021-01-22 10:45:49 - [MESSAGE][PASSED] - Switched to window with index: '0'

2021-01-22 10:45:49 - [MESSAGE][PASSED] - Click button "Logout"

2021-01-22 10:45:49 - [TEST_STEP][PASSED] - Close browser: Close browser

2021-01-22 10:45:49 - [MESSAGE][PASSED] - Browser is closed

2021-01-22 10:45:49 - [MESSAGE][PASSED] - Close browser

2021-01-22 10:45:49 - [TEST_CASE][PASSED] - Start Test Case : SCENARIO Search by STATUS Waiting Partner Confirmation: SCENARIO Search by STATUS Waiting Partner Confirmation

2021-01-22 10:45:49 - [TEST_STEP][PASSED] - Go to ISTools: Go to ISTools

2021-01-22 10:45:49 - [MESSAGE][INFO] - Starting 'Chrome (headless)' driver

2021-01-22 10:45:49 - [MESSAGE][INFO] - User set preference: ['args', '[--start-maximized, --disable-gpu, --no-proxy-server, â€“-no-sandbox, --allow-running-insecure-content, --ignore-certificate-errors, window-size=1680,814, force-device-scale-factor=2, --lang=en-GB]']

2021-01-22 10:45:49 - [MESSAGE][INFO] - User set preference: ['prefs', '{download.default_directory=/Users/chaidir.pratama01/Katalon Studio/IST_Automation_Git/Download}']

2021-01-22 10:45:49 - [MESSAGE][INFO] - Action delay is set to 0 milliseconds

2021-01-22 10:45:50 - [MESSAGE][PASSED] - Browser is opened with url: ''

2021-01-22 10:45:51 - [MESSAGE][PASSED] - Navigate to 'https://dev-istools.homecredit.id/foundation/' successfully

2021-01-22 10:45:51 - [MESSAGE][PASSED] - Go to ISTools

2021-01-22 10:45:51 - [TEST_STEP][PASSED] - Login IST with valid credentials: Login IST with valid credentials

2021-01-22 10:45:51 - [MESSAGE][PASSED] - Text 'mobile.test' is set on object 'Object Repository/Page_/input_Username_j_username'

2021-01-22 10:45:51 - [MESSAGE][PASSED] - Text ****** has been set on object 'Object Repository/Page_/input_Password_j_password'

2021-01-22 10:45:52 - [MESSAGE][PASSED] - Object: 'Object Repository/Page_/button_Login' is clicked on

2021-01-22 10:45:52 - [MESSAGE][PASSED] - Login IST with valid credentials

2021-01-22 10:45:52 - [TEST_STEP][PASSED] - Login Success: Login Success

2021-01-22 10:45:52 - [MESSAGE][INFO] - Login Success

2021-01-22 10:45:52 - [MESSAGE][PASSED] - Current window maximized

2021-01-22 10:45:52 - [MESSAGE][PASSED] - Object 'Object Repository/Page_/h1_Welcome to IT Supporting Tools' is present

2021-01-22 10:45:52 - [MESSAGE][PASSED] - Login Success

2021-01-22 10:45:52 - [TEST_STEP][PASSED] - Select Arrow Menu "Real Time Disbursement": Select Arrow Menu "Real Time Disbursement"

2021-01-22 10:45:52 - [MESSAGE][PASSED] - Object: '' is clicked on

2021-01-22 10:45:52 - [MESSAGE][PASSED] - Select Arrow Menu "Real Time Disbursement"

2021-01-22 10:45:52 - [TEST_STEP][PASSED] - Select Menu "Disbursement Dashboard": Select Menu "Disbursement Dashboard"

2021-01-22 10:45:52 - [MESSAGE][PASSED] - Taking screenshot successfully
[[ATTACHMENT|/Users/chaidir.pratama01/Documents/Docs/Katalon Studio/Screenshot/test-Disbursement Dashboard.png]]

2021-01-22 10:45:52 - [MESSAGE][PASSED] - Object '' is present

2021-01-22 10:45:52 - [MESSAGE][PASSED] - Object: '' is clicked on

2021-01-22 10:45:52 - [MESSAGE][PASSED] - Wait for page load successfully

2021-01-22 10:45:52 - [MESSAGE][PASSED] - Select Menu "Disbursement Dashboard"

2021-01-22 10:45:52 - [TEST_STEP][PASSED] - Select STATUS "Waiting Partner Confirmation": Select STATUS "Waiting Partner Confirmation"

2021-01-22 10:45:53 - [MESSAGE][PASSED] - All options with value 'Waiting Partner Confirmation' are selected in object ''  using regular expression

2021-01-22 10:45:53 - [MESSAGE][PASSED] - Select STATUS "Waiting Partner Confirmation"

2021-01-22 10:45:53 - [TEST_STEP][PASSED] - Click button "Search": Click button "Search"

2021-01-22 10:45:53 - [MESSAGE][INFO] - >>>>>//Button[contains(text(),'Search')]

2021-01-22 10:45:56 - [MESSAGE][PASSED] - Object '' is present

2021-01-22 10:45:56 - [MESSAGE][PASSED] - Object: '' is clicked on

2021-01-22 10:45:56 - [MESSAGE][PASSED] - Switched to window with index: '0'

2021-01-22 10:45:56 - [MESSAGE][PASSED] - Click button "Search"

2021-01-22 10:45:56 - [TEST_STEP][PASSED] - Verify Search Result Presents: Verify Search Result Presents

2021-01-22 10:45:56 - [MESSAGE][PASSED] - Object '' is present

2021-01-22 10:46:01 - [MESSAGE][PASSED] - Verify Search Result Presents

2021-01-22 10:46:01 - [TEST_STEP][PASSED] - Click button "Logout": Click button "Logout"

2021-01-22 10:46:01 - [MESSAGE][INFO] - >>>>>//Button[contains(text(),'Logout')]

2021-01-22 10:46:04 - [MESSAGE][PASSED] - Object '' is present

2021-01-22 10:46:04 - [MESSAGE][PASSED] - Object: '' is clicked on

2021-01-22 10:46:04 - [MESSAGE][PASSED] - Switched to window with index: '0'

2021-01-22 10:46:04 - [MESSAGE][PASSED] - Click button "Logout"

2021-01-22 10:46:04 - [TEST_STEP][PASSED] - Close browser: Close browser

2021-01-22 10:46:04 - [MESSAGE][PASSED] - Browser is closed

2021-01-22 10:46:04 - [MESSAGE][PASSED] - Close browser

2021-01-22 10:46:04 - [TEST_CASE][PASSED] - Start Test Case : SCENARIO Search by STATUS Success to Disburse: SCENARIO Search by STATUS Success to Disburse

2021-01-22 10:46:04 - [TEST_STEP][PASSED] - Go to ISTools: Go to ISTools

2021-01-22 10:46:04 - [MESSAGE][INFO] - Starting 'Chrome (headless)' driver

2021-01-22 10:46:04 - [MESSAGE][INFO] - User set preference: ['args', '[--start-maximized, --disable-gpu, --no-proxy-server, â€“-no-sandbox, --allow-running-insecure-content, --ignore-certificate-errors, window-size=1680,814, force-device-scale-factor=2, --lang=en-GB]']

2021-01-22 10:46:04 - [MESSAGE][INFO] - User set preference: ['prefs', '{download.default_directory=/Users/chaidir.pratama01/Katalon Studio/IST_Automation_Git/Download}']

2021-01-22 10:46:04 - [MESSAGE][INFO] - Action delay is set to 0 milliseconds

2021-01-22 10:46:04 - [MESSAGE][PASSED] - Browser is opened with url: ''

2021-01-22 10:46:05 - [MESSAGE][PASSED] - Navigate to 'https://dev-istools.homecredit.id/foundation/' successfully

2021-01-22 10:46:05 - [MESSAGE][PASSED] - Go to ISTools

2021-01-22 10:46:05 - [TEST_STEP][PASSED] - Login IST with valid credentials: Login IST with valid credentials

2021-01-22 10:46:05 - [MESSAGE][PASSED] - Text 'mobile.test' is set on object 'Object Repository/Page_/input_Username_j_username'

2021-01-22 10:46:05 - [MESSAGE][PASSED] - Text ****** has been set on object 'Object Repository/Page_/input_Password_j_password'

2021-01-22 10:46:06 - [MESSAGE][PASSED] - Object: 'Object Repository/Page_/button_Login' is clicked on

2021-01-22 10:46:06 - [MESSAGE][PASSED] - Login IST with valid credentials

2021-01-22 10:46:06 - [TEST_STEP][PASSED] - Login Success: Login Success

2021-01-22 10:46:06 - [MESSAGE][INFO] - Login Success

2021-01-22 10:46:06 - [MESSAGE][PASSED] - Current window maximized

2021-01-22 10:46:06 - [MESSAGE][PASSED] - Object 'Object Repository/Page_/h1_Welcome to IT Supporting Tools' is present

2021-01-22 10:46:06 - [MESSAGE][PASSED] - Login Success

2021-01-22 10:46:06 - [TEST_STEP][PASSED] - Select Arrow Menu "Real Time Disbursement": Select Arrow Menu "Real Time Disbursement"

2021-01-22 10:46:06 - [MESSAGE][PASSED] - Object: '' is clicked on

2021-01-22 10:46:06 - [MESSAGE][PASSED] - Select Arrow Menu "Real Time Disbursement"

2021-01-22 10:46:06 - [TEST_STEP][PASSED] - Select Menu "Disbursement Dashboard": Select Menu "Disbursement Dashboard"

2021-01-22 10:46:06 - [MESSAGE][PASSED] - Taking screenshot successfully
[[ATTACHMENT|/Users/chaidir.pratama01/Documents/Docs/Katalon Studio/Screenshot/test-Disbursement Dashboard.png]]

2021-01-22 10:46:07 - [MESSAGE][PASSED] - Object '' is present

2021-01-22 10:46:07 - [MESSAGE][PASSED] - Object: '' is clicked on

2021-01-22 10:46:07 - [MESSAGE][PASSED] - Wait for page load successfully

2021-01-22 10:46:07 - [MESSAGE][PASSED] - Select Menu "Disbursement Dashboard"

2021-01-22 10:46:07 - [TEST_STEP][PASSED] - Select STATUS "Success to Disburse": Select STATUS "Success to Disburse"

2021-01-22 10:46:07 - [MESSAGE][PASSED] - All options with value 'Success to Disburse' are selected in object ''  using regular expression

2021-01-22 10:46:07 - [MESSAGE][PASSED] - Select STATUS "Success to Disburse"

2021-01-22 10:46:07 - [TEST_STEP][PASSED] - Click button "Search": Click button "Search"

2021-01-22 10:46:07 - [MESSAGE][INFO] - >>>>>//Button[contains(text(),'Search')]

2021-01-22 10:46:10 - [MESSAGE][PASSED] - Object '' is present

2021-01-22 10:46:10 - [MESSAGE][PASSED] - Object: '' is clicked on

2021-01-22 10:46:10 - [MESSAGE][PASSED] - Switched to window with index: '0'

2021-01-22 10:46:10 - [MESSAGE][PASSED] - Click button "Search"

2021-01-22 10:46:10 - [TEST_STEP][PASSED] - Verify Search Result Presents: Verify Search Result Presents

2021-01-22 10:46:10 - [MESSAGE][PASSED] - Object '' is present

2021-01-22 10:46:11 - [MESSAGE][PASSED] - Verify Search Result Presents

2021-01-22 10:46:11 - [TEST_STEP][PASSED] - Click button "Logout": Click button "Logout"

2021-01-22 10:46:11 - [MESSAGE][INFO] - >>>>>//Button[contains(text(),'Logout')]

2021-01-22 10:46:14 - [MESSAGE][PASSED] - Object '' is present

2021-01-22 10:46:14 - [MESSAGE][PASSED] - Object: '' is clicked on

2021-01-22 10:46:14 - [MESSAGE][PASSED] - Switched to window with index: '0'

2021-01-22 10:46:14 - [MESSAGE][PASSED] - Click button "Logout"

2021-01-22 10:46:14 - [TEST_STEP][PASSED] - Close browser: Close browser

2021-01-22 10:46:14 - [MESSAGE][PASSED] - Browser is closed

2021-01-22 10:46:14 - [MESSAGE][PASSED] - Close browser

2021-01-22 10:46:14 - [MESSAGE][PASSED] - Feature file: 'Include/features/IST_Real/RTD/Disbursement_Dashboard/Search_by_STATUS_Disbursement_Dashboard.feature' was passed]]></system-out>
         <system-err><![CDATA[]]></system-err>
      </testcase>
      <testcase name="Test Cases/RTD/Disbursement Dashboard/TC_Export_Data_Disbursement_Dashboard" time="10.948" classname="Test Cases/RTD/Disbursement Dashboard/TC_Export_Data_Disbursement_Dashboard" status="PASSED">
         <system-out><![CDATA[2021-01-22 10:46:14 - [TEST_CASE][PASSED] - Test Cases/RTD/Disbursement Dashboard/TC_Export_Data_Disbursement_Dashboard: Test Cases/RTD/Disbursement Dashboard/TC_Export_Data_Disbursement_Dashboard

2021-01-22 10:46:14 - [TEST_STEP][PASSED] - runFeatureFile("Include/features/IST_Real/RTD/Disbursement_Dashboard/Export_Data_Disbursement_Dashboard.feature"): Feature file: 'Include/features/IST_Real/RTD/Disbursement_Dashboard/Export_Data_Disbursement_Dashboard.feature' was passed

2021-01-22 10:46:14 - [MESSAGE][INFO] - Starting run keyword runFeatureFile: 'Include/features/IST_Real/RTD/Disbursement_Dashboard/Export_Data_Disbursement_Dashboard.feature' and extract report to folder: '/Users/chaidir.pratama01/Katalon Studio/IST_Automation_Git/Reports/20210122_104222/RTD/TS_Disbursement_Dashboard/20210122_104222/cucumber_report/1611287174724'...

2021-01-22 10:46:14 - [TEST_CASE][PASSED] - Start Test Case : SCENARIO Export Data: SCENARIO Export Data

2021-01-22 10:46:14 - [TEST_STEP][PASSED] - Go to ISTools: Go to ISTools

2021-01-22 10:46:14 - [MESSAGE][INFO] - Starting 'Chrome (headless)' driver

2021-01-22 10:46:14 - [MESSAGE][INFO] - User set preference: ['args', '[--start-maximized, --disable-gpu, --no-proxy-server, â€“-no-sandbox, --allow-running-insecure-content, --ignore-certificate-errors, window-size=1680,814, force-device-scale-factor=2, --lang=en-GB]']

2021-01-22 10:46:14 - [MESSAGE][INFO] - User set preference: ['prefs', '{download.default_directory=/Users/chaidir.pratama01/Katalon Studio/IST_Automation_Git/Download}']

2021-01-22 10:46:14 - [MESSAGE][INFO] - Action delay is set to 0 milliseconds

2021-01-22 10:46:15 - [MESSAGE][PASSED] - Browser is opened with url: ''

2021-01-22 10:46:16 - [MESSAGE][PASSED] - Navigate to 'https://dev-istools.homecredit.id/foundation/' successfully

2021-01-22 10:46:16 - [MESSAGE][PASSED] - Go to ISTools

2021-01-22 10:46:16 - [TEST_STEP][PASSED] - Login IST with valid credentials: Login IST with valid credentials

2021-01-22 10:46:16 - [MESSAGE][PASSED] - Text 'mobile.test' is set on object 'Object Repository/Page_/input_Username_j_username'

2021-01-22 10:46:16 - [MESSAGE][PASSED] - Text ****** has been set on object 'Object Repository/Page_/input_Password_j_password'

2021-01-22 10:46:17 - [MESSAGE][PASSED] - Object: 'Object Repository/Page_/button_Login' is clicked on

2021-01-22 10:46:17 - [MESSAGE][PASSED] - Login IST with valid credentials

2021-01-22 10:46:17 - [TEST_STEP][PASSED] - Login Success: Login Success

2021-01-22 10:46:17 - [MESSAGE][INFO] - Login Success

2021-01-22 10:46:17 - [MESSAGE][PASSED] - Current window maximized

2021-01-22 10:46:17 - [MESSAGE][PASSED] - Object 'Object Repository/Page_/h1_Welcome to IT Supporting Tools' is present

2021-01-22 10:46:17 - [MESSAGE][PASSED] - Login Success

2021-01-22 10:46:17 - [TEST_STEP][PASSED] - Select Arrow Menu "Real Time Disbursement": Select Arrow Menu "Real Time Disbursement"

2021-01-22 10:46:17 - [MESSAGE][PASSED] - Object: '' is clicked on

2021-01-22 10:46:17 - [MESSAGE][PASSED] - Select Arrow Menu "Real Time Disbursement"

2021-01-22 10:46:17 - [TEST_STEP][PASSED] - Select Menu "Disbursement Dashboard": Select Menu "Disbursement Dashboard"

2021-01-22 10:46:18 - [MESSAGE][PASSED] - Taking screenshot successfully
[[ATTACHMENT|/Users/chaidir.pratama01/Documents/Docs/Katalon Studio/Screenshot/test-Disbursement Dashboard.png]]

2021-01-22 10:46:18 - [MESSAGE][PASSED] - Object '' is present

2021-01-22 10:46:18 - [MESSAGE][PASSED] - Object: '' is clicked on

2021-01-22 10:46:18 - [MESSAGE][PASSED] - Wait for page load successfully

2021-01-22 10:46:18 - [MESSAGE][PASSED] - Select Menu "Disbursement Dashboard"

2021-01-22 10:46:18 - [TEST_STEP][PASSED] - Input Contract RTD in Contract Number label: Input Contract RTD in Contract Number label

2021-01-22 10:46:18 - [MESSAGE][PASSED] - Text '4000014162' is set on object ''

2021-01-22 10:46:18 - [MESSAGE][PASSED] - Input Contract RTD in Contract Number label

2021-01-22 10:46:18 - [TEST_STEP][PASSED] - Click button "Search": Click button "Search"

2021-01-22 10:46:18 - [MESSAGE][INFO] - >>>>>//Button[contains(text(),'Search')]

2021-01-22 10:46:21 - [MESSAGE][PASSED] - Object '' is present

2021-01-22 10:46:21 - [MESSAGE][PASSED] - Object: '' is clicked on

2021-01-22 10:46:21 - [MESSAGE][PASSED] - Switched to window with index: '0'

2021-01-22 10:46:21 - [MESSAGE][PASSED] - Click button "Search"

2021-01-22 10:46:21 - [TEST_STEP][PASSED] - Verify Table Filled: Verify Table Filled

2021-01-22 10:46:21 - [MESSAGE][PASSED] - Object '' is present

2021-01-22 10:46:21 - [MESSAGE][PASSED] - Verify Table Filled

2021-01-22 10:46:21 - [TEST_STEP][PASSED] - Click button "Export Data": Click button "Export Data"

2021-01-22 10:46:21 - [MESSAGE][INFO] - >>>>>//Button[contains(text(),'Export Data')]

2021-01-22 10:46:25 - [MESSAGE][PASSED] - Object: '' is clicked on

2021-01-22 10:46:25 - [MESSAGE][PASSED] - Taking screenshot successfully
[[ATTACHMENT|/Users/chaidir.pratama01/Documents/Docs/Katalon Studio/Screenshot/Download_data.png]]

2021-01-22 10:46:25 - [MESSAGE][PASSED] - Click button "Export Data"

2021-01-22 10:46:25 - [MESSAGE][PASSED] - Feature file: 'Include/features/IST_Real/RTD/Disbursement_Dashboard/Export_Data_Disbursement_Dashboard.feature' was passed]]></system-out>
         <system-err><![CDATA[]]></system-err>
      </testcase>
      <system-out><![CDATA[2021-01-22 10:42:37 - [TEST_SUITE][PASSED] - TS_Disbursement_Dashboard: Test Cases/RTD/Disbursement Dashboard/TC_Export_Data_Disbursement_Dashboard]]></system-out>
      <system-err><![CDATA[]]></system-err>
   </testsuite>
</testsuites>
