<?xml version="1.0" encoding="UTF-8"?>
<testsuites name="TS_Dashboard_for_BO_In_Payment" time="255.192" tests="5" failures="0" errors="0">
   <testsuite name="TS_Dashboard_for_BO_In_Payment" tests="5" failures="0" errors="0" time="255.192" timestamp="2021-01-22 10:56:19" hostname="chaidir.pratama01 - localhost" id="Test Suites/RTD/TS_Dashboard_for_BO_In_Payment">
      <properties>
         <property name="deviceName" value=""/>
         <property name="devicePlatform" value=""/>
         <property name="logFolder" value="/Users/chaidir.pratama01/Katalon Studio/IST_Automation_Git/Reports/20210122_104222/RTD/TS_Dashboard_for_BO_In_Payment/20210122_104226"/>
         <property name="logFiles" value="/Users/chaidir.pratama01/Katalon Studio/IST_Automation_Git/Reports/20210122_104222/RTD/TS_Dashboard_for_BO_In_Payment/20210122_104226/execution0.log"/>
         <property name="attachments" value="/Users/chaidir.pratama01/Documents/Docs/Katalon Studio/Screenshot/test-Dashboard for BO In Payment.png, /Users/chaidir.pratama01/Documents/Docs/Katalon Studio/Screenshot/test-Dashboard for BO In Payment.png, /Users/chaidir.pratama01/Documents/Docs/Katalon Studio/Screenshot/test-Dashboard for BO In Payment.png, /Users/chaidir.pratama01/Documents/Docs/Katalon Studio/Screenshot/test-Dashboard for BO In Payment.png, /Users/chaidir.pratama01/Documents/Docs/Katalon Studio/Screenshot/test-Dashboard for BO In Payment.png, /Users/chaidir.pratama01/Documents/Docs/Katalon Studio/Screenshot/test-Dashboard for BO In Payment.png, /Users/chaidir.pratama01/Documents/Docs/Katalon Studio/Screenshot/test-Dashboard for BO In Payment.png, /Users/chaidir.pratama01/Katalon Studio/IST_Automation_Git/Reports/20210122_104222/RTD/TS_Dashboard_for_BO_In_Payment/20210122_104226/1611287871856.png, /Users/chaidir.pratama01/Documents/Docs/Katalon Studio/Screenshot/test-Dashboard for BO In Payment.png, /Users/chaidir.pratama01/Katalon Studio/IST_Automation_Git/Reports/20210122_104222/RTD/TS_Dashboard_for_BO_In_Payment/20210122_104226/1611287886689.png, /Users/chaidir.pratama01/Documents/Docs/Katalon Studio/Screenshot/test-Dashboard for BO In Payment.png, /Users/chaidir.pratama01/Documents/Docs/Katalon Studio/Screenshot/test-Dashboard for BO In Payment.png, /Users/chaidir.pratama01/Documents/Docs/Katalon Studio/Screenshot/test-Dashboard for BO In Payment.png, /Users/chaidir.pratama01/Documents/Docs/Katalon Studio/Screenshot/test-Dashboard for BO In Payment.png, /Users/chaidir.pratama01/Documents/Docs/Katalon Studio/Screenshot/test-Dashboard for BO In Payment.png, /Users/chaidir.pratama01/Documents/Docs/Katalon Studio/Screenshot/Download_data.png, /Users/chaidir.pratama01/Documents/Docs/Katalon Studio/Screenshot/test-Dashboard for BO In Payment.png, /Users/chaidir.pratama01/Documents/Docs/Katalon Studio/Screenshot/errorpopup.png, /Users/chaidir.pratama01/Documents/Docs/Katalon Studio/Screenshot/test-Dashboard for BO In Payment.png, /Users/chaidir.pratama01/Documents/Docs/Katalon Studio/Screenshot/errorpopup.png, /Users/chaidir.pratama01/Documents/Docs/Katalon Studio/Screenshot/test-Dashboard for BO In Payment.png"/>
         <property name="hostName" value="chaidir.pratama01 - localhost"/>
         <property name="os" value="Mac OS X 64bit"/>
         <property name="katalonVersion" value="7.6.0.${buildNumber}"/>
         <property name="browser" value="Chrome 87.0.4280.141"/>
         <property name="hostAddress" value="127.0.0.1"/>
         <property name="sessionId" value="8b527d6e357e3a95b5e006002b74168c"/>
         <property name="seleniumVersion" value="3.141.59"/>
         <property name="proxyInformation" value="ProxyInformation { proxyOption=NO_PROXY, proxyServerType=HTTP, username=, password=********, proxyServerAddress=, proxyServerPort=0, executionList=\&quot;\&quot;, isApplyToDesiredCapabilities=true }"/>
         <property name="platform" value="Mac OS X"/>
      </properties>
      <testcase name="Test Cases/RTD/Dashboard for BO in Payment/TC_Search_by_Status" time="153.827" classname="Test Cases/RTD/Dashboard for BO in Payment/TC_Search_by_Status" status="PASSED">
         <system-out><![CDATA[2021-01-22 10:56:20 - [TEST_CASE][PASSED] - Test Cases/RTD/Dashboard for BO in Payment/TC_Search_by_Status: Test Cases/RTD/Dashboard for BO in Payment/TC_Search_by_Status

2021-01-22 10:56:20 - [TEST_STEP][PASSED] - runFeatureFile("Include/features/IST_Real/RTD/Dashboard_for_BO_In_Payment/Search_by_Status.feature"): Feature file: 'Include/features/IST_Real/RTD/Dashboard_for_BO_In_Payment/Search_by_Status.feature' was passed

2021-01-22 10:56:20 - [MESSAGE][INFO] - Starting run keyword runFeatureFile: 'Include/features/IST_Real/RTD/Dashboard_for_BO_In_Payment/Search_by_Status.feature' and extract report to folder: '/Users/chaidir.pratama01/Katalon Studio/IST_Automation_Git/Reports/20210122_104222/RTD/TS_Dashboard_for_BO_In_Payment/20210122_104226/cucumber_report/1611287780292'...

2021-01-22 10:56:20 - [TEST_CASE][PASSED] - Start Test Case : SCENARIO Search by STATUS Eligible to Disburse: SCENARIO Search by STATUS Eligible to Disburse

2021-01-22 10:56:20 - [TEST_STEP][PASSED] - Go to ISTools: Go to ISTools

2021-01-22 10:56:20 - [MESSAGE][INFO] - Starting 'Chrome (headless)' driver

2021-01-22 10:56:20 - [MESSAGE][INFO] - User set preference: ['args', '[--start-maximized, --disable-gpu, --no-proxy-server, –-no-sandbox, --allow-running-insecure-content, --ignore-certificate-errors, window-size=1680,814, force-device-scale-factor=2, --lang=en-GB]']

2021-01-22 10:56:20 - [MESSAGE][INFO] - User set preference: ['prefs', '{download.default_directory=/Users/chaidir.pratama01/Katalon Studio/IST_Automation_Git/Download}']

2021-01-22 10:56:20 - [MESSAGE][INFO] - Action delay is set to 0 milliseconds

2021-01-22 10:56:21 - [MESSAGE][PASSED] - Browser is opened with url: ''

2021-01-22 10:56:24 - [MESSAGE][PASSED] - Navigate to 'https://dev-istools.homecredit.id/foundation/' successfully

2021-01-22 10:56:24 - [MESSAGE][PASSED] - Go to ISTools

2021-01-22 10:56:24 - [TEST_STEP][PASSED] - Login IST with valid credentials: Login IST with valid credentials

2021-01-22 10:56:25 - [MESSAGE][PASSED] - Text 'mobile.test' is set on object 'Object Repository/Page_/input_Username_j_username'

2021-01-22 10:56:25 - [MESSAGE][PASSED] - Text ****** has been set on object 'Object Repository/Page_/input_Password_j_password'

2021-01-22 10:56:26 - [MESSAGE][PASSED] - Object: 'Object Repository/Page_/button_Login' is clicked on

2021-01-22 10:56:26 - [MESSAGE][PASSED] - Login IST with valid credentials

2021-01-22 10:56:26 - [TEST_STEP][PASSED] - Login Success: Login Success

2021-01-22 10:56:26 - [MESSAGE][INFO] - Login Success

2021-01-22 10:56:26 - [MESSAGE][PASSED] - Current window maximized

2021-01-22 10:56:26 - [MESSAGE][PASSED] - Object 'Object Repository/Page_/h1_Welcome to IT Supporting Tools' is present

2021-01-22 10:56:26 - [MESSAGE][PASSED] - Login Success

2021-01-22 10:56:26 - [TEST_STEP][PASSED] - Select Arrow Menu "Real Time Disbursement": Select Arrow Menu "Real Time Disbursement"

2021-01-22 10:56:26 - [MESSAGE][PASSED] - Object: '' is clicked on

2021-01-22 10:56:26 - [MESSAGE][PASSED] - Select Arrow Menu "Real Time Disbursement"

2021-01-22 10:56:26 - [TEST_STEP][PASSED] - Select Menu "Dashboard for BO In Payment": Select Menu "Dashboard for BO In Payment"

2021-01-22 10:56:26 - [MESSAGE][PASSED] - Taking screenshot successfully
[[ATTACHMENT|/Users/chaidir.pratama01/Documents/Docs/Katalon Studio/Screenshot/test-Dashboard for BO In Payment.png]]

2021-01-22 10:56:26 - [MESSAGE][PASSED] - Object '' is present

2021-01-22 10:56:26 - [MESSAGE][PASSED] - Object: '' is clicked on

2021-01-22 10:56:27 - [MESSAGE][PASSED] - Wait for page load successfully

2021-01-22 10:56:27 - [MESSAGE][PASSED] - Select Menu "Dashboard for BO In Payment"

2021-01-22 10:56:27 - [TEST_STEP][PASSED] - Select STATUS "Eligible to disburse": Select STATUS "Eligible to disburse"

2021-01-22 10:56:27 - [MESSAGE][PASSED] - All options with value 'Eligible to disburse' are selected in object ''  using regular expression

2021-01-22 10:56:27 - [MESSAGE][PASSED] - Select STATUS "Eligible to disburse"

2021-01-22 10:56:27 - [TEST_STEP][PASSED] - Click button "Search": Click button "Search"

2021-01-22 10:56:27 - [MESSAGE][INFO] - >>>>>//Button[contains(text(),'Search')]

2021-01-22 10:56:30 - [MESSAGE][PASSED] - Object '' is present

2021-01-22 10:56:30 - [MESSAGE][PASSED] - Object: '' is clicked on

2021-01-22 10:56:30 - [MESSAGE][PASSED] - Switched to window with index: '0'

2021-01-22 10:56:30 - [MESSAGE][PASSED] - Click button "Search"

2021-01-22 10:56:30 - [TEST_STEP][PASSED] - Verify Search Result Presents: Verify Search Result Presents

2021-01-22 10:56:30 - [MESSAGE][PASSED] - Object '' is present

2021-01-22 10:56:37 - [MESSAGE][PASSED] - Verify Search Result Presents

2021-01-22 10:56:37 - [TEST_STEP][PASSED] - Click button "Logout": Click button "Logout"

2021-01-22 10:56:37 - [MESSAGE][INFO] - >>>>>//Button[contains(text(),'Logout')]

2021-01-22 10:56:40 - [MESSAGE][PASSED] - Object '' is present

2021-01-22 10:56:40 - [MESSAGE][PASSED] - Object: '' is clicked on

2021-01-22 10:56:41 - [MESSAGE][PASSED] - Switched to window with index: '0'

2021-01-22 10:56:41 - [MESSAGE][PASSED] - Click button "Logout"

2021-01-22 10:56:41 - [TEST_STEP][PASSED] - Close browser: Close browser

2021-01-22 10:56:41 - [MESSAGE][PASSED] - Browser is closed

2021-01-22 10:56:41 - [MESSAGE][PASSED] - Close browser

2021-01-22 10:56:41 - [TEST_CASE][PASSED] - Start Test Case : SCENARIO Search by STATUS Waiting validation from Risk: SCENARIO Search by STATUS Waiting validation from Risk

2021-01-22 10:56:41 - [TEST_STEP][PASSED] - Go to ISTools: Go to ISTools

2021-01-22 10:56:41 - [MESSAGE][INFO] - Starting 'Chrome (headless)' driver

2021-01-22 10:56:41 - [MESSAGE][INFO] - User set preference: ['args', '[--start-maximized, --disable-gpu, --no-proxy-server, –-no-sandbox, --allow-running-insecure-content, --ignore-certificate-errors, window-size=1680,814, force-device-scale-factor=2, --lang=en-GB]']

2021-01-22 10:56:41 - [MESSAGE][INFO] - User set preference: ['prefs', '{download.default_directory=/Users/chaidir.pratama01/Katalon Studio/IST_Automation_Git/Download}']

2021-01-22 10:56:41 - [MESSAGE][INFO] - Action delay is set to 0 milliseconds

2021-01-22 10:56:41 - [MESSAGE][PASSED] - Browser is opened with url: ''

2021-01-22 10:56:43 - [MESSAGE][PASSED] - Navigate to 'https://dev-istools.homecredit.id/foundation/' successfully

2021-01-22 10:56:43 - [MESSAGE][PASSED] - Go to ISTools

2021-01-22 10:56:43 - [TEST_STEP][PASSED] - Login IST with valid credentials: Login IST with valid credentials

2021-01-22 10:56:43 - [MESSAGE][PASSED] - Text 'mobile.test' is set on object 'Object Repository/Page_/input_Username_j_username'

2021-01-22 10:56:43 - [MESSAGE][PASSED] - Text ****** has been set on object 'Object Repository/Page_/input_Password_j_password'

2021-01-22 10:56:43 - [MESSAGE][PASSED] - Object: 'Object Repository/Page_/button_Login' is clicked on

2021-01-22 10:56:43 - [MESSAGE][PASSED] - Login IST with valid credentials

2021-01-22 10:56:43 - [TEST_STEP][PASSED] - Login Success: Login Success

2021-01-22 10:56:43 - [MESSAGE][INFO] - Login Success

2021-01-22 10:56:43 - [MESSAGE][PASSED] - Current window maximized

2021-01-22 10:56:43 - [MESSAGE][PASSED] - Object 'Object Repository/Page_/h1_Welcome to IT Supporting Tools' is present

2021-01-22 10:56:43 - [MESSAGE][PASSED] - Login Success

2021-01-22 10:56:43 - [TEST_STEP][PASSED] - Select Arrow Menu "Real Time Disbursement": Select Arrow Menu "Real Time Disbursement"

2021-01-22 10:56:44 - [MESSAGE][PASSED] - Object: '' is clicked on

2021-01-22 10:56:44 - [MESSAGE][PASSED] - Select Arrow Menu "Real Time Disbursement"

2021-01-22 10:56:44 - [TEST_STEP][PASSED] - Select Menu "Dashboard for BO In Payment": Select Menu "Dashboard for BO In Payment"

2021-01-22 10:56:44 - [MESSAGE][PASSED] - Taking screenshot successfully
[[ATTACHMENT|/Users/chaidir.pratama01/Documents/Docs/Katalon Studio/Screenshot/test-Dashboard for BO In Payment.png]]

2021-01-22 10:56:44 - [MESSAGE][PASSED] - Object '' is present

2021-01-22 10:56:44 - [MESSAGE][PASSED] - Object: '' is clicked on

2021-01-22 10:56:44 - [MESSAGE][PASSED] - Wait for page load successfully

2021-01-22 10:56:44 - [MESSAGE][PASSED] - Select Menu "Dashboard for BO In Payment"

2021-01-22 10:56:44 - [TEST_STEP][PASSED] - Select STATUS "Waiting validation from Risk": Select STATUS "Waiting validation from Risk"

2021-01-22 10:56:45 - [MESSAGE][PASSED] - All options with value 'Waiting validation from Risk' are selected in object ''  using regular expression

2021-01-22 10:56:45 - [MESSAGE][PASSED] - Select STATUS "Waiting validation from Risk"

2021-01-22 10:56:45 - [TEST_STEP][PASSED] - Click button "Search": Click button "Search"

2021-01-22 10:56:45 - [MESSAGE][INFO] - >>>>>//Button[contains(text(),'Search')]

2021-01-22 10:56:48 - [MESSAGE][PASSED] - Object '' is present

2021-01-22 10:56:48 - [MESSAGE][PASSED] - Object: '' is clicked on

2021-01-22 10:56:48 - [MESSAGE][PASSED] - Switched to window with index: '0'

2021-01-22 10:56:48 - [MESSAGE][PASSED] - Click button "Search"

2021-01-22 10:56:48 - [TEST_STEP][PASSED] - Verify Search Result Presents: Verify Search Result Presents

2021-01-22 10:56:48 - [MESSAGE][PASSED] - Object '' is present

2021-01-22 10:56:50 - [MESSAGE][PASSED] - Verify Search Result Presents

2021-01-22 10:56:50 - [TEST_STEP][PASSED] - Click button "Logout": Click button "Logout"

2021-01-22 10:56:50 - [MESSAGE][INFO] - >>>>>//Button[contains(text(),'Logout')]

2021-01-22 10:56:53 - [MESSAGE][PASSED] - Object '' is present

2021-01-22 10:56:53 - [MESSAGE][PASSED] - Object: '' is clicked on

2021-01-22 10:56:53 - [MESSAGE][PASSED] - Switched to window with index: '0'

2021-01-22 10:56:53 - [MESSAGE][PASSED] - Click button "Logout"

2021-01-22 10:56:53 - [TEST_STEP][PASSED] - Close browser: Close browser

2021-01-22 10:56:54 - [MESSAGE][PASSED] - Browser is closed

2021-01-22 10:56:54 - [MESSAGE][PASSED] - Close browser

2021-01-22 10:56:54 - [TEST_CASE][PASSED] - Start Test Case : SCENARIO Search by STATUS Waiting validation from In Payment: SCENARIO Search by STATUS Waiting validation from In Payment

2021-01-22 10:56:54 - [TEST_STEP][PASSED] - Go to ISTools: Go to ISTools

2021-01-22 10:56:54 - [MESSAGE][INFO] - Starting 'Chrome (headless)' driver

2021-01-22 10:56:54 - [MESSAGE][INFO] - User set preference: ['args', '[--start-maximized, --disable-gpu, --no-proxy-server, –-no-sandbox, --allow-running-insecure-content, --ignore-certificate-errors, window-size=1680,814, force-device-scale-factor=2, --lang=en-GB]']

2021-01-22 10:56:54 - [MESSAGE][INFO] - User set preference: ['prefs', '{download.default_directory=/Users/chaidir.pratama01/Katalon Studio/IST_Automation_Git/Download}']

2021-01-22 10:56:54 - [MESSAGE][INFO] - Action delay is set to 0 milliseconds

2021-01-22 10:56:54 - [MESSAGE][PASSED] - Browser is opened with url: ''

2021-01-22 10:56:55 - [MESSAGE][PASSED] - Navigate to 'https://dev-istools.homecredit.id/foundation/' successfully

2021-01-22 10:56:55 - [MESSAGE][PASSED] - Go to ISTools

2021-01-22 10:56:55 - [TEST_STEP][PASSED] - Login IST with valid credentials: Login IST with valid credentials

2021-01-22 10:56:55 - [MESSAGE][PASSED] - Text 'mobile.test' is set on object 'Object Repository/Page_/input_Username_j_username'

2021-01-22 10:56:55 - [MESSAGE][PASSED] - Text ****** has been set on object 'Object Repository/Page_/input_Password_j_password'

2021-01-22 10:56:55 - [MESSAGE][PASSED] - Object: 'Object Repository/Page_/button_Login' is clicked on

2021-01-22 10:56:55 - [MESSAGE][PASSED] - Login IST with valid credentials

2021-01-22 10:56:55 - [TEST_STEP][PASSED] - Login Success: Login Success

2021-01-22 10:56:55 - [MESSAGE][INFO] - Login Success

2021-01-22 10:56:56 - [MESSAGE][PASSED] - Current window maximized

2021-01-22 10:56:56 - [MESSAGE][PASSED] - Object 'Object Repository/Page_/h1_Welcome to IT Supporting Tools' is present

2021-01-22 10:56:56 - [MESSAGE][PASSED] - Login Success

2021-01-22 10:56:56 - [TEST_STEP][PASSED] - Select Arrow Menu "Real Time Disbursement": Select Arrow Menu "Real Time Disbursement"

2021-01-22 10:56:56 - [MESSAGE][PASSED] - Object: '' is clicked on

2021-01-22 10:56:56 - [MESSAGE][PASSED] - Select Arrow Menu "Real Time Disbursement"

2021-01-22 10:56:56 - [TEST_STEP][PASSED] - Select Menu "Dashboard for BO In Payment": Select Menu "Dashboard for BO In Payment"

2021-01-22 10:56:56 - [MESSAGE][PASSED] - Taking screenshot successfully
[[ATTACHMENT|/Users/chaidir.pratama01/Documents/Docs/Katalon Studio/Screenshot/test-Dashboard for BO In Payment.png]]

2021-01-22 10:56:56 - [MESSAGE][PASSED] - Object '' is present

2021-01-22 10:56:56 - [MESSAGE][PASSED] - Object: '' is clicked on

2021-01-22 10:56:56 - [MESSAGE][PASSED] - Wait for page load successfully

2021-01-22 10:56:56 - [MESSAGE][PASSED] - Select Menu "Dashboard for BO In Payment"

2021-01-22 10:56:56 - [TEST_STEP][PASSED] - Select STATUS "Waiting validation from In Payment": Select STATUS "Waiting validation from In Payment"

2021-01-22 10:56:57 - [MESSAGE][PASSED] - All options with value 'Waiting validation from In Payment' are selected in object ''  using regular expression

2021-01-22 10:56:57 - [MESSAGE][PASSED] - Select STATUS "Waiting validation from In Payment"

2021-01-22 10:56:57 - [TEST_STEP][PASSED] - Click button "Search": Click button "Search"

2021-01-22 10:56:57 - [MESSAGE][INFO] - >>>>>//Button[contains(text(),'Search')]

2021-01-22 10:57:00 - [MESSAGE][PASSED] - Object '' is present

2021-01-22 10:57:00 - [MESSAGE][PASSED] - Object: '' is clicked on

2021-01-22 10:57:00 - [MESSAGE][PASSED] - Switched to window with index: '0'

2021-01-22 10:57:00 - [MESSAGE][PASSED] - Click button "Search"

2021-01-22 10:57:00 - [TEST_STEP][PASSED] - Verify Search Result Presents: Verify Search Result Presents

2021-01-22 10:57:00 - [MESSAGE][PASSED] - Object '' is present

2021-01-22 10:57:00 - [MESSAGE][PASSED] - Verify Search Result Presents

2021-01-22 10:57:00 - [TEST_STEP][PASSED] - Click button "Logout": Click button "Logout"

2021-01-22 10:57:00 - [MESSAGE][INFO] - >>>>>//Button[contains(text(),'Logout')]

2021-01-22 10:57:03 - [MESSAGE][PASSED] - Object '' is present

2021-01-22 10:57:04 - [MESSAGE][PASSED] - Object: '' is clicked on

2021-01-22 10:57:04 - [MESSAGE][PASSED] - Switched to window with index: '0'

2021-01-22 10:57:04 - [MESSAGE][PASSED] - Click button "Logout"

2021-01-22 10:57:04 - [TEST_STEP][PASSED] - Close browser: Close browser

2021-01-22 10:57:04 - [MESSAGE][PASSED] - Browser is closed

2021-01-22 10:57:04 - [MESSAGE][PASSED] - Close browser

2021-01-22 10:57:04 - [TEST_CASE][PASSED] - Start Test Case : SCENARIO Search by STATUS Ready to disburse: SCENARIO Search by STATUS Ready to disburse

2021-01-22 10:57:04 - [TEST_STEP][PASSED] - Go to ISTools: Go to ISTools

2021-01-22 10:57:04 - [MESSAGE][INFO] - Starting 'Chrome (headless)' driver

2021-01-22 10:57:04 - [MESSAGE][INFO] - User set preference: ['args', '[--start-maximized, --disable-gpu, --no-proxy-server, –-no-sandbox, --allow-running-insecure-content, --ignore-certificate-errors, window-size=1680,814, force-device-scale-factor=2, --lang=en-GB]']

2021-01-22 10:57:04 - [MESSAGE][INFO] - User set preference: ['prefs', '{download.default_directory=/Users/chaidir.pratama01/Katalon Studio/IST_Automation_Git/Download}']

2021-01-22 10:57:04 - [MESSAGE][INFO] - Action delay is set to 0 milliseconds

2021-01-22 10:57:04 - [MESSAGE][PASSED] - Browser is opened with url: ''

2021-01-22 10:57:05 - [MESSAGE][PASSED] - Navigate to 'https://dev-istools.homecredit.id/foundation/' successfully

2021-01-22 10:57:05 - [MESSAGE][PASSED] - Go to ISTools

2021-01-22 10:57:05 - [TEST_STEP][PASSED] - Login IST with valid credentials: Login IST with valid credentials

2021-01-22 10:57:05 - [MESSAGE][PASSED] - Text 'mobile.test' is set on object 'Object Repository/Page_/input_Username_j_username'

2021-01-22 10:57:05 - [MESSAGE][PASSED] - Text ****** has been set on object 'Object Repository/Page_/input_Password_j_password'

2021-01-22 10:57:06 - [MESSAGE][PASSED] - Object: 'Object Repository/Page_/button_Login' is clicked on

2021-01-22 10:57:06 - [MESSAGE][PASSED] - Login IST with valid credentials

2021-01-22 10:57:06 - [TEST_STEP][PASSED] - Login Success: Login Success

2021-01-22 10:57:06 - [MESSAGE][INFO] - Login Success

2021-01-22 10:57:06 - [MESSAGE][PASSED] - Current window maximized

2021-01-22 10:57:06 - [MESSAGE][PASSED] - Object 'Object Repository/Page_/h1_Welcome to IT Supporting Tools' is present

2021-01-22 10:57:06 - [MESSAGE][PASSED] - Login Success

2021-01-22 10:57:06 - [TEST_STEP][PASSED] - Select Arrow Menu "Real Time Disbursement": Select Arrow Menu "Real Time Disbursement"

2021-01-22 10:57:06 - [MESSAGE][PASSED] - Object: '' is clicked on

2021-01-22 10:57:06 - [MESSAGE][PASSED] - Select Arrow Menu "Real Time Disbursement"

2021-01-22 10:57:06 - [TEST_STEP][PASSED] - Select Menu "Dashboard for BO In Payment": Select Menu "Dashboard for BO In Payment"

2021-01-22 10:57:07 - [MESSAGE][PASSED] - Taking screenshot successfully
[[ATTACHMENT|/Users/chaidir.pratama01/Documents/Docs/Katalon Studio/Screenshot/test-Dashboard for BO In Payment.png]]

2021-01-22 10:57:07 - [MESSAGE][PASSED] - Object '' is present

2021-01-22 10:57:07 - [MESSAGE][PASSED] - Object: '' is clicked on

2021-01-22 10:57:07 - [MESSAGE][PASSED] - Wait for page load successfully

2021-01-22 10:57:07 - [MESSAGE][PASSED] - Select Menu "Dashboard for BO In Payment"

2021-01-22 10:57:07 - [TEST_STEP][PASSED] - Select STATUS "Ready to disburse": Select STATUS "Ready to disburse"

2021-01-22 10:57:07 - [MESSAGE][PASSED] - All options with value 'Ready to disburse' are selected in object ''  using regular expression

2021-01-22 10:57:07 - [MESSAGE][PASSED] - Select STATUS "Ready to disburse"

2021-01-22 10:57:07 - [TEST_STEP][PASSED] - Click button "Search": Click button "Search"

2021-01-22 10:57:07 - [MESSAGE][INFO] - >>>>>//Button[contains(text(),'Search')]

2021-01-22 10:57:10 - [MESSAGE][PASSED] - Object '' is present

2021-01-22 10:57:10 - [MESSAGE][PASSED] - Object: '' is clicked on

2021-01-22 10:57:10 - [MESSAGE][PASSED] - Switched to window with index: '0'

2021-01-22 10:57:10 - [MESSAGE][PASSED] - Click button "Search"

2021-01-22 10:57:10 - [TEST_STEP][PASSED] - Verify Search Result Presents: Verify Search Result Presents

2021-01-22 10:57:10 - [MESSAGE][PASSED] - Object '' is present

2021-01-22 10:57:13 - [MESSAGE][PASSED] - Verify Search Result Presents

2021-01-22 10:57:13 - [TEST_STEP][PASSED] - Click button "Logout": Click button "Logout"

2021-01-22 10:57:13 - [MESSAGE][INFO] - >>>>>//Button[contains(text(),'Logout')]

2021-01-22 10:57:16 - [MESSAGE][PASSED] - Object '' is present

2021-01-22 10:57:16 - [MESSAGE][PASSED] - Object: '' is clicked on

2021-01-22 10:57:16 - [MESSAGE][PASSED] - Switched to window with index: '0'

2021-01-22 10:57:16 - [MESSAGE][PASSED] - Click button "Logout"

2021-01-22 10:57:16 - [TEST_STEP][PASSED] - Close browser: Close browser

2021-01-22 10:57:16 - [MESSAGE][PASSED] - Browser is closed

2021-01-22 10:57:16 - [MESSAGE][PASSED] - Close browser

2021-01-22 10:57:16 - [TEST_CASE][PASSED] - Start Test Case : SCENARIO Search by STATUS Failed due to invalid bank account: SCENARIO Search by STATUS Failed due to invalid bank account

2021-01-22 10:57:16 - [TEST_STEP][PASSED] - Go to ISTools: Go to ISTools

2021-01-22 10:57:16 - [MESSAGE][INFO] - Starting 'Chrome (headless)' driver

2021-01-22 10:57:16 - [MESSAGE][INFO] - User set preference: ['args', '[--start-maximized, --disable-gpu, --no-proxy-server, –-no-sandbox, --allow-running-insecure-content, --ignore-certificate-errors, window-size=1680,814, force-device-scale-factor=2, --lang=en-GB]']

2021-01-22 10:57:16 - [MESSAGE][INFO] - User set preference: ['prefs', '{download.default_directory=/Users/chaidir.pratama01/Katalon Studio/IST_Automation_Git/Download}']

2021-01-22 10:57:16 - [MESSAGE][INFO] - Action delay is set to 0 milliseconds

2021-01-22 10:57:16 - [MESSAGE][PASSED] - Browser is opened with url: ''

2021-01-22 10:57:18 - [MESSAGE][PASSED] - Navigate to 'https://dev-istools.homecredit.id/foundation/' successfully

2021-01-22 10:57:18 - [MESSAGE][PASSED] - Go to ISTools

2021-01-22 10:57:18 - [TEST_STEP][PASSED] - Login IST with valid credentials: Login IST with valid credentials

2021-01-22 10:57:18 - [MESSAGE][PASSED] - Text 'mobile.test' is set on object 'Object Repository/Page_/input_Username_j_username'

2021-01-22 10:57:18 - [MESSAGE][PASSED] - Text ****** has been set on object 'Object Repository/Page_/input_Password_j_password'

2021-01-22 10:57:19 - [MESSAGE][PASSED] - Object: 'Object Repository/Page_/button_Login' is clicked on

2021-01-22 10:57:19 - [MESSAGE][PASSED] - Login IST with valid credentials

2021-01-22 10:57:19 - [TEST_STEP][PASSED] - Login Success: Login Success

2021-01-22 10:57:19 - [MESSAGE][INFO] - Login Success

2021-01-22 10:57:19 - [MESSAGE][PASSED] - Current window maximized

2021-01-22 10:57:19 - [MESSAGE][PASSED] - Object 'Object Repository/Page_/h1_Welcome to IT Supporting Tools' is present

2021-01-22 10:57:19 - [MESSAGE][PASSED] - Login Success

2021-01-22 10:57:19 - [TEST_STEP][PASSED] - Select Arrow Menu "Real Time Disbursement": Select Arrow Menu "Real Time Disbursement"

2021-01-22 10:57:19 - [MESSAGE][PASSED] - Object: '' is clicked on

2021-01-22 10:57:19 - [MESSAGE][PASSED] - Select Arrow Menu "Real Time Disbursement"

2021-01-22 10:57:19 - [TEST_STEP][PASSED] - Select Menu "Dashboard for BO In Payment": Select Menu "Dashboard for BO In Payment"

2021-01-22 10:57:19 - [MESSAGE][PASSED] - Taking screenshot successfully
[[ATTACHMENT|/Users/chaidir.pratama01/Documents/Docs/Katalon Studio/Screenshot/test-Dashboard for BO In Payment.png]]

2021-01-22 10:57:19 - [MESSAGE][PASSED] - Object '' is present

2021-01-22 10:57:19 - [MESSAGE][PASSED] - Object: '' is clicked on

2021-01-22 10:57:19 - [MESSAGE][PASSED] - Wait for page load successfully

2021-01-22 10:57:19 - [MESSAGE][PASSED] - Select Menu "Dashboard for BO In Payment"

2021-01-22 10:57:19 - [TEST_STEP][PASSED] - Select STATUS "Failed due to invalid bank account": Select STATUS "Failed due to invalid bank account"

2021-01-22 10:57:20 - [MESSAGE][PASSED] - All options with value 'Failed due to invalid bank account' are selected in object ''  using regular expression

2021-01-22 10:57:20 - [MESSAGE][PASSED] - Select STATUS "Failed due to invalid bank account"

2021-01-22 10:57:20 - [TEST_STEP][PASSED] - Click button "Search": Click button "Search"

2021-01-22 10:57:20 - [MESSAGE][INFO] - >>>>>//Button[contains(text(),'Search')]

2021-01-22 10:57:23 - [MESSAGE][PASSED] - Object '' is present

2021-01-22 10:57:23 - [MESSAGE][PASSED] - Object: '' is clicked on

2021-01-22 10:57:23 - [MESSAGE][PASSED] - Switched to window with index: '0'

2021-01-22 10:57:23 - [MESSAGE][PASSED] - Click button "Search"

2021-01-22 10:57:23 - [TEST_STEP][PASSED] - Verify Search Result Presents: Verify Search Result Presents

2021-01-22 10:57:23 - [MESSAGE][PASSED] - Object '' is present

2021-01-22 10:57:24 - [MESSAGE][PASSED] - Verify Search Result Presents

2021-01-22 10:57:24 - [TEST_STEP][PASSED] - Click button "Logout": Click button "Logout"

2021-01-22 10:57:24 - [MESSAGE][INFO] - >>>>>//Button[contains(text(),'Logout')]

2021-01-22 10:57:27 - [MESSAGE][PASSED] - Object '' is present

2021-01-22 10:57:28 - [MESSAGE][PASSED] - Object: '' is clicked on

2021-01-22 10:57:28 - [MESSAGE][PASSED] - Switched to window with index: '0'

2021-01-22 10:57:28 - [MESSAGE][PASSED] - Click button "Logout"

2021-01-22 10:57:28 - [TEST_STEP][PASSED] - Close browser: Close browser

2021-01-22 10:57:28 - [MESSAGE][PASSED] - Browser is closed

2021-01-22 10:57:28 - [MESSAGE][PASSED] - Close browser

2021-01-22 10:57:28 - [TEST_CASE][PASSED] - Start Test Case : SCENARIO Search by STATUS Failed due to system error: SCENARIO Search by STATUS Failed due to system error

2021-01-22 10:57:28 - [TEST_STEP][PASSED] - Go to ISTools: Go to ISTools

2021-01-22 10:57:28 - [MESSAGE][INFO] - Starting 'Chrome (headless)' driver

2021-01-22 10:57:28 - [MESSAGE][INFO] - User set preference: ['args', '[--start-maximized, --disable-gpu, --no-proxy-server, –-no-sandbox, --allow-running-insecure-content, --ignore-certificate-errors, window-size=1680,814, force-device-scale-factor=2, --lang=en-GB]']

2021-01-22 10:57:28 - [MESSAGE][INFO] - User set preference: ['prefs', '{download.default_directory=/Users/chaidir.pratama01/Katalon Studio/IST_Automation_Git/Download}']

2021-01-22 10:57:28 - [MESSAGE][INFO] - Action delay is set to 0 milliseconds

2021-01-22 10:57:28 - [MESSAGE][PASSED] - Browser is opened with url: ''

2021-01-22 10:57:29 - [MESSAGE][PASSED] - Navigate to 'https://dev-istools.homecredit.id/foundation/' successfully

2021-01-22 10:57:29 - [MESSAGE][PASSED] - Go to ISTools

2021-01-22 10:57:29 - [TEST_STEP][PASSED] - Login IST with valid credentials: Login IST with valid credentials

2021-01-22 10:57:29 - [MESSAGE][PASSED] - Text 'mobile.test' is set on object 'Object Repository/Page_/input_Username_j_username'

2021-01-22 10:57:29 - [MESSAGE][PASSED] - Text ****** has been set on object 'Object Repository/Page_/input_Password_j_password'

2021-01-22 10:57:30 - [MESSAGE][PASSED] - Object: 'Object Repository/Page_/button_Login' is clicked on

2021-01-22 10:57:30 - [MESSAGE][PASSED] - Login IST with valid credentials

2021-01-22 10:57:30 - [TEST_STEP][PASSED] - Login Success: Login Success

2021-01-22 10:57:30 - [MESSAGE][INFO] - Login Success

2021-01-22 10:57:30 - [MESSAGE][PASSED] - Current window maximized

2021-01-22 10:57:30 - [MESSAGE][PASSED] - Object 'Object Repository/Page_/h1_Welcome to IT Supporting Tools' is present

2021-01-22 10:57:30 - [MESSAGE][PASSED] - Login Success

2021-01-22 10:57:30 - [TEST_STEP][PASSED] - Select Arrow Menu "Real Time Disbursement": Select Arrow Menu "Real Time Disbursement"

2021-01-22 10:57:30 - [MESSAGE][PASSED] - Object: '' is clicked on

2021-01-22 10:57:30 - [MESSAGE][PASSED] - Select Arrow Menu "Real Time Disbursement"

2021-01-22 10:57:30 - [TEST_STEP][PASSED] - Select Menu "Dashboard for BO In Payment": Select Menu "Dashboard for BO In Payment"

2021-01-22 10:57:30 - [MESSAGE][PASSED] - Taking screenshot successfully
[[ATTACHMENT|/Users/chaidir.pratama01/Documents/Docs/Katalon Studio/Screenshot/test-Dashboard for BO In Payment.png]]

2021-01-22 10:57:30 - [MESSAGE][PASSED] - Object '' is present

2021-01-22 10:57:30 - [MESSAGE][PASSED] - Object: '' is clicked on

2021-01-22 10:57:31 - [MESSAGE][PASSED] - Wait for page load successfully

2021-01-22 10:57:31 - [MESSAGE][PASSED] - Select Menu "Dashboard for BO In Payment"

2021-01-22 10:57:31 - [TEST_STEP][PASSED] - Select STATUS "Failed due to system error": Select STATUS "Failed due to system error"

2021-01-22 10:57:31 - [MESSAGE][PASSED] - All options with value 'Failed due to system error' are selected in object ''  using regular expression

2021-01-22 10:57:31 - [MESSAGE][PASSED] - Select STATUS "Failed due to system error"

2021-01-22 10:57:31 - [TEST_STEP][PASSED] - Click button "Search": Click button "Search"

2021-01-22 10:57:31 - [MESSAGE][INFO] - >>>>>//Button[contains(text(),'Search')]

2021-01-22 10:57:34 - [MESSAGE][PASSED] - Object '' is present

2021-01-22 10:57:34 - [MESSAGE][PASSED] - Object: '' is clicked on

2021-01-22 10:57:34 - [MESSAGE][PASSED] - Switched to window with index: '0'

2021-01-22 10:57:34 - [MESSAGE][PASSED] - Click button "Search"

2021-01-22 10:57:34 - [TEST_STEP][PASSED] - Verify Search Result Presents: Verify Search Result Presents

2021-01-22 10:57:34 - [MESSAGE][PASSED] - Object '' is present

2021-01-22 10:57:38 - [MESSAGE][PASSED] - Verify Search Result Presents

2021-01-22 10:57:38 - [TEST_STEP][PASSED] - Click button "Logout": Click button "Logout"

2021-01-22 10:57:38 - [MESSAGE][INFO] - >>>>>//Button[contains(text(),'Logout')]

2021-01-22 10:57:41 - [MESSAGE][PASSED] - Object '' is present

2021-01-22 10:57:41 - [MESSAGE][PASSED] - Object: '' is clicked on

2021-01-22 10:57:41 - [MESSAGE][PASSED] - Switched to window with index: '0'

2021-01-22 10:57:41 - [MESSAGE][PASSED] - Click button "Logout"

2021-01-22 10:57:41 - [TEST_STEP][PASSED] - Close browser: Close browser

2021-01-22 10:57:41 - [MESSAGE][PASSED] - Browser is closed

2021-01-22 10:57:41 - [MESSAGE][PASSED] - Close browser

2021-01-22 10:57:41 - [TEST_CASE][PASSED] - Start Test Case : SCENARIO Search by STATUS Failed due to insufficient fund: SCENARIO Search by STATUS Failed due to insufficient fund

2021-01-22 10:57:41 - [TEST_STEP][PASSED] - Go to ISTools: Go to ISTools

2021-01-22 10:57:41 - [MESSAGE][INFO] - Starting 'Chrome (headless)' driver

2021-01-22 10:57:41 - [MESSAGE][INFO] - User set preference: ['args', '[--start-maximized, --disable-gpu, --no-proxy-server, –-no-sandbox, --allow-running-insecure-content, --ignore-certificate-errors, window-size=1680,814, force-device-scale-factor=2, --lang=en-GB]']

2021-01-22 10:57:41 - [MESSAGE][INFO] - User set preference: ['prefs', '{download.default_directory=/Users/chaidir.pratama01/Katalon Studio/IST_Automation_Git/Download}']

2021-01-22 10:57:41 - [MESSAGE][INFO] - Action delay is set to 0 milliseconds

2021-01-22 10:57:41 - [MESSAGE][PASSED] - Browser is opened with url: ''

2021-01-22 10:57:42 - [MESSAGE][PASSED] - Navigate to 'https://dev-istools.homecredit.id/foundation/' successfully

2021-01-22 10:57:42 - [MESSAGE][PASSED] - Go to ISTools

2021-01-22 10:57:42 - [TEST_STEP][PASSED] - Login IST with valid credentials: Login IST with valid credentials

2021-01-22 10:57:42 - [MESSAGE][PASSED] - Text 'mobile.test' is set on object 'Object Repository/Page_/input_Username_j_username'

2021-01-22 10:57:43 - [MESSAGE][PASSED] - Text ****** has been set on object 'Object Repository/Page_/input_Password_j_password'

2021-01-22 10:57:43 - [MESSAGE][PASSED] - Object: 'Object Repository/Page_/button_Login' is clicked on

2021-01-22 10:57:43 - [MESSAGE][PASSED] - Login IST with valid credentials

2021-01-22 10:57:43 - [TEST_STEP][PASSED] - Login Success: Login Success

2021-01-22 10:57:43 - [MESSAGE][INFO] - Login Success

2021-01-22 10:57:43 - [MESSAGE][PASSED] - Current window maximized

2021-01-22 10:57:43 - [MESSAGE][PASSED] - Object 'Object Repository/Page_/h1_Welcome to IT Supporting Tools' is present

2021-01-22 10:57:43 - [MESSAGE][PASSED] - Login Success

2021-01-22 10:57:43 - [TEST_STEP][PASSED] - Select Arrow Menu "Real Time Disbursement": Select Arrow Menu "Real Time Disbursement"

2021-01-22 10:57:43 - [MESSAGE][PASSED] - Object: '' is clicked on

2021-01-22 10:57:43 - [MESSAGE][PASSED] - Select Arrow Menu "Real Time Disbursement"

2021-01-22 10:57:43 - [TEST_STEP][PASSED] - Select Menu "Dashboard for BO In Payment": Select Menu "Dashboard for BO In Payment"

2021-01-22 10:57:44 - [MESSAGE][PASSED] - Taking screenshot successfully
[[ATTACHMENT|/Users/chaidir.pratama01/Documents/Docs/Katalon Studio/Screenshot/test-Dashboard for BO In Payment.png]]

2021-01-22 10:57:44 - [MESSAGE][PASSED] - Object '' is present

2021-01-22 10:57:44 - [MESSAGE][PASSED] - Object: '' is clicked on

2021-01-22 10:57:44 - [MESSAGE][PASSED] - Wait for page load successfully

2021-01-22 10:57:44 - [MESSAGE][PASSED] - Select Menu "Dashboard for BO In Payment"

2021-01-22 10:57:44 - [TEST_STEP][PASSED] - Select STATUS "Failed due to insufficient fund": Select STATUS "Failed due to insufficient fund"

2021-01-22 10:57:44 - [MESSAGE][PASSED] - All options with value 'Failed due to insufficient fund' are selected in object ''  using regular expression

2021-01-22 10:57:44 - [MESSAGE][PASSED] - Select STATUS "Failed due to insufficient fund"

2021-01-22 10:57:44 - [TEST_STEP][PASSED] - Click button "Search": Click button "Search"

2021-01-22 10:57:44 - [MESSAGE][INFO] - >>>>>//Button[contains(text(),'Search')]

2021-01-22 10:57:47 - [MESSAGE][PASSED] - Object '' is present

2021-01-22 10:57:47 - [MESSAGE][PASSED] - Object: '' is clicked on

2021-01-22 10:57:47 - [MESSAGE][PASSED] - Switched to window with index: '0'

2021-01-22 10:57:47 - [MESSAGE][PASSED] - Click button "Search"

2021-01-22 10:57:47 - [TEST_STEP][PASSED] - Verify Search Result Presents: Verify Search Result Presents

2021-01-22 10:57:51 - [MESSAGE][INFO] - Unable to find the element located by 'By.xpath: //td[@style='display:none' and contains(text(),'-Empty-')]'. Please recheck the objects properties to make sure the desired element is located. 

2021-01-22 10:57:52 - [MESSAGE][WARNING] - com.kms.katalon.core.webui.exception.WebElementNotFoundException: Web element with id: '' located by '//td[@style='display:none' and contains(text(),'-Empty-')]' not found (Root cause: com.kms.katalon.core.exception.StepFailedException: com.kms.katalon.core.webui.exception.WebElementNotFoundException: Web element with id: '' located by '//td[@style='display:none' and contains(text(),'-Empty-')]' not found
	at com.kms.katalon.core.webui.keyword.internal.WebUIKeywordMain.stepFailed(WebUIKeywordMain.groovy:64)
	at com.kms.katalon.core.webui.keyword.builtin.VerifyElementPresentKeyword$_verifyElementPresent_closure1.doCall(VerifyElementPresentKeyword.groovy:85)
	at com.kms.katalon.core.webui.keyword.builtin.VerifyElementPresentKeyword$_verifyElementPresent_closure1.call(VerifyElementPresentKeyword.groovy)
	at com.kms.katalon.core.webui.keyword.internal.WebUIKeywordMain.runKeyword(WebUIKeywordMain.groovy:20)
	at com.kms.katalon.core.webui.keyword.builtin.VerifyElementPresentKeyword.verifyElementPresent(VerifyElementPresentKeyword.groovy:92)
	at com.kms.katalon.core.webui.keyword.builtin.VerifyElementPresentKeyword.execute(VerifyElementPresentKeyword.groovy:68)
	at com.kms.katalon.core.keyword.internal.KeywordExecutor.executeKeywordForPlatform(KeywordExecutor.groovy:73)
	at com.kms.katalon.core.webui.keyword.WebUiBuiltInKeywords.verifyElementPresent(WebUiBuiltInKeywords.groovy:1444)
	at com.kms.katalon.core.webui.keyword.WebUiBuiltInKeywords$verifyElementPresent$11.call(Unknown Source)
	at ist_real.Contract_Dispatcher.VerifyTblFilled(Contract_Dispatcher.groovy:1313)
	at ist_real.Contract_Dispatcher$VerifyTblFilled$0.call(Unknown Source)
	at RTD.Search_Result_Presents(RTD.groovy:191)
	at cucumber.runtime.Utils$1.call(Utils.java:26)
	at cucumber.runtime.Timeout.timeout(Timeout.java:16)
	at cucumber.runtime.Utils.invoke(Utils.java:20)
	at cucumber.runtime.java.JavaStepDefinition.execute(JavaStepDefinition.java:48)
	at cucumber.runtime.PickleStepDefinitionMatch.runStep(PickleStepDefinitionMatch.java:50)
	at cucumber.runner.TestStep.executeStep(TestStep.java:55)
	at cucumber.runner.TestStep.run(TestStep.java:42)
	at cucumber.runner.PickleStepTestStep.run(PickleStepTestStep.java:53)
	at cucumber.runner.TestCase.run(TestCase.java:47)
	at cucumber.runner.Runner.runPickle(Runner.java:44)
	at cucumber.runtime.Runtime.runFeature(Runtime.java:120)
	at cucumber.runtime.Runtime.run(Runtime.java:106)
	at cucumber.api.cli.Main.run(Main.java:35)
	at cucumber.api.cli.Main$run.call(Unknown Source)
	at com.kms.katalon.core.cucumber.keyword.CucumberBuiltinKeywords$_runFeatureFile_closure1.doCall(CucumberBuiltinKeywords.groovy:76)
	at com.kms.katalon.core.cucumber.keyword.CucumberBuiltinKeywords$_runFeatureFile_closure1.doCall(CucumberBuiltinKeywords.groovy)
	at com.kms.katalon.core.keyword.internal.KeywordMain.runKeyword(KeywordMain.groovy:68)
	at com.kms.katalon.core.keyword.internal.KeywordMain$runKeyword.call(Unknown Source)
	at com.kms.katalon.core.cucumber.keyword.CucumberBuiltinKeywords.runFeatureFile(CucumberBuiltinKeywords.groovy:46)
	at com.kms.katalon.core.cucumber.keyword.CucumberBuiltinKeywords$runFeatureFile$0.callStatic(Unknown Source)
	at com.kms.katalon.core.cucumber.keyword.CucumberBuiltinKeywords.runFeatureFile(CucumberBuiltinKeywords.groovy:169)
	at com.kms.katalon.core.cucumber.keyword.CucumberBuiltinKeywords$runFeatureFile.call(Unknown Source)
	at TC_Search_by_Status.run(TC_Search_by_Status:18)
	at com.kms.katalon.core.main.ScriptEngine.run(ScriptEngine.java:194)
	at com.kms.katalon.core.main.ScriptEngine.runScriptAsRawText(ScriptEngine.java:119)
	at com.kms.katalon.core.main.TestCaseExecutor.runScript(TestCaseExecutor.java:339)
	at com.kms.katalon.core.main.TestCaseExecutor.doExecute(TestCaseExecutor.java:330)
	at com.kms.katalon.core.main.TestCaseExecutor.processExecutionPhase(TestCaseExecutor.java:309)
	at com.kms.katalon.core.main.TestCaseExecutor.accessMainPhase(TestCaseExecutor.java:301)
	at com.kms.katalon.core.main.TestCaseExecutor.execute(TestCaseExecutor.java:235)
	at com.kms.katalon.core.main.TestSuiteExecutor.accessTestCaseMainPhase(TestSuiteExecutor.java:191)
	at com.kms.katalon.core.main.TestSuiteExecutor.accessTestSuiteMainPhase(TestSuiteExecutor.java:141)
	at com.kms.katalon.core.main.TestSuiteExecutor.execute(TestSuiteExecutor.java:90)
	at com.kms.katalon.core.main.TestCaseMain.startTestSuite(TestCaseMain.java:157)
	at com.kms.katalon.core.main.TestCaseMain$startTestSuite$0.call(Unknown Source)
	at TempTestSuite1611286946445.run(TempTestSuite1611286946445.groovy:39)
)
[[ATTACHMENT|/Users/chaidir.pratama01/Katalon Studio/IST_Automation_Git/Reports/20210122_104222/RTD/TS_Dashboard_for_BO_In_Payment/20210122_104226/1611287871856.png]]

2021-01-22 10:57:52 - [MESSAGE][PASSED] - Verify Search Result Presents

2021-01-22 10:57:52 - [TEST_STEP][PASSED] - Click button "Logout": Click button "Logout"

2021-01-22 10:57:52 - [MESSAGE][INFO] - >>>>>//Button[contains(text(),'Logout')]

2021-01-22 10:57:55 - [MESSAGE][PASSED] - Object '' is present

2021-01-22 10:57:55 - [MESSAGE][PASSED] - Object: '' is clicked on

2021-01-22 10:57:55 - [MESSAGE][PASSED] - Switched to window with index: '0'

2021-01-22 10:57:55 - [MESSAGE][PASSED] - Click button "Logout"

2021-01-22 10:57:55 - [TEST_STEP][PASSED] - Close browser: Close browser

2021-01-22 10:57:55 - [MESSAGE][PASSED] - Browser is closed

2021-01-22 10:57:55 - [MESSAGE][PASSED] - Close browser

2021-01-22 10:57:55 - [TEST_CASE][PASSED] - Start Test Case : SCENARIO Search by STATUS Failed due to not supported bank: SCENARIO Search by STATUS Failed due to not supported bank

2021-01-22 10:57:55 - [TEST_STEP][PASSED] - Go to ISTools: Go to ISTools

2021-01-22 10:57:55 - [MESSAGE][INFO] - Starting 'Chrome (headless)' driver

2021-01-22 10:57:55 - [MESSAGE][INFO] - User set preference: ['args', '[--start-maximized, --disable-gpu, --no-proxy-server, –-no-sandbox, --allow-running-insecure-content, --ignore-certificate-errors, window-size=1680,814, force-device-scale-factor=2, --lang=en-GB]']

2021-01-22 10:57:55 - [MESSAGE][INFO] - User set preference: ['prefs', '{download.default_directory=/Users/chaidir.pratama01/Katalon Studio/IST_Automation_Git/Download}']

2021-01-22 10:57:55 - [MESSAGE][INFO] - Action delay is set to 0 milliseconds

2021-01-22 10:57:56 - [MESSAGE][PASSED] - Browser is opened with url: ''

2021-01-22 10:57:57 - [MESSAGE][PASSED] - Navigate to 'https://dev-istools.homecredit.id/foundation/' successfully

2021-01-22 10:57:57 - [MESSAGE][PASSED] - Go to ISTools

2021-01-22 10:57:57 - [TEST_STEP][PASSED] - Login IST with valid credentials: Login IST with valid credentials

2021-01-22 10:57:57 - [MESSAGE][PASSED] - Text 'mobile.test' is set on object 'Object Repository/Page_/input_Username_j_username'

2021-01-22 10:57:57 - [MESSAGE][PASSED] - Text ****** has been set on object 'Object Repository/Page_/input_Password_j_password'

2021-01-22 10:57:58 - [MESSAGE][PASSED] - Object: 'Object Repository/Page_/button_Login' is clicked on

2021-01-22 10:57:58 - [MESSAGE][PASSED] - Login IST with valid credentials

2021-01-22 10:57:58 - [TEST_STEP][PASSED] - Login Success: Login Success

2021-01-22 10:57:58 - [MESSAGE][INFO] - Login Success

2021-01-22 10:57:58 - [MESSAGE][PASSED] - Current window maximized

2021-01-22 10:57:58 - [MESSAGE][PASSED] - Object 'Object Repository/Page_/h1_Welcome to IT Supporting Tools' is present

2021-01-22 10:57:58 - [MESSAGE][PASSED] - Login Success

2021-01-22 10:57:58 - [TEST_STEP][PASSED] - Select Arrow Menu "Real Time Disbursement": Select Arrow Menu "Real Time Disbursement"

2021-01-22 10:57:58 - [MESSAGE][PASSED] - Object: '' is clicked on

2021-01-22 10:57:58 - [MESSAGE][PASSED] - Select Arrow Menu "Real Time Disbursement"

2021-01-22 10:57:58 - [TEST_STEP][PASSED] - Select Menu "Dashboard for BO In Payment": Select Menu "Dashboard for BO In Payment"

2021-01-22 10:57:59 - [MESSAGE][PASSED] - Taking screenshot successfully
[[ATTACHMENT|/Users/chaidir.pratama01/Documents/Docs/Katalon Studio/Screenshot/test-Dashboard for BO In Payment.png]]

2021-01-22 10:57:59 - [MESSAGE][PASSED] - Object '' is present

2021-01-22 10:57:59 - [MESSAGE][PASSED] - Object: '' is clicked on

2021-01-22 10:57:59 - [MESSAGE][PASSED] - Wait for page load successfully

2021-01-22 10:57:59 - [MESSAGE][PASSED] - Select Menu "Dashboard for BO In Payment"

2021-01-22 10:57:59 - [TEST_STEP][PASSED] - Select STATUS "Failed due to not supported bank": Select STATUS "Failed due to not supported bank"

2021-01-22 10:57:59 - [MESSAGE][PASSED] - All options with value 'Failed due to not supported bank' are selected in object ''  using regular expression

2021-01-22 10:57:59 - [MESSAGE][PASSED] - Select STATUS "Failed due to not supported bank"

2021-01-22 10:57:59 - [TEST_STEP][PASSED] - Click button "Search": Click button "Search"

2021-01-22 10:57:59 - [MESSAGE][INFO] - >>>>>//Button[contains(text(),'Search')]

2021-01-22 10:58:02 - [MESSAGE][PASSED] - Object '' is present

2021-01-22 10:58:02 - [MESSAGE][PASSED] - Object: '' is clicked on

2021-01-22 10:58:02 - [MESSAGE][PASSED] - Switched to window with index: '0'

2021-01-22 10:58:02 - [MESSAGE][PASSED] - Click button "Search"

2021-01-22 10:58:02 - [TEST_STEP][PASSED] - Verify Search Result Presents: Verify Search Result Presents

2021-01-22 10:58:06 - [MESSAGE][INFO] - Unable to find the element located by 'By.xpath: //td[@style='display:none' and contains(text(),'-Empty-')]'. Please recheck the objects properties to make sure the desired element is located. 

2021-01-22 10:58:07 - [MESSAGE][WARNING] - com.kms.katalon.core.webui.exception.WebElementNotFoundException: Web element with id: '' located by '//td[@style='display:none' and contains(text(),'-Empty-')]' not found (Root cause: com.kms.katalon.core.exception.StepFailedException: com.kms.katalon.core.webui.exception.WebElementNotFoundException: Web element with id: '' located by '//td[@style='display:none' and contains(text(),'-Empty-')]' not found
	at com.kms.katalon.core.webui.keyword.internal.WebUIKeywordMain.stepFailed(WebUIKeywordMain.groovy:64)
	at com.kms.katalon.core.webui.keyword.builtin.VerifyElementPresentKeyword$_verifyElementPresent_closure1.doCall(VerifyElementPresentKeyword.groovy:85)
	at com.kms.katalon.core.webui.keyword.builtin.VerifyElementPresentKeyword$_verifyElementPresent_closure1.call(VerifyElementPresentKeyword.groovy)
	at com.kms.katalon.core.webui.keyword.internal.WebUIKeywordMain.runKeyword(WebUIKeywordMain.groovy:20)
	at com.kms.katalon.core.webui.keyword.builtin.VerifyElementPresentKeyword.verifyElementPresent(VerifyElementPresentKeyword.groovy:92)
	at com.kms.katalon.core.webui.keyword.builtin.VerifyElementPresentKeyword.execute(VerifyElementPresentKeyword.groovy:68)
	at com.kms.katalon.core.keyword.internal.KeywordExecutor.executeKeywordForPlatform(KeywordExecutor.groovy:73)
	at com.kms.katalon.core.webui.keyword.WebUiBuiltInKeywords.verifyElementPresent(WebUiBuiltInKeywords.groovy:1444)
	at com.kms.katalon.core.webui.keyword.WebUiBuiltInKeywords$verifyElementPresent$11.call(Unknown Source)
	at ist_real.Contract_Dispatcher.VerifyTblFilled(Contract_Dispatcher.groovy:1313)
	at ist_real.Contract_Dispatcher$VerifyTblFilled$0.call(Unknown Source)
	at RTD.Search_Result_Presents(RTD.groovy:191)
	at cucumber.runtime.Utils$1.call(Utils.java:26)
	at cucumber.runtime.Timeout.timeout(Timeout.java:16)
	at cucumber.runtime.Utils.invoke(Utils.java:20)
	at cucumber.runtime.java.JavaStepDefinition.execute(JavaStepDefinition.java:48)
	at cucumber.runtime.PickleStepDefinitionMatch.runStep(PickleStepDefinitionMatch.java:50)
	at cucumber.runner.TestStep.executeStep(TestStep.java:55)
	at cucumber.runner.TestStep.run(TestStep.java:42)
	at cucumber.runner.PickleStepTestStep.run(PickleStepTestStep.java:53)
	at cucumber.runner.TestCase.run(TestCase.java:47)
	at cucumber.runner.Runner.runPickle(Runner.java:44)
	at cucumber.runtime.Runtime.runFeature(Runtime.java:120)
	at cucumber.runtime.Runtime.run(Runtime.java:106)
	at cucumber.api.cli.Main.run(Main.java:35)
	at cucumber.api.cli.Main$run.call(Unknown Source)
	at com.kms.katalon.core.cucumber.keyword.CucumberBuiltinKeywords$_runFeatureFile_closure1.doCall(CucumberBuiltinKeywords.groovy:76)
	at com.kms.katalon.core.cucumber.keyword.CucumberBuiltinKeywords$_runFeatureFile_closure1.doCall(CucumberBuiltinKeywords.groovy)
	at com.kms.katalon.core.keyword.internal.KeywordMain.runKeyword(KeywordMain.groovy:68)
	at com.kms.katalon.core.keyword.internal.KeywordMain$runKeyword.call(Unknown Source)
	at com.kms.katalon.core.cucumber.keyword.CucumberBuiltinKeywords.runFeatureFile(CucumberBuiltinKeywords.groovy:46)
	at com.kms.katalon.core.cucumber.keyword.CucumberBuiltinKeywords$runFeatureFile$0.callStatic(Unknown Source)
	at com.kms.katalon.core.cucumber.keyword.CucumberBuiltinKeywords.runFeatureFile(CucumberBuiltinKeywords.groovy:169)
	at com.kms.katalon.core.cucumber.keyword.CucumberBuiltinKeywords$runFeatureFile.call(Unknown Source)
	at TC_Search_by_Status.run(TC_Search_by_Status:18)
	at com.kms.katalon.core.main.ScriptEngine.run(ScriptEngine.java:194)
	at com.kms.katalon.core.main.ScriptEngine.runScriptAsRawText(ScriptEngine.java:119)
	at com.kms.katalon.core.main.TestCaseExecutor.runScript(TestCaseExecutor.java:339)
	at com.kms.katalon.core.main.TestCaseExecutor.doExecute(TestCaseExecutor.java:330)
	at com.kms.katalon.core.main.TestCaseExecutor.processExecutionPhase(TestCaseExecutor.java:309)
	at com.kms.katalon.core.main.TestCaseExecutor.accessMainPhase(TestCaseExecutor.java:301)
	at com.kms.katalon.core.main.TestCaseExecutor.execute(TestCaseExecutor.java:235)
	at com.kms.katalon.core.main.TestSuiteExecutor.accessTestCaseMainPhase(TestSuiteExecutor.java:191)
	at com.kms.katalon.core.main.TestSuiteExecutor.accessTestSuiteMainPhase(TestSuiteExecutor.java:141)
	at com.kms.katalon.core.main.TestSuiteExecutor.execute(TestSuiteExecutor.java:90)
	at com.kms.katalon.core.main.TestCaseMain.startTestSuite(TestCaseMain.java:157)
	at com.kms.katalon.core.main.TestCaseMain$startTestSuite$0.call(Unknown Source)
	at TempTestSuite1611286946445.run(TempTestSuite1611286946445.groovy:39)
)
[[ATTACHMENT|/Users/chaidir.pratama01/Katalon Studio/IST_Automation_Git/Reports/20210122_104222/RTD/TS_Dashboard_for_BO_In_Payment/20210122_104226/1611287886689.png]]

2021-01-22 10:58:07 - [MESSAGE][PASSED] - Verify Search Result Presents

2021-01-22 10:58:07 - [TEST_STEP][PASSED] - Click button "Logout": Click button "Logout"

2021-01-22 10:58:07 - [MESSAGE][INFO] - >>>>>//Button[contains(text(),'Logout')]

2021-01-22 10:58:10 - [MESSAGE][PASSED] - Object '' is present

2021-01-22 10:58:10 - [MESSAGE][PASSED] - Object: '' is clicked on

2021-01-22 10:58:10 - [MESSAGE][PASSED] - Switched to window with index: '0'

2021-01-22 10:58:10 - [MESSAGE][PASSED] - Click button "Logout"

2021-01-22 10:58:10 - [TEST_STEP][PASSED] - Close browser: Close browser

2021-01-22 10:58:10 - [MESSAGE][PASSED] - Browser is closed

2021-01-22 10:58:10 - [MESSAGE][PASSED] - Close browser

2021-01-22 10:58:10 - [TEST_CASE][PASSED] - Start Test Case : SCENARIO Search by STATUS Manual Disbursement: SCENARIO Search by STATUS Manual Disbursement

2021-01-22 10:58:10 - [TEST_STEP][PASSED] - Go to ISTools: Go to ISTools

2021-01-22 10:58:10 - [MESSAGE][INFO] - Starting 'Chrome (headless)' driver

2021-01-22 10:58:10 - [MESSAGE][INFO] - User set preference: ['args', '[--start-maximized, --disable-gpu, --no-proxy-server, –-no-sandbox, --allow-running-insecure-content, --ignore-certificate-errors, window-size=1680,814, force-device-scale-factor=2, --lang=en-GB]']

2021-01-22 10:58:10 - [MESSAGE][INFO] - User set preference: ['prefs', '{download.default_directory=/Users/chaidir.pratama01/Katalon Studio/IST_Automation_Git/Download}']

2021-01-22 10:58:10 - [MESSAGE][INFO] - Action delay is set to 0 milliseconds

2021-01-22 10:58:11 - [MESSAGE][PASSED] - Browser is opened with url: ''

2021-01-22 10:58:12 - [MESSAGE][PASSED] - Navigate to 'https://dev-istools.homecredit.id/foundation/' successfully

2021-01-22 10:58:12 - [MESSAGE][PASSED] - Go to ISTools

2021-01-22 10:58:12 - [TEST_STEP][PASSED] - Login IST with valid credentials: Login IST with valid credentials

2021-01-22 10:58:12 - [MESSAGE][PASSED] - Text 'mobile.test' is set on object 'Object Repository/Page_/input_Username_j_username'

2021-01-22 10:58:12 - [MESSAGE][PASSED] - Text ****** has been set on object 'Object Repository/Page_/input_Password_j_password'

2021-01-22 10:58:13 - [MESSAGE][PASSED] - Object: 'Object Repository/Page_/button_Login' is clicked on

2021-01-22 10:58:13 - [MESSAGE][PASSED] - Login IST with valid credentials

2021-01-22 10:58:13 - [TEST_STEP][PASSED] - Login Success: Login Success

2021-01-22 10:58:13 - [MESSAGE][INFO] - Login Success

2021-01-22 10:58:13 - [MESSAGE][PASSED] - Current window maximized

2021-01-22 10:58:13 - [MESSAGE][PASSED] - Object 'Object Repository/Page_/h1_Welcome to IT Supporting Tools' is present

2021-01-22 10:58:13 - [MESSAGE][PASSED] - Login Success

2021-01-22 10:58:13 - [TEST_STEP][PASSED] - Select Arrow Menu "Real Time Disbursement": Select Arrow Menu "Real Time Disbursement"

2021-01-22 10:58:13 - [MESSAGE][PASSED] - Object: '' is clicked on

2021-01-22 10:58:13 - [MESSAGE][PASSED] - Select Arrow Menu "Real Time Disbursement"

2021-01-22 10:58:13 - [TEST_STEP][PASSED] - Select Menu "Dashboard for BO In Payment": Select Menu "Dashboard for BO In Payment"

2021-01-22 10:58:13 - [MESSAGE][PASSED] - Taking screenshot successfully
[[ATTACHMENT|/Users/chaidir.pratama01/Documents/Docs/Katalon Studio/Screenshot/test-Dashboard for BO In Payment.png]]

2021-01-22 10:58:13 - [MESSAGE][PASSED] - Object '' is present

2021-01-22 10:58:13 - [MESSAGE][PASSED] - Object: '' is clicked on

2021-01-22 10:58:13 - [MESSAGE][PASSED] - Wait for page load successfully

2021-01-22 10:58:13 - [MESSAGE][PASSED] - Select Menu "Dashboard for BO In Payment"

2021-01-22 10:58:13 - [TEST_STEP][PASSED] - Select STATUS "Manual Disbursement": Select STATUS "Manual Disbursement"

2021-01-22 10:58:14 - [MESSAGE][PASSED] - All options with value 'Manual Disbursement' are selected in object ''  using regular expression

2021-01-22 10:58:14 - [MESSAGE][PASSED] - Select STATUS "Manual Disbursement"

2021-01-22 10:58:14 - [TEST_STEP][PASSED] - Click button "Search": Click button "Search"

2021-01-22 10:58:14 - [MESSAGE][INFO] - >>>>>//Button[contains(text(),'Search')]

2021-01-22 10:58:17 - [MESSAGE][PASSED] - Object '' is present

2021-01-22 10:58:17 - [MESSAGE][PASSED] - Object: '' is clicked on

2021-01-22 10:58:17 - [MESSAGE][PASSED] - Switched to window with index: '0'

2021-01-22 10:58:17 - [MESSAGE][PASSED] - Click button "Search"

2021-01-22 10:58:17 - [TEST_STEP][PASSED] - Verify Search Result Presents: Verify Search Result Presents

2021-01-22 10:58:17 - [MESSAGE][PASSED] - Object '' is present

2021-01-22 10:58:24 - [MESSAGE][PASSED] - Verify Search Result Presents

2021-01-22 10:58:24 - [TEST_STEP][PASSED] - Click button "Logout": Click button "Logout"

2021-01-22 10:58:24 - [MESSAGE][INFO] - >>>>>//Button[contains(text(),'Logout')]

2021-01-22 10:58:27 - [MESSAGE][PASSED] - Object '' is present

2021-01-22 10:58:27 - [MESSAGE][PASSED] - Object: '' is clicked on

2021-01-22 10:58:27 - [MESSAGE][PASSED] - Switched to window with index: '0'

2021-01-22 10:58:27 - [MESSAGE][PASSED] - Click button "Logout"

2021-01-22 10:58:27 - [TEST_STEP][PASSED] - Close browser: Close browser

2021-01-22 10:58:27 - [MESSAGE][PASSED] - Browser is closed

2021-01-22 10:58:27 - [MESSAGE][PASSED] - Close browser

2021-01-22 10:58:27 - [TEST_CASE][PASSED] - Start Test Case : SCENARIO Search by STATUS DONE: SCENARIO Search by STATUS DONE

2021-01-22 10:58:27 - [TEST_STEP][PASSED] - Go to ISTools: Go to ISTools

2021-01-22 10:58:27 - [MESSAGE][INFO] - Starting 'Chrome (headless)' driver

2021-01-22 10:58:27 - [MESSAGE][INFO] - User set preference: ['args', '[--start-maximized, --disable-gpu, --no-proxy-server, –-no-sandbox, --allow-running-insecure-content, --ignore-certificate-errors, window-size=1680,814, force-device-scale-factor=2, --lang=en-GB]']

2021-01-22 10:58:27 - [MESSAGE][INFO] - User set preference: ['prefs', '{download.default_directory=/Users/chaidir.pratama01/Katalon Studio/IST_Automation_Git/Download}']

2021-01-22 10:58:27 - [MESSAGE][INFO] - Action delay is set to 0 milliseconds

2021-01-22 10:58:27 - [MESSAGE][PASSED] - Browser is opened with url: ''

2021-01-22 10:58:28 - [MESSAGE][PASSED] - Navigate to 'https://dev-istools.homecredit.id/foundation/' successfully

2021-01-22 10:58:28 - [MESSAGE][PASSED] - Go to ISTools

2021-01-22 10:58:28 - [TEST_STEP][PASSED] - Login IST with valid credentials: Login IST with valid credentials

2021-01-22 10:58:28 - [MESSAGE][PASSED] - Text 'mobile.test' is set on object 'Object Repository/Page_/input_Username_j_username'

2021-01-22 10:58:28 - [MESSAGE][PASSED] - Text ****** has been set on object 'Object Repository/Page_/input_Password_j_password'

2021-01-22 10:58:29 - [MESSAGE][PASSED] - Object: 'Object Repository/Page_/button_Login' is clicked on

2021-01-22 10:58:29 - [MESSAGE][PASSED] - Login IST with valid credentials

2021-01-22 10:58:29 - [TEST_STEP][PASSED] - Login Success: Login Success

2021-01-22 10:58:29 - [MESSAGE][INFO] - Login Success

2021-01-22 10:58:29 - [MESSAGE][PASSED] - Current window maximized

2021-01-22 10:58:29 - [MESSAGE][PASSED] - Object 'Object Repository/Page_/h1_Welcome to IT Supporting Tools' is present

2021-01-22 10:58:29 - [MESSAGE][PASSED] - Login Success

2021-01-22 10:58:29 - [TEST_STEP][PASSED] - Select Arrow Menu "Real Time Disbursement": Select Arrow Menu "Real Time Disbursement"

2021-01-22 10:58:29 - [MESSAGE][PASSED] - Object: '' is clicked on

2021-01-22 10:58:29 - [MESSAGE][PASSED] - Select Arrow Menu "Real Time Disbursement"

2021-01-22 10:58:29 - [TEST_STEP][PASSED] - Select Menu "Dashboard for BO In Payment": Select Menu "Dashboard for BO In Payment"

2021-01-22 10:58:30 - [MESSAGE][PASSED] - Taking screenshot successfully
[[ATTACHMENT|/Users/chaidir.pratama01/Documents/Docs/Katalon Studio/Screenshot/test-Dashboard for BO In Payment.png]]

2021-01-22 10:58:30 - [MESSAGE][PASSED] - Object '' is present

2021-01-22 10:58:30 - [MESSAGE][PASSED] - Object: '' is clicked on

2021-01-22 10:58:30 - [MESSAGE][PASSED] - Wait for page load successfully

2021-01-22 10:58:30 - [MESSAGE][PASSED] - Select Menu "Dashboard for BO In Payment"

2021-01-22 10:58:30 - [TEST_STEP][PASSED] - Select STATUS "DONE": Select STATUS "DONE"

2021-01-22 10:58:30 - [MESSAGE][PASSED] - All options with value 'DONE' are selected in object ''  using regular expression

2021-01-22 10:58:30 - [MESSAGE][PASSED] - Select STATUS "DONE"

2021-01-22 10:58:30 - [TEST_STEP][PASSED] - Click button "Search": Click button "Search"

2021-01-22 10:58:30 - [MESSAGE][INFO] - >>>>>//Button[contains(text(),'Search')]

2021-01-22 10:58:33 - [MESSAGE][PASSED] - Object '' is present

2021-01-22 10:58:33 - [MESSAGE][PASSED] - Object: '' is clicked on

2021-01-22 10:58:33 - [MESSAGE][PASSED] - Switched to window with index: '0'

2021-01-22 10:58:33 - [MESSAGE][PASSED] - Click button "Search"

2021-01-22 10:58:33 - [TEST_STEP][PASSED] - Verify Search Result Presents: Verify Search Result Presents

2021-01-22 10:58:33 - [MESSAGE][PASSED] - Object '' is present

2021-01-22 10:58:40 - [MESSAGE][PASSED] - Verify Search Result Presents

2021-01-22 10:58:40 - [TEST_STEP][PASSED] - Click button "Logout": Click button "Logout"

2021-01-22 10:58:40 - [MESSAGE][INFO] - >>>>>//Button[contains(text(),'Logout')]

2021-01-22 10:58:43 - [MESSAGE][PASSED] - Object '' is present

2021-01-22 10:58:43 - [MESSAGE][PASSED] - Object: '' is clicked on

2021-01-22 10:58:43 - [MESSAGE][PASSED] - Switched to window with index: '0'

2021-01-22 10:58:43 - [MESSAGE][PASSED] - Click button "Logout"

2021-01-22 10:58:43 - [TEST_STEP][PASSED] - Close browser: Close browser

2021-01-22 10:58:43 - [MESSAGE][PASSED] - Browser is closed

2021-01-22 10:58:43 - [MESSAGE][PASSED] - Close browser

2021-01-22 10:58:43 - [TEST_CASE][PASSED] - Start Test Case : SCENARIO Search by STATUS Success to Disburse: SCENARIO Search by STATUS Success to Disburse

2021-01-22 10:58:43 - [TEST_STEP][PASSED] - Go to ISTools: Go to ISTools

2021-01-22 10:58:43 - [MESSAGE][INFO] - Starting 'Chrome (headless)' driver

2021-01-22 10:58:43 - [MESSAGE][INFO] - User set preference: ['args', '[--start-maximized, --disable-gpu, --no-proxy-server, –-no-sandbox, --allow-running-insecure-content, --ignore-certificate-errors, window-size=1680,814, force-device-scale-factor=2, --lang=en-GB]']

2021-01-22 10:58:43 - [MESSAGE][INFO] - User set preference: ['prefs', '{download.default_directory=/Users/chaidir.pratama01/Katalon Studio/IST_Automation_Git/Download}']

2021-01-22 10:58:43 - [MESSAGE][INFO] - Action delay is set to 0 milliseconds

2021-01-22 10:58:44 - [MESSAGE][PASSED] - Browser is opened with url: ''

2021-01-22 10:58:44 - [MESSAGE][PASSED] - Navigate to 'https://dev-istools.homecredit.id/foundation/' successfully

2021-01-22 10:58:44 - [MESSAGE][PASSED] - Go to ISTools

2021-01-22 10:58:44 - [TEST_STEP][PASSED] - Login IST with valid credentials: Login IST with valid credentials

2021-01-22 10:58:45 - [MESSAGE][PASSED] - Text 'mobile.test' is set on object 'Object Repository/Page_/input_Username_j_username'

2021-01-22 10:58:45 - [MESSAGE][PASSED] - Text ****** has been set on object 'Object Repository/Page_/input_Password_j_password'

2021-01-22 10:58:45 - [MESSAGE][PASSED] - Object: 'Object Repository/Page_/button_Login' is clicked on

2021-01-22 10:58:45 - [MESSAGE][PASSED] - Login IST with valid credentials

2021-01-22 10:58:45 - [TEST_STEP][PASSED] - Login Success: Login Success

2021-01-22 10:58:45 - [MESSAGE][INFO] - Login Success

2021-01-22 10:58:45 - [MESSAGE][PASSED] - Current window maximized

2021-01-22 10:58:45 - [MESSAGE][PASSED] - Object 'Object Repository/Page_/h1_Welcome to IT Supporting Tools' is present

2021-01-22 10:58:45 - [MESSAGE][PASSED] - Login Success

2021-01-22 10:58:45 - [TEST_STEP][PASSED] - Select Arrow Menu "Real Time Disbursement": Select Arrow Menu "Real Time Disbursement"

2021-01-22 10:58:45 - [MESSAGE][PASSED] - Object: '' is clicked on

2021-01-22 10:58:45 - [MESSAGE][PASSED] - Select Arrow Menu "Real Time Disbursement"

2021-01-22 10:58:45 - [TEST_STEP][PASSED] - Select Menu "Dashboard for BO In Payment": Select Menu "Dashboard for BO In Payment"

2021-01-22 10:58:46 - [MESSAGE][PASSED] - Taking screenshot successfully
[[ATTACHMENT|/Users/chaidir.pratama01/Documents/Docs/Katalon Studio/Screenshot/test-Dashboard for BO In Payment.png]]

2021-01-22 10:58:46 - [MESSAGE][PASSED] - Object '' is present

2021-01-22 10:58:46 - [MESSAGE][PASSED] - Object: '' is clicked on

2021-01-22 10:58:46 - [MESSAGE][PASSED] - Wait for page load successfully

2021-01-22 10:58:46 - [MESSAGE][PASSED] - Select Menu "Dashboard for BO In Payment"

2021-01-22 10:58:46 - [TEST_STEP][PASSED] - Select STATUS "Success to Disburse": Select STATUS "Success to Disburse"

2021-01-22 10:58:46 - [MESSAGE][PASSED] - All options with value 'Success to Disburse' are selected in object ''  using regular expression

2021-01-22 10:58:46 - [MESSAGE][PASSED] - Select STATUS "Success to Disburse"

2021-01-22 10:58:46 - [TEST_STEP][PASSED] - Click button "Search": Click button "Search"

2021-01-22 10:58:46 - [MESSAGE][INFO] - >>>>>//Button[contains(text(),'Search')]

2021-01-22 10:58:49 - [MESSAGE][PASSED] - Object '' is present

2021-01-22 10:58:49 - [MESSAGE][PASSED] - Object: '' is clicked on

2021-01-22 10:58:49 - [MESSAGE][PASSED] - Switched to window with index: '0'

2021-01-22 10:58:49 - [MESSAGE][PASSED] - Click button "Search"

2021-01-22 10:58:49 - [TEST_STEP][PASSED] - Verify Search Result Presents: Verify Search Result Presents

2021-01-22 10:58:50 - [MESSAGE][PASSED] - Object '' is present

2021-01-22 10:58:50 - [MESSAGE][PASSED] - Verify Search Result Presents

2021-01-22 10:58:50 - [TEST_STEP][PASSED] - Click button "Logout": Click button "Logout"

2021-01-22 10:58:50 - [MESSAGE][INFO] - >>>>>//Button[contains(text(),'Logout')]

2021-01-22 10:58:53 - [MESSAGE][PASSED] - Object '' is present

2021-01-22 10:58:53 - [MESSAGE][PASSED] - Object: '' is clicked on

2021-01-22 10:58:53 - [MESSAGE][PASSED] - Switched to window with index: '0'

2021-01-22 10:58:53 - [MESSAGE][PASSED] - Click button "Logout"

2021-01-22 10:58:53 - [TEST_STEP][PASSED] - Close browser: Close browser

2021-01-22 10:58:53 - [MESSAGE][PASSED] - Browser is closed

2021-01-22 10:58:53 - [MESSAGE][PASSED] - Close browser

2021-01-22 10:58:53 - [MESSAGE][PASSED] - Feature file: 'Include/features/IST_Real/RTD/Dashboard_for_BO_In_Payment/Search_by_Status.feature' was passed]]></system-out>
         <system-err><![CDATA[]]></system-err>
      </testcase>
      <testcase name="Test Cases/RTD/Dashboard for BO in Payment/TC_View_Detail" time="41.102" classname="Test Cases/RTD/Dashboard for BO in Payment/TC_View_Detail" status="PASSED">
         <system-out><![CDATA[2021-01-22 10:58:53 - [TEST_CASE][PASSED] - Test Cases/RTD/Dashboard for BO in Payment/TC_View_Detail: Test Cases/RTD/Dashboard for BO in Payment/TC_View_Detail

2021-01-22 10:58:53 - [TEST_STEP][PASSED] - runFeatureFile("Include/features/IST_Real/RTD/Dashboard_for_BO_In_Payment/View_Detail.feature"): Feature file: 'Include/features/IST_Real/RTD/Dashboard_for_BO_In_Payment/View_Detail.feature' was passed

2021-01-22 10:58:53 - [MESSAGE][INFO] - Starting run keyword runFeatureFile: 'Include/features/IST_Real/RTD/Dashboard_for_BO_In_Payment/View_Detail.feature' and extract report to folder: '/Users/chaidir.pratama01/Katalon Studio/IST_Automation_Git/Reports/20210122_104222/RTD/TS_Dashboard_for_BO_In_Payment/20210122_104226/cucumber_report/1611287933954'...

2021-01-22 10:58:54 - [TEST_CASE][PASSED] - Start Test Case : SCENARIO Search by STATUS Success to Disburse and then View Detail of it: SCENARIO Search by STATUS Success to Disburse and then View Detail of it

2021-01-22 10:58:54 - [TEST_STEP][PASSED] - Go to ISTools: Go to ISTools

2021-01-22 10:58:54 - [MESSAGE][INFO] - Starting 'Chrome (headless)' driver

2021-01-22 10:58:54 - [MESSAGE][INFO] - User set preference: ['args', '[--start-maximized, --disable-gpu, --no-proxy-server, –-no-sandbox, --allow-running-insecure-content, --ignore-certificate-errors, window-size=1680,814, force-device-scale-factor=2, --lang=en-GB]']

2021-01-22 10:58:54 - [MESSAGE][INFO] - User set preference: ['prefs', '{download.default_directory=/Users/chaidir.pratama01/Katalon Studio/IST_Automation_Git/Download}']

2021-01-22 10:58:54 - [MESSAGE][INFO] - Action delay is set to 0 milliseconds

2021-01-22 10:58:54 - [MESSAGE][PASSED] - Browser is opened with url: ''

2021-01-22 10:58:55 - [MESSAGE][PASSED] - Navigate to 'https://dev-istools.homecredit.id/foundation/' successfully

2021-01-22 10:58:55 - [MESSAGE][PASSED] - Go to ISTools

2021-01-22 10:58:55 - [TEST_STEP][PASSED] - Login IST with valid credentials: Login IST with valid credentials

2021-01-22 10:58:55 - [MESSAGE][PASSED] - Text 'mobile.test' is set on object 'Object Repository/Page_/input_Username_j_username'

2021-01-22 10:58:55 - [MESSAGE][PASSED] - Text ****** has been set on object 'Object Repository/Page_/input_Password_j_password'

2021-01-22 10:58:55 - [MESSAGE][PASSED] - Object: 'Object Repository/Page_/button_Login' is clicked on

2021-01-22 10:58:55 - [MESSAGE][PASSED] - Login IST with valid credentials

2021-01-22 10:58:55 - [TEST_STEP][PASSED] - Login Success: Login Success

2021-01-22 10:58:55 - [MESSAGE][INFO] - Login Success

2021-01-22 10:58:55 - [MESSAGE][PASSED] - Current window maximized

2021-01-22 10:58:55 - [MESSAGE][PASSED] - Object 'Object Repository/Page_/h1_Welcome to IT Supporting Tools' is present

2021-01-22 10:58:55 - [MESSAGE][PASSED] - Login Success

2021-01-22 10:58:55 - [TEST_STEP][PASSED] - Select Arrow Menu "Real Time Disbursement": Select Arrow Menu "Real Time Disbursement"

2021-01-22 10:58:56 - [MESSAGE][PASSED] - Object: '' is clicked on

2021-01-22 10:58:56 - [MESSAGE][PASSED] - Select Arrow Menu "Real Time Disbursement"

2021-01-22 10:58:56 - [TEST_STEP][PASSED] - Select Menu "Dashboard for BO In Payment": Select Menu "Dashboard for BO In Payment"

2021-01-22 10:58:56 - [MESSAGE][PASSED] - Taking screenshot successfully
[[ATTACHMENT|/Users/chaidir.pratama01/Documents/Docs/Katalon Studio/Screenshot/test-Dashboard for BO In Payment.png]]

2021-01-22 10:58:56 - [MESSAGE][PASSED] - Object '' is present

2021-01-22 10:58:56 - [MESSAGE][PASSED] - Object: '' is clicked on

2021-01-22 10:58:56 - [MESSAGE][PASSED] - Wait for page load successfully

2021-01-22 10:58:56 - [MESSAGE][PASSED] - Select Menu "Dashboard for BO In Payment"

2021-01-22 10:58:56 - [TEST_STEP][PASSED] - Select STATUS "Success to Disburse": Select STATUS "Success to Disburse"

2021-01-22 10:58:57 - [MESSAGE][PASSED] - All options with value 'Success to Disburse' are selected in object ''  using regular expression

2021-01-22 10:58:57 - [MESSAGE][PASSED] - Select STATUS "Success to Disburse"

2021-01-22 10:58:57 - [TEST_STEP][PASSED] - Click button "Search": Click button "Search"

2021-01-22 10:58:57 - [MESSAGE][INFO] - >>>>>//Button[contains(text(),'Search')]

2021-01-22 10:59:00 - [MESSAGE][PASSED] - Object '' is present

2021-01-22 10:59:00 - [MESSAGE][PASSED] - Object: '' is clicked on

2021-01-22 10:59:00 - [MESSAGE][PASSED] - Switched to window with index: '0'

2021-01-22 10:59:00 - [MESSAGE][PASSED] - Click button "Search"

2021-01-22 10:59:00 - [TEST_STEP][PASSED] - Verify Search Result Presents: Verify Search Result Presents

2021-01-22 10:59:00 - [MESSAGE][PASSED] - Object '' is present

2021-01-22 10:59:00 - [MESSAGE][PASSED] - Verify Search Result Presents

2021-01-22 10:59:00 - [TEST_STEP][PASSED] - Click View Detail: Click View Detail

2021-01-22 10:59:00 - [MESSAGE][PASSED] - Object '' is present

2021-01-22 10:59:00 - [MESSAGE][PASSED] - Object: '' is clicked on

2021-01-22 10:59:00 - [MESSAGE][PASSED] - Click View Detail

2021-01-22 10:59:00 - [TEST_STEP][PASSED] - Verify Information in View Detail: Verify Information in View Detail

2021-01-22 10:59:03 - [MESSAGE][PASSED] - Delayed 3 second(s)

2021-01-22 10:59:03 - [MESSAGE][PASSED] - Attribute 'value' of object '' is: '3900014152'

2021-01-22 10:59:06 - [MESSAGE][PASSED] - Delayed 3 second(s)

2021-01-22 10:59:06 - [MESSAGE][PASSED] - Attribute 'value' of object '' is: 'IDITXLeks TESTERbIvIvO'

2021-01-22 10:59:09 - [MESSAGE][PASSED] - Delayed 3 second(s)

2021-01-22 10:59:09 - [MESSAGE][PASSED] - Attribute 'value' of object '' is: 'Success to Disburse'

2021-01-22 10:59:12 - [MESSAGE][PASSED] - Delayed 3 second(s)

2021-01-22 10:59:13 - [MESSAGE][PASSED] - Attribute 'value' of object '' is: 'Rp 7,000,000'

2021-01-22 10:59:16 - [MESSAGE][PASSED] - Delayed 3 second(s)

2021-01-22 10:59:16 - [MESSAGE][PASSED] - Attribute 'value' of object '' is: 'KESEJAHTERAAN EKONOMI'

2021-01-22 10:59:19 - [MESSAGE][PASSED] - Delayed 3 second(s)

2021-01-22 10:59:19 - [MESSAGE][PASSED] - Attribute 'value' of object '' is: '1'

2021-01-22 10:59:22 - [MESSAGE][PASSED] - Delayed 3 second(s)

2021-01-22 10:59:22 - [MESSAGE][PASSED] - Attribute 'value' of object '' is: 'NAMA ADA DISINI'

2021-01-22 10:59:25 - [MESSAGE][PASSED] - Delayed 3 second(s)

2021-01-22 10:59:25 - [MESSAGE][PASSED] - Attribute 'value' of object '' is: 'KESEJAHTERAAN EKONOMI'

2021-01-22 10:59:28 - [MESSAGE][PASSED] - Delayed 3 second(s)

2021-01-22 10:59:28 - [MESSAGE][PASSED] - Attribute 'value' of object '' is: ''

2021-01-22 10:59:31 - [MESSAGE][PASSED] - Delayed 3 second(s)

2021-01-22 10:59:31 - [MESSAGE][PASSED] - Attribute 'value' of object '' is: ''

2021-01-22 10:59:31 - [MESSAGE][PASSED] - Text of object '' is: 'Date'

2021-01-22 10:59:31 - [MESSAGE][PASSED] - Text of object '' is: 'Status'

2021-01-22 10:59:31 - [MESSAGE][PASSED] - Text of object '' is: 'Updated Information'

2021-01-22 10:59:31 - [MESSAGE][PASSED] - Text of object '' is: 'Last Update By'

2021-01-22 10:59:31 - [MESSAGE][PASSED] - Text of object '' is: 'Department'

2021-01-22 10:59:31 - [MESSAGE][PASSED] - Verify Information in View Detail

2021-01-22 10:59:31 - [TEST_STEP][PASSED] - Click button "Logout": Click button "Logout"

2021-01-22 10:59:31 - [MESSAGE][INFO] - >>>>>//Button[contains(text(),'Logout')]

2021-01-22 10:59:34 - [MESSAGE][PASSED] - Object '' is present

2021-01-22 10:59:34 - [MESSAGE][PASSED] - Object: '' is clicked on

2021-01-22 10:59:34 - [MESSAGE][PASSED] - Switched to window with index: '0'

2021-01-22 10:59:34 - [MESSAGE][PASSED] - Click button "Logout"

2021-01-22 10:59:34 - [TEST_STEP][PASSED] - Close browser: Close browser

2021-01-22 10:59:34 - [MESSAGE][PASSED] - Browser is closed

2021-01-22 10:59:34 - [MESSAGE][PASSED] - Close browser

2021-01-22 10:59:34 - [MESSAGE][PASSED] - Feature file: 'Include/features/IST_Real/RTD/Dashboard_for_BO_In_Payment/View_Detail.feature' was passed]]></system-out>
         <system-err><![CDATA[]]></system-err>
      </testcase>
      <testcase name="Test Cases/RTD/Dashboard for BO in Payment/TC_Export_Data" time="10.526" classname="Test Cases/RTD/Dashboard for BO in Payment/TC_Export_Data" status="PASSED">
         <system-out><![CDATA[2021-01-22 10:59:34 - [TEST_CASE][PASSED] - Test Cases/RTD/Dashboard for BO in Payment/TC_Export_Data: Test Cases/RTD/Dashboard for BO in Payment/TC_Export_Data

2021-01-22 10:59:35 - [TEST_STEP][PASSED] - runFeatureFile("Include/features/IST_Real/RTD/Dashboard_for_BO_In_Payment/Export_Data.feature"): Feature file: 'Include/features/IST_Real/RTD/Dashboard_for_BO_In_Payment/Export_Data.feature' was passed

2021-01-22 10:59:35 - [MESSAGE][INFO] - Starting run keyword runFeatureFile: 'Include/features/IST_Real/RTD/Dashboard_for_BO_In_Payment/Export_Data.feature' and extract report to folder: '/Users/chaidir.pratama01/Katalon Studio/IST_Automation_Git/Reports/20210122_104222/RTD/TS_Dashboard_for_BO_In_Payment/20210122_104226/cucumber_report/1611287975049'...

2021-01-22 10:59:35 - [TEST_CASE][PASSED] - Start Test Case : SCENARIO Export Data: SCENARIO Export Data

2021-01-22 10:59:35 - [TEST_STEP][PASSED] - Go to ISTools: Go to ISTools

2021-01-22 10:59:35 - [MESSAGE][INFO] - Starting 'Chrome (headless)' driver

2021-01-22 10:59:35 - [MESSAGE][INFO] - User set preference: ['args', '[--start-maximized, --disable-gpu, --no-proxy-server, –-no-sandbox, --allow-running-insecure-content, --ignore-certificate-errors, window-size=1680,814, force-device-scale-factor=2, --lang=en-GB]']

2021-01-22 10:59:35 - [MESSAGE][INFO] - User set preference: ['prefs', '{download.default_directory=/Users/chaidir.pratama01/Katalon Studio/IST_Automation_Git/Download}']

2021-01-22 10:59:35 - [MESSAGE][INFO] - Action delay is set to 0 milliseconds

2021-01-22 10:59:35 - [MESSAGE][PASSED] - Browser is opened with url: ''

2021-01-22 10:59:36 - [MESSAGE][PASSED] - Navigate to 'https://dev-istools.homecredit.id/foundation/' successfully

2021-01-22 10:59:37 - [MESSAGE][PASSED] - Go to ISTools

2021-01-22 10:59:37 - [TEST_STEP][PASSED] - Login IST with valid credentials: Login IST with valid credentials

2021-01-22 10:59:37 - [MESSAGE][PASSED] - Text 'mobile.test' is set on object 'Object Repository/Page_/input_Username_j_username'

2021-01-22 10:59:37 - [MESSAGE][PASSED] - Text ****** has been set on object 'Object Repository/Page_/input_Password_j_password'

2021-01-22 10:59:37 - [MESSAGE][PASSED] - Object: 'Object Repository/Page_/button_Login' is clicked on

2021-01-22 10:59:37 - [MESSAGE][PASSED] - Login IST with valid credentials

2021-01-22 10:59:37 - [TEST_STEP][PASSED] - Login Success: Login Success

2021-01-22 10:59:37 - [MESSAGE][INFO] - Login Success

2021-01-22 10:59:37 - [MESSAGE][PASSED] - Current window maximized

2021-01-22 10:59:37 - [MESSAGE][PASSED] - Object 'Object Repository/Page_/h1_Welcome to IT Supporting Tools' is present

2021-01-22 10:59:37 - [MESSAGE][PASSED] - Login Success

2021-01-22 10:59:37 - [TEST_STEP][PASSED] - Select Arrow Menu "Real Time Disbursement": Select Arrow Menu "Real Time Disbursement"

2021-01-22 10:59:37 - [MESSAGE][PASSED] - Object: '' is clicked on

2021-01-22 10:59:37 - [MESSAGE][PASSED] - Select Arrow Menu "Real Time Disbursement"

2021-01-22 10:59:37 - [TEST_STEP][PASSED] - Select Menu "Dashboard for BO In Payment": Select Menu "Dashboard for BO In Payment"

2021-01-22 10:59:38 - [MESSAGE][PASSED] - Taking screenshot successfully
[[ATTACHMENT|/Users/chaidir.pratama01/Documents/Docs/Katalon Studio/Screenshot/test-Dashboard for BO In Payment.png]]

2021-01-22 10:59:38 - [MESSAGE][PASSED] - Object '' is present

2021-01-22 10:59:38 - [MESSAGE][PASSED] - Object: '' is clicked on

2021-01-22 10:59:38 - [MESSAGE][PASSED] - Wait for page load successfully

2021-01-22 10:59:38 - [MESSAGE][PASSED] - Select Menu "Dashboard for BO In Payment"

2021-01-22 10:59:38 - [TEST_STEP][PASSED] - Input Contract RTD in Contract Number label: Input Contract RTD in Contract Number label

2021-01-22 10:59:38 - [MESSAGE][PASSED] - Text '4000014162' is set on object ''

2021-01-22 10:59:38 - [MESSAGE][PASSED] - Input Contract RTD in Contract Number label

2021-01-22 10:59:38 - [TEST_STEP][PASSED] - Click button "Search": Click button "Search"

2021-01-22 10:59:38 - [MESSAGE][INFO] - >>>>>//Button[contains(text(),'Search')]

2021-01-22 10:59:41 - [MESSAGE][PASSED] - Object '' is present

2021-01-22 10:59:41 - [MESSAGE][PASSED] - Object: '' is clicked on

2021-01-22 10:59:41 - [MESSAGE][PASSED] - Switched to window with index: '0'

2021-01-22 10:59:41 - [MESSAGE][PASSED] - Click button "Search"

2021-01-22 10:59:41 - [TEST_STEP][PASSED] - Verify Table Filled: Verify Table Filled

2021-01-22 10:59:41 - [MESSAGE][PASSED] - Object '' is present

2021-01-22 10:59:41 - [MESSAGE][PASSED] - Verify Table Filled

2021-01-22 10:59:41 - [TEST_STEP][PASSED] - Click button "Export Data": Click button "Export Data"

2021-01-22 10:59:41 - [MESSAGE][INFO] - >>>>>//Button[contains(text(),'Export Data')]

2021-01-22 10:59:44 - [MESSAGE][PASSED] - Object: '' is clicked on

2021-01-22 10:59:45 - [MESSAGE][PASSED] - Taking screenshot successfully
[[ATTACHMENT|/Users/chaidir.pratama01/Documents/Docs/Katalon Studio/Screenshot/Download_data.png]]

2021-01-22 10:59:45 - [MESSAGE][PASSED] - Click button "Export Data"

2021-01-22 10:59:45 - [MESSAGE][PASSED] - Feature file: 'Include/features/IST_Real/RTD/Dashboard_for_BO_In_Payment/Export_Data.feature' was passed]]></system-out>
         <system-err><![CDATA[]]></system-err>
      </testcase>
      <testcase name="Test Cases/RTD/Dashboard for BO in Payment/TC_Generate_Outpayment" time="34.036" classname="Test Cases/RTD/Dashboard for BO in Payment/TC_Generate_Outpayment" status="PASSED">
         <system-out><![CDATA[2021-01-22 10:59:45 - [TEST_CASE][PASSED] - Test Cases/RTD/Dashboard for BO in Payment/TC_Generate_Outpayment: Test Cases/RTD/Dashboard for BO in Payment/TC_Generate_Outpayment

2021-01-22 10:59:45 - [TEST_STEP][PASSED] - runFeatureFile("Include/features/IST_Real/RTD/Dashboard_for_BO_In_Payment/Generate_Outpayment.feature"): Feature file: 'Include/features/IST_Real/RTD/Dashboard_for_BO_In_Payment/Generate_Outpayment.feature' was passed

2021-01-22 10:59:45 - [MESSAGE][INFO] - Starting run keyword runFeatureFile: 'Include/features/IST_Real/RTD/Dashboard_for_BO_In_Payment/Generate_Outpayment.feature' and extract report to folder: '/Users/chaidir.pratama01/Katalon Studio/IST_Automation_Git/Reports/20210122_104222/RTD/TS_Dashboard_for_BO_In_Payment/20210122_104226/cucumber_report/1611287985575'...

2021-01-22 10:59:45 - [TEST_CASE][PASSED] - Start Test Case : SCENARIO Genrate Outpayment without select checkbox: SCENARIO Genrate Outpayment without select checkbox

2021-01-22 10:59:45 - [TEST_STEP][PASSED] - Go to ISTools: Go to ISTools

2021-01-22 10:59:45 - [MESSAGE][WARNING] - A browser is already opened. Closing browser and opening a new one

2021-01-22 10:59:45 - [MESSAGE][INFO] - Starting 'Chrome (headless)' driver

2021-01-22 10:59:45 - [MESSAGE][INFO] - User set preference: ['args', '[--start-maximized, --disable-gpu, --no-proxy-server, –-no-sandbox, --allow-running-insecure-content, --ignore-certificate-errors, window-size=1680,814, force-device-scale-factor=2, --lang=en-GB]']

2021-01-22 10:59:45 - [MESSAGE][INFO] - User set preference: ['prefs', '{download.default_directory=/Users/chaidir.pratama01/Katalon Studio/IST_Automation_Git/Download}']

2021-01-22 10:59:45 - [MESSAGE][INFO] - Action delay is set to 0 milliseconds

2021-01-22 10:59:46 - [MESSAGE][PASSED] - Browser is opened with url: ''

2021-01-22 10:59:46 - [MESSAGE][PASSED] - Navigate to 'https://dev-istools.homecredit.id/foundation/' successfully

2021-01-22 10:59:46 - [MESSAGE][PASSED] - Go to ISTools

2021-01-22 10:59:46 - [TEST_STEP][PASSED] - Login IST with valid credentials: Login IST with valid credentials

2021-01-22 10:59:47 - [MESSAGE][PASSED] - Text 'mobile.test' is set on object 'Object Repository/Page_/input_Username_j_username'

2021-01-22 10:59:47 - [MESSAGE][PASSED] - Text ****** has been set on object 'Object Repository/Page_/input_Password_j_password'

2021-01-22 10:59:47 - [MESSAGE][PASSED] - Object: 'Object Repository/Page_/button_Login' is clicked on

2021-01-22 10:59:47 - [MESSAGE][PASSED] - Login IST with valid credentials

2021-01-22 10:59:47 - [TEST_STEP][PASSED] - Login Success: Login Success

2021-01-22 10:59:47 - [MESSAGE][INFO] - Login Success

2021-01-22 10:59:47 - [MESSAGE][PASSED] - Current window maximized

2021-01-22 10:59:47 - [MESSAGE][PASSED] - Object 'Object Repository/Page_/h1_Welcome to IT Supporting Tools' is present

2021-01-22 10:59:47 - [MESSAGE][PASSED] - Login Success

2021-01-22 10:59:47 - [TEST_STEP][PASSED] - Select Arrow Menu "Real Time Disbursement": Select Arrow Menu "Real Time Disbursement"

2021-01-22 10:59:47 - [MESSAGE][PASSED] - Object: '' is clicked on

2021-01-22 10:59:47 - [MESSAGE][PASSED] - Select Arrow Menu "Real Time Disbursement"

2021-01-22 10:59:47 - [TEST_STEP][PASSED] - Select Menu "Dashboard for BO In Payment": Select Menu "Dashboard for BO In Payment"

2021-01-22 10:59:48 - [MESSAGE][PASSED] - Taking screenshot successfully
[[ATTACHMENT|/Users/chaidir.pratama01/Documents/Docs/Katalon Studio/Screenshot/test-Dashboard for BO In Payment.png]]

2021-01-22 10:59:48 - [MESSAGE][PASSED] - Object '' is present

2021-01-22 10:59:48 - [MESSAGE][PASSED] - Object: '' is clicked on

2021-01-22 10:59:48 - [MESSAGE][PASSED] - Wait for page load successfully

2021-01-22 10:59:48 - [MESSAGE][PASSED] - Select Menu "Dashboard for BO In Payment"

2021-01-22 10:59:48 - [TEST_STEP][PASSED] - Select STATUS "Manual Disbursement": Select STATUS "Manual Disbursement"

2021-01-22 10:59:48 - [MESSAGE][PASSED] - All options with value 'Manual Disbursement' are selected in object ''  using regular expression

2021-01-22 10:59:48 - [MESSAGE][PASSED] - Select STATUS "Manual Disbursement"

2021-01-22 10:59:48 - [TEST_STEP][PASSED] - Click button "Search": Click button "Search"

2021-01-22 10:59:48 - [MESSAGE][INFO] - >>>>>//Button[contains(text(),'Search')]

2021-01-22 10:59:51 - [MESSAGE][PASSED] - Object '' is present

2021-01-22 10:59:51 - [MESSAGE][PASSED] - Object: '' is clicked on

2021-01-22 10:59:51 - [MESSAGE][PASSED] - Switched to window with index: '0'

2021-01-22 10:59:51 - [MESSAGE][PASSED] - Click button "Search"

2021-01-22 10:59:51 - [TEST_STEP][PASSED] - Verify Table Filled: Verify Table Filled

2021-01-22 10:59:51 - [MESSAGE][PASSED] - Object '' is present

2021-01-22 10:59:51 - [MESSAGE][PASSED] - Verify Table Filled

2021-01-22 10:59:51 - [TEST_STEP][PASSED] - Click button "Generate Outpayment": Click button "Generate Outpayment"

2021-01-22 10:59:51 - [MESSAGE][INFO] - >>>>>//Button[contains(text(),'Generate Outpayment')]

2021-01-22 10:59:54 - [MESSAGE][PASSED] - Object '' is present

2021-01-22 10:59:55 - [MESSAGE][PASSED] - Object: '' is clicked on

2021-01-22 10:59:55 - [MESSAGE][PASSED] - Switched to window with index: '0'

2021-01-22 10:59:55 - [MESSAGE][PASSED] - Click button "Generate Outpayment"

2021-01-22 10:59:55 - [TEST_STEP][PASSED] - Get text from pop up "Warning Message" with text "Warning : No data selected !": Get text from pop up "Warning Message" with text "Warning : No data selected !"

2021-01-22 10:59:55 - [MESSAGE][PASSED] - Taking screenshot successfully
[[ATTACHMENT|/Users/chaidir.pratama01/Documents/Docs/Katalon Studio/Screenshot/errorpopup.png]]

2021-01-22 10:59:55 - [MESSAGE][PASSED] - Object '' is present

2021-01-22 10:59:55 - [MESSAGE][PASSED] - Wait for page load successfully

2021-01-22 10:59:55 - [MESSAGE][PASSED] - Wait for page load successfully

2021-01-22 10:59:55 - [MESSAGE][PASSED] - Get text from pop up "Warning Message" with text "Warning : No data selected !"

2021-01-22 10:59:55 - [TEST_STEP][PASSED] - Click button "OK": Click button "OK"

2021-01-22 10:59:55 - [MESSAGE][INFO] - >>>>>//Button[contains(text(),'OK')]

2021-01-22 10:59:58 - [MESSAGE][PASSED] - Object '' is present

2021-01-22 10:59:58 - [MESSAGE][PASSED] - Object: '' is clicked on

2021-01-22 10:59:58 - [MESSAGE][PASSED] - Switched to window with index: '0'

2021-01-22 10:59:58 - [MESSAGE][PASSED] - Click button "OK"

2021-01-22 10:59:58 - [TEST_STEP][PASSED] - Click button "Logout": Click button "Logout"

2021-01-22 10:59:58 - [MESSAGE][INFO] - >>>>>//Button[contains(text(),'Logout')]

2021-01-22 11:00:01 - [MESSAGE][PASSED] - Object '' is present

2021-01-22 11:00:02 - [MESSAGE][PASSED] - Object: '' is clicked on

2021-01-22 11:00:02 - [MESSAGE][PASSED] - Switched to window with index: '0'

2021-01-22 11:00:02 - [MESSAGE][PASSED] - Click button "Logout"

2021-01-22 11:00:02 - [TEST_STEP][PASSED] - Close browser: Close browser

2021-01-22 11:00:02 - [MESSAGE][PASSED] - Browser is closed

2021-01-22 11:00:02 - [MESSAGE][PASSED] - Close browser

2021-01-22 11:00:02 - [TEST_CASE][PASSED] - Start Test Case : SCENARIO Genrate Outpayment and select checkbox first: SCENARIO Genrate Outpayment and select checkbox first

2021-01-22 11:00:02 - [TEST_STEP][PASSED] - Go to ISTools: Go to ISTools

2021-01-22 11:00:02 - [MESSAGE][INFO] - Starting 'Chrome (headless)' driver

2021-01-22 11:00:02 - [MESSAGE][INFO] - User set preference: ['args', '[--start-maximized, --disable-gpu, --no-proxy-server, –-no-sandbox, --allow-running-insecure-content, --ignore-certificate-errors, window-size=1680,814, force-device-scale-factor=2, --lang=en-GB]']

2021-01-22 11:00:02 - [MESSAGE][INFO] - User set preference: ['prefs', '{download.default_directory=/Users/chaidir.pratama01/Katalon Studio/IST_Automation_Git/Download}']

2021-01-22 11:00:02 - [MESSAGE][INFO] - Action delay is set to 0 milliseconds

2021-01-22 11:00:02 - [MESSAGE][PASSED] - Browser is opened with url: ''

2021-01-22 11:00:03 - [MESSAGE][PASSED] - Navigate to 'https://dev-istools.homecredit.id/foundation/' successfully

2021-01-22 11:00:03 - [MESSAGE][PASSED] - Go to ISTools

2021-01-22 11:00:03 - [TEST_STEP][PASSED] - Login IST with valid credentials: Login IST with valid credentials

2021-01-22 11:00:03 - [MESSAGE][PASSED] - Text 'mobile.test' is set on object 'Object Repository/Page_/input_Username_j_username'

2021-01-22 11:00:03 - [MESSAGE][PASSED] - Text ****** has been set on object 'Object Repository/Page_/input_Password_j_password'

2021-01-22 11:00:04 - [MESSAGE][PASSED] - Object: 'Object Repository/Page_/button_Login' is clicked on

2021-01-22 11:00:04 - [MESSAGE][PASSED] - Login IST with valid credentials

2021-01-22 11:00:04 - [TEST_STEP][PASSED] - Login Success: Login Success

2021-01-22 11:00:04 - [MESSAGE][INFO] - Login Success

2021-01-22 11:00:04 - [MESSAGE][PASSED] - Current window maximized

2021-01-22 11:00:04 - [MESSAGE][PASSED] - Object 'Object Repository/Page_/h1_Welcome to IT Supporting Tools' is present

2021-01-22 11:00:04 - [MESSAGE][PASSED] - Login Success

2021-01-22 11:00:04 - [TEST_STEP][PASSED] - Select Arrow Menu "Real Time Disbursement": Select Arrow Menu "Real Time Disbursement"

2021-01-22 11:00:04 - [MESSAGE][PASSED] - Object: '' is clicked on

2021-01-22 11:00:04 - [MESSAGE][PASSED] - Select Arrow Menu "Real Time Disbursement"

2021-01-22 11:00:04 - [TEST_STEP][PASSED] - Select Menu "Dashboard for BO In Payment": Select Menu "Dashboard for BO In Payment"

2021-01-22 11:00:05 - [MESSAGE][PASSED] - Taking screenshot successfully
[[ATTACHMENT|/Users/chaidir.pratama01/Documents/Docs/Katalon Studio/Screenshot/test-Dashboard for BO In Payment.png]]

2021-01-22 11:00:05 - [MESSAGE][PASSED] - Object '' is present

2021-01-22 11:00:05 - [MESSAGE][PASSED] - Object: '' is clicked on

2021-01-22 11:00:05 - [MESSAGE][PASSED] - Wait for page load successfully

2021-01-22 11:00:05 - [MESSAGE][PASSED] - Select Menu "Dashboard for BO In Payment"

2021-01-22 11:00:05 - [TEST_STEP][PASSED] - Select STATUS "Manual Disbursement": Select STATUS "Manual Disbursement"

2021-01-22 11:00:05 - [MESSAGE][PASSED] - All options with value 'Manual Disbursement' are selected in object ''  using regular expression

2021-01-22 11:00:05 - [MESSAGE][PASSED] - Select STATUS "Manual Disbursement"

2021-01-22 11:00:05 - [TEST_STEP][PASSED] - Click button "Search": Click button "Search"

2021-01-22 11:00:05 - [MESSAGE][INFO] - >>>>>//Button[contains(text(),'Search')]

2021-01-22 11:00:08 - [MESSAGE][PASSED] - Object '' is present

2021-01-22 11:00:08 - [MESSAGE][PASSED] - Object: '' is clicked on

2021-01-22 11:00:08 - [MESSAGE][PASSED] - Switched to window with index: '0'

2021-01-22 11:00:08 - [MESSAGE][PASSED] - Click button "Search"

2021-01-22 11:00:08 - [TEST_STEP][PASSED] - Verify Table Filled: Verify Table Filled

2021-01-22 11:00:09 - [MESSAGE][PASSED] - Object '' is present

2021-01-22 11:00:09 - [MESSAGE][PASSED] - Verify Table Filled

2021-01-22 11:00:09 - [TEST_STEP][PASSED] - Click Checkbox: Click Checkbox

2021-01-22 11:00:09 - [MESSAGE][PASSED] - Object: '' is clicked on

2021-01-22 11:00:09 - [MESSAGE][PASSED] - Click Checkbox

2021-01-22 11:00:09 - [TEST_STEP][PASSED] - Click button "Generate Outpayment": Click button "Generate Outpayment"

2021-01-22 11:00:09 - [MESSAGE][INFO] - >>>>>//Button[contains(text(),'Generate Outpayment')]

2021-01-22 11:00:12 - [MESSAGE][PASSED] - Object '' is present

2021-01-22 11:00:12 - [MESSAGE][PASSED] - Object: '' is clicked on

2021-01-22 11:00:12 - [MESSAGE][PASSED] - Switched to window with index: '0'

2021-01-22 11:00:12 - [MESSAGE][PASSED] - Click button "Generate Outpayment"

2021-01-22 11:00:12 - [TEST_STEP][PASSED] - Get text from pop up "Success Message" with text "Generate Outpayment File Success": Get text from pop up "Success Message" with text "Generate Outpayment File Success"

2021-01-22 11:00:12 - [MESSAGE][PASSED] - Taking screenshot successfully
[[ATTACHMENT|/Users/chaidir.pratama01/Documents/Docs/Katalon Studio/Screenshot/errorpopup.png]]

2021-01-22 11:00:13 - [MESSAGE][PASSED] - Object '' is present

2021-01-22 11:00:13 - [MESSAGE][PASSED] - Wait for page load successfully

2021-01-22 11:00:13 - [MESSAGE][PASSED] - Wait for page load successfully

2021-01-22 11:00:13 - [MESSAGE][PASSED] - Get text from pop up "Success Message" with text "Generate Outpayment File Success"

2021-01-22 11:00:13 - [TEST_STEP][PASSED] - Click button "OK": Click button "OK"

2021-01-22 11:00:13 - [MESSAGE][INFO] - >>>>>//Button[contains(text(),'OK')]

2021-01-22 11:00:16 - [MESSAGE][PASSED] - Object '' is present

2021-01-22 11:00:16 - [MESSAGE][PASSED] - Object: '' is clicked on

2021-01-22 11:00:16 - [MESSAGE][PASSED] - Switched to window with index: '0'

2021-01-22 11:00:16 - [MESSAGE][PASSED] - Click button "OK"

2021-01-22 11:00:16 - [TEST_STEP][PASSED] - Click button "Logout": Click button "Logout"

2021-01-22 11:00:16 - [MESSAGE][INFO] - >>>>>//Button[contains(text(),'Logout')]

2021-01-22 11:00:19 - [MESSAGE][PASSED] - Object '' is present

2021-01-22 11:00:19 - [MESSAGE][PASSED] - Object: '' is clicked on

2021-01-22 11:00:19 - [MESSAGE][PASSED] - Switched to window with index: '0'

2021-01-22 11:00:19 - [MESSAGE][PASSED] - Click button "Logout"

2021-01-22 11:00:19 - [TEST_STEP][PASSED] - Close browser: Close browser

2021-01-22 11:00:19 - [MESSAGE][PASSED] - Browser is closed

2021-01-22 11:00:19 - [MESSAGE][PASSED] - Close browser

2021-01-22 11:00:19 - [MESSAGE][PASSED] - Feature file: 'Include/features/IST_Real/RTD/Dashboard_for_BO_In_Payment/Generate_Outpayment.feature' was passed]]></system-out>
         <system-err><![CDATA[]]></system-err>
      </testcase>
      <testcase name="Test Cases/RTD/Dashboard for BO in Payment/TC_Search_by_Contract_Number" time="10.949" classname="Test Cases/RTD/Dashboard for BO in Payment/TC_Search_by_Contract_Number" status="PASSED">
         <system-out><![CDATA[2021-01-22 11:00:19 - [TEST_CASE][PASSED] - Test Cases/RTD/Dashboard for BO in Payment/TC_Search_by_Contract_Number: Test Cases/RTD/Dashboard for BO in Payment/TC_Search_by_Contract_Number

2021-01-22 11:00:19 - [TEST_STEP][PASSED] - runFeatureFile("Include/features/IST_Real/RTD/Dashboard_for_BO_In_Payment/Search_by_Contract_Number.feature"): Feature file: 'Include/features/IST_Real/RTD/Dashboard_for_BO_In_Payment/Search_by_Contract_Number.feature' was passed

2021-01-22 11:00:19 - [MESSAGE][INFO] - Starting run keyword runFeatureFile: 'Include/features/IST_Real/RTD/Dashboard_for_BO_In_Payment/Search_by_Contract_Number.feature' and extract report to folder: '/Users/chaidir.pratama01/Katalon Studio/IST_Automation_Git/Reports/20210122_104222/RTD/TS_Dashboard_for_BO_In_Payment/20210122_104226/cucumber_report/1611288019613'...

2021-01-22 11:00:19 - [TEST_CASE][PASSED] - Start Test Case : SCENARIO Search by Contract Number and it found on Dashboard: SCENARIO Search by Contract Number and it found on Dashboard

2021-01-22 11:00:19 - [TEST_STEP][PASSED] - Go to ISTools: Go to ISTools

2021-01-22 11:00:19 - [MESSAGE][INFO] - Starting 'Chrome (headless)' driver

2021-01-22 11:00:19 - [MESSAGE][INFO] - User set preference: ['args', '[--start-maximized, --disable-gpu, --no-proxy-server, –-no-sandbox, --allow-running-insecure-content, --ignore-certificate-errors, window-size=1680,814, force-device-scale-factor=2, --lang=en-GB]']

2021-01-22 11:00:19 - [MESSAGE][INFO] - User set preference: ['prefs', '{download.default_directory=/Users/chaidir.pratama01/Katalon Studio/IST_Automation_Git/Download}']

2021-01-22 11:00:19 - [MESSAGE][INFO] - Action delay is set to 0 milliseconds

2021-01-22 11:00:20 - [MESSAGE][PASSED] - Browser is opened with url: ''

2021-01-22 11:00:21 - [MESSAGE][PASSED] - Navigate to 'https://dev-istools.homecredit.id/foundation/' successfully

2021-01-22 11:00:21 - [MESSAGE][PASSED] - Go to ISTools

2021-01-22 11:00:21 - [TEST_STEP][PASSED] - Login IST with valid credentials: Login IST with valid credentials

2021-01-22 11:00:21 - [MESSAGE][PASSED] - Text 'mobile.test' is set on object 'Object Repository/Page_/input_Username_j_username'

2021-01-22 11:00:21 - [MESSAGE][PASSED] - Text ****** has been set on object 'Object Repository/Page_/input_Password_j_password'

2021-01-22 11:00:22 - [MESSAGE][PASSED] - Object: 'Object Repository/Page_/button_Login' is clicked on

2021-01-22 11:00:22 - [MESSAGE][PASSED] - Login IST with valid credentials

2021-01-22 11:00:22 - [TEST_STEP][PASSED] - Login Success: Login Success

2021-01-22 11:00:22 - [MESSAGE][INFO] - Login Success

2021-01-22 11:00:22 - [MESSAGE][PASSED] - Current window maximized

2021-01-22 11:00:22 - [MESSAGE][PASSED] - Object 'Object Repository/Page_/h1_Welcome to IT Supporting Tools' is present

2021-01-22 11:00:22 - [MESSAGE][PASSED] - Login Success

2021-01-22 11:00:22 - [TEST_STEP][PASSED] - Select Arrow Menu "Real Time Disbursement": Select Arrow Menu "Real Time Disbursement"

2021-01-22 11:00:22 - [MESSAGE][PASSED] - Object: '' is clicked on

2021-01-22 11:00:22 - [MESSAGE][PASSED] - Select Arrow Menu "Real Time Disbursement"

2021-01-22 11:00:22 - [TEST_STEP][PASSED] - Select Menu "Dashboard for BO In Payment": Select Menu "Dashboard for BO In Payment"

2021-01-22 11:00:23 - [MESSAGE][PASSED] - Taking screenshot successfully
[[ATTACHMENT|/Users/chaidir.pratama01/Documents/Docs/Katalon Studio/Screenshot/test-Dashboard for BO In Payment.png]]

2021-01-22 11:00:23 - [MESSAGE][PASSED] - Object '' is present

2021-01-22 11:00:23 - [MESSAGE][PASSED] - Object: '' is clicked on

2021-01-22 11:00:23 - [MESSAGE][PASSED] - Wait for page load successfully

2021-01-22 11:00:23 - [MESSAGE][PASSED] - Select Menu "Dashboard for BO In Payment"

2021-01-22 11:00:23 - [TEST_STEP][PASSED] - Input Contract RTD in Contract Number label: Input Contract RTD in Contract Number label

2021-01-22 11:00:23 - [MESSAGE][PASSED] - Text '4000014162' is set on object ''

2021-01-22 11:00:23 - [MESSAGE][PASSED] - Input Contract RTD in Contract Number label

2021-01-22 11:00:23 - [TEST_STEP][PASSED] - Click button "Search": Click button "Search"

2021-01-22 11:00:23 - [MESSAGE][INFO] - >>>>>//Button[contains(text(),'Search')]

2021-01-22 11:00:26 - [MESSAGE][PASSED] - Object '' is present

2021-01-22 11:00:26 - [MESSAGE][PASSED] - Object: '' is clicked on

2021-01-22 11:00:26 - [MESSAGE][PASSED] - Switched to window with index: '0'

2021-01-22 11:00:26 - [MESSAGE][PASSED] - Click button "Search"

2021-01-22 11:00:26 - [TEST_STEP][PASSED] - Verify Search Result Presents: Verify Search Result Presents

2021-01-22 11:00:26 - [MESSAGE][PASSED] - Object '' is present

2021-01-22 11:00:27 - [MESSAGE][PASSED] - Verify Search Result Presents

2021-01-22 11:00:27 - [TEST_STEP][PASSED] - Click button "Logout": Click button "Logout"

2021-01-22 11:00:27 - [MESSAGE][INFO] - >>>>>//Button[contains(text(),'Logout')]

2021-01-22 11:00:30 - [MESSAGE][PASSED] - Object '' is present

2021-01-22 11:00:30 - [MESSAGE][PASSED] - Object: '' is clicked on

2021-01-22 11:00:30 - [MESSAGE][PASSED] - Switched to window with index: '0'

2021-01-22 11:00:30 - [MESSAGE][PASSED] - Click button "Logout"

2021-01-22 11:00:30 - [TEST_STEP][PASSED] - Close browser: Close browser

2021-01-22 11:00:30 - [MESSAGE][PASSED] - Browser is closed

2021-01-22 11:00:30 - [MESSAGE][PASSED] - Close browser

2021-01-22 11:00:30 - [MESSAGE][PASSED] - Feature file: 'Include/features/IST_Real/RTD/Dashboard_for_BO_In_Payment/Search_by_Contract_Number.feature' was passed]]></system-out>
         <system-err><![CDATA[]]></system-err>
      </testcase>
      <system-out><![CDATA[2021-01-22 10:56:19 - [TEST_SUITE][PASSED] - TS_Dashboard_for_BO_In_Payment: Test Cases/RTD/Dashboard for BO in Payment/TC_Search_by_Contract_Number]]></system-out>
      <system-err><![CDATA[]]></system-err>
   </testsuite>
</testsuites>
