<?xml version="1.0" encoding="UTF-8"?>
<testsuites name="TS_SLIK_Gateway_Non_Customer" time="748.249" tests="17" failures="5" errors="0">
   <testsuite name="TS_SLIK_Gateway_Non_Customer" tests="17" failures="5" errors="0" time="748.249" timestamp="2020-10-28 17:48:33" hostname="chaidir.pratama01 - localhost" id="Test Suites/SLIK/TS_SLIK_Gateway_Non_Customer">
      <properties>
         <property name="deviceName" value=""/>
         <property name="devicePlatform" value=""/>
         <property name="logFolder" value="/Users/chaidir.pratama01/Katalon Studio/IST_Automation_Git/Reports/20201028_174826/SLIK/TS_SLIK_Gateway_Non_Customer/20201028_174826"/>
         <property name="logFiles" value="/Users/chaidir.pratama01/Katalon Studio/IST_Automation_Git/Reports/20201028_174826/SLIK/TS_SLIK_Gateway_Non_Customer/20201028_174826/execution0.log"/>
         <property name="attachments" value="/Users/chaidir.pratama01/Documents/Docs/Katalon Studio/Screenshot/test-SLIK Gateway Non Customer.png, /Users/chaidir.pratama01/Documents/Docs/Katalon Studio/Screenshot/slik.png, /Users/chaidir.pratama01/Documents/Docs/Katalon Studio/Screenshot/slik.png, /Users/chaidir.pratama01/Documents/Docs/Katalon Studio/Screenshot/slik.png, /Users/chaidir.pratama01/Documents/Docs/Katalon Studio/Screenshot/errorpopup.png, /Users/chaidir.pratama01/Katalon Studio/IST_Automation_Git/img/View_detail_NonCutomer.png, /Users/chaidir.pratama01/Documents/Docs/Katalon Studio/Screenshot/test-SLIK Gateway Approval Non Customer.png, /Users/chaidir.pratama01/Documents/Docs/Katalon Studio/Screenshot/errorpopup.png, /Users/chaidir.pratama01/Documents/Docs/Katalon Studio/Screenshot/errorpopup.png, /Users/chaidir.pratama01/Katalon Studio/IST_Automation_Git/Reports/20201028_174826/SLIK/TS_SLIK_Gateway_Non_Customer/20201028_174826/1603882375618.png, /Users/chaidir.pratama01/Katalon Studio/IST_Automation_Git/Reports/20201028_174826/SLIK/TS_SLIK_Gateway_Non_Customer/20201028_174826/1603882376528.png, /Users/chaidir.pratama01/Documents/Docs/Katalon Studio/Screenshot/slik.png, /Users/chaidir.pratama01/Documents/Docs/Katalon Studio/Screenshot/slik.png, /Users/chaidir.pratama01/Documents/Docs/Katalon Studio/Screenshot/slik.png, /Users/chaidir.pratama01/Documents/Docs/Katalon Studio/Screenshot/errorpopup.png, /Users/chaidir.pratama01/Katalon Studio/IST_Automation_Git/Reports/20201028_174826/SLIK/TS_SLIK_Gateway_Non_Customer/20201028_174826/1603882451232.png, /Users/chaidir.pratama01/Katalon Studio/IST_Automation_Git/Reports/20201028_174826/SLIK/TS_SLIK_Gateway_Non_Customer/20201028_174826/1603882451735.png, /Users/chaidir.pratama01/Documents/Docs/Katalon Studio/Screenshot/test-SLIK Gateway Approval Non Customer.png, /Users/chaidir.pratama01/Katalon Studio/IST_Automation_Git/Reports/20201028_174826/SLIK/TS_SLIK_Gateway_Non_Customer/20201028_174826/1603882568806.png, /Users/chaidir.pratama01/Katalon Studio/IST_Automation_Git/Reports/20201028_174826/SLIK/TS_SLIK_Gateway_Non_Customer/20201028_174826/1603882610896.png, /Users/chaidir.pratama01/Katalon Studio/IST_Automation_Git/Reports/20201028_174826/SLIK/TS_SLIK_Gateway_Non_Customer/20201028_174826/1603882666325.png, /Users/chaidir.pratama01/Katalon Studio/IST_Automation_Git/Reports/20201028_174826/SLIK/TS_SLIK_Gateway_Non_Customer/20201028_174826/1603882684203.png, /Users/chaidir.pratama01/Katalon Studio/IST_Automation_Git/Reports/20201028_174826/SLIK/TS_SLIK_Gateway_Non_Customer/20201028_174826/1603882684770.png, /Users/chaidir.pratama01/Documents/Docs/Katalon Studio/Screenshot/errorpopup.png, /Users/chaidir.pratama01/Documents/Docs/Katalon Studio/Screenshot/errorpopup.png, /Users/chaidir.pratama01/Katalon Studio/IST_Automation_Git/Reports/20201028_174826/SLIK/TS_SLIK_Gateway_Non_Customer/20201028_174826/1603882787994.png, /Users/chaidir.pratama01/Katalon Studio/IST_Automation_Git/img/View_detail_NonCutomer.png"/>
         <property name="hostName" value="chaidir.pratama01 - localhost"/>
         <property name="os" value="Mac OS X 64bit"/>
         <property name="katalonVersion" value="7.6.0.${buildNumber}"/>
         <property name="browser" value="Chrome 86.0.4240.111"/>
         <property name="hostAddress" value="127.0.0.1"/>
         <property name="sessionId" value="3d6cd17a80ef52b25b352939ab0fe411"/>
         <property name="seleniumVersion" value="3.141.59"/>
         <property name="proxyInformation" value="ProxyInformation { proxyOption=NO_PROXY, proxyServerType=HTTP, username=, password=********, proxyServerAddress=, proxyServerPort=0, executionList=\&quot;\&quot;, isApplyToDesiredCapabilities=true }"/>
         <property name="platform" value="Mac OS X"/>
      </properties>
      <testcase name="Test Cases/IST_Real/SLIK/SLIK_Gateway_Non_Customer/Open Menu SLIK Gateway Non Customer" time="50.598" classname="Test Cases/IST_Real/SLIK/SLIK_Gateway_Non_Customer/Open Menu SLIK Gateway Non Customer" status="PASSED">
         <system-out><![CDATA[2020-10-28 17:48:34 - [TEST_CASE][PASSED] - Test Cases/IST_Real/SLIK/SLIK_Gateway_Non_Customer/Open Menu SLIK Gateway Non Customer: Test Cases/IST_Real/SLIK/SLIK_Gateway_Non_Customer/Open Menu SLIK Gateway Non Customer

2020-10-28 17:48:34 - [TEST_STEP][PASSED] - runFeatureFile("Include/features/IST_Real/SLIK/SLIK Gateway Non Customer/Open_Menu_SLIK_Gateway_Non_Customer.feature"): Feature file: 'Include/features/IST_Real/SLIK/SLIK Gateway Non Customer/Open_Menu_SLIK_Gateway_Non_Customer.feature' was passed

2020-10-28 17:48:34 - [MESSAGE][INFO] - Starting run keyword runFeatureFile: 'Include/features/IST_Real/SLIK/SLIK Gateway Non Customer/Open_Menu_SLIK_Gateway_Non_Customer.feature' and extract report to folder: '/Users/chaidir.pratama01/Katalon Studio/IST_Automation_Git/Reports/20201028_174826/SLIK/TS_SLIK_Gateway_Non_Customer/20201028_174826/cucumber_report/1603882114279'...

2020-10-28 17:48:34 - [TEST_CASE][PASSED] - Start Test Case : SCENARIO Menu SLIK Gateway Non Customer in IST and Verify Element Needed Exist: SCENARIO Menu SLIK Gateway Non Customer in IST and Verify Element Needed Exist

2020-10-28 17:48:34 - [TEST_STEP][PASSED] - Go to ISTools: Go to ISTools

2020-10-28 17:48:35 - [MESSAGE][INFO] - Starting 'Chrome' driver

2020-10-28 17:48:35 - [MESSAGE][INFO] - User set preference: ['AcceptInsecureCerts', 'true']

2020-10-28 17:48:35 - [MESSAGE][INFO] - User set preference: ['args', '[ignore-certificate-errors]']

2020-10-28 17:48:35 - [MESSAGE][INFO] - Action delay is set to 0 milliseconds

2020-10-28 17:48:37 - [MESSAGE][PASSED] - Browser is opened with url: ''

2020-10-28 17:48:38 - [MESSAGE][PASSED] - Navigate to 'https://id-ist01preprod.id.nonprod/ist/' successfully

2020-10-28 17:48:38 - [MESSAGE][PASSED] - Go to ISTools

2020-10-28 17:48:38 - [TEST_STEP][PASSED] - Login IST with valid credentials: Login IST with valid credentials

2020-10-28 17:48:39 - [MESSAGE][PASSED] - Text 'mobile.test' is set on object 'Object Repository/Page_/input_Username_j_username'

2020-10-28 17:48:40 - [MESSAGE][PASSED] - Text ****** has been set on object 'Object Repository/Page_/input_Password_j_password'

2020-10-28 17:48:40 - [MESSAGE][PASSED] - Object: 'Object Repository/Page_/button_Login' is clicked on

2020-10-28 17:48:40 - [MESSAGE][PASSED] - Login IST with valid credentials

2020-10-28 17:48:40 - [TEST_STEP][PASSED] - Login Success for contract dispatcher: Login Success for contract dispatcher

2020-10-28 17:48:40 - [MESSAGE][INFO] - Login Success

2020-10-28 17:48:40 - [MESSAGE][PASSED] - Current window maximized

2020-10-28 17:48:41 - [MESSAGE][PASSED] - Object 'Object Repository/Page_/h1_Welcome to IT Supporting Tools' is present

2020-10-28 17:48:41 - [MESSAGE][PASSED] - Login Success for contract dispatcher

2020-10-28 17:48:41 - [TEST_STEP][PASSED] - Select Menu "SLIK Gateway Non Customer": Select Menu "SLIK Gateway Non Customer"

2020-10-28 17:48:42 - [MESSAGE][PASSED] - Taking screenshot successfully
[[ATTACHMENT|/Users/chaidir.pratama01/Documents/Docs/Katalon Studio/Screenshot/test-SLIK Gateway Non Customer.png]]

2020-10-28 17:48:42 - [MESSAGE][PASSED] - Object '' is present

2020-10-28 17:48:42 - [MESSAGE][PASSED] - Object: '' is clicked on

2020-10-28 17:48:43 - [MESSAGE][PASSED] - Wait for page load successfully

2020-10-28 17:48:43 - [MESSAGE][PASSED] - Select Menu "SLIK Gateway Non Customer"

2020-10-28 17:48:43 - [TEST_STEP][PASSED] - Verify Title "SLIK Gateway Non Customer" Exists: Verify Title "SLIK Gateway Non Customer" Exists

2020-10-28 17:48:43 - [MESSAGE][PASSED] - Object '' is present

2020-10-28 17:48:44 - [MESSAGE][PASSED] - Object: '' is focused

2020-10-28 17:48:44 - [MESSAGE][PASSED] - Verify Title "SLIK Gateway Non Customer" Exists

2020-10-28 17:48:44 - [TEST_STEP][PASSED] - Verify Title "Check SLIK" Exists: Verify Title "Check SLIK" Exists

2020-10-28 17:48:44 - [MESSAGE][PASSED] - Object '' is present

2020-10-28 17:48:44 - [MESSAGE][PASSED] - Object: '' is focused

2020-10-28 17:48:44 - [MESSAGE][PASSED] - Verify Title "Check SLIK" Exists

2020-10-28 17:48:44 - [TEST_STEP][PASSED] - Verify Contents of Check SLIK Label in SLIK Gateway Non Customer Menu Exist: Verify Contents of Check SLIK Label in SLIK Gateway Non Customer Menu Exist

2020-10-28 17:48:45 - [MESSAGE][PASSED] - Object '' is present

2020-10-28 17:48:45 - [MESSAGE][PASSED] - Object: '' is focused

2020-10-28 17:48:45 - [MESSAGE][PASSED] - Object '' is present

2020-10-28 17:48:46 - [MESSAGE][PASSED] - Object: '' is focused

2020-10-28 17:48:46 - [MESSAGE][PASSED] - Object '' is present

2020-10-28 17:48:46 - [MESSAGE][PASSED] - Object: '' is focused

2020-10-28 17:48:47 - [MESSAGE][PASSED] - Object '' is present

2020-10-28 17:48:47 - [MESSAGE][PASSED] - Object: '' is focused

2020-10-28 17:48:48 - [MESSAGE][PASSED] - Object '' is present

2020-10-28 17:48:48 - [MESSAGE][PASSED] - Object: '' is focused

2020-10-28 17:48:48 - [MESSAGE][PASSED] - Object '' is present

2020-10-28 17:48:49 - [MESSAGE][PASSED] - Object: '' is focused

2020-10-28 17:48:49 - [MESSAGE][PASSED] - Object '' is present

2020-10-28 17:48:49 - [MESSAGE][PASSED] - Object: '' is focused

2020-10-28 17:48:50 - [MESSAGE][PASSED] - Object '' is present

2020-10-28 17:48:50 - [MESSAGE][PASSED] - Object: '' is focused

2020-10-28 17:48:51 - [MESSAGE][PASSED] - Object '' is present

2020-10-28 17:48:51 - [MESSAGE][PASSED] - Object: '' is focused

2020-10-28 17:48:51 - [MESSAGE][PASSED] - Object '' is present

2020-10-28 17:48:52 - [MESSAGE][PASSED] - Object: '' is focused

2020-10-28 17:48:52 - [MESSAGE][PASSED] - Object '' is present

2020-10-28 17:48:52 - [MESSAGE][PASSED] - Object: '' is focused

2020-10-28 17:48:52 - [MESSAGE][PASSED] - Object '' is present

2020-10-28 17:48:53 - [MESSAGE][PASSED] - Object: '' is focused

2020-10-28 17:48:53 - [MESSAGE][PASSED] - Object '' is present

2020-10-28 17:48:53 - [MESSAGE][PASSED] - Object: '' is focused

2020-10-28 17:48:54 - [MESSAGE][PASSED] - Object '' is present

2020-10-28 17:48:54 - [MESSAGE][PASSED] - Object: '' is focused

2020-10-28 17:48:54 - [MESSAGE][PASSED] - Object '' is present

2020-10-28 17:48:55 - [MESSAGE][PASSED] - Object: '' is focused

2020-10-28 17:48:55 - [MESSAGE][PASSED] - Object '' is present

2020-10-28 17:48:55 - [MESSAGE][PASSED] - Object: '' is focused

2020-10-28 17:48:56 - [MESSAGE][PASSED] - Object '' is present

2020-10-28 17:48:56 - [MESSAGE][PASSED] - Object: '' is focused

2020-10-28 17:48:56 - [MESSAGE][PASSED] - Object '' is present

2020-10-28 17:48:57 - [MESSAGE][PASSED] - Object: '' is focused

2020-10-28 17:48:57 - [MESSAGE][PASSED] - Object '' is present

2020-10-28 17:49:00 - [MESSAGE][PASSED] - Delayed 3 second(s)

2020-10-28 17:49:01 - [MESSAGE][PASSED] - Object: '' is focused

2020-10-28 17:49:04 - [MESSAGE][PASSED] - Delayed 3 second(s)

2020-10-28 17:49:04 - [MESSAGE][PASSED] - Object '' is present

2020-10-28 17:49:04 - [MESSAGE][PASSED] - Object: '' is focused

2020-10-28 17:49:05 - [MESSAGE][PASSED] - Object '' is present

2020-10-28 17:49:05 - [MESSAGE][PASSED] - Object: '' is focused

2020-10-28 17:49:05 - [MESSAGE][PASSED] - Object '' is present

2020-10-28 17:49:06 - [MESSAGE][PASSED] - Object: '' is focused

2020-10-28 17:49:06 - [MESSAGE][PASSED] - Verify Contents of Check SLIK Label in SLIK Gateway Non Customer Menu Exist

2020-10-28 17:49:06 - [TEST_STEP][PASSED] - Verify Title "Search Result" Exists: Verify Title "Search Result" Exists

2020-10-28 17:49:06 - [MESSAGE][PASSED] - Object '' is present

2020-10-28 17:49:06 - [MESSAGE][PASSED] - Object: '' is focused

2020-10-28 17:49:06 - [MESSAGE][PASSED] - Verify Title "Search Result" Exists

2020-10-28 17:49:06 - [TEST_STEP][PASSED] - Verify Contents of Search Result: Verify Contents of Search Result

2020-10-28 17:49:07 - [MESSAGE][PASSED] - Object '' is present

2020-10-28 17:49:07 - [MESSAGE][PASSED] - Object: '' is focused

2020-10-28 17:49:08 - [MESSAGE][PASSED] - Object '' is present

2020-10-28 17:49:08 - [MESSAGE][PASSED] - Object: '' is focused

2020-10-28 17:49:08 - [MESSAGE][PASSED] - Object '' is present

2020-10-28 17:49:09 - [MESSAGE][PASSED] - Object: '' is focused

2020-10-28 17:49:09 - [MESSAGE][PASSED] - Object '' is present

2020-10-28 17:49:09 - [MESSAGE][PASSED] - Object: '' is focused

2020-10-28 17:49:10 - [MESSAGE][PASSED] - Object '' is present

2020-10-28 17:49:10 - [MESSAGE][PASSED] - Object: '' is focused

2020-10-28 17:49:10 - [MESSAGE][PASSED] - Object '' is present

2020-10-28 17:49:11 - [MESSAGE][PASSED] - Object: '' is focused

2020-10-28 17:49:11 - [MESSAGE][PASSED] - Object '' is present

2020-10-28 17:49:11 - [MESSAGE][PASSED] - Object: '' is focused

2020-10-28 17:49:11 - [MESSAGE][PASSED] - Object '' is present

2020-10-28 17:49:12 - [MESSAGE][PASSED] - Object: '' is focused

2020-10-28 17:49:12 - [MESSAGE][PASSED] - Object '' is present

2020-10-28 17:49:13 - [MESSAGE][PASSED] - Object: '' is focused

2020-10-28 17:49:13 - [MESSAGE][PASSED] - Verify Contents of Search Result

2020-10-28 17:49:13 - [TEST_STEP][PASSED] - Click button "Logout": Click button "Logout"

2020-10-28 17:49:13 - [MESSAGE][INFO] - >>>>>//Button[contains(text(),'Logout')]

2020-10-28 17:49:24 - [MESSAGE][PASSED] - Object: '' is clicked on

2020-10-28 17:49:24 - [MESSAGE][PASSED] - Click button "Logout"

2020-10-28 17:49:24 - [TEST_STEP][PASSED] - Close browser: Close browser

2020-10-28 17:49:24 - [MESSAGE][PASSED] - Browser is closed

2020-10-28 17:49:24 - [MESSAGE][PASSED] - Close browser

2020-10-28 17:49:24 - [MESSAGE][PASSED] - Feature file: 'Include/features/IST_Real/SLIK/SLIK Gateway Non Customer/Open_Menu_SLIK_Gateway_Non_Customer.feature' was passed]]></system-out>
         <system-err><![CDATA[]]></system-err>
      </testcase>
      <testcase name="Test Cases/IST_Real/SLIK/SLIK_Gateway_Non_Customer/SLIK Gateway Non Customer Checking" time="122.62" classname="Test Cases/IST_Real/SLIK/SLIK_Gateway_Non_Customer/SLIK Gateway Non Customer Checking" status="PASSED">
         <system-out><![CDATA[2020-10-28 17:49:24 - [TEST_CASE][PASSED] - Test Cases/IST_Real/SLIK/SLIK_Gateway_Non_Customer/SLIK Gateway Non Customer Checking: Test Cases/IST_Real/SLIK/SLIK_Gateway_Non_Customer/SLIK Gateway Non Customer Checking

2020-10-28 17:49:24 - [TEST_STEP][PASSED] - runFeatureFile("Include/features/IST_Real/SLIK/SLIK Gateway Non Customer/SLIK Gateway Non Customer Checking.feature"): Feature file: 'Include/features/IST_Real/SLIK/SLIK Gateway Non Customer/SLIK Gateway Non Customer Checking.feature' was passed

2020-10-28 17:49:24 - [MESSAGE][INFO] - Starting run keyword runFeatureFile: 'Include/features/IST_Real/SLIK/SLIK Gateway Non Customer/SLIK Gateway Non Customer Checking.feature' and extract report to folder: '/Users/chaidir.pratama01/Katalon Studio/IST_Automation_Git/Reports/20201028_174826/SLIK/TS_SLIK_Gateway_Non_Customer/20201028_174826/cucumber_report/1603882164739'...

2020-10-28 17:49:24 - [TEST_CASE][PASSED] - Start Test Case : SCENARIO SLIK Gateway Non Customer Checking: SCENARIO SLIK Gateway Non Customer Checking

2020-10-28 17:49:24 - [TEST_STEP][PASSED] - Go to ISTools: Go to ISTools

2020-10-28 17:49:24 - [MESSAGE][INFO] - Starting 'Chrome' driver

2020-10-28 17:49:24 - [MESSAGE][INFO] - User set preference: ['AcceptInsecureCerts', 'true']

2020-10-28 17:49:24 - [MESSAGE][INFO] - User set preference: ['args', '[ignore-certificate-errors]']

2020-10-28 17:49:24 - [MESSAGE][INFO] - Action delay is set to 0 milliseconds

2020-10-28 17:49:26 - [MESSAGE][PASSED] - Browser is opened with url: ''

2020-10-28 17:50:15 - [MESSAGE][PASSED] - Navigate to 'https://id-ist01preprod.id.nonprod/ist/' successfully

2020-10-28 17:50:15 - [MESSAGE][PASSED] - Go to ISTools

2020-10-28 17:50:15 - [TEST_STEP][PASSED] - Login IST with valid credentials: Login IST with valid credentials

2020-10-28 17:50:16 - [MESSAGE][PASSED] - Text 'mobile.test' is set on object 'Object Repository/Page_/input_Username_j_username'

2020-10-28 17:50:17 - [MESSAGE][PASSED] - Text ****** has been set on object 'Object Repository/Page_/input_Password_j_password'

2020-10-28 17:50:17 - [MESSAGE][PASSED] - Object: 'Object Repository/Page_/button_Login' is clicked on

2020-10-28 17:50:17 - [MESSAGE][PASSED] - Login IST with valid credentials

2020-10-28 17:50:17 - [TEST_STEP][PASSED] - Login Success for contract dispatcher: Login Success for contract dispatcher

2020-10-28 17:50:17 - [MESSAGE][INFO] - Login Success

2020-10-28 17:50:17 - [MESSAGE][PASSED] - Current window maximized

2020-10-28 17:50:18 - [MESSAGE][PASSED] - Object 'Object Repository/Page_/h1_Welcome to IT Supporting Tools' is present

2020-10-28 17:50:18 - [MESSAGE][PASSED] - Login Success for contract dispatcher

2020-10-28 17:50:18 - [TEST_STEP][PASSED] - Select Menu SLIK Gateway NonCustomer: Select Menu SLIK Gateway NonCustomer

2020-10-28 17:50:18 - [MESSAGE][PASSED] - Object '' is present

2020-10-28 17:50:18 - [MESSAGE][PASSED] - Object: '' is clicked on

2020-10-28 17:50:18 - [MESSAGE][PASSED] - Wait for page load successfully

2020-10-28 17:50:18 - [MESSAGE][PASSED] - Select Menu SLIK Gateway NonCustomer

2020-10-28 17:50:18 - [TEST_STEP][PASSED] - Input Data KTP Number: Input Data KTP Number

2020-10-28 17:50:19 - [MESSAGE][PASSED] - Text '8888888888888888' is set on object ''

2020-10-28 17:50:19 - [MESSAGE][PASSED] - Input Data KTP Number

2020-10-28 17:50:19 - [TEST_STEP][PASSED] - Input Data "Name *" with value "OPEX TestingAuto" for Check SLIK: Input Data "Name *" with value "OPEX TestingAuto" for Check SLIK

2020-10-28 17:50:20 - [MESSAGE][PASSED] - Taking screenshot successfully
[[ATTACHMENT|/Users/chaidir.pratama01/Documents/Docs/Katalon Studio/Screenshot/slik.png]]

2020-10-28 17:50:20 - [MESSAGE][PASSED] - Object '' is visible

2020-10-28 17:50:21 - [MESSAGE][PASSED] - Object: '' is focused

2020-10-28 17:50:21 - [MESSAGE][PASSED] - Text 'OPEX TestingAuto' is set on object ''

2020-10-28 17:50:21 - [MESSAGE][PASSED] - Input Data "Name *" with value "OPEX TestingAuto" for Check SLIK

2020-10-28 17:50:21 - [TEST_STEP][PASSED] - Input Date of Birth "20-02-1990": Input Date of Birth "20-02-1990"

2020-10-28 17:50:22 - [MESSAGE][PASSED] - Text '20-02-1990' is set on object ''

2020-10-28 17:50:25 - [MESSAGE][PASSED] - Delayed 3 second(s)

2020-10-28 17:50:25 - [MESSAGE][PASSED] - Input Date of Birth "20-02-1990"

2020-10-28 17:50:25 - [TEST_STEP][PASSED] - Select Gender "Laki-laki": Select Gender "Laki-laki"

2020-10-28 17:50:25 - [MESSAGE][PASSED] - Object: '' is clicked on

2020-10-28 17:50:25 - [MESSAGE][PASSED] - Select Gender "Laki-laki"

2020-10-28 17:50:25 - [TEST_STEP][PASSED] - Select Purpose is "Penilaian Calon Kemitraan": Select Purpose is "Penilaian Calon Kemitraan"

2020-10-28 17:50:27 - [MESSAGE][PASSED] - All options with value 'Penilaian Calon Kemitraan' are selected in object ''  using regular expression

2020-10-28 17:50:27 - [MESSAGE][PASSED] - Select Purpose is "Penilaian Calon Kemitraan"

2020-10-28 17:50:27 - [TEST_STEP][PASSED] - Input Data "Place of Birth" with value "Jakarta" for Check SLIK: Input Data "Place of Birth" with value "Jakarta" for Check SLIK

2020-10-28 17:50:27 - [MESSAGE][PASSED] - Taking screenshot successfully
[[ATTACHMENT|/Users/chaidir.pratama01/Documents/Docs/Katalon Studio/Screenshot/slik.png]]

2020-10-28 17:50:28 - [MESSAGE][PASSED] - Object '' is visible

2020-10-28 17:50:28 - [MESSAGE][PASSED] - Object: '' is focused

2020-10-28 17:50:29 - [MESSAGE][PASSED] - Text 'Jakarta' is set on object ''

2020-10-28 17:50:29 - [MESSAGE][PASSED] - Input Data "Place of Birth" with value "Jakarta" for Check SLIK

2020-10-28 17:50:29 - [TEST_STEP][PASSED] - Input Data "Mother Maternity Name" with value "Tester Auto" for Check SLIK: Input Data "Mother Maternity Name" with value "Tester Auto" for Check SLIK

2020-10-28 17:50:30 - [MESSAGE][PASSED] - Taking screenshot successfully
[[ATTACHMENT|/Users/chaidir.pratama01/Documents/Docs/Katalon Studio/Screenshot/slik.png]]

2020-10-28 17:50:30 - [MESSAGE][PASSED] - Object '' is visible

2020-10-28 17:50:30 - [MESSAGE][PASSED] - Object: '' is focused

2020-10-28 17:50:31 - [MESSAGE][PASSED] - Text 'Tester Auto' is set on object ''

2020-10-28 17:50:31 - [MESSAGE][PASSED] - Input Data "Mother Maternity Name" with value "Tester Auto" for Check SLIK

2020-10-28 17:50:31 - [TEST_STEP][PASSED] - Input KTP Address "TESTING AUTO JAKARTA": Input KTP Address "TESTING AUTO JAKARTA"

2020-10-28 17:50:32 - [MESSAGE][PASSED] - Text 'TESTING AUTO JAKARTA' is set on object ''

2020-10-28 17:50:32 - [MESSAGE][PASSED] - Input KTP Address "TESTING AUTO JAKARTA"

2020-10-28 17:50:32 - [TEST_STEP][PASSED] - Click button "Upload": Click button "Upload"

2020-10-28 17:50:32 - [MESSAGE][INFO] - >>>>>//Button[contains(text(),'Upload')]

2020-10-28 17:50:37 - [MESSAGE][PASSED] - Object: '' is clicked on

2020-10-28 17:50:37 - [MESSAGE][PASSED] - Click button "Upload"

2020-10-28 17:50:37 - [TEST_STEP][PASSED] - Upload file "new_captcha1500.png": Upload file "new_captcha1500.png"

2020-10-28 17:50:37 - [MESSAGE][PASSED] - Switched to window with index: '0'

2020-10-28 17:50:51 - [MESSAGE][PASSED] - Upload file "new_captcha1500.png"

2020-10-28 17:50:51 - [TEST_STEP][PASSED] - Click button "Check SLIK": Click button "Check SLIK"

2020-10-28 17:50:51 - [MESSAGE][INFO] - >>>>>//Button[contains(text(),'Check SLIK')]

2020-10-28 17:50:54 - [MESSAGE][PASSED] - Object: '' is clicked on

2020-10-28 17:50:54 - [MESSAGE][PASSED] - Click button "Check SLIK"

2020-10-28 17:50:54 - [TEST_STEP][PASSED] - Get text from pop up "Confirmation Submit Request" with text "Are you sure to submit this data ?": Get text from pop up "Confirmation Submit Request" with text "Are you sure to submit this data ?"

2020-10-28 17:50:56 - [MESSAGE][PASSED] - Taking screenshot successfully
[[ATTACHMENT|/Users/chaidir.pratama01/Documents/Docs/Katalon Studio/Screenshot/errorpopup.png]]

2020-10-28 17:50:56 - [MESSAGE][PASSED] - Object '' is present

2020-10-28 17:50:56 - [MESSAGE][PASSED] - Wait for page load successfully

2020-10-28 17:50:56 - [MESSAGE][PASSED] - Wait for page load successfully

2020-10-28 17:50:56 - [MESSAGE][PASSED] - Get text from pop up "Confirmation Submit Request" with text "Are you sure to submit this data ?"

2020-10-28 17:50:56 - [TEST_STEP][PASSED] - Click button "Yes": Click button "Yes"

2020-10-28 17:50:56 - [MESSAGE][INFO] - >>>>>//Button[contains(text(),'Yes')]

2020-10-28 17:50:59 - [MESSAGE][PASSED] - Object: '' is clicked on

2020-10-28 17:50:59 - [MESSAGE][PASSED] - Click button "Yes"

2020-10-28 17:50:59 - [TEST_STEP][PASSED] - Verify KTP Number Request Success: Verify KTP Number Request Success

2020-10-28 17:51:20 - [MESSAGE][PASSED] - Object '' is present

2020-10-28 17:51:20 - [MESSAGE][PASSED] - Verify KTP Number Request Success

2020-10-28 17:51:20 - [TEST_STEP][PASSED] - Click button "OK": Click button "OK"

2020-10-28 17:51:20 - [MESSAGE][INFO] - >>>>>//Button[contains(text(),'OK')]

2020-10-28 17:51:23 - [MESSAGE][PASSED] - Object: '' is clicked on

2020-10-28 17:51:23 - [MESSAGE][PASSED] - Click button "OK"

2020-10-28 17:51:23 - [TEST_STEP][PASSED] - Click button "Logout": Click button "Logout"

2020-10-28 17:51:23 - [MESSAGE][INFO] - >>>>>//Button[contains(text(),'Logout')]

2020-10-28 17:51:27 - [MESSAGE][PASSED] - Object: '' is clicked on

2020-10-28 17:51:27 - [MESSAGE][PASSED] - Click button "Logout"

2020-10-28 17:51:27 - [TEST_STEP][PASSED] - Close browser: Close browser

2020-10-28 17:51:27 - [MESSAGE][PASSED] - Browser is closed

2020-10-28 17:51:27 - [MESSAGE][PASSED] - Close browser

2020-10-28 17:51:27 - [MESSAGE][PASSED] - Feature file: 'Include/features/IST_Real/SLIK/SLIK Gateway Non Customer/SLIK Gateway Non Customer Checking.feature' was passed]]></system-out>
         <system-err><![CDATA[]]></system-err>
      </testcase>
      <testcase name="Test Cases/IST_Real/SLIK/SLIK_Gateway_Non_Customer/SELECT KTP NUMBER NON CUSTOMER from DB" time="1.181" classname="Test Cases/IST_Real/SLIK/SLIK_Gateway_Non_Customer/SELECT KTP NUMBER NON CUSTOMER from DB" status="PASSED">
         <system-out><![CDATA[2020-10-28 17:51:27 - [TEST_CASE][PASSED] - Test Cases/IST_Real/SLIK/SLIK_Gateway_Non_Customer/SELECT KTP NUMBER NON CUSTOMER from DB: Test Cases/IST_Real/SLIK/SLIK_Gateway_Non_Customer/SELECT KTP NUMBER NON CUSTOMER from DB

2020-10-28 17:51:27 - [TEST_STEP][PASSED] - runFeatureFile("Include/features/IST_Real/SLIK/SLIK Gateway Non Customer/SELECT_KTP_NUMBER_NON_CUSTOMER_from_DB.feature"): Feature file: 'Include/features/IST_Real/SLIK/SLIK Gateway Non Customer/SELECT_KTP_NUMBER_NON_CUSTOMER_from_DB.feature' was passed

2020-10-28 17:51:27 - [MESSAGE][INFO] - Starting run keyword runFeatureFile: 'Include/features/IST_Real/SLIK/SLIK Gateway Non Customer/SELECT_KTP_NUMBER_NON_CUSTOMER_from_DB.feature' and extract report to folder: '/Users/chaidir.pratama01/Katalon Studio/IST_Automation_Git/Reports/20201028_174826/SLIK/TS_SLIK_Gateway_Non_Customer/20201028_174826/cucumber_report/1603882287336'...

2020-10-28 17:51:27 - [TEST_CASE][PASSED] - Start Test Case : SCENARIO SELECT KTP Number Non Customer From Table SLIK_DATA_CUSTOMER: SCENARIO SELECT KTP Number Non Customer From Table SLIK_DATA_CUSTOMER

2020-10-28 17:51:27 - [TEST_STEP][PASSED] - Connect to Database: Connect to Database

2020-10-28 17:51:28 - [MESSAGE][PASSED] - Connect to Database

2020-10-28 17:51:28 - [TEST_STEP][PASSED] - Check KTP Number Non Customer in DB: Check KTP Number Non Customer in DB

2020-10-28 17:51:28 - [MESSAGE][PASSED] - Check KTP Number Non Customer in DB

2020-10-28 17:51:28 - [MESSAGE][PASSED] - Feature file: 'Include/features/IST_Real/SLIK/SLIK Gateway Non Customer/SELECT_KTP_NUMBER_NON_CUSTOMER_from_DB.feature' was passed]]></system-out>
         <system-err><![CDATA[]]></system-err>
      </testcase>
      <testcase name="Test Cases/IST_Real/SLIK/SLIK_Gateway_Non_Customer/SLIK Gateway Non Customer Search By KTP" time="14.476" classname="Test Cases/IST_Real/SLIK/SLIK_Gateway_Non_Customer/SLIK Gateway Non Customer Search By KTP" status="PASSED">
         <system-out><![CDATA[2020-10-28 17:51:28 - [TEST_CASE][PASSED] - Test Cases/IST_Real/SLIK/SLIK_Gateway_Non_Customer/SLIK Gateway Non Customer Search By KTP: Test Cases/IST_Real/SLIK/SLIK_Gateway_Non_Customer/SLIK Gateway Non Customer Search By KTP

2020-10-28 17:51:28 - [TEST_STEP][PASSED] - runFeatureFile("Include/features/IST_Real/SLIK/SLIK Gateway Non Customer/SLIK_Gateaway_Non_Customer_Search_By_KTP.feature"): Feature file: 'Include/features/IST_Real/SLIK/SLIK Gateway Non Customer/SLIK_Gateaway_Non_Customer_Search_By_KTP.feature' was passed

2020-10-28 17:51:28 - [MESSAGE][INFO] - Starting run keyword runFeatureFile: 'Include/features/IST_Real/SLIK/SLIK Gateway Non Customer/SLIK_Gateaway_Non_Customer_Search_By_KTP.feature' and extract report to folder: '/Users/chaidir.pratama01/Katalon Studio/IST_Automation_Git/Reports/20201028_174826/SLIK/TS_SLIK_Gateway_Non_Customer/20201028_174826/cucumber_report/1603882288507'...

2020-10-28 17:51:28 - [TEST_CASE][PASSED] - Start Test Case : SCENARIO SLIK Gateway Non Customer Search Result: SCENARIO SLIK Gateway Non Customer Search Result

2020-10-28 17:51:28 - [TEST_STEP][PASSED] - Go to ISTools: Go to ISTools

2020-10-28 17:51:28 - [MESSAGE][INFO] - Starting 'Chrome' driver

2020-10-28 17:51:28 - [MESSAGE][INFO] - User set preference: ['AcceptInsecureCerts', 'true']

2020-10-28 17:51:28 - [MESSAGE][INFO] - User set preference: ['args', '[ignore-certificate-errors]']

2020-10-28 17:51:28 - [MESSAGE][INFO] - Action delay is set to 0 milliseconds

2020-10-28 17:51:29 - [MESSAGE][PASSED] - Browser is opened with url: ''

2020-10-28 17:51:30 - [MESSAGE][PASSED] - Navigate to 'https://id-ist01preprod.id.nonprod/ist/' successfully

2020-10-28 17:51:30 - [MESSAGE][PASSED] - Go to ISTools

2020-10-28 17:51:30 - [TEST_STEP][PASSED] - Login IST with valid credentials: Login IST with valid credentials

2020-10-28 17:51:31 - [MESSAGE][PASSED] - Text 'mobile.test' is set on object 'Object Repository/Page_/input_Username_j_username'

2020-10-28 17:51:31 - [MESSAGE][PASSED] - Text ****** has been set on object 'Object Repository/Page_/input_Password_j_password'

2020-10-28 17:51:32 - [MESSAGE][PASSED] - Object: 'Object Repository/Page_/button_Login' is clicked on

2020-10-28 17:51:32 - [MESSAGE][PASSED] - Login IST with valid credentials

2020-10-28 17:51:32 - [TEST_STEP][PASSED] - Login Success for contract dispatcher: Login Success for contract dispatcher

2020-10-28 17:51:32 - [MESSAGE][INFO] - Login Success

2020-10-28 17:51:32 - [MESSAGE][PASSED] - Current window maximized

2020-10-28 17:51:32 - [MESSAGE][PASSED] - Object 'Object Repository/Page_/h1_Welcome to IT Supporting Tools' is present

2020-10-28 17:51:32 - [MESSAGE][PASSED] - Login Success for contract dispatcher

2020-10-28 17:51:32 - [TEST_STEP][PASSED] - Select Menu SLIK Gateway NonCustomer: Select Menu SLIK Gateway NonCustomer

2020-10-28 17:51:33 - [MESSAGE][PASSED] - Object '' is present

2020-10-28 17:51:33 - [MESSAGE][PASSED] - Object: '' is clicked on

2020-10-28 17:51:33 - [MESSAGE][PASSED] - Wait for page load successfully

2020-10-28 17:51:33 - [MESSAGE][PASSED] - Select Menu SLIK Gateway NonCustomer

2020-10-28 17:51:33 - [TEST_STEP][PASSED] - Input Data KTP Number for Search Result: Input Data KTP Number for Search Result

2020-10-28 17:51:34 - [MESSAGE][PASSED] - Scroll to object '' successfully

2020-10-28 17:51:34 - [MESSAGE][PASSED] - Text '8888888888888888' is set on object ''

2020-10-28 17:51:34 - [MESSAGE][PASSED] - Input Data KTP Number for Search Result

2020-10-28 17:51:34 - [TEST_STEP][PASSED] - Click button "Search": Click button "Search"

2020-10-28 17:51:34 - [MESSAGE][INFO] - >>>>>//Button[contains(text(),'Search')]

2020-10-28 17:51:38 - [MESSAGE][PASSED] - Object: '' is clicked on

2020-10-28 17:51:38 - [MESSAGE][PASSED] - Click button "Search"

2020-10-28 17:51:38 - [TEST_STEP][PASSED] - Verify Search Result with KTP Number: Verify Search Result with KTP Number

2020-10-28 17:51:38 - [MESSAGE][PASSED] - Object '' is present

2020-10-28 17:51:38 - [MESSAGE][PASSED] - Verify Search Result with KTP Number

2020-10-28 17:51:38 - [TEST_STEP][PASSED] - Verify Search Result data: Verify Search Result data

2020-10-28 17:51:39 - [MESSAGE][PASSED] - Scroll to object '' successfully

2020-10-28 17:51:39 - [MESSAGE][PASSED] - Object '' is present

2020-10-28 17:51:39 - [MESSAGE][PASSED] - Verify Search Result data

2020-10-28 17:51:39 - [TEST_STEP][PASSED] - Click button "Logout": Click button "Logout"

2020-10-28 17:51:39 - [MESSAGE][INFO] - >>>>>//Button[contains(text(),'Logout')]

2020-10-28 17:51:42 - [MESSAGE][PASSED] - Object: '' is clicked on

2020-10-28 17:51:42 - [MESSAGE][PASSED] - Click button "Logout"

2020-10-28 17:51:42 - [TEST_STEP][PASSED] - Close browser: Close browser

2020-10-28 17:51:42 - [MESSAGE][PASSED] - Browser is closed

2020-10-28 17:51:42 - [MESSAGE][PASSED] - Close browser

2020-10-28 17:51:42 - [MESSAGE][PASSED] - Feature file: 'Include/features/IST_Real/SLIK/SLIK Gateway Non Customer/SLIK_Gateaway_Non_Customer_Search_By_KTP.feature' was passed]]></system-out>
         <system-err><![CDATA[]]></system-err>
      </testcase>
      <testcase name="Test Cases/IST_Real/SLIK/SLIK_Gateway_Non_Customer/SLIK Gateway Non Customer Search By Status REQUESTED" time="15.003" classname="Test Cases/IST_Real/SLIK/SLIK_Gateway_Non_Customer/SLIK Gateway Non Customer Search By Status REQUESTED" status="PASSED">
         <system-out><![CDATA[2020-10-28 17:51:42 - [TEST_CASE][PASSED] - Test Cases/IST_Real/SLIK/SLIK_Gateway_Non_Customer/SLIK Gateway Non Customer Search By Status REQUESTED: Test Cases/IST_Real/SLIK/SLIK_Gateway_Non_Customer/SLIK Gateway Non Customer Search By Status REQUESTED

2020-10-28 17:51:42 - [TEST_STEP][PASSED] - runFeatureFile("Include/features/IST_Real/SLIK/SLIK Gateway Non Customer/SLIK_Gateway_Non_Customer_Search_By_Status_REQUESTED.feature"): Feature file: 'Include/features/IST_Real/SLIK/SLIK Gateway Non Customer/SLIK_Gateway_Non_Customer_Search_By_Status_REQUESTED.feature' was passed

2020-10-28 17:51:42 - [MESSAGE][INFO] - Starting run keyword runFeatureFile: 'Include/features/IST_Real/SLIK/SLIK Gateway Non Customer/SLIK_Gateway_Non_Customer_Search_By_Status_REQUESTED.feature' and extract report to folder: '/Users/chaidir.pratama01/Katalon Studio/IST_Automation_Git/Reports/20201028_174826/SLIK/TS_SLIK_Gateway_Non_Customer/20201028_174826/cucumber_report/1603882302998'...

2020-10-28 17:51:43 - [TEST_CASE][PASSED] - Start Test Case : SCENARIO Search Result by Status: SCENARIO Search Result by Status

2020-10-28 17:51:43 - [TEST_STEP][PASSED] - Go to ISTools: Go to ISTools

2020-10-28 17:51:43 - [MESSAGE][INFO] - Starting 'Chrome' driver

2020-10-28 17:51:43 - [MESSAGE][INFO] - User set preference: ['AcceptInsecureCerts', 'true']

2020-10-28 17:51:43 - [MESSAGE][INFO] - User set preference: ['args', '[ignore-certificate-errors]']

2020-10-28 17:51:43 - [MESSAGE][INFO] - Action delay is set to 0 milliseconds

2020-10-28 17:51:44 - [MESSAGE][PASSED] - Browser is opened with url: ''

2020-10-28 17:51:44 - [MESSAGE][PASSED] - Navigate to 'https://id-ist01preprod.id.nonprod/ist/' successfully

2020-10-28 17:51:44 - [MESSAGE][PASSED] - Go to ISTools

2020-10-28 17:51:44 - [TEST_STEP][PASSED] - Login IST with valid credentials: Login IST with valid credentials

2020-10-28 17:51:45 - [MESSAGE][PASSED] - Text 'mobile.test' is set on object 'Object Repository/Page_/input_Username_j_username'

2020-10-28 17:51:46 - [MESSAGE][PASSED] - Text ****** has been set on object 'Object Repository/Page_/input_Password_j_password'

2020-10-28 17:51:46 - [MESSAGE][PASSED] - Object: 'Object Repository/Page_/button_Login' is clicked on

2020-10-28 17:51:46 - [MESSAGE][PASSED] - Login IST with valid credentials

2020-10-28 17:51:46 - [TEST_STEP][PASSED] - Login Success for contract dispatcher: Login Success for contract dispatcher

2020-10-28 17:51:46 - [MESSAGE][INFO] - Login Success

2020-10-28 17:51:46 - [MESSAGE][PASSED] - Current window maximized

2020-10-28 17:51:47 - [MESSAGE][PASSED] - Object 'Object Repository/Page_/h1_Welcome to IT Supporting Tools' is present

2020-10-28 17:51:47 - [MESSAGE][PASSED] - Login Success for contract dispatcher

2020-10-28 17:51:47 - [TEST_STEP][PASSED] - Select Menu SLIK Gateway NonCustomer: Select Menu SLIK Gateway NonCustomer

2020-10-28 17:51:47 - [MESSAGE][PASSED] - Object '' is present

2020-10-28 17:51:47 - [MESSAGE][PASSED] - Object: '' is clicked on

2020-10-28 17:51:47 - [MESSAGE][PASSED] - Wait for page load successfully

2020-10-28 17:51:47 - [MESSAGE][PASSED] - Select Menu SLIK Gateway NonCustomer

2020-10-28 17:51:47 - [TEST_STEP][PASSED] - Select Status is "REQUESTED": Select Status is "REQUESTED"

2020-10-28 17:51:49 - [MESSAGE][PASSED] - All options with value 'REQUESTED' are selected in object ''  using regular expression

2020-10-28 17:51:49 - [MESSAGE][PASSED] - Select Status is "REQUESTED"

2020-10-28 17:51:49 - [TEST_STEP][PASSED] - Click button "Search": Click button "Search"

2020-10-28 17:51:49 - [MESSAGE][INFO] - >>>>>//Button[contains(text(),'Search')]

2020-10-28 17:51:52 - [MESSAGE][PASSED] - Object: '' is clicked on

2020-10-28 17:51:52 - [MESSAGE][PASSED] - Click button "Search"

2020-10-28 17:51:52 - [TEST_STEP][PASSED] - Verify Search Result Based on Result Status: Verify Search Result Based on Result Status

2020-10-28 17:51:53 - [MESSAGE][PASSED] - Scroll to object '' successfully

2020-10-28 17:51:53 - [MESSAGE][PASSED] - Actual text and expected text of test object '' are matched.

2020-10-28 17:51:53 - [MESSAGE][PASSED] - Text of object '' is: 'REQUESTED -'

2020-10-28 17:51:54 - [MESSAGE][PASSED] - Text of object '' is: '8888888888888888'

2020-10-28 17:51:54 - [MESSAGE][PASSED] - Verify Search Result Based on Result Status

2020-10-28 17:51:54 - [TEST_STEP][PASSED] - Click button "Logout": Click button "Logout"

2020-10-28 17:51:54 - [MESSAGE][INFO] - >>>>>//Button[contains(text(),'Logout')]

2020-10-28 17:51:57 - [MESSAGE][PASSED] - Object: '' is clicked on

2020-10-28 17:51:57 - [MESSAGE][PASSED] - Click button "Logout"

2020-10-28 17:51:57 - [TEST_STEP][PASSED] - Close browser: Close browser

2020-10-28 17:51:57 - [MESSAGE][PASSED] - Browser is closed

2020-10-28 17:51:57 - [MESSAGE][PASSED] - Close browser

2020-10-28 17:51:57 - [MESSAGE][PASSED] - Feature file: 'Include/features/IST_Real/SLIK/SLIK Gateway Non Customer/SLIK_Gateway_Non_Customer_Search_By_Status_REQUESTED.feature' was passed]]></system-out>
         <system-err><![CDATA[]]></system-err>
      </testcase>
      <testcase name="Test Cases/IST_Real/SLIK/SLIK_Gateway_Non_Customer/SLIK Gateway Non Customer View Detail when Status REQUESTED" time="16.215" classname="Test Cases/IST_Real/SLIK/SLIK_Gateway_Non_Customer/SLIK Gateway Non Customer View Detail when Status REQUESTED" status="PASSED">
         <system-out><![CDATA[2020-10-28 17:51:57 - [TEST_CASE][PASSED] - Test Cases/IST_Real/SLIK/SLIK_Gateway_Non_Customer/SLIK Gateway Non Customer View Detail when Status REQUESTED: Test Cases/IST_Real/SLIK/SLIK_Gateway_Non_Customer/SLIK Gateway Non Customer View Detail when Status REQUESTED

2020-10-28 17:51:58 - [TEST_STEP][PASSED] - runFeatureFile("Include/features/IST_Real/SLIK/SLIK Gateway Non Customer/SLIK_Gateway_Non_Customer_View_Detail_when_Status_REQUESTED.feature"): Feature file: 'Include/features/IST_Real/SLIK/SLIK Gateway Non Customer/SLIK_Gateway_Non_Customer_View_Detail_when_Status_REQUESTED.feature' was passed

2020-10-28 17:51:58 - [MESSAGE][INFO] - Starting run keyword runFeatureFile: 'Include/features/IST_Real/SLIK/SLIK Gateway Non Customer/SLIK_Gateway_Non_Customer_View_Detail_when_Status_REQUESTED.feature' and extract report to folder: '/Users/chaidir.pratama01/Katalon Studio/IST_Automation_Git/Reports/20201028_174826/SLIK/TS_SLIK_Gateway_Non_Customer/20201028_174826/cucumber_report/1603882318001'...

2020-10-28 17:51:58 - [TEST_CASE][PASSED] - Start Test Case : SCENARIO SLIK Gateway Non Customer View Detail Link: SCENARIO SLIK Gateway Non Customer View Detail Link

2020-10-28 17:51:58 - [TEST_STEP][PASSED] - Go to ISTools: Go to ISTools

2020-10-28 17:51:58 - [MESSAGE][INFO] - Starting 'Chrome' driver

2020-10-28 17:51:58 - [MESSAGE][INFO] - User set preference: ['AcceptInsecureCerts', 'true']

2020-10-28 17:51:58 - [MESSAGE][INFO] - User set preference: ['args', '[ignore-certificate-errors]']

2020-10-28 17:51:58 - [MESSAGE][INFO] - Action delay is set to 0 milliseconds

2020-10-28 17:51:59 - [MESSAGE][PASSED] - Browser is opened with url: ''

2020-10-28 17:51:59 - [MESSAGE][PASSED] - Navigate to 'https://id-ist01preprod.id.nonprod/ist/' successfully

2020-10-28 17:51:59 - [MESSAGE][PASSED] - Go to ISTools

2020-10-28 17:51:59 - [TEST_STEP][PASSED] - Login IST with valid credentials: Login IST with valid credentials

2020-10-28 17:52:00 - [MESSAGE][PASSED] - Text 'mobile.test' is set on object 'Object Repository/Page_/input_Username_j_username'

2020-10-28 17:52:01 - [MESSAGE][PASSED] - Text ****** has been set on object 'Object Repository/Page_/input_Password_j_password'

2020-10-28 17:52:01 - [MESSAGE][PASSED] - Object: 'Object Repository/Page_/button_Login' is clicked on

2020-10-28 17:52:01 - [MESSAGE][PASSED] - Login IST with valid credentials

2020-10-28 17:52:01 - [TEST_STEP][PASSED] - Login Success for contract dispatcher: Login Success for contract dispatcher

2020-10-28 17:52:01 - [MESSAGE][INFO] - Login Success

2020-10-28 17:52:01 - [MESSAGE][PASSED] - Current window maximized

2020-10-28 17:52:02 - [MESSAGE][PASSED] - Object 'Object Repository/Page_/h1_Welcome to IT Supporting Tools' is present

2020-10-28 17:52:02 - [MESSAGE][PASSED] - Login Success for contract dispatcher

2020-10-28 17:52:02 - [TEST_STEP][PASSED] - Select Menu SLIK Gateway NonCustomer: Select Menu SLIK Gateway NonCustomer

2020-10-28 17:52:02 - [MESSAGE][PASSED] - Object '' is present

2020-10-28 17:52:02 - [MESSAGE][PASSED] - Object: '' is clicked on

2020-10-28 17:52:02 - [MESSAGE][PASSED] - Wait for page load successfully

2020-10-28 17:52:02 - [MESSAGE][PASSED] - Select Menu SLIK Gateway NonCustomer

2020-10-28 17:52:02 - [TEST_STEP][PASSED] - Select Status is "REQUESTED": Select Status is "REQUESTED"

2020-10-28 17:52:04 - [MESSAGE][PASSED] - All options with value 'REQUESTED' are selected in object ''  using regular expression

2020-10-28 17:52:04 - [MESSAGE][PASSED] - Select Status is "REQUESTED"

2020-10-28 17:52:04 - [TEST_STEP][PASSED] - Click button "Search": Click button "Search"

2020-10-28 17:52:04 - [MESSAGE][INFO] - >>>>>//Button[contains(text(),'Search')]

2020-10-28 17:52:07 - [MESSAGE][PASSED] - Object: '' is clicked on

2020-10-28 17:52:07 - [MESSAGE][PASSED] - Click button "Search"

2020-10-28 17:52:07 - [TEST_STEP][PASSED] - Verify Search Result Based on Result Status: Verify Search Result Based on Result Status

2020-10-28 17:52:08 - [MESSAGE][PASSED] - Scroll to object '' successfully

2020-10-28 17:52:08 - [MESSAGE][PASSED] - Actual text and expected text of test object '' are matched.

2020-10-28 17:52:09 - [MESSAGE][PASSED] - Text of object '' is: 'REQUESTED -'

2020-10-28 17:52:09 - [MESSAGE][PASSED] - Text of object '' is: '8888888888888888'

2020-10-28 17:52:09 - [MESSAGE][PASSED] - Verify Search Result Based on Result Status

2020-10-28 17:52:09 - [TEST_STEP][PASSED] - Click View Detail Link: Click View Detail Link

2020-10-28 17:52:09 - [MESSAGE][PASSED] - Web element with id: '' located by 'By.xpath: //span[text()='Search Result']/../../../following-sibling::div[@class='z-groupbox-content']/div[@class='z-grid']/div[@class='z-grid-body']/table/tbody/tr/td[7]/div/div/span' is not present after '3' second(s)

2020-10-28 17:52:09 - [MESSAGE][PASSED] - Click View Detail Link

2020-10-28 17:52:09 - [TEST_STEP][PASSED] - Take Screenshot "View_detail_NonCutomer.png": Take Screenshot "View_detail_NonCutomer.png"

2020-10-28 17:52:10 - [MESSAGE][PASSED] - Taking screenshot successfully
[[ATTACHMENT|/Users/chaidir.pratama01/Katalon Studio/IST_Automation_Git/img/View_detail_NonCutomer.png]]

2020-10-28 17:52:10 - [MESSAGE][PASSED] - Take Screenshot "View_detail_NonCutomer.png"

2020-10-28 17:52:10 - [TEST_STEP][PASSED] - Verify Slik Result Detail Link: Verify Slik Result Detail Link

2020-10-28 17:52:10 - [MESSAGE][PASSED] - Verify Slik Result Detail Link

2020-10-28 17:52:10 - [TEST_STEP][PASSED] - Click button "Logout": Click button "Logout"

2020-10-28 17:52:10 - [MESSAGE][INFO] - >>>>>//Button[contains(text(),'Logout')]

2020-10-28 17:52:14 - [MESSAGE][PASSED] - Object: '' is clicked on

2020-10-28 17:52:14 - [MESSAGE][PASSED] - Click button "Logout"

2020-10-28 17:52:14 - [TEST_STEP][PASSED] - Close browser: Close browser

2020-10-28 17:52:14 - [MESSAGE][PASSED] - Browser is closed

2020-10-28 17:52:14 - [MESSAGE][PASSED] - Close browser

2020-10-28 17:52:14 - [MESSAGE][PASSED] - Feature file: 'Include/features/IST_Real/SLIK/SLIK Gateway Non Customer/SLIK_Gateway_Non_Customer_View_Detail_when_Status_REQUESTED.feature' was passed]]></system-out>
         <system-err><![CDATA[]]></system-err>
      </testcase>
      <testcase name="Test Cases/IST_Real/SLIK/SLIK_Gateway_Approval_Non_Customer/Approve KTP Number" time="31.098" classname="Test Cases/IST_Real/SLIK/SLIK_Gateway_Approval_Non_Customer/Approve KTP Number" status="PASSED">
         <system-out><![CDATA[2020-10-28 17:52:14 - [TEST_CASE][PASSED] - Test Cases/IST_Real/SLIK/SLIK_Gateway_Approval_Non_Customer/Approve KTP Number: Test Cases/IST_Real/SLIK/SLIK_Gateway_Approval_Non_Customer/Approve KTP Number

2020-10-28 17:52:14 - [TEST_STEP][PASSED] - runFeatureFile("Include/features/IST_Real/SLIK/SLIK Gateway Approval Non Customer/Approve_KTP_Number.feature"): Feature file: 'Include/features/IST_Real/SLIK/SLIK Gateway Approval Non Customer/Approve_KTP_Number.feature' was passed

2020-10-28 17:52:14 - [MESSAGE][INFO] - Starting run keyword runFeatureFile: 'Include/features/IST_Real/SLIK/SLIK Gateway Approval Non Customer/Approve_KTP_Number.feature' and extract report to folder: '/Users/chaidir.pratama01/Katalon Studio/IST_Automation_Git/Reports/20201028_174826/SLIK/TS_SLIK_Gateway_Non_Customer/20201028_174826/cucumber_report/1603882334235'...

2020-10-28 17:52:14 - [TEST_CASE][PASSED] - Start Test Case : SCENARIO Approve KTP Number by Checker: SCENARIO Approve KTP Number by Checker

2020-10-28 17:52:14 - [TEST_STEP][PASSED] - Go to ISTools: Go to ISTools

2020-10-28 17:52:14 - [MESSAGE][INFO] - Starting 'Chrome' driver

2020-10-28 17:52:14 - [MESSAGE][INFO] - User set preference: ['AcceptInsecureCerts', 'true']

2020-10-28 17:52:14 - [MESSAGE][INFO] - User set preference: ['args', '[ignore-certificate-errors]']

2020-10-28 17:52:14 - [MESSAGE][INFO] - Action delay is set to 0 milliseconds

2020-10-28 17:52:15 - [MESSAGE][PASSED] - Browser is opened with url: ''

2020-10-28 17:52:16 - [MESSAGE][PASSED] - Navigate to 'https://id-ist01preprod.id.nonprod/ist/' successfully

2020-10-28 17:52:16 - [MESSAGE][PASSED] - Go to ISTools

2020-10-28 17:52:16 - [TEST_STEP][PASSED] - Login IST with valid credentials: Login IST with valid credentials

2020-10-28 17:52:17 - [MESSAGE][PASSED] - Text 'mobile.test' is set on object 'Object Repository/Page_/input_Username_j_username'

2020-10-28 17:52:17 - [MESSAGE][PASSED] - Text ****** has been set on object 'Object Repository/Page_/input_Password_j_password'

2020-10-28 17:52:18 - [MESSAGE][PASSED] - Object: 'Object Repository/Page_/button_Login' is clicked on

2020-10-28 17:52:18 - [MESSAGE][PASSED] - Login IST with valid credentials

2020-10-28 17:52:18 - [TEST_STEP][PASSED] - Login Success for contract dispatcher: Login Success for contract dispatcher

2020-10-28 17:52:18 - [MESSAGE][INFO] - Login Success

2020-10-28 17:52:18 - [MESSAGE][PASSED] - Current window maximized

2020-10-28 17:52:18 - [MESSAGE][PASSED] - Object 'Object Repository/Page_/h1_Welcome to IT Supporting Tools' is present

2020-10-28 17:52:18 - [MESSAGE][PASSED] - Login Success for contract dispatcher

2020-10-28 17:52:18 - [TEST_STEP][PASSED] - Select Menu "SLIK Gateway Approval Non Customer": Select Menu "SLIK Gateway Approval Non Customer"

2020-10-28 17:52:19 - [MESSAGE][PASSED] - Taking screenshot successfully
[[ATTACHMENT|/Users/chaidir.pratama01/Documents/Docs/Katalon Studio/Screenshot/test-SLIK Gateway Approval Non Customer.png]]

2020-10-28 17:52:19 - [MESSAGE][PASSED] - Object '' is present

2020-10-28 17:52:20 - [MESSAGE][PASSED] - Object: '' is clicked on

2020-10-28 17:52:20 - [MESSAGE][PASSED] - Wait for page load successfully

2020-10-28 17:52:20 - [MESSAGE][PASSED] - Select Menu "SLIK Gateway Approval Non Customer"

2020-10-28 17:52:20 - [TEST_STEP][PASSED] - Verify Table Result Exist: Verify Table Result Exist

2020-10-28 17:52:20 - [MESSAGE][PASSED] - Object '' is present

2020-10-28 17:52:20 - [MESSAGE][PASSED] - Verify Table Result Exist

2020-10-28 17:52:20 - [TEST_STEP][PASSED] - Get Data From Table: Get Data From Table

2020-10-28 17:52:21 - [MESSAGE][PASSED] - Object '' is present

2020-10-28 17:52:22 - [MESSAGE][PASSED] - Text of object '' is: '1'

2020-10-28 17:52:22 - [MESSAGE][PASSED] - Text of object '' is: '8888888888888888'

2020-10-28 17:52:22 - [MESSAGE][PASSED] - Text of object '' is: 'OPEX TestingAuto'

2020-10-28 17:52:23 - [MESSAGE][PASSED] - Text of object '' is: 'View Document'

2020-10-28 17:52:23 - [MESSAGE][PASSED] - Text of object '' is: ''

2020-10-28 17:52:23 - [MESSAGE][PASSED] - Get Data From Table

2020-10-28 17:52:23 - [TEST_STEP][PASSED] - Click Checkbox Validate: Click Checkbox Validate

2020-10-28 17:52:23 - [MESSAGE][PASSED] - Text of object '' is: '8888888888888888'

2020-10-28 17:52:24 - [MESSAGE][PASSED] - Object: '' is clicked on

2020-10-28 17:52:24 - [MESSAGE][PASSED] - Click Checkbox Validate

2020-10-28 17:52:24 - [TEST_STEP][PASSED] - Click button "Continue": Click button "Continue"

2020-10-28 17:52:24 - [MESSAGE][INFO] - >>>>>//Button[contains(text(),'Continue')]

2020-10-28 17:52:27 - [MESSAGE][PASSED] - Object: '' is clicked on

2020-10-28 17:52:27 - [MESSAGE][PASSED] - Click button "Continue"

2020-10-28 17:52:27 - [TEST_STEP][PASSED] - Click Checkbox Saya Setuju: Click Checkbox Saya Setuju

2020-10-28 17:52:28 - [MESSAGE][PASSED] - Object '' is present

2020-10-28 17:52:28 - [MESSAGE][PASSED] - Object: '' is clicked on

2020-10-28 17:52:28 - [MESSAGE][PASSED] - Click Checkbox Saya Setuju

2020-10-28 17:52:28 - [TEST_STEP][PASSED] - Click button "Check SLIK": Click button "Check SLIK"

2020-10-28 17:52:28 - [MESSAGE][INFO] - >>>>>//Button[contains(text(),'Check SLIK')]

2020-10-28 17:52:31 - [MESSAGE][PASSED] - Object: '' is clicked on

2020-10-28 17:52:31 - [MESSAGE][PASSED] - Click button "Check SLIK"

2020-10-28 17:52:31 - [TEST_STEP][PASSED] - Get text from pop up "Confirmation Approve Data" with text "Are you sure to SUBMIT this data ?": Get text from pop up "Confirmation Approve Data" with text "Are you sure to SUBMIT this data ?"

2020-10-28 17:52:32 - [MESSAGE][PASSED] - Taking screenshot successfully
[[ATTACHMENT|/Users/chaidir.pratama01/Documents/Docs/Katalon Studio/Screenshot/errorpopup.png]]

2020-10-28 17:52:33 - [MESSAGE][PASSED] - Object '' is present

2020-10-28 17:52:33 - [MESSAGE][PASSED] - Wait for page load successfully

2020-10-28 17:52:33 - [MESSAGE][PASSED] - Wait for page load successfully

2020-10-28 17:52:33 - [MESSAGE][PASSED] - Get text from pop up "Confirmation Approve Data" with text "Are you sure to SUBMIT this data ?"

2020-10-28 17:52:33 - [TEST_STEP][PASSED] - Click button "Yes": Click button "Yes"

2020-10-28 17:52:33 - [MESSAGE][INFO] - >>>>>//Button[contains(text(),'Yes')]

2020-10-28 17:52:36 - [MESSAGE][PASSED] - Object: '' is clicked on

2020-10-28 17:52:36 - [MESSAGE][PASSED] - Click button "Yes"

2020-10-28 17:52:36 - [TEST_STEP][PASSED] - Get text from pop up "IT Supporting Tools" with text "Data is processed": Get text from pop up "IT Supporting Tools" with text "Data is processed"

2020-10-28 17:52:38 - [MESSAGE][PASSED] - Taking screenshot successfully
[[ATTACHMENT|/Users/chaidir.pratama01/Documents/Docs/Katalon Studio/Screenshot/errorpopup.png]]

2020-10-28 17:52:38 - [MESSAGE][PASSED] - Object '' is present

2020-10-28 17:52:38 - [MESSAGE][PASSED] - Wait for page load successfully

2020-10-28 17:52:38 - [MESSAGE][PASSED] - Wait for page load successfully

2020-10-28 17:52:38 - [MESSAGE][PASSED] - Get text from pop up "IT Supporting Tools" with text "Data is processed"

2020-10-28 17:52:38 - [TEST_STEP][PASSED] - Click button "OK": Click button "OK"

2020-10-28 17:52:38 - [MESSAGE][INFO] - >>>>>//Button[contains(text(),'OK')]

2020-10-28 17:52:41 - [MESSAGE][PASSED] - Object: '' is clicked on

2020-10-28 17:52:41 - [MESSAGE][PASSED] - Click button "OK"

2020-10-28 17:52:41 - [TEST_STEP][PASSED] - Click button "Logout": Click button "Logout"

2020-10-28 17:52:41 - [MESSAGE][INFO] - >>>>>//Button[contains(text(),'Logout')]

2020-10-28 17:52:45 - [MESSAGE][PASSED] - Object: '' is clicked on

2020-10-28 17:52:45 - [MESSAGE][PASSED] - Click button "Logout"

2020-10-28 17:52:45 - [TEST_STEP][PASSED] - Close browser: Close browser

2020-10-28 17:52:45 - [MESSAGE][PASSED] - Browser is closed

2020-10-28 17:52:45 - [MESSAGE][PASSED] - Close browser

2020-10-28 17:52:45 - [MESSAGE][PASSED] - Feature file: 'Include/features/IST_Real/SLIK/SLIK Gateway Approval Non Customer/Approve_KTP_Number.feature' was passed]]></system-out>
         <system-err><![CDATA[]]></system-err>
      </testcase>
      <testcase name="Test Cases/IST_Real/SLIK/SLIK_Gateway_Non_Customer/SLIK Gateway Non Customer Search By Status APPROVED" time="16.204" classname="Test Cases/IST_Real/SLIK/SLIK_Gateway_Non_Customer/SLIK Gateway Non Customer Search By Status APPROVED" status="PASSED">
         <system-out><![CDATA[2020-10-28 17:52:45 - [TEST_CASE][PASSED] - Test Cases/IST_Real/SLIK/SLIK_Gateway_Non_Customer/SLIK Gateway Non Customer Search By Status APPROVED: Test Cases/IST_Real/SLIK/SLIK_Gateway_Non_Customer/SLIK Gateway Non Customer Search By Status APPROVED

2020-10-28 17:52:45 - [TEST_STEP][PASSED] - runFeatureFile("Include/features/IST_Real/SLIK/SLIK Gateway Non Customer/SLIK_Gateway_Non_Customer_Search_By_Status_APPROVED.feature"): Feature file: 'Include/features/IST_Real/SLIK/SLIK Gateway Non Customer/SLIK_Gateway_Non_Customer_Search_By_Status_APPROVED.feature' was passed

2020-10-28 17:52:45 - [MESSAGE][INFO] - Starting run keyword runFeatureFile: 'Include/features/IST_Real/SLIK/SLIK Gateway Non Customer/SLIK_Gateway_Non_Customer_Search_By_Status_APPROVED.feature' and extract report to folder: '/Users/chaidir.pratama01/Katalon Studio/IST_Automation_Git/Reports/20201028_174826/SLIK/TS_SLIK_Gateway_Non_Customer/20201028_174826/cucumber_report/1603882365333'...

2020-10-28 17:52:45 - [TEST_CASE][PASSED] - Start Test Case : SCENARIO Search Result by Status: SCENARIO Search Result by Status

2020-10-28 17:52:45 - [TEST_STEP][PASSED] - Go to ISTools: Go to ISTools

2020-10-28 17:52:45 - [MESSAGE][INFO] - Starting 'Chrome' driver

2020-10-28 17:52:45 - [MESSAGE][INFO] - User set preference: ['AcceptInsecureCerts', 'true']

2020-10-28 17:52:45 - [MESSAGE][INFO] - User set preference: ['args', '[ignore-certificate-errors]']

2020-10-28 17:52:45 - [MESSAGE][INFO] - Action delay is set to 0 milliseconds

2020-10-28 17:52:46 - [MESSAGE][PASSED] - Browser is opened with url: ''

2020-10-28 17:52:47 - [MESSAGE][PASSED] - Navigate to 'https://id-ist01preprod.id.nonprod/ist/' successfully

2020-10-28 17:52:47 - [MESSAGE][PASSED] - Go to ISTools

2020-10-28 17:52:47 - [TEST_STEP][PASSED] - Login IST with valid credentials: Login IST with valid credentials

2020-10-28 17:52:48 - [MESSAGE][PASSED] - Text 'mobile.test' is set on object 'Object Repository/Page_/input_Username_j_username'

2020-10-28 17:52:48 - [MESSAGE][PASSED] - Text ****** has been set on object 'Object Repository/Page_/input_Password_j_password'

2020-10-28 17:52:49 - [MESSAGE][PASSED] - Object: 'Object Repository/Page_/button_Login' is clicked on

2020-10-28 17:52:49 - [MESSAGE][PASSED] - Login IST with valid credentials

2020-10-28 17:52:49 - [TEST_STEP][PASSED] - Login Success for contract dispatcher: Login Success for contract dispatcher

2020-10-28 17:52:49 - [MESSAGE][INFO] - Login Success

2020-10-28 17:52:49 - [MESSAGE][PASSED] - Current window maximized

2020-10-28 17:52:49 - [MESSAGE][PASSED] - Object 'Object Repository/Page_/h1_Welcome to IT Supporting Tools' is present

2020-10-28 17:52:49 - [MESSAGE][PASSED] - Login Success for contract dispatcher

2020-10-28 17:52:49 - [TEST_STEP][PASSED] - Select Menu SLIK Gateway NonCustomer: Select Menu SLIK Gateway NonCustomer

2020-10-28 17:52:49 - [MESSAGE][PASSED] - Object '' is present

2020-10-28 17:52:50 - [MESSAGE][PASSED] - Object: '' is clicked on

2020-10-28 17:52:50 - [MESSAGE][PASSED] - Wait for page load successfully

2020-10-28 17:52:50 - [MESSAGE][PASSED] - Select Menu SLIK Gateway NonCustomer

2020-10-28 17:52:50 - [TEST_STEP][PASSED] - Select Status is "APPROVED": Select Status is "APPROVED"

2020-10-28 17:52:51 - [MESSAGE][PASSED] - All options with value 'APPROVED' are selected in object ''  using regular expression

2020-10-28 17:52:51 - [MESSAGE][PASSED] - Select Status is "APPROVED"

2020-10-28 17:52:51 - [TEST_STEP][PASSED] - Click button "Search": Click button "Search"

2020-10-28 17:52:51 - [MESSAGE][INFO] - >>>>>//Button[contains(text(),'Search')]

2020-10-28 17:52:54 - [MESSAGE][PASSED] - Object: '' is clicked on

2020-10-28 17:52:54 - [MESSAGE][PASSED] - Click button "Search"

2020-10-28 17:52:54 - [TEST_STEP][PASSED] - Verify Search Result Based on Result Status: Verify Search Result Based on Result Status

2020-10-28 17:52:55 - [MESSAGE][PASSED] - Scroll to object '' successfully

2020-10-28 17:52:56 - [MESSAGE][WARNING] - Actual text 'APPROVED -' and expected text 'APPROVED - FAILED' of test object '' are NOT matched. (Root cause: com.kms.katalon.core.exception.StepFailedException: Actual text 'APPROVED -' and expected text 'APPROVED - FAILED' of test object '' are NOT matched.
	at com.kms.katalon.core.webui.keyword.internal.WebUIKeywordMain.stepFailed(WebUIKeywordMain.groovy:64)
	at com.kms.katalon.core.webui.keyword.builtin.VerifyElementTextKeyword$_verifyElementText_closure1.doCall(VerifyElementTextKeyword.groovy:57)
	at com.kms.katalon.core.webui.keyword.builtin.VerifyElementTextKeyword$_verifyElementText_closure1.call(VerifyElementTextKeyword.groovy)
	at com.kms.katalon.core.webui.keyword.internal.WebUIKeywordMain.runKeyword(WebUIKeywordMain.groovy:20)
	at com.kms.katalon.core.webui.keyword.builtin.VerifyElementTextKeyword.verifyElementText(VerifyElementTextKeyword.groovy:72)
	at com.kms.katalon.core.webui.keyword.builtin.VerifyElementTextKeyword.execute(VerifyElementTextKeyword.groovy:40)
	at com.kms.katalon.core.keyword.internal.KeywordExecutor.executeKeywordForPlatform(KeywordExecutor.groovy:73)
	at com.kms.katalon.core.webui.keyword.WebUiBuiltInKeywords.verifyElementText(WebUiBuiltInKeywords.groovy:3673)
	at com.kms.katalon.core.webui.keyword.WebUiBuiltInKeywords$verifyElementText$21.call(Unknown Source)
	at Slik_Script.Verify_Result_Status(Slik_Script.groovy:369)
	at cucumber.runtime.Utils$1.call(Utils.java:26)
	at cucumber.runtime.Timeout.timeout(Timeout.java:16)
	at cucumber.runtime.Utils.invoke(Utils.java:20)
	at cucumber.runtime.java.JavaStepDefinition.execute(JavaStepDefinition.java:48)
	at cucumber.runtime.PickleStepDefinitionMatch.runStep(PickleStepDefinitionMatch.java:50)
	at cucumber.runner.TestStep.executeStep(TestStep.java:55)
	at cucumber.runner.TestStep.run(TestStep.java:42)
	at cucumber.runner.PickleStepTestStep.run(PickleStepTestStep.java:53)
	at cucumber.runner.TestCase.run(TestCase.java:47)
	at cucumber.runner.Runner.runPickle(Runner.java:44)
	at cucumber.runtime.Runtime.runFeature(Runtime.java:120)
	at cucumber.runtime.Runtime.run(Runtime.java:106)
	at cucumber.api.cli.Main.run(Main.java:35)
	at cucumber.api.cli.Main$run.call(Unknown Source)
	at com.kms.katalon.core.cucumber.keyword.CucumberBuiltinKeywords$_runFeatureFile_closure1.doCall(CucumberBuiltinKeywords.groovy:76)
	at com.kms.katalon.core.cucumber.keyword.CucumberBuiltinKeywords$_runFeatureFile_closure1.doCall(CucumberBuiltinKeywords.groovy)
	at com.kms.katalon.core.keyword.internal.KeywordMain.runKeyword(KeywordMain.groovy:68)
	at com.kms.katalon.core.keyword.internal.KeywordMain$runKeyword.call(Unknown Source)
	at com.kms.katalon.core.cucumber.keyword.CucumberBuiltinKeywords.runFeatureFile(CucumberBuiltinKeywords.groovy:46)
	at com.kms.katalon.core.cucumber.keyword.CucumberBuiltinKeywords$runFeatureFile$0.callStatic(Unknown Source)
	at com.kms.katalon.core.cucumber.keyword.CucumberBuiltinKeywords.runFeatureFile(CucumberBuiltinKeywords.groovy:169)
	at com.kms.katalon.core.cucumber.keyword.CucumberBuiltinKeywords$runFeatureFile.call(Unknown Source)
	at SLIK Gateway Non Customer Search By Status APPROVED.run(SLIK Gateway Non Customer Search By Status APPROVED:18)
	at com.kms.katalon.core.main.ScriptEngine.run(ScriptEngine.java:194)
	at com.kms.katalon.core.main.ScriptEngine.runScriptAsRawText(ScriptEngine.java:119)
	at com.kms.katalon.core.main.TestCaseExecutor.runScript(TestCaseExecutor.java:339)
	at com.kms.katalon.core.main.TestCaseExecutor.doExecute(TestCaseExecutor.java:330)
	at com.kms.katalon.core.main.TestCaseExecutor.processExecutionPhase(TestCaseExecutor.java:309)
	at com.kms.katalon.core.main.TestCaseExecutor.accessMainPhase(TestCaseExecutor.java:301)
	at com.kms.katalon.core.main.TestCaseExecutor.execute(TestCaseExecutor.java:235)
	at com.kms.katalon.core.main.TestSuiteExecutor.accessTestCaseMainPhase(TestSuiteExecutor.java:191)
	at com.kms.katalon.core.main.TestSuiteExecutor.accessTestSuiteMainPhase(TestSuiteExecutor.java:141)
	at com.kms.katalon.core.main.TestSuiteExecutor.execute(TestSuiteExecutor.java:90)
	at com.kms.katalon.core.main.TestCaseMain.startTestSuite(TestCaseMain.java:157)
	at com.kms.katalon.core.main.TestCaseMain$startTestSuite$0.call(Unknown Source)
	at TempTestSuite1603882106321.run(TempTestSuite1603882106321.groovy:39)
)
[[ATTACHMENT|/Users/chaidir.pratama01/Katalon Studio/IST_Automation_Git/Reports/20201028_174826/SLIK/TS_SLIK_Gateway_Non_Customer/20201028_174826/1603882375618.png]]

2020-10-28 17:52:57 - [MESSAGE][WARNING] - Actual text 'APPROVED -' and expected text 'APPROVED - SUCCESS' of test object '' are NOT matched. (Root cause: com.kms.katalon.core.exception.StepFailedException: Actual text 'APPROVED -' and expected text 'APPROVED - SUCCESS' of test object '' are NOT matched.
	at com.kms.katalon.core.webui.keyword.internal.WebUIKeywordMain.stepFailed(WebUIKeywordMain.groovy:64)
	at com.kms.katalon.core.webui.keyword.builtin.VerifyElementTextKeyword$_verifyElementText_closure1.doCall(VerifyElementTextKeyword.groovy:57)
	at com.kms.katalon.core.webui.keyword.builtin.VerifyElementTextKeyword$_verifyElementText_closure1.call(VerifyElementTextKeyword.groovy)
	at com.kms.katalon.core.webui.keyword.internal.WebUIKeywordMain.runKeyword(WebUIKeywordMain.groovy:20)
	at com.kms.katalon.core.webui.keyword.builtin.VerifyElementTextKeyword.verifyElementText(VerifyElementTextKeyword.groovy:72)
	at com.kms.katalon.core.webui.keyword.builtin.VerifyElementTextKeyword.execute(VerifyElementTextKeyword.groovy:40)
	at com.kms.katalon.core.keyword.internal.KeywordExecutor.executeKeywordForPlatform(KeywordExecutor.groovy:73)
	at com.kms.katalon.core.webui.keyword.WebUiBuiltInKeywords.verifyElementText(WebUiBuiltInKeywords.groovy:3673)
	at com.kms.katalon.core.webui.keyword.WebUiBuiltInKeywords$verifyElementText$21.call(Unknown Source)
	at Slik_Script.Verify_Result_Status(Slik_Script.groovy:369)
	at cucumber.runtime.Utils$1.call(Utils.java:26)
	at cucumber.runtime.Timeout.timeout(Timeout.java:16)
	at cucumber.runtime.Utils.invoke(Utils.java:20)
	at cucumber.runtime.java.JavaStepDefinition.execute(JavaStepDefinition.java:48)
	at cucumber.runtime.PickleStepDefinitionMatch.runStep(PickleStepDefinitionMatch.java:50)
	at cucumber.runner.TestStep.executeStep(TestStep.java:55)
	at cucumber.runner.TestStep.run(TestStep.java:42)
	at cucumber.runner.PickleStepTestStep.run(PickleStepTestStep.java:53)
	at cucumber.runner.TestCase.run(TestCase.java:47)
	at cucumber.runner.Runner.runPickle(Runner.java:44)
	at cucumber.runtime.Runtime.runFeature(Runtime.java:120)
	at cucumber.runtime.Runtime.run(Runtime.java:106)
	at cucumber.api.cli.Main.run(Main.java:35)
	at cucumber.api.cli.Main$run.call(Unknown Source)
	at com.kms.katalon.core.cucumber.keyword.CucumberBuiltinKeywords$_runFeatureFile_closure1.doCall(CucumberBuiltinKeywords.groovy:76)
	at com.kms.katalon.core.cucumber.keyword.CucumberBuiltinKeywords$_runFeatureFile_closure1.doCall(CucumberBuiltinKeywords.groovy)
	at com.kms.katalon.core.keyword.internal.KeywordMain.runKeyword(KeywordMain.groovy:68)
	at com.kms.katalon.core.keyword.internal.KeywordMain$runKeyword.call(Unknown Source)
	at com.kms.katalon.core.cucumber.keyword.CucumberBuiltinKeywords.runFeatureFile(CucumberBuiltinKeywords.groovy:46)
	at com.kms.katalon.core.cucumber.keyword.CucumberBuiltinKeywords$runFeatureFile$0.callStatic(Unknown Source)
	at com.kms.katalon.core.cucumber.keyword.CucumberBuiltinKeywords.runFeatureFile(CucumberBuiltinKeywords.groovy:169)
	at com.kms.katalon.core.cucumber.keyword.CucumberBuiltinKeywords$runFeatureFile.call(Unknown Source)
	at SLIK Gateway Non Customer Search By Status APPROVED.run(SLIK Gateway Non Customer Search By Status APPROVED:18)
	at com.kms.katalon.core.main.ScriptEngine.run(ScriptEngine.java:194)
	at com.kms.katalon.core.main.ScriptEngine.runScriptAsRawText(ScriptEngine.java:119)
	at com.kms.katalon.core.main.TestCaseExecutor.runScript(TestCaseExecutor.java:339)
	at com.kms.katalon.core.main.TestCaseExecutor.doExecute(TestCaseExecutor.java:330)
	at com.kms.katalon.core.main.TestCaseExecutor.processExecutionPhase(TestCaseExecutor.java:309)
	at com.kms.katalon.core.main.TestCaseExecutor.accessMainPhase(TestCaseExecutor.java:301)
	at com.kms.katalon.core.main.TestCaseExecutor.execute(TestCaseExecutor.java:235)
	at com.kms.katalon.core.main.TestSuiteExecutor.accessTestCaseMainPhase(TestSuiteExecutor.java:191)
	at com.kms.katalon.core.main.TestSuiteExecutor.accessTestSuiteMainPhase(TestSuiteExecutor.java:141)
	at com.kms.katalon.core.main.TestSuiteExecutor.execute(TestSuiteExecutor.java:90)
	at com.kms.katalon.core.main.TestCaseMain.startTestSuite(TestCaseMain.java:157)
	at com.kms.katalon.core.main.TestCaseMain$startTestSuite$0.call(Unknown Source)
	at TempTestSuite1603882106321.run(TempTestSuite1603882106321.groovy:39)
)
[[ATTACHMENT|/Users/chaidir.pratama01/Katalon Studio/IST_Automation_Git/Reports/20201028_174826/SLIK/TS_SLIK_Gateway_Non_Customer/20201028_174826/1603882376528.png]]

2020-10-28 17:52:57 - [MESSAGE][PASSED] - Actual text and expected text of test object '' are matched.

2020-10-28 17:52:57 - [MESSAGE][PASSED] - Text of object '' is: 'APPROVED -'

2020-10-28 17:52:57 - [MESSAGE][PASSED] - Text of object '' is: '8888888888888888'

2020-10-28 17:52:57 - [MESSAGE][PASSED] - Verify Search Result Based on Result Status

2020-10-28 17:52:57 - [TEST_STEP][PASSED] - Click button "Logout": Click button "Logout"

2020-10-28 17:52:57 - [MESSAGE][INFO] - >>>>>//Button[contains(text(),'Logout')]

2020-10-28 17:53:01 - [MESSAGE][PASSED] - Object: '' is clicked on

2020-10-28 17:53:01 - [MESSAGE][PASSED] - Click button "Logout"

2020-10-28 17:53:01 - [TEST_STEP][PASSED] - Close browser: Close browser

2020-10-28 17:53:01 - [MESSAGE][PASSED] - Browser is closed

2020-10-28 17:53:01 - [MESSAGE][PASSED] - Close browser

2020-10-28 17:53:01 - [MESSAGE][PASSED] - Feature file: 'Include/features/IST_Real/SLIK/SLIK Gateway Non Customer/SLIK_Gateway_Non_Customer_Search_By_Status_APPROVED.feature' was passed]]></system-out>
         <system-err><![CDATA[]]></system-err>
      </testcase>
      <testcase name="Test Cases/IST_Real/SLIK/SLIK_Gateway_Non_Customer/Delete KTPNumber From DB" time="0.6" classname="Test Cases/IST_Real/SLIK/SLIK_Gateway_Non_Customer/Delete KTPNumber From DB" status="PASSED">
         <system-out><![CDATA[2020-10-28 17:53:01 - [TEST_CASE][PASSED] - Test Cases/IST_Real/SLIK/SLIK_Gateway_Non_Customer/Delete KTPNumber From DB: Test Cases/IST_Real/SLIK/SLIK_Gateway_Non_Customer/Delete KTPNumber From DB

2020-10-28 17:53:01 - [TEST_STEP][PASSED] - runFeatureFile("Include/features/IST_Real/SLIK/SLIK Gateway Non Customer/Delete_KTPNumber_From_DB.feature"): Feature file: 'Include/features/IST_Real/SLIK/SLIK Gateway Non Customer/Delete_KTPNumber_From_DB.feature' was passed

2020-10-28 17:53:01 - [MESSAGE][INFO] - Starting run keyword runFeatureFile: 'Include/features/IST_Real/SLIK/SLIK Gateway Non Customer/Delete_KTPNumber_From_DB.feature' and extract report to folder: '/Users/chaidir.pratama01/Katalon Studio/IST_Automation_Git/Reports/20201028_174826/SLIK/TS_SLIK_Gateway_Non_Customer/20201028_174826/cucumber_report/1603882381524'...

2020-10-28 17:53:01 - [TEST_CASE][PASSED] - Start Test Case : SCENARIO Delete_KTPNumber_From_DB: SCENARIO Delete_KTPNumber_From_DB

2020-10-28 17:53:01 - [TEST_STEP][PASSED] - Connect to Database: Connect to Database

2020-10-28 17:53:01 - [MESSAGE][PASSED] - Connect to Database

2020-10-28 17:53:01 - [TEST_STEP][PASSED] - Delete Contract From SLIK_DATA_NonCUSTOMER: Delete Contract From SLIK_DATA_NonCUSTOMER

2020-10-28 17:53:02 - [MESSAGE][PASSED] - Delete Contract From SLIK_DATA_NonCUSTOMER

2020-10-28 17:53:02 - [MESSAGE][PASSED] - Feature file: 'Include/features/IST_Real/SLIK/SLIK Gateway Non Customer/Delete_KTPNumber_From_DB.feature' was passed]]></system-out>
         <system-err><![CDATA[]]></system-err>
      </testcase>
      <testcase name="Test Cases/IST_Real/SLIK/SLIK_Gateway_Non_Customer/SLIK Gateway Non Customer Checking" time="70.203" classname="Test Cases/IST_Real/SLIK/SLIK_Gateway_Non_Customer/SLIK Gateway Non Customer Checking" status="FAILED">
         <failure type="FAILED" message="Test Cases/IST_Real/SLIK/SLIK_Gateway_Non_Customer/SLIK Gateway Non Customer Checking FAILED.
Reason:
com.kms.katalon.core.exception.StepFailedException: Feature file 'Include/features/IST_Real/SLIK/SLIK Gateway Non Customer/SLIK Gateway Non Customer Checking.feature' was failed
	at com.kms.katalon.core.keyword.internal.KeywordMain.stepFailed(KeywordMain.groovy:50)
	at com.kms.katalon.core.keyword.internal.KeywordMain.stepFailed(KeywordMain.groovy)
	at com.kms.katalon.core.keyword.internal.KeywordMain.stepFailed(KeywordMain.groovy:23)
	at com.kms.katalon.core.keyword.internal.KeywordMain$stepFailed$0.call(Unknown Source)
	at com.kms.katalon.core.cucumber.keyword.CucumberBuiltinKeywords$_runFeatureFile_closure1.doCall(CucumberBuiltinKeywords.groovy:82)
	at com.kms.katalon.core.cucumber.keyword.CucumberBuiltinKeywords$_runFeatureFile_closure1.doCall(CucumberBuiltinKeywords.groovy)
	at com.kms.katalon.core.keyword.internal.KeywordMain.runKeyword(KeywordMain.groovy:68)
	at com.kms.katalon.core.keyword.internal.KeywordMain$runKeyword.call(Unknown Source)
	at com.kms.katalon.core.cucumber.keyword.CucumberBuiltinKeywords.runFeatureFile(CucumberBuiltinKeywords.groovy:46)
	at com.kms.katalon.core.cucumber.keyword.CucumberBuiltinKeywords$runFeatureFile$0.callStatic(Unknown Source)
	at com.kms.katalon.core.cucumber.keyword.CucumberBuiltinKeywords.runFeatureFile(CucumberBuiltinKeywords.groovy:169)
	at com.kms.katalon.core.cucumber.keyword.CucumberBuiltinKeywords$runFeatureFile.call(Unknown Source)
	at SLIK Gateway Non Customer Checking.run(SLIK Gateway Non Customer Checking:18)
	at com.kms.katalon.core.main.ScriptEngine.run(ScriptEngine.java:194)
	at com.kms.katalon.core.main.ScriptEngine.runScriptAsRawText(ScriptEngine.java:119)
	at com.kms.katalon.core.main.TestCaseExecutor.runScript(TestCaseExecutor.java:339)
	at com.kms.katalon.core.main.TestCaseExecutor.doExecute(TestCaseExecutor.java:330)
	at com.kms.katalon.core.main.TestCaseExecutor.processExecutionPhase(TestCaseExecutor.java:309)
	at com.kms.katalon.core.main.TestCaseExecutor.accessMainPhase(TestCaseExecutor.java:301)
	at com.kms.katalon.core.main.TestCaseExecutor.execute(TestCaseExecutor.java:235)
	at com.kms.katalon.core.main.TestSuiteExecutor.accessTestCaseMainPhase(TestSuiteExecutor.java:191)
	at com.kms.katalon.core.main.TestSuiteExecutor.accessTestSuiteMainPhase(TestSuiteExecutor.java:141)
	at com.kms.katalon.core.main.TestSuiteExecutor.execute(TestSuiteExecutor.java:90)
	at com.kms.katalon.core.main.TestCaseMain.startTestSuite(TestCaseMain.java:157)
	at com.kms.katalon.core.main.TestCaseMain$startTestSuite$0.call(Unknown Source)
	at TempTestSuite1603882106321.run(TempTestSuite1603882106321.groovy:39)
"/>
         <system-out><![CDATA[2020-10-28 17:53:02 - [TEST_CASE][FAILED] - Test Cases/IST_Real/SLIK/SLIK_Gateway_Non_Customer/SLIK Gateway Non Customer Checking: Test Cases/IST_Real/SLIK/SLIK_Gateway_Non_Customer/SLIK Gateway Non Customer Checking FAILED.
Reason:
com.kms.katalon.core.exception.StepFailedException: Feature file 'Include/features/IST_Real/SLIK/SLIK Gateway Non Customer/SLIK Gateway Non Customer Checking.feature' was failed
	at com.kms.katalon.core.keyword.internal.KeywordMain.stepFailed(KeywordMain.groovy:50)
	at com.kms.katalon.core.keyword.internal.KeywordMain.stepFailed(KeywordMain.groovy)
	at com.kms.katalon.core.keyword.internal.KeywordMain.stepFailed(KeywordMain.groovy:23)
	at com.kms.katalon.core.keyword.internal.KeywordMain$stepFailed$0.call(Unknown Source)
	at com.kms.katalon.core.cucumber.keyword.CucumberBuiltinKeywords$_runFeatureFile_closure1.doCall(CucumberBuiltinKeywords.groovy:82)
	at com.kms.katalon.core.cucumber.keyword.CucumberBuiltinKeywords$_runFeatureFile_closure1.doCall(CucumberBuiltinKeywords.groovy)
	at com.kms.katalon.core.keyword.internal.KeywordMain.runKeyword(KeywordMain.groovy:68)
	at com.kms.katalon.core.keyword.internal.KeywordMain$runKeyword.call(Unknown Source)
	at com.kms.katalon.core.cucumber.keyword.CucumberBuiltinKeywords.runFeatureFile(CucumberBuiltinKeywords.groovy:46)
	at com.kms.katalon.core.cucumber.keyword.CucumberBuiltinKeywords$runFeatureFile$0.callStatic(Unknown Source)
	at com.kms.katalon.core.cucumber.keyword.CucumberBuiltinKeywords.runFeatureFile(CucumberBuiltinKeywords.groovy:169)
	at com.kms.katalon.core.cucumber.keyword.CucumberBuiltinKeywords$runFeatureFile.call(Unknown Source)
	at SLIK Gateway Non Customer Checking.run(SLIK Gateway Non Customer Checking:18)
	at com.kms.katalon.core.main.ScriptEngine.run(ScriptEngine.java:194)
	at com.kms.katalon.core.main.ScriptEngine.runScriptAsRawText(ScriptEngine.java:119)
	at com.kms.katalon.core.main.TestCaseExecutor.runScript(TestCaseExecutor.java:339)
	at com.kms.katalon.core.main.TestCaseExecutor.doExecute(TestCaseExecutor.java:330)
	at com.kms.katalon.core.main.TestCaseExecutor.processExecutionPhase(TestCaseExecutor.java:309)
	at com.kms.katalon.core.main.TestCaseExecutor.accessMainPhase(TestCaseExecutor.java:301)
	at com.kms.katalon.core.main.TestCaseExecutor.execute(TestCaseExecutor.java:235)
	at com.kms.katalon.core.main.TestSuiteExecutor.accessTestCaseMainPhase(TestSuiteExecutor.java:191)
	at com.kms.katalon.core.main.TestSuiteExecutor.accessTestSuiteMainPhase(TestSuiteExecutor.java:141)
	at com.kms.katalon.core.main.TestSuiteExecutor.execute(TestSuiteExecutor.java:90)
	at com.kms.katalon.core.main.TestCaseMain.startTestSuite(TestCaseMain.java:157)
	at com.kms.katalon.core.main.TestCaseMain$startTestSuite$0.call(Unknown Source)
	at TempTestSuite1603882106321.run(TempTestSuite1603882106321.groovy:39)


2020-10-28 17:53:02 - [TEST_STEP][FAILED] - runFeatureFile("Include/features/IST_Real/SLIK/SLIK Gateway Non Customer/SLIK Gateway Non Customer Checking.feature"): Keyword runFeatureFile was failed (Root cause: com.kms.katalon.core.exception.StepFailedException: Feature file 'Include/features/IST_Real/SLIK/SLIK Gateway Non Customer/SLIK Gateway Non Customer Checking.feature' was failed
	at com.kms.katalon.core.keyword.internal.KeywordMain.stepFailed(KeywordMain.groovy:50)
	at com.kms.katalon.core.keyword.internal.KeywordMain.stepFailed(KeywordMain.groovy)
	at com.kms.katalon.core.keyword.internal.KeywordMain.stepFailed(KeywordMain.groovy:23)
	at com.kms.katalon.core.keyword.internal.KeywordMain$stepFailed$0.call(Unknown Source)
	at com.kms.katalon.core.cucumber.keyword.CucumberBuiltinKeywords$_runFeatureFile_closure1.doCall(CucumberBuiltinKeywords.groovy:82)
	at com.kms.katalon.core.cucumber.keyword.CucumberBuiltinKeywords$_runFeatureFile_closure1.doCall(CucumberBuiltinKeywords.groovy)
	at com.kms.katalon.core.keyword.internal.KeywordMain.runKeyword(KeywordMain.groovy:68)
	at com.kms.katalon.core.keyword.internal.KeywordMain$runKeyword.call(Unknown Source)
	at com.kms.katalon.core.cucumber.keyword.CucumberBuiltinKeywords.runFeatureFile(CucumberBuiltinKeywords.groovy:46)
	at com.kms.katalon.core.cucumber.keyword.CucumberBuiltinKeywords$runFeatureFile$0.callStatic(Unknown Source)
	at com.kms.katalon.core.cucumber.keyword.CucumberBuiltinKeywords.runFeatureFile(CucumberBuiltinKeywords.groovy:169)
	at com.kms.katalon.core.cucumber.keyword.CucumberBuiltinKeywords$runFeatureFile.call(Unknown Source)
	at SLIK Gateway Non Customer Checking.run(SLIK Gateway Non Customer Checking:18)
	at com.kms.katalon.core.main.ScriptEngine.run(ScriptEngine.java:194)
	at com.kms.katalon.core.main.ScriptEngine.runScriptAsRawText(ScriptEngine.java:119)
	at com.kms.katalon.core.main.TestCaseExecutor.runScript(TestCaseExecutor.java:339)
	at com.kms.katalon.core.main.TestCaseExecutor.doExecute(TestCaseExecutor.java:330)
	at com.kms.katalon.core.main.TestCaseExecutor.processExecutionPhase(TestCaseExecutor.java:309)
	at com.kms.katalon.core.main.TestCaseExecutor.accessMainPhase(TestCaseExecutor.java:301)
	at com.kms.katalon.core.main.TestCaseExecutor.execute(TestCaseExecutor.java:235)
	at com.kms.katalon.core.main.TestSuiteExecutor.accessTestCaseMainPhase(TestSuiteExecutor.java:191)
	at com.kms.katalon.core.main.TestSuiteExecutor.accessTestSuiteMainPhase(TestSuiteExecutor.java:141)
	at com.kms.katalon.core.main.TestSuiteExecutor.execute(TestSuiteExecutor.java:90)
	at com.kms.katalon.core.main.TestCaseMain.startTestSuite(TestCaseMain.java:157)
	at com.kms.katalon.core.main.TestCaseMain$startTestSuite$0.call(Unknown Source)
	at TempTestSuite1603882106321.run(TempTestSuite1603882106321.groovy:39)
)

2020-10-28 17:53:02 - [MESSAGE][INFO] - Starting run keyword runFeatureFile: 'Include/features/IST_Real/SLIK/SLIK Gateway Non Customer/SLIK Gateway Non Customer Checking.feature' and extract report to folder: '/Users/chaidir.pratama01/Katalon Studio/IST_Automation_Git/Reports/20201028_174826/SLIK/TS_SLIK_Gateway_Non_Customer/20201028_174826/cucumber_report/1603882382047'...

2020-10-28 17:53:02 - [TEST_CASE][FAILED] - Start Test Case : SCENARIO SLIK Gateway Non Customer Checking: SCENARIO SLIK Gateway Non Customer Checking FAILED.
Reason:
com.kms.katalon.core.exception.StepFailedException: Unable to verify object '' is present
	at com.kms.katalon.core.webui.keyword.internal.WebUIKeywordMain.stepFailed(WebUIKeywordMain.groovy:64)
	at com.kms.katalon.core.webui.keyword.internal.WebUIKeywordMain.runKeyword(WebUIKeywordMain.groovy:26)
	at com.kms.katalon.core.webui.keyword.builtin.VerifyElementPresentKeyword.verifyElementPresent(VerifyElementPresentKeyword.groovy:92)
	at com.kms.katalon.core.webui.keyword.builtin.VerifyElementPresentKeyword.execute(VerifyElementPresentKeyword.groovy:68)
	at com.kms.katalon.core.keyword.internal.KeywordExecutor.executeKeywordForPlatform(KeywordExecutor.groovy:73)
	at com.kms.katalon.core.webui.keyword.WebUiBuiltInKeywords.verifyElementPresent(WebUiBuiltInKeywords.groovy:1460)
	at com.kms.katalon.core.webui.keyword.WebUiBuiltInKeywords$verifyElementPresent$5.call(Unknown Source)
	at Slik_Script.Verify_KTP_Number(Slik_Script.groovy:241)
	at ✽.Verify KTP Number Request Success(/Users/chaidir.pratama01/Katalon Studio/IST_Automation_Git/Include/features/IST_Real/SLIK/SLIK Gateway Non Customer/SLIK Gateway Non Customer Checking.feature:46)
Caused by: com.kms.katalon.core.exception.StepFailedException: com.kms.katalon.core.webui.exception.WebElementNotFoundException: Web element with id: '' located by '//div[contains(text(),"IT Supporting Tools")]/following-sibling::div/table/tbody/tr/td/table/tbody/tr/td[5]/div/span[contains(text(),"KTP Number 8888888888888888 is requested successfully.")]' not found
	at com.kms.katalon.core.webui.keyword.internal.WebUIKeywordMain.stepFailed(WebUIKeywordMain.groovy:64)
	at com.kms.katalon.core.webui.keyword.builtin.VerifyElementPresentKeyword$_verifyElementPresent_closure1.doCall(VerifyElementPresentKeyword.groovy:85)
	at com.kms.katalon.core.webui.keyword.builtin.VerifyElementPresentKeyword$_verifyElementPresent_closure1.call(VerifyElementPresentKeyword.groovy)
	at com.kms.katalon.core.webui.keyword.internal.WebUIKeywordMain.runKeyword(WebUIKeywordMain.groovy:20)
	at com.kms.katalon.core.webui.keyword.builtin.VerifyElementPresentKeyword.verifyElementPresent(VerifyElementPresentKeyword.groovy:92)
	at com.kms.katalon.core.webui.keyword.builtin.VerifyElementPresentKeyword.execute(VerifyElementPresentKeyword.groovy:68)
	at com.kms.katalon.core.keyword.internal.KeywordExecutor.executeKeywordForPlatform(KeywordExecutor.groovy:73)
	at com.kms.katalon.core.webui.keyword.WebUiBuiltInKeywords.verifyElementPresent(WebUiBuiltInKeywords.groovy:1460)
	at com.kms.katalon.core.webui.keyword.WebUiBuiltInKeywords$verifyElementPresent$5.call(Unknown Source)
	at Slik_Script.Verify_KTP_Number(Slik_Script.groovy:241)
	at cucumber.runtime.Utils$1.call(Utils.java:26)
	at cucumber.runtime.Timeout.timeout(Timeout.java:16)
	at cucumber.runtime.Utils.invoke(Utils.java:20)
	at cucumber.runtime.java.JavaStepDefinition.execute(JavaStepDefinition.java:48)
	at cucumber.runtime.PickleStepDefinitionMatch.runStep(PickleStepDefinitionMatch.java:50)
	at cucumber.runner.TestStep.executeStep(TestStep.java:55)
	at cucumber.runner.TestStep.run(TestStep.java:42)
	at cucumber.runner.PickleStepTestStep.run(PickleStepTestStep.java:53)
	at cucumber.runner.TestCase.run(TestCase.java:47)
	at cucumber.runner.Runner.runPickle(Runner.java:44)
	at cucumber.runtime.Runtime.runFeature(Runtime.java:120)
	at cucumber.runtime.Runtime.run(Runtime.java:106)
	at cucumber.api.cli.Main.run(Main.java:35)
	at cucumber.api.cli.Main$run.call(Unknown Source)
	at com.kms.katalon.core.cucumber.keyword.CucumberBuiltinKeywords$_runFeatureFile_closure1.doCall(CucumberBuiltinKeywords.groovy:76)
	at com.kms.katalon.core.cucumber.keyword.CucumberBuiltinKeywords$_runFeatureFile_closure1.doCall(CucumberBuiltinKeywords.groovy)
	at com.kms.katalon.core.keyword.internal.KeywordMain.runKeyword(KeywordMain.groovy:68)
	at com.kms.katalon.core.keyword.internal.KeywordMain$runKeyword.call(Unknown Source)
	at com.kms.katalon.core.cucumber.keyword.CucumberBuiltinKeywords.runFeatureFile(CucumberBuiltinKeywords.groovy:46)
	at com.kms.katalon.core.cucumber.keyword.CucumberBuiltinKeywords$runFeatureFile$0.callStatic(Unknown Source)
	at com.kms.katalon.core.cucumber.keyword.CucumberBuiltinKeywords.runFeatureFile(CucumberBuiltinKeywords.groovy:169)
	at com.kms.katalon.core.cucumber.keyword.CucumberBuiltinKeywords$runFeatureFile.call(Unknown Source)
	at SLIK Gateway Non Customer Checking.run(SLIK Gateway Non Customer Checking:18)
	at com.kms.katalon.core.main.ScriptEngine.run(ScriptEngine.java:194)
	at com.kms.katalon.core.main.ScriptEngine.runScriptAsRawText(ScriptEngine.java:119)
	at com.kms.katalon.core.main.TestCaseExecutor.runScript(TestCaseExecutor.java:339)
	at com.kms.katalon.core.main.TestCaseExecutor.doExecute(TestCaseExecutor.java:330)
	at com.kms.katalon.core.main.TestCaseExecutor.processExecutionPhase(TestCaseExecutor.java:309)
	at com.kms.katalon.core.main.TestCaseExecutor.accessMainPhase(TestCaseExecutor.java:301)
	at com.kms.katalon.core.main.TestCaseExecutor.execute(TestCaseExecutor.java:235)
	at com.kms.katalon.core.main.TestSuiteExecutor.accessTestCaseMainPhase(TestSuiteExecutor.java:191)
	at com.kms.katalon.core.main.TestSuiteExecutor.accessTestSuiteMainPhase(TestSuiteExecutor.java:141)
	at com.kms.katalon.core.main.TestSuiteExecutor.execute(TestSuiteExecutor.java:90)
	at com.kms.katalon.core.main.TestCaseMain.startTestSuite(TestCaseMain.java:157)
	at com.kms.katalon.core.main.TestCaseMain$startTestSuite$0.call(Unknown Source)
	at TempTestSuite1603882106321.run(TempTestSuite1603882106321.groovy:39)


2020-10-28 17:53:02 - [TEST_STEP][PASSED] - Go to ISTools: Go to ISTools

2020-10-28 17:53:02 - [MESSAGE][INFO] - Starting 'Chrome' driver

2020-10-28 17:53:02 - [MESSAGE][INFO] - User set preference: ['AcceptInsecureCerts', 'true']

2020-10-28 17:53:02 - [MESSAGE][INFO] - User set preference: ['args', '[ignore-certificate-errors]']

2020-10-28 17:53:02 - [MESSAGE][INFO] - Action delay is set to 0 milliseconds

2020-10-28 17:53:03 - [MESSAGE][PASSED] - Browser is opened with url: ''

2020-10-28 17:53:03 - [MESSAGE][PASSED] - Navigate to 'https://id-ist01preprod.id.nonprod/ist/' successfully

2020-10-28 17:53:03 - [MESSAGE][PASSED] - Go to ISTools

2020-10-28 17:53:03 - [TEST_STEP][PASSED] - Login IST with valid credentials: Login IST with valid credentials

2020-10-28 17:53:04 - [MESSAGE][PASSED] - Text 'mobile.test' is set on object 'Object Repository/Page_/input_Username_j_username'

2020-10-28 17:53:05 - [MESSAGE][PASSED] - Text ****** has been set on object 'Object Repository/Page_/input_Password_j_password'

2020-10-28 17:53:05 - [MESSAGE][PASSED] - Object: 'Object Repository/Page_/button_Login' is clicked on

2020-10-28 17:53:05 - [MESSAGE][PASSED] - Login IST with valid credentials

2020-10-28 17:53:05 - [TEST_STEP][PASSED] - Login Success for contract dispatcher: Login Success for contract dispatcher

2020-10-28 17:53:05 - [MESSAGE][INFO] - Login Success

2020-10-28 17:53:06 - [MESSAGE][PASSED] - Current window maximized

2020-10-28 17:53:06 - [MESSAGE][PASSED] - Object 'Object Repository/Page_/h1_Welcome to IT Supporting Tools' is present

2020-10-28 17:53:06 - [MESSAGE][PASSED] - Login Success for contract dispatcher

2020-10-28 17:53:06 - [TEST_STEP][PASSED] - Select Menu SLIK Gateway NonCustomer: Select Menu SLIK Gateway NonCustomer

2020-10-28 17:53:06 - [MESSAGE][PASSED] - Object '' is present

2020-10-28 17:53:07 - [MESSAGE][PASSED] - Object: '' is clicked on

2020-10-28 17:53:07 - [MESSAGE][PASSED] - Wait for page load successfully

2020-10-28 17:53:07 - [MESSAGE][PASSED] - Select Menu SLIK Gateway NonCustomer

2020-10-28 17:53:07 - [TEST_STEP][PASSED] - Input Data KTP Number: Input Data KTP Number

2020-10-28 17:53:08 - [MESSAGE][PASSED] - Text '8888888888888888' is set on object ''

2020-10-28 17:53:08 - [MESSAGE][PASSED] - Input Data KTP Number

2020-10-28 17:53:08 - [TEST_STEP][PASSED] - Input Data "Name *" with value "OPEX TestingAuto" for Check SLIK: Input Data "Name *" with value "OPEX TestingAuto" for Check SLIK

2020-10-28 17:53:09 - [MESSAGE][PASSED] - Taking screenshot successfully
[[ATTACHMENT|/Users/chaidir.pratama01/Documents/Docs/Katalon Studio/Screenshot/slik.png]]

2020-10-28 17:53:09 - [MESSAGE][PASSED] - Object '' is visible

2020-10-28 17:53:09 - [MESSAGE][PASSED] - Object: '' is focused

2020-10-28 17:53:10 - [MESSAGE][PASSED] - Text 'OPEX TestingAuto' is set on object ''

2020-10-28 17:53:10 - [MESSAGE][PASSED] - Input Data "Name *" with value "OPEX TestingAuto" for Check SLIK

2020-10-28 17:53:10 - [TEST_STEP][PASSED] - Input Date of Birth "20-02-1990": Input Date of Birth "20-02-1990"

2020-10-28 17:53:10 - [MESSAGE][PASSED] - Text '20-02-1990' is set on object ''

2020-10-28 17:53:13 - [MESSAGE][PASSED] - Delayed 3 second(s)

2020-10-28 17:53:13 - [MESSAGE][PASSED] - Input Date of Birth "20-02-1990"

2020-10-28 17:53:13 - [TEST_STEP][PASSED] - Select Gender "Laki-laki": Select Gender "Laki-laki"

2020-10-28 17:53:14 - [MESSAGE][PASSED] - Object: '' is clicked on

2020-10-28 17:53:14 - [MESSAGE][PASSED] - Select Gender "Laki-laki"

2020-10-28 17:53:14 - [TEST_STEP][PASSED] - Select Purpose is "Penilaian Calon Kemitraan": Select Purpose is "Penilaian Calon Kemitraan"

2020-10-28 17:53:15 - [MESSAGE][PASSED] - All options with value 'Penilaian Calon Kemitraan' are selected in object ''  using regular expression

2020-10-28 17:53:15 - [MESSAGE][PASSED] - Select Purpose is "Penilaian Calon Kemitraan"

2020-10-28 17:53:15 - [TEST_STEP][PASSED] - Input Data "Place of Birth" with value "Jakarta" for Check SLIK: Input Data "Place of Birth" with value "Jakarta" for Check SLIK

2020-10-28 17:53:16 - [MESSAGE][PASSED] - Taking screenshot successfully
[[ATTACHMENT|/Users/chaidir.pratama01/Documents/Docs/Katalon Studio/Screenshot/slik.png]]

2020-10-28 17:53:16 - [MESSAGE][PASSED] - Object '' is visible

2020-10-28 17:53:16 - [MESSAGE][PASSED] - Object: '' is focused

2020-10-28 17:53:17 - [MESSAGE][PASSED] - Text 'Jakarta' is set on object ''

2020-10-28 17:53:17 - [MESSAGE][PASSED] - Input Data "Place of Birth" with value "Jakarta" for Check SLIK

2020-10-28 17:53:17 - [TEST_STEP][PASSED] - Input Data "Mother Maternity Name" with value "Tester Auto" for Check SLIK: Input Data "Mother Maternity Name" with value "Tester Auto" for Check SLIK

2020-10-28 17:53:18 - [MESSAGE][PASSED] - Taking screenshot successfully
[[ATTACHMENT|/Users/chaidir.pratama01/Documents/Docs/Katalon Studio/Screenshot/slik.png]]

2020-10-28 17:53:18 - [MESSAGE][PASSED] - Object '' is visible

2020-10-28 17:53:19 - [MESSAGE][PASSED] - Object: '' is focused

2020-10-28 17:53:19 - [MESSAGE][PASSED] - Text 'Tester Auto' is set on object ''

2020-10-28 17:53:19 - [MESSAGE][PASSED] - Input Data "Mother Maternity Name" with value "Tester Auto" for Check SLIK

2020-10-28 17:53:19 - [TEST_STEP][PASSED] - Input KTP Address "TESTING AUTO JAKARTA": Input KTP Address "TESTING AUTO JAKARTA"

2020-10-28 17:53:20 - [MESSAGE][PASSED] - Text 'TESTING AUTO JAKARTA' is set on object ''

2020-10-28 17:53:20 - [MESSAGE][PASSED] - Input KTP Address "TESTING AUTO JAKARTA"

2020-10-28 17:53:20 - [TEST_STEP][PASSED] - Click button "Upload": Click button "Upload"

2020-10-28 17:53:20 - [MESSAGE][INFO] - >>>>>//Button[contains(text(),'Upload')]

2020-10-28 17:53:25 - [MESSAGE][PASSED] - Object: '' is clicked on

2020-10-28 17:53:25 - [MESSAGE][PASSED] - Click button "Upload"

2020-10-28 17:53:25 - [TEST_STEP][PASSED] - Upload file "new_captcha1500.png": Upload file "new_captcha1500.png"

2020-10-28 17:53:25 - [MESSAGE][PASSED] - Switched to window with index: '0'

2020-10-28 17:53:39 - [MESSAGE][PASSED] - Upload file "new_captcha1500.png"

2020-10-28 17:53:39 - [TEST_STEP][PASSED] - Click button "Check SLIK": Click button "Check SLIK"

2020-10-28 17:53:39 - [MESSAGE][INFO] - >>>>>//Button[contains(text(),'Check SLIK')]

2020-10-28 17:53:42 - [MESSAGE][PASSED] - Object: '' is clicked on

2020-10-28 17:53:42 - [MESSAGE][PASSED] - Click button "Check SLIK"

2020-10-28 17:53:42 - [TEST_STEP][PASSED] - Get text from pop up "Confirmation Submit Request" with text "Are you sure to submit this data ?": Get text from pop up "Confirmation Submit Request" with text "Are you sure to submit this data ?"

2020-10-28 17:53:43 - [MESSAGE][PASSED] - Taking screenshot successfully
[[ATTACHMENT|/Users/chaidir.pratama01/Documents/Docs/Katalon Studio/Screenshot/errorpopup.png]]

2020-10-28 17:53:43 - [MESSAGE][PASSED] - Object '' is present

2020-10-28 17:53:43 - [MESSAGE][PASSED] - Wait for page load successfully

2020-10-28 17:53:43 - [MESSAGE][PASSED] - Wait for page load successfully

2020-10-28 17:53:43 - [MESSAGE][PASSED] - Get text from pop up "Confirmation Submit Request" with text "Are you sure to submit this data ?"

2020-10-28 17:53:43 - [TEST_STEP][PASSED] - Click button "Yes": Click button "Yes"

2020-10-28 17:53:43 - [MESSAGE][INFO] - >>>>>//Button[contains(text(),'Yes')]

2020-10-28 17:53:47 - [MESSAGE][PASSED] - Object: '' is clicked on

2020-10-28 17:53:47 - [MESSAGE][PASSED] - Click button "Yes"

2020-10-28 17:53:47 - [TEST_STEP][FAILED] - Verify KTP Number Request Success: Verify KTP Number Request Success FAILED.
Reason:
com.kms.katalon.core.exception.StepFailedException: Unable to verify object '' is present
	at com.kms.katalon.core.webui.keyword.internal.WebUIKeywordMain.stepFailed(WebUIKeywordMain.groovy:64)
	at com.kms.katalon.core.webui.keyword.internal.WebUIKeywordMain.runKeyword(WebUIKeywordMain.groovy:26)
	at com.kms.katalon.core.webui.keyword.builtin.VerifyElementPresentKeyword.verifyElementPresent(VerifyElementPresentKeyword.groovy:92)
	at com.kms.katalon.core.webui.keyword.builtin.VerifyElementPresentKeyword.execute(VerifyElementPresentKeyword.groovy:68)
	at com.kms.katalon.core.keyword.internal.KeywordExecutor.executeKeywordForPlatform(KeywordExecutor.groovy:73)
	at com.kms.katalon.core.webui.keyword.WebUiBuiltInKeywords.verifyElementPresent(WebUiBuiltInKeywords.groovy:1460)
	at com.kms.katalon.core.webui.keyword.WebUiBuiltInKeywords$verifyElementPresent$5.call(Unknown Source)
	at Slik_Script.Verify_KTP_Number(Slik_Script.groovy:241)
	at ✽.Verify KTP Number Request Success(/Users/chaidir.pratama01/Katalon Studio/IST_Automation_Git/Include/features/IST_Real/SLIK/SLIK Gateway Non Customer/SLIK Gateway Non Customer Checking.feature:46)
Caused by: com.kms.katalon.core.exception.StepFailedException: com.kms.katalon.core.webui.exception.WebElementNotFoundException: Web element with id: '' located by '//div[contains(text(),"IT Supporting Tools")]/following-sibling::div/table/tbody/tr/td/table/tbody/tr/td[5]/div/span[contains(text(),"KTP Number 8888888888888888 is requested successfully.")]' not found
	at com.kms.katalon.core.webui.keyword.internal.WebUIKeywordMain.stepFailed(WebUIKeywordMain.groovy:64)
	at com.kms.katalon.core.webui.keyword.builtin.VerifyElementPresentKeyword$_verifyElementPresent_closure1.doCall(VerifyElementPresentKeyword.groovy:85)
	at com.kms.katalon.core.webui.keyword.builtin.VerifyElementPresentKeyword$_verifyElementPresent_closure1.call(VerifyElementPresentKeyword.groovy)
	at com.kms.katalon.core.webui.keyword.internal.WebUIKeywordMain.runKeyword(WebUIKeywordMain.groovy:20)
	at com.kms.katalon.core.webui.keyword.builtin.VerifyElementPresentKeyword.verifyElementPresent(VerifyElementPresentKeyword.groovy:92)
	at com.kms.katalon.core.webui.keyword.builtin.VerifyElementPresentKeyword.execute(VerifyElementPresentKeyword.groovy:68)
	at com.kms.katalon.core.keyword.internal.KeywordExecutor.executeKeywordForPlatform(KeywordExecutor.groovy:73)
	at com.kms.katalon.core.webui.keyword.WebUiBuiltInKeywords.verifyElementPresent(WebUiBuiltInKeywords.groovy:1460)
	at com.kms.katalon.core.webui.keyword.WebUiBuiltInKeywords$verifyElementPresent$5.call(Unknown Source)
	at Slik_Script.Verify_KTP_Number(Slik_Script.groovy:241)
	at cucumber.runtime.Utils$1.call(Utils.java:26)
	at cucumber.runtime.Timeout.timeout(Timeout.java:16)
	at cucumber.runtime.Utils.invoke(Utils.java:20)
	at cucumber.runtime.java.JavaStepDefinition.execute(JavaStepDefinition.java:48)
	at cucumber.runtime.PickleStepDefinitionMatch.runStep(PickleStepDefinitionMatch.java:50)
	at cucumber.runner.TestStep.executeStep(TestStep.java:55)
	at cucumber.runner.TestStep.run(TestStep.java:42)
	at cucumber.runner.PickleStepTestStep.run(PickleStepTestStep.java:53)
	at cucumber.runner.TestCase.run(TestCase.java:47)
	at cucumber.runner.Runner.runPickle(Runner.java:44)
	at cucumber.runtime.Runtime.runFeature(Runtime.java:120)
	at cucumber.runtime.Runtime.run(Runtime.java:106)
	at cucumber.api.cli.Main.run(Main.java:35)
	at cucumber.api.cli.Main$run.call(Unknown Source)
	at com.kms.katalon.core.cucumber.keyword.CucumberBuiltinKeywords$_runFeatureFile_closure1.doCall(CucumberBuiltinKeywords.groovy:76)
	at com.kms.katalon.core.cucumber.keyword.CucumberBuiltinKeywords$_runFeatureFile_closure1.doCall(CucumberBuiltinKeywords.groovy)
	at com.kms.katalon.core.keyword.internal.KeywordMain.runKeyword(KeywordMain.groovy:68)
	at com.kms.katalon.core.keyword.internal.KeywordMain$runKeyword.call(Unknown Source)
	at com.kms.katalon.core.cucumber.keyword.CucumberBuiltinKeywords.runFeatureFile(CucumberBuiltinKeywords.groovy:46)
	at com.kms.katalon.core.cucumber.keyword.CucumberBuiltinKeywords$runFeatureFile$0.callStatic(Unknown Source)
	at com.kms.katalon.core.cucumber.keyword.CucumberBuiltinKeywords.runFeatureFile(CucumberBuiltinKeywords.groovy:169)
	at com.kms.katalon.core.cucumber.keyword.CucumberBuiltinKeywords$runFeatureFile.call(Unknown Source)
	at SLIK Gateway Non Customer Checking.run(SLIK Gateway Non Customer Checking:18)
	at com.kms.katalon.core.main.ScriptEngine.run(ScriptEngine.java:194)
	at com.kms.katalon.core.main.ScriptEngine.runScriptAsRawText(ScriptEngine.java:119)
	at com.kms.katalon.core.main.TestCaseExecutor.runScript(TestCaseExecutor.java:339)
	at com.kms.katalon.core.main.TestCaseExecutor.doExecute(TestCaseExecutor.java:330)
	at com.kms.katalon.core.main.TestCaseExecutor.processExecutionPhase(TestCaseExecutor.java:309)
	at com.kms.katalon.core.main.TestCaseExecutor.accessMainPhase(TestCaseExecutor.java:301)
	at com.kms.katalon.core.main.TestCaseExecutor.execute(TestCaseExecutor.java:235)
	at com.kms.katalon.core.main.TestSuiteExecutor.accessTestCaseMainPhase(TestSuiteExecutor.java:191)
	at com.kms.katalon.core.main.TestSuiteExecutor.accessTestSuiteMainPhase(TestSuiteExecutor.java:141)
	at com.kms.katalon.core.main.TestSuiteExecutor.execute(TestSuiteExecutor.java:90)
	at com.kms.katalon.core.main.TestCaseMain.startTestSuite(TestCaseMain.java:157)
	at com.kms.katalon.core.main.TestCaseMain$startTestSuite$0.call(Unknown Source)
	at TempTestSuite1603882106321.run(TempTestSuite1603882106321.groovy:39)


2020-10-28 17:54:11 - [MESSAGE][INFO] - Unable to find the element located by 'By.xpath: //div[contains(text(),"IT Supporting Tools")]/following-sibling::div/table/tbody/tr/td/table/tbody/tr/td[5]/div/span[contains(text(),"KTP Number 8888888888888888 is requested successfully.")]'. Please recheck the objects properties to make sure the desired element is located. 

2020-10-28 17:54:11 - [MESSAGE][FAILED] - com.kms.katalon.core.webui.exception.WebElementNotFoundException: Web element with id: '' located by '//div[contains(text(),"IT Supporting Tools")]/following-sibling::div/table/tbody/tr/td/table/tbody/tr/td[5]/div/span[contains(text(),"KTP Number 8888888888888888 is requested successfully.")]' not found (Root cause: com.kms.katalon.core.exception.StepFailedException: com.kms.katalon.core.webui.exception.WebElementNotFoundException: Web element with id: '' located by '//div[contains(text(),"IT Supporting Tools")]/following-sibling::div/table/tbody/tr/td/table/tbody/tr/td[5]/div/span[contains(text(),"KTP Number 8888888888888888 is requested successfully.")]' not found
	at com.kms.katalon.core.webui.keyword.internal.WebUIKeywordMain.stepFailed(WebUIKeywordMain.groovy:64)
	at com.kms.katalon.core.webui.keyword.builtin.VerifyElementPresentKeyword$_verifyElementPresent_closure1.doCall(VerifyElementPresentKeyword.groovy:85)
	at com.kms.katalon.core.webui.keyword.builtin.VerifyElementPresentKeyword$_verifyElementPresent_closure1.call(VerifyElementPresentKeyword.groovy)
	at com.kms.katalon.core.webui.keyword.internal.WebUIKeywordMain.runKeyword(WebUIKeywordMain.groovy:20)
	at com.kms.katalon.core.webui.keyword.builtin.VerifyElementPresentKeyword.verifyElementPresent(VerifyElementPresentKeyword.groovy:92)
	at com.kms.katalon.core.webui.keyword.builtin.VerifyElementPresentKeyword.execute(VerifyElementPresentKeyword.groovy:68)
	at com.kms.katalon.core.keyword.internal.KeywordExecutor.executeKeywordForPlatform(KeywordExecutor.groovy:73)
	at com.kms.katalon.core.webui.keyword.WebUiBuiltInKeywords.verifyElementPresent(WebUiBuiltInKeywords.groovy:1460)
	at com.kms.katalon.core.webui.keyword.WebUiBuiltInKeywords$verifyElementPresent$5.call(Unknown Source)
	at Slik_Script.Verify_KTP_Number(Slik_Script.groovy:241)
	at cucumber.runtime.Utils$1.call(Utils.java:26)
	at cucumber.runtime.Timeout.timeout(Timeout.java:16)
	at cucumber.runtime.Utils.invoke(Utils.java:20)
	at cucumber.runtime.java.JavaStepDefinition.execute(JavaStepDefinition.java:48)
	at cucumber.runtime.PickleStepDefinitionMatch.runStep(PickleStepDefinitionMatch.java:50)
	at cucumber.runner.TestStep.executeStep(TestStep.java:55)
	at cucumber.runner.TestStep.run(TestStep.java:42)
	at cucumber.runner.PickleStepTestStep.run(PickleStepTestStep.java:53)
	at cucumber.runner.TestCase.run(TestCase.java:47)
	at cucumber.runner.Runner.runPickle(Runner.java:44)
	at cucumber.runtime.Runtime.runFeature(Runtime.java:120)
	at cucumber.runtime.Runtime.run(Runtime.java:106)
	at cucumber.api.cli.Main.run(Main.java:35)
	at cucumber.api.cli.Main$run.call(Unknown Source)
	at com.kms.katalon.core.cucumber.keyword.CucumberBuiltinKeywords$_runFeatureFile_closure1.doCall(CucumberBuiltinKeywords.groovy:76)
	at com.kms.katalon.core.cucumber.keyword.CucumberBuiltinKeywords$_runFeatureFile_closure1.doCall(CucumberBuiltinKeywords.groovy)
	at com.kms.katalon.core.keyword.internal.KeywordMain.runKeyword(KeywordMain.groovy:68)
	at com.kms.katalon.core.keyword.internal.KeywordMain$runKeyword.call(Unknown Source)
	at com.kms.katalon.core.cucumber.keyword.CucumberBuiltinKeywords.runFeatureFile(CucumberBuiltinKeywords.groovy:46)
	at com.kms.katalon.core.cucumber.keyword.CucumberBuiltinKeywords$runFeatureFile$0.callStatic(Unknown Source)
	at com.kms.katalon.core.cucumber.keyword.CucumberBuiltinKeywords.runFeatureFile(CucumberBuiltinKeywords.groovy:169)
	at com.kms.katalon.core.cucumber.keyword.CucumberBuiltinKeywords$runFeatureFile.call(Unknown Source)
	at SLIK Gateway Non Customer Checking.run(SLIK Gateway Non Customer Checking:18)
	at com.kms.katalon.core.main.ScriptEngine.run(ScriptEngine.java:194)
	at com.kms.katalon.core.main.ScriptEngine.runScriptAsRawText(ScriptEngine.java:119)
	at com.kms.katalon.core.main.TestCaseExecutor.runScript(TestCaseExecutor.java:339)
	at com.kms.katalon.core.main.TestCaseExecutor.doExecute(TestCaseExecutor.java:330)
	at com.kms.katalon.core.main.TestCaseExecutor.processExecutionPhase(TestCaseExecutor.java:309)
	at com.kms.katalon.core.main.TestCaseExecutor.accessMainPhase(TestCaseExecutor.java:301)
	at com.kms.katalon.core.main.TestCaseExecutor.execute(TestCaseExecutor.java:235)
	at com.kms.katalon.core.main.TestSuiteExecutor.accessTestCaseMainPhase(TestSuiteExecutor.java:191)
	at com.kms.katalon.core.main.TestSuiteExecutor.accessTestSuiteMainPhase(TestSuiteExecutor.java:141)
	at com.kms.katalon.core.main.TestSuiteExecutor.execute(TestSuiteExecutor.java:90)
	at com.kms.katalon.core.main.TestCaseMain.startTestSuite(TestCaseMain.java:157)
	at com.kms.katalon.core.main.TestCaseMain$startTestSuite$0.call(Unknown Source)
	at TempTestSuite1603882106321.run(TempTestSuite1603882106321.groovy:39)
)
[[ATTACHMENT|/Users/chaidir.pratama01/Katalon Studio/IST_Automation_Git/Reports/20201028_174826/SLIK/TS_SLIK_Gateway_Non_Customer/20201028_174826/1603882451232.png]]

2020-10-28 17:54:12 - [MESSAGE][FAILED] - Unable to verify object '' is present (Root cause: com.kms.katalon.core.exception.StepFailedException: Unable to verify object '' is present
	at com.kms.katalon.core.webui.keyword.internal.WebUIKeywordMain.stepFailed(WebUIKeywordMain.groovy:64)
	at com.kms.katalon.core.webui.keyword.internal.WebUIKeywordMain.runKeyword(WebUIKeywordMain.groovy:26)
	at com.kms.katalon.core.webui.keyword.builtin.VerifyElementPresentKeyword.verifyElementPresent(VerifyElementPresentKeyword.groovy:92)
	at com.kms.katalon.core.webui.keyword.builtin.VerifyElementPresentKeyword.execute(VerifyElementPresentKeyword.groovy:68)
	at com.kms.katalon.core.keyword.internal.KeywordExecutor.executeKeywordForPlatform(KeywordExecutor.groovy:73)
	at com.kms.katalon.core.webui.keyword.WebUiBuiltInKeywords.verifyElementPresent(WebUiBuiltInKeywords.groovy:1460)
	at com.kms.katalon.core.webui.keyword.WebUiBuiltInKeywords$verifyElementPresent$5.call(Unknown Source)
	at Slik_Script.Verify_KTP_Number(Slik_Script.groovy:241)
	at cucumber.runtime.Utils$1.call(Utils.java:26)
	at cucumber.runtime.Timeout.timeout(Timeout.java:16)
	at cucumber.runtime.Utils.invoke(Utils.java:20)
	at cucumber.runtime.java.JavaStepDefinition.execute(JavaStepDefinition.java:48)
	at cucumber.runtime.PickleStepDefinitionMatch.runStep(PickleStepDefinitionMatch.java:50)
	at cucumber.runner.TestStep.executeStep(TestStep.java:55)
	at cucumber.runner.TestStep.run(TestStep.java:42)
	at cucumber.runner.PickleStepTestStep.run(PickleStepTestStep.java:53)
	at cucumber.runner.TestCase.run(TestCase.java:47)
	at cucumber.runner.Runner.runPickle(Runner.java:44)
	at cucumber.runtime.Runtime.runFeature(Runtime.java:120)
	at cucumber.runtime.Runtime.run(Runtime.java:106)
	at cucumber.api.cli.Main.run(Main.java:35)
	at cucumber.api.cli.Main$run.call(Unknown Source)
	at com.kms.katalon.core.cucumber.keyword.CucumberBuiltinKeywords$_runFeatureFile_closure1.doCall(CucumberBuiltinKeywords.groovy:76)
	at com.kms.katalon.core.cucumber.keyword.CucumberBuiltinKeywords$_runFeatureFile_closure1.doCall(CucumberBuiltinKeywords.groovy)
	at com.kms.katalon.core.keyword.internal.KeywordMain.runKeyword(KeywordMain.groovy:68)
	at com.kms.katalon.core.keyword.internal.KeywordMain$runKeyword.call(Unknown Source)
	at com.kms.katalon.core.cucumber.keyword.CucumberBuiltinKeywords.runFeatureFile(CucumberBuiltinKeywords.groovy:46)
	at com.kms.katalon.core.cucumber.keyword.CucumberBuiltinKeywords$runFeatureFile$0.callStatic(Unknown Source)
	at com.kms.katalon.core.cucumber.keyword.CucumberBuiltinKeywords.runFeatureFile(CucumberBuiltinKeywords.groovy:169)
	at com.kms.katalon.core.cucumber.keyword.CucumberBuiltinKeywords$runFeatureFile.call(Unknown Source)
	at SLIK Gateway Non Customer Checking.run(SLIK Gateway Non Customer Checking:18)
	at com.kms.katalon.core.main.ScriptEngine.run(ScriptEngine.java:194)
	at com.kms.katalon.core.main.ScriptEngine.runScriptAsRawText(ScriptEngine.java:119)
	at com.kms.katalon.core.main.TestCaseExecutor.runScript(TestCaseExecutor.java:339)
	at com.kms.katalon.core.main.TestCaseExecutor.doExecute(TestCaseExecutor.java:330)
	at com.kms.katalon.core.main.TestCaseExecutor.processExecutionPhase(TestCaseExecutor.java:309)
	at com.kms.katalon.core.main.TestCaseExecutor.accessMainPhase(TestCaseExecutor.java:301)
	at com.kms.katalon.core.main.TestCaseExecutor.execute(TestCaseExecutor.java:235)
	at com.kms.katalon.core.main.TestSuiteExecutor.accessTestCaseMainPhase(TestSuiteExecutor.java:191)
	at com.kms.katalon.core.main.TestSuiteExecutor.accessTestSuiteMainPhase(TestSuiteExecutor.java:141)
	at com.kms.katalon.core.main.TestSuiteExecutor.execute(TestSuiteExecutor.java:90)
	at com.kms.katalon.core.main.TestCaseMain.startTestSuite(TestCaseMain.java:157)
	at com.kms.katalon.core.main.TestCaseMain$startTestSuite$0.call(Unknown Source)
	at TempTestSuite1603882106321.run(TempTestSuite1603882106321.groovy:39)
Caused by: com.kms.katalon.core.exception.StepFailedException: com.kms.katalon.core.webui.exception.WebElementNotFoundException: Web element with id: '' located by '//div[contains(text(),"IT Supporting Tools")]/following-sibling::div/table/tbody/tr/td/table/tbody/tr/td[5]/div/span[contains(text(),"KTP Number 8888888888888888 is requested successfully.")]' not found
	at com.kms.katalon.core.webui.keyword.internal.WebUIKeywordMain.stepFailed(WebUIKeywordMain.groovy:64)
	at com.kms.katalon.core.webui.keyword.builtin.VerifyElementPresentKeyword$_verifyElementPresent_closure1.doCall(VerifyElementPresentKeyword.groovy:85)
	at com.kms.katalon.core.webui.keyword.builtin.VerifyElementPresentKeyword$_verifyElementPresent_closure1.call(VerifyElementPresentKeyword.groovy)
	at com.kms.katalon.core.webui.keyword.internal.WebUIKeywordMain.runKeyword(WebUIKeywordMain.groovy:20)
	... 42 more
)
[[ATTACHMENT|/Users/chaidir.pratama01/Katalon Studio/IST_Automation_Git/Reports/20201028_174826/SLIK/TS_SLIK_Gateway_Non_Customer/20201028_174826/1603882451735.png]]

2020-10-28 17:54:12 - [MESSAGE][FAILED] - Verify KTP Number Request Success FAILED.
Reason:
com.kms.katalon.core.exception.StepFailedException: Unable to verify object '' is present
	at com.kms.katalon.core.webui.keyword.internal.WebUIKeywordMain.stepFailed(WebUIKeywordMain.groovy:64)
	at com.kms.katalon.core.webui.keyword.internal.WebUIKeywordMain.runKeyword(WebUIKeywordMain.groovy:26)
	at com.kms.katalon.core.webui.keyword.builtin.VerifyElementPresentKeyword.verifyElementPresent(VerifyElementPresentKeyword.groovy:92)
	at com.kms.katalon.core.webui.keyword.builtin.VerifyElementPresentKeyword.execute(VerifyElementPresentKeyword.groovy:68)
	at com.kms.katalon.core.keyword.internal.KeywordExecutor.executeKeywordForPlatform(KeywordExecutor.groovy:73)
	at com.kms.katalon.core.webui.keyword.WebUiBuiltInKeywords.verifyElementPresent(WebUiBuiltInKeywords.groovy:1460)
	at com.kms.katalon.core.webui.keyword.WebUiBuiltInKeywords$verifyElementPresent$5.call(Unknown Source)
	at Slik_Script.Verify_KTP_Number(Slik_Script.groovy:241)
	at ✽.Verify KTP Number Request Success(/Users/chaidir.pratama01/Katalon Studio/IST_Automation_Git/Include/features/IST_Real/SLIK/SLIK Gateway Non Customer/SLIK Gateway Non Customer Checking.feature:46)
Caused by: com.kms.katalon.core.exception.StepFailedException: com.kms.katalon.core.webui.exception.WebElementNotFoundException: Web element with id: '' located by '//div[contains(text(),"IT Supporting Tools")]/following-sibling::div/table/tbody/tr/td/table/tbody/tr/td[5]/div/span[contains(text(),"KTP Number 8888888888888888 is requested successfully.")]' not found
	at com.kms.katalon.core.webui.keyword.internal.WebUIKeywordMain.stepFailed(WebUIKeywordMain.groovy:64)
	at com.kms.katalon.core.webui.keyword.builtin.VerifyElementPresentKeyword$_verifyElementPresent_closure1.doCall(VerifyElementPresentKeyword.groovy:85)
	at com.kms.katalon.core.webui.keyword.builtin.VerifyElementPresentKeyword$_verifyElementPresent_closure1.call(VerifyElementPresentKeyword.groovy)
	at com.kms.katalon.core.webui.keyword.internal.WebUIKeywordMain.runKeyword(WebUIKeywordMain.groovy:20)
	at com.kms.katalon.core.webui.keyword.builtin.VerifyElementPresentKeyword.verifyElementPresent(VerifyElementPresentKeyword.groovy:92)
	at com.kms.katalon.core.webui.keyword.builtin.VerifyElementPresentKeyword.execute(VerifyElementPresentKeyword.groovy:68)
	at com.kms.katalon.core.keyword.internal.KeywordExecutor.executeKeywordForPlatform(KeywordExecutor.groovy:73)
	at com.kms.katalon.core.webui.keyword.WebUiBuiltInKeywords.verifyElementPresent(WebUiBuiltInKeywords.groovy:1460)
	at com.kms.katalon.core.webui.keyword.WebUiBuiltInKeywords$verifyElementPresent$5.call(Unknown Source)
	at Slik_Script.Verify_KTP_Number(Slik_Script.groovy:241)
	at cucumber.runtime.Utils$1.call(Utils.java:26)
	at cucumber.runtime.Timeout.timeout(Timeout.java:16)
	at cucumber.runtime.Utils.invoke(Utils.java:20)
	at cucumber.runtime.java.JavaStepDefinition.execute(JavaStepDefinition.java:48)
	at cucumber.runtime.PickleStepDefinitionMatch.runStep(PickleStepDefinitionMatch.java:50)
	at cucumber.runner.TestStep.executeStep(TestStep.java:55)
	at cucumber.runner.TestStep.run(TestStep.java:42)
	at cucumber.runner.PickleStepTestStep.run(PickleStepTestStep.java:53)
	at cucumber.runner.TestCase.run(TestCase.java:47)
	at cucumber.runner.Runner.runPickle(Runner.java:44)
	at cucumber.runtime.Runtime.runFeature(Runtime.java:120)
	at cucumber.runtime.Runtime.run(Runtime.java:106)
	at cucumber.api.cli.Main.run(Main.java:35)
	at cucumber.api.cli.Main$run.call(Unknown Source)
	at com.kms.katalon.core.cucumber.keyword.CucumberBuiltinKeywords$_runFeatureFile_closure1.doCall(CucumberBuiltinKeywords.groovy:76)
	at com.kms.katalon.core.cucumber.keyword.CucumberBuiltinKeywords$_runFeatureFile_closure1.doCall(CucumberBuiltinKeywords.groovy)
	at com.kms.katalon.core.keyword.internal.KeywordMain.runKeyword(KeywordMain.groovy:68)
	at com.kms.katalon.core.keyword.internal.KeywordMain$runKeyword.call(Unknown Source)
	at com.kms.katalon.core.cucumber.keyword.CucumberBuiltinKeywords.runFeatureFile(CucumberBuiltinKeywords.groovy:46)
	at com.kms.katalon.core.cucumber.keyword.CucumberBuiltinKeywords$runFeatureFile$0.callStatic(Unknown Source)
	at com.kms.katalon.core.cucumber.keyword.CucumberBuiltinKeywords.runFeatureFile(CucumberBuiltinKeywords.groovy:169)
	at com.kms.katalon.core.cucumber.keyword.CucumberBuiltinKeywords$runFeatureFile.call(Unknown Source)
	at SLIK Gateway Non Customer Checking.run(SLIK Gateway Non Customer Checking:18)
	at com.kms.katalon.core.main.ScriptEngine.run(ScriptEngine.java:194)
	at com.kms.katalon.core.main.ScriptEngine.runScriptAsRawText(ScriptEngine.java:119)
	at com.kms.katalon.core.main.TestCaseExecutor.runScript(TestCaseExecutor.java:339)
	at com.kms.katalon.core.main.TestCaseExecutor.doExecute(TestCaseExecutor.java:330)
	at com.kms.katalon.core.main.TestCaseExecutor.processExecutionPhase(TestCaseExecutor.java:309)
	at com.kms.katalon.core.main.TestCaseExecutor.accessMainPhase(TestCaseExecutor.java:301)
	at com.kms.katalon.core.main.TestCaseExecutor.execute(TestCaseExecutor.java:235)
	at com.kms.katalon.core.main.TestSuiteExecutor.accessTestCaseMainPhase(TestSuiteExecutor.java:191)
	at com.kms.katalon.core.main.TestSuiteExecutor.accessTestSuiteMainPhase(TestSuiteExecutor.java:141)
	at com.kms.katalon.core.main.TestSuiteExecutor.execute(TestSuiteExecutor.java:90)
	at com.kms.katalon.core.main.TestCaseMain.startTestSuite(TestCaseMain.java:157)
	at com.kms.katalon.core.main.TestCaseMain$startTestSuite$0.call(Unknown Source)
	at TempTestSuite1603882106321.run(TempTestSuite1603882106321.groovy:39)


2020-10-28 17:54:12 - [TEST_STEP][NOT_RUN] - Click button "OK": Click button "OK"

2020-10-28 17:54:12 - [MESSAGE][NOT_RUN] - Click button "OK"

2020-10-28 17:54:12 - [TEST_STEP][NOT_RUN] - Click button "Logout": Click button "Logout"

2020-10-28 17:54:12 - [MESSAGE][NOT_RUN] - Click button "Logout"

2020-10-28 17:54:12 - [TEST_STEP][NOT_RUN] - Close browser: Close browser

2020-10-28 17:54:12 - [MESSAGE][NOT_RUN] - Close browser

2020-10-28 17:54:12 - [MESSAGE][FAILED] - Feature file 'Include/features/IST_Real/SLIK/SLIK Gateway Non Customer/SLIK Gateway Non Customer Checking.feature' was failed

2020-10-28 17:54:12 - [MESSAGE][FAILED] - Keyword runFeatureFile was failed (Root cause: com.kms.katalon.core.exception.StepFailedException: Feature file 'Include/features/IST_Real/SLIK/SLIK Gateway Non Customer/SLIK Gateway Non Customer Checking.feature' was failed
	at com.kms.katalon.core.keyword.internal.KeywordMain.stepFailed(KeywordMain.groovy:50)
	at com.kms.katalon.core.keyword.internal.KeywordMain.stepFailed(KeywordMain.groovy)
	at com.kms.katalon.core.keyword.internal.KeywordMain.stepFailed(KeywordMain.groovy:23)
	at com.kms.katalon.core.keyword.internal.KeywordMain$stepFailed$0.call(Unknown Source)
	at com.kms.katalon.core.cucumber.keyword.CucumberBuiltinKeywords$_runFeatureFile_closure1.doCall(CucumberBuiltinKeywords.groovy:82)
	at com.kms.katalon.core.cucumber.keyword.CucumberBuiltinKeywords$_runFeatureFile_closure1.doCall(CucumberBuiltinKeywords.groovy)
	at com.kms.katalon.core.keyword.internal.KeywordMain.runKeyword(KeywordMain.groovy:68)
	at com.kms.katalon.core.keyword.internal.KeywordMain$runKeyword.call(Unknown Source)
	at com.kms.katalon.core.cucumber.keyword.CucumberBuiltinKeywords.runFeatureFile(CucumberBuiltinKeywords.groovy:46)
	at com.kms.katalon.core.cucumber.keyword.CucumberBuiltinKeywords$runFeatureFile$0.callStatic(Unknown Source)
	at com.kms.katalon.core.cucumber.keyword.CucumberBuiltinKeywords.runFeatureFile(CucumberBuiltinKeywords.groovy:169)
	at com.kms.katalon.core.cucumber.keyword.CucumberBuiltinKeywords$runFeatureFile.call(Unknown Source)
	at SLIK Gateway Non Customer Checking.run(SLIK Gateway Non Customer Checking:18)
	at com.kms.katalon.core.main.ScriptEngine.run(ScriptEngine.java:194)
	at com.kms.katalon.core.main.ScriptEngine.runScriptAsRawText(ScriptEngine.java:119)
	at com.kms.katalon.core.main.TestCaseExecutor.runScript(TestCaseExecutor.java:339)
	at com.kms.katalon.core.main.TestCaseExecutor.doExecute(TestCaseExecutor.java:330)
	at com.kms.katalon.core.main.TestCaseExecutor.processExecutionPhase(TestCaseExecutor.java:309)
	at com.kms.katalon.core.main.TestCaseExecutor.accessMainPhase(TestCaseExecutor.java:301)
	at com.kms.katalon.core.main.TestCaseExecutor.execute(TestCaseExecutor.java:235)
	at com.kms.katalon.core.main.TestSuiteExecutor.accessTestCaseMainPhase(TestSuiteExecutor.java:191)
	at com.kms.katalon.core.main.TestSuiteExecutor.accessTestSuiteMainPhase(TestSuiteExecutor.java:141)
	at com.kms.katalon.core.main.TestSuiteExecutor.execute(TestSuiteExecutor.java:90)
	at com.kms.katalon.core.main.TestCaseMain.startTestSuite(TestCaseMain.java:157)
	at com.kms.katalon.core.main.TestCaseMain$startTestSuite$0.call(Unknown Source)
	at TempTestSuite1603882106321.run(TempTestSuite1603882106321.groovy:39)
)]]></system-out>
         <system-err><![CDATA[2020-10-28 17:53:02 - [TEST_CASE][FAILED] - Test Cases/IST_Real/SLIK/SLIK_Gateway_Non_Customer/SLIK Gateway Non Customer Checking: Test Cases/IST_Real/SLIK/SLIK_Gateway_Non_Customer/SLIK Gateway Non Customer Checking FAILED.
Reason:
com.kms.katalon.core.exception.StepFailedException: Feature file 'Include/features/IST_Real/SLIK/SLIK Gateway Non Customer/SLIK Gateway Non Customer Checking.feature' was failed
	at com.kms.katalon.core.keyword.internal.KeywordMain.stepFailed(KeywordMain.groovy:50)
	at com.kms.katalon.core.keyword.internal.KeywordMain.stepFailed(KeywordMain.groovy)
	at com.kms.katalon.core.keyword.internal.KeywordMain.stepFailed(KeywordMain.groovy:23)
	at com.kms.katalon.core.keyword.internal.KeywordMain$stepFailed$0.call(Unknown Source)
	at com.kms.katalon.core.cucumber.keyword.CucumberBuiltinKeywords$_runFeatureFile_closure1.doCall(CucumberBuiltinKeywords.groovy:82)
	at com.kms.katalon.core.cucumber.keyword.CucumberBuiltinKeywords$_runFeatureFile_closure1.doCall(CucumberBuiltinKeywords.groovy)
	at com.kms.katalon.core.keyword.internal.KeywordMain.runKeyword(KeywordMain.groovy:68)
	at com.kms.katalon.core.keyword.internal.KeywordMain$runKeyword.call(Unknown Source)
	at com.kms.katalon.core.cucumber.keyword.CucumberBuiltinKeywords.runFeatureFile(CucumberBuiltinKeywords.groovy:46)
	at com.kms.katalon.core.cucumber.keyword.CucumberBuiltinKeywords$runFeatureFile$0.callStatic(Unknown Source)
	at com.kms.katalon.core.cucumber.keyword.CucumberBuiltinKeywords.runFeatureFile(CucumberBuiltinKeywords.groovy:169)
	at com.kms.katalon.core.cucumber.keyword.CucumberBuiltinKeywords$runFeatureFile.call(Unknown Source)
	at SLIK Gateway Non Customer Checking.run(SLIK Gateway Non Customer Checking:18)
	at com.kms.katalon.core.main.ScriptEngine.run(ScriptEngine.java:194)
	at com.kms.katalon.core.main.ScriptEngine.runScriptAsRawText(ScriptEngine.java:119)
	at com.kms.katalon.core.main.TestCaseExecutor.runScript(TestCaseExecutor.java:339)
	at com.kms.katalon.core.main.TestCaseExecutor.doExecute(TestCaseExecutor.java:330)
	at com.kms.katalon.core.main.TestCaseExecutor.processExecutionPhase(TestCaseExecutor.java:309)
	at com.kms.katalon.core.main.TestCaseExecutor.accessMainPhase(TestCaseExecutor.java:301)
	at com.kms.katalon.core.main.TestCaseExecutor.execute(TestCaseExecutor.java:235)
	at com.kms.katalon.core.main.TestSuiteExecutor.accessTestCaseMainPhase(TestSuiteExecutor.java:191)
	at com.kms.katalon.core.main.TestSuiteExecutor.accessTestSuiteMainPhase(TestSuiteExecutor.java:141)
	at com.kms.katalon.core.main.TestSuiteExecutor.execute(TestSuiteExecutor.java:90)
	at com.kms.katalon.core.main.TestCaseMain.startTestSuite(TestCaseMain.java:157)
	at com.kms.katalon.core.main.TestCaseMain$startTestSuite$0.call(Unknown Source)
	at TempTestSuite1603882106321.run(TempTestSuite1603882106321.groovy:39)]]></system-err>
      </testcase>
      <testcase name="Test Cases/IST_Real/SLIK/SLIK_Gateway_Approval_Non_Customer/Reject KTP Number" time="117.049" classname="Test Cases/IST_Real/SLIK/SLIK_Gateway_Approval_Non_Customer/Reject KTP Number" status="FAILED">
         <failure type="FAILED" message="Test Cases/IST_Real/SLIK/SLIK_Gateway_Approval_Non_Customer/Reject KTP Number FAILED.
Reason:
com.kms.katalon.core.exception.StepFailedException: Feature file 'Include/features/IST_Real/SLIK/SLIK Gateway Approval Non Customer/Reject_KTP_Number.feature' was failed
	at com.kms.katalon.core.keyword.internal.KeywordMain.stepFailed(KeywordMain.groovy:50)
	at com.kms.katalon.core.keyword.internal.KeywordMain.stepFailed(KeywordMain.groovy)
	at com.kms.katalon.core.keyword.internal.KeywordMain.stepFailed(KeywordMain.groovy:23)
	at com.kms.katalon.core.keyword.internal.KeywordMain$stepFailed$0.call(Unknown Source)
	at com.kms.katalon.core.cucumber.keyword.CucumberBuiltinKeywords$_runFeatureFile_closure1.doCall(CucumberBuiltinKeywords.groovy:82)
	at com.kms.katalon.core.cucumber.keyword.CucumberBuiltinKeywords$_runFeatureFile_closure1.doCall(CucumberBuiltinKeywords.groovy)
	at com.kms.katalon.core.keyword.internal.KeywordMain.runKeyword(KeywordMain.groovy:68)
	at com.kms.katalon.core.keyword.internal.KeywordMain$runKeyword.call(Unknown Source)
	at com.kms.katalon.core.cucumber.keyword.CucumberBuiltinKeywords.runFeatureFile(CucumberBuiltinKeywords.groovy:46)
	at com.kms.katalon.core.cucumber.keyword.CucumberBuiltinKeywords$runFeatureFile$0.callStatic(Unknown Source)
	at com.kms.katalon.core.cucumber.keyword.CucumberBuiltinKeywords.runFeatureFile(CucumberBuiltinKeywords.groovy:169)
	at com.kms.katalon.core.cucumber.keyword.CucumberBuiltinKeywords$runFeatureFile.call(Unknown Source)
	at Reject KTP Number.run(Reject KTP Number:18)
	at com.kms.katalon.core.main.ScriptEngine.run(ScriptEngine.java:194)
	at com.kms.katalon.core.main.ScriptEngine.runScriptAsRawText(ScriptEngine.java:119)
	at com.kms.katalon.core.main.TestCaseExecutor.runScript(TestCaseExecutor.java:339)
	at com.kms.katalon.core.main.TestCaseExecutor.doExecute(TestCaseExecutor.java:330)
	at com.kms.katalon.core.main.TestCaseExecutor.processExecutionPhase(TestCaseExecutor.java:309)
	at com.kms.katalon.core.main.TestCaseExecutor.accessMainPhase(TestCaseExecutor.java:301)
	at com.kms.katalon.core.main.TestCaseExecutor.execute(TestCaseExecutor.java:235)
	at com.kms.katalon.core.main.TestSuiteExecutor.accessTestCaseMainPhase(TestSuiteExecutor.java:191)
	at com.kms.katalon.core.main.TestSuiteExecutor.accessTestSuiteMainPhase(TestSuiteExecutor.java:141)
	at com.kms.katalon.core.main.TestSuiteExecutor.execute(TestSuiteExecutor.java:90)
	at com.kms.katalon.core.main.TestCaseMain.startTestSuite(TestCaseMain.java:157)
	at com.kms.katalon.core.main.TestCaseMain$startTestSuite$0.call(Unknown Source)
	at TempTestSuite1603882106321.run(TempTestSuite1603882106321.groovy:39)
"/>
         <system-out><![CDATA[2020-10-28 17:54:12 - [TEST_CASE][FAILED] - Test Cases/IST_Real/SLIK/SLIK_Gateway_Approval_Non_Customer/Reject KTP Number: Test Cases/IST_Real/SLIK/SLIK_Gateway_Approval_Non_Customer/Reject KTP Number FAILED.
Reason:
com.kms.katalon.core.exception.StepFailedException: Feature file 'Include/features/IST_Real/SLIK/SLIK Gateway Approval Non Customer/Reject_KTP_Number.feature' was failed
	at com.kms.katalon.core.keyword.internal.KeywordMain.stepFailed(KeywordMain.groovy:50)
	at com.kms.katalon.core.keyword.internal.KeywordMain.stepFailed(KeywordMain.groovy)
	at com.kms.katalon.core.keyword.internal.KeywordMain.stepFailed(KeywordMain.groovy:23)
	at com.kms.katalon.core.keyword.internal.KeywordMain$stepFailed$0.call(Unknown Source)
	at com.kms.katalon.core.cucumber.keyword.CucumberBuiltinKeywords$_runFeatureFile_closure1.doCall(CucumberBuiltinKeywords.groovy:82)
	at com.kms.katalon.core.cucumber.keyword.CucumberBuiltinKeywords$_runFeatureFile_closure1.doCall(CucumberBuiltinKeywords.groovy)
	at com.kms.katalon.core.keyword.internal.KeywordMain.runKeyword(KeywordMain.groovy:68)
	at com.kms.katalon.core.keyword.internal.KeywordMain$runKeyword.call(Unknown Source)
	at com.kms.katalon.core.cucumber.keyword.CucumberBuiltinKeywords.runFeatureFile(CucumberBuiltinKeywords.groovy:46)
	at com.kms.katalon.core.cucumber.keyword.CucumberBuiltinKeywords$runFeatureFile$0.callStatic(Unknown Source)
	at com.kms.katalon.core.cucumber.keyword.CucumberBuiltinKeywords.runFeatureFile(CucumberBuiltinKeywords.groovy:169)
	at com.kms.katalon.core.cucumber.keyword.CucumberBuiltinKeywords$runFeatureFile.call(Unknown Source)
	at Reject KTP Number.run(Reject KTP Number:18)
	at com.kms.katalon.core.main.ScriptEngine.run(ScriptEngine.java:194)
	at com.kms.katalon.core.main.ScriptEngine.runScriptAsRawText(ScriptEngine.java:119)
	at com.kms.katalon.core.main.TestCaseExecutor.runScript(TestCaseExecutor.java:339)
	at com.kms.katalon.core.main.TestCaseExecutor.doExecute(TestCaseExecutor.java:330)
	at com.kms.katalon.core.main.TestCaseExecutor.processExecutionPhase(TestCaseExecutor.java:309)
	at com.kms.katalon.core.main.TestCaseExecutor.accessMainPhase(TestCaseExecutor.java:301)
	at com.kms.katalon.core.main.TestCaseExecutor.execute(TestCaseExecutor.java:235)
	at com.kms.katalon.core.main.TestSuiteExecutor.accessTestCaseMainPhase(TestSuiteExecutor.java:191)
	at com.kms.katalon.core.main.TestSuiteExecutor.accessTestSuiteMainPhase(TestSuiteExecutor.java:141)
	at com.kms.katalon.core.main.TestSuiteExecutor.execute(TestSuiteExecutor.java:90)
	at com.kms.katalon.core.main.TestCaseMain.startTestSuite(TestCaseMain.java:157)
	at com.kms.katalon.core.main.TestCaseMain$startTestSuite$0.call(Unknown Source)
	at TempTestSuite1603882106321.run(TempTestSuite1603882106321.groovy:39)


2020-10-28 17:54:12 - [TEST_STEP][FAILED] - runFeatureFile("Include/features/IST_Real/SLIK/SLIK Gateway Approval Non Customer/Reject_KTP_Number.feature"): Keyword runFeatureFile was failed (Root cause: com.kms.katalon.core.exception.StepFailedException: Feature file 'Include/features/IST_Real/SLIK/SLIK Gateway Approval Non Customer/Reject_KTP_Number.feature' was failed
	at com.kms.katalon.core.keyword.internal.KeywordMain.stepFailed(KeywordMain.groovy:50)
	at com.kms.katalon.core.keyword.internal.KeywordMain.stepFailed(KeywordMain.groovy)
	at com.kms.katalon.core.keyword.internal.KeywordMain.stepFailed(KeywordMain.groovy:23)
	at com.kms.katalon.core.keyword.internal.KeywordMain$stepFailed$0.call(Unknown Source)
	at com.kms.katalon.core.cucumber.keyword.CucumberBuiltinKeywords$_runFeatureFile_closure1.doCall(CucumberBuiltinKeywords.groovy:82)
	at com.kms.katalon.core.cucumber.keyword.CucumberBuiltinKeywords$_runFeatureFile_closure1.doCall(CucumberBuiltinKeywords.groovy)
	at com.kms.katalon.core.keyword.internal.KeywordMain.runKeyword(KeywordMain.groovy:68)
	at com.kms.katalon.core.keyword.internal.KeywordMain$runKeyword.call(Unknown Source)
	at com.kms.katalon.core.cucumber.keyword.CucumberBuiltinKeywords.runFeatureFile(CucumberBuiltinKeywords.groovy:46)
	at com.kms.katalon.core.cucumber.keyword.CucumberBuiltinKeywords$runFeatureFile$0.callStatic(Unknown Source)
	at com.kms.katalon.core.cucumber.keyword.CucumberBuiltinKeywords.runFeatureFile(CucumberBuiltinKeywords.groovy:169)
	at com.kms.katalon.core.cucumber.keyword.CucumberBuiltinKeywords$runFeatureFile.call(Unknown Source)
	at Reject KTP Number.run(Reject KTP Number:18)
	at com.kms.katalon.core.main.ScriptEngine.run(ScriptEngine.java:194)
	at com.kms.katalon.core.main.ScriptEngine.runScriptAsRawText(ScriptEngine.java:119)
	at com.kms.katalon.core.main.TestCaseExecutor.runScript(TestCaseExecutor.java:339)
	at com.kms.katalon.core.main.TestCaseExecutor.doExecute(TestCaseExecutor.java:330)
	at com.kms.katalon.core.main.TestCaseExecutor.processExecutionPhase(TestCaseExecutor.java:309)
	at com.kms.katalon.core.main.TestCaseExecutor.accessMainPhase(TestCaseExecutor.java:301)
	at com.kms.katalon.core.main.TestCaseExecutor.execute(TestCaseExecutor.java:235)
	at com.kms.katalon.core.main.TestSuiteExecutor.accessTestCaseMainPhase(TestSuiteExecutor.java:191)
	at com.kms.katalon.core.main.TestSuiteExecutor.accessTestSuiteMainPhase(TestSuiteExecutor.java:141)
	at com.kms.katalon.core.main.TestSuiteExecutor.execute(TestSuiteExecutor.java:90)
	at com.kms.katalon.core.main.TestCaseMain.startTestSuite(TestCaseMain.java:157)
	at com.kms.katalon.core.main.TestCaseMain$startTestSuite$0.call(Unknown Source)
	at TempTestSuite1603882106321.run(TempTestSuite1603882106321.groovy:39)
)

2020-10-28 17:54:12 - [MESSAGE][INFO] - Starting run keyword runFeatureFile: 'Include/features/IST_Real/SLIK/SLIK Gateway Approval Non Customer/Reject_KTP_Number.feature' and extract report to folder: '/Users/chaidir.pratama01/Katalon Studio/IST_Automation_Git/Reports/20201028_174826/SLIK/TS_SLIK_Gateway_Non_Customer/20201028_174826/cucumber_report/1603882452324'...

2020-10-28 17:54:12 - [TEST_CASE][FAILED] - Start Test Case : SCENARIO Reject KTP Number by Checker: SCENARIO Reject KTP Number by Checker FAILED.
Reason:
com.kms.katalon.core.exception.StepFailedException: Unable to get text of object ''
	at com.kms.katalon.core.webui.keyword.internal.WebUIKeywordMain.stepFailed(WebUIKeywordMain.groovy:64)
	at com.kms.katalon.core.webui.keyword.internal.WebUIKeywordMain.runKeyword(WebUIKeywordMain.groovy:26)
	at com.kms.katalon.core.webui.keyword.builtin.GetTextKeyword.getText(GetTextKeyword.groovy:88)
	at com.kms.katalon.core.webui.keyword.builtin.GetTextKeyword.execute(GetTextKeyword.groovy:67)
	at com.kms.katalon.core.keyword.internal.KeywordExecutor.executeKeywordForPlatform(KeywordExecutor.groovy:73)
	at com.kms.katalon.core.webui.keyword.WebUiBuiltInKeywords.getText(WebUiBuiltInKeywords.groovy:914)
	at com.kms.katalon.core.webui.keyword.WebUiBuiltInKeywords$getText$20.call(Unknown Source)
	at Slik_Script.Checkbox_Validate(Slik_Script.groovy:882)
	at ✽.Click Checkbox Validate(/Users/chaidir.pratama01/Katalon Studio/IST_Automation_Git/Include/features/IST_Real/SLIK/SLIK Gateway Approval Non Customer/Reject_KTP_Number.feature:34)
Caused by: java.lang.IndexOutOfBoundsException: Index: 0, Size: 0
	at com.kms.katalon.core.webui.common.WebUiCommonHelper.buildLocator(WebUiCommonHelper.java:519)
	at com.kms.katalon.core.webui.common.WebUiCommonHelper.findElementByNormalMethods(WebUiCommonHelper.java:985)
	at com.kms.katalon.core.webui.common.WebUiCommonHelper.findElementsBySelectedMethod(WebUiCommonHelper.java:894)
	at com.kms.katalon.core.webui.common.WebUiCommonHelper.findElementsWithSelfHealing(WebUiCommonHelper.java:791)
	at com.kms.katalon.core.webui.common.WebUiCommonHelper.findWebElements(WebUiCommonHelper.java:717)
	at com.kms.katalon.core.webui.common.WebUiCommonHelper.findWebElement(WebUiCommonHelper.java:1349)
	at com.kms.katalon.core.webui.keyword.internal.WebUIAbstractKeyword.findWebElement(WebUIAbstractKeyword.groovy:27)
	at com.kms.katalon.core.webui.keyword.internal.WebUIAbstractKeyword.findWebElement(WebUIAbstractKeyword.groovy:26)
	at com.kms.katalon.core.webui.keyword.builtin.GetTextKeyword$_getText_closure1.doCall(GetTextKeyword.groovy:78)
	at com.kms.katalon.core.webui.keyword.builtin.GetTextKeyword$_getText_closure1.call(GetTextKeyword.groovy)
	at com.kms.katalon.core.webui.keyword.internal.WebUIKeywordMain.runKeyword(WebUIKeywordMain.groovy:20)
	at com.kms.katalon.core.webui.keyword.builtin.GetTextKeyword.getText(GetTextKeyword.groovy:88)
	at com.kms.katalon.core.webui.keyword.builtin.GetTextKeyword.execute(GetTextKeyword.groovy:67)
	at com.kms.katalon.core.keyword.internal.KeywordExecutor.executeKeywordForPlatform(KeywordExecutor.groovy:73)
	at com.kms.katalon.core.webui.keyword.WebUiBuiltInKeywords.getText(WebUiBuiltInKeywords.groovy:914)
	at com.kms.katalon.core.webui.keyword.WebUiBuiltInKeywords$getText$20.call(Unknown Source)
	at Slik_Script.Checkbox_Validate(Slik_Script.groovy:882)
	at cucumber.runtime.Utils$1.call(Utils.java:26)
	at cucumber.runtime.Timeout.timeout(Timeout.java:16)
	at cucumber.runtime.Utils.invoke(Utils.java:20)
	at cucumber.runtime.java.JavaStepDefinition.execute(JavaStepDefinition.java:48)
	at cucumber.runtime.PickleStepDefinitionMatch.runStep(PickleStepDefinitionMatch.java:50)
	at cucumber.runner.TestStep.executeStep(TestStep.java:55)
	at cucumber.runner.TestStep.run(TestStep.java:42)
	at cucumber.runner.PickleStepTestStep.run(PickleStepTestStep.java:53)
	at cucumber.runner.TestCase.run(TestCase.java:47)
	at cucumber.runner.Runner.runPickle(Runner.java:44)
	at cucumber.runtime.Runtime.runFeature(Runtime.java:120)
	at cucumber.runtime.Runtime.run(Runtime.java:106)
	at cucumber.api.cli.Main.run(Main.java:35)
	at cucumber.api.cli.Main$run.call(Unknown Source)
	at com.kms.katalon.core.cucumber.keyword.CucumberBuiltinKeywords$_runFeatureFile_closure1.doCall(CucumberBuiltinKeywords.groovy:76)
	at com.kms.katalon.core.cucumber.keyword.CucumberBuiltinKeywords$_runFeatureFile_closure1.doCall(CucumberBuiltinKeywords.groovy)
	at com.kms.katalon.core.keyword.internal.KeywordMain.runKeyword(KeywordMain.groovy:68)
	at com.kms.katalon.core.keyword.internal.KeywordMain$runKeyword.call(Unknown Source)
	at com.kms.katalon.core.cucumber.keyword.CucumberBuiltinKeywords.runFeatureFile(CucumberBuiltinKeywords.groovy:46)
	at com.kms.katalon.core.cucumber.keyword.CucumberBuiltinKeywords$runFeatureFile$0.callStatic(Unknown Source)
	at com.kms.katalon.core.cucumber.keyword.CucumberBuiltinKeywords.runFeatureFile(CucumberBuiltinKeywords.groovy:169)
	at com.kms.katalon.core.cucumber.keyword.CucumberBuiltinKeywords$runFeatureFile.call(Unknown Source)
	at Reject KTP Number.run(Reject KTP Number:18)
	at com.kms.katalon.core.main.ScriptEngine.run(ScriptEngine.java:194)
	at com.kms.katalon.core.main.ScriptEngine.runScriptAsRawText(ScriptEngine.java:119)
	at com.kms.katalon.core.main.TestCaseExecutor.runScript(TestCaseExecutor.java:339)
	at com.kms.katalon.core.main.TestCaseExecutor.doExecute(TestCaseExecutor.java:330)
	at com.kms.katalon.core.main.TestCaseExecutor.processExecutionPhase(TestCaseExecutor.java:309)
	at com.kms.katalon.core.main.TestCaseExecutor.accessMainPhase(TestCaseExecutor.java:301)
	at com.kms.katalon.core.main.TestCaseExecutor.execute(TestCaseExecutor.java:235)
	at com.kms.katalon.core.main.TestSuiteExecutor.accessTestCaseMainPhase(TestSuiteExecutor.java:191)
	at com.kms.katalon.core.main.TestSuiteExecutor.accessTestSuiteMainPhase(TestSuiteExecutor.java:141)
	at com.kms.katalon.core.main.TestSuiteExecutor.execute(TestSuiteExecutor.java:90)
	at com.kms.katalon.core.main.TestCaseMain.startTestSuite(TestCaseMain.java:157)
	at com.kms.katalon.core.main.TestCaseMain$startTestSuite$0.call(Unknown Source)
	at TempTestSuite1603882106321.run(TempTestSuite1603882106321.groovy:39)


2020-10-28 17:54:12 - [TEST_STEP][PASSED] - Go to ISTools: Go to ISTools

2020-10-28 17:54:12 - [MESSAGE][WARNING] - A browser is already opened. Closing browser and opening a new one

2020-10-28 17:54:12 - [MESSAGE][INFO] - Starting 'Chrome' driver

2020-10-28 17:54:12 - [MESSAGE][INFO] - User set preference: ['AcceptInsecureCerts', 'true']

2020-10-28 17:54:12 - [MESSAGE][INFO] - User set preference: ['args', '[ignore-certificate-errors]']

2020-10-28 17:54:12 - [MESSAGE][INFO] - Action delay is set to 0 milliseconds

2020-10-28 17:54:13 - [MESSAGE][PASSED] - Browser is opened with url: ''

2020-10-28 17:55:32 - [MESSAGE][PASSED] - Navigate to 'https://id-ist01preprod.id.nonprod/ist/' successfully

2020-10-28 17:55:32 - [MESSAGE][PASSED] - Go to ISTools

2020-10-28 17:55:32 - [TEST_STEP][PASSED] - Login IST with valid credentials: Login IST with valid credentials

2020-10-28 17:55:33 - [MESSAGE][PASSED] - Text 'mobile.test' is set on object 'Object Repository/Page_/input_Username_j_username'

2020-10-28 17:55:34 - [MESSAGE][PASSED] - Text ****** has been set on object 'Object Repository/Page_/input_Password_j_password'

2020-10-28 17:55:34 - [MESSAGE][PASSED] - Object: 'Object Repository/Page_/button_Login' is clicked on

2020-10-28 17:55:34 - [MESSAGE][PASSED] - Login IST with valid credentials

2020-10-28 17:55:34 - [TEST_STEP][PASSED] - Login Success for contract dispatcher: Login Success for contract dispatcher

2020-10-28 17:55:34 - [MESSAGE][INFO] - Login Success

2020-10-28 17:55:34 - [MESSAGE][PASSED] - Current window maximized

2020-10-28 17:55:35 - [MESSAGE][PASSED] - Object 'Object Repository/Page_/h1_Welcome to IT Supporting Tools' is present

2020-10-28 17:55:35 - [MESSAGE][PASSED] - Login Success for contract dispatcher

2020-10-28 17:55:35 - [TEST_STEP][PASSED] - Select Menu "SLIK Gateway Approval Non Customer": Select Menu "SLIK Gateway Approval Non Customer"

2020-10-28 17:55:35 - [MESSAGE][PASSED] - Taking screenshot successfully
[[ATTACHMENT|/Users/chaidir.pratama01/Documents/Docs/Katalon Studio/Screenshot/test-SLIK Gateway Approval Non Customer.png]]

2020-10-28 17:55:36 - [MESSAGE][PASSED] - Object '' is present

2020-10-28 17:55:36 - [MESSAGE][PASSED] - Object: '' is clicked on

2020-10-28 17:55:36 - [MESSAGE][PASSED] - Wait for page load successfully

2020-10-28 17:55:36 - [MESSAGE][PASSED] - Select Menu "SLIK Gateway Approval Non Customer"

2020-10-28 17:55:36 - [TEST_STEP][PASSED] - Verify Table Result Exist: Verify Table Result Exist

2020-10-28 17:55:37 - [MESSAGE][PASSED] - Object '' is present

2020-10-28 17:55:37 - [MESSAGE][PASSED] - Verify Table Result Exist

2020-10-28 17:55:37 - [TEST_STEP][PASSED] - Get Data From Table: Get Data From Table

2020-10-28 17:55:37 - [MESSAGE][PASSED] - Get Data From Table

2020-10-28 17:55:37 - [TEST_STEP][FAILED] - Click Checkbox Validate: Click Checkbox Validate FAILED.
Reason:
com.kms.katalon.core.exception.StepFailedException: Unable to get text of object ''
	at com.kms.katalon.core.webui.keyword.internal.WebUIKeywordMain.stepFailed(WebUIKeywordMain.groovy:64)
	at com.kms.katalon.core.webui.keyword.internal.WebUIKeywordMain.runKeyword(WebUIKeywordMain.groovy:26)
	at com.kms.katalon.core.webui.keyword.builtin.GetTextKeyword.getText(GetTextKeyword.groovy:88)
	at com.kms.katalon.core.webui.keyword.builtin.GetTextKeyword.execute(GetTextKeyword.groovy:67)
	at com.kms.katalon.core.keyword.internal.KeywordExecutor.executeKeywordForPlatform(KeywordExecutor.groovy:73)
	at com.kms.katalon.core.webui.keyword.WebUiBuiltInKeywords.getText(WebUiBuiltInKeywords.groovy:914)
	at com.kms.katalon.core.webui.keyword.WebUiBuiltInKeywords$getText$20.call(Unknown Source)
	at Slik_Script.Checkbox_Validate(Slik_Script.groovy:882)
	at ✽.Click Checkbox Validate(/Users/chaidir.pratama01/Katalon Studio/IST_Automation_Git/Include/features/IST_Real/SLIK/SLIK Gateway Approval Non Customer/Reject_KTP_Number.feature:34)
Caused by: java.lang.IndexOutOfBoundsException: Index: 0, Size: 0
	at com.kms.katalon.core.webui.common.WebUiCommonHelper.buildLocator(WebUiCommonHelper.java:519)
	at com.kms.katalon.core.webui.common.WebUiCommonHelper.findElementByNormalMethods(WebUiCommonHelper.java:985)
	at com.kms.katalon.core.webui.common.WebUiCommonHelper.findElementsBySelectedMethod(WebUiCommonHelper.java:894)
	at com.kms.katalon.core.webui.common.WebUiCommonHelper.findElementsWithSelfHealing(WebUiCommonHelper.java:791)
	at com.kms.katalon.core.webui.common.WebUiCommonHelper.findWebElements(WebUiCommonHelper.java:717)
	at com.kms.katalon.core.webui.common.WebUiCommonHelper.findWebElement(WebUiCommonHelper.java:1349)
	at com.kms.katalon.core.webui.keyword.internal.WebUIAbstractKeyword.findWebElement(WebUIAbstractKeyword.groovy:27)
	at com.kms.katalon.core.webui.keyword.internal.WebUIAbstractKeyword.findWebElement(WebUIAbstractKeyword.groovy:26)
	at com.kms.katalon.core.webui.keyword.builtin.GetTextKeyword$_getText_closure1.doCall(GetTextKeyword.groovy:78)
	at com.kms.katalon.core.webui.keyword.builtin.GetTextKeyword$_getText_closure1.call(GetTextKeyword.groovy)
	at com.kms.katalon.core.webui.keyword.internal.WebUIKeywordMain.runKeyword(WebUIKeywordMain.groovy:20)
	at com.kms.katalon.core.webui.keyword.builtin.GetTextKeyword.getText(GetTextKeyword.groovy:88)
	at com.kms.katalon.core.webui.keyword.builtin.GetTextKeyword.execute(GetTextKeyword.groovy:67)
	at com.kms.katalon.core.keyword.internal.KeywordExecutor.executeKeywordForPlatform(KeywordExecutor.groovy:73)
	at com.kms.katalon.core.webui.keyword.WebUiBuiltInKeywords.getText(WebUiBuiltInKeywords.groovy:914)
	at com.kms.katalon.core.webui.keyword.WebUiBuiltInKeywords$getText$20.call(Unknown Source)
	at Slik_Script.Checkbox_Validate(Slik_Script.groovy:882)
	at cucumber.runtime.Utils$1.call(Utils.java:26)
	at cucumber.runtime.Timeout.timeout(Timeout.java:16)
	at cucumber.runtime.Utils.invoke(Utils.java:20)
	at cucumber.runtime.java.JavaStepDefinition.execute(JavaStepDefinition.java:48)
	at cucumber.runtime.PickleStepDefinitionMatch.runStep(PickleStepDefinitionMatch.java:50)
	at cucumber.runner.TestStep.executeStep(TestStep.java:55)
	at cucumber.runner.TestStep.run(TestStep.java:42)
	at cucumber.runner.PickleStepTestStep.run(PickleStepTestStep.java:53)
	at cucumber.runner.TestCase.run(TestCase.java:47)
	at cucumber.runner.Runner.runPickle(Runner.java:44)
	at cucumber.runtime.Runtime.runFeature(Runtime.java:120)
	at cucumber.runtime.Runtime.run(Runtime.java:106)
	at cucumber.api.cli.Main.run(Main.java:35)
	at cucumber.api.cli.Main$run.call(Unknown Source)
	at com.kms.katalon.core.cucumber.keyword.CucumberBuiltinKeywords$_runFeatureFile_closure1.doCall(CucumberBuiltinKeywords.groovy:76)
	at com.kms.katalon.core.cucumber.keyword.CucumberBuiltinKeywords$_runFeatureFile_closure1.doCall(CucumberBuiltinKeywords.groovy)
	at com.kms.katalon.core.keyword.internal.KeywordMain.runKeyword(KeywordMain.groovy:68)
	at com.kms.katalon.core.keyword.internal.KeywordMain$runKeyword.call(Unknown Source)
	at com.kms.katalon.core.cucumber.keyword.CucumberBuiltinKeywords.runFeatureFile(CucumberBuiltinKeywords.groovy:46)
	at com.kms.katalon.core.cucumber.keyword.CucumberBuiltinKeywords$runFeatureFile$0.callStatic(Unknown Source)
	at com.kms.katalon.core.cucumber.keyword.CucumberBuiltinKeywords.runFeatureFile(CucumberBuiltinKeywords.groovy:169)
	at com.kms.katalon.core.cucumber.keyword.CucumberBuiltinKeywords$runFeatureFile.call(Unknown Source)
	at Reject KTP Number.run(Reject KTP Number:18)
	at com.kms.katalon.core.main.ScriptEngine.run(ScriptEngine.java:194)
	at com.kms.katalon.core.main.ScriptEngine.runScriptAsRawText(ScriptEngine.java:119)
	at com.kms.katalon.core.main.TestCaseExecutor.runScript(TestCaseExecutor.java:339)
	at com.kms.katalon.core.main.TestCaseExecutor.doExecute(TestCaseExecutor.java:330)
	at com.kms.katalon.core.main.TestCaseExecutor.processExecutionPhase(TestCaseExecutor.java:309)
	at com.kms.katalon.core.main.TestCaseExecutor.accessMainPhase(TestCaseExecutor.java:301)
	at com.kms.katalon.core.main.TestCaseExecutor.execute(TestCaseExecutor.java:235)
	at com.kms.katalon.core.main.TestSuiteExecutor.accessTestCaseMainPhase(TestSuiteExecutor.java:191)
	at com.kms.katalon.core.main.TestSuiteExecutor.accessTestSuiteMainPhase(TestSuiteExecutor.java:141)
	at com.kms.katalon.core.main.TestSuiteExecutor.execute(TestSuiteExecutor.java:90)
	at com.kms.katalon.core.main.TestCaseMain.startTestSuite(TestCaseMain.java:157)
	at com.kms.katalon.core.main.TestCaseMain$startTestSuite$0.call(Unknown Source)
	at TempTestSuite1603882106321.run(TempTestSuite1603882106321.groovy:39)


2020-10-28 17:56:08 - [MESSAGE][INFO] - Unable to find the element located by 'By.xpath: //div[@class='z-grid']/div[@class='z-grid-header']/following-sibling::div[@class='z-grid-body']/table/tbody[@class='z-rows']/tr/td[5]/div/span/input/../../../preceding-sibling::td[3]/div/span'. Please recheck the objects properties to make sure the desired element is located. 

2020-10-28 17:56:08 - [MESSAGE][WARNING] - [SELF-HEALING] Failed to find element with id ''. Try using Self-healing.

2020-10-28 17:56:09 - [MESSAGE][FAILED] - Unable to get text of object '' (Root cause: com.kms.katalon.core.exception.StepFailedException: Unable to get text of object ''
	at com.kms.katalon.core.webui.keyword.internal.WebUIKeywordMain.stepFailed(WebUIKeywordMain.groovy:64)
	at com.kms.katalon.core.webui.keyword.internal.WebUIKeywordMain.runKeyword(WebUIKeywordMain.groovy:26)
	at com.kms.katalon.core.webui.keyword.builtin.GetTextKeyword.getText(GetTextKeyword.groovy:88)
	at com.kms.katalon.core.webui.keyword.builtin.GetTextKeyword.execute(GetTextKeyword.groovy:67)
	at com.kms.katalon.core.keyword.internal.KeywordExecutor.executeKeywordForPlatform(KeywordExecutor.groovy:73)
	at com.kms.katalon.core.webui.keyword.WebUiBuiltInKeywords.getText(WebUiBuiltInKeywords.groovy:914)
	at com.kms.katalon.core.webui.keyword.WebUiBuiltInKeywords$getText$20.call(Unknown Source)
	at Slik_Script.Checkbox_Validate(Slik_Script.groovy:882)
	at cucumber.runtime.Utils$1.call(Utils.java:26)
	at cucumber.runtime.Timeout.timeout(Timeout.java:16)
	at cucumber.runtime.Utils.invoke(Utils.java:20)
	at cucumber.runtime.java.JavaStepDefinition.execute(JavaStepDefinition.java:48)
	at cucumber.runtime.PickleStepDefinitionMatch.runStep(PickleStepDefinitionMatch.java:50)
	at cucumber.runner.TestStep.executeStep(TestStep.java:55)
	at cucumber.runner.TestStep.run(TestStep.java:42)
	at cucumber.runner.PickleStepTestStep.run(PickleStepTestStep.java:53)
	at cucumber.runner.TestCase.run(TestCase.java:47)
	at cucumber.runner.Runner.runPickle(Runner.java:44)
	at cucumber.runtime.Runtime.runFeature(Runtime.java:120)
	at cucumber.runtime.Runtime.run(Runtime.java:106)
	at cucumber.api.cli.Main.run(Main.java:35)
	at cucumber.api.cli.Main$run.call(Unknown Source)
	at com.kms.katalon.core.cucumber.keyword.CucumberBuiltinKeywords$_runFeatureFile_closure1.doCall(CucumberBuiltinKeywords.groovy:76)
	at com.kms.katalon.core.cucumber.keyword.CucumberBuiltinKeywords$_runFeatureFile_closure1.doCall(CucumberBuiltinKeywords.groovy)
	at com.kms.katalon.core.keyword.internal.KeywordMain.runKeyword(KeywordMain.groovy:68)
	at com.kms.katalon.core.keyword.internal.KeywordMain$runKeyword.call(Unknown Source)
	at com.kms.katalon.core.cucumber.keyword.CucumberBuiltinKeywords.runFeatureFile(CucumberBuiltinKeywords.groovy:46)
	at com.kms.katalon.core.cucumber.keyword.CucumberBuiltinKeywords$runFeatureFile$0.callStatic(Unknown Source)
	at com.kms.katalon.core.cucumber.keyword.CucumberBuiltinKeywords.runFeatureFile(CucumberBuiltinKeywords.groovy:169)
	at com.kms.katalon.core.cucumber.keyword.CucumberBuiltinKeywords$runFeatureFile.call(Unknown Source)
	at Reject KTP Number.run(Reject KTP Number:18)
	at com.kms.katalon.core.main.ScriptEngine.run(ScriptEngine.java:194)
	at com.kms.katalon.core.main.ScriptEngine.runScriptAsRawText(ScriptEngine.java:119)
	at com.kms.katalon.core.main.TestCaseExecutor.runScript(TestCaseExecutor.java:339)
	at com.kms.katalon.core.main.TestCaseExecutor.doExecute(TestCaseExecutor.java:330)
	at com.kms.katalon.core.main.TestCaseExecutor.processExecutionPhase(TestCaseExecutor.java:309)
	at com.kms.katalon.core.main.TestCaseExecutor.accessMainPhase(TestCaseExecutor.java:301)
	at com.kms.katalon.core.main.TestCaseExecutor.execute(TestCaseExecutor.java:235)
	at com.kms.katalon.core.main.TestSuiteExecutor.accessTestCaseMainPhase(TestSuiteExecutor.java:191)
	at com.kms.katalon.core.main.TestSuiteExecutor.accessTestSuiteMainPhase(TestSuiteExecutor.java:141)
	at com.kms.katalon.core.main.TestSuiteExecutor.execute(TestSuiteExecutor.java:90)
	at com.kms.katalon.core.main.TestCaseMain.startTestSuite(TestCaseMain.java:157)
	at com.kms.katalon.core.main.TestCaseMain$startTestSuite$0.call(Unknown Source)
	at TempTestSuite1603882106321.run(TempTestSuite1603882106321.groovy:39)
Caused by: java.lang.IndexOutOfBoundsException: Index: 0, Size: 0
	at com.kms.katalon.core.webui.common.WebUiCommonHelper.buildLocator(WebUiCommonHelper.java:519)
	at com.kms.katalon.core.webui.common.WebUiCommonHelper.findElementByNormalMethods(WebUiCommonHelper.java:985)
	at com.kms.katalon.core.webui.common.WebUiCommonHelper.findElementsBySelectedMethod(WebUiCommonHelper.java:894)
	at com.kms.katalon.core.webui.common.WebUiCommonHelper.findElementsWithSelfHealing(WebUiCommonHelper.java:791)
	at com.kms.katalon.core.webui.common.WebUiCommonHelper.findWebElements(WebUiCommonHelper.java:717)
	at com.kms.katalon.core.webui.common.WebUiCommonHelper.findWebElement(WebUiCommonHelper.java:1349)
	at com.kms.katalon.core.webui.keyword.internal.WebUIAbstractKeyword.findWebElement(WebUIAbstractKeyword.groovy:27)
	at com.kms.katalon.core.webui.keyword.internal.WebUIAbstractKeyword.findWebElement(WebUIAbstractKeyword.groovy:26)
	at com.kms.katalon.core.webui.keyword.builtin.GetTextKeyword$_getText_closure1.doCall(GetTextKeyword.groovy:78)
	at com.kms.katalon.core.webui.keyword.builtin.GetTextKeyword$_getText_closure1.call(GetTextKeyword.groovy)
	at com.kms.katalon.core.webui.keyword.internal.WebUIKeywordMain.runKeyword(WebUIKeywordMain.groovy:20)
	at com.kms.katalon.core.webui.keyword.builtin.GetTextKeyword.getText(GetTextKeyword.groovy:88)
	at com.kms.katalon.core.webui.keyword.builtin.GetTextKeyword.execute(GetTextKeyword.groovy:67)
	at com.kms.katalon.core.keyword.internal.KeywordExecutor.executeKeywordForPlatform(KeywordExecutor.groovy:73)
	at com.kms.katalon.core.webui.keyword.WebUiBuiltInKeywords.getText(WebUiBuiltInKeywords.groovy:914)
	at com.kms.katalon.core.webui.keyword.WebUiBuiltInKeywords$getText$20.call(Unknown Source)
	at Slik_Script.Checkbox_Validate(Slik_Script.groovy:882)
	at cucumber.runtime.Utils$1.call(Utils.java:26)
	at cucumber.runtime.Timeout.timeout(Timeout.java:16)
	at cucumber.runtime.Utils.invoke(Utils.java:20)
	at cucumber.runtime.java.JavaStepDefinition.execute(JavaStepDefinition.java:48)
	at cucumber.runtime.PickleStepDefinitionMatch.runStep(PickleStepDefinitionMatch.java:50)
	at cucumber.runner.TestStep.executeStep(TestStep.java:55)
	at cucumber.runner.TestStep.run(TestStep.java:42)
	at cucumber.runner.PickleStepTestStep.run(PickleStepTestStep.java:53)
	at cucumber.runner.TestCase.run(TestCase.java:47)
	at cucumber.runner.Runner.runPickle(Runner.java:44)
	at cucumber.runtime.Runtime.runFeature(Runtime.java:120)
	at cucumber.runtime.Runtime.run(Runtime.java:106)
	at cucumber.api.cli.Main.run(Main.java:35)
	at cucumber.api.cli.Main$run.call(Unknown Source)
	at com.kms.katalon.core.cucumber.keyword.CucumberBuiltinKeywords$_runFeatureFile_closure1.doCall(CucumberBuiltinKeywords.groovy:76)
	at com.kms.katalon.core.cucumber.keyword.CucumberBuiltinKeywords$_runFeatureFile_closure1.doCall(CucumberBuiltinKeywords.groovy)
	at com.kms.katalon.core.keyword.internal.KeywordMain.runKeyword(KeywordMain.groovy:68)
	at com.kms.katalon.core.keyword.internal.KeywordMain$runKeyword.call(Unknown Source)
	at com.kms.katalon.core.cucumber.keyword.CucumberBuiltinKeywords.runFeatureFile(CucumberBuiltinKeywords.groovy:46)
	at com.kms.katalon.core.cucumber.keyword.CucumberBuiltinKeywords$runFeatureFile$0.callStatic(Unknown Source)
	at com.kms.katalon.core.cucumber.keyword.CucumberBuiltinKeywords.runFeatureFile(CucumberBuiltinKeywords.groovy:169)
	at com.kms.katalon.core.cucumber.keyword.CucumberBuiltinKeywords$runFeatureFile.call(Unknown Source)
	at Script1602490678866.run(Script1602490678866.groovy:18)
	... 13 more
)
[[ATTACHMENT|/Users/chaidir.pratama01/Katalon Studio/IST_Automation_Git/Reports/20201028_174826/SLIK/TS_SLIK_Gateway_Non_Customer/20201028_174826/1603882568806.png]]

2020-10-28 17:56:09 - [MESSAGE][FAILED] - Click Checkbox Validate FAILED.
Reason:
com.kms.katalon.core.exception.StepFailedException: Unable to get text of object ''
	at com.kms.katalon.core.webui.keyword.internal.WebUIKeywordMain.stepFailed(WebUIKeywordMain.groovy:64)
	at com.kms.katalon.core.webui.keyword.internal.WebUIKeywordMain.runKeyword(WebUIKeywordMain.groovy:26)
	at com.kms.katalon.core.webui.keyword.builtin.GetTextKeyword.getText(GetTextKeyword.groovy:88)
	at com.kms.katalon.core.webui.keyword.builtin.GetTextKeyword.execute(GetTextKeyword.groovy:67)
	at com.kms.katalon.core.keyword.internal.KeywordExecutor.executeKeywordForPlatform(KeywordExecutor.groovy:73)
	at com.kms.katalon.core.webui.keyword.WebUiBuiltInKeywords.getText(WebUiBuiltInKeywords.groovy:914)
	at com.kms.katalon.core.webui.keyword.WebUiBuiltInKeywords$getText$20.call(Unknown Source)
	at Slik_Script.Checkbox_Validate(Slik_Script.groovy:882)
	at ✽.Click Checkbox Validate(/Users/chaidir.pratama01/Katalon Studio/IST_Automation_Git/Include/features/IST_Real/SLIK/SLIK Gateway Approval Non Customer/Reject_KTP_Number.feature:34)
Caused by: java.lang.IndexOutOfBoundsException: Index: 0, Size: 0
	at com.kms.katalon.core.webui.common.WebUiCommonHelper.buildLocator(WebUiCommonHelper.java:519)
	at com.kms.katalon.core.webui.common.WebUiCommonHelper.findElementByNormalMethods(WebUiCommonHelper.java:985)
	at com.kms.katalon.core.webui.common.WebUiCommonHelper.findElementsBySelectedMethod(WebUiCommonHelper.java:894)
	at com.kms.katalon.core.webui.common.WebUiCommonHelper.findElementsWithSelfHealing(WebUiCommonHelper.java:791)
	at com.kms.katalon.core.webui.common.WebUiCommonHelper.findWebElements(WebUiCommonHelper.java:717)
	at com.kms.katalon.core.webui.common.WebUiCommonHelper.findWebElement(WebUiCommonHelper.java:1349)
	at com.kms.katalon.core.webui.keyword.internal.WebUIAbstractKeyword.findWebElement(WebUIAbstractKeyword.groovy:27)
	at com.kms.katalon.core.webui.keyword.internal.WebUIAbstractKeyword.findWebElement(WebUIAbstractKeyword.groovy:26)
	at com.kms.katalon.core.webui.keyword.builtin.GetTextKeyword$_getText_closure1.doCall(GetTextKeyword.groovy:78)
	at com.kms.katalon.core.webui.keyword.builtin.GetTextKeyword$_getText_closure1.call(GetTextKeyword.groovy)
	at com.kms.katalon.core.webui.keyword.internal.WebUIKeywordMain.runKeyword(WebUIKeywordMain.groovy:20)
	at com.kms.katalon.core.webui.keyword.builtin.GetTextKeyword.getText(GetTextKeyword.groovy:88)
	at com.kms.katalon.core.webui.keyword.builtin.GetTextKeyword.execute(GetTextKeyword.groovy:67)
	at com.kms.katalon.core.keyword.internal.KeywordExecutor.executeKeywordForPlatform(KeywordExecutor.groovy:73)
	at com.kms.katalon.core.webui.keyword.WebUiBuiltInKeywords.getText(WebUiBuiltInKeywords.groovy:914)
	at com.kms.katalon.core.webui.keyword.WebUiBuiltInKeywords$getText$20.call(Unknown Source)
	at Slik_Script.Checkbox_Validate(Slik_Script.groovy:882)
	at cucumber.runtime.Utils$1.call(Utils.java:26)
	at cucumber.runtime.Timeout.timeout(Timeout.java:16)
	at cucumber.runtime.Utils.invoke(Utils.java:20)
	at cucumber.runtime.java.JavaStepDefinition.execute(JavaStepDefinition.java:48)
	at cucumber.runtime.PickleStepDefinitionMatch.runStep(PickleStepDefinitionMatch.java:50)
	at cucumber.runner.TestStep.executeStep(TestStep.java:55)
	at cucumber.runner.TestStep.run(TestStep.java:42)
	at cucumber.runner.PickleStepTestStep.run(PickleStepTestStep.java:53)
	at cucumber.runner.TestCase.run(TestCase.java:47)
	at cucumber.runner.Runner.runPickle(Runner.java:44)
	at cucumber.runtime.Runtime.runFeature(Runtime.java:120)
	at cucumber.runtime.Runtime.run(Runtime.java:106)
	at cucumber.api.cli.Main.run(Main.java:35)
	at cucumber.api.cli.Main$run.call(Unknown Source)
	at com.kms.katalon.core.cucumber.keyword.CucumberBuiltinKeywords$_runFeatureFile_closure1.doCall(CucumberBuiltinKeywords.groovy:76)
	at com.kms.katalon.core.cucumber.keyword.CucumberBuiltinKeywords$_runFeatureFile_closure1.doCall(CucumberBuiltinKeywords.groovy)
	at com.kms.katalon.core.keyword.internal.KeywordMain.runKeyword(KeywordMain.groovy:68)
	at com.kms.katalon.core.keyword.internal.KeywordMain$runKeyword.call(Unknown Source)
	at com.kms.katalon.core.cucumber.keyword.CucumberBuiltinKeywords.runFeatureFile(CucumberBuiltinKeywords.groovy:46)
	at com.kms.katalon.core.cucumber.keyword.CucumberBuiltinKeywords$runFeatureFile$0.callStatic(Unknown Source)
	at com.kms.katalon.core.cucumber.keyword.CucumberBuiltinKeywords.runFeatureFile(CucumberBuiltinKeywords.groovy:169)
	at com.kms.katalon.core.cucumber.keyword.CucumberBuiltinKeywords$runFeatureFile.call(Unknown Source)
	at Reject KTP Number.run(Reject KTP Number:18)
	at com.kms.katalon.core.main.ScriptEngine.run(ScriptEngine.java:194)
	at com.kms.katalon.core.main.ScriptEngine.runScriptAsRawText(ScriptEngine.java:119)
	at com.kms.katalon.core.main.TestCaseExecutor.runScript(TestCaseExecutor.java:339)
	at com.kms.katalon.core.main.TestCaseExecutor.doExecute(TestCaseExecutor.java:330)
	at com.kms.katalon.core.main.TestCaseExecutor.processExecutionPhase(TestCaseExecutor.java:309)
	at com.kms.katalon.core.main.TestCaseExecutor.accessMainPhase(TestCaseExecutor.java:301)
	at com.kms.katalon.core.main.TestCaseExecutor.execute(TestCaseExecutor.java:235)
	at com.kms.katalon.core.main.TestSuiteExecutor.accessTestCaseMainPhase(TestSuiteExecutor.java:191)
	at com.kms.katalon.core.main.TestSuiteExecutor.accessTestSuiteMainPhase(TestSuiteExecutor.java:141)
	at com.kms.katalon.core.main.TestSuiteExecutor.execute(TestSuiteExecutor.java:90)
	at com.kms.katalon.core.main.TestCaseMain.startTestSuite(TestCaseMain.java:157)
	at com.kms.katalon.core.main.TestCaseMain$startTestSuite$0.call(Unknown Source)
	at TempTestSuite1603882106321.run(TempTestSuite1603882106321.groovy:39)


2020-10-28 17:56:09 - [TEST_STEP][NOT_RUN] - Click button "Reject": Click button "Reject"

2020-10-28 17:56:09 - [MESSAGE][NOT_RUN] - Click button "Reject"

2020-10-28 17:56:09 - [TEST_STEP][NOT_RUN] - Get text from pop up "Confirmation Submit Request" with text "Are you sure to Reject this data ?": Get text from pop up "Confirmation Submit Request" with text "Are you sure to Reject this data ?"

2020-10-28 17:56:09 - [MESSAGE][NOT_RUN] - Get text from pop up "Confirmation Submit Request" with text "Are you sure to Reject this data ?"

2020-10-28 17:56:09 - [TEST_STEP][NOT_RUN] - Click button "Yes": Click button "Yes"

2020-10-28 17:56:09 - [MESSAGE][NOT_RUN] - Click button "Yes"

2020-10-28 17:56:09 - [TEST_STEP][NOT_RUN] - Get text from pop up "IT Supporting Tools" with text "1 data successfully rejected": Get text from pop up "IT Supporting Tools" with text "1 data successfully rejected"

2020-10-28 17:56:09 - [MESSAGE][NOT_RUN] - Get text from pop up "IT Supporting Tools" with text "1 data successfully rejected"

2020-10-28 17:56:09 - [TEST_STEP][NOT_RUN] - Click button "OK": Click button "OK"

2020-10-28 17:56:09 - [MESSAGE][NOT_RUN] - Click button "OK"

2020-10-28 17:56:09 - [TEST_STEP][NOT_RUN] - Close browser: Close browser

2020-10-28 17:56:09 - [MESSAGE][NOT_RUN] - Close browser

2020-10-28 17:56:09 - [MESSAGE][FAILED] - Feature file 'Include/features/IST_Real/SLIK/SLIK Gateway Approval Non Customer/Reject_KTP_Number.feature' was failed

2020-10-28 17:56:09 - [MESSAGE][FAILED] - Keyword runFeatureFile was failed (Root cause: com.kms.katalon.core.exception.StepFailedException: Feature file 'Include/features/IST_Real/SLIK/SLIK Gateway Approval Non Customer/Reject_KTP_Number.feature' was failed
	at com.kms.katalon.core.keyword.internal.KeywordMain.stepFailed(KeywordMain.groovy:50)
	at com.kms.katalon.core.keyword.internal.KeywordMain.stepFailed(KeywordMain.groovy)
	at com.kms.katalon.core.keyword.internal.KeywordMain.stepFailed(KeywordMain.groovy:23)
	at com.kms.katalon.core.keyword.internal.KeywordMain$stepFailed$0.call(Unknown Source)
	at com.kms.katalon.core.cucumber.keyword.CucumberBuiltinKeywords$_runFeatureFile_closure1.doCall(CucumberBuiltinKeywords.groovy:82)
	at com.kms.katalon.core.cucumber.keyword.CucumberBuiltinKeywords$_runFeatureFile_closure1.doCall(CucumberBuiltinKeywords.groovy)
	at com.kms.katalon.core.keyword.internal.KeywordMain.runKeyword(KeywordMain.groovy:68)
	at com.kms.katalon.core.keyword.internal.KeywordMain$runKeyword.call(Unknown Source)
	at com.kms.katalon.core.cucumber.keyword.CucumberBuiltinKeywords.runFeatureFile(CucumberBuiltinKeywords.groovy:46)
	at com.kms.katalon.core.cucumber.keyword.CucumberBuiltinKeywords$runFeatureFile$0.callStatic(Unknown Source)
	at com.kms.katalon.core.cucumber.keyword.CucumberBuiltinKeywords.runFeatureFile(CucumberBuiltinKeywords.groovy:169)
	at com.kms.katalon.core.cucumber.keyword.CucumberBuiltinKeywords$runFeatureFile.call(Unknown Source)
	at Reject KTP Number.run(Reject KTP Number:18)
	at com.kms.katalon.core.main.ScriptEngine.run(ScriptEngine.java:194)
	at com.kms.katalon.core.main.ScriptEngine.runScriptAsRawText(ScriptEngine.java:119)
	at com.kms.katalon.core.main.TestCaseExecutor.runScript(TestCaseExecutor.java:339)
	at com.kms.katalon.core.main.TestCaseExecutor.doExecute(TestCaseExecutor.java:330)
	at com.kms.katalon.core.main.TestCaseExecutor.processExecutionPhase(TestCaseExecutor.java:309)
	at com.kms.katalon.core.main.TestCaseExecutor.accessMainPhase(TestCaseExecutor.java:301)
	at com.kms.katalon.core.main.TestCaseExecutor.execute(TestCaseExecutor.java:235)
	at com.kms.katalon.core.main.TestSuiteExecutor.accessTestCaseMainPhase(TestSuiteExecutor.java:191)
	at com.kms.katalon.core.main.TestSuiteExecutor.accessTestSuiteMainPhase(TestSuiteExecutor.java:141)
	at com.kms.katalon.core.main.TestSuiteExecutor.execute(TestSuiteExecutor.java:90)
	at com.kms.katalon.core.main.TestCaseMain.startTestSuite(TestCaseMain.java:157)
	at com.kms.katalon.core.main.TestCaseMain$startTestSuite$0.call(Unknown Source)
	at TempTestSuite1603882106321.run(TempTestSuite1603882106321.groovy:39)
)]]></system-out>
         <system-err><![CDATA[2020-10-28 17:54:12 - [TEST_CASE][FAILED] - Test Cases/IST_Real/SLIK/SLIK_Gateway_Approval_Non_Customer/Reject KTP Number: Test Cases/IST_Real/SLIK/SLIK_Gateway_Approval_Non_Customer/Reject KTP Number FAILED.
Reason:
com.kms.katalon.core.exception.StepFailedException: Feature file 'Include/features/IST_Real/SLIK/SLIK Gateway Approval Non Customer/Reject_KTP_Number.feature' was failed
	at com.kms.katalon.core.keyword.internal.KeywordMain.stepFailed(KeywordMain.groovy:50)
	at com.kms.katalon.core.keyword.internal.KeywordMain.stepFailed(KeywordMain.groovy)
	at com.kms.katalon.core.keyword.internal.KeywordMain.stepFailed(KeywordMain.groovy:23)
	at com.kms.katalon.core.keyword.internal.KeywordMain$stepFailed$0.call(Unknown Source)
	at com.kms.katalon.core.cucumber.keyword.CucumberBuiltinKeywords$_runFeatureFile_closure1.doCall(CucumberBuiltinKeywords.groovy:82)
	at com.kms.katalon.core.cucumber.keyword.CucumberBuiltinKeywords$_runFeatureFile_closure1.doCall(CucumberBuiltinKeywords.groovy)
	at com.kms.katalon.core.keyword.internal.KeywordMain.runKeyword(KeywordMain.groovy:68)
	at com.kms.katalon.core.keyword.internal.KeywordMain$runKeyword.call(Unknown Source)
	at com.kms.katalon.core.cucumber.keyword.CucumberBuiltinKeywords.runFeatureFile(CucumberBuiltinKeywords.groovy:46)
	at com.kms.katalon.core.cucumber.keyword.CucumberBuiltinKeywords$runFeatureFile$0.callStatic(Unknown Source)
	at com.kms.katalon.core.cucumber.keyword.CucumberBuiltinKeywords.runFeatureFile(CucumberBuiltinKeywords.groovy:169)
	at com.kms.katalon.core.cucumber.keyword.CucumberBuiltinKeywords$runFeatureFile.call(Unknown Source)
	at Reject KTP Number.run(Reject KTP Number:18)
	at com.kms.katalon.core.main.ScriptEngine.run(ScriptEngine.java:194)
	at com.kms.katalon.core.main.ScriptEngine.runScriptAsRawText(ScriptEngine.java:119)
	at com.kms.katalon.core.main.TestCaseExecutor.runScript(TestCaseExecutor.java:339)
	at com.kms.katalon.core.main.TestCaseExecutor.doExecute(TestCaseExecutor.java:330)
	at com.kms.katalon.core.main.TestCaseExecutor.processExecutionPhase(TestCaseExecutor.java:309)
	at com.kms.katalon.core.main.TestCaseExecutor.accessMainPhase(TestCaseExecutor.java:301)
	at com.kms.katalon.core.main.TestCaseExecutor.execute(TestCaseExecutor.java:235)
	at com.kms.katalon.core.main.TestSuiteExecutor.accessTestCaseMainPhase(TestSuiteExecutor.java:191)
	at com.kms.katalon.core.main.TestSuiteExecutor.accessTestSuiteMainPhase(TestSuiteExecutor.java:141)
	at com.kms.katalon.core.main.TestSuiteExecutor.execute(TestSuiteExecutor.java:90)
	at com.kms.katalon.core.main.TestCaseMain.startTestSuite(TestCaseMain.java:157)
	at com.kms.katalon.core.main.TestCaseMain$startTestSuite$0.call(Unknown Source)
	at TempTestSuite1603882106321.run(TempTestSuite1603882106321.groovy:39)]]></system-err>
      </testcase>
      <testcase name="Test Cases/IST_Real/SLIK/SLIK_Gateway_Non_Customer/SLIK Gateway Non Customer Search By Status NOT_APPROVED" time="42.169" classname="Test Cases/IST_Real/SLIK/SLIK_Gateway_Non_Customer/SLIK Gateway Non Customer Search By Status NOT_APPROVED" status="FAILED">
         <failure type="FAILED" message="Test Cases/IST_Real/SLIK/SLIK_Gateway_Non_Customer/SLIK Gateway Non Customer Search By Status NOT_APPROVED FAILED.
Reason:
com.kms.katalon.core.exception.StepFailedException: Feature file 'Include/features/IST_Real/SLIK/SLIK Gateway Non Customer/SLIK_Gateway_Non_Customer_Search_By_Status_NOT_APPROVED.feature' was failed
	at com.kms.katalon.core.keyword.internal.KeywordMain.stepFailed(KeywordMain.groovy:50)
	at com.kms.katalon.core.keyword.internal.KeywordMain.stepFailed(KeywordMain.groovy)
	at com.kms.katalon.core.keyword.internal.KeywordMain.stepFailed(KeywordMain.groovy:23)
	at com.kms.katalon.core.keyword.internal.KeywordMain$stepFailed$0.call(Unknown Source)
	at com.kms.katalon.core.cucumber.keyword.CucumberBuiltinKeywords$_runFeatureFile_closure1.doCall(CucumberBuiltinKeywords.groovy:82)
	at com.kms.katalon.core.cucumber.keyword.CucumberBuiltinKeywords$_runFeatureFile_closure1.doCall(CucumberBuiltinKeywords.groovy)
	at com.kms.katalon.core.keyword.internal.KeywordMain.runKeyword(KeywordMain.groovy:68)
	at com.kms.katalon.core.keyword.internal.KeywordMain$runKeyword.call(Unknown Source)
	at com.kms.katalon.core.cucumber.keyword.CucumberBuiltinKeywords.runFeatureFile(CucumberBuiltinKeywords.groovy:46)
	at com.kms.katalon.core.cucumber.keyword.CucumberBuiltinKeywords$runFeatureFile$0.callStatic(Unknown Source)
	at com.kms.katalon.core.cucumber.keyword.CucumberBuiltinKeywords.runFeatureFile(CucumberBuiltinKeywords.groovy:169)
	at com.kms.katalon.core.cucumber.keyword.CucumberBuiltinKeywords$runFeatureFile.call(Unknown Source)
	at SLIK Gateway Non Customer Search By Status NOT_APPROVED.run(SLIK Gateway Non Customer Search By Status NOT_APPROVED:18)
	at com.kms.katalon.core.main.ScriptEngine.run(ScriptEngine.java:194)
	at com.kms.katalon.core.main.ScriptEngine.runScriptAsRawText(ScriptEngine.java:119)
	at com.kms.katalon.core.main.TestCaseExecutor.runScript(TestCaseExecutor.java:339)
	at com.kms.katalon.core.main.TestCaseExecutor.doExecute(TestCaseExecutor.java:330)
	at com.kms.katalon.core.main.TestCaseExecutor.processExecutionPhase(TestCaseExecutor.java:309)
	at com.kms.katalon.core.main.TestCaseExecutor.accessMainPhase(TestCaseExecutor.java:301)
	at com.kms.katalon.core.main.TestCaseExecutor.execute(TestCaseExecutor.java:235)
	at com.kms.katalon.core.main.TestSuiteExecutor.accessTestCaseMainPhase(TestSuiteExecutor.java:191)
	at com.kms.katalon.core.main.TestSuiteExecutor.accessTestSuiteMainPhase(TestSuiteExecutor.java:141)
	at com.kms.katalon.core.main.TestSuiteExecutor.execute(TestSuiteExecutor.java:90)
	at com.kms.katalon.core.main.TestCaseMain.startTestSuite(TestCaseMain.java:157)
	at com.kms.katalon.core.main.TestCaseMain$startTestSuite$0.call(Unknown Source)
	at TempTestSuite1603882106321.run(TempTestSuite1603882106321.groovy:39)
"/>
         <system-out><![CDATA[2020-10-28 17:56:09 - [TEST_CASE][FAILED] - Test Cases/IST_Real/SLIK/SLIK_Gateway_Non_Customer/SLIK Gateway Non Customer Search By Status NOT_APPROVED: Test Cases/IST_Real/SLIK/SLIK_Gateway_Non_Customer/SLIK Gateway Non Customer Search By Status NOT_APPROVED FAILED.
Reason:
com.kms.katalon.core.exception.StepFailedException: Feature file 'Include/features/IST_Real/SLIK/SLIK Gateway Non Customer/SLIK_Gateway_Non_Customer_Search_By_Status_NOT_APPROVED.feature' was failed
	at com.kms.katalon.core.keyword.internal.KeywordMain.stepFailed(KeywordMain.groovy:50)
	at com.kms.katalon.core.keyword.internal.KeywordMain.stepFailed(KeywordMain.groovy)
	at com.kms.katalon.core.keyword.internal.KeywordMain.stepFailed(KeywordMain.groovy:23)
	at com.kms.katalon.core.keyword.internal.KeywordMain$stepFailed$0.call(Unknown Source)
	at com.kms.katalon.core.cucumber.keyword.CucumberBuiltinKeywords$_runFeatureFile_closure1.doCall(CucumberBuiltinKeywords.groovy:82)
	at com.kms.katalon.core.cucumber.keyword.CucumberBuiltinKeywords$_runFeatureFile_closure1.doCall(CucumberBuiltinKeywords.groovy)
	at com.kms.katalon.core.keyword.internal.KeywordMain.runKeyword(KeywordMain.groovy:68)
	at com.kms.katalon.core.keyword.internal.KeywordMain$runKeyword.call(Unknown Source)
	at com.kms.katalon.core.cucumber.keyword.CucumberBuiltinKeywords.runFeatureFile(CucumberBuiltinKeywords.groovy:46)
	at com.kms.katalon.core.cucumber.keyword.CucumberBuiltinKeywords$runFeatureFile$0.callStatic(Unknown Source)
	at com.kms.katalon.core.cucumber.keyword.CucumberBuiltinKeywords.runFeatureFile(CucumberBuiltinKeywords.groovy:169)
	at com.kms.katalon.core.cucumber.keyword.CucumberBuiltinKeywords$runFeatureFile.call(Unknown Source)
	at SLIK Gateway Non Customer Search By Status NOT_APPROVED.run(SLIK Gateway Non Customer Search By Status NOT_APPROVED:18)
	at com.kms.katalon.core.main.ScriptEngine.run(ScriptEngine.java:194)
	at com.kms.katalon.core.main.ScriptEngine.runScriptAsRawText(ScriptEngine.java:119)
	at com.kms.katalon.core.main.TestCaseExecutor.runScript(TestCaseExecutor.java:339)
	at com.kms.katalon.core.main.TestCaseExecutor.doExecute(TestCaseExecutor.java:330)
	at com.kms.katalon.core.main.TestCaseExecutor.processExecutionPhase(TestCaseExecutor.java:309)
	at com.kms.katalon.core.main.TestCaseExecutor.accessMainPhase(TestCaseExecutor.java:301)
	at com.kms.katalon.core.main.TestCaseExecutor.execute(TestCaseExecutor.java:235)
	at com.kms.katalon.core.main.TestSuiteExecutor.accessTestCaseMainPhase(TestSuiteExecutor.java:191)
	at com.kms.katalon.core.main.TestSuiteExecutor.accessTestSuiteMainPhase(TestSuiteExecutor.java:141)
	at com.kms.katalon.core.main.TestSuiteExecutor.execute(TestSuiteExecutor.java:90)
	at com.kms.katalon.core.main.TestCaseMain.startTestSuite(TestCaseMain.java:157)
	at com.kms.katalon.core.main.TestCaseMain$startTestSuite$0.call(Unknown Source)
	at TempTestSuite1603882106321.run(TempTestSuite1603882106321.groovy:39)


2020-10-28 17:56:09 - [TEST_STEP][FAILED] - runFeatureFile("Include/features/IST_Real/SLIK/SLIK Gateway Non Customer/SLIK_Gateway_Non_Customer_Search_By_Status_NOT_APPROVED.feature"): Keyword runFeatureFile was failed (Root cause: com.kms.katalon.core.exception.StepFailedException: Feature file 'Include/features/IST_Real/SLIK/SLIK Gateway Non Customer/SLIK_Gateway_Non_Customer_Search_By_Status_NOT_APPROVED.feature' was failed
	at com.kms.katalon.core.keyword.internal.KeywordMain.stepFailed(KeywordMain.groovy:50)
	at com.kms.katalon.core.keyword.internal.KeywordMain.stepFailed(KeywordMain.groovy)
	at com.kms.katalon.core.keyword.internal.KeywordMain.stepFailed(KeywordMain.groovy:23)
	at com.kms.katalon.core.keyword.internal.KeywordMain$stepFailed$0.call(Unknown Source)
	at com.kms.katalon.core.cucumber.keyword.CucumberBuiltinKeywords$_runFeatureFile_closure1.doCall(CucumberBuiltinKeywords.groovy:82)
	at com.kms.katalon.core.cucumber.keyword.CucumberBuiltinKeywords$_runFeatureFile_closure1.doCall(CucumberBuiltinKeywords.groovy)
	at com.kms.katalon.core.keyword.internal.KeywordMain.runKeyword(KeywordMain.groovy:68)
	at com.kms.katalon.core.keyword.internal.KeywordMain$runKeyword.call(Unknown Source)
	at com.kms.katalon.core.cucumber.keyword.CucumberBuiltinKeywords.runFeatureFile(CucumberBuiltinKeywords.groovy:46)
	at com.kms.katalon.core.cucumber.keyword.CucumberBuiltinKeywords$runFeatureFile$0.callStatic(Unknown Source)
	at com.kms.katalon.core.cucumber.keyword.CucumberBuiltinKeywords.runFeatureFile(CucumberBuiltinKeywords.groovy:169)
	at com.kms.katalon.core.cucumber.keyword.CucumberBuiltinKeywords$runFeatureFile.call(Unknown Source)
	at SLIK Gateway Non Customer Search By Status NOT_APPROVED.run(SLIK Gateway Non Customer Search By Status NOT_APPROVED:18)
	at com.kms.katalon.core.main.ScriptEngine.run(ScriptEngine.java:194)
	at com.kms.katalon.core.main.ScriptEngine.runScriptAsRawText(ScriptEngine.java:119)
	at com.kms.katalon.core.main.TestCaseExecutor.runScript(TestCaseExecutor.java:339)
	at com.kms.katalon.core.main.TestCaseExecutor.doExecute(TestCaseExecutor.java:330)
	at com.kms.katalon.core.main.TestCaseExecutor.processExecutionPhase(TestCaseExecutor.java:309)
	at com.kms.katalon.core.main.TestCaseExecutor.accessMainPhase(TestCaseExecutor.java:301)
	at com.kms.katalon.core.main.TestCaseExecutor.execute(TestCaseExecutor.java:235)
	at com.kms.katalon.core.main.TestSuiteExecutor.accessTestCaseMainPhase(TestSuiteExecutor.java:191)
	at com.kms.katalon.core.main.TestSuiteExecutor.accessTestSuiteMainPhase(TestSuiteExecutor.java:141)
	at com.kms.katalon.core.main.TestSuiteExecutor.execute(TestSuiteExecutor.java:90)
	at com.kms.katalon.core.main.TestCaseMain.startTestSuite(TestCaseMain.java:157)
	at com.kms.katalon.core.main.TestCaseMain$startTestSuite$0.call(Unknown Source)
	at TempTestSuite1603882106321.run(TempTestSuite1603882106321.groovy:39)
)

2020-10-28 17:56:09 - [MESSAGE][INFO] - Starting run keyword runFeatureFile: 'Include/features/IST_Real/SLIK/SLIK Gateway Non Customer/SLIK_Gateway_Non_Customer_Search_By_Status_NOT_APPROVED.feature' and extract report to folder: '/Users/chaidir.pratama01/Katalon Studio/IST_Automation_Git/Reports/20201028_174826/SLIK/TS_SLIK_Gateway_Non_Customer/20201028_174826/cucumber_report/1603882569380'...

2020-10-28 17:56:09 - [TEST_CASE][FAILED] - Start Test Case : SCENARIO Search Result by Status: SCENARIO Search Result by Status FAILED.
Reason:
com.kms.katalon.core.exception.StepFailedException: Unable to scroll to object ''
	at com.kms.katalon.core.webui.keyword.internal.WebUIKeywordMain.stepFailed(WebUIKeywordMain.groovy:64)
	at com.kms.katalon.core.webui.keyword.internal.WebUIKeywordMain.runKeyword(WebUIKeywordMain.groovy:26)
	at com.kms.katalon.core.webui.keyword.builtin.ScrollToElementKeyword.scrollToElement(ScrollToElementKeyword.groovy:88)
	at com.kms.katalon.core.webui.keyword.builtin.ScrollToElementKeyword.execute(ScrollToElementKeyword.groovy:68)
	at com.kms.katalon.core.keyword.internal.KeywordExecutor.executeKeywordForPlatform(KeywordExecutor.groovy:73)
	at com.kms.katalon.core.webui.keyword.WebUiBuiltInKeywords.scrollToElement(WebUiBuiltInKeywords.groovy:3001)
	at com.kms.katalon.core.webui.keyword.WebUiBuiltInKeywords$scrollToElement$16.call(Unknown Source)
	at Slik_Script.Verify_Result_Status(Slik_Script.groovy:363)
	at ✽.Verify Search Result Based on Result Status(/Users/chaidir.pratama01/Katalon Studio/IST_Automation_Git/Include/features/IST_Real/SLIK/SLIK Gateway Non Customer/SLIK_Gateway_Non_Customer_Search_By_Status_NOT_APPROVED.feature:33)
Caused by: java.lang.IndexOutOfBoundsException: Index: 0, Size: 0
	at com.kms.katalon.core.webui.common.WebUiCommonHelper.buildLocator(WebUiCommonHelper.java:519)
	at com.kms.katalon.core.webui.common.WebUiCommonHelper.findElementByNormalMethods(WebUiCommonHelper.java:985)
	at com.kms.katalon.core.webui.common.WebUiCommonHelper.findElementsBySelectedMethod(WebUiCommonHelper.java:894)
	at com.kms.katalon.core.webui.common.WebUiCommonHelper.findElementsWithSelfHealing(WebUiCommonHelper.java:791)
	at com.kms.katalon.core.webui.common.WebUiCommonHelper.findWebElements(WebUiCommonHelper.java:717)
	at com.kms.katalon.core.webui.common.WebUiCommonHelper.findWebElement(WebUiCommonHelper.java:1349)
	at com.kms.katalon.core.webui.keyword.internal.WebUIAbstractKeyword.findWebElement(WebUIAbstractKeyword.groovy:27)
	at com.kms.katalon.core.webui.keyword.internal.WebUIAbstractKeyword.findWebElement(WebUIAbstractKeyword.groovy:26)
	at com.kms.katalon.core.webui.keyword.builtin.ScrollToElementKeyword$_scrollToElement_closure1.doCall(ScrollToElementKeyword.groovy:79)
	at com.kms.katalon.core.webui.keyword.builtin.ScrollToElementKeyword$_scrollToElement_closure1.call(ScrollToElementKeyword.groovy)
	at com.kms.katalon.core.webui.keyword.internal.WebUIKeywordMain.runKeyword(WebUIKeywordMain.groovy:20)
	at com.kms.katalon.core.webui.keyword.builtin.ScrollToElementKeyword.scrollToElement(ScrollToElementKeyword.groovy:88)
	at com.kms.katalon.core.webui.keyword.builtin.ScrollToElementKeyword.execute(ScrollToElementKeyword.groovy:68)
	at com.kms.katalon.core.keyword.internal.KeywordExecutor.executeKeywordForPlatform(KeywordExecutor.groovy:73)
	at com.kms.katalon.core.webui.keyword.WebUiBuiltInKeywords.scrollToElement(WebUiBuiltInKeywords.groovy:3001)
	at com.kms.katalon.core.webui.keyword.WebUiBuiltInKeywords$scrollToElement$16.call(Unknown Source)
	at Slik_Script.Verify_Result_Status(Slik_Script.groovy:363)
	at cucumber.runtime.Utils$1.call(Utils.java:26)
	at cucumber.runtime.Timeout.timeout(Timeout.java:16)
	at cucumber.runtime.Utils.invoke(Utils.java:20)
	at cucumber.runtime.java.JavaStepDefinition.execute(JavaStepDefinition.java:48)
	at cucumber.runtime.PickleStepDefinitionMatch.runStep(PickleStepDefinitionMatch.java:50)
	at cucumber.runner.TestStep.executeStep(TestStep.java:55)
	at cucumber.runner.TestStep.run(TestStep.java:42)
	at cucumber.runner.PickleStepTestStep.run(PickleStepTestStep.java:53)
	at cucumber.runner.TestCase.run(TestCase.java:47)
	at cucumber.runner.Runner.runPickle(Runner.java:44)
	at cucumber.runtime.Runtime.runFeature(Runtime.java:120)
	at cucumber.runtime.Runtime.run(Runtime.java:106)
	at cucumber.api.cli.Main.run(Main.java:35)
	at cucumber.api.cli.Main$run.call(Unknown Source)
	at com.kms.katalon.core.cucumber.keyword.CucumberBuiltinKeywords$_runFeatureFile_closure1.doCall(CucumberBuiltinKeywords.groovy:76)
	at com.kms.katalon.core.cucumber.keyword.CucumberBuiltinKeywords$_runFeatureFile_closure1.doCall(CucumberBuiltinKeywords.groovy)
	at com.kms.katalon.core.keyword.internal.KeywordMain.runKeyword(KeywordMain.groovy:68)
	at com.kms.katalon.core.keyword.internal.KeywordMain$runKeyword.call(Unknown Source)
	at com.kms.katalon.core.cucumber.keyword.CucumberBuiltinKeywords.runFeatureFile(CucumberBuiltinKeywords.groovy:46)
	at com.kms.katalon.core.cucumber.keyword.CucumberBuiltinKeywords$runFeatureFile$0.callStatic(Unknown Source)
	at com.kms.katalon.core.cucumber.keyword.CucumberBuiltinKeywords.runFeatureFile(CucumberBuiltinKeywords.groovy:169)
	at com.kms.katalon.core.cucumber.keyword.CucumberBuiltinKeywords$runFeatureFile.call(Unknown Source)
	at SLIK Gateway Non Customer Search By Status NOT_APPROVED.run(SLIK Gateway Non Customer Search By Status NOT_APPROVED:18)
	at com.kms.katalon.core.main.ScriptEngine.run(ScriptEngine.java:194)
	at com.kms.katalon.core.main.ScriptEngine.runScriptAsRawText(ScriptEngine.java:119)
	at com.kms.katalon.core.main.TestCaseExecutor.runScript(TestCaseExecutor.java:339)
	at com.kms.katalon.core.main.TestCaseExecutor.doExecute(TestCaseExecutor.java:330)
	at com.kms.katalon.core.main.TestCaseExecutor.processExecutionPhase(TestCaseExecutor.java:309)
	at com.kms.katalon.core.main.TestCaseExecutor.accessMainPhase(TestCaseExecutor.java:301)
	at com.kms.katalon.core.main.TestCaseExecutor.execute(TestCaseExecutor.java:235)
	at com.kms.katalon.core.main.TestSuiteExecutor.accessTestCaseMainPhase(TestSuiteExecutor.java:191)
	at com.kms.katalon.core.main.TestSuiteExecutor.accessTestSuiteMainPhase(TestSuiteExecutor.java:141)
	at com.kms.katalon.core.main.TestSuiteExecutor.execute(TestSuiteExecutor.java:90)
	at com.kms.katalon.core.main.TestCaseMain.startTestSuite(TestCaseMain.java:157)
	at com.kms.katalon.core.main.TestCaseMain$startTestSuite$0.call(Unknown Source)
	at TempTestSuite1603882106321.run(TempTestSuite1603882106321.groovy:39)


2020-10-28 17:56:09 - [TEST_STEP][PASSED] - Go to ISTools: Go to ISTools

2020-10-28 17:56:09 - [MESSAGE][WARNING] - A browser is already opened. Closing browser and opening a new one

2020-10-28 17:56:09 - [MESSAGE][INFO] - Starting 'Chrome' driver

2020-10-28 17:56:09 - [MESSAGE][INFO] - User set preference: ['AcceptInsecureCerts', 'true']

2020-10-28 17:56:09 - [MESSAGE][INFO] - User set preference: ['args', '[ignore-certificate-errors]']

2020-10-28 17:56:09 - [MESSAGE][INFO] - Action delay is set to 0 milliseconds

2020-10-28 17:56:11 - [MESSAGE][PASSED] - Browser is opened with url: ''

2020-10-28 17:56:11 - [MESSAGE][PASSED] - Navigate to 'https://id-ist01preprod.id.nonprod/ist/' successfully

2020-10-28 17:56:11 - [MESSAGE][PASSED] - Go to ISTools

2020-10-28 17:56:11 - [TEST_STEP][PASSED] - Login IST with valid credentials: Login IST with valid credentials

2020-10-28 17:56:12 - [MESSAGE][PASSED] - Text 'mobile.test' is set on object 'Object Repository/Page_/input_Username_j_username'

2020-10-28 17:56:13 - [MESSAGE][PASSED] - Text ****** has been set on object 'Object Repository/Page_/input_Password_j_password'

2020-10-28 17:56:13 - [MESSAGE][PASSED] - Object: 'Object Repository/Page_/button_Login' is clicked on

2020-10-28 17:56:13 - [MESSAGE][PASSED] - Login IST with valid credentials

2020-10-28 17:56:13 - [TEST_STEP][PASSED] - Login Success for contract dispatcher: Login Success for contract dispatcher

2020-10-28 17:56:13 - [MESSAGE][INFO] - Login Success

2020-10-28 17:56:13 - [MESSAGE][PASSED] - Current window maximized

2020-10-28 17:56:14 - [MESSAGE][PASSED] - Object 'Object Repository/Page_/h1_Welcome to IT Supporting Tools' is present

2020-10-28 17:56:14 - [MESSAGE][PASSED] - Login Success for contract dispatcher

2020-10-28 17:56:14 - [TEST_STEP][PASSED] - Select Menu SLIK Gateway NonCustomer: Select Menu SLIK Gateway NonCustomer

2020-10-28 17:56:14 - [MESSAGE][PASSED] - Object '' is present

2020-10-28 17:56:14 - [MESSAGE][PASSED] - Object: '' is clicked on

2020-10-28 17:56:14 - [MESSAGE][PASSED] - Wait for page load successfully

2020-10-28 17:56:14 - [MESSAGE][PASSED] - Select Menu SLIK Gateway NonCustomer

2020-10-28 17:56:14 - [TEST_STEP][PASSED] - Select Status is "NOT_APPROVED": Select Status is "NOT_APPROVED"

2020-10-28 17:56:16 - [MESSAGE][PASSED] - All options with value 'NOT_APPROVED' are selected in object ''  using regular expression

2020-10-28 17:56:16 - [MESSAGE][PASSED] - Select Status is "NOT_APPROVED"

2020-10-28 17:56:16 - [TEST_STEP][PASSED] - Click button "Search": Click button "Search"

2020-10-28 17:56:16 - [MESSAGE][INFO] - >>>>>//Button[contains(text(),'Search')]

2020-10-28 17:56:19 - [MESSAGE][PASSED] - Object: '' is clicked on

2020-10-28 17:56:19 - [MESSAGE][PASSED] - Click button "Search"

2020-10-28 17:56:19 - [TEST_STEP][FAILED] - Verify Search Result Based on Result Status: Verify Search Result Based on Result Status FAILED.
Reason:
com.kms.katalon.core.exception.StepFailedException: Unable to scroll to object ''
	at com.kms.katalon.core.webui.keyword.internal.WebUIKeywordMain.stepFailed(WebUIKeywordMain.groovy:64)
	at com.kms.katalon.core.webui.keyword.internal.WebUIKeywordMain.runKeyword(WebUIKeywordMain.groovy:26)
	at com.kms.katalon.core.webui.keyword.builtin.ScrollToElementKeyword.scrollToElement(ScrollToElementKeyword.groovy:88)
	at com.kms.katalon.core.webui.keyword.builtin.ScrollToElementKeyword.execute(ScrollToElementKeyword.groovy:68)
	at com.kms.katalon.core.keyword.internal.KeywordExecutor.executeKeywordForPlatform(KeywordExecutor.groovy:73)
	at com.kms.katalon.core.webui.keyword.WebUiBuiltInKeywords.scrollToElement(WebUiBuiltInKeywords.groovy:3001)
	at com.kms.katalon.core.webui.keyword.WebUiBuiltInKeywords$scrollToElement$16.call(Unknown Source)
	at Slik_Script.Verify_Result_Status(Slik_Script.groovy:363)
	at ✽.Verify Search Result Based on Result Status(/Users/chaidir.pratama01/Katalon Studio/IST_Automation_Git/Include/features/IST_Real/SLIK/SLIK Gateway Non Customer/SLIK_Gateway_Non_Customer_Search_By_Status_NOT_APPROVED.feature:33)
Caused by: java.lang.IndexOutOfBoundsException: Index: 0, Size: 0
	at com.kms.katalon.core.webui.common.WebUiCommonHelper.buildLocator(WebUiCommonHelper.java:519)
	at com.kms.katalon.core.webui.common.WebUiCommonHelper.findElementByNormalMethods(WebUiCommonHelper.java:985)
	at com.kms.katalon.core.webui.common.WebUiCommonHelper.findElementsBySelectedMethod(WebUiCommonHelper.java:894)
	at com.kms.katalon.core.webui.common.WebUiCommonHelper.findElementsWithSelfHealing(WebUiCommonHelper.java:791)
	at com.kms.katalon.core.webui.common.WebUiCommonHelper.findWebElements(WebUiCommonHelper.java:717)
	at com.kms.katalon.core.webui.common.WebUiCommonHelper.findWebElement(WebUiCommonHelper.java:1349)
	at com.kms.katalon.core.webui.keyword.internal.WebUIAbstractKeyword.findWebElement(WebUIAbstractKeyword.groovy:27)
	at com.kms.katalon.core.webui.keyword.internal.WebUIAbstractKeyword.findWebElement(WebUIAbstractKeyword.groovy:26)
	at com.kms.katalon.core.webui.keyword.builtin.ScrollToElementKeyword$_scrollToElement_closure1.doCall(ScrollToElementKeyword.groovy:79)
	at com.kms.katalon.core.webui.keyword.builtin.ScrollToElementKeyword$_scrollToElement_closure1.call(ScrollToElementKeyword.groovy)
	at com.kms.katalon.core.webui.keyword.internal.WebUIKeywordMain.runKeyword(WebUIKeywordMain.groovy:20)
	at com.kms.katalon.core.webui.keyword.builtin.ScrollToElementKeyword.scrollToElement(ScrollToElementKeyword.groovy:88)
	at com.kms.katalon.core.webui.keyword.builtin.ScrollToElementKeyword.execute(ScrollToElementKeyword.groovy:68)
	at com.kms.katalon.core.keyword.internal.KeywordExecutor.executeKeywordForPlatform(KeywordExecutor.groovy:73)
	at com.kms.katalon.core.webui.keyword.WebUiBuiltInKeywords.scrollToElement(WebUiBuiltInKeywords.groovy:3001)
	at com.kms.katalon.core.webui.keyword.WebUiBuiltInKeywords$scrollToElement$16.call(Unknown Source)
	at Slik_Script.Verify_Result_Status(Slik_Script.groovy:363)
	at cucumber.runtime.Utils$1.call(Utils.java:26)
	at cucumber.runtime.Timeout.timeout(Timeout.java:16)
	at cucumber.runtime.Utils.invoke(Utils.java:20)
	at cucumber.runtime.java.JavaStepDefinition.execute(JavaStepDefinition.java:48)
	at cucumber.runtime.PickleStepDefinitionMatch.runStep(PickleStepDefinitionMatch.java:50)
	at cucumber.runner.TestStep.executeStep(TestStep.java:55)
	at cucumber.runner.TestStep.run(TestStep.java:42)
	at cucumber.runner.PickleStepTestStep.run(PickleStepTestStep.java:53)
	at cucumber.runner.TestCase.run(TestCase.java:47)
	at cucumber.runner.Runner.runPickle(Runner.java:44)
	at cucumber.runtime.Runtime.runFeature(Runtime.java:120)
	at cucumber.runtime.Runtime.run(Runtime.java:106)
	at cucumber.api.cli.Main.run(Main.java:35)
	at cucumber.api.cli.Main$run.call(Unknown Source)
	at com.kms.katalon.core.cucumber.keyword.CucumberBuiltinKeywords$_runFeatureFile_closure1.doCall(CucumberBuiltinKeywords.groovy:76)
	at com.kms.katalon.core.cucumber.keyword.CucumberBuiltinKeywords$_runFeatureFile_closure1.doCall(CucumberBuiltinKeywords.groovy)
	at com.kms.katalon.core.keyword.internal.KeywordMain.runKeyword(KeywordMain.groovy:68)
	at com.kms.katalon.core.keyword.internal.KeywordMain$runKeyword.call(Unknown Source)
	at com.kms.katalon.core.cucumber.keyword.CucumberBuiltinKeywords.runFeatureFile(CucumberBuiltinKeywords.groovy:46)
	at com.kms.katalon.core.cucumber.keyword.CucumberBuiltinKeywords$runFeatureFile$0.callStatic(Unknown Source)
	at com.kms.katalon.core.cucumber.keyword.CucumberBuiltinKeywords.runFeatureFile(CucumberBuiltinKeywords.groovy:169)
	at com.kms.katalon.core.cucumber.keyword.CucumberBuiltinKeywords$runFeatureFile.call(Unknown Source)
	at SLIK Gateway Non Customer Search By Status NOT_APPROVED.run(SLIK Gateway Non Customer Search By Status NOT_APPROVED:18)
	at com.kms.katalon.core.main.ScriptEngine.run(ScriptEngine.java:194)
	at com.kms.katalon.core.main.ScriptEngine.runScriptAsRawText(ScriptEngine.java:119)
	at com.kms.katalon.core.main.TestCaseExecutor.runScript(TestCaseExecutor.java:339)
	at com.kms.katalon.core.main.TestCaseExecutor.doExecute(TestCaseExecutor.java:330)
	at com.kms.katalon.core.main.TestCaseExecutor.processExecutionPhase(TestCaseExecutor.java:309)
	at com.kms.katalon.core.main.TestCaseExecutor.accessMainPhase(TestCaseExecutor.java:301)
	at com.kms.katalon.core.main.TestCaseExecutor.execute(TestCaseExecutor.java:235)
	at com.kms.katalon.core.main.TestSuiteExecutor.accessTestCaseMainPhase(TestSuiteExecutor.java:191)
	at com.kms.katalon.core.main.TestSuiteExecutor.accessTestSuiteMainPhase(TestSuiteExecutor.java:141)
	at com.kms.katalon.core.main.TestSuiteExecutor.execute(TestSuiteExecutor.java:90)
	at com.kms.katalon.core.main.TestCaseMain.startTestSuite(TestCaseMain.java:157)
	at com.kms.katalon.core.main.TestCaseMain$startTestSuite$0.call(Unknown Source)
	at TempTestSuite1603882106321.run(TempTestSuite1603882106321.groovy:39)


2020-10-28 17:56:50 - [MESSAGE][INFO] - Unable to find the element located by 'By.xpath: //span[text()='Search Result']/../../../following-sibling::div[@class='z-groupbox-content']/div[@class='z-grid']/div[@class='z-grid-body']/table/tbody/tr/td[5]/div/span'. Please recheck the objects properties to make sure the desired element is located. 

2020-10-28 17:56:50 - [MESSAGE][WARNING] - [SELF-HEALING] Failed to find element with id ''. Try using Self-healing.

2020-10-28 17:56:51 - [MESSAGE][FAILED] - Unable to scroll to object '' (Root cause: com.kms.katalon.core.exception.StepFailedException: Unable to scroll to object ''
	at com.kms.katalon.core.webui.keyword.internal.WebUIKeywordMain.stepFailed(WebUIKeywordMain.groovy:64)
	at com.kms.katalon.core.webui.keyword.internal.WebUIKeywordMain.runKeyword(WebUIKeywordMain.groovy:26)
	at com.kms.katalon.core.webui.keyword.builtin.ScrollToElementKeyword.scrollToElement(ScrollToElementKeyword.groovy:88)
	at com.kms.katalon.core.webui.keyword.builtin.ScrollToElementKeyword.execute(ScrollToElementKeyword.groovy:68)
	at com.kms.katalon.core.keyword.internal.KeywordExecutor.executeKeywordForPlatform(KeywordExecutor.groovy:73)
	at com.kms.katalon.core.webui.keyword.WebUiBuiltInKeywords.scrollToElement(WebUiBuiltInKeywords.groovy:3001)
	at com.kms.katalon.core.webui.keyword.WebUiBuiltInKeywords$scrollToElement$16.call(Unknown Source)
	at Slik_Script.Verify_Result_Status(Slik_Script.groovy:363)
	at cucumber.runtime.Utils$1.call(Utils.java:26)
	at cucumber.runtime.Timeout.timeout(Timeout.java:16)
	at cucumber.runtime.Utils.invoke(Utils.java:20)
	at cucumber.runtime.java.JavaStepDefinition.execute(JavaStepDefinition.java:48)
	at cucumber.runtime.PickleStepDefinitionMatch.runStep(PickleStepDefinitionMatch.java:50)
	at cucumber.runner.TestStep.executeStep(TestStep.java:55)
	at cucumber.runner.TestStep.run(TestStep.java:42)
	at cucumber.runner.PickleStepTestStep.run(PickleStepTestStep.java:53)
	at cucumber.runner.TestCase.run(TestCase.java:47)
	at cucumber.runner.Runner.runPickle(Runner.java:44)
	at cucumber.runtime.Runtime.runFeature(Runtime.java:120)
	at cucumber.runtime.Runtime.run(Runtime.java:106)
	at cucumber.api.cli.Main.run(Main.java:35)
	at cucumber.api.cli.Main$run.call(Unknown Source)
	at com.kms.katalon.core.cucumber.keyword.CucumberBuiltinKeywords$_runFeatureFile_closure1.doCall(CucumberBuiltinKeywords.groovy:76)
	at com.kms.katalon.core.cucumber.keyword.CucumberBuiltinKeywords$_runFeatureFile_closure1.doCall(CucumberBuiltinKeywords.groovy)
	at com.kms.katalon.core.keyword.internal.KeywordMain.runKeyword(KeywordMain.groovy:68)
	at com.kms.katalon.core.keyword.internal.KeywordMain$runKeyword.call(Unknown Source)
	at com.kms.katalon.core.cucumber.keyword.CucumberBuiltinKeywords.runFeatureFile(CucumberBuiltinKeywords.groovy:46)
	at com.kms.katalon.core.cucumber.keyword.CucumberBuiltinKeywords$runFeatureFile$0.callStatic(Unknown Source)
	at com.kms.katalon.core.cucumber.keyword.CucumberBuiltinKeywords.runFeatureFile(CucumberBuiltinKeywords.groovy:169)
	at com.kms.katalon.core.cucumber.keyword.CucumberBuiltinKeywords$runFeatureFile.call(Unknown Source)
	at SLIK Gateway Non Customer Search By Status NOT_APPROVED.run(SLIK Gateway Non Customer Search By Status NOT_APPROVED:18)
	at com.kms.katalon.core.main.ScriptEngine.run(ScriptEngine.java:194)
	at com.kms.katalon.core.main.ScriptEngine.runScriptAsRawText(ScriptEngine.java:119)
	at com.kms.katalon.core.main.TestCaseExecutor.runScript(TestCaseExecutor.java:339)
	at com.kms.katalon.core.main.TestCaseExecutor.doExecute(TestCaseExecutor.java:330)
	at com.kms.katalon.core.main.TestCaseExecutor.processExecutionPhase(TestCaseExecutor.java:309)
	at com.kms.katalon.core.main.TestCaseExecutor.accessMainPhase(TestCaseExecutor.java:301)
	at com.kms.katalon.core.main.TestCaseExecutor.execute(TestCaseExecutor.java:235)
	at com.kms.katalon.core.main.TestSuiteExecutor.accessTestCaseMainPhase(TestSuiteExecutor.java:191)
	at com.kms.katalon.core.main.TestSuiteExecutor.accessTestSuiteMainPhase(TestSuiteExecutor.java:141)
	at com.kms.katalon.core.main.TestSuiteExecutor.execute(TestSuiteExecutor.java:90)
	at com.kms.katalon.core.main.TestCaseMain.startTestSuite(TestCaseMain.java:157)
	at com.kms.katalon.core.main.TestCaseMain$startTestSuite$0.call(Unknown Source)
	at TempTestSuite1603882106321.run(TempTestSuite1603882106321.groovy:39)
Caused by: java.lang.IndexOutOfBoundsException: Index: 0, Size: 0
	at com.kms.katalon.core.webui.common.WebUiCommonHelper.buildLocator(WebUiCommonHelper.java:519)
	at com.kms.katalon.core.webui.common.WebUiCommonHelper.findElementByNormalMethods(WebUiCommonHelper.java:985)
	at com.kms.katalon.core.webui.common.WebUiCommonHelper.findElementsBySelectedMethod(WebUiCommonHelper.java:894)
	at com.kms.katalon.core.webui.common.WebUiCommonHelper.findElementsWithSelfHealing(WebUiCommonHelper.java:791)
	at com.kms.katalon.core.webui.common.WebUiCommonHelper.findWebElements(WebUiCommonHelper.java:717)
	at com.kms.katalon.core.webui.common.WebUiCommonHelper.findWebElement(WebUiCommonHelper.java:1349)
	at com.kms.katalon.core.webui.keyword.internal.WebUIAbstractKeyword.findWebElement(WebUIAbstractKeyword.groovy:27)
	at com.kms.katalon.core.webui.keyword.internal.WebUIAbstractKeyword.findWebElement(WebUIAbstractKeyword.groovy:26)
	at com.kms.katalon.core.webui.keyword.builtin.ScrollToElementKeyword$_scrollToElement_closure1.doCall(ScrollToElementKeyword.groovy:79)
	at com.kms.katalon.core.webui.keyword.builtin.ScrollToElementKeyword$_scrollToElement_closure1.call(ScrollToElementKeyword.groovy)
	at com.kms.katalon.core.webui.keyword.internal.WebUIKeywordMain.runKeyword(WebUIKeywordMain.groovy:20)
	at com.kms.katalon.core.webui.keyword.builtin.ScrollToElementKeyword.scrollToElement(ScrollToElementKeyword.groovy:88)
	at com.kms.katalon.core.webui.keyword.builtin.ScrollToElementKeyword.execute(ScrollToElementKeyword.groovy:68)
	at com.kms.katalon.core.keyword.internal.KeywordExecutor.executeKeywordForPlatform(KeywordExecutor.groovy:73)
	at com.kms.katalon.core.webui.keyword.WebUiBuiltInKeywords.scrollToElement(WebUiBuiltInKeywords.groovy:3001)
	at com.kms.katalon.core.webui.keyword.WebUiBuiltInKeywords$scrollToElement$16.call(Unknown Source)
	at Slik_Script.Verify_Result_Status(Slik_Script.groovy:363)
	at cucumber.runtime.Utils$1.call(Utils.java:26)
	at cucumber.runtime.Timeout.timeout(Timeout.java:16)
	at cucumber.runtime.Utils.invoke(Utils.java:20)
	at cucumber.runtime.java.JavaStepDefinition.execute(JavaStepDefinition.java:48)
	at cucumber.runtime.PickleStepDefinitionMatch.runStep(PickleStepDefinitionMatch.java:50)
	at cucumber.runner.TestStep.executeStep(TestStep.java:55)
	at cucumber.runner.TestStep.run(TestStep.java:42)
	at cucumber.runner.PickleStepTestStep.run(PickleStepTestStep.java:53)
	at cucumber.runner.TestCase.run(TestCase.java:47)
	at cucumber.runner.Runner.runPickle(Runner.java:44)
	at cucumber.runtime.Runtime.runFeature(Runtime.java:120)
	at cucumber.runtime.Runtime.run(Runtime.java:106)
	at cucumber.api.cli.Main.run(Main.java:35)
	at cucumber.api.cli.Main$run.call(Unknown Source)
	at com.kms.katalon.core.cucumber.keyword.CucumberBuiltinKeywords$_runFeatureFile_closure1.doCall(CucumberBuiltinKeywords.groovy:76)
	at com.kms.katalon.core.cucumber.keyword.CucumberBuiltinKeywords$_runFeatureFile_closure1.doCall(CucumberBuiltinKeywords.groovy)
	at com.kms.katalon.core.keyword.internal.KeywordMain.runKeyword(KeywordMain.groovy:68)
	at com.kms.katalon.core.keyword.internal.KeywordMain$runKeyword.call(Unknown Source)
	at com.kms.katalon.core.cucumber.keyword.CucumberBuiltinKeywords.runFeatureFile(CucumberBuiltinKeywords.groovy:46)
	at com.kms.katalon.core.cucumber.keyword.CucumberBuiltinKeywords$runFeatureFile$0.callStatic(Unknown Source)
	at com.kms.katalon.core.cucumber.keyword.CucumberBuiltinKeywords.runFeatureFile(CucumberBuiltinKeywords.groovy:169)
	at com.kms.katalon.core.cucumber.keyword.CucumberBuiltinKeywords$runFeatureFile.call(Unknown Source)
	at Script1601314149127.run(Script1601314149127.groovy:18)
	... 13 more
)
[[ATTACHMENT|/Users/chaidir.pratama01/Katalon Studio/IST_Automation_Git/Reports/20201028_174826/SLIK/TS_SLIK_Gateway_Non_Customer/20201028_174826/1603882610896.png]]

2020-10-28 17:56:51 - [MESSAGE][FAILED] - Verify Search Result Based on Result Status FAILED.
Reason:
com.kms.katalon.core.exception.StepFailedException: Unable to scroll to object ''
	at com.kms.katalon.core.webui.keyword.internal.WebUIKeywordMain.stepFailed(WebUIKeywordMain.groovy:64)
	at com.kms.katalon.core.webui.keyword.internal.WebUIKeywordMain.runKeyword(WebUIKeywordMain.groovy:26)
	at com.kms.katalon.core.webui.keyword.builtin.ScrollToElementKeyword.scrollToElement(ScrollToElementKeyword.groovy:88)
	at com.kms.katalon.core.webui.keyword.builtin.ScrollToElementKeyword.execute(ScrollToElementKeyword.groovy:68)
	at com.kms.katalon.core.keyword.internal.KeywordExecutor.executeKeywordForPlatform(KeywordExecutor.groovy:73)
	at com.kms.katalon.core.webui.keyword.WebUiBuiltInKeywords.scrollToElement(WebUiBuiltInKeywords.groovy:3001)
	at com.kms.katalon.core.webui.keyword.WebUiBuiltInKeywords$scrollToElement$16.call(Unknown Source)
	at Slik_Script.Verify_Result_Status(Slik_Script.groovy:363)
	at ✽.Verify Search Result Based on Result Status(/Users/chaidir.pratama01/Katalon Studio/IST_Automation_Git/Include/features/IST_Real/SLIK/SLIK Gateway Non Customer/SLIK_Gateway_Non_Customer_Search_By_Status_NOT_APPROVED.feature:33)
Caused by: java.lang.IndexOutOfBoundsException: Index: 0, Size: 0
	at com.kms.katalon.core.webui.common.WebUiCommonHelper.buildLocator(WebUiCommonHelper.java:519)
	at com.kms.katalon.core.webui.common.WebUiCommonHelper.findElementByNormalMethods(WebUiCommonHelper.java:985)
	at com.kms.katalon.core.webui.common.WebUiCommonHelper.findElementsBySelectedMethod(WebUiCommonHelper.java:894)
	at com.kms.katalon.core.webui.common.WebUiCommonHelper.findElementsWithSelfHealing(WebUiCommonHelper.java:791)
	at com.kms.katalon.core.webui.common.WebUiCommonHelper.findWebElements(WebUiCommonHelper.java:717)
	at com.kms.katalon.core.webui.common.WebUiCommonHelper.findWebElement(WebUiCommonHelper.java:1349)
	at com.kms.katalon.core.webui.keyword.internal.WebUIAbstractKeyword.findWebElement(WebUIAbstractKeyword.groovy:27)
	at com.kms.katalon.core.webui.keyword.internal.WebUIAbstractKeyword.findWebElement(WebUIAbstractKeyword.groovy:26)
	at com.kms.katalon.core.webui.keyword.builtin.ScrollToElementKeyword$_scrollToElement_closure1.doCall(ScrollToElementKeyword.groovy:79)
	at com.kms.katalon.core.webui.keyword.builtin.ScrollToElementKeyword$_scrollToElement_closure1.call(ScrollToElementKeyword.groovy)
	at com.kms.katalon.core.webui.keyword.internal.WebUIKeywordMain.runKeyword(WebUIKeywordMain.groovy:20)
	at com.kms.katalon.core.webui.keyword.builtin.ScrollToElementKeyword.scrollToElement(ScrollToElementKeyword.groovy:88)
	at com.kms.katalon.core.webui.keyword.builtin.ScrollToElementKeyword.execute(ScrollToElementKeyword.groovy:68)
	at com.kms.katalon.core.keyword.internal.KeywordExecutor.executeKeywordForPlatform(KeywordExecutor.groovy:73)
	at com.kms.katalon.core.webui.keyword.WebUiBuiltInKeywords.scrollToElement(WebUiBuiltInKeywords.groovy:3001)
	at com.kms.katalon.core.webui.keyword.WebUiBuiltInKeywords$scrollToElement$16.call(Unknown Source)
	at Slik_Script.Verify_Result_Status(Slik_Script.groovy:363)
	at cucumber.runtime.Utils$1.call(Utils.java:26)
	at cucumber.runtime.Timeout.timeout(Timeout.java:16)
	at cucumber.runtime.Utils.invoke(Utils.java:20)
	at cucumber.runtime.java.JavaStepDefinition.execute(JavaStepDefinition.java:48)
	at cucumber.runtime.PickleStepDefinitionMatch.runStep(PickleStepDefinitionMatch.java:50)
	at cucumber.runner.TestStep.executeStep(TestStep.java:55)
	at cucumber.runner.TestStep.run(TestStep.java:42)
	at cucumber.runner.PickleStepTestStep.run(PickleStepTestStep.java:53)
	at cucumber.runner.TestCase.run(TestCase.java:47)
	at cucumber.runner.Runner.runPickle(Runner.java:44)
	at cucumber.runtime.Runtime.runFeature(Runtime.java:120)
	at cucumber.runtime.Runtime.run(Runtime.java:106)
	at cucumber.api.cli.Main.run(Main.java:35)
	at cucumber.api.cli.Main$run.call(Unknown Source)
	at com.kms.katalon.core.cucumber.keyword.CucumberBuiltinKeywords$_runFeatureFile_closure1.doCall(CucumberBuiltinKeywords.groovy:76)
	at com.kms.katalon.core.cucumber.keyword.CucumberBuiltinKeywords$_runFeatureFile_closure1.doCall(CucumberBuiltinKeywords.groovy)
	at com.kms.katalon.core.keyword.internal.KeywordMain.runKeyword(KeywordMain.groovy:68)
	at com.kms.katalon.core.keyword.internal.KeywordMain$runKeyword.call(Unknown Source)
	at com.kms.katalon.core.cucumber.keyword.CucumberBuiltinKeywords.runFeatureFile(CucumberBuiltinKeywords.groovy:46)
	at com.kms.katalon.core.cucumber.keyword.CucumberBuiltinKeywords$runFeatureFile$0.callStatic(Unknown Source)
	at com.kms.katalon.core.cucumber.keyword.CucumberBuiltinKeywords.runFeatureFile(CucumberBuiltinKeywords.groovy:169)
	at com.kms.katalon.core.cucumber.keyword.CucumberBuiltinKeywords$runFeatureFile.call(Unknown Source)
	at SLIK Gateway Non Customer Search By Status NOT_APPROVED.run(SLIK Gateway Non Customer Search By Status NOT_APPROVED:18)
	at com.kms.katalon.core.main.ScriptEngine.run(ScriptEngine.java:194)
	at com.kms.katalon.core.main.ScriptEngine.runScriptAsRawText(ScriptEngine.java:119)
	at com.kms.katalon.core.main.TestCaseExecutor.runScript(TestCaseExecutor.java:339)
	at com.kms.katalon.core.main.TestCaseExecutor.doExecute(TestCaseExecutor.java:330)
	at com.kms.katalon.core.main.TestCaseExecutor.processExecutionPhase(TestCaseExecutor.java:309)
	at com.kms.katalon.core.main.TestCaseExecutor.accessMainPhase(TestCaseExecutor.java:301)
	at com.kms.katalon.core.main.TestCaseExecutor.execute(TestCaseExecutor.java:235)
	at com.kms.katalon.core.main.TestSuiteExecutor.accessTestCaseMainPhase(TestSuiteExecutor.java:191)
	at com.kms.katalon.core.main.TestSuiteExecutor.accessTestSuiteMainPhase(TestSuiteExecutor.java:141)
	at com.kms.katalon.core.main.TestSuiteExecutor.execute(TestSuiteExecutor.java:90)
	at com.kms.katalon.core.main.TestCaseMain.startTestSuite(TestCaseMain.java:157)
	at com.kms.katalon.core.main.TestCaseMain$startTestSuite$0.call(Unknown Source)
	at TempTestSuite1603882106321.run(TempTestSuite1603882106321.groovy:39)


2020-10-28 17:56:51 - [TEST_STEP][NOT_RUN] - Click button "Logout": Click button "Logout"

2020-10-28 17:56:51 - [MESSAGE][NOT_RUN] - Click button "Logout"

2020-10-28 17:56:51 - [TEST_STEP][NOT_RUN] - Close browser: Close browser

2020-10-28 17:56:51 - [MESSAGE][NOT_RUN] - Close browser

2020-10-28 17:56:51 - [MESSAGE][FAILED] - Feature file 'Include/features/IST_Real/SLIK/SLIK Gateway Non Customer/SLIK_Gateway_Non_Customer_Search_By_Status_NOT_APPROVED.feature' was failed

2020-10-28 17:56:51 - [MESSAGE][FAILED] - Keyword runFeatureFile was failed (Root cause: com.kms.katalon.core.exception.StepFailedException: Feature file 'Include/features/IST_Real/SLIK/SLIK Gateway Non Customer/SLIK_Gateway_Non_Customer_Search_By_Status_NOT_APPROVED.feature' was failed
	at com.kms.katalon.core.keyword.internal.KeywordMain.stepFailed(KeywordMain.groovy:50)
	at com.kms.katalon.core.keyword.internal.KeywordMain.stepFailed(KeywordMain.groovy)
	at com.kms.katalon.core.keyword.internal.KeywordMain.stepFailed(KeywordMain.groovy:23)
	at com.kms.katalon.core.keyword.internal.KeywordMain$stepFailed$0.call(Unknown Source)
	at com.kms.katalon.core.cucumber.keyword.CucumberBuiltinKeywords$_runFeatureFile_closure1.doCall(CucumberBuiltinKeywords.groovy:82)
	at com.kms.katalon.core.cucumber.keyword.CucumberBuiltinKeywords$_runFeatureFile_closure1.doCall(CucumberBuiltinKeywords.groovy)
	at com.kms.katalon.core.keyword.internal.KeywordMain.runKeyword(KeywordMain.groovy:68)
	at com.kms.katalon.core.keyword.internal.KeywordMain$runKeyword.call(Unknown Source)
	at com.kms.katalon.core.cucumber.keyword.CucumberBuiltinKeywords.runFeatureFile(CucumberBuiltinKeywords.groovy:46)
	at com.kms.katalon.core.cucumber.keyword.CucumberBuiltinKeywords$runFeatureFile$0.callStatic(Unknown Source)
	at com.kms.katalon.core.cucumber.keyword.CucumberBuiltinKeywords.runFeatureFile(CucumberBuiltinKeywords.groovy:169)
	at com.kms.katalon.core.cucumber.keyword.CucumberBuiltinKeywords$runFeatureFile.call(Unknown Source)
	at SLIK Gateway Non Customer Search By Status NOT_APPROVED.run(SLIK Gateway Non Customer Search By Status NOT_APPROVED:18)
	at com.kms.katalon.core.main.ScriptEngine.run(ScriptEngine.java:194)
	at com.kms.katalon.core.main.ScriptEngine.runScriptAsRawText(ScriptEngine.java:119)
	at com.kms.katalon.core.main.TestCaseExecutor.runScript(TestCaseExecutor.java:339)
	at com.kms.katalon.core.main.TestCaseExecutor.doExecute(TestCaseExecutor.java:330)
	at com.kms.katalon.core.main.TestCaseExecutor.processExecutionPhase(TestCaseExecutor.java:309)
	at com.kms.katalon.core.main.TestCaseExecutor.accessMainPhase(TestCaseExecutor.java:301)
	at com.kms.katalon.core.main.TestCaseExecutor.execute(TestCaseExecutor.java:235)
	at com.kms.katalon.core.main.TestSuiteExecutor.accessTestCaseMainPhase(TestSuiteExecutor.java:191)
	at com.kms.katalon.core.main.TestSuiteExecutor.accessTestSuiteMainPhase(TestSuiteExecutor.java:141)
	at com.kms.katalon.core.main.TestSuiteExecutor.execute(TestSuiteExecutor.java:90)
	at com.kms.katalon.core.main.TestCaseMain.startTestSuite(TestCaseMain.java:157)
	at com.kms.katalon.core.main.TestCaseMain$startTestSuite$0.call(Unknown Source)
	at TempTestSuite1603882106321.run(TempTestSuite1603882106321.groovy:39)
)]]></system-out>
         <system-err><![CDATA[2020-10-28 17:56:09 - [TEST_CASE][FAILED] - Test Cases/IST_Real/SLIK/SLIK_Gateway_Non_Customer/SLIK Gateway Non Customer Search By Status NOT_APPROVED: Test Cases/IST_Real/SLIK/SLIK_Gateway_Non_Customer/SLIK Gateway Non Customer Search By Status NOT_APPROVED FAILED.
Reason:
com.kms.katalon.core.exception.StepFailedException: Feature file 'Include/features/IST_Real/SLIK/SLIK Gateway Non Customer/SLIK_Gateway_Non_Customer_Search_By_Status_NOT_APPROVED.feature' was failed
	at com.kms.katalon.core.keyword.internal.KeywordMain.stepFailed(KeywordMain.groovy:50)
	at com.kms.katalon.core.keyword.internal.KeywordMain.stepFailed(KeywordMain.groovy)
	at com.kms.katalon.core.keyword.internal.KeywordMain.stepFailed(KeywordMain.groovy:23)
	at com.kms.katalon.core.keyword.internal.KeywordMain$stepFailed$0.call(Unknown Source)
	at com.kms.katalon.core.cucumber.keyword.CucumberBuiltinKeywords$_runFeatureFile_closure1.doCall(CucumberBuiltinKeywords.groovy:82)
	at com.kms.katalon.core.cucumber.keyword.CucumberBuiltinKeywords$_runFeatureFile_closure1.doCall(CucumberBuiltinKeywords.groovy)
	at com.kms.katalon.core.keyword.internal.KeywordMain.runKeyword(KeywordMain.groovy:68)
	at com.kms.katalon.core.keyword.internal.KeywordMain$runKeyword.call(Unknown Source)
	at com.kms.katalon.core.cucumber.keyword.CucumberBuiltinKeywords.runFeatureFile(CucumberBuiltinKeywords.groovy:46)
	at com.kms.katalon.core.cucumber.keyword.CucumberBuiltinKeywords$runFeatureFile$0.callStatic(Unknown Source)
	at com.kms.katalon.core.cucumber.keyword.CucumberBuiltinKeywords.runFeatureFile(CucumberBuiltinKeywords.groovy:169)
	at com.kms.katalon.core.cucumber.keyword.CucumberBuiltinKeywords$runFeatureFile.call(Unknown Source)
	at SLIK Gateway Non Customer Search By Status NOT_APPROVED.run(SLIK Gateway Non Customer Search By Status NOT_APPROVED:18)
	at com.kms.katalon.core.main.ScriptEngine.run(ScriptEngine.java:194)
	at com.kms.katalon.core.main.ScriptEngine.runScriptAsRawText(ScriptEngine.java:119)
	at com.kms.katalon.core.main.TestCaseExecutor.runScript(TestCaseExecutor.java:339)
	at com.kms.katalon.core.main.TestCaseExecutor.doExecute(TestCaseExecutor.java:330)
	at com.kms.katalon.core.main.TestCaseExecutor.processExecutionPhase(TestCaseExecutor.java:309)
	at com.kms.katalon.core.main.TestCaseExecutor.accessMainPhase(TestCaseExecutor.java:301)
	at com.kms.katalon.core.main.TestCaseExecutor.execute(TestCaseExecutor.java:235)
	at com.kms.katalon.core.main.TestSuiteExecutor.accessTestCaseMainPhase(TestSuiteExecutor.java:191)
	at com.kms.katalon.core.main.TestSuiteExecutor.accessTestSuiteMainPhase(TestSuiteExecutor.java:141)
	at com.kms.katalon.core.main.TestSuiteExecutor.execute(TestSuiteExecutor.java:90)
	at com.kms.katalon.core.main.TestCaseMain.startTestSuite(TestCaseMain.java:157)
	at com.kms.katalon.core.main.TestCaseMain$startTestSuite$0.call(Unknown Source)
	at TempTestSuite1603882106321.run(TempTestSuite1603882106321.groovy:39)]]></system-err>
      </testcase>
      <testcase name="Test Cases/IST_Real/SLIK/SLIK_Gateway_Non_Customer/SLIK Gateway Non Customer View Detail when Status NOT_APPROVED" time="55.426" classname="Test Cases/IST_Real/SLIK/SLIK_Gateway_Non_Customer/SLIK Gateway Non Customer View Detail when Status NOT_APPROVED" status="FAILED">
         <failure type="FAILED" message="Test Cases/IST_Real/SLIK/SLIK_Gateway_Non_Customer/SLIK Gateway Non Customer View Detail when Status NOT_APPROVED FAILED.
Reason:
com.kms.katalon.core.exception.StepFailedException: Feature file 'Include/features/IST_Real/SLIK/SLIK Gateway Non Customer/SLIK_Gateway_Non_Customer_View_Detail_when_Status_NOT_APPROVED.feature' was failed
	at com.kms.katalon.core.keyword.internal.KeywordMain.stepFailed(KeywordMain.groovy:50)
	at com.kms.katalon.core.keyword.internal.KeywordMain.stepFailed(KeywordMain.groovy)
	at com.kms.katalon.core.keyword.internal.KeywordMain.stepFailed(KeywordMain.groovy:23)
	at com.kms.katalon.core.keyword.internal.KeywordMain$stepFailed$0.call(Unknown Source)
	at com.kms.katalon.core.cucumber.keyword.CucumberBuiltinKeywords$_runFeatureFile_closure1.doCall(CucumberBuiltinKeywords.groovy:82)
	at com.kms.katalon.core.cucumber.keyword.CucumberBuiltinKeywords$_runFeatureFile_closure1.doCall(CucumberBuiltinKeywords.groovy)
	at com.kms.katalon.core.keyword.internal.KeywordMain.runKeyword(KeywordMain.groovy:68)
	at com.kms.katalon.core.keyword.internal.KeywordMain$runKeyword.call(Unknown Source)
	at com.kms.katalon.core.cucumber.keyword.CucumberBuiltinKeywords.runFeatureFile(CucumberBuiltinKeywords.groovy:46)
	at com.kms.katalon.core.cucumber.keyword.CucumberBuiltinKeywords$runFeatureFile$0.callStatic(Unknown Source)
	at com.kms.katalon.core.cucumber.keyword.CucumberBuiltinKeywords.runFeatureFile(CucumberBuiltinKeywords.groovy:169)
	at com.kms.katalon.core.cucumber.keyword.CucumberBuiltinKeywords$runFeatureFile.call(Unknown Source)
	at SLIK Gateway Non Customer View Detail when Status NOT_APPROVED.run(SLIK Gateway Non Customer View Detail when Status NOT_APPROVED:18)
	at com.kms.katalon.core.main.ScriptEngine.run(ScriptEngine.java:194)
	at com.kms.katalon.core.main.ScriptEngine.runScriptAsRawText(ScriptEngine.java:119)
	at com.kms.katalon.core.main.TestCaseExecutor.runScript(TestCaseExecutor.java:339)
	at com.kms.katalon.core.main.TestCaseExecutor.doExecute(TestCaseExecutor.java:330)
	at com.kms.katalon.core.main.TestCaseExecutor.processExecutionPhase(TestCaseExecutor.java:309)
	at com.kms.katalon.core.main.TestCaseExecutor.accessMainPhase(TestCaseExecutor.java:301)
	at com.kms.katalon.core.main.TestCaseExecutor.execute(TestCaseExecutor.java:235)
	at com.kms.katalon.core.main.TestSuiteExecutor.accessTestCaseMainPhase(TestSuiteExecutor.java:191)
	at com.kms.katalon.core.main.TestSuiteExecutor.accessTestSuiteMainPhase(TestSuiteExecutor.java:141)
	at com.kms.katalon.core.main.TestSuiteExecutor.execute(TestSuiteExecutor.java:90)
	at com.kms.katalon.core.main.TestCaseMain.startTestSuite(TestCaseMain.java:157)
	at com.kms.katalon.core.main.TestCaseMain$startTestSuite$0.call(Unknown Source)
	at TempTestSuite1603882106321.run(TempTestSuite1603882106321.groovy:39)
"/>
         <system-out><![CDATA[2020-10-28 17:56:51 - [TEST_CASE][FAILED] - Test Cases/IST_Real/SLIK/SLIK_Gateway_Non_Customer/SLIK Gateway Non Customer View Detail when Status NOT_APPROVED: Test Cases/IST_Real/SLIK/SLIK_Gateway_Non_Customer/SLIK Gateway Non Customer View Detail when Status NOT_APPROVED FAILED.
Reason:
com.kms.katalon.core.exception.StepFailedException: Feature file 'Include/features/IST_Real/SLIK/SLIK Gateway Non Customer/SLIK_Gateway_Non_Customer_View_Detail_when_Status_NOT_APPROVED.feature' was failed
	at com.kms.katalon.core.keyword.internal.KeywordMain.stepFailed(KeywordMain.groovy:50)
	at com.kms.katalon.core.keyword.internal.KeywordMain.stepFailed(KeywordMain.groovy)
	at com.kms.katalon.core.keyword.internal.KeywordMain.stepFailed(KeywordMain.groovy:23)
	at com.kms.katalon.core.keyword.internal.KeywordMain$stepFailed$0.call(Unknown Source)
	at com.kms.katalon.core.cucumber.keyword.CucumberBuiltinKeywords$_runFeatureFile_closure1.doCall(CucumberBuiltinKeywords.groovy:82)
	at com.kms.katalon.core.cucumber.keyword.CucumberBuiltinKeywords$_runFeatureFile_closure1.doCall(CucumberBuiltinKeywords.groovy)
	at com.kms.katalon.core.keyword.internal.KeywordMain.runKeyword(KeywordMain.groovy:68)
	at com.kms.katalon.core.keyword.internal.KeywordMain$runKeyword.call(Unknown Source)
	at com.kms.katalon.core.cucumber.keyword.CucumberBuiltinKeywords.runFeatureFile(CucumberBuiltinKeywords.groovy:46)
	at com.kms.katalon.core.cucumber.keyword.CucumberBuiltinKeywords$runFeatureFile$0.callStatic(Unknown Source)
	at com.kms.katalon.core.cucumber.keyword.CucumberBuiltinKeywords.runFeatureFile(CucumberBuiltinKeywords.groovy:169)
	at com.kms.katalon.core.cucumber.keyword.CucumberBuiltinKeywords$runFeatureFile.call(Unknown Source)
	at SLIK Gateway Non Customer View Detail when Status NOT_APPROVED.run(SLIK Gateway Non Customer View Detail when Status NOT_APPROVED:18)
	at com.kms.katalon.core.main.ScriptEngine.run(ScriptEngine.java:194)
	at com.kms.katalon.core.main.ScriptEngine.runScriptAsRawText(ScriptEngine.java:119)
	at com.kms.katalon.core.main.TestCaseExecutor.runScript(TestCaseExecutor.java:339)
	at com.kms.katalon.core.main.TestCaseExecutor.doExecute(TestCaseExecutor.java:330)
	at com.kms.katalon.core.main.TestCaseExecutor.processExecutionPhase(TestCaseExecutor.java:309)
	at com.kms.katalon.core.main.TestCaseExecutor.accessMainPhase(TestCaseExecutor.java:301)
	at com.kms.katalon.core.main.TestCaseExecutor.execute(TestCaseExecutor.java:235)
	at com.kms.katalon.core.main.TestSuiteExecutor.accessTestCaseMainPhase(TestSuiteExecutor.java:191)
	at com.kms.katalon.core.main.TestSuiteExecutor.accessTestSuiteMainPhase(TestSuiteExecutor.java:141)
	at com.kms.katalon.core.main.TestSuiteExecutor.execute(TestSuiteExecutor.java:90)
	at com.kms.katalon.core.main.TestCaseMain.startTestSuite(TestCaseMain.java:157)
	at com.kms.katalon.core.main.TestCaseMain$startTestSuite$0.call(Unknown Source)
	at TempTestSuite1603882106321.run(TempTestSuite1603882106321.groovy:39)


2020-10-28 17:56:51 - [TEST_STEP][FAILED] - runFeatureFile("Include/features/IST_Real/SLIK/SLIK Gateway Non Customer/SLIK_Gateway_Non_Customer_View_Detail_when_Status_NOT_APPROVED.feature"): Keyword runFeatureFile was failed (Root cause: com.kms.katalon.core.exception.StepFailedException: Feature file 'Include/features/IST_Real/SLIK/SLIK Gateway Non Customer/SLIK_Gateway_Non_Customer_View_Detail_when_Status_NOT_APPROVED.feature' was failed
	at com.kms.katalon.core.keyword.internal.KeywordMain.stepFailed(KeywordMain.groovy:50)
	at com.kms.katalon.core.keyword.internal.KeywordMain.stepFailed(KeywordMain.groovy)
	at com.kms.katalon.core.keyword.internal.KeywordMain.stepFailed(KeywordMain.groovy:23)
	at com.kms.katalon.core.keyword.internal.KeywordMain$stepFailed$0.call(Unknown Source)
	at com.kms.katalon.core.cucumber.keyword.CucumberBuiltinKeywords$_runFeatureFile_closure1.doCall(CucumberBuiltinKeywords.groovy:82)
	at com.kms.katalon.core.cucumber.keyword.CucumberBuiltinKeywords$_runFeatureFile_closure1.doCall(CucumberBuiltinKeywords.groovy)
	at com.kms.katalon.core.keyword.internal.KeywordMain.runKeyword(KeywordMain.groovy:68)
	at com.kms.katalon.core.keyword.internal.KeywordMain$runKeyword.call(Unknown Source)
	at com.kms.katalon.core.cucumber.keyword.CucumberBuiltinKeywords.runFeatureFile(CucumberBuiltinKeywords.groovy:46)
	at com.kms.katalon.core.cucumber.keyword.CucumberBuiltinKeywords$runFeatureFile$0.callStatic(Unknown Source)
	at com.kms.katalon.core.cucumber.keyword.CucumberBuiltinKeywords.runFeatureFile(CucumberBuiltinKeywords.groovy:169)
	at com.kms.katalon.core.cucumber.keyword.CucumberBuiltinKeywords$runFeatureFile.call(Unknown Source)
	at SLIK Gateway Non Customer View Detail when Status NOT_APPROVED.run(SLIK Gateway Non Customer View Detail when Status NOT_APPROVED:18)
	at com.kms.katalon.core.main.ScriptEngine.run(ScriptEngine.java:194)
	at com.kms.katalon.core.main.ScriptEngine.runScriptAsRawText(ScriptEngine.java:119)
	at com.kms.katalon.core.main.TestCaseExecutor.runScript(TestCaseExecutor.java:339)
	at com.kms.katalon.core.main.TestCaseExecutor.doExecute(TestCaseExecutor.java:330)
	at com.kms.katalon.core.main.TestCaseExecutor.processExecutionPhase(TestCaseExecutor.java:309)
	at com.kms.katalon.core.main.TestCaseExecutor.accessMainPhase(TestCaseExecutor.java:301)
	at com.kms.katalon.core.main.TestCaseExecutor.execute(TestCaseExecutor.java:235)
	at com.kms.katalon.core.main.TestSuiteExecutor.accessTestCaseMainPhase(TestSuiteExecutor.java:191)
	at com.kms.katalon.core.main.TestSuiteExecutor.accessTestSuiteMainPhase(TestSuiteExecutor.java:141)
	at com.kms.katalon.core.main.TestSuiteExecutor.execute(TestSuiteExecutor.java:90)
	at com.kms.katalon.core.main.TestCaseMain.startTestSuite(TestCaseMain.java:157)
	at com.kms.katalon.core.main.TestCaseMain$startTestSuite$0.call(Unknown Source)
	at TempTestSuite1603882106321.run(TempTestSuite1603882106321.groovy:39)
)

2020-10-28 17:56:51 - [MESSAGE][INFO] - Starting run keyword runFeatureFile: 'Include/features/IST_Real/SLIK/SLIK Gateway Non Customer/SLIK_Gateway_Non_Customer_View_Detail_when_Status_NOT_APPROVED.feature' and extract report to folder: '/Users/chaidir.pratama01/Katalon Studio/IST_Automation_Git/Reports/20201028_174826/SLIK/TS_SLIK_Gateway_Non_Customer/20201028_174826/cucumber_report/1603882611555'...

2020-10-28 17:56:51 - [TEST_CASE][FAILED] - Start Test Case : SCENARIO SLIK Gateway Non Customer View Detail Link: SCENARIO SLIK Gateway Non Customer View Detail Link FAILED.
Reason:
com.kms.katalon.core.exception.StepFailedException: Unable to scroll to object ''
	at com.kms.katalon.core.webui.keyword.internal.WebUIKeywordMain.stepFailed(WebUIKeywordMain.groovy:64)
	at com.kms.katalon.core.webui.keyword.internal.WebUIKeywordMain.runKeyword(WebUIKeywordMain.groovy:26)
	at com.kms.katalon.core.webui.keyword.builtin.ScrollToElementKeyword.scrollToElement(ScrollToElementKeyword.groovy:88)
	at com.kms.katalon.core.webui.keyword.builtin.ScrollToElementKeyword.execute(ScrollToElementKeyword.groovy:68)
	at com.kms.katalon.core.keyword.internal.KeywordExecutor.executeKeywordForPlatform(KeywordExecutor.groovy:73)
	at com.kms.katalon.core.webui.keyword.WebUiBuiltInKeywords.scrollToElement(WebUiBuiltInKeywords.groovy:3001)
	at com.kms.katalon.core.webui.keyword.WebUiBuiltInKeywords$scrollToElement$16.call(Unknown Source)
	at Slik_Script.Verify_Result_Status(Slik_Script.groovy:363)
	at ✽.Verify Search Result Based on Result Status(/Users/chaidir.pratama01/Katalon Studio/IST_Automation_Git/Include/features/IST_Real/SLIK/SLIK Gateway Non Customer/SLIK_Gateway_Non_Customer_View_Detail_when_Status_NOT_APPROVED.feature:36)
Caused by: java.lang.IndexOutOfBoundsException: Index: 0, Size: 0
	at com.kms.katalon.core.webui.common.WebUiCommonHelper.buildLocator(WebUiCommonHelper.java:519)
	at com.kms.katalon.core.webui.common.WebUiCommonHelper.findElementByNormalMethods(WebUiCommonHelper.java:985)
	at com.kms.katalon.core.webui.common.WebUiCommonHelper.findElementsBySelectedMethod(WebUiCommonHelper.java:894)
	at com.kms.katalon.core.webui.common.WebUiCommonHelper.findElementsWithSelfHealing(WebUiCommonHelper.java:791)
	at com.kms.katalon.core.webui.common.WebUiCommonHelper.findWebElements(WebUiCommonHelper.java:717)
	at com.kms.katalon.core.webui.common.WebUiCommonHelper.findWebElement(WebUiCommonHelper.java:1349)
	at com.kms.katalon.core.webui.keyword.internal.WebUIAbstractKeyword.findWebElement(WebUIAbstractKeyword.groovy:27)
	at com.kms.katalon.core.webui.keyword.internal.WebUIAbstractKeyword.findWebElement(WebUIAbstractKeyword.groovy:26)
	at com.kms.katalon.core.webui.keyword.builtin.ScrollToElementKeyword$_scrollToElement_closure1.doCall(ScrollToElementKeyword.groovy:79)
	at com.kms.katalon.core.webui.keyword.builtin.ScrollToElementKeyword$_scrollToElement_closure1.call(ScrollToElementKeyword.groovy)
	at com.kms.katalon.core.webui.keyword.internal.WebUIKeywordMain.runKeyword(WebUIKeywordMain.groovy:20)
	at com.kms.katalon.core.webui.keyword.builtin.ScrollToElementKeyword.scrollToElement(ScrollToElementKeyword.groovy:88)
	at com.kms.katalon.core.webui.keyword.builtin.ScrollToElementKeyword.execute(ScrollToElementKeyword.groovy:68)
	at com.kms.katalon.core.keyword.internal.KeywordExecutor.executeKeywordForPlatform(KeywordExecutor.groovy:73)
	at com.kms.katalon.core.webui.keyword.WebUiBuiltInKeywords.scrollToElement(WebUiBuiltInKeywords.groovy:3001)
	at com.kms.katalon.core.webui.keyword.WebUiBuiltInKeywords$scrollToElement$16.call(Unknown Source)
	at Slik_Script.Verify_Result_Status(Slik_Script.groovy:363)
	at cucumber.runtime.Utils$1.call(Utils.java:26)
	at cucumber.runtime.Timeout.timeout(Timeout.java:16)
	at cucumber.runtime.Utils.invoke(Utils.java:20)
	at cucumber.runtime.java.JavaStepDefinition.execute(JavaStepDefinition.java:48)
	at cucumber.runtime.PickleStepDefinitionMatch.runStep(PickleStepDefinitionMatch.java:50)
	at cucumber.runner.TestStep.executeStep(TestStep.java:55)
	at cucumber.runner.TestStep.run(TestStep.java:42)
	at cucumber.runner.PickleStepTestStep.run(PickleStepTestStep.java:53)
	at cucumber.runner.TestCase.run(TestCase.java:47)
	at cucumber.runner.Runner.runPickle(Runner.java:44)
	at cucumber.runtime.Runtime.runFeature(Runtime.java:120)
	at cucumber.runtime.Runtime.run(Runtime.java:106)
	at cucumber.api.cli.Main.run(Main.java:35)
	at cucumber.api.cli.Main$run.call(Unknown Source)
	at com.kms.katalon.core.cucumber.keyword.CucumberBuiltinKeywords$_runFeatureFile_closure1.doCall(CucumberBuiltinKeywords.groovy:76)
	at com.kms.katalon.core.cucumber.keyword.CucumberBuiltinKeywords$_runFeatureFile_closure1.doCall(CucumberBuiltinKeywords.groovy)
	at com.kms.katalon.core.keyword.internal.KeywordMain.runKeyword(KeywordMain.groovy:68)
	at com.kms.katalon.core.keyword.internal.KeywordMain$runKeyword.call(Unknown Source)
	at com.kms.katalon.core.cucumber.keyword.CucumberBuiltinKeywords.runFeatureFile(CucumberBuiltinKeywords.groovy:46)
	at com.kms.katalon.core.cucumber.keyword.CucumberBuiltinKeywords$runFeatureFile$0.callStatic(Unknown Source)
	at com.kms.katalon.core.cucumber.keyword.CucumberBuiltinKeywords.runFeatureFile(CucumberBuiltinKeywords.groovy:169)
	at com.kms.katalon.core.cucumber.keyword.CucumberBuiltinKeywords$runFeatureFile.call(Unknown Source)
	at SLIK Gateway Non Customer View Detail when Status NOT_APPROVED.run(SLIK Gateway Non Customer View Detail when Status NOT_APPROVED:18)
	at com.kms.katalon.core.main.ScriptEngine.run(ScriptEngine.java:194)
	at com.kms.katalon.core.main.ScriptEngine.runScriptAsRawText(ScriptEngine.java:119)
	at com.kms.katalon.core.main.TestCaseExecutor.runScript(TestCaseExecutor.java:339)
	at com.kms.katalon.core.main.TestCaseExecutor.doExecute(TestCaseExecutor.java:330)
	at com.kms.katalon.core.main.TestCaseExecutor.processExecutionPhase(TestCaseExecutor.java:309)
	at com.kms.katalon.core.main.TestCaseExecutor.accessMainPhase(TestCaseExecutor.java:301)
	at com.kms.katalon.core.main.TestCaseExecutor.execute(TestCaseExecutor.java:235)
	at com.kms.katalon.core.main.TestSuiteExecutor.accessTestCaseMainPhase(TestSuiteExecutor.java:191)
	at com.kms.katalon.core.main.TestSuiteExecutor.accessTestSuiteMainPhase(TestSuiteExecutor.java:141)
	at com.kms.katalon.core.main.TestSuiteExecutor.execute(TestSuiteExecutor.java:90)
	at com.kms.katalon.core.main.TestCaseMain.startTestSuite(TestCaseMain.java:157)
	at com.kms.katalon.core.main.TestCaseMain$startTestSuite$0.call(Unknown Source)
	at TempTestSuite1603882106321.run(TempTestSuite1603882106321.groovy:39)


2020-10-28 17:56:51 - [TEST_STEP][PASSED] - Go to ISTools: Go to ISTools

2020-10-28 17:56:51 - [MESSAGE][WARNING] - A browser is already opened. Closing browser and opening a new one

2020-10-28 17:56:51 - [MESSAGE][INFO] - Starting 'Chrome' driver

2020-10-28 17:56:51 - [MESSAGE][INFO] - User set preference: ['AcceptInsecureCerts', 'true']

2020-10-28 17:56:51 - [MESSAGE][INFO] - User set preference: ['args', '[ignore-certificate-errors]']

2020-10-28 17:56:51 - [MESSAGE][INFO] - Action delay is set to 0 milliseconds

2020-10-28 17:56:52 - [MESSAGE][PASSED] - Browser is opened with url: ''

2020-10-28 17:57:07 - [MESSAGE][PASSED] - Navigate to 'https://id-ist01preprod.id.nonprod/ist/' successfully

2020-10-28 17:57:07 - [MESSAGE][PASSED] - Go to ISTools

2020-10-28 17:57:07 - [TEST_STEP][PASSED] - Login IST with valid credentials: Login IST with valid credentials

2020-10-28 17:57:08 - [MESSAGE][PASSED] - Text 'mobile.test' is set on object 'Object Repository/Page_/input_Username_j_username'

2020-10-28 17:57:08 - [MESSAGE][PASSED] - Text ****** has been set on object 'Object Repository/Page_/input_Password_j_password'

2020-10-28 17:57:09 - [MESSAGE][PASSED] - Object: 'Object Repository/Page_/button_Login' is clicked on

2020-10-28 17:57:09 - [MESSAGE][PASSED] - Login IST with valid credentials

2020-10-28 17:57:09 - [TEST_STEP][PASSED] - Login Success for contract dispatcher: Login Success for contract dispatcher

2020-10-28 17:57:09 - [MESSAGE][INFO] - Login Success

2020-10-28 17:57:09 - [MESSAGE][PASSED] - Current window maximized

2020-10-28 17:57:09 - [MESSAGE][PASSED] - Object 'Object Repository/Page_/h1_Welcome to IT Supporting Tools' is present

2020-10-28 17:57:09 - [MESSAGE][PASSED] - Login Success for contract dispatcher

2020-10-28 17:57:09 - [TEST_STEP][PASSED] - Select Menu SLIK Gateway NonCustomer: Select Menu SLIK Gateway NonCustomer

2020-10-28 17:57:10 - [MESSAGE][PASSED] - Object '' is present

2020-10-28 17:57:10 - [MESSAGE][PASSED] - Object: '' is clicked on

2020-10-28 17:57:10 - [MESSAGE][PASSED] - Wait for page load successfully

2020-10-28 17:57:10 - [MESSAGE][PASSED] - Select Menu SLIK Gateway NonCustomer

2020-10-28 17:57:10 - [TEST_STEP][PASSED] - Select Status is "NOT_APPROVED": Select Status is "NOT_APPROVED"

2020-10-28 17:57:11 - [MESSAGE][PASSED] - All options with value 'NOT_APPROVED' are selected in object ''  using regular expression

2020-10-28 17:57:11 - [MESSAGE][PASSED] - Select Status is "NOT_APPROVED"

2020-10-28 17:57:11 - [TEST_STEP][PASSED] - Click button "Search": Click button "Search"

2020-10-28 17:57:11 - [MESSAGE][INFO] - >>>>>//Button[contains(text(),'Search')]

2020-10-28 17:57:15 - [MESSAGE][PASSED] - Object: '' is clicked on

2020-10-28 17:57:15 - [MESSAGE][PASSED] - Click button "Search"

2020-10-28 17:57:15 - [TEST_STEP][FAILED] - Verify Search Result Based on Result Status: Verify Search Result Based on Result Status FAILED.
Reason:
com.kms.katalon.core.exception.StepFailedException: Unable to scroll to object ''
	at com.kms.katalon.core.webui.keyword.internal.WebUIKeywordMain.stepFailed(WebUIKeywordMain.groovy:64)
	at com.kms.katalon.core.webui.keyword.internal.WebUIKeywordMain.runKeyword(WebUIKeywordMain.groovy:26)
	at com.kms.katalon.core.webui.keyword.builtin.ScrollToElementKeyword.scrollToElement(ScrollToElementKeyword.groovy:88)
	at com.kms.katalon.core.webui.keyword.builtin.ScrollToElementKeyword.execute(ScrollToElementKeyword.groovy:68)
	at com.kms.katalon.core.keyword.internal.KeywordExecutor.executeKeywordForPlatform(KeywordExecutor.groovy:73)
	at com.kms.katalon.core.webui.keyword.WebUiBuiltInKeywords.scrollToElement(WebUiBuiltInKeywords.groovy:3001)
	at com.kms.katalon.core.webui.keyword.WebUiBuiltInKeywords$scrollToElement$16.call(Unknown Source)
	at Slik_Script.Verify_Result_Status(Slik_Script.groovy:363)
	at ✽.Verify Search Result Based on Result Status(/Users/chaidir.pratama01/Katalon Studio/IST_Automation_Git/Include/features/IST_Real/SLIK/SLIK Gateway Non Customer/SLIK_Gateway_Non_Customer_View_Detail_when_Status_NOT_APPROVED.feature:36)
Caused by: java.lang.IndexOutOfBoundsException: Index: 0, Size: 0
	at com.kms.katalon.core.webui.common.WebUiCommonHelper.buildLocator(WebUiCommonHelper.java:519)
	at com.kms.katalon.core.webui.common.WebUiCommonHelper.findElementByNormalMethods(WebUiCommonHelper.java:985)
	at com.kms.katalon.core.webui.common.WebUiCommonHelper.findElementsBySelectedMethod(WebUiCommonHelper.java:894)
	at com.kms.katalon.core.webui.common.WebUiCommonHelper.findElementsWithSelfHealing(WebUiCommonHelper.java:791)
	at com.kms.katalon.core.webui.common.WebUiCommonHelper.findWebElements(WebUiCommonHelper.java:717)
	at com.kms.katalon.core.webui.common.WebUiCommonHelper.findWebElement(WebUiCommonHelper.java:1349)
	at com.kms.katalon.core.webui.keyword.internal.WebUIAbstractKeyword.findWebElement(WebUIAbstractKeyword.groovy:27)
	at com.kms.katalon.core.webui.keyword.internal.WebUIAbstractKeyword.findWebElement(WebUIAbstractKeyword.groovy:26)
	at com.kms.katalon.core.webui.keyword.builtin.ScrollToElementKeyword$_scrollToElement_closure1.doCall(ScrollToElementKeyword.groovy:79)
	at com.kms.katalon.core.webui.keyword.builtin.ScrollToElementKeyword$_scrollToElement_closure1.call(ScrollToElementKeyword.groovy)
	at com.kms.katalon.core.webui.keyword.internal.WebUIKeywordMain.runKeyword(WebUIKeywordMain.groovy:20)
	at com.kms.katalon.core.webui.keyword.builtin.ScrollToElementKeyword.scrollToElement(ScrollToElementKeyword.groovy:88)
	at com.kms.katalon.core.webui.keyword.builtin.ScrollToElementKeyword.execute(ScrollToElementKeyword.groovy:68)
	at com.kms.katalon.core.keyword.internal.KeywordExecutor.executeKeywordForPlatform(KeywordExecutor.groovy:73)
	at com.kms.katalon.core.webui.keyword.WebUiBuiltInKeywords.scrollToElement(WebUiBuiltInKeywords.groovy:3001)
	at com.kms.katalon.core.webui.keyword.WebUiBuiltInKeywords$scrollToElement$16.call(Unknown Source)
	at Slik_Script.Verify_Result_Status(Slik_Script.groovy:363)
	at cucumber.runtime.Utils$1.call(Utils.java:26)
	at cucumber.runtime.Timeout.timeout(Timeout.java:16)
	at cucumber.runtime.Utils.invoke(Utils.java:20)
	at cucumber.runtime.java.JavaStepDefinition.execute(JavaStepDefinition.java:48)
	at cucumber.runtime.PickleStepDefinitionMatch.runStep(PickleStepDefinitionMatch.java:50)
	at cucumber.runner.TestStep.executeStep(TestStep.java:55)
	at cucumber.runner.TestStep.run(TestStep.java:42)
	at cucumber.runner.PickleStepTestStep.run(PickleStepTestStep.java:53)
	at cucumber.runner.TestCase.run(TestCase.java:47)
	at cucumber.runner.Runner.runPickle(Runner.java:44)
	at cucumber.runtime.Runtime.runFeature(Runtime.java:120)
	at cucumber.runtime.Runtime.run(Runtime.java:106)
	at cucumber.api.cli.Main.run(Main.java:35)
	at cucumber.api.cli.Main$run.call(Unknown Source)
	at com.kms.katalon.core.cucumber.keyword.CucumberBuiltinKeywords$_runFeatureFile_closure1.doCall(CucumberBuiltinKeywords.groovy:76)
	at com.kms.katalon.core.cucumber.keyword.CucumberBuiltinKeywords$_runFeatureFile_closure1.doCall(CucumberBuiltinKeywords.groovy)
	at com.kms.katalon.core.keyword.internal.KeywordMain.runKeyword(KeywordMain.groovy:68)
	at com.kms.katalon.core.keyword.internal.KeywordMain$runKeyword.call(Unknown Source)
	at com.kms.katalon.core.cucumber.keyword.CucumberBuiltinKeywords.runFeatureFile(CucumberBuiltinKeywords.groovy:46)
	at com.kms.katalon.core.cucumber.keyword.CucumberBuiltinKeywords$runFeatureFile$0.callStatic(Unknown Source)
	at com.kms.katalon.core.cucumber.keyword.CucumberBuiltinKeywords.runFeatureFile(CucumberBuiltinKeywords.groovy:169)
	at com.kms.katalon.core.cucumber.keyword.CucumberBuiltinKeywords$runFeatureFile.call(Unknown Source)
	at SLIK Gateway Non Customer View Detail when Status NOT_APPROVED.run(SLIK Gateway Non Customer View Detail when Status NOT_APPROVED:18)
	at com.kms.katalon.core.main.ScriptEngine.run(ScriptEngine.java:194)
	at com.kms.katalon.core.main.ScriptEngine.runScriptAsRawText(ScriptEngine.java:119)
	at com.kms.katalon.core.main.TestCaseExecutor.runScript(TestCaseExecutor.java:339)
	at com.kms.katalon.core.main.TestCaseExecutor.doExecute(TestCaseExecutor.java:330)
	at com.kms.katalon.core.main.TestCaseExecutor.processExecutionPhase(TestCaseExecutor.java:309)
	at com.kms.katalon.core.main.TestCaseExecutor.accessMainPhase(TestCaseExecutor.java:301)
	at com.kms.katalon.core.main.TestCaseExecutor.execute(TestCaseExecutor.java:235)
	at com.kms.katalon.core.main.TestSuiteExecutor.accessTestCaseMainPhase(TestSuiteExecutor.java:191)
	at com.kms.katalon.core.main.TestSuiteExecutor.accessTestSuiteMainPhase(TestSuiteExecutor.java:141)
	at com.kms.katalon.core.main.TestSuiteExecutor.execute(TestSuiteExecutor.java:90)
	at com.kms.katalon.core.main.TestCaseMain.startTestSuite(TestCaseMain.java:157)
	at com.kms.katalon.core.main.TestCaseMain$startTestSuite$0.call(Unknown Source)
	at TempTestSuite1603882106321.run(TempTestSuite1603882106321.groovy:39)


2020-10-28 17:57:46 - [MESSAGE][INFO] - Unable to find the element located by 'By.xpath: //span[text()='Search Result']/../../../following-sibling::div[@class='z-groupbox-content']/div[@class='z-grid']/div[@class='z-grid-body']/table/tbody/tr/td[5]/div/span'. Please recheck the objects properties to make sure the desired element is located. 

2020-10-28 17:57:46 - [MESSAGE][WARNING] - [SELF-HEALING] Failed to find element with id ''. Try using Self-healing.

2020-10-28 17:57:46 - [MESSAGE][FAILED] - Unable to scroll to object '' (Root cause: com.kms.katalon.core.exception.StepFailedException: Unable to scroll to object ''
	at com.kms.katalon.core.webui.keyword.internal.WebUIKeywordMain.stepFailed(WebUIKeywordMain.groovy:64)
	at com.kms.katalon.core.webui.keyword.internal.WebUIKeywordMain.runKeyword(WebUIKeywordMain.groovy:26)
	at com.kms.katalon.core.webui.keyword.builtin.ScrollToElementKeyword.scrollToElement(ScrollToElementKeyword.groovy:88)
	at com.kms.katalon.core.webui.keyword.builtin.ScrollToElementKeyword.execute(ScrollToElementKeyword.groovy:68)
	at com.kms.katalon.core.keyword.internal.KeywordExecutor.executeKeywordForPlatform(KeywordExecutor.groovy:73)
	at com.kms.katalon.core.webui.keyword.WebUiBuiltInKeywords.scrollToElement(WebUiBuiltInKeywords.groovy:3001)
	at com.kms.katalon.core.webui.keyword.WebUiBuiltInKeywords$scrollToElement$16.call(Unknown Source)
	at Slik_Script.Verify_Result_Status(Slik_Script.groovy:363)
	at cucumber.runtime.Utils$1.call(Utils.java:26)
	at cucumber.runtime.Timeout.timeout(Timeout.java:16)
	at cucumber.runtime.Utils.invoke(Utils.java:20)
	at cucumber.runtime.java.JavaStepDefinition.execute(JavaStepDefinition.java:48)
	at cucumber.runtime.PickleStepDefinitionMatch.runStep(PickleStepDefinitionMatch.java:50)
	at cucumber.runner.TestStep.executeStep(TestStep.java:55)
	at cucumber.runner.TestStep.run(TestStep.java:42)
	at cucumber.runner.PickleStepTestStep.run(PickleStepTestStep.java:53)
	at cucumber.runner.TestCase.run(TestCase.java:47)
	at cucumber.runner.Runner.runPickle(Runner.java:44)
	at cucumber.runtime.Runtime.runFeature(Runtime.java:120)
	at cucumber.runtime.Runtime.run(Runtime.java:106)
	at cucumber.api.cli.Main.run(Main.java:35)
	at cucumber.api.cli.Main$run.call(Unknown Source)
	at com.kms.katalon.core.cucumber.keyword.CucumberBuiltinKeywords$_runFeatureFile_closure1.doCall(CucumberBuiltinKeywords.groovy:76)
	at com.kms.katalon.core.cucumber.keyword.CucumberBuiltinKeywords$_runFeatureFile_closure1.doCall(CucumberBuiltinKeywords.groovy)
	at com.kms.katalon.core.keyword.internal.KeywordMain.runKeyword(KeywordMain.groovy:68)
	at com.kms.katalon.core.keyword.internal.KeywordMain$runKeyword.call(Unknown Source)
	at com.kms.katalon.core.cucumber.keyword.CucumberBuiltinKeywords.runFeatureFile(CucumberBuiltinKeywords.groovy:46)
	at com.kms.katalon.core.cucumber.keyword.CucumberBuiltinKeywords$runFeatureFile$0.callStatic(Unknown Source)
	at com.kms.katalon.core.cucumber.keyword.CucumberBuiltinKeywords.runFeatureFile(CucumberBuiltinKeywords.groovy:169)
	at com.kms.katalon.core.cucumber.keyword.CucumberBuiltinKeywords$runFeatureFile.call(Unknown Source)
	at SLIK Gateway Non Customer View Detail when Status NOT_APPROVED.run(SLIK Gateway Non Customer View Detail when Status NOT_APPROVED:18)
	at com.kms.katalon.core.main.ScriptEngine.run(ScriptEngine.java:194)
	at com.kms.katalon.core.main.ScriptEngine.runScriptAsRawText(ScriptEngine.java:119)
	at com.kms.katalon.core.main.TestCaseExecutor.runScript(TestCaseExecutor.java:339)
	at com.kms.katalon.core.main.TestCaseExecutor.doExecute(TestCaseExecutor.java:330)
	at com.kms.katalon.core.main.TestCaseExecutor.processExecutionPhase(TestCaseExecutor.java:309)
	at com.kms.katalon.core.main.TestCaseExecutor.accessMainPhase(TestCaseExecutor.java:301)
	at com.kms.katalon.core.main.TestCaseExecutor.execute(TestCaseExecutor.java:235)
	at com.kms.katalon.core.main.TestSuiteExecutor.accessTestCaseMainPhase(TestSuiteExecutor.java:191)
	at com.kms.katalon.core.main.TestSuiteExecutor.accessTestSuiteMainPhase(TestSuiteExecutor.java:141)
	at com.kms.katalon.core.main.TestSuiteExecutor.execute(TestSuiteExecutor.java:90)
	at com.kms.katalon.core.main.TestCaseMain.startTestSuite(TestCaseMain.java:157)
	at com.kms.katalon.core.main.TestCaseMain$startTestSuite$0.call(Unknown Source)
	at TempTestSuite1603882106321.run(TempTestSuite1603882106321.groovy:39)
Caused by: java.lang.IndexOutOfBoundsException: Index: 0, Size: 0
	at com.kms.katalon.core.webui.common.WebUiCommonHelper.buildLocator(WebUiCommonHelper.java:519)
	at com.kms.katalon.core.webui.common.WebUiCommonHelper.findElementByNormalMethods(WebUiCommonHelper.java:985)
	at com.kms.katalon.core.webui.common.WebUiCommonHelper.findElementsBySelectedMethod(WebUiCommonHelper.java:894)
	at com.kms.katalon.core.webui.common.WebUiCommonHelper.findElementsWithSelfHealing(WebUiCommonHelper.java:791)
	at com.kms.katalon.core.webui.common.WebUiCommonHelper.findWebElements(WebUiCommonHelper.java:717)
	at com.kms.katalon.core.webui.common.WebUiCommonHelper.findWebElement(WebUiCommonHelper.java:1349)
	at com.kms.katalon.core.webui.keyword.internal.WebUIAbstractKeyword.findWebElement(WebUIAbstractKeyword.groovy:27)
	at com.kms.katalon.core.webui.keyword.internal.WebUIAbstractKeyword.findWebElement(WebUIAbstractKeyword.groovy:26)
	at com.kms.katalon.core.webui.keyword.builtin.ScrollToElementKeyword$_scrollToElement_closure1.doCall(ScrollToElementKeyword.groovy:79)
	at com.kms.katalon.core.webui.keyword.builtin.ScrollToElementKeyword$_scrollToElement_closure1.call(ScrollToElementKeyword.groovy)
	at com.kms.katalon.core.webui.keyword.internal.WebUIKeywordMain.runKeyword(WebUIKeywordMain.groovy:20)
	at com.kms.katalon.core.webui.keyword.builtin.ScrollToElementKeyword.scrollToElement(ScrollToElementKeyword.groovy:88)
	at com.kms.katalon.core.webui.keyword.builtin.ScrollToElementKeyword.execute(ScrollToElementKeyword.groovy:68)
	at com.kms.katalon.core.keyword.internal.KeywordExecutor.executeKeywordForPlatform(KeywordExecutor.groovy:73)
	at com.kms.katalon.core.webui.keyword.WebUiBuiltInKeywords.scrollToElement(WebUiBuiltInKeywords.groovy:3001)
	at com.kms.katalon.core.webui.keyword.WebUiBuiltInKeywords$scrollToElement$16.call(Unknown Source)
	at Slik_Script.Verify_Result_Status(Slik_Script.groovy:363)
	at cucumber.runtime.Utils$1.call(Utils.java:26)
	at cucumber.runtime.Timeout.timeout(Timeout.java:16)
	at cucumber.runtime.Utils.invoke(Utils.java:20)
	at cucumber.runtime.java.JavaStepDefinition.execute(JavaStepDefinition.java:48)
	at cucumber.runtime.PickleStepDefinitionMatch.runStep(PickleStepDefinitionMatch.java:50)
	at cucumber.runner.TestStep.executeStep(TestStep.java:55)
	at cucumber.runner.TestStep.run(TestStep.java:42)
	at cucumber.runner.PickleStepTestStep.run(PickleStepTestStep.java:53)
	at cucumber.runner.TestCase.run(TestCase.java:47)
	at cucumber.runner.Runner.runPickle(Runner.java:44)
	at cucumber.runtime.Runtime.runFeature(Runtime.java:120)
	at cucumber.runtime.Runtime.run(Runtime.java:106)
	at cucumber.api.cli.Main.run(Main.java:35)
	at cucumber.api.cli.Main$run.call(Unknown Source)
	at com.kms.katalon.core.cucumber.keyword.CucumberBuiltinKeywords$_runFeatureFile_closure1.doCall(CucumberBuiltinKeywords.groovy:76)
	at com.kms.katalon.core.cucumber.keyword.CucumberBuiltinKeywords$_runFeatureFile_closure1.doCall(CucumberBuiltinKeywords.groovy)
	at com.kms.katalon.core.keyword.internal.KeywordMain.runKeyword(KeywordMain.groovy:68)
	at com.kms.katalon.core.keyword.internal.KeywordMain$runKeyword.call(Unknown Source)
	at com.kms.katalon.core.cucumber.keyword.CucumberBuiltinKeywords.runFeatureFile(CucumberBuiltinKeywords.groovy:46)
	at com.kms.katalon.core.cucumber.keyword.CucumberBuiltinKeywords$runFeatureFile$0.callStatic(Unknown Source)
	at com.kms.katalon.core.cucumber.keyword.CucumberBuiltinKeywords.runFeatureFile(CucumberBuiltinKeywords.groovy:169)
	at com.kms.katalon.core.cucumber.keyword.CucumberBuiltinKeywords$runFeatureFile.call(Unknown Source)
	at Script1601314386072.run(Script1601314386072.groovy:18)
	... 13 more
)
[[ATTACHMENT|/Users/chaidir.pratama01/Katalon Studio/IST_Automation_Git/Reports/20201028_174826/SLIK/TS_SLIK_Gateway_Non_Customer/20201028_174826/1603882666325.png]]

2020-10-28 17:57:46 - [MESSAGE][FAILED] - Verify Search Result Based on Result Status FAILED.
Reason:
com.kms.katalon.core.exception.StepFailedException: Unable to scroll to object ''
	at com.kms.katalon.core.webui.keyword.internal.WebUIKeywordMain.stepFailed(WebUIKeywordMain.groovy:64)
	at com.kms.katalon.core.webui.keyword.internal.WebUIKeywordMain.runKeyword(WebUIKeywordMain.groovy:26)
	at com.kms.katalon.core.webui.keyword.builtin.ScrollToElementKeyword.scrollToElement(ScrollToElementKeyword.groovy:88)
	at com.kms.katalon.core.webui.keyword.builtin.ScrollToElementKeyword.execute(ScrollToElementKeyword.groovy:68)
	at com.kms.katalon.core.keyword.internal.KeywordExecutor.executeKeywordForPlatform(KeywordExecutor.groovy:73)
	at com.kms.katalon.core.webui.keyword.WebUiBuiltInKeywords.scrollToElement(WebUiBuiltInKeywords.groovy:3001)
	at com.kms.katalon.core.webui.keyword.WebUiBuiltInKeywords$scrollToElement$16.call(Unknown Source)
	at Slik_Script.Verify_Result_Status(Slik_Script.groovy:363)
	at ✽.Verify Search Result Based on Result Status(/Users/chaidir.pratama01/Katalon Studio/IST_Automation_Git/Include/features/IST_Real/SLIK/SLIK Gateway Non Customer/SLIK_Gateway_Non_Customer_View_Detail_when_Status_NOT_APPROVED.feature:36)
Caused by: java.lang.IndexOutOfBoundsException: Index: 0, Size: 0
	at com.kms.katalon.core.webui.common.WebUiCommonHelper.buildLocator(WebUiCommonHelper.java:519)
	at com.kms.katalon.core.webui.common.WebUiCommonHelper.findElementByNormalMethods(WebUiCommonHelper.java:985)
	at com.kms.katalon.core.webui.common.WebUiCommonHelper.findElementsBySelectedMethod(WebUiCommonHelper.java:894)
	at com.kms.katalon.core.webui.common.WebUiCommonHelper.findElementsWithSelfHealing(WebUiCommonHelper.java:791)
	at com.kms.katalon.core.webui.common.WebUiCommonHelper.findWebElements(WebUiCommonHelper.java:717)
	at com.kms.katalon.core.webui.common.WebUiCommonHelper.findWebElement(WebUiCommonHelper.java:1349)
	at com.kms.katalon.core.webui.keyword.internal.WebUIAbstractKeyword.findWebElement(WebUIAbstractKeyword.groovy:27)
	at com.kms.katalon.core.webui.keyword.internal.WebUIAbstractKeyword.findWebElement(WebUIAbstractKeyword.groovy:26)
	at com.kms.katalon.core.webui.keyword.builtin.ScrollToElementKeyword$_scrollToElement_closure1.doCall(ScrollToElementKeyword.groovy:79)
	at com.kms.katalon.core.webui.keyword.builtin.ScrollToElementKeyword$_scrollToElement_closure1.call(ScrollToElementKeyword.groovy)
	at com.kms.katalon.core.webui.keyword.internal.WebUIKeywordMain.runKeyword(WebUIKeywordMain.groovy:20)
	at com.kms.katalon.core.webui.keyword.builtin.ScrollToElementKeyword.scrollToElement(ScrollToElementKeyword.groovy:88)
	at com.kms.katalon.core.webui.keyword.builtin.ScrollToElementKeyword.execute(ScrollToElementKeyword.groovy:68)
	at com.kms.katalon.core.keyword.internal.KeywordExecutor.executeKeywordForPlatform(KeywordExecutor.groovy:73)
	at com.kms.katalon.core.webui.keyword.WebUiBuiltInKeywords.scrollToElement(WebUiBuiltInKeywords.groovy:3001)
	at com.kms.katalon.core.webui.keyword.WebUiBuiltInKeywords$scrollToElement$16.call(Unknown Source)
	at Slik_Script.Verify_Result_Status(Slik_Script.groovy:363)
	at cucumber.runtime.Utils$1.call(Utils.java:26)
	at cucumber.runtime.Timeout.timeout(Timeout.java:16)
	at cucumber.runtime.Utils.invoke(Utils.java:20)
	at cucumber.runtime.java.JavaStepDefinition.execute(JavaStepDefinition.java:48)
	at cucumber.runtime.PickleStepDefinitionMatch.runStep(PickleStepDefinitionMatch.java:50)
	at cucumber.runner.TestStep.executeStep(TestStep.java:55)
	at cucumber.runner.TestStep.run(TestStep.java:42)
	at cucumber.runner.PickleStepTestStep.run(PickleStepTestStep.java:53)
	at cucumber.runner.TestCase.run(TestCase.java:47)
	at cucumber.runner.Runner.runPickle(Runner.java:44)
	at cucumber.runtime.Runtime.runFeature(Runtime.java:120)
	at cucumber.runtime.Runtime.run(Runtime.java:106)
	at cucumber.api.cli.Main.run(Main.java:35)
	at cucumber.api.cli.Main$run.call(Unknown Source)
	at com.kms.katalon.core.cucumber.keyword.CucumberBuiltinKeywords$_runFeatureFile_closure1.doCall(CucumberBuiltinKeywords.groovy:76)
	at com.kms.katalon.core.cucumber.keyword.CucumberBuiltinKeywords$_runFeatureFile_closure1.doCall(CucumberBuiltinKeywords.groovy)
	at com.kms.katalon.core.keyword.internal.KeywordMain.runKeyword(KeywordMain.groovy:68)
	at com.kms.katalon.core.keyword.internal.KeywordMain$runKeyword.call(Unknown Source)
	at com.kms.katalon.core.cucumber.keyword.CucumberBuiltinKeywords.runFeatureFile(CucumberBuiltinKeywords.groovy:46)
	at com.kms.katalon.core.cucumber.keyword.CucumberBuiltinKeywords$runFeatureFile$0.callStatic(Unknown Source)
	at com.kms.katalon.core.cucumber.keyword.CucumberBuiltinKeywords.runFeatureFile(CucumberBuiltinKeywords.groovy:169)
	at com.kms.katalon.core.cucumber.keyword.CucumberBuiltinKeywords$runFeatureFile.call(Unknown Source)
	at SLIK Gateway Non Customer View Detail when Status NOT_APPROVED.run(SLIK Gateway Non Customer View Detail when Status NOT_APPROVED:18)
	at com.kms.katalon.core.main.ScriptEngine.run(ScriptEngine.java:194)
	at com.kms.katalon.core.main.ScriptEngine.runScriptAsRawText(ScriptEngine.java:119)
	at com.kms.katalon.core.main.TestCaseExecutor.runScript(TestCaseExecutor.java:339)
	at com.kms.katalon.core.main.TestCaseExecutor.doExecute(TestCaseExecutor.java:330)
	at com.kms.katalon.core.main.TestCaseExecutor.processExecutionPhase(TestCaseExecutor.java:309)
	at com.kms.katalon.core.main.TestCaseExecutor.accessMainPhase(TestCaseExecutor.java:301)
	at com.kms.katalon.core.main.TestCaseExecutor.execute(TestCaseExecutor.java:235)
	at com.kms.katalon.core.main.TestSuiteExecutor.accessTestCaseMainPhase(TestSuiteExecutor.java:191)
	at com.kms.katalon.core.main.TestSuiteExecutor.accessTestSuiteMainPhase(TestSuiteExecutor.java:141)
	at com.kms.katalon.core.main.TestSuiteExecutor.execute(TestSuiteExecutor.java:90)
	at com.kms.katalon.core.main.TestCaseMain.startTestSuite(TestCaseMain.java:157)
	at com.kms.katalon.core.main.TestCaseMain$startTestSuite$0.call(Unknown Source)
	at TempTestSuite1603882106321.run(TempTestSuite1603882106321.groovy:39)


2020-10-28 17:57:46 - [TEST_STEP][NOT_RUN] - Click View Detail Link: Click View Detail Link

2020-10-28 17:57:46 - [MESSAGE][NOT_RUN] - Click View Detail Link

2020-10-28 17:57:46 - [TEST_STEP][NOT_RUN] - Take Screenshot "View_detail_NonCutomer.png": Take Screenshot "View_detail_NonCutomer.png"

2020-10-28 17:57:46 - [MESSAGE][NOT_RUN] - Take Screenshot "View_detail_NonCutomer.png"

2020-10-28 17:57:46 - [TEST_STEP][NOT_RUN] - Verify Slik Result Detail Link: Verify Slik Result Detail Link

2020-10-28 17:57:46 - [MESSAGE][NOT_RUN] - Verify Slik Result Detail Link

2020-10-28 17:57:46 - [TEST_STEP][NOT_RUN] - Click button "Logout": Click button "Logout"

2020-10-28 17:57:46 - [MESSAGE][NOT_RUN] - Click button "Logout"

2020-10-28 17:57:46 - [TEST_STEP][NOT_RUN] - Close browser: Close browser

2020-10-28 17:57:46 - [MESSAGE][NOT_RUN] - Close browser

2020-10-28 17:57:46 - [MESSAGE][FAILED] - Feature file 'Include/features/IST_Real/SLIK/SLIK Gateway Non Customer/SLIK_Gateway_Non_Customer_View_Detail_when_Status_NOT_APPROVED.feature' was failed

2020-10-28 17:57:46 - [MESSAGE][FAILED] - Keyword runFeatureFile was failed (Root cause: com.kms.katalon.core.exception.StepFailedException: Feature file 'Include/features/IST_Real/SLIK/SLIK Gateway Non Customer/SLIK_Gateway_Non_Customer_View_Detail_when_Status_NOT_APPROVED.feature' was failed
	at com.kms.katalon.core.keyword.internal.KeywordMain.stepFailed(KeywordMain.groovy:50)
	at com.kms.katalon.core.keyword.internal.KeywordMain.stepFailed(KeywordMain.groovy)
	at com.kms.katalon.core.keyword.internal.KeywordMain.stepFailed(KeywordMain.groovy:23)
	at com.kms.katalon.core.keyword.internal.KeywordMain$stepFailed$0.call(Unknown Source)
	at com.kms.katalon.core.cucumber.keyword.CucumberBuiltinKeywords$_runFeatureFile_closure1.doCall(CucumberBuiltinKeywords.groovy:82)
	at com.kms.katalon.core.cucumber.keyword.CucumberBuiltinKeywords$_runFeatureFile_closure1.doCall(CucumberBuiltinKeywords.groovy)
	at com.kms.katalon.core.keyword.internal.KeywordMain.runKeyword(KeywordMain.groovy:68)
	at com.kms.katalon.core.keyword.internal.KeywordMain$runKeyword.call(Unknown Source)
	at com.kms.katalon.core.cucumber.keyword.CucumberBuiltinKeywords.runFeatureFile(CucumberBuiltinKeywords.groovy:46)
	at com.kms.katalon.core.cucumber.keyword.CucumberBuiltinKeywords$runFeatureFile$0.callStatic(Unknown Source)
	at com.kms.katalon.core.cucumber.keyword.CucumberBuiltinKeywords.runFeatureFile(CucumberBuiltinKeywords.groovy:169)
	at com.kms.katalon.core.cucumber.keyword.CucumberBuiltinKeywords$runFeatureFile.call(Unknown Source)
	at SLIK Gateway Non Customer View Detail when Status NOT_APPROVED.run(SLIK Gateway Non Customer View Detail when Status NOT_APPROVED:18)
	at com.kms.katalon.core.main.ScriptEngine.run(ScriptEngine.java:194)
	at com.kms.katalon.core.main.ScriptEngine.runScriptAsRawText(ScriptEngine.java:119)
	at com.kms.katalon.core.main.TestCaseExecutor.runScript(TestCaseExecutor.java:339)
	at com.kms.katalon.core.main.TestCaseExecutor.doExecute(TestCaseExecutor.java:330)
	at com.kms.katalon.core.main.TestCaseExecutor.processExecutionPhase(TestCaseExecutor.java:309)
	at com.kms.katalon.core.main.TestCaseExecutor.accessMainPhase(TestCaseExecutor.java:301)
	at com.kms.katalon.core.main.TestCaseExecutor.execute(TestCaseExecutor.java:235)
	at com.kms.katalon.core.main.TestSuiteExecutor.accessTestCaseMainPhase(TestSuiteExecutor.java:191)
	at com.kms.katalon.core.main.TestSuiteExecutor.accessTestSuiteMainPhase(TestSuiteExecutor.java:141)
	at com.kms.katalon.core.main.TestSuiteExecutor.execute(TestSuiteExecutor.java:90)
	at com.kms.katalon.core.main.TestCaseMain.startTestSuite(TestCaseMain.java:157)
	at com.kms.katalon.core.main.TestCaseMain$startTestSuite$0.call(Unknown Source)
	at TempTestSuite1603882106321.run(TempTestSuite1603882106321.groovy:39)
)]]></system-out>
         <system-err><![CDATA[2020-10-28 17:56:51 - [TEST_CASE][FAILED] - Test Cases/IST_Real/SLIK/SLIK_Gateway_Non_Customer/SLIK Gateway Non Customer View Detail when Status NOT_APPROVED: Test Cases/IST_Real/SLIK/SLIK_Gateway_Non_Customer/SLIK Gateway Non Customer View Detail when Status NOT_APPROVED FAILED.
Reason:
com.kms.katalon.core.exception.StepFailedException: Feature file 'Include/features/IST_Real/SLIK/SLIK Gateway Non Customer/SLIK_Gateway_Non_Customer_View_Detail_when_Status_NOT_APPROVED.feature' was failed
	at com.kms.katalon.core.keyword.internal.KeywordMain.stepFailed(KeywordMain.groovy:50)
	at com.kms.katalon.core.keyword.internal.KeywordMain.stepFailed(KeywordMain.groovy)
	at com.kms.katalon.core.keyword.internal.KeywordMain.stepFailed(KeywordMain.groovy:23)
	at com.kms.katalon.core.keyword.internal.KeywordMain$stepFailed$0.call(Unknown Source)
	at com.kms.katalon.core.cucumber.keyword.CucumberBuiltinKeywords$_runFeatureFile_closure1.doCall(CucumberBuiltinKeywords.groovy:82)
	at com.kms.katalon.core.cucumber.keyword.CucumberBuiltinKeywords$_runFeatureFile_closure1.doCall(CucumberBuiltinKeywords.groovy)
	at com.kms.katalon.core.keyword.internal.KeywordMain.runKeyword(KeywordMain.groovy:68)
	at com.kms.katalon.core.keyword.internal.KeywordMain$runKeyword.call(Unknown Source)
	at com.kms.katalon.core.cucumber.keyword.CucumberBuiltinKeywords.runFeatureFile(CucumberBuiltinKeywords.groovy:46)
	at com.kms.katalon.core.cucumber.keyword.CucumberBuiltinKeywords$runFeatureFile$0.callStatic(Unknown Source)
	at com.kms.katalon.core.cucumber.keyword.CucumberBuiltinKeywords.runFeatureFile(CucumberBuiltinKeywords.groovy:169)
	at com.kms.katalon.core.cucumber.keyword.CucumberBuiltinKeywords$runFeatureFile.call(Unknown Source)
	at SLIK Gateway Non Customer View Detail when Status NOT_APPROVED.run(SLIK Gateway Non Customer View Detail when Status NOT_APPROVED:18)
	at com.kms.katalon.core.main.ScriptEngine.run(ScriptEngine.java:194)
	at com.kms.katalon.core.main.ScriptEngine.runScriptAsRawText(ScriptEngine.java:119)
	at com.kms.katalon.core.main.TestCaseExecutor.runScript(TestCaseExecutor.java:339)
	at com.kms.katalon.core.main.TestCaseExecutor.doExecute(TestCaseExecutor.java:330)
	at com.kms.katalon.core.main.TestCaseExecutor.processExecutionPhase(TestCaseExecutor.java:309)
	at com.kms.katalon.core.main.TestCaseExecutor.accessMainPhase(TestCaseExecutor.java:301)
	at com.kms.katalon.core.main.TestCaseExecutor.execute(TestCaseExecutor.java:235)
	at com.kms.katalon.core.main.TestSuiteExecutor.accessTestCaseMainPhase(TestSuiteExecutor.java:191)
	at com.kms.katalon.core.main.TestSuiteExecutor.accessTestSuiteMainPhase(TestSuiteExecutor.java:141)
	at com.kms.katalon.core.main.TestSuiteExecutor.execute(TestSuiteExecutor.java:90)
	at com.kms.katalon.core.main.TestCaseMain.startTestSuite(TestCaseMain.java:157)
	at com.kms.katalon.core.main.TestCaseMain$startTestSuite$0.call(Unknown Source)
	at TempTestSuite1603882106321.run(TempTestSuite1603882106321.groovy:39)]]></system-err>
      </testcase>
      <testcase name="Test Cases/IST_Real/SLIK/SLIK_Gateway_Non_Customer/SLIK Gateway Non Customer Search By DateStart DateEnd" time="18.382" classname="Test Cases/IST_Real/SLIK/SLIK_Gateway_Non_Customer/SLIK Gateway Non Customer Search By DateStart DateEnd" status="FAILED">
         <failure type="FAILED" message="Test Cases/IST_Real/SLIK/SLIK_Gateway_Non_Customer/SLIK Gateway Non Customer Search By DateStart DateEnd FAILED.
Reason:
com.kms.katalon.core.exception.StepFailedException: Feature file 'Include/features/IST_Real/SLIK/SLIK Gateway Non Customer/SLIK_Gateway_Non_Customer_Search_By_DateStart_DateEnd.feature' was failed
	at com.kms.katalon.core.keyword.internal.KeywordMain.stepFailed(KeywordMain.groovy:50)
	at com.kms.katalon.core.keyword.internal.KeywordMain.stepFailed(KeywordMain.groovy)
	at com.kms.katalon.core.keyword.internal.KeywordMain.stepFailed(KeywordMain.groovy:23)
	at com.kms.katalon.core.keyword.internal.KeywordMain$stepFailed$0.call(Unknown Source)
	at com.kms.katalon.core.cucumber.keyword.CucumberBuiltinKeywords$_runFeatureFile_closure1.doCall(CucumberBuiltinKeywords.groovy:82)
	at com.kms.katalon.core.cucumber.keyword.CucumberBuiltinKeywords$_runFeatureFile_closure1.doCall(CucumberBuiltinKeywords.groovy)
	at com.kms.katalon.core.keyword.internal.KeywordMain.runKeyword(KeywordMain.groovy:68)
	at com.kms.katalon.core.keyword.internal.KeywordMain$runKeyword.call(Unknown Source)
	at com.kms.katalon.core.cucumber.keyword.CucumberBuiltinKeywords.runFeatureFile(CucumberBuiltinKeywords.groovy:46)
	at com.kms.katalon.core.cucumber.keyword.CucumberBuiltinKeywords$runFeatureFile$0.callStatic(Unknown Source)
	at com.kms.katalon.core.cucumber.keyword.CucumberBuiltinKeywords.runFeatureFile(CucumberBuiltinKeywords.groovy:169)
	at com.kms.katalon.core.cucumber.keyword.CucumberBuiltinKeywords$runFeatureFile.call(Unknown Source)
	at SLIK Gateway Non Customer Search By DateStart DateEnd.run(SLIK Gateway Non Customer Search By DateStart DateEnd:18)
	at com.kms.katalon.core.main.ScriptEngine.run(ScriptEngine.java:194)
	at com.kms.katalon.core.main.ScriptEngine.runScriptAsRawText(ScriptEngine.java:119)
	at com.kms.katalon.core.main.TestCaseExecutor.runScript(TestCaseExecutor.java:339)
	at com.kms.katalon.core.main.TestCaseExecutor.doExecute(TestCaseExecutor.java:330)
	at com.kms.katalon.core.main.TestCaseExecutor.processExecutionPhase(TestCaseExecutor.java:309)
	at com.kms.katalon.core.main.TestCaseExecutor.accessMainPhase(TestCaseExecutor.java:301)
	at com.kms.katalon.core.main.TestCaseExecutor.execute(TestCaseExecutor.java:235)
	at com.kms.katalon.core.main.TestSuiteExecutor.accessTestCaseMainPhase(TestSuiteExecutor.java:191)
	at com.kms.katalon.core.main.TestSuiteExecutor.accessTestSuiteMainPhase(TestSuiteExecutor.java:141)
	at com.kms.katalon.core.main.TestSuiteExecutor.execute(TestSuiteExecutor.java:90)
	at com.kms.katalon.core.main.TestCaseMain.startTestSuite(TestCaseMain.java:157)
	at com.kms.katalon.core.main.TestCaseMain$startTestSuite$0.call(Unknown Source)
	at TempTestSuite1603882106321.run(TempTestSuite1603882106321.groovy:39)
"/>
         <system-out><![CDATA[2020-10-28 17:57:46 - [TEST_CASE][FAILED] - Test Cases/IST_Real/SLIK/SLIK_Gateway_Non_Customer/SLIK Gateway Non Customer Search By DateStart DateEnd: Test Cases/IST_Real/SLIK/SLIK_Gateway_Non_Customer/SLIK Gateway Non Customer Search By DateStart DateEnd FAILED.
Reason:
com.kms.katalon.core.exception.StepFailedException: Feature file 'Include/features/IST_Real/SLIK/SLIK Gateway Non Customer/SLIK_Gateway_Non_Customer_Search_By_DateStart_DateEnd.feature' was failed
	at com.kms.katalon.core.keyword.internal.KeywordMain.stepFailed(KeywordMain.groovy:50)
	at com.kms.katalon.core.keyword.internal.KeywordMain.stepFailed(KeywordMain.groovy)
	at com.kms.katalon.core.keyword.internal.KeywordMain.stepFailed(KeywordMain.groovy:23)
	at com.kms.katalon.core.keyword.internal.KeywordMain$stepFailed$0.call(Unknown Source)
	at com.kms.katalon.core.cucumber.keyword.CucumberBuiltinKeywords$_runFeatureFile_closure1.doCall(CucumberBuiltinKeywords.groovy:82)
	at com.kms.katalon.core.cucumber.keyword.CucumberBuiltinKeywords$_runFeatureFile_closure1.doCall(CucumberBuiltinKeywords.groovy)
	at com.kms.katalon.core.keyword.internal.KeywordMain.runKeyword(KeywordMain.groovy:68)
	at com.kms.katalon.core.keyword.internal.KeywordMain$runKeyword.call(Unknown Source)
	at com.kms.katalon.core.cucumber.keyword.CucumberBuiltinKeywords.runFeatureFile(CucumberBuiltinKeywords.groovy:46)
	at com.kms.katalon.core.cucumber.keyword.CucumberBuiltinKeywords$runFeatureFile$0.callStatic(Unknown Source)
	at com.kms.katalon.core.cucumber.keyword.CucumberBuiltinKeywords.runFeatureFile(CucumberBuiltinKeywords.groovy:169)
	at com.kms.katalon.core.cucumber.keyword.CucumberBuiltinKeywords$runFeatureFile.call(Unknown Source)
	at SLIK Gateway Non Customer Search By DateStart DateEnd.run(SLIK Gateway Non Customer Search By DateStart DateEnd:18)
	at com.kms.katalon.core.main.ScriptEngine.run(ScriptEngine.java:194)
	at com.kms.katalon.core.main.ScriptEngine.runScriptAsRawText(ScriptEngine.java:119)
	at com.kms.katalon.core.main.TestCaseExecutor.runScript(TestCaseExecutor.java:339)
	at com.kms.katalon.core.main.TestCaseExecutor.doExecute(TestCaseExecutor.java:330)
	at com.kms.katalon.core.main.TestCaseExecutor.processExecutionPhase(TestCaseExecutor.java:309)
	at com.kms.katalon.core.main.TestCaseExecutor.accessMainPhase(TestCaseExecutor.java:301)
	at com.kms.katalon.core.main.TestCaseExecutor.execute(TestCaseExecutor.java:235)
	at com.kms.katalon.core.main.TestSuiteExecutor.accessTestCaseMainPhase(TestSuiteExecutor.java:191)
	at com.kms.katalon.core.main.TestSuiteExecutor.accessTestSuiteMainPhase(TestSuiteExecutor.java:141)
	at com.kms.katalon.core.main.TestSuiteExecutor.execute(TestSuiteExecutor.java:90)
	at com.kms.katalon.core.main.TestCaseMain.startTestSuite(TestCaseMain.java:157)
	at com.kms.katalon.core.main.TestCaseMain$startTestSuite$0.call(Unknown Source)
	at TempTestSuite1603882106321.run(TempTestSuite1603882106321.groovy:39)


2020-10-28 17:57:46 - [TEST_STEP][FAILED] - runFeatureFile("Include/features/IST_Real/SLIK/SLIK Gateway Non Customer/SLIK_Gateway_Non_Customer_Search_By_DateStart_DateEnd.feature"): Keyword runFeatureFile was failed (Root cause: com.kms.katalon.core.exception.StepFailedException: Feature file 'Include/features/IST_Real/SLIK/SLIK Gateway Non Customer/SLIK_Gateway_Non_Customer_Search_By_DateStart_DateEnd.feature' was failed
	at com.kms.katalon.core.keyword.internal.KeywordMain.stepFailed(KeywordMain.groovy:50)
	at com.kms.katalon.core.keyword.internal.KeywordMain.stepFailed(KeywordMain.groovy)
	at com.kms.katalon.core.keyword.internal.KeywordMain.stepFailed(KeywordMain.groovy:23)
	at com.kms.katalon.core.keyword.internal.KeywordMain$stepFailed$0.call(Unknown Source)
	at com.kms.katalon.core.cucumber.keyword.CucumberBuiltinKeywords$_runFeatureFile_closure1.doCall(CucumberBuiltinKeywords.groovy:82)
	at com.kms.katalon.core.cucumber.keyword.CucumberBuiltinKeywords$_runFeatureFile_closure1.doCall(CucumberBuiltinKeywords.groovy)
	at com.kms.katalon.core.keyword.internal.KeywordMain.runKeyword(KeywordMain.groovy:68)
	at com.kms.katalon.core.keyword.internal.KeywordMain$runKeyword.call(Unknown Source)
	at com.kms.katalon.core.cucumber.keyword.CucumberBuiltinKeywords.runFeatureFile(CucumberBuiltinKeywords.groovy:46)
	at com.kms.katalon.core.cucumber.keyword.CucumberBuiltinKeywords$runFeatureFile$0.callStatic(Unknown Source)
	at com.kms.katalon.core.cucumber.keyword.CucumberBuiltinKeywords.runFeatureFile(CucumberBuiltinKeywords.groovy:169)
	at com.kms.katalon.core.cucumber.keyword.CucumberBuiltinKeywords$runFeatureFile.call(Unknown Source)
	at SLIK Gateway Non Customer Search By DateStart DateEnd.run(SLIK Gateway Non Customer Search By DateStart DateEnd:18)
	at com.kms.katalon.core.main.ScriptEngine.run(ScriptEngine.java:194)
	at com.kms.katalon.core.main.ScriptEngine.runScriptAsRawText(ScriptEngine.java:119)
	at com.kms.katalon.core.main.TestCaseExecutor.runScript(TestCaseExecutor.java:339)
	at com.kms.katalon.core.main.TestCaseExecutor.doExecute(TestCaseExecutor.java:330)
	at com.kms.katalon.core.main.TestCaseExecutor.processExecutionPhase(TestCaseExecutor.java:309)
	at com.kms.katalon.core.main.TestCaseExecutor.accessMainPhase(TestCaseExecutor.java:301)
	at com.kms.katalon.core.main.TestCaseExecutor.execute(TestCaseExecutor.java:235)
	at com.kms.katalon.core.main.TestSuiteExecutor.accessTestCaseMainPhase(TestSuiteExecutor.java:191)
	at com.kms.katalon.core.main.TestSuiteExecutor.accessTestSuiteMainPhase(TestSuiteExecutor.java:141)
	at com.kms.katalon.core.main.TestSuiteExecutor.execute(TestSuiteExecutor.java:90)
	at com.kms.katalon.core.main.TestCaseMain.startTestSuite(TestCaseMain.java:157)
	at com.kms.katalon.core.main.TestCaseMain$startTestSuite$0.call(Unknown Source)
	at TempTestSuite1603882106321.run(TempTestSuite1603882106321.groovy:39)
)

2020-10-28 17:57:46 - [MESSAGE][INFO] - Starting run keyword runFeatureFile: 'Include/features/IST_Real/SLIK/SLIK Gateway Non Customer/SLIK_Gateway_Non_Customer_Search_By_DateStart_DateEnd.feature' and extract report to folder: '/Users/chaidir.pratama01/Katalon Studio/IST_Automation_Git/Reports/20201028_174826/SLIK/TS_SLIK_Gateway_Non_Customer/20201028_174826/cucumber_report/1603882666974'...

2020-10-28 17:57:47 - [TEST_CASE][FAILED] - Start Test Case : SCENARIO Search Result by Date Start and Date End: SCENARIO Search Result by Date Start and Date End FAILED.
Reason:
com.kms.katalon.core.exception.StepFailedException: Unable to verify object '' is present
	at com.kms.katalon.core.webui.keyword.internal.WebUIKeywordMain.stepFailed(WebUIKeywordMain.groovy:64)
	at com.kms.katalon.core.webui.keyword.internal.WebUIKeywordMain.runKeyword(WebUIKeywordMain.groovy:26)
	at com.kms.katalon.core.webui.keyword.builtin.VerifyElementPresentKeyword.verifyElementPresent(VerifyElementPresentKeyword.groovy:92)
	at com.kms.katalon.core.webui.keyword.builtin.VerifyElementPresentKeyword.execute(VerifyElementPresentKeyword.groovy:68)
	at com.kms.katalon.core.keyword.internal.KeywordExecutor.executeKeywordForPlatform(KeywordExecutor.groovy:73)
	at com.kms.katalon.core.webui.keyword.WebUiBuiltInKeywords.verifyElementPresent(WebUiBuiltInKeywords.groovy:1444)
	at com.kms.katalon.core.webui.keyword.WebUiBuiltInKeywords$verifyElementPresent$9.call(Unknown Source)
	at Slik_Script.Verify_date(Slik_Script.groovy:405)
	at ✽.Verify Search Result Based on Created Date(/Users/chaidir.pratama01/Katalon Studio/IST_Automation_Git/Include/features/IST_Real/SLIK/SLIK Gateway Non Customer/SLIK_Gateway_Non_Customer_Search_By_DateStart_DateEnd.feature:33)
Caused by: com.kms.katalon.core.exception.StepFailedException: com.kms.katalon.core.webui.exception.WebElementNotFoundException: Web element with id: '' located by '//span[text()='Search Result']/../../../following-sibling::div[@class='z-groupbox-content']/div[@class='z-grid']/div[@class='z-grid-body']/table/tbody/tr/td[4]/div/span' not found
	at com.kms.katalon.core.webui.keyword.internal.WebUIKeywordMain.stepFailed(WebUIKeywordMain.groovy:64)
	at com.kms.katalon.core.webui.keyword.builtin.VerifyElementPresentKeyword$_verifyElementPresent_closure1.doCall(VerifyElementPresentKeyword.groovy:85)
	at com.kms.katalon.core.webui.keyword.builtin.VerifyElementPresentKeyword$_verifyElementPresent_closure1.call(VerifyElementPresentKeyword.groovy)
	at com.kms.katalon.core.webui.keyword.internal.WebUIKeywordMain.runKeyword(WebUIKeywordMain.groovy:20)
	at com.kms.katalon.core.webui.keyword.builtin.VerifyElementPresentKeyword.verifyElementPresent(VerifyElementPresentKeyword.groovy:92)
	at com.kms.katalon.core.webui.keyword.builtin.VerifyElementPresentKeyword.execute(VerifyElementPresentKeyword.groovy:68)
	at com.kms.katalon.core.keyword.internal.KeywordExecutor.executeKeywordForPlatform(KeywordExecutor.groovy:73)
	at com.kms.katalon.core.webui.keyword.WebUiBuiltInKeywords.verifyElementPresent(WebUiBuiltInKeywords.groovy:1444)
	at com.kms.katalon.core.webui.keyword.WebUiBuiltInKeywords$verifyElementPresent$9.call(Unknown Source)
	at Slik_Script.Verify_date(Slik_Script.groovy:405)
	at cucumber.runtime.Utils$1.call(Utils.java:26)
	at cucumber.runtime.Timeout.timeout(Timeout.java:16)
	at cucumber.runtime.Utils.invoke(Utils.java:20)
	at cucumber.runtime.java.JavaStepDefinition.execute(JavaStepDefinition.java:48)
	at cucumber.runtime.PickleStepDefinitionMatch.runStep(PickleStepDefinitionMatch.java:50)
	at cucumber.runner.TestStep.executeStep(TestStep.java:55)
	at cucumber.runner.TestStep.run(TestStep.java:42)
	at cucumber.runner.PickleStepTestStep.run(PickleStepTestStep.java:53)
	at cucumber.runner.TestCase.run(TestCase.java:47)
	at cucumber.runner.Runner.runPickle(Runner.java:44)
	at cucumber.runtime.Runtime.runFeature(Runtime.java:120)
	at cucumber.runtime.Runtime.run(Runtime.java:106)
	at cucumber.api.cli.Main.run(Main.java:35)
	at cucumber.api.cli.Main$run.call(Unknown Source)
	at com.kms.katalon.core.cucumber.keyword.CucumberBuiltinKeywords$_runFeatureFile_closure1.doCall(CucumberBuiltinKeywords.groovy:76)
	at com.kms.katalon.core.cucumber.keyword.CucumberBuiltinKeywords$_runFeatureFile_closure1.doCall(CucumberBuiltinKeywords.groovy)
	at com.kms.katalon.core.keyword.internal.KeywordMain.runKeyword(KeywordMain.groovy:68)
	at com.kms.katalon.core.keyword.internal.KeywordMain$runKeyword.call(Unknown Source)
	at com.kms.katalon.core.cucumber.keyword.CucumberBuiltinKeywords.runFeatureFile(CucumberBuiltinKeywords.groovy:46)
	at com.kms.katalon.core.cucumber.keyword.CucumberBuiltinKeywords$runFeatureFile$0.callStatic(Unknown Source)
	at com.kms.katalon.core.cucumber.keyword.CucumberBuiltinKeywords.runFeatureFile(CucumberBuiltinKeywords.groovy:169)
	at com.kms.katalon.core.cucumber.keyword.CucumberBuiltinKeywords$runFeatureFile.call(Unknown Source)
	at SLIK Gateway Non Customer Search By DateStart DateEnd.run(SLIK Gateway Non Customer Search By DateStart DateEnd:18)
	at com.kms.katalon.core.main.ScriptEngine.run(ScriptEngine.java:194)
	at com.kms.katalon.core.main.ScriptEngine.runScriptAsRawText(ScriptEngine.java:119)
	at com.kms.katalon.core.main.TestCaseExecutor.runScript(TestCaseExecutor.java:339)
	at com.kms.katalon.core.main.TestCaseExecutor.doExecute(TestCaseExecutor.java:330)
	at com.kms.katalon.core.main.TestCaseExecutor.processExecutionPhase(TestCaseExecutor.java:309)
	at com.kms.katalon.core.main.TestCaseExecutor.accessMainPhase(TestCaseExecutor.java:301)
	at com.kms.katalon.core.main.TestCaseExecutor.execute(TestCaseExecutor.java:235)
	at com.kms.katalon.core.main.TestSuiteExecutor.accessTestCaseMainPhase(TestSuiteExecutor.java:191)
	at com.kms.katalon.core.main.TestSuiteExecutor.accessTestSuiteMainPhase(TestSuiteExecutor.java:141)
	at com.kms.katalon.core.main.TestSuiteExecutor.execute(TestSuiteExecutor.java:90)
	at com.kms.katalon.core.main.TestCaseMain.startTestSuite(TestCaseMain.java:157)
	at com.kms.katalon.core.main.TestCaseMain$startTestSuite$0.call(Unknown Source)
	at TempTestSuite1603882106321.run(TempTestSuite1603882106321.groovy:39)


2020-10-28 17:57:47 - [TEST_STEP][PASSED] - Go to ISTools: Go to ISTools

2020-10-28 17:57:47 - [MESSAGE][WARNING] - A browser is already opened. Closing browser and opening a new one

2020-10-28 17:57:47 - [MESSAGE][INFO] - Starting 'Chrome' driver

2020-10-28 17:57:47 - [MESSAGE][INFO] - User set preference: ['AcceptInsecureCerts', 'true']

2020-10-28 17:57:47 - [MESSAGE][INFO] - User set preference: ['args', '[ignore-certificate-errors]']

2020-10-28 17:57:47 - [MESSAGE][INFO] - Action delay is set to 0 milliseconds

2020-10-28 17:57:48 - [MESSAGE][PASSED] - Browser is opened with url: ''

2020-10-28 17:57:49 - [MESSAGE][PASSED] - Navigate to 'https://id-ist01preprod.id.nonprod/ist/' successfully

2020-10-28 17:57:49 - [MESSAGE][PASSED] - Go to ISTools

2020-10-28 17:57:49 - [TEST_STEP][PASSED] - Login IST with valid credentials: Login IST with valid credentials

2020-10-28 17:57:50 - [MESSAGE][PASSED] - Text 'mobile.test' is set on object 'Object Repository/Page_/input_Username_j_username'

2020-10-28 17:57:50 - [MESSAGE][PASSED] - Text ****** has been set on object 'Object Repository/Page_/input_Password_j_password'

2020-10-28 17:57:50 - [MESSAGE][PASSED] - Object: 'Object Repository/Page_/button_Login' is clicked on

2020-10-28 17:57:50 - [MESSAGE][PASSED] - Login IST with valid credentials

2020-10-28 17:57:50 - [TEST_STEP][PASSED] - Login Success for contract dispatcher: Login Success for contract dispatcher

2020-10-28 17:57:50 - [MESSAGE][INFO] - Login Success

2020-10-28 17:57:51 - [MESSAGE][PASSED] - Current window maximized

2020-10-28 17:57:51 - [MESSAGE][PASSED] - Object 'Object Repository/Page_/h1_Welcome to IT Supporting Tools' is present

2020-10-28 17:57:51 - [MESSAGE][PASSED] - Login Success for contract dispatcher

2020-10-28 17:57:51 - [TEST_STEP][PASSED] - Select Menu SLIK Gateway NonCustomer: Select Menu SLIK Gateway NonCustomer

2020-10-28 17:57:51 - [MESSAGE][PASSED] - Object '' is present

2020-10-28 17:57:51 - [MESSAGE][PASSED] - Object: '' is clicked on

2020-10-28 17:57:51 - [MESSAGE][PASSED] - Wait for page load successfully

2020-10-28 17:57:51 - [MESSAGE][PASSED] - Select Menu SLIK Gateway NonCustomer

2020-10-28 17:57:51 - [TEST_STEP][PASSED] - Set Start Date with value "01-10-2020" and End Date with value "30-12-2020": Set Start Date with value "01-10-2020" and End Date with value "30-12-2020"

2020-10-28 17:57:52 - [MESSAGE][PASSED] - Scroll to object '' successfully

2020-10-28 17:57:52 - [MESSAGE][PASSED] - Object '' is present

2020-10-28 17:57:53 - [MESSAGE][PASSED] - Text '01-10-2020' is set on object ''

2020-10-28 17:57:53 - [MESSAGE][PASSED] - Object '' is present

2020-10-28 17:57:54 - [MESSAGE][PASSED] - Text '30-12-2020' is set on object ''

2020-10-28 17:57:54 - [MESSAGE][PASSED] - Set Start Date with value "01-10-2020" and End Date with value "30-12-2020"

2020-10-28 17:57:54 - [TEST_STEP][PASSED] - Click button "Search": Click button "Search"

2020-10-28 17:57:54 - [MESSAGE][INFO] - >>>>>//Button[contains(text(),'Search')]

2020-10-28 17:57:57 - [MESSAGE][PASSED] - Object: '' is clicked on

2020-10-28 17:57:57 - [MESSAGE][PASSED] - Click button "Search"

2020-10-28 17:57:57 - [TEST_STEP][FAILED] - Verify Search Result Based on Created Date: Verify Search Result Based on Created Date FAILED.
Reason:
com.kms.katalon.core.exception.StepFailedException: Unable to verify object '' is present
	at com.kms.katalon.core.webui.keyword.internal.WebUIKeywordMain.stepFailed(WebUIKeywordMain.groovy:64)
	at com.kms.katalon.core.webui.keyword.internal.WebUIKeywordMain.runKeyword(WebUIKeywordMain.groovy:26)
	at com.kms.katalon.core.webui.keyword.builtin.VerifyElementPresentKeyword.verifyElementPresent(VerifyElementPresentKeyword.groovy:92)
	at com.kms.katalon.core.webui.keyword.builtin.VerifyElementPresentKeyword.execute(VerifyElementPresentKeyword.groovy:68)
	at com.kms.katalon.core.keyword.internal.KeywordExecutor.executeKeywordForPlatform(KeywordExecutor.groovy:73)
	at com.kms.katalon.core.webui.keyword.WebUiBuiltInKeywords.verifyElementPresent(WebUiBuiltInKeywords.groovy:1444)
	at com.kms.katalon.core.webui.keyword.WebUiBuiltInKeywords$verifyElementPresent$9.call(Unknown Source)
	at Slik_Script.Verify_date(Slik_Script.groovy:405)
	at ✽.Verify Search Result Based on Created Date(/Users/chaidir.pratama01/Katalon Studio/IST_Automation_Git/Include/features/IST_Real/SLIK/SLIK Gateway Non Customer/SLIK_Gateway_Non_Customer_Search_By_DateStart_DateEnd.feature:33)
Caused by: com.kms.katalon.core.exception.StepFailedException: com.kms.katalon.core.webui.exception.WebElementNotFoundException: Web element with id: '' located by '//span[text()='Search Result']/../../../following-sibling::div[@class='z-groupbox-content']/div[@class='z-grid']/div[@class='z-grid-body']/table/tbody/tr/td[4]/div/span' not found
	at com.kms.katalon.core.webui.keyword.internal.WebUIKeywordMain.stepFailed(WebUIKeywordMain.groovy:64)
	at com.kms.katalon.core.webui.keyword.builtin.VerifyElementPresentKeyword$_verifyElementPresent_closure1.doCall(VerifyElementPresentKeyword.groovy:85)
	at com.kms.katalon.core.webui.keyword.builtin.VerifyElementPresentKeyword$_verifyElementPresent_closure1.call(VerifyElementPresentKeyword.groovy)
	at com.kms.katalon.core.webui.keyword.internal.WebUIKeywordMain.runKeyword(WebUIKeywordMain.groovy:20)
	at com.kms.katalon.core.webui.keyword.builtin.VerifyElementPresentKeyword.verifyElementPresent(VerifyElementPresentKeyword.groovy:92)
	at com.kms.katalon.core.webui.keyword.builtin.VerifyElementPresentKeyword.execute(VerifyElementPresentKeyword.groovy:68)
	at com.kms.katalon.core.keyword.internal.KeywordExecutor.executeKeywordForPlatform(KeywordExecutor.groovy:73)
	at com.kms.katalon.core.webui.keyword.WebUiBuiltInKeywords.verifyElementPresent(WebUiBuiltInKeywords.groovy:1444)
	at com.kms.katalon.core.webui.keyword.WebUiBuiltInKeywords$verifyElementPresent$9.call(Unknown Source)
	at Slik_Script.Verify_date(Slik_Script.groovy:405)
	at cucumber.runtime.Utils$1.call(Utils.java:26)
	at cucumber.runtime.Timeout.timeout(Timeout.java:16)
	at cucumber.runtime.Utils.invoke(Utils.java:20)
	at cucumber.runtime.java.JavaStepDefinition.execute(JavaStepDefinition.java:48)
	at cucumber.runtime.PickleStepDefinitionMatch.runStep(PickleStepDefinitionMatch.java:50)
	at cucumber.runner.TestStep.executeStep(TestStep.java:55)
	at cucumber.runner.TestStep.run(TestStep.java:42)
	at cucumber.runner.PickleStepTestStep.run(PickleStepTestStep.java:53)
	at cucumber.runner.TestCase.run(TestCase.java:47)
	at cucumber.runner.Runner.runPickle(Runner.java:44)
	at cucumber.runtime.Runtime.runFeature(Runtime.java:120)
	at cucumber.runtime.Runtime.run(Runtime.java:106)
	at cucumber.api.cli.Main.run(Main.java:35)
	at cucumber.api.cli.Main$run.call(Unknown Source)
	at com.kms.katalon.core.cucumber.keyword.CucumberBuiltinKeywords$_runFeatureFile_closure1.doCall(CucumberBuiltinKeywords.groovy:76)
	at com.kms.katalon.core.cucumber.keyword.CucumberBuiltinKeywords$_runFeatureFile_closure1.doCall(CucumberBuiltinKeywords.groovy)
	at com.kms.katalon.core.keyword.internal.KeywordMain.runKeyword(KeywordMain.groovy:68)
	at com.kms.katalon.core.keyword.internal.KeywordMain$runKeyword.call(Unknown Source)
	at com.kms.katalon.core.cucumber.keyword.CucumberBuiltinKeywords.runFeatureFile(CucumberBuiltinKeywords.groovy:46)
	at com.kms.katalon.core.cucumber.keyword.CucumberBuiltinKeywords$runFeatureFile$0.callStatic(Unknown Source)
	at com.kms.katalon.core.cucumber.keyword.CucumberBuiltinKeywords.runFeatureFile(CucumberBuiltinKeywords.groovy:169)
	at com.kms.katalon.core.cucumber.keyword.CucumberBuiltinKeywords$runFeatureFile.call(Unknown Source)
	at SLIK Gateway Non Customer Search By DateStart DateEnd.run(SLIK Gateway Non Customer Search By DateStart DateEnd:18)
	at com.kms.katalon.core.main.ScriptEngine.run(ScriptEngine.java:194)
	at com.kms.katalon.core.main.ScriptEngine.runScriptAsRawText(ScriptEngine.java:119)
	at com.kms.katalon.core.main.TestCaseExecutor.runScript(TestCaseExecutor.java:339)
	at com.kms.katalon.core.main.TestCaseExecutor.doExecute(TestCaseExecutor.java:330)
	at com.kms.katalon.core.main.TestCaseExecutor.processExecutionPhase(TestCaseExecutor.java:309)
	at com.kms.katalon.core.main.TestCaseExecutor.accessMainPhase(TestCaseExecutor.java:301)
	at com.kms.katalon.core.main.TestCaseExecutor.execute(TestCaseExecutor.java:235)
	at com.kms.katalon.core.main.TestSuiteExecutor.accessTestCaseMainPhase(TestSuiteExecutor.java:191)
	at com.kms.katalon.core.main.TestSuiteExecutor.accessTestSuiteMainPhase(TestSuiteExecutor.java:141)
	at com.kms.katalon.core.main.TestSuiteExecutor.execute(TestSuiteExecutor.java:90)
	at com.kms.katalon.core.main.TestCaseMain.startTestSuite(TestCaseMain.java:157)
	at com.kms.katalon.core.main.TestCaseMain$startTestSuite$0.call(Unknown Source)
	at TempTestSuite1603882106321.run(TempTestSuite1603882106321.groovy:39)


2020-10-28 17:58:04 - [MESSAGE][INFO] - Unable to find the element located by 'By.xpath: //span[text()='Search Result']/../../../following-sibling::div[@class='z-groupbox-content']/div[@class='z-grid']/div[@class='z-grid-body']/table/tbody/tr/td[4]/div/span'. Please recheck the objects properties to make sure the desired element is located. 

2020-10-28 17:58:04 - [MESSAGE][FAILED] - com.kms.katalon.core.webui.exception.WebElementNotFoundException: Web element with id: '' located by '//span[text()='Search Result']/../../../following-sibling::div[@class='z-groupbox-content']/div[@class='z-grid']/div[@class='z-grid-body']/table/tbody/tr/td[4]/div/span' not found (Root cause: com.kms.katalon.core.exception.StepFailedException: com.kms.katalon.core.webui.exception.WebElementNotFoundException: Web element with id: '' located by '//span[text()='Search Result']/../../../following-sibling::div[@class='z-groupbox-content']/div[@class='z-grid']/div[@class='z-grid-body']/table/tbody/tr/td[4]/div/span' not found
	at com.kms.katalon.core.webui.keyword.internal.WebUIKeywordMain.stepFailed(WebUIKeywordMain.groovy:64)
	at com.kms.katalon.core.webui.keyword.builtin.VerifyElementPresentKeyword$_verifyElementPresent_closure1.doCall(VerifyElementPresentKeyword.groovy:85)
	at com.kms.katalon.core.webui.keyword.builtin.VerifyElementPresentKeyword$_verifyElementPresent_closure1.call(VerifyElementPresentKeyword.groovy)
	at com.kms.katalon.core.webui.keyword.internal.WebUIKeywordMain.runKeyword(WebUIKeywordMain.groovy:20)
	at com.kms.katalon.core.webui.keyword.builtin.VerifyElementPresentKeyword.verifyElementPresent(VerifyElementPresentKeyword.groovy:92)
	at com.kms.katalon.core.webui.keyword.builtin.VerifyElementPresentKeyword.execute(VerifyElementPresentKeyword.groovy:68)
	at com.kms.katalon.core.keyword.internal.KeywordExecutor.executeKeywordForPlatform(KeywordExecutor.groovy:73)
	at com.kms.katalon.core.webui.keyword.WebUiBuiltInKeywords.verifyElementPresent(WebUiBuiltInKeywords.groovy:1444)
	at com.kms.katalon.core.webui.keyword.WebUiBuiltInKeywords$verifyElementPresent$9.call(Unknown Source)
	at Slik_Script.Verify_date(Slik_Script.groovy:405)
	at cucumber.runtime.Utils$1.call(Utils.java:26)
	at cucumber.runtime.Timeout.timeout(Timeout.java:16)
	at cucumber.runtime.Utils.invoke(Utils.java:20)
	at cucumber.runtime.java.JavaStepDefinition.execute(JavaStepDefinition.java:48)
	at cucumber.runtime.PickleStepDefinitionMatch.runStep(PickleStepDefinitionMatch.java:50)
	at cucumber.runner.TestStep.executeStep(TestStep.java:55)
	at cucumber.runner.TestStep.run(TestStep.java:42)
	at cucumber.runner.PickleStepTestStep.run(PickleStepTestStep.java:53)
	at cucumber.runner.TestCase.run(TestCase.java:47)
	at cucumber.runner.Runner.runPickle(Runner.java:44)
	at cucumber.runtime.Runtime.runFeature(Runtime.java:120)
	at cucumber.runtime.Runtime.run(Runtime.java:106)
	at cucumber.api.cli.Main.run(Main.java:35)
	at cucumber.api.cli.Main$run.call(Unknown Source)
	at com.kms.katalon.core.cucumber.keyword.CucumberBuiltinKeywords$_runFeatureFile_closure1.doCall(CucumberBuiltinKeywords.groovy:76)
	at com.kms.katalon.core.cucumber.keyword.CucumberBuiltinKeywords$_runFeatureFile_closure1.doCall(CucumberBuiltinKeywords.groovy)
	at com.kms.katalon.core.keyword.internal.KeywordMain.runKeyword(KeywordMain.groovy:68)
	at com.kms.katalon.core.keyword.internal.KeywordMain$runKeyword.call(Unknown Source)
	at com.kms.katalon.core.cucumber.keyword.CucumberBuiltinKeywords.runFeatureFile(CucumberBuiltinKeywords.groovy:46)
	at com.kms.katalon.core.cucumber.keyword.CucumberBuiltinKeywords$runFeatureFile$0.callStatic(Unknown Source)
	at com.kms.katalon.core.cucumber.keyword.CucumberBuiltinKeywords.runFeatureFile(CucumberBuiltinKeywords.groovy:169)
	at com.kms.katalon.core.cucumber.keyword.CucumberBuiltinKeywords$runFeatureFile.call(Unknown Source)
	at SLIK Gateway Non Customer Search By DateStart DateEnd.run(SLIK Gateway Non Customer Search By DateStart DateEnd:18)
	at com.kms.katalon.core.main.ScriptEngine.run(ScriptEngine.java:194)
	at com.kms.katalon.core.main.ScriptEngine.runScriptAsRawText(ScriptEngine.java:119)
	at com.kms.katalon.core.main.TestCaseExecutor.runScript(TestCaseExecutor.java:339)
	at com.kms.katalon.core.main.TestCaseExecutor.doExecute(TestCaseExecutor.java:330)
	at com.kms.katalon.core.main.TestCaseExecutor.processExecutionPhase(TestCaseExecutor.java:309)
	at com.kms.katalon.core.main.TestCaseExecutor.accessMainPhase(TestCaseExecutor.java:301)
	at com.kms.katalon.core.main.TestCaseExecutor.execute(TestCaseExecutor.java:235)
	at com.kms.katalon.core.main.TestSuiteExecutor.accessTestCaseMainPhase(TestSuiteExecutor.java:191)
	at com.kms.katalon.core.main.TestSuiteExecutor.accessTestSuiteMainPhase(TestSuiteExecutor.java:141)
	at com.kms.katalon.core.main.TestSuiteExecutor.execute(TestSuiteExecutor.java:90)
	at com.kms.katalon.core.main.TestCaseMain.startTestSuite(TestCaseMain.java:157)
	at com.kms.katalon.core.main.TestCaseMain$startTestSuite$0.call(Unknown Source)
	at TempTestSuite1603882106321.run(TempTestSuite1603882106321.groovy:39)
)
[[ATTACHMENT|/Users/chaidir.pratama01/Katalon Studio/IST_Automation_Git/Reports/20201028_174826/SLIK/TS_SLIK_Gateway_Non_Customer/20201028_174826/1603882684203.png]]

2020-10-28 17:58:05 - [MESSAGE][FAILED] - Unable to verify object '' is present (Root cause: com.kms.katalon.core.exception.StepFailedException: Unable to verify object '' is present
	at com.kms.katalon.core.webui.keyword.internal.WebUIKeywordMain.stepFailed(WebUIKeywordMain.groovy:64)
	at com.kms.katalon.core.webui.keyword.internal.WebUIKeywordMain.runKeyword(WebUIKeywordMain.groovy:26)
	at com.kms.katalon.core.webui.keyword.builtin.VerifyElementPresentKeyword.verifyElementPresent(VerifyElementPresentKeyword.groovy:92)
	at com.kms.katalon.core.webui.keyword.builtin.VerifyElementPresentKeyword.execute(VerifyElementPresentKeyword.groovy:68)
	at com.kms.katalon.core.keyword.internal.KeywordExecutor.executeKeywordForPlatform(KeywordExecutor.groovy:73)
	at com.kms.katalon.core.webui.keyword.WebUiBuiltInKeywords.verifyElementPresent(WebUiBuiltInKeywords.groovy:1444)
	at com.kms.katalon.core.webui.keyword.WebUiBuiltInKeywords$verifyElementPresent$9.call(Unknown Source)
	at Slik_Script.Verify_date(Slik_Script.groovy:405)
	at cucumber.runtime.Utils$1.call(Utils.java:26)
	at cucumber.runtime.Timeout.timeout(Timeout.java:16)
	at cucumber.runtime.Utils.invoke(Utils.java:20)
	at cucumber.runtime.java.JavaStepDefinition.execute(JavaStepDefinition.java:48)
	at cucumber.runtime.PickleStepDefinitionMatch.runStep(PickleStepDefinitionMatch.java:50)
	at cucumber.runner.TestStep.executeStep(TestStep.java:55)
	at cucumber.runner.TestStep.run(TestStep.java:42)
	at cucumber.runner.PickleStepTestStep.run(PickleStepTestStep.java:53)
	at cucumber.runner.TestCase.run(TestCase.java:47)
	at cucumber.runner.Runner.runPickle(Runner.java:44)
	at cucumber.runtime.Runtime.runFeature(Runtime.java:120)
	at cucumber.runtime.Runtime.run(Runtime.java:106)
	at cucumber.api.cli.Main.run(Main.java:35)
	at cucumber.api.cli.Main$run.call(Unknown Source)
	at com.kms.katalon.core.cucumber.keyword.CucumberBuiltinKeywords$_runFeatureFile_closure1.doCall(CucumberBuiltinKeywords.groovy:76)
	at com.kms.katalon.core.cucumber.keyword.CucumberBuiltinKeywords$_runFeatureFile_closure1.doCall(CucumberBuiltinKeywords.groovy)
	at com.kms.katalon.core.keyword.internal.KeywordMain.runKeyword(KeywordMain.groovy:68)
	at com.kms.katalon.core.keyword.internal.KeywordMain$runKeyword.call(Unknown Source)
	at com.kms.katalon.core.cucumber.keyword.CucumberBuiltinKeywords.runFeatureFile(CucumberBuiltinKeywords.groovy:46)
	at com.kms.katalon.core.cucumber.keyword.CucumberBuiltinKeywords$runFeatureFile$0.callStatic(Unknown Source)
	at com.kms.katalon.core.cucumber.keyword.CucumberBuiltinKeywords.runFeatureFile(CucumberBuiltinKeywords.groovy:169)
	at com.kms.katalon.core.cucumber.keyword.CucumberBuiltinKeywords$runFeatureFile.call(Unknown Source)
	at SLIK Gateway Non Customer Search By DateStart DateEnd.run(SLIK Gateway Non Customer Search By DateStart DateEnd:18)
	at com.kms.katalon.core.main.ScriptEngine.run(ScriptEngine.java:194)
	at com.kms.katalon.core.main.ScriptEngine.runScriptAsRawText(ScriptEngine.java:119)
	at com.kms.katalon.core.main.TestCaseExecutor.runScript(TestCaseExecutor.java:339)
	at com.kms.katalon.core.main.TestCaseExecutor.doExecute(TestCaseExecutor.java:330)
	at com.kms.katalon.core.main.TestCaseExecutor.processExecutionPhase(TestCaseExecutor.java:309)
	at com.kms.katalon.core.main.TestCaseExecutor.accessMainPhase(TestCaseExecutor.java:301)
	at com.kms.katalon.core.main.TestCaseExecutor.execute(TestCaseExecutor.java:235)
	at com.kms.katalon.core.main.TestSuiteExecutor.accessTestCaseMainPhase(TestSuiteExecutor.java:191)
	at com.kms.katalon.core.main.TestSuiteExecutor.accessTestSuiteMainPhase(TestSuiteExecutor.java:141)
	at com.kms.katalon.core.main.TestSuiteExecutor.execute(TestSuiteExecutor.java:90)
	at com.kms.katalon.core.main.TestCaseMain.startTestSuite(TestCaseMain.java:157)
	at com.kms.katalon.core.main.TestCaseMain$startTestSuite$0.call(Unknown Source)
	at TempTestSuite1603882106321.run(TempTestSuite1603882106321.groovy:39)
Caused by: com.kms.katalon.core.exception.StepFailedException: com.kms.katalon.core.webui.exception.WebElementNotFoundException: Web element with id: '' located by '//span[text()='Search Result']/../../../following-sibling::div[@class='z-groupbox-content']/div[@class='z-grid']/div[@class='z-grid-body']/table/tbody/tr/td[4]/div/span' not found
	at com.kms.katalon.core.webui.keyword.internal.WebUIKeywordMain.stepFailed(WebUIKeywordMain.groovy:64)
	at com.kms.katalon.core.webui.keyword.builtin.VerifyElementPresentKeyword$_verifyElementPresent_closure1.doCall(VerifyElementPresentKeyword.groovy:85)
	at com.kms.katalon.core.webui.keyword.builtin.VerifyElementPresentKeyword$_verifyElementPresent_closure1.call(VerifyElementPresentKeyword.groovy)
	at com.kms.katalon.core.webui.keyword.internal.WebUIKeywordMain.runKeyword(WebUIKeywordMain.groovy:20)
	... 42 more
)
[[ATTACHMENT|/Users/chaidir.pratama01/Katalon Studio/IST_Automation_Git/Reports/20201028_174826/SLIK/TS_SLIK_Gateway_Non_Customer/20201028_174826/1603882684770.png]]

2020-10-28 17:58:05 - [MESSAGE][FAILED] - Verify Search Result Based on Created Date FAILED.
Reason:
com.kms.katalon.core.exception.StepFailedException: Unable to verify object '' is present
	at com.kms.katalon.core.webui.keyword.internal.WebUIKeywordMain.stepFailed(WebUIKeywordMain.groovy:64)
	at com.kms.katalon.core.webui.keyword.internal.WebUIKeywordMain.runKeyword(WebUIKeywordMain.groovy:26)
	at com.kms.katalon.core.webui.keyword.builtin.VerifyElementPresentKeyword.verifyElementPresent(VerifyElementPresentKeyword.groovy:92)
	at com.kms.katalon.core.webui.keyword.builtin.VerifyElementPresentKeyword.execute(VerifyElementPresentKeyword.groovy:68)
	at com.kms.katalon.core.keyword.internal.KeywordExecutor.executeKeywordForPlatform(KeywordExecutor.groovy:73)
	at com.kms.katalon.core.webui.keyword.WebUiBuiltInKeywords.verifyElementPresent(WebUiBuiltInKeywords.groovy:1444)
	at com.kms.katalon.core.webui.keyword.WebUiBuiltInKeywords$verifyElementPresent$9.call(Unknown Source)
	at Slik_Script.Verify_date(Slik_Script.groovy:405)
	at ✽.Verify Search Result Based on Created Date(/Users/chaidir.pratama01/Katalon Studio/IST_Automation_Git/Include/features/IST_Real/SLIK/SLIK Gateway Non Customer/SLIK_Gateway_Non_Customer_Search_By_DateStart_DateEnd.feature:33)
Caused by: com.kms.katalon.core.exception.StepFailedException: com.kms.katalon.core.webui.exception.WebElementNotFoundException: Web element with id: '' located by '//span[text()='Search Result']/../../../following-sibling::div[@class='z-groupbox-content']/div[@class='z-grid']/div[@class='z-grid-body']/table/tbody/tr/td[4]/div/span' not found
	at com.kms.katalon.core.webui.keyword.internal.WebUIKeywordMain.stepFailed(WebUIKeywordMain.groovy:64)
	at com.kms.katalon.core.webui.keyword.builtin.VerifyElementPresentKeyword$_verifyElementPresent_closure1.doCall(VerifyElementPresentKeyword.groovy:85)
	at com.kms.katalon.core.webui.keyword.builtin.VerifyElementPresentKeyword$_verifyElementPresent_closure1.call(VerifyElementPresentKeyword.groovy)
	at com.kms.katalon.core.webui.keyword.internal.WebUIKeywordMain.runKeyword(WebUIKeywordMain.groovy:20)
	at com.kms.katalon.core.webui.keyword.builtin.VerifyElementPresentKeyword.verifyElementPresent(VerifyElementPresentKeyword.groovy:92)
	at com.kms.katalon.core.webui.keyword.builtin.VerifyElementPresentKeyword.execute(VerifyElementPresentKeyword.groovy:68)
	at com.kms.katalon.core.keyword.internal.KeywordExecutor.executeKeywordForPlatform(KeywordExecutor.groovy:73)
	at com.kms.katalon.core.webui.keyword.WebUiBuiltInKeywords.verifyElementPresent(WebUiBuiltInKeywords.groovy:1444)
	at com.kms.katalon.core.webui.keyword.WebUiBuiltInKeywords$verifyElementPresent$9.call(Unknown Source)
	at Slik_Script.Verify_date(Slik_Script.groovy:405)
	at cucumber.runtime.Utils$1.call(Utils.java:26)
	at cucumber.runtime.Timeout.timeout(Timeout.java:16)
	at cucumber.runtime.Utils.invoke(Utils.java:20)
	at cucumber.runtime.java.JavaStepDefinition.execute(JavaStepDefinition.java:48)
	at cucumber.runtime.PickleStepDefinitionMatch.runStep(PickleStepDefinitionMatch.java:50)
	at cucumber.runner.TestStep.executeStep(TestStep.java:55)
	at cucumber.runner.TestStep.run(TestStep.java:42)
	at cucumber.runner.PickleStepTestStep.run(PickleStepTestStep.java:53)
	at cucumber.runner.TestCase.run(TestCase.java:47)
	at cucumber.runner.Runner.runPickle(Runner.java:44)
	at cucumber.runtime.Runtime.runFeature(Runtime.java:120)
	at cucumber.runtime.Runtime.run(Runtime.java:106)
	at cucumber.api.cli.Main.run(Main.java:35)
	at cucumber.api.cli.Main$run.call(Unknown Source)
	at com.kms.katalon.core.cucumber.keyword.CucumberBuiltinKeywords$_runFeatureFile_closure1.doCall(CucumberBuiltinKeywords.groovy:76)
	at com.kms.katalon.core.cucumber.keyword.CucumberBuiltinKeywords$_runFeatureFile_closure1.doCall(CucumberBuiltinKeywords.groovy)
	at com.kms.katalon.core.keyword.internal.KeywordMain.runKeyword(KeywordMain.groovy:68)
	at com.kms.katalon.core.keyword.internal.KeywordMain$runKeyword.call(Unknown Source)
	at com.kms.katalon.core.cucumber.keyword.CucumberBuiltinKeywords.runFeatureFile(CucumberBuiltinKeywords.groovy:46)
	at com.kms.katalon.core.cucumber.keyword.CucumberBuiltinKeywords$runFeatureFile$0.callStatic(Unknown Source)
	at com.kms.katalon.core.cucumber.keyword.CucumberBuiltinKeywords.runFeatureFile(CucumberBuiltinKeywords.groovy:169)
	at com.kms.katalon.core.cucumber.keyword.CucumberBuiltinKeywords$runFeatureFile.call(Unknown Source)
	at SLIK Gateway Non Customer Search By DateStart DateEnd.run(SLIK Gateway Non Customer Search By DateStart DateEnd:18)
	at com.kms.katalon.core.main.ScriptEngine.run(ScriptEngine.java:194)
	at com.kms.katalon.core.main.ScriptEngine.runScriptAsRawText(ScriptEngine.java:119)
	at com.kms.katalon.core.main.TestCaseExecutor.runScript(TestCaseExecutor.java:339)
	at com.kms.katalon.core.main.TestCaseExecutor.doExecute(TestCaseExecutor.java:330)
	at com.kms.katalon.core.main.TestCaseExecutor.processExecutionPhase(TestCaseExecutor.java:309)
	at com.kms.katalon.core.main.TestCaseExecutor.accessMainPhase(TestCaseExecutor.java:301)
	at com.kms.katalon.core.main.TestCaseExecutor.execute(TestCaseExecutor.java:235)
	at com.kms.katalon.core.main.TestSuiteExecutor.accessTestCaseMainPhase(TestSuiteExecutor.java:191)
	at com.kms.katalon.core.main.TestSuiteExecutor.accessTestSuiteMainPhase(TestSuiteExecutor.java:141)
	at com.kms.katalon.core.main.TestSuiteExecutor.execute(TestSuiteExecutor.java:90)
	at com.kms.katalon.core.main.TestCaseMain.startTestSuite(TestCaseMain.java:157)
	at com.kms.katalon.core.main.TestCaseMain$startTestSuite$0.call(Unknown Source)
	at TempTestSuite1603882106321.run(TempTestSuite1603882106321.groovy:39)


2020-10-28 17:58:05 - [TEST_STEP][NOT_RUN] - Verify Search Result Based on Result Status: Verify Search Result Based on Result Status

2020-10-28 17:58:05 - [MESSAGE][NOT_RUN] - Verify Search Result Based on Result Status

2020-10-28 17:58:05 - [TEST_STEP][NOT_RUN] - Click button "Logout": Click button "Logout"

2020-10-28 17:58:05 - [MESSAGE][NOT_RUN] - Click button "Logout"

2020-10-28 17:58:05 - [TEST_STEP][NOT_RUN] - Close browser: Close browser

2020-10-28 17:58:05 - [MESSAGE][NOT_RUN] - Close browser

2020-10-28 17:58:05 - [MESSAGE][FAILED] - Feature file 'Include/features/IST_Real/SLIK/SLIK Gateway Non Customer/SLIK_Gateway_Non_Customer_Search_By_DateStart_DateEnd.feature' was failed

2020-10-28 17:58:05 - [MESSAGE][FAILED] - Keyword runFeatureFile was failed (Root cause: com.kms.katalon.core.exception.StepFailedException: Feature file 'Include/features/IST_Real/SLIK/SLIK Gateway Non Customer/SLIK_Gateway_Non_Customer_Search_By_DateStart_DateEnd.feature' was failed
	at com.kms.katalon.core.keyword.internal.KeywordMain.stepFailed(KeywordMain.groovy:50)
	at com.kms.katalon.core.keyword.internal.KeywordMain.stepFailed(KeywordMain.groovy)
	at com.kms.katalon.core.keyword.internal.KeywordMain.stepFailed(KeywordMain.groovy:23)
	at com.kms.katalon.core.keyword.internal.KeywordMain$stepFailed$0.call(Unknown Source)
	at com.kms.katalon.core.cucumber.keyword.CucumberBuiltinKeywords$_runFeatureFile_closure1.doCall(CucumberBuiltinKeywords.groovy:82)
	at com.kms.katalon.core.cucumber.keyword.CucumberBuiltinKeywords$_runFeatureFile_closure1.doCall(CucumberBuiltinKeywords.groovy)
	at com.kms.katalon.core.keyword.internal.KeywordMain.runKeyword(KeywordMain.groovy:68)
	at com.kms.katalon.core.keyword.internal.KeywordMain$runKeyword.call(Unknown Source)
	at com.kms.katalon.core.cucumber.keyword.CucumberBuiltinKeywords.runFeatureFile(CucumberBuiltinKeywords.groovy:46)
	at com.kms.katalon.core.cucumber.keyword.CucumberBuiltinKeywords$runFeatureFile$0.callStatic(Unknown Source)
	at com.kms.katalon.core.cucumber.keyword.CucumberBuiltinKeywords.runFeatureFile(CucumberBuiltinKeywords.groovy:169)
	at com.kms.katalon.core.cucumber.keyword.CucumberBuiltinKeywords$runFeatureFile.call(Unknown Source)
	at SLIK Gateway Non Customer Search By DateStart DateEnd.run(SLIK Gateway Non Customer Search By DateStart DateEnd:18)
	at com.kms.katalon.core.main.ScriptEngine.run(ScriptEngine.java:194)
	at com.kms.katalon.core.main.ScriptEngine.runScriptAsRawText(ScriptEngine.java:119)
	at com.kms.katalon.core.main.TestCaseExecutor.runScript(TestCaseExecutor.java:339)
	at com.kms.katalon.core.main.TestCaseExecutor.doExecute(TestCaseExecutor.java:330)
	at com.kms.katalon.core.main.TestCaseExecutor.processExecutionPhase(TestCaseExecutor.java:309)
	at com.kms.katalon.core.main.TestCaseExecutor.accessMainPhase(TestCaseExecutor.java:301)
	at com.kms.katalon.core.main.TestCaseExecutor.execute(TestCaseExecutor.java:235)
	at com.kms.katalon.core.main.TestSuiteExecutor.accessTestCaseMainPhase(TestSuiteExecutor.java:191)
	at com.kms.katalon.core.main.TestSuiteExecutor.accessTestSuiteMainPhase(TestSuiteExecutor.java:141)
	at com.kms.katalon.core.main.TestSuiteExecutor.execute(TestSuiteExecutor.java:90)
	at com.kms.katalon.core.main.TestCaseMain.startTestSuite(TestCaseMain.java:157)
	at com.kms.katalon.core.main.TestCaseMain$startTestSuite$0.call(Unknown Source)
	at TempTestSuite1603882106321.run(TempTestSuite1603882106321.groovy:39)
)]]></system-out>
         <system-err><![CDATA[2020-10-28 17:57:46 - [TEST_CASE][FAILED] - Test Cases/IST_Real/SLIK/SLIK_Gateway_Non_Customer/SLIK Gateway Non Customer Search By DateStart DateEnd: Test Cases/IST_Real/SLIK/SLIK_Gateway_Non_Customer/SLIK Gateway Non Customer Search By DateStart DateEnd FAILED.
Reason:
com.kms.katalon.core.exception.StepFailedException: Feature file 'Include/features/IST_Real/SLIK/SLIK Gateway Non Customer/SLIK_Gateway_Non_Customer_Search_By_DateStart_DateEnd.feature' was failed
	at com.kms.katalon.core.keyword.internal.KeywordMain.stepFailed(KeywordMain.groovy:50)
	at com.kms.katalon.core.keyword.internal.KeywordMain.stepFailed(KeywordMain.groovy)
	at com.kms.katalon.core.keyword.internal.KeywordMain.stepFailed(KeywordMain.groovy:23)
	at com.kms.katalon.core.keyword.internal.KeywordMain$stepFailed$0.call(Unknown Source)
	at com.kms.katalon.core.cucumber.keyword.CucumberBuiltinKeywords$_runFeatureFile_closure1.doCall(CucumberBuiltinKeywords.groovy:82)
	at com.kms.katalon.core.cucumber.keyword.CucumberBuiltinKeywords$_runFeatureFile_closure1.doCall(CucumberBuiltinKeywords.groovy)
	at com.kms.katalon.core.keyword.internal.KeywordMain.runKeyword(KeywordMain.groovy:68)
	at com.kms.katalon.core.keyword.internal.KeywordMain$runKeyword.call(Unknown Source)
	at com.kms.katalon.core.cucumber.keyword.CucumberBuiltinKeywords.runFeatureFile(CucumberBuiltinKeywords.groovy:46)
	at com.kms.katalon.core.cucumber.keyword.CucumberBuiltinKeywords$runFeatureFile$0.callStatic(Unknown Source)
	at com.kms.katalon.core.cucumber.keyword.CucumberBuiltinKeywords.runFeatureFile(CucumberBuiltinKeywords.groovy:169)
	at com.kms.katalon.core.cucumber.keyword.CucumberBuiltinKeywords$runFeatureFile.call(Unknown Source)
	at SLIK Gateway Non Customer Search By DateStart DateEnd.run(SLIK Gateway Non Customer Search By DateStart DateEnd:18)
	at com.kms.katalon.core.main.ScriptEngine.run(ScriptEngine.java:194)
	at com.kms.katalon.core.main.ScriptEngine.runScriptAsRawText(ScriptEngine.java:119)
	at com.kms.katalon.core.main.TestCaseExecutor.runScript(TestCaseExecutor.java:339)
	at com.kms.katalon.core.main.TestCaseExecutor.doExecute(TestCaseExecutor.java:330)
	at com.kms.katalon.core.main.TestCaseExecutor.processExecutionPhase(TestCaseExecutor.java:309)
	at com.kms.katalon.core.main.TestCaseExecutor.accessMainPhase(TestCaseExecutor.java:301)
	at com.kms.katalon.core.main.TestCaseExecutor.execute(TestCaseExecutor.java:235)
	at com.kms.katalon.core.main.TestSuiteExecutor.accessTestCaseMainPhase(TestSuiteExecutor.java:191)
	at com.kms.katalon.core.main.TestSuiteExecutor.accessTestSuiteMainPhase(TestSuiteExecutor.java:141)
	at com.kms.katalon.core.main.TestSuiteExecutor.execute(TestSuiteExecutor.java:90)
	at com.kms.katalon.core.main.TestCaseMain.startTestSuite(TestCaseMain.java:157)
	at com.kms.katalon.core.main.TestCaseMain$startTestSuite$0.call(Unknown Source)
	at TempTestSuite1603882106321.run(TempTestSuite1603882106321.groovy:39)]]></system-err>
      </testcase>
      <testcase name="Test Cases/IST_Real/SLIK/SLIK_Gateway_Non_Customer/SLIK Gateway Non Customer Search By DateStart ONLY" time="20.581" classname="Test Cases/IST_Real/SLIK/SLIK_Gateway_Non_Customer/SLIK Gateway Non Customer Search By DateStart ONLY" status="PASSED">
         <system-out><![CDATA[2020-10-28 17:58:05 - [TEST_CASE][PASSED] - Test Cases/IST_Real/SLIK/SLIK_Gateway_Non_Customer/SLIK Gateway Non Customer Search By DateStart ONLY: Test Cases/IST_Real/SLIK/SLIK_Gateway_Non_Customer/SLIK Gateway Non Customer Search By DateStart ONLY

2020-10-28 17:58:05 - [TEST_STEP][PASSED] - runFeatureFile("Include/features/IST_Real/SLIK/SLIK Gateway Non Customer/SLIK_Gateway_Non_Customer_Search_By_DateStart_ONLY.feature"): Feature file: 'Include/features/IST_Real/SLIK/SLIK Gateway Non Customer/SLIK_Gateway_Non_Customer_Search_By_DateStart_ONLY.feature' was passed

2020-10-28 17:58:05 - [MESSAGE][INFO] - Starting run keyword runFeatureFile: 'Include/features/IST_Real/SLIK/SLIK Gateway Non Customer/SLIK_Gateway_Non_Customer_Search_By_DateStart_ONLY.feature' and extract report to folder: '/Users/chaidir.pratama01/Katalon Studio/IST_Automation_Git/Reports/20201028_174826/SLIK/TS_SLIK_Gateway_Non_Customer/20201028_174826/cucumber_report/1603882685358'...

2020-10-28 17:58:05 - [TEST_CASE][PASSED] - Start Test Case : SCENARIO Search Result by Date Start ONLY: SCENARIO Search Result by Date Start ONLY

2020-10-28 17:58:05 - [TEST_STEP][PASSED] - Go to ISTools: Go to ISTools

2020-10-28 17:58:05 - [MESSAGE][WARNING] - A browser is already opened. Closing browser and opening a new one

2020-10-28 17:58:05 - [MESSAGE][INFO] - Starting 'Chrome' driver

2020-10-28 17:58:05 - [MESSAGE][INFO] - User set preference: ['AcceptInsecureCerts', 'true']

2020-10-28 17:58:05 - [MESSAGE][INFO] - User set preference: ['args', '[ignore-certificate-errors]']

2020-10-28 17:58:05 - [MESSAGE][INFO] - Action delay is set to 0 milliseconds

2020-10-28 17:58:06 - [MESSAGE][PASSED] - Browser is opened with url: ''

2020-10-28 17:58:07 - [MESSAGE][PASSED] - Navigate to 'https://id-ist01preprod.id.nonprod/ist/' successfully

2020-10-28 17:58:07 - [MESSAGE][PASSED] - Go to ISTools

2020-10-28 17:58:07 - [TEST_STEP][PASSED] - Login IST with valid credentials: Login IST with valid credentials

2020-10-28 17:58:08 - [MESSAGE][PASSED] - Text 'mobile.test' is set on object 'Object Repository/Page_/input_Username_j_username'

2020-10-28 17:58:08 - [MESSAGE][PASSED] - Text ****** has been set on object 'Object Repository/Page_/input_Password_j_password'

2020-10-28 17:58:09 - [MESSAGE][PASSED] - Object: 'Object Repository/Page_/button_Login' is clicked on

2020-10-28 17:58:09 - [MESSAGE][PASSED] - Login IST with valid credentials

2020-10-28 17:58:09 - [TEST_STEP][PASSED] - Login Success for contract dispatcher: Login Success for contract dispatcher

2020-10-28 17:58:09 - [MESSAGE][INFO] - Login Success

2020-10-28 17:58:09 - [MESSAGE][PASSED] - Current window maximized

2020-10-28 17:58:09 - [MESSAGE][PASSED] - Object 'Object Repository/Page_/h1_Welcome to IT Supporting Tools' is present

2020-10-28 17:58:09 - [MESSAGE][PASSED] - Login Success for contract dispatcher

2020-10-28 17:58:09 - [TEST_STEP][PASSED] - Select Menu SLIK Gateway NonCustomer: Select Menu SLIK Gateway NonCustomer

2020-10-28 17:58:10 - [MESSAGE][PASSED] - Object '' is present

2020-10-28 17:58:10 - [MESSAGE][PASSED] - Object: '' is clicked on

2020-10-28 17:58:10 - [MESSAGE][PASSED] - Wait for page load successfully

2020-10-28 17:58:10 - [MESSAGE][PASSED] - Select Menu SLIK Gateway NonCustomer

2020-10-28 17:58:10 - [TEST_STEP][PASSED] - Set Start Date with value "01-10-2020" and End Date with value "": Set Start Date with value "01-10-2020" and End Date with value ""

2020-10-28 17:58:11 - [MESSAGE][PASSED] - Scroll to object '' successfully

2020-10-28 17:58:11 - [MESSAGE][PASSED] - Object '' is present

2020-10-28 17:58:12 - [MESSAGE][PASSED] - Text '01-10-2020' is set on object ''

2020-10-28 17:58:12 - [MESSAGE][PASSED] - Object '' is present

2020-10-28 17:58:13 - [MESSAGE][PASSED] - Text '' is set on object ''

2020-10-28 17:58:13 - [MESSAGE][PASSED] - Set Start Date with value "01-10-2020" and End Date with value ""

2020-10-28 17:58:13 - [TEST_STEP][PASSED] - Click button "Search": Click button "Search"

2020-10-28 17:58:13 - [MESSAGE][INFO] - >>>>>//Button[contains(text(),'Search')]

2020-10-28 17:58:16 - [MESSAGE][PASSED] - Object: '' is clicked on

2020-10-28 17:58:16 - [MESSAGE][PASSED] - Click button "Search"

2020-10-28 17:58:16 - [TEST_STEP][PASSED] - Get text from pop up "Error Message" with text "Error : End Date is mandatory !": Get text from pop up "Error Message" with text "Error : End Date is mandatory !"

2020-10-28 17:58:17 - [MESSAGE][PASSED] - Taking screenshot successfully
[[ATTACHMENT|/Users/chaidir.pratama01/Documents/Docs/Katalon Studio/Screenshot/errorpopup.png]]

2020-10-28 17:58:18 - [MESSAGE][PASSED] - Object '' is present

2020-10-28 17:58:18 - [MESSAGE][PASSED] - Wait for page load successfully

2020-10-28 17:58:18 - [MESSAGE][PASSED] - Wait for page load successfully

2020-10-28 17:58:18 - [MESSAGE][PASSED] - Get text from pop up "Error Message" with text "Error : End Date is mandatory !"

2020-10-28 17:58:18 - [TEST_STEP][PASSED] - Click button "OK": Click button "OK"

2020-10-28 17:58:18 - [MESSAGE][INFO] - >>>>>//Button[contains(text(),'OK')]

2020-10-28 17:58:21 - [MESSAGE][PASSED] - Object: '' is clicked on

2020-10-28 17:58:21 - [MESSAGE][PASSED] - Click button "OK"

2020-10-28 17:58:21 - [TEST_STEP][PASSED] - Get Error Notification "Error : End Date is mandatory !": Get Error Notification "Error : End Date is mandatory !"

2020-10-28 17:58:22 - [MESSAGE][PASSED] - Object '' is present

2020-10-28 17:58:22 - [MESSAGE][PASSED] - Get Error Notification "Error : End Date is mandatory !"

2020-10-28 17:58:22 - [TEST_STEP][PASSED] - Click button "Logout": Click button "Logout"

2020-10-28 17:58:22 - [MESSAGE][INFO] - >>>>>//Button[contains(text(),'Logout')]

2020-10-28 17:58:25 - [MESSAGE][PASSED] - Object: '' is clicked on

2020-10-28 17:58:25 - [MESSAGE][PASSED] - Click button "Logout"

2020-10-28 17:58:25 - [TEST_STEP][PASSED] - Close browser: Close browser

2020-10-28 17:58:25 - [MESSAGE][PASSED] - Browser is closed

2020-10-28 17:58:25 - [MESSAGE][PASSED] - Close browser

2020-10-28 17:58:25 - [MESSAGE][PASSED] - Feature file: 'Include/features/IST_Real/SLIK/SLIK Gateway Non Customer/SLIK_Gateway_Non_Customer_Search_By_DateStart_ONLY.feature' was passed]]></system-out>
         <system-err><![CDATA[]]></system-err>
      </testcase>
      <testcase name="Test Cases/IST_Real/SLIK/SLIK_Gateway_Non_Customer/SLIK Gateway Non Customer Search by DateEnd ONLY" time="56.007" classname="Test Cases/IST_Real/SLIK/SLIK_Gateway_Non_Customer/SLIK Gateway Non Customer Search by DateEnd ONLY" status="PASSED">
         <system-out><![CDATA[2020-10-28 17:58:25 - [TEST_CASE][PASSED] - Test Cases/IST_Real/SLIK/SLIK_Gateway_Non_Customer/SLIK Gateway Non Customer Search by DateEnd ONLY: Test Cases/IST_Real/SLIK/SLIK_Gateway_Non_Customer/SLIK Gateway Non Customer Search by DateEnd ONLY

2020-10-28 17:58:25 - [TEST_STEP][PASSED] - runFeatureFile("Include/features/IST_Real/SLIK/SLIK Gateway Non Customer/SLIK_Gateway_Non_Customer_Search_By_DateEnd_ONLY.feature"): Feature file: 'Include/features/IST_Real/SLIK/SLIK Gateway Non Customer/SLIK_Gateway_Non_Customer_Search_By_DateEnd_ONLY.feature' was passed

2020-10-28 17:58:25 - [MESSAGE][INFO] - Starting run keyword runFeatureFile: 'Include/features/IST_Real/SLIK/SLIK Gateway Non Customer/SLIK_Gateway_Non_Customer_Search_By_DateEnd_ONLY.feature' and extract report to folder: '/Users/chaidir.pratama01/Katalon Studio/IST_Automation_Git/Reports/20201028_174826/SLIK/TS_SLIK_Gateway_Non_Customer/20201028_174826/cucumber_report/1603882705964'...

2020-10-28 17:58:26 - [TEST_CASE][PASSED] - Start Test Case : SCENARIO Search Result by Date End ONLY: SCENARIO Search Result by Date End ONLY

2020-10-28 17:58:26 - [TEST_STEP][PASSED] - Go to ISTools: Go to ISTools

2020-10-28 17:58:26 - [MESSAGE][INFO] - Starting 'Chrome' driver

2020-10-28 17:58:26 - [MESSAGE][INFO] - User set preference: ['AcceptInsecureCerts', 'true']

2020-10-28 17:58:26 - [MESSAGE][INFO] - User set preference: ['args', '[ignore-certificate-errors]']

2020-10-28 17:58:26 - [MESSAGE][INFO] - Action delay is set to 0 milliseconds

2020-10-28 17:58:27 - [MESSAGE][PASSED] - Browser is opened with url: ''

2020-10-28 17:58:28 - [MESSAGE][PASSED] - Navigate to 'https://id-ist01preprod.id.nonprod/ist/' successfully

2020-10-28 17:58:28 - [MESSAGE][PASSED] - Go to ISTools

2020-10-28 17:58:28 - [TEST_STEP][PASSED] - Login IST with valid credentials: Login IST with valid credentials

2020-10-28 17:58:29 - [MESSAGE][PASSED] - Text 'mobile.test' is set on object 'Object Repository/Page_/input_Username_j_username'

2020-10-28 17:58:29 - [MESSAGE][PASSED] - Text ****** has been set on object 'Object Repository/Page_/input_Password_j_password'

2020-10-28 17:58:30 - [MESSAGE][PASSED] - Object: 'Object Repository/Page_/button_Login' is clicked on

2020-10-28 17:58:30 - [MESSAGE][PASSED] - Login IST with valid credentials

2020-10-28 17:58:30 - [TEST_STEP][PASSED] - Login Success for contract dispatcher: Login Success for contract dispatcher

2020-10-28 17:58:30 - [MESSAGE][INFO] - Login Success

2020-10-28 17:58:30 - [MESSAGE][PASSED] - Current window maximized

2020-10-28 17:58:30 - [MESSAGE][PASSED] - Object 'Object Repository/Page_/h1_Welcome to IT Supporting Tools' is present

2020-10-28 17:58:30 - [MESSAGE][PASSED] - Login Success for contract dispatcher

2020-10-28 17:58:30 - [TEST_STEP][PASSED] - Select Menu SLIK Gateway NonCustomer: Select Menu SLIK Gateway NonCustomer

2020-10-28 17:58:31 - [MESSAGE][PASSED] - Object '' is present

2020-10-28 17:58:31 - [MESSAGE][PASSED] - Object: '' is clicked on

2020-10-28 17:58:31 - [MESSAGE][PASSED] - Wait for page load successfully

2020-10-28 17:58:31 - [MESSAGE][PASSED] - Select Menu SLIK Gateway NonCustomer

2020-10-28 17:58:31 - [TEST_STEP][PASSED] - Set Start Date with value "" and End Date with value "24-10-2020": Set Start Date with value "" and End Date with value "24-10-2020"

2020-10-28 17:58:32 - [MESSAGE][PASSED] - Scroll to object '' successfully

2020-10-28 17:58:32 - [MESSAGE][PASSED] - Object '' is present

2020-10-28 17:58:33 - [MESSAGE][PASSED] - Text '' is set on object ''

2020-10-28 17:58:33 - [MESSAGE][PASSED] - Object '' is present

2020-10-28 17:58:33 - [MESSAGE][PASSED] - Text '24-10-2020' is set on object ''

2020-10-28 17:58:33 - [MESSAGE][PASSED] - Set Start Date with value "" and End Date with value "24-10-2020"

2020-10-28 17:58:33 - [TEST_STEP][PASSED] - Click button "Search": Click button "Search"

2020-10-28 17:58:33 - [MESSAGE][INFO] - >>>>>//Button[contains(text(),'Search')]

2020-10-28 17:58:37 - [MESSAGE][PASSED] - Object: '' is clicked on

2020-10-28 17:58:37 - [MESSAGE][PASSED] - Click button "Search"

2020-10-28 17:58:37 - [TEST_STEP][PASSED] - Get text from pop up "Error Message" with text "Error : Start Date is mandatory !": Get text from pop up "Error Message" with text "Error : Start Date is mandatory !"

2020-10-28 17:58:38 - [MESSAGE][PASSED] - Taking screenshot successfully
[[ATTACHMENT|/Users/chaidir.pratama01/Documents/Docs/Katalon Studio/Screenshot/errorpopup.png]]

2020-10-28 17:58:38 - [MESSAGE][PASSED] - Object '' is present

2020-10-28 17:58:38 - [MESSAGE][PASSED] - Wait for page load successfully

2020-10-28 17:58:38 - [MESSAGE][PASSED] - Wait for page load successfully

2020-10-28 17:58:38 - [MESSAGE][PASSED] - Get text from pop up "Error Message" with text "Error : Start Date is mandatory !"

2020-10-28 17:58:38 - [TEST_STEP][PASSED] - Click button "OK": Click button "OK"

2020-10-28 17:58:38 - [MESSAGE][INFO] - >>>>>//Button[contains(text(),'OK')]

2020-10-28 17:58:42 - [MESSAGE][PASSED] - Object: '' is clicked on

2020-10-28 17:58:42 - [MESSAGE][PASSED] - Click button "OK"

2020-10-28 17:58:42 - [TEST_STEP][PASSED] - Get Error Notification "Error : Start Date is mandatory !": Get Error Notification "Error : Start Date is mandatory !"

2020-10-28 17:59:08 - [MESSAGE][PASSED] - Object '' is present

2020-10-28 17:59:08 - [MESSAGE][PASSED] - Get Error Notification "Error : Start Date is mandatory !"

2020-10-28 17:59:08 - [TEST_STEP][PASSED] - Click button "Logout": Click button "Logout"

2020-10-28 17:59:08 - [MESSAGE][INFO] - >>>>>//Button[contains(text(),'Logout')]

2020-10-28 17:59:21 - [MESSAGE][PASSED] - Object: '' is clicked on

2020-10-28 17:59:21 - [MESSAGE][PASSED] - Click button "Logout"

2020-10-28 17:59:21 - [TEST_STEP][PASSED] - Close browser: Close browser

2020-10-28 17:59:21 - [MESSAGE][PASSED] - Browser is closed

2020-10-28 17:59:21 - [MESSAGE][PASSED] - Close browser

2020-10-28 17:59:21 - [MESSAGE][PASSED] - Feature file: 'Include/features/IST_Real/SLIK/SLIK Gateway Non Customer/SLIK_Gateway_Non_Customer_Search_By_DateEnd_ONLY.feature' was passed]]></system-out>
         <system-err><![CDATA[]]></system-err>
      </testcase>
      <testcase name="Test Cases/IST_Real/SLIK/SLIK_Gateway_Non_Customer/SLIK Gateway Non Customer View Detal when Status APPROVED-SUCCESS" time="96.434" classname="Test Cases/IST_Real/SLIK/SLIK_Gateway_Non_Customer/SLIK Gateway Non Customer View Detal when Status APPROVED-SUCCESS" status="PASSED">
         <system-out><![CDATA[2020-10-28 17:59:21 - [TEST_CASE][PASSED] - Test Cases/IST_Real/SLIK/SLIK_Gateway_Non_Customer/SLIK Gateway Non Customer View Detal when Status APPROVED-SUCCESS: Test Cases/IST_Real/SLIK/SLIK_Gateway_Non_Customer/SLIK Gateway Non Customer View Detal when Status APPROVED-SUCCESS

2020-10-28 17:59:21 - [TEST_STEP][PASSED] - runFeatureFile("Include/features/IST_Real/SLIK/SLIK Gateway Non Customer/SLIK_Gateway_Non_Customer_View_Detail_when_Status_APPROVED-SUCCESS.feature"): Feature file: 'Include/features/IST_Real/SLIK/SLIK Gateway Non Customer/SLIK_Gateway_Non_Customer_View_Detail_when_Status_APPROVED-SUCCESS.feature' was passed

2020-10-28 17:59:21 - [MESSAGE][INFO] - Starting run keyword runFeatureFile: 'Include/features/IST_Real/SLIK/SLIK Gateway Non Customer/SLIK_Gateway_Non_Customer_View_Detail_when_Status_APPROVED-SUCCESS.feature' and extract report to folder: '/Users/chaidir.pratama01/Katalon Studio/IST_Automation_Git/Reports/20201028_174826/SLIK/TS_SLIK_Gateway_Non_Customer/20201028_174826/cucumber_report/1603882761963'...

2020-10-28 17:59:22 - [TEST_CASE][PASSED] - Start Test Case : SCENARIO SLIK Gateway Non Customer View Detail Link: SCENARIO SLIK Gateway Non Customer View Detail Link

2020-10-28 17:59:22 - [TEST_STEP][PASSED] - Go to ISTools: Go to ISTools

2020-10-28 17:59:22 - [MESSAGE][INFO] - Starting 'Chrome' driver

2020-10-28 17:59:22 - [MESSAGE][INFO] - User set preference: ['AcceptInsecureCerts', 'true']

2020-10-28 17:59:22 - [MESSAGE][INFO] - User set preference: ['args', '[ignore-certificate-errors]']

2020-10-28 17:59:22 - [MESSAGE][INFO] - Action delay is set to 0 milliseconds

2020-10-28 17:59:23 - [MESSAGE][PASSED] - Browser is opened with url: ''

2020-10-28 17:59:37 - [MESSAGE][PASSED] - Navigate to 'https://id-ist01preprod.id.nonprod/ist/' successfully

2020-10-28 17:59:37 - [MESSAGE][PASSED] - Go to ISTools

2020-10-28 17:59:37 - [TEST_STEP][PASSED] - Login IST with valid credentials: Login IST with valid credentials

2020-10-28 17:59:38 - [MESSAGE][PASSED] - Text 'mobile.test' is set on object 'Object Repository/Page_/input_Username_j_username'

2020-10-28 17:59:38 - [MESSAGE][PASSED] - Text ****** has been set on object 'Object Repository/Page_/input_Password_j_password'

2020-10-28 17:59:39 - [MESSAGE][PASSED] - Object: 'Object Repository/Page_/button_Login' is clicked on

2020-10-28 17:59:39 - [MESSAGE][PASSED] - Login IST with valid credentials

2020-10-28 17:59:39 - [TEST_STEP][PASSED] - Login Success for contract dispatcher: Login Success for contract dispatcher

2020-10-28 17:59:39 - [MESSAGE][INFO] - Login Success

2020-10-28 17:59:39 - [MESSAGE][PASSED] - Current window maximized

2020-10-28 17:59:40 - [MESSAGE][PASSED] - Object 'Object Repository/Page_/h1_Welcome to IT Supporting Tools' is present

2020-10-28 17:59:40 - [MESSAGE][PASSED] - Login Success for contract dispatcher

2020-10-28 17:59:40 - [TEST_STEP][PASSED] - Select Menu SLIK Gateway NonCustomer: Select Menu SLIK Gateway NonCustomer

2020-10-28 17:59:40 - [MESSAGE][PASSED] - Object '' is present

2020-10-28 17:59:40 - [MESSAGE][PASSED] - Object: '' is clicked on

2020-10-28 17:59:40 - [MESSAGE][PASSED] - Wait for page load successfully

2020-10-28 17:59:40 - [MESSAGE][PASSED] - Select Menu SLIK Gateway NonCustomer

2020-10-28 17:59:40 - [TEST_STEP][PASSED] - Select Status is "APPROVED": Select Status is "APPROVED"

2020-10-28 17:59:43 - [MESSAGE][PASSED] - All options with value 'APPROVED' are selected in object ''  using regular expression

2020-10-28 17:59:43 - [MESSAGE][PASSED] - Select Status is "APPROVED"

2020-10-28 17:59:43 - [TEST_STEP][PASSED] - Click button "Search": Click button "Search"

2020-10-28 17:59:43 - [MESSAGE][INFO] - >>>>>//Button[contains(text(),'Search')]

2020-10-28 17:59:47 - [MESSAGE][PASSED] - Object: '' is clicked on

2020-10-28 17:59:47 - [MESSAGE][PASSED] - Click button "Search"

2020-10-28 17:59:47 - [TEST_STEP][PASSED] - Verify Search Result Based on Result Status: Verify Search Result Based on Result Status

2020-10-28 17:59:47 - [MESSAGE][PASSED] - Scroll to object '' successfully

2020-10-28 17:59:48 - [MESSAGE][WARNING] - Actual text 'APPROVED - SUCCESS' and expected text 'APPROVED - FAILED' of test object '' are NOT matched. (Root cause: com.kms.katalon.core.exception.StepFailedException: Actual text 'APPROVED - SUCCESS' and expected text 'APPROVED - FAILED' of test object '' are NOT matched.
	at com.kms.katalon.core.webui.keyword.internal.WebUIKeywordMain.stepFailed(WebUIKeywordMain.groovy:64)
	at com.kms.katalon.core.webui.keyword.builtin.VerifyElementTextKeyword$_verifyElementText_closure1.doCall(VerifyElementTextKeyword.groovy:57)
	at com.kms.katalon.core.webui.keyword.builtin.VerifyElementTextKeyword$_verifyElementText_closure1.call(VerifyElementTextKeyword.groovy)
	at com.kms.katalon.core.webui.keyword.internal.WebUIKeywordMain.runKeyword(WebUIKeywordMain.groovy:20)
	at com.kms.katalon.core.webui.keyword.builtin.VerifyElementTextKeyword.verifyElementText(VerifyElementTextKeyword.groovy:72)
	at com.kms.katalon.core.webui.keyword.builtin.VerifyElementTextKeyword.execute(VerifyElementTextKeyword.groovy:40)
	at com.kms.katalon.core.keyword.internal.KeywordExecutor.executeKeywordForPlatform(KeywordExecutor.groovy:73)
	at com.kms.katalon.core.webui.keyword.WebUiBuiltInKeywords.verifyElementText(WebUiBuiltInKeywords.groovy:3673)
	at com.kms.katalon.core.webui.keyword.WebUiBuiltInKeywords$verifyElementText$21.call(Unknown Source)
	at Slik_Script.Verify_Result_Status(Slik_Script.groovy:369)
	at cucumber.runtime.Utils$1.call(Utils.java:26)
	at cucumber.runtime.Timeout.timeout(Timeout.java:16)
	at cucumber.runtime.Utils.invoke(Utils.java:20)
	at cucumber.runtime.java.JavaStepDefinition.execute(JavaStepDefinition.java:48)
	at cucumber.runtime.PickleStepDefinitionMatch.runStep(PickleStepDefinitionMatch.java:50)
	at cucumber.runner.TestStep.executeStep(TestStep.java:55)
	at cucumber.runner.TestStep.run(TestStep.java:42)
	at cucumber.runner.PickleStepTestStep.run(PickleStepTestStep.java:53)
	at cucumber.runner.TestCase.run(TestCase.java:47)
	at cucumber.runner.Runner.runPickle(Runner.java:44)
	at cucumber.runtime.Runtime.runFeature(Runtime.java:120)
	at cucumber.runtime.Runtime.run(Runtime.java:106)
	at cucumber.api.cli.Main.run(Main.java:35)
	at cucumber.api.cli.Main$run.call(Unknown Source)
	at com.kms.katalon.core.cucumber.keyword.CucumberBuiltinKeywords$_runFeatureFile_closure1.doCall(CucumberBuiltinKeywords.groovy:76)
	at com.kms.katalon.core.cucumber.keyword.CucumberBuiltinKeywords$_runFeatureFile_closure1.doCall(CucumberBuiltinKeywords.groovy)
	at com.kms.katalon.core.keyword.internal.KeywordMain.runKeyword(KeywordMain.groovy:68)
	at com.kms.katalon.core.keyword.internal.KeywordMain$runKeyword.call(Unknown Source)
	at com.kms.katalon.core.cucumber.keyword.CucumberBuiltinKeywords.runFeatureFile(CucumberBuiltinKeywords.groovy:46)
	at com.kms.katalon.core.cucumber.keyword.CucumberBuiltinKeywords$runFeatureFile$0.callStatic(Unknown Source)
	at com.kms.katalon.core.cucumber.keyword.CucumberBuiltinKeywords.runFeatureFile(CucumberBuiltinKeywords.groovy:169)
	at com.kms.katalon.core.cucumber.keyword.CucumberBuiltinKeywords$runFeatureFile.call(Unknown Source)
	at SLIK Gateway Non Customer View Detal when Status APPROVED-SUCCESS.run(SLIK Gateway Non Customer View Detal when Status APPROVED-SUCCESS:18)
	at com.kms.katalon.core.main.ScriptEngine.run(ScriptEngine.java:194)
	at com.kms.katalon.core.main.ScriptEngine.runScriptAsRawText(ScriptEngine.java:119)
	at com.kms.katalon.core.main.TestCaseExecutor.runScript(TestCaseExecutor.java:339)
	at com.kms.katalon.core.main.TestCaseExecutor.doExecute(TestCaseExecutor.java:330)
	at com.kms.katalon.core.main.TestCaseExecutor.processExecutionPhase(TestCaseExecutor.java:309)
	at com.kms.katalon.core.main.TestCaseExecutor.accessMainPhase(TestCaseExecutor.java:301)
	at com.kms.katalon.core.main.TestCaseExecutor.execute(TestCaseExecutor.java:235)
	at com.kms.katalon.core.main.TestSuiteExecutor.accessTestCaseMainPhase(TestSuiteExecutor.java:191)
	at com.kms.katalon.core.main.TestSuiteExecutor.accessTestSuiteMainPhase(TestSuiteExecutor.java:141)
	at com.kms.katalon.core.main.TestSuiteExecutor.execute(TestSuiteExecutor.java:90)
	at com.kms.katalon.core.main.TestCaseMain.startTestSuite(TestCaseMain.java:157)
	at com.kms.katalon.core.main.TestCaseMain$startTestSuite$0.call(Unknown Source)
	at TempTestSuite1603882106321.run(TempTestSuite1603882106321.groovy:39)
)
[[ATTACHMENT|/Users/chaidir.pratama01/Katalon Studio/IST_Automation_Git/Reports/20201028_174826/SLIK/TS_SLIK_Gateway_Non_Customer/20201028_174826/1603882787994.png]]

2020-10-28 17:59:48 - [MESSAGE][PASSED] - Actual text and expected text of test object '' are matched.

2020-10-28 17:59:49 - [MESSAGE][PASSED] - Text of object '' is: 'APPROVED - SUCCESS'

2020-10-28 17:59:49 - [MESSAGE][PASSED] - Text of object '' is: '3200000000000003'

2020-10-28 17:59:49 - [MESSAGE][PASSED] - Verify Search Result Based on Result Status

2020-10-28 17:59:49 - [TEST_STEP][PASSED] - Click View Detail Link: Click View Detail Link

2020-10-28 17:59:49 - [MESSAGE][PASSED] - Object '' is present

2020-10-28 17:59:49 - [MESSAGE][PASSED] - Object: '' is clicked on

2020-10-28 17:59:49 - [MESSAGE][PASSED] - Click View Detail Link

2020-10-28 17:59:49 - [TEST_STEP][PASSED] - Take Screenshot "View_detail_NonCutomer.png": Take Screenshot "View_detail_NonCutomer.png"

2020-10-28 18:00:20 - [MESSAGE][PASSED] - Taking screenshot successfully
[[ATTACHMENT|/Users/chaidir.pratama01/Katalon Studio/IST_Automation_Git/img/View_detail_NonCutomer.png]]

2020-10-28 18:00:20 - [MESSAGE][PASSED] - Take Screenshot "View_detail_NonCutomer.png"

2020-10-28 18:00:20 - [TEST_STEP][PASSED] - Verify Slik Result Detail Link: Verify Slik Result Detail Link

2020-10-28 18:00:51 - [MESSAGE][PASSED] - Scroll to object '' successfully

2020-10-28 18:00:52 - [MESSAGE][PASSED] - Object '' is present

2020-10-28 18:00:52 - [MESSAGE][PASSED] - Scroll to object '' successfully

2020-10-28 18:00:52 - [MESSAGE][PASSED] - Object '' is present

2020-10-28 18:00:53 - [MESSAGE][PASSED] - Scroll to object '' successfully

2020-10-28 18:00:53 - [MESSAGE][PASSED] - Object '' is present

2020-10-28 18:00:53 - [MESSAGE][PASSED] - Scroll to object '' successfully

2020-10-28 18:00:54 - [MESSAGE][PASSED] - Object '' is present

2020-10-28 18:00:54 - [MESSAGE][PASSED] - Scroll to object '' successfully

2020-10-28 18:00:54 - [MESSAGE][PASSED] - Object '' is present

2020-10-28 18:00:54 - [MESSAGE][PASSED] - Verify Slik Result Detail Link

2020-10-28 18:00:54 - [TEST_STEP][PASSED] - Click button "Logout": Click button "Logout"

2020-10-28 18:00:54 - [MESSAGE][INFO] - >>>>>//Button[contains(text(),'Logout')]

2020-10-28 18:00:58 - [MESSAGE][PASSED] - Object: '' is clicked on

2020-10-28 18:00:58 - [MESSAGE][PASSED] - Click button "Logout"

2020-10-28 18:00:58 - [TEST_STEP][PASSED] - Close browser: Close browser

2020-10-28 18:00:58 - [MESSAGE][PASSED] - Browser is closed

2020-10-28 18:00:58 - [MESSAGE][PASSED] - Close browser

2020-10-28 18:00:58 - [MESSAGE][PASSED] - Feature file: 'Include/features/IST_Real/SLIK/SLIK Gateway Non Customer/SLIK_Gateway_Non_Customer_View_Detail_when_Status_APPROVED-SUCCESS.feature' was passed]]></system-out>
         <system-err><![CDATA[]]></system-err>
      </testcase>
      <system-out><![CDATA[2020-10-28 17:48:33 - [TEST_SUITE][FAILED] - TS_SLIK_Gateway_Non_Customer: Test Cases/IST_Real/SLIK/SLIK_Gateway_Non_Customer/SLIK Gateway Non Customer Checking FAILED.
Reason:
com.kms.katalon.core.exception.StepFailedException: Feature file 'Include/features/IST_Real/SLIK/SLIK Gateway Non Customer/SLIK Gateway Non Customer Checking.feature' was failed
	at com.kms.katalon.core.keyword.internal.KeywordMain.stepFailed(KeywordMain.groovy:50)
	at com.kms.katalon.core.keyword.internal.KeywordMain.stepFailed(KeywordMain.groovy)
	at com.kms.katalon.core.keyword.internal.KeywordMain.stepFailed(KeywordMain.groovy:23)
	at com.kms.katalon.core.keyword.internal.KeywordMain$stepFailed$0.call(Unknown Source)
	at com.kms.katalon.core.cucumber.keyword.CucumberBuiltinKeywords$_runFeatureFile_closure1.doCall(CucumberBuiltinKeywords.groovy:82)
	at com.kms.katalon.core.cucumber.keyword.CucumberBuiltinKeywords$_runFeatureFile_closure1.doCall(CucumberBuiltinKeywords.groovy)
	at com.kms.katalon.core.keyword.internal.KeywordMain.runKeyword(KeywordMain.groovy:68)
	at com.kms.katalon.core.keyword.internal.KeywordMain$runKeyword.call(Unknown Source)
	at com.kms.katalon.core.cucumber.keyword.CucumberBuiltinKeywords.runFeatureFile(CucumberBuiltinKeywords.groovy:46)
	at com.kms.katalon.core.cucumber.keyword.CucumberBuiltinKeywords$runFeatureFile$0.callStatic(Unknown Source)
	at com.kms.katalon.core.cucumber.keyword.CucumberBuiltinKeywords.runFeatureFile(CucumberBuiltinKeywords.groovy:169)
	at com.kms.katalon.core.cucumber.keyword.CucumberBuiltinKeywords$runFeatureFile.call(Unknown Source)
	at SLIK Gateway Non Customer Checking.run(SLIK Gateway Non Customer Checking:18)
	at com.kms.katalon.core.main.ScriptEngine.run(ScriptEngine.java:194)
	at com.kms.katalon.core.main.ScriptEngine.runScriptAsRawText(ScriptEngine.java:119)
	at com.kms.katalon.core.main.TestCaseExecutor.runScript(TestCaseExecutor.java:339)
	at com.kms.katalon.core.main.TestCaseExecutor.doExecute(TestCaseExecutor.java:330)
	at com.kms.katalon.core.main.TestCaseExecutor.processExecutionPhase(TestCaseExecutor.java:309)
	at com.kms.katalon.core.main.TestCaseExecutor.accessMainPhase(TestCaseExecutor.java:301)
	at com.kms.katalon.core.main.TestCaseExecutor.execute(TestCaseExecutor.java:235)
	at com.kms.katalon.core.main.TestSuiteExecutor.accessTestCaseMainPhase(TestSuiteExecutor.java:191)
	at com.kms.katalon.core.main.TestSuiteExecutor.accessTestSuiteMainPhase(TestSuiteExecutor.java:141)
	at com.kms.katalon.core.main.TestSuiteExecutor.execute(TestSuiteExecutor.java:90)
	at com.kms.katalon.core.main.TestCaseMain.startTestSuite(TestCaseMain.java:157)
	at com.kms.katalon.core.main.TestCaseMain$startTestSuite$0.call(Unknown Source)
	at TempTestSuite1603882106321.run(TempTestSuite1603882106321.groovy:39)]]></system-out>
      <system-err><![CDATA[2020-10-28 17:48:33 - [TEST_SUITE][FAILED] - TS_SLIK_Gateway_Non_Customer: Test Cases/IST_Real/SLIK/SLIK_Gateway_Non_Customer/SLIK Gateway Non Customer Checking FAILED.
Reason:
com.kms.katalon.core.exception.StepFailedException: Feature file 'Include/features/IST_Real/SLIK/SLIK Gateway Non Customer/SLIK Gateway Non Customer Checking.feature' was failed
	at com.kms.katalon.core.keyword.internal.KeywordMain.stepFailed(KeywordMain.groovy:50)
	at com.kms.katalon.core.keyword.internal.KeywordMain.stepFailed(KeywordMain.groovy)
	at com.kms.katalon.core.keyword.internal.KeywordMain.stepFailed(KeywordMain.groovy:23)
	at com.kms.katalon.core.keyword.internal.KeywordMain$stepFailed$0.call(Unknown Source)
	at com.kms.katalon.core.cucumber.keyword.CucumberBuiltinKeywords$_runFeatureFile_closure1.doCall(CucumberBuiltinKeywords.groovy:82)
	at com.kms.katalon.core.cucumber.keyword.CucumberBuiltinKeywords$_runFeatureFile_closure1.doCall(CucumberBuiltinKeywords.groovy)
	at com.kms.katalon.core.keyword.internal.KeywordMain.runKeyword(KeywordMain.groovy:68)
	at com.kms.katalon.core.keyword.internal.KeywordMain$runKeyword.call(Unknown Source)
	at com.kms.katalon.core.cucumber.keyword.CucumberBuiltinKeywords.runFeatureFile(CucumberBuiltinKeywords.groovy:46)
	at com.kms.katalon.core.cucumber.keyword.CucumberBuiltinKeywords$runFeatureFile$0.callStatic(Unknown Source)
	at com.kms.katalon.core.cucumber.keyword.CucumberBuiltinKeywords.runFeatureFile(CucumberBuiltinKeywords.groovy:169)
	at com.kms.katalon.core.cucumber.keyword.CucumberBuiltinKeywords$runFeatureFile.call(Unknown Source)
	at SLIK Gateway Non Customer Checking.run(SLIK Gateway Non Customer Checking:18)
	at com.kms.katalon.core.main.ScriptEngine.run(ScriptEngine.java:194)
	at com.kms.katalon.core.main.ScriptEngine.runScriptAsRawText(ScriptEngine.java:119)
	at com.kms.katalon.core.main.TestCaseExecutor.runScript(TestCaseExecutor.java:339)
	at com.kms.katalon.core.main.TestCaseExecutor.doExecute(TestCaseExecutor.java:330)
	at com.kms.katalon.core.main.TestCaseExecutor.processExecutionPhase(TestCaseExecutor.java:309)
	at com.kms.katalon.core.main.TestCaseExecutor.accessMainPhase(TestCaseExecutor.java:301)
	at com.kms.katalon.core.main.TestCaseExecutor.execute(TestCaseExecutor.java:235)
	at com.kms.katalon.core.main.TestSuiteExecutor.accessTestCaseMainPhase(TestSuiteExecutor.java:191)
	at com.kms.katalon.core.main.TestSuiteExecutor.accessTestSuiteMainPhase(TestSuiteExecutor.java:141)
	at com.kms.katalon.core.main.TestSuiteExecutor.execute(TestSuiteExecutor.java:90)
	at com.kms.katalon.core.main.TestCaseMain.startTestSuite(TestCaseMain.java:157)
	at com.kms.katalon.core.main.TestCaseMain$startTestSuite$0.call(Unknown Source)
	at TempTestSuite1603882106321.run(TempTestSuite1603882106321.groovy:39)]]></system-err>
   </testsuite>
</testsuites>
