<?xml version="1.0" encoding="UTF-8"?>
<testsuites name="TS_Contract_Dispatcher_Two_Wheelers" time="488.353" tests="12" failures="0" errors="0">
   <testsuite name="TS_Contract_Dispatcher_Two_Wheelers" tests="12" failures="0" errors="0" time="488.353" timestamp="2020-07-22 23:07:21" hostname="chaidir.pratama01 - localhost" id="Test Suites/CONTRACT_DISPATCHER_TWO_WHEELERS/DEV/TS_Contract_Dispatcher_Two_Wheelers">
      <properties>
         <property name="deviceName" value=""/>
         <property name="devicePlatform" value=""/>
         <property name="logFolder" value="/Users/chaidir.pratama01/Katalon Studio/IST_Automation_Git/Reports/20200722_230715/CONTRACT_DISPATCHER_TWO_WHEELERS/DEV/TS_Contract_Dispatcher_Two_Wheelers/20200722_230715"/>
         <property name="logFiles" value="/Users/chaidir.pratama01/Katalon Studio/IST_Automation_Git/Reports/20200722_230715/CONTRACT_DISPATCHER_TWO_WHEELERS/DEV/TS_Contract_Dispatcher_Two_Wheelers/20200722_230715/execution0.log"/>
         <property name="attachments" value=""/>
         <property name="hostName" value="chaidir.pratama01 - localhost"/>
         <property name="os" value="Mac OS X 64bit"/>
         <property name="katalonVersion" value="7.6.0.${buildNumber}"/>
         <property name="browser" value="Chrome 84.0.4147.89"/>
         <property name="hostAddress" value="127.0.0.1"/>
         <property name="sessionId" value="b9456e4bd32db71a08909acfd7a23c38"/>
         <property name="seleniumVersion" value="3.141.59"/>
         <property name="proxyInformation" value="ProxyInformation { proxyOption=NO_PROXY, proxyServerType=HTTP, username=, password=********, proxyServerAddress=, proxyServerPort=0, executionList=\&quot;\&quot;, isApplyToDesiredCapabilities=true }"/>
         <property name="platform" value="Mac OS X"/>
      </properties>
      <testcase name="Test Cases/IST_Real/CONTRACT_DISPATCHER_TWO_WHEELERS/DEV/Update_Tbl_CDS_CDC" time="1.906" classname="Test Cases/IST_Real/CONTRACT_DISPATCHER_TWO_WHEELERS/DEV/Update_Tbl_CDS_CDC" status="PASSED">
         <system-out><![CDATA[2020-07-22 23:07:21 - [TEST_CASE][PASSED] - Test Cases/IST_Real/CONTRACT_DISPATCHER_TWO_WHEELERS/DEV/Update_Tbl_CDS_CDC: Test Cases/IST_Real/CONTRACT_DISPATCHER_TWO_WHEELERS/DEV/Update_Tbl_CDS_CDC

2020-07-22 23:07:21 - [TEST_STEP][PASSED] - runFeatureFile("Include/features/IST_Real/CONTRACT_DISPATCHER_TWO_WHEELERS/DEV/Update_Tbl_CDS_CDC.feature"): Feature file: 'Include/features/IST_Real/CONTRACT_DISPATCHER_TWO_WHEELERS/DEV/Update_Tbl_CDS_CDC.feature' was passed

2020-07-22 23:07:21 - [MESSAGE][INFO] - Starting run keyword runFeatureFile: 'Include/features/IST_Real/CONTRACT_DISPATCHER_TWO_WHEELERS/DEV/Update_Tbl_CDS_CDC.feature' and extract report to folder: '/Users/chaidir.pratama01/Katalon Studio/IST_Automation_Git/Reports/20200722_230715/CONTRACT_DISPATCHER_TWO_WHEELERS/DEV/TS_Contract_Dispatcher_Two_Wheelers/20200722_230715/cucumber_report/1595434041457'...

2020-07-22 23:07:21 - [TEST_CASE][PASSED] - Start Test Case : SCENARIO Update Table CONTRACT_DISPATCHER_SOURCE and CONTRACT_DISPTACHER_CLAIM: SCENARIO Update Table CONTRACT_DISPATCHER_SOURCE and CONTRACT_DISPTACHER_CLAIM

2020-07-22 23:07:21 - [TEST_STEP][PASSED] - Connect to APP_ACCOUNT C1: Connect to APP_ACCOUNT C1

2020-07-22 23:07:22 - [MESSAGE][PASSED] - Connect to APP_ACCOUNT C1

2020-07-22 23:07:22 - [TEST_STEP][PASSED] - Update Tbl CONTRACT DISPATCHER SOURCE To Change PROCESSED From Y to N: Update Tbl CONTRACT DISPATCHER SOURCE To Change PROCESSED From Y to N

2020-07-22 23:07:22 - [MESSAGE][PASSED] - Update Tbl CONTRACT DISPATCHER SOURCE To Change PROCESSED From Y to N

2020-07-22 23:07:22 - [TEST_STEP][PASSED] - Update Tbl CONTRACT DISPATCHER CLAIM To Delete PROCESS From Column STATUS: Update Tbl CONTRACT DISPATCHER CLAIM To Delete PROCESS From Column STATUS

2020-07-22 23:07:23 - [MESSAGE][PASSED] - Update Tbl CONTRACT DISPATCHER CLAIM To Delete PROCESS From Column STATUS

2020-07-22 23:07:23 - [MESSAGE][PASSED] - Feature file: 'Include/features/IST_Real/CONTRACT_DISPATCHER_TWO_WHEELERS/DEV/Update_Tbl_CDS_CDC.feature' was passed]]></system-out>
         <system-err><![CDATA[]]></system-err>
      </testcase>
      <testcase name="Test Cases/IST_Real/CONTRACT_DISPATCHER_TWO_WHEELERS/DEV/Contract_Dispatcher_TW" time="105.183" classname="Test Cases/IST_Real/CONTRACT_DISPATCHER_TWO_WHEELERS/DEV/Contract_Dispatcher_TW" status="PASSED">
         <system-out><![CDATA[2020-07-22 23:07:23 - [TEST_CASE][PASSED] - Test Cases/IST_Real/CONTRACT_DISPATCHER_TWO_WHEELERS/DEV/Contract_Dispatcher_TW: Test Cases/IST_Real/CONTRACT_DISPATCHER_TWO_WHEELERS/DEV/Contract_Dispatcher_TW

2020-07-22 23:07:23 - [TEST_STEP][PASSED] - runFeatureFile("Include/features/IST_Real/CONTRACT_DISPATCHER_TWO_WHEELERS/DEV/Contract_Dispatcher_TW.feature"): Feature file: 'Include/features/IST_Real/CONTRACT_DISPATCHER_TWO_WHEELERS/DEV/Contract_Dispatcher_TW.feature' was passed

2020-07-22 23:07:23 - [MESSAGE][INFO] - Starting run keyword runFeatureFile: 'Include/features/IST_Real/CONTRACT_DISPATCHER_TWO_WHEELERS/DEV/Contract_Dispatcher_TW.feature' and extract report to folder: '/Users/chaidir.pratama01/Katalon Studio/IST_Automation_Git/Reports/20200722_230715/CONTRACT_DISPATCHER_TWO_WHEELERS/DEV/TS_Contract_Dispatcher_Two_Wheelers/20200722_230715/cucumber_report/1595434043212'...

2020-07-22 23:07:23 - [TEST_CASE][PASSED] - Start Test Case : SCENARIO Select Menu Contract Dispatcher and Select Contract based on type contract Two Wheelers: SCENARIO Select Menu Contract Dispatcher and Select Contract based on type contract Two Wheelers

2020-07-22 23:07:23 - [TEST_STEP][PASSED] - Go to IST: Go to IST

2020-07-22 23:07:23 - [MESSAGE][INFO] - Starting 'Chrome' driver

2020-07-22 23:07:23 - [MESSAGE][INFO] - Action delay is set to 0 milliseconds

2020-07-22 23:07:25 - [MESSAGE][PASSED] - Browser is opened with url: ''

2020-07-22 23:07:26 - [MESSAGE][PASSED] - Navigate to 'https://dev-istools.homecredit.id/foundation/login.zul' successfully

2020-07-22 23:07:26 - [MESSAGE][PASSED] - Go to IST

2020-07-22 23:07:26 - [TEST_STEP][PASSED] - Login IST with valid credentials: Login IST with valid credentials

2020-07-22 23:07:27 - [MESSAGE][PASSED] - Text 'mobile.test' is set on object 'Object Repository/Page_/input_Username_j_username'

2020-07-22 23:07:28 - [MESSAGE][PASSED] - Text ****** has been set on object 'Object Repository/Page_/input_Password_j_password'

2020-07-22 23:07:29 - [MESSAGE][PASSED] - Object: 'Object Repository/Page_/button_Login' is clicked on

2020-07-22 23:07:29 - [MESSAGE][PASSED] - Login IST with valid credentials

2020-07-22 23:07:29 - [TEST_STEP][PASSED] - Login Success for contract dispatcher: Login Success for contract dispatcher

2020-07-22 23:07:29 - [MESSAGE][INFO] - Login Success

2020-07-22 23:07:29 - [MESSAGE][PASSED] - Current window maximized

2020-07-22 23:07:30 - [MESSAGE][PASSED] - Object 'Object Repository/Page_/h1_Welcome to IT Supporting Tools' is present

2020-07-22 23:07:30 - [MESSAGE][PASSED] - Login Success for contract dispatcher

2020-07-22 23:07:30 - [TEST_STEP][PASSED] - Select Menu "Contract Dispatcher": Select Menu "Contract Dispatcher"

2020-07-22 23:07:30 - [MESSAGE][PASSED] - Object '' is present

2020-07-22 23:07:30 - [MESSAGE][PASSED] - Object: '' is clicked on

2020-07-22 23:07:30 - [MESSAGE][PASSED] - Wait for page load successfully

2020-07-22 23:07:30 - [MESSAGE][PASSED] - Select Menu "Contract Dispatcher"

2020-07-22 23:07:30 - [TEST_STEP][PASSED] - Select Contract Number based on Type Contract "TWO_WHEELERS": Select Contract Number based on Type Contract "TWO_WHEELERS"

2020-07-22 23:07:33 - [MESSAGE][PASSED] - Object '' is present

2020-07-22 23:07:34 - [MESSAGE][PASSED] - Object '' is present

2020-07-22 23:07:34 - [MESSAGE][PASSED] - Object: '' is clicked on

2020-07-22 23:07:35 - [MESSAGE][PASSED] - Object '' is checked

2020-07-22 23:07:35 - [MESSAGE][PASSED] - Select Contract Number based on Type Contract "TWO_WHEELERS"

2020-07-22 23:07:35 - [TEST_STEP][PASSED] - Click button "Claim": Click button "Claim"

2020-07-22 23:07:35 - [MESSAGE][INFO] - >>>>>//Button[contains(text(),'Claim')]

2020-07-22 23:07:38 - [MESSAGE][PASSED] - Object: '' is clicked on

2020-07-22 23:07:38 - [MESSAGE][PASSED] - Click button "Claim"

2020-07-22 23:07:38 - [TEST_STEP][PASSED] - Varify the mistake detail already match with the matrix Base on Type Contract: Varify the mistake detail already match with the matrix Base on Type Contract

2020-07-22 23:07:41 - [MESSAGE][PASSED] - Object '' is present

2020-07-22 23:07:42 - [MESSAGE][PASSED] - Object: '' is clicked on

2020-07-22 23:07:42 - [MESSAGE][PASSED] - Object '' is present

2020-07-22 23:07:42 - [MESSAGE][PASSED] - Object '' is not checked

2020-07-22 23:07:42 - [MESSAGE][PASSED] - Object '' is present

2020-07-22 23:07:43 - [MESSAGE][PASSED] - Object '' is not checked

2020-07-22 23:07:43 - [MESSAGE][PASSED] - Object '' is present

2020-07-22 23:07:43 - [MESSAGE][PASSED] - Object '' is not checked

2020-07-22 23:07:44 - [MESSAGE][PASSED] - Object '' is present

2020-07-22 23:07:44 - [MESSAGE][PASSED] - Object '' is not checked

2020-07-22 23:07:44 - [MESSAGE][PASSED] - Object '' is present

2020-07-22 23:07:45 - [MESSAGE][PASSED] - Object '' is not checked

2020-07-22 23:07:45 - [MESSAGE][PASSED] - Object '' is present

2020-07-22 23:07:45 - [MESSAGE][PASSED] - Object '' is not checked

2020-07-22 23:07:45 - [MESSAGE][PASSED] - Object '' is present

2020-07-22 23:07:46 - [MESSAGE][PASSED] - Object '' is not checked

2020-07-22 23:07:46 - [MESSAGE][PASSED] - Object '' is present

2020-07-22 23:07:47 - [MESSAGE][PASSED] - Object '' is not checked

2020-07-22 23:07:47 - [MESSAGE][PASSED] - Object '' is present

2020-07-22 23:07:47 - [MESSAGE][PASSED] - Object '' is not checked

2020-07-22 23:07:48 - [MESSAGE][PASSED] - Object '' is present

2020-07-22 23:07:48 - [MESSAGE][PASSED] - Object '' is not checked

2020-07-22 23:07:48 - [MESSAGE][PASSED] - Object '' is present

2020-07-22 23:07:49 - [MESSAGE][PASSED] - Object '' is not checked

2020-07-22 23:07:49 - [MESSAGE][PASSED] - Object '' is present

2020-07-22 23:07:49 - [MESSAGE][PASSED] - Object '' is not checked

2020-07-22 23:07:50 - [MESSAGE][PASSED] - Object '' is present

2020-07-22 23:07:50 - [MESSAGE][PASSED] - Object '' is not checked

2020-07-22 23:07:51 - [MESSAGE][PASSED] - Object '' is present

2020-07-22 23:07:51 - [MESSAGE][PASSED] - Object '' is not checked

2020-07-22 23:07:51 - [MESSAGE][PASSED] - Object '' is present

2020-07-22 23:07:52 - [MESSAGE][PASSED] - Object '' is not checked

2020-07-22 23:07:52 - [MESSAGE][PASSED] - Object '' is present

2020-07-22 23:07:52 - [MESSAGE][PASSED] - Object '' is not checked

2020-07-22 23:07:53 - [MESSAGE][PASSED] - Object '' is present

2020-07-22 23:07:53 - [MESSAGE][PASSED] - Object '' is not checked

2020-07-22 23:07:53 - [MESSAGE][PASSED] - Object '' is present

2020-07-22 23:07:54 - [MESSAGE][PASSED] - Object '' is not checked

2020-07-22 23:07:54 - [MESSAGE][PASSED] - Object '' is present

2020-07-22 23:07:54 - [MESSAGE][PASSED] - Object '' is not checked

2020-07-22 23:07:55 - [MESSAGE][PASSED] - Object '' is present

2020-07-22 23:07:55 - [MESSAGE][PASSED] - Object '' is not checked

2020-07-22 23:07:55 - [MESSAGE][PASSED] - Object '' is present

2020-07-22 23:07:56 - [MESSAGE][PASSED] - Object: '' is clicked on

2020-07-22 23:07:56 - [MESSAGE][PASSED] - Object '' is present

2020-07-22 23:07:57 - [MESSAGE][PASSED] - Object '' is not checked

2020-07-22 23:07:57 - [MESSAGE][PASSED] - Object '' is present

2020-07-22 23:07:57 - [MESSAGE][PASSED] - Object '' is not checked

2020-07-22 23:07:58 - [MESSAGE][PASSED] - Object '' is present

2020-07-22 23:07:58 - [MESSAGE][PASSED] - Object '' is not checked

2020-07-22 23:07:58 - [MESSAGE][PASSED] - Object '' is present

2020-07-22 23:07:59 - [MESSAGE][PASSED] - Object '' is not checked

2020-07-22 23:07:59 - [MESSAGE][PASSED] - Object '' is present

2020-07-22 23:07:59 - [MESSAGE][PASSED] - Object '' is not checked

2020-07-22 23:08:00 - [MESSAGE][PASSED] - Object '' is present

2020-07-22 23:08:00 - [MESSAGE][PASSED] - Object '' is not checked

2020-07-22 23:08:00 - [MESSAGE][PASSED] - Object '' is present

2020-07-22 23:08:01 - [MESSAGE][PASSED] - Object: '' is clicked on

2020-07-22 23:08:01 - [MESSAGE][PASSED] - Object '' is present

2020-07-22 23:08:01 - [MESSAGE][PASSED] - Object '' is not checked

2020-07-22 23:08:02 - [MESSAGE][PASSED] - Object '' is present

2020-07-22 23:08:02 - [MESSAGE][PASSED] - Object '' is not checked

2020-07-22 23:08:02 - [MESSAGE][PASSED] - Object '' is present

2020-07-22 23:08:03 - [MESSAGE][PASSED] - Object '' is not checked

2020-07-22 23:08:03 - [MESSAGE][PASSED] - Object '' is present

2020-07-22 23:08:04 - [MESSAGE][PASSED] - Object: '' is clicked on

2020-07-22 23:08:04 - [MESSAGE][PASSED] - Object '' is present

2020-07-22 23:08:04 - [MESSAGE][PASSED] - Object '' is not checked

2020-07-22 23:08:05 - [MESSAGE][PASSED] - Object '' is present

2020-07-22 23:08:05 - [MESSAGE][PASSED] - Object '' is not checked

2020-07-22 23:08:05 - [MESSAGE][PASSED] - Object '' is present

2020-07-22 23:08:06 - [MESSAGE][PASSED] - Object '' is not checked

2020-07-22 23:08:06 - [MESSAGE][PASSED] - Object '' is present

2020-07-22 23:08:07 - [MESSAGE][PASSED] - Object '' is not checked

2020-07-22 23:08:07 - [MESSAGE][PASSED] - Object '' is present

2020-07-22 23:08:07 - [MESSAGE][PASSED] - Object '' is not checked

2020-07-22 23:08:08 - [MESSAGE][PASSED] - Object '' is present

2020-07-22 23:08:08 - [MESSAGE][PASSED] - Object '' is not checked

2020-07-22 23:08:08 - [MESSAGE][PASSED] - Object '' is present

2020-07-22 23:08:08 - [MESSAGE][PASSED] - Object '' is not checked

2020-07-22 23:08:09 - [MESSAGE][PASSED] - Object '' is present

2020-07-22 23:08:09 - [MESSAGE][PASSED] - Object: '' is clicked on

2020-07-22 23:08:10 - [MESSAGE][PASSED] - Object '' is present

2020-07-22 23:08:10 - [MESSAGE][PASSED] - Object '' is not checked

2020-07-22 23:08:10 - [MESSAGE][PASSED] - Object '' is present

2020-07-22 23:08:10 - [MESSAGE][PASSED] - Object '' is not checked

2020-07-22 23:08:11 - [MESSAGE][PASSED] - Object '' is present

2020-07-22 23:08:11 - [MESSAGE][PASSED] - Object '' is not checked

2020-07-22 23:08:12 - [MESSAGE][PASSED] - Object '' is present

2020-07-22 23:08:12 - [MESSAGE][PASSED] - Object '' is not checked

2020-07-22 23:08:12 - [MESSAGE][PASSED] - Object '' is present

2020-07-22 23:08:13 - [MESSAGE][PASSED] - Object '' is not checked

2020-07-22 23:08:13 - [MESSAGE][PASSED] - Object '' is present

2020-07-22 23:08:13 - [MESSAGE][PASSED] - Object '' is not checked

2020-07-22 23:08:14 - [MESSAGE][PASSED] - Object '' is present

2020-07-22 23:08:14 - [MESSAGE][PASSED] - Object '' is not checked

2020-07-22 23:08:14 - [MESSAGE][PASSED] - Object '' is present

2020-07-22 23:08:15 - [MESSAGE][PASSED] - Object: '' is clicked on

2020-07-22 23:08:15 - [MESSAGE][PASSED] - Object '' is present

2020-07-22 23:08:15 - [MESSAGE][PASSED] - Object '' is not checked

2020-07-22 23:08:16 - [MESSAGE][PASSED] - Object '' is present

2020-07-22 23:08:16 - [MESSAGE][PASSED] - Object '' is not checked

2020-07-22 23:08:16 - [MESSAGE][PASSED] - Object '' is present

2020-07-22 23:08:17 - [MESSAGE][PASSED] - Object '' is not checked

2020-07-22 23:08:17 - [MESSAGE][PASSED] - Object '' is present

2020-07-22 23:08:18 - [MESSAGE][PASSED] - Object '' is not checked

2020-07-22 23:08:18 - [MESSAGE][PASSED] - Object '' is present

2020-07-22 23:08:18 - [MESSAGE][PASSED] - Object: '' is clicked on

2020-07-22 23:08:19 - [MESSAGE][PASSED] - Object '' is present

2020-07-22 23:08:19 - [MESSAGE][PASSED] - Object '' is not checked

2020-07-22 23:08:19 - [MESSAGE][PASSED] - Object '' is present

2020-07-22 23:08:19 - [MESSAGE][PASSED] - Object '' is not checked

2020-07-22 23:08:20 - [MESSAGE][PASSED] - Object '' is present

2020-07-22 23:08:20 - [MESSAGE][PASSED] - Object '' is not checked

2020-07-22 23:08:20 - [MESSAGE][PASSED] - Object '' is present

2020-07-22 23:08:21 - [MESSAGE][PASSED] - Object: '' is clicked on

2020-07-22 23:08:21 - [MESSAGE][PASSED] - Object '' is present

2020-07-22 23:08:22 - [MESSAGE][PASSED] - Object '' is not checked

2020-07-22 23:08:22 - [MESSAGE][PASSED] - Object '' is present

2020-07-22 23:08:22 - [MESSAGE][PASSED] - Object '' is not checked

2020-07-22 23:08:23 - [MESSAGE][PASSED] - Object '' is present

2020-07-22 23:08:23 - [MESSAGE][PASSED] - Object '' is not checked

2020-07-22 23:08:23 - [MESSAGE][PASSED] - Object '' is present

2020-07-22 23:08:24 - [MESSAGE][PASSED] - Object: '' is clicked on

2020-07-22 23:08:24 - [MESSAGE][PASSED] - Object '' is present

2020-07-22 23:08:25 - [MESSAGE][PASSED] - Object '' is not checked

2020-07-22 23:08:25 - [MESSAGE][PASSED] - Object '' is present

2020-07-22 23:08:25 - [MESSAGE][PASSED] - Object '' is not checked

2020-07-22 23:08:26 - [MESSAGE][PASSED] - Object '' is present

2020-07-22 23:08:26 - [MESSAGE][PASSED] - Object '' is not checked

2020-07-22 23:08:26 - [MESSAGE][PASSED] - Object '' is present

2020-07-22 23:08:27 - [MESSAGE][PASSED] - Object '' is not checked

2020-07-22 23:08:27 - [MESSAGE][PASSED] - Object '' is present

2020-07-22 23:08:27 - [MESSAGE][PASSED] - Object: '' is clicked on

2020-07-22 23:08:28 - [MESSAGE][PASSED] - Object '' is present

2020-07-22 23:08:28 - [MESSAGE][PASSED] - Object '' is not checked

2020-07-22 23:08:28 - [MESSAGE][PASSED] - Object '' is present

2020-07-22 23:08:29 - [MESSAGE][PASSED] - Object '' is not checked

2020-07-22 23:08:29 - [MESSAGE][PASSED] - Object '' is present

2020-07-22 23:08:29 - [MESSAGE][PASSED] - Object '' is not checked

2020-07-22 23:08:30 - [MESSAGE][PASSED] - Object '' is present

2020-07-22 23:08:30 - [MESSAGE][PASSED] - Object '' is not checked

2020-07-22 23:08:30 - [MESSAGE][PASSED] - Object '' is present

2020-07-22 23:08:31 - [MESSAGE][PASSED] - Object '' is not checked

2020-07-22 23:08:31 - [MESSAGE][PASSED] - Object '' is present

2020-07-22 23:08:31 - [MESSAGE][PASSED] - Object '' is not checked

2020-07-22 23:08:32 - [MESSAGE][PASSED] - Object '' is present

2020-07-22 23:08:32 - [MESSAGE][PASSED] - Object '' is not checked

2020-07-22 23:08:32 - [MESSAGE][PASSED] - Object '' is present

2020-07-22 23:08:32 - [MESSAGE][PASSED] - Object: '' is clicked on

2020-07-22 23:08:33 - [MESSAGE][PASSED] - Object '' is present

2020-07-22 23:08:33 - [MESSAGE][PASSED] - Object '' is not checked

2020-07-22 23:08:34 - [MESSAGE][PASSED] - Object '' is present

2020-07-22 23:08:34 - [MESSAGE][PASSED] - Object '' is not checked

2020-07-22 23:08:35 - [MESSAGE][PASSED] - Object '' is present

2020-07-22 23:08:35 - [MESSAGE][PASSED] - Object '' is not checked

2020-07-22 23:08:35 - [MESSAGE][PASSED] - Object '' is present

2020-07-22 23:08:36 - [MESSAGE][PASSED] - Object '' is not checked

2020-07-22 23:08:36 - [MESSAGE][PASSED] - Object '' is present

2020-07-22 23:08:36 - [MESSAGE][PASSED] - Object '' is not checked

2020-07-22 23:08:36 - [MESSAGE][PASSED] - Object '' is present

2020-07-22 23:08:37 - [MESSAGE][PASSED] - Object '' is not checked

2020-07-22 23:08:37 - [MESSAGE][PASSED] - Object '' is present

2020-07-22 23:08:37 - [MESSAGE][PASSED] - Object '' is not checked

2020-07-22 23:08:38 - [MESSAGE][PASSED] - Object: '' is clicked on

2020-07-22 23:08:38 - [MESSAGE][PASSED] - Object: '' is clicked on

2020-07-22 23:08:38 - [MESSAGE][PASSED] - Object: '' is clicked on

2020-07-22 23:08:39 - [MESSAGE][PASSED] - Object '' is present

2020-07-22 23:08:39 - [MESSAGE][PASSED] - Object: '' is clicked on

2020-07-22 23:08:40 - [MESSAGE][PASSED] - Object '' is present

2020-07-22 23:08:40 - [MESSAGE][PASSED] - Object '' is not checked

2020-07-22 23:08:40 - [MESSAGE][PASSED] - Object '' is present

2020-07-22 23:08:41 - [MESSAGE][PASSED] - Object '' is not checked

2020-07-22 23:08:41 - [MESSAGE][PASSED] - Object '' is present

2020-07-22 23:08:42 - [MESSAGE][PASSED] - Object: '' is clicked on

2020-07-22 23:08:42 - [MESSAGE][PASSED] - Object '' is present

2020-07-22 23:08:42 - [MESSAGE][PASSED] - Object '' is not checked

2020-07-22 23:08:43 - [MESSAGE][PASSED] - Object '' is present

2020-07-22 23:08:43 - [MESSAGE][PASSED] - Object '' is not checked

2020-07-22 23:08:43 - [MESSAGE][PASSED] - Object '' is present

2020-07-22 23:08:44 - [MESSAGE][PASSED] - Object '' is not checked

2020-07-22 23:08:44 - [MESSAGE][PASSED] - Object '' is present

2020-07-22 23:08:44 - [MESSAGE][PASSED] - Object '' is not checked

2020-07-22 23:08:45 - [MESSAGE][PASSED] - Object '' is present

2020-07-22 23:08:45 - [MESSAGE][PASSED] - Object: '' is clicked on

2020-07-22 23:08:46 - [MESSAGE][PASSED] - Object '' is present

2020-07-22 23:08:46 - [MESSAGE][PASSED] - Object '' is not checked

2020-07-22 23:08:46 - [MESSAGE][PASSED] - Object '' is present

2020-07-22 23:08:47 - [MESSAGE][PASSED] - Object '' is not checked

2020-07-22 23:08:47 - [MESSAGE][PASSED] - Object '' is present

2020-07-22 23:08:47 - [MESSAGE][PASSED] - Object '' is not checked

2020-07-22 23:08:48 - [MESSAGE][PASSED] - Object '' is present

2020-07-22 23:08:48 - [MESSAGE][PASSED] - Object '' is not checked

2020-07-22 23:08:48 - [MESSAGE][PASSED] - Object '' is present

2020-07-22 23:08:49 - [MESSAGE][PASSED] - Object '' is not checked

2020-07-22 23:08:49 - [MESSAGE][PASSED] - Object: '' is clicked on

2020-07-22 23:08:49 - [MESSAGE][PASSED] - Object: '' is clicked on

2020-07-22 23:08:49 - [MESSAGE][PASSED] - Object: '' is clicked on

2020-07-22 23:08:49 - [MESSAGE][PASSED] - Varify the mistake detail already match with the matrix Base on Type Contract

2020-07-22 23:08:49 - [TEST_STEP][PASSED] - Click on Tab "KTP": Click on Tab "KTP"

2020-07-22 23:08:50 - [MESSAGE][PASSED] - Object '' is present

2020-07-22 23:08:50 - [MESSAGE][PASSED] - Object: '' is clicked on

2020-07-22 23:08:50 - [MESSAGE][PASSED] - Click on Tab "KTP"

2020-07-22 23:08:50 - [TEST_STEP][PASSED] - Checkbox General Mistake "20. KTP atau Resi - Alamat tetap pemohon pada sistem (HoS) berbeda dengan KTP": Checkbox General Mistake "20. KTP atau Resi - Alamat tetap pemohon pada sistem (HoS) berbeda dengan KTP"

2020-07-22 23:08:50 - [MESSAGE][PASSED] - Object: '' is clicked on

2020-07-22 23:08:50 - [MESSAGE][PASSED] - Wait for page load successfully

2020-07-22 23:08:50 - [MESSAGE][PASSED] - Checkbox General Mistake "20. KTP atau Resi - Alamat tetap pemohon pada sistem (HoS) berbeda dengan KTP"

2020-07-22 23:08:50 - [TEST_STEP][PASSED] - Choose Dropdown mistake type "Beda RT" from mistake name "20. KTP atau Resi - Alamat tetap pemohon pada sistem (HoS) berbeda dengan KTP": Choose Dropdown mistake type "Beda RT" from mistake name "20. KTP atau Resi - Alamat tetap pemohon pada sistem (HoS) berbeda dengan KTP"

2020-07-22 23:08:52 - [MESSAGE][PASSED] - All options with index in [1] are selected on object ''

2020-07-22 23:08:52 - [MESSAGE][PASSED] - Wait for page load successfully

2020-07-22 23:08:52 - [MESSAGE][PASSED] - Choose Dropdown mistake type "Beda RT" from mistake name "20. KTP atau Resi - Alamat tetap pemohon pada sistem (HoS) berbeda dengan KTP"

2020-07-22 23:08:52 - [TEST_STEP][PASSED] - Type on textarea note before based on mistake name "20. KTP atau Resi - Alamat tetap pemohon pada sistem (HoS) berbeda dengan KTP" with value "TESTING": Type on textarea note before based on mistake name "20. KTP atau Resi - Alamat tetap pemohon pada sistem (HoS) berbeda dengan KTP" with value "TESTING"

2020-07-22 23:08:53 - [MESSAGE][PASSED] - Text 'TESTING' is set on object ''

2020-07-22 23:08:53 - [MESSAGE][PASSED] - Wait for page load successfully

2020-07-22 23:08:53 - [MESSAGE][PASSED] - Type on textarea note before based on mistake name "20. KTP atau Resi - Alamat tetap pemohon pada sistem (HoS) berbeda dengan KTP" with value "TESTING"

2020-07-22 23:08:53 - [TEST_STEP][PASSED] - Type on textarea note after based on mistake name "20. KTP atau Resi - Alamat tetap pemohon pada sistem (HoS) berbeda dengan KTP" with value "TESTING after": Type on textarea note after based on mistake name "20. KTP atau Resi - Alamat tetap pemohon pada sistem (HoS) berbeda dengan KTP" with value "TESTING after"

2020-07-22 23:08:53 - [MESSAGE][PASSED] - Text 'TESTING after' is set on object ''

2020-07-22 23:08:53 - [MESSAGE][PASSED] - Wait for page load successfully

2020-07-22 23:08:53 - [MESSAGE][PASSED] - Type on textarea note after based on mistake name "20. KTP atau Resi - Alamat tetap pemohon pada sistem (HoS) berbeda dengan KTP" with value "TESTING after"

2020-07-22 23:08:53 - [TEST_STEP][PASSED] - Click button "Save": Click button "Save"

2020-07-22 23:08:53 - [MESSAGE][INFO] - >>>>>//Button[contains(text(),'Save')]

2020-07-22 23:08:57 - [MESSAGE][PASSED] - Object: '' is clicked on

2020-07-22 23:08:57 - [MESSAGE][PASSED] - Click button "Save"

2020-07-22 23:08:57 - [TEST_STEP][PASSED] - Get text from pop up "IT Supporting Tools" with text "Mistake has been saved": Get text from pop up "IT Supporting Tools" with text "Mistake has been saved"

2020-07-22 23:09:01 - [MESSAGE][PASSED] - Object '' is present

2020-07-22 23:09:01 - [MESSAGE][PASSED] - Wait for page load successfully

2020-07-22 23:09:01 - [MESSAGE][PASSED] - Wait for page load successfully

2020-07-22 23:09:01 - [MESSAGE][PASSED] - Get text from pop up "IT Supporting Tools" with text "Mistake has been saved"

2020-07-22 23:09:01 - [TEST_STEP][PASSED] - Click button "OK": Click button "OK"

2020-07-22 23:09:01 - [MESSAGE][INFO] - >>>>>//Button[contains(text(),'OK')]

2020-07-22 23:09:04 - [MESSAGE][PASSED] - Object: '' is clicked on

2020-07-22 23:09:04 - [MESSAGE][PASSED] - Click button "OK"

2020-07-22 23:09:04 - [TEST_STEP][PASSED] - Click button "Logout": Click button "Logout"

2020-07-22 23:09:04 - [MESSAGE][INFO] - >>>>>//Button[contains(text(),'Logout')]

2020-07-22 23:09:08 - [MESSAGE][PASSED] - Object: '' is clicked on

2020-07-22 23:09:08 - [MESSAGE][PASSED] - Click button "Logout"

2020-07-22 23:09:08 - [TEST_STEP][PASSED] - Close browser: Close browser

2020-07-22 23:09:08 - [MESSAGE][PASSED] - Browser is closed

2020-07-22 23:09:08 - [MESSAGE][PASSED] - Close browser

2020-07-22 23:09:08 - [MESSAGE][PASSED] - Feature file: 'Include/features/IST_Real/CONTRACT_DISPATCHER_TWO_WHEELERS/DEV/Contract_Dispatcher_TW.feature' was passed]]></system-out>
         <system-err><![CDATA[]]></system-err>
      </testcase>
      <testcase name="Test Cases/IST_Real/CONTRACT_DISPATCHER_TWO_WHEELERS/DEV/Update_Tbl_CDS_CDC" time="0.653" classname="Test Cases/IST_Real/CONTRACT_DISPATCHER_TWO_WHEELERS/DEV/Update_Tbl_CDS_CDC" status="PASSED">
         <system-out><![CDATA[2020-07-22 23:09:08 - [TEST_CASE][PASSED] - Test Cases/IST_Real/CONTRACT_DISPATCHER_TWO_WHEELERS/DEV/Update_Tbl_CDS_CDC: Test Cases/IST_Real/CONTRACT_DISPATCHER_TWO_WHEELERS/DEV/Update_Tbl_CDS_CDC

2020-07-22 23:09:08 - [TEST_STEP][PASSED] - runFeatureFile("Include/features/IST_Real/CONTRACT_DISPATCHER_TWO_WHEELERS/DEV/Update_Tbl_CDS_CDC.feature"): Feature file: 'Include/features/IST_Real/CONTRACT_DISPATCHER_TWO_WHEELERS/DEV/Update_Tbl_CDS_CDC.feature' was passed

2020-07-22 23:09:08 - [MESSAGE][INFO] - Starting run keyword runFeatureFile: 'Include/features/IST_Real/CONTRACT_DISPATCHER_TWO_WHEELERS/DEV/Update_Tbl_CDS_CDC.feature' and extract report to folder: '/Users/chaidir.pratama01/Katalon Studio/IST_Automation_Git/Reports/20200722_230715/CONTRACT_DISPATCHER_TWO_WHEELERS/DEV/TS_Contract_Dispatcher_Two_Wheelers/20200722_230715/cucumber_report/1595434148326'...

2020-07-22 23:09:08 - [TEST_CASE][PASSED] - Start Test Case : SCENARIO Update Table CONTRACT_DISPATCHER_SOURCE and CONTRACT_DISPTACHER_CLAIM: SCENARIO Update Table CONTRACT_DISPATCHER_SOURCE and CONTRACT_DISPTACHER_CLAIM

2020-07-22 23:09:08 - [TEST_STEP][PASSED] - Connect to APP_ACCOUNT C1: Connect to APP_ACCOUNT C1

2020-07-22 23:09:08 - [MESSAGE][PASSED] - Connect to APP_ACCOUNT C1

2020-07-22 23:09:08 - [TEST_STEP][PASSED] - Update Tbl CONTRACT DISPATCHER SOURCE To Change PROCESSED From Y to N: Update Tbl CONTRACT DISPATCHER SOURCE To Change PROCESSED From Y to N

2020-07-22 23:09:08 - [MESSAGE][PASSED] - Update Tbl CONTRACT DISPATCHER SOURCE To Change PROCESSED From Y to N

2020-07-22 23:09:08 - [TEST_STEP][PASSED] - Update Tbl CONTRACT DISPATCHER CLAIM To Delete PROCESS From Column STATUS: Update Tbl CONTRACT DISPATCHER CLAIM To Delete PROCESS From Column STATUS

2020-07-22 23:09:08 - [MESSAGE][PASSED] - Update Tbl CONTRACT DISPATCHER CLAIM To Delete PROCESS From Column STATUS

2020-07-22 23:09:08 - [MESSAGE][PASSED] - Feature file: 'Include/features/IST_Real/CONTRACT_DISPATCHER_TWO_WHEELERS/DEV/Update_Tbl_CDS_CDC.feature' was passed]]></system-out>
         <system-err><![CDATA[]]></system-err>
      </testcase>
      <testcase name="Test Cases/IST_Real/CONTRACT_DISPATCHER_TWO_WHEELERS/DEV/Delete_ContractNumber_from_TRK_REGISTRATION_MISTAKE" time="0.422" classname="Test Cases/IST_Real/CONTRACT_DISPATCHER_TWO_WHEELERS/DEV/Delete_ContractNumber_from_TRK_REGISTRATION_MISTAKE" status="PASSED">
         <system-out><![CDATA[2020-07-22 23:09:08 - [TEST_CASE][PASSED] - Test Cases/IST_Real/CONTRACT_DISPATCHER_TWO_WHEELERS/DEV/Delete_ContractNumber_from_TRK_REGISTRATION_MISTAKE: Test Cases/IST_Real/CONTRACT_DISPATCHER_TWO_WHEELERS/DEV/Delete_ContractNumber_from_TRK_REGISTRATION_MISTAKE

2020-07-22 23:09:09 - [TEST_STEP][PASSED] - runFeatureFile("Include/features/IST_Real/CONTRACT_DISPATCHER_TWO_WHEELERS/DEV/Delete_ContractNumber_from_TRK_REGISTRATION_MISTAKE.feature"): Feature file: 'Include/features/IST_Real/CONTRACT_DISPATCHER_TWO_WHEELERS/DEV/Delete_ContractNumber_from_TRK_REGISTRATION_MISTAKE.feature' was passed

2020-07-22 23:09:09 - [MESSAGE][INFO] - Starting run keyword runFeatureFile: 'Include/features/IST_Real/CONTRACT_DISPATCHER_TWO_WHEELERS/DEV/Delete_ContractNumber_from_TRK_REGISTRATION_MISTAKE.feature' and extract report to folder: '/Users/chaidir.pratama01/Katalon Studio/IST_Automation_Git/Reports/20200722_230715/CONTRACT_DISPATCHER_TWO_WHEELERS/DEV/TS_Contract_Dispatcher_Two_Wheelers/20200722_230715/cucumber_report/1595434149065'...

2020-07-22 23:09:09 - [TEST_CASE][PASSED] - Start Test Case : SCENARIO Delete Contract from TRK_REGISTRATION_MISTAKE: SCENARIO Delete Contract from TRK_REGISTRATION_MISTAKE

2020-07-22 23:09:09 - [TEST_STEP][PASSED] - Connect to APP_ACCOUNT C1: Connect to APP_ACCOUNT C1

2020-07-22 23:09:09 - [MESSAGE][PASSED] - Connect to APP_ACCOUNT C1

2020-07-22 23:09:09 - [TEST_STEP][PASSED] - Delete Contract From TRK_REGISTRATION_MISTAKE: Delete Contract From TRK_REGISTRATION_MISTAKE

2020-07-22 23:09:09 - [MESSAGE][PASSED] - Delete Contract From TRK_REGISTRATION_MISTAKE

2020-07-22 23:09:09 - [MESSAGE][PASSED] - Feature file: 'Include/features/IST_Real/CONTRACT_DISPATCHER_TWO_WHEELERS/DEV/Delete_ContractNumber_from_TRK_REGISTRATION_MISTAKE.feature' was passed]]></system-out>
         <system-err><![CDATA[]]></system-err>
      </testcase>
      <testcase name="Test Cases/IST_Real/CONTRACT_DISPATCHER_TWO_WHEELERS/DEV/Claim_Contract_Two_Wheelers_then_Save_it_Without_Register_Any_Mistakes" time="98.696" classname="Test Cases/IST_Real/CONTRACT_DISPATCHER_TWO_WHEELERS/DEV/Claim_Contract_Two_Wheelers_then_Save_it_Without_Register_Any_Mistakes" status="PASSED">
         <system-out><![CDATA[2020-07-22 23:09:09 - [TEST_CASE][PASSED] - Test Cases/IST_Real/CONTRACT_DISPATCHER_TWO_WHEELERS/DEV/Claim_Contract_Two_Wheelers_then_Save_it_Without_Register_Any_Mistakes: Test Cases/IST_Real/CONTRACT_DISPATCHER_TWO_WHEELERS/DEV/Claim_Contract_Two_Wheelers_then_Save_it_Without_Register_Any_Mistakes

2020-07-22 23:09:09 - [TEST_STEP][PASSED] - runFeatureFile("Include/features/IST_Real/CONTRACT_DISPATCHER_TWO_WHEELERS/DEV/Claim_Contract_Two_Wheelers_then_Save_it_Without_Register_Any_Mistakes.feature"): Feature file: 'Include/features/IST_Real/CONTRACT_DISPATCHER_TWO_WHEELERS/DEV/Claim_Contract_Two_Wheelers_then_Save_it_Without_Register_Any_Mistakes.feature' was passed

2020-07-22 23:09:09 - [MESSAGE][INFO] - Starting run keyword runFeatureFile: 'Include/features/IST_Real/CONTRACT_DISPATCHER_TWO_WHEELERS/DEV/Claim_Contract_Two_Wheelers_then_Save_it_Without_Register_Any_Mistakes.feature' and extract report to folder: '/Users/chaidir.pratama01/Katalon Studio/IST_Automation_Git/Reports/20200722_230715/CONTRACT_DISPATCHER_TWO_WHEELERS/DEV/TS_Contract_Dispatcher_Two_Wheelers/20200722_230715/cucumber_report/1595434149489'...

2020-07-22 23:09:09 - [TEST_CASE][PASSED] - Start Test Case : SCENARIO Select Menu Contract Dispatcher and Select Contract based on type contract Two Wheelers: SCENARIO Select Menu Contract Dispatcher and Select Contract based on type contract Two Wheelers

2020-07-22 23:09:09 - [TEST_STEP][PASSED] - Go to IST: Go to IST

2020-07-22 23:09:09 - [MESSAGE][INFO] - Starting 'Chrome' driver

2020-07-22 23:09:09 - [MESSAGE][INFO] - Action delay is set to 0 milliseconds

2020-07-22 23:09:10 - [MESSAGE][PASSED] - Browser is opened with url: ''

2020-07-22 23:09:11 - [MESSAGE][PASSED] - Navigate to 'https://dev-istools.homecredit.id/foundation/login.zul' successfully

2020-07-22 23:09:11 - [MESSAGE][PASSED] - Go to IST

2020-07-22 23:09:11 - [TEST_STEP][PASSED] - Login IST with valid credentials: Login IST with valid credentials

2020-07-22 23:09:12 - [MESSAGE][PASSED] - Text 'mobile.test' is set on object 'Object Repository/Page_/input_Username_j_username'

2020-07-22 23:09:12 - [MESSAGE][PASSED] - Text ****** has been set on object 'Object Repository/Page_/input_Password_j_password'

2020-07-22 23:09:14 - [MESSAGE][PASSED] - Object: 'Object Repository/Page_/button_Login' is clicked on

2020-07-22 23:09:14 - [MESSAGE][PASSED] - Login IST with valid credentials

2020-07-22 23:09:14 - [TEST_STEP][PASSED] - Login Success for contract dispatcher: Login Success for contract dispatcher

2020-07-22 23:09:14 - [MESSAGE][INFO] - Login Success

2020-07-22 23:09:14 - [MESSAGE][PASSED] - Current window maximized

2020-07-22 23:09:14 - [MESSAGE][PASSED] - Object 'Object Repository/Page_/h1_Welcome to IT Supporting Tools' is present

2020-07-22 23:09:14 - [MESSAGE][PASSED] - Login Success for contract dispatcher

2020-07-22 23:09:14 - [TEST_STEP][PASSED] - Select Menu "Contract Dispatcher": Select Menu "Contract Dispatcher"

2020-07-22 23:09:15 - [MESSAGE][PASSED] - Object '' is present

2020-07-22 23:09:15 - [MESSAGE][PASSED] - Object: '' is clicked on

2020-07-22 23:09:15 - [MESSAGE][PASSED] - Wait for page load successfully

2020-07-22 23:09:15 - [MESSAGE][PASSED] - Select Menu "Contract Dispatcher"

2020-07-22 23:09:15 - [TEST_STEP][PASSED] - Select Contract Number based on Type Contract "TWO_WHEELERS": Select Contract Number based on Type Contract "TWO_WHEELERS"

2020-07-22 23:09:18 - [MESSAGE][PASSED] - Object '' is present

2020-07-22 23:09:19 - [MESSAGE][PASSED] - Object '' is present

2020-07-22 23:09:19 - [MESSAGE][PASSED] - Object: '' is clicked on

2020-07-22 23:09:20 - [MESSAGE][PASSED] - Object '' is checked

2020-07-22 23:09:20 - [MESSAGE][PASSED] - Select Contract Number based on Type Contract "TWO_WHEELERS"

2020-07-22 23:09:20 - [TEST_STEP][PASSED] - Click button "Claim": Click button "Claim"

2020-07-22 23:09:20 - [MESSAGE][INFO] - >>>>>//Button[contains(text(),'Claim')]

2020-07-22 23:09:23 - [MESSAGE][PASSED] - Object: '' is clicked on

2020-07-22 23:09:23 - [MESSAGE][PASSED] - Click button "Claim"

2020-07-22 23:09:23 - [TEST_STEP][PASSED] - Varify the mistake detail already match with the matrix Base on Type Contract: Varify the mistake detail already match with the matrix Base on Type Contract

2020-07-22 23:09:27 - [MESSAGE][PASSED] - Object '' is present

2020-07-22 23:09:27 - [MESSAGE][PASSED] - Object: '' is clicked on

2020-07-22 23:09:28 - [MESSAGE][PASSED] - Object '' is present

2020-07-22 23:09:28 - [MESSAGE][PASSED] - Object '' is not checked

2020-07-22 23:09:28 - [MESSAGE][PASSED] - Object '' is present

2020-07-22 23:09:29 - [MESSAGE][PASSED] - Object '' is not checked

2020-07-22 23:09:29 - [MESSAGE][PASSED] - Object '' is present

2020-07-22 23:09:29 - [MESSAGE][PASSED] - Object '' is not checked

2020-07-22 23:09:29 - [MESSAGE][PASSED] - Object '' is present

2020-07-22 23:09:30 - [MESSAGE][PASSED] - Object '' is not checked

2020-07-22 23:09:30 - [MESSAGE][PASSED] - Object '' is present

2020-07-22 23:09:31 - [MESSAGE][PASSED] - Object '' is not checked

2020-07-22 23:09:31 - [MESSAGE][PASSED] - Object '' is present

2020-07-22 23:09:31 - [MESSAGE][PASSED] - Object '' is not checked

2020-07-22 23:09:31 - [MESSAGE][PASSED] - Object '' is present

2020-07-22 23:09:32 - [MESSAGE][PASSED] - Object '' is not checked

2020-07-22 23:09:32 - [MESSAGE][PASSED] - Object '' is present

2020-07-22 23:09:32 - [MESSAGE][PASSED] - Object '' is not checked

2020-07-22 23:09:33 - [MESSAGE][PASSED] - Object '' is present

2020-07-22 23:09:33 - [MESSAGE][PASSED] - Object '' is not checked

2020-07-22 23:09:33 - [MESSAGE][PASSED] - Object '' is present

2020-07-22 23:09:33 - [MESSAGE][PASSED] - Object '' is not checked

2020-07-22 23:09:34 - [MESSAGE][PASSED] - Object '' is present

2020-07-22 23:09:34 - [MESSAGE][PASSED] - Object '' is not checked

2020-07-22 23:09:34 - [MESSAGE][PASSED] - Object '' is present

2020-07-22 23:09:35 - [MESSAGE][PASSED] - Object '' is not checked

2020-07-22 23:09:35 - [MESSAGE][PASSED] - Object '' is present

2020-07-22 23:09:35 - [MESSAGE][PASSED] - Object '' is not checked

2020-07-22 23:09:36 - [MESSAGE][PASSED] - Object '' is present

2020-07-22 23:09:36 - [MESSAGE][PASSED] - Object '' is not checked

2020-07-22 23:09:36 - [MESSAGE][PASSED] - Object '' is present

2020-07-22 23:09:37 - [MESSAGE][PASSED] - Object '' is not checked

2020-07-22 23:09:37 - [MESSAGE][PASSED] - Object '' is present

2020-07-22 23:09:37 - [MESSAGE][PASSED] - Object '' is not checked

2020-07-22 23:09:38 - [MESSAGE][PASSED] - Object '' is present

2020-07-22 23:09:38 - [MESSAGE][PASSED] - Object '' is not checked

2020-07-22 23:09:38 - [MESSAGE][PASSED] - Object '' is present

2020-07-22 23:09:39 - [MESSAGE][PASSED] - Object '' is not checked

2020-07-22 23:09:39 - [MESSAGE][PASSED] - Object '' is present

2020-07-22 23:09:39 - [MESSAGE][PASSED] - Object '' is not checked

2020-07-22 23:09:40 - [MESSAGE][PASSED] - Object '' is present

2020-07-22 23:09:40 - [MESSAGE][PASSED] - Object '' is not checked

2020-07-22 23:09:40 - [MESSAGE][PASSED] - Object '' is present

2020-07-22 23:09:41 - [MESSAGE][PASSED] - Object: '' is clicked on

2020-07-22 23:09:41 - [MESSAGE][PASSED] - Object '' is present

2020-07-22 23:09:42 - [MESSAGE][PASSED] - Object '' is not checked

2020-07-22 23:09:42 - [MESSAGE][PASSED] - Object '' is present

2020-07-22 23:09:42 - [MESSAGE][PASSED] - Object '' is not checked

2020-07-22 23:09:42 - [MESSAGE][PASSED] - Object '' is present

2020-07-22 23:09:43 - [MESSAGE][PASSED] - Object '' is not checked

2020-07-22 23:09:43 - [MESSAGE][PASSED] - Object '' is present

2020-07-22 23:09:43 - [MESSAGE][PASSED] - Object '' is not checked

2020-07-22 23:09:44 - [MESSAGE][PASSED] - Object '' is present

2020-07-22 23:09:44 - [MESSAGE][PASSED] - Object '' is not checked

2020-07-22 23:09:44 - [MESSAGE][PASSED] - Object '' is present

2020-07-22 23:09:45 - [MESSAGE][PASSED] - Object '' is not checked

2020-07-22 23:09:45 - [MESSAGE][PASSED] - Object '' is present

2020-07-22 23:09:46 - [MESSAGE][PASSED] - Object: '' is clicked on

2020-07-22 23:09:46 - [MESSAGE][PASSED] - Object '' is present

2020-07-22 23:09:46 - [MESSAGE][PASSED] - Object '' is not checked

2020-07-22 23:09:47 - [MESSAGE][PASSED] - Object '' is present

2020-07-22 23:09:47 - [MESSAGE][PASSED] - Object '' is not checked

2020-07-22 23:09:47 - [MESSAGE][PASSED] - Object '' is present

2020-07-22 23:09:47 - [MESSAGE][PASSED] - Object '' is not checked

2020-07-22 23:09:48 - [MESSAGE][PASSED] - Object '' is present

2020-07-22 23:09:48 - [MESSAGE][PASSED] - Object: '' is clicked on

2020-07-22 23:09:49 - [MESSAGE][PASSED] - Object '' is present

2020-07-22 23:09:49 - [MESSAGE][PASSED] - Object '' is not checked

2020-07-22 23:09:49 - [MESSAGE][PASSED] - Object '' is present

2020-07-22 23:09:49 - [MESSAGE][PASSED] - Object '' is not checked

2020-07-22 23:09:50 - [MESSAGE][PASSED] - Object '' is present

2020-07-22 23:09:50 - [MESSAGE][PASSED] - Object '' is not checked

2020-07-22 23:09:50 - [MESSAGE][PASSED] - Object '' is present

2020-07-22 23:09:51 - [MESSAGE][PASSED] - Object '' is not checked

2020-07-22 23:09:51 - [MESSAGE][PASSED] - Object '' is present

2020-07-22 23:09:51 - [MESSAGE][PASSED] - Object '' is not checked

2020-07-22 23:09:52 - [MESSAGE][PASSED] - Object '' is present

2020-07-22 23:09:52 - [MESSAGE][PASSED] - Object '' is not checked

2020-07-22 23:09:53 - [MESSAGE][PASSED] - Object '' is present

2020-07-22 23:09:53 - [MESSAGE][PASSED] - Object '' is not checked

2020-07-22 23:09:53 - [MESSAGE][PASSED] - Object '' is present

2020-07-22 23:09:54 - [MESSAGE][PASSED] - Object: '' is clicked on

2020-07-22 23:09:54 - [MESSAGE][PASSED] - Object '' is present

2020-07-22 23:09:54 - [MESSAGE][PASSED] - Object '' is not checked

2020-07-22 23:09:54 - [MESSAGE][PASSED] - Object '' is present

2020-07-22 23:09:55 - [MESSAGE][PASSED] - Object '' is not checked

2020-07-22 23:09:55 - [MESSAGE][PASSED] - Object '' is present

2020-07-22 23:09:55 - [MESSAGE][PASSED] - Object '' is not checked

2020-07-22 23:09:56 - [MESSAGE][PASSED] - Object '' is present

2020-07-22 23:09:56 - [MESSAGE][PASSED] - Object '' is not checked

2020-07-22 23:09:56 - [MESSAGE][PASSED] - Object '' is present

2020-07-22 23:09:57 - [MESSAGE][PASSED] - Object '' is not checked

2020-07-22 23:09:57 - [MESSAGE][PASSED] - Object '' is present

2020-07-22 23:09:57 - [MESSAGE][PASSED] - Object '' is not checked

2020-07-22 23:09:58 - [MESSAGE][PASSED] - Object '' is present

2020-07-22 23:09:58 - [MESSAGE][PASSED] - Object '' is not checked

2020-07-22 23:09:58 - [MESSAGE][PASSED] - Object '' is present

2020-07-22 23:09:59 - [MESSAGE][PASSED] - Object: '' is clicked on

2020-07-22 23:09:59 - [MESSAGE][PASSED] - Object '' is present

2020-07-22 23:09:59 - [MESSAGE][PASSED] - Object '' is not checked

2020-07-22 23:10:00 - [MESSAGE][PASSED] - Object '' is present

2020-07-22 23:10:00 - [MESSAGE][PASSED] - Object '' is not checked

2020-07-22 23:10:00 - [MESSAGE][PASSED] - Object '' is present

2020-07-22 23:10:01 - [MESSAGE][PASSED] - Object '' is not checked

2020-07-22 23:10:01 - [MESSAGE][PASSED] - Object '' is present

2020-07-22 23:10:01 - [MESSAGE][PASSED] - Object '' is not checked

2020-07-22 23:10:02 - [MESSAGE][PASSED] - Object '' is present

2020-07-22 23:10:02 - [MESSAGE][PASSED] - Object: '' is clicked on

2020-07-22 23:10:03 - [MESSAGE][PASSED] - Object '' is present

2020-07-22 23:10:03 - [MESSAGE][PASSED] - Object '' is not checked

2020-07-22 23:10:03 - [MESSAGE][PASSED] - Object '' is present

2020-07-22 23:10:04 - [MESSAGE][PASSED] - Object '' is not checked

2020-07-22 23:10:04 - [MESSAGE][PASSED] - Object '' is present

2020-07-22 23:10:04 - [MESSAGE][PASSED] - Object '' is not checked

2020-07-22 23:10:05 - [MESSAGE][PASSED] - Object '' is present

2020-07-22 23:10:05 - [MESSAGE][PASSED] - Object: '' is clicked on

2020-07-22 23:10:05 - [MESSAGE][PASSED] - Object '' is present

2020-07-22 23:10:06 - [MESSAGE][PASSED] - Object '' is not checked

2020-07-22 23:10:06 - [MESSAGE][PASSED] - Object '' is present

2020-07-22 23:10:06 - [MESSAGE][PASSED] - Object '' is not checked

2020-07-22 23:10:07 - [MESSAGE][PASSED] - Object '' is present

2020-07-22 23:10:07 - [MESSAGE][PASSED] - Object '' is not checked

2020-07-22 23:10:07 - [MESSAGE][PASSED] - Object '' is present

2020-07-22 23:10:08 - [MESSAGE][PASSED] - Object: '' is clicked on

2020-07-22 23:10:08 - [MESSAGE][PASSED] - Object '' is present

2020-07-22 23:10:09 - [MESSAGE][PASSED] - Object '' is not checked

2020-07-22 23:10:09 - [MESSAGE][PASSED] - Object '' is present

2020-07-22 23:10:09 - [MESSAGE][PASSED] - Object '' is not checked

2020-07-22 23:10:10 - [MESSAGE][PASSED] - Object '' is present

2020-07-22 23:10:10 - [MESSAGE][PASSED] - Object '' is not checked

2020-07-22 23:10:10 - [MESSAGE][PASSED] - Object '' is present

2020-07-22 23:10:11 - [MESSAGE][PASSED] - Object '' is not checked

2020-07-22 23:10:11 - [MESSAGE][PASSED] - Object '' is present

2020-07-22 23:10:11 - [MESSAGE][PASSED] - Object: '' is clicked on

2020-07-22 23:10:12 - [MESSAGE][PASSED] - Object '' is present

2020-07-22 23:10:12 - [MESSAGE][PASSED] - Object '' is not checked

2020-07-22 23:10:12 - [MESSAGE][PASSED] - Object '' is present

2020-07-22 23:10:12 - [MESSAGE][PASSED] - Object '' is not checked

2020-07-22 23:10:13 - [MESSAGE][PASSED] - Object '' is present

2020-07-22 23:10:13 - [MESSAGE][PASSED] - Object '' is not checked

2020-07-22 23:10:14 - [MESSAGE][PASSED] - Object '' is present

2020-07-22 23:10:14 - [MESSAGE][PASSED] - Object '' is not checked

2020-07-22 23:10:14 - [MESSAGE][PASSED] - Object '' is present

2020-07-22 23:10:15 - [MESSAGE][PASSED] - Object '' is not checked

2020-07-22 23:10:15 - [MESSAGE][PASSED] - Object '' is present

2020-07-22 23:10:15 - [MESSAGE][PASSED] - Object '' is not checked

2020-07-22 23:10:16 - [MESSAGE][PASSED] - Object '' is present

2020-07-22 23:10:16 - [MESSAGE][PASSED] - Object '' is not checked

2020-07-22 23:10:16 - [MESSAGE][PASSED] - Object '' is present

2020-07-22 23:10:16 - [MESSAGE][PASSED] - Object: '' is clicked on

2020-07-22 23:10:17 - [MESSAGE][PASSED] - Object '' is present

2020-07-22 23:10:17 - [MESSAGE][PASSED] - Object '' is not checked

2020-07-22 23:10:18 - [MESSAGE][PASSED] - Object '' is present

2020-07-22 23:10:18 - [MESSAGE][PASSED] - Object '' is not checked

2020-07-22 23:10:19 - [MESSAGE][PASSED] - Object '' is present

2020-07-22 23:10:19 - [MESSAGE][PASSED] - Object '' is not checked

2020-07-22 23:10:19 - [MESSAGE][PASSED] - Object '' is present

2020-07-22 23:10:19 - [MESSAGE][PASSED] - Object '' is not checked

2020-07-22 23:10:20 - [MESSAGE][PASSED] - Object '' is present

2020-07-22 23:10:20 - [MESSAGE][PASSED] - Object '' is not checked

2020-07-22 23:10:20 - [MESSAGE][PASSED] - Object '' is present

2020-07-22 23:10:21 - [MESSAGE][PASSED] - Object '' is not checked

2020-07-22 23:10:21 - [MESSAGE][PASSED] - Object '' is present

2020-07-22 23:10:21 - [MESSAGE][PASSED] - Object '' is not checked

2020-07-22 23:10:22 - [MESSAGE][PASSED] - Object: '' is clicked on

2020-07-22 23:10:22 - [MESSAGE][PASSED] - Object: '' is clicked on

2020-07-22 23:10:22 - [MESSAGE][PASSED] - Object: '' is clicked on

2020-07-22 23:10:22 - [MESSAGE][PASSED] - Object '' is present

2020-07-22 23:10:23 - [MESSAGE][PASSED] - Object: '' is clicked on

2020-07-22 23:10:23 - [MESSAGE][PASSED] - Object '' is present

2020-07-22 23:10:23 - [MESSAGE][PASSED] - Object '' is not checked

2020-07-22 23:10:24 - [MESSAGE][PASSED] - Object '' is present

2020-07-22 23:10:24 - [MESSAGE][PASSED] - Object '' is not checked

2020-07-22 23:10:25 - [MESSAGE][PASSED] - Object '' is present

2020-07-22 23:10:25 - [MESSAGE][PASSED] - Object: '' is clicked on

2020-07-22 23:10:25 - [MESSAGE][PASSED] - Object '' is present

2020-07-22 23:10:26 - [MESSAGE][PASSED] - Object '' is not checked

2020-07-22 23:10:26 - [MESSAGE][PASSED] - Object '' is present

2020-07-22 23:10:26 - [MESSAGE][PASSED] - Object '' is not checked

2020-07-22 23:10:27 - [MESSAGE][PASSED] - Object '' is present

2020-07-22 23:10:27 - [MESSAGE][PASSED] - Object '' is not checked

2020-07-22 23:10:27 - [MESSAGE][PASSED] - Object '' is present

2020-07-22 23:10:28 - [MESSAGE][PASSED] - Object '' is not checked

2020-07-22 23:10:28 - [MESSAGE][PASSED] - Object '' is present

2020-07-22 23:10:28 - [MESSAGE][PASSED] - Object: '' is clicked on

2020-07-22 23:10:29 - [MESSAGE][PASSED] - Object '' is present

2020-07-22 23:10:29 - [MESSAGE][PASSED] - Object '' is not checked

2020-07-22 23:10:29 - [MESSAGE][PASSED] - Object '' is present

2020-07-22 23:10:30 - [MESSAGE][PASSED] - Object '' is not checked

2020-07-22 23:10:30 - [MESSAGE][PASSED] - Object '' is present

2020-07-22 23:10:30 - [MESSAGE][PASSED] - Object '' is not checked

2020-07-22 23:10:31 - [MESSAGE][PASSED] - Object '' is present

2020-07-22 23:10:31 - [MESSAGE][PASSED] - Object '' is not checked

2020-07-22 23:10:31 - [MESSAGE][PASSED] - Object '' is present

2020-07-22 23:10:32 - [MESSAGE][PASSED] - Object '' is not checked

2020-07-22 23:10:32 - [MESSAGE][PASSED] - Object: '' is clicked on

2020-07-22 23:10:32 - [MESSAGE][PASSED] - Object: '' is clicked on

2020-07-22 23:10:33 - [MESSAGE][PASSED] - Object: '' is clicked on

2020-07-22 23:10:33 - [MESSAGE][PASSED] - Varify the mistake detail already match with the matrix Base on Type Contract

2020-07-22 23:10:33 - [TEST_STEP][PASSED] - Click button "Save": Click button "Save"

2020-07-22 23:10:33 - [MESSAGE][INFO] - >>>>>//Button[contains(text(),'Save')]

2020-07-22 23:10:36 - [MESSAGE][PASSED] - Object: '' is clicked on

2020-07-22 23:10:36 - [MESSAGE][PASSED] - Click button "Save"

2020-07-22 23:10:36 - [TEST_STEP][PASSED] - Get text from pop up "Confirmation Stop" with text "Are you sure?": Get text from pop up "Confirmation Stop" with text "Are you sure?"

2020-07-22 23:10:37 - [MESSAGE][PASSED] - Object '' is present

2020-07-22 23:10:37 - [MESSAGE][PASSED] - Wait for page load successfully

2020-07-22 23:10:37 - [MESSAGE][PASSED] - Wait for page load successfully

2020-07-22 23:10:37 - [MESSAGE][PASSED] - Get text from pop up "Confirmation Stop" with text "Are you sure?"

2020-07-22 23:10:37 - [TEST_STEP][PASSED] - Click button "OK": Click button "OK"

2020-07-22 23:10:37 - [MESSAGE][INFO] - >>>>>//Button[contains(text(),'OK')]

2020-07-22 23:10:40 - [MESSAGE][PASSED] - Object: '' is clicked on

2020-07-22 23:10:40 - [MESSAGE][PASSED] - Click button "OK"

2020-07-22 23:10:40 - [TEST_STEP][PASSED] - Click button "OK": Click button "OK"

2020-07-22 23:10:40 - [MESSAGE][INFO] - >>>>>//Button[contains(text(),'OK')]

2020-07-22 23:10:44 - [MESSAGE][PASSED] - Object: '' is clicked on

2020-07-22 23:10:44 - [MESSAGE][PASSED] - Click button "OK"

2020-07-22 23:10:44 - [TEST_STEP][PASSED] - Click button "Logout": Click button "Logout"

2020-07-22 23:10:44 - [MESSAGE][INFO] - >>>>>//Button[contains(text(),'Logout')]

2020-07-22 23:10:47 - [MESSAGE][PASSED] - Object: '' is clicked on

2020-07-22 23:10:47 - [MESSAGE][PASSED] - Click button "Logout"

2020-07-22 23:10:47 - [TEST_STEP][PASSED] - Close browser: Close browser

2020-07-22 23:10:48 - [MESSAGE][PASSED] - Browser is closed

2020-07-22 23:10:48 - [MESSAGE][PASSED] - Close browser

2020-07-22 23:10:48 - [MESSAGE][PASSED] - Feature file: 'Include/features/IST_Real/CONTRACT_DISPATCHER_TWO_WHEELERS/DEV/Claim_Contract_Two_Wheelers_then_Save_it_Without_Register_Any_Mistakes.feature' was passed]]></system-out>
         <system-err><![CDATA[]]></system-err>
      </testcase>
      <testcase name="Test Cases/IST_Real/CONTRACT_DISPATCHER_TWO_WHEELERS/DEV/Update_Tbl_CDS_CDC" time="0.787" classname="Test Cases/IST_Real/CONTRACT_DISPATCHER_TWO_WHEELERS/DEV/Update_Tbl_CDS_CDC" status="PASSED">
         <system-out><![CDATA[2020-07-22 23:10:48 - [TEST_CASE][PASSED] - Test Cases/IST_Real/CONTRACT_DISPATCHER_TWO_WHEELERS/DEV/Update_Tbl_CDS_CDC: Test Cases/IST_Real/CONTRACT_DISPATCHER_TWO_WHEELERS/DEV/Update_Tbl_CDS_CDC

2020-07-22 23:10:48 - [TEST_STEP][PASSED] - runFeatureFile("Include/features/IST_Real/CONTRACT_DISPATCHER_TWO_WHEELERS/DEV/Update_Tbl_CDS_CDC.feature"): Feature file: 'Include/features/IST_Real/CONTRACT_DISPATCHER_TWO_WHEELERS/DEV/Update_Tbl_CDS_CDC.feature' was passed

2020-07-22 23:10:48 - [MESSAGE][INFO] - Starting run keyword runFeatureFile: 'Include/features/IST_Real/CONTRACT_DISPATCHER_TWO_WHEELERS/DEV/Update_Tbl_CDS_CDC.feature' and extract report to folder: '/Users/chaidir.pratama01/Katalon Studio/IST_Automation_Git/Reports/20200722_230715/CONTRACT_DISPATCHER_TWO_WHEELERS/DEV/TS_Contract_Dispatcher_Two_Wheelers/20200722_230715/cucumber_report/1595434248106'...

2020-07-22 23:10:48 - [TEST_CASE][PASSED] - Start Test Case : SCENARIO Update Table CONTRACT_DISPATCHER_SOURCE and CONTRACT_DISPTACHER_CLAIM: SCENARIO Update Table CONTRACT_DISPATCHER_SOURCE and CONTRACT_DISPTACHER_CLAIM

2020-07-22 23:10:48 - [TEST_STEP][PASSED] - Connect to APP_ACCOUNT C1: Connect to APP_ACCOUNT C1

2020-07-22 23:10:48 - [MESSAGE][PASSED] - Connect to APP_ACCOUNT C1

2020-07-22 23:10:48 - [TEST_STEP][PASSED] - Update Tbl CONTRACT DISPATCHER SOURCE To Change PROCESSED From Y to N: Update Tbl CONTRACT DISPATCHER SOURCE To Change PROCESSED From Y to N

2020-07-22 23:10:48 - [MESSAGE][PASSED] - Update Tbl CONTRACT DISPATCHER SOURCE To Change PROCESSED From Y to N

2020-07-22 23:10:48 - [TEST_STEP][PASSED] - Update Tbl CONTRACT DISPATCHER CLAIM To Delete PROCESS From Column STATUS: Update Tbl CONTRACT DISPATCHER CLAIM To Delete PROCESS From Column STATUS

2020-07-22 23:10:48 - [MESSAGE][PASSED] - Update Tbl CONTRACT DISPATCHER CLAIM To Delete PROCESS From Column STATUS

2020-07-22 23:10:48 - [MESSAGE][PASSED] - Feature file: 'Include/features/IST_Real/CONTRACT_DISPATCHER_TWO_WHEELERS/DEV/Update_Tbl_CDS_CDC.feature' was passed]]></system-out>
         <system-err><![CDATA[]]></system-err>
      </testcase>
      <testcase name="Test Cases/IST_Real/CONTRACT_DISPATCHER_TWO_WHEELERS/DEV/Delete_ContractNumber_from_TRK_REGISTRATION_MISTAKE" time="0.334" classname="Test Cases/IST_Real/CONTRACT_DISPATCHER_TWO_WHEELERS/DEV/Delete_ContractNumber_from_TRK_REGISTRATION_MISTAKE" status="PASSED">
         <system-out><![CDATA[2020-07-22 23:10:48 - [TEST_CASE][PASSED] - Test Cases/IST_Real/CONTRACT_DISPATCHER_TWO_WHEELERS/DEV/Delete_ContractNumber_from_TRK_REGISTRATION_MISTAKE: Test Cases/IST_Real/CONTRACT_DISPATCHER_TWO_WHEELERS/DEV/Delete_ContractNumber_from_TRK_REGISTRATION_MISTAKE

2020-07-22 23:10:48 - [TEST_STEP][PASSED] - runFeatureFile("Include/features/IST_Real/CONTRACT_DISPATCHER_TWO_WHEELERS/DEV/Delete_ContractNumber_from_TRK_REGISTRATION_MISTAKE.feature"): Feature file: 'Include/features/IST_Real/CONTRACT_DISPATCHER_TWO_WHEELERS/DEV/Delete_ContractNumber_from_TRK_REGISTRATION_MISTAKE.feature' was passed

2020-07-22 23:10:48 - [MESSAGE][INFO] - Starting run keyword runFeatureFile: 'Include/features/IST_Real/CONTRACT_DISPATCHER_TWO_WHEELERS/DEV/Delete_ContractNumber_from_TRK_REGISTRATION_MISTAKE.feature' and extract report to folder: '/Users/chaidir.pratama01/Katalon Studio/IST_Automation_Git/Reports/20200722_230715/CONTRACT_DISPATCHER_TWO_WHEELERS/DEV/TS_Contract_Dispatcher_Two_Wheelers/20200722_230715/cucumber_report/1595434248896'...

2020-07-22 23:10:48 - [TEST_CASE][PASSED] - Start Test Case : SCENARIO Delete Contract from TRK_REGISTRATION_MISTAKE: SCENARIO Delete Contract from TRK_REGISTRATION_MISTAKE

2020-07-22 23:10:48 - [TEST_STEP][PASSED] - Connect to APP_ACCOUNT C1: Connect to APP_ACCOUNT C1

2020-07-22 23:10:49 - [MESSAGE][PASSED] - Connect to APP_ACCOUNT C1

2020-07-22 23:10:49 - [TEST_STEP][PASSED] - Delete Contract From TRK_REGISTRATION_MISTAKE: Delete Contract From TRK_REGISTRATION_MISTAKE

2020-07-22 23:10:49 - [MESSAGE][PASSED] - Delete Contract From TRK_REGISTRATION_MISTAKE

2020-07-22 23:10:49 - [MESSAGE][PASSED] - Feature file: 'Include/features/IST_Real/CONTRACT_DISPATCHER_TWO_WHEELERS/DEV/Delete_ContractNumber_from_TRK_REGISTRATION_MISTAKE.feature' was passed]]></system-out>
         <system-err><![CDATA[]]></system-err>
      </testcase>
      <testcase name="Test Cases/IST_Real/CONTRACT_DISPATCHER_TWO_WHEELERS/DEV/Pick_Mistake_Without_Choose_Dropdown_Mistake_Type" time="114.971" classname="Test Cases/IST_Real/CONTRACT_DISPATCHER_TWO_WHEELERS/DEV/Pick_Mistake_Without_Choose_Dropdown_Mistake_Type" status="PASSED">
         <system-out><![CDATA[2020-07-22 23:10:49 - [TEST_CASE][PASSED] - Test Cases/IST_Real/CONTRACT_DISPATCHER_TWO_WHEELERS/DEV/Pick_Mistake_Without_Choose_Dropdown_Mistake_Type: Test Cases/IST_Real/CONTRACT_DISPATCHER_TWO_WHEELERS/DEV/Pick_Mistake_Without_Choose_Dropdown_Mistake_Type

2020-07-22 23:10:49 - [TEST_STEP][PASSED] - runFeatureFile("Include/features/IST_Real/CONTRACT_DISPATCHER_TWO_WHEELERS/DEV/Pick_Mistake_Without_Choose_Dropdown_Mistake_Type.feature"): Feature file: 'Include/features/IST_Real/CONTRACT_DISPATCHER_TWO_WHEELERS/DEV/Pick_Mistake_Without_Choose_Dropdown_Mistake_Type.feature' was passed

2020-07-22 23:10:49 - [MESSAGE][INFO] - Starting run keyword runFeatureFile: 'Include/features/IST_Real/CONTRACT_DISPATCHER_TWO_WHEELERS/DEV/Pick_Mistake_Without_Choose_Dropdown_Mistake_Type.feature' and extract report to folder: '/Users/chaidir.pratama01/Katalon Studio/IST_Automation_Git/Reports/20200722_230715/CONTRACT_DISPATCHER_TWO_WHEELERS/DEV/TS_Contract_Dispatcher_Two_Wheelers/20200722_230715/cucumber_report/1595434249301'...

2020-07-22 23:10:49 - [TEST_CASE][PASSED] - Start Test Case : SCENARIO Assign User to Contract Two Wheelers: SCENARIO Assign User to Contract Two Wheelers

2020-07-22 23:10:49 - [TEST_STEP][PASSED] - Go to IST: Go to IST

2020-07-22 23:10:49 - [MESSAGE][INFO] - Starting 'Chrome' driver

2020-07-22 23:10:49 - [MESSAGE][INFO] - Action delay is set to 0 milliseconds

2020-07-22 23:10:50 - [MESSAGE][PASSED] - Browser is opened with url: ''

2020-07-22 23:10:51 - [MESSAGE][PASSED] - Navigate to 'https://dev-istools.homecredit.id/foundation/login.zul' successfully

2020-07-22 23:10:51 - [MESSAGE][PASSED] - Go to IST

2020-07-22 23:10:51 - [TEST_STEP][PASSED] - Login IST with valid credentials: Login IST with valid credentials

2020-07-22 23:10:52 - [MESSAGE][PASSED] - Text 'mobile.test' is set on object 'Object Repository/Page_/input_Username_j_username'

2020-07-22 23:10:52 - [MESSAGE][PASSED] - Text ****** has been set on object 'Object Repository/Page_/input_Password_j_password'

2020-07-22 23:10:54 - [MESSAGE][PASSED] - Object: 'Object Repository/Page_/button_Login' is clicked on

2020-07-22 23:10:54 - [MESSAGE][PASSED] - Login IST with valid credentials

2020-07-22 23:10:54 - [TEST_STEP][PASSED] - Login Success for contract dispatcher: Login Success for contract dispatcher

2020-07-22 23:10:54 - [MESSAGE][INFO] - Login Success

2020-07-22 23:10:54 - [MESSAGE][PASSED] - Current window maximized

2020-07-22 23:10:54 - [MESSAGE][PASSED] - Object 'Object Repository/Page_/h1_Welcome to IT Supporting Tools' is present

2020-07-22 23:10:54 - [MESSAGE][PASSED] - Login Success for contract dispatcher

2020-07-22 23:10:54 - [TEST_STEP][PASSED] - Select Arrow Menu "Contract Dispatcher Admin": Select Arrow Menu "Contract Dispatcher Admin"

2020-07-22 23:10:54 - [MESSAGE][PASSED] - Object: '' is clicked on

2020-07-22 23:10:54 - [MESSAGE][PASSED] - Select Arrow Menu "Contract Dispatcher Admin"

2020-07-22 23:10:54 - [TEST_STEP][PASSED] - Select Menu "Management Assignment": Select Menu "Management Assignment"

2020-07-22 23:10:55 - [MESSAGE][PASSED] - Object '' is present

2020-07-22 23:10:55 - [MESSAGE][PASSED] - Object: '' is clicked on

2020-07-22 23:10:55 - [MESSAGE][PASSED] - Wait for page load successfully

2020-07-22 23:10:55 - [MESSAGE][PASSED] - Select Menu "Management Assignment"

2020-07-22 23:10:55 - [TEST_STEP][PASSED] - Select Username "mobile.test" of Management Assignment: Select Username "mobile.test" of Management Assignment

2020-07-22 23:10:58 - [MESSAGE][PASSED] - All options with value 'mobile.test' are selected in object 'Object Repository/Page_/dropdown_list_username_assignment'  using regular expression

2020-07-22 23:10:58 - [MESSAGE][PASSED] - Select Username "mobile.test" of Management Assignment

2020-07-22 23:10:58 - [TEST_STEP][PASSED] - Check for username if already assigned to "Two Wheelers": Check for username if already assigned to "Two Wheelers"

2020-07-22 23:11:01 - [MESSAGE][PASSED] - Scroll to object '' successfully

2020-07-22 23:11:01 - [MESSAGE][PASSED] - Object '' is present

2020-07-22 23:11:02 - [MESSAGE][PASSED] - Object '' is checked

2020-07-22 23:11:02 - [MESSAGE][INFO] - Element is already Checked

2020-07-22 23:11:02 - [MESSAGE][PASSED] - Check for username if already assigned to "Two Wheelers"

2020-07-22 23:11:02 - [TEST_STEP][PASSED] - Wait page for load: Wait page for load

2020-07-22 23:11:02 - [MESSAGE][PASSED] - Wait for page load successfully

2020-07-22 23:11:02 - [MESSAGE][PASSED] - Wait page for load

2020-07-22 23:11:02 - [TEST_STEP][PASSED] - Click button "Logout": Click button "Logout"

2020-07-22 23:11:02 - [MESSAGE][INFO] - >>>>>//Button[contains(text(),'Logout')]

2020-07-22 23:11:06 - [MESSAGE][PASSED] - Object: '' is clicked on

2020-07-22 23:11:06 - [MESSAGE][PASSED] - Click button "Logout"

2020-07-22 23:11:06 - [TEST_STEP][PASSED] - Close browser: Close browser

2020-07-22 23:11:06 - [MESSAGE][PASSED] - Browser is closed

2020-07-22 23:11:06 - [MESSAGE][PASSED] - Close browser

2020-07-22 23:11:06 - [TEST_CASE][PASSED] - Start Test Case : SCENARIO Select Menu Contract Dispatcher and Select Contract based on type contract Two Wheelers: SCENARIO Select Menu Contract Dispatcher and Select Contract based on type contract Two Wheelers

2020-07-22 23:11:06 - [TEST_STEP][PASSED] - Go to IST: Go to IST

2020-07-22 23:11:06 - [MESSAGE][INFO] - Starting 'Chrome' driver

2020-07-22 23:11:06 - [MESSAGE][INFO] - Action delay is set to 0 milliseconds

2020-07-22 23:11:06 - [MESSAGE][PASSED] - Browser is opened with url: ''

2020-07-22 23:11:08 - [MESSAGE][PASSED] - Navigate to 'https://dev-istools.homecredit.id/foundation/login.zul' successfully

2020-07-22 23:11:08 - [MESSAGE][PASSED] - Go to IST

2020-07-22 23:11:08 - [TEST_STEP][PASSED] - Login IST with valid credentials: Login IST with valid credentials

2020-07-22 23:11:08 - [MESSAGE][PASSED] - Text 'mobile.test' is set on object 'Object Repository/Page_/input_Username_j_username'

2020-07-22 23:11:09 - [MESSAGE][PASSED] - Text ****** has been set on object 'Object Repository/Page_/input_Password_j_password'

2020-07-22 23:11:10 - [MESSAGE][PASSED] - Object: 'Object Repository/Page_/button_Login' is clicked on

2020-07-22 23:11:10 - [MESSAGE][PASSED] - Login IST with valid credentials

2020-07-22 23:11:10 - [TEST_STEP][PASSED] - Login Success for contract dispatcher: Login Success for contract dispatcher

2020-07-22 23:11:10 - [MESSAGE][INFO] - Login Success

2020-07-22 23:11:10 - [MESSAGE][PASSED] - Current window maximized

2020-07-22 23:11:11 - [MESSAGE][PASSED] - Object 'Object Repository/Page_/h1_Welcome to IT Supporting Tools' is present

2020-07-22 23:11:11 - [MESSAGE][PASSED] - Login Success for contract dispatcher

2020-07-22 23:11:11 - [TEST_STEP][PASSED] - Select Menu "Contract Dispatcher": Select Menu "Contract Dispatcher"

2020-07-22 23:11:11 - [MESSAGE][PASSED] - Object '' is present

2020-07-22 23:11:11 - [MESSAGE][PASSED] - Object: '' is clicked on

2020-07-22 23:11:11 - [MESSAGE][PASSED] - Wait for page load successfully

2020-07-22 23:11:11 - [MESSAGE][PASSED] - Select Menu "Contract Dispatcher"

2020-07-22 23:11:11 - [TEST_STEP][PASSED] - Select Contract Number based on Type Contract "TWO_WHEELERS": Select Contract Number based on Type Contract "TWO_WHEELERS"

2020-07-22 23:11:15 - [MESSAGE][PASSED] - Object '' is present

2020-07-22 23:11:15 - [MESSAGE][PASSED] - Object '' is present

2020-07-22 23:11:15 - [MESSAGE][PASSED] - Object: '' is clicked on

2020-07-22 23:11:16 - [MESSAGE][PASSED] - Object '' is checked

2020-07-22 23:11:16 - [MESSAGE][PASSED] - Select Contract Number based on Type Contract "TWO_WHEELERS"

2020-07-22 23:11:16 - [TEST_STEP][PASSED] - Click button "Claim": Click button "Claim"

2020-07-22 23:11:16 - [MESSAGE][INFO] - >>>>>//Button[contains(text(),'Claim')]

2020-07-22 23:11:19 - [MESSAGE][PASSED] - Object: '' is clicked on

2020-07-22 23:11:19 - [MESSAGE][PASSED] - Click button "Claim"

2020-07-22 23:11:19 - [TEST_STEP][PASSED] - Varify the mistake detail already match with the matrix Base on Type Contract: Varify the mistake detail already match with the matrix Base on Type Contract

2020-07-22 23:11:22 - [MESSAGE][PASSED] - Object '' is present

2020-07-22 23:11:23 - [MESSAGE][PASSED] - Object: '' is clicked on

2020-07-22 23:11:23 - [MESSAGE][PASSED] - Object '' is present

2020-07-22 23:11:23 - [MESSAGE][PASSED] - Object '' is not checked

2020-07-22 23:11:24 - [MESSAGE][PASSED] - Object '' is present

2020-07-22 23:11:24 - [MESSAGE][PASSED] - Object '' is not checked

2020-07-22 23:11:24 - [MESSAGE][PASSED] - Object '' is present

2020-07-22 23:11:24 - [MESSAGE][PASSED] - Object '' is not checked

2020-07-22 23:11:25 - [MESSAGE][PASSED] - Object '' is present

2020-07-22 23:11:25 - [MESSAGE][PASSED] - Object '' is not checked

2020-07-22 23:11:25 - [MESSAGE][PASSED] - Object '' is present

2020-07-22 23:11:26 - [MESSAGE][PASSED] - Object '' is not checked

2020-07-22 23:11:26 - [MESSAGE][PASSED] - Object '' is present

2020-07-22 23:11:26 - [MESSAGE][PASSED] - Object '' is not checked

2020-07-22 23:11:27 - [MESSAGE][PASSED] - Object '' is present

2020-07-22 23:11:27 - [MESSAGE][PASSED] - Object '' is not checked

2020-07-22 23:11:27 - [MESSAGE][PASSED] - Object '' is present

2020-07-22 23:11:28 - [MESSAGE][PASSED] - Object '' is not checked

2020-07-22 23:11:28 - [MESSAGE][PASSED] - Object '' is present

2020-07-22 23:11:29 - [MESSAGE][PASSED] - Object '' is not checked

2020-07-22 23:11:29 - [MESSAGE][PASSED] - Object '' is present

2020-07-22 23:11:29 - [MESSAGE][PASSED] - Object '' is not checked

2020-07-22 23:11:29 - [MESSAGE][PASSED] - Object '' is present

2020-07-22 23:11:30 - [MESSAGE][PASSED] - Object '' is not checked

2020-07-22 23:11:30 - [MESSAGE][PASSED] - Object '' is present

2020-07-22 23:11:30 - [MESSAGE][PASSED] - Object '' is not checked

2020-07-22 23:11:31 - [MESSAGE][PASSED] - Object '' is present

2020-07-22 23:11:31 - [MESSAGE][PASSED] - Object '' is not checked

2020-07-22 23:11:31 - [MESSAGE][PASSED] - Object '' is present

2020-07-22 23:11:32 - [MESSAGE][PASSED] - Object '' is not checked

2020-07-22 23:11:32 - [MESSAGE][PASSED] - Object '' is present

2020-07-22 23:11:32 - [MESSAGE][PASSED] - Object '' is not checked

2020-07-22 23:11:33 - [MESSAGE][PASSED] - Object '' is present

2020-07-22 23:11:33 - [MESSAGE][PASSED] - Object '' is not checked

2020-07-22 23:11:33 - [MESSAGE][PASSED] - Object '' is present

2020-07-22 23:11:34 - [MESSAGE][PASSED] - Object '' is not checked

2020-07-22 23:11:34 - [MESSAGE][PASSED] - Object '' is present

2020-07-22 23:11:34 - [MESSAGE][PASSED] - Object '' is not checked

2020-07-22 23:11:35 - [MESSAGE][PASSED] - Object '' is present

2020-07-22 23:11:35 - [MESSAGE][PASSED] - Object '' is not checked

2020-07-22 23:11:35 - [MESSAGE][PASSED] - Object '' is present

2020-07-22 23:11:36 - [MESSAGE][PASSED] - Object '' is not checked

2020-07-22 23:11:36 - [MESSAGE][PASSED] - Object '' is present

2020-07-22 23:11:37 - [MESSAGE][PASSED] - Object: '' is clicked on

2020-07-22 23:11:37 - [MESSAGE][PASSED] - Object '' is present

2020-07-22 23:11:37 - [MESSAGE][PASSED] - Object '' is not checked

2020-07-22 23:11:38 - [MESSAGE][PASSED] - Object '' is present

2020-07-22 23:11:38 - [MESSAGE][PASSED] - Object '' is not checked

2020-07-22 23:11:38 - [MESSAGE][PASSED] - Object '' is present

2020-07-22 23:11:39 - [MESSAGE][PASSED] - Object '' is not checked

2020-07-22 23:11:39 - [MESSAGE][PASSED] - Object '' is present

2020-07-22 23:11:39 - [MESSAGE][PASSED] - Object '' is not checked

2020-07-22 23:11:40 - [MESSAGE][PASSED] - Object '' is present

2020-07-22 23:11:40 - [MESSAGE][PASSED] - Object '' is not checked

2020-07-22 23:11:40 - [MESSAGE][PASSED] - Object '' is present

2020-07-22 23:11:41 - [MESSAGE][PASSED] - Object '' is not checked

2020-07-22 23:11:41 - [MESSAGE][PASSED] - Object '' is present

2020-07-22 23:11:41 - [MESSAGE][PASSED] - Object: '' is clicked on

2020-07-22 23:11:42 - [MESSAGE][PASSED] - Object '' is present

2020-07-22 23:11:42 - [MESSAGE][PASSED] - Object '' is not checked

2020-07-22 23:11:42 - [MESSAGE][PASSED] - Object '' is present

2020-07-22 23:11:43 - [MESSAGE][PASSED] - Object '' is not checked

2020-07-22 23:11:43 - [MESSAGE][PASSED] - Object '' is present

2020-07-22 23:11:43 - [MESSAGE][PASSED] - Object '' is not checked

2020-07-22 23:11:44 - [MESSAGE][PASSED] - Object '' is present

2020-07-22 23:11:44 - [MESSAGE][PASSED] - Object: '' is clicked on

2020-07-22 23:11:45 - [MESSAGE][PASSED] - Object '' is present

2020-07-22 23:11:45 - [MESSAGE][PASSED] - Object '' is not checked

2020-07-22 23:11:45 - [MESSAGE][PASSED] - Object '' is present

2020-07-22 23:11:46 - [MESSAGE][PASSED] - Object '' is not checked

2020-07-22 23:11:46 - [MESSAGE][PASSED] - Object '' is present

2020-07-22 23:11:46 - [MESSAGE][PASSED] - Object '' is not checked

2020-07-22 23:11:47 - [MESSAGE][PASSED] - Object '' is present

2020-07-22 23:11:47 - [MESSAGE][PASSED] - Object '' is not checked

2020-07-22 23:11:47 - [MESSAGE][PASSED] - Object '' is present

2020-07-22 23:11:48 - [MESSAGE][PASSED] - Object '' is not checked

2020-07-22 23:11:48 - [MESSAGE][PASSED] - Object '' is present

2020-07-22 23:11:48 - [MESSAGE][PASSED] - Object '' is not checked

2020-07-22 23:11:49 - [MESSAGE][PASSED] - Object '' is present

2020-07-22 23:11:49 - [MESSAGE][PASSED] - Object '' is not checked

2020-07-22 23:11:49 - [MESSAGE][PASSED] - Object '' is present

2020-07-22 23:11:50 - [MESSAGE][PASSED] - Object: '' is clicked on

2020-07-22 23:11:50 - [MESSAGE][PASSED] - Object '' is present

2020-07-22 23:11:51 - [MESSAGE][PASSED] - Object '' is not checked

2020-07-22 23:11:51 - [MESSAGE][PASSED] - Object '' is present

2020-07-22 23:11:51 - [MESSAGE][PASSED] - Object '' is not checked

2020-07-22 23:11:52 - [MESSAGE][PASSED] - Object '' is present

2020-07-22 23:11:52 - [MESSAGE][PASSED] - Object '' is not checked

2020-07-22 23:11:52 - [MESSAGE][PASSED] - Object '' is present

2020-07-22 23:11:52 - [MESSAGE][PASSED] - Object '' is not checked

2020-07-22 23:11:53 - [MESSAGE][PASSED] - Object '' is present

2020-07-22 23:11:53 - [MESSAGE][PASSED] - Object '' is not checked

2020-07-22 23:11:54 - [MESSAGE][PASSED] - Object '' is present

2020-07-22 23:11:54 - [MESSAGE][PASSED] - Object '' is not checked

2020-07-22 23:11:54 - [MESSAGE][PASSED] - Object '' is present

2020-07-22 23:11:54 - [MESSAGE][PASSED] - Object '' is not checked

2020-07-22 23:11:55 - [MESSAGE][PASSED] - Object '' is present

2020-07-22 23:11:55 - [MESSAGE][PASSED] - Object: '' is clicked on

2020-07-22 23:11:56 - [MESSAGE][PASSED] - Object '' is present

2020-07-22 23:11:56 - [MESSAGE][PASSED] - Object '' is not checked

2020-07-22 23:11:56 - [MESSAGE][PASSED] - Object '' is present

2020-07-22 23:11:56 - [MESSAGE][PASSED] - Object '' is not checked

2020-07-22 23:11:57 - [MESSAGE][PASSED] - Object '' is present

2020-07-22 23:11:57 - [MESSAGE][PASSED] - Object '' is not checked

2020-07-22 23:11:58 - [MESSAGE][PASSED] - Object '' is present

2020-07-22 23:11:58 - [MESSAGE][PASSED] - Object '' is not checked

2020-07-22 23:11:58 - [MESSAGE][PASSED] - Object '' is present

2020-07-22 23:11:59 - [MESSAGE][PASSED] - Object: '' is clicked on

2020-07-22 23:11:59 - [MESSAGE][PASSED] - Object '' is present

2020-07-22 23:11:59 - [MESSAGE][PASSED] - Object '' is not checked

2020-07-22 23:11:59 - [MESSAGE][PASSED] - Object '' is present

2020-07-22 23:12:00 - [MESSAGE][PASSED] - Object '' is not checked

2020-07-22 23:12:00 - [MESSAGE][PASSED] - Object '' is present

2020-07-22 23:12:00 - [MESSAGE][PASSED] - Object '' is not checked

2020-07-22 23:12:01 - [MESSAGE][PASSED] - Object '' is present

2020-07-22 23:12:01 - [MESSAGE][PASSED] - Object: '' is clicked on

2020-07-22 23:12:01 - [MESSAGE][PASSED] - Object '' is present

2020-07-22 23:12:02 - [MESSAGE][PASSED] - Object '' is not checked

2020-07-22 23:12:02 - [MESSAGE][PASSED] - Object '' is present

2020-07-22 23:12:02 - [MESSAGE][PASSED] - Object '' is not checked

2020-07-22 23:12:03 - [MESSAGE][PASSED] - Object '' is present

2020-07-22 23:12:03 - [MESSAGE][PASSED] - Object '' is not checked

2020-07-22 23:12:03 - [MESSAGE][PASSED] - Object '' is present

2020-07-22 23:12:04 - [MESSAGE][PASSED] - Object: '' is clicked on

2020-07-22 23:12:04 - [MESSAGE][PASSED] - Object '' is present

2020-07-22 23:12:05 - [MESSAGE][PASSED] - Object '' is not checked

2020-07-22 23:12:05 - [MESSAGE][PASSED] - Object '' is present

2020-07-22 23:12:05 - [MESSAGE][PASSED] - Object '' is not checked

2020-07-22 23:12:06 - [MESSAGE][PASSED] - Object '' is present

2020-07-22 23:12:06 - [MESSAGE][PASSED] - Object '' is not checked

2020-07-22 23:12:06 - [MESSAGE][PASSED] - Object '' is present

2020-07-22 23:12:07 - [MESSAGE][PASSED] - Object '' is not checked

2020-07-22 23:12:07 - [MESSAGE][PASSED] - Object '' is present

2020-07-22 23:12:07 - [MESSAGE][PASSED] - Object: '' is clicked on

2020-07-22 23:12:08 - [MESSAGE][PASSED] - Object '' is present

2020-07-22 23:12:08 - [MESSAGE][PASSED] - Object '' is not checked

2020-07-22 23:12:09 - [MESSAGE][PASSED] - Object '' is present

2020-07-22 23:12:09 - [MESSAGE][PASSED] - Object '' is not checked

2020-07-22 23:12:09 - [MESSAGE][PASSED] - Object '' is present

2020-07-22 23:12:10 - [MESSAGE][PASSED] - Object '' is not checked

2020-07-22 23:12:10 - [MESSAGE][PASSED] - Object '' is present

2020-07-22 23:12:10 - [MESSAGE][PASSED] - Object '' is not checked

2020-07-22 23:12:11 - [MESSAGE][PASSED] - Object '' is present

2020-07-22 23:12:11 - [MESSAGE][PASSED] - Object '' is not checked

2020-07-22 23:12:11 - [MESSAGE][PASSED] - Object '' is present

2020-07-22 23:12:12 - [MESSAGE][PASSED] - Object '' is not checked

2020-07-22 23:12:12 - [MESSAGE][PASSED] - Object '' is present

2020-07-22 23:12:12 - [MESSAGE][PASSED] - Object '' is not checked

2020-07-22 23:12:13 - [MESSAGE][PASSED] - Object '' is present

2020-07-22 23:12:13 - [MESSAGE][PASSED] - Object: '' is clicked on

2020-07-22 23:12:14 - [MESSAGE][PASSED] - Object '' is present

2020-07-22 23:12:14 - [MESSAGE][PASSED] - Object '' is not checked

2020-07-22 23:12:14 - [MESSAGE][PASSED] - Object '' is present

2020-07-22 23:12:15 - [MESSAGE][PASSED] - Object '' is not checked

2020-07-22 23:12:15 - [MESSAGE][PASSED] - Object '' is present

2020-07-22 23:12:18 - [MESSAGE][PASSED] - Object '' is not checked

2020-07-22 23:12:19 - [MESSAGE][PASSED] - Object '' is present

2020-07-22 23:12:19 - [MESSAGE][PASSED] - Object '' is not checked

2020-07-22 23:12:19 - [MESSAGE][PASSED] - Object '' is present

2020-07-22 23:12:20 - [MESSAGE][PASSED] - Object '' is not checked

2020-07-22 23:12:20 - [MESSAGE][PASSED] - Object '' is present

2020-07-22 23:12:20 - [MESSAGE][PASSED] - Object '' is not checked

2020-07-22 23:12:21 - [MESSAGE][PASSED] - Object '' is present

2020-07-22 23:12:21 - [MESSAGE][PASSED] - Object '' is not checked

2020-07-22 23:12:21 - [MESSAGE][PASSED] - Object: '' is clicked on

2020-07-22 23:12:22 - [MESSAGE][PASSED] - Object: '' is clicked on

2020-07-22 23:12:22 - [MESSAGE][PASSED] - Object: '' is clicked on

2020-07-22 23:12:22 - [MESSAGE][PASSED] - Object '' is present

2020-07-22 23:12:22 - [MESSAGE][PASSED] - Object: '' is clicked on

2020-07-22 23:12:23 - [MESSAGE][PASSED] - Object '' is present

2020-07-22 23:12:23 - [MESSAGE][PASSED] - Object '' is not checked

2020-07-22 23:12:23 - [MESSAGE][PASSED] - Object '' is present

2020-07-22 23:12:24 - [MESSAGE][PASSED] - Object '' is not checked

2020-07-22 23:12:24 - [MESSAGE][PASSED] - Object '' is present

2020-07-22 23:12:24 - [MESSAGE][PASSED] - Object: '' is clicked on

2020-07-22 23:12:25 - [MESSAGE][PASSED] - Object '' is present

2020-07-22 23:12:25 - [MESSAGE][PASSED] - Object '' is not checked

2020-07-22 23:12:25 - [MESSAGE][PASSED] - Object '' is present

2020-07-22 23:12:26 - [MESSAGE][PASSED] - Object '' is not checked

2020-07-22 23:12:26 - [MESSAGE][PASSED] - Object '' is present

2020-07-22 23:12:26 - [MESSAGE][PASSED] - Object '' is not checked

2020-07-22 23:12:26 - [MESSAGE][PASSED] - Object '' is present

2020-07-22 23:12:27 - [MESSAGE][PASSED] - Object '' is not checked

2020-07-22 23:12:27 - [MESSAGE][PASSED] - Object '' is present

2020-07-22 23:12:27 - [MESSAGE][PASSED] - Object: '' is clicked on

2020-07-22 23:12:28 - [MESSAGE][PASSED] - Object '' is present

2020-07-22 23:12:28 - [MESSAGE][PASSED] - Object '' is not checked

2020-07-22 23:12:28 - [MESSAGE][PASSED] - Object '' is present

2020-07-22 23:12:29 - [MESSAGE][PASSED] - Object '' is not checked

2020-07-22 23:12:29 - [MESSAGE][PASSED] - Object '' is present

2020-07-22 23:12:29 - [MESSAGE][PASSED] - Object '' is not checked

2020-07-22 23:12:29 - [MESSAGE][PASSED] - Object '' is present

2020-07-22 23:12:30 - [MESSAGE][PASSED] - Object '' is not checked

2020-07-22 23:12:30 - [MESSAGE][PASSED] - Object '' is present

2020-07-22 23:12:30 - [MESSAGE][PASSED] - Object '' is not checked

2020-07-22 23:12:31 - [MESSAGE][PASSED] - Object: '' is clicked on

2020-07-22 23:12:31 - [MESSAGE][PASSED] - Object: '' is clicked on

2020-07-22 23:12:31 - [MESSAGE][PASSED] - Object: '' is clicked on

2020-07-22 23:12:31 - [MESSAGE][PASSED] - Varify the mistake detail already match with the matrix Base on Type Contract

2020-07-22 23:12:31 - [TEST_STEP][PASSED] - Click on Tab "KTP": Click on Tab "KTP"

2020-07-22 23:12:31 - [MESSAGE][PASSED] - Object '' is present

2020-07-22 23:12:32 - [MESSAGE][PASSED] - Object: '' is clicked on

2020-07-22 23:12:32 - [MESSAGE][PASSED] - Click on Tab "KTP"

2020-07-22 23:12:32 - [TEST_STEP][PASSED] - Checkbox General Mistake "20. KTP atau Resi - Alamat tetap pemohon pada sistem (HoS) berbeda dengan KTP": Checkbox General Mistake "20. KTP atau Resi - Alamat tetap pemohon pada sistem (HoS) berbeda dengan KTP"

2020-07-22 23:12:32 - [MESSAGE][PASSED] - Object: '' is clicked on

2020-07-22 23:12:32 - [MESSAGE][PASSED] - Wait for page load successfully

2020-07-22 23:12:32 - [MESSAGE][PASSED] - Checkbox General Mistake "20. KTP atau Resi - Alamat tetap pemohon pada sistem (HoS) berbeda dengan KTP"

2020-07-22 23:12:32 - [TEST_STEP][PASSED] - Click button "Save": Click button "Save"

2020-07-22 23:12:32 - [MESSAGE][INFO] - >>>>>//Button[contains(text(),'Save')]

2020-07-22 23:12:36 - [MESSAGE][PASSED] - Object: '' is clicked on

2020-07-22 23:12:36 - [MESSAGE][PASSED] - Click button "Save"

2020-07-22 23:12:36 - [TEST_STEP][PASSED] - Get text from pop up "IT Supporting Tools" with text "Mistake Type cannot be empty": Get text from pop up "IT Supporting Tools" with text "Mistake Type cannot be empty"

2020-07-22 23:12:36 - [MESSAGE][PASSED] - Object '' is present

2020-07-22 23:12:36 - [MESSAGE][PASSED] - Wait for page load successfully

2020-07-22 23:12:36 - [MESSAGE][PASSED] - Wait for page load successfully

2020-07-22 23:12:36 - [MESSAGE][PASSED] - Get text from pop up "IT Supporting Tools" with text "Mistake Type cannot be empty"

2020-07-22 23:12:36 - [TEST_STEP][PASSED] - Click button "OK": Click button "OK"

2020-07-22 23:12:36 - [MESSAGE][INFO] - >>>>>//Button[contains(text(),'OK')]

2020-07-22 23:12:40 - [MESSAGE][PASSED] - Object: '' is clicked on

2020-07-22 23:12:40 - [MESSAGE][PASSED] - Click button "OK"

2020-07-22 23:12:40 - [TEST_STEP][PASSED] - Click button "Logout": Click button "Logout"

2020-07-22 23:12:40 - [MESSAGE][INFO] - >>>>>//Button[contains(text(),'Logout')]

2020-07-22 23:12:44 - [MESSAGE][PASSED] - Object: '' is clicked on

2020-07-22 23:12:44 - [MESSAGE][PASSED] - Click button "Logout"

2020-07-22 23:12:44 - [TEST_STEP][PASSED] - Comment "Register Mistake failed because Dropdown Mistake type didn't choose": Comment "Register Mistake failed because Dropdown Mistake type didn't choose"

2020-07-22 23:12:44 - [MESSAGE][INFO] - Register Mistake failed because Dropdown Mistake type didn't choose

2020-07-22 23:12:44 - [MESSAGE][PASSED] - Comment "Register Mistake failed because Dropdown Mistake type didn't choose"

2020-07-22 23:12:44 - [TEST_STEP][PASSED] - Close browser: Close browser

2020-07-22 23:12:44 - [MESSAGE][PASSED] - Browser is closed

2020-07-22 23:12:44 - [MESSAGE][PASSED] - Close browser

2020-07-22 23:12:44 - [MESSAGE][PASSED] - Feature file: 'Include/features/IST_Real/CONTRACT_DISPATCHER_TWO_WHEELERS/DEV/Pick_Mistake_Without_Choose_Dropdown_Mistake_Type.feature' was passed]]></system-out>
         <system-err><![CDATA[]]></system-err>
      </testcase>
      <testcase name="Test Cases/IST_Real/CONTRACT_DISPATCHER_TWO_WHEELERS/DEV/Update_Tbl_CDS_CDC" time="0.584" classname="Test Cases/IST_Real/CONTRACT_DISPATCHER_TWO_WHEELERS/DEV/Update_Tbl_CDS_CDC" status="PASSED">
         <system-out><![CDATA[2020-07-22 23:12:44 - [TEST_CASE][PASSED] - Test Cases/IST_Real/CONTRACT_DISPATCHER_TWO_WHEELERS/DEV/Update_Tbl_CDS_CDC: Test Cases/IST_Real/CONTRACT_DISPATCHER_TWO_WHEELERS/DEV/Update_Tbl_CDS_CDC

2020-07-22 23:12:44 - [TEST_STEP][PASSED] - runFeatureFile("Include/features/IST_Real/CONTRACT_DISPATCHER_TWO_WHEELERS/DEV/Update_Tbl_CDS_CDC.feature"): Feature file: 'Include/features/IST_Real/CONTRACT_DISPATCHER_TWO_WHEELERS/DEV/Update_Tbl_CDS_CDC.feature' was passed

2020-07-22 23:12:44 - [MESSAGE][INFO] - Starting run keyword runFeatureFile: 'Include/features/IST_Real/CONTRACT_DISPATCHER_TWO_WHEELERS/DEV/Update_Tbl_CDS_CDC.feature' and extract report to folder: '/Users/chaidir.pratama01/Katalon Studio/IST_Automation_Git/Reports/20200722_230715/CONTRACT_DISPATCHER_TWO_WHEELERS/DEV/TS_Contract_Dispatcher_Two_Wheelers/20200722_230715/cucumber_report/1595434364207'...

2020-07-22 23:12:44 - [TEST_CASE][PASSED] - Start Test Case : SCENARIO Update Table CONTRACT_DISPATCHER_SOURCE and CONTRACT_DISPTACHER_CLAIM: SCENARIO Update Table CONTRACT_DISPATCHER_SOURCE and CONTRACT_DISPTACHER_CLAIM

2020-07-22 23:12:44 - [TEST_STEP][PASSED] - Connect to APP_ACCOUNT C1: Connect to APP_ACCOUNT C1

2020-07-22 23:12:44 - [MESSAGE][PASSED] - Connect to APP_ACCOUNT C1

2020-07-22 23:12:44 - [TEST_STEP][PASSED] - Update Tbl CONTRACT DISPATCHER SOURCE To Change PROCESSED From Y to N: Update Tbl CONTRACT DISPATCHER SOURCE To Change PROCESSED From Y to N

2020-07-22 23:12:44 - [MESSAGE][PASSED] - Update Tbl CONTRACT DISPATCHER SOURCE To Change PROCESSED From Y to N

2020-07-22 23:12:44 - [TEST_STEP][PASSED] - Update Tbl CONTRACT DISPATCHER CLAIM To Delete PROCESS From Column STATUS: Update Tbl CONTRACT DISPATCHER CLAIM To Delete PROCESS From Column STATUS

2020-07-22 23:12:44 - [MESSAGE][PASSED] - Update Tbl CONTRACT DISPATCHER CLAIM To Delete PROCESS From Column STATUS

2020-07-22 23:12:44 - [MESSAGE][PASSED] - Feature file: 'Include/features/IST_Real/CONTRACT_DISPATCHER_TWO_WHEELERS/DEV/Update_Tbl_CDS_CDC.feature' was passed]]></system-out>
         <system-err><![CDATA[]]></system-err>
      </testcase>
      <testcase name="Test Cases/IST_Real/CONTRACT_DISPATCHER_TWO_WHEELERS/DEV/Pick_Mistake_Without_Write_Textarea_Note_After" time="49.8" classname="Test Cases/IST_Real/CONTRACT_DISPATCHER_TWO_WHEELERS/DEV/Pick_Mistake_Without_Write_Textarea_Note_After" status="PASSED">
         <system-out><![CDATA[2020-07-22 23:12:44 - [TEST_CASE][PASSED] - Test Cases/IST_Real/CONTRACT_DISPATCHER_TWO_WHEELERS/DEV/Pick_Mistake_Without_Write_Textarea_Note_After: Test Cases/IST_Real/CONTRACT_DISPATCHER_TWO_WHEELERS/DEV/Pick_Mistake_Without_Write_Textarea_Note_After

2020-07-22 23:12:44 - [TEST_STEP][PASSED] - runFeatureFile("Include/features/IST_Real/CONTRACT_DISPATCHER_TWO_WHEELERS/DEV/Pick_Mistake_Without_Write_Textarea_Note_After.feature"): Feature file: 'Include/features/IST_Real/CONTRACT_DISPATCHER_TWO_WHEELERS/DEV/Pick_Mistake_Without_Write_Textarea_Note_After.feature' was passed

2020-07-22 23:12:44 - [MESSAGE][INFO] - Starting run keyword runFeatureFile: 'Include/features/IST_Real/CONTRACT_DISPATCHER_TWO_WHEELERS/DEV/Pick_Mistake_Without_Write_Textarea_Note_After.feature' and extract report to folder: '/Users/chaidir.pratama01/Katalon Studio/IST_Automation_Git/Reports/20200722_230715/CONTRACT_DISPATCHER_TWO_WHEELERS/DEV/TS_Contract_Dispatcher_Two_Wheelers/20200722_230715/cucumber_report/1595434364868'...

2020-07-22 23:12:44 - [TEST_CASE][PASSED] - Start Test Case : SCENARIO Assign User to Contract Two Wheelers: SCENARIO Assign User to Contract Two Wheelers

2020-07-22 23:12:44 - [TEST_STEP][PASSED] - Go to IST: Go to IST

2020-07-22 23:12:44 - [MESSAGE][INFO] - Starting 'Chrome' driver

2020-07-22 23:12:44 - [MESSAGE][INFO] - Action delay is set to 0 milliseconds

2020-07-22 23:12:45 - [MESSAGE][PASSED] - Browser is opened with url: ''

2020-07-22 23:12:47 - [MESSAGE][PASSED] - Navigate to 'https://dev-istools.homecredit.id/foundation/login.zul' successfully

2020-07-22 23:12:47 - [MESSAGE][PASSED] - Go to IST

2020-07-22 23:12:47 - [TEST_STEP][PASSED] - Login IST with valid credentials: Login IST with valid credentials

2020-07-22 23:12:48 - [MESSAGE][PASSED] - Text 'mobile.test' is set on object 'Object Repository/Page_/input_Username_j_username'

2020-07-22 23:12:48 - [MESSAGE][PASSED] - Text ****** has been set on object 'Object Repository/Page_/input_Password_j_password'

2020-07-22 23:12:50 - [MESSAGE][PASSED] - Object: 'Object Repository/Page_/button_Login' is clicked on

2020-07-22 23:12:50 - [MESSAGE][PASSED] - Login IST with valid credentials

2020-07-22 23:12:50 - [TEST_STEP][PASSED] - Login Success for contract dispatcher: Login Success for contract dispatcher

2020-07-22 23:12:50 - [MESSAGE][INFO] - Login Success

2020-07-22 23:12:50 - [MESSAGE][PASSED] - Current window maximized

2020-07-22 23:12:50 - [MESSAGE][PASSED] - Object 'Object Repository/Page_/h1_Welcome to IT Supporting Tools' is present

2020-07-22 23:12:50 - [MESSAGE][PASSED] - Login Success for contract dispatcher

2020-07-22 23:12:50 - [TEST_STEP][PASSED] - Select Arrow Menu "Contract Dispatcher Admin": Select Arrow Menu "Contract Dispatcher Admin"

2020-07-22 23:12:51 - [MESSAGE][PASSED] - Object: '' is clicked on

2020-07-22 23:12:51 - [MESSAGE][PASSED] - Select Arrow Menu "Contract Dispatcher Admin"

2020-07-22 23:12:51 - [TEST_STEP][PASSED] - Select Menu "Management Assignment": Select Menu "Management Assignment"

2020-07-22 23:12:51 - [MESSAGE][PASSED] - Object '' is present

2020-07-22 23:12:51 - [MESSAGE][PASSED] - Object: '' is clicked on

2020-07-22 23:12:51 - [MESSAGE][PASSED] - Wait for page load successfully

2020-07-22 23:12:51 - [MESSAGE][PASSED] - Select Menu "Management Assignment"

2020-07-22 23:12:51 - [TEST_STEP][PASSED] - Select Username "mobile.test" of Management Assignment: Select Username "mobile.test" of Management Assignment

2020-07-22 23:12:54 - [MESSAGE][PASSED] - All options with value 'mobile.test' are selected in object 'Object Repository/Page_/dropdown_list_username_assignment'  using regular expression

2020-07-22 23:12:54 - [MESSAGE][PASSED] - Select Username "mobile.test" of Management Assignment

2020-07-22 23:12:54 - [TEST_STEP][PASSED] - Check for username if already assigned to "Two Wheelers": Check for username if already assigned to "Two Wheelers"

2020-07-22 23:12:57 - [MESSAGE][PASSED] - Scroll to object '' successfully

2020-07-22 23:12:58 - [MESSAGE][PASSED] - Object '' is present

2020-07-22 23:12:58 - [MESSAGE][PASSED] - Object '' is checked

2020-07-22 23:12:58 - [MESSAGE][INFO] - Element is already Checked

2020-07-22 23:12:58 - [MESSAGE][PASSED] - Check for username if already assigned to "Two Wheelers"

2020-07-22 23:12:58 - [TEST_STEP][PASSED] - Wait page for load: Wait page for load

2020-07-22 23:12:58 - [MESSAGE][PASSED] - Wait for page load successfully

2020-07-22 23:12:58 - [MESSAGE][PASSED] - Wait page for load

2020-07-22 23:12:58 - [TEST_STEP][PASSED] - Click button "Logout": Click button "Logout"

2020-07-22 23:12:58 - [MESSAGE][INFO] - >>>>>//Button[contains(text(),'Logout')]

2020-07-22 23:13:02 - [MESSAGE][PASSED] - Object: '' is clicked on

2020-07-22 23:13:02 - [MESSAGE][PASSED] - Click button "Logout"

2020-07-22 23:13:02 - [TEST_STEP][PASSED] - Close browser: Close browser

2020-07-22 23:13:02 - [MESSAGE][PASSED] - Browser is closed

2020-07-22 23:13:02 - [MESSAGE][PASSED] - Close browser

2020-07-22 23:13:02 - [TEST_CASE][PASSED] - Start Test Case : SCENARIO Select Menu Contract Dispatcher and Select Contract based on type contract Two Wheelers EFP: SCENARIO Select Menu Contract Dispatcher and Select Contract based on type contract Two Wheelers EFP

2020-07-22 23:13:02 - [TEST_STEP][PASSED] - Go to IST: Go to IST

2020-07-22 23:13:02 - [MESSAGE][INFO] - Starting 'Chrome' driver

2020-07-22 23:13:02 - [MESSAGE][INFO] - Action delay is set to 0 milliseconds

2020-07-22 23:13:03 - [MESSAGE][PASSED] - Browser is opened with url: ''

2020-07-22 23:13:04 - [MESSAGE][PASSED] - Navigate to 'https://dev-istools.homecredit.id/foundation/login.zul' successfully

2020-07-22 23:13:04 - [MESSAGE][PASSED] - Go to IST

2020-07-22 23:13:04 - [TEST_STEP][PASSED] - Login IST with valid credentials: Login IST with valid credentials

2020-07-22 23:13:05 - [MESSAGE][PASSED] - Text 'mobile.test' is set on object 'Object Repository/Page_/input_Username_j_username'

2020-07-22 23:13:05 - [MESSAGE][PASSED] - Text ****** has been set on object 'Object Repository/Page_/input_Password_j_password'

2020-07-22 23:13:07 - [MESSAGE][PASSED] - Object: 'Object Repository/Page_/button_Login' is clicked on

2020-07-22 23:13:07 - [MESSAGE][PASSED] - Login IST with valid credentials

2020-07-22 23:13:07 - [TEST_STEP][PASSED] - Login Success for contract dispatcher: Login Success for contract dispatcher

2020-07-22 23:13:07 - [MESSAGE][INFO] - Login Success

2020-07-22 23:13:07 - [MESSAGE][PASSED] - Current window maximized

2020-07-22 23:13:08 - [MESSAGE][PASSED] - Object 'Object Repository/Page_/h1_Welcome to IT Supporting Tools' is present

2020-07-22 23:13:08 - [MESSAGE][PASSED] - Login Success for contract dispatcher

2020-07-22 23:13:08 - [TEST_STEP][PASSED] - Select Menu "Contract Dispatcher": Select Menu "Contract Dispatcher"

2020-07-22 23:13:08 - [MESSAGE][PASSED] - Object '' is present

2020-07-22 23:13:08 - [MESSAGE][PASSED] - Object: '' is clicked on

2020-07-22 23:13:08 - [MESSAGE][PASSED] - Wait for page load successfully

2020-07-22 23:13:08 - [MESSAGE][PASSED] - Select Menu "Contract Dispatcher"

2020-07-22 23:13:08 - [TEST_STEP][PASSED] - Select Contract Number based on Type Contract "TWO_WHEELERS": Select Contract Number based on Type Contract "TWO_WHEELERS"

2020-07-22 23:13:12 - [MESSAGE][PASSED] - Object '' is present

2020-07-22 23:13:12 - [MESSAGE][PASSED] - Object '' is present

2020-07-22 23:13:12 - [MESSAGE][PASSED] - Object: '' is clicked on

2020-07-22 23:13:13 - [MESSAGE][PASSED] - Object '' is checked

2020-07-22 23:13:13 - [MESSAGE][PASSED] - Select Contract Number based on Type Contract "TWO_WHEELERS"

2020-07-22 23:13:13 - [TEST_STEP][PASSED] - Click button "Claim": Click button "Claim"

2020-07-22 23:13:13 - [MESSAGE][INFO] - >>>>>//Button[contains(text(),'Claim')]

2020-07-22 23:13:16 - [MESSAGE][PASSED] - Object: '' is clicked on

2020-07-22 23:13:16 - [MESSAGE][PASSED] - Click button "Claim"

2020-07-22 23:13:16 - [TEST_STEP][PASSED] - Click on Tab "KTP": Click on Tab "KTP"

2020-07-22 23:13:20 - [MESSAGE][PASSED] - Object '' is present

2020-07-22 23:13:20 - [MESSAGE][PASSED] - Object: '' is clicked on

2020-07-22 23:13:20 - [MESSAGE][PASSED] - Click on Tab "KTP"

2020-07-22 23:13:20 - [TEST_STEP][PASSED] - Checkbox General Mistake "20. KTP atau Resi - Alamat tetap pemohon pada sistem (HoS) berbeda dengan KTP": Checkbox General Mistake "20. KTP atau Resi - Alamat tetap pemohon pada sistem (HoS) berbeda dengan KTP"

2020-07-22 23:13:20 - [MESSAGE][PASSED] - Object: '' is clicked on

2020-07-22 23:13:20 - [MESSAGE][PASSED] - Wait for page load successfully

2020-07-22 23:13:20 - [MESSAGE][PASSED] - Checkbox General Mistake "20. KTP atau Resi - Alamat tetap pemohon pada sistem (HoS) berbeda dengan KTP"

2020-07-22 23:13:20 - [TEST_STEP][PASSED] - Choose Dropdown mistake type "Beda RT" from mistake name "20. KTP atau Resi - Alamat tetap pemohon pada sistem (HoS) berbeda dengan KTP": Choose Dropdown mistake type "Beda RT" from mistake name "20. KTP atau Resi - Alamat tetap pemohon pada sistem (HoS) berbeda dengan KTP"

2020-07-22 23:13:22 - [MESSAGE][PASSED] - All options with index in [1] are selected on object ''

2020-07-22 23:13:22 - [MESSAGE][PASSED] - Wait for page load successfully

2020-07-22 23:13:22 - [MESSAGE][PASSED] - Choose Dropdown mistake type "Beda RT" from mistake name "20. KTP atau Resi - Alamat tetap pemohon pada sistem (HoS) berbeda dengan KTP"

2020-07-22 23:13:22 - [TEST_STEP][PASSED] - Type on textarea note before based on mistake name "20. KTP atau Resi - Alamat tetap pemohon pada sistem (HoS) berbeda dengan KTP" with value "TESTING": Type on textarea note before based on mistake name "20. KTP atau Resi - Alamat tetap pemohon pada sistem (HoS) berbeda dengan KTP" with value "TESTING"

2020-07-22 23:13:23 - [MESSAGE][PASSED] - Text 'TESTING' is set on object ''

2020-07-22 23:13:23 - [MESSAGE][PASSED] - Wait for page load successfully

2020-07-22 23:13:23 - [MESSAGE][PASSED] - Type on textarea note before based on mistake name "20. KTP atau Resi - Alamat tetap pemohon pada sistem (HoS) berbeda dengan KTP" with value "TESTING"

2020-07-22 23:13:23 - [TEST_STEP][PASSED] - Click button "Save": Click button "Save"

2020-07-22 23:13:23 - [MESSAGE][INFO] - >>>>>//Button[contains(text(),'Save')]

2020-07-22 23:13:26 - [MESSAGE][PASSED] - Object: '' is clicked on

2020-07-22 23:13:26 - [MESSAGE][PASSED] - Click button "Save"

2020-07-22 23:13:26 - [TEST_STEP][PASSED] - Get text from pop up "IT Supporting Tools" with text "Note-after cannot be empty": Get text from pop up "IT Supporting Tools" with text "Note-after cannot be empty"

2020-07-22 23:13:27 - [MESSAGE][PASSED] - Object '' is present

2020-07-22 23:13:27 - [MESSAGE][PASSED] - Wait for page load successfully

2020-07-22 23:13:27 - [MESSAGE][PASSED] - Wait for page load successfully

2020-07-22 23:13:27 - [MESSAGE][PASSED] - Get text from pop up "IT Supporting Tools" with text "Note-after cannot be empty"

2020-07-22 23:13:27 - [TEST_STEP][PASSED] - Click button "OK": Click button "OK"

2020-07-22 23:13:27 - [MESSAGE][INFO] - >>>>>//Button[contains(text(),'OK')]

2020-07-22 23:13:30 - [MESSAGE][PASSED] - Object: '' is clicked on

2020-07-22 23:13:30 - [MESSAGE][PASSED] - Click button "OK"

2020-07-22 23:13:30 - [TEST_STEP][PASSED] - Click button "Logout": Click button "Logout"

2020-07-22 23:13:30 - [MESSAGE][INFO] - >>>>>//Button[contains(text(),'Logout')]

2020-07-22 23:13:34 - [MESSAGE][PASSED] - Object: '' is clicked on

2020-07-22 23:13:34 - [MESSAGE][PASSED] - Click button "Logout"

2020-07-22 23:13:34 - [TEST_STEP][PASSED] - Comment "Register Mistake failed because Note-after empty": Comment "Register Mistake failed because Note-after empty"

2020-07-22 23:13:34 - [MESSAGE][INFO] - Register Mistake failed because Note-after empty

2020-07-22 23:13:34 - [MESSAGE][PASSED] - Comment "Register Mistake failed because Note-after empty"

2020-07-22 23:13:34 - [TEST_STEP][PASSED] - Close browser: Close browser

2020-07-22 23:13:34 - [MESSAGE][PASSED] - Browser is closed

2020-07-22 23:13:34 - [MESSAGE][PASSED] - Close browser

2020-07-22 23:13:34 - [MESSAGE][PASSED] - Feature file: 'Include/features/IST_Real/CONTRACT_DISPATCHER_TWO_WHEELERS/DEV/Pick_Mistake_Without_Write_Textarea_Note_After.feature' was passed]]></system-out>
         <system-err><![CDATA[]]></system-err>
      </testcase>
      <testcase name="Test Cases/IST_Real/CONTRACT_DISPATCHER_TWO_WHEELERS/DEV/Update_Tbl_CDS_CDC" time="0.569" classname="Test Cases/IST_Real/CONTRACT_DISPATCHER_TWO_WHEELERS/DEV/Update_Tbl_CDS_CDC" status="PASSED">
         <system-out><![CDATA[2020-07-22 23:13:34 - [TEST_CASE][PASSED] - Test Cases/IST_Real/CONTRACT_DISPATCHER_TWO_WHEELERS/DEV/Update_Tbl_CDS_CDC: Test Cases/IST_Real/CONTRACT_DISPATCHER_TWO_WHEELERS/DEV/Update_Tbl_CDS_CDC

2020-07-22 23:13:34 - [TEST_STEP][PASSED] - runFeatureFile("Include/features/IST_Real/CONTRACT_DISPATCHER_TWO_WHEELERS/DEV/Update_Tbl_CDS_CDC.feature"): Feature file: 'Include/features/IST_Real/CONTRACT_DISPATCHER_TWO_WHEELERS/DEV/Update_Tbl_CDS_CDC.feature' was passed

2020-07-22 23:13:34 - [MESSAGE][INFO] - Starting run keyword runFeatureFile: 'Include/features/IST_Real/CONTRACT_DISPATCHER_TWO_WHEELERS/DEV/Update_Tbl_CDS_CDC.feature' and extract report to folder: '/Users/chaidir.pratama01/Katalon Studio/IST_Automation_Git/Reports/20200722_230715/CONTRACT_DISPATCHER_TWO_WHEELERS/DEV/TS_Contract_Dispatcher_Two_Wheelers/20200722_230715/cucumber_report/1595434414594'...

2020-07-22 23:13:34 - [TEST_CASE][PASSED] - Start Test Case : SCENARIO Update Table CONTRACT_DISPATCHER_SOURCE and CONTRACT_DISPTACHER_CLAIM: SCENARIO Update Table CONTRACT_DISPATCHER_SOURCE and CONTRACT_DISPTACHER_CLAIM

2020-07-22 23:13:34 - [TEST_STEP][PASSED] - Connect to APP_ACCOUNT C1: Connect to APP_ACCOUNT C1

2020-07-22 23:13:34 - [MESSAGE][PASSED] - Connect to APP_ACCOUNT C1

2020-07-22 23:13:34 - [TEST_STEP][PASSED] - Update Tbl CONTRACT DISPATCHER SOURCE To Change PROCESSED From Y to N: Update Tbl CONTRACT DISPATCHER SOURCE To Change PROCESSED From Y to N

2020-07-22 23:13:34 - [MESSAGE][PASSED] - Update Tbl CONTRACT DISPATCHER SOURCE To Change PROCESSED From Y to N

2020-07-22 23:13:34 - [TEST_STEP][PASSED] - Update Tbl CONTRACT DISPATCHER CLAIM To Delete PROCESS From Column STATUS: Update Tbl CONTRACT DISPATCHER CLAIM To Delete PROCESS From Column STATUS

2020-07-22 23:13:35 - [MESSAGE][PASSED] - Update Tbl CONTRACT DISPATCHER CLAIM To Delete PROCESS From Column STATUS

2020-07-22 23:13:35 - [MESSAGE][PASSED] - Feature file: 'Include/features/IST_Real/CONTRACT_DISPATCHER_TWO_WHEELERS/DEV/Update_Tbl_CDS_CDC.feature' was passed]]></system-out>
         <system-err><![CDATA[]]></system-err>
      </testcase>
      <testcase name="Test Cases/IST_Real/CONTRACT_DISPATCHER_TWO_WHEELERS/DEV/Pick_Mistake_Without_Write_Textarea_Note_Before" time="114.204" classname="Test Cases/IST_Real/CONTRACT_DISPATCHER_TWO_WHEELERS/DEV/Pick_Mistake_Without_Write_Textarea_Note_Before" status="PASSED">
         <system-out><![CDATA[2020-07-22 23:13:35 - [TEST_CASE][PASSED] - Test Cases/IST_Real/CONTRACT_DISPATCHER_TWO_WHEELERS/DEV/Pick_Mistake_Without_Write_Textarea_Note_Before: Test Cases/IST_Real/CONTRACT_DISPATCHER_TWO_WHEELERS/DEV/Pick_Mistake_Without_Write_Textarea_Note_Before

2020-07-22 23:13:35 - [TEST_STEP][PASSED] - runFeatureFile("Include/features/IST_Real/CONTRACT_DISPATCHER_TWO_WHEELERS/DEV/Pick_Mistake_Without_Write_Textarea_Note_Before.feature"): Feature file: 'Include/features/IST_Real/CONTRACT_DISPATCHER_TWO_WHEELERS/DEV/Pick_Mistake_Without_Write_Textarea_Note_Before.feature' was passed

2020-07-22 23:13:35 - [MESSAGE][INFO] - Starting run keyword runFeatureFile: 'Include/features/IST_Real/CONTRACT_DISPATCHER_TWO_WHEELERS/DEV/Pick_Mistake_Without_Write_Textarea_Note_Before.feature' and extract report to folder: '/Users/chaidir.pratama01/Katalon Studio/IST_Automation_Git/Reports/20200722_230715/CONTRACT_DISPATCHER_TWO_WHEELERS/DEV/TS_Contract_Dispatcher_Two_Wheelers/20200722_230715/cucumber_report/1595434415236'...

2020-07-22 23:13:35 - [TEST_CASE][PASSED] - Start Test Case : SCENARIO Assign User to Contract Two Wheelers: SCENARIO Assign User to Contract Two Wheelers

2020-07-22 23:13:35 - [TEST_STEP][PASSED] - Go to IST: Go to IST

2020-07-22 23:13:35 - [MESSAGE][INFO] - Starting 'Chrome' driver

2020-07-22 23:13:35 - [MESSAGE][INFO] - Action delay is set to 0 milliseconds

2020-07-22 23:13:36 - [MESSAGE][PASSED] - Browser is opened with url: ''

2020-07-22 23:13:37 - [MESSAGE][PASSED] - Navigate to 'https://dev-istools.homecredit.id/foundation/login.zul' successfully

2020-07-22 23:13:37 - [MESSAGE][PASSED] - Go to IST

2020-07-22 23:13:37 - [TEST_STEP][PASSED] - Login IST with valid credentials: Login IST with valid credentials

2020-07-22 23:13:38 - [MESSAGE][PASSED] - Text 'mobile.test' is set on object 'Object Repository/Page_/input_Username_j_username'

2020-07-22 23:13:38 - [MESSAGE][PASSED] - Text ****** has been set on object 'Object Repository/Page_/input_Password_j_password'

2020-07-22 23:13:40 - [MESSAGE][PASSED] - Object: 'Object Repository/Page_/button_Login' is clicked on

2020-07-22 23:13:40 - [MESSAGE][PASSED] - Login IST with valid credentials

2020-07-22 23:13:40 - [TEST_STEP][PASSED] - Login Success for contract dispatcher: Login Success for contract dispatcher

2020-07-22 23:13:40 - [MESSAGE][INFO] - Login Success

2020-07-22 23:13:40 - [MESSAGE][PASSED] - Current window maximized

2020-07-22 23:13:40 - [MESSAGE][PASSED] - Object 'Object Repository/Page_/h1_Welcome to IT Supporting Tools' is present

2020-07-22 23:13:40 - [MESSAGE][PASSED] - Login Success for contract dispatcher

2020-07-22 23:13:40 - [TEST_STEP][PASSED] - Select Arrow Menu "Contract Dispatcher Admin": Select Arrow Menu "Contract Dispatcher Admin"

2020-07-22 23:13:40 - [MESSAGE][PASSED] - Object: '' is clicked on

2020-07-22 23:13:40 - [MESSAGE][PASSED] - Select Arrow Menu "Contract Dispatcher Admin"

2020-07-22 23:13:40 - [TEST_STEP][PASSED] - Select Menu "Management Assignment": Select Menu "Management Assignment"

2020-07-22 23:13:41 - [MESSAGE][PASSED] - Object '' is present

2020-07-22 23:13:41 - [MESSAGE][PASSED] - Object: '' is clicked on

2020-07-22 23:13:41 - [MESSAGE][PASSED] - Wait for page load successfully

2020-07-22 23:13:41 - [MESSAGE][PASSED] - Select Menu "Management Assignment"

2020-07-22 23:13:41 - [TEST_STEP][PASSED] - Select Username "mobile.test" of Management Assignment: Select Username "mobile.test" of Management Assignment

2020-07-22 23:13:44 - [MESSAGE][PASSED] - All options with value 'mobile.test' are selected in object 'Object Repository/Page_/dropdown_list_username_assignment'  using regular expression

2020-07-22 23:13:44 - [MESSAGE][PASSED] - Select Username "mobile.test" of Management Assignment

2020-07-22 23:13:44 - [TEST_STEP][PASSED] - Check for username if already assigned to "Two Wheelers": Check for username if already assigned to "Two Wheelers"

2020-07-22 23:13:47 - [MESSAGE][PASSED] - Scroll to object '' successfully

2020-07-22 23:13:47 - [MESSAGE][PASSED] - Object '' is present

2020-07-22 23:13:48 - [MESSAGE][PASSED] - Object '' is checked

2020-07-22 23:13:48 - [MESSAGE][INFO] - Element is already Checked

2020-07-22 23:13:48 - [MESSAGE][PASSED] - Check for username if already assigned to "Two Wheelers"

2020-07-22 23:13:48 - [TEST_STEP][PASSED] - Wait page for load: Wait page for load

2020-07-22 23:13:48 - [MESSAGE][PASSED] - Wait for page load successfully

2020-07-22 23:13:48 - [MESSAGE][PASSED] - Wait page for load

2020-07-22 23:13:48 - [TEST_STEP][PASSED] - Click button "Logout": Click button "Logout"

2020-07-22 23:13:48 - [MESSAGE][INFO] - >>>>>//Button[contains(text(),'Logout')]

2020-07-22 23:13:51 - [MESSAGE][PASSED] - Object: '' is clicked on

2020-07-22 23:13:51 - [MESSAGE][PASSED] - Click button "Logout"

2020-07-22 23:13:51 - [TEST_STEP][PASSED] - Close browser: Close browser

2020-07-22 23:13:52 - [MESSAGE][PASSED] - Browser is closed

2020-07-22 23:13:52 - [MESSAGE][PASSED] - Close browser

2020-07-22 23:13:52 - [TEST_CASE][PASSED] - Start Test Case : SCENARIO Select Menu Contract Dispatcher and Select Contract based on type contract Two Wheelers: SCENARIO Select Menu Contract Dispatcher and Select Contract based on type contract Two Wheelers

2020-07-22 23:13:52 - [TEST_STEP][PASSED] - Go to IST: Go to IST

2020-07-22 23:13:52 - [MESSAGE][INFO] - Starting 'Chrome' driver

2020-07-22 23:13:52 - [MESSAGE][INFO] - Action delay is set to 0 milliseconds

2020-07-22 23:13:52 - [MESSAGE][PASSED] - Browser is opened with url: ''

2020-07-22 23:13:54 - [MESSAGE][PASSED] - Navigate to 'https://dev-istools.homecredit.id/foundation/login.zul' successfully

2020-07-22 23:13:54 - [MESSAGE][PASSED] - Go to IST

2020-07-22 23:13:54 - [TEST_STEP][PASSED] - Login IST with valid credentials: Login IST with valid credentials

2020-07-22 23:13:54 - [MESSAGE][PASSED] - Text 'mobile.test' is set on object 'Object Repository/Page_/input_Username_j_username'

2020-07-22 23:13:55 - [MESSAGE][PASSED] - Text ****** has been set on object 'Object Repository/Page_/input_Password_j_password'

2020-07-22 23:13:56 - [MESSAGE][PASSED] - Object: 'Object Repository/Page_/button_Login' is clicked on

2020-07-22 23:13:56 - [MESSAGE][PASSED] - Login IST with valid credentials

2020-07-22 23:13:56 - [TEST_STEP][PASSED] - Login Success for contract dispatcher: Login Success for contract dispatcher

2020-07-22 23:13:56 - [MESSAGE][INFO] - Login Success

2020-07-22 23:13:57 - [MESSAGE][PASSED] - Current window maximized

2020-07-22 23:13:57 - [MESSAGE][PASSED] - Object 'Object Repository/Page_/h1_Welcome to IT Supporting Tools' is present

2020-07-22 23:13:57 - [MESSAGE][PASSED] - Login Success for contract dispatcher

2020-07-22 23:13:57 - [TEST_STEP][PASSED] - Select Menu "Contract Dispatcher": Select Menu "Contract Dispatcher"

2020-07-22 23:13:57 - [MESSAGE][PASSED] - Object '' is present

2020-07-22 23:13:58 - [MESSAGE][PASSED] - Object: '' is clicked on

2020-07-22 23:13:58 - [MESSAGE][PASSED] - Wait for page load successfully

2020-07-22 23:13:58 - [MESSAGE][PASSED] - Select Menu "Contract Dispatcher"

2020-07-22 23:13:58 - [TEST_STEP][PASSED] - Select Contract Number based on Type Contract "TWO_WHEELERS": Select Contract Number based on Type Contract "TWO_WHEELERS"

2020-07-22 23:14:01 - [MESSAGE][PASSED] - Object '' is present

2020-07-22 23:14:01 - [MESSAGE][PASSED] - Object '' is present

2020-07-22 23:14:01 - [MESSAGE][PASSED] - Object: '' is clicked on

2020-07-22 23:14:02 - [MESSAGE][PASSED] - Object '' is checked

2020-07-22 23:14:02 - [MESSAGE][PASSED] - Select Contract Number based on Type Contract "TWO_WHEELERS"

2020-07-22 23:14:02 - [TEST_STEP][PASSED] - Click button "Claim": Click button "Claim"

2020-07-22 23:14:02 - [MESSAGE][INFO] - >>>>>//Button[contains(text(),'Claim')]

2020-07-22 23:14:05 - [MESSAGE][PASSED] - Object: '' is clicked on

2020-07-22 23:14:05 - [MESSAGE][PASSED] - Click button "Claim"

2020-07-22 23:14:05 - [TEST_STEP][PASSED] - Varify the mistake detail already match with the matrix Base on Type Contract: Varify the mistake detail already match with the matrix Base on Type Contract

2020-07-22 23:14:08 - [MESSAGE][PASSED] - Object '' is present

2020-07-22 23:14:09 - [MESSAGE][PASSED] - Object: '' is clicked on

2020-07-22 23:14:09 - [MESSAGE][PASSED] - Object '' is present

2020-07-22 23:14:09 - [MESSAGE][PASSED] - Object '' is not checked

2020-07-22 23:14:10 - [MESSAGE][PASSED] - Object '' is present

2020-07-22 23:14:10 - [MESSAGE][PASSED] - Object '' is not checked

2020-07-22 23:14:11 - [MESSAGE][PASSED] - Object '' is present

2020-07-22 23:14:11 - [MESSAGE][PASSED] - Object '' is not checked

2020-07-22 23:14:11 - [MESSAGE][PASSED] - Object '' is present

2020-07-22 23:14:12 - [MESSAGE][PASSED] - Object '' is not checked

2020-07-22 23:14:12 - [MESSAGE][PASSED] - Object '' is present

2020-07-22 23:14:12 - [MESSAGE][PASSED] - Object '' is not checked

2020-07-22 23:14:13 - [MESSAGE][PASSED] - Object '' is present

2020-07-22 23:14:13 - [MESSAGE][PASSED] - Object '' is not checked

2020-07-22 23:14:13 - [MESSAGE][PASSED] - Object '' is present

2020-07-22 23:14:14 - [MESSAGE][PASSED] - Object '' is not checked

2020-07-22 23:14:14 - [MESSAGE][PASSED] - Object '' is present

2020-07-22 23:14:14 - [MESSAGE][PASSED] - Object '' is not checked

2020-07-22 23:14:15 - [MESSAGE][PASSED] - Object '' is present

2020-07-22 23:14:15 - [MESSAGE][PASSED] - Object '' is not checked

2020-07-22 23:14:15 - [MESSAGE][PASSED] - Object '' is present

2020-07-22 23:14:16 - [MESSAGE][PASSED] - Object '' is not checked

2020-07-22 23:14:16 - [MESSAGE][PASSED] - Object '' is present

2020-07-22 23:14:17 - [MESSAGE][PASSED] - Object '' is not checked

2020-07-22 23:14:17 - [MESSAGE][PASSED] - Object '' is present

2020-07-22 23:14:17 - [MESSAGE][PASSED] - Object '' is not checked

2020-07-22 23:14:17 - [MESSAGE][PASSED] - Object '' is present

2020-07-22 23:14:18 - [MESSAGE][PASSED] - Object '' is not checked

2020-07-22 23:14:18 - [MESSAGE][PASSED] - Object '' is present

2020-07-22 23:14:18 - [MESSAGE][PASSED] - Object '' is not checked

2020-07-22 23:14:19 - [MESSAGE][PASSED] - Object '' is present

2020-07-22 23:14:19 - [MESSAGE][PASSED] - Object '' is not checked

2020-07-22 23:14:19 - [MESSAGE][PASSED] - Object '' is present

2020-07-22 23:14:20 - [MESSAGE][PASSED] - Object '' is not checked

2020-07-22 23:14:20 - [MESSAGE][PASSED] - Object '' is present

2020-07-22 23:14:21 - [MESSAGE][PASSED] - Object '' is not checked

2020-07-22 23:14:21 - [MESSAGE][PASSED] - Object '' is present

2020-07-22 23:14:21 - [MESSAGE][PASSED] - Object '' is not checked

2020-07-22 23:14:22 - [MESSAGE][PASSED] - Object '' is present

2020-07-22 23:14:22 - [MESSAGE][PASSED] - Object '' is not checked

2020-07-22 23:14:22 - [MESSAGE][PASSED] - Object '' is present

2020-07-22 23:14:23 - [MESSAGE][PASSED] - Object '' is not checked

2020-07-22 23:14:23 - [MESSAGE][PASSED] - Object '' is present

2020-07-22 23:14:23 - [MESSAGE][PASSED] - Object: '' is clicked on

2020-07-22 23:14:24 - [MESSAGE][PASSED] - Object '' is present

2020-07-22 23:14:24 - [MESSAGE][PASSED] - Object '' is not checked

2020-07-22 23:14:24 - [MESSAGE][PASSED] - Object '' is present

2020-07-22 23:14:25 - [MESSAGE][PASSED] - Object '' is not checked

2020-07-22 23:14:25 - [MESSAGE][PASSED] - Object '' is present

2020-07-22 23:14:25 - [MESSAGE][PASSED] - Object '' is not checked

2020-07-22 23:14:26 - [MESSAGE][PASSED] - Object '' is present

2020-07-22 23:14:26 - [MESSAGE][PASSED] - Object '' is not checked

2020-07-22 23:14:26 - [MESSAGE][PASSED] - Object '' is present

2020-07-22 23:14:27 - [MESSAGE][PASSED] - Object '' is not checked

2020-07-22 23:14:27 - [MESSAGE][PASSED] - Object '' is present

2020-07-22 23:14:27 - [MESSAGE][PASSED] - Object '' is not checked

2020-07-22 23:14:28 - [MESSAGE][PASSED] - Object '' is present

2020-07-22 23:14:28 - [MESSAGE][PASSED] - Object: '' is clicked on

2020-07-22 23:14:28 - [MESSAGE][PASSED] - Object '' is present

2020-07-22 23:14:29 - [MESSAGE][PASSED] - Object '' is not checked

2020-07-22 23:14:29 - [MESSAGE][PASSED] - Object '' is present

2020-07-22 23:14:29 - [MESSAGE][PASSED] - Object '' is not checked

2020-07-22 23:14:30 - [MESSAGE][PASSED] - Object '' is present

2020-07-22 23:14:30 - [MESSAGE][PASSED] - Object '' is not checked

2020-07-22 23:14:30 - [MESSAGE][PASSED] - Object '' is present

2020-07-22 23:14:30 - [MESSAGE][PASSED] - Object: '' is clicked on

2020-07-22 23:14:31 - [MESSAGE][PASSED] - Object '' is present

2020-07-22 23:14:31 - [MESSAGE][PASSED] - Object '' is not checked

2020-07-22 23:14:31 - [MESSAGE][PASSED] - Object '' is present

2020-07-22 23:14:32 - [MESSAGE][PASSED] - Object '' is not checked

2020-07-22 23:14:32 - [MESSAGE][PASSED] - Object '' is present

2020-07-22 23:14:32 - [MESSAGE][PASSED] - Object '' is not checked

2020-07-22 23:14:32 - [MESSAGE][PASSED] - Object '' is present

2020-07-22 23:14:33 - [MESSAGE][PASSED] - Object '' is not checked

2020-07-22 23:14:33 - [MESSAGE][PASSED] - Object '' is present

2020-07-22 23:14:33 - [MESSAGE][PASSED] - Object '' is not checked

2020-07-22 23:14:34 - [MESSAGE][PASSED] - Object '' is present

2020-07-22 23:14:34 - [MESSAGE][PASSED] - Object '' is not checked

2020-07-22 23:14:34 - [MESSAGE][PASSED] - Object '' is present

2020-07-22 23:14:35 - [MESSAGE][PASSED] - Object '' is not checked

2020-07-22 23:14:35 - [MESSAGE][PASSED] - Object '' is present

2020-07-22 23:14:35 - [MESSAGE][PASSED] - Object: '' is clicked on

2020-07-22 23:14:36 - [MESSAGE][PASSED] - Object '' is present

2020-07-22 23:14:36 - [MESSAGE][PASSED] - Object '' is not checked

2020-07-22 23:14:37 - [MESSAGE][PASSED] - Object '' is present

2020-07-22 23:14:37 - [MESSAGE][PASSED] - Object '' is not checked

2020-07-22 23:14:37 - [MESSAGE][PASSED] - Object '' is present

2020-07-22 23:14:37 - [MESSAGE][PASSED] - Object '' is not checked

2020-07-22 23:14:38 - [MESSAGE][PASSED] - Object '' is present

2020-07-22 23:14:38 - [MESSAGE][PASSED] - Object '' is not checked

2020-07-22 23:14:38 - [MESSAGE][PASSED] - Object '' is present

2020-07-22 23:14:39 - [MESSAGE][PASSED] - Object '' is not checked

2020-07-22 23:14:39 - [MESSAGE][PASSED] - Object '' is present

2020-07-22 23:14:40 - [MESSAGE][PASSED] - Object '' is not checked

2020-07-22 23:14:40 - [MESSAGE][PASSED] - Object '' is present

2020-07-22 23:14:40 - [MESSAGE][PASSED] - Object '' is not checked

2020-07-22 23:14:40 - [MESSAGE][PASSED] - Object '' is present

2020-07-22 23:14:41 - [MESSAGE][PASSED] - Object: '' is clicked on

2020-07-22 23:14:41 - [MESSAGE][PASSED] - Object '' is present

2020-07-22 23:14:42 - [MESSAGE][PASSED] - Object '' is not checked

2020-07-22 23:14:42 - [MESSAGE][PASSED] - Object '' is present

2020-07-22 23:14:42 - [MESSAGE][PASSED] - Object '' is not checked

2020-07-22 23:14:42 - [MESSAGE][PASSED] - Object '' is present

2020-07-22 23:14:43 - [MESSAGE][PASSED] - Object '' is not checked

2020-07-22 23:14:43 - [MESSAGE][PASSED] - Object '' is present

2020-07-22 23:14:43 - [MESSAGE][PASSED] - Object '' is not checked

2020-07-22 23:14:44 - [MESSAGE][PASSED] - Object '' is present

2020-07-22 23:14:44 - [MESSAGE][PASSED] - Object: '' is clicked on

2020-07-22 23:14:45 - [MESSAGE][PASSED] - Object '' is present

2020-07-22 23:14:45 - [MESSAGE][PASSED] - Object '' is not checked

2020-07-22 23:14:45 - [MESSAGE][PASSED] - Object '' is present

2020-07-22 23:14:46 - [MESSAGE][PASSED] - Object '' is not checked

2020-07-22 23:14:46 - [MESSAGE][PASSED] - Object '' is present

2020-07-22 23:14:46 - [MESSAGE][PASSED] - Object '' is not checked

2020-07-22 23:14:46 - [MESSAGE][PASSED] - Object '' is present

2020-07-22 23:14:47 - [MESSAGE][PASSED] - Object: '' is clicked on

2020-07-22 23:14:47 - [MESSAGE][PASSED] - Object '' is present

2020-07-22 23:14:48 - [MESSAGE][PASSED] - Object '' is not checked

2020-07-22 23:14:48 - [MESSAGE][PASSED] - Object '' is present

2020-07-22 23:14:48 - [MESSAGE][PASSED] - Object '' is not checked

2020-07-22 23:14:49 - [MESSAGE][PASSED] - Object '' is present

2020-07-22 23:14:49 - [MESSAGE][PASSED] - Object '' is not checked

2020-07-22 23:14:49 - [MESSAGE][PASSED] - Object '' is present

2020-07-22 23:14:50 - [MESSAGE][PASSED] - Object: '' is clicked on

2020-07-22 23:14:50 - [MESSAGE][PASSED] - Object '' is present

2020-07-22 23:14:50 - [MESSAGE][PASSED] - Object '' is not checked

2020-07-22 23:14:51 - [MESSAGE][PASSED] - Object '' is present

2020-07-22 23:14:51 - [MESSAGE][PASSED] - Object '' is not checked

2020-07-22 23:14:52 - [MESSAGE][PASSED] - Object '' is present

2020-07-22 23:14:52 - [MESSAGE][PASSED] - Object '' is not checked

2020-07-22 23:14:52 - [MESSAGE][PASSED] - Object '' is present

2020-07-22 23:14:53 - [MESSAGE][PASSED] - Object '' is not checked

2020-07-22 23:14:53 - [MESSAGE][PASSED] - Object '' is present

2020-07-22 23:14:53 - [MESSAGE][PASSED] - Object: '' is clicked on

2020-07-22 23:14:54 - [MESSAGE][PASSED] - Object '' is present

2020-07-22 23:14:54 - [MESSAGE][PASSED] - Object '' is not checked

2020-07-22 23:14:54 - [MESSAGE][PASSED] - Object '' is present

2020-07-22 23:14:55 - [MESSAGE][PASSED] - Object '' is not checked

2020-07-22 23:14:55 - [MESSAGE][PASSED] - Object '' is present

2020-07-22 23:14:56 - [MESSAGE][PASSED] - Object '' is not checked

2020-07-22 23:14:56 - [MESSAGE][PASSED] - Object '' is present

2020-07-22 23:14:56 - [MESSAGE][PASSED] - Object '' is not checked

2020-07-22 23:14:57 - [MESSAGE][PASSED] - Object '' is present

2020-07-22 23:14:57 - [MESSAGE][PASSED] - Object '' is not checked

2020-07-22 23:14:57 - [MESSAGE][PASSED] - Object '' is present

2020-07-22 23:14:58 - [MESSAGE][PASSED] - Object '' is not checked

2020-07-22 23:14:58 - [MESSAGE][PASSED] - Object '' is present

2020-07-22 23:14:58 - [MESSAGE][PASSED] - Object '' is not checked

2020-07-22 23:14:59 - [MESSAGE][PASSED] - Object '' is present

2020-07-22 23:14:59 - [MESSAGE][PASSED] - Object: '' is clicked on

2020-07-22 23:14:59 - [MESSAGE][PASSED] - Object '' is present

2020-07-22 23:15:00 - [MESSAGE][PASSED] - Object '' is not checked

2020-07-22 23:15:00 - [MESSAGE][PASSED] - Object '' is present

2020-07-22 23:15:01 - [MESSAGE][PASSED] - Object '' is not checked

2020-07-22 23:15:01 - [MESSAGE][PASSED] - Object '' is present

2020-07-22 23:15:01 - [MESSAGE][PASSED] - Object '' is not checked

2020-07-22 23:15:01 - [MESSAGE][PASSED] - Object '' is present

2020-07-22 23:15:02 - [MESSAGE][PASSED] - Object '' is not checked

2020-07-22 23:15:02 - [MESSAGE][PASSED] - Object '' is present

2020-07-22 23:15:03 - [MESSAGE][PASSED] - Object '' is not checked

2020-07-22 23:15:03 - [MESSAGE][PASSED] - Object '' is present

2020-07-22 23:15:03 - [MESSAGE][PASSED] - Object '' is not checked

2020-07-22 23:15:04 - [MESSAGE][PASSED] - Object '' is present

2020-07-22 23:15:04 - [MESSAGE][PASSED] - Object '' is not checked

2020-07-22 23:15:04 - [MESSAGE][PASSED] - Object: '' is clicked on

2020-07-22 23:15:05 - [MESSAGE][PASSED] - Object: '' is clicked on

2020-07-22 23:15:05 - [MESSAGE][PASSED] - Object: '' is clicked on

2020-07-22 23:15:05 - [MESSAGE][PASSED] - Object '' is present

2020-07-22 23:15:06 - [MESSAGE][PASSED] - Object: '' is clicked on

2020-07-22 23:15:06 - [MESSAGE][PASSED] - Object '' is present

2020-07-22 23:15:06 - [MESSAGE][PASSED] - Object '' is not checked

2020-07-22 23:15:07 - [MESSAGE][PASSED] - Object '' is present

2020-07-22 23:15:07 - [MESSAGE][PASSED] - Object '' is not checked

2020-07-22 23:15:07 - [MESSAGE][PASSED] - Object '' is present

2020-07-22 23:15:08 - [MESSAGE][PASSED] - Object: '' is clicked on

2020-07-22 23:15:08 - [MESSAGE][PASSED] - Object '' is present

2020-07-22 23:15:08 - [MESSAGE][PASSED] - Object '' is not checked

2020-07-22 23:15:09 - [MESSAGE][PASSED] - Object '' is present

2020-07-22 23:15:09 - [MESSAGE][PASSED] - Object '' is not checked

2020-07-22 23:15:09 - [MESSAGE][PASSED] - Object '' is present

2020-07-22 23:15:10 - [MESSAGE][PASSED] - Object '' is not checked

2020-07-22 23:15:10 - [MESSAGE][PASSED] - Object '' is present

2020-07-22 23:15:10 - [MESSAGE][PASSED] - Object '' is not checked

2020-07-22 23:15:11 - [MESSAGE][PASSED] - Object '' is present

2020-07-22 23:15:11 - [MESSAGE][PASSED] - Object: '' is clicked on

2020-07-22 23:15:11 - [MESSAGE][PASSED] - Object '' is present

2020-07-22 23:15:12 - [MESSAGE][PASSED] - Object '' is not checked

2020-07-22 23:15:12 - [MESSAGE][PASSED] - Object '' is present

2020-07-22 23:15:12 - [MESSAGE][PASSED] - Object '' is not checked

2020-07-22 23:15:12 - [MESSAGE][PASSED] - Object '' is present

2020-07-22 23:15:13 - [MESSAGE][PASSED] - Object '' is not checked

2020-07-22 23:15:13 - [MESSAGE][PASSED] - Object '' is present

2020-07-22 23:15:14 - [MESSAGE][PASSED] - Object '' is not checked

2020-07-22 23:15:14 - [MESSAGE][PASSED] - Object '' is present

2020-07-22 23:15:14 - [MESSAGE][PASSED] - Object '' is not checked

2020-07-22 23:15:15 - [MESSAGE][PASSED] - Object: '' is clicked on

2020-07-22 23:15:15 - [MESSAGE][PASSED] - Object: '' is clicked on

2020-07-22 23:15:15 - [MESSAGE][PASSED] - Object: '' is clicked on

2020-07-22 23:15:15 - [MESSAGE][PASSED] - Varify the mistake detail already match with the matrix Base on Type Contract

2020-07-22 23:15:15 - [TEST_STEP][PASSED] - Click on Tab "KTP": Click on Tab "KTP"

2020-07-22 23:15:16 - [MESSAGE][PASSED] - Object '' is present

2020-07-22 23:15:16 - [MESSAGE][PASSED] - Object: '' is clicked on

2020-07-22 23:15:16 - [MESSAGE][PASSED] - Click on Tab "KTP"

2020-07-22 23:15:16 - [TEST_STEP][PASSED] - Checkbox General Mistake "20. KTP atau Resi - Alamat tetap pemohon pada sistem (HoS) berbeda dengan KTP": Checkbox General Mistake "20. KTP atau Resi - Alamat tetap pemohon pada sistem (HoS) berbeda dengan KTP"

2020-07-22 23:15:16 - [MESSAGE][PASSED] - Object: '' is clicked on

2020-07-22 23:15:16 - [MESSAGE][PASSED] - Wait for page load successfully

2020-07-22 23:15:16 - [MESSAGE][PASSED] - Checkbox General Mistake "20. KTP atau Resi - Alamat tetap pemohon pada sistem (HoS) berbeda dengan KTP"

2020-07-22 23:15:16 - [TEST_STEP][PASSED] - Choose Dropdown mistake type "Beda RT" from mistake name "20. KTP atau Resi - Alamat tetap pemohon pada sistem (HoS) berbeda dengan KTP": Choose Dropdown mistake type "Beda RT" from mistake name "20. KTP atau Resi - Alamat tetap pemohon pada sistem (HoS) berbeda dengan KTP"

2020-07-22 23:15:18 - [MESSAGE][PASSED] - All options with index in [1] are selected on object ''

2020-07-22 23:15:18 - [MESSAGE][PASSED] - Wait for page load successfully

2020-07-22 23:15:18 - [MESSAGE][PASSED] - Choose Dropdown mistake type "Beda RT" from mistake name "20. KTP atau Resi - Alamat tetap pemohon pada sistem (HoS) berbeda dengan KTP"

2020-07-22 23:15:18 - [TEST_STEP][PASSED] - Click button "Save": Click button "Save"

2020-07-22 23:15:18 - [MESSAGE][INFO] - >>>>>//Button[contains(text(),'Save')]

2020-07-22 23:15:21 - [MESSAGE][PASSED] - Object: '' is clicked on

2020-07-22 23:15:21 - [MESSAGE][PASSED] - Click button "Save"

2020-07-22 23:15:21 - [TEST_STEP][PASSED] - Get text from pop up "IT Supporting Tools" with text "Note-before cannot be empty": Get text from pop up "IT Supporting Tools" with text "Note-before cannot be empty"

2020-07-22 23:15:22 - [MESSAGE][PASSED] - Object '' is present

2020-07-22 23:15:22 - [MESSAGE][PASSED] - Wait for page load successfully

2020-07-22 23:15:22 - [MESSAGE][PASSED] - Wait for page load successfully

2020-07-22 23:15:22 - [MESSAGE][PASSED] - Get text from pop up "IT Supporting Tools" with text "Note-before cannot be empty"

2020-07-22 23:15:22 - [TEST_STEP][PASSED] - Click button "OK": Click button "OK"

2020-07-22 23:15:22 - [MESSAGE][INFO] - >>>>>//Button[contains(text(),'OK')]

2020-07-22 23:15:25 - [MESSAGE][PASSED] - Object: '' is clicked on

2020-07-22 23:15:25 - [MESSAGE][PASSED] - Click button "OK"

2020-07-22 23:15:25 - [TEST_STEP][PASSED] - Click button "Logout": Click button "Logout"

2020-07-22 23:15:25 - [MESSAGE][INFO] - >>>>>//Button[contains(text(),'Logout')]

2020-07-22 23:15:29 - [MESSAGE][PASSED] - Object: '' is clicked on

2020-07-22 23:15:29 - [MESSAGE][PASSED] - Click button "Logout"

2020-07-22 23:15:29 - [TEST_STEP][PASSED] - Comment "Register Mistake failed because Note-before empty": Comment "Register Mistake failed because Note-before empty"

2020-07-22 23:15:29 - [MESSAGE][INFO] - Register Mistake failed because Note-before empty

2020-07-22 23:15:29 - [MESSAGE][PASSED] - Comment "Register Mistake failed because Note-before empty"

2020-07-22 23:15:29 - [TEST_STEP][PASSED] - Close browser: Close browser

2020-07-22 23:15:29 - [MESSAGE][PASSED] - Browser is closed

2020-07-22 23:15:29 - [MESSAGE][PASSED] - Close browser

2020-07-22 23:15:29 - [MESSAGE][PASSED] - Feature file: 'Include/features/IST_Real/CONTRACT_DISPATCHER_TWO_WHEELERS/DEV/Pick_Mistake_Without_Write_Textarea_Note_Before.feature' was passed]]></system-out>
         <system-err><![CDATA[]]></system-err>
      </testcase>
      <system-out><![CDATA[2020-07-22 23:07:21 - [TEST_SUITE][PASSED] - TS_Contract_Dispatcher_Two_Wheelers: Test Cases/IST_Real/CONTRACT_DISPATCHER_TWO_WHEELERS/DEV/Pick_Mistake_Without_Write_Textarea_Note_Before]]></system-out>
      <system-err><![CDATA[]]></system-err>
   </testsuite>
</testsuites>
