<?xml version="1.0" encoding="UTF-8"?>
<testsuites name="TS_Search_Invoice" time="39.874" tests="1" failures="0" errors="0">
   <testsuite name="TS_Search_Invoice" tests="1" failures="0" errors="0" time="39.874" timestamp="2020-09-01 00:58:30" hostname="chaidir.pratama01 - localhost" id="Test Suites/TRIS/TS_Search_Invoice">
      <properties>
         <property name="deviceName" value=""/>
         <property name="devicePlatform" value=""/>
         <property name="logFolder" value="/Users/chaidir.pratama01/Katalon Studio/IST_Automation_Git/Reports/20200901_005822/TRIS/TS_Search_Invoice/20200901_005822"/>
         <property name="logFiles" value="/Users/chaidir.pratama01/Katalon Studio/IST_Automation_Git/Reports/20200901_005822/TRIS/TS_Search_Invoice/20200901_005822/execution0.log"/>
         <property name="attachments" value=""/>
         <property name="hostName" value="chaidir.pratama01 - localhost"/>
         <property name="os" value="Mac OS X 64bit"/>
         <property name="katalonVersion" value="7.6.0.${buildNumber}"/>
         <property name="browser" value="Chrome 84.0.4147.135"/>
         <property name="hostAddress" value="127.0.0.1"/>
         <property name="sessionId" value="b13c8ca41ef488b77802673450e93cf9"/>
         <property name="seleniumVersion" value="3.141.59"/>
         <property name="proxyInformation" value="ProxyInformation { proxyOption=NO_PROXY, proxyServerType=HTTP, username=, password=********, proxyServerAddress=, proxyServerPort=0, executionList=\&quot;\&quot;, isApplyToDesiredCapabilities=true }"/>
         <property name="platform" value="Mac OS X"/>
      </properties>
      <testcase name="Test Cases/IST_Real/TRIS/Search_Invoice" time="36.426" classname="Test Cases/IST_Real/TRIS/Search_Invoice" status="PASSED">
         <system-out><![CDATA[2020-09-01 00:58:30 - [TEST_CASE][PASSED] - Test Cases/IST_Real/TRIS/Search_Invoice: Test Cases/IST_Real/TRIS/Search_Invoice

2020-09-01 00:58:30 - [TEST_STEP][PASSED] - runFeatureFile("Include/features/IST_Real/TRIS/Search_Invoice.feature"): Feature file: 'Include/features/IST_Real/TRIS/Search_Invoice.feature' was passed

2020-09-01 00:58:30 - [MESSAGE][INFO] - Starting run keyword runFeatureFile: 'Include/features/IST_Real/TRIS/Search_Invoice.feature' and extract report to folder: '/Users/chaidir.pratama01/Katalon Studio/IST_Automation_Git/Reports/20200901_005822/TRIS/TS_Search_Invoice/20200901_005822/cucumber_report/1598896710579'...

2020-09-01 00:58:31 - [TEST_CASE][PASSED] - Start Test Case : SCENARIO Search Invoice: SCENARIO Search Invoice

2020-09-01 00:58:31 - [TEST_STEP][PASSED] - Go to IST: Go to IST

2020-09-01 00:58:31 - [MESSAGE][INFO] - Starting 'Chrome' driver

2020-09-01 00:58:31 - [MESSAGE][INFO] - Action delay is set to 0 milliseconds

2020-09-01 00:58:32 - [MESSAGE][PASSED] - Browser is opened with url: ''

2020-09-01 00:58:52 - [MESSAGE][PASSED] - Navigate to 'https://ist.homecredit.id/ist_tracker/login.zul' successfully

2020-09-01 00:58:52 - [MESSAGE][PASSED] - Go to IST

2020-09-01 00:58:52 - [TEST_STEP][PASSED] - Login IST with valid credentials: Login IST with valid credentials

2020-09-01 00:58:53 - [MESSAGE][PASSED] - Text 'mobile.test' is set on object 'Object Repository/Page_/input_Username_j_username'

2020-09-01 00:58:54 - [MESSAGE][PASSED] - Text ****** has been set on object 'Object Repository/Page_/input_Password_j_password'

2020-09-01 00:58:56 - [MESSAGE][PASSED] - Object: 'Object Repository/Page_/button_Login' is clicked on

2020-09-01 00:58:56 - [MESSAGE][PASSED] - Login IST with valid credentials

2020-09-01 00:58:56 - [TEST_STEP][PASSED] - Login Success for contract dispatcher: Login Success for contract dispatcher

2020-09-01 00:58:56 - [MESSAGE][INFO] - Login Success

2020-09-01 00:58:56 - [MESSAGE][PASSED] - Current window maximized

2020-09-01 00:58:56 - [MESSAGE][PASSED] - Object 'Object Repository/Page_/h1_Welcome to IT Supporting Tools' is present

2020-09-01 00:58:56 - [MESSAGE][PASSED] - Login Success for contract dispatcher

2020-09-01 00:58:56 - [TEST_STEP][PASSED] - Select Arrow Menu "Invoice System": Select Arrow Menu "Invoice System"

2020-09-01 00:58:57 - [MESSAGE][PASSED] - Object: '' is clicked on

2020-09-01 00:58:57 - [MESSAGE][PASSED] - Select Arrow Menu "Invoice System"

2020-09-01 00:58:57 - [TEST_STEP][PASSED] - Select Menu "Tracker Invoice System": Select Menu "Tracker Invoice System"

2020-09-01 00:58:57 - [MESSAGE][PASSED] - Object '' is present

2020-09-01 00:58:57 - [MESSAGE][PASSED] - Object: '' is clicked on

2020-09-01 00:58:57 - [MESSAGE][PASSED] - Wait for page load successfully

2020-09-01 00:58:57 - [MESSAGE][PASSED] - Select Menu "Tracker Invoice System"

2020-09-01 00:58:57 - [TEST_STEP][PASSED] - Type on Textbox label "contract number of email address" with invoice number: Type on Textbox label "contract number of email address" with invoice number

2020-09-01 00:58:58 - [MESSAGE][PASSED] - Text '4001513695' is set on object ''

2020-09-01 00:58:58 - [MESSAGE][PASSED] - Type on Textbox label "contract number of email address" with invoice number

2020-09-01 00:58:58 - [TEST_STEP][PASSED] - Click button "Search": Click button "Search"

2020-09-01 00:58:58 - [MESSAGE][INFO] - >>>>>//Button[contains(text(),'Search')]

2020-09-01 00:59:02 - [MESSAGE][PASSED] - Object: '' is clicked on

2020-09-01 00:59:02 - [MESSAGE][PASSED] - Click button "Search"

2020-09-01 00:59:02 - [TEST_STEP][PASSED] - Verify Table Filled: Verify Table Filled

2020-09-01 00:59:03 - [MESSAGE][PASSED] - Object '' is present

2020-09-01 00:59:03 - [MESSAGE][PASSED] - Verify Table Filled

2020-09-01 00:59:03 - [TEST_STEP][PASSED] - Click button "Logout": Click button "Logout"

2020-09-01 00:59:03 - [MESSAGE][INFO] - >>>>>//Button[contains(text(),'Logout')]

2020-09-01 00:59:06 - [MESSAGE][PASSED] - Object: '' is clicked on

2020-09-01 00:59:06 - [MESSAGE][PASSED] - Click button "Logout"

2020-09-01 00:59:06 - [TEST_STEP][PASSED] - Close browser: Close browser

2020-09-01 00:59:06 - [MESSAGE][PASSED] - Browser is closed

2020-09-01 00:59:06 - [MESSAGE][PASSED] - Close browser

2020-09-01 00:59:06 - [MESSAGE][PASSED] - Feature file: 'Include/features/IST_Real/TRIS/Search_Invoice.feature' was passed]]></system-out>
         <system-err><![CDATA[]]></system-err>
      </testcase>
      <system-out><![CDATA[2020-09-01 00:58:30 - [TEST_SUITE][PASSED] - TS_Search_Invoice: Test Cases/IST_Real/TRIS/Search_Invoice]]></system-out>
      <system-err><![CDATA[]]></system-err>
   </testsuite>
</testsuites>
