<?xml version="1.0" encoding="UTF-8"?>
<testsuites name="TS_Collection_SLIK" time="1073.454" tests="36" failures="3" errors="0">
   <testsuite name="TS_SLIK_Gateway_Customer" tests="11" failures="0" errors="0" time="237.027" timestamp="2020-10-15 18:27:04" hostname="chaidir.pratama01 - localhost" id="Test Suites/SLIK/TS_SLIK_Gateway_Customer">
      <properties>
         <property name="deviceName" value=""/>
         <property name="devicePlatform" value=""/>
         <property name="logFolder" value="/Users/chaidir.pratama01/Katalon Studio/IST_Automation_Git/Reports/20201015_182654/SLIK/TS_SLIK_Gateway_Customer/20201015_182654"/>
         <property name="logFiles" value="/Users/chaidir.pratama01/Katalon Studio/IST_Automation_Git/Reports/20201015_182654/SLIK/TS_SLIK_Gateway_Customer/20201015_182654/execution0.log"/>
         <property name="attachments" value="/Users/chaidir.pratama01/Documents/Docs/Katalon Studio/Screenshot/test-SLIK Gateway Customer.png, /Users/chaidir.pratama01/Documents/Docs/Katalon Studio/Screenshot/slik.png, /Users/chaidir.pratama01/Documents/Docs/Katalon Studio/Screenshot/slik.png, /Users/chaidir.pratama01/Documents/Docs/Katalon Studio/Screenshot/slik.png, /Users/chaidir.pratama01/Documents/Docs/Katalon Studio/Screenshot/errorpopup.png, /Users/chaidir.pratama01/Documents/Docs/Katalon Studio/Screenshot/errorpopup.png, /Users/chaidir.pratama01/Documents/Docs/Katalon Studio/Screenshot/errorpopup.png"/>
         <property name="hostName" value="chaidir.pratama01 - localhost"/>
         <property name="os" value="Mac OS X 64bit"/>
         <property name="katalonVersion" value="7.6.0.${buildNumber}"/>
         <property name="browser" value="Chrome 86.0.4240.80"/>
         <property name="hostAddress" value="127.0.0.1"/>
         <property name="sessionId" value="05d39c9181c2731aaa9991e8321720f3"/>
         <property name="seleniumVersion" value="3.141.59"/>
         <property name="proxyInformation" value="ProxyInformation { proxyOption=NO_PROXY, proxyServerType=HTTP, username=, password=********, proxyServerAddress=, proxyServerPort=0, executionList=\&quot;\&quot;, isApplyToDesiredCapabilities=true }"/>
         <property name="platform" value="Mac OS X"/>
      </properties>
      <testcase name="Test Cases/IST_Real/SLIK/SLIK_Gateway_Customer/Open Menu SLIK Gateway Customer" time="40.498" classname="Test Cases/IST_Real/SLIK/SLIK_Gateway_Customer/Open Menu SLIK Gateway Customer" status="PASSED">
         <system-out><![CDATA[2020-10-15 18:27:05 - [TEST_CASE][PASSED] - Test Cases/IST_Real/SLIK/SLIK_Gateway_Customer/Open Menu SLIK Gateway Customer: Test Cases/IST_Real/SLIK/SLIK_Gateway_Customer/Open Menu SLIK Gateway Customer

2020-10-15 18:27:05 - [TEST_STEP][PASSED] - runFeatureFile("Include/features/IST_Real/SLIK/SLIK Gateway Customer/Open_Menu_SLIK_Gateway_Customer.feature"): Feature file: 'Include/features/IST_Real/SLIK/SLIK Gateway Customer/Open_Menu_SLIK_Gateway_Customer.feature' was passed

2020-10-15 18:27:05 - [MESSAGE][INFO] - Starting run keyword runFeatureFile: 'Include/features/IST_Real/SLIK/SLIK Gateway Customer/Open_Menu_SLIK_Gateway_Customer.feature' and extract report to folder: '/Users/chaidir.pratama01/Katalon Studio/IST_Automation_Git/Reports/20201015_182654/SLIK/TS_SLIK_Gateway_Customer/20201015_182654/cucumber_report/1602761225424'...

2020-10-15 18:27:06 - [TEST_CASE][PASSED] - Start Test Case : SCENARIO Menu SLIK Gateway Customer in IST and Verify Element Needed Exist: SCENARIO Menu SLIK Gateway Customer in IST and Verify Element Needed Exist

2020-10-15 18:27:06 - [TEST_STEP][PASSED] - Go to ISTools: Go to ISTools

2020-10-15 18:27:06 - [MESSAGE][INFO] - Starting 'Chrome' driver

2020-10-15 18:27:06 - [MESSAGE][INFO] - User set preference: ['AcceptInsecureCerts', 'true']

2020-10-15 18:27:06 - [MESSAGE][INFO] - User set preference: ['args', '[ignore-certificate-errors]']

2020-10-15 18:27:06 - [MESSAGE][INFO] - Action delay is set to 0 milliseconds

2020-10-15 18:27:08 - [MESSAGE][PASSED] - Browser is opened with url: ''

2020-10-15 18:27:09 - [MESSAGE][PASSED] - Navigate to 'https://dev-istools.homecredit.id/foundation/' successfully

2020-10-15 18:27:09 - [MESSAGE][PASSED] - Go to ISTools

2020-10-15 18:27:09 - [TEST_STEP][PASSED] - Login IST with valid credentials: Login IST with valid credentials

2020-10-15 18:27:10 - [MESSAGE][PASSED] - Text 'mobile.test' is set on object 'Object Repository/Page_/input_Username_j_username'

2020-10-15 18:27:11 - [MESSAGE][PASSED] - Text ****** has been set on object 'Object Repository/Page_/input_Password_j_password'

2020-10-15 18:27:11 - [MESSAGE][PASSED] - Object: 'Object Repository/Page_/button_Login' is clicked on

2020-10-15 18:27:11 - [MESSAGE][PASSED] - Login IST with valid credentials

2020-10-15 18:27:11 - [TEST_STEP][PASSED] - Login Success for contract dispatcher: Login Success for contract dispatcher

2020-10-15 18:27:11 - [MESSAGE][INFO] - Login Success

2020-10-15 18:27:11 - [MESSAGE][PASSED] - Current window maximized

2020-10-15 18:27:12 - [MESSAGE][PASSED] - Object 'Object Repository/Page_/h1_Welcome to IT Supporting Tools' is present

2020-10-15 18:27:12 - [MESSAGE][PASSED] - Login Success for contract dispatcher

2020-10-15 18:27:12 - [TEST_STEP][PASSED] - Select Menu "SLIK Gateway Customer": Select Menu "SLIK Gateway Customer"

2020-10-15 18:27:13 - [MESSAGE][PASSED] - Taking screenshot successfully
[[ATTACHMENT|/Users/chaidir.pratama01/Documents/Docs/Katalon Studio/Screenshot/test-SLIK Gateway Customer.png]]

2020-10-15 18:27:13 - [MESSAGE][PASSED] - Object '' is present

2020-10-15 18:27:13 - [MESSAGE][PASSED] - Object: '' is clicked on

2020-10-15 18:27:13 - [MESSAGE][PASSED] - Wait for page load successfully

2020-10-15 18:27:13 - [MESSAGE][PASSED] - Select Menu "SLIK Gateway Customer"

2020-10-15 18:27:13 - [TEST_STEP][PASSED] - Verify Title "SLIK Gateway Customer" Exists: Verify Title "SLIK Gateway Customer" Exists

2020-10-15 18:27:14 - [MESSAGE][PASSED] - Object '' is present

2020-10-15 18:27:14 - [MESSAGE][PASSED] - Object: '' is focused

2020-10-15 18:27:14 - [MESSAGE][PASSED] - Verify Title "SLIK Gateway Customer" Exists

2020-10-15 18:27:14 - [TEST_STEP][PASSED] - Verify Title "Check SLIK" Exists: Verify Title "Check SLIK" Exists

2020-10-15 18:27:15 - [MESSAGE][PASSED] - Object '' is present

2020-10-15 18:27:15 - [MESSAGE][PASSED] - Object: '' is focused

2020-10-15 18:27:15 - [MESSAGE][PASSED] - Verify Title "Check SLIK" Exists

2020-10-15 18:27:15 - [TEST_STEP][PASSED] - Verify Contents of Check SLIK Label in SLIK Gateway Customer Menu Exist: Verify Contents of Check SLIK Label in SLIK Gateway Customer Menu Exist

2020-10-15 18:27:15 - [MESSAGE][PASSED] - Object '' is present

2020-10-15 18:27:16 - [MESSAGE][PASSED] - Object: '' is focused

2020-10-15 18:27:16 - [MESSAGE][PASSED] - Object '' is present

2020-10-15 18:27:17 - [MESSAGE][PASSED] - Object: '' is focused

2020-10-15 18:27:17 - [MESSAGE][PASSED] - Object '' is present

2020-10-15 18:27:17 - [MESSAGE][PASSED] - Object: '' is focused

2020-10-15 18:27:18 - [MESSAGE][PASSED] - Object '' is present

2020-10-15 18:27:18 - [MESSAGE][PASSED] - Object: '' is focused

2020-10-15 18:27:18 - [MESSAGE][PASSED] - Object '' is present

2020-10-15 18:27:19 - [MESSAGE][PASSED] - Object: '' is focused

2020-10-15 18:27:19 - [MESSAGE][PASSED] - Object '' is present

2020-10-15 18:27:20 - [MESSAGE][PASSED] - Object: '' is focused

2020-10-15 18:27:20 - [MESSAGE][PASSED] - Object '' is present

2020-10-15 18:27:20 - [MESSAGE][PASSED] - Object: '' is focused

2020-10-15 18:27:21 - [MESSAGE][PASSED] - Object '' is present

2020-10-15 18:27:21 - [MESSAGE][PASSED] - Object: '' is focused

2020-10-15 18:27:21 - [MESSAGE][PASSED] - Object '' is present

2020-10-15 18:27:22 - [MESSAGE][PASSED] - Object: '' is focused

2020-10-15 18:27:22 - [MESSAGE][PASSED] - Object '' is present

2020-10-15 18:27:22 - [MESSAGE][PASSED] - Object: '' is focused

2020-10-15 18:27:23 - [MESSAGE][PASSED] - Object '' is present

2020-10-15 18:27:23 - [MESSAGE][PASSED] - Object: '' is focused

2020-10-15 18:27:23 - [MESSAGE][PASSED] - Object '' is present

2020-10-15 18:27:24 - [MESSAGE][PASSED] - Object: '' is focused

2020-10-15 18:27:24 - [MESSAGE][PASSED] - Object '' is present

2020-10-15 18:27:24 - [MESSAGE][PASSED] - Object: '' is focused

2020-10-15 18:27:25 - [MESSAGE][PASSED] - Object '' is present

2020-10-15 18:27:25 - [MESSAGE][PASSED] - Object: '' is focused

2020-10-15 18:27:25 - [MESSAGE][PASSED] - Object '' is present

2020-10-15 18:27:26 - [MESSAGE][PASSED] - Object: '' is focused

2020-10-15 18:27:26 - [MESSAGE][PASSED] - Object '' is present

2020-10-15 18:27:26 - [MESSAGE][PASSED] - Object: '' is focused

2020-10-15 18:27:27 - [MESSAGE][PASSED] - Object '' is present

2020-10-15 18:27:30 - [MESSAGE][PASSED] - Delayed 3 second(s)

2020-10-15 18:27:30 - [MESSAGE][PASSED] - Object: '' is focused

2020-10-15 18:27:33 - [MESSAGE][PASSED] - Delayed 3 second(s)

2020-10-15 18:27:33 - [MESSAGE][PASSED] - Object '' is present

2020-10-15 18:27:34 - [MESSAGE][PASSED] - Object: '' is focused

2020-10-15 18:27:34 - [MESSAGE][PASSED] - Object '' is present

2020-10-15 18:27:35 - [MESSAGE][PASSED] - Object: '' is focused

2020-10-15 18:27:35 - [MESSAGE][PASSED] - Verify Contents of Check SLIK Label in SLIK Gateway Customer Menu Exist

2020-10-15 18:27:35 - [TEST_STEP][PASSED] - Verify Title "Search Result" Exists: Verify Title "Search Result" Exists

2020-10-15 18:27:35 - [MESSAGE][PASSED] - Object '' is present

2020-10-15 18:27:35 - [MESSAGE][PASSED] - Object: '' is focused

2020-10-15 18:27:35 - [MESSAGE][PASSED] - Verify Title "Search Result" Exists

2020-10-15 18:27:35 - [TEST_STEP][PASSED] - Verify Contents of Search Result: Verify Contents of Search Result

2020-10-15 18:27:35 - [MESSAGE][PASSED] - Object '' is present

2020-10-15 18:27:36 - [MESSAGE][PASSED] - Object: '' is focused

2020-10-15 18:27:36 - [MESSAGE][PASSED] - Object '' is present

2020-10-15 18:27:36 - [MESSAGE][PASSED] - Object: '' is focused

2020-10-15 18:27:37 - [MESSAGE][PASSED] - Object '' is present

2020-10-15 18:27:37 - [MESSAGE][PASSED] - Object: '' is focused

2020-10-15 18:27:37 - [MESSAGE][PASSED] - Object '' is present

2020-10-15 18:27:38 - [MESSAGE][PASSED] - Object: '' is focused

2020-10-15 18:27:38 - [MESSAGE][PASSED] - Object '' is present

2020-10-15 18:27:39 - [MESSAGE][PASSED] - Object: '' is focused

2020-10-15 18:27:39 - [MESSAGE][PASSED] - Object '' is present

2020-10-15 18:27:40 - [MESSAGE][PASSED] - Object: '' is focused

2020-10-15 18:27:40 - [MESSAGE][PASSED] - Object '' is present

2020-10-15 18:27:40 - [MESSAGE][PASSED] - Object: '' is focused

2020-10-15 18:27:40 - [MESSAGE][PASSED] - Object '' is present

2020-10-15 18:27:41 - [MESSAGE][PASSED] - Object: '' is focused

2020-10-15 18:27:41 - [MESSAGE][PASSED] - Object '' is present

2020-10-15 18:27:42 - [MESSAGE][PASSED] - Object: '' is focused

2020-10-15 18:27:42 - [MESSAGE][PASSED] - Verify Contents of Search Result

2020-10-15 18:27:42 - [TEST_STEP][PASSED] - Click button "Logout": Click button "Logout"

2020-10-15 18:27:42 - [MESSAGE][INFO] - >>>>>//Button[contains(text(),'Logout')]

2020-10-15 18:27:45 - [MESSAGE][PASSED] - Object: '' is clicked on

2020-10-15 18:27:45 - [MESSAGE][PASSED] - Click button "Logout"

2020-10-15 18:27:45 - [TEST_STEP][PASSED] - Close browser: Close browser

2020-10-15 18:27:45 - [MESSAGE][PASSED] - Browser is closed

2020-10-15 18:27:45 - [MESSAGE][PASSED] - Close browser

2020-10-15 18:27:45 - [MESSAGE][PASSED] - Feature file: 'Include/features/IST_Real/SLIK/SLIK Gateway Customer/Open_Menu_SLIK_Gateway_Customer.feature' was passed]]></system-out>
         <system-err><![CDATA[]]></system-err>
      </testcase>
      <testcase name="Test Cases/IST_Real/SLIK/SLIK_Gateway_Customer/SLIK Gateway Customer Checking" time="54.275" classname="Test Cases/IST_Real/SLIK/SLIK_Gateway_Customer/SLIK Gateway Customer Checking" status="PASSED">
         <system-out><![CDATA[2020-10-15 18:27:45 - [TEST_CASE][PASSED] - Test Cases/IST_Real/SLIK/SLIK_Gateway_Customer/SLIK Gateway Customer Checking: Test Cases/IST_Real/SLIK/SLIK_Gateway_Customer/SLIK Gateway Customer Checking

2020-10-15 18:27:45 - [TEST_STEP][PASSED] - runFeatureFile("Include/features/IST_Real/SLIK/SLIK Gateway Customer/SLIK Gateway Customer Checking.feature"): Feature file: 'Include/features/IST_Real/SLIK/SLIK Gateway Customer/SLIK Gateway Customer Checking.feature' was passed

2020-10-15 18:27:45 - [MESSAGE][INFO] - Starting run keyword runFeatureFile: 'Include/features/IST_Real/SLIK/SLIK Gateway Customer/SLIK Gateway Customer Checking.feature' and extract report to folder: '/Users/chaidir.pratama01/Katalon Studio/IST_Automation_Git/Reports/20201015_182654/SLIK/TS_SLIK_Gateway_Customer/20201015_182654/cucumber_report/1602761265797'...

2020-10-15 18:27:45 - [TEST_CASE][PASSED] - Start Test Case : SCENARIO SLIK Gateway Customer Checking: SCENARIO SLIK Gateway Customer Checking

2020-10-15 18:27:45 - [TEST_STEP][PASSED] - Go to ISTools: Go to ISTools

2020-10-15 18:27:45 - [MESSAGE][INFO] - Starting 'Chrome' driver

2020-10-15 18:27:45 - [MESSAGE][INFO] - User set preference: ['AcceptInsecureCerts', 'true']

2020-10-15 18:27:45 - [MESSAGE][INFO] - User set preference: ['args', '[ignore-certificate-errors]']

2020-10-15 18:27:45 - [MESSAGE][INFO] - Action delay is set to 0 milliseconds

2020-10-15 18:27:47 - [MESSAGE][PASSED] - Browser is opened with url: ''

2020-10-15 18:27:47 - [MESSAGE][PASSED] - Navigate to 'https://dev-istools.homecredit.id/foundation/' successfully

2020-10-15 18:27:47 - [MESSAGE][PASSED] - Go to ISTools

2020-10-15 18:27:47 - [TEST_STEP][PASSED] - Login IST with valid credentials: Login IST with valid credentials

2020-10-15 18:27:48 - [MESSAGE][PASSED] - Text 'mobile.test' is set on object 'Object Repository/Page_/input_Username_j_username'

2020-10-15 18:27:48 - [MESSAGE][PASSED] - Text ****** has been set on object 'Object Repository/Page_/input_Password_j_password'

2020-10-15 18:27:49 - [MESSAGE][PASSED] - Object: 'Object Repository/Page_/button_Login' is clicked on

2020-10-15 18:27:49 - [MESSAGE][PASSED] - Login IST with valid credentials

2020-10-15 18:27:49 - [TEST_STEP][PASSED] - Login Success for contract dispatcher: Login Success for contract dispatcher

2020-10-15 18:27:49 - [MESSAGE][INFO] - Login Success

2020-10-15 18:27:49 - [MESSAGE][PASSED] - Current window maximized

2020-10-15 18:27:50 - [MESSAGE][PASSED] - Object 'Object Repository/Page_/h1_Welcome to IT Supporting Tools' is present

2020-10-15 18:27:50 - [MESSAGE][PASSED] - Login Success for contract dispatcher

2020-10-15 18:27:50 - [TEST_STEP][PASSED] - Select Menu SLIK Gateway Customer: Select Menu SLIK Gateway Customer

2020-10-15 18:27:50 - [MESSAGE][PASSED] - Object '' is present

2020-10-15 18:27:50 - [MESSAGE][PASSED] - Object: '' is clicked on

2020-10-15 18:27:50 - [MESSAGE][PASSED] - Wait for page load successfully

2020-10-15 18:27:50 - [MESSAGE][PASSED] - Select Menu SLIK Gateway Customer

2020-10-15 18:27:50 - [TEST_STEP][PASSED] - Input Data KTP Number: Input Data KTP Number

2020-10-15 18:27:51 - [MESSAGE][PASSED] - Text '9999999999999999' is set on object ''

2020-10-15 18:27:51 - [MESSAGE][PASSED] - Input Data KTP Number

2020-10-15 18:27:51 - [TEST_STEP][PASSED] - Input Data "Name *" with value "OPEX TestingAuto" for Check SLIK: Input Data "Name *" with value "OPEX TestingAuto" for Check SLIK

2020-10-15 18:27:52 - [MESSAGE][PASSED] - Taking screenshot successfully
[[ATTACHMENT|/Users/chaidir.pratama01/Documents/Docs/Katalon Studio/Screenshot/slik.png]]

2020-10-15 18:27:53 - [MESSAGE][PASSED] - Object '' is visible

2020-10-15 18:27:53 - [MESSAGE][PASSED] - Object: '' is focused

2020-10-15 18:27:54 - [MESSAGE][PASSED] - Text 'OPEX TestingAuto' is set on object ''

2020-10-15 18:27:54 - [MESSAGE][PASSED] - Input Data "Name *" with value "OPEX TestingAuto" for Check SLIK

2020-10-15 18:27:54 - [TEST_STEP][PASSED] - Input Date of Birth "20-Feb-1990": Input Date of Birth "20-Feb-1990"

2020-10-15 18:27:54 - [MESSAGE][PASSED] - Text '20-Feb-1990' is set on object ''

2020-10-15 18:27:57 - [MESSAGE][PASSED] - Delayed 3 second(s)

2020-10-15 18:27:57 - [MESSAGE][PASSED] - Input Date of Birth "20-Feb-1990"

2020-10-15 18:27:57 - [TEST_STEP][PASSED] - Select Gender "Laki-laki": Select Gender "Laki-laki"

2020-10-15 18:27:57 - [MESSAGE][PASSED] - Object: '' is clicked on

2020-10-15 18:27:57 - [MESSAGE][PASSED] - Select Gender "Laki-laki"

2020-10-15 18:27:57 - [TEST_STEP][PASSED] - Select Purpose is "Penilaian Calon Kemitraan": Select Purpose is "Penilaian Calon Kemitraan"

2020-10-15 18:27:59 - [MESSAGE][PASSED] - All options with value 'Penilaian Calon Kemitraan' are selected in object ''  using regular expression

2020-10-15 18:27:59 - [MESSAGE][PASSED] - Select Purpose is "Penilaian Calon Kemitraan"

2020-10-15 18:27:59 - [TEST_STEP][PASSED] - Input Data "Place of Birth" with value "Jakarta" for Check SLIK: Input Data "Place of Birth" with value "Jakarta" for Check SLIK

2020-10-15 18:27:59 - [MESSAGE][PASSED] - Taking screenshot successfully
[[ATTACHMENT|/Users/chaidir.pratama01/Documents/Docs/Katalon Studio/Screenshot/slik.png]]

2020-10-15 18:28:00 - [MESSAGE][PASSED] - Object '' is visible

2020-10-15 18:28:00 - [MESSAGE][PASSED] - Object: '' is focused

2020-10-15 18:28:01 - [MESSAGE][PASSED] - Text 'Jakarta' is set on object ''

2020-10-15 18:28:01 - [MESSAGE][PASSED] - Input Data "Place of Birth" with value "Jakarta" for Check SLIK

2020-10-15 18:28:01 - [TEST_STEP][PASSED] - Input Data "Mother Maternity Name" with value "Tester Auto" for Check SLIK: Input Data "Mother Maternity Name" with value "Tester Auto" for Check SLIK

2020-10-15 18:28:02 - [MESSAGE][PASSED] - Taking screenshot successfully
[[ATTACHMENT|/Users/chaidir.pratama01/Documents/Docs/Katalon Studio/Screenshot/slik.png]]

2020-10-15 18:28:02 - [MESSAGE][PASSED] - Object '' is visible

2020-10-15 18:28:02 - [MESSAGE][PASSED] - Object: '' is focused

2020-10-15 18:28:03 - [MESSAGE][PASSED] - Text 'Tester Auto' is set on object ''

2020-10-15 18:28:03 - [MESSAGE][PASSED] - Input Data "Mother Maternity Name" with value "Tester Auto" for Check SLIK

2020-10-15 18:28:03 - [TEST_STEP][PASSED] - Input KTP Address "TESTING AUTO JAKARTA": Input KTP Address "TESTING AUTO JAKARTA"

2020-10-15 18:28:04 - [MESSAGE][PASSED] - Text 'TESTING AUTO JAKARTA' is set on object ''

2020-10-15 18:28:04 - [MESSAGE][PASSED] - Input KTP Address "TESTING AUTO JAKARTA"

2020-10-15 18:28:04 - [TEST_STEP][PASSED] - Click button "Check SLIK": Click button "Check SLIK"

2020-10-15 18:28:04 - [MESSAGE][INFO] - >>>>>//Button[contains(text(),'Check SLIK')]

2020-10-15 18:28:07 - [MESSAGE][PASSED] - Object: '' is clicked on

2020-10-15 18:28:07 - [MESSAGE][PASSED] - Click button "Check SLIK"

2020-10-15 18:28:07 - [TEST_STEP][PASSED] - Get text from pop up "Confirmation Submit Request" with text "Are you sure to submit this data ?": Get text from pop up "Confirmation Submit Request" with text "Are you sure to submit this data ?"

2020-10-15 18:28:08 - [MESSAGE][PASSED] - Taking screenshot successfully
[[ATTACHMENT|/Users/chaidir.pratama01/Documents/Docs/Katalon Studio/Screenshot/errorpopup.png]]

2020-10-15 18:28:09 - [MESSAGE][PASSED] - Object '' is present

2020-10-15 18:28:09 - [MESSAGE][PASSED] - Wait for page load successfully

2020-10-15 18:28:09 - [MESSAGE][PASSED] - Wait for page load successfully

2020-10-15 18:28:09 - [MESSAGE][PASSED] - Get text from pop up "Confirmation Submit Request" with text "Are you sure to submit this data ?"

2020-10-15 18:28:09 - [TEST_STEP][PASSED] - Click button "Yes": Click button "Yes"

2020-10-15 18:28:09 - [MESSAGE][INFO] - >>>>>//Button[contains(text(),'Yes')]

2020-10-15 18:28:12 - [MESSAGE][PASSED] - Object: '' is clicked on

2020-10-15 18:28:12 - [MESSAGE][PASSED] - Click button "Yes"

2020-10-15 18:28:12 - [TEST_STEP][PASSED] - Verify KTP Number Request Success: Verify KTP Number Request Success

2020-10-15 18:28:32 - [MESSAGE][PASSED] - Object '' is present

2020-10-15 18:28:32 - [MESSAGE][PASSED] - Verify KTP Number Request Success

2020-10-15 18:28:32 - [TEST_STEP][PASSED] - Click button "OK": Click button "OK"

2020-10-15 18:28:32 - [MESSAGE][INFO] - >>>>>//Button[contains(text(),'OK')]

2020-10-15 18:28:36 - [MESSAGE][PASSED] - Object: '' is clicked on

2020-10-15 18:28:36 - [MESSAGE][PASSED] - Click button "OK"

2020-10-15 18:28:36 - [TEST_STEP][PASSED] - Click button "Logout": Click button "Logout"

2020-10-15 18:28:36 - [MESSAGE][INFO] - >>>>>//Button[contains(text(),'Logout')]

2020-10-15 18:28:39 - [MESSAGE][PASSED] - Object: '' is clicked on

2020-10-15 18:28:39 - [MESSAGE][PASSED] - Click button "Logout"

2020-10-15 18:28:39 - [TEST_STEP][PASSED] - Close browser: Close browser

2020-10-15 18:28:39 - [MESSAGE][PASSED] - Browser is closed

2020-10-15 18:28:39 - [MESSAGE][PASSED] - Close browser

2020-10-15 18:28:39 - [MESSAGE][PASSED] - Feature file: 'Include/features/IST_Real/SLIK/SLIK Gateway Customer/SLIK Gateway Customer Checking.feature' was passed]]></system-out>
         <system-err><![CDATA[]]></system-err>
      </testcase>
      <testcase name="Test Cases/IST_Real/SLIK/SLIK_Gateway_Customer/SELECT KTP NUMBER CUSTOMER from DB" time="1.351" classname="Test Cases/IST_Real/SLIK/SLIK_Gateway_Customer/SELECT KTP NUMBER CUSTOMER from DB" status="PASSED">
         <system-out><![CDATA[2020-10-15 18:28:39 - [TEST_CASE][PASSED] - Test Cases/IST_Real/SLIK/SLIK_Gateway_Customer/SELECT KTP NUMBER CUSTOMER from DB: Test Cases/IST_Real/SLIK/SLIK_Gateway_Customer/SELECT KTP NUMBER CUSTOMER from DB

2020-10-15 18:28:40 - [TEST_STEP][PASSED] - runFeatureFile("Include/features/IST_Real/SLIK/SLIK Gateway Customer/SELECT_KTP_NUMBER_CUSTOMER_from_DB.feature"): Feature file: 'Include/features/IST_Real/SLIK/SLIK Gateway Customer/SELECT_KTP_NUMBER_CUSTOMER_from_DB.feature' was passed

2020-10-15 18:28:40 - [MESSAGE][INFO] - Starting run keyword runFeatureFile: 'Include/features/IST_Real/SLIK/SLIK Gateway Customer/SELECT_KTP_NUMBER_CUSTOMER_from_DB.feature' and extract report to folder: '/Users/chaidir.pratama01/Katalon Studio/IST_Automation_Git/Reports/20201015_182654/SLIK/TS_SLIK_Gateway_Customer/20201015_182654/cucumber_report/1602761320039'...

2020-10-15 18:28:40 - [TEST_CASE][PASSED] - Start Test Case : SCENARIO SELECT KTP Number Customer From Table SLIK_DATA_CUSTOMER: SCENARIO SELECT KTP Number Customer From Table SLIK_DATA_CUSTOMER

2020-10-15 18:28:40 - [TEST_STEP][PASSED] - Connect to Database: Connect to Database

2020-10-15 18:28:40 - [MESSAGE][PASSED] - Connect to Database

2020-10-15 18:28:40 - [TEST_STEP][PASSED] - Check KTP Number Customer in DB: Check KTP Number Customer in DB

2020-10-15 18:28:41 - [MESSAGE][PASSED] - Check KTP Number Customer in DB

2020-10-15 18:28:41 - [MESSAGE][PASSED] - Feature file: 'Include/features/IST_Real/SLIK/SLIK Gateway Customer/SELECT_KTP_NUMBER_CUSTOMER_from_DB.feature' was passed]]></system-out>
         <system-err><![CDATA[]]></system-err>
      </testcase>
      <testcase name="Test Cases/IST_Real/SLIK/SLIK_Gateway_Customer/SLIK Gateaway Customer Search By KTP" time="14.352" classname="Test Cases/IST_Real/SLIK/SLIK_Gateway_Customer/SLIK Gateaway Customer Search By KTP" status="PASSED">
         <system-out><![CDATA[2020-10-15 18:28:41 - [TEST_CASE][PASSED] - Test Cases/IST_Real/SLIK/SLIK_Gateway_Customer/SLIK Gateaway Customer Search By KTP: Test Cases/IST_Real/SLIK/SLIK_Gateway_Customer/SLIK Gateaway Customer Search By KTP

2020-10-15 18:28:41 - [TEST_STEP][PASSED] - runFeatureFile("Include/features/IST_Real/SLIK/SLIK Gateway Customer/SLIK_Gateaway_Customer_Search_By_KTP.feature"): Feature file: 'Include/features/IST_Real/SLIK/SLIK Gateway Customer/SLIK_Gateaway_Customer_Search_By_KTP.feature' was passed

2020-10-15 18:28:41 - [MESSAGE][INFO] - Starting run keyword runFeatureFile: 'Include/features/IST_Real/SLIK/SLIK Gateway Customer/SLIK_Gateaway_Customer_Search_By_KTP.feature' and extract report to folder: '/Users/chaidir.pratama01/Katalon Studio/IST_Automation_Git/Reports/20201015_182654/SLIK/TS_SLIK_Gateway_Customer/20201015_182654/cucumber_report/1602761321397'...

2020-10-15 18:28:41 - [TEST_CASE][PASSED] - Start Test Case : SCENARIO SLIK Gateway Customer Search Result: SCENARIO SLIK Gateway Customer Search Result

2020-10-15 18:28:41 - [TEST_STEP][PASSED] - Go to ISTools: Go to ISTools

2020-10-15 18:28:41 - [MESSAGE][INFO] - Starting 'Chrome' driver

2020-10-15 18:28:41 - [MESSAGE][INFO] - User set preference: ['AcceptInsecureCerts', 'true']

2020-10-15 18:28:41 - [MESSAGE][INFO] - User set preference: ['args', '[ignore-certificate-errors]']

2020-10-15 18:28:41 - [MESSAGE][INFO] - Action delay is set to 0 milliseconds

2020-10-15 18:28:42 - [MESSAGE][PASSED] - Browser is opened with url: ''

2020-10-15 18:28:43 - [MESSAGE][PASSED] - Navigate to 'https://dev-istools.homecredit.id/foundation/' successfully

2020-10-15 18:28:43 - [MESSAGE][PASSED] - Go to ISTools

2020-10-15 18:28:43 - [TEST_STEP][PASSED] - Login IST with valid credentials: Login IST with valid credentials

2020-10-15 18:28:44 - [MESSAGE][PASSED] - Text 'mobile.test' is set on object 'Object Repository/Page_/input_Username_j_username'

2020-10-15 18:28:44 - [MESSAGE][PASSED] - Text ****** has been set on object 'Object Repository/Page_/input_Password_j_password'

2020-10-15 18:28:45 - [MESSAGE][PASSED] - Object: 'Object Repository/Page_/button_Login' is clicked on

2020-10-15 18:28:45 - [MESSAGE][PASSED] - Login IST with valid credentials

2020-10-15 18:28:45 - [TEST_STEP][PASSED] - Login Success for contract dispatcher: Login Success for contract dispatcher

2020-10-15 18:28:45 - [MESSAGE][INFO] - Login Success

2020-10-15 18:28:45 - [MESSAGE][PASSED] - Current window maximized

2020-10-15 18:28:45 - [MESSAGE][PASSED] - Object 'Object Repository/Page_/h1_Welcome to IT Supporting Tools' is present

2020-10-15 18:28:45 - [MESSAGE][PASSED] - Login Success for contract dispatcher

2020-10-15 18:28:45 - [TEST_STEP][PASSED] - Select Menu SLIK Gateway Customer: Select Menu SLIK Gateway Customer

2020-10-15 18:28:45 - [MESSAGE][PASSED] - Object '' is present

2020-10-15 18:28:46 - [MESSAGE][PASSED] - Object: '' is clicked on

2020-10-15 18:28:46 - [MESSAGE][PASSED] - Wait for page load successfully

2020-10-15 18:28:46 - [MESSAGE][PASSED] - Select Menu SLIK Gateway Customer

2020-10-15 18:28:46 - [TEST_STEP][PASSED] - Input Data KTP Number for Search Result: Input Data KTP Number for Search Result

2020-10-15 18:28:46 - [MESSAGE][PASSED] - Scroll to object '' successfully

2020-10-15 18:28:47 - [MESSAGE][PASSED] - Text '9999999999999999' is set on object ''

2020-10-15 18:28:47 - [MESSAGE][PASSED] - Input Data KTP Number for Search Result

2020-10-15 18:28:47 - [TEST_STEP][PASSED] - Click button "Search": Click button "Search"

2020-10-15 18:28:47 - [MESSAGE][INFO] - >>>>>//Button[contains(text(),'Search')]

2020-10-15 18:28:50 - [MESSAGE][PASSED] - Object: '' is clicked on

2020-10-15 18:28:50 - [MESSAGE][PASSED] - Click button "Search"

2020-10-15 18:28:50 - [TEST_STEP][PASSED] - Verify Search Result with KTP Number: Verify Search Result with KTP Number

2020-10-15 18:28:51 - [MESSAGE][PASSED] - Object '' is present

2020-10-15 18:28:51 - [MESSAGE][PASSED] - Verify Search Result with KTP Number

2020-10-15 18:28:51 - [TEST_STEP][PASSED] - Verify Search Result data: Verify Search Result data

2020-10-15 18:28:51 - [MESSAGE][PASSED] - Scroll to object '' successfully

2020-10-15 18:28:52 - [MESSAGE][PASSED] - Object '' is present

2020-10-15 18:28:52 - [MESSAGE][PASSED] - Verify Search Result data

2020-10-15 18:28:52 - [TEST_STEP][PASSED] - Click button "Logout": Click button "Logout"

2020-10-15 18:28:52 - [MESSAGE][INFO] - >>>>>//Button[contains(text(),'Logout')]

2020-10-15 18:28:55 - [MESSAGE][PASSED] - Object: '' is clicked on

2020-10-15 18:28:55 - [MESSAGE][PASSED] - Click button "Logout"

2020-10-15 18:28:55 - [TEST_STEP][PASSED] - Close browser: Close browser

2020-10-15 18:28:55 - [MESSAGE][PASSED] - Browser is closed

2020-10-15 18:28:55 - [MESSAGE][PASSED] - Close browser

2020-10-15 18:28:55 - [MESSAGE][PASSED] - Feature file: 'Include/features/IST_Real/SLIK/SLIK Gateway Customer/SLIK_Gateaway_Customer_Search_By_KTP.feature' was passed]]></system-out>
         <system-err><![CDATA[]]></system-err>
      </testcase>
      <testcase name="Test Cases/IST_Real/SLIK/SLIK_Gateway_Customer/SLIK Gateway Customer Search By Status SUCCESS" time="14.524" classname="Test Cases/IST_Real/SLIK/SLIK_Gateway_Customer/SLIK Gateway Customer Search By Status SUCCESS" status="PASSED">
         <system-out><![CDATA[2020-10-15 18:28:55 - [TEST_CASE][PASSED] - Test Cases/IST_Real/SLIK/SLIK_Gateway_Customer/SLIK Gateway Customer Search By Status SUCCESS: Test Cases/IST_Real/SLIK/SLIK_Gateway_Customer/SLIK Gateway Customer Search By Status SUCCESS

2020-10-15 18:28:55 - [TEST_STEP][PASSED] - runFeatureFile("Include/features/IST_Real/SLIK/SLIK Gateway Customer/SLIK_Gateway_Customer_Search_By_Status_SUCCESS.feature"): Feature file: 'Include/features/IST_Real/SLIK/SLIK Gateway Customer/SLIK_Gateway_Customer_Search_By_Status_SUCCESS.feature' was passed

2020-10-15 18:28:55 - [MESSAGE][INFO] - Starting run keyword runFeatureFile: 'Include/features/IST_Real/SLIK/SLIK Gateway Customer/SLIK_Gateway_Customer_Search_By_Status_SUCCESS.feature' and extract report to folder: '/Users/chaidir.pratama01/Katalon Studio/IST_Automation_Git/Reports/20201015_182654/SLIK/TS_SLIK_Gateway_Customer/20201015_182654/cucumber_report/1602761335744'...

2020-10-15 18:28:55 - [TEST_CASE][PASSED] - Start Test Case : SCENARIO Search Result by Status: SCENARIO Search Result by Status

2020-10-15 18:28:55 - [TEST_STEP][PASSED] - Go to ISTools: Go to ISTools

2020-10-15 18:28:55 - [MESSAGE][INFO] - Starting 'Chrome' driver

2020-10-15 18:28:55 - [MESSAGE][INFO] - User set preference: ['AcceptInsecureCerts', 'true']

2020-10-15 18:28:55 - [MESSAGE][INFO] - User set preference: ['args', '[ignore-certificate-errors]']

2020-10-15 18:28:55 - [MESSAGE][INFO] - Action delay is set to 0 milliseconds

2020-10-15 18:28:56 - [MESSAGE][PASSED] - Browser is opened with url: ''

2020-10-15 18:28:57 - [MESSAGE][PASSED] - Navigate to 'https://dev-istools.homecredit.id/foundation/' successfully

2020-10-15 18:28:57 - [MESSAGE][PASSED] - Go to ISTools

2020-10-15 18:28:57 - [TEST_STEP][PASSED] - Login IST with valid credentials: Login IST with valid credentials

2020-10-15 18:28:58 - [MESSAGE][PASSED] - Text 'mobile.test' is set on object 'Object Repository/Page_/input_Username_j_username'

2020-10-15 18:28:58 - [MESSAGE][PASSED] - Text ****** has been set on object 'Object Repository/Page_/input_Password_j_password'

2020-10-15 18:28:59 - [MESSAGE][PASSED] - Object: 'Object Repository/Page_/button_Login' is clicked on

2020-10-15 18:28:59 - [MESSAGE][PASSED] - Login IST with valid credentials

2020-10-15 18:28:59 - [TEST_STEP][PASSED] - Login Success for contract dispatcher: Login Success for contract dispatcher

2020-10-15 18:28:59 - [MESSAGE][INFO] - Login Success

2020-10-15 18:28:59 - [MESSAGE][PASSED] - Current window maximized

2020-10-15 18:28:59 - [MESSAGE][PASSED] - Object 'Object Repository/Page_/h1_Welcome to IT Supporting Tools' is present

2020-10-15 18:28:59 - [MESSAGE][PASSED] - Login Success for contract dispatcher

2020-10-15 18:28:59 - [TEST_STEP][PASSED] - Select Menu SLIK Gateway Customer: Select Menu SLIK Gateway Customer

2020-10-15 18:29:00 - [MESSAGE][PASSED] - Object '' is present

2020-10-15 18:29:00 - [MESSAGE][PASSED] - Object: '' is clicked on

2020-10-15 18:29:00 - [MESSAGE][PASSED] - Wait for page load successfully

2020-10-15 18:29:00 - [MESSAGE][PASSED] - Select Menu SLIK Gateway Customer

2020-10-15 18:29:00 - [TEST_STEP][PASSED] - Select Status is "SUCCESS": Select Status is "SUCCESS"

2020-10-15 18:29:01 - [MESSAGE][PASSED] - All options with value 'SUCCESS' are selected in object ''  using regular expression

2020-10-15 18:29:01 - [MESSAGE][PASSED] - Select Status is "SUCCESS"

2020-10-15 18:29:01 - [TEST_STEP][PASSED] - Click button "Search": Click button "Search"

2020-10-15 18:29:01 - [MESSAGE][INFO] - >>>>>//Button[contains(text(),'Search')]

2020-10-15 18:29:04 - [MESSAGE][PASSED] - Object: '' is clicked on

2020-10-15 18:29:04 - [MESSAGE][PASSED] - Click button "Search"

2020-10-15 18:29:04 - [TEST_STEP][PASSED] - Verify Search Result Based on Result Status: Verify Search Result Based on Result Status

2020-10-15 18:29:05 - [MESSAGE][PASSED] - Scroll to object '' successfully

2020-10-15 18:29:05 - [MESSAGE][PASSED] - Actual text and expected text of test object '' are matched.

2020-10-15 18:29:06 - [MESSAGE][PASSED] - Text of object '' is: 'SUCCESS'

2020-10-15 18:29:06 - [MESSAGE][PASSED] - Text of object '' is: '9999999999999999'

2020-10-15 18:29:06 - [MESSAGE][PASSED] - Verify Search Result Based on Result Status

2020-10-15 18:29:06 - [TEST_STEP][PASSED] - Click button "Logout": Click button "Logout"

2020-10-15 18:29:06 - [MESSAGE][INFO] - >>>>>//Button[contains(text(),'Logout')]

2020-10-15 18:29:10 - [MESSAGE][PASSED] - Object: '' is clicked on

2020-10-15 18:29:10 - [MESSAGE][PASSED] - Click button "Logout"

2020-10-15 18:29:10 - [TEST_STEP][PASSED] - Close browser: Close browser

2020-10-15 18:29:10 - [MESSAGE][PASSED] - Browser is closed

2020-10-15 18:29:10 - [MESSAGE][PASSED] - Close browser

2020-10-15 18:29:10 - [MESSAGE][PASSED] - Feature file: 'Include/features/IST_Real/SLIK/SLIK Gateway Customer/SLIK_Gateway_Customer_Search_By_Status_SUCCESS.feature' was passed]]></system-out>
         <system-err><![CDATA[]]></system-err>
      </testcase>
      <testcase name="Test Cases/IST_Real/SLIK/SLIK_Gateway_Customer/SLIK Gateway Customer Search By Status FAILED" time="14.835" classname="Test Cases/IST_Real/SLIK/SLIK_Gateway_Customer/SLIK Gateway Customer Search By Status FAILED" status="PASSED">
         <system-out><![CDATA[2020-10-15 18:29:10 - [TEST_CASE][PASSED] - Test Cases/IST_Real/SLIK/SLIK_Gateway_Customer/SLIK Gateway Customer Search By Status FAILED: Test Cases/IST_Real/SLIK/SLIK_Gateway_Customer/SLIK Gateway Customer Search By Status FAILED

2020-10-15 18:29:10 - [TEST_STEP][PASSED] - runFeatureFile("Include/features/IST_Real/SLIK/SLIK Gateway Customer/SLIK_Gateway_Customer_Search_By_Status_FAILED.feature"): Feature file: 'Include/features/IST_Real/SLIK/SLIK Gateway Customer/SLIK_Gateway_Customer_Search_By_Status_FAILED.feature' was passed

2020-10-15 18:29:10 - [MESSAGE][INFO] - Starting run keyword runFeatureFile: 'Include/features/IST_Real/SLIK/SLIK Gateway Customer/SLIK_Gateway_Customer_Search_By_Status_FAILED.feature' and extract report to folder: '/Users/chaidir.pratama01/Katalon Studio/IST_Automation_Git/Reports/20201015_182654/SLIK/TS_SLIK_Gateway_Customer/20201015_182654/cucumber_report/1602761350274'...

2020-10-15 18:29:10 - [TEST_CASE][PASSED] - Start Test Case : SCENARIO Search Result by Status: SCENARIO Search Result by Status

2020-10-15 18:29:10 - [TEST_STEP][PASSED] - Go to ISTools: Go to ISTools

2020-10-15 18:29:10 - [MESSAGE][INFO] - Starting 'Chrome' driver

2020-10-15 18:29:10 - [MESSAGE][INFO] - User set preference: ['AcceptInsecureCerts', 'true']

2020-10-15 18:29:10 - [MESSAGE][INFO] - User set preference: ['args', '[ignore-certificate-errors]']

2020-10-15 18:29:10 - [MESSAGE][INFO] - Action delay is set to 0 milliseconds

2020-10-15 18:29:11 - [MESSAGE][PASSED] - Browser is opened with url: ''

2020-10-15 18:29:12 - [MESSAGE][PASSED] - Navigate to 'https://dev-istools.homecredit.id/foundation/' successfully

2020-10-15 18:29:12 - [MESSAGE][PASSED] - Go to ISTools

2020-10-15 18:29:12 - [TEST_STEP][PASSED] - Login IST with valid credentials: Login IST with valid credentials

2020-10-15 18:29:12 - [MESSAGE][PASSED] - Text 'mobile.test' is set on object 'Object Repository/Page_/input_Username_j_username'

2020-10-15 18:29:13 - [MESSAGE][PASSED] - Text ****** has been set on object 'Object Repository/Page_/input_Password_j_password'

2020-10-15 18:29:13 - [MESSAGE][PASSED] - Object: 'Object Repository/Page_/button_Login' is clicked on

2020-10-15 18:29:13 - [MESSAGE][PASSED] - Login IST with valid credentials

2020-10-15 18:29:13 - [TEST_STEP][PASSED] - Login Success for contract dispatcher: Login Success for contract dispatcher

2020-10-15 18:29:13 - [MESSAGE][INFO] - Login Success

2020-10-15 18:29:14 - [MESSAGE][PASSED] - Current window maximized

2020-10-15 18:29:14 - [MESSAGE][PASSED] - Object 'Object Repository/Page_/h1_Welcome to IT Supporting Tools' is present

2020-10-15 18:29:14 - [MESSAGE][PASSED] - Login Success for contract dispatcher

2020-10-15 18:29:14 - [TEST_STEP][PASSED] - Select Menu SLIK Gateway Customer: Select Menu SLIK Gateway Customer

2020-10-15 18:29:14 - [MESSAGE][PASSED] - Object '' is present

2020-10-15 18:29:15 - [MESSAGE][PASSED] - Object: '' is clicked on

2020-10-15 18:29:15 - [MESSAGE][PASSED] - Wait for page load successfully

2020-10-15 18:29:15 - [MESSAGE][PASSED] - Select Menu SLIK Gateway Customer

2020-10-15 18:29:15 - [TEST_STEP][PASSED] - Select Status is "FAILED": Select Status is "FAILED"

2020-10-15 18:29:16 - [MESSAGE][PASSED] - All options with value 'FAILED' are selected in object ''  using regular expression

2020-10-15 18:29:16 - [MESSAGE][PASSED] - Select Status is "FAILED"

2020-10-15 18:29:16 - [TEST_STEP][PASSED] - Click button "Search": Click button "Search"

2020-10-15 18:29:16 - [MESSAGE][INFO] - >>>>>//Button[contains(text(),'Search')]

2020-10-15 18:29:19 - [MESSAGE][PASSED] - Object: '' is clicked on

2020-10-15 18:29:19 - [MESSAGE][PASSED] - Click button "Search"

2020-10-15 18:29:19 - [TEST_STEP][PASSED] - Verify Search Result Based on Result Status: Verify Search Result Based on Result Status

2020-10-15 18:29:20 - [MESSAGE][PASSED] - Scroll to object '' successfully

2020-10-15 18:29:20 - [MESSAGE][PASSED] - Actual text and expected text of test object '' are matched.

2020-10-15 18:29:21 - [MESSAGE][PASSED] - Text of object '' is: 'FAILED'

2020-10-15 18:29:21 - [MESSAGE][PASSED] - Text of object '' is: '9999999999999999'

2020-10-15 18:29:21 - [MESSAGE][PASSED] - Verify Search Result Based on Result Status

2020-10-15 18:29:21 - [TEST_STEP][PASSED] - Click button "Logout": Click button "Logout"

2020-10-15 18:29:21 - [MESSAGE][INFO] - >>>>>//Button[contains(text(),'Logout')]

2020-10-15 18:29:24 - [MESSAGE][PASSED] - Object: '' is clicked on

2020-10-15 18:29:24 - [MESSAGE][PASSED] - Click button "Logout"

2020-10-15 18:29:24 - [TEST_STEP][PASSED] - Close browser: Close browser

2020-10-15 18:29:25 - [MESSAGE][PASSED] - Browser is closed

2020-10-15 18:29:25 - [MESSAGE][PASSED] - Close browser

2020-10-15 18:29:25 - [MESSAGE][PASSED] - Feature file: 'Include/features/IST_Real/SLIK/SLIK Gateway Customer/SLIK_Gateway_Customer_Search_By_Status_FAILED.feature' was passed]]></system-out>
         <system-err><![CDATA[]]></system-err>
      </testcase>
      <testcase name="Test Cases/IST_Real/SLIK/SLIK_Gateway_Customer/SLIK Gateway Customer Search By DateStart DateEnd" time="16.548" classname="Test Cases/IST_Real/SLIK/SLIK_Gateway_Customer/SLIK Gateway Customer Search By DateStart DateEnd" status="PASSED">
         <system-out><![CDATA[2020-10-15 18:29:25 - [TEST_CASE][PASSED] - Test Cases/IST_Real/SLIK/SLIK_Gateway_Customer/SLIK Gateway Customer Search By DateStart DateEnd: Test Cases/IST_Real/SLIK/SLIK_Gateway_Customer/SLIK Gateway Customer Search By DateStart DateEnd

2020-10-15 18:29:25 - [TEST_STEP][PASSED] - runFeatureFile("Include/features/IST_Real/SLIK/SLIK Gateway Customer/SLIK_Gateway_Customer_Search_By_DateStart_DateEnd.feature"): Feature file: 'Include/features/IST_Real/SLIK/SLIK Gateway Customer/SLIK_Gateway_Customer_Search_By_DateStart_DateEnd.feature' was passed

2020-10-15 18:29:25 - [MESSAGE][INFO] - Starting run keyword runFeatureFile: 'Include/features/IST_Real/SLIK/SLIK Gateway Customer/SLIK_Gateway_Customer_Search_By_DateStart_DateEnd.feature' and extract report to folder: '/Users/chaidir.pratama01/Katalon Studio/IST_Automation_Git/Reports/20201015_182654/SLIK/TS_SLIK_Gateway_Customer/20201015_182654/cucumber_report/1602761365134'...

2020-10-15 18:29:25 - [TEST_CASE][PASSED] - Start Test Case : SCENARIO Search Result by Date Start and Date End: SCENARIO Search Result by Date Start and Date End

2020-10-15 18:29:25 - [TEST_STEP][PASSED] - Go to ISTools: Go to ISTools

2020-10-15 18:29:25 - [MESSAGE][INFO] - Starting 'Chrome' driver

2020-10-15 18:29:25 - [MESSAGE][INFO] - User set preference: ['AcceptInsecureCerts', 'true']

2020-10-15 18:29:25 - [MESSAGE][INFO] - User set preference: ['args', '[ignore-certificate-errors]']

2020-10-15 18:29:25 - [MESSAGE][INFO] - Action delay is set to 0 milliseconds

2020-10-15 18:29:26 - [MESSAGE][PASSED] - Browser is opened with url: ''

2020-10-15 18:29:27 - [MESSAGE][PASSED] - Navigate to 'https://dev-istools.homecredit.id/foundation/' successfully

2020-10-15 18:29:27 - [MESSAGE][PASSED] - Go to ISTools

2020-10-15 18:29:27 - [TEST_STEP][PASSED] - Login IST with valid credentials: Login IST with valid credentials

2020-10-15 18:29:27 - [MESSAGE][PASSED] - Text 'mobile.test' is set on object 'Object Repository/Page_/input_Username_j_username'

2020-10-15 18:29:28 - [MESSAGE][PASSED] - Text ****** has been set on object 'Object Repository/Page_/input_Password_j_password'

2020-10-15 18:29:28 - [MESSAGE][PASSED] - Object: 'Object Repository/Page_/button_Login' is clicked on

2020-10-15 18:29:28 - [MESSAGE][PASSED] - Login IST with valid credentials

2020-10-15 18:29:28 - [TEST_STEP][PASSED] - Login Success for contract dispatcher: Login Success for contract dispatcher

2020-10-15 18:29:28 - [MESSAGE][INFO] - Login Success

2020-10-15 18:29:28 - [MESSAGE][PASSED] - Current window maximized

2020-10-15 18:29:29 - [MESSAGE][PASSED] - Object 'Object Repository/Page_/h1_Welcome to IT Supporting Tools' is present

2020-10-15 18:29:29 - [MESSAGE][PASSED] - Login Success for contract dispatcher

2020-10-15 18:29:29 - [TEST_STEP][PASSED] - Select Menu SLIK Gateway Customer: Select Menu SLIK Gateway Customer

2020-10-15 18:29:29 - [MESSAGE][PASSED] - Object '' is present

2020-10-15 18:29:29 - [MESSAGE][PASSED] - Object: '' is clicked on

2020-10-15 18:29:29 - [MESSAGE][PASSED] - Wait for page load successfully

2020-10-15 18:29:29 - [MESSAGE][PASSED] - Select Menu SLIK Gateway Customer

2020-10-15 18:29:29 - [TEST_STEP][PASSED] - Set Start Date with value "01-10-2020" and End Date with value "24-10-2020": Set Start Date with value "01-10-2020" and End Date with value "24-10-2020"

2020-10-15 18:29:30 - [MESSAGE][PASSED] - Scroll to object '' successfully

2020-10-15 18:29:30 - [MESSAGE][PASSED] - Object '' is present

2020-10-15 18:29:31 - [MESSAGE][PASSED] - Text '01-10-2020' is set on object ''

2020-10-15 18:29:31 - [MESSAGE][PASSED] - Object '' is present

2020-10-15 18:29:32 - [MESSAGE][PASSED] - Text '24-10-2020' is set on object ''

2020-10-15 18:29:32 - [MESSAGE][PASSED] - Set Start Date with value "01-10-2020" and End Date with value "24-10-2020"

2020-10-15 18:29:32 - [TEST_STEP][PASSED] - Click button "Search": Click button "Search"

2020-10-15 18:29:32 - [MESSAGE][INFO] - >>>>>//Button[contains(text(),'Search')]

2020-10-15 18:29:35 - [MESSAGE][PASSED] - Object: '' is clicked on

2020-10-15 18:29:35 - [MESSAGE][PASSED] - Click button "Search"

2020-10-15 18:29:35 - [TEST_STEP][PASSED] - Verify Search Result Based on Created Date: Verify Search Result Based on Created Date

2020-10-15 18:29:36 - [MESSAGE][PASSED] - Object '' is present

2020-10-15 18:29:36 - [MESSAGE][PASSED] - Text of object '' is: '08 October 2020 14:06:24'

2020-10-15 18:29:36 - [MESSAGE][PASSED] - Verify Search Result Based on Created Date

2020-10-15 18:29:36 - [TEST_STEP][PASSED] - Verify Search Result Based on Result Status: Verify Search Result Based on Result Status

2020-10-15 18:29:37 - [MESSAGE][PASSED] - Scroll to object '' successfully

2020-10-15 18:29:37 - [MESSAGE][PASSED] - Text of object '' is: 'FAILED'

2020-10-15 18:29:37 - [MESSAGE][PASSED] - Text of object '' is: '9999999999999999'

2020-10-15 18:29:37 - [MESSAGE][PASSED] - Verify Search Result Based on Result Status

2020-10-15 18:29:37 - [TEST_STEP][PASSED] - Click button "Logout": Click button "Logout"

2020-10-15 18:29:37 - [MESSAGE][INFO] - >>>>>//Button[contains(text(),'Logout')]

2020-10-15 18:29:41 - [MESSAGE][PASSED] - Object: '' is clicked on

2020-10-15 18:29:41 - [MESSAGE][PASSED] - Click button "Logout"

2020-10-15 18:29:41 - [TEST_STEP][PASSED] - Close browser: Close browser

2020-10-15 18:29:41 - [MESSAGE][PASSED] - Browser is closed

2020-10-15 18:29:41 - [MESSAGE][PASSED] - Close browser

2020-10-15 18:29:41 - [MESSAGE][PASSED] - Feature file: 'Include/features/IST_Real/SLIK/SLIK Gateway Customer/SLIK_Gateway_Customer_Search_By_DateStart_DateEnd.feature' was passed]]></system-out>
         <system-err><![CDATA[]]></system-err>
      </testcase>
      <testcase name="Test Cases/IST_Real/SLIK/SLIK_Gateway_Customer/SLIK Gateway Customer Search By DateStart ONLY" time="20.14" classname="Test Cases/IST_Real/SLIK/SLIK_Gateway_Customer/SLIK Gateway Customer Search By DateStart ONLY" status="PASSED">
         <system-out><![CDATA[2020-10-15 18:29:41 - [TEST_CASE][PASSED] - Test Cases/IST_Real/SLIK/SLIK_Gateway_Customer/SLIK Gateway Customer Search By DateStart ONLY: Test Cases/IST_Real/SLIK/SLIK_Gateway_Customer/SLIK Gateway Customer Search By DateStart ONLY

2020-10-15 18:29:41 - [TEST_STEP][PASSED] - runFeatureFile("Include/features/IST_Real/SLIK/SLIK Gateway Customer/SLIK_Gateway_Customer_Search_By_DateStart_ONLY.feature"): Feature file: 'Include/features/IST_Real/SLIK/SLIK Gateway Customer/SLIK_Gateway_Customer_Search_By_DateStart_ONLY.feature' was passed

2020-10-15 18:29:41 - [MESSAGE][INFO] - Starting run keyword runFeatureFile: 'Include/features/IST_Real/SLIK/SLIK Gateway Customer/SLIK_Gateway_Customer_Search_By_DateStart_ONLY.feature' and extract report to folder: '/Users/chaidir.pratama01/Katalon Studio/IST_Automation_Git/Reports/20201015_182654/SLIK/TS_SLIK_Gateway_Customer/20201015_182654/cucumber_report/1602761381663'...

2020-10-15 18:29:41 - [TEST_CASE][PASSED] - Start Test Case : SCENARIO Search Result by Date Start ONLY: SCENARIO Search Result by Date Start ONLY

2020-10-15 18:29:41 - [TEST_STEP][PASSED] - Go to ISTools: Go to ISTools

2020-10-15 18:29:41 - [MESSAGE][INFO] - Starting 'Chrome' driver

2020-10-15 18:29:41 - [MESSAGE][INFO] - User set preference: ['AcceptInsecureCerts', 'true']

2020-10-15 18:29:41 - [MESSAGE][INFO] - User set preference: ['args', '[ignore-certificate-errors]']

2020-10-15 18:29:41 - [MESSAGE][INFO] - Action delay is set to 0 milliseconds

2020-10-15 18:29:42 - [MESSAGE][PASSED] - Browser is opened with url: ''

2020-10-15 18:29:43 - [MESSAGE][PASSED] - Navigate to 'https://dev-istools.homecredit.id/foundation/' successfully

2020-10-15 18:29:43 - [MESSAGE][PASSED] - Go to ISTools

2020-10-15 18:29:43 - [TEST_STEP][PASSED] - Login IST with valid credentials: Login IST with valid credentials

2020-10-15 18:29:44 - [MESSAGE][PASSED] - Text 'mobile.test' is set on object 'Object Repository/Page_/input_Username_j_username'

2020-10-15 18:29:44 - [MESSAGE][PASSED] - Text ****** has been set on object 'Object Repository/Page_/input_Password_j_password'

2020-10-15 18:29:45 - [MESSAGE][PASSED] - Object: 'Object Repository/Page_/button_Login' is clicked on

2020-10-15 18:29:45 - [MESSAGE][PASSED] - Login IST with valid credentials

2020-10-15 18:29:45 - [TEST_STEP][PASSED] - Login Success for contract dispatcher: Login Success for contract dispatcher

2020-10-15 18:29:45 - [MESSAGE][INFO] - Login Success

2020-10-15 18:29:45 - [MESSAGE][PASSED] - Current window maximized

2020-10-15 18:29:45 - [MESSAGE][PASSED] - Object 'Object Repository/Page_/h1_Welcome to IT Supporting Tools' is present

2020-10-15 18:29:45 - [MESSAGE][PASSED] - Login Success for contract dispatcher

2020-10-15 18:29:45 - [TEST_STEP][PASSED] - Select Menu SLIK Gateway Customer: Select Menu SLIK Gateway Customer

2020-10-15 18:29:45 - [MESSAGE][PASSED] - Object '' is present

2020-10-15 18:29:46 - [MESSAGE][PASSED] - Object: '' is clicked on

2020-10-15 18:29:46 - [MESSAGE][PASSED] - Wait for page load successfully

2020-10-15 18:29:46 - [MESSAGE][PASSED] - Select Menu SLIK Gateway Customer

2020-10-15 18:29:46 - [TEST_STEP][PASSED] - Set Start Date with value "01-10-2020" and End Date with value "": Set Start Date with value "01-10-2020" and End Date with value ""

2020-10-15 18:29:47 - [MESSAGE][PASSED] - Scroll to object '' successfully

2020-10-15 18:29:47 - [MESSAGE][PASSED] - Object '' is present

2020-10-15 18:29:47 - [MESSAGE][PASSED] - Text '01-10-2020' is set on object ''

2020-10-15 18:29:48 - [MESSAGE][PASSED] - Object '' is present

2020-10-15 18:29:48 - [MESSAGE][PASSED] - Text '' is set on object ''

2020-10-15 18:29:48 - [MESSAGE][PASSED] - Set Start Date with value "01-10-2020" and End Date with value ""

2020-10-15 18:29:48 - [TEST_STEP][PASSED] - Click button "Search": Click button "Search"

2020-10-15 18:29:48 - [MESSAGE][INFO] - >>>>>//Button[contains(text(),'Search')]

2020-10-15 18:29:52 - [MESSAGE][PASSED] - Object: '' is clicked on

2020-10-15 18:29:52 - [MESSAGE][PASSED] - Click button "Search"

2020-10-15 18:29:52 - [TEST_STEP][PASSED] - Get text from pop up "Error Message" with text "Error : End Date is mandatory !": Get text from pop up "Error Message" with text "Error : End Date is mandatory !"

2020-10-15 18:29:53 - [MESSAGE][PASSED] - Taking screenshot successfully
[[ATTACHMENT|/Users/chaidir.pratama01/Documents/Docs/Katalon Studio/Screenshot/errorpopup.png]]

2020-10-15 18:29:53 - [MESSAGE][PASSED] - Object '' is present

2020-10-15 18:29:53 - [MESSAGE][PASSED] - Wait for page load successfully

2020-10-15 18:29:53 - [MESSAGE][PASSED] - Wait for page load successfully

2020-10-15 18:29:53 - [MESSAGE][PASSED] - Get text from pop up "Error Message" with text "Error : End Date is mandatory !"

2020-10-15 18:29:53 - [TEST_STEP][PASSED] - Click button "OK": Click button "OK"

2020-10-15 18:29:53 - [MESSAGE][INFO] - >>>>>//Button[contains(text(),'OK')]

2020-10-15 18:29:57 - [MESSAGE][PASSED] - Object: '' is clicked on

2020-10-15 18:29:57 - [MESSAGE][PASSED] - Click button "OK"

2020-10-15 18:29:57 - [TEST_STEP][PASSED] - Get Error Notification "Error : Error : End Date is mandatory !": Get Error Notification "Error : Error : End Date is mandatory !"

2020-10-15 18:29:58 - [MESSAGE][PASSED] - Object '' is present

2020-10-15 18:29:58 - [MESSAGE][PASSED] - Get Error Notification "Error : Error : End Date is mandatory !"

2020-10-15 18:29:58 - [TEST_STEP][PASSED] - Click button "Logout": Click button "Logout"

2020-10-15 18:29:58 - [MESSAGE][INFO] - >>>>>//Button[contains(text(),'Logout')]

2020-10-15 18:30:01 - [MESSAGE][PASSED] - Object: '' is clicked on

2020-10-15 18:30:01 - [MESSAGE][PASSED] - Click button "Logout"

2020-10-15 18:30:01 - [TEST_STEP][PASSED] - Close browser: Close browser

2020-10-15 18:30:01 - [MESSAGE][PASSED] - Browser is closed

2020-10-15 18:30:01 - [MESSAGE][PASSED] - Close browser

2020-10-15 18:30:01 - [MESSAGE][PASSED] - Feature file: 'Include/features/IST_Real/SLIK/SLIK Gateway Customer/SLIK_Gateway_Customer_Search_By_DateStart_ONLY.feature' was passed]]></system-out>
         <system-err><![CDATA[]]></system-err>
      </testcase>
      <testcase name="Test Cases/IST_Real/SLIK/SLIK_Gateway_Customer/SLIK Gateway Customer Search By DateEnd ONLY" time="20.677" classname="Test Cases/IST_Real/SLIK/SLIK_Gateway_Customer/SLIK Gateway Customer Search By DateEnd ONLY" status="PASSED">
         <system-out><![CDATA[2020-10-15 18:30:01 - [TEST_CASE][PASSED] - Test Cases/IST_Real/SLIK/SLIK_Gateway_Customer/SLIK Gateway Customer Search By DateEnd ONLY: Test Cases/IST_Real/SLIK/SLIK_Gateway_Customer/SLIK Gateway Customer Search By DateEnd ONLY

2020-10-15 18:30:01 - [TEST_STEP][PASSED] - runFeatureFile("Include/features/IST_Real/SLIK/SLIK Gateway Customer/SLIK_Gateway_Customer_Search_By_DateEnd_ONLY.feature"): Feature file: 'Include/features/IST_Real/SLIK/SLIK Gateway Customer/SLIK_Gateway_Customer_Search_By_DateEnd_ONLY.feature' was passed

2020-10-15 18:30:01 - [MESSAGE][INFO] - Starting run keyword runFeatureFile: 'Include/features/IST_Real/SLIK/SLIK Gateway Customer/SLIK_Gateway_Customer_Search_By_DateEnd_ONLY.feature' and extract report to folder: '/Users/chaidir.pratama01/Katalon Studio/IST_Automation_Git/Reports/20201015_182654/SLIK/TS_SLIK_Gateway_Customer/20201015_182654/cucumber_report/1602761401827'...

2020-10-15 18:30:02 - [TEST_CASE][PASSED] - Start Test Case : SCENARIO Search Result by Date End ONLY: SCENARIO Search Result by Date End ONLY

2020-10-15 18:30:02 - [TEST_STEP][PASSED] - Go to ISTools: Go to ISTools

2020-10-15 18:30:02 - [MESSAGE][INFO] - Starting 'Chrome' driver

2020-10-15 18:30:02 - [MESSAGE][INFO] - User set preference: ['AcceptInsecureCerts', 'true']

2020-10-15 18:30:02 - [MESSAGE][INFO] - User set preference: ['args', '[ignore-certificate-errors]']

2020-10-15 18:30:02 - [MESSAGE][INFO] - Action delay is set to 0 milliseconds

2020-10-15 18:30:03 - [MESSAGE][PASSED] - Browser is opened with url: ''

2020-10-15 18:30:04 - [MESSAGE][PASSED] - Navigate to 'https://dev-istools.homecredit.id/foundation/' successfully

2020-10-15 18:30:04 - [MESSAGE][PASSED] - Go to ISTools

2020-10-15 18:30:04 - [TEST_STEP][PASSED] - Login IST with valid credentials: Login IST with valid credentials

2020-10-15 18:30:04 - [MESSAGE][PASSED] - Text 'mobile.test' is set on object 'Object Repository/Page_/input_Username_j_username'

2020-10-15 18:30:05 - [MESSAGE][PASSED] - Text ****** has been set on object 'Object Repository/Page_/input_Password_j_password'

2020-10-15 18:30:05 - [MESSAGE][PASSED] - Object: 'Object Repository/Page_/button_Login' is clicked on

2020-10-15 18:30:05 - [MESSAGE][PASSED] - Login IST with valid credentials

2020-10-15 18:30:05 - [TEST_STEP][PASSED] - Login Success for contract dispatcher: Login Success for contract dispatcher

2020-10-15 18:30:05 - [MESSAGE][INFO] - Login Success

2020-10-15 18:30:06 - [MESSAGE][PASSED] - Current window maximized

2020-10-15 18:30:06 - [MESSAGE][PASSED] - Object 'Object Repository/Page_/h1_Welcome to IT Supporting Tools' is present

2020-10-15 18:30:06 - [MESSAGE][PASSED] - Login Success for contract dispatcher

2020-10-15 18:30:06 - [TEST_STEP][PASSED] - Select Menu SLIK Gateway Customer: Select Menu SLIK Gateway Customer

2020-10-15 18:30:06 - [MESSAGE][PASSED] - Object '' is present

2020-10-15 18:30:07 - [MESSAGE][PASSED] - Object: '' is clicked on

2020-10-15 18:30:07 - [MESSAGE][PASSED] - Wait for page load successfully

2020-10-15 18:30:07 - [MESSAGE][PASSED] - Select Menu SLIK Gateway Customer

2020-10-15 18:30:07 - [TEST_STEP][PASSED] - Set Start Date with value "" and End Date with value "24-10-2020": Set Start Date with value "" and End Date with value "24-10-2020"

2020-10-15 18:30:07 - [MESSAGE][PASSED] - Scroll to object '' successfully

2020-10-15 18:30:07 - [MESSAGE][PASSED] - Object '' is present

2020-10-15 18:30:08 - [MESSAGE][PASSED] - Text '' is set on object ''

2020-10-15 18:30:09 - [MESSAGE][PASSED] - Object '' is present

2020-10-15 18:30:09 - [MESSAGE][PASSED] - Text '24-10-2020' is set on object ''

2020-10-15 18:30:09 - [MESSAGE][PASSED] - Set Start Date with value "" and End Date with value "24-10-2020"

2020-10-15 18:30:09 - [TEST_STEP][PASSED] - Click button "Search": Click button "Search"

2020-10-15 18:30:09 - [MESSAGE][INFO] - >>>>>//Button[contains(text(),'Search')]

2020-10-15 18:30:13 - [MESSAGE][PASSED] - Object: '' is clicked on

2020-10-15 18:30:13 - [MESSAGE][PASSED] - Click button "Search"

2020-10-15 18:30:13 - [TEST_STEP][PASSED] - Get text from pop up "Error Message" with text "Error : Start Date is mandatory !": Get text from pop up "Error Message" with text "Error : Start Date is mandatory !"

2020-10-15 18:30:14 - [MESSAGE][PASSED] - Taking screenshot successfully
[[ATTACHMENT|/Users/chaidir.pratama01/Documents/Docs/Katalon Studio/Screenshot/errorpopup.png]]

2020-10-15 18:30:14 - [MESSAGE][PASSED] - Object '' is present

2020-10-15 18:30:14 - [MESSAGE][PASSED] - Wait for page load successfully

2020-10-15 18:30:14 - [MESSAGE][PASSED] - Wait for page load successfully

2020-10-15 18:30:14 - [MESSAGE][PASSED] - Get text from pop up "Error Message" with text "Error : Start Date is mandatory !"

2020-10-15 18:30:14 - [TEST_STEP][PASSED] - Click button "OK": Click button "OK"

2020-10-15 18:30:14 - [MESSAGE][INFO] - >>>>>//Button[contains(text(),'OK')]

2020-10-15 18:30:18 - [MESSAGE][PASSED] - Object: '' is clicked on

2020-10-15 18:30:18 - [MESSAGE][PASSED] - Click button "OK"

2020-10-15 18:30:18 - [TEST_STEP][PASSED] - Get Error Notification "Error : Start Date is mandatory !": Get Error Notification "Error : Start Date is mandatory !"

2020-10-15 18:30:18 - [MESSAGE][PASSED] - Object '' is present

2020-10-15 18:30:18 - [MESSAGE][PASSED] - Get Error Notification "Error : Start Date is mandatory !"

2020-10-15 18:30:18 - [TEST_STEP][PASSED] - Click button "Logout": Click button "Logout"

2020-10-15 18:30:18 - [MESSAGE][INFO] - >>>>>//Button[contains(text(),'Logout')]

2020-10-15 18:30:22 - [MESSAGE][PASSED] - Object: '' is clicked on

2020-10-15 18:30:22 - [MESSAGE][PASSED] - Click button "Logout"

2020-10-15 18:30:22 - [TEST_STEP][PASSED] - Close browser: Close browser

2020-10-15 18:30:22 - [MESSAGE][PASSED] - Browser is closed

2020-10-15 18:30:22 - [MESSAGE][PASSED] - Close browser

2020-10-15 18:30:22 - [MESSAGE][PASSED] - Feature file: 'Include/features/IST_Real/SLIK/SLIK Gateway Customer/SLIK_Gateway_Customer_Search_By_DateEnd_ONLY.feature' was passed]]></system-out>
         <system-err><![CDATA[]]></system-err>
      </testcase>
      <testcase name="Test Cases/IST_Real/SLIK/SLIK_Gateway_Customer/SLIK Gateway Customer View Detail when Status SUCCESS" time="21.292" classname="Test Cases/IST_Real/SLIK/SLIK_Gateway_Customer/SLIK Gateway Customer View Detail when Status SUCCESS" status="PASSED">
         <system-out><![CDATA[2020-10-15 18:30:22 - [TEST_CASE][PASSED] - Test Cases/IST_Real/SLIK/SLIK_Gateway_Customer/SLIK Gateway Customer View Detail when Status SUCCESS: Test Cases/IST_Real/SLIK/SLIK_Gateway_Customer/SLIK Gateway Customer View Detail when Status SUCCESS

2020-10-15 18:30:22 - [TEST_STEP][PASSED] - runFeatureFile("Include/features/IST_Real/SLIK/SLIK Gateway Customer/SLIK_Gateway_Customer_View_Detail_when_Status_SUCCESS.feature"): Feature file: 'Include/features/IST_Real/SLIK/SLIK Gateway Customer/SLIK_Gateway_Customer_View_Detail_when_Status_SUCCESS.feature' was passed

2020-10-15 18:30:22 - [MESSAGE][INFO] - Starting run keyword runFeatureFile: 'Include/features/IST_Real/SLIK/SLIK Gateway Customer/SLIK_Gateway_Customer_View_Detail_when_Status_SUCCESS.feature' and extract report to folder: '/Users/chaidir.pratama01/Katalon Studio/IST_Automation_Git/Reports/20201015_182654/SLIK/TS_SLIK_Gateway_Customer/20201015_182654/cucumber_report/1602761422488'...

2020-10-15 18:30:22 - [TEST_CASE][PASSED] - Start Test Case : SCENARIO SLIK Gateway Customer View Detail Link: SCENARIO SLIK Gateway Customer View Detail Link

2020-10-15 18:30:22 - [TEST_STEP][PASSED] - Go to ISTools: Go to ISTools

2020-10-15 18:30:22 - [MESSAGE][INFO] - Starting 'Chrome' driver

2020-10-15 18:30:22 - [MESSAGE][INFO] - User set preference: ['AcceptInsecureCerts', 'true']

2020-10-15 18:30:22 - [MESSAGE][INFO] - User set preference: ['args', '[ignore-certificate-errors]']

2020-10-15 18:30:22 - [MESSAGE][INFO] - Action delay is set to 0 milliseconds

2020-10-15 18:30:23 - [MESSAGE][PASSED] - Browser is opened with url: ''

2020-10-15 18:30:24 - [MESSAGE][PASSED] - Navigate to 'https://dev-istools.homecredit.id/foundation/' successfully

2020-10-15 18:30:24 - [MESSAGE][PASSED] - Go to ISTools

2020-10-15 18:30:24 - [TEST_STEP][PASSED] - Login IST with valid credentials: Login IST with valid credentials

2020-10-15 18:30:25 - [MESSAGE][PASSED] - Text 'mobile.test' is set on object 'Object Repository/Page_/input_Username_j_username'

2020-10-15 18:30:25 - [MESSAGE][PASSED] - Text ****** has been set on object 'Object Repository/Page_/input_Password_j_password'

2020-10-15 18:30:26 - [MESSAGE][PASSED] - Object: 'Object Repository/Page_/button_Login' is clicked on

2020-10-15 18:30:26 - [MESSAGE][PASSED] - Login IST with valid credentials

2020-10-15 18:30:26 - [TEST_STEP][PASSED] - Login Success for contract dispatcher: Login Success for contract dispatcher

2020-10-15 18:30:26 - [MESSAGE][INFO] - Login Success

2020-10-15 18:30:26 - [MESSAGE][PASSED] - Current window maximized

2020-10-15 18:30:26 - [MESSAGE][PASSED] - Object 'Object Repository/Page_/h1_Welcome to IT Supporting Tools' is present

2020-10-15 18:30:26 - [MESSAGE][PASSED] - Login Success for contract dispatcher

2020-10-15 18:30:26 - [TEST_STEP][PASSED] - Select Menu SLIK Gateway Customer: Select Menu SLIK Gateway Customer

2020-10-15 18:30:27 - [MESSAGE][PASSED] - Object '' is present

2020-10-15 18:30:27 - [MESSAGE][PASSED] - Object: '' is clicked on

2020-10-15 18:30:27 - [MESSAGE][PASSED] - Wait for page load successfully

2020-10-15 18:30:27 - [MESSAGE][PASSED] - Select Menu SLIK Gateway Customer

2020-10-15 18:30:27 - [TEST_STEP][PASSED] - Select Status is "SUCCESS": Select Status is "SUCCESS"

2020-10-15 18:30:29 - [MESSAGE][PASSED] - All options with value 'SUCCESS' are selected in object ''  using regular expression

2020-10-15 18:30:29 - [MESSAGE][PASSED] - Select Status is "SUCCESS"

2020-10-15 18:30:29 - [TEST_STEP][PASSED] - Click button "Search": Click button "Search"

2020-10-15 18:30:29 - [MESSAGE][INFO] - >>>>>//Button[contains(text(),'Search')]

2020-10-15 18:30:32 - [MESSAGE][PASSED] - Object: '' is clicked on

2020-10-15 18:30:32 - [MESSAGE][PASSED] - Click button "Search"

2020-10-15 18:30:32 - [TEST_STEP][PASSED] - Verify Search Result Based on Result Status: Verify Search Result Based on Result Status

2020-10-15 18:30:33 - [MESSAGE][PASSED] - Scroll to object '' successfully

2020-10-15 18:30:33 - [MESSAGE][PASSED] - Actual text and expected text of test object '' are matched.

2020-10-15 18:30:34 - [MESSAGE][PASSED] - Text of object '' is: 'SUCCESS'

2020-10-15 18:30:34 - [MESSAGE][PASSED] - Text of object '' is: '9999999999999999'

2020-10-15 18:30:34 - [MESSAGE][PASSED] - Verify Search Result Based on Result Status

2020-10-15 18:30:34 - [TEST_STEP][PASSED] - Click View Detail Link: Click View Detail Link

2020-10-15 18:30:34 - [MESSAGE][PASSED] - Object '' is present

2020-10-15 18:30:35 - [MESSAGE][PASSED] - Object: '' is clicked on

2020-10-15 18:30:35 - [MESSAGE][PASSED] - Click View Detail Link

2020-10-15 18:30:35 - [TEST_STEP][PASSED] - Verify Slik Result Detail Link: Verify Slik Result Detail Link

2020-10-15 18:30:37 - [MESSAGE][PASSED] - Scroll to object '' successfully

2020-10-15 18:30:37 - [MESSAGE][PASSED] - Object '' is present

2020-10-15 18:30:38 - [MESSAGE][PASSED] - Scroll to object '' successfully

2020-10-15 18:30:38 - [MESSAGE][PASSED] - Object '' is present

2020-10-15 18:30:38 - [MESSAGE][PASSED] - Scroll to object '' successfully

2020-10-15 18:30:38 - [MESSAGE][PASSED] - Object '' is present

2020-10-15 18:30:39 - [MESSAGE][PASSED] - Scroll to object '' successfully

2020-10-15 18:30:39 - [MESSAGE][PASSED] - Object '' is present

2020-10-15 18:30:39 - [MESSAGE][PASSED] - Scroll to object '' successfully

2020-10-15 18:30:40 - [MESSAGE][PASSED] - Object '' is present

2020-10-15 18:30:40 - [MESSAGE][PASSED] - Verify Slik Result Detail Link

2020-10-15 18:30:40 - [TEST_STEP][PASSED] - Click button "Logout": Click button "Logout"

2020-10-15 18:30:40 - [MESSAGE][INFO] - >>>>>//Button[contains(text(),'Logout')]

2020-10-15 18:30:43 - [MESSAGE][PASSED] - Object: '' is clicked on

2020-10-15 18:30:43 - [MESSAGE][PASSED] - Click button "Logout"

2020-10-15 18:30:43 - [TEST_STEP][PASSED] - Close browser: Close browser

2020-10-15 18:30:43 - [MESSAGE][PASSED] - Browser is closed

2020-10-15 18:30:43 - [MESSAGE][PASSED] - Close browser

2020-10-15 18:30:43 - [MESSAGE][PASSED] - Feature file: 'Include/features/IST_Real/SLIK/SLIK Gateway Customer/SLIK_Gateway_Customer_View_Detail_when_Status_SUCCESS.feature' was passed]]></system-out>
         <system-err><![CDATA[]]></system-err>
      </testcase>
      <testcase name="Test Cases/IST_Real/SLIK/SLIK_Gateway_Customer/SLIK Gateway Customer View Detail when Status FAILED" time="14.535" classname="Test Cases/IST_Real/SLIK/SLIK_Gateway_Customer/SLIK Gateway Customer View Detail when Status FAILED" status="PASSED">
         <system-out><![CDATA[2020-10-15 18:30:43 - [TEST_CASE][PASSED] - Test Cases/IST_Real/SLIK/SLIK_Gateway_Customer/SLIK Gateway Customer View Detail when Status FAILED: Test Cases/IST_Real/SLIK/SLIK_Gateway_Customer/SLIK Gateway Customer View Detail when Status FAILED

2020-10-15 18:30:43 - [TEST_STEP][PASSED] - runFeatureFile("Include/features/IST_Real/SLIK/SLIK Gateway Customer/SLIK_Gateway_Customer_View_Detail_when_Status_FAILED.feature"): Feature file: 'Include/features/IST_Real/SLIK/SLIK Gateway Customer/SLIK_Gateway_Customer_View_Detail_when_Status_FAILED.feature' was passed

2020-10-15 18:30:43 - [MESSAGE][INFO] - Starting run keyword runFeatureFile: 'Include/features/IST_Real/SLIK/SLIK Gateway Customer/SLIK_Gateway_Customer_View_Detail_when_Status_FAILED.feature' and extract report to folder: '/Users/chaidir.pratama01/Katalon Studio/IST_Automation_Git/Reports/20201015_182654/SLIK/TS_SLIK_Gateway_Customer/20201015_182654/cucumber_report/1602761443780'...

2020-10-15 18:30:43 - [TEST_CASE][PASSED] - Start Test Case : SCENARIO SLIK Gateway Customer View Detail Link: SCENARIO SLIK Gateway Customer View Detail Link

2020-10-15 18:30:43 - [TEST_STEP][PASSED] - Go to ISTools: Go to ISTools

2020-10-15 18:30:43 - [MESSAGE][INFO] - Starting 'Chrome' driver

2020-10-15 18:30:43 - [MESSAGE][INFO] - User set preference: ['AcceptInsecureCerts', 'true']

2020-10-15 18:30:43 - [MESSAGE][INFO] - User set preference: ['args', '[ignore-certificate-errors]']

2020-10-15 18:30:43 - [MESSAGE][INFO] - Action delay is set to 0 milliseconds

2020-10-15 18:30:44 - [MESSAGE][PASSED] - Browser is opened with url: ''

2020-10-15 18:30:45 - [MESSAGE][PASSED] - Navigate to 'https://dev-istools.homecredit.id/foundation/' successfully

2020-10-15 18:30:45 - [MESSAGE][PASSED] - Go to ISTools

2020-10-15 18:30:45 - [TEST_STEP][PASSED] - Login IST with valid credentials: Login IST with valid credentials

2020-10-15 18:30:46 - [MESSAGE][PASSED] - Text 'mobile.test' is set on object 'Object Repository/Page_/input_Username_j_username'

2020-10-15 18:30:46 - [MESSAGE][PASSED] - Text ****** has been set on object 'Object Repository/Page_/input_Password_j_password'

2020-10-15 18:30:47 - [MESSAGE][PASSED] - Object: 'Object Repository/Page_/button_Login' is clicked on

2020-10-15 18:30:47 - [MESSAGE][PASSED] - Login IST with valid credentials

2020-10-15 18:30:47 - [TEST_STEP][PASSED] - Login Success for contract dispatcher: Login Success for contract dispatcher

2020-10-15 18:30:47 - [MESSAGE][INFO] - Login Success

2020-10-15 18:30:47 - [MESSAGE][PASSED] - Current window maximized

2020-10-15 18:30:47 - [MESSAGE][PASSED] - Object 'Object Repository/Page_/h1_Welcome to IT Supporting Tools' is present

2020-10-15 18:30:47 - [MESSAGE][PASSED] - Login Success for contract dispatcher

2020-10-15 18:30:47 - [TEST_STEP][PASSED] - Select Menu SLIK Gateway Customer: Select Menu SLIK Gateway Customer

2020-10-15 18:30:47 - [MESSAGE][PASSED] - Object '' is present

2020-10-15 18:30:48 - [MESSAGE][PASSED] - Object: '' is clicked on

2020-10-15 18:30:48 - [MESSAGE][PASSED] - Wait for page load successfully

2020-10-15 18:30:48 - [MESSAGE][PASSED] - Select Menu SLIK Gateway Customer

2020-10-15 18:30:48 - [TEST_STEP][PASSED] - Select Status is "FAILED": Select Status is "FAILED"

2020-10-15 18:30:49 - [MESSAGE][PASSED] - All options with value 'FAILED' are selected in object ''  using regular expression

2020-10-15 18:30:49 - [MESSAGE][PASSED] - Select Status is "FAILED"

2020-10-15 18:30:49 - [TEST_STEP][PASSED] - Click button "Search": Click button "Search"

2020-10-15 18:30:49 - [MESSAGE][INFO] - >>>>>//Button[contains(text(),'Search')]

2020-10-15 18:30:52 - [MESSAGE][PASSED] - Object: '' is clicked on

2020-10-15 18:30:52 - [MESSAGE][PASSED] - Click button "Search"

2020-10-15 18:30:52 - [TEST_STEP][PASSED] - Verify Search Result Based on Result Status: Verify Search Result Based on Result Status

2020-10-15 18:30:53 - [MESSAGE][PASSED] - Scroll to object '' successfully

2020-10-15 18:30:53 - [MESSAGE][PASSED] - Actual text and expected text of test object '' are matched.

2020-10-15 18:30:53 - [MESSAGE][PASSED] - Text of object '' is: 'FAILED'

2020-10-15 18:30:54 - [MESSAGE][PASSED] - Text of object '' is: '9999999999999999'

2020-10-15 18:30:54 - [MESSAGE][PASSED] - Verify Search Result Based on Result Status

2020-10-15 18:30:54 - [TEST_STEP][PASSED] - Click View Detail Link: Click View Detail Link

2020-10-15 18:30:54 - [MESSAGE][PASSED] - Web element with id: '' located by 'By.xpath: //span[text()='Search Result']/../../../following-sibling::div[@class='z-groupbox-content']/div[@class='z-grid']/div[@class='z-grid-body']/table/tbody/tr/td[7]/div/div/span' is not present after '3' second(s)

2020-10-15 18:30:54 - [MESSAGE][PASSED] - Click View Detail Link

2020-10-15 18:30:54 - [TEST_STEP][PASSED] - Verify Slik Result Detail Link: Verify Slik Result Detail Link

2020-10-15 18:30:54 - [MESSAGE][PASSED] - Verify Slik Result Detail Link

2020-10-15 18:30:54 - [TEST_STEP][PASSED] - Click button "Logout": Click button "Logout"

2020-10-15 18:30:54 - [MESSAGE][INFO] - >>>>>//Button[contains(text(),'Logout')]

2020-10-15 18:30:58 - [MESSAGE][PASSED] - Object: '' is clicked on

2020-10-15 18:30:58 - [MESSAGE][PASSED] - Click button "Logout"

2020-10-15 18:30:58 - [TEST_STEP][PASSED] - Close browser: Close browser

2020-10-15 18:30:58 - [MESSAGE][PASSED] - Browser is closed

2020-10-15 18:30:58 - [MESSAGE][PASSED] - Close browser

2020-10-15 18:30:58 - [MESSAGE][PASSED] - Feature file: 'Include/features/IST_Real/SLIK/SLIK Gateway Customer/SLIK_Gateway_Customer_View_Detail_when_Status_FAILED.feature' was passed]]></system-out>
         <system-err><![CDATA[]]></system-err>
      </testcase>
      <system-out><![CDATA[2020-10-15 18:27:04 - [TEST_SUITE][PASSED] - TS_SLIK_Gateway_Customer: Test Cases/IST_Real/SLIK/SLIK_Gateway_Customer/SLIK Gateway Customer View Detail when Status FAILED]]></system-out>
      <system-err><![CDATA[]]></system-err>
   </testsuite>
   <testsuite name="TS_SLIK_Gateway_Non_Customer" tests="18" failures="2" errors="0" time="514.707" timestamp="2020-10-15 18:31:11" hostname="chaidir.pratama01 - localhost" id="Test Suites/SLIK/TS_SLIK_Gateway_Non_Customer">
      <properties>
         <property name="deviceName" value=""/>
         <property name="devicePlatform" value=""/>
         <property name="logFolder" value="/Users/chaidir.pratama01/Katalon Studio/IST_Automation_Git/Reports/20201015_182654/SLIK/TS_SLIK_Gateway_Non_Customer/20201015_182655"/>
         <property name="logFiles" value="/Users/chaidir.pratama01/Katalon Studio/IST_Automation_Git/Reports/20201015_182654/SLIK/TS_SLIK_Gateway_Non_Customer/20201015_182655/execution0.log"/>
         <property name="attachments" value="/Users/chaidir.pratama01/Documents/Docs/Katalon Studio/Screenshot/test-SLIK Gateway Non Customer.png, /Users/chaidir.pratama01/Documents/Docs/Katalon Studio/Screenshot/slik.png, /Users/chaidir.pratama01/Documents/Docs/Katalon Studio/Screenshot/slik.png, /Users/chaidir.pratama01/Documents/Docs/Katalon Studio/Screenshot/slik.png, /Users/chaidir.pratama01/Documents/Docs/Katalon Studio/Screenshot/errorpopup.png, /Users/chaidir.pratama01/Documents/Docs/Katalon Studio/Screenshot/test-SLIK Gateway Approval Non Customer.png, /Users/chaidir.pratama01/Documents/Docs/Katalon Studio/Screenshot/errorpopup.png, /Users/chaidir.pratama01/Documents/Docs/Katalon Studio/Screenshot/errorpopup.png, /Users/chaidir.pratama01/Katalon Studio/IST_Automation_Git/Reports/20201015_182654/SLIK/TS_SLIK_Gateway_Non_Customer/20201015_182655/1602761661389.png, /Users/chaidir.pratama01/Katalon Studio/IST_Automation_Git/Reports/20201015_182654/SLIK/TS_SLIK_Gateway_Non_Customer/20201015_182655/1602761662252.png, /Users/chaidir.pratama01/Documents/Docs/Katalon Studio/Screenshot/slik.png, /Users/chaidir.pratama01/Documents/Docs/Katalon Studio/Screenshot/slik.png, /Users/chaidir.pratama01/Documents/Docs/Katalon Studio/Screenshot/slik.png, /Users/chaidir.pratama01/Documents/Docs/Katalon Studio/Screenshot/errorpopup.png, /Users/chaidir.pratama01/Documents/Docs/Katalon Studio/Screenshot/test-SLIK Gateway Approval Non Customer.png, /Users/chaidir.pratama01/Documents/Docs/Katalon Studio/Screenshot/errorpopup.png, /Users/chaidir.pratama01/Documents/Docs/Katalon Studio/Screenshot/errorpopup.png, /Users/chaidir.pratama01/Documents/Docs/Katalon Studio/Screenshot/errorpopup.png, /Users/chaidir.pratama01/Documents/Docs/Katalon Studio/Screenshot/errorpopup.png, /Users/chaidir.pratama01/Documents/Docs/Katalon Studio/Screenshot/slik.png, /Users/chaidir.pratama01/Documents/Docs/Katalon Studio/Screenshot/slik.png, /Users/chaidir.pratama01/Documents/Docs/Katalon Studio/Screenshot/slik.png, /Users/chaidir.pratama01/Documents/Docs/Katalon Studio/Screenshot/errorpopup.png, /Users/chaidir.pratama01/Katalon Studio/IST_Automation_Git/img/View_detail_NonCutomer.png, /Users/chaidir.pratama01/Katalon Studio/IST_Automation_Git/Reports/20201015_182654/SLIK/TS_SLIK_Gateway_Non_Customer/20201015_182655/1602761940162.png, /Users/chaidir.pratama01/Katalon Studio/IST_Automation_Git/Reports/20201015_182654/SLIK/TS_SLIK_Gateway_Non_Customer/20201015_182655/1602761941008.png, /Users/chaidir.pratama01/Katalon Studio/IST_Automation_Git/Reports/20201015_182654/SLIK/TS_SLIK_Gateway_Non_Customer/20201015_182655/1602761946188.png, /Users/chaidir.pratama01/Katalon Studio/IST_Automation_Git/Reports/20201015_182654/SLIK/TS_SLIK_Gateway_Non_Customer/20201015_182655/1602761946709.png, /Users/chaidir.pratama01/Katalon Studio/IST_Automation_Git/img/View_detail_NonCutomer.png, /Users/chaidir.pratama01/Katalon Studio/IST_Automation_Git/Reports/20201015_182654/SLIK/TS_SLIK_Gateway_Non_Customer/20201015_182655/1602761974676.png, /Users/chaidir.pratama01/Katalon Studio/IST_Automation_Git/Reports/20201015_182654/SLIK/TS_SLIK_Gateway_Non_Customer/20201015_182655/1602761975616.png, /Users/chaidir.pratama01/Katalon Studio/IST_Automation_Git/Reports/20201015_182654/SLIK/TS_SLIK_Gateway_Non_Customer/20201015_182655/1602761980481.png, /Users/chaidir.pratama01/Katalon Studio/IST_Automation_Git/Reports/20201015_182654/SLIK/TS_SLIK_Gateway_Non_Customer/20201015_182655/1602761981010.png"/>
         <property name="hostName" value="chaidir.pratama01 - localhost"/>
         <property name="os" value="Mac OS X 64bit"/>
         <property name="katalonVersion" value="7.6.0.${buildNumber}"/>
         <property name="browser" value="Chrome 86.0.4240.80"/>
         <property name="hostAddress" value="127.0.0.1"/>
         <property name="sessionId" value="d5084412a603f68ddacd24ae3b253478"/>
         <property name="seleniumVersion" value="3.141.59"/>
         <property name="proxyInformation" value="ProxyInformation { proxyOption=NO_PROXY, proxyServerType=HTTP, username=, password=********, proxyServerAddress=, proxyServerPort=0, executionList=\&quot;\&quot;, isApplyToDesiredCapabilities=true }"/>
         <property name="platform" value="Mac OS X"/>
      </properties>
      <testcase name="Test Cases/IST_Real/SLIK/SLIK_Gateway_Non_Customer/Open Menu SLIK Gateway Non Customer" time="41.504" classname="Test Cases/IST_Real/SLIK/SLIK_Gateway_Non_Customer/Open Menu SLIK Gateway Non Customer" status="PASSED">
         <system-out><![CDATA[2020-10-15 18:31:11 - [TEST_CASE][PASSED] - Test Cases/IST_Real/SLIK/SLIK_Gateway_Non_Customer/Open Menu SLIK Gateway Non Customer: Test Cases/IST_Real/SLIK/SLIK_Gateway_Non_Customer/Open Menu SLIK Gateway Non Customer

2020-10-15 18:31:11 - [TEST_STEP][PASSED] - runFeatureFile("Include/features/IST_Real/SLIK/SLIK Gateway Non Customer/Open_Menu_SLIK_Gateway_Non_Customer.feature"): Feature file: 'Include/features/IST_Real/SLIK/SLIK Gateway Non Customer/Open_Menu_SLIK_Gateway_Non_Customer.feature' was passed

2020-10-15 18:31:11 - [MESSAGE][INFO] - Starting run keyword runFeatureFile: 'Include/features/IST_Real/SLIK/SLIK Gateway Non Customer/Open_Menu_SLIK_Gateway_Non_Customer.feature' and extract report to folder: '/Users/chaidir.pratama01/Katalon Studio/IST_Automation_Git/Reports/20201015_182654/SLIK/TS_SLIK_Gateway_Non_Customer/20201015_182655/cucumber_report/1602761471588'...

2020-10-15 18:31:12 - [TEST_CASE][PASSED] - Start Test Case : SCENARIO Menu SLIK Gateway Non Customer in IST and Verify Element Needed Exist: SCENARIO Menu SLIK Gateway Non Customer in IST and Verify Element Needed Exist

2020-10-15 18:31:12 - [TEST_STEP][PASSED] - Go to ISTools: Go to ISTools

2020-10-15 18:31:12 - [MESSAGE][INFO] - Starting 'Chrome' driver

2020-10-15 18:31:12 - [MESSAGE][INFO] - User set preference: ['AcceptInsecureCerts', 'true']

2020-10-15 18:31:12 - [MESSAGE][INFO] - User set preference: ['args', '[ignore-certificate-errors]']

2020-10-15 18:31:12 - [MESSAGE][INFO] - Action delay is set to 0 milliseconds

2020-10-15 18:31:14 - [MESSAGE][PASSED] - Browser is opened with url: ''

2020-10-15 18:31:15 - [MESSAGE][PASSED] - Navigate to 'https://dev-istools.homecredit.id/foundation/' successfully

2020-10-15 18:31:15 - [MESSAGE][PASSED] - Go to ISTools

2020-10-15 18:31:15 - [TEST_STEP][PASSED] - Login IST with valid credentials: Login IST with valid credentials

2020-10-15 18:31:16 - [MESSAGE][PASSED] - Text 'mobile.test' is set on object 'Object Repository/Page_/input_Username_j_username'

2020-10-15 18:31:17 - [MESSAGE][PASSED] - Text ****** has been set on object 'Object Repository/Page_/input_Password_j_password'

2020-10-15 18:31:17 - [MESSAGE][PASSED] - Object: 'Object Repository/Page_/button_Login' is clicked on

2020-10-15 18:31:17 - [MESSAGE][PASSED] - Login IST with valid credentials

2020-10-15 18:31:17 - [TEST_STEP][PASSED] - Login Success for contract dispatcher: Login Success for contract dispatcher

2020-10-15 18:31:17 - [MESSAGE][INFO] - Login Success

2020-10-15 18:31:17 - [MESSAGE][PASSED] - Current window maximized

2020-10-15 18:31:18 - [MESSAGE][PASSED] - Object 'Object Repository/Page_/h1_Welcome to IT Supporting Tools' is present

2020-10-15 18:31:18 - [MESSAGE][PASSED] - Login Success for contract dispatcher

2020-10-15 18:31:18 - [TEST_STEP][PASSED] - Select Menu "SLIK Gateway Non Customer": Select Menu "SLIK Gateway Non Customer"

2020-10-15 18:31:19 - [MESSAGE][PASSED] - Taking screenshot successfully
[[ATTACHMENT|/Users/chaidir.pratama01/Documents/Docs/Katalon Studio/Screenshot/test-SLIK Gateway Non Customer.png]]

2020-10-15 18:31:19 - [MESSAGE][PASSED] - Object '' is present

2020-10-15 18:31:20 - [MESSAGE][PASSED] - Object: '' is clicked on

2020-10-15 18:31:20 - [MESSAGE][PASSED] - Wait for page load successfully

2020-10-15 18:31:20 - [MESSAGE][PASSED] - Select Menu "SLIK Gateway Non Customer"

2020-10-15 18:31:20 - [TEST_STEP][PASSED] - Verify Title "SLIK Gateway Non Customer" Exists: Verify Title "SLIK Gateway Non Customer" Exists

2020-10-15 18:31:20 - [MESSAGE][PASSED] - Object '' is present

2020-10-15 18:31:20 - [MESSAGE][PASSED] - Object: '' is focused

2020-10-15 18:31:20 - [MESSAGE][PASSED] - Verify Title "SLIK Gateway Non Customer" Exists

2020-10-15 18:31:20 - [TEST_STEP][PASSED] - Verify Title "Check SLIK" Exists: Verify Title "Check SLIK" Exists

2020-10-15 18:31:21 - [MESSAGE][PASSED] - Object '' is present

2020-10-15 18:31:21 - [MESSAGE][PASSED] - Object: '' is focused

2020-10-15 18:31:21 - [MESSAGE][PASSED] - Verify Title "Check SLIK" Exists

2020-10-15 18:31:21 - [TEST_STEP][PASSED] - Verify Contents of Check SLIK Label in SLIK Gateway Non Customer Menu Exist: Verify Contents of Check SLIK Label in SLIK Gateway Non Customer Menu Exist

2020-10-15 18:31:21 - [MESSAGE][PASSED] - Object '' is present

2020-10-15 18:31:22 - [MESSAGE][PASSED] - Object: '' is focused

2020-10-15 18:31:22 - [MESSAGE][PASSED] - Object '' is present

2020-10-15 18:31:23 - [MESSAGE][PASSED] - Object: '' is focused

2020-10-15 18:31:23 - [MESSAGE][PASSED] - Object '' is present

2020-10-15 18:31:23 - [MESSAGE][PASSED] - Object: '' is focused

2020-10-15 18:31:24 - [MESSAGE][PASSED] - Object '' is present

2020-10-15 18:31:24 - [MESSAGE][PASSED] - Object: '' is focused

2020-10-15 18:31:24 - [MESSAGE][PASSED] - Object '' is present

2020-10-15 18:31:25 - [MESSAGE][PASSED] - Object: '' is focused

2020-10-15 18:31:25 - [MESSAGE][PASSED] - Object '' is present

2020-10-15 18:31:26 - [MESSAGE][PASSED] - Object: '' is focused

2020-10-15 18:31:26 - [MESSAGE][PASSED] - Object '' is present

2020-10-15 18:31:26 - [MESSAGE][PASSED] - Object: '' is focused

2020-10-15 18:31:27 - [MESSAGE][PASSED] - Object '' is present

2020-10-15 18:31:27 - [MESSAGE][PASSED] - Object: '' is focused

2020-10-15 18:31:27 - [MESSAGE][PASSED] - Object '' is present

2020-10-15 18:31:28 - [MESSAGE][PASSED] - Object: '' is focused

2020-10-15 18:31:28 - [MESSAGE][PASSED] - Object '' is present

2020-10-15 18:31:28 - [MESSAGE][PASSED] - Object: '' is focused

2020-10-15 18:31:28 - [MESSAGE][PASSED] - Object '' is present

2020-10-15 18:31:29 - [MESSAGE][PASSED] - Object: '' is focused

2020-10-15 18:31:29 - [MESSAGE][PASSED] - Object '' is present

2020-10-15 18:31:29 - [MESSAGE][PASSED] - Object: '' is focused

2020-10-15 18:31:30 - [MESSAGE][PASSED] - Object '' is present

2020-10-15 18:31:30 - [MESSAGE][PASSED] - Object: '' is focused

2020-10-15 18:31:30 - [MESSAGE][PASSED] - Object '' is present

2020-10-15 18:31:31 - [MESSAGE][PASSED] - Object: '' is focused

2020-10-15 18:31:31 - [MESSAGE][PASSED] - Object '' is present

2020-10-15 18:31:31 - [MESSAGE][PASSED] - Object: '' is focused

2020-10-15 18:31:31 - [MESSAGE][PASSED] - Object '' is present

2020-10-15 18:31:32 - [MESSAGE][PASSED] - Object: '' is focused

2020-10-15 18:31:32 - [MESSAGE][PASSED] - Object '' is present

2020-10-15 18:31:32 - [MESSAGE][PASSED] - Object: '' is focused

2020-10-15 18:31:33 - [MESSAGE][PASSED] - Object '' is present

2020-10-15 18:31:33 - [MESSAGE][PASSED] - Object: '' is focused

2020-10-15 18:31:33 - [MESSAGE][PASSED] - Object '' is present

2020-10-15 18:31:36 - [MESSAGE][PASSED] - Delayed 3 second(s)

2020-10-15 18:31:37 - [MESSAGE][PASSED] - Object: '' is focused

2020-10-15 18:31:40 - [MESSAGE][PASSED] - Delayed 3 second(s)

2020-10-15 18:31:40 - [MESSAGE][PASSED] - Object '' is present

2020-10-15 18:31:40 - [MESSAGE][PASSED] - Object: '' is focused

2020-10-15 18:31:41 - [MESSAGE][PASSED] - Object '' is present

2020-10-15 18:31:41 - [MESSAGE][PASSED] - Object: '' is focused

2020-10-15 18:31:41 - [MESSAGE][PASSED] - Object '' is present

2020-10-15 18:31:42 - [MESSAGE][PASSED] - Object: '' is focused

2020-10-15 18:31:42 - [MESSAGE][PASSED] - Verify Contents of Check SLIK Label in SLIK Gateway Non Customer Menu Exist

2020-10-15 18:31:42 - [TEST_STEP][PASSED] - Verify Title "Search Result" Exists: Verify Title "Search Result" Exists

2020-10-15 18:31:42 - [MESSAGE][PASSED] - Object '' is present

2020-10-15 18:31:43 - [MESSAGE][PASSED] - Object: '' is focused

2020-10-15 18:31:43 - [MESSAGE][PASSED] - Verify Title "Search Result" Exists

2020-10-15 18:31:43 - [TEST_STEP][PASSED] - Verify Contents of Search Result: Verify Contents of Search Result

2020-10-15 18:31:43 - [MESSAGE][PASSED] - Object '' is present

2020-10-15 18:31:43 - [MESSAGE][PASSED] - Object: '' is focused

2020-10-15 18:31:44 - [MESSAGE][PASSED] - Object '' is present

2020-10-15 18:31:44 - [MESSAGE][PASSED] - Object: '' is focused

2020-10-15 18:31:44 - [MESSAGE][PASSED] - Object '' is present

2020-10-15 18:31:45 - [MESSAGE][PASSED] - Object: '' is focused

2020-10-15 18:31:45 - [MESSAGE][PASSED] - Object '' is present

2020-10-15 18:31:45 - [MESSAGE][PASSED] - Object: '' is focused

2020-10-15 18:31:46 - [MESSAGE][PASSED] - Object '' is present

2020-10-15 18:31:46 - [MESSAGE][PASSED] - Object: '' is focused

2020-10-15 18:31:46 - [MESSAGE][PASSED] - Object '' is present

2020-10-15 18:31:47 - [MESSAGE][PASSED] - Object: '' is focused

2020-10-15 18:31:47 - [MESSAGE][PASSED] - Object '' is present

2020-10-15 18:31:47 - [MESSAGE][PASSED] - Object: '' is focused

2020-10-15 18:31:48 - [MESSAGE][PASSED] - Object '' is present

2020-10-15 18:31:48 - [MESSAGE][PASSED] - Object: '' is focused

2020-10-15 18:31:48 - [MESSAGE][PASSED] - Object '' is present

2020-10-15 18:31:49 - [MESSAGE][PASSED] - Object: '' is focused

2020-10-15 18:31:49 - [MESSAGE][PASSED] - Verify Contents of Search Result

2020-10-15 18:31:49 - [TEST_STEP][PASSED] - Click button "Logout": Click button "Logout"

2020-10-15 18:31:49 - [MESSAGE][INFO] - >>>>>//Button[contains(text(),'Logout')]

2020-10-15 18:31:52 - [MESSAGE][PASSED] - Object: '' is clicked on

2020-10-15 18:31:52 - [MESSAGE][PASSED] - Click button "Logout"

2020-10-15 18:31:52 - [TEST_STEP][PASSED] - Close browser: Close browser

2020-10-15 18:31:52 - [MESSAGE][PASSED] - Browser is closed

2020-10-15 18:31:52 - [MESSAGE][PASSED] - Close browser

2020-10-15 18:31:52 - [MESSAGE][PASSED] - Feature file: 'Include/features/IST_Real/SLIK/SLIK Gateway Non Customer/Open_Menu_SLIK_Gateway_Non_Customer.feature' was passed]]></system-out>
         <system-err><![CDATA[]]></system-err>
      </testcase>
      <testcase name="Test Cases/IST_Real/SLIK/SLIK_Gateway_Non_Customer/SLIK Gateway Non Customer Checking" time="73.055" classname="Test Cases/IST_Real/SLIK/SLIK_Gateway_Non_Customer/SLIK Gateway Non Customer Checking" status="PASSED">
         <system-out><![CDATA[2020-10-15 18:31:52 - [TEST_CASE][PASSED] - Test Cases/IST_Real/SLIK/SLIK_Gateway_Non_Customer/SLIK Gateway Non Customer Checking: Test Cases/IST_Real/SLIK/SLIK_Gateway_Non_Customer/SLIK Gateway Non Customer Checking

2020-10-15 18:31:52 - [TEST_STEP][PASSED] - runFeatureFile("Include/features/IST_Real/SLIK/SLIK Gateway Non Customer/SLIK Gateway Non Customer Checking.feature"): Feature file: 'Include/features/IST_Real/SLIK/SLIK Gateway Non Customer/SLIK Gateway Non Customer Checking.feature' was passed

2020-10-15 18:31:52 - [MESSAGE][INFO] - Starting run keyword runFeatureFile: 'Include/features/IST_Real/SLIK/SLIK Gateway Non Customer/SLIK Gateway Non Customer Checking.feature' and extract report to folder: '/Users/chaidir.pratama01/Katalon Studio/IST_Automation_Git/Reports/20201015_182654/SLIK/TS_SLIK_Gateway_Non_Customer/20201015_182655/cucumber_report/1602761512964'...

2020-10-15 18:31:53 - [TEST_CASE][PASSED] - Start Test Case : SCENARIO SLIK Gateway Non Customer Checking: SCENARIO SLIK Gateway Non Customer Checking

2020-10-15 18:31:53 - [TEST_STEP][PASSED] - Go to ISTools: Go to ISTools

2020-10-15 18:31:53 - [MESSAGE][INFO] - Starting 'Chrome' driver

2020-10-15 18:31:53 - [MESSAGE][INFO] - User set preference: ['AcceptInsecureCerts', 'true']

2020-10-15 18:31:53 - [MESSAGE][INFO] - User set preference: ['args', '[ignore-certificate-errors]']

2020-10-15 18:31:53 - [MESSAGE][INFO] - Action delay is set to 0 milliseconds

2020-10-15 18:31:54 - [MESSAGE][PASSED] - Browser is opened with url: ''

2020-10-15 18:31:55 - [MESSAGE][PASSED] - Navigate to 'https://dev-istools.homecredit.id/foundation/' successfully

2020-10-15 18:31:55 - [MESSAGE][PASSED] - Go to ISTools

2020-10-15 18:31:55 - [TEST_STEP][PASSED] - Login IST with valid credentials: Login IST with valid credentials

2020-10-15 18:31:55 - [MESSAGE][PASSED] - Text 'mobile.test' is set on object 'Object Repository/Page_/input_Username_j_username'

2020-10-15 18:31:56 - [MESSAGE][PASSED] - Text ****** has been set on object 'Object Repository/Page_/input_Password_j_password'

2020-10-15 18:31:56 - [MESSAGE][PASSED] - Object: 'Object Repository/Page_/button_Login' is clicked on

2020-10-15 18:31:56 - [MESSAGE][PASSED] - Login IST with valid credentials

2020-10-15 18:31:56 - [TEST_STEP][PASSED] - Login Success for contract dispatcher: Login Success for contract dispatcher

2020-10-15 18:31:56 - [MESSAGE][INFO] - Login Success

2020-10-15 18:31:56 - [MESSAGE][PASSED] - Current window maximized

2020-10-15 18:31:57 - [MESSAGE][PASSED] - Object 'Object Repository/Page_/h1_Welcome to IT Supporting Tools' is present

2020-10-15 18:31:57 - [MESSAGE][PASSED] - Login Success for contract dispatcher

2020-10-15 18:31:57 - [TEST_STEP][PASSED] - Select Menu SLIK Gateway NonCustomer: Select Menu SLIK Gateway NonCustomer

2020-10-15 18:31:57 - [MESSAGE][PASSED] - Object '' is present

2020-10-15 18:31:58 - [MESSAGE][PASSED] - Object: '' is clicked on

2020-10-15 18:31:58 - [MESSAGE][PASSED] - Wait for page load successfully

2020-10-15 18:31:58 - [MESSAGE][PASSED] - Select Menu SLIK Gateway NonCustomer

2020-10-15 18:31:58 - [TEST_STEP][PASSED] - Input Data KTP Number: Input Data KTP Number

2020-10-15 18:31:59 - [MESSAGE][PASSED] - Text '8888888888888888' is set on object ''

2020-10-15 18:31:59 - [MESSAGE][PASSED] - Input Data KTP Number

2020-10-15 18:31:59 - [TEST_STEP][PASSED] - Input Data "Name *" with value "OPEX TestingAuto" for Check SLIK: Input Data "Name *" with value "OPEX TestingAuto" for Check SLIK

2020-10-15 18:31:59 - [MESSAGE][PASSED] - Taking screenshot successfully
[[ATTACHMENT|/Users/chaidir.pratama01/Documents/Docs/Katalon Studio/Screenshot/slik.png]]

2020-10-15 18:32:00 - [MESSAGE][PASSED] - Object '' is visible

2020-10-15 18:32:00 - [MESSAGE][PASSED] - Object: '' is focused

2020-10-15 18:32:01 - [MESSAGE][PASSED] - Text 'OPEX TestingAuto' is set on object ''

2020-10-15 18:32:01 - [MESSAGE][PASSED] - Input Data "Name *" with value "OPEX TestingAuto" for Check SLIK

2020-10-15 18:32:01 - [TEST_STEP][PASSED] - Input Date of Birth "20-02-1990": Input Date of Birth "20-02-1990"

2020-10-15 18:32:01 - [MESSAGE][PASSED] - Text '20-02-1990' is set on object ''

2020-10-15 18:32:04 - [MESSAGE][PASSED] - Delayed 3 second(s)

2020-10-15 18:32:04 - [MESSAGE][PASSED] - Input Date of Birth "20-02-1990"

2020-10-15 18:32:04 - [TEST_STEP][PASSED] - Select Gender "Laki-laki": Select Gender "Laki-laki"

2020-10-15 18:32:05 - [MESSAGE][PASSED] - Object: '' is clicked on

2020-10-15 18:32:05 - [MESSAGE][PASSED] - Select Gender "Laki-laki"

2020-10-15 18:32:05 - [TEST_STEP][PASSED] - Select Purpose is "Penilaian Calon Kemitraan": Select Purpose is "Penilaian Calon Kemitraan"

2020-10-15 18:32:06 - [MESSAGE][PASSED] - All options with value 'Penilaian Calon Kemitraan' are selected in object ''  using regular expression

2020-10-15 18:32:06 - [MESSAGE][PASSED] - Select Purpose is "Penilaian Calon Kemitraan"

2020-10-15 18:32:06 - [TEST_STEP][PASSED] - Input Data "Place of Birth" with value "Jakarta" for Check SLIK: Input Data "Place of Birth" with value "Jakarta" for Check SLIK

2020-10-15 18:32:07 - [MESSAGE][PASSED] - Taking screenshot successfully
[[ATTACHMENT|/Users/chaidir.pratama01/Documents/Docs/Katalon Studio/Screenshot/slik.png]]

2020-10-15 18:32:07 - [MESSAGE][PASSED] - Object '' is visible

2020-10-15 18:32:07 - [MESSAGE][PASSED] - Object: '' is focused

2020-10-15 18:32:08 - [MESSAGE][PASSED] - Text 'Jakarta' is set on object ''

2020-10-15 18:32:08 - [MESSAGE][PASSED] - Input Data "Place of Birth" with value "Jakarta" for Check SLIK

2020-10-15 18:32:08 - [TEST_STEP][PASSED] - Input Data "Mother Maternity Name" with value "Tester Auto" for Check SLIK: Input Data "Mother Maternity Name" with value "Tester Auto" for Check SLIK

2020-10-15 18:32:09 - [MESSAGE][PASSED] - Taking screenshot successfully
[[ATTACHMENT|/Users/chaidir.pratama01/Documents/Docs/Katalon Studio/Screenshot/slik.png]]

2020-10-15 18:32:09 - [MESSAGE][PASSED] - Object '' is visible

2020-10-15 18:32:09 - [MESSAGE][PASSED] - Object: '' is focused

2020-10-15 18:32:10 - [MESSAGE][PASSED] - Text 'Tester Auto' is set on object ''

2020-10-15 18:32:10 - [MESSAGE][PASSED] - Input Data "Mother Maternity Name" with value "Tester Auto" for Check SLIK

2020-10-15 18:32:10 - [TEST_STEP][PASSED] - Input KTP Address "TESTING AUTO JAKARTA": Input KTP Address "TESTING AUTO JAKARTA"

2020-10-15 18:32:11 - [MESSAGE][PASSED] - Text 'TESTING AUTO JAKARTA' is set on object ''

2020-10-15 18:32:11 - [MESSAGE][PASSED] - Input KTP Address "TESTING AUTO JAKARTA"

2020-10-15 18:32:11 - [TEST_STEP][PASSED] - Click button "Upload": Click button "Upload"

2020-10-15 18:32:11 - [MESSAGE][INFO] - >>>>>//Button[contains(text(),'Upload')]

2020-10-15 18:32:15 - [MESSAGE][PASSED] - Object: '' is clicked on

2020-10-15 18:32:15 - [MESSAGE][PASSED] - Click button "Upload"

2020-10-15 18:32:15 - [TEST_STEP][PASSED] - Upload file "new_captcha1500.png": Upload file "new_captcha1500.png"

2020-10-15 18:32:16 - [MESSAGE][PASSED] - Switched to window with index: '0'

2020-10-15 18:32:30 - [MESSAGE][PASSED] - Upload file "new_captcha1500.png"

2020-10-15 18:32:30 - [TEST_STEP][PASSED] - Click button "Check SLIK": Click button "Check SLIK"

2020-10-15 18:32:30 - [MESSAGE][INFO] - >>>>>//Button[contains(text(),'Check SLIK')]

2020-10-15 18:32:33 - [MESSAGE][PASSED] - Object: '' is clicked on

2020-10-15 18:32:33 - [MESSAGE][PASSED] - Click button "Check SLIK"

2020-10-15 18:32:33 - [TEST_STEP][PASSED] - Get text from pop up "Confirmation Submit Request" with text "Are you sure to submit this data ?": Get text from pop up "Confirmation Submit Request" with text "Are you sure to submit this data ?"

2020-10-15 18:32:34 - [MESSAGE][PASSED] - Taking screenshot successfully
[[ATTACHMENT|/Users/chaidir.pratama01/Documents/Docs/Katalon Studio/Screenshot/errorpopup.png]]

2020-10-15 18:32:34 - [MESSAGE][PASSED] - Object '' is present

2020-10-15 18:32:34 - [MESSAGE][PASSED] - Wait for page load successfully

2020-10-15 18:32:34 - [MESSAGE][PASSED] - Wait for page load successfully

2020-10-15 18:32:34 - [MESSAGE][PASSED] - Get text from pop up "Confirmation Submit Request" with text "Are you sure to submit this data ?"

2020-10-15 18:32:34 - [TEST_STEP][PASSED] - Click button "Yes": Click button "Yes"

2020-10-15 18:32:34 - [MESSAGE][INFO] - >>>>>//Button[contains(text(),'Yes')]

2020-10-15 18:32:38 - [MESSAGE][PASSED] - Object: '' is clicked on

2020-10-15 18:32:38 - [MESSAGE][PASSED] - Click button "Yes"

2020-10-15 18:32:38 - [TEST_STEP][PASSED] - Verify KTP Number Request Success: Verify KTP Number Request Success

2020-10-15 18:32:58 - [MESSAGE][PASSED] - Object '' is present

2020-10-15 18:32:58 - [MESSAGE][PASSED] - Verify KTP Number Request Success

2020-10-15 18:32:58 - [TEST_STEP][PASSED] - Click button "OK": Click button "OK"

2020-10-15 18:32:58 - [MESSAGE][INFO] - >>>>>//Button[contains(text(),'OK')]

2020-10-15 18:33:02 - [MESSAGE][PASSED] - Object: '' is clicked on

2020-10-15 18:33:02 - [MESSAGE][PASSED] - Click button "OK"

2020-10-15 18:33:02 - [TEST_STEP][PASSED] - Click button "Logout": Click button "Logout"

2020-10-15 18:33:02 - [MESSAGE][INFO] - >>>>>//Button[contains(text(),'Logout')]

2020-10-15 18:33:05 - [MESSAGE][PASSED] - Object: '' is clicked on

2020-10-15 18:33:05 - [MESSAGE][PASSED] - Click button "Logout"

2020-10-15 18:33:05 - [TEST_STEP][PASSED] - Close browser: Close browser

2020-10-15 18:33:05 - [MESSAGE][PASSED] - Browser is closed

2020-10-15 18:33:05 - [MESSAGE][PASSED] - Close browser

2020-10-15 18:33:05 - [MESSAGE][PASSED] - Feature file: 'Include/features/IST_Real/SLIK/SLIK Gateway Non Customer/SLIK Gateway Non Customer Checking.feature' was passed]]></system-out>
         <system-err><![CDATA[]]></system-err>
      </testcase>
      <testcase name="Test Cases/IST_Real/SLIK/SLIK_Gateway_Non_Customer/SELECT KTP NUMBER NON CUSTOMER from DB" time="1.394" classname="Test Cases/IST_Real/SLIK/SLIK_Gateway_Non_Customer/SELECT KTP NUMBER NON CUSTOMER from DB" status="PASSED">
         <system-out><![CDATA[2020-10-15 18:33:05 - [TEST_CASE][PASSED] - Test Cases/IST_Real/SLIK/SLIK_Gateway_Non_Customer/SELECT KTP NUMBER NON CUSTOMER from DB: Test Cases/IST_Real/SLIK/SLIK_Gateway_Non_Customer/SELECT KTP NUMBER NON CUSTOMER from DB

2020-10-15 18:33:05 - [TEST_STEP][PASSED] - runFeatureFile("Include/features/IST_Real/SLIK/SLIK Gateway Non Customer/SELECT_KTP_NUMBER_NON_CUSTOMER_from_DB.feature"): Feature file: 'Include/features/IST_Real/SLIK/SLIK Gateway Non Customer/SELECT_KTP_NUMBER_NON_CUSTOMER_from_DB.feature' was passed

2020-10-15 18:33:05 - [MESSAGE][INFO] - Starting run keyword runFeatureFile: 'Include/features/IST_Real/SLIK/SLIK Gateway Non Customer/SELECT_KTP_NUMBER_NON_CUSTOMER_from_DB.feature' and extract report to folder: '/Users/chaidir.pratama01/Katalon Studio/IST_Automation_Git/Reports/20201015_182654/SLIK/TS_SLIK_Gateway_Non_Customer/20201015_182655/cucumber_report/1602761585992'...

2020-10-15 18:33:06 - [TEST_CASE][PASSED] - Start Test Case : SCENARIO SELECT KTP Number Non Customer From Table SLIK_DATA_CUSTOMER: SCENARIO SELECT KTP Number Non Customer From Table SLIK_DATA_CUSTOMER

2020-10-15 18:33:06 - [TEST_STEP][PASSED] - Connect to Database: Connect to Database

2020-10-15 18:33:06 - [MESSAGE][PASSED] - Connect to Database

2020-10-15 18:33:06 - [TEST_STEP][PASSED] - Check KTP Number Non Customer in DB: Check KTP Number Non Customer in DB

2020-10-15 18:33:07 - [MESSAGE][PASSED] - Check KTP Number Non Customer in DB

2020-10-15 18:33:07 - [MESSAGE][PASSED] - Feature file: 'Include/features/IST_Real/SLIK/SLIK Gateway Non Customer/SELECT_KTP_NUMBER_NON_CUSTOMER_from_DB.feature' was passed]]></system-out>
         <system-err><![CDATA[]]></system-err>
      </testcase>
      <testcase name="Test Cases/IST_Real/SLIK/SLIK_Gateway_Non_Customer/SLIK Gateway Non Customer Search By KTP" time="14.748" classname="Test Cases/IST_Real/SLIK/SLIK_Gateway_Non_Customer/SLIK Gateway Non Customer Search By KTP" status="PASSED">
         <system-out><![CDATA[2020-10-15 18:33:07 - [TEST_CASE][PASSED] - Test Cases/IST_Real/SLIK/SLIK_Gateway_Non_Customer/SLIK Gateway Non Customer Search By KTP: Test Cases/IST_Real/SLIK/SLIK_Gateway_Non_Customer/SLIK Gateway Non Customer Search By KTP

2020-10-15 18:33:07 - [TEST_STEP][PASSED] - runFeatureFile("Include/features/IST_Real/SLIK/SLIK Gateway Non Customer/SLIK_Gateaway_Non_Customer_Search_By_KTP.feature"): Feature file: 'Include/features/IST_Real/SLIK/SLIK Gateway Non Customer/SLIK_Gateaway_Non_Customer_Search_By_KTP.feature' was passed

2020-10-15 18:33:07 - [MESSAGE][INFO] - Starting run keyword runFeatureFile: 'Include/features/IST_Real/SLIK/SLIK Gateway Non Customer/SLIK_Gateaway_Non_Customer_Search_By_KTP.feature' and extract report to folder: '/Users/chaidir.pratama01/Katalon Studio/IST_Automation_Git/Reports/20201015_182654/SLIK/TS_SLIK_Gateway_Non_Customer/20201015_182655/cucumber_report/1602761587396'...

2020-10-15 18:33:07 - [TEST_CASE][PASSED] - Start Test Case : SCENARIO SLIK Gateway Non Customer Search Result: SCENARIO SLIK Gateway Non Customer Search Result

2020-10-15 18:33:07 - [TEST_STEP][PASSED] - Go to ISTools: Go to ISTools

2020-10-15 18:33:07 - [MESSAGE][INFO] - Starting 'Chrome' driver

2020-10-15 18:33:07 - [MESSAGE][INFO] - User set preference: ['AcceptInsecureCerts', 'true']

2020-10-15 18:33:07 - [MESSAGE][INFO] - User set preference: ['args', '[ignore-certificate-errors]']

2020-10-15 18:33:07 - [MESSAGE][INFO] - Action delay is set to 0 milliseconds

2020-10-15 18:33:08 - [MESSAGE][PASSED] - Browser is opened with url: ''

2020-10-15 18:33:09 - [MESSAGE][PASSED] - Navigate to 'https://dev-istools.homecredit.id/foundation/' successfully

2020-10-15 18:33:09 - [MESSAGE][PASSED] - Go to ISTools

2020-10-15 18:33:09 - [TEST_STEP][PASSED] - Login IST with valid credentials: Login IST with valid credentials

2020-10-15 18:33:10 - [MESSAGE][PASSED] - Text 'mobile.test' is set on object 'Object Repository/Page_/input_Username_j_username'

2020-10-15 18:33:10 - [MESSAGE][PASSED] - Text ****** has been set on object 'Object Repository/Page_/input_Password_j_password'

2020-10-15 18:33:11 - [MESSAGE][PASSED] - Object: 'Object Repository/Page_/button_Login' is clicked on

2020-10-15 18:33:11 - [MESSAGE][PASSED] - Login IST with valid credentials

2020-10-15 18:33:11 - [TEST_STEP][PASSED] - Login Success for contract dispatcher: Login Success for contract dispatcher

2020-10-15 18:33:11 - [MESSAGE][INFO] - Login Success

2020-10-15 18:33:11 - [MESSAGE][PASSED] - Current window maximized

2020-10-15 18:33:11 - [MESSAGE][PASSED] - Object 'Object Repository/Page_/h1_Welcome to IT Supporting Tools' is present

2020-10-15 18:33:11 - [MESSAGE][PASSED] - Login Success for contract dispatcher

2020-10-15 18:33:11 - [TEST_STEP][PASSED] - Select Menu SLIK Gateway NonCustomer: Select Menu SLIK Gateway NonCustomer

2020-10-15 18:33:11 - [MESSAGE][PASSED] - Object '' is present

2020-10-15 18:33:12 - [MESSAGE][PASSED] - Object: '' is clicked on

2020-10-15 18:33:12 - [MESSAGE][PASSED] - Wait for page load successfully

2020-10-15 18:33:12 - [MESSAGE][PASSED] - Select Menu SLIK Gateway NonCustomer

2020-10-15 18:33:12 - [TEST_STEP][PASSED] - Input Data KTP Number for Search Result: Input Data KTP Number for Search Result

2020-10-15 18:33:12 - [MESSAGE][PASSED] - Scroll to object '' successfully

2020-10-15 18:33:13 - [MESSAGE][PASSED] - Text '8888888888888888' is set on object ''

2020-10-15 18:33:13 - [MESSAGE][PASSED] - Input Data KTP Number for Search Result

2020-10-15 18:33:13 - [TEST_STEP][PASSED] - Click button "Search": Click button "Search"

2020-10-15 18:33:13 - [MESSAGE][INFO] - >>>>>//Button[contains(text(),'Search')]

2020-10-15 18:33:17 - [MESSAGE][PASSED] - Object: '' is clicked on

2020-10-15 18:33:17 - [MESSAGE][PASSED] - Click button "Search"

2020-10-15 18:33:17 - [TEST_STEP][PASSED] - Verify Search Result with KTP Number: Verify Search Result with KTP Number

2020-10-15 18:33:17 - [MESSAGE][PASSED] - Object '' is present

2020-10-15 18:33:17 - [MESSAGE][PASSED] - Verify Search Result with KTP Number

2020-10-15 18:33:17 - [TEST_STEP][PASSED] - Verify Search Result data: Verify Search Result data

2020-10-15 18:33:18 - [MESSAGE][PASSED] - Scroll to object '' successfully

2020-10-15 18:33:18 - [MESSAGE][PASSED] - Object '' is present

2020-10-15 18:33:18 - [MESSAGE][PASSED] - Verify Search Result data

2020-10-15 18:33:18 - [TEST_STEP][PASSED] - Click button "Logout": Click button "Logout"

2020-10-15 18:33:18 - [MESSAGE][INFO] - >>>>>//Button[contains(text(),'Logout')]

2020-10-15 18:33:21 - [MESSAGE][PASSED] - Object: '' is clicked on

2020-10-15 18:33:21 - [MESSAGE][PASSED] - Click button "Logout"

2020-10-15 18:33:21 - [TEST_STEP][PASSED] - Close browser: Close browser

2020-10-15 18:33:22 - [MESSAGE][PASSED] - Browser is closed

2020-10-15 18:33:22 - [MESSAGE][PASSED] - Close browser

2020-10-15 18:33:22 - [MESSAGE][PASSED] - Feature file: 'Include/features/IST_Real/SLIK/SLIK Gateway Non Customer/SLIK_Gateaway_Non_Customer_Search_By_KTP.feature' was passed]]></system-out>
         <system-err><![CDATA[]]></system-err>
      </testcase>
      <testcase name="Test Cases/IST_Real/SLIK/SLIK_Gateway_Non_Customer/SLIK Gateway Non Customer Search By Status REQUESTED" time="14.358" classname="Test Cases/IST_Real/SLIK/SLIK_Gateway_Non_Customer/SLIK Gateway Non Customer Search By Status REQUESTED" status="PASSED">
         <system-out><![CDATA[2020-10-15 18:33:22 - [TEST_CASE][PASSED] - Test Cases/IST_Real/SLIK/SLIK_Gateway_Non_Customer/SLIK Gateway Non Customer Search By Status REQUESTED: Test Cases/IST_Real/SLIK/SLIK_Gateway_Non_Customer/SLIK Gateway Non Customer Search By Status REQUESTED

2020-10-15 18:33:22 - [TEST_STEP][PASSED] - runFeatureFile("Include/features/IST_Real/SLIK/SLIK Gateway Non Customer/SLIK_Gateway_Non_Customer_Search_By_Status_REQUESTED.feature"): Feature file: 'Include/features/IST_Real/SLIK/SLIK Gateway Non Customer/SLIK_Gateway_Non_Customer_Search_By_Status_REQUESTED.feature' was passed

2020-10-15 18:33:22 - [MESSAGE][INFO] - Starting run keyword runFeatureFile: 'Include/features/IST_Real/SLIK/SLIK Gateway Non Customer/SLIK_Gateway_Non_Customer_Search_By_Status_REQUESTED.feature' and extract report to folder: '/Users/chaidir.pratama01/Katalon Studio/IST_Automation_Git/Reports/20201015_182654/SLIK/TS_SLIK_Gateway_Non_Customer/20201015_182655/cucumber_report/1602761602131'...

2020-10-15 18:33:22 - [TEST_CASE][PASSED] - Start Test Case : SCENARIO Search Result by Status: SCENARIO Search Result by Status

2020-10-15 18:33:22 - [TEST_STEP][PASSED] - Go to ISTools: Go to ISTools

2020-10-15 18:33:22 - [MESSAGE][INFO] - Starting 'Chrome' driver

2020-10-15 18:33:22 - [MESSAGE][INFO] - User set preference: ['AcceptInsecureCerts', 'true']

2020-10-15 18:33:22 - [MESSAGE][INFO] - User set preference: ['args', '[ignore-certificate-errors]']

2020-10-15 18:33:22 - [MESSAGE][INFO] - Action delay is set to 0 milliseconds

2020-10-15 18:33:23 - [MESSAGE][PASSED] - Browser is opened with url: ''

2020-10-15 18:33:24 - [MESSAGE][PASSED] - Navigate to 'https://dev-istools.homecredit.id/foundation/' successfully

2020-10-15 18:33:24 - [MESSAGE][PASSED] - Go to ISTools

2020-10-15 18:33:24 - [TEST_STEP][PASSED] - Login IST with valid credentials: Login IST with valid credentials

2020-10-15 18:33:24 - [MESSAGE][PASSED] - Text 'mobile.test' is set on object 'Object Repository/Page_/input_Username_j_username'

2020-10-15 18:33:25 - [MESSAGE][PASSED] - Text ****** has been set on object 'Object Repository/Page_/input_Password_j_password'

2020-10-15 18:33:25 - [MESSAGE][PASSED] - Object: 'Object Repository/Page_/button_Login' is clicked on

2020-10-15 18:33:25 - [MESSAGE][PASSED] - Login IST with valid credentials

2020-10-15 18:33:25 - [TEST_STEP][PASSED] - Login Success for contract dispatcher: Login Success for contract dispatcher

2020-10-15 18:33:25 - [MESSAGE][INFO] - Login Success

2020-10-15 18:33:25 - [MESSAGE][PASSED] - Current window maximized

2020-10-15 18:33:26 - [MESSAGE][PASSED] - Object 'Object Repository/Page_/h1_Welcome to IT Supporting Tools' is present

2020-10-15 18:33:26 - [MESSAGE][PASSED] - Login Success for contract dispatcher

2020-10-15 18:33:26 - [TEST_STEP][PASSED] - Select Menu SLIK Gateway NonCustomer: Select Menu SLIK Gateway NonCustomer

2020-10-15 18:33:26 - [MESSAGE][PASSED] - Object '' is present

2020-10-15 18:33:26 - [MESSAGE][PASSED] - Object: '' is clicked on

2020-10-15 18:33:26 - [MESSAGE][PASSED] - Wait for page load successfully

2020-10-15 18:33:26 - [MESSAGE][PASSED] - Select Menu SLIK Gateway NonCustomer

2020-10-15 18:33:26 - [TEST_STEP][PASSED] - Select Status is "REQUESTED": Select Status is "REQUESTED"

2020-10-15 18:33:27 - [MESSAGE][PASSED] - All options with value 'REQUESTED' are selected in object ''  using regular expression

2020-10-15 18:33:27 - [MESSAGE][PASSED] - Select Status is "REQUESTED"

2020-10-15 18:33:27 - [TEST_STEP][PASSED] - Click button "Search": Click button "Search"

2020-10-15 18:33:27 - [MESSAGE][INFO] - >>>>>//Button[contains(text(),'Search')]

2020-10-15 18:33:31 - [MESSAGE][PASSED] - Object: '' is clicked on

2020-10-15 18:33:31 - [MESSAGE][PASSED] - Click button "Search"

2020-10-15 18:33:31 - [TEST_STEP][PASSED] - Verify Search Result Based on Result Status: Verify Search Result Based on Result Status

2020-10-15 18:33:31 - [MESSAGE][PASSED] - Scroll to object '' successfully

2020-10-15 18:33:32 - [MESSAGE][PASSED] - Actual text and expected text of test object '' are matched.

2020-10-15 18:33:32 - [MESSAGE][PASSED] - Text of object '' is: 'REQUESTED -'

2020-10-15 18:33:32 - [MESSAGE][PASSED] - Text of object '' is: '8888888888888888'

2020-10-15 18:33:32 - [MESSAGE][PASSED] - Verify Search Result Based on Result Status

2020-10-15 18:33:32 - [TEST_STEP][PASSED] - Click button "Logout": Click button "Logout"

2020-10-15 18:33:32 - [MESSAGE][INFO] - >>>>>//Button[contains(text(),'Logout')]

2020-10-15 18:33:36 - [MESSAGE][PASSED] - Object: '' is clicked on

2020-10-15 18:33:36 - [MESSAGE][PASSED] - Click button "Logout"

2020-10-15 18:33:36 - [TEST_STEP][PASSED] - Close browser: Close browser

2020-10-15 18:33:36 - [MESSAGE][PASSED] - Browser is closed

2020-10-15 18:33:36 - [MESSAGE][PASSED] - Close browser

2020-10-15 18:33:36 - [MESSAGE][PASSED] - Feature file: 'Include/features/IST_Real/SLIK/SLIK Gateway Non Customer/SLIK_Gateway_Non_Customer_Search_By_Status_REQUESTED.feature' was passed]]></system-out>
         <system-err><![CDATA[]]></system-err>
      </testcase>
      <testcase name="Test Cases/IST_Real/SLIK/SLIK_Gateway_Approval_Non_Customer/Approve KTP Number" time="32.763" classname="Test Cases/IST_Real/SLIK/SLIK_Gateway_Approval_Non_Customer/Approve KTP Number" status="PASSED">
         <system-out><![CDATA[2020-10-15 18:33:36 - [TEST_CASE][PASSED] - Test Cases/IST_Real/SLIK/SLIK_Gateway_Approval_Non_Customer/Approve KTP Number: Test Cases/IST_Real/SLIK/SLIK_Gateway_Approval_Non_Customer/Approve KTP Number

2020-10-15 18:33:36 - [TEST_STEP][PASSED] - runFeatureFile("Include/features/IST_Real/SLIK/SLIK Gateway Approval Non Customer/Approve_KTP_Number.feature"): Feature file: 'Include/features/IST_Real/SLIK/SLIK Gateway Approval Non Customer/Approve_KTP_Number.feature' was passed

2020-10-15 18:33:36 - [MESSAGE][INFO] - Starting run keyword runFeatureFile: 'Include/features/IST_Real/SLIK/SLIK Gateway Approval Non Customer/Approve_KTP_Number.feature' and extract report to folder: '/Users/chaidir.pratama01/Katalon Studio/IST_Automation_Git/Reports/20201015_182654/SLIK/TS_SLIK_Gateway_Non_Customer/20201015_182655/cucumber_report/1602761616493'...

2020-10-15 18:33:36 - [TEST_CASE][PASSED] - Start Test Case : SCENARIO Approve KTP Number by Checker: SCENARIO Approve KTP Number by Checker

2020-10-15 18:33:36 - [TEST_STEP][PASSED] - Go to ISTools: Go to ISTools

2020-10-15 18:33:36 - [MESSAGE][INFO] - Starting 'Chrome' driver

2020-10-15 18:33:36 - [MESSAGE][INFO] - User set preference: ['AcceptInsecureCerts', 'true']

2020-10-15 18:33:36 - [MESSAGE][INFO] - User set preference: ['args', '[ignore-certificate-errors]']

2020-10-15 18:33:36 - [MESSAGE][INFO] - Action delay is set to 0 milliseconds

2020-10-15 18:33:37 - [MESSAGE][PASSED] - Browser is opened with url: ''

2020-10-15 18:33:39 - [MESSAGE][PASSED] - Navigate to 'https://dev-istools.homecredit.id/foundation/' successfully

2020-10-15 18:33:39 - [MESSAGE][PASSED] - Go to ISTools

2020-10-15 18:33:39 - [TEST_STEP][PASSED] - Login IST with valid credentials: Login IST with valid credentials

2020-10-15 18:33:40 - [MESSAGE][PASSED] - Text 'mobile.test' is set on object 'Object Repository/Page_/input_Username_j_username'

2020-10-15 18:33:41 - [MESSAGE][PASSED] - Text ****** has been set on object 'Object Repository/Page_/input_Password_j_password'

2020-10-15 18:33:41 - [MESSAGE][PASSED] - Object: 'Object Repository/Page_/button_Login' is clicked on

2020-10-15 18:33:41 - [MESSAGE][PASSED] - Login IST with valid credentials

2020-10-15 18:33:41 - [TEST_STEP][PASSED] - Login Success for contract dispatcher: Login Success for contract dispatcher

2020-10-15 18:33:41 - [MESSAGE][INFO] - Login Success

2020-10-15 18:33:42 - [MESSAGE][PASSED] - Current window maximized

2020-10-15 18:33:42 - [MESSAGE][PASSED] - Object 'Object Repository/Page_/h1_Welcome to IT Supporting Tools' is present

2020-10-15 18:33:42 - [MESSAGE][PASSED] - Login Success for contract dispatcher

2020-10-15 18:33:42 - [TEST_STEP][PASSED] - Select Menu "SLIK Gateway Approval Non Customer": Select Menu "SLIK Gateway Approval Non Customer"

2020-10-15 18:33:43 - [MESSAGE][PASSED] - Taking screenshot successfully
[[ATTACHMENT|/Users/chaidir.pratama01/Documents/Docs/Katalon Studio/Screenshot/test-SLIK Gateway Approval Non Customer.png]]

2020-10-15 18:33:43 - [MESSAGE][PASSED] - Object '' is present

2020-10-15 18:33:43 - [MESSAGE][PASSED] - Object: '' is clicked on

2020-10-15 18:33:43 - [MESSAGE][PASSED] - Wait for page load successfully

2020-10-15 18:33:43 - [MESSAGE][PASSED] - Select Menu "SLIK Gateway Approval Non Customer"

2020-10-15 18:33:43 - [TEST_STEP][PASSED] - Verify Table Result Exist: Verify Table Result Exist

2020-10-15 18:33:44 - [MESSAGE][PASSED] - Object '' is present

2020-10-15 18:33:44 - [MESSAGE][PASSED] - Verify Table Result Exist

2020-10-15 18:33:44 - [TEST_STEP][PASSED] - Get Data From Table: Get Data From Table

2020-10-15 18:33:45 - [MESSAGE][PASSED] - Object '' is present

2020-10-15 18:33:45 - [MESSAGE][PASSED] - Text of object '' is: '1'

2020-10-15 18:33:46 - [MESSAGE][PASSED] - Text of object '' is: '8888888888888888'

2020-10-15 18:33:46 - [MESSAGE][PASSED] - Text of object '' is: 'OPEX TestingAuto'

2020-10-15 18:33:46 - [MESSAGE][PASSED] - Text of object '' is: 'View Document'

2020-10-15 18:33:47 - [MESSAGE][PASSED] - Text of object '' is: ''

2020-10-15 18:33:47 - [MESSAGE][PASSED] - Get Data From Table

2020-10-15 18:33:47 - [TEST_STEP][PASSED] - Click Checkbox Validate: Click Checkbox Validate

2020-10-15 18:33:47 - [MESSAGE][PASSED] - Text of object '' is: '8888888888888888'

2020-10-15 18:33:47 - [MESSAGE][PASSED] - Object: '' is clicked on

2020-10-15 18:33:47 - [MESSAGE][PASSED] - Click Checkbox Validate

2020-10-15 18:33:47 - [TEST_STEP][PASSED] - Click button "Continue": Click button "Continue"

2020-10-15 18:33:47 - [MESSAGE][INFO] - >>>>>//Button[contains(text(),'Continue')]

2020-10-15 18:33:51 - [MESSAGE][PASSED] - Object: '' is clicked on

2020-10-15 18:33:51 - [MESSAGE][PASSED] - Click button "Continue"

2020-10-15 18:33:51 - [TEST_STEP][PASSED] - Click Checkbox Saya Setuju: Click Checkbox Saya Setuju

2020-10-15 18:33:51 - [MESSAGE][PASSED] - Object '' is present

2020-10-15 18:33:52 - [MESSAGE][PASSED] - Object: '' is clicked on

2020-10-15 18:33:52 - [MESSAGE][PASSED] - Click Checkbox Saya Setuju

2020-10-15 18:33:52 - [TEST_STEP][PASSED] - Click button "Check SLIK": Click button "Check SLIK"

2020-10-15 18:33:52 - [MESSAGE][INFO] - >>>>>//Button[contains(text(),'Check SLIK')]

2020-10-15 18:33:55 - [MESSAGE][PASSED] - Object: '' is clicked on

2020-10-15 18:33:55 - [MESSAGE][PASSED] - Click button "Check SLIK"

2020-10-15 18:33:55 - [TEST_STEP][PASSED] - Get text from pop up "Confirmation Approve Data" with text "Are you sure to SUBMIT this data ?": Get text from pop up "Confirmation Approve Data" with text "Are you sure to SUBMIT this data ?"

2020-10-15 18:33:56 - [MESSAGE][PASSED] - Taking screenshot successfully
[[ATTACHMENT|/Users/chaidir.pratama01/Documents/Docs/Katalon Studio/Screenshot/errorpopup.png]]

2020-10-15 18:33:56 - [MESSAGE][PASSED] - Object '' is present

2020-10-15 18:33:56 - [MESSAGE][PASSED] - Wait for page load successfully

2020-10-15 18:33:56 - [MESSAGE][PASSED] - Wait for page load successfully

2020-10-15 18:33:56 - [MESSAGE][PASSED] - Get text from pop up "Confirmation Approve Data" with text "Are you sure to SUBMIT this data ?"

2020-10-15 18:33:56 - [TEST_STEP][PASSED] - Click button "Yes": Click button "Yes"

2020-10-15 18:33:56 - [MESSAGE][INFO] - >>>>>//Button[contains(text(),'Yes')]

2020-10-15 18:34:00 - [MESSAGE][PASSED] - Object: '' is clicked on

2020-10-15 18:34:00 - [MESSAGE][PASSED] - Click button "Yes"

2020-10-15 18:34:00 - [TEST_STEP][PASSED] - Get text from pop up "IT Supporting Tools" with text "Data is processed": Get text from pop up "IT Supporting Tools" with text "Data is processed"

2020-10-15 18:34:01 - [MESSAGE][PASSED] - Taking screenshot successfully
[[ATTACHMENT|/Users/chaidir.pratama01/Documents/Docs/Katalon Studio/Screenshot/errorpopup.png]]

2020-10-15 18:34:02 - [MESSAGE][PASSED] - Object '' is present

2020-10-15 18:34:02 - [MESSAGE][PASSED] - Wait for page load successfully

2020-10-15 18:34:02 - [MESSAGE][PASSED] - Wait for page load successfully

2020-10-15 18:34:02 - [MESSAGE][PASSED] - Get text from pop up "IT Supporting Tools" with text "Data is processed"

2020-10-15 18:34:02 - [TEST_STEP][PASSED] - Click button "OK": Click button "OK"

2020-10-15 18:34:02 - [MESSAGE][INFO] - >>>>>//Button[contains(text(),'OK')]

2020-10-15 18:34:05 - [MESSAGE][PASSED] - Object: '' is clicked on

2020-10-15 18:34:05 - [MESSAGE][PASSED] - Click button "OK"

2020-10-15 18:34:05 - [TEST_STEP][PASSED] - Click button "Logout": Click button "Logout"

2020-10-15 18:34:05 - [MESSAGE][INFO] - >>>>>//Button[contains(text(),'Logout')]

2020-10-15 18:34:09 - [MESSAGE][PASSED] - Object: '' is clicked on

2020-10-15 18:34:09 - [MESSAGE][PASSED] - Click button "Logout"

2020-10-15 18:34:09 - [TEST_STEP][PASSED] - Close browser: Close browser

2020-10-15 18:34:09 - [MESSAGE][PASSED] - Browser is closed

2020-10-15 18:34:09 - [MESSAGE][PASSED] - Close browser

2020-10-15 18:34:09 - [MESSAGE][PASSED] - Feature file: 'Include/features/IST_Real/SLIK/SLIK Gateway Approval Non Customer/Approve_KTP_Number.feature' was passed]]></system-out>
         <system-err><![CDATA[]]></system-err>
      </testcase>
      <testcase name="Test Cases/IST_Real/SLIK/SLIK_Gateway_Non_Customer/SLIK Gateway Non Customer Search By Status APPROVED" time="18.202" classname="Test Cases/IST_Real/SLIK/SLIK_Gateway_Non_Customer/SLIK Gateway Non Customer Search By Status APPROVED" status="PASSED">
         <system-out><![CDATA[2020-10-15 18:34:09 - [TEST_CASE][PASSED] - Test Cases/IST_Real/SLIK/SLIK_Gateway_Non_Customer/SLIK Gateway Non Customer Search By Status APPROVED: Test Cases/IST_Real/SLIK/SLIK_Gateway_Non_Customer/SLIK Gateway Non Customer Search By Status APPROVED

2020-10-15 18:34:09 - [TEST_STEP][PASSED] - runFeatureFile("Include/features/IST_Real/SLIK/SLIK Gateway Non Customer/SLIK_Gateway_Non_Customer_Search_By_Status_APPROVED.feature"): Feature file: 'Include/features/IST_Real/SLIK/SLIK Gateway Non Customer/SLIK_Gateway_Non_Customer_Search_By_Status_APPROVED.feature' was passed

2020-10-15 18:34:09 - [MESSAGE][INFO] - Starting run keyword runFeatureFile: 'Include/features/IST_Real/SLIK/SLIK Gateway Non Customer/SLIK_Gateway_Non_Customer_Search_By_Status_APPROVED.feature' and extract report to folder: '/Users/chaidir.pratama01/Katalon Studio/IST_Automation_Git/Reports/20201015_182654/SLIK/TS_SLIK_Gateway_Non_Customer/20201015_182655/cucumber_report/1602761649259'...

2020-10-15 18:34:09 - [TEST_CASE][PASSED] - Start Test Case : SCENARIO Search Result by Status: SCENARIO Search Result by Status

2020-10-15 18:34:09 - [TEST_STEP][PASSED] - Go to ISTools: Go to ISTools

2020-10-15 18:34:09 - [MESSAGE][INFO] - Starting 'Chrome' driver

2020-10-15 18:34:09 - [MESSAGE][INFO] - User set preference: ['AcceptInsecureCerts', 'true']

2020-10-15 18:34:09 - [MESSAGE][INFO] - User set preference: ['args', '[ignore-certificate-errors]']

2020-10-15 18:34:09 - [MESSAGE][INFO] - Action delay is set to 0 milliseconds

2020-10-15 18:34:10 - [MESSAGE][PASSED] - Browser is opened with url: ''

2020-10-15 18:34:13 - [MESSAGE][PASSED] - Navigate to 'https://dev-istools.homecredit.id/foundation/' successfully

2020-10-15 18:34:13 - [MESSAGE][PASSED] - Go to ISTools

2020-10-15 18:34:13 - [TEST_STEP][PASSED] - Login IST with valid credentials: Login IST with valid credentials

2020-10-15 18:34:13 - [MESSAGE][PASSED] - Text 'mobile.test' is set on object 'Object Repository/Page_/input_Username_j_username'

2020-10-15 18:34:14 - [MESSAGE][PASSED] - Text ****** has been set on object 'Object Repository/Page_/input_Password_j_password'

2020-10-15 18:34:14 - [MESSAGE][PASSED] - Object: 'Object Repository/Page_/button_Login' is clicked on

2020-10-15 18:34:14 - [MESSAGE][PASSED] - Login IST with valid credentials

2020-10-15 18:34:14 - [TEST_STEP][PASSED] - Login Success for contract dispatcher: Login Success for contract dispatcher

2020-10-15 18:34:14 - [MESSAGE][INFO] - Login Success

2020-10-15 18:34:14 - [MESSAGE][PASSED] - Current window maximized

2020-10-15 18:34:15 - [MESSAGE][PASSED] - Object 'Object Repository/Page_/h1_Welcome to IT Supporting Tools' is present

2020-10-15 18:34:15 - [MESSAGE][PASSED] - Login Success for contract dispatcher

2020-10-15 18:34:15 - [TEST_STEP][PASSED] - Select Menu SLIK Gateway NonCustomer: Select Menu SLIK Gateway NonCustomer

2020-10-15 18:34:15 - [MESSAGE][PASSED] - Object '' is present

2020-10-15 18:34:15 - [MESSAGE][PASSED] - Object: '' is clicked on

2020-10-15 18:34:15 - [MESSAGE][PASSED] - Wait for page load successfully

2020-10-15 18:34:15 - [MESSAGE][PASSED] - Select Menu SLIK Gateway NonCustomer

2020-10-15 18:34:15 - [TEST_STEP][PASSED] - Select Status is "APPROVED": Select Status is "APPROVED"

2020-10-15 18:34:17 - [MESSAGE][PASSED] - All options with value 'APPROVED' are selected in object ''  using regular expression

2020-10-15 18:34:17 - [MESSAGE][PASSED] - Select Status is "APPROVED"

2020-10-15 18:34:17 - [TEST_STEP][PASSED] - Click button "Search": Click button "Search"

2020-10-15 18:34:17 - [MESSAGE][INFO] - >>>>>//Button[contains(text(),'Search')]

2020-10-15 18:34:20 - [MESSAGE][PASSED] - Object: '' is clicked on

2020-10-15 18:34:20 - [MESSAGE][PASSED] - Click button "Search"

2020-10-15 18:34:20 - [TEST_STEP][PASSED] - Verify Search Result Based on Result Status: Verify Search Result Based on Result Status

2020-10-15 18:34:21 - [MESSAGE][PASSED] - Scroll to object '' successfully

2020-10-15 18:34:22 - [MESSAGE][WARNING] - Actual text 'APPROVED -' and expected text 'APPROVED - FAILED' of test object '' are NOT matched. (Root cause: com.kms.katalon.core.exception.StepFailedException: Actual text 'APPROVED -' and expected text 'APPROVED - FAILED' of test object '' are NOT matched.
	at com.kms.katalon.core.webui.keyword.internal.WebUIKeywordMain.stepFailed(WebUIKeywordMain.groovy:64)
	at com.kms.katalon.core.webui.keyword.builtin.VerifyElementTextKeyword$_verifyElementText_closure1.doCall(VerifyElementTextKeyword.groovy:57)
	at com.kms.katalon.core.webui.keyword.builtin.VerifyElementTextKeyword$_verifyElementText_closure1.call(VerifyElementTextKeyword.groovy)
	at com.kms.katalon.core.webui.keyword.internal.WebUIKeywordMain.runKeyword(WebUIKeywordMain.groovy:20)
	at com.kms.katalon.core.webui.keyword.builtin.VerifyElementTextKeyword.verifyElementText(VerifyElementTextKeyword.groovy:72)
	at com.kms.katalon.core.webui.keyword.builtin.VerifyElementTextKeyword.execute(VerifyElementTextKeyword.groovy:40)
	at com.kms.katalon.core.keyword.internal.KeywordExecutor.executeKeywordForPlatform(KeywordExecutor.groovy:73)
	at com.kms.katalon.core.webui.keyword.WebUiBuiltInKeywords.verifyElementText(WebUiBuiltInKeywords.groovy:3673)
	at com.kms.katalon.core.webui.keyword.WebUiBuiltInKeywords$verifyElementText$20.call(Unknown Source)
	at Slik_Script.Verify_Result_Status(Slik_Script.groovy:369)
	at cucumber.runtime.Utils$1.call(Utils.java:26)
	at cucumber.runtime.Timeout.timeout(Timeout.java:16)
	at cucumber.runtime.Utils.invoke(Utils.java:20)
	at cucumber.runtime.java.JavaStepDefinition.execute(JavaStepDefinition.java:48)
	at cucumber.runtime.PickleStepDefinitionMatch.runStep(PickleStepDefinitionMatch.java:50)
	at cucumber.runner.TestStep.executeStep(TestStep.java:55)
	at cucumber.runner.TestStep.run(TestStep.java:42)
	at cucumber.runner.PickleStepTestStep.run(PickleStepTestStep.java:53)
	at cucumber.runner.TestCase.run(TestCase.java:47)
	at cucumber.runner.Runner.runPickle(Runner.java:44)
	at cucumber.runtime.Runtime.runFeature(Runtime.java:120)
	at cucumber.runtime.Runtime.run(Runtime.java:106)
	at cucumber.api.cli.Main.run(Main.java:35)
	at cucumber.api.cli.Main$run.call(Unknown Source)
	at com.kms.katalon.core.cucumber.keyword.CucumberBuiltinKeywords$_runFeatureFile_closure1.doCall(CucumberBuiltinKeywords.groovy:76)
	at com.kms.katalon.core.cucumber.keyword.CucumberBuiltinKeywords$_runFeatureFile_closure1.doCall(CucumberBuiltinKeywords.groovy)
	at com.kms.katalon.core.keyword.internal.KeywordMain.runKeyword(KeywordMain.groovy:68)
	at com.kms.katalon.core.keyword.internal.KeywordMain$runKeyword.call(Unknown Source)
	at com.kms.katalon.core.cucumber.keyword.CucumberBuiltinKeywords.runFeatureFile(CucumberBuiltinKeywords.groovy:46)
	at com.kms.katalon.core.cucumber.keyword.CucumberBuiltinKeywords$runFeatureFile$0.callStatic(Unknown Source)
	at com.kms.katalon.core.cucumber.keyword.CucumberBuiltinKeywords.runFeatureFile(CucumberBuiltinKeywords.groovy:169)
	at com.kms.katalon.core.cucumber.keyword.CucumberBuiltinKeywords$runFeatureFile.call(Unknown Source)
	at SLIK Gateway Non Customer Search By Status APPROVED.run(SLIK Gateway Non Customer Search By Status APPROVED:18)
	at com.kms.katalon.core.main.ScriptEngine.run(ScriptEngine.java:194)
	at com.kms.katalon.core.main.ScriptEngine.runScriptAsRawText(ScriptEngine.java:119)
	at com.kms.katalon.core.main.TestCaseExecutor.runScript(TestCaseExecutor.java:339)
	at com.kms.katalon.core.main.TestCaseExecutor.doExecute(TestCaseExecutor.java:330)
	at com.kms.katalon.core.main.TestCaseExecutor.processExecutionPhase(TestCaseExecutor.java:309)
	at com.kms.katalon.core.main.TestCaseExecutor.accessMainPhase(TestCaseExecutor.java:301)
	at com.kms.katalon.core.main.TestCaseExecutor.execute(TestCaseExecutor.java:235)
	at com.kms.katalon.core.main.TestSuiteExecutor.accessTestCaseMainPhase(TestSuiteExecutor.java:191)
	at com.kms.katalon.core.main.TestSuiteExecutor.accessTestSuiteMainPhase(TestSuiteExecutor.java:141)
	at com.kms.katalon.core.main.TestSuiteExecutor.execute(TestSuiteExecutor.java:90)
	at com.kms.katalon.core.main.TestCaseMain.startTestSuite(TestCaseMain.java:157)
	at com.kms.katalon.core.main.TestCaseMain$startTestSuite$0.call(Unknown Source)
	at TempTestSuite1602761215512.run(TempTestSuite1602761215512.groovy:39)
)
[[ATTACHMENT|/Users/chaidir.pratama01/Katalon Studio/IST_Automation_Git/Reports/20201015_182654/SLIK/TS_SLIK_Gateway_Non_Customer/20201015_182655/1602761661389.png]]

2020-10-15 18:34:22 - [MESSAGE][WARNING] - Actual text 'APPROVED -' and expected text 'APPROVED - SUCCESS' of test object '' are NOT matched. (Root cause: com.kms.katalon.core.exception.StepFailedException: Actual text 'APPROVED -' and expected text 'APPROVED - SUCCESS' of test object '' are NOT matched.
	at com.kms.katalon.core.webui.keyword.internal.WebUIKeywordMain.stepFailed(WebUIKeywordMain.groovy:64)
	at com.kms.katalon.core.webui.keyword.builtin.VerifyElementTextKeyword$_verifyElementText_closure1.doCall(VerifyElementTextKeyword.groovy:57)
	at com.kms.katalon.core.webui.keyword.builtin.VerifyElementTextKeyword$_verifyElementText_closure1.call(VerifyElementTextKeyword.groovy)
	at com.kms.katalon.core.webui.keyword.internal.WebUIKeywordMain.runKeyword(WebUIKeywordMain.groovy:20)
	at com.kms.katalon.core.webui.keyword.builtin.VerifyElementTextKeyword.verifyElementText(VerifyElementTextKeyword.groovy:72)
	at com.kms.katalon.core.webui.keyword.builtin.VerifyElementTextKeyword.execute(VerifyElementTextKeyword.groovy:40)
	at com.kms.katalon.core.keyword.internal.KeywordExecutor.executeKeywordForPlatform(KeywordExecutor.groovy:73)
	at com.kms.katalon.core.webui.keyword.WebUiBuiltInKeywords.verifyElementText(WebUiBuiltInKeywords.groovy:3673)
	at com.kms.katalon.core.webui.keyword.WebUiBuiltInKeywords$verifyElementText$20.call(Unknown Source)
	at Slik_Script.Verify_Result_Status(Slik_Script.groovy:369)
	at cucumber.runtime.Utils$1.call(Utils.java:26)
	at cucumber.runtime.Timeout.timeout(Timeout.java:16)
	at cucumber.runtime.Utils.invoke(Utils.java:20)
	at cucumber.runtime.java.JavaStepDefinition.execute(JavaStepDefinition.java:48)
	at cucumber.runtime.PickleStepDefinitionMatch.runStep(PickleStepDefinitionMatch.java:50)
	at cucumber.runner.TestStep.executeStep(TestStep.java:55)
	at cucumber.runner.TestStep.run(TestStep.java:42)
	at cucumber.runner.PickleStepTestStep.run(PickleStepTestStep.java:53)
	at cucumber.runner.TestCase.run(TestCase.java:47)
	at cucumber.runner.Runner.runPickle(Runner.java:44)
	at cucumber.runtime.Runtime.runFeature(Runtime.java:120)
	at cucumber.runtime.Runtime.run(Runtime.java:106)
	at cucumber.api.cli.Main.run(Main.java:35)
	at cucumber.api.cli.Main$run.call(Unknown Source)
	at com.kms.katalon.core.cucumber.keyword.CucumberBuiltinKeywords$_runFeatureFile_closure1.doCall(CucumberBuiltinKeywords.groovy:76)
	at com.kms.katalon.core.cucumber.keyword.CucumberBuiltinKeywords$_runFeatureFile_closure1.doCall(CucumberBuiltinKeywords.groovy)
	at com.kms.katalon.core.keyword.internal.KeywordMain.runKeyword(KeywordMain.groovy:68)
	at com.kms.katalon.core.keyword.internal.KeywordMain$runKeyword.call(Unknown Source)
	at com.kms.katalon.core.cucumber.keyword.CucumberBuiltinKeywords.runFeatureFile(CucumberBuiltinKeywords.groovy:46)
	at com.kms.katalon.core.cucumber.keyword.CucumberBuiltinKeywords$runFeatureFile$0.callStatic(Unknown Source)
	at com.kms.katalon.core.cucumber.keyword.CucumberBuiltinKeywords.runFeatureFile(CucumberBuiltinKeywords.groovy:169)
	at com.kms.katalon.core.cucumber.keyword.CucumberBuiltinKeywords$runFeatureFile.call(Unknown Source)
	at SLIK Gateway Non Customer Search By Status APPROVED.run(SLIK Gateway Non Customer Search By Status APPROVED:18)
	at com.kms.katalon.core.main.ScriptEngine.run(ScriptEngine.java:194)
	at com.kms.katalon.core.main.ScriptEngine.runScriptAsRawText(ScriptEngine.java:119)
	at com.kms.katalon.core.main.TestCaseExecutor.runScript(TestCaseExecutor.java:339)
	at com.kms.katalon.core.main.TestCaseExecutor.doExecute(TestCaseExecutor.java:330)
	at com.kms.katalon.core.main.TestCaseExecutor.processExecutionPhase(TestCaseExecutor.java:309)
	at com.kms.katalon.core.main.TestCaseExecutor.accessMainPhase(TestCaseExecutor.java:301)
	at com.kms.katalon.core.main.TestCaseExecutor.execute(TestCaseExecutor.java:235)
	at com.kms.katalon.core.main.TestSuiteExecutor.accessTestCaseMainPhase(TestSuiteExecutor.java:191)
	at com.kms.katalon.core.main.TestSuiteExecutor.accessTestSuiteMainPhase(TestSuiteExecutor.java:141)
	at com.kms.katalon.core.main.TestSuiteExecutor.execute(TestSuiteExecutor.java:90)
	at com.kms.katalon.core.main.TestCaseMain.startTestSuite(TestCaseMain.java:157)
	at com.kms.katalon.core.main.TestCaseMain$startTestSuite$0.call(Unknown Source)
	at TempTestSuite1602761215512.run(TempTestSuite1602761215512.groovy:39)
)
[[ATTACHMENT|/Users/chaidir.pratama01/Katalon Studio/IST_Automation_Git/Reports/20201015_182654/SLIK/TS_SLIK_Gateway_Non_Customer/20201015_182655/1602761662252.png]]

2020-10-15 18:34:23 - [MESSAGE][PASSED] - Actual text and expected text of test object '' are matched.

2020-10-15 18:34:23 - [MESSAGE][PASSED] - Text of object '' is: 'APPROVED -'

2020-10-15 18:34:23 - [MESSAGE][PASSED] - Text of object '' is: '8888888888888888'

2020-10-15 18:34:23 - [MESSAGE][PASSED] - Verify Search Result Based on Result Status

2020-10-15 18:34:23 - [TEST_STEP][PASSED] - Click button "Logout": Click button "Logout"

2020-10-15 18:34:23 - [MESSAGE][INFO] - >>>>>//Button[contains(text(),'Logout')]

2020-10-15 18:34:27 - [MESSAGE][PASSED] - Object: '' is clicked on

2020-10-15 18:34:27 - [MESSAGE][PASSED] - Click button "Logout"

2020-10-15 18:34:27 - [TEST_STEP][PASSED] - Close browser: Close browser

2020-10-15 18:34:27 - [MESSAGE][PASSED] - Browser is closed

2020-10-15 18:34:27 - [MESSAGE][PASSED] - Close browser

2020-10-15 18:34:27 - [MESSAGE][PASSED] - Feature file: 'Include/features/IST_Real/SLIK/SLIK Gateway Non Customer/SLIK_Gateway_Non_Customer_Search_By_Status_APPROVED.feature' was passed]]></system-out>
         <system-err><![CDATA[]]></system-err>
      </testcase>
      <testcase name="Test Cases/IST_Real/SLIK/SLIK_Gateway_Non_Customer/SLIK Gateway Non Customer Checking" time="73.385" classname="Test Cases/IST_Real/SLIK/SLIK_Gateway_Non_Customer/SLIK Gateway Non Customer Checking" status="PASSED">
         <system-out><![CDATA[2020-10-15 18:34:27 - [TEST_CASE][PASSED] - Test Cases/IST_Real/SLIK/SLIK_Gateway_Non_Customer/SLIK Gateway Non Customer Checking: Test Cases/IST_Real/SLIK/SLIK_Gateway_Non_Customer/SLIK Gateway Non Customer Checking

2020-10-15 18:34:27 - [TEST_STEP][PASSED] - runFeatureFile("Include/features/IST_Real/SLIK/SLIK Gateway Non Customer/SLIK Gateway Non Customer Checking.feature"): Feature file: 'Include/features/IST_Real/SLIK/SLIK Gateway Non Customer/SLIK Gateway Non Customer Checking.feature' was passed

2020-10-15 18:34:27 - [MESSAGE][INFO] - Starting run keyword runFeatureFile: 'Include/features/IST_Real/SLIK/SLIK Gateway Non Customer/SLIK Gateway Non Customer Checking.feature' and extract report to folder: '/Users/chaidir.pratama01/Katalon Studio/IST_Automation_Git/Reports/20201015_182654/SLIK/TS_SLIK_Gateway_Non_Customer/20201015_182655/cucumber_report/1602761667380'...

2020-10-15 18:34:27 - [TEST_CASE][PASSED] - Start Test Case : SCENARIO SLIK Gateway Non Customer Checking: SCENARIO SLIK Gateway Non Customer Checking

2020-10-15 18:34:27 - [TEST_STEP][PASSED] - Go to ISTools: Go to ISTools

2020-10-15 18:34:27 - [MESSAGE][INFO] - Starting 'Chrome' driver

2020-10-15 18:34:27 - [MESSAGE][INFO] - User set preference: ['AcceptInsecureCerts', 'true']

2020-10-15 18:34:27 - [MESSAGE][INFO] - User set preference: ['args', '[ignore-certificate-errors]']

2020-10-15 18:34:27 - [MESSAGE][INFO] - Action delay is set to 0 milliseconds

2020-10-15 18:34:28 - [MESSAGE][PASSED] - Browser is opened with url: ''

2020-10-15 18:34:29 - [MESSAGE][PASSED] - Navigate to 'https://dev-istools.homecredit.id/foundation/' successfully

2020-10-15 18:34:29 - [MESSAGE][PASSED] - Go to ISTools

2020-10-15 18:34:29 - [TEST_STEP][PASSED] - Login IST with valid credentials: Login IST with valid credentials

2020-10-15 18:34:30 - [MESSAGE][PASSED] - Text 'mobile.test' is set on object 'Object Repository/Page_/input_Username_j_username'

2020-10-15 18:34:30 - [MESSAGE][PASSED] - Text ****** has been set on object 'Object Repository/Page_/input_Password_j_password'

2020-10-15 18:34:31 - [MESSAGE][PASSED] - Object: 'Object Repository/Page_/button_Login' is clicked on

2020-10-15 18:34:31 - [MESSAGE][PASSED] - Login IST with valid credentials

2020-10-15 18:34:31 - [TEST_STEP][PASSED] - Login Success for contract dispatcher: Login Success for contract dispatcher

2020-10-15 18:34:31 - [MESSAGE][INFO] - Login Success

2020-10-15 18:34:31 - [MESSAGE][PASSED] - Current window maximized

2020-10-15 18:34:32 - [MESSAGE][PASSED] - Object 'Object Repository/Page_/h1_Welcome to IT Supporting Tools' is present

2020-10-15 18:34:32 - [MESSAGE][PASSED] - Login Success for contract dispatcher

2020-10-15 18:34:32 - [TEST_STEP][PASSED] - Select Menu SLIK Gateway NonCustomer: Select Menu SLIK Gateway NonCustomer

2020-10-15 18:34:32 - [MESSAGE][PASSED] - Object '' is present

2020-10-15 18:34:32 - [MESSAGE][PASSED] - Object: '' is clicked on

2020-10-15 18:34:32 - [MESSAGE][PASSED] - Wait for page load successfully

2020-10-15 18:34:32 - [MESSAGE][PASSED] - Select Menu SLIK Gateway NonCustomer

2020-10-15 18:34:32 - [TEST_STEP][PASSED] - Input Data KTP Number: Input Data KTP Number

2020-10-15 18:34:33 - [MESSAGE][PASSED] - Text '8888888888888888' is set on object ''

2020-10-15 18:34:33 - [MESSAGE][PASSED] - Input Data KTP Number

2020-10-15 18:34:33 - [TEST_STEP][PASSED] - Input Data "Name *" with value "OPEX TestingAuto" for Check SLIK: Input Data "Name *" with value "OPEX TestingAuto" for Check SLIK

2020-10-15 18:34:34 - [MESSAGE][PASSED] - Taking screenshot successfully
[[ATTACHMENT|/Users/chaidir.pratama01/Documents/Docs/Katalon Studio/Screenshot/slik.png]]

2020-10-15 18:34:34 - [MESSAGE][PASSED] - Object '' is visible

2020-10-15 18:34:35 - [MESSAGE][PASSED] - Object: '' is focused

2020-10-15 18:34:35 - [MESSAGE][PASSED] - Text 'OPEX TestingAuto' is set on object ''

2020-10-15 18:34:35 - [MESSAGE][PASSED] - Input Data "Name *" with value "OPEX TestingAuto" for Check SLIK

2020-10-15 18:34:35 - [TEST_STEP][PASSED] - Input Date of Birth "20-02-1990": Input Date of Birth "20-02-1990"

2020-10-15 18:34:36 - [MESSAGE][PASSED] - Text '20-02-1990' is set on object ''

2020-10-15 18:34:39 - [MESSAGE][PASSED] - Delayed 3 second(s)

2020-10-15 18:34:39 - [MESSAGE][PASSED] - Input Date of Birth "20-02-1990"

2020-10-15 18:34:39 - [TEST_STEP][PASSED] - Select Gender "Laki-laki": Select Gender "Laki-laki"

2020-10-15 18:34:39 - [MESSAGE][PASSED] - Object: '' is clicked on

2020-10-15 18:34:39 - [MESSAGE][PASSED] - Select Gender "Laki-laki"

2020-10-15 18:34:39 - [TEST_STEP][PASSED] - Select Purpose is "Penilaian Calon Kemitraan": Select Purpose is "Penilaian Calon Kemitraan"

2020-10-15 18:34:40 - [MESSAGE][PASSED] - All options with value 'Penilaian Calon Kemitraan' are selected in object ''  using regular expression

2020-10-15 18:34:40 - [MESSAGE][PASSED] - Select Purpose is "Penilaian Calon Kemitraan"

2020-10-15 18:34:40 - [TEST_STEP][PASSED] - Input Data "Place of Birth" with value "Jakarta" for Check SLIK: Input Data "Place of Birth" with value "Jakarta" for Check SLIK

2020-10-15 18:34:41 - [MESSAGE][PASSED] - Taking screenshot successfully
[[ATTACHMENT|/Users/chaidir.pratama01/Documents/Docs/Katalon Studio/Screenshot/slik.png]]

2020-10-15 18:34:42 - [MESSAGE][PASSED] - Object '' is visible

2020-10-15 18:34:42 - [MESSAGE][PASSED] - Object: '' is focused

2020-10-15 18:34:43 - [MESSAGE][PASSED] - Text 'Jakarta' is set on object ''

2020-10-15 18:34:43 - [MESSAGE][PASSED] - Input Data "Place of Birth" with value "Jakarta" for Check SLIK

2020-10-15 18:34:43 - [TEST_STEP][PASSED] - Input Data "Mother Maternity Name" with value "Tester Auto" for Check SLIK: Input Data "Mother Maternity Name" with value "Tester Auto" for Check SLIK

2020-10-15 18:34:43 - [MESSAGE][PASSED] - Taking screenshot successfully
[[ATTACHMENT|/Users/chaidir.pratama01/Documents/Docs/Katalon Studio/Screenshot/slik.png]]

2020-10-15 18:34:44 - [MESSAGE][PASSED] - Object '' is visible

2020-10-15 18:34:44 - [MESSAGE][PASSED] - Object: '' is focused

2020-10-15 18:34:45 - [MESSAGE][PASSED] - Text 'Tester Auto' is set on object ''

2020-10-15 18:34:45 - [MESSAGE][PASSED] - Input Data "Mother Maternity Name" with value "Tester Auto" for Check SLIK

2020-10-15 18:34:45 - [TEST_STEP][PASSED] - Input KTP Address "TESTING AUTO JAKARTA": Input KTP Address "TESTING AUTO JAKARTA"

2020-10-15 18:34:46 - [MESSAGE][PASSED] - Text 'TESTING AUTO JAKARTA' is set on object ''

2020-10-15 18:34:46 - [MESSAGE][PASSED] - Input KTP Address "TESTING AUTO JAKARTA"

2020-10-15 18:34:46 - [TEST_STEP][PASSED] - Click button "Upload": Click button "Upload"

2020-10-15 18:34:46 - [MESSAGE][INFO] - >>>>>//Button[contains(text(),'Upload')]

2020-10-15 18:34:50 - [MESSAGE][PASSED] - Object: '' is clicked on

2020-10-15 18:34:50 - [MESSAGE][PASSED] - Click button "Upload"

2020-10-15 18:34:50 - [TEST_STEP][PASSED] - Upload file "new_captcha1500.png": Upload file "new_captcha1500.png"

2020-10-15 18:34:50 - [MESSAGE][PASSED] - Switched to window with index: '0'

2020-10-15 18:35:04 - [MESSAGE][PASSED] - Upload file "new_captcha1500.png"

2020-10-15 18:35:04 - [TEST_STEP][PASSED] - Click button "Check SLIK": Click button "Check SLIK"

2020-10-15 18:35:04 - [MESSAGE][INFO] - >>>>>//Button[contains(text(),'Check SLIK')]

2020-10-15 18:35:08 - [MESSAGE][PASSED] - Object: '' is clicked on

2020-10-15 18:35:08 - [MESSAGE][PASSED] - Click button "Check SLIK"

2020-10-15 18:35:08 - [TEST_STEP][PASSED] - Get text from pop up "Confirmation Submit Request" with text "Are you sure to submit this data ?": Get text from pop up "Confirmation Submit Request" with text "Are you sure to submit this data ?"

2020-10-15 18:35:09 - [MESSAGE][PASSED] - Taking screenshot successfully
[[ATTACHMENT|/Users/chaidir.pratama01/Documents/Docs/Katalon Studio/Screenshot/errorpopup.png]]

2020-10-15 18:35:09 - [MESSAGE][PASSED] - Object '' is present

2020-10-15 18:35:09 - [MESSAGE][PASSED] - Wait for page load successfully

2020-10-15 18:35:09 - [MESSAGE][PASSED] - Wait for page load successfully

2020-10-15 18:35:09 - [MESSAGE][PASSED] - Get text from pop up "Confirmation Submit Request" with text "Are you sure to submit this data ?"

2020-10-15 18:35:09 - [TEST_STEP][PASSED] - Click button "Yes": Click button "Yes"

2020-10-15 18:35:09 - [MESSAGE][INFO] - >>>>>//Button[contains(text(),'Yes')]

2020-10-15 18:35:13 - [MESSAGE][PASSED] - Object: '' is clicked on

2020-10-15 18:35:13 - [MESSAGE][PASSED] - Click button "Yes"

2020-10-15 18:35:13 - [TEST_STEP][PASSED] - Verify KTP Number Request Success: Verify KTP Number Request Success

2020-10-15 18:35:33 - [MESSAGE][PASSED] - Object '' is present

2020-10-15 18:35:33 - [MESSAGE][PASSED] - Verify KTP Number Request Success

2020-10-15 18:35:33 - [TEST_STEP][PASSED] - Click button "OK": Click button "OK"

2020-10-15 18:35:33 - [MESSAGE][INFO] - >>>>>//Button[contains(text(),'OK')]

2020-10-15 18:35:37 - [MESSAGE][PASSED] - Object: '' is clicked on

2020-10-15 18:35:37 - [MESSAGE][PASSED] - Click button "OK"

2020-10-15 18:35:37 - [TEST_STEP][PASSED] - Click button "Logout": Click button "Logout"

2020-10-15 18:35:37 - [MESSAGE][INFO] - >>>>>//Button[contains(text(),'Logout')]

2020-10-15 18:35:40 - [MESSAGE][PASSED] - Object: '' is clicked on

2020-10-15 18:35:40 - [MESSAGE][PASSED] - Click button "Logout"

2020-10-15 18:35:40 - [TEST_STEP][PASSED] - Close browser: Close browser

2020-10-15 18:35:40 - [MESSAGE][PASSED] - Browser is closed

2020-10-15 18:35:40 - [MESSAGE][PASSED] - Close browser

2020-10-15 18:35:40 - [MESSAGE][PASSED] - Feature file: 'Include/features/IST_Real/SLIK/SLIK Gateway Non Customer/SLIK Gateway Non Customer Checking.feature' was passed]]></system-out>
         <system-err><![CDATA[]]></system-err>
      </testcase>
      <testcase name="Test Cases/IST_Real/SLIK/SLIK_Gateway_Approval_Non_Customer/Reject KTP Number" time="25.346" classname="Test Cases/IST_Real/SLIK/SLIK_Gateway_Approval_Non_Customer/Reject KTP Number" status="PASSED">
         <system-out><![CDATA[2020-10-15 18:35:40 - [TEST_CASE][PASSED] - Test Cases/IST_Real/SLIK/SLIK_Gateway_Approval_Non_Customer/Reject KTP Number: Test Cases/IST_Real/SLIK/SLIK_Gateway_Approval_Non_Customer/Reject KTP Number

2020-10-15 18:35:40 - [TEST_STEP][PASSED] - runFeatureFile("Include/features/IST_Real/SLIK/SLIK Gateway Approval Non Customer/Reject_KTP_Number.feature"): Feature file: 'Include/features/IST_Real/SLIK/SLIK Gateway Approval Non Customer/Reject_KTP_Number.feature' was passed

2020-10-15 18:35:40 - [MESSAGE][INFO] - Starting run keyword runFeatureFile: 'Include/features/IST_Real/SLIK/SLIK Gateway Approval Non Customer/Reject_KTP_Number.feature' and extract report to folder: '/Users/chaidir.pratama01/Katalon Studio/IST_Automation_Git/Reports/20201015_182654/SLIK/TS_SLIK_Gateway_Non_Customer/20201015_182655/cucumber_report/1602761740851'...

2020-10-15 18:35:41 - [TEST_CASE][PASSED] - Start Test Case : SCENARIO Reject KTP Number by Checker: SCENARIO Reject KTP Number by Checker

2020-10-15 18:35:41 - [TEST_STEP][PASSED] - Go to ISTools: Go to ISTools

2020-10-15 18:35:41 - [MESSAGE][INFO] - Starting 'Chrome' driver

2020-10-15 18:35:41 - [MESSAGE][INFO] - User set preference: ['AcceptInsecureCerts', 'true']

2020-10-15 18:35:41 - [MESSAGE][INFO] - User set preference: ['args', '[ignore-certificate-errors]']

2020-10-15 18:35:41 - [MESSAGE][INFO] - Action delay is set to 0 milliseconds

2020-10-15 18:35:42 - [MESSAGE][PASSED] - Browser is opened with url: ''

2020-10-15 18:35:44 - [MESSAGE][PASSED] - Navigate to 'https://dev-istools.homecredit.id/foundation/' successfully

2020-10-15 18:35:44 - [MESSAGE][PASSED] - Go to ISTools

2020-10-15 18:35:44 - [TEST_STEP][PASSED] - Login IST with valid credentials: Login IST with valid credentials

2020-10-15 18:35:45 - [MESSAGE][PASSED] - Text 'mobile.test' is set on object 'Object Repository/Page_/input_Username_j_username'

2020-10-15 18:35:45 - [MESSAGE][PASSED] - Text ****** has been set on object 'Object Repository/Page_/input_Password_j_password'

2020-10-15 18:35:46 - [MESSAGE][PASSED] - Object: 'Object Repository/Page_/button_Login' is clicked on

2020-10-15 18:35:46 - [MESSAGE][PASSED] - Login IST with valid credentials

2020-10-15 18:35:46 - [TEST_STEP][PASSED] - Login Success for contract dispatcher: Login Success for contract dispatcher

2020-10-15 18:35:46 - [MESSAGE][INFO] - Login Success

2020-10-15 18:35:47 - [MESSAGE][PASSED] - Current window maximized

2020-10-15 18:35:47 - [MESSAGE][PASSED] - Object 'Object Repository/Page_/h1_Welcome to IT Supporting Tools' is present

2020-10-15 18:35:47 - [MESSAGE][PASSED] - Login Success for contract dispatcher

2020-10-15 18:35:47 - [TEST_STEP][PASSED] - Select Menu "SLIK Gateway Approval Non Customer": Select Menu "SLIK Gateway Approval Non Customer"

2020-10-15 18:35:48 - [MESSAGE][PASSED] - Taking screenshot successfully
[[ATTACHMENT|/Users/chaidir.pratama01/Documents/Docs/Katalon Studio/Screenshot/test-SLIK Gateway Approval Non Customer.png]]

2020-10-15 18:35:48 - [MESSAGE][PASSED] - Object '' is present

2020-10-15 18:35:49 - [MESSAGE][PASSED] - Object: '' is clicked on

2020-10-15 18:35:49 - [MESSAGE][PASSED] - Wait for page load successfully

2020-10-15 18:35:49 - [MESSAGE][PASSED] - Select Menu "SLIK Gateway Approval Non Customer"

2020-10-15 18:35:49 - [TEST_STEP][PASSED] - Verify Table Result Exist: Verify Table Result Exist

2020-10-15 18:35:49 - [MESSAGE][PASSED] - Object '' is present

2020-10-15 18:35:49 - [MESSAGE][PASSED] - Verify Table Result Exist

2020-10-15 18:35:49 - [TEST_STEP][PASSED] - Get Data From Table: Get Data From Table

2020-10-15 18:35:50 - [MESSAGE][PASSED] - Object '' is present

2020-10-15 18:35:50 - [MESSAGE][PASSED] - Text of object '' is: '1'

2020-10-15 18:35:51 - [MESSAGE][PASSED] - Text of object '' is: '8888888888888888'

2020-10-15 18:35:51 - [MESSAGE][PASSED] - Text of object '' is: 'OPEX TestingAuto'

2020-10-15 18:35:51 - [MESSAGE][PASSED] - Text of object '' is: 'View Document'

2020-10-15 18:35:51 - [MESSAGE][PASSED] - Text of object '' is: ''

2020-10-15 18:35:51 - [MESSAGE][PASSED] - Get Data From Table

2020-10-15 18:35:51 - [TEST_STEP][PASSED] - Click Checkbox Validate: Click Checkbox Validate

2020-10-15 18:35:52 - [MESSAGE][PASSED] - Text of object '' is: '8888888888888888'

2020-10-15 18:35:52 - [MESSAGE][PASSED] - Object: '' is clicked on

2020-10-15 18:35:52 - [MESSAGE][PASSED] - Click Checkbox Validate

2020-10-15 18:35:52 - [TEST_STEP][PASSED] - Click button "Reject": Click button "Reject"

2020-10-15 18:35:52 - [MESSAGE][INFO] - >>>>>//Button[contains(text(),'Reject')]

2020-10-15 18:35:56 - [MESSAGE][PASSED] - Object: '' is clicked on

2020-10-15 18:35:56 - [MESSAGE][PASSED] - Click button "Reject"

2020-10-15 18:35:56 - [TEST_STEP][PASSED] - Get text from pop up "Confirmation Submit Request" with text "Are you sure to Reject this data ?": Get text from pop up "Confirmation Submit Request" with text "Are you sure to Reject this data ?"

2020-10-15 18:35:57 - [MESSAGE][PASSED] - Taking screenshot successfully
[[ATTACHMENT|/Users/chaidir.pratama01/Documents/Docs/Katalon Studio/Screenshot/errorpopup.png]]

2020-10-15 18:35:57 - [MESSAGE][PASSED] - Object '' is present

2020-10-15 18:35:57 - [MESSAGE][PASSED] - Wait for page load successfully

2020-10-15 18:35:57 - [MESSAGE][PASSED] - Wait for page load successfully

2020-10-15 18:35:57 - [MESSAGE][PASSED] - Get text from pop up "Confirmation Submit Request" with text "Are you sure to Reject this data ?"

2020-10-15 18:35:57 - [TEST_STEP][PASSED] - Click button "Yes": Click button "Yes"

2020-10-15 18:35:57 - [MESSAGE][INFO] - >>>>>//Button[contains(text(),'Yes')]

2020-10-15 18:36:01 - [MESSAGE][PASSED] - Object: '' is clicked on

2020-10-15 18:36:01 - [MESSAGE][PASSED] - Click button "Yes"

2020-10-15 18:36:01 - [TEST_STEP][PASSED] - Get text from pop up "IT Supporting Tools" with text "1 data successfully rejected": Get text from pop up "IT Supporting Tools" with text "1 data successfully rejected"

2020-10-15 18:36:02 - [MESSAGE][PASSED] - Taking screenshot successfully
[[ATTACHMENT|/Users/chaidir.pratama01/Documents/Docs/Katalon Studio/Screenshot/errorpopup.png]]

2020-10-15 18:36:02 - [MESSAGE][PASSED] - Object '' is present

2020-10-15 18:36:02 - [MESSAGE][PASSED] - Wait for page load successfully

2020-10-15 18:36:02 - [MESSAGE][PASSED] - Wait for page load successfully

2020-10-15 18:36:02 - [MESSAGE][PASSED] - Get text from pop up "IT Supporting Tools" with text "1 data successfully rejected"

2020-10-15 18:36:02 - [TEST_STEP][PASSED] - Click button "OK": Click button "OK"

2020-10-15 18:36:02 - [MESSAGE][INFO] - >>>>>//Button[contains(text(),'OK')]

2020-10-15 18:36:06 - [MESSAGE][PASSED] - Object: '' is clicked on

2020-10-15 18:36:06 - [MESSAGE][PASSED] - Click button "OK"

2020-10-15 18:36:06 - [TEST_STEP][PASSED] - Close browser: Close browser

2020-10-15 18:36:06 - [MESSAGE][PASSED] - Browser is closed

2020-10-15 18:36:06 - [MESSAGE][PASSED] - Close browser

2020-10-15 18:36:06 - [MESSAGE][PASSED] - Feature file: 'Include/features/IST_Real/SLIK/SLIK Gateway Approval Non Customer/Reject_KTP_Number.feature' was passed]]></system-out>
         <system-err><![CDATA[]]></system-err>
      </testcase>
      <testcase name="Test Cases/IST_Real/SLIK/SLIK_Gateway_Non_Customer/SLIK Gateway Non Customer Search By Status NOT_APPROVED" time="16.429" classname="Test Cases/IST_Real/SLIK/SLIK_Gateway_Non_Customer/SLIK Gateway Non Customer Search By Status NOT_APPROVED" status="PASSED">
         <system-out><![CDATA[2020-10-15 18:36:06 - [TEST_CASE][PASSED] - Test Cases/IST_Real/SLIK/SLIK_Gateway_Non_Customer/SLIK Gateway Non Customer Search By Status NOT_APPROVED: Test Cases/IST_Real/SLIK/SLIK_Gateway_Non_Customer/SLIK Gateway Non Customer Search By Status NOT_APPROVED

2020-10-15 18:36:06 - [TEST_STEP][PASSED] - runFeatureFile("Include/features/IST_Real/SLIK/SLIK Gateway Non Customer/SLIK_Gateway_Non_Customer_Search_By_Status_NOT_APPROVED.feature"): Feature file: 'Include/features/IST_Real/SLIK/SLIK Gateway Non Customer/SLIK_Gateway_Non_Customer_Search_By_Status_NOT_APPROVED.feature' was passed

2020-10-15 18:36:06 - [MESSAGE][INFO] - Starting run keyword runFeatureFile: 'Include/features/IST_Real/SLIK/SLIK Gateway Non Customer/SLIK_Gateway_Non_Customer_Search_By_Status_NOT_APPROVED.feature' and extract report to folder: '/Users/chaidir.pratama01/Katalon Studio/IST_Automation_Git/Reports/20201015_182654/SLIK/TS_SLIK_Gateway_Non_Customer/20201015_182655/cucumber_report/1602761766196'...

2020-10-15 18:36:06 - [TEST_CASE][PASSED] - Start Test Case : SCENARIO Search Result by Status: SCENARIO Search Result by Status

2020-10-15 18:36:06 - [TEST_STEP][PASSED] - Go to ISTools: Go to ISTools

2020-10-15 18:36:06 - [MESSAGE][INFO] - Starting 'Chrome' driver

2020-10-15 18:36:06 - [MESSAGE][INFO] - User set preference: ['AcceptInsecureCerts', 'true']

2020-10-15 18:36:06 - [MESSAGE][INFO] - User set preference: ['args', '[ignore-certificate-errors]']

2020-10-15 18:36:06 - [MESSAGE][INFO] - Action delay is set to 0 milliseconds

2020-10-15 18:36:07 - [MESSAGE][PASSED] - Browser is opened with url: ''

2020-10-15 18:36:09 - [MESSAGE][PASSED] - Navigate to 'https://dev-istools.homecredit.id/foundation/' successfully

2020-10-15 18:36:09 - [MESSAGE][PASSED] - Go to ISTools

2020-10-15 18:36:09 - [TEST_STEP][PASSED] - Login IST with valid credentials: Login IST with valid credentials

2020-10-15 18:36:10 - [MESSAGE][PASSED] - Text 'mobile.test' is set on object 'Object Repository/Page_/input_Username_j_username'

2020-10-15 18:36:10 - [MESSAGE][PASSED] - Text ****** has been set on object 'Object Repository/Page_/input_Password_j_password'

2020-10-15 18:36:11 - [MESSAGE][PASSED] - Object: 'Object Repository/Page_/button_Login' is clicked on

2020-10-15 18:36:11 - [MESSAGE][PASSED] - Login IST with valid credentials

2020-10-15 18:36:11 - [TEST_STEP][PASSED] - Login Success for contract dispatcher: Login Success for contract dispatcher

2020-10-15 18:36:11 - [MESSAGE][INFO] - Login Success

2020-10-15 18:36:11 - [MESSAGE][PASSED] - Current window maximized

2020-10-15 18:36:12 - [MESSAGE][PASSED] - Object 'Object Repository/Page_/h1_Welcome to IT Supporting Tools' is present

2020-10-15 18:36:12 - [MESSAGE][PASSED] - Login Success for contract dispatcher

2020-10-15 18:36:12 - [TEST_STEP][PASSED] - Select Menu SLIK Gateway NonCustomer: Select Menu SLIK Gateway NonCustomer

2020-10-15 18:36:12 - [MESSAGE][PASSED] - Object '' is present

2020-10-15 18:36:12 - [MESSAGE][PASSED] - Object: '' is clicked on

2020-10-15 18:36:12 - [MESSAGE][PASSED] - Wait for page load successfully

2020-10-15 18:36:12 - [MESSAGE][PASSED] - Select Menu SLIK Gateway NonCustomer

2020-10-15 18:36:12 - [TEST_STEP][PASSED] - Select Status is "NOT_APPROVED": Select Status is "NOT_APPROVED"

2020-10-15 18:36:14 - [MESSAGE][PASSED] - All options with value 'NOT_APPROVED' are selected in object ''  using regular expression

2020-10-15 18:36:14 - [MESSAGE][PASSED] - Select Status is "NOT_APPROVED"

2020-10-15 18:36:14 - [TEST_STEP][PASSED] - Click button "Search": Click button "Search"

2020-10-15 18:36:14 - [MESSAGE][INFO] - >>>>>//Button[contains(text(),'Search')]

2020-10-15 18:36:17 - [MESSAGE][PASSED] - Object: '' is clicked on

2020-10-15 18:36:17 - [MESSAGE][PASSED] - Click button "Search"

2020-10-15 18:36:17 - [TEST_STEP][PASSED] - Verify Search Result Based on Result Status: Verify Search Result Based on Result Status

2020-10-15 18:36:18 - [MESSAGE][PASSED] - Scroll to object '' successfully

2020-10-15 18:36:18 - [MESSAGE][PASSED] - Actual text and expected text of test object '' are matched.

2020-10-15 18:36:18 - [MESSAGE][PASSED] - Text of object '' is: 'NOT_APPROVED -'

2020-10-15 18:36:19 - [MESSAGE][PASSED] - Text of object '' is: '8888888888888888'

2020-10-15 18:36:19 - [MESSAGE][PASSED] - Verify Search Result Based on Result Status

2020-10-15 18:36:19 - [TEST_STEP][PASSED] - Click button "Logout": Click button "Logout"

2020-10-15 18:36:19 - [MESSAGE][INFO] - >>>>>//Button[contains(text(),'Logout')]

2020-10-15 18:36:22 - [MESSAGE][PASSED] - Object: '' is clicked on

2020-10-15 18:36:22 - [MESSAGE][PASSED] - Click button "Logout"

2020-10-15 18:36:22 - [TEST_STEP][PASSED] - Close browser: Close browser

2020-10-15 18:36:22 - [MESSAGE][PASSED] - Browser is closed

2020-10-15 18:36:22 - [MESSAGE][PASSED] - Close browser

2020-10-15 18:36:22 - [MESSAGE][PASSED] - Feature file: 'Include/features/IST_Real/SLIK/SLIK Gateway Non Customer/SLIK_Gateway_Non_Customer_Search_By_Status_NOT_APPROVED.feature' was passed]]></system-out>
         <system-err><![CDATA[]]></system-err>
      </testcase>
      <testcase name="Test Cases/IST_Real/SLIK/SLIK_Gateway_Non_Customer/SLIK Gateway Non Customer Search By DateStart DateEnd" time="15.695" classname="Test Cases/IST_Real/SLIK/SLIK_Gateway_Non_Customer/SLIK Gateway Non Customer Search By DateStart DateEnd" status="PASSED">
         <system-out><![CDATA[2020-10-15 18:36:22 - [TEST_CASE][PASSED] - Test Cases/IST_Real/SLIK/SLIK_Gateway_Non_Customer/SLIK Gateway Non Customer Search By DateStart DateEnd: Test Cases/IST_Real/SLIK/SLIK_Gateway_Non_Customer/SLIK Gateway Non Customer Search By DateStart DateEnd

2020-10-15 18:36:22 - [TEST_STEP][PASSED] - runFeatureFile("Include/features/IST_Real/SLIK/SLIK Gateway Non Customer/SLIK_Gateway_Non_Customer_Search_By_DateStart_DateEnd.feature"): Feature file: 'Include/features/IST_Real/SLIK/SLIK Gateway Non Customer/SLIK_Gateway_Non_Customer_Search_By_DateStart_DateEnd.feature' was passed

2020-10-15 18:36:22 - [MESSAGE][INFO] - Starting run keyword runFeatureFile: 'Include/features/IST_Real/SLIK/SLIK Gateway Non Customer/SLIK_Gateway_Non_Customer_Search_By_DateStart_DateEnd.feature' and extract report to folder: '/Users/chaidir.pratama01/Katalon Studio/IST_Automation_Git/Reports/20201015_182654/SLIK/TS_SLIK_Gateway_Non_Customer/20201015_182655/cucumber_report/1602761782624'...

2020-10-15 18:36:22 - [TEST_CASE][PASSED] - Start Test Case : SCENARIO Search Result by Date Start and Date End: SCENARIO Search Result by Date Start and Date End

2020-10-15 18:36:22 - [TEST_STEP][PASSED] - Go to ISTools: Go to ISTools

2020-10-15 18:36:22 - [MESSAGE][INFO] - Starting 'Chrome' driver

2020-10-15 18:36:22 - [MESSAGE][INFO] - User set preference: ['AcceptInsecureCerts', 'true']

2020-10-15 18:36:22 - [MESSAGE][INFO] - User set preference: ['args', '[ignore-certificate-errors]']

2020-10-15 18:36:22 - [MESSAGE][INFO] - Action delay is set to 0 milliseconds

2020-10-15 18:36:23 - [MESSAGE][PASSED] - Browser is opened with url: ''

2020-10-15 18:36:24 - [MESSAGE][PASSED] - Navigate to 'https://dev-istools.homecredit.id/foundation/' successfully

2020-10-15 18:36:24 - [MESSAGE][PASSED] - Go to ISTools

2020-10-15 18:36:24 - [TEST_STEP][PASSED] - Login IST with valid credentials: Login IST with valid credentials

2020-10-15 18:36:25 - [MESSAGE][PASSED] - Text 'mobile.test' is set on object 'Object Repository/Page_/input_Username_j_username'

2020-10-15 18:36:25 - [MESSAGE][PASSED] - Text ****** has been set on object 'Object Repository/Page_/input_Password_j_password'

2020-10-15 18:36:26 - [MESSAGE][PASSED] - Object: 'Object Repository/Page_/button_Login' is clicked on

2020-10-15 18:36:26 - [MESSAGE][PASSED] - Login IST with valid credentials

2020-10-15 18:36:26 - [TEST_STEP][PASSED] - Login Success for contract dispatcher: Login Success for contract dispatcher

2020-10-15 18:36:26 - [MESSAGE][INFO] - Login Success

2020-10-15 18:36:26 - [MESSAGE][PASSED] - Current window maximized

2020-10-15 18:36:26 - [MESSAGE][PASSED] - Object 'Object Repository/Page_/h1_Welcome to IT Supporting Tools' is present

2020-10-15 18:36:26 - [MESSAGE][PASSED] - Login Success for contract dispatcher

2020-10-15 18:36:26 - [TEST_STEP][PASSED] - Select Menu SLIK Gateway NonCustomer: Select Menu SLIK Gateway NonCustomer

2020-10-15 18:36:26 - [MESSAGE][PASSED] - Object '' is present

2020-10-15 18:36:27 - [MESSAGE][PASSED] - Object: '' is clicked on

2020-10-15 18:36:27 - [MESSAGE][PASSED] - Wait for page load successfully

2020-10-15 18:36:27 - [MESSAGE][PASSED] - Select Menu SLIK Gateway NonCustomer

2020-10-15 18:36:27 - [TEST_STEP][PASSED] - Set Start Date with value "01-10-2020" and End Date with value "24-10-2020": Set Start Date with value "01-10-2020" and End Date with value "24-10-2020"

2020-10-15 18:36:27 - [MESSAGE][PASSED] - Scroll to object '' successfully

2020-10-15 18:36:28 - [MESSAGE][PASSED] - Object '' is present

2020-10-15 18:36:28 - [MESSAGE][PASSED] - Text '01-10-2020' is set on object ''

2020-10-15 18:36:29 - [MESSAGE][PASSED] - Object '' is present

2020-10-15 18:36:29 - [MESSAGE][PASSED] - Text '24-10-2020' is set on object ''

2020-10-15 18:36:29 - [MESSAGE][PASSED] - Set Start Date with value "01-10-2020" and End Date with value "24-10-2020"

2020-10-15 18:36:29 - [TEST_STEP][PASSED] - Click button "Search": Click button "Search"

2020-10-15 18:36:29 - [MESSAGE][INFO] - >>>>>//Button[contains(text(),'Search')]

2020-10-15 18:36:32 - [MESSAGE][PASSED] - Object: '' is clicked on

2020-10-15 18:36:32 - [MESSAGE][PASSED] - Click button "Search"

2020-10-15 18:36:32 - [TEST_STEP][PASSED] - Verify Search Result Based on Created Date: Verify Search Result Based on Created Date

2020-10-15 18:36:33 - [MESSAGE][PASSED] - Object '' is present

2020-10-15 18:36:33 - [MESSAGE][PASSED] - Text of object '' is: '15 October 2020 17:30:00'

2020-10-15 18:36:33 - [MESSAGE][PASSED] - Verify Search Result Based on Created Date

2020-10-15 18:36:33 - [TEST_STEP][PASSED] - Verify Search Result Based on Result Status: Verify Search Result Based on Result Status

2020-10-15 18:36:34 - [MESSAGE][PASSED] - Scroll to object '' successfully

2020-10-15 18:36:34 - [MESSAGE][PASSED] - Text of object '' is: 'APPROVED -'

2020-10-15 18:36:34 - [MESSAGE][PASSED] - Text of object '' is: '8888888888888888'

2020-10-15 18:36:34 - [MESSAGE][PASSED] - Verify Search Result Based on Result Status

2020-10-15 18:36:34 - [TEST_STEP][PASSED] - Click button "Logout": Click button "Logout"

2020-10-15 18:36:34 - [MESSAGE][INFO] - >>>>>//Button[contains(text(),'Logout')]

2020-10-15 18:36:38 - [MESSAGE][PASSED] - Object: '' is clicked on

2020-10-15 18:36:38 - [MESSAGE][PASSED] - Click button "Logout"

2020-10-15 18:36:38 - [TEST_STEP][PASSED] - Close browser: Close browser

2020-10-15 18:36:38 - [MESSAGE][PASSED] - Browser is closed

2020-10-15 18:36:38 - [MESSAGE][PASSED] - Close browser

2020-10-15 18:36:38 - [MESSAGE][PASSED] - Feature file: 'Include/features/IST_Real/SLIK/SLIK Gateway Non Customer/SLIK_Gateway_Non_Customer_Search_By_DateStart_DateEnd.feature' was passed]]></system-out>
         <system-err><![CDATA[]]></system-err>
      </testcase>
      <testcase name="Test Cases/IST_Real/SLIK/SLIK_Gateway_Non_Customer/SLIK Gateway Non Customer Search By DateStart ONLY" time="19.572" classname="Test Cases/IST_Real/SLIK/SLIK_Gateway_Non_Customer/SLIK Gateway Non Customer Search By DateStart ONLY" status="PASSED">
         <system-out><![CDATA[2020-10-15 18:36:38 - [TEST_CASE][PASSED] - Test Cases/IST_Real/SLIK/SLIK_Gateway_Non_Customer/SLIK Gateway Non Customer Search By DateStart ONLY: Test Cases/IST_Real/SLIK/SLIK_Gateway_Non_Customer/SLIK Gateway Non Customer Search By DateStart ONLY

2020-10-15 18:36:38 - [TEST_STEP][PASSED] - runFeatureFile("Include/features/IST_Real/SLIK/SLIK Gateway Non Customer/SLIK_Gateway_Non_Customer_Search_By_DateStart_ONLY.feature"): Feature file: 'Include/features/IST_Real/SLIK/SLIK Gateway Non Customer/SLIK_Gateway_Non_Customer_Search_By_DateStart_ONLY.feature' was passed

2020-10-15 18:36:38 - [MESSAGE][INFO] - Starting run keyword runFeatureFile: 'Include/features/IST_Real/SLIK/SLIK Gateway Non Customer/SLIK_Gateway_Non_Customer_Search_By_DateStart_ONLY.feature' and extract report to folder: '/Users/chaidir.pratama01/Katalon Studio/IST_Automation_Git/Reports/20201015_182654/SLIK/TS_SLIK_Gateway_Non_Customer/20201015_182655/cucumber_report/1602761798322'...

2020-10-15 18:36:38 - [TEST_CASE][PASSED] - Start Test Case : SCENARIO Search Result by Date Start ONLY: SCENARIO Search Result by Date Start ONLY

2020-10-15 18:36:38 - [TEST_STEP][PASSED] - Go to ISTools: Go to ISTools

2020-10-15 18:36:38 - [MESSAGE][INFO] - Starting 'Chrome' driver

2020-10-15 18:36:38 - [MESSAGE][INFO] - User set preference: ['AcceptInsecureCerts', 'true']

2020-10-15 18:36:38 - [MESSAGE][INFO] - User set preference: ['args', '[ignore-certificate-errors]']

2020-10-15 18:36:38 - [MESSAGE][INFO] - Action delay is set to 0 milliseconds

2020-10-15 18:36:39 - [MESSAGE][PASSED] - Browser is opened with url: ''

2020-10-15 18:36:40 - [MESSAGE][PASSED] - Navigate to 'https://dev-istools.homecredit.id/foundation/' successfully

2020-10-15 18:36:40 - [MESSAGE][PASSED] - Go to ISTools

2020-10-15 18:36:40 - [TEST_STEP][PASSED] - Login IST with valid credentials: Login IST with valid credentials

2020-10-15 18:36:41 - [MESSAGE][PASSED] - Text 'mobile.test' is set on object 'Object Repository/Page_/input_Username_j_username'

2020-10-15 18:36:41 - [MESSAGE][PASSED] - Text ****** has been set on object 'Object Repository/Page_/input_Password_j_password'

2020-10-15 18:36:42 - [MESSAGE][PASSED] - Object: 'Object Repository/Page_/button_Login' is clicked on

2020-10-15 18:36:42 - [MESSAGE][PASSED] - Login IST with valid credentials

2020-10-15 18:36:42 - [TEST_STEP][PASSED] - Login Success for contract dispatcher: Login Success for contract dispatcher

2020-10-15 18:36:42 - [MESSAGE][INFO] - Login Success

2020-10-15 18:36:42 - [MESSAGE][PASSED] - Current window maximized

2020-10-15 18:36:42 - [MESSAGE][PASSED] - Object 'Object Repository/Page_/h1_Welcome to IT Supporting Tools' is present

2020-10-15 18:36:42 - [MESSAGE][PASSED] - Login Success for contract dispatcher

2020-10-15 18:36:42 - [TEST_STEP][PASSED] - Select Menu SLIK Gateway NonCustomer: Select Menu SLIK Gateway NonCustomer

2020-10-15 18:36:42 - [MESSAGE][PASSED] - Object '' is present

2020-10-15 18:36:43 - [MESSAGE][PASSED] - Object: '' is clicked on

2020-10-15 18:36:43 - [MESSAGE][PASSED] - Wait for page load successfully

2020-10-15 18:36:43 - [MESSAGE][PASSED] - Select Menu SLIK Gateway NonCustomer

2020-10-15 18:36:43 - [TEST_STEP][PASSED] - Set Start Date with value "01-10-2020" and End Date with value "": Set Start Date with value "01-10-2020" and End Date with value ""

2020-10-15 18:36:43 - [MESSAGE][PASSED] - Scroll to object '' successfully

2020-10-15 18:36:44 - [MESSAGE][PASSED] - Object '' is present

2020-10-15 18:36:44 - [MESSAGE][PASSED] - Text '01-10-2020' is set on object ''

2020-10-15 18:36:44 - [MESSAGE][PASSED] - Object '' is present

2020-10-15 18:36:45 - [MESSAGE][PASSED] - Text '' is set on object ''

2020-10-15 18:36:45 - [MESSAGE][PASSED] - Set Start Date with value "01-10-2020" and End Date with value ""

2020-10-15 18:36:45 - [TEST_STEP][PASSED] - Click button "Search": Click button "Search"

2020-10-15 18:36:45 - [MESSAGE][INFO] - >>>>>//Button[contains(text(),'Search')]

2020-10-15 18:36:48 - [MESSAGE][PASSED] - Object: '' is clicked on

2020-10-15 18:36:48 - [MESSAGE][PASSED] - Click button "Search"

2020-10-15 18:36:48 - [TEST_STEP][PASSED] - Get text from pop up "Error Message" with text "Error : End Date is mandatory !": Get text from pop up "Error Message" with text "Error : End Date is mandatory !"

2020-10-15 18:36:49 - [MESSAGE][PASSED] - Taking screenshot successfully
[[ATTACHMENT|/Users/chaidir.pratama01/Documents/Docs/Katalon Studio/Screenshot/errorpopup.png]]

2020-10-15 18:36:50 - [MESSAGE][PASSED] - Object '' is present

2020-10-15 18:36:50 - [MESSAGE][PASSED] - Wait for page load successfully

2020-10-15 18:36:50 - [MESSAGE][PASSED] - Wait for page load successfully

2020-10-15 18:36:50 - [MESSAGE][PASSED] - Get text from pop up "Error Message" with text "Error : End Date is mandatory !"

2020-10-15 18:36:50 - [TEST_STEP][PASSED] - Click button "OK": Click button "OK"

2020-10-15 18:36:50 - [MESSAGE][INFO] - >>>>>//Button[contains(text(),'OK')]

2020-10-15 18:36:53 - [MESSAGE][PASSED] - Object: '' is clicked on

2020-10-15 18:36:53 - [MESSAGE][PASSED] - Click button "OK"

2020-10-15 18:36:53 - [TEST_STEP][PASSED] - Get Error Notification "Error : End Date is mandatory !": Get Error Notification "Error : End Date is mandatory !"

2020-10-15 18:36:54 - [MESSAGE][PASSED] - Object '' is present

2020-10-15 18:36:54 - [MESSAGE][PASSED] - Get Error Notification "Error : End Date is mandatory !"

2020-10-15 18:36:54 - [TEST_STEP][PASSED] - Click button "Logout": Click button "Logout"

2020-10-15 18:36:54 - [MESSAGE][INFO] - >>>>>//Button[contains(text(),'Logout')]

2020-10-15 18:36:57 - [MESSAGE][PASSED] - Object: '' is clicked on

2020-10-15 18:36:57 - [MESSAGE][PASSED] - Click button "Logout"

2020-10-15 18:36:57 - [TEST_STEP][PASSED] - Close browser: Close browser

2020-10-15 18:36:57 - [MESSAGE][PASSED] - Browser is closed

2020-10-15 18:36:57 - [MESSAGE][PASSED] - Close browser

2020-10-15 18:36:57 - [MESSAGE][PASSED] - Feature file: 'Include/features/IST_Real/SLIK/SLIK Gateway Non Customer/SLIK_Gateway_Non_Customer_Search_By_DateStart_ONLY.feature' was passed]]></system-out>
         <system-err><![CDATA[]]></system-err>
      </testcase>
      <testcase name="Test Cases/IST_Real/SLIK/SLIK_Gateway_Non_Customer/SLIK Gateway Non Customer Search by DateEnd ONLY" time="21.673" classname="Test Cases/IST_Real/SLIK/SLIK_Gateway_Non_Customer/SLIK Gateway Non Customer Search by DateEnd ONLY" status="PASSED">
         <system-out><![CDATA[2020-10-15 18:36:57 - [TEST_CASE][PASSED] - Test Cases/IST_Real/SLIK/SLIK_Gateway_Non_Customer/SLIK Gateway Non Customer Search by DateEnd ONLY: Test Cases/IST_Real/SLIK/SLIK_Gateway_Non_Customer/SLIK Gateway Non Customer Search by DateEnd ONLY

2020-10-15 18:36:57 - [TEST_STEP][PASSED] - runFeatureFile("Include/features/IST_Real/SLIK/SLIK Gateway Non Customer/SLIK_Gateway_Non_Customer_Search_By_DateEnd_ONLY.feature"): Feature file: 'Include/features/IST_Real/SLIK/SLIK Gateway Non Customer/SLIK_Gateway_Non_Customer_Search_By_DateEnd_ONLY.feature' was passed

2020-10-15 18:36:57 - [MESSAGE][INFO] - Starting run keyword runFeatureFile: 'Include/features/IST_Real/SLIK/SLIK Gateway Non Customer/SLIK_Gateway_Non_Customer_Search_By_DateEnd_ONLY.feature' and extract report to folder: '/Users/chaidir.pratama01/Katalon Studio/IST_Automation_Git/Reports/20201015_182654/SLIK/TS_SLIK_Gateway_Non_Customer/20201015_182655/cucumber_report/1602761817902'...

2020-10-15 18:36:58 - [TEST_CASE][PASSED] - Start Test Case : SCENARIO Search Result by Date End ONLY: SCENARIO Search Result by Date End ONLY

2020-10-15 18:36:58 - [TEST_STEP][PASSED] - Go to ISTools: Go to ISTools

2020-10-15 18:36:58 - [MESSAGE][INFO] - Starting 'Chrome' driver

2020-10-15 18:36:58 - [MESSAGE][INFO] - User set preference: ['AcceptInsecureCerts', 'true']

2020-10-15 18:36:58 - [MESSAGE][INFO] - User set preference: ['args', '[ignore-certificate-errors]']

2020-10-15 18:36:58 - [MESSAGE][INFO] - Action delay is set to 0 milliseconds

2020-10-15 18:36:59 - [MESSAGE][PASSED] - Browser is opened with url: ''

2020-10-15 18:37:00 - [MESSAGE][PASSED] - Navigate to 'https://dev-istools.homecredit.id/foundation/' successfully

2020-10-15 18:37:00 - [MESSAGE][PASSED] - Go to ISTools

2020-10-15 18:37:00 - [TEST_STEP][PASSED] - Login IST with valid credentials: Login IST with valid credentials

2020-10-15 18:37:00 - [MESSAGE][PASSED] - Text 'mobile.test' is set on object 'Object Repository/Page_/input_Username_j_username'

2020-10-15 18:37:01 - [MESSAGE][PASSED] - Text ****** has been set on object 'Object Repository/Page_/input_Password_j_password'

2020-10-15 18:37:02 - [MESSAGE][PASSED] - Object: 'Object Repository/Page_/button_Login' is clicked on

2020-10-15 18:37:02 - [MESSAGE][PASSED] - Login IST with valid credentials

2020-10-15 18:37:02 - [TEST_STEP][PASSED] - Login Success for contract dispatcher: Login Success for contract dispatcher

2020-10-15 18:37:02 - [MESSAGE][INFO] - Login Success

2020-10-15 18:37:02 - [MESSAGE][PASSED] - Current window maximized

2020-10-15 18:37:02 - [MESSAGE][PASSED] - Object 'Object Repository/Page_/h1_Welcome to IT Supporting Tools' is present

2020-10-15 18:37:02 - [MESSAGE][PASSED] - Login Success for contract dispatcher

2020-10-15 18:37:02 - [TEST_STEP][PASSED] - Select Menu SLIK Gateway NonCustomer: Select Menu SLIK Gateway NonCustomer

2020-10-15 18:37:02 - [MESSAGE][PASSED] - Object '' is present

2020-10-15 18:37:03 - [MESSAGE][PASSED] - Object: '' is clicked on

2020-10-15 18:37:03 - [MESSAGE][PASSED] - Wait for page load successfully

2020-10-15 18:37:03 - [MESSAGE][PASSED] - Select Menu SLIK Gateway NonCustomer

2020-10-15 18:37:03 - [TEST_STEP][PASSED] - Set Start Date with value "" and End Date with value "24-10-2020": Set Start Date with value "" and End Date with value "24-10-2020"

2020-10-15 18:37:04 - [MESSAGE][PASSED] - Scroll to object '' successfully

2020-10-15 18:37:05 - [MESSAGE][PASSED] - Object '' is present

2020-10-15 18:37:05 - [MESSAGE][PASSED] - Text '' is set on object ''

2020-10-15 18:37:05 - [MESSAGE][PASSED] - Object '' is present

2020-10-15 18:37:06 - [MESSAGE][PASSED] - Text '24-10-2020' is set on object ''

2020-10-15 18:37:06 - [MESSAGE][PASSED] - Set Start Date with value "" and End Date with value "24-10-2020"

2020-10-15 18:37:06 - [TEST_STEP][PASSED] - Click button "Search": Click button "Search"

2020-10-15 18:37:06 - [MESSAGE][INFO] - >>>>>//Button[contains(text(),'Search')]

2020-10-15 18:37:10 - [MESSAGE][PASSED] - Object: '' is clicked on

2020-10-15 18:37:10 - [MESSAGE][PASSED] - Click button "Search"

2020-10-15 18:37:10 - [TEST_STEP][PASSED] - Get text from pop up "Error Message" with text "Error : Start Date is mandatory !": Get text from pop up "Error Message" with text "Error : Start Date is mandatory !"

2020-10-15 18:37:11 - [MESSAGE][PASSED] - Taking screenshot successfully
[[ATTACHMENT|/Users/chaidir.pratama01/Documents/Docs/Katalon Studio/Screenshot/errorpopup.png]]

2020-10-15 18:37:11 - [MESSAGE][PASSED] - Object '' is present

2020-10-15 18:37:11 - [MESSAGE][PASSED] - Wait for page load successfully

2020-10-15 18:37:11 - [MESSAGE][PASSED] - Wait for page load successfully

2020-10-15 18:37:11 - [MESSAGE][PASSED] - Get text from pop up "Error Message" with text "Error : Start Date is mandatory !"

2020-10-15 18:37:11 - [TEST_STEP][PASSED] - Click button "OK": Click button "OK"

2020-10-15 18:37:11 - [MESSAGE][INFO] - >>>>>//Button[contains(text(),'OK')]

2020-10-15 18:37:15 - [MESSAGE][PASSED] - Object: '' is clicked on

2020-10-15 18:37:15 - [MESSAGE][PASSED] - Click button "OK"

2020-10-15 18:37:15 - [TEST_STEP][PASSED] - Get Error Notification "Error : Start Date is mandatory !": Get Error Notification "Error : Start Date is mandatory !"

2020-10-15 18:37:15 - [MESSAGE][PASSED] - Object '' is present

2020-10-15 18:37:15 - [MESSAGE][PASSED] - Get Error Notification "Error : Start Date is mandatory !"

2020-10-15 18:37:15 - [TEST_STEP][PASSED] - Click button "Logout": Click button "Logout"

2020-10-15 18:37:15 - [MESSAGE][INFO] - >>>>>//Button[contains(text(),'Logout')]

2020-10-15 18:37:19 - [MESSAGE][PASSED] - Object: '' is clicked on

2020-10-15 18:37:19 - [MESSAGE][PASSED] - Click button "Logout"

2020-10-15 18:37:19 - [TEST_STEP][PASSED] - Close browser: Close browser

2020-10-15 18:37:19 - [MESSAGE][PASSED] - Browser is closed

2020-10-15 18:37:19 - [MESSAGE][PASSED] - Close browser

2020-10-15 18:37:19 - [MESSAGE][PASSED] - Feature file: 'Include/features/IST_Real/SLIK/SLIK Gateway Non Customer/SLIK_Gateway_Non_Customer_Search_By_DateEnd_ONLY.feature' was passed]]></system-out>
         <system-err><![CDATA[]]></system-err>
      </testcase>
      <testcase name="Test Cases/IST_Real/SLIK/SLIK_Gateway_Non_Customer/SLIK Gateway Non Customer Checking" time="72.126" classname="Test Cases/IST_Real/SLIK/SLIK_Gateway_Non_Customer/SLIK Gateway Non Customer Checking" status="PASSED">
         <system-out><![CDATA[2020-10-15 18:37:19 - [TEST_CASE][PASSED] - Test Cases/IST_Real/SLIK/SLIK_Gateway_Non_Customer/SLIK Gateway Non Customer Checking: Test Cases/IST_Real/SLIK/SLIK_Gateway_Non_Customer/SLIK Gateway Non Customer Checking

2020-10-15 18:37:19 - [TEST_STEP][PASSED] - runFeatureFile("Include/features/IST_Real/SLIK/SLIK Gateway Non Customer/SLIK Gateway Non Customer Checking.feature"): Feature file: 'Include/features/IST_Real/SLIK/SLIK Gateway Non Customer/SLIK Gateway Non Customer Checking.feature' was passed

2020-10-15 18:37:19 - [MESSAGE][INFO] - Starting run keyword runFeatureFile: 'Include/features/IST_Real/SLIK/SLIK Gateway Non Customer/SLIK Gateway Non Customer Checking.feature' and extract report to folder: '/Users/chaidir.pratama01/Katalon Studio/IST_Automation_Git/Reports/20201015_182654/SLIK/TS_SLIK_Gateway_Non_Customer/20201015_182655/cucumber_report/1602761839492'...

2020-10-15 18:37:19 - [TEST_CASE][PASSED] - Start Test Case : SCENARIO SLIK Gateway Non Customer Checking: SCENARIO SLIK Gateway Non Customer Checking

2020-10-15 18:37:19 - [TEST_STEP][PASSED] - Go to ISTools: Go to ISTools

2020-10-15 18:37:19 - [MESSAGE][INFO] - Starting 'Chrome' driver

2020-10-15 18:37:19 - [MESSAGE][INFO] - User set preference: ['AcceptInsecureCerts', 'true']

2020-10-15 18:37:19 - [MESSAGE][INFO] - User set preference: ['args', '[ignore-certificate-errors]']

2020-10-15 18:37:19 - [MESSAGE][INFO] - Action delay is set to 0 milliseconds

2020-10-15 18:37:20 - [MESSAGE][PASSED] - Browser is opened with url: ''

2020-10-15 18:37:21 - [MESSAGE][PASSED] - Navigate to 'https://dev-istools.homecredit.id/foundation/' successfully

2020-10-15 18:37:21 - [MESSAGE][PASSED] - Go to ISTools

2020-10-15 18:37:21 - [TEST_STEP][PASSED] - Login IST with valid credentials: Login IST with valid credentials

2020-10-15 18:37:22 - [MESSAGE][PASSED] - Text 'mobile.test' is set on object 'Object Repository/Page_/input_Username_j_username'

2020-10-15 18:37:22 - [MESSAGE][PASSED] - Text ****** has been set on object 'Object Repository/Page_/input_Password_j_password'

2020-10-15 18:37:23 - [MESSAGE][PASSED] - Object: 'Object Repository/Page_/button_Login' is clicked on

2020-10-15 18:37:23 - [MESSAGE][PASSED] - Login IST with valid credentials

2020-10-15 18:37:23 - [TEST_STEP][PASSED] - Login Success for contract dispatcher: Login Success for contract dispatcher

2020-10-15 18:37:23 - [MESSAGE][INFO] - Login Success

2020-10-15 18:37:23 - [MESSAGE][PASSED] - Current window maximized

2020-10-15 18:37:23 - [MESSAGE][PASSED] - Object 'Object Repository/Page_/h1_Welcome to IT Supporting Tools' is present

2020-10-15 18:37:23 - [MESSAGE][PASSED] - Login Success for contract dispatcher

2020-10-15 18:37:23 - [TEST_STEP][PASSED] - Select Menu SLIK Gateway NonCustomer: Select Menu SLIK Gateway NonCustomer

2020-10-15 18:37:23 - [MESSAGE][PASSED] - Object '' is present

2020-10-15 18:37:24 - [MESSAGE][PASSED] - Object: '' is clicked on

2020-10-15 18:37:24 - [MESSAGE][PASSED] - Wait for page load successfully

2020-10-15 18:37:24 - [MESSAGE][PASSED] - Select Menu SLIK Gateway NonCustomer

2020-10-15 18:37:24 - [TEST_STEP][PASSED] - Input Data KTP Number: Input Data KTP Number

2020-10-15 18:37:25 - [MESSAGE][PASSED] - Text '8888888888888888' is set on object ''

2020-10-15 18:37:25 - [MESSAGE][PASSED] - Input Data KTP Number

2020-10-15 18:37:25 - [TEST_STEP][PASSED] - Input Data "Name *" with value "OPEX TestingAuto" for Check SLIK: Input Data "Name *" with value "OPEX TestingAuto" for Check SLIK

2020-10-15 18:37:25 - [MESSAGE][PASSED] - Taking screenshot successfully
[[ATTACHMENT|/Users/chaidir.pratama01/Documents/Docs/Katalon Studio/Screenshot/slik.png]]

2020-10-15 18:37:26 - [MESSAGE][PASSED] - Object '' is visible

2020-10-15 18:37:26 - [MESSAGE][PASSED] - Object: '' is focused

2020-10-15 18:37:26 - [MESSAGE][PASSED] - Text 'OPEX TestingAuto' is set on object ''

2020-10-15 18:37:26 - [MESSAGE][PASSED] - Input Data "Name *" with value "OPEX TestingAuto" for Check SLIK

2020-10-15 18:37:26 - [TEST_STEP][PASSED] - Input Date of Birth "20-02-1990": Input Date of Birth "20-02-1990"

2020-10-15 18:37:27 - [MESSAGE][PASSED] - Text '20-02-1990' is set on object ''

2020-10-15 18:37:30 - [MESSAGE][PASSED] - Delayed 3 second(s)

2020-10-15 18:37:30 - [MESSAGE][PASSED] - Input Date of Birth "20-02-1990"

2020-10-15 18:37:30 - [TEST_STEP][PASSED] - Select Gender "Laki-laki": Select Gender "Laki-laki"

2020-10-15 18:37:30 - [MESSAGE][PASSED] - Object: '' is clicked on

2020-10-15 18:37:30 - [MESSAGE][PASSED] - Select Gender "Laki-laki"

2020-10-15 18:37:30 - [TEST_STEP][PASSED] - Select Purpose is "Penilaian Calon Kemitraan": Select Purpose is "Penilaian Calon Kemitraan"

2020-10-15 18:37:32 - [MESSAGE][PASSED] - All options with value 'Penilaian Calon Kemitraan' are selected in object ''  using regular expression

2020-10-15 18:37:32 - [MESSAGE][PASSED] - Select Purpose is "Penilaian Calon Kemitraan"

2020-10-15 18:37:32 - [TEST_STEP][PASSED] - Input Data "Place of Birth" with value "Jakarta" for Check SLIK: Input Data "Place of Birth" with value "Jakarta" for Check SLIK

2020-10-15 18:37:32 - [MESSAGE][PASSED] - Taking screenshot successfully
[[ATTACHMENT|/Users/chaidir.pratama01/Documents/Docs/Katalon Studio/Screenshot/slik.png]]

2020-10-15 18:37:33 - [MESSAGE][PASSED] - Object '' is visible

2020-10-15 18:37:33 - [MESSAGE][PASSED] - Object: '' is focused

2020-10-15 18:37:34 - [MESSAGE][PASSED] - Text 'Jakarta' is set on object ''

2020-10-15 18:37:34 - [MESSAGE][PASSED] - Input Data "Place of Birth" with value "Jakarta" for Check SLIK

2020-10-15 18:37:34 - [TEST_STEP][PASSED] - Input Data "Mother Maternity Name" with value "Tester Auto" for Check SLIK: Input Data "Mother Maternity Name" with value "Tester Auto" for Check SLIK

2020-10-15 18:37:34 - [MESSAGE][PASSED] - Taking screenshot successfully
[[ATTACHMENT|/Users/chaidir.pratama01/Documents/Docs/Katalon Studio/Screenshot/slik.png]]

2020-10-15 18:37:35 - [MESSAGE][PASSED] - Object '' is visible

2020-10-15 18:37:35 - [MESSAGE][PASSED] - Object: '' is focused

2020-10-15 18:37:36 - [MESSAGE][PASSED] - Text 'Tester Auto' is set on object ''

2020-10-15 18:37:36 - [MESSAGE][PASSED] - Input Data "Mother Maternity Name" with value "Tester Auto" for Check SLIK

2020-10-15 18:37:36 - [TEST_STEP][PASSED] - Input KTP Address "TESTING AUTO JAKARTA": Input KTP Address "TESTING AUTO JAKARTA"

2020-10-15 18:37:36 - [MESSAGE][PASSED] - Text 'TESTING AUTO JAKARTA' is set on object ''

2020-10-15 18:37:36 - [MESSAGE][PASSED] - Input KTP Address "TESTING AUTO JAKARTA"

2020-10-15 18:37:36 - [TEST_STEP][PASSED] - Click button "Upload": Click button "Upload"

2020-10-15 18:37:36 - [MESSAGE][INFO] - >>>>>//Button[contains(text(),'Upload')]

2020-10-15 18:37:40 - [MESSAGE][PASSED] - Object: '' is clicked on

2020-10-15 18:37:40 - [MESSAGE][PASSED] - Click button "Upload"

2020-10-15 18:37:40 - [TEST_STEP][PASSED] - Upload file "new_captcha1500.png": Upload file "new_captcha1500.png"

2020-10-15 18:37:41 - [MESSAGE][PASSED] - Switched to window with index: '0'

2020-10-15 18:37:55 - [MESSAGE][PASSED] - Upload file "new_captcha1500.png"

2020-10-15 18:37:55 - [TEST_STEP][PASSED] - Click button "Check SLIK": Click button "Check SLIK"

2020-10-15 18:37:55 - [MESSAGE][INFO] - >>>>>//Button[contains(text(),'Check SLIK')]

2020-10-15 18:37:59 - [MESSAGE][PASSED] - Object: '' is clicked on

2020-10-15 18:37:59 - [MESSAGE][PASSED] - Click button "Check SLIK"

2020-10-15 18:37:59 - [TEST_STEP][PASSED] - Get text from pop up "Confirmation Submit Request" with text "Are you sure to submit this data ?": Get text from pop up "Confirmation Submit Request" with text "Are you sure to submit this data ?"

2020-10-15 18:38:00 - [MESSAGE][PASSED] - Taking screenshot successfully
[[ATTACHMENT|/Users/chaidir.pratama01/Documents/Docs/Katalon Studio/Screenshot/errorpopup.png]]

2020-10-15 18:38:00 - [MESSAGE][PASSED] - Object '' is present

2020-10-15 18:38:00 - [MESSAGE][PASSED] - Wait for page load successfully

2020-10-15 18:38:00 - [MESSAGE][PASSED] - Wait for page load successfully

2020-10-15 18:38:00 - [MESSAGE][PASSED] - Get text from pop up "Confirmation Submit Request" with text "Are you sure to submit this data ?"

2020-10-15 18:38:00 - [TEST_STEP][PASSED] - Click button "Yes": Click button "Yes"

2020-10-15 18:38:00 - [MESSAGE][INFO] - >>>>>//Button[contains(text(),'Yes')]

2020-10-15 18:38:04 - [MESSAGE][PASSED] - Object: '' is clicked on

2020-10-15 18:38:04 - [MESSAGE][PASSED] - Click button "Yes"

2020-10-15 18:38:04 - [TEST_STEP][PASSED] - Verify KTP Number Request Success: Verify KTP Number Request Success

2020-10-15 18:38:24 - [MESSAGE][PASSED] - Object '' is present

2020-10-15 18:38:24 - [MESSAGE][PASSED] - Verify KTP Number Request Success

2020-10-15 18:38:24 - [TEST_STEP][PASSED] - Click button "OK": Click button "OK"

2020-10-15 18:38:24 - [MESSAGE][INFO] - >>>>>//Button[contains(text(),'OK')]

2020-10-15 18:38:27 - [MESSAGE][PASSED] - Object: '' is clicked on

2020-10-15 18:38:27 - [MESSAGE][PASSED] - Click button "OK"

2020-10-15 18:38:27 - [TEST_STEP][PASSED] - Click button "Logout": Click button "Logout"

2020-10-15 18:38:27 - [MESSAGE][INFO] - >>>>>//Button[contains(text(),'Logout')]

2020-10-15 18:38:31 - [MESSAGE][PASSED] - Object: '' is clicked on

2020-10-15 18:38:31 - [MESSAGE][PASSED] - Click button "Logout"

2020-10-15 18:38:31 - [TEST_STEP][PASSED] - Close browser: Close browser

2020-10-15 18:38:31 - [MESSAGE][PASSED] - Browser is closed

2020-10-15 18:38:31 - [MESSAGE][PASSED] - Close browser

2020-10-15 18:38:31 - [MESSAGE][PASSED] - Feature file: 'Include/features/IST_Real/SLIK/SLIK Gateway Non Customer/SLIK Gateway Non Customer Checking.feature' was passed]]></system-out>
         <system-err><![CDATA[]]></system-err>
      </testcase>
      <testcase name="Test Cases/IST_Real/SLIK/SLIK_Gateway_Non_Customer/SLIK Gateway Non Customer View Detail when Status REQUESTED" time="17.544" classname="Test Cases/IST_Real/SLIK/SLIK_Gateway_Non_Customer/SLIK Gateway Non Customer View Detail when Status REQUESTED" status="PASSED">
         <system-out><![CDATA[2020-10-15 18:38:31 - [TEST_CASE][PASSED] - Test Cases/IST_Real/SLIK/SLIK_Gateway_Non_Customer/SLIK Gateway Non Customer View Detail when Status REQUESTED: Test Cases/IST_Real/SLIK/SLIK_Gateway_Non_Customer/SLIK Gateway Non Customer View Detail when Status REQUESTED

2020-10-15 18:38:31 - [TEST_STEP][PASSED] - runFeatureFile("Include/features/IST_Real/SLIK/SLIK Gateway Non Customer/SLIK_Gateway_Non_Customer_View_Detail_when_Status_REQUESTED.feature"): Feature file: 'Include/features/IST_Real/SLIK/SLIK Gateway Non Customer/SLIK_Gateway_Non_Customer_View_Detail_when_Status_REQUESTED.feature' was passed

2020-10-15 18:38:31 - [MESSAGE][INFO] - Starting run keyword runFeatureFile: 'Include/features/IST_Real/SLIK/SLIK Gateway Non Customer/SLIK_Gateway_Non_Customer_View_Detail_when_Status_REQUESTED.feature' and extract report to folder: '/Users/chaidir.pratama01/Katalon Studio/IST_Automation_Git/Reports/20201015_182654/SLIK/TS_SLIK_Gateway_Non_Customer/20201015_182655/cucumber_report/1602761911704'...

2020-10-15 18:38:31 - [TEST_CASE][PASSED] - Start Test Case : SCENARIO SLIK Gateway Non Customer View Detail Link: SCENARIO SLIK Gateway Non Customer View Detail Link

2020-10-15 18:38:31 - [TEST_STEP][PASSED] - Go to ISTools: Go to ISTools

2020-10-15 18:38:31 - [MESSAGE][INFO] - Starting 'Chrome' driver

2020-10-15 18:38:31 - [MESSAGE][INFO] - User set preference: ['AcceptInsecureCerts', 'true']

2020-10-15 18:38:31 - [MESSAGE][INFO] - User set preference: ['args', '[ignore-certificate-errors]']

2020-10-15 18:38:31 - [MESSAGE][INFO] - Action delay is set to 0 milliseconds

2020-10-15 18:38:32 - [MESSAGE][PASSED] - Browser is opened with url: ''

2020-10-15 18:38:33 - [MESSAGE][PASSED] - Navigate to 'https://dev-istools.homecredit.id/foundation/' successfully

2020-10-15 18:38:33 - [MESSAGE][PASSED] - Go to ISTools

2020-10-15 18:38:33 - [TEST_STEP][PASSED] - Login IST with valid credentials: Login IST with valid credentials

2020-10-15 18:38:34 - [MESSAGE][PASSED] - Text 'mobile.test' is set on object 'Object Repository/Page_/input_Username_j_username'

2020-10-15 18:38:35 - [MESSAGE][PASSED] - Text ****** has been set on object 'Object Repository/Page_/input_Password_j_password'

2020-10-15 18:38:35 - [MESSAGE][PASSED] - Object: 'Object Repository/Page_/button_Login' is clicked on

2020-10-15 18:38:35 - [MESSAGE][PASSED] - Login IST with valid credentials

2020-10-15 18:38:35 - [TEST_STEP][PASSED] - Login Success for contract dispatcher: Login Success for contract dispatcher

2020-10-15 18:38:35 - [MESSAGE][INFO] - Login Success

2020-10-15 18:38:35 - [MESSAGE][PASSED] - Current window maximized

2020-10-15 18:38:36 - [MESSAGE][PASSED] - Object 'Object Repository/Page_/h1_Welcome to IT Supporting Tools' is present

2020-10-15 18:38:36 - [MESSAGE][PASSED] - Login Success for contract dispatcher

2020-10-15 18:38:36 - [TEST_STEP][PASSED] - Select Menu SLIK Gateway NonCustomer: Select Menu SLIK Gateway NonCustomer

2020-10-15 18:38:36 - [MESSAGE][PASSED] - Object '' is present

2020-10-15 18:38:36 - [MESSAGE][PASSED] - Object: '' is clicked on

2020-10-15 18:38:36 - [MESSAGE][PASSED] - Wait for page load successfully

2020-10-15 18:38:36 - [MESSAGE][PASSED] - Select Menu SLIK Gateway NonCustomer

2020-10-15 18:38:36 - [TEST_STEP][PASSED] - Select Status is "REQUESTED": Select Status is "REQUESTED"

2020-10-15 18:38:38 - [MESSAGE][PASSED] - All options with value 'REQUESTED' are selected in object ''  using regular expression

2020-10-15 18:38:38 - [MESSAGE][PASSED] - Select Status is "REQUESTED"

2020-10-15 18:38:38 - [TEST_STEP][PASSED] - Click button "Search": Click button "Search"

2020-10-15 18:38:38 - [MESSAGE][INFO] - >>>>>//Button[contains(text(),'Search')]

2020-10-15 18:38:41 - [MESSAGE][PASSED] - Object: '' is clicked on

2020-10-15 18:38:41 - [MESSAGE][PASSED] - Click button "Search"

2020-10-15 18:38:41 - [TEST_STEP][PASSED] - Verify Search Result Based on Result Status: Verify Search Result Based on Result Status

2020-10-15 18:38:42 - [MESSAGE][PASSED] - Scroll to object '' successfully

2020-10-15 18:38:43 - [MESSAGE][PASSED] - Actual text and expected text of test object '' are matched.

2020-10-15 18:38:43 - [MESSAGE][PASSED] - Text of object '' is: 'REQUESTED -'

2020-10-15 18:38:44 - [MESSAGE][PASSED] - Text of object '' is: '8888888888888888'

2020-10-15 18:38:44 - [MESSAGE][PASSED] - Verify Search Result Based on Result Status

2020-10-15 18:38:44 - [TEST_STEP][PASSED] - Click View Detail Link: Click View Detail Link

2020-10-15 18:38:44 - [MESSAGE][PASSED] - Web element with id: '' located by 'By.xpath: //span[text()='Search Result']/../../../following-sibling::div[@class='z-groupbox-content']/div[@class='z-grid']/div[@class='z-grid-body']/table/tbody/tr/td[7]/div/div/span' is not present after '3' second(s)

2020-10-15 18:38:44 - [MESSAGE][PASSED] - Click View Detail Link

2020-10-15 18:38:44 - [TEST_STEP][PASSED] - Take Screenshot "View_detail_NonCutomer.png": Take Screenshot "View_detail_NonCutomer.png"

2020-10-15 18:38:45 - [MESSAGE][PASSED] - Taking screenshot successfully
[[ATTACHMENT|/Users/chaidir.pratama01/Katalon Studio/IST_Automation_Git/img/View_detail_NonCutomer.png]]

2020-10-15 18:38:45 - [MESSAGE][PASSED] - Take Screenshot "View_detail_NonCutomer.png"

2020-10-15 18:38:45 - [TEST_STEP][PASSED] - Verify Slik Result Detail Link: Verify Slik Result Detail Link

2020-10-15 18:38:45 - [MESSAGE][PASSED] - Verify Slik Result Detail Link

2020-10-15 18:38:45 - [TEST_STEP][PASSED] - Click button "Logout": Click button "Logout"

2020-10-15 18:38:45 - [MESSAGE][INFO] - >>>>>//Button[contains(text(),'Logout')]

2020-10-15 18:38:49 - [MESSAGE][PASSED] - Object: '' is clicked on

2020-10-15 18:38:49 - [MESSAGE][PASSED] - Click button "Logout"

2020-10-15 18:38:49 - [TEST_STEP][PASSED] - Close browser: Close browser

2020-10-15 18:38:49 - [MESSAGE][PASSED] - Browser is closed

2020-10-15 18:38:49 - [MESSAGE][PASSED] - Close browser

2020-10-15 18:38:49 - [MESSAGE][PASSED] - Feature file: 'Include/features/IST_Real/SLIK/SLIK Gateway Non Customer/SLIK_Gateway_Non_Customer_View_Detail_when_Status_REQUESTED.feature' was passed]]></system-out>
         <system-err><![CDATA[]]></system-err>
      </testcase>
      <testcase name="Test Cases/IST_Real/SLIK/SLIK_Gateway_Non_Customer/SLIK Gateway Non Customer View Detail when Status APPROVED" time="18.095" classname="Test Cases/IST_Real/SLIK/SLIK_Gateway_Non_Customer/SLIK Gateway Non Customer View Detail when Status APPROVED" status="FAILED">
         <failure type="FAILED" message="Test Cases/IST_Real/SLIK/SLIK_Gateway_Non_Customer/SLIK Gateway Non Customer View Detail when Status APPROVED FAILED.
Reason:
com.kms.katalon.core.exception.StepFailedException: Feature file 'Include/features/IST_Real/SLIK/SLIK Gateway Non Customer/SLIK_Gateway_Non_Customer_View_Detail_when_Status_APPROVED.feature' was failed
	at com.kms.katalon.core.keyword.internal.KeywordMain.stepFailed(KeywordMain.groovy:50)
	at com.kms.katalon.core.keyword.internal.KeywordMain.stepFailed(KeywordMain.groovy)
	at com.kms.katalon.core.keyword.internal.KeywordMain.stepFailed(KeywordMain.groovy:23)
	at com.kms.katalon.core.keyword.internal.KeywordMain$stepFailed$0.call(Unknown Source)
	at com.kms.katalon.core.cucumber.keyword.CucumberBuiltinKeywords$_runFeatureFile_closure1.doCall(CucumberBuiltinKeywords.groovy:82)
	at com.kms.katalon.core.cucumber.keyword.CucumberBuiltinKeywords$_runFeatureFile_closure1.doCall(CucumberBuiltinKeywords.groovy)
	at com.kms.katalon.core.keyword.internal.KeywordMain.runKeyword(KeywordMain.groovy:68)
	at com.kms.katalon.core.keyword.internal.KeywordMain$runKeyword.call(Unknown Source)
	at com.kms.katalon.core.cucumber.keyword.CucumberBuiltinKeywords.runFeatureFile(CucumberBuiltinKeywords.groovy:46)
	at com.kms.katalon.core.cucumber.keyword.CucumberBuiltinKeywords$runFeatureFile$0.callStatic(Unknown Source)
	at com.kms.katalon.core.cucumber.keyword.CucumberBuiltinKeywords.runFeatureFile(CucumberBuiltinKeywords.groovy:169)
	at com.kms.katalon.core.cucumber.keyword.CucumberBuiltinKeywords$runFeatureFile.call(Unknown Source)
	at SLIK Gateway Non Customer View Detail when Status APPROVED.run(SLIK Gateway Non Customer View Detail when Status APPROVED:18)
	at com.kms.katalon.core.main.ScriptEngine.run(ScriptEngine.java:194)
	at com.kms.katalon.core.main.ScriptEngine.runScriptAsRawText(ScriptEngine.java:119)
	at com.kms.katalon.core.main.TestCaseExecutor.runScript(TestCaseExecutor.java:339)
	at com.kms.katalon.core.main.TestCaseExecutor.doExecute(TestCaseExecutor.java:330)
	at com.kms.katalon.core.main.TestCaseExecutor.processExecutionPhase(TestCaseExecutor.java:309)
	at com.kms.katalon.core.main.TestCaseExecutor.accessMainPhase(TestCaseExecutor.java:301)
	at com.kms.katalon.core.main.TestCaseExecutor.execute(TestCaseExecutor.java:235)
	at com.kms.katalon.core.main.TestSuiteExecutor.accessTestCaseMainPhase(TestSuiteExecutor.java:191)
	at com.kms.katalon.core.main.TestSuiteExecutor.accessTestSuiteMainPhase(TestSuiteExecutor.java:141)
	at com.kms.katalon.core.main.TestSuiteExecutor.execute(TestSuiteExecutor.java:90)
	at com.kms.katalon.core.main.TestCaseMain.startTestSuite(TestCaseMain.java:157)
	at com.kms.katalon.core.main.TestCaseMain$startTestSuite$0.call(Unknown Source)
	at TempTestSuite1602761215512.run(TempTestSuite1602761215512.groovy:39)
"/>
         <system-out><![CDATA[2020-10-15 18:38:49 - [TEST_CASE][FAILED] - Test Cases/IST_Real/SLIK/SLIK_Gateway_Non_Customer/SLIK Gateway Non Customer View Detail when Status APPROVED: Test Cases/IST_Real/SLIK/SLIK_Gateway_Non_Customer/SLIK Gateway Non Customer View Detail when Status APPROVED FAILED.
Reason:
com.kms.katalon.core.exception.StepFailedException: Feature file 'Include/features/IST_Real/SLIK/SLIK Gateway Non Customer/SLIK_Gateway_Non_Customer_View_Detail_when_Status_APPROVED.feature' was failed
	at com.kms.katalon.core.keyword.internal.KeywordMain.stepFailed(KeywordMain.groovy:50)
	at com.kms.katalon.core.keyword.internal.KeywordMain.stepFailed(KeywordMain.groovy)
	at com.kms.katalon.core.keyword.internal.KeywordMain.stepFailed(KeywordMain.groovy:23)
	at com.kms.katalon.core.keyword.internal.KeywordMain$stepFailed$0.call(Unknown Source)
	at com.kms.katalon.core.cucumber.keyword.CucumberBuiltinKeywords$_runFeatureFile_closure1.doCall(CucumberBuiltinKeywords.groovy:82)
	at com.kms.katalon.core.cucumber.keyword.CucumberBuiltinKeywords$_runFeatureFile_closure1.doCall(CucumberBuiltinKeywords.groovy)
	at com.kms.katalon.core.keyword.internal.KeywordMain.runKeyword(KeywordMain.groovy:68)
	at com.kms.katalon.core.keyword.internal.KeywordMain$runKeyword.call(Unknown Source)
	at com.kms.katalon.core.cucumber.keyword.CucumberBuiltinKeywords.runFeatureFile(CucumberBuiltinKeywords.groovy:46)
	at com.kms.katalon.core.cucumber.keyword.CucumberBuiltinKeywords$runFeatureFile$0.callStatic(Unknown Source)
	at com.kms.katalon.core.cucumber.keyword.CucumberBuiltinKeywords.runFeatureFile(CucumberBuiltinKeywords.groovy:169)
	at com.kms.katalon.core.cucumber.keyword.CucumberBuiltinKeywords$runFeatureFile.call(Unknown Source)
	at SLIK Gateway Non Customer View Detail when Status APPROVED.run(SLIK Gateway Non Customer View Detail when Status APPROVED:18)
	at com.kms.katalon.core.main.ScriptEngine.run(ScriptEngine.java:194)
	at com.kms.katalon.core.main.ScriptEngine.runScriptAsRawText(ScriptEngine.java:119)
	at com.kms.katalon.core.main.TestCaseExecutor.runScript(TestCaseExecutor.java:339)
	at com.kms.katalon.core.main.TestCaseExecutor.doExecute(TestCaseExecutor.java:330)
	at com.kms.katalon.core.main.TestCaseExecutor.processExecutionPhase(TestCaseExecutor.java:309)
	at com.kms.katalon.core.main.TestCaseExecutor.accessMainPhase(TestCaseExecutor.java:301)
	at com.kms.katalon.core.main.TestCaseExecutor.execute(TestCaseExecutor.java:235)
	at com.kms.katalon.core.main.TestSuiteExecutor.accessTestCaseMainPhase(TestSuiteExecutor.java:191)
	at com.kms.katalon.core.main.TestSuiteExecutor.accessTestSuiteMainPhase(TestSuiteExecutor.java:141)
	at com.kms.katalon.core.main.TestSuiteExecutor.execute(TestSuiteExecutor.java:90)
	at com.kms.katalon.core.main.TestCaseMain.startTestSuite(TestCaseMain.java:157)
	at com.kms.katalon.core.main.TestCaseMain$startTestSuite$0.call(Unknown Source)
	at TempTestSuite1602761215512.run(TempTestSuite1602761215512.groovy:39)


2020-10-15 18:38:49 - [TEST_STEP][FAILED] - runFeatureFile("Include/features/IST_Real/SLIK/SLIK Gateway Non Customer/SLIK_Gateway_Non_Customer_View_Detail_when_Status_APPROVED.feature"): Keyword runFeatureFile was failed (Root cause: com.kms.katalon.core.exception.StepFailedException: Feature file 'Include/features/IST_Real/SLIK/SLIK Gateway Non Customer/SLIK_Gateway_Non_Customer_View_Detail_when_Status_APPROVED.feature' was failed
	at com.kms.katalon.core.keyword.internal.KeywordMain.stepFailed(KeywordMain.groovy:50)
	at com.kms.katalon.core.keyword.internal.KeywordMain.stepFailed(KeywordMain.groovy)
	at com.kms.katalon.core.keyword.internal.KeywordMain.stepFailed(KeywordMain.groovy:23)
	at com.kms.katalon.core.keyword.internal.KeywordMain$stepFailed$0.call(Unknown Source)
	at com.kms.katalon.core.cucumber.keyword.CucumberBuiltinKeywords$_runFeatureFile_closure1.doCall(CucumberBuiltinKeywords.groovy:82)
	at com.kms.katalon.core.cucumber.keyword.CucumberBuiltinKeywords$_runFeatureFile_closure1.doCall(CucumberBuiltinKeywords.groovy)
	at com.kms.katalon.core.keyword.internal.KeywordMain.runKeyword(KeywordMain.groovy:68)
	at com.kms.katalon.core.keyword.internal.KeywordMain$runKeyword.call(Unknown Source)
	at com.kms.katalon.core.cucumber.keyword.CucumberBuiltinKeywords.runFeatureFile(CucumberBuiltinKeywords.groovy:46)
	at com.kms.katalon.core.cucumber.keyword.CucumberBuiltinKeywords$runFeatureFile$0.callStatic(Unknown Source)
	at com.kms.katalon.core.cucumber.keyword.CucumberBuiltinKeywords.runFeatureFile(CucumberBuiltinKeywords.groovy:169)
	at com.kms.katalon.core.cucumber.keyword.CucumberBuiltinKeywords$runFeatureFile.call(Unknown Source)
	at SLIK Gateway Non Customer View Detail when Status APPROVED.run(SLIK Gateway Non Customer View Detail when Status APPROVED:18)
	at com.kms.katalon.core.main.ScriptEngine.run(ScriptEngine.java:194)
	at com.kms.katalon.core.main.ScriptEngine.runScriptAsRawText(ScriptEngine.java:119)
	at com.kms.katalon.core.main.TestCaseExecutor.runScript(TestCaseExecutor.java:339)
	at com.kms.katalon.core.main.TestCaseExecutor.doExecute(TestCaseExecutor.java:330)
	at com.kms.katalon.core.main.TestCaseExecutor.processExecutionPhase(TestCaseExecutor.java:309)
	at com.kms.katalon.core.main.TestCaseExecutor.accessMainPhase(TestCaseExecutor.java:301)
	at com.kms.katalon.core.main.TestCaseExecutor.execute(TestCaseExecutor.java:235)
	at com.kms.katalon.core.main.TestSuiteExecutor.accessTestCaseMainPhase(TestSuiteExecutor.java:191)
	at com.kms.katalon.core.main.TestSuiteExecutor.accessTestSuiteMainPhase(TestSuiteExecutor.java:141)
	at com.kms.katalon.core.main.TestSuiteExecutor.execute(TestSuiteExecutor.java:90)
	at com.kms.katalon.core.main.TestCaseMain.startTestSuite(TestCaseMain.java:157)
	at com.kms.katalon.core.main.TestCaseMain$startTestSuite$0.call(Unknown Source)
	at TempTestSuite1602761215512.run(TempTestSuite1602761215512.groovy:39)
)

2020-10-15 18:38:49 - [MESSAGE][INFO] - Starting run keyword runFeatureFile: 'Include/features/IST_Real/SLIK/SLIK Gateway Non Customer/SLIK_Gateway_Non_Customer_View_Detail_when_Status_APPROVED.feature' and extract report to folder: '/Users/chaidir.pratama01/Katalon Studio/IST_Automation_Git/Reports/20201015_182654/SLIK/TS_SLIK_Gateway_Non_Customer/20201015_182655/cucumber_report/1602761929247'...

2020-10-15 18:38:49 - [TEST_CASE][FAILED] - Start Test Case : SCENARIO SLIK Gateway Non Customer View Detail Link: SCENARIO SLIK Gateway Non Customer View Detail Link FAILED.
Reason:
com.kms.katalon.core.exception.StepFailedException: Unable to verify object '' is not present
	at com.kms.katalon.core.webui.keyword.internal.WebUIKeywordMain.stepFailed(WebUIKeywordMain.groovy:64)
	at com.kms.katalon.core.webui.keyword.internal.WebUIKeywordMain.runKeyword(WebUIKeywordMain.groovy:26)
	at com.kms.katalon.core.webui.keyword.internal.WebUIKeywordMain$runKeyword.call(Unknown Source)
	at com.kms.katalon.core.webui.keyword.builtin.VerifyElementNotPresentKeyword.verifyElementNotPresent(VerifyElementNotPresentKeyword.groovy:117)
	at com.kms.katalon.core.webui.keyword.builtin.VerifyElementNotPresentKeyword.execute(VerifyElementNotPresentKeyword.groovy:68)
	at com.kms.katalon.core.keyword.internal.KeywordExecutor.executeKeywordForPlatform(KeywordExecutor.groovy:73)
	at com.kms.katalon.core.webui.keyword.WebUiBuiltInKeywords.verifyElementNotPresent(WebUiBuiltInKeywords.groovy:1493)
	at com.kms.katalon.core.webui.keyword.WebUiBuiltInKeywords$verifyElementNotPresent$21.call(Unknown Source)
	at Slik_Script.Slik_Verify_Detail(Slik_Script.groovy:468)
	at ✽.Click View Detail Link(/Users/chaidir.pratama01/Katalon Studio/IST_Automation_Git/Include/features/IST_Real/SLIK/SLIK Gateway Non Customer/SLIK_Gateway_Non_Customer_View_Detail_when_Status_APPROVED.feature:37)
Caused by: com.kms.katalon.core.exception.StepFailedException: Web element with id: '' located by 'By.xpath: //span[text()='Search Result']/../../../following-sibling::div[@class='z-groupbox-content']/div[@class='z-grid']/div[@class='z-grid-body']/table/tbody/tr/td[7]/div/div/span' is present after '3' second(s)
	at com.kms.katalon.core.webui.keyword.internal.WebUIKeywordMain.stepFailed(WebUIKeywordMain.groovy:64)
	at com.kms.katalon.core.webui.keyword.internal.WebUIKeywordMain$stepFailed$0.call(Unknown Source)
	at com.kms.katalon.core.webui.keyword.builtin.VerifyElementNotPresentKeyword$_verifyElementNotPresent_closure1.doCall(VerifyElementNotPresentKeyword.groovy:106)
	at com.kms.katalon.core.webui.keyword.builtin.VerifyElementNotPresentKeyword$_verifyElementNotPresent_closure1.doCall(VerifyElementNotPresentKeyword.groovy)
	at com.kms.katalon.core.webui.keyword.internal.WebUIKeywordMain.runKeyword(WebUIKeywordMain.groovy:20)
	at com.kms.katalon.core.webui.keyword.internal.WebUIKeywordMain$runKeyword.call(Unknown Source)
	at com.kms.katalon.core.webui.keyword.builtin.VerifyElementNotPresentKeyword.verifyElementNotPresent(VerifyElementNotPresentKeyword.groovy:117)
	at com.kms.katalon.core.webui.keyword.builtin.VerifyElementNotPresentKeyword.execute(VerifyElementNotPresentKeyword.groovy:68)
	at com.kms.katalon.core.keyword.internal.KeywordExecutor.executeKeywordForPlatform(KeywordExecutor.groovy:73)
	at com.kms.katalon.core.webui.keyword.WebUiBuiltInKeywords.verifyElementNotPresent(WebUiBuiltInKeywords.groovy:1493)
	at com.kms.katalon.core.webui.keyword.WebUiBuiltInKeywords$verifyElementNotPresent$21.call(Unknown Source)
	at Slik_Script.Slik_Verify_Detail(Slik_Script.groovy:468)
	at cucumber.runtime.Utils$1.call(Utils.java:26)
	at cucumber.runtime.Timeout.timeout(Timeout.java:16)
	at cucumber.runtime.Utils.invoke(Utils.java:20)
	at cucumber.runtime.java.JavaStepDefinition.execute(JavaStepDefinition.java:48)
	at cucumber.runtime.PickleStepDefinitionMatch.runStep(PickleStepDefinitionMatch.java:50)
	at cucumber.runner.TestStep.executeStep(TestStep.java:55)
	at cucumber.runner.TestStep.run(TestStep.java:42)
	at cucumber.runner.PickleStepTestStep.run(PickleStepTestStep.java:53)
	at cucumber.runner.TestCase.run(TestCase.java:47)
	at cucumber.runner.Runner.runPickle(Runner.java:44)
	at cucumber.runtime.Runtime.runFeature(Runtime.java:120)
	at cucumber.runtime.Runtime.run(Runtime.java:106)
	at cucumber.api.cli.Main.run(Main.java:35)
	at cucumber.api.cli.Main$run.call(Unknown Source)
	at com.kms.katalon.core.cucumber.keyword.CucumberBuiltinKeywords$_runFeatureFile_closure1.doCall(CucumberBuiltinKeywords.groovy:76)
	at com.kms.katalon.core.cucumber.keyword.CucumberBuiltinKeywords$_runFeatureFile_closure1.doCall(CucumberBuiltinKeywords.groovy)
	at com.kms.katalon.core.keyword.internal.KeywordMain.runKeyword(KeywordMain.groovy:68)
	at com.kms.katalon.core.keyword.internal.KeywordMain$runKeyword.call(Unknown Source)
	at com.kms.katalon.core.cucumber.keyword.CucumberBuiltinKeywords.runFeatureFile(CucumberBuiltinKeywords.groovy:46)
	at com.kms.katalon.core.cucumber.keyword.CucumberBuiltinKeywords$runFeatureFile$0.callStatic(Unknown Source)
	at com.kms.katalon.core.cucumber.keyword.CucumberBuiltinKeywords.runFeatureFile(CucumberBuiltinKeywords.groovy:169)
	at com.kms.katalon.core.cucumber.keyword.CucumberBuiltinKeywords$runFeatureFile.call(Unknown Source)
	at SLIK Gateway Non Customer View Detail when Status APPROVED.run(SLIK Gateway Non Customer View Detail when Status APPROVED:18)
	at com.kms.katalon.core.main.ScriptEngine.run(ScriptEngine.java:194)
	at com.kms.katalon.core.main.ScriptEngine.runScriptAsRawText(ScriptEngine.java:119)
	at com.kms.katalon.core.main.TestCaseExecutor.runScript(TestCaseExecutor.java:339)
	at com.kms.katalon.core.main.TestCaseExecutor.doExecute(TestCaseExecutor.java:330)
	at com.kms.katalon.core.main.TestCaseExecutor.processExecutionPhase(TestCaseExecutor.java:309)
	at com.kms.katalon.core.main.TestCaseExecutor.accessMainPhase(TestCaseExecutor.java:301)
	at com.kms.katalon.core.main.TestCaseExecutor.execute(TestCaseExecutor.java:235)
	at com.kms.katalon.core.main.TestSuiteExecutor.accessTestCaseMainPhase(TestSuiteExecutor.java:191)
	at com.kms.katalon.core.main.TestSuiteExecutor.accessTestSuiteMainPhase(TestSuiteExecutor.java:141)
	at com.kms.katalon.core.main.TestSuiteExecutor.execute(TestSuiteExecutor.java:90)
	at com.kms.katalon.core.main.TestCaseMain.startTestSuite(TestCaseMain.java:157)
	at com.kms.katalon.core.main.TestCaseMain$startTestSuite$0.call(Unknown Source)
	at TempTestSuite1602761215512.run(TempTestSuite1602761215512.groovy:39)


2020-10-15 18:38:49 - [TEST_STEP][PASSED] - Go to ISTools: Go to ISTools

2020-10-15 18:38:49 - [MESSAGE][INFO] - Starting 'Chrome' driver

2020-10-15 18:38:49 - [MESSAGE][INFO] - User set preference: ['AcceptInsecureCerts', 'true']

2020-10-15 18:38:49 - [MESSAGE][INFO] - User set preference: ['args', '[ignore-certificate-errors]']

2020-10-15 18:38:49 - [MESSAGE][INFO] - Action delay is set to 0 milliseconds

2020-10-15 18:38:50 - [MESSAGE][PASSED] - Browser is opened with url: ''

2020-10-15 18:38:51 - [MESSAGE][PASSED] - Navigate to 'https://dev-istools.homecredit.id/foundation/' successfully

2020-10-15 18:38:51 - [MESSAGE][PASSED] - Go to ISTools

2020-10-15 18:38:51 - [TEST_STEP][PASSED] - Login IST with valid credentials: Login IST with valid credentials

2020-10-15 18:38:51 - [MESSAGE][PASSED] - Text 'mobile.test' is set on object 'Object Repository/Page_/input_Username_j_username'

2020-10-15 18:38:52 - [MESSAGE][PASSED] - Text ****** has been set on object 'Object Repository/Page_/input_Password_j_password'

2020-10-15 18:38:53 - [MESSAGE][PASSED] - Object: 'Object Repository/Page_/button_Login' is clicked on

2020-10-15 18:38:53 - [MESSAGE][PASSED] - Login IST with valid credentials

2020-10-15 18:38:53 - [TEST_STEP][PASSED] - Login Success for contract dispatcher: Login Success for contract dispatcher

2020-10-15 18:38:53 - [MESSAGE][INFO] - Login Success

2020-10-15 18:38:53 - [MESSAGE][PASSED] - Current window maximized

2020-10-15 18:38:53 - [MESSAGE][PASSED] - Object 'Object Repository/Page_/h1_Welcome to IT Supporting Tools' is present

2020-10-15 18:38:53 - [MESSAGE][PASSED] - Login Success for contract dispatcher

2020-10-15 18:38:53 - [TEST_STEP][PASSED] - Select Menu SLIK Gateway NonCustomer: Select Menu SLIK Gateway NonCustomer

2020-10-15 18:38:54 - [MESSAGE][PASSED] - Object '' is present

2020-10-15 18:38:54 - [MESSAGE][PASSED] - Object: '' is clicked on

2020-10-15 18:38:54 - [MESSAGE][PASSED] - Wait for page load successfully

2020-10-15 18:38:54 - [MESSAGE][PASSED] - Select Menu SLIK Gateway NonCustomer

2020-10-15 18:38:54 - [TEST_STEP][PASSED] - Select Status is "APPROVED": Select Status is "APPROVED"

2020-10-15 18:38:55 - [MESSAGE][PASSED] - All options with value 'APPROVED' are selected in object ''  using regular expression

2020-10-15 18:38:55 - [MESSAGE][PASSED] - Select Status is "APPROVED"

2020-10-15 18:38:55 - [TEST_STEP][PASSED] - Click button "Search": Click button "Search"

2020-10-15 18:38:55 - [MESSAGE][INFO] - >>>>>//Button[contains(text(),'Search')]

2020-10-15 18:38:59 - [MESSAGE][PASSED] - Object: '' is clicked on

2020-10-15 18:38:59 - [MESSAGE][PASSED] - Click button "Search"

2020-10-15 18:38:59 - [TEST_STEP][PASSED] - Verify Search Result Based on Result Status: Verify Search Result Based on Result Status

2020-10-15 18:38:59 - [MESSAGE][PASSED] - Scroll to object '' successfully

2020-10-15 18:39:00 - [MESSAGE][WARNING] - Actual text 'APPROVED -' and expected text 'APPROVED - FAILED' of test object '' are NOT matched. (Root cause: com.kms.katalon.core.exception.StepFailedException: Actual text 'APPROVED -' and expected text 'APPROVED - FAILED' of test object '' are NOT matched.
	at com.kms.katalon.core.webui.keyword.internal.WebUIKeywordMain.stepFailed(WebUIKeywordMain.groovy:64)
	at com.kms.katalon.core.webui.keyword.builtin.VerifyElementTextKeyword$_verifyElementText_closure1.doCall(VerifyElementTextKeyword.groovy:57)
	at com.kms.katalon.core.webui.keyword.builtin.VerifyElementTextKeyword$_verifyElementText_closure1.call(VerifyElementTextKeyword.groovy)
	at com.kms.katalon.core.webui.keyword.internal.WebUIKeywordMain.runKeyword(WebUIKeywordMain.groovy:20)
	at com.kms.katalon.core.webui.keyword.builtin.VerifyElementTextKeyword.verifyElementText(VerifyElementTextKeyword.groovy:72)
	at com.kms.katalon.core.webui.keyword.builtin.VerifyElementTextKeyword.execute(VerifyElementTextKeyword.groovy:40)
	at com.kms.katalon.core.keyword.internal.KeywordExecutor.executeKeywordForPlatform(KeywordExecutor.groovy:73)
	at com.kms.katalon.core.webui.keyword.WebUiBuiltInKeywords.verifyElementText(WebUiBuiltInKeywords.groovy:3673)
	at com.kms.katalon.core.webui.keyword.WebUiBuiltInKeywords$verifyElementText$20.call(Unknown Source)
	at Slik_Script.Verify_Result_Status(Slik_Script.groovy:369)
	at cucumber.runtime.Utils$1.call(Utils.java:26)
	at cucumber.runtime.Timeout.timeout(Timeout.java:16)
	at cucumber.runtime.Utils.invoke(Utils.java:20)
	at cucumber.runtime.java.JavaStepDefinition.execute(JavaStepDefinition.java:48)
	at cucumber.runtime.PickleStepDefinitionMatch.runStep(PickleStepDefinitionMatch.java:50)
	at cucumber.runner.TestStep.executeStep(TestStep.java:55)
	at cucumber.runner.TestStep.run(TestStep.java:42)
	at cucumber.runner.PickleStepTestStep.run(PickleStepTestStep.java:53)
	at cucumber.runner.TestCase.run(TestCase.java:47)
	at cucumber.runner.Runner.runPickle(Runner.java:44)
	at cucumber.runtime.Runtime.runFeature(Runtime.java:120)
	at cucumber.runtime.Runtime.run(Runtime.java:106)
	at cucumber.api.cli.Main.run(Main.java:35)
	at cucumber.api.cli.Main$run.call(Unknown Source)
	at com.kms.katalon.core.cucumber.keyword.CucumberBuiltinKeywords$_runFeatureFile_closure1.doCall(CucumberBuiltinKeywords.groovy:76)
	at com.kms.katalon.core.cucumber.keyword.CucumberBuiltinKeywords$_runFeatureFile_closure1.doCall(CucumberBuiltinKeywords.groovy)
	at com.kms.katalon.core.keyword.internal.KeywordMain.runKeyword(KeywordMain.groovy:68)
	at com.kms.katalon.core.keyword.internal.KeywordMain$runKeyword.call(Unknown Source)
	at com.kms.katalon.core.cucumber.keyword.CucumberBuiltinKeywords.runFeatureFile(CucumberBuiltinKeywords.groovy:46)
	at com.kms.katalon.core.cucumber.keyword.CucumberBuiltinKeywords$runFeatureFile$0.callStatic(Unknown Source)
	at com.kms.katalon.core.cucumber.keyword.CucumberBuiltinKeywords.runFeatureFile(CucumberBuiltinKeywords.groovy:169)
	at com.kms.katalon.core.cucumber.keyword.CucumberBuiltinKeywords$runFeatureFile.call(Unknown Source)
	at SLIK Gateway Non Customer View Detail when Status APPROVED.run(SLIK Gateway Non Customer View Detail when Status APPROVED:18)
	at com.kms.katalon.core.main.ScriptEngine.run(ScriptEngine.java:194)
	at com.kms.katalon.core.main.ScriptEngine.runScriptAsRawText(ScriptEngine.java:119)
	at com.kms.katalon.core.main.TestCaseExecutor.runScript(TestCaseExecutor.java:339)
	at com.kms.katalon.core.main.TestCaseExecutor.doExecute(TestCaseExecutor.java:330)
	at com.kms.katalon.core.main.TestCaseExecutor.processExecutionPhase(TestCaseExecutor.java:309)
	at com.kms.katalon.core.main.TestCaseExecutor.accessMainPhase(TestCaseExecutor.java:301)
	at com.kms.katalon.core.main.TestCaseExecutor.execute(TestCaseExecutor.java:235)
	at com.kms.katalon.core.main.TestSuiteExecutor.accessTestCaseMainPhase(TestSuiteExecutor.java:191)
	at com.kms.katalon.core.main.TestSuiteExecutor.accessTestSuiteMainPhase(TestSuiteExecutor.java:141)
	at com.kms.katalon.core.main.TestSuiteExecutor.execute(TestSuiteExecutor.java:90)
	at com.kms.katalon.core.main.TestCaseMain.startTestSuite(TestCaseMain.java:157)
	at com.kms.katalon.core.main.TestCaseMain$startTestSuite$0.call(Unknown Source)
	at TempTestSuite1602761215512.run(TempTestSuite1602761215512.groovy:39)
)
[[ATTACHMENT|/Users/chaidir.pratama01/Katalon Studio/IST_Automation_Git/Reports/20201015_182654/SLIK/TS_SLIK_Gateway_Non_Customer/20201015_182655/1602761940162.png]]

2020-10-15 18:39:01 - [MESSAGE][WARNING] - Actual text 'APPROVED -' and expected text 'APPROVED - SUCCESS' of test object '' are NOT matched. (Root cause: com.kms.katalon.core.exception.StepFailedException: Actual text 'APPROVED -' and expected text 'APPROVED - SUCCESS' of test object '' are NOT matched.
	at com.kms.katalon.core.webui.keyword.internal.WebUIKeywordMain.stepFailed(WebUIKeywordMain.groovy:64)
	at com.kms.katalon.core.webui.keyword.builtin.VerifyElementTextKeyword$_verifyElementText_closure1.doCall(VerifyElementTextKeyword.groovy:57)
	at com.kms.katalon.core.webui.keyword.builtin.VerifyElementTextKeyword$_verifyElementText_closure1.call(VerifyElementTextKeyword.groovy)
	at com.kms.katalon.core.webui.keyword.internal.WebUIKeywordMain.runKeyword(WebUIKeywordMain.groovy:20)
	at com.kms.katalon.core.webui.keyword.builtin.VerifyElementTextKeyword.verifyElementText(VerifyElementTextKeyword.groovy:72)
	at com.kms.katalon.core.webui.keyword.builtin.VerifyElementTextKeyword.execute(VerifyElementTextKeyword.groovy:40)
	at com.kms.katalon.core.keyword.internal.KeywordExecutor.executeKeywordForPlatform(KeywordExecutor.groovy:73)
	at com.kms.katalon.core.webui.keyword.WebUiBuiltInKeywords.verifyElementText(WebUiBuiltInKeywords.groovy:3673)
	at com.kms.katalon.core.webui.keyword.WebUiBuiltInKeywords$verifyElementText$20.call(Unknown Source)
	at Slik_Script.Verify_Result_Status(Slik_Script.groovy:369)
	at cucumber.runtime.Utils$1.call(Utils.java:26)
	at cucumber.runtime.Timeout.timeout(Timeout.java:16)
	at cucumber.runtime.Utils.invoke(Utils.java:20)
	at cucumber.runtime.java.JavaStepDefinition.execute(JavaStepDefinition.java:48)
	at cucumber.runtime.PickleStepDefinitionMatch.runStep(PickleStepDefinitionMatch.java:50)
	at cucumber.runner.TestStep.executeStep(TestStep.java:55)
	at cucumber.runner.TestStep.run(TestStep.java:42)
	at cucumber.runner.PickleStepTestStep.run(PickleStepTestStep.java:53)
	at cucumber.runner.TestCase.run(TestCase.java:47)
	at cucumber.runner.Runner.runPickle(Runner.java:44)
	at cucumber.runtime.Runtime.runFeature(Runtime.java:120)
	at cucumber.runtime.Runtime.run(Runtime.java:106)
	at cucumber.api.cli.Main.run(Main.java:35)
	at cucumber.api.cli.Main$run.call(Unknown Source)
	at com.kms.katalon.core.cucumber.keyword.CucumberBuiltinKeywords$_runFeatureFile_closure1.doCall(CucumberBuiltinKeywords.groovy:76)
	at com.kms.katalon.core.cucumber.keyword.CucumberBuiltinKeywords$_runFeatureFile_closure1.doCall(CucumberBuiltinKeywords.groovy)
	at com.kms.katalon.core.keyword.internal.KeywordMain.runKeyword(KeywordMain.groovy:68)
	at com.kms.katalon.core.keyword.internal.KeywordMain$runKeyword.call(Unknown Source)
	at com.kms.katalon.core.cucumber.keyword.CucumberBuiltinKeywords.runFeatureFile(CucumberBuiltinKeywords.groovy:46)
	at com.kms.katalon.core.cucumber.keyword.CucumberBuiltinKeywords$runFeatureFile$0.callStatic(Unknown Source)
	at com.kms.katalon.core.cucumber.keyword.CucumberBuiltinKeywords.runFeatureFile(CucumberBuiltinKeywords.groovy:169)
	at com.kms.katalon.core.cucumber.keyword.CucumberBuiltinKeywords$runFeatureFile.call(Unknown Source)
	at SLIK Gateway Non Customer View Detail when Status APPROVED.run(SLIK Gateway Non Customer View Detail when Status APPROVED:18)
	at com.kms.katalon.core.main.ScriptEngine.run(ScriptEngine.java:194)
	at com.kms.katalon.core.main.ScriptEngine.runScriptAsRawText(ScriptEngine.java:119)
	at com.kms.katalon.core.main.TestCaseExecutor.runScript(TestCaseExecutor.java:339)
	at com.kms.katalon.core.main.TestCaseExecutor.doExecute(TestCaseExecutor.java:330)
	at com.kms.katalon.core.main.TestCaseExecutor.processExecutionPhase(TestCaseExecutor.java:309)
	at com.kms.katalon.core.main.TestCaseExecutor.accessMainPhase(TestCaseExecutor.java:301)
	at com.kms.katalon.core.main.TestCaseExecutor.execute(TestCaseExecutor.java:235)
	at com.kms.katalon.core.main.TestSuiteExecutor.accessTestCaseMainPhase(TestSuiteExecutor.java:191)
	at com.kms.katalon.core.main.TestSuiteExecutor.accessTestSuiteMainPhase(TestSuiteExecutor.java:141)
	at com.kms.katalon.core.main.TestSuiteExecutor.execute(TestSuiteExecutor.java:90)
	at com.kms.katalon.core.main.TestCaseMain.startTestSuite(TestCaseMain.java:157)
	at com.kms.katalon.core.main.TestCaseMain$startTestSuite$0.call(Unknown Source)
	at TempTestSuite1602761215512.run(TempTestSuite1602761215512.groovy:39)
)
[[ATTACHMENT|/Users/chaidir.pratama01/Katalon Studio/IST_Automation_Git/Reports/20201015_182654/SLIK/TS_SLIK_Gateway_Non_Customer/20201015_182655/1602761941008.png]]

2020-10-15 18:39:01 - [MESSAGE][PASSED] - Actual text and expected text of test object '' are matched.

2020-10-15 18:39:01 - [MESSAGE][PASSED] - Text of object '' is: 'APPROVED -'

2020-10-15 18:39:02 - [MESSAGE][PASSED] - Text of object '' is: '8888888888888888'

2020-10-15 18:39:02 - [MESSAGE][PASSED] - Verify Search Result Based on Result Status

2020-10-15 18:39:02 - [TEST_STEP][FAILED] - Click View Detail Link: Click View Detail Link FAILED.
Reason:
com.kms.katalon.core.exception.StepFailedException: Unable to verify object '' is not present
	at com.kms.katalon.core.webui.keyword.internal.WebUIKeywordMain.stepFailed(WebUIKeywordMain.groovy:64)
	at com.kms.katalon.core.webui.keyword.internal.WebUIKeywordMain.runKeyword(WebUIKeywordMain.groovy:26)
	at com.kms.katalon.core.webui.keyword.internal.WebUIKeywordMain$runKeyword.call(Unknown Source)
	at com.kms.katalon.core.webui.keyword.builtin.VerifyElementNotPresentKeyword.verifyElementNotPresent(VerifyElementNotPresentKeyword.groovy:117)
	at com.kms.katalon.core.webui.keyword.builtin.VerifyElementNotPresentKeyword.execute(VerifyElementNotPresentKeyword.groovy:68)
	at com.kms.katalon.core.keyword.internal.KeywordExecutor.executeKeywordForPlatform(KeywordExecutor.groovy:73)
	at com.kms.katalon.core.webui.keyword.WebUiBuiltInKeywords.verifyElementNotPresent(WebUiBuiltInKeywords.groovy:1493)
	at com.kms.katalon.core.webui.keyword.WebUiBuiltInKeywords$verifyElementNotPresent$21.call(Unknown Source)
	at Slik_Script.Slik_Verify_Detail(Slik_Script.groovy:468)
	at ✽.Click View Detail Link(/Users/chaidir.pratama01/Katalon Studio/IST_Automation_Git/Include/features/IST_Real/SLIK/SLIK Gateway Non Customer/SLIK_Gateway_Non_Customer_View_Detail_when_Status_APPROVED.feature:37)
Caused by: com.kms.katalon.core.exception.StepFailedException: Web element with id: '' located by 'By.xpath: //span[text()='Search Result']/../../../following-sibling::div[@class='z-groupbox-content']/div[@class='z-grid']/div[@class='z-grid-body']/table/tbody/tr/td[7]/div/div/span' is present after '3' second(s)
	at com.kms.katalon.core.webui.keyword.internal.WebUIKeywordMain.stepFailed(WebUIKeywordMain.groovy:64)
	at com.kms.katalon.core.webui.keyword.internal.WebUIKeywordMain$stepFailed$0.call(Unknown Source)
	at com.kms.katalon.core.webui.keyword.builtin.VerifyElementNotPresentKeyword$_verifyElementNotPresent_closure1.doCall(VerifyElementNotPresentKeyword.groovy:106)
	at com.kms.katalon.core.webui.keyword.builtin.VerifyElementNotPresentKeyword$_verifyElementNotPresent_closure1.doCall(VerifyElementNotPresentKeyword.groovy)
	at com.kms.katalon.core.webui.keyword.internal.WebUIKeywordMain.runKeyword(WebUIKeywordMain.groovy:20)
	at com.kms.katalon.core.webui.keyword.internal.WebUIKeywordMain$runKeyword.call(Unknown Source)
	at com.kms.katalon.core.webui.keyword.builtin.VerifyElementNotPresentKeyword.verifyElementNotPresent(VerifyElementNotPresentKeyword.groovy:117)
	at com.kms.katalon.core.webui.keyword.builtin.VerifyElementNotPresentKeyword.execute(VerifyElementNotPresentKeyword.groovy:68)
	at com.kms.katalon.core.keyword.internal.KeywordExecutor.executeKeywordForPlatform(KeywordExecutor.groovy:73)
	at com.kms.katalon.core.webui.keyword.WebUiBuiltInKeywords.verifyElementNotPresent(WebUiBuiltInKeywords.groovy:1493)
	at com.kms.katalon.core.webui.keyword.WebUiBuiltInKeywords$verifyElementNotPresent$21.call(Unknown Source)
	at Slik_Script.Slik_Verify_Detail(Slik_Script.groovy:468)
	at cucumber.runtime.Utils$1.call(Utils.java:26)
	at cucumber.runtime.Timeout.timeout(Timeout.java:16)
	at cucumber.runtime.Utils.invoke(Utils.java:20)
	at cucumber.runtime.java.JavaStepDefinition.execute(JavaStepDefinition.java:48)
	at cucumber.runtime.PickleStepDefinitionMatch.runStep(PickleStepDefinitionMatch.java:50)
	at cucumber.runner.TestStep.executeStep(TestStep.java:55)
	at cucumber.runner.TestStep.run(TestStep.java:42)
	at cucumber.runner.PickleStepTestStep.run(PickleStepTestStep.java:53)
	at cucumber.runner.TestCase.run(TestCase.java:47)
	at cucumber.runner.Runner.runPickle(Runner.java:44)
	at cucumber.runtime.Runtime.runFeature(Runtime.java:120)
	at cucumber.runtime.Runtime.run(Runtime.java:106)
	at cucumber.api.cli.Main.run(Main.java:35)
	at cucumber.api.cli.Main$run.call(Unknown Source)
	at com.kms.katalon.core.cucumber.keyword.CucumberBuiltinKeywords$_runFeatureFile_closure1.doCall(CucumberBuiltinKeywords.groovy:76)
	at com.kms.katalon.core.cucumber.keyword.CucumberBuiltinKeywords$_runFeatureFile_closure1.doCall(CucumberBuiltinKeywords.groovy)
	at com.kms.katalon.core.keyword.internal.KeywordMain.runKeyword(KeywordMain.groovy:68)
	at com.kms.katalon.core.keyword.internal.KeywordMain$runKeyword.call(Unknown Source)
	at com.kms.katalon.core.cucumber.keyword.CucumberBuiltinKeywords.runFeatureFile(CucumberBuiltinKeywords.groovy:46)
	at com.kms.katalon.core.cucumber.keyword.CucumberBuiltinKeywords$runFeatureFile$0.callStatic(Unknown Source)
	at com.kms.katalon.core.cucumber.keyword.CucumberBuiltinKeywords.runFeatureFile(CucumberBuiltinKeywords.groovy:169)
	at com.kms.katalon.core.cucumber.keyword.CucumberBuiltinKeywords$runFeatureFile.call(Unknown Source)
	at SLIK Gateway Non Customer View Detail when Status APPROVED.run(SLIK Gateway Non Customer View Detail when Status APPROVED:18)
	at com.kms.katalon.core.main.ScriptEngine.run(ScriptEngine.java:194)
	at com.kms.katalon.core.main.ScriptEngine.runScriptAsRawText(ScriptEngine.java:119)
	at com.kms.katalon.core.main.TestCaseExecutor.runScript(TestCaseExecutor.java:339)
	at com.kms.katalon.core.main.TestCaseExecutor.doExecute(TestCaseExecutor.java:330)
	at com.kms.katalon.core.main.TestCaseExecutor.processExecutionPhase(TestCaseExecutor.java:309)
	at com.kms.katalon.core.main.TestCaseExecutor.accessMainPhase(TestCaseExecutor.java:301)
	at com.kms.katalon.core.main.TestCaseExecutor.execute(TestCaseExecutor.java:235)
	at com.kms.katalon.core.main.TestSuiteExecutor.accessTestCaseMainPhase(TestSuiteExecutor.java:191)
	at com.kms.katalon.core.main.TestSuiteExecutor.accessTestSuiteMainPhase(TestSuiteExecutor.java:141)
	at com.kms.katalon.core.main.TestSuiteExecutor.execute(TestSuiteExecutor.java:90)
	at com.kms.katalon.core.main.TestCaseMain.startTestSuite(TestCaseMain.java:157)
	at com.kms.katalon.core.main.TestCaseMain$startTestSuite$0.call(Unknown Source)
	at TempTestSuite1602761215512.run(TempTestSuite1602761215512.groovy:39)


2020-10-15 18:39:06 - [MESSAGE][FAILED] - Web element with id: '' located by 'By.xpath: //span[text()='Search Result']/../../../following-sibling::div[@class='z-groupbox-content']/div[@class='z-grid']/div[@class='z-grid-body']/table/tbody/tr/td[7]/div/div/span' is present after '3' second(s) (Root cause: com.kms.katalon.core.exception.StepFailedException: Web element with id: '' located by 'By.xpath: //span[text()='Search Result']/../../../following-sibling::div[@class='z-groupbox-content']/div[@class='z-grid']/div[@class='z-grid-body']/table/tbody/tr/td[7]/div/div/span' is present after '3' second(s)
	at com.kms.katalon.core.webui.keyword.internal.WebUIKeywordMain.stepFailed(WebUIKeywordMain.groovy:64)
	at com.kms.katalon.core.webui.keyword.internal.WebUIKeywordMain$stepFailed$0.call(Unknown Source)
	at com.kms.katalon.core.webui.keyword.builtin.VerifyElementNotPresentKeyword$_verifyElementNotPresent_closure1.doCall(VerifyElementNotPresentKeyword.groovy:106)
	at com.kms.katalon.core.webui.keyword.builtin.VerifyElementNotPresentKeyword$_verifyElementNotPresent_closure1.doCall(VerifyElementNotPresentKeyword.groovy)
	at com.kms.katalon.core.webui.keyword.internal.WebUIKeywordMain.runKeyword(WebUIKeywordMain.groovy:20)
	at com.kms.katalon.core.webui.keyword.internal.WebUIKeywordMain$runKeyword.call(Unknown Source)
	at com.kms.katalon.core.webui.keyword.builtin.VerifyElementNotPresentKeyword.verifyElementNotPresent(VerifyElementNotPresentKeyword.groovy:117)
	at com.kms.katalon.core.webui.keyword.builtin.VerifyElementNotPresentKeyword.execute(VerifyElementNotPresentKeyword.groovy:68)
	at com.kms.katalon.core.keyword.internal.KeywordExecutor.executeKeywordForPlatform(KeywordExecutor.groovy:73)
	at com.kms.katalon.core.webui.keyword.WebUiBuiltInKeywords.verifyElementNotPresent(WebUiBuiltInKeywords.groovy:1493)
	at com.kms.katalon.core.webui.keyword.WebUiBuiltInKeywords$verifyElementNotPresent$21.call(Unknown Source)
	at Slik_Script.Slik_Verify_Detail(Slik_Script.groovy:468)
	at cucumber.runtime.Utils$1.call(Utils.java:26)
	at cucumber.runtime.Timeout.timeout(Timeout.java:16)
	at cucumber.runtime.Utils.invoke(Utils.java:20)
	at cucumber.runtime.java.JavaStepDefinition.execute(JavaStepDefinition.java:48)
	at cucumber.runtime.PickleStepDefinitionMatch.runStep(PickleStepDefinitionMatch.java:50)
	at cucumber.runner.TestStep.executeStep(TestStep.java:55)
	at cucumber.runner.TestStep.run(TestStep.java:42)
	at cucumber.runner.PickleStepTestStep.run(PickleStepTestStep.java:53)
	at cucumber.runner.TestCase.run(TestCase.java:47)
	at cucumber.runner.Runner.runPickle(Runner.java:44)
	at cucumber.runtime.Runtime.runFeature(Runtime.java:120)
	at cucumber.runtime.Runtime.run(Runtime.java:106)
	at cucumber.api.cli.Main.run(Main.java:35)
	at cucumber.api.cli.Main$run.call(Unknown Source)
	at com.kms.katalon.core.cucumber.keyword.CucumberBuiltinKeywords$_runFeatureFile_closure1.doCall(CucumberBuiltinKeywords.groovy:76)
	at com.kms.katalon.core.cucumber.keyword.CucumberBuiltinKeywords$_runFeatureFile_closure1.doCall(CucumberBuiltinKeywords.groovy)
	at com.kms.katalon.core.keyword.internal.KeywordMain.runKeyword(KeywordMain.groovy:68)
	at com.kms.katalon.core.keyword.internal.KeywordMain$runKeyword.call(Unknown Source)
	at com.kms.katalon.core.cucumber.keyword.CucumberBuiltinKeywords.runFeatureFile(CucumberBuiltinKeywords.groovy:46)
	at com.kms.katalon.core.cucumber.keyword.CucumberBuiltinKeywords$runFeatureFile$0.callStatic(Unknown Source)
	at com.kms.katalon.core.cucumber.keyword.CucumberBuiltinKeywords.runFeatureFile(CucumberBuiltinKeywords.groovy:169)
	at com.kms.katalon.core.cucumber.keyword.CucumberBuiltinKeywords$runFeatureFile.call(Unknown Source)
	at SLIK Gateway Non Customer View Detail when Status APPROVED.run(SLIK Gateway Non Customer View Detail when Status APPROVED:18)
	at com.kms.katalon.core.main.ScriptEngine.run(ScriptEngine.java:194)
	at com.kms.katalon.core.main.ScriptEngine.runScriptAsRawText(ScriptEngine.java:119)
	at com.kms.katalon.core.main.TestCaseExecutor.runScript(TestCaseExecutor.java:339)
	at com.kms.katalon.core.main.TestCaseExecutor.doExecute(TestCaseExecutor.java:330)
	at com.kms.katalon.core.main.TestCaseExecutor.processExecutionPhase(TestCaseExecutor.java:309)
	at com.kms.katalon.core.main.TestCaseExecutor.accessMainPhase(TestCaseExecutor.java:301)
	at com.kms.katalon.core.main.TestCaseExecutor.execute(TestCaseExecutor.java:235)
	at com.kms.katalon.core.main.TestSuiteExecutor.accessTestCaseMainPhase(TestSuiteExecutor.java:191)
	at com.kms.katalon.core.main.TestSuiteExecutor.accessTestSuiteMainPhase(TestSuiteExecutor.java:141)
	at com.kms.katalon.core.main.TestSuiteExecutor.execute(TestSuiteExecutor.java:90)
	at com.kms.katalon.core.main.TestCaseMain.startTestSuite(TestCaseMain.java:157)
	at com.kms.katalon.core.main.TestCaseMain$startTestSuite$0.call(Unknown Source)
	at TempTestSuite1602761215512.run(TempTestSuite1602761215512.groovy:39)
)
[[ATTACHMENT|/Users/chaidir.pratama01/Katalon Studio/IST_Automation_Git/Reports/20201015_182654/SLIK/TS_SLIK_Gateway_Non_Customer/20201015_182655/1602761946188.png]]

2020-10-15 18:39:07 - [MESSAGE][FAILED] - Unable to verify object '' is not present (Root cause: com.kms.katalon.core.exception.StepFailedException: Unable to verify object '' is not present
	at com.kms.katalon.core.webui.keyword.internal.WebUIKeywordMain.stepFailed(WebUIKeywordMain.groovy:64)
	at com.kms.katalon.core.webui.keyword.internal.WebUIKeywordMain.runKeyword(WebUIKeywordMain.groovy:26)
	at com.kms.katalon.core.webui.keyword.internal.WebUIKeywordMain$runKeyword.call(Unknown Source)
	at com.kms.katalon.core.webui.keyword.builtin.VerifyElementNotPresentKeyword.verifyElementNotPresent(VerifyElementNotPresentKeyword.groovy:117)
	at com.kms.katalon.core.webui.keyword.builtin.VerifyElementNotPresentKeyword.execute(VerifyElementNotPresentKeyword.groovy:68)
	at com.kms.katalon.core.keyword.internal.KeywordExecutor.executeKeywordForPlatform(KeywordExecutor.groovy:73)
	at com.kms.katalon.core.webui.keyword.WebUiBuiltInKeywords.verifyElementNotPresent(WebUiBuiltInKeywords.groovy:1493)
	at com.kms.katalon.core.webui.keyword.WebUiBuiltInKeywords$verifyElementNotPresent$21.call(Unknown Source)
	at Slik_Script.Slik_Verify_Detail(Slik_Script.groovy:468)
	at cucumber.runtime.Utils$1.call(Utils.java:26)
	at cucumber.runtime.Timeout.timeout(Timeout.java:16)
	at cucumber.runtime.Utils.invoke(Utils.java:20)
	at cucumber.runtime.java.JavaStepDefinition.execute(JavaStepDefinition.java:48)
	at cucumber.runtime.PickleStepDefinitionMatch.runStep(PickleStepDefinitionMatch.java:50)
	at cucumber.runner.TestStep.executeStep(TestStep.java:55)
	at cucumber.runner.TestStep.run(TestStep.java:42)
	at cucumber.runner.PickleStepTestStep.run(PickleStepTestStep.java:53)
	at cucumber.runner.TestCase.run(TestCase.java:47)
	at cucumber.runner.Runner.runPickle(Runner.java:44)
	at cucumber.runtime.Runtime.runFeature(Runtime.java:120)
	at cucumber.runtime.Runtime.run(Runtime.java:106)
	at cucumber.api.cli.Main.run(Main.java:35)
	at cucumber.api.cli.Main$run.call(Unknown Source)
	at com.kms.katalon.core.cucumber.keyword.CucumberBuiltinKeywords$_runFeatureFile_closure1.doCall(CucumberBuiltinKeywords.groovy:76)
	at com.kms.katalon.core.cucumber.keyword.CucumberBuiltinKeywords$_runFeatureFile_closure1.doCall(CucumberBuiltinKeywords.groovy)
	at com.kms.katalon.core.keyword.internal.KeywordMain.runKeyword(KeywordMain.groovy:68)
	at com.kms.katalon.core.keyword.internal.KeywordMain$runKeyword.call(Unknown Source)
	at com.kms.katalon.core.cucumber.keyword.CucumberBuiltinKeywords.runFeatureFile(CucumberBuiltinKeywords.groovy:46)
	at com.kms.katalon.core.cucumber.keyword.CucumberBuiltinKeywords$runFeatureFile$0.callStatic(Unknown Source)
	at com.kms.katalon.core.cucumber.keyword.CucumberBuiltinKeywords.runFeatureFile(CucumberBuiltinKeywords.groovy:169)
	at com.kms.katalon.core.cucumber.keyword.CucumberBuiltinKeywords$runFeatureFile.call(Unknown Source)
	at SLIK Gateway Non Customer View Detail when Status APPROVED.run(SLIK Gateway Non Customer View Detail when Status APPROVED:18)
	at com.kms.katalon.core.main.ScriptEngine.run(ScriptEngine.java:194)
	at com.kms.katalon.core.main.ScriptEngine.runScriptAsRawText(ScriptEngine.java:119)
	at com.kms.katalon.core.main.TestCaseExecutor.runScript(TestCaseExecutor.java:339)
	at com.kms.katalon.core.main.TestCaseExecutor.doExecute(TestCaseExecutor.java:330)
	at com.kms.katalon.core.main.TestCaseExecutor.processExecutionPhase(TestCaseExecutor.java:309)
	at com.kms.katalon.core.main.TestCaseExecutor.accessMainPhase(TestCaseExecutor.java:301)
	at com.kms.katalon.core.main.TestCaseExecutor.execute(TestCaseExecutor.java:235)
	at com.kms.katalon.core.main.TestSuiteExecutor.accessTestCaseMainPhase(TestSuiteExecutor.java:191)
	at com.kms.katalon.core.main.TestSuiteExecutor.accessTestSuiteMainPhase(TestSuiteExecutor.java:141)
	at com.kms.katalon.core.main.TestSuiteExecutor.execute(TestSuiteExecutor.java:90)
	at com.kms.katalon.core.main.TestCaseMain.startTestSuite(TestCaseMain.java:157)
	at com.kms.katalon.core.main.TestCaseMain$startTestSuite$0.call(Unknown Source)
	at TempTestSuite1602761215512.run(TempTestSuite1602761215512.groovy:39)
Caused by: com.kms.katalon.core.exception.StepFailedException: Web element with id: '' located by 'By.xpath: //span[text()='Search Result']/../../../following-sibling::div[@class='z-groupbox-content']/div[@class='z-grid']/div[@class='z-grid-body']/table/tbody/tr/td[7]/div/div/span' is present after '3' second(s)
	at com.kms.katalon.core.webui.keyword.internal.WebUIKeywordMain.stepFailed(WebUIKeywordMain.groovy:64)
	at com.kms.katalon.core.webui.keyword.internal.WebUIKeywordMain$stepFailed$0.call(Unknown Source)
	at com.kms.katalon.core.webui.keyword.builtin.VerifyElementNotPresentKeyword$_verifyElementNotPresent_closure1.doCall(VerifyElementNotPresentKeyword.groovy:106)
	at com.kms.katalon.core.webui.keyword.builtin.VerifyElementNotPresentKeyword$_verifyElementNotPresent_closure1.doCall(VerifyElementNotPresentKeyword.groovy)
	at com.kms.katalon.core.webui.keyword.internal.WebUIKeywordMain.runKeyword(WebUIKeywordMain.groovy:20)
	... 43 more
)
[[ATTACHMENT|/Users/chaidir.pratama01/Katalon Studio/IST_Automation_Git/Reports/20201015_182654/SLIK/TS_SLIK_Gateway_Non_Customer/20201015_182655/1602761946709.png]]

2020-10-15 18:39:07 - [MESSAGE][FAILED] - Click View Detail Link FAILED.
Reason:
com.kms.katalon.core.exception.StepFailedException: Unable to verify object '' is not present
	at com.kms.katalon.core.webui.keyword.internal.WebUIKeywordMain.stepFailed(WebUIKeywordMain.groovy:64)
	at com.kms.katalon.core.webui.keyword.internal.WebUIKeywordMain.runKeyword(WebUIKeywordMain.groovy:26)
	at com.kms.katalon.core.webui.keyword.internal.WebUIKeywordMain$runKeyword.call(Unknown Source)
	at com.kms.katalon.core.webui.keyword.builtin.VerifyElementNotPresentKeyword.verifyElementNotPresent(VerifyElementNotPresentKeyword.groovy:117)
	at com.kms.katalon.core.webui.keyword.builtin.VerifyElementNotPresentKeyword.execute(VerifyElementNotPresentKeyword.groovy:68)
	at com.kms.katalon.core.keyword.internal.KeywordExecutor.executeKeywordForPlatform(KeywordExecutor.groovy:73)
	at com.kms.katalon.core.webui.keyword.WebUiBuiltInKeywords.verifyElementNotPresent(WebUiBuiltInKeywords.groovy:1493)
	at com.kms.katalon.core.webui.keyword.WebUiBuiltInKeywords$verifyElementNotPresent$21.call(Unknown Source)
	at Slik_Script.Slik_Verify_Detail(Slik_Script.groovy:468)
	at ✽.Click View Detail Link(/Users/chaidir.pratama01/Katalon Studio/IST_Automation_Git/Include/features/IST_Real/SLIK/SLIK Gateway Non Customer/SLIK_Gateway_Non_Customer_View_Detail_when_Status_APPROVED.feature:37)
Caused by: com.kms.katalon.core.exception.StepFailedException: Web element with id: '' located by 'By.xpath: //span[text()='Search Result']/../../../following-sibling::div[@class='z-groupbox-content']/div[@class='z-grid']/div[@class='z-grid-body']/table/tbody/tr/td[7]/div/div/span' is present after '3' second(s)
	at com.kms.katalon.core.webui.keyword.internal.WebUIKeywordMain.stepFailed(WebUIKeywordMain.groovy:64)
	at com.kms.katalon.core.webui.keyword.internal.WebUIKeywordMain$stepFailed$0.call(Unknown Source)
	at com.kms.katalon.core.webui.keyword.builtin.VerifyElementNotPresentKeyword$_verifyElementNotPresent_closure1.doCall(VerifyElementNotPresentKeyword.groovy:106)
	at com.kms.katalon.core.webui.keyword.builtin.VerifyElementNotPresentKeyword$_verifyElementNotPresent_closure1.doCall(VerifyElementNotPresentKeyword.groovy)
	at com.kms.katalon.core.webui.keyword.internal.WebUIKeywordMain.runKeyword(WebUIKeywordMain.groovy:20)
	at com.kms.katalon.core.webui.keyword.internal.WebUIKeywordMain$runKeyword.call(Unknown Source)
	at com.kms.katalon.core.webui.keyword.builtin.VerifyElementNotPresentKeyword.verifyElementNotPresent(VerifyElementNotPresentKeyword.groovy:117)
	at com.kms.katalon.core.webui.keyword.builtin.VerifyElementNotPresentKeyword.execute(VerifyElementNotPresentKeyword.groovy:68)
	at com.kms.katalon.core.keyword.internal.KeywordExecutor.executeKeywordForPlatform(KeywordExecutor.groovy:73)
	at com.kms.katalon.core.webui.keyword.WebUiBuiltInKeywords.verifyElementNotPresent(WebUiBuiltInKeywords.groovy:1493)
	at com.kms.katalon.core.webui.keyword.WebUiBuiltInKeywords$verifyElementNotPresent$21.call(Unknown Source)
	at Slik_Script.Slik_Verify_Detail(Slik_Script.groovy:468)
	at cucumber.runtime.Utils$1.call(Utils.java:26)
	at cucumber.runtime.Timeout.timeout(Timeout.java:16)
	at cucumber.runtime.Utils.invoke(Utils.java:20)
	at cucumber.runtime.java.JavaStepDefinition.execute(JavaStepDefinition.java:48)
	at cucumber.runtime.PickleStepDefinitionMatch.runStep(PickleStepDefinitionMatch.java:50)
	at cucumber.runner.TestStep.executeStep(TestStep.java:55)
	at cucumber.runner.TestStep.run(TestStep.java:42)
	at cucumber.runner.PickleStepTestStep.run(PickleStepTestStep.java:53)
	at cucumber.runner.TestCase.run(TestCase.java:47)
	at cucumber.runner.Runner.runPickle(Runner.java:44)
	at cucumber.runtime.Runtime.runFeature(Runtime.java:120)
	at cucumber.runtime.Runtime.run(Runtime.java:106)
	at cucumber.api.cli.Main.run(Main.java:35)
	at cucumber.api.cli.Main$run.call(Unknown Source)
	at com.kms.katalon.core.cucumber.keyword.CucumberBuiltinKeywords$_runFeatureFile_closure1.doCall(CucumberBuiltinKeywords.groovy:76)
	at com.kms.katalon.core.cucumber.keyword.CucumberBuiltinKeywords$_runFeatureFile_closure1.doCall(CucumberBuiltinKeywords.groovy)
	at com.kms.katalon.core.keyword.internal.KeywordMain.runKeyword(KeywordMain.groovy:68)
	at com.kms.katalon.core.keyword.internal.KeywordMain$runKeyword.call(Unknown Source)
	at com.kms.katalon.core.cucumber.keyword.CucumberBuiltinKeywords.runFeatureFile(CucumberBuiltinKeywords.groovy:46)
	at com.kms.katalon.core.cucumber.keyword.CucumberBuiltinKeywords$runFeatureFile$0.callStatic(Unknown Source)
	at com.kms.katalon.core.cucumber.keyword.CucumberBuiltinKeywords.runFeatureFile(CucumberBuiltinKeywords.groovy:169)
	at com.kms.katalon.core.cucumber.keyword.CucumberBuiltinKeywords$runFeatureFile.call(Unknown Source)
	at SLIK Gateway Non Customer View Detail when Status APPROVED.run(SLIK Gateway Non Customer View Detail when Status APPROVED:18)
	at com.kms.katalon.core.main.ScriptEngine.run(ScriptEngine.java:194)
	at com.kms.katalon.core.main.ScriptEngine.runScriptAsRawText(ScriptEngine.java:119)
	at com.kms.katalon.core.main.TestCaseExecutor.runScript(TestCaseExecutor.java:339)
	at com.kms.katalon.core.main.TestCaseExecutor.doExecute(TestCaseExecutor.java:330)
	at com.kms.katalon.core.main.TestCaseExecutor.processExecutionPhase(TestCaseExecutor.java:309)
	at com.kms.katalon.core.main.TestCaseExecutor.accessMainPhase(TestCaseExecutor.java:301)
	at com.kms.katalon.core.main.TestCaseExecutor.execute(TestCaseExecutor.java:235)
	at com.kms.katalon.core.main.TestSuiteExecutor.accessTestCaseMainPhase(TestSuiteExecutor.java:191)
	at com.kms.katalon.core.main.TestSuiteExecutor.accessTestSuiteMainPhase(TestSuiteExecutor.java:141)
	at com.kms.katalon.core.main.TestSuiteExecutor.execute(TestSuiteExecutor.java:90)
	at com.kms.katalon.core.main.TestCaseMain.startTestSuite(TestCaseMain.java:157)
	at com.kms.katalon.core.main.TestCaseMain$startTestSuite$0.call(Unknown Source)
	at TempTestSuite1602761215512.run(TempTestSuite1602761215512.groovy:39)


2020-10-15 18:39:07 - [TEST_STEP][NOT_RUN] - Take Screenshot "View_detail_NonCutomer.png": Take Screenshot "View_detail_NonCutomer.png"

2020-10-15 18:39:07 - [MESSAGE][NOT_RUN] - Take Screenshot "View_detail_NonCutomer.png"

2020-10-15 18:39:07 - [TEST_STEP][NOT_RUN] - Verify Slik Result Detail Link: Verify Slik Result Detail Link

2020-10-15 18:39:07 - [MESSAGE][NOT_RUN] - Verify Slik Result Detail Link

2020-10-15 18:39:07 - [TEST_STEP][NOT_RUN] - Click button "Logout": Click button "Logout"

2020-10-15 18:39:07 - [MESSAGE][NOT_RUN] - Click button "Logout"

2020-10-15 18:39:07 - [TEST_STEP][NOT_RUN] - Close browser: Close browser

2020-10-15 18:39:07 - [MESSAGE][NOT_RUN] - Close browser

2020-10-15 18:39:07 - [MESSAGE][FAILED] - Feature file 'Include/features/IST_Real/SLIK/SLIK Gateway Non Customer/SLIK_Gateway_Non_Customer_View_Detail_when_Status_APPROVED.feature' was failed

2020-10-15 18:39:07 - [MESSAGE][FAILED] - Keyword runFeatureFile was failed (Root cause: com.kms.katalon.core.exception.StepFailedException: Feature file 'Include/features/IST_Real/SLIK/SLIK Gateway Non Customer/SLIK_Gateway_Non_Customer_View_Detail_when_Status_APPROVED.feature' was failed
	at com.kms.katalon.core.keyword.internal.KeywordMain.stepFailed(KeywordMain.groovy:50)
	at com.kms.katalon.core.keyword.internal.KeywordMain.stepFailed(KeywordMain.groovy)
	at com.kms.katalon.core.keyword.internal.KeywordMain.stepFailed(KeywordMain.groovy:23)
	at com.kms.katalon.core.keyword.internal.KeywordMain$stepFailed$0.call(Unknown Source)
	at com.kms.katalon.core.cucumber.keyword.CucumberBuiltinKeywords$_runFeatureFile_closure1.doCall(CucumberBuiltinKeywords.groovy:82)
	at com.kms.katalon.core.cucumber.keyword.CucumberBuiltinKeywords$_runFeatureFile_closure1.doCall(CucumberBuiltinKeywords.groovy)
	at com.kms.katalon.core.keyword.internal.KeywordMain.runKeyword(KeywordMain.groovy:68)
	at com.kms.katalon.core.keyword.internal.KeywordMain$runKeyword.call(Unknown Source)
	at com.kms.katalon.core.cucumber.keyword.CucumberBuiltinKeywords.runFeatureFile(CucumberBuiltinKeywords.groovy:46)
	at com.kms.katalon.core.cucumber.keyword.CucumberBuiltinKeywords$runFeatureFile$0.callStatic(Unknown Source)
	at com.kms.katalon.core.cucumber.keyword.CucumberBuiltinKeywords.runFeatureFile(CucumberBuiltinKeywords.groovy:169)
	at com.kms.katalon.core.cucumber.keyword.CucumberBuiltinKeywords$runFeatureFile.call(Unknown Source)
	at SLIK Gateway Non Customer View Detail when Status APPROVED.run(SLIK Gateway Non Customer View Detail when Status APPROVED:18)
	at com.kms.katalon.core.main.ScriptEngine.run(ScriptEngine.java:194)
	at com.kms.katalon.core.main.ScriptEngine.runScriptAsRawText(ScriptEngine.java:119)
	at com.kms.katalon.core.main.TestCaseExecutor.runScript(TestCaseExecutor.java:339)
	at com.kms.katalon.core.main.TestCaseExecutor.doExecute(TestCaseExecutor.java:330)
	at com.kms.katalon.core.main.TestCaseExecutor.processExecutionPhase(TestCaseExecutor.java:309)
	at com.kms.katalon.core.main.TestCaseExecutor.accessMainPhase(TestCaseExecutor.java:301)
	at com.kms.katalon.core.main.TestCaseExecutor.execute(TestCaseExecutor.java:235)
	at com.kms.katalon.core.main.TestSuiteExecutor.accessTestCaseMainPhase(TestSuiteExecutor.java:191)
	at com.kms.katalon.core.main.TestSuiteExecutor.accessTestSuiteMainPhase(TestSuiteExecutor.java:141)
	at com.kms.katalon.core.main.TestSuiteExecutor.execute(TestSuiteExecutor.java:90)
	at com.kms.katalon.core.main.TestCaseMain.startTestSuite(TestCaseMain.java:157)
	at com.kms.katalon.core.main.TestCaseMain$startTestSuite$0.call(Unknown Source)
	at TempTestSuite1602761215512.run(TempTestSuite1602761215512.groovy:39)
)]]></system-out>
         <system-err><![CDATA[2020-10-15 18:38:49 - [TEST_CASE][FAILED] - Test Cases/IST_Real/SLIK/SLIK_Gateway_Non_Customer/SLIK Gateway Non Customer View Detail when Status APPROVED: Test Cases/IST_Real/SLIK/SLIK_Gateway_Non_Customer/SLIK Gateway Non Customer View Detail when Status APPROVED FAILED.
Reason:
com.kms.katalon.core.exception.StepFailedException: Feature file 'Include/features/IST_Real/SLIK/SLIK Gateway Non Customer/SLIK_Gateway_Non_Customer_View_Detail_when_Status_APPROVED.feature' was failed
	at com.kms.katalon.core.keyword.internal.KeywordMain.stepFailed(KeywordMain.groovy:50)
	at com.kms.katalon.core.keyword.internal.KeywordMain.stepFailed(KeywordMain.groovy)
	at com.kms.katalon.core.keyword.internal.KeywordMain.stepFailed(KeywordMain.groovy:23)
	at com.kms.katalon.core.keyword.internal.KeywordMain$stepFailed$0.call(Unknown Source)
	at com.kms.katalon.core.cucumber.keyword.CucumberBuiltinKeywords$_runFeatureFile_closure1.doCall(CucumberBuiltinKeywords.groovy:82)
	at com.kms.katalon.core.cucumber.keyword.CucumberBuiltinKeywords$_runFeatureFile_closure1.doCall(CucumberBuiltinKeywords.groovy)
	at com.kms.katalon.core.keyword.internal.KeywordMain.runKeyword(KeywordMain.groovy:68)
	at com.kms.katalon.core.keyword.internal.KeywordMain$runKeyword.call(Unknown Source)
	at com.kms.katalon.core.cucumber.keyword.CucumberBuiltinKeywords.runFeatureFile(CucumberBuiltinKeywords.groovy:46)
	at com.kms.katalon.core.cucumber.keyword.CucumberBuiltinKeywords$runFeatureFile$0.callStatic(Unknown Source)
	at com.kms.katalon.core.cucumber.keyword.CucumberBuiltinKeywords.runFeatureFile(CucumberBuiltinKeywords.groovy:169)
	at com.kms.katalon.core.cucumber.keyword.CucumberBuiltinKeywords$runFeatureFile.call(Unknown Source)
	at SLIK Gateway Non Customer View Detail when Status APPROVED.run(SLIK Gateway Non Customer View Detail when Status APPROVED:18)
	at com.kms.katalon.core.main.ScriptEngine.run(ScriptEngine.java:194)
	at com.kms.katalon.core.main.ScriptEngine.runScriptAsRawText(ScriptEngine.java:119)
	at com.kms.katalon.core.main.TestCaseExecutor.runScript(TestCaseExecutor.java:339)
	at com.kms.katalon.core.main.TestCaseExecutor.doExecute(TestCaseExecutor.java:330)
	at com.kms.katalon.core.main.TestCaseExecutor.processExecutionPhase(TestCaseExecutor.java:309)
	at com.kms.katalon.core.main.TestCaseExecutor.accessMainPhase(TestCaseExecutor.java:301)
	at com.kms.katalon.core.main.TestCaseExecutor.execute(TestCaseExecutor.java:235)
	at com.kms.katalon.core.main.TestSuiteExecutor.accessTestCaseMainPhase(TestSuiteExecutor.java:191)
	at com.kms.katalon.core.main.TestSuiteExecutor.accessTestSuiteMainPhase(TestSuiteExecutor.java:141)
	at com.kms.katalon.core.main.TestSuiteExecutor.execute(TestSuiteExecutor.java:90)
	at com.kms.katalon.core.main.TestCaseMain.startTestSuite(TestCaseMain.java:157)
	at com.kms.katalon.core.main.TestCaseMain$startTestSuite$0.call(Unknown Source)
	at TempTestSuite1602761215512.run(TempTestSuite1602761215512.groovy:39)]]></system-err>
      </testcase>
      <testcase name="Test Cases/IST_Real/SLIK/SLIK_Gateway_Non_Customer/SLIK Gateway Non Customer View Detail when Status NOT_APPROVED" time="16.114" classname="Test Cases/IST_Real/SLIK/SLIK_Gateway_Non_Customer/SLIK Gateway Non Customer View Detail when Status NOT_APPROVED" status="PASSED">
         <system-out><![CDATA[2020-10-15 18:39:07 - [TEST_CASE][PASSED] - Test Cases/IST_Real/SLIK/SLIK_Gateway_Non_Customer/SLIK Gateway Non Customer View Detail when Status NOT_APPROVED: Test Cases/IST_Real/SLIK/SLIK_Gateway_Non_Customer/SLIK Gateway Non Customer View Detail when Status NOT_APPROVED

2020-10-15 18:39:07 - [TEST_STEP][PASSED] - runFeatureFile("Include/features/IST_Real/SLIK/SLIK Gateway Non Customer/SLIK_Gateway_Non_Customer_View_Detail_when_Status_NOT_APPROVED.feature"): Feature file: 'Include/features/IST_Real/SLIK/SLIK Gateway Non Customer/SLIK_Gateway_Non_Customer_View_Detail_when_Status_NOT_APPROVED.feature' was passed

2020-10-15 18:39:07 - [MESSAGE][INFO] - Starting run keyword runFeatureFile: 'Include/features/IST_Real/SLIK/SLIK Gateway Non Customer/SLIK_Gateway_Non_Customer_View_Detail_when_Status_NOT_APPROVED.feature' and extract report to folder: '/Users/chaidir.pratama01/Katalon Studio/IST_Automation_Git/Reports/20201015_182654/SLIK/TS_SLIK_Gateway_Non_Customer/20201015_182655/cucumber_report/1602761947348'...

2020-10-15 18:39:07 - [TEST_CASE][PASSED] - Start Test Case : SCENARIO SLIK Gateway Non Customer View Detail Link: SCENARIO SLIK Gateway Non Customer View Detail Link

2020-10-15 18:39:07 - [TEST_STEP][PASSED] - Go to ISTools: Go to ISTools

2020-10-15 18:39:07 - [MESSAGE][WARNING] - A browser is already opened. Closing browser and opening a new one

2020-10-15 18:39:07 - [MESSAGE][INFO] - Starting 'Chrome' driver

2020-10-15 18:39:07 - [MESSAGE][INFO] - User set preference: ['AcceptInsecureCerts', 'true']

2020-10-15 18:39:07 - [MESSAGE][INFO] - User set preference: ['args', '[ignore-certificate-errors]']

2020-10-15 18:39:07 - [MESSAGE][INFO] - Action delay is set to 0 milliseconds

2020-10-15 18:39:08 - [MESSAGE][PASSED] - Browser is opened with url: ''

2020-10-15 18:39:09 - [MESSAGE][PASSED] - Navigate to 'https://dev-istools.homecredit.id/foundation/' successfully

2020-10-15 18:39:09 - [MESSAGE][PASSED] - Go to ISTools

2020-10-15 18:39:09 - [TEST_STEP][PASSED] - Login IST with valid credentials: Login IST with valid credentials

2020-10-15 18:39:10 - [MESSAGE][PASSED] - Text 'mobile.test' is set on object 'Object Repository/Page_/input_Username_j_username'

2020-10-15 18:39:10 - [MESSAGE][PASSED] - Text ****** has been set on object 'Object Repository/Page_/input_Password_j_password'

2020-10-15 18:39:11 - [MESSAGE][PASSED] - Object: 'Object Repository/Page_/button_Login' is clicked on

2020-10-15 18:39:11 - [MESSAGE][PASSED] - Login IST with valid credentials

2020-10-15 18:39:11 - [TEST_STEP][PASSED] - Login Success for contract dispatcher: Login Success for contract dispatcher

2020-10-15 18:39:11 - [MESSAGE][INFO] - Login Success

2020-10-15 18:39:11 - [MESSAGE][PASSED] - Current window maximized

2020-10-15 18:39:11 - [MESSAGE][PASSED] - Object 'Object Repository/Page_/h1_Welcome to IT Supporting Tools' is present

2020-10-15 18:39:11 - [MESSAGE][PASSED] - Login Success for contract dispatcher

2020-10-15 18:39:11 - [TEST_STEP][PASSED] - Select Menu SLIK Gateway NonCustomer: Select Menu SLIK Gateway NonCustomer

2020-10-15 18:39:12 - [MESSAGE][PASSED] - Object '' is present

2020-10-15 18:39:12 - [MESSAGE][PASSED] - Object: '' is clicked on

2020-10-15 18:39:12 - [MESSAGE][PASSED] - Wait for page load successfully

2020-10-15 18:39:12 - [MESSAGE][PASSED] - Select Menu SLIK Gateway NonCustomer

2020-10-15 18:39:12 - [TEST_STEP][PASSED] - Select Status is "NOT_APPROVED": Select Status is "NOT_APPROVED"

2020-10-15 18:39:13 - [MESSAGE][PASSED] - All options with value 'NOT_APPROVED' are selected in object ''  using regular expression

2020-10-15 18:39:13 - [MESSAGE][PASSED] - Select Status is "NOT_APPROVED"

2020-10-15 18:39:13 - [TEST_STEP][PASSED] - Click button "Search": Click button "Search"

2020-10-15 18:39:13 - [MESSAGE][INFO] - >>>>>//Button[contains(text(),'Search')]

2020-10-15 18:39:17 - [MESSAGE][PASSED] - Object: '' is clicked on

2020-10-15 18:39:17 - [MESSAGE][PASSED] - Click button "Search"

2020-10-15 18:39:17 - [TEST_STEP][PASSED] - Verify Search Result Based on Result Status: Verify Search Result Based on Result Status

2020-10-15 18:39:17 - [MESSAGE][PASSED] - Scroll to object '' successfully

2020-10-15 18:39:18 - [MESSAGE][PASSED] - Actual text and expected text of test object '' are matched.

2020-10-15 18:39:18 - [MESSAGE][PASSED] - Text of object '' is: 'NOT_APPROVED -'

2020-10-15 18:39:18 - [MESSAGE][PASSED] - Text of object '' is: '8888888888888888'

2020-10-15 18:39:18 - [MESSAGE][PASSED] - Verify Search Result Based on Result Status

2020-10-15 18:39:18 - [TEST_STEP][PASSED] - Click View Detail Link: Click View Detail Link

2020-10-15 18:39:18 - [MESSAGE][PASSED] - Web element with id: '' located by 'By.xpath: //span[text()='Search Result']/../../../following-sibling::div[@class='z-groupbox-content']/div[@class='z-grid']/div[@class='z-grid-body']/table/tbody/tr/td[7]/div/div/span' is not present after '3' second(s)

2020-10-15 18:39:18 - [MESSAGE][PASSED] - Click View Detail Link

2020-10-15 18:39:18 - [TEST_STEP][PASSED] - Take Screenshot "View_detail_NonCutomer.png": Take Screenshot "View_detail_NonCutomer.png"

2020-10-15 18:39:19 - [MESSAGE][PASSED] - Taking screenshot successfully
[[ATTACHMENT|/Users/chaidir.pratama01/Katalon Studio/IST_Automation_Git/img/View_detail_NonCutomer.png]]

2020-10-15 18:39:19 - [MESSAGE][PASSED] - Take Screenshot "View_detail_NonCutomer.png"

2020-10-15 18:39:19 - [TEST_STEP][PASSED] - Verify Slik Result Detail Link: Verify Slik Result Detail Link

2020-10-15 18:39:19 - [MESSAGE][PASSED] - Verify Slik Result Detail Link

2020-10-15 18:39:19 - [TEST_STEP][PASSED] - Click button "Logout": Click button "Logout"

2020-10-15 18:39:19 - [MESSAGE][INFO] - >>>>>//Button[contains(text(),'Logout')]

2020-10-15 18:39:23 - [MESSAGE][PASSED] - Object: '' is clicked on

2020-10-15 18:39:23 - [MESSAGE][PASSED] - Click button "Logout"

2020-10-15 18:39:23 - [TEST_STEP][PASSED] - Close browser: Close browser

2020-10-15 18:39:23 - [MESSAGE][PASSED] - Browser is closed

2020-10-15 18:39:23 - [MESSAGE][PASSED] - Close browser

2020-10-15 18:39:23 - [MESSAGE][PASSED] - Feature file: 'Include/features/IST_Real/SLIK/SLIK Gateway Non Customer/SLIK_Gateway_Non_Customer_View_Detail_when_Status_NOT_APPROVED.feature' was passed]]></system-out>
         <system-err><![CDATA[]]></system-err>
      </testcase>
      <testcase name="Test Cases/IST_Real/SLIK/SLIK_Gateway_Non_Customer/SLIK Gateway Non Customer View Detal when Status APPROVED-SUCCESS" time="18.211" classname="Test Cases/IST_Real/SLIK/SLIK_Gateway_Non_Customer/SLIK Gateway Non Customer View Detal when Status APPROVED-SUCCESS" status="FAILED">
         <failure type="FAILED" message="Test Cases/IST_Real/SLIK/SLIK_Gateway_Non_Customer/SLIK Gateway Non Customer View Detal when Status APPROVED-SUCCESS FAILED.
Reason:
com.kms.katalon.core.exception.StepFailedException: Feature file 'Include/features/IST_Real/SLIK/SLIK Gateway Non Customer/SLIK_Gateway_Non_Customer_View_Detail_when_Status_APPROVED-SUCCESS.feature' was failed
	at com.kms.katalon.core.keyword.internal.KeywordMain.stepFailed(KeywordMain.groovy:50)
	at com.kms.katalon.core.keyword.internal.KeywordMain.stepFailed(KeywordMain.groovy)
	at com.kms.katalon.core.keyword.internal.KeywordMain.stepFailed(KeywordMain.groovy:23)
	at com.kms.katalon.core.keyword.internal.KeywordMain$stepFailed$0.call(Unknown Source)
	at com.kms.katalon.core.cucumber.keyword.CucumberBuiltinKeywords$_runFeatureFile_closure1.doCall(CucumberBuiltinKeywords.groovy:82)
	at com.kms.katalon.core.cucumber.keyword.CucumberBuiltinKeywords$_runFeatureFile_closure1.doCall(CucumberBuiltinKeywords.groovy)
	at com.kms.katalon.core.keyword.internal.KeywordMain.runKeyword(KeywordMain.groovy:68)
	at com.kms.katalon.core.keyword.internal.KeywordMain$runKeyword.call(Unknown Source)
	at com.kms.katalon.core.cucumber.keyword.CucumberBuiltinKeywords.runFeatureFile(CucumberBuiltinKeywords.groovy:46)
	at com.kms.katalon.core.cucumber.keyword.CucumberBuiltinKeywords$runFeatureFile$0.callStatic(Unknown Source)
	at com.kms.katalon.core.cucumber.keyword.CucumberBuiltinKeywords.runFeatureFile(CucumberBuiltinKeywords.groovy:169)
	at com.kms.katalon.core.cucumber.keyword.CucumberBuiltinKeywords$runFeatureFile.call(Unknown Source)
	at SLIK Gateway Non Customer View Detal when Status APPROVED-SUCCESS.run(SLIK Gateway Non Customer View Detal when Status APPROVED-SUCCESS:18)
	at com.kms.katalon.core.main.ScriptEngine.run(ScriptEngine.java:194)
	at com.kms.katalon.core.main.ScriptEngine.runScriptAsRawText(ScriptEngine.java:119)
	at com.kms.katalon.core.main.TestCaseExecutor.runScript(TestCaseExecutor.java:339)
	at com.kms.katalon.core.main.TestCaseExecutor.doExecute(TestCaseExecutor.java:330)
	at com.kms.katalon.core.main.TestCaseExecutor.processExecutionPhase(TestCaseExecutor.java:309)
	at com.kms.katalon.core.main.TestCaseExecutor.accessMainPhase(TestCaseExecutor.java:301)
	at com.kms.katalon.core.main.TestCaseExecutor.execute(TestCaseExecutor.java:235)
	at com.kms.katalon.core.main.TestSuiteExecutor.accessTestCaseMainPhase(TestSuiteExecutor.java:191)
	at com.kms.katalon.core.main.TestSuiteExecutor.accessTestSuiteMainPhase(TestSuiteExecutor.java:141)
	at com.kms.katalon.core.main.TestSuiteExecutor.execute(TestSuiteExecutor.java:90)
	at com.kms.katalon.core.main.TestCaseMain.startTestSuite(TestCaseMain.java:157)
	at com.kms.katalon.core.main.TestCaseMain$startTestSuite$0.call(Unknown Source)
	at TempTestSuite1602761215512.run(TempTestSuite1602761215512.groovy:39)
"/>
         <system-out><![CDATA[2020-10-15 18:39:23 - [TEST_CASE][FAILED] - Test Cases/IST_Real/SLIK/SLIK_Gateway_Non_Customer/SLIK Gateway Non Customer View Detal when Status APPROVED-SUCCESS: Test Cases/IST_Real/SLIK/SLIK_Gateway_Non_Customer/SLIK Gateway Non Customer View Detal when Status APPROVED-SUCCESS FAILED.
Reason:
com.kms.katalon.core.exception.StepFailedException: Feature file 'Include/features/IST_Real/SLIK/SLIK Gateway Non Customer/SLIK_Gateway_Non_Customer_View_Detail_when_Status_APPROVED-SUCCESS.feature' was failed
	at com.kms.katalon.core.keyword.internal.KeywordMain.stepFailed(KeywordMain.groovy:50)
	at com.kms.katalon.core.keyword.internal.KeywordMain.stepFailed(KeywordMain.groovy)
	at com.kms.katalon.core.keyword.internal.KeywordMain.stepFailed(KeywordMain.groovy:23)
	at com.kms.katalon.core.keyword.internal.KeywordMain$stepFailed$0.call(Unknown Source)
	at com.kms.katalon.core.cucumber.keyword.CucumberBuiltinKeywords$_runFeatureFile_closure1.doCall(CucumberBuiltinKeywords.groovy:82)
	at com.kms.katalon.core.cucumber.keyword.CucumberBuiltinKeywords$_runFeatureFile_closure1.doCall(CucumberBuiltinKeywords.groovy)
	at com.kms.katalon.core.keyword.internal.KeywordMain.runKeyword(KeywordMain.groovy:68)
	at com.kms.katalon.core.keyword.internal.KeywordMain$runKeyword.call(Unknown Source)
	at com.kms.katalon.core.cucumber.keyword.CucumberBuiltinKeywords.runFeatureFile(CucumberBuiltinKeywords.groovy:46)
	at com.kms.katalon.core.cucumber.keyword.CucumberBuiltinKeywords$runFeatureFile$0.callStatic(Unknown Source)
	at com.kms.katalon.core.cucumber.keyword.CucumberBuiltinKeywords.runFeatureFile(CucumberBuiltinKeywords.groovy:169)
	at com.kms.katalon.core.cucumber.keyword.CucumberBuiltinKeywords$runFeatureFile.call(Unknown Source)
	at SLIK Gateway Non Customer View Detal when Status APPROVED-SUCCESS.run(SLIK Gateway Non Customer View Detal when Status APPROVED-SUCCESS:18)
	at com.kms.katalon.core.main.ScriptEngine.run(ScriptEngine.java:194)
	at com.kms.katalon.core.main.ScriptEngine.runScriptAsRawText(ScriptEngine.java:119)
	at com.kms.katalon.core.main.TestCaseExecutor.runScript(TestCaseExecutor.java:339)
	at com.kms.katalon.core.main.TestCaseExecutor.doExecute(TestCaseExecutor.java:330)
	at com.kms.katalon.core.main.TestCaseExecutor.processExecutionPhase(TestCaseExecutor.java:309)
	at com.kms.katalon.core.main.TestCaseExecutor.accessMainPhase(TestCaseExecutor.java:301)
	at com.kms.katalon.core.main.TestCaseExecutor.execute(TestCaseExecutor.java:235)
	at com.kms.katalon.core.main.TestSuiteExecutor.accessTestCaseMainPhase(TestSuiteExecutor.java:191)
	at com.kms.katalon.core.main.TestSuiteExecutor.accessTestSuiteMainPhase(TestSuiteExecutor.java:141)
	at com.kms.katalon.core.main.TestSuiteExecutor.execute(TestSuiteExecutor.java:90)
	at com.kms.katalon.core.main.TestCaseMain.startTestSuite(TestCaseMain.java:157)
	at com.kms.katalon.core.main.TestCaseMain$startTestSuite$0.call(Unknown Source)
	at TempTestSuite1602761215512.run(TempTestSuite1602761215512.groovy:39)


2020-10-15 18:39:23 - [TEST_STEP][FAILED] - runFeatureFile("Include/features/IST_Real/SLIK/SLIK Gateway Non Customer/SLIK_Gateway_Non_Customer_View_Detail_when_Status_APPROVED-SUCCESS.feature"): Keyword runFeatureFile was failed (Root cause: com.kms.katalon.core.exception.StepFailedException: Feature file 'Include/features/IST_Real/SLIK/SLIK Gateway Non Customer/SLIK_Gateway_Non_Customer_View_Detail_when_Status_APPROVED-SUCCESS.feature' was failed
	at com.kms.katalon.core.keyword.internal.KeywordMain.stepFailed(KeywordMain.groovy:50)
	at com.kms.katalon.core.keyword.internal.KeywordMain.stepFailed(KeywordMain.groovy)
	at com.kms.katalon.core.keyword.internal.KeywordMain.stepFailed(KeywordMain.groovy:23)
	at com.kms.katalon.core.keyword.internal.KeywordMain$stepFailed$0.call(Unknown Source)
	at com.kms.katalon.core.cucumber.keyword.CucumberBuiltinKeywords$_runFeatureFile_closure1.doCall(CucumberBuiltinKeywords.groovy:82)
	at com.kms.katalon.core.cucumber.keyword.CucumberBuiltinKeywords$_runFeatureFile_closure1.doCall(CucumberBuiltinKeywords.groovy)
	at com.kms.katalon.core.keyword.internal.KeywordMain.runKeyword(KeywordMain.groovy:68)
	at com.kms.katalon.core.keyword.internal.KeywordMain$runKeyword.call(Unknown Source)
	at com.kms.katalon.core.cucumber.keyword.CucumberBuiltinKeywords.runFeatureFile(CucumberBuiltinKeywords.groovy:46)
	at com.kms.katalon.core.cucumber.keyword.CucumberBuiltinKeywords$runFeatureFile$0.callStatic(Unknown Source)
	at com.kms.katalon.core.cucumber.keyword.CucumberBuiltinKeywords.runFeatureFile(CucumberBuiltinKeywords.groovy:169)
	at com.kms.katalon.core.cucumber.keyword.CucumberBuiltinKeywords$runFeatureFile.call(Unknown Source)
	at SLIK Gateway Non Customer View Detal when Status APPROVED-SUCCESS.run(SLIK Gateway Non Customer View Detal when Status APPROVED-SUCCESS:18)
	at com.kms.katalon.core.main.ScriptEngine.run(ScriptEngine.java:194)
	at com.kms.katalon.core.main.ScriptEngine.runScriptAsRawText(ScriptEngine.java:119)
	at com.kms.katalon.core.main.TestCaseExecutor.runScript(TestCaseExecutor.java:339)
	at com.kms.katalon.core.main.TestCaseExecutor.doExecute(TestCaseExecutor.java:330)
	at com.kms.katalon.core.main.TestCaseExecutor.processExecutionPhase(TestCaseExecutor.java:309)
	at com.kms.katalon.core.main.TestCaseExecutor.accessMainPhase(TestCaseExecutor.java:301)
	at com.kms.katalon.core.main.TestCaseExecutor.execute(TestCaseExecutor.java:235)
	at com.kms.katalon.core.main.TestSuiteExecutor.accessTestCaseMainPhase(TestSuiteExecutor.java:191)
	at com.kms.katalon.core.main.TestSuiteExecutor.accessTestSuiteMainPhase(TestSuiteExecutor.java:141)
	at com.kms.katalon.core.main.TestSuiteExecutor.execute(TestSuiteExecutor.java:90)
	at com.kms.katalon.core.main.TestCaseMain.startTestSuite(TestCaseMain.java:157)
	at com.kms.katalon.core.main.TestCaseMain$startTestSuite$0.call(Unknown Source)
	at TempTestSuite1602761215512.run(TempTestSuite1602761215512.groovy:39)
)

2020-10-15 18:39:23 - [MESSAGE][INFO] - Starting run keyword runFeatureFile: 'Include/features/IST_Real/SLIK/SLIK Gateway Non Customer/SLIK_Gateway_Non_Customer_View_Detail_when_Status_APPROVED-SUCCESS.feature' and extract report to folder: '/Users/chaidir.pratama01/Katalon Studio/IST_Automation_Git/Reports/20201015_182654/SLIK/TS_SLIK_Gateway_Non_Customer/20201015_182655/cucumber_report/1602761963464'...

2020-10-15 18:39:23 - [TEST_CASE][FAILED] - Start Test Case : SCENARIO SLIK Gateway Non Customer View Detail Link: SCENARIO SLIK Gateway Non Customer View Detail Link FAILED.
Reason:
com.kms.katalon.core.exception.StepFailedException: Unable to verify object '' is not present
	at com.kms.katalon.core.webui.keyword.internal.WebUIKeywordMain.stepFailed(WebUIKeywordMain.groovy:64)
	at com.kms.katalon.core.webui.keyword.internal.WebUIKeywordMain.runKeyword(WebUIKeywordMain.groovy:26)
	at com.kms.katalon.core.webui.keyword.internal.WebUIKeywordMain$runKeyword.call(Unknown Source)
	at com.kms.katalon.core.webui.keyword.builtin.VerifyElementNotPresentKeyword.verifyElementNotPresent(VerifyElementNotPresentKeyword.groovy:117)
	at com.kms.katalon.core.webui.keyword.builtin.VerifyElementNotPresentKeyword.execute(VerifyElementNotPresentKeyword.groovy:68)
	at com.kms.katalon.core.keyword.internal.KeywordExecutor.executeKeywordForPlatform(KeywordExecutor.groovy:73)
	at com.kms.katalon.core.webui.keyword.WebUiBuiltInKeywords.verifyElementNotPresent(WebUiBuiltInKeywords.groovy:1493)
	at com.kms.katalon.core.webui.keyword.WebUiBuiltInKeywords$verifyElementNotPresent$21.call(Unknown Source)
	at Slik_Script.Slik_Verify_Detail(Slik_Script.groovy:468)
	at ✽.Click View Detail Link(/Users/chaidir.pratama01/Katalon Studio/IST_Automation_Git/Include/features/IST_Real/SLIK/SLIK Gateway Non Customer/SLIK_Gateway_Non_Customer_View_Detail_when_Status_APPROVED-SUCCESS.feature:37)
Caused by: com.kms.katalon.core.exception.StepFailedException: Web element with id: '' located by 'By.xpath: //span[text()='Search Result']/../../../following-sibling::div[@class='z-groupbox-content']/div[@class='z-grid']/div[@class='z-grid-body']/table/tbody/tr/td[7]/div/div/span' is present after '3' second(s)
	at com.kms.katalon.core.webui.keyword.internal.WebUIKeywordMain.stepFailed(WebUIKeywordMain.groovy:64)
	at com.kms.katalon.core.webui.keyword.internal.WebUIKeywordMain$stepFailed$0.call(Unknown Source)
	at com.kms.katalon.core.webui.keyword.builtin.VerifyElementNotPresentKeyword$_verifyElementNotPresent_closure1.doCall(VerifyElementNotPresentKeyword.groovy:106)
	at com.kms.katalon.core.webui.keyword.builtin.VerifyElementNotPresentKeyword$_verifyElementNotPresent_closure1.doCall(VerifyElementNotPresentKeyword.groovy)
	at com.kms.katalon.core.webui.keyword.internal.WebUIKeywordMain.runKeyword(WebUIKeywordMain.groovy:20)
	at com.kms.katalon.core.webui.keyword.internal.WebUIKeywordMain$runKeyword.call(Unknown Source)
	at com.kms.katalon.core.webui.keyword.builtin.VerifyElementNotPresentKeyword.verifyElementNotPresent(VerifyElementNotPresentKeyword.groovy:117)
	at com.kms.katalon.core.webui.keyword.builtin.VerifyElementNotPresentKeyword.execute(VerifyElementNotPresentKeyword.groovy:68)
	at com.kms.katalon.core.keyword.internal.KeywordExecutor.executeKeywordForPlatform(KeywordExecutor.groovy:73)
	at com.kms.katalon.core.webui.keyword.WebUiBuiltInKeywords.verifyElementNotPresent(WebUiBuiltInKeywords.groovy:1493)
	at com.kms.katalon.core.webui.keyword.WebUiBuiltInKeywords$verifyElementNotPresent$21.call(Unknown Source)
	at Slik_Script.Slik_Verify_Detail(Slik_Script.groovy:468)
	at cucumber.runtime.Utils$1.call(Utils.java:26)
	at cucumber.runtime.Timeout.timeout(Timeout.java:16)
	at cucumber.runtime.Utils.invoke(Utils.java:20)
	at cucumber.runtime.java.JavaStepDefinition.execute(JavaStepDefinition.java:48)
	at cucumber.runtime.PickleStepDefinitionMatch.runStep(PickleStepDefinitionMatch.java:50)
	at cucumber.runner.TestStep.executeStep(TestStep.java:55)
	at cucumber.runner.TestStep.run(TestStep.java:42)
	at cucumber.runner.PickleStepTestStep.run(PickleStepTestStep.java:53)
	at cucumber.runner.TestCase.run(TestCase.java:47)
	at cucumber.runner.Runner.runPickle(Runner.java:44)
	at cucumber.runtime.Runtime.runFeature(Runtime.java:120)
	at cucumber.runtime.Runtime.run(Runtime.java:106)
	at cucumber.api.cli.Main.run(Main.java:35)
	at cucumber.api.cli.Main$run.call(Unknown Source)
	at com.kms.katalon.core.cucumber.keyword.CucumberBuiltinKeywords$_runFeatureFile_closure1.doCall(CucumberBuiltinKeywords.groovy:76)
	at com.kms.katalon.core.cucumber.keyword.CucumberBuiltinKeywords$_runFeatureFile_closure1.doCall(CucumberBuiltinKeywords.groovy)
	at com.kms.katalon.core.keyword.internal.KeywordMain.runKeyword(KeywordMain.groovy:68)
	at com.kms.katalon.core.keyword.internal.KeywordMain$runKeyword.call(Unknown Source)
	at com.kms.katalon.core.cucumber.keyword.CucumberBuiltinKeywords.runFeatureFile(CucumberBuiltinKeywords.groovy:46)
	at com.kms.katalon.core.cucumber.keyword.CucumberBuiltinKeywords$runFeatureFile$0.callStatic(Unknown Source)
	at com.kms.katalon.core.cucumber.keyword.CucumberBuiltinKeywords.runFeatureFile(CucumberBuiltinKeywords.groovy:169)
	at com.kms.katalon.core.cucumber.keyword.CucumberBuiltinKeywords$runFeatureFile.call(Unknown Source)
	at SLIK Gateway Non Customer View Detal when Status APPROVED-SUCCESS.run(SLIK Gateway Non Customer View Detal when Status APPROVED-SUCCESS:18)
	at com.kms.katalon.core.main.ScriptEngine.run(ScriptEngine.java:194)
	at com.kms.katalon.core.main.ScriptEngine.runScriptAsRawText(ScriptEngine.java:119)
	at com.kms.katalon.core.main.TestCaseExecutor.runScript(TestCaseExecutor.java:339)
	at com.kms.katalon.core.main.TestCaseExecutor.doExecute(TestCaseExecutor.java:330)
	at com.kms.katalon.core.main.TestCaseExecutor.processExecutionPhase(TestCaseExecutor.java:309)
	at com.kms.katalon.core.main.TestCaseExecutor.accessMainPhase(TestCaseExecutor.java:301)
	at com.kms.katalon.core.main.TestCaseExecutor.execute(TestCaseExecutor.java:235)
	at com.kms.katalon.core.main.TestSuiteExecutor.accessTestCaseMainPhase(TestSuiteExecutor.java:191)
	at com.kms.katalon.core.main.TestSuiteExecutor.accessTestSuiteMainPhase(TestSuiteExecutor.java:141)
	at com.kms.katalon.core.main.TestSuiteExecutor.execute(TestSuiteExecutor.java:90)
	at com.kms.katalon.core.main.TestCaseMain.startTestSuite(TestCaseMain.java:157)
	at com.kms.katalon.core.main.TestCaseMain$startTestSuite$0.call(Unknown Source)
	at TempTestSuite1602761215512.run(TempTestSuite1602761215512.groovy:39)


2020-10-15 18:39:23 - [TEST_STEP][PASSED] - Go to ISTools: Go to ISTools

2020-10-15 18:39:23 - [MESSAGE][INFO] - Starting 'Chrome' driver

2020-10-15 18:39:23 - [MESSAGE][INFO] - User set preference: ['AcceptInsecureCerts', 'true']

2020-10-15 18:39:23 - [MESSAGE][INFO] - User set preference: ['args', '[ignore-certificate-errors]']

2020-10-15 18:39:23 - [MESSAGE][INFO] - Action delay is set to 0 milliseconds

2020-10-15 18:39:24 - [MESSAGE][PASSED] - Browser is opened with url: ''

2020-10-15 18:39:25 - [MESSAGE][PASSED] - Navigate to 'https://dev-istools.homecredit.id/foundation/' successfully

2020-10-15 18:39:25 - [MESSAGE][PASSED] - Go to ISTools

2020-10-15 18:39:25 - [TEST_STEP][PASSED] - Login IST with valid credentials: Login IST with valid credentials

2020-10-15 18:39:26 - [MESSAGE][PASSED] - Text 'mobile.test' is set on object 'Object Repository/Page_/input_Username_j_username'

2020-10-15 18:39:26 - [MESSAGE][PASSED] - Text ****** has been set on object 'Object Repository/Page_/input_Password_j_password'

2020-10-15 18:39:27 - [MESSAGE][PASSED] - Object: 'Object Repository/Page_/button_Login' is clicked on

2020-10-15 18:39:27 - [MESSAGE][PASSED] - Login IST with valid credentials

2020-10-15 18:39:27 - [TEST_STEP][PASSED] - Login Success for contract dispatcher: Login Success for contract dispatcher

2020-10-15 18:39:27 - [MESSAGE][INFO] - Login Success

2020-10-15 18:39:27 - [MESSAGE][PASSED] - Current window maximized

2020-10-15 18:39:28 - [MESSAGE][PASSED] - Object 'Object Repository/Page_/h1_Welcome to IT Supporting Tools' is present

2020-10-15 18:39:28 - [MESSAGE][PASSED] - Login Success for contract dispatcher

2020-10-15 18:39:28 - [TEST_STEP][PASSED] - Select Menu SLIK Gateway NonCustomer: Select Menu SLIK Gateway NonCustomer

2020-10-15 18:39:28 - [MESSAGE][PASSED] - Object '' is present

2020-10-15 18:39:28 - [MESSAGE][PASSED] - Object: '' is clicked on

2020-10-15 18:39:28 - [MESSAGE][PASSED] - Wait for page load successfully

2020-10-15 18:39:28 - [MESSAGE][PASSED] - Select Menu SLIK Gateway NonCustomer

2020-10-15 18:39:28 - [TEST_STEP][PASSED] - Select Status is "APPROVED": Select Status is "APPROVED"

2020-10-15 18:39:30 - [MESSAGE][PASSED] - All options with value 'APPROVED' are selected in object ''  using regular expression

2020-10-15 18:39:30 - [MESSAGE][PASSED] - Select Status is "APPROVED"

2020-10-15 18:39:30 - [TEST_STEP][PASSED] - Click button "Search": Click button "Search"

2020-10-15 18:39:30 - [MESSAGE][INFO] - >>>>>//Button[contains(text(),'Search')]

2020-10-15 18:39:33 - [MESSAGE][PASSED] - Object: '' is clicked on

2020-10-15 18:39:33 - [MESSAGE][PASSED] - Click button "Search"

2020-10-15 18:39:33 - [TEST_STEP][PASSED] - Verify Search Result Based on Result Status: Verify Search Result Based on Result Status

2020-10-15 18:39:34 - [MESSAGE][PASSED] - Scroll to object '' successfully

2020-10-15 18:39:35 - [MESSAGE][WARNING] - Actual text 'APPROVED -' and expected text 'APPROVED - FAILED' of test object '' are NOT matched. (Root cause: com.kms.katalon.core.exception.StepFailedException: Actual text 'APPROVED -' and expected text 'APPROVED - FAILED' of test object '' are NOT matched.
	at com.kms.katalon.core.webui.keyword.internal.WebUIKeywordMain.stepFailed(WebUIKeywordMain.groovy:64)
	at com.kms.katalon.core.webui.keyword.builtin.VerifyElementTextKeyword$_verifyElementText_closure1.doCall(VerifyElementTextKeyword.groovy:57)
	at com.kms.katalon.core.webui.keyword.builtin.VerifyElementTextKeyword$_verifyElementText_closure1.call(VerifyElementTextKeyword.groovy)
	at com.kms.katalon.core.webui.keyword.internal.WebUIKeywordMain.runKeyword(WebUIKeywordMain.groovy:20)
	at com.kms.katalon.core.webui.keyword.builtin.VerifyElementTextKeyword.verifyElementText(VerifyElementTextKeyword.groovy:72)
	at com.kms.katalon.core.webui.keyword.builtin.VerifyElementTextKeyword.execute(VerifyElementTextKeyword.groovy:40)
	at com.kms.katalon.core.keyword.internal.KeywordExecutor.executeKeywordForPlatform(KeywordExecutor.groovy:73)
	at com.kms.katalon.core.webui.keyword.WebUiBuiltInKeywords.verifyElementText(WebUiBuiltInKeywords.groovy:3673)
	at com.kms.katalon.core.webui.keyword.WebUiBuiltInKeywords$verifyElementText$20.call(Unknown Source)
	at Slik_Script.Verify_Result_Status(Slik_Script.groovy:369)
	at cucumber.runtime.Utils$1.call(Utils.java:26)
	at cucumber.runtime.Timeout.timeout(Timeout.java:16)
	at cucumber.runtime.Utils.invoke(Utils.java:20)
	at cucumber.runtime.java.JavaStepDefinition.execute(JavaStepDefinition.java:48)
	at cucumber.runtime.PickleStepDefinitionMatch.runStep(PickleStepDefinitionMatch.java:50)
	at cucumber.runner.TestStep.executeStep(TestStep.java:55)
	at cucumber.runner.TestStep.run(TestStep.java:42)
	at cucumber.runner.PickleStepTestStep.run(PickleStepTestStep.java:53)
	at cucumber.runner.TestCase.run(TestCase.java:47)
	at cucumber.runner.Runner.runPickle(Runner.java:44)
	at cucumber.runtime.Runtime.runFeature(Runtime.java:120)
	at cucumber.runtime.Runtime.run(Runtime.java:106)
	at cucumber.api.cli.Main.run(Main.java:35)
	at cucumber.api.cli.Main$run.call(Unknown Source)
	at com.kms.katalon.core.cucumber.keyword.CucumberBuiltinKeywords$_runFeatureFile_closure1.doCall(CucumberBuiltinKeywords.groovy:76)
	at com.kms.katalon.core.cucumber.keyword.CucumberBuiltinKeywords$_runFeatureFile_closure1.doCall(CucumberBuiltinKeywords.groovy)
	at com.kms.katalon.core.keyword.internal.KeywordMain.runKeyword(KeywordMain.groovy:68)
	at com.kms.katalon.core.keyword.internal.KeywordMain$runKeyword.call(Unknown Source)
	at com.kms.katalon.core.cucumber.keyword.CucumberBuiltinKeywords.runFeatureFile(CucumberBuiltinKeywords.groovy:46)
	at com.kms.katalon.core.cucumber.keyword.CucumberBuiltinKeywords$runFeatureFile$0.callStatic(Unknown Source)
	at com.kms.katalon.core.cucumber.keyword.CucumberBuiltinKeywords.runFeatureFile(CucumberBuiltinKeywords.groovy:169)
	at com.kms.katalon.core.cucumber.keyword.CucumberBuiltinKeywords$runFeatureFile.call(Unknown Source)
	at SLIK Gateway Non Customer View Detal when Status APPROVED-SUCCESS.run(SLIK Gateway Non Customer View Detal when Status APPROVED-SUCCESS:18)
	at com.kms.katalon.core.main.ScriptEngine.run(ScriptEngine.java:194)
	at com.kms.katalon.core.main.ScriptEngine.runScriptAsRawText(ScriptEngine.java:119)
	at com.kms.katalon.core.main.TestCaseExecutor.runScript(TestCaseExecutor.java:339)
	at com.kms.katalon.core.main.TestCaseExecutor.doExecute(TestCaseExecutor.java:330)
	at com.kms.katalon.core.main.TestCaseExecutor.processExecutionPhase(TestCaseExecutor.java:309)
	at com.kms.katalon.core.main.TestCaseExecutor.accessMainPhase(TestCaseExecutor.java:301)
	at com.kms.katalon.core.main.TestCaseExecutor.execute(TestCaseExecutor.java:235)
	at com.kms.katalon.core.main.TestSuiteExecutor.accessTestCaseMainPhase(TestSuiteExecutor.java:191)
	at com.kms.katalon.core.main.TestSuiteExecutor.accessTestSuiteMainPhase(TestSuiteExecutor.java:141)
	at com.kms.katalon.core.main.TestSuiteExecutor.execute(TestSuiteExecutor.java:90)
	at com.kms.katalon.core.main.TestCaseMain.startTestSuite(TestCaseMain.java:157)
	at com.kms.katalon.core.main.TestCaseMain$startTestSuite$0.call(Unknown Source)
	at TempTestSuite1602761215512.run(TempTestSuite1602761215512.groovy:39)
)
[[ATTACHMENT|/Users/chaidir.pratama01/Katalon Studio/IST_Automation_Git/Reports/20201015_182654/SLIK/TS_SLIK_Gateway_Non_Customer/20201015_182655/1602761974676.png]]

2020-10-15 18:39:36 - [MESSAGE][WARNING] - Actual text 'APPROVED -' and expected text 'APPROVED - SUCCESS' of test object '' are NOT matched. (Root cause: com.kms.katalon.core.exception.StepFailedException: Actual text 'APPROVED -' and expected text 'APPROVED - SUCCESS' of test object '' are NOT matched.
	at com.kms.katalon.core.webui.keyword.internal.WebUIKeywordMain.stepFailed(WebUIKeywordMain.groovy:64)
	at com.kms.katalon.core.webui.keyword.builtin.VerifyElementTextKeyword$_verifyElementText_closure1.doCall(VerifyElementTextKeyword.groovy:57)
	at com.kms.katalon.core.webui.keyword.builtin.VerifyElementTextKeyword$_verifyElementText_closure1.call(VerifyElementTextKeyword.groovy)
	at com.kms.katalon.core.webui.keyword.internal.WebUIKeywordMain.runKeyword(WebUIKeywordMain.groovy:20)
	at com.kms.katalon.core.webui.keyword.builtin.VerifyElementTextKeyword.verifyElementText(VerifyElementTextKeyword.groovy:72)
	at com.kms.katalon.core.webui.keyword.builtin.VerifyElementTextKeyword.execute(VerifyElementTextKeyword.groovy:40)
	at com.kms.katalon.core.keyword.internal.KeywordExecutor.executeKeywordForPlatform(KeywordExecutor.groovy:73)
	at com.kms.katalon.core.webui.keyword.WebUiBuiltInKeywords.verifyElementText(WebUiBuiltInKeywords.groovy:3673)
	at com.kms.katalon.core.webui.keyword.WebUiBuiltInKeywords$verifyElementText$20.call(Unknown Source)
	at Slik_Script.Verify_Result_Status(Slik_Script.groovy:369)
	at cucumber.runtime.Utils$1.call(Utils.java:26)
	at cucumber.runtime.Timeout.timeout(Timeout.java:16)
	at cucumber.runtime.Utils.invoke(Utils.java:20)
	at cucumber.runtime.java.JavaStepDefinition.execute(JavaStepDefinition.java:48)
	at cucumber.runtime.PickleStepDefinitionMatch.runStep(PickleStepDefinitionMatch.java:50)
	at cucumber.runner.TestStep.executeStep(TestStep.java:55)
	at cucumber.runner.TestStep.run(TestStep.java:42)
	at cucumber.runner.PickleStepTestStep.run(PickleStepTestStep.java:53)
	at cucumber.runner.TestCase.run(TestCase.java:47)
	at cucumber.runner.Runner.runPickle(Runner.java:44)
	at cucumber.runtime.Runtime.runFeature(Runtime.java:120)
	at cucumber.runtime.Runtime.run(Runtime.java:106)
	at cucumber.api.cli.Main.run(Main.java:35)
	at cucumber.api.cli.Main$run.call(Unknown Source)
	at com.kms.katalon.core.cucumber.keyword.CucumberBuiltinKeywords$_runFeatureFile_closure1.doCall(CucumberBuiltinKeywords.groovy:76)
	at com.kms.katalon.core.cucumber.keyword.CucumberBuiltinKeywords$_runFeatureFile_closure1.doCall(CucumberBuiltinKeywords.groovy)
	at com.kms.katalon.core.keyword.internal.KeywordMain.runKeyword(KeywordMain.groovy:68)
	at com.kms.katalon.core.keyword.internal.KeywordMain$runKeyword.call(Unknown Source)
	at com.kms.katalon.core.cucumber.keyword.CucumberBuiltinKeywords.runFeatureFile(CucumberBuiltinKeywords.groovy:46)
	at com.kms.katalon.core.cucumber.keyword.CucumberBuiltinKeywords$runFeatureFile$0.callStatic(Unknown Source)
	at com.kms.katalon.core.cucumber.keyword.CucumberBuiltinKeywords.runFeatureFile(CucumberBuiltinKeywords.groovy:169)
	at com.kms.katalon.core.cucumber.keyword.CucumberBuiltinKeywords$runFeatureFile.call(Unknown Source)
	at SLIK Gateway Non Customer View Detal when Status APPROVED-SUCCESS.run(SLIK Gateway Non Customer View Detal when Status APPROVED-SUCCESS:18)
	at com.kms.katalon.core.main.ScriptEngine.run(ScriptEngine.java:194)
	at com.kms.katalon.core.main.ScriptEngine.runScriptAsRawText(ScriptEngine.java:119)
	at com.kms.katalon.core.main.TestCaseExecutor.runScript(TestCaseExecutor.java:339)
	at com.kms.katalon.core.main.TestCaseExecutor.doExecute(TestCaseExecutor.java:330)
	at com.kms.katalon.core.main.TestCaseExecutor.processExecutionPhase(TestCaseExecutor.java:309)
	at com.kms.katalon.core.main.TestCaseExecutor.accessMainPhase(TestCaseExecutor.java:301)
	at com.kms.katalon.core.main.TestCaseExecutor.execute(TestCaseExecutor.java:235)
	at com.kms.katalon.core.main.TestSuiteExecutor.accessTestCaseMainPhase(TestSuiteExecutor.java:191)
	at com.kms.katalon.core.main.TestSuiteExecutor.accessTestSuiteMainPhase(TestSuiteExecutor.java:141)
	at com.kms.katalon.core.main.TestSuiteExecutor.execute(TestSuiteExecutor.java:90)
	at com.kms.katalon.core.main.TestCaseMain.startTestSuite(TestCaseMain.java:157)
	at com.kms.katalon.core.main.TestCaseMain$startTestSuite$0.call(Unknown Source)
	at TempTestSuite1602761215512.run(TempTestSuite1602761215512.groovy:39)
)
[[ATTACHMENT|/Users/chaidir.pratama01/Katalon Studio/IST_Automation_Git/Reports/20201015_182654/SLIK/TS_SLIK_Gateway_Non_Customer/20201015_182655/1602761975616.png]]

2020-10-15 18:39:36 - [MESSAGE][PASSED] - Actual text and expected text of test object '' are matched.

2020-10-15 18:39:36 - [MESSAGE][PASSED] - Text of object '' is: 'APPROVED -'

2020-10-15 18:39:36 - [MESSAGE][PASSED] - Text of object '' is: '8888888888888888'

2020-10-15 18:39:36 - [MESSAGE][PASSED] - Verify Search Result Based on Result Status

2020-10-15 18:39:36 - [TEST_STEP][FAILED] - Click View Detail Link: Click View Detail Link FAILED.
Reason:
com.kms.katalon.core.exception.StepFailedException: Unable to verify object '' is not present
	at com.kms.katalon.core.webui.keyword.internal.WebUIKeywordMain.stepFailed(WebUIKeywordMain.groovy:64)
	at com.kms.katalon.core.webui.keyword.internal.WebUIKeywordMain.runKeyword(WebUIKeywordMain.groovy:26)
	at com.kms.katalon.core.webui.keyword.internal.WebUIKeywordMain$runKeyword.call(Unknown Source)
	at com.kms.katalon.core.webui.keyword.builtin.VerifyElementNotPresentKeyword.verifyElementNotPresent(VerifyElementNotPresentKeyword.groovy:117)
	at com.kms.katalon.core.webui.keyword.builtin.VerifyElementNotPresentKeyword.execute(VerifyElementNotPresentKeyword.groovy:68)
	at com.kms.katalon.core.keyword.internal.KeywordExecutor.executeKeywordForPlatform(KeywordExecutor.groovy:73)
	at com.kms.katalon.core.webui.keyword.WebUiBuiltInKeywords.verifyElementNotPresent(WebUiBuiltInKeywords.groovy:1493)
	at com.kms.katalon.core.webui.keyword.WebUiBuiltInKeywords$verifyElementNotPresent$21.call(Unknown Source)
	at Slik_Script.Slik_Verify_Detail(Slik_Script.groovy:468)
	at ✽.Click View Detail Link(/Users/chaidir.pratama01/Katalon Studio/IST_Automation_Git/Include/features/IST_Real/SLIK/SLIK Gateway Non Customer/SLIK_Gateway_Non_Customer_View_Detail_when_Status_APPROVED-SUCCESS.feature:37)
Caused by: com.kms.katalon.core.exception.StepFailedException: Web element with id: '' located by 'By.xpath: //span[text()='Search Result']/../../../following-sibling::div[@class='z-groupbox-content']/div[@class='z-grid']/div[@class='z-grid-body']/table/tbody/tr/td[7]/div/div/span' is present after '3' second(s)
	at com.kms.katalon.core.webui.keyword.internal.WebUIKeywordMain.stepFailed(WebUIKeywordMain.groovy:64)
	at com.kms.katalon.core.webui.keyword.internal.WebUIKeywordMain$stepFailed$0.call(Unknown Source)
	at com.kms.katalon.core.webui.keyword.builtin.VerifyElementNotPresentKeyword$_verifyElementNotPresent_closure1.doCall(VerifyElementNotPresentKeyword.groovy:106)
	at com.kms.katalon.core.webui.keyword.builtin.VerifyElementNotPresentKeyword$_verifyElementNotPresent_closure1.doCall(VerifyElementNotPresentKeyword.groovy)
	at com.kms.katalon.core.webui.keyword.internal.WebUIKeywordMain.runKeyword(WebUIKeywordMain.groovy:20)
	at com.kms.katalon.core.webui.keyword.internal.WebUIKeywordMain$runKeyword.call(Unknown Source)
	at com.kms.katalon.core.webui.keyword.builtin.VerifyElementNotPresentKeyword.verifyElementNotPresent(VerifyElementNotPresentKeyword.groovy:117)
	at com.kms.katalon.core.webui.keyword.builtin.VerifyElementNotPresentKeyword.execute(VerifyElementNotPresentKeyword.groovy:68)
	at com.kms.katalon.core.keyword.internal.KeywordExecutor.executeKeywordForPlatform(KeywordExecutor.groovy:73)
	at com.kms.katalon.core.webui.keyword.WebUiBuiltInKeywords.verifyElementNotPresent(WebUiBuiltInKeywords.groovy:1493)
	at com.kms.katalon.core.webui.keyword.WebUiBuiltInKeywords$verifyElementNotPresent$21.call(Unknown Source)
	at Slik_Script.Slik_Verify_Detail(Slik_Script.groovy:468)
	at cucumber.runtime.Utils$1.call(Utils.java:26)
	at cucumber.runtime.Timeout.timeout(Timeout.java:16)
	at cucumber.runtime.Utils.invoke(Utils.java:20)
	at cucumber.runtime.java.JavaStepDefinition.execute(JavaStepDefinition.java:48)
	at cucumber.runtime.PickleStepDefinitionMatch.runStep(PickleStepDefinitionMatch.java:50)
	at cucumber.runner.TestStep.executeStep(TestStep.java:55)
	at cucumber.runner.TestStep.run(TestStep.java:42)
	at cucumber.runner.PickleStepTestStep.run(PickleStepTestStep.java:53)
	at cucumber.runner.TestCase.run(TestCase.java:47)
	at cucumber.runner.Runner.runPickle(Runner.java:44)
	at cucumber.runtime.Runtime.runFeature(Runtime.java:120)
	at cucumber.runtime.Runtime.run(Runtime.java:106)
	at cucumber.api.cli.Main.run(Main.java:35)
	at cucumber.api.cli.Main$run.call(Unknown Source)
	at com.kms.katalon.core.cucumber.keyword.CucumberBuiltinKeywords$_runFeatureFile_closure1.doCall(CucumberBuiltinKeywords.groovy:76)
	at com.kms.katalon.core.cucumber.keyword.CucumberBuiltinKeywords$_runFeatureFile_closure1.doCall(CucumberBuiltinKeywords.groovy)
	at com.kms.katalon.core.keyword.internal.KeywordMain.runKeyword(KeywordMain.groovy:68)
	at com.kms.katalon.core.keyword.internal.KeywordMain$runKeyword.call(Unknown Source)
	at com.kms.katalon.core.cucumber.keyword.CucumberBuiltinKeywords.runFeatureFile(CucumberBuiltinKeywords.groovy:46)
	at com.kms.katalon.core.cucumber.keyword.CucumberBuiltinKeywords$runFeatureFile$0.callStatic(Unknown Source)
	at com.kms.katalon.core.cucumber.keyword.CucumberBuiltinKeywords.runFeatureFile(CucumberBuiltinKeywords.groovy:169)
	at com.kms.katalon.core.cucumber.keyword.CucumberBuiltinKeywords$runFeatureFile.call(Unknown Source)
	at SLIK Gateway Non Customer View Detal when Status APPROVED-SUCCESS.run(SLIK Gateway Non Customer View Detal when Status APPROVED-SUCCESS:18)
	at com.kms.katalon.core.main.ScriptEngine.run(ScriptEngine.java:194)
	at com.kms.katalon.core.main.ScriptEngine.runScriptAsRawText(ScriptEngine.java:119)
	at com.kms.katalon.core.main.TestCaseExecutor.runScript(TestCaseExecutor.java:339)
	at com.kms.katalon.core.main.TestCaseExecutor.doExecute(TestCaseExecutor.java:330)
	at com.kms.katalon.core.main.TestCaseExecutor.processExecutionPhase(TestCaseExecutor.java:309)
	at com.kms.katalon.core.main.TestCaseExecutor.accessMainPhase(TestCaseExecutor.java:301)
	at com.kms.katalon.core.main.TestCaseExecutor.execute(TestCaseExecutor.java:235)
	at com.kms.katalon.core.main.TestSuiteExecutor.accessTestCaseMainPhase(TestSuiteExecutor.java:191)
	at com.kms.katalon.core.main.TestSuiteExecutor.accessTestSuiteMainPhase(TestSuiteExecutor.java:141)
	at com.kms.katalon.core.main.TestSuiteExecutor.execute(TestSuiteExecutor.java:90)
	at com.kms.katalon.core.main.TestCaseMain.startTestSuite(TestCaseMain.java:157)
	at com.kms.katalon.core.main.TestCaseMain$startTestSuite$0.call(Unknown Source)
	at TempTestSuite1602761215512.run(TempTestSuite1602761215512.groovy:39)


2020-10-15 18:39:41 - [MESSAGE][FAILED] - Web element with id: '' located by 'By.xpath: //span[text()='Search Result']/../../../following-sibling::div[@class='z-groupbox-content']/div[@class='z-grid']/div[@class='z-grid-body']/table/tbody/tr/td[7]/div/div/span' is present after '3' second(s) (Root cause: com.kms.katalon.core.exception.StepFailedException: Web element with id: '' located by 'By.xpath: //span[text()='Search Result']/../../../following-sibling::div[@class='z-groupbox-content']/div[@class='z-grid']/div[@class='z-grid-body']/table/tbody/tr/td[7]/div/div/span' is present after '3' second(s)
	at com.kms.katalon.core.webui.keyword.internal.WebUIKeywordMain.stepFailed(WebUIKeywordMain.groovy:64)
	at com.kms.katalon.core.webui.keyword.internal.WebUIKeywordMain$stepFailed$0.call(Unknown Source)
	at com.kms.katalon.core.webui.keyword.builtin.VerifyElementNotPresentKeyword$_verifyElementNotPresent_closure1.doCall(VerifyElementNotPresentKeyword.groovy:106)
	at com.kms.katalon.core.webui.keyword.builtin.VerifyElementNotPresentKeyword$_verifyElementNotPresent_closure1.doCall(VerifyElementNotPresentKeyword.groovy)
	at com.kms.katalon.core.webui.keyword.internal.WebUIKeywordMain.runKeyword(WebUIKeywordMain.groovy:20)
	at com.kms.katalon.core.webui.keyword.internal.WebUIKeywordMain$runKeyword.call(Unknown Source)
	at com.kms.katalon.core.webui.keyword.builtin.VerifyElementNotPresentKeyword.verifyElementNotPresent(VerifyElementNotPresentKeyword.groovy:117)
	at com.kms.katalon.core.webui.keyword.builtin.VerifyElementNotPresentKeyword.execute(VerifyElementNotPresentKeyword.groovy:68)
	at com.kms.katalon.core.keyword.internal.KeywordExecutor.executeKeywordForPlatform(KeywordExecutor.groovy:73)
	at com.kms.katalon.core.webui.keyword.WebUiBuiltInKeywords.verifyElementNotPresent(WebUiBuiltInKeywords.groovy:1493)
	at com.kms.katalon.core.webui.keyword.WebUiBuiltInKeywords$verifyElementNotPresent$21.call(Unknown Source)
	at Slik_Script.Slik_Verify_Detail(Slik_Script.groovy:468)
	at cucumber.runtime.Utils$1.call(Utils.java:26)
	at cucumber.runtime.Timeout.timeout(Timeout.java:16)
	at cucumber.runtime.Utils.invoke(Utils.java:20)
	at cucumber.runtime.java.JavaStepDefinition.execute(JavaStepDefinition.java:48)
	at cucumber.runtime.PickleStepDefinitionMatch.runStep(PickleStepDefinitionMatch.java:50)
	at cucumber.runner.TestStep.executeStep(TestStep.java:55)
	at cucumber.runner.TestStep.run(TestStep.java:42)
	at cucumber.runner.PickleStepTestStep.run(PickleStepTestStep.java:53)
	at cucumber.runner.TestCase.run(TestCase.java:47)
	at cucumber.runner.Runner.runPickle(Runner.java:44)
	at cucumber.runtime.Runtime.runFeature(Runtime.java:120)
	at cucumber.runtime.Runtime.run(Runtime.java:106)
	at cucumber.api.cli.Main.run(Main.java:35)
	at cucumber.api.cli.Main$run.call(Unknown Source)
	at com.kms.katalon.core.cucumber.keyword.CucumberBuiltinKeywords$_runFeatureFile_closure1.doCall(CucumberBuiltinKeywords.groovy:76)
	at com.kms.katalon.core.cucumber.keyword.CucumberBuiltinKeywords$_runFeatureFile_closure1.doCall(CucumberBuiltinKeywords.groovy)
	at com.kms.katalon.core.keyword.internal.KeywordMain.runKeyword(KeywordMain.groovy:68)
	at com.kms.katalon.core.keyword.internal.KeywordMain$runKeyword.call(Unknown Source)
	at com.kms.katalon.core.cucumber.keyword.CucumberBuiltinKeywords.runFeatureFile(CucumberBuiltinKeywords.groovy:46)
	at com.kms.katalon.core.cucumber.keyword.CucumberBuiltinKeywords$runFeatureFile$0.callStatic(Unknown Source)
	at com.kms.katalon.core.cucumber.keyword.CucumberBuiltinKeywords.runFeatureFile(CucumberBuiltinKeywords.groovy:169)
	at com.kms.katalon.core.cucumber.keyword.CucumberBuiltinKeywords$runFeatureFile.call(Unknown Source)
	at SLIK Gateway Non Customer View Detal when Status APPROVED-SUCCESS.run(SLIK Gateway Non Customer View Detal when Status APPROVED-SUCCESS:18)
	at com.kms.katalon.core.main.ScriptEngine.run(ScriptEngine.java:194)
	at com.kms.katalon.core.main.ScriptEngine.runScriptAsRawText(ScriptEngine.java:119)
	at com.kms.katalon.core.main.TestCaseExecutor.runScript(TestCaseExecutor.java:339)
	at com.kms.katalon.core.main.TestCaseExecutor.doExecute(TestCaseExecutor.java:330)
	at com.kms.katalon.core.main.TestCaseExecutor.processExecutionPhase(TestCaseExecutor.java:309)
	at com.kms.katalon.core.main.TestCaseExecutor.accessMainPhase(TestCaseExecutor.java:301)
	at com.kms.katalon.core.main.TestCaseExecutor.execute(TestCaseExecutor.java:235)
	at com.kms.katalon.core.main.TestSuiteExecutor.accessTestCaseMainPhase(TestSuiteExecutor.java:191)
	at com.kms.katalon.core.main.TestSuiteExecutor.accessTestSuiteMainPhase(TestSuiteExecutor.java:141)
	at com.kms.katalon.core.main.TestSuiteExecutor.execute(TestSuiteExecutor.java:90)
	at com.kms.katalon.core.main.TestCaseMain.startTestSuite(TestCaseMain.java:157)
	at com.kms.katalon.core.main.TestCaseMain$startTestSuite$0.call(Unknown Source)
	at TempTestSuite1602761215512.run(TempTestSuite1602761215512.groovy:39)
)
[[ATTACHMENT|/Users/chaidir.pratama01/Katalon Studio/IST_Automation_Git/Reports/20201015_182654/SLIK/TS_SLIK_Gateway_Non_Customer/20201015_182655/1602761980481.png]]

2020-10-15 18:39:41 - [MESSAGE][FAILED] - Unable to verify object '' is not present (Root cause: com.kms.katalon.core.exception.StepFailedException: Unable to verify object '' is not present
	at com.kms.katalon.core.webui.keyword.internal.WebUIKeywordMain.stepFailed(WebUIKeywordMain.groovy:64)
	at com.kms.katalon.core.webui.keyword.internal.WebUIKeywordMain.runKeyword(WebUIKeywordMain.groovy:26)
	at com.kms.katalon.core.webui.keyword.internal.WebUIKeywordMain$runKeyword.call(Unknown Source)
	at com.kms.katalon.core.webui.keyword.builtin.VerifyElementNotPresentKeyword.verifyElementNotPresent(VerifyElementNotPresentKeyword.groovy:117)
	at com.kms.katalon.core.webui.keyword.builtin.VerifyElementNotPresentKeyword.execute(VerifyElementNotPresentKeyword.groovy:68)
	at com.kms.katalon.core.keyword.internal.KeywordExecutor.executeKeywordForPlatform(KeywordExecutor.groovy:73)
	at com.kms.katalon.core.webui.keyword.WebUiBuiltInKeywords.verifyElementNotPresent(WebUiBuiltInKeywords.groovy:1493)
	at com.kms.katalon.core.webui.keyword.WebUiBuiltInKeywords$verifyElementNotPresent$21.call(Unknown Source)
	at Slik_Script.Slik_Verify_Detail(Slik_Script.groovy:468)
	at cucumber.runtime.Utils$1.call(Utils.java:26)
	at cucumber.runtime.Timeout.timeout(Timeout.java:16)
	at cucumber.runtime.Utils.invoke(Utils.java:20)
	at cucumber.runtime.java.JavaStepDefinition.execute(JavaStepDefinition.java:48)
	at cucumber.runtime.PickleStepDefinitionMatch.runStep(PickleStepDefinitionMatch.java:50)
	at cucumber.runner.TestStep.executeStep(TestStep.java:55)
	at cucumber.runner.TestStep.run(TestStep.java:42)
	at cucumber.runner.PickleStepTestStep.run(PickleStepTestStep.java:53)
	at cucumber.runner.TestCase.run(TestCase.java:47)
	at cucumber.runner.Runner.runPickle(Runner.java:44)
	at cucumber.runtime.Runtime.runFeature(Runtime.java:120)
	at cucumber.runtime.Runtime.run(Runtime.java:106)
	at cucumber.api.cli.Main.run(Main.java:35)
	at cucumber.api.cli.Main$run.call(Unknown Source)
	at com.kms.katalon.core.cucumber.keyword.CucumberBuiltinKeywords$_runFeatureFile_closure1.doCall(CucumberBuiltinKeywords.groovy:76)
	at com.kms.katalon.core.cucumber.keyword.CucumberBuiltinKeywords$_runFeatureFile_closure1.doCall(CucumberBuiltinKeywords.groovy)
	at com.kms.katalon.core.keyword.internal.KeywordMain.runKeyword(KeywordMain.groovy:68)
	at com.kms.katalon.core.keyword.internal.KeywordMain$runKeyword.call(Unknown Source)
	at com.kms.katalon.core.cucumber.keyword.CucumberBuiltinKeywords.runFeatureFile(CucumberBuiltinKeywords.groovy:46)
	at com.kms.katalon.core.cucumber.keyword.CucumberBuiltinKeywords$runFeatureFile$0.callStatic(Unknown Source)
	at com.kms.katalon.core.cucumber.keyword.CucumberBuiltinKeywords.runFeatureFile(CucumberBuiltinKeywords.groovy:169)
	at com.kms.katalon.core.cucumber.keyword.CucumberBuiltinKeywords$runFeatureFile.call(Unknown Source)
	at SLIK Gateway Non Customer View Detal when Status APPROVED-SUCCESS.run(SLIK Gateway Non Customer View Detal when Status APPROVED-SUCCESS:18)
	at com.kms.katalon.core.main.ScriptEngine.run(ScriptEngine.java:194)
	at com.kms.katalon.core.main.ScriptEngine.runScriptAsRawText(ScriptEngine.java:119)
	at com.kms.katalon.core.main.TestCaseExecutor.runScript(TestCaseExecutor.java:339)
	at com.kms.katalon.core.main.TestCaseExecutor.doExecute(TestCaseExecutor.java:330)
	at com.kms.katalon.core.main.TestCaseExecutor.processExecutionPhase(TestCaseExecutor.java:309)
	at com.kms.katalon.core.main.TestCaseExecutor.accessMainPhase(TestCaseExecutor.java:301)
	at com.kms.katalon.core.main.TestCaseExecutor.execute(TestCaseExecutor.java:235)
	at com.kms.katalon.core.main.TestSuiteExecutor.accessTestCaseMainPhase(TestSuiteExecutor.java:191)
	at com.kms.katalon.core.main.TestSuiteExecutor.accessTestSuiteMainPhase(TestSuiteExecutor.java:141)
	at com.kms.katalon.core.main.TestSuiteExecutor.execute(TestSuiteExecutor.java:90)
	at com.kms.katalon.core.main.TestCaseMain.startTestSuite(TestCaseMain.java:157)
	at com.kms.katalon.core.main.TestCaseMain$startTestSuite$0.call(Unknown Source)
	at TempTestSuite1602761215512.run(TempTestSuite1602761215512.groovy:39)
Caused by: com.kms.katalon.core.exception.StepFailedException: Web element with id: '' located by 'By.xpath: //span[text()='Search Result']/../../../following-sibling::div[@class='z-groupbox-content']/div[@class='z-grid']/div[@class='z-grid-body']/table/tbody/tr/td[7]/div/div/span' is present after '3' second(s)
	at com.kms.katalon.core.webui.keyword.internal.WebUIKeywordMain.stepFailed(WebUIKeywordMain.groovy:64)
	at com.kms.katalon.core.webui.keyword.internal.WebUIKeywordMain$stepFailed$0.call(Unknown Source)
	at com.kms.katalon.core.webui.keyword.builtin.VerifyElementNotPresentKeyword$_verifyElementNotPresent_closure1.doCall(VerifyElementNotPresentKeyword.groovy:106)
	at com.kms.katalon.core.webui.keyword.builtin.VerifyElementNotPresentKeyword$_verifyElementNotPresent_closure1.doCall(VerifyElementNotPresentKeyword.groovy)
	at com.kms.katalon.core.webui.keyword.internal.WebUIKeywordMain.runKeyword(WebUIKeywordMain.groovy:20)
	... 43 more
)
[[ATTACHMENT|/Users/chaidir.pratama01/Katalon Studio/IST_Automation_Git/Reports/20201015_182654/SLIK/TS_SLIK_Gateway_Non_Customer/20201015_182655/1602761981010.png]]

2020-10-15 18:39:41 - [MESSAGE][FAILED] - Click View Detail Link FAILED.
Reason:
com.kms.katalon.core.exception.StepFailedException: Unable to verify object '' is not present
	at com.kms.katalon.core.webui.keyword.internal.WebUIKeywordMain.stepFailed(WebUIKeywordMain.groovy:64)
	at com.kms.katalon.core.webui.keyword.internal.WebUIKeywordMain.runKeyword(WebUIKeywordMain.groovy:26)
	at com.kms.katalon.core.webui.keyword.internal.WebUIKeywordMain$runKeyword.call(Unknown Source)
	at com.kms.katalon.core.webui.keyword.builtin.VerifyElementNotPresentKeyword.verifyElementNotPresent(VerifyElementNotPresentKeyword.groovy:117)
	at com.kms.katalon.core.webui.keyword.builtin.VerifyElementNotPresentKeyword.execute(VerifyElementNotPresentKeyword.groovy:68)
	at com.kms.katalon.core.keyword.internal.KeywordExecutor.executeKeywordForPlatform(KeywordExecutor.groovy:73)
	at com.kms.katalon.core.webui.keyword.WebUiBuiltInKeywords.verifyElementNotPresent(WebUiBuiltInKeywords.groovy:1493)
	at com.kms.katalon.core.webui.keyword.WebUiBuiltInKeywords$verifyElementNotPresent$21.call(Unknown Source)
	at Slik_Script.Slik_Verify_Detail(Slik_Script.groovy:468)
	at ✽.Click View Detail Link(/Users/chaidir.pratama01/Katalon Studio/IST_Automation_Git/Include/features/IST_Real/SLIK/SLIK Gateway Non Customer/SLIK_Gateway_Non_Customer_View_Detail_when_Status_APPROVED-SUCCESS.feature:37)
Caused by: com.kms.katalon.core.exception.StepFailedException: Web element with id: '' located by 'By.xpath: //span[text()='Search Result']/../../../following-sibling::div[@class='z-groupbox-content']/div[@class='z-grid']/div[@class='z-grid-body']/table/tbody/tr/td[7]/div/div/span' is present after '3' second(s)
	at com.kms.katalon.core.webui.keyword.internal.WebUIKeywordMain.stepFailed(WebUIKeywordMain.groovy:64)
	at com.kms.katalon.core.webui.keyword.internal.WebUIKeywordMain$stepFailed$0.call(Unknown Source)
	at com.kms.katalon.core.webui.keyword.builtin.VerifyElementNotPresentKeyword$_verifyElementNotPresent_closure1.doCall(VerifyElementNotPresentKeyword.groovy:106)
	at com.kms.katalon.core.webui.keyword.builtin.VerifyElementNotPresentKeyword$_verifyElementNotPresent_closure1.doCall(VerifyElementNotPresentKeyword.groovy)
	at com.kms.katalon.core.webui.keyword.internal.WebUIKeywordMain.runKeyword(WebUIKeywordMain.groovy:20)
	at com.kms.katalon.core.webui.keyword.internal.WebUIKeywordMain$runKeyword.call(Unknown Source)
	at com.kms.katalon.core.webui.keyword.builtin.VerifyElementNotPresentKeyword.verifyElementNotPresent(VerifyElementNotPresentKeyword.groovy:117)
	at com.kms.katalon.core.webui.keyword.builtin.VerifyElementNotPresentKeyword.execute(VerifyElementNotPresentKeyword.groovy:68)
	at com.kms.katalon.core.keyword.internal.KeywordExecutor.executeKeywordForPlatform(KeywordExecutor.groovy:73)
	at com.kms.katalon.core.webui.keyword.WebUiBuiltInKeywords.verifyElementNotPresent(WebUiBuiltInKeywords.groovy:1493)
	at com.kms.katalon.core.webui.keyword.WebUiBuiltInKeywords$verifyElementNotPresent$21.call(Unknown Source)
	at Slik_Script.Slik_Verify_Detail(Slik_Script.groovy:468)
	at cucumber.runtime.Utils$1.call(Utils.java:26)
	at cucumber.runtime.Timeout.timeout(Timeout.java:16)
	at cucumber.runtime.Utils.invoke(Utils.java:20)
	at cucumber.runtime.java.JavaStepDefinition.execute(JavaStepDefinition.java:48)
	at cucumber.runtime.PickleStepDefinitionMatch.runStep(PickleStepDefinitionMatch.java:50)
	at cucumber.runner.TestStep.executeStep(TestStep.java:55)
	at cucumber.runner.TestStep.run(TestStep.java:42)
	at cucumber.runner.PickleStepTestStep.run(PickleStepTestStep.java:53)
	at cucumber.runner.TestCase.run(TestCase.java:47)
	at cucumber.runner.Runner.runPickle(Runner.java:44)
	at cucumber.runtime.Runtime.runFeature(Runtime.java:120)
	at cucumber.runtime.Runtime.run(Runtime.java:106)
	at cucumber.api.cli.Main.run(Main.java:35)
	at cucumber.api.cli.Main$run.call(Unknown Source)
	at com.kms.katalon.core.cucumber.keyword.CucumberBuiltinKeywords$_runFeatureFile_closure1.doCall(CucumberBuiltinKeywords.groovy:76)
	at com.kms.katalon.core.cucumber.keyword.CucumberBuiltinKeywords$_runFeatureFile_closure1.doCall(CucumberBuiltinKeywords.groovy)
	at com.kms.katalon.core.keyword.internal.KeywordMain.runKeyword(KeywordMain.groovy:68)
	at com.kms.katalon.core.keyword.internal.KeywordMain$runKeyword.call(Unknown Source)
	at com.kms.katalon.core.cucumber.keyword.CucumberBuiltinKeywords.runFeatureFile(CucumberBuiltinKeywords.groovy:46)
	at com.kms.katalon.core.cucumber.keyword.CucumberBuiltinKeywords$runFeatureFile$0.callStatic(Unknown Source)
	at com.kms.katalon.core.cucumber.keyword.CucumberBuiltinKeywords.runFeatureFile(CucumberBuiltinKeywords.groovy:169)
	at com.kms.katalon.core.cucumber.keyword.CucumberBuiltinKeywords$runFeatureFile.call(Unknown Source)
	at SLIK Gateway Non Customer View Detal when Status APPROVED-SUCCESS.run(SLIK Gateway Non Customer View Detal when Status APPROVED-SUCCESS:18)
	at com.kms.katalon.core.main.ScriptEngine.run(ScriptEngine.java:194)
	at com.kms.katalon.core.main.ScriptEngine.runScriptAsRawText(ScriptEngine.java:119)
	at com.kms.katalon.core.main.TestCaseExecutor.runScript(TestCaseExecutor.java:339)
	at com.kms.katalon.core.main.TestCaseExecutor.doExecute(TestCaseExecutor.java:330)
	at com.kms.katalon.core.main.TestCaseExecutor.processExecutionPhase(TestCaseExecutor.java:309)
	at com.kms.katalon.core.main.TestCaseExecutor.accessMainPhase(TestCaseExecutor.java:301)
	at com.kms.katalon.core.main.TestCaseExecutor.execute(TestCaseExecutor.java:235)
	at com.kms.katalon.core.main.TestSuiteExecutor.accessTestCaseMainPhase(TestSuiteExecutor.java:191)
	at com.kms.katalon.core.main.TestSuiteExecutor.accessTestSuiteMainPhase(TestSuiteExecutor.java:141)
	at com.kms.katalon.core.main.TestSuiteExecutor.execute(TestSuiteExecutor.java:90)
	at com.kms.katalon.core.main.TestCaseMain.startTestSuite(TestCaseMain.java:157)
	at com.kms.katalon.core.main.TestCaseMain$startTestSuite$0.call(Unknown Source)
	at TempTestSuite1602761215512.run(TempTestSuite1602761215512.groovy:39)


2020-10-15 18:39:41 - [TEST_STEP][NOT_RUN] - Take Screenshot "View_detail_NonCutomer.png": Take Screenshot "View_detail_NonCutomer.png"

2020-10-15 18:39:41 - [MESSAGE][NOT_RUN] - Take Screenshot "View_detail_NonCutomer.png"

2020-10-15 18:39:41 - [TEST_STEP][NOT_RUN] - Verify Slik Result Detail Link: Verify Slik Result Detail Link

2020-10-15 18:39:41 - [MESSAGE][NOT_RUN] - Verify Slik Result Detail Link

2020-10-15 18:39:41 - [TEST_STEP][NOT_RUN] - Click button "Logout": Click button "Logout"

2020-10-15 18:39:41 - [MESSAGE][NOT_RUN] - Click button "Logout"

2020-10-15 18:39:41 - [TEST_STEP][NOT_RUN] - Close browser: Close browser

2020-10-15 18:39:41 - [MESSAGE][NOT_RUN] - Close browser

2020-10-15 18:39:41 - [MESSAGE][FAILED] - Feature file 'Include/features/IST_Real/SLIK/SLIK Gateway Non Customer/SLIK_Gateway_Non_Customer_View_Detail_when_Status_APPROVED-SUCCESS.feature' was failed

2020-10-15 18:39:41 - [MESSAGE][FAILED] - Keyword runFeatureFile was failed (Root cause: com.kms.katalon.core.exception.StepFailedException: Feature file 'Include/features/IST_Real/SLIK/SLIK Gateway Non Customer/SLIK_Gateway_Non_Customer_View_Detail_when_Status_APPROVED-SUCCESS.feature' was failed
	at com.kms.katalon.core.keyword.internal.KeywordMain.stepFailed(KeywordMain.groovy:50)
	at com.kms.katalon.core.keyword.internal.KeywordMain.stepFailed(KeywordMain.groovy)
	at com.kms.katalon.core.keyword.internal.KeywordMain.stepFailed(KeywordMain.groovy:23)
	at com.kms.katalon.core.keyword.internal.KeywordMain$stepFailed$0.call(Unknown Source)
	at com.kms.katalon.core.cucumber.keyword.CucumberBuiltinKeywords$_runFeatureFile_closure1.doCall(CucumberBuiltinKeywords.groovy:82)
	at com.kms.katalon.core.cucumber.keyword.CucumberBuiltinKeywords$_runFeatureFile_closure1.doCall(CucumberBuiltinKeywords.groovy)
	at com.kms.katalon.core.keyword.internal.KeywordMain.runKeyword(KeywordMain.groovy:68)
	at com.kms.katalon.core.keyword.internal.KeywordMain$runKeyword.call(Unknown Source)
	at com.kms.katalon.core.cucumber.keyword.CucumberBuiltinKeywords.runFeatureFile(CucumberBuiltinKeywords.groovy:46)
	at com.kms.katalon.core.cucumber.keyword.CucumberBuiltinKeywords$runFeatureFile$0.callStatic(Unknown Source)
	at com.kms.katalon.core.cucumber.keyword.CucumberBuiltinKeywords.runFeatureFile(CucumberBuiltinKeywords.groovy:169)
	at com.kms.katalon.core.cucumber.keyword.CucumberBuiltinKeywords$runFeatureFile.call(Unknown Source)
	at SLIK Gateway Non Customer View Detal when Status APPROVED-SUCCESS.run(SLIK Gateway Non Customer View Detal when Status APPROVED-SUCCESS:18)
	at com.kms.katalon.core.main.ScriptEngine.run(ScriptEngine.java:194)
	at com.kms.katalon.core.main.ScriptEngine.runScriptAsRawText(ScriptEngine.java:119)
	at com.kms.katalon.core.main.TestCaseExecutor.runScript(TestCaseExecutor.java:339)
	at com.kms.katalon.core.main.TestCaseExecutor.doExecute(TestCaseExecutor.java:330)
	at com.kms.katalon.core.main.TestCaseExecutor.processExecutionPhase(TestCaseExecutor.java:309)
	at com.kms.katalon.core.main.TestCaseExecutor.accessMainPhase(TestCaseExecutor.java:301)
	at com.kms.katalon.core.main.TestCaseExecutor.execute(TestCaseExecutor.java:235)
	at com.kms.katalon.core.main.TestSuiteExecutor.accessTestCaseMainPhase(TestSuiteExecutor.java:191)
	at com.kms.katalon.core.main.TestSuiteExecutor.accessTestSuiteMainPhase(TestSuiteExecutor.java:141)
	at com.kms.katalon.core.main.TestSuiteExecutor.execute(TestSuiteExecutor.java:90)
	at com.kms.katalon.core.main.TestCaseMain.startTestSuite(TestCaseMain.java:157)
	at com.kms.katalon.core.main.TestCaseMain$startTestSuite$0.call(Unknown Source)
	at TempTestSuite1602761215512.run(TempTestSuite1602761215512.groovy:39)
)]]></system-out>
         <system-err><![CDATA[2020-10-15 18:39:23 - [TEST_CASE][FAILED] - Test Cases/IST_Real/SLIK/SLIK_Gateway_Non_Customer/SLIK Gateway Non Customer View Detal when Status APPROVED-SUCCESS: Test Cases/IST_Real/SLIK/SLIK_Gateway_Non_Customer/SLIK Gateway Non Customer View Detal when Status APPROVED-SUCCESS FAILED.
Reason:
com.kms.katalon.core.exception.StepFailedException: Feature file 'Include/features/IST_Real/SLIK/SLIK Gateway Non Customer/SLIK_Gateway_Non_Customer_View_Detail_when_Status_APPROVED-SUCCESS.feature' was failed
	at com.kms.katalon.core.keyword.internal.KeywordMain.stepFailed(KeywordMain.groovy:50)
	at com.kms.katalon.core.keyword.internal.KeywordMain.stepFailed(KeywordMain.groovy)
	at com.kms.katalon.core.keyword.internal.KeywordMain.stepFailed(KeywordMain.groovy:23)
	at com.kms.katalon.core.keyword.internal.KeywordMain$stepFailed$0.call(Unknown Source)
	at com.kms.katalon.core.cucumber.keyword.CucumberBuiltinKeywords$_runFeatureFile_closure1.doCall(CucumberBuiltinKeywords.groovy:82)
	at com.kms.katalon.core.cucumber.keyword.CucumberBuiltinKeywords$_runFeatureFile_closure1.doCall(CucumberBuiltinKeywords.groovy)
	at com.kms.katalon.core.keyword.internal.KeywordMain.runKeyword(KeywordMain.groovy:68)
	at com.kms.katalon.core.keyword.internal.KeywordMain$runKeyword.call(Unknown Source)
	at com.kms.katalon.core.cucumber.keyword.CucumberBuiltinKeywords.runFeatureFile(CucumberBuiltinKeywords.groovy:46)
	at com.kms.katalon.core.cucumber.keyword.CucumberBuiltinKeywords$runFeatureFile$0.callStatic(Unknown Source)
	at com.kms.katalon.core.cucumber.keyword.CucumberBuiltinKeywords.runFeatureFile(CucumberBuiltinKeywords.groovy:169)
	at com.kms.katalon.core.cucumber.keyword.CucumberBuiltinKeywords$runFeatureFile.call(Unknown Source)
	at SLIK Gateway Non Customer View Detal when Status APPROVED-SUCCESS.run(SLIK Gateway Non Customer View Detal when Status APPROVED-SUCCESS:18)
	at com.kms.katalon.core.main.ScriptEngine.run(ScriptEngine.java:194)
	at com.kms.katalon.core.main.ScriptEngine.runScriptAsRawText(ScriptEngine.java:119)
	at com.kms.katalon.core.main.TestCaseExecutor.runScript(TestCaseExecutor.java:339)
	at com.kms.katalon.core.main.TestCaseExecutor.doExecute(TestCaseExecutor.java:330)
	at com.kms.katalon.core.main.TestCaseExecutor.processExecutionPhase(TestCaseExecutor.java:309)
	at com.kms.katalon.core.main.TestCaseExecutor.accessMainPhase(TestCaseExecutor.java:301)
	at com.kms.katalon.core.main.TestCaseExecutor.execute(TestCaseExecutor.java:235)
	at com.kms.katalon.core.main.TestSuiteExecutor.accessTestCaseMainPhase(TestSuiteExecutor.java:191)
	at com.kms.katalon.core.main.TestSuiteExecutor.accessTestSuiteMainPhase(TestSuiteExecutor.java:141)
	at com.kms.katalon.core.main.TestSuiteExecutor.execute(TestSuiteExecutor.java:90)
	at com.kms.katalon.core.main.TestCaseMain.startTestSuite(TestCaseMain.java:157)
	at com.kms.katalon.core.main.TestCaseMain$startTestSuite$0.call(Unknown Source)
	at TempTestSuite1602761215512.run(TempTestSuite1602761215512.groovy:39)]]></system-err>
      </testcase>
      <system-out><![CDATA[2020-10-15 18:31:11 - [TEST_SUITE][FAILED] - TS_SLIK_Gateway_Non_Customer: Test Cases/IST_Real/SLIK/SLIK_Gateway_Non_Customer/SLIK Gateway Non Customer View Detail when Status APPROVED FAILED.
Reason:
com.kms.katalon.core.exception.StepFailedException: Feature file 'Include/features/IST_Real/SLIK/SLIK Gateway Non Customer/SLIK_Gateway_Non_Customer_View_Detail_when_Status_APPROVED.feature' was failed
	at com.kms.katalon.core.keyword.internal.KeywordMain.stepFailed(KeywordMain.groovy:50)
	at com.kms.katalon.core.keyword.internal.KeywordMain.stepFailed(KeywordMain.groovy)
	at com.kms.katalon.core.keyword.internal.KeywordMain.stepFailed(KeywordMain.groovy:23)
	at com.kms.katalon.core.keyword.internal.KeywordMain$stepFailed$0.call(Unknown Source)
	at com.kms.katalon.core.cucumber.keyword.CucumberBuiltinKeywords$_runFeatureFile_closure1.doCall(CucumberBuiltinKeywords.groovy:82)
	at com.kms.katalon.core.cucumber.keyword.CucumberBuiltinKeywords$_runFeatureFile_closure1.doCall(CucumberBuiltinKeywords.groovy)
	at com.kms.katalon.core.keyword.internal.KeywordMain.runKeyword(KeywordMain.groovy:68)
	at com.kms.katalon.core.keyword.internal.KeywordMain$runKeyword.call(Unknown Source)
	at com.kms.katalon.core.cucumber.keyword.CucumberBuiltinKeywords.runFeatureFile(CucumberBuiltinKeywords.groovy:46)
	at com.kms.katalon.core.cucumber.keyword.CucumberBuiltinKeywords$runFeatureFile$0.callStatic(Unknown Source)
	at com.kms.katalon.core.cucumber.keyword.CucumberBuiltinKeywords.runFeatureFile(CucumberBuiltinKeywords.groovy:169)
	at com.kms.katalon.core.cucumber.keyword.CucumberBuiltinKeywords$runFeatureFile.call(Unknown Source)
	at SLIK Gateway Non Customer View Detail when Status APPROVED.run(SLIK Gateway Non Customer View Detail when Status APPROVED:18)
	at com.kms.katalon.core.main.ScriptEngine.run(ScriptEngine.java:194)
	at com.kms.katalon.core.main.ScriptEngine.runScriptAsRawText(ScriptEngine.java:119)
	at com.kms.katalon.core.main.TestCaseExecutor.runScript(TestCaseExecutor.java:339)
	at com.kms.katalon.core.main.TestCaseExecutor.doExecute(TestCaseExecutor.java:330)
	at com.kms.katalon.core.main.TestCaseExecutor.processExecutionPhase(TestCaseExecutor.java:309)
	at com.kms.katalon.core.main.TestCaseExecutor.accessMainPhase(TestCaseExecutor.java:301)
	at com.kms.katalon.core.main.TestCaseExecutor.execute(TestCaseExecutor.java:235)
	at com.kms.katalon.core.main.TestSuiteExecutor.accessTestCaseMainPhase(TestSuiteExecutor.java:191)
	at com.kms.katalon.core.main.TestSuiteExecutor.accessTestSuiteMainPhase(TestSuiteExecutor.java:141)
	at com.kms.katalon.core.main.TestSuiteExecutor.execute(TestSuiteExecutor.java:90)
	at com.kms.katalon.core.main.TestCaseMain.startTestSuite(TestCaseMain.java:157)
	at com.kms.katalon.core.main.TestCaseMain$startTestSuite$0.call(Unknown Source)
	at TempTestSuite1602761215512.run(TempTestSuite1602761215512.groovy:39)]]></system-out>
      <system-err><![CDATA[2020-10-15 18:31:11 - [TEST_SUITE][FAILED] - TS_SLIK_Gateway_Non_Customer: Test Cases/IST_Real/SLIK/SLIK_Gateway_Non_Customer/SLIK Gateway Non Customer View Detail when Status APPROVED FAILED.
Reason:
com.kms.katalon.core.exception.StepFailedException: Feature file 'Include/features/IST_Real/SLIK/SLIK Gateway Non Customer/SLIK_Gateway_Non_Customer_View_Detail_when_Status_APPROVED.feature' was failed
	at com.kms.katalon.core.keyword.internal.KeywordMain.stepFailed(KeywordMain.groovy:50)
	at com.kms.katalon.core.keyword.internal.KeywordMain.stepFailed(KeywordMain.groovy)
	at com.kms.katalon.core.keyword.internal.KeywordMain.stepFailed(KeywordMain.groovy:23)
	at com.kms.katalon.core.keyword.internal.KeywordMain$stepFailed$0.call(Unknown Source)
	at com.kms.katalon.core.cucumber.keyword.CucumberBuiltinKeywords$_runFeatureFile_closure1.doCall(CucumberBuiltinKeywords.groovy:82)
	at com.kms.katalon.core.cucumber.keyword.CucumberBuiltinKeywords$_runFeatureFile_closure1.doCall(CucumberBuiltinKeywords.groovy)
	at com.kms.katalon.core.keyword.internal.KeywordMain.runKeyword(KeywordMain.groovy:68)
	at com.kms.katalon.core.keyword.internal.KeywordMain$runKeyword.call(Unknown Source)
	at com.kms.katalon.core.cucumber.keyword.CucumberBuiltinKeywords.runFeatureFile(CucumberBuiltinKeywords.groovy:46)
	at com.kms.katalon.core.cucumber.keyword.CucumberBuiltinKeywords$runFeatureFile$0.callStatic(Unknown Source)
	at com.kms.katalon.core.cucumber.keyword.CucumberBuiltinKeywords.runFeatureFile(CucumberBuiltinKeywords.groovy:169)
	at com.kms.katalon.core.cucumber.keyword.CucumberBuiltinKeywords$runFeatureFile.call(Unknown Source)
	at SLIK Gateway Non Customer View Detail when Status APPROVED.run(SLIK Gateway Non Customer View Detail when Status APPROVED:18)
	at com.kms.katalon.core.main.ScriptEngine.run(ScriptEngine.java:194)
	at com.kms.katalon.core.main.ScriptEngine.runScriptAsRawText(ScriptEngine.java:119)
	at com.kms.katalon.core.main.TestCaseExecutor.runScript(TestCaseExecutor.java:339)
	at com.kms.katalon.core.main.TestCaseExecutor.doExecute(TestCaseExecutor.java:330)
	at com.kms.katalon.core.main.TestCaseExecutor.processExecutionPhase(TestCaseExecutor.java:309)
	at com.kms.katalon.core.main.TestCaseExecutor.accessMainPhase(TestCaseExecutor.java:301)
	at com.kms.katalon.core.main.TestCaseExecutor.execute(TestCaseExecutor.java:235)
	at com.kms.katalon.core.main.TestSuiteExecutor.accessTestCaseMainPhase(TestSuiteExecutor.java:191)
	at com.kms.katalon.core.main.TestSuiteExecutor.accessTestSuiteMainPhase(TestSuiteExecutor.java:141)
	at com.kms.katalon.core.main.TestSuiteExecutor.execute(TestSuiteExecutor.java:90)
	at com.kms.katalon.core.main.TestCaseMain.startTestSuite(TestCaseMain.java:157)
	at com.kms.katalon.core.main.TestCaseMain$startTestSuite$0.call(Unknown Source)
	at TempTestSuite1602761215512.run(TempTestSuite1602761215512.groovy:39)]]></system-err>
   </testsuite>
   <testsuite name="TS_SLIK_Gateway_Approval_Non_Customer" tests="5" failures="1" errors="0" time="212.514" timestamp="2020-10-15 18:39:55" hostname="chaidir.pratama01 - localhost" id="Test Suites/SLIK/TS_SLIK_Gateway_Approval_Non_Customer">
      <properties>
         <property name="deviceName" value=""/>
         <property name="devicePlatform" value=""/>
         <property name="logFolder" value="/Users/chaidir.pratama01/Katalon Studio/IST_Automation_Git/Reports/20201015_182654/SLIK/TS_SLIK_Gateway_Approval_Non_Customer/20201015_182656"/>
         <property name="logFiles" value="/Users/chaidir.pratama01/Katalon Studio/IST_Automation_Git/Reports/20201015_182654/SLIK/TS_SLIK_Gateway_Approval_Non_Customer/20201015_182656/execution0.log"/>
         <property name="attachments" value="/Users/chaidir.pratama01/Documents/Docs/Katalon Studio/Screenshot/slik.png, /Users/chaidir.pratama01/Documents/Docs/Katalon Studio/Screenshot/slik.png, /Users/chaidir.pratama01/Documents/Docs/Katalon Studio/Screenshot/slik.png, /Users/chaidir.pratama01/Documents/Docs/Katalon Studio/Screenshot/errorpopup.png, /Users/chaidir.pratama01/Katalon Studio/IST_Automation_Git/Reports/20201015_182654/SLIK/TS_SLIK_Gateway_Approval_Non_Customer/20201015_182656/1602762070347.png, /Users/chaidir.pratama01/Katalon Studio/IST_Automation_Git/Reports/20201015_182654/SLIK/TS_SLIK_Gateway_Approval_Non_Customer/20201015_182656/1602762070928.png, /Users/chaidir.pratama01/Documents/Docs/Katalon Studio/Screenshot/test-SLIK Gateway Approval Non Customer.png, /Users/chaidir.pratama01/Documents/Docs/Katalon Studio/Screenshot/test-SLIK Gateway Approval Non Customer.png, /Users/chaidir.pratama01/Documents/Docs/Katalon Studio/Screenshot/errorpopup.png, /Users/chaidir.pratama01/Documents/Docs/Katalon Studio/Screenshot/errorpopup.png, /Users/chaidir.pratama01/Documents/Docs/Katalon Studio/Screenshot/slik.png, /Users/chaidir.pratama01/Documents/Docs/Katalon Studio/Screenshot/slik.png, /Users/chaidir.pratama01/Documents/Docs/Katalon Studio/Screenshot/slik.png, /Users/chaidir.pratama01/Documents/Docs/Katalon Studio/Screenshot/errorpopup.png, /Users/chaidir.pratama01/Documents/Docs/Katalon Studio/Screenshot/test-SLIK Gateway Approval Non Customer.png, /Users/chaidir.pratama01/Documents/Docs/Katalon Studio/Screenshot/errorpopup.png, /Users/chaidir.pratama01/Documents/Docs/Katalon Studio/Screenshot/errorpopup.png"/>
         <property name="hostName" value="chaidir.pratama01 - localhost"/>
         <property name="os" value="Mac OS X 64bit"/>
         <property name="katalonVersion" value="7.6.0.${buildNumber}"/>
         <property name="browser" value="Chrome 86.0.4240.80"/>
         <property name="hostAddress" value="127.0.0.1"/>
         <property name="sessionId" value="4072f883e3d5ed741d08db5f7e65e943"/>
         <property name="seleniumVersion" value="3.141.59"/>
         <property name="proxyInformation" value="ProxyInformation { proxyOption=NO_PROXY, proxyServerType=HTTP, username=, password=********, proxyServerAddress=, proxyServerPort=0, executionList=\&quot;\&quot;, isApplyToDesiredCapabilities=true }"/>
         <property name="platform" value="Mac OS X"/>
      </properties>
      <testcase name="Test Cases/IST_Real/SLIK/SLIK_Gateway_Non_Customer/SLIK Gateway Non Customer Checking" time="76.287" classname="Test Cases/IST_Real/SLIK/SLIK_Gateway_Non_Customer/SLIK Gateway Non Customer Checking" status="FAILED">
         <failure type="FAILED" message="Test Cases/IST_Real/SLIK/SLIK_Gateway_Non_Customer/SLIK Gateway Non Customer Checking FAILED.
Reason:
com.kms.katalon.core.exception.StepFailedException: Feature file 'Include/features/IST_Real/SLIK/SLIK Gateway Non Customer/SLIK Gateway Non Customer Checking.feature' was failed
	at com.kms.katalon.core.keyword.internal.KeywordMain.stepFailed(KeywordMain.groovy:50)
	at com.kms.katalon.core.keyword.internal.KeywordMain.stepFailed(KeywordMain.groovy)
	at com.kms.katalon.core.keyword.internal.KeywordMain.stepFailed(KeywordMain.groovy:23)
	at com.kms.katalon.core.keyword.internal.KeywordMain$stepFailed$0.call(Unknown Source)
	at com.kms.katalon.core.cucumber.keyword.CucumberBuiltinKeywords$_runFeatureFile_closure1.doCall(CucumberBuiltinKeywords.groovy:82)
	at com.kms.katalon.core.cucumber.keyword.CucumberBuiltinKeywords$_runFeatureFile_closure1.doCall(CucumberBuiltinKeywords.groovy)
	at com.kms.katalon.core.keyword.internal.KeywordMain.runKeyword(KeywordMain.groovy:68)
	at com.kms.katalon.core.keyword.internal.KeywordMain$runKeyword.call(Unknown Source)
	at com.kms.katalon.core.cucumber.keyword.CucumberBuiltinKeywords.runFeatureFile(CucumberBuiltinKeywords.groovy:46)
	at com.kms.katalon.core.cucumber.keyword.CucumberBuiltinKeywords$runFeatureFile$0.callStatic(Unknown Source)
	at com.kms.katalon.core.cucumber.keyword.CucumberBuiltinKeywords.runFeatureFile(CucumberBuiltinKeywords.groovy:169)
	at com.kms.katalon.core.cucumber.keyword.CucumberBuiltinKeywords$runFeatureFile.call(Unknown Source)
	at SLIK Gateway Non Customer Checking.run(SLIK Gateway Non Customer Checking:18)
	at com.kms.katalon.core.main.ScriptEngine.run(ScriptEngine.java:194)
	at com.kms.katalon.core.main.ScriptEngine.runScriptAsRawText(ScriptEngine.java:119)
	at com.kms.katalon.core.main.TestCaseExecutor.runScript(TestCaseExecutor.java:339)
	at com.kms.katalon.core.main.TestCaseExecutor.doExecute(TestCaseExecutor.java:330)
	at com.kms.katalon.core.main.TestCaseExecutor.processExecutionPhase(TestCaseExecutor.java:309)
	at com.kms.katalon.core.main.TestCaseExecutor.accessMainPhase(TestCaseExecutor.java:301)
	at com.kms.katalon.core.main.TestCaseExecutor.execute(TestCaseExecutor.java:235)
	at com.kms.katalon.core.main.TestSuiteExecutor.accessTestCaseMainPhase(TestSuiteExecutor.java:191)
	at com.kms.katalon.core.main.TestSuiteExecutor.accessTestSuiteMainPhase(TestSuiteExecutor.java:141)
	at com.kms.katalon.core.main.TestSuiteExecutor.execute(TestSuiteExecutor.java:90)
	at com.kms.katalon.core.main.TestCaseMain.startTestSuite(TestCaseMain.java:157)
	at com.kms.katalon.core.main.TestCaseMain$startTestSuite$0.call(Unknown Source)
	at TempTestSuite1602761216569.run(TempTestSuite1602761216569.groovy:39)
"/>
         <system-out><![CDATA[2020-10-15 18:39:55 - [TEST_CASE][FAILED] - Test Cases/IST_Real/SLIK/SLIK_Gateway_Non_Customer/SLIK Gateway Non Customer Checking: Test Cases/IST_Real/SLIK/SLIK_Gateway_Non_Customer/SLIK Gateway Non Customer Checking FAILED.
Reason:
com.kms.katalon.core.exception.StepFailedException: Feature file 'Include/features/IST_Real/SLIK/SLIK Gateway Non Customer/SLIK Gateway Non Customer Checking.feature' was failed
	at com.kms.katalon.core.keyword.internal.KeywordMain.stepFailed(KeywordMain.groovy:50)
	at com.kms.katalon.core.keyword.internal.KeywordMain.stepFailed(KeywordMain.groovy)
	at com.kms.katalon.core.keyword.internal.KeywordMain.stepFailed(KeywordMain.groovy:23)
	at com.kms.katalon.core.keyword.internal.KeywordMain$stepFailed$0.call(Unknown Source)
	at com.kms.katalon.core.cucumber.keyword.CucumberBuiltinKeywords$_runFeatureFile_closure1.doCall(CucumberBuiltinKeywords.groovy:82)
	at com.kms.katalon.core.cucumber.keyword.CucumberBuiltinKeywords$_runFeatureFile_closure1.doCall(CucumberBuiltinKeywords.groovy)
	at com.kms.katalon.core.keyword.internal.KeywordMain.runKeyword(KeywordMain.groovy:68)
	at com.kms.katalon.core.keyword.internal.KeywordMain$runKeyword.call(Unknown Source)
	at com.kms.katalon.core.cucumber.keyword.CucumberBuiltinKeywords.runFeatureFile(CucumberBuiltinKeywords.groovy:46)
	at com.kms.katalon.core.cucumber.keyword.CucumberBuiltinKeywords$runFeatureFile$0.callStatic(Unknown Source)
	at com.kms.katalon.core.cucumber.keyword.CucumberBuiltinKeywords.runFeatureFile(CucumberBuiltinKeywords.groovy:169)
	at com.kms.katalon.core.cucumber.keyword.CucumberBuiltinKeywords$runFeatureFile.call(Unknown Source)
	at SLIK Gateway Non Customer Checking.run(SLIK Gateway Non Customer Checking:18)
	at com.kms.katalon.core.main.ScriptEngine.run(ScriptEngine.java:194)
	at com.kms.katalon.core.main.ScriptEngine.runScriptAsRawText(ScriptEngine.java:119)
	at com.kms.katalon.core.main.TestCaseExecutor.runScript(TestCaseExecutor.java:339)
	at com.kms.katalon.core.main.TestCaseExecutor.doExecute(TestCaseExecutor.java:330)
	at com.kms.katalon.core.main.TestCaseExecutor.processExecutionPhase(TestCaseExecutor.java:309)
	at com.kms.katalon.core.main.TestCaseExecutor.accessMainPhase(TestCaseExecutor.java:301)
	at com.kms.katalon.core.main.TestCaseExecutor.execute(TestCaseExecutor.java:235)
	at com.kms.katalon.core.main.TestSuiteExecutor.accessTestCaseMainPhase(TestSuiteExecutor.java:191)
	at com.kms.katalon.core.main.TestSuiteExecutor.accessTestSuiteMainPhase(TestSuiteExecutor.java:141)
	at com.kms.katalon.core.main.TestSuiteExecutor.execute(TestSuiteExecutor.java:90)
	at com.kms.katalon.core.main.TestCaseMain.startTestSuite(TestCaseMain.java:157)
	at com.kms.katalon.core.main.TestCaseMain$startTestSuite$0.call(Unknown Source)
	at TempTestSuite1602761216569.run(TempTestSuite1602761216569.groovy:39)


2020-10-15 18:39:55 - [TEST_STEP][FAILED] - runFeatureFile("Include/features/IST_Real/SLIK/SLIK Gateway Non Customer/SLIK Gateway Non Customer Checking.feature"): Keyword runFeatureFile was failed (Root cause: com.kms.katalon.core.exception.StepFailedException: Feature file 'Include/features/IST_Real/SLIK/SLIK Gateway Non Customer/SLIK Gateway Non Customer Checking.feature' was failed
	at com.kms.katalon.core.keyword.internal.KeywordMain.stepFailed(KeywordMain.groovy:50)
	at com.kms.katalon.core.keyword.internal.KeywordMain.stepFailed(KeywordMain.groovy)
	at com.kms.katalon.core.keyword.internal.KeywordMain.stepFailed(KeywordMain.groovy:23)
	at com.kms.katalon.core.keyword.internal.KeywordMain$stepFailed$0.call(Unknown Source)
	at com.kms.katalon.core.cucumber.keyword.CucumberBuiltinKeywords$_runFeatureFile_closure1.doCall(CucumberBuiltinKeywords.groovy:82)
	at com.kms.katalon.core.cucumber.keyword.CucumberBuiltinKeywords$_runFeatureFile_closure1.doCall(CucumberBuiltinKeywords.groovy)
	at com.kms.katalon.core.keyword.internal.KeywordMain.runKeyword(KeywordMain.groovy:68)
	at com.kms.katalon.core.keyword.internal.KeywordMain$runKeyword.call(Unknown Source)
	at com.kms.katalon.core.cucumber.keyword.CucumberBuiltinKeywords.runFeatureFile(CucumberBuiltinKeywords.groovy:46)
	at com.kms.katalon.core.cucumber.keyword.CucumberBuiltinKeywords$runFeatureFile$0.callStatic(Unknown Source)
	at com.kms.katalon.core.cucumber.keyword.CucumberBuiltinKeywords.runFeatureFile(CucumberBuiltinKeywords.groovy:169)
	at com.kms.katalon.core.cucumber.keyword.CucumberBuiltinKeywords$runFeatureFile.call(Unknown Source)
	at SLIK Gateway Non Customer Checking.run(SLIK Gateway Non Customer Checking:18)
	at com.kms.katalon.core.main.ScriptEngine.run(ScriptEngine.java:194)
	at com.kms.katalon.core.main.ScriptEngine.runScriptAsRawText(ScriptEngine.java:119)
	at com.kms.katalon.core.main.TestCaseExecutor.runScript(TestCaseExecutor.java:339)
	at com.kms.katalon.core.main.TestCaseExecutor.doExecute(TestCaseExecutor.java:330)
	at com.kms.katalon.core.main.TestCaseExecutor.processExecutionPhase(TestCaseExecutor.java:309)
	at com.kms.katalon.core.main.TestCaseExecutor.accessMainPhase(TestCaseExecutor.java:301)
	at com.kms.katalon.core.main.TestCaseExecutor.execute(TestCaseExecutor.java:235)
	at com.kms.katalon.core.main.TestSuiteExecutor.accessTestCaseMainPhase(TestSuiteExecutor.java:191)
	at com.kms.katalon.core.main.TestSuiteExecutor.accessTestSuiteMainPhase(TestSuiteExecutor.java:141)
	at com.kms.katalon.core.main.TestSuiteExecutor.execute(TestSuiteExecutor.java:90)
	at com.kms.katalon.core.main.TestCaseMain.startTestSuite(TestCaseMain.java:157)
	at com.kms.katalon.core.main.TestCaseMain$startTestSuite$0.call(Unknown Source)
	at TempTestSuite1602761216569.run(TempTestSuite1602761216569.groovy:39)
)

2020-10-15 18:39:55 - [MESSAGE][INFO] - Starting run keyword runFeatureFile: 'Include/features/IST_Real/SLIK/SLIK Gateway Non Customer/SLIK Gateway Non Customer Checking.feature' and extract report to folder: '/Users/chaidir.pratama01/Katalon Studio/IST_Automation_Git/Reports/20201015_182654/SLIK/TS_SLIK_Gateway_Approval_Non_Customer/20201015_182656/cucumber_report/1602761995510'...

2020-10-15 18:39:56 - [TEST_CASE][FAILED] - Start Test Case : SCENARIO SLIK Gateway Non Customer Checking: SCENARIO SLIK Gateway Non Customer Checking FAILED.
Reason:
com.kms.katalon.core.exception.StepFailedException: Unable to verify object '' is present
	at com.kms.katalon.core.webui.keyword.internal.WebUIKeywordMain.stepFailed(WebUIKeywordMain.groovy:64)
	at com.kms.katalon.core.webui.keyword.internal.WebUIKeywordMain.runKeyword(WebUIKeywordMain.groovy:26)
	at com.kms.katalon.core.webui.keyword.builtin.VerifyElementPresentKeyword.verifyElementPresent(VerifyElementPresentKeyword.groovy:92)
	at com.kms.katalon.core.webui.keyword.builtin.VerifyElementPresentKeyword.execute(VerifyElementPresentKeyword.groovy:68)
	at com.kms.katalon.core.keyword.internal.KeywordExecutor.executeKeywordForPlatform(KeywordExecutor.groovy:73)
	at com.kms.katalon.core.webui.keyword.WebUiBuiltInKeywords.verifyElementPresent(WebUiBuiltInKeywords.groovy:1460)
	at com.kms.katalon.core.webui.keyword.WebUiBuiltInKeywords$verifyElementPresent$5.call(Unknown Source)
	at ist_real.Contract_Dispatcher.gettextconfirmationadd(Contract_Dispatcher.groovy:456)
	at ✽.Get text from pop up "Confirmation Submit Request" with text "Are you sure to submit this data ?"(/Users/chaidir.pratama01/Katalon Studio/IST_Automation_Git/Include/features/IST_Real/SLIK/SLIK Gateway Non Customer/SLIK Gateway Non Customer Checking.feature:43)
Caused by: com.kms.katalon.core.exception.StepFailedException: com.kms.katalon.core.webui.exception.WebElementNotFoundException: Web element with id: '' located by '//div[contains(text(),"Confirmation Submit Request")]/following-sibling::div/table/tbody/tr/td/table/tbody/tr/td[5]/div/span[contains(text(),"Are you sure to submit this data ?")]' not found
	at com.kms.katalon.core.webui.keyword.internal.WebUIKeywordMain.stepFailed(WebUIKeywordMain.groovy:64)
	at com.kms.katalon.core.webui.keyword.builtin.VerifyElementPresentKeyword$_verifyElementPresent_closure1.doCall(VerifyElementPresentKeyword.groovy:85)
	at com.kms.katalon.core.webui.keyword.builtin.VerifyElementPresentKeyword$_verifyElementPresent_closure1.call(VerifyElementPresentKeyword.groovy)
	at com.kms.katalon.core.webui.keyword.internal.WebUIKeywordMain.runKeyword(WebUIKeywordMain.groovy:20)
	at com.kms.katalon.core.webui.keyword.builtin.VerifyElementPresentKeyword.verifyElementPresent(VerifyElementPresentKeyword.groovy:92)
	at com.kms.katalon.core.webui.keyword.builtin.VerifyElementPresentKeyword.execute(VerifyElementPresentKeyword.groovy:68)
	at com.kms.katalon.core.keyword.internal.KeywordExecutor.executeKeywordForPlatform(KeywordExecutor.groovy:73)
	at com.kms.katalon.core.webui.keyword.WebUiBuiltInKeywords.verifyElementPresent(WebUiBuiltInKeywords.groovy:1460)
	at com.kms.katalon.core.webui.keyword.WebUiBuiltInKeywords$verifyElementPresent$5.call(Unknown Source)
	at ist_real.Contract_Dispatcher.gettextconfirmationadd(Contract_Dispatcher.groovy:456)
	at cucumber.runtime.Utils$1.call(Utils.java:26)
	at cucumber.runtime.Timeout.timeout(Timeout.java:16)
	at cucumber.runtime.Utils.invoke(Utils.java:20)
	at cucumber.runtime.java.JavaStepDefinition.execute(JavaStepDefinition.java:48)
	at cucumber.runtime.PickleStepDefinitionMatch.runStep(PickleStepDefinitionMatch.java:50)
	at cucumber.runner.TestStep.executeStep(TestStep.java:55)
	at cucumber.runner.TestStep.run(TestStep.java:42)
	at cucumber.runner.PickleStepTestStep.run(PickleStepTestStep.java:53)
	at cucumber.runner.TestCase.run(TestCase.java:47)
	at cucumber.runner.Runner.runPickle(Runner.java:44)
	at cucumber.runtime.Runtime.runFeature(Runtime.java:120)
	at cucumber.runtime.Runtime.run(Runtime.java:106)
	at cucumber.api.cli.Main.run(Main.java:35)
	at cucumber.api.cli.Main$run.call(Unknown Source)
	at com.kms.katalon.core.cucumber.keyword.CucumberBuiltinKeywords$_runFeatureFile_closure1.doCall(CucumberBuiltinKeywords.groovy:76)
	at com.kms.katalon.core.cucumber.keyword.CucumberBuiltinKeywords$_runFeatureFile_closure1.doCall(CucumberBuiltinKeywords.groovy)
	at com.kms.katalon.core.keyword.internal.KeywordMain.runKeyword(KeywordMain.groovy:68)
	at com.kms.katalon.core.keyword.internal.KeywordMain$runKeyword.call(Unknown Source)
	at com.kms.katalon.core.cucumber.keyword.CucumberBuiltinKeywords.runFeatureFile(CucumberBuiltinKeywords.groovy:46)
	at com.kms.katalon.core.cucumber.keyword.CucumberBuiltinKeywords$runFeatureFile$0.callStatic(Unknown Source)
	at com.kms.katalon.core.cucumber.keyword.CucumberBuiltinKeywords.runFeatureFile(CucumberBuiltinKeywords.groovy:169)
	at com.kms.katalon.core.cucumber.keyword.CucumberBuiltinKeywords$runFeatureFile.call(Unknown Source)
	at SLIK Gateway Non Customer Checking.run(SLIK Gateway Non Customer Checking:18)
	at com.kms.katalon.core.main.ScriptEngine.run(ScriptEngine.java:194)
	at com.kms.katalon.core.main.ScriptEngine.runScriptAsRawText(ScriptEngine.java:119)
	at com.kms.katalon.core.main.TestCaseExecutor.runScript(TestCaseExecutor.java:339)
	at com.kms.katalon.core.main.TestCaseExecutor.doExecute(TestCaseExecutor.java:330)
	at com.kms.katalon.core.main.TestCaseExecutor.processExecutionPhase(TestCaseExecutor.java:309)
	at com.kms.katalon.core.main.TestCaseExecutor.accessMainPhase(TestCaseExecutor.java:301)
	at com.kms.katalon.core.main.TestCaseExecutor.execute(TestCaseExecutor.java:235)
	at com.kms.katalon.core.main.TestSuiteExecutor.accessTestCaseMainPhase(TestSuiteExecutor.java:191)
	at com.kms.katalon.core.main.TestSuiteExecutor.accessTestSuiteMainPhase(TestSuiteExecutor.java:141)
	at com.kms.katalon.core.main.TestSuiteExecutor.execute(TestSuiteExecutor.java:90)
	at com.kms.katalon.core.main.TestCaseMain.startTestSuite(TestCaseMain.java:157)
	at com.kms.katalon.core.main.TestCaseMain$startTestSuite$0.call(Unknown Source)
	at TempTestSuite1602761216569.run(TempTestSuite1602761216569.groovy:39)


2020-10-15 18:39:56 - [TEST_STEP][PASSED] - Go to ISTools: Go to ISTools

2020-10-15 18:39:56 - [MESSAGE][INFO] - Starting 'Chrome' driver

2020-10-15 18:39:56 - [MESSAGE][INFO] - User set preference: ['AcceptInsecureCerts', 'true']

2020-10-15 18:39:56 - [MESSAGE][INFO] - User set preference: ['args', '[ignore-certificate-errors]']

2020-10-15 18:39:56 - [MESSAGE][INFO] - Action delay is set to 0 milliseconds

2020-10-15 18:39:57 - [MESSAGE][PASSED] - Browser is opened with url: ''

2020-10-15 18:39:59 - [MESSAGE][PASSED] - Navigate to 'https://dev-istools.homecredit.id/foundation/' successfully

2020-10-15 18:39:59 - [MESSAGE][PASSED] - Go to ISTools

2020-10-15 18:39:59 - [TEST_STEP][PASSED] - Login IST with valid credentials: Login IST with valid credentials

2020-10-15 18:40:00 - [MESSAGE][PASSED] - Text 'mobile.test' is set on object 'Object Repository/Page_/input_Username_j_username'

2020-10-15 18:40:00 - [MESSAGE][PASSED] - Text ****** has been set on object 'Object Repository/Page_/input_Password_j_password'

2020-10-15 18:40:01 - [MESSAGE][PASSED] - Object: 'Object Repository/Page_/button_Login' is clicked on

2020-10-15 18:40:01 - [MESSAGE][PASSED] - Login IST with valid credentials

2020-10-15 18:40:01 - [TEST_STEP][PASSED] - Login Success for contract dispatcher: Login Success for contract dispatcher

2020-10-15 18:40:01 - [MESSAGE][INFO] - Login Success

2020-10-15 18:40:01 - [MESSAGE][PASSED] - Current window maximized

2020-10-15 18:40:01 - [MESSAGE][PASSED] - Object 'Object Repository/Page_/h1_Welcome to IT Supporting Tools' is present

2020-10-15 18:40:01 - [MESSAGE][PASSED] - Login Success for contract dispatcher

2020-10-15 18:40:01 - [TEST_STEP][PASSED] - Select Menu SLIK Gateway NonCustomer: Select Menu SLIK Gateway NonCustomer

2020-10-15 18:40:02 - [MESSAGE][PASSED] - Object '' is present

2020-10-15 18:40:02 - [MESSAGE][PASSED] - Object: '' is clicked on

2020-10-15 18:40:02 - [MESSAGE][PASSED] - Wait for page load successfully

2020-10-15 18:40:02 - [MESSAGE][PASSED] - Select Menu SLIK Gateway NonCustomer

2020-10-15 18:40:02 - [TEST_STEP][PASSED] - Input Data KTP Number: Input Data KTP Number

2020-10-15 18:40:03 - [MESSAGE][PASSED] - Text '8888888888888888' is set on object ''

2020-10-15 18:40:03 - [MESSAGE][PASSED] - Input Data KTP Number

2020-10-15 18:40:03 - [TEST_STEP][PASSED] - Input Data "Name *" with value "OPEX TestingAuto" for Check SLIK: Input Data "Name *" with value "OPEX TestingAuto" for Check SLIK

2020-10-15 18:40:04 - [MESSAGE][PASSED] - Taking screenshot successfully
[[ATTACHMENT|/Users/chaidir.pratama01/Documents/Docs/Katalon Studio/Screenshot/slik.png]]

2020-10-15 18:40:04 - [MESSAGE][PASSED] - Object '' is visible

2020-10-15 18:40:05 - [MESSAGE][PASSED] - Object: '' is focused

2020-10-15 18:40:05 - [MESSAGE][PASSED] - Text 'OPEX TestingAuto' is set on object ''

2020-10-15 18:40:05 - [MESSAGE][PASSED] - Input Data "Name *" with value "OPEX TestingAuto" for Check SLIK

2020-10-15 18:40:05 - [TEST_STEP][PASSED] - Input Date of Birth "20-02-1990": Input Date of Birth "20-02-1990"

2020-10-15 18:40:06 - [MESSAGE][PASSED] - Text '20-02-1990' is set on object ''

2020-10-15 18:40:09 - [MESSAGE][PASSED] - Delayed 3 second(s)

2020-10-15 18:40:09 - [MESSAGE][PASSED] - Input Date of Birth "20-02-1990"

2020-10-15 18:40:09 - [TEST_STEP][PASSED] - Select Gender "Laki-laki": Select Gender "Laki-laki"

2020-10-15 18:40:09 - [MESSAGE][PASSED] - Object: '' is clicked on

2020-10-15 18:40:09 - [MESSAGE][PASSED] - Select Gender "Laki-laki"

2020-10-15 18:40:09 - [TEST_STEP][PASSED] - Select Purpose is "Penilaian Calon Kemitraan": Select Purpose is "Penilaian Calon Kemitraan"

2020-10-15 18:40:11 - [MESSAGE][PASSED] - All options with value 'Penilaian Calon Kemitraan' are selected in object ''  using regular expression

2020-10-15 18:40:11 - [MESSAGE][PASSED] - Select Purpose is "Penilaian Calon Kemitraan"

2020-10-15 18:40:11 - [TEST_STEP][PASSED] - Input Data "Place of Birth" with value "Jakarta" for Check SLIK: Input Data "Place of Birth" with value "Jakarta" for Check SLIK

2020-10-15 18:40:11 - [MESSAGE][PASSED] - Taking screenshot successfully
[[ATTACHMENT|/Users/chaidir.pratama01/Documents/Docs/Katalon Studio/Screenshot/slik.png]]

2020-10-15 18:40:12 - [MESSAGE][PASSED] - Object '' is visible

2020-10-15 18:40:12 - [MESSAGE][PASSED] - Object: '' is focused

2020-10-15 18:40:12 - [MESSAGE][PASSED] - Text 'Jakarta' is set on object ''

2020-10-15 18:40:12 - [MESSAGE][PASSED] - Input Data "Place of Birth" with value "Jakarta" for Check SLIK

2020-10-15 18:40:12 - [TEST_STEP][PASSED] - Input Data "Mother Maternity Name" with value "Tester Auto" for Check SLIK: Input Data "Mother Maternity Name" with value "Tester Auto" for Check SLIK

2020-10-15 18:40:13 - [MESSAGE][PASSED] - Taking screenshot successfully
[[ATTACHMENT|/Users/chaidir.pratama01/Documents/Docs/Katalon Studio/Screenshot/slik.png]]

2020-10-15 18:40:13 - [MESSAGE][PASSED] - Object '' is visible

2020-10-15 18:40:14 - [MESSAGE][PASSED] - Object: '' is focused

2020-10-15 18:40:14 - [MESSAGE][PASSED] - Text 'Tester Auto' is set on object ''

2020-10-15 18:40:14 - [MESSAGE][PASSED] - Input Data "Mother Maternity Name" with value "Tester Auto" for Check SLIK

2020-10-15 18:40:14 - [TEST_STEP][PASSED] - Input KTP Address "TESTING AUTO JAKARTA": Input KTP Address "TESTING AUTO JAKARTA"

2020-10-15 18:40:15 - [MESSAGE][PASSED] - Text 'TESTING AUTO JAKARTA' is set on object ''

2020-10-15 18:40:15 - [MESSAGE][PASSED] - Input KTP Address "TESTING AUTO JAKARTA"

2020-10-15 18:40:15 - [TEST_STEP][PASSED] - Click button "Upload": Click button "Upload"

2020-10-15 18:40:15 - [MESSAGE][INFO] - >>>>>//Button[contains(text(),'Upload')]

2020-10-15 18:40:20 - [MESSAGE][PASSED] - Object: '' is clicked on

2020-10-15 18:40:20 - [MESSAGE][PASSED] - Click button "Upload"

2020-10-15 18:40:20 - [TEST_STEP][PASSED] - Upload file "new_captcha1500.png": Upload file "new_captcha1500.png"

2020-10-15 18:40:20 - [MESSAGE][PASSED] - Switched to window with index: '0'

2020-10-15 18:40:34 - [MESSAGE][PASSED] - Upload file "new_captcha1500.png"

2020-10-15 18:40:34 - [TEST_STEP][PASSED] - Click button "Check SLIK": Click button "Check SLIK"

2020-10-15 18:40:34 - [MESSAGE][INFO] - >>>>>//Button[contains(text(),'Check SLIK')]

2020-10-15 18:40:37 - [MESSAGE][PASSED] - Object: '' is clicked on

2020-10-15 18:40:37 - [MESSAGE][PASSED] - Click button "Check SLIK"

2020-10-15 18:40:37 - [TEST_STEP][FAILED] - Get text from pop up "Confirmation Submit Request" with text "Are you sure to submit this data ?": Get text from pop up "Confirmation Submit Request" with text "Are you sure to submit this data ?" FAILED.
Reason:
com.kms.katalon.core.exception.StepFailedException: Unable to verify object '' is present
	at com.kms.katalon.core.webui.keyword.internal.WebUIKeywordMain.stepFailed(WebUIKeywordMain.groovy:64)
	at com.kms.katalon.core.webui.keyword.internal.WebUIKeywordMain.runKeyword(WebUIKeywordMain.groovy:26)
	at com.kms.katalon.core.webui.keyword.builtin.VerifyElementPresentKeyword.verifyElementPresent(VerifyElementPresentKeyword.groovy:92)
	at com.kms.katalon.core.webui.keyword.builtin.VerifyElementPresentKeyword.execute(VerifyElementPresentKeyword.groovy:68)
	at com.kms.katalon.core.keyword.internal.KeywordExecutor.executeKeywordForPlatform(KeywordExecutor.groovy:73)
	at com.kms.katalon.core.webui.keyword.WebUiBuiltInKeywords.verifyElementPresent(WebUiBuiltInKeywords.groovy:1460)
	at com.kms.katalon.core.webui.keyword.WebUiBuiltInKeywords$verifyElementPresent$5.call(Unknown Source)
	at ist_real.Contract_Dispatcher.gettextconfirmationadd(Contract_Dispatcher.groovy:456)
	at ✽.Get text from pop up "Confirmation Submit Request" with text "Are you sure to submit this data ?"(/Users/chaidir.pratama01/Katalon Studio/IST_Automation_Git/Include/features/IST_Real/SLIK/SLIK Gateway Non Customer/SLIK Gateway Non Customer Checking.feature:43)
Caused by: com.kms.katalon.core.exception.StepFailedException: com.kms.katalon.core.webui.exception.WebElementNotFoundException: Web element with id: '' located by '//div[contains(text(),"Confirmation Submit Request")]/following-sibling::div/table/tbody/tr/td/table/tbody/tr/td[5]/div/span[contains(text(),"Are you sure to submit this data ?")]' not found
	at com.kms.katalon.core.webui.keyword.internal.WebUIKeywordMain.stepFailed(WebUIKeywordMain.groovy:64)
	at com.kms.katalon.core.webui.keyword.builtin.VerifyElementPresentKeyword$_verifyElementPresent_closure1.doCall(VerifyElementPresentKeyword.groovy:85)
	at com.kms.katalon.core.webui.keyword.builtin.VerifyElementPresentKeyword$_verifyElementPresent_closure1.call(VerifyElementPresentKeyword.groovy)
	at com.kms.katalon.core.webui.keyword.internal.WebUIKeywordMain.runKeyword(WebUIKeywordMain.groovy:20)
	at com.kms.katalon.core.webui.keyword.builtin.VerifyElementPresentKeyword.verifyElementPresent(VerifyElementPresentKeyword.groovy:92)
	at com.kms.katalon.core.webui.keyword.builtin.VerifyElementPresentKeyword.execute(VerifyElementPresentKeyword.groovy:68)
	at com.kms.katalon.core.keyword.internal.KeywordExecutor.executeKeywordForPlatform(KeywordExecutor.groovy:73)
	at com.kms.katalon.core.webui.keyword.WebUiBuiltInKeywords.verifyElementPresent(WebUiBuiltInKeywords.groovy:1460)
	at com.kms.katalon.core.webui.keyword.WebUiBuiltInKeywords$verifyElementPresent$5.call(Unknown Source)
	at ist_real.Contract_Dispatcher.gettextconfirmationadd(Contract_Dispatcher.groovy:456)
	at cucumber.runtime.Utils$1.call(Utils.java:26)
	at cucumber.runtime.Timeout.timeout(Timeout.java:16)
	at cucumber.runtime.Utils.invoke(Utils.java:20)
	at cucumber.runtime.java.JavaStepDefinition.execute(JavaStepDefinition.java:48)
	at cucumber.runtime.PickleStepDefinitionMatch.runStep(PickleStepDefinitionMatch.java:50)
	at cucumber.runner.TestStep.executeStep(TestStep.java:55)
	at cucumber.runner.TestStep.run(TestStep.java:42)
	at cucumber.runner.PickleStepTestStep.run(PickleStepTestStep.java:53)
	at cucumber.runner.TestCase.run(TestCase.java:47)
	at cucumber.runner.Runner.runPickle(Runner.java:44)
	at cucumber.runtime.Runtime.runFeature(Runtime.java:120)
	at cucumber.runtime.Runtime.run(Runtime.java:106)
	at cucumber.api.cli.Main.run(Main.java:35)
	at cucumber.api.cli.Main$run.call(Unknown Source)
	at com.kms.katalon.core.cucumber.keyword.CucumberBuiltinKeywords$_runFeatureFile_closure1.doCall(CucumberBuiltinKeywords.groovy:76)
	at com.kms.katalon.core.cucumber.keyword.CucumberBuiltinKeywords$_runFeatureFile_closure1.doCall(CucumberBuiltinKeywords.groovy)
	at com.kms.katalon.core.keyword.internal.KeywordMain.runKeyword(KeywordMain.groovy:68)
	at com.kms.katalon.core.keyword.internal.KeywordMain$runKeyword.call(Unknown Source)
	at com.kms.katalon.core.cucumber.keyword.CucumberBuiltinKeywords.runFeatureFile(CucumberBuiltinKeywords.groovy:46)
	at com.kms.katalon.core.cucumber.keyword.CucumberBuiltinKeywords$runFeatureFile$0.callStatic(Unknown Source)
	at com.kms.katalon.core.cucumber.keyword.CucumberBuiltinKeywords.runFeatureFile(CucumberBuiltinKeywords.groovy:169)
	at com.kms.katalon.core.cucumber.keyword.CucumberBuiltinKeywords$runFeatureFile.call(Unknown Source)
	at SLIK Gateway Non Customer Checking.run(SLIK Gateway Non Customer Checking:18)
	at com.kms.katalon.core.main.ScriptEngine.run(ScriptEngine.java:194)
	at com.kms.katalon.core.main.ScriptEngine.runScriptAsRawText(ScriptEngine.java:119)
	at com.kms.katalon.core.main.TestCaseExecutor.runScript(TestCaseExecutor.java:339)
	at com.kms.katalon.core.main.TestCaseExecutor.doExecute(TestCaseExecutor.java:330)
	at com.kms.katalon.core.main.TestCaseExecutor.processExecutionPhase(TestCaseExecutor.java:309)
	at com.kms.katalon.core.main.TestCaseExecutor.accessMainPhase(TestCaseExecutor.java:301)
	at com.kms.katalon.core.main.TestCaseExecutor.execute(TestCaseExecutor.java:235)
	at com.kms.katalon.core.main.TestSuiteExecutor.accessTestCaseMainPhase(TestSuiteExecutor.java:191)
	at com.kms.katalon.core.main.TestSuiteExecutor.accessTestSuiteMainPhase(TestSuiteExecutor.java:141)
	at com.kms.katalon.core.main.TestSuiteExecutor.execute(TestSuiteExecutor.java:90)
	at com.kms.katalon.core.main.TestCaseMain.startTestSuite(TestCaseMain.java:157)
	at com.kms.katalon.core.main.TestCaseMain$startTestSuite$0.call(Unknown Source)
	at TempTestSuite1602761216569.run(TempTestSuite1602761216569.groovy:39)


2020-10-15 18:40:39 - [MESSAGE][PASSED] - Taking screenshot successfully
[[ATTACHMENT|/Users/chaidir.pratama01/Documents/Docs/Katalon Studio/Screenshot/errorpopup.png]]

2020-10-15 18:41:10 - [MESSAGE][INFO] - Unable to find the element located by 'By.xpath: //div[contains(text(),"Confirmation Submit Request")]/following-sibling::div/table/tbody/tr/td/table/tbody/tr/td[5]/div/span[contains(text(),"Are you sure to submit this data ?")]'. Please recheck the objects properties to make sure the desired element is located. 

2020-10-15 18:41:10 - [MESSAGE][FAILED] - com.kms.katalon.core.webui.exception.WebElementNotFoundException: Web element with id: '' located by '//div[contains(text(),"Confirmation Submit Request")]/following-sibling::div/table/tbody/tr/td/table/tbody/tr/td[5]/div/span[contains(text(),"Are you sure to submit this data ?")]' not found (Root cause: com.kms.katalon.core.exception.StepFailedException: com.kms.katalon.core.webui.exception.WebElementNotFoundException: Web element with id: '' located by '//div[contains(text(),"Confirmation Submit Request")]/following-sibling::div/table/tbody/tr/td/table/tbody/tr/td[5]/div/span[contains(text(),"Are you sure to submit this data ?")]' not found
	at com.kms.katalon.core.webui.keyword.internal.WebUIKeywordMain.stepFailed(WebUIKeywordMain.groovy:64)
	at com.kms.katalon.core.webui.keyword.builtin.VerifyElementPresentKeyword$_verifyElementPresent_closure1.doCall(VerifyElementPresentKeyword.groovy:85)
	at com.kms.katalon.core.webui.keyword.builtin.VerifyElementPresentKeyword$_verifyElementPresent_closure1.call(VerifyElementPresentKeyword.groovy)
	at com.kms.katalon.core.webui.keyword.internal.WebUIKeywordMain.runKeyword(WebUIKeywordMain.groovy:20)
	at com.kms.katalon.core.webui.keyword.builtin.VerifyElementPresentKeyword.verifyElementPresent(VerifyElementPresentKeyword.groovy:92)
	at com.kms.katalon.core.webui.keyword.builtin.VerifyElementPresentKeyword.execute(VerifyElementPresentKeyword.groovy:68)
	at com.kms.katalon.core.keyword.internal.KeywordExecutor.executeKeywordForPlatform(KeywordExecutor.groovy:73)
	at com.kms.katalon.core.webui.keyword.WebUiBuiltInKeywords.verifyElementPresent(WebUiBuiltInKeywords.groovy:1460)
	at com.kms.katalon.core.webui.keyword.WebUiBuiltInKeywords$verifyElementPresent$5.call(Unknown Source)
	at ist_real.Contract_Dispatcher.gettextconfirmationadd(Contract_Dispatcher.groovy:456)
	at cucumber.runtime.Utils$1.call(Utils.java:26)
	at cucumber.runtime.Timeout.timeout(Timeout.java:16)
	at cucumber.runtime.Utils.invoke(Utils.java:20)
	at cucumber.runtime.java.JavaStepDefinition.execute(JavaStepDefinition.java:48)
	at cucumber.runtime.PickleStepDefinitionMatch.runStep(PickleStepDefinitionMatch.java:50)
	at cucumber.runner.TestStep.executeStep(TestStep.java:55)
	at cucumber.runner.TestStep.run(TestStep.java:42)
	at cucumber.runner.PickleStepTestStep.run(PickleStepTestStep.java:53)
	at cucumber.runner.TestCase.run(TestCase.java:47)
	at cucumber.runner.Runner.runPickle(Runner.java:44)
	at cucumber.runtime.Runtime.runFeature(Runtime.java:120)
	at cucumber.runtime.Runtime.run(Runtime.java:106)
	at cucumber.api.cli.Main.run(Main.java:35)
	at cucumber.api.cli.Main$run.call(Unknown Source)
	at com.kms.katalon.core.cucumber.keyword.CucumberBuiltinKeywords$_runFeatureFile_closure1.doCall(CucumberBuiltinKeywords.groovy:76)
	at com.kms.katalon.core.cucumber.keyword.CucumberBuiltinKeywords$_runFeatureFile_closure1.doCall(CucumberBuiltinKeywords.groovy)
	at com.kms.katalon.core.keyword.internal.KeywordMain.runKeyword(KeywordMain.groovy:68)
	at com.kms.katalon.core.keyword.internal.KeywordMain$runKeyword.call(Unknown Source)
	at com.kms.katalon.core.cucumber.keyword.CucumberBuiltinKeywords.runFeatureFile(CucumberBuiltinKeywords.groovy:46)
	at com.kms.katalon.core.cucumber.keyword.CucumberBuiltinKeywords$runFeatureFile$0.callStatic(Unknown Source)
	at com.kms.katalon.core.cucumber.keyword.CucumberBuiltinKeywords.runFeatureFile(CucumberBuiltinKeywords.groovy:169)
	at com.kms.katalon.core.cucumber.keyword.CucumberBuiltinKeywords$runFeatureFile.call(Unknown Source)
	at SLIK Gateway Non Customer Checking.run(SLIK Gateway Non Customer Checking:18)
	at com.kms.katalon.core.main.ScriptEngine.run(ScriptEngine.java:194)
	at com.kms.katalon.core.main.ScriptEngine.runScriptAsRawText(ScriptEngine.java:119)
	at com.kms.katalon.core.main.TestCaseExecutor.runScript(TestCaseExecutor.java:339)
	at com.kms.katalon.core.main.TestCaseExecutor.doExecute(TestCaseExecutor.java:330)
	at com.kms.katalon.core.main.TestCaseExecutor.processExecutionPhase(TestCaseExecutor.java:309)
	at com.kms.katalon.core.main.TestCaseExecutor.accessMainPhase(TestCaseExecutor.java:301)
	at com.kms.katalon.core.main.TestCaseExecutor.execute(TestCaseExecutor.java:235)
	at com.kms.katalon.core.main.TestSuiteExecutor.accessTestCaseMainPhase(TestSuiteExecutor.java:191)
	at com.kms.katalon.core.main.TestSuiteExecutor.accessTestSuiteMainPhase(TestSuiteExecutor.java:141)
	at com.kms.katalon.core.main.TestSuiteExecutor.execute(TestSuiteExecutor.java:90)
	at com.kms.katalon.core.main.TestCaseMain.startTestSuite(TestCaseMain.java:157)
	at com.kms.katalon.core.main.TestCaseMain$startTestSuite$0.call(Unknown Source)
	at TempTestSuite1602761216569.run(TempTestSuite1602761216569.groovy:39)
)
[[ATTACHMENT|/Users/chaidir.pratama01/Katalon Studio/IST_Automation_Git/Reports/20201015_182654/SLIK/TS_SLIK_Gateway_Approval_Non_Customer/20201015_182656/1602762070347.png]]

2020-10-15 18:41:11 - [MESSAGE][FAILED] - Unable to verify object '' is present (Root cause: com.kms.katalon.core.exception.StepFailedException: Unable to verify object '' is present
	at com.kms.katalon.core.webui.keyword.internal.WebUIKeywordMain.stepFailed(WebUIKeywordMain.groovy:64)
	at com.kms.katalon.core.webui.keyword.internal.WebUIKeywordMain.runKeyword(WebUIKeywordMain.groovy:26)
	at com.kms.katalon.core.webui.keyword.builtin.VerifyElementPresentKeyword.verifyElementPresent(VerifyElementPresentKeyword.groovy:92)
	at com.kms.katalon.core.webui.keyword.builtin.VerifyElementPresentKeyword.execute(VerifyElementPresentKeyword.groovy:68)
	at com.kms.katalon.core.keyword.internal.KeywordExecutor.executeKeywordForPlatform(KeywordExecutor.groovy:73)
	at com.kms.katalon.core.webui.keyword.WebUiBuiltInKeywords.verifyElementPresent(WebUiBuiltInKeywords.groovy:1460)
	at com.kms.katalon.core.webui.keyword.WebUiBuiltInKeywords$verifyElementPresent$5.call(Unknown Source)
	at ist_real.Contract_Dispatcher.gettextconfirmationadd(Contract_Dispatcher.groovy:456)
	at cucumber.runtime.Utils$1.call(Utils.java:26)
	at cucumber.runtime.Timeout.timeout(Timeout.java:16)
	at cucumber.runtime.Utils.invoke(Utils.java:20)
	at cucumber.runtime.java.JavaStepDefinition.execute(JavaStepDefinition.java:48)
	at cucumber.runtime.PickleStepDefinitionMatch.runStep(PickleStepDefinitionMatch.java:50)
	at cucumber.runner.TestStep.executeStep(TestStep.java:55)
	at cucumber.runner.TestStep.run(TestStep.java:42)
	at cucumber.runner.PickleStepTestStep.run(PickleStepTestStep.java:53)
	at cucumber.runner.TestCase.run(TestCase.java:47)
	at cucumber.runner.Runner.runPickle(Runner.java:44)
	at cucumber.runtime.Runtime.runFeature(Runtime.java:120)
	at cucumber.runtime.Runtime.run(Runtime.java:106)
	at cucumber.api.cli.Main.run(Main.java:35)
	at cucumber.api.cli.Main$run.call(Unknown Source)
	at com.kms.katalon.core.cucumber.keyword.CucumberBuiltinKeywords$_runFeatureFile_closure1.doCall(CucumberBuiltinKeywords.groovy:76)
	at com.kms.katalon.core.cucumber.keyword.CucumberBuiltinKeywords$_runFeatureFile_closure1.doCall(CucumberBuiltinKeywords.groovy)
	at com.kms.katalon.core.keyword.internal.KeywordMain.runKeyword(KeywordMain.groovy:68)
	at com.kms.katalon.core.keyword.internal.KeywordMain$runKeyword.call(Unknown Source)
	at com.kms.katalon.core.cucumber.keyword.CucumberBuiltinKeywords.runFeatureFile(CucumberBuiltinKeywords.groovy:46)
	at com.kms.katalon.core.cucumber.keyword.CucumberBuiltinKeywords$runFeatureFile$0.callStatic(Unknown Source)
	at com.kms.katalon.core.cucumber.keyword.CucumberBuiltinKeywords.runFeatureFile(CucumberBuiltinKeywords.groovy:169)
	at com.kms.katalon.core.cucumber.keyword.CucumberBuiltinKeywords$runFeatureFile.call(Unknown Source)
	at SLIK Gateway Non Customer Checking.run(SLIK Gateway Non Customer Checking:18)
	at com.kms.katalon.core.main.ScriptEngine.run(ScriptEngine.java:194)
	at com.kms.katalon.core.main.ScriptEngine.runScriptAsRawText(ScriptEngine.java:119)
	at com.kms.katalon.core.main.TestCaseExecutor.runScript(TestCaseExecutor.java:339)
	at com.kms.katalon.core.main.TestCaseExecutor.doExecute(TestCaseExecutor.java:330)
	at com.kms.katalon.core.main.TestCaseExecutor.processExecutionPhase(TestCaseExecutor.java:309)
	at com.kms.katalon.core.main.TestCaseExecutor.accessMainPhase(TestCaseExecutor.java:301)
	at com.kms.katalon.core.main.TestCaseExecutor.execute(TestCaseExecutor.java:235)
	at com.kms.katalon.core.main.TestSuiteExecutor.accessTestCaseMainPhase(TestSuiteExecutor.java:191)
	at com.kms.katalon.core.main.TestSuiteExecutor.accessTestSuiteMainPhase(TestSuiteExecutor.java:141)
	at com.kms.katalon.core.main.TestSuiteExecutor.execute(TestSuiteExecutor.java:90)
	at com.kms.katalon.core.main.TestCaseMain.startTestSuite(TestCaseMain.java:157)
	at com.kms.katalon.core.main.TestCaseMain$startTestSuite$0.call(Unknown Source)
	at TempTestSuite1602761216569.run(TempTestSuite1602761216569.groovy:39)
Caused by: com.kms.katalon.core.exception.StepFailedException: com.kms.katalon.core.webui.exception.WebElementNotFoundException: Web element with id: '' located by '//div[contains(text(),"Confirmation Submit Request")]/following-sibling::div/table/tbody/tr/td/table/tbody/tr/td[5]/div/span[contains(text(),"Are you sure to submit this data ?")]' not found
	at com.kms.katalon.core.webui.keyword.internal.WebUIKeywordMain.stepFailed(WebUIKeywordMain.groovy:64)
	at com.kms.katalon.core.webui.keyword.builtin.VerifyElementPresentKeyword$_verifyElementPresent_closure1.doCall(VerifyElementPresentKeyword.groovy:85)
	at com.kms.katalon.core.webui.keyword.builtin.VerifyElementPresentKeyword$_verifyElementPresent_closure1.call(VerifyElementPresentKeyword.groovy)
	at com.kms.katalon.core.webui.keyword.internal.WebUIKeywordMain.runKeyword(WebUIKeywordMain.groovy:20)
	... 42 more
)
[[ATTACHMENT|/Users/chaidir.pratama01/Katalon Studio/IST_Automation_Git/Reports/20201015_182654/SLIK/TS_SLIK_Gateway_Approval_Non_Customer/20201015_182656/1602762070928.png]]

2020-10-15 18:41:11 - [MESSAGE][FAILED] - Get text from pop up "Confirmation Submit Request" with text "Are you sure to submit this data ?" FAILED.
Reason:
com.kms.katalon.core.exception.StepFailedException: Unable to verify object '' is present
	at com.kms.katalon.core.webui.keyword.internal.WebUIKeywordMain.stepFailed(WebUIKeywordMain.groovy:64)
	at com.kms.katalon.core.webui.keyword.internal.WebUIKeywordMain.runKeyword(WebUIKeywordMain.groovy:26)
	at com.kms.katalon.core.webui.keyword.builtin.VerifyElementPresentKeyword.verifyElementPresent(VerifyElementPresentKeyword.groovy:92)
	at com.kms.katalon.core.webui.keyword.builtin.VerifyElementPresentKeyword.execute(VerifyElementPresentKeyword.groovy:68)
	at com.kms.katalon.core.keyword.internal.KeywordExecutor.executeKeywordForPlatform(KeywordExecutor.groovy:73)
	at com.kms.katalon.core.webui.keyword.WebUiBuiltInKeywords.verifyElementPresent(WebUiBuiltInKeywords.groovy:1460)
	at com.kms.katalon.core.webui.keyword.WebUiBuiltInKeywords$verifyElementPresent$5.call(Unknown Source)
	at ist_real.Contract_Dispatcher.gettextconfirmationadd(Contract_Dispatcher.groovy:456)
	at ✽.Get text from pop up "Confirmation Submit Request" with text "Are you sure to submit this data ?"(/Users/chaidir.pratama01/Katalon Studio/IST_Automation_Git/Include/features/IST_Real/SLIK/SLIK Gateway Non Customer/SLIK Gateway Non Customer Checking.feature:43)
Caused by: com.kms.katalon.core.exception.StepFailedException: com.kms.katalon.core.webui.exception.WebElementNotFoundException: Web element with id: '' located by '//div[contains(text(),"Confirmation Submit Request")]/following-sibling::div/table/tbody/tr/td/table/tbody/tr/td[5]/div/span[contains(text(),"Are you sure to submit this data ?")]' not found
	at com.kms.katalon.core.webui.keyword.internal.WebUIKeywordMain.stepFailed(WebUIKeywordMain.groovy:64)
	at com.kms.katalon.core.webui.keyword.builtin.VerifyElementPresentKeyword$_verifyElementPresent_closure1.doCall(VerifyElementPresentKeyword.groovy:85)
	at com.kms.katalon.core.webui.keyword.builtin.VerifyElementPresentKeyword$_verifyElementPresent_closure1.call(VerifyElementPresentKeyword.groovy)
	at com.kms.katalon.core.webui.keyword.internal.WebUIKeywordMain.runKeyword(WebUIKeywordMain.groovy:20)
	at com.kms.katalon.core.webui.keyword.builtin.VerifyElementPresentKeyword.verifyElementPresent(VerifyElementPresentKeyword.groovy:92)
	at com.kms.katalon.core.webui.keyword.builtin.VerifyElementPresentKeyword.execute(VerifyElementPresentKeyword.groovy:68)
	at com.kms.katalon.core.keyword.internal.KeywordExecutor.executeKeywordForPlatform(KeywordExecutor.groovy:73)
	at com.kms.katalon.core.webui.keyword.WebUiBuiltInKeywords.verifyElementPresent(WebUiBuiltInKeywords.groovy:1460)
	at com.kms.katalon.core.webui.keyword.WebUiBuiltInKeywords$verifyElementPresent$5.call(Unknown Source)
	at ist_real.Contract_Dispatcher.gettextconfirmationadd(Contract_Dispatcher.groovy:456)
	at cucumber.runtime.Utils$1.call(Utils.java:26)
	at cucumber.runtime.Timeout.timeout(Timeout.java:16)
	at cucumber.runtime.Utils.invoke(Utils.java:20)
	at cucumber.runtime.java.JavaStepDefinition.execute(JavaStepDefinition.java:48)
	at cucumber.runtime.PickleStepDefinitionMatch.runStep(PickleStepDefinitionMatch.java:50)
	at cucumber.runner.TestStep.executeStep(TestStep.java:55)
	at cucumber.runner.TestStep.run(TestStep.java:42)
	at cucumber.runner.PickleStepTestStep.run(PickleStepTestStep.java:53)
	at cucumber.runner.TestCase.run(TestCase.java:47)
	at cucumber.runner.Runner.runPickle(Runner.java:44)
	at cucumber.runtime.Runtime.runFeature(Runtime.java:120)
	at cucumber.runtime.Runtime.run(Runtime.java:106)
	at cucumber.api.cli.Main.run(Main.java:35)
	at cucumber.api.cli.Main$run.call(Unknown Source)
	at com.kms.katalon.core.cucumber.keyword.CucumberBuiltinKeywords$_runFeatureFile_closure1.doCall(CucumberBuiltinKeywords.groovy:76)
	at com.kms.katalon.core.cucumber.keyword.CucumberBuiltinKeywords$_runFeatureFile_closure1.doCall(CucumberBuiltinKeywords.groovy)
	at com.kms.katalon.core.keyword.internal.KeywordMain.runKeyword(KeywordMain.groovy:68)
	at com.kms.katalon.core.keyword.internal.KeywordMain$runKeyword.call(Unknown Source)
	at com.kms.katalon.core.cucumber.keyword.CucumberBuiltinKeywords.runFeatureFile(CucumberBuiltinKeywords.groovy:46)
	at com.kms.katalon.core.cucumber.keyword.CucumberBuiltinKeywords$runFeatureFile$0.callStatic(Unknown Source)
	at com.kms.katalon.core.cucumber.keyword.CucumberBuiltinKeywords.runFeatureFile(CucumberBuiltinKeywords.groovy:169)
	at com.kms.katalon.core.cucumber.keyword.CucumberBuiltinKeywords$runFeatureFile.call(Unknown Source)
	at SLIK Gateway Non Customer Checking.run(SLIK Gateway Non Customer Checking:18)
	at com.kms.katalon.core.main.ScriptEngine.run(ScriptEngine.java:194)
	at com.kms.katalon.core.main.ScriptEngine.runScriptAsRawText(ScriptEngine.java:119)
	at com.kms.katalon.core.main.TestCaseExecutor.runScript(TestCaseExecutor.java:339)
	at com.kms.katalon.core.main.TestCaseExecutor.doExecute(TestCaseExecutor.java:330)
	at com.kms.katalon.core.main.TestCaseExecutor.processExecutionPhase(TestCaseExecutor.java:309)
	at com.kms.katalon.core.main.TestCaseExecutor.accessMainPhase(TestCaseExecutor.java:301)
	at com.kms.katalon.core.main.TestCaseExecutor.execute(TestCaseExecutor.java:235)
	at com.kms.katalon.core.main.TestSuiteExecutor.accessTestCaseMainPhase(TestSuiteExecutor.java:191)
	at com.kms.katalon.core.main.TestSuiteExecutor.accessTestSuiteMainPhase(TestSuiteExecutor.java:141)
	at com.kms.katalon.core.main.TestSuiteExecutor.execute(TestSuiteExecutor.java:90)
	at com.kms.katalon.core.main.TestCaseMain.startTestSuite(TestCaseMain.java:157)
	at com.kms.katalon.core.main.TestCaseMain$startTestSuite$0.call(Unknown Source)
	at TempTestSuite1602761216569.run(TempTestSuite1602761216569.groovy:39)


2020-10-15 18:41:11 - [TEST_STEP][NOT_RUN] - Click button "Yes": Click button "Yes"

2020-10-15 18:41:11 - [MESSAGE][NOT_RUN] - Click button "Yes"

2020-10-15 18:41:11 - [TEST_STEP][NOT_RUN] - Verify KTP Number Request Success: Verify KTP Number Request Success

2020-10-15 18:41:11 - [MESSAGE][NOT_RUN] - Verify KTP Number Request Success

2020-10-15 18:41:11 - [TEST_STEP][NOT_RUN] - Click button "OK": Click button "OK"

2020-10-15 18:41:11 - [MESSAGE][NOT_RUN] - Click button "OK"

2020-10-15 18:41:11 - [TEST_STEP][NOT_RUN] - Click button "Logout": Click button "Logout"

2020-10-15 18:41:11 - [MESSAGE][NOT_RUN] - Click button "Logout"

2020-10-15 18:41:11 - [TEST_STEP][NOT_RUN] - Close browser: Close browser

2020-10-15 18:41:11 - [MESSAGE][NOT_RUN] - Close browser

2020-10-15 18:41:11 - [MESSAGE][FAILED] - Feature file 'Include/features/IST_Real/SLIK/SLIK Gateway Non Customer/SLIK Gateway Non Customer Checking.feature' was failed

2020-10-15 18:41:11 - [MESSAGE][FAILED] - Keyword runFeatureFile was failed (Root cause: com.kms.katalon.core.exception.StepFailedException: Feature file 'Include/features/IST_Real/SLIK/SLIK Gateway Non Customer/SLIK Gateway Non Customer Checking.feature' was failed
	at com.kms.katalon.core.keyword.internal.KeywordMain.stepFailed(KeywordMain.groovy:50)
	at com.kms.katalon.core.keyword.internal.KeywordMain.stepFailed(KeywordMain.groovy)
	at com.kms.katalon.core.keyword.internal.KeywordMain.stepFailed(KeywordMain.groovy:23)
	at com.kms.katalon.core.keyword.internal.KeywordMain$stepFailed$0.call(Unknown Source)
	at com.kms.katalon.core.cucumber.keyword.CucumberBuiltinKeywords$_runFeatureFile_closure1.doCall(CucumberBuiltinKeywords.groovy:82)
	at com.kms.katalon.core.cucumber.keyword.CucumberBuiltinKeywords$_runFeatureFile_closure1.doCall(CucumberBuiltinKeywords.groovy)
	at com.kms.katalon.core.keyword.internal.KeywordMain.runKeyword(KeywordMain.groovy:68)
	at com.kms.katalon.core.keyword.internal.KeywordMain$runKeyword.call(Unknown Source)
	at com.kms.katalon.core.cucumber.keyword.CucumberBuiltinKeywords.runFeatureFile(CucumberBuiltinKeywords.groovy:46)
	at com.kms.katalon.core.cucumber.keyword.CucumberBuiltinKeywords$runFeatureFile$0.callStatic(Unknown Source)
	at com.kms.katalon.core.cucumber.keyword.CucumberBuiltinKeywords.runFeatureFile(CucumberBuiltinKeywords.groovy:169)
	at com.kms.katalon.core.cucumber.keyword.CucumberBuiltinKeywords$runFeatureFile.call(Unknown Source)
	at SLIK Gateway Non Customer Checking.run(SLIK Gateway Non Customer Checking:18)
	at com.kms.katalon.core.main.ScriptEngine.run(ScriptEngine.java:194)
	at com.kms.katalon.core.main.ScriptEngine.runScriptAsRawText(ScriptEngine.java:119)
	at com.kms.katalon.core.main.TestCaseExecutor.runScript(TestCaseExecutor.java:339)
	at com.kms.katalon.core.main.TestCaseExecutor.doExecute(TestCaseExecutor.java:330)
	at com.kms.katalon.core.main.TestCaseExecutor.processExecutionPhase(TestCaseExecutor.java:309)
	at com.kms.katalon.core.main.TestCaseExecutor.accessMainPhase(TestCaseExecutor.java:301)
	at com.kms.katalon.core.main.TestCaseExecutor.execute(TestCaseExecutor.java:235)
	at com.kms.katalon.core.main.TestSuiteExecutor.accessTestCaseMainPhase(TestSuiteExecutor.java:191)
	at com.kms.katalon.core.main.TestSuiteExecutor.accessTestSuiteMainPhase(TestSuiteExecutor.java:141)
	at com.kms.katalon.core.main.TestSuiteExecutor.execute(TestSuiteExecutor.java:90)
	at com.kms.katalon.core.main.TestCaseMain.startTestSuite(TestCaseMain.java:157)
	at com.kms.katalon.core.main.TestCaseMain$startTestSuite$0.call(Unknown Source)
	at TempTestSuite1602761216569.run(TempTestSuite1602761216569.groovy:39)
)]]></system-out>
         <system-err><![CDATA[2020-10-15 18:39:55 - [TEST_CASE][FAILED] - Test Cases/IST_Real/SLIK/SLIK_Gateway_Non_Customer/SLIK Gateway Non Customer Checking: Test Cases/IST_Real/SLIK/SLIK_Gateway_Non_Customer/SLIK Gateway Non Customer Checking FAILED.
Reason:
com.kms.katalon.core.exception.StepFailedException: Feature file 'Include/features/IST_Real/SLIK/SLIK Gateway Non Customer/SLIK Gateway Non Customer Checking.feature' was failed
	at com.kms.katalon.core.keyword.internal.KeywordMain.stepFailed(KeywordMain.groovy:50)
	at com.kms.katalon.core.keyword.internal.KeywordMain.stepFailed(KeywordMain.groovy)
	at com.kms.katalon.core.keyword.internal.KeywordMain.stepFailed(KeywordMain.groovy:23)
	at com.kms.katalon.core.keyword.internal.KeywordMain$stepFailed$0.call(Unknown Source)
	at com.kms.katalon.core.cucumber.keyword.CucumberBuiltinKeywords$_runFeatureFile_closure1.doCall(CucumberBuiltinKeywords.groovy:82)
	at com.kms.katalon.core.cucumber.keyword.CucumberBuiltinKeywords$_runFeatureFile_closure1.doCall(CucumberBuiltinKeywords.groovy)
	at com.kms.katalon.core.keyword.internal.KeywordMain.runKeyword(KeywordMain.groovy:68)
	at com.kms.katalon.core.keyword.internal.KeywordMain$runKeyword.call(Unknown Source)
	at com.kms.katalon.core.cucumber.keyword.CucumberBuiltinKeywords.runFeatureFile(CucumberBuiltinKeywords.groovy:46)
	at com.kms.katalon.core.cucumber.keyword.CucumberBuiltinKeywords$runFeatureFile$0.callStatic(Unknown Source)
	at com.kms.katalon.core.cucumber.keyword.CucumberBuiltinKeywords.runFeatureFile(CucumberBuiltinKeywords.groovy:169)
	at com.kms.katalon.core.cucumber.keyword.CucumberBuiltinKeywords$runFeatureFile.call(Unknown Source)
	at SLIK Gateway Non Customer Checking.run(SLIK Gateway Non Customer Checking:18)
	at com.kms.katalon.core.main.ScriptEngine.run(ScriptEngine.java:194)
	at com.kms.katalon.core.main.ScriptEngine.runScriptAsRawText(ScriptEngine.java:119)
	at com.kms.katalon.core.main.TestCaseExecutor.runScript(TestCaseExecutor.java:339)
	at com.kms.katalon.core.main.TestCaseExecutor.doExecute(TestCaseExecutor.java:330)
	at com.kms.katalon.core.main.TestCaseExecutor.processExecutionPhase(TestCaseExecutor.java:309)
	at com.kms.katalon.core.main.TestCaseExecutor.accessMainPhase(TestCaseExecutor.java:301)
	at com.kms.katalon.core.main.TestCaseExecutor.execute(TestCaseExecutor.java:235)
	at com.kms.katalon.core.main.TestSuiteExecutor.accessTestCaseMainPhase(TestSuiteExecutor.java:191)
	at com.kms.katalon.core.main.TestSuiteExecutor.accessTestSuiteMainPhase(TestSuiteExecutor.java:141)
	at com.kms.katalon.core.main.TestSuiteExecutor.execute(TestSuiteExecutor.java:90)
	at com.kms.katalon.core.main.TestCaseMain.startTestSuite(TestCaseMain.java:157)
	at com.kms.katalon.core.main.TestCaseMain$startTestSuite$0.call(Unknown Source)
	at TempTestSuite1602761216569.run(TempTestSuite1602761216569.groovy:39)]]></system-err>
      </testcase>
      <testcase name="Test Cases/IST_Real/SLIK/SLIK_Gateway_Approval_Non_Customer/Check KTP number based on maker and checker" time="7.782" classname="Test Cases/IST_Real/SLIK/SLIK_Gateway_Approval_Non_Customer/Check KTP number based on maker and checker" status="PASSED">
         <system-out><![CDATA[2020-10-15 18:41:11 - [TEST_CASE][PASSED] - Test Cases/IST_Real/SLIK/SLIK_Gateway_Approval_Non_Customer/Check KTP number based on maker and checker: Test Cases/IST_Real/SLIK/SLIK_Gateway_Approval_Non_Customer/Check KTP number based on maker and checker

2020-10-15 18:41:11 - [TEST_STEP][PASSED] - runFeatureFile("Include/features/IST_Real/SLIK/SLIK Gateway Approval Non Customer/Check KTP number based on maker and checker.feature"): Feature file: 'Include/features/IST_Real/SLIK/SLIK Gateway Approval Non Customer/Check KTP number based on maker and checker.feature' was passed

2020-10-15 18:41:11 - [MESSAGE][INFO] - Starting run keyword runFeatureFile: 'Include/features/IST_Real/SLIK/SLIK Gateway Approval Non Customer/Check KTP number based on maker and checker.feature' and extract report to folder: '/Users/chaidir.pratama01/Katalon Studio/IST_Automation_Git/Reports/20201015_182654/SLIK/TS_SLIK_Gateway_Approval_Non_Customer/20201015_182656/cucumber_report/1602762071623'...

2020-10-15 18:41:11 - [TEST_CASE][PASSED] - Start Test Case : SCENARIO Check KTP number based on maker and checker from DB Table SLIK_CHECKER: SCENARIO Check KTP number based on maker and checker from DB Table SLIK_CHECKER

2020-10-15 18:41:11 - [TEST_STEP][PASSED] - Go to ISTools: Go to ISTools

2020-10-15 18:41:11 - [MESSAGE][WARNING] - A browser is already opened. Closing browser and opening a new one

2020-10-15 18:41:11 - [MESSAGE][INFO] - Starting 'Chrome' driver

2020-10-15 18:41:11 - [MESSAGE][INFO] - User set preference: ['AcceptInsecureCerts', 'true']

2020-10-15 18:41:11 - [MESSAGE][INFO] - User set preference: ['args', '[ignore-certificate-errors]']

2020-10-15 18:41:11 - [MESSAGE][INFO] - Action delay is set to 0 milliseconds

2020-10-15 18:41:12 - [MESSAGE][PASSED] - Browser is opened with url: ''

2020-10-15 18:41:13 - [MESSAGE][PASSED] - Navigate to 'https://dev-istools.homecredit.id/foundation/' successfully

2020-10-15 18:41:13 - [MESSAGE][PASSED] - Go to ISTools

2020-10-15 18:41:13 - [TEST_STEP][PASSED] - Login IST with valid credentials: Login IST with valid credentials

2020-10-15 18:41:14 - [MESSAGE][PASSED] - Text 'mobile.test' is set on object 'Object Repository/Page_/input_Username_j_username'

2020-10-15 18:41:15 - [MESSAGE][PASSED] - Text ****** has been set on object 'Object Repository/Page_/input_Password_j_password'

2020-10-15 18:41:15 - [MESSAGE][PASSED] - Object: 'Object Repository/Page_/button_Login' is clicked on

2020-10-15 18:41:15 - [MESSAGE][PASSED] - Login IST with valid credentials

2020-10-15 18:41:15 - [TEST_STEP][PASSED] - Login Success for contract dispatcher: Login Success for contract dispatcher

2020-10-15 18:41:15 - [MESSAGE][INFO] - Login Success

2020-10-15 18:41:15 - [MESSAGE][PASSED] - Current window maximized

2020-10-15 18:41:16 - [MESSAGE][PASSED] - Object 'Object Repository/Page_/h1_Welcome to IT Supporting Tools' is present

2020-10-15 18:41:16 - [MESSAGE][PASSED] - Login Success for contract dispatcher

2020-10-15 18:41:16 - [TEST_STEP][PASSED] - Select Menu "SLIK Gateway Approval Non Customer": Select Menu "SLIK Gateway Approval Non Customer"

2020-10-15 18:41:16 - [MESSAGE][PASSED] - Taking screenshot successfully
[[ATTACHMENT|/Users/chaidir.pratama01/Documents/Docs/Katalon Studio/Screenshot/test-SLIK Gateway Approval Non Customer.png]]

2020-10-15 18:41:17 - [MESSAGE][PASSED] - Object '' is present

2020-10-15 18:41:17 - [MESSAGE][PASSED] - Object: '' is clicked on

2020-10-15 18:41:17 - [MESSAGE][PASSED] - Wait for page load successfully

2020-10-15 18:41:17 - [MESSAGE][PASSED] - Select Menu "SLIK Gateway Approval Non Customer"

2020-10-15 18:41:17 - [TEST_STEP][PASSED] - Check Sign in as: Check Sign in as

2020-10-15 18:41:18 - [MESSAGE][PASSED] - Text of object '' is: 'Sign in as mobile.test'

2020-10-15 18:41:18 - [MESSAGE][PASSED] - Check Sign in as

2020-10-15 18:41:18 - [TEST_STEP][PASSED] - Connect to DB Table SLIK_CHECKER: Connect to DB Table SLIK_CHECKER

2020-10-15 18:41:19 - [MESSAGE][PASSED] - Text of object '' is: '8888888888888888'

2020-10-15 18:41:19 - [MESSAGE][PASSED] - Connect to DB Table SLIK_CHECKER

2020-10-15 18:41:19 - [TEST_STEP][PASSED] - Close browser: Close browser

2020-10-15 18:41:19 - [MESSAGE][PASSED] - Browser is closed

2020-10-15 18:41:19 - [MESSAGE][PASSED] - Close browser

2020-10-15 18:41:19 - [MESSAGE][PASSED] - Feature file: 'Include/features/IST_Real/SLIK/SLIK Gateway Approval Non Customer/Check KTP number based on maker and checker.feature' was passed]]></system-out>
         <system-err><![CDATA[]]></system-err>
      </testcase>
      <testcase name="Test Cases/IST_Real/SLIK/SLIK_Gateway_Approval_Non_Customer/Approve KTP Number" time="30.097" classname="Test Cases/IST_Real/SLIK/SLIK_Gateway_Approval_Non_Customer/Approve KTP Number" status="PASSED">
         <system-out><![CDATA[2020-10-15 18:41:19 - [TEST_CASE][PASSED] - Test Cases/IST_Real/SLIK/SLIK_Gateway_Approval_Non_Customer/Approve KTP Number: Test Cases/IST_Real/SLIK/SLIK_Gateway_Approval_Non_Customer/Approve KTP Number

2020-10-15 18:41:19 - [TEST_STEP][PASSED] - runFeatureFile("Include/features/IST_Real/SLIK/SLIK Gateway Approval Non Customer/Approve_KTP_Number.feature"): Feature file: 'Include/features/IST_Real/SLIK/SLIK Gateway Approval Non Customer/Approve_KTP_Number.feature' was passed

2020-10-15 18:41:19 - [MESSAGE][INFO] - Starting run keyword runFeatureFile: 'Include/features/IST_Real/SLIK/SLIK Gateway Approval Non Customer/Approve_KTP_Number.feature' and extract report to folder: '/Users/chaidir.pratama01/Katalon Studio/IST_Automation_Git/Reports/20201015_182654/SLIK/TS_SLIK_Gateway_Approval_Non_Customer/20201015_182656/cucumber_report/1602762079413'...

2020-10-15 18:41:19 - [TEST_CASE][PASSED] - Start Test Case : SCENARIO Approve KTP Number by Checker: SCENARIO Approve KTP Number by Checker

2020-10-15 18:41:19 - [TEST_STEP][PASSED] - Go to ISTools: Go to ISTools

2020-10-15 18:41:19 - [MESSAGE][INFO] - Starting 'Chrome' driver

2020-10-15 18:41:19 - [MESSAGE][INFO] - User set preference: ['AcceptInsecureCerts', 'true']

2020-10-15 18:41:19 - [MESSAGE][INFO] - User set preference: ['args', '[ignore-certificate-errors]']

2020-10-15 18:41:19 - [MESSAGE][INFO] - Action delay is set to 0 milliseconds

2020-10-15 18:41:20 - [MESSAGE][PASSED] - Browser is opened with url: ''

2020-10-15 18:41:21 - [MESSAGE][PASSED] - Navigate to 'https://dev-istools.homecredit.id/foundation/' successfully

2020-10-15 18:41:21 - [MESSAGE][PASSED] - Go to ISTools

2020-10-15 18:41:21 - [TEST_STEP][PASSED] - Login IST with valid credentials: Login IST with valid credentials

2020-10-15 18:41:22 - [MESSAGE][PASSED] - Text 'mobile.test' is set on object 'Object Repository/Page_/input_Username_j_username'

2020-10-15 18:41:22 - [MESSAGE][PASSED] - Text ****** has been set on object 'Object Repository/Page_/input_Password_j_password'

2020-10-15 18:41:23 - [MESSAGE][PASSED] - Object: 'Object Repository/Page_/button_Login' is clicked on

2020-10-15 18:41:23 - [MESSAGE][PASSED] - Login IST with valid credentials

2020-10-15 18:41:23 - [TEST_STEP][PASSED] - Login Success for contract dispatcher: Login Success for contract dispatcher

2020-10-15 18:41:23 - [MESSAGE][INFO] - Login Success

2020-10-15 18:41:23 - [MESSAGE][PASSED] - Current window maximized

2020-10-15 18:41:23 - [MESSAGE][PASSED] - Object 'Object Repository/Page_/h1_Welcome to IT Supporting Tools' is present

2020-10-15 18:41:23 - [MESSAGE][PASSED] - Login Success for contract dispatcher

2020-10-15 18:41:23 - [TEST_STEP][PASSED] - Select Menu "SLIK Gateway Approval Non Customer": Select Menu "SLIK Gateway Approval Non Customer"

2020-10-15 18:41:24 - [MESSAGE][PASSED] - Taking screenshot successfully
[[ATTACHMENT|/Users/chaidir.pratama01/Documents/Docs/Katalon Studio/Screenshot/test-SLIK Gateway Approval Non Customer.png]]

2020-10-15 18:41:24 - [MESSAGE][PASSED] - Object '' is present

2020-10-15 18:41:24 - [MESSAGE][PASSED] - Object: '' is clicked on

2020-10-15 18:41:24 - [MESSAGE][PASSED] - Wait for page load successfully

2020-10-15 18:41:24 - [MESSAGE][PASSED] - Select Menu "SLIK Gateway Approval Non Customer"

2020-10-15 18:41:24 - [TEST_STEP][PASSED] - Verify Table Result Exist: Verify Table Result Exist

2020-10-15 18:41:25 - [MESSAGE][PASSED] - Object '' is present

2020-10-15 18:41:25 - [MESSAGE][PASSED] - Verify Table Result Exist

2020-10-15 18:41:25 - [TEST_STEP][PASSED] - Get Data From Table: Get Data From Table

2020-10-15 18:41:26 - [MESSAGE][PASSED] - Object '' is present

2020-10-15 18:41:26 - [MESSAGE][PASSED] - Text of object '' is: '1'

2020-10-15 18:41:27 - [MESSAGE][PASSED] - Text of object '' is: '8888888888888888'

2020-10-15 18:41:27 - [MESSAGE][PASSED] - Text of object '' is: 'OPEX TestingAuto'

2020-10-15 18:41:27 - [MESSAGE][PASSED] - Text of object '' is: 'View Document'

2020-10-15 18:41:28 - [MESSAGE][PASSED] - Text of object '' is: ''

2020-10-15 18:41:28 - [MESSAGE][PASSED] - Get Data From Table

2020-10-15 18:41:28 - [TEST_STEP][PASSED] - Click Checkbox Validate: Click Checkbox Validate

2020-10-15 18:41:28 - [MESSAGE][PASSED] - Text of object '' is: '8888888888888888'

2020-10-15 18:41:28 - [MESSAGE][PASSED] - Object: '' is clicked on

2020-10-15 18:41:28 - [MESSAGE][PASSED] - Click Checkbox Validate

2020-10-15 18:41:28 - [TEST_STEP][PASSED] - Click button "Continue": Click button "Continue"

2020-10-15 18:41:28 - [MESSAGE][INFO] - >>>>>//Button[contains(text(),'Continue')]

2020-10-15 18:41:32 - [MESSAGE][PASSED] - Object: '' is clicked on

2020-10-15 18:41:32 - [MESSAGE][PASSED] - Click button "Continue"

2020-10-15 18:41:32 - [TEST_STEP][PASSED] - Click Checkbox Saya Setuju: Click Checkbox Saya Setuju

2020-10-15 18:41:32 - [MESSAGE][PASSED] - Object '' is present

2020-10-15 18:41:32 - [MESSAGE][PASSED] - Object: '' is clicked on

2020-10-15 18:41:32 - [MESSAGE][PASSED] - Click Checkbox Saya Setuju

2020-10-15 18:41:32 - [TEST_STEP][PASSED] - Click button "Check SLIK": Click button "Check SLIK"

2020-10-15 18:41:32 - [MESSAGE][INFO] - >>>>>//Button[contains(text(),'Check SLIK')]

2020-10-15 18:41:36 - [MESSAGE][PASSED] - Object: '' is clicked on

2020-10-15 18:41:36 - [MESSAGE][PASSED] - Click button "Check SLIK"

2020-10-15 18:41:36 - [TEST_STEP][PASSED] - Get text from pop up "Confirmation Approve Data" with text "Are you sure to SUBMIT this data ?": Get text from pop up "Confirmation Approve Data" with text "Are you sure to SUBMIT this data ?"

2020-10-15 18:41:37 - [MESSAGE][PASSED] - Taking screenshot successfully
[[ATTACHMENT|/Users/chaidir.pratama01/Documents/Docs/Katalon Studio/Screenshot/errorpopup.png]]

2020-10-15 18:41:37 - [MESSAGE][PASSED] - Object '' is present

2020-10-15 18:41:37 - [MESSAGE][PASSED] - Wait for page load successfully

2020-10-15 18:41:37 - [MESSAGE][PASSED] - Wait for page load successfully

2020-10-15 18:41:37 - [MESSAGE][PASSED] - Get text from pop up "Confirmation Approve Data" with text "Are you sure to SUBMIT this data ?"

2020-10-15 18:41:37 - [TEST_STEP][PASSED] - Click button "Yes": Click button "Yes"

2020-10-15 18:41:37 - [MESSAGE][INFO] - >>>>>//Button[contains(text(),'Yes')]

2020-10-15 18:41:40 - [MESSAGE][PASSED] - Object: '' is clicked on

2020-10-15 18:41:40 - [MESSAGE][PASSED] - Click button "Yes"

2020-10-15 18:41:40 - [TEST_STEP][PASSED] - Get text from pop up "IT Supporting Tools" with text "Data is processed": Get text from pop up "IT Supporting Tools" with text "Data is processed"

2020-10-15 18:41:42 - [MESSAGE][PASSED] - Taking screenshot successfully
[[ATTACHMENT|/Users/chaidir.pratama01/Documents/Docs/Katalon Studio/Screenshot/errorpopup.png]]

2020-10-15 18:41:42 - [MESSAGE][PASSED] - Object '' is present

2020-10-15 18:41:42 - [MESSAGE][PASSED] - Wait for page load successfully

2020-10-15 18:41:42 - [MESSAGE][PASSED] - Wait for page load successfully

2020-10-15 18:41:42 - [MESSAGE][PASSED] - Get text from pop up "IT Supporting Tools" with text "Data is processed"

2020-10-15 18:41:42 - [TEST_STEP][PASSED] - Click button "OK": Click button "OK"

2020-10-15 18:41:42 - [MESSAGE][INFO] - >>>>>//Button[contains(text(),'OK')]

2020-10-15 18:41:45 - [MESSAGE][PASSED] - Object: '' is clicked on

2020-10-15 18:41:45 - [MESSAGE][PASSED] - Click button "OK"

2020-10-15 18:41:45 - [TEST_STEP][PASSED] - Click button "Logout": Click button "Logout"

2020-10-15 18:41:45 - [MESSAGE][INFO] - >>>>>//Button[contains(text(),'Logout')]

2020-10-15 18:41:49 - [MESSAGE][PASSED] - Object: '' is clicked on

2020-10-15 18:41:49 - [MESSAGE][PASSED] - Click button "Logout"

2020-10-15 18:41:49 - [TEST_STEP][PASSED] - Close browser: Close browser

2020-10-15 18:41:49 - [MESSAGE][PASSED] - Browser is closed

2020-10-15 18:41:49 - [MESSAGE][PASSED] - Close browser

2020-10-15 18:41:49 - [MESSAGE][PASSED] - Feature file: 'Include/features/IST_Real/SLIK/SLIK Gateway Approval Non Customer/Approve_KTP_Number.feature' was passed]]></system-out>
         <system-err><![CDATA[]]></system-err>
      </testcase>
      <testcase name="Test Cases/IST_Real/SLIK/SLIK_Gateway_Non_Customer/SLIK Gateway Non Customer Checking" time="71.915" classname="Test Cases/IST_Real/SLIK/SLIK_Gateway_Non_Customer/SLIK Gateway Non Customer Checking" status="PASSED">
         <system-out><![CDATA[2020-10-15 18:41:49 - [TEST_CASE][PASSED] - Test Cases/IST_Real/SLIK/SLIK_Gateway_Non_Customer/SLIK Gateway Non Customer Checking: Test Cases/IST_Real/SLIK/SLIK_Gateway_Non_Customer/SLIK Gateway Non Customer Checking

2020-10-15 18:41:49 - [TEST_STEP][PASSED] - runFeatureFile("Include/features/IST_Real/SLIK/SLIK Gateway Non Customer/SLIK Gateway Non Customer Checking.feature"): Feature file: 'Include/features/IST_Real/SLIK/SLIK Gateway Non Customer/SLIK Gateway Non Customer Checking.feature' was passed

2020-10-15 18:41:49 - [MESSAGE][INFO] - Starting run keyword runFeatureFile: 'Include/features/IST_Real/SLIK/SLIK Gateway Non Customer/SLIK Gateway Non Customer Checking.feature' and extract report to folder: '/Users/chaidir.pratama01/Katalon Studio/IST_Automation_Git/Reports/20201015_182654/SLIK/TS_SLIK_Gateway_Approval_Non_Customer/20201015_182656/cucumber_report/1602762109426'...

2020-10-15 18:41:49 - [TEST_CASE][PASSED] - Start Test Case : SCENARIO SLIK Gateway Non Customer Checking: SCENARIO SLIK Gateway Non Customer Checking

2020-10-15 18:41:49 - [TEST_STEP][PASSED] - Go to ISTools: Go to ISTools

2020-10-15 18:41:49 - [MESSAGE][INFO] - Starting 'Chrome' driver

2020-10-15 18:41:49 - [MESSAGE][INFO] - User set preference: ['AcceptInsecureCerts', 'true']

2020-10-15 18:41:49 - [MESSAGE][INFO] - User set preference: ['args', '[ignore-certificate-errors]']

2020-10-15 18:41:49 - [MESSAGE][INFO] - Action delay is set to 0 milliseconds

2020-10-15 18:41:50 - [MESSAGE][PASSED] - Browser is opened with url: ''

2020-10-15 18:41:51 - [MESSAGE][PASSED] - Navigate to 'https://dev-istools.homecredit.id/foundation/' successfully

2020-10-15 18:41:51 - [MESSAGE][PASSED] - Go to ISTools

2020-10-15 18:41:51 - [TEST_STEP][PASSED] - Login IST with valid credentials: Login IST with valid credentials

2020-10-15 18:41:52 - [MESSAGE][PASSED] - Text 'mobile.test' is set on object 'Object Repository/Page_/input_Username_j_username'

2020-10-15 18:41:52 - [MESSAGE][PASSED] - Text ****** has been set on object 'Object Repository/Page_/input_Password_j_password'

2020-10-15 18:41:53 - [MESSAGE][PASSED] - Object: 'Object Repository/Page_/button_Login' is clicked on

2020-10-15 18:41:53 - [MESSAGE][PASSED] - Login IST with valid credentials

2020-10-15 18:41:53 - [TEST_STEP][PASSED] - Login Success for contract dispatcher: Login Success for contract dispatcher

2020-10-15 18:41:53 - [MESSAGE][INFO] - Login Success

2020-10-15 18:41:53 - [MESSAGE][PASSED] - Current window maximized

2020-10-15 18:41:53 - [MESSAGE][PASSED] - Object 'Object Repository/Page_/h1_Welcome to IT Supporting Tools' is present

2020-10-15 18:41:53 - [MESSAGE][PASSED] - Login Success for contract dispatcher

2020-10-15 18:41:53 - [TEST_STEP][PASSED] - Select Menu SLIK Gateway NonCustomer: Select Menu SLIK Gateway NonCustomer

2020-10-15 18:41:53 - [MESSAGE][PASSED] - Object '' is present

2020-10-15 18:41:54 - [MESSAGE][PASSED] - Object: '' is clicked on

2020-10-15 18:41:54 - [MESSAGE][PASSED] - Wait for page load successfully

2020-10-15 18:41:54 - [MESSAGE][PASSED] - Select Menu SLIK Gateway NonCustomer

2020-10-15 18:41:54 - [TEST_STEP][PASSED] - Input Data KTP Number: Input Data KTP Number

2020-10-15 18:41:55 - [MESSAGE][PASSED] - Text '8888888888888888' is set on object ''

2020-10-15 18:41:55 - [MESSAGE][PASSED] - Input Data KTP Number

2020-10-15 18:41:55 - [TEST_STEP][PASSED] - Input Data "Name *" with value "OPEX TestingAuto" for Check SLIK: Input Data "Name *" with value "OPEX TestingAuto" for Check SLIK

2020-10-15 18:41:56 - [MESSAGE][PASSED] - Taking screenshot successfully
[[ATTACHMENT|/Users/chaidir.pratama01/Documents/Docs/Katalon Studio/Screenshot/slik.png]]

2020-10-15 18:41:56 - [MESSAGE][PASSED] - Object '' is visible

2020-10-15 18:41:56 - [MESSAGE][PASSED] - Object: '' is focused

2020-10-15 18:41:57 - [MESSAGE][PASSED] - Text 'OPEX TestingAuto' is set on object ''

2020-10-15 18:41:57 - [MESSAGE][PASSED] - Input Data "Name *" with value "OPEX TestingAuto" for Check SLIK

2020-10-15 18:41:57 - [TEST_STEP][PASSED] - Input Date of Birth "20-02-1990": Input Date of Birth "20-02-1990"

2020-10-15 18:41:57 - [MESSAGE][PASSED] - Text '20-02-1990' is set on object ''

2020-10-15 18:42:00 - [MESSAGE][PASSED] - Delayed 3 second(s)

2020-10-15 18:42:00 - [MESSAGE][PASSED] - Input Date of Birth "20-02-1990"

2020-10-15 18:42:00 - [TEST_STEP][PASSED] - Select Gender "Laki-laki": Select Gender "Laki-laki"

2020-10-15 18:42:01 - [MESSAGE][PASSED] - Object: '' is clicked on

2020-10-15 18:42:01 - [MESSAGE][PASSED] - Select Gender "Laki-laki"

2020-10-15 18:42:01 - [TEST_STEP][PASSED] - Select Purpose is "Penilaian Calon Kemitraan": Select Purpose is "Penilaian Calon Kemitraan"

2020-10-15 18:42:02 - [MESSAGE][PASSED] - All options with value 'Penilaian Calon Kemitraan' are selected in object ''  using regular expression

2020-10-15 18:42:02 - [MESSAGE][PASSED] - Select Purpose is "Penilaian Calon Kemitraan"

2020-10-15 18:42:02 - [TEST_STEP][PASSED] - Input Data "Place of Birth" with value "Jakarta" for Check SLIK: Input Data "Place of Birth" with value "Jakarta" for Check SLIK

2020-10-15 18:42:02 - [MESSAGE][PASSED] - Taking screenshot successfully
[[ATTACHMENT|/Users/chaidir.pratama01/Documents/Docs/Katalon Studio/Screenshot/slik.png]]

2020-10-15 18:42:03 - [MESSAGE][PASSED] - Object '' is visible

2020-10-15 18:42:03 - [MESSAGE][PASSED] - Object: '' is focused

2020-10-15 18:42:04 - [MESSAGE][PASSED] - Text 'Jakarta' is set on object ''

2020-10-15 18:42:04 - [MESSAGE][PASSED] - Input Data "Place of Birth" with value "Jakarta" for Check SLIK

2020-10-15 18:42:04 - [TEST_STEP][PASSED] - Input Data "Mother Maternity Name" with value "Tester Auto" for Check SLIK: Input Data "Mother Maternity Name" with value "Tester Auto" for Check SLIK

2020-10-15 18:42:05 - [MESSAGE][PASSED] - Taking screenshot successfully
[[ATTACHMENT|/Users/chaidir.pratama01/Documents/Docs/Katalon Studio/Screenshot/slik.png]]

2020-10-15 18:42:05 - [MESSAGE][PASSED] - Object '' is visible

2020-10-15 18:42:05 - [MESSAGE][PASSED] - Object: '' is focused

2020-10-15 18:42:06 - [MESSAGE][PASSED] - Text 'Tester Auto' is set on object ''

2020-10-15 18:42:06 - [MESSAGE][PASSED] - Input Data "Mother Maternity Name" with value "Tester Auto" for Check SLIK

2020-10-15 18:42:06 - [TEST_STEP][PASSED] - Input KTP Address "TESTING AUTO JAKARTA": Input KTP Address "TESTING AUTO JAKARTA"

2020-10-15 18:42:06 - [MESSAGE][PASSED] - Text 'TESTING AUTO JAKARTA' is set on object ''

2020-10-15 18:42:06 - [MESSAGE][PASSED] - Input KTP Address "TESTING AUTO JAKARTA"

2020-10-15 18:42:06 - [TEST_STEP][PASSED] - Click button "Upload": Click button "Upload"

2020-10-15 18:42:06 - [MESSAGE][INFO] - >>>>>//Button[contains(text(),'Upload')]

2020-10-15 18:42:11 - [MESSAGE][PASSED] - Object: '' is clicked on

2020-10-15 18:42:11 - [MESSAGE][PASSED] - Click button "Upload"

2020-10-15 18:42:11 - [TEST_STEP][PASSED] - Upload file "new_captcha1500.png": Upload file "new_captcha1500.png"

2020-10-15 18:42:11 - [MESSAGE][PASSED] - Switched to window with index: '0'

2020-10-15 18:42:25 - [MESSAGE][PASSED] - Upload file "new_captcha1500.png"

2020-10-15 18:42:25 - [TEST_STEP][PASSED] - Click button "Check SLIK": Click button "Check SLIK"

2020-10-15 18:42:25 - [MESSAGE][INFO] - >>>>>//Button[contains(text(),'Check SLIK')]

2020-10-15 18:42:29 - [MESSAGE][PASSED] - Object: '' is clicked on

2020-10-15 18:42:29 - [MESSAGE][PASSED] - Click button "Check SLIK"

2020-10-15 18:42:29 - [TEST_STEP][PASSED] - Get text from pop up "Confirmation Submit Request" with text "Are you sure to submit this data ?": Get text from pop up "Confirmation Submit Request" with text "Are you sure to submit this data ?"

2020-10-15 18:42:30 - [MESSAGE][PASSED] - Taking screenshot successfully
[[ATTACHMENT|/Users/chaidir.pratama01/Documents/Docs/Katalon Studio/Screenshot/errorpopup.png]]

2020-10-15 18:42:30 - [MESSAGE][PASSED] - Object '' is present

2020-10-15 18:42:30 - [MESSAGE][PASSED] - Wait for page load successfully

2020-10-15 18:42:30 - [MESSAGE][PASSED] - Wait for page load successfully

2020-10-15 18:42:30 - [MESSAGE][PASSED] - Get text from pop up "Confirmation Submit Request" with text "Are you sure to submit this data ?"

2020-10-15 18:42:30 - [TEST_STEP][PASSED] - Click button "Yes": Click button "Yes"

2020-10-15 18:42:30 - [MESSAGE][INFO] - >>>>>//Button[contains(text(),'Yes')]

2020-10-15 18:42:33 - [MESSAGE][PASSED] - Object: '' is clicked on

2020-10-15 18:42:33 - [MESSAGE][PASSED] - Click button "Yes"

2020-10-15 18:42:33 - [TEST_STEP][PASSED] - Verify KTP Number Request Success: Verify KTP Number Request Success

2020-10-15 18:42:54 - [MESSAGE][PASSED] - Object '' is present

2020-10-15 18:42:54 - [MESSAGE][PASSED] - Verify KTP Number Request Success

2020-10-15 18:42:54 - [TEST_STEP][PASSED] - Click button "OK": Click button "OK"

2020-10-15 18:42:54 - [MESSAGE][INFO] - >>>>>//Button[contains(text(),'OK')]

2020-10-15 18:42:57 - [MESSAGE][PASSED] - Object: '' is clicked on

2020-10-15 18:42:57 - [MESSAGE][PASSED] - Click button "OK"

2020-10-15 18:42:57 - [TEST_STEP][PASSED] - Click button "Logout": Click button "Logout"

2020-10-15 18:42:57 - [MESSAGE][INFO] - >>>>>//Button[contains(text(),'Logout')]

2020-10-15 18:43:01 - [MESSAGE][PASSED] - Object: '' is clicked on

2020-10-15 18:43:01 - [MESSAGE][PASSED] - Click button "Logout"

2020-10-15 18:43:01 - [TEST_STEP][PASSED] - Close browser: Close browser

2020-10-15 18:43:01 - [MESSAGE][PASSED] - Browser is closed

2020-10-15 18:43:01 - [MESSAGE][PASSED] - Close browser

2020-10-15 18:43:01 - [MESSAGE][PASSED] - Feature file: 'Include/features/IST_Real/SLIK/SLIK Gateway Non Customer/SLIK Gateway Non Customer Checking.feature' was passed]]></system-out>
         <system-err><![CDATA[]]></system-err>
      </testcase>
      <testcase name="Test Cases/IST_Real/SLIK/SLIK_Gateway_Approval_Non_Customer/Reject KTP Number" time="23.068" classname="Test Cases/IST_Real/SLIK/SLIK_Gateway_Approval_Non_Customer/Reject KTP Number" status="PASSED">
         <system-out><![CDATA[2020-10-15 18:43:01 - [TEST_CASE][PASSED] - Test Cases/IST_Real/SLIK/SLIK_Gateway_Approval_Non_Customer/Reject KTP Number: Test Cases/IST_Real/SLIK/SLIK_Gateway_Approval_Non_Customer/Reject KTP Number

2020-10-15 18:43:01 - [TEST_STEP][PASSED] - runFeatureFile("Include/features/IST_Real/SLIK/SLIK Gateway Approval Non Customer/Reject_KTP_Number.feature"): Feature file: 'Include/features/IST_Real/SLIK/SLIK Gateway Approval Non Customer/Reject_KTP_Number.feature' was passed

2020-10-15 18:43:01 - [MESSAGE][INFO] - Starting run keyword runFeatureFile: 'Include/features/IST_Real/SLIK/SLIK Gateway Approval Non Customer/Reject_KTP_Number.feature' and extract report to folder: '/Users/chaidir.pratama01/Katalon Studio/IST_Automation_Git/Reports/20201015_182654/SLIK/TS_SLIK_Gateway_Approval_Non_Customer/20201015_182656/cucumber_report/1602762181447'...

2020-10-15 18:43:01 - [TEST_CASE][PASSED] - Start Test Case : SCENARIO Reject KTP Number by Checker: SCENARIO Reject KTP Number by Checker

2020-10-15 18:43:01 - [TEST_STEP][PASSED] - Go to ISTools: Go to ISTools

2020-10-15 18:43:01 - [MESSAGE][INFO] - Starting 'Chrome' driver

2020-10-15 18:43:01 - [MESSAGE][INFO] - User set preference: ['AcceptInsecureCerts', 'true']

2020-10-15 18:43:01 - [MESSAGE][INFO] - User set preference: ['args', '[ignore-certificate-errors]']

2020-10-15 18:43:01 - [MESSAGE][INFO] - Action delay is set to 0 milliseconds

2020-10-15 18:43:02 - [MESSAGE][PASSED] - Browser is opened with url: ''

2020-10-15 18:43:04 - [MESSAGE][PASSED] - Navigate to 'https://dev-istools.homecredit.id/foundation/' successfully

2020-10-15 18:43:04 - [MESSAGE][PASSED] - Go to ISTools

2020-10-15 18:43:04 - [TEST_STEP][PASSED] - Login IST with valid credentials: Login IST with valid credentials

2020-10-15 18:43:04 - [MESSAGE][PASSED] - Text 'mobile.test' is set on object 'Object Repository/Page_/input_Username_j_username'

2020-10-15 18:43:05 - [MESSAGE][PASSED] - Text ****** has been set on object 'Object Repository/Page_/input_Password_j_password'

2020-10-15 18:43:05 - [MESSAGE][PASSED] - Object: 'Object Repository/Page_/button_Login' is clicked on

2020-10-15 18:43:05 - [MESSAGE][PASSED] - Login IST with valid credentials

2020-10-15 18:43:05 - [TEST_STEP][PASSED] - Login Success for contract dispatcher: Login Success for contract dispatcher

2020-10-15 18:43:05 - [MESSAGE][INFO] - Login Success

2020-10-15 18:43:06 - [MESSAGE][PASSED] - Current window maximized

2020-10-15 18:43:06 - [MESSAGE][PASSED] - Object 'Object Repository/Page_/h1_Welcome to IT Supporting Tools' is present

2020-10-15 18:43:06 - [MESSAGE][PASSED] - Login Success for contract dispatcher

2020-10-15 18:43:06 - [TEST_STEP][PASSED] - Select Menu "SLIK Gateway Approval Non Customer": Select Menu "SLIK Gateway Approval Non Customer"

2020-10-15 18:43:07 - [MESSAGE][PASSED] - Taking screenshot successfully
[[ATTACHMENT|/Users/chaidir.pratama01/Documents/Docs/Katalon Studio/Screenshot/test-SLIK Gateway Approval Non Customer.png]]

2020-10-15 18:43:07 - [MESSAGE][PASSED] - Object '' is present

2020-10-15 18:43:07 - [MESSAGE][PASSED] - Object: '' is clicked on

2020-10-15 18:43:07 - [MESSAGE][PASSED] - Wait for page load successfully

2020-10-15 18:43:07 - [MESSAGE][PASSED] - Select Menu "SLIK Gateway Approval Non Customer"

2020-10-15 18:43:07 - [TEST_STEP][PASSED] - Verify Table Result Exist: Verify Table Result Exist

2020-10-15 18:43:08 - [MESSAGE][PASSED] - Object '' is present

2020-10-15 18:43:08 - [MESSAGE][PASSED] - Verify Table Result Exist

2020-10-15 18:43:08 - [TEST_STEP][PASSED] - Get Data From Table: Get Data From Table

2020-10-15 18:43:09 - [MESSAGE][PASSED] - Object '' is present

2020-10-15 18:43:09 - [MESSAGE][PASSED] - Text of object '' is: '1'

2020-10-15 18:43:09 - [MESSAGE][PASSED] - Text of object '' is: '8888888888888888'

2020-10-15 18:43:10 - [MESSAGE][PASSED] - Text of object '' is: 'OPEX TestingAuto'

2020-10-15 18:43:10 - [MESSAGE][PASSED] - Text of object '' is: 'View Document'

2020-10-15 18:43:10 - [MESSAGE][PASSED] - Text of object '' is: ''

2020-10-15 18:43:10 - [MESSAGE][PASSED] - Get Data From Table

2020-10-15 18:43:10 - [TEST_STEP][PASSED] - Click Checkbox Validate: Click Checkbox Validate

2020-10-15 18:43:11 - [MESSAGE][PASSED] - Text of object '' is: '8888888888888888'

2020-10-15 18:43:11 - [MESSAGE][PASSED] - Object: '' is clicked on

2020-10-15 18:43:11 - [MESSAGE][PASSED] - Click Checkbox Validate

2020-10-15 18:43:11 - [TEST_STEP][PASSED] - Click button "Reject": Click button "Reject"

2020-10-15 18:43:11 - [MESSAGE][INFO] - >>>>>//Button[contains(text(),'Reject')]

2020-10-15 18:43:14 - [MESSAGE][PASSED] - Object: '' is clicked on

2020-10-15 18:43:14 - [MESSAGE][PASSED] - Click button "Reject"

2020-10-15 18:43:14 - [TEST_STEP][PASSED] - Get text from pop up "Confirmation Submit Request" with text "Are you sure to Reject this data ?": Get text from pop up "Confirmation Submit Request" with text "Are you sure to Reject this data ?"

2020-10-15 18:43:15 - [MESSAGE][PASSED] - Taking screenshot successfully
[[ATTACHMENT|/Users/chaidir.pratama01/Documents/Docs/Katalon Studio/Screenshot/errorpopup.png]]

2020-10-15 18:43:16 - [MESSAGE][PASSED] - Object '' is present

2020-10-15 18:43:16 - [MESSAGE][PASSED] - Wait for page load successfully

2020-10-15 18:43:16 - [MESSAGE][PASSED] - Wait for page load successfully

2020-10-15 18:43:16 - [MESSAGE][PASSED] - Get text from pop up "Confirmation Submit Request" with text "Are you sure to Reject this data ?"

2020-10-15 18:43:16 - [TEST_STEP][PASSED] - Click button "Yes": Click button "Yes"

2020-10-15 18:43:16 - [MESSAGE][INFO] - >>>>>//Button[contains(text(),'Yes')]

2020-10-15 18:43:19 - [MESSAGE][PASSED] - Object: '' is clicked on

2020-10-15 18:43:19 - [MESSAGE][PASSED] - Click button "Yes"

2020-10-15 18:43:19 - [TEST_STEP][PASSED] - Get text from pop up "IT Supporting Tools" with text "1 data successfully rejected": Get text from pop up "IT Supporting Tools" with text "1 data successfully rejected"

2020-10-15 18:43:20 - [MESSAGE][PASSED] - Taking screenshot successfully
[[ATTACHMENT|/Users/chaidir.pratama01/Documents/Docs/Katalon Studio/Screenshot/errorpopup.png]]

2020-10-15 18:43:21 - [MESSAGE][PASSED] - Object '' is present

2020-10-15 18:43:21 - [MESSAGE][PASSED] - Wait for page load successfully

2020-10-15 18:43:21 - [MESSAGE][PASSED] - Wait for page load successfully

2020-10-15 18:43:21 - [MESSAGE][PASSED] - Get text from pop up "IT Supporting Tools" with text "1 data successfully rejected"

2020-10-15 18:43:21 - [TEST_STEP][PASSED] - Click button "OK": Click button "OK"

2020-10-15 18:43:21 - [MESSAGE][INFO] - >>>>>//Button[contains(text(),'OK')]

2020-10-15 18:43:24 - [MESSAGE][PASSED] - Object: '' is clicked on

2020-10-15 18:43:24 - [MESSAGE][PASSED] - Click button "OK"

2020-10-15 18:43:24 - [TEST_STEP][PASSED] - Close browser: Close browser

2020-10-15 18:43:24 - [MESSAGE][PASSED] - Browser is closed

2020-10-15 18:43:24 - [MESSAGE][PASSED] - Close browser

2020-10-15 18:43:24 - [MESSAGE][PASSED] - Feature file: 'Include/features/IST_Real/SLIK/SLIK Gateway Approval Non Customer/Reject_KTP_Number.feature' was passed]]></system-out>
         <system-err><![CDATA[]]></system-err>
      </testcase>
      <system-out><![CDATA[2020-10-15 18:39:55 - [TEST_SUITE][FAILED] - TS_SLIK_Gateway_Approval_Non_Customer: Test Cases/IST_Real/SLIK/SLIK_Gateway_Non_Customer/SLIK Gateway Non Customer Checking FAILED.
Reason:
com.kms.katalon.core.exception.StepFailedException: Feature file 'Include/features/IST_Real/SLIK/SLIK Gateway Non Customer/SLIK Gateway Non Customer Checking.feature' was failed
	at com.kms.katalon.core.keyword.internal.KeywordMain.stepFailed(KeywordMain.groovy:50)
	at com.kms.katalon.core.keyword.internal.KeywordMain.stepFailed(KeywordMain.groovy)
	at com.kms.katalon.core.keyword.internal.KeywordMain.stepFailed(KeywordMain.groovy:23)
	at com.kms.katalon.core.keyword.internal.KeywordMain$stepFailed$0.call(Unknown Source)
	at com.kms.katalon.core.cucumber.keyword.CucumberBuiltinKeywords$_runFeatureFile_closure1.doCall(CucumberBuiltinKeywords.groovy:82)
	at com.kms.katalon.core.cucumber.keyword.CucumberBuiltinKeywords$_runFeatureFile_closure1.doCall(CucumberBuiltinKeywords.groovy)
	at com.kms.katalon.core.keyword.internal.KeywordMain.runKeyword(KeywordMain.groovy:68)
	at com.kms.katalon.core.keyword.internal.KeywordMain$runKeyword.call(Unknown Source)
	at com.kms.katalon.core.cucumber.keyword.CucumberBuiltinKeywords.runFeatureFile(CucumberBuiltinKeywords.groovy:46)
	at com.kms.katalon.core.cucumber.keyword.CucumberBuiltinKeywords$runFeatureFile$0.callStatic(Unknown Source)
	at com.kms.katalon.core.cucumber.keyword.CucumberBuiltinKeywords.runFeatureFile(CucumberBuiltinKeywords.groovy:169)
	at com.kms.katalon.core.cucumber.keyword.CucumberBuiltinKeywords$runFeatureFile.call(Unknown Source)
	at SLIK Gateway Non Customer Checking.run(SLIK Gateway Non Customer Checking:18)
	at com.kms.katalon.core.main.ScriptEngine.run(ScriptEngine.java:194)
	at com.kms.katalon.core.main.ScriptEngine.runScriptAsRawText(ScriptEngine.java:119)
	at com.kms.katalon.core.main.TestCaseExecutor.runScript(TestCaseExecutor.java:339)
	at com.kms.katalon.core.main.TestCaseExecutor.doExecute(TestCaseExecutor.java:330)
	at com.kms.katalon.core.main.TestCaseExecutor.processExecutionPhase(TestCaseExecutor.java:309)
	at com.kms.katalon.core.main.TestCaseExecutor.accessMainPhase(TestCaseExecutor.java:301)
	at com.kms.katalon.core.main.TestCaseExecutor.execute(TestCaseExecutor.java:235)
	at com.kms.katalon.core.main.TestSuiteExecutor.accessTestCaseMainPhase(TestSuiteExecutor.java:191)
	at com.kms.katalon.core.main.TestSuiteExecutor.accessTestSuiteMainPhase(TestSuiteExecutor.java:141)
	at com.kms.katalon.core.main.TestSuiteExecutor.execute(TestSuiteExecutor.java:90)
	at com.kms.katalon.core.main.TestCaseMain.startTestSuite(TestCaseMain.java:157)
	at com.kms.katalon.core.main.TestCaseMain$startTestSuite$0.call(Unknown Source)
	at TempTestSuite1602761216569.run(TempTestSuite1602761216569.groovy:39)]]></system-out>
      <system-err><![CDATA[2020-10-15 18:39:55 - [TEST_SUITE][FAILED] - TS_SLIK_Gateway_Approval_Non_Customer: Test Cases/IST_Real/SLIK/SLIK_Gateway_Non_Customer/SLIK Gateway Non Customer Checking FAILED.
Reason:
com.kms.katalon.core.exception.StepFailedException: Feature file 'Include/features/IST_Real/SLIK/SLIK Gateway Non Customer/SLIK Gateway Non Customer Checking.feature' was failed
	at com.kms.katalon.core.keyword.internal.KeywordMain.stepFailed(KeywordMain.groovy:50)
	at com.kms.katalon.core.keyword.internal.KeywordMain.stepFailed(KeywordMain.groovy)
	at com.kms.katalon.core.keyword.internal.KeywordMain.stepFailed(KeywordMain.groovy:23)
	at com.kms.katalon.core.keyword.internal.KeywordMain$stepFailed$0.call(Unknown Source)
	at com.kms.katalon.core.cucumber.keyword.CucumberBuiltinKeywords$_runFeatureFile_closure1.doCall(CucumberBuiltinKeywords.groovy:82)
	at com.kms.katalon.core.cucumber.keyword.CucumberBuiltinKeywords$_runFeatureFile_closure1.doCall(CucumberBuiltinKeywords.groovy)
	at com.kms.katalon.core.keyword.internal.KeywordMain.runKeyword(KeywordMain.groovy:68)
	at com.kms.katalon.core.keyword.internal.KeywordMain$runKeyword.call(Unknown Source)
	at com.kms.katalon.core.cucumber.keyword.CucumberBuiltinKeywords.runFeatureFile(CucumberBuiltinKeywords.groovy:46)
	at com.kms.katalon.core.cucumber.keyword.CucumberBuiltinKeywords$runFeatureFile$0.callStatic(Unknown Source)
	at com.kms.katalon.core.cucumber.keyword.CucumberBuiltinKeywords.runFeatureFile(CucumberBuiltinKeywords.groovy:169)
	at com.kms.katalon.core.cucumber.keyword.CucumberBuiltinKeywords$runFeatureFile.call(Unknown Source)
	at SLIK Gateway Non Customer Checking.run(SLIK Gateway Non Customer Checking:18)
	at com.kms.katalon.core.main.ScriptEngine.run(ScriptEngine.java:194)
	at com.kms.katalon.core.main.ScriptEngine.runScriptAsRawText(ScriptEngine.java:119)
	at com.kms.katalon.core.main.TestCaseExecutor.runScript(TestCaseExecutor.java:339)
	at com.kms.katalon.core.main.TestCaseExecutor.doExecute(TestCaseExecutor.java:330)
	at com.kms.katalon.core.main.TestCaseExecutor.processExecutionPhase(TestCaseExecutor.java:309)
	at com.kms.katalon.core.main.TestCaseExecutor.accessMainPhase(TestCaseExecutor.java:301)
	at com.kms.katalon.core.main.TestCaseExecutor.execute(TestCaseExecutor.java:235)
	at com.kms.katalon.core.main.TestSuiteExecutor.accessTestCaseMainPhase(TestSuiteExecutor.java:191)
	at com.kms.katalon.core.main.TestSuiteExecutor.accessTestSuiteMainPhase(TestSuiteExecutor.java:141)
	at com.kms.katalon.core.main.TestSuiteExecutor.execute(TestSuiteExecutor.java:90)
	at com.kms.katalon.core.main.TestCaseMain.startTestSuite(TestCaseMain.java:157)
	at com.kms.katalon.core.main.TestCaseMain$startTestSuite$0.call(Unknown Source)
	at TempTestSuite1602761216569.run(TempTestSuite1602761216569.groovy:39)]]></system-err>
   </testsuite>
   <testsuite name="TS_SLIK_Bulk_Request_MPF" tests="1" failures="0" errors="0" time="42.629" timestamp="2020-10-15 18:43:37" hostname="chaidir.pratama01 - localhost" id="Test Suites/SLIK/TS_SLIK_Bulk_Request_MPF">
      <properties>
         <property name="deviceName" value=""/>
         <property name="devicePlatform" value=""/>
         <property name="logFolder" value="/Users/chaidir.pratama01/Katalon Studio/IST_Automation_Git/Reports/20201015_182654/SLIK/TS_SLIK_Bulk_Request_MPF/20201015_182657"/>
         <property name="logFiles" value="/Users/chaidir.pratama01/Katalon Studio/IST_Automation_Git/Reports/20201015_182654/SLIK/TS_SLIK_Bulk_Request_MPF/20201015_182657/execution0.log"/>
         <property name="attachments" value="/Users/chaidir.pratama01/Documents/Docs/Katalon Studio/Screenshot/test-SLIK Bulk Request MPF.png, /Users/chaidir.pratama01/Documents/Docs/Katalon Studio/Screenshot/errorpopup.png"/>
         <property name="hostName" value="chaidir.pratama01 - localhost"/>
         <property name="os" value="Mac OS X 64bit"/>
         <property name="katalonVersion" value="7.6.0.${buildNumber}"/>
         <property name="browser" value="Chrome 86.0.4240.80"/>
         <property name="hostAddress" value="127.0.0.1"/>
         <property name="sessionId" value="ddafbc719e6d0ff71bd35aa09dfb5585"/>
         <property name="seleniumVersion" value="3.141.59"/>
         <property name="proxyInformation" value="ProxyInformation { proxyOption=NO_PROXY, proxyServerType=HTTP, username=, password=********, proxyServerAddress=, proxyServerPort=0, executionList=\&quot;\&quot;, isApplyToDesiredCapabilities=true }"/>
         <property name="platform" value="Mac OS X"/>
      </properties>
      <testcase name="Test Cases/IST_Real/SLIK/SLIK_Bulk_Request_MPF/SLIK Bulk Request MPF NORMAL" time="40.005" classname="Test Cases/IST_Real/SLIK/SLIK_Bulk_Request_MPF/SLIK Bulk Request MPF NORMAL" status="PASSED">
         <system-out><![CDATA[2020-10-15 18:43:37 - [TEST_CASE][PASSED] - Test Cases/IST_Real/SLIK/SLIK_Bulk_Request_MPF/SLIK Bulk Request MPF NORMAL: Test Cases/IST_Real/SLIK/SLIK_Bulk_Request_MPF/SLIK Bulk Request MPF NORMAL

2020-10-15 18:43:37 - [TEST_STEP][PASSED] - runFeatureFile("Include/features/IST_Real/SLIK/SLIK Bulk Request MPF/SLIK Bulk Request MPF_NORMAL.feature"): Feature file: 'Include/features/IST_Real/SLIK/SLIK Bulk Request MPF/SLIK Bulk Request MPF_NORMAL.feature' was passed

2020-10-15 18:43:37 - [MESSAGE][INFO] - Starting run keyword runFeatureFile: 'Include/features/IST_Real/SLIK/SLIK Bulk Request MPF/SLIK Bulk Request MPF_NORMAL.feature' and extract report to folder: '/Users/chaidir.pratama01/Katalon Studio/IST_Automation_Git/Reports/20201015_182654/SLIK/TS_SLIK_Bulk_Request_MPF/20201015_182657/cucumber_report/1602762217841'...

2020-10-15 18:43:38 - [TEST_CASE][PASSED] - Start Test Case : SCENARIO SLIK Bulk Request: SCENARIO SLIK Bulk Request

2020-10-15 18:43:38 - [TEST_STEP][PASSED] - Go to ISTools: Go to ISTools

2020-10-15 18:43:38 - [MESSAGE][INFO] - Starting 'Chrome' driver

2020-10-15 18:43:38 - [MESSAGE][INFO] - User set preference: ['AcceptInsecureCerts', 'true']

2020-10-15 18:43:38 - [MESSAGE][INFO] - User set preference: ['args', '[ignore-certificate-errors]']

2020-10-15 18:43:38 - [MESSAGE][INFO] - Action delay is set to 0 milliseconds

2020-10-15 18:43:40 - [MESSAGE][PASSED] - Browser is opened with url: ''

2020-10-15 18:43:41 - [MESSAGE][PASSED] - Navigate to 'https://dev-istools.homecredit.id/foundation/' successfully

2020-10-15 18:43:41 - [MESSAGE][PASSED] - Go to ISTools

2020-10-15 18:43:41 - [TEST_STEP][PASSED] - Login IST with valid credentials: Login IST with valid credentials

2020-10-15 18:43:42 - [MESSAGE][PASSED] - Text 'mobile.test' is set on object 'Object Repository/Page_/input_Username_j_username'

2020-10-15 18:43:43 - [MESSAGE][PASSED] - Text ****** has been set on object 'Object Repository/Page_/input_Password_j_password'

2020-10-15 18:43:43 - [MESSAGE][PASSED] - Object: 'Object Repository/Page_/button_Login' is clicked on

2020-10-15 18:43:43 - [MESSAGE][PASSED] - Login IST with valid credentials

2020-10-15 18:43:43 - [TEST_STEP][PASSED] - Login Success for contract dispatcher: Login Success for contract dispatcher

2020-10-15 18:43:43 - [MESSAGE][INFO] - Login Success

2020-10-15 18:43:43 - [MESSAGE][PASSED] - Current window maximized

2020-10-15 18:43:44 - [MESSAGE][PASSED] - Object 'Object Repository/Page_/h1_Welcome to IT Supporting Tools' is present

2020-10-15 18:43:44 - [MESSAGE][PASSED] - Login Success for contract dispatcher

2020-10-15 18:43:44 - [TEST_STEP][PASSED] - Select Menu "SLIK Bulk Request MPF": Select Menu "SLIK Bulk Request MPF"

2020-10-15 18:43:45 - [MESSAGE][PASSED] - Taking screenshot successfully
[[ATTACHMENT|/Users/chaidir.pratama01/Documents/Docs/Katalon Studio/Screenshot/test-SLIK Bulk Request MPF.png]]

2020-10-15 18:43:45 - [MESSAGE][PASSED] - Object '' is present

2020-10-15 18:43:45 - [MESSAGE][PASSED] - Object: '' is clicked on

2020-10-15 18:43:45 - [MESSAGE][PASSED] - Wait for page load successfully

2020-10-15 18:43:45 - [MESSAGE][PASSED] - Select Menu "SLIK Bulk Request MPF"

2020-10-15 18:43:45 - [TEST_STEP][PASSED] - Click button "Upload Data": Click button "Upload Data"

2020-10-15 18:43:45 - [MESSAGE][INFO] - >>>>>//Button[contains(text(),'Upload Data')]

2020-10-15 18:43:50 - [MESSAGE][PASSED] - Object: '' is clicked on

2020-10-15 18:43:50 - [MESSAGE][PASSED] - Click button "Upload Data"

2020-10-15 18:43:50 - [TEST_STEP][PASSED] - Upload file "Template Bulk Request MPF.csv": Upload file "Template Bulk Request MPF.csv"

2020-10-15 18:43:50 - [MESSAGE][PASSED] - Switched to window with index: '0'

2020-10-15 18:44:04 - [MESSAGE][PASSED] - Upload file "Template Bulk Request MPF.csv"

2020-10-15 18:44:05 - [TEST_STEP][PASSED] - Click button "Process": Click button "Process"

2020-10-15 18:44:05 - [MESSAGE][INFO] - >>>>>//Button[contains(text(),'Process')]

2020-10-15 18:44:08 - [MESSAGE][PASSED] - Object: '' is clicked on

2020-10-15 18:44:08 - [MESSAGE][PASSED] - Click button "Process"

2020-10-15 18:44:08 - [TEST_STEP][PASSED] - Get text from pop up "IT Supporting Tools" with text "Data is processed": Get text from pop up "IT Supporting Tools" with text "Data is processed"

2020-10-15 18:44:10 - [MESSAGE][PASSED] - Taking screenshot successfully
[[ATTACHMENT|/Users/chaidir.pratama01/Documents/Docs/Katalon Studio/Screenshot/errorpopup.png]]

2020-10-15 18:44:10 - [MESSAGE][PASSED] - Object '' is present

2020-10-15 18:44:10 - [MESSAGE][PASSED] - Wait for page load successfully

2020-10-15 18:44:10 - [MESSAGE][PASSED] - Wait for page load successfully

2020-10-15 18:44:10 - [MESSAGE][PASSED] - Get text from pop up "IT Supporting Tools" with text "Data is processed"

2020-10-15 18:44:10 - [TEST_STEP][PASSED] - Click button "OK": Click button "OK"

2020-10-15 18:44:10 - [MESSAGE][INFO] - >>>>>//Button[contains(text(),'OK')]

2020-10-15 18:44:13 - [MESSAGE][PASSED] - Object: '' is clicked on

2020-10-15 18:44:13 - [MESSAGE][PASSED] - Click button "OK"

2020-10-15 18:44:13 - [TEST_STEP][PASSED] - Click button "Logout": Click button "Logout"

2020-10-15 18:44:13 - [MESSAGE][INFO] - >>>>>//Button[contains(text(),'Logout')]

2020-10-15 18:44:17 - [MESSAGE][PASSED] - Object: '' is clicked on

2020-10-15 18:44:17 - [MESSAGE][PASSED] - Click button "Logout"

2020-10-15 18:44:17 - [TEST_STEP][PASSED] - Close browser: Close browser

2020-10-15 18:44:17 - [MESSAGE][PASSED] - Browser is closed

2020-10-15 18:44:17 - [MESSAGE][PASSED] - Close browser

2020-10-15 18:44:17 - [MESSAGE][PASSED] - Feature file: 'Include/features/IST_Real/SLIK/SLIK Bulk Request MPF/SLIK Bulk Request MPF_NORMAL.feature' was passed]]></system-out>
         <system-err><![CDATA[]]></system-err>
      </testcase>
      <system-out><![CDATA[2020-10-15 18:43:37 - [TEST_SUITE][PASSED] - TS_SLIK_Bulk_Request_MPF: Test Cases/IST_Real/SLIK/SLIK_Bulk_Request_MPF/SLIK Bulk Request MPF NORMAL]]></system-out>
      <system-err><![CDATA[]]></system-err>
   </testsuite>
   <testsuite name="TS_SLIK_JFS" tests="1" failures="0" errors="0" time="30.389" timestamp="2020-10-15 18:44:29" hostname="chaidir.pratama01 - localhost" id="Test Suites/SLIK/TS_SLIK_JFS">
      <properties>
         <property name="deviceName" value=""/>
         <property name="devicePlatform" value=""/>
         <property name="logFolder" value="/Users/chaidir.pratama01/Katalon Studio/IST_Automation_Git/Reports/20201015_182654/SLIK/TS_SLIK_JFS/20201015_182658"/>
         <property name="logFiles" value="/Users/chaidir.pratama01/Katalon Studio/IST_Automation_Git/Reports/20201015_182654/SLIK/TS_SLIK_JFS/20201015_182658/execution0.log"/>
         <property name="attachments" value="/Users/chaidir.pratama01/Katalon Studio/IST_Automation_Git/Reports/20201015_182654/SLIK/TS_SLIK_JFS/20201015_182658/1602762292826.png"/>
         <property name="hostName" value="chaidir.pratama01 - localhost"/>
         <property name="os" value="Mac OS X 64bit"/>
         <property name="katalonVersion" value="7.6.0.${buildNumber}"/>
         <property name="browser" value="Chrome 86.0.4240.80"/>
         <property name="hostAddress" value="127.0.0.1"/>
         <property name="sessionId" value="61fbac56823299db8d87c4d0e12aea46"/>
         <property name="seleniumVersion" value="3.141.59"/>
         <property name="proxyInformation" value="ProxyInformation { proxyOption=NO_PROXY, proxyServerType=HTTP, username=, password=********, proxyServerAddress=, proxyServerPort=0, executionList=\&quot;\&quot;, isApplyToDesiredCapabilities=true }"/>
         <property name="platform" value="Mac OS X"/>
      </properties>
      <testcase name="Test Cases/IST_Real/SLIK/SLIK_JFS/Send Request KTP Search Result SGNC" time="27.384" classname="Test Cases/IST_Real/SLIK/SLIK_JFS/Send Request KTP Search Result SGNC" status="PASSED">
         <system-out><![CDATA[2020-10-15 18:44:29 - [TEST_CASE][PASSED] - Test Cases/IST_Real/SLIK/SLIK_JFS/Send Request KTP Search Result SGNC: Test Cases/IST_Real/SLIK/SLIK_JFS/Send Request KTP Search Result SGNC

2020-10-15 18:44:29 - [TEST_STEP][PASSED] - runFeatureFile("Include/features/IST_Real/SLIK/SLIK JFS/Send_Request_KTP_Search_Result_SGNC.feature"): Feature file: 'Include/features/IST_Real/SLIK/SLIK JFS/Send_Request_KTP_Search_Result_SGNC.feature' was passed

2020-10-15 18:44:29 - [MESSAGE][INFO] - Starting run keyword runFeatureFile: 'Include/features/IST_Real/SLIK/SLIK JFS/Send_Request_KTP_Search_Result_SGNC.feature' and extract report to folder: '/Users/chaidir.pratama01/Katalon Studio/IST_Automation_Git/Reports/20201015_182654/SLIK/TS_SLIK_JFS/20201015_182658/cucumber_report/1602762269816'...

2020-10-15 18:44:30 - [TEST_CASE][PASSED] - Start Test Case : SCENARIO SLIK JFS: SCENARIO SLIK JFS

2020-10-15 18:44:30 - [TEST_STEP][PASSED] - Consume Endpoint JFS Collectibility: Consume Endpoint JFS Collectibility

2020-10-15 18:44:32 - [MESSAGE][INFO] - HAR: /Users/chaidir.pratama01/Katalon Studio/IST_Automation_Git/Reports/20201015_182654/SLIK/TS_SLIK_JFS/20201015_182658/requests/main/0.har

2020-10-15 18:44:32 - [MESSAGE][PASSED] - Send request successfully

2020-10-15 18:44:32 - [MESSAGE][PASSED] - Verify response status code successfully

2020-10-15 18:44:32 - [MESSAGE][PASSED] - Verify element property value successfully

2020-10-15 18:44:32 - [MESSAGE][PASSED] - Verify element property value successfully

2020-10-15 18:44:32 - [MESSAGE][PASSED] - Verify element property value successfully

2020-10-15 18:44:32 - [MESSAGE][PASSED] - Consume Endpoint JFS Collectibility

2020-10-15 18:44:32 - [TEST_STEP][PASSED] - Go to ISTools: Go to ISTools

2020-10-15 18:44:32 - [MESSAGE][INFO] - Starting 'Chrome' driver

2020-10-15 18:44:32 - [MESSAGE][INFO] - User set preference: ['AcceptInsecureCerts', 'true']

2020-10-15 18:44:32 - [MESSAGE][INFO] - User set preference: ['args', '[ignore-certificate-errors]']

2020-10-15 18:44:32 - [MESSAGE][INFO] - Action delay is set to 0 milliseconds

2020-10-15 18:44:33 - [MESSAGE][PASSED] - Browser is opened with url: ''

2020-10-15 18:44:40 - [MESSAGE][PASSED] - Navigate to 'https://dev-istools.homecredit.id/foundation/' successfully

2020-10-15 18:44:40 - [MESSAGE][PASSED] - Go to ISTools

2020-10-15 18:44:40 - [TEST_STEP][PASSED] - Login IST with valid credentials: Login IST with valid credentials

2020-10-15 18:44:41 - [MESSAGE][PASSED] - Text 'mobile.test' is set on object 'Object Repository/Page_/input_Username_j_username'

2020-10-15 18:44:41 - [MESSAGE][PASSED] - Text ****** has been set on object 'Object Repository/Page_/input_Password_j_password'

2020-10-15 18:44:43 - [MESSAGE][PASSED] - Object: 'Object Repository/Page_/button_Login' is clicked on

2020-10-15 18:44:43 - [MESSAGE][PASSED] - Login IST with valid credentials

2020-10-15 18:44:43 - [TEST_STEP][PASSED] - Login Success for contract dispatcher: Login Success for contract dispatcher

2020-10-15 18:44:43 - [MESSAGE][INFO] - Login Success

2020-10-15 18:44:43 - [MESSAGE][PASSED] - Current window maximized

2020-10-15 18:44:43 - [MESSAGE][PASSED] - Object 'Object Repository/Page_/h1_Welcome to IT Supporting Tools' is present

2020-10-15 18:44:43 - [MESSAGE][PASSED] - Login Success for contract dispatcher

2020-10-15 18:44:43 - [TEST_STEP][PASSED] - Select Menu SLIK Gateway Customer: Select Menu SLIK Gateway Customer

2020-10-15 18:44:43 - [MESSAGE][PASSED] - Object '' is present

2020-10-15 18:44:44 - [MESSAGE][PASSED] - Object: '' is clicked on

2020-10-15 18:44:44 - [MESSAGE][PASSED] - Wait for page load successfully

2020-10-15 18:44:44 - [MESSAGE][PASSED] - Select Menu SLIK Gateway Customer

2020-10-15 18:44:44 - [TEST_STEP][PASSED] - Search KTP Number in SLIK Gateway Customer: Search KTP Number in SLIK Gateway Customer

2020-10-15 18:44:44 - [MESSAGE][PASSED] - Scroll to object '' successfully

2020-10-15 18:44:45 - [MESSAGE][PASSED] - Text '1871025401550001' is set on object ''

2020-10-15 18:44:45 - [MESSAGE][PASSED] - Search KTP Number in SLIK Gateway Customer

2020-10-15 18:44:45 - [TEST_STEP][PASSED] - Click button "Search": Click button "Search"

2020-10-15 18:44:45 - [MESSAGE][INFO] - >>>>>//Button[contains(text(),'Search')]

2020-10-15 18:44:48 - [MESSAGE][PASSED] - Object: '' is clicked on

2020-10-15 18:44:48 - [MESSAGE][PASSED] - Click button "Search"

2020-10-15 18:44:48 - [TEST_STEP][PASSED] - Verify KTP Result with Request Body: Verify KTP Result with Request Body

2020-10-15 18:44:52 - [MESSAGE][INFO] - Unable to find the element located by 'By.xpath: //span[text()='Search Result']/../../../following-sibling::div[@class='z-groupbox-content']/div[@class='z-grid']/div[@class='z-grid-body']/table/tbody/tr/td[2]/div/span[text()='1871025401550001']'. Please recheck the objects properties to make sure the desired element is located. 

2020-10-15 18:44:53 - [MESSAGE][WARNING] - com.kms.katalon.core.webui.exception.WebElementNotFoundException: Web element with id: '' located by '//span[text()='Search Result']/../../../following-sibling::div[@class='z-groupbox-content']/div[@class='z-grid']/div[@class='z-grid-body']/table/tbody/tr/td[2]/div/span[text()='1871025401550001']' not found (Root cause: com.kms.katalon.core.exception.StepFailedException: com.kms.katalon.core.webui.exception.WebElementNotFoundException: Web element with id: '' located by '//span[text()='Search Result']/../../../following-sibling::div[@class='z-groupbox-content']/div[@class='z-grid']/div[@class='z-grid-body']/table/tbody/tr/td[2]/div/span[text()='1871025401550001']' not found
	at com.kms.katalon.core.webui.keyword.internal.WebUIKeywordMain.stepFailed(WebUIKeywordMain.groovy:64)
	at com.kms.katalon.core.webui.keyword.builtin.VerifyElementPresentKeyword$_verifyElementPresent_closure1.doCall(VerifyElementPresentKeyword.groovy:85)
	at com.kms.katalon.core.webui.keyword.builtin.VerifyElementPresentKeyword$_verifyElementPresent_closure1.call(VerifyElementPresentKeyword.groovy)
	at com.kms.katalon.core.webui.keyword.internal.WebUIKeywordMain.runKeyword(WebUIKeywordMain.groovy:20)
	at com.kms.katalon.core.webui.keyword.builtin.VerifyElementPresentKeyword.verifyElementPresent(VerifyElementPresentKeyword.groovy:92)
	at com.kms.katalon.core.webui.keyword.builtin.VerifyElementPresentKeyword.execute(VerifyElementPresentKeyword.groovy:68)
	at com.kms.katalon.core.keyword.internal.KeywordExecutor.executeKeywordForPlatform(KeywordExecutor.groovy:73)
	at com.kms.katalon.core.webui.keyword.WebUiBuiltInKeywords.verifyElementPresent(WebUiBuiltInKeywords.groovy:1444)
	at com.kms.katalon.core.webui.keyword.WebUiBuiltInKeywords$verifyElementPresent$9.call(Unknown Source)
	at Slik_Script.SLIKJFS_verifyKTPNumber(Slik_Script.groovy:850)
	at cucumber.runtime.Utils$1.call(Utils.java:26)
	at cucumber.runtime.Timeout.timeout(Timeout.java:16)
	at cucumber.runtime.Utils.invoke(Utils.java:20)
	at cucumber.runtime.java.JavaStepDefinition.execute(JavaStepDefinition.java:48)
	at cucumber.runtime.PickleStepDefinitionMatch.runStep(PickleStepDefinitionMatch.java:50)
	at cucumber.runner.TestStep.executeStep(TestStep.java:55)
	at cucumber.runner.TestStep.run(TestStep.java:42)
	at cucumber.runner.PickleStepTestStep.run(PickleStepTestStep.java:53)
	at cucumber.runner.TestCase.run(TestCase.java:47)
	at cucumber.runner.Runner.runPickle(Runner.java:44)
	at cucumber.runtime.Runtime.runFeature(Runtime.java:120)
	at cucumber.runtime.Runtime.run(Runtime.java:106)
	at cucumber.api.cli.Main.run(Main.java:35)
	at cucumber.api.cli.Main$run.call(Unknown Source)
	at com.kms.katalon.core.cucumber.keyword.CucumberBuiltinKeywords$_runFeatureFile_closure1.doCall(CucumberBuiltinKeywords.groovy:76)
	at com.kms.katalon.core.cucumber.keyword.CucumberBuiltinKeywords$_runFeatureFile_closure1.doCall(CucumberBuiltinKeywords.groovy)
	at com.kms.katalon.core.keyword.internal.KeywordMain.runKeyword(KeywordMain.groovy:68)
	at com.kms.katalon.core.keyword.internal.KeywordMain$runKeyword.call(Unknown Source)
	at com.kms.katalon.core.cucumber.keyword.CucumberBuiltinKeywords.runFeatureFile(CucumberBuiltinKeywords.groovy:46)
	at com.kms.katalon.core.cucumber.keyword.CucumberBuiltinKeywords$runFeatureFile$0.callStatic(Unknown Source)
	at com.kms.katalon.core.cucumber.keyword.CucumberBuiltinKeywords.runFeatureFile(CucumberBuiltinKeywords.groovy:169)
	at com.kms.katalon.core.cucumber.keyword.CucumberBuiltinKeywords$runFeatureFile.call(Unknown Source)
	at Send Request KTP Search Result SGNC.run(Send Request KTP Search Result SGNC:18)
	at com.kms.katalon.core.main.ScriptEngine.run(ScriptEngine.java:194)
	at com.kms.katalon.core.main.ScriptEngine.runScriptAsRawText(ScriptEngine.java:119)
	at com.kms.katalon.core.main.TestCaseExecutor.runScript(TestCaseExecutor.java:339)
	at com.kms.katalon.core.main.TestCaseExecutor.doExecute(TestCaseExecutor.java:330)
	at com.kms.katalon.core.main.TestCaseExecutor.processExecutionPhase(TestCaseExecutor.java:309)
	at com.kms.katalon.core.main.TestCaseExecutor.accessMainPhase(TestCaseExecutor.java:301)
	at com.kms.katalon.core.main.TestCaseExecutor.execute(TestCaseExecutor.java:235)
	at com.kms.katalon.core.main.TestSuiteExecutor.accessTestCaseMainPhase(TestSuiteExecutor.java:191)
	at com.kms.katalon.core.main.TestSuiteExecutor.accessTestSuiteMainPhase(TestSuiteExecutor.java:141)
	at com.kms.katalon.core.main.TestSuiteExecutor.execute(TestSuiteExecutor.java:90)
	at com.kms.katalon.core.main.TestCaseMain.startTestSuite(TestCaseMain.java:157)
	at com.kms.katalon.core.main.TestCaseMain$startTestSuite$0.call(Unknown Source)
	at TempTestSuite1602761218666.run(TempTestSuite1602761218666.groovy:39)
)
[[ATTACHMENT|/Users/chaidir.pratama01/Katalon Studio/IST_Automation_Git/Reports/20201015_182654/SLIK/TS_SLIK_JFS/20201015_182658/1602762292826.png]]

2020-10-15 18:44:53 - [MESSAGE][PASSED] - Verify KTP Result with Request Body

2020-10-15 18:44:53 - [TEST_STEP][PASSED] - Click button "Logout": Click button "Logout"

2020-10-15 18:44:53 - [MESSAGE][INFO] - >>>>>//Button[contains(text(),'Logout')]

2020-10-15 18:44:56 - [MESSAGE][PASSED] - Object: '' is clicked on

2020-10-15 18:44:56 - [MESSAGE][PASSED] - Click button "Logout"

2020-10-15 18:44:56 - [TEST_STEP][PASSED] - Close browser: Close browser

2020-10-15 18:44:56 - [MESSAGE][PASSED] - Browser is closed

2020-10-15 18:44:56 - [MESSAGE][PASSED] - Close browser

2020-10-15 18:44:56 - [MESSAGE][PASSED] - Feature file: 'Include/features/IST_Real/SLIK/SLIK JFS/Send_Request_KTP_Search_Result_SGNC.feature' was passed]]></system-out>
         <system-err><![CDATA[]]></system-err>
      </testcase>
      <system-out><![CDATA[2020-10-15 18:44:29 - [TEST_SUITE][PASSED] - TS_SLIK_JFS: Test Cases/IST_Real/SLIK/SLIK_JFS/Send Request KTP Search Result SGNC]]></system-out>
      <system-err><![CDATA[]]></system-err>
   </testsuite>
</testsuites>
