<?xml version="1.0" encoding="UTF-8"?>
<testsuites name="TS_Dashboard_for_CCC_OCS" time="241.902" tests="4" failures="0" errors="0">
   <testsuite name="TS_Dashboard_for_CCC_OCS" tests="4" failures="0" errors="0" time="241.902" timestamp="2021-01-22 10:52:08" hostname="chaidir.pratama01 - localhost" id="Test Suites/RTD/TS_Dashboard_for_CCC_OCS">
      <properties>
         <property name="deviceName" value=""/>
         <property name="devicePlatform" value=""/>
         <property name="logFolder" value="/Users/chaidir.pratama01/Katalon Studio/IST_Automation_Git/Reports/20210122_104222/RTD/TS_Dashboard_for_CCC_OCS/20210122_104225"/>
         <property name="logFiles" value="/Users/chaidir.pratama01/Katalon Studio/IST_Automation_Git/Reports/20210122_104222/RTD/TS_Dashboard_for_CCC_OCS/20210122_104225/execution0.log"/>
         <property name="attachments" value="/Users/chaidir.pratama01/Documents/Docs/Katalon Studio/Screenshot/test-Dashboard for CCC/OCS.png, /Users/chaidir.pratama01/Documents/Docs/Katalon Studio/Screenshot/test-Dashboard for CCC/OCS.png, /Users/chaidir.pratama01/Documents/Docs/Katalon Studio/Screenshot/test-Dashboard for CCC/OCS.png, /Users/chaidir.pratama01/Documents/Docs/Katalon Studio/Screenshot/test-Dashboard for CCC/OCS.png, /Users/chaidir.pratama01/Documents/Docs/Katalon Studio/Screenshot/test-Dashboard for CCC/OCS.png, /Users/chaidir.pratama01/Documents/Docs/Katalon Studio/Screenshot/test-Dashboard for CCC/OCS.png, /Users/chaidir.pratama01/Documents/Docs/Katalon Studio/Screenshot/test-Dashboard for CCC/OCS.png, /Users/chaidir.pratama01/Documents/Docs/Katalon Studio/Screenshot/test-Dashboard for CCC/OCS.png, /Users/chaidir.pratama01/Katalon Studio/IST_Automation_Git/Reports/20210122_104222/RTD/TS_Dashboard_for_CCC_OCS/20210122_104225/1611287633440.png, /Users/chaidir.pratama01/Documents/Docs/Katalon Studio/Screenshot/test-Dashboard for CCC/OCS.png, /Users/chaidir.pratama01/Katalon Studio/IST_Automation_Git/Reports/20210122_104222/RTD/TS_Dashboard_for_CCC_OCS/20210122_104225/1611287647586.png, /Users/chaidir.pratama01/Documents/Docs/Katalon Studio/Screenshot/test-Dashboard for CCC/OCS.png, /Users/chaidir.pratama01/Documents/Docs/Katalon Studio/Screenshot/test-Dashboard for CCC/OCS.png, /Users/chaidir.pratama01/Documents/Docs/Katalon Studio/Screenshot/test-Dashboard for CCC/OCS.png, /Users/chaidir.pratama01/Documents/Docs/Katalon Studio/Screenshot/test-Dashboard for CCC/OCS.png, /Users/chaidir.pratama01/Documents/Docs/Katalon Studio/Screenshot/test-Dashboard for CCC/OCS.png, /Users/chaidir.pratama01/Documents/Docs/Katalon Studio/Screenshot/test-Dashboard for CCC/OCS.png, /Users/chaidir.pratama01/Documents/Docs/Katalon Studio/Screenshot/test-Dashboard for CCC/OCS.png, /Users/chaidir.pratama01/Documents/Docs/Katalon Studio/Screenshot/Download_data.png"/>
         <property name="hostName" value="chaidir.pratama01 - localhost"/>
         <property name="os" value="Mac OS X 64bit"/>
         <property name="katalonVersion" value="7.6.0.${buildNumber}"/>
         <property name="browser" value="Chrome 87.0.4280.141"/>
         <property name="hostAddress" value="127.0.0.1"/>
         <property name="sessionId" value="295acebac01ecdfe9cc15aecade98ade"/>
         <property name="seleniumVersion" value="3.141.59"/>
         <property name="proxyInformation" value="ProxyInformation { proxyOption=NO_PROXY, proxyServerType=HTTP, username=, password=********, proxyServerAddress=, proxyServerPort=0, executionList=\&quot;\&quot;, isApplyToDesiredCapabilities=true }"/>
         <property name="platform" value="Mac OS X"/>
      </properties>
      <testcase name="Test Cases/RTD/Dashboard for CCC OCS/TC_Search_by_Status" time="179.564" classname="Test Cases/RTD/Dashboard for CCC OCS/TC_Search_by_Status" status="PASSED">
         <system-out><![CDATA[2021-01-22 10:52:08 - [TEST_CASE][PASSED] - Test Cases/RTD/Dashboard for CCC OCS/TC_Search_by_Status: Test Cases/RTD/Dashboard for CCC OCS/TC_Search_by_Status

2021-01-22 10:52:08 - [TEST_STEP][PASSED] - runFeatureFile("Include/features/IST_Real/RTD/Dashboard_for_CCC_OCS/Search_by_STATUS_CCC_OCS.feature"): Feature file: 'Include/features/IST_Real/RTD/Dashboard_for_CCC_OCS/Search_by_STATUS_CCC_OCS.feature' was passed

2021-01-22 10:52:08 - [MESSAGE][INFO] - Starting run keyword runFeatureFile: 'Include/features/IST_Real/RTD/Dashboard_for_CCC_OCS/Search_by_STATUS_CCC_OCS.feature' and extract report to folder: '/Users/chaidir.pratama01/Katalon Studio/IST_Automation_Git/Reports/20210122_104222/RTD/TS_Dashboard_for_CCC_OCS/20210122_104225/cucumber_report/1611287528679'...

2021-01-22 10:52:09 - [TEST_CASE][PASSED] - Start Test Case : SCENARIO Search by STATUS Eligible to Disburse: SCENARIO Search by STATUS Eligible to Disburse

2021-01-22 10:52:09 - [TEST_STEP][PASSED] - Go to ISTools: Go to ISTools

2021-01-22 10:52:09 - [MESSAGE][INFO] - Starting 'Chrome (headless)' driver

2021-01-22 10:52:09 - [MESSAGE][INFO] - User set preference: ['args', '[--start-maximized, --disable-gpu, --no-proxy-server, –-no-sandbox, --allow-running-insecure-content, --ignore-certificate-errors, window-size=1680,814, force-device-scale-factor=2, --lang=en-GB]']

2021-01-22 10:52:09 - [MESSAGE][INFO] - User set preference: ['prefs', '{download.default_directory=/Users/chaidir.pratama01/Katalon Studio/IST_Automation_Git/Download}']

2021-01-22 10:52:09 - [MESSAGE][INFO] - Action delay is set to 0 milliseconds

2021-01-22 10:52:10 - [MESSAGE][PASSED] - Browser is opened with url: ''

2021-01-22 10:52:12 - [MESSAGE][PASSED] - Navigate to 'https://dev-istools.homecredit.id/foundation/' successfully

2021-01-22 10:52:12 - [MESSAGE][PASSED] - Go to ISTools

2021-01-22 10:52:12 - [TEST_STEP][PASSED] - Login IST with valid credentials: Login IST with valid credentials

2021-01-22 10:52:12 - [MESSAGE][PASSED] - Text 'mobile.test' is set on object 'Object Repository/Page_/input_Username_j_username'

2021-01-22 10:52:12 - [MESSAGE][PASSED] - Text ****** has been set on object 'Object Repository/Page_/input_Password_j_password'

2021-01-22 10:52:13 - [MESSAGE][PASSED] - Object: 'Object Repository/Page_/button_Login' is clicked on

2021-01-22 10:52:13 - [MESSAGE][PASSED] - Login IST with valid credentials

2021-01-22 10:52:13 - [TEST_STEP][PASSED] - Login Success: Login Success

2021-01-22 10:52:13 - [MESSAGE][INFO] - Login Success

2021-01-22 10:52:13 - [MESSAGE][PASSED] - Current window maximized

2021-01-22 10:52:13 - [MESSAGE][PASSED] - Object 'Object Repository/Page_/h1_Welcome to IT Supporting Tools' is present

2021-01-22 10:52:13 - [MESSAGE][PASSED] - Login Success

2021-01-22 10:52:13 - [TEST_STEP][PASSED] - Select Arrow Menu "Real Time Disbursement": Select Arrow Menu "Real Time Disbursement"

2021-01-22 10:52:13 - [MESSAGE][PASSED] - Object: '' is clicked on

2021-01-22 10:52:13 - [MESSAGE][PASSED] - Select Arrow Menu "Real Time Disbursement"

2021-01-22 10:52:13 - [TEST_STEP][PASSED] - Select Menu "Dashboard for CCC/OCS": Select Menu "Dashboard for CCC/OCS"

2021-01-22 10:52:14 - [MESSAGE][PASSED] - Taking screenshot successfully
[[ATTACHMENT|/Users/chaidir.pratama01/Documents/Docs/Katalon Studio/Screenshot/test-Dashboard for CCC/OCS.png]]

2021-01-22 10:52:14 - [MESSAGE][PASSED] - Object '' is present

2021-01-22 10:52:14 - [MESSAGE][PASSED] - Object: '' is clicked on

2021-01-22 10:52:14 - [MESSAGE][PASSED] - Wait for page load successfully

2021-01-22 10:52:14 - [MESSAGE][PASSED] - Select Menu "Dashboard for CCC/OCS"

2021-01-22 10:52:14 - [TEST_STEP][PASSED] - Select STATUS "Eligible to disburse": Select STATUS "Eligible to disburse"

2021-01-22 10:52:14 - [MESSAGE][PASSED] - All options with value 'Eligible to disburse' are selected in object ''  using regular expression

2021-01-22 10:52:14 - [MESSAGE][PASSED] - Select STATUS "Eligible to disburse"

2021-01-22 10:52:14 - [TEST_STEP][PASSED] - Click button "Search": Click button "Search"

2021-01-22 10:52:14 - [MESSAGE][INFO] - >>>>>//Button[contains(text(),'Search')]

2021-01-22 10:52:17 - [MESSAGE][PASSED] - Object '' is present

2021-01-22 10:52:17 - [MESSAGE][PASSED] - Object: '' is clicked on

2021-01-22 10:52:17 - [MESSAGE][PASSED] - Switched to window with index: '0'

2021-01-22 10:52:17 - [MESSAGE][PASSED] - Click button "Search"

2021-01-22 10:52:17 - [TEST_STEP][PASSED] - Verify Search Result Presents: Verify Search Result Presents

2021-01-22 10:52:18 - [MESSAGE][PASSED] - Object '' is present

2021-01-22 10:52:25 - [MESSAGE][PASSED] - Verify Search Result Presents

2021-01-22 10:52:25 - [TEST_STEP][PASSED] - Click button "Logout": Click button "Logout"

2021-01-22 10:52:25 - [MESSAGE][INFO] - >>>>>//Button[contains(text(),'Logout')]

2021-01-22 10:52:28 - [MESSAGE][PASSED] - Object '' is present

2021-01-22 10:52:28 - [MESSAGE][PASSED] - Object: '' is clicked on

2021-01-22 10:52:28 - [MESSAGE][PASSED] - Switched to window with index: '0'

2021-01-22 10:52:28 - [MESSAGE][PASSED] - Click button "Logout"

2021-01-22 10:52:28 - [TEST_STEP][PASSED] - Close browser: Close browser

2021-01-22 10:52:28 - [MESSAGE][PASSED] - Browser is closed

2021-01-22 10:52:28 - [MESSAGE][PASSED] - Close browser

2021-01-22 10:52:28 - [TEST_CASE][PASSED] - Start Test Case : SCENARIO Search by STATUS Waiting approval from Risk: SCENARIO Search by STATUS Waiting approval from Risk

2021-01-22 10:52:28 - [TEST_STEP][PASSED] - Go to ISTools: Go to ISTools

2021-01-22 10:52:28 - [MESSAGE][INFO] - Starting 'Chrome (headless)' driver

2021-01-22 10:52:28 - [MESSAGE][INFO] - User set preference: ['args', '[--start-maximized, --disable-gpu, --no-proxy-server, –-no-sandbox, --allow-running-insecure-content, --ignore-certificate-errors, window-size=1680,814, force-device-scale-factor=2, --lang=en-GB]']

2021-01-22 10:52:28 - [MESSAGE][INFO] - User set preference: ['prefs', '{download.default_directory=/Users/chaidir.pratama01/Katalon Studio/IST_Automation_Git/Download}']

2021-01-22 10:52:28 - [MESSAGE][INFO] - Action delay is set to 0 milliseconds

2021-01-22 10:52:28 - [MESSAGE][PASSED] - Browser is opened with url: ''

2021-01-22 10:52:29 - [MESSAGE][PASSED] - Navigate to 'https://dev-istools.homecredit.id/foundation/' successfully

2021-01-22 10:52:29 - [MESSAGE][PASSED] - Go to ISTools

2021-01-22 10:52:29 - [TEST_STEP][PASSED] - Login IST with valid credentials: Login IST with valid credentials

2021-01-22 10:52:29 - [MESSAGE][PASSED] - Text 'mobile.test' is set on object 'Object Repository/Page_/input_Username_j_username'

2021-01-22 10:52:29 - [MESSAGE][PASSED] - Text ****** has been set on object 'Object Repository/Page_/input_Password_j_password'

2021-01-22 10:52:30 - [MESSAGE][PASSED] - Object: 'Object Repository/Page_/button_Login' is clicked on

2021-01-22 10:52:30 - [MESSAGE][PASSED] - Login IST with valid credentials

2021-01-22 10:52:30 - [TEST_STEP][PASSED] - Login Success: Login Success

2021-01-22 10:52:30 - [MESSAGE][INFO] - Login Success

2021-01-22 10:52:30 - [MESSAGE][PASSED] - Current window maximized

2021-01-22 10:52:30 - [MESSAGE][PASSED] - Object 'Object Repository/Page_/h1_Welcome to IT Supporting Tools' is present

2021-01-22 10:52:30 - [MESSAGE][PASSED] - Login Success

2021-01-22 10:52:30 - [TEST_STEP][PASSED] - Select Arrow Menu "Real Time Disbursement": Select Arrow Menu "Real Time Disbursement"

2021-01-22 10:52:30 - [MESSAGE][PASSED] - Object: '' is clicked on

2021-01-22 10:52:30 - [MESSAGE][PASSED] - Select Arrow Menu "Real Time Disbursement"

2021-01-22 10:52:30 - [TEST_STEP][PASSED] - Select Menu "Dashboard for CCC/OCS": Select Menu "Dashboard for CCC/OCS"

2021-01-22 10:52:30 - [MESSAGE][PASSED] - Taking screenshot successfully
[[ATTACHMENT|/Users/chaidir.pratama01/Documents/Docs/Katalon Studio/Screenshot/test-Dashboard for CCC/OCS.png]]

2021-01-22 10:52:31 - [MESSAGE][PASSED] - Object '' is present

2021-01-22 10:52:31 - [MESSAGE][PASSED] - Object: '' is clicked on

2021-01-22 10:52:31 - [MESSAGE][PASSED] - Wait for page load successfully

2021-01-22 10:52:31 - [MESSAGE][PASSED] - Select Menu "Dashboard for CCC/OCS"

2021-01-22 10:52:31 - [TEST_STEP][PASSED] - Select STATUS "Waiting approval from Risk": Select STATUS "Waiting approval from Risk"

2021-01-22 10:52:31 - [MESSAGE][PASSED] - All options with value 'Waiting approval from Risk' are selected in object ''  using regular expression

2021-01-22 10:52:31 - [MESSAGE][PASSED] - Select STATUS "Waiting approval from Risk"

2021-01-22 10:52:31 - [TEST_STEP][PASSED] - Click button "Search": Click button "Search"

2021-01-22 10:52:31 - [MESSAGE][INFO] - >>>>>//Button[contains(text(),'Search')]

2021-01-22 10:52:34 - [MESSAGE][PASSED] - Object '' is present

2021-01-22 10:52:34 - [MESSAGE][PASSED] - Object: '' is clicked on

2021-01-22 10:52:34 - [MESSAGE][PASSED] - Switched to window with index: '0'

2021-01-22 10:52:34 - [MESSAGE][PASSED] - Click button "Search"

2021-01-22 10:52:34 - [TEST_STEP][PASSED] - Verify Search Result Presents: Verify Search Result Presents

2021-01-22 10:52:34 - [MESSAGE][PASSED] - Object '' is present

2021-01-22 10:52:37 - [MESSAGE][PASSED] - Verify Search Result Presents

2021-01-22 10:52:37 - [TEST_STEP][PASSED] - Click button "Logout": Click button "Logout"

2021-01-22 10:52:37 - [MESSAGE][INFO] - >>>>>//Button[contains(text(),'Logout')]

2021-01-22 10:52:40 - [MESSAGE][PASSED] - Object '' is present

2021-01-22 10:52:40 - [MESSAGE][PASSED] - Object: '' is clicked on

2021-01-22 10:52:40 - [MESSAGE][PASSED] - Switched to window with index: '0'

2021-01-22 10:52:40 - [MESSAGE][PASSED] - Click button "Logout"

2021-01-22 10:52:40 - [TEST_STEP][PASSED] - Close browser: Close browser

2021-01-22 10:52:40 - [MESSAGE][PASSED] - Browser is closed

2021-01-22 10:52:40 - [MESSAGE][PASSED] - Close browser

2021-01-22 10:52:40 - [TEST_CASE][PASSED] - Start Test Case : SCENARIO Search by STATUS Waiting for approval from In Payment: SCENARIO Search by STATUS Waiting for approval from In Payment

2021-01-22 10:52:40 - [TEST_STEP][PASSED] - Go to ISTools: Go to ISTools

2021-01-22 10:52:40 - [MESSAGE][INFO] - Starting 'Chrome (headless)' driver

2021-01-22 10:52:40 - [MESSAGE][INFO] - User set preference: ['args', '[--start-maximized, --disable-gpu, --no-proxy-server, –-no-sandbox, --allow-running-insecure-content, --ignore-certificate-errors, window-size=1680,814, force-device-scale-factor=2, --lang=en-GB]']

2021-01-22 10:52:40 - [MESSAGE][INFO] - User set preference: ['prefs', '{download.default_directory=/Users/chaidir.pratama01/Katalon Studio/IST_Automation_Git/Download}']

2021-01-22 10:52:40 - [MESSAGE][INFO] - Action delay is set to 0 milliseconds

2021-01-22 10:52:40 - [MESSAGE][PASSED] - Browser is opened with url: ''

2021-01-22 10:52:41 - [MESSAGE][PASSED] - Navigate to 'https://dev-istools.homecredit.id/foundation/' successfully

2021-01-22 10:52:41 - [MESSAGE][PASSED] - Go to ISTools

2021-01-22 10:52:41 - [TEST_STEP][PASSED] - Login IST with valid credentials: Login IST with valid credentials

2021-01-22 10:52:41 - [MESSAGE][PASSED] - Text 'mobile.test' is set on object 'Object Repository/Page_/input_Username_j_username'

2021-01-22 10:52:41 - [MESSAGE][PASSED] - Text ****** has been set on object 'Object Repository/Page_/input_Password_j_password'

2021-01-22 10:52:42 - [MESSAGE][PASSED] - Object: 'Object Repository/Page_/button_Login' is clicked on

2021-01-22 10:52:42 - [MESSAGE][PASSED] - Login IST with valid credentials

2021-01-22 10:52:42 - [TEST_STEP][PASSED] - Login Success: Login Success

2021-01-22 10:52:42 - [MESSAGE][INFO] - Login Success

2021-01-22 10:52:42 - [MESSAGE][PASSED] - Current window maximized

2021-01-22 10:52:42 - [MESSAGE][PASSED] - Object 'Object Repository/Page_/h1_Welcome to IT Supporting Tools' is present

2021-01-22 10:52:42 - [MESSAGE][PASSED] - Login Success

2021-01-22 10:52:42 - [TEST_STEP][PASSED] - Select Arrow Menu "Real Time Disbursement": Select Arrow Menu "Real Time Disbursement"

2021-01-22 10:52:42 - [MESSAGE][PASSED] - Object: '' is clicked on

2021-01-22 10:52:42 - [MESSAGE][PASSED] - Select Arrow Menu "Real Time Disbursement"

2021-01-22 10:52:42 - [TEST_STEP][PASSED] - Select Menu "Dashboard for CCC/OCS": Select Menu "Dashboard for CCC/OCS"

2021-01-22 10:52:42 - [MESSAGE][PASSED] - Taking screenshot successfully
[[ATTACHMENT|/Users/chaidir.pratama01/Documents/Docs/Katalon Studio/Screenshot/test-Dashboard for CCC/OCS.png]]

2021-01-22 10:52:42 - [MESSAGE][PASSED] - Object '' is present

2021-01-22 10:52:43 - [MESSAGE][PASSED] - Object: '' is clicked on

2021-01-22 10:52:43 - [MESSAGE][PASSED] - Wait for page load successfully

2021-01-22 10:52:43 - [MESSAGE][PASSED] - Select Menu "Dashboard for CCC/OCS"

2021-01-22 10:52:43 - [TEST_STEP][PASSED] - Select STATUS "Waiting for approval from In Payment": Select STATUS "Waiting for approval from In Payment"

2021-01-22 10:52:43 - [MESSAGE][PASSED] - All options with value 'Waiting for approval from In Payment' are selected in object ''  using regular expression

2021-01-22 10:52:43 - [MESSAGE][PASSED] - Select STATUS "Waiting for approval from In Payment"

2021-01-22 10:52:43 - [TEST_STEP][PASSED] - Click button "Search": Click button "Search"

2021-01-22 10:52:43 - [MESSAGE][INFO] - >>>>>//Button[contains(text(),'Search')]

2021-01-22 10:52:46 - [MESSAGE][PASSED] - Object '' is present

2021-01-22 10:52:46 - [MESSAGE][PASSED] - Object: '' is clicked on

2021-01-22 10:52:46 - [MESSAGE][PASSED] - Switched to window with index: '0'

2021-01-22 10:52:46 - [MESSAGE][PASSED] - Click button "Search"

2021-01-22 10:52:46 - [TEST_STEP][PASSED] - Verify Search Result Presents: Verify Search Result Presents

2021-01-22 10:52:46 - [MESSAGE][PASSED] - Object '' is present

2021-01-22 10:52:47 - [MESSAGE][PASSED] - Verify Search Result Presents

2021-01-22 10:52:47 - [TEST_STEP][PASSED] - Click button "Logout": Click button "Logout"

2021-01-22 10:52:47 - [MESSAGE][INFO] - >>>>>//Button[contains(text(),'Logout')]

2021-01-22 10:52:50 - [MESSAGE][PASSED] - Object '' is present

2021-01-22 10:52:50 - [MESSAGE][PASSED] - Object: '' is clicked on

2021-01-22 10:52:50 - [MESSAGE][PASSED] - Switched to window with index: '0'

2021-01-22 10:52:50 - [MESSAGE][PASSED] - Click button "Logout"

2021-01-22 10:52:50 - [TEST_STEP][PASSED] - Close browser: Close browser

2021-01-22 10:52:50 - [MESSAGE][PASSED] - Browser is closed

2021-01-22 10:52:50 - [MESSAGE][PASSED] - Close browser

2021-01-22 10:52:50 - [TEST_CASE][PASSED] - Start Test Case : SCENARIO Search by STATUS Not eligible to disburse: SCENARIO Search by STATUS Not eligible to disburse

2021-01-22 10:52:50 - [TEST_STEP][PASSED] - Go to ISTools: Go to ISTools

2021-01-22 10:52:50 - [MESSAGE][INFO] - Starting 'Chrome (headless)' driver

2021-01-22 10:52:50 - [MESSAGE][INFO] - User set preference: ['args', '[--start-maximized, --disable-gpu, --no-proxy-server, –-no-sandbox, --allow-running-insecure-content, --ignore-certificate-errors, window-size=1680,814, force-device-scale-factor=2, --lang=en-GB]']

2021-01-22 10:52:50 - [MESSAGE][INFO] - User set preference: ['prefs', '{download.default_directory=/Users/chaidir.pratama01/Katalon Studio/IST_Automation_Git/Download}']

2021-01-22 10:52:50 - [MESSAGE][INFO] - Action delay is set to 0 milliseconds

2021-01-22 10:52:50 - [MESSAGE][PASSED] - Browser is opened with url: ''

2021-01-22 10:52:52 - [MESSAGE][PASSED] - Navigate to 'https://dev-istools.homecredit.id/foundation/' successfully

2021-01-22 10:52:52 - [MESSAGE][PASSED] - Go to ISTools

2021-01-22 10:52:52 - [TEST_STEP][PASSED] - Login IST with valid credentials: Login IST with valid credentials

2021-01-22 10:52:52 - [MESSAGE][PASSED] - Text 'mobile.test' is set on object 'Object Repository/Page_/input_Username_j_username'

2021-01-22 10:52:52 - [MESSAGE][PASSED] - Text ****** has been set on object 'Object Repository/Page_/input_Password_j_password'

2021-01-22 10:52:52 - [MESSAGE][PASSED] - Object: 'Object Repository/Page_/button_Login' is clicked on

2021-01-22 10:52:52 - [MESSAGE][PASSED] - Login IST with valid credentials

2021-01-22 10:52:52 - [TEST_STEP][PASSED] - Login Success: Login Success

2021-01-22 10:52:52 - [MESSAGE][INFO] - Login Success

2021-01-22 10:52:52 - [MESSAGE][PASSED] - Current window maximized

2021-01-22 10:52:52 - [MESSAGE][PASSED] - Object 'Object Repository/Page_/h1_Welcome to IT Supporting Tools' is present

2021-01-22 10:52:52 - [MESSAGE][PASSED] - Login Success

2021-01-22 10:52:52 - [TEST_STEP][PASSED] - Select Arrow Menu "Real Time Disbursement": Select Arrow Menu "Real Time Disbursement"

2021-01-22 10:52:52 - [MESSAGE][PASSED] - Object: '' is clicked on

2021-01-22 10:52:52 - [MESSAGE][PASSED] - Select Arrow Menu "Real Time Disbursement"

2021-01-22 10:52:52 - [TEST_STEP][PASSED] - Select Menu "Dashboard for CCC/OCS": Select Menu "Dashboard for CCC/OCS"

2021-01-22 10:52:53 - [MESSAGE][PASSED] - Taking screenshot successfully
[[ATTACHMENT|/Users/chaidir.pratama01/Documents/Docs/Katalon Studio/Screenshot/test-Dashboard for CCC/OCS.png]]

2021-01-22 10:52:53 - [MESSAGE][PASSED] - Object '' is present

2021-01-22 10:52:53 - [MESSAGE][PASSED] - Object: '' is clicked on

2021-01-22 10:52:53 - [MESSAGE][PASSED] - Wait for page load successfully

2021-01-22 10:52:53 - [MESSAGE][PASSED] - Select Menu "Dashboard for CCC/OCS"

2021-01-22 10:52:53 - [TEST_STEP][PASSED] - Select STATUS "Not eligible to disburse": Select STATUS "Not eligible to disburse"

2021-01-22 10:52:53 - [MESSAGE][PASSED] - All options with value 'Not eligible to disburse' are selected in object ''  using regular expression

2021-01-22 10:52:53 - [MESSAGE][PASSED] - Select STATUS "Not eligible to disburse"

2021-01-22 10:52:53 - [TEST_STEP][PASSED] - Click button "Search": Click button "Search"

2021-01-22 10:52:53 - [MESSAGE][INFO] - >>>>>//Button[contains(text(),'Search')]

2021-01-22 10:52:56 - [MESSAGE][PASSED] - Object '' is present

2021-01-22 10:52:56 - [MESSAGE][PASSED] - Object: '' is clicked on

2021-01-22 10:52:56 - [MESSAGE][PASSED] - Switched to window with index: '0'

2021-01-22 10:52:56 - [MESSAGE][PASSED] - Click button "Search"

2021-01-22 10:52:56 - [TEST_STEP][PASSED] - Verify Search Result Presents: Verify Search Result Presents

2021-01-22 10:52:57 - [MESSAGE][PASSED] - Object '' is present

2021-01-22 10:53:03 - [MESSAGE][PASSED] - Verify Search Result Presents

2021-01-22 10:53:03 - [TEST_STEP][PASSED] - Click button "Logout": Click button "Logout"

2021-01-22 10:53:03 - [MESSAGE][INFO] - >>>>>//Button[contains(text(),'Logout')]

2021-01-22 10:53:06 - [MESSAGE][PASSED] - Object '' is present

2021-01-22 10:53:07 - [MESSAGE][PASSED] - Object: '' is clicked on

2021-01-22 10:53:07 - [MESSAGE][PASSED] - Switched to window with index: '0'

2021-01-22 10:53:07 - [MESSAGE][PASSED] - Click button "Logout"

2021-01-22 10:53:07 - [TEST_STEP][PASSED] - Close browser: Close browser

2021-01-22 10:53:07 - [MESSAGE][PASSED] - Browser is closed

2021-01-22 10:53:07 - [MESSAGE][PASSED] - Close browser

2021-01-22 10:53:07 - [TEST_CASE][PASSED] - Start Test Case : SCENARIO Search by STATUS Ready to disburse: SCENARIO Search by STATUS Ready to disburse

2021-01-22 10:53:07 - [TEST_STEP][PASSED] - Go to ISTools: Go to ISTools

2021-01-22 10:53:07 - [MESSAGE][INFO] - Starting 'Chrome (headless)' driver

2021-01-22 10:53:07 - [MESSAGE][INFO] - User set preference: ['args', '[--start-maximized, --disable-gpu, --no-proxy-server, –-no-sandbox, --allow-running-insecure-content, --ignore-certificate-errors, window-size=1680,814, force-device-scale-factor=2, --lang=en-GB]']

2021-01-22 10:53:07 - [MESSAGE][INFO] - User set preference: ['prefs', '{download.default_directory=/Users/chaidir.pratama01/Katalon Studio/IST_Automation_Git/Download}']

2021-01-22 10:53:07 - [MESSAGE][INFO] - Action delay is set to 0 milliseconds

2021-01-22 10:53:07 - [MESSAGE][PASSED] - Browser is opened with url: ''

2021-01-22 10:53:08 - [MESSAGE][PASSED] - Navigate to 'https://dev-istools.homecredit.id/foundation/' successfully

2021-01-22 10:53:08 - [MESSAGE][PASSED] - Go to ISTools

2021-01-22 10:53:08 - [TEST_STEP][PASSED] - Login IST with valid credentials: Login IST with valid credentials

2021-01-22 10:53:08 - [MESSAGE][PASSED] - Text 'mobile.test' is set on object 'Object Repository/Page_/input_Username_j_username'

2021-01-22 10:53:09 - [MESSAGE][PASSED] - Text ****** has been set on object 'Object Repository/Page_/input_Password_j_password'

2021-01-22 10:53:09 - [MESSAGE][PASSED] - Object: 'Object Repository/Page_/button_Login' is clicked on

2021-01-22 10:53:09 - [MESSAGE][PASSED] - Login IST with valid credentials

2021-01-22 10:53:09 - [TEST_STEP][PASSED] - Login Success: Login Success

2021-01-22 10:53:09 - [MESSAGE][INFO] - Login Success

2021-01-22 10:53:09 - [MESSAGE][PASSED] - Current window maximized

2021-01-22 10:53:09 - [MESSAGE][PASSED] - Object 'Object Repository/Page_/h1_Welcome to IT Supporting Tools' is present

2021-01-22 10:53:09 - [MESSAGE][PASSED] - Login Success

2021-01-22 10:53:09 - [TEST_STEP][PASSED] - Select Arrow Menu "Real Time Disbursement": Select Arrow Menu "Real Time Disbursement"

2021-01-22 10:53:09 - [MESSAGE][PASSED] - Object: '' is clicked on

2021-01-22 10:53:09 - [MESSAGE][PASSED] - Select Arrow Menu "Real Time Disbursement"

2021-01-22 10:53:09 - [TEST_STEP][PASSED] - Select Menu "Dashboard for CCC/OCS": Select Menu "Dashboard for CCC/OCS"

2021-01-22 10:53:10 - [MESSAGE][PASSED] - Taking screenshot successfully
[[ATTACHMENT|/Users/chaidir.pratama01/Documents/Docs/Katalon Studio/Screenshot/test-Dashboard for CCC/OCS.png]]

2021-01-22 10:53:10 - [MESSAGE][PASSED] - Object '' is present

2021-01-22 10:53:10 - [MESSAGE][PASSED] - Object: '' is clicked on

2021-01-22 10:53:10 - [MESSAGE][PASSED] - Wait for page load successfully

2021-01-22 10:53:10 - [MESSAGE][PASSED] - Select Menu "Dashboard for CCC/OCS"

2021-01-22 10:53:10 - [TEST_STEP][PASSED] - Select STATUS "Ready to disburse": Select STATUS "Ready to disburse"

2021-01-22 10:53:10 - [MESSAGE][PASSED] - All options with value 'Ready to disburse' are selected in object ''  using regular expression

2021-01-22 10:53:10 - [MESSAGE][PASSED] - Select STATUS "Ready to disburse"

2021-01-22 10:53:10 - [TEST_STEP][PASSED] - Click button "Search": Click button "Search"

2021-01-22 10:53:10 - [MESSAGE][INFO] - >>>>>//Button[contains(text(),'Search')]

2021-01-22 10:53:13 - [MESSAGE][PASSED] - Object '' is present

2021-01-22 10:53:13 - [MESSAGE][PASSED] - Object: '' is clicked on

2021-01-22 10:53:13 - [MESSAGE][PASSED] - Switched to window with index: '0'

2021-01-22 10:53:13 - [MESSAGE][PASSED] - Click button "Search"

2021-01-22 10:53:13 - [TEST_STEP][PASSED] - Verify Search Result Presents: Verify Search Result Presents

2021-01-22 10:53:13 - [MESSAGE][PASSED] - Object '' is present

2021-01-22 10:53:16 - [MESSAGE][PASSED] - Verify Search Result Presents

2021-01-22 10:53:16 - [TEST_STEP][PASSED] - Click button "Logout": Click button "Logout"

2021-01-22 10:53:16 - [MESSAGE][INFO] - >>>>>//Button[contains(text(),'Logout')]

2021-01-22 10:53:19 - [MESSAGE][PASSED] - Object '' is present

2021-01-22 10:53:19 - [MESSAGE][PASSED] - Object: '' is clicked on

2021-01-22 10:53:19 - [MESSAGE][PASSED] - Switched to window with index: '0'

2021-01-22 10:53:19 - [MESSAGE][PASSED] - Click button "Logout"

2021-01-22 10:53:19 - [TEST_STEP][PASSED] - Close browser: Close browser

2021-01-22 10:53:19 - [MESSAGE][PASSED] - Browser is closed

2021-01-22 10:53:19 - [MESSAGE][PASSED] - Close browser

2021-01-22 10:53:19 - [TEST_CASE][PASSED] - Start Test Case : SCENARIO Search by STATUS Failed due to invalid bank account: SCENARIO Search by STATUS Failed due to invalid bank account

2021-01-22 10:53:19 - [TEST_STEP][PASSED] - Go to ISTools: Go to ISTools

2021-01-22 10:53:19 - [MESSAGE][INFO] - Starting 'Chrome (headless)' driver

2021-01-22 10:53:19 - [MESSAGE][INFO] - User set preference: ['args', '[--start-maximized, --disable-gpu, --no-proxy-server, –-no-sandbox, --allow-running-insecure-content, --ignore-certificate-errors, window-size=1680,814, force-device-scale-factor=2, --lang=en-GB]']

2021-01-22 10:53:19 - [MESSAGE][INFO] - User set preference: ['prefs', '{download.default_directory=/Users/chaidir.pratama01/Katalon Studio/IST_Automation_Git/Download}']

2021-01-22 10:53:19 - [MESSAGE][INFO] - Action delay is set to 0 milliseconds

2021-01-22 10:53:19 - [MESSAGE][PASSED] - Browser is opened with url: ''

2021-01-22 10:53:20 - [MESSAGE][PASSED] - Navigate to 'https://dev-istools.homecredit.id/foundation/' successfully

2021-01-22 10:53:20 - [MESSAGE][PASSED] - Go to ISTools

2021-01-22 10:53:20 - [TEST_STEP][PASSED] - Login IST with valid credentials: Login IST with valid credentials

2021-01-22 10:53:20 - [MESSAGE][PASSED] - Text 'mobile.test' is set on object 'Object Repository/Page_/input_Username_j_username'

2021-01-22 10:53:20 - [MESSAGE][PASSED] - Text ****** has been set on object 'Object Repository/Page_/input_Password_j_password'

2021-01-22 10:53:21 - [MESSAGE][PASSED] - Object: 'Object Repository/Page_/button_Login' is clicked on

2021-01-22 10:53:21 - [MESSAGE][PASSED] - Login IST with valid credentials

2021-01-22 10:53:21 - [TEST_STEP][PASSED] - Login Success: Login Success

2021-01-22 10:53:21 - [MESSAGE][INFO] - Login Success

2021-01-22 10:53:21 - [MESSAGE][PASSED] - Current window maximized

2021-01-22 10:53:21 - [MESSAGE][PASSED] - Object 'Object Repository/Page_/h1_Welcome to IT Supporting Tools' is present

2021-01-22 10:53:21 - [MESSAGE][PASSED] - Login Success

2021-01-22 10:53:21 - [TEST_STEP][PASSED] - Select Arrow Menu "Real Time Disbursement": Select Arrow Menu "Real Time Disbursement"

2021-01-22 10:53:21 - [MESSAGE][PASSED] - Object: '' is clicked on

2021-01-22 10:53:21 - [MESSAGE][PASSED] - Select Arrow Menu "Real Time Disbursement"

2021-01-22 10:53:21 - [TEST_STEP][PASSED] - Select Menu "Dashboard for CCC/OCS": Select Menu "Dashboard for CCC/OCS"

2021-01-22 10:53:21 - [MESSAGE][PASSED] - Taking screenshot successfully
[[ATTACHMENT|/Users/chaidir.pratama01/Documents/Docs/Katalon Studio/Screenshot/test-Dashboard for CCC/OCS.png]]

2021-01-22 10:53:22 - [MESSAGE][PASSED] - Object '' is present

2021-01-22 10:53:22 - [MESSAGE][PASSED] - Object: '' is clicked on

2021-01-22 10:53:22 - [MESSAGE][PASSED] - Wait for page load successfully

2021-01-22 10:53:22 - [MESSAGE][PASSED] - Select Menu "Dashboard for CCC/OCS"

2021-01-22 10:53:22 - [TEST_STEP][PASSED] - Select STATUS "Failed due to invalid bank account": Select STATUS "Failed due to invalid bank account"

2021-01-22 10:53:22 - [MESSAGE][PASSED] - All options with value 'Failed due to invalid bank account' are selected in object ''  using regular expression

2021-01-22 10:53:22 - [MESSAGE][PASSED] - Select STATUS "Failed due to invalid bank account"

2021-01-22 10:53:22 - [TEST_STEP][PASSED] - Click button "Search": Click button "Search"

2021-01-22 10:53:22 - [MESSAGE][INFO] - >>>>>//Button[contains(text(),'Search')]

2021-01-22 10:53:25 - [MESSAGE][PASSED] - Object '' is present

2021-01-22 10:53:25 - [MESSAGE][PASSED] - Object: '' is clicked on

2021-01-22 10:53:25 - [MESSAGE][PASSED] - Switched to window with index: '0'

2021-01-22 10:53:25 - [MESSAGE][PASSED] - Click button "Search"

2021-01-22 10:53:25 - [TEST_STEP][PASSED] - Verify Search Result Presents: Verify Search Result Presents

2021-01-22 10:53:25 - [MESSAGE][PASSED] - Object '' is present

2021-01-22 10:53:27 - [MESSAGE][PASSED] - Verify Search Result Presents

2021-01-22 10:53:27 - [TEST_STEP][PASSED] - Click button "Logout": Click button "Logout"

2021-01-22 10:53:27 - [MESSAGE][INFO] - >>>>>//Button[contains(text(),'Logout')]

2021-01-22 10:53:30 - [MESSAGE][PASSED] - Object '' is present

2021-01-22 10:53:30 - [MESSAGE][PASSED] - Object: '' is clicked on

2021-01-22 10:53:30 - [MESSAGE][PASSED] - Switched to window with index: '0'

2021-01-22 10:53:30 - [MESSAGE][PASSED] - Click button "Logout"

2021-01-22 10:53:30 - [TEST_STEP][PASSED] - Close browser: Close browser

2021-01-22 10:53:30 - [MESSAGE][PASSED] - Browser is closed

2021-01-22 10:53:30 - [MESSAGE][PASSED] - Close browser

2021-01-22 10:53:30 - [TEST_CASE][PASSED] - Start Test Case : SCENARIO Search by STATUS Failed due to system error: SCENARIO Search by STATUS Failed due to system error

2021-01-22 10:53:30 - [TEST_STEP][PASSED] - Go to ISTools: Go to ISTools

2021-01-22 10:53:30 - [MESSAGE][INFO] - Starting 'Chrome (headless)' driver

2021-01-22 10:53:30 - [MESSAGE][INFO] - User set preference: ['args', '[--start-maximized, --disable-gpu, --no-proxy-server, –-no-sandbox, --allow-running-insecure-content, --ignore-certificate-errors, window-size=1680,814, force-device-scale-factor=2, --lang=en-GB]']

2021-01-22 10:53:30 - [MESSAGE][INFO] - User set preference: ['prefs', '{download.default_directory=/Users/chaidir.pratama01/Katalon Studio/IST_Automation_Git/Download}']

2021-01-22 10:53:30 - [MESSAGE][INFO] - Action delay is set to 0 milliseconds

2021-01-22 10:53:30 - [MESSAGE][PASSED] - Browser is opened with url: ''

2021-01-22 10:53:31 - [MESSAGE][PASSED] - Navigate to 'https://dev-istools.homecredit.id/foundation/' successfully

2021-01-22 10:53:31 - [MESSAGE][PASSED] - Go to ISTools

2021-01-22 10:53:31 - [TEST_STEP][PASSED] - Login IST with valid credentials: Login IST with valid credentials

2021-01-22 10:53:31 - [MESSAGE][PASSED] - Text 'mobile.test' is set on object 'Object Repository/Page_/input_Username_j_username'

2021-01-22 10:53:32 - [MESSAGE][PASSED] - Text ****** has been set on object 'Object Repository/Page_/input_Password_j_password'

2021-01-22 10:53:32 - [MESSAGE][PASSED] - Object: 'Object Repository/Page_/button_Login' is clicked on

2021-01-22 10:53:32 - [MESSAGE][PASSED] - Login IST with valid credentials

2021-01-22 10:53:32 - [TEST_STEP][PASSED] - Login Success: Login Success

2021-01-22 10:53:32 - [MESSAGE][INFO] - Login Success

2021-01-22 10:53:32 - [MESSAGE][PASSED] - Current window maximized

2021-01-22 10:53:32 - [MESSAGE][PASSED] - Object 'Object Repository/Page_/h1_Welcome to IT Supporting Tools' is present

2021-01-22 10:53:32 - [MESSAGE][PASSED] - Login Success

2021-01-22 10:53:32 - [TEST_STEP][PASSED] - Select Arrow Menu "Real Time Disbursement": Select Arrow Menu "Real Time Disbursement"

2021-01-22 10:53:32 - [MESSAGE][PASSED] - Object: '' is clicked on

2021-01-22 10:53:32 - [MESSAGE][PASSED] - Select Arrow Menu "Real Time Disbursement"

2021-01-22 10:53:32 - [TEST_STEP][PASSED] - Select Menu "Dashboard for CCC/OCS": Select Menu "Dashboard for CCC/OCS"

2021-01-22 10:53:33 - [MESSAGE][PASSED] - Taking screenshot successfully
[[ATTACHMENT|/Users/chaidir.pratama01/Documents/Docs/Katalon Studio/Screenshot/test-Dashboard for CCC/OCS.png]]

2021-01-22 10:53:33 - [MESSAGE][PASSED] - Object '' is present

2021-01-22 10:53:33 - [MESSAGE][PASSED] - Object: '' is clicked on

2021-01-22 10:53:33 - [MESSAGE][PASSED] - Wait for page load successfully

2021-01-22 10:53:33 - [MESSAGE][PASSED] - Select Menu "Dashboard for CCC/OCS"

2021-01-22 10:53:33 - [TEST_STEP][PASSED] - Select STATUS "Failed due to system error": Select STATUS "Failed due to system error"

2021-01-22 10:53:33 - [MESSAGE][PASSED] - All options with value 'Failed due to system error' are selected in object ''  using regular expression

2021-01-22 10:53:33 - [MESSAGE][PASSED] - Select STATUS "Failed due to system error"

2021-01-22 10:53:33 - [TEST_STEP][PASSED] - Click button "Search": Click button "Search"

2021-01-22 10:53:33 - [MESSAGE][INFO] - >>>>>//Button[contains(text(),'Search')]

2021-01-22 10:53:36 - [MESSAGE][PASSED] - Object '' is present

2021-01-22 10:53:36 - [MESSAGE][PASSED] - Object: '' is clicked on

2021-01-22 10:53:36 - [MESSAGE][PASSED] - Switched to window with index: '0'

2021-01-22 10:53:36 - [MESSAGE][PASSED] - Click button "Search"

2021-01-22 10:53:36 - [TEST_STEP][PASSED] - Verify Search Result Presents: Verify Search Result Presents

2021-01-22 10:53:36 - [MESSAGE][PASSED] - Object '' is present

2021-01-22 10:53:40 - [MESSAGE][PASSED] - Verify Search Result Presents

2021-01-22 10:53:40 - [TEST_STEP][PASSED] - Click button "Logout": Click button "Logout"

2021-01-22 10:53:40 - [MESSAGE][INFO] - >>>>>//Button[contains(text(),'Logout')]

2021-01-22 10:53:43 - [MESSAGE][PASSED] - Object '' is present

2021-01-22 10:53:43 - [MESSAGE][PASSED] - Object: '' is clicked on

2021-01-22 10:53:43 - [MESSAGE][PASSED] - Switched to window with index: '0'

2021-01-22 10:53:43 - [MESSAGE][PASSED] - Click button "Logout"

2021-01-22 10:53:43 - [TEST_STEP][PASSED] - Close browser: Close browser

2021-01-22 10:53:43 - [MESSAGE][PASSED] - Browser is closed

2021-01-22 10:53:43 - [MESSAGE][PASSED] - Close browser

2021-01-22 10:53:43 - [TEST_CASE][PASSED] - Start Test Case : SCENARIO Search by STATUS Failed due to insufficient fund: SCENARIO Search by STATUS Failed due to insufficient fund

2021-01-22 10:53:43 - [TEST_STEP][PASSED] - Go to ISTools: Go to ISTools

2021-01-22 10:53:43 - [MESSAGE][INFO] - Starting 'Chrome (headless)' driver

2021-01-22 10:53:43 - [MESSAGE][INFO] - User set preference: ['args', '[--start-maximized, --disable-gpu, --no-proxy-server, –-no-sandbox, --allow-running-insecure-content, --ignore-certificate-errors, window-size=1680,814, force-device-scale-factor=2, --lang=en-GB]']

2021-01-22 10:53:43 - [MESSAGE][INFO] - User set preference: ['prefs', '{download.default_directory=/Users/chaidir.pratama01/Katalon Studio/IST_Automation_Git/Download}']

2021-01-22 10:53:43 - [MESSAGE][INFO] - Action delay is set to 0 milliseconds

2021-01-22 10:53:43 - [MESSAGE][PASSED] - Browser is opened with url: ''

2021-01-22 10:53:44 - [MESSAGE][PASSED] - Navigate to 'https://dev-istools.homecredit.id/foundation/' successfully

2021-01-22 10:53:44 - [MESSAGE][PASSED] - Go to ISTools

2021-01-22 10:53:44 - [TEST_STEP][PASSED] - Login IST with valid credentials: Login IST with valid credentials

2021-01-22 10:53:44 - [MESSAGE][PASSED] - Text 'mobile.test' is set on object 'Object Repository/Page_/input_Username_j_username'

2021-01-22 10:53:44 - [MESSAGE][PASSED] - Text ****** has been set on object 'Object Repository/Page_/input_Password_j_password'

2021-01-22 10:53:45 - [MESSAGE][PASSED] - Object: 'Object Repository/Page_/button_Login' is clicked on

2021-01-22 10:53:45 - [MESSAGE][PASSED] - Login IST with valid credentials

2021-01-22 10:53:45 - [TEST_STEP][PASSED] - Login Success: Login Success

2021-01-22 10:53:45 - [MESSAGE][INFO] - Login Success

2021-01-22 10:53:45 - [MESSAGE][PASSED] - Current window maximized

2021-01-22 10:53:45 - [MESSAGE][PASSED] - Object 'Object Repository/Page_/h1_Welcome to IT Supporting Tools' is present

2021-01-22 10:53:45 - [MESSAGE][PASSED] - Login Success

2021-01-22 10:53:45 - [TEST_STEP][PASSED] - Select Arrow Menu "Real Time Disbursement": Select Arrow Menu "Real Time Disbursement"

2021-01-22 10:53:45 - [MESSAGE][PASSED] - Object: '' is clicked on

2021-01-22 10:53:45 - [MESSAGE][PASSED] - Select Arrow Menu "Real Time Disbursement"

2021-01-22 10:53:45 - [TEST_STEP][PASSED] - Select Menu "Dashboard for CCC/OCS": Select Menu "Dashboard for CCC/OCS"

2021-01-22 10:53:45 - [MESSAGE][PASSED] - Taking screenshot successfully
[[ATTACHMENT|/Users/chaidir.pratama01/Documents/Docs/Katalon Studio/Screenshot/test-Dashboard for CCC/OCS.png]]

2021-01-22 10:53:45 - [MESSAGE][PASSED] - Object '' is present

2021-01-22 10:53:45 - [MESSAGE][PASSED] - Object: '' is clicked on

2021-01-22 10:53:45 - [MESSAGE][PASSED] - Wait for page load successfully

2021-01-22 10:53:45 - [MESSAGE][PASSED] - Select Menu "Dashboard for CCC/OCS"

2021-01-22 10:53:45 - [TEST_STEP][PASSED] - Select STATUS "Failed due to insufficient fund": Select STATUS "Failed due to insufficient fund"

2021-01-22 10:53:46 - [MESSAGE][PASSED] - All options with value 'Failed due to insufficient fund' are selected in object ''  using regular expression

2021-01-22 10:53:46 - [MESSAGE][PASSED] - Select STATUS "Failed due to insufficient fund"

2021-01-22 10:53:46 - [TEST_STEP][PASSED] - Click button "Search": Click button "Search"

2021-01-22 10:53:46 - [MESSAGE][INFO] - >>>>>//Button[contains(text(),'Search')]

2021-01-22 10:53:49 - [MESSAGE][PASSED] - Object '' is present

2021-01-22 10:53:49 - [MESSAGE][PASSED] - Object: '' is clicked on

2021-01-22 10:53:49 - [MESSAGE][PASSED] - Switched to window with index: '0'

2021-01-22 10:53:49 - [MESSAGE][PASSED] - Click button "Search"

2021-01-22 10:53:49 - [TEST_STEP][PASSED] - Verify Search Result Presents: Verify Search Result Presents

2021-01-22 10:53:53 - [MESSAGE][INFO] - Unable to find the element located by 'By.xpath: //td[@style='display:none' and contains(text(),'-Empty-')]'. Please recheck the objects properties to make sure the desired element is located. 

2021-01-22 10:53:53 - [MESSAGE][WARNING] - com.kms.katalon.core.webui.exception.WebElementNotFoundException: Web element with id: '' located by '//td[@style='display:none' and contains(text(),'-Empty-')]' not found (Root cause: com.kms.katalon.core.exception.StepFailedException: com.kms.katalon.core.webui.exception.WebElementNotFoundException: Web element with id: '' located by '//td[@style='display:none' and contains(text(),'-Empty-')]' not found
	at com.kms.katalon.core.webui.keyword.internal.WebUIKeywordMain.stepFailed(WebUIKeywordMain.groovy:64)
	at com.kms.katalon.core.webui.keyword.builtin.VerifyElementPresentKeyword$_verifyElementPresent_closure1.doCall(VerifyElementPresentKeyword.groovy:85)
	at com.kms.katalon.core.webui.keyword.builtin.VerifyElementPresentKeyword$_verifyElementPresent_closure1.call(VerifyElementPresentKeyword.groovy)
	at com.kms.katalon.core.webui.keyword.internal.WebUIKeywordMain.runKeyword(WebUIKeywordMain.groovy:20)
	at com.kms.katalon.core.webui.keyword.builtin.VerifyElementPresentKeyword.verifyElementPresent(VerifyElementPresentKeyword.groovy:92)
	at com.kms.katalon.core.webui.keyword.builtin.VerifyElementPresentKeyword.execute(VerifyElementPresentKeyword.groovy:68)
	at com.kms.katalon.core.keyword.internal.KeywordExecutor.executeKeywordForPlatform(KeywordExecutor.groovy:73)
	at com.kms.katalon.core.webui.keyword.WebUiBuiltInKeywords.verifyElementPresent(WebUiBuiltInKeywords.groovy:1444)
	at com.kms.katalon.core.webui.keyword.WebUiBuiltInKeywords$verifyElementPresent$11.call(Unknown Source)
	at ist_real.Contract_Dispatcher.VerifyTblFilled(Contract_Dispatcher.groovy:1313)
	at ist_real.Contract_Dispatcher$VerifyTblFilled$0.call(Unknown Source)
	at RTD.Search_Result_Presents(RTD.groovy:191)
	at cucumber.runtime.Utils$1.call(Utils.java:26)
	at cucumber.runtime.Timeout.timeout(Timeout.java:16)
	at cucumber.runtime.Utils.invoke(Utils.java:20)
	at cucumber.runtime.java.JavaStepDefinition.execute(JavaStepDefinition.java:48)
	at cucumber.runtime.PickleStepDefinitionMatch.runStep(PickleStepDefinitionMatch.java:50)
	at cucumber.runner.TestStep.executeStep(TestStep.java:55)
	at cucumber.runner.TestStep.run(TestStep.java:42)
	at cucumber.runner.PickleStepTestStep.run(PickleStepTestStep.java:53)
	at cucumber.runner.TestCase.run(TestCase.java:47)
	at cucumber.runner.Runner.runPickle(Runner.java:44)
	at cucumber.runtime.Runtime.runFeature(Runtime.java:120)
	at cucumber.runtime.Runtime.run(Runtime.java:106)
	at cucumber.api.cli.Main.run(Main.java:35)
	at cucumber.api.cli.Main$run.call(Unknown Source)
	at com.kms.katalon.core.cucumber.keyword.CucumberBuiltinKeywords$_runFeatureFile_closure1.doCall(CucumberBuiltinKeywords.groovy:76)
	at com.kms.katalon.core.cucumber.keyword.CucumberBuiltinKeywords$_runFeatureFile_closure1.doCall(CucumberBuiltinKeywords.groovy)
	at com.kms.katalon.core.keyword.internal.KeywordMain.runKeyword(KeywordMain.groovy:68)
	at com.kms.katalon.core.keyword.internal.KeywordMain$runKeyword.call(Unknown Source)
	at com.kms.katalon.core.cucumber.keyword.CucumberBuiltinKeywords.runFeatureFile(CucumberBuiltinKeywords.groovy:46)
	at com.kms.katalon.core.cucumber.keyword.CucumberBuiltinKeywords$runFeatureFile$0.callStatic(Unknown Source)
	at com.kms.katalon.core.cucumber.keyword.CucumberBuiltinKeywords.runFeatureFile(CucumberBuiltinKeywords.groovy:169)
	at com.kms.katalon.core.cucumber.keyword.CucumberBuiltinKeywords$runFeatureFile.call(Unknown Source)
	at TC_Search_by_Status.run(TC_Search_by_Status:18)
	at com.kms.katalon.core.main.ScriptEngine.run(ScriptEngine.java:194)
	at com.kms.katalon.core.main.ScriptEngine.runScriptAsRawText(ScriptEngine.java:119)
	at com.kms.katalon.core.main.TestCaseExecutor.runScript(TestCaseExecutor.java:339)
	at com.kms.katalon.core.main.TestCaseExecutor.doExecute(TestCaseExecutor.java:330)
	at com.kms.katalon.core.main.TestCaseExecutor.processExecutionPhase(TestCaseExecutor.java:309)
	at com.kms.katalon.core.main.TestCaseExecutor.accessMainPhase(TestCaseExecutor.java:301)
	at com.kms.katalon.core.main.TestCaseExecutor.execute(TestCaseExecutor.java:235)
	at com.kms.katalon.core.main.TestSuiteExecutor.accessTestCaseMainPhase(TestSuiteExecutor.java:191)
	at com.kms.katalon.core.main.TestSuiteExecutor.accessTestSuiteMainPhase(TestSuiteExecutor.java:141)
	at com.kms.katalon.core.main.TestSuiteExecutor.execute(TestSuiteExecutor.java:90)
	at com.kms.katalon.core.main.TestCaseMain.startTestSuite(TestCaseMain.java:157)
	at com.kms.katalon.core.main.TestCaseMain$startTestSuite$0.call(Unknown Source)
	at TempTestSuite1611286945385.run(TempTestSuite1611286945385.groovy:39)
)
[[ATTACHMENT|/Users/chaidir.pratama01/Katalon Studio/IST_Automation_Git/Reports/20210122_104222/RTD/TS_Dashboard_for_CCC_OCS/20210122_104225/1611287633440.png]]

2021-01-22 10:53:54 - [MESSAGE][PASSED] - Verify Search Result Presents

2021-01-22 10:53:54 - [TEST_STEP][PASSED] - Click button "Logout": Click button "Logout"

2021-01-22 10:53:54 - [MESSAGE][INFO] - >>>>>//Button[contains(text(),'Logout')]

2021-01-22 10:53:57 - [MESSAGE][PASSED] - Object '' is present

2021-01-22 10:53:57 - [MESSAGE][PASSED] - Object: '' is clicked on

2021-01-22 10:53:57 - [MESSAGE][PASSED] - Switched to window with index: '0'

2021-01-22 10:53:57 - [MESSAGE][PASSED] - Click button "Logout"

2021-01-22 10:53:57 - [TEST_STEP][PASSED] - Close browser: Close browser

2021-01-22 10:53:57 - [MESSAGE][PASSED] - Browser is closed

2021-01-22 10:53:57 - [MESSAGE][PASSED] - Close browser

2021-01-22 10:53:57 - [TEST_CASE][PASSED] - Start Test Case : SCENARIO Search by STATUS Failed due to not supported bank: SCENARIO Search by STATUS Failed due to not supported bank

2021-01-22 10:53:57 - [TEST_STEP][PASSED] - Go to ISTools: Go to ISTools

2021-01-22 10:53:57 - [MESSAGE][INFO] - Starting 'Chrome (headless)' driver

2021-01-22 10:53:57 - [MESSAGE][INFO] - User set preference: ['args', '[--start-maximized, --disable-gpu, --no-proxy-server, –-no-sandbox, --allow-running-insecure-content, --ignore-certificate-errors, window-size=1680,814, force-device-scale-factor=2, --lang=en-GB]']

2021-01-22 10:53:57 - [MESSAGE][INFO] - User set preference: ['prefs', '{download.default_directory=/Users/chaidir.pratama01/Katalon Studio/IST_Automation_Git/Download}']

2021-01-22 10:53:57 - [MESSAGE][INFO] - Action delay is set to 0 milliseconds

2021-01-22 10:53:57 - [MESSAGE][PASSED] - Browser is opened with url: ''

2021-01-22 10:53:58 - [MESSAGE][PASSED] - Navigate to 'https://dev-istools.homecredit.id/foundation/' successfully

2021-01-22 10:53:58 - [MESSAGE][PASSED] - Go to ISTools

2021-01-22 10:53:58 - [TEST_STEP][PASSED] - Login IST with valid credentials: Login IST with valid credentials

2021-01-22 10:53:58 - [MESSAGE][PASSED] - Text 'mobile.test' is set on object 'Object Repository/Page_/input_Username_j_username'

2021-01-22 10:53:58 - [MESSAGE][PASSED] - Text ****** has been set on object 'Object Repository/Page_/input_Password_j_password'

2021-01-22 10:53:59 - [MESSAGE][PASSED] - Object: 'Object Repository/Page_/button_Login' is clicked on

2021-01-22 10:53:59 - [MESSAGE][PASSED] - Login IST with valid credentials

2021-01-22 10:53:59 - [TEST_STEP][PASSED] - Login Success: Login Success

2021-01-22 10:53:59 - [MESSAGE][INFO] - Login Success

2021-01-22 10:53:59 - [MESSAGE][PASSED] - Current window maximized

2021-01-22 10:53:59 - [MESSAGE][PASSED] - Object 'Object Repository/Page_/h1_Welcome to IT Supporting Tools' is present

2021-01-22 10:53:59 - [MESSAGE][PASSED] - Login Success

2021-01-22 10:53:59 - [TEST_STEP][PASSED] - Select Arrow Menu "Real Time Disbursement": Select Arrow Menu "Real Time Disbursement"

2021-01-22 10:53:59 - [MESSAGE][PASSED] - Object: '' is clicked on

2021-01-22 10:53:59 - [MESSAGE][PASSED] - Select Arrow Menu "Real Time Disbursement"

2021-01-22 10:53:59 - [TEST_STEP][PASSED] - Select Menu "Dashboard for CCC/OCS": Select Menu "Dashboard for CCC/OCS"

2021-01-22 10:53:59 - [MESSAGE][PASSED] - Taking screenshot successfully
[[ATTACHMENT|/Users/chaidir.pratama01/Documents/Docs/Katalon Studio/Screenshot/test-Dashboard for CCC/OCS.png]]

2021-01-22 10:54:00 - [MESSAGE][PASSED] - Object '' is present

2021-01-22 10:54:00 - [MESSAGE][PASSED] - Object: '' is clicked on

2021-01-22 10:54:00 - [MESSAGE][PASSED] - Wait for page load successfully

2021-01-22 10:54:00 - [MESSAGE][PASSED] - Select Menu "Dashboard for CCC/OCS"

2021-01-22 10:54:00 - [TEST_STEP][PASSED] - Select STATUS "Failed due to not supported bank": Select STATUS "Failed due to not supported bank"

2021-01-22 10:54:00 - [MESSAGE][PASSED] - All options with value 'Failed due to not supported bank' are selected in object ''  using regular expression

2021-01-22 10:54:00 - [MESSAGE][PASSED] - Select STATUS "Failed due to not supported bank"

2021-01-22 10:54:00 - [TEST_STEP][PASSED] - Click button "Search": Click button "Search"

2021-01-22 10:54:00 - [MESSAGE][INFO] - >>>>>//Button[contains(text(),'Search')]

2021-01-22 10:54:03 - [MESSAGE][PASSED] - Object '' is present

2021-01-22 10:54:03 - [MESSAGE][PASSED] - Object: '' is clicked on

2021-01-22 10:54:03 - [MESSAGE][PASSED] - Switched to window with index: '0'

2021-01-22 10:54:03 - [MESSAGE][PASSED] - Click button "Search"

2021-01-22 10:54:03 - [TEST_STEP][PASSED] - Verify Search Result Presents: Verify Search Result Presents

2021-01-22 10:54:07 - [MESSAGE][INFO] - Unable to find the element located by 'By.xpath: //td[@style='display:none' and contains(text(),'-Empty-')]'. Please recheck the objects properties to make sure the desired element is located. 

2021-01-22 10:54:08 - [MESSAGE][WARNING] - com.kms.katalon.core.webui.exception.WebElementNotFoundException: Web element with id: '' located by '//td[@style='display:none' and contains(text(),'-Empty-')]' not found (Root cause: com.kms.katalon.core.exception.StepFailedException: com.kms.katalon.core.webui.exception.WebElementNotFoundException: Web element with id: '' located by '//td[@style='display:none' and contains(text(),'-Empty-')]' not found
	at com.kms.katalon.core.webui.keyword.internal.WebUIKeywordMain.stepFailed(WebUIKeywordMain.groovy:64)
	at com.kms.katalon.core.webui.keyword.builtin.VerifyElementPresentKeyword$_verifyElementPresent_closure1.doCall(VerifyElementPresentKeyword.groovy:85)
	at com.kms.katalon.core.webui.keyword.builtin.VerifyElementPresentKeyword$_verifyElementPresent_closure1.call(VerifyElementPresentKeyword.groovy)
	at com.kms.katalon.core.webui.keyword.internal.WebUIKeywordMain.runKeyword(WebUIKeywordMain.groovy:20)
	at com.kms.katalon.core.webui.keyword.builtin.VerifyElementPresentKeyword.verifyElementPresent(VerifyElementPresentKeyword.groovy:92)
	at com.kms.katalon.core.webui.keyword.builtin.VerifyElementPresentKeyword.execute(VerifyElementPresentKeyword.groovy:68)
	at com.kms.katalon.core.keyword.internal.KeywordExecutor.executeKeywordForPlatform(KeywordExecutor.groovy:73)
	at com.kms.katalon.core.webui.keyword.WebUiBuiltInKeywords.verifyElementPresent(WebUiBuiltInKeywords.groovy:1444)
	at com.kms.katalon.core.webui.keyword.WebUiBuiltInKeywords$verifyElementPresent$11.call(Unknown Source)
	at ist_real.Contract_Dispatcher.VerifyTblFilled(Contract_Dispatcher.groovy:1313)
	at ist_real.Contract_Dispatcher$VerifyTblFilled$0.call(Unknown Source)
	at RTD.Search_Result_Presents(RTD.groovy:191)
	at cucumber.runtime.Utils$1.call(Utils.java:26)
	at cucumber.runtime.Timeout.timeout(Timeout.java:16)
	at cucumber.runtime.Utils.invoke(Utils.java:20)
	at cucumber.runtime.java.JavaStepDefinition.execute(JavaStepDefinition.java:48)
	at cucumber.runtime.PickleStepDefinitionMatch.runStep(PickleStepDefinitionMatch.java:50)
	at cucumber.runner.TestStep.executeStep(TestStep.java:55)
	at cucumber.runner.TestStep.run(TestStep.java:42)
	at cucumber.runner.PickleStepTestStep.run(PickleStepTestStep.java:53)
	at cucumber.runner.TestCase.run(TestCase.java:47)
	at cucumber.runner.Runner.runPickle(Runner.java:44)
	at cucumber.runtime.Runtime.runFeature(Runtime.java:120)
	at cucumber.runtime.Runtime.run(Runtime.java:106)
	at cucumber.api.cli.Main.run(Main.java:35)
	at cucumber.api.cli.Main$run.call(Unknown Source)
	at com.kms.katalon.core.cucumber.keyword.CucumberBuiltinKeywords$_runFeatureFile_closure1.doCall(CucumberBuiltinKeywords.groovy:76)
	at com.kms.katalon.core.cucumber.keyword.CucumberBuiltinKeywords$_runFeatureFile_closure1.doCall(CucumberBuiltinKeywords.groovy)
	at com.kms.katalon.core.keyword.internal.KeywordMain.runKeyword(KeywordMain.groovy:68)
	at com.kms.katalon.core.keyword.internal.KeywordMain$runKeyword.call(Unknown Source)
	at com.kms.katalon.core.cucumber.keyword.CucumberBuiltinKeywords.runFeatureFile(CucumberBuiltinKeywords.groovy:46)
	at com.kms.katalon.core.cucumber.keyword.CucumberBuiltinKeywords$runFeatureFile$0.callStatic(Unknown Source)
	at com.kms.katalon.core.cucumber.keyword.CucumberBuiltinKeywords.runFeatureFile(CucumberBuiltinKeywords.groovy:169)
	at com.kms.katalon.core.cucumber.keyword.CucumberBuiltinKeywords$runFeatureFile.call(Unknown Source)
	at TC_Search_by_Status.run(TC_Search_by_Status:18)
	at com.kms.katalon.core.main.ScriptEngine.run(ScriptEngine.java:194)
	at com.kms.katalon.core.main.ScriptEngine.runScriptAsRawText(ScriptEngine.java:119)
	at com.kms.katalon.core.main.TestCaseExecutor.runScript(TestCaseExecutor.java:339)
	at com.kms.katalon.core.main.TestCaseExecutor.doExecute(TestCaseExecutor.java:330)
	at com.kms.katalon.core.main.TestCaseExecutor.processExecutionPhase(TestCaseExecutor.java:309)
	at com.kms.katalon.core.main.TestCaseExecutor.accessMainPhase(TestCaseExecutor.java:301)
	at com.kms.katalon.core.main.TestCaseExecutor.execute(TestCaseExecutor.java:235)
	at com.kms.katalon.core.main.TestSuiteExecutor.accessTestCaseMainPhase(TestSuiteExecutor.java:191)
	at com.kms.katalon.core.main.TestSuiteExecutor.accessTestSuiteMainPhase(TestSuiteExecutor.java:141)
	at com.kms.katalon.core.main.TestSuiteExecutor.execute(TestSuiteExecutor.java:90)
	at com.kms.katalon.core.main.TestCaseMain.startTestSuite(TestCaseMain.java:157)
	at com.kms.katalon.core.main.TestCaseMain$startTestSuite$0.call(Unknown Source)
	at TempTestSuite1611286945385.run(TempTestSuite1611286945385.groovy:39)
)
[[ATTACHMENT|/Users/chaidir.pratama01/Katalon Studio/IST_Automation_Git/Reports/20210122_104222/RTD/TS_Dashboard_for_CCC_OCS/20210122_104225/1611287647586.png]]

2021-01-22 10:54:08 - [MESSAGE][PASSED] - Verify Search Result Presents

2021-01-22 10:54:08 - [TEST_STEP][PASSED] - Click button "Logout": Click button "Logout"

2021-01-22 10:54:08 - [MESSAGE][INFO] - >>>>>//Button[contains(text(),'Logout')]

2021-01-22 10:54:11 - [MESSAGE][PASSED] - Object '' is present

2021-01-22 10:54:11 - [MESSAGE][PASSED] - Object: '' is clicked on

2021-01-22 10:54:11 - [MESSAGE][PASSED] - Switched to window with index: '0'

2021-01-22 10:54:11 - [MESSAGE][PASSED] - Click button "Logout"

2021-01-22 10:54:11 - [TEST_STEP][PASSED] - Close browser: Close browser

2021-01-22 10:54:11 - [MESSAGE][PASSED] - Browser is closed

2021-01-22 10:54:11 - [MESSAGE][PASSED] - Close browser

2021-01-22 10:54:11 - [TEST_CASE][PASSED] - Start Test Case : SCENARIO Search by STATUS Manual Disbursement: SCENARIO Search by STATUS Manual Disbursement

2021-01-22 10:54:11 - [TEST_STEP][PASSED] - Go to ISTools: Go to ISTools

2021-01-22 10:54:11 - [MESSAGE][INFO] - Starting 'Chrome (headless)' driver

2021-01-22 10:54:11 - [MESSAGE][INFO] - User set preference: ['args', '[--start-maximized, --disable-gpu, --no-proxy-server, –-no-sandbox, --allow-running-insecure-content, --ignore-certificate-errors, window-size=1680,814, force-device-scale-factor=2, --lang=en-GB]']

2021-01-22 10:54:11 - [MESSAGE][INFO] - User set preference: ['prefs', '{download.default_directory=/Users/chaidir.pratama01/Katalon Studio/IST_Automation_Git/Download}']

2021-01-22 10:54:11 - [MESSAGE][INFO] - Action delay is set to 0 milliseconds

2021-01-22 10:54:11 - [MESSAGE][PASSED] - Browser is opened with url: ''

2021-01-22 10:54:12 - [MESSAGE][PASSED] - Navigate to 'https://dev-istools.homecredit.id/foundation/' successfully

2021-01-22 10:54:12 - [MESSAGE][PASSED] - Go to ISTools

2021-01-22 10:54:12 - [TEST_STEP][PASSED] - Login IST with valid credentials: Login IST with valid credentials

2021-01-22 10:54:12 - [MESSAGE][PASSED] - Text 'mobile.test' is set on object 'Object Repository/Page_/input_Username_j_username'

2021-01-22 10:54:13 - [MESSAGE][PASSED] - Text ****** has been set on object 'Object Repository/Page_/input_Password_j_password'

2021-01-22 10:54:13 - [MESSAGE][PASSED] - Object: 'Object Repository/Page_/button_Login' is clicked on

2021-01-22 10:54:13 - [MESSAGE][PASSED] - Login IST with valid credentials

2021-01-22 10:54:13 - [TEST_STEP][PASSED] - Login Success: Login Success

2021-01-22 10:54:13 - [MESSAGE][INFO] - Login Success

2021-01-22 10:54:13 - [MESSAGE][PASSED] - Current window maximized

2021-01-22 10:54:13 - [MESSAGE][PASSED] - Object 'Object Repository/Page_/h1_Welcome to IT Supporting Tools' is present

2021-01-22 10:54:13 - [MESSAGE][PASSED] - Login Success

2021-01-22 10:54:13 - [TEST_STEP][PASSED] - Select Arrow Menu "Real Time Disbursement": Select Arrow Menu "Real Time Disbursement"

2021-01-22 10:54:13 - [MESSAGE][PASSED] - Object: '' is clicked on

2021-01-22 10:54:13 - [MESSAGE][PASSED] - Select Arrow Menu "Real Time Disbursement"

2021-01-22 10:54:13 - [TEST_STEP][PASSED] - Select Menu "Dashboard for CCC/OCS": Select Menu "Dashboard for CCC/OCS"

2021-01-22 10:54:14 - [MESSAGE][PASSED] - Taking screenshot successfully
[[ATTACHMENT|/Users/chaidir.pratama01/Documents/Docs/Katalon Studio/Screenshot/test-Dashboard for CCC/OCS.png]]

2021-01-22 10:54:14 - [MESSAGE][PASSED] - Object '' is present

2021-01-22 10:54:14 - [MESSAGE][PASSED] - Object: '' is clicked on

2021-01-22 10:54:14 - [MESSAGE][PASSED] - Wait for page load successfully

2021-01-22 10:54:14 - [MESSAGE][PASSED] - Select Menu "Dashboard for CCC/OCS"

2021-01-22 10:54:14 - [TEST_STEP][PASSED] - Select STATUS "Manual Disbursement": Select STATUS "Manual Disbursement"

2021-01-22 10:54:14 - [MESSAGE][PASSED] - All options with value 'Manual Disbursement' are selected in object ''  using regular expression

2021-01-22 10:54:14 - [MESSAGE][PASSED] - Select STATUS "Manual Disbursement"

2021-01-22 10:54:14 - [TEST_STEP][PASSED] - Click button "Search": Click button "Search"

2021-01-22 10:54:14 - [MESSAGE][INFO] - >>>>>//Button[contains(text(),'Search')]

2021-01-22 10:54:17 - [MESSAGE][PASSED] - Object '' is present

2021-01-22 10:54:17 - [MESSAGE][PASSED] - Object: '' is clicked on

2021-01-22 10:54:17 - [MESSAGE][PASSED] - Switched to window with index: '0'

2021-01-22 10:54:17 - [MESSAGE][PASSED] - Click button "Search"

2021-01-22 10:54:17 - [TEST_STEP][PASSED] - Verify Search Result Presents: Verify Search Result Presents

2021-01-22 10:54:18 - [MESSAGE][PASSED] - Object '' is present

2021-01-22 10:54:24 - [MESSAGE][PASSED] - Verify Search Result Presents

2021-01-22 10:54:24 - [TEST_STEP][PASSED] - Click button "Logout": Click button "Logout"

2021-01-22 10:54:24 - [MESSAGE][INFO] - >>>>>//Button[contains(text(),'Logout')]

2021-01-22 10:54:27 - [MESSAGE][PASSED] - Object '' is present

2021-01-22 10:54:27 - [MESSAGE][PASSED] - Object: '' is clicked on

2021-01-22 10:54:27 - [MESSAGE][PASSED] - Switched to window with index: '0'

2021-01-22 10:54:27 - [MESSAGE][PASSED] - Click button "Logout"

2021-01-22 10:54:27 - [TEST_STEP][PASSED] - Close browser: Close browser

2021-01-22 10:54:27 - [MESSAGE][PASSED] - Browser is closed

2021-01-22 10:54:27 - [MESSAGE][PASSED] - Close browser

2021-01-22 10:54:27 - [TEST_CASE][PASSED] - Start Test Case : SCENARIO Search by STATUS DONE: SCENARIO Search by STATUS DONE

2021-01-22 10:54:27 - [TEST_STEP][PASSED] - Go to ISTools: Go to ISTools

2021-01-22 10:54:27 - [MESSAGE][INFO] - Starting 'Chrome (headless)' driver

2021-01-22 10:54:27 - [MESSAGE][INFO] - User set preference: ['args', '[--start-maximized, --disable-gpu, --no-proxy-server, –-no-sandbox, --allow-running-insecure-content, --ignore-certificate-errors, window-size=1680,814, force-device-scale-factor=2, --lang=en-GB]']

2021-01-22 10:54:27 - [MESSAGE][INFO] - User set preference: ['prefs', '{download.default_directory=/Users/chaidir.pratama01/Katalon Studio/IST_Automation_Git/Download}']

2021-01-22 10:54:27 - [MESSAGE][INFO] - Action delay is set to 0 milliseconds

2021-01-22 10:54:28 - [MESSAGE][PASSED] - Browser is opened with url: ''

2021-01-22 10:54:29 - [MESSAGE][PASSED] - Navigate to 'https://dev-istools.homecredit.id/foundation/' successfully

2021-01-22 10:54:29 - [MESSAGE][PASSED] - Go to ISTools

2021-01-22 10:54:29 - [TEST_STEP][PASSED] - Login IST with valid credentials: Login IST with valid credentials

2021-01-22 10:54:29 - [MESSAGE][PASSED] - Text 'mobile.test' is set on object 'Object Repository/Page_/input_Username_j_username'

2021-01-22 10:54:29 - [MESSAGE][PASSED] - Text ****** has been set on object 'Object Repository/Page_/input_Password_j_password'

2021-01-22 10:54:30 - [MESSAGE][PASSED] - Object: 'Object Repository/Page_/button_Login' is clicked on

2021-01-22 10:54:30 - [MESSAGE][PASSED] - Login IST with valid credentials

2021-01-22 10:54:30 - [TEST_STEP][PASSED] - Login Success: Login Success

2021-01-22 10:54:30 - [MESSAGE][INFO] - Login Success

2021-01-22 10:54:30 - [MESSAGE][PASSED] - Current window maximized

2021-01-22 10:54:30 - [MESSAGE][PASSED] - Object 'Object Repository/Page_/h1_Welcome to IT Supporting Tools' is present

2021-01-22 10:54:30 - [MESSAGE][PASSED] - Login Success

2021-01-22 10:54:30 - [TEST_STEP][PASSED] - Select Arrow Menu "Real Time Disbursement": Select Arrow Menu "Real Time Disbursement"

2021-01-22 10:54:30 - [MESSAGE][PASSED] - Object: '' is clicked on

2021-01-22 10:54:30 - [MESSAGE][PASSED] - Select Arrow Menu "Real Time Disbursement"

2021-01-22 10:54:30 - [TEST_STEP][PASSED] - Select Menu "Dashboard for CCC/OCS": Select Menu "Dashboard for CCC/OCS"

2021-01-22 10:54:30 - [MESSAGE][PASSED] - Taking screenshot successfully
[[ATTACHMENT|/Users/chaidir.pratama01/Documents/Docs/Katalon Studio/Screenshot/test-Dashboard for CCC/OCS.png]]

2021-01-22 10:54:30 - [MESSAGE][PASSED] - Object '' is present

2021-01-22 10:54:30 - [MESSAGE][PASSED] - Object: '' is clicked on

2021-01-22 10:54:30 - [MESSAGE][PASSED] - Wait for page load successfully

2021-01-22 10:54:30 - [MESSAGE][PASSED] - Select Menu "Dashboard for CCC/OCS"

2021-01-22 10:54:30 - [TEST_STEP][PASSED] - Select STATUS "DONE": Select STATUS "DONE"

2021-01-22 10:54:31 - [MESSAGE][PASSED] - All options with value 'DONE' are selected in object ''  using regular expression

2021-01-22 10:54:31 - [MESSAGE][PASSED] - Select STATUS "DONE"

2021-01-22 10:54:31 - [TEST_STEP][PASSED] - Click button "Search": Click button "Search"

2021-01-22 10:54:31 - [MESSAGE][INFO] - >>>>>//Button[contains(text(),'Search')]

2021-01-22 10:54:34 - [MESSAGE][PASSED] - Object '' is present

2021-01-22 10:54:34 - [MESSAGE][PASSED] - Object: '' is clicked on

2021-01-22 10:54:34 - [MESSAGE][PASSED] - Switched to window with index: '0'

2021-01-22 10:54:34 - [MESSAGE][PASSED] - Click button "Search"

2021-01-22 10:54:34 - [TEST_STEP][PASSED] - Verify Search Result Presents: Verify Search Result Presents

2021-01-22 10:54:34 - [MESSAGE][PASSED] - Object '' is present

2021-01-22 10:54:41 - [MESSAGE][PASSED] - Verify Search Result Presents

2021-01-22 10:54:41 - [TEST_STEP][PASSED] - Click button "Logout": Click button "Logout"

2021-01-22 10:54:41 - [MESSAGE][INFO] - >>>>>//Button[contains(text(),'Logout')]

2021-01-22 10:54:44 - [MESSAGE][PASSED] - Object '' is present

2021-01-22 10:54:44 - [MESSAGE][PASSED] - Object: '' is clicked on

2021-01-22 10:54:44 - [MESSAGE][PASSED] - Switched to window with index: '0'

2021-01-22 10:54:44 - [MESSAGE][PASSED] - Click button "Logout"

2021-01-22 10:54:44 - [TEST_STEP][PASSED] - Close browser: Close browser

2021-01-22 10:54:44 - [MESSAGE][PASSED] - Browser is closed

2021-01-22 10:54:44 - [MESSAGE][PASSED] - Close browser

2021-01-22 10:54:44 - [TEST_CASE][PASSED] - Start Test Case : SCENARIO Search by STATUS Waiting Partner Confirmation: SCENARIO Search by STATUS Waiting Partner Confirmation

2021-01-22 10:54:44 - [TEST_STEP][PASSED] - Go to ISTools: Go to ISTools

2021-01-22 10:54:44 - [MESSAGE][INFO] - Starting 'Chrome (headless)' driver

2021-01-22 10:54:44 - [MESSAGE][INFO] - User set preference: ['args', '[--start-maximized, --disable-gpu, --no-proxy-server, –-no-sandbox, --allow-running-insecure-content, --ignore-certificate-errors, window-size=1680,814, force-device-scale-factor=2, --lang=en-GB]']

2021-01-22 10:54:44 - [MESSAGE][INFO] - User set preference: ['prefs', '{download.default_directory=/Users/chaidir.pratama01/Katalon Studio/IST_Automation_Git/Download}']

2021-01-22 10:54:44 - [MESSAGE][INFO] - Action delay is set to 0 milliseconds

2021-01-22 10:54:44 - [MESSAGE][PASSED] - Browser is opened with url: ''

2021-01-22 10:54:45 - [MESSAGE][PASSED] - Navigate to 'https://dev-istools.homecredit.id/foundation/' successfully

2021-01-22 10:54:45 - [MESSAGE][PASSED] - Go to ISTools

2021-01-22 10:54:45 - [TEST_STEP][PASSED] - Login IST with valid credentials: Login IST with valid credentials

2021-01-22 10:54:45 - [MESSAGE][PASSED] - Text 'mobile.test' is set on object 'Object Repository/Page_/input_Username_j_username'

2021-01-22 10:54:45 - [MESSAGE][PASSED] - Text ****** has been set on object 'Object Repository/Page_/input_Password_j_password'

2021-01-22 10:54:46 - [MESSAGE][PASSED] - Object: 'Object Repository/Page_/button_Login' is clicked on

2021-01-22 10:54:46 - [MESSAGE][PASSED] - Login IST with valid credentials

2021-01-22 10:54:46 - [TEST_STEP][PASSED] - Login Success: Login Success

2021-01-22 10:54:46 - [MESSAGE][INFO] - Login Success

2021-01-22 10:54:46 - [MESSAGE][PASSED] - Current window maximized

2021-01-22 10:54:46 - [MESSAGE][PASSED] - Object 'Object Repository/Page_/h1_Welcome to IT Supporting Tools' is present

2021-01-22 10:54:46 - [MESSAGE][PASSED] - Login Success

2021-01-22 10:54:46 - [TEST_STEP][PASSED] - Select Arrow Menu "Real Time Disbursement": Select Arrow Menu "Real Time Disbursement"

2021-01-22 10:54:46 - [MESSAGE][PASSED] - Object: '' is clicked on

2021-01-22 10:54:46 - [MESSAGE][PASSED] - Select Arrow Menu "Real Time Disbursement"

2021-01-22 10:54:46 - [TEST_STEP][PASSED] - Select Menu "Dashboard for CCC/OCS": Select Menu "Dashboard for CCC/OCS"

2021-01-22 10:54:46 - [MESSAGE][PASSED] - Taking screenshot successfully
[[ATTACHMENT|/Users/chaidir.pratama01/Documents/Docs/Katalon Studio/Screenshot/test-Dashboard for CCC/OCS.png]]

2021-01-22 10:54:46 - [MESSAGE][PASSED] - Object '' is present

2021-01-22 10:54:46 - [MESSAGE][PASSED] - Object: '' is clicked on

2021-01-22 10:54:46 - [MESSAGE][PASSED] - Wait for page load successfully

2021-01-22 10:54:46 - [MESSAGE][PASSED] - Select Menu "Dashboard for CCC/OCS"

2021-01-22 10:54:46 - [TEST_STEP][PASSED] - Select STATUS "Waiting Partner Confirmation": Select STATUS "Waiting Partner Confirmation"

2021-01-22 10:54:47 - [MESSAGE][PASSED] - All options with value 'Waiting Partner Confirmation' are selected in object ''  using regular expression

2021-01-22 10:54:47 - [MESSAGE][PASSED] - Select STATUS "Waiting Partner Confirmation"

2021-01-22 10:54:47 - [TEST_STEP][PASSED] - Click button "Search": Click button "Search"

2021-01-22 10:54:47 - [MESSAGE][INFO] - >>>>>//Button[contains(text(),'Search')]

2021-01-22 10:54:50 - [MESSAGE][PASSED] - Object '' is present

2021-01-22 10:54:50 - [MESSAGE][PASSED] - Object: '' is clicked on

2021-01-22 10:54:50 - [MESSAGE][PASSED] - Switched to window with index: '0'

2021-01-22 10:54:50 - [MESSAGE][PASSED] - Click button "Search"

2021-01-22 10:54:50 - [TEST_STEP][PASSED] - Verify Search Result Presents: Verify Search Result Presents

2021-01-22 10:54:50 - [MESSAGE][PASSED] - Object '' is present

2021-01-22 10:54:54 - [MESSAGE][PASSED] - Verify Search Result Presents

2021-01-22 10:54:54 - [TEST_STEP][PASSED] - Click button "Logout": Click button "Logout"

2021-01-22 10:54:54 - [MESSAGE][INFO] - >>>>>//Button[contains(text(),'Logout')]

2021-01-22 10:54:57 - [MESSAGE][PASSED] - Object '' is present

2021-01-22 10:54:58 - [MESSAGE][PASSED] - Object: '' is clicked on

2021-01-22 10:54:58 - [MESSAGE][PASSED] - Switched to window with index: '0'

2021-01-22 10:54:58 - [MESSAGE][PASSED] - Click button "Logout"

2021-01-22 10:54:58 - [TEST_STEP][PASSED] - Close browser: Close browser

2021-01-22 10:54:58 - [MESSAGE][PASSED] - Browser is closed

2021-01-22 10:54:58 - [MESSAGE][PASSED] - Close browser

2021-01-22 10:54:58 - [TEST_CASE][PASSED] - Start Test Case : SCENARIO Search by STATUS Success to Disburse: SCENARIO Search by STATUS Success to Disburse

2021-01-22 10:54:58 - [TEST_STEP][PASSED] - Go to ISTools: Go to ISTools

2021-01-22 10:54:58 - [MESSAGE][INFO] - Starting 'Chrome (headless)' driver

2021-01-22 10:54:58 - [MESSAGE][INFO] - User set preference: ['args', '[--start-maximized, --disable-gpu, --no-proxy-server, –-no-sandbox, --allow-running-insecure-content, --ignore-certificate-errors, window-size=1680,814, force-device-scale-factor=2, --lang=en-GB]']

2021-01-22 10:54:58 - [MESSAGE][INFO] - User set preference: ['prefs', '{download.default_directory=/Users/chaidir.pratama01/Katalon Studio/IST_Automation_Git/Download}']

2021-01-22 10:54:58 - [MESSAGE][INFO] - Action delay is set to 0 milliseconds

2021-01-22 10:54:58 - [MESSAGE][PASSED] - Browser is opened with url: ''

2021-01-22 10:54:59 - [MESSAGE][PASSED] - Navigate to 'https://dev-istools.homecredit.id/foundation/' successfully

2021-01-22 10:54:59 - [MESSAGE][PASSED] - Go to ISTools

2021-01-22 10:54:59 - [TEST_STEP][PASSED] - Login IST with valid credentials: Login IST with valid credentials

2021-01-22 10:54:59 - [MESSAGE][PASSED] - Text 'mobile.test' is set on object 'Object Repository/Page_/input_Username_j_username'

2021-01-22 10:54:59 - [MESSAGE][PASSED] - Text ****** has been set on object 'Object Repository/Page_/input_Password_j_password'

2021-01-22 10:54:59 - [MESSAGE][PASSED] - Object: 'Object Repository/Page_/button_Login' is clicked on

2021-01-22 10:54:59 - [MESSAGE][PASSED] - Login IST with valid credentials

2021-01-22 10:54:59 - [TEST_STEP][PASSED] - Login Success: Login Success

2021-01-22 10:54:59 - [MESSAGE][INFO] - Login Success

2021-01-22 10:54:59 - [MESSAGE][PASSED] - Current window maximized

2021-01-22 10:54:59 - [MESSAGE][PASSED] - Object 'Object Repository/Page_/h1_Welcome to IT Supporting Tools' is present

2021-01-22 10:54:59 - [MESSAGE][PASSED] - Login Success

2021-01-22 10:54:59 - [TEST_STEP][PASSED] - Select Arrow Menu "Real Time Disbursement": Select Arrow Menu "Real Time Disbursement"

2021-01-22 10:54:59 - [MESSAGE][PASSED] - Object: '' is clicked on

2021-01-22 10:54:59 - [MESSAGE][PASSED] - Select Arrow Menu "Real Time Disbursement"

2021-01-22 10:54:59 - [TEST_STEP][PASSED] - Select Menu "Dashboard for CCC/OCS": Select Menu "Dashboard for CCC/OCS"

2021-01-22 10:55:00 - [MESSAGE][PASSED] - Taking screenshot successfully
[[ATTACHMENT|/Users/chaidir.pratama01/Documents/Docs/Katalon Studio/Screenshot/test-Dashboard for CCC/OCS.png]]

2021-01-22 10:55:00 - [MESSAGE][PASSED] - Object '' is present

2021-01-22 10:55:00 - [MESSAGE][PASSED] - Object: '' is clicked on

2021-01-22 10:55:00 - [MESSAGE][PASSED] - Wait for page load successfully

2021-01-22 10:55:00 - [MESSAGE][PASSED] - Select Menu "Dashboard for CCC/OCS"

2021-01-22 10:55:00 - [TEST_STEP][PASSED] - Select STATUS "Success to Disburse": Select STATUS "Success to Disburse"

2021-01-22 10:55:01 - [MESSAGE][PASSED] - All options with value 'Success to Disburse' are selected in object ''  using regular expression

2021-01-22 10:55:01 - [MESSAGE][PASSED] - Select STATUS "Success to Disburse"

2021-01-22 10:55:01 - [TEST_STEP][PASSED] - Click button "Search": Click button "Search"

2021-01-22 10:55:01 - [MESSAGE][INFO] - >>>>>//Button[contains(text(),'Search')]

2021-01-22 10:55:04 - [MESSAGE][PASSED] - Object '' is present

2021-01-22 10:55:04 - [MESSAGE][PASSED] - Object: '' is clicked on

2021-01-22 10:55:04 - [MESSAGE][PASSED] - Switched to window with index: '0'

2021-01-22 10:55:04 - [MESSAGE][PASSED] - Click button "Search"

2021-01-22 10:55:04 - [TEST_STEP][PASSED] - Verify Search Result Presents: Verify Search Result Presents

2021-01-22 10:55:04 - [MESSAGE][PASSED] - Object '' is present

2021-01-22 10:55:04 - [MESSAGE][PASSED] - Verify Search Result Presents

2021-01-22 10:55:04 - [TEST_STEP][PASSED] - Click button "Logout": Click button "Logout"

2021-01-22 10:55:04 - [MESSAGE][INFO] - >>>>>//Button[contains(text(),'Logout')]

2021-01-22 10:55:07 - [MESSAGE][PASSED] - Object '' is present

2021-01-22 10:55:07 - [MESSAGE][PASSED] - Object: '' is clicked on

2021-01-22 10:55:07 - [MESSAGE][PASSED] - Switched to window with index: '0'

2021-01-22 10:55:07 - [MESSAGE][PASSED] - Click button "Logout"

2021-01-22 10:55:07 - [TEST_STEP][PASSED] - Close browser: Close browser

2021-01-22 10:55:07 - [MESSAGE][PASSED] - Browser is closed

2021-01-22 10:55:07 - [MESSAGE][PASSED] - Close browser

2021-01-22 10:55:07 - [MESSAGE][PASSED] - Feature file: 'Include/features/IST_Real/RTD/Dashboard_for_CCC_OCS/Search_by_STATUS_CCC_OCS.feature' was passed]]></system-out>
         <system-err><![CDATA[]]></system-err>
      </testcase>
      <testcase name="Test Cases/RTD/Dashboard for CCC OCS/TC_Search_by_Contract_Number_CCC_OCS" time="6.709" classname="Test Cases/RTD/Dashboard for CCC OCS/TC_Search_by_Contract_Number_CCC_OCS" status="PASSED">
         <system-out><![CDATA[2021-01-22 10:55:08 - [TEST_CASE][PASSED] - Test Cases/RTD/Dashboard for CCC OCS/TC_Search_by_Contract_Number_CCC_OCS: Test Cases/RTD/Dashboard for CCC OCS/TC_Search_by_Contract_Number_CCC_OCS

2021-01-22 10:55:08 - [TEST_STEP][PASSED] - runFeatureFile("Include/features/IST_Real/RTD/Dashboard_for_CCC_OCS/Search_by_Contract_Number_CCC_OCS.feature"): Feature file: 'Include/features/IST_Real/RTD/Dashboard_for_CCC_OCS/Search_by_Contract_Number_CCC_OCS.feature' was passed

2021-01-22 10:55:08 - [MESSAGE][INFO] - Starting run keyword runFeatureFile: 'Include/features/IST_Real/RTD/Dashboard_for_CCC_OCS/Search_by_Contract_Number_CCC_OCS.feature' and extract report to folder: '/Users/chaidir.pratama01/Katalon Studio/IST_Automation_Git/Reports/20210122_104222/RTD/TS_Dashboard_for_CCC_OCS/20210122_104225/cucumber_report/1611287708087'...

2021-01-22 10:55:08 - [TEST_CASE][PASSED] - Start Test Case : SCENARIO Search by Contract Number and it found on Dashboard: SCENARIO Search by Contract Number and it found on Dashboard

2021-01-22 10:55:08 - [TEST_STEP][PASSED] - Go to ISTools: Go to ISTools

2021-01-22 10:55:08 - [MESSAGE][INFO] - Starting 'Chrome (headless)' driver

2021-01-22 10:55:08 - [MESSAGE][INFO] - User set preference: ['args', '[--start-maximized, --disable-gpu, --no-proxy-server, –-no-sandbox, --allow-running-insecure-content, --ignore-certificate-errors, window-size=1680,814, force-device-scale-factor=2, --lang=en-GB]']

2021-01-22 10:55:08 - [MESSAGE][INFO] - User set preference: ['prefs', '{download.default_directory=/Users/chaidir.pratama01/Katalon Studio/IST_Automation_Git/Download}']

2021-01-22 10:55:08 - [MESSAGE][INFO] - Action delay is set to 0 milliseconds

2021-01-22 10:55:08 - [MESSAGE][PASSED] - Browser is opened with url: ''

2021-01-22 10:55:09 - [MESSAGE][PASSED] - Navigate to 'https://dev-istools.homecredit.id/foundation/' successfully

2021-01-22 10:55:09 - [MESSAGE][PASSED] - Go to ISTools

2021-01-22 10:55:09 - [TEST_STEP][PASSED] - Login IST with valid credentials: Login IST with valid credentials

2021-01-22 10:55:09 - [MESSAGE][PASSED] - Text 'mobile.test' is set on object 'Object Repository/Page_/input_Username_j_username'

2021-01-22 10:55:09 - [MESSAGE][PASSED] - Text ****** has been set on object 'Object Repository/Page_/input_Password_j_password'

2021-01-22 10:55:09 - [MESSAGE][PASSED] - Object: 'Object Repository/Page_/button_Login' is clicked on

2021-01-22 10:55:09 - [MESSAGE][PASSED] - Login IST with valid credentials

2021-01-22 10:55:09 - [TEST_STEP][PASSED] - Login Success: Login Success

2021-01-22 10:55:09 - [MESSAGE][INFO] - Login Success

2021-01-22 10:55:10 - [MESSAGE][PASSED] - Current window maximized

2021-01-22 10:55:10 - [MESSAGE][PASSED] - Object 'Object Repository/Page_/h1_Welcome to IT Supporting Tools' is present

2021-01-22 10:55:10 - [MESSAGE][PASSED] - Login Success

2021-01-22 10:55:10 - [TEST_STEP][PASSED] - Select Arrow Menu "Real Time Disbursement": Select Arrow Menu "Real Time Disbursement"

2021-01-22 10:55:10 - [MESSAGE][PASSED] - Object: '' is clicked on

2021-01-22 10:55:10 - [MESSAGE][PASSED] - Select Arrow Menu "Real Time Disbursement"

2021-01-22 10:55:10 - [TEST_STEP][PASSED] - Select Menu "Dashboard for CCC/OCS": Select Menu "Dashboard for CCC/OCS"

2021-01-22 10:55:10 - [MESSAGE][PASSED] - Taking screenshot successfully
[[ATTACHMENT|/Users/chaidir.pratama01/Documents/Docs/Katalon Studio/Screenshot/test-Dashboard for CCC/OCS.png]]

2021-01-22 10:55:10 - [MESSAGE][PASSED] - Object '' is present

2021-01-22 10:55:10 - [MESSAGE][PASSED] - Object: '' is clicked on

2021-01-22 10:55:10 - [MESSAGE][PASSED] - Wait for page load successfully

2021-01-22 10:55:10 - [MESSAGE][PASSED] - Select Menu "Dashboard for CCC/OCS"

2021-01-22 10:55:10 - [TEST_STEP][PASSED] - Input Contract RTD in Contract Number label: Input Contract RTD in Contract Number label

2021-01-22 10:55:11 - [MESSAGE][PASSED] - Text '4000014162' is set on object ''

2021-01-22 10:55:11 - [MESSAGE][PASSED] - Input Contract RTD in Contract Number label

2021-01-22 10:55:11 - [TEST_STEP][PASSED] - Click button "Search": Click button "Search"

2021-01-22 10:55:11 - [MESSAGE][INFO] - >>>>>//Button[contains(text(),'Search')]

2021-01-22 10:55:14 - [MESSAGE][PASSED] - Object '' is present

2021-01-22 10:55:14 - [MESSAGE][PASSED] - Object: '' is clicked on

2021-01-22 10:55:14 - [MESSAGE][PASSED] - Switched to window with index: '0'

2021-01-22 10:55:14 - [MESSAGE][PASSED] - Click button "Search"

2021-01-22 10:55:14 - [TEST_STEP][PASSED] - Verify Search Result Presents: Verify Search Result Presents

2021-01-22 10:55:14 - [MESSAGE][PASSED] - Object '' is present

2021-01-22 10:55:14 - [MESSAGE][PASSED] - Verify Search Result Presents

2021-01-22 10:55:14 - [MESSAGE][PASSED] - Feature file: 'Include/features/IST_Real/RTD/Dashboard_for_CCC_OCS/Search_by_Contract_Number_CCC_OCS.feature' was passed]]></system-out>
         <system-err><![CDATA[]]></system-err>
      </testcase>
      <testcase name="Test Cases/RTD/Dashboard for CCC OCS/TC_View_Detail_CCC_OCS" time="41.223" classname="Test Cases/RTD/Dashboard for CCC OCS/TC_View_Detail_CCC_OCS" status="PASSED">
         <system-out><![CDATA[2021-01-22 10:55:14 - [TEST_CASE][PASSED] - Test Cases/RTD/Dashboard for CCC OCS/TC_View_Detail_CCC_OCS: Test Cases/RTD/Dashboard for CCC OCS/TC_View_Detail_CCC_OCS

2021-01-22 10:55:14 - [TEST_STEP][PASSED] - runFeatureFile("Include/features/IST_Real/RTD/Dashboard_for_CCC_OCS/View_Detail_CCC_OCS.feature"): Feature file: 'Include/features/IST_Real/RTD/Dashboard_for_CCC_OCS/View_Detail_CCC_OCS.feature' was passed

2021-01-22 10:55:14 - [MESSAGE][INFO] - Starting run keyword runFeatureFile: 'Include/features/IST_Real/RTD/Dashboard_for_CCC_OCS/View_Detail_CCC_OCS.feature' and extract report to folder: '/Users/chaidir.pratama01/Katalon Studio/IST_Automation_Git/Reports/20210122_104222/RTD/TS_Dashboard_for_CCC_OCS/20210122_104225/cucumber_report/1611287714801'...

2021-01-22 10:55:14 - [TEST_CASE][PASSED] - Start Test Case : SCENARIO Search by STATUS Success to Disburse and then View Detail of it: SCENARIO Search by STATUS Success to Disburse and then View Detail of it

2021-01-22 10:55:14 - [TEST_STEP][PASSED] - Go to ISTools: Go to ISTools

2021-01-22 10:55:14 - [MESSAGE][WARNING] - A browser is already opened. Closing browser and opening a new one

2021-01-22 10:55:14 - [MESSAGE][INFO] - Starting 'Chrome (headless)' driver

2021-01-22 10:55:14 - [MESSAGE][INFO] - User set preference: ['args', '[--start-maximized, --disable-gpu, --no-proxy-server, –-no-sandbox, --allow-running-insecure-content, --ignore-certificate-errors, window-size=1680,814, force-device-scale-factor=2, --lang=en-GB]']

2021-01-22 10:55:14 - [MESSAGE][INFO] - User set preference: ['prefs', '{download.default_directory=/Users/chaidir.pratama01/Katalon Studio/IST_Automation_Git/Download}']

2021-01-22 10:55:14 - [MESSAGE][INFO] - Action delay is set to 0 milliseconds

2021-01-22 10:55:15 - [MESSAGE][PASSED] - Browser is opened with url: ''

2021-01-22 10:55:16 - [MESSAGE][PASSED] - Navigate to 'https://dev-istools.homecredit.id/foundation/' successfully

2021-01-22 10:55:16 - [MESSAGE][PASSED] - Go to ISTools

2021-01-22 10:55:16 - [TEST_STEP][PASSED] - Login IST with valid credentials: Login IST with valid credentials

2021-01-22 10:55:16 - [MESSAGE][PASSED] - Text 'mobile.test' is set on object 'Object Repository/Page_/input_Username_j_username'

2021-01-22 10:55:16 - [MESSAGE][PASSED] - Text ****** has been set on object 'Object Repository/Page_/input_Password_j_password'

2021-01-22 10:55:16 - [MESSAGE][PASSED] - Object: 'Object Repository/Page_/button_Login' is clicked on

2021-01-22 10:55:16 - [MESSAGE][PASSED] - Login IST with valid credentials

2021-01-22 10:55:16 - [TEST_STEP][PASSED] - Login Success: Login Success

2021-01-22 10:55:16 - [MESSAGE][INFO] - Login Success

2021-01-22 10:55:16 - [MESSAGE][PASSED] - Current window maximized

2021-01-22 10:55:17 - [MESSAGE][PASSED] - Object 'Object Repository/Page_/h1_Welcome to IT Supporting Tools' is present

2021-01-22 10:55:17 - [MESSAGE][PASSED] - Login Success

2021-01-22 10:55:17 - [TEST_STEP][PASSED] - Select Arrow Menu "Real Time Disbursement": Select Arrow Menu "Real Time Disbursement"

2021-01-22 10:55:17 - [MESSAGE][PASSED] - Object: '' is clicked on

2021-01-22 10:55:17 - [MESSAGE][PASSED] - Select Arrow Menu "Real Time Disbursement"

2021-01-22 10:55:17 - [TEST_STEP][PASSED] - Select Menu "Dashboard for CCC/OCS": Select Menu "Dashboard for CCC/OCS"

2021-01-22 10:55:17 - [MESSAGE][PASSED] - Taking screenshot successfully
[[ATTACHMENT|/Users/chaidir.pratama01/Documents/Docs/Katalon Studio/Screenshot/test-Dashboard for CCC/OCS.png]]

2021-01-22 10:55:17 - [MESSAGE][PASSED] - Object '' is present

2021-01-22 10:55:17 - [MESSAGE][PASSED] - Object: '' is clicked on

2021-01-22 10:55:17 - [MESSAGE][PASSED] - Wait for page load successfully

2021-01-22 10:55:17 - [MESSAGE][PASSED] - Select Menu "Dashboard for CCC/OCS"

2021-01-22 10:55:17 - [TEST_STEP][PASSED] - Select STATUS "Success to Disburse": Select STATUS "Success to Disburse"

2021-01-22 10:55:18 - [MESSAGE][PASSED] - All options with value 'Success to Disburse' are selected in object ''  using regular expression

2021-01-22 10:55:18 - [MESSAGE][PASSED] - Select STATUS "Success to Disburse"

2021-01-22 10:55:18 - [TEST_STEP][PASSED] - Click button "Search": Click button "Search"

2021-01-22 10:55:18 - [MESSAGE][INFO] - >>>>>//Button[contains(text(),'Search')]

2021-01-22 10:55:21 - [MESSAGE][PASSED] - Object '' is present

2021-01-22 10:55:21 - [MESSAGE][PASSED] - Object: '' is clicked on

2021-01-22 10:55:21 - [MESSAGE][PASSED] - Switched to window with index: '0'

2021-01-22 10:55:21 - [MESSAGE][PASSED] - Click button "Search"

2021-01-22 10:55:21 - [TEST_STEP][PASSED] - Verify Search Result Presents: Verify Search Result Presents

2021-01-22 10:55:21 - [MESSAGE][PASSED] - Object '' is present

2021-01-22 10:55:21 - [MESSAGE][PASSED] - Verify Search Result Presents

2021-01-22 10:55:21 - [TEST_STEP][PASSED] - Click View Detail: Click View Detail

2021-01-22 10:55:21 - [MESSAGE][PASSED] - Object '' is present

2021-01-22 10:55:21 - [MESSAGE][PASSED] - Object: '' is clicked on

2021-01-22 10:55:21 - [MESSAGE][PASSED] - Click View Detail

2021-01-22 10:55:21 - [TEST_STEP][PASSED] - Verify Information in View Detail: Verify Information in View Detail

2021-01-22 10:55:24 - [MESSAGE][PASSED] - Delayed 3 second(s)

2021-01-22 10:55:24 - [MESSAGE][PASSED] - Attribute 'value' of object '' is: '3900014152'

2021-01-22 10:55:27 - [MESSAGE][PASSED] - Delayed 3 second(s)

2021-01-22 10:55:28 - [MESSAGE][PASSED] - Attribute 'value' of object '' is: 'IDITXLeks TESTERbIvIvO'

2021-01-22 10:55:31 - [MESSAGE][PASSED] - Delayed 3 second(s)

2021-01-22 10:55:31 - [MESSAGE][PASSED] - Attribute 'value' of object '' is: 'Success to Disburse'

2021-01-22 10:55:34 - [MESSAGE][PASSED] - Delayed 3 second(s)

2021-01-22 10:55:34 - [MESSAGE][PASSED] - Attribute 'value' of object '' is: 'Rp 7,000,000'

2021-01-22 10:55:37 - [MESSAGE][PASSED] - Delayed 3 second(s)

2021-01-22 10:55:37 - [MESSAGE][PASSED] - Attribute 'value' of object '' is: 'KESEJAHTERAAN EKONOMI'

2021-01-22 10:55:40 - [MESSAGE][PASSED] - Delayed 3 second(s)

2021-01-22 10:55:40 - [MESSAGE][PASSED] - Attribute 'value' of object '' is: '1'

2021-01-22 10:55:43 - [MESSAGE][PASSED] - Delayed 3 second(s)

2021-01-22 10:55:43 - [MESSAGE][PASSED] - Attribute 'value' of object '' is: 'NAMA ADA DISINI'

2021-01-22 10:55:46 - [MESSAGE][PASSED] - Delayed 3 second(s)

2021-01-22 10:55:46 - [MESSAGE][PASSED] - Attribute 'value' of object '' is: 'KESEJAHTERAAN EKONOMI'

2021-01-22 10:55:49 - [MESSAGE][PASSED] - Delayed 3 second(s)

2021-01-22 10:55:49 - [MESSAGE][PASSED] - Attribute 'value' of object '' is: ''

2021-01-22 10:55:52 - [MESSAGE][PASSED] - Delayed 3 second(s)

2021-01-22 10:55:52 - [MESSAGE][PASSED] - Attribute 'value' of object '' is: ''

2021-01-22 10:55:52 - [MESSAGE][PASSED] - Text of object '' is: 'Date'

2021-01-22 10:55:52 - [MESSAGE][PASSED] - Text of object '' is: 'Status'

2021-01-22 10:55:52 - [MESSAGE][PASSED] - Text of object '' is: 'Updated Information'

2021-01-22 10:55:52 - [MESSAGE][PASSED] - Text of object '' is: 'Last Update By'

2021-01-22 10:55:52 - [MESSAGE][PASSED] - Text of object '' is: 'Department'

2021-01-22 10:55:52 - [MESSAGE][PASSED] - Verify Information in View Detail

2021-01-22 10:55:52 - [TEST_STEP][PASSED] - Click button "Logout": Click button "Logout"

2021-01-22 10:55:52 - [MESSAGE][INFO] - >>>>>//Button[contains(text(),'Logout')]

2021-01-22 10:55:55 - [MESSAGE][PASSED] - Object '' is present

2021-01-22 10:55:55 - [MESSAGE][PASSED] - Object: '' is clicked on

2021-01-22 10:55:55 - [MESSAGE][PASSED] - Switched to window with index: '0'

2021-01-22 10:55:55 - [MESSAGE][PASSED] - Click button "Logout"

2021-01-22 10:55:55 - [TEST_STEP][PASSED] - Close browser: Close browser

2021-01-22 10:55:55 - [MESSAGE][PASSED] - Browser is closed

2021-01-22 10:55:55 - [MESSAGE][PASSED] - Close browser

2021-01-22 10:55:55 - [MESSAGE][PASSED] - Feature file: 'Include/features/IST_Real/RTD/Dashboard_for_CCC_OCS/View_Detail_CCC_OCS.feature' was passed]]></system-out>
         <system-err><![CDATA[]]></system-err>
      </testcase>
      <testcase name="Test Cases/RTD/Dashboard for CCC OCS/TC_Export_Data_CCC_OCS" time="9.741" classname="Test Cases/RTD/Dashboard for CCC OCS/TC_Export_Data_CCC_OCS" status="PASSED">
         <system-out><![CDATA[2021-01-22 10:55:55 - [TEST_CASE][PASSED] - Test Cases/RTD/Dashboard for CCC OCS/TC_Export_Data_CCC_OCS: Test Cases/RTD/Dashboard for CCC OCS/TC_Export_Data_CCC_OCS

2021-01-22 10:55:56 - [TEST_STEP][PASSED] - runFeatureFile("Include/features/IST_Real/RTD/Dashboard_for_CCC_OCS/Export_Data_CCC_OCS.feature"): Feature file: 'Include/features/IST_Real/RTD/Dashboard_for_CCC_OCS/Export_Data_CCC_OCS.feature' was passed

2021-01-22 10:55:56 - [MESSAGE][INFO] - Starting run keyword runFeatureFile: 'Include/features/IST_Real/RTD/Dashboard_for_CCC_OCS/Export_Data_CCC_OCS.feature' and extract report to folder: '/Users/chaidir.pratama01/Katalon Studio/IST_Automation_Git/Reports/20210122_104222/RTD/TS_Dashboard_for_CCC_OCS/20210122_104225/cucumber_report/1611287756020'...

2021-01-22 10:55:56 - [TEST_CASE][PASSED] - Start Test Case : SCENARIO Export Data: SCENARIO Export Data

2021-01-22 10:55:56 - [TEST_STEP][PASSED] - Go to ISTools: Go to ISTools

2021-01-22 10:55:56 - [MESSAGE][INFO] - Starting 'Chrome (headless)' driver

2021-01-22 10:55:56 - [MESSAGE][INFO] - User set preference: ['args', '[--start-maximized, --disable-gpu, --no-proxy-server, –-no-sandbox, --allow-running-insecure-content, --ignore-certificate-errors, window-size=1680,814, force-device-scale-factor=2, --lang=en-GB]']

2021-01-22 10:55:56 - [MESSAGE][INFO] - User set preference: ['prefs', '{download.default_directory=/Users/chaidir.pratama01/Katalon Studio/IST_Automation_Git/Download}']

2021-01-22 10:55:56 - [MESSAGE][INFO] - Action delay is set to 0 milliseconds

2021-01-22 10:55:56 - [MESSAGE][PASSED] - Browser is opened with url: ''

2021-01-22 10:55:57 - [MESSAGE][PASSED] - Navigate to 'https://dev-istools.homecredit.id/foundation/' successfully

2021-01-22 10:55:57 - [MESSAGE][PASSED] - Go to ISTools

2021-01-22 10:55:57 - [TEST_STEP][PASSED] - Login IST with valid credentials: Login IST with valid credentials

2021-01-22 10:55:57 - [MESSAGE][PASSED] - Text 'mobile.test' is set on object 'Object Repository/Page_/input_Username_j_username'

2021-01-22 10:55:57 - [MESSAGE][PASSED] - Text ****** has been set on object 'Object Repository/Page_/input_Password_j_password'

2021-01-22 10:55:57 - [MESSAGE][PASSED] - Object: 'Object Repository/Page_/button_Login' is clicked on

2021-01-22 10:55:57 - [MESSAGE][PASSED] - Login IST with valid credentials

2021-01-22 10:55:57 - [TEST_STEP][PASSED] - Login Success: Login Success

2021-01-22 10:55:57 - [MESSAGE][INFO] - Login Success

2021-01-22 10:55:57 - [MESSAGE][PASSED] - Current window maximized

2021-01-22 10:55:57 - [MESSAGE][PASSED] - Object 'Object Repository/Page_/h1_Welcome to IT Supporting Tools' is present

2021-01-22 10:55:57 - [MESSAGE][PASSED] - Login Success

2021-01-22 10:55:57 - [TEST_STEP][PASSED] - Select Arrow Menu "Real Time Disbursement": Select Arrow Menu "Real Time Disbursement"

2021-01-22 10:55:58 - [MESSAGE][PASSED] - Object: '' is clicked on

2021-01-22 10:55:58 - [MESSAGE][PASSED] - Select Arrow Menu "Real Time Disbursement"

2021-01-22 10:55:58 - [TEST_STEP][PASSED] - Select Menu "Dashboard for CCC/OCS": Select Menu "Dashboard for CCC/OCS"

2021-01-22 10:55:58 - [MESSAGE][PASSED] - Taking screenshot successfully
[[ATTACHMENT|/Users/chaidir.pratama01/Documents/Docs/Katalon Studio/Screenshot/test-Dashboard for CCC/OCS.png]]

2021-01-22 10:55:58 - [MESSAGE][PASSED] - Object '' is present

2021-01-22 10:55:58 - [MESSAGE][PASSED] - Object: '' is clicked on

2021-01-22 10:55:58 - [MESSAGE][PASSED] - Wait for page load successfully

2021-01-22 10:55:58 - [MESSAGE][PASSED] - Select Menu "Dashboard for CCC/OCS"

2021-01-22 10:55:58 - [TEST_STEP][PASSED] - Input Contract RTD in Contract Number label: Input Contract RTD in Contract Number label

2021-01-22 10:55:58 - [MESSAGE][PASSED] - Text '4000014162' is set on object ''

2021-01-22 10:55:58 - [MESSAGE][PASSED] - Input Contract RTD in Contract Number label

2021-01-22 10:55:58 - [TEST_STEP][PASSED] - Click button "Search": Click button "Search"

2021-01-22 10:55:58 - [MESSAGE][INFO] - >>>>>//Button[contains(text(),'Search')]

2021-01-22 10:56:01 - [MESSAGE][PASSED] - Object '' is present

2021-01-22 10:56:01 - [MESSAGE][PASSED] - Object: '' is clicked on

2021-01-22 10:56:01 - [MESSAGE][PASSED] - Switched to window with index: '0'

2021-01-22 10:56:01 - [MESSAGE][PASSED] - Click button "Search"

2021-01-22 10:56:01 - [TEST_STEP][PASSED] - Verify Table Filled: Verify Table Filled

2021-01-22 10:56:02 - [MESSAGE][PASSED] - Object '' is present

2021-01-22 10:56:02 - [MESSAGE][PASSED] - Verify Table Filled

2021-01-22 10:56:02 - [TEST_STEP][PASSED] - Click button "Export Data": Click button "Export Data"

2021-01-22 10:56:02 - [MESSAGE][INFO] - >>>>>//Button[contains(text(),'Export Data')]

2021-01-22 10:56:05 - [MESSAGE][PASSED] - Object: '' is clicked on

2021-01-22 10:56:05 - [MESSAGE][PASSED] - Taking screenshot successfully
[[ATTACHMENT|/Users/chaidir.pratama01/Documents/Docs/Katalon Studio/Screenshot/Download_data.png]]

2021-01-22 10:56:05 - [MESSAGE][PASSED] - Click button "Export Data"

2021-01-22 10:56:05 - [MESSAGE][PASSED] - Feature file: 'Include/features/IST_Real/RTD/Dashboard_for_CCC_OCS/Export_Data_CCC_OCS.feature' was passed]]></system-out>
         <system-err><![CDATA[]]></system-err>
      </testcase>
      <system-out><![CDATA[2021-01-22 10:52:08 - [TEST_SUITE][PASSED] - TS_Dashboard_for_CCC_OCS: Test Cases/RTD/Dashboard for CCC OCS/TC_Export_Data_CCC_OCS]]></system-out>
      <system-err><![CDATA[]]></system-err>
   </testsuite>
</testsuites>
