<?xml version="1.0" encoding="UTF-8"?>
<testsuites name="TS_Contract_Dispatcher_Two_Wheelers" time="543.687" tests="12" failures="3" errors="0">
   <testsuite name="TS_Contract_Dispatcher_Two_Wheelers" tests="12" failures="3" errors="0" time="543.687" timestamp="2020-07-22 16:33:17" hostname="chaidir.pratama01 - localhost" id="Test Suites/CONTRACT_DISPATCHER_TWO_WHEELERS/DEV/TS_Contract_Dispatcher_Two_Wheelers">
      <properties>
         <property name="deviceName" value=""/>
         <property name="devicePlatform" value=""/>
         <property name="logFolder" value="/Users/chaidir.pratama01/Katalon Studio/IST_Automation_Git/Reports/20200722_163310/CONTRACT_DISPATCHER_TWO_WHEELERS/DEV/TS_Contract_Dispatcher_Two_Wheelers/20200722_163310"/>
         <property name="logFiles" value="/Users/chaidir.pratama01/Katalon Studio/IST_Automation_Git/Reports/20200722_163310/CONTRACT_DISPATCHER_TWO_WHEELERS/DEV/TS_Contract_Dispatcher_Two_Wheelers/20200722_163310/execution0.log"/>
         <property name="attachments" value="/Users/chaidir.pratama01/Katalon Studio/IST_Automation_Git/Reports/20200722_163310/CONTRACT_DISPATCHER_TWO_WHEELERS/DEV/TS_Contract_Dispatcher_Two_Wheelers/20200722_163310/1595410583871.png, /Users/chaidir.pratama01/Katalon Studio/IST_Automation_Git/Reports/20200722_163310/CONTRACT_DISPATCHER_TWO_WHEELERS/DEV/TS_Contract_Dispatcher_Two_Wheelers/20200722_163310/1595410815960.png, /Users/chaidir.pratama01/Katalon Studio/IST_Automation_Git/Reports/20200722_163310/CONTRACT_DISPATCHER_TWO_WHEELERS/DEV/TS_Contract_Dispatcher_Two_Wheelers/20200722_163310/1595410940337.png"/>
         <property name="hostName" value="chaidir.pratama01 - localhost"/>
         <property name="os" value="Mac OS X 64bit"/>
         <property name="katalonVersion" value="7.6.0.${buildNumber}"/>
         <property name="browser" value="Chrome 84.0.4147.89"/>
         <property name="hostAddress" value="127.0.0.1"/>
         <property name="sessionId" value="c3d01815fbf97c4ac6323fb78cd3ca90"/>
         <property name="seleniumVersion" value="3.141.59"/>
         <property name="proxyInformation" value="ProxyInformation { proxyOption=NO_PROXY, proxyServerType=HTTP, username=, password=********, proxyServerAddress=, proxyServerPort=0, executionList=\&quot;\&quot;, isApplyToDesiredCapabilities=true }"/>
         <property name="platform" value="Mac OS X"/>
      </properties>
      <testcase name="Test Cases/IST_Real/CONTRACT_DISPATCHER_TWO_WHEELERS/DEV/Update_Tbl_CDS_CDC" time="1.891" classname="Test Cases/IST_Real/CONTRACT_DISPATCHER_TWO_WHEELERS/DEV/Update_Tbl_CDS_CDC" status="PASSED">
         <system-out><![CDATA[2020-07-22 16:33:17 - [TEST_CASE][PASSED] - Test Cases/IST_Real/CONTRACT_DISPATCHER_TWO_WHEELERS/DEV/Update_Tbl_CDS_CDC: Test Cases/IST_Real/CONTRACT_DISPATCHER_TWO_WHEELERS/DEV/Update_Tbl_CDS_CDC

2020-07-22 16:33:17 - [TEST_STEP][PASSED] - runFeatureFile("Include/features/IST_Real/CONTRACT_DISPATCHER_TWO_WHEELERS/DEV/Update_Tbl_CDS_CDC.feature"): Feature file: 'Include/features/IST_Real/CONTRACT_DISPATCHER_TWO_WHEELERS/DEV/Update_Tbl_CDS_CDC.feature' was passed

2020-07-22 16:33:17 - [MESSAGE][INFO] - Starting run keyword runFeatureFile: 'Include/features/IST_Real/CONTRACT_DISPATCHER_TWO_WHEELERS/DEV/Update_Tbl_CDS_CDC.feature' and extract report to folder: '/Users/chaidir.pratama01/Katalon Studio/IST_Automation_Git/Reports/20200722_163310/CONTRACT_DISPATCHER_TWO_WHEELERS/DEV/TS_Contract_Dispatcher_Two_Wheelers/20200722_163310/cucumber_report/1595410397806'...

2020-07-22 16:33:18 - [TEST_CASE][PASSED] - Start Test Case : SCENARIO Update Table CONTRACT_DISPATCHER_SOURCE and CONTRACT_DISPTACHER_CLAIM: SCENARIO Update Table CONTRACT_DISPATCHER_SOURCE and CONTRACT_DISPTACHER_CLAIM

2020-07-22 16:33:18 - [TEST_STEP][PASSED] - Connect to APP_ACCOUNT C1: Connect to APP_ACCOUNT C1

2020-07-22 16:33:18 - [MESSAGE][PASSED] - Connect to APP_ACCOUNT C1

2020-07-22 16:33:18 - [TEST_STEP][PASSED] - Update Tbl CONTRACT DISPATCHER SOURCE To Change PROCESSED From Y to N: Update Tbl CONTRACT DISPATCHER SOURCE To Change PROCESSED From Y to N

2020-07-22 16:33:19 - [MESSAGE][PASSED] - Update Tbl CONTRACT DISPATCHER SOURCE To Change PROCESSED From Y to N

2020-07-22 16:33:19 - [TEST_STEP][PASSED] - Update Tbl CONTRACT DISPATCHER CLAIM To Delete PROCESS From Column STATUS: Update Tbl CONTRACT DISPATCHER CLAIM To Delete PROCESS From Column STATUS

2020-07-22 16:33:19 - [MESSAGE][PASSED] - Update Tbl CONTRACT DISPATCHER CLAIM To Delete PROCESS From Column STATUS

2020-07-22 16:33:19 - [MESSAGE][PASSED] - Feature file: 'Include/features/IST_Real/CONTRACT_DISPATCHER_TWO_WHEELERS/DEV/Update_Tbl_CDS_CDC.feature' was passed]]></system-out>
         <system-err><![CDATA[]]></system-err>
      </testcase>
      <testcase name="Test Cases/IST_Real/CONTRACT_DISPATCHER_TWO_WHEELERS/DEV/Contract_Dispatcher_TW" time="95.778" classname="Test Cases/IST_Real/CONTRACT_DISPATCHER_TWO_WHEELERS/DEV/Contract_Dispatcher_TW" status="PASSED">
         <system-out><![CDATA[2020-07-22 16:33:19 - [TEST_CASE][PASSED] - Test Cases/IST_Real/CONTRACT_DISPATCHER_TWO_WHEELERS/DEV/Contract_Dispatcher_TW: Test Cases/IST_Real/CONTRACT_DISPATCHER_TWO_WHEELERS/DEV/Contract_Dispatcher_TW

2020-07-22 16:33:19 - [TEST_STEP][PASSED] - runFeatureFile("Include/features/IST_Real/CONTRACT_DISPATCHER_TWO_WHEELERS/DEV/Contract_Dispatcher_TW.feature"): Feature file: 'Include/features/IST_Real/CONTRACT_DISPATCHER_TWO_WHEELERS/DEV/Contract_Dispatcher_TW.feature' was passed

2020-07-22 16:33:19 - [MESSAGE][INFO] - Starting run keyword runFeatureFile: 'Include/features/IST_Real/CONTRACT_DISPATCHER_TWO_WHEELERS/DEV/Contract_Dispatcher_TW.feature' and extract report to folder: '/Users/chaidir.pratama01/Katalon Studio/IST_Automation_Git/Reports/20200722_163310/CONTRACT_DISPATCHER_TWO_WHEELERS/DEV/TS_Contract_Dispatcher_Two_Wheelers/20200722_163310/cucumber_report/1595410399546'...

2020-07-22 16:33:19 - [TEST_CASE][PASSED] - Start Test Case : SCENARIO Select Menu Contract Dispatcher and Select Contract based on type contract Two Wheelers: SCENARIO Select Menu Contract Dispatcher and Select Contract based on type contract Two Wheelers

2020-07-22 16:33:19 - [TEST_STEP][PASSED] - Go to IST: Go to IST

2020-07-22 16:33:19 - [MESSAGE][INFO] - Starting 'Chrome' driver

2020-07-22 16:33:19 - [MESSAGE][INFO] - Action delay is set to 0 milliseconds

2020-07-22 16:33:21 - [MESSAGE][PASSED] - Browser is opened with url: ''

2020-07-22 16:33:23 - [MESSAGE][PASSED] - Navigate to 'https://dev-istools.homecredit.id/foundation/login.zul' successfully

2020-07-22 16:33:23 - [MESSAGE][PASSED] - Go to IST

2020-07-22 16:33:23 - [TEST_STEP][PASSED] - Login IST with valid credentials: Login IST with valid credentials

2020-07-22 16:33:23 - [MESSAGE][PASSED] - Text 'mobile.test' is set on object 'Object Repository/Page_/input_Username_j_username'

2020-07-22 16:33:24 - [MESSAGE][PASSED] - Text ****** has been set on object 'Object Repository/Page_/input_Password_j_password'

2020-07-22 16:33:25 - [MESSAGE][PASSED] - Object: 'Object Repository/Page_/button_Login' is clicked on

2020-07-22 16:33:25 - [MESSAGE][PASSED] - Login IST with valid credentials

2020-07-22 16:33:25 - [TEST_STEP][PASSED] - Login Success for contract dispatcher: Login Success for contract dispatcher

2020-07-22 16:33:25 - [MESSAGE][INFO] - Login Success

2020-07-22 16:33:25 - [MESSAGE][PASSED] - Current window maximized

2020-07-22 16:33:25 - [MESSAGE][PASSED] - Object 'Object Repository/Page_/h1_Welcome to IT Supporting Tools' is present

2020-07-22 16:33:25 - [MESSAGE][PASSED] - Login Success for contract dispatcher

2020-07-22 16:33:25 - [TEST_STEP][PASSED] - Select Menu "Contract Dispatcher": Select Menu "Contract Dispatcher"

2020-07-22 16:33:26 - [MESSAGE][PASSED] - Object '' is present

2020-07-22 16:33:26 - [MESSAGE][PASSED] - Object: '' is clicked on

2020-07-22 16:33:26 - [MESSAGE][PASSED] - Wait for page load successfully

2020-07-22 16:33:26 - [MESSAGE][PASSED] - Select Menu "Contract Dispatcher"

2020-07-22 16:33:26 - [TEST_STEP][PASSED] - Select Contract Number based on Type Contract "TWO_WHEELERS": Select Contract Number based on Type Contract "TWO_WHEELERS"

2020-07-22 16:33:27 - [MESSAGE][PASSED] - Object '' is present

2020-07-22 16:33:27 - [MESSAGE][PASSED] - Object '' is present

2020-07-22 16:33:28 - [MESSAGE][PASSED] - Object: '' is clicked on

2020-07-22 16:33:28 - [MESSAGE][PASSED] - Object '' is checked

2020-07-22 16:33:28 - [MESSAGE][PASSED] - Select Contract Number based on Type Contract "TWO_WHEELERS"

2020-07-22 16:33:28 - [TEST_STEP][PASSED] - Click button "Claim": Click button "Claim"

2020-07-22 16:33:28 - [MESSAGE][INFO] - >>>>>//Button[contains(text(),'Claim')]

2020-07-22 16:33:32 - [MESSAGE][PASSED] - Object: '' is clicked on

2020-07-22 16:33:32 - [MESSAGE][PASSED] - Click button "Claim"

2020-07-22 16:33:32 - [TEST_STEP][PASSED] - Varify the mistake detail already match with the matrix Base on Type Contract: Varify the mistake detail already match with the matrix Base on Type Contract

2020-07-22 16:33:34 - [MESSAGE][PASSED] - Object '' is present

2020-07-22 16:33:34 - [MESSAGE][PASSED] - Object: '' is clicked on

2020-07-22 16:33:34 - [MESSAGE][PASSED] - Object '' is present

2020-07-22 16:33:35 - [MESSAGE][PASSED] - Object '' is not checked

2020-07-22 16:33:35 - [MESSAGE][PASSED] - Object '' is present

2020-07-22 16:33:35 - [MESSAGE][PASSED] - Object '' is not checked

2020-07-22 16:33:35 - [MESSAGE][PASSED] - Object '' is present

2020-07-22 16:33:36 - [MESSAGE][PASSED] - Object '' is not checked

2020-07-22 16:33:36 - [MESSAGE][PASSED] - Object '' is present

2020-07-22 16:33:36 - [MESSAGE][PASSED] - Object '' is not checked

2020-07-22 16:33:37 - [MESSAGE][PASSED] - Object '' is present

2020-07-22 16:33:37 - [MESSAGE][PASSED] - Object '' is not checked

2020-07-22 16:33:37 - [MESSAGE][PASSED] - Object '' is present

2020-07-22 16:33:38 - [MESSAGE][PASSED] - Object '' is not checked

2020-07-22 16:33:38 - [MESSAGE][PASSED] - Object '' is present

2020-07-22 16:33:38 - [MESSAGE][PASSED] - Object '' is not checked

2020-07-22 16:33:38 - [MESSAGE][PASSED] - Object '' is present

2020-07-22 16:33:39 - [MESSAGE][PASSED] - Object '' is not checked

2020-07-22 16:33:39 - [MESSAGE][PASSED] - Object '' is present

2020-07-22 16:33:39 - [MESSAGE][PASSED] - Object '' is not checked

2020-07-22 16:33:40 - [MESSAGE][PASSED] - Object '' is present

2020-07-22 16:33:40 - [MESSAGE][PASSED] - Object '' is not checked

2020-07-22 16:33:40 - [MESSAGE][PASSED] - Object '' is present

2020-07-22 16:33:41 - [MESSAGE][PASSED] - Object '' is not checked

2020-07-22 16:33:41 - [MESSAGE][PASSED] - Object '' is present

2020-07-22 16:33:42 - [MESSAGE][PASSED] - Object '' is not checked

2020-07-22 16:33:42 - [MESSAGE][PASSED] - Object '' is present

2020-07-22 16:33:42 - [MESSAGE][PASSED] - Object '' is not checked

2020-07-22 16:33:42 - [MESSAGE][PASSED] - Object '' is present

2020-07-22 16:33:43 - [MESSAGE][PASSED] - Object '' is not checked

2020-07-22 16:33:43 - [MESSAGE][PASSED] - Object '' is present

2020-07-22 16:33:44 - [MESSAGE][PASSED] - Object '' is not checked

2020-07-22 16:33:44 - [MESSAGE][PASSED] - Object '' is present

2020-07-22 16:33:44 - [MESSAGE][PASSED] - Object '' is not checked

2020-07-22 16:33:44 - [MESSAGE][PASSED] - Object '' is present

2020-07-22 16:33:45 - [MESSAGE][PASSED] - Object '' is not checked

2020-07-22 16:33:45 - [MESSAGE][PASSED] - Object '' is present

2020-07-22 16:33:45 - [MESSAGE][PASSED] - Object '' is not checked

2020-07-22 16:33:46 - [MESSAGE][PASSED] - Object '' is present

2020-07-22 16:33:46 - [MESSAGE][PASSED] - Object '' is not checked

2020-07-22 16:33:46 - [MESSAGE][PASSED] - Object '' is present

2020-07-22 16:33:47 - [MESSAGE][PASSED] - Object '' is not checked

2020-07-22 16:33:47 - [MESSAGE][PASSED] - Object '' is present

2020-07-22 16:33:47 - [MESSAGE][PASSED] - Object: '' is clicked on

2020-07-22 16:33:48 - [MESSAGE][PASSED] - Object '' is present

2020-07-22 16:33:48 - [MESSAGE][PASSED] - Object '' is not checked

2020-07-22 16:33:49 - [MESSAGE][PASSED] - Object '' is present

2020-07-22 16:33:49 - [MESSAGE][PASSED] - Object '' is not checked

2020-07-22 16:33:49 - [MESSAGE][PASSED] - Object '' is present

2020-07-22 16:33:50 - [MESSAGE][PASSED] - Object '' is not checked

2020-07-22 16:33:50 - [MESSAGE][PASSED] - Object '' is present

2020-07-22 16:33:50 - [MESSAGE][PASSED] - Object '' is not checked

2020-07-22 16:33:51 - [MESSAGE][PASSED] - Object '' is present

2020-07-22 16:33:51 - [MESSAGE][PASSED] - Object '' is not checked

2020-07-22 16:33:51 - [MESSAGE][PASSED] - Object '' is present

2020-07-22 16:33:52 - [MESSAGE][PASSED] - Object '' is not checked

2020-07-22 16:33:52 - [MESSAGE][PASSED] - Object '' is present

2020-07-22 16:33:52 - [MESSAGE][PASSED] - Object: '' is clicked on

2020-07-22 16:33:53 - [MESSAGE][PASSED] - Object '' is present

2020-07-22 16:33:53 - [MESSAGE][PASSED] - Object '' is not checked

2020-07-22 16:33:53 - [MESSAGE][PASSED] - Object '' is present

2020-07-22 16:33:54 - [MESSAGE][PASSED] - Object '' is not checked

2020-07-22 16:33:54 - [MESSAGE][PASSED] - Object '' is present

2020-07-22 16:33:54 - [MESSAGE][PASSED] - Object '' is not checked

2020-07-22 16:33:55 - [MESSAGE][PASSED] - Object '' is present

2020-07-22 16:33:55 - [MESSAGE][PASSED] - Object: '' is clicked on

2020-07-22 16:33:56 - [MESSAGE][PASSED] - Object '' is present

2020-07-22 16:33:56 - [MESSAGE][PASSED] - Object '' is not checked

2020-07-22 16:33:57 - [MESSAGE][PASSED] - Object '' is present

2020-07-22 16:33:57 - [MESSAGE][PASSED] - Object '' is not checked

2020-07-22 16:33:57 - [MESSAGE][PASSED] - Object '' is present

2020-07-22 16:33:58 - [MESSAGE][PASSED] - Object '' is not checked

2020-07-22 16:33:58 - [MESSAGE][PASSED] - Object '' is present

2020-07-22 16:33:58 - [MESSAGE][PASSED] - Object '' is not checked

2020-07-22 16:33:59 - [MESSAGE][PASSED] - Object '' is present

2020-07-22 16:33:59 - [MESSAGE][PASSED] - Object '' is not checked

2020-07-22 16:33:59 - [MESSAGE][PASSED] - Object '' is present

2020-07-22 16:34:00 - [MESSAGE][PASSED] - Object '' is not checked

2020-07-22 16:34:00 - [MESSAGE][PASSED] - Object '' is present

2020-07-22 16:34:00 - [MESSAGE][PASSED] - Object '' is not checked

2020-07-22 16:34:00 - [MESSAGE][PASSED] - Object '' is present

2020-07-22 16:34:01 - [MESSAGE][PASSED] - Object: '' is clicked on

2020-07-22 16:34:01 - [MESSAGE][PASSED] - Object '' is present

2020-07-22 16:34:02 - [MESSAGE][PASSED] - Object '' is not checked

2020-07-22 16:34:02 - [MESSAGE][PASSED] - Object '' is present

2020-07-22 16:34:02 - [MESSAGE][PASSED] - Object '' is not checked

2020-07-22 16:34:03 - [MESSAGE][PASSED] - Object '' is present

2020-07-22 16:34:03 - [MESSAGE][PASSED] - Object '' is not checked

2020-07-22 16:34:03 - [MESSAGE][PASSED] - Object '' is present

2020-07-22 16:34:04 - [MESSAGE][PASSED] - Object '' is not checked

2020-07-22 16:34:04 - [MESSAGE][PASSED] - Object '' is present

2020-07-22 16:34:05 - [MESSAGE][PASSED] - Object '' is not checked

2020-07-22 16:34:05 - [MESSAGE][PASSED] - Object '' is present

2020-07-22 16:34:05 - [MESSAGE][PASSED] - Object '' is not checked

2020-07-22 16:34:05 - [MESSAGE][PASSED] - Object '' is present

2020-07-22 16:34:06 - [MESSAGE][PASSED] - Object '' is not checked

2020-07-22 16:34:06 - [MESSAGE][PASSED] - Object '' is present

2020-07-22 16:34:06 - [MESSAGE][PASSED] - Object: '' is clicked on

2020-07-22 16:34:07 - [MESSAGE][PASSED] - Object '' is present

2020-07-22 16:34:07 - [MESSAGE][PASSED] - Object '' is not checked

2020-07-22 16:34:07 - [MESSAGE][PASSED] - Object '' is present

2020-07-22 16:34:08 - [MESSAGE][PASSED] - Object '' is not checked

2020-07-22 16:34:08 - [MESSAGE][PASSED] - Object '' is present

2020-07-22 16:34:08 - [MESSAGE][PASSED] - Object '' is not checked

2020-07-22 16:34:09 - [MESSAGE][PASSED] - Object '' is present

2020-07-22 16:34:09 - [MESSAGE][PASSED] - Object '' is not checked

2020-07-22 16:34:09 - [MESSAGE][PASSED] - Object '' is present

2020-07-22 16:34:10 - [MESSAGE][PASSED] - Object: '' is clicked on

2020-07-22 16:34:10 - [MESSAGE][PASSED] - Object '' is present

2020-07-22 16:34:11 - [MESSAGE][PASSED] - Object '' is not checked

2020-07-22 16:34:11 - [MESSAGE][PASSED] - Object '' is present

2020-07-22 16:34:11 - [MESSAGE][PASSED] - Object '' is not checked

2020-07-22 16:34:12 - [MESSAGE][PASSED] - Object '' is present

2020-07-22 16:34:12 - [MESSAGE][PASSED] - Object '' is not checked

2020-07-22 16:34:12 - [MESSAGE][PASSED] - Object '' is present

2020-07-22 16:34:13 - [MESSAGE][PASSED] - Object: '' is clicked on

2020-07-22 16:34:13 - [MESSAGE][PASSED] - Object '' is present

2020-07-22 16:34:14 - [MESSAGE][PASSED] - Object '' is not checked

2020-07-22 16:34:14 - [MESSAGE][PASSED] - Object '' is present

2020-07-22 16:34:14 - [MESSAGE][PASSED] - Object '' is not checked

2020-07-22 16:34:15 - [MESSAGE][PASSED] - Object '' is present

2020-07-22 16:34:15 - [MESSAGE][PASSED] - Object '' is not checked

2020-07-22 16:34:15 - [MESSAGE][PASSED] - Object '' is present

2020-07-22 16:34:15 - [MESSAGE][PASSED] - Object: '' is clicked on

2020-07-22 16:34:16 - [MESSAGE][PASSED] - Object '' is present

2020-07-22 16:34:16 - [MESSAGE][PASSED] - Object '' is not checked

2020-07-22 16:34:16 - [MESSAGE][PASSED] - Object '' is present

2020-07-22 16:34:17 - [MESSAGE][PASSED] - Object '' is not checked

2020-07-22 16:34:17 - [MESSAGE][PASSED] - Object '' is present

2020-07-22 16:34:18 - [MESSAGE][PASSED] - Object '' is not checked

2020-07-22 16:34:18 - [MESSAGE][PASSED] - Object '' is present

2020-07-22 16:34:18 - [MESSAGE][PASSED] - Object '' is not checked

2020-07-22 16:34:19 - [MESSAGE][PASSED] - Object '' is present

2020-07-22 16:34:19 - [MESSAGE][PASSED] - Object: '' is clicked on

2020-07-22 16:34:19 - [MESSAGE][PASSED] - Object '' is present

2020-07-22 16:34:20 - [MESSAGE][PASSED] - Object '' is not checked

2020-07-22 16:34:20 - [MESSAGE][PASSED] - Object '' is present

2020-07-22 16:34:20 - [MESSAGE][PASSED] - Object '' is not checked

2020-07-22 16:34:21 - [MESSAGE][PASSED] - Object '' is present

2020-07-22 16:34:21 - [MESSAGE][PASSED] - Object '' is not checked

2020-07-22 16:34:21 - [MESSAGE][PASSED] - Object '' is present

2020-07-22 16:34:22 - [MESSAGE][PASSED] - Object '' is not checked

2020-07-22 16:34:22 - [MESSAGE][PASSED] - Object '' is present

2020-07-22 16:34:22 - [MESSAGE][PASSED] - Object '' is not checked

2020-07-22 16:34:23 - [MESSAGE][PASSED] - Object '' is present

2020-07-22 16:34:23 - [MESSAGE][PASSED] - Object '' is not checked

2020-07-22 16:34:23 - [MESSAGE][PASSED] - Object '' is present

2020-07-22 16:34:24 - [MESSAGE][PASSED] - Object '' is not checked

2020-07-22 16:34:24 - [MESSAGE][PASSED] - Object '' is present

2020-07-22 16:34:24 - [MESSAGE][PASSED] - Object: '' is clicked on

2020-07-22 16:34:25 - [MESSAGE][PASSED] - Object '' is present

2020-07-22 16:34:25 - [MESSAGE][PASSED] - Object '' is not checked

2020-07-22 16:34:26 - [MESSAGE][PASSED] - Object '' is present

2020-07-22 16:34:26 - [MESSAGE][PASSED] - Object '' is not checked

2020-07-22 16:34:26 - [MESSAGE][PASSED] - Object '' is present

2020-07-22 16:34:26 - [MESSAGE][PASSED] - Object '' is not checked

2020-07-22 16:34:27 - [MESSAGE][PASSED] - Object '' is present

2020-07-22 16:34:27 - [MESSAGE][PASSED] - Object '' is not checked

2020-07-22 16:34:28 - [MESSAGE][PASSED] - Object '' is present

2020-07-22 16:34:28 - [MESSAGE][PASSED] - Object '' is not checked

2020-07-22 16:34:28 - [MESSAGE][PASSED] - Object '' is present

2020-07-22 16:34:28 - [MESSAGE][PASSED] - Object '' is not checked

2020-07-22 16:34:29 - [MESSAGE][PASSED] - Object '' is present

2020-07-22 16:34:29 - [MESSAGE][PASSED] - Object '' is not checked

2020-07-22 16:34:29 - [MESSAGE][PASSED] - Object: '' is clicked on

2020-07-22 16:34:29 - [MESSAGE][PASSED] - Object: '' is clicked on

2020-07-22 16:34:30 - [MESSAGE][PASSED] - Object: '' is clicked on

2020-07-22 16:34:30 - [MESSAGE][PASSED] - Object '' is present

2020-07-22 16:34:30 - [MESSAGE][PASSED] - Object: '' is clicked on

2020-07-22 16:34:31 - [MESSAGE][PASSED] - Object '' is present

2020-07-22 16:34:31 - [MESSAGE][PASSED] - Object '' is not checked

2020-07-22 16:34:32 - [MESSAGE][PASSED] - Object '' is present

2020-07-22 16:34:32 - [MESSAGE][PASSED] - Object '' is not checked

2020-07-22 16:34:32 - [MESSAGE][PASSED] - Object '' is present

2020-07-22 16:34:32 - [MESSAGE][PASSED] - Object: '' is clicked on

2020-07-22 16:34:33 - [MESSAGE][PASSED] - Object '' is present

2020-07-22 16:34:33 - [MESSAGE][PASSED] - Object '' is not checked

2020-07-22 16:34:34 - [MESSAGE][PASSED] - Object '' is present

2020-07-22 16:34:34 - [MESSAGE][PASSED] - Object '' is not checked

2020-07-22 16:34:34 - [MESSAGE][PASSED] - Object '' is present

2020-07-22 16:34:35 - [MESSAGE][PASSED] - Object '' is not checked

2020-07-22 16:34:35 - [MESSAGE][PASSED] - Object '' is present

2020-07-22 16:34:35 - [MESSAGE][PASSED] - Object '' is not checked

2020-07-22 16:34:36 - [MESSAGE][PASSED] - Object '' is present

2020-07-22 16:34:36 - [MESSAGE][PASSED] - Object: '' is clicked on

2020-07-22 16:34:36 - [MESSAGE][PASSED] - Object '' is present

2020-07-22 16:34:37 - [MESSAGE][PASSED] - Object '' is not checked

2020-07-22 16:34:37 - [MESSAGE][PASSED] - Object '' is present

2020-07-22 16:34:37 - [MESSAGE][PASSED] - Object '' is not checked

2020-07-22 16:34:38 - [MESSAGE][PASSED] - Object '' is present

2020-07-22 16:34:38 - [MESSAGE][PASSED] - Object '' is not checked

2020-07-22 16:34:38 - [MESSAGE][PASSED] - Object '' is present

2020-07-22 16:34:38 - [MESSAGE][PASSED] - Object '' is not checked

2020-07-22 16:34:39 - [MESSAGE][PASSED] - Object '' is present

2020-07-22 16:34:39 - [MESSAGE][PASSED] - Object '' is not checked

2020-07-22 16:34:39 - [MESSAGE][PASSED] - Object: '' is clicked on

2020-07-22 16:34:40 - [MESSAGE][PASSED] - Object: '' is clicked on

2020-07-22 16:34:40 - [MESSAGE][PASSED] - Object: '' is clicked on

2020-07-22 16:34:40 - [MESSAGE][PASSED] - Varify the mistake detail already match with the matrix Base on Type Contract

2020-07-22 16:34:40 - [TEST_STEP][PASSED] - Click on Tab "KTP": Click on Tab "KTP"

2020-07-22 16:34:40 - [MESSAGE][PASSED] - Object '' is present

2020-07-22 16:34:40 - [MESSAGE][PASSED] - Object: '' is clicked on

2020-07-22 16:34:40 - [MESSAGE][PASSED] - Click on Tab "KTP"

2020-07-22 16:34:40 - [TEST_STEP][PASSED] - Checkbox General Mistake "20. KTP atau Resi - Alamat tetap pemohon pada sistem (HoS) berbeda dengan KTP": Checkbox General Mistake "20. KTP atau Resi - Alamat tetap pemohon pada sistem (HoS) berbeda dengan KTP"

2020-07-22 16:34:41 - [MESSAGE][PASSED] - Object: '' is clicked on

2020-07-22 16:34:41 - [MESSAGE][PASSED] - Wait for page load successfully

2020-07-22 16:34:41 - [MESSAGE][PASSED] - Checkbox General Mistake "20. KTP atau Resi - Alamat tetap pemohon pada sistem (HoS) berbeda dengan KTP"

2020-07-22 16:34:41 - [TEST_STEP][PASSED] - Choose Dropdown mistake type "Beda RT" from mistake name "20. KTP atau Resi - Alamat tetap pemohon pada sistem (HoS) berbeda dengan KTP": Choose Dropdown mistake type "Beda RT" from mistake name "20. KTP atau Resi - Alamat tetap pemohon pada sistem (HoS) berbeda dengan KTP"

2020-07-22 16:34:42 - [MESSAGE][PASSED] - All options with index in [1] are selected on object ''

2020-07-22 16:34:42 - [MESSAGE][PASSED] - Wait for page load successfully

2020-07-22 16:34:42 - [MESSAGE][PASSED] - Choose Dropdown mistake type "Beda RT" from mistake name "20. KTP atau Resi - Alamat tetap pemohon pada sistem (HoS) berbeda dengan KTP"

2020-07-22 16:34:42 - [TEST_STEP][PASSED] - Type on textarea note before based on mistake name "20. KTP atau Resi - Alamat tetap pemohon pada sistem (HoS) berbeda dengan KTP" with value "TESTING": Type on textarea note before based on mistake name "20. KTP atau Resi - Alamat tetap pemohon pada sistem (HoS) berbeda dengan KTP" with value "TESTING"

2020-07-22 16:34:43 - [MESSAGE][PASSED] - Text 'TESTING' is set on object ''

2020-07-22 16:34:43 - [MESSAGE][PASSED] - Wait for page load successfully

2020-07-22 16:34:43 - [MESSAGE][PASSED] - Type on textarea note before based on mistake name "20. KTP atau Resi - Alamat tetap pemohon pada sistem (HoS) berbeda dengan KTP" with value "TESTING"

2020-07-22 16:34:43 - [TEST_STEP][PASSED] - Type on textarea note after based on mistake name "20. KTP atau Resi - Alamat tetap pemohon pada sistem (HoS) berbeda dengan KTP" with value "TESTING after": Type on textarea note after based on mistake name "20. KTP atau Resi - Alamat tetap pemohon pada sistem (HoS) berbeda dengan KTP" with value "TESTING after"

2020-07-22 16:34:43 - [MESSAGE][PASSED] - Text 'TESTING after' is set on object ''

2020-07-22 16:34:43 - [MESSAGE][PASSED] - Wait for page load successfully

2020-07-22 16:34:43 - [MESSAGE][PASSED] - Type on textarea note after based on mistake name "20. KTP atau Resi - Alamat tetap pemohon pada sistem (HoS) berbeda dengan KTP" with value "TESTING after"

2020-07-22 16:34:43 - [TEST_STEP][PASSED] - Click button "Save": Click button "Save"

2020-07-22 16:34:43 - [MESSAGE][INFO] - >>>>>//Button[contains(text(),'Save')]

2020-07-22 16:34:47 - [MESSAGE][PASSED] - Object: '' is clicked on

2020-07-22 16:34:47 - [MESSAGE][PASSED] - Click button "Save"

2020-07-22 16:34:47 - [TEST_STEP][PASSED] - Get text from pop up "IT Supporting Tools" with text "Mistake has been saved": Get text from pop up "IT Supporting Tools" with text "Mistake has been saved"

2020-07-22 16:34:48 - [MESSAGE][PASSED] - Object '' is present

2020-07-22 16:34:48 - [MESSAGE][PASSED] - Wait for page load successfully

2020-07-22 16:34:48 - [MESSAGE][PASSED] - Wait for page load successfully

2020-07-22 16:34:48 - [MESSAGE][PASSED] - Get text from pop up "IT Supporting Tools" with text "Mistake has been saved"

2020-07-22 16:34:48 - [TEST_STEP][PASSED] - Click button "OK": Click button "OK"

2020-07-22 16:34:48 - [MESSAGE][INFO] - >>>>>//Button[contains(text(),'OK')]

2020-07-22 16:34:51 - [MESSAGE][PASSED] - Object: '' is clicked on

2020-07-22 16:34:51 - [MESSAGE][PASSED] - Click button "OK"

2020-07-22 16:34:51 - [TEST_STEP][PASSED] - Click button "Logout": Click button "Logout"

2020-07-22 16:34:51 - [MESSAGE][INFO] - >>>>>//Button[contains(text(),'Logout')]

2020-07-22 16:34:55 - [MESSAGE][PASSED] - Object: '' is clicked on

2020-07-22 16:34:55 - [MESSAGE][PASSED] - Click button "Logout"

2020-07-22 16:34:55 - [TEST_STEP][PASSED] - Close browser: Close browser

2020-07-22 16:34:55 - [MESSAGE][PASSED] - Browser is closed

2020-07-22 16:34:55 - [MESSAGE][PASSED] - Close browser

2020-07-22 16:34:55 - [MESSAGE][PASSED] - Feature file: 'Include/features/IST_Real/CONTRACT_DISPATCHER_TWO_WHEELERS/DEV/Contract_Dispatcher_TW.feature' was passed]]></system-out>
         <system-err><![CDATA[]]></system-err>
      </testcase>
      <testcase name="Test Cases/IST_Real/CONTRACT_DISPATCHER_TWO_WHEELERS/DEV/Update_Tbl_CDS_CDC" time="0.723" classname="Test Cases/IST_Real/CONTRACT_DISPATCHER_TWO_WHEELERS/DEV/Update_Tbl_CDS_CDC" status="PASSED">
         <system-out><![CDATA[2020-07-22 16:34:55 - [TEST_CASE][PASSED] - Test Cases/IST_Real/CONTRACT_DISPATCHER_TWO_WHEELERS/DEV/Update_Tbl_CDS_CDC: Test Cases/IST_Real/CONTRACT_DISPATCHER_TWO_WHEELERS/DEV/Update_Tbl_CDS_CDC

2020-07-22 16:34:55 - [TEST_STEP][PASSED] - runFeatureFile("Include/features/IST_Real/CONTRACT_DISPATCHER_TWO_WHEELERS/DEV/Update_Tbl_CDS_CDC.feature"): Feature file: 'Include/features/IST_Real/CONTRACT_DISPATCHER_TWO_WHEELERS/DEV/Update_Tbl_CDS_CDC.feature' was passed

2020-07-22 16:34:55 - [MESSAGE][INFO] - Starting run keyword runFeatureFile: 'Include/features/IST_Real/CONTRACT_DISPATCHER_TWO_WHEELERS/DEV/Update_Tbl_CDS_CDC.feature' and extract report to folder: '/Users/chaidir.pratama01/Katalon Studio/IST_Automation_Git/Reports/20200722_163310/CONTRACT_DISPATCHER_TWO_WHEELERS/DEV/TS_Contract_Dispatcher_Two_Wheelers/20200722_163310/cucumber_report/1595410495247'...

2020-07-22 16:34:55 - [TEST_CASE][PASSED] - Start Test Case : SCENARIO Update Table CONTRACT_DISPATCHER_SOURCE and CONTRACT_DISPTACHER_CLAIM: SCENARIO Update Table CONTRACT_DISPATCHER_SOURCE and CONTRACT_DISPTACHER_CLAIM

2020-07-22 16:34:55 - [TEST_STEP][PASSED] - Connect to APP_ACCOUNT C1: Connect to APP_ACCOUNT C1

2020-07-22 16:34:55 - [MESSAGE][PASSED] - Connect to APP_ACCOUNT C1

2020-07-22 16:34:55 - [TEST_STEP][PASSED] - Update Tbl CONTRACT DISPATCHER SOURCE To Change PROCESSED From Y to N: Update Tbl CONTRACT DISPATCHER SOURCE To Change PROCESSED From Y to N

2020-07-22 16:34:55 - [MESSAGE][PASSED] - Update Tbl CONTRACT DISPATCHER SOURCE To Change PROCESSED From Y to N

2020-07-22 16:34:55 - [TEST_STEP][PASSED] - Update Tbl CONTRACT DISPATCHER CLAIM To Delete PROCESS From Column STATUS: Update Tbl CONTRACT DISPATCHER CLAIM To Delete PROCESS From Column STATUS

2020-07-22 16:34:55 - [MESSAGE][PASSED] - Update Tbl CONTRACT DISPATCHER CLAIM To Delete PROCESS From Column STATUS

2020-07-22 16:34:55 - [MESSAGE][PASSED] - Feature file: 'Include/features/IST_Real/CONTRACT_DISPATCHER_TWO_WHEELERS/DEV/Update_Tbl_CDS_CDC.feature' was passed]]></system-out>
         <system-err><![CDATA[]]></system-err>
      </testcase>
      <testcase name="Test Cases/IST_Real/CONTRACT_DISPATCHER_TWO_WHEELERS/DEV/Delete_ContractNumber_from_TRK_REGISTRATION_MISTAKE" time="0.423" classname="Test Cases/IST_Real/CONTRACT_DISPATCHER_TWO_WHEELERS/DEV/Delete_ContractNumber_from_TRK_REGISTRATION_MISTAKE" status="PASSED">
         <system-out><![CDATA[2020-07-22 16:34:55 - [TEST_CASE][PASSED] - Test Cases/IST_Real/CONTRACT_DISPATCHER_TWO_WHEELERS/DEV/Delete_ContractNumber_from_TRK_REGISTRATION_MISTAKE: Test Cases/IST_Real/CONTRACT_DISPATCHER_TWO_WHEELERS/DEV/Delete_ContractNumber_from_TRK_REGISTRATION_MISTAKE

2020-07-22 16:34:56 - [TEST_STEP][PASSED] - runFeatureFile("Include/features/IST_Real/CONTRACT_DISPATCHER_TWO_WHEELERS/DEV/Delete_ContractNumber_from_TRK_REGISTRATION_MISTAKE.feature"): Feature file: 'Include/features/IST_Real/CONTRACT_DISPATCHER_TWO_WHEELERS/DEV/Delete_ContractNumber_from_TRK_REGISTRATION_MISTAKE.feature' was passed

2020-07-22 16:34:56 - [MESSAGE][INFO] - Starting run keyword runFeatureFile: 'Include/features/IST_Real/CONTRACT_DISPATCHER_TWO_WHEELERS/DEV/Delete_ContractNumber_from_TRK_REGISTRATION_MISTAKE.feature' and extract report to folder: '/Users/chaidir.pratama01/Katalon Studio/IST_Automation_Git/Reports/20200722_163310/CONTRACT_DISPATCHER_TWO_WHEELERS/DEV/TS_Contract_Dispatcher_Two_Wheelers/20200722_163310/cucumber_report/1595410496057'...

2020-07-22 16:34:56 - [TEST_CASE][PASSED] - Start Test Case : SCENARIO Delete Contract from TRK_REGISTRATION_MISTAKE: SCENARIO Delete Contract from TRK_REGISTRATION_MISTAKE

2020-07-22 16:34:56 - [TEST_STEP][PASSED] - Connect to APP_ACCOUNT C1: Connect to APP_ACCOUNT C1

2020-07-22 16:34:56 - [MESSAGE][PASSED] - Connect to APP_ACCOUNT C1

2020-07-22 16:34:56 - [TEST_STEP][PASSED] - Delete Contract From TRK_REGISTRATION_MISTAKE: Delete Contract From TRK_REGISTRATION_MISTAKE

2020-07-22 16:34:56 - [MESSAGE][PASSED] - Delete Contract From TRK_REGISTRATION_MISTAKE

2020-07-22 16:34:56 - [MESSAGE][PASSED] - Feature file: 'Include/features/IST_Real/CONTRACT_DISPATCHER_TWO_WHEELERS/DEV/Delete_ContractNumber_from_TRK_REGISTRATION_MISTAKE.feature' was passed]]></system-out>
         <system-err><![CDATA[]]></system-err>
      </testcase>
      <testcase name="Test Cases/IST_Real/CONTRACT_DISPATCHER_TWO_WHEELERS/DEV/Claim_Contract_Two_Wheelers_then_Save_it_Without_Register_Any_Mistakes" time="88.1" classname="Test Cases/IST_Real/CONTRACT_DISPATCHER_TWO_WHEELERS/DEV/Claim_Contract_Two_Wheelers_then_Save_it_Without_Register_Any_Mistakes" status="FAILED">
         <failure type="FAILED" message="Test Cases/IST_Real/CONTRACT_DISPATCHER_TWO_WHEELERS/DEV/Claim_Contract_Two_Wheelers_then_Save_it_Without_Register_Any_Mistakes FAILED.
Reason:
com.kms.katalon.core.exception.StepFailedException: Feature file 'Include/features/IST_Real/CONTRACT_DISPATCHER_TWO_WHEELERS/DEV/Claim_Contract_Two_Wheelers_then_Save_it_Without_Register_Any_Mistakes.feature' was failed
	at com.kms.katalon.core.keyword.internal.KeywordMain.stepFailed(KeywordMain.groovy:50)
	at com.kms.katalon.core.keyword.internal.KeywordMain.stepFailed(KeywordMain.groovy)
	at com.kms.katalon.core.keyword.internal.KeywordMain.stepFailed(KeywordMain.groovy:23)
	at com.kms.katalon.core.keyword.internal.KeywordMain$stepFailed$0.call(Unknown Source)
	at com.kms.katalon.core.cucumber.keyword.CucumberBuiltinKeywords$_runFeatureFile_closure1.doCall(CucumberBuiltinKeywords.groovy:82)
	at com.kms.katalon.core.cucumber.keyword.CucumberBuiltinKeywords$_runFeatureFile_closure1.doCall(CucumberBuiltinKeywords.groovy)
	at com.kms.katalon.core.keyword.internal.KeywordMain.runKeyword(KeywordMain.groovy:68)
	at com.kms.katalon.core.keyword.internal.KeywordMain$runKeyword.call(Unknown Source)
	at com.kms.katalon.core.cucumber.keyword.CucumberBuiltinKeywords.runFeatureFile(CucumberBuiltinKeywords.groovy:46)
	at com.kms.katalon.core.cucumber.keyword.CucumberBuiltinKeywords$runFeatureFile$0.callStatic(Unknown Source)
	at com.kms.katalon.core.cucumber.keyword.CucumberBuiltinKeywords.runFeatureFile(CucumberBuiltinKeywords.groovy:169)
	at com.kms.katalon.core.cucumber.keyword.CucumberBuiltinKeywords$runFeatureFile.call(Unknown Source)
	at Claim_Contract_Two_Wheelers_then_Save_it_Without_Register_Any_Mistakes.run(Claim_Contract_Two_Wheelers_then_Save_it_Without_Register_Any_Mistakes:16)
	at com.kms.katalon.core.main.ScriptEngine.run(ScriptEngine.java:194)
	at com.kms.katalon.core.main.ScriptEngine.runScriptAsRawText(ScriptEngine.java:119)
	at com.kms.katalon.core.main.TestCaseExecutor.runScript(TestCaseExecutor.java:339)
	at com.kms.katalon.core.main.TestCaseExecutor.doExecute(TestCaseExecutor.java:330)
	at com.kms.katalon.core.main.TestCaseExecutor.processExecutionPhase(TestCaseExecutor.java:309)
	at com.kms.katalon.core.main.TestCaseExecutor.accessMainPhase(TestCaseExecutor.java:301)
	at com.kms.katalon.core.main.TestCaseExecutor.execute(TestCaseExecutor.java:235)
	at com.kms.katalon.core.main.TestSuiteExecutor.accessTestCaseMainPhase(TestSuiteExecutor.java:191)
	at com.kms.katalon.core.main.TestSuiteExecutor.accessTestSuiteMainPhase(TestSuiteExecutor.java:141)
	at com.kms.katalon.core.main.TestSuiteExecutor.execute(TestSuiteExecutor.java:90)
	at com.kms.katalon.core.main.TestCaseMain.startTestSuite(TestCaseMain.java:157)
	at com.kms.katalon.core.main.TestCaseMain$startTestSuite$0.call(Unknown Source)
	at TempTestSuite1595410390420.run(TempTestSuite1595410390420.groovy:39)
"/>
         <system-out><![CDATA[2020-07-22 16:34:56 - [TEST_CASE][FAILED] - Test Cases/IST_Real/CONTRACT_DISPATCHER_TWO_WHEELERS/DEV/Claim_Contract_Two_Wheelers_then_Save_it_Without_Register_Any_Mistakes: Test Cases/IST_Real/CONTRACT_DISPATCHER_TWO_WHEELERS/DEV/Claim_Contract_Two_Wheelers_then_Save_it_Without_Register_Any_Mistakes FAILED.
Reason:
com.kms.katalon.core.exception.StepFailedException: Feature file 'Include/features/IST_Real/CONTRACT_DISPATCHER_TWO_WHEELERS/DEV/Claim_Contract_Two_Wheelers_then_Save_it_Without_Register_Any_Mistakes.feature' was failed
	at com.kms.katalon.core.keyword.internal.KeywordMain.stepFailed(KeywordMain.groovy:50)
	at com.kms.katalon.core.keyword.internal.KeywordMain.stepFailed(KeywordMain.groovy)
	at com.kms.katalon.core.keyword.internal.KeywordMain.stepFailed(KeywordMain.groovy:23)
	at com.kms.katalon.core.keyword.internal.KeywordMain$stepFailed$0.call(Unknown Source)
	at com.kms.katalon.core.cucumber.keyword.CucumberBuiltinKeywords$_runFeatureFile_closure1.doCall(CucumberBuiltinKeywords.groovy:82)
	at com.kms.katalon.core.cucumber.keyword.CucumberBuiltinKeywords$_runFeatureFile_closure1.doCall(CucumberBuiltinKeywords.groovy)
	at com.kms.katalon.core.keyword.internal.KeywordMain.runKeyword(KeywordMain.groovy:68)
	at com.kms.katalon.core.keyword.internal.KeywordMain$runKeyword.call(Unknown Source)
	at com.kms.katalon.core.cucumber.keyword.CucumberBuiltinKeywords.runFeatureFile(CucumberBuiltinKeywords.groovy:46)
	at com.kms.katalon.core.cucumber.keyword.CucumberBuiltinKeywords$runFeatureFile$0.callStatic(Unknown Source)
	at com.kms.katalon.core.cucumber.keyword.CucumberBuiltinKeywords.runFeatureFile(CucumberBuiltinKeywords.groovy:169)
	at com.kms.katalon.core.cucumber.keyword.CucumberBuiltinKeywords$runFeatureFile.call(Unknown Source)
	at Claim_Contract_Two_Wheelers_then_Save_it_Without_Register_Any_Mistakes.run(Claim_Contract_Two_Wheelers_then_Save_it_Without_Register_Any_Mistakes:16)
	at com.kms.katalon.core.main.ScriptEngine.run(ScriptEngine.java:194)
	at com.kms.katalon.core.main.ScriptEngine.runScriptAsRawText(ScriptEngine.java:119)
	at com.kms.katalon.core.main.TestCaseExecutor.runScript(TestCaseExecutor.java:339)
	at com.kms.katalon.core.main.TestCaseExecutor.doExecute(TestCaseExecutor.java:330)
	at com.kms.katalon.core.main.TestCaseExecutor.processExecutionPhase(TestCaseExecutor.java:309)
	at com.kms.katalon.core.main.TestCaseExecutor.accessMainPhase(TestCaseExecutor.java:301)
	at com.kms.katalon.core.main.TestCaseExecutor.execute(TestCaseExecutor.java:235)
	at com.kms.katalon.core.main.TestSuiteExecutor.accessTestCaseMainPhase(TestSuiteExecutor.java:191)
	at com.kms.katalon.core.main.TestSuiteExecutor.accessTestSuiteMainPhase(TestSuiteExecutor.java:141)
	at com.kms.katalon.core.main.TestSuiteExecutor.execute(TestSuiteExecutor.java:90)
	at com.kms.katalon.core.main.TestCaseMain.startTestSuite(TestCaseMain.java:157)
	at com.kms.katalon.core.main.TestCaseMain$startTestSuite$0.call(Unknown Source)
	at TempTestSuite1595410390420.run(TempTestSuite1595410390420.groovy:39)


2020-07-22 16:34:56 - [TEST_STEP][FAILED] - runFeatureFile("Include/features/IST_Real/CONTRACT_DISPATCHER_TWO_WHEELERS/DEV/Claim_Contract_Two_Wheelers_then_Save_it_Without_Register_Any_Mistakes.feature"): Keyword runFeatureFile was failed (Root cause: com.kms.katalon.core.exception.StepFailedException: Feature file 'Include/features/IST_Real/CONTRACT_DISPATCHER_TWO_WHEELERS/DEV/Claim_Contract_Two_Wheelers_then_Save_it_Without_Register_Any_Mistakes.feature' was failed
	at com.kms.katalon.core.keyword.internal.KeywordMain.stepFailed(KeywordMain.groovy:50)
	at com.kms.katalon.core.keyword.internal.KeywordMain.stepFailed(KeywordMain.groovy)
	at com.kms.katalon.core.keyword.internal.KeywordMain.stepFailed(KeywordMain.groovy:23)
	at com.kms.katalon.core.keyword.internal.KeywordMain$stepFailed$0.call(Unknown Source)
	at com.kms.katalon.core.cucumber.keyword.CucumberBuiltinKeywords$_runFeatureFile_closure1.doCall(CucumberBuiltinKeywords.groovy:82)
	at com.kms.katalon.core.cucumber.keyword.CucumberBuiltinKeywords$_runFeatureFile_closure1.doCall(CucumberBuiltinKeywords.groovy)
	at com.kms.katalon.core.keyword.internal.KeywordMain.runKeyword(KeywordMain.groovy:68)
	at com.kms.katalon.core.keyword.internal.KeywordMain$runKeyword.call(Unknown Source)
	at com.kms.katalon.core.cucumber.keyword.CucumberBuiltinKeywords.runFeatureFile(CucumberBuiltinKeywords.groovy:46)
	at com.kms.katalon.core.cucumber.keyword.CucumberBuiltinKeywords$runFeatureFile$0.callStatic(Unknown Source)
	at com.kms.katalon.core.cucumber.keyword.CucumberBuiltinKeywords.runFeatureFile(CucumberBuiltinKeywords.groovy:169)
	at com.kms.katalon.core.cucumber.keyword.CucumberBuiltinKeywords$runFeatureFile.call(Unknown Source)
	at Claim_Contract_Two_Wheelers_then_Save_it_Without_Register_Any_Mistakes.run(Claim_Contract_Two_Wheelers_then_Save_it_Without_Register_Any_Mistakes:16)
	at com.kms.katalon.core.main.ScriptEngine.run(ScriptEngine.java:194)
	at com.kms.katalon.core.main.ScriptEngine.runScriptAsRawText(ScriptEngine.java:119)
	at com.kms.katalon.core.main.TestCaseExecutor.runScript(TestCaseExecutor.java:339)
	at com.kms.katalon.core.main.TestCaseExecutor.doExecute(TestCaseExecutor.java:330)
	at com.kms.katalon.core.main.TestCaseExecutor.processExecutionPhase(TestCaseExecutor.java:309)
	at com.kms.katalon.core.main.TestCaseExecutor.accessMainPhase(TestCaseExecutor.java:301)
	at com.kms.katalon.core.main.TestCaseExecutor.execute(TestCaseExecutor.java:235)
	at com.kms.katalon.core.main.TestSuiteExecutor.accessTestCaseMainPhase(TestSuiteExecutor.java:191)
	at com.kms.katalon.core.main.TestSuiteExecutor.accessTestSuiteMainPhase(TestSuiteExecutor.java:141)
	at com.kms.katalon.core.main.TestSuiteExecutor.execute(TestSuiteExecutor.java:90)
	at com.kms.katalon.core.main.TestCaseMain.startTestSuite(TestCaseMain.java:157)
	at com.kms.katalon.core.main.TestCaseMain$startTestSuite$0.call(Unknown Source)
	at TempTestSuite1595410390420.run(TempTestSuite1595410390420.groovy:39)
)

2020-07-22 16:34:56 - [MESSAGE][INFO] - Starting run keyword runFeatureFile: 'Include/features/IST_Real/CONTRACT_DISPATCHER_TWO_WHEELERS/DEV/Claim_Contract_Two_Wheelers_then_Save_it_Without_Register_Any_Mistakes.feature' and extract report to folder: '/Users/chaidir.pratama01/Katalon Studio/IST_Automation_Git/Reports/20200722_163310/CONTRACT_DISPATCHER_TWO_WHEELERS/DEV/TS_Contract_Dispatcher_Two_Wheelers/20200722_163310/cucumber_report/1595410496467'...

2020-07-22 16:34:56 - [TEST_CASE][FAILED] - Start Test Case : SCENARIO Select Menu Contract Dispatcher and Select Contract based on type contract Two Wheelers: SCENARIO Select Menu Contract Dispatcher and Select Contract based on type contract Two Wheelers FAILED.
Reason:
com.kms.katalon.core.exception.StepFailedException: Unable to click on object ''
	at com.kms.katalon.core.webui.keyword.internal.WebUIKeywordMain.stepFailed(WebUIKeywordMain.groovy:64)
	at com.kms.katalon.core.webui.keyword.internal.WebUIKeywordMain.runKeyword(WebUIKeywordMain.groovy:26)
	at com.kms.katalon.core.webui.keyword.builtin.ClickKeyword.click(ClickKeyword.groovy:76)
	at com.kms.katalon.core.webui.keyword.builtin.ClickKeyword.execute(ClickKeyword.groovy:43)
	at com.kms.katalon.core.keyword.internal.KeywordExecutor.executeKeywordForPlatform(KeywordExecutor.groovy:73)
	at com.kms.katalon.core.webui.keyword.WebUiBuiltInKeywords.click(WebUiBuiltInKeywords.groovy:616)
	at com.kms.katalon.core.webui.keyword.WebUiBuiltInKeywords$click$3.call(Unknown Source)
	at ist_real.Contract_Dispatcher.ClickButton(Contract_Dispatcher.groovy:360)
	at ✽.Click button "Logout"(/Users/chaidir.pratama01/Katalon Studio/IST_Automation_Git/Include/features/IST_Real/CONTRACT_DISPATCHER_TWO_WHEELERS/DEV/Claim_Contract_Two_Wheelers_then_Save_it_Without_Register_Any_Mistakes.feature:37)
Caused by: org.openqa.selenium.ElementClickInterceptedException: element click intercepted: Element <button type="button" id="v0IQd" class="btn-danger btn-sm btn">...</button> is not clickable at point (1626, 55). Other element would receive the click: <div id="v0IQay1-mask" class="z-modal-mask" style="z-index: 1800; left: 0px; top: 0px; width: 1680px; height: 855px; display: block;"></div>
  (Session info: chrome=84.0.4147.89)
Build info: version: '3.141.59', revision: 'e82be7d358', time: '2018-11-14T08:25:53'
System info: host: 'M-Chaidir-Pratama.local', ip: 'fe80:0:0:0:466:66fd:4850:23be%en0', os.name: 'Mac OS X', os.arch: 'x86_64', os.version: '10.15', java.version: '1.8.0_181'
Driver info: com.kms.katalon.selenium.driver.CChromeDriver
Capabilities {acceptInsecureCerts: false, browserName: chrome, browserVersion: 84.0.4147.89, chrome: {chromedriverVersion: 84.0.4147.30 (48b3e868b4cc0..., userDataDir: /var/folders/0s/4_d154xd6dq...}, goog:chromeOptions: {debuggerAddress: localhost:52315}, javascriptEnabled: true, networkConnectionEnabled: false, pageLoadStrategy: normal, platform: MAC, platformName: MAC, proxy: Proxy(), setWindowRect: true, strictFileInteractability: false, timeouts: {implicit: 0, pageLoad: 300000, script: 30000}, unhandledPromptBehavior: dismiss and notify, webauthn:virtualAuthenticators: true}
Session ID: 33644261d3d4999303844f8d8717caff
	at org.openqa.selenium.remote.http.W3CHttpResponseCodec.createException(W3CHttpResponseCodec.java:187)
	at org.openqa.selenium.remote.http.W3CHttpResponseCodec.decode(W3CHttpResponseCodec.java:122)
	at org.openqa.selenium.remote.http.W3CHttpResponseCodec.decode(W3CHttpResponseCodec.java:49)
	at org.openqa.selenium.remote.HttpCommandExecutor.execute(HttpCommandExecutor.java:158)
	at org.openqa.selenium.remote.service.DriverCommandExecutor.execute(DriverCommandExecutor.java:83)
	at org.openqa.selenium.remote.RemoteWebDriver.execute(RemoteWebDriver.java:552)
	at com.kms.katalon.selenium.driver.CChromeDriver.execute(CChromeDriver.java:19)
	at org.openqa.selenium.remote.RemoteWebElement.execute(RemoteWebElement.java:285)
	at org.openqa.selenium.remote.RemoteWebElement.click(RemoteWebElement.java:84)
	at org.openqa.selenium.support.events.EventFiringWebDriver$EventFiringWebElement.lambda$new$0(EventFiringWebDriver.java:404)
	at com.sun.proxy.$Proxy19.click(Unknown Source)
	at org.openqa.selenium.support.events.EventFiringWebDriver$EventFiringWebElement.click(EventFiringWebDriver.java:417)
	at com.kms.katalon.core.webui.keyword.builtin.ClickKeyword$_click_closure1.doCall(ClickKeyword.groovy:69)
	at com.kms.katalon.core.webui.keyword.builtin.ClickKeyword$_click_closure1.call(ClickKeyword.groovy)
	at com.kms.katalon.core.webui.keyword.internal.WebUIKeywordMain.runKeyword(WebUIKeywordMain.groovy:20)
	at com.kms.katalon.core.webui.keyword.builtin.ClickKeyword.click(ClickKeyword.groovy:76)
	at com.kms.katalon.core.webui.keyword.builtin.ClickKeyword.execute(ClickKeyword.groovy:43)
	at com.kms.katalon.core.keyword.internal.KeywordExecutor.executeKeywordForPlatform(KeywordExecutor.groovy:73)
	at com.kms.katalon.core.webui.keyword.WebUiBuiltInKeywords.click(WebUiBuiltInKeywords.groovy:616)
	at com.kms.katalon.core.webui.keyword.WebUiBuiltInKeywords$click$3.call(Unknown Source)
	at ist_real.Contract_Dispatcher.ClickButton(Contract_Dispatcher.groovy:360)
	at cucumber.runtime.Utils$1.call(Utils.java:26)
	at cucumber.runtime.Timeout.timeout(Timeout.java:16)
	at cucumber.runtime.Utils.invoke(Utils.java:20)
	at cucumber.runtime.java.JavaStepDefinition.execute(JavaStepDefinition.java:48)
	at cucumber.runtime.PickleStepDefinitionMatch.runStep(PickleStepDefinitionMatch.java:50)
	at cucumber.runner.TestStep.executeStep(TestStep.java:55)
	at cucumber.runner.TestStep.run(TestStep.java:42)
	at cucumber.runner.PickleStepTestStep.run(PickleStepTestStep.java:53)
	at cucumber.runner.TestCase.run(TestCase.java:47)
	at cucumber.runner.Runner.runPickle(Runner.java:44)
	at cucumber.runtime.Runtime.runFeature(Runtime.java:120)
	at cucumber.runtime.Runtime.run(Runtime.java:106)
	at cucumber.api.cli.Main.run(Main.java:35)
	at cucumber.api.cli.Main$run.call(Unknown Source)
	at com.kms.katalon.core.cucumber.keyword.CucumberBuiltinKeywords$_runFeatureFile_closure1.doCall(CucumberBuiltinKeywords.groovy:76)
	at com.kms.katalon.core.cucumber.keyword.CucumberBuiltinKeywords$_runFeatureFile_closure1.doCall(CucumberBuiltinKeywords.groovy)
	at com.kms.katalon.core.keyword.internal.KeywordMain.runKeyword(KeywordMain.groovy:68)
	at com.kms.katalon.core.keyword.internal.KeywordMain$runKeyword.call(Unknown Source)
	at com.kms.katalon.core.cucumber.keyword.CucumberBuiltinKeywords.runFeatureFile(CucumberBuiltinKeywords.groovy:46)
	at com.kms.katalon.core.cucumber.keyword.CucumberBuiltinKeywords$runFeatureFile$0.callStatic(Unknown Source)
	at com.kms.katalon.core.cucumber.keyword.CucumberBuiltinKeywords.runFeatureFile(CucumberBuiltinKeywords.groovy:169)
	at com.kms.katalon.core.cucumber.keyword.CucumberBuiltinKeywords$runFeatureFile.call(Unknown Source)
	at Claim_Contract_Two_Wheelers_then_Save_it_Without_Register_Any_Mistakes.run(Claim_Contract_Two_Wheelers_then_Save_it_Without_Register_Any_Mistakes:16)
	at com.kms.katalon.core.main.ScriptEngine.run(ScriptEngine.java:194)
	at com.kms.katalon.core.main.ScriptEngine.runScriptAsRawText(ScriptEngine.java:119)
	at com.kms.katalon.core.main.TestCaseExecutor.runScript(TestCaseExecutor.java:339)
	at com.kms.katalon.core.main.TestCaseExecutor.doExecute(TestCaseExecutor.java:330)
	at com.kms.katalon.core.main.TestCaseExecutor.processExecutionPhase(TestCaseExecutor.java:309)
	at com.kms.katalon.core.main.TestCaseExecutor.accessMainPhase(TestCaseExecutor.java:301)
	at com.kms.katalon.core.main.TestCaseExecutor.execute(TestCaseExecutor.java:235)
	at com.kms.katalon.core.main.TestSuiteExecutor.accessTestCaseMainPhase(TestSuiteExecutor.java:191)
	at com.kms.katalon.core.main.TestSuiteExecutor.accessTestSuiteMainPhase(TestSuiteExecutor.java:141)
	at com.kms.katalon.core.main.TestSuiteExecutor.execute(TestSuiteExecutor.java:90)
	at com.kms.katalon.core.main.TestCaseMain.startTestSuite(TestCaseMain.java:157)
	at com.kms.katalon.core.main.TestCaseMain$startTestSuite$0.call(Unknown Source)
	at TempTestSuite1595410390420.run(TempTestSuite1595410390420.groovy:39)


2020-07-22 16:34:56 - [TEST_STEP][PASSED] - Go to IST: Go to IST

2020-07-22 16:34:56 - [MESSAGE][INFO] - Starting 'Chrome' driver

2020-07-22 16:34:56 - [MESSAGE][INFO] - Action delay is set to 0 milliseconds

2020-07-22 16:34:57 - [MESSAGE][PASSED] - Browser is opened with url: ''

2020-07-22 16:34:58 - [MESSAGE][PASSED] - Navigate to 'https://dev-istools.homecredit.id/foundation/login.zul' successfully

2020-07-22 16:34:58 - [MESSAGE][PASSED] - Go to IST

2020-07-22 16:34:58 - [TEST_STEP][PASSED] - Login IST with valid credentials: Login IST with valid credentials

2020-07-22 16:34:58 - [MESSAGE][PASSED] - Text 'mobile.test' is set on object 'Object Repository/Page_/input_Username_j_username'

2020-07-22 16:34:59 - [MESSAGE][PASSED] - Text ****** has been set on object 'Object Repository/Page_/input_Password_j_password'

2020-07-22 16:35:00 - [MESSAGE][PASSED] - Object: 'Object Repository/Page_/button_Login' is clicked on

2020-07-22 16:35:00 - [MESSAGE][PASSED] - Login IST with valid credentials

2020-07-22 16:35:00 - [TEST_STEP][PASSED] - Login Success for contract dispatcher: Login Success for contract dispatcher

2020-07-22 16:35:00 - [MESSAGE][INFO] - Login Success

2020-07-22 16:35:00 - [MESSAGE][PASSED] - Current window maximized

2020-07-22 16:35:00 - [MESSAGE][PASSED] - Object 'Object Repository/Page_/h1_Welcome to IT Supporting Tools' is present

2020-07-22 16:35:00 - [MESSAGE][PASSED] - Login Success for contract dispatcher

2020-07-22 16:35:00 - [TEST_STEP][PASSED] - Select Menu "Contract Dispatcher": Select Menu "Contract Dispatcher"

2020-07-22 16:35:00 - [MESSAGE][PASSED] - Object '' is present

2020-07-22 16:35:01 - [MESSAGE][PASSED] - Object: '' is clicked on

2020-07-22 16:35:01 - [MESSAGE][PASSED] - Wait for page load successfully

2020-07-22 16:35:01 - [MESSAGE][PASSED] - Select Menu "Contract Dispatcher"

2020-07-22 16:35:01 - [TEST_STEP][PASSED] - Select Contract Number based on Type Contract "TWO_WHEELERS": Select Contract Number based on Type Contract "TWO_WHEELERS"

2020-07-22 16:35:01 - [MESSAGE][PASSED] - Object '' is present

2020-07-22 16:35:02 - [MESSAGE][PASSED] - Object '' is present

2020-07-22 16:35:02 - [MESSAGE][PASSED] - Object: '' is clicked on

2020-07-22 16:35:02 - [MESSAGE][PASSED] - Object '' is checked

2020-07-22 16:35:02 - [MESSAGE][PASSED] - Select Contract Number based on Type Contract "TWO_WHEELERS"

2020-07-22 16:35:02 - [TEST_STEP][PASSED] - Click button "Claim": Click button "Claim"

2020-07-22 16:35:02 - [MESSAGE][INFO] - >>>>>//Button[contains(text(),'Claim')]

2020-07-22 16:35:06 - [MESSAGE][PASSED] - Object: '' is clicked on

2020-07-22 16:35:06 - [MESSAGE][PASSED] - Click button "Claim"

2020-07-22 16:35:06 - [TEST_STEP][PASSED] - Varify the mistake detail already match with the matrix Base on Type Contract: Varify the mistake detail already match with the matrix Base on Type Contract

2020-07-22 16:35:07 - [MESSAGE][PASSED] - Object '' is present

2020-07-22 16:35:08 - [MESSAGE][PASSED] - Object: '' is clicked on

2020-07-22 16:35:08 - [MESSAGE][PASSED] - Object '' is present

2020-07-22 16:35:08 - [MESSAGE][PASSED] - Object '' is not checked

2020-07-22 16:35:08 - [MESSAGE][PASSED] - Object '' is present

2020-07-22 16:35:09 - [MESSAGE][PASSED] - Object '' is not checked

2020-07-22 16:35:09 - [MESSAGE][PASSED] - Object '' is present

2020-07-22 16:35:09 - [MESSAGE][PASSED] - Object '' is not checked

2020-07-22 16:35:10 - [MESSAGE][PASSED] - Object '' is present

2020-07-22 16:35:10 - [MESSAGE][PASSED] - Object '' is not checked

2020-07-22 16:35:10 - [MESSAGE][PASSED] - Object '' is present

2020-07-22 16:35:11 - [MESSAGE][PASSED] - Object '' is not checked

2020-07-22 16:35:11 - [MESSAGE][PASSED] - Object '' is present

2020-07-22 16:35:11 - [MESSAGE][PASSED] - Object '' is not checked

2020-07-22 16:35:12 - [MESSAGE][PASSED] - Object '' is present

2020-07-22 16:35:12 - [MESSAGE][PASSED] - Object '' is not checked

2020-07-22 16:35:12 - [MESSAGE][PASSED] - Object '' is present

2020-07-22 16:35:13 - [MESSAGE][PASSED] - Object '' is not checked

2020-07-22 16:35:13 - [MESSAGE][PASSED] - Object '' is present

2020-07-22 16:35:13 - [MESSAGE][PASSED] - Object '' is not checked

2020-07-22 16:35:13 - [MESSAGE][PASSED] - Object '' is present

2020-07-22 16:35:14 - [MESSAGE][PASSED] - Object '' is not checked

2020-07-22 16:35:14 - [MESSAGE][PASSED] - Object '' is present

2020-07-22 16:35:14 - [MESSAGE][PASSED] - Object '' is not checked

2020-07-22 16:35:14 - [MESSAGE][PASSED] - Object '' is present

2020-07-22 16:35:15 - [MESSAGE][PASSED] - Object '' is not checked

2020-07-22 16:35:15 - [MESSAGE][PASSED] - Object '' is present

2020-07-22 16:35:15 - [MESSAGE][PASSED] - Object '' is not checked

2020-07-22 16:35:16 - [MESSAGE][PASSED] - Object '' is present

2020-07-22 16:35:16 - [MESSAGE][PASSED] - Object '' is not checked

2020-07-22 16:35:16 - [MESSAGE][PASSED] - Object '' is present

2020-07-22 16:35:17 - [MESSAGE][PASSED] - Object '' is not checked

2020-07-22 16:35:17 - [MESSAGE][PASSED] - Object '' is present

2020-07-22 16:35:17 - [MESSAGE][PASSED] - Object '' is not checked

2020-07-22 16:35:18 - [MESSAGE][PASSED] - Object '' is present

2020-07-22 16:35:18 - [MESSAGE][PASSED] - Object '' is not checked

2020-07-22 16:35:18 - [MESSAGE][PASSED] - Object '' is present

2020-07-22 16:35:19 - [MESSAGE][PASSED] - Object '' is not checked

2020-07-22 16:35:19 - [MESSAGE][PASSED] - Object '' is present

2020-07-22 16:35:19 - [MESSAGE][PASSED] - Object '' is not checked

2020-07-22 16:35:20 - [MESSAGE][PASSED] - Object '' is present

2020-07-22 16:35:20 - [MESSAGE][PASSED] - Object '' is not checked

2020-07-22 16:35:20 - [MESSAGE][PASSED] - Object '' is present

2020-07-22 16:35:21 - [MESSAGE][PASSED] - Object: '' is clicked on

2020-07-22 16:35:21 - [MESSAGE][PASSED] - Object '' is present

2020-07-22 16:35:22 - [MESSAGE][PASSED] - Object '' is not checked

2020-07-22 16:35:22 - [MESSAGE][PASSED] - Object '' is present

2020-07-22 16:35:22 - [MESSAGE][PASSED] - Object '' is not checked

2020-07-22 16:35:22 - [MESSAGE][PASSED] - Object '' is present

2020-07-22 16:35:23 - [MESSAGE][PASSED] - Object '' is not checked

2020-07-22 16:35:23 - [MESSAGE][PASSED] - Object '' is present

2020-07-22 16:35:23 - [MESSAGE][PASSED] - Object '' is not checked

2020-07-22 16:35:24 - [MESSAGE][PASSED] - Object '' is present

2020-07-22 16:35:24 - [MESSAGE][PASSED] - Object '' is not checked

2020-07-22 16:35:24 - [MESSAGE][PASSED] - Object '' is present

2020-07-22 16:35:25 - [MESSAGE][PASSED] - Object '' is not checked

2020-07-22 16:35:25 - [MESSAGE][PASSED] - Object '' is present

2020-07-22 16:35:26 - [MESSAGE][PASSED] - Object: '' is clicked on

2020-07-22 16:35:26 - [MESSAGE][PASSED] - Object '' is present

2020-07-22 16:35:26 - [MESSAGE][PASSED] - Object '' is not checked

2020-07-22 16:35:27 - [MESSAGE][PASSED] - Object '' is present

2020-07-22 16:35:27 - [MESSAGE][PASSED] - Object '' is not checked

2020-07-22 16:35:27 - [MESSAGE][PASSED] - Object '' is present

2020-07-22 16:35:28 - [MESSAGE][PASSED] - Object '' is not checked

2020-07-22 16:35:28 - [MESSAGE][PASSED] - Object '' is present

2020-07-22 16:35:28 - [MESSAGE][PASSED] - Object: '' is clicked on

2020-07-22 16:35:29 - [MESSAGE][PASSED] - Object '' is present

2020-07-22 16:35:29 - [MESSAGE][PASSED] - Object '' is not checked

2020-07-22 16:35:29 - [MESSAGE][PASSED] - Object '' is present

2020-07-22 16:35:30 - [MESSAGE][PASSED] - Object '' is not checked

2020-07-22 16:35:30 - [MESSAGE][PASSED] - Object '' is present

2020-07-22 16:35:30 - [MESSAGE][PASSED] - Object '' is not checked

2020-07-22 16:35:31 - [MESSAGE][PASSED] - Object '' is present

2020-07-22 16:35:31 - [MESSAGE][PASSED] - Object '' is not checked

2020-07-22 16:35:31 - [MESSAGE][PASSED] - Object '' is present

2020-07-22 16:35:31 - [MESSAGE][PASSED] - Object '' is not checked

2020-07-22 16:35:32 - [MESSAGE][PASSED] - Object '' is present

2020-07-22 16:35:32 - [MESSAGE][PASSED] - Object '' is not checked

2020-07-22 16:35:32 - [MESSAGE][PASSED] - Object '' is present

2020-07-22 16:35:33 - [MESSAGE][PASSED] - Object '' is not checked

2020-07-22 16:35:33 - [MESSAGE][PASSED] - Object '' is present

2020-07-22 16:35:33 - [MESSAGE][PASSED] - Object: '' is clicked on

2020-07-22 16:35:34 - [MESSAGE][PASSED] - Object '' is present

2020-07-22 16:35:34 - [MESSAGE][PASSED] - Object '' is not checked

2020-07-22 16:35:34 - [MESSAGE][PASSED] - Object '' is present

2020-07-22 16:35:35 - [MESSAGE][PASSED] - Object '' is not checked

2020-07-22 16:35:35 - [MESSAGE][PASSED] - Object '' is present

2020-07-22 16:35:35 - [MESSAGE][PASSED] - Object '' is not checked

2020-07-22 16:35:36 - [MESSAGE][PASSED] - Object '' is present

2020-07-22 16:35:36 - [MESSAGE][PASSED] - Object '' is not checked

2020-07-22 16:35:36 - [MESSAGE][PASSED] - Object '' is present

2020-07-22 16:35:37 - [MESSAGE][PASSED] - Object '' is not checked

2020-07-22 16:35:37 - [MESSAGE][PASSED] - Object '' is present

2020-07-22 16:35:37 - [MESSAGE][PASSED] - Object '' is not checked

2020-07-22 16:35:38 - [MESSAGE][PASSED] - Object '' is present

2020-07-22 16:35:38 - [MESSAGE][PASSED] - Object '' is not checked

2020-07-22 16:35:38 - [MESSAGE][PASSED] - Object '' is present

2020-07-22 16:35:39 - [MESSAGE][PASSED] - Object: '' is clicked on

2020-07-22 16:35:39 - [MESSAGE][PASSED] - Object '' is present

2020-07-22 16:35:39 - [MESSAGE][PASSED] - Object '' is not checked

2020-07-22 16:35:40 - [MESSAGE][PASSED] - Object '' is present

2020-07-22 16:35:40 - [MESSAGE][PASSED] - Object '' is not checked

2020-07-22 16:35:40 - [MESSAGE][PASSED] - Object '' is present

2020-07-22 16:35:41 - [MESSAGE][PASSED] - Object '' is not checked

2020-07-22 16:35:41 - [MESSAGE][PASSED] - Object '' is present

2020-07-22 16:35:42 - [MESSAGE][PASSED] - Object '' is not checked

2020-07-22 16:35:42 - [MESSAGE][PASSED] - Object '' is present

2020-07-22 16:35:42 - [MESSAGE][PASSED] - Object: '' is clicked on

2020-07-22 16:35:43 - [MESSAGE][PASSED] - Object '' is present

2020-07-22 16:35:43 - [MESSAGE][PASSED] - Object '' is not checked

2020-07-22 16:35:44 - [MESSAGE][PASSED] - Object '' is present

2020-07-22 16:35:44 - [MESSAGE][PASSED] - Object '' is not checked

2020-07-22 16:35:44 - [MESSAGE][PASSED] - Object '' is present

2020-07-22 16:35:45 - [MESSAGE][PASSED] - Object '' is not checked

2020-07-22 16:35:45 - [MESSAGE][PASSED] - Object '' is present

2020-07-22 16:35:45 - [MESSAGE][PASSED] - Object: '' is clicked on

2020-07-22 16:35:46 - [MESSAGE][PASSED] - Object '' is present

2020-07-22 16:35:46 - [MESSAGE][PASSED] - Object '' is not checked

2020-07-22 16:35:46 - [MESSAGE][PASSED] - Object '' is present

2020-07-22 16:35:47 - [MESSAGE][PASSED] - Object '' is not checked

2020-07-22 16:35:47 - [MESSAGE][PASSED] - Object '' is present

2020-07-22 16:35:47 - [MESSAGE][PASSED] - Object '' is not checked

2020-07-22 16:35:48 - [MESSAGE][PASSED] - Object '' is present

2020-07-22 16:35:48 - [MESSAGE][PASSED] - Object: '' is clicked on

2020-07-22 16:35:48 - [MESSAGE][PASSED] - Object '' is present

2020-07-22 16:35:49 - [MESSAGE][PASSED] - Object '' is not checked

2020-07-22 16:35:49 - [MESSAGE][PASSED] - Object '' is present

2020-07-22 16:35:49 - [MESSAGE][PASSED] - Object '' is not checked

2020-07-22 16:35:50 - [MESSAGE][PASSED] - Object '' is present

2020-07-22 16:35:50 - [MESSAGE][PASSED] - Object '' is not checked

2020-07-22 16:35:50 - [MESSAGE][PASSED] - Object '' is present

2020-07-22 16:35:51 - [MESSAGE][PASSED] - Object '' is not checked

2020-07-22 16:35:51 - [MESSAGE][PASSED] - Object '' is present

2020-07-22 16:35:51 - [MESSAGE][PASSED] - Object: '' is clicked on

2020-07-22 16:35:52 - [MESSAGE][PASSED] - Object '' is present

2020-07-22 16:35:52 - [MESSAGE][PASSED] - Object '' is not checked

2020-07-22 16:35:52 - [MESSAGE][PASSED] - Object '' is present

2020-07-22 16:35:53 - [MESSAGE][PASSED] - Object '' is not checked

2020-07-22 16:35:53 - [MESSAGE][PASSED] - Object '' is present

2020-07-22 16:35:53 - [MESSAGE][PASSED] - Object '' is not checked

2020-07-22 16:35:53 - [MESSAGE][PASSED] - Object '' is present

2020-07-22 16:35:54 - [MESSAGE][PASSED] - Object '' is not checked

2020-07-22 16:35:54 - [MESSAGE][PASSED] - Object '' is present

2020-07-22 16:35:54 - [MESSAGE][PASSED] - Object '' is not checked

2020-07-22 16:35:55 - [MESSAGE][PASSED] - Object '' is present

2020-07-22 16:35:55 - [MESSAGE][PASSED] - Object '' is not checked

2020-07-22 16:35:55 - [MESSAGE][PASSED] - Object '' is present

2020-07-22 16:35:56 - [MESSAGE][PASSED] - Object '' is not checked

2020-07-22 16:35:56 - [MESSAGE][PASSED] - Object '' is present

2020-07-22 16:35:56 - [MESSAGE][PASSED] - Object: '' is clicked on

2020-07-22 16:35:57 - [MESSAGE][PASSED] - Object '' is present

2020-07-22 16:35:57 - [MESSAGE][PASSED] - Object '' is not checked

2020-07-22 16:35:57 - [MESSAGE][PASSED] - Object '' is present

2020-07-22 16:35:58 - [MESSAGE][PASSED] - Object '' is not checked

2020-07-22 16:35:58 - [MESSAGE][PASSED] - Object '' is present

2020-07-22 16:35:58 - [MESSAGE][PASSED] - Object '' is not checked

2020-07-22 16:35:59 - [MESSAGE][PASSED] - Object '' is present

2020-07-22 16:35:59 - [MESSAGE][PASSED] - Object '' is not checked

2020-07-22 16:35:59 - [MESSAGE][PASSED] - Object '' is present

2020-07-22 16:36:00 - [MESSAGE][PASSED] - Object '' is not checked

2020-07-22 16:36:00 - [MESSAGE][PASSED] - Object '' is present

2020-07-22 16:36:00 - [MESSAGE][PASSED] - Object '' is not checked

2020-07-22 16:36:01 - [MESSAGE][PASSED] - Object '' is present

2020-07-22 16:36:01 - [MESSAGE][PASSED] - Object '' is not checked

2020-07-22 16:36:01 - [MESSAGE][PASSED] - Object: '' is clicked on

2020-07-22 16:36:01 - [MESSAGE][PASSED] - Object: '' is clicked on

2020-07-22 16:36:02 - [MESSAGE][PASSED] - Object: '' is clicked on

2020-07-22 16:36:02 - [MESSAGE][PASSED] - Object '' is present

2020-07-22 16:36:02 - [MESSAGE][PASSED] - Object: '' is clicked on

2020-07-22 16:36:03 - [MESSAGE][PASSED] - Object '' is present

2020-07-22 16:36:03 - [MESSAGE][PASSED] - Object '' is not checked

2020-07-22 16:36:04 - [MESSAGE][PASSED] - Object '' is present

2020-07-22 16:36:04 - [MESSAGE][PASSED] - Object '' is not checked

2020-07-22 16:36:04 - [MESSAGE][PASSED] - Object '' is present

2020-07-22 16:36:04 - [MESSAGE][PASSED] - Object: '' is clicked on

2020-07-22 16:36:05 - [MESSAGE][PASSED] - Object '' is present

2020-07-22 16:36:05 - [MESSAGE][PASSED] - Object '' is not checked

2020-07-22 16:36:06 - [MESSAGE][PASSED] - Object '' is present

2020-07-22 16:36:06 - [MESSAGE][PASSED] - Object '' is not checked

2020-07-22 16:36:06 - [MESSAGE][PASSED] - Object '' is present

2020-07-22 16:36:07 - [MESSAGE][PASSED] - Object '' is not checked

2020-07-22 16:36:07 - [MESSAGE][PASSED] - Object '' is present

2020-07-22 16:36:07 - [MESSAGE][PASSED] - Object '' is not checked

2020-07-22 16:36:07 - [MESSAGE][PASSED] - Object '' is present

2020-07-22 16:36:08 - [MESSAGE][PASSED] - Object: '' is clicked on

2020-07-22 16:36:08 - [MESSAGE][PASSED] - Object '' is present

2020-07-22 16:36:08 - [MESSAGE][PASSED] - Object '' is not checked

2020-07-22 16:36:09 - [MESSAGE][PASSED] - Object '' is present

2020-07-22 16:36:09 - [MESSAGE][PASSED] - Object '' is not checked

2020-07-22 16:36:09 - [MESSAGE][PASSED] - Object '' is present

2020-07-22 16:36:10 - [MESSAGE][PASSED] - Object '' is not checked

2020-07-22 16:36:10 - [MESSAGE][PASSED] - Object '' is present

2020-07-22 16:36:10 - [MESSAGE][PASSED] - Object '' is not checked

2020-07-22 16:36:10 - [MESSAGE][PASSED] - Object '' is present

2020-07-22 16:36:11 - [MESSAGE][PASSED] - Object '' is not checked

2020-07-22 16:36:11 - [MESSAGE][PASSED] - Object: '' is clicked on

2020-07-22 16:36:11 - [MESSAGE][PASSED] - Object: '' is clicked on

2020-07-22 16:36:12 - [MESSAGE][PASSED] - Object: '' is clicked on

2020-07-22 16:36:12 - [MESSAGE][PASSED] - Varify the mistake detail already match with the matrix Base on Type Contract

2020-07-22 16:36:12 - [TEST_STEP][PASSED] - Click button "Save": Click button "Save"

2020-07-22 16:36:12 - [MESSAGE][INFO] - >>>>>//Button[contains(text(),'Save')]

2020-07-22 16:36:15 - [MESSAGE][PASSED] - Object: '' is clicked on

2020-07-22 16:36:15 - [MESSAGE][PASSED] - Click button "Save"

2020-07-22 16:36:15 - [TEST_STEP][PASSED] - Get text from pop up "Confirmation Stop" with text "Are you sure?": Get text from pop up "Confirmation Stop" with text "Are you sure?"

2020-07-22 16:36:16 - [MESSAGE][PASSED] - Object '' is present

2020-07-22 16:36:16 - [MESSAGE][PASSED] - Wait for page load successfully

2020-07-22 16:36:16 - [MESSAGE][PASSED] - Wait for page load successfully

2020-07-22 16:36:16 - [MESSAGE][PASSED] - Get text from pop up "Confirmation Stop" with text "Are you sure?"

2020-07-22 16:36:16 - [TEST_STEP][PASSED] - Click button "OK": Click button "OK"

2020-07-22 16:36:16 - [MESSAGE][INFO] - >>>>>//Button[contains(text(),'OK')]

2020-07-22 16:36:19 - [MESSAGE][PASSED] - Object: '' is clicked on

2020-07-22 16:36:19 - [MESSAGE][PASSED] - Click button "OK"

2020-07-22 16:36:19 - [TEST_STEP][FAILED] - Click button "Logout": Click button "Logout" FAILED.
Reason:
com.kms.katalon.core.exception.StepFailedException: Unable to click on object ''
	at com.kms.katalon.core.webui.keyword.internal.WebUIKeywordMain.stepFailed(WebUIKeywordMain.groovy:64)
	at com.kms.katalon.core.webui.keyword.internal.WebUIKeywordMain.runKeyword(WebUIKeywordMain.groovy:26)
	at com.kms.katalon.core.webui.keyword.builtin.ClickKeyword.click(ClickKeyword.groovy:76)
	at com.kms.katalon.core.webui.keyword.builtin.ClickKeyword.execute(ClickKeyword.groovy:43)
	at com.kms.katalon.core.keyword.internal.KeywordExecutor.executeKeywordForPlatform(KeywordExecutor.groovy:73)
	at com.kms.katalon.core.webui.keyword.WebUiBuiltInKeywords.click(WebUiBuiltInKeywords.groovy:616)
	at com.kms.katalon.core.webui.keyword.WebUiBuiltInKeywords$click$3.call(Unknown Source)
	at ist_real.Contract_Dispatcher.ClickButton(Contract_Dispatcher.groovy:360)
	at ✽.Click button "Logout"(/Users/chaidir.pratama01/Katalon Studio/IST_Automation_Git/Include/features/IST_Real/CONTRACT_DISPATCHER_TWO_WHEELERS/DEV/Claim_Contract_Two_Wheelers_then_Save_it_Without_Register_Any_Mistakes.feature:37)
Caused by: org.openqa.selenium.ElementClickInterceptedException: element click intercepted: Element <button type="button" id="v0IQd" class="btn-danger btn-sm btn">...</button> is not clickable at point (1626, 55). Other element would receive the click: <div id="v0IQay1-mask" class="z-modal-mask" style="z-index: 1800; left: 0px; top: 0px; width: 1680px; height: 855px; display: block;"></div>
  (Session info: chrome=84.0.4147.89)
Build info: version: '3.141.59', revision: 'e82be7d358', time: '2018-11-14T08:25:53'
System info: host: 'M-Chaidir-Pratama.local', ip: 'fe80:0:0:0:466:66fd:4850:23be%en0', os.name: 'Mac OS X', os.arch: 'x86_64', os.version: '10.15', java.version: '1.8.0_181'
Driver info: com.kms.katalon.selenium.driver.CChromeDriver
Capabilities {acceptInsecureCerts: false, browserName: chrome, browserVersion: 84.0.4147.89, chrome: {chromedriverVersion: 84.0.4147.30 (48b3e868b4cc0..., userDataDir: /var/folders/0s/4_d154xd6dq...}, goog:chromeOptions: {debuggerAddress: localhost:52315}, javascriptEnabled: true, networkConnectionEnabled: false, pageLoadStrategy: normal, platform: MAC, platformName: MAC, proxy: Proxy(), setWindowRect: true, strictFileInteractability: false, timeouts: {implicit: 0, pageLoad: 300000, script: 30000}, unhandledPromptBehavior: dismiss and notify, webauthn:virtualAuthenticators: true}
Session ID: 33644261d3d4999303844f8d8717caff
	at org.openqa.selenium.remote.http.W3CHttpResponseCodec.createException(W3CHttpResponseCodec.java:187)
	at org.openqa.selenium.remote.http.W3CHttpResponseCodec.decode(W3CHttpResponseCodec.java:122)
	at org.openqa.selenium.remote.http.W3CHttpResponseCodec.decode(W3CHttpResponseCodec.java:49)
	at org.openqa.selenium.remote.HttpCommandExecutor.execute(HttpCommandExecutor.java:158)
	at org.openqa.selenium.remote.service.DriverCommandExecutor.execute(DriverCommandExecutor.java:83)
	at org.openqa.selenium.remote.RemoteWebDriver.execute(RemoteWebDriver.java:552)
	at com.kms.katalon.selenium.driver.CChromeDriver.execute(CChromeDriver.java:19)
	at org.openqa.selenium.remote.RemoteWebElement.execute(RemoteWebElement.java:285)
	at org.openqa.selenium.remote.RemoteWebElement.click(RemoteWebElement.java:84)
	at org.openqa.selenium.support.events.EventFiringWebDriver$EventFiringWebElement.lambda$new$0(EventFiringWebDriver.java:404)
	at com.sun.proxy.$Proxy19.click(Unknown Source)
	at org.openqa.selenium.support.events.EventFiringWebDriver$EventFiringWebElement.click(EventFiringWebDriver.java:417)
	at com.kms.katalon.core.webui.keyword.builtin.ClickKeyword$_click_closure1.doCall(ClickKeyword.groovy:69)
	at com.kms.katalon.core.webui.keyword.builtin.ClickKeyword$_click_closure1.call(ClickKeyword.groovy)
	at com.kms.katalon.core.webui.keyword.internal.WebUIKeywordMain.runKeyword(WebUIKeywordMain.groovy:20)
	at com.kms.katalon.core.webui.keyword.builtin.ClickKeyword.click(ClickKeyword.groovy:76)
	at com.kms.katalon.core.webui.keyword.builtin.ClickKeyword.execute(ClickKeyword.groovy:43)
	at com.kms.katalon.core.keyword.internal.KeywordExecutor.executeKeywordForPlatform(KeywordExecutor.groovy:73)
	at com.kms.katalon.core.webui.keyword.WebUiBuiltInKeywords.click(WebUiBuiltInKeywords.groovy:616)
	at com.kms.katalon.core.webui.keyword.WebUiBuiltInKeywords$click$3.call(Unknown Source)
	at ist_real.Contract_Dispatcher.ClickButton(Contract_Dispatcher.groovy:360)
	at cucumber.runtime.Utils$1.call(Utils.java:26)
	at cucumber.runtime.Timeout.timeout(Timeout.java:16)
	at cucumber.runtime.Utils.invoke(Utils.java:20)
	at cucumber.runtime.java.JavaStepDefinition.execute(JavaStepDefinition.java:48)
	at cucumber.runtime.PickleStepDefinitionMatch.runStep(PickleStepDefinitionMatch.java:50)
	at cucumber.runner.TestStep.executeStep(TestStep.java:55)
	at cucumber.runner.TestStep.run(TestStep.java:42)
	at cucumber.runner.PickleStepTestStep.run(PickleStepTestStep.java:53)
	at cucumber.runner.TestCase.run(TestCase.java:47)
	at cucumber.runner.Runner.runPickle(Runner.java:44)
	at cucumber.runtime.Runtime.runFeature(Runtime.java:120)
	at cucumber.runtime.Runtime.run(Runtime.java:106)
	at cucumber.api.cli.Main.run(Main.java:35)
	at cucumber.api.cli.Main$run.call(Unknown Source)
	at com.kms.katalon.core.cucumber.keyword.CucumberBuiltinKeywords$_runFeatureFile_closure1.doCall(CucumberBuiltinKeywords.groovy:76)
	at com.kms.katalon.core.cucumber.keyword.CucumberBuiltinKeywords$_runFeatureFile_closure1.doCall(CucumberBuiltinKeywords.groovy)
	at com.kms.katalon.core.keyword.internal.KeywordMain.runKeyword(KeywordMain.groovy:68)
	at com.kms.katalon.core.keyword.internal.KeywordMain$runKeyword.call(Unknown Source)
	at com.kms.katalon.core.cucumber.keyword.CucumberBuiltinKeywords.runFeatureFile(CucumberBuiltinKeywords.groovy:46)
	at com.kms.katalon.core.cucumber.keyword.CucumberBuiltinKeywords$runFeatureFile$0.callStatic(Unknown Source)
	at com.kms.katalon.core.cucumber.keyword.CucumberBuiltinKeywords.runFeatureFile(CucumberBuiltinKeywords.groovy:169)
	at com.kms.katalon.core.cucumber.keyword.CucumberBuiltinKeywords$runFeatureFile.call(Unknown Source)
	at Claim_Contract_Two_Wheelers_then_Save_it_Without_Register_Any_Mistakes.run(Claim_Contract_Two_Wheelers_then_Save_it_Without_Register_Any_Mistakes:16)
	at com.kms.katalon.core.main.ScriptEngine.run(ScriptEngine.java:194)
	at com.kms.katalon.core.main.ScriptEngine.runScriptAsRawText(ScriptEngine.java:119)
	at com.kms.katalon.core.main.TestCaseExecutor.runScript(TestCaseExecutor.java:339)
	at com.kms.katalon.core.main.TestCaseExecutor.doExecute(TestCaseExecutor.java:330)
	at com.kms.katalon.core.main.TestCaseExecutor.processExecutionPhase(TestCaseExecutor.java:309)
	at com.kms.katalon.core.main.TestCaseExecutor.accessMainPhase(TestCaseExecutor.java:301)
	at com.kms.katalon.core.main.TestCaseExecutor.execute(TestCaseExecutor.java:235)
	at com.kms.katalon.core.main.TestSuiteExecutor.accessTestCaseMainPhase(TestSuiteExecutor.java:191)
	at com.kms.katalon.core.main.TestSuiteExecutor.accessTestSuiteMainPhase(TestSuiteExecutor.java:141)
	at com.kms.katalon.core.main.TestSuiteExecutor.execute(TestSuiteExecutor.java:90)
	at com.kms.katalon.core.main.TestCaseMain.startTestSuite(TestCaseMain.java:157)
	at com.kms.katalon.core.main.TestCaseMain$startTestSuite$0.call(Unknown Source)
	at TempTestSuite1595410390420.run(TempTestSuite1595410390420.groovy:39)


2020-07-22 16:36:19 - [MESSAGE][INFO] - >>>>>//Button[contains(text(),'Logout')]

2020-07-22 16:36:24 - [MESSAGE][FAILED] - Unable to click on object '' (Root cause: com.kms.katalon.core.exception.StepFailedException: Unable to click on object ''
	at com.kms.katalon.core.webui.keyword.internal.WebUIKeywordMain.stepFailed(WebUIKeywordMain.groovy:64)
	at com.kms.katalon.core.webui.keyword.internal.WebUIKeywordMain.runKeyword(WebUIKeywordMain.groovy:26)
	at com.kms.katalon.core.webui.keyword.builtin.ClickKeyword.click(ClickKeyword.groovy:76)
	at com.kms.katalon.core.webui.keyword.builtin.ClickKeyword.execute(ClickKeyword.groovy:43)
	at com.kms.katalon.core.keyword.internal.KeywordExecutor.executeKeywordForPlatform(KeywordExecutor.groovy:73)
	at com.kms.katalon.core.webui.keyword.WebUiBuiltInKeywords.click(WebUiBuiltInKeywords.groovy:616)
	at com.kms.katalon.core.webui.keyword.WebUiBuiltInKeywords$click$3.call(Unknown Source)
	at ist_real.Contract_Dispatcher.ClickButton(Contract_Dispatcher.groovy:360)
	at cucumber.runtime.Utils$1.call(Utils.java:26)
	at cucumber.runtime.Timeout.timeout(Timeout.java:16)
	at cucumber.runtime.Utils.invoke(Utils.java:20)
	at cucumber.runtime.java.JavaStepDefinition.execute(JavaStepDefinition.java:48)
	at cucumber.runtime.PickleStepDefinitionMatch.runStep(PickleStepDefinitionMatch.java:50)
	at cucumber.runner.TestStep.executeStep(TestStep.java:55)
	at cucumber.runner.TestStep.run(TestStep.java:42)
	at cucumber.runner.PickleStepTestStep.run(PickleStepTestStep.java:53)
	at cucumber.runner.TestCase.run(TestCase.java:47)
	at cucumber.runner.Runner.runPickle(Runner.java:44)
	at cucumber.runtime.Runtime.runFeature(Runtime.java:120)
	at cucumber.runtime.Runtime.run(Runtime.java:106)
	at cucumber.api.cli.Main.run(Main.java:35)
	at cucumber.api.cli.Main$run.call(Unknown Source)
	at com.kms.katalon.core.cucumber.keyword.CucumberBuiltinKeywords$_runFeatureFile_closure1.doCall(CucumberBuiltinKeywords.groovy:76)
	at com.kms.katalon.core.cucumber.keyword.CucumberBuiltinKeywords$_runFeatureFile_closure1.doCall(CucumberBuiltinKeywords.groovy)
	at com.kms.katalon.core.keyword.internal.KeywordMain.runKeyword(KeywordMain.groovy:68)
	at com.kms.katalon.core.keyword.internal.KeywordMain$runKeyword.call(Unknown Source)
	at com.kms.katalon.core.cucumber.keyword.CucumberBuiltinKeywords.runFeatureFile(CucumberBuiltinKeywords.groovy:46)
	at com.kms.katalon.core.cucumber.keyword.CucumberBuiltinKeywords$runFeatureFile$0.callStatic(Unknown Source)
	at com.kms.katalon.core.cucumber.keyword.CucumberBuiltinKeywords.runFeatureFile(CucumberBuiltinKeywords.groovy:169)
	at com.kms.katalon.core.cucumber.keyword.CucumberBuiltinKeywords$runFeatureFile.call(Unknown Source)
	at Claim_Contract_Two_Wheelers_then_Save_it_Without_Register_Any_Mistakes.run(Claim_Contract_Two_Wheelers_then_Save_it_Without_Register_Any_Mistakes:16)
	at com.kms.katalon.core.main.ScriptEngine.run(ScriptEngine.java:194)
	at com.kms.katalon.core.main.ScriptEngine.runScriptAsRawText(ScriptEngine.java:119)
	at com.kms.katalon.core.main.TestCaseExecutor.runScript(TestCaseExecutor.java:339)
	at com.kms.katalon.core.main.TestCaseExecutor.doExecute(TestCaseExecutor.java:330)
	at com.kms.katalon.core.main.TestCaseExecutor.processExecutionPhase(TestCaseExecutor.java:309)
	at com.kms.katalon.core.main.TestCaseExecutor.accessMainPhase(TestCaseExecutor.java:301)
	at com.kms.katalon.core.main.TestCaseExecutor.execute(TestCaseExecutor.java:235)
	at com.kms.katalon.core.main.TestSuiteExecutor.accessTestCaseMainPhase(TestSuiteExecutor.java:191)
	at com.kms.katalon.core.main.TestSuiteExecutor.accessTestSuiteMainPhase(TestSuiteExecutor.java:141)
	at com.kms.katalon.core.main.TestSuiteExecutor.execute(TestSuiteExecutor.java:90)
	at com.kms.katalon.core.main.TestCaseMain.startTestSuite(TestCaseMain.java:157)
	at com.kms.katalon.core.main.TestCaseMain$startTestSuite$0.call(Unknown Source)
	at TempTestSuite1595410390420.run(TempTestSuite1595410390420.groovy:39)
Caused by: org.openqa.selenium.ElementClickInterceptedException: element click intercepted: Element <button type="button" id="v0IQd" class="btn-danger btn-sm btn">...</button> is not clickable at point (1626, 55). Other element would receive the click: <div id="v0IQay1-mask" class="z-modal-mask" style="z-index: 1800; left: 0px; top: 0px; width: 1680px; height: 855px; display: block;"></div>
  (Session info: chrome=84.0.4147.89)
Build info: version: '3.141.59', revision: 'e82be7d358', time: '2018-11-14T08:25:53'
System info: host: 'M-Chaidir-Pratama.local', ip: 'fe80:0:0:0:466:66fd:4850:23be%en0', os.name: 'Mac OS X', os.arch: 'x86_64', os.version: '10.15', java.version: '1.8.0_181'
Driver info: com.kms.katalon.selenium.driver.CChromeDriver
Capabilities {acceptInsecureCerts: false, browserName: chrome, browserVersion: 84.0.4147.89, chrome: {chromedriverVersion: 84.0.4147.30 (48b3e868b4cc0..., userDataDir: /var/folders/0s/4_d154xd6dq...}, goog:chromeOptions: {debuggerAddress: localhost:52315}, javascriptEnabled: true, networkConnectionEnabled: false, pageLoadStrategy: normal, platform: MAC, platformName: MAC, proxy: Proxy(), setWindowRect: true, strictFileInteractability: false, timeouts: {implicit: 0, pageLoad: 300000, script: 30000}, unhandledPromptBehavior: dismiss and notify, webauthn:virtualAuthenticators: true}
Session ID: 33644261d3d4999303844f8d8717caff
	at org.openqa.selenium.remote.http.W3CHttpResponseCodec.createException(W3CHttpResponseCodec.java:187)
	at org.openqa.selenium.remote.http.W3CHttpResponseCodec.decode(W3CHttpResponseCodec.java:122)
	at org.openqa.selenium.remote.http.W3CHttpResponseCodec.decode(W3CHttpResponseCodec.java:49)
	at org.openqa.selenium.remote.HttpCommandExecutor.execute(HttpCommandExecutor.java:158)
	at org.openqa.selenium.remote.service.DriverCommandExecutor.execute(DriverCommandExecutor.java:83)
	at org.openqa.selenium.remote.RemoteWebDriver.execute(RemoteWebDriver.java:552)
	at com.kms.katalon.selenium.driver.CChromeDriver.execute(CChromeDriver.java:19)
	at org.openqa.selenium.remote.RemoteWebElement.execute(RemoteWebElement.java:285)
	at org.openqa.selenium.remote.RemoteWebElement.click(RemoteWebElement.java:84)
	at org.openqa.selenium.support.events.EventFiringWebDriver$EventFiringWebElement.lambda$new$0(EventFiringWebDriver.java:404)
	at com.sun.proxy.$Proxy19.click(Unknown Source)
	at org.openqa.selenium.support.events.EventFiringWebDriver$EventFiringWebElement.click(EventFiringWebDriver.java:417)
	at com.kms.katalon.core.webui.keyword.builtin.ClickKeyword$_click_closure1.doCall(ClickKeyword.groovy:69)
	at com.kms.katalon.core.webui.keyword.builtin.ClickKeyword$_click_closure1.call(ClickKeyword.groovy)
	at com.kms.katalon.core.webui.keyword.internal.WebUIKeywordMain.runKeyword(WebUIKeywordMain.groovy:20)
	at com.kms.katalon.core.webui.keyword.builtin.ClickKeyword.click(ClickKeyword.groovy:76)
	at com.kms.katalon.core.webui.keyword.builtin.ClickKeyword.execute(ClickKeyword.groovy:43)
	at com.kms.katalon.core.keyword.internal.KeywordExecutor.executeKeywordForPlatform(KeywordExecutor.groovy:73)
	at com.kms.katalon.core.webui.keyword.WebUiBuiltInKeywords.click(WebUiBuiltInKeywords.groovy:616)
	at com.kms.katalon.core.webui.keyword.WebUiBuiltInKeywords$click$3.call(Unknown Source)
	at ist_real.Contract_Dispatcher.ClickButton(Contract_Dispatcher.groovy:360)
	at cucumber.runtime.Utils$1.call(Utils.java:26)
	at cucumber.runtime.Timeout.timeout(Timeout.java:16)
	at cucumber.runtime.Utils.invoke(Utils.java:20)
	at cucumber.runtime.java.JavaStepDefinition.execute(JavaStepDefinition.java:48)
	at cucumber.runtime.PickleStepDefinitionMatch.runStep(PickleStepDefinitionMatch.java:50)
	at cucumber.runner.TestStep.executeStep(TestStep.java:55)
	at cucumber.runner.TestStep.run(TestStep.java:42)
	at cucumber.runner.PickleStepTestStep.run(PickleStepTestStep.java:53)
	at cucumber.runner.TestCase.run(TestCase.java:47)
	at cucumber.runner.Runner.runPickle(Runner.java:44)
	at cucumber.runtime.Runtime.runFeature(Runtime.java:120)
	at cucumber.runtime.Runtime.run(Runtime.java:106)
	at cucumber.api.cli.Main.run(Main.java:35)
	at cucumber.api.cli.Main$run.call(Unknown Source)
	at com.kms.katalon.core.cucumber.keyword.CucumberBuiltinKeywords$_runFeatureFile_closure1.doCall(CucumberBuiltinKeywords.groovy:76)
	at com.kms.katalon.core.cucumber.keyword.CucumberBuiltinKeywords$_runFeatureFile_closure1.doCall(CucumberBuiltinKeywords.groovy)
	at com.kms.katalon.core.keyword.internal.KeywordMain.runKeyword(KeywordMain.groovy:68)
	at com.kms.katalon.core.keyword.internal.KeywordMain$runKeyword.call(Unknown Source)
	at com.kms.katalon.core.cucumber.keyword.CucumberBuiltinKeywords.runFeatureFile(CucumberBuiltinKeywords.groovy:46)
	at com.kms.katalon.core.cucumber.keyword.CucumberBuiltinKeywords$runFeatureFile$0.callStatic(Unknown Source)
	at com.kms.katalon.core.cucumber.keyword.CucumberBuiltinKeywords.runFeatureFile(CucumberBuiltinKeywords.groovy:169)
	at com.kms.katalon.core.cucumber.keyword.CucumberBuiltinKeywords$runFeatureFile.call(Unknown Source)
	at Script1582710666972.run(Script1582710666972.groovy:16)
	... 13 more
)
[[ATTACHMENT|/Users/chaidir.pratama01/Katalon Studio/IST_Automation_Git/Reports/20200722_163310/CONTRACT_DISPATCHER_TWO_WHEELERS/DEV/TS_Contract_Dispatcher_Two_Wheelers/20200722_163310/1595410583871.png]]

2020-07-22 16:36:24 - [MESSAGE][FAILED] - Click button "Logout" FAILED.
Reason:
com.kms.katalon.core.exception.StepFailedException: Unable to click on object ''
	at com.kms.katalon.core.webui.keyword.internal.WebUIKeywordMain.stepFailed(WebUIKeywordMain.groovy:64)
	at com.kms.katalon.core.webui.keyword.internal.WebUIKeywordMain.runKeyword(WebUIKeywordMain.groovy:26)
	at com.kms.katalon.core.webui.keyword.builtin.ClickKeyword.click(ClickKeyword.groovy:76)
	at com.kms.katalon.core.webui.keyword.builtin.ClickKeyword.execute(ClickKeyword.groovy:43)
	at com.kms.katalon.core.keyword.internal.KeywordExecutor.executeKeywordForPlatform(KeywordExecutor.groovy:73)
	at com.kms.katalon.core.webui.keyword.WebUiBuiltInKeywords.click(WebUiBuiltInKeywords.groovy:616)
	at com.kms.katalon.core.webui.keyword.WebUiBuiltInKeywords$click$3.call(Unknown Source)
	at ist_real.Contract_Dispatcher.ClickButton(Contract_Dispatcher.groovy:360)
	at ✽.Click button "Logout"(/Users/chaidir.pratama01/Katalon Studio/IST_Automation_Git/Include/features/IST_Real/CONTRACT_DISPATCHER_TWO_WHEELERS/DEV/Claim_Contract_Two_Wheelers_then_Save_it_Without_Register_Any_Mistakes.feature:37)
Caused by: org.openqa.selenium.ElementClickInterceptedException: element click intercepted: Element <button type="button" id="v0IQd" class="btn-danger btn-sm btn">...</button> is not clickable at point (1626, 55). Other element would receive the click: <div id="v0IQay1-mask" class="z-modal-mask" style="z-index: 1800; left: 0px; top: 0px; width: 1680px; height: 855px; display: block;"></div>
  (Session info: chrome=84.0.4147.89)
Build info: version: '3.141.59', revision: 'e82be7d358', time: '2018-11-14T08:25:53'
System info: host: 'M-Chaidir-Pratama.local', ip: 'fe80:0:0:0:466:66fd:4850:23be%en0', os.name: 'Mac OS X', os.arch: 'x86_64', os.version: '10.15', java.version: '1.8.0_181'
Driver info: com.kms.katalon.selenium.driver.CChromeDriver
Capabilities {acceptInsecureCerts: false, browserName: chrome, browserVersion: 84.0.4147.89, chrome: {chromedriverVersion: 84.0.4147.30 (48b3e868b4cc0..., userDataDir: /var/folders/0s/4_d154xd6dq...}, goog:chromeOptions: {debuggerAddress: localhost:52315}, javascriptEnabled: true, networkConnectionEnabled: false, pageLoadStrategy: normal, platform: MAC, platformName: MAC, proxy: Proxy(), setWindowRect: true, strictFileInteractability: false, timeouts: {implicit: 0, pageLoad: 300000, script: 30000}, unhandledPromptBehavior: dismiss and notify, webauthn:virtualAuthenticators: true}
Session ID: 33644261d3d4999303844f8d8717caff
	at org.openqa.selenium.remote.http.W3CHttpResponseCodec.createException(W3CHttpResponseCodec.java:187)
	at org.openqa.selenium.remote.http.W3CHttpResponseCodec.decode(W3CHttpResponseCodec.java:122)
	at org.openqa.selenium.remote.http.W3CHttpResponseCodec.decode(W3CHttpResponseCodec.java:49)
	at org.openqa.selenium.remote.HttpCommandExecutor.execute(HttpCommandExecutor.java:158)
	at org.openqa.selenium.remote.service.DriverCommandExecutor.execute(DriverCommandExecutor.java:83)
	at org.openqa.selenium.remote.RemoteWebDriver.execute(RemoteWebDriver.java:552)
	at com.kms.katalon.selenium.driver.CChromeDriver.execute(CChromeDriver.java:19)
	at org.openqa.selenium.remote.RemoteWebElement.execute(RemoteWebElement.java:285)
	at org.openqa.selenium.remote.RemoteWebElement.click(RemoteWebElement.java:84)
	at org.openqa.selenium.support.events.EventFiringWebDriver$EventFiringWebElement.lambda$new$0(EventFiringWebDriver.java:404)
	at com.sun.proxy.$Proxy19.click(Unknown Source)
	at org.openqa.selenium.support.events.EventFiringWebDriver$EventFiringWebElement.click(EventFiringWebDriver.java:417)
	at com.kms.katalon.core.webui.keyword.builtin.ClickKeyword$_click_closure1.doCall(ClickKeyword.groovy:69)
	at com.kms.katalon.core.webui.keyword.builtin.ClickKeyword$_click_closure1.call(ClickKeyword.groovy)
	at com.kms.katalon.core.webui.keyword.internal.WebUIKeywordMain.runKeyword(WebUIKeywordMain.groovy:20)
	at com.kms.katalon.core.webui.keyword.builtin.ClickKeyword.click(ClickKeyword.groovy:76)
	at com.kms.katalon.core.webui.keyword.builtin.ClickKeyword.execute(ClickKeyword.groovy:43)
	at com.kms.katalon.core.keyword.internal.KeywordExecutor.executeKeywordForPlatform(KeywordExecutor.groovy:73)
	at com.kms.katalon.core.webui.keyword.WebUiBuiltInKeywords.click(WebUiBuiltInKeywords.groovy:616)
	at com.kms.katalon.core.webui.keyword.WebUiBuiltInKeywords$click$3.call(Unknown Source)
	at ist_real.Contract_Dispatcher.ClickButton(Contract_Dispatcher.groovy:360)
	at cucumber.runtime.Utils$1.call(Utils.java:26)
	at cucumber.runtime.Timeout.timeout(Timeout.java:16)
	at cucumber.runtime.Utils.invoke(Utils.java:20)
	at cucumber.runtime.java.JavaStepDefinition.execute(JavaStepDefinition.java:48)
	at cucumber.runtime.PickleStepDefinitionMatch.runStep(PickleStepDefinitionMatch.java:50)
	at cucumber.runner.TestStep.executeStep(TestStep.java:55)
	at cucumber.runner.TestStep.run(TestStep.java:42)
	at cucumber.runner.PickleStepTestStep.run(PickleStepTestStep.java:53)
	at cucumber.runner.TestCase.run(TestCase.java:47)
	at cucumber.runner.Runner.runPickle(Runner.java:44)
	at cucumber.runtime.Runtime.runFeature(Runtime.java:120)
	at cucumber.runtime.Runtime.run(Runtime.java:106)
	at cucumber.api.cli.Main.run(Main.java:35)
	at cucumber.api.cli.Main$run.call(Unknown Source)
	at com.kms.katalon.core.cucumber.keyword.CucumberBuiltinKeywords$_runFeatureFile_closure1.doCall(CucumberBuiltinKeywords.groovy:76)
	at com.kms.katalon.core.cucumber.keyword.CucumberBuiltinKeywords$_runFeatureFile_closure1.doCall(CucumberBuiltinKeywords.groovy)
	at com.kms.katalon.core.keyword.internal.KeywordMain.runKeyword(KeywordMain.groovy:68)
	at com.kms.katalon.core.keyword.internal.KeywordMain$runKeyword.call(Unknown Source)
	at com.kms.katalon.core.cucumber.keyword.CucumberBuiltinKeywords.runFeatureFile(CucumberBuiltinKeywords.groovy:46)
	at com.kms.katalon.core.cucumber.keyword.CucumberBuiltinKeywords$runFeatureFile$0.callStatic(Unknown Source)
	at com.kms.katalon.core.cucumber.keyword.CucumberBuiltinKeywords.runFeatureFile(CucumberBuiltinKeywords.groovy:169)
	at com.kms.katalon.core.cucumber.keyword.CucumberBuiltinKeywords$runFeatureFile.call(Unknown Source)
	at Claim_Contract_Two_Wheelers_then_Save_it_Without_Register_Any_Mistakes.run(Claim_Contract_Two_Wheelers_then_Save_it_Without_Register_Any_Mistakes:16)
	at com.kms.katalon.core.main.ScriptEngine.run(ScriptEngine.java:194)
	at com.kms.katalon.core.main.ScriptEngine.runScriptAsRawText(ScriptEngine.java:119)
	at com.kms.katalon.core.main.TestCaseExecutor.runScript(TestCaseExecutor.java:339)
	at com.kms.katalon.core.main.TestCaseExecutor.doExecute(TestCaseExecutor.java:330)
	at com.kms.katalon.core.main.TestCaseExecutor.processExecutionPhase(TestCaseExecutor.java:309)
	at com.kms.katalon.core.main.TestCaseExecutor.accessMainPhase(TestCaseExecutor.java:301)
	at com.kms.katalon.core.main.TestCaseExecutor.execute(TestCaseExecutor.java:235)
	at com.kms.katalon.core.main.TestSuiteExecutor.accessTestCaseMainPhase(TestSuiteExecutor.java:191)
	at com.kms.katalon.core.main.TestSuiteExecutor.accessTestSuiteMainPhase(TestSuiteExecutor.java:141)
	at com.kms.katalon.core.main.TestSuiteExecutor.execute(TestSuiteExecutor.java:90)
	at com.kms.katalon.core.main.TestCaseMain.startTestSuite(TestCaseMain.java:157)
	at com.kms.katalon.core.main.TestCaseMain$startTestSuite$0.call(Unknown Source)
	at TempTestSuite1595410390420.run(TempTestSuite1595410390420.groovy:39)


2020-07-22 16:36:24 - [TEST_STEP][NOT_RUN] - Close browser: Close browser

2020-07-22 16:36:24 - [MESSAGE][NOT_RUN] - Close browser

2020-07-22 16:36:24 - [MESSAGE][FAILED] - Feature file 'Include/features/IST_Real/CONTRACT_DISPATCHER_TWO_WHEELERS/DEV/Claim_Contract_Two_Wheelers_then_Save_it_Without_Register_Any_Mistakes.feature' was failed

2020-07-22 16:36:24 - [MESSAGE][FAILED] - Keyword runFeatureFile was failed (Root cause: com.kms.katalon.core.exception.StepFailedException: Feature file 'Include/features/IST_Real/CONTRACT_DISPATCHER_TWO_WHEELERS/DEV/Claim_Contract_Two_Wheelers_then_Save_it_Without_Register_Any_Mistakes.feature' was failed
	at com.kms.katalon.core.keyword.internal.KeywordMain.stepFailed(KeywordMain.groovy:50)
	at com.kms.katalon.core.keyword.internal.KeywordMain.stepFailed(KeywordMain.groovy)
	at com.kms.katalon.core.keyword.internal.KeywordMain.stepFailed(KeywordMain.groovy:23)
	at com.kms.katalon.core.keyword.internal.KeywordMain$stepFailed$0.call(Unknown Source)
	at com.kms.katalon.core.cucumber.keyword.CucumberBuiltinKeywords$_runFeatureFile_closure1.doCall(CucumberBuiltinKeywords.groovy:82)
	at com.kms.katalon.core.cucumber.keyword.CucumberBuiltinKeywords$_runFeatureFile_closure1.doCall(CucumberBuiltinKeywords.groovy)
	at com.kms.katalon.core.keyword.internal.KeywordMain.runKeyword(KeywordMain.groovy:68)
	at com.kms.katalon.core.keyword.internal.KeywordMain$runKeyword.call(Unknown Source)
	at com.kms.katalon.core.cucumber.keyword.CucumberBuiltinKeywords.runFeatureFile(CucumberBuiltinKeywords.groovy:46)
	at com.kms.katalon.core.cucumber.keyword.CucumberBuiltinKeywords$runFeatureFile$0.callStatic(Unknown Source)
	at com.kms.katalon.core.cucumber.keyword.CucumberBuiltinKeywords.runFeatureFile(CucumberBuiltinKeywords.groovy:169)
	at com.kms.katalon.core.cucumber.keyword.CucumberBuiltinKeywords$runFeatureFile.call(Unknown Source)
	at Claim_Contract_Two_Wheelers_then_Save_it_Without_Register_Any_Mistakes.run(Claim_Contract_Two_Wheelers_then_Save_it_Without_Register_Any_Mistakes:16)
	at com.kms.katalon.core.main.ScriptEngine.run(ScriptEngine.java:194)
	at com.kms.katalon.core.main.ScriptEngine.runScriptAsRawText(ScriptEngine.java:119)
	at com.kms.katalon.core.main.TestCaseExecutor.runScript(TestCaseExecutor.java:339)
	at com.kms.katalon.core.main.TestCaseExecutor.doExecute(TestCaseExecutor.java:330)
	at com.kms.katalon.core.main.TestCaseExecutor.processExecutionPhase(TestCaseExecutor.java:309)
	at com.kms.katalon.core.main.TestCaseExecutor.accessMainPhase(TestCaseExecutor.java:301)
	at com.kms.katalon.core.main.TestCaseExecutor.execute(TestCaseExecutor.java:235)
	at com.kms.katalon.core.main.TestSuiteExecutor.accessTestCaseMainPhase(TestSuiteExecutor.java:191)
	at com.kms.katalon.core.main.TestSuiteExecutor.accessTestSuiteMainPhase(TestSuiteExecutor.java:141)
	at com.kms.katalon.core.main.TestSuiteExecutor.execute(TestSuiteExecutor.java:90)
	at com.kms.katalon.core.main.TestCaseMain.startTestSuite(TestCaseMain.java:157)
	at com.kms.katalon.core.main.TestCaseMain$startTestSuite$0.call(Unknown Source)
	at TempTestSuite1595410390420.run(TempTestSuite1595410390420.groovy:39)
)]]></system-out>
         <system-err><![CDATA[2020-07-22 16:34:56 - [TEST_CASE][FAILED] - Test Cases/IST_Real/CONTRACT_DISPATCHER_TWO_WHEELERS/DEV/Claim_Contract_Two_Wheelers_then_Save_it_Without_Register_Any_Mistakes: Test Cases/IST_Real/CONTRACT_DISPATCHER_TWO_WHEELERS/DEV/Claim_Contract_Two_Wheelers_then_Save_it_Without_Register_Any_Mistakes FAILED.
Reason:
com.kms.katalon.core.exception.StepFailedException: Feature file 'Include/features/IST_Real/CONTRACT_DISPATCHER_TWO_WHEELERS/DEV/Claim_Contract_Two_Wheelers_then_Save_it_Without_Register_Any_Mistakes.feature' was failed
	at com.kms.katalon.core.keyword.internal.KeywordMain.stepFailed(KeywordMain.groovy:50)
	at com.kms.katalon.core.keyword.internal.KeywordMain.stepFailed(KeywordMain.groovy)
	at com.kms.katalon.core.keyword.internal.KeywordMain.stepFailed(KeywordMain.groovy:23)
	at com.kms.katalon.core.keyword.internal.KeywordMain$stepFailed$0.call(Unknown Source)
	at com.kms.katalon.core.cucumber.keyword.CucumberBuiltinKeywords$_runFeatureFile_closure1.doCall(CucumberBuiltinKeywords.groovy:82)
	at com.kms.katalon.core.cucumber.keyword.CucumberBuiltinKeywords$_runFeatureFile_closure1.doCall(CucumberBuiltinKeywords.groovy)
	at com.kms.katalon.core.keyword.internal.KeywordMain.runKeyword(KeywordMain.groovy:68)
	at com.kms.katalon.core.keyword.internal.KeywordMain$runKeyword.call(Unknown Source)
	at com.kms.katalon.core.cucumber.keyword.CucumberBuiltinKeywords.runFeatureFile(CucumberBuiltinKeywords.groovy:46)
	at com.kms.katalon.core.cucumber.keyword.CucumberBuiltinKeywords$runFeatureFile$0.callStatic(Unknown Source)
	at com.kms.katalon.core.cucumber.keyword.CucumberBuiltinKeywords.runFeatureFile(CucumberBuiltinKeywords.groovy:169)
	at com.kms.katalon.core.cucumber.keyword.CucumberBuiltinKeywords$runFeatureFile.call(Unknown Source)
	at Claim_Contract_Two_Wheelers_then_Save_it_Without_Register_Any_Mistakes.run(Claim_Contract_Two_Wheelers_then_Save_it_Without_Register_Any_Mistakes:16)
	at com.kms.katalon.core.main.ScriptEngine.run(ScriptEngine.java:194)
	at com.kms.katalon.core.main.ScriptEngine.runScriptAsRawText(ScriptEngine.java:119)
	at com.kms.katalon.core.main.TestCaseExecutor.runScript(TestCaseExecutor.java:339)
	at com.kms.katalon.core.main.TestCaseExecutor.doExecute(TestCaseExecutor.java:330)
	at com.kms.katalon.core.main.TestCaseExecutor.processExecutionPhase(TestCaseExecutor.java:309)
	at com.kms.katalon.core.main.TestCaseExecutor.accessMainPhase(TestCaseExecutor.java:301)
	at com.kms.katalon.core.main.TestCaseExecutor.execute(TestCaseExecutor.java:235)
	at com.kms.katalon.core.main.TestSuiteExecutor.accessTestCaseMainPhase(TestSuiteExecutor.java:191)
	at com.kms.katalon.core.main.TestSuiteExecutor.accessTestSuiteMainPhase(TestSuiteExecutor.java:141)
	at com.kms.katalon.core.main.TestSuiteExecutor.execute(TestSuiteExecutor.java:90)
	at com.kms.katalon.core.main.TestCaseMain.startTestSuite(TestCaseMain.java:157)
	at com.kms.katalon.core.main.TestCaseMain$startTestSuite$0.call(Unknown Source)
	at TempTestSuite1595410390420.run(TempTestSuite1595410390420.groovy:39)]]></system-err>
      </testcase>
      <testcase name="Test Cases/IST_Real/CONTRACT_DISPATCHER_TWO_WHEELERS/DEV/Update_Tbl_CDS_CDC" time="0.825" classname="Test Cases/IST_Real/CONTRACT_DISPATCHER_TWO_WHEELERS/DEV/Update_Tbl_CDS_CDC" status="PASSED">
         <system-out><![CDATA[2020-07-22 16:36:24 - [TEST_CASE][PASSED] - Test Cases/IST_Real/CONTRACT_DISPATCHER_TWO_WHEELERS/DEV/Update_Tbl_CDS_CDC: Test Cases/IST_Real/CONTRACT_DISPATCHER_TWO_WHEELERS/DEV/Update_Tbl_CDS_CDC

2020-07-22 16:36:24 - [TEST_STEP][PASSED] - runFeatureFile("Include/features/IST_Real/CONTRACT_DISPATCHER_TWO_WHEELERS/DEV/Update_Tbl_CDS_CDC.feature"): Feature file: 'Include/features/IST_Real/CONTRACT_DISPATCHER_TWO_WHEELERS/DEV/Update_Tbl_CDS_CDC.feature' was passed

2020-07-22 16:36:24 - [MESSAGE][INFO] - Starting run keyword runFeatureFile: 'Include/features/IST_Real/CONTRACT_DISPATCHER_TWO_WHEELERS/DEV/Update_Tbl_CDS_CDC.feature' and extract report to folder: '/Users/chaidir.pratama01/Katalon Studio/IST_Automation_Git/Reports/20200722_163310/CONTRACT_DISPATCHER_TWO_WHEELERS/DEV/TS_Contract_Dispatcher_Two_Wheelers/20200722_163310/cucumber_report/1595410584502'...

2020-07-22 16:36:24 - [TEST_CASE][PASSED] - Start Test Case : SCENARIO Update Table CONTRACT_DISPATCHER_SOURCE and CONTRACT_DISPTACHER_CLAIM: SCENARIO Update Table CONTRACT_DISPATCHER_SOURCE and CONTRACT_DISPTACHER_CLAIM

2020-07-22 16:36:24 - [TEST_STEP][PASSED] - Connect to APP_ACCOUNT C1: Connect to APP_ACCOUNT C1

2020-07-22 16:36:24 - [MESSAGE][PASSED] - Connect to APP_ACCOUNT C1

2020-07-22 16:36:24 - [TEST_STEP][PASSED] - Update Tbl CONTRACT DISPATCHER SOURCE To Change PROCESSED From Y to N: Update Tbl CONTRACT DISPATCHER SOURCE To Change PROCESSED From Y to N

2020-07-22 16:36:25 - [MESSAGE][PASSED] - Update Tbl CONTRACT DISPATCHER SOURCE To Change PROCESSED From Y to N

2020-07-22 16:36:25 - [TEST_STEP][PASSED] - Update Tbl CONTRACT DISPATCHER CLAIM To Delete PROCESS From Column STATUS: Update Tbl CONTRACT DISPATCHER CLAIM To Delete PROCESS From Column STATUS

2020-07-22 16:36:25 - [MESSAGE][PASSED] - Update Tbl CONTRACT DISPATCHER CLAIM To Delete PROCESS From Column STATUS

2020-07-22 16:36:25 - [MESSAGE][PASSED] - Feature file: 'Include/features/IST_Real/CONTRACT_DISPATCHER_TWO_WHEELERS/DEV/Update_Tbl_CDS_CDC.feature' was passed]]></system-out>
         <system-err><![CDATA[]]></system-err>
      </testcase>
      <testcase name="Test Cases/IST_Real/CONTRACT_DISPATCHER_TWO_WHEELERS/DEV/Delete_ContractNumber_from_TRK_REGISTRATION_MISTAKE" time="0.343" classname="Test Cases/IST_Real/CONTRACT_DISPATCHER_TWO_WHEELERS/DEV/Delete_ContractNumber_from_TRK_REGISTRATION_MISTAKE" status="PASSED">
         <system-out><![CDATA[2020-07-22 16:36:25 - [TEST_CASE][PASSED] - Test Cases/IST_Real/CONTRACT_DISPATCHER_TWO_WHEELERS/DEV/Delete_ContractNumber_from_TRK_REGISTRATION_MISTAKE: Test Cases/IST_Real/CONTRACT_DISPATCHER_TWO_WHEELERS/DEV/Delete_ContractNumber_from_TRK_REGISTRATION_MISTAKE

2020-07-22 16:36:25 - [TEST_STEP][PASSED] - runFeatureFile("Include/features/IST_Real/CONTRACT_DISPATCHER_TWO_WHEELERS/DEV/Delete_ContractNumber_from_TRK_REGISTRATION_MISTAKE.feature"): Feature file: 'Include/features/IST_Real/CONTRACT_DISPATCHER_TWO_WHEELERS/DEV/Delete_ContractNumber_from_TRK_REGISTRATION_MISTAKE.feature' was passed

2020-07-22 16:36:25 - [MESSAGE][INFO] - Starting run keyword runFeatureFile: 'Include/features/IST_Real/CONTRACT_DISPATCHER_TWO_WHEELERS/DEV/Delete_ContractNumber_from_TRK_REGISTRATION_MISTAKE.feature' and extract report to folder: '/Users/chaidir.pratama01/Katalon Studio/IST_Automation_Git/Reports/20200722_163310/CONTRACT_DISPATCHER_TWO_WHEELERS/DEV/TS_Contract_Dispatcher_Two_Wheelers/20200722_163310/cucumber_report/1595410585327'...

2020-07-22 16:36:25 - [TEST_CASE][PASSED] - Start Test Case : SCENARIO Delete Contract from TRK_REGISTRATION_MISTAKE: SCENARIO Delete Contract from TRK_REGISTRATION_MISTAKE

2020-07-22 16:36:25 - [TEST_STEP][PASSED] - Connect to APP_ACCOUNT C1: Connect to APP_ACCOUNT C1

2020-07-22 16:36:25 - [MESSAGE][PASSED] - Connect to APP_ACCOUNT C1

2020-07-22 16:36:25 - [TEST_STEP][PASSED] - Delete Contract From TRK_REGISTRATION_MISTAKE: Delete Contract From TRK_REGISTRATION_MISTAKE

2020-07-22 16:36:25 - [MESSAGE][PASSED] - Delete Contract From TRK_REGISTRATION_MISTAKE

2020-07-22 16:36:25 - [MESSAGE][PASSED] - Feature file: 'Include/features/IST_Real/CONTRACT_DISPATCHER_TWO_WHEELERS/DEV/Delete_ContractNumber_from_TRK_REGISTRATION_MISTAKE.feature' was passed]]></system-out>
         <system-err><![CDATA[]]></system-err>
      </testcase>
      <testcase name="Test Cases/IST_Real/CONTRACT_DISPATCHER_TWO_WHEELERS/DEV/Pick_Mistake_Without_Choose_Dropdown_Mistake_Type" time="102.891" classname="Test Cases/IST_Real/CONTRACT_DISPATCHER_TWO_WHEELERS/DEV/Pick_Mistake_Without_Choose_Dropdown_Mistake_Type" status="PASSED">
         <system-out><![CDATA[2020-07-22 16:36:25 - [TEST_CASE][PASSED] - Test Cases/IST_Real/CONTRACT_DISPATCHER_TWO_WHEELERS/DEV/Pick_Mistake_Without_Choose_Dropdown_Mistake_Type: Test Cases/IST_Real/CONTRACT_DISPATCHER_TWO_WHEELERS/DEV/Pick_Mistake_Without_Choose_Dropdown_Mistake_Type

2020-07-22 16:36:25 - [TEST_STEP][PASSED] - runFeatureFile("Include/features/IST_Real/CONTRACT_DISPATCHER_TWO_WHEELERS/DEV/Pick_Mistake_Without_Choose_Dropdown_Mistake_Type.feature"): Feature file: 'Include/features/IST_Real/CONTRACT_DISPATCHER_TWO_WHEELERS/DEV/Pick_Mistake_Without_Choose_Dropdown_Mistake_Type.feature' was passed

2020-07-22 16:36:25 - [MESSAGE][INFO] - Starting run keyword runFeatureFile: 'Include/features/IST_Real/CONTRACT_DISPATCHER_TWO_WHEELERS/DEV/Pick_Mistake_Without_Choose_Dropdown_Mistake_Type.feature' and extract report to folder: '/Users/chaidir.pratama01/Katalon Studio/IST_Automation_Git/Reports/20200722_163310/CONTRACT_DISPATCHER_TWO_WHEELERS/DEV/TS_Contract_Dispatcher_Two_Wheelers/20200722_163310/cucumber_report/1595410585760'...

2020-07-22 16:36:25 - [TEST_CASE][PASSED] - Start Test Case : SCENARIO Assign User to Contract Two Wheelers: SCENARIO Assign User to Contract Two Wheelers

2020-07-22 16:36:25 - [TEST_STEP][PASSED] - Go to IST: Go to IST

2020-07-22 16:36:25 - [MESSAGE][WARNING] - A browser is already opened. Closing browser and opening a new one

2020-07-22 16:36:25 - [MESSAGE][INFO] - Starting 'Chrome' driver

2020-07-22 16:36:25 - [MESSAGE][INFO] - Action delay is set to 0 milliseconds

2020-07-22 16:36:26 - [MESSAGE][PASSED] - Browser is opened with url: ''

2020-07-22 16:36:27 - [MESSAGE][PASSED] - Navigate to 'https://dev-istools.homecredit.id/foundation/login.zul' successfully

2020-07-22 16:36:27 - [MESSAGE][PASSED] - Go to IST

2020-07-22 16:36:27 - [TEST_STEP][PASSED] - Login IST with valid credentials: Login IST with valid credentials

2020-07-22 16:36:28 - [MESSAGE][PASSED] - Text 'mobile.test' is set on object 'Object Repository/Page_/input_Username_j_username'

2020-07-22 16:36:28 - [MESSAGE][PASSED] - Text ****** has been set on object 'Object Repository/Page_/input_Password_j_password'

2020-07-22 16:36:29 - [MESSAGE][PASSED] - Object: 'Object Repository/Page_/button_Login' is clicked on

2020-07-22 16:36:29 - [MESSAGE][PASSED] - Login IST with valid credentials

2020-07-22 16:36:29 - [TEST_STEP][PASSED] - Login Success for contract dispatcher: Login Success for contract dispatcher

2020-07-22 16:36:29 - [MESSAGE][INFO] - Login Success

2020-07-22 16:36:29 - [MESSAGE][PASSED] - Current window maximized

2020-07-22 16:36:29 - [MESSAGE][PASSED] - Object 'Object Repository/Page_/h1_Welcome to IT Supporting Tools' is present

2020-07-22 16:36:29 - [MESSAGE][PASSED] - Login Success for contract dispatcher

2020-07-22 16:36:29 - [TEST_STEP][PASSED] - Select Arrow Menu "Contract Dispatcher Admin": Select Arrow Menu "Contract Dispatcher Admin"

2020-07-22 16:36:30 - [MESSAGE][PASSED] - Object: '' is clicked on

2020-07-22 16:36:30 - [MESSAGE][PASSED] - Select Arrow Menu "Contract Dispatcher Admin"

2020-07-22 16:36:30 - [TEST_STEP][PASSED] - Select Menu "Management Assignment": Select Menu "Management Assignment"

2020-07-22 16:36:30 - [MESSAGE][PASSED] - Object '' is present

2020-07-22 16:36:30 - [MESSAGE][PASSED] - Object: '' is clicked on

2020-07-22 16:36:31 - [MESSAGE][PASSED] - Wait for page load successfully

2020-07-22 16:36:31 - [MESSAGE][PASSED] - Select Menu "Management Assignment"

2020-07-22 16:36:31 - [TEST_STEP][PASSED] - Select Username "mobile.test" of Management Assignment: Select Username "mobile.test" of Management Assignment

2020-07-22 16:36:32 - [MESSAGE][PASSED] - All options with value 'mobile.test' are selected in object 'Object Repository/Page_/dropdown_list_username_assignment'  using regular expression

2020-07-22 16:36:32 - [MESSAGE][PASSED] - Select Username "mobile.test" of Management Assignment

2020-07-22 16:36:32 - [TEST_STEP][PASSED] - Check for username if already assigned to "Two Wheelers": Check for username if already assigned to "Two Wheelers"

2020-07-22 16:36:36 - [MESSAGE][PASSED] - Scroll to object '' successfully

2020-07-22 16:36:36 - [MESSAGE][PASSED] - Object '' is present

2020-07-22 16:36:36 - [MESSAGE][PASSED] - Object '' is checked

2020-07-22 16:36:36 - [MESSAGE][INFO] - Element is already Checked

2020-07-22 16:36:36 - [MESSAGE][PASSED] - Check for username if already assigned to "Two Wheelers"

2020-07-22 16:36:36 - [TEST_STEP][PASSED] - Wait page for load: Wait page for load

2020-07-22 16:36:36 - [MESSAGE][PASSED] - Wait for page load successfully

2020-07-22 16:36:36 - [MESSAGE][PASSED] - Wait page for load

2020-07-22 16:36:36 - [TEST_STEP][PASSED] - Click button "Logout": Click button "Logout"

2020-07-22 16:36:36 - [MESSAGE][INFO] - >>>>>//Button[contains(text(),'Logout')]

2020-07-22 16:36:40 - [MESSAGE][PASSED] - Object: '' is clicked on

2020-07-22 16:36:40 - [MESSAGE][PASSED] - Click button "Logout"

2020-07-22 16:36:40 - [TEST_STEP][PASSED] - Close browser: Close browser

2020-07-22 16:36:40 - [MESSAGE][PASSED] - Browser is closed

2020-07-22 16:36:40 - [MESSAGE][PASSED] - Close browser

2020-07-22 16:36:40 - [TEST_CASE][PASSED] - Start Test Case : SCENARIO Select Menu Contract Dispatcher and Select Contract based on type contract Two Wheelers: SCENARIO Select Menu Contract Dispatcher and Select Contract based on type contract Two Wheelers

2020-07-22 16:36:40 - [TEST_STEP][PASSED] - Go to IST: Go to IST

2020-07-22 16:36:40 - [MESSAGE][INFO] - Starting 'Chrome' driver

2020-07-22 16:36:40 - [MESSAGE][INFO] - Action delay is set to 0 milliseconds

2020-07-22 16:36:41 - [MESSAGE][PASSED] - Browser is opened with url: ''

2020-07-22 16:36:41 - [MESSAGE][PASSED] - Navigate to 'https://dev-istools.homecredit.id/foundation/login.zul' successfully

2020-07-22 16:36:41 - [MESSAGE][PASSED] - Go to IST

2020-07-22 16:36:41 - [TEST_STEP][PASSED] - Login IST with valid credentials: Login IST with valid credentials

2020-07-22 16:36:42 - [MESSAGE][PASSED] - Text 'mobile.test' is set on object 'Object Repository/Page_/input_Username_j_username'

2020-07-22 16:36:43 - [MESSAGE][PASSED] - Text ****** has been set on object 'Object Repository/Page_/input_Password_j_password'

2020-07-22 16:36:43 - [MESSAGE][PASSED] - Object: 'Object Repository/Page_/button_Login' is clicked on

2020-07-22 16:36:43 - [MESSAGE][PASSED] - Login IST with valid credentials

2020-07-22 16:36:43 - [TEST_STEP][PASSED] - Login Success for contract dispatcher: Login Success for contract dispatcher

2020-07-22 16:36:43 - [MESSAGE][INFO] - Login Success

2020-07-22 16:36:44 - [MESSAGE][PASSED] - Current window maximized

2020-07-22 16:36:44 - [MESSAGE][PASSED] - Object 'Object Repository/Page_/h1_Welcome to IT Supporting Tools' is present

2020-07-22 16:36:44 - [MESSAGE][PASSED] - Login Success for contract dispatcher

2020-07-22 16:36:44 - [TEST_STEP][PASSED] - Select Menu "Contract Dispatcher": Select Menu "Contract Dispatcher"

2020-07-22 16:36:44 - [MESSAGE][PASSED] - Object '' is present

2020-07-22 16:36:45 - [MESSAGE][PASSED] - Object: '' is clicked on

2020-07-22 16:36:45 - [MESSAGE][PASSED] - Wait for page load successfully

2020-07-22 16:36:45 - [MESSAGE][PASSED] - Select Menu "Contract Dispatcher"

2020-07-22 16:36:45 - [TEST_STEP][PASSED] - Select Contract Number based on Type Contract "TWO_WHEELERS": Select Contract Number based on Type Contract "TWO_WHEELERS"

2020-07-22 16:36:46 - [MESSAGE][PASSED] - Object '' is present

2020-07-22 16:36:46 - [MESSAGE][PASSED] - Object '' is present

2020-07-22 16:36:46 - [MESSAGE][PASSED] - Object: '' is clicked on

2020-07-22 16:36:47 - [MESSAGE][PASSED] - Object '' is checked

2020-07-22 16:36:47 - [MESSAGE][PASSED] - Select Contract Number based on Type Contract "TWO_WHEELERS"

2020-07-22 16:36:47 - [TEST_STEP][PASSED] - Click button "Claim": Click button "Claim"

2020-07-22 16:36:47 - [MESSAGE][INFO] - >>>>>//Button[contains(text(),'Claim')]

2020-07-22 16:36:50 - [MESSAGE][PASSED] - Object: '' is clicked on

2020-07-22 16:36:50 - [MESSAGE][PASSED] - Click button "Claim"

2020-07-22 16:36:50 - [TEST_STEP][PASSED] - Varify the mistake detail already match with the matrix Base on Type Contract: Varify the mistake detail already match with the matrix Base on Type Contract

2020-07-22 16:36:52 - [MESSAGE][PASSED] - Object '' is present

2020-07-22 16:36:52 - [MESSAGE][PASSED] - Object: '' is clicked on

2020-07-22 16:36:52 - [MESSAGE][PASSED] - Object '' is present

2020-07-22 16:36:53 - [MESSAGE][PASSED] - Object '' is not checked

2020-07-22 16:36:53 - [MESSAGE][PASSED] - Object '' is present

2020-07-22 16:36:53 - [MESSAGE][PASSED] - Object '' is not checked

2020-07-22 16:36:54 - [MESSAGE][PASSED] - Object '' is present

2020-07-22 16:36:54 - [MESSAGE][PASSED] - Object '' is not checked

2020-07-22 16:36:54 - [MESSAGE][PASSED] - Object '' is present

2020-07-22 16:36:55 - [MESSAGE][PASSED] - Object '' is not checked

2020-07-22 16:36:55 - [MESSAGE][PASSED] - Object '' is present

2020-07-22 16:36:55 - [MESSAGE][PASSED] - Object '' is not checked

2020-07-22 16:36:56 - [MESSAGE][PASSED] - Object '' is present

2020-07-22 16:36:56 - [MESSAGE][PASSED] - Object '' is not checked

2020-07-22 16:36:56 - [MESSAGE][PASSED] - Object '' is present

2020-07-22 16:36:57 - [MESSAGE][PASSED] - Object '' is not checked

2020-07-22 16:36:57 - [MESSAGE][PASSED] - Object '' is present

2020-07-22 16:36:57 - [MESSAGE][PASSED] - Object '' is not checked

2020-07-22 16:36:58 - [MESSAGE][PASSED] - Object '' is present

2020-07-22 16:36:58 - [MESSAGE][PASSED] - Object '' is not checked

2020-07-22 16:36:58 - [MESSAGE][PASSED] - Object '' is present

2020-07-22 16:36:59 - [MESSAGE][PASSED] - Object '' is not checked

2020-07-22 16:36:59 - [MESSAGE][PASSED] - Object '' is present

2020-07-22 16:36:59 - [MESSAGE][PASSED] - Object '' is not checked

2020-07-22 16:37:00 - [MESSAGE][PASSED] - Object '' is present

2020-07-22 16:37:00 - [MESSAGE][PASSED] - Object '' is not checked

2020-07-22 16:37:00 - [MESSAGE][PASSED] - Object '' is present

2020-07-22 16:37:00 - [MESSAGE][PASSED] - Object '' is not checked

2020-07-22 16:37:01 - [MESSAGE][PASSED] - Object '' is present

2020-07-22 16:37:01 - [MESSAGE][PASSED] - Object '' is not checked

2020-07-22 16:37:01 - [MESSAGE][PASSED] - Object '' is present

2020-07-22 16:37:02 - [MESSAGE][PASSED] - Object '' is not checked

2020-07-22 16:37:02 - [MESSAGE][PASSED] - Object '' is present

2020-07-22 16:37:02 - [MESSAGE][PASSED] - Object '' is not checked

2020-07-22 16:37:03 - [MESSAGE][PASSED] - Object '' is present

2020-07-22 16:37:03 - [MESSAGE][PASSED] - Object '' is not checked

2020-07-22 16:37:03 - [MESSAGE][PASSED] - Object '' is present

2020-07-22 16:37:04 - [MESSAGE][PASSED] - Object '' is not checked

2020-07-22 16:37:04 - [MESSAGE][PASSED] - Object '' is present

2020-07-22 16:37:05 - [MESSAGE][PASSED] - Object '' is not checked

2020-07-22 16:37:07 - [MESSAGE][PASSED] - Object '' is present

2020-07-22 16:37:07 - [MESSAGE][PASSED] - Object '' is not checked

2020-07-22 16:37:07 - [MESSAGE][PASSED] - Object '' is present

2020-07-22 16:37:08 - [MESSAGE][PASSED] - Object: '' is clicked on

2020-07-22 16:37:08 - [MESSAGE][PASSED] - Object '' is present

2020-07-22 16:37:09 - [MESSAGE][PASSED] - Object '' is not checked

2020-07-22 16:37:09 - [MESSAGE][PASSED] - Object '' is present

2020-07-22 16:37:09 - [MESSAGE][PASSED] - Object '' is not checked

2020-07-22 16:37:09 - [MESSAGE][PASSED] - Object '' is present

2020-07-22 16:37:10 - [MESSAGE][PASSED] - Object '' is not checked

2020-07-22 16:37:10 - [MESSAGE][PASSED] - Object '' is present

2020-07-22 16:37:10 - [MESSAGE][PASSED] - Object '' is not checked

2020-07-22 16:37:11 - [MESSAGE][PASSED] - Object '' is present

2020-07-22 16:37:11 - [MESSAGE][PASSED] - Object '' is not checked

2020-07-22 16:37:11 - [MESSAGE][PASSED] - Object '' is present

2020-07-22 16:37:12 - [MESSAGE][PASSED] - Object '' is not checked

2020-07-22 16:37:12 - [MESSAGE][PASSED] - Object '' is present

2020-07-22 16:37:12 - [MESSAGE][PASSED] - Object: '' is clicked on

2020-07-22 16:37:13 - [MESSAGE][PASSED] - Object '' is present

2020-07-22 16:37:13 - [MESSAGE][PASSED] - Object '' is not checked

2020-07-22 16:37:14 - [MESSAGE][PASSED] - Object '' is present

2020-07-22 16:37:14 - [MESSAGE][PASSED] - Object '' is not checked

2020-07-22 16:37:14 - [MESSAGE][PASSED] - Object '' is present

2020-07-22 16:37:15 - [MESSAGE][PASSED] - Object '' is not checked

2020-07-22 16:37:15 - [MESSAGE][PASSED] - Object '' is present

2020-07-22 16:37:15 - [MESSAGE][PASSED] - Object: '' is clicked on

2020-07-22 16:37:15 - [MESSAGE][PASSED] - Object '' is present

2020-07-22 16:37:16 - [MESSAGE][PASSED] - Object '' is not checked

2020-07-22 16:37:16 - [MESSAGE][PASSED] - Object '' is present

2020-07-22 16:37:17 - [MESSAGE][PASSED] - Object '' is not checked

2020-07-22 16:37:17 - [MESSAGE][PASSED] - Object '' is present

2020-07-22 16:37:17 - [MESSAGE][PASSED] - Object '' is not checked

2020-07-22 16:37:17 - [MESSAGE][PASSED] - Object '' is present

2020-07-22 16:37:18 - [MESSAGE][PASSED] - Object '' is not checked

2020-07-22 16:37:18 - [MESSAGE][PASSED] - Object '' is present

2020-07-22 16:37:18 - [MESSAGE][PASSED] - Object '' is not checked

2020-07-22 16:37:19 - [MESSAGE][PASSED] - Object '' is present

2020-07-22 16:37:19 - [MESSAGE][PASSED] - Object '' is not checked

2020-07-22 16:37:20 - [MESSAGE][PASSED] - Object '' is present

2020-07-22 16:37:20 - [MESSAGE][PASSED] - Object '' is not checked

2020-07-22 16:37:20 - [MESSAGE][PASSED] - Object '' is present

2020-07-22 16:37:20 - [MESSAGE][PASSED] - Object: '' is clicked on

2020-07-22 16:37:21 - [MESSAGE][PASSED] - Object '' is present

2020-07-22 16:37:21 - [MESSAGE][PASSED] - Object '' is not checked

2020-07-22 16:37:21 - [MESSAGE][PASSED] - Object '' is present

2020-07-22 16:37:21 - [MESSAGE][PASSED] - Object '' is not checked

2020-07-22 16:37:22 - [MESSAGE][PASSED] - Object '' is present

2020-07-22 16:37:22 - [MESSAGE][PASSED] - Object '' is not checked

2020-07-22 16:37:22 - [MESSAGE][PASSED] - Object '' is present

2020-07-22 16:37:23 - [MESSAGE][PASSED] - Object '' is not checked

2020-07-22 16:37:23 - [MESSAGE][PASSED] - Object '' is present

2020-07-22 16:37:23 - [MESSAGE][PASSED] - Object '' is not checked

2020-07-22 16:37:24 - [MESSAGE][PASSED] - Object '' is present

2020-07-22 16:37:24 - [MESSAGE][PASSED] - Object '' is not checked

2020-07-22 16:37:24 - [MESSAGE][PASSED] - Object '' is present

2020-07-22 16:37:24 - [MESSAGE][PASSED] - Object '' is not checked

2020-07-22 16:37:25 - [MESSAGE][PASSED] - Object '' is present

2020-07-22 16:37:25 - [MESSAGE][PASSED] - Object: '' is clicked on

2020-07-22 16:37:25 - [MESSAGE][PASSED] - Object '' is present

2020-07-22 16:37:25 - [MESSAGE][PASSED] - Object '' is not checked

2020-07-22 16:37:26 - [MESSAGE][PASSED] - Object '' is present

2020-07-22 16:37:26 - [MESSAGE][PASSED] - Object '' is not checked

2020-07-22 16:37:26 - [MESSAGE][PASSED] - Object '' is present

2020-07-22 16:37:27 - [MESSAGE][PASSED] - Object '' is not checked

2020-07-22 16:37:27 - [MESSAGE][PASSED] - Object '' is present

2020-07-22 16:37:27 - [MESSAGE][PASSED] - Object '' is not checked

2020-07-22 16:37:28 - [MESSAGE][PASSED] - Object '' is present

2020-07-22 16:37:28 - [MESSAGE][PASSED] - Object: '' is clicked on

2020-07-22 16:37:29 - [MESSAGE][PASSED] - Object '' is present

2020-07-22 16:37:29 - [MESSAGE][PASSED] - Object '' is not checked

2020-07-22 16:37:29 - [MESSAGE][PASSED] - Object '' is present

2020-07-22 16:37:29 - [MESSAGE][PASSED] - Object '' is not checked

2020-07-22 16:37:30 - [MESSAGE][PASSED] - Object '' is present

2020-07-22 16:37:30 - [MESSAGE][PASSED] - Object '' is not checked

2020-07-22 16:37:30 - [MESSAGE][PASSED] - Object '' is present

2020-07-22 16:37:31 - [MESSAGE][PASSED] - Object: '' is clicked on

2020-07-22 16:37:31 - [MESSAGE][PASSED] - Object '' is present

2020-07-22 16:37:31 - [MESSAGE][PASSED] - Object '' is not checked

2020-07-22 16:37:32 - [MESSAGE][PASSED] - Object '' is present

2020-07-22 16:37:32 - [MESSAGE][PASSED] - Object '' is not checked

2020-07-22 16:37:32 - [MESSAGE][PASSED] - Object '' is present

2020-07-22 16:37:32 - [MESSAGE][PASSED] - Object '' is not checked

2020-07-22 16:37:33 - [MESSAGE][PASSED] - Object '' is present

2020-07-22 16:37:33 - [MESSAGE][PASSED] - Object: '' is clicked on

2020-07-22 16:37:33 - [MESSAGE][PASSED] - Object '' is present

2020-07-22 16:37:34 - [MESSAGE][PASSED] - Object '' is not checked

2020-07-22 16:37:34 - [MESSAGE][PASSED] - Object '' is present

2020-07-22 16:37:34 - [MESSAGE][PASSED] - Object '' is not checked

2020-07-22 16:37:34 - [MESSAGE][PASSED] - Object '' is present

2020-07-22 16:37:35 - [MESSAGE][PASSED] - Object '' is not checked

2020-07-22 16:37:35 - [MESSAGE][PASSED] - Object '' is present

2020-07-22 16:37:35 - [MESSAGE][PASSED] - Object '' is not checked

2020-07-22 16:37:36 - [MESSAGE][PASSED] - Object '' is present

2020-07-22 16:37:36 - [MESSAGE][PASSED] - Object: '' is clicked on

2020-07-22 16:37:36 - [MESSAGE][PASSED] - Object '' is present

2020-07-22 16:37:37 - [MESSAGE][PASSED] - Object '' is not checked

2020-07-22 16:37:37 - [MESSAGE][PASSED] - Object '' is present

2020-07-22 16:37:37 - [MESSAGE][PASSED] - Object '' is not checked

2020-07-22 16:37:37 - [MESSAGE][PASSED] - Object '' is present

2020-07-22 16:37:38 - [MESSAGE][PASSED] - Object '' is not checked

2020-07-22 16:37:38 - [MESSAGE][PASSED] - Object '' is present

2020-07-22 16:37:38 - [MESSAGE][PASSED] - Object '' is not checked

2020-07-22 16:37:39 - [MESSAGE][PASSED] - Object '' is present

2020-07-22 16:37:39 - [MESSAGE][PASSED] - Object '' is not checked

2020-07-22 16:37:39 - [MESSAGE][PASSED] - Object '' is present

2020-07-22 16:37:40 - [MESSAGE][PASSED] - Object '' is not checked

2020-07-22 16:37:40 - [MESSAGE][PASSED] - Object '' is present

2020-07-22 16:37:40 - [MESSAGE][PASSED] - Object '' is not checked

2020-07-22 16:37:41 - [MESSAGE][PASSED] - Object '' is present

2020-07-22 16:37:41 - [MESSAGE][PASSED] - Object: '' is clicked on

2020-07-22 16:37:42 - [MESSAGE][PASSED] - Object '' is present

2020-07-22 16:37:42 - [MESSAGE][PASSED] - Object '' is not checked

2020-07-22 16:37:42 - [MESSAGE][PASSED] - Object '' is present

2020-07-22 16:37:42 - [MESSAGE][PASSED] - Object '' is not checked

2020-07-22 16:37:43 - [MESSAGE][PASSED] - Object '' is present

2020-07-22 16:37:43 - [MESSAGE][PASSED] - Object '' is not checked

2020-07-22 16:37:43 - [MESSAGE][PASSED] - Object '' is present

2020-07-22 16:37:44 - [MESSAGE][PASSED] - Object '' is not checked

2020-07-22 16:37:44 - [MESSAGE][PASSED] - Object '' is present

2020-07-22 16:37:44 - [MESSAGE][PASSED] - Object '' is not checked

2020-07-22 16:37:45 - [MESSAGE][PASSED] - Object '' is present

2020-07-22 16:37:45 - [MESSAGE][PASSED] - Object '' is not checked

2020-07-22 16:37:45 - [MESSAGE][PASSED] - Object '' is present

2020-07-22 16:37:46 - [MESSAGE][PASSED] - Object '' is not checked

2020-07-22 16:37:46 - [MESSAGE][PASSED] - Object: '' is clicked on

2020-07-22 16:37:46 - [MESSAGE][PASSED] - Object: '' is clicked on

2020-07-22 16:37:47 - [MESSAGE][PASSED] - Object: '' is clicked on

2020-07-22 16:37:47 - [MESSAGE][PASSED] - Object '' is present

2020-07-22 16:37:47 - [MESSAGE][PASSED] - Object: '' is clicked on

2020-07-22 16:37:48 - [MESSAGE][PASSED] - Object '' is present

2020-07-22 16:37:48 - [MESSAGE][PASSED] - Object '' is not checked

2020-07-22 16:37:48 - [MESSAGE][PASSED] - Object '' is present

2020-07-22 16:37:48 - [MESSAGE][PASSED] - Object '' is not checked

2020-07-22 16:37:49 - [MESSAGE][PASSED] - Object '' is present

2020-07-22 16:37:49 - [MESSAGE][PASSED] - Object: '' is clicked on

2020-07-22 16:37:50 - [MESSAGE][PASSED] - Object '' is present

2020-07-22 16:37:50 - [MESSAGE][PASSED] - Object '' is not checked

2020-07-22 16:37:50 - [MESSAGE][PASSED] - Object '' is present

2020-07-22 16:37:50 - [MESSAGE][PASSED] - Object '' is not checked

2020-07-22 16:37:51 - [MESSAGE][PASSED] - Object '' is present

2020-07-22 16:37:51 - [MESSAGE][PASSED] - Object '' is not checked

2020-07-22 16:37:51 - [MESSAGE][PASSED] - Object '' is present

2020-07-22 16:37:51 - [MESSAGE][PASSED] - Object '' is not checked

2020-07-22 16:37:52 - [MESSAGE][PASSED] - Object '' is present

2020-07-22 16:37:52 - [MESSAGE][PASSED] - Object: '' is clicked on

2020-07-22 16:37:52 - [MESSAGE][PASSED] - Object '' is present

2020-07-22 16:37:53 - [MESSAGE][PASSED] - Object '' is not checked

2020-07-22 16:37:53 - [MESSAGE][PASSED] - Object '' is present

2020-07-22 16:37:53 - [MESSAGE][PASSED] - Object '' is not checked

2020-07-22 16:37:54 - [MESSAGE][PASSED] - Object '' is present

2020-07-22 16:37:54 - [MESSAGE][PASSED] - Object '' is not checked

2020-07-22 16:37:54 - [MESSAGE][PASSED] - Object '' is present

2020-07-22 16:37:55 - [MESSAGE][PASSED] - Object '' is not checked

2020-07-22 16:37:55 - [MESSAGE][PASSED] - Object '' is present

2020-07-22 16:37:55 - [MESSAGE][PASSED] - Object '' is not checked

2020-07-22 16:37:56 - [MESSAGE][PASSED] - Object: '' is clicked on

2020-07-22 16:37:56 - [MESSAGE][PASSED] - Object: '' is clicked on

2020-07-22 16:37:56 - [MESSAGE][PASSED] - Object: '' is clicked on

2020-07-22 16:37:56 - [MESSAGE][PASSED] - Varify the mistake detail already match with the matrix Base on Type Contract

2020-07-22 16:37:56 - [TEST_STEP][PASSED] - Click on Tab "KTP": Click on Tab "KTP"

2020-07-22 16:37:57 - [MESSAGE][PASSED] - Object '' is present

2020-07-22 16:37:57 - [MESSAGE][PASSED] - Object: '' is clicked on

2020-07-22 16:37:57 - [MESSAGE][PASSED] - Click on Tab "KTP"

2020-07-22 16:37:57 - [TEST_STEP][PASSED] - Checkbox General Mistake "20. KTP atau Resi - Alamat tetap pemohon pada sistem (HoS) berbeda dengan KTP": Checkbox General Mistake "20. KTP atau Resi - Alamat tetap pemohon pada sistem (HoS) berbeda dengan KTP"

2020-07-22 16:37:57 - [MESSAGE][PASSED] - Object: '' is clicked on

2020-07-22 16:37:57 - [MESSAGE][PASSED] - Wait for page load successfully

2020-07-22 16:37:57 - [MESSAGE][PASSED] - Checkbox General Mistake "20. KTP atau Resi - Alamat tetap pemohon pada sistem (HoS) berbeda dengan KTP"

2020-07-22 16:37:57 - [TEST_STEP][PASSED] - Click button "Save": Click button "Save"

2020-07-22 16:37:57 - [MESSAGE][INFO] - >>>>>//Button[contains(text(),'Save')]

2020-07-22 16:38:01 - [MESSAGE][PASSED] - Object: '' is clicked on

2020-07-22 16:38:01 - [MESSAGE][PASSED] - Click button "Save"

2020-07-22 16:38:01 - [TEST_STEP][PASSED] - Get text from pop up "IT Supporting Tools" with text "Mistake Type cannot be empty": Get text from pop up "IT Supporting Tools" with text "Mistake Type cannot be empty"

2020-07-22 16:38:01 - [MESSAGE][PASSED] - Object '' is present

2020-07-22 16:38:01 - [MESSAGE][PASSED] - Wait for page load successfully

2020-07-22 16:38:01 - [MESSAGE][PASSED] - Wait for page load successfully

2020-07-22 16:38:01 - [MESSAGE][PASSED] - Get text from pop up "IT Supporting Tools" with text "Mistake Type cannot be empty"

2020-07-22 16:38:01 - [TEST_STEP][PASSED] - Click button "OK": Click button "OK"

2020-07-22 16:38:01 - [MESSAGE][INFO] - >>>>>//Button[contains(text(),'OK')]

2020-07-22 16:38:04 - [MESSAGE][PASSED] - Object: '' is clicked on

2020-07-22 16:38:04 - [MESSAGE][PASSED] - Click button "OK"

2020-07-22 16:38:04 - [TEST_STEP][PASSED] - Click button "Logout": Click button "Logout"

2020-07-22 16:38:04 - [MESSAGE][INFO] - >>>>>//Button[contains(text(),'Logout')]

2020-07-22 16:38:08 - [MESSAGE][PASSED] - Object: '' is clicked on

2020-07-22 16:38:08 - [MESSAGE][PASSED] - Click button "Logout"

2020-07-22 16:38:08 - [TEST_STEP][PASSED] - Comment "Register Mistake failed because Dropdown Mistake type didn't choose": Comment "Register Mistake failed because Dropdown Mistake type didn't choose"

2020-07-22 16:38:08 - [MESSAGE][INFO] - Register Mistake failed because Dropdown Mistake type didn't choose

2020-07-22 16:38:08 - [MESSAGE][PASSED] - Comment "Register Mistake failed because Dropdown Mistake type didn't choose"

2020-07-22 16:38:08 - [TEST_STEP][PASSED] - Close browser: Close browser

2020-07-22 16:38:08 - [MESSAGE][PASSED] - Browser is closed

2020-07-22 16:38:08 - [MESSAGE][PASSED] - Close browser

2020-07-22 16:38:08 - [MESSAGE][PASSED] - Feature file: 'Include/features/IST_Real/CONTRACT_DISPATCHER_TWO_WHEELERS/DEV/Pick_Mistake_Without_Choose_Dropdown_Mistake_Type.feature' was passed]]></system-out>
         <system-err><![CDATA[]]></system-err>
      </testcase>
      <testcase name="Test Cases/IST_Real/CONTRACT_DISPATCHER_TWO_WHEELERS/DEV/Update_Tbl_CDS_CDC" time="0.606" classname="Test Cases/IST_Real/CONTRACT_DISPATCHER_TWO_WHEELERS/DEV/Update_Tbl_CDS_CDC" status="PASSED">
         <system-out><![CDATA[2020-07-22 16:38:08 - [TEST_CASE][PASSED] - Test Cases/IST_Real/CONTRACT_DISPATCHER_TWO_WHEELERS/DEV/Update_Tbl_CDS_CDC: Test Cases/IST_Real/CONTRACT_DISPATCHER_TWO_WHEELERS/DEV/Update_Tbl_CDS_CDC

2020-07-22 16:38:08 - [TEST_STEP][PASSED] - runFeatureFile("Include/features/IST_Real/CONTRACT_DISPATCHER_TWO_WHEELERS/DEV/Update_Tbl_CDS_CDC.feature"): Feature file: 'Include/features/IST_Real/CONTRACT_DISPATCHER_TWO_WHEELERS/DEV/Update_Tbl_CDS_CDC.feature' was passed

2020-07-22 16:38:08 - [MESSAGE][INFO] - Starting run keyword runFeatureFile: 'Include/features/IST_Real/CONTRACT_DISPATCHER_TWO_WHEELERS/DEV/Update_Tbl_CDS_CDC.feature' and extract report to folder: '/Users/chaidir.pratama01/Katalon Studio/IST_Automation_Git/Reports/20200722_163310/CONTRACT_DISPATCHER_TWO_WHEELERS/DEV/TS_Contract_Dispatcher_Two_Wheelers/20200722_163310/cucumber_report/1595410688565'...

2020-07-22 16:38:08 - [TEST_CASE][PASSED] - Start Test Case : SCENARIO Update Table CONTRACT_DISPATCHER_SOURCE and CONTRACT_DISPTACHER_CLAIM: SCENARIO Update Table CONTRACT_DISPATCHER_SOURCE and CONTRACT_DISPTACHER_CLAIM

2020-07-22 16:38:08 - [TEST_STEP][PASSED] - Connect to APP_ACCOUNT C1: Connect to APP_ACCOUNT C1

2020-07-22 16:38:08 - [MESSAGE][PASSED] - Connect to APP_ACCOUNT C1

2020-07-22 16:38:08 - [TEST_STEP][PASSED] - Update Tbl CONTRACT DISPATCHER SOURCE To Change PROCESSED From Y to N: Update Tbl CONTRACT DISPATCHER SOURCE To Change PROCESSED From Y to N

2020-07-22 16:38:08 - [MESSAGE][PASSED] - Update Tbl CONTRACT DISPATCHER SOURCE To Change PROCESSED From Y to N

2020-07-22 16:38:08 - [TEST_STEP][PASSED] - Update Tbl CONTRACT DISPATCHER CLAIM To Delete PROCESS From Column STATUS: Update Tbl CONTRACT DISPATCHER CLAIM To Delete PROCESS From Column STATUS

2020-07-22 16:38:09 - [MESSAGE][PASSED] - Update Tbl CONTRACT DISPATCHER CLAIM To Delete PROCESS From Column STATUS

2020-07-22 16:38:09 - [MESSAGE][PASSED] - Feature file: 'Include/features/IST_Real/CONTRACT_DISPATCHER_TWO_WHEELERS/DEV/Update_Tbl_CDS_CDC.feature' was passed]]></system-out>
         <system-err><![CDATA[]]></system-err>
      </testcase>
      <testcase name="Test Cases/IST_Real/CONTRACT_DISPATCHER_TWO_WHEELERS/DEV/Pick_Mistake_Without_Write_Textarea_Note_After" time="127.387" classname="Test Cases/IST_Real/CONTRACT_DISPATCHER_TWO_WHEELERS/DEV/Pick_Mistake_Without_Write_Textarea_Note_After" status="FAILED">
         <failure type="FAILED" message="Test Cases/IST_Real/CONTRACT_DISPATCHER_TWO_WHEELERS/DEV/Pick_Mistake_Without_Write_Textarea_Note_After FAILED.
Reason:
com.kms.katalon.core.exception.StepFailedException: Feature file 'Include/features/IST_Real/CONTRACT_DISPATCHER_TWO_WHEELERS/DEV/Pick_Mistake_Without_Write_Textarea_Note_After.feature' was failed
	at com.kms.katalon.core.keyword.internal.KeywordMain.stepFailed(KeywordMain.groovy:50)
	at com.kms.katalon.core.keyword.internal.KeywordMain.stepFailed(KeywordMain.groovy)
	at com.kms.katalon.core.keyword.internal.KeywordMain.stepFailed(KeywordMain.groovy:23)
	at com.kms.katalon.core.keyword.internal.KeywordMain$stepFailed$0.call(Unknown Source)
	at com.kms.katalon.core.cucumber.keyword.CucumberBuiltinKeywords$_runFeatureFile_closure1.doCall(CucumberBuiltinKeywords.groovy:82)
	at com.kms.katalon.core.cucumber.keyword.CucumberBuiltinKeywords$_runFeatureFile_closure1.doCall(CucumberBuiltinKeywords.groovy)
	at com.kms.katalon.core.keyword.internal.KeywordMain.runKeyword(KeywordMain.groovy:68)
	at com.kms.katalon.core.keyword.internal.KeywordMain$runKeyword.call(Unknown Source)
	at com.kms.katalon.core.cucumber.keyword.CucumberBuiltinKeywords.runFeatureFile(CucumberBuiltinKeywords.groovy:46)
	at com.kms.katalon.core.cucumber.keyword.CucumberBuiltinKeywords$runFeatureFile$0.callStatic(Unknown Source)
	at com.kms.katalon.core.cucumber.keyword.CucumberBuiltinKeywords.runFeatureFile(CucumberBuiltinKeywords.groovy:169)
	at com.kms.katalon.core.cucumber.keyword.CucumberBuiltinKeywords$runFeatureFile.call(Unknown Source)
	at Pick_Mistake_Without_Write_Textarea_Note_After.run(Pick_Mistake_Without_Write_Textarea_Note_After:16)
	at com.kms.katalon.core.main.ScriptEngine.run(ScriptEngine.java:194)
	at com.kms.katalon.core.main.ScriptEngine.runScriptAsRawText(ScriptEngine.java:119)
	at com.kms.katalon.core.main.TestCaseExecutor.runScript(TestCaseExecutor.java:339)
	at com.kms.katalon.core.main.TestCaseExecutor.doExecute(TestCaseExecutor.java:330)
	at com.kms.katalon.core.main.TestCaseExecutor.processExecutionPhase(TestCaseExecutor.java:309)
	at com.kms.katalon.core.main.TestCaseExecutor.accessMainPhase(TestCaseExecutor.java:301)
	at com.kms.katalon.core.main.TestCaseExecutor.execute(TestCaseExecutor.java:235)
	at com.kms.katalon.core.main.TestSuiteExecutor.accessTestCaseMainPhase(TestSuiteExecutor.java:191)
	at com.kms.katalon.core.main.TestSuiteExecutor.accessTestSuiteMainPhase(TestSuiteExecutor.java:141)
	at com.kms.katalon.core.main.TestSuiteExecutor.execute(TestSuiteExecutor.java:90)
	at com.kms.katalon.core.main.TestCaseMain.startTestSuite(TestCaseMain.java:157)
	at com.kms.katalon.core.main.TestCaseMain$startTestSuite$0.call(Unknown Source)
	at TempTestSuite1595410390420.run(TempTestSuite1595410390420.groovy:39)
"/>
         <system-out><![CDATA[2020-07-22 16:38:09 - [TEST_CASE][FAILED] - Test Cases/IST_Real/CONTRACT_DISPATCHER_TWO_WHEELERS/DEV/Pick_Mistake_Without_Write_Textarea_Note_After: Test Cases/IST_Real/CONTRACT_DISPATCHER_TWO_WHEELERS/DEV/Pick_Mistake_Without_Write_Textarea_Note_After FAILED.
Reason:
com.kms.katalon.core.exception.StepFailedException: Feature file 'Include/features/IST_Real/CONTRACT_DISPATCHER_TWO_WHEELERS/DEV/Pick_Mistake_Without_Write_Textarea_Note_After.feature' was failed
	at com.kms.katalon.core.keyword.internal.KeywordMain.stepFailed(KeywordMain.groovy:50)
	at com.kms.katalon.core.keyword.internal.KeywordMain.stepFailed(KeywordMain.groovy)
	at com.kms.katalon.core.keyword.internal.KeywordMain.stepFailed(KeywordMain.groovy:23)
	at com.kms.katalon.core.keyword.internal.KeywordMain$stepFailed$0.call(Unknown Source)
	at com.kms.katalon.core.cucumber.keyword.CucumberBuiltinKeywords$_runFeatureFile_closure1.doCall(CucumberBuiltinKeywords.groovy:82)
	at com.kms.katalon.core.cucumber.keyword.CucumberBuiltinKeywords$_runFeatureFile_closure1.doCall(CucumberBuiltinKeywords.groovy)
	at com.kms.katalon.core.keyword.internal.KeywordMain.runKeyword(KeywordMain.groovy:68)
	at com.kms.katalon.core.keyword.internal.KeywordMain$runKeyword.call(Unknown Source)
	at com.kms.katalon.core.cucumber.keyword.CucumberBuiltinKeywords.runFeatureFile(CucumberBuiltinKeywords.groovy:46)
	at com.kms.katalon.core.cucumber.keyword.CucumberBuiltinKeywords$runFeatureFile$0.callStatic(Unknown Source)
	at com.kms.katalon.core.cucumber.keyword.CucumberBuiltinKeywords.runFeatureFile(CucumberBuiltinKeywords.groovy:169)
	at com.kms.katalon.core.cucumber.keyword.CucumberBuiltinKeywords$runFeatureFile.call(Unknown Source)
	at Pick_Mistake_Without_Write_Textarea_Note_After.run(Pick_Mistake_Without_Write_Textarea_Note_After:16)
	at com.kms.katalon.core.main.ScriptEngine.run(ScriptEngine.java:194)
	at com.kms.katalon.core.main.ScriptEngine.runScriptAsRawText(ScriptEngine.java:119)
	at com.kms.katalon.core.main.TestCaseExecutor.runScript(TestCaseExecutor.java:339)
	at com.kms.katalon.core.main.TestCaseExecutor.doExecute(TestCaseExecutor.java:330)
	at com.kms.katalon.core.main.TestCaseExecutor.processExecutionPhase(TestCaseExecutor.java:309)
	at com.kms.katalon.core.main.TestCaseExecutor.accessMainPhase(TestCaseExecutor.java:301)
	at com.kms.katalon.core.main.TestCaseExecutor.execute(TestCaseExecutor.java:235)
	at com.kms.katalon.core.main.TestSuiteExecutor.accessTestCaseMainPhase(TestSuiteExecutor.java:191)
	at com.kms.katalon.core.main.TestSuiteExecutor.accessTestSuiteMainPhase(TestSuiteExecutor.java:141)
	at com.kms.katalon.core.main.TestSuiteExecutor.execute(TestSuiteExecutor.java:90)
	at com.kms.katalon.core.main.TestCaseMain.startTestSuite(TestCaseMain.java:157)
	at com.kms.katalon.core.main.TestCaseMain$startTestSuite$0.call(Unknown Source)
	at TempTestSuite1595410390420.run(TempTestSuite1595410390420.groovy:39)


2020-07-22 16:38:09 - [TEST_STEP][FAILED] - runFeatureFile("Include/features/IST_Real/CONTRACT_DISPATCHER_TWO_WHEELERS/DEV/Pick_Mistake_Without_Write_Textarea_Note_After.feature"): Keyword runFeatureFile was failed (Root cause: com.kms.katalon.core.exception.StepFailedException: Feature file 'Include/features/IST_Real/CONTRACT_DISPATCHER_TWO_WHEELERS/DEV/Pick_Mistake_Without_Write_Textarea_Note_After.feature' was failed
	at com.kms.katalon.core.keyword.internal.KeywordMain.stepFailed(KeywordMain.groovy:50)
	at com.kms.katalon.core.keyword.internal.KeywordMain.stepFailed(KeywordMain.groovy)
	at com.kms.katalon.core.keyword.internal.KeywordMain.stepFailed(KeywordMain.groovy:23)
	at com.kms.katalon.core.keyword.internal.KeywordMain$stepFailed$0.call(Unknown Source)
	at com.kms.katalon.core.cucumber.keyword.CucumberBuiltinKeywords$_runFeatureFile_closure1.doCall(CucumberBuiltinKeywords.groovy:82)
	at com.kms.katalon.core.cucumber.keyword.CucumberBuiltinKeywords$_runFeatureFile_closure1.doCall(CucumberBuiltinKeywords.groovy)
	at com.kms.katalon.core.keyword.internal.KeywordMain.runKeyword(KeywordMain.groovy:68)
	at com.kms.katalon.core.keyword.internal.KeywordMain$runKeyword.call(Unknown Source)
	at com.kms.katalon.core.cucumber.keyword.CucumberBuiltinKeywords.runFeatureFile(CucumberBuiltinKeywords.groovy:46)
	at com.kms.katalon.core.cucumber.keyword.CucumberBuiltinKeywords$runFeatureFile$0.callStatic(Unknown Source)
	at com.kms.katalon.core.cucumber.keyword.CucumberBuiltinKeywords.runFeatureFile(CucumberBuiltinKeywords.groovy:169)
	at com.kms.katalon.core.cucumber.keyword.CucumberBuiltinKeywords$runFeatureFile.call(Unknown Source)
	at Pick_Mistake_Without_Write_Textarea_Note_After.run(Pick_Mistake_Without_Write_Textarea_Note_After:16)
	at com.kms.katalon.core.main.ScriptEngine.run(ScriptEngine.java:194)
	at com.kms.katalon.core.main.ScriptEngine.runScriptAsRawText(ScriptEngine.java:119)
	at com.kms.katalon.core.main.TestCaseExecutor.runScript(TestCaseExecutor.java:339)
	at com.kms.katalon.core.main.TestCaseExecutor.doExecute(TestCaseExecutor.java:330)
	at com.kms.katalon.core.main.TestCaseExecutor.processExecutionPhase(TestCaseExecutor.java:309)
	at com.kms.katalon.core.main.TestCaseExecutor.accessMainPhase(TestCaseExecutor.java:301)
	at com.kms.katalon.core.main.TestCaseExecutor.execute(TestCaseExecutor.java:235)
	at com.kms.katalon.core.main.TestSuiteExecutor.accessTestCaseMainPhase(TestSuiteExecutor.java:191)
	at com.kms.katalon.core.main.TestSuiteExecutor.accessTestSuiteMainPhase(TestSuiteExecutor.java:141)
	at com.kms.katalon.core.main.TestSuiteExecutor.execute(TestSuiteExecutor.java:90)
	at com.kms.katalon.core.main.TestCaseMain.startTestSuite(TestCaseMain.java:157)
	at com.kms.katalon.core.main.TestCaseMain$startTestSuite$0.call(Unknown Source)
	at TempTestSuite1595410390420.run(TempTestSuite1595410390420.groovy:39)
)

2020-07-22 16:38:09 - [MESSAGE][INFO] - Starting run keyword runFeatureFile: 'Include/features/IST_Real/CONTRACT_DISPATCHER_TWO_WHEELERS/DEV/Pick_Mistake_Without_Write_Textarea_Note_After.feature' and extract report to folder: '/Users/chaidir.pratama01/Katalon Studio/IST_Automation_Git/Reports/20200722_163310/CONTRACT_DISPATCHER_TWO_WHEELERS/DEV/TS_Contract_Dispatcher_Two_Wheelers/20200722_163310/cucumber_report/1595410689248'...

2020-07-22 16:38:09 - [TEST_CASE][PASSED] - Start Test Case : SCENARIO Assign User to Contract Two Wheelers: SCENARIO Assign User to Contract Two Wheelers

2020-07-22 16:38:09 - [TEST_STEP][PASSED] - Go to IST: Go to IST

2020-07-22 16:38:09 - [MESSAGE][INFO] - Starting 'Chrome' driver

2020-07-22 16:38:09 - [MESSAGE][INFO] - Action delay is set to 0 milliseconds

2020-07-22 16:38:10 - [MESSAGE][PASSED] - Browser is opened with url: ''

2020-07-22 16:38:10 - [MESSAGE][PASSED] - Navigate to 'https://dev-istools.homecredit.id/foundation/login.zul' successfully

2020-07-22 16:38:10 - [MESSAGE][PASSED] - Go to IST

2020-07-22 16:38:10 - [TEST_STEP][PASSED] - Login IST with valid credentials: Login IST with valid credentials

2020-07-22 16:38:11 - [MESSAGE][PASSED] - Text 'mobile.test' is set on object 'Object Repository/Page_/input_Username_j_username'

2020-07-22 16:38:12 - [MESSAGE][PASSED] - Text ****** has been set on object 'Object Repository/Page_/input_Password_j_password'

2020-07-22 16:38:13 - [MESSAGE][PASSED] - Object: 'Object Repository/Page_/button_Login' is clicked on

2020-07-22 16:38:13 - [MESSAGE][PASSED] - Login IST with valid credentials

2020-07-22 16:38:13 - [TEST_STEP][PASSED] - Login Success for contract dispatcher: Login Success for contract dispatcher

2020-07-22 16:38:13 - [MESSAGE][INFO] - Login Success

2020-07-22 16:38:13 - [MESSAGE][PASSED] - Current window maximized

2020-07-22 16:38:13 - [MESSAGE][PASSED] - Object 'Object Repository/Page_/h1_Welcome to IT Supporting Tools' is present

2020-07-22 16:38:13 - [MESSAGE][PASSED] - Login Success for contract dispatcher

2020-07-22 16:38:13 - [TEST_STEP][PASSED] - Select Arrow Menu "Contract Dispatcher Admin": Select Arrow Menu "Contract Dispatcher Admin"

2020-07-22 16:38:14 - [MESSAGE][PASSED] - Object: '' is clicked on

2020-07-22 16:38:14 - [MESSAGE][PASSED] - Select Arrow Menu "Contract Dispatcher Admin"

2020-07-22 16:38:14 - [TEST_STEP][PASSED] - Select Menu "Management Assignment": Select Menu "Management Assignment"

2020-07-22 16:38:14 - [MESSAGE][PASSED] - Object '' is present

2020-07-22 16:38:14 - [MESSAGE][PASSED] - Object: '' is clicked on

2020-07-22 16:38:14 - [MESSAGE][PASSED] - Wait for page load successfully

2020-07-22 16:38:14 - [MESSAGE][PASSED] - Select Menu "Management Assignment"

2020-07-22 16:38:14 - [TEST_STEP][PASSED] - Select Username "mobile.test" of Management Assignment: Select Username "mobile.test" of Management Assignment

2020-07-22 16:38:16 - [MESSAGE][PASSED] - All options with value 'mobile.test' are selected in object 'Object Repository/Page_/dropdown_list_username_assignment'  using regular expression

2020-07-22 16:38:16 - [MESSAGE][PASSED] - Select Username "mobile.test" of Management Assignment

2020-07-22 16:38:16 - [TEST_STEP][PASSED] - Check for username if already assigned to "Two Wheelers": Check for username if already assigned to "Two Wheelers"

2020-07-22 16:38:20 - [MESSAGE][PASSED] - Scroll to object '' successfully

2020-07-22 16:38:20 - [MESSAGE][PASSED] - Object '' is present

2020-07-22 16:38:20 - [MESSAGE][PASSED] - Object '' is checked

2020-07-22 16:38:20 - [MESSAGE][INFO] - Element is already Checked

2020-07-22 16:38:20 - [MESSAGE][PASSED] - Check for username if already assigned to "Two Wheelers"

2020-07-22 16:38:20 - [TEST_STEP][PASSED] - Wait page for load: Wait page for load

2020-07-22 16:38:20 - [MESSAGE][PASSED] - Wait for page load successfully

2020-07-22 16:38:20 - [MESSAGE][PASSED] - Wait page for load

2020-07-22 16:38:20 - [TEST_STEP][PASSED] - Click button "Logout": Click button "Logout"

2020-07-22 16:38:20 - [MESSAGE][INFO] - >>>>>//Button[contains(text(),'Logout')]

2020-07-22 16:38:24 - [MESSAGE][PASSED] - Object: '' is clicked on

2020-07-22 16:38:24 - [MESSAGE][PASSED] - Click button "Logout"

2020-07-22 16:38:24 - [TEST_STEP][PASSED] - Close browser: Close browser

2020-07-22 16:38:24 - [MESSAGE][PASSED] - Browser is closed

2020-07-22 16:38:24 - [MESSAGE][PASSED] - Close browser

2020-07-22 16:38:24 - [TEST_CASE][FAILED] - Start Test Case : SCENARIO Select Menu Contract Dispatcher and Select Contract based on type contract Two Wheelers EFP: SCENARIO Select Menu Contract Dispatcher and Select Contract based on type contract Two Wheelers EFP FAILED.
Reason:
com.kms.katalon.core.exception.StepFailedException: Unable to select option by index '1' of object ''
	at com.kms.katalon.core.webui.keyword.internal.WebUIKeywordMain.stepFailed(WebUIKeywordMain.groovy:64)
	at com.kms.katalon.core.webui.keyword.internal.WebUIKeywordMain.runKeyword(WebUIKeywordMain.groovy:26)
	at com.kms.katalon.core.webui.keyword.builtin.SelectOptionByIndexKeyword.selectOptionByIndex(SelectOptionByIndexKeyword.groovy:93)
	at com.kms.katalon.core.webui.keyword.builtin.SelectOptionByIndexKeyword.execute(SelectOptionByIndexKeyword.groovy:68)
	at com.kms.katalon.core.keyword.internal.KeywordExecutor.executeKeywordForPlatform(KeywordExecutor.groovy:73)
	at com.kms.katalon.core.webui.keyword.WebUiBuiltInKeywords.selectOptionByIndex(WebUiBuiltInKeywords.groovy:1129)
	at com.kms.katalon.core.webui.keyword.WebUiBuiltInKeywords$selectOptionByIndex$11.call(Unknown Source)
	at ist_real.Contract_Dispatcher.Dropdown_mistaketypefrommistakename(Contract_Dispatcher.groovy:948)
	at ✽.Choose Dropdown mistake type "Beda RT" from mistake name "KTP / Resi - Alamat tetap pemohon pada sistem (HoS) berbeda dengan KTP"(/Users/chaidir.pratama01/Katalon Studio/IST_Automation_Git/Include/features/IST_Real/CONTRACT_DISPATCHER_TWO_WHEELERS/DEV/Pick_Mistake_Without_Write_Textarea_Note_After.feature:50)
Caused by: java.lang.IndexOutOfBoundsException: Index: 0, Size: 0
	at com.kms.katalon.core.webui.common.WebUiCommonHelper.buildLocator(WebUiCommonHelper.java:519)
	at com.kms.katalon.core.webui.common.WebUiCommonHelper.findElementByNormalMethods(WebUiCommonHelper.java:985)
	at com.kms.katalon.core.webui.common.WebUiCommonHelper.findElementsBySelectedMethod(WebUiCommonHelper.java:894)
	at com.kms.katalon.core.webui.common.WebUiCommonHelper.findElementsWithSelfHealing(WebUiCommonHelper.java:791)
	at com.kms.katalon.core.webui.common.WebUiCommonHelper.findWebElements(WebUiCommonHelper.java:717)
	at com.kms.katalon.core.webui.common.WebUiCommonHelper.findWebElement(WebUiCommonHelper.java:1349)
	at com.kms.katalon.core.webui.keyword.internal.WebUIAbstractKeyword.findWebElement(WebUIAbstractKeyword.groovy:27)
	at com.kms.katalon.core.webui.keyword.internal.WebUIAbstractKeyword.findWebElement(WebUIAbstractKeyword.groovy:26)
	at com.kms.katalon.core.webui.keyword.builtin.SelectOptionByIndexKeyword$_selectOptionByIndex_closure1.doCall(SelectOptionByIndexKeyword.groovy:84)
	at com.kms.katalon.core.webui.keyword.builtin.SelectOptionByIndexKeyword$_selectOptionByIndex_closure1.call(SelectOptionByIndexKeyword.groovy)
	at com.kms.katalon.core.webui.keyword.internal.WebUIKeywordMain.runKeyword(WebUIKeywordMain.groovy:20)
	at com.kms.katalon.core.webui.keyword.builtin.SelectOptionByIndexKeyword.selectOptionByIndex(SelectOptionByIndexKeyword.groovy:93)
	at com.kms.katalon.core.webui.keyword.builtin.SelectOptionByIndexKeyword.execute(SelectOptionByIndexKeyword.groovy:68)
	at com.kms.katalon.core.keyword.internal.KeywordExecutor.executeKeywordForPlatform(KeywordExecutor.groovy:73)
	at com.kms.katalon.core.webui.keyword.WebUiBuiltInKeywords.selectOptionByIndex(WebUiBuiltInKeywords.groovy:1129)
	at com.kms.katalon.core.webui.keyword.WebUiBuiltInKeywords$selectOptionByIndex$11.call(Unknown Source)
	at ist_real.Contract_Dispatcher.Dropdown_mistaketypefrommistakename(Contract_Dispatcher.groovy:948)
	at cucumber.runtime.Utils$1.call(Utils.java:26)
	at cucumber.runtime.Timeout.timeout(Timeout.java:16)
	at cucumber.runtime.Utils.invoke(Utils.java:20)
	at cucumber.runtime.java.JavaStepDefinition.execute(JavaStepDefinition.java:48)
	at cucumber.runtime.PickleStepDefinitionMatch.runStep(PickleStepDefinitionMatch.java:50)
	at cucumber.runner.TestStep.executeStep(TestStep.java:55)
	at cucumber.runner.TestStep.run(TestStep.java:42)
	at cucumber.runner.PickleStepTestStep.run(PickleStepTestStep.java:53)
	at cucumber.runner.TestCase.run(TestCase.java:47)
	at cucumber.runner.Runner.runPickle(Runner.java:44)
	at cucumber.runtime.Runtime.runFeature(Runtime.java:120)
	at cucumber.runtime.Runtime.run(Runtime.java:106)
	at cucumber.api.cli.Main.run(Main.java:35)
	at cucumber.api.cli.Main$run.call(Unknown Source)
	at com.kms.katalon.core.cucumber.keyword.CucumberBuiltinKeywords$_runFeatureFile_closure1.doCall(CucumberBuiltinKeywords.groovy:76)
	at com.kms.katalon.core.cucumber.keyword.CucumberBuiltinKeywords$_runFeatureFile_closure1.doCall(CucumberBuiltinKeywords.groovy)
	at com.kms.katalon.core.keyword.internal.KeywordMain.runKeyword(KeywordMain.groovy:68)
	at com.kms.katalon.core.keyword.internal.KeywordMain$runKeyword.call(Unknown Source)
	at com.kms.katalon.core.cucumber.keyword.CucumberBuiltinKeywords.runFeatureFile(CucumberBuiltinKeywords.groovy:46)
	at com.kms.katalon.core.cucumber.keyword.CucumberBuiltinKeywords$runFeatureFile$0.callStatic(Unknown Source)
	at com.kms.katalon.core.cucumber.keyword.CucumberBuiltinKeywords.runFeatureFile(CucumberBuiltinKeywords.groovy:169)
	at com.kms.katalon.core.cucumber.keyword.CucumberBuiltinKeywords$runFeatureFile.call(Unknown Source)
	at Pick_Mistake_Without_Write_Textarea_Note_After.run(Pick_Mistake_Without_Write_Textarea_Note_After:16)
	at com.kms.katalon.core.main.ScriptEngine.run(ScriptEngine.java:194)
	at com.kms.katalon.core.main.ScriptEngine.runScriptAsRawText(ScriptEngine.java:119)
	at com.kms.katalon.core.main.TestCaseExecutor.runScript(TestCaseExecutor.java:339)
	at com.kms.katalon.core.main.TestCaseExecutor.doExecute(TestCaseExecutor.java:330)
	at com.kms.katalon.core.main.TestCaseExecutor.processExecutionPhase(TestCaseExecutor.java:309)
	at com.kms.katalon.core.main.TestCaseExecutor.accessMainPhase(TestCaseExecutor.java:301)
	at com.kms.katalon.core.main.TestCaseExecutor.execute(TestCaseExecutor.java:235)
	at com.kms.katalon.core.main.TestSuiteExecutor.accessTestCaseMainPhase(TestSuiteExecutor.java:191)
	at com.kms.katalon.core.main.TestSuiteExecutor.accessTestSuiteMainPhase(TestSuiteExecutor.java:141)
	at com.kms.katalon.core.main.TestSuiteExecutor.execute(TestSuiteExecutor.java:90)
	at com.kms.katalon.core.main.TestCaseMain.startTestSuite(TestCaseMain.java:157)
	at com.kms.katalon.core.main.TestCaseMain$startTestSuite$0.call(Unknown Source)
	at TempTestSuite1595410390420.run(TempTestSuite1595410390420.groovy:39)


2020-07-22 16:38:24 - [TEST_STEP][PASSED] - Go to IST: Go to IST

2020-07-22 16:38:24 - [MESSAGE][INFO] - Starting 'Chrome' driver

2020-07-22 16:38:24 - [MESSAGE][INFO] - Action delay is set to 0 milliseconds

2020-07-22 16:38:25 - [MESSAGE][PASSED] - Browser is opened with url: ''

2020-07-22 16:38:26 - [MESSAGE][PASSED] - Navigate to 'https://dev-istools.homecredit.id/foundation/login.zul' successfully

2020-07-22 16:38:26 - [MESSAGE][PASSED] - Go to IST

2020-07-22 16:38:26 - [TEST_STEP][PASSED] - Login IST with valid credentials: Login IST with valid credentials

2020-07-22 16:38:27 - [MESSAGE][PASSED] - Text 'mobile.test' is set on object 'Object Repository/Page_/input_Username_j_username'

2020-07-22 16:38:27 - [MESSAGE][PASSED] - Text ****** has been set on object 'Object Repository/Page_/input_Password_j_password'

2020-07-22 16:38:28 - [MESSAGE][PASSED] - Object: 'Object Repository/Page_/button_Login' is clicked on

2020-07-22 16:38:28 - [MESSAGE][PASSED] - Login IST with valid credentials

2020-07-22 16:38:28 - [TEST_STEP][PASSED] - Login Success for contract dispatcher: Login Success for contract dispatcher

2020-07-22 16:38:28 - [MESSAGE][INFO] - Login Success

2020-07-22 16:38:28 - [MESSAGE][PASSED] - Current window maximized

2020-07-22 16:38:28 - [MESSAGE][PASSED] - Object 'Object Repository/Page_/h1_Welcome to IT Supporting Tools' is present

2020-07-22 16:38:28 - [MESSAGE][PASSED] - Login Success for contract dispatcher

2020-07-22 16:38:28 - [TEST_STEP][PASSED] - Select Menu "Contract Dispatcher": Select Menu "Contract Dispatcher"

2020-07-22 16:38:29 - [MESSAGE][PASSED] - Object '' is present

2020-07-22 16:38:29 - [MESSAGE][PASSED] - Object: '' is clicked on

2020-07-22 16:38:29 - [MESSAGE][PASSED] - Wait for page load successfully

2020-07-22 16:38:29 - [MESSAGE][PASSED] - Select Menu "Contract Dispatcher"

2020-07-22 16:38:29 - [TEST_STEP][PASSED] - Select Contract Number based on Type Contract "TWO_WHEELERS": Select Contract Number based on Type Contract "TWO_WHEELERS"

2020-07-22 16:38:30 - [MESSAGE][PASSED] - Object '' is present

2020-07-22 16:38:30 - [MESSAGE][PASSED] - Object '' is present

2020-07-22 16:38:31 - [MESSAGE][PASSED] - Object: '' is clicked on

2020-07-22 16:38:31 - [MESSAGE][PASSED] - Object '' is checked

2020-07-22 16:38:31 - [MESSAGE][PASSED] - Select Contract Number based on Type Contract "TWO_WHEELERS"

2020-07-22 16:38:31 - [TEST_STEP][PASSED] - Click button "Claim": Click button "Claim"

2020-07-22 16:38:31 - [MESSAGE][INFO] - >>>>>//Button[contains(text(),'Claim')]

2020-07-22 16:38:34 - [MESSAGE][PASSED] - Object: '' is clicked on

2020-07-22 16:38:34 - [MESSAGE][PASSED] - Click button "Claim"

2020-07-22 16:38:34 - [TEST_STEP][PASSED] - Varify the mistake detail already match with the matrix Base on Type Contract: Varify the mistake detail already match with the matrix Base on Type Contract

2020-07-22 16:38:36 - [MESSAGE][PASSED] - Object '' is present

2020-07-22 16:38:36 - [MESSAGE][PASSED] - Object: '' is clicked on

2020-07-22 16:38:36 - [MESSAGE][PASSED] - Object '' is present

2020-07-22 16:38:37 - [MESSAGE][PASSED] - Object '' is not checked

2020-07-22 16:38:37 - [MESSAGE][PASSED] - Object '' is present

2020-07-22 16:38:38 - [MESSAGE][PASSED] - Object '' is not checked

2020-07-22 16:38:38 - [MESSAGE][PASSED] - Object '' is present

2020-07-22 16:38:38 - [MESSAGE][PASSED] - Object '' is not checked

2020-07-22 16:38:39 - [MESSAGE][PASSED] - Object '' is present

2020-07-22 16:38:39 - [MESSAGE][PASSED] - Object '' is not checked

2020-07-22 16:38:39 - [MESSAGE][PASSED] - Object '' is present

2020-07-22 16:38:40 - [MESSAGE][PASSED] - Object '' is not checked

2020-07-22 16:38:40 - [MESSAGE][PASSED] - Object '' is present

2020-07-22 16:38:41 - [MESSAGE][PASSED] - Object '' is not checked

2020-07-22 16:38:41 - [MESSAGE][PASSED] - Object '' is present

2020-07-22 16:38:41 - [MESSAGE][PASSED] - Object '' is not checked

2020-07-22 16:38:41 - [MESSAGE][PASSED] - Object '' is present

2020-07-22 16:38:42 - [MESSAGE][PASSED] - Object '' is not checked

2020-07-22 16:38:42 - [MESSAGE][PASSED] - Object '' is present

2020-07-22 16:38:42 - [MESSAGE][PASSED] - Object '' is not checked

2020-07-22 16:38:43 - [MESSAGE][PASSED] - Object '' is present

2020-07-22 16:38:43 - [MESSAGE][PASSED] - Object '' is not checked

2020-07-22 16:38:44 - [MESSAGE][PASSED] - Object '' is present

2020-07-22 16:38:44 - [MESSAGE][PASSED] - Object '' is not checked

2020-07-22 16:38:44 - [MESSAGE][PASSED] - Object '' is present

2020-07-22 16:38:45 - [MESSAGE][PASSED] - Object '' is not checked

2020-07-22 16:38:45 - [MESSAGE][PASSED] - Object '' is present

2020-07-22 16:38:45 - [MESSAGE][PASSED] - Object '' is not checked

2020-07-22 16:38:46 - [MESSAGE][PASSED] - Object '' is present

2020-07-22 16:38:46 - [MESSAGE][PASSED] - Object '' is not checked

2020-07-22 16:38:46 - [MESSAGE][PASSED] - Object '' is present

2020-07-22 16:38:47 - [MESSAGE][PASSED] - Object '' is not checked

2020-07-22 16:38:47 - [MESSAGE][PASSED] - Object '' is present

2020-07-22 16:38:47 - [MESSAGE][PASSED] - Object '' is not checked

2020-07-22 16:38:48 - [MESSAGE][PASSED] - Object '' is present

2020-07-22 16:38:48 - [MESSAGE][PASSED] - Object '' is not checked

2020-07-22 16:38:48 - [MESSAGE][PASSED] - Object '' is present

2020-07-22 16:38:49 - [MESSAGE][PASSED] - Object '' is not checked

2020-07-22 16:38:49 - [MESSAGE][PASSED] - Object '' is present

2020-07-22 16:38:49 - [MESSAGE][PASSED] - Object '' is not checked

2020-07-22 16:38:50 - [MESSAGE][PASSED] - Object '' is present

2020-07-22 16:38:50 - [MESSAGE][PASSED] - Object '' is not checked

2020-07-22 16:38:50 - [MESSAGE][PASSED] - Object '' is present

2020-07-22 16:38:51 - [MESSAGE][PASSED] - Object: '' is clicked on

2020-07-22 16:38:51 - [MESSAGE][PASSED] - Object '' is present

2020-07-22 16:38:51 - [MESSAGE][PASSED] - Object '' is not checked

2020-07-22 16:38:52 - [MESSAGE][PASSED] - Object '' is present

2020-07-22 16:38:52 - [MESSAGE][PASSED] - Object '' is not checked

2020-07-22 16:38:52 - [MESSAGE][PASSED] - Object '' is present

2020-07-22 16:38:53 - [MESSAGE][PASSED] - Object '' is not checked

2020-07-22 16:38:53 - [MESSAGE][PASSED] - Object '' is present

2020-07-22 16:38:53 - [MESSAGE][PASSED] - Object '' is not checked

2020-07-22 16:38:54 - [MESSAGE][PASSED] - Object '' is present

2020-07-22 16:38:54 - [MESSAGE][PASSED] - Object '' is not checked

2020-07-22 16:38:54 - [MESSAGE][PASSED] - Object '' is present

2020-07-22 16:38:55 - [MESSAGE][PASSED] - Object '' is not checked

2020-07-22 16:38:55 - [MESSAGE][PASSED] - Object '' is present

2020-07-22 16:38:55 - [MESSAGE][PASSED] - Object: '' is clicked on

2020-07-22 16:38:56 - [MESSAGE][PASSED] - Object '' is present

2020-07-22 16:38:56 - [MESSAGE][PASSED] - Object '' is not checked

2020-07-22 16:38:57 - [MESSAGE][PASSED] - Object '' is present

2020-07-22 16:38:57 - [MESSAGE][PASSED] - Object '' is not checked

2020-07-22 16:38:57 - [MESSAGE][PASSED] - Object '' is present

2020-07-22 16:38:58 - [MESSAGE][PASSED] - Object '' is not checked

2020-07-22 16:38:58 - [MESSAGE][PASSED] - Object '' is present

2020-07-22 16:38:58 - [MESSAGE][PASSED] - Object: '' is clicked on

2020-07-22 16:38:59 - [MESSAGE][PASSED] - Object '' is present

2020-07-22 16:38:59 - [MESSAGE][PASSED] - Object '' is not checked

2020-07-22 16:38:59 - [MESSAGE][PASSED] - Object '' is present

2020-07-22 16:39:00 - [MESSAGE][PASSED] - Object '' is not checked

2020-07-22 16:39:00 - [MESSAGE][PASSED] - Object '' is present

2020-07-22 16:39:00 - [MESSAGE][PASSED] - Object '' is not checked

2020-07-22 16:39:01 - [MESSAGE][PASSED] - Object '' is present

2020-07-22 16:39:01 - [MESSAGE][PASSED] - Object '' is not checked

2020-07-22 16:39:01 - [MESSAGE][PASSED] - Object '' is present

2020-07-22 16:39:02 - [MESSAGE][PASSED] - Object '' is not checked

2020-07-22 16:39:02 - [MESSAGE][PASSED] - Object '' is present

2020-07-22 16:39:02 - [MESSAGE][PASSED] - Object '' is not checked

2020-07-22 16:39:03 - [MESSAGE][PASSED] - Object '' is present

2020-07-22 16:39:03 - [MESSAGE][PASSED] - Object '' is not checked

2020-07-22 16:39:03 - [MESSAGE][PASSED] - Object '' is present

2020-07-22 16:39:04 - [MESSAGE][PASSED] - Object: '' is clicked on

2020-07-22 16:39:04 - [MESSAGE][PASSED] - Object '' is present

2020-07-22 16:39:04 - [MESSAGE][PASSED] - Object '' is not checked

2020-07-22 16:39:05 - [MESSAGE][PASSED] - Object '' is present

2020-07-22 16:39:05 - [MESSAGE][PASSED] - Object '' is not checked

2020-07-22 16:39:05 - [MESSAGE][PASSED] - Object '' is present

2020-07-22 16:39:06 - [MESSAGE][PASSED] - Object '' is not checked

2020-07-22 16:39:06 - [MESSAGE][PASSED] - Object '' is present

2020-07-22 16:39:06 - [MESSAGE][PASSED] - Object '' is not checked

2020-07-22 16:39:07 - [MESSAGE][PASSED] - Object '' is present

2020-07-22 16:39:07 - [MESSAGE][PASSED] - Object '' is not checked

2020-07-22 16:39:07 - [MESSAGE][PASSED] - Object '' is present

2020-07-22 16:39:08 - [MESSAGE][PASSED] - Object '' is not checked

2020-07-22 16:39:08 - [MESSAGE][PASSED] - Object '' is present

2020-07-22 16:39:09 - [MESSAGE][PASSED] - Object '' is not checked

2020-07-22 16:39:09 - [MESSAGE][PASSED] - Object '' is present

2020-07-22 16:39:09 - [MESSAGE][PASSED] - Object: '' is clicked on

2020-07-22 16:39:10 - [MESSAGE][PASSED] - Object '' is present

2020-07-22 16:39:10 - [MESSAGE][PASSED] - Object '' is not checked

2020-07-22 16:39:10 - [MESSAGE][PASSED] - Object '' is present

2020-07-22 16:39:11 - [MESSAGE][PASSED] - Object '' is not checked

2020-07-22 16:39:11 - [MESSAGE][PASSED] - Object '' is present

2020-07-22 16:39:11 - [MESSAGE][PASSED] - Object '' is not checked

2020-07-22 16:39:12 - [MESSAGE][PASSED] - Object '' is present

2020-07-22 16:39:12 - [MESSAGE][PASSED] - Object '' is not checked

2020-07-22 16:39:13 - [MESSAGE][PASSED] - Object '' is present

2020-07-22 16:39:13 - [MESSAGE][PASSED] - Object: '' is clicked on

2020-07-22 16:39:13 - [MESSAGE][PASSED] - Object '' is present

2020-07-22 16:39:14 - [MESSAGE][PASSED] - Object '' is not checked

2020-07-22 16:39:14 - [MESSAGE][PASSED] - Object '' is present

2020-07-22 16:39:14 - [MESSAGE][PASSED] - Object '' is not checked

2020-07-22 16:39:15 - [MESSAGE][PASSED] - Object '' is present

2020-07-22 16:39:15 - [MESSAGE][PASSED] - Object '' is not checked

2020-07-22 16:39:15 - [MESSAGE][PASSED] - Object '' is present

2020-07-22 16:39:16 - [MESSAGE][PASSED] - Object: '' is clicked on

2020-07-22 16:39:16 - [MESSAGE][PASSED] - Object '' is present

2020-07-22 16:39:16 - [MESSAGE][PASSED] - Object '' is not checked

2020-07-22 16:39:17 - [MESSAGE][PASSED] - Object '' is present

2020-07-22 16:39:17 - [MESSAGE][PASSED] - Object '' is not checked

2020-07-22 16:39:17 - [MESSAGE][PASSED] - Object '' is present

2020-07-22 16:39:17 - [MESSAGE][PASSED] - Object '' is not checked

2020-07-22 16:39:18 - [MESSAGE][PASSED] - Object '' is present

2020-07-22 16:39:18 - [MESSAGE][PASSED] - Object: '' is clicked on

2020-07-22 16:39:18 - [MESSAGE][PASSED] - Object '' is present

2020-07-22 16:39:19 - [MESSAGE][PASSED] - Object '' is not checked

2020-07-22 16:39:19 - [MESSAGE][PASSED] - Object '' is present

2020-07-22 16:39:19 - [MESSAGE][PASSED] - Object '' is not checked

2020-07-22 16:39:20 - [MESSAGE][PASSED] - Object '' is present

2020-07-22 16:39:20 - [MESSAGE][PASSED] - Object '' is not checked

2020-07-22 16:39:20 - [MESSAGE][PASSED] - Object '' is present

2020-07-22 16:39:21 - [MESSAGE][PASSED] - Object '' is not checked

2020-07-22 16:39:21 - [MESSAGE][PASSED] - Object '' is present

2020-07-22 16:39:21 - [MESSAGE][PASSED] - Object: '' is clicked on

2020-07-22 16:39:22 - [MESSAGE][PASSED] - Object '' is present

2020-07-22 16:39:22 - [MESSAGE][PASSED] - Object '' is not checked

2020-07-22 16:39:23 - [MESSAGE][PASSED] - Object '' is present

2020-07-22 16:39:23 - [MESSAGE][PASSED] - Object '' is not checked

2020-07-22 16:39:23 - [MESSAGE][PASSED] - Object '' is present

2020-07-22 16:39:24 - [MESSAGE][PASSED] - Object '' is not checked

2020-07-22 16:39:24 - [MESSAGE][PASSED] - Object '' is present

2020-07-22 16:39:24 - [MESSAGE][PASSED] - Object '' is not checked

2020-07-22 16:39:25 - [MESSAGE][PASSED] - Object '' is present

2020-07-22 16:39:25 - [MESSAGE][PASSED] - Object '' is not checked

2020-07-22 16:39:25 - [MESSAGE][PASSED] - Object '' is present

2020-07-22 16:39:26 - [MESSAGE][PASSED] - Object '' is not checked

2020-07-22 16:39:26 - [MESSAGE][PASSED] - Object '' is present

2020-07-22 16:39:26 - [MESSAGE][PASSED] - Object '' is not checked

2020-07-22 16:39:27 - [MESSAGE][PASSED] - Object '' is present

2020-07-22 16:39:27 - [MESSAGE][PASSED] - Object: '' is clicked on

2020-07-22 16:39:27 - [MESSAGE][PASSED] - Object '' is present

2020-07-22 16:39:27 - [MESSAGE][PASSED] - Object '' is not checked

2020-07-22 16:39:28 - [MESSAGE][PASSED] - Object '' is present

2020-07-22 16:39:28 - [MESSAGE][PASSED] - Object '' is not checked

2020-07-22 16:39:28 - [MESSAGE][PASSED] - Object '' is present

2020-07-22 16:39:29 - [MESSAGE][PASSED] - Object '' is not checked

2020-07-22 16:39:29 - [MESSAGE][PASSED] - Object '' is present

2020-07-22 16:39:29 - [MESSAGE][PASSED] - Object '' is not checked

2020-07-22 16:39:30 - [MESSAGE][PASSED] - Object '' is present

2020-07-22 16:39:30 - [MESSAGE][PASSED] - Object '' is not checked

2020-07-22 16:39:31 - [MESSAGE][PASSED] - Object '' is present

2020-07-22 16:39:31 - [MESSAGE][PASSED] - Object '' is not checked

2020-07-22 16:39:31 - [MESSAGE][PASSED] - Object '' is present

2020-07-22 16:39:32 - [MESSAGE][PASSED] - Object '' is not checked

2020-07-22 16:39:32 - [MESSAGE][PASSED] - Object: '' is clicked on

2020-07-22 16:39:32 - [MESSAGE][PASSED] - Object: '' is clicked on

2020-07-22 16:39:33 - [MESSAGE][PASSED] - Object: '' is clicked on

2020-07-22 16:39:33 - [MESSAGE][PASSED] - Object '' is present

2020-07-22 16:39:33 - [MESSAGE][PASSED] - Object: '' is clicked on

2020-07-22 16:39:34 - [MESSAGE][PASSED] - Object '' is present

2020-07-22 16:39:34 - [MESSAGE][PASSED] - Object '' is not checked

2020-07-22 16:39:34 - [MESSAGE][PASSED] - Object '' is present

2020-07-22 16:39:35 - [MESSAGE][PASSED] - Object '' is not checked

2020-07-22 16:39:35 - [MESSAGE][PASSED] - Object '' is present

2020-07-22 16:39:35 - [MESSAGE][PASSED] - Object: '' is clicked on

2020-07-22 16:39:36 - [MESSAGE][PASSED] - Object '' is present

2020-07-22 16:39:36 - [MESSAGE][PASSED] - Object '' is not checked

2020-07-22 16:39:36 - [MESSAGE][PASSED] - Object '' is present

2020-07-22 16:39:37 - [MESSAGE][PASSED] - Object '' is not checked

2020-07-22 16:39:37 - [MESSAGE][PASSED] - Object '' is present

2020-07-22 16:39:37 - [MESSAGE][PASSED] - Object '' is not checked

2020-07-22 16:39:38 - [MESSAGE][PASSED] - Object '' is present

2020-07-22 16:39:38 - [MESSAGE][PASSED] - Object '' is not checked

2020-07-22 16:39:38 - [MESSAGE][PASSED] - Object '' is present

2020-07-22 16:39:39 - [MESSAGE][PASSED] - Object: '' is clicked on

2020-07-22 16:39:39 - [MESSAGE][PASSED] - Object '' is present

2020-07-22 16:39:40 - [MESSAGE][PASSED] - Object '' is not checked

2020-07-22 16:39:40 - [MESSAGE][PASSED] - Object '' is present

2020-07-22 16:39:40 - [MESSAGE][PASSED] - Object '' is not checked

2020-07-22 16:39:41 - [MESSAGE][PASSED] - Object '' is present

2020-07-22 16:39:41 - [MESSAGE][PASSED] - Object '' is not checked

2020-07-22 16:39:41 - [MESSAGE][PASSED] - Object '' is present

2020-07-22 16:39:42 - [MESSAGE][PASSED] - Object '' is not checked

2020-07-22 16:39:42 - [MESSAGE][PASSED] - Object '' is present

2020-07-22 16:39:42 - [MESSAGE][PASSED] - Object '' is not checked

2020-07-22 16:39:43 - [MESSAGE][PASSED] - Object: '' is clicked on

2020-07-22 16:39:43 - [MESSAGE][PASSED] - Object: '' is clicked on

2020-07-22 16:39:43 - [MESSAGE][PASSED] - Object: '' is clicked on

2020-07-22 16:39:43 - [MESSAGE][PASSED] - Varify the mistake detail already match with the matrix Base on Type Contract

2020-07-22 16:39:43 - [TEST_STEP][PASSED] - Click on Tab "KTP": Click on Tab "KTP"

2020-07-22 16:39:44 - [MESSAGE][PASSED] - Object '' is present

2020-07-22 16:39:44 - [MESSAGE][PASSED] - Object: '' is clicked on

2020-07-22 16:39:44 - [MESSAGE][PASSED] - Click on Tab "KTP"

2020-07-22 16:39:44 - [TEST_STEP][PASSED] - Checkbox General Mistake "20. KTP atau Resi - Alamat tetap pemohon pada sistem (HoS) berbeda dengan KTP": Checkbox General Mistake "20. KTP atau Resi - Alamat tetap pemohon pada sistem (HoS) berbeda dengan KTP"

2020-07-22 16:39:44 - [MESSAGE][PASSED] - Object: '' is clicked on

2020-07-22 16:39:44 - [MESSAGE][PASSED] - Wait for page load successfully

2020-07-22 16:39:44 - [MESSAGE][PASSED] - Checkbox General Mistake "20. KTP atau Resi - Alamat tetap pemohon pada sistem (HoS) berbeda dengan KTP"

2020-07-22 16:39:44 - [TEST_STEP][FAILED] - Choose Dropdown mistake type "Beda RT" from mistake name "KTP / Resi - Alamat tetap pemohon pada sistem (HoS) berbeda dengan KTP": Choose Dropdown mistake type "Beda RT" from mistake name "KTP / Resi - Alamat tetap pemohon pada sistem (HoS) berbeda dengan KTP" FAILED.
Reason:
com.kms.katalon.core.exception.StepFailedException: Unable to select option by index '1' of object ''
	at com.kms.katalon.core.webui.keyword.internal.WebUIKeywordMain.stepFailed(WebUIKeywordMain.groovy:64)
	at com.kms.katalon.core.webui.keyword.internal.WebUIKeywordMain.runKeyword(WebUIKeywordMain.groovy:26)
	at com.kms.katalon.core.webui.keyword.builtin.SelectOptionByIndexKeyword.selectOptionByIndex(SelectOptionByIndexKeyword.groovy:93)
	at com.kms.katalon.core.webui.keyword.builtin.SelectOptionByIndexKeyword.execute(SelectOptionByIndexKeyword.groovy:68)
	at com.kms.katalon.core.keyword.internal.KeywordExecutor.executeKeywordForPlatform(KeywordExecutor.groovy:73)
	at com.kms.katalon.core.webui.keyword.WebUiBuiltInKeywords.selectOptionByIndex(WebUiBuiltInKeywords.groovy:1129)
	at com.kms.katalon.core.webui.keyword.WebUiBuiltInKeywords$selectOptionByIndex$11.call(Unknown Source)
	at ist_real.Contract_Dispatcher.Dropdown_mistaketypefrommistakename(Contract_Dispatcher.groovy:948)
	at ✽.Choose Dropdown mistake type "Beda RT" from mistake name "KTP / Resi - Alamat tetap pemohon pada sistem (HoS) berbeda dengan KTP"(/Users/chaidir.pratama01/Katalon Studio/IST_Automation_Git/Include/features/IST_Real/CONTRACT_DISPATCHER_TWO_WHEELERS/DEV/Pick_Mistake_Without_Write_Textarea_Note_After.feature:50)
Caused by: java.lang.IndexOutOfBoundsException: Index: 0, Size: 0
	at com.kms.katalon.core.webui.common.WebUiCommonHelper.buildLocator(WebUiCommonHelper.java:519)
	at com.kms.katalon.core.webui.common.WebUiCommonHelper.findElementByNormalMethods(WebUiCommonHelper.java:985)
	at com.kms.katalon.core.webui.common.WebUiCommonHelper.findElementsBySelectedMethod(WebUiCommonHelper.java:894)
	at com.kms.katalon.core.webui.common.WebUiCommonHelper.findElementsWithSelfHealing(WebUiCommonHelper.java:791)
	at com.kms.katalon.core.webui.common.WebUiCommonHelper.findWebElements(WebUiCommonHelper.java:717)
	at com.kms.katalon.core.webui.common.WebUiCommonHelper.findWebElement(WebUiCommonHelper.java:1349)
	at com.kms.katalon.core.webui.keyword.internal.WebUIAbstractKeyword.findWebElement(WebUIAbstractKeyword.groovy:27)
	at com.kms.katalon.core.webui.keyword.internal.WebUIAbstractKeyword.findWebElement(WebUIAbstractKeyword.groovy:26)
	at com.kms.katalon.core.webui.keyword.builtin.SelectOptionByIndexKeyword$_selectOptionByIndex_closure1.doCall(SelectOptionByIndexKeyword.groovy:84)
	at com.kms.katalon.core.webui.keyword.builtin.SelectOptionByIndexKeyword$_selectOptionByIndex_closure1.call(SelectOptionByIndexKeyword.groovy)
	at com.kms.katalon.core.webui.keyword.internal.WebUIKeywordMain.runKeyword(WebUIKeywordMain.groovy:20)
	at com.kms.katalon.core.webui.keyword.builtin.SelectOptionByIndexKeyword.selectOptionByIndex(SelectOptionByIndexKeyword.groovy:93)
	at com.kms.katalon.core.webui.keyword.builtin.SelectOptionByIndexKeyword.execute(SelectOptionByIndexKeyword.groovy:68)
	at com.kms.katalon.core.keyword.internal.KeywordExecutor.executeKeywordForPlatform(KeywordExecutor.groovy:73)
	at com.kms.katalon.core.webui.keyword.WebUiBuiltInKeywords.selectOptionByIndex(WebUiBuiltInKeywords.groovy:1129)
	at com.kms.katalon.core.webui.keyword.WebUiBuiltInKeywords$selectOptionByIndex$11.call(Unknown Source)
	at ist_real.Contract_Dispatcher.Dropdown_mistaketypefrommistakename(Contract_Dispatcher.groovy:948)
	at cucumber.runtime.Utils$1.call(Utils.java:26)
	at cucumber.runtime.Timeout.timeout(Timeout.java:16)
	at cucumber.runtime.Utils.invoke(Utils.java:20)
	at cucumber.runtime.java.JavaStepDefinition.execute(JavaStepDefinition.java:48)
	at cucumber.runtime.PickleStepDefinitionMatch.runStep(PickleStepDefinitionMatch.java:50)
	at cucumber.runner.TestStep.executeStep(TestStep.java:55)
	at cucumber.runner.TestStep.run(TestStep.java:42)
	at cucumber.runner.PickleStepTestStep.run(PickleStepTestStep.java:53)
	at cucumber.runner.TestCase.run(TestCase.java:47)
	at cucumber.runner.Runner.runPickle(Runner.java:44)
	at cucumber.runtime.Runtime.runFeature(Runtime.java:120)
	at cucumber.runtime.Runtime.run(Runtime.java:106)
	at cucumber.api.cli.Main.run(Main.java:35)
	at cucumber.api.cli.Main$run.call(Unknown Source)
	at com.kms.katalon.core.cucumber.keyword.CucumberBuiltinKeywords$_runFeatureFile_closure1.doCall(CucumberBuiltinKeywords.groovy:76)
	at com.kms.katalon.core.cucumber.keyword.CucumberBuiltinKeywords$_runFeatureFile_closure1.doCall(CucumberBuiltinKeywords.groovy)
	at com.kms.katalon.core.keyword.internal.KeywordMain.runKeyword(KeywordMain.groovy:68)
	at com.kms.katalon.core.keyword.internal.KeywordMain$runKeyword.call(Unknown Source)
	at com.kms.katalon.core.cucumber.keyword.CucumberBuiltinKeywords.runFeatureFile(CucumberBuiltinKeywords.groovy:46)
	at com.kms.katalon.core.cucumber.keyword.CucumberBuiltinKeywords$runFeatureFile$0.callStatic(Unknown Source)
	at com.kms.katalon.core.cucumber.keyword.CucumberBuiltinKeywords.runFeatureFile(CucumberBuiltinKeywords.groovy:169)
	at com.kms.katalon.core.cucumber.keyword.CucumberBuiltinKeywords$runFeatureFile.call(Unknown Source)
	at Pick_Mistake_Without_Write_Textarea_Note_After.run(Pick_Mistake_Without_Write_Textarea_Note_After:16)
	at com.kms.katalon.core.main.ScriptEngine.run(ScriptEngine.java:194)
	at com.kms.katalon.core.main.ScriptEngine.runScriptAsRawText(ScriptEngine.java:119)
	at com.kms.katalon.core.main.TestCaseExecutor.runScript(TestCaseExecutor.java:339)
	at com.kms.katalon.core.main.TestCaseExecutor.doExecute(TestCaseExecutor.java:330)
	at com.kms.katalon.core.main.TestCaseExecutor.processExecutionPhase(TestCaseExecutor.java:309)
	at com.kms.katalon.core.main.TestCaseExecutor.accessMainPhase(TestCaseExecutor.java:301)
	at com.kms.katalon.core.main.TestCaseExecutor.execute(TestCaseExecutor.java:235)
	at com.kms.katalon.core.main.TestSuiteExecutor.accessTestCaseMainPhase(TestSuiteExecutor.java:191)
	at com.kms.katalon.core.main.TestSuiteExecutor.accessTestSuiteMainPhase(TestSuiteExecutor.java:141)
	at com.kms.katalon.core.main.TestSuiteExecutor.execute(TestSuiteExecutor.java:90)
	at com.kms.katalon.core.main.TestCaseMain.startTestSuite(TestCaseMain.java:157)
	at com.kms.katalon.core.main.TestCaseMain$startTestSuite$0.call(Unknown Source)
	at TempTestSuite1595410390420.run(TempTestSuite1595410390420.groovy:39)


2020-07-22 16:40:15 - [MESSAGE][INFO] - Unable to find the element located by 'By.xpath: //td[@style='text-align:left;' and @class='z-row-inner']/div/span[contains(text(),'KTP / Resi - Alamat tetap pemohon pada sistem (HoS) berbeda dengan KTP')]/../../following-sibling::td/div/select'. Please recheck the objects properties to make sure the desired element is located. 

2020-07-22 16:40:15 - [MESSAGE][WARNING] - [SELF-HEALING] Failed to find element with id ''. Try using Self-healing.

2020-07-22 16:40:16 - [MESSAGE][FAILED] - Unable to select option by index '1' of object '' (Root cause: com.kms.katalon.core.exception.StepFailedException: Unable to select option by index '1' of object ''
	at com.kms.katalon.core.webui.keyword.internal.WebUIKeywordMain.stepFailed(WebUIKeywordMain.groovy:64)
	at com.kms.katalon.core.webui.keyword.internal.WebUIKeywordMain.runKeyword(WebUIKeywordMain.groovy:26)
	at com.kms.katalon.core.webui.keyword.builtin.SelectOptionByIndexKeyword.selectOptionByIndex(SelectOptionByIndexKeyword.groovy:93)
	at com.kms.katalon.core.webui.keyword.builtin.SelectOptionByIndexKeyword.execute(SelectOptionByIndexKeyword.groovy:68)
	at com.kms.katalon.core.keyword.internal.KeywordExecutor.executeKeywordForPlatform(KeywordExecutor.groovy:73)
	at com.kms.katalon.core.webui.keyword.WebUiBuiltInKeywords.selectOptionByIndex(WebUiBuiltInKeywords.groovy:1129)
	at com.kms.katalon.core.webui.keyword.WebUiBuiltInKeywords$selectOptionByIndex$11.call(Unknown Source)
	at ist_real.Contract_Dispatcher.Dropdown_mistaketypefrommistakename(Contract_Dispatcher.groovy:948)
	at cucumber.runtime.Utils$1.call(Utils.java:26)
	at cucumber.runtime.Timeout.timeout(Timeout.java:16)
	at cucumber.runtime.Utils.invoke(Utils.java:20)
	at cucumber.runtime.java.JavaStepDefinition.execute(JavaStepDefinition.java:48)
	at cucumber.runtime.PickleStepDefinitionMatch.runStep(PickleStepDefinitionMatch.java:50)
	at cucumber.runner.TestStep.executeStep(TestStep.java:55)
	at cucumber.runner.TestStep.run(TestStep.java:42)
	at cucumber.runner.PickleStepTestStep.run(PickleStepTestStep.java:53)
	at cucumber.runner.TestCase.run(TestCase.java:47)
	at cucumber.runner.Runner.runPickle(Runner.java:44)
	at cucumber.runtime.Runtime.runFeature(Runtime.java:120)
	at cucumber.runtime.Runtime.run(Runtime.java:106)
	at cucumber.api.cli.Main.run(Main.java:35)
	at cucumber.api.cli.Main$run.call(Unknown Source)
	at com.kms.katalon.core.cucumber.keyword.CucumberBuiltinKeywords$_runFeatureFile_closure1.doCall(CucumberBuiltinKeywords.groovy:76)
	at com.kms.katalon.core.cucumber.keyword.CucumberBuiltinKeywords$_runFeatureFile_closure1.doCall(CucumberBuiltinKeywords.groovy)
	at com.kms.katalon.core.keyword.internal.KeywordMain.runKeyword(KeywordMain.groovy:68)
	at com.kms.katalon.core.keyword.internal.KeywordMain$runKeyword.call(Unknown Source)
	at com.kms.katalon.core.cucumber.keyword.CucumberBuiltinKeywords.runFeatureFile(CucumberBuiltinKeywords.groovy:46)
	at com.kms.katalon.core.cucumber.keyword.CucumberBuiltinKeywords$runFeatureFile$0.callStatic(Unknown Source)
	at com.kms.katalon.core.cucumber.keyword.CucumberBuiltinKeywords.runFeatureFile(CucumberBuiltinKeywords.groovy:169)
	at com.kms.katalon.core.cucumber.keyword.CucumberBuiltinKeywords$runFeatureFile.call(Unknown Source)
	at Pick_Mistake_Without_Write_Textarea_Note_After.run(Pick_Mistake_Without_Write_Textarea_Note_After:16)
	at com.kms.katalon.core.main.ScriptEngine.run(ScriptEngine.java:194)
	at com.kms.katalon.core.main.ScriptEngine.runScriptAsRawText(ScriptEngine.java:119)
	at com.kms.katalon.core.main.TestCaseExecutor.runScript(TestCaseExecutor.java:339)
	at com.kms.katalon.core.main.TestCaseExecutor.doExecute(TestCaseExecutor.java:330)
	at com.kms.katalon.core.main.TestCaseExecutor.processExecutionPhase(TestCaseExecutor.java:309)
	at com.kms.katalon.core.main.TestCaseExecutor.accessMainPhase(TestCaseExecutor.java:301)
	at com.kms.katalon.core.main.TestCaseExecutor.execute(TestCaseExecutor.java:235)
	at com.kms.katalon.core.main.TestSuiteExecutor.accessTestCaseMainPhase(TestSuiteExecutor.java:191)
	at com.kms.katalon.core.main.TestSuiteExecutor.accessTestSuiteMainPhase(TestSuiteExecutor.java:141)
	at com.kms.katalon.core.main.TestSuiteExecutor.execute(TestSuiteExecutor.java:90)
	at com.kms.katalon.core.main.TestCaseMain.startTestSuite(TestCaseMain.java:157)
	at com.kms.katalon.core.main.TestCaseMain$startTestSuite$0.call(Unknown Source)
	at TempTestSuite1595410390420.run(TempTestSuite1595410390420.groovy:39)
Caused by: java.lang.IndexOutOfBoundsException: Index: 0, Size: 0
	at com.kms.katalon.core.webui.common.WebUiCommonHelper.buildLocator(WebUiCommonHelper.java:519)
	at com.kms.katalon.core.webui.common.WebUiCommonHelper.findElementByNormalMethods(WebUiCommonHelper.java:985)
	at com.kms.katalon.core.webui.common.WebUiCommonHelper.findElementsBySelectedMethod(WebUiCommonHelper.java:894)
	at com.kms.katalon.core.webui.common.WebUiCommonHelper.findElementsWithSelfHealing(WebUiCommonHelper.java:791)
	at com.kms.katalon.core.webui.common.WebUiCommonHelper.findWebElements(WebUiCommonHelper.java:717)
	at com.kms.katalon.core.webui.common.WebUiCommonHelper.findWebElement(WebUiCommonHelper.java:1349)
	at com.kms.katalon.core.webui.keyword.internal.WebUIAbstractKeyword.findWebElement(WebUIAbstractKeyword.groovy:27)
	at com.kms.katalon.core.webui.keyword.internal.WebUIAbstractKeyword.findWebElement(WebUIAbstractKeyword.groovy:26)
	at com.kms.katalon.core.webui.keyword.builtin.SelectOptionByIndexKeyword$_selectOptionByIndex_closure1.doCall(SelectOptionByIndexKeyword.groovy:84)
	at com.kms.katalon.core.webui.keyword.builtin.SelectOptionByIndexKeyword$_selectOptionByIndex_closure1.call(SelectOptionByIndexKeyword.groovy)
	at com.kms.katalon.core.webui.keyword.internal.WebUIKeywordMain.runKeyword(WebUIKeywordMain.groovy:20)
	at com.kms.katalon.core.webui.keyword.builtin.SelectOptionByIndexKeyword.selectOptionByIndex(SelectOptionByIndexKeyword.groovy:93)
	at com.kms.katalon.core.webui.keyword.builtin.SelectOptionByIndexKeyword.execute(SelectOptionByIndexKeyword.groovy:68)
	at com.kms.katalon.core.keyword.internal.KeywordExecutor.executeKeywordForPlatform(KeywordExecutor.groovy:73)
	at com.kms.katalon.core.webui.keyword.WebUiBuiltInKeywords.selectOptionByIndex(WebUiBuiltInKeywords.groovy:1129)
	at com.kms.katalon.core.webui.keyword.WebUiBuiltInKeywords$selectOptionByIndex$11.call(Unknown Source)
	at ist_real.Contract_Dispatcher.Dropdown_mistaketypefrommistakename(Contract_Dispatcher.groovy:948)
	at cucumber.runtime.Utils$1.call(Utils.java:26)
	at cucumber.runtime.Timeout.timeout(Timeout.java:16)
	at cucumber.runtime.Utils.invoke(Utils.java:20)
	at cucumber.runtime.java.JavaStepDefinition.execute(JavaStepDefinition.java:48)
	at cucumber.runtime.PickleStepDefinitionMatch.runStep(PickleStepDefinitionMatch.java:50)
	at cucumber.runner.TestStep.executeStep(TestStep.java:55)
	at cucumber.runner.TestStep.run(TestStep.java:42)
	at cucumber.runner.PickleStepTestStep.run(PickleStepTestStep.java:53)
	at cucumber.runner.TestCase.run(TestCase.java:47)
	at cucumber.runner.Runner.runPickle(Runner.java:44)
	at cucumber.runtime.Runtime.runFeature(Runtime.java:120)
	at cucumber.runtime.Runtime.run(Runtime.java:106)
	at cucumber.api.cli.Main.run(Main.java:35)
	at cucumber.api.cli.Main$run.call(Unknown Source)
	at com.kms.katalon.core.cucumber.keyword.CucumberBuiltinKeywords$_runFeatureFile_closure1.doCall(CucumberBuiltinKeywords.groovy:76)
	at com.kms.katalon.core.cucumber.keyword.CucumberBuiltinKeywords$_runFeatureFile_closure1.doCall(CucumberBuiltinKeywords.groovy)
	at com.kms.katalon.core.keyword.internal.KeywordMain.runKeyword(KeywordMain.groovy:68)
	at com.kms.katalon.core.keyword.internal.KeywordMain$runKeyword.call(Unknown Source)
	at com.kms.katalon.core.cucumber.keyword.CucumberBuiltinKeywords.runFeatureFile(CucumberBuiltinKeywords.groovy:46)
	at com.kms.katalon.core.cucumber.keyword.CucumberBuiltinKeywords$runFeatureFile$0.callStatic(Unknown Source)
	at com.kms.katalon.core.cucumber.keyword.CucumberBuiltinKeywords.runFeatureFile(CucumberBuiltinKeywords.groovy:169)
	at com.kms.katalon.core.cucumber.keyword.CucumberBuiltinKeywords$runFeatureFile.call(Unknown Source)
	at Script1582710898054.run(Script1582710898054.groovy:16)
	... 13 more
)
[[ATTACHMENT|/Users/chaidir.pratama01/Katalon Studio/IST_Automation_Git/Reports/20200722_163310/CONTRACT_DISPATCHER_TWO_WHEELERS/DEV/TS_Contract_Dispatcher_Two_Wheelers/20200722_163310/1595410815960.png]]

2020-07-22 16:40:16 - [MESSAGE][FAILED] - Choose Dropdown mistake type "Beda RT" from mistake name "KTP / Resi - Alamat tetap pemohon pada sistem (HoS) berbeda dengan KTP" FAILED.
Reason:
com.kms.katalon.core.exception.StepFailedException: Unable to select option by index '1' of object ''
	at com.kms.katalon.core.webui.keyword.internal.WebUIKeywordMain.stepFailed(WebUIKeywordMain.groovy:64)
	at com.kms.katalon.core.webui.keyword.internal.WebUIKeywordMain.runKeyword(WebUIKeywordMain.groovy:26)
	at com.kms.katalon.core.webui.keyword.builtin.SelectOptionByIndexKeyword.selectOptionByIndex(SelectOptionByIndexKeyword.groovy:93)
	at com.kms.katalon.core.webui.keyword.builtin.SelectOptionByIndexKeyword.execute(SelectOptionByIndexKeyword.groovy:68)
	at com.kms.katalon.core.keyword.internal.KeywordExecutor.executeKeywordForPlatform(KeywordExecutor.groovy:73)
	at com.kms.katalon.core.webui.keyword.WebUiBuiltInKeywords.selectOptionByIndex(WebUiBuiltInKeywords.groovy:1129)
	at com.kms.katalon.core.webui.keyword.WebUiBuiltInKeywords$selectOptionByIndex$11.call(Unknown Source)
	at ist_real.Contract_Dispatcher.Dropdown_mistaketypefrommistakename(Contract_Dispatcher.groovy:948)
	at ✽.Choose Dropdown mistake type "Beda RT" from mistake name "KTP / Resi - Alamat tetap pemohon pada sistem (HoS) berbeda dengan KTP"(/Users/chaidir.pratama01/Katalon Studio/IST_Automation_Git/Include/features/IST_Real/CONTRACT_DISPATCHER_TWO_WHEELERS/DEV/Pick_Mistake_Without_Write_Textarea_Note_After.feature:50)
Caused by: java.lang.IndexOutOfBoundsException: Index: 0, Size: 0
	at com.kms.katalon.core.webui.common.WebUiCommonHelper.buildLocator(WebUiCommonHelper.java:519)
	at com.kms.katalon.core.webui.common.WebUiCommonHelper.findElementByNormalMethods(WebUiCommonHelper.java:985)
	at com.kms.katalon.core.webui.common.WebUiCommonHelper.findElementsBySelectedMethod(WebUiCommonHelper.java:894)
	at com.kms.katalon.core.webui.common.WebUiCommonHelper.findElementsWithSelfHealing(WebUiCommonHelper.java:791)
	at com.kms.katalon.core.webui.common.WebUiCommonHelper.findWebElements(WebUiCommonHelper.java:717)
	at com.kms.katalon.core.webui.common.WebUiCommonHelper.findWebElement(WebUiCommonHelper.java:1349)
	at com.kms.katalon.core.webui.keyword.internal.WebUIAbstractKeyword.findWebElement(WebUIAbstractKeyword.groovy:27)
	at com.kms.katalon.core.webui.keyword.internal.WebUIAbstractKeyword.findWebElement(WebUIAbstractKeyword.groovy:26)
	at com.kms.katalon.core.webui.keyword.builtin.SelectOptionByIndexKeyword$_selectOptionByIndex_closure1.doCall(SelectOptionByIndexKeyword.groovy:84)
	at com.kms.katalon.core.webui.keyword.builtin.SelectOptionByIndexKeyword$_selectOptionByIndex_closure1.call(SelectOptionByIndexKeyword.groovy)
	at com.kms.katalon.core.webui.keyword.internal.WebUIKeywordMain.runKeyword(WebUIKeywordMain.groovy:20)
	at com.kms.katalon.core.webui.keyword.builtin.SelectOptionByIndexKeyword.selectOptionByIndex(SelectOptionByIndexKeyword.groovy:93)
	at com.kms.katalon.core.webui.keyword.builtin.SelectOptionByIndexKeyword.execute(SelectOptionByIndexKeyword.groovy:68)
	at com.kms.katalon.core.keyword.internal.KeywordExecutor.executeKeywordForPlatform(KeywordExecutor.groovy:73)
	at com.kms.katalon.core.webui.keyword.WebUiBuiltInKeywords.selectOptionByIndex(WebUiBuiltInKeywords.groovy:1129)
	at com.kms.katalon.core.webui.keyword.WebUiBuiltInKeywords$selectOptionByIndex$11.call(Unknown Source)
	at ist_real.Contract_Dispatcher.Dropdown_mistaketypefrommistakename(Contract_Dispatcher.groovy:948)
	at cucumber.runtime.Utils$1.call(Utils.java:26)
	at cucumber.runtime.Timeout.timeout(Timeout.java:16)
	at cucumber.runtime.Utils.invoke(Utils.java:20)
	at cucumber.runtime.java.JavaStepDefinition.execute(JavaStepDefinition.java:48)
	at cucumber.runtime.PickleStepDefinitionMatch.runStep(PickleStepDefinitionMatch.java:50)
	at cucumber.runner.TestStep.executeStep(TestStep.java:55)
	at cucumber.runner.TestStep.run(TestStep.java:42)
	at cucumber.runner.PickleStepTestStep.run(PickleStepTestStep.java:53)
	at cucumber.runner.TestCase.run(TestCase.java:47)
	at cucumber.runner.Runner.runPickle(Runner.java:44)
	at cucumber.runtime.Runtime.runFeature(Runtime.java:120)
	at cucumber.runtime.Runtime.run(Runtime.java:106)
	at cucumber.api.cli.Main.run(Main.java:35)
	at cucumber.api.cli.Main$run.call(Unknown Source)
	at com.kms.katalon.core.cucumber.keyword.CucumberBuiltinKeywords$_runFeatureFile_closure1.doCall(CucumberBuiltinKeywords.groovy:76)
	at com.kms.katalon.core.cucumber.keyword.CucumberBuiltinKeywords$_runFeatureFile_closure1.doCall(CucumberBuiltinKeywords.groovy)
	at com.kms.katalon.core.keyword.internal.KeywordMain.runKeyword(KeywordMain.groovy:68)
	at com.kms.katalon.core.keyword.internal.KeywordMain$runKeyword.call(Unknown Source)
	at com.kms.katalon.core.cucumber.keyword.CucumberBuiltinKeywords.runFeatureFile(CucumberBuiltinKeywords.groovy:46)
	at com.kms.katalon.core.cucumber.keyword.CucumberBuiltinKeywords$runFeatureFile$0.callStatic(Unknown Source)
	at com.kms.katalon.core.cucumber.keyword.CucumberBuiltinKeywords.runFeatureFile(CucumberBuiltinKeywords.groovy:169)
	at com.kms.katalon.core.cucumber.keyword.CucumberBuiltinKeywords$runFeatureFile.call(Unknown Source)
	at Pick_Mistake_Without_Write_Textarea_Note_After.run(Pick_Mistake_Without_Write_Textarea_Note_After:16)
	at com.kms.katalon.core.main.ScriptEngine.run(ScriptEngine.java:194)
	at com.kms.katalon.core.main.ScriptEngine.runScriptAsRawText(ScriptEngine.java:119)
	at com.kms.katalon.core.main.TestCaseExecutor.runScript(TestCaseExecutor.java:339)
	at com.kms.katalon.core.main.TestCaseExecutor.doExecute(TestCaseExecutor.java:330)
	at com.kms.katalon.core.main.TestCaseExecutor.processExecutionPhase(TestCaseExecutor.java:309)
	at com.kms.katalon.core.main.TestCaseExecutor.accessMainPhase(TestCaseExecutor.java:301)
	at com.kms.katalon.core.main.TestCaseExecutor.execute(TestCaseExecutor.java:235)
	at com.kms.katalon.core.main.TestSuiteExecutor.accessTestCaseMainPhase(TestSuiteExecutor.java:191)
	at com.kms.katalon.core.main.TestSuiteExecutor.accessTestSuiteMainPhase(TestSuiteExecutor.java:141)
	at com.kms.katalon.core.main.TestSuiteExecutor.execute(TestSuiteExecutor.java:90)
	at com.kms.katalon.core.main.TestCaseMain.startTestSuite(TestCaseMain.java:157)
	at com.kms.katalon.core.main.TestCaseMain$startTestSuite$0.call(Unknown Source)
	at TempTestSuite1595410390420.run(TempTestSuite1595410390420.groovy:39)


2020-07-22 16:40:16 - [TEST_STEP][NOT_RUN] - Type on textarea note before based on mistake name "KTP / Resi - Alamat tetap pemohon pada sistem (HoS) berbeda dengan KTP" with value "TESTING": Type on textarea note before based on mistake name "KTP / Resi - Alamat tetap pemohon pada sistem (HoS) berbeda dengan KTP" with value "TESTING"

2020-07-22 16:40:16 - [MESSAGE][NOT_RUN] - Type on textarea note before based on mistake name "KTP / Resi - Alamat tetap pemohon pada sistem (HoS) berbeda dengan KTP" with value "TESTING"

2020-07-22 16:40:16 - [TEST_STEP][NOT_RUN] - Click button "Save": Click button "Save"

2020-07-22 16:40:16 - [MESSAGE][NOT_RUN] - Click button "Save"

2020-07-22 16:40:16 - [TEST_STEP][NOT_RUN] - Get text from pop up "IT Supporting Tools" with text "Note-after cannot be empty": Get text from pop up "IT Supporting Tools" with text "Note-after cannot be empty"

2020-07-22 16:40:16 - [MESSAGE][NOT_RUN] - Get text from pop up "IT Supporting Tools" with text "Note-after cannot be empty"

2020-07-22 16:40:16 - [TEST_STEP][NOT_RUN] - Click button "OK": Click button "OK"

2020-07-22 16:40:16 - [MESSAGE][NOT_RUN] - Click button "OK"

2020-07-22 16:40:16 - [TEST_STEP][NOT_RUN] - Click button "Logout": Click button "Logout"

2020-07-22 16:40:16 - [MESSAGE][NOT_RUN] - Click button "Logout"

2020-07-22 16:40:16 - [TEST_STEP][NOT_RUN] - Comment "Register Mistake failed because Note-after empty": Comment "Register Mistake failed because Note-after empty"

2020-07-22 16:40:16 - [MESSAGE][NOT_RUN] - Comment "Register Mistake failed because Note-after empty"

2020-07-22 16:40:16 - [TEST_STEP][NOT_RUN] - Close browser: Close browser

2020-07-22 16:40:16 - [MESSAGE][NOT_RUN] - Close browser

2020-07-22 16:40:16 - [MESSAGE][FAILED] - Feature file 'Include/features/IST_Real/CONTRACT_DISPATCHER_TWO_WHEELERS/DEV/Pick_Mistake_Without_Write_Textarea_Note_After.feature' was failed

2020-07-22 16:40:16 - [MESSAGE][FAILED] - Keyword runFeatureFile was failed (Root cause: com.kms.katalon.core.exception.StepFailedException: Feature file 'Include/features/IST_Real/CONTRACT_DISPATCHER_TWO_WHEELERS/DEV/Pick_Mistake_Without_Write_Textarea_Note_After.feature' was failed
	at com.kms.katalon.core.keyword.internal.KeywordMain.stepFailed(KeywordMain.groovy:50)
	at com.kms.katalon.core.keyword.internal.KeywordMain.stepFailed(KeywordMain.groovy)
	at com.kms.katalon.core.keyword.internal.KeywordMain.stepFailed(KeywordMain.groovy:23)
	at com.kms.katalon.core.keyword.internal.KeywordMain$stepFailed$0.call(Unknown Source)
	at com.kms.katalon.core.cucumber.keyword.CucumberBuiltinKeywords$_runFeatureFile_closure1.doCall(CucumberBuiltinKeywords.groovy:82)
	at com.kms.katalon.core.cucumber.keyword.CucumberBuiltinKeywords$_runFeatureFile_closure1.doCall(CucumberBuiltinKeywords.groovy)
	at com.kms.katalon.core.keyword.internal.KeywordMain.runKeyword(KeywordMain.groovy:68)
	at com.kms.katalon.core.keyword.internal.KeywordMain$runKeyword.call(Unknown Source)
	at com.kms.katalon.core.cucumber.keyword.CucumberBuiltinKeywords.runFeatureFile(CucumberBuiltinKeywords.groovy:46)
	at com.kms.katalon.core.cucumber.keyword.CucumberBuiltinKeywords$runFeatureFile$0.callStatic(Unknown Source)
	at com.kms.katalon.core.cucumber.keyword.CucumberBuiltinKeywords.runFeatureFile(CucumberBuiltinKeywords.groovy:169)
	at com.kms.katalon.core.cucumber.keyword.CucumberBuiltinKeywords$runFeatureFile.call(Unknown Source)
	at Pick_Mistake_Without_Write_Textarea_Note_After.run(Pick_Mistake_Without_Write_Textarea_Note_After:16)
	at com.kms.katalon.core.main.ScriptEngine.run(ScriptEngine.java:194)
	at com.kms.katalon.core.main.ScriptEngine.runScriptAsRawText(ScriptEngine.java:119)
	at com.kms.katalon.core.main.TestCaseExecutor.runScript(TestCaseExecutor.java:339)
	at com.kms.katalon.core.main.TestCaseExecutor.doExecute(TestCaseExecutor.java:330)
	at com.kms.katalon.core.main.TestCaseExecutor.processExecutionPhase(TestCaseExecutor.java:309)
	at com.kms.katalon.core.main.TestCaseExecutor.accessMainPhase(TestCaseExecutor.java:301)
	at com.kms.katalon.core.main.TestCaseExecutor.execute(TestCaseExecutor.java:235)
	at com.kms.katalon.core.main.TestSuiteExecutor.accessTestCaseMainPhase(TestSuiteExecutor.java:191)
	at com.kms.katalon.core.main.TestSuiteExecutor.accessTestSuiteMainPhase(TestSuiteExecutor.java:141)
	at com.kms.katalon.core.main.TestSuiteExecutor.execute(TestSuiteExecutor.java:90)
	at com.kms.katalon.core.main.TestCaseMain.startTestSuite(TestCaseMain.java:157)
	at com.kms.katalon.core.main.TestCaseMain$startTestSuite$0.call(Unknown Source)
	at TempTestSuite1595410390420.run(TempTestSuite1595410390420.groovy:39)
)]]></system-out>
         <system-err><![CDATA[2020-07-22 16:38:09 - [TEST_CASE][FAILED] - Test Cases/IST_Real/CONTRACT_DISPATCHER_TWO_WHEELERS/DEV/Pick_Mistake_Without_Write_Textarea_Note_After: Test Cases/IST_Real/CONTRACT_DISPATCHER_TWO_WHEELERS/DEV/Pick_Mistake_Without_Write_Textarea_Note_After FAILED.
Reason:
com.kms.katalon.core.exception.StepFailedException: Feature file 'Include/features/IST_Real/CONTRACT_DISPATCHER_TWO_WHEELERS/DEV/Pick_Mistake_Without_Write_Textarea_Note_After.feature' was failed
	at com.kms.katalon.core.keyword.internal.KeywordMain.stepFailed(KeywordMain.groovy:50)
	at com.kms.katalon.core.keyword.internal.KeywordMain.stepFailed(KeywordMain.groovy)
	at com.kms.katalon.core.keyword.internal.KeywordMain.stepFailed(KeywordMain.groovy:23)
	at com.kms.katalon.core.keyword.internal.KeywordMain$stepFailed$0.call(Unknown Source)
	at com.kms.katalon.core.cucumber.keyword.CucumberBuiltinKeywords$_runFeatureFile_closure1.doCall(CucumberBuiltinKeywords.groovy:82)
	at com.kms.katalon.core.cucumber.keyword.CucumberBuiltinKeywords$_runFeatureFile_closure1.doCall(CucumberBuiltinKeywords.groovy)
	at com.kms.katalon.core.keyword.internal.KeywordMain.runKeyword(KeywordMain.groovy:68)
	at com.kms.katalon.core.keyword.internal.KeywordMain$runKeyword.call(Unknown Source)
	at com.kms.katalon.core.cucumber.keyword.CucumberBuiltinKeywords.runFeatureFile(CucumberBuiltinKeywords.groovy:46)
	at com.kms.katalon.core.cucumber.keyword.CucumberBuiltinKeywords$runFeatureFile$0.callStatic(Unknown Source)
	at com.kms.katalon.core.cucumber.keyword.CucumberBuiltinKeywords.runFeatureFile(CucumberBuiltinKeywords.groovy:169)
	at com.kms.katalon.core.cucumber.keyword.CucumberBuiltinKeywords$runFeatureFile.call(Unknown Source)
	at Pick_Mistake_Without_Write_Textarea_Note_After.run(Pick_Mistake_Without_Write_Textarea_Note_After:16)
	at com.kms.katalon.core.main.ScriptEngine.run(ScriptEngine.java:194)
	at com.kms.katalon.core.main.ScriptEngine.runScriptAsRawText(ScriptEngine.java:119)
	at com.kms.katalon.core.main.TestCaseExecutor.runScript(TestCaseExecutor.java:339)
	at com.kms.katalon.core.main.TestCaseExecutor.doExecute(TestCaseExecutor.java:330)
	at com.kms.katalon.core.main.TestCaseExecutor.processExecutionPhase(TestCaseExecutor.java:309)
	at com.kms.katalon.core.main.TestCaseExecutor.accessMainPhase(TestCaseExecutor.java:301)
	at com.kms.katalon.core.main.TestCaseExecutor.execute(TestCaseExecutor.java:235)
	at com.kms.katalon.core.main.TestSuiteExecutor.accessTestCaseMainPhase(TestSuiteExecutor.java:191)
	at com.kms.katalon.core.main.TestSuiteExecutor.accessTestSuiteMainPhase(TestSuiteExecutor.java:141)
	at com.kms.katalon.core.main.TestSuiteExecutor.execute(TestSuiteExecutor.java:90)
	at com.kms.katalon.core.main.TestCaseMain.startTestSuite(TestCaseMain.java:157)
	at com.kms.katalon.core.main.TestCaseMain$startTestSuite$0.call(Unknown Source)
	at TempTestSuite1595410390420.run(TempTestSuite1595410390420.groovy:39)]]></system-err>
      </testcase>
      <testcase name="Test Cases/IST_Real/CONTRACT_DISPATCHER_TWO_WHEELERS/DEV/Update_Tbl_CDS_CDC" time="0.592" classname="Test Cases/IST_Real/CONTRACT_DISPATCHER_TWO_WHEELERS/DEV/Update_Tbl_CDS_CDC" status="PASSED">
         <system-out><![CDATA[2020-07-22 16:40:16 - [TEST_CASE][PASSED] - Test Cases/IST_Real/CONTRACT_DISPATCHER_TWO_WHEELERS/DEV/Update_Tbl_CDS_CDC: Test Cases/IST_Real/CONTRACT_DISPATCHER_TWO_WHEELERS/DEV/Update_Tbl_CDS_CDC

2020-07-22 16:40:16 - [TEST_STEP][PASSED] - runFeatureFile("Include/features/IST_Real/CONTRACT_DISPATCHER_TWO_WHEELERS/DEV/Update_Tbl_CDS_CDC.feature"): Feature file: 'Include/features/IST_Real/CONTRACT_DISPATCHER_TWO_WHEELERS/DEV/Update_Tbl_CDS_CDC.feature' was passed

2020-07-22 16:40:16 - [MESSAGE][INFO] - Starting run keyword runFeatureFile: 'Include/features/IST_Real/CONTRACT_DISPATCHER_TWO_WHEELERS/DEV/Update_Tbl_CDS_CDC.feature' and extract report to folder: '/Users/chaidir.pratama01/Katalon Studio/IST_Automation_Git/Reports/20200722_163310/CONTRACT_DISPATCHER_TWO_WHEELERS/DEV/TS_Contract_Dispatcher_Two_Wheelers/20200722_163310/cucumber_report/1595410816563'...

2020-07-22 16:40:16 - [TEST_CASE][PASSED] - Start Test Case : SCENARIO Update Table CONTRACT_DISPATCHER_SOURCE and CONTRACT_DISPTACHER_CLAIM: SCENARIO Update Table CONTRACT_DISPATCHER_SOURCE and CONTRACT_DISPTACHER_CLAIM

2020-07-22 16:40:16 - [TEST_STEP][PASSED] - Connect to APP_ACCOUNT C1: Connect to APP_ACCOUNT C1

2020-07-22 16:40:16 - [MESSAGE][PASSED] - Connect to APP_ACCOUNT C1

2020-07-22 16:40:16 - [TEST_STEP][PASSED] - Update Tbl CONTRACT DISPATCHER SOURCE To Change PROCESSED From Y to N: Update Tbl CONTRACT DISPATCHER SOURCE To Change PROCESSED From Y to N

2020-07-22 16:40:16 - [MESSAGE][PASSED] - Update Tbl CONTRACT DISPATCHER SOURCE To Change PROCESSED From Y to N

2020-07-22 16:40:16 - [TEST_STEP][PASSED] - Update Tbl CONTRACT DISPATCHER CLAIM To Delete PROCESS From Column STATUS: Update Tbl CONTRACT DISPATCHER CLAIM To Delete PROCESS From Column STATUS

2020-07-22 16:40:17 - [MESSAGE][PASSED] - Update Tbl CONTRACT DISPATCHER CLAIM To Delete PROCESS From Column STATUS

2020-07-22 16:40:17 - [MESSAGE][PASSED] - Feature file: 'Include/features/IST_Real/CONTRACT_DISPATCHER_TWO_WHEELERS/DEV/Update_Tbl_CDS_CDC.feature' was passed]]></system-out>
         <system-err><![CDATA[]]></system-err>
      </testcase>
      <testcase name="Test Cases/IST_Real/CONTRACT_DISPATCHER_TWO_WHEELERS/DEV/Pick_Mistake_Without_Write_Textarea_Note_Before" time="123.809" classname="Test Cases/IST_Real/CONTRACT_DISPATCHER_TWO_WHEELERS/DEV/Pick_Mistake_Without_Write_Textarea_Note_Before" status="FAILED">
         <failure type="FAILED" message="Test Cases/IST_Real/CONTRACT_DISPATCHER_TWO_WHEELERS/DEV/Pick_Mistake_Without_Write_Textarea_Note_Before FAILED.
Reason:
com.kms.katalon.core.exception.StepFailedException: Feature file 'Include/features/IST_Real/CONTRACT_DISPATCHER_TWO_WHEELERS/DEV/Pick_Mistake_Without_Write_Textarea_Note_Before.feature' was failed
	at com.kms.katalon.core.keyword.internal.KeywordMain.stepFailed(KeywordMain.groovy:50)
	at com.kms.katalon.core.keyword.internal.KeywordMain.stepFailed(KeywordMain.groovy)
	at com.kms.katalon.core.keyword.internal.KeywordMain.stepFailed(KeywordMain.groovy:23)
	at com.kms.katalon.core.keyword.internal.KeywordMain$stepFailed$0.call(Unknown Source)
	at com.kms.katalon.core.cucumber.keyword.CucumberBuiltinKeywords$_runFeatureFile_closure1.doCall(CucumberBuiltinKeywords.groovy:82)
	at com.kms.katalon.core.cucumber.keyword.CucumberBuiltinKeywords$_runFeatureFile_closure1.doCall(CucumberBuiltinKeywords.groovy)
	at com.kms.katalon.core.keyword.internal.KeywordMain.runKeyword(KeywordMain.groovy:68)
	at com.kms.katalon.core.keyword.internal.KeywordMain$runKeyword.call(Unknown Source)
	at com.kms.katalon.core.cucumber.keyword.CucumberBuiltinKeywords.runFeatureFile(CucumberBuiltinKeywords.groovy:46)
	at com.kms.katalon.core.cucumber.keyword.CucumberBuiltinKeywords$runFeatureFile$0.callStatic(Unknown Source)
	at com.kms.katalon.core.cucumber.keyword.CucumberBuiltinKeywords.runFeatureFile(CucumberBuiltinKeywords.groovy:169)
	at com.kms.katalon.core.cucumber.keyword.CucumberBuiltinKeywords$runFeatureFile.call(Unknown Source)
	at Pick_Mistake_Without_Write_Textarea_Note_Before.run(Pick_Mistake_Without_Write_Textarea_Note_Before:16)
	at com.kms.katalon.core.main.ScriptEngine.run(ScriptEngine.java:194)
	at com.kms.katalon.core.main.ScriptEngine.runScriptAsRawText(ScriptEngine.java:119)
	at com.kms.katalon.core.main.TestCaseExecutor.runScript(TestCaseExecutor.java:339)
	at com.kms.katalon.core.main.TestCaseExecutor.doExecute(TestCaseExecutor.java:330)
	at com.kms.katalon.core.main.TestCaseExecutor.processExecutionPhase(TestCaseExecutor.java:309)
	at com.kms.katalon.core.main.TestCaseExecutor.accessMainPhase(TestCaseExecutor.java:301)
	at com.kms.katalon.core.main.TestCaseExecutor.execute(TestCaseExecutor.java:235)
	at com.kms.katalon.core.main.TestSuiteExecutor.accessTestCaseMainPhase(TestSuiteExecutor.java:191)
	at com.kms.katalon.core.main.TestSuiteExecutor.accessTestSuiteMainPhase(TestSuiteExecutor.java:141)
	at com.kms.katalon.core.main.TestSuiteExecutor.execute(TestSuiteExecutor.java:90)
	at com.kms.katalon.core.main.TestCaseMain.startTestSuite(TestCaseMain.java:157)
	at com.kms.katalon.core.main.TestCaseMain$startTestSuite$0.call(Unknown Source)
	at TempTestSuite1595410390420.run(TempTestSuite1595410390420.groovy:39)
"/>
         <system-out><![CDATA[2020-07-22 16:40:17 - [TEST_CASE][FAILED] - Test Cases/IST_Real/CONTRACT_DISPATCHER_TWO_WHEELERS/DEV/Pick_Mistake_Without_Write_Textarea_Note_Before: Test Cases/IST_Real/CONTRACT_DISPATCHER_TWO_WHEELERS/DEV/Pick_Mistake_Without_Write_Textarea_Note_Before FAILED.
Reason:
com.kms.katalon.core.exception.StepFailedException: Feature file 'Include/features/IST_Real/CONTRACT_DISPATCHER_TWO_WHEELERS/DEV/Pick_Mistake_Without_Write_Textarea_Note_Before.feature' was failed
	at com.kms.katalon.core.keyword.internal.KeywordMain.stepFailed(KeywordMain.groovy:50)
	at com.kms.katalon.core.keyword.internal.KeywordMain.stepFailed(KeywordMain.groovy)
	at com.kms.katalon.core.keyword.internal.KeywordMain.stepFailed(KeywordMain.groovy:23)
	at com.kms.katalon.core.keyword.internal.KeywordMain$stepFailed$0.call(Unknown Source)
	at com.kms.katalon.core.cucumber.keyword.CucumberBuiltinKeywords$_runFeatureFile_closure1.doCall(CucumberBuiltinKeywords.groovy:82)
	at com.kms.katalon.core.cucumber.keyword.CucumberBuiltinKeywords$_runFeatureFile_closure1.doCall(CucumberBuiltinKeywords.groovy)
	at com.kms.katalon.core.keyword.internal.KeywordMain.runKeyword(KeywordMain.groovy:68)
	at com.kms.katalon.core.keyword.internal.KeywordMain$runKeyword.call(Unknown Source)
	at com.kms.katalon.core.cucumber.keyword.CucumberBuiltinKeywords.runFeatureFile(CucumberBuiltinKeywords.groovy:46)
	at com.kms.katalon.core.cucumber.keyword.CucumberBuiltinKeywords$runFeatureFile$0.callStatic(Unknown Source)
	at com.kms.katalon.core.cucumber.keyword.CucumberBuiltinKeywords.runFeatureFile(CucumberBuiltinKeywords.groovy:169)
	at com.kms.katalon.core.cucumber.keyword.CucumberBuiltinKeywords$runFeatureFile.call(Unknown Source)
	at Pick_Mistake_Without_Write_Textarea_Note_Before.run(Pick_Mistake_Without_Write_Textarea_Note_Before:16)
	at com.kms.katalon.core.main.ScriptEngine.run(ScriptEngine.java:194)
	at com.kms.katalon.core.main.ScriptEngine.runScriptAsRawText(ScriptEngine.java:119)
	at com.kms.katalon.core.main.TestCaseExecutor.runScript(TestCaseExecutor.java:339)
	at com.kms.katalon.core.main.TestCaseExecutor.doExecute(TestCaseExecutor.java:330)
	at com.kms.katalon.core.main.TestCaseExecutor.processExecutionPhase(TestCaseExecutor.java:309)
	at com.kms.katalon.core.main.TestCaseExecutor.accessMainPhase(TestCaseExecutor.java:301)
	at com.kms.katalon.core.main.TestCaseExecutor.execute(TestCaseExecutor.java:235)
	at com.kms.katalon.core.main.TestSuiteExecutor.accessTestCaseMainPhase(TestSuiteExecutor.java:191)
	at com.kms.katalon.core.main.TestSuiteExecutor.accessTestSuiteMainPhase(TestSuiteExecutor.java:141)
	at com.kms.katalon.core.main.TestSuiteExecutor.execute(TestSuiteExecutor.java:90)
	at com.kms.katalon.core.main.TestCaseMain.startTestSuite(TestCaseMain.java:157)
	at com.kms.katalon.core.main.TestCaseMain$startTestSuite$0.call(Unknown Source)
	at TempTestSuite1595410390420.run(TempTestSuite1595410390420.groovy:39)


2020-07-22 16:40:17 - [TEST_STEP][FAILED] - runFeatureFile("Include/features/IST_Real/CONTRACT_DISPATCHER_TWO_WHEELERS/DEV/Pick_Mistake_Without_Write_Textarea_Note_Before.feature"): Keyword runFeatureFile was failed (Root cause: com.kms.katalon.core.exception.StepFailedException: Feature file 'Include/features/IST_Real/CONTRACT_DISPATCHER_TWO_WHEELERS/DEV/Pick_Mistake_Without_Write_Textarea_Note_Before.feature' was failed
	at com.kms.katalon.core.keyword.internal.KeywordMain.stepFailed(KeywordMain.groovy:50)
	at com.kms.katalon.core.keyword.internal.KeywordMain.stepFailed(KeywordMain.groovy)
	at com.kms.katalon.core.keyword.internal.KeywordMain.stepFailed(KeywordMain.groovy:23)
	at com.kms.katalon.core.keyword.internal.KeywordMain$stepFailed$0.call(Unknown Source)
	at com.kms.katalon.core.cucumber.keyword.CucumberBuiltinKeywords$_runFeatureFile_closure1.doCall(CucumberBuiltinKeywords.groovy:82)
	at com.kms.katalon.core.cucumber.keyword.CucumberBuiltinKeywords$_runFeatureFile_closure1.doCall(CucumberBuiltinKeywords.groovy)
	at com.kms.katalon.core.keyword.internal.KeywordMain.runKeyword(KeywordMain.groovy:68)
	at com.kms.katalon.core.keyword.internal.KeywordMain$runKeyword.call(Unknown Source)
	at com.kms.katalon.core.cucumber.keyword.CucumberBuiltinKeywords.runFeatureFile(CucumberBuiltinKeywords.groovy:46)
	at com.kms.katalon.core.cucumber.keyword.CucumberBuiltinKeywords$runFeatureFile$0.callStatic(Unknown Source)
	at com.kms.katalon.core.cucumber.keyword.CucumberBuiltinKeywords.runFeatureFile(CucumberBuiltinKeywords.groovy:169)
	at com.kms.katalon.core.cucumber.keyword.CucumberBuiltinKeywords$runFeatureFile.call(Unknown Source)
	at Pick_Mistake_Without_Write_Textarea_Note_Before.run(Pick_Mistake_Without_Write_Textarea_Note_Before:16)
	at com.kms.katalon.core.main.ScriptEngine.run(ScriptEngine.java:194)
	at com.kms.katalon.core.main.ScriptEngine.runScriptAsRawText(ScriptEngine.java:119)
	at com.kms.katalon.core.main.TestCaseExecutor.runScript(TestCaseExecutor.java:339)
	at com.kms.katalon.core.main.TestCaseExecutor.doExecute(TestCaseExecutor.java:330)
	at com.kms.katalon.core.main.TestCaseExecutor.processExecutionPhase(TestCaseExecutor.java:309)
	at com.kms.katalon.core.main.TestCaseExecutor.accessMainPhase(TestCaseExecutor.java:301)
	at com.kms.katalon.core.main.TestCaseExecutor.execute(TestCaseExecutor.java:235)
	at com.kms.katalon.core.main.TestSuiteExecutor.accessTestCaseMainPhase(TestSuiteExecutor.java:191)
	at com.kms.katalon.core.main.TestSuiteExecutor.accessTestSuiteMainPhase(TestSuiteExecutor.java:141)
	at com.kms.katalon.core.main.TestSuiteExecutor.execute(TestSuiteExecutor.java:90)
	at com.kms.katalon.core.main.TestCaseMain.startTestSuite(TestCaseMain.java:157)
	at com.kms.katalon.core.main.TestCaseMain$startTestSuite$0.call(Unknown Source)
	at TempTestSuite1595410390420.run(TempTestSuite1595410390420.groovy:39)
)

2020-07-22 16:40:17 - [MESSAGE][INFO] - Starting run keyword runFeatureFile: 'Include/features/IST_Real/CONTRACT_DISPATCHER_TWO_WHEELERS/DEV/Pick_Mistake_Without_Write_Textarea_Note_Before.feature' and extract report to folder: '/Users/chaidir.pratama01/Katalon Studio/IST_Automation_Git/Reports/20200722_163310/CONTRACT_DISPATCHER_TWO_WHEELERS/DEV/TS_Contract_Dispatcher_Two_Wheelers/20200722_163310/cucumber_report/1595410817226'...

2020-07-22 16:40:17 - [TEST_CASE][PASSED] - Start Test Case : SCENARIO Assign User to Contract Two Wheelers: SCENARIO Assign User to Contract Two Wheelers

2020-07-22 16:40:17 - [TEST_STEP][PASSED] - Go to IST: Go to IST

2020-07-22 16:40:17 - [MESSAGE][WARNING] - A browser is already opened. Closing browser and opening a new one

2020-07-22 16:40:17 - [MESSAGE][INFO] - Starting 'Chrome' driver

2020-07-22 16:40:17 - [MESSAGE][INFO] - Action delay is set to 0 milliseconds

2020-07-22 16:40:18 - [MESSAGE][PASSED] - Browser is opened with url: ''

2020-07-22 16:40:19 - [MESSAGE][PASSED] - Navigate to 'https://dev-istools.homecredit.id/foundation/login.zul' successfully

2020-07-22 16:40:19 - [MESSAGE][PASSED] - Go to IST

2020-07-22 16:40:19 - [TEST_STEP][PASSED] - Login IST with valid credentials: Login IST with valid credentials

2020-07-22 16:40:20 - [MESSAGE][PASSED] - Text 'mobile.test' is set on object 'Object Repository/Page_/input_Username_j_username'

2020-07-22 16:40:20 - [MESSAGE][PASSED] - Text ****** has been set on object 'Object Repository/Page_/input_Password_j_password'

2020-07-22 16:40:21 - [MESSAGE][PASSED] - Object: 'Object Repository/Page_/button_Login' is clicked on

2020-07-22 16:40:21 - [MESSAGE][PASSED] - Login IST with valid credentials

2020-07-22 16:40:21 - [TEST_STEP][PASSED] - Login Success for contract dispatcher: Login Success for contract dispatcher

2020-07-22 16:40:21 - [MESSAGE][INFO] - Login Success

2020-07-22 16:40:22 - [MESSAGE][PASSED] - Current window maximized

2020-07-22 16:40:22 - [MESSAGE][PASSED] - Object 'Object Repository/Page_/h1_Welcome to IT Supporting Tools' is present

2020-07-22 16:40:22 - [MESSAGE][PASSED] - Login Success for contract dispatcher

2020-07-22 16:40:22 - [TEST_STEP][PASSED] - Select Arrow Menu "Contract Dispatcher Admin": Select Arrow Menu "Contract Dispatcher Admin"

2020-07-22 16:40:22 - [MESSAGE][PASSED] - Object: '' is clicked on

2020-07-22 16:40:22 - [MESSAGE][PASSED] - Select Arrow Menu "Contract Dispatcher Admin"

2020-07-22 16:40:22 - [TEST_STEP][PASSED] - Select Menu "Management Assignment": Select Menu "Management Assignment"

2020-07-22 16:40:23 - [MESSAGE][PASSED] - Object '' is present

2020-07-22 16:40:23 - [MESSAGE][PASSED] - Object: '' is clicked on

2020-07-22 16:40:23 - [MESSAGE][PASSED] - Wait for page load successfully

2020-07-22 16:40:23 - [MESSAGE][PASSED] - Select Menu "Management Assignment"

2020-07-22 16:40:23 - [TEST_STEP][PASSED] - Select Username "mobile.test" of Management Assignment: Select Username "mobile.test" of Management Assignment

2020-07-22 16:40:25 - [MESSAGE][PASSED] - All options with value 'mobile.test' are selected in object 'Object Repository/Page_/dropdown_list_username_assignment'  using regular expression

2020-07-22 16:40:25 - [MESSAGE][PASSED] - Select Username "mobile.test" of Management Assignment

2020-07-22 16:40:25 - [TEST_STEP][PASSED] - Check for username if already assigned to "Two Wheelers": Check for username if already assigned to "Two Wheelers"

2020-07-22 16:40:29 - [MESSAGE][PASSED] - Scroll to object '' successfully

2020-07-22 16:40:29 - [MESSAGE][PASSED] - Object '' is present

2020-07-22 16:40:29 - [MESSAGE][PASSED] - Object '' is checked

2020-07-22 16:40:29 - [MESSAGE][INFO] - Element is already Checked

2020-07-22 16:40:29 - [MESSAGE][PASSED] - Check for username if already assigned to "Two Wheelers"

2020-07-22 16:40:29 - [TEST_STEP][PASSED] - Wait page for load: Wait page for load

2020-07-22 16:40:29 - [MESSAGE][PASSED] - Wait for page load successfully

2020-07-22 16:40:29 - [MESSAGE][PASSED] - Wait page for load

2020-07-22 16:40:29 - [TEST_STEP][PASSED] - Click button "Logout": Click button "Logout"

2020-07-22 16:40:29 - [MESSAGE][INFO] - >>>>>//Button[contains(text(),'Logout')]

2020-07-22 16:40:33 - [MESSAGE][PASSED] - Object: '' is clicked on

2020-07-22 16:40:33 - [MESSAGE][PASSED] - Click button "Logout"

2020-07-22 16:40:33 - [TEST_STEP][PASSED] - Close browser: Close browser

2020-07-22 16:40:33 - [MESSAGE][PASSED] - Browser is closed

2020-07-22 16:40:33 - [MESSAGE][PASSED] - Close browser

2020-07-22 16:40:33 - [TEST_CASE][FAILED] - Start Test Case : SCENARIO Select Menu Contract Dispatcher and Select Contract based on type contract Two Wheelers: SCENARIO Select Menu Contract Dispatcher and Select Contract based on type contract Two Wheelers FAILED.
Reason:
com.kms.katalon.core.exception.StepFailedException: Unable to select option by index '1' of object ''
	at com.kms.katalon.core.webui.keyword.internal.WebUIKeywordMain.stepFailed(WebUIKeywordMain.groovy:64)
	at com.kms.katalon.core.webui.keyword.internal.WebUIKeywordMain.runKeyword(WebUIKeywordMain.groovy:26)
	at com.kms.katalon.core.webui.keyword.builtin.SelectOptionByIndexKeyword.selectOptionByIndex(SelectOptionByIndexKeyword.groovy:93)
	at com.kms.katalon.core.webui.keyword.builtin.SelectOptionByIndexKeyword.execute(SelectOptionByIndexKeyword.groovy:68)
	at com.kms.katalon.core.keyword.internal.KeywordExecutor.executeKeywordForPlatform(KeywordExecutor.groovy:73)
	at com.kms.katalon.core.webui.keyword.WebUiBuiltInKeywords.selectOptionByIndex(WebUiBuiltInKeywords.groovy:1129)
	at com.kms.katalon.core.webui.keyword.WebUiBuiltInKeywords$selectOptionByIndex$11.call(Unknown Source)
	at ist_real.Contract_Dispatcher.Dropdown_mistaketypefrommistakename(Contract_Dispatcher.groovy:948)
	at ✽.Choose Dropdown mistake type "Upload Dokumen" from mistake name "KTP Foto Komponen Tidak Ada"(/Users/chaidir.pratama01/Katalon Studio/IST_Automation_Git/Include/features/IST_Real/CONTRACT_DISPATCHER_TWO_WHEELERS/DEV/Pick_Mistake_Without_Write_Textarea_Note_Before.feature:50)
Caused by: java.lang.IndexOutOfBoundsException: Index: 0, Size: 0
	at com.kms.katalon.core.webui.common.WebUiCommonHelper.buildLocator(WebUiCommonHelper.java:519)
	at com.kms.katalon.core.webui.common.WebUiCommonHelper.findElementByNormalMethods(WebUiCommonHelper.java:985)
	at com.kms.katalon.core.webui.common.WebUiCommonHelper.findElementsBySelectedMethod(WebUiCommonHelper.java:894)
	at com.kms.katalon.core.webui.common.WebUiCommonHelper.findElementsWithSelfHealing(WebUiCommonHelper.java:791)
	at com.kms.katalon.core.webui.common.WebUiCommonHelper.findWebElements(WebUiCommonHelper.java:717)
	at com.kms.katalon.core.webui.common.WebUiCommonHelper.findWebElement(WebUiCommonHelper.java:1349)
	at com.kms.katalon.core.webui.keyword.internal.WebUIAbstractKeyword.findWebElement(WebUIAbstractKeyword.groovy:27)
	at com.kms.katalon.core.webui.keyword.internal.WebUIAbstractKeyword.findWebElement(WebUIAbstractKeyword.groovy:26)
	at com.kms.katalon.core.webui.keyword.builtin.SelectOptionByIndexKeyword$_selectOptionByIndex_closure1.doCall(SelectOptionByIndexKeyword.groovy:84)
	at com.kms.katalon.core.webui.keyword.builtin.SelectOptionByIndexKeyword$_selectOptionByIndex_closure1.call(SelectOptionByIndexKeyword.groovy)
	at com.kms.katalon.core.webui.keyword.internal.WebUIKeywordMain.runKeyword(WebUIKeywordMain.groovy:20)
	at com.kms.katalon.core.webui.keyword.builtin.SelectOptionByIndexKeyword.selectOptionByIndex(SelectOptionByIndexKeyword.groovy:93)
	at com.kms.katalon.core.webui.keyword.builtin.SelectOptionByIndexKeyword.execute(SelectOptionByIndexKeyword.groovy:68)
	at com.kms.katalon.core.keyword.internal.KeywordExecutor.executeKeywordForPlatform(KeywordExecutor.groovy:73)
	at com.kms.katalon.core.webui.keyword.WebUiBuiltInKeywords.selectOptionByIndex(WebUiBuiltInKeywords.groovy:1129)
	at com.kms.katalon.core.webui.keyword.WebUiBuiltInKeywords$selectOptionByIndex$11.call(Unknown Source)
	at ist_real.Contract_Dispatcher.Dropdown_mistaketypefrommistakename(Contract_Dispatcher.groovy:948)
	at cucumber.runtime.Utils$1.call(Utils.java:26)
	at cucumber.runtime.Timeout.timeout(Timeout.java:16)
	at cucumber.runtime.Utils.invoke(Utils.java:20)
	at cucumber.runtime.java.JavaStepDefinition.execute(JavaStepDefinition.java:48)
	at cucumber.runtime.PickleStepDefinitionMatch.runStep(PickleStepDefinitionMatch.java:50)
	at cucumber.runner.TestStep.executeStep(TestStep.java:55)
	at cucumber.runner.TestStep.run(TestStep.java:42)
	at cucumber.runner.PickleStepTestStep.run(PickleStepTestStep.java:53)
	at cucumber.runner.TestCase.run(TestCase.java:47)
	at cucumber.runner.Runner.runPickle(Runner.java:44)
	at cucumber.runtime.Runtime.runFeature(Runtime.java:120)
	at cucumber.runtime.Runtime.run(Runtime.java:106)
	at cucumber.api.cli.Main.run(Main.java:35)
	at cucumber.api.cli.Main$run.call(Unknown Source)
	at com.kms.katalon.core.cucumber.keyword.CucumberBuiltinKeywords$_runFeatureFile_closure1.doCall(CucumberBuiltinKeywords.groovy:76)
	at com.kms.katalon.core.cucumber.keyword.CucumberBuiltinKeywords$_runFeatureFile_closure1.doCall(CucumberBuiltinKeywords.groovy)
	at com.kms.katalon.core.keyword.internal.KeywordMain.runKeyword(KeywordMain.groovy:68)
	at com.kms.katalon.core.keyword.internal.KeywordMain$runKeyword.call(Unknown Source)
	at com.kms.katalon.core.cucumber.keyword.CucumberBuiltinKeywords.runFeatureFile(CucumberBuiltinKeywords.groovy:46)
	at com.kms.katalon.core.cucumber.keyword.CucumberBuiltinKeywords$runFeatureFile$0.callStatic(Unknown Source)
	at com.kms.katalon.core.cucumber.keyword.CucumberBuiltinKeywords.runFeatureFile(CucumberBuiltinKeywords.groovy:169)
	at com.kms.katalon.core.cucumber.keyword.CucumberBuiltinKeywords$runFeatureFile.call(Unknown Source)
	at Pick_Mistake_Without_Write_Textarea_Note_Before.run(Pick_Mistake_Without_Write_Textarea_Note_Before:16)
	at com.kms.katalon.core.main.ScriptEngine.run(ScriptEngine.java:194)
	at com.kms.katalon.core.main.ScriptEngine.runScriptAsRawText(ScriptEngine.java:119)
	at com.kms.katalon.core.main.TestCaseExecutor.runScript(TestCaseExecutor.java:339)
	at com.kms.katalon.core.main.TestCaseExecutor.doExecute(TestCaseExecutor.java:330)
	at com.kms.katalon.core.main.TestCaseExecutor.processExecutionPhase(TestCaseExecutor.java:309)
	at com.kms.katalon.core.main.TestCaseExecutor.accessMainPhase(TestCaseExecutor.java:301)
	at com.kms.katalon.core.main.TestCaseExecutor.execute(TestCaseExecutor.java:235)
	at com.kms.katalon.core.main.TestSuiteExecutor.accessTestCaseMainPhase(TestSuiteExecutor.java:191)
	at com.kms.katalon.core.main.TestSuiteExecutor.accessTestSuiteMainPhase(TestSuiteExecutor.java:141)
	at com.kms.katalon.core.main.TestSuiteExecutor.execute(TestSuiteExecutor.java:90)
	at com.kms.katalon.core.main.TestCaseMain.startTestSuite(TestCaseMain.java:157)
	at com.kms.katalon.core.main.TestCaseMain$startTestSuite$0.call(Unknown Source)
	at TempTestSuite1595410390420.run(TempTestSuite1595410390420.groovy:39)


2020-07-22 16:40:33 - [TEST_STEP][PASSED] - Go to IST: Go to IST

2020-07-22 16:40:33 - [MESSAGE][INFO] - Starting 'Chrome' driver

2020-07-22 16:40:33 - [MESSAGE][INFO] - Action delay is set to 0 milliseconds

2020-07-22 16:40:34 - [MESSAGE][PASSED] - Browser is opened with url: ''

2020-07-22 16:40:35 - [MESSAGE][PASSED] - Navigate to 'https://dev-istools.homecredit.id/foundation/login.zul' successfully

2020-07-22 16:40:35 - [MESSAGE][PASSED] - Go to IST

2020-07-22 16:40:35 - [TEST_STEP][PASSED] - Login IST with valid credentials: Login IST with valid credentials

2020-07-22 16:40:37 - [MESSAGE][PASSED] - Text 'mobile.test' is set on object 'Object Repository/Page_/input_Username_j_username'

2020-07-22 16:40:39 - [MESSAGE][PASSED] - Text ****** has been set on object 'Object Repository/Page_/input_Password_j_password'

2020-07-22 16:40:42 - [MESSAGE][PASSED] - Object: 'Object Repository/Page_/button_Login' is clicked on

2020-07-22 16:40:42 - [MESSAGE][PASSED] - Login IST with valid credentials

2020-07-22 16:40:42 - [TEST_STEP][PASSED] - Login Success for contract dispatcher: Login Success for contract dispatcher

2020-07-22 16:40:42 - [MESSAGE][INFO] - Login Success

2020-07-22 16:40:42 - [MESSAGE][PASSED] - Current window maximized

2020-07-22 16:40:42 - [MESSAGE][PASSED] - Object 'Object Repository/Page_/h1_Welcome to IT Supporting Tools' is present

2020-07-22 16:40:42 - [MESSAGE][PASSED] - Login Success for contract dispatcher

2020-07-22 16:40:42 - [TEST_STEP][PASSED] - Select Menu "Contract Dispatcher": Select Menu "Contract Dispatcher"

2020-07-22 16:40:43 - [MESSAGE][PASSED] - Object '' is present

2020-07-22 16:40:43 - [MESSAGE][PASSED] - Object: '' is clicked on

2020-07-22 16:40:43 - [MESSAGE][PASSED] - Wait for page load successfully

2020-07-22 16:40:43 - [MESSAGE][PASSED] - Select Menu "Contract Dispatcher"

2020-07-22 16:40:43 - [TEST_STEP][PASSED] - Select Contract Number based on Type Contract "TWO_WHEELERS": Select Contract Number based on Type Contract "TWO_WHEELERS"

2020-07-22 16:40:44 - [MESSAGE][PASSED] - Object '' is present

2020-07-22 16:40:45 - [MESSAGE][PASSED] - Object '' is present

2020-07-22 16:40:45 - [MESSAGE][PASSED] - Object: '' is clicked on

2020-07-22 16:40:45 - [MESSAGE][PASSED] - Object '' is checked

2020-07-22 16:40:45 - [MESSAGE][PASSED] - Select Contract Number based on Type Contract "TWO_WHEELERS"

2020-07-22 16:40:45 - [TEST_STEP][PASSED] - Click button "Claim": Click button "Claim"

2020-07-22 16:40:45 - [MESSAGE][INFO] - >>>>>//Button[contains(text(),'Claim')]

2020-07-22 16:40:49 - [MESSAGE][PASSED] - Object: '' is clicked on

2020-07-22 16:40:49 - [MESSAGE][PASSED] - Click button "Claim"

2020-07-22 16:40:49 - [TEST_STEP][PASSED] - Varify the mistake detail already match with the matrix Base on Type Contract: Varify the mistake detail already match with the matrix Base on Type Contract

2020-07-22 16:40:50 - [MESSAGE][PASSED] - Object '' is present

2020-07-22 16:40:51 - [MESSAGE][PASSED] - Object: '' is clicked on

2020-07-22 16:40:51 - [MESSAGE][PASSED] - Object '' is present

2020-07-22 16:40:51 - [MESSAGE][PASSED] - Object '' is not checked

2020-07-22 16:40:52 - [MESSAGE][PASSED] - Object '' is present

2020-07-22 16:40:52 - [MESSAGE][PASSED] - Object '' is not checked

2020-07-22 16:40:52 - [MESSAGE][PASSED] - Object '' is present

2020-07-22 16:40:53 - [MESSAGE][PASSED] - Object '' is not checked

2020-07-22 16:40:53 - [MESSAGE][PASSED] - Object '' is present

2020-07-22 16:40:53 - [MESSAGE][PASSED] - Object '' is not checked

2020-07-22 16:40:53 - [MESSAGE][PASSED] - Object '' is present

2020-07-22 16:40:54 - [MESSAGE][PASSED] - Object '' is not checked

2020-07-22 16:40:54 - [MESSAGE][PASSED] - Object '' is present

2020-07-22 16:40:54 - [MESSAGE][PASSED] - Object '' is not checked

2020-07-22 16:40:54 - [MESSAGE][PASSED] - Object '' is present

2020-07-22 16:40:55 - [MESSAGE][PASSED] - Object '' is not checked

2020-07-22 16:40:55 - [MESSAGE][PASSED] - Object '' is present

2020-07-22 16:40:56 - [MESSAGE][PASSED] - Object '' is not checked

2020-07-22 16:40:56 - [MESSAGE][PASSED] - Object '' is present

2020-07-22 16:40:56 - [MESSAGE][PASSED] - Object '' is not checked

2020-07-22 16:40:56 - [MESSAGE][PASSED] - Object '' is present

2020-07-22 16:40:57 - [MESSAGE][PASSED] - Object '' is not checked

2020-07-22 16:40:57 - [MESSAGE][PASSED] - Object '' is present

2020-07-22 16:40:57 - [MESSAGE][PASSED] - Object '' is not checked

2020-07-22 16:40:57 - [MESSAGE][PASSED] - Object '' is present

2020-07-22 16:40:58 - [MESSAGE][PASSED] - Object '' is not checked

2020-07-22 16:40:58 - [MESSAGE][PASSED] - Object '' is present

2020-07-22 16:40:58 - [MESSAGE][PASSED] - Object '' is not checked

2020-07-22 16:40:59 - [MESSAGE][PASSED] - Object '' is present

2020-07-22 16:40:59 - [MESSAGE][PASSED] - Object '' is not checked

2020-07-22 16:40:59 - [MESSAGE][PASSED] - Object '' is present

2020-07-22 16:41:00 - [MESSAGE][PASSED] - Object '' is not checked

2020-07-22 16:41:00 - [MESSAGE][PASSED] - Object '' is present

2020-07-22 16:41:00 - [MESSAGE][PASSED] - Object '' is not checked

2020-07-22 16:41:01 - [MESSAGE][PASSED] - Object '' is present

2020-07-22 16:41:01 - [MESSAGE][PASSED] - Object '' is not checked

2020-07-22 16:41:01 - [MESSAGE][PASSED] - Object '' is present

2020-07-22 16:41:01 - [MESSAGE][PASSED] - Object '' is not checked

2020-07-22 16:41:02 - [MESSAGE][PASSED] - Object '' is present

2020-07-22 16:41:02 - [MESSAGE][PASSED] - Object '' is not checked

2020-07-22 16:41:02 - [MESSAGE][PASSED] - Object '' is present

2020-07-22 16:41:02 - [MESSAGE][PASSED] - Object '' is not checked

2020-07-22 16:41:03 - [MESSAGE][PASSED] - Object '' is present

2020-07-22 16:41:03 - [MESSAGE][PASSED] - Object: '' is clicked on

2020-07-22 16:41:03 - [MESSAGE][PASSED] - Object '' is present

2020-07-22 16:41:04 - [MESSAGE][PASSED] - Object '' is not checked

2020-07-22 16:41:04 - [MESSAGE][PASSED] - Object '' is present

2020-07-22 16:41:04 - [MESSAGE][PASSED] - Object '' is not checked

2020-07-22 16:41:05 - [MESSAGE][PASSED] - Object '' is present

2020-07-22 16:41:05 - [MESSAGE][PASSED] - Object '' is not checked

2020-07-22 16:41:05 - [MESSAGE][PASSED] - Object '' is present

2020-07-22 16:41:05 - [MESSAGE][PASSED] - Object '' is not checked

2020-07-22 16:41:06 - [MESSAGE][PASSED] - Object '' is present

2020-07-22 16:41:06 - [MESSAGE][PASSED] - Object '' is not checked

2020-07-22 16:41:06 - [MESSAGE][PASSED] - Object '' is present

2020-07-22 16:41:07 - [MESSAGE][PASSED] - Object '' is not checked

2020-07-22 16:41:07 - [MESSAGE][PASSED] - Object '' is present

2020-07-22 16:41:07 - [MESSAGE][PASSED] - Object: '' is clicked on

2020-07-22 16:41:08 - [MESSAGE][PASSED] - Object '' is present

2020-07-22 16:41:08 - [MESSAGE][PASSED] - Object '' is not checked

2020-07-22 16:41:08 - [MESSAGE][PASSED] - Object '' is present

2020-07-22 16:41:09 - [MESSAGE][PASSED] - Object '' is not checked

2020-07-22 16:41:09 - [MESSAGE][PASSED] - Object '' is present

2020-07-22 16:41:09 - [MESSAGE][PASSED] - Object '' is not checked

2020-07-22 16:41:09 - [MESSAGE][PASSED] - Object '' is present

2020-07-22 16:41:09 - [MESSAGE][PASSED] - Object: '' is clicked on

2020-07-22 16:41:10 - [MESSAGE][PASSED] - Object '' is present

2020-07-22 16:41:10 - [MESSAGE][PASSED] - Object '' is not checked

2020-07-22 16:41:10 - [MESSAGE][PASSED] - Object '' is present

2020-07-22 16:41:11 - [MESSAGE][PASSED] - Object '' is not checked

2020-07-22 16:41:11 - [MESSAGE][PASSED] - Object '' is present

2020-07-22 16:41:11 - [MESSAGE][PASSED] - Object '' is not checked

2020-07-22 16:41:12 - [MESSAGE][PASSED] - Object '' is present

2020-07-22 16:41:12 - [MESSAGE][PASSED] - Object '' is not checked

2020-07-22 16:41:12 - [MESSAGE][PASSED] - Object '' is present

2020-07-22 16:41:12 - [MESSAGE][PASSED] - Object '' is not checked

2020-07-22 16:41:13 - [MESSAGE][PASSED] - Object '' is present

2020-07-22 16:41:13 - [MESSAGE][PASSED] - Object '' is not checked

2020-07-22 16:41:13 - [MESSAGE][PASSED] - Object '' is present

2020-07-22 16:41:13 - [MESSAGE][PASSED] - Object '' is not checked

2020-07-22 16:41:14 - [MESSAGE][PASSED] - Object '' is present

2020-07-22 16:41:14 - [MESSAGE][PASSED] - Object: '' is clicked on

2020-07-22 16:41:15 - [MESSAGE][PASSED] - Object '' is present

2020-07-22 16:41:15 - [MESSAGE][PASSED] - Object '' is not checked

2020-07-22 16:41:15 - [MESSAGE][PASSED] - Object '' is present

2020-07-22 16:41:15 - [MESSAGE][PASSED] - Object '' is not checked

2020-07-22 16:41:16 - [MESSAGE][PASSED] - Object '' is present

2020-07-22 16:41:16 - [MESSAGE][PASSED] - Object '' is not checked

2020-07-22 16:41:16 - [MESSAGE][PASSED] - Object '' is present

2020-07-22 16:41:16 - [MESSAGE][PASSED] - Object '' is not checked

2020-07-22 16:41:17 - [MESSAGE][PASSED] - Object '' is present

2020-07-22 16:41:17 - [MESSAGE][PASSED] - Object '' is not checked

2020-07-22 16:41:17 - [MESSAGE][PASSED] - Object '' is present

2020-07-22 16:41:18 - [MESSAGE][PASSED] - Object '' is not checked

2020-07-22 16:41:18 - [MESSAGE][PASSED] - Object '' is present

2020-07-22 16:41:18 - [MESSAGE][PASSED] - Object '' is not checked

2020-07-22 16:41:18 - [MESSAGE][PASSED] - Object '' is present

2020-07-22 16:41:19 - [MESSAGE][PASSED] - Object: '' is clicked on

2020-07-22 16:41:19 - [MESSAGE][PASSED] - Object '' is present

2020-07-22 16:41:20 - [MESSAGE][PASSED] - Object '' is not checked

2020-07-22 16:41:20 - [MESSAGE][PASSED] - Object '' is present

2020-07-22 16:41:20 - [MESSAGE][PASSED] - Object '' is not checked

2020-07-22 16:41:20 - [MESSAGE][PASSED] - Object '' is present

2020-07-22 16:41:20 - [MESSAGE][PASSED] - Object '' is not checked

2020-07-22 16:41:21 - [MESSAGE][PASSED] - Object '' is present

2020-07-22 16:41:21 - [MESSAGE][PASSED] - Object '' is not checked

2020-07-22 16:41:21 - [MESSAGE][PASSED] - Object '' is present

2020-07-22 16:41:22 - [MESSAGE][PASSED] - Object: '' is clicked on

2020-07-22 16:41:22 - [MESSAGE][PASSED] - Object '' is present

2020-07-22 16:41:22 - [MESSAGE][PASSED] - Object '' is not checked

2020-07-22 16:41:23 - [MESSAGE][PASSED] - Object '' is present

2020-07-22 16:41:23 - [MESSAGE][PASSED] - Object '' is not checked

2020-07-22 16:41:23 - [MESSAGE][PASSED] - Object '' is present

2020-07-22 16:41:24 - [MESSAGE][PASSED] - Object '' is not checked

2020-07-22 16:41:24 - [MESSAGE][PASSED] - Object '' is present

2020-07-22 16:41:24 - [MESSAGE][PASSED] - Object: '' is clicked on

2020-07-22 16:41:25 - [MESSAGE][PASSED] - Object '' is present

2020-07-22 16:41:25 - [MESSAGE][PASSED] - Object '' is not checked

2020-07-22 16:41:25 - [MESSAGE][PASSED] - Object '' is present

2020-07-22 16:41:25 - [MESSAGE][PASSED] - Object '' is not checked

2020-07-22 16:41:26 - [MESSAGE][PASSED] - Object '' is present

2020-07-22 16:41:26 - [MESSAGE][PASSED] - Object '' is not checked

2020-07-22 16:41:26 - [MESSAGE][PASSED] - Object '' is present

2020-07-22 16:41:27 - [MESSAGE][PASSED] - Object: '' is clicked on

2020-07-22 16:41:27 - [MESSAGE][PASSED] - Object '' is present

2020-07-22 16:41:27 - [MESSAGE][PASSED] - Object '' is not checked

2020-07-22 16:41:28 - [MESSAGE][PASSED] - Object '' is present

2020-07-22 16:41:28 - [MESSAGE][PASSED] - Object '' is not checked

2020-07-22 16:41:28 - [MESSAGE][PASSED] - Object '' is present

2020-07-22 16:41:29 - [MESSAGE][PASSED] - Object '' is not checked

2020-07-22 16:41:29 - [MESSAGE][PASSED] - Object '' is present

2020-07-22 16:41:29 - [MESSAGE][PASSED] - Object '' is not checked

2020-07-22 16:41:29 - [MESSAGE][PASSED] - Object '' is present

2020-07-22 16:41:30 - [MESSAGE][PASSED] - Object: '' is clicked on

2020-07-22 16:41:30 - [MESSAGE][PASSED] - Object '' is present

2020-07-22 16:41:30 - [MESSAGE][PASSED] - Object '' is not checked

2020-07-22 16:41:31 - [MESSAGE][PASSED] - Object '' is present

2020-07-22 16:41:31 - [MESSAGE][PASSED] - Object '' is not checked

2020-07-22 16:41:31 - [MESSAGE][PASSED] - Object '' is present

2020-07-22 16:41:31 - [MESSAGE][PASSED] - Object '' is not checked

2020-07-22 16:41:32 - [MESSAGE][PASSED] - Object '' is present

2020-07-22 16:41:32 - [MESSAGE][PASSED] - Object '' is not checked

2020-07-22 16:41:32 - [MESSAGE][PASSED] - Object '' is present

2020-07-22 16:41:32 - [MESSAGE][PASSED] - Object '' is not checked

2020-07-22 16:41:33 - [MESSAGE][PASSED] - Object '' is present

2020-07-22 16:41:33 - [MESSAGE][PASSED] - Object '' is not checked

2020-07-22 16:41:33 - [MESSAGE][PASSED] - Object '' is present

2020-07-22 16:41:33 - [MESSAGE][PASSED] - Object '' is not checked

2020-07-22 16:41:34 - [MESSAGE][PASSED] - Object '' is present

2020-07-22 16:41:34 - [MESSAGE][PASSED] - Object: '' is clicked on

2020-07-22 16:41:34 - [MESSAGE][PASSED] - Object '' is present

2020-07-22 16:41:35 - [MESSAGE][PASSED] - Object '' is not checked

2020-07-22 16:41:35 - [MESSAGE][PASSED] - Object '' is present

2020-07-22 16:41:35 - [MESSAGE][PASSED] - Object '' is not checked

2020-07-22 16:41:36 - [MESSAGE][PASSED] - Object '' is present

2020-07-22 16:41:36 - [MESSAGE][PASSED] - Object '' is not checked

2020-07-22 16:41:36 - [MESSAGE][PASSED] - Object '' is present

2020-07-22 16:41:37 - [MESSAGE][PASSED] - Object '' is not checked

2020-07-22 16:41:37 - [MESSAGE][PASSED] - Object '' is present

2020-07-22 16:41:37 - [MESSAGE][PASSED] - Object '' is not checked

2020-07-22 16:41:38 - [MESSAGE][PASSED] - Object '' is present

2020-07-22 16:41:38 - [MESSAGE][PASSED] - Object '' is not checked

2020-07-22 16:41:38 - [MESSAGE][PASSED] - Object '' is present

2020-07-22 16:41:38 - [MESSAGE][PASSED] - Object '' is not checked

2020-07-22 16:41:39 - [MESSAGE][PASSED] - Object: '' is clicked on

2020-07-22 16:41:39 - [MESSAGE][PASSED] - Object: '' is clicked on

2020-07-22 16:41:39 - [MESSAGE][PASSED] - Object: '' is clicked on

2020-07-22 16:41:39 - [MESSAGE][PASSED] - Object '' is present

2020-07-22 16:41:40 - [MESSAGE][PASSED] - Object: '' is clicked on

2020-07-22 16:41:40 - [MESSAGE][PASSED] - Object '' is present

2020-07-22 16:41:40 - [MESSAGE][PASSED] - Object '' is not checked

2020-07-22 16:41:41 - [MESSAGE][PASSED] - Object '' is present

2020-07-22 16:41:41 - [MESSAGE][PASSED] - Object '' is not checked

2020-07-22 16:41:41 - [MESSAGE][PASSED] - Object '' is present

2020-07-22 16:41:41 - [MESSAGE][PASSED] - Object: '' is clicked on

2020-07-22 16:41:42 - [MESSAGE][PASSED] - Object '' is present

2020-07-22 16:41:42 - [MESSAGE][PASSED] - Object '' is not checked

2020-07-22 16:41:42 - [MESSAGE][PASSED] - Object '' is present

2020-07-22 16:41:43 - [MESSAGE][PASSED] - Object '' is not checked

2020-07-22 16:41:43 - [MESSAGE][PASSED] - Object '' is present

2020-07-22 16:41:43 - [MESSAGE][PASSED] - Object '' is not checked

2020-07-22 16:41:43 - [MESSAGE][PASSED] - Object '' is present

2020-07-22 16:41:44 - [MESSAGE][PASSED] - Object '' is not checked

2020-07-22 16:41:44 - [MESSAGE][PASSED] - Object '' is present

2020-07-22 16:41:44 - [MESSAGE][PASSED] - Object: '' is clicked on

2020-07-22 16:41:45 - [MESSAGE][PASSED] - Object '' is present

2020-07-22 16:41:45 - [MESSAGE][PASSED] - Object '' is not checked

2020-07-22 16:41:45 - [MESSAGE][PASSED] - Object '' is present

2020-07-22 16:41:45 - [MESSAGE][PASSED] - Object '' is not checked

2020-07-22 16:41:46 - [MESSAGE][PASSED] - Object '' is present

2020-07-22 16:41:46 - [MESSAGE][PASSED] - Object '' is not checked

2020-07-22 16:41:46 - [MESSAGE][PASSED] - Object '' is present

2020-07-22 16:41:47 - [MESSAGE][PASSED] - Object '' is not checked

2020-07-22 16:41:47 - [MESSAGE][PASSED] - Object '' is present

2020-07-22 16:41:47 - [MESSAGE][PASSED] - Object '' is not checked

2020-07-22 16:41:47 - [MESSAGE][PASSED] - Object: '' is clicked on

2020-07-22 16:41:48 - [MESSAGE][PASSED] - Object: '' is clicked on

2020-07-22 16:41:48 - [MESSAGE][PASSED] - Object: '' is clicked on

2020-07-22 16:41:48 - [MESSAGE][PASSED] - Varify the mistake detail already match with the matrix Base on Type Contract

2020-07-22 16:41:48 - [TEST_STEP][PASSED] - Click on Tab "KTP": Click on Tab "KTP"

2020-07-22 16:41:48 - [MESSAGE][PASSED] - Object '' is present

2020-07-22 16:41:48 - [MESSAGE][PASSED] - Object: '' is clicked on

2020-07-22 16:41:48 - [MESSAGE][PASSED] - Click on Tab "KTP"

2020-07-22 16:41:48 - [TEST_STEP][PASSED] - Checkbox General Mistake "20. KTP atau Resi - Alamat tetap pemohon pada sistem (HoS) berbeda dengan KTP": Checkbox General Mistake "20. KTP atau Resi - Alamat tetap pemohon pada sistem (HoS) berbeda dengan KTP"

2020-07-22 16:41:49 - [MESSAGE][PASSED] - Object: '' is clicked on

2020-07-22 16:41:49 - [MESSAGE][PASSED] - Wait for page load successfully

2020-07-22 16:41:49 - [MESSAGE][PASSED] - Checkbox General Mistake "20. KTP atau Resi - Alamat tetap pemohon pada sistem (HoS) berbeda dengan KTP"

2020-07-22 16:41:49 - [TEST_STEP][FAILED] - Choose Dropdown mistake type "Upload Dokumen" from mistake name "KTP Foto Komponen Tidak Ada": Choose Dropdown mistake type "Upload Dokumen" from mistake name "KTP Foto Komponen Tidak Ada" FAILED.
Reason:
com.kms.katalon.core.exception.StepFailedException: Unable to select option by index '1' of object ''
	at com.kms.katalon.core.webui.keyword.internal.WebUIKeywordMain.stepFailed(WebUIKeywordMain.groovy:64)
	at com.kms.katalon.core.webui.keyword.internal.WebUIKeywordMain.runKeyword(WebUIKeywordMain.groovy:26)
	at com.kms.katalon.core.webui.keyword.builtin.SelectOptionByIndexKeyword.selectOptionByIndex(SelectOptionByIndexKeyword.groovy:93)
	at com.kms.katalon.core.webui.keyword.builtin.SelectOptionByIndexKeyword.execute(SelectOptionByIndexKeyword.groovy:68)
	at com.kms.katalon.core.keyword.internal.KeywordExecutor.executeKeywordForPlatform(KeywordExecutor.groovy:73)
	at com.kms.katalon.core.webui.keyword.WebUiBuiltInKeywords.selectOptionByIndex(WebUiBuiltInKeywords.groovy:1129)
	at com.kms.katalon.core.webui.keyword.WebUiBuiltInKeywords$selectOptionByIndex$11.call(Unknown Source)
	at ist_real.Contract_Dispatcher.Dropdown_mistaketypefrommistakename(Contract_Dispatcher.groovy:948)
	at ✽.Choose Dropdown mistake type "Upload Dokumen" from mistake name "KTP Foto Komponen Tidak Ada"(/Users/chaidir.pratama01/Katalon Studio/IST_Automation_Git/Include/features/IST_Real/CONTRACT_DISPATCHER_TWO_WHEELERS/DEV/Pick_Mistake_Without_Write_Textarea_Note_Before.feature:50)
Caused by: java.lang.IndexOutOfBoundsException: Index: 0, Size: 0
	at com.kms.katalon.core.webui.common.WebUiCommonHelper.buildLocator(WebUiCommonHelper.java:519)
	at com.kms.katalon.core.webui.common.WebUiCommonHelper.findElementByNormalMethods(WebUiCommonHelper.java:985)
	at com.kms.katalon.core.webui.common.WebUiCommonHelper.findElementsBySelectedMethod(WebUiCommonHelper.java:894)
	at com.kms.katalon.core.webui.common.WebUiCommonHelper.findElementsWithSelfHealing(WebUiCommonHelper.java:791)
	at com.kms.katalon.core.webui.common.WebUiCommonHelper.findWebElements(WebUiCommonHelper.java:717)
	at com.kms.katalon.core.webui.common.WebUiCommonHelper.findWebElement(WebUiCommonHelper.java:1349)
	at com.kms.katalon.core.webui.keyword.internal.WebUIAbstractKeyword.findWebElement(WebUIAbstractKeyword.groovy:27)
	at com.kms.katalon.core.webui.keyword.internal.WebUIAbstractKeyword.findWebElement(WebUIAbstractKeyword.groovy:26)
	at com.kms.katalon.core.webui.keyword.builtin.SelectOptionByIndexKeyword$_selectOptionByIndex_closure1.doCall(SelectOptionByIndexKeyword.groovy:84)
	at com.kms.katalon.core.webui.keyword.builtin.SelectOptionByIndexKeyword$_selectOptionByIndex_closure1.call(SelectOptionByIndexKeyword.groovy)
	at com.kms.katalon.core.webui.keyword.internal.WebUIKeywordMain.runKeyword(WebUIKeywordMain.groovy:20)
	at com.kms.katalon.core.webui.keyword.builtin.SelectOptionByIndexKeyword.selectOptionByIndex(SelectOptionByIndexKeyword.groovy:93)
	at com.kms.katalon.core.webui.keyword.builtin.SelectOptionByIndexKeyword.execute(SelectOptionByIndexKeyword.groovy:68)
	at com.kms.katalon.core.keyword.internal.KeywordExecutor.executeKeywordForPlatform(KeywordExecutor.groovy:73)
	at com.kms.katalon.core.webui.keyword.WebUiBuiltInKeywords.selectOptionByIndex(WebUiBuiltInKeywords.groovy:1129)
	at com.kms.katalon.core.webui.keyword.WebUiBuiltInKeywords$selectOptionByIndex$11.call(Unknown Source)
	at ist_real.Contract_Dispatcher.Dropdown_mistaketypefrommistakename(Contract_Dispatcher.groovy:948)
	at cucumber.runtime.Utils$1.call(Utils.java:26)
	at cucumber.runtime.Timeout.timeout(Timeout.java:16)
	at cucumber.runtime.Utils.invoke(Utils.java:20)
	at cucumber.runtime.java.JavaStepDefinition.execute(JavaStepDefinition.java:48)
	at cucumber.runtime.PickleStepDefinitionMatch.runStep(PickleStepDefinitionMatch.java:50)
	at cucumber.runner.TestStep.executeStep(TestStep.java:55)
	at cucumber.runner.TestStep.run(TestStep.java:42)
	at cucumber.runner.PickleStepTestStep.run(PickleStepTestStep.java:53)
	at cucumber.runner.TestCase.run(TestCase.java:47)
	at cucumber.runner.Runner.runPickle(Runner.java:44)
	at cucumber.runtime.Runtime.runFeature(Runtime.java:120)
	at cucumber.runtime.Runtime.run(Runtime.java:106)
	at cucumber.api.cli.Main.run(Main.java:35)
	at cucumber.api.cli.Main$run.call(Unknown Source)
	at com.kms.katalon.core.cucumber.keyword.CucumberBuiltinKeywords$_runFeatureFile_closure1.doCall(CucumberBuiltinKeywords.groovy:76)
	at com.kms.katalon.core.cucumber.keyword.CucumberBuiltinKeywords$_runFeatureFile_closure1.doCall(CucumberBuiltinKeywords.groovy)
	at com.kms.katalon.core.keyword.internal.KeywordMain.runKeyword(KeywordMain.groovy:68)
	at com.kms.katalon.core.keyword.internal.KeywordMain$runKeyword.call(Unknown Source)
	at com.kms.katalon.core.cucumber.keyword.CucumberBuiltinKeywords.runFeatureFile(CucumberBuiltinKeywords.groovy:46)
	at com.kms.katalon.core.cucumber.keyword.CucumberBuiltinKeywords$runFeatureFile$0.callStatic(Unknown Source)
	at com.kms.katalon.core.cucumber.keyword.CucumberBuiltinKeywords.runFeatureFile(CucumberBuiltinKeywords.groovy:169)
	at com.kms.katalon.core.cucumber.keyword.CucumberBuiltinKeywords$runFeatureFile.call(Unknown Source)
	at Pick_Mistake_Without_Write_Textarea_Note_Before.run(Pick_Mistake_Without_Write_Textarea_Note_Before:16)
	at com.kms.katalon.core.main.ScriptEngine.run(ScriptEngine.java:194)
	at com.kms.katalon.core.main.ScriptEngine.runScriptAsRawText(ScriptEngine.java:119)
	at com.kms.katalon.core.main.TestCaseExecutor.runScript(TestCaseExecutor.java:339)
	at com.kms.katalon.core.main.TestCaseExecutor.doExecute(TestCaseExecutor.java:330)
	at com.kms.katalon.core.main.TestCaseExecutor.processExecutionPhase(TestCaseExecutor.java:309)
	at com.kms.katalon.core.main.TestCaseExecutor.accessMainPhase(TestCaseExecutor.java:301)
	at com.kms.katalon.core.main.TestCaseExecutor.execute(TestCaseExecutor.java:235)
	at com.kms.katalon.core.main.TestSuiteExecutor.accessTestCaseMainPhase(TestSuiteExecutor.java:191)
	at com.kms.katalon.core.main.TestSuiteExecutor.accessTestSuiteMainPhase(TestSuiteExecutor.java:141)
	at com.kms.katalon.core.main.TestSuiteExecutor.execute(TestSuiteExecutor.java:90)
	at com.kms.katalon.core.main.TestCaseMain.startTestSuite(TestCaseMain.java:157)
	at com.kms.katalon.core.main.TestCaseMain$startTestSuite$0.call(Unknown Source)
	at TempTestSuite1595410390420.run(TempTestSuite1595410390420.groovy:39)


2020-07-22 16:42:20 - [MESSAGE][INFO] - Unable to find the element located by 'By.xpath: //td[@style='text-align:left;' and @class='z-row-inner']/div/span[contains(text(),'KTP Foto Komponen Tidak Ada')]/../../following-sibling::td/div/select'. Please recheck the objects properties to make sure the desired element is located. 

2020-07-22 16:42:20 - [MESSAGE][WARNING] - [SELF-HEALING] Failed to find element with id ''. Try using Self-healing.

2020-07-22 16:42:20 - [MESSAGE][FAILED] - Unable to select option by index '1' of object '' (Root cause: com.kms.katalon.core.exception.StepFailedException: Unable to select option by index '1' of object ''
	at com.kms.katalon.core.webui.keyword.internal.WebUIKeywordMain.stepFailed(WebUIKeywordMain.groovy:64)
	at com.kms.katalon.core.webui.keyword.internal.WebUIKeywordMain.runKeyword(WebUIKeywordMain.groovy:26)
	at com.kms.katalon.core.webui.keyword.builtin.SelectOptionByIndexKeyword.selectOptionByIndex(SelectOptionByIndexKeyword.groovy:93)
	at com.kms.katalon.core.webui.keyword.builtin.SelectOptionByIndexKeyword.execute(SelectOptionByIndexKeyword.groovy:68)
	at com.kms.katalon.core.keyword.internal.KeywordExecutor.executeKeywordForPlatform(KeywordExecutor.groovy:73)
	at com.kms.katalon.core.webui.keyword.WebUiBuiltInKeywords.selectOptionByIndex(WebUiBuiltInKeywords.groovy:1129)
	at com.kms.katalon.core.webui.keyword.WebUiBuiltInKeywords$selectOptionByIndex$11.call(Unknown Source)
	at ist_real.Contract_Dispatcher.Dropdown_mistaketypefrommistakename(Contract_Dispatcher.groovy:948)
	at cucumber.runtime.Utils$1.call(Utils.java:26)
	at cucumber.runtime.Timeout.timeout(Timeout.java:16)
	at cucumber.runtime.Utils.invoke(Utils.java:20)
	at cucumber.runtime.java.JavaStepDefinition.execute(JavaStepDefinition.java:48)
	at cucumber.runtime.PickleStepDefinitionMatch.runStep(PickleStepDefinitionMatch.java:50)
	at cucumber.runner.TestStep.executeStep(TestStep.java:55)
	at cucumber.runner.TestStep.run(TestStep.java:42)
	at cucumber.runner.PickleStepTestStep.run(PickleStepTestStep.java:53)
	at cucumber.runner.TestCase.run(TestCase.java:47)
	at cucumber.runner.Runner.runPickle(Runner.java:44)
	at cucumber.runtime.Runtime.runFeature(Runtime.java:120)
	at cucumber.runtime.Runtime.run(Runtime.java:106)
	at cucumber.api.cli.Main.run(Main.java:35)
	at cucumber.api.cli.Main$run.call(Unknown Source)
	at com.kms.katalon.core.cucumber.keyword.CucumberBuiltinKeywords$_runFeatureFile_closure1.doCall(CucumberBuiltinKeywords.groovy:76)
	at com.kms.katalon.core.cucumber.keyword.CucumberBuiltinKeywords$_runFeatureFile_closure1.doCall(CucumberBuiltinKeywords.groovy)
	at com.kms.katalon.core.keyword.internal.KeywordMain.runKeyword(KeywordMain.groovy:68)
	at com.kms.katalon.core.keyword.internal.KeywordMain$runKeyword.call(Unknown Source)
	at com.kms.katalon.core.cucumber.keyword.CucumberBuiltinKeywords.runFeatureFile(CucumberBuiltinKeywords.groovy:46)
	at com.kms.katalon.core.cucumber.keyword.CucumberBuiltinKeywords$runFeatureFile$0.callStatic(Unknown Source)
	at com.kms.katalon.core.cucumber.keyword.CucumberBuiltinKeywords.runFeatureFile(CucumberBuiltinKeywords.groovy:169)
	at com.kms.katalon.core.cucumber.keyword.CucumberBuiltinKeywords$runFeatureFile.call(Unknown Source)
	at Pick_Mistake_Without_Write_Textarea_Note_Before.run(Pick_Mistake_Without_Write_Textarea_Note_Before:16)
	at com.kms.katalon.core.main.ScriptEngine.run(ScriptEngine.java:194)
	at com.kms.katalon.core.main.ScriptEngine.runScriptAsRawText(ScriptEngine.java:119)
	at com.kms.katalon.core.main.TestCaseExecutor.runScript(TestCaseExecutor.java:339)
	at com.kms.katalon.core.main.TestCaseExecutor.doExecute(TestCaseExecutor.java:330)
	at com.kms.katalon.core.main.TestCaseExecutor.processExecutionPhase(TestCaseExecutor.java:309)
	at com.kms.katalon.core.main.TestCaseExecutor.accessMainPhase(TestCaseExecutor.java:301)
	at com.kms.katalon.core.main.TestCaseExecutor.execute(TestCaseExecutor.java:235)
	at com.kms.katalon.core.main.TestSuiteExecutor.accessTestCaseMainPhase(TestSuiteExecutor.java:191)
	at com.kms.katalon.core.main.TestSuiteExecutor.accessTestSuiteMainPhase(TestSuiteExecutor.java:141)
	at com.kms.katalon.core.main.TestSuiteExecutor.execute(TestSuiteExecutor.java:90)
	at com.kms.katalon.core.main.TestCaseMain.startTestSuite(TestCaseMain.java:157)
	at com.kms.katalon.core.main.TestCaseMain$startTestSuite$0.call(Unknown Source)
	at TempTestSuite1595410390420.run(TempTestSuite1595410390420.groovy:39)
Caused by: java.lang.IndexOutOfBoundsException: Index: 0, Size: 0
	at com.kms.katalon.core.webui.common.WebUiCommonHelper.buildLocator(WebUiCommonHelper.java:519)
	at com.kms.katalon.core.webui.common.WebUiCommonHelper.findElementByNormalMethods(WebUiCommonHelper.java:985)
	at com.kms.katalon.core.webui.common.WebUiCommonHelper.findElementsBySelectedMethod(WebUiCommonHelper.java:894)
	at com.kms.katalon.core.webui.common.WebUiCommonHelper.findElementsWithSelfHealing(WebUiCommonHelper.java:791)
	at com.kms.katalon.core.webui.common.WebUiCommonHelper.findWebElements(WebUiCommonHelper.java:717)
	at com.kms.katalon.core.webui.common.WebUiCommonHelper.findWebElement(WebUiCommonHelper.java:1349)
	at com.kms.katalon.core.webui.keyword.internal.WebUIAbstractKeyword.findWebElement(WebUIAbstractKeyword.groovy:27)
	at com.kms.katalon.core.webui.keyword.internal.WebUIAbstractKeyword.findWebElement(WebUIAbstractKeyword.groovy:26)
	at com.kms.katalon.core.webui.keyword.builtin.SelectOptionByIndexKeyword$_selectOptionByIndex_closure1.doCall(SelectOptionByIndexKeyword.groovy:84)
	at com.kms.katalon.core.webui.keyword.builtin.SelectOptionByIndexKeyword$_selectOptionByIndex_closure1.call(SelectOptionByIndexKeyword.groovy)
	at com.kms.katalon.core.webui.keyword.internal.WebUIKeywordMain.runKeyword(WebUIKeywordMain.groovy:20)
	at com.kms.katalon.core.webui.keyword.builtin.SelectOptionByIndexKeyword.selectOptionByIndex(SelectOptionByIndexKeyword.groovy:93)
	at com.kms.katalon.core.webui.keyword.builtin.SelectOptionByIndexKeyword.execute(SelectOptionByIndexKeyword.groovy:68)
	at com.kms.katalon.core.keyword.internal.KeywordExecutor.executeKeywordForPlatform(KeywordExecutor.groovy:73)
	at com.kms.katalon.core.webui.keyword.WebUiBuiltInKeywords.selectOptionByIndex(WebUiBuiltInKeywords.groovy:1129)
	at com.kms.katalon.core.webui.keyword.WebUiBuiltInKeywords$selectOptionByIndex$11.call(Unknown Source)
	at ist_real.Contract_Dispatcher.Dropdown_mistaketypefrommistakename(Contract_Dispatcher.groovy:948)
	at cucumber.runtime.Utils$1.call(Utils.java:26)
	at cucumber.runtime.Timeout.timeout(Timeout.java:16)
	at cucumber.runtime.Utils.invoke(Utils.java:20)
	at cucumber.runtime.java.JavaStepDefinition.execute(JavaStepDefinition.java:48)
	at cucumber.runtime.PickleStepDefinitionMatch.runStep(PickleStepDefinitionMatch.java:50)
	at cucumber.runner.TestStep.executeStep(TestStep.java:55)
	at cucumber.runner.TestStep.run(TestStep.java:42)
	at cucumber.runner.PickleStepTestStep.run(PickleStepTestStep.java:53)
	at cucumber.runner.TestCase.run(TestCase.java:47)
	at cucumber.runner.Runner.runPickle(Runner.java:44)
	at cucumber.runtime.Runtime.runFeature(Runtime.java:120)
	at cucumber.runtime.Runtime.run(Runtime.java:106)
	at cucumber.api.cli.Main.run(Main.java:35)
	at cucumber.api.cli.Main$run.call(Unknown Source)
	at com.kms.katalon.core.cucumber.keyword.CucumberBuiltinKeywords$_runFeatureFile_closure1.doCall(CucumberBuiltinKeywords.groovy:76)
	at com.kms.katalon.core.cucumber.keyword.CucumberBuiltinKeywords$_runFeatureFile_closure1.doCall(CucumberBuiltinKeywords.groovy)
	at com.kms.katalon.core.keyword.internal.KeywordMain.runKeyword(KeywordMain.groovy:68)
	at com.kms.katalon.core.keyword.internal.KeywordMain$runKeyword.call(Unknown Source)
	at com.kms.katalon.core.cucumber.keyword.CucumberBuiltinKeywords.runFeatureFile(CucumberBuiltinKeywords.groovy:46)
	at com.kms.katalon.core.cucumber.keyword.CucumberBuiltinKeywords$runFeatureFile$0.callStatic(Unknown Source)
	at com.kms.katalon.core.cucumber.keyword.CucumberBuiltinKeywords.runFeatureFile(CucumberBuiltinKeywords.groovy:169)
	at com.kms.katalon.core.cucumber.keyword.CucumberBuiltinKeywords$runFeatureFile.call(Unknown Source)
	at Script1582710935168.run(Script1582710935168.groovy:16)
	... 13 more
)
[[ATTACHMENT|/Users/chaidir.pratama01/Katalon Studio/IST_Automation_Git/Reports/20200722_163310/CONTRACT_DISPATCHER_TWO_WHEELERS/DEV/TS_Contract_Dispatcher_Two_Wheelers/20200722_163310/1595410940337.png]]

2020-07-22 16:42:20 - [MESSAGE][FAILED] - Choose Dropdown mistake type "Upload Dokumen" from mistake name "KTP Foto Komponen Tidak Ada" FAILED.
Reason:
com.kms.katalon.core.exception.StepFailedException: Unable to select option by index '1' of object ''
	at com.kms.katalon.core.webui.keyword.internal.WebUIKeywordMain.stepFailed(WebUIKeywordMain.groovy:64)
	at com.kms.katalon.core.webui.keyword.internal.WebUIKeywordMain.runKeyword(WebUIKeywordMain.groovy:26)
	at com.kms.katalon.core.webui.keyword.builtin.SelectOptionByIndexKeyword.selectOptionByIndex(SelectOptionByIndexKeyword.groovy:93)
	at com.kms.katalon.core.webui.keyword.builtin.SelectOptionByIndexKeyword.execute(SelectOptionByIndexKeyword.groovy:68)
	at com.kms.katalon.core.keyword.internal.KeywordExecutor.executeKeywordForPlatform(KeywordExecutor.groovy:73)
	at com.kms.katalon.core.webui.keyword.WebUiBuiltInKeywords.selectOptionByIndex(WebUiBuiltInKeywords.groovy:1129)
	at com.kms.katalon.core.webui.keyword.WebUiBuiltInKeywords$selectOptionByIndex$11.call(Unknown Source)
	at ist_real.Contract_Dispatcher.Dropdown_mistaketypefrommistakename(Contract_Dispatcher.groovy:948)
	at ✽.Choose Dropdown mistake type "Upload Dokumen" from mistake name "KTP Foto Komponen Tidak Ada"(/Users/chaidir.pratama01/Katalon Studio/IST_Automation_Git/Include/features/IST_Real/CONTRACT_DISPATCHER_TWO_WHEELERS/DEV/Pick_Mistake_Without_Write_Textarea_Note_Before.feature:50)
Caused by: java.lang.IndexOutOfBoundsException: Index: 0, Size: 0
	at com.kms.katalon.core.webui.common.WebUiCommonHelper.buildLocator(WebUiCommonHelper.java:519)
	at com.kms.katalon.core.webui.common.WebUiCommonHelper.findElementByNormalMethods(WebUiCommonHelper.java:985)
	at com.kms.katalon.core.webui.common.WebUiCommonHelper.findElementsBySelectedMethod(WebUiCommonHelper.java:894)
	at com.kms.katalon.core.webui.common.WebUiCommonHelper.findElementsWithSelfHealing(WebUiCommonHelper.java:791)
	at com.kms.katalon.core.webui.common.WebUiCommonHelper.findWebElements(WebUiCommonHelper.java:717)
	at com.kms.katalon.core.webui.common.WebUiCommonHelper.findWebElement(WebUiCommonHelper.java:1349)
	at com.kms.katalon.core.webui.keyword.internal.WebUIAbstractKeyword.findWebElement(WebUIAbstractKeyword.groovy:27)
	at com.kms.katalon.core.webui.keyword.internal.WebUIAbstractKeyword.findWebElement(WebUIAbstractKeyword.groovy:26)
	at com.kms.katalon.core.webui.keyword.builtin.SelectOptionByIndexKeyword$_selectOptionByIndex_closure1.doCall(SelectOptionByIndexKeyword.groovy:84)
	at com.kms.katalon.core.webui.keyword.builtin.SelectOptionByIndexKeyword$_selectOptionByIndex_closure1.call(SelectOptionByIndexKeyword.groovy)
	at com.kms.katalon.core.webui.keyword.internal.WebUIKeywordMain.runKeyword(WebUIKeywordMain.groovy:20)
	at com.kms.katalon.core.webui.keyword.builtin.SelectOptionByIndexKeyword.selectOptionByIndex(SelectOptionByIndexKeyword.groovy:93)
	at com.kms.katalon.core.webui.keyword.builtin.SelectOptionByIndexKeyword.execute(SelectOptionByIndexKeyword.groovy:68)
	at com.kms.katalon.core.keyword.internal.KeywordExecutor.executeKeywordForPlatform(KeywordExecutor.groovy:73)
	at com.kms.katalon.core.webui.keyword.WebUiBuiltInKeywords.selectOptionByIndex(WebUiBuiltInKeywords.groovy:1129)
	at com.kms.katalon.core.webui.keyword.WebUiBuiltInKeywords$selectOptionByIndex$11.call(Unknown Source)
	at ist_real.Contract_Dispatcher.Dropdown_mistaketypefrommistakename(Contract_Dispatcher.groovy:948)
	at cucumber.runtime.Utils$1.call(Utils.java:26)
	at cucumber.runtime.Timeout.timeout(Timeout.java:16)
	at cucumber.runtime.Utils.invoke(Utils.java:20)
	at cucumber.runtime.java.JavaStepDefinition.execute(JavaStepDefinition.java:48)
	at cucumber.runtime.PickleStepDefinitionMatch.runStep(PickleStepDefinitionMatch.java:50)
	at cucumber.runner.TestStep.executeStep(TestStep.java:55)
	at cucumber.runner.TestStep.run(TestStep.java:42)
	at cucumber.runner.PickleStepTestStep.run(PickleStepTestStep.java:53)
	at cucumber.runner.TestCase.run(TestCase.java:47)
	at cucumber.runner.Runner.runPickle(Runner.java:44)
	at cucumber.runtime.Runtime.runFeature(Runtime.java:120)
	at cucumber.runtime.Runtime.run(Runtime.java:106)
	at cucumber.api.cli.Main.run(Main.java:35)
	at cucumber.api.cli.Main$run.call(Unknown Source)
	at com.kms.katalon.core.cucumber.keyword.CucumberBuiltinKeywords$_runFeatureFile_closure1.doCall(CucumberBuiltinKeywords.groovy:76)
	at com.kms.katalon.core.cucumber.keyword.CucumberBuiltinKeywords$_runFeatureFile_closure1.doCall(CucumberBuiltinKeywords.groovy)
	at com.kms.katalon.core.keyword.internal.KeywordMain.runKeyword(KeywordMain.groovy:68)
	at com.kms.katalon.core.keyword.internal.KeywordMain$runKeyword.call(Unknown Source)
	at com.kms.katalon.core.cucumber.keyword.CucumberBuiltinKeywords.runFeatureFile(CucumberBuiltinKeywords.groovy:46)
	at com.kms.katalon.core.cucumber.keyword.CucumberBuiltinKeywords$runFeatureFile$0.callStatic(Unknown Source)
	at com.kms.katalon.core.cucumber.keyword.CucumberBuiltinKeywords.runFeatureFile(CucumberBuiltinKeywords.groovy:169)
	at com.kms.katalon.core.cucumber.keyword.CucumberBuiltinKeywords$runFeatureFile.call(Unknown Source)
	at Pick_Mistake_Without_Write_Textarea_Note_Before.run(Pick_Mistake_Without_Write_Textarea_Note_Before:16)
	at com.kms.katalon.core.main.ScriptEngine.run(ScriptEngine.java:194)
	at com.kms.katalon.core.main.ScriptEngine.runScriptAsRawText(ScriptEngine.java:119)
	at com.kms.katalon.core.main.TestCaseExecutor.runScript(TestCaseExecutor.java:339)
	at com.kms.katalon.core.main.TestCaseExecutor.doExecute(TestCaseExecutor.java:330)
	at com.kms.katalon.core.main.TestCaseExecutor.processExecutionPhase(TestCaseExecutor.java:309)
	at com.kms.katalon.core.main.TestCaseExecutor.accessMainPhase(TestCaseExecutor.java:301)
	at com.kms.katalon.core.main.TestCaseExecutor.execute(TestCaseExecutor.java:235)
	at com.kms.katalon.core.main.TestSuiteExecutor.accessTestCaseMainPhase(TestSuiteExecutor.java:191)
	at com.kms.katalon.core.main.TestSuiteExecutor.accessTestSuiteMainPhase(TestSuiteExecutor.java:141)
	at com.kms.katalon.core.main.TestSuiteExecutor.execute(TestSuiteExecutor.java:90)
	at com.kms.katalon.core.main.TestCaseMain.startTestSuite(TestCaseMain.java:157)
	at com.kms.katalon.core.main.TestCaseMain$startTestSuite$0.call(Unknown Source)
	at TempTestSuite1595410390420.run(TempTestSuite1595410390420.groovy:39)


2020-07-22 16:42:20 - [TEST_STEP][NOT_RUN] - Click button "Save": Click button "Save"

2020-07-22 16:42:20 - [MESSAGE][NOT_RUN] - Click button "Save"

2020-07-22 16:42:20 - [TEST_STEP][NOT_RUN] - Get text from pop up "IT Supporting Tools" with text "Note-before cannot be empty": Get text from pop up "IT Supporting Tools" with text "Note-before cannot be empty"

2020-07-22 16:42:20 - [MESSAGE][NOT_RUN] - Get text from pop up "IT Supporting Tools" with text "Note-before cannot be empty"

2020-07-22 16:42:20 - [TEST_STEP][NOT_RUN] - Click button "OK": Click button "OK"

2020-07-22 16:42:20 - [MESSAGE][NOT_RUN] - Click button "OK"

2020-07-22 16:42:20 - [TEST_STEP][NOT_RUN] - Click button "Logout": Click button "Logout"

2020-07-22 16:42:20 - [MESSAGE][NOT_RUN] - Click button "Logout"

2020-07-22 16:42:20 - [TEST_STEP][NOT_RUN] - Comment "Register Mistake failed because Note-before empty": Comment "Register Mistake failed because Note-before empty"

2020-07-22 16:42:20 - [MESSAGE][NOT_RUN] - Comment "Register Mistake failed because Note-before empty"

2020-07-22 16:42:20 - [TEST_STEP][NOT_RUN] - Close browser: Close browser

2020-07-22 16:42:20 - [MESSAGE][NOT_RUN] - Close browser

2020-07-22 16:42:20 - [MESSAGE][FAILED] - Feature file 'Include/features/IST_Real/CONTRACT_DISPATCHER_TWO_WHEELERS/DEV/Pick_Mistake_Without_Write_Textarea_Note_Before.feature' was failed

2020-07-22 16:42:20 - [MESSAGE][FAILED] - Keyword runFeatureFile was failed (Root cause: com.kms.katalon.core.exception.StepFailedException: Feature file 'Include/features/IST_Real/CONTRACT_DISPATCHER_TWO_WHEELERS/DEV/Pick_Mistake_Without_Write_Textarea_Note_Before.feature' was failed
	at com.kms.katalon.core.keyword.internal.KeywordMain.stepFailed(KeywordMain.groovy:50)
	at com.kms.katalon.core.keyword.internal.KeywordMain.stepFailed(KeywordMain.groovy)
	at com.kms.katalon.core.keyword.internal.KeywordMain.stepFailed(KeywordMain.groovy:23)
	at com.kms.katalon.core.keyword.internal.KeywordMain$stepFailed$0.call(Unknown Source)
	at com.kms.katalon.core.cucumber.keyword.CucumberBuiltinKeywords$_runFeatureFile_closure1.doCall(CucumberBuiltinKeywords.groovy:82)
	at com.kms.katalon.core.cucumber.keyword.CucumberBuiltinKeywords$_runFeatureFile_closure1.doCall(CucumberBuiltinKeywords.groovy)
	at com.kms.katalon.core.keyword.internal.KeywordMain.runKeyword(KeywordMain.groovy:68)
	at com.kms.katalon.core.keyword.internal.KeywordMain$runKeyword.call(Unknown Source)
	at com.kms.katalon.core.cucumber.keyword.CucumberBuiltinKeywords.runFeatureFile(CucumberBuiltinKeywords.groovy:46)
	at com.kms.katalon.core.cucumber.keyword.CucumberBuiltinKeywords$runFeatureFile$0.callStatic(Unknown Source)
	at com.kms.katalon.core.cucumber.keyword.CucumberBuiltinKeywords.runFeatureFile(CucumberBuiltinKeywords.groovy:169)
	at com.kms.katalon.core.cucumber.keyword.CucumberBuiltinKeywords$runFeatureFile.call(Unknown Source)
	at Pick_Mistake_Without_Write_Textarea_Note_Before.run(Pick_Mistake_Without_Write_Textarea_Note_Before:16)
	at com.kms.katalon.core.main.ScriptEngine.run(ScriptEngine.java:194)
	at com.kms.katalon.core.main.ScriptEngine.runScriptAsRawText(ScriptEngine.java:119)
	at com.kms.katalon.core.main.TestCaseExecutor.runScript(TestCaseExecutor.java:339)
	at com.kms.katalon.core.main.TestCaseExecutor.doExecute(TestCaseExecutor.java:330)
	at com.kms.katalon.core.main.TestCaseExecutor.processExecutionPhase(TestCaseExecutor.java:309)
	at com.kms.katalon.core.main.TestCaseExecutor.accessMainPhase(TestCaseExecutor.java:301)
	at com.kms.katalon.core.main.TestCaseExecutor.execute(TestCaseExecutor.java:235)
	at com.kms.katalon.core.main.TestSuiteExecutor.accessTestCaseMainPhase(TestSuiteExecutor.java:191)
	at com.kms.katalon.core.main.TestSuiteExecutor.accessTestSuiteMainPhase(TestSuiteExecutor.java:141)
	at com.kms.katalon.core.main.TestSuiteExecutor.execute(TestSuiteExecutor.java:90)
	at com.kms.katalon.core.main.TestCaseMain.startTestSuite(TestCaseMain.java:157)
	at com.kms.katalon.core.main.TestCaseMain$startTestSuite$0.call(Unknown Source)
	at TempTestSuite1595410390420.run(TempTestSuite1595410390420.groovy:39)
)]]></system-out>
         <system-err><![CDATA[2020-07-22 16:40:17 - [TEST_CASE][FAILED] - Test Cases/IST_Real/CONTRACT_DISPATCHER_TWO_WHEELERS/DEV/Pick_Mistake_Without_Write_Textarea_Note_Before: Test Cases/IST_Real/CONTRACT_DISPATCHER_TWO_WHEELERS/DEV/Pick_Mistake_Without_Write_Textarea_Note_Before FAILED.
Reason:
com.kms.katalon.core.exception.StepFailedException: Feature file 'Include/features/IST_Real/CONTRACT_DISPATCHER_TWO_WHEELERS/DEV/Pick_Mistake_Without_Write_Textarea_Note_Before.feature' was failed
	at com.kms.katalon.core.keyword.internal.KeywordMain.stepFailed(KeywordMain.groovy:50)
	at com.kms.katalon.core.keyword.internal.KeywordMain.stepFailed(KeywordMain.groovy)
	at com.kms.katalon.core.keyword.internal.KeywordMain.stepFailed(KeywordMain.groovy:23)
	at com.kms.katalon.core.keyword.internal.KeywordMain$stepFailed$0.call(Unknown Source)
	at com.kms.katalon.core.cucumber.keyword.CucumberBuiltinKeywords$_runFeatureFile_closure1.doCall(CucumberBuiltinKeywords.groovy:82)
	at com.kms.katalon.core.cucumber.keyword.CucumberBuiltinKeywords$_runFeatureFile_closure1.doCall(CucumberBuiltinKeywords.groovy)
	at com.kms.katalon.core.keyword.internal.KeywordMain.runKeyword(KeywordMain.groovy:68)
	at com.kms.katalon.core.keyword.internal.KeywordMain$runKeyword.call(Unknown Source)
	at com.kms.katalon.core.cucumber.keyword.CucumberBuiltinKeywords.runFeatureFile(CucumberBuiltinKeywords.groovy:46)
	at com.kms.katalon.core.cucumber.keyword.CucumberBuiltinKeywords$runFeatureFile$0.callStatic(Unknown Source)
	at com.kms.katalon.core.cucumber.keyword.CucumberBuiltinKeywords.runFeatureFile(CucumberBuiltinKeywords.groovy:169)
	at com.kms.katalon.core.cucumber.keyword.CucumberBuiltinKeywords$runFeatureFile.call(Unknown Source)
	at Pick_Mistake_Without_Write_Textarea_Note_Before.run(Pick_Mistake_Without_Write_Textarea_Note_Before:16)
	at com.kms.katalon.core.main.ScriptEngine.run(ScriptEngine.java:194)
	at com.kms.katalon.core.main.ScriptEngine.runScriptAsRawText(ScriptEngine.java:119)
	at com.kms.katalon.core.main.TestCaseExecutor.runScript(TestCaseExecutor.java:339)
	at com.kms.katalon.core.main.TestCaseExecutor.doExecute(TestCaseExecutor.java:330)
	at com.kms.katalon.core.main.TestCaseExecutor.processExecutionPhase(TestCaseExecutor.java:309)
	at com.kms.katalon.core.main.TestCaseExecutor.accessMainPhase(TestCaseExecutor.java:301)
	at com.kms.katalon.core.main.TestCaseExecutor.execute(TestCaseExecutor.java:235)
	at com.kms.katalon.core.main.TestSuiteExecutor.accessTestCaseMainPhase(TestSuiteExecutor.java:191)
	at com.kms.katalon.core.main.TestSuiteExecutor.accessTestSuiteMainPhase(TestSuiteExecutor.java:141)
	at com.kms.katalon.core.main.TestSuiteExecutor.execute(TestSuiteExecutor.java:90)
	at com.kms.katalon.core.main.TestCaseMain.startTestSuite(TestCaseMain.java:157)
	at com.kms.katalon.core.main.TestCaseMain$startTestSuite$0.call(Unknown Source)
	at TempTestSuite1595410390420.run(TempTestSuite1595410390420.groovy:39)]]></system-err>
      </testcase>
      <system-out><![CDATA[2020-07-22 16:33:17 - [TEST_SUITE][FAILED] - TS_Contract_Dispatcher_Two_Wheelers: Test Cases/IST_Real/CONTRACT_DISPATCHER_TWO_WHEELERS/DEV/Claim_Contract_Two_Wheelers_then_Save_it_Without_Register_Any_Mistakes FAILED.
Reason:
com.kms.katalon.core.exception.StepFailedException: Feature file 'Include/features/IST_Real/CONTRACT_DISPATCHER_TWO_WHEELERS/DEV/Claim_Contract_Two_Wheelers_then_Save_it_Without_Register_Any_Mistakes.feature' was failed
	at com.kms.katalon.core.keyword.internal.KeywordMain.stepFailed(KeywordMain.groovy:50)
	at com.kms.katalon.core.keyword.internal.KeywordMain.stepFailed(KeywordMain.groovy)
	at com.kms.katalon.core.keyword.internal.KeywordMain.stepFailed(KeywordMain.groovy:23)
	at com.kms.katalon.core.keyword.internal.KeywordMain$stepFailed$0.call(Unknown Source)
	at com.kms.katalon.core.cucumber.keyword.CucumberBuiltinKeywords$_runFeatureFile_closure1.doCall(CucumberBuiltinKeywords.groovy:82)
	at com.kms.katalon.core.cucumber.keyword.CucumberBuiltinKeywords$_runFeatureFile_closure1.doCall(CucumberBuiltinKeywords.groovy)
	at com.kms.katalon.core.keyword.internal.KeywordMain.runKeyword(KeywordMain.groovy:68)
	at com.kms.katalon.core.keyword.internal.KeywordMain$runKeyword.call(Unknown Source)
	at com.kms.katalon.core.cucumber.keyword.CucumberBuiltinKeywords.runFeatureFile(CucumberBuiltinKeywords.groovy:46)
	at com.kms.katalon.core.cucumber.keyword.CucumberBuiltinKeywords$runFeatureFile$0.callStatic(Unknown Source)
	at com.kms.katalon.core.cucumber.keyword.CucumberBuiltinKeywords.runFeatureFile(CucumberBuiltinKeywords.groovy:169)
	at com.kms.katalon.core.cucumber.keyword.CucumberBuiltinKeywords$runFeatureFile.call(Unknown Source)
	at Claim_Contract_Two_Wheelers_then_Save_it_Without_Register_Any_Mistakes.run(Claim_Contract_Two_Wheelers_then_Save_it_Without_Register_Any_Mistakes:16)
	at com.kms.katalon.core.main.ScriptEngine.run(ScriptEngine.java:194)
	at com.kms.katalon.core.main.ScriptEngine.runScriptAsRawText(ScriptEngine.java:119)
	at com.kms.katalon.core.main.TestCaseExecutor.runScript(TestCaseExecutor.java:339)
	at com.kms.katalon.core.main.TestCaseExecutor.doExecute(TestCaseExecutor.java:330)
	at com.kms.katalon.core.main.TestCaseExecutor.processExecutionPhase(TestCaseExecutor.java:309)
	at com.kms.katalon.core.main.TestCaseExecutor.accessMainPhase(TestCaseExecutor.java:301)
	at com.kms.katalon.core.main.TestCaseExecutor.execute(TestCaseExecutor.java:235)
	at com.kms.katalon.core.main.TestSuiteExecutor.accessTestCaseMainPhase(TestSuiteExecutor.java:191)
	at com.kms.katalon.core.main.TestSuiteExecutor.accessTestSuiteMainPhase(TestSuiteExecutor.java:141)
	at com.kms.katalon.core.main.TestSuiteExecutor.execute(TestSuiteExecutor.java:90)
	at com.kms.katalon.core.main.TestCaseMain.startTestSuite(TestCaseMain.java:157)
	at com.kms.katalon.core.main.TestCaseMain$startTestSuite$0.call(Unknown Source)
	at TempTestSuite1595410390420.run(TempTestSuite1595410390420.groovy:39)]]></system-out>
      <system-err><![CDATA[2020-07-22 16:33:17 - [TEST_SUITE][FAILED] - TS_Contract_Dispatcher_Two_Wheelers: Test Cases/IST_Real/CONTRACT_DISPATCHER_TWO_WHEELERS/DEV/Claim_Contract_Two_Wheelers_then_Save_it_Without_Register_Any_Mistakes FAILED.
Reason:
com.kms.katalon.core.exception.StepFailedException: Feature file 'Include/features/IST_Real/CONTRACT_DISPATCHER_TWO_WHEELERS/DEV/Claim_Contract_Two_Wheelers_then_Save_it_Without_Register_Any_Mistakes.feature' was failed
	at com.kms.katalon.core.keyword.internal.KeywordMain.stepFailed(KeywordMain.groovy:50)
	at com.kms.katalon.core.keyword.internal.KeywordMain.stepFailed(KeywordMain.groovy)
	at com.kms.katalon.core.keyword.internal.KeywordMain.stepFailed(KeywordMain.groovy:23)
	at com.kms.katalon.core.keyword.internal.KeywordMain$stepFailed$0.call(Unknown Source)
	at com.kms.katalon.core.cucumber.keyword.CucumberBuiltinKeywords$_runFeatureFile_closure1.doCall(CucumberBuiltinKeywords.groovy:82)
	at com.kms.katalon.core.cucumber.keyword.CucumberBuiltinKeywords$_runFeatureFile_closure1.doCall(CucumberBuiltinKeywords.groovy)
	at com.kms.katalon.core.keyword.internal.KeywordMain.runKeyword(KeywordMain.groovy:68)
	at com.kms.katalon.core.keyword.internal.KeywordMain$runKeyword.call(Unknown Source)
	at com.kms.katalon.core.cucumber.keyword.CucumberBuiltinKeywords.runFeatureFile(CucumberBuiltinKeywords.groovy:46)
	at com.kms.katalon.core.cucumber.keyword.CucumberBuiltinKeywords$runFeatureFile$0.callStatic(Unknown Source)
	at com.kms.katalon.core.cucumber.keyword.CucumberBuiltinKeywords.runFeatureFile(CucumberBuiltinKeywords.groovy:169)
	at com.kms.katalon.core.cucumber.keyword.CucumberBuiltinKeywords$runFeatureFile.call(Unknown Source)
	at Claim_Contract_Two_Wheelers_then_Save_it_Without_Register_Any_Mistakes.run(Claim_Contract_Two_Wheelers_then_Save_it_Without_Register_Any_Mistakes:16)
	at com.kms.katalon.core.main.ScriptEngine.run(ScriptEngine.java:194)
	at com.kms.katalon.core.main.ScriptEngine.runScriptAsRawText(ScriptEngine.java:119)
	at com.kms.katalon.core.main.TestCaseExecutor.runScript(TestCaseExecutor.java:339)
	at com.kms.katalon.core.main.TestCaseExecutor.doExecute(TestCaseExecutor.java:330)
	at com.kms.katalon.core.main.TestCaseExecutor.processExecutionPhase(TestCaseExecutor.java:309)
	at com.kms.katalon.core.main.TestCaseExecutor.accessMainPhase(TestCaseExecutor.java:301)
	at com.kms.katalon.core.main.TestCaseExecutor.execute(TestCaseExecutor.java:235)
	at com.kms.katalon.core.main.TestSuiteExecutor.accessTestCaseMainPhase(TestSuiteExecutor.java:191)
	at com.kms.katalon.core.main.TestSuiteExecutor.accessTestSuiteMainPhase(TestSuiteExecutor.java:141)
	at com.kms.katalon.core.main.TestSuiteExecutor.execute(TestSuiteExecutor.java:90)
	at com.kms.katalon.core.main.TestCaseMain.startTestSuite(TestCaseMain.java:157)
	at com.kms.katalon.core.main.TestCaseMain$startTestSuite$0.call(Unknown Source)
	at TempTestSuite1595410390420.run(TempTestSuite1595410390420.groovy:39)]]></system-err>
   </testsuite>
</testsuites>
