<?xml version="1.0" encoding="UTF-8"?>
<testsuites name="RTD_Regression" time="1803.103" tests="42" failures="2" errors="0">
   <testsuite name="TS_Disbursement_Dashboard" tests="4" failures="0" errors="0" time="234.263" timestamp="2021-01-22 10:42:37" hostname="chaidir.pratama01 - localhost" id="Test Suites/RTD/TS_Disbursement_Dashboard">
      <properties>
         <property name="deviceName" value=""/>
         <property name="devicePlatform" value=""/>
         <property name="logFolder" value="/Users/chaidir.pratama01/Katalon Studio/IST_Automation_Git/Reports/20210122_104222/RTD/TS_Disbursement_Dashboard/20210122_104222"/>
         <property name="logFiles" value="/Users/chaidir.pratama01/Katalon Studio/IST_Automation_Git/Reports/20210122_104222/RTD/TS_Disbursement_Dashboard/20210122_104222/execution0.log"/>
         <property name="attachments" value="/Users/chaidir.pratama01/Documents/Docs/Katalon Studio/Screenshot/test-Dashboard for CCC/OCS.png, /Users/chaidir.pratama01/Documents/Docs/Katalon Studio/Screenshot/test-Disbursement Dashboard.png, /Users/chaidir.pratama01/Documents/Docs/Katalon Studio/Screenshot/test-Disbursement Dashboard.png, /Users/chaidir.pratama01/Documents/Docs/Katalon Studio/Screenshot/test-Disbursement Dashboard.png, /Users/chaidir.pratama01/Documents/Docs/Katalon Studio/Screenshot/test-Disbursement Dashboard.png, /Users/chaidir.pratama01/Documents/Docs/Katalon Studio/Screenshot/test-Disbursement Dashboard.png, /Users/chaidir.pratama01/Documents/Docs/Katalon Studio/Screenshot/test-Disbursement Dashboard.png, /Users/chaidir.pratama01/Documents/Docs/Katalon Studio/Screenshot/test-Disbursement Dashboard.png, /Users/chaidir.pratama01/Documents/Docs/Katalon Studio/Screenshot/test-Disbursement Dashboard.png, /Users/chaidir.pratama01/Documents/Docs/Katalon Studio/Screenshot/test-Disbursement Dashboard.png, /Users/chaidir.pratama01/Katalon Studio/IST_Automation_Git/Reports/20210122_104222/RTD/TS_Disbursement_Dashboard/20210122_104222/1611287112374.png, /Users/chaidir.pratama01/Documents/Docs/Katalon Studio/Screenshot/test-Disbursement Dashboard.png, /Users/chaidir.pratama01/Documents/Docs/Katalon Studio/Screenshot/test-Disbursement Dashboard.png, /Users/chaidir.pratama01/Documents/Docs/Katalon Studio/Screenshot/test-Disbursement Dashboard.png, /Users/chaidir.pratama01/Documents/Docs/Katalon Studio/Screenshot/test-Disbursement Dashboard.png, /Users/chaidir.pratama01/Documents/Docs/Katalon Studio/Screenshot/test-Disbursement Dashboard.png, /Users/chaidir.pratama01/Documents/Docs/Katalon Studio/Screenshot/Download_data.png"/>
         <property name="hostName" value="chaidir.pratama01 - localhost"/>
         <property name="os" value="Mac OS X 64bit"/>
         <property name="katalonVersion" value="7.6.0.${buildNumber}"/>
         <property name="browser" value="Chrome 87.0.4280.141"/>
         <property name="hostAddress" value="127.0.0.1"/>
         <property name="sessionId" value="c55b01af59a9d3f6cf29156c33239184"/>
         <property name="seleniumVersion" value="3.141.59"/>
         <property name="proxyInformation" value="ProxyInformation { proxyOption=NO_PROXY, proxyServerType=HTTP, username=, password=********, proxyServerAddress=, proxyServerPort=0, executionList=\&quot;\&quot;, isApplyToDesiredCapabilities=true }"/>
         <property name="platform" value="Mac OS X"/>
      </properties>
      <testcase name="Test Cases/RTD/Disbursement Dashboard/TC_View_Detail_Disbursement_Dashboard" time="44.643" classname="Test Cases/RTD/Disbursement Dashboard/TC_View_Detail_Disbursement_Dashboard" status="PASSED">
         <system-out><![CDATA[2021-01-22 10:42:37 - [TEST_CASE][PASSED] - Test Cases/RTD/Disbursement Dashboard/TC_View_Detail_Disbursement_Dashboard: Test Cases/RTD/Disbursement Dashboard/TC_View_Detail_Disbursement_Dashboard

2021-01-22 10:42:38 - [TEST_STEP][PASSED] - runFeatureFile("Include/features/IST_Real/RTD/Disbursement_Dashboard/View_Detail_Disbursement_Dashboard.feature"): Feature file: 'Include/features/IST_Real/RTD/Disbursement_Dashboard/View_Detail_Disbursement_Dashboard.feature' was passed

2021-01-22 10:42:38 - [MESSAGE][INFO] - Starting run keyword runFeatureFile: 'Include/features/IST_Real/RTD/Disbursement_Dashboard/View_Detail_Disbursement_Dashboard.feature' and extract report to folder: '/Users/chaidir.pratama01/Katalon Studio/IST_Automation_Git/Reports/20210122_104222/RTD/TS_Disbursement_Dashboard/20210122_104222/cucumber_report/1611286958105'...

2021-01-22 10:42:38 - [TEST_CASE][PASSED] - Start Test Case : SCENARIO Search by STATUS Success to Disburse and then View Detail of it: SCENARIO Search by STATUS Success to Disburse and then View Detail of it

2021-01-22 10:42:38 - [TEST_STEP][PASSED] - Go to ISTools: Go to ISTools

2021-01-22 10:42:38 - [MESSAGE][INFO] - Starting 'Chrome (headless)' driver

2021-01-22 10:42:38 - [MESSAGE][INFO] - User set preference: ['args', '[--start-maximized, --disable-gpu, --no-proxy-server, â€“-no-sandbox, --allow-running-insecure-content, --ignore-certificate-errors, window-size=1680,814, force-device-scale-factor=2, --lang=en-GB]']

2021-01-22 10:42:38 - [MESSAGE][INFO] - User set preference: ['prefs', '{download.default_directory=/Users/chaidir.pratama01/Katalon Studio/IST_Automation_Git/Download}']

2021-01-22 10:42:38 - [MESSAGE][INFO] - Action delay is set to 0 milliseconds

2021-01-22 10:42:39 - [MESSAGE][PASSED] - Browser is opened with url: ''

2021-01-22 10:42:41 - [MESSAGE][PASSED] - Navigate to 'https://dev-istools.homecredit.id/foundation/' successfully

2021-01-22 10:42:41 - [MESSAGE][PASSED] - Go to ISTools

2021-01-22 10:42:41 - [TEST_STEP][PASSED] - Login IST with valid credentials: Login IST with valid credentials

2021-01-22 10:42:42 - [MESSAGE][PASSED] - Text 'mobile.test' is set on object 'Object Repository/Page_/input_Username_j_username'

2021-01-22 10:42:42 - [MESSAGE][PASSED] - Text ****** has been set on object 'Object Repository/Page_/input_Password_j_password'

2021-01-22 10:42:42 - [MESSAGE][PASSED] - Object: 'Object Repository/Page_/button_Login' is clicked on

2021-01-22 10:42:42 - [MESSAGE][PASSED] - Login IST with valid credentials

2021-01-22 10:42:42 - [TEST_STEP][PASSED] - Login Success: Login Success

2021-01-22 10:42:42 - [MESSAGE][INFO] - Login Success

2021-01-22 10:42:42 - [MESSAGE][PASSED] - Current window maximized

2021-01-22 10:42:42 - [MESSAGE][PASSED] - Object 'Object Repository/Page_/h1_Welcome to IT Supporting Tools' is present

2021-01-22 10:42:42 - [MESSAGE][PASSED] - Login Success

2021-01-22 10:42:43 - [TEST_STEP][PASSED] - Select Arrow Menu "Real Time Disbursement": Select Arrow Menu "Real Time Disbursement"

2021-01-22 10:42:43 - [MESSAGE][PASSED] - Object: '' is clicked on

2021-01-22 10:42:43 - [MESSAGE][PASSED] - Select Arrow Menu "Real Time Disbursement"

2021-01-22 10:42:43 - [TEST_STEP][PASSED] - Select Menu "Dashboard for CCC/OCS": Select Menu "Dashboard for CCC/OCS"

2021-01-22 10:42:43 - [MESSAGE][PASSED] - Taking screenshot successfully
[[ATTACHMENT|/Users/chaidir.pratama01/Documents/Docs/Katalon Studio/Screenshot/test-Dashboard for CCC/OCS.png]]

2021-01-22 10:42:43 - [MESSAGE][PASSED] - Object '' is present

2021-01-22 10:42:43 - [MESSAGE][PASSED] - Object: '' is clicked on

2021-01-22 10:42:43 - [MESSAGE][PASSED] - Wait for page load successfully

2021-01-22 10:42:43 - [MESSAGE][PASSED] - Select Menu "Dashboard for CCC/OCS"

2021-01-22 10:42:43 - [TEST_STEP][PASSED] - Select STATUS "Success to Disburse": Select STATUS "Success to Disburse"

2021-01-22 10:42:44 - [MESSAGE][PASSED] - All options with value 'Success to Disburse' are selected in object ''  using regular expression

2021-01-22 10:42:44 - [MESSAGE][PASSED] - Select STATUS "Success to Disburse"

2021-01-22 10:42:44 - [TEST_STEP][PASSED] - Click button "Search": Click button "Search"

2021-01-22 10:42:44 - [MESSAGE][INFO] - >>>>>//Button[contains(text(),'Search')]

2021-01-22 10:42:47 - [MESSAGE][PASSED] - Object '' is present

2021-01-22 10:42:47 - [MESSAGE][PASSED] - Object: '' is clicked on

2021-01-22 10:42:47 - [MESSAGE][PASSED] - Switched to window with index: '0'

2021-01-22 10:42:47 - [MESSAGE][PASSED] - Click button "Search"

2021-01-22 10:42:47 - [TEST_STEP][PASSED] - Verify Search Result Presents: Verify Search Result Presents

2021-01-22 10:42:47 - [MESSAGE][PASSED] - Object '' is present

2021-01-22 10:42:48 - [MESSAGE][PASSED] - Verify Search Result Presents

2021-01-22 10:42:48 - [TEST_STEP][PASSED] - Click View Detail: Click View Detail

2021-01-22 10:42:48 - [MESSAGE][PASSED] - Object '' is present

2021-01-22 10:42:48 - [MESSAGE][PASSED] - Object: '' is clicked on

2021-01-22 10:42:48 - [MESSAGE][PASSED] - Click View Detail

2021-01-22 10:42:48 - [TEST_STEP][PASSED] - Verify Information in View Detail: Verify Information in View Detail

2021-01-22 10:42:51 - [MESSAGE][PASSED] - Delayed 3 second(s)

2021-01-22 10:42:51 - [MESSAGE][PASSED] - Attribute 'value' of object '' is: '3900014152'

2021-01-22 10:42:54 - [MESSAGE][PASSED] - Delayed 3 second(s)

2021-01-22 10:42:54 - [MESSAGE][PASSED] - Attribute 'value' of object '' is: 'IDITXLeks TESTERbIvIvO'

2021-01-22 10:42:57 - [MESSAGE][PASSED] - Delayed 3 second(s)

2021-01-22 10:42:57 - [MESSAGE][PASSED] - Attribute 'value' of object '' is: 'Success to Disburse'

2021-01-22 10:43:00 - [MESSAGE][PASSED] - Delayed 3 second(s)

2021-01-22 10:43:00 - [MESSAGE][PASSED] - Attribute 'value' of object '' is: 'Rp 7,000,000'

2021-01-22 10:43:03 - [MESSAGE][PASSED] - Delayed 3 second(s)

2021-01-22 10:43:03 - [MESSAGE][PASSED] - Attribute 'value' of object '' is: 'KESEJAHTERAAN EKONOMI'

2021-01-22 10:43:06 - [MESSAGE][PASSED] - Delayed 3 second(s)

2021-01-22 10:43:06 - [MESSAGE][PASSED] - Attribute 'value' of object '' is: '1'

2021-01-22 10:43:09 - [MESSAGE][PASSED] - Delayed 3 second(s)

2021-01-22 10:43:09 - [MESSAGE][PASSED] - Attribute 'value' of object '' is: 'NAMA ADA DISINI'

2021-01-22 10:43:12 - [MESSAGE][PASSED] - Delayed 3 second(s)

2021-01-22 10:43:12 - [MESSAGE][PASSED] - Attribute 'value' of object '' is: 'KESEJAHTERAAN EKONOMI'

2021-01-22 10:43:15 - [MESSAGE][PASSED] - Delayed 3 second(s)

2021-01-22 10:43:15 - [MESSAGE][PASSED] - Attribute 'value' of object '' is: ''

2021-01-22 10:43:18 - [MESSAGE][PASSED] - Delayed 3 second(s)

2021-01-22 10:43:18 - [MESSAGE][PASSED] - Attribute 'value' of object '' is: ''

2021-01-22 10:43:18 - [MESSAGE][PASSED] - Text of object '' is: 'Date'

2021-01-22 10:43:18 - [MESSAGE][PASSED] - Text of object '' is: 'Status'

2021-01-22 10:43:18 - [MESSAGE][PASSED] - Text of object '' is: 'Updated Information'

2021-01-22 10:43:18 - [MESSAGE][PASSED] - Text of object '' is: 'Last Update By'

2021-01-22 10:43:18 - [MESSAGE][PASSED] - Text of object '' is: 'Department'

2021-01-22 10:43:19 - [MESSAGE][PASSED] - Verify Information in View Detail

2021-01-22 10:43:19 - [TEST_STEP][PASSED] - Click button "Logout": Click button "Logout"

2021-01-22 10:43:19 - [MESSAGE][INFO] - >>>>>//Button[contains(text(),'Logout')]

2021-01-22 10:43:22 - [MESSAGE][PASSED] - Object '' is present

2021-01-22 10:43:22 - [MESSAGE][PASSED] - Object: '' is clicked on

2021-01-22 10:43:22 - [MESSAGE][PASSED] - Switched to window with index: '0'

2021-01-22 10:43:22 - [MESSAGE][PASSED] - Click button "Logout"

2021-01-22 10:43:22 - [TEST_STEP][PASSED] - Close browser: Close browser

2021-01-22 10:43:22 - [MESSAGE][PASSED] - Browser is closed

2021-01-22 10:43:22 - [MESSAGE][PASSED] - Close browser

2021-01-22 10:43:22 - [MESSAGE][PASSED] - Feature file: 'Include/features/IST_Real/RTD/Disbursement_Dashboard/View_Detail_Disbursement_Dashboard.feature' was passed]]></system-out>
         <system-err><![CDATA[]]></system-err>
      </testcase>
      <testcase name="Test Cases/RTD/Disbursement Dashboard/TC_Search_by_Contract_Number_Disbursement_Dashboard" time="7.005" classname="Test Cases/RTD/Disbursement Dashboard/TC_Search_by_Contract_Number_Disbursement_Dashboard" status="PASSED">
         <system-out><![CDATA[2021-01-22 10:43:22 - [TEST_CASE][PASSED] - Test Cases/RTD/Disbursement Dashboard/TC_Search_by_Contract_Number_Disbursement_Dashboard: Test Cases/RTD/Disbursement Dashboard/TC_Search_by_Contract_Number_Disbursement_Dashboard

2021-01-22 10:43:22 - [TEST_STEP][PASSED] - runFeatureFile("Include/features/IST_Real/RTD/Disbursement_Dashboard/Search_by_Contract_Number_Disbursement_Dashboard.feature"): Feature file: 'Include/features/IST_Real/RTD/Disbursement_Dashboard/Search_by_Contract_Number_Disbursement_Dashboard.feature' was passed

2021-01-22 10:43:22 - [MESSAGE][INFO] - Starting run keyword runFeatureFile: 'Include/features/IST_Real/RTD/Disbursement_Dashboard/Search_by_Contract_Number_Disbursement_Dashboard.feature' and extract report to folder: '/Users/chaidir.pratama01/Katalon Studio/IST_Automation_Git/Reports/20210122_104222/RTD/TS_Disbursement_Dashboard/20210122_104222/cucumber_report/1611287002557'...

2021-01-22 10:43:22 - [TEST_CASE][PASSED] - Start Test Case : SCENARIO Search by Contract Number and it found on Dashboard: SCENARIO Search by Contract Number and it found on Dashboard

2021-01-22 10:43:22 - [TEST_STEP][PASSED] - Go to ISTools: Go to ISTools

2021-01-22 10:43:22 - [MESSAGE][INFO] - Starting 'Chrome (headless)' driver

2021-01-22 10:43:22 - [MESSAGE][INFO] - User set preference: ['args', '[--start-maximized, --disable-gpu, --no-proxy-server, â€“-no-sandbox, --allow-running-insecure-content, --ignore-certificate-errors, window-size=1680,814, force-device-scale-factor=2, --lang=en-GB]']

2021-01-22 10:43:22 - [MESSAGE][INFO] - User set preference: ['prefs', '{download.default_directory=/Users/chaidir.pratama01/Katalon Studio/IST_Automation_Git/Download}']

2021-01-22 10:43:22 - [MESSAGE][INFO] - Action delay is set to 0 milliseconds

2021-01-22 10:43:23 - [MESSAGE][PASSED] - Browser is opened with url: ''

2021-01-22 10:43:23 - [MESSAGE][PASSED] - Navigate to 'https://dev-istools.homecredit.id/foundation/' successfully

2021-01-22 10:43:23 - [MESSAGE][PASSED] - Go to ISTools

2021-01-22 10:43:23 - [TEST_STEP][PASSED] - Login IST with valid credentials: Login IST with valid credentials

2021-01-22 10:43:24 - [MESSAGE][PASSED] - Text 'mobile.test' is set on object 'Object Repository/Page_/input_Username_j_username'

2021-01-22 10:43:24 - [MESSAGE][PASSED] - Text ****** has been set on object 'Object Repository/Page_/input_Password_j_password'

2021-01-22 10:43:24 - [MESSAGE][PASSED] - Object: 'Object Repository/Page_/button_Login' is clicked on

2021-01-22 10:43:24 - [MESSAGE][PASSED] - Login IST with valid credentials

2021-01-22 10:43:24 - [TEST_STEP][PASSED] - Login Success: Login Success

2021-01-22 10:43:24 - [MESSAGE][INFO] - Login Success

2021-01-22 10:43:24 - [MESSAGE][PASSED] - Current window maximized

2021-01-22 10:43:24 - [MESSAGE][PASSED] - Object 'Object Repository/Page_/h1_Welcome to IT Supporting Tools' is present

2021-01-22 10:43:24 - [MESSAGE][PASSED] - Login Success

2021-01-22 10:43:24 - [TEST_STEP][PASSED] - Select Arrow Menu "Real Time Disbursement": Select Arrow Menu "Real Time Disbursement"

2021-01-22 10:43:24 - [MESSAGE][PASSED] - Object: '' is clicked on

2021-01-22 10:43:24 - [MESSAGE][PASSED] - Select Arrow Menu "Real Time Disbursement"

2021-01-22 10:43:24 - [TEST_STEP][PASSED] - Select Menu "Disbursement Dashboard": Select Menu "Disbursement Dashboard"

2021-01-22 10:43:25 - [MESSAGE][PASSED] - Taking screenshot successfully
[[ATTACHMENT|/Users/chaidir.pratama01/Documents/Docs/Katalon Studio/Screenshot/test-Disbursement Dashboard.png]]

2021-01-22 10:43:25 - [MESSAGE][PASSED] - Object '' is present

2021-01-22 10:43:25 - [MESSAGE][PASSED] - Object: '' is clicked on

2021-01-22 10:43:25 - [MESSAGE][PASSED] - Wait for page load successfully

2021-01-22 10:43:25 - [MESSAGE][PASSED] - Select Menu "Disbursement Dashboard"

2021-01-22 10:43:25 - [TEST_STEP][PASSED] - Input Contract RTD in Contract Number label: Input Contract RTD in Contract Number label

2021-01-22 10:43:25 - [MESSAGE][PASSED] - Text '4000014162' is set on object ''

2021-01-22 10:43:25 - [MESSAGE][PASSED] - Input Contract RTD in Contract Number label

2021-01-22 10:43:25 - [TEST_STEP][PASSED] - Click button "Search": Click button "Search"

2021-01-22 10:43:25 - [MESSAGE][INFO] - >>>>>//Button[contains(text(),'Search')]

2021-01-22 10:43:28 - [MESSAGE][PASSED] - Object '' is present

2021-01-22 10:43:28 - [MESSAGE][PASSED] - Object: '' is clicked on

2021-01-22 10:43:28 - [MESSAGE][PASSED] - Switched to window with index: '0'

2021-01-22 10:43:28 - [MESSAGE][PASSED] - Click button "Search"

2021-01-22 10:43:28 - [TEST_STEP][PASSED] - Verify Search Result Presents: Verify Search Result Presents

2021-01-22 10:43:28 - [MESSAGE][PASSED] - Object '' is present

2021-01-22 10:43:29 - [MESSAGE][PASSED] - Verify Search Result Presents

2021-01-22 10:43:29 - [MESSAGE][PASSED] - Feature file: 'Include/features/IST_Real/RTD/Disbursement_Dashboard/Search_by_Contract_Number_Disbursement_Dashboard.feature' was passed]]></system-out>
         <system-err><![CDATA[]]></system-err>
      </testcase>
      <testcase name="Test Cases/RTD/Disbursement Dashboard/TC_Search_by_STATUS_Disbursement_Dashboard" time="165.153" classname="Test Cases/RTD/Disbursement Dashboard/TC_Search_by_STATUS_Disbursement_Dashboard" status="PASSED">
         <system-out><![CDATA[2021-01-22 10:43:29 - [TEST_CASE][PASSED] - Test Cases/RTD/Disbursement Dashboard/TC_Search_by_STATUS_Disbursement_Dashboard: Test Cases/RTD/Disbursement Dashboard/TC_Search_by_STATUS_Disbursement_Dashboard

2021-01-22 10:43:29 - [TEST_STEP][PASSED] - runFeatureFile("Include/features/IST_Real/RTD/Disbursement_Dashboard/Search_by_STATUS_Disbursement_Dashboard.feature"): Feature file: 'Include/features/IST_Real/RTD/Disbursement_Dashboard/Search_by_STATUS_Disbursement_Dashboard.feature' was passed

2021-01-22 10:43:29 - [MESSAGE][INFO] - Starting run keyword runFeatureFile: 'Include/features/IST_Real/RTD/Disbursement_Dashboard/Search_by_STATUS_Disbursement_Dashboard.feature' and extract report to folder: '/Users/chaidir.pratama01/Katalon Studio/IST_Automation_Git/Reports/20210122_104222/RTD/TS_Disbursement_Dashboard/20210122_104222/cucumber_report/1611287009541'...

2021-01-22 10:43:29 - [TEST_CASE][PASSED] - Start Test Case : SCENARIO Search by STATUS Eligible to Disburse: SCENARIO Search by STATUS Eligible to Disburse

2021-01-22 10:43:29 - [TEST_STEP][PASSED] - Go to ISTools: Go to ISTools

2021-01-22 10:43:29 - [MESSAGE][WARNING] - A browser is already opened. Closing browser and opening a new one

2021-01-22 10:43:29 - [MESSAGE][INFO] - Starting 'Chrome (headless)' driver

2021-01-22 10:43:29 - [MESSAGE][INFO] - User set preference: ['args', '[--start-maximized, --disable-gpu, --no-proxy-server, â€“-no-sandbox, --allow-running-insecure-content, --ignore-certificate-errors, window-size=1680,814, force-device-scale-factor=2, --lang=en-GB]']

2021-01-22 10:43:29 - [MESSAGE][INFO] - User set preference: ['prefs', '{download.default_directory=/Users/chaidir.pratama01/Katalon Studio/IST_Automation_Git/Download}']

2021-01-22 10:43:29 - [MESSAGE][INFO] - Action delay is set to 0 milliseconds

2021-01-22 10:43:30 - [MESSAGE][PASSED] - Browser is opened with url: ''

2021-01-22 10:43:30 - [MESSAGE][PASSED] - Navigate to 'https://dev-istools.homecredit.id/foundation/' successfully

2021-01-22 10:43:30 - [MESSAGE][PASSED] - Go to ISTools

2021-01-22 10:43:30 - [TEST_STEP][PASSED] - Login IST with valid credentials: Login IST with valid credentials

2021-01-22 10:43:31 - [MESSAGE][PASSED] - Text 'mobile.test' is set on object 'Object Repository/Page_/input_Username_j_username'

2021-01-22 10:43:31 - [MESSAGE][PASSED] - Text ****** has been set on object 'Object Repository/Page_/input_Password_j_password'

2021-01-22 10:43:31 - [MESSAGE][PASSED] - Object: 'Object Repository/Page_/button_Login' is clicked on

2021-01-22 10:43:31 - [MESSAGE][PASSED] - Login IST with valid credentials

2021-01-22 10:43:31 - [TEST_STEP][PASSED] - Login Success: Login Success

2021-01-22 10:43:31 - [MESSAGE][INFO] - Login Success

2021-01-22 10:43:31 - [MESSAGE][PASSED] - Current window maximized

2021-01-22 10:43:31 - [MESSAGE][PASSED] - Object 'Object Repository/Page_/h1_Welcome to IT Supporting Tools' is present

2021-01-22 10:43:31 - [MESSAGE][PASSED] - Login Success

2021-01-22 10:43:31 - [TEST_STEP][PASSED] - Select Arrow Menu "Real Time Disbursement": Select Arrow Menu "Real Time Disbursement"

2021-01-22 10:43:31 - [MESSAGE][PASSED] - Object: '' is clicked on

2021-01-22 10:43:31 - [MESSAGE][PASSED] - Select Arrow Menu "Real Time Disbursement"

2021-01-22 10:43:31 - [TEST_STEP][PASSED] - Select Menu "Disbursement Dashboard": Select Menu "Disbursement Dashboard"

2021-01-22 10:43:32 - [MESSAGE][PASSED] - Taking screenshot successfully
[[ATTACHMENT|/Users/chaidir.pratama01/Documents/Docs/Katalon Studio/Screenshot/test-Disbursement Dashboard.png]]

2021-01-22 10:43:32 - [MESSAGE][PASSED] - Object '' is present

2021-01-22 10:43:32 - [MESSAGE][PASSED] - Object: '' is clicked on

2021-01-22 10:43:32 - [MESSAGE][PASSED] - Wait for page load successfully

2021-01-22 10:43:32 - [MESSAGE][PASSED] - Select Menu "Disbursement Dashboard"

2021-01-22 10:43:32 - [TEST_STEP][PASSED] - Select STATUS "Eligible to disburse": Select STATUS "Eligible to disburse"

2021-01-22 10:43:32 - [MESSAGE][PASSED] - All options with value 'Eligible to disburse' are selected in object ''  using regular expression

2021-01-22 10:43:32 - [MESSAGE][PASSED] - Select STATUS "Eligible to disburse"

2021-01-22 10:43:32 - [TEST_STEP][PASSED] - Click button "Search": Click button "Search"

2021-01-22 10:43:32 - [MESSAGE][INFO] - >>>>>//Button[contains(text(),'Search')]

2021-01-22 10:43:35 - [MESSAGE][PASSED] - Object '' is present

2021-01-22 10:43:35 - [MESSAGE][PASSED] - Object: '' is clicked on

2021-01-22 10:43:35 - [MESSAGE][PASSED] - Switched to window with index: '0'

2021-01-22 10:43:35 - [MESSAGE][PASSED] - Click button "Search"

2021-01-22 10:43:35 - [TEST_STEP][PASSED] - Verify Search Result Presents: Verify Search Result Presents

2021-01-22 10:43:37 - [MESSAGE][PASSED] - Object '' is present

2021-01-22 10:43:43 - [MESSAGE][PASSED] - Verify Search Result Presents

2021-01-22 10:43:43 - [TEST_STEP][PASSED] - Click button "Logout": Click button "Logout"

2021-01-22 10:43:43 - [MESSAGE][INFO] - >>>>>//Button[contains(text(),'Logout')]

2021-01-22 10:43:46 - [MESSAGE][PASSED] - Object '' is present

2021-01-22 10:43:47 - [MESSAGE][PASSED] - Object: '' is clicked on

2021-01-22 10:43:47 - [MESSAGE][PASSED] - Switched to window with index: '0'

2021-01-22 10:43:47 - [MESSAGE][PASSED] - Click button "Logout"

2021-01-22 10:43:47 - [TEST_STEP][PASSED] - Close browser: Close browser

2021-01-22 10:43:47 - [MESSAGE][PASSED] - Browser is closed

2021-01-22 10:43:47 - [MESSAGE][PASSED] - Close browser

2021-01-22 10:43:47 - [TEST_CASE][PASSED] - Start Test Case : SCENARIO Search by STATUS Waiting approval from Risk: SCENARIO Search by STATUS Waiting approval from Risk

2021-01-22 10:43:47 - [TEST_STEP][PASSED] - Go to ISTools: Go to ISTools

2021-01-22 10:43:47 - [MESSAGE][INFO] - Starting 'Chrome (headless)' driver

2021-01-22 10:43:47 - [MESSAGE][INFO] - User set preference: ['args', '[--start-maximized, --disable-gpu, --no-proxy-server, â€“-no-sandbox, --allow-running-insecure-content, --ignore-certificate-errors, window-size=1680,814, force-device-scale-factor=2, --lang=en-GB]']

2021-01-22 10:43:47 - [MESSAGE][INFO] - User set preference: ['prefs', '{download.default_directory=/Users/chaidir.pratama01/Katalon Studio/IST_Automation_Git/Download}']

2021-01-22 10:43:47 - [MESSAGE][INFO] - Action delay is set to 0 milliseconds

2021-01-22 10:43:47 - [MESSAGE][PASSED] - Browser is opened with url: ''

2021-01-22 10:43:48 - [MESSAGE][PASSED] - Navigate to 'https://dev-istools.homecredit.id/foundation/' successfully

2021-01-22 10:43:48 - [MESSAGE][PASSED] - Go to ISTools

2021-01-22 10:43:48 - [TEST_STEP][PASSED] - Login IST with valid credentials: Login IST with valid credentials

2021-01-22 10:43:48 - [MESSAGE][PASSED] - Text 'mobile.test' is set on object 'Object Repository/Page_/input_Username_j_username'

2021-01-22 10:43:48 - [MESSAGE][PASSED] - Text ****** has been set on object 'Object Repository/Page_/input_Password_j_password'

2021-01-22 10:43:49 - [MESSAGE][PASSED] - Object: 'Object Repository/Page_/button_Login' is clicked on

2021-01-22 10:43:49 - [MESSAGE][PASSED] - Login IST with valid credentials

2021-01-22 10:43:49 - [TEST_STEP][PASSED] - Login Success: Login Success

2021-01-22 10:43:49 - [MESSAGE][INFO] - Login Success

2021-01-22 10:43:49 - [MESSAGE][PASSED] - Current window maximized

2021-01-22 10:43:49 - [MESSAGE][PASSED] - Object 'Object Repository/Page_/h1_Welcome to IT Supporting Tools' is present

2021-01-22 10:43:49 - [MESSAGE][PASSED] - Login Success

2021-01-22 10:43:49 - [TEST_STEP][PASSED] - Select Arrow Menu "Real Time Disbursement": Select Arrow Menu "Real Time Disbursement"

2021-01-22 10:43:49 - [MESSAGE][PASSED] - Object: '' is clicked on

2021-01-22 10:43:49 - [MESSAGE][PASSED] - Select Arrow Menu "Real Time Disbursement"

2021-01-22 10:43:49 - [TEST_STEP][PASSED] - Select Menu "Disbursement Dashboard": Select Menu "Disbursement Dashboard"

2021-01-22 10:43:49 - [MESSAGE][PASSED] - Taking screenshot successfully
[[ATTACHMENT|/Users/chaidir.pratama01/Documents/Docs/Katalon Studio/Screenshot/test-Disbursement Dashboard.png]]

2021-01-22 10:43:49 - [MESSAGE][PASSED] - Object '' is present

2021-01-22 10:43:49 - [MESSAGE][PASSED] - Object: '' is clicked on

2021-01-22 10:43:49 - [MESSAGE][PASSED] - Wait for page load successfully

2021-01-22 10:43:49 - [MESSAGE][PASSED] - Select Menu "Disbursement Dashboard"

2021-01-22 10:43:49 - [TEST_STEP][PASSED] - Select STATUS "Waiting approval from Risk": Select STATUS "Waiting approval from Risk"

2021-01-22 10:43:50 - [MESSAGE][PASSED] - All options with value 'Waiting approval from Risk' are selected in object ''  using regular expression

2021-01-22 10:43:50 - [MESSAGE][PASSED] - Select STATUS "Waiting approval from Risk"

2021-01-22 10:43:50 - [TEST_STEP][PASSED] - Click button "Search": Click button "Search"

2021-01-22 10:43:50 - [MESSAGE][INFO] - >>>>>//Button[contains(text(),'Search')]

2021-01-22 10:43:53 - [MESSAGE][PASSED] - Object '' is present

2021-01-22 10:43:53 - [MESSAGE][PASSED] - Object: '' is clicked on

2021-01-22 10:43:53 - [MESSAGE][PASSED] - Switched to window with index: '0'

2021-01-22 10:43:53 - [MESSAGE][PASSED] - Click button "Search"

2021-01-22 10:43:53 - [TEST_STEP][PASSED] - Verify Search Result Presents: Verify Search Result Presents

2021-01-22 10:43:53 - [MESSAGE][PASSED] - Object '' is present

2021-01-22 10:43:55 - [MESSAGE][PASSED] - Verify Search Result Presents

2021-01-22 10:43:55 - [TEST_STEP][PASSED] - Click button "Logout": Click button "Logout"

2021-01-22 10:43:55 - [MESSAGE][INFO] - >>>>>//Button[contains(text(),'Logout')]

2021-01-22 10:43:58 - [MESSAGE][PASSED] - Object '' is present

2021-01-22 10:43:59 - [MESSAGE][PASSED] - Object: '' is clicked on

2021-01-22 10:43:59 - [MESSAGE][PASSED] - Switched to window with index: '0'

2021-01-22 10:43:59 - [MESSAGE][PASSED] - Click button "Logout"

2021-01-22 10:43:59 - [TEST_STEP][PASSED] - Close browser: Close browser

2021-01-22 10:43:59 - [MESSAGE][PASSED] - Browser is closed

2021-01-22 10:43:59 - [MESSAGE][PASSED] - Close browser

2021-01-22 10:43:59 - [TEST_CASE][PASSED] - Start Test Case : SCENARIO Search by STATUS Waiting for approval from In Payment: SCENARIO Search by STATUS Waiting for approval from In Payment

2021-01-22 10:43:59 - [TEST_STEP][PASSED] - Go to ISTools: Go to ISTools

2021-01-22 10:43:59 - [MESSAGE][INFO] - Starting 'Chrome (headless)' driver

2021-01-22 10:43:59 - [MESSAGE][INFO] - User set preference: ['args', '[--start-maximized, --disable-gpu, --no-proxy-server, â€“-no-sandbox, --allow-running-insecure-content, --ignore-certificate-errors, window-size=1680,814, force-device-scale-factor=2, --lang=en-GB]']

2021-01-22 10:43:59 - [MESSAGE][INFO] - User set preference: ['prefs', '{download.default_directory=/Users/chaidir.pratama01/Katalon Studio/IST_Automation_Git/Download}']

2021-01-22 10:43:59 - [MESSAGE][INFO] - Action delay is set to 0 milliseconds

2021-01-22 10:43:59 - [MESSAGE][PASSED] - Browser is opened with url: ''

2021-01-22 10:44:00 - [MESSAGE][PASSED] - Navigate to 'https://dev-istools.homecredit.id/foundation/' successfully

2021-01-22 10:44:00 - [MESSAGE][PASSED] - Go to ISTools

2021-01-22 10:44:00 - [TEST_STEP][PASSED] - Login IST with valid credentials: Login IST with valid credentials

2021-01-22 10:44:00 - [MESSAGE][PASSED] - Text 'mobile.test' is set on object 'Object Repository/Page_/input_Username_j_username'

2021-01-22 10:44:00 - [MESSAGE][PASSED] - Text ****** has been set on object 'Object Repository/Page_/input_Password_j_password'

2021-01-22 10:44:01 - [MESSAGE][PASSED] - Object: 'Object Repository/Page_/button_Login' is clicked on

2021-01-22 10:44:01 - [MESSAGE][PASSED] - Login IST with valid credentials

2021-01-22 10:44:01 - [TEST_STEP][PASSED] - Login Success: Login Success

2021-01-22 10:44:01 - [MESSAGE][INFO] - Login Success

2021-01-22 10:44:01 - [MESSAGE][PASSED] - Current window maximized

2021-01-22 10:44:01 - [MESSAGE][PASSED] - Object 'Object Repository/Page_/h1_Welcome to IT Supporting Tools' is present

2021-01-22 10:44:01 - [MESSAGE][PASSED] - Login Success

2021-01-22 10:44:01 - [TEST_STEP][PASSED] - Select Arrow Menu "Real Time Disbursement": Select Arrow Menu "Real Time Disbursement"

2021-01-22 10:44:01 - [MESSAGE][PASSED] - Object: '' is clicked on

2021-01-22 10:44:01 - [MESSAGE][PASSED] - Select Arrow Menu "Real Time Disbursement"

2021-01-22 10:44:01 - [TEST_STEP][PASSED] - Select Menu "Disbursement Dashboard": Select Menu "Disbursement Dashboard"

2021-01-22 10:44:02 - [MESSAGE][PASSED] - Taking screenshot successfully
[[ATTACHMENT|/Users/chaidir.pratama01/Documents/Docs/Katalon Studio/Screenshot/test-Disbursement Dashboard.png]]

2021-01-22 10:44:02 - [MESSAGE][PASSED] - Object '' is present

2021-01-22 10:44:02 - [MESSAGE][PASSED] - Object: '' is clicked on

2021-01-22 10:44:02 - [MESSAGE][PASSED] - Wait for page load successfully

2021-01-22 10:44:02 - [MESSAGE][PASSED] - Select Menu "Disbursement Dashboard"

2021-01-22 10:44:02 - [TEST_STEP][PASSED] - Select STATUS "Waiting for approval from In Payment": Select STATUS "Waiting for approval from In Payment"

2021-01-22 10:44:02 - [MESSAGE][PASSED] - All options with value 'Waiting for approval from In Payment' are selected in object ''  using regular expression

2021-01-22 10:44:02 - [MESSAGE][PASSED] - Select STATUS "Waiting for approval from In Payment"

2021-01-22 10:44:02 - [TEST_STEP][PASSED] - Click button "Search": Click button "Search"

2021-01-22 10:44:02 - [MESSAGE][INFO] - >>>>>//Button[contains(text(),'Search')]

2021-01-22 10:44:05 - [MESSAGE][PASSED] - Object '' is present

2021-01-22 10:44:05 - [MESSAGE][PASSED] - Object: '' is clicked on

2021-01-22 10:44:05 - [MESSAGE][PASSED] - Switched to window with index: '0'

2021-01-22 10:44:05 - [MESSAGE][PASSED] - Click button "Search"

2021-01-22 10:44:05 - [TEST_STEP][PASSED] - Verify Search Result Presents: Verify Search Result Presents

2021-01-22 10:44:05 - [MESSAGE][PASSED] - Object '' is present

2021-01-22 10:44:06 - [MESSAGE][PASSED] - Verify Search Result Presents

2021-01-22 10:44:06 - [TEST_STEP][PASSED] - Click button "Logout": Click button "Logout"

2021-01-22 10:44:06 - [MESSAGE][INFO] - >>>>>//Button[contains(text(),'Logout')]

2021-01-22 10:44:09 - [MESSAGE][PASSED] - Object '' is present

2021-01-22 10:44:09 - [MESSAGE][PASSED] - Object: '' is clicked on

2021-01-22 10:44:09 - [MESSAGE][PASSED] - Switched to window with index: '0'

2021-01-22 10:44:09 - [MESSAGE][PASSED] - Click button "Logout"

2021-01-22 10:44:09 - [TEST_STEP][PASSED] - Close browser: Close browser

2021-01-22 10:44:09 - [MESSAGE][PASSED] - Browser is closed

2021-01-22 10:44:09 - [MESSAGE][PASSED] - Close browser

2021-01-22 10:44:09 - [TEST_CASE][PASSED] - Start Test Case : SCENARIO Search by STATUS Not eligible to disburse: SCENARIO Search by STATUS Not eligible to disburse

2021-01-22 10:44:09 - [TEST_STEP][PASSED] - Go to ISTools: Go to ISTools

2021-01-22 10:44:09 - [MESSAGE][INFO] - Starting 'Chrome (headless)' driver

2021-01-22 10:44:09 - [MESSAGE][INFO] - User set preference: ['args', '[--start-maximized, --disable-gpu, --no-proxy-server, â€“-no-sandbox, --allow-running-insecure-content, --ignore-certificate-errors, window-size=1680,814, force-device-scale-factor=2, --lang=en-GB]']

2021-01-22 10:44:09 - [MESSAGE][INFO] - User set preference: ['prefs', '{download.default_directory=/Users/chaidir.pratama01/Katalon Studio/IST_Automation_Git/Download}']

2021-01-22 10:44:09 - [MESSAGE][INFO] - Action delay is set to 0 milliseconds

2021-01-22 10:44:09 - [MESSAGE][PASSED] - Browser is opened with url: ''

2021-01-22 10:44:10 - [MESSAGE][PASSED] - Navigate to 'https://dev-istools.homecredit.id/foundation/' successfully

2021-01-22 10:44:10 - [MESSAGE][PASSED] - Go to ISTools

2021-01-22 10:44:10 - [TEST_STEP][PASSED] - Login IST with valid credentials: Login IST with valid credentials

2021-01-22 10:44:11 - [MESSAGE][PASSED] - Text 'mobile.test' is set on object 'Object Repository/Page_/input_Username_j_username'

2021-01-22 10:44:11 - [MESSAGE][PASSED] - Text ****** has been set on object 'Object Repository/Page_/input_Password_j_password'

2021-01-22 10:44:11 - [MESSAGE][PASSED] - Object: 'Object Repository/Page_/button_Login' is clicked on

2021-01-22 10:44:11 - [MESSAGE][PASSED] - Login IST with valid credentials

2021-01-22 10:44:11 - [TEST_STEP][PASSED] - Login Success: Login Success

2021-01-22 10:44:11 - [MESSAGE][INFO] - Login Success

2021-01-22 10:44:11 - [MESSAGE][PASSED] - Current window maximized

2021-01-22 10:44:11 - [MESSAGE][PASSED] - Object 'Object Repository/Page_/h1_Welcome to IT Supporting Tools' is present

2021-01-22 10:44:11 - [MESSAGE][PASSED] - Login Success

2021-01-22 10:44:11 - [TEST_STEP][PASSED] - Select Arrow Menu "Real Time Disbursement": Select Arrow Menu "Real Time Disbursement"

2021-01-22 10:44:11 - [MESSAGE][PASSED] - Object: '' is clicked on

2021-01-22 10:44:11 - [MESSAGE][PASSED] - Select Arrow Menu "Real Time Disbursement"

2021-01-22 10:44:11 - [TEST_STEP][PASSED] - Select Menu "Disbursement Dashboard": Select Menu "Disbursement Dashboard"

2021-01-22 10:44:12 - [MESSAGE][PASSED] - Taking screenshot successfully
[[ATTACHMENT|/Users/chaidir.pratama01/Documents/Docs/Katalon Studio/Screenshot/test-Disbursement Dashboard.png]]

2021-01-22 10:44:12 - [MESSAGE][PASSED] - Object '' is present

2021-01-22 10:44:12 - [MESSAGE][PASSED] - Object: '' is clicked on

2021-01-22 10:44:12 - [MESSAGE][PASSED] - Wait for page load successfully

2021-01-22 10:44:12 - [MESSAGE][PASSED] - Select Menu "Disbursement Dashboard"

2021-01-22 10:44:12 - [TEST_STEP][PASSED] - Select STATUS "Not eligible to disburse": Select STATUS "Not eligible to disburse"

2021-01-22 10:44:12 - [MESSAGE][PASSED] - All options with value 'Not eligible to disburse' are selected in object ''  using regular expression

2021-01-22 10:44:12 - [MESSAGE][PASSED] - Select STATUS "Not eligible to disburse"

2021-01-22 10:44:12 - [TEST_STEP][PASSED] - Click button "Search": Click button "Search"

2021-01-22 10:44:12 - [MESSAGE][INFO] - >>>>>//Button[contains(text(),'Search')]

2021-01-22 10:44:15 - [MESSAGE][PASSED] - Object '' is present

2021-01-22 10:44:15 - [MESSAGE][PASSED] - Object: '' is clicked on

2021-01-22 10:44:15 - [MESSAGE][PASSED] - Switched to window with index: '0'

2021-01-22 10:44:15 - [MESSAGE][PASSED] - Click button "Search"

2021-01-22 10:44:15 - [TEST_STEP][PASSED] - Verify Search Result Presents: Verify Search Result Presents

2021-01-22 10:44:16 - [MESSAGE][PASSED] - Object '' is present

2021-01-22 10:44:22 - [MESSAGE][PASSED] - Verify Search Result Presents

2021-01-22 10:44:22 - [TEST_STEP][PASSED] - Click button "Logout": Click button "Logout"

2021-01-22 10:44:22 - [MESSAGE][INFO] - >>>>>//Button[contains(text(),'Logout')]

2021-01-22 10:44:25 - [MESSAGE][PASSED] - Object '' is present

2021-01-22 10:44:25 - [MESSAGE][PASSED] - Object: '' is clicked on

2021-01-22 10:44:25 - [MESSAGE][PASSED] - Switched to window with index: '0'

2021-01-22 10:44:25 - [MESSAGE][PASSED] - Click button "Logout"

2021-01-22 10:44:25 - [TEST_STEP][PASSED] - Close browser: Close browser

2021-01-22 10:44:25 - [MESSAGE][PASSED] - Browser is closed

2021-01-22 10:44:25 - [MESSAGE][PASSED] - Close browser

2021-01-22 10:44:25 - [TEST_CASE][PASSED] - Start Test Case : SCENARIO Search by STATUS Ready to disburse: SCENARIO Search by STATUS Ready to disburse

2021-01-22 10:44:25 - [TEST_STEP][PASSED] - Go to ISTools: Go to ISTools

2021-01-22 10:44:25 - [MESSAGE][INFO] - Starting 'Chrome (headless)' driver

2021-01-22 10:44:25 - [MESSAGE][INFO] - User set preference: ['args', '[--start-maximized, --disable-gpu, --no-proxy-server, â€“-no-sandbox, --allow-running-insecure-content, --ignore-certificate-errors, window-size=1680,814, force-device-scale-factor=2, --lang=en-GB]']

2021-01-22 10:44:25 - [MESSAGE][INFO] - User set preference: ['prefs', '{download.default_directory=/Users/chaidir.pratama01/Katalon Studio/IST_Automation_Git/Download}']

2021-01-22 10:44:25 - [MESSAGE][INFO] - Action delay is set to 0 milliseconds

2021-01-22 10:44:26 - [MESSAGE][PASSED] - Browser is opened with url: ''

2021-01-22 10:44:26 - [MESSAGE][PASSED] - Navigate to 'https://dev-istools.homecredit.id/foundation/' successfully

2021-01-22 10:44:26 - [MESSAGE][PASSED] - Go to ISTools

2021-01-22 10:44:26 - [TEST_STEP][PASSED] - Login IST with valid credentials: Login IST with valid credentials

2021-01-22 10:44:27 - [MESSAGE][PASSED] - Text 'mobile.test' is set on object 'Object Repository/Page_/input_Username_j_username'

2021-01-22 10:44:27 - [MESSAGE][PASSED] - Text ****** has been set on object 'Object Repository/Page_/input_Password_j_password'

2021-01-22 10:44:27 - [MESSAGE][PASSED] - Object: 'Object Repository/Page_/button_Login' is clicked on

2021-01-22 10:44:27 - [MESSAGE][PASSED] - Login IST with valid credentials

2021-01-22 10:44:27 - [TEST_STEP][PASSED] - Login Success: Login Success

2021-01-22 10:44:27 - [MESSAGE][INFO] - Login Success

2021-01-22 10:44:27 - [MESSAGE][PASSED] - Current window maximized

2021-01-22 10:44:27 - [MESSAGE][PASSED] - Object 'Object Repository/Page_/h1_Welcome to IT Supporting Tools' is present

2021-01-22 10:44:27 - [MESSAGE][PASSED] - Login Success

2021-01-22 10:44:27 - [TEST_STEP][PASSED] - Select Arrow Menu "Real Time Disbursement": Select Arrow Menu "Real Time Disbursement"

2021-01-22 10:44:27 - [MESSAGE][PASSED] - Object: '' is clicked on

2021-01-22 10:44:27 - [MESSAGE][PASSED] - Select Arrow Menu "Real Time Disbursement"

2021-01-22 10:44:27 - [TEST_STEP][PASSED] - Select Menu "Disbursement Dashboard": Select Menu "Disbursement Dashboard"

2021-01-22 10:44:28 - [MESSAGE][PASSED] - Taking screenshot successfully
[[ATTACHMENT|/Users/chaidir.pratama01/Documents/Docs/Katalon Studio/Screenshot/test-Disbursement Dashboard.png]]

2021-01-22 10:44:28 - [MESSAGE][PASSED] - Object '' is present

2021-01-22 10:44:28 - [MESSAGE][PASSED] - Object: '' is clicked on

2021-01-22 10:44:28 - [MESSAGE][PASSED] - Wait for page load successfully

2021-01-22 10:44:28 - [MESSAGE][PASSED] - Select Menu "Disbursement Dashboard"

2021-01-22 10:44:28 - [TEST_STEP][PASSED] - Select STATUS "Ready to disburse": Select STATUS "Ready to disburse"

2021-01-22 10:44:28 - [MESSAGE][PASSED] - All options with value 'Ready to disburse' are selected in object ''  using regular expression

2021-01-22 10:44:28 - [MESSAGE][PASSED] - Select STATUS "Ready to disburse"

2021-01-22 10:44:28 - [TEST_STEP][PASSED] - Click button "Search": Click button "Search"

2021-01-22 10:44:28 - [MESSAGE][INFO] - >>>>>//Button[contains(text(),'Search')]

2021-01-22 10:44:31 - [MESSAGE][PASSED] - Object '' is present

2021-01-22 10:44:31 - [MESSAGE][PASSED] - Object: '' is clicked on

2021-01-22 10:44:31 - [MESSAGE][PASSED] - Switched to window with index: '0'

2021-01-22 10:44:31 - [MESSAGE][PASSED] - Click button "Search"

2021-01-22 10:44:31 - [TEST_STEP][PASSED] - Verify Search Result Presents: Verify Search Result Presents

2021-01-22 10:44:32 - [MESSAGE][PASSED] - Object '' is present

2021-01-22 10:44:34 - [MESSAGE][PASSED] - Verify Search Result Presents

2021-01-22 10:44:34 - [TEST_STEP][PASSED] - Click button "Logout": Click button "Logout"

2021-01-22 10:44:34 - [MESSAGE][INFO] - >>>>>//Button[contains(text(),'Logout')]

2021-01-22 10:44:37 - [MESSAGE][PASSED] - Object '' is present

2021-01-22 10:44:37 - [MESSAGE][PASSED] - Object: '' is clicked on

2021-01-22 10:44:37 - [MESSAGE][PASSED] - Switched to window with index: '0'

2021-01-22 10:44:37 - [MESSAGE][PASSED] - Click button "Logout"

2021-01-22 10:44:37 - [TEST_STEP][PASSED] - Close browser: Close browser

2021-01-22 10:44:37 - [MESSAGE][PASSED] - Browser is closed

2021-01-22 10:44:37 - [MESSAGE][PASSED] - Close browser

2021-01-22 10:44:37 - [TEST_CASE][PASSED] - Start Test Case : SCENARIO Search by STATUS Failed due to invalid bank account: SCENARIO Search by STATUS Failed due to invalid bank account

2021-01-22 10:44:37 - [TEST_STEP][PASSED] - Go to ISTools: Go to ISTools

2021-01-22 10:44:37 - [MESSAGE][INFO] - Starting 'Chrome (headless)' driver

2021-01-22 10:44:37 - [MESSAGE][INFO] - User set preference: ['args', '[--start-maximized, --disable-gpu, --no-proxy-server, â€“-no-sandbox, --allow-running-insecure-content, --ignore-certificate-errors, window-size=1680,814, force-device-scale-factor=2, --lang=en-GB]']

2021-01-22 10:44:37 - [MESSAGE][INFO] - User set preference: ['prefs', '{download.default_directory=/Users/chaidir.pratama01/Katalon Studio/IST_Automation_Git/Download}']

2021-01-22 10:44:37 - [MESSAGE][INFO] - Action delay is set to 0 milliseconds

2021-01-22 10:44:38 - [MESSAGE][PASSED] - Browser is opened with url: ''

2021-01-22 10:44:38 - [MESSAGE][PASSED] - Navigate to 'https://dev-istools.homecredit.id/foundation/' successfully

2021-01-22 10:44:38 - [MESSAGE][PASSED] - Go to ISTools

2021-01-22 10:44:38 - [TEST_STEP][PASSED] - Login IST with valid credentials: Login IST with valid credentials

2021-01-22 10:44:38 - [MESSAGE][PASSED] - Text 'mobile.test' is set on object 'Object Repository/Page_/input_Username_j_username'

2021-01-22 10:44:39 - [MESSAGE][PASSED] - Text ****** has been set on object 'Object Repository/Page_/input_Password_j_password'

2021-01-22 10:44:39 - [MESSAGE][PASSED] - Object: 'Object Repository/Page_/button_Login' is clicked on

2021-01-22 10:44:39 - [MESSAGE][PASSED] - Login IST with valid credentials

2021-01-22 10:44:39 - [TEST_STEP][PASSED] - Login Success: Login Success

2021-01-22 10:44:39 - [MESSAGE][INFO] - Login Success

2021-01-22 10:44:39 - [MESSAGE][PASSED] - Current window maximized

2021-01-22 10:44:39 - [MESSAGE][PASSED] - Object 'Object Repository/Page_/h1_Welcome to IT Supporting Tools' is present

2021-01-22 10:44:39 - [MESSAGE][PASSED] - Login Success

2021-01-22 10:44:39 - [TEST_STEP][PASSED] - Select Arrow Menu "Real Time Disbursement": Select Arrow Menu "Real Time Disbursement"

2021-01-22 10:44:39 - [MESSAGE][PASSED] - Object: '' is clicked on

2021-01-22 10:44:39 - [MESSAGE][PASSED] - Select Arrow Menu "Real Time Disbursement"

2021-01-22 10:44:39 - [TEST_STEP][PASSED] - Select Menu "Disbursement Dashboard": Select Menu "Disbursement Dashboard"

2021-01-22 10:44:40 - [MESSAGE][PASSED] - Taking screenshot successfully
[[ATTACHMENT|/Users/chaidir.pratama01/Documents/Docs/Katalon Studio/Screenshot/test-Disbursement Dashboard.png]]

2021-01-22 10:44:40 - [MESSAGE][PASSED] - Object '' is present

2021-01-22 10:44:40 - [MESSAGE][PASSED] - Object: '' is clicked on

2021-01-22 10:44:40 - [MESSAGE][PASSED] - Wait for page load successfully

2021-01-22 10:44:40 - [MESSAGE][PASSED] - Select Menu "Disbursement Dashboard"

2021-01-22 10:44:40 - [TEST_STEP][PASSED] - Select STATUS "Failed due to invalid bank account": Select STATUS "Failed due to invalid bank account"

2021-01-22 10:44:40 - [MESSAGE][PASSED] - All options with value 'Failed due to invalid bank account' are selected in object ''  using regular expression

2021-01-22 10:44:40 - [MESSAGE][PASSED] - Select STATUS "Failed due to invalid bank account"

2021-01-22 10:44:40 - [TEST_STEP][PASSED] - Click button "Search": Click button "Search"

2021-01-22 10:44:40 - [MESSAGE][INFO] - >>>>>//Button[contains(text(),'Search')]

2021-01-22 10:44:43 - [MESSAGE][PASSED] - Object '' is present

2021-01-22 10:44:43 - [MESSAGE][PASSED] - Object: '' is clicked on

2021-01-22 10:44:43 - [MESSAGE][PASSED] - Switched to window with index: '0'

2021-01-22 10:44:43 - [MESSAGE][PASSED] - Click button "Search"

2021-01-22 10:44:43 - [TEST_STEP][PASSED] - Verify Search Result Presents: Verify Search Result Presents

2021-01-22 10:44:43 - [MESSAGE][PASSED] - Object '' is present

2021-01-22 10:44:45 - [MESSAGE][PASSED] - Verify Search Result Presents

2021-01-22 10:44:45 - [TEST_STEP][PASSED] - Click button "Logout": Click button "Logout"

2021-01-22 10:44:45 - [MESSAGE][INFO] - >>>>>//Button[contains(text(),'Logout')]

2021-01-22 10:44:48 - [MESSAGE][PASSED] - Object '' is present

2021-01-22 10:44:48 - [MESSAGE][PASSED] - Object: '' is clicked on

2021-01-22 10:44:48 - [MESSAGE][PASSED] - Switched to window with index: '0'

2021-01-22 10:44:48 - [MESSAGE][PASSED] - Click button "Logout"

2021-01-22 10:44:48 - [TEST_STEP][PASSED] - Close browser: Close browser

2021-01-22 10:44:48 - [MESSAGE][PASSED] - Browser is closed

2021-01-22 10:44:48 - [MESSAGE][PASSED] - Close browser

2021-01-22 10:44:48 - [TEST_CASE][PASSED] - Start Test Case : SCENARIO Search by STATUS Failed due to system error: SCENARIO Search by STATUS Failed due to system error

2021-01-22 10:44:48 - [TEST_STEP][PASSED] - Go to ISTools: Go to ISTools

2021-01-22 10:44:48 - [MESSAGE][INFO] - Starting 'Chrome (headless)' driver

2021-01-22 10:44:48 - [MESSAGE][INFO] - User set preference: ['args', '[--start-maximized, --disable-gpu, --no-proxy-server, â€“-no-sandbox, --allow-running-insecure-content, --ignore-certificate-errors, window-size=1680,814, force-device-scale-factor=2, --lang=en-GB]']

2021-01-22 10:44:48 - [MESSAGE][INFO] - User set preference: ['prefs', '{download.default_directory=/Users/chaidir.pratama01/Katalon Studio/IST_Automation_Git/Download}']

2021-01-22 10:44:48 - [MESSAGE][INFO] - Action delay is set to 0 milliseconds

2021-01-22 10:44:48 - [MESSAGE][PASSED] - Browser is opened with url: ''

2021-01-22 10:44:49 - [MESSAGE][PASSED] - Navigate to 'https://dev-istools.homecredit.id/foundation/' successfully

2021-01-22 10:44:49 - [MESSAGE][PASSED] - Go to ISTools

2021-01-22 10:44:49 - [TEST_STEP][PASSED] - Login IST with valid credentials: Login IST with valid credentials

2021-01-22 10:44:49 - [MESSAGE][PASSED] - Text 'mobile.test' is set on object 'Object Repository/Page_/input_Username_j_username'

2021-01-22 10:44:49 - [MESSAGE][PASSED] - Text ****** has been set on object 'Object Repository/Page_/input_Password_j_password'

2021-01-22 10:44:50 - [MESSAGE][PASSED] - Object: 'Object Repository/Page_/button_Login' is clicked on

2021-01-22 10:44:50 - [MESSAGE][PASSED] - Login IST with valid credentials

2021-01-22 10:44:50 - [TEST_STEP][PASSED] - Login Success: Login Success

2021-01-22 10:44:50 - [MESSAGE][INFO] - Login Success

2021-01-22 10:44:50 - [MESSAGE][PASSED] - Current window maximized

2021-01-22 10:44:50 - [MESSAGE][PASSED] - Object 'Object Repository/Page_/h1_Welcome to IT Supporting Tools' is present

2021-01-22 10:44:50 - [MESSAGE][PASSED] - Login Success

2021-01-22 10:44:50 - [TEST_STEP][PASSED] - Select Arrow Menu "Real Time Disbursement": Select Arrow Menu "Real Time Disbursement"

2021-01-22 10:44:50 - [MESSAGE][PASSED] - Object: '' is clicked on

2021-01-22 10:44:50 - [MESSAGE][PASSED] - Select Arrow Menu "Real Time Disbursement"

2021-01-22 10:44:50 - [TEST_STEP][PASSED] - Select Menu "Disbursement Dashboard": Select Menu "Disbursement Dashboard"

2021-01-22 10:44:51 - [MESSAGE][PASSED] - Taking screenshot successfully
[[ATTACHMENT|/Users/chaidir.pratama01/Documents/Docs/Katalon Studio/Screenshot/test-Disbursement Dashboard.png]]

2021-01-22 10:44:51 - [MESSAGE][PASSED] - Object '' is present

2021-01-22 10:44:51 - [MESSAGE][PASSED] - Object: '' is clicked on

2021-01-22 10:44:51 - [MESSAGE][PASSED] - Wait for page load successfully

2021-01-22 10:44:51 - [MESSAGE][PASSED] - Select Menu "Disbursement Dashboard"

2021-01-22 10:44:51 - [TEST_STEP][PASSED] - Select STATUS "Failed due to system error": Select STATUS "Failed due to system error"

2021-01-22 10:44:51 - [MESSAGE][PASSED] - All options with value 'Failed due to system error' are selected in object ''  using regular expression

2021-01-22 10:44:51 - [MESSAGE][PASSED] - Select STATUS "Failed due to system error"

2021-01-22 10:44:51 - [TEST_STEP][PASSED] - Click button "Search": Click button "Search"

2021-01-22 10:44:51 - [MESSAGE][INFO] - >>>>>//Button[contains(text(),'Search')]

2021-01-22 10:44:54 - [MESSAGE][PASSED] - Object '' is present

2021-01-22 10:44:54 - [MESSAGE][PASSED] - Object: '' is clicked on

2021-01-22 10:44:54 - [MESSAGE][PASSED] - Switched to window with index: '0'

2021-01-22 10:44:54 - [MESSAGE][PASSED] - Click button "Search"

2021-01-22 10:44:54 - [TEST_STEP][PASSED] - Verify Search Result Presents: Verify Search Result Presents

2021-01-22 10:44:54 - [MESSAGE][PASSED] - Object '' is present

2021-01-22 10:44:58 - [MESSAGE][PASSED] - Verify Search Result Presents

2021-01-22 10:44:58 - [TEST_STEP][PASSED] - Click button "Logout": Click button "Logout"

2021-01-22 10:44:58 - [MESSAGE][INFO] - >>>>>//Button[contains(text(),'Logout')]

2021-01-22 10:45:01 - [MESSAGE][PASSED] - Object '' is present

2021-01-22 10:45:01 - [MESSAGE][PASSED] - Object: '' is clicked on

2021-01-22 10:45:01 - [MESSAGE][PASSED] - Switched to window with index: '0'

2021-01-22 10:45:01 - [MESSAGE][PASSED] - Click button "Logout"

2021-01-22 10:45:01 - [TEST_STEP][PASSED] - Close browser: Close browser

2021-01-22 10:45:01 - [MESSAGE][PASSED] - Browser is closed

2021-01-22 10:45:01 - [MESSAGE][PASSED] - Close browser

2021-01-22 10:45:01 - [TEST_CASE][PASSED] - Start Test Case : SCENARIO Search by STATUS Failed due to insufficient fund: SCENARIO Search by STATUS Failed due to insufficient fund

2021-01-22 10:45:01 - [TEST_STEP][PASSED] - Go to ISTools: Go to ISTools

2021-01-22 10:45:01 - [MESSAGE][INFO] - Starting 'Chrome (headless)' driver

2021-01-22 10:45:01 - [MESSAGE][INFO] - User set preference: ['args', '[--start-maximized, --disable-gpu, --no-proxy-server, â€“-no-sandbox, --allow-running-insecure-content, --ignore-certificate-errors, window-size=1680,814, force-device-scale-factor=2, --lang=en-GB]']

2021-01-22 10:45:01 - [MESSAGE][INFO] - User set preference: ['prefs', '{download.default_directory=/Users/chaidir.pratama01/Katalon Studio/IST_Automation_Git/Download}']

2021-01-22 10:45:01 - [MESSAGE][INFO] - Action delay is set to 0 milliseconds

2021-01-22 10:45:01 - [MESSAGE][PASSED] - Browser is opened with url: ''

2021-01-22 10:45:03 - [MESSAGE][PASSED] - Navigate to 'https://dev-istools.homecredit.id/foundation/' successfully

2021-01-22 10:45:03 - [MESSAGE][PASSED] - Go to ISTools

2021-01-22 10:45:03 - [TEST_STEP][PASSED] - Login IST with valid credentials: Login IST with valid credentials

2021-01-22 10:45:03 - [MESSAGE][PASSED] - Text 'mobile.test' is set on object 'Object Repository/Page_/input_Username_j_username'

2021-01-22 10:45:03 - [MESSAGE][PASSED] - Text ****** has been set on object 'Object Repository/Page_/input_Password_j_password'

2021-01-22 10:45:04 - [MESSAGE][PASSED] - Object: 'Object Repository/Page_/button_Login' is clicked on

2021-01-22 10:45:04 - [MESSAGE][PASSED] - Login IST with valid credentials

2021-01-22 10:45:04 - [TEST_STEP][PASSED] - Login Success: Login Success

2021-01-22 10:45:04 - [MESSAGE][INFO] - Login Success

2021-01-22 10:45:04 - [MESSAGE][PASSED] - Current window maximized

2021-01-22 10:45:04 - [MESSAGE][PASSED] - Object 'Object Repository/Page_/h1_Welcome to IT Supporting Tools' is present

2021-01-22 10:45:04 - [MESSAGE][PASSED] - Login Success

2021-01-22 10:45:04 - [TEST_STEP][PASSED] - Select Arrow Menu "Real Time Disbursement": Select Arrow Menu "Real Time Disbursement"

2021-01-22 10:45:04 - [MESSAGE][PASSED] - Object: '' is clicked on

2021-01-22 10:45:04 - [MESSAGE][PASSED] - Select Arrow Menu "Real Time Disbursement"

2021-01-22 10:45:04 - [TEST_STEP][PASSED] - Select Menu "Disbursement Dashboard": Select Menu "Disbursement Dashboard"

2021-01-22 10:45:04 - [MESSAGE][PASSED] - Taking screenshot successfully
[[ATTACHMENT|/Users/chaidir.pratama01/Documents/Docs/Katalon Studio/Screenshot/test-Disbursement Dashboard.png]]

2021-01-22 10:45:04 - [MESSAGE][PASSED] - Object '' is present

2021-01-22 10:45:04 - [MESSAGE][PASSED] - Object: '' is clicked on

2021-01-22 10:45:04 - [MESSAGE][PASSED] - Wait for page load successfully

2021-01-22 10:45:04 - [MESSAGE][PASSED] - Select Menu "Disbursement Dashboard"

2021-01-22 10:45:04 - [TEST_STEP][PASSED] - Select STATUS "Failed due to insufficient fund": Select STATUS "Failed due to insufficient fund"

2021-01-22 10:45:05 - [MESSAGE][PASSED] - All options with value 'Failed due to insufficient fund' are selected in object ''  using regular expression

2021-01-22 10:45:05 - [MESSAGE][PASSED] - Select STATUS "Failed due to insufficient fund"

2021-01-22 10:45:05 - [TEST_STEP][PASSED] - Click button "Search": Click button "Search"

2021-01-22 10:45:05 - [MESSAGE][INFO] - >>>>>//Button[contains(text(),'Search')]

2021-01-22 10:45:08 - [MESSAGE][PASSED] - Object '' is present

2021-01-22 10:45:08 - [MESSAGE][PASSED] - Object: '' is clicked on

2021-01-22 10:45:08 - [MESSAGE][PASSED] - Switched to window with index: '0'

2021-01-22 10:45:08 - [MESSAGE][PASSED] - Click button "Search"

2021-01-22 10:45:08 - [TEST_STEP][PASSED] - Verify Search Result Presents: Verify Search Result Presents

2021-01-22 10:45:12 - [MESSAGE][INFO] - Unable to find the element located by 'By.xpath: //td[@style='display:none' and contains(text(),'-Empty-')]'. Please recheck the objects properties to make sure the desired element is located. 

2021-01-22 10:45:12 - [MESSAGE][WARNING] - com.kms.katalon.core.webui.exception.WebElementNotFoundException: Web element with id: '' located by '//td[@style='display:none' and contains(text(),'-Empty-')]' not found (Root cause: com.kms.katalon.core.exception.StepFailedException: com.kms.katalon.core.webui.exception.WebElementNotFoundException: Web element with id: '' located by '//td[@style='display:none' and contains(text(),'-Empty-')]' not found
	at com.kms.katalon.core.webui.keyword.internal.WebUIKeywordMain.stepFailed(WebUIKeywordMain.groovy:64)
	at com.kms.katalon.core.webui.keyword.builtin.VerifyElementPresentKeyword$_verifyElementPresent_closure1.doCall(VerifyElementPresentKeyword.groovy:85)
	at com.kms.katalon.core.webui.keyword.builtin.VerifyElementPresentKeyword$_verifyElementPresent_closure1.call(VerifyElementPresentKeyword.groovy)
	at com.kms.katalon.core.webui.keyword.internal.WebUIKeywordMain.runKeyword(WebUIKeywordMain.groovy:20)
	at com.kms.katalon.core.webui.keyword.builtin.VerifyElementPresentKeyword.verifyElementPresent(VerifyElementPresentKeyword.groovy:92)
	at com.kms.katalon.core.webui.keyword.builtin.VerifyElementPresentKeyword.execute(VerifyElementPresentKeyword.groovy:68)
	at com.kms.katalon.core.keyword.internal.KeywordExecutor.executeKeywordForPlatform(KeywordExecutor.groovy:73)
	at com.kms.katalon.core.webui.keyword.WebUiBuiltInKeywords.verifyElementPresent(WebUiBuiltInKeywords.groovy:1444)
	at com.kms.katalon.core.webui.keyword.WebUiBuiltInKeywords$verifyElementPresent$11.call(Unknown Source)
	at ist_real.Contract_Dispatcher.VerifyTblFilled(Contract_Dispatcher.groovy:1313)
	at ist_real.Contract_Dispatcher$VerifyTblFilled$0.call(Unknown Source)
	at RTD.Search_Result_Presents(RTD.groovy:191)
	at cucumber.runtime.Utils$1.call(Utils.java:26)
	at cucumber.runtime.Timeout.timeout(Timeout.java:16)
	at cucumber.runtime.Utils.invoke(Utils.java:20)
	at cucumber.runtime.java.JavaStepDefinition.execute(JavaStepDefinition.java:48)
	at cucumber.runtime.PickleStepDefinitionMatch.runStep(PickleStepDefinitionMatch.java:50)
	at cucumber.runner.TestStep.executeStep(TestStep.java:55)
	at cucumber.runner.TestStep.run(TestStep.java:42)
	at cucumber.runner.PickleStepTestStep.run(PickleStepTestStep.java:53)
	at cucumber.runner.TestCase.run(TestCase.java:47)
	at cucumber.runner.Runner.runPickle(Runner.java:44)
	at cucumber.runtime.Runtime.runFeature(Runtime.java:120)
	at cucumber.runtime.Runtime.run(Runtime.java:106)
	at cucumber.api.cli.Main.run(Main.java:35)
	at cucumber.api.cli.Main$run.call(Unknown Source)
	at com.kms.katalon.core.cucumber.keyword.CucumberBuiltinKeywords$_runFeatureFile_closure1.doCall(CucumberBuiltinKeywords.groovy:76)
	at com.kms.katalon.core.cucumber.keyword.CucumberBuiltinKeywords$_runFeatureFile_closure1.doCall(CucumberBuiltinKeywords.groovy)
	at com.kms.katalon.core.keyword.internal.KeywordMain.runKeyword(KeywordMain.groovy:68)
	at com.kms.katalon.core.keyword.internal.KeywordMain$runKeyword.call(Unknown Source)
	at com.kms.katalon.core.cucumber.keyword.CucumberBuiltinKeywords.runFeatureFile(CucumberBuiltinKeywords.groovy:46)
	at com.kms.katalon.core.cucumber.keyword.CucumberBuiltinKeywords$runFeatureFile$0.callStatic(Unknown Source)
	at com.kms.katalon.core.cucumber.keyword.CucumberBuiltinKeywords.runFeatureFile(CucumberBuiltinKeywords.groovy:169)
	at com.kms.katalon.core.cucumber.keyword.CucumberBuiltinKeywords$runFeatureFile.call(Unknown Source)
	at TC_Search_by_STATUS_Disbursement_Dashboard.run(TC_Search_by_STATUS_Disbursement_Dashboard:18)
	at com.kms.katalon.core.main.ScriptEngine.run(ScriptEngine.java:194)
	at com.kms.katalon.core.main.ScriptEngine.runScriptAsRawText(ScriptEngine.java:119)
	at com.kms.katalon.core.main.TestCaseExecutor.runScript(TestCaseExecutor.java:339)
	at com.kms.katalon.core.main.TestCaseExecutor.doExecute(TestCaseExecutor.java:330)
	at com.kms.katalon.core.main.TestCaseExecutor.processExecutionPhase(TestCaseExecutor.java:309)
	at com.kms.katalon.core.main.TestCaseExecutor.accessMainPhase(TestCaseExecutor.java:301)
	at com.kms.katalon.core.main.TestCaseExecutor.execute(TestCaseExecutor.java:235)
	at com.kms.katalon.core.main.TestSuiteExecutor.accessTestCaseMainPhase(TestSuiteExecutor.java:191)
	at com.kms.katalon.core.main.TestSuiteExecutor.accessTestSuiteMainPhase(TestSuiteExecutor.java:141)
	at com.kms.katalon.core.main.TestSuiteExecutor.execute(TestSuiteExecutor.java:90)
	at com.kms.katalon.core.main.TestCaseMain.startTestSuite(TestCaseMain.java:157)
	at com.kms.katalon.core.main.TestCaseMain$startTestSuite$0.call(Unknown Source)
	at TempTestSuite1611286942188.run(TempTestSuite1611286942188.groovy:39)
)
[[ATTACHMENT|/Users/chaidir.pratama01/Katalon Studio/IST_Automation_Git/Reports/20210122_104222/RTD/TS_Disbursement_Dashboard/20210122_104222/1611287112374.png]]

2021-01-22 10:45:13 - [MESSAGE][PASSED] - Verify Search Result Presents

2021-01-22 10:45:13 - [TEST_STEP][PASSED] - Click button "Logout": Click button "Logout"

2021-01-22 10:45:13 - [MESSAGE][INFO] - >>>>>//Button[contains(text(),'Logout')]

2021-01-22 10:45:16 - [MESSAGE][PASSED] - Object '' is present

2021-01-22 10:45:16 - [MESSAGE][PASSED] - Object: '' is clicked on

2021-01-22 10:45:16 - [MESSAGE][PASSED] - Switched to window with index: '0'

2021-01-22 10:45:16 - [MESSAGE][PASSED] - Click button "Logout"

2021-01-22 10:45:16 - [TEST_STEP][PASSED] - Close browser: Close browser

2021-01-22 10:45:16 - [MESSAGE][PASSED] - Browser is closed

2021-01-22 10:45:16 - [MESSAGE][PASSED] - Close browser

2021-01-22 10:45:16 - [TEST_CASE][PASSED] - Start Test Case : SCENARIO Search by STATUS Manual Disbursement: SCENARIO Search by STATUS Manual Disbursement

2021-01-22 10:45:16 - [TEST_STEP][PASSED] - Go to ISTools: Go to ISTools

2021-01-22 10:45:16 - [MESSAGE][INFO] - Starting 'Chrome (headless)' driver

2021-01-22 10:45:16 - [MESSAGE][INFO] - User set preference: ['args', '[--start-maximized, --disable-gpu, --no-proxy-server, â€“-no-sandbox, --allow-running-insecure-content, --ignore-certificate-errors, window-size=1680,814, force-device-scale-factor=2, --lang=en-GB]']

2021-01-22 10:45:16 - [MESSAGE][INFO] - User set preference: ['prefs', '{download.default_directory=/Users/chaidir.pratama01/Katalon Studio/IST_Automation_Git/Download}']

2021-01-22 10:45:16 - [MESSAGE][INFO] - Action delay is set to 0 milliseconds

2021-01-22 10:45:16 - [MESSAGE][PASSED] - Browser is opened with url: ''

2021-01-22 10:45:17 - [MESSAGE][PASSED] - Navigate to 'https://dev-istools.homecredit.id/foundation/' successfully

2021-01-22 10:45:17 - [MESSAGE][PASSED] - Go to ISTools

2021-01-22 10:45:17 - [TEST_STEP][PASSED] - Login IST with valid credentials: Login IST with valid credentials

2021-01-22 10:45:17 - [MESSAGE][PASSED] - Text 'mobile.test' is set on object 'Object Repository/Page_/input_Username_j_username'

2021-01-22 10:45:17 - [MESSAGE][PASSED] - Text ****** has been set on object 'Object Repository/Page_/input_Password_j_password'

2021-01-22 10:45:18 - [MESSAGE][PASSED] - Object: 'Object Repository/Page_/button_Login' is clicked on

2021-01-22 10:45:18 - [MESSAGE][PASSED] - Login IST with valid credentials

2021-01-22 10:45:18 - [TEST_STEP][PASSED] - Login Success: Login Success

2021-01-22 10:45:18 - [MESSAGE][INFO] - Login Success

2021-01-22 10:45:18 - [MESSAGE][PASSED] - Current window maximized

2021-01-22 10:45:18 - [MESSAGE][PASSED] - Object 'Object Repository/Page_/h1_Welcome to IT Supporting Tools' is present

2021-01-22 10:45:18 - [MESSAGE][PASSED] - Login Success

2021-01-22 10:45:18 - [TEST_STEP][PASSED] - Select Arrow Menu "Real Time Disbursement": Select Arrow Menu "Real Time Disbursement"

2021-01-22 10:45:18 - [MESSAGE][PASSED] - Object: '' is clicked on

2021-01-22 10:45:18 - [MESSAGE][PASSED] - Select Arrow Menu "Real Time Disbursement"

2021-01-22 10:45:18 - [TEST_STEP][PASSED] - Select Menu "Disbursement Dashboard": Select Menu "Disbursement Dashboard"

2021-01-22 10:45:19 - [MESSAGE][PASSED] - Taking screenshot successfully
[[ATTACHMENT|/Users/chaidir.pratama01/Documents/Docs/Katalon Studio/Screenshot/test-Disbursement Dashboard.png]]

2021-01-22 10:45:19 - [MESSAGE][PASSED] - Object '' is present

2021-01-22 10:45:19 - [MESSAGE][PASSED] - Object: '' is clicked on

2021-01-22 10:45:19 - [MESSAGE][PASSED] - Wait for page load successfully

2021-01-22 10:45:19 - [MESSAGE][PASSED] - Select Menu "Disbursement Dashboard"

2021-01-22 10:45:19 - [TEST_STEP][PASSED] - Select STATUS "Manual Disbursement": Select STATUS "Manual Disbursement"

2021-01-22 10:45:19 - [MESSAGE][PASSED] - All options with value 'Manual Disbursement' are selected in object ''  using regular expression

2021-01-22 10:45:19 - [MESSAGE][PASSED] - Select STATUS "Manual Disbursement"

2021-01-22 10:45:19 - [TEST_STEP][PASSED] - Click button "Search": Click button "Search"

2021-01-22 10:45:19 - [MESSAGE][INFO] - >>>>>//Button[contains(text(),'Search')]

2021-01-22 10:45:22 - [MESSAGE][PASSED] - Object '' is present

2021-01-22 10:45:22 - [MESSAGE][PASSED] - Object: '' is clicked on

2021-01-22 10:45:22 - [MESSAGE][PASSED] - Switched to window with index: '0'

2021-01-22 10:45:22 - [MESSAGE][PASSED] - Click button "Search"

2021-01-22 10:45:22 - [TEST_STEP][PASSED] - Verify Search Result Presents: Verify Search Result Presents

2021-01-22 10:45:22 - [MESSAGE][PASSED] - Object '' is present

2021-01-22 10:45:29 - [MESSAGE][PASSED] - Verify Search Result Presents

2021-01-22 10:45:29 - [TEST_STEP][PASSED] - Click button "Logout": Click button "Logout"

2021-01-22 10:45:29 - [MESSAGE][INFO] - >>>>>//Button[contains(text(),'Logout')]

2021-01-22 10:45:32 - [MESSAGE][PASSED] - Object '' is present

2021-01-22 10:45:32 - [MESSAGE][PASSED] - Object: '' is clicked on

2021-01-22 10:45:32 - [MESSAGE][PASSED] - Switched to window with index: '0'

2021-01-22 10:45:32 - [MESSAGE][PASSED] - Click button "Logout"

2021-01-22 10:45:32 - [TEST_STEP][PASSED] - Close browser: Close browser

2021-01-22 10:45:32 - [MESSAGE][PASSED] - Browser is closed

2021-01-22 10:45:32 - [MESSAGE][PASSED] - Close browser

2021-01-22 10:45:32 - [TEST_CASE][PASSED] - Start Test Case : SCENARIO Search by STATUS DONE: SCENARIO Search by STATUS DONE

2021-01-22 10:45:32 - [TEST_STEP][PASSED] - Go to ISTools: Go to ISTools

2021-01-22 10:45:32 - [MESSAGE][INFO] - Starting 'Chrome (headless)' driver

2021-01-22 10:45:32 - [MESSAGE][INFO] - User set preference: ['args', '[--start-maximized, --disable-gpu, --no-proxy-server, â€“-no-sandbox, --allow-running-insecure-content, --ignore-certificate-errors, window-size=1680,814, force-device-scale-factor=2, --lang=en-GB]']

2021-01-22 10:45:32 - [MESSAGE][INFO] - User set preference: ['prefs', '{download.default_directory=/Users/chaidir.pratama01/Katalon Studio/IST_Automation_Git/Download}']

2021-01-22 10:45:32 - [MESSAGE][INFO] - Action delay is set to 0 milliseconds

2021-01-22 10:45:33 - [MESSAGE][PASSED] - Browser is opened with url: ''

2021-01-22 10:45:33 - [MESSAGE][PASSED] - Navigate to 'https://dev-istools.homecredit.id/foundation/' successfully

2021-01-22 10:45:33 - [MESSAGE][PASSED] - Go to ISTools

2021-01-22 10:45:33 - [TEST_STEP][PASSED] - Login IST with valid credentials: Login IST with valid credentials

2021-01-22 10:45:34 - [MESSAGE][PASSED] - Text 'mobile.test' is set on object 'Object Repository/Page_/input_Username_j_username'

2021-01-22 10:45:34 - [MESSAGE][PASSED] - Text ****** has been set on object 'Object Repository/Page_/input_Password_j_password'

2021-01-22 10:45:34 - [MESSAGE][PASSED] - Object: 'Object Repository/Page_/button_Login' is clicked on

2021-01-22 10:45:34 - [MESSAGE][PASSED] - Login IST with valid credentials

2021-01-22 10:45:34 - [TEST_STEP][PASSED] - Login Success: Login Success

2021-01-22 10:45:34 - [MESSAGE][INFO] - Login Success

2021-01-22 10:45:34 - [MESSAGE][PASSED] - Current window maximized

2021-01-22 10:45:34 - [MESSAGE][PASSED] - Object 'Object Repository/Page_/h1_Welcome to IT Supporting Tools' is present

2021-01-22 10:45:34 - [MESSAGE][PASSED] - Login Success

2021-01-22 10:45:34 - [TEST_STEP][PASSED] - Select Arrow Menu "Real Time Disbursement": Select Arrow Menu "Real Time Disbursement"

2021-01-22 10:45:34 - [MESSAGE][PASSED] - Object: '' is clicked on

2021-01-22 10:45:34 - [MESSAGE][PASSED] - Select Arrow Menu "Real Time Disbursement"

2021-01-22 10:45:34 - [TEST_STEP][PASSED] - Select Menu "Disbursement Dashboard": Select Menu "Disbursement Dashboard"

2021-01-22 10:45:35 - [MESSAGE][PASSED] - Taking screenshot successfully
[[ATTACHMENT|/Users/chaidir.pratama01/Documents/Docs/Katalon Studio/Screenshot/test-Disbursement Dashboard.png]]

2021-01-22 10:45:35 - [MESSAGE][PASSED] - Object '' is present

2021-01-22 10:45:35 - [MESSAGE][PASSED] - Object: '' is clicked on

2021-01-22 10:45:35 - [MESSAGE][PASSED] - Wait for page load successfully

2021-01-22 10:45:35 - [MESSAGE][PASSED] - Select Menu "Disbursement Dashboard"

2021-01-22 10:45:35 - [TEST_STEP][PASSED] - Select STATUS "DONE": Select STATUS "DONE"

2021-01-22 10:45:35 - [MESSAGE][PASSED] - All options with value 'DONE' are selected in object ''  using regular expression

2021-01-22 10:45:35 - [MESSAGE][PASSED] - Select STATUS "DONE"

2021-01-22 10:45:35 - [TEST_STEP][PASSED] - Click button "Search": Click button "Search"

2021-01-22 10:45:35 - [MESSAGE][INFO] - >>>>>//Button[contains(text(),'Search')]

2021-01-22 10:45:38 - [MESSAGE][PASSED] - Object '' is present

2021-01-22 10:45:38 - [MESSAGE][PASSED] - Object: '' is clicked on

2021-01-22 10:45:38 - [MESSAGE][PASSED] - Switched to window with index: '0'

2021-01-22 10:45:38 - [MESSAGE][PASSED] - Click button "Search"

2021-01-22 10:45:38 - [TEST_STEP][PASSED] - Verify Search Result Presents: Verify Search Result Presents

2021-01-22 10:45:39 - [MESSAGE][PASSED] - Object '' is present

2021-01-22 10:45:46 - [MESSAGE][PASSED] - Verify Search Result Presents

2021-01-22 10:45:46 - [TEST_STEP][PASSED] - Click button "Logout": Click button "Logout"

2021-01-22 10:45:46 - [MESSAGE][INFO] - >>>>>//Button[contains(text(),'Logout')]

2021-01-22 10:45:49 - [MESSAGE][PASSED] - Object '' is present

2021-01-22 10:45:49 - [MESSAGE][PASSED] - Object: '' is clicked on

2021-01-22 10:45:49 - [MESSAGE][PASSED] - Switched to window with index: '0'

2021-01-22 10:45:49 - [MESSAGE][PASSED] - Click button "Logout"

2021-01-22 10:45:49 - [TEST_STEP][PASSED] - Close browser: Close browser

2021-01-22 10:45:49 - [MESSAGE][PASSED] - Browser is closed

2021-01-22 10:45:49 - [MESSAGE][PASSED] - Close browser

2021-01-22 10:45:49 - [TEST_CASE][PASSED] - Start Test Case : SCENARIO Search by STATUS Waiting Partner Confirmation: SCENARIO Search by STATUS Waiting Partner Confirmation

2021-01-22 10:45:49 - [TEST_STEP][PASSED] - Go to ISTools: Go to ISTools

2021-01-22 10:45:49 - [MESSAGE][INFO] - Starting 'Chrome (headless)' driver

2021-01-22 10:45:49 - [MESSAGE][INFO] - User set preference: ['args', '[--start-maximized, --disable-gpu, --no-proxy-server, â€“-no-sandbox, --allow-running-insecure-content, --ignore-certificate-errors, window-size=1680,814, force-device-scale-factor=2, --lang=en-GB]']

2021-01-22 10:45:49 - [MESSAGE][INFO] - User set preference: ['prefs', '{download.default_directory=/Users/chaidir.pratama01/Katalon Studio/IST_Automation_Git/Download}']

2021-01-22 10:45:49 - [MESSAGE][INFO] - Action delay is set to 0 milliseconds

2021-01-22 10:45:50 - [MESSAGE][PASSED] - Browser is opened with url: ''

2021-01-22 10:45:51 - [MESSAGE][PASSED] - Navigate to 'https://dev-istools.homecredit.id/foundation/' successfully

2021-01-22 10:45:51 - [MESSAGE][PASSED] - Go to ISTools

2021-01-22 10:45:51 - [TEST_STEP][PASSED] - Login IST with valid credentials: Login IST with valid credentials

2021-01-22 10:45:51 - [MESSAGE][PASSED] - Text 'mobile.test' is set on object 'Object Repository/Page_/input_Username_j_username'

2021-01-22 10:45:51 - [MESSAGE][PASSED] - Text ****** has been set on object 'Object Repository/Page_/input_Password_j_password'

2021-01-22 10:45:52 - [MESSAGE][PASSED] - Object: 'Object Repository/Page_/button_Login' is clicked on

2021-01-22 10:45:52 - [MESSAGE][PASSED] - Login IST with valid credentials

2021-01-22 10:45:52 - [TEST_STEP][PASSED] - Login Success: Login Success

2021-01-22 10:45:52 - [MESSAGE][INFO] - Login Success

2021-01-22 10:45:52 - [MESSAGE][PASSED] - Current window maximized

2021-01-22 10:45:52 - [MESSAGE][PASSED] - Object 'Object Repository/Page_/h1_Welcome to IT Supporting Tools' is present

2021-01-22 10:45:52 - [MESSAGE][PASSED] - Login Success

2021-01-22 10:45:52 - [TEST_STEP][PASSED] - Select Arrow Menu "Real Time Disbursement": Select Arrow Menu "Real Time Disbursement"

2021-01-22 10:45:52 - [MESSAGE][PASSED] - Object: '' is clicked on

2021-01-22 10:45:52 - [MESSAGE][PASSED] - Select Arrow Menu "Real Time Disbursement"

2021-01-22 10:45:52 - [TEST_STEP][PASSED] - Select Menu "Disbursement Dashboard": Select Menu "Disbursement Dashboard"

2021-01-22 10:45:52 - [MESSAGE][PASSED] - Taking screenshot successfully
[[ATTACHMENT|/Users/chaidir.pratama01/Documents/Docs/Katalon Studio/Screenshot/test-Disbursement Dashboard.png]]

2021-01-22 10:45:52 - [MESSAGE][PASSED] - Object '' is present

2021-01-22 10:45:52 - [MESSAGE][PASSED] - Object: '' is clicked on

2021-01-22 10:45:52 - [MESSAGE][PASSED] - Wait for page load successfully

2021-01-22 10:45:52 - [MESSAGE][PASSED] - Select Menu "Disbursement Dashboard"

2021-01-22 10:45:52 - [TEST_STEP][PASSED] - Select STATUS "Waiting Partner Confirmation": Select STATUS "Waiting Partner Confirmation"

2021-01-22 10:45:53 - [MESSAGE][PASSED] - All options with value 'Waiting Partner Confirmation' are selected in object ''  using regular expression

2021-01-22 10:45:53 - [MESSAGE][PASSED] - Select STATUS "Waiting Partner Confirmation"

2021-01-22 10:45:53 - [TEST_STEP][PASSED] - Click button "Search": Click button "Search"

2021-01-22 10:45:53 - [MESSAGE][INFO] - >>>>>//Button[contains(text(),'Search')]

2021-01-22 10:45:56 - [MESSAGE][PASSED] - Object '' is present

2021-01-22 10:45:56 - [MESSAGE][PASSED] - Object: '' is clicked on

2021-01-22 10:45:56 - [MESSAGE][PASSED] - Switched to window with index: '0'

2021-01-22 10:45:56 - [MESSAGE][PASSED] - Click button "Search"

2021-01-22 10:45:56 - [TEST_STEP][PASSED] - Verify Search Result Presents: Verify Search Result Presents

2021-01-22 10:45:56 - [MESSAGE][PASSED] - Object '' is present

2021-01-22 10:46:01 - [MESSAGE][PASSED] - Verify Search Result Presents

2021-01-22 10:46:01 - [TEST_STEP][PASSED] - Click button "Logout": Click button "Logout"

2021-01-22 10:46:01 - [MESSAGE][INFO] - >>>>>//Button[contains(text(),'Logout')]

2021-01-22 10:46:04 - [MESSAGE][PASSED] - Object '' is present

2021-01-22 10:46:04 - [MESSAGE][PASSED] - Object: '' is clicked on

2021-01-22 10:46:04 - [MESSAGE][PASSED] - Switched to window with index: '0'

2021-01-22 10:46:04 - [MESSAGE][PASSED] - Click button "Logout"

2021-01-22 10:46:04 - [TEST_STEP][PASSED] - Close browser: Close browser

2021-01-22 10:46:04 - [MESSAGE][PASSED] - Browser is closed

2021-01-22 10:46:04 - [MESSAGE][PASSED] - Close browser

2021-01-22 10:46:04 - [TEST_CASE][PASSED] - Start Test Case : SCENARIO Search by STATUS Success to Disburse: SCENARIO Search by STATUS Success to Disburse

2021-01-22 10:46:04 - [TEST_STEP][PASSED] - Go to ISTools: Go to ISTools

2021-01-22 10:46:04 - [MESSAGE][INFO] - Starting 'Chrome (headless)' driver

2021-01-22 10:46:04 - [MESSAGE][INFO] - User set preference: ['args', '[--start-maximized, --disable-gpu, --no-proxy-server, â€“-no-sandbox, --allow-running-insecure-content, --ignore-certificate-errors, window-size=1680,814, force-device-scale-factor=2, --lang=en-GB]']

2021-01-22 10:46:04 - [MESSAGE][INFO] - User set preference: ['prefs', '{download.default_directory=/Users/chaidir.pratama01/Katalon Studio/IST_Automation_Git/Download}']

2021-01-22 10:46:04 - [MESSAGE][INFO] - Action delay is set to 0 milliseconds

2021-01-22 10:46:04 - [MESSAGE][PASSED] - Browser is opened with url: ''

2021-01-22 10:46:05 - [MESSAGE][PASSED] - Navigate to 'https://dev-istools.homecredit.id/foundation/' successfully

2021-01-22 10:46:05 - [MESSAGE][PASSED] - Go to ISTools

2021-01-22 10:46:05 - [TEST_STEP][PASSED] - Login IST with valid credentials: Login IST with valid credentials

2021-01-22 10:46:05 - [MESSAGE][PASSED] - Text 'mobile.test' is set on object 'Object Repository/Page_/input_Username_j_username'

2021-01-22 10:46:05 - [MESSAGE][PASSED] - Text ****** has been set on object 'Object Repository/Page_/input_Password_j_password'

2021-01-22 10:46:06 - [MESSAGE][PASSED] - Object: 'Object Repository/Page_/button_Login' is clicked on

2021-01-22 10:46:06 - [MESSAGE][PASSED] - Login IST with valid credentials

2021-01-22 10:46:06 - [TEST_STEP][PASSED] - Login Success: Login Success

2021-01-22 10:46:06 - [MESSAGE][INFO] - Login Success

2021-01-22 10:46:06 - [MESSAGE][PASSED] - Current window maximized

2021-01-22 10:46:06 - [MESSAGE][PASSED] - Object 'Object Repository/Page_/h1_Welcome to IT Supporting Tools' is present

2021-01-22 10:46:06 - [MESSAGE][PASSED] - Login Success

2021-01-22 10:46:06 - [TEST_STEP][PASSED] - Select Arrow Menu "Real Time Disbursement": Select Arrow Menu "Real Time Disbursement"

2021-01-22 10:46:06 - [MESSAGE][PASSED] - Object: '' is clicked on

2021-01-22 10:46:06 - [MESSAGE][PASSED] - Select Arrow Menu "Real Time Disbursement"

2021-01-22 10:46:06 - [TEST_STEP][PASSED] - Select Menu "Disbursement Dashboard": Select Menu "Disbursement Dashboard"

2021-01-22 10:46:06 - [MESSAGE][PASSED] - Taking screenshot successfully
[[ATTACHMENT|/Users/chaidir.pratama01/Documents/Docs/Katalon Studio/Screenshot/test-Disbursement Dashboard.png]]

2021-01-22 10:46:07 - [MESSAGE][PASSED] - Object '' is present

2021-01-22 10:46:07 - [MESSAGE][PASSED] - Object: '' is clicked on

2021-01-22 10:46:07 - [MESSAGE][PASSED] - Wait for page load successfully

2021-01-22 10:46:07 - [MESSAGE][PASSED] - Select Menu "Disbursement Dashboard"

2021-01-22 10:46:07 - [TEST_STEP][PASSED] - Select STATUS "Success to Disburse": Select STATUS "Success to Disburse"

2021-01-22 10:46:07 - [MESSAGE][PASSED] - All options with value 'Success to Disburse' are selected in object ''  using regular expression

2021-01-22 10:46:07 - [MESSAGE][PASSED] - Select STATUS "Success to Disburse"

2021-01-22 10:46:07 - [TEST_STEP][PASSED] - Click button "Search": Click button "Search"

2021-01-22 10:46:07 - [MESSAGE][INFO] - >>>>>//Button[contains(text(),'Search')]

2021-01-22 10:46:10 - [MESSAGE][PASSED] - Object '' is present

2021-01-22 10:46:10 - [MESSAGE][PASSED] - Object: '' is clicked on

2021-01-22 10:46:10 - [MESSAGE][PASSED] - Switched to window with index: '0'

2021-01-22 10:46:10 - [MESSAGE][PASSED] - Click button "Search"

2021-01-22 10:46:10 - [TEST_STEP][PASSED] - Verify Search Result Presents: Verify Search Result Presents

2021-01-22 10:46:10 - [MESSAGE][PASSED] - Object '' is present

2021-01-22 10:46:11 - [MESSAGE][PASSED] - Verify Search Result Presents

2021-01-22 10:46:11 - [TEST_STEP][PASSED] - Click button "Logout": Click button "Logout"

2021-01-22 10:46:11 - [MESSAGE][INFO] - >>>>>//Button[contains(text(),'Logout')]

2021-01-22 10:46:14 - [MESSAGE][PASSED] - Object '' is present

2021-01-22 10:46:14 - [MESSAGE][PASSED] - Object: '' is clicked on

2021-01-22 10:46:14 - [MESSAGE][PASSED] - Switched to window with index: '0'

2021-01-22 10:46:14 - [MESSAGE][PASSED] - Click button "Logout"

2021-01-22 10:46:14 - [TEST_STEP][PASSED] - Close browser: Close browser

2021-01-22 10:46:14 - [MESSAGE][PASSED] - Browser is closed

2021-01-22 10:46:14 - [MESSAGE][PASSED] - Close browser

2021-01-22 10:46:14 - [MESSAGE][PASSED] - Feature file: 'Include/features/IST_Real/RTD/Disbursement_Dashboard/Search_by_STATUS_Disbursement_Dashboard.feature' was passed]]></system-out>
         <system-err><![CDATA[]]></system-err>
      </testcase>
      <testcase name="Test Cases/RTD/Disbursement Dashboard/TC_Export_Data_Disbursement_Dashboard" time="10.948" classname="Test Cases/RTD/Disbursement Dashboard/TC_Export_Data_Disbursement_Dashboard" status="PASSED">
         <system-out><![CDATA[2021-01-22 10:46:14 - [TEST_CASE][PASSED] - Test Cases/RTD/Disbursement Dashboard/TC_Export_Data_Disbursement_Dashboard: Test Cases/RTD/Disbursement Dashboard/TC_Export_Data_Disbursement_Dashboard

2021-01-22 10:46:14 - [TEST_STEP][PASSED] - runFeatureFile("Include/features/IST_Real/RTD/Disbursement_Dashboard/Export_Data_Disbursement_Dashboard.feature"): Feature file: 'Include/features/IST_Real/RTD/Disbursement_Dashboard/Export_Data_Disbursement_Dashboard.feature' was passed

2021-01-22 10:46:14 - [MESSAGE][INFO] - Starting run keyword runFeatureFile: 'Include/features/IST_Real/RTD/Disbursement_Dashboard/Export_Data_Disbursement_Dashboard.feature' and extract report to folder: '/Users/chaidir.pratama01/Katalon Studio/IST_Automation_Git/Reports/20210122_104222/RTD/TS_Disbursement_Dashboard/20210122_104222/cucumber_report/1611287174724'...

2021-01-22 10:46:14 - [TEST_CASE][PASSED] - Start Test Case : SCENARIO Export Data: SCENARIO Export Data

2021-01-22 10:46:14 - [TEST_STEP][PASSED] - Go to ISTools: Go to ISTools

2021-01-22 10:46:14 - [MESSAGE][INFO] - Starting 'Chrome (headless)' driver

2021-01-22 10:46:14 - [MESSAGE][INFO] - User set preference: ['args', '[--start-maximized, --disable-gpu, --no-proxy-server, â€“-no-sandbox, --allow-running-insecure-content, --ignore-certificate-errors, window-size=1680,814, force-device-scale-factor=2, --lang=en-GB]']

2021-01-22 10:46:14 - [MESSAGE][INFO] - User set preference: ['prefs', '{download.default_directory=/Users/chaidir.pratama01/Katalon Studio/IST_Automation_Git/Download}']

2021-01-22 10:46:14 - [MESSAGE][INFO] - Action delay is set to 0 milliseconds

2021-01-22 10:46:15 - [MESSAGE][PASSED] - Browser is opened with url: ''

2021-01-22 10:46:16 - [MESSAGE][PASSED] - Navigate to 'https://dev-istools.homecredit.id/foundation/' successfully

2021-01-22 10:46:16 - [MESSAGE][PASSED] - Go to ISTools

2021-01-22 10:46:16 - [TEST_STEP][PASSED] - Login IST with valid credentials: Login IST with valid credentials

2021-01-22 10:46:16 - [MESSAGE][PASSED] - Text 'mobile.test' is set on object 'Object Repository/Page_/input_Username_j_username'

2021-01-22 10:46:16 - [MESSAGE][PASSED] - Text ****** has been set on object 'Object Repository/Page_/input_Password_j_password'

2021-01-22 10:46:17 - [MESSAGE][PASSED] - Object: 'Object Repository/Page_/button_Login' is clicked on

2021-01-22 10:46:17 - [MESSAGE][PASSED] - Login IST with valid credentials

2021-01-22 10:46:17 - [TEST_STEP][PASSED] - Login Success: Login Success

2021-01-22 10:46:17 - [MESSAGE][INFO] - Login Success

2021-01-22 10:46:17 - [MESSAGE][PASSED] - Current window maximized

2021-01-22 10:46:17 - [MESSAGE][PASSED] - Object 'Object Repository/Page_/h1_Welcome to IT Supporting Tools' is present

2021-01-22 10:46:17 - [MESSAGE][PASSED] - Login Success

2021-01-22 10:46:17 - [TEST_STEP][PASSED] - Select Arrow Menu "Real Time Disbursement": Select Arrow Menu "Real Time Disbursement"

2021-01-22 10:46:17 - [MESSAGE][PASSED] - Object: '' is clicked on

2021-01-22 10:46:17 - [MESSAGE][PASSED] - Select Arrow Menu "Real Time Disbursement"

2021-01-22 10:46:17 - [TEST_STEP][PASSED] - Select Menu "Disbursement Dashboard": Select Menu "Disbursement Dashboard"

2021-01-22 10:46:18 - [MESSAGE][PASSED] - Taking screenshot successfully
[[ATTACHMENT|/Users/chaidir.pratama01/Documents/Docs/Katalon Studio/Screenshot/test-Disbursement Dashboard.png]]

2021-01-22 10:46:18 - [MESSAGE][PASSED] - Object '' is present

2021-01-22 10:46:18 - [MESSAGE][PASSED] - Object: '' is clicked on

2021-01-22 10:46:18 - [MESSAGE][PASSED] - Wait for page load successfully

2021-01-22 10:46:18 - [MESSAGE][PASSED] - Select Menu "Disbursement Dashboard"

2021-01-22 10:46:18 - [TEST_STEP][PASSED] - Input Contract RTD in Contract Number label: Input Contract RTD in Contract Number label

2021-01-22 10:46:18 - [MESSAGE][PASSED] - Text '4000014162' is set on object ''

2021-01-22 10:46:18 - [MESSAGE][PASSED] - Input Contract RTD in Contract Number label

2021-01-22 10:46:18 - [TEST_STEP][PASSED] - Click button "Search": Click button "Search"

2021-01-22 10:46:18 - [MESSAGE][INFO] - >>>>>//Button[contains(text(),'Search')]

2021-01-22 10:46:21 - [MESSAGE][PASSED] - Object '' is present

2021-01-22 10:46:21 - [MESSAGE][PASSED] - Object: '' is clicked on

2021-01-22 10:46:21 - [MESSAGE][PASSED] - Switched to window with index: '0'

2021-01-22 10:46:21 - [MESSAGE][PASSED] - Click button "Search"

2021-01-22 10:46:21 - [TEST_STEP][PASSED] - Verify Table Filled: Verify Table Filled

2021-01-22 10:46:21 - [MESSAGE][PASSED] - Object '' is present

2021-01-22 10:46:21 - [MESSAGE][PASSED] - Verify Table Filled

2021-01-22 10:46:21 - [TEST_STEP][PASSED] - Click button "Export Data": Click button "Export Data"

2021-01-22 10:46:21 - [MESSAGE][INFO] - >>>>>//Button[contains(text(),'Export Data')]

2021-01-22 10:46:25 - [MESSAGE][PASSED] - Object: '' is clicked on

2021-01-22 10:46:25 - [MESSAGE][PASSED] - Taking screenshot successfully
[[ATTACHMENT|/Users/chaidir.pratama01/Documents/Docs/Katalon Studio/Screenshot/Download_data.png]]

2021-01-22 10:46:25 - [MESSAGE][PASSED] - Click button "Export Data"

2021-01-22 10:46:25 - [MESSAGE][PASSED] - Feature file: 'Include/features/IST_Real/RTD/Disbursement_Dashboard/Export_Data_Disbursement_Dashboard.feature' was passed]]></system-out>
         <system-err><![CDATA[]]></system-err>
      </testcase>
      <system-out><![CDATA[2021-01-22 10:42:37 - [TEST_SUITE][PASSED] - TS_Disbursement_Dashboard: Test Cases/RTD/Disbursement Dashboard/TC_Export_Data_Disbursement_Dashboard]]></system-out>
      <system-err><![CDATA[]]></system-err>
   </testsuite>
   <testsuite name="TS_Partner_Disbursement_SBO" tests="3" failures="0" errors="0" time="273.76" timestamp="2021-01-22 10:46:40" hostname="chaidir.pratama01 - localhost" id="Test Suites/RTD/TS_Partner_Disbursement_SBO">
      <properties>
         <property name="deviceName" value=""/>
         <property name="devicePlatform" value=""/>
         <property name="logFolder" value="/Users/chaidir.pratama01/Katalon Studio/IST_Automation_Git/Reports/20210122_104222/RTD/TS_Partner_Disbursement_SBO/20210122_104223"/>
         <property name="logFiles" value="/Users/chaidir.pratama01/Katalon Studio/IST_Automation_Git/Reports/20210122_104222/RTD/TS_Partner_Disbursement_SBO/20210122_104223/execution0.log"/>
         <property name="attachments" value="/Users/chaidir.pratama01/Documents/Docs/Katalon Studio/Screenshot/test-Partner Disbursement SBO.png, /Users/chaidir.pratama01/Katalon Studio/IST_Automation_Git/Reports/20210122_104222/RTD/TS_Partner_Disbursement_SBO/20210122_104223/1611287214200.png, /Users/chaidir.pratama01/Documents/Docs/Katalon Studio/Screenshot/test-Partner Disbursement SBO.png, /Users/chaidir.pratama01/Katalon Studio/IST_Automation_Git/Reports/20210122_104222/RTD/TS_Partner_Disbursement_SBO/20210122_104223/1611287228590.png, /Users/chaidir.pratama01/Documents/Docs/Katalon Studio/Screenshot/test-Partner Disbursement SBO.png, /Users/chaidir.pratama01/Katalon Studio/IST_Automation_Git/Reports/20210122_104222/RTD/TS_Partner_Disbursement_SBO/20210122_104223/1611287249254.png, /Users/chaidir.pratama01/Documents/Docs/Katalon Studio/Screenshot/test-Partner Disbursement SBO.png, /Users/chaidir.pratama01/Katalon Studio/IST_Automation_Git/Reports/20210122_104222/RTD/TS_Partner_Disbursement_SBO/20210122_104223/1611287263635.png, /Users/chaidir.pratama01/Documents/Docs/Katalon Studio/Screenshot/test-Partner Disbursement SBO.png, /Users/chaidir.pratama01/Documents/Docs/Katalon Studio/Screenshot/test-Partner Disbursement SBO.png, /Users/chaidir.pratama01/Katalon Studio/IST_Automation_Git/Reports/20210122_104222/RTD/TS_Partner_Disbursement_SBO/20210122_104223/1611287292095.png, /Users/chaidir.pratama01/Documents/Docs/Katalon Studio/Screenshot/test-Partner Disbursement SBO.png, /Users/chaidir.pratama01/Documents/Docs/Katalon Studio/Screenshot/test-Partner Disbursement SBO.png, /Users/chaidir.pratama01/Katalon Studio/IST_Automation_Git/Reports/20210122_104222/RTD/TS_Partner_Disbursement_SBO/20210122_104223/1611287325821.png, /Users/chaidir.pratama01/Documents/Docs/Katalon Studio/Screenshot/test-Partner Disbursement SBO.png, /Users/chaidir.pratama01/Katalon Studio/IST_Automation_Git/Reports/20210122_104222/RTD/TS_Partner_Disbursement_SBO/20210122_104223/1611287339964.png, /Users/chaidir.pratama01/Documents/Docs/Katalon Studio/Screenshot/test-Partner Disbursement SBO.png, /Users/chaidir.pratama01/Documents/Docs/Katalon Studio/Screenshot/test-Partner Disbursement SBO.png, /Users/chaidir.pratama01/Documents/Docs/Katalon Studio/Screenshot/test-Partner Disbursement SBO.png, /Users/chaidir.pratama01/Katalon Studio/IST_Automation_Git/Reports/20210122_104222/RTD/TS_Partner_Disbursement_SBO/20210122_104223/1611287392058.png, /Users/chaidir.pratama01/Documents/Docs/Katalon Studio/Screenshot/test-Partner Disbursement SBO.png, /Users/chaidir.pratama01/Katalon Studio/IST_Automation_Git/Reports/20210122_104222/RTD/TS_Partner_Disbursement_SBO/20210122_104223/1611287406614.png, /Users/chaidir.pratama01/Documents/Docs/Katalon Studio/Screenshot/test-Partner Disbursement SBO.png, /Users/chaidir.pratama01/Documents/Docs/Katalon Studio/Screenshot/test-Partner Disbursement SBO.png, /Users/chaidir.pratama01/Documents/Docs/Katalon Studio/Screenshot/test-Partner Disbursement SBO.png, /Users/chaidir.pratama01/Katalon Studio/IST_Automation_Git/Reports/20210122_104222/RTD/TS_Partner_Disbursement_SBO/20210122_104223/1611287450930.png, /Users/chaidir.pratama01/Documents/Docs/Katalon Studio/Screenshot/test-Partner Disbursement SBO.png, /Users/chaidir.pratama01/Documents/Docs/Katalon Studio/Screenshot/test-Partner Disbursement SBO.png"/>
         <property name="hostName" value="chaidir.pratama01 - localhost"/>
         <property name="os" value="Mac OS X 64bit"/>
         <property name="katalonVersion" value="7.6.0.${buildNumber}"/>
         <property name="browser" value="Chrome 87.0.4280.141"/>
         <property name="hostAddress" value="127.0.0.1"/>
         <property name="sessionId" value="29e7a5b24b635029a0a11667c28396fe"/>
         <property name="seleniumVersion" value="3.141.59"/>
         <property name="proxyInformation" value="ProxyInformation { proxyOption=NO_PROXY, proxyServerType=HTTP, username=, password=********, proxyServerAddress=, proxyServerPort=0, executionList=\&quot;\&quot;, isApplyToDesiredCapabilities=true }"/>
         <property name="platform" value="Mac OS X"/>
      </properties>
      <testcase name="Test Cases/RTD/Partner Disbursement SBO/TC_Search_by_STATUS" time="254.426" classname="Test Cases/RTD/Partner Disbursement SBO/TC_Search_by_STATUS" status="PASSED">
         <system-out><![CDATA[2021-01-22 10:46:40 - [TEST_CASE][PASSED] - Test Cases/RTD/Partner Disbursement SBO/TC_Search_by_STATUS: Test Cases/RTD/Partner Disbursement SBO/TC_Search_by_STATUS

2021-01-22 10:46:40 - [TEST_STEP][PASSED] - runFeatureFile("Include/features/IST_Real/RTD/Partner Disbursement SBO/Search_by_STATUS.feature"): Feature file: 'Include/features/IST_Real/RTD/Partner Disbursement SBO/Search_by_STATUS.feature' was passed

2021-01-22 10:46:40 - [MESSAGE][INFO] - Starting run keyword runFeatureFile: 'Include/features/IST_Real/RTD/Partner Disbursement SBO/Search_by_STATUS.feature' and extract report to folder: '/Users/chaidir.pratama01/Katalon Studio/IST_Automation_Git/Reports/20210122_104222/RTD/TS_Partner_Disbursement_SBO/20210122_104223/cucumber_report/1611287200930'...

2021-01-22 10:46:41 - [TEST_CASE][PASSED] - Start Test Case : SCENARIO Search by STATUS Eligible to Disburse: SCENARIO Search by STATUS Eligible to Disburse

2021-01-22 10:46:41 - [TEST_STEP][PASSED] - Go to ISTools: Go to ISTools

2021-01-22 10:46:41 - [MESSAGE][INFO] - Starting 'Chrome (headless)' driver

2021-01-22 10:46:41 - [MESSAGE][INFO] - User set preference: ['args', '[--start-maximized, --disable-gpu, --no-proxy-server, â€“-no-sandbox, --allow-running-insecure-content, --ignore-certificate-errors, window-size=1680,814, force-device-scale-factor=2, --lang=en-GB]']

2021-01-22 10:46:41 - [MESSAGE][INFO] - User set preference: ['prefs', '{download.default_directory=/Users/chaidir.pratama01/Katalon Studio/IST_Automation_Git/Download}']

2021-01-22 10:46:41 - [MESSAGE][INFO] - Action delay is set to 0 milliseconds

2021-01-22 10:46:42 - [MESSAGE][PASSED] - Browser is opened with url: ''

2021-01-22 10:46:44 - [MESSAGE][PASSED] - Navigate to 'https://dev-istools.homecredit.id/foundation/' successfully

2021-01-22 10:46:44 - [MESSAGE][PASSED] - Go to ISTools

2021-01-22 10:46:44 - [TEST_STEP][PASSED] - Login IST with valid credentials: Login IST with valid credentials

2021-01-22 10:46:44 - [MESSAGE][PASSED] - Text 'mobile.test' is set on object 'Object Repository/Page_/input_Username_j_username'

2021-01-22 10:46:45 - [MESSAGE][PASSED] - Text ****** has been set on object 'Object Repository/Page_/input_Password_j_password'

2021-01-22 10:46:45 - [MESSAGE][PASSED] - Object: 'Object Repository/Page_/button_Login' is clicked on

2021-01-22 10:46:45 - [MESSAGE][PASSED] - Login IST with valid credentials

2021-01-22 10:46:45 - [TEST_STEP][PASSED] - Login Success: Login Success

2021-01-22 10:46:45 - [MESSAGE][INFO] - Login Success

2021-01-22 10:46:45 - [MESSAGE][PASSED] - Current window maximized

2021-01-22 10:46:45 - [MESSAGE][PASSED] - Object 'Object Repository/Page_/h1_Welcome to IT Supporting Tools' is present

2021-01-22 10:46:45 - [MESSAGE][PASSED] - Login Success

2021-01-22 10:46:45 - [TEST_STEP][PASSED] - Select Arrow Menu "Real Time Disbursement": Select Arrow Menu "Real Time Disbursement"

2021-01-22 10:46:45 - [MESSAGE][PASSED] - Object: '' is clicked on

2021-01-22 10:46:45 - [MESSAGE][PASSED] - Select Arrow Menu "Real Time Disbursement"

2021-01-22 10:46:45 - [TEST_STEP][PASSED] - Select Menu "Partner Disbursement SBO": Select Menu "Partner Disbursement SBO"

2021-01-22 10:46:46 - [MESSAGE][PASSED] - Taking screenshot successfully
[[ATTACHMENT|/Users/chaidir.pratama01/Documents/Docs/Katalon Studio/Screenshot/test-Partner Disbursement SBO.png]]

2021-01-22 10:46:46 - [MESSAGE][PASSED] - Object '' is present

2021-01-22 10:46:46 - [MESSAGE][PASSED] - Object: '' is clicked on

2021-01-22 10:46:46 - [MESSAGE][PASSED] - Wait for page load successfully

2021-01-22 10:46:46 - [MESSAGE][PASSED] - Select Menu "Partner Disbursement SBO"

2021-01-22 10:46:46 - [TEST_STEP][PASSED] - Select STATUS "Eligible to disburse": Select STATUS "Eligible to disburse"

2021-01-22 10:46:47 - [MESSAGE][PASSED] - All options with value 'Eligible to disburse' are selected in object ''  using regular expression

2021-01-22 10:46:47 - [MESSAGE][PASSED] - Select STATUS "Eligible to disburse"

2021-01-22 10:46:47 - [TEST_STEP][PASSED] - Click button "Search": Click button "Search"

2021-01-22 10:46:47 - [MESSAGE][INFO] - >>>>>//Button[contains(text(),'Search')]

2021-01-22 10:46:50 - [MESSAGE][PASSED] - Object '' is present

2021-01-22 10:46:50 - [MESSAGE][PASSED] - Object: '' is clicked on

2021-01-22 10:46:50 - [MESSAGE][PASSED] - Switched to window with index: '0'

2021-01-22 10:46:50 - [MESSAGE][PASSED] - Click button "Search"

2021-01-22 10:46:50 - [TEST_STEP][PASSED] - Verify Search Result Presents: Verify Search Result Presents

2021-01-22 10:46:54 - [MESSAGE][INFO] - Unable to find the element located by 'By.xpath: //td[@style='display:none' and contains(text(),'-Empty-')]'. Please recheck the objects properties to make sure the desired element is located. 

2021-01-22 10:46:54 - [MESSAGE][WARNING] - com.kms.katalon.core.webui.exception.WebElementNotFoundException: Web element with id: '' located by '//td[@style='display:none' and contains(text(),'-Empty-')]' not found (Root cause: com.kms.katalon.core.exception.StepFailedException: com.kms.katalon.core.webui.exception.WebElementNotFoundException: Web element with id: '' located by '//td[@style='display:none' and contains(text(),'-Empty-')]' not found
	at com.kms.katalon.core.webui.keyword.internal.WebUIKeywordMain.stepFailed(WebUIKeywordMain.groovy:64)
	at com.kms.katalon.core.webui.keyword.builtin.VerifyElementPresentKeyword$_verifyElementPresent_closure1.doCall(VerifyElementPresentKeyword.groovy:85)
	at com.kms.katalon.core.webui.keyword.builtin.VerifyElementPresentKeyword$_verifyElementPresent_closure1.call(VerifyElementPresentKeyword.groovy)
	at com.kms.katalon.core.webui.keyword.internal.WebUIKeywordMain.runKeyword(WebUIKeywordMain.groovy:20)
	at com.kms.katalon.core.webui.keyword.builtin.VerifyElementPresentKeyword.verifyElementPresent(VerifyElementPresentKeyword.groovy:92)
	at com.kms.katalon.core.webui.keyword.builtin.VerifyElementPresentKeyword.execute(VerifyElementPresentKeyword.groovy:68)
	at com.kms.katalon.core.keyword.internal.KeywordExecutor.executeKeywordForPlatform(KeywordExecutor.groovy:73)
	at com.kms.katalon.core.webui.keyword.WebUiBuiltInKeywords.verifyElementPresent(WebUiBuiltInKeywords.groovy:1444)
	at com.kms.katalon.core.webui.keyword.WebUiBuiltInKeywords$verifyElementPresent$11.call(Unknown Source)
	at ist_real.Contract_Dispatcher.VerifyTblFilled(Contract_Dispatcher.groovy:1313)
	at ist_real.Contract_Dispatcher$VerifyTblFilled$0.call(Unknown Source)
	at RTD.Search_Result_Presents(RTD.groovy:191)
	at cucumber.runtime.Utils$1.call(Utils.java:26)
	at cucumber.runtime.Timeout.timeout(Timeout.java:16)
	at cucumber.runtime.Utils.invoke(Utils.java:20)
	at cucumber.runtime.java.JavaStepDefinition.execute(JavaStepDefinition.java:48)
	at cucumber.runtime.PickleStepDefinitionMatch.runStep(PickleStepDefinitionMatch.java:50)
	at cucumber.runner.TestStep.executeStep(TestStep.java:55)
	at cucumber.runner.TestStep.run(TestStep.java:42)
	at cucumber.runner.PickleStepTestStep.run(PickleStepTestStep.java:53)
	at cucumber.runner.TestCase.run(TestCase.java:47)
	at cucumber.runner.Runner.runPickle(Runner.java:44)
	at cucumber.runtime.Runtime.runFeature(Runtime.java:120)
	at cucumber.runtime.Runtime.run(Runtime.java:106)
	at cucumber.api.cli.Main.run(Main.java:35)
	at cucumber.api.cli.Main$run.call(Unknown Source)
	at com.kms.katalon.core.cucumber.keyword.CucumberBuiltinKeywords$_runFeatureFile_closure1.doCall(CucumberBuiltinKeywords.groovy:76)
	at com.kms.katalon.core.cucumber.keyword.CucumberBuiltinKeywords$_runFeatureFile_closure1.doCall(CucumberBuiltinKeywords.groovy)
	at com.kms.katalon.core.keyword.internal.KeywordMain.runKeyword(KeywordMain.groovy:68)
	at com.kms.katalon.core.keyword.internal.KeywordMain$runKeyword.call(Unknown Source)
	at com.kms.katalon.core.cucumber.keyword.CucumberBuiltinKeywords.runFeatureFile(CucumberBuiltinKeywords.groovy:46)
	at com.kms.katalon.core.cucumber.keyword.CucumberBuiltinKeywords$runFeatureFile$0.callStatic(Unknown Source)
	at com.kms.katalon.core.cucumber.keyword.CucumberBuiltinKeywords.runFeatureFile(CucumberBuiltinKeywords.groovy:169)
	at com.kms.katalon.core.cucumber.keyword.CucumberBuiltinKeywords$runFeatureFile.call(Unknown Source)
	at TC_Search_by_STATUS.run(TC_Search_by_STATUS:18)
	at com.kms.katalon.core.main.ScriptEngine.run(ScriptEngine.java:194)
	at com.kms.katalon.core.main.ScriptEngine.runScriptAsRawText(ScriptEngine.java:119)
	at com.kms.katalon.core.main.TestCaseExecutor.runScript(TestCaseExecutor.java:339)
	at com.kms.katalon.core.main.TestCaseExecutor.doExecute(TestCaseExecutor.java:330)
	at com.kms.katalon.core.main.TestCaseExecutor.processExecutionPhase(TestCaseExecutor.java:309)
	at com.kms.katalon.core.main.TestCaseExecutor.accessMainPhase(TestCaseExecutor.java:301)
	at com.kms.katalon.core.main.TestCaseExecutor.execute(TestCaseExecutor.java:235)
	at com.kms.katalon.core.main.TestSuiteExecutor.accessTestCaseMainPhase(TestSuiteExecutor.java:191)
	at com.kms.katalon.core.main.TestSuiteExecutor.accessTestSuiteMainPhase(TestSuiteExecutor.java:141)
	at com.kms.katalon.core.main.TestSuiteExecutor.execute(TestSuiteExecutor.java:90)
	at com.kms.katalon.core.main.TestCaseMain.startTestSuite(TestCaseMain.java:157)
	at com.kms.katalon.core.main.TestCaseMain$startTestSuite$0.call(Unknown Source)
	at TempTestSuite1611286943259.run(TempTestSuite1611286943259.groovy:39)
)
[[ATTACHMENT|/Users/chaidir.pratama01/Katalon Studio/IST_Automation_Git/Reports/20210122_104222/RTD/TS_Partner_Disbursement_SBO/20210122_104223/1611287214200.png]]

2021-01-22 10:46:55 - [MESSAGE][PASSED] - Verify Search Result Presents

2021-01-22 10:46:55 - [TEST_STEP][PASSED] - Click button "Logout": Click button "Logout"

2021-01-22 10:46:55 - [MESSAGE][INFO] - >>>>>//Button[contains(text(),'Logout')]

2021-01-22 10:46:58 - [MESSAGE][PASSED] - Object '' is present

2021-01-22 10:46:58 - [MESSAGE][PASSED] - Object: '' is clicked on

2021-01-22 10:46:58 - [MESSAGE][PASSED] - Switched to window with index: '0'

2021-01-22 10:46:58 - [MESSAGE][PASSED] - Click button "Logout"

2021-01-22 10:46:58 - [TEST_STEP][PASSED] - Close browser: Close browser

2021-01-22 10:46:58 - [MESSAGE][PASSED] - Browser is closed

2021-01-22 10:46:58 - [MESSAGE][PASSED] - Close browser

2021-01-22 10:46:58 - [TEST_CASE][PASSED] - Start Test Case : SCENARIO Search by STATUS Waiting validation from Risk: SCENARIO Search by STATUS Waiting validation from Risk

2021-01-22 10:46:58 - [TEST_STEP][PASSED] - Go to ISTools: Go to ISTools

2021-01-22 10:46:58 - [MESSAGE][INFO] - Starting 'Chrome (headless)' driver

2021-01-22 10:46:58 - [MESSAGE][INFO] - User set preference: ['args', '[--start-maximized, --disable-gpu, --no-proxy-server, â€“-no-sandbox, --allow-running-insecure-content, --ignore-certificate-errors, window-size=1680,814, force-device-scale-factor=2, --lang=en-GB]']

2021-01-22 10:46:58 - [MESSAGE][INFO] - User set preference: ['prefs', '{download.default_directory=/Users/chaidir.pratama01/Katalon Studio/IST_Automation_Git/Download}']

2021-01-22 10:46:58 - [MESSAGE][INFO] - Action delay is set to 0 milliseconds

2021-01-22 10:46:58 - [MESSAGE][PASSED] - Browser is opened with url: ''

2021-01-22 10:46:59 - [MESSAGE][PASSED] - Navigate to 'https://dev-istools.homecredit.id/foundation/' successfully

2021-01-22 10:46:59 - [MESSAGE][PASSED] - Go to ISTools

2021-01-22 10:46:59 - [TEST_STEP][PASSED] - Login IST with valid credentials: Login IST with valid credentials

2021-01-22 10:46:59 - [MESSAGE][PASSED] - Text 'mobile.test' is set on object 'Object Repository/Page_/input_Username_j_username'

2021-01-22 10:46:59 - [MESSAGE][PASSED] - Text ****** has been set on object 'Object Repository/Page_/input_Password_j_password'

2021-01-22 10:47:00 - [MESSAGE][PASSED] - Object: 'Object Repository/Page_/button_Login' is clicked on

2021-01-22 10:47:00 - [MESSAGE][PASSED] - Login IST with valid credentials

2021-01-22 10:47:00 - [TEST_STEP][PASSED] - Login Success: Login Success

2021-01-22 10:47:00 - [MESSAGE][INFO] - Login Success

2021-01-22 10:47:00 - [MESSAGE][PASSED] - Current window maximized

2021-01-22 10:47:00 - [MESSAGE][PASSED] - Object 'Object Repository/Page_/h1_Welcome to IT Supporting Tools' is present

2021-01-22 10:47:00 - [MESSAGE][PASSED] - Login Success

2021-01-22 10:47:00 - [TEST_STEP][PASSED] - Select Arrow Menu "Real Time Disbursement": Select Arrow Menu "Real Time Disbursement"

2021-01-22 10:47:00 - [MESSAGE][PASSED] - Object: '' is clicked on

2021-01-22 10:47:00 - [MESSAGE][PASSED] - Select Arrow Menu "Real Time Disbursement"

2021-01-22 10:47:00 - [TEST_STEP][PASSED] - Select Menu "Partner Disbursement SBO": Select Menu "Partner Disbursement SBO"

2021-01-22 10:47:01 - [MESSAGE][PASSED] - Taking screenshot successfully
[[ATTACHMENT|/Users/chaidir.pratama01/Documents/Docs/Katalon Studio/Screenshot/test-Partner Disbursement SBO.png]]

2021-01-22 10:47:01 - [MESSAGE][PASSED] - Object '' is present

2021-01-22 10:47:01 - [MESSAGE][PASSED] - Object: '' is clicked on

2021-01-22 10:47:01 - [MESSAGE][PASSED] - Wait for page load successfully

2021-01-22 10:47:01 - [MESSAGE][PASSED] - Select Menu "Partner Disbursement SBO"

2021-01-22 10:47:01 - [TEST_STEP][PASSED] - Select STATUS "Waiting validation from Risk": Select STATUS "Waiting validation from Risk"

2021-01-22 10:47:01 - [MESSAGE][PASSED] - All options with value 'Waiting validation from Risk' are selected in object ''  using regular expression

2021-01-22 10:47:01 - [MESSAGE][PASSED] - Select STATUS "Waiting validation from Risk"

2021-01-22 10:47:01 - [TEST_STEP][PASSED] - Click button "Search": Click button "Search"

2021-01-22 10:47:01 - [MESSAGE][INFO] - >>>>>//Button[contains(text(),'Search')]

2021-01-22 10:47:04 - [MESSAGE][PASSED] - Object '' is present

2021-01-22 10:47:04 - [MESSAGE][PASSED] - Object: '' is clicked on

2021-01-22 10:47:04 - [MESSAGE][PASSED] - Switched to window with index: '0'

2021-01-22 10:47:04 - [MESSAGE][PASSED] - Click button "Search"

2021-01-22 10:47:04 - [TEST_STEP][PASSED] - Verify Search Result Presents: Verify Search Result Presents

2021-01-22 10:47:08 - [MESSAGE][INFO] - Unable to find the element located by 'By.xpath: //td[@style='display:none' and contains(text(),'-Empty-')]'. Please recheck the objects properties to make sure the desired element is located. 

2021-01-22 10:47:09 - [MESSAGE][WARNING] - com.kms.katalon.core.webui.exception.WebElementNotFoundException: Web element with id: '' located by '//td[@style='display:none' and contains(text(),'-Empty-')]' not found (Root cause: com.kms.katalon.core.exception.StepFailedException: com.kms.katalon.core.webui.exception.WebElementNotFoundException: Web element with id: '' located by '//td[@style='display:none' and contains(text(),'-Empty-')]' not found
	at com.kms.katalon.core.webui.keyword.internal.WebUIKeywordMain.stepFailed(WebUIKeywordMain.groovy:64)
	at com.kms.katalon.core.webui.keyword.builtin.VerifyElementPresentKeyword$_verifyElementPresent_closure1.doCall(VerifyElementPresentKeyword.groovy:85)
	at com.kms.katalon.core.webui.keyword.builtin.VerifyElementPresentKeyword$_verifyElementPresent_closure1.call(VerifyElementPresentKeyword.groovy)
	at com.kms.katalon.core.webui.keyword.internal.WebUIKeywordMain.runKeyword(WebUIKeywordMain.groovy:20)
	at com.kms.katalon.core.webui.keyword.builtin.VerifyElementPresentKeyword.verifyElementPresent(VerifyElementPresentKeyword.groovy:92)
	at com.kms.katalon.core.webui.keyword.builtin.VerifyElementPresentKeyword.execute(VerifyElementPresentKeyword.groovy:68)
	at com.kms.katalon.core.keyword.internal.KeywordExecutor.executeKeywordForPlatform(KeywordExecutor.groovy:73)
	at com.kms.katalon.core.webui.keyword.WebUiBuiltInKeywords.verifyElementPresent(WebUiBuiltInKeywords.groovy:1444)
	at com.kms.katalon.core.webui.keyword.WebUiBuiltInKeywords$verifyElementPresent$11.call(Unknown Source)
	at ist_real.Contract_Dispatcher.VerifyTblFilled(Contract_Dispatcher.groovy:1313)
	at ist_real.Contract_Dispatcher$VerifyTblFilled$0.call(Unknown Source)
	at RTD.Search_Result_Presents(RTD.groovy:191)
	at cucumber.runtime.Utils$1.call(Utils.java:26)
	at cucumber.runtime.Timeout.timeout(Timeout.java:16)
	at cucumber.runtime.Utils.invoke(Utils.java:20)
	at cucumber.runtime.java.JavaStepDefinition.execute(JavaStepDefinition.java:48)
	at cucumber.runtime.PickleStepDefinitionMatch.runStep(PickleStepDefinitionMatch.java:50)
	at cucumber.runner.TestStep.executeStep(TestStep.java:55)
	at cucumber.runner.TestStep.run(TestStep.java:42)
	at cucumber.runner.PickleStepTestStep.run(PickleStepTestStep.java:53)
	at cucumber.runner.TestCase.run(TestCase.java:47)
	at cucumber.runner.Runner.runPickle(Runner.java:44)
	at cucumber.runtime.Runtime.runFeature(Runtime.java:120)
	at cucumber.runtime.Runtime.run(Runtime.java:106)
	at cucumber.api.cli.Main.run(Main.java:35)
	at cucumber.api.cli.Main$run.call(Unknown Source)
	at com.kms.katalon.core.cucumber.keyword.CucumberBuiltinKeywords$_runFeatureFile_closure1.doCall(CucumberBuiltinKeywords.groovy:76)
	at com.kms.katalon.core.cucumber.keyword.CucumberBuiltinKeywords$_runFeatureFile_closure1.doCall(CucumberBuiltinKeywords.groovy)
	at com.kms.katalon.core.keyword.internal.KeywordMain.runKeyword(KeywordMain.groovy:68)
	at com.kms.katalon.core.keyword.internal.KeywordMain$runKeyword.call(Unknown Source)
	at com.kms.katalon.core.cucumber.keyword.CucumberBuiltinKeywords.runFeatureFile(CucumberBuiltinKeywords.groovy:46)
	at com.kms.katalon.core.cucumber.keyword.CucumberBuiltinKeywords$runFeatureFile$0.callStatic(Unknown Source)
	at com.kms.katalon.core.cucumber.keyword.CucumberBuiltinKeywords.runFeatureFile(CucumberBuiltinKeywords.groovy:169)
	at com.kms.katalon.core.cucumber.keyword.CucumberBuiltinKeywords$runFeatureFile.call(Unknown Source)
	at TC_Search_by_STATUS.run(TC_Search_by_STATUS:18)
	at com.kms.katalon.core.main.ScriptEngine.run(ScriptEngine.java:194)
	at com.kms.katalon.core.main.ScriptEngine.runScriptAsRawText(ScriptEngine.java:119)
	at com.kms.katalon.core.main.TestCaseExecutor.runScript(TestCaseExecutor.java:339)
	at com.kms.katalon.core.main.TestCaseExecutor.doExecute(TestCaseExecutor.java:330)
	at com.kms.katalon.core.main.TestCaseExecutor.processExecutionPhase(TestCaseExecutor.java:309)
	at com.kms.katalon.core.main.TestCaseExecutor.accessMainPhase(TestCaseExecutor.java:301)
	at com.kms.katalon.core.main.TestCaseExecutor.execute(TestCaseExecutor.java:235)
	at com.kms.katalon.core.main.TestSuiteExecutor.accessTestCaseMainPhase(TestSuiteExecutor.java:191)
	at com.kms.katalon.core.main.TestSuiteExecutor.accessTestSuiteMainPhase(TestSuiteExecutor.java:141)
	at com.kms.katalon.core.main.TestSuiteExecutor.execute(TestSuiteExecutor.java:90)
	at com.kms.katalon.core.main.TestCaseMain.startTestSuite(TestCaseMain.java:157)
	at com.kms.katalon.core.main.TestCaseMain$startTestSuite$0.call(Unknown Source)
	at TempTestSuite1611286943259.run(TempTestSuite1611286943259.groovy:39)
)
[[ATTACHMENT|/Users/chaidir.pratama01/Katalon Studio/IST_Automation_Git/Reports/20210122_104222/RTD/TS_Partner_Disbursement_SBO/20210122_104223/1611287228590.png]]

2021-01-22 10:47:09 - [MESSAGE][PASSED] - Verify Search Result Presents

2021-01-22 10:47:09 - [TEST_STEP][PASSED] - Click button "Logout": Click button "Logout"

2021-01-22 10:47:09 - [MESSAGE][INFO] - >>>>>//Button[contains(text(),'Logout')]

2021-01-22 10:47:12 - [MESSAGE][PASSED] - Object '' is present

2021-01-22 10:47:13 - [MESSAGE][PASSED] - Object: '' is clicked on

2021-01-22 10:47:13 - [MESSAGE][PASSED] - Switched to window with index: '0'

2021-01-22 10:47:13 - [MESSAGE][PASSED] - Click button "Logout"

2021-01-22 10:47:13 - [TEST_STEP][PASSED] - Close browser: Close browser

2021-01-22 10:47:13 - [MESSAGE][PASSED] - Browser is closed

2021-01-22 10:47:13 - [MESSAGE][PASSED] - Close browser

2021-01-22 10:47:13 - [TEST_CASE][PASSED] - Start Test Case : SCENARIO Search by STATUS Waiting validation from In Payment: SCENARIO Search by STATUS Waiting validation from In Payment

2021-01-22 10:47:13 - [TEST_STEP][PASSED] - Go to ISTools: Go to ISTools

2021-01-22 10:47:13 - [MESSAGE][INFO] - Starting 'Chrome (headless)' driver

2021-01-22 10:47:13 - [MESSAGE][INFO] - User set preference: ['args', '[--start-maximized, --disable-gpu, --no-proxy-server, â€“-no-sandbox, --allow-running-insecure-content, --ignore-certificate-errors, window-size=1680,814, force-device-scale-factor=2, --lang=en-GB]']

2021-01-22 10:47:13 - [MESSAGE][INFO] - User set preference: ['prefs', '{download.default_directory=/Users/chaidir.pratama01/Katalon Studio/IST_Automation_Git/Download}']

2021-01-22 10:47:13 - [MESSAGE][INFO] - Action delay is set to 0 milliseconds

2021-01-22 10:47:13 - [MESSAGE][PASSED] - Browser is opened with url: ''

2021-01-22 10:47:19 - [MESSAGE][PASSED] - Navigate to 'https://dev-istools.homecredit.id/foundation/' successfully

2021-01-22 10:47:19 - [MESSAGE][PASSED] - Go to ISTools

2021-01-22 10:47:19 - [TEST_STEP][PASSED] - Login IST with valid credentials: Login IST with valid credentials

2021-01-22 10:47:20 - [MESSAGE][PASSED] - Text 'mobile.test' is set on object 'Object Repository/Page_/input_Username_j_username'

2021-01-22 10:47:20 - [MESSAGE][PASSED] - Text ****** has been set on object 'Object Repository/Page_/input_Password_j_password'

2021-01-22 10:47:20 - [MESSAGE][PASSED] - Object: 'Object Repository/Page_/button_Login' is clicked on

2021-01-22 10:47:20 - [MESSAGE][PASSED] - Login IST with valid credentials

2021-01-22 10:47:20 - [TEST_STEP][PASSED] - Login Success: Login Success

2021-01-22 10:47:20 - [MESSAGE][INFO] - Login Success

2021-01-22 10:47:20 - [MESSAGE][PASSED] - Current window maximized

2021-01-22 10:47:20 - [MESSAGE][PASSED] - Object 'Object Repository/Page_/h1_Welcome to IT Supporting Tools' is present

2021-01-22 10:47:20 - [MESSAGE][PASSED] - Login Success

2021-01-22 10:47:20 - [TEST_STEP][PASSED] - Select Arrow Menu "Real Time Disbursement": Select Arrow Menu "Real Time Disbursement"

2021-01-22 10:47:20 - [MESSAGE][PASSED] - Object: '' is clicked on

2021-01-22 10:47:20 - [MESSAGE][PASSED] - Select Arrow Menu "Real Time Disbursement"

2021-01-22 10:47:20 - [TEST_STEP][PASSED] - Select Menu "Partner Disbursement SBO": Select Menu "Partner Disbursement SBO"

2021-01-22 10:47:21 - [MESSAGE][PASSED] - Taking screenshot successfully
[[ATTACHMENT|/Users/chaidir.pratama01/Documents/Docs/Katalon Studio/Screenshot/test-Partner Disbursement SBO.png]]

2021-01-22 10:47:21 - [MESSAGE][PASSED] - Object '' is present

2021-01-22 10:47:21 - [MESSAGE][PASSED] - Object: '' is clicked on

2021-01-22 10:47:21 - [MESSAGE][PASSED] - Wait for page load successfully

2021-01-22 10:47:21 - [MESSAGE][PASSED] - Select Menu "Partner Disbursement SBO"

2021-01-22 10:47:21 - [TEST_STEP][PASSED] - Select STATUS "Waiting validation from In Payment": Select STATUS "Waiting validation from In Payment"

2021-01-22 10:47:22 - [MESSAGE][PASSED] - All options with value 'Waiting validation from In Payment' are selected in object ''  using regular expression

2021-01-22 10:47:22 - [MESSAGE][PASSED] - Select STATUS "Waiting validation from In Payment"

2021-01-22 10:47:22 - [TEST_STEP][PASSED] - Click button "Search": Click button "Search"

2021-01-22 10:47:22 - [MESSAGE][INFO] - >>>>>//Button[contains(text(),'Search')]

2021-01-22 10:47:25 - [MESSAGE][PASSED] - Object '' is present

2021-01-22 10:47:25 - [MESSAGE][PASSED] - Object: '' is clicked on

2021-01-22 10:47:25 - [MESSAGE][PASSED] - Switched to window with index: '0'

2021-01-22 10:47:25 - [MESSAGE][PASSED] - Click button "Search"

2021-01-22 10:47:25 - [TEST_STEP][PASSED] - Verify Search Result Presents: Verify Search Result Presents

2021-01-22 10:47:29 - [MESSAGE][INFO] - Unable to find the element located by 'By.xpath: //td[@style='display:none' and contains(text(),'-Empty-')]'. Please recheck the objects properties to make sure the desired element is located. 

2021-01-22 10:47:29 - [MESSAGE][WARNING] - com.kms.katalon.core.webui.exception.WebElementNotFoundException: Web element with id: '' located by '//td[@style='display:none' and contains(text(),'-Empty-')]' not found (Root cause: com.kms.katalon.core.exception.StepFailedException: com.kms.katalon.core.webui.exception.WebElementNotFoundException: Web element with id: '' located by '//td[@style='display:none' and contains(text(),'-Empty-')]' not found
	at com.kms.katalon.core.webui.keyword.internal.WebUIKeywordMain.stepFailed(WebUIKeywordMain.groovy:64)
	at com.kms.katalon.core.webui.keyword.builtin.VerifyElementPresentKeyword$_verifyElementPresent_closure1.doCall(VerifyElementPresentKeyword.groovy:85)
	at com.kms.katalon.core.webui.keyword.builtin.VerifyElementPresentKeyword$_verifyElementPresent_closure1.call(VerifyElementPresentKeyword.groovy)
	at com.kms.katalon.core.webui.keyword.internal.WebUIKeywordMain.runKeyword(WebUIKeywordMain.groovy:20)
	at com.kms.katalon.core.webui.keyword.builtin.VerifyElementPresentKeyword.verifyElementPresent(VerifyElementPresentKeyword.groovy:92)
	at com.kms.katalon.core.webui.keyword.builtin.VerifyElementPresentKeyword.execute(VerifyElementPresentKeyword.groovy:68)
	at com.kms.katalon.core.keyword.internal.KeywordExecutor.executeKeywordForPlatform(KeywordExecutor.groovy:73)
	at com.kms.katalon.core.webui.keyword.WebUiBuiltInKeywords.verifyElementPresent(WebUiBuiltInKeywords.groovy:1444)
	at com.kms.katalon.core.webui.keyword.WebUiBuiltInKeywords$verifyElementPresent$11.call(Unknown Source)
	at ist_real.Contract_Dispatcher.VerifyTblFilled(Contract_Dispatcher.groovy:1313)
	at ist_real.Contract_Dispatcher$VerifyTblFilled$0.call(Unknown Source)
	at RTD.Search_Result_Presents(RTD.groovy:191)
	at cucumber.runtime.Utils$1.call(Utils.java:26)
	at cucumber.runtime.Timeout.timeout(Timeout.java:16)
	at cucumber.runtime.Utils.invoke(Utils.java:20)
	at cucumber.runtime.java.JavaStepDefinition.execute(JavaStepDefinition.java:48)
	at cucumber.runtime.PickleStepDefinitionMatch.runStep(PickleStepDefinitionMatch.java:50)
	at cucumber.runner.TestStep.executeStep(TestStep.java:55)
	at cucumber.runner.TestStep.run(TestStep.java:42)
	at cucumber.runner.PickleStepTestStep.run(PickleStepTestStep.java:53)
	at cucumber.runner.TestCase.run(TestCase.java:47)
	at cucumber.runner.Runner.runPickle(Runner.java:44)
	at cucumber.runtime.Runtime.runFeature(Runtime.java:120)
	at cucumber.runtime.Runtime.run(Runtime.java:106)
	at cucumber.api.cli.Main.run(Main.java:35)
	at cucumber.api.cli.Main$run.call(Unknown Source)
	at com.kms.katalon.core.cucumber.keyword.CucumberBuiltinKeywords$_runFeatureFile_closure1.doCall(CucumberBuiltinKeywords.groovy:76)
	at com.kms.katalon.core.cucumber.keyword.CucumberBuiltinKeywords$_runFeatureFile_closure1.doCall(CucumberBuiltinKeywords.groovy)
	at com.kms.katalon.core.keyword.internal.KeywordMain.runKeyword(KeywordMain.groovy:68)
	at com.kms.katalon.core.keyword.internal.KeywordMain$runKeyword.call(Unknown Source)
	at com.kms.katalon.core.cucumber.keyword.CucumberBuiltinKeywords.runFeatureFile(CucumberBuiltinKeywords.groovy:46)
	at com.kms.katalon.core.cucumber.keyword.CucumberBuiltinKeywords$runFeatureFile$0.callStatic(Unknown Source)
	at com.kms.katalon.core.cucumber.keyword.CucumberBuiltinKeywords.runFeatureFile(CucumberBuiltinKeywords.groovy:169)
	at com.kms.katalon.core.cucumber.keyword.CucumberBuiltinKeywords$runFeatureFile.call(Unknown Source)
	at TC_Search_by_STATUS.run(TC_Search_by_STATUS:18)
	at com.kms.katalon.core.main.ScriptEngine.run(ScriptEngine.java:194)
	at com.kms.katalon.core.main.ScriptEngine.runScriptAsRawText(ScriptEngine.java:119)
	at com.kms.katalon.core.main.TestCaseExecutor.runScript(TestCaseExecutor.java:339)
	at com.kms.katalon.core.main.TestCaseExecutor.doExecute(TestCaseExecutor.java:330)
	at com.kms.katalon.core.main.TestCaseExecutor.processExecutionPhase(TestCaseExecutor.java:309)
	at com.kms.katalon.core.main.TestCaseExecutor.accessMainPhase(TestCaseExecutor.java:301)
	at com.kms.katalon.core.main.TestCaseExecutor.execute(TestCaseExecutor.java:235)
	at com.kms.katalon.core.main.TestSuiteExecutor.accessTestCaseMainPhase(TestSuiteExecutor.java:191)
	at com.kms.katalon.core.main.TestSuiteExecutor.accessTestSuiteMainPhase(TestSuiteExecutor.java:141)
	at com.kms.katalon.core.main.TestSuiteExecutor.execute(TestSuiteExecutor.java:90)
	at com.kms.katalon.core.main.TestCaseMain.startTestSuite(TestCaseMain.java:157)
	at com.kms.katalon.core.main.TestCaseMain$startTestSuite$0.call(Unknown Source)
	at TempTestSuite1611286943259.run(TempTestSuite1611286943259.groovy:39)
)
[[ATTACHMENT|/Users/chaidir.pratama01/Katalon Studio/IST_Automation_Git/Reports/20210122_104222/RTD/TS_Partner_Disbursement_SBO/20210122_104223/1611287249254.png]]

2021-01-22 10:47:30 - [MESSAGE][PASSED] - Verify Search Result Presents

2021-01-22 10:47:30 - [TEST_STEP][PASSED] - Click button "Logout": Click button "Logout"

2021-01-22 10:47:30 - [MESSAGE][INFO] - >>>>>//Button[contains(text(),'Logout')]

2021-01-22 10:47:33 - [MESSAGE][PASSED] - Object '' is present

2021-01-22 10:47:33 - [MESSAGE][PASSED] - Object: '' is clicked on

2021-01-22 10:47:33 - [MESSAGE][PASSED] - Switched to window with index: '0'

2021-01-22 10:47:33 - [MESSAGE][PASSED] - Click button "Logout"

2021-01-22 10:47:33 - [TEST_STEP][PASSED] - Close browser: Close browser

2021-01-22 10:47:33 - [MESSAGE][PASSED] - Browser is closed

2021-01-22 10:47:33 - [MESSAGE][PASSED] - Close browser

2021-01-22 10:47:33 - [TEST_CASE][PASSED] - Start Test Case : SCENARIO Search by STATUS Not Eligible to Disburse: SCENARIO Search by STATUS Not Eligible to Disburse

2021-01-22 10:47:33 - [TEST_STEP][PASSED] - Go to ISTools: Go to ISTools

2021-01-22 10:47:33 - [MESSAGE][INFO] - Starting 'Chrome (headless)' driver

2021-01-22 10:47:33 - [MESSAGE][INFO] - User set preference: ['args', '[--start-maximized, --disable-gpu, --no-proxy-server, â€“-no-sandbox, --allow-running-insecure-content, --ignore-certificate-errors, window-size=1680,814, force-device-scale-factor=2, --lang=en-GB]']

2021-01-22 10:47:33 - [MESSAGE][INFO] - User set preference: ['prefs', '{download.default_directory=/Users/chaidir.pratama01/Katalon Studio/IST_Automation_Git/Download}']

2021-01-22 10:47:33 - [MESSAGE][INFO] - Action delay is set to 0 milliseconds

2021-01-22 10:47:33 - [MESSAGE][PASSED] - Browser is opened with url: ''

2021-01-22 10:47:34 - [MESSAGE][PASSED] - Navigate to 'https://dev-istools.homecredit.id/foundation/' successfully

2021-01-22 10:47:34 - [MESSAGE][PASSED] - Go to ISTools

2021-01-22 10:47:34 - [TEST_STEP][PASSED] - Login IST with valid credentials: Login IST with valid credentials

2021-01-22 10:47:34 - [MESSAGE][PASSED] - Text 'mobile.test' is set on object 'Object Repository/Page_/input_Username_j_username'

2021-01-22 10:47:34 - [MESSAGE][PASSED] - Text ****** has been set on object 'Object Repository/Page_/input_Password_j_password'

2021-01-22 10:47:35 - [MESSAGE][PASSED] - Object: 'Object Repository/Page_/button_Login' is clicked on

2021-01-22 10:47:35 - [MESSAGE][PASSED] - Login IST with valid credentials

2021-01-22 10:47:35 - [TEST_STEP][PASSED] - Login Success: Login Success

2021-01-22 10:47:35 - [MESSAGE][INFO] - Login Success

2021-01-22 10:47:35 - [MESSAGE][PASSED] - Current window maximized

2021-01-22 10:47:35 - [MESSAGE][PASSED] - Object 'Object Repository/Page_/h1_Welcome to IT Supporting Tools' is present

2021-01-22 10:47:35 - [MESSAGE][PASSED] - Login Success

2021-01-22 10:47:35 - [TEST_STEP][PASSED] - Select Arrow Menu "Real Time Disbursement": Select Arrow Menu "Real Time Disbursement"

2021-01-22 10:47:35 - [MESSAGE][PASSED] - Object: '' is clicked on

2021-01-22 10:47:35 - [MESSAGE][PASSED] - Select Arrow Menu "Real Time Disbursement"

2021-01-22 10:47:35 - [TEST_STEP][PASSED] - Select Menu "Partner Disbursement SBO": Select Menu "Partner Disbursement SBO"

2021-01-22 10:47:36 - [MESSAGE][PASSED] - Taking screenshot successfully
[[ATTACHMENT|/Users/chaidir.pratama01/Documents/Docs/Katalon Studio/Screenshot/test-Partner Disbursement SBO.png]]

2021-01-22 10:47:36 - [MESSAGE][PASSED] - Object '' is present

2021-01-22 10:47:36 - [MESSAGE][PASSED] - Object: '' is clicked on

2021-01-22 10:47:36 - [MESSAGE][PASSED] - Wait for page load successfully

2021-01-22 10:47:36 - [MESSAGE][PASSED] - Select Menu "Partner Disbursement SBO"

2021-01-22 10:47:36 - [TEST_STEP][PASSED] - Select STATUS "Not eligible to disburse": Select STATUS "Not eligible to disburse"

2021-01-22 10:47:36 - [MESSAGE][PASSED] - All options with value 'Not eligible to disburse' are selected in object ''  using regular expression

2021-01-22 10:47:36 - [MESSAGE][PASSED] - Select STATUS "Not eligible to disburse"

2021-01-22 10:47:36 - [TEST_STEP][PASSED] - Click button "Search": Click button "Search"

2021-01-22 10:47:36 - [MESSAGE][INFO] - >>>>>//Button[contains(text(),'Search')]

2021-01-22 10:47:39 - [MESSAGE][PASSED] - Object '' is present

2021-01-22 10:47:39 - [MESSAGE][PASSED] - Object: '' is clicked on

2021-01-22 10:47:39 - [MESSAGE][PASSED] - Switched to window with index: '0'

2021-01-22 10:47:39 - [MESSAGE][PASSED] - Click button "Search"

2021-01-22 10:47:39 - [TEST_STEP][PASSED] - Verify Search Result Presents: Verify Search Result Presents

2021-01-22 10:47:43 - [MESSAGE][INFO] - Unable to find the element located by 'By.xpath: //td[@style='display:none' and contains(text(),'-Empty-')]'. Please recheck the objects properties to make sure the desired element is located. 

2021-01-22 10:47:44 - [MESSAGE][WARNING] - com.kms.katalon.core.webui.exception.WebElementNotFoundException: Web element with id: '' located by '//td[@style='display:none' and contains(text(),'-Empty-')]' not found (Root cause: com.kms.katalon.core.exception.StepFailedException: com.kms.katalon.core.webui.exception.WebElementNotFoundException: Web element with id: '' located by '//td[@style='display:none' and contains(text(),'-Empty-')]' not found
	at com.kms.katalon.core.webui.keyword.internal.WebUIKeywordMain.stepFailed(WebUIKeywordMain.groovy:64)
	at com.kms.katalon.core.webui.keyword.builtin.VerifyElementPresentKeyword$_verifyElementPresent_closure1.doCall(VerifyElementPresentKeyword.groovy:85)
	at com.kms.katalon.core.webui.keyword.builtin.VerifyElementPresentKeyword$_verifyElementPresent_closure1.call(VerifyElementPresentKeyword.groovy)
	at com.kms.katalon.core.webui.keyword.internal.WebUIKeywordMain.runKeyword(WebUIKeywordMain.groovy:20)
	at com.kms.katalon.core.webui.keyword.builtin.VerifyElementPresentKeyword.verifyElementPresent(VerifyElementPresentKeyword.groovy:92)
	at com.kms.katalon.core.webui.keyword.builtin.VerifyElementPresentKeyword.execute(VerifyElementPresentKeyword.groovy:68)
	at com.kms.katalon.core.keyword.internal.KeywordExecutor.executeKeywordForPlatform(KeywordExecutor.groovy:73)
	at com.kms.katalon.core.webui.keyword.WebUiBuiltInKeywords.verifyElementPresent(WebUiBuiltInKeywords.groovy:1444)
	at com.kms.katalon.core.webui.keyword.WebUiBuiltInKeywords$verifyElementPresent$11.call(Unknown Source)
	at ist_real.Contract_Dispatcher.VerifyTblFilled(Contract_Dispatcher.groovy:1313)
	at ist_real.Contract_Dispatcher$VerifyTblFilled$0.call(Unknown Source)
	at RTD.Search_Result_Presents(RTD.groovy:191)
	at cucumber.runtime.Utils$1.call(Utils.java:26)
	at cucumber.runtime.Timeout.timeout(Timeout.java:16)
	at cucumber.runtime.Utils.invoke(Utils.java:20)
	at cucumber.runtime.java.JavaStepDefinition.execute(JavaStepDefinition.java:48)
	at cucumber.runtime.PickleStepDefinitionMatch.runStep(PickleStepDefinitionMatch.java:50)
	at cucumber.runner.TestStep.executeStep(TestStep.java:55)
	at cucumber.runner.TestStep.run(TestStep.java:42)
	at cucumber.runner.PickleStepTestStep.run(PickleStepTestStep.java:53)
	at cucumber.runner.TestCase.run(TestCase.java:47)
	at cucumber.runner.Runner.runPickle(Runner.java:44)
	at cucumber.runtime.Runtime.runFeature(Runtime.java:120)
	at cucumber.runtime.Runtime.run(Runtime.java:106)
	at cucumber.api.cli.Main.run(Main.java:35)
	at cucumber.api.cli.Main$run.call(Unknown Source)
	at com.kms.katalon.core.cucumber.keyword.CucumberBuiltinKeywords$_runFeatureFile_closure1.doCall(CucumberBuiltinKeywords.groovy:76)
	at com.kms.katalon.core.cucumber.keyword.CucumberBuiltinKeywords$_runFeatureFile_closure1.doCall(CucumberBuiltinKeywords.groovy)
	at com.kms.katalon.core.keyword.internal.KeywordMain.runKeyword(KeywordMain.groovy:68)
	at com.kms.katalon.core.keyword.internal.KeywordMain$runKeyword.call(Unknown Source)
	at com.kms.katalon.core.cucumber.keyword.CucumberBuiltinKeywords.runFeatureFile(CucumberBuiltinKeywords.groovy:46)
	at com.kms.katalon.core.cucumber.keyword.CucumberBuiltinKeywords$runFeatureFile$0.callStatic(Unknown Source)
	at com.kms.katalon.core.cucumber.keyword.CucumberBuiltinKeywords.runFeatureFile(CucumberBuiltinKeywords.groovy:169)
	at com.kms.katalon.core.cucumber.keyword.CucumberBuiltinKeywords$runFeatureFile.call(Unknown Source)
	at TC_Search_by_STATUS.run(TC_Search_by_STATUS:18)
	at com.kms.katalon.core.main.ScriptEngine.run(ScriptEngine.java:194)
	at com.kms.katalon.core.main.ScriptEngine.runScriptAsRawText(ScriptEngine.java:119)
	at com.kms.katalon.core.main.TestCaseExecutor.runScript(TestCaseExecutor.java:339)
	at com.kms.katalon.core.main.TestCaseExecutor.doExecute(TestCaseExecutor.java:330)
	at com.kms.katalon.core.main.TestCaseExecutor.processExecutionPhase(TestCaseExecutor.java:309)
	at com.kms.katalon.core.main.TestCaseExecutor.accessMainPhase(TestCaseExecutor.java:301)
	at com.kms.katalon.core.main.TestCaseExecutor.execute(TestCaseExecutor.java:235)
	at com.kms.katalon.core.main.TestSuiteExecutor.accessTestCaseMainPhase(TestSuiteExecutor.java:191)
	at com.kms.katalon.core.main.TestSuiteExecutor.accessTestSuiteMainPhase(TestSuiteExecutor.java:141)
	at com.kms.katalon.core.main.TestSuiteExecutor.execute(TestSuiteExecutor.java:90)
	at com.kms.katalon.core.main.TestCaseMain.startTestSuite(TestCaseMain.java:157)
	at com.kms.katalon.core.main.TestCaseMain$startTestSuite$0.call(Unknown Source)
	at TempTestSuite1611286943259.run(TempTestSuite1611286943259.groovy:39)
)
[[ATTACHMENT|/Users/chaidir.pratama01/Katalon Studio/IST_Automation_Git/Reports/20210122_104222/RTD/TS_Partner_Disbursement_SBO/20210122_104223/1611287263635.png]]

2021-01-22 10:47:44 - [MESSAGE][PASSED] - Verify Search Result Presents

2021-01-22 10:47:44 - [TEST_STEP][PASSED] - Click button "Logout": Click button "Logout"

2021-01-22 10:47:44 - [MESSAGE][INFO] - >>>>>//Button[contains(text(),'Logout')]

2021-01-22 10:47:47 - [MESSAGE][PASSED] - Object '' is present

2021-01-22 10:47:47 - [MESSAGE][PASSED] - Object: '' is clicked on

2021-01-22 10:47:47 - [MESSAGE][PASSED] - Switched to window with index: '0'

2021-01-22 10:47:47 - [MESSAGE][PASSED] - Click button "Logout"

2021-01-22 10:47:47 - [TEST_STEP][PASSED] - Close browser: Close browser

2021-01-22 10:47:47 - [MESSAGE][PASSED] - Browser is closed

2021-01-22 10:47:47 - [MESSAGE][PASSED] - Close browser

2021-01-22 10:47:47 - [TEST_CASE][PASSED] - Start Test Case : SCENARIO Search by STATUS Ready to disburse: SCENARIO Search by STATUS Ready to disburse

2021-01-22 10:47:47 - [TEST_STEP][PASSED] - Go to ISTools: Go to ISTools

2021-01-22 10:47:47 - [MESSAGE][INFO] - Starting 'Chrome (headless)' driver

2021-01-22 10:47:47 - [MESSAGE][INFO] - User set preference: ['args', '[--start-maximized, --disable-gpu, --no-proxy-server, â€“-no-sandbox, --allow-running-insecure-content, --ignore-certificate-errors, window-size=1680,814, force-device-scale-factor=2, --lang=en-GB]']

2021-01-22 10:47:47 - [MESSAGE][INFO] - User set preference: ['prefs', '{download.default_directory=/Users/chaidir.pratama01/Katalon Studio/IST_Automation_Git/Download}']

2021-01-22 10:47:47 - [MESSAGE][INFO] - Action delay is set to 0 milliseconds

2021-01-22 10:47:48 - [MESSAGE][PASSED] - Browser is opened with url: ''

2021-01-22 10:47:48 - [MESSAGE][PASSED] - Navigate to 'https://dev-istools.homecredit.id/foundation/' successfully

2021-01-22 10:47:48 - [MESSAGE][PASSED] - Go to ISTools

2021-01-22 10:47:48 - [TEST_STEP][PASSED] - Login IST with valid credentials: Login IST with valid credentials

2021-01-22 10:47:49 - [MESSAGE][PASSED] - Text 'mobile.test' is set on object 'Object Repository/Page_/input_Username_j_username'

2021-01-22 10:47:49 - [MESSAGE][PASSED] - Text ****** has been set on object 'Object Repository/Page_/input_Password_j_password'

2021-01-22 10:47:49 - [MESSAGE][PASSED] - Object: 'Object Repository/Page_/button_Login' is clicked on

2021-01-22 10:47:49 - [MESSAGE][PASSED] - Login IST with valid credentials

2021-01-22 10:47:49 - [TEST_STEP][PASSED] - Login Success: Login Success

2021-01-22 10:47:49 - [MESSAGE][INFO] - Login Success

2021-01-22 10:47:49 - [MESSAGE][PASSED] - Current window maximized

2021-01-22 10:47:49 - [MESSAGE][PASSED] - Object 'Object Repository/Page_/h1_Welcome to IT Supporting Tools' is present

2021-01-22 10:47:49 - [MESSAGE][PASSED] - Login Success

2021-01-22 10:47:49 - [TEST_STEP][PASSED] - Select Arrow Menu "Real Time Disbursement": Select Arrow Menu "Real Time Disbursement"

2021-01-22 10:47:49 - [MESSAGE][PASSED] - Object: '' is clicked on

2021-01-22 10:47:49 - [MESSAGE][PASSED] - Select Arrow Menu "Real Time Disbursement"

2021-01-22 10:47:49 - [TEST_STEP][PASSED] - Select Menu "Partner Disbursement SBO": Select Menu "Partner Disbursement SBO"

2021-01-22 10:47:50 - [MESSAGE][PASSED] - Taking screenshot successfully
[[ATTACHMENT|/Users/chaidir.pratama01/Documents/Docs/Katalon Studio/Screenshot/test-Partner Disbursement SBO.png]]

2021-01-22 10:47:50 - [MESSAGE][PASSED] - Object '' is present

2021-01-22 10:47:50 - [MESSAGE][PASSED] - Object: '' is clicked on

2021-01-22 10:47:50 - [MESSAGE][PASSED] - Wait for page load successfully

2021-01-22 10:47:50 - [MESSAGE][PASSED] - Select Menu "Partner Disbursement SBO"

2021-01-22 10:47:50 - [TEST_STEP][PASSED] - Select STATUS "Ready to disburse": Select STATUS "Ready to disburse"

2021-01-22 10:47:50 - [MESSAGE][PASSED] - All options with value 'Ready to disburse' are selected in object ''  using regular expression

2021-01-22 10:47:50 - [MESSAGE][PASSED] - Select STATUS "Ready to disburse"

2021-01-22 10:47:50 - [TEST_STEP][PASSED] - Click button "Search": Click button "Search"

2021-01-22 10:47:50 - [MESSAGE][INFO] - >>>>>//Button[contains(text(),'Search')]

2021-01-22 10:47:53 - [MESSAGE][PASSED] - Object '' is present

2021-01-22 10:47:53 - [MESSAGE][PASSED] - Object: '' is clicked on

2021-01-22 10:47:53 - [MESSAGE][PASSED] - Switched to window with index: '0'

2021-01-22 10:47:53 - [MESSAGE][PASSED] - Click button "Search"

2021-01-22 10:47:53 - [TEST_STEP][PASSED] - Verify Search Result Presents: Verify Search Result Presents

2021-01-22 10:47:54 - [MESSAGE][PASSED] - Object '' is present

2021-01-22 10:47:58 - [MESSAGE][PASSED] - Verify Search Result Presents

2021-01-22 10:47:58 - [TEST_STEP][PASSED] - Click button "Logout": Click button "Logout"

2021-01-22 10:47:58 - [MESSAGE][INFO] - >>>>>//Button[contains(text(),'Logout')]

2021-01-22 10:48:01 - [MESSAGE][PASSED] - Object '' is present

2021-01-22 10:48:01 - [MESSAGE][PASSED] - Object: '' is clicked on

2021-01-22 10:48:01 - [MESSAGE][PASSED] - Switched to window with index: '0'

2021-01-22 10:48:01 - [MESSAGE][PASSED] - Click button "Logout"

2021-01-22 10:48:01 - [TEST_STEP][PASSED] - Close browser: Close browser

2021-01-22 10:48:01 - [MESSAGE][PASSED] - Browser is closed

2021-01-22 10:48:01 - [MESSAGE][PASSED] - Close browser

2021-01-22 10:48:01 - [TEST_CASE][PASSED] - Start Test Case : SCENARIO Search by STATUS Failed due to invalid bank account: SCENARIO Search by STATUS Failed due to invalid bank account

2021-01-22 10:48:01 - [TEST_STEP][PASSED] - Go to ISTools: Go to ISTools

2021-01-22 10:48:01 - [MESSAGE][INFO] - Starting 'Chrome (headless)' driver

2021-01-22 10:48:01 - [MESSAGE][INFO] - User set preference: ['args', '[--start-maximized, --disable-gpu, --no-proxy-server, â€“-no-sandbox, --allow-running-insecure-content, --ignore-certificate-errors, window-size=1680,814, force-device-scale-factor=2, --lang=en-GB]']

2021-01-22 10:48:01 - [MESSAGE][INFO] - User set preference: ['prefs', '{download.default_directory=/Users/chaidir.pratama01/Katalon Studio/IST_Automation_Git/Download}']

2021-01-22 10:48:01 - [MESSAGE][INFO] - Action delay is set to 0 milliseconds

2021-01-22 10:48:01 - [MESSAGE][PASSED] - Browser is opened with url: ''

2021-01-22 10:48:02 - [MESSAGE][PASSED] - Navigate to 'https://dev-istools.homecredit.id/foundation/' successfully

2021-01-22 10:48:02 - [MESSAGE][PASSED] - Go to ISTools

2021-01-22 10:48:02 - [TEST_STEP][PASSED] - Login IST with valid credentials: Login IST with valid credentials

2021-01-22 10:48:03 - [MESSAGE][PASSED] - Text 'mobile.test' is set on object 'Object Repository/Page_/input_Username_j_username'

2021-01-22 10:48:03 - [MESSAGE][PASSED] - Text ****** has been set on object 'Object Repository/Page_/input_Password_j_password'

2021-01-22 10:48:03 - [MESSAGE][PASSED] - Object: 'Object Repository/Page_/button_Login' is clicked on

2021-01-22 10:48:03 - [MESSAGE][PASSED] - Login IST with valid credentials

2021-01-22 10:48:03 - [TEST_STEP][PASSED] - Login Success: Login Success

2021-01-22 10:48:03 - [MESSAGE][INFO] - Login Success

2021-01-22 10:48:03 - [MESSAGE][PASSED] - Current window maximized

2021-01-22 10:48:03 - [MESSAGE][PASSED] - Object 'Object Repository/Page_/h1_Welcome to IT Supporting Tools' is present

2021-01-22 10:48:03 - [MESSAGE][PASSED] - Login Success

2021-01-22 10:48:03 - [TEST_STEP][PASSED] - Select Arrow Menu "Real Time Disbursement": Select Arrow Menu "Real Time Disbursement"

2021-01-22 10:48:03 - [MESSAGE][PASSED] - Object: '' is clicked on

2021-01-22 10:48:03 - [MESSAGE][PASSED] - Select Arrow Menu "Real Time Disbursement"

2021-01-22 10:48:03 - [TEST_STEP][PASSED] - Select Menu "Partner Disbursement SBO": Select Menu "Partner Disbursement SBO"

2021-01-22 10:48:04 - [MESSAGE][PASSED] - Taking screenshot successfully
[[ATTACHMENT|/Users/chaidir.pratama01/Documents/Docs/Katalon Studio/Screenshot/test-Partner Disbursement SBO.png]]

2021-01-22 10:48:04 - [MESSAGE][PASSED] - Object '' is present

2021-01-22 10:48:04 - [MESSAGE][PASSED] - Object: '' is clicked on

2021-01-22 10:48:04 - [MESSAGE][PASSED] - Wait for page load successfully

2021-01-22 10:48:04 - [MESSAGE][PASSED] - Select Menu "Partner Disbursement SBO"

2021-01-22 10:48:04 - [TEST_STEP][PASSED] - Select STATUS "Failed due to invalid bank account": Select STATUS "Failed due to invalid bank account"

2021-01-22 10:48:05 - [MESSAGE][PASSED] - All options with value 'Failed due to invalid bank account' are selected in object ''  using regular expression

2021-01-22 10:48:05 - [MESSAGE][PASSED] - Select STATUS "Failed due to invalid bank account"

2021-01-22 10:48:05 - [TEST_STEP][PASSED] - Click button "Search": Click button "Search"

2021-01-22 10:48:05 - [MESSAGE][INFO] - >>>>>//Button[contains(text(),'Search')]

2021-01-22 10:48:08 - [MESSAGE][PASSED] - Object '' is present

2021-01-22 10:48:08 - [MESSAGE][PASSED] - Object: '' is clicked on

2021-01-22 10:48:08 - [MESSAGE][PASSED] - Switched to window with index: '0'

2021-01-22 10:48:08 - [MESSAGE][PASSED] - Click button "Search"

2021-01-22 10:48:08 - [TEST_STEP][PASSED] - Verify Search Result Presents: Verify Search Result Presents

2021-01-22 10:48:12 - [MESSAGE][INFO] - Unable to find the element located by 'By.xpath: //td[@style='display:none' and contains(text(),'-Empty-')]'. Please recheck the objects properties to make sure the desired element is located. 

2021-01-22 10:48:12 - [MESSAGE][WARNING] - com.kms.katalon.core.webui.exception.WebElementNotFoundException: Web element with id: '' located by '//td[@style='display:none' and contains(text(),'-Empty-')]' not found (Root cause: com.kms.katalon.core.exception.StepFailedException: com.kms.katalon.core.webui.exception.WebElementNotFoundException: Web element with id: '' located by '//td[@style='display:none' and contains(text(),'-Empty-')]' not found
	at com.kms.katalon.core.webui.keyword.internal.WebUIKeywordMain.stepFailed(WebUIKeywordMain.groovy:64)
	at com.kms.katalon.core.webui.keyword.builtin.VerifyElementPresentKeyword$_verifyElementPresent_closure1.doCall(VerifyElementPresentKeyword.groovy:85)
	at com.kms.katalon.core.webui.keyword.builtin.VerifyElementPresentKeyword$_verifyElementPresent_closure1.call(VerifyElementPresentKeyword.groovy)
	at com.kms.katalon.core.webui.keyword.internal.WebUIKeywordMain.runKeyword(WebUIKeywordMain.groovy:20)
	at com.kms.katalon.core.webui.keyword.builtin.VerifyElementPresentKeyword.verifyElementPresent(VerifyElementPresentKeyword.groovy:92)
	at com.kms.katalon.core.webui.keyword.builtin.VerifyElementPresentKeyword.execute(VerifyElementPresentKeyword.groovy:68)
	at com.kms.katalon.core.keyword.internal.KeywordExecutor.executeKeywordForPlatform(KeywordExecutor.groovy:73)
	at com.kms.katalon.core.webui.keyword.WebUiBuiltInKeywords.verifyElementPresent(WebUiBuiltInKeywords.groovy:1444)
	at com.kms.katalon.core.webui.keyword.WebUiBuiltInKeywords$verifyElementPresent$11.call(Unknown Source)
	at ist_real.Contract_Dispatcher.VerifyTblFilled(Contract_Dispatcher.groovy:1313)
	at ist_real.Contract_Dispatcher$VerifyTblFilled$0.call(Unknown Source)
	at RTD.Search_Result_Presents(RTD.groovy:191)
	at cucumber.runtime.Utils$1.call(Utils.java:26)
	at cucumber.runtime.Timeout.timeout(Timeout.java:16)
	at cucumber.runtime.Utils.invoke(Utils.java:20)
	at cucumber.runtime.java.JavaStepDefinition.execute(JavaStepDefinition.java:48)
	at cucumber.runtime.PickleStepDefinitionMatch.runStep(PickleStepDefinitionMatch.java:50)
	at cucumber.runner.TestStep.executeStep(TestStep.java:55)
	at cucumber.runner.TestStep.run(TestStep.java:42)
	at cucumber.runner.PickleStepTestStep.run(PickleStepTestStep.java:53)
	at cucumber.runner.TestCase.run(TestCase.java:47)
	at cucumber.runner.Runner.runPickle(Runner.java:44)
	at cucumber.runtime.Runtime.runFeature(Runtime.java:120)
	at cucumber.runtime.Runtime.run(Runtime.java:106)
	at cucumber.api.cli.Main.run(Main.java:35)
	at cucumber.api.cli.Main$run.call(Unknown Source)
	at com.kms.katalon.core.cucumber.keyword.CucumberBuiltinKeywords$_runFeatureFile_closure1.doCall(CucumberBuiltinKeywords.groovy:76)
	at com.kms.katalon.core.cucumber.keyword.CucumberBuiltinKeywords$_runFeatureFile_closure1.doCall(CucumberBuiltinKeywords.groovy)
	at com.kms.katalon.core.keyword.internal.KeywordMain.runKeyword(KeywordMain.groovy:68)
	at com.kms.katalon.core.keyword.internal.KeywordMain$runKeyword.call(Unknown Source)
	at com.kms.katalon.core.cucumber.keyword.CucumberBuiltinKeywords.runFeatureFile(CucumberBuiltinKeywords.groovy:46)
	at com.kms.katalon.core.cucumber.keyword.CucumberBuiltinKeywords$runFeatureFile$0.callStatic(Unknown Source)
	at com.kms.katalon.core.cucumber.keyword.CucumberBuiltinKeywords.runFeatureFile(CucumberBuiltinKeywords.groovy:169)
	at com.kms.katalon.core.cucumber.keyword.CucumberBuiltinKeywords$runFeatureFile.call(Unknown Source)
	at TC_Search_by_STATUS.run(TC_Search_by_STATUS:18)
	at com.kms.katalon.core.main.ScriptEngine.run(ScriptEngine.java:194)
	at com.kms.katalon.core.main.ScriptEngine.runScriptAsRawText(ScriptEngine.java:119)
	at com.kms.katalon.core.main.TestCaseExecutor.runScript(TestCaseExecutor.java:339)
	at com.kms.katalon.core.main.TestCaseExecutor.doExecute(TestCaseExecutor.java:330)
	at com.kms.katalon.core.main.TestCaseExecutor.processExecutionPhase(TestCaseExecutor.java:309)
	at com.kms.katalon.core.main.TestCaseExecutor.accessMainPhase(TestCaseExecutor.java:301)
	at com.kms.katalon.core.main.TestCaseExecutor.execute(TestCaseExecutor.java:235)
	at com.kms.katalon.core.main.TestSuiteExecutor.accessTestCaseMainPhase(TestSuiteExecutor.java:191)
	at com.kms.katalon.core.main.TestSuiteExecutor.accessTestSuiteMainPhase(TestSuiteExecutor.java:141)
	at com.kms.katalon.core.main.TestSuiteExecutor.execute(TestSuiteExecutor.java:90)
	at com.kms.katalon.core.main.TestCaseMain.startTestSuite(TestCaseMain.java:157)
	at com.kms.katalon.core.main.TestCaseMain$startTestSuite$0.call(Unknown Source)
	at TempTestSuite1611286943259.run(TempTestSuite1611286943259.groovy:39)
)
[[ATTACHMENT|/Users/chaidir.pratama01/Katalon Studio/IST_Automation_Git/Reports/20210122_104222/RTD/TS_Partner_Disbursement_SBO/20210122_104223/1611287292095.png]]

2021-01-22 10:48:12 - [MESSAGE][PASSED] - Verify Search Result Presents

2021-01-22 10:48:12 - [TEST_STEP][PASSED] - Click button "Logout": Click button "Logout"

2021-01-22 10:48:12 - [MESSAGE][INFO] - >>>>>//Button[contains(text(),'Logout')]

2021-01-22 10:48:15 - [MESSAGE][PASSED] - Object '' is present

2021-01-22 10:48:17 - [MESSAGE][PASSED] - Object: '' is clicked on

2021-01-22 10:48:17 - [MESSAGE][PASSED] - Switched to window with index: '0'

2021-01-22 10:48:17 - [MESSAGE][PASSED] - Click button "Logout"

2021-01-22 10:48:17 - [TEST_STEP][PASSED] - Close browser: Close browser

2021-01-22 10:48:17 - [MESSAGE][PASSED] - Browser is closed

2021-01-22 10:48:17 - [MESSAGE][PASSED] - Close browser

2021-01-22 10:48:17 - [TEST_CASE][PASSED] - Start Test Case : SCENARIO Search by STATUS Failed due to system error: SCENARIO Search by STATUS Failed due to system error

2021-01-22 10:48:17 - [TEST_STEP][PASSED] - Go to ISTools: Go to ISTools

2021-01-22 10:48:17 - [MESSAGE][INFO] - Starting 'Chrome (headless)' driver

2021-01-22 10:48:17 - [MESSAGE][INFO] - User set preference: ['args', '[--start-maximized, --disable-gpu, --no-proxy-server, â€“-no-sandbox, --allow-running-insecure-content, --ignore-certificate-errors, window-size=1680,814, force-device-scale-factor=2, --lang=en-GB]']

2021-01-22 10:48:17 - [MESSAGE][INFO] - User set preference: ['prefs', '{download.default_directory=/Users/chaidir.pratama01/Katalon Studio/IST_Automation_Git/Download}']

2021-01-22 10:48:17 - [MESSAGE][INFO] - Action delay is set to 0 milliseconds

2021-01-22 10:48:17 - [MESSAGE][PASSED] - Browser is opened with url: ''

2021-01-22 10:48:24 - [MESSAGE][PASSED] - Navigate to 'https://dev-istools.homecredit.id/foundation/' successfully

2021-01-22 10:48:24 - [MESSAGE][PASSED] - Go to ISTools

2021-01-22 10:48:24 - [TEST_STEP][PASSED] - Login IST with valid credentials: Login IST with valid credentials

2021-01-22 10:48:24 - [MESSAGE][PASSED] - Text 'mobile.test' is set on object 'Object Repository/Page_/input_Username_j_username'

2021-01-22 10:48:24 - [MESSAGE][PASSED] - Text ****** has been set on object 'Object Repository/Page_/input_Password_j_password'

2021-01-22 10:48:25 - [MESSAGE][PASSED] - Object: 'Object Repository/Page_/button_Login' is clicked on

2021-01-22 10:48:25 - [MESSAGE][PASSED] - Login IST with valid credentials

2021-01-22 10:48:25 - [TEST_STEP][PASSED] - Login Success: Login Success

2021-01-22 10:48:25 - [MESSAGE][INFO] - Login Success

2021-01-22 10:48:25 - [MESSAGE][PASSED] - Current window maximized

2021-01-22 10:48:25 - [MESSAGE][PASSED] - Object 'Object Repository/Page_/h1_Welcome to IT Supporting Tools' is present

2021-01-22 10:48:25 - [MESSAGE][PASSED] - Login Success

2021-01-22 10:48:25 - [TEST_STEP][PASSED] - Select Arrow Menu "Real Time Disbursement": Select Arrow Menu "Real Time Disbursement"

2021-01-22 10:48:25 - [MESSAGE][PASSED] - Object: '' is clicked on

2021-01-22 10:48:25 - [MESSAGE][PASSED] - Select Arrow Menu "Real Time Disbursement"

2021-01-22 10:48:25 - [TEST_STEP][PASSED] - Select Menu "Partner Disbursement SBO": Select Menu "Partner Disbursement SBO"

2021-01-22 10:48:25 - [MESSAGE][PASSED] - Taking screenshot successfully
[[ATTACHMENT|/Users/chaidir.pratama01/Documents/Docs/Katalon Studio/Screenshot/test-Partner Disbursement SBO.png]]

2021-01-22 10:48:25 - [MESSAGE][PASSED] - Object '' is present

2021-01-22 10:48:25 - [MESSAGE][PASSED] - Object: '' is clicked on

2021-01-22 10:48:25 - [MESSAGE][PASSED] - Wait for page load successfully

2021-01-22 10:48:25 - [MESSAGE][PASSED] - Select Menu "Partner Disbursement SBO"

2021-01-22 10:48:25 - [TEST_STEP][PASSED] - Select STATUS "Failed due to system error": Select STATUS "Failed due to system error"

2021-01-22 10:48:26 - [MESSAGE][PASSED] - All options with value 'Failed due to system error' are selected in object ''  using regular expression

2021-01-22 10:48:26 - [MESSAGE][PASSED] - Select STATUS "Failed due to system error"

2021-01-22 10:48:26 - [TEST_STEP][PASSED] - Click button "Search": Click button "Search"

2021-01-22 10:48:26 - [MESSAGE][INFO] - >>>>>//Button[contains(text(),'Search')]

2021-01-22 10:48:29 - [MESSAGE][PASSED] - Object '' is present

2021-01-22 10:48:29 - [MESSAGE][PASSED] - Object: '' is clicked on

2021-01-22 10:48:29 - [MESSAGE][PASSED] - Switched to window with index: '0'

2021-01-22 10:48:29 - [MESSAGE][PASSED] - Click button "Search"

2021-01-22 10:48:29 - [TEST_STEP][PASSED] - Verify Search Result Presents: Verify Search Result Presents

2021-01-22 10:48:29 - [MESSAGE][PASSED] - Object '' is present

2021-01-22 10:48:31 - [MESSAGE][PASSED] - Verify Search Result Presents

2021-01-22 10:48:31 - [TEST_STEP][PASSED] - Click button "Logout": Click button "Logout"

2021-01-22 10:48:31 - [MESSAGE][INFO] - >>>>>//Button[contains(text(),'Logout')]

2021-01-22 10:48:34 - [MESSAGE][PASSED] - Object '' is present

2021-01-22 10:48:34 - [MESSAGE][PASSED] - Object: '' is clicked on

2021-01-22 10:48:34 - [MESSAGE][PASSED] - Switched to window with index: '0'

2021-01-22 10:48:34 - [MESSAGE][PASSED] - Click button "Logout"

2021-01-22 10:48:34 - [TEST_STEP][PASSED] - Close browser: Close browser

2021-01-22 10:48:34 - [MESSAGE][PASSED] - Browser is closed

2021-01-22 10:48:34 - [MESSAGE][PASSED] - Close browser

2021-01-22 10:48:34 - [TEST_CASE][PASSED] - Start Test Case : SCENARIO Search by STATUS Failed due to insufficient fund: SCENARIO Search by STATUS Failed due to insufficient fund

2021-01-22 10:48:34 - [TEST_STEP][PASSED] - Go to ISTools: Go to ISTools

2021-01-22 10:48:34 - [MESSAGE][INFO] - Starting 'Chrome (headless)' driver

2021-01-22 10:48:34 - [MESSAGE][INFO] - User set preference: ['args', '[--start-maximized, --disable-gpu, --no-proxy-server, â€“-no-sandbox, --allow-running-insecure-content, --ignore-certificate-errors, window-size=1680,814, force-device-scale-factor=2, --lang=en-GB]']

2021-01-22 10:48:34 - [MESSAGE][INFO] - User set preference: ['prefs', '{download.default_directory=/Users/chaidir.pratama01/Katalon Studio/IST_Automation_Git/Download}']

2021-01-22 10:48:34 - [MESSAGE][INFO] - Action delay is set to 0 milliseconds

2021-01-22 10:48:35 - [MESSAGE][PASSED] - Browser is opened with url: ''

2021-01-22 10:48:36 - [MESSAGE][PASSED] - Navigate to 'https://dev-istools.homecredit.id/foundation/' successfully

2021-01-22 10:48:36 - [MESSAGE][PASSED] - Go to ISTools

2021-01-22 10:48:36 - [TEST_STEP][PASSED] - Login IST with valid credentials: Login IST with valid credentials

2021-01-22 10:48:36 - [MESSAGE][PASSED] - Text 'mobile.test' is set on object 'Object Repository/Page_/input_Username_j_username'

2021-01-22 10:48:36 - [MESSAGE][PASSED] - Text ****** has been set on object 'Object Repository/Page_/input_Password_j_password'

2021-01-22 10:48:37 - [MESSAGE][PASSED] - Object: 'Object Repository/Page_/button_Login' is clicked on

2021-01-22 10:48:37 - [MESSAGE][PASSED] - Login IST with valid credentials

2021-01-22 10:48:37 - [TEST_STEP][PASSED] - Login Success: Login Success

2021-01-22 10:48:37 - [MESSAGE][INFO] - Login Success

2021-01-22 10:48:37 - [MESSAGE][PASSED] - Current window maximized

2021-01-22 10:48:37 - [MESSAGE][PASSED] - Object 'Object Repository/Page_/h1_Welcome to IT Supporting Tools' is present

2021-01-22 10:48:37 - [MESSAGE][PASSED] - Login Success

2021-01-22 10:48:37 - [TEST_STEP][PASSED] - Select Arrow Menu "Real Time Disbursement": Select Arrow Menu "Real Time Disbursement"

2021-01-22 10:48:37 - [MESSAGE][PASSED] - Object: '' is clicked on

2021-01-22 10:48:37 - [MESSAGE][PASSED] - Select Arrow Menu "Real Time Disbursement"

2021-01-22 10:48:37 - [TEST_STEP][PASSED] - Select Menu "Partner Disbursement SBO": Select Menu "Partner Disbursement SBO"

2021-01-22 10:48:38 - [MESSAGE][PASSED] - Taking screenshot successfully
[[ATTACHMENT|/Users/chaidir.pratama01/Documents/Docs/Katalon Studio/Screenshot/test-Partner Disbursement SBO.png]]

2021-01-22 10:48:38 - [MESSAGE][PASSED] - Object '' is present

2021-01-22 10:48:38 - [MESSAGE][PASSED] - Object: '' is clicked on

2021-01-22 10:48:38 - [MESSAGE][PASSED] - Wait for page load successfully

2021-01-22 10:48:38 - [MESSAGE][PASSED] - Select Menu "Partner Disbursement SBO"

2021-01-22 10:48:38 - [TEST_STEP][PASSED] - Select STATUS "Failed due to insufficient fund": Select STATUS "Failed due to insufficient fund"

2021-01-22 10:48:38 - [MESSAGE][PASSED] - All options with value 'Failed due to insufficient fund' are selected in object ''  using regular expression

2021-01-22 10:48:38 - [MESSAGE][PASSED] - Select STATUS "Failed due to insufficient fund"

2021-01-22 10:48:38 - [TEST_STEP][PASSED] - Click button "Search": Click button "Search"

2021-01-22 10:48:38 - [MESSAGE][INFO] - >>>>>//Button[contains(text(),'Search')]

2021-01-22 10:48:41 - [MESSAGE][PASSED] - Object '' is present

2021-01-22 10:48:41 - [MESSAGE][PASSED] - Object: '' is clicked on

2021-01-22 10:48:41 - [MESSAGE][PASSED] - Switched to window with index: '0'

2021-01-22 10:48:41 - [MESSAGE][PASSED] - Click button "Search"

2021-01-22 10:48:41 - [TEST_STEP][PASSED] - Verify Search Result Presents: Verify Search Result Presents

2021-01-22 10:48:45 - [MESSAGE][INFO] - Unable to find the element located by 'By.xpath: //td[@style='display:none' and contains(text(),'-Empty-')]'. Please recheck the objects properties to make sure the desired element is located. 

2021-01-22 10:48:46 - [MESSAGE][WARNING] - com.kms.katalon.core.webui.exception.WebElementNotFoundException: Web element with id: '' located by '//td[@style='display:none' and contains(text(),'-Empty-')]' not found (Root cause: com.kms.katalon.core.exception.StepFailedException: com.kms.katalon.core.webui.exception.WebElementNotFoundException: Web element with id: '' located by '//td[@style='display:none' and contains(text(),'-Empty-')]' not found
	at com.kms.katalon.core.webui.keyword.internal.WebUIKeywordMain.stepFailed(WebUIKeywordMain.groovy:64)
	at com.kms.katalon.core.webui.keyword.builtin.VerifyElementPresentKeyword$_verifyElementPresent_closure1.doCall(VerifyElementPresentKeyword.groovy:85)
	at com.kms.katalon.core.webui.keyword.builtin.VerifyElementPresentKeyword$_verifyElementPresent_closure1.call(VerifyElementPresentKeyword.groovy)
	at com.kms.katalon.core.webui.keyword.internal.WebUIKeywordMain.runKeyword(WebUIKeywordMain.groovy:20)
	at com.kms.katalon.core.webui.keyword.builtin.VerifyElementPresentKeyword.verifyElementPresent(VerifyElementPresentKeyword.groovy:92)
	at com.kms.katalon.core.webui.keyword.builtin.VerifyElementPresentKeyword.execute(VerifyElementPresentKeyword.groovy:68)
	at com.kms.katalon.core.keyword.internal.KeywordExecutor.executeKeywordForPlatform(KeywordExecutor.groovy:73)
	at com.kms.katalon.core.webui.keyword.WebUiBuiltInKeywords.verifyElementPresent(WebUiBuiltInKeywords.groovy:1444)
	at com.kms.katalon.core.webui.keyword.WebUiBuiltInKeywords$verifyElementPresent$11.call(Unknown Source)
	at ist_real.Contract_Dispatcher.VerifyTblFilled(Contract_Dispatcher.groovy:1313)
	at ist_real.Contract_Dispatcher$VerifyTblFilled$0.call(Unknown Source)
	at RTD.Search_Result_Presents(RTD.groovy:191)
	at cucumber.runtime.Utils$1.call(Utils.java:26)
	at cucumber.runtime.Timeout.timeout(Timeout.java:16)
	at cucumber.runtime.Utils.invoke(Utils.java:20)
	at cucumber.runtime.java.JavaStepDefinition.execute(JavaStepDefinition.java:48)
	at cucumber.runtime.PickleStepDefinitionMatch.runStep(PickleStepDefinitionMatch.java:50)
	at cucumber.runner.TestStep.executeStep(TestStep.java:55)
	at cucumber.runner.TestStep.run(TestStep.java:42)
	at cucumber.runner.PickleStepTestStep.run(PickleStepTestStep.java:53)
	at cucumber.runner.TestCase.run(TestCase.java:47)
	at cucumber.runner.Runner.runPickle(Runner.java:44)
	at cucumber.runtime.Runtime.runFeature(Runtime.java:120)
	at cucumber.runtime.Runtime.run(Runtime.java:106)
	at cucumber.api.cli.Main.run(Main.java:35)
	at cucumber.api.cli.Main$run.call(Unknown Source)
	at com.kms.katalon.core.cucumber.keyword.CucumberBuiltinKeywords$_runFeatureFile_closure1.doCall(CucumberBuiltinKeywords.groovy:76)
	at com.kms.katalon.core.cucumber.keyword.CucumberBuiltinKeywords$_runFeatureFile_closure1.doCall(CucumberBuiltinKeywords.groovy)
	at com.kms.katalon.core.keyword.internal.KeywordMain.runKeyword(KeywordMain.groovy:68)
	at com.kms.katalon.core.keyword.internal.KeywordMain$runKeyword.call(Unknown Source)
	at com.kms.katalon.core.cucumber.keyword.CucumberBuiltinKeywords.runFeatureFile(CucumberBuiltinKeywords.groovy:46)
	at com.kms.katalon.core.cucumber.keyword.CucumberBuiltinKeywords$runFeatureFile$0.callStatic(Unknown Source)
	at com.kms.katalon.core.cucumber.keyword.CucumberBuiltinKeywords.runFeatureFile(CucumberBuiltinKeywords.groovy:169)
	at com.kms.katalon.core.cucumber.keyword.CucumberBuiltinKeywords$runFeatureFile.call(Unknown Source)
	at TC_Search_by_STATUS.run(TC_Search_by_STATUS:18)
	at com.kms.katalon.core.main.ScriptEngine.run(ScriptEngine.java:194)
	at com.kms.katalon.core.main.ScriptEngine.runScriptAsRawText(ScriptEngine.java:119)
	at com.kms.katalon.core.main.TestCaseExecutor.runScript(TestCaseExecutor.java:339)
	at com.kms.katalon.core.main.TestCaseExecutor.doExecute(TestCaseExecutor.java:330)
	at com.kms.katalon.core.main.TestCaseExecutor.processExecutionPhase(TestCaseExecutor.java:309)
	at com.kms.katalon.core.main.TestCaseExecutor.accessMainPhase(TestCaseExecutor.java:301)
	at com.kms.katalon.core.main.TestCaseExecutor.execute(TestCaseExecutor.java:235)
	at com.kms.katalon.core.main.TestSuiteExecutor.accessTestCaseMainPhase(TestSuiteExecutor.java:191)
	at com.kms.katalon.core.main.TestSuiteExecutor.accessTestSuiteMainPhase(TestSuiteExecutor.java:141)
	at com.kms.katalon.core.main.TestSuiteExecutor.execute(TestSuiteExecutor.java:90)
	at com.kms.katalon.core.main.TestCaseMain.startTestSuite(TestCaseMain.java:157)
	at com.kms.katalon.core.main.TestCaseMain$startTestSuite$0.call(Unknown Source)
	at TempTestSuite1611286943259.run(TempTestSuite1611286943259.groovy:39)
)
[[ATTACHMENT|/Users/chaidir.pratama01/Katalon Studio/IST_Automation_Git/Reports/20210122_104222/RTD/TS_Partner_Disbursement_SBO/20210122_104223/1611287325821.png]]

2021-01-22 10:48:46 - [MESSAGE][PASSED] - Verify Search Result Presents

2021-01-22 10:48:46 - [TEST_STEP][PASSED] - Click button "Logout": Click button "Logout"

2021-01-22 10:48:46 - [MESSAGE][INFO] - >>>>>//Button[contains(text(),'Logout')]

2021-01-22 10:48:49 - [MESSAGE][PASSED] - Object '' is present

2021-01-22 10:48:49 - [MESSAGE][PASSED] - Object: '' is clicked on

2021-01-22 10:48:49 - [MESSAGE][PASSED] - Switched to window with index: '0'

2021-01-22 10:48:49 - [MESSAGE][PASSED] - Click button "Logout"

2021-01-22 10:48:49 - [TEST_STEP][PASSED] - Close browser: Close browser

2021-01-22 10:48:49 - [MESSAGE][PASSED] - Browser is closed

2021-01-22 10:48:49 - [MESSAGE][PASSED] - Close browser

2021-01-22 10:48:49 - [TEST_CASE][PASSED] - Start Test Case : SCENARIO Search by STATUS Failed due to not supported bank: SCENARIO Search by STATUS Failed due to not supported bank

2021-01-22 10:48:49 - [TEST_STEP][PASSED] - Go to ISTools: Go to ISTools

2021-01-22 10:48:49 - [MESSAGE][INFO] - Starting 'Chrome (headless)' driver

2021-01-22 10:48:49 - [MESSAGE][INFO] - User set preference: ['args', '[--start-maximized, --disable-gpu, --no-proxy-server, â€“-no-sandbox, --allow-running-insecure-content, --ignore-certificate-errors, window-size=1680,814, force-device-scale-factor=2, --lang=en-GB]']

2021-01-22 10:48:49 - [MESSAGE][INFO] - User set preference: ['prefs', '{download.default_directory=/Users/chaidir.pratama01/Katalon Studio/IST_Automation_Git/Download}']

2021-01-22 10:48:49 - [MESSAGE][INFO] - Action delay is set to 0 milliseconds

2021-01-22 10:48:50 - [MESSAGE][PASSED] - Browser is opened with url: ''

2021-01-22 10:48:51 - [MESSAGE][PASSED] - Navigate to 'https://dev-istools.homecredit.id/foundation/' successfully

2021-01-22 10:48:51 - [MESSAGE][PASSED] - Go to ISTools

2021-01-22 10:48:51 - [TEST_STEP][PASSED] - Login IST with valid credentials: Login IST with valid credentials

2021-01-22 10:48:51 - [MESSAGE][PASSED] - Text 'mobile.test' is set on object 'Object Repository/Page_/input_Username_j_username'

2021-01-22 10:48:51 - [MESSAGE][PASSED] - Text ****** has been set on object 'Object Repository/Page_/input_Password_j_password'

2021-01-22 10:48:51 - [MESSAGE][PASSED] - Object: 'Object Repository/Page_/button_Login' is clicked on

2021-01-22 10:48:51 - [MESSAGE][PASSED] - Login IST with valid credentials

2021-01-22 10:48:51 - [TEST_STEP][PASSED] - Login Success: Login Success

2021-01-22 10:48:51 - [MESSAGE][INFO] - Login Success

2021-01-22 10:48:51 - [MESSAGE][PASSED] - Current window maximized

2021-01-22 10:48:51 - [MESSAGE][PASSED] - Object 'Object Repository/Page_/h1_Welcome to IT Supporting Tools' is present

2021-01-22 10:48:51 - [MESSAGE][PASSED] - Login Success

2021-01-22 10:48:51 - [TEST_STEP][PASSED] - Select Arrow Menu "Real Time Disbursement": Select Arrow Menu "Real Time Disbursement"

2021-01-22 10:48:51 - [MESSAGE][PASSED] - Object: '' is clicked on

2021-01-22 10:48:51 - [MESSAGE][PASSED] - Select Arrow Menu "Real Time Disbursement"

2021-01-22 10:48:51 - [TEST_STEP][PASSED] - Select Menu "Partner Disbursement SBO": Select Menu "Partner Disbursement SBO"

2021-01-22 10:48:52 - [MESSAGE][PASSED] - Taking screenshot successfully
[[ATTACHMENT|/Users/chaidir.pratama01/Documents/Docs/Katalon Studio/Screenshot/test-Partner Disbursement SBO.png]]

2021-01-22 10:48:52 - [MESSAGE][PASSED] - Object '' is present

2021-01-22 10:48:52 - [MESSAGE][PASSED] - Object: '' is clicked on

2021-01-22 10:48:52 - [MESSAGE][PASSED] - Wait for page load successfully

2021-01-22 10:48:52 - [MESSAGE][PASSED] - Select Menu "Partner Disbursement SBO"

2021-01-22 10:48:52 - [TEST_STEP][PASSED] - Select STATUS "Failed due to not supported bank": Select STATUS "Failed due to not supported bank"

2021-01-22 10:48:52 - [MESSAGE][PASSED] - All options with value 'Failed due to not supported bank' are selected in object ''  using regular expression

2021-01-22 10:48:52 - [MESSAGE][PASSED] - Select STATUS "Failed due to not supported bank"

2021-01-22 10:48:52 - [TEST_STEP][PASSED] - Click button "Search": Click button "Search"

2021-01-22 10:48:52 - [MESSAGE][INFO] - >>>>>//Button[contains(text(),'Search')]

2021-01-22 10:48:55 - [MESSAGE][PASSED] - Object '' is present

2021-01-22 10:48:55 - [MESSAGE][PASSED] - Object: '' is clicked on

2021-01-22 10:48:55 - [MESSAGE][PASSED] - Switched to window with index: '0'

2021-01-22 10:48:55 - [MESSAGE][PASSED] - Click button "Search"

2021-01-22 10:48:55 - [TEST_STEP][PASSED] - Verify Search Result Presents: Verify Search Result Presents

2021-01-22 10:48:59 - [MESSAGE][INFO] - Unable to find the element located by 'By.xpath: //td[@style='display:none' and contains(text(),'-Empty-')]'. Please recheck the objects properties to make sure the desired element is located. 

2021-01-22 10:49:00 - [MESSAGE][WARNING] - com.kms.katalon.core.webui.exception.WebElementNotFoundException: Web element with id: '' located by '//td[@style='display:none' and contains(text(),'-Empty-')]' not found (Root cause: com.kms.katalon.core.exception.StepFailedException: com.kms.katalon.core.webui.exception.WebElementNotFoundException: Web element with id: '' located by '//td[@style='display:none' and contains(text(),'-Empty-')]' not found
	at com.kms.katalon.core.webui.keyword.internal.WebUIKeywordMain.stepFailed(WebUIKeywordMain.groovy:64)
	at com.kms.katalon.core.webui.keyword.builtin.VerifyElementPresentKeyword$_verifyElementPresent_closure1.doCall(VerifyElementPresentKeyword.groovy:85)
	at com.kms.katalon.core.webui.keyword.builtin.VerifyElementPresentKeyword$_verifyElementPresent_closure1.call(VerifyElementPresentKeyword.groovy)
	at com.kms.katalon.core.webui.keyword.internal.WebUIKeywordMain.runKeyword(WebUIKeywordMain.groovy:20)
	at com.kms.katalon.core.webui.keyword.builtin.VerifyElementPresentKeyword.verifyElementPresent(VerifyElementPresentKeyword.groovy:92)
	at com.kms.katalon.core.webui.keyword.builtin.VerifyElementPresentKeyword.execute(VerifyElementPresentKeyword.groovy:68)
	at com.kms.katalon.core.keyword.internal.KeywordExecutor.executeKeywordForPlatform(KeywordExecutor.groovy:73)
	at com.kms.katalon.core.webui.keyword.WebUiBuiltInKeywords.verifyElementPresent(WebUiBuiltInKeywords.groovy:1444)
	at com.kms.katalon.core.webui.keyword.WebUiBuiltInKeywords$verifyElementPresent$11.call(Unknown Source)
	at ist_real.Contract_Dispatcher.VerifyTblFilled(Contract_Dispatcher.groovy:1313)
	at ist_real.Contract_Dispatcher$VerifyTblFilled$0.call(Unknown Source)
	at RTD.Search_Result_Presents(RTD.groovy:191)
	at cucumber.runtime.Utils$1.call(Utils.java:26)
	at cucumber.runtime.Timeout.timeout(Timeout.java:16)
	at cucumber.runtime.Utils.invoke(Utils.java:20)
	at cucumber.runtime.java.JavaStepDefinition.execute(JavaStepDefinition.java:48)
	at cucumber.runtime.PickleStepDefinitionMatch.runStep(PickleStepDefinitionMatch.java:50)
	at cucumber.runner.TestStep.executeStep(TestStep.java:55)
	at cucumber.runner.TestStep.run(TestStep.java:42)
	at cucumber.runner.PickleStepTestStep.run(PickleStepTestStep.java:53)
	at cucumber.runner.TestCase.run(TestCase.java:47)
	at cucumber.runner.Runner.runPickle(Runner.java:44)
	at cucumber.runtime.Runtime.runFeature(Runtime.java:120)
	at cucumber.runtime.Runtime.run(Runtime.java:106)
	at cucumber.api.cli.Main.run(Main.java:35)
	at cucumber.api.cli.Main$run.call(Unknown Source)
	at com.kms.katalon.core.cucumber.keyword.CucumberBuiltinKeywords$_runFeatureFile_closure1.doCall(CucumberBuiltinKeywords.groovy:76)
	at com.kms.katalon.core.cucumber.keyword.CucumberBuiltinKeywords$_runFeatureFile_closure1.doCall(CucumberBuiltinKeywords.groovy)
	at com.kms.katalon.core.keyword.internal.KeywordMain.runKeyword(KeywordMain.groovy:68)
	at com.kms.katalon.core.keyword.internal.KeywordMain$runKeyword.call(Unknown Source)
	at com.kms.katalon.core.cucumber.keyword.CucumberBuiltinKeywords.runFeatureFile(CucumberBuiltinKeywords.groovy:46)
	at com.kms.katalon.core.cucumber.keyword.CucumberBuiltinKeywords$runFeatureFile$0.callStatic(Unknown Source)
	at com.kms.katalon.core.cucumber.keyword.CucumberBuiltinKeywords.runFeatureFile(CucumberBuiltinKeywords.groovy:169)
	at com.kms.katalon.core.cucumber.keyword.CucumberBuiltinKeywords$runFeatureFile.call(Unknown Source)
	at TC_Search_by_STATUS.run(TC_Search_by_STATUS:18)
	at com.kms.katalon.core.main.ScriptEngine.run(ScriptEngine.java:194)
	at com.kms.katalon.core.main.ScriptEngine.runScriptAsRawText(ScriptEngine.java:119)
	at com.kms.katalon.core.main.TestCaseExecutor.runScript(TestCaseExecutor.java:339)
	at com.kms.katalon.core.main.TestCaseExecutor.doExecute(TestCaseExecutor.java:330)
	at com.kms.katalon.core.main.TestCaseExecutor.processExecutionPhase(TestCaseExecutor.java:309)
	at com.kms.katalon.core.main.TestCaseExecutor.accessMainPhase(TestCaseExecutor.java:301)
	at com.kms.katalon.core.main.TestCaseExecutor.execute(TestCaseExecutor.java:235)
	at com.kms.katalon.core.main.TestSuiteExecutor.accessTestCaseMainPhase(TestSuiteExecutor.java:191)
	at com.kms.katalon.core.main.TestSuiteExecutor.accessTestSuiteMainPhase(TestSuiteExecutor.java:141)
	at com.kms.katalon.core.main.TestSuiteExecutor.execute(TestSuiteExecutor.java:90)
	at com.kms.katalon.core.main.TestCaseMain.startTestSuite(TestCaseMain.java:157)
	at com.kms.katalon.core.main.TestCaseMain$startTestSuite$0.call(Unknown Source)
	at TempTestSuite1611286943259.run(TempTestSuite1611286943259.groovy:39)
)
[[ATTACHMENT|/Users/chaidir.pratama01/Katalon Studio/IST_Automation_Git/Reports/20210122_104222/RTD/TS_Partner_Disbursement_SBO/20210122_104223/1611287339964.png]]

2021-01-22 10:49:00 - [MESSAGE][PASSED] - Verify Search Result Presents

2021-01-22 10:49:00 - [TEST_STEP][PASSED] - Click button "Logout": Click button "Logout"

2021-01-22 10:49:00 - [MESSAGE][INFO] - >>>>>//Button[contains(text(),'Logout')]

2021-01-22 10:49:03 - [MESSAGE][PASSED] - Object '' is present

2021-01-22 10:49:04 - [MESSAGE][PASSED] - Object: '' is clicked on

2021-01-22 10:49:04 - [MESSAGE][PASSED] - Switched to window with index: '0'

2021-01-22 10:49:04 - [MESSAGE][PASSED] - Click button "Logout"

2021-01-22 10:49:04 - [TEST_STEP][PASSED] - Close browser: Close browser

2021-01-22 10:49:04 - [MESSAGE][PASSED] - Browser is closed

2021-01-22 10:49:04 - [MESSAGE][PASSED] - Close browser

2021-01-22 10:49:04 - [TEST_CASE][PASSED] - Start Test Case : SCENARIO Search by STATUS Manual Disbursement: SCENARIO Search by STATUS Manual Disbursement

2021-01-22 10:49:04 - [TEST_STEP][PASSED] - Go to ISTools: Go to ISTools

2021-01-22 10:49:04 - [MESSAGE][INFO] - Starting 'Chrome (headless)' driver

2021-01-22 10:49:04 - [MESSAGE][INFO] - User set preference: ['args', '[--start-maximized, --disable-gpu, --no-proxy-server, â€“-no-sandbox, --allow-running-insecure-content, --ignore-certificate-errors, window-size=1680,814, force-device-scale-factor=2, --lang=en-GB]']

2021-01-22 10:49:04 - [MESSAGE][INFO] - User set preference: ['prefs', '{download.default_directory=/Users/chaidir.pratama01/Katalon Studio/IST_Automation_Git/Download}']

2021-01-22 10:49:04 - [MESSAGE][INFO] - Action delay is set to 0 milliseconds

2021-01-22 10:49:04 - [MESSAGE][PASSED] - Browser is opened with url: ''

2021-01-22 10:49:05 - [MESSAGE][PASSED] - Navigate to 'https://dev-istools.homecredit.id/foundation/' successfully

2021-01-22 10:49:05 - [MESSAGE][PASSED] - Go to ISTools

2021-01-22 10:49:05 - [TEST_STEP][PASSED] - Login IST with valid credentials: Login IST with valid credentials

2021-01-22 10:49:05 - [MESSAGE][PASSED] - Text 'mobile.test' is set on object 'Object Repository/Page_/input_Username_j_username'

2021-01-22 10:49:05 - [MESSAGE][PASSED] - Text ****** has been set on object 'Object Repository/Page_/input_Password_j_password'

2021-01-22 10:49:05 - [MESSAGE][PASSED] - Object: 'Object Repository/Page_/button_Login' is clicked on

2021-01-22 10:49:05 - [MESSAGE][PASSED] - Login IST with valid credentials

2021-01-22 10:49:05 - [TEST_STEP][PASSED] - Login Success: Login Success

2021-01-22 10:49:05 - [MESSAGE][INFO] - Login Success

2021-01-22 10:49:06 - [MESSAGE][PASSED] - Current window maximized

2021-01-22 10:49:06 - [MESSAGE][PASSED] - Object 'Object Repository/Page_/h1_Welcome to IT Supporting Tools' is present

2021-01-22 10:49:06 - [MESSAGE][PASSED] - Login Success

2021-01-22 10:49:06 - [TEST_STEP][PASSED] - Select Arrow Menu "Real Time Disbursement": Select Arrow Menu "Real Time Disbursement"

2021-01-22 10:49:06 - [MESSAGE][PASSED] - Object: '' is clicked on

2021-01-22 10:49:06 - [MESSAGE][PASSED] - Select Arrow Menu "Real Time Disbursement"

2021-01-22 10:49:06 - [TEST_STEP][PASSED] - Select Menu "Partner Disbursement SBO": Select Menu "Partner Disbursement SBO"

2021-01-22 10:49:06 - [MESSAGE][PASSED] - Taking screenshot successfully
[[ATTACHMENT|/Users/chaidir.pratama01/Documents/Docs/Katalon Studio/Screenshot/test-Partner Disbursement SBO.png]]

2021-01-22 10:49:06 - [MESSAGE][PASSED] - Object '' is present

2021-01-22 10:49:06 - [MESSAGE][PASSED] - Object: '' is clicked on

2021-01-22 10:49:06 - [MESSAGE][PASSED] - Wait for page load successfully

2021-01-22 10:49:06 - [MESSAGE][PASSED] - Select Menu "Partner Disbursement SBO"

2021-01-22 10:49:06 - [TEST_STEP][PASSED] - Select STATUS "Manual Disbursement": Select STATUS "Manual Disbursement"

2021-01-22 10:49:07 - [MESSAGE][PASSED] - All options with value 'Manual Disbursement' are selected in object ''  using regular expression

2021-01-22 10:49:07 - [MESSAGE][PASSED] - Select STATUS "Manual Disbursement"

2021-01-22 10:49:07 - [TEST_STEP][PASSED] - Click button "Search": Click button "Search"

2021-01-22 10:49:07 - [MESSAGE][INFO] - >>>>>//Button[contains(text(),'Search')]

2021-01-22 10:49:10 - [MESSAGE][PASSED] - Object '' is present

2021-01-22 10:49:10 - [MESSAGE][PASSED] - Object: '' is clicked on

2021-01-22 10:49:10 - [MESSAGE][PASSED] - Switched to window with index: '0'

2021-01-22 10:49:10 - [MESSAGE][PASSED] - Click button "Search"

2021-01-22 10:49:10 - [TEST_STEP][PASSED] - Verify Search Result Presents: Verify Search Result Presents

2021-01-22 10:49:11 - [MESSAGE][PASSED] - Object '' is present

2021-01-22 10:49:20 - [MESSAGE][PASSED] - Verify Search Result Presents

2021-01-22 10:49:20 - [TEST_STEP][PASSED] - Click button "Logout": Click button "Logout"

2021-01-22 10:49:20 - [MESSAGE][INFO] - >>>>>//Button[contains(text(),'Logout')]

2021-01-22 10:49:23 - [MESSAGE][PASSED] - Object '' is present

2021-01-22 10:49:23 - [MESSAGE][PASSED] - Object: '' is clicked on

2021-01-22 10:49:23 - [MESSAGE][PASSED] - Switched to window with index: '0'

2021-01-22 10:49:23 - [MESSAGE][PASSED] - Click button "Logout"

2021-01-22 10:49:23 - [TEST_STEP][PASSED] - Close browser: Close browser

2021-01-22 10:49:23 - [MESSAGE][PASSED] - Browser is closed

2021-01-22 10:49:23 - [MESSAGE][PASSED] - Close browser

2021-01-22 10:49:23 - [TEST_CASE][PASSED] - Start Test Case : SCENARIO Search by STATUS DONE: SCENARIO Search by STATUS DONE

2021-01-22 10:49:23 - [TEST_STEP][PASSED] - Go to ISTools: Go to ISTools

2021-01-22 10:49:23 - [MESSAGE][INFO] - Starting 'Chrome (headless)' driver

2021-01-22 10:49:23 - [MESSAGE][INFO] - User set preference: ['args', '[--start-maximized, --disable-gpu, --no-proxy-server, â€“-no-sandbox, --allow-running-insecure-content, --ignore-certificate-errors, window-size=1680,814, force-device-scale-factor=2, --lang=en-GB]']

2021-01-22 10:49:23 - [MESSAGE][INFO] - User set preference: ['prefs', '{download.default_directory=/Users/chaidir.pratama01/Katalon Studio/IST_Automation_Git/Download}']

2021-01-22 10:49:23 - [MESSAGE][INFO] - Action delay is set to 0 milliseconds

2021-01-22 10:49:24 - [MESSAGE][PASSED] - Browser is opened with url: ''

2021-01-22 10:49:26 - [MESSAGE][PASSED] - Navigate to 'https://dev-istools.homecredit.id/foundation/' successfully

2021-01-22 10:49:26 - [MESSAGE][PASSED] - Go to ISTools

2021-01-22 10:49:26 - [TEST_STEP][PASSED] - Login IST with valid credentials: Login IST with valid credentials

2021-01-22 10:49:26 - [MESSAGE][PASSED] - Text 'mobile.test' is set on object 'Object Repository/Page_/input_Username_j_username'

2021-01-22 10:49:26 - [MESSAGE][PASSED] - Text ****** has been set on object 'Object Repository/Page_/input_Password_j_password'

2021-01-22 10:49:26 - [MESSAGE][PASSED] - Object: 'Object Repository/Page_/button_Login' is clicked on

2021-01-22 10:49:26 - [MESSAGE][PASSED] - Login IST with valid credentials

2021-01-22 10:49:26 - [TEST_STEP][PASSED] - Login Success: Login Success

2021-01-22 10:49:26 - [MESSAGE][INFO] - Login Success

2021-01-22 10:49:26 - [MESSAGE][PASSED] - Current window maximized

2021-01-22 10:49:26 - [MESSAGE][PASSED] - Object 'Object Repository/Page_/h1_Welcome to IT Supporting Tools' is present

2021-01-22 10:49:26 - [MESSAGE][PASSED] - Login Success

2021-01-22 10:49:26 - [TEST_STEP][PASSED] - Select Arrow Menu "Real Time Disbursement": Select Arrow Menu "Real Time Disbursement"

2021-01-22 10:49:26 - [MESSAGE][PASSED] - Object: '' is clicked on

2021-01-22 10:49:26 - [MESSAGE][PASSED] - Select Arrow Menu "Real Time Disbursement"

2021-01-22 10:49:26 - [TEST_STEP][PASSED] - Select Menu "Partner Disbursement SBO": Select Menu "Partner Disbursement SBO"

2021-01-22 10:49:27 - [MESSAGE][PASSED] - Taking screenshot successfully
[[ATTACHMENT|/Users/chaidir.pratama01/Documents/Docs/Katalon Studio/Screenshot/test-Partner Disbursement SBO.png]]

2021-01-22 10:49:27 - [MESSAGE][PASSED] - Object '' is present

2021-01-22 10:49:27 - [MESSAGE][PASSED] - Object: '' is clicked on

2021-01-22 10:49:27 - [MESSAGE][PASSED] - Wait for page load successfully

2021-01-22 10:49:27 - [MESSAGE][PASSED] - Select Menu "Partner Disbursement SBO"

2021-01-22 10:49:27 - [TEST_STEP][PASSED] - Select STATUS "DONE": Select STATUS "DONE"

2021-01-22 10:49:27 - [MESSAGE][PASSED] - All options with value 'DONE' are selected in object ''  using regular expression

2021-01-22 10:49:27 - [MESSAGE][PASSED] - Select STATUS "DONE"

2021-01-22 10:49:27 - [TEST_STEP][PASSED] - Click button "Search": Click button "Search"

2021-01-22 10:49:27 - [MESSAGE][INFO] - >>>>>//Button[contains(text(),'Search')]

2021-01-22 10:49:30 - [MESSAGE][PASSED] - Object '' is present

2021-01-22 10:49:30 - [MESSAGE][PASSED] - Object: '' is clicked on

2021-01-22 10:49:30 - [MESSAGE][PASSED] - Switched to window with index: '0'

2021-01-22 10:49:30 - [MESSAGE][PASSED] - Click button "Search"

2021-01-22 10:49:30 - [TEST_STEP][PASSED] - Verify Search Result Presents: Verify Search Result Presents

2021-01-22 10:49:31 - [MESSAGE][PASSED] - Object '' is present

2021-01-22 10:49:38 - [MESSAGE][PASSED] - Verify Search Result Presents

2021-01-22 10:49:38 - [TEST_STEP][PASSED] - Click button "Logout": Click button "Logout"

2021-01-22 10:49:38 - [MESSAGE][INFO] - >>>>>//Button[contains(text(),'Logout')]

2021-01-22 10:49:41 - [MESSAGE][PASSED] - Object '' is present

2021-01-22 10:49:41 - [MESSAGE][PASSED] - Object: '' is clicked on

2021-01-22 10:49:41 - [MESSAGE][PASSED] - Switched to window with index: '0'

2021-01-22 10:49:41 - [MESSAGE][PASSED] - Click button "Logout"

2021-01-22 10:49:41 - [TEST_STEP][PASSED] - Close browser: Close browser

2021-01-22 10:49:41 - [MESSAGE][PASSED] - Browser is closed

2021-01-22 10:49:41 - [MESSAGE][PASSED] - Close browser

2021-01-22 10:49:41 - [TEST_CASE][PASSED] - Start Test Case : SCENARIO Search by STATUS Waiting Partner Confirmation: SCENARIO Search by STATUS Waiting Partner Confirmation

2021-01-22 10:49:41 - [TEST_STEP][PASSED] - Go to ISTools: Go to ISTools

2021-01-22 10:49:41 - [MESSAGE][INFO] - Starting 'Chrome (headless)' driver

2021-01-22 10:49:41 - [MESSAGE][INFO] - User set preference: ['args', '[--start-maximized, --disable-gpu, --no-proxy-server, â€“-no-sandbox, --allow-running-insecure-content, --ignore-certificate-errors, window-size=1680,814, force-device-scale-factor=2, --lang=en-GB]']

2021-01-22 10:49:41 - [MESSAGE][INFO] - User set preference: ['prefs', '{download.default_directory=/Users/chaidir.pratama01/Katalon Studio/IST_Automation_Git/Download}']

2021-01-22 10:49:41 - [MESSAGE][INFO] - Action delay is set to 0 milliseconds

2021-01-22 10:49:42 - [MESSAGE][PASSED] - Browser is opened with url: ''

2021-01-22 10:49:43 - [MESSAGE][PASSED] - Navigate to 'https://dev-istools.homecredit.id/foundation/' successfully

2021-01-22 10:49:43 - [MESSAGE][PASSED] - Go to ISTools

2021-01-22 10:49:43 - [TEST_STEP][PASSED] - Login IST with valid credentials: Login IST with valid credentials

2021-01-22 10:49:43 - [MESSAGE][PASSED] - Text 'mobile.test' is set on object 'Object Repository/Page_/input_Username_j_username'

2021-01-22 10:49:43 - [MESSAGE][PASSED] - Text ****** has been set on object 'Object Repository/Page_/input_Password_j_password'

2021-01-22 10:49:43 - [MESSAGE][PASSED] - Object: 'Object Repository/Page_/button_Login' is clicked on

2021-01-22 10:49:43 - [MESSAGE][PASSED] - Login IST with valid credentials

2021-01-22 10:49:43 - [TEST_STEP][PASSED] - Login Success: Login Success

2021-01-22 10:49:43 - [MESSAGE][INFO] - Login Success

2021-01-22 10:49:43 - [MESSAGE][PASSED] - Current window maximized

2021-01-22 10:49:43 - [MESSAGE][PASSED] - Object 'Object Repository/Page_/h1_Welcome to IT Supporting Tools' is present

2021-01-22 10:49:43 - [MESSAGE][PASSED] - Login Success

2021-01-22 10:49:43 - [TEST_STEP][PASSED] - Select Arrow Menu "Real Time Disbursement": Select Arrow Menu "Real Time Disbursement"

2021-01-22 10:49:43 - [MESSAGE][PASSED] - Object: '' is clicked on

2021-01-22 10:49:43 - [MESSAGE][PASSED] - Select Arrow Menu "Real Time Disbursement"

2021-01-22 10:49:43 - [TEST_STEP][PASSED] - Select Menu "Partner Disbursement SBO": Select Menu "Partner Disbursement SBO"

2021-01-22 10:49:44 - [MESSAGE][PASSED] - Taking screenshot successfully
[[ATTACHMENT|/Users/chaidir.pratama01/Documents/Docs/Katalon Studio/Screenshot/test-Partner Disbursement SBO.png]]

2021-01-22 10:49:44 - [MESSAGE][PASSED] - Object '' is present

2021-01-22 10:49:44 - [MESSAGE][PASSED] - Object: '' is clicked on

2021-01-22 10:49:44 - [MESSAGE][PASSED] - Wait for page load successfully

2021-01-22 10:49:44 - [MESSAGE][PASSED] - Select Menu "Partner Disbursement SBO"

2021-01-22 10:49:44 - [TEST_STEP][PASSED] - Select STATUS "Waiting Partner Confirmation": Select STATUS "Waiting Partner Confirmation"

2021-01-22 10:49:44 - [MESSAGE][PASSED] - All options with value 'Waiting Partner Confirmation' are selected in object ''  using regular expression

2021-01-22 10:49:44 - [MESSAGE][PASSED] - Select STATUS "Waiting Partner Confirmation"

2021-01-22 10:49:44 - [TEST_STEP][PASSED] - Click button "Search": Click button "Search"

2021-01-22 10:49:44 - [MESSAGE][INFO] - >>>>>//Button[contains(text(),'Search')]

2021-01-22 10:49:47 - [MESSAGE][PASSED] - Object '' is present

2021-01-22 10:49:48 - [MESSAGE][PASSED] - Object: '' is clicked on

2021-01-22 10:49:48 - [MESSAGE][PASSED] - Switched to window with index: '0'

2021-01-22 10:49:48 - [MESSAGE][PASSED] - Click button "Search"

2021-01-22 10:49:48 - [TEST_STEP][PASSED] - Verify Search Result Presents: Verify Search Result Presents

2021-01-22 10:49:52 - [MESSAGE][INFO] - Unable to find the element located by 'By.xpath: //td[@style='display:none' and contains(text(),'-Empty-')]'. Please recheck the objects properties to make sure the desired element is located. 

2021-01-22 10:49:52 - [MESSAGE][WARNING] - com.kms.katalon.core.webui.exception.WebElementNotFoundException: Web element with id: '' located by '//td[@style='display:none' and contains(text(),'-Empty-')]' not found (Root cause: com.kms.katalon.core.exception.StepFailedException: com.kms.katalon.core.webui.exception.WebElementNotFoundException: Web element with id: '' located by '//td[@style='display:none' and contains(text(),'-Empty-')]' not found
	at com.kms.katalon.core.webui.keyword.internal.WebUIKeywordMain.stepFailed(WebUIKeywordMain.groovy:64)
	at com.kms.katalon.core.webui.keyword.builtin.VerifyElementPresentKeyword$_verifyElementPresent_closure1.doCall(VerifyElementPresentKeyword.groovy:85)
	at com.kms.katalon.core.webui.keyword.builtin.VerifyElementPresentKeyword$_verifyElementPresent_closure1.call(VerifyElementPresentKeyword.groovy)
	at com.kms.katalon.core.webui.keyword.internal.WebUIKeywordMain.runKeyword(WebUIKeywordMain.groovy:20)
	at com.kms.katalon.core.webui.keyword.builtin.VerifyElementPresentKeyword.verifyElementPresent(VerifyElementPresentKeyword.groovy:92)
	at com.kms.katalon.core.webui.keyword.builtin.VerifyElementPresentKeyword.execute(VerifyElementPresentKeyword.groovy:68)
	at com.kms.katalon.core.keyword.internal.KeywordExecutor.executeKeywordForPlatform(KeywordExecutor.groovy:73)
	at com.kms.katalon.core.webui.keyword.WebUiBuiltInKeywords.verifyElementPresent(WebUiBuiltInKeywords.groovy:1444)
	at com.kms.katalon.core.webui.keyword.WebUiBuiltInKeywords$verifyElementPresent$11.call(Unknown Source)
	at ist_real.Contract_Dispatcher.VerifyTblFilled(Contract_Dispatcher.groovy:1313)
	at ist_real.Contract_Dispatcher$VerifyTblFilled$0.call(Unknown Source)
	at RTD.Search_Result_Presents(RTD.groovy:191)
	at cucumber.runtime.Utils$1.call(Utils.java:26)
	at cucumber.runtime.Timeout.timeout(Timeout.java:16)
	at cucumber.runtime.Utils.invoke(Utils.java:20)
	at cucumber.runtime.java.JavaStepDefinition.execute(JavaStepDefinition.java:48)
	at cucumber.runtime.PickleStepDefinitionMatch.runStep(PickleStepDefinitionMatch.java:50)
	at cucumber.runner.TestStep.executeStep(TestStep.java:55)
	at cucumber.runner.TestStep.run(TestStep.java:42)
	at cucumber.runner.PickleStepTestStep.run(PickleStepTestStep.java:53)
	at cucumber.runner.TestCase.run(TestCase.java:47)
	at cucumber.runner.Runner.runPickle(Runner.java:44)
	at cucumber.runtime.Runtime.runFeature(Runtime.java:120)
	at cucumber.runtime.Runtime.run(Runtime.java:106)
	at cucumber.api.cli.Main.run(Main.java:35)
	at cucumber.api.cli.Main$run.call(Unknown Source)
	at com.kms.katalon.core.cucumber.keyword.CucumberBuiltinKeywords$_runFeatureFile_closure1.doCall(CucumberBuiltinKeywords.groovy:76)
	at com.kms.katalon.core.cucumber.keyword.CucumberBuiltinKeywords$_runFeatureFile_closure1.doCall(CucumberBuiltinKeywords.groovy)
	at com.kms.katalon.core.keyword.internal.KeywordMain.runKeyword(KeywordMain.groovy:68)
	at com.kms.katalon.core.keyword.internal.KeywordMain$runKeyword.call(Unknown Source)
	at com.kms.katalon.core.cucumber.keyword.CucumberBuiltinKeywords.runFeatureFile(CucumberBuiltinKeywords.groovy:46)
	at com.kms.katalon.core.cucumber.keyword.CucumberBuiltinKeywords$runFeatureFile$0.callStatic(Unknown Source)
	at com.kms.katalon.core.cucumber.keyword.CucumberBuiltinKeywords.runFeatureFile(CucumberBuiltinKeywords.groovy:169)
	at com.kms.katalon.core.cucumber.keyword.CucumberBuiltinKeywords$runFeatureFile.call(Unknown Source)
	at TC_Search_by_STATUS.run(TC_Search_by_STATUS:18)
	at com.kms.katalon.core.main.ScriptEngine.run(ScriptEngine.java:194)
	at com.kms.katalon.core.main.ScriptEngine.runScriptAsRawText(ScriptEngine.java:119)
	at com.kms.katalon.core.main.TestCaseExecutor.runScript(TestCaseExecutor.java:339)
	at com.kms.katalon.core.main.TestCaseExecutor.doExecute(TestCaseExecutor.java:330)
	at com.kms.katalon.core.main.TestCaseExecutor.processExecutionPhase(TestCaseExecutor.java:309)
	at com.kms.katalon.core.main.TestCaseExecutor.accessMainPhase(TestCaseExecutor.java:301)
	at com.kms.katalon.core.main.TestCaseExecutor.execute(TestCaseExecutor.java:235)
	at com.kms.katalon.core.main.TestSuiteExecutor.accessTestCaseMainPhase(TestSuiteExecutor.java:191)
	at com.kms.katalon.core.main.TestSuiteExecutor.accessTestSuiteMainPhase(TestSuiteExecutor.java:141)
	at com.kms.katalon.core.main.TestSuiteExecutor.execute(TestSuiteExecutor.java:90)
	at com.kms.katalon.core.main.TestCaseMain.startTestSuite(TestCaseMain.java:157)
	at com.kms.katalon.core.main.TestCaseMain$startTestSuite$0.call(Unknown Source)
	at TempTestSuite1611286943259.run(TempTestSuite1611286943259.groovy:39)
)
[[ATTACHMENT|/Users/chaidir.pratama01/Katalon Studio/IST_Automation_Git/Reports/20210122_104222/RTD/TS_Partner_Disbursement_SBO/20210122_104223/1611287392058.png]]

2021-01-22 10:49:52 - [MESSAGE][PASSED] - Verify Search Result Presents

2021-01-22 10:49:52 - [TEST_STEP][PASSED] - Click button "Logout": Click button "Logout"

2021-01-22 10:49:52 - [MESSAGE][INFO] - >>>>>//Button[contains(text(),'Logout')]

2021-01-22 10:49:55 - [MESSAGE][PASSED] - Object '' is present

2021-01-22 10:49:56 - [MESSAGE][PASSED] - Object: '' is clicked on

2021-01-22 10:49:56 - [MESSAGE][PASSED] - Switched to window with index: '0'

2021-01-22 10:49:56 - [MESSAGE][PASSED] - Click button "Logout"

2021-01-22 10:49:56 - [TEST_STEP][PASSED] - Close browser: Close browser

2021-01-22 10:49:56 - [MESSAGE][PASSED] - Browser is closed

2021-01-22 10:49:56 - [MESSAGE][PASSED] - Close browser

2021-01-22 10:49:56 - [TEST_CASE][PASSED] - Start Test Case : SCENARIO Search by STATUS Success to Disburse: SCENARIO Search by STATUS Success to Disburse

2021-01-22 10:49:56 - [TEST_STEP][PASSED] - Go to ISTools: Go to ISTools

2021-01-22 10:49:56 - [MESSAGE][INFO] - Starting 'Chrome (headless)' driver

2021-01-22 10:49:56 - [MESSAGE][INFO] - User set preference: ['args', '[--start-maximized, --disable-gpu, --no-proxy-server, â€“-no-sandbox, --allow-running-insecure-content, --ignore-certificate-errors, window-size=1680,814, force-device-scale-factor=2, --lang=en-GB]']

2021-01-22 10:49:56 - [MESSAGE][INFO] - User set preference: ['prefs', '{download.default_directory=/Users/chaidir.pratama01/Katalon Studio/IST_Automation_Git/Download}']

2021-01-22 10:49:56 - [MESSAGE][INFO] - Action delay is set to 0 milliseconds

2021-01-22 10:49:56 - [MESSAGE][PASSED] - Browser is opened with url: ''

2021-01-22 10:49:57 - [MESSAGE][PASSED] - Navigate to 'https://dev-istools.homecredit.id/foundation/' successfully

2021-01-22 10:49:57 - [MESSAGE][PASSED] - Go to ISTools

2021-01-22 10:49:57 - [TEST_STEP][PASSED] - Login IST with valid credentials: Login IST with valid credentials

2021-01-22 10:49:57 - [MESSAGE][PASSED] - Text 'mobile.test' is set on object 'Object Repository/Page_/input_Username_j_username'

2021-01-22 10:49:57 - [MESSAGE][PASSED] - Text ****** has been set on object 'Object Repository/Page_/input_Password_j_password'

2021-01-22 10:49:58 - [MESSAGE][PASSED] - Object: 'Object Repository/Page_/button_Login' is clicked on

2021-01-22 10:49:58 - [MESSAGE][PASSED] - Login IST with valid credentials

2021-01-22 10:49:58 - [TEST_STEP][PASSED] - Login Success: Login Success

2021-01-22 10:49:58 - [MESSAGE][INFO] - Login Success

2021-01-22 10:49:58 - [MESSAGE][PASSED] - Current window maximized

2021-01-22 10:49:58 - [MESSAGE][PASSED] - Object 'Object Repository/Page_/h1_Welcome to IT Supporting Tools' is present

2021-01-22 10:49:58 - [MESSAGE][PASSED] - Login Success

2021-01-22 10:49:58 - [TEST_STEP][PASSED] - Select Arrow Menu "Real Time Disbursement": Select Arrow Menu "Real Time Disbursement"

2021-01-22 10:49:58 - [MESSAGE][PASSED] - Object: '' is clicked on

2021-01-22 10:49:58 - [MESSAGE][PASSED] - Select Arrow Menu "Real Time Disbursement"

2021-01-22 10:49:58 - [TEST_STEP][PASSED] - Select Menu "Partner Disbursement SBO": Select Menu "Partner Disbursement SBO"

2021-01-22 10:49:59 - [MESSAGE][PASSED] - Taking screenshot successfully
[[ATTACHMENT|/Users/chaidir.pratama01/Documents/Docs/Katalon Studio/Screenshot/test-Partner Disbursement SBO.png]]

2021-01-22 10:49:59 - [MESSAGE][PASSED] - Object '' is present

2021-01-22 10:49:59 - [MESSAGE][PASSED] - Object: '' is clicked on

2021-01-22 10:49:59 - [MESSAGE][PASSED] - Wait for page load successfully

2021-01-22 10:49:59 - [MESSAGE][PASSED] - Select Menu "Partner Disbursement SBO"

2021-01-22 10:49:59 - [TEST_STEP][PASSED] - Select STATUS "Success to Disburse": Select STATUS "Success to Disburse"

2021-01-22 10:49:59 - [MESSAGE][PASSED] - All options with value 'Success to Disburse' are selected in object ''  using regular expression

2021-01-22 10:49:59 - [MESSAGE][PASSED] - Select STATUS "Success to Disburse"

2021-01-22 10:49:59 - [TEST_STEP][PASSED] - Click button "Search": Click button "Search"

2021-01-22 10:49:59 - [MESSAGE][INFO] - >>>>>//Button[contains(text(),'Search')]

2021-01-22 10:50:02 - [MESSAGE][PASSED] - Object '' is present

2021-01-22 10:50:02 - [MESSAGE][PASSED] - Object: '' is clicked on

2021-01-22 10:50:02 - [MESSAGE][PASSED] - Switched to window with index: '0'

2021-01-22 10:50:02 - [MESSAGE][PASSED] - Click button "Search"

2021-01-22 10:50:02 - [TEST_STEP][PASSED] - Verify Search Result Presents: Verify Search Result Presents

2021-01-22 10:50:06 - [MESSAGE][INFO] - Unable to find the element located by 'By.xpath: //td[@style='display:none' and contains(text(),'-Empty-')]'. Please recheck the objects properties to make sure the desired element is located. 

2021-01-22 10:50:07 - [MESSAGE][WARNING] - com.kms.katalon.core.webui.exception.WebElementNotFoundException: Web element with id: '' located by '//td[@style='display:none' and contains(text(),'-Empty-')]' not found (Root cause: com.kms.katalon.core.exception.StepFailedException: com.kms.katalon.core.webui.exception.WebElementNotFoundException: Web element with id: '' located by '//td[@style='display:none' and contains(text(),'-Empty-')]' not found
	at com.kms.katalon.core.webui.keyword.internal.WebUIKeywordMain.stepFailed(WebUIKeywordMain.groovy:64)
	at com.kms.katalon.core.webui.keyword.builtin.VerifyElementPresentKeyword$_verifyElementPresent_closure1.doCall(VerifyElementPresentKeyword.groovy:85)
	at com.kms.katalon.core.webui.keyword.builtin.VerifyElementPresentKeyword$_verifyElementPresent_closure1.call(VerifyElementPresentKeyword.groovy)
	at com.kms.katalon.core.webui.keyword.internal.WebUIKeywordMain.runKeyword(WebUIKeywordMain.groovy:20)
	at com.kms.katalon.core.webui.keyword.builtin.VerifyElementPresentKeyword.verifyElementPresent(VerifyElementPresentKeyword.groovy:92)
	at com.kms.katalon.core.webui.keyword.builtin.VerifyElementPresentKeyword.execute(VerifyElementPresentKeyword.groovy:68)
	at com.kms.katalon.core.keyword.internal.KeywordExecutor.executeKeywordForPlatform(KeywordExecutor.groovy:73)
	at com.kms.katalon.core.webui.keyword.WebUiBuiltInKeywords.verifyElementPresent(WebUiBuiltInKeywords.groovy:1444)
	at com.kms.katalon.core.webui.keyword.WebUiBuiltInKeywords$verifyElementPresent$11.call(Unknown Source)
	at ist_real.Contract_Dispatcher.VerifyTblFilled(Contract_Dispatcher.groovy:1313)
	at ist_real.Contract_Dispatcher$VerifyTblFilled$0.call(Unknown Source)
	at RTD.Search_Result_Presents(RTD.groovy:191)
	at cucumber.runtime.Utils$1.call(Utils.java:26)
	at cucumber.runtime.Timeout.timeout(Timeout.java:16)
	at cucumber.runtime.Utils.invoke(Utils.java:20)
	at cucumber.runtime.java.JavaStepDefinition.execute(JavaStepDefinition.java:48)
	at cucumber.runtime.PickleStepDefinitionMatch.runStep(PickleStepDefinitionMatch.java:50)
	at cucumber.runner.TestStep.executeStep(TestStep.java:55)
	at cucumber.runner.TestStep.run(TestStep.java:42)
	at cucumber.runner.PickleStepTestStep.run(PickleStepTestStep.java:53)
	at cucumber.runner.TestCase.run(TestCase.java:47)
	at cucumber.runner.Runner.runPickle(Runner.java:44)
	at cucumber.runtime.Runtime.runFeature(Runtime.java:120)
	at cucumber.runtime.Runtime.run(Runtime.java:106)
	at cucumber.api.cli.Main.run(Main.java:35)
	at cucumber.api.cli.Main$run.call(Unknown Source)
	at com.kms.katalon.core.cucumber.keyword.CucumberBuiltinKeywords$_runFeatureFile_closure1.doCall(CucumberBuiltinKeywords.groovy:76)
	at com.kms.katalon.core.cucumber.keyword.CucumberBuiltinKeywords$_runFeatureFile_closure1.doCall(CucumberBuiltinKeywords.groovy)
	at com.kms.katalon.core.keyword.internal.KeywordMain.runKeyword(KeywordMain.groovy:68)
	at com.kms.katalon.core.keyword.internal.KeywordMain$runKeyword.call(Unknown Source)
	at com.kms.katalon.core.cucumber.keyword.CucumberBuiltinKeywords.runFeatureFile(CucumberBuiltinKeywords.groovy:46)
	at com.kms.katalon.core.cucumber.keyword.CucumberBuiltinKeywords$runFeatureFile$0.callStatic(Unknown Source)
	at com.kms.katalon.core.cucumber.keyword.CucumberBuiltinKeywords.runFeatureFile(CucumberBuiltinKeywords.groovy:169)
	at com.kms.katalon.core.cucumber.keyword.CucumberBuiltinKeywords$runFeatureFile.call(Unknown Source)
	at TC_Search_by_STATUS.run(TC_Search_by_STATUS:18)
	at com.kms.katalon.core.main.ScriptEngine.run(ScriptEngine.java:194)
	at com.kms.katalon.core.main.ScriptEngine.runScriptAsRawText(ScriptEngine.java:119)
	at com.kms.katalon.core.main.TestCaseExecutor.runScript(TestCaseExecutor.java:339)
	at com.kms.katalon.core.main.TestCaseExecutor.doExecute(TestCaseExecutor.java:330)
	at com.kms.katalon.core.main.TestCaseExecutor.processExecutionPhase(TestCaseExecutor.java:309)
	at com.kms.katalon.core.main.TestCaseExecutor.accessMainPhase(TestCaseExecutor.java:301)
	at com.kms.katalon.core.main.TestCaseExecutor.execute(TestCaseExecutor.java:235)
	at com.kms.katalon.core.main.TestSuiteExecutor.accessTestCaseMainPhase(TestSuiteExecutor.java:191)
	at com.kms.katalon.core.main.TestSuiteExecutor.accessTestSuiteMainPhase(TestSuiteExecutor.java:141)
	at com.kms.katalon.core.main.TestSuiteExecutor.execute(TestSuiteExecutor.java:90)
	at com.kms.katalon.core.main.TestCaseMain.startTestSuite(TestCaseMain.java:157)
	at com.kms.katalon.core.main.TestCaseMain$startTestSuite$0.call(Unknown Source)
	at TempTestSuite1611286943259.run(TempTestSuite1611286943259.groovy:39)
)
[[ATTACHMENT|/Users/chaidir.pratama01/Katalon Studio/IST_Automation_Git/Reports/20210122_104222/RTD/TS_Partner_Disbursement_SBO/20210122_104223/1611287406614.png]]

2021-01-22 10:50:07 - [MESSAGE][PASSED] - Verify Search Result Presents

2021-01-22 10:50:07 - [TEST_STEP][PASSED] - Click button "Logout": Click button "Logout"

2021-01-22 10:50:07 - [MESSAGE][INFO] - >>>>>//Button[contains(text(),'Logout')]

2021-01-22 10:50:10 - [MESSAGE][PASSED] - Object '' is present

2021-01-22 10:50:10 - [MESSAGE][PASSED] - Object: '' is clicked on

2021-01-22 10:50:10 - [MESSAGE][PASSED] - Switched to window with index: '0'

2021-01-22 10:50:10 - [MESSAGE][PASSED] - Click button "Logout"

2021-01-22 10:50:10 - [TEST_STEP][PASSED] - Close browser: Close browser

2021-01-22 10:50:10 - [MESSAGE][PASSED] - Browser is closed

2021-01-22 10:50:10 - [MESSAGE][PASSED] - Close browser

2021-01-22 10:50:10 - [TEST_CASE][PASSED] - Start Test Case : SCENARIO Search by STATUS Hold Payment Recreation: SCENARIO Search by STATUS Hold Payment Recreation

2021-01-22 10:50:10 - [TEST_STEP][PASSED] - Go to ISTools: Go to ISTools

2021-01-22 10:50:10 - [MESSAGE][INFO] - Starting 'Chrome (headless)' driver

2021-01-22 10:50:10 - [MESSAGE][INFO] - User set preference: ['args', '[--start-maximized, --disable-gpu, --no-proxy-server, â€“-no-sandbox, --allow-running-insecure-content, --ignore-certificate-errors, window-size=1680,814, force-device-scale-factor=2, --lang=en-GB]']

2021-01-22 10:50:10 - [MESSAGE][INFO] - User set preference: ['prefs', '{download.default_directory=/Users/chaidir.pratama01/Katalon Studio/IST_Automation_Git/Download}']

2021-01-22 10:50:10 - [MESSAGE][INFO] - Action delay is set to 0 milliseconds

2021-01-22 10:50:11 - [MESSAGE][PASSED] - Browser is opened with url: ''

2021-01-22 10:50:11 - [MESSAGE][PASSED] - Navigate to 'https://dev-istools.homecredit.id/foundation/' successfully

2021-01-22 10:50:11 - [MESSAGE][PASSED] - Go to ISTools

2021-01-22 10:50:11 - [TEST_STEP][PASSED] - Login IST with valid credentials: Login IST with valid credentials

2021-01-22 10:50:12 - [MESSAGE][PASSED] - Text 'mobile.test' is set on object 'Object Repository/Page_/input_Username_j_username'

2021-01-22 10:50:12 - [MESSAGE][PASSED] - Text ****** has been set on object 'Object Repository/Page_/input_Password_j_password'

2021-01-22 10:50:12 - [MESSAGE][PASSED] - Object: 'Object Repository/Page_/button_Login' is clicked on

2021-01-22 10:50:12 - [MESSAGE][PASSED] - Login IST with valid credentials

2021-01-22 10:50:12 - [TEST_STEP][PASSED] - Login Success: Login Success

2021-01-22 10:50:12 - [MESSAGE][INFO] - Login Success

2021-01-22 10:50:12 - [MESSAGE][PASSED] - Current window maximized

2021-01-22 10:50:12 - [MESSAGE][PASSED] - Object 'Object Repository/Page_/h1_Welcome to IT Supporting Tools' is present

2021-01-22 10:50:12 - [MESSAGE][PASSED] - Login Success

2021-01-22 10:50:12 - [TEST_STEP][PASSED] - Select Arrow Menu "Real Time Disbursement": Select Arrow Menu "Real Time Disbursement"

2021-01-22 10:50:12 - [MESSAGE][PASSED] - Object: '' is clicked on

2021-01-22 10:50:12 - [MESSAGE][PASSED] - Select Arrow Menu "Real Time Disbursement"

2021-01-22 10:50:12 - [TEST_STEP][PASSED] - Select Menu "Partner Disbursement SBO": Select Menu "Partner Disbursement SBO"

2021-01-22 10:50:13 - [MESSAGE][PASSED] - Taking screenshot successfully
[[ATTACHMENT|/Users/chaidir.pratama01/Documents/Docs/Katalon Studio/Screenshot/test-Partner Disbursement SBO.png]]

2021-01-22 10:50:13 - [MESSAGE][PASSED] - Object '' is present

2021-01-22 10:50:13 - [MESSAGE][PASSED] - Object: '' is clicked on

2021-01-22 10:50:13 - [MESSAGE][PASSED] - Wait for page load successfully

2021-01-22 10:50:13 - [MESSAGE][PASSED] - Select Menu "Partner Disbursement SBO"

2021-01-22 10:50:13 - [TEST_STEP][PASSED] - Select STATUS "Hold Payment Recreation": Select STATUS "Hold Payment Recreation"

2021-01-22 10:50:14 - [MESSAGE][PASSED] - All options with value 'Hold Payment Recreation' are selected in object ''  using regular expression

2021-01-22 10:50:14 - [MESSAGE][PASSED] - Select STATUS "Hold Payment Recreation"

2021-01-22 10:50:14 - [TEST_STEP][PASSED] - Click button "Search": Click button "Search"

2021-01-22 10:50:14 - [MESSAGE][INFO] - >>>>>//Button[contains(text(),'Search')]

2021-01-22 10:50:17 - [MESSAGE][PASSED] - Object '' is present

2021-01-22 10:50:17 - [MESSAGE][PASSED] - Object: '' is clicked on

2021-01-22 10:50:17 - [MESSAGE][PASSED] - Switched to window with index: '0'

2021-01-22 10:50:17 - [MESSAGE][PASSED] - Click button "Search"

2021-01-22 10:50:17 - [TEST_STEP][PASSED] - Verify Search Result Presents: Verify Search Result Presents

2021-01-22 10:50:17 - [MESSAGE][PASSED] - Object '' is present

2021-01-22 10:50:24 - [MESSAGE][PASSED] - Verify Search Result Presents

2021-01-22 10:50:24 - [TEST_STEP][PASSED] - Click button "Logout": Click button "Logout"

2021-01-22 10:50:24 - [MESSAGE][INFO] - >>>>>//Button[contains(text(),'Logout')]

2021-01-22 10:50:27 - [MESSAGE][PASSED] - Object '' is present

2021-01-22 10:50:27 - [MESSAGE][PASSED] - Object: '' is clicked on

2021-01-22 10:50:27 - [MESSAGE][PASSED] - Switched to window with index: '0'

2021-01-22 10:50:27 - [MESSAGE][PASSED] - Click button "Logout"

2021-01-22 10:50:27 - [TEST_STEP][PASSED] - Close browser: Close browser

2021-01-22 10:50:27 - [MESSAGE][PASSED] - Browser is closed

2021-01-22 10:50:27 - [MESSAGE][PASSED] - Close browser

2021-01-22 10:50:27 - [TEST_CASE][PASSED] - Start Test Case : SCENARIO Search by STATUS Waiting Confirmation From SBO: SCENARIO Search by STATUS Waiting Confirmation From SBO

2021-01-22 10:50:27 - [TEST_STEP][PASSED] - Go to ISTools: Go to ISTools

2021-01-22 10:50:27 - [MESSAGE][INFO] - Starting 'Chrome (headless)' driver

2021-01-22 10:50:27 - [MESSAGE][INFO] - User set preference: ['args', '[--start-maximized, --disable-gpu, --no-proxy-server, â€“-no-sandbox, --allow-running-insecure-content, --ignore-certificate-errors, window-size=1680,814, force-device-scale-factor=2, --lang=en-GB]']

2021-01-22 10:50:27 - [MESSAGE][INFO] - User set preference: ['prefs', '{download.default_directory=/Users/chaidir.pratama01/Katalon Studio/IST_Automation_Git/Download}']

2021-01-22 10:50:27 - [MESSAGE][INFO] - Action delay is set to 0 milliseconds

2021-01-22 10:50:27 - [MESSAGE][PASSED] - Browser is opened with url: ''

2021-01-22 10:50:28 - [MESSAGE][PASSED] - Navigate to 'https://dev-istools.homecredit.id/foundation/' successfully

2021-01-22 10:50:28 - [MESSAGE][PASSED] - Go to ISTools

2021-01-22 10:50:28 - [TEST_STEP][PASSED] - Login IST with valid credentials: Login IST with valid credentials

2021-01-22 10:50:28 - [MESSAGE][PASSED] - Text 'mobile.test' is set on object 'Object Repository/Page_/input_Username_j_username'

2021-01-22 10:50:29 - [MESSAGE][PASSED] - Text ****** has been set on object 'Object Repository/Page_/input_Password_j_password'

2021-01-22 10:50:29 - [MESSAGE][PASSED] - Object: 'Object Repository/Page_/button_Login' is clicked on

2021-01-22 10:50:29 - [MESSAGE][PASSED] - Login IST with valid credentials

2021-01-22 10:50:29 - [TEST_STEP][PASSED] - Login Success: Login Success

2021-01-22 10:50:29 - [MESSAGE][INFO] - Login Success

2021-01-22 10:50:29 - [MESSAGE][PASSED] - Current window maximized

2021-01-22 10:50:29 - [MESSAGE][PASSED] - Object 'Object Repository/Page_/h1_Welcome to IT Supporting Tools' is present

2021-01-22 10:50:29 - [MESSAGE][PASSED] - Login Success

2021-01-22 10:50:29 - [TEST_STEP][PASSED] - Select Arrow Menu "Real Time Disbursement": Select Arrow Menu "Real Time Disbursement"

2021-01-22 10:50:29 - [MESSAGE][PASSED] - Object: '' is clicked on

2021-01-22 10:50:29 - [MESSAGE][PASSED] - Select Arrow Menu "Real Time Disbursement"

2021-01-22 10:50:29 - [TEST_STEP][PASSED] - Select Menu "Partner Disbursement SBO": Select Menu "Partner Disbursement SBO"

2021-01-22 10:50:30 - [MESSAGE][PASSED] - Taking screenshot successfully
[[ATTACHMENT|/Users/chaidir.pratama01/Documents/Docs/Katalon Studio/Screenshot/test-Partner Disbursement SBO.png]]

2021-01-22 10:50:30 - [MESSAGE][PASSED] - Object '' is present

2021-01-22 10:50:30 - [MESSAGE][PASSED] - Object: '' is clicked on

2021-01-22 10:50:30 - [MESSAGE][PASSED] - Wait for page load successfully

2021-01-22 10:50:30 - [MESSAGE][PASSED] - Select Menu "Partner Disbursement SBO"

2021-01-22 10:50:30 - [TEST_STEP][PASSED] - Select STATUS "Waiting Confirmation From SBO": Select STATUS "Waiting Confirmation From SBO"

2021-01-22 10:50:30 - [MESSAGE][PASSED] - All options with value 'Waiting Confirmation From SBO' are selected in object ''  using regular expression

2021-01-22 10:50:30 - [MESSAGE][PASSED] - Select STATUS "Waiting Confirmation From SBO"

2021-01-22 10:50:30 - [TEST_STEP][PASSED] - Click button "Search": Click button "Search"

2021-01-22 10:50:30 - [MESSAGE][INFO] - >>>>>//Button[contains(text(),'Search')]

2021-01-22 10:50:33 - [MESSAGE][PASSED] - Object '' is present

2021-01-22 10:50:33 - [MESSAGE][PASSED] - Object: '' is clicked on

2021-01-22 10:50:33 - [MESSAGE][PASSED] - Switched to window with index: '0'

2021-01-22 10:50:33 - [MESSAGE][PASSED] - Click button "Search"

2021-01-22 10:50:33 - [TEST_STEP][PASSED] - Verify Search Result Presents: Verify Search Result Presents

2021-01-22 10:50:33 - [MESSAGE][PASSED] - Object '' is present

2021-01-22 10:50:37 - [MESSAGE][PASSED] - Verify Search Result Presents

2021-01-22 10:50:37 - [TEST_STEP][PASSED] - Click button "Logout": Click button "Logout"

2021-01-22 10:50:37 - [MESSAGE][INFO] - >>>>>//Button[contains(text(),'Logout')]

2021-01-22 10:50:40 - [MESSAGE][PASSED] - Object '' is present

2021-01-22 10:50:40 - [MESSAGE][PASSED] - Object: '' is clicked on

2021-01-22 10:50:40 - [MESSAGE][PASSED] - Switched to window with index: '0'

2021-01-22 10:50:40 - [MESSAGE][PASSED] - Click button "Logout"

2021-01-22 10:50:40 - [TEST_STEP][PASSED] - Close browser: Close browser

2021-01-22 10:50:40 - [MESSAGE][PASSED] - Browser is closed

2021-01-22 10:50:40 - [MESSAGE][PASSED] - Close browser

2021-01-22 10:50:40 - [TEST_CASE][PASSED] - Start Test Case : SCENARIO Search by STATUS Hold Payment Insufficient Fund: SCENARIO Search by STATUS Hold Payment Insufficient Fund

2021-01-22 10:50:40 - [TEST_STEP][PASSED] - Go to ISTools: Go to ISTools

2021-01-22 10:50:40 - [MESSAGE][INFO] - Starting 'Chrome (headless)' driver

2021-01-22 10:50:40 - [MESSAGE][INFO] - User set preference: ['args', '[--start-maximized, --disable-gpu, --no-proxy-server, â€“-no-sandbox, --allow-running-insecure-content, --ignore-certificate-errors, window-size=1680,814, force-device-scale-factor=2, --lang=en-GB]']

2021-01-22 10:50:40 - [MESSAGE][INFO] - User set preference: ['prefs', '{download.default_directory=/Users/chaidir.pratama01/Katalon Studio/IST_Automation_Git/Download}']

2021-01-22 10:50:40 - [MESSAGE][INFO] - Action delay is set to 0 milliseconds

2021-01-22 10:50:40 - [MESSAGE][PASSED] - Browser is opened with url: ''

2021-01-22 10:50:41 - [MESSAGE][PASSED] - Navigate to 'https://dev-istools.homecredit.id/foundation/' successfully

2021-01-22 10:50:41 - [MESSAGE][PASSED] - Go to ISTools

2021-01-22 10:50:41 - [TEST_STEP][PASSED] - Login IST with valid credentials: Login IST with valid credentials

2021-01-22 10:50:41 - [MESSAGE][PASSED] - Text 'mobile.test' is set on object 'Object Repository/Page_/input_Username_j_username'

2021-01-22 10:50:42 - [MESSAGE][PASSED] - Text ****** has been set on object 'Object Repository/Page_/input_Password_j_password'

2021-01-22 10:50:42 - [MESSAGE][PASSED] - Object: 'Object Repository/Page_/button_Login' is clicked on

2021-01-22 10:50:42 - [MESSAGE][PASSED] - Login IST with valid credentials

2021-01-22 10:50:42 - [TEST_STEP][PASSED] - Login Success: Login Success

2021-01-22 10:50:42 - [MESSAGE][INFO] - Login Success

2021-01-22 10:50:42 - [MESSAGE][PASSED] - Current window maximized

2021-01-22 10:50:42 - [MESSAGE][PASSED] - Object 'Object Repository/Page_/h1_Welcome to IT Supporting Tools' is present

2021-01-22 10:50:42 - [MESSAGE][PASSED] - Login Success

2021-01-22 10:50:42 - [TEST_STEP][PASSED] - Select Arrow Menu "Real Time Disbursement": Select Arrow Menu "Real Time Disbursement"

2021-01-22 10:50:42 - [MESSAGE][PASSED] - Object: '' is clicked on

2021-01-22 10:50:42 - [MESSAGE][PASSED] - Select Arrow Menu "Real Time Disbursement"

2021-01-22 10:50:42 - [TEST_STEP][PASSED] - Select Menu "Partner Disbursement SBO": Select Menu "Partner Disbursement SBO"

2021-01-22 10:50:43 - [MESSAGE][PASSED] - Taking screenshot successfully
[[ATTACHMENT|/Users/chaidir.pratama01/Documents/Docs/Katalon Studio/Screenshot/test-Partner Disbursement SBO.png]]

2021-01-22 10:50:43 - [MESSAGE][PASSED] - Object '' is present

2021-01-22 10:50:43 - [MESSAGE][PASSED] - Object: '' is clicked on

2021-01-22 10:50:43 - [MESSAGE][PASSED] - Wait for page load successfully

2021-01-22 10:50:43 - [MESSAGE][PASSED] - Select Menu "Partner Disbursement SBO"

2021-01-22 10:50:43 - [TEST_STEP][PASSED] - Select STATUS "Hold Payment Insufficient Fund": Select STATUS "Hold Payment Insufficient Fund"

2021-01-22 10:50:43 - [MESSAGE][PASSED] - All options with value 'Hold Payment Insufficient Fund' are selected in object ''  using regular expression

2021-01-22 10:50:43 - [MESSAGE][PASSED] - Select STATUS "Hold Payment Insufficient Fund"

2021-01-22 10:50:43 - [TEST_STEP][PASSED] - Click button "Search": Click button "Search"

2021-01-22 10:50:43 - [MESSAGE][INFO] - >>>>>//Button[contains(text(),'Search')]

2021-01-22 10:50:46 - [MESSAGE][PASSED] - Object '' is present

2021-01-22 10:50:46 - [MESSAGE][PASSED] - Object: '' is clicked on

2021-01-22 10:50:46 - [MESSAGE][PASSED] - Switched to window with index: '0'

2021-01-22 10:50:46 - [MESSAGE][PASSED] - Click button "Search"

2021-01-22 10:50:46 - [TEST_STEP][PASSED] - Verify Search Result Presents: Verify Search Result Presents

2021-01-22 10:50:50 - [MESSAGE][INFO] - Unable to find the element located by 'By.xpath: //td[@style='display:none' and contains(text(),'-Empty-')]'. Please recheck the objects properties to make sure the desired element is located. 

2021-01-22 10:50:51 - [MESSAGE][WARNING] - com.kms.katalon.core.webui.exception.WebElementNotFoundException: Web element with id: '' located by '//td[@style='display:none' and contains(text(),'-Empty-')]' not found (Root cause: com.kms.katalon.core.exception.StepFailedException: com.kms.katalon.core.webui.exception.WebElementNotFoundException: Web element with id: '' located by '//td[@style='display:none' and contains(text(),'-Empty-')]' not found
	at com.kms.katalon.core.webui.keyword.internal.WebUIKeywordMain.stepFailed(WebUIKeywordMain.groovy:64)
	at com.kms.katalon.core.webui.keyword.builtin.VerifyElementPresentKeyword$_verifyElementPresent_closure1.doCall(VerifyElementPresentKeyword.groovy:85)
	at com.kms.katalon.core.webui.keyword.builtin.VerifyElementPresentKeyword$_verifyElementPresent_closure1.call(VerifyElementPresentKeyword.groovy)
	at com.kms.katalon.core.webui.keyword.internal.WebUIKeywordMain.runKeyword(WebUIKeywordMain.groovy:20)
	at com.kms.katalon.core.webui.keyword.builtin.VerifyElementPresentKeyword.verifyElementPresent(VerifyElementPresentKeyword.groovy:92)
	at com.kms.katalon.core.webui.keyword.builtin.VerifyElementPresentKeyword.execute(VerifyElementPresentKeyword.groovy:68)
	at com.kms.katalon.core.keyword.internal.KeywordExecutor.executeKeywordForPlatform(KeywordExecutor.groovy:73)
	at com.kms.katalon.core.webui.keyword.WebUiBuiltInKeywords.verifyElementPresent(WebUiBuiltInKeywords.groovy:1444)
	at com.kms.katalon.core.webui.keyword.WebUiBuiltInKeywords$verifyElementPresent$11.call(Unknown Source)
	at ist_real.Contract_Dispatcher.VerifyTblFilled(Contract_Dispatcher.groovy:1313)
	at ist_real.Contract_Dispatcher$VerifyTblFilled$0.call(Unknown Source)
	at RTD.Search_Result_Presents(RTD.groovy:191)
	at cucumber.runtime.Utils$1.call(Utils.java:26)
	at cucumber.runtime.Timeout.timeout(Timeout.java:16)
	at cucumber.runtime.Utils.invoke(Utils.java:20)
	at cucumber.runtime.java.JavaStepDefinition.execute(JavaStepDefinition.java:48)
	at cucumber.runtime.PickleStepDefinitionMatch.runStep(PickleStepDefinitionMatch.java:50)
	at cucumber.runner.TestStep.executeStep(TestStep.java:55)
	at cucumber.runner.TestStep.run(TestStep.java:42)
	at cucumber.runner.PickleStepTestStep.run(PickleStepTestStep.java:53)
	at cucumber.runner.TestCase.run(TestCase.java:47)
	at cucumber.runner.Runner.runPickle(Runner.java:44)
	at cucumber.runtime.Runtime.runFeature(Runtime.java:120)
	at cucumber.runtime.Runtime.run(Runtime.java:106)
	at cucumber.api.cli.Main.run(Main.java:35)
	at cucumber.api.cli.Main$run.call(Unknown Source)
	at com.kms.katalon.core.cucumber.keyword.CucumberBuiltinKeywords$_runFeatureFile_closure1.doCall(CucumberBuiltinKeywords.groovy:76)
	at com.kms.katalon.core.cucumber.keyword.CucumberBuiltinKeywords$_runFeatureFile_closure1.doCall(CucumberBuiltinKeywords.groovy)
	at com.kms.katalon.core.keyword.internal.KeywordMain.runKeyword(KeywordMain.groovy:68)
	at com.kms.katalon.core.keyword.internal.KeywordMain$runKeyword.call(Unknown Source)
	at com.kms.katalon.core.cucumber.keyword.CucumberBuiltinKeywords.runFeatureFile(CucumberBuiltinKeywords.groovy:46)
	at com.kms.katalon.core.cucumber.keyword.CucumberBuiltinKeywords$runFeatureFile$0.callStatic(Unknown Source)
	at com.kms.katalon.core.cucumber.keyword.CucumberBuiltinKeywords.runFeatureFile(CucumberBuiltinKeywords.groovy:169)
	at com.kms.katalon.core.cucumber.keyword.CucumberBuiltinKeywords$runFeatureFile.call(Unknown Source)
	at TC_Search_by_STATUS.run(TC_Search_by_STATUS:18)
	at com.kms.katalon.core.main.ScriptEngine.run(ScriptEngine.java:194)
	at com.kms.katalon.core.main.ScriptEngine.runScriptAsRawText(ScriptEngine.java:119)
	at com.kms.katalon.core.main.TestCaseExecutor.runScript(TestCaseExecutor.java:339)
	at com.kms.katalon.core.main.TestCaseExecutor.doExecute(TestCaseExecutor.java:330)
	at com.kms.katalon.core.main.TestCaseExecutor.processExecutionPhase(TestCaseExecutor.java:309)
	at com.kms.katalon.core.main.TestCaseExecutor.accessMainPhase(TestCaseExecutor.java:301)
	at com.kms.katalon.core.main.TestCaseExecutor.execute(TestCaseExecutor.java:235)
	at com.kms.katalon.core.main.TestSuiteExecutor.accessTestCaseMainPhase(TestSuiteExecutor.java:191)
	at com.kms.katalon.core.main.TestSuiteExecutor.accessTestSuiteMainPhase(TestSuiteExecutor.java:141)
	at com.kms.katalon.core.main.TestSuiteExecutor.execute(TestSuiteExecutor.java:90)
	at com.kms.katalon.core.main.TestCaseMain.startTestSuite(TestCaseMain.java:157)
	at com.kms.katalon.core.main.TestCaseMain$startTestSuite$0.call(Unknown Source)
	at TempTestSuite1611286943259.run(TempTestSuite1611286943259.groovy:39)
)
[[ATTACHMENT|/Users/chaidir.pratama01/Katalon Studio/IST_Automation_Git/Reports/20210122_104222/RTD/TS_Partner_Disbursement_SBO/20210122_104223/1611287450930.png]]

2021-01-22 10:50:51 - [MESSAGE][PASSED] - Verify Search Result Presents

2021-01-22 10:50:51 - [TEST_STEP][PASSED] - Click button "Logout": Click button "Logout"

2021-01-22 10:50:51 - [MESSAGE][INFO] - >>>>>//Button[contains(text(),'Logout')]

2021-01-22 10:50:54 - [MESSAGE][PASSED] - Object '' is present

2021-01-22 10:50:54 - [MESSAGE][PASSED] - Object: '' is clicked on

2021-01-22 10:50:54 - [MESSAGE][PASSED] - Switched to window with index: '0'

2021-01-22 10:50:54 - [MESSAGE][PASSED] - Click button "Logout"

2021-01-22 10:50:54 - [TEST_STEP][PASSED] - Close browser: Close browser

2021-01-22 10:50:55 - [MESSAGE][PASSED] - Browser is closed

2021-01-22 10:50:55 - [MESSAGE][PASSED] - Close browser

2021-01-22 10:50:55 - [MESSAGE][PASSED] - Feature file: 'Include/features/IST_Real/RTD/Partner Disbursement SBO/Search_by_STATUS.feature' was passed]]></system-out>
         <system-err><![CDATA[]]></system-err>
      </testcase>
      <testcase name="Test Cases/RTD/Partner Disbursement SBO/TC_Search_by_OrderID" time="6.98" classname="Test Cases/RTD/Partner Disbursement SBO/TC_Search_by_OrderID" status="PASSED">
         <system-out><![CDATA[2021-01-22 10:50:55 - [TEST_CASE][PASSED] - Test Cases/RTD/Partner Disbursement SBO/TC_Search_by_OrderID: Test Cases/RTD/Partner Disbursement SBO/TC_Search_by_OrderID

2021-01-22 10:50:55 - [TEST_STEP][PASSED] - runFeatureFile("Include/features/IST_Real/RTD/Partner Disbursement SBO/Search_by_OrderID.feature"): Feature file: 'Include/features/IST_Real/RTD/Partner Disbursement SBO/Search_by_OrderID.feature' was passed

2021-01-22 10:50:55 - [MESSAGE][INFO] - Starting run keyword runFeatureFile: 'Include/features/IST_Real/RTD/Partner Disbursement SBO/Search_by_OrderID.feature' and extract report to folder: '/Users/chaidir.pratama01/Katalon Studio/IST_Automation_Git/Reports/20210122_104222/RTD/TS_Partner_Disbursement_SBO/20210122_104223/cucumber_report/1611287455192'...

2021-01-22 10:50:55 - [TEST_CASE][PASSED] - Start Test Case : SCENARIO Search by Contract Number and it found on Dashboard: SCENARIO Search by Contract Number and it found on Dashboard

2021-01-22 10:50:55 - [TEST_STEP][PASSED] - Go to ISTools: Go to ISTools

2021-01-22 10:50:55 - [MESSAGE][INFO] - Starting 'Chrome (headless)' driver

2021-01-22 10:50:55 - [MESSAGE][INFO] - User set preference: ['args', '[--start-maximized, --disable-gpu, --no-proxy-server, â€“-no-sandbox, --allow-running-insecure-content, --ignore-certificate-errors, window-size=1680,814, force-device-scale-factor=2, --lang=en-GB]']

2021-01-22 10:50:55 - [MESSAGE][INFO] - User set preference: ['prefs', '{download.default_directory=/Users/chaidir.pratama01/Katalon Studio/IST_Automation_Git/Download}']

2021-01-22 10:50:55 - [MESSAGE][INFO] - Action delay is set to 0 milliseconds

2021-01-22 10:50:55 - [MESSAGE][PASSED] - Browser is opened with url: ''

2021-01-22 10:50:56 - [MESSAGE][PASSED] - Navigate to 'https://dev-istools.homecredit.id/foundation/' successfully

2021-01-22 10:50:56 - [MESSAGE][PASSED] - Go to ISTools

2021-01-22 10:50:56 - [TEST_STEP][PASSED] - Login IST with valid credentials: Login IST with valid credentials

2021-01-22 10:50:56 - [MESSAGE][PASSED] - Text 'mobile.test' is set on object 'Object Repository/Page_/input_Username_j_username'

2021-01-22 10:50:56 - [MESSAGE][PASSED] - Text ****** has been set on object 'Object Repository/Page_/input_Password_j_password'

2021-01-22 10:50:57 - [MESSAGE][PASSED] - Object: 'Object Repository/Page_/button_Login' is clicked on

2021-01-22 10:50:57 - [MESSAGE][PASSED] - Login IST with valid credentials

2021-01-22 10:50:57 - [TEST_STEP][PASSED] - Login Success: Login Success

2021-01-22 10:50:57 - [MESSAGE][INFO] - Login Success

2021-01-22 10:50:57 - [MESSAGE][PASSED] - Current window maximized

2021-01-22 10:50:57 - [MESSAGE][PASSED] - Object 'Object Repository/Page_/h1_Welcome to IT Supporting Tools' is present

2021-01-22 10:50:57 - [MESSAGE][PASSED] - Login Success

2021-01-22 10:50:57 - [TEST_STEP][PASSED] - Select Arrow Menu "Real Time Disbursement": Select Arrow Menu "Real Time Disbursement"

2021-01-22 10:50:57 - [MESSAGE][PASSED] - Object: '' is clicked on

2021-01-22 10:50:57 - [MESSAGE][PASSED] - Select Arrow Menu "Real Time Disbursement"

2021-01-22 10:50:57 - [TEST_STEP][PASSED] - Select Menu "Partner Disbursement SBO": Select Menu "Partner Disbursement SBO"

2021-01-22 10:50:57 - [MESSAGE][PASSED] - Taking screenshot successfully
[[ATTACHMENT|/Users/chaidir.pratama01/Documents/Docs/Katalon Studio/Screenshot/test-Partner Disbursement SBO.png]]

2021-01-22 10:50:57 - [MESSAGE][PASSED] - Object '' is present

2021-01-22 10:50:57 - [MESSAGE][PASSED] - Object: '' is clicked on

2021-01-22 10:50:57 - [MESSAGE][PASSED] - Wait for page load successfully

2021-01-22 10:50:57 - [MESSAGE][PASSED] - Select Menu "Partner Disbursement SBO"

2021-01-22 10:50:57 - [TEST_STEP][PASSED] - Input "Order ID" for "Partner Disbursement": Input "Order ID" for "Partner Disbursement"

2021-01-22 10:50:58 - [MESSAGE][PASSED] - Text '10037914991' is set on object ''

2021-01-22 10:50:58 - [MESSAGE][PASSED] - Input "Order ID" for "Partner Disbursement"

2021-01-22 10:50:58 - [TEST_STEP][PASSED] - Click button "Search": Click button "Search"

2021-01-22 10:50:58 - [MESSAGE][INFO] - >>>>>//Button[contains(text(),'Search')]

2021-01-22 10:51:01 - [MESSAGE][PASSED] - Object '' is present

2021-01-22 10:51:01 - [MESSAGE][PASSED] - Object: '' is clicked on

2021-01-22 10:51:01 - [MESSAGE][PASSED] - Switched to window with index: '0'

2021-01-22 10:51:01 - [MESSAGE][PASSED] - Click button "Search"

2021-01-22 10:51:01 - [TEST_STEP][PASSED] - Verify Search Result Presents: Verify Search Result Presents

2021-01-22 10:51:01 - [MESSAGE][PASSED] - Object '' is present

2021-01-22 10:51:02 - [MESSAGE][PASSED] - Verify Search Result Presents

2021-01-22 10:51:02 - [MESSAGE][PASSED] - Feature file: 'Include/features/IST_Real/RTD/Partner Disbursement SBO/Search_by_OrderID.feature' was passed]]></system-out>
         <system-err><![CDATA[]]></system-err>
      </testcase>
      <testcase name="Test Cases/RTD/Partner Disbursement SBO/TC_Search_by_Contract_Number" time="6.983" classname="Test Cases/RTD/Partner Disbursement SBO/TC_Search_by_Contract_Number" status="PASSED">
         <system-out><![CDATA[2021-01-22 10:51:02 - [TEST_CASE][PASSED] - Test Cases/RTD/Partner Disbursement SBO/TC_Search_by_Contract_Number: Test Cases/RTD/Partner Disbursement SBO/TC_Search_by_Contract_Number

2021-01-22 10:51:02 - [TEST_STEP][PASSED] - runFeatureFile("Include/features/IST_Real/RTD/Partner Disbursement SBO/Search_by_Contract_Number.feature"): Feature file: 'Include/features/IST_Real/RTD/Partner Disbursement SBO/Search_by_Contract_Number.feature' was passed

2021-01-22 10:51:02 - [MESSAGE][INFO] - Starting run keyword runFeatureFile: 'Include/features/IST_Real/RTD/Partner Disbursement SBO/Search_by_Contract_Number.feature' and extract report to folder: '/Users/chaidir.pratama01/Katalon Studio/IST_Automation_Git/Reports/20210122_104222/RTD/TS_Partner_Disbursement_SBO/20210122_104223/cucumber_report/1611287462166'...

2021-01-22 10:51:02 - [TEST_CASE][PASSED] - Start Test Case : SCENARIO Search by Contract Number and it found on Dashboard: SCENARIO Search by Contract Number and it found on Dashboard

2021-01-22 10:51:02 - [TEST_STEP][PASSED] - Go to ISTools: Go to ISTools

2021-01-22 10:51:02 - [MESSAGE][WARNING] - A browser is already opened. Closing browser and opening a new one

2021-01-22 10:51:02 - [MESSAGE][INFO] - Starting 'Chrome (headless)' driver

2021-01-22 10:51:02 - [MESSAGE][INFO] - User set preference: ['args', '[--start-maximized, --disable-gpu, --no-proxy-server, â€“-no-sandbox, --allow-running-insecure-content, --ignore-certificate-errors, window-size=1680,814, force-device-scale-factor=2, --lang=en-GB]']

2021-01-22 10:51:02 - [MESSAGE][INFO] - User set preference: ['prefs', '{download.default_directory=/Users/chaidir.pratama01/Katalon Studio/IST_Automation_Git/Download}']

2021-01-22 10:51:02 - [MESSAGE][INFO] - Action delay is set to 0 milliseconds

2021-01-22 10:51:02 - [MESSAGE][PASSED] - Browser is opened with url: ''

2021-01-22 10:51:03 - [MESSAGE][PASSED] - Navigate to 'https://dev-istools.homecredit.id/foundation/' successfully

2021-01-22 10:51:03 - [MESSAGE][PASSED] - Go to ISTools

2021-01-22 10:51:03 - [TEST_STEP][PASSED] - Login IST with valid credentials: Login IST with valid credentials

2021-01-22 10:51:03 - [MESSAGE][PASSED] - Text 'mobile.test' is set on object 'Object Repository/Page_/input_Username_j_username'

2021-01-22 10:51:03 - [MESSAGE][PASSED] - Text ****** has been set on object 'Object Repository/Page_/input_Password_j_password'

2021-01-22 10:51:04 - [MESSAGE][PASSED] - Object: 'Object Repository/Page_/button_Login' is clicked on

2021-01-22 10:51:04 - [MESSAGE][PASSED] - Login IST with valid credentials

2021-01-22 10:51:04 - [TEST_STEP][PASSED] - Login Success: Login Success

2021-01-22 10:51:04 - [MESSAGE][INFO] - Login Success

2021-01-22 10:51:04 - [MESSAGE][PASSED] - Current window maximized

2021-01-22 10:51:04 - [MESSAGE][PASSED] - Object 'Object Repository/Page_/h1_Welcome to IT Supporting Tools' is present

2021-01-22 10:51:04 - [MESSAGE][PASSED] - Login Success

2021-01-22 10:51:04 - [TEST_STEP][PASSED] - Select Arrow Menu "Real Time Disbursement": Select Arrow Menu "Real Time Disbursement"

2021-01-22 10:51:04 - [MESSAGE][PASSED] - Object: '' is clicked on

2021-01-22 10:51:04 - [MESSAGE][PASSED] - Select Arrow Menu "Real Time Disbursement"

2021-01-22 10:51:04 - [TEST_STEP][PASSED] - Select Menu "Partner Disbursement SBO": Select Menu "Partner Disbursement SBO"

2021-01-22 10:51:04 - [MESSAGE][PASSED] - Taking screenshot successfully
[[ATTACHMENT|/Users/chaidir.pratama01/Documents/Docs/Katalon Studio/Screenshot/test-Partner Disbursement SBO.png]]

2021-01-22 10:51:04 - [MESSAGE][PASSED] - Object '' is present

2021-01-22 10:51:04 - [MESSAGE][PASSED] - Object: '' is clicked on

2021-01-22 10:51:04 - [MESSAGE][PASSED] - Wait for page load successfully

2021-01-22 10:51:04 - [MESSAGE][PASSED] - Select Menu "Partner Disbursement SBO"

2021-01-22 10:51:04 - [TEST_STEP][PASSED] - Input Contract RTD in Contract Number label: Input Contract RTD in Contract Number label

2021-01-22 10:51:05 - [MESSAGE][PASSED] - Text '4000014162' is set on object ''

2021-01-22 10:51:05 - [MESSAGE][PASSED] - Input Contract RTD in Contract Number label

2021-01-22 10:51:05 - [TEST_STEP][PASSED] - Click button "Search": Click button "Search"

2021-01-22 10:51:05 - [MESSAGE][INFO] - >>>>>//Button[contains(text(),'Search')]

2021-01-22 10:51:08 - [MESSAGE][PASSED] - Object '' is present

2021-01-22 10:51:08 - [MESSAGE][PASSED] - Object: '' is clicked on

2021-01-22 10:51:08 - [MESSAGE][PASSED] - Switched to window with index: '0'

2021-01-22 10:51:08 - [MESSAGE][PASSED] - Click button "Search"

2021-01-22 10:51:08 - [TEST_STEP][PASSED] - Verify Search Result Presents: Verify Search Result Presents

2021-01-22 10:51:08 - [MESSAGE][PASSED] - Object '' is present

2021-01-22 10:51:09 - [MESSAGE][PASSED] - Verify Search Result Presents

2021-01-22 10:51:09 - [MESSAGE][PASSED] - Feature file: 'Include/features/IST_Real/RTD/Partner Disbursement SBO/Search_by_Contract_Number.feature' was passed]]></system-out>
         <system-err><![CDATA[]]></system-err>
      </testcase>
      <system-out><![CDATA[2021-01-22 10:46:40 - [TEST_SUITE][PASSED] - TS_Partner_Disbursement_SBO: Test Cases/RTD/Partner Disbursement SBO/TC_Search_by_Contract_Number]]></system-out>
      <system-err><![CDATA[]]></system-err>
   </testsuite>
   <testsuite name="TS_RTD" tests="13" failures="0" errors="0" time="13.712" timestamp="2021-01-22 10:51:23" hostname="chaidir.pratama01 - localhost" id="Test Suites/RTD/TS_RTD">
      <properties>
         <property name="deviceName" value=""/>
         <property name="devicePlatform" value=""/>
         <property name="logFolder" value="/Users/chaidir.pratama01/Katalon Studio/IST_Automation_Git/Reports/20210122_104222/RTD/TS_RTD/20210122_104224"/>
         <property name="logFiles" value="/Users/chaidir.pratama01/Katalon Studio/IST_Automation_Git/Reports/20210122_104222/RTD/TS_RTD/20210122_104224/execution0.log"/>
         <property name="attachments" value=""/>
         <property name="hostName" value="chaidir.pratama01 - localhost"/>
         <property name="os" value="Mac OS X 64bit"/>
         <property name="katalonVersion" value="7.6.0.${buildNumber}"/>
         <property name="browser" value="Chrome 87.0.4280.141"/>
         <property name="hostAddress" value="127.0.0.1"/>
         <property name="sessionId" value="80dc5b6a976fe6d6a36ae0392fa5948b"/>
         <property name="seleniumVersion" value="3.141.59"/>
         <property name="proxyInformation" value="ProxyInformation { proxyOption=NO_PROXY, proxyServerType=HTTP, username=, password=********, proxyServerAddress=, proxyServerPort=0, executionList=\&quot;\&quot;, isApplyToDesiredCapabilities=true }"/>
         <property name="platform" value="Mac OS X"/>
      </properties>
      <testcase name="Test Cases/RTD/TC_Check_MPF_Failed_Due_to_Not_Supported_Bank" time="3.901" classname="Test Cases/RTD/TC_Check_MPF_Failed_Due_to_Not_Supported_Bank" status="PASSED">
         <system-out><![CDATA[2021-01-22 10:51:24 - [TEST_CASE][PASSED] - Test Cases/RTD/TC_Check_MPF_Failed_Due_to_Not_Supported_Bank: Test Cases/RTD/TC_Check_MPF_Failed_Due_to_Not_Supported_Bank

2021-01-22 10:51:24 - [TEST_STEP][PASSED] - runFeatureFile("Include/features/IST_Real/RTD/Check_MPF_Failed_Due_to_Not_Supported_Bank.feature"): Feature file: 'Include/features/IST_Real/RTD/Check_MPF_Failed_Due_to_Not_Supported_Bank.feature' was passed

2021-01-22 10:51:24 - [MESSAGE][INFO] - Starting run keyword runFeatureFile: 'Include/features/IST_Real/RTD/Check_MPF_Failed_Due_to_Not_Supported_Bank.feature' and extract report to folder: '/Users/chaidir.pratama01/Katalon Studio/IST_Automation_Git/Reports/20210122_104222/RTD/TS_RTD/20210122_104224/cucumber_report/1611287484305'...

2021-01-22 10:51:24 - [TEST_CASE][PASSED] - Start Test Case : SCENARIO Check Contract from RTD_CONTRACT where STATUS is Failed Due to Not Supported Bank: SCENARIO Check Contract from RTD_CONTRACT where STATUS is Failed Due to Not Supported Bank

2021-01-22 10:51:24 - [TEST_STEP][PASSED] - Connect to Database RTD: Connect to Database RTD

2021-01-22 10:51:25 - [MESSAGE][INFO] - Starting 'Chrome (headless)' driver

2021-01-22 10:51:25 - [MESSAGE][INFO] - User set preference: ['args', '[--start-maximized, --disable-gpu, --no-proxy-server, â€“-no-sandbox, --allow-running-insecure-content, --ignore-certificate-errors, window-size=1680,814, force-device-scale-factor=2, --lang=en-GB]']

2021-01-22 10:51:25 - [MESSAGE][INFO] - User set preference: ['prefs', '{download.default_directory=/Users/chaidir.pratama01/Katalon Studio/IST_Automation_Git/Download}']

2021-01-22 10:51:25 - [MESSAGE][INFO] - Action delay is set to 0 milliseconds

2021-01-22 10:51:25 - [MESSAGE][PASSED] - Browser is opened with url: ''

2021-01-22 10:51:25 - [MESSAGE][PASSED] - Browser is closed

2021-01-22 10:51:27 - [MESSAGE][PASSED] - Connect to Database RTD

2021-01-22 10:51:27 - [TEST_STEP][PASSED] - Select Contract from Table in DB with Query "SELECT * FROM RTD_CONTRACT WHERE STATUS=9": Select Contract from Table in DB with Query "SELECT * FROM RTD_CONTRACT WHERE STATUS=9"

2021-01-22 10:51:27 - [MESSAGE][PASSED] - Select Contract from Table in DB with Query "SELECT * FROM RTD_CONTRACT WHERE STATUS=9"

2021-01-22 10:51:27 - [MESSAGE][PASSED] - Feature file: 'Include/features/IST_Real/RTD/Check_MPF_Failed_Due_to_Not_Supported_Bank.feature' was passed]]></system-out>
         <system-err><![CDATA[]]></system-err>
      </testcase>
      <testcase name="Test Cases/RTD/TC_Check_MPF_Eligible_to_Disburse" time="0.699" classname="Test Cases/RTD/TC_Check_MPF_Eligible_to_Disburse" status="PASSED">
         <system-out><![CDATA[2021-01-22 10:51:27 - [TEST_CASE][PASSED] - Test Cases/RTD/TC_Check_MPF_Eligible_to_Disburse: Test Cases/RTD/TC_Check_MPF_Eligible_to_Disburse

2021-01-22 10:51:28 - [TEST_STEP][PASSED] - runFeatureFile("Include/features/IST_Real/RTD/Check_MPF_Eligible_to_Disburse.feature"): Feature file: 'Include/features/IST_Real/RTD/Check_MPF_Eligible_to_Disburse.feature' was passed

2021-01-22 10:51:28 - [MESSAGE][INFO] - Starting run keyword runFeatureFile: 'Include/features/IST_Real/RTD/Check_MPF_Eligible_to_Disburse.feature' and extract report to folder: '/Users/chaidir.pratama01/Katalon Studio/IST_Automation_Git/Reports/20210122_104222/RTD/TS_RTD/20210122_104224/cucumber_report/1611287488098'...

2021-01-22 10:51:28 - [TEST_CASE][PASSED] - Start Test Case : SCENARIO Check Contract MPF Eligible to Disburse: SCENARIO Check Contract MPF Eligible to Disburse

2021-01-22 10:51:28 - [TEST_STEP][PASSED] - Connect to Database RTD: Connect to Database RTD

2021-01-22 10:51:28 - [MESSAGE][PASSED] - Connect to Database RTD

2021-01-22 10:51:28 - [TEST_STEP][PASSED] - Select Contract MPF that Eligible to Disburse: Select Contract MPF that Eligible to Disburse

2021-01-22 10:51:28 - [MESSAGE][PASSED] - Select Contract MPF that Eligible to Disburse

2021-01-22 10:51:28 - [MESSAGE][PASSED] - Feature file: 'Include/features/IST_Real/RTD/Check_MPF_Eligible_to_Disburse.feature' was passed]]></system-out>
         <system-err><![CDATA[]]></system-err>
      </testcase>
      <testcase name="Test Cases/RTD/TC_Check_MPF_Ready_to_Disburse" time="0.408" classname="Test Cases/RTD/TC_Check_MPF_Ready_to_Disburse" status="PASSED">
         <system-out><![CDATA[2021-01-22 10:51:28 - [TEST_CASE][PASSED] - Test Cases/RTD/TC_Check_MPF_Ready_to_Disburse: Test Cases/RTD/TC_Check_MPF_Ready_to_Disburse

2021-01-22 10:51:28 - [TEST_STEP][PASSED] - runFeatureFile("Include/features/IST_Real/RTD/Check_MPF_Ready_to_Disburse.feature"): Feature file: 'Include/features/IST_Real/RTD/Check_MPF_Ready_to_Disburse.feature' was passed

2021-01-22 10:51:28 - [MESSAGE][INFO] - Starting run keyword runFeatureFile: 'Include/features/IST_Real/RTD/Check_MPF_Ready_to_Disburse.feature' and extract report to folder: '/Users/chaidir.pratama01/Katalon Studio/IST_Automation_Git/Reports/20210122_104222/RTD/TS_RTD/20210122_104224/cucumber_report/1611287488740'...

2021-01-22 10:51:28 - [TEST_CASE][PASSED] - Start Test Case : SCENARIO Check Contract from RTD_CONTRACT where STATUS is READY TO DISBURSE: SCENARIO Check Contract from RTD_CONTRACT where STATUS is READY TO DISBURSE

2021-01-22 10:51:28 - [TEST_STEP][PASSED] - Connect to Database RTD: Connect to Database RTD

2021-01-22 10:51:29 - [MESSAGE][PASSED] - Connect to Database RTD

2021-01-22 10:51:29 - [TEST_STEP][PASSED] - Select Contract from Table in DB with Query "SELECT * FROM RTD_CONTRACT WHERE STATUS=5": Select Contract from Table in DB with Query "SELECT * FROM RTD_CONTRACT WHERE STATUS=5"

2021-01-22 10:51:29 - [MESSAGE][PASSED] - Select Contract from Table in DB with Query "SELECT * FROM RTD_CONTRACT WHERE STATUS=5"

2021-01-22 10:51:29 - [MESSAGE][PASSED] - Feature file: 'Include/features/IST_Real/RTD/Check_MPF_Ready_to_Disburse.feature' was passed]]></system-out>
         <system-err><![CDATA[]]></system-err>
      </testcase>
      <testcase name="Test Cases/RTD/TC_Check_MPF_Waiting_for_Approval_from_InPayment" time="0.382" classname="Test Cases/RTD/TC_Check_MPF_Waiting_for_Approval_from_InPayment" status="PASSED">
         <system-out><![CDATA[2021-01-22 10:51:29 - [TEST_CASE][PASSED] - Test Cases/RTD/TC_Check_MPF_Waiting_for_Approval_from_InPayment: Test Cases/RTD/TC_Check_MPF_Waiting_for_Approval_from_InPayment

2021-01-22 10:51:29 - [TEST_STEP][PASSED] - runFeatureFile("Include/features/IST_Real/RTD/Check_MPF_Waiting_for_Approval_from_InPayment.feature"): Feature file: 'Include/features/IST_Real/RTD/Check_MPF_Waiting_for_Approval_from_InPayment.feature' was passed

2021-01-22 10:51:29 - [MESSAGE][INFO] - Starting run keyword runFeatureFile: 'Include/features/IST_Real/RTD/Check_MPF_Waiting_for_Approval_from_InPayment.feature' and extract report to folder: '/Users/chaidir.pratama01/Katalon Studio/IST_Automation_Git/Reports/20210122_104222/RTD/TS_RTD/20210122_104224/cucumber_report/1611287489141'...

2021-01-22 10:51:29 - [TEST_CASE][PASSED] - Start Test Case : SCENARIO Check Contract from RTD_CONTRACT_TEMP where Status is Waiting for approval from In Payment: SCENARIO Check Contract from RTD_CONTRACT_TEMP where Status is Waiting for approval from In Payment

2021-01-22 10:51:29 - [TEST_STEP][PASSED] - Connect to Database RTD: Connect to Database RTD

2021-01-22 10:51:29 - [MESSAGE][PASSED] - Connect to Database RTD

2021-01-22 10:51:29 - [TEST_STEP][PASSED] - Select Contract from Table in DB with Query "SELECT * FROM RTD_CONTRACT WHERE STATUS=3": Select Contract from Table in DB with Query "SELECT * FROM RTD_CONTRACT WHERE STATUS=3"

2021-01-22 10:51:29 - [MESSAGE][PASSED] - Select Contract from Table in DB with Query "SELECT * FROM RTD_CONTRACT WHERE STATUS=3"

2021-01-22 10:51:29 - [MESSAGE][PASSED] - Feature file: 'Include/features/IST_Real/RTD/Check_MPF_Waiting_for_Approval_from_InPayment.feature' was passed]]></system-out>
         <system-err><![CDATA[]]></system-err>
      </testcase>
      <testcase name="Test Cases/RTD/TC_Check_MPF_DONE" time="0.496" classname="Test Cases/RTD/TC_Check_MPF_DONE" status="PASSED">
         <system-out><![CDATA[2021-01-22 10:51:29 - [TEST_CASE][PASSED] - Test Cases/RTD/TC_Check_MPF_DONE: Test Cases/RTD/TC_Check_MPF_DONE

2021-01-22 10:51:29 - [TEST_STEP][PASSED] - runFeatureFile("Include/features/IST_Real/RTD/Check_MPF_DONE.feature"): Feature file: 'Include/features/IST_Real/RTD/Check_MPF_DONE.feature' was passed

2021-01-22 10:51:29 - [MESSAGE][INFO] - Starting run keyword runFeatureFile: 'Include/features/IST_Real/RTD/Check_MPF_DONE.feature' and extract report to folder: '/Users/chaidir.pratama01/Katalon Studio/IST_Automation_Git/Reports/20210122_104222/RTD/TS_RTD/20210122_104224/cucumber_report/1611287489529'...

2021-01-22 10:51:29 - [TEST_CASE][PASSED] - Start Test Case : SCENARIO Check Contract from RTD_CONTRACT where STATUS is DONE: SCENARIO Check Contract from RTD_CONTRACT where STATUS is DONE

2021-01-22 10:51:29 - [TEST_STEP][PASSED] - Connect to Database RTD: Connect to Database RTD

2021-01-22 10:51:29 - [MESSAGE][PASSED] - Connect to Database RTD

2021-01-22 10:51:29 - [TEST_STEP][PASSED] - Select Contract from Table in DB with Query "SELECT RTD_CONTRACT_TEMP.KTP,RTD_CONTRACT_TEMP.CONTRACT_ID,RTD_CONTRACT_TEMP.RECIPIENT_BANK_ACCOUNT_NUMBER,RTD_CONTRACT_TEMP.STATUS FROM RTD_CONTRACT_TEMP LEFT JOIN RTD_CONTRACT ON RTD_CONTRACT_TEMP.CONTRACT_ID=RTD_CONTRACT.CONTRACT_ID WHERE RTD_CONTRACT_TEMP.TYPE_CONTRACT='MPF' AND RTD_CONTRACT.STATUS=11 AND RTD_CONTRACT_TEMP.IS_RTD='Y' AND RTD_CONTRACT.PGW_RESPONSE_CODE='00'": Select Contract from Table in DB with Query "SELECT RTD_CONTRACT_TEMP.KTP,RTD_CONTRACT_TEMP.CONTRACT_ID,RTD_CONTRACT_TEMP.RECIPIENT_BANK_ACCOUNT_NUMBER,RTD_CONTRACT_TEMP.STATUS FROM RTD_CONTRACT_TEMP LEFT JOIN RTD_CONTRACT ON RTD_CONTRACT_TEMP.CONTRACT_ID=RTD_CONTRACT.CONTRACT_ID WHERE RTD_CONTRACT_TEMP.TYPE_CONTRACT='MPF' AND RTD_CONTRACT.STATUS=11 AND RTD_CONTRACT_TEMP.IS_RTD='Y' AND RTD_CONTRACT.PGW_RESPONSE_CODE='00'"

2021-01-22 10:51:29 - [MESSAGE][PASSED] - Select Contract from Table in DB with Query "SELECT RTD_CONTRACT_TEMP.KTP,RTD_CONTRACT_TEMP.CONTRACT_ID,RTD_CONTRACT_TEMP.RECIPIENT_BANK_ACCOUNT_NUMBER,RTD_CONTRACT_TEMP.STATUS FROM RTD_CONTRACT_TEMP LEFT JOIN RTD_CONTRACT ON RTD_CONTRACT_TEMP.CONTRACT_ID=RTD_CONTRACT.CONTRACT_ID WHERE RTD_CONTRACT_TEMP.TYPE_CONTRACT='MPF' AND RTD_CONTRACT.STATUS=11 AND RTD_CONTRACT_TEMP.IS_RTD='Y' AND RTD_CONTRACT.PGW_RESPONSE_CODE='00'"

2021-01-22 10:51:29 - [MESSAGE][PASSED] - Feature file: 'Include/features/IST_Real/RTD/Check_MPF_DONE.feature' was passed]]></system-out>
         <system-err><![CDATA[]]></system-err>
      </testcase>
      <testcase name="Test Cases/RTD/TC_Check_MPF_Waiting_Approval_From_Risk" time="0.433" classname="Test Cases/RTD/TC_Check_MPF_Waiting_Approval_From_Risk" status="PASSED">
         <system-out><![CDATA[2021-01-22 10:51:29 - [TEST_CASE][PASSED] - Test Cases/RTD/TC_Check_MPF_Waiting_Approval_From_Risk: Test Cases/RTD/TC_Check_MPF_Waiting_Approval_From_Risk

2021-01-22 10:51:30 - [TEST_STEP][PASSED] - runFeatureFile("Include/features/IST_Real/RTD/Check_MPF_Waiting_Approval_From_Risk.feature"): Feature file: 'Include/features/IST_Real/RTD/Check_MPF_Waiting_Approval_From_Risk.feature' was passed

2021-01-22 10:51:30 - [MESSAGE][INFO] - Starting run keyword runFeatureFile: 'Include/features/IST_Real/RTD/Check_MPF_Waiting_Approval_From_Risk.feature' and extract report to folder: '/Users/chaidir.pratama01/Katalon Studio/IST_Automation_Git/Reports/20210122_104222/RTD/TS_RTD/20210122_104224/cucumber_report/1611287490047'...

2021-01-22 10:51:30 - [TEST_CASE][PASSED] - Start Test Case : SCENARIO Check Contract from RTD_CONTRACT where Status is Waiting for Approval Risk: SCENARIO Check Contract from RTD_CONTRACT where Status is Waiting for Approval Risk

2021-01-22 10:51:30 - [TEST_STEP][PASSED] - Connect to Database RTD: Connect to Database RTD

2021-01-22 10:51:30 - [MESSAGE][PASSED] - Connect to Database RTD

2021-01-22 10:51:30 - [TEST_STEP][PASSED] - Select Contract from Table in DB with Query "SELECT * FROM RTD_CONTRACT WHERE STATUS=2": Select Contract from Table in DB with Query "SELECT * FROM RTD_CONTRACT WHERE STATUS=2"

2021-01-22 10:51:30 - [MESSAGE][PASSED] - Select Contract from Table in DB with Query "SELECT * FROM RTD_CONTRACT WHERE STATUS=2"

2021-01-22 10:51:30 - [MESSAGE][PASSED] - Feature file: 'Include/features/IST_Real/RTD/Check_MPF_Waiting_Approval_From_Risk.feature' was passed]]></system-out>
         <system-err><![CDATA[]]></system-err>
      </testcase>
      <testcase name="Test Cases/RTD/TC_Check_MPF_Manual_DIsbursment" time="0.56" classname="Test Cases/RTD/TC_Check_MPF_Manual_DIsbursment" status="PASSED">
         <system-out><![CDATA[2021-01-22 10:51:30 - [TEST_CASE][PASSED] - Test Cases/RTD/TC_Check_MPF_Manual_DIsbursment: Test Cases/RTD/TC_Check_MPF_Manual_DIsbursment

2021-01-22 10:51:30 - [TEST_STEP][PASSED] - runFeatureFile("Include/features/IST_Real/RTD/Check_MPF_Manual_DIsbursment.feature"): Feature file: 'Include/features/IST_Real/RTD/Check_MPF_Manual_DIsbursment.feature' was passed

2021-01-22 10:51:30 - [MESSAGE][INFO] - Starting run keyword runFeatureFile: 'Include/features/IST_Real/RTD/Check_MPF_Manual_DIsbursment.feature' and extract report to folder: '/Users/chaidir.pratama01/Katalon Studio/IST_Automation_Git/Reports/20210122_104222/RTD/TS_RTD/20210122_104224/cucumber_report/1611287490461'...

2021-01-22 10:51:30 - [TEST_CASE][PASSED] - Start Test Case : SCENARIO Check Contract from RTD_CONTRACT where STATUS is MANUAL DISBURSMENT: SCENARIO Check Contract from RTD_CONTRACT where STATUS is MANUAL DISBURSMENT

2021-01-22 10:51:30 - [TEST_STEP][PASSED] - Connect to Database RTD: Connect to Database RTD

2021-01-22 10:51:30 - [MESSAGE][PASSED] - Connect to Database RTD

2021-01-22 10:51:30 - [TEST_STEP][PASSED] - Select Contract from Table in DB with Query "SELECT * FROM RTD_CONTRACT WHERE STATUS=10": Select Contract from Table in DB with Query "SELECT * FROM RTD_CONTRACT WHERE STATUS=10"

2021-01-22 10:51:30 - [MESSAGE][PASSED] - Select Contract from Table in DB with Query "SELECT * FROM RTD_CONTRACT WHERE STATUS=10"

2021-01-22 10:51:30 - [MESSAGE][PASSED] - Feature file: 'Include/features/IST_Real/RTD/Check_MPF_Manual_DIsbursment.feature' was passed]]></system-out>
         <system-err><![CDATA[]]></system-err>
      </testcase>
      <testcase name="Test Cases/RTD/TC_Check_MPF_is_Not_Eligible_to_Disburse" time="0.591" classname="Test Cases/RTD/TC_Check_MPF_is_Not_Eligible_to_Disburse" status="PASSED">
         <system-out><![CDATA[2021-01-22 10:51:30 - [TEST_CASE][PASSED] - Test Cases/RTD/TC_Check_MPF_is_Not_Eligible_to_Disburse: Test Cases/RTD/TC_Check_MPF_is_Not_Eligible_to_Disburse

2021-01-22 10:51:31 - [TEST_STEP][PASSED] - runFeatureFile("Include/features/IST_Real/RTD/Check_MPF_is_Not_Eligible_to_Disburse.feature"): Feature file: 'Include/features/IST_Real/RTD/Check_MPF_is_Not_Eligible_to_Disburse.feature' was passed

2021-01-22 10:51:31 - [MESSAGE][INFO] - Starting run keyword runFeatureFile: 'Include/features/IST_Real/RTD/Check_MPF_is_Not_Eligible_to_Disburse.feature' and extract report to folder: '/Users/chaidir.pratama01/Katalon Studio/IST_Automation_Git/Reports/20210122_104222/RTD/TS_RTD/20210122_104224/cucumber_report/1611287491029'...

2021-01-22 10:51:31 - [TEST_CASE][PASSED] - Start Test Case : SCENARIO Check Contract from RTD_CONTRACT where STATUS is Not Eligible to Disburse: SCENARIO Check Contract from RTD_CONTRACT where STATUS is Not Eligible to Disburse

2021-01-22 10:51:31 - [TEST_STEP][PASSED] - Connect to Database RTD: Connect to Database RTD

2021-01-22 10:51:31 - [MESSAGE][PASSED] - Connect to Database RTD

2021-01-22 10:51:31 - [TEST_STEP][PASSED] - Select Contract from Table in DB with Query "SELECT * FROM RTD_CONTRACT WHERE STATUS=4": Select Contract from Table in DB with Query "SELECT * FROM RTD_CONTRACT WHERE STATUS=4"

2021-01-22 10:51:31 - [MESSAGE][PASSED] - Select Contract from Table in DB with Query "SELECT * FROM RTD_CONTRACT WHERE STATUS=4"

2021-01-22 10:51:31 - [MESSAGE][PASSED] - Feature file: 'Include/features/IST_Real/RTD/Check_MPF_is_Not_Eligible_to_Disburse.feature' was passed]]></system-out>
         <system-err><![CDATA[]]></system-err>
      </testcase>
      <testcase name="Test Cases/RTD/TC_Check_MPF_Insufficient_Fund" time="0.558" classname="Test Cases/RTD/TC_Check_MPF_Insufficient_Fund" status="PASSED">
         <system-out><![CDATA[2021-01-22 10:51:31 - [TEST_CASE][PASSED] - Test Cases/RTD/TC_Check_MPF_Insufficient_Fund: Test Cases/RTD/TC_Check_MPF_Insufficient_Fund

2021-01-22 10:51:31 - [TEST_STEP][PASSED] - runFeatureFile("Include/features/IST_Real/RTD/Check_MPF_Insufficient_Fund.feature"): Feature file: 'Include/features/IST_Real/RTD/Check_MPF_Insufficient_Fund.feature' was passed

2021-01-22 10:51:31 - [MESSAGE][INFO] - Starting run keyword runFeatureFile: 'Include/features/IST_Real/RTD/Check_MPF_Insufficient_Fund.feature' and extract report to folder: '/Users/chaidir.pratama01/Katalon Studio/IST_Automation_Git/Reports/20210122_104222/RTD/TS_RTD/20210122_104224/cucumber_report/1611287491621'...

2021-01-22 10:51:31 - [TEST_CASE][PASSED] - Start Test Case : SCENARIO Check Contract from RTD_CONTRACT where STATUS is Insufficient Fund: SCENARIO Check Contract from RTD_CONTRACT where STATUS is Insufficient Fund

2021-01-22 10:51:31 - [TEST_STEP][PASSED] - Connect to Database RTD: Connect to Database RTD

2021-01-22 10:51:32 - [MESSAGE][PASSED] - Connect to Database RTD

2021-01-22 10:51:32 - [TEST_STEP][PASSED] - Select Contract from Table in DB with Query "SELECT * FROM RTD_CONTRACT WHERE STATUS=8": Select Contract from Table in DB with Query "SELECT * FROM RTD_CONTRACT WHERE STATUS=8"

2021-01-22 10:51:32 - [MESSAGE][PASSED] - Select Contract from Table in DB with Query "SELECT * FROM RTD_CONTRACT WHERE STATUS=8"

2021-01-22 10:51:32 - [MESSAGE][PASSED] - Feature file: 'Include/features/IST_Real/RTD/Check_MPF_Insufficient_Fund.feature' was passed]]></system-out>
         <system-err><![CDATA[]]></system-err>
      </testcase>
      <testcase name="Test Cases/RTD/TC_Check_MPF_Failed_Due_to_System_Error" time="0.464" classname="Test Cases/RTD/TC_Check_MPF_Failed_Due_to_System_Error" status="PASSED">
         <system-out><![CDATA[2021-01-22 10:51:32 - [TEST_CASE][PASSED] - Test Cases/RTD/TC_Check_MPF_Failed_Due_to_System_Error: Test Cases/RTD/TC_Check_MPF_Failed_Due_to_System_Error

2021-01-22 10:51:32 - [TEST_STEP][PASSED] - runFeatureFile("Include/features/IST_Real/RTD/Check_MPF_Failed_Due_to_System_Error.feature"): Feature file: 'Include/features/IST_Real/RTD/Check_MPF_Failed_Due_to_System_Error.feature' was passed

2021-01-22 10:51:32 - [MESSAGE][INFO] - Starting run keyword runFeatureFile: 'Include/features/IST_Real/RTD/Check_MPF_Failed_Due_to_System_Error.feature' and extract report to folder: '/Users/chaidir.pratama01/Katalon Studio/IST_Automation_Git/Reports/20210122_104222/RTD/TS_RTD/20210122_104224/cucumber_report/1611287492190'...

2021-01-22 10:51:32 - [TEST_CASE][PASSED] - Start Test Case : SCENARIO Check Contract from RTD_CONTRACT where STATUS is Failed Due to System Error: SCENARIO Check Contract from RTD_CONTRACT where STATUS is Failed Due to System Error

2021-01-22 10:51:32 - [TEST_STEP][PASSED] - Connect to Database RTD: Connect to Database RTD

2021-01-22 10:51:32 - [MESSAGE][PASSED] - Connect to Database RTD

2021-01-22 10:51:32 - [TEST_STEP][PASSED] - Select Contract from Table in DB with Query "SELECT * FROM RTD_CONTRACT WHERE STATUS=7": Select Contract from Table in DB with Query "SELECT * FROM RTD_CONTRACT WHERE STATUS=7"

2021-01-22 10:51:32 - [MESSAGE][PASSED] - Select Contract from Table in DB with Query "SELECT * FROM RTD_CONTRACT WHERE STATUS=7"

2021-01-22 10:51:32 - [MESSAGE][PASSED] - Feature file: 'Include/features/IST_Real/RTD/Check_MPF_Failed_Due_to_System_Error.feature' was passed]]></system-out>
         <system-err><![CDATA[]]></system-err>
      </testcase>
      <testcase name="Test Cases/RTD/TC_Check_MPF_Success_to_Disburse" time="0.357" classname="Test Cases/RTD/TC_Check_MPF_Success_to_Disburse" status="PASSED">
         <system-out><![CDATA[2021-01-22 10:51:32 - [TEST_CASE][PASSED] - Test Cases/RTD/TC_Check_MPF_Success_to_Disburse: Test Cases/RTD/TC_Check_MPF_Success_to_Disburse

2021-01-22 10:51:32 - [TEST_STEP][PASSED] - runFeatureFile("Include/features/IST_Real/RTD/Check_MPF_Success_to_Disburse.feature"): Feature file: 'Include/features/IST_Real/RTD/Check_MPF_Success_to_Disburse.feature' was passed

2021-01-22 10:51:32 - [MESSAGE][INFO] - Starting run keyword runFeatureFile: 'Include/features/IST_Real/RTD/Check_MPF_Success_to_Disburse.feature' and extract report to folder: '/Users/chaidir.pratama01/Katalon Studio/IST_Automation_Git/Reports/20210122_104222/RTD/TS_RTD/20210122_104224/cucumber_report/1611287492654'...

2021-01-22 10:51:32 - [TEST_CASE][PASSED] - Start Test Case : SCENARIO Check Contract RTD_CONTRACT where STATUS is Success to Disburse: SCENARIO Check Contract RTD_CONTRACT where STATUS is Success to Disburse

2021-01-22 10:51:32 - [TEST_STEP][PASSED] - Connect to Database RTD: Connect to Database RTD

2021-01-22 10:51:32 - [MESSAGE][PASSED] - Connect to Database RTD

2021-01-22 10:51:32 - [TEST_STEP][PASSED] - Select Contract from Table in DB with Query "SELECT * FROM RTD_CONTRACT WHERE STATUS=13": Select Contract from Table in DB with Query "SELECT * FROM RTD_CONTRACT WHERE STATUS=13"

2021-01-22 10:51:32 - [MESSAGE][PASSED] - Select Contract from Table in DB with Query "SELECT * FROM RTD_CONTRACT WHERE STATUS=13"

2021-01-22 10:51:32 - [MESSAGE][PASSED] - Feature file: 'Include/features/IST_Real/RTD/Check_MPF_Success_to_Disburse.feature' was passed]]></system-out>
         <system-err><![CDATA[]]></system-err>
      </testcase>
      <testcase name="Test Cases/RTD/TC_Check_MPF_Failed_Due_to_Invalid_Bank_Account" time="0.351" classname="Test Cases/RTD/TC_Check_MPF_Failed_Due_to_Invalid_Bank_Account" status="PASSED">
         <system-out><![CDATA[2021-01-22 10:51:32 - [TEST_CASE][PASSED] - Test Cases/RTD/TC_Check_MPF_Failed_Due_to_Invalid_Bank_Account: Test Cases/RTD/TC_Check_MPF_Failed_Due_to_Invalid_Bank_Account

2021-01-22 10:51:33 - [TEST_STEP][PASSED] - runFeatureFile("Include/features/IST_Real/RTD/Check_MPF_Failed_Due_to_Invalid_Bank_Account.feature"): Feature file: 'Include/features/IST_Real/RTD/Check_MPF_Failed_Due_to_Invalid_Bank_Account.feature' was passed

2021-01-22 10:51:33 - [MESSAGE][INFO] - Starting run keyword runFeatureFile: 'Include/features/IST_Real/RTD/Check_MPF_Failed_Due_to_Invalid_Bank_Account.feature' and extract report to folder: '/Users/chaidir.pratama01/Katalon Studio/IST_Automation_Git/Reports/20210122_104222/RTD/TS_RTD/20210122_104224/cucumber_report/1611287493003'...

2021-01-22 10:51:33 - [TEST_CASE][PASSED] - Start Test Case : SCENARIO Check Contract from RTD_CONTRACT where STATUS is Failed Due to Invalid Bank Account: SCENARIO Check Contract from RTD_CONTRACT where STATUS is Failed Due to Invalid Bank Account

2021-01-22 10:51:33 - [TEST_STEP][PASSED] - Connect to Database RTD: Connect to Database RTD

2021-01-22 10:51:33 - [MESSAGE][PASSED] - Connect to Database RTD

2021-01-22 10:51:33 - [TEST_STEP][PASSED] - Select Contract from Table in DB with Query "SELECT * FROM RTD_CONTRACT WHERE STATUS=6": Select Contract from Table in DB with Query "SELECT * FROM RTD_CONTRACT WHERE STATUS=6"

2021-01-22 10:51:33 - [MESSAGE][PASSED] - Select Contract from Table in DB with Query "SELECT * FROM RTD_CONTRACT WHERE STATUS=6"

2021-01-22 10:51:33 - [MESSAGE][PASSED] - Feature file: 'Include/features/IST_Real/RTD/Check_MPF_Failed_Due_to_Invalid_Bank_Account.feature' was passed]]></system-out>
         <system-err><![CDATA[]]></system-err>
      </testcase>
      <testcase name="Test Cases/RTD/TC_Check_MPF_Waiting_Partner_Confirmation" time="0.377" classname="Test Cases/RTD/TC_Check_MPF_Waiting_Partner_Confirmation" status="PASSED">
         <system-out><![CDATA[2021-01-22 10:51:33 - [TEST_CASE][PASSED] - Test Cases/RTD/TC_Check_MPF_Waiting_Partner_Confirmation: Test Cases/RTD/TC_Check_MPF_Waiting_Partner_Confirmation

2021-01-22 10:51:33 - [TEST_STEP][PASSED] - runFeatureFile("Include/features/IST_Real/RTD/Check_MPF_Waiting_Partner_Confirmation.feature"): Feature file: 'Include/features/IST_Real/RTD/Check_MPF_Waiting_Partner_Confirmation.feature' was passed

2021-01-22 10:51:33 - [MESSAGE][INFO] - Starting run keyword runFeatureFile: 'Include/features/IST_Real/RTD/Check_MPF_Waiting_Partner_Confirmation.feature' and extract report to folder: '/Users/chaidir.pratama01/Katalon Studio/IST_Automation_Git/Reports/20210122_104222/RTD/TS_RTD/20210122_104224/cucumber_report/1611287493358'...

2021-01-22 10:51:33 - [TEST_CASE][PASSED] - Start Test Case : SCENARIO Check Contract from RTD_CONTRACT where STATUS is Waiting Partner Confirmation: SCENARIO Check Contract from RTD_CONTRACT where STATUS is Waiting Partner Confirmation

2021-01-22 10:51:33 - [TEST_STEP][PASSED] - Connect to Database RTD: Connect to Database RTD

2021-01-22 10:51:33 - [MESSAGE][PASSED] - Connect to Database RTD

2021-01-22 10:51:33 - [TEST_STEP][PASSED] - Select Contract from Table in DB with Query "SELECT * FROM RTD_CONTRACT WHERE STATUS=12": Select Contract from Table in DB with Query "SELECT * FROM RTD_CONTRACT WHERE STATUS=12"

2021-01-22 10:51:33 - [MESSAGE][PASSED] - Select Contract from Table in DB with Query "SELECT * FROM RTD_CONTRACT WHERE STATUS=12"

2021-01-22 10:51:33 - [MESSAGE][PASSED] - Feature file: 'Include/features/IST_Real/RTD/Check_MPF_Waiting_Partner_Confirmation.feature' was passed]]></system-out>
         <system-err><![CDATA[]]></system-err>
      </testcase>
      <system-out><![CDATA[2021-01-22 10:51:23 - [TEST_SUITE][PASSED] - TS_RTD: Test Cases/RTD/TC_Check_MPF_Waiting_Partner_Confirmation]]></system-out>
      <system-err><![CDATA[]]></system-err>
   </testsuite>
   <testsuite name="TS_Dashboard_for_CCC_OCS" tests="4" failures="0" errors="0" time="241.902" timestamp="2021-01-22 10:52:08" hostname="chaidir.pratama01 - localhost" id="Test Suites/RTD/TS_Dashboard_for_CCC_OCS">
      <properties>
         <property name="deviceName" value=""/>
         <property name="devicePlatform" value=""/>
         <property name="logFolder" value="/Users/chaidir.pratama01/Katalon Studio/IST_Automation_Git/Reports/20210122_104222/RTD/TS_Dashboard_for_CCC_OCS/20210122_104225"/>
         <property name="logFiles" value="/Users/chaidir.pratama01/Katalon Studio/IST_Automation_Git/Reports/20210122_104222/RTD/TS_Dashboard_for_CCC_OCS/20210122_104225/execution0.log"/>
         <property name="attachments" value="/Users/chaidir.pratama01/Documents/Docs/Katalon Studio/Screenshot/test-Dashboard for CCC/OCS.png, /Users/chaidir.pratama01/Documents/Docs/Katalon Studio/Screenshot/test-Dashboard for CCC/OCS.png, /Users/chaidir.pratama01/Documents/Docs/Katalon Studio/Screenshot/test-Dashboard for CCC/OCS.png, /Users/chaidir.pratama01/Documents/Docs/Katalon Studio/Screenshot/test-Dashboard for CCC/OCS.png, /Users/chaidir.pratama01/Documents/Docs/Katalon Studio/Screenshot/test-Dashboard for CCC/OCS.png, /Users/chaidir.pratama01/Documents/Docs/Katalon Studio/Screenshot/test-Dashboard for CCC/OCS.png, /Users/chaidir.pratama01/Documents/Docs/Katalon Studio/Screenshot/test-Dashboard for CCC/OCS.png, /Users/chaidir.pratama01/Documents/Docs/Katalon Studio/Screenshot/test-Dashboard for CCC/OCS.png, /Users/chaidir.pratama01/Katalon Studio/IST_Automation_Git/Reports/20210122_104222/RTD/TS_Dashboard_for_CCC_OCS/20210122_104225/1611287633440.png, /Users/chaidir.pratama01/Documents/Docs/Katalon Studio/Screenshot/test-Dashboard for CCC/OCS.png, /Users/chaidir.pratama01/Katalon Studio/IST_Automation_Git/Reports/20210122_104222/RTD/TS_Dashboard_for_CCC_OCS/20210122_104225/1611287647586.png, /Users/chaidir.pratama01/Documents/Docs/Katalon Studio/Screenshot/test-Dashboard for CCC/OCS.png, /Users/chaidir.pratama01/Documents/Docs/Katalon Studio/Screenshot/test-Dashboard for CCC/OCS.png, /Users/chaidir.pratama01/Documents/Docs/Katalon Studio/Screenshot/test-Dashboard for CCC/OCS.png, /Users/chaidir.pratama01/Documents/Docs/Katalon Studio/Screenshot/test-Dashboard for CCC/OCS.png, /Users/chaidir.pratama01/Documents/Docs/Katalon Studio/Screenshot/test-Dashboard for CCC/OCS.png, /Users/chaidir.pratama01/Documents/Docs/Katalon Studio/Screenshot/test-Dashboard for CCC/OCS.png, /Users/chaidir.pratama01/Documents/Docs/Katalon Studio/Screenshot/test-Dashboard for CCC/OCS.png, /Users/chaidir.pratama01/Documents/Docs/Katalon Studio/Screenshot/Download_data.png"/>
         <property name="hostName" value="chaidir.pratama01 - localhost"/>
         <property name="os" value="Mac OS X 64bit"/>
         <property name="katalonVersion" value="7.6.0.${buildNumber}"/>
         <property name="browser" value="Chrome 87.0.4280.141"/>
         <property name="hostAddress" value="127.0.0.1"/>
         <property name="sessionId" value="295acebac01ecdfe9cc15aecade98ade"/>
         <property name="seleniumVersion" value="3.141.59"/>
         <property name="proxyInformation" value="ProxyInformation { proxyOption=NO_PROXY, proxyServerType=HTTP, username=, password=********, proxyServerAddress=, proxyServerPort=0, executionList=\&quot;\&quot;, isApplyToDesiredCapabilities=true }"/>
         <property name="platform" value="Mac OS X"/>
      </properties>
      <testcase name="Test Cases/RTD/Dashboard for CCC OCS/TC_Search_by_Status" time="179.564" classname="Test Cases/RTD/Dashboard for CCC OCS/TC_Search_by_Status" status="PASSED">
         <system-out><![CDATA[2021-01-22 10:52:08 - [TEST_CASE][PASSED] - Test Cases/RTD/Dashboard for CCC OCS/TC_Search_by_Status: Test Cases/RTD/Dashboard for CCC OCS/TC_Search_by_Status

2021-01-22 10:52:08 - [TEST_STEP][PASSED] - runFeatureFile("Include/features/IST_Real/RTD/Dashboard_for_CCC_OCS/Search_by_STATUS_CCC_OCS.feature"): Feature file: 'Include/features/IST_Real/RTD/Dashboard_for_CCC_OCS/Search_by_STATUS_CCC_OCS.feature' was passed

2021-01-22 10:52:08 - [MESSAGE][INFO] - Starting run keyword runFeatureFile: 'Include/features/IST_Real/RTD/Dashboard_for_CCC_OCS/Search_by_STATUS_CCC_OCS.feature' and extract report to folder: '/Users/chaidir.pratama01/Katalon Studio/IST_Automation_Git/Reports/20210122_104222/RTD/TS_Dashboard_for_CCC_OCS/20210122_104225/cucumber_report/1611287528679'...

2021-01-22 10:52:09 - [TEST_CASE][PASSED] - Start Test Case : SCENARIO Search by STATUS Eligible to Disburse: SCENARIO Search by STATUS Eligible to Disburse

2021-01-22 10:52:09 - [TEST_STEP][PASSED] - Go to ISTools: Go to ISTools

2021-01-22 10:52:09 - [MESSAGE][INFO] - Starting 'Chrome (headless)' driver

2021-01-22 10:52:09 - [MESSAGE][INFO] - User set preference: ['args', '[--start-maximized, --disable-gpu, --no-proxy-server, â€“-no-sandbox, --allow-running-insecure-content, --ignore-certificate-errors, window-size=1680,814, force-device-scale-factor=2, --lang=en-GB]']

2021-01-22 10:52:09 - [MESSAGE][INFO] - User set preference: ['prefs', '{download.default_directory=/Users/chaidir.pratama01/Katalon Studio/IST_Automation_Git/Download}']

2021-01-22 10:52:09 - [MESSAGE][INFO] - Action delay is set to 0 milliseconds

2021-01-22 10:52:10 - [MESSAGE][PASSED] - Browser is opened with url: ''

2021-01-22 10:52:12 - [MESSAGE][PASSED] - Navigate to 'https://dev-istools.homecredit.id/foundation/' successfully

2021-01-22 10:52:12 - [MESSAGE][PASSED] - Go to ISTools

2021-01-22 10:52:12 - [TEST_STEP][PASSED] - Login IST with valid credentials: Login IST with valid credentials

2021-01-22 10:52:12 - [MESSAGE][PASSED] - Text 'mobile.test' is set on object 'Object Repository/Page_/input_Username_j_username'

2021-01-22 10:52:12 - [MESSAGE][PASSED] - Text ****** has been set on object 'Object Repository/Page_/input_Password_j_password'

2021-01-22 10:52:13 - [MESSAGE][PASSED] - Object: 'Object Repository/Page_/button_Login' is clicked on

2021-01-22 10:52:13 - [MESSAGE][PASSED] - Login IST with valid credentials

2021-01-22 10:52:13 - [TEST_STEP][PASSED] - Login Success: Login Success

2021-01-22 10:52:13 - [MESSAGE][INFO] - Login Success

2021-01-22 10:52:13 - [MESSAGE][PASSED] - Current window maximized

2021-01-22 10:52:13 - [MESSAGE][PASSED] - Object 'Object Repository/Page_/h1_Welcome to IT Supporting Tools' is present

2021-01-22 10:52:13 - [MESSAGE][PASSED] - Login Success

2021-01-22 10:52:13 - [TEST_STEP][PASSED] - Select Arrow Menu "Real Time Disbursement": Select Arrow Menu "Real Time Disbursement"

2021-01-22 10:52:13 - [MESSAGE][PASSED] - Object: '' is clicked on

2021-01-22 10:52:13 - [MESSAGE][PASSED] - Select Arrow Menu "Real Time Disbursement"

2021-01-22 10:52:13 - [TEST_STEP][PASSED] - Select Menu "Dashboard for CCC/OCS": Select Menu "Dashboard for CCC/OCS"

2021-01-22 10:52:14 - [MESSAGE][PASSED] - Taking screenshot successfully
[[ATTACHMENT|/Users/chaidir.pratama01/Documents/Docs/Katalon Studio/Screenshot/test-Dashboard for CCC/OCS.png]]

2021-01-22 10:52:14 - [MESSAGE][PASSED] - Object '' is present

2021-01-22 10:52:14 - [MESSAGE][PASSED] - Object: '' is clicked on

2021-01-22 10:52:14 - [MESSAGE][PASSED] - Wait for page load successfully

2021-01-22 10:52:14 - [MESSAGE][PASSED] - Select Menu "Dashboard for CCC/OCS"

2021-01-22 10:52:14 - [TEST_STEP][PASSED] - Select STATUS "Eligible to disburse": Select STATUS "Eligible to disburse"

2021-01-22 10:52:14 - [MESSAGE][PASSED] - All options with value 'Eligible to disburse' are selected in object ''  using regular expression

2021-01-22 10:52:14 - [MESSAGE][PASSED] - Select STATUS "Eligible to disburse"

2021-01-22 10:52:14 - [TEST_STEP][PASSED] - Click button "Search": Click button "Search"

2021-01-22 10:52:14 - [MESSAGE][INFO] - >>>>>//Button[contains(text(),'Search')]

2021-01-22 10:52:17 - [MESSAGE][PASSED] - Object '' is present

2021-01-22 10:52:17 - [MESSAGE][PASSED] - Object: '' is clicked on

2021-01-22 10:52:17 - [MESSAGE][PASSED] - Switched to window with index: '0'

2021-01-22 10:52:17 - [MESSAGE][PASSED] - Click button "Search"

2021-01-22 10:52:17 - [TEST_STEP][PASSED] - Verify Search Result Presents: Verify Search Result Presents

2021-01-22 10:52:18 - [MESSAGE][PASSED] - Object '' is present

2021-01-22 10:52:25 - [MESSAGE][PASSED] - Verify Search Result Presents

2021-01-22 10:52:25 - [TEST_STEP][PASSED] - Click button "Logout": Click button "Logout"

2021-01-22 10:52:25 - [MESSAGE][INFO] - >>>>>//Button[contains(text(),'Logout')]

2021-01-22 10:52:28 - [MESSAGE][PASSED] - Object '' is present

2021-01-22 10:52:28 - [MESSAGE][PASSED] - Object: '' is clicked on

2021-01-22 10:52:28 - [MESSAGE][PASSED] - Switched to window with index: '0'

2021-01-22 10:52:28 - [MESSAGE][PASSED] - Click button "Logout"

2021-01-22 10:52:28 - [TEST_STEP][PASSED] - Close browser: Close browser

2021-01-22 10:52:28 - [MESSAGE][PASSED] - Browser is closed

2021-01-22 10:52:28 - [MESSAGE][PASSED] - Close browser

2021-01-22 10:52:28 - [TEST_CASE][PASSED] - Start Test Case : SCENARIO Search by STATUS Waiting approval from Risk: SCENARIO Search by STATUS Waiting approval from Risk

2021-01-22 10:52:28 - [TEST_STEP][PASSED] - Go to ISTools: Go to ISTools

2021-01-22 10:52:28 - [MESSAGE][INFO] - Starting 'Chrome (headless)' driver

2021-01-22 10:52:28 - [MESSAGE][INFO] - User set preference: ['args', '[--start-maximized, --disable-gpu, --no-proxy-server, â€“-no-sandbox, --allow-running-insecure-content, --ignore-certificate-errors, window-size=1680,814, force-device-scale-factor=2, --lang=en-GB]']

2021-01-22 10:52:28 - [MESSAGE][INFO] - User set preference: ['prefs', '{download.default_directory=/Users/chaidir.pratama01/Katalon Studio/IST_Automation_Git/Download}']

2021-01-22 10:52:28 - [MESSAGE][INFO] - Action delay is set to 0 milliseconds

2021-01-22 10:52:28 - [MESSAGE][PASSED] - Browser is opened with url: ''

2021-01-22 10:52:29 - [MESSAGE][PASSED] - Navigate to 'https://dev-istools.homecredit.id/foundation/' successfully

2021-01-22 10:52:29 - [MESSAGE][PASSED] - Go to ISTools

2021-01-22 10:52:29 - [TEST_STEP][PASSED] - Login IST with valid credentials: Login IST with valid credentials

2021-01-22 10:52:29 - [MESSAGE][PASSED] - Text 'mobile.test' is set on object 'Object Repository/Page_/input_Username_j_username'

2021-01-22 10:52:29 - [MESSAGE][PASSED] - Text ****** has been set on object 'Object Repository/Page_/input_Password_j_password'

2021-01-22 10:52:30 - [MESSAGE][PASSED] - Object: 'Object Repository/Page_/button_Login' is clicked on

2021-01-22 10:52:30 - [MESSAGE][PASSED] - Login IST with valid credentials

2021-01-22 10:52:30 - [TEST_STEP][PASSED] - Login Success: Login Success

2021-01-22 10:52:30 - [MESSAGE][INFO] - Login Success

2021-01-22 10:52:30 - [MESSAGE][PASSED] - Current window maximized

2021-01-22 10:52:30 - [MESSAGE][PASSED] - Object 'Object Repository/Page_/h1_Welcome to IT Supporting Tools' is present

2021-01-22 10:52:30 - [MESSAGE][PASSED] - Login Success

2021-01-22 10:52:30 - [TEST_STEP][PASSED] - Select Arrow Menu "Real Time Disbursement": Select Arrow Menu "Real Time Disbursement"

2021-01-22 10:52:30 - [MESSAGE][PASSED] - Object: '' is clicked on

2021-01-22 10:52:30 - [MESSAGE][PASSED] - Select Arrow Menu "Real Time Disbursement"

2021-01-22 10:52:30 - [TEST_STEP][PASSED] - Select Menu "Dashboard for CCC/OCS": Select Menu "Dashboard for CCC/OCS"

2021-01-22 10:52:30 - [MESSAGE][PASSED] - Taking screenshot successfully
[[ATTACHMENT|/Users/chaidir.pratama01/Documents/Docs/Katalon Studio/Screenshot/test-Dashboard for CCC/OCS.png]]

2021-01-22 10:52:31 - [MESSAGE][PASSED] - Object '' is present

2021-01-22 10:52:31 - [MESSAGE][PASSED] - Object: '' is clicked on

2021-01-22 10:52:31 - [MESSAGE][PASSED] - Wait for page load successfully

2021-01-22 10:52:31 - [MESSAGE][PASSED] - Select Menu "Dashboard for CCC/OCS"

2021-01-22 10:52:31 - [TEST_STEP][PASSED] - Select STATUS "Waiting approval from Risk": Select STATUS "Waiting approval from Risk"

2021-01-22 10:52:31 - [MESSAGE][PASSED] - All options with value 'Waiting approval from Risk' are selected in object ''  using regular expression

2021-01-22 10:52:31 - [MESSAGE][PASSED] - Select STATUS "Waiting approval from Risk"

2021-01-22 10:52:31 - [TEST_STEP][PASSED] - Click button "Search": Click button "Search"

2021-01-22 10:52:31 - [MESSAGE][INFO] - >>>>>//Button[contains(text(),'Search')]

2021-01-22 10:52:34 - [MESSAGE][PASSED] - Object '' is present

2021-01-22 10:52:34 - [MESSAGE][PASSED] - Object: '' is clicked on

2021-01-22 10:52:34 - [MESSAGE][PASSED] - Switched to window with index: '0'

2021-01-22 10:52:34 - [MESSAGE][PASSED] - Click button "Search"

2021-01-22 10:52:34 - [TEST_STEP][PASSED] - Verify Search Result Presents: Verify Search Result Presents

2021-01-22 10:52:34 - [MESSAGE][PASSED] - Object '' is present

2021-01-22 10:52:37 - [MESSAGE][PASSED] - Verify Search Result Presents

2021-01-22 10:52:37 - [TEST_STEP][PASSED] - Click button "Logout": Click button "Logout"

2021-01-22 10:52:37 - [MESSAGE][INFO] - >>>>>//Button[contains(text(),'Logout')]

2021-01-22 10:52:40 - [MESSAGE][PASSED] - Object '' is present

2021-01-22 10:52:40 - [MESSAGE][PASSED] - Object: '' is clicked on

2021-01-22 10:52:40 - [MESSAGE][PASSED] - Switched to window with index: '0'

2021-01-22 10:52:40 - [MESSAGE][PASSED] - Click button "Logout"

2021-01-22 10:52:40 - [TEST_STEP][PASSED] - Close browser: Close browser

2021-01-22 10:52:40 - [MESSAGE][PASSED] - Browser is closed

2021-01-22 10:52:40 - [MESSAGE][PASSED] - Close browser

2021-01-22 10:52:40 - [TEST_CASE][PASSED] - Start Test Case : SCENARIO Search by STATUS Waiting for approval from In Payment: SCENARIO Search by STATUS Waiting for approval from In Payment

2021-01-22 10:52:40 - [TEST_STEP][PASSED] - Go to ISTools: Go to ISTools

2021-01-22 10:52:40 - [MESSAGE][INFO] - Starting 'Chrome (headless)' driver

2021-01-22 10:52:40 - [MESSAGE][INFO] - User set preference: ['args', '[--start-maximized, --disable-gpu, --no-proxy-server, â€“-no-sandbox, --allow-running-insecure-content, --ignore-certificate-errors, window-size=1680,814, force-device-scale-factor=2, --lang=en-GB]']

2021-01-22 10:52:40 - [MESSAGE][INFO] - User set preference: ['prefs', '{download.default_directory=/Users/chaidir.pratama01/Katalon Studio/IST_Automation_Git/Download}']

2021-01-22 10:52:40 - [MESSAGE][INFO] - Action delay is set to 0 milliseconds

2021-01-22 10:52:40 - [MESSAGE][PASSED] - Browser is opened with url: ''

2021-01-22 10:52:41 - [MESSAGE][PASSED] - Navigate to 'https://dev-istools.homecredit.id/foundation/' successfully

2021-01-22 10:52:41 - [MESSAGE][PASSED] - Go to ISTools

2021-01-22 10:52:41 - [TEST_STEP][PASSED] - Login IST with valid credentials: Login IST with valid credentials

2021-01-22 10:52:41 - [MESSAGE][PASSED] - Text 'mobile.test' is set on object 'Object Repository/Page_/input_Username_j_username'

2021-01-22 10:52:41 - [MESSAGE][PASSED] - Text ****** has been set on object 'Object Repository/Page_/input_Password_j_password'

2021-01-22 10:52:42 - [MESSAGE][PASSED] - Object: 'Object Repository/Page_/button_Login' is clicked on

2021-01-22 10:52:42 - [MESSAGE][PASSED] - Login IST with valid credentials

2021-01-22 10:52:42 - [TEST_STEP][PASSED] - Login Success: Login Success

2021-01-22 10:52:42 - [MESSAGE][INFO] - Login Success

2021-01-22 10:52:42 - [MESSAGE][PASSED] - Current window maximized

2021-01-22 10:52:42 - [MESSAGE][PASSED] - Object 'Object Repository/Page_/h1_Welcome to IT Supporting Tools' is present

2021-01-22 10:52:42 - [MESSAGE][PASSED] - Login Success

2021-01-22 10:52:42 - [TEST_STEP][PASSED] - Select Arrow Menu "Real Time Disbursement": Select Arrow Menu "Real Time Disbursement"

2021-01-22 10:52:42 - [MESSAGE][PASSED] - Object: '' is clicked on

2021-01-22 10:52:42 - [MESSAGE][PASSED] - Select Arrow Menu "Real Time Disbursement"

2021-01-22 10:52:42 - [TEST_STEP][PASSED] - Select Menu "Dashboard for CCC/OCS": Select Menu "Dashboard for CCC/OCS"

2021-01-22 10:52:42 - [MESSAGE][PASSED] - Taking screenshot successfully
[[ATTACHMENT|/Users/chaidir.pratama01/Documents/Docs/Katalon Studio/Screenshot/test-Dashboard for CCC/OCS.png]]

2021-01-22 10:52:42 - [MESSAGE][PASSED] - Object '' is present

2021-01-22 10:52:43 - [MESSAGE][PASSED] - Object: '' is clicked on

2021-01-22 10:52:43 - [MESSAGE][PASSED] - Wait for page load successfully

2021-01-22 10:52:43 - [MESSAGE][PASSED] - Select Menu "Dashboard for CCC/OCS"

2021-01-22 10:52:43 - [TEST_STEP][PASSED] - Select STATUS "Waiting for approval from In Payment": Select STATUS "Waiting for approval from In Payment"

2021-01-22 10:52:43 - [MESSAGE][PASSED] - All options with value 'Waiting for approval from In Payment' are selected in object ''  using regular expression

2021-01-22 10:52:43 - [MESSAGE][PASSED] - Select STATUS "Waiting for approval from In Payment"

2021-01-22 10:52:43 - [TEST_STEP][PASSED] - Click button "Search": Click button "Search"

2021-01-22 10:52:43 - [MESSAGE][INFO] - >>>>>//Button[contains(text(),'Search')]

2021-01-22 10:52:46 - [MESSAGE][PASSED] - Object '' is present

2021-01-22 10:52:46 - [MESSAGE][PASSED] - Object: '' is clicked on

2021-01-22 10:52:46 - [MESSAGE][PASSED] - Switched to window with index: '0'

2021-01-22 10:52:46 - [MESSAGE][PASSED] - Click button "Search"

2021-01-22 10:52:46 - [TEST_STEP][PASSED] - Verify Search Result Presents: Verify Search Result Presents

2021-01-22 10:52:46 - [MESSAGE][PASSED] - Object '' is present

2021-01-22 10:52:47 - [MESSAGE][PASSED] - Verify Search Result Presents

2021-01-22 10:52:47 - [TEST_STEP][PASSED] - Click button "Logout": Click button "Logout"

2021-01-22 10:52:47 - [MESSAGE][INFO] - >>>>>//Button[contains(text(),'Logout')]

2021-01-22 10:52:50 - [MESSAGE][PASSED] - Object '' is present

2021-01-22 10:52:50 - [MESSAGE][PASSED] - Object: '' is clicked on

2021-01-22 10:52:50 - [MESSAGE][PASSED] - Switched to window with index: '0'

2021-01-22 10:52:50 - [MESSAGE][PASSED] - Click button "Logout"

2021-01-22 10:52:50 - [TEST_STEP][PASSED] - Close browser: Close browser

2021-01-22 10:52:50 - [MESSAGE][PASSED] - Browser is closed

2021-01-22 10:52:50 - [MESSAGE][PASSED] - Close browser

2021-01-22 10:52:50 - [TEST_CASE][PASSED] - Start Test Case : SCENARIO Search by STATUS Not eligible to disburse: SCENARIO Search by STATUS Not eligible to disburse

2021-01-22 10:52:50 - [TEST_STEP][PASSED] - Go to ISTools: Go to ISTools

2021-01-22 10:52:50 - [MESSAGE][INFO] - Starting 'Chrome (headless)' driver

2021-01-22 10:52:50 - [MESSAGE][INFO] - User set preference: ['args', '[--start-maximized, --disable-gpu, --no-proxy-server, â€“-no-sandbox, --allow-running-insecure-content, --ignore-certificate-errors, window-size=1680,814, force-device-scale-factor=2, --lang=en-GB]']

2021-01-22 10:52:50 - [MESSAGE][INFO] - User set preference: ['prefs', '{download.default_directory=/Users/chaidir.pratama01/Katalon Studio/IST_Automation_Git/Download}']

2021-01-22 10:52:50 - [MESSAGE][INFO] - Action delay is set to 0 milliseconds

2021-01-22 10:52:50 - [MESSAGE][PASSED] - Browser is opened with url: ''

2021-01-22 10:52:52 - [MESSAGE][PASSED] - Navigate to 'https://dev-istools.homecredit.id/foundation/' successfully

2021-01-22 10:52:52 - [MESSAGE][PASSED] - Go to ISTools

2021-01-22 10:52:52 - [TEST_STEP][PASSED] - Login IST with valid credentials: Login IST with valid credentials

2021-01-22 10:52:52 - [MESSAGE][PASSED] - Text 'mobile.test' is set on object 'Object Repository/Page_/input_Username_j_username'

2021-01-22 10:52:52 - [MESSAGE][PASSED] - Text ****** has been set on object 'Object Repository/Page_/input_Password_j_password'

2021-01-22 10:52:52 - [MESSAGE][PASSED] - Object: 'Object Repository/Page_/button_Login' is clicked on

2021-01-22 10:52:52 - [MESSAGE][PASSED] - Login IST with valid credentials

2021-01-22 10:52:52 - [TEST_STEP][PASSED] - Login Success: Login Success

2021-01-22 10:52:52 - [MESSAGE][INFO] - Login Success

2021-01-22 10:52:52 - [MESSAGE][PASSED] - Current window maximized

2021-01-22 10:52:52 - [MESSAGE][PASSED] - Object 'Object Repository/Page_/h1_Welcome to IT Supporting Tools' is present

2021-01-22 10:52:52 - [MESSAGE][PASSED] - Login Success

2021-01-22 10:52:52 - [TEST_STEP][PASSED] - Select Arrow Menu "Real Time Disbursement": Select Arrow Menu "Real Time Disbursement"

2021-01-22 10:52:52 - [MESSAGE][PASSED] - Object: '' is clicked on

2021-01-22 10:52:52 - [MESSAGE][PASSED] - Select Arrow Menu "Real Time Disbursement"

2021-01-22 10:52:52 - [TEST_STEP][PASSED] - Select Menu "Dashboard for CCC/OCS": Select Menu "Dashboard for CCC/OCS"

2021-01-22 10:52:53 - [MESSAGE][PASSED] - Taking screenshot successfully
[[ATTACHMENT|/Users/chaidir.pratama01/Documents/Docs/Katalon Studio/Screenshot/test-Dashboard for CCC/OCS.png]]

2021-01-22 10:52:53 - [MESSAGE][PASSED] - Object '' is present

2021-01-22 10:52:53 - [MESSAGE][PASSED] - Object: '' is clicked on

2021-01-22 10:52:53 - [MESSAGE][PASSED] - Wait for page load successfully

2021-01-22 10:52:53 - [MESSAGE][PASSED] - Select Menu "Dashboard for CCC/OCS"

2021-01-22 10:52:53 - [TEST_STEP][PASSED] - Select STATUS "Not eligible to disburse": Select STATUS "Not eligible to disburse"

2021-01-22 10:52:53 - [MESSAGE][PASSED] - All options with value 'Not eligible to disburse' are selected in object ''  using regular expression

2021-01-22 10:52:53 - [MESSAGE][PASSED] - Select STATUS "Not eligible to disburse"

2021-01-22 10:52:53 - [TEST_STEP][PASSED] - Click button "Search": Click button "Search"

2021-01-22 10:52:53 - [MESSAGE][INFO] - >>>>>//Button[contains(text(),'Search')]

2021-01-22 10:52:56 - [MESSAGE][PASSED] - Object '' is present

2021-01-22 10:52:56 - [MESSAGE][PASSED] - Object: '' is clicked on

2021-01-22 10:52:56 - [MESSAGE][PASSED] - Switched to window with index: '0'

2021-01-22 10:52:56 - [MESSAGE][PASSED] - Click button "Search"

2021-01-22 10:52:56 - [TEST_STEP][PASSED] - Verify Search Result Presents: Verify Search Result Presents

2021-01-22 10:52:57 - [MESSAGE][PASSED] - Object '' is present

2021-01-22 10:53:03 - [MESSAGE][PASSED] - Verify Search Result Presents

2021-01-22 10:53:03 - [TEST_STEP][PASSED] - Click button "Logout": Click button "Logout"

2021-01-22 10:53:03 - [MESSAGE][INFO] - >>>>>//Button[contains(text(),'Logout')]

2021-01-22 10:53:06 - [MESSAGE][PASSED] - Object '' is present

2021-01-22 10:53:07 - [MESSAGE][PASSED] - Object: '' is clicked on

2021-01-22 10:53:07 - [MESSAGE][PASSED] - Switched to window with index: '0'

2021-01-22 10:53:07 - [MESSAGE][PASSED] - Click button "Logout"

2021-01-22 10:53:07 - [TEST_STEP][PASSED] - Close browser: Close browser

2021-01-22 10:53:07 - [MESSAGE][PASSED] - Browser is closed

2021-01-22 10:53:07 - [MESSAGE][PASSED] - Close browser

2021-01-22 10:53:07 - [TEST_CASE][PASSED] - Start Test Case : SCENARIO Search by STATUS Ready to disburse: SCENARIO Search by STATUS Ready to disburse

2021-01-22 10:53:07 - [TEST_STEP][PASSED] - Go to ISTools: Go to ISTools

2021-01-22 10:53:07 - [MESSAGE][INFO] - Starting 'Chrome (headless)' driver

2021-01-22 10:53:07 - [MESSAGE][INFO] - User set preference: ['args', '[--start-maximized, --disable-gpu, --no-proxy-server, â€“-no-sandbox, --allow-running-insecure-content, --ignore-certificate-errors, window-size=1680,814, force-device-scale-factor=2, --lang=en-GB]']

2021-01-22 10:53:07 - [MESSAGE][INFO] - User set preference: ['prefs', '{download.default_directory=/Users/chaidir.pratama01/Katalon Studio/IST_Automation_Git/Download}']

2021-01-22 10:53:07 - [MESSAGE][INFO] - Action delay is set to 0 milliseconds

2021-01-22 10:53:07 - [MESSAGE][PASSED] - Browser is opened with url: ''

2021-01-22 10:53:08 - [MESSAGE][PASSED] - Navigate to 'https://dev-istools.homecredit.id/foundation/' successfully

2021-01-22 10:53:08 - [MESSAGE][PASSED] - Go to ISTools

2021-01-22 10:53:08 - [TEST_STEP][PASSED] - Login IST with valid credentials: Login IST with valid credentials

2021-01-22 10:53:08 - [MESSAGE][PASSED] - Text 'mobile.test' is set on object 'Object Repository/Page_/input_Username_j_username'

2021-01-22 10:53:09 - [MESSAGE][PASSED] - Text ****** has been set on object 'Object Repository/Page_/input_Password_j_password'

2021-01-22 10:53:09 - [MESSAGE][PASSED] - Object: 'Object Repository/Page_/button_Login' is clicked on

2021-01-22 10:53:09 - [MESSAGE][PASSED] - Login IST with valid credentials

2021-01-22 10:53:09 - [TEST_STEP][PASSED] - Login Success: Login Success

2021-01-22 10:53:09 - [MESSAGE][INFO] - Login Success

2021-01-22 10:53:09 - [MESSAGE][PASSED] - Current window maximized

2021-01-22 10:53:09 - [MESSAGE][PASSED] - Object 'Object Repository/Page_/h1_Welcome to IT Supporting Tools' is present

2021-01-22 10:53:09 - [MESSAGE][PASSED] - Login Success

2021-01-22 10:53:09 - [TEST_STEP][PASSED] - Select Arrow Menu "Real Time Disbursement": Select Arrow Menu "Real Time Disbursement"

2021-01-22 10:53:09 - [MESSAGE][PASSED] - Object: '' is clicked on

2021-01-22 10:53:09 - [MESSAGE][PASSED] - Select Arrow Menu "Real Time Disbursement"

2021-01-22 10:53:09 - [TEST_STEP][PASSED] - Select Menu "Dashboard for CCC/OCS": Select Menu "Dashboard for CCC/OCS"

2021-01-22 10:53:10 - [MESSAGE][PASSED] - Taking screenshot successfully
[[ATTACHMENT|/Users/chaidir.pratama01/Documents/Docs/Katalon Studio/Screenshot/test-Dashboard for CCC/OCS.png]]

2021-01-22 10:53:10 - [MESSAGE][PASSED] - Object '' is present

2021-01-22 10:53:10 - [MESSAGE][PASSED] - Object: '' is clicked on

2021-01-22 10:53:10 - [MESSAGE][PASSED] - Wait for page load successfully

2021-01-22 10:53:10 - [MESSAGE][PASSED] - Select Menu "Dashboard for CCC/OCS"

2021-01-22 10:53:10 - [TEST_STEP][PASSED] - Select STATUS "Ready to disburse": Select STATUS "Ready to disburse"

2021-01-22 10:53:10 - [MESSAGE][PASSED] - All options with value 'Ready to disburse' are selected in object ''  using regular expression

2021-01-22 10:53:10 - [MESSAGE][PASSED] - Select STATUS "Ready to disburse"

2021-01-22 10:53:10 - [TEST_STEP][PASSED] - Click button "Search": Click button "Search"

2021-01-22 10:53:10 - [MESSAGE][INFO] - >>>>>//Button[contains(text(),'Search')]

2021-01-22 10:53:13 - [MESSAGE][PASSED] - Object '' is present

2021-01-22 10:53:13 - [MESSAGE][PASSED] - Object: '' is clicked on

2021-01-22 10:53:13 - [MESSAGE][PASSED] - Switched to window with index: '0'

2021-01-22 10:53:13 - [MESSAGE][PASSED] - Click button "Search"

2021-01-22 10:53:13 - [TEST_STEP][PASSED] - Verify Search Result Presents: Verify Search Result Presents

2021-01-22 10:53:13 - [MESSAGE][PASSED] - Object '' is present

2021-01-22 10:53:16 - [MESSAGE][PASSED] - Verify Search Result Presents

2021-01-22 10:53:16 - [TEST_STEP][PASSED] - Click button "Logout": Click button "Logout"

2021-01-22 10:53:16 - [MESSAGE][INFO] - >>>>>//Button[contains(text(),'Logout')]

2021-01-22 10:53:19 - [MESSAGE][PASSED] - Object '' is present

2021-01-22 10:53:19 - [MESSAGE][PASSED] - Object: '' is clicked on

2021-01-22 10:53:19 - [MESSAGE][PASSED] - Switched to window with index: '0'

2021-01-22 10:53:19 - [MESSAGE][PASSED] - Click button "Logout"

2021-01-22 10:53:19 - [TEST_STEP][PASSED] - Close browser: Close browser

2021-01-22 10:53:19 - [MESSAGE][PASSED] - Browser is closed

2021-01-22 10:53:19 - [MESSAGE][PASSED] - Close browser

2021-01-22 10:53:19 - [TEST_CASE][PASSED] - Start Test Case : SCENARIO Search by STATUS Failed due to invalid bank account: SCENARIO Search by STATUS Failed due to invalid bank account

2021-01-22 10:53:19 - [TEST_STEP][PASSED] - Go to ISTools: Go to ISTools

2021-01-22 10:53:19 - [MESSAGE][INFO] - Starting 'Chrome (headless)' driver

2021-01-22 10:53:19 - [MESSAGE][INFO] - User set preference: ['args', '[--start-maximized, --disable-gpu, --no-proxy-server, â€“-no-sandbox, --allow-running-insecure-content, --ignore-certificate-errors, window-size=1680,814, force-device-scale-factor=2, --lang=en-GB]']

2021-01-22 10:53:19 - [MESSAGE][INFO] - User set preference: ['prefs', '{download.default_directory=/Users/chaidir.pratama01/Katalon Studio/IST_Automation_Git/Download}']

2021-01-22 10:53:19 - [MESSAGE][INFO] - Action delay is set to 0 milliseconds

2021-01-22 10:53:19 - [MESSAGE][PASSED] - Browser is opened with url: ''

2021-01-22 10:53:20 - [MESSAGE][PASSED] - Navigate to 'https://dev-istools.homecredit.id/foundation/' successfully

2021-01-22 10:53:20 - [MESSAGE][PASSED] - Go to ISTools

2021-01-22 10:53:20 - [TEST_STEP][PASSED] - Login IST with valid credentials: Login IST with valid credentials

2021-01-22 10:53:20 - [MESSAGE][PASSED] - Text 'mobile.test' is set on object 'Object Repository/Page_/input_Username_j_username'

2021-01-22 10:53:20 - [MESSAGE][PASSED] - Text ****** has been set on object 'Object Repository/Page_/input_Password_j_password'

2021-01-22 10:53:21 - [MESSAGE][PASSED] - Object: 'Object Repository/Page_/button_Login' is clicked on

2021-01-22 10:53:21 - [MESSAGE][PASSED] - Login IST with valid credentials

2021-01-22 10:53:21 - [TEST_STEP][PASSED] - Login Success: Login Success

2021-01-22 10:53:21 - [MESSAGE][INFO] - Login Success

2021-01-22 10:53:21 - [MESSAGE][PASSED] - Current window maximized

2021-01-22 10:53:21 - [MESSAGE][PASSED] - Object 'Object Repository/Page_/h1_Welcome to IT Supporting Tools' is present

2021-01-22 10:53:21 - [MESSAGE][PASSED] - Login Success

2021-01-22 10:53:21 - [TEST_STEP][PASSED] - Select Arrow Menu "Real Time Disbursement": Select Arrow Menu "Real Time Disbursement"

2021-01-22 10:53:21 - [MESSAGE][PASSED] - Object: '' is clicked on

2021-01-22 10:53:21 - [MESSAGE][PASSED] - Select Arrow Menu "Real Time Disbursement"

2021-01-22 10:53:21 - [TEST_STEP][PASSED] - Select Menu "Dashboard for CCC/OCS": Select Menu "Dashboard for CCC/OCS"

2021-01-22 10:53:21 - [MESSAGE][PASSED] - Taking screenshot successfully
[[ATTACHMENT|/Users/chaidir.pratama01/Documents/Docs/Katalon Studio/Screenshot/test-Dashboard for CCC/OCS.png]]

2021-01-22 10:53:22 - [MESSAGE][PASSED] - Object '' is present

2021-01-22 10:53:22 - [MESSAGE][PASSED] - Object: '' is clicked on

2021-01-22 10:53:22 - [MESSAGE][PASSED] - Wait for page load successfully

2021-01-22 10:53:22 - [MESSAGE][PASSED] - Select Menu "Dashboard for CCC/OCS"

2021-01-22 10:53:22 - [TEST_STEP][PASSED] - Select STATUS "Failed due to invalid bank account": Select STATUS "Failed due to invalid bank account"

2021-01-22 10:53:22 - [MESSAGE][PASSED] - All options with value 'Failed due to invalid bank account' are selected in object ''  using regular expression

2021-01-22 10:53:22 - [MESSAGE][PASSED] - Select STATUS "Failed due to invalid bank account"

2021-01-22 10:53:22 - [TEST_STEP][PASSED] - Click button "Search": Click button "Search"

2021-01-22 10:53:22 - [MESSAGE][INFO] - >>>>>//Button[contains(text(),'Search')]

2021-01-22 10:53:25 - [MESSAGE][PASSED] - Object '' is present

2021-01-22 10:53:25 - [MESSAGE][PASSED] - Object: '' is clicked on

2021-01-22 10:53:25 - [MESSAGE][PASSED] - Switched to window with index: '0'

2021-01-22 10:53:25 - [MESSAGE][PASSED] - Click button "Search"

2021-01-22 10:53:25 - [TEST_STEP][PASSED] - Verify Search Result Presents: Verify Search Result Presents

2021-01-22 10:53:25 - [MESSAGE][PASSED] - Object '' is present

2021-01-22 10:53:27 - [MESSAGE][PASSED] - Verify Search Result Presents

2021-01-22 10:53:27 - [TEST_STEP][PASSED] - Click button "Logout": Click button "Logout"

2021-01-22 10:53:27 - [MESSAGE][INFO] - >>>>>//Button[contains(text(),'Logout')]

2021-01-22 10:53:30 - [MESSAGE][PASSED] - Object '' is present

2021-01-22 10:53:30 - [MESSAGE][PASSED] - Object: '' is clicked on

2021-01-22 10:53:30 - [MESSAGE][PASSED] - Switched to window with index: '0'

2021-01-22 10:53:30 - [MESSAGE][PASSED] - Click button "Logout"

2021-01-22 10:53:30 - [TEST_STEP][PASSED] - Close browser: Close browser

2021-01-22 10:53:30 - [MESSAGE][PASSED] - Browser is closed

2021-01-22 10:53:30 - [MESSAGE][PASSED] - Close browser

2021-01-22 10:53:30 - [TEST_CASE][PASSED] - Start Test Case : SCENARIO Search by STATUS Failed due to system error: SCENARIO Search by STATUS Failed due to system error

2021-01-22 10:53:30 - [TEST_STEP][PASSED] - Go to ISTools: Go to ISTools

2021-01-22 10:53:30 - [MESSAGE][INFO] - Starting 'Chrome (headless)' driver

2021-01-22 10:53:30 - [MESSAGE][INFO] - User set preference: ['args', '[--start-maximized, --disable-gpu, --no-proxy-server, â€“-no-sandbox, --allow-running-insecure-content, --ignore-certificate-errors, window-size=1680,814, force-device-scale-factor=2, --lang=en-GB]']

2021-01-22 10:53:30 - [MESSAGE][INFO] - User set preference: ['prefs', '{download.default_directory=/Users/chaidir.pratama01/Katalon Studio/IST_Automation_Git/Download}']

2021-01-22 10:53:30 - [MESSAGE][INFO] - Action delay is set to 0 milliseconds

2021-01-22 10:53:30 - [MESSAGE][PASSED] - Browser is opened with url: ''

2021-01-22 10:53:31 - [MESSAGE][PASSED] - Navigate to 'https://dev-istools.homecredit.id/foundation/' successfully

2021-01-22 10:53:31 - [MESSAGE][PASSED] - Go to ISTools

2021-01-22 10:53:31 - [TEST_STEP][PASSED] - Login IST with valid credentials: Login IST with valid credentials

2021-01-22 10:53:31 - [MESSAGE][PASSED] - Text 'mobile.test' is set on object 'Object Repository/Page_/input_Username_j_username'

2021-01-22 10:53:32 - [MESSAGE][PASSED] - Text ****** has been set on object 'Object Repository/Page_/input_Password_j_password'

2021-01-22 10:53:32 - [MESSAGE][PASSED] - Object: 'Object Repository/Page_/button_Login' is clicked on

2021-01-22 10:53:32 - [MESSAGE][PASSED] - Login IST with valid credentials

2021-01-22 10:53:32 - [TEST_STEP][PASSED] - Login Success: Login Success

2021-01-22 10:53:32 - [MESSAGE][INFO] - Login Success

2021-01-22 10:53:32 - [MESSAGE][PASSED] - Current window maximized

2021-01-22 10:53:32 - [MESSAGE][PASSED] - Object 'Object Repository/Page_/h1_Welcome to IT Supporting Tools' is present

2021-01-22 10:53:32 - [MESSAGE][PASSED] - Login Success

2021-01-22 10:53:32 - [TEST_STEP][PASSED] - Select Arrow Menu "Real Time Disbursement": Select Arrow Menu "Real Time Disbursement"

2021-01-22 10:53:32 - [MESSAGE][PASSED] - Object: '' is clicked on

2021-01-22 10:53:32 - [MESSAGE][PASSED] - Select Arrow Menu "Real Time Disbursement"

2021-01-22 10:53:32 - [TEST_STEP][PASSED] - Select Menu "Dashboard for CCC/OCS": Select Menu "Dashboard for CCC/OCS"

2021-01-22 10:53:33 - [MESSAGE][PASSED] - Taking screenshot successfully
[[ATTACHMENT|/Users/chaidir.pratama01/Documents/Docs/Katalon Studio/Screenshot/test-Dashboard for CCC/OCS.png]]

2021-01-22 10:53:33 - [MESSAGE][PASSED] - Object '' is present

2021-01-22 10:53:33 - [MESSAGE][PASSED] - Object: '' is clicked on

2021-01-22 10:53:33 - [MESSAGE][PASSED] - Wait for page load successfully

2021-01-22 10:53:33 - [MESSAGE][PASSED] - Select Menu "Dashboard for CCC/OCS"

2021-01-22 10:53:33 - [TEST_STEP][PASSED] - Select STATUS "Failed due to system error": Select STATUS "Failed due to system error"

2021-01-22 10:53:33 - [MESSAGE][PASSED] - All options with value 'Failed due to system error' are selected in object ''  using regular expression

2021-01-22 10:53:33 - [MESSAGE][PASSED] - Select STATUS "Failed due to system error"

2021-01-22 10:53:33 - [TEST_STEP][PASSED] - Click button "Search": Click button "Search"

2021-01-22 10:53:33 - [MESSAGE][INFO] - >>>>>//Button[contains(text(),'Search')]

2021-01-22 10:53:36 - [MESSAGE][PASSED] - Object '' is present

2021-01-22 10:53:36 - [MESSAGE][PASSED] - Object: '' is clicked on

2021-01-22 10:53:36 - [MESSAGE][PASSED] - Switched to window with index: '0'

2021-01-22 10:53:36 - [MESSAGE][PASSED] - Click button "Search"

2021-01-22 10:53:36 - [TEST_STEP][PASSED] - Verify Search Result Presents: Verify Search Result Presents

2021-01-22 10:53:36 - [MESSAGE][PASSED] - Object '' is present

2021-01-22 10:53:40 - [MESSAGE][PASSED] - Verify Search Result Presents

2021-01-22 10:53:40 - [TEST_STEP][PASSED] - Click button "Logout": Click button "Logout"

2021-01-22 10:53:40 - [MESSAGE][INFO] - >>>>>//Button[contains(text(),'Logout')]

2021-01-22 10:53:43 - [MESSAGE][PASSED] - Object '' is present

2021-01-22 10:53:43 - [MESSAGE][PASSED] - Object: '' is clicked on

2021-01-22 10:53:43 - [MESSAGE][PASSED] - Switched to window with index: '0'

2021-01-22 10:53:43 - [MESSAGE][PASSED] - Click button "Logout"

2021-01-22 10:53:43 - [TEST_STEP][PASSED] - Close browser: Close browser

2021-01-22 10:53:43 - [MESSAGE][PASSED] - Browser is closed

2021-01-22 10:53:43 - [MESSAGE][PASSED] - Close browser

2021-01-22 10:53:43 - [TEST_CASE][PASSED] - Start Test Case : SCENARIO Search by STATUS Failed due to insufficient fund: SCENARIO Search by STATUS Failed due to insufficient fund

2021-01-22 10:53:43 - [TEST_STEP][PASSED] - Go to ISTools: Go to ISTools

2021-01-22 10:53:43 - [MESSAGE][INFO] - Starting 'Chrome (headless)' driver

2021-01-22 10:53:43 - [MESSAGE][INFO] - User set preference: ['args', '[--start-maximized, --disable-gpu, --no-proxy-server, â€“-no-sandbox, --allow-running-insecure-content, --ignore-certificate-errors, window-size=1680,814, force-device-scale-factor=2, --lang=en-GB]']

2021-01-22 10:53:43 - [MESSAGE][INFO] - User set preference: ['prefs', '{download.default_directory=/Users/chaidir.pratama01/Katalon Studio/IST_Automation_Git/Download}']

2021-01-22 10:53:43 - [MESSAGE][INFO] - Action delay is set to 0 milliseconds

2021-01-22 10:53:43 - [MESSAGE][PASSED] - Browser is opened with url: ''

2021-01-22 10:53:44 - [MESSAGE][PASSED] - Navigate to 'https://dev-istools.homecredit.id/foundation/' successfully

2021-01-22 10:53:44 - [MESSAGE][PASSED] - Go to ISTools

2021-01-22 10:53:44 - [TEST_STEP][PASSED] - Login IST with valid credentials: Login IST with valid credentials

2021-01-22 10:53:44 - [MESSAGE][PASSED] - Text 'mobile.test' is set on object 'Object Repository/Page_/input_Username_j_username'

2021-01-22 10:53:44 - [MESSAGE][PASSED] - Text ****** has been set on object 'Object Repository/Page_/input_Password_j_password'

2021-01-22 10:53:45 - [MESSAGE][PASSED] - Object: 'Object Repository/Page_/button_Login' is clicked on

2021-01-22 10:53:45 - [MESSAGE][PASSED] - Login IST with valid credentials

2021-01-22 10:53:45 - [TEST_STEP][PASSED] - Login Success: Login Success

2021-01-22 10:53:45 - [MESSAGE][INFO] - Login Success

2021-01-22 10:53:45 - [MESSAGE][PASSED] - Current window maximized

2021-01-22 10:53:45 - [MESSAGE][PASSED] - Object 'Object Repository/Page_/h1_Welcome to IT Supporting Tools' is present

2021-01-22 10:53:45 - [MESSAGE][PASSED] - Login Success

2021-01-22 10:53:45 - [TEST_STEP][PASSED] - Select Arrow Menu "Real Time Disbursement": Select Arrow Menu "Real Time Disbursement"

2021-01-22 10:53:45 - [MESSAGE][PASSED] - Object: '' is clicked on

2021-01-22 10:53:45 - [MESSAGE][PASSED] - Select Arrow Menu "Real Time Disbursement"

2021-01-22 10:53:45 - [TEST_STEP][PASSED] - Select Menu "Dashboard for CCC/OCS": Select Menu "Dashboard for CCC/OCS"

2021-01-22 10:53:45 - [MESSAGE][PASSED] - Taking screenshot successfully
[[ATTACHMENT|/Users/chaidir.pratama01/Documents/Docs/Katalon Studio/Screenshot/test-Dashboard for CCC/OCS.png]]

2021-01-22 10:53:45 - [MESSAGE][PASSED] - Object '' is present

2021-01-22 10:53:45 - [MESSAGE][PASSED] - Object: '' is clicked on

2021-01-22 10:53:45 - [MESSAGE][PASSED] - Wait for page load successfully

2021-01-22 10:53:45 - [MESSAGE][PASSED] - Select Menu "Dashboard for CCC/OCS"

2021-01-22 10:53:45 - [TEST_STEP][PASSED] - Select STATUS "Failed due to insufficient fund": Select STATUS "Failed due to insufficient fund"

2021-01-22 10:53:46 - [MESSAGE][PASSED] - All options with value 'Failed due to insufficient fund' are selected in object ''  using regular expression

2021-01-22 10:53:46 - [MESSAGE][PASSED] - Select STATUS "Failed due to insufficient fund"

2021-01-22 10:53:46 - [TEST_STEP][PASSED] - Click button "Search": Click button "Search"

2021-01-22 10:53:46 - [MESSAGE][INFO] - >>>>>//Button[contains(text(),'Search')]

2021-01-22 10:53:49 - [MESSAGE][PASSED] - Object '' is present

2021-01-22 10:53:49 - [MESSAGE][PASSED] - Object: '' is clicked on

2021-01-22 10:53:49 - [MESSAGE][PASSED] - Switched to window with index: '0'

2021-01-22 10:53:49 - [MESSAGE][PASSED] - Click button "Search"

2021-01-22 10:53:49 - [TEST_STEP][PASSED] - Verify Search Result Presents: Verify Search Result Presents

2021-01-22 10:53:53 - [MESSAGE][INFO] - Unable to find the element located by 'By.xpath: //td[@style='display:none' and contains(text(),'-Empty-')]'. Please recheck the objects properties to make sure the desired element is located. 

2021-01-22 10:53:53 - [MESSAGE][WARNING] - com.kms.katalon.core.webui.exception.WebElementNotFoundException: Web element with id: '' located by '//td[@style='display:none' and contains(text(),'-Empty-')]' not found (Root cause: com.kms.katalon.core.exception.StepFailedException: com.kms.katalon.core.webui.exception.WebElementNotFoundException: Web element with id: '' located by '//td[@style='display:none' and contains(text(),'-Empty-')]' not found
	at com.kms.katalon.core.webui.keyword.internal.WebUIKeywordMain.stepFailed(WebUIKeywordMain.groovy:64)
	at com.kms.katalon.core.webui.keyword.builtin.VerifyElementPresentKeyword$_verifyElementPresent_closure1.doCall(VerifyElementPresentKeyword.groovy:85)
	at com.kms.katalon.core.webui.keyword.builtin.VerifyElementPresentKeyword$_verifyElementPresent_closure1.call(VerifyElementPresentKeyword.groovy)
	at com.kms.katalon.core.webui.keyword.internal.WebUIKeywordMain.runKeyword(WebUIKeywordMain.groovy:20)
	at com.kms.katalon.core.webui.keyword.builtin.VerifyElementPresentKeyword.verifyElementPresent(VerifyElementPresentKeyword.groovy:92)
	at com.kms.katalon.core.webui.keyword.builtin.VerifyElementPresentKeyword.execute(VerifyElementPresentKeyword.groovy:68)
	at com.kms.katalon.core.keyword.internal.KeywordExecutor.executeKeywordForPlatform(KeywordExecutor.groovy:73)
	at com.kms.katalon.core.webui.keyword.WebUiBuiltInKeywords.verifyElementPresent(WebUiBuiltInKeywords.groovy:1444)
	at com.kms.katalon.core.webui.keyword.WebUiBuiltInKeywords$verifyElementPresent$11.call(Unknown Source)
	at ist_real.Contract_Dispatcher.VerifyTblFilled(Contract_Dispatcher.groovy:1313)
	at ist_real.Contract_Dispatcher$VerifyTblFilled$0.call(Unknown Source)
	at RTD.Search_Result_Presents(RTD.groovy:191)
	at cucumber.runtime.Utils$1.call(Utils.java:26)
	at cucumber.runtime.Timeout.timeout(Timeout.java:16)
	at cucumber.runtime.Utils.invoke(Utils.java:20)
	at cucumber.runtime.java.JavaStepDefinition.execute(JavaStepDefinition.java:48)
	at cucumber.runtime.PickleStepDefinitionMatch.runStep(PickleStepDefinitionMatch.java:50)
	at cucumber.runner.TestStep.executeStep(TestStep.java:55)
	at cucumber.runner.TestStep.run(TestStep.java:42)
	at cucumber.runner.PickleStepTestStep.run(PickleStepTestStep.java:53)
	at cucumber.runner.TestCase.run(TestCase.java:47)
	at cucumber.runner.Runner.runPickle(Runner.java:44)
	at cucumber.runtime.Runtime.runFeature(Runtime.java:120)
	at cucumber.runtime.Runtime.run(Runtime.java:106)
	at cucumber.api.cli.Main.run(Main.java:35)
	at cucumber.api.cli.Main$run.call(Unknown Source)
	at com.kms.katalon.core.cucumber.keyword.CucumberBuiltinKeywords$_runFeatureFile_closure1.doCall(CucumberBuiltinKeywords.groovy:76)
	at com.kms.katalon.core.cucumber.keyword.CucumberBuiltinKeywords$_runFeatureFile_closure1.doCall(CucumberBuiltinKeywords.groovy)
	at com.kms.katalon.core.keyword.internal.KeywordMain.runKeyword(KeywordMain.groovy:68)
	at com.kms.katalon.core.keyword.internal.KeywordMain$runKeyword.call(Unknown Source)
	at com.kms.katalon.core.cucumber.keyword.CucumberBuiltinKeywords.runFeatureFile(CucumberBuiltinKeywords.groovy:46)
	at com.kms.katalon.core.cucumber.keyword.CucumberBuiltinKeywords$runFeatureFile$0.callStatic(Unknown Source)
	at com.kms.katalon.core.cucumber.keyword.CucumberBuiltinKeywords.runFeatureFile(CucumberBuiltinKeywords.groovy:169)
	at com.kms.katalon.core.cucumber.keyword.CucumberBuiltinKeywords$runFeatureFile.call(Unknown Source)
	at TC_Search_by_Status.run(TC_Search_by_Status:18)
	at com.kms.katalon.core.main.ScriptEngine.run(ScriptEngine.java:194)
	at com.kms.katalon.core.main.ScriptEngine.runScriptAsRawText(ScriptEngine.java:119)
	at com.kms.katalon.core.main.TestCaseExecutor.runScript(TestCaseExecutor.java:339)
	at com.kms.katalon.core.main.TestCaseExecutor.doExecute(TestCaseExecutor.java:330)
	at com.kms.katalon.core.main.TestCaseExecutor.processExecutionPhase(TestCaseExecutor.java:309)
	at com.kms.katalon.core.main.TestCaseExecutor.accessMainPhase(TestCaseExecutor.java:301)
	at com.kms.katalon.core.main.TestCaseExecutor.execute(TestCaseExecutor.java:235)
	at com.kms.katalon.core.main.TestSuiteExecutor.accessTestCaseMainPhase(TestSuiteExecutor.java:191)
	at com.kms.katalon.core.main.TestSuiteExecutor.accessTestSuiteMainPhase(TestSuiteExecutor.java:141)
	at com.kms.katalon.core.main.TestSuiteExecutor.execute(TestSuiteExecutor.java:90)
	at com.kms.katalon.core.main.TestCaseMain.startTestSuite(TestCaseMain.java:157)
	at com.kms.katalon.core.main.TestCaseMain$startTestSuite$0.call(Unknown Source)
	at TempTestSuite1611286945385.run(TempTestSuite1611286945385.groovy:39)
)
[[ATTACHMENT|/Users/chaidir.pratama01/Katalon Studio/IST_Automation_Git/Reports/20210122_104222/RTD/TS_Dashboard_for_CCC_OCS/20210122_104225/1611287633440.png]]

2021-01-22 10:53:54 - [MESSAGE][PASSED] - Verify Search Result Presents

2021-01-22 10:53:54 - [TEST_STEP][PASSED] - Click button "Logout": Click button "Logout"

2021-01-22 10:53:54 - [MESSAGE][INFO] - >>>>>//Button[contains(text(),'Logout')]

2021-01-22 10:53:57 - [MESSAGE][PASSED] - Object '' is present

2021-01-22 10:53:57 - [MESSAGE][PASSED] - Object: '' is clicked on

2021-01-22 10:53:57 - [MESSAGE][PASSED] - Switched to window with index: '0'

2021-01-22 10:53:57 - [MESSAGE][PASSED] - Click button "Logout"

2021-01-22 10:53:57 - [TEST_STEP][PASSED] - Close browser: Close browser

2021-01-22 10:53:57 - [MESSAGE][PASSED] - Browser is closed

2021-01-22 10:53:57 - [MESSAGE][PASSED] - Close browser

2021-01-22 10:53:57 - [TEST_CASE][PASSED] - Start Test Case : SCENARIO Search by STATUS Failed due to not supported bank: SCENARIO Search by STATUS Failed due to not supported bank

2021-01-22 10:53:57 - [TEST_STEP][PASSED] - Go to ISTools: Go to ISTools

2021-01-22 10:53:57 - [MESSAGE][INFO] - Starting 'Chrome (headless)' driver

2021-01-22 10:53:57 - [MESSAGE][INFO] - User set preference: ['args', '[--start-maximized, --disable-gpu, --no-proxy-server, â€“-no-sandbox, --allow-running-insecure-content, --ignore-certificate-errors, window-size=1680,814, force-device-scale-factor=2, --lang=en-GB]']

2021-01-22 10:53:57 - [MESSAGE][INFO] - User set preference: ['prefs', '{download.default_directory=/Users/chaidir.pratama01/Katalon Studio/IST_Automation_Git/Download}']

2021-01-22 10:53:57 - [MESSAGE][INFO] - Action delay is set to 0 milliseconds

2021-01-22 10:53:57 - [MESSAGE][PASSED] - Browser is opened with url: ''

2021-01-22 10:53:58 - [MESSAGE][PASSED] - Navigate to 'https://dev-istools.homecredit.id/foundation/' successfully

2021-01-22 10:53:58 - [MESSAGE][PASSED] - Go to ISTools

2021-01-22 10:53:58 - [TEST_STEP][PASSED] - Login IST with valid credentials: Login IST with valid credentials

2021-01-22 10:53:58 - [MESSAGE][PASSED] - Text 'mobile.test' is set on object 'Object Repository/Page_/input_Username_j_username'

2021-01-22 10:53:58 - [MESSAGE][PASSED] - Text ****** has been set on object 'Object Repository/Page_/input_Password_j_password'

2021-01-22 10:53:59 - [MESSAGE][PASSED] - Object: 'Object Repository/Page_/button_Login' is clicked on

2021-01-22 10:53:59 - [MESSAGE][PASSED] - Login IST with valid credentials

2021-01-22 10:53:59 - [TEST_STEP][PASSED] - Login Success: Login Success

2021-01-22 10:53:59 - [MESSAGE][INFO] - Login Success

2021-01-22 10:53:59 - [MESSAGE][PASSED] - Current window maximized

2021-01-22 10:53:59 - [MESSAGE][PASSED] - Object 'Object Repository/Page_/h1_Welcome to IT Supporting Tools' is present

2021-01-22 10:53:59 - [MESSAGE][PASSED] - Login Success

2021-01-22 10:53:59 - [TEST_STEP][PASSED] - Select Arrow Menu "Real Time Disbursement": Select Arrow Menu "Real Time Disbursement"

2021-01-22 10:53:59 - [MESSAGE][PASSED] - Object: '' is clicked on

2021-01-22 10:53:59 - [MESSAGE][PASSED] - Select Arrow Menu "Real Time Disbursement"

2021-01-22 10:53:59 - [TEST_STEP][PASSED] - Select Menu "Dashboard for CCC/OCS": Select Menu "Dashboard for CCC/OCS"

2021-01-22 10:53:59 - [MESSAGE][PASSED] - Taking screenshot successfully
[[ATTACHMENT|/Users/chaidir.pratama01/Documents/Docs/Katalon Studio/Screenshot/test-Dashboard for CCC/OCS.png]]

2021-01-22 10:54:00 - [MESSAGE][PASSED] - Object '' is present

2021-01-22 10:54:00 - [MESSAGE][PASSED] - Object: '' is clicked on

2021-01-22 10:54:00 - [MESSAGE][PASSED] - Wait for page load successfully

2021-01-22 10:54:00 - [MESSAGE][PASSED] - Select Menu "Dashboard for CCC/OCS"

2021-01-22 10:54:00 - [TEST_STEP][PASSED] - Select STATUS "Failed due to not supported bank": Select STATUS "Failed due to not supported bank"

2021-01-22 10:54:00 - [MESSAGE][PASSED] - All options with value 'Failed due to not supported bank' are selected in object ''  using regular expression

2021-01-22 10:54:00 - [MESSAGE][PASSED] - Select STATUS "Failed due to not supported bank"

2021-01-22 10:54:00 - [TEST_STEP][PASSED] - Click button "Search": Click button "Search"

2021-01-22 10:54:00 - [MESSAGE][INFO] - >>>>>//Button[contains(text(),'Search')]

2021-01-22 10:54:03 - [MESSAGE][PASSED] - Object '' is present

2021-01-22 10:54:03 - [MESSAGE][PASSED] - Object: '' is clicked on

2021-01-22 10:54:03 - [MESSAGE][PASSED] - Switched to window with index: '0'

2021-01-22 10:54:03 - [MESSAGE][PASSED] - Click button "Search"

2021-01-22 10:54:03 - [TEST_STEP][PASSED] - Verify Search Result Presents: Verify Search Result Presents

2021-01-22 10:54:07 - [MESSAGE][INFO] - Unable to find the element located by 'By.xpath: //td[@style='display:none' and contains(text(),'-Empty-')]'. Please recheck the objects properties to make sure the desired element is located. 

2021-01-22 10:54:08 - [MESSAGE][WARNING] - com.kms.katalon.core.webui.exception.WebElementNotFoundException: Web element with id: '' located by '//td[@style='display:none' and contains(text(),'-Empty-')]' not found (Root cause: com.kms.katalon.core.exception.StepFailedException: com.kms.katalon.core.webui.exception.WebElementNotFoundException: Web element with id: '' located by '//td[@style='display:none' and contains(text(),'-Empty-')]' not found
	at com.kms.katalon.core.webui.keyword.internal.WebUIKeywordMain.stepFailed(WebUIKeywordMain.groovy:64)
	at com.kms.katalon.core.webui.keyword.builtin.VerifyElementPresentKeyword$_verifyElementPresent_closure1.doCall(VerifyElementPresentKeyword.groovy:85)
	at com.kms.katalon.core.webui.keyword.builtin.VerifyElementPresentKeyword$_verifyElementPresent_closure1.call(VerifyElementPresentKeyword.groovy)
	at com.kms.katalon.core.webui.keyword.internal.WebUIKeywordMain.runKeyword(WebUIKeywordMain.groovy:20)
	at com.kms.katalon.core.webui.keyword.builtin.VerifyElementPresentKeyword.verifyElementPresent(VerifyElementPresentKeyword.groovy:92)
	at com.kms.katalon.core.webui.keyword.builtin.VerifyElementPresentKeyword.execute(VerifyElementPresentKeyword.groovy:68)
	at com.kms.katalon.core.keyword.internal.KeywordExecutor.executeKeywordForPlatform(KeywordExecutor.groovy:73)
	at com.kms.katalon.core.webui.keyword.WebUiBuiltInKeywords.verifyElementPresent(WebUiBuiltInKeywords.groovy:1444)
	at com.kms.katalon.core.webui.keyword.WebUiBuiltInKeywords$verifyElementPresent$11.call(Unknown Source)
	at ist_real.Contract_Dispatcher.VerifyTblFilled(Contract_Dispatcher.groovy:1313)
	at ist_real.Contract_Dispatcher$VerifyTblFilled$0.call(Unknown Source)
	at RTD.Search_Result_Presents(RTD.groovy:191)
	at cucumber.runtime.Utils$1.call(Utils.java:26)
	at cucumber.runtime.Timeout.timeout(Timeout.java:16)
	at cucumber.runtime.Utils.invoke(Utils.java:20)
	at cucumber.runtime.java.JavaStepDefinition.execute(JavaStepDefinition.java:48)
	at cucumber.runtime.PickleStepDefinitionMatch.runStep(PickleStepDefinitionMatch.java:50)
	at cucumber.runner.TestStep.executeStep(TestStep.java:55)
	at cucumber.runner.TestStep.run(TestStep.java:42)
	at cucumber.runner.PickleStepTestStep.run(PickleStepTestStep.java:53)
	at cucumber.runner.TestCase.run(TestCase.java:47)
	at cucumber.runner.Runner.runPickle(Runner.java:44)
	at cucumber.runtime.Runtime.runFeature(Runtime.java:120)
	at cucumber.runtime.Runtime.run(Runtime.java:106)
	at cucumber.api.cli.Main.run(Main.java:35)
	at cucumber.api.cli.Main$run.call(Unknown Source)
	at com.kms.katalon.core.cucumber.keyword.CucumberBuiltinKeywords$_runFeatureFile_closure1.doCall(CucumberBuiltinKeywords.groovy:76)
	at com.kms.katalon.core.cucumber.keyword.CucumberBuiltinKeywords$_runFeatureFile_closure1.doCall(CucumberBuiltinKeywords.groovy)
	at com.kms.katalon.core.keyword.internal.KeywordMain.runKeyword(KeywordMain.groovy:68)
	at com.kms.katalon.core.keyword.internal.KeywordMain$runKeyword.call(Unknown Source)
	at com.kms.katalon.core.cucumber.keyword.CucumberBuiltinKeywords.runFeatureFile(CucumberBuiltinKeywords.groovy:46)
	at com.kms.katalon.core.cucumber.keyword.CucumberBuiltinKeywords$runFeatureFile$0.callStatic(Unknown Source)
	at com.kms.katalon.core.cucumber.keyword.CucumberBuiltinKeywords.runFeatureFile(CucumberBuiltinKeywords.groovy:169)
	at com.kms.katalon.core.cucumber.keyword.CucumberBuiltinKeywords$runFeatureFile.call(Unknown Source)
	at TC_Search_by_Status.run(TC_Search_by_Status:18)
	at com.kms.katalon.core.main.ScriptEngine.run(ScriptEngine.java:194)
	at com.kms.katalon.core.main.ScriptEngine.runScriptAsRawText(ScriptEngine.java:119)
	at com.kms.katalon.core.main.TestCaseExecutor.runScript(TestCaseExecutor.java:339)
	at com.kms.katalon.core.main.TestCaseExecutor.doExecute(TestCaseExecutor.java:330)
	at com.kms.katalon.core.main.TestCaseExecutor.processExecutionPhase(TestCaseExecutor.java:309)
	at com.kms.katalon.core.main.TestCaseExecutor.accessMainPhase(TestCaseExecutor.java:301)
	at com.kms.katalon.core.main.TestCaseExecutor.execute(TestCaseExecutor.java:235)
	at com.kms.katalon.core.main.TestSuiteExecutor.accessTestCaseMainPhase(TestSuiteExecutor.java:191)
	at com.kms.katalon.core.main.TestSuiteExecutor.accessTestSuiteMainPhase(TestSuiteExecutor.java:141)
	at com.kms.katalon.core.main.TestSuiteExecutor.execute(TestSuiteExecutor.java:90)
	at com.kms.katalon.core.main.TestCaseMain.startTestSuite(TestCaseMain.java:157)
	at com.kms.katalon.core.main.TestCaseMain$startTestSuite$0.call(Unknown Source)
	at TempTestSuite1611286945385.run(TempTestSuite1611286945385.groovy:39)
)
[[ATTACHMENT|/Users/chaidir.pratama01/Katalon Studio/IST_Automation_Git/Reports/20210122_104222/RTD/TS_Dashboard_for_CCC_OCS/20210122_104225/1611287647586.png]]

2021-01-22 10:54:08 - [MESSAGE][PASSED] - Verify Search Result Presents

2021-01-22 10:54:08 - [TEST_STEP][PASSED] - Click button "Logout": Click button "Logout"

2021-01-22 10:54:08 - [MESSAGE][INFO] - >>>>>//Button[contains(text(),'Logout')]

2021-01-22 10:54:11 - [MESSAGE][PASSED] - Object '' is present

2021-01-22 10:54:11 - [MESSAGE][PASSED] - Object: '' is clicked on

2021-01-22 10:54:11 - [MESSAGE][PASSED] - Switched to window with index: '0'

2021-01-22 10:54:11 - [MESSAGE][PASSED] - Click button "Logout"

2021-01-22 10:54:11 - [TEST_STEP][PASSED] - Close browser: Close browser

2021-01-22 10:54:11 - [MESSAGE][PASSED] - Browser is closed

2021-01-22 10:54:11 - [MESSAGE][PASSED] - Close browser

2021-01-22 10:54:11 - [TEST_CASE][PASSED] - Start Test Case : SCENARIO Search by STATUS Manual Disbursement: SCENARIO Search by STATUS Manual Disbursement

2021-01-22 10:54:11 - [TEST_STEP][PASSED] - Go to ISTools: Go to ISTools

2021-01-22 10:54:11 - [MESSAGE][INFO] - Starting 'Chrome (headless)' driver

2021-01-22 10:54:11 - [MESSAGE][INFO] - User set preference: ['args', '[--start-maximized, --disable-gpu, --no-proxy-server, â€“-no-sandbox, --allow-running-insecure-content, --ignore-certificate-errors, window-size=1680,814, force-device-scale-factor=2, --lang=en-GB]']

2021-01-22 10:54:11 - [MESSAGE][INFO] - User set preference: ['prefs', '{download.default_directory=/Users/chaidir.pratama01/Katalon Studio/IST_Automation_Git/Download}']

2021-01-22 10:54:11 - [MESSAGE][INFO] - Action delay is set to 0 milliseconds

2021-01-22 10:54:11 - [MESSAGE][PASSED] - Browser is opened with url: ''

2021-01-22 10:54:12 - [MESSAGE][PASSED] - Navigate to 'https://dev-istools.homecredit.id/foundation/' successfully

2021-01-22 10:54:12 - [MESSAGE][PASSED] - Go to ISTools

2021-01-22 10:54:12 - [TEST_STEP][PASSED] - Login IST with valid credentials: Login IST with valid credentials

2021-01-22 10:54:12 - [MESSAGE][PASSED] - Text 'mobile.test' is set on object 'Object Repository/Page_/input_Username_j_username'

2021-01-22 10:54:13 - [MESSAGE][PASSED] - Text ****** has been set on object 'Object Repository/Page_/input_Password_j_password'

2021-01-22 10:54:13 - [MESSAGE][PASSED] - Object: 'Object Repository/Page_/button_Login' is clicked on

2021-01-22 10:54:13 - [MESSAGE][PASSED] - Login IST with valid credentials

2021-01-22 10:54:13 - [TEST_STEP][PASSED] - Login Success: Login Success

2021-01-22 10:54:13 - [MESSAGE][INFO] - Login Success

2021-01-22 10:54:13 - [MESSAGE][PASSED] - Current window maximized

2021-01-22 10:54:13 - [MESSAGE][PASSED] - Object 'Object Repository/Page_/h1_Welcome to IT Supporting Tools' is present

2021-01-22 10:54:13 - [MESSAGE][PASSED] - Login Success

2021-01-22 10:54:13 - [TEST_STEP][PASSED] - Select Arrow Menu "Real Time Disbursement": Select Arrow Menu "Real Time Disbursement"

2021-01-22 10:54:13 - [MESSAGE][PASSED] - Object: '' is clicked on

2021-01-22 10:54:13 - [MESSAGE][PASSED] - Select Arrow Menu "Real Time Disbursement"

2021-01-22 10:54:13 - [TEST_STEP][PASSED] - Select Menu "Dashboard for CCC/OCS": Select Menu "Dashboard for CCC/OCS"

2021-01-22 10:54:14 - [MESSAGE][PASSED] - Taking screenshot successfully
[[ATTACHMENT|/Users/chaidir.pratama01/Documents/Docs/Katalon Studio/Screenshot/test-Dashboard for CCC/OCS.png]]

2021-01-22 10:54:14 - [MESSAGE][PASSED] - Object '' is present

2021-01-22 10:54:14 - [MESSAGE][PASSED] - Object: '' is clicked on

2021-01-22 10:54:14 - [MESSAGE][PASSED] - Wait for page load successfully

2021-01-22 10:54:14 - [MESSAGE][PASSED] - Select Menu "Dashboard for CCC/OCS"

2021-01-22 10:54:14 - [TEST_STEP][PASSED] - Select STATUS "Manual Disbursement": Select STATUS "Manual Disbursement"

2021-01-22 10:54:14 - [MESSAGE][PASSED] - All options with value 'Manual Disbursement' are selected in object ''  using regular expression

2021-01-22 10:54:14 - [MESSAGE][PASSED] - Select STATUS "Manual Disbursement"

2021-01-22 10:54:14 - [TEST_STEP][PASSED] - Click button "Search": Click button "Search"

2021-01-22 10:54:14 - [MESSAGE][INFO] - >>>>>//Button[contains(text(),'Search')]

2021-01-22 10:54:17 - [MESSAGE][PASSED] - Object '' is present

2021-01-22 10:54:17 - [MESSAGE][PASSED] - Object: '' is clicked on

2021-01-22 10:54:17 - [MESSAGE][PASSED] - Switched to window with index: '0'

2021-01-22 10:54:17 - [MESSAGE][PASSED] - Click button "Search"

2021-01-22 10:54:17 - [TEST_STEP][PASSED] - Verify Search Result Presents: Verify Search Result Presents

2021-01-22 10:54:18 - [MESSAGE][PASSED] - Object '' is present

2021-01-22 10:54:24 - [MESSAGE][PASSED] - Verify Search Result Presents

2021-01-22 10:54:24 - [TEST_STEP][PASSED] - Click button "Logout": Click button "Logout"

2021-01-22 10:54:24 - [MESSAGE][INFO] - >>>>>//Button[contains(text(),'Logout')]

2021-01-22 10:54:27 - [MESSAGE][PASSED] - Object '' is present

2021-01-22 10:54:27 - [MESSAGE][PASSED] - Object: '' is clicked on

2021-01-22 10:54:27 - [MESSAGE][PASSED] - Switched to window with index: '0'

2021-01-22 10:54:27 - [MESSAGE][PASSED] - Click button "Logout"

2021-01-22 10:54:27 - [TEST_STEP][PASSED] - Close browser: Close browser

2021-01-22 10:54:27 - [MESSAGE][PASSED] - Browser is closed

2021-01-22 10:54:27 - [MESSAGE][PASSED] - Close browser

2021-01-22 10:54:27 - [TEST_CASE][PASSED] - Start Test Case : SCENARIO Search by STATUS DONE: SCENARIO Search by STATUS DONE

2021-01-22 10:54:27 - [TEST_STEP][PASSED] - Go to ISTools: Go to ISTools

2021-01-22 10:54:27 - [MESSAGE][INFO] - Starting 'Chrome (headless)' driver

2021-01-22 10:54:27 - [MESSAGE][INFO] - User set preference: ['args', '[--start-maximized, --disable-gpu, --no-proxy-server, â€“-no-sandbox, --allow-running-insecure-content, --ignore-certificate-errors, window-size=1680,814, force-device-scale-factor=2, --lang=en-GB]']

2021-01-22 10:54:27 - [MESSAGE][INFO] - User set preference: ['prefs', '{download.default_directory=/Users/chaidir.pratama01/Katalon Studio/IST_Automation_Git/Download}']

2021-01-22 10:54:27 - [MESSAGE][INFO] - Action delay is set to 0 milliseconds

2021-01-22 10:54:28 - [MESSAGE][PASSED] - Browser is opened with url: ''

2021-01-22 10:54:29 - [MESSAGE][PASSED] - Navigate to 'https://dev-istools.homecredit.id/foundation/' successfully

2021-01-22 10:54:29 - [MESSAGE][PASSED] - Go to ISTools

2021-01-22 10:54:29 - [TEST_STEP][PASSED] - Login IST with valid credentials: Login IST with valid credentials

2021-01-22 10:54:29 - [MESSAGE][PASSED] - Text 'mobile.test' is set on object 'Object Repository/Page_/input_Username_j_username'

2021-01-22 10:54:29 - [MESSAGE][PASSED] - Text ****** has been set on object 'Object Repository/Page_/input_Password_j_password'

2021-01-22 10:54:30 - [MESSAGE][PASSED] - Object: 'Object Repository/Page_/button_Login' is clicked on

2021-01-22 10:54:30 - [MESSAGE][PASSED] - Login IST with valid credentials

2021-01-22 10:54:30 - [TEST_STEP][PASSED] - Login Success: Login Success

2021-01-22 10:54:30 - [MESSAGE][INFO] - Login Success

2021-01-22 10:54:30 - [MESSAGE][PASSED] - Current window maximized

2021-01-22 10:54:30 - [MESSAGE][PASSED] - Object 'Object Repository/Page_/h1_Welcome to IT Supporting Tools' is present

2021-01-22 10:54:30 - [MESSAGE][PASSED] - Login Success

2021-01-22 10:54:30 - [TEST_STEP][PASSED] - Select Arrow Menu "Real Time Disbursement": Select Arrow Menu "Real Time Disbursement"

2021-01-22 10:54:30 - [MESSAGE][PASSED] - Object: '' is clicked on

2021-01-22 10:54:30 - [MESSAGE][PASSED] - Select Arrow Menu "Real Time Disbursement"

2021-01-22 10:54:30 - [TEST_STEP][PASSED] - Select Menu "Dashboard for CCC/OCS": Select Menu "Dashboard for CCC/OCS"

2021-01-22 10:54:30 - [MESSAGE][PASSED] - Taking screenshot successfully
[[ATTACHMENT|/Users/chaidir.pratama01/Documents/Docs/Katalon Studio/Screenshot/test-Dashboard for CCC/OCS.png]]

2021-01-22 10:54:30 - [MESSAGE][PASSED] - Object '' is present

2021-01-22 10:54:30 - [MESSAGE][PASSED] - Object: '' is clicked on

2021-01-22 10:54:30 - [MESSAGE][PASSED] - Wait for page load successfully

2021-01-22 10:54:30 - [MESSAGE][PASSED] - Select Menu "Dashboard for CCC/OCS"

2021-01-22 10:54:30 - [TEST_STEP][PASSED] - Select STATUS "DONE": Select STATUS "DONE"

2021-01-22 10:54:31 - [MESSAGE][PASSED] - All options with value 'DONE' are selected in object ''  using regular expression

2021-01-22 10:54:31 - [MESSAGE][PASSED] - Select STATUS "DONE"

2021-01-22 10:54:31 - [TEST_STEP][PASSED] - Click button "Search": Click button "Search"

2021-01-22 10:54:31 - [MESSAGE][INFO] - >>>>>//Button[contains(text(),'Search')]

2021-01-22 10:54:34 - [MESSAGE][PASSED] - Object '' is present

2021-01-22 10:54:34 - [MESSAGE][PASSED] - Object: '' is clicked on

2021-01-22 10:54:34 - [MESSAGE][PASSED] - Switched to window with index: '0'

2021-01-22 10:54:34 - [MESSAGE][PASSED] - Click button "Search"

2021-01-22 10:54:34 - [TEST_STEP][PASSED] - Verify Search Result Presents: Verify Search Result Presents

2021-01-22 10:54:34 - [MESSAGE][PASSED] - Object '' is present

2021-01-22 10:54:41 - [MESSAGE][PASSED] - Verify Search Result Presents

2021-01-22 10:54:41 - [TEST_STEP][PASSED] - Click button "Logout": Click button "Logout"

2021-01-22 10:54:41 - [MESSAGE][INFO] - >>>>>//Button[contains(text(),'Logout')]

2021-01-22 10:54:44 - [MESSAGE][PASSED] - Object '' is present

2021-01-22 10:54:44 - [MESSAGE][PASSED] - Object: '' is clicked on

2021-01-22 10:54:44 - [MESSAGE][PASSED] - Switched to window with index: '0'

2021-01-22 10:54:44 - [MESSAGE][PASSED] - Click button "Logout"

2021-01-22 10:54:44 - [TEST_STEP][PASSED] - Close browser: Close browser

2021-01-22 10:54:44 - [MESSAGE][PASSED] - Browser is closed

2021-01-22 10:54:44 - [MESSAGE][PASSED] - Close browser

2021-01-22 10:54:44 - [TEST_CASE][PASSED] - Start Test Case : SCENARIO Search by STATUS Waiting Partner Confirmation: SCENARIO Search by STATUS Waiting Partner Confirmation

2021-01-22 10:54:44 - [TEST_STEP][PASSED] - Go to ISTools: Go to ISTools

2021-01-22 10:54:44 - [MESSAGE][INFO] - Starting 'Chrome (headless)' driver

2021-01-22 10:54:44 - [MESSAGE][INFO] - User set preference: ['args', '[--start-maximized, --disable-gpu, --no-proxy-server, â€“-no-sandbox, --allow-running-insecure-content, --ignore-certificate-errors, window-size=1680,814, force-device-scale-factor=2, --lang=en-GB]']

2021-01-22 10:54:44 - [MESSAGE][INFO] - User set preference: ['prefs', '{download.default_directory=/Users/chaidir.pratama01/Katalon Studio/IST_Automation_Git/Download}']

2021-01-22 10:54:44 - [MESSAGE][INFO] - Action delay is set to 0 milliseconds

2021-01-22 10:54:44 - [MESSAGE][PASSED] - Browser is opened with url: ''

2021-01-22 10:54:45 - [MESSAGE][PASSED] - Navigate to 'https://dev-istools.homecredit.id/foundation/' successfully

2021-01-22 10:54:45 - [MESSAGE][PASSED] - Go to ISTools

2021-01-22 10:54:45 - [TEST_STEP][PASSED] - Login IST with valid credentials: Login IST with valid credentials

2021-01-22 10:54:45 - [MESSAGE][PASSED] - Text 'mobile.test' is set on object 'Object Repository/Page_/input_Username_j_username'

2021-01-22 10:54:45 - [MESSAGE][PASSED] - Text ****** has been set on object 'Object Repository/Page_/input_Password_j_password'

2021-01-22 10:54:46 - [MESSAGE][PASSED] - Object: 'Object Repository/Page_/button_Login' is clicked on

2021-01-22 10:54:46 - [MESSAGE][PASSED] - Login IST with valid credentials

2021-01-22 10:54:46 - [TEST_STEP][PASSED] - Login Success: Login Success

2021-01-22 10:54:46 - [MESSAGE][INFO] - Login Success

2021-01-22 10:54:46 - [MESSAGE][PASSED] - Current window maximized

2021-01-22 10:54:46 - [MESSAGE][PASSED] - Object 'Object Repository/Page_/h1_Welcome to IT Supporting Tools' is present

2021-01-22 10:54:46 - [MESSAGE][PASSED] - Login Success

2021-01-22 10:54:46 - [TEST_STEP][PASSED] - Select Arrow Menu "Real Time Disbursement": Select Arrow Menu "Real Time Disbursement"

2021-01-22 10:54:46 - [MESSAGE][PASSED] - Object: '' is clicked on

2021-01-22 10:54:46 - [MESSAGE][PASSED] - Select Arrow Menu "Real Time Disbursement"

2021-01-22 10:54:46 - [TEST_STEP][PASSED] - Select Menu "Dashboard for CCC/OCS": Select Menu "Dashboard for CCC/OCS"

2021-01-22 10:54:46 - [MESSAGE][PASSED] - Taking screenshot successfully
[[ATTACHMENT|/Users/chaidir.pratama01/Documents/Docs/Katalon Studio/Screenshot/test-Dashboard for CCC/OCS.png]]

2021-01-22 10:54:46 - [MESSAGE][PASSED] - Object '' is present

2021-01-22 10:54:46 - [MESSAGE][PASSED] - Object: '' is clicked on

2021-01-22 10:54:46 - [MESSAGE][PASSED] - Wait for page load successfully

2021-01-22 10:54:46 - [MESSAGE][PASSED] - Select Menu "Dashboard for CCC/OCS"

2021-01-22 10:54:46 - [TEST_STEP][PASSED] - Select STATUS "Waiting Partner Confirmation": Select STATUS "Waiting Partner Confirmation"

2021-01-22 10:54:47 - [MESSAGE][PASSED] - All options with value 'Waiting Partner Confirmation' are selected in object ''  using regular expression

2021-01-22 10:54:47 - [MESSAGE][PASSED] - Select STATUS "Waiting Partner Confirmation"

2021-01-22 10:54:47 - [TEST_STEP][PASSED] - Click button "Search": Click button "Search"

2021-01-22 10:54:47 - [MESSAGE][INFO] - >>>>>//Button[contains(text(),'Search')]

2021-01-22 10:54:50 - [MESSAGE][PASSED] - Object '' is present

2021-01-22 10:54:50 - [MESSAGE][PASSED] - Object: '' is clicked on

2021-01-22 10:54:50 - [MESSAGE][PASSED] - Switched to window with index: '0'

2021-01-22 10:54:50 - [MESSAGE][PASSED] - Click button "Search"

2021-01-22 10:54:50 - [TEST_STEP][PASSED] - Verify Search Result Presents: Verify Search Result Presents

2021-01-22 10:54:50 - [MESSAGE][PASSED] - Object '' is present

2021-01-22 10:54:54 - [MESSAGE][PASSED] - Verify Search Result Presents

2021-01-22 10:54:54 - [TEST_STEP][PASSED] - Click button "Logout": Click button "Logout"

2021-01-22 10:54:54 - [MESSAGE][INFO] - >>>>>//Button[contains(text(),'Logout')]

2021-01-22 10:54:57 - [MESSAGE][PASSED] - Object '' is present

2021-01-22 10:54:58 - [MESSAGE][PASSED] - Object: '' is clicked on

2021-01-22 10:54:58 - [MESSAGE][PASSED] - Switched to window with index: '0'

2021-01-22 10:54:58 - [MESSAGE][PASSED] - Click button "Logout"

2021-01-22 10:54:58 - [TEST_STEP][PASSED] - Close browser: Close browser

2021-01-22 10:54:58 - [MESSAGE][PASSED] - Browser is closed

2021-01-22 10:54:58 - [MESSAGE][PASSED] - Close browser

2021-01-22 10:54:58 - [TEST_CASE][PASSED] - Start Test Case : SCENARIO Search by STATUS Success to Disburse: SCENARIO Search by STATUS Success to Disburse

2021-01-22 10:54:58 - [TEST_STEP][PASSED] - Go to ISTools: Go to ISTools

2021-01-22 10:54:58 - [MESSAGE][INFO] - Starting 'Chrome (headless)' driver

2021-01-22 10:54:58 - [MESSAGE][INFO] - User set preference: ['args', '[--start-maximized, --disable-gpu, --no-proxy-server, â€“-no-sandbox, --allow-running-insecure-content, --ignore-certificate-errors, window-size=1680,814, force-device-scale-factor=2, --lang=en-GB]']

2021-01-22 10:54:58 - [MESSAGE][INFO] - User set preference: ['prefs', '{download.default_directory=/Users/chaidir.pratama01/Katalon Studio/IST_Automation_Git/Download}']

2021-01-22 10:54:58 - [MESSAGE][INFO] - Action delay is set to 0 milliseconds

2021-01-22 10:54:58 - [MESSAGE][PASSED] - Browser is opened with url: ''

2021-01-22 10:54:59 - [MESSAGE][PASSED] - Navigate to 'https://dev-istools.homecredit.id/foundation/' successfully

2021-01-22 10:54:59 - [MESSAGE][PASSED] - Go to ISTools

2021-01-22 10:54:59 - [TEST_STEP][PASSED] - Login IST with valid credentials: Login IST with valid credentials

2021-01-22 10:54:59 - [MESSAGE][PASSED] - Text 'mobile.test' is set on object 'Object Repository/Page_/input_Username_j_username'

2021-01-22 10:54:59 - [MESSAGE][PASSED] - Text ****** has been set on object 'Object Repository/Page_/input_Password_j_password'

2021-01-22 10:54:59 - [MESSAGE][PASSED] - Object: 'Object Repository/Page_/button_Login' is clicked on

2021-01-22 10:54:59 - [MESSAGE][PASSED] - Login IST with valid credentials

2021-01-22 10:54:59 - [TEST_STEP][PASSED] - Login Success: Login Success

2021-01-22 10:54:59 - [MESSAGE][INFO] - Login Success

2021-01-22 10:54:59 - [MESSAGE][PASSED] - Current window maximized

2021-01-22 10:54:59 - [MESSAGE][PASSED] - Object 'Object Repository/Page_/h1_Welcome to IT Supporting Tools' is present

2021-01-22 10:54:59 - [MESSAGE][PASSED] - Login Success

2021-01-22 10:54:59 - [TEST_STEP][PASSED] - Select Arrow Menu "Real Time Disbursement": Select Arrow Menu "Real Time Disbursement"

2021-01-22 10:54:59 - [MESSAGE][PASSED] - Object: '' is clicked on

2021-01-22 10:54:59 - [MESSAGE][PASSED] - Select Arrow Menu "Real Time Disbursement"

2021-01-22 10:54:59 - [TEST_STEP][PASSED] - Select Menu "Dashboard for CCC/OCS": Select Menu "Dashboard for CCC/OCS"

2021-01-22 10:55:00 - [MESSAGE][PASSED] - Taking screenshot successfully
[[ATTACHMENT|/Users/chaidir.pratama01/Documents/Docs/Katalon Studio/Screenshot/test-Dashboard for CCC/OCS.png]]

2021-01-22 10:55:00 - [MESSAGE][PASSED] - Object '' is present

2021-01-22 10:55:00 - [MESSAGE][PASSED] - Object: '' is clicked on

2021-01-22 10:55:00 - [MESSAGE][PASSED] - Wait for page load successfully

2021-01-22 10:55:00 - [MESSAGE][PASSED] - Select Menu "Dashboard for CCC/OCS"

2021-01-22 10:55:00 - [TEST_STEP][PASSED] - Select STATUS "Success to Disburse": Select STATUS "Success to Disburse"

2021-01-22 10:55:01 - [MESSAGE][PASSED] - All options with value 'Success to Disburse' are selected in object ''  using regular expression

2021-01-22 10:55:01 - [MESSAGE][PASSED] - Select STATUS "Success to Disburse"

2021-01-22 10:55:01 - [TEST_STEP][PASSED] - Click button "Search": Click button "Search"

2021-01-22 10:55:01 - [MESSAGE][INFO] - >>>>>//Button[contains(text(),'Search')]

2021-01-22 10:55:04 - [MESSAGE][PASSED] - Object '' is present

2021-01-22 10:55:04 - [MESSAGE][PASSED] - Object: '' is clicked on

2021-01-22 10:55:04 - [MESSAGE][PASSED] - Switched to window with index: '0'

2021-01-22 10:55:04 - [MESSAGE][PASSED] - Click button "Search"

2021-01-22 10:55:04 - [TEST_STEP][PASSED] - Verify Search Result Presents: Verify Search Result Presents

2021-01-22 10:55:04 - [MESSAGE][PASSED] - Object '' is present

2021-01-22 10:55:04 - [MESSAGE][PASSED] - Verify Search Result Presents

2021-01-22 10:55:04 - [TEST_STEP][PASSED] - Click button "Logout": Click button "Logout"

2021-01-22 10:55:04 - [MESSAGE][INFO] - >>>>>//Button[contains(text(),'Logout')]

2021-01-22 10:55:07 - [MESSAGE][PASSED] - Object '' is present

2021-01-22 10:55:07 - [MESSAGE][PASSED] - Object: '' is clicked on

2021-01-22 10:55:07 - [MESSAGE][PASSED] - Switched to window with index: '0'

2021-01-22 10:55:07 - [MESSAGE][PASSED] - Click button "Logout"

2021-01-22 10:55:07 - [TEST_STEP][PASSED] - Close browser: Close browser

2021-01-22 10:55:07 - [MESSAGE][PASSED] - Browser is closed

2021-01-22 10:55:07 - [MESSAGE][PASSED] - Close browser

2021-01-22 10:55:07 - [MESSAGE][PASSED] - Feature file: 'Include/features/IST_Real/RTD/Dashboard_for_CCC_OCS/Search_by_STATUS_CCC_OCS.feature' was passed]]></system-out>
         <system-err><![CDATA[]]></system-err>
      </testcase>
      <testcase name="Test Cases/RTD/Dashboard for CCC OCS/TC_Search_by_Contract_Number_CCC_OCS" time="6.709" classname="Test Cases/RTD/Dashboard for CCC OCS/TC_Search_by_Contract_Number_CCC_OCS" status="PASSED">
         <system-out><![CDATA[2021-01-22 10:55:08 - [TEST_CASE][PASSED] - Test Cases/RTD/Dashboard for CCC OCS/TC_Search_by_Contract_Number_CCC_OCS: Test Cases/RTD/Dashboard for CCC OCS/TC_Search_by_Contract_Number_CCC_OCS

2021-01-22 10:55:08 - [TEST_STEP][PASSED] - runFeatureFile("Include/features/IST_Real/RTD/Dashboard_for_CCC_OCS/Search_by_Contract_Number_CCC_OCS.feature"): Feature file: 'Include/features/IST_Real/RTD/Dashboard_for_CCC_OCS/Search_by_Contract_Number_CCC_OCS.feature' was passed

2021-01-22 10:55:08 - [MESSAGE][INFO] - Starting run keyword runFeatureFile: 'Include/features/IST_Real/RTD/Dashboard_for_CCC_OCS/Search_by_Contract_Number_CCC_OCS.feature' and extract report to folder: '/Users/chaidir.pratama01/Katalon Studio/IST_Automation_Git/Reports/20210122_104222/RTD/TS_Dashboard_for_CCC_OCS/20210122_104225/cucumber_report/1611287708087'...

2021-01-22 10:55:08 - [TEST_CASE][PASSED] - Start Test Case : SCENARIO Search by Contract Number and it found on Dashboard: SCENARIO Search by Contract Number and it found on Dashboard

2021-01-22 10:55:08 - [TEST_STEP][PASSED] - Go to ISTools: Go to ISTools

2021-01-22 10:55:08 - [MESSAGE][INFO] - Starting 'Chrome (headless)' driver

2021-01-22 10:55:08 - [MESSAGE][INFO] - User set preference: ['args', '[--start-maximized, --disable-gpu, --no-proxy-server, â€“-no-sandbox, --allow-running-insecure-content, --ignore-certificate-errors, window-size=1680,814, force-device-scale-factor=2, --lang=en-GB]']

2021-01-22 10:55:08 - [MESSAGE][INFO] - User set preference: ['prefs', '{download.default_directory=/Users/chaidir.pratama01/Katalon Studio/IST_Automation_Git/Download}']

2021-01-22 10:55:08 - [MESSAGE][INFO] - Action delay is set to 0 milliseconds

2021-01-22 10:55:08 - [MESSAGE][PASSED] - Browser is opened with url: ''

2021-01-22 10:55:09 - [MESSAGE][PASSED] - Navigate to 'https://dev-istools.homecredit.id/foundation/' successfully

2021-01-22 10:55:09 - [MESSAGE][PASSED] - Go to ISTools

2021-01-22 10:55:09 - [TEST_STEP][PASSED] - Login IST with valid credentials: Login IST with valid credentials

2021-01-22 10:55:09 - [MESSAGE][PASSED] - Text 'mobile.test' is set on object 'Object Repository/Page_/input_Username_j_username'

2021-01-22 10:55:09 - [MESSAGE][PASSED] - Text ****** has been set on object 'Object Repository/Page_/input_Password_j_password'

2021-01-22 10:55:09 - [MESSAGE][PASSED] - Object: 'Object Repository/Page_/button_Login' is clicked on

2021-01-22 10:55:09 - [MESSAGE][PASSED] - Login IST with valid credentials

2021-01-22 10:55:09 - [TEST_STEP][PASSED] - Login Success: Login Success

2021-01-22 10:55:09 - [MESSAGE][INFO] - Login Success

2021-01-22 10:55:10 - [MESSAGE][PASSED] - Current window maximized

2021-01-22 10:55:10 - [MESSAGE][PASSED] - Object 'Object Repository/Page_/h1_Welcome to IT Supporting Tools' is present

2021-01-22 10:55:10 - [MESSAGE][PASSED] - Login Success

2021-01-22 10:55:10 - [TEST_STEP][PASSED] - Select Arrow Menu "Real Time Disbursement": Select Arrow Menu "Real Time Disbursement"

2021-01-22 10:55:10 - [MESSAGE][PASSED] - Object: '' is clicked on

2021-01-22 10:55:10 - [MESSAGE][PASSED] - Select Arrow Menu "Real Time Disbursement"

2021-01-22 10:55:10 - [TEST_STEP][PASSED] - Select Menu "Dashboard for CCC/OCS": Select Menu "Dashboard for CCC/OCS"

2021-01-22 10:55:10 - [MESSAGE][PASSED] - Taking screenshot successfully
[[ATTACHMENT|/Users/chaidir.pratama01/Documents/Docs/Katalon Studio/Screenshot/test-Dashboard for CCC/OCS.png]]

2021-01-22 10:55:10 - [MESSAGE][PASSED] - Object '' is present

2021-01-22 10:55:10 - [MESSAGE][PASSED] - Object: '' is clicked on

2021-01-22 10:55:10 - [MESSAGE][PASSED] - Wait for page load successfully

2021-01-22 10:55:10 - [MESSAGE][PASSED] - Select Menu "Dashboard for CCC/OCS"

2021-01-22 10:55:10 - [TEST_STEP][PASSED] - Input Contract RTD in Contract Number label: Input Contract RTD in Contract Number label

2021-01-22 10:55:11 - [MESSAGE][PASSED] - Text '4000014162' is set on object ''

2021-01-22 10:55:11 - [MESSAGE][PASSED] - Input Contract RTD in Contract Number label

2021-01-22 10:55:11 - [TEST_STEP][PASSED] - Click button "Search": Click button "Search"

2021-01-22 10:55:11 - [MESSAGE][INFO] - >>>>>//Button[contains(text(),'Search')]

2021-01-22 10:55:14 - [MESSAGE][PASSED] - Object '' is present

2021-01-22 10:55:14 - [MESSAGE][PASSED] - Object: '' is clicked on

2021-01-22 10:55:14 - [MESSAGE][PASSED] - Switched to window with index: '0'

2021-01-22 10:55:14 - [MESSAGE][PASSED] - Click button "Search"

2021-01-22 10:55:14 - [TEST_STEP][PASSED] - Verify Search Result Presents: Verify Search Result Presents

2021-01-22 10:55:14 - [MESSAGE][PASSED] - Object '' is present

2021-01-22 10:55:14 - [MESSAGE][PASSED] - Verify Search Result Presents

2021-01-22 10:55:14 - [MESSAGE][PASSED] - Feature file: 'Include/features/IST_Real/RTD/Dashboard_for_CCC_OCS/Search_by_Contract_Number_CCC_OCS.feature' was passed]]></system-out>
         <system-err><![CDATA[]]></system-err>
      </testcase>
      <testcase name="Test Cases/RTD/Dashboard for CCC OCS/TC_View_Detail_CCC_OCS" time="41.223" classname="Test Cases/RTD/Dashboard for CCC OCS/TC_View_Detail_CCC_OCS" status="PASSED">
         <system-out><![CDATA[2021-01-22 10:55:14 - [TEST_CASE][PASSED] - Test Cases/RTD/Dashboard for CCC OCS/TC_View_Detail_CCC_OCS: Test Cases/RTD/Dashboard for CCC OCS/TC_View_Detail_CCC_OCS

2021-01-22 10:55:14 - [TEST_STEP][PASSED] - runFeatureFile("Include/features/IST_Real/RTD/Dashboard_for_CCC_OCS/View_Detail_CCC_OCS.feature"): Feature file: 'Include/features/IST_Real/RTD/Dashboard_for_CCC_OCS/View_Detail_CCC_OCS.feature' was passed

2021-01-22 10:55:14 - [MESSAGE][INFO] - Starting run keyword runFeatureFile: 'Include/features/IST_Real/RTD/Dashboard_for_CCC_OCS/View_Detail_CCC_OCS.feature' and extract report to folder: '/Users/chaidir.pratama01/Katalon Studio/IST_Automation_Git/Reports/20210122_104222/RTD/TS_Dashboard_for_CCC_OCS/20210122_104225/cucumber_report/1611287714801'...

2021-01-22 10:55:14 - [TEST_CASE][PASSED] - Start Test Case : SCENARIO Search by STATUS Success to Disburse and then View Detail of it: SCENARIO Search by STATUS Success to Disburse and then View Detail of it

2021-01-22 10:55:14 - [TEST_STEP][PASSED] - Go to ISTools: Go to ISTools

2021-01-22 10:55:14 - [MESSAGE][WARNING] - A browser is already opened. Closing browser and opening a new one

2021-01-22 10:55:14 - [MESSAGE][INFO] - Starting 'Chrome (headless)' driver

2021-01-22 10:55:14 - [MESSAGE][INFO] - User set preference: ['args', '[--start-maximized, --disable-gpu, --no-proxy-server, â€“-no-sandbox, --allow-running-insecure-content, --ignore-certificate-errors, window-size=1680,814, force-device-scale-factor=2, --lang=en-GB]']

2021-01-22 10:55:14 - [MESSAGE][INFO] - User set preference: ['prefs', '{download.default_directory=/Users/chaidir.pratama01/Katalon Studio/IST_Automation_Git/Download}']

2021-01-22 10:55:14 - [MESSAGE][INFO] - Action delay is set to 0 milliseconds

2021-01-22 10:55:15 - [MESSAGE][PASSED] - Browser is opened with url: ''

2021-01-22 10:55:16 - [MESSAGE][PASSED] - Navigate to 'https://dev-istools.homecredit.id/foundation/' successfully

2021-01-22 10:55:16 - [MESSAGE][PASSED] - Go to ISTools

2021-01-22 10:55:16 - [TEST_STEP][PASSED] - Login IST with valid credentials: Login IST with valid credentials

2021-01-22 10:55:16 - [MESSAGE][PASSED] - Text 'mobile.test' is set on object 'Object Repository/Page_/input_Username_j_username'

2021-01-22 10:55:16 - [MESSAGE][PASSED] - Text ****** has been set on object 'Object Repository/Page_/input_Password_j_password'

2021-01-22 10:55:16 - [MESSAGE][PASSED] - Object: 'Object Repository/Page_/button_Login' is clicked on

2021-01-22 10:55:16 - [MESSAGE][PASSED] - Login IST with valid credentials

2021-01-22 10:55:16 - [TEST_STEP][PASSED] - Login Success: Login Success

2021-01-22 10:55:16 - [MESSAGE][INFO] - Login Success

2021-01-22 10:55:16 - [MESSAGE][PASSED] - Current window maximized

2021-01-22 10:55:17 - [MESSAGE][PASSED] - Object 'Object Repository/Page_/h1_Welcome to IT Supporting Tools' is present

2021-01-22 10:55:17 - [MESSAGE][PASSED] - Login Success

2021-01-22 10:55:17 - [TEST_STEP][PASSED] - Select Arrow Menu "Real Time Disbursement": Select Arrow Menu "Real Time Disbursement"

2021-01-22 10:55:17 - [MESSAGE][PASSED] - Object: '' is clicked on

2021-01-22 10:55:17 - [MESSAGE][PASSED] - Select Arrow Menu "Real Time Disbursement"

2021-01-22 10:55:17 - [TEST_STEP][PASSED] - Select Menu "Dashboard for CCC/OCS": Select Menu "Dashboard for CCC/OCS"

2021-01-22 10:55:17 - [MESSAGE][PASSED] - Taking screenshot successfully
[[ATTACHMENT|/Users/chaidir.pratama01/Documents/Docs/Katalon Studio/Screenshot/test-Dashboard for CCC/OCS.png]]

2021-01-22 10:55:17 - [MESSAGE][PASSED] - Object '' is present

2021-01-22 10:55:17 - [MESSAGE][PASSED] - Object: '' is clicked on

2021-01-22 10:55:17 - [MESSAGE][PASSED] - Wait for page load successfully

2021-01-22 10:55:17 - [MESSAGE][PASSED] - Select Menu "Dashboard for CCC/OCS"

2021-01-22 10:55:17 - [TEST_STEP][PASSED] - Select STATUS "Success to Disburse": Select STATUS "Success to Disburse"

2021-01-22 10:55:18 - [MESSAGE][PASSED] - All options with value 'Success to Disburse' are selected in object ''  using regular expression

2021-01-22 10:55:18 - [MESSAGE][PASSED] - Select STATUS "Success to Disburse"

2021-01-22 10:55:18 - [TEST_STEP][PASSED] - Click button "Search": Click button "Search"

2021-01-22 10:55:18 - [MESSAGE][INFO] - >>>>>//Button[contains(text(),'Search')]

2021-01-22 10:55:21 - [MESSAGE][PASSED] - Object '' is present

2021-01-22 10:55:21 - [MESSAGE][PASSED] - Object: '' is clicked on

2021-01-22 10:55:21 - [MESSAGE][PASSED] - Switched to window with index: '0'

2021-01-22 10:55:21 - [MESSAGE][PASSED] - Click button "Search"

2021-01-22 10:55:21 - [TEST_STEP][PASSED] - Verify Search Result Presents: Verify Search Result Presents

2021-01-22 10:55:21 - [MESSAGE][PASSED] - Object '' is present

2021-01-22 10:55:21 - [MESSAGE][PASSED] - Verify Search Result Presents

2021-01-22 10:55:21 - [TEST_STEP][PASSED] - Click View Detail: Click View Detail

2021-01-22 10:55:21 - [MESSAGE][PASSED] - Object '' is present

2021-01-22 10:55:21 - [MESSAGE][PASSED] - Object: '' is clicked on

2021-01-22 10:55:21 - [MESSAGE][PASSED] - Click View Detail

2021-01-22 10:55:21 - [TEST_STEP][PASSED] - Verify Information in View Detail: Verify Information in View Detail

2021-01-22 10:55:24 - [MESSAGE][PASSED] - Delayed 3 second(s)

2021-01-22 10:55:24 - [MESSAGE][PASSED] - Attribute 'value' of object '' is: '3900014152'

2021-01-22 10:55:27 - [MESSAGE][PASSED] - Delayed 3 second(s)

2021-01-22 10:55:28 - [MESSAGE][PASSED] - Attribute 'value' of object '' is: 'IDITXLeks TESTERbIvIvO'

2021-01-22 10:55:31 - [MESSAGE][PASSED] - Delayed 3 second(s)

2021-01-22 10:55:31 - [MESSAGE][PASSED] - Attribute 'value' of object '' is: 'Success to Disburse'

2021-01-22 10:55:34 - [MESSAGE][PASSED] - Delayed 3 second(s)

2021-01-22 10:55:34 - [MESSAGE][PASSED] - Attribute 'value' of object '' is: 'Rp 7,000,000'

2021-01-22 10:55:37 - [MESSAGE][PASSED] - Delayed 3 second(s)

2021-01-22 10:55:37 - [MESSAGE][PASSED] - Attribute 'value' of object '' is: 'KESEJAHTERAAN EKONOMI'

2021-01-22 10:55:40 - [MESSAGE][PASSED] - Delayed 3 second(s)

2021-01-22 10:55:40 - [MESSAGE][PASSED] - Attribute 'value' of object '' is: '1'

2021-01-22 10:55:43 - [MESSAGE][PASSED] - Delayed 3 second(s)

2021-01-22 10:55:43 - [MESSAGE][PASSED] - Attribute 'value' of object '' is: 'NAMA ADA DISINI'

2021-01-22 10:55:46 - [MESSAGE][PASSED] - Delayed 3 second(s)

2021-01-22 10:55:46 - [MESSAGE][PASSED] - Attribute 'value' of object '' is: 'KESEJAHTERAAN EKONOMI'

2021-01-22 10:55:49 - [MESSAGE][PASSED] - Delayed 3 second(s)

2021-01-22 10:55:49 - [MESSAGE][PASSED] - Attribute 'value' of object '' is: ''

2021-01-22 10:55:52 - [MESSAGE][PASSED] - Delayed 3 second(s)

2021-01-22 10:55:52 - [MESSAGE][PASSED] - Attribute 'value' of object '' is: ''

2021-01-22 10:55:52 - [MESSAGE][PASSED] - Text of object '' is: 'Date'

2021-01-22 10:55:52 - [MESSAGE][PASSED] - Text of object '' is: 'Status'

2021-01-22 10:55:52 - [MESSAGE][PASSED] - Text of object '' is: 'Updated Information'

2021-01-22 10:55:52 - [MESSAGE][PASSED] - Text of object '' is: 'Last Update By'

2021-01-22 10:55:52 - [MESSAGE][PASSED] - Text of object '' is: 'Department'

2021-01-22 10:55:52 - [MESSAGE][PASSED] - Verify Information in View Detail

2021-01-22 10:55:52 - [TEST_STEP][PASSED] - Click button "Logout": Click button "Logout"

2021-01-22 10:55:52 - [MESSAGE][INFO] - >>>>>//Button[contains(text(),'Logout')]

2021-01-22 10:55:55 - [MESSAGE][PASSED] - Object '' is present

2021-01-22 10:55:55 - [MESSAGE][PASSED] - Object: '' is clicked on

2021-01-22 10:55:55 - [MESSAGE][PASSED] - Switched to window with index: '0'

2021-01-22 10:55:55 - [MESSAGE][PASSED] - Click button "Logout"

2021-01-22 10:55:55 - [TEST_STEP][PASSED] - Close browser: Close browser

2021-01-22 10:55:55 - [MESSAGE][PASSED] - Browser is closed

2021-01-22 10:55:55 - [MESSAGE][PASSED] - Close browser

2021-01-22 10:55:55 - [MESSAGE][PASSED] - Feature file: 'Include/features/IST_Real/RTD/Dashboard_for_CCC_OCS/View_Detail_CCC_OCS.feature' was passed]]></system-out>
         <system-err><![CDATA[]]></system-err>
      </testcase>
      <testcase name="Test Cases/RTD/Dashboard for CCC OCS/TC_Export_Data_CCC_OCS" time="9.741" classname="Test Cases/RTD/Dashboard for CCC OCS/TC_Export_Data_CCC_OCS" status="PASSED">
         <system-out><![CDATA[2021-01-22 10:55:55 - [TEST_CASE][PASSED] - Test Cases/RTD/Dashboard for CCC OCS/TC_Export_Data_CCC_OCS: Test Cases/RTD/Dashboard for CCC OCS/TC_Export_Data_CCC_OCS

2021-01-22 10:55:56 - [TEST_STEP][PASSED] - runFeatureFile("Include/features/IST_Real/RTD/Dashboard_for_CCC_OCS/Export_Data_CCC_OCS.feature"): Feature file: 'Include/features/IST_Real/RTD/Dashboard_for_CCC_OCS/Export_Data_CCC_OCS.feature' was passed

2021-01-22 10:55:56 - [MESSAGE][INFO] - Starting run keyword runFeatureFile: 'Include/features/IST_Real/RTD/Dashboard_for_CCC_OCS/Export_Data_CCC_OCS.feature' and extract report to folder: '/Users/chaidir.pratama01/Katalon Studio/IST_Automation_Git/Reports/20210122_104222/RTD/TS_Dashboard_for_CCC_OCS/20210122_104225/cucumber_report/1611287756020'...

2021-01-22 10:55:56 - [TEST_CASE][PASSED] - Start Test Case : SCENARIO Export Data: SCENARIO Export Data

2021-01-22 10:55:56 - [TEST_STEP][PASSED] - Go to ISTools: Go to ISTools

2021-01-22 10:55:56 - [MESSAGE][INFO] - Starting 'Chrome (headless)' driver

2021-01-22 10:55:56 - [MESSAGE][INFO] - User set preference: ['args', '[--start-maximized, --disable-gpu, --no-proxy-server, â€“-no-sandbox, --allow-running-insecure-content, --ignore-certificate-errors, window-size=1680,814, force-device-scale-factor=2, --lang=en-GB]']

2021-01-22 10:55:56 - [MESSAGE][INFO] - User set preference: ['prefs', '{download.default_directory=/Users/chaidir.pratama01/Katalon Studio/IST_Automation_Git/Download}']

2021-01-22 10:55:56 - [MESSAGE][INFO] - Action delay is set to 0 milliseconds

2021-01-22 10:55:56 - [MESSAGE][PASSED] - Browser is opened with url: ''

2021-01-22 10:55:57 - [MESSAGE][PASSED] - Navigate to 'https://dev-istools.homecredit.id/foundation/' successfully

2021-01-22 10:55:57 - [MESSAGE][PASSED] - Go to ISTools

2021-01-22 10:55:57 - [TEST_STEP][PASSED] - Login IST with valid credentials: Login IST with valid credentials

2021-01-22 10:55:57 - [MESSAGE][PASSED] - Text 'mobile.test' is set on object 'Object Repository/Page_/input_Username_j_username'

2021-01-22 10:55:57 - [MESSAGE][PASSED] - Text ****** has been set on object 'Object Repository/Page_/input_Password_j_password'

2021-01-22 10:55:57 - [MESSAGE][PASSED] - Object: 'Object Repository/Page_/button_Login' is clicked on

2021-01-22 10:55:57 - [MESSAGE][PASSED] - Login IST with valid credentials

2021-01-22 10:55:57 - [TEST_STEP][PASSED] - Login Success: Login Success

2021-01-22 10:55:57 - [MESSAGE][INFO] - Login Success

2021-01-22 10:55:57 - [MESSAGE][PASSED] - Current window maximized

2021-01-22 10:55:57 - [MESSAGE][PASSED] - Object 'Object Repository/Page_/h1_Welcome to IT Supporting Tools' is present

2021-01-22 10:55:57 - [MESSAGE][PASSED] - Login Success

2021-01-22 10:55:57 - [TEST_STEP][PASSED] - Select Arrow Menu "Real Time Disbursement": Select Arrow Menu "Real Time Disbursement"

2021-01-22 10:55:58 - [MESSAGE][PASSED] - Object: '' is clicked on

2021-01-22 10:55:58 - [MESSAGE][PASSED] - Select Arrow Menu "Real Time Disbursement"

2021-01-22 10:55:58 - [TEST_STEP][PASSED] - Select Menu "Dashboard for CCC/OCS": Select Menu "Dashboard for CCC/OCS"

2021-01-22 10:55:58 - [MESSAGE][PASSED] - Taking screenshot successfully
[[ATTACHMENT|/Users/chaidir.pratama01/Documents/Docs/Katalon Studio/Screenshot/test-Dashboard for CCC/OCS.png]]

2021-01-22 10:55:58 - [MESSAGE][PASSED] - Object '' is present

2021-01-22 10:55:58 - [MESSAGE][PASSED] - Object: '' is clicked on

2021-01-22 10:55:58 - [MESSAGE][PASSED] - Wait for page load successfully

2021-01-22 10:55:58 - [MESSAGE][PASSED] - Select Menu "Dashboard for CCC/OCS"

2021-01-22 10:55:58 - [TEST_STEP][PASSED] - Input Contract RTD in Contract Number label: Input Contract RTD in Contract Number label

2021-01-22 10:55:58 - [MESSAGE][PASSED] - Text '4000014162' is set on object ''

2021-01-22 10:55:58 - [MESSAGE][PASSED] - Input Contract RTD in Contract Number label

2021-01-22 10:55:58 - [TEST_STEP][PASSED] - Click button "Search": Click button "Search"

2021-01-22 10:55:58 - [MESSAGE][INFO] - >>>>>//Button[contains(text(),'Search')]

2021-01-22 10:56:01 - [MESSAGE][PASSED] - Object '' is present

2021-01-22 10:56:01 - [MESSAGE][PASSED] - Object: '' is clicked on

2021-01-22 10:56:01 - [MESSAGE][PASSED] - Switched to window with index: '0'

2021-01-22 10:56:01 - [MESSAGE][PASSED] - Click button "Search"

2021-01-22 10:56:01 - [TEST_STEP][PASSED] - Verify Table Filled: Verify Table Filled

2021-01-22 10:56:02 - [MESSAGE][PASSED] - Object '' is present

2021-01-22 10:56:02 - [MESSAGE][PASSED] - Verify Table Filled

2021-01-22 10:56:02 - [TEST_STEP][PASSED] - Click button "Export Data": Click button "Export Data"

2021-01-22 10:56:02 - [MESSAGE][INFO] - >>>>>//Button[contains(text(),'Export Data')]

2021-01-22 10:56:05 - [MESSAGE][PASSED] - Object: '' is clicked on

2021-01-22 10:56:05 - [MESSAGE][PASSED] - Taking screenshot successfully
[[ATTACHMENT|/Users/chaidir.pratama01/Documents/Docs/Katalon Studio/Screenshot/Download_data.png]]

2021-01-22 10:56:05 - [MESSAGE][PASSED] - Click button "Export Data"

2021-01-22 10:56:05 - [MESSAGE][PASSED] - Feature file: 'Include/features/IST_Real/RTD/Dashboard_for_CCC_OCS/Export_Data_CCC_OCS.feature' was passed]]></system-out>
         <system-err><![CDATA[]]></system-err>
      </testcase>
      <system-out><![CDATA[2021-01-22 10:52:08 - [TEST_SUITE][PASSED] - TS_Dashboard_for_CCC_OCS: Test Cases/RTD/Dashboard for CCC OCS/TC_Export_Data_CCC_OCS]]></system-out>
      <system-err><![CDATA[]]></system-err>
   </testsuite>
   <testsuite name="TS_Dashboard_for_BO_In_Payment" tests="5" failures="0" errors="0" time="255.192" timestamp="2021-01-22 10:56:19" hostname="chaidir.pratama01 - localhost" id="Test Suites/RTD/TS_Dashboard_for_BO_In_Payment">
      <properties>
         <property name="deviceName" value=""/>
         <property name="devicePlatform" value=""/>
         <property name="logFolder" value="/Users/chaidir.pratama01/Katalon Studio/IST_Automation_Git/Reports/20210122_104222/RTD/TS_Dashboard_for_BO_In_Payment/20210122_104226"/>
         <property name="logFiles" value="/Users/chaidir.pratama01/Katalon Studio/IST_Automation_Git/Reports/20210122_104222/RTD/TS_Dashboard_for_BO_In_Payment/20210122_104226/execution0.log"/>
         <property name="attachments" value="/Users/chaidir.pratama01/Documents/Docs/Katalon Studio/Screenshot/test-Dashboard for BO In Payment.png, /Users/chaidir.pratama01/Documents/Docs/Katalon Studio/Screenshot/test-Dashboard for BO In Payment.png, /Users/chaidir.pratama01/Documents/Docs/Katalon Studio/Screenshot/test-Dashboard for BO In Payment.png, /Users/chaidir.pratama01/Documents/Docs/Katalon Studio/Screenshot/test-Dashboard for BO In Payment.png, /Users/chaidir.pratama01/Documents/Docs/Katalon Studio/Screenshot/test-Dashboard for BO In Payment.png, /Users/chaidir.pratama01/Documents/Docs/Katalon Studio/Screenshot/test-Dashboard for BO In Payment.png, /Users/chaidir.pratama01/Documents/Docs/Katalon Studio/Screenshot/test-Dashboard for BO In Payment.png, /Users/chaidir.pratama01/Katalon Studio/IST_Automation_Git/Reports/20210122_104222/RTD/TS_Dashboard_for_BO_In_Payment/20210122_104226/1611287871856.png, /Users/chaidir.pratama01/Documents/Docs/Katalon Studio/Screenshot/test-Dashboard for BO In Payment.png, /Users/chaidir.pratama01/Katalon Studio/IST_Automation_Git/Reports/20210122_104222/RTD/TS_Dashboard_for_BO_In_Payment/20210122_104226/1611287886689.png, /Users/chaidir.pratama01/Documents/Docs/Katalon Studio/Screenshot/test-Dashboard for BO In Payment.png, /Users/chaidir.pratama01/Documents/Docs/Katalon Studio/Screenshot/test-Dashboard for BO In Payment.png, /Users/chaidir.pratama01/Documents/Docs/Katalon Studio/Screenshot/test-Dashboard for BO In Payment.png, /Users/chaidir.pratama01/Documents/Docs/Katalon Studio/Screenshot/test-Dashboard for BO In Payment.png, /Users/chaidir.pratama01/Documents/Docs/Katalon Studio/Screenshot/test-Dashboard for BO In Payment.png, /Users/chaidir.pratama01/Documents/Docs/Katalon Studio/Screenshot/Download_data.png, /Users/chaidir.pratama01/Documents/Docs/Katalon Studio/Screenshot/test-Dashboard for BO In Payment.png, /Users/chaidir.pratama01/Documents/Docs/Katalon Studio/Screenshot/errorpopup.png, /Users/chaidir.pratama01/Documents/Docs/Katalon Studio/Screenshot/test-Dashboard for BO In Payment.png, /Users/chaidir.pratama01/Documents/Docs/Katalon Studio/Screenshot/errorpopup.png, /Users/chaidir.pratama01/Documents/Docs/Katalon Studio/Screenshot/test-Dashboard for BO In Payment.png"/>
         <property name="hostName" value="chaidir.pratama01 - localhost"/>
         <property name="os" value="Mac OS X 64bit"/>
         <property name="katalonVersion" value="7.6.0.${buildNumber}"/>
         <property name="browser" value="Chrome 87.0.4280.141"/>
         <property name="hostAddress" value="127.0.0.1"/>
         <property name="sessionId" value="8b527d6e357e3a95b5e006002b74168c"/>
         <property name="seleniumVersion" value="3.141.59"/>
         <property name="proxyInformation" value="ProxyInformation { proxyOption=NO_PROXY, proxyServerType=HTTP, username=, password=********, proxyServerAddress=, proxyServerPort=0, executionList=\&quot;\&quot;, isApplyToDesiredCapabilities=true }"/>
         <property name="platform" value="Mac OS X"/>
      </properties>
      <testcase name="Test Cases/RTD/Dashboard for BO in Payment/TC_Search_by_Status" time="153.827" classname="Test Cases/RTD/Dashboard for BO in Payment/TC_Search_by_Status" status="PASSED">
         <system-out><![CDATA[2021-01-22 10:56:20 - [TEST_CASE][PASSED] - Test Cases/RTD/Dashboard for BO in Payment/TC_Search_by_Status: Test Cases/RTD/Dashboard for BO in Payment/TC_Search_by_Status

2021-01-22 10:56:20 - [TEST_STEP][PASSED] - runFeatureFile("Include/features/IST_Real/RTD/Dashboard_for_BO_In_Payment/Search_by_Status.feature"): Feature file: 'Include/features/IST_Real/RTD/Dashboard_for_BO_In_Payment/Search_by_Status.feature' was passed

2021-01-22 10:56:20 - [MESSAGE][INFO] - Starting run keyword runFeatureFile: 'Include/features/IST_Real/RTD/Dashboard_for_BO_In_Payment/Search_by_Status.feature' and extract report to folder: '/Users/chaidir.pratama01/Katalon Studio/IST_Automation_Git/Reports/20210122_104222/RTD/TS_Dashboard_for_BO_In_Payment/20210122_104226/cucumber_report/1611287780292'...

2021-01-22 10:56:20 - [TEST_CASE][PASSED] - Start Test Case : SCENARIO Search by STATUS Eligible to Disburse: SCENARIO Search by STATUS Eligible to Disburse

2021-01-22 10:56:20 - [TEST_STEP][PASSED] - Go to ISTools: Go to ISTools

2021-01-22 10:56:20 - [MESSAGE][INFO] - Starting 'Chrome (headless)' driver

2021-01-22 10:56:20 - [MESSAGE][INFO] - User set preference: ['args', '[--start-maximized, --disable-gpu, --no-proxy-server, â€“-no-sandbox, --allow-running-insecure-content, --ignore-certificate-errors, window-size=1680,814, force-device-scale-factor=2, --lang=en-GB]']

2021-01-22 10:56:20 - [MESSAGE][INFO] - User set preference: ['prefs', '{download.default_directory=/Users/chaidir.pratama01/Katalon Studio/IST_Automation_Git/Download}']

2021-01-22 10:56:20 - [MESSAGE][INFO] - Action delay is set to 0 milliseconds

2021-01-22 10:56:21 - [MESSAGE][PASSED] - Browser is opened with url: ''

2021-01-22 10:56:24 - [MESSAGE][PASSED] - Navigate to 'https://dev-istools.homecredit.id/foundation/' successfully

2021-01-22 10:56:24 - [MESSAGE][PASSED] - Go to ISTools

2021-01-22 10:56:24 - [TEST_STEP][PASSED] - Login IST with valid credentials: Login IST with valid credentials

2021-01-22 10:56:25 - [MESSAGE][PASSED] - Text 'mobile.test' is set on object 'Object Repository/Page_/input_Username_j_username'

2021-01-22 10:56:25 - [MESSAGE][PASSED] - Text ****** has been set on object 'Object Repository/Page_/input_Password_j_password'

2021-01-22 10:56:26 - [MESSAGE][PASSED] - Object: 'Object Repository/Page_/button_Login' is clicked on

2021-01-22 10:56:26 - [MESSAGE][PASSED] - Login IST with valid credentials

2021-01-22 10:56:26 - [TEST_STEP][PASSED] - Login Success: Login Success

2021-01-22 10:56:26 - [MESSAGE][INFO] - Login Success

2021-01-22 10:56:26 - [MESSAGE][PASSED] - Current window maximized

2021-01-22 10:56:26 - [MESSAGE][PASSED] - Object 'Object Repository/Page_/h1_Welcome to IT Supporting Tools' is present

2021-01-22 10:56:26 - [MESSAGE][PASSED] - Login Success

2021-01-22 10:56:26 - [TEST_STEP][PASSED] - Select Arrow Menu "Real Time Disbursement": Select Arrow Menu "Real Time Disbursement"

2021-01-22 10:56:26 - [MESSAGE][PASSED] - Object: '' is clicked on

2021-01-22 10:56:26 - [MESSAGE][PASSED] - Select Arrow Menu "Real Time Disbursement"

2021-01-22 10:56:26 - [TEST_STEP][PASSED] - Select Menu "Dashboard for BO In Payment": Select Menu "Dashboard for BO In Payment"

2021-01-22 10:56:26 - [MESSAGE][PASSED] - Taking screenshot successfully
[[ATTACHMENT|/Users/chaidir.pratama01/Documents/Docs/Katalon Studio/Screenshot/test-Dashboard for BO In Payment.png]]

2021-01-22 10:56:26 - [MESSAGE][PASSED] - Object '' is present

2021-01-22 10:56:26 - [MESSAGE][PASSED] - Object: '' is clicked on

2021-01-22 10:56:27 - [MESSAGE][PASSED] - Wait for page load successfully

2021-01-22 10:56:27 - [MESSAGE][PASSED] - Select Menu "Dashboard for BO In Payment"

2021-01-22 10:56:27 - [TEST_STEP][PASSED] - Select STATUS "Eligible to disburse": Select STATUS "Eligible to disburse"

2021-01-22 10:56:27 - [MESSAGE][PASSED] - All options with value 'Eligible to disburse' are selected in object ''  using regular expression

2021-01-22 10:56:27 - [MESSAGE][PASSED] - Select STATUS "Eligible to disburse"

2021-01-22 10:56:27 - [TEST_STEP][PASSED] - Click button "Search": Click button "Search"

2021-01-22 10:56:27 - [MESSAGE][INFO] - >>>>>//Button[contains(text(),'Search')]

2021-01-22 10:56:30 - [MESSAGE][PASSED] - Object '' is present

2021-01-22 10:56:30 - [MESSAGE][PASSED] - Object: '' is clicked on

2021-01-22 10:56:30 - [MESSAGE][PASSED] - Switched to window with index: '0'

2021-01-22 10:56:30 - [MESSAGE][PASSED] - Click button "Search"

2021-01-22 10:56:30 - [TEST_STEP][PASSED] - Verify Search Result Presents: Verify Search Result Presents

2021-01-22 10:56:30 - [MESSAGE][PASSED] - Object '' is present

2021-01-22 10:56:37 - [MESSAGE][PASSED] - Verify Search Result Presents

2021-01-22 10:56:37 - [TEST_STEP][PASSED] - Click button "Logout": Click button "Logout"

2021-01-22 10:56:37 - [MESSAGE][INFO] - >>>>>//Button[contains(text(),'Logout')]

2021-01-22 10:56:40 - [MESSAGE][PASSED] - Object '' is present

2021-01-22 10:56:40 - [MESSAGE][PASSED] - Object: '' is clicked on

2021-01-22 10:56:41 - [MESSAGE][PASSED] - Switched to window with index: '0'

2021-01-22 10:56:41 - [MESSAGE][PASSED] - Click button "Logout"

2021-01-22 10:56:41 - [TEST_STEP][PASSED] - Close browser: Close browser

2021-01-22 10:56:41 - [MESSAGE][PASSED] - Browser is closed

2021-01-22 10:56:41 - [MESSAGE][PASSED] - Close browser

2021-01-22 10:56:41 - [TEST_CASE][PASSED] - Start Test Case : SCENARIO Search by STATUS Waiting validation from Risk: SCENARIO Search by STATUS Waiting validation from Risk

2021-01-22 10:56:41 - [TEST_STEP][PASSED] - Go to ISTools: Go to ISTools

2021-01-22 10:56:41 - [MESSAGE][INFO] - Starting 'Chrome (headless)' driver

2021-01-22 10:56:41 - [MESSAGE][INFO] - User set preference: ['args', '[--start-maximized, --disable-gpu, --no-proxy-server, â€“-no-sandbox, --allow-running-insecure-content, --ignore-certificate-errors, window-size=1680,814, force-device-scale-factor=2, --lang=en-GB]']

2021-01-22 10:56:41 - [MESSAGE][INFO] - User set preference: ['prefs', '{download.default_directory=/Users/chaidir.pratama01/Katalon Studio/IST_Automation_Git/Download}']

2021-01-22 10:56:41 - [MESSAGE][INFO] - Action delay is set to 0 milliseconds

2021-01-22 10:56:41 - [MESSAGE][PASSED] - Browser is opened with url: ''

2021-01-22 10:56:43 - [MESSAGE][PASSED] - Navigate to 'https://dev-istools.homecredit.id/foundation/' successfully

2021-01-22 10:56:43 - [MESSAGE][PASSED] - Go to ISTools

2021-01-22 10:56:43 - [TEST_STEP][PASSED] - Login IST with valid credentials: Login IST with valid credentials

2021-01-22 10:56:43 - [MESSAGE][PASSED] - Text 'mobile.test' is set on object 'Object Repository/Page_/input_Username_j_username'

2021-01-22 10:56:43 - [MESSAGE][PASSED] - Text ****** has been set on object 'Object Repository/Page_/input_Password_j_password'

2021-01-22 10:56:43 - [MESSAGE][PASSED] - Object: 'Object Repository/Page_/button_Login' is clicked on

2021-01-22 10:56:43 - [MESSAGE][PASSED] - Login IST with valid credentials

2021-01-22 10:56:43 - [TEST_STEP][PASSED] - Login Success: Login Success

2021-01-22 10:56:43 - [MESSAGE][INFO] - Login Success

2021-01-22 10:56:43 - [MESSAGE][PASSED] - Current window maximized

2021-01-22 10:56:43 - [MESSAGE][PASSED] - Object 'Object Repository/Page_/h1_Welcome to IT Supporting Tools' is present

2021-01-22 10:56:43 - [MESSAGE][PASSED] - Login Success

2021-01-22 10:56:43 - [TEST_STEP][PASSED] - Select Arrow Menu "Real Time Disbursement": Select Arrow Menu "Real Time Disbursement"

2021-01-22 10:56:44 - [MESSAGE][PASSED] - Object: '' is clicked on

2021-01-22 10:56:44 - [MESSAGE][PASSED] - Select Arrow Menu "Real Time Disbursement"

2021-01-22 10:56:44 - [TEST_STEP][PASSED] - Select Menu "Dashboard for BO In Payment": Select Menu "Dashboard for BO In Payment"

2021-01-22 10:56:44 - [MESSAGE][PASSED] - Taking screenshot successfully
[[ATTACHMENT|/Users/chaidir.pratama01/Documents/Docs/Katalon Studio/Screenshot/test-Dashboard for BO In Payment.png]]

2021-01-22 10:56:44 - [MESSAGE][PASSED] - Object '' is present

2021-01-22 10:56:44 - [MESSAGE][PASSED] - Object: '' is clicked on

2021-01-22 10:56:44 - [MESSAGE][PASSED] - Wait for page load successfully

2021-01-22 10:56:44 - [MESSAGE][PASSED] - Select Menu "Dashboard for BO In Payment"

2021-01-22 10:56:44 - [TEST_STEP][PASSED] - Select STATUS "Waiting validation from Risk": Select STATUS "Waiting validation from Risk"

2021-01-22 10:56:45 - [MESSAGE][PASSED] - All options with value 'Waiting validation from Risk' are selected in object ''  using regular expression

2021-01-22 10:56:45 - [MESSAGE][PASSED] - Select STATUS "Waiting validation from Risk"

2021-01-22 10:56:45 - [TEST_STEP][PASSED] - Click button "Search": Click button "Search"

2021-01-22 10:56:45 - [MESSAGE][INFO] - >>>>>//Button[contains(text(),'Search')]

2021-01-22 10:56:48 - [MESSAGE][PASSED] - Object '' is present

2021-01-22 10:56:48 - [MESSAGE][PASSED] - Object: '' is clicked on

2021-01-22 10:56:48 - [MESSAGE][PASSED] - Switched to window with index: '0'

2021-01-22 10:56:48 - [MESSAGE][PASSED] - Click button "Search"

2021-01-22 10:56:48 - [TEST_STEP][PASSED] - Verify Search Result Presents: Verify Search Result Presents

2021-01-22 10:56:48 - [MESSAGE][PASSED] - Object '' is present

2021-01-22 10:56:50 - [MESSAGE][PASSED] - Verify Search Result Presents

2021-01-22 10:56:50 - [TEST_STEP][PASSED] - Click button "Logout": Click button "Logout"

2021-01-22 10:56:50 - [MESSAGE][INFO] - >>>>>//Button[contains(text(),'Logout')]

2021-01-22 10:56:53 - [MESSAGE][PASSED] - Object '' is present

2021-01-22 10:56:53 - [MESSAGE][PASSED] - Object: '' is clicked on

2021-01-22 10:56:53 - [MESSAGE][PASSED] - Switched to window with index: '0'

2021-01-22 10:56:53 - [MESSAGE][PASSED] - Click button "Logout"

2021-01-22 10:56:53 - [TEST_STEP][PASSED] - Close browser: Close browser

2021-01-22 10:56:54 - [MESSAGE][PASSED] - Browser is closed

2021-01-22 10:56:54 - [MESSAGE][PASSED] - Close browser

2021-01-22 10:56:54 - [TEST_CASE][PASSED] - Start Test Case : SCENARIO Search by STATUS Waiting validation from In Payment: SCENARIO Search by STATUS Waiting validation from In Payment

2021-01-22 10:56:54 - [TEST_STEP][PASSED] - Go to ISTools: Go to ISTools

2021-01-22 10:56:54 - [MESSAGE][INFO] - Starting 'Chrome (headless)' driver

2021-01-22 10:56:54 - [MESSAGE][INFO] - User set preference: ['args', '[--start-maximized, --disable-gpu, --no-proxy-server, â€“-no-sandbox, --allow-running-insecure-content, --ignore-certificate-errors, window-size=1680,814, force-device-scale-factor=2, --lang=en-GB]']

2021-01-22 10:56:54 - [MESSAGE][INFO] - User set preference: ['prefs', '{download.default_directory=/Users/chaidir.pratama01/Katalon Studio/IST_Automation_Git/Download}']

2021-01-22 10:56:54 - [MESSAGE][INFO] - Action delay is set to 0 milliseconds

2021-01-22 10:56:54 - [MESSAGE][PASSED] - Browser is opened with url: ''

2021-01-22 10:56:55 - [MESSAGE][PASSED] - Navigate to 'https://dev-istools.homecredit.id/foundation/' successfully

2021-01-22 10:56:55 - [MESSAGE][PASSED] - Go to ISTools

2021-01-22 10:56:55 - [TEST_STEP][PASSED] - Login IST with valid credentials: Login IST with valid credentials

2021-01-22 10:56:55 - [MESSAGE][PASSED] - Text 'mobile.test' is set on object 'Object Repository/Page_/input_Username_j_username'

2021-01-22 10:56:55 - [MESSAGE][PASSED] - Text ****** has been set on object 'Object Repository/Page_/input_Password_j_password'

2021-01-22 10:56:55 - [MESSAGE][PASSED] - Object: 'Object Repository/Page_/button_Login' is clicked on

2021-01-22 10:56:55 - [MESSAGE][PASSED] - Login IST with valid credentials

2021-01-22 10:56:55 - [TEST_STEP][PASSED] - Login Success: Login Success

2021-01-22 10:56:55 - [MESSAGE][INFO] - Login Success

2021-01-22 10:56:56 - [MESSAGE][PASSED] - Current window maximized

2021-01-22 10:56:56 - [MESSAGE][PASSED] - Object 'Object Repository/Page_/h1_Welcome to IT Supporting Tools' is present

2021-01-22 10:56:56 - [MESSAGE][PASSED] - Login Success

2021-01-22 10:56:56 - [TEST_STEP][PASSED] - Select Arrow Menu "Real Time Disbursement": Select Arrow Menu "Real Time Disbursement"

2021-01-22 10:56:56 - [MESSAGE][PASSED] - Object: '' is clicked on

2021-01-22 10:56:56 - [MESSAGE][PASSED] - Select Arrow Menu "Real Time Disbursement"

2021-01-22 10:56:56 - [TEST_STEP][PASSED] - Select Menu "Dashboard for BO In Payment": Select Menu "Dashboard for BO In Payment"

2021-01-22 10:56:56 - [MESSAGE][PASSED] - Taking screenshot successfully
[[ATTACHMENT|/Users/chaidir.pratama01/Documents/Docs/Katalon Studio/Screenshot/test-Dashboard for BO In Payment.png]]

2021-01-22 10:56:56 - [MESSAGE][PASSED] - Object '' is present

2021-01-22 10:56:56 - [MESSAGE][PASSED] - Object: '' is clicked on

2021-01-22 10:56:56 - [MESSAGE][PASSED] - Wait for page load successfully

2021-01-22 10:56:56 - [MESSAGE][PASSED] - Select Menu "Dashboard for BO In Payment"

2021-01-22 10:56:56 - [TEST_STEP][PASSED] - Select STATUS "Waiting validation from In Payment": Select STATUS "Waiting validation from In Payment"

2021-01-22 10:56:57 - [MESSAGE][PASSED] - All options with value 'Waiting validation from In Payment' are selected in object ''  using regular expression

2021-01-22 10:56:57 - [MESSAGE][PASSED] - Select STATUS "Waiting validation from In Payment"

2021-01-22 10:56:57 - [TEST_STEP][PASSED] - Click button "Search": Click button "Search"

2021-01-22 10:56:57 - [MESSAGE][INFO] - >>>>>//Button[contains(text(),'Search')]

2021-01-22 10:57:00 - [MESSAGE][PASSED] - Object '' is present

2021-01-22 10:57:00 - [MESSAGE][PASSED] - Object: '' is clicked on

2021-01-22 10:57:00 - [MESSAGE][PASSED] - Switched to window with index: '0'

2021-01-22 10:57:00 - [MESSAGE][PASSED] - Click button "Search"

2021-01-22 10:57:00 - [TEST_STEP][PASSED] - Verify Search Result Presents: Verify Search Result Presents

2021-01-22 10:57:00 - [MESSAGE][PASSED] - Object '' is present

2021-01-22 10:57:00 - [MESSAGE][PASSED] - Verify Search Result Presents

2021-01-22 10:57:00 - [TEST_STEP][PASSED] - Click button "Logout": Click button "Logout"

2021-01-22 10:57:00 - [MESSAGE][INFO] - >>>>>//Button[contains(text(),'Logout')]

2021-01-22 10:57:03 - [MESSAGE][PASSED] - Object '' is present

2021-01-22 10:57:04 - [MESSAGE][PASSED] - Object: '' is clicked on

2021-01-22 10:57:04 - [MESSAGE][PASSED] - Switched to window with index: '0'

2021-01-22 10:57:04 - [MESSAGE][PASSED] - Click button "Logout"

2021-01-22 10:57:04 - [TEST_STEP][PASSED] - Close browser: Close browser

2021-01-22 10:57:04 - [MESSAGE][PASSED] - Browser is closed

2021-01-22 10:57:04 - [MESSAGE][PASSED] - Close browser

2021-01-22 10:57:04 - [TEST_CASE][PASSED] - Start Test Case : SCENARIO Search by STATUS Ready to disburse: SCENARIO Search by STATUS Ready to disburse

2021-01-22 10:57:04 - [TEST_STEP][PASSED] - Go to ISTools: Go to ISTools

2021-01-22 10:57:04 - [MESSAGE][INFO] - Starting 'Chrome (headless)' driver

2021-01-22 10:57:04 - [MESSAGE][INFO] - User set preference: ['args', '[--start-maximized, --disable-gpu, --no-proxy-server, â€“-no-sandbox, --allow-running-insecure-content, --ignore-certificate-errors, window-size=1680,814, force-device-scale-factor=2, --lang=en-GB]']

2021-01-22 10:57:04 - [MESSAGE][INFO] - User set preference: ['prefs', '{download.default_directory=/Users/chaidir.pratama01/Katalon Studio/IST_Automation_Git/Download}']

2021-01-22 10:57:04 - [MESSAGE][INFO] - Action delay is set to 0 milliseconds

2021-01-22 10:57:04 - [MESSAGE][PASSED] - Browser is opened with url: ''

2021-01-22 10:57:05 - [MESSAGE][PASSED] - Navigate to 'https://dev-istools.homecredit.id/foundation/' successfully

2021-01-22 10:57:05 - [MESSAGE][PASSED] - Go to ISTools

2021-01-22 10:57:05 - [TEST_STEP][PASSED] - Login IST with valid credentials: Login IST with valid credentials

2021-01-22 10:57:05 - [MESSAGE][PASSED] - Text 'mobile.test' is set on object 'Object Repository/Page_/input_Username_j_username'

2021-01-22 10:57:05 - [MESSAGE][PASSED] - Text ****** has been set on object 'Object Repository/Page_/input_Password_j_password'

2021-01-22 10:57:06 - [MESSAGE][PASSED] - Object: 'Object Repository/Page_/button_Login' is clicked on

2021-01-22 10:57:06 - [MESSAGE][PASSED] - Login IST with valid credentials

2021-01-22 10:57:06 - [TEST_STEP][PASSED] - Login Success: Login Success

2021-01-22 10:57:06 - [MESSAGE][INFO] - Login Success

2021-01-22 10:57:06 - [MESSAGE][PASSED] - Current window maximized

2021-01-22 10:57:06 - [MESSAGE][PASSED] - Object 'Object Repository/Page_/h1_Welcome to IT Supporting Tools' is present

2021-01-22 10:57:06 - [MESSAGE][PASSED] - Login Success

2021-01-22 10:57:06 - [TEST_STEP][PASSED] - Select Arrow Menu "Real Time Disbursement": Select Arrow Menu "Real Time Disbursement"

2021-01-22 10:57:06 - [MESSAGE][PASSED] - Object: '' is clicked on

2021-01-22 10:57:06 - [MESSAGE][PASSED] - Select Arrow Menu "Real Time Disbursement"

2021-01-22 10:57:06 - [TEST_STEP][PASSED] - Select Menu "Dashboard for BO In Payment": Select Menu "Dashboard for BO In Payment"

2021-01-22 10:57:07 - [MESSAGE][PASSED] - Taking screenshot successfully
[[ATTACHMENT|/Users/chaidir.pratama01/Documents/Docs/Katalon Studio/Screenshot/test-Dashboard for BO In Payment.png]]

2021-01-22 10:57:07 - [MESSAGE][PASSED] - Object '' is present

2021-01-22 10:57:07 - [MESSAGE][PASSED] - Object: '' is clicked on

2021-01-22 10:57:07 - [MESSAGE][PASSED] - Wait for page load successfully

2021-01-22 10:57:07 - [MESSAGE][PASSED] - Select Menu "Dashboard for BO In Payment"

2021-01-22 10:57:07 - [TEST_STEP][PASSED] - Select STATUS "Ready to disburse": Select STATUS "Ready to disburse"

2021-01-22 10:57:07 - [MESSAGE][PASSED] - All options with value 'Ready to disburse' are selected in object ''  using regular expression

2021-01-22 10:57:07 - [MESSAGE][PASSED] - Select STATUS "Ready to disburse"

2021-01-22 10:57:07 - [TEST_STEP][PASSED] - Click button "Search": Click button "Search"

2021-01-22 10:57:07 - [MESSAGE][INFO] - >>>>>//Button[contains(text(),'Search')]

2021-01-22 10:57:10 - [MESSAGE][PASSED] - Object '' is present

2021-01-22 10:57:10 - [MESSAGE][PASSED] - Object: '' is clicked on

2021-01-22 10:57:10 - [MESSAGE][PASSED] - Switched to window with index: '0'

2021-01-22 10:57:10 - [MESSAGE][PASSED] - Click button "Search"

2021-01-22 10:57:10 - [TEST_STEP][PASSED] - Verify Search Result Presents: Verify Search Result Presents

2021-01-22 10:57:10 - [MESSAGE][PASSED] - Object '' is present

2021-01-22 10:57:13 - [MESSAGE][PASSED] - Verify Search Result Presents

2021-01-22 10:57:13 - [TEST_STEP][PASSED] - Click button "Logout": Click button "Logout"

2021-01-22 10:57:13 - [MESSAGE][INFO] - >>>>>//Button[contains(text(),'Logout')]

2021-01-22 10:57:16 - [MESSAGE][PASSED] - Object '' is present

2021-01-22 10:57:16 - [MESSAGE][PASSED] - Object: '' is clicked on

2021-01-22 10:57:16 - [MESSAGE][PASSED] - Switched to window with index: '0'

2021-01-22 10:57:16 - [MESSAGE][PASSED] - Click button "Logout"

2021-01-22 10:57:16 - [TEST_STEP][PASSED] - Close browser: Close browser

2021-01-22 10:57:16 - [MESSAGE][PASSED] - Browser is closed

2021-01-22 10:57:16 - [MESSAGE][PASSED] - Close browser

2021-01-22 10:57:16 - [TEST_CASE][PASSED] - Start Test Case : SCENARIO Search by STATUS Failed due to invalid bank account: SCENARIO Search by STATUS Failed due to invalid bank account

2021-01-22 10:57:16 - [TEST_STEP][PASSED] - Go to ISTools: Go to ISTools

2021-01-22 10:57:16 - [MESSAGE][INFO] - Starting 'Chrome (headless)' driver

2021-01-22 10:57:16 - [MESSAGE][INFO] - User set preference: ['args', '[--start-maximized, --disable-gpu, --no-proxy-server, â€“-no-sandbox, --allow-running-insecure-content, --ignore-certificate-errors, window-size=1680,814, force-device-scale-factor=2, --lang=en-GB]']

2021-01-22 10:57:16 - [MESSAGE][INFO] - User set preference: ['prefs', '{download.default_directory=/Users/chaidir.pratama01/Katalon Studio/IST_Automation_Git/Download}']

2021-01-22 10:57:16 - [MESSAGE][INFO] - Action delay is set to 0 milliseconds

2021-01-22 10:57:16 - [MESSAGE][PASSED] - Browser is opened with url: ''

2021-01-22 10:57:18 - [MESSAGE][PASSED] - Navigate to 'https://dev-istools.homecredit.id/foundation/' successfully

2021-01-22 10:57:18 - [MESSAGE][PASSED] - Go to ISTools

2021-01-22 10:57:18 - [TEST_STEP][PASSED] - Login IST with valid credentials: Login IST with valid credentials

2021-01-22 10:57:18 - [MESSAGE][PASSED] - Text 'mobile.test' is set on object 'Object Repository/Page_/input_Username_j_username'

2021-01-22 10:57:18 - [MESSAGE][PASSED] - Text ****** has been set on object 'Object Repository/Page_/input_Password_j_password'

2021-01-22 10:57:19 - [MESSAGE][PASSED] - Object: 'Object Repository/Page_/button_Login' is clicked on

2021-01-22 10:57:19 - [MESSAGE][PASSED] - Login IST with valid credentials

2021-01-22 10:57:19 - [TEST_STEP][PASSED] - Login Success: Login Success

2021-01-22 10:57:19 - [MESSAGE][INFO] - Login Success

2021-01-22 10:57:19 - [MESSAGE][PASSED] - Current window maximized

2021-01-22 10:57:19 - [MESSAGE][PASSED] - Object 'Object Repository/Page_/h1_Welcome to IT Supporting Tools' is present

2021-01-22 10:57:19 - [MESSAGE][PASSED] - Login Success

2021-01-22 10:57:19 - [TEST_STEP][PASSED] - Select Arrow Menu "Real Time Disbursement": Select Arrow Menu "Real Time Disbursement"

2021-01-22 10:57:19 - [MESSAGE][PASSED] - Object: '' is clicked on

2021-01-22 10:57:19 - [MESSAGE][PASSED] - Select Arrow Menu "Real Time Disbursement"

2021-01-22 10:57:19 - [TEST_STEP][PASSED] - Select Menu "Dashboard for BO In Payment": Select Menu "Dashboard for BO In Payment"

2021-01-22 10:57:19 - [MESSAGE][PASSED] - Taking screenshot successfully
[[ATTACHMENT|/Users/chaidir.pratama01/Documents/Docs/Katalon Studio/Screenshot/test-Dashboard for BO In Payment.png]]

2021-01-22 10:57:19 - [MESSAGE][PASSED] - Object '' is present

2021-01-22 10:57:19 - [MESSAGE][PASSED] - Object: '' is clicked on

2021-01-22 10:57:19 - [MESSAGE][PASSED] - Wait for page load successfully

2021-01-22 10:57:19 - [MESSAGE][PASSED] - Select Menu "Dashboard for BO In Payment"

2021-01-22 10:57:19 - [TEST_STEP][PASSED] - Select STATUS "Failed due to invalid bank account": Select STATUS "Failed due to invalid bank account"

2021-01-22 10:57:20 - [MESSAGE][PASSED] - All options with value 'Failed due to invalid bank account' are selected in object ''  using regular expression

2021-01-22 10:57:20 - [MESSAGE][PASSED] - Select STATUS "Failed due to invalid bank account"

2021-01-22 10:57:20 - [TEST_STEP][PASSED] - Click button "Search": Click button "Search"

2021-01-22 10:57:20 - [MESSAGE][INFO] - >>>>>//Button[contains(text(),'Search')]

2021-01-22 10:57:23 - [MESSAGE][PASSED] - Object '' is present

2021-01-22 10:57:23 - [MESSAGE][PASSED] - Object: '' is clicked on

2021-01-22 10:57:23 - [MESSAGE][PASSED] - Switched to window with index: '0'

2021-01-22 10:57:23 - [MESSAGE][PASSED] - Click button "Search"

2021-01-22 10:57:23 - [TEST_STEP][PASSED] - Verify Search Result Presents: Verify Search Result Presents

2021-01-22 10:57:23 - [MESSAGE][PASSED] - Object '' is present

2021-01-22 10:57:24 - [MESSAGE][PASSED] - Verify Search Result Presents

2021-01-22 10:57:24 - [TEST_STEP][PASSED] - Click button "Logout": Click button "Logout"

2021-01-22 10:57:24 - [MESSAGE][INFO] - >>>>>//Button[contains(text(),'Logout')]

2021-01-22 10:57:27 - [MESSAGE][PASSED] - Object '' is present

2021-01-22 10:57:28 - [MESSAGE][PASSED] - Object: '' is clicked on

2021-01-22 10:57:28 - [MESSAGE][PASSED] - Switched to window with index: '0'

2021-01-22 10:57:28 - [MESSAGE][PASSED] - Click button "Logout"

2021-01-22 10:57:28 - [TEST_STEP][PASSED] - Close browser: Close browser

2021-01-22 10:57:28 - [MESSAGE][PASSED] - Browser is closed

2021-01-22 10:57:28 - [MESSAGE][PASSED] - Close browser

2021-01-22 10:57:28 - [TEST_CASE][PASSED] - Start Test Case : SCENARIO Search by STATUS Failed due to system error: SCENARIO Search by STATUS Failed due to system error

2021-01-22 10:57:28 - [TEST_STEP][PASSED] - Go to ISTools: Go to ISTools

2021-01-22 10:57:28 - [MESSAGE][INFO] - Starting 'Chrome (headless)' driver

2021-01-22 10:57:28 - [MESSAGE][INFO] - User set preference: ['args', '[--start-maximized, --disable-gpu, --no-proxy-server, â€“-no-sandbox, --allow-running-insecure-content, --ignore-certificate-errors, window-size=1680,814, force-device-scale-factor=2, --lang=en-GB]']

2021-01-22 10:57:28 - [MESSAGE][INFO] - User set preference: ['prefs', '{download.default_directory=/Users/chaidir.pratama01/Katalon Studio/IST_Automation_Git/Download}']

2021-01-22 10:57:28 - [MESSAGE][INFO] - Action delay is set to 0 milliseconds

2021-01-22 10:57:28 - [MESSAGE][PASSED] - Browser is opened with url: ''

2021-01-22 10:57:29 - [MESSAGE][PASSED] - Navigate to 'https://dev-istools.homecredit.id/foundation/' successfully

2021-01-22 10:57:29 - [MESSAGE][PASSED] - Go to ISTools

2021-01-22 10:57:29 - [TEST_STEP][PASSED] - Login IST with valid credentials: Login IST with valid credentials

2021-01-22 10:57:29 - [MESSAGE][PASSED] - Text 'mobile.test' is set on object 'Object Repository/Page_/input_Username_j_username'

2021-01-22 10:57:29 - [MESSAGE][PASSED] - Text ****** has been set on object 'Object Repository/Page_/input_Password_j_password'

2021-01-22 10:57:30 - [MESSAGE][PASSED] - Object: 'Object Repository/Page_/button_Login' is clicked on

2021-01-22 10:57:30 - [MESSAGE][PASSED] - Login IST with valid credentials

2021-01-22 10:57:30 - [TEST_STEP][PASSED] - Login Success: Login Success

2021-01-22 10:57:30 - [MESSAGE][INFO] - Login Success

2021-01-22 10:57:30 - [MESSAGE][PASSED] - Current window maximized

2021-01-22 10:57:30 - [MESSAGE][PASSED] - Object 'Object Repository/Page_/h1_Welcome to IT Supporting Tools' is present

2021-01-22 10:57:30 - [MESSAGE][PASSED] - Login Success

2021-01-22 10:57:30 - [TEST_STEP][PASSED] - Select Arrow Menu "Real Time Disbursement": Select Arrow Menu "Real Time Disbursement"

2021-01-22 10:57:30 - [MESSAGE][PASSED] - Object: '' is clicked on

2021-01-22 10:57:30 - [MESSAGE][PASSED] - Select Arrow Menu "Real Time Disbursement"

2021-01-22 10:57:30 - [TEST_STEP][PASSED] - Select Menu "Dashboard for BO In Payment": Select Menu "Dashboard for BO In Payment"

2021-01-22 10:57:30 - [MESSAGE][PASSED] - Taking screenshot successfully
[[ATTACHMENT|/Users/chaidir.pratama01/Documents/Docs/Katalon Studio/Screenshot/test-Dashboard for BO In Payment.png]]

2021-01-22 10:57:30 - [MESSAGE][PASSED] - Object '' is present

2021-01-22 10:57:30 - [MESSAGE][PASSED] - Object: '' is clicked on

2021-01-22 10:57:31 - [MESSAGE][PASSED] - Wait for page load successfully

2021-01-22 10:57:31 - [MESSAGE][PASSED] - Select Menu "Dashboard for BO In Payment"

2021-01-22 10:57:31 - [TEST_STEP][PASSED] - Select STATUS "Failed due to system error": Select STATUS "Failed due to system error"

2021-01-22 10:57:31 - [MESSAGE][PASSED] - All options with value 'Failed due to system error' are selected in object ''  using regular expression

2021-01-22 10:57:31 - [MESSAGE][PASSED] - Select STATUS "Failed due to system error"

2021-01-22 10:57:31 - [TEST_STEP][PASSED] - Click button "Search": Click button "Search"

2021-01-22 10:57:31 - [MESSAGE][INFO] - >>>>>//Button[contains(text(),'Search')]

2021-01-22 10:57:34 - [MESSAGE][PASSED] - Object '' is present

2021-01-22 10:57:34 - [MESSAGE][PASSED] - Object: '' is clicked on

2021-01-22 10:57:34 - [MESSAGE][PASSED] - Switched to window with index: '0'

2021-01-22 10:57:34 - [MESSAGE][PASSED] - Click button "Search"

2021-01-22 10:57:34 - [TEST_STEP][PASSED] - Verify Search Result Presents: Verify Search Result Presents

2021-01-22 10:57:34 - [MESSAGE][PASSED] - Object '' is present

2021-01-22 10:57:38 - [MESSAGE][PASSED] - Verify Search Result Presents

2021-01-22 10:57:38 - [TEST_STEP][PASSED] - Click button "Logout": Click button "Logout"

2021-01-22 10:57:38 - [MESSAGE][INFO] - >>>>>//Button[contains(text(),'Logout')]

2021-01-22 10:57:41 - [MESSAGE][PASSED] - Object '' is present

2021-01-22 10:57:41 - [MESSAGE][PASSED] - Object: '' is clicked on

2021-01-22 10:57:41 - [MESSAGE][PASSED] - Switched to window with index: '0'

2021-01-22 10:57:41 - [MESSAGE][PASSED] - Click button "Logout"

2021-01-22 10:57:41 - [TEST_STEP][PASSED] - Close browser: Close browser

2021-01-22 10:57:41 - [MESSAGE][PASSED] - Browser is closed

2021-01-22 10:57:41 - [MESSAGE][PASSED] - Close browser

2021-01-22 10:57:41 - [TEST_CASE][PASSED] - Start Test Case : SCENARIO Search by STATUS Failed due to insufficient fund: SCENARIO Search by STATUS Failed due to insufficient fund

2021-01-22 10:57:41 - [TEST_STEP][PASSED] - Go to ISTools: Go to ISTools

2021-01-22 10:57:41 - [MESSAGE][INFO] - Starting 'Chrome (headless)' driver

2021-01-22 10:57:41 - [MESSAGE][INFO] - User set preference: ['args', '[--start-maximized, --disable-gpu, --no-proxy-server, â€“-no-sandbox, --allow-running-insecure-content, --ignore-certificate-errors, window-size=1680,814, force-device-scale-factor=2, --lang=en-GB]']

2021-01-22 10:57:41 - [MESSAGE][INFO] - User set preference: ['prefs', '{download.default_directory=/Users/chaidir.pratama01/Katalon Studio/IST_Automation_Git/Download}']

2021-01-22 10:57:41 - [MESSAGE][INFO] - Action delay is set to 0 milliseconds

2021-01-22 10:57:41 - [MESSAGE][PASSED] - Browser is opened with url: ''

2021-01-22 10:57:42 - [MESSAGE][PASSED] - Navigate to 'https://dev-istools.homecredit.id/foundation/' successfully

2021-01-22 10:57:42 - [MESSAGE][PASSED] - Go to ISTools

2021-01-22 10:57:42 - [TEST_STEP][PASSED] - Login IST with valid credentials: Login IST with valid credentials

2021-01-22 10:57:42 - [MESSAGE][PASSED] - Text 'mobile.test' is set on object 'Object Repository/Page_/input_Username_j_username'

2021-01-22 10:57:43 - [MESSAGE][PASSED] - Text ****** has been set on object 'Object Repository/Page_/input_Password_j_password'

2021-01-22 10:57:43 - [MESSAGE][PASSED] - Object: 'Object Repository/Page_/button_Login' is clicked on

2021-01-22 10:57:43 - [MESSAGE][PASSED] - Login IST with valid credentials

2021-01-22 10:57:43 - [TEST_STEP][PASSED] - Login Success: Login Success

2021-01-22 10:57:43 - [MESSAGE][INFO] - Login Success

2021-01-22 10:57:43 - [MESSAGE][PASSED] - Current window maximized

2021-01-22 10:57:43 - [MESSAGE][PASSED] - Object 'Object Repository/Page_/h1_Welcome to IT Supporting Tools' is present

2021-01-22 10:57:43 - [MESSAGE][PASSED] - Login Success

2021-01-22 10:57:43 - [TEST_STEP][PASSED] - Select Arrow Menu "Real Time Disbursement": Select Arrow Menu "Real Time Disbursement"

2021-01-22 10:57:43 - [MESSAGE][PASSED] - Object: '' is clicked on

2021-01-22 10:57:43 - [MESSAGE][PASSED] - Select Arrow Menu "Real Time Disbursement"

2021-01-22 10:57:43 - [TEST_STEP][PASSED] - Select Menu "Dashboard for BO In Payment": Select Menu "Dashboard for BO In Payment"

2021-01-22 10:57:44 - [MESSAGE][PASSED] - Taking screenshot successfully
[[ATTACHMENT|/Users/chaidir.pratama01/Documents/Docs/Katalon Studio/Screenshot/test-Dashboard for BO In Payment.png]]

2021-01-22 10:57:44 - [MESSAGE][PASSED] - Object '' is present

2021-01-22 10:57:44 - [MESSAGE][PASSED] - Object: '' is clicked on

2021-01-22 10:57:44 - [MESSAGE][PASSED] - Wait for page load successfully

2021-01-22 10:57:44 - [MESSAGE][PASSED] - Select Menu "Dashboard for BO In Payment"

2021-01-22 10:57:44 - [TEST_STEP][PASSED] - Select STATUS "Failed due to insufficient fund": Select STATUS "Failed due to insufficient fund"

2021-01-22 10:57:44 - [MESSAGE][PASSED] - All options with value 'Failed due to insufficient fund' are selected in object ''  using regular expression

2021-01-22 10:57:44 - [MESSAGE][PASSED] - Select STATUS "Failed due to insufficient fund"

2021-01-22 10:57:44 - [TEST_STEP][PASSED] - Click button "Search": Click button "Search"

2021-01-22 10:57:44 - [MESSAGE][INFO] - >>>>>//Button[contains(text(),'Search')]

2021-01-22 10:57:47 - [MESSAGE][PASSED] - Object '' is present

2021-01-22 10:57:47 - [MESSAGE][PASSED] - Object: '' is clicked on

2021-01-22 10:57:47 - [MESSAGE][PASSED] - Switched to window with index: '0'

2021-01-22 10:57:47 - [MESSAGE][PASSED] - Click button "Search"

2021-01-22 10:57:47 - [TEST_STEP][PASSED] - Verify Search Result Presents: Verify Search Result Presents

2021-01-22 10:57:51 - [MESSAGE][INFO] - Unable to find the element located by 'By.xpath: //td[@style='display:none' and contains(text(),'-Empty-')]'. Please recheck the objects properties to make sure the desired element is located. 

2021-01-22 10:57:52 - [MESSAGE][WARNING] - com.kms.katalon.core.webui.exception.WebElementNotFoundException: Web element with id: '' located by '//td[@style='display:none' and contains(text(),'-Empty-')]' not found (Root cause: com.kms.katalon.core.exception.StepFailedException: com.kms.katalon.core.webui.exception.WebElementNotFoundException: Web element with id: '' located by '//td[@style='display:none' and contains(text(),'-Empty-')]' not found
	at com.kms.katalon.core.webui.keyword.internal.WebUIKeywordMain.stepFailed(WebUIKeywordMain.groovy:64)
	at com.kms.katalon.core.webui.keyword.builtin.VerifyElementPresentKeyword$_verifyElementPresent_closure1.doCall(VerifyElementPresentKeyword.groovy:85)
	at com.kms.katalon.core.webui.keyword.builtin.VerifyElementPresentKeyword$_verifyElementPresent_closure1.call(VerifyElementPresentKeyword.groovy)
	at com.kms.katalon.core.webui.keyword.internal.WebUIKeywordMain.runKeyword(WebUIKeywordMain.groovy:20)
	at com.kms.katalon.core.webui.keyword.builtin.VerifyElementPresentKeyword.verifyElementPresent(VerifyElementPresentKeyword.groovy:92)
	at com.kms.katalon.core.webui.keyword.builtin.VerifyElementPresentKeyword.execute(VerifyElementPresentKeyword.groovy:68)
	at com.kms.katalon.core.keyword.internal.KeywordExecutor.executeKeywordForPlatform(KeywordExecutor.groovy:73)
	at com.kms.katalon.core.webui.keyword.WebUiBuiltInKeywords.verifyElementPresent(WebUiBuiltInKeywords.groovy:1444)
	at com.kms.katalon.core.webui.keyword.WebUiBuiltInKeywords$verifyElementPresent$11.call(Unknown Source)
	at ist_real.Contract_Dispatcher.VerifyTblFilled(Contract_Dispatcher.groovy:1313)
	at ist_real.Contract_Dispatcher$VerifyTblFilled$0.call(Unknown Source)
	at RTD.Search_Result_Presents(RTD.groovy:191)
	at cucumber.runtime.Utils$1.call(Utils.java:26)
	at cucumber.runtime.Timeout.timeout(Timeout.java:16)
	at cucumber.runtime.Utils.invoke(Utils.java:20)
	at cucumber.runtime.java.JavaStepDefinition.execute(JavaStepDefinition.java:48)
	at cucumber.runtime.PickleStepDefinitionMatch.runStep(PickleStepDefinitionMatch.java:50)
	at cucumber.runner.TestStep.executeStep(TestStep.java:55)
	at cucumber.runner.TestStep.run(TestStep.java:42)
	at cucumber.runner.PickleStepTestStep.run(PickleStepTestStep.java:53)
	at cucumber.runner.TestCase.run(TestCase.java:47)
	at cucumber.runner.Runner.runPickle(Runner.java:44)
	at cucumber.runtime.Runtime.runFeature(Runtime.java:120)
	at cucumber.runtime.Runtime.run(Runtime.java:106)
	at cucumber.api.cli.Main.run(Main.java:35)
	at cucumber.api.cli.Main$run.call(Unknown Source)
	at com.kms.katalon.core.cucumber.keyword.CucumberBuiltinKeywords$_runFeatureFile_closure1.doCall(CucumberBuiltinKeywords.groovy:76)
	at com.kms.katalon.core.cucumber.keyword.CucumberBuiltinKeywords$_runFeatureFile_closure1.doCall(CucumberBuiltinKeywords.groovy)
	at com.kms.katalon.core.keyword.internal.KeywordMain.runKeyword(KeywordMain.groovy:68)
	at com.kms.katalon.core.keyword.internal.KeywordMain$runKeyword.call(Unknown Source)
	at com.kms.katalon.core.cucumber.keyword.CucumberBuiltinKeywords.runFeatureFile(CucumberBuiltinKeywords.groovy:46)
	at com.kms.katalon.core.cucumber.keyword.CucumberBuiltinKeywords$runFeatureFile$0.callStatic(Unknown Source)
	at com.kms.katalon.core.cucumber.keyword.CucumberBuiltinKeywords.runFeatureFile(CucumberBuiltinKeywords.groovy:169)
	at com.kms.katalon.core.cucumber.keyword.CucumberBuiltinKeywords$runFeatureFile.call(Unknown Source)
	at TC_Search_by_Status.run(TC_Search_by_Status:18)
	at com.kms.katalon.core.main.ScriptEngine.run(ScriptEngine.java:194)
	at com.kms.katalon.core.main.ScriptEngine.runScriptAsRawText(ScriptEngine.java:119)
	at com.kms.katalon.core.main.TestCaseExecutor.runScript(TestCaseExecutor.java:339)
	at com.kms.katalon.core.main.TestCaseExecutor.doExecute(TestCaseExecutor.java:330)
	at com.kms.katalon.core.main.TestCaseExecutor.processExecutionPhase(TestCaseExecutor.java:309)
	at com.kms.katalon.core.main.TestCaseExecutor.accessMainPhase(TestCaseExecutor.java:301)
	at com.kms.katalon.core.main.TestCaseExecutor.execute(TestCaseExecutor.java:235)
	at com.kms.katalon.core.main.TestSuiteExecutor.accessTestCaseMainPhase(TestSuiteExecutor.java:191)
	at com.kms.katalon.core.main.TestSuiteExecutor.accessTestSuiteMainPhase(TestSuiteExecutor.java:141)
	at com.kms.katalon.core.main.TestSuiteExecutor.execute(TestSuiteExecutor.java:90)
	at com.kms.katalon.core.main.TestCaseMain.startTestSuite(TestCaseMain.java:157)
	at com.kms.katalon.core.main.TestCaseMain$startTestSuite$0.call(Unknown Source)
	at TempTestSuite1611286946445.run(TempTestSuite1611286946445.groovy:39)
)
[[ATTACHMENT|/Users/chaidir.pratama01/Katalon Studio/IST_Automation_Git/Reports/20210122_104222/RTD/TS_Dashboard_for_BO_In_Payment/20210122_104226/1611287871856.png]]

2021-01-22 10:57:52 - [MESSAGE][PASSED] - Verify Search Result Presents

2021-01-22 10:57:52 - [TEST_STEP][PASSED] - Click button "Logout": Click button "Logout"

2021-01-22 10:57:52 - [MESSAGE][INFO] - >>>>>//Button[contains(text(),'Logout')]

2021-01-22 10:57:55 - [MESSAGE][PASSED] - Object '' is present

2021-01-22 10:57:55 - [MESSAGE][PASSED] - Object: '' is clicked on

2021-01-22 10:57:55 - [MESSAGE][PASSED] - Switched to window with index: '0'

2021-01-22 10:57:55 - [MESSAGE][PASSED] - Click button "Logout"

2021-01-22 10:57:55 - [TEST_STEP][PASSED] - Close browser: Close browser

2021-01-22 10:57:55 - [MESSAGE][PASSED] - Browser is closed

2021-01-22 10:57:55 - [MESSAGE][PASSED] - Close browser

2021-01-22 10:57:55 - [TEST_CASE][PASSED] - Start Test Case : SCENARIO Search by STATUS Failed due to not supported bank: SCENARIO Search by STATUS Failed due to not supported bank

2021-01-22 10:57:55 - [TEST_STEP][PASSED] - Go to ISTools: Go to ISTools

2021-01-22 10:57:55 - [MESSAGE][INFO] - Starting 'Chrome (headless)' driver

2021-01-22 10:57:55 - [MESSAGE][INFO] - User set preference: ['args', '[--start-maximized, --disable-gpu, --no-proxy-server, â€“-no-sandbox, --allow-running-insecure-content, --ignore-certificate-errors, window-size=1680,814, force-device-scale-factor=2, --lang=en-GB]']

2021-01-22 10:57:55 - [MESSAGE][INFO] - User set preference: ['prefs', '{download.default_directory=/Users/chaidir.pratama01/Katalon Studio/IST_Automation_Git/Download}']

2021-01-22 10:57:55 - [MESSAGE][INFO] - Action delay is set to 0 milliseconds

2021-01-22 10:57:56 - [MESSAGE][PASSED] - Browser is opened with url: ''

2021-01-22 10:57:57 - [MESSAGE][PASSED] - Navigate to 'https://dev-istools.homecredit.id/foundation/' successfully

2021-01-22 10:57:57 - [MESSAGE][PASSED] - Go to ISTools

2021-01-22 10:57:57 - [TEST_STEP][PASSED] - Login IST with valid credentials: Login IST with valid credentials

2021-01-22 10:57:57 - [MESSAGE][PASSED] - Text 'mobile.test' is set on object 'Object Repository/Page_/input_Username_j_username'

2021-01-22 10:57:57 - [MESSAGE][PASSED] - Text ****** has been set on object 'Object Repository/Page_/input_Password_j_password'

2021-01-22 10:57:58 - [MESSAGE][PASSED] - Object: 'Object Repository/Page_/button_Login' is clicked on

2021-01-22 10:57:58 - [MESSAGE][PASSED] - Login IST with valid credentials

2021-01-22 10:57:58 - [TEST_STEP][PASSED] - Login Success: Login Success

2021-01-22 10:57:58 - [MESSAGE][INFO] - Login Success

2021-01-22 10:57:58 - [MESSAGE][PASSED] - Current window maximized

2021-01-22 10:57:58 - [MESSAGE][PASSED] - Object 'Object Repository/Page_/h1_Welcome to IT Supporting Tools' is present

2021-01-22 10:57:58 - [MESSAGE][PASSED] - Login Success

2021-01-22 10:57:58 - [TEST_STEP][PASSED] - Select Arrow Menu "Real Time Disbursement": Select Arrow Menu "Real Time Disbursement"

2021-01-22 10:57:58 - [MESSAGE][PASSED] - Object: '' is clicked on

2021-01-22 10:57:58 - [MESSAGE][PASSED] - Select Arrow Menu "Real Time Disbursement"

2021-01-22 10:57:58 - [TEST_STEP][PASSED] - Select Menu "Dashboard for BO In Payment": Select Menu "Dashboard for BO In Payment"

2021-01-22 10:57:59 - [MESSAGE][PASSED] - Taking screenshot successfully
[[ATTACHMENT|/Users/chaidir.pratama01/Documents/Docs/Katalon Studio/Screenshot/test-Dashboard for BO In Payment.png]]

2021-01-22 10:57:59 - [MESSAGE][PASSED] - Object '' is present

2021-01-22 10:57:59 - [MESSAGE][PASSED] - Object: '' is clicked on

2021-01-22 10:57:59 - [MESSAGE][PASSED] - Wait for page load successfully

2021-01-22 10:57:59 - [MESSAGE][PASSED] - Select Menu "Dashboard for BO In Payment"

2021-01-22 10:57:59 - [TEST_STEP][PASSED] - Select STATUS "Failed due to not supported bank": Select STATUS "Failed due to not supported bank"

2021-01-22 10:57:59 - [MESSAGE][PASSED] - All options with value 'Failed due to not supported bank' are selected in object ''  using regular expression

2021-01-22 10:57:59 - [MESSAGE][PASSED] - Select STATUS "Failed due to not supported bank"

2021-01-22 10:57:59 - [TEST_STEP][PASSED] - Click button "Search": Click button "Search"

2021-01-22 10:57:59 - [MESSAGE][INFO] - >>>>>//Button[contains(text(),'Search')]

2021-01-22 10:58:02 - [MESSAGE][PASSED] - Object '' is present

2021-01-22 10:58:02 - [MESSAGE][PASSED] - Object: '' is clicked on

2021-01-22 10:58:02 - [MESSAGE][PASSED] - Switched to window with index: '0'

2021-01-22 10:58:02 - [MESSAGE][PASSED] - Click button "Search"

2021-01-22 10:58:02 - [TEST_STEP][PASSED] - Verify Search Result Presents: Verify Search Result Presents

2021-01-22 10:58:06 - [MESSAGE][INFO] - Unable to find the element located by 'By.xpath: //td[@style='display:none' and contains(text(),'-Empty-')]'. Please recheck the objects properties to make sure the desired element is located. 

2021-01-22 10:58:07 - [MESSAGE][WARNING] - com.kms.katalon.core.webui.exception.WebElementNotFoundException: Web element with id: '' located by '//td[@style='display:none' and contains(text(),'-Empty-')]' not found (Root cause: com.kms.katalon.core.exception.StepFailedException: com.kms.katalon.core.webui.exception.WebElementNotFoundException: Web element with id: '' located by '//td[@style='display:none' and contains(text(),'-Empty-')]' not found
	at com.kms.katalon.core.webui.keyword.internal.WebUIKeywordMain.stepFailed(WebUIKeywordMain.groovy:64)
	at com.kms.katalon.core.webui.keyword.builtin.VerifyElementPresentKeyword$_verifyElementPresent_closure1.doCall(VerifyElementPresentKeyword.groovy:85)
	at com.kms.katalon.core.webui.keyword.builtin.VerifyElementPresentKeyword$_verifyElementPresent_closure1.call(VerifyElementPresentKeyword.groovy)
	at com.kms.katalon.core.webui.keyword.internal.WebUIKeywordMain.runKeyword(WebUIKeywordMain.groovy:20)
	at com.kms.katalon.core.webui.keyword.builtin.VerifyElementPresentKeyword.verifyElementPresent(VerifyElementPresentKeyword.groovy:92)
	at com.kms.katalon.core.webui.keyword.builtin.VerifyElementPresentKeyword.execute(VerifyElementPresentKeyword.groovy:68)
	at com.kms.katalon.core.keyword.internal.KeywordExecutor.executeKeywordForPlatform(KeywordExecutor.groovy:73)
	at com.kms.katalon.core.webui.keyword.WebUiBuiltInKeywords.verifyElementPresent(WebUiBuiltInKeywords.groovy:1444)
	at com.kms.katalon.core.webui.keyword.WebUiBuiltInKeywords$verifyElementPresent$11.call(Unknown Source)
	at ist_real.Contract_Dispatcher.VerifyTblFilled(Contract_Dispatcher.groovy:1313)
	at ist_real.Contract_Dispatcher$VerifyTblFilled$0.call(Unknown Source)
	at RTD.Search_Result_Presents(RTD.groovy:191)
	at cucumber.runtime.Utils$1.call(Utils.java:26)
	at cucumber.runtime.Timeout.timeout(Timeout.java:16)
	at cucumber.runtime.Utils.invoke(Utils.java:20)
	at cucumber.runtime.java.JavaStepDefinition.execute(JavaStepDefinition.java:48)
	at cucumber.runtime.PickleStepDefinitionMatch.runStep(PickleStepDefinitionMatch.java:50)
	at cucumber.runner.TestStep.executeStep(TestStep.java:55)
	at cucumber.runner.TestStep.run(TestStep.java:42)
	at cucumber.runner.PickleStepTestStep.run(PickleStepTestStep.java:53)
	at cucumber.runner.TestCase.run(TestCase.java:47)
	at cucumber.runner.Runner.runPickle(Runner.java:44)
	at cucumber.runtime.Runtime.runFeature(Runtime.java:120)
	at cucumber.runtime.Runtime.run(Runtime.java:106)
	at cucumber.api.cli.Main.run(Main.java:35)
	at cucumber.api.cli.Main$run.call(Unknown Source)
	at com.kms.katalon.core.cucumber.keyword.CucumberBuiltinKeywords$_runFeatureFile_closure1.doCall(CucumberBuiltinKeywords.groovy:76)
	at com.kms.katalon.core.cucumber.keyword.CucumberBuiltinKeywords$_runFeatureFile_closure1.doCall(CucumberBuiltinKeywords.groovy)
	at com.kms.katalon.core.keyword.internal.KeywordMain.runKeyword(KeywordMain.groovy:68)
	at com.kms.katalon.core.keyword.internal.KeywordMain$runKeyword.call(Unknown Source)
	at com.kms.katalon.core.cucumber.keyword.CucumberBuiltinKeywords.runFeatureFile(CucumberBuiltinKeywords.groovy:46)
	at com.kms.katalon.core.cucumber.keyword.CucumberBuiltinKeywords$runFeatureFile$0.callStatic(Unknown Source)
	at com.kms.katalon.core.cucumber.keyword.CucumberBuiltinKeywords.runFeatureFile(CucumberBuiltinKeywords.groovy:169)
	at com.kms.katalon.core.cucumber.keyword.CucumberBuiltinKeywords$runFeatureFile.call(Unknown Source)
	at TC_Search_by_Status.run(TC_Search_by_Status:18)
	at com.kms.katalon.core.main.ScriptEngine.run(ScriptEngine.java:194)
	at com.kms.katalon.core.main.ScriptEngine.runScriptAsRawText(ScriptEngine.java:119)
	at com.kms.katalon.core.main.TestCaseExecutor.runScript(TestCaseExecutor.java:339)
	at com.kms.katalon.core.main.TestCaseExecutor.doExecute(TestCaseExecutor.java:330)
	at com.kms.katalon.core.main.TestCaseExecutor.processExecutionPhase(TestCaseExecutor.java:309)
	at com.kms.katalon.core.main.TestCaseExecutor.accessMainPhase(TestCaseExecutor.java:301)
	at com.kms.katalon.core.main.TestCaseExecutor.execute(TestCaseExecutor.java:235)
	at com.kms.katalon.core.main.TestSuiteExecutor.accessTestCaseMainPhase(TestSuiteExecutor.java:191)
	at com.kms.katalon.core.main.TestSuiteExecutor.accessTestSuiteMainPhase(TestSuiteExecutor.java:141)
	at com.kms.katalon.core.main.TestSuiteExecutor.execute(TestSuiteExecutor.java:90)
	at com.kms.katalon.core.main.TestCaseMain.startTestSuite(TestCaseMain.java:157)
	at com.kms.katalon.core.main.TestCaseMain$startTestSuite$0.call(Unknown Source)
	at TempTestSuite1611286946445.run(TempTestSuite1611286946445.groovy:39)
)
[[ATTACHMENT|/Users/chaidir.pratama01/Katalon Studio/IST_Automation_Git/Reports/20210122_104222/RTD/TS_Dashboard_for_BO_In_Payment/20210122_104226/1611287886689.png]]

2021-01-22 10:58:07 - [MESSAGE][PASSED] - Verify Search Result Presents

2021-01-22 10:58:07 - [TEST_STEP][PASSED] - Click button "Logout": Click button "Logout"

2021-01-22 10:58:07 - [MESSAGE][INFO] - >>>>>//Button[contains(text(),'Logout')]

2021-01-22 10:58:10 - [MESSAGE][PASSED] - Object '' is present

2021-01-22 10:58:10 - [MESSAGE][PASSED] - Object: '' is clicked on

2021-01-22 10:58:10 - [MESSAGE][PASSED] - Switched to window with index: '0'

2021-01-22 10:58:10 - [MESSAGE][PASSED] - Click button "Logout"

2021-01-22 10:58:10 - [TEST_STEP][PASSED] - Close browser: Close browser

2021-01-22 10:58:10 - [MESSAGE][PASSED] - Browser is closed

2021-01-22 10:58:10 - [MESSAGE][PASSED] - Close browser

2021-01-22 10:58:10 - [TEST_CASE][PASSED] - Start Test Case : SCENARIO Search by STATUS Manual Disbursement: SCENARIO Search by STATUS Manual Disbursement

2021-01-22 10:58:10 - [TEST_STEP][PASSED] - Go to ISTools: Go to ISTools

2021-01-22 10:58:10 - [MESSAGE][INFO] - Starting 'Chrome (headless)' driver

2021-01-22 10:58:10 - [MESSAGE][INFO] - User set preference: ['args', '[--start-maximized, --disable-gpu, --no-proxy-server, â€“-no-sandbox, --allow-running-insecure-content, --ignore-certificate-errors, window-size=1680,814, force-device-scale-factor=2, --lang=en-GB]']

2021-01-22 10:58:10 - [MESSAGE][INFO] - User set preference: ['prefs', '{download.default_directory=/Users/chaidir.pratama01/Katalon Studio/IST_Automation_Git/Download}']

2021-01-22 10:58:10 - [MESSAGE][INFO] - Action delay is set to 0 milliseconds

2021-01-22 10:58:11 - [MESSAGE][PASSED] - Browser is opened with url: ''

2021-01-22 10:58:12 - [MESSAGE][PASSED] - Navigate to 'https://dev-istools.homecredit.id/foundation/' successfully

2021-01-22 10:58:12 - [MESSAGE][PASSED] - Go to ISTools

2021-01-22 10:58:12 - [TEST_STEP][PASSED] - Login IST with valid credentials: Login IST with valid credentials

2021-01-22 10:58:12 - [MESSAGE][PASSED] - Text 'mobile.test' is set on object 'Object Repository/Page_/input_Username_j_username'

2021-01-22 10:58:12 - [MESSAGE][PASSED] - Text ****** has been set on object 'Object Repository/Page_/input_Password_j_password'

2021-01-22 10:58:13 - [MESSAGE][PASSED] - Object: 'Object Repository/Page_/button_Login' is clicked on

2021-01-22 10:58:13 - [MESSAGE][PASSED] - Login IST with valid credentials

2021-01-22 10:58:13 - [TEST_STEP][PASSED] - Login Success: Login Success

2021-01-22 10:58:13 - [MESSAGE][INFO] - Login Success

2021-01-22 10:58:13 - [MESSAGE][PASSED] - Current window maximized

2021-01-22 10:58:13 - [MESSAGE][PASSED] - Object 'Object Repository/Page_/h1_Welcome to IT Supporting Tools' is present

2021-01-22 10:58:13 - [MESSAGE][PASSED] - Login Success

2021-01-22 10:58:13 - [TEST_STEP][PASSED] - Select Arrow Menu "Real Time Disbursement": Select Arrow Menu "Real Time Disbursement"

2021-01-22 10:58:13 - [MESSAGE][PASSED] - Object: '' is clicked on

2021-01-22 10:58:13 - [MESSAGE][PASSED] - Select Arrow Menu "Real Time Disbursement"

2021-01-22 10:58:13 - [TEST_STEP][PASSED] - Select Menu "Dashboard for BO In Payment": Select Menu "Dashboard for BO In Payment"

2021-01-22 10:58:13 - [MESSAGE][PASSED] - Taking screenshot successfully
[[ATTACHMENT|/Users/chaidir.pratama01/Documents/Docs/Katalon Studio/Screenshot/test-Dashboard for BO In Payment.png]]

2021-01-22 10:58:13 - [MESSAGE][PASSED] - Object '' is present

2021-01-22 10:58:13 - [MESSAGE][PASSED] - Object: '' is clicked on

2021-01-22 10:58:13 - [MESSAGE][PASSED] - Wait for page load successfully

2021-01-22 10:58:13 - [MESSAGE][PASSED] - Select Menu "Dashboard for BO In Payment"

2021-01-22 10:58:13 - [TEST_STEP][PASSED] - Select STATUS "Manual Disbursement": Select STATUS "Manual Disbursement"

2021-01-22 10:58:14 - [MESSAGE][PASSED] - All options with value 'Manual Disbursement' are selected in object ''  using regular expression

2021-01-22 10:58:14 - [MESSAGE][PASSED] - Select STATUS "Manual Disbursement"

2021-01-22 10:58:14 - [TEST_STEP][PASSED] - Click button "Search": Click button "Search"

2021-01-22 10:58:14 - [MESSAGE][INFO] - >>>>>//Button[contains(text(),'Search')]

2021-01-22 10:58:17 - [MESSAGE][PASSED] - Object '' is present

2021-01-22 10:58:17 - [MESSAGE][PASSED] - Object: '' is clicked on

2021-01-22 10:58:17 - [MESSAGE][PASSED] - Switched to window with index: '0'

2021-01-22 10:58:17 - [MESSAGE][PASSED] - Click button "Search"

2021-01-22 10:58:17 - [TEST_STEP][PASSED] - Verify Search Result Presents: Verify Search Result Presents

2021-01-22 10:58:17 - [MESSAGE][PASSED] - Object '' is present

2021-01-22 10:58:24 - [MESSAGE][PASSED] - Verify Search Result Presents

2021-01-22 10:58:24 - [TEST_STEP][PASSED] - Click button "Logout": Click button "Logout"

2021-01-22 10:58:24 - [MESSAGE][INFO] - >>>>>//Button[contains(text(),'Logout')]

2021-01-22 10:58:27 - [MESSAGE][PASSED] - Object '' is present

2021-01-22 10:58:27 - [MESSAGE][PASSED] - Object: '' is clicked on

2021-01-22 10:58:27 - [MESSAGE][PASSED] - Switched to window with index: '0'

2021-01-22 10:58:27 - [MESSAGE][PASSED] - Click button "Logout"

2021-01-22 10:58:27 - [TEST_STEP][PASSED] - Close browser: Close browser

2021-01-22 10:58:27 - [MESSAGE][PASSED] - Browser is closed

2021-01-22 10:58:27 - [MESSAGE][PASSED] - Close browser

2021-01-22 10:58:27 - [TEST_CASE][PASSED] - Start Test Case : SCENARIO Search by STATUS DONE: SCENARIO Search by STATUS DONE

2021-01-22 10:58:27 - [TEST_STEP][PASSED] - Go to ISTools: Go to ISTools

2021-01-22 10:58:27 - [MESSAGE][INFO] - Starting 'Chrome (headless)' driver

2021-01-22 10:58:27 - [MESSAGE][INFO] - User set preference: ['args', '[--start-maximized, --disable-gpu, --no-proxy-server, â€“-no-sandbox, --allow-running-insecure-content, --ignore-certificate-errors, window-size=1680,814, force-device-scale-factor=2, --lang=en-GB]']

2021-01-22 10:58:27 - [MESSAGE][INFO] - User set preference: ['prefs', '{download.default_directory=/Users/chaidir.pratama01/Katalon Studio/IST_Automation_Git/Download}']

2021-01-22 10:58:27 - [MESSAGE][INFO] - Action delay is set to 0 milliseconds

2021-01-22 10:58:27 - [MESSAGE][PASSED] - Browser is opened with url: ''

2021-01-22 10:58:28 - [MESSAGE][PASSED] - Navigate to 'https://dev-istools.homecredit.id/foundation/' successfully

2021-01-22 10:58:28 - [MESSAGE][PASSED] - Go to ISTools

2021-01-22 10:58:28 - [TEST_STEP][PASSED] - Login IST with valid credentials: Login IST with valid credentials

2021-01-22 10:58:28 - [MESSAGE][PASSED] - Text 'mobile.test' is set on object 'Object Repository/Page_/input_Username_j_username'

2021-01-22 10:58:28 - [MESSAGE][PASSED] - Text ****** has been set on object 'Object Repository/Page_/input_Password_j_password'

2021-01-22 10:58:29 - [MESSAGE][PASSED] - Object: 'Object Repository/Page_/button_Login' is clicked on

2021-01-22 10:58:29 - [MESSAGE][PASSED] - Login IST with valid credentials

2021-01-22 10:58:29 - [TEST_STEP][PASSED] - Login Success: Login Success

2021-01-22 10:58:29 - [MESSAGE][INFO] - Login Success

2021-01-22 10:58:29 - [MESSAGE][PASSED] - Current window maximized

2021-01-22 10:58:29 - [MESSAGE][PASSED] - Object 'Object Repository/Page_/h1_Welcome to IT Supporting Tools' is present

2021-01-22 10:58:29 - [MESSAGE][PASSED] - Login Success

2021-01-22 10:58:29 - [TEST_STEP][PASSED] - Select Arrow Menu "Real Time Disbursement": Select Arrow Menu "Real Time Disbursement"

2021-01-22 10:58:29 - [MESSAGE][PASSED] - Object: '' is clicked on

2021-01-22 10:58:29 - [MESSAGE][PASSED] - Select Arrow Menu "Real Time Disbursement"

2021-01-22 10:58:29 - [TEST_STEP][PASSED] - Select Menu "Dashboard for BO In Payment": Select Menu "Dashboard for BO In Payment"

2021-01-22 10:58:30 - [MESSAGE][PASSED] - Taking screenshot successfully
[[ATTACHMENT|/Users/chaidir.pratama01/Documents/Docs/Katalon Studio/Screenshot/test-Dashboard for BO In Payment.png]]

2021-01-22 10:58:30 - [MESSAGE][PASSED] - Object '' is present

2021-01-22 10:58:30 - [MESSAGE][PASSED] - Object: '' is clicked on

2021-01-22 10:58:30 - [MESSAGE][PASSED] - Wait for page load successfully

2021-01-22 10:58:30 - [MESSAGE][PASSED] - Select Menu "Dashboard for BO In Payment"

2021-01-22 10:58:30 - [TEST_STEP][PASSED] - Select STATUS "DONE": Select STATUS "DONE"

2021-01-22 10:58:30 - [MESSAGE][PASSED] - All options with value 'DONE' are selected in object ''  using regular expression

2021-01-22 10:58:30 - [MESSAGE][PASSED] - Select STATUS "DONE"

2021-01-22 10:58:30 - [TEST_STEP][PASSED] - Click button "Search": Click button "Search"

2021-01-22 10:58:30 - [MESSAGE][INFO] - >>>>>//Button[contains(text(),'Search')]

2021-01-22 10:58:33 - [MESSAGE][PASSED] - Object '' is present

2021-01-22 10:58:33 - [MESSAGE][PASSED] - Object: '' is clicked on

2021-01-22 10:58:33 - [MESSAGE][PASSED] - Switched to window with index: '0'

2021-01-22 10:58:33 - [MESSAGE][PASSED] - Click button "Search"

2021-01-22 10:58:33 - [TEST_STEP][PASSED] - Verify Search Result Presents: Verify Search Result Presents

2021-01-22 10:58:33 - [MESSAGE][PASSED] - Object '' is present

2021-01-22 10:58:40 - [MESSAGE][PASSED] - Verify Search Result Presents

2021-01-22 10:58:40 - [TEST_STEP][PASSED] - Click button "Logout": Click button "Logout"

2021-01-22 10:58:40 - [MESSAGE][INFO] - >>>>>//Button[contains(text(),'Logout')]

2021-01-22 10:58:43 - [MESSAGE][PASSED] - Object '' is present

2021-01-22 10:58:43 - [MESSAGE][PASSED] - Object: '' is clicked on

2021-01-22 10:58:43 - [MESSAGE][PASSED] - Switched to window with index: '0'

2021-01-22 10:58:43 - [MESSAGE][PASSED] - Click button "Logout"

2021-01-22 10:58:43 - [TEST_STEP][PASSED] - Close browser: Close browser

2021-01-22 10:58:43 - [MESSAGE][PASSED] - Browser is closed

2021-01-22 10:58:43 - [MESSAGE][PASSED] - Close browser

2021-01-22 10:58:43 - [TEST_CASE][PASSED] - Start Test Case : SCENARIO Search by STATUS Success to Disburse: SCENARIO Search by STATUS Success to Disburse

2021-01-22 10:58:43 - [TEST_STEP][PASSED] - Go to ISTools: Go to ISTools

2021-01-22 10:58:43 - [MESSAGE][INFO] - Starting 'Chrome (headless)' driver

2021-01-22 10:58:43 - [MESSAGE][INFO] - User set preference: ['args', '[--start-maximized, --disable-gpu, --no-proxy-server, â€“-no-sandbox, --allow-running-insecure-content, --ignore-certificate-errors, window-size=1680,814, force-device-scale-factor=2, --lang=en-GB]']

2021-01-22 10:58:43 - [MESSAGE][INFO] - User set preference: ['prefs', '{download.default_directory=/Users/chaidir.pratama01/Katalon Studio/IST_Automation_Git/Download}']

2021-01-22 10:58:43 - [MESSAGE][INFO] - Action delay is set to 0 milliseconds

2021-01-22 10:58:44 - [MESSAGE][PASSED] - Browser is opened with url: ''

2021-01-22 10:58:44 - [MESSAGE][PASSED] - Navigate to 'https://dev-istools.homecredit.id/foundation/' successfully

2021-01-22 10:58:44 - [MESSAGE][PASSED] - Go to ISTools

2021-01-22 10:58:44 - [TEST_STEP][PASSED] - Login IST with valid credentials: Login IST with valid credentials

2021-01-22 10:58:45 - [MESSAGE][PASSED] - Text 'mobile.test' is set on object 'Object Repository/Page_/input_Username_j_username'

2021-01-22 10:58:45 - [MESSAGE][PASSED] - Text ****** has been set on object 'Object Repository/Page_/input_Password_j_password'

2021-01-22 10:58:45 - [MESSAGE][PASSED] - Object: 'Object Repository/Page_/button_Login' is clicked on

2021-01-22 10:58:45 - [MESSAGE][PASSED] - Login IST with valid credentials

2021-01-22 10:58:45 - [TEST_STEP][PASSED] - Login Success: Login Success

2021-01-22 10:58:45 - [MESSAGE][INFO] - Login Success

2021-01-22 10:58:45 - [MESSAGE][PASSED] - Current window maximized

2021-01-22 10:58:45 - [MESSAGE][PASSED] - Object 'Object Repository/Page_/h1_Welcome to IT Supporting Tools' is present

2021-01-22 10:58:45 - [MESSAGE][PASSED] - Login Success

2021-01-22 10:58:45 - [TEST_STEP][PASSED] - Select Arrow Menu "Real Time Disbursement": Select Arrow Menu "Real Time Disbursement"

2021-01-22 10:58:45 - [MESSAGE][PASSED] - Object: '' is clicked on

2021-01-22 10:58:45 - [MESSAGE][PASSED] - Select Arrow Menu "Real Time Disbursement"

2021-01-22 10:58:45 - [TEST_STEP][PASSED] - Select Menu "Dashboard for BO In Payment": Select Menu "Dashboard for BO In Payment"

2021-01-22 10:58:46 - [MESSAGE][PASSED] - Taking screenshot successfully
[[ATTACHMENT|/Users/chaidir.pratama01/Documents/Docs/Katalon Studio/Screenshot/test-Dashboard for BO In Payment.png]]

2021-01-22 10:58:46 - [MESSAGE][PASSED] - Object '' is present

2021-01-22 10:58:46 - [MESSAGE][PASSED] - Object: '' is clicked on

2021-01-22 10:58:46 - [MESSAGE][PASSED] - Wait for page load successfully

2021-01-22 10:58:46 - [MESSAGE][PASSED] - Select Menu "Dashboard for BO In Payment"

2021-01-22 10:58:46 - [TEST_STEP][PASSED] - Select STATUS "Success to Disburse": Select STATUS "Success to Disburse"

2021-01-22 10:58:46 - [MESSAGE][PASSED] - All options with value 'Success to Disburse' are selected in object ''  using regular expression

2021-01-22 10:58:46 - [MESSAGE][PASSED] - Select STATUS "Success to Disburse"

2021-01-22 10:58:46 - [TEST_STEP][PASSED] - Click button "Search": Click button "Search"

2021-01-22 10:58:46 - [MESSAGE][INFO] - >>>>>//Button[contains(text(),'Search')]

2021-01-22 10:58:49 - [MESSAGE][PASSED] - Object '' is present

2021-01-22 10:58:49 - [MESSAGE][PASSED] - Object: '' is clicked on

2021-01-22 10:58:49 - [MESSAGE][PASSED] - Switched to window with index: '0'

2021-01-22 10:58:49 - [MESSAGE][PASSED] - Click button "Search"

2021-01-22 10:58:49 - [TEST_STEP][PASSED] - Verify Search Result Presents: Verify Search Result Presents

2021-01-22 10:58:50 - [MESSAGE][PASSED] - Object '' is present

2021-01-22 10:58:50 - [MESSAGE][PASSED] - Verify Search Result Presents

2021-01-22 10:58:50 - [TEST_STEP][PASSED] - Click button "Logout": Click button "Logout"

2021-01-22 10:58:50 - [MESSAGE][INFO] - >>>>>//Button[contains(text(),'Logout')]

2021-01-22 10:58:53 - [MESSAGE][PASSED] - Object '' is present

2021-01-22 10:58:53 - [MESSAGE][PASSED] - Object: '' is clicked on

2021-01-22 10:58:53 - [MESSAGE][PASSED] - Switched to window with index: '0'

2021-01-22 10:58:53 - [MESSAGE][PASSED] - Click button "Logout"

2021-01-22 10:58:53 - [TEST_STEP][PASSED] - Close browser: Close browser

2021-01-22 10:58:53 - [MESSAGE][PASSED] - Browser is closed

2021-01-22 10:58:53 - [MESSAGE][PASSED] - Close browser

2021-01-22 10:58:53 - [MESSAGE][PASSED] - Feature file: 'Include/features/IST_Real/RTD/Dashboard_for_BO_In_Payment/Search_by_Status.feature' was passed]]></system-out>
         <system-err><![CDATA[]]></system-err>
      </testcase>
      <testcase name="Test Cases/RTD/Dashboard for BO in Payment/TC_View_Detail" time="41.102" classname="Test Cases/RTD/Dashboard for BO in Payment/TC_View_Detail" status="PASSED">
         <system-out><![CDATA[2021-01-22 10:58:53 - [TEST_CASE][PASSED] - Test Cases/RTD/Dashboard for BO in Payment/TC_View_Detail: Test Cases/RTD/Dashboard for BO in Payment/TC_View_Detail

2021-01-22 10:58:53 - [TEST_STEP][PASSED] - runFeatureFile("Include/features/IST_Real/RTD/Dashboard_for_BO_In_Payment/View_Detail.feature"): Feature file: 'Include/features/IST_Real/RTD/Dashboard_for_BO_In_Payment/View_Detail.feature' was passed

2021-01-22 10:58:53 - [MESSAGE][INFO] - Starting run keyword runFeatureFile: 'Include/features/IST_Real/RTD/Dashboard_for_BO_In_Payment/View_Detail.feature' and extract report to folder: '/Users/chaidir.pratama01/Katalon Studio/IST_Automation_Git/Reports/20210122_104222/RTD/TS_Dashboard_for_BO_In_Payment/20210122_104226/cucumber_report/1611287933954'...

2021-01-22 10:58:54 - [TEST_CASE][PASSED] - Start Test Case : SCENARIO Search by STATUS Success to Disburse and then View Detail of it: SCENARIO Search by STATUS Success to Disburse and then View Detail of it

2021-01-22 10:58:54 - [TEST_STEP][PASSED] - Go to ISTools: Go to ISTools

2021-01-22 10:58:54 - [MESSAGE][INFO] - Starting 'Chrome (headless)' driver

2021-01-22 10:58:54 - [MESSAGE][INFO] - User set preference: ['args', '[--start-maximized, --disable-gpu, --no-proxy-server, â€“-no-sandbox, --allow-running-insecure-content, --ignore-certificate-errors, window-size=1680,814, force-device-scale-factor=2, --lang=en-GB]']

2021-01-22 10:58:54 - [MESSAGE][INFO] - User set preference: ['prefs', '{download.default_directory=/Users/chaidir.pratama01/Katalon Studio/IST_Automation_Git/Download}']

2021-01-22 10:58:54 - [MESSAGE][INFO] - Action delay is set to 0 milliseconds

2021-01-22 10:58:54 - [MESSAGE][PASSED] - Browser is opened with url: ''

2021-01-22 10:58:55 - [MESSAGE][PASSED] - Navigate to 'https://dev-istools.homecredit.id/foundation/' successfully

2021-01-22 10:58:55 - [MESSAGE][PASSED] - Go to ISTools

2021-01-22 10:58:55 - [TEST_STEP][PASSED] - Login IST with valid credentials: Login IST with valid credentials

2021-01-22 10:58:55 - [MESSAGE][PASSED] - Text 'mobile.test' is set on object 'Object Repository/Page_/input_Username_j_username'

2021-01-22 10:58:55 - [MESSAGE][PASSED] - Text ****** has been set on object 'Object Repository/Page_/input_Password_j_password'

2021-01-22 10:58:55 - [MESSAGE][PASSED] - Object: 'Object Repository/Page_/button_Login' is clicked on

2021-01-22 10:58:55 - [MESSAGE][PASSED] - Login IST with valid credentials

2021-01-22 10:58:55 - [TEST_STEP][PASSED] - Login Success: Login Success

2021-01-22 10:58:55 - [MESSAGE][INFO] - Login Success

2021-01-22 10:58:55 - [MESSAGE][PASSED] - Current window maximized

2021-01-22 10:58:55 - [MESSAGE][PASSED] - Object 'Object Repository/Page_/h1_Welcome to IT Supporting Tools' is present

2021-01-22 10:58:55 - [MESSAGE][PASSED] - Login Success

2021-01-22 10:58:55 - [TEST_STEP][PASSED] - Select Arrow Menu "Real Time Disbursement": Select Arrow Menu "Real Time Disbursement"

2021-01-22 10:58:56 - [MESSAGE][PASSED] - Object: '' is clicked on

2021-01-22 10:58:56 - [MESSAGE][PASSED] - Select Arrow Menu "Real Time Disbursement"

2021-01-22 10:58:56 - [TEST_STEP][PASSED] - Select Menu "Dashboard for BO In Payment": Select Menu "Dashboard for BO In Payment"

2021-01-22 10:58:56 - [MESSAGE][PASSED] - Taking screenshot successfully
[[ATTACHMENT|/Users/chaidir.pratama01/Documents/Docs/Katalon Studio/Screenshot/test-Dashboard for BO In Payment.png]]

2021-01-22 10:58:56 - [MESSAGE][PASSED] - Object '' is present

2021-01-22 10:58:56 - [MESSAGE][PASSED] - Object: '' is clicked on

2021-01-22 10:58:56 - [MESSAGE][PASSED] - Wait for page load successfully

2021-01-22 10:58:56 - [MESSAGE][PASSED] - Select Menu "Dashboard for BO In Payment"

2021-01-22 10:58:56 - [TEST_STEP][PASSED] - Select STATUS "Success to Disburse": Select STATUS "Success to Disburse"

2021-01-22 10:58:57 - [MESSAGE][PASSED] - All options with value 'Success to Disburse' are selected in object ''  using regular expression

2021-01-22 10:58:57 - [MESSAGE][PASSED] - Select STATUS "Success to Disburse"

2021-01-22 10:58:57 - [TEST_STEP][PASSED] - Click button "Search": Click button "Search"

2021-01-22 10:58:57 - [MESSAGE][INFO] - >>>>>//Button[contains(text(),'Search')]

2021-01-22 10:59:00 - [MESSAGE][PASSED] - Object '' is present

2021-01-22 10:59:00 - [MESSAGE][PASSED] - Object: '' is clicked on

2021-01-22 10:59:00 - [MESSAGE][PASSED] - Switched to window with index: '0'

2021-01-22 10:59:00 - [MESSAGE][PASSED] - Click button "Search"

2021-01-22 10:59:00 - [TEST_STEP][PASSED] - Verify Search Result Presents: Verify Search Result Presents

2021-01-22 10:59:00 - [MESSAGE][PASSED] - Object '' is present

2021-01-22 10:59:00 - [MESSAGE][PASSED] - Verify Search Result Presents

2021-01-22 10:59:00 - [TEST_STEP][PASSED] - Click View Detail: Click View Detail

2021-01-22 10:59:00 - [MESSAGE][PASSED] - Object '' is present

2021-01-22 10:59:00 - [MESSAGE][PASSED] - Object: '' is clicked on

2021-01-22 10:59:00 - [MESSAGE][PASSED] - Click View Detail

2021-01-22 10:59:00 - [TEST_STEP][PASSED] - Verify Information in View Detail: Verify Information in View Detail

2021-01-22 10:59:03 - [MESSAGE][PASSED] - Delayed 3 second(s)

2021-01-22 10:59:03 - [MESSAGE][PASSED] - Attribute 'value' of object '' is: '3900014152'

2021-01-22 10:59:06 - [MESSAGE][PASSED] - Delayed 3 second(s)

2021-01-22 10:59:06 - [MESSAGE][PASSED] - Attribute 'value' of object '' is: 'IDITXLeks TESTERbIvIvO'

2021-01-22 10:59:09 - [MESSAGE][PASSED] - Delayed 3 second(s)

2021-01-22 10:59:09 - [MESSAGE][PASSED] - Attribute 'value' of object '' is: 'Success to Disburse'

2021-01-22 10:59:12 - [MESSAGE][PASSED] - Delayed 3 second(s)

2021-01-22 10:59:13 - [MESSAGE][PASSED] - Attribute 'value' of object '' is: 'Rp 7,000,000'

2021-01-22 10:59:16 - [MESSAGE][PASSED] - Delayed 3 second(s)

2021-01-22 10:59:16 - [MESSAGE][PASSED] - Attribute 'value' of object '' is: 'KESEJAHTERAAN EKONOMI'

2021-01-22 10:59:19 - [MESSAGE][PASSED] - Delayed 3 second(s)

2021-01-22 10:59:19 - [MESSAGE][PASSED] - Attribute 'value' of object '' is: '1'

2021-01-22 10:59:22 - [MESSAGE][PASSED] - Delayed 3 second(s)

2021-01-22 10:59:22 - [MESSAGE][PASSED] - Attribute 'value' of object '' is: 'NAMA ADA DISINI'

2021-01-22 10:59:25 - [MESSAGE][PASSED] - Delayed 3 second(s)

2021-01-22 10:59:25 - [MESSAGE][PASSED] - Attribute 'value' of object '' is: 'KESEJAHTERAAN EKONOMI'

2021-01-22 10:59:28 - [MESSAGE][PASSED] - Delayed 3 second(s)

2021-01-22 10:59:28 - [MESSAGE][PASSED] - Attribute 'value' of object '' is: ''

2021-01-22 10:59:31 - [MESSAGE][PASSED] - Delayed 3 second(s)

2021-01-22 10:59:31 - [MESSAGE][PASSED] - Attribute 'value' of object '' is: ''

2021-01-22 10:59:31 - [MESSAGE][PASSED] - Text of object '' is: 'Date'

2021-01-22 10:59:31 - [MESSAGE][PASSED] - Text of object '' is: 'Status'

2021-01-22 10:59:31 - [MESSAGE][PASSED] - Text of object '' is: 'Updated Information'

2021-01-22 10:59:31 - [MESSAGE][PASSED] - Text of object '' is: 'Last Update By'

2021-01-22 10:59:31 - [MESSAGE][PASSED] - Text of object '' is: 'Department'

2021-01-22 10:59:31 - [MESSAGE][PASSED] - Verify Information in View Detail

2021-01-22 10:59:31 - [TEST_STEP][PASSED] - Click button "Logout": Click button "Logout"

2021-01-22 10:59:31 - [MESSAGE][INFO] - >>>>>//Button[contains(text(),'Logout')]

2021-01-22 10:59:34 - [MESSAGE][PASSED] - Object '' is present

2021-01-22 10:59:34 - [MESSAGE][PASSED] - Object: '' is clicked on

2021-01-22 10:59:34 - [MESSAGE][PASSED] - Switched to window with index: '0'

2021-01-22 10:59:34 - [MESSAGE][PASSED] - Click button "Logout"

2021-01-22 10:59:34 - [TEST_STEP][PASSED] - Close browser: Close browser

2021-01-22 10:59:34 - [MESSAGE][PASSED] - Browser is closed

2021-01-22 10:59:34 - [MESSAGE][PASSED] - Close browser

2021-01-22 10:59:34 - [MESSAGE][PASSED] - Feature file: 'Include/features/IST_Real/RTD/Dashboard_for_BO_In_Payment/View_Detail.feature' was passed]]></system-out>
         <system-err><![CDATA[]]></system-err>
      </testcase>
      <testcase name="Test Cases/RTD/Dashboard for BO in Payment/TC_Export_Data" time="10.526" classname="Test Cases/RTD/Dashboard for BO in Payment/TC_Export_Data" status="PASSED">
         <system-out><![CDATA[2021-01-22 10:59:34 - [TEST_CASE][PASSED] - Test Cases/RTD/Dashboard for BO in Payment/TC_Export_Data: Test Cases/RTD/Dashboard for BO in Payment/TC_Export_Data

2021-01-22 10:59:35 - [TEST_STEP][PASSED] - runFeatureFile("Include/features/IST_Real/RTD/Dashboard_for_BO_In_Payment/Export_Data.feature"): Feature file: 'Include/features/IST_Real/RTD/Dashboard_for_BO_In_Payment/Export_Data.feature' was passed

2021-01-22 10:59:35 - [MESSAGE][INFO] - Starting run keyword runFeatureFile: 'Include/features/IST_Real/RTD/Dashboard_for_BO_In_Payment/Export_Data.feature' and extract report to folder: '/Users/chaidir.pratama01/Katalon Studio/IST_Automation_Git/Reports/20210122_104222/RTD/TS_Dashboard_for_BO_In_Payment/20210122_104226/cucumber_report/1611287975049'...

2021-01-22 10:59:35 - [TEST_CASE][PASSED] - Start Test Case : SCENARIO Export Data: SCENARIO Export Data

2021-01-22 10:59:35 - [TEST_STEP][PASSED] - Go to ISTools: Go to ISTools

2021-01-22 10:59:35 - [MESSAGE][INFO] - Starting 'Chrome (headless)' driver

2021-01-22 10:59:35 - [MESSAGE][INFO] - User set preference: ['args', '[--start-maximized, --disable-gpu, --no-proxy-server, â€“-no-sandbox, --allow-running-insecure-content, --ignore-certificate-errors, window-size=1680,814, force-device-scale-factor=2, --lang=en-GB]']

2021-01-22 10:59:35 - [MESSAGE][INFO] - User set preference: ['prefs', '{download.default_directory=/Users/chaidir.pratama01/Katalon Studio/IST_Automation_Git/Download}']

2021-01-22 10:59:35 - [MESSAGE][INFO] - Action delay is set to 0 milliseconds

2021-01-22 10:59:35 - [MESSAGE][PASSED] - Browser is opened with url: ''

2021-01-22 10:59:36 - [MESSAGE][PASSED] - Navigate to 'https://dev-istools.homecredit.id/foundation/' successfully

2021-01-22 10:59:37 - [MESSAGE][PASSED] - Go to ISTools

2021-01-22 10:59:37 - [TEST_STEP][PASSED] - Login IST with valid credentials: Login IST with valid credentials

2021-01-22 10:59:37 - [MESSAGE][PASSED] - Text 'mobile.test' is set on object 'Object Repository/Page_/input_Username_j_username'

2021-01-22 10:59:37 - [MESSAGE][PASSED] - Text ****** has been set on object 'Object Repository/Page_/input_Password_j_password'

2021-01-22 10:59:37 - [MESSAGE][PASSED] - Object: 'Object Repository/Page_/button_Login' is clicked on

2021-01-22 10:59:37 - [MESSAGE][PASSED] - Login IST with valid credentials

2021-01-22 10:59:37 - [TEST_STEP][PASSED] - Login Success: Login Success

2021-01-22 10:59:37 - [MESSAGE][INFO] - Login Success

2021-01-22 10:59:37 - [MESSAGE][PASSED] - Current window maximized

2021-01-22 10:59:37 - [MESSAGE][PASSED] - Object 'Object Repository/Page_/h1_Welcome to IT Supporting Tools' is present

2021-01-22 10:59:37 - [MESSAGE][PASSED] - Login Success

2021-01-22 10:59:37 - [TEST_STEP][PASSED] - Select Arrow Menu "Real Time Disbursement": Select Arrow Menu "Real Time Disbursement"

2021-01-22 10:59:37 - [MESSAGE][PASSED] - Object: '' is clicked on

2021-01-22 10:59:37 - [MESSAGE][PASSED] - Select Arrow Menu "Real Time Disbursement"

2021-01-22 10:59:37 - [TEST_STEP][PASSED] - Select Menu "Dashboard for BO In Payment": Select Menu "Dashboard for BO In Payment"

2021-01-22 10:59:38 - [MESSAGE][PASSED] - Taking screenshot successfully
[[ATTACHMENT|/Users/chaidir.pratama01/Documents/Docs/Katalon Studio/Screenshot/test-Dashboard for BO In Payment.png]]

2021-01-22 10:59:38 - [MESSAGE][PASSED] - Object '' is present

2021-01-22 10:59:38 - [MESSAGE][PASSED] - Object: '' is clicked on

2021-01-22 10:59:38 - [MESSAGE][PASSED] - Wait for page load successfully

2021-01-22 10:59:38 - [MESSAGE][PASSED] - Select Menu "Dashboard for BO In Payment"

2021-01-22 10:59:38 - [TEST_STEP][PASSED] - Input Contract RTD in Contract Number label: Input Contract RTD in Contract Number label

2021-01-22 10:59:38 - [MESSAGE][PASSED] - Text '4000014162' is set on object ''

2021-01-22 10:59:38 - [MESSAGE][PASSED] - Input Contract RTD in Contract Number label

2021-01-22 10:59:38 - [TEST_STEP][PASSED] - Click button "Search": Click button "Search"

2021-01-22 10:59:38 - [MESSAGE][INFO] - >>>>>//Button[contains(text(),'Search')]

2021-01-22 10:59:41 - [MESSAGE][PASSED] - Object '' is present

2021-01-22 10:59:41 - [MESSAGE][PASSED] - Object: '' is clicked on

2021-01-22 10:59:41 - [MESSAGE][PASSED] - Switched to window with index: '0'

2021-01-22 10:59:41 - [MESSAGE][PASSED] - Click button "Search"

2021-01-22 10:59:41 - [TEST_STEP][PASSED] - Verify Table Filled: Verify Table Filled

2021-01-22 10:59:41 - [MESSAGE][PASSED] - Object '' is present

2021-01-22 10:59:41 - [MESSAGE][PASSED] - Verify Table Filled

2021-01-22 10:59:41 - [TEST_STEP][PASSED] - Click button "Export Data": Click button "Export Data"

2021-01-22 10:59:41 - [MESSAGE][INFO] - >>>>>//Button[contains(text(),'Export Data')]

2021-01-22 10:59:44 - [MESSAGE][PASSED] - Object: '' is clicked on

2021-01-22 10:59:45 - [MESSAGE][PASSED] - Taking screenshot successfully
[[ATTACHMENT|/Users/chaidir.pratama01/Documents/Docs/Katalon Studio/Screenshot/Download_data.png]]

2021-01-22 10:59:45 - [MESSAGE][PASSED] - Click button "Export Data"

2021-01-22 10:59:45 - [MESSAGE][PASSED] - Feature file: 'Include/features/IST_Real/RTD/Dashboard_for_BO_In_Payment/Export_Data.feature' was passed]]></system-out>
         <system-err><![CDATA[]]></system-err>
      </testcase>
      <testcase name="Test Cases/RTD/Dashboard for BO in Payment/TC_Generate_Outpayment" time="34.036" classname="Test Cases/RTD/Dashboard for BO in Payment/TC_Generate_Outpayment" status="PASSED">
         <system-out><![CDATA[2021-01-22 10:59:45 - [TEST_CASE][PASSED] - Test Cases/RTD/Dashboard for BO in Payment/TC_Generate_Outpayment: Test Cases/RTD/Dashboard for BO in Payment/TC_Generate_Outpayment

2021-01-22 10:59:45 - [TEST_STEP][PASSED] - runFeatureFile("Include/features/IST_Real/RTD/Dashboard_for_BO_In_Payment/Generate_Outpayment.feature"): Feature file: 'Include/features/IST_Real/RTD/Dashboard_for_BO_In_Payment/Generate_Outpayment.feature' was passed

2021-01-22 10:59:45 - [MESSAGE][INFO] - Starting run keyword runFeatureFile: 'Include/features/IST_Real/RTD/Dashboard_for_BO_In_Payment/Generate_Outpayment.feature' and extract report to folder: '/Users/chaidir.pratama01/Katalon Studio/IST_Automation_Git/Reports/20210122_104222/RTD/TS_Dashboard_for_BO_In_Payment/20210122_104226/cucumber_report/1611287985575'...

2021-01-22 10:59:45 - [TEST_CASE][PASSED] - Start Test Case : SCENARIO Genrate Outpayment without select checkbox: SCENARIO Genrate Outpayment without select checkbox

2021-01-22 10:59:45 - [TEST_STEP][PASSED] - Go to ISTools: Go to ISTools

2021-01-22 10:59:45 - [MESSAGE][WARNING] - A browser is already opened. Closing browser and opening a new one

2021-01-22 10:59:45 - [MESSAGE][INFO] - Starting 'Chrome (headless)' driver

2021-01-22 10:59:45 - [MESSAGE][INFO] - User set preference: ['args', '[--start-maximized, --disable-gpu, --no-proxy-server, â€“-no-sandbox, --allow-running-insecure-content, --ignore-certificate-errors, window-size=1680,814, force-device-scale-factor=2, --lang=en-GB]']

2021-01-22 10:59:45 - [MESSAGE][INFO] - User set preference: ['prefs', '{download.default_directory=/Users/chaidir.pratama01/Katalon Studio/IST_Automation_Git/Download}']

2021-01-22 10:59:45 - [MESSAGE][INFO] - Action delay is set to 0 milliseconds

2021-01-22 10:59:46 - [MESSAGE][PASSED] - Browser is opened with url: ''

2021-01-22 10:59:46 - [MESSAGE][PASSED] - Navigate to 'https://dev-istools.homecredit.id/foundation/' successfully

2021-01-22 10:59:46 - [MESSAGE][PASSED] - Go to ISTools

2021-01-22 10:59:46 - [TEST_STEP][PASSED] - Login IST with valid credentials: Login IST with valid credentials

2021-01-22 10:59:47 - [MESSAGE][PASSED] - Text 'mobile.test' is set on object 'Object Repository/Page_/input_Username_j_username'

2021-01-22 10:59:47 - [MESSAGE][PASSED] - Text ****** has been set on object 'Object Repository/Page_/input_Password_j_password'

2021-01-22 10:59:47 - [MESSAGE][PASSED] - Object: 'Object Repository/Page_/button_Login' is clicked on

2021-01-22 10:59:47 - [MESSAGE][PASSED] - Login IST with valid credentials

2021-01-22 10:59:47 - [TEST_STEP][PASSED] - Login Success: Login Success

2021-01-22 10:59:47 - [MESSAGE][INFO] - Login Success

2021-01-22 10:59:47 - [MESSAGE][PASSED] - Current window maximized

2021-01-22 10:59:47 - [MESSAGE][PASSED] - Object 'Object Repository/Page_/h1_Welcome to IT Supporting Tools' is present

2021-01-22 10:59:47 - [MESSAGE][PASSED] - Login Success

2021-01-22 10:59:47 - [TEST_STEP][PASSED] - Select Arrow Menu "Real Time Disbursement": Select Arrow Menu "Real Time Disbursement"

2021-01-22 10:59:47 - [MESSAGE][PASSED] - Object: '' is clicked on

2021-01-22 10:59:47 - [MESSAGE][PASSED] - Select Arrow Menu "Real Time Disbursement"

2021-01-22 10:59:47 - [TEST_STEP][PASSED] - Select Menu "Dashboard for BO In Payment": Select Menu "Dashboard for BO In Payment"

2021-01-22 10:59:48 - [MESSAGE][PASSED] - Taking screenshot successfully
[[ATTACHMENT|/Users/chaidir.pratama01/Documents/Docs/Katalon Studio/Screenshot/test-Dashboard for BO In Payment.png]]

2021-01-22 10:59:48 - [MESSAGE][PASSED] - Object '' is present

2021-01-22 10:59:48 - [MESSAGE][PASSED] - Object: '' is clicked on

2021-01-22 10:59:48 - [MESSAGE][PASSED] - Wait for page load successfully

2021-01-22 10:59:48 - [MESSAGE][PASSED] - Select Menu "Dashboard for BO In Payment"

2021-01-22 10:59:48 - [TEST_STEP][PASSED] - Select STATUS "Manual Disbursement": Select STATUS "Manual Disbursement"

2021-01-22 10:59:48 - [MESSAGE][PASSED] - All options with value 'Manual Disbursement' are selected in object ''  using regular expression

2021-01-22 10:59:48 - [MESSAGE][PASSED] - Select STATUS "Manual Disbursement"

2021-01-22 10:59:48 - [TEST_STEP][PASSED] - Click button "Search": Click button "Search"

2021-01-22 10:59:48 - [MESSAGE][INFO] - >>>>>//Button[contains(text(),'Search')]

2021-01-22 10:59:51 - [MESSAGE][PASSED] - Object '' is present

2021-01-22 10:59:51 - [MESSAGE][PASSED] - Object: '' is clicked on

2021-01-22 10:59:51 - [MESSAGE][PASSED] - Switched to window with index: '0'

2021-01-22 10:59:51 - [MESSAGE][PASSED] - Click button "Search"

2021-01-22 10:59:51 - [TEST_STEP][PASSED] - Verify Table Filled: Verify Table Filled

2021-01-22 10:59:51 - [MESSAGE][PASSED] - Object '' is present

2021-01-22 10:59:51 - [MESSAGE][PASSED] - Verify Table Filled

2021-01-22 10:59:51 - [TEST_STEP][PASSED] - Click button "Generate Outpayment": Click button "Generate Outpayment"

2021-01-22 10:59:51 - [MESSAGE][INFO] - >>>>>//Button[contains(text(),'Generate Outpayment')]

2021-01-22 10:59:54 - [MESSAGE][PASSED] - Object '' is present

2021-01-22 10:59:55 - [MESSAGE][PASSED] - Object: '' is clicked on

2021-01-22 10:59:55 - [MESSAGE][PASSED] - Switched to window with index: '0'

2021-01-22 10:59:55 - [MESSAGE][PASSED] - Click button "Generate Outpayment"

2021-01-22 10:59:55 - [TEST_STEP][PASSED] - Get text from pop up "Warning Message" with text "Warning : No data selected !": Get text from pop up "Warning Message" with text "Warning : No data selected !"

2021-01-22 10:59:55 - [MESSAGE][PASSED] - Taking screenshot successfully
[[ATTACHMENT|/Users/chaidir.pratama01/Documents/Docs/Katalon Studio/Screenshot/errorpopup.png]]

2021-01-22 10:59:55 - [MESSAGE][PASSED] - Object '' is present

2021-01-22 10:59:55 - [MESSAGE][PASSED] - Wait for page load successfully

2021-01-22 10:59:55 - [MESSAGE][PASSED] - Wait for page load successfully

2021-01-22 10:59:55 - [MESSAGE][PASSED] - Get text from pop up "Warning Message" with text "Warning : No data selected !"

2021-01-22 10:59:55 - [TEST_STEP][PASSED] - Click button "OK": Click button "OK"

2021-01-22 10:59:55 - [MESSAGE][INFO] - >>>>>//Button[contains(text(),'OK')]

2021-01-22 10:59:58 - [MESSAGE][PASSED] - Object '' is present

2021-01-22 10:59:58 - [MESSAGE][PASSED] - Object: '' is clicked on

2021-01-22 10:59:58 - [MESSAGE][PASSED] - Switched to window with index: '0'

2021-01-22 10:59:58 - [MESSAGE][PASSED] - Click button "OK"

2021-01-22 10:59:58 - [TEST_STEP][PASSED] - Click button "Logout": Click button "Logout"

2021-01-22 10:59:58 - [MESSAGE][INFO] - >>>>>//Button[contains(text(),'Logout')]

2021-01-22 11:00:01 - [MESSAGE][PASSED] - Object '' is present

2021-01-22 11:00:02 - [MESSAGE][PASSED] - Object: '' is clicked on

2021-01-22 11:00:02 - [MESSAGE][PASSED] - Switched to window with index: '0'

2021-01-22 11:00:02 - [MESSAGE][PASSED] - Click button "Logout"

2021-01-22 11:00:02 - [TEST_STEP][PASSED] - Close browser: Close browser

2021-01-22 11:00:02 - [MESSAGE][PASSED] - Browser is closed

2021-01-22 11:00:02 - [MESSAGE][PASSED] - Close browser

2021-01-22 11:00:02 - [TEST_CASE][PASSED] - Start Test Case : SCENARIO Genrate Outpayment and select checkbox first: SCENARIO Genrate Outpayment and select checkbox first

2021-01-22 11:00:02 - [TEST_STEP][PASSED] - Go to ISTools: Go to ISTools

2021-01-22 11:00:02 - [MESSAGE][INFO] - Starting 'Chrome (headless)' driver

2021-01-22 11:00:02 - [MESSAGE][INFO] - User set preference: ['args', '[--start-maximized, --disable-gpu, --no-proxy-server, â€“-no-sandbox, --allow-running-insecure-content, --ignore-certificate-errors, window-size=1680,814, force-device-scale-factor=2, --lang=en-GB]']

2021-01-22 11:00:02 - [MESSAGE][INFO] - User set preference: ['prefs', '{download.default_directory=/Users/chaidir.pratama01/Katalon Studio/IST_Automation_Git/Download}']

2021-01-22 11:00:02 - [MESSAGE][INFO] - Action delay is set to 0 milliseconds

2021-01-22 11:00:02 - [MESSAGE][PASSED] - Browser is opened with url: ''

2021-01-22 11:00:03 - [MESSAGE][PASSED] - Navigate to 'https://dev-istools.homecredit.id/foundation/' successfully

2021-01-22 11:00:03 - [MESSAGE][PASSED] - Go to ISTools

2021-01-22 11:00:03 - [TEST_STEP][PASSED] - Login IST with valid credentials: Login IST with valid credentials

2021-01-22 11:00:03 - [MESSAGE][PASSED] - Text 'mobile.test' is set on object 'Object Repository/Page_/input_Username_j_username'

2021-01-22 11:00:03 - [MESSAGE][PASSED] - Text ****** has been set on object 'Object Repository/Page_/input_Password_j_password'

2021-01-22 11:00:04 - [MESSAGE][PASSED] - Object: 'Object Repository/Page_/button_Login' is clicked on

2021-01-22 11:00:04 - [MESSAGE][PASSED] - Login IST with valid credentials

2021-01-22 11:00:04 - [TEST_STEP][PASSED] - Login Success: Login Success

2021-01-22 11:00:04 - [MESSAGE][INFO] - Login Success

2021-01-22 11:00:04 - [MESSAGE][PASSED] - Current window maximized

2021-01-22 11:00:04 - [MESSAGE][PASSED] - Object 'Object Repository/Page_/h1_Welcome to IT Supporting Tools' is present

2021-01-22 11:00:04 - [MESSAGE][PASSED] - Login Success

2021-01-22 11:00:04 - [TEST_STEP][PASSED] - Select Arrow Menu "Real Time Disbursement": Select Arrow Menu "Real Time Disbursement"

2021-01-22 11:00:04 - [MESSAGE][PASSED] - Object: '' is clicked on

2021-01-22 11:00:04 - [MESSAGE][PASSED] - Select Arrow Menu "Real Time Disbursement"

2021-01-22 11:00:04 - [TEST_STEP][PASSED] - Select Menu "Dashboard for BO In Payment": Select Menu "Dashboard for BO In Payment"

2021-01-22 11:00:05 - [MESSAGE][PASSED] - Taking screenshot successfully
[[ATTACHMENT|/Users/chaidir.pratama01/Documents/Docs/Katalon Studio/Screenshot/test-Dashboard for BO In Payment.png]]

2021-01-22 11:00:05 - [MESSAGE][PASSED] - Object '' is present

2021-01-22 11:00:05 - [MESSAGE][PASSED] - Object: '' is clicked on

2021-01-22 11:00:05 - [MESSAGE][PASSED] - Wait for page load successfully

2021-01-22 11:00:05 - [MESSAGE][PASSED] - Select Menu "Dashboard for BO In Payment"

2021-01-22 11:00:05 - [TEST_STEP][PASSED] - Select STATUS "Manual Disbursement": Select STATUS "Manual Disbursement"

2021-01-22 11:00:05 - [MESSAGE][PASSED] - All options with value 'Manual Disbursement' are selected in object ''  using regular expression

2021-01-22 11:00:05 - [MESSAGE][PASSED] - Select STATUS "Manual Disbursement"

2021-01-22 11:00:05 - [TEST_STEP][PASSED] - Click button "Search": Click button "Search"

2021-01-22 11:00:05 - [MESSAGE][INFO] - >>>>>//Button[contains(text(),'Search')]

2021-01-22 11:00:08 - [MESSAGE][PASSED] - Object '' is present

2021-01-22 11:00:08 - [MESSAGE][PASSED] - Object: '' is clicked on

2021-01-22 11:00:08 - [MESSAGE][PASSED] - Switched to window with index: '0'

2021-01-22 11:00:08 - [MESSAGE][PASSED] - Click button "Search"

2021-01-22 11:00:08 - [TEST_STEP][PASSED] - Verify Table Filled: Verify Table Filled

2021-01-22 11:00:09 - [MESSAGE][PASSED] - Object '' is present

2021-01-22 11:00:09 - [MESSAGE][PASSED] - Verify Table Filled

2021-01-22 11:00:09 - [TEST_STEP][PASSED] - Click Checkbox: Click Checkbox

2021-01-22 11:00:09 - [MESSAGE][PASSED] - Object: '' is clicked on

2021-01-22 11:00:09 - [MESSAGE][PASSED] - Click Checkbox

2021-01-22 11:00:09 - [TEST_STEP][PASSED] - Click button "Generate Outpayment": Click button "Generate Outpayment"

2021-01-22 11:00:09 - [MESSAGE][INFO] - >>>>>//Button[contains(text(),'Generate Outpayment')]

2021-01-22 11:00:12 - [MESSAGE][PASSED] - Object '' is present

2021-01-22 11:00:12 - [MESSAGE][PASSED] - Object: '' is clicked on

2021-01-22 11:00:12 - [MESSAGE][PASSED] - Switched to window with index: '0'

2021-01-22 11:00:12 - [MESSAGE][PASSED] - Click button "Generate Outpayment"

2021-01-22 11:00:12 - [TEST_STEP][PASSED] - Get text from pop up "Success Message" with text "Generate Outpayment File Success": Get text from pop up "Success Message" with text "Generate Outpayment File Success"

2021-01-22 11:00:12 - [MESSAGE][PASSED] - Taking screenshot successfully
[[ATTACHMENT|/Users/chaidir.pratama01/Documents/Docs/Katalon Studio/Screenshot/errorpopup.png]]

2021-01-22 11:00:13 - [MESSAGE][PASSED] - Object '' is present

2021-01-22 11:00:13 - [MESSAGE][PASSED] - Wait for page load successfully

2021-01-22 11:00:13 - [MESSAGE][PASSED] - Wait for page load successfully

2021-01-22 11:00:13 - [MESSAGE][PASSED] - Get text from pop up "Success Message" with text "Generate Outpayment File Success"

2021-01-22 11:00:13 - [TEST_STEP][PASSED] - Click button "OK": Click button "OK"

2021-01-22 11:00:13 - [MESSAGE][INFO] - >>>>>//Button[contains(text(),'OK')]

2021-01-22 11:00:16 - [MESSAGE][PASSED] - Object '' is present

2021-01-22 11:00:16 - [MESSAGE][PASSED] - Object: '' is clicked on

2021-01-22 11:00:16 - [MESSAGE][PASSED] - Switched to window with index: '0'

2021-01-22 11:00:16 - [MESSAGE][PASSED] - Click button "OK"

2021-01-22 11:00:16 - [TEST_STEP][PASSED] - Click button "Logout": Click button "Logout"

2021-01-22 11:00:16 - [MESSAGE][INFO] - >>>>>//Button[contains(text(),'Logout')]

2021-01-22 11:00:19 - [MESSAGE][PASSED] - Object '' is present

2021-01-22 11:00:19 - [MESSAGE][PASSED] - Object: '' is clicked on

2021-01-22 11:00:19 - [MESSAGE][PASSED] - Switched to window with index: '0'

2021-01-22 11:00:19 - [MESSAGE][PASSED] - Click button "Logout"

2021-01-22 11:00:19 - [TEST_STEP][PASSED] - Close browser: Close browser

2021-01-22 11:00:19 - [MESSAGE][PASSED] - Browser is closed

2021-01-22 11:00:19 - [MESSAGE][PASSED] - Close browser

2021-01-22 11:00:19 - [MESSAGE][PASSED] - Feature file: 'Include/features/IST_Real/RTD/Dashboard_for_BO_In_Payment/Generate_Outpayment.feature' was passed]]></system-out>
         <system-err><![CDATA[]]></system-err>
      </testcase>
      <testcase name="Test Cases/RTD/Dashboard for BO in Payment/TC_Search_by_Contract_Number" time="10.949" classname="Test Cases/RTD/Dashboard for BO in Payment/TC_Search_by_Contract_Number" status="PASSED">
         <system-out><![CDATA[2021-01-22 11:00:19 - [TEST_CASE][PASSED] - Test Cases/RTD/Dashboard for BO in Payment/TC_Search_by_Contract_Number: Test Cases/RTD/Dashboard for BO in Payment/TC_Search_by_Contract_Number

2021-01-22 11:00:19 - [TEST_STEP][PASSED] - runFeatureFile("Include/features/IST_Real/RTD/Dashboard_for_BO_In_Payment/Search_by_Contract_Number.feature"): Feature file: 'Include/features/IST_Real/RTD/Dashboard_for_BO_In_Payment/Search_by_Contract_Number.feature' was passed

2021-01-22 11:00:19 - [MESSAGE][INFO] - Starting run keyword runFeatureFile: 'Include/features/IST_Real/RTD/Dashboard_for_BO_In_Payment/Search_by_Contract_Number.feature' and extract report to folder: '/Users/chaidir.pratama01/Katalon Studio/IST_Automation_Git/Reports/20210122_104222/RTD/TS_Dashboard_for_BO_In_Payment/20210122_104226/cucumber_report/1611288019613'...

2021-01-22 11:00:19 - [TEST_CASE][PASSED] - Start Test Case : SCENARIO Search by Contract Number and it found on Dashboard: SCENARIO Search by Contract Number and it found on Dashboard

2021-01-22 11:00:19 - [TEST_STEP][PASSED] - Go to ISTools: Go to ISTools

2021-01-22 11:00:19 - [MESSAGE][INFO] - Starting 'Chrome (headless)' driver

2021-01-22 11:00:19 - [MESSAGE][INFO] - User set preference: ['args', '[--start-maximized, --disable-gpu, --no-proxy-server, â€“-no-sandbox, --allow-running-insecure-content, --ignore-certificate-errors, window-size=1680,814, force-device-scale-factor=2, --lang=en-GB]']

2021-01-22 11:00:19 - [MESSAGE][INFO] - User set preference: ['prefs', '{download.default_directory=/Users/chaidir.pratama01/Katalon Studio/IST_Automation_Git/Download}']

2021-01-22 11:00:19 - [MESSAGE][INFO] - Action delay is set to 0 milliseconds

2021-01-22 11:00:20 - [MESSAGE][PASSED] - Browser is opened with url: ''

2021-01-22 11:00:21 - [MESSAGE][PASSED] - Navigate to 'https://dev-istools.homecredit.id/foundation/' successfully

2021-01-22 11:00:21 - [MESSAGE][PASSED] - Go to ISTools

2021-01-22 11:00:21 - [TEST_STEP][PASSED] - Login IST with valid credentials: Login IST with valid credentials

2021-01-22 11:00:21 - [MESSAGE][PASSED] - Text 'mobile.test' is set on object 'Object Repository/Page_/input_Username_j_username'

2021-01-22 11:00:21 - [MESSAGE][PASSED] - Text ****** has been set on object 'Object Repository/Page_/input_Password_j_password'

2021-01-22 11:00:22 - [MESSAGE][PASSED] - Object: 'Object Repository/Page_/button_Login' is clicked on

2021-01-22 11:00:22 - [MESSAGE][PASSED] - Login IST with valid credentials

2021-01-22 11:00:22 - [TEST_STEP][PASSED] - Login Success: Login Success

2021-01-22 11:00:22 - [MESSAGE][INFO] - Login Success

2021-01-22 11:00:22 - [MESSAGE][PASSED] - Current window maximized

2021-01-22 11:00:22 - [MESSAGE][PASSED] - Object 'Object Repository/Page_/h1_Welcome to IT Supporting Tools' is present

2021-01-22 11:00:22 - [MESSAGE][PASSED] - Login Success

2021-01-22 11:00:22 - [TEST_STEP][PASSED] - Select Arrow Menu "Real Time Disbursement": Select Arrow Menu "Real Time Disbursement"

2021-01-22 11:00:22 - [MESSAGE][PASSED] - Object: '' is clicked on

2021-01-22 11:00:22 - [MESSAGE][PASSED] - Select Arrow Menu "Real Time Disbursement"

2021-01-22 11:00:22 - [TEST_STEP][PASSED] - Select Menu "Dashboard for BO In Payment": Select Menu "Dashboard for BO In Payment"

2021-01-22 11:00:23 - [MESSAGE][PASSED] - Taking screenshot successfully
[[ATTACHMENT|/Users/chaidir.pratama01/Documents/Docs/Katalon Studio/Screenshot/test-Dashboard for BO In Payment.png]]

2021-01-22 11:00:23 - [MESSAGE][PASSED] - Object '' is present

2021-01-22 11:00:23 - [MESSAGE][PASSED] - Object: '' is clicked on

2021-01-22 11:00:23 - [MESSAGE][PASSED] - Wait for page load successfully

2021-01-22 11:00:23 - [MESSAGE][PASSED] - Select Menu "Dashboard for BO In Payment"

2021-01-22 11:00:23 - [TEST_STEP][PASSED] - Input Contract RTD in Contract Number label: Input Contract RTD in Contract Number label

2021-01-22 11:00:23 - [MESSAGE][PASSED] - Text '4000014162' is set on object ''

2021-01-22 11:00:23 - [MESSAGE][PASSED] - Input Contract RTD in Contract Number label

2021-01-22 11:00:23 - [TEST_STEP][PASSED] - Click button "Search": Click button "Search"

2021-01-22 11:00:23 - [MESSAGE][INFO] - >>>>>//Button[contains(text(),'Search')]

2021-01-22 11:00:26 - [MESSAGE][PASSED] - Object '' is present

2021-01-22 11:00:26 - [MESSAGE][PASSED] - Object: '' is clicked on

2021-01-22 11:00:26 - [MESSAGE][PASSED] - Switched to window with index: '0'

2021-01-22 11:00:26 - [MESSAGE][PASSED] - Click button "Search"

2021-01-22 11:00:26 - [TEST_STEP][PASSED] - Verify Search Result Presents: Verify Search Result Presents

2021-01-22 11:00:26 - [MESSAGE][PASSED] - Object '' is present

2021-01-22 11:00:27 - [MESSAGE][PASSED] - Verify Search Result Presents

2021-01-22 11:00:27 - [TEST_STEP][PASSED] - Click button "Logout": Click button "Logout"

2021-01-22 11:00:27 - [MESSAGE][INFO] - >>>>>//Button[contains(text(),'Logout')]

2021-01-22 11:00:30 - [MESSAGE][PASSED] - Object '' is present

2021-01-22 11:00:30 - [MESSAGE][PASSED] - Object: '' is clicked on

2021-01-22 11:00:30 - [MESSAGE][PASSED] - Switched to window with index: '0'

2021-01-22 11:00:30 - [MESSAGE][PASSED] - Click button "Logout"

2021-01-22 11:00:30 - [TEST_STEP][PASSED] - Close browser: Close browser

2021-01-22 11:00:30 - [MESSAGE][PASSED] - Browser is closed

2021-01-22 11:00:30 - [MESSAGE][PASSED] - Close browser

2021-01-22 11:00:30 - [MESSAGE][PASSED] - Feature file: 'Include/features/IST_Real/RTD/Dashboard_for_BO_In_Payment/Search_by_Contract_Number.feature' was passed]]></system-out>
         <system-err><![CDATA[]]></system-err>
      </testcase>
      <system-out><![CDATA[2021-01-22 10:56:19 - [TEST_SUITE][PASSED] - TS_Dashboard_for_BO_In_Payment: Test Cases/RTD/Dashboard for BO in Payment/TC_Search_by_Contract_Number]]></system-out>
      <system-err><![CDATA[]]></system-err>
   </testsuite>
   <testsuite name="TS_Dashboard_for_Risk" tests="4" failures="1" errors="0" time="221.788" timestamp="2021-01-22 11:00:45" hostname="chaidir.pratama01 - localhost" id="Test Suites/RTD/TS_Dashboard_for_Risk">
      <properties>
         <property name="deviceName" value=""/>
         <property name="devicePlatform" value=""/>
         <property name="logFolder" value="/Users/chaidir.pratama01/Katalon Studio/IST_Automation_Git/Reports/20210122_104222/RTD/TS_Dashboard_for_Risk/20210122_104227"/>
         <property name="logFiles" value="/Users/chaidir.pratama01/Katalon Studio/IST_Automation_Git/Reports/20210122_104222/RTD/TS_Dashboard_for_Risk/20210122_104227/execution0.log"/>
         <property name="attachments" value="/Users/chaidir.pratama01/Documents/Docs/Katalon Studio/Screenshot/test-Dashboard for Risk.png, /Users/chaidir.pratama01/Documents/Docs/Katalon Studio/Screenshot/test-Dashboard for Risk.png, /Users/chaidir.pratama01/Documents/Docs/Katalon Studio/Screenshot/Download_data.png, /Users/chaidir.pratama01/Documents/Docs/Katalon Studio/Screenshot/test-Dashboard for Risk.png, /Users/chaidir.pratama01/Documents/Docs/Katalon Studio/Screenshot/test-Dashboard for Risk.png, /Users/chaidir.pratama01/Documents/Docs/Katalon Studio/Screenshot/test-Dashboard for Risk.png, /Users/chaidir.pratama01/Documents/Docs/Katalon Studio/Screenshot/test-Dashboard for Risk.png, /Users/chaidir.pratama01/Documents/Docs/Katalon Studio/Screenshot/test-Dashboard for Risk.png, /Users/chaidir.pratama01/Documents/Docs/Katalon Studio/Screenshot/test-Dashboard for Risk.png, /Users/chaidir.pratama01/Documents/Docs/Katalon Studio/Screenshot/test-Dashboard for Risk.png, /Users/chaidir.pratama01/Katalon Studio/IST_Automation_Git/Reports/20210122_104222/RTD/TS_Dashboard_for_Risk/20210122_104227/1611288189447.png, /Users/chaidir.pratama01/Documents/Docs/Katalon Studio/Screenshot/test-Dashboard for Risk.png, /Users/chaidir.pratama01/Katalon Studio/IST_Automation_Git/Reports/20210122_104222/RTD/TS_Dashboard_for_Risk/20210122_104227/1611288203858.png, /Users/chaidir.pratama01/Documents/Docs/Katalon Studio/Screenshot/test-Dashboard for Risk.png, /Users/chaidir.pratama01/Documents/Docs/Katalon Studio/Screenshot/test-Dashboard for Risk.png, /Users/chaidir.pratama01/Documents/Docs/Katalon Studio/Screenshot/test-Dashboard for Risk.png, /Users/chaidir.pratama01/Documents/Docs/Katalon Studio/Screenshot/test-Dashboard for Risk.png"/>
         <property name="hostName" value="chaidir.pratama01 - localhost"/>
         <property name="os" value="Mac OS X 64bit"/>
         <property name="katalonVersion" value="7.6.0.${buildNumber}"/>
         <property name="browser" value="Chrome 87.0.4280.141"/>
         <property name="hostAddress" value="127.0.0.1"/>
         <property name="sessionId" value="82036f22f479e5fcac667a0f51e58537"/>
         <property name="seleniumVersion" value="3.141.59"/>
         <property name="proxyInformation" value="ProxyInformation { proxyOption=NO_PROXY, proxyServerType=HTTP, username=, password=********, proxyServerAddress=, proxyServerPort=0, executionList=\&quot;\&quot;, isApplyToDesiredCapabilities=true }"/>
         <property name="platform" value="Mac OS X"/>
      </properties>
      <testcase name="Test Cases/RTD/Dashboard for Risk/TC_View_Detail_Dashboard_for_Risk" time="40.929" classname="Test Cases/RTD/Dashboard for Risk/TC_View_Detail_Dashboard_for_Risk" status="FAILED">
         <failure type="FAILED" message="Test Cases/RTD/Dashboard for Risk/TC_View_Detail_Dashboard_for_Risk FAILED.
Reason:
com.kms.katalon.core.exception.StepFailedException: Feature file 'Include/features/IST_Real/RTD/Dashboard_for_Risk/View_Detail_Dashboard_for_Risk.feature' was failed
	at com.kms.katalon.core.keyword.internal.KeywordMain.stepFailed(KeywordMain.groovy:50)
	at com.kms.katalon.core.keyword.internal.KeywordMain.stepFailed(KeywordMain.groovy)
	at com.kms.katalon.core.keyword.internal.KeywordMain.stepFailed(KeywordMain.groovy:23)
	at com.kms.katalon.core.keyword.internal.KeywordMain$stepFailed$0.call(Unknown Source)
	at com.kms.katalon.core.cucumber.keyword.CucumberBuiltinKeywords$_runFeatureFile_closure1.doCall(CucumberBuiltinKeywords.groovy:82)
	at com.kms.katalon.core.cucumber.keyword.CucumberBuiltinKeywords$_runFeatureFile_closure1.doCall(CucumberBuiltinKeywords.groovy)
	at com.kms.katalon.core.keyword.internal.KeywordMain.runKeyword(KeywordMain.groovy:68)
	at com.kms.katalon.core.keyword.internal.KeywordMain$runKeyword.call(Unknown Source)
	at com.kms.katalon.core.cucumber.keyword.CucumberBuiltinKeywords.runFeatureFile(CucumberBuiltinKeywords.groovy:46)
	at com.kms.katalon.core.cucumber.keyword.CucumberBuiltinKeywords$runFeatureFile$0.callStatic(Unknown Source)
	at com.kms.katalon.core.cucumber.keyword.CucumberBuiltinKeywords.runFeatureFile(CucumberBuiltinKeywords.groovy:169)
	at com.kms.katalon.core.cucumber.keyword.CucumberBuiltinKeywords$runFeatureFile.call(Unknown Source)
	at TC_View_Detail_Dashboard_for_Risk.run(TC_View_Detail_Dashboard_for_Risk:18)
	at com.kms.katalon.core.main.ScriptEngine.run(ScriptEngine.java:194)
	at com.kms.katalon.core.main.ScriptEngine.runScriptAsRawText(ScriptEngine.java:119)
	at com.kms.katalon.core.main.TestCaseExecutor.runScript(TestCaseExecutor.java:339)
	at com.kms.katalon.core.main.TestCaseExecutor.doExecute(TestCaseExecutor.java:330)
	at com.kms.katalon.core.main.TestCaseExecutor.processExecutionPhase(TestCaseExecutor.java:309)
	at com.kms.katalon.core.main.TestCaseExecutor.accessMainPhase(TestCaseExecutor.java:301)
	at com.kms.katalon.core.main.TestCaseExecutor.execute(TestCaseExecutor.java:235)
	at com.kms.katalon.core.main.TestSuiteExecutor.accessTestCaseMainPhase(TestSuiteExecutor.java:191)
	at com.kms.katalon.core.main.TestSuiteExecutor.accessTestSuiteMainPhase(TestSuiteExecutor.java:141)
	at com.kms.katalon.core.main.TestSuiteExecutor.execute(TestSuiteExecutor.java:90)
	at com.kms.katalon.core.main.TestCaseMain.startTestSuite(TestCaseMain.java:157)
	at com.kms.katalon.core.main.TestCaseMain$startTestSuite$0.call(Unknown Source)
	at TempTestSuite1611286947504.run(TempTestSuite1611286947504.groovy:39)
"/>
         <system-out><![CDATA[2021-01-22 11:00:46 - [TEST_CASE][FAILED] - Test Cases/RTD/Dashboard for Risk/TC_View_Detail_Dashboard_for_Risk: Test Cases/RTD/Dashboard for Risk/TC_View_Detail_Dashboard_for_Risk FAILED.
Reason:
com.kms.katalon.core.exception.StepFailedException: Feature file 'Include/features/IST_Real/RTD/Dashboard_for_Risk/View_Detail_Dashboard_for_Risk.feature' was failed
	at com.kms.katalon.core.keyword.internal.KeywordMain.stepFailed(KeywordMain.groovy:50)
	at com.kms.katalon.core.keyword.internal.KeywordMain.stepFailed(KeywordMain.groovy)
	at com.kms.katalon.core.keyword.internal.KeywordMain.stepFailed(KeywordMain.groovy:23)
	at com.kms.katalon.core.keyword.internal.KeywordMain$stepFailed$0.call(Unknown Source)
	at com.kms.katalon.core.cucumber.keyword.CucumberBuiltinKeywords$_runFeatureFile_closure1.doCall(CucumberBuiltinKeywords.groovy:82)
	at com.kms.katalon.core.cucumber.keyword.CucumberBuiltinKeywords$_runFeatureFile_closure1.doCall(CucumberBuiltinKeywords.groovy)
	at com.kms.katalon.core.keyword.internal.KeywordMain.runKeyword(KeywordMain.groovy:68)
	at com.kms.katalon.core.keyword.internal.KeywordMain$runKeyword.call(Unknown Source)
	at com.kms.katalon.core.cucumber.keyword.CucumberBuiltinKeywords.runFeatureFile(CucumberBuiltinKeywords.groovy:46)
	at com.kms.katalon.core.cucumber.keyword.CucumberBuiltinKeywords$runFeatureFile$0.callStatic(Unknown Source)
	at com.kms.katalon.core.cucumber.keyword.CucumberBuiltinKeywords.runFeatureFile(CucumberBuiltinKeywords.groovy:169)
	at com.kms.katalon.core.cucumber.keyword.CucumberBuiltinKeywords$runFeatureFile.call(Unknown Source)
	at TC_View_Detail_Dashboard_for_Risk.run(TC_View_Detail_Dashboard_for_Risk:18)
	at com.kms.katalon.core.main.ScriptEngine.run(ScriptEngine.java:194)
	at com.kms.katalon.core.main.ScriptEngine.runScriptAsRawText(ScriptEngine.java:119)
	at com.kms.katalon.core.main.TestCaseExecutor.runScript(TestCaseExecutor.java:339)
	at com.kms.katalon.core.main.TestCaseExecutor.doExecute(TestCaseExecutor.java:330)
	at com.kms.katalon.core.main.TestCaseExecutor.processExecutionPhase(TestCaseExecutor.java:309)
	at com.kms.katalon.core.main.TestCaseExecutor.accessMainPhase(TestCaseExecutor.java:301)
	at com.kms.katalon.core.main.TestCaseExecutor.execute(TestCaseExecutor.java:235)
	at com.kms.katalon.core.main.TestSuiteExecutor.accessTestCaseMainPhase(TestSuiteExecutor.java:191)
	at com.kms.katalon.core.main.TestSuiteExecutor.accessTestSuiteMainPhase(TestSuiteExecutor.java:141)
	at com.kms.katalon.core.main.TestSuiteExecutor.execute(TestSuiteExecutor.java:90)
	at com.kms.katalon.core.main.TestCaseMain.startTestSuite(TestCaseMain.java:157)
	at com.kms.katalon.core.main.TestCaseMain$startTestSuite$0.call(Unknown Source)
	at TempTestSuite1611286947504.run(TempTestSuite1611286947504.groovy:39)


2021-01-22 11:00:46 - [TEST_STEP][FAILED] - runFeatureFile("Include/features/IST_Real/RTD/Dashboard_for_Risk/View_Detail_Dashboard_for_Risk.feature"): Keyword runFeatureFile was failed (Root cause: com.kms.katalon.core.exception.StepFailedException: Feature file 'Include/features/IST_Real/RTD/Dashboard_for_Risk/View_Detail_Dashboard_for_Risk.feature' was failed
	at com.kms.katalon.core.keyword.internal.KeywordMain.stepFailed(KeywordMain.groovy:50)
	at com.kms.katalon.core.keyword.internal.KeywordMain.stepFailed(KeywordMain.groovy)
	at com.kms.katalon.core.keyword.internal.KeywordMain.stepFailed(KeywordMain.groovy:23)
	at com.kms.katalon.core.keyword.internal.KeywordMain$stepFailed$0.call(Unknown Source)
	at com.kms.katalon.core.cucumber.keyword.CucumberBuiltinKeywords$_runFeatureFile_closure1.doCall(CucumberBuiltinKeywords.groovy:82)
	at com.kms.katalon.core.cucumber.keyword.CucumberBuiltinKeywords$_runFeatureFile_closure1.doCall(CucumberBuiltinKeywords.groovy)
	at com.kms.katalon.core.keyword.internal.KeywordMain.runKeyword(KeywordMain.groovy:68)
	at com.kms.katalon.core.keyword.internal.KeywordMain$runKeyword.call(Unknown Source)
	at com.kms.katalon.core.cucumber.keyword.CucumberBuiltinKeywords.runFeatureFile(CucumberBuiltinKeywords.groovy:46)
	at com.kms.katalon.core.cucumber.keyword.CucumberBuiltinKeywords$runFeatureFile$0.callStatic(Unknown Source)
	at com.kms.katalon.core.cucumber.keyword.CucumberBuiltinKeywords.runFeatureFile(CucumberBuiltinKeywords.groovy:169)
	at com.kms.katalon.core.cucumber.keyword.CucumberBuiltinKeywords$runFeatureFile.call(Unknown Source)
	at TC_View_Detail_Dashboard_for_Risk.run(TC_View_Detail_Dashboard_for_Risk:18)
	at com.kms.katalon.core.main.ScriptEngine.run(ScriptEngine.java:194)
	at com.kms.katalon.core.main.ScriptEngine.runScriptAsRawText(ScriptEngine.java:119)
	at com.kms.katalon.core.main.TestCaseExecutor.runScript(TestCaseExecutor.java:339)
	at com.kms.katalon.core.main.TestCaseExecutor.doExecute(TestCaseExecutor.java:330)
	at com.kms.katalon.core.main.TestCaseExecutor.processExecutionPhase(TestCaseExecutor.java:309)
	at com.kms.katalon.core.main.TestCaseExecutor.accessMainPhase(TestCaseExecutor.java:301)
	at com.kms.katalon.core.main.TestCaseExecutor.execute(TestCaseExecutor.java:235)
	at com.kms.katalon.core.main.TestSuiteExecutor.accessTestCaseMainPhase(TestSuiteExecutor.java:191)
	at com.kms.katalon.core.main.TestSuiteExecutor.accessTestSuiteMainPhase(TestSuiteExecutor.java:141)
	at com.kms.katalon.core.main.TestSuiteExecutor.execute(TestSuiteExecutor.java:90)
	at com.kms.katalon.core.main.TestCaseMain.startTestSuite(TestCaseMain.java:157)
	at com.kms.katalon.core.main.TestCaseMain$startTestSuite$0.call(Unknown Source)
	at TempTestSuite1611286947504.run(TempTestSuite1611286947504.groovy:39)
)

2021-01-22 11:00:46 - [MESSAGE][INFO] - Starting run keyword runFeatureFile: 'Include/features/IST_Real/RTD/Dashboard_for_Risk/View_Detail_Dashboard_for_Risk.feature' and extract report to folder: '/Users/chaidir.pratama01/Katalon Studio/IST_Automation_Git/Reports/20210122_104222/RTD/TS_Dashboard_for_Risk/20210122_104227/cucumber_report/1611288046396'...

2021-01-22 11:00:46 - [TEST_CASE][FAILED] - Start Test Case : SCENARIO Search by STATUS Success to Disburse and then View Detail of it: SCENARIO Search by STATUS Success to Disburse and then View Detail of it FAILED.
Reason:
java.lang.AssertionError: COUNT OF TABLE HEADER AND CONTENT ROW MUST BE EQUAL;. Expression: (content_row_count == array_header_table.size()). Values: content_row_count = 11
	at RTD.view_details_information(RTD.groovy:320)
	at âœ½.Verify Information in View Detail(/Users/chaidir.pratama01/Katalon Studio/IST_Automation_Git/Include/features/IST_Real/RTD/Dashboard_for_Risk/View_Detail_Dashboard_for_Risk.feature:36)


2021-01-22 11:00:46 - [TEST_STEP][PASSED] - Go to ISTools: Go to ISTools

2021-01-22 11:00:47 - [MESSAGE][INFO] - Starting 'Chrome (headless)' driver

2021-01-22 11:00:47 - [MESSAGE][INFO] - User set preference: ['args', '[--start-maximized, --disable-gpu, --no-proxy-server, â€“-no-sandbox, --allow-running-insecure-content, --ignore-certificate-errors, window-size=1680,814, force-device-scale-factor=2, --lang=en-GB]']

2021-01-22 11:00:47 - [MESSAGE][INFO] - User set preference: ['prefs', '{download.default_directory=/Users/chaidir.pratama01/Katalon Studio/IST_Automation_Git/Download}']

2021-01-22 11:00:47 - [MESSAGE][INFO] - Action delay is set to 0 milliseconds

2021-01-22 11:00:47 - [MESSAGE][PASSED] - Browser is opened with url: ''

2021-01-22 11:00:49 - [MESSAGE][PASSED] - Navigate to 'https://dev-istools.homecredit.id/foundation/' successfully

2021-01-22 11:00:49 - [MESSAGE][PASSED] - Go to ISTools

2021-01-22 11:00:49 - [TEST_STEP][PASSED] - Login IST with valid credentials: Login IST with valid credentials

2021-01-22 11:00:50 - [MESSAGE][PASSED] - Text 'mobile.test' is set on object 'Object Repository/Page_/input_Username_j_username'

2021-01-22 11:00:50 - [MESSAGE][PASSED] - Text ****** has been set on object 'Object Repository/Page_/input_Password_j_password'

2021-01-22 11:00:50 - [MESSAGE][PASSED] - Object: 'Object Repository/Page_/button_Login' is clicked on

2021-01-22 11:00:50 - [MESSAGE][PASSED] - Login IST with valid credentials

2021-01-22 11:00:50 - [TEST_STEP][PASSED] - Login Success: Login Success

2021-01-22 11:00:50 - [MESSAGE][INFO] - Login Success

2021-01-22 11:00:50 - [MESSAGE][PASSED] - Current window maximized

2021-01-22 11:00:50 - [MESSAGE][PASSED] - Object 'Object Repository/Page_/h1_Welcome to IT Supporting Tools' is present

2021-01-22 11:00:50 - [MESSAGE][PASSED] - Login Success

2021-01-22 11:00:50 - [TEST_STEP][PASSED] - Select Arrow Menu "Real Time Disbursement": Select Arrow Menu "Real Time Disbursement"

2021-01-22 11:00:51 - [MESSAGE][PASSED] - Object: '' is clicked on

2021-01-22 11:00:51 - [MESSAGE][PASSED] - Select Arrow Menu "Real Time Disbursement"

2021-01-22 11:00:51 - [TEST_STEP][PASSED] - Select Menu "Dashboard for Risk": Select Menu "Dashboard for Risk"

2021-01-22 11:00:51 - [MESSAGE][PASSED] - Taking screenshot successfully
[[ATTACHMENT|/Users/chaidir.pratama01/Documents/Docs/Katalon Studio/Screenshot/test-Dashboard for Risk.png]]

2021-01-22 11:00:51 - [MESSAGE][PASSED] - Object '' is present

2021-01-22 11:00:51 - [MESSAGE][PASSED] - Object: '' is clicked on

2021-01-22 11:00:51 - [MESSAGE][PASSED] - Wait for page load successfully

2021-01-22 11:00:51 - [MESSAGE][PASSED] - Select Menu "Dashboard for Risk"

2021-01-22 11:00:51 - [TEST_STEP][PASSED] - Select STATUS "Success to Disburse": Select STATUS "Success to Disburse"

2021-01-22 11:00:52 - [MESSAGE][PASSED] - All options with value 'Success to Disburse' are selected in object ''  using regular expression

2021-01-22 11:00:52 - [MESSAGE][PASSED] - Select STATUS "Success to Disburse"

2021-01-22 11:00:52 - [TEST_STEP][PASSED] - Click button "Search": Click button "Search"

2021-01-22 11:00:52 - [MESSAGE][INFO] - >>>>>//Button[contains(text(),'Search')]

2021-01-22 11:00:55 - [MESSAGE][PASSED] - Object '' is present

2021-01-22 11:00:55 - [MESSAGE][PASSED] - Object: '' is clicked on

2021-01-22 11:00:55 - [MESSAGE][PASSED] - Switched to window with index: '0'

2021-01-22 11:00:55 - [MESSAGE][PASSED] - Click button "Search"

2021-01-22 11:00:55 - [TEST_STEP][PASSED] - Verify Search Result Presents: Verify Search Result Presents

2021-01-22 11:00:55 - [MESSAGE][PASSED] - Object '' is present

2021-01-22 11:00:56 - [MESSAGE][PASSED] - Verify Search Result Presents

2021-01-22 11:00:56 - [TEST_STEP][PASSED] - Click View Detail: Click View Detail

2021-01-22 11:00:56 - [MESSAGE][PASSED] - Object '' is present

2021-01-22 11:00:56 - [MESSAGE][PASSED] - Object: '' is clicked on

2021-01-22 11:00:56 - [MESSAGE][PASSED] - Click View Detail

2021-01-22 11:00:56 - [TEST_STEP][FAILED] - Verify Information in View Detail: Verify Information in View Detail FAILED.
Reason:
java.lang.AssertionError: COUNT OF TABLE HEADER AND CONTENT ROW MUST BE EQUAL;. Expression: (content_row_count == array_header_table.size()). Values: content_row_count = 11
	at RTD.view_details_information(RTD.groovy:320)
	at âœ½.Verify Information in View Detail(/Users/chaidir.pratama01/Katalon Studio/IST_Automation_Git/Include/features/IST_Real/RTD/Dashboard_for_Risk/View_Detail_Dashboard_for_Risk.feature:36)


2021-01-22 11:00:59 - [MESSAGE][PASSED] - Delayed 3 second(s)

2021-01-22 11:00:59 - [MESSAGE][PASSED] - Attribute 'value' of object '' is: '3900014152'

2021-01-22 11:01:02 - [MESSAGE][PASSED] - Delayed 3 second(s)

2021-01-22 11:01:02 - [MESSAGE][PASSED] - Attribute 'value' of object '' is: 'IDITXLeks TESTERbIvIvO'

2021-01-22 11:01:05 - [MESSAGE][PASSED] - Delayed 3 second(s)

2021-01-22 11:01:05 - [MESSAGE][PASSED] - Attribute 'value' of object '' is: 'Success to Disburse'

2021-01-22 11:01:08 - [MESSAGE][PASSED] - Delayed 3 second(s)

2021-01-22 11:01:08 - [MESSAGE][PASSED] - Attribute 'value' of object '' is: 'Rp 7,000,000'

2021-01-22 11:01:11 - [MESSAGE][PASSED] - Delayed 3 second(s)

2021-01-22 11:01:11 - [MESSAGE][PASSED] - Attribute 'value' of object '' is: 'KESEJAHTERAAN EKONOMI'

2021-01-22 11:01:14 - [MESSAGE][PASSED] - Delayed 3 second(s)

2021-01-22 11:01:14 - [MESSAGE][PASSED] - Attribute 'value' of object '' is: '1'

2021-01-22 11:01:17 - [MESSAGE][PASSED] - Delayed 3 second(s)

2021-01-22 11:01:17 - [MESSAGE][PASSED] - Attribute 'value' of object '' is: 'NAMA ADA DISINI'

2021-01-22 11:01:20 - [MESSAGE][PASSED] - Delayed 3 second(s)

2021-01-22 11:01:20 - [MESSAGE][PASSED] - Attribute 'value' of object '' is: 'KESEJAHTERAAN EKONOMI'

2021-01-22 11:01:23 - [MESSAGE][PASSED] - Delayed 3 second(s)

2021-01-22 11:01:23 - [MESSAGE][PASSED] - Attribute 'value' of object '' is: ''

2021-01-22 11:01:26 - [MESSAGE][PASSED] - Delayed 3 second(s)

2021-01-22 11:01:26 - [MESSAGE][PASSED] - Attribute 'value' of object '' is: ''

2021-01-22 11:01:26 - [MESSAGE][PASSED] - Text of object '' is: 'CUID'

2021-01-22 11:01:26 - [MESSAGE][PASSED] - Text of object '' is: 'Contract Number'

2021-01-22 11:01:26 - [MESSAGE][PASSED] - Text of object '' is: 'Contract Number Old'

2021-01-22 11:01:26 - [MESSAGE][PASSED] - Text of object '' is: 'Status'

2021-01-22 11:01:26 - [MESSAGE][PASSED] - Text of object '' is: 'Update Information'

2021-01-22 11:01:27 - [MESSAGE][FAILED] - Verify Information in View Detail FAILED.
Reason:
java.lang.AssertionError: COUNT OF TABLE HEADER AND CONTENT ROW MUST BE EQUAL;. Expression: (content_row_count == array_header_table.size()). Values: content_row_count = 11
	at RTD.view_details_information(RTD.groovy:320)
	at âœ½.Verify Information in View Detail(/Users/chaidir.pratama01/Katalon Studio/IST_Automation_Git/Include/features/IST_Real/RTD/Dashboard_for_Risk/View_Detail_Dashboard_for_Risk.feature:36)


2021-01-22 11:01:27 - [TEST_STEP][NOT_RUN] - Click button "Logout": Click button "Logout"

2021-01-22 11:01:27 - [MESSAGE][NOT_RUN] - Click button "Logout"

2021-01-22 11:01:27 - [TEST_STEP][NOT_RUN] - Close browser: Close browser

2021-01-22 11:01:27 - [MESSAGE][NOT_RUN] - Close browser

2021-01-22 11:01:27 - [MESSAGE][FAILED] - Feature file 'Include/features/IST_Real/RTD/Dashboard_for_Risk/View_Detail_Dashboard_for_Risk.feature' was failed

2021-01-22 11:01:27 - [MESSAGE][FAILED] - Keyword runFeatureFile was failed (Root cause: com.kms.katalon.core.exception.StepFailedException: Feature file 'Include/features/IST_Real/RTD/Dashboard_for_Risk/View_Detail_Dashboard_for_Risk.feature' was failed
	at com.kms.katalon.core.keyword.internal.KeywordMain.stepFailed(KeywordMain.groovy:50)
	at com.kms.katalon.core.keyword.internal.KeywordMain.stepFailed(KeywordMain.groovy)
	at com.kms.katalon.core.keyword.internal.KeywordMain.stepFailed(KeywordMain.groovy:23)
	at com.kms.katalon.core.keyword.internal.KeywordMain$stepFailed$0.call(Unknown Source)
	at com.kms.katalon.core.cucumber.keyword.CucumberBuiltinKeywords$_runFeatureFile_closure1.doCall(CucumberBuiltinKeywords.groovy:82)
	at com.kms.katalon.core.cucumber.keyword.CucumberBuiltinKeywords$_runFeatureFile_closure1.doCall(CucumberBuiltinKeywords.groovy)
	at com.kms.katalon.core.keyword.internal.KeywordMain.runKeyword(KeywordMain.groovy:68)
	at com.kms.katalon.core.keyword.internal.KeywordMain$runKeyword.call(Unknown Source)
	at com.kms.katalon.core.cucumber.keyword.CucumberBuiltinKeywords.runFeatureFile(CucumberBuiltinKeywords.groovy:46)
	at com.kms.katalon.core.cucumber.keyword.CucumberBuiltinKeywords$runFeatureFile$0.callStatic(Unknown Source)
	at com.kms.katalon.core.cucumber.keyword.CucumberBuiltinKeywords.runFeatureFile(CucumberBuiltinKeywords.groovy:169)
	at com.kms.katalon.core.cucumber.keyword.CucumberBuiltinKeywords$runFeatureFile.call(Unknown Source)
	at TC_View_Detail_Dashboard_for_Risk.run(TC_View_Detail_Dashboard_for_Risk:18)
	at com.kms.katalon.core.main.ScriptEngine.run(ScriptEngine.java:194)
	at com.kms.katalon.core.main.ScriptEngine.runScriptAsRawText(ScriptEngine.java:119)
	at com.kms.katalon.core.main.TestCaseExecutor.runScript(TestCaseExecutor.java:339)
	at com.kms.katalon.core.main.TestCaseExecutor.doExecute(TestCaseExecutor.java:330)
	at com.kms.katalon.core.main.TestCaseExecutor.processExecutionPhase(TestCaseExecutor.java:309)
	at com.kms.katalon.core.main.TestCaseExecutor.accessMainPhase(TestCaseExecutor.java:301)
	at com.kms.katalon.core.main.TestCaseExecutor.execute(TestCaseExecutor.java:235)
	at com.kms.katalon.core.main.TestSuiteExecutor.accessTestCaseMainPhase(TestSuiteExecutor.java:191)
	at com.kms.katalon.core.main.TestSuiteExecutor.accessTestSuiteMainPhase(TestSuiteExecutor.java:141)
	at com.kms.katalon.core.main.TestSuiteExecutor.execute(TestSuiteExecutor.java:90)
	at com.kms.katalon.core.main.TestCaseMain.startTestSuite(TestCaseMain.java:157)
	at com.kms.katalon.core.main.TestCaseMain$startTestSuite$0.call(Unknown Source)
	at TempTestSuite1611286947504.run(TempTestSuite1611286947504.groovy:39)
)]]></system-out>
         <system-err><![CDATA[2021-01-22 11:00:46 - [TEST_CASE][FAILED] - Test Cases/RTD/Dashboard for Risk/TC_View_Detail_Dashboard_for_Risk: Test Cases/RTD/Dashboard for Risk/TC_View_Detail_Dashboard_for_Risk FAILED.
Reason:
com.kms.katalon.core.exception.StepFailedException: Feature file 'Include/features/IST_Real/RTD/Dashboard_for_Risk/View_Detail_Dashboard_for_Risk.feature' was failed
	at com.kms.katalon.core.keyword.internal.KeywordMain.stepFailed(KeywordMain.groovy:50)
	at com.kms.katalon.core.keyword.internal.KeywordMain.stepFailed(KeywordMain.groovy)
	at com.kms.katalon.core.keyword.internal.KeywordMain.stepFailed(KeywordMain.groovy:23)
	at com.kms.katalon.core.keyword.internal.KeywordMain$stepFailed$0.call(Unknown Source)
	at com.kms.katalon.core.cucumber.keyword.CucumberBuiltinKeywords$_runFeatureFile_closure1.doCall(CucumberBuiltinKeywords.groovy:82)
	at com.kms.katalon.core.cucumber.keyword.CucumberBuiltinKeywords$_runFeatureFile_closure1.doCall(CucumberBuiltinKeywords.groovy)
	at com.kms.katalon.core.keyword.internal.KeywordMain.runKeyword(KeywordMain.groovy:68)
	at com.kms.katalon.core.keyword.internal.KeywordMain$runKeyword.call(Unknown Source)
	at com.kms.katalon.core.cucumber.keyword.CucumberBuiltinKeywords.runFeatureFile(CucumberBuiltinKeywords.groovy:46)
	at com.kms.katalon.core.cucumber.keyword.CucumberBuiltinKeywords$runFeatureFile$0.callStatic(Unknown Source)
	at com.kms.katalon.core.cucumber.keyword.CucumberBuiltinKeywords.runFeatureFile(CucumberBuiltinKeywords.groovy:169)
	at com.kms.katalon.core.cucumber.keyword.CucumberBuiltinKeywords$runFeatureFile.call(Unknown Source)
	at TC_View_Detail_Dashboard_for_Risk.run(TC_View_Detail_Dashboard_for_Risk:18)
	at com.kms.katalon.core.main.ScriptEngine.run(ScriptEngine.java:194)
	at com.kms.katalon.core.main.ScriptEngine.runScriptAsRawText(ScriptEngine.java:119)
	at com.kms.katalon.core.main.TestCaseExecutor.runScript(TestCaseExecutor.java:339)
	at com.kms.katalon.core.main.TestCaseExecutor.doExecute(TestCaseExecutor.java:330)
	at com.kms.katalon.core.main.TestCaseExecutor.processExecutionPhase(TestCaseExecutor.java:309)
	at com.kms.katalon.core.main.TestCaseExecutor.accessMainPhase(TestCaseExecutor.java:301)
	at com.kms.katalon.core.main.TestCaseExecutor.execute(TestCaseExecutor.java:235)
	at com.kms.katalon.core.main.TestSuiteExecutor.accessTestCaseMainPhase(TestSuiteExecutor.java:191)
	at com.kms.katalon.core.main.TestSuiteExecutor.accessTestSuiteMainPhase(TestSuiteExecutor.java:141)
	at com.kms.katalon.core.main.TestSuiteExecutor.execute(TestSuiteExecutor.java:90)
	at com.kms.katalon.core.main.TestCaseMain.startTestSuite(TestCaseMain.java:157)
	at com.kms.katalon.core.main.TestCaseMain$startTestSuite$0.call(Unknown Source)
	at TempTestSuite1611286947504.run(TempTestSuite1611286947504.groovy:39)]]></system-err>
      </testcase>
      <testcase name="Test Cases/RTD/Dashboard for Risk/TC_Export_Data_Dashboard_for_Risk" time="10.471" classname="Test Cases/RTD/Dashboard for Risk/TC_Export_Data_Dashboard_for_Risk" status="PASSED">
         <system-out><![CDATA[2021-01-22 11:01:27 - [TEST_CASE][PASSED] - Test Cases/RTD/Dashboard for Risk/TC_Export_Data_Dashboard_for_Risk: Test Cases/RTD/Dashboard for Risk/TC_Export_Data_Dashboard_for_Risk

2021-01-22 11:01:27 - [TEST_STEP][PASSED] - runFeatureFile("Include/features/IST_Real/RTD/Dashboard_for_Risk/Export_Data_Dashboard_for_Risk.feature"): Feature file: 'Include/features/IST_Real/RTD/Dashboard_for_Risk/Export_Data_Dashboard_for_Risk.feature' was passed

2021-01-22 11:01:27 - [MESSAGE][INFO] - Starting run keyword runFeatureFile: 'Include/features/IST_Real/RTD/Dashboard_for_Risk/Export_Data_Dashboard_for_Risk.feature' and extract report to folder: '/Users/chaidir.pratama01/Katalon Studio/IST_Automation_Git/Reports/20210122_104222/RTD/TS_Dashboard_for_Risk/20210122_104227/cucumber_report/1611288087192'...

2021-01-22 11:01:27 - [TEST_CASE][PASSED] - Start Test Case : SCENARIO Export Data: SCENARIO Export Data

2021-01-22 11:01:27 - [TEST_STEP][PASSED] - Go to ISTools: Go to ISTools

2021-01-22 11:01:27 - [MESSAGE][WARNING] - A browser is already opened. Closing browser and opening a new one

2021-01-22 11:01:27 - [MESSAGE][INFO] - Starting 'Chrome (headless)' driver

2021-01-22 11:01:27 - [MESSAGE][INFO] - User set preference: ['args', '[--start-maximized, --disable-gpu, --no-proxy-server, â€“-no-sandbox, --allow-running-insecure-content, --ignore-certificate-errors, window-size=1680,814, force-device-scale-factor=2, --lang=en-GB]']

2021-01-22 11:01:27 - [MESSAGE][INFO] - User set preference: ['prefs', '{download.default_directory=/Users/chaidir.pratama01/Katalon Studio/IST_Automation_Git/Download}']

2021-01-22 11:01:27 - [MESSAGE][INFO] - Action delay is set to 0 milliseconds

2021-01-22 11:01:27 - [MESSAGE][PASSED] - Browser is opened with url: ''

2021-01-22 11:01:28 - [MESSAGE][PASSED] - Navigate to 'https://dev-istools.homecredit.id/foundation/' successfully

2021-01-22 11:01:28 - [MESSAGE][PASSED] - Go to ISTools

2021-01-22 11:01:28 - [TEST_STEP][PASSED] - Login IST with valid credentials: Login IST with valid credentials

2021-01-22 11:01:29 - [MESSAGE][PASSED] - Text 'mobile.test' is set on object 'Object Repository/Page_/input_Username_j_username'

2021-01-22 11:01:29 - [MESSAGE][PASSED] - Text ****** has been set on object 'Object Repository/Page_/input_Password_j_password'

2021-01-22 11:01:29 - [MESSAGE][PASSED] - Object: 'Object Repository/Page_/button_Login' is clicked on

2021-01-22 11:01:29 - [MESSAGE][PASSED] - Login IST with valid credentials

2021-01-22 11:01:29 - [TEST_STEP][PASSED] - Login Success: Login Success

2021-01-22 11:01:29 - [MESSAGE][INFO] - Login Success

2021-01-22 11:01:29 - [MESSAGE][PASSED] - Current window maximized

2021-01-22 11:01:29 - [MESSAGE][PASSED] - Object 'Object Repository/Page_/h1_Welcome to IT Supporting Tools' is present

2021-01-22 11:01:29 - [MESSAGE][PASSED] - Login Success

2021-01-22 11:01:29 - [TEST_STEP][PASSED] - Select Arrow Menu "Real Time Disbursement": Select Arrow Menu "Real Time Disbursement"

2021-01-22 11:01:29 - [MESSAGE][PASSED] - Object: '' is clicked on

2021-01-22 11:01:29 - [MESSAGE][PASSED] - Select Arrow Menu "Real Time Disbursement"

2021-01-22 11:01:29 - [TEST_STEP][PASSED] - Select Menu "Dashboard for Risk": Select Menu "Dashboard for Risk"

2021-01-22 11:01:30 - [MESSAGE][PASSED] - Taking screenshot successfully
[[ATTACHMENT|/Users/chaidir.pratama01/Documents/Docs/Katalon Studio/Screenshot/test-Dashboard for Risk.png]]

2021-01-22 11:01:30 - [MESSAGE][PASSED] - Object '' is present

2021-01-22 11:01:30 - [MESSAGE][PASSED] - Object: '' is clicked on

2021-01-22 11:01:30 - [MESSAGE][PASSED] - Wait for page load successfully

2021-01-22 11:01:30 - [MESSAGE][PASSED] - Select Menu "Dashboard for Risk"

2021-01-22 11:01:30 - [TEST_STEP][PASSED] - Input Contract RTD in Contract Number label: Input Contract RTD in Contract Number label

2021-01-22 11:01:30 - [MESSAGE][PASSED] - Text '4000014162' is set on object ''

2021-01-22 11:01:30 - [MESSAGE][PASSED] - Input Contract RTD in Contract Number label

2021-01-22 11:01:30 - [TEST_STEP][PASSED] - Click button "Search": Click button "Search"

2021-01-22 11:01:30 - [MESSAGE][INFO] - >>>>>//Button[contains(text(),'Search')]

2021-01-22 11:01:33 - [MESSAGE][PASSED] - Object '' is present

2021-01-22 11:01:33 - [MESSAGE][PASSED] - Object: '' is clicked on

2021-01-22 11:01:33 - [MESSAGE][PASSED] - Switched to window with index: '0'

2021-01-22 11:01:33 - [MESSAGE][PASSED] - Click button "Search"

2021-01-22 11:01:33 - [TEST_STEP][PASSED] - Verify Table Filled: Verify Table Filled

2021-01-22 11:01:33 - [MESSAGE][PASSED] - Object '' is present

2021-01-22 11:01:33 - [MESSAGE][PASSED] - Verify Table Filled

2021-01-22 11:01:33 - [TEST_STEP][PASSED] - Click button "Export Data": Click button "Export Data"

2021-01-22 11:01:33 - [MESSAGE][INFO] - >>>>>//Button[contains(text(),'Export Data')]

2021-01-22 11:01:36 - [MESSAGE][PASSED] - Object: '' is clicked on

2021-01-22 11:01:37 - [MESSAGE][PASSED] - Taking screenshot successfully
[[ATTACHMENT|/Users/chaidir.pratama01/Documents/Docs/Katalon Studio/Screenshot/Download_data.png]]

2021-01-22 11:01:37 - [MESSAGE][PASSED] - Click button "Export Data"

2021-01-22 11:01:37 - [MESSAGE][PASSED] - Feature file: 'Include/features/IST_Real/RTD/Dashboard_for_Risk/Export_Data_Dashboard_for_Risk.feature' was passed]]></system-out>
         <system-err><![CDATA[]]></system-err>
      </testcase>
      <testcase name="Test Cases/RTD/Dashboard for Risk/TC_Search_by_STATUS_Dashboard_for_Risk" time="159.294" classname="Test Cases/RTD/Dashboard for Risk/TC_Search_by_STATUS_Dashboard_for_Risk" status="PASSED">
         <system-out><![CDATA[2021-01-22 11:01:37 - [TEST_CASE][PASSED] - Test Cases/RTD/Dashboard for Risk/TC_Search_by_STATUS_Dashboard_for_Risk: Test Cases/RTD/Dashboard for Risk/TC_Search_by_STATUS_Dashboard_for_Risk

2021-01-22 11:01:37 - [TEST_STEP][PASSED] - runFeatureFile("Include/features/IST_Real/RTD/Dashboard_for_Risk/Search_by_STATUS_Dashboard_for_Risk.feature"): Feature file: 'Include/features/IST_Real/RTD/Dashboard_for_Risk/Search_by_STATUS_Dashboard_for_Risk.feature' was passed

2021-01-22 11:01:37 - [MESSAGE][INFO] - Starting run keyword runFeatureFile: 'Include/features/IST_Real/RTD/Dashboard_for_Risk/Search_by_STATUS_Dashboard_for_Risk.feature' and extract report to folder: '/Users/chaidir.pratama01/Katalon Studio/IST_Automation_Git/Reports/20210122_104222/RTD/TS_Dashboard_for_Risk/20210122_104227/cucumber_report/1611288097633'...

2021-01-22 11:01:37 - [TEST_CASE][PASSED] - Start Test Case : SCENARIO Search by STATUS Eligible to Disburse: SCENARIO Search by STATUS Eligible to Disburse

2021-01-22 11:01:37 - [TEST_STEP][PASSED] - Go to ISTools: Go to ISTools

2021-01-22 11:01:37 - [MESSAGE][WARNING] - A browser is already opened. Closing browser and opening a new one

2021-01-22 11:01:37 - [MESSAGE][INFO] - Starting 'Chrome (headless)' driver

2021-01-22 11:01:37 - [MESSAGE][INFO] - User set preference: ['args', '[--start-maximized, --disable-gpu, --no-proxy-server, â€“-no-sandbox, --allow-running-insecure-content, --ignore-certificate-errors, window-size=1680,814, force-device-scale-factor=2, --lang=en-GB]']

2021-01-22 11:01:37 - [MESSAGE][INFO] - User set preference: ['prefs', '{download.default_directory=/Users/chaidir.pratama01/Katalon Studio/IST_Automation_Git/Download}']

2021-01-22 11:01:37 - [MESSAGE][INFO] - Action delay is set to 0 milliseconds

2021-01-22 11:01:38 - [MESSAGE][PASSED] - Browser is opened with url: ''

2021-01-22 11:01:39 - [MESSAGE][PASSED] - Navigate to 'https://dev-istools.homecredit.id/foundation/' successfully

2021-01-22 11:01:39 - [MESSAGE][PASSED] - Go to ISTools

2021-01-22 11:01:39 - [TEST_STEP][PASSED] - Login IST with valid credentials: Login IST with valid credentials

2021-01-22 11:01:39 - [MESSAGE][PASSED] - Text 'mobile.test' is set on object 'Object Repository/Page_/input_Username_j_username'

2021-01-22 11:01:39 - [MESSAGE][PASSED] - Text ****** has been set on object 'Object Repository/Page_/input_Password_j_password'

2021-01-22 11:01:39 - [MESSAGE][PASSED] - Object: 'Object Repository/Page_/button_Login' is clicked on

2021-01-22 11:01:39 - [MESSAGE][PASSED] - Login IST with valid credentials

2021-01-22 11:01:39 - [TEST_STEP][PASSED] - Login Success: Login Success

2021-01-22 11:01:39 - [MESSAGE][INFO] - Login Success

2021-01-22 11:01:39 - [MESSAGE][PASSED] - Current window maximized

2021-01-22 11:01:40 - [MESSAGE][PASSED] - Object 'Object Repository/Page_/h1_Welcome to IT Supporting Tools' is present

2021-01-22 11:01:40 - [MESSAGE][PASSED] - Login Success

2021-01-22 11:01:40 - [TEST_STEP][PASSED] - Select Arrow Menu "Real Time Disbursement": Select Arrow Menu "Real Time Disbursement"

2021-01-22 11:01:40 - [MESSAGE][PASSED] - Object: '' is clicked on

2021-01-22 11:01:40 - [MESSAGE][PASSED] - Select Arrow Menu "Real Time Disbursement"

2021-01-22 11:01:40 - [TEST_STEP][PASSED] - Select Menu "Dashboard for Risk": Select Menu "Dashboard for Risk"

2021-01-22 11:01:40 - [MESSAGE][PASSED] - Taking screenshot successfully
[[ATTACHMENT|/Users/chaidir.pratama01/Documents/Docs/Katalon Studio/Screenshot/test-Dashboard for Risk.png]]

2021-01-22 11:01:40 - [MESSAGE][PASSED] - Object '' is present

2021-01-22 11:01:40 - [MESSAGE][PASSED] - Object: '' is clicked on

2021-01-22 11:01:40 - [MESSAGE][PASSED] - Wait for page load successfully

2021-01-22 11:01:40 - [MESSAGE][PASSED] - Select Menu "Dashboard for Risk"

2021-01-22 11:01:40 - [TEST_STEP][PASSED] - Select STATUS "Eligible to disburse": Select STATUS "Eligible to disburse"

2021-01-22 11:01:41 - [MESSAGE][PASSED] - All options with value 'Eligible to disburse' are selected in object ''  using regular expression

2021-01-22 11:01:41 - [MESSAGE][PASSED] - Select STATUS "Eligible to disburse"

2021-01-22 11:01:41 - [TEST_STEP][PASSED] - Click button "Search": Click button "Search"

2021-01-22 11:01:41 - [MESSAGE][INFO] - >>>>>//Button[contains(text(),'Search')]

2021-01-22 11:01:44 - [MESSAGE][PASSED] - Object '' is present

2021-01-22 11:01:44 - [MESSAGE][PASSED] - Object: '' is clicked on

2021-01-22 11:01:44 - [MESSAGE][PASSED] - Switched to window with index: '0'

2021-01-22 11:01:44 - [MESSAGE][PASSED] - Click button "Search"

2021-01-22 11:01:44 - [TEST_STEP][PASSED] - Verify Search Result Presents: Verify Search Result Presents

2021-01-22 11:01:44 - [MESSAGE][PASSED] - Object '' is present

2021-01-22 11:01:53 - [MESSAGE][PASSED] - Verify Search Result Presents

2021-01-22 11:01:53 - [TEST_STEP][PASSED] - Click button "Logout": Click button "Logout"

2021-01-22 11:01:53 - [MESSAGE][INFO] - >>>>>//Button[contains(text(),'Logout')]

2021-01-22 11:01:56 - [MESSAGE][PASSED] - Object '' is present

2021-01-22 11:01:56 - [MESSAGE][PASSED] - Object: '' is clicked on

2021-01-22 11:01:57 - [MESSAGE][PASSED] - Switched to window with index: '0'

2021-01-22 11:01:57 - [MESSAGE][PASSED] - Click button "Logout"

2021-01-22 11:01:57 - [TEST_STEP][PASSED] - Close browser: Close browser

2021-01-22 11:01:57 - [MESSAGE][PASSED] - Browser is closed

2021-01-22 11:01:57 - [MESSAGE][PASSED] - Close browser

2021-01-22 11:01:57 - [TEST_CASE][PASSED] - Start Test Case : SCENARIO Search by STATUS Waiting validation from Risk: SCENARIO Search by STATUS Waiting validation from Risk

2021-01-22 11:01:57 - [TEST_STEP][PASSED] - Go to ISTools: Go to ISTools

2021-01-22 11:01:57 - [MESSAGE][INFO] - Starting 'Chrome (headless)' driver

2021-01-22 11:01:57 - [MESSAGE][INFO] - User set preference: ['args', '[--start-maximized, --disable-gpu, --no-proxy-server, â€“-no-sandbox, --allow-running-insecure-content, --ignore-certificate-errors, window-size=1680,814, force-device-scale-factor=2, --lang=en-GB]']

2021-01-22 11:01:57 - [MESSAGE][INFO] - User set preference: ['prefs', '{download.default_directory=/Users/chaidir.pratama01/Katalon Studio/IST_Automation_Git/Download}']

2021-01-22 11:01:57 - [MESSAGE][INFO] - Action delay is set to 0 milliseconds

2021-01-22 11:01:57 - [MESSAGE][PASSED] - Browser is opened with url: ''

2021-01-22 11:01:58 - [MESSAGE][PASSED] - Navigate to 'https://dev-istools.homecredit.id/foundation/' successfully

2021-01-22 11:01:58 - [MESSAGE][PASSED] - Go to ISTools

2021-01-22 11:01:58 - [TEST_STEP][PASSED] - Login IST with valid credentials: Login IST with valid credentials

2021-01-22 11:01:58 - [MESSAGE][PASSED] - Text 'mobile.test' is set on object 'Object Repository/Page_/input_Username_j_username'

2021-01-22 11:01:58 - [MESSAGE][PASSED] - Text ****** has been set on object 'Object Repository/Page_/input_Password_j_password'

2021-01-22 11:01:58 - [MESSAGE][PASSED] - Object: 'Object Repository/Page_/button_Login' is clicked on

2021-01-22 11:01:58 - [MESSAGE][PASSED] - Login IST with valid credentials

2021-01-22 11:01:58 - [TEST_STEP][PASSED] - Login Success: Login Success

2021-01-22 11:01:58 - [MESSAGE][INFO] - Login Success

2021-01-22 11:01:58 - [MESSAGE][PASSED] - Current window maximized

2021-01-22 11:01:58 - [MESSAGE][PASSED] - Object 'Object Repository/Page_/h1_Welcome to IT Supporting Tools' is present

2021-01-22 11:01:58 - [MESSAGE][PASSED] - Login Success

2021-01-22 11:01:58 - [TEST_STEP][PASSED] - Select Arrow Menu "Real Time Disbursement": Select Arrow Menu "Real Time Disbursement"

2021-01-22 11:01:59 - [MESSAGE][PASSED] - Object: '' is clicked on

2021-01-22 11:01:59 - [MESSAGE][PASSED] - Select Arrow Menu "Real Time Disbursement"

2021-01-22 11:01:59 - [TEST_STEP][PASSED] - Select Menu "Dashboard for Risk": Select Menu "Dashboard for Risk"

2021-01-22 11:01:59 - [MESSAGE][PASSED] - Taking screenshot successfully
[[ATTACHMENT|/Users/chaidir.pratama01/Documents/Docs/Katalon Studio/Screenshot/test-Dashboard for Risk.png]]

2021-01-22 11:01:59 - [MESSAGE][PASSED] - Object '' is present

2021-01-22 11:01:59 - [MESSAGE][PASSED] - Object: '' is clicked on

2021-01-22 11:01:59 - [MESSAGE][PASSED] - Wait for page load successfully

2021-01-22 11:01:59 - [MESSAGE][PASSED] - Select Menu "Dashboard for Risk"

2021-01-22 11:01:59 - [TEST_STEP][PASSED] - Select STATUS "Waiting validation from Risk": Select STATUS "Waiting validation from Risk"

2021-01-22 11:01:59 - [MESSAGE][PASSED] - All options with value 'Waiting validation from Risk' are selected in object ''  using regular expression

2021-01-22 11:01:59 - [MESSAGE][PASSED] - Select STATUS "Waiting validation from Risk"

2021-01-22 11:01:59 - [TEST_STEP][PASSED] - Click button "Search": Click button "Search"

2021-01-22 11:01:59 - [MESSAGE][INFO] - >>>>>//Button[contains(text(),'Search')]

2021-01-22 11:02:03 - [MESSAGE][PASSED] - Object '' is present

2021-01-22 11:02:03 - [MESSAGE][PASSED] - Object: '' is clicked on

2021-01-22 11:02:03 - [MESSAGE][PASSED] - Switched to window with index: '0'

2021-01-22 11:02:03 - [MESSAGE][PASSED] - Click button "Search"

2021-01-22 11:02:03 - [TEST_STEP][PASSED] - Verify Search Result Presents: Verify Search Result Presents

2021-01-22 11:02:03 - [MESSAGE][PASSED] - Object '' is present

2021-01-22 11:02:06 - [MESSAGE][PASSED] - Verify Search Result Presents

2021-01-22 11:02:06 - [TEST_STEP][PASSED] - Click button "Logout": Click button "Logout"

2021-01-22 11:02:06 - [MESSAGE][INFO] - >>>>>//Button[contains(text(),'Logout')]

2021-01-22 11:02:09 - [MESSAGE][PASSED] - Object '' is present

2021-01-22 11:02:09 - [MESSAGE][PASSED] - Object: '' is clicked on

2021-01-22 11:02:09 - [MESSAGE][PASSED] - Switched to window with index: '0'

2021-01-22 11:02:09 - [MESSAGE][PASSED] - Click button "Logout"

2021-01-22 11:02:09 - [TEST_STEP][PASSED] - Close browser: Close browser

2021-01-22 11:02:09 - [MESSAGE][PASSED] - Browser is closed

2021-01-22 11:02:09 - [MESSAGE][PASSED] - Close browser

2021-01-22 11:02:09 - [TEST_CASE][PASSED] - Start Test Case : SCENARIO Search by STATUS Waiting validation from In Payment: SCENARIO Search by STATUS Waiting validation from In Payment

2021-01-22 11:02:09 - [TEST_STEP][PASSED] - Go to ISTools: Go to ISTools

2021-01-22 11:02:09 - [MESSAGE][INFO] - Starting 'Chrome (headless)' driver

2021-01-22 11:02:09 - [MESSAGE][INFO] - User set preference: ['args', '[--start-maximized, --disable-gpu, --no-proxy-server, â€“-no-sandbox, --allow-running-insecure-content, --ignore-certificate-errors, window-size=1680,814, force-device-scale-factor=2, --lang=en-GB]']

2021-01-22 11:02:09 - [MESSAGE][INFO] - User set preference: ['prefs', '{download.default_directory=/Users/chaidir.pratama01/Katalon Studio/IST_Automation_Git/Download}']

2021-01-22 11:02:09 - [MESSAGE][INFO] - Action delay is set to 0 milliseconds

2021-01-22 11:02:10 - [MESSAGE][PASSED] - Browser is opened with url: ''

2021-01-22 11:02:10 - [MESSAGE][PASSED] - Navigate to 'https://dev-istools.homecredit.id/foundation/' successfully

2021-01-22 11:02:10 - [MESSAGE][PASSED] - Go to ISTools

2021-01-22 11:02:10 - [TEST_STEP][PASSED] - Login IST with valid credentials: Login IST with valid credentials

2021-01-22 11:02:11 - [MESSAGE][PASSED] - Text 'mobile.test' is set on object 'Object Repository/Page_/input_Username_j_username'

2021-01-22 11:02:11 - [MESSAGE][PASSED] - Text ****** has been set on object 'Object Repository/Page_/input_Password_j_password'

2021-01-22 11:02:11 - [MESSAGE][PASSED] - Object: 'Object Repository/Page_/button_Login' is clicked on

2021-01-22 11:02:11 - [MESSAGE][PASSED] - Login IST with valid credentials

2021-01-22 11:02:11 - [TEST_STEP][PASSED] - Login Success: Login Success

2021-01-22 11:02:11 - [MESSAGE][INFO] - Login Success

2021-01-22 11:02:11 - [MESSAGE][PASSED] - Current window maximized

2021-01-22 11:02:11 - [MESSAGE][PASSED] - Object 'Object Repository/Page_/h1_Welcome to IT Supporting Tools' is present

2021-01-22 11:02:11 - [MESSAGE][PASSED] - Login Success

2021-01-22 11:02:11 - [TEST_STEP][PASSED] - Select Arrow Menu "Real Time Disbursement": Select Arrow Menu "Real Time Disbursement"

2021-01-22 11:02:11 - [MESSAGE][PASSED] - Object: '' is clicked on

2021-01-22 11:02:11 - [MESSAGE][PASSED] - Select Arrow Menu "Real Time Disbursement"

2021-01-22 11:02:11 - [TEST_STEP][PASSED] - Select Menu "Dashboard for Risk": Select Menu "Dashboard for Risk"

2021-01-22 11:02:12 - [MESSAGE][PASSED] - Taking screenshot successfully
[[ATTACHMENT|/Users/chaidir.pratama01/Documents/Docs/Katalon Studio/Screenshot/test-Dashboard for Risk.png]]

2021-01-22 11:02:12 - [MESSAGE][PASSED] - Object '' is present

2021-01-22 11:02:12 - [MESSAGE][PASSED] - Object: '' is clicked on

2021-01-22 11:02:12 - [MESSAGE][PASSED] - Wait for page load successfully

2021-01-22 11:02:12 - [MESSAGE][PASSED] - Select Menu "Dashboard for Risk"

2021-01-22 11:02:12 - [TEST_STEP][PASSED] - Select STATUS "Waiting validation from In Payment": Select STATUS "Waiting validation from In Payment"

2021-01-22 11:02:12 - [MESSAGE][PASSED] - All options with value 'Waiting validation from In Payment' are selected in object ''  using regular expression

2021-01-22 11:02:12 - [MESSAGE][PASSED] - Select STATUS "Waiting validation from In Payment"

2021-01-22 11:02:12 - [TEST_STEP][PASSED] - Click button "Search": Click button "Search"

2021-01-22 11:02:12 - [MESSAGE][INFO] - >>>>>//Button[contains(text(),'Search')]

2021-01-22 11:02:15 - [MESSAGE][PASSED] - Object '' is present

2021-01-22 11:02:15 - [MESSAGE][PASSED] - Object: '' is clicked on

2021-01-22 11:02:15 - [MESSAGE][PASSED] - Switched to window with index: '0'

2021-01-22 11:02:15 - [MESSAGE][PASSED] - Click button "Search"

2021-01-22 11:02:15 - [TEST_STEP][PASSED] - Verify Search Result Presents: Verify Search Result Presents

2021-01-22 11:02:16 - [MESSAGE][PASSED] - Object '' is present

2021-01-22 11:02:16 - [MESSAGE][PASSED] - Verify Search Result Presents

2021-01-22 11:02:16 - [TEST_STEP][PASSED] - Click button "Logout": Click button "Logout"

2021-01-22 11:02:16 - [MESSAGE][INFO] - >>>>>//Button[contains(text(),'Logout')]

2021-01-22 11:02:19 - [MESSAGE][PASSED] - Object '' is present

2021-01-22 11:02:19 - [MESSAGE][PASSED] - Object: '' is clicked on

2021-01-22 11:02:19 - [MESSAGE][PASSED] - Switched to window with index: '0'

2021-01-22 11:02:19 - [MESSAGE][PASSED] - Click button "Logout"

2021-01-22 11:02:19 - [TEST_STEP][PASSED] - Close browser: Close browser

2021-01-22 11:02:19 - [MESSAGE][PASSED] - Browser is closed

2021-01-22 11:02:19 - [MESSAGE][PASSED] - Close browser

2021-01-22 11:02:19 - [TEST_CASE][PASSED] - Start Test Case : SCENARIO Search by STATUS Ready to disburse: SCENARIO Search by STATUS Ready to disburse

2021-01-22 11:02:19 - [TEST_STEP][PASSED] - Go to ISTools: Go to ISTools

2021-01-22 11:02:19 - [MESSAGE][INFO] - Starting 'Chrome (headless)' driver

2021-01-22 11:02:19 - [MESSAGE][INFO] - User set preference: ['args', '[--start-maximized, --disable-gpu, --no-proxy-server, â€“-no-sandbox, --allow-running-insecure-content, --ignore-certificate-errors, window-size=1680,814, force-device-scale-factor=2, --lang=en-GB]']

2021-01-22 11:02:19 - [MESSAGE][INFO] - User set preference: ['prefs', '{download.default_directory=/Users/chaidir.pratama01/Katalon Studio/IST_Automation_Git/Download}']

2021-01-22 11:02:19 - [MESSAGE][INFO] - Action delay is set to 0 milliseconds

2021-01-22 11:02:20 - [MESSAGE][PASSED] - Browser is opened with url: ''

2021-01-22 11:02:21 - [MESSAGE][PASSED] - Navigate to 'https://dev-istools.homecredit.id/foundation/' successfully

2021-01-22 11:02:21 - [MESSAGE][PASSED] - Go to ISTools

2021-01-22 11:02:21 - [TEST_STEP][PASSED] - Login IST with valid credentials: Login IST with valid credentials

2021-01-22 11:02:21 - [MESSAGE][PASSED] - Text 'mobile.test' is set on object 'Object Repository/Page_/input_Username_j_username'

2021-01-22 11:02:21 - [MESSAGE][PASSED] - Text ****** has been set on object 'Object Repository/Page_/input_Password_j_password'

2021-01-22 11:02:21 - [MESSAGE][PASSED] - Object: 'Object Repository/Page_/button_Login' is clicked on

2021-01-22 11:02:21 - [MESSAGE][PASSED] - Login IST with valid credentials

2021-01-22 11:02:21 - [TEST_STEP][PASSED] - Login Success: Login Success

2021-01-22 11:02:21 - [MESSAGE][INFO] - Login Success

2021-01-22 11:02:21 - [MESSAGE][PASSED] - Current window maximized

2021-01-22 11:02:21 - [MESSAGE][PASSED] - Object 'Object Repository/Page_/h1_Welcome to IT Supporting Tools' is present

2021-01-22 11:02:21 - [MESSAGE][PASSED] - Login Success

2021-01-22 11:02:21 - [TEST_STEP][PASSED] - Select Arrow Menu "Real Time Disbursement": Select Arrow Menu "Real Time Disbursement"

2021-01-22 11:02:22 - [MESSAGE][PASSED] - Object: '' is clicked on

2021-01-22 11:02:22 - [MESSAGE][PASSED] - Select Arrow Menu "Real Time Disbursement"

2021-01-22 11:02:22 - [TEST_STEP][PASSED] - Select Menu "Dashboard for Risk": Select Menu "Dashboard for Risk"

2021-01-22 11:02:22 - [MESSAGE][PASSED] - Taking screenshot successfully
[[ATTACHMENT|/Users/chaidir.pratama01/Documents/Docs/Katalon Studio/Screenshot/test-Dashboard for Risk.png]]

2021-01-22 11:02:22 - [MESSAGE][PASSED] - Object '' is present

2021-01-22 11:02:22 - [MESSAGE][PASSED] - Object: '' is clicked on

2021-01-22 11:02:22 - [MESSAGE][PASSED] - Wait for page load successfully

2021-01-22 11:02:22 - [MESSAGE][PASSED] - Select Menu "Dashboard for Risk"

2021-01-22 11:02:22 - [TEST_STEP][PASSED] - Select STATUS "Ready to disburse": Select STATUS "Ready to disburse"

2021-01-22 11:02:22 - [MESSAGE][PASSED] - All options with value 'Ready to disburse' are selected in object ''  using regular expression

2021-01-22 11:02:22 - [MESSAGE][PASSED] - Select STATUS "Ready to disburse"

2021-01-22 11:02:22 - [TEST_STEP][PASSED] - Click button "Search": Click button "Search"

2021-01-22 11:02:23 - [MESSAGE][INFO] - >>>>>//Button[contains(text(),'Search')]

2021-01-22 11:02:26 - [MESSAGE][PASSED] - Object '' is present

2021-01-22 11:02:26 - [MESSAGE][PASSED] - Object: '' is clicked on

2021-01-22 11:02:26 - [MESSAGE][PASSED] - Switched to window with index: '0'

2021-01-22 11:02:26 - [MESSAGE][PASSED] - Click button "Search"

2021-01-22 11:02:26 - [TEST_STEP][PASSED] - Verify Search Result Presents: Verify Search Result Presents

2021-01-22 11:02:26 - [MESSAGE][PASSED] - Object '' is present

2021-01-22 11:02:29 - [MESSAGE][PASSED] - Verify Search Result Presents

2021-01-22 11:02:29 - [TEST_STEP][PASSED] - Click button "Logout": Click button "Logout"

2021-01-22 11:02:29 - [MESSAGE][INFO] - >>>>>//Button[contains(text(),'Logout')]

2021-01-22 11:02:32 - [MESSAGE][PASSED] - Object '' is present

2021-01-22 11:02:32 - [MESSAGE][PASSED] - Object: '' is clicked on

2021-01-22 11:02:32 - [MESSAGE][PASSED] - Switched to window with index: '0'

2021-01-22 11:02:32 - [MESSAGE][PASSED] - Click button "Logout"

2021-01-22 11:02:32 - [TEST_STEP][PASSED] - Close browser: Close browser

2021-01-22 11:02:32 - [MESSAGE][PASSED] - Browser is closed

2021-01-22 11:02:32 - [MESSAGE][PASSED] - Close browser

2021-01-22 11:02:32 - [TEST_CASE][PASSED] - Start Test Case : SCENARIO Search by STATUS Failed due to invalid bank account: SCENARIO Search by STATUS Failed due to invalid bank account

2021-01-22 11:02:32 - [TEST_STEP][PASSED] - Go to ISTools: Go to ISTools

2021-01-22 11:02:32 - [MESSAGE][INFO] - Starting 'Chrome (headless)' driver

2021-01-22 11:02:32 - [MESSAGE][INFO] - User set preference: ['args', '[--start-maximized, --disable-gpu, --no-proxy-server, â€“-no-sandbox, --allow-running-insecure-content, --ignore-certificate-errors, window-size=1680,814, force-device-scale-factor=2, --lang=en-GB]']

2021-01-22 11:02:32 - [MESSAGE][INFO] - User set preference: ['prefs', '{download.default_directory=/Users/chaidir.pratama01/Katalon Studio/IST_Automation_Git/Download}']

2021-01-22 11:02:32 - [MESSAGE][INFO] - Action delay is set to 0 milliseconds

2021-01-22 11:02:33 - [MESSAGE][PASSED] - Browser is opened with url: ''

2021-01-22 11:02:33 - [MESSAGE][PASSED] - Navigate to 'https://dev-istools.homecredit.id/foundation/' successfully

2021-01-22 11:02:33 - [MESSAGE][PASSED] - Go to ISTools

2021-01-22 11:02:33 - [TEST_STEP][PASSED] - Login IST with valid credentials: Login IST with valid credentials

2021-01-22 11:02:34 - [MESSAGE][PASSED] - Text 'mobile.test' is set on object 'Object Repository/Page_/input_Username_j_username'

2021-01-22 11:02:34 - [MESSAGE][PASSED] - Text ****** has been set on object 'Object Repository/Page_/input_Password_j_password'

2021-01-22 11:02:34 - [MESSAGE][PASSED] - Object: 'Object Repository/Page_/button_Login' is clicked on

2021-01-22 11:02:34 - [MESSAGE][PASSED] - Login IST with valid credentials

2021-01-22 11:02:34 - [TEST_STEP][PASSED] - Login Success: Login Success

2021-01-22 11:02:34 - [MESSAGE][INFO] - Login Success

2021-01-22 11:02:34 - [MESSAGE][PASSED] - Current window maximized

2021-01-22 11:02:34 - [MESSAGE][PASSED] - Object 'Object Repository/Page_/h1_Welcome to IT Supporting Tools' is present

2021-01-22 11:02:34 - [MESSAGE][PASSED] - Login Success

2021-01-22 11:02:34 - [TEST_STEP][PASSED] - Select Arrow Menu "Real Time Disbursement": Select Arrow Menu "Real Time Disbursement"

2021-01-22 11:02:34 - [MESSAGE][PASSED] - Object: '' is clicked on

2021-01-22 11:02:34 - [MESSAGE][PASSED] - Select Arrow Menu "Real Time Disbursement"

2021-01-22 11:02:34 - [TEST_STEP][PASSED] - Select Menu "Dashboard for Risk": Select Menu "Dashboard for Risk"

2021-01-22 11:02:35 - [MESSAGE][PASSED] - Taking screenshot successfully
[[ATTACHMENT|/Users/chaidir.pratama01/Documents/Docs/Katalon Studio/Screenshot/test-Dashboard for Risk.png]]

2021-01-22 11:02:35 - [MESSAGE][PASSED] - Object '' is present

2021-01-22 11:02:35 - [MESSAGE][PASSED] - Object: '' is clicked on

2021-01-22 11:02:35 - [MESSAGE][PASSED] - Wait for page load successfully

2021-01-22 11:02:35 - [MESSAGE][PASSED] - Select Menu "Dashboard for Risk"

2021-01-22 11:02:35 - [TEST_STEP][PASSED] - Select STATUS "Failed due to invalid bank account": Select STATUS "Failed due to invalid bank account"

2021-01-22 11:02:35 - [MESSAGE][PASSED] - All options with value 'Failed due to invalid bank account' are selected in object ''  using regular expression

2021-01-22 11:02:35 - [MESSAGE][PASSED] - Select STATUS "Failed due to invalid bank account"

2021-01-22 11:02:35 - [TEST_STEP][PASSED] - Click button "Search": Click button "Search"

2021-01-22 11:02:35 - [MESSAGE][INFO] - >>>>>//Button[contains(text(),'Search')]

2021-01-22 11:02:38 - [MESSAGE][PASSED] - Object '' is present

2021-01-22 11:02:38 - [MESSAGE][PASSED] - Object: '' is clicked on

2021-01-22 11:02:38 - [MESSAGE][PASSED] - Switched to window with index: '0'

2021-01-22 11:02:38 - [MESSAGE][PASSED] - Click button "Search"

2021-01-22 11:02:38 - [TEST_STEP][PASSED] - Verify Search Result Presents: Verify Search Result Presents

2021-01-22 11:02:38 - [MESSAGE][PASSED] - Object '' is present

2021-01-22 11:02:41 - [MESSAGE][PASSED] - Verify Search Result Presents

2021-01-22 11:02:41 - [TEST_STEP][PASSED] - Click button "Logout": Click button "Logout"

2021-01-22 11:02:41 - [MESSAGE][INFO] - >>>>>//Button[contains(text(),'Logout')]

2021-01-22 11:02:44 - [MESSAGE][PASSED] - Object '' is present

2021-01-22 11:02:44 - [MESSAGE][PASSED] - Object: '' is clicked on

2021-01-22 11:02:44 - [MESSAGE][PASSED] - Switched to window with index: '0'

2021-01-22 11:02:44 - [MESSAGE][PASSED] - Click button "Logout"

2021-01-22 11:02:44 - [TEST_STEP][PASSED] - Close browser: Close browser

2021-01-22 11:02:44 - [MESSAGE][PASSED] - Browser is closed

2021-01-22 11:02:44 - [MESSAGE][PASSED] - Close browser

2021-01-22 11:02:44 - [TEST_CASE][PASSED] - Start Test Case : SCENARIO Search by STATUS Failed due to system error: SCENARIO Search by STATUS Failed due to system error

2021-01-22 11:02:44 - [TEST_STEP][PASSED] - Go to ISTools: Go to ISTools

2021-01-22 11:02:44 - [MESSAGE][INFO] - Starting 'Chrome (headless)' driver

2021-01-22 11:02:44 - [MESSAGE][INFO] - User set preference: ['args', '[--start-maximized, --disable-gpu, --no-proxy-server, â€“-no-sandbox, --allow-running-insecure-content, --ignore-certificate-errors, window-size=1680,814, force-device-scale-factor=2, --lang=en-GB]']

2021-01-22 11:02:44 - [MESSAGE][INFO] - User set preference: ['prefs', '{download.default_directory=/Users/chaidir.pratama01/Katalon Studio/IST_Automation_Git/Download}']

2021-01-22 11:02:44 - [MESSAGE][INFO] - Action delay is set to 0 milliseconds

2021-01-22 11:02:44 - [MESSAGE][PASSED] - Browser is opened with url: ''

2021-01-22 11:02:45 - [MESSAGE][PASSED] - Navigate to 'https://dev-istools.homecredit.id/foundation/' successfully

2021-01-22 11:02:45 - [MESSAGE][PASSED] - Go to ISTools

2021-01-22 11:02:45 - [TEST_STEP][PASSED] - Login IST with valid credentials: Login IST with valid credentials

2021-01-22 11:02:45 - [MESSAGE][PASSED] - Text 'mobile.test' is set on object 'Object Repository/Page_/input_Username_j_username'

2021-01-22 11:02:45 - [MESSAGE][PASSED] - Text ****** has been set on object 'Object Repository/Page_/input_Password_j_password'

2021-01-22 11:02:46 - [MESSAGE][PASSED] - Object: 'Object Repository/Page_/button_Login' is clicked on

2021-01-22 11:02:46 - [MESSAGE][PASSED] - Login IST with valid credentials

2021-01-22 11:02:46 - [TEST_STEP][PASSED] - Login Success: Login Success

2021-01-22 11:02:46 - [MESSAGE][INFO] - Login Success

2021-01-22 11:02:46 - [MESSAGE][PASSED] - Current window maximized

2021-01-22 11:02:46 - [MESSAGE][PASSED] - Object 'Object Repository/Page_/h1_Welcome to IT Supporting Tools' is present

2021-01-22 11:02:46 - [MESSAGE][PASSED] - Login Success

2021-01-22 11:02:46 - [TEST_STEP][PASSED] - Select Arrow Menu "Real Time Disbursement": Select Arrow Menu "Real Time Disbursement"

2021-01-22 11:02:46 - [MESSAGE][PASSED] - Object: '' is clicked on

2021-01-22 11:02:46 - [MESSAGE][PASSED] - Select Arrow Menu "Real Time Disbursement"

2021-01-22 11:02:46 - [TEST_STEP][PASSED] - Select Menu "Dashboard for Risk": Select Menu "Dashboard for Risk"

2021-01-22 11:02:47 - [MESSAGE][PASSED] - Taking screenshot successfully
[[ATTACHMENT|/Users/chaidir.pratama01/Documents/Docs/Katalon Studio/Screenshot/test-Dashboard for Risk.png]]

2021-01-22 11:02:47 - [MESSAGE][PASSED] - Object '' is present

2021-01-22 11:02:47 - [MESSAGE][PASSED] - Object: '' is clicked on

2021-01-22 11:02:47 - [MESSAGE][PASSED] - Wait for page load successfully

2021-01-22 11:02:47 - [MESSAGE][PASSED] - Select Menu "Dashboard for Risk"

2021-01-22 11:02:47 - [TEST_STEP][PASSED] - Select STATUS "Failed due to system error": Select STATUS "Failed due to system error"

2021-01-22 11:02:47 - [MESSAGE][PASSED] - All options with value 'Failed due to system error' are selected in object ''  using regular expression

2021-01-22 11:02:47 - [MESSAGE][PASSED] - Select STATUS "Failed due to system error"

2021-01-22 11:02:47 - [TEST_STEP][PASSED] - Click button "Search": Click button "Search"

2021-01-22 11:02:47 - [MESSAGE][INFO] - >>>>>//Button[contains(text(),'Search')]

2021-01-22 11:02:50 - [MESSAGE][PASSED] - Object '' is present

2021-01-22 11:02:50 - [MESSAGE][PASSED] - Object: '' is clicked on

2021-01-22 11:02:50 - [MESSAGE][PASSED] - Switched to window with index: '0'

2021-01-22 11:02:50 - [MESSAGE][PASSED] - Click button "Search"

2021-01-22 11:02:50 - [TEST_STEP][PASSED] - Verify Search Result Presents: Verify Search Result Presents

2021-01-22 11:02:50 - [MESSAGE][PASSED] - Object '' is present

2021-01-22 11:02:55 - [MESSAGE][PASSED] - Verify Search Result Presents

2021-01-22 11:02:55 - [TEST_STEP][PASSED] - Click button "Logout": Click button "Logout"

2021-01-22 11:02:55 - [MESSAGE][INFO] - >>>>>//Button[contains(text(),'Logout')]

2021-01-22 11:02:58 - [MESSAGE][PASSED] - Object '' is present

2021-01-22 11:02:58 - [MESSAGE][PASSED] - Object: '' is clicked on

2021-01-22 11:02:58 - [MESSAGE][PASSED] - Switched to window with index: '0'

2021-01-22 11:02:58 - [MESSAGE][PASSED] - Click button "Logout"

2021-01-22 11:02:58 - [TEST_STEP][PASSED] - Close browser: Close browser

2021-01-22 11:02:58 - [MESSAGE][PASSED] - Browser is closed

2021-01-22 11:02:58 - [MESSAGE][PASSED] - Close browser

2021-01-22 11:02:58 - [TEST_CASE][PASSED] - Start Test Case : SCENARIO Search by STATUS Failed due to insufficient fund: SCENARIO Search by STATUS Failed due to insufficient fund

2021-01-22 11:02:58 - [TEST_STEP][PASSED] - Go to ISTools: Go to ISTools

2021-01-22 11:02:58 - [MESSAGE][INFO] - Starting 'Chrome (headless)' driver

2021-01-22 11:02:58 - [MESSAGE][INFO] - User set preference: ['args', '[--start-maximized, --disable-gpu, --no-proxy-server, â€“-no-sandbox, --allow-running-insecure-content, --ignore-certificate-errors, window-size=1680,814, force-device-scale-factor=2, --lang=en-GB]']

2021-01-22 11:02:58 - [MESSAGE][INFO] - User set preference: ['prefs', '{download.default_directory=/Users/chaidir.pratama01/Katalon Studio/IST_Automation_Git/Download}']

2021-01-22 11:02:58 - [MESSAGE][INFO] - Action delay is set to 0 milliseconds

2021-01-22 11:02:59 - [MESSAGE][PASSED] - Browser is opened with url: ''

2021-01-22 11:03:00 - [MESSAGE][PASSED] - Navigate to 'https://dev-istools.homecredit.id/foundation/' successfully

2021-01-22 11:03:00 - [MESSAGE][PASSED] - Go to ISTools

2021-01-22 11:03:00 - [TEST_STEP][PASSED] - Login IST with valid credentials: Login IST with valid credentials

2021-01-22 11:03:00 - [MESSAGE][PASSED] - Text 'mobile.test' is set on object 'Object Repository/Page_/input_Username_j_username'

2021-01-22 11:03:00 - [MESSAGE][PASSED] - Text ****** has been set on object 'Object Repository/Page_/input_Password_j_password'

2021-01-22 11:03:01 - [MESSAGE][PASSED] - Object: 'Object Repository/Page_/button_Login' is clicked on

2021-01-22 11:03:01 - [MESSAGE][PASSED] - Login IST with valid credentials

2021-01-22 11:03:01 - [TEST_STEP][PASSED] - Login Success: Login Success

2021-01-22 11:03:01 - [MESSAGE][INFO] - Login Success

2021-01-22 11:03:01 - [MESSAGE][PASSED] - Current window maximized

2021-01-22 11:03:01 - [MESSAGE][PASSED] - Object 'Object Repository/Page_/h1_Welcome to IT Supporting Tools' is present

2021-01-22 11:03:01 - [MESSAGE][PASSED] - Login Success

2021-01-22 11:03:01 - [TEST_STEP][PASSED] - Select Arrow Menu "Real Time Disbursement": Select Arrow Menu "Real Time Disbursement"

2021-01-22 11:03:01 - [MESSAGE][PASSED] - Object: '' is clicked on

2021-01-22 11:03:01 - [MESSAGE][PASSED] - Select Arrow Menu "Real Time Disbursement"

2021-01-22 11:03:01 - [TEST_STEP][PASSED] - Select Menu "Dashboard for Risk": Select Menu "Dashboard for Risk"

2021-01-22 11:03:01 - [MESSAGE][PASSED] - Taking screenshot successfully
[[ATTACHMENT|/Users/chaidir.pratama01/Documents/Docs/Katalon Studio/Screenshot/test-Dashboard for Risk.png]]

2021-01-22 11:03:01 - [MESSAGE][PASSED] - Object '' is present

2021-01-22 11:03:01 - [MESSAGE][PASSED] - Object: '' is clicked on

2021-01-22 11:03:01 - [MESSAGE][PASSED] - Wait for page load successfully

2021-01-22 11:03:01 - [MESSAGE][PASSED] - Select Menu "Dashboard for Risk"

2021-01-22 11:03:01 - [TEST_STEP][PASSED] - Select STATUS "Failed due to insufficient fund": Select STATUS "Failed due to insufficient fund"

2021-01-22 11:03:02 - [MESSAGE][PASSED] - All options with value 'Failed due to insufficient fund' are selected in object ''  using regular expression

2021-01-22 11:03:02 - [MESSAGE][PASSED] - Select STATUS "Failed due to insufficient fund"

2021-01-22 11:03:02 - [TEST_STEP][PASSED] - Click button "Search": Click button "Search"

2021-01-22 11:03:02 - [MESSAGE][INFO] - >>>>>//Button[contains(text(),'Search')]

2021-01-22 11:03:05 - [MESSAGE][PASSED] - Object '' is present

2021-01-22 11:03:05 - [MESSAGE][PASSED] - Object: '' is clicked on

2021-01-22 11:03:05 - [MESSAGE][PASSED] - Switched to window with index: '0'

2021-01-22 11:03:05 - [MESSAGE][PASSED] - Click button "Search"

2021-01-22 11:03:05 - [TEST_STEP][PASSED] - Verify Search Result Presents: Verify Search Result Presents

2021-01-22 11:03:09 - [MESSAGE][INFO] - Unable to find the element located by 'By.xpath: //td[@style='display:none' and contains(text(),'-Empty-')]'. Please recheck the objects properties to make sure the desired element is located. 

2021-01-22 11:03:09 - [MESSAGE][WARNING] - com.kms.katalon.core.webui.exception.WebElementNotFoundException: Web element with id: '' located by '//td[@style='display:none' and contains(text(),'-Empty-')]' not found (Root cause: com.kms.katalon.core.exception.StepFailedException: com.kms.katalon.core.webui.exception.WebElementNotFoundException: Web element with id: '' located by '//td[@style='display:none' and contains(text(),'-Empty-')]' not found
	at com.kms.katalon.core.webui.keyword.internal.WebUIKeywordMain.stepFailed(WebUIKeywordMain.groovy:64)
	at com.kms.katalon.core.webui.keyword.builtin.VerifyElementPresentKeyword$_verifyElementPresent_closure1.doCall(VerifyElementPresentKeyword.groovy:85)
	at com.kms.katalon.core.webui.keyword.builtin.VerifyElementPresentKeyword$_verifyElementPresent_closure1.call(VerifyElementPresentKeyword.groovy)
	at com.kms.katalon.core.webui.keyword.internal.WebUIKeywordMain.runKeyword(WebUIKeywordMain.groovy:20)
	at com.kms.katalon.core.webui.keyword.builtin.VerifyElementPresentKeyword.verifyElementPresent(VerifyElementPresentKeyword.groovy:92)
	at com.kms.katalon.core.webui.keyword.builtin.VerifyElementPresentKeyword.execute(VerifyElementPresentKeyword.groovy:68)
	at com.kms.katalon.core.keyword.internal.KeywordExecutor.executeKeywordForPlatform(KeywordExecutor.groovy:73)
	at com.kms.katalon.core.webui.keyword.WebUiBuiltInKeywords.verifyElementPresent(WebUiBuiltInKeywords.groovy:1444)
	at com.kms.katalon.core.webui.keyword.WebUiBuiltInKeywords$verifyElementPresent$11.call(Unknown Source)
	at ist_real.Contract_Dispatcher.VerifyTblFilled(Contract_Dispatcher.groovy:1313)
	at ist_real.Contract_Dispatcher$VerifyTblFilled$0.call(Unknown Source)
	at RTD.Search_Result_Presents(RTD.groovy:191)
	at cucumber.runtime.Utils$1.call(Utils.java:26)
	at cucumber.runtime.Timeout.timeout(Timeout.java:16)
	at cucumber.runtime.Utils.invoke(Utils.java:20)
	at cucumber.runtime.java.JavaStepDefinition.execute(JavaStepDefinition.java:48)
	at cucumber.runtime.PickleStepDefinitionMatch.runStep(PickleStepDefinitionMatch.java:50)
	at cucumber.runner.TestStep.executeStep(TestStep.java:55)
	at cucumber.runner.TestStep.run(TestStep.java:42)
	at cucumber.runner.PickleStepTestStep.run(PickleStepTestStep.java:53)
	at cucumber.runner.TestCase.run(TestCase.java:47)
	at cucumber.runner.Runner.runPickle(Runner.java:44)
	at cucumber.runtime.Runtime.runFeature(Runtime.java:120)
	at cucumber.runtime.Runtime.run(Runtime.java:106)
	at cucumber.api.cli.Main.run(Main.java:35)
	at cucumber.api.cli.Main$run.call(Unknown Source)
	at com.kms.katalon.core.cucumber.keyword.CucumberBuiltinKeywords$_runFeatureFile_closure1.doCall(CucumberBuiltinKeywords.groovy:76)
	at com.kms.katalon.core.cucumber.keyword.CucumberBuiltinKeywords$_runFeatureFile_closure1.doCall(CucumberBuiltinKeywords.groovy)
	at com.kms.katalon.core.keyword.internal.KeywordMain.runKeyword(KeywordMain.groovy:68)
	at com.kms.katalon.core.keyword.internal.KeywordMain$runKeyword.call(Unknown Source)
	at com.kms.katalon.core.cucumber.keyword.CucumberBuiltinKeywords.runFeatureFile(CucumberBuiltinKeywords.groovy:46)
	at com.kms.katalon.core.cucumber.keyword.CucumberBuiltinKeywords$runFeatureFile$0.callStatic(Unknown Source)
	at com.kms.katalon.core.cucumber.keyword.CucumberBuiltinKeywords.runFeatureFile(CucumberBuiltinKeywords.groovy:169)
	at com.kms.katalon.core.cucumber.keyword.CucumberBuiltinKeywords$runFeatureFile.call(Unknown Source)
	at TC_Search_by_STATUS_Dashboard_for_Risk.run(TC_Search_by_STATUS_Dashboard_for_Risk:18)
	at com.kms.katalon.core.main.ScriptEngine.run(ScriptEngine.java:194)
	at com.kms.katalon.core.main.ScriptEngine.runScriptAsRawText(ScriptEngine.java:119)
	at com.kms.katalon.core.main.TestCaseExecutor.runScript(TestCaseExecutor.java:339)
	at com.kms.katalon.core.main.TestCaseExecutor.doExecute(TestCaseExecutor.java:330)
	at com.kms.katalon.core.main.TestCaseExecutor.processExecutionPhase(TestCaseExecutor.java:309)
	at com.kms.katalon.core.main.TestCaseExecutor.accessMainPhase(TestCaseExecutor.java:301)
	at com.kms.katalon.core.main.TestCaseExecutor.execute(TestCaseExecutor.java:235)
	at com.kms.katalon.core.main.TestSuiteExecutor.accessTestCaseMainPhase(TestSuiteExecutor.java:191)
	at com.kms.katalon.core.main.TestSuiteExecutor.accessTestSuiteMainPhase(TestSuiteExecutor.java:141)
	at com.kms.katalon.core.main.TestSuiteExecutor.execute(TestSuiteExecutor.java:90)
	at com.kms.katalon.core.main.TestCaseMain.startTestSuite(TestCaseMain.java:157)
	at com.kms.katalon.core.main.TestCaseMain$startTestSuite$0.call(Unknown Source)
	at TempTestSuite1611286947504.run(TempTestSuite1611286947504.groovy:39)
)
[[ATTACHMENT|/Users/chaidir.pratama01/Katalon Studio/IST_Automation_Git/Reports/20210122_104222/RTD/TS_Dashboard_for_Risk/20210122_104227/1611288189447.png]]

2021-01-22 11:03:10 - [MESSAGE][PASSED] - Verify Search Result Presents

2021-01-22 11:03:10 - [TEST_STEP][PASSED] - Click button "Logout": Click button "Logout"

2021-01-22 11:03:10 - [MESSAGE][INFO] - >>>>>//Button[contains(text(),'Logout')]

2021-01-22 11:03:13 - [MESSAGE][PASSED] - Object '' is present

2021-01-22 11:03:13 - [MESSAGE][PASSED] - Object: '' is clicked on

2021-01-22 11:03:13 - [MESSAGE][PASSED] - Switched to window with index: '0'

2021-01-22 11:03:13 - [MESSAGE][PASSED] - Click button "Logout"

2021-01-22 11:03:13 - [TEST_STEP][PASSED] - Close browser: Close browser

2021-01-22 11:03:13 - [MESSAGE][PASSED] - Browser is closed

2021-01-22 11:03:13 - [MESSAGE][PASSED] - Close browser

2021-01-22 11:03:13 - [TEST_CASE][PASSED] - Start Test Case : SCENARIO Search by STATUS Failed due to not supported bank: SCENARIO Search by STATUS Failed due to not supported bank

2021-01-22 11:03:13 - [TEST_STEP][PASSED] - Go to ISTools: Go to ISTools

2021-01-22 11:03:13 - [MESSAGE][INFO] - Starting 'Chrome (headless)' driver

2021-01-22 11:03:13 - [MESSAGE][INFO] - User set preference: ['args', '[--start-maximized, --disable-gpu, --no-proxy-server, â€“-no-sandbox, --allow-running-insecure-content, --ignore-certificate-errors, window-size=1680,814, force-device-scale-factor=2, --lang=en-GB]']

2021-01-22 11:03:13 - [MESSAGE][INFO] - User set preference: ['prefs', '{download.default_directory=/Users/chaidir.pratama01/Katalon Studio/IST_Automation_Git/Download}']

2021-01-22 11:03:13 - [MESSAGE][INFO] - Action delay is set to 0 milliseconds

2021-01-22 11:03:13 - [MESSAGE][PASSED] - Browser is opened with url: ''

2021-01-22 11:03:14 - [MESSAGE][PASSED] - Navigate to 'https://dev-istools.homecredit.id/foundation/' successfully

2021-01-22 11:03:14 - [MESSAGE][PASSED] - Go to ISTools

2021-01-22 11:03:14 - [TEST_STEP][PASSED] - Login IST with valid credentials: Login IST with valid credentials

2021-01-22 11:03:15 - [MESSAGE][PASSED] - Text 'mobile.test' is set on object 'Object Repository/Page_/input_Username_j_username'

2021-01-22 11:03:15 - [MESSAGE][PASSED] - Text ****** has been set on object 'Object Repository/Page_/input_Password_j_password'

2021-01-22 11:03:15 - [MESSAGE][PASSED] - Object: 'Object Repository/Page_/button_Login' is clicked on

2021-01-22 11:03:15 - [MESSAGE][PASSED] - Login IST with valid credentials

2021-01-22 11:03:15 - [TEST_STEP][PASSED] - Login Success: Login Success

2021-01-22 11:03:15 - [MESSAGE][INFO] - Login Success

2021-01-22 11:03:15 - [MESSAGE][PASSED] - Current window maximized

2021-01-22 11:03:15 - [MESSAGE][PASSED] - Object 'Object Repository/Page_/h1_Welcome to IT Supporting Tools' is present

2021-01-22 11:03:15 - [MESSAGE][PASSED] - Login Success

2021-01-22 11:03:15 - [TEST_STEP][PASSED] - Select Arrow Menu "Real Time Disbursement": Select Arrow Menu "Real Time Disbursement"

2021-01-22 11:03:15 - [MESSAGE][PASSED] - Object: '' is clicked on

2021-01-22 11:03:15 - [MESSAGE][PASSED] - Select Arrow Menu "Real Time Disbursement"

2021-01-22 11:03:15 - [TEST_STEP][PASSED] - Select Menu "Dashboard for Risk": Select Menu "Dashboard for Risk"

2021-01-22 11:03:16 - [MESSAGE][PASSED] - Taking screenshot successfully
[[ATTACHMENT|/Users/chaidir.pratama01/Documents/Docs/Katalon Studio/Screenshot/test-Dashboard for Risk.png]]

2021-01-22 11:03:16 - [MESSAGE][PASSED] - Object '' is present

2021-01-22 11:03:16 - [MESSAGE][PASSED] - Object: '' is clicked on

2021-01-22 11:03:16 - [MESSAGE][PASSED] - Wait for page load successfully

2021-01-22 11:03:16 - [MESSAGE][PASSED] - Select Menu "Dashboard for Risk"

2021-01-22 11:03:16 - [TEST_STEP][PASSED] - Select STATUS "Failed due to not supported bank": Select STATUS "Failed due to not supported bank"

2021-01-22 11:03:16 - [MESSAGE][PASSED] - All options with value 'Failed due to not supported bank' are selected in object ''  using regular expression

2021-01-22 11:03:16 - [MESSAGE][PASSED] - Select STATUS "Failed due to not supported bank"

2021-01-22 11:03:16 - [TEST_STEP][PASSED] - Click button "Search": Click button "Search"

2021-01-22 11:03:16 - [MESSAGE][INFO] - >>>>>//Button[contains(text(),'Search')]

2021-01-22 11:03:19 - [MESSAGE][PASSED] - Object '' is present

2021-01-22 11:03:19 - [MESSAGE][PASSED] - Object: '' is clicked on

2021-01-22 11:03:19 - [MESSAGE][PASSED] - Switched to window with index: '0'

2021-01-22 11:03:19 - [MESSAGE][PASSED] - Click button "Search"

2021-01-22 11:03:19 - [TEST_STEP][PASSED] - Verify Search Result Presents: Verify Search Result Presents

2021-01-22 11:03:23 - [MESSAGE][INFO] - Unable to find the element located by 'By.xpath: //td[@style='display:none' and contains(text(),'-Empty-')]'. Please recheck the objects properties to make sure the desired element is located. 

2021-01-22 11:03:24 - [MESSAGE][WARNING] - com.kms.katalon.core.webui.exception.WebElementNotFoundException: Web element with id: '' located by '//td[@style='display:none' and contains(text(),'-Empty-')]' not found (Root cause: com.kms.katalon.core.exception.StepFailedException: com.kms.katalon.core.webui.exception.WebElementNotFoundException: Web element with id: '' located by '//td[@style='display:none' and contains(text(),'-Empty-')]' not found
	at com.kms.katalon.core.webui.keyword.internal.WebUIKeywordMain.stepFailed(WebUIKeywordMain.groovy:64)
	at com.kms.katalon.core.webui.keyword.builtin.VerifyElementPresentKeyword$_verifyElementPresent_closure1.doCall(VerifyElementPresentKeyword.groovy:85)
	at com.kms.katalon.core.webui.keyword.builtin.VerifyElementPresentKeyword$_verifyElementPresent_closure1.call(VerifyElementPresentKeyword.groovy)
	at com.kms.katalon.core.webui.keyword.internal.WebUIKeywordMain.runKeyword(WebUIKeywordMain.groovy:20)
	at com.kms.katalon.core.webui.keyword.builtin.VerifyElementPresentKeyword.verifyElementPresent(VerifyElementPresentKeyword.groovy:92)
	at com.kms.katalon.core.webui.keyword.builtin.VerifyElementPresentKeyword.execute(VerifyElementPresentKeyword.groovy:68)
	at com.kms.katalon.core.keyword.internal.KeywordExecutor.executeKeywordForPlatform(KeywordExecutor.groovy:73)
	at com.kms.katalon.core.webui.keyword.WebUiBuiltInKeywords.verifyElementPresent(WebUiBuiltInKeywords.groovy:1444)
	at com.kms.katalon.core.webui.keyword.WebUiBuiltInKeywords$verifyElementPresent$11.call(Unknown Source)
	at ist_real.Contract_Dispatcher.VerifyTblFilled(Contract_Dispatcher.groovy:1313)
	at ist_real.Contract_Dispatcher$VerifyTblFilled$0.call(Unknown Source)
	at RTD.Search_Result_Presents(RTD.groovy:191)
	at cucumber.runtime.Utils$1.call(Utils.java:26)
	at cucumber.runtime.Timeout.timeout(Timeout.java:16)
	at cucumber.runtime.Utils.invoke(Utils.java:20)
	at cucumber.runtime.java.JavaStepDefinition.execute(JavaStepDefinition.java:48)
	at cucumber.runtime.PickleStepDefinitionMatch.runStep(PickleStepDefinitionMatch.java:50)
	at cucumber.runner.TestStep.executeStep(TestStep.java:55)
	at cucumber.runner.TestStep.run(TestStep.java:42)
	at cucumber.runner.PickleStepTestStep.run(PickleStepTestStep.java:53)
	at cucumber.runner.TestCase.run(TestCase.java:47)
	at cucumber.runner.Runner.runPickle(Runner.java:44)
	at cucumber.runtime.Runtime.runFeature(Runtime.java:120)
	at cucumber.runtime.Runtime.run(Runtime.java:106)
	at cucumber.api.cli.Main.run(Main.java:35)
	at cucumber.api.cli.Main$run.call(Unknown Source)
	at com.kms.katalon.core.cucumber.keyword.CucumberBuiltinKeywords$_runFeatureFile_closure1.doCall(CucumberBuiltinKeywords.groovy:76)
	at com.kms.katalon.core.cucumber.keyword.CucumberBuiltinKeywords$_runFeatureFile_closure1.doCall(CucumberBuiltinKeywords.groovy)
	at com.kms.katalon.core.keyword.internal.KeywordMain.runKeyword(KeywordMain.groovy:68)
	at com.kms.katalon.core.keyword.internal.KeywordMain$runKeyword.call(Unknown Source)
	at com.kms.katalon.core.cucumber.keyword.CucumberBuiltinKeywords.runFeatureFile(CucumberBuiltinKeywords.groovy:46)
	at com.kms.katalon.core.cucumber.keyword.CucumberBuiltinKeywords$runFeatureFile$0.callStatic(Unknown Source)
	at com.kms.katalon.core.cucumber.keyword.CucumberBuiltinKeywords.runFeatureFile(CucumberBuiltinKeywords.groovy:169)
	at com.kms.katalon.core.cucumber.keyword.CucumberBuiltinKeywords$runFeatureFile.call(Unknown Source)
	at TC_Search_by_STATUS_Dashboard_for_Risk.run(TC_Search_by_STATUS_Dashboard_for_Risk:18)
	at com.kms.katalon.core.main.ScriptEngine.run(ScriptEngine.java:194)
	at com.kms.katalon.core.main.ScriptEngine.runScriptAsRawText(ScriptEngine.java:119)
	at com.kms.katalon.core.main.TestCaseExecutor.runScript(TestCaseExecutor.java:339)
	at com.kms.katalon.core.main.TestCaseExecutor.doExecute(TestCaseExecutor.java:330)
	at com.kms.katalon.core.main.TestCaseExecutor.processExecutionPhase(TestCaseExecutor.java:309)
	at com.kms.katalon.core.main.TestCaseExecutor.accessMainPhase(TestCaseExecutor.java:301)
	at com.kms.katalon.core.main.TestCaseExecutor.execute(TestCaseExecutor.java:235)
	at com.kms.katalon.core.main.TestSuiteExecutor.accessTestCaseMainPhase(TestSuiteExecutor.java:191)
	at com.kms.katalon.core.main.TestSuiteExecutor.accessTestSuiteMainPhase(TestSuiteExecutor.java:141)
	at com.kms.katalon.core.main.TestSuiteExecutor.execute(TestSuiteExecutor.java:90)
	at com.kms.katalon.core.main.TestCaseMain.startTestSuite(TestCaseMain.java:157)
	at com.kms.katalon.core.main.TestCaseMain$startTestSuite$0.call(Unknown Source)
	at TempTestSuite1611286947504.run(TempTestSuite1611286947504.groovy:39)
)
[[ATTACHMENT|/Users/chaidir.pratama01/Katalon Studio/IST_Automation_Git/Reports/20210122_104222/RTD/TS_Dashboard_for_Risk/20210122_104227/1611288203858.png]]

2021-01-22 11:03:24 - [MESSAGE][PASSED] - Verify Search Result Presents

2021-01-22 11:03:24 - [TEST_STEP][PASSED] - Click button "Logout": Click button "Logout"

2021-01-22 11:03:24 - [MESSAGE][INFO] - >>>>>//Button[contains(text(),'Logout')]

2021-01-22 11:03:27 - [MESSAGE][PASSED] - Object '' is present

2021-01-22 11:03:27 - [MESSAGE][PASSED] - Object: '' is clicked on

2021-01-22 11:03:27 - [MESSAGE][PASSED] - Switched to window with index: '0'

2021-01-22 11:03:27 - [MESSAGE][PASSED] - Click button "Logout"

2021-01-22 11:03:27 - [TEST_STEP][PASSED] - Close browser: Close browser

2021-01-22 11:03:27 - [MESSAGE][PASSED] - Browser is closed

2021-01-22 11:03:27 - [MESSAGE][PASSED] - Close browser

2021-01-22 11:03:27 - [TEST_CASE][PASSED] - Start Test Case : SCENARIO Search by STATUS Manual Disbursement: SCENARIO Search by STATUS Manual Disbursement

2021-01-22 11:03:27 - [TEST_STEP][PASSED] - Go to ISTools: Go to ISTools

2021-01-22 11:03:27 - [MESSAGE][INFO] - Starting 'Chrome (headless)' driver

2021-01-22 11:03:27 - [MESSAGE][INFO] - User set preference: ['args', '[--start-maximized, --disable-gpu, --no-proxy-server, â€“-no-sandbox, --allow-running-insecure-content, --ignore-certificate-errors, window-size=1680,814, force-device-scale-factor=2, --lang=en-GB]']

2021-01-22 11:03:27 - [MESSAGE][INFO] - User set preference: ['prefs', '{download.default_directory=/Users/chaidir.pratama01/Katalon Studio/IST_Automation_Git/Download}']

2021-01-22 11:03:27 - [MESSAGE][INFO] - Action delay is set to 0 milliseconds

2021-01-22 11:03:28 - [MESSAGE][PASSED] - Browser is opened with url: ''

2021-01-22 11:03:29 - [MESSAGE][PASSED] - Navigate to 'https://dev-istools.homecredit.id/foundation/' successfully

2021-01-22 11:03:29 - [MESSAGE][PASSED] - Go to ISTools

2021-01-22 11:03:29 - [TEST_STEP][PASSED] - Login IST with valid credentials: Login IST with valid credentials

2021-01-22 11:03:29 - [MESSAGE][PASSED] - Text 'mobile.test' is set on object 'Object Repository/Page_/input_Username_j_username'

2021-01-22 11:03:29 - [MESSAGE][PASSED] - Text ****** has been set on object 'Object Repository/Page_/input_Password_j_password'

2021-01-22 11:03:29 - [MESSAGE][PASSED] - Object: 'Object Repository/Page_/button_Login' is clicked on

2021-01-22 11:03:29 - [MESSAGE][PASSED] - Login IST with valid credentials

2021-01-22 11:03:29 - [TEST_STEP][PASSED] - Login Success: Login Success

2021-01-22 11:03:29 - [MESSAGE][INFO] - Login Success

2021-01-22 11:03:30 - [MESSAGE][PASSED] - Current window maximized

2021-01-22 11:03:30 - [MESSAGE][PASSED] - Object 'Object Repository/Page_/h1_Welcome to IT Supporting Tools' is present

2021-01-22 11:03:30 - [MESSAGE][PASSED] - Login Success

2021-01-22 11:03:30 - [TEST_STEP][PASSED] - Select Arrow Menu "Real Time Disbursement": Select Arrow Menu "Real Time Disbursement"

2021-01-22 11:03:30 - [MESSAGE][PASSED] - Object: '' is clicked on

2021-01-22 11:03:30 - [MESSAGE][PASSED] - Select Arrow Menu "Real Time Disbursement"

2021-01-22 11:03:30 - [TEST_STEP][PASSED] - Select Menu "Dashboard for Risk": Select Menu "Dashboard for Risk"

2021-01-22 11:03:30 - [MESSAGE][PASSED] - Taking screenshot successfully
[[ATTACHMENT|/Users/chaidir.pratama01/Documents/Docs/Katalon Studio/Screenshot/test-Dashboard for Risk.png]]

2021-01-22 11:03:30 - [MESSAGE][PASSED] - Object '' is present

2021-01-22 11:03:30 - [MESSAGE][PASSED] - Object: '' is clicked on

2021-01-22 11:03:30 - [MESSAGE][PASSED] - Wait for page load successfully

2021-01-22 11:03:30 - [MESSAGE][PASSED] - Select Menu "Dashboard for Risk"

2021-01-22 11:03:30 - [TEST_STEP][PASSED] - Select STATUS "Manual Disbursement": Select STATUS "Manual Disbursement"

2021-01-22 11:03:31 - [MESSAGE][PASSED] - All options with value 'Manual Disbursement' are selected in object ''  using regular expression

2021-01-22 11:03:31 - [MESSAGE][PASSED] - Select STATUS "Manual Disbursement"

2021-01-22 11:03:31 - [TEST_STEP][PASSED] - Click button "Search": Click button "Search"

2021-01-22 11:03:31 - [MESSAGE][INFO] - >>>>>//Button[contains(text(),'Search')]

2021-01-22 11:03:34 - [MESSAGE][PASSED] - Object '' is present

2021-01-22 11:03:34 - [MESSAGE][PASSED] - Object: '' is clicked on

2021-01-22 11:03:34 - [MESSAGE][PASSED] - Switched to window with index: '0'

2021-01-22 11:03:34 - [MESSAGE][PASSED] - Click button "Search"

2021-01-22 11:03:34 - [TEST_STEP][PASSED] - Verify Search Result Presents: Verify Search Result Presents

2021-01-22 11:03:34 - [MESSAGE][PASSED] - Object '' is present

2021-01-22 11:03:43 - [MESSAGE][PASSED] - Verify Search Result Presents

2021-01-22 11:03:43 - [TEST_STEP][PASSED] - Click button "Logout": Click button "Logout"

2021-01-22 11:03:43 - [MESSAGE][INFO] - >>>>>//Button[contains(text(),'Logout')]

2021-01-22 11:03:46 - [MESSAGE][PASSED] - Object '' is present

2021-01-22 11:03:47 - [MESSAGE][PASSED] - Object: '' is clicked on

2021-01-22 11:03:47 - [MESSAGE][PASSED] - Switched to window with index: '0'

2021-01-22 11:03:47 - [MESSAGE][PASSED] - Click button "Logout"

2021-01-22 11:03:47 - [TEST_STEP][PASSED] - Close browser: Close browser

2021-01-22 11:03:47 - [MESSAGE][PASSED] - Browser is closed

2021-01-22 11:03:47 - [MESSAGE][PASSED] - Close browser

2021-01-22 11:03:47 - [TEST_CASE][PASSED] - Start Test Case : SCENARIO Search by STATUS DONE: SCENARIO Search by STATUS DONE

2021-01-22 11:03:47 - [TEST_STEP][PASSED] - Go to ISTools: Go to ISTools

2021-01-22 11:03:47 - [MESSAGE][INFO] - Starting 'Chrome (headless)' driver

2021-01-22 11:03:47 - [MESSAGE][INFO] - User set preference: ['args', '[--start-maximized, --disable-gpu, --no-proxy-server, â€“-no-sandbox, --allow-running-insecure-content, --ignore-certificate-errors, window-size=1680,814, force-device-scale-factor=2, --lang=en-GB]']

2021-01-22 11:03:47 - [MESSAGE][INFO] - User set preference: ['prefs', '{download.default_directory=/Users/chaidir.pratama01/Katalon Studio/IST_Automation_Git/Download}']

2021-01-22 11:03:47 - [MESSAGE][INFO] - Action delay is set to 0 milliseconds

2021-01-22 11:03:47 - [MESSAGE][PASSED] - Browser is opened with url: ''

2021-01-22 11:03:48 - [MESSAGE][PASSED] - Navigate to 'https://dev-istools.homecredit.id/foundation/' successfully

2021-01-22 11:03:48 - [MESSAGE][PASSED] - Go to ISTools

2021-01-22 11:03:48 - [TEST_STEP][PASSED] - Login IST with valid credentials: Login IST with valid credentials

2021-01-22 11:03:48 - [MESSAGE][PASSED] - Text 'mobile.test' is set on object 'Object Repository/Page_/input_Username_j_username'

2021-01-22 11:03:48 - [MESSAGE][PASSED] - Text ****** has been set on object 'Object Repository/Page_/input_Password_j_password'

2021-01-22 11:03:49 - [MESSAGE][PASSED] - Object: 'Object Repository/Page_/button_Login' is clicked on

2021-01-22 11:03:49 - [MESSAGE][PASSED] - Login IST with valid credentials

2021-01-22 11:03:49 - [TEST_STEP][PASSED] - Login Success: Login Success

2021-01-22 11:03:49 - [MESSAGE][INFO] - Login Success

2021-01-22 11:03:49 - [MESSAGE][PASSED] - Current window maximized

2021-01-22 11:03:49 - [MESSAGE][PASSED] - Object 'Object Repository/Page_/h1_Welcome to IT Supporting Tools' is present

2021-01-22 11:03:49 - [MESSAGE][PASSED] - Login Success

2021-01-22 11:03:49 - [TEST_STEP][PASSED] - Select Arrow Menu "Real Time Disbursement": Select Arrow Menu "Real Time Disbursement"

2021-01-22 11:03:49 - [MESSAGE][PASSED] - Object: '' is clicked on

2021-01-22 11:03:49 - [MESSAGE][PASSED] - Select Arrow Menu "Real Time Disbursement"

2021-01-22 11:03:49 - [TEST_STEP][PASSED] - Select Menu "Dashboard for Risk": Select Menu "Dashboard for Risk"

2021-01-22 11:03:49 - [MESSAGE][PASSED] - Taking screenshot successfully
[[ATTACHMENT|/Users/chaidir.pratama01/Documents/Docs/Katalon Studio/Screenshot/test-Dashboard for Risk.png]]

2021-01-22 11:03:49 - [MESSAGE][PASSED] - Object '' is present

2021-01-22 11:03:49 - [MESSAGE][PASSED] - Object: '' is clicked on

2021-01-22 11:03:49 - [MESSAGE][PASSED] - Wait for page load successfully

2021-01-22 11:03:49 - [MESSAGE][PASSED] - Select Menu "Dashboard for Risk"

2021-01-22 11:03:49 - [TEST_STEP][PASSED] - Select STATUS "DONE": Select STATUS "DONE"

2021-01-22 11:03:50 - [MESSAGE][PASSED] - All options with value 'DONE' are selected in object ''  using regular expression

2021-01-22 11:03:50 - [MESSAGE][PASSED] - Select STATUS "DONE"

2021-01-22 11:03:50 - [TEST_STEP][PASSED] - Click button "Search": Click button "Search"

2021-01-22 11:03:50 - [MESSAGE][INFO] - >>>>>//Button[contains(text(),'Search')]

2021-01-22 11:03:53 - [MESSAGE][PASSED] - Object '' is present

2021-01-22 11:03:53 - [MESSAGE][PASSED] - Object: '' is clicked on

2021-01-22 11:03:53 - [MESSAGE][PASSED] - Switched to window with index: '0'

2021-01-22 11:03:53 - [MESSAGE][PASSED] - Click button "Search"

2021-01-22 11:03:53 - [TEST_STEP][PASSED] - Verify Search Result Presents: Verify Search Result Presents

2021-01-22 11:03:53 - [MESSAGE][PASSED] - Object '' is present

2021-01-22 11:04:02 - [MESSAGE][PASSED] - Verify Search Result Presents

2021-01-22 11:04:02 - [TEST_STEP][PASSED] - Click button "Logout": Click button "Logout"

2021-01-22 11:04:02 - [MESSAGE][INFO] - >>>>>//Button[contains(text(),'Logout')]

2021-01-22 11:04:05 - [MESSAGE][PASSED] - Object '' is present

2021-01-22 11:04:06 - [MESSAGE][PASSED] - Object: '' is clicked on

2021-01-22 11:04:06 - [MESSAGE][PASSED] - Switched to window with index: '0'

2021-01-22 11:04:06 - [MESSAGE][PASSED] - Click button "Logout"

2021-01-22 11:04:06 - [TEST_STEP][PASSED] - Close browser: Close browser

2021-01-22 11:04:06 - [MESSAGE][PASSED] - Browser is closed

2021-01-22 11:04:06 - [MESSAGE][PASSED] - Close browser

2021-01-22 11:04:06 - [TEST_CASE][PASSED] - Start Test Case : SCENARIO Search by STATUS Success to Disburse: SCENARIO Search by STATUS Success to Disburse

2021-01-22 11:04:06 - [TEST_STEP][PASSED] - Go to ISTools: Go to ISTools

2021-01-22 11:04:06 - [MESSAGE][INFO] - Starting 'Chrome (headless)' driver

2021-01-22 11:04:06 - [MESSAGE][INFO] - User set preference: ['args', '[--start-maximized, --disable-gpu, --no-proxy-server, â€“-no-sandbox, --allow-running-insecure-content, --ignore-certificate-errors, window-size=1680,814, force-device-scale-factor=2, --lang=en-GB]']

2021-01-22 11:04:06 - [MESSAGE][INFO] - User set preference: ['prefs', '{download.default_directory=/Users/chaidir.pratama01/Katalon Studio/IST_Automation_Git/Download}']

2021-01-22 11:04:06 - [MESSAGE][INFO] - Action delay is set to 0 milliseconds

2021-01-22 11:04:06 - [MESSAGE][PASSED] - Browser is opened with url: ''

2021-01-22 11:04:07 - [MESSAGE][PASSED] - Navigate to 'https://dev-istools.homecredit.id/foundation/' successfully

2021-01-22 11:04:07 - [MESSAGE][PASSED] - Go to ISTools

2021-01-22 11:04:07 - [TEST_STEP][PASSED] - Login IST with valid credentials: Login IST with valid credentials

2021-01-22 11:04:07 - [MESSAGE][PASSED] - Text 'mobile.test' is set on object 'Object Repository/Page_/input_Username_j_username'

2021-01-22 11:04:07 - [MESSAGE][PASSED] - Text ****** has been set on object 'Object Repository/Page_/input_Password_j_password'

2021-01-22 11:04:08 - [MESSAGE][PASSED] - Object: 'Object Repository/Page_/button_Login' is clicked on

2021-01-22 11:04:08 - [MESSAGE][PASSED] - Login IST with valid credentials

2021-01-22 11:04:08 - [TEST_STEP][PASSED] - Login Success: Login Success

2021-01-22 11:04:08 - [MESSAGE][INFO] - Login Success

2021-01-22 11:04:08 - [MESSAGE][PASSED] - Current window maximized

2021-01-22 11:04:08 - [MESSAGE][PASSED] - Object 'Object Repository/Page_/h1_Welcome to IT Supporting Tools' is present

2021-01-22 11:04:08 - [MESSAGE][PASSED] - Login Success

2021-01-22 11:04:08 - [TEST_STEP][PASSED] - Select Arrow Menu "Real Time Disbursement": Select Arrow Menu "Real Time Disbursement"

2021-01-22 11:04:08 - [MESSAGE][PASSED] - Object: '' is clicked on

2021-01-22 11:04:08 - [MESSAGE][PASSED] - Select Arrow Menu "Real Time Disbursement"

2021-01-22 11:04:08 - [TEST_STEP][PASSED] - Select Menu "Dashboard for Risk": Select Menu "Dashboard for Risk"

2021-01-22 11:04:09 - [MESSAGE][PASSED] - Taking screenshot successfully
[[ATTACHMENT|/Users/chaidir.pratama01/Documents/Docs/Katalon Studio/Screenshot/test-Dashboard for Risk.png]]

2021-01-22 11:04:09 - [MESSAGE][PASSED] - Object '' is present

2021-01-22 11:04:09 - [MESSAGE][PASSED] - Object: '' is clicked on

2021-01-22 11:04:09 - [MESSAGE][PASSED] - Wait for page load successfully

2021-01-22 11:04:09 - [MESSAGE][PASSED] - Select Menu "Dashboard for Risk"

2021-01-22 11:04:09 - [TEST_STEP][PASSED] - Select STATUS "Success to Disburse": Select STATUS "Success to Disburse"

2021-01-22 11:04:09 - [MESSAGE][PASSED] - All options with value 'Success to Disburse' are selected in object ''  using regular expression

2021-01-22 11:04:09 - [MESSAGE][PASSED] - Select STATUS "Success to Disburse"

2021-01-22 11:04:09 - [TEST_STEP][PASSED] - Click button "Search": Click button "Search"

2021-01-22 11:04:09 - [MESSAGE][INFO] - >>>>>//Button[contains(text(),'Search')]

2021-01-22 11:04:12 - [MESSAGE][PASSED] - Object '' is present

2021-01-22 11:04:12 - [MESSAGE][PASSED] - Object: '' is clicked on

2021-01-22 11:04:12 - [MESSAGE][PASSED] - Switched to window with index: '0'

2021-01-22 11:04:12 - [MESSAGE][PASSED] - Click button "Search"

2021-01-22 11:04:12 - [TEST_STEP][PASSED] - Verify Search Result Presents: Verify Search Result Presents

2021-01-22 11:04:12 - [MESSAGE][PASSED] - Object '' is present

2021-01-22 11:04:13 - [MESSAGE][PASSED] - Verify Search Result Presents

2021-01-22 11:04:13 - [TEST_STEP][PASSED] - Click button "Logout": Click button "Logout"

2021-01-22 11:04:13 - [MESSAGE][INFO] - >>>>>//Button[contains(text(),'Logout')]

2021-01-22 11:04:16 - [MESSAGE][PASSED] - Object '' is present

2021-01-22 11:04:16 - [MESSAGE][PASSED] - Object: '' is clicked on

2021-01-22 11:04:16 - [MESSAGE][PASSED] - Switched to window with index: '0'

2021-01-22 11:04:16 - [MESSAGE][PASSED] - Click button "Logout"

2021-01-22 11:04:16 - [TEST_STEP][PASSED] - Close browser: Close browser

2021-01-22 11:04:16 - [MESSAGE][PASSED] - Browser is closed

2021-01-22 11:04:16 - [MESSAGE][PASSED] - Close browser

2021-01-22 11:04:16 - [MESSAGE][PASSED] - Feature file: 'Include/features/IST_Real/RTD/Dashboard_for_Risk/Search_by_STATUS_Dashboard_for_Risk.feature' was passed]]></system-out>
         <system-err><![CDATA[]]></system-err>
      </testcase>
      <testcase name="Test Cases/RTD/Dashboard for Risk/TC_Search_by_Contract_Number_Dashboard_for_Risk" time="6.877" classname="Test Cases/RTD/Dashboard for Risk/TC_Search_by_Contract_Number_Dashboard_for_Risk" status="PASSED">
         <system-out><![CDATA[2021-01-22 11:04:16 - [TEST_CASE][PASSED] - Test Cases/RTD/Dashboard for Risk/TC_Search_by_Contract_Number_Dashboard_for_Risk: Test Cases/RTD/Dashboard for Risk/TC_Search_by_Contract_Number_Dashboard_for_Risk

2021-01-22 11:04:16 - [TEST_STEP][PASSED] - runFeatureFile("Include/features/IST_Real/RTD/Dashboard_for_Risk/Search_by_Contract_Number_Dashboard_for_Risk.feature"): Feature file: 'Include/features/IST_Real/RTD/Dashboard_for_Risk/Search_by_Contract_Number_Dashboard_for_Risk.feature' was passed

2021-01-22 11:04:16 - [MESSAGE][INFO] - Starting run keyword runFeatureFile: 'Include/features/IST_Real/RTD/Dashboard_for_Risk/Search_by_Contract_Number_Dashboard_for_Risk.feature' and extract report to folder: '/Users/chaidir.pratama01/Katalon Studio/IST_Automation_Git/Reports/20210122_104222/RTD/TS_Dashboard_for_Risk/20210122_104227/cucumber_report/1611288256920'...

2021-01-22 11:04:17 - [TEST_CASE][PASSED] - Start Test Case : SCENARIO Search by Contract Number and it found on Dashboard: SCENARIO Search by Contract Number and it found on Dashboard

2021-01-22 11:04:17 - [TEST_STEP][PASSED] - Go to ISTools: Go to ISTools

2021-01-22 11:04:17 - [MESSAGE][INFO] - Starting 'Chrome (headless)' driver

2021-01-22 11:04:17 - [MESSAGE][INFO] - User set preference: ['args', '[--start-maximized, --disable-gpu, --no-proxy-server, â€“-no-sandbox, --allow-running-insecure-content, --ignore-certificate-errors, window-size=1680,814, force-device-scale-factor=2, --lang=en-GB]']

2021-01-22 11:04:17 - [MESSAGE][INFO] - User set preference: ['prefs', '{download.default_directory=/Users/chaidir.pratama01/Katalon Studio/IST_Automation_Git/Download}']

2021-01-22 11:04:17 - [MESSAGE][INFO] - Action delay is set to 0 milliseconds

2021-01-22 11:04:17 - [MESSAGE][PASSED] - Browser is opened with url: ''

2021-01-22 11:04:18 - [MESSAGE][PASSED] - Navigate to 'https://dev-istools.homecredit.id/foundation/' successfully

2021-01-22 11:04:18 - [MESSAGE][PASSED] - Go to ISTools

2021-01-22 11:04:18 - [TEST_STEP][PASSED] - Login IST with valid credentials: Login IST with valid credentials

2021-01-22 11:04:18 - [MESSAGE][PASSED] - Text 'mobile.test' is set on object 'Object Repository/Page_/input_Username_j_username'

2021-01-22 11:04:18 - [MESSAGE][PASSED] - Text ****** has been set on object 'Object Repository/Page_/input_Password_j_password'

2021-01-22 11:04:18 - [MESSAGE][PASSED] - Object: 'Object Repository/Page_/button_Login' is clicked on

2021-01-22 11:04:18 - [MESSAGE][PASSED] - Login IST with valid credentials

2021-01-22 11:04:18 - [TEST_STEP][PASSED] - Login Success: Login Success

2021-01-22 11:04:18 - [MESSAGE][INFO] - Login Success

2021-01-22 11:04:18 - [MESSAGE][PASSED] - Current window maximized

2021-01-22 11:04:18 - [MESSAGE][PASSED] - Object 'Object Repository/Page_/h1_Welcome to IT Supporting Tools' is present

2021-01-22 11:04:18 - [MESSAGE][PASSED] - Login Success

2021-01-22 11:04:18 - [TEST_STEP][PASSED] - Select Arrow Menu "Real Time Disbursement": Select Arrow Menu "Real Time Disbursement"

2021-01-22 11:04:18 - [MESSAGE][PASSED] - Object: '' is clicked on

2021-01-22 11:04:18 - [MESSAGE][PASSED] - Select Arrow Menu "Real Time Disbursement"

2021-01-22 11:04:18 - [TEST_STEP][PASSED] - Select Menu "Dashboard for Risk": Select Menu "Dashboard for Risk"

2021-01-22 11:04:19 - [MESSAGE][PASSED] - Taking screenshot successfully
[[ATTACHMENT|/Users/chaidir.pratama01/Documents/Docs/Katalon Studio/Screenshot/test-Dashboard for Risk.png]]

2021-01-22 11:04:19 - [MESSAGE][PASSED] - Object '' is present

2021-01-22 11:04:19 - [MESSAGE][PASSED] - Object: '' is clicked on

2021-01-22 11:04:19 - [MESSAGE][PASSED] - Wait for page load successfully

2021-01-22 11:04:19 - [MESSAGE][PASSED] - Select Menu "Dashboard for Risk"

2021-01-22 11:04:19 - [TEST_STEP][PASSED] - Input Contract RTD in Contract Number label: Input Contract RTD in Contract Number label

2021-01-22 11:04:19 - [MESSAGE][PASSED] - Text '4000014162' is set on object ''

2021-01-22 11:04:19 - [MESSAGE][PASSED] - Input Contract RTD in Contract Number label

2021-01-22 11:04:19 - [TEST_STEP][PASSED] - Click button "Search": Click button "Search"

2021-01-22 11:04:19 - [MESSAGE][INFO] - >>>>>//Button[contains(text(),'Search')]

2021-01-22 11:04:22 - [MESSAGE][PASSED] - Object '' is present

2021-01-22 11:04:22 - [MESSAGE][PASSED] - Object: '' is clicked on

2021-01-22 11:04:22 - [MESSAGE][PASSED] - Switched to window with index: '0'

2021-01-22 11:04:22 - [MESSAGE][PASSED] - Click button "Search"

2021-01-22 11:04:22 - [TEST_STEP][PASSED] - Verify Search Result Presents: Verify Search Result Presents

2021-01-22 11:04:22 - [MESSAGE][PASSED] - Object '' is present

2021-01-22 11:04:23 - [MESSAGE][PASSED] - Verify Search Result Presents

2021-01-22 11:04:23 - [MESSAGE][PASSED] - Feature file: 'Include/features/IST_Real/RTD/Dashboard_for_Risk/Search_by_Contract_Number_Dashboard_for_Risk.feature' was passed]]></system-out>
         <system-err><![CDATA[]]></system-err>
      </testcase>
      <system-out><![CDATA[2021-01-22 11:00:45 - [TEST_SUITE][FAILED] - TS_Dashboard_for_Risk: Test Cases/RTD/Dashboard for Risk/TC_View_Detail_Dashboard_for_Risk FAILED.
Reason:
com.kms.katalon.core.exception.StepFailedException: Feature file 'Include/features/IST_Real/RTD/Dashboard_for_Risk/View_Detail_Dashboard_for_Risk.feature' was failed
	at com.kms.katalon.core.keyword.internal.KeywordMain.stepFailed(KeywordMain.groovy:50)
	at com.kms.katalon.core.keyword.internal.KeywordMain.stepFailed(KeywordMain.groovy)
	at com.kms.katalon.core.keyword.internal.KeywordMain.stepFailed(KeywordMain.groovy:23)
	at com.kms.katalon.core.keyword.internal.KeywordMain$stepFailed$0.call(Unknown Source)
	at com.kms.katalon.core.cucumber.keyword.CucumberBuiltinKeywords$_runFeatureFile_closure1.doCall(CucumberBuiltinKeywords.groovy:82)
	at com.kms.katalon.core.cucumber.keyword.CucumberBuiltinKeywords$_runFeatureFile_closure1.doCall(CucumberBuiltinKeywords.groovy)
	at com.kms.katalon.core.keyword.internal.KeywordMain.runKeyword(KeywordMain.groovy:68)
	at com.kms.katalon.core.keyword.internal.KeywordMain$runKeyword.call(Unknown Source)
	at com.kms.katalon.core.cucumber.keyword.CucumberBuiltinKeywords.runFeatureFile(CucumberBuiltinKeywords.groovy:46)
	at com.kms.katalon.core.cucumber.keyword.CucumberBuiltinKeywords$runFeatureFile$0.callStatic(Unknown Source)
	at com.kms.katalon.core.cucumber.keyword.CucumberBuiltinKeywords.runFeatureFile(CucumberBuiltinKeywords.groovy:169)
	at com.kms.katalon.core.cucumber.keyword.CucumberBuiltinKeywords$runFeatureFile.call(Unknown Source)
	at TC_View_Detail_Dashboard_for_Risk.run(TC_View_Detail_Dashboard_for_Risk:18)
	at com.kms.katalon.core.main.ScriptEngine.run(ScriptEngine.java:194)
	at com.kms.katalon.core.main.ScriptEngine.runScriptAsRawText(ScriptEngine.java:119)
	at com.kms.katalon.core.main.TestCaseExecutor.runScript(TestCaseExecutor.java:339)
	at com.kms.katalon.core.main.TestCaseExecutor.doExecute(TestCaseExecutor.java:330)
	at com.kms.katalon.core.main.TestCaseExecutor.processExecutionPhase(TestCaseExecutor.java:309)
	at com.kms.katalon.core.main.TestCaseExecutor.accessMainPhase(TestCaseExecutor.java:301)
	at com.kms.katalon.core.main.TestCaseExecutor.execute(TestCaseExecutor.java:235)
	at com.kms.katalon.core.main.TestSuiteExecutor.accessTestCaseMainPhase(TestSuiteExecutor.java:191)
	at com.kms.katalon.core.main.TestSuiteExecutor.accessTestSuiteMainPhase(TestSuiteExecutor.java:141)
	at com.kms.katalon.core.main.TestSuiteExecutor.execute(TestSuiteExecutor.java:90)
	at com.kms.katalon.core.main.TestCaseMain.startTestSuite(TestCaseMain.java:157)
	at com.kms.katalon.core.main.TestCaseMain$startTestSuite$0.call(Unknown Source)
	at TempTestSuite1611286947504.run(TempTestSuite1611286947504.groovy:39)]]></system-out>
      <system-err><![CDATA[2021-01-22 11:00:45 - [TEST_SUITE][FAILED] - TS_Dashboard_for_Risk: Test Cases/RTD/Dashboard for Risk/TC_View_Detail_Dashboard_for_Risk FAILED.
Reason:
com.kms.katalon.core.exception.StepFailedException: Feature file 'Include/features/IST_Real/RTD/Dashboard_for_Risk/View_Detail_Dashboard_for_Risk.feature' was failed
	at com.kms.katalon.core.keyword.internal.KeywordMain.stepFailed(KeywordMain.groovy:50)
	at com.kms.katalon.core.keyword.internal.KeywordMain.stepFailed(KeywordMain.groovy)
	at com.kms.katalon.core.keyword.internal.KeywordMain.stepFailed(KeywordMain.groovy:23)
	at com.kms.katalon.core.keyword.internal.KeywordMain$stepFailed$0.call(Unknown Source)
	at com.kms.katalon.core.cucumber.keyword.CucumberBuiltinKeywords$_runFeatureFile_closure1.doCall(CucumberBuiltinKeywords.groovy:82)
	at com.kms.katalon.core.cucumber.keyword.CucumberBuiltinKeywords$_runFeatureFile_closure1.doCall(CucumberBuiltinKeywords.groovy)
	at com.kms.katalon.core.keyword.internal.KeywordMain.runKeyword(KeywordMain.groovy:68)
	at com.kms.katalon.core.keyword.internal.KeywordMain$runKeyword.call(Unknown Source)
	at com.kms.katalon.core.cucumber.keyword.CucumberBuiltinKeywords.runFeatureFile(CucumberBuiltinKeywords.groovy:46)
	at com.kms.katalon.core.cucumber.keyword.CucumberBuiltinKeywords$runFeatureFile$0.callStatic(Unknown Source)
	at com.kms.katalon.core.cucumber.keyword.CucumberBuiltinKeywords.runFeatureFile(CucumberBuiltinKeywords.groovy:169)
	at com.kms.katalon.core.cucumber.keyword.CucumberBuiltinKeywords$runFeatureFile.call(Unknown Source)
	at TC_View_Detail_Dashboard_for_Risk.run(TC_View_Detail_Dashboard_for_Risk:18)
	at com.kms.katalon.core.main.ScriptEngine.run(ScriptEngine.java:194)
	at com.kms.katalon.core.main.ScriptEngine.runScriptAsRawText(ScriptEngine.java:119)
	at com.kms.katalon.core.main.TestCaseExecutor.runScript(TestCaseExecutor.java:339)
	at com.kms.katalon.core.main.TestCaseExecutor.doExecute(TestCaseExecutor.java:330)
	at com.kms.katalon.core.main.TestCaseExecutor.processExecutionPhase(TestCaseExecutor.java:309)
	at com.kms.katalon.core.main.TestCaseExecutor.accessMainPhase(TestCaseExecutor.java:301)
	at com.kms.katalon.core.main.TestCaseExecutor.execute(TestCaseExecutor.java:235)
	at com.kms.katalon.core.main.TestSuiteExecutor.accessTestCaseMainPhase(TestSuiteExecutor.java:191)
	at com.kms.katalon.core.main.TestSuiteExecutor.accessTestSuiteMainPhase(TestSuiteExecutor.java:141)
	at com.kms.katalon.core.main.TestSuiteExecutor.execute(TestSuiteExecutor.java:90)
	at com.kms.katalon.core.main.TestCaseMain.startTestSuite(TestCaseMain.java:157)
	at com.kms.katalon.core.main.TestCaseMain$startTestSuite$0.call(Unknown Source)
	at TempTestSuite1611286947504.run(TempTestSuite1611286947504.groovy:39)]]></system-err>
   </testsuite>
   <testsuite name="TS_Partner_Disbursement" tests="5" failures="1" errors="0" time="319.73" timestamp="2021-01-22 11:05:35" hostname="chaidir.pratama01 - localhost" id="Test Suites/RTD/TS_Partner_Disbursement">
      <properties>
         <property name="deviceName" value=""/>
         <property name="devicePlatform" value=""/>
         <property name="logFolder" value="/Users/chaidir.pratama01/Katalon Studio/IST_Automation_Git/Reports/20210122_104222/RTD/TS_Partner_Disbursement/20210122_104228"/>
         <property name="logFiles" value="/Users/chaidir.pratama01/Katalon Studio/IST_Automation_Git/Reports/20210122_104222/RTD/TS_Partner_Disbursement/20210122_104228/execution0.log"/>
         <property name="attachments" value="/Users/chaidir.pratama01/Documents/Docs/Katalon Studio/Screenshot/test-Partner Disbursement.png, /Users/chaidir.pratama01/Katalon Studio/IST_Automation_Git/Reports/20210122_104222/RTD/TS_Partner_Disbursement/20210122_104228/1611288348356.png, /Users/chaidir.pratama01/Documents/Docs/Katalon Studio/Screenshot/test-Partner Disbursement.png, /Users/chaidir.pratama01/Katalon Studio/IST_Automation_Git/Reports/20210122_104222/RTD/TS_Partner_Disbursement/20210122_104228/1611288362650.png, /Users/chaidir.pratama01/Documents/Docs/Katalon Studio/Screenshot/test-Partner Disbursement.png, /Users/chaidir.pratama01/Katalon Studio/IST_Automation_Git/Reports/20210122_104222/RTD/TS_Partner_Disbursement/20210122_104228/1611288376824.png, /Users/chaidir.pratama01/Documents/Docs/Katalon Studio/Screenshot/test-Partner Disbursement.png, /Users/chaidir.pratama01/Katalon Studio/IST_Automation_Git/Reports/20210122_104222/RTD/TS_Partner_Disbursement/20210122_104228/1611288391004.png, /Users/chaidir.pratama01/Documents/Docs/Katalon Studio/Screenshot/test-Partner Disbursement.png, /Users/chaidir.pratama01/Documents/Docs/Katalon Studio/Screenshot/test-Partner Disbursement.png, /Users/chaidir.pratama01/Katalon Studio/IST_Automation_Git/Reports/20210122_104222/RTD/TS_Partner_Disbursement/20210122_104228/1611288419920.png, /Users/chaidir.pratama01/Documents/Docs/Katalon Studio/Screenshot/test-Partner Disbursement.png, /Users/chaidir.pratama01/Documents/Docs/Katalon Studio/Screenshot/test-Partner Disbursement.png, /Users/chaidir.pratama01/Katalon Studio/IST_Automation_Git/Reports/20210122_104222/RTD/TS_Partner_Disbursement/20210122_104228/1611288445485.png, /Users/chaidir.pratama01/Documents/Docs/Katalon Studio/Screenshot/test-Partner Disbursement.png, /Users/chaidir.pratama01/Katalon Studio/IST_Automation_Git/Reports/20210122_104222/RTD/TS_Partner_Disbursement/20210122_104228/1611288460040.png, /Users/chaidir.pratama01/Documents/Docs/Katalon Studio/Screenshot/test-Partner Disbursement.png, /Users/chaidir.pratama01/Documents/Docs/Katalon Studio/Screenshot/test-Partner Disbursement.png, /Users/chaidir.pratama01/Documents/Docs/Katalon Studio/Screenshot/test-Partner Disbursement.png, /Users/chaidir.pratama01/Katalon Studio/IST_Automation_Git/Reports/20210122_104222/RTD/TS_Partner_Disbursement/20210122_104228/1611288513913.png, /Users/chaidir.pratama01/Documents/Docs/Katalon Studio/Screenshot/test-Partner Disbursement.png, /Users/chaidir.pratama01/Katalon Studio/IST_Automation_Git/Reports/20210122_104222/RTD/TS_Partner_Disbursement/20210122_104228/1611288529511.png, /Users/chaidir.pratama01/Documents/Docs/Katalon Studio/Screenshot/test-Partner Disbursement.png, /Users/chaidir.pratama01/Documents/Docs/Katalon Studio/Screenshot/test-Partner Disbursement.png, /Users/chaidir.pratama01/Documents/Docs/Katalon Studio/Screenshot/test-Partner Disbursement.png, /Users/chaidir.pratama01/Katalon Studio/IST_Automation_Git/Reports/20210122_104222/RTD/TS_Partner_Disbursement/20210122_104228/1611288578508.png, /Users/chaidir.pratama01/Documents/Docs/Katalon Studio/Screenshot/test-Partner Disbursement.png, /Users/chaidir.pratama01/Documents/Docs/Katalon Studio/Screenshot/Download_data.png, /Users/chaidir.pratama01/Documents/Docs/Katalon Studio/Screenshot/test-Partner Disbursement.png, /Users/chaidir.pratama01/Documents/Docs/Katalon Studio/Screenshot/test-Partner Disbursement.png, /Users/chaidir.pratama01/Documents/Docs/Katalon Studio/Screenshot/test-Partner Disbursement.png, /Users/chaidir.pratama01/Katalon Studio/IST_Automation_Git/Reports/20210122_104222/RTD/TS_Partner_Disbursement/20210122_104228/1611288617564.png, /Users/chaidir.pratama01/Katalon Studio/IST_Automation_Git/Reports/20210122_104222/RTD/TS_Partner_Disbursement/20210122_104228/1611288649387.png"/>
         <property name="hostName" value="chaidir.pratama01 - localhost"/>
         <property name="os" value="Mac OS X 64bit"/>
         <property name="katalonVersion" value="7.6.0.${buildNumber}"/>
         <property name="browser" value="Chrome 87.0.4280.141"/>
         <property name="hostAddress" value="127.0.0.1"/>
         <property name="sessionId" value="45b0ce6f498127c0b17c7b09c9b019be"/>
         <property name="seleniumVersion" value="3.141.59"/>
         <property name="proxyInformation" value="ProxyInformation { proxyOption=NO_PROXY, proxyServerType=HTTP, username=, password=********, proxyServerAddress=, proxyServerPort=0, executionList=\&quot;\&quot;, isApplyToDesiredCapabilities=true }"/>
         <property name="platform" value="Mac OS X"/>
      </properties>
      <testcase name="Test Cases/RTD/Partner Disbursement/TC_Search_by_STATUS" time="247.341" classname="Test Cases/RTD/Partner Disbursement/TC_Search_by_STATUS" status="PASSED">
         <system-out><![CDATA[2021-01-22 11:05:35 - [TEST_CASE][PASSED] - Test Cases/RTD/Partner Disbursement/TC_Search_by_STATUS: Test Cases/RTD/Partner Disbursement/TC_Search_by_STATUS

2021-01-22 11:05:35 - [TEST_STEP][PASSED] - runFeatureFile("Include/features/IST_Real/RTD/Partner_Disbursement/Search_by_STATUS.feature"): Feature file: 'Include/features/IST_Real/RTD/Partner_Disbursement/Search_by_STATUS.feature' was passed

2021-01-22 11:05:35 - [MESSAGE][INFO] - Starting run keyword runFeatureFile: 'Include/features/IST_Real/RTD/Partner_Disbursement/Search_by_STATUS.feature' and extract report to folder: '/Users/chaidir.pratama01/Katalon Studio/IST_Automation_Git/Reports/20210122_104222/RTD/TS_Partner_Disbursement/20210122_104228/cucumber_report/1611288335590'...

2021-01-22 11:05:36 - [TEST_CASE][PASSED] - Start Test Case : SCENARIO Search by STATUS Eligible to Disburse: SCENARIO Search by STATUS Eligible to Disburse

2021-01-22 11:05:36 - [TEST_STEP][PASSED] - Go to ISTools: Go to ISTools

2021-01-22 11:05:36 - [MESSAGE][INFO] - Starting 'Chrome (headless)' driver

2021-01-22 11:05:36 - [MESSAGE][INFO] - User set preference: ['args', '[--start-maximized, --disable-gpu, --no-proxy-server, â€“-no-sandbox, --allow-running-insecure-content, --ignore-certificate-errors, window-size=1680,814, force-device-scale-factor=2, --lang=en-GB]']

2021-01-22 11:05:36 - [MESSAGE][INFO] - User set preference: ['prefs', '{download.default_directory=/Users/chaidir.pratama01/Katalon Studio/IST_Automation_Git/Download}']

2021-01-22 11:05:36 - [MESSAGE][INFO] - Action delay is set to 0 milliseconds

2021-01-22 11:05:37 - [MESSAGE][PASSED] - Browser is opened with url: ''

2021-01-22 11:05:39 - [MESSAGE][PASSED] - Navigate to 'https://dev-istools.homecredit.id/foundation/' successfully

2021-01-22 11:05:39 - [MESSAGE][PASSED] - Go to ISTools

2021-01-22 11:05:39 - [TEST_STEP][PASSED] - Login IST with valid credentials: Login IST with valid credentials

2021-01-22 11:05:39 - [MESSAGE][PASSED] - Text 'mobile.test' is set on object 'Object Repository/Page_/input_Username_j_username'

2021-01-22 11:05:39 - [MESSAGE][PASSED] - Text ****** has been set on object 'Object Repository/Page_/input_Password_j_password'

2021-01-22 11:05:39 - [MESSAGE][PASSED] - Object: 'Object Repository/Page_/button_Login' is clicked on

2021-01-22 11:05:39 - [MESSAGE][PASSED] - Login IST with valid credentials

2021-01-22 11:05:39 - [TEST_STEP][PASSED] - Login Success: Login Success

2021-01-22 11:05:39 - [MESSAGE][INFO] - Login Success

2021-01-22 11:05:40 - [MESSAGE][PASSED] - Current window maximized

2021-01-22 11:05:40 - [MESSAGE][PASSED] - Object 'Object Repository/Page_/h1_Welcome to IT Supporting Tools' is present

2021-01-22 11:05:40 - [MESSAGE][PASSED] - Login Success

2021-01-22 11:05:40 - [TEST_STEP][PASSED] - Select Arrow Menu "Real Time Disbursement": Select Arrow Menu "Real Time Disbursement"

2021-01-22 11:05:40 - [MESSAGE][PASSED] - Object: '' is clicked on

2021-01-22 11:05:40 - [MESSAGE][PASSED] - Select Arrow Menu "Real Time Disbursement"

2021-01-22 11:05:40 - [TEST_STEP][PASSED] - Select Menu "Partner Disbursement": Select Menu "Partner Disbursement"

2021-01-22 11:05:40 - [MESSAGE][PASSED] - Taking screenshot successfully
[[ATTACHMENT|/Users/chaidir.pratama01/Documents/Docs/Katalon Studio/Screenshot/test-Partner Disbursement.png]]

2021-01-22 11:05:40 - [MESSAGE][PASSED] - Object '' is present

2021-01-22 11:05:40 - [MESSAGE][PASSED] - Object: '' is clicked on

2021-01-22 11:05:40 - [MESSAGE][PASSED] - Wait for page load successfully

2021-01-22 11:05:40 - [MESSAGE][PASSED] - Select Menu "Partner Disbursement"

2021-01-22 11:05:40 - [TEST_STEP][PASSED] - Select STATUS "Eligible to disburse": Select STATUS "Eligible to disburse"

2021-01-22 11:05:41 - [MESSAGE][PASSED] - All options with value 'Eligible to disburse' are selected in object ''  using regular expression

2021-01-22 11:05:41 - [MESSAGE][PASSED] - Select STATUS "Eligible to disburse"

2021-01-22 11:05:41 - [TEST_STEP][PASSED] - Click button "Search": Click button "Search"

2021-01-22 11:05:41 - [MESSAGE][INFO] - >>>>>//Button[contains(text(),'Search')]

2021-01-22 11:05:44 - [MESSAGE][PASSED] - Object '' is present

2021-01-22 11:05:44 - [MESSAGE][PASSED] - Object: '' is clicked on

2021-01-22 11:05:44 - [MESSAGE][PASSED] - Switched to window with index: '0'

2021-01-22 11:05:44 - [MESSAGE][PASSED] - Click button "Search"

2021-01-22 11:05:44 - [TEST_STEP][PASSED] - Verify Search Result Presents: Verify Search Result Presents

2021-01-22 11:05:48 - [MESSAGE][INFO] - Unable to find the element located by 'By.xpath: //td[@style='display:none' and contains(text(),'-Empty-')]'. Please recheck the objects properties to make sure the desired element is located. 

2021-01-22 11:05:48 - [MESSAGE][WARNING] - com.kms.katalon.core.webui.exception.WebElementNotFoundException: Web element with id: '' located by '//td[@style='display:none' and contains(text(),'-Empty-')]' not found (Root cause: com.kms.katalon.core.exception.StepFailedException: com.kms.katalon.core.webui.exception.WebElementNotFoundException: Web element with id: '' located by '//td[@style='display:none' and contains(text(),'-Empty-')]' not found
	at com.kms.katalon.core.webui.keyword.internal.WebUIKeywordMain.stepFailed(WebUIKeywordMain.groovy:64)
	at com.kms.katalon.core.webui.keyword.builtin.VerifyElementPresentKeyword$_verifyElementPresent_closure1.doCall(VerifyElementPresentKeyword.groovy:85)
	at com.kms.katalon.core.webui.keyword.builtin.VerifyElementPresentKeyword$_verifyElementPresent_closure1.call(VerifyElementPresentKeyword.groovy)
	at com.kms.katalon.core.webui.keyword.internal.WebUIKeywordMain.runKeyword(WebUIKeywordMain.groovy:20)
	at com.kms.katalon.core.webui.keyword.builtin.VerifyElementPresentKeyword.verifyElementPresent(VerifyElementPresentKeyword.groovy:92)
	at com.kms.katalon.core.webui.keyword.builtin.VerifyElementPresentKeyword.execute(VerifyElementPresentKeyword.groovy:68)
	at com.kms.katalon.core.keyword.internal.KeywordExecutor.executeKeywordForPlatform(KeywordExecutor.groovy:73)
	at com.kms.katalon.core.webui.keyword.WebUiBuiltInKeywords.verifyElementPresent(WebUiBuiltInKeywords.groovy:1444)
	at com.kms.katalon.core.webui.keyword.WebUiBuiltInKeywords$verifyElementPresent$11.call(Unknown Source)
	at ist_real.Contract_Dispatcher.VerifyTblFilled(Contract_Dispatcher.groovy:1313)
	at ist_real.Contract_Dispatcher$VerifyTblFilled$0.call(Unknown Source)
	at RTD.Search_Result_Presents(RTD.groovy:191)
	at cucumber.runtime.Utils$1.call(Utils.java:26)
	at cucumber.runtime.Timeout.timeout(Timeout.java:16)
	at cucumber.runtime.Utils.invoke(Utils.java:20)
	at cucumber.runtime.java.JavaStepDefinition.execute(JavaStepDefinition.java:48)
	at cucumber.runtime.PickleStepDefinitionMatch.runStep(PickleStepDefinitionMatch.java:50)
	at cucumber.runner.TestStep.executeStep(TestStep.java:55)
	at cucumber.runner.TestStep.run(TestStep.java:42)
	at cucumber.runner.PickleStepTestStep.run(PickleStepTestStep.java:53)
	at cucumber.runner.TestCase.run(TestCase.java:47)
	at cucumber.runner.Runner.runPickle(Runner.java:44)
	at cucumber.runtime.Runtime.runFeature(Runtime.java:120)
	at cucumber.runtime.Runtime.run(Runtime.java:106)
	at cucumber.api.cli.Main.run(Main.java:35)
	at cucumber.api.cli.Main$run.call(Unknown Source)
	at com.kms.katalon.core.cucumber.keyword.CucumberBuiltinKeywords$_runFeatureFile_closure1.doCall(CucumberBuiltinKeywords.groovy:76)
	at com.kms.katalon.core.cucumber.keyword.CucumberBuiltinKeywords$_runFeatureFile_closure1.doCall(CucumberBuiltinKeywords.groovy)
	at com.kms.katalon.core.keyword.internal.KeywordMain.runKeyword(KeywordMain.groovy:68)
	at com.kms.katalon.core.keyword.internal.KeywordMain$runKeyword.call(Unknown Source)
	at com.kms.katalon.core.cucumber.keyword.CucumberBuiltinKeywords.runFeatureFile(CucumberBuiltinKeywords.groovy:46)
	at com.kms.katalon.core.cucumber.keyword.CucumberBuiltinKeywords$runFeatureFile$0.callStatic(Unknown Source)
	at com.kms.katalon.core.cucumber.keyword.CucumberBuiltinKeywords.runFeatureFile(CucumberBuiltinKeywords.groovy:169)
	at com.kms.katalon.core.cucumber.keyword.CucumberBuiltinKeywords$runFeatureFile.call(Unknown Source)
	at TC_Search_by_STATUS.run(TC_Search_by_STATUS:18)
	at com.kms.katalon.core.main.ScriptEngine.run(ScriptEngine.java:194)
	at com.kms.katalon.core.main.ScriptEngine.runScriptAsRawText(ScriptEngine.java:119)
	at com.kms.katalon.core.main.TestCaseExecutor.runScript(TestCaseExecutor.java:339)
	at com.kms.katalon.core.main.TestCaseExecutor.doExecute(TestCaseExecutor.java:330)
	at com.kms.katalon.core.main.TestCaseExecutor.processExecutionPhase(TestCaseExecutor.java:309)
	at com.kms.katalon.core.main.TestCaseExecutor.accessMainPhase(TestCaseExecutor.java:301)
	at com.kms.katalon.core.main.TestCaseExecutor.execute(TestCaseExecutor.java:235)
	at com.kms.katalon.core.main.TestSuiteExecutor.accessTestCaseMainPhase(TestSuiteExecutor.java:191)
	at com.kms.katalon.core.main.TestSuiteExecutor.accessTestSuiteMainPhase(TestSuiteExecutor.java:141)
	at com.kms.katalon.core.main.TestSuiteExecutor.execute(TestSuiteExecutor.java:90)
	at com.kms.katalon.core.main.TestCaseMain.startTestSuite(TestCaseMain.java:157)
	at com.kms.katalon.core.main.TestCaseMain$startTestSuite$0.call(Unknown Source)
	at TempTestSuite1611286948562.run(TempTestSuite1611286948562.groovy:39)
)
[[ATTACHMENT|/Users/chaidir.pratama01/Katalon Studio/IST_Automation_Git/Reports/20210122_104222/RTD/TS_Partner_Disbursement/20210122_104228/1611288348356.png]]

2021-01-22 11:05:49 - [MESSAGE][PASSED] - Verify Search Result Presents

2021-01-22 11:05:49 - [TEST_STEP][PASSED] - Click button "Logout": Click button "Logout"

2021-01-22 11:05:49 - [MESSAGE][INFO] - >>>>>//Button[contains(text(),'Logout')]

2021-01-22 11:05:52 - [MESSAGE][PASSED] - Object '' is present

2021-01-22 11:05:52 - [MESSAGE][PASSED] - Object: '' is clicked on

2021-01-22 11:05:52 - [MESSAGE][PASSED] - Switched to window with index: '0'

2021-01-22 11:05:52 - [MESSAGE][PASSED] - Click button "Logout"

2021-01-22 11:05:52 - [TEST_STEP][PASSED] - Close browser: Close browser

2021-01-22 11:05:52 - [MESSAGE][PASSED] - Browser is closed

2021-01-22 11:05:52 - [MESSAGE][PASSED] - Close browser

2021-01-22 11:05:52 - [TEST_CASE][PASSED] - Start Test Case : SCENARIO Search by STATUS Waiting validation from Risk: SCENARIO Search by STATUS Waiting validation from Risk

2021-01-22 11:05:52 - [TEST_STEP][PASSED] - Go to ISTools: Go to ISTools

2021-01-22 11:05:52 - [MESSAGE][INFO] - Starting 'Chrome (headless)' driver

2021-01-22 11:05:52 - [MESSAGE][INFO] - User set preference: ['args', '[--start-maximized, --disable-gpu, --no-proxy-server, â€“-no-sandbox, --allow-running-insecure-content, --ignore-certificate-errors, window-size=1680,814, force-device-scale-factor=2, --lang=en-GB]']

2021-01-22 11:05:52 - [MESSAGE][INFO] - User set preference: ['prefs', '{download.default_directory=/Users/chaidir.pratama01/Katalon Studio/IST_Automation_Git/Download}']

2021-01-22 11:05:52 - [MESSAGE][INFO] - Action delay is set to 0 milliseconds

2021-01-22 11:05:52 - [MESSAGE][PASSED] - Browser is opened with url: ''

2021-01-22 11:05:53 - [MESSAGE][PASSED] - Navigate to 'https://dev-istools.homecredit.id/foundation/' successfully

2021-01-22 11:05:53 - [MESSAGE][PASSED] - Go to ISTools

2021-01-22 11:05:53 - [TEST_STEP][PASSED] - Login IST with valid credentials: Login IST with valid credentials

2021-01-22 11:05:53 - [MESSAGE][PASSED] - Text 'mobile.test' is set on object 'Object Repository/Page_/input_Username_j_username'

2021-01-22 11:05:53 - [MESSAGE][PASSED] - Text ****** has been set on object 'Object Repository/Page_/input_Password_j_password'

2021-01-22 11:05:54 - [MESSAGE][PASSED] - Object: 'Object Repository/Page_/button_Login' is clicked on

2021-01-22 11:05:54 - [MESSAGE][PASSED] - Login IST with valid credentials

2021-01-22 11:05:54 - [TEST_STEP][PASSED] - Login Success: Login Success

2021-01-22 11:05:54 - [MESSAGE][INFO] - Login Success

2021-01-22 11:05:54 - [MESSAGE][PASSED] - Current window maximized

2021-01-22 11:05:54 - [MESSAGE][PASSED] - Object 'Object Repository/Page_/h1_Welcome to IT Supporting Tools' is present

2021-01-22 11:05:54 - [MESSAGE][PASSED] - Login Success

2021-01-22 11:05:54 - [TEST_STEP][PASSED] - Select Arrow Menu "Real Time Disbursement": Select Arrow Menu "Real Time Disbursement"

2021-01-22 11:05:54 - [MESSAGE][PASSED] - Object: '' is clicked on

2021-01-22 11:05:54 - [MESSAGE][PASSED] - Select Arrow Menu "Real Time Disbursement"

2021-01-22 11:05:54 - [TEST_STEP][PASSED] - Select Menu "Partner Disbursement": Select Menu "Partner Disbursement"

2021-01-22 11:05:55 - [MESSAGE][PASSED] - Taking screenshot successfully
[[ATTACHMENT|/Users/chaidir.pratama01/Documents/Docs/Katalon Studio/Screenshot/test-Partner Disbursement.png]]

2021-01-22 11:05:55 - [MESSAGE][PASSED] - Object '' is present

2021-01-22 11:05:55 - [MESSAGE][PASSED] - Object: '' is clicked on

2021-01-22 11:05:55 - [MESSAGE][PASSED] - Wait for page load successfully

2021-01-22 11:05:55 - [MESSAGE][PASSED] - Select Menu "Partner Disbursement"

2021-01-22 11:05:55 - [TEST_STEP][PASSED] - Select STATUS "Waiting validation from Risk": Select STATUS "Waiting validation from Risk"

2021-01-22 11:05:55 - [MESSAGE][PASSED] - All options with value 'Waiting validation from Risk' are selected in object ''  using regular expression

2021-01-22 11:05:55 - [MESSAGE][PASSED] - Select STATUS "Waiting validation from Risk"

2021-01-22 11:05:55 - [TEST_STEP][PASSED] - Click button "Search": Click button "Search"

2021-01-22 11:05:55 - [MESSAGE][INFO] - >>>>>//Button[contains(text(),'Search')]

2021-01-22 11:05:58 - [MESSAGE][PASSED] - Object '' is present

2021-01-22 11:05:58 - [MESSAGE][PASSED] - Object: '' is clicked on

2021-01-22 11:05:58 - [MESSAGE][PASSED] - Switched to window with index: '0'

2021-01-22 11:05:58 - [MESSAGE][PASSED] - Click button "Search"

2021-01-22 11:05:58 - [TEST_STEP][PASSED] - Verify Search Result Presents: Verify Search Result Presents

2021-01-22 11:06:02 - [MESSAGE][INFO] - Unable to find the element located by 'By.xpath: //td[@style='display:none' and contains(text(),'-Empty-')]'. Please recheck the objects properties to make sure the desired element is located. 

2021-01-22 11:06:03 - [MESSAGE][WARNING] - com.kms.katalon.core.webui.exception.WebElementNotFoundException: Web element with id: '' located by '//td[@style='display:none' and contains(text(),'-Empty-')]' not found (Root cause: com.kms.katalon.core.exception.StepFailedException: com.kms.katalon.core.webui.exception.WebElementNotFoundException: Web element with id: '' located by '//td[@style='display:none' and contains(text(),'-Empty-')]' not found
	at com.kms.katalon.core.webui.keyword.internal.WebUIKeywordMain.stepFailed(WebUIKeywordMain.groovy:64)
	at com.kms.katalon.core.webui.keyword.builtin.VerifyElementPresentKeyword$_verifyElementPresent_closure1.doCall(VerifyElementPresentKeyword.groovy:85)
	at com.kms.katalon.core.webui.keyword.builtin.VerifyElementPresentKeyword$_verifyElementPresent_closure1.call(VerifyElementPresentKeyword.groovy)
	at com.kms.katalon.core.webui.keyword.internal.WebUIKeywordMain.runKeyword(WebUIKeywordMain.groovy:20)
	at com.kms.katalon.core.webui.keyword.builtin.VerifyElementPresentKeyword.verifyElementPresent(VerifyElementPresentKeyword.groovy:92)
	at com.kms.katalon.core.webui.keyword.builtin.VerifyElementPresentKeyword.execute(VerifyElementPresentKeyword.groovy:68)
	at com.kms.katalon.core.keyword.internal.KeywordExecutor.executeKeywordForPlatform(KeywordExecutor.groovy:73)
	at com.kms.katalon.core.webui.keyword.WebUiBuiltInKeywords.verifyElementPresent(WebUiBuiltInKeywords.groovy:1444)
	at com.kms.katalon.core.webui.keyword.WebUiBuiltInKeywords$verifyElementPresent$11.call(Unknown Source)
	at ist_real.Contract_Dispatcher.VerifyTblFilled(Contract_Dispatcher.groovy:1313)
	at ist_real.Contract_Dispatcher$VerifyTblFilled$0.call(Unknown Source)
	at RTD.Search_Result_Presents(RTD.groovy:191)
	at cucumber.runtime.Utils$1.call(Utils.java:26)
	at cucumber.runtime.Timeout.timeout(Timeout.java:16)
	at cucumber.runtime.Utils.invoke(Utils.java:20)
	at cucumber.runtime.java.JavaStepDefinition.execute(JavaStepDefinition.java:48)
	at cucumber.runtime.PickleStepDefinitionMatch.runStep(PickleStepDefinitionMatch.java:50)
	at cucumber.runner.TestStep.executeStep(TestStep.java:55)
	at cucumber.runner.TestStep.run(TestStep.java:42)
	at cucumber.runner.PickleStepTestStep.run(PickleStepTestStep.java:53)
	at cucumber.runner.TestCase.run(TestCase.java:47)
	at cucumber.runner.Runner.runPickle(Runner.java:44)
	at cucumber.runtime.Runtime.runFeature(Runtime.java:120)
	at cucumber.runtime.Runtime.run(Runtime.java:106)
	at cucumber.api.cli.Main.run(Main.java:35)
	at cucumber.api.cli.Main$run.call(Unknown Source)
	at com.kms.katalon.core.cucumber.keyword.CucumberBuiltinKeywords$_runFeatureFile_closure1.doCall(CucumberBuiltinKeywords.groovy:76)
	at com.kms.katalon.core.cucumber.keyword.CucumberBuiltinKeywords$_runFeatureFile_closure1.doCall(CucumberBuiltinKeywords.groovy)
	at com.kms.katalon.core.keyword.internal.KeywordMain.runKeyword(KeywordMain.groovy:68)
	at com.kms.katalon.core.keyword.internal.KeywordMain$runKeyword.call(Unknown Source)
	at com.kms.katalon.core.cucumber.keyword.CucumberBuiltinKeywords.runFeatureFile(CucumberBuiltinKeywords.groovy:46)
	at com.kms.katalon.core.cucumber.keyword.CucumberBuiltinKeywords$runFeatureFile$0.callStatic(Unknown Source)
	at com.kms.katalon.core.cucumber.keyword.CucumberBuiltinKeywords.runFeatureFile(CucumberBuiltinKeywords.groovy:169)
	at com.kms.katalon.core.cucumber.keyword.CucumberBuiltinKeywords$runFeatureFile.call(Unknown Source)
	at TC_Search_by_STATUS.run(TC_Search_by_STATUS:18)
	at com.kms.katalon.core.main.ScriptEngine.run(ScriptEngine.java:194)
	at com.kms.katalon.core.main.ScriptEngine.runScriptAsRawText(ScriptEngine.java:119)
	at com.kms.katalon.core.main.TestCaseExecutor.runScript(TestCaseExecutor.java:339)
	at com.kms.katalon.core.main.TestCaseExecutor.doExecute(TestCaseExecutor.java:330)
	at com.kms.katalon.core.main.TestCaseExecutor.processExecutionPhase(TestCaseExecutor.java:309)
	at com.kms.katalon.core.main.TestCaseExecutor.accessMainPhase(TestCaseExecutor.java:301)
	at com.kms.katalon.core.main.TestCaseExecutor.execute(TestCaseExecutor.java:235)
	at com.kms.katalon.core.main.TestSuiteExecutor.accessTestCaseMainPhase(TestSuiteExecutor.java:191)
	at com.kms.katalon.core.main.TestSuiteExecutor.accessTestSuiteMainPhase(TestSuiteExecutor.java:141)
	at com.kms.katalon.core.main.TestSuiteExecutor.execute(TestSuiteExecutor.java:90)
	at com.kms.katalon.core.main.TestCaseMain.startTestSuite(TestCaseMain.java:157)
	at com.kms.katalon.core.main.TestCaseMain$startTestSuite$0.call(Unknown Source)
	at TempTestSuite1611286948562.run(TempTestSuite1611286948562.groovy:39)
)
[[ATTACHMENT|/Users/chaidir.pratama01/Katalon Studio/IST_Automation_Git/Reports/20210122_104222/RTD/TS_Partner_Disbursement/20210122_104228/1611288362650.png]]

2021-01-22 11:06:03 - [MESSAGE][PASSED] - Verify Search Result Presents

2021-01-22 11:06:03 - [TEST_STEP][PASSED] - Click button "Logout": Click button "Logout"

2021-01-22 11:06:03 - [MESSAGE][INFO] - >>>>>//Button[contains(text(),'Logout')]

2021-01-22 11:06:06 - [MESSAGE][PASSED] - Object '' is present

2021-01-22 11:06:06 - [MESSAGE][PASSED] - Object: '' is clicked on

2021-01-22 11:06:06 - [MESSAGE][PASSED] - Switched to window with index: '0'

2021-01-22 11:06:06 - [MESSAGE][PASSED] - Click button "Logout"

2021-01-22 11:06:06 - [TEST_STEP][PASSED] - Close browser: Close browser

2021-01-22 11:06:06 - [MESSAGE][PASSED] - Browser is closed

2021-01-22 11:06:06 - [MESSAGE][PASSED] - Close browser

2021-01-22 11:06:06 - [TEST_CASE][PASSED] - Start Test Case : SCENARIO Search by STATUS Waiting validation from In Payment: SCENARIO Search by STATUS Waiting validation from In Payment

2021-01-22 11:06:06 - [TEST_STEP][PASSED] - Go to ISTools: Go to ISTools

2021-01-22 11:06:06 - [MESSAGE][INFO] - Starting 'Chrome (headless)' driver

2021-01-22 11:06:06 - [MESSAGE][INFO] - User set preference: ['args', '[--start-maximized, --disable-gpu, --no-proxy-server, â€“-no-sandbox, --allow-running-insecure-content, --ignore-certificate-errors, window-size=1680,814, force-device-scale-factor=2, --lang=en-GB]']

2021-01-22 11:06:06 - [MESSAGE][INFO] - User set preference: ['prefs', '{download.default_directory=/Users/chaidir.pratama01/Katalon Studio/IST_Automation_Git/Download}']

2021-01-22 11:06:06 - [MESSAGE][INFO] - Action delay is set to 0 milliseconds

2021-01-22 11:06:07 - [MESSAGE][PASSED] - Browser is opened with url: ''

2021-01-22 11:06:07 - [MESSAGE][PASSED] - Navigate to 'https://dev-istools.homecredit.id/foundation/' successfully

2021-01-22 11:06:07 - [MESSAGE][PASSED] - Go to ISTools

2021-01-22 11:06:07 - [TEST_STEP][PASSED] - Login IST with valid credentials: Login IST with valid credentials

2021-01-22 11:06:08 - [MESSAGE][PASSED] - Text 'mobile.test' is set on object 'Object Repository/Page_/input_Username_j_username'

2021-01-22 11:06:08 - [MESSAGE][PASSED] - Text ****** has been set on object 'Object Repository/Page_/input_Password_j_password'

2021-01-22 11:06:08 - [MESSAGE][PASSED] - Object: 'Object Repository/Page_/button_Login' is clicked on

2021-01-22 11:06:08 - [MESSAGE][PASSED] - Login IST with valid credentials

2021-01-22 11:06:08 - [TEST_STEP][PASSED] - Login Success: Login Success

2021-01-22 11:06:08 - [MESSAGE][INFO] - Login Success

2021-01-22 11:06:08 - [MESSAGE][PASSED] - Current window maximized

2021-01-22 11:06:08 - [MESSAGE][PASSED] - Object 'Object Repository/Page_/h1_Welcome to IT Supporting Tools' is present

2021-01-22 11:06:08 - [MESSAGE][PASSED] - Login Success

2021-01-22 11:06:08 - [TEST_STEP][PASSED] - Select Arrow Menu "Real Time Disbursement": Select Arrow Menu "Real Time Disbursement"

2021-01-22 11:06:08 - [MESSAGE][PASSED] - Object: '' is clicked on

2021-01-22 11:06:08 - [MESSAGE][PASSED] - Select Arrow Menu "Real Time Disbursement"

2021-01-22 11:06:08 - [TEST_STEP][PASSED] - Select Menu "Partner Disbursement": Select Menu "Partner Disbursement"

2021-01-22 11:06:09 - [MESSAGE][PASSED] - Taking screenshot successfully
[[ATTACHMENT|/Users/chaidir.pratama01/Documents/Docs/Katalon Studio/Screenshot/test-Partner Disbursement.png]]

2021-01-22 11:06:09 - [MESSAGE][PASSED] - Object '' is present

2021-01-22 11:06:09 - [MESSAGE][PASSED] - Object: '' is clicked on

2021-01-22 11:06:09 - [MESSAGE][PASSED] - Wait for page load successfully

2021-01-22 11:06:09 - [MESSAGE][PASSED] - Select Menu "Partner Disbursement"

2021-01-22 11:06:09 - [TEST_STEP][PASSED] - Select STATUS "Waiting validation from In Payment": Select STATUS "Waiting validation from In Payment"

2021-01-22 11:06:09 - [MESSAGE][PASSED] - All options with value 'Waiting validation from In Payment' are selected in object ''  using regular expression

2021-01-22 11:06:09 - [MESSAGE][PASSED] - Select STATUS "Waiting validation from In Payment"

2021-01-22 11:06:09 - [TEST_STEP][PASSED] - Click button "Search": Click button "Search"

2021-01-22 11:06:09 - [MESSAGE][INFO] - >>>>>//Button[contains(text(),'Search')]

2021-01-22 11:06:12 - [MESSAGE][PASSED] - Object '' is present

2021-01-22 11:06:12 - [MESSAGE][PASSED] - Object: '' is clicked on

2021-01-22 11:06:12 - [MESSAGE][PASSED] - Switched to window with index: '0'

2021-01-22 11:06:12 - [MESSAGE][PASSED] - Click button "Search"

2021-01-22 11:06:12 - [TEST_STEP][PASSED] - Verify Search Result Presents: Verify Search Result Presents

2021-01-22 11:06:16 - [MESSAGE][INFO] - Unable to find the element located by 'By.xpath: //td[@style='display:none' and contains(text(),'-Empty-')]'. Please recheck the objects properties to make sure the desired element is located. 

2021-01-22 11:06:17 - [MESSAGE][WARNING] - com.kms.katalon.core.webui.exception.WebElementNotFoundException: Web element with id: '' located by '//td[@style='display:none' and contains(text(),'-Empty-')]' not found (Root cause: com.kms.katalon.core.exception.StepFailedException: com.kms.katalon.core.webui.exception.WebElementNotFoundException: Web element with id: '' located by '//td[@style='display:none' and contains(text(),'-Empty-')]' not found
	at com.kms.katalon.core.webui.keyword.internal.WebUIKeywordMain.stepFailed(WebUIKeywordMain.groovy:64)
	at com.kms.katalon.core.webui.keyword.builtin.VerifyElementPresentKeyword$_verifyElementPresent_closure1.doCall(VerifyElementPresentKeyword.groovy:85)
	at com.kms.katalon.core.webui.keyword.builtin.VerifyElementPresentKeyword$_verifyElementPresent_closure1.call(VerifyElementPresentKeyword.groovy)
	at com.kms.katalon.core.webui.keyword.internal.WebUIKeywordMain.runKeyword(WebUIKeywordMain.groovy:20)
	at com.kms.katalon.core.webui.keyword.builtin.VerifyElementPresentKeyword.verifyElementPresent(VerifyElementPresentKeyword.groovy:92)
	at com.kms.katalon.core.webui.keyword.builtin.VerifyElementPresentKeyword.execute(VerifyElementPresentKeyword.groovy:68)
	at com.kms.katalon.core.keyword.internal.KeywordExecutor.executeKeywordForPlatform(KeywordExecutor.groovy:73)
	at com.kms.katalon.core.webui.keyword.WebUiBuiltInKeywords.verifyElementPresent(WebUiBuiltInKeywords.groovy:1444)
	at com.kms.katalon.core.webui.keyword.WebUiBuiltInKeywords$verifyElementPresent$11.call(Unknown Source)
	at ist_real.Contract_Dispatcher.VerifyTblFilled(Contract_Dispatcher.groovy:1313)
	at ist_real.Contract_Dispatcher$VerifyTblFilled$0.call(Unknown Source)
	at RTD.Search_Result_Presents(RTD.groovy:191)
	at cucumber.runtime.Utils$1.call(Utils.java:26)
	at cucumber.runtime.Timeout.timeout(Timeout.java:16)
	at cucumber.runtime.Utils.invoke(Utils.java:20)
	at cucumber.runtime.java.JavaStepDefinition.execute(JavaStepDefinition.java:48)
	at cucumber.runtime.PickleStepDefinitionMatch.runStep(PickleStepDefinitionMatch.java:50)
	at cucumber.runner.TestStep.executeStep(TestStep.java:55)
	at cucumber.runner.TestStep.run(TestStep.java:42)
	at cucumber.runner.PickleStepTestStep.run(PickleStepTestStep.java:53)
	at cucumber.runner.TestCase.run(TestCase.java:47)
	at cucumber.runner.Runner.runPickle(Runner.java:44)
	at cucumber.runtime.Runtime.runFeature(Runtime.java:120)
	at cucumber.runtime.Runtime.run(Runtime.java:106)
	at cucumber.api.cli.Main.run(Main.java:35)
	at cucumber.api.cli.Main$run.call(Unknown Source)
	at com.kms.katalon.core.cucumber.keyword.CucumberBuiltinKeywords$_runFeatureFile_closure1.doCall(CucumberBuiltinKeywords.groovy:76)
	at com.kms.katalon.core.cucumber.keyword.CucumberBuiltinKeywords$_runFeatureFile_closure1.doCall(CucumberBuiltinKeywords.groovy)
	at com.kms.katalon.core.keyword.internal.KeywordMain.runKeyword(KeywordMain.groovy:68)
	at com.kms.katalon.core.keyword.internal.KeywordMain$runKeyword.call(Unknown Source)
	at com.kms.katalon.core.cucumber.keyword.CucumberBuiltinKeywords.runFeatureFile(CucumberBuiltinKeywords.groovy:46)
	at com.kms.katalon.core.cucumber.keyword.CucumberBuiltinKeywords$runFeatureFile$0.callStatic(Unknown Source)
	at com.kms.katalon.core.cucumber.keyword.CucumberBuiltinKeywords.runFeatureFile(CucumberBuiltinKeywords.groovy:169)
	at com.kms.katalon.core.cucumber.keyword.CucumberBuiltinKeywords$runFeatureFile.call(Unknown Source)
	at TC_Search_by_STATUS.run(TC_Search_by_STATUS:18)
	at com.kms.katalon.core.main.ScriptEngine.run(ScriptEngine.java:194)
	at com.kms.katalon.core.main.ScriptEngine.runScriptAsRawText(ScriptEngine.java:119)
	at com.kms.katalon.core.main.TestCaseExecutor.runScript(TestCaseExecutor.java:339)
	at com.kms.katalon.core.main.TestCaseExecutor.doExecute(TestCaseExecutor.java:330)
	at com.kms.katalon.core.main.TestCaseExecutor.processExecutionPhase(TestCaseExecutor.java:309)
	at com.kms.katalon.core.main.TestCaseExecutor.accessMainPhase(TestCaseExecutor.java:301)
	at com.kms.katalon.core.main.TestCaseExecutor.execute(TestCaseExecutor.java:235)
	at com.kms.katalon.core.main.TestSuiteExecutor.accessTestCaseMainPhase(TestSuiteExecutor.java:191)
	at com.kms.katalon.core.main.TestSuiteExecutor.accessTestSuiteMainPhase(TestSuiteExecutor.java:141)
	at com.kms.katalon.core.main.TestSuiteExecutor.execute(TestSuiteExecutor.java:90)
	at com.kms.katalon.core.main.TestCaseMain.startTestSuite(TestCaseMain.java:157)
	at com.kms.katalon.core.main.TestCaseMain$startTestSuite$0.call(Unknown Source)
	at TempTestSuite1611286948562.run(TempTestSuite1611286948562.groovy:39)
)
[[ATTACHMENT|/Users/chaidir.pratama01/Katalon Studio/IST_Automation_Git/Reports/20210122_104222/RTD/TS_Partner_Disbursement/20210122_104228/1611288376824.png]]

2021-01-22 11:06:17 - [MESSAGE][PASSED] - Verify Search Result Presents

2021-01-22 11:06:17 - [TEST_STEP][PASSED] - Click button "Logout": Click button "Logout"

2021-01-22 11:06:17 - [MESSAGE][INFO] - >>>>>//Button[contains(text(),'Logout')]

2021-01-22 11:06:20 - [MESSAGE][PASSED] - Object '' is present

2021-01-22 11:06:20 - [MESSAGE][PASSED] - Object: '' is clicked on

2021-01-22 11:06:20 - [MESSAGE][PASSED] - Switched to window with index: '0'

2021-01-22 11:06:20 - [MESSAGE][PASSED] - Click button "Logout"

2021-01-22 11:06:20 - [TEST_STEP][PASSED] - Close browser: Close browser

2021-01-22 11:06:20 - [MESSAGE][PASSED] - Browser is closed

2021-01-22 11:06:20 - [MESSAGE][PASSED] - Close browser

2021-01-22 11:06:20 - [TEST_CASE][PASSED] - Start Test Case : SCENARIO Search by STATUS Not Eligible to Disburse: SCENARIO Search by STATUS Not Eligible to Disburse

2021-01-22 11:06:20 - [TEST_STEP][PASSED] - Go to ISTools: Go to ISTools

2021-01-22 11:06:20 - [MESSAGE][INFO] - Starting 'Chrome (headless)' driver

2021-01-22 11:06:20 - [MESSAGE][INFO] - User set preference: ['args', '[--start-maximized, --disable-gpu, --no-proxy-server, â€“-no-sandbox, --allow-running-insecure-content, --ignore-certificate-errors, window-size=1680,814, force-device-scale-factor=2, --lang=en-GB]']

2021-01-22 11:06:20 - [MESSAGE][INFO] - User set preference: ['prefs', '{download.default_directory=/Users/chaidir.pratama01/Katalon Studio/IST_Automation_Git/Download}']

2021-01-22 11:06:20 - [MESSAGE][INFO] - Action delay is set to 0 milliseconds

2021-01-22 11:06:21 - [MESSAGE][PASSED] - Browser is opened with url: ''

2021-01-22 11:06:22 - [MESSAGE][PASSED] - Navigate to 'https://dev-istools.homecredit.id/foundation/' successfully

2021-01-22 11:06:22 - [MESSAGE][PASSED] - Go to ISTools

2021-01-22 11:06:22 - [TEST_STEP][PASSED] - Login IST with valid credentials: Login IST with valid credentials

2021-01-22 11:06:22 - [MESSAGE][PASSED] - Text 'mobile.test' is set on object 'Object Repository/Page_/input_Username_j_username'

2021-01-22 11:06:22 - [MESSAGE][PASSED] - Text ****** has been set on object 'Object Repository/Page_/input_Password_j_password'

2021-01-22 11:06:22 - [MESSAGE][PASSED] - Object: 'Object Repository/Page_/button_Login' is clicked on

2021-01-22 11:06:22 - [MESSAGE][PASSED] - Login IST with valid credentials

2021-01-22 11:06:22 - [TEST_STEP][PASSED] - Login Success: Login Success

2021-01-22 11:06:22 - [MESSAGE][INFO] - Login Success

2021-01-22 11:06:22 - [MESSAGE][PASSED] - Current window maximized

2021-01-22 11:06:22 - [MESSAGE][PASSED] - Object 'Object Repository/Page_/h1_Welcome to IT Supporting Tools' is present

2021-01-22 11:06:22 - [MESSAGE][PASSED] - Login Success

2021-01-22 11:06:22 - [TEST_STEP][PASSED] - Select Arrow Menu "Real Time Disbursement": Select Arrow Menu "Real Time Disbursement"

2021-01-22 11:06:22 - [MESSAGE][PASSED] - Object: '' is clicked on

2021-01-22 11:06:22 - [MESSAGE][PASSED] - Select Arrow Menu "Real Time Disbursement"

2021-01-22 11:06:22 - [TEST_STEP][PASSED] - Select Menu "Partner Disbursement": Select Menu "Partner Disbursement"

2021-01-22 11:06:23 - [MESSAGE][PASSED] - Taking screenshot successfully
[[ATTACHMENT|/Users/chaidir.pratama01/Documents/Docs/Katalon Studio/Screenshot/test-Partner Disbursement.png]]

2021-01-22 11:06:23 - [MESSAGE][PASSED] - Object '' is present

2021-01-22 11:06:23 - [MESSAGE][PASSED] - Object: '' is clicked on

2021-01-22 11:06:23 - [MESSAGE][PASSED] - Wait for page load successfully

2021-01-22 11:06:23 - [MESSAGE][PASSED] - Select Menu "Partner Disbursement"

2021-01-22 11:06:23 - [TEST_STEP][PASSED] - Select STATUS "Not eligible to disburse": Select STATUS "Not eligible to disburse"

2021-01-22 11:06:23 - [MESSAGE][PASSED] - All options with value 'Not eligible to disburse' are selected in object ''  using regular expression

2021-01-22 11:06:23 - [MESSAGE][PASSED] - Select STATUS "Not eligible to disburse"

2021-01-22 11:06:23 - [TEST_STEP][PASSED] - Click button "Search": Click button "Search"

2021-01-22 11:06:23 - [MESSAGE][INFO] - >>>>>//Button[contains(text(),'Search')]

2021-01-22 11:06:26 - [MESSAGE][PASSED] - Object '' is present

2021-01-22 11:06:26 - [MESSAGE][PASSED] - Object: '' is clicked on

2021-01-22 11:06:26 - [MESSAGE][PASSED] - Switched to window with index: '0'

2021-01-22 11:06:26 - [MESSAGE][PASSED] - Click button "Search"

2021-01-22 11:06:26 - [TEST_STEP][PASSED] - Verify Search Result Presents: Verify Search Result Presents

2021-01-22 11:06:31 - [MESSAGE][INFO] - Unable to find the element located by 'By.xpath: //td[@style='display:none' and contains(text(),'-Empty-')]'. Please recheck the objects properties to make sure the desired element is located. 

2021-01-22 11:06:31 - [MESSAGE][WARNING] - com.kms.katalon.core.webui.exception.WebElementNotFoundException: Web element with id: '' located by '//td[@style='display:none' and contains(text(),'-Empty-')]' not found (Root cause: com.kms.katalon.core.exception.StepFailedException: com.kms.katalon.core.webui.exception.WebElementNotFoundException: Web element with id: '' located by '//td[@style='display:none' and contains(text(),'-Empty-')]' not found
	at com.kms.katalon.core.webui.keyword.internal.WebUIKeywordMain.stepFailed(WebUIKeywordMain.groovy:64)
	at com.kms.katalon.core.webui.keyword.builtin.VerifyElementPresentKeyword$_verifyElementPresent_closure1.doCall(VerifyElementPresentKeyword.groovy:85)
	at com.kms.katalon.core.webui.keyword.builtin.VerifyElementPresentKeyword$_verifyElementPresent_closure1.call(VerifyElementPresentKeyword.groovy)
	at com.kms.katalon.core.webui.keyword.internal.WebUIKeywordMain.runKeyword(WebUIKeywordMain.groovy:20)
	at com.kms.katalon.core.webui.keyword.builtin.VerifyElementPresentKeyword.verifyElementPresent(VerifyElementPresentKeyword.groovy:92)
	at com.kms.katalon.core.webui.keyword.builtin.VerifyElementPresentKeyword.execute(VerifyElementPresentKeyword.groovy:68)
	at com.kms.katalon.core.keyword.internal.KeywordExecutor.executeKeywordForPlatform(KeywordExecutor.groovy:73)
	at com.kms.katalon.core.webui.keyword.WebUiBuiltInKeywords.verifyElementPresent(WebUiBuiltInKeywords.groovy:1444)
	at com.kms.katalon.core.webui.keyword.WebUiBuiltInKeywords$verifyElementPresent$11.call(Unknown Source)
	at ist_real.Contract_Dispatcher.VerifyTblFilled(Contract_Dispatcher.groovy:1313)
	at ist_real.Contract_Dispatcher$VerifyTblFilled$0.call(Unknown Source)
	at RTD.Search_Result_Presents(RTD.groovy:191)
	at cucumber.runtime.Utils$1.call(Utils.java:26)
	at cucumber.runtime.Timeout.timeout(Timeout.java:16)
	at cucumber.runtime.Utils.invoke(Utils.java:20)
	at cucumber.runtime.java.JavaStepDefinition.execute(JavaStepDefinition.java:48)
	at cucumber.runtime.PickleStepDefinitionMatch.runStep(PickleStepDefinitionMatch.java:50)
	at cucumber.runner.TestStep.executeStep(TestStep.java:55)
	at cucumber.runner.TestStep.run(TestStep.java:42)
	at cucumber.runner.PickleStepTestStep.run(PickleStepTestStep.java:53)
	at cucumber.runner.TestCase.run(TestCase.java:47)
	at cucumber.runner.Runner.runPickle(Runner.java:44)
	at cucumber.runtime.Runtime.runFeature(Runtime.java:120)
	at cucumber.runtime.Runtime.run(Runtime.java:106)
	at cucumber.api.cli.Main.run(Main.java:35)
	at cucumber.api.cli.Main$run.call(Unknown Source)
	at com.kms.katalon.core.cucumber.keyword.CucumberBuiltinKeywords$_runFeatureFile_closure1.doCall(CucumberBuiltinKeywords.groovy:76)
	at com.kms.katalon.core.cucumber.keyword.CucumberBuiltinKeywords$_runFeatureFile_closure1.doCall(CucumberBuiltinKeywords.groovy)
	at com.kms.katalon.core.keyword.internal.KeywordMain.runKeyword(KeywordMain.groovy:68)
	at com.kms.katalon.core.keyword.internal.KeywordMain$runKeyword.call(Unknown Source)
	at com.kms.katalon.core.cucumber.keyword.CucumberBuiltinKeywords.runFeatureFile(CucumberBuiltinKeywords.groovy:46)
	at com.kms.katalon.core.cucumber.keyword.CucumberBuiltinKeywords$runFeatureFile$0.callStatic(Unknown Source)
	at com.kms.katalon.core.cucumber.keyword.CucumberBuiltinKeywords.runFeatureFile(CucumberBuiltinKeywords.groovy:169)
	at com.kms.katalon.core.cucumber.keyword.CucumberBuiltinKeywords$runFeatureFile.call(Unknown Source)
	at TC_Search_by_STATUS.run(TC_Search_by_STATUS:18)
	at com.kms.katalon.core.main.ScriptEngine.run(ScriptEngine.java:194)
	at com.kms.katalon.core.main.ScriptEngine.runScriptAsRawText(ScriptEngine.java:119)
	at com.kms.katalon.core.main.TestCaseExecutor.runScript(TestCaseExecutor.java:339)
	at com.kms.katalon.core.main.TestCaseExecutor.doExecute(TestCaseExecutor.java:330)
	at com.kms.katalon.core.main.TestCaseExecutor.processExecutionPhase(TestCaseExecutor.java:309)
	at com.kms.katalon.core.main.TestCaseExecutor.accessMainPhase(TestCaseExecutor.java:301)
	at com.kms.katalon.core.main.TestCaseExecutor.execute(TestCaseExecutor.java:235)
	at com.kms.katalon.core.main.TestSuiteExecutor.accessTestCaseMainPhase(TestSuiteExecutor.java:191)
	at com.kms.katalon.core.main.TestSuiteExecutor.accessTestSuiteMainPhase(TestSuiteExecutor.java:141)
	at com.kms.katalon.core.main.TestSuiteExecutor.execute(TestSuiteExecutor.java:90)
	at com.kms.katalon.core.main.TestCaseMain.startTestSuite(TestCaseMain.java:157)
	at com.kms.katalon.core.main.TestCaseMain$startTestSuite$0.call(Unknown Source)
	at TempTestSuite1611286948562.run(TempTestSuite1611286948562.groovy:39)
)
[[ATTACHMENT|/Users/chaidir.pratama01/Katalon Studio/IST_Automation_Git/Reports/20210122_104222/RTD/TS_Partner_Disbursement/20210122_104228/1611288391004.png]]

2021-01-22 11:06:31 - [MESSAGE][PASSED] - Verify Search Result Presents

2021-01-22 11:06:31 - [TEST_STEP][PASSED] - Click button "Logout": Click button "Logout"

2021-01-22 11:06:31 - [MESSAGE][INFO] - >>>>>//Button[contains(text(),'Logout')]

2021-01-22 11:06:34 - [MESSAGE][PASSED] - Object '' is present

2021-01-22 11:06:35 - [MESSAGE][PASSED] - Object: '' is clicked on

2021-01-22 11:06:35 - [MESSAGE][PASSED] - Switched to window with index: '0'

2021-01-22 11:06:35 - [MESSAGE][PASSED] - Click button "Logout"

2021-01-22 11:06:35 - [TEST_STEP][PASSED] - Close browser: Close browser

2021-01-22 11:06:35 - [MESSAGE][PASSED] - Browser is closed

2021-01-22 11:06:35 - [MESSAGE][PASSED] - Close browser

2021-01-22 11:06:35 - [TEST_CASE][PASSED] - Start Test Case : SCENARIO Search by STATUS Ready to disburse: SCENARIO Search by STATUS Ready to disburse

2021-01-22 11:06:35 - [TEST_STEP][PASSED] - Go to ISTools: Go to ISTools

2021-01-22 11:06:35 - [MESSAGE][INFO] - Starting 'Chrome (headless)' driver

2021-01-22 11:06:35 - [MESSAGE][INFO] - User set preference: ['args', '[--start-maximized, --disable-gpu, --no-proxy-server, â€“-no-sandbox, --allow-running-insecure-content, --ignore-certificate-errors, window-size=1680,814, force-device-scale-factor=2, --lang=en-GB]']

2021-01-22 11:06:35 - [MESSAGE][INFO] - User set preference: ['prefs', '{download.default_directory=/Users/chaidir.pratama01/Katalon Studio/IST_Automation_Git/Download}']

2021-01-22 11:06:35 - [MESSAGE][INFO] - Action delay is set to 0 milliseconds

2021-01-22 11:06:35 - [MESSAGE][PASSED] - Browser is opened with url: ''

2021-01-22 11:06:36 - [MESSAGE][PASSED] - Navigate to 'https://dev-istools.homecredit.id/foundation/' successfully

2021-01-22 11:06:36 - [MESSAGE][PASSED] - Go to ISTools

2021-01-22 11:06:36 - [TEST_STEP][PASSED] - Login IST with valid credentials: Login IST with valid credentials

2021-01-22 11:06:36 - [MESSAGE][PASSED] - Text 'mobile.test' is set on object 'Object Repository/Page_/input_Username_j_username'

2021-01-22 11:06:36 - [MESSAGE][PASSED] - Text ****** has been set on object 'Object Repository/Page_/input_Password_j_password'

2021-01-22 11:06:36 - [MESSAGE][PASSED] - Object: 'Object Repository/Page_/button_Login' is clicked on

2021-01-22 11:06:36 - [MESSAGE][PASSED] - Login IST with valid credentials

2021-01-22 11:06:36 - [TEST_STEP][PASSED] - Login Success: Login Success

2021-01-22 11:06:36 - [MESSAGE][INFO] - Login Success

2021-01-22 11:06:36 - [MESSAGE][PASSED] - Current window maximized

2021-01-22 11:06:37 - [MESSAGE][PASSED] - Object 'Object Repository/Page_/h1_Welcome to IT Supporting Tools' is present

2021-01-22 11:06:37 - [MESSAGE][PASSED] - Login Success

2021-01-22 11:06:37 - [TEST_STEP][PASSED] - Select Arrow Menu "Real Time Disbursement": Select Arrow Menu "Real Time Disbursement"

2021-01-22 11:06:37 - [MESSAGE][PASSED] - Object: '' is clicked on

2021-01-22 11:06:37 - [MESSAGE][PASSED] - Select Arrow Menu "Real Time Disbursement"

2021-01-22 11:06:37 - [TEST_STEP][PASSED] - Select Menu "Partner Disbursement": Select Menu "Partner Disbursement"

2021-01-22 11:06:37 - [MESSAGE][PASSED] - Taking screenshot successfully
[[ATTACHMENT|/Users/chaidir.pratama01/Documents/Docs/Katalon Studio/Screenshot/test-Partner Disbursement.png]]

2021-01-22 11:06:37 - [MESSAGE][PASSED] - Object '' is present

2021-01-22 11:06:37 - [MESSAGE][PASSED] - Object: '' is clicked on

2021-01-22 11:06:37 - [MESSAGE][PASSED] - Wait for page load successfully

2021-01-22 11:06:37 - [MESSAGE][PASSED] - Select Menu "Partner Disbursement"

2021-01-22 11:06:37 - [TEST_STEP][PASSED] - Select STATUS "Ready to disburse": Select STATUS "Ready to disburse"

2021-01-22 11:06:38 - [MESSAGE][PASSED] - All options with value 'Ready to disburse' are selected in object ''  using regular expression

2021-01-22 11:06:38 - [MESSAGE][PASSED] - Select STATUS "Ready to disburse"

2021-01-22 11:06:38 - [TEST_STEP][PASSED] - Click button "Search": Click button "Search"

2021-01-22 11:06:38 - [MESSAGE][INFO] - >>>>>//Button[contains(text(),'Search')]

2021-01-22 11:06:41 - [MESSAGE][PASSED] - Object '' is present

2021-01-22 11:06:41 - [MESSAGE][PASSED] - Object: '' is clicked on

2021-01-22 11:06:41 - [MESSAGE][PASSED] - Switched to window with index: '0'

2021-01-22 11:06:41 - [MESSAGE][PASSED] - Click button "Search"

2021-01-22 11:06:41 - [TEST_STEP][PASSED] - Verify Search Result Presents: Verify Search Result Presents

2021-01-22 11:06:41 - [MESSAGE][PASSED] - Object '' is present

2021-01-22 11:06:46 - [MESSAGE][PASSED] - Verify Search Result Presents

2021-01-22 11:06:46 - [TEST_STEP][PASSED] - Click button "Logout": Click button "Logout"

2021-01-22 11:06:46 - [MESSAGE][INFO] - >>>>>//Button[contains(text(),'Logout')]

2021-01-22 11:06:49 - [MESSAGE][PASSED] - Object '' is present

2021-01-22 11:06:49 - [MESSAGE][PASSED] - Object: '' is clicked on

2021-01-22 11:06:49 - [MESSAGE][PASSED] - Switched to window with index: '0'

2021-01-22 11:06:49 - [MESSAGE][PASSED] - Click button "Logout"

2021-01-22 11:06:49 - [TEST_STEP][PASSED] - Close browser: Close browser

2021-01-22 11:06:49 - [MESSAGE][PASSED] - Browser is closed

2021-01-22 11:06:49 - [MESSAGE][PASSED] - Close browser

2021-01-22 11:06:49 - [TEST_CASE][PASSED] - Start Test Case : SCENARIO Search by STATUS Failed due to invalid bank account: SCENARIO Search by STATUS Failed due to invalid bank account

2021-01-22 11:06:49 - [TEST_STEP][PASSED] - Go to ISTools: Go to ISTools

2021-01-22 11:06:49 - [MESSAGE][INFO] - Starting 'Chrome (headless)' driver

2021-01-22 11:06:49 - [MESSAGE][INFO] - User set preference: ['args', '[--start-maximized, --disable-gpu, --no-proxy-server, â€“-no-sandbox, --allow-running-insecure-content, --ignore-certificate-errors, window-size=1680,814, force-device-scale-factor=2, --lang=en-GB]']

2021-01-22 11:06:49 - [MESSAGE][INFO] - User set preference: ['prefs', '{download.default_directory=/Users/chaidir.pratama01/Katalon Studio/IST_Automation_Git/Download}']

2021-01-22 11:06:49 - [MESSAGE][INFO] - Action delay is set to 0 milliseconds

2021-01-22 11:06:49 - [MESSAGE][PASSED] - Browser is opened with url: ''

2021-01-22 11:06:50 - [MESSAGE][PASSED] - Navigate to 'https://dev-istools.homecredit.id/foundation/' successfully

2021-01-22 11:06:50 - [MESSAGE][PASSED] - Go to ISTools

2021-01-22 11:06:50 - [TEST_STEP][PASSED] - Login IST with valid credentials: Login IST with valid credentials

2021-01-22 11:06:50 - [MESSAGE][PASSED] - Text 'mobile.test' is set on object 'Object Repository/Page_/input_Username_j_username'

2021-01-22 11:06:51 - [MESSAGE][PASSED] - Text ****** has been set on object 'Object Repository/Page_/input_Password_j_password'

2021-01-22 11:06:51 - [MESSAGE][PASSED] - Object: 'Object Repository/Page_/button_Login' is clicked on

2021-01-22 11:06:51 - [MESSAGE][PASSED] - Login IST with valid credentials

2021-01-22 11:06:51 - [TEST_STEP][PASSED] - Login Success: Login Success

2021-01-22 11:06:51 - [MESSAGE][INFO] - Login Success

2021-01-22 11:06:51 - [MESSAGE][PASSED] - Current window maximized

2021-01-22 11:06:51 - [MESSAGE][PASSED] - Object 'Object Repository/Page_/h1_Welcome to IT Supporting Tools' is present

2021-01-22 11:06:51 - [MESSAGE][PASSED] - Login Success

2021-01-22 11:06:51 - [TEST_STEP][PASSED] - Select Arrow Menu "Real Time Disbursement": Select Arrow Menu "Real Time Disbursement"

2021-01-22 11:06:51 - [MESSAGE][PASSED] - Object: '' is clicked on

2021-01-22 11:06:51 - [MESSAGE][PASSED] - Select Arrow Menu "Real Time Disbursement"

2021-01-22 11:06:51 - [TEST_STEP][PASSED] - Select Menu "Partner Disbursement": Select Menu "Partner Disbursement"

2021-01-22 11:06:52 - [MESSAGE][PASSED] - Taking screenshot successfully
[[ATTACHMENT|/Users/chaidir.pratama01/Documents/Docs/Katalon Studio/Screenshot/test-Partner Disbursement.png]]

2021-01-22 11:06:52 - [MESSAGE][PASSED] - Object '' is present

2021-01-22 11:06:52 - [MESSAGE][PASSED] - Object: '' is clicked on

2021-01-22 11:06:52 - [MESSAGE][PASSED] - Wait for page load successfully

2021-01-22 11:06:52 - [MESSAGE][PASSED] - Select Menu "Partner Disbursement"

2021-01-22 11:06:52 - [TEST_STEP][PASSED] - Select STATUS "Failed due to invalid bank account": Select STATUS "Failed due to invalid bank account"

2021-01-22 11:06:52 - [MESSAGE][PASSED] - All options with value 'Failed due to invalid bank account' are selected in object ''  using regular expression

2021-01-22 11:06:52 - [MESSAGE][PASSED] - Select STATUS "Failed due to invalid bank account"

2021-01-22 11:06:52 - [TEST_STEP][PASSED] - Click button "Search": Click button "Search"

2021-01-22 11:06:52 - [MESSAGE][INFO] - >>>>>//Button[contains(text(),'Search')]

2021-01-22 11:06:55 - [MESSAGE][PASSED] - Object '' is present

2021-01-22 11:06:55 - [MESSAGE][PASSED] - Object: '' is clicked on

2021-01-22 11:06:55 - [MESSAGE][PASSED] - Switched to window with index: '0'

2021-01-22 11:06:55 - [MESSAGE][PASSED] - Click button "Search"

2021-01-22 11:06:55 - [TEST_STEP][PASSED] - Verify Search Result Presents: Verify Search Result Presents

2021-01-22 11:06:59 - [MESSAGE][INFO] - Unable to find the element located by 'By.xpath: //td[@style='display:none' and contains(text(),'-Empty-')]'. Please recheck the objects properties to make sure the desired element is located. 

2021-01-22 11:07:00 - [MESSAGE][WARNING] - com.kms.katalon.core.webui.exception.WebElementNotFoundException: Web element with id: '' located by '//td[@style='display:none' and contains(text(),'-Empty-')]' not found (Root cause: com.kms.katalon.core.exception.StepFailedException: com.kms.katalon.core.webui.exception.WebElementNotFoundException: Web element with id: '' located by '//td[@style='display:none' and contains(text(),'-Empty-')]' not found
	at com.kms.katalon.core.webui.keyword.internal.WebUIKeywordMain.stepFailed(WebUIKeywordMain.groovy:64)
	at com.kms.katalon.core.webui.keyword.builtin.VerifyElementPresentKeyword$_verifyElementPresent_closure1.doCall(VerifyElementPresentKeyword.groovy:85)
	at com.kms.katalon.core.webui.keyword.builtin.VerifyElementPresentKeyword$_verifyElementPresent_closure1.call(VerifyElementPresentKeyword.groovy)
	at com.kms.katalon.core.webui.keyword.internal.WebUIKeywordMain.runKeyword(WebUIKeywordMain.groovy:20)
	at com.kms.katalon.core.webui.keyword.builtin.VerifyElementPresentKeyword.verifyElementPresent(VerifyElementPresentKeyword.groovy:92)
	at com.kms.katalon.core.webui.keyword.builtin.VerifyElementPresentKeyword.execute(VerifyElementPresentKeyword.groovy:68)
	at com.kms.katalon.core.keyword.internal.KeywordExecutor.executeKeywordForPlatform(KeywordExecutor.groovy:73)
	at com.kms.katalon.core.webui.keyword.WebUiBuiltInKeywords.verifyElementPresent(WebUiBuiltInKeywords.groovy:1444)
	at com.kms.katalon.core.webui.keyword.WebUiBuiltInKeywords$verifyElementPresent$11.call(Unknown Source)
	at ist_real.Contract_Dispatcher.VerifyTblFilled(Contract_Dispatcher.groovy:1313)
	at ist_real.Contract_Dispatcher$VerifyTblFilled$0.call(Unknown Source)
	at RTD.Search_Result_Presents(RTD.groovy:191)
	at cucumber.runtime.Utils$1.call(Utils.java:26)
	at cucumber.runtime.Timeout.timeout(Timeout.java:16)
	at cucumber.runtime.Utils.invoke(Utils.java:20)
	at cucumber.runtime.java.JavaStepDefinition.execute(JavaStepDefinition.java:48)
	at cucumber.runtime.PickleStepDefinitionMatch.runStep(PickleStepDefinitionMatch.java:50)
	at cucumber.runner.TestStep.executeStep(TestStep.java:55)
	at cucumber.runner.TestStep.run(TestStep.java:42)
	at cucumber.runner.PickleStepTestStep.run(PickleStepTestStep.java:53)
	at cucumber.runner.TestCase.run(TestCase.java:47)
	at cucumber.runner.Runner.runPickle(Runner.java:44)
	at cucumber.runtime.Runtime.runFeature(Runtime.java:120)
	at cucumber.runtime.Runtime.run(Runtime.java:106)
	at cucumber.api.cli.Main.run(Main.java:35)
	at cucumber.api.cli.Main$run.call(Unknown Source)
	at com.kms.katalon.core.cucumber.keyword.CucumberBuiltinKeywords$_runFeatureFile_closure1.doCall(CucumberBuiltinKeywords.groovy:76)
	at com.kms.katalon.core.cucumber.keyword.CucumberBuiltinKeywords$_runFeatureFile_closure1.doCall(CucumberBuiltinKeywords.groovy)
	at com.kms.katalon.core.keyword.internal.KeywordMain.runKeyword(KeywordMain.groovy:68)
	at com.kms.katalon.core.keyword.internal.KeywordMain$runKeyword.call(Unknown Source)
	at com.kms.katalon.core.cucumber.keyword.CucumberBuiltinKeywords.runFeatureFile(CucumberBuiltinKeywords.groovy:46)
	at com.kms.katalon.core.cucumber.keyword.CucumberBuiltinKeywords$runFeatureFile$0.callStatic(Unknown Source)
	at com.kms.katalon.core.cucumber.keyword.CucumberBuiltinKeywords.runFeatureFile(CucumberBuiltinKeywords.groovy:169)
	at com.kms.katalon.core.cucumber.keyword.CucumberBuiltinKeywords$runFeatureFile.call(Unknown Source)
	at TC_Search_by_STATUS.run(TC_Search_by_STATUS:18)
	at com.kms.katalon.core.main.ScriptEngine.run(ScriptEngine.java:194)
	at com.kms.katalon.core.main.ScriptEngine.runScriptAsRawText(ScriptEngine.java:119)
	at com.kms.katalon.core.main.TestCaseExecutor.runScript(TestCaseExecutor.java:339)
	at com.kms.katalon.core.main.TestCaseExecutor.doExecute(TestCaseExecutor.java:330)
	at com.kms.katalon.core.main.TestCaseExecutor.processExecutionPhase(TestCaseExecutor.java:309)
	at com.kms.katalon.core.main.TestCaseExecutor.accessMainPhase(TestCaseExecutor.java:301)
	at com.kms.katalon.core.main.TestCaseExecutor.execute(TestCaseExecutor.java:235)
	at com.kms.katalon.core.main.TestSuiteExecutor.accessTestCaseMainPhase(TestSuiteExecutor.java:191)
	at com.kms.katalon.core.main.TestSuiteExecutor.accessTestSuiteMainPhase(TestSuiteExecutor.java:141)
	at com.kms.katalon.core.main.TestSuiteExecutor.execute(TestSuiteExecutor.java:90)
	at com.kms.katalon.core.main.TestCaseMain.startTestSuite(TestCaseMain.java:157)
	at com.kms.katalon.core.main.TestCaseMain$startTestSuite$0.call(Unknown Source)
	at TempTestSuite1611286948562.run(TempTestSuite1611286948562.groovy:39)
)
[[ATTACHMENT|/Users/chaidir.pratama01/Katalon Studio/IST_Automation_Git/Reports/20210122_104222/RTD/TS_Partner_Disbursement/20210122_104228/1611288419920.png]]

2021-01-22 11:07:00 - [MESSAGE][PASSED] - Verify Search Result Presents

2021-01-22 11:07:00 - [TEST_STEP][PASSED] - Click button "Logout": Click button "Logout"

2021-01-22 11:07:00 - [MESSAGE][INFO] - >>>>>//Button[contains(text(),'Logout')]

2021-01-22 11:07:03 - [MESSAGE][PASSED] - Object '' is present

2021-01-22 11:07:04 - [MESSAGE][PASSED] - Object: '' is clicked on

2021-01-22 11:07:04 - [MESSAGE][PASSED] - Switched to window with index: '0'

2021-01-22 11:07:04 - [MESSAGE][PASSED] - Click button "Logout"

2021-01-22 11:07:04 - [TEST_STEP][PASSED] - Close browser: Close browser

2021-01-22 11:07:04 - [MESSAGE][PASSED] - Browser is closed

2021-01-22 11:07:04 - [MESSAGE][PASSED] - Close browser

2021-01-22 11:07:04 - [TEST_CASE][PASSED] - Start Test Case : SCENARIO Search by STATUS Failed due to system error: SCENARIO Search by STATUS Failed due to system error

2021-01-22 11:07:04 - [TEST_STEP][PASSED] - Go to ISTools: Go to ISTools

2021-01-22 11:07:04 - [MESSAGE][INFO] - Starting 'Chrome (headless)' driver

2021-01-22 11:07:04 - [MESSAGE][INFO] - User set preference: ['args', '[--start-maximized, --disable-gpu, --no-proxy-server, â€“-no-sandbox, --allow-running-insecure-content, --ignore-certificate-errors, window-size=1680,814, force-device-scale-factor=2, --lang=en-GB]']

2021-01-22 11:07:04 - [MESSAGE][INFO] - User set preference: ['prefs', '{download.default_directory=/Users/chaidir.pratama01/Katalon Studio/IST_Automation_Git/Download}']

2021-01-22 11:07:04 - [MESSAGE][INFO] - Action delay is set to 0 milliseconds

2021-01-22 11:07:04 - [MESSAGE][PASSED] - Browser is opened with url: ''

2021-01-22 11:07:05 - [MESSAGE][PASSED] - Navigate to 'https://dev-istools.homecredit.id/foundation/' successfully

2021-01-22 11:07:05 - [MESSAGE][PASSED] - Go to ISTools

2021-01-22 11:07:05 - [TEST_STEP][PASSED] - Login IST with valid credentials: Login IST with valid credentials

2021-01-22 11:07:05 - [MESSAGE][PASSED] - Text 'mobile.test' is set on object 'Object Repository/Page_/input_Username_j_username'

2021-01-22 11:07:05 - [MESSAGE][PASSED] - Text ****** has been set on object 'Object Repository/Page_/input_Password_j_password'

2021-01-22 11:07:06 - [MESSAGE][PASSED] - Object: 'Object Repository/Page_/button_Login' is clicked on

2021-01-22 11:07:06 - [MESSAGE][PASSED] - Login IST with valid credentials

2021-01-22 11:07:06 - [TEST_STEP][PASSED] - Login Success: Login Success

2021-01-22 11:07:06 - [MESSAGE][INFO] - Login Success

2021-01-22 11:07:06 - [MESSAGE][PASSED] - Current window maximized

2021-01-22 11:07:06 - [MESSAGE][PASSED] - Object 'Object Repository/Page_/h1_Welcome to IT Supporting Tools' is present

2021-01-22 11:07:06 - [MESSAGE][PASSED] - Login Success

2021-01-22 11:07:06 - [TEST_STEP][PASSED] - Select Arrow Menu "Real Time Disbursement": Select Arrow Menu "Real Time Disbursement"

2021-01-22 11:07:06 - [MESSAGE][PASSED] - Object: '' is clicked on

2021-01-22 11:07:06 - [MESSAGE][PASSED] - Select Arrow Menu "Real Time Disbursement"

2021-01-22 11:07:06 - [TEST_STEP][PASSED] - Select Menu "Partner Disbursement": Select Menu "Partner Disbursement"

2021-01-22 11:07:06 - [MESSAGE][PASSED] - Taking screenshot successfully
[[ATTACHMENT|/Users/chaidir.pratama01/Documents/Docs/Katalon Studio/Screenshot/test-Partner Disbursement.png]]

2021-01-22 11:07:06 - [MESSAGE][PASSED] - Object '' is present

2021-01-22 11:07:06 - [MESSAGE][PASSED] - Object: '' is clicked on

2021-01-22 11:07:06 - [MESSAGE][PASSED] - Wait for page load successfully

2021-01-22 11:07:06 - [MESSAGE][PASSED] - Select Menu "Partner Disbursement"

2021-01-22 11:07:06 - [TEST_STEP][PASSED] - Select STATUS "Failed due to system error": Select STATUS "Failed due to system error"

2021-01-22 11:07:07 - [MESSAGE][PASSED] - All options with value 'Failed due to system error' are selected in object ''  using regular expression

2021-01-22 11:07:07 - [MESSAGE][PASSED] - Select STATUS "Failed due to system error"

2021-01-22 11:07:07 - [TEST_STEP][PASSED] - Click button "Search": Click button "Search"

2021-01-22 11:07:07 - [MESSAGE][INFO] - >>>>>//Button[contains(text(),'Search')]

2021-01-22 11:07:10 - [MESSAGE][PASSED] - Object '' is present

2021-01-22 11:07:10 - [MESSAGE][PASSED] - Object: '' is clicked on

2021-01-22 11:07:10 - [MESSAGE][PASSED] - Switched to window with index: '0'

2021-01-22 11:07:10 - [MESSAGE][PASSED] - Click button "Search"

2021-01-22 11:07:10 - [TEST_STEP][PASSED] - Verify Search Result Presents: Verify Search Result Presents

2021-01-22 11:07:10 - [MESSAGE][PASSED] - Object '' is present

2021-01-22 11:07:12 - [MESSAGE][PASSED] - Verify Search Result Presents

2021-01-22 11:07:12 - [TEST_STEP][PASSED] - Click button "Logout": Click button "Logout"

2021-01-22 11:07:12 - [MESSAGE][INFO] - >>>>>//Button[contains(text(),'Logout')]

2021-01-22 11:07:15 - [MESSAGE][PASSED] - Object '' is present

2021-01-22 11:07:15 - [MESSAGE][PASSED] - Object: '' is clicked on

2021-01-22 11:07:15 - [MESSAGE][PASSED] - Switched to window with index: '0'

2021-01-22 11:07:15 - [MESSAGE][PASSED] - Click button "Logout"

2021-01-22 11:07:15 - [TEST_STEP][PASSED] - Close browser: Close browser

2021-01-22 11:07:15 - [MESSAGE][PASSED] - Browser is closed

2021-01-22 11:07:15 - [MESSAGE][PASSED] - Close browser

2021-01-22 11:07:15 - [TEST_CASE][PASSED] - Start Test Case : SCENARIO Search by STATUS Failed due to insufficient fund: SCENARIO Search by STATUS Failed due to insufficient fund

2021-01-22 11:07:15 - [TEST_STEP][PASSED] - Go to ISTools: Go to ISTools

2021-01-22 11:07:15 - [MESSAGE][INFO] - Starting 'Chrome (headless)' driver

2021-01-22 11:07:15 - [MESSAGE][INFO] - User set preference: ['args', '[--start-maximized, --disable-gpu, --no-proxy-server, â€“-no-sandbox, --allow-running-insecure-content, --ignore-certificate-errors, window-size=1680,814, force-device-scale-factor=2, --lang=en-GB]']

2021-01-22 11:07:15 - [MESSAGE][INFO] - User set preference: ['prefs', '{download.default_directory=/Users/chaidir.pratama01/Katalon Studio/IST_Automation_Git/Download}']

2021-01-22 11:07:15 - [MESSAGE][INFO] - Action delay is set to 0 milliseconds

2021-01-22 11:07:15 - [MESSAGE][PASSED] - Browser is opened with url: ''

2021-01-22 11:07:16 - [MESSAGE][PASSED] - Navigate to 'https://dev-istools.homecredit.id/foundation/' successfully

2021-01-22 11:07:16 - [MESSAGE][PASSED] - Go to ISTools

2021-01-22 11:07:16 - [TEST_STEP][PASSED] - Login IST with valid credentials: Login IST with valid credentials

2021-01-22 11:07:16 - [MESSAGE][PASSED] - Text 'mobile.test' is set on object 'Object Repository/Page_/input_Username_j_username'

2021-01-22 11:07:16 - [MESSAGE][PASSED] - Text ****** has been set on object 'Object Repository/Page_/input_Password_j_password'

2021-01-22 11:07:17 - [MESSAGE][PASSED] - Object: 'Object Repository/Page_/button_Login' is clicked on

2021-01-22 11:07:17 - [MESSAGE][PASSED] - Login IST with valid credentials

2021-01-22 11:07:17 - [TEST_STEP][PASSED] - Login Success: Login Success

2021-01-22 11:07:17 - [MESSAGE][INFO] - Login Success

2021-01-22 11:07:17 - [MESSAGE][PASSED] - Current window maximized

2021-01-22 11:07:17 - [MESSAGE][PASSED] - Object 'Object Repository/Page_/h1_Welcome to IT Supporting Tools' is present

2021-01-22 11:07:17 - [MESSAGE][PASSED] - Login Success

2021-01-22 11:07:17 - [TEST_STEP][PASSED] - Select Arrow Menu "Real Time Disbursement": Select Arrow Menu "Real Time Disbursement"

2021-01-22 11:07:17 - [MESSAGE][PASSED] - Object: '' is clicked on

2021-01-22 11:07:17 - [MESSAGE][PASSED] - Select Arrow Menu "Real Time Disbursement"

2021-01-22 11:07:17 - [TEST_STEP][PASSED] - Select Menu "Partner Disbursement": Select Menu "Partner Disbursement"

2021-01-22 11:07:17 - [MESSAGE][PASSED] - Taking screenshot successfully
[[ATTACHMENT|/Users/chaidir.pratama01/Documents/Docs/Katalon Studio/Screenshot/test-Partner Disbursement.png]]

2021-01-22 11:07:17 - [MESSAGE][PASSED] - Object '' is present

2021-01-22 11:07:17 - [MESSAGE][PASSED] - Object: '' is clicked on

2021-01-22 11:07:17 - [MESSAGE][PASSED] - Wait for page load successfully

2021-01-22 11:07:17 - [MESSAGE][PASSED] - Select Menu "Partner Disbursement"

2021-01-22 11:07:17 - [TEST_STEP][PASSED] - Select STATUS "Failed due to insufficient fund": Select STATUS "Failed due to insufficient fund"

2021-01-22 11:07:18 - [MESSAGE][PASSED] - All options with value 'Failed due to insufficient fund' are selected in object ''  using regular expression

2021-01-22 11:07:18 - [MESSAGE][PASSED] - Select STATUS "Failed due to insufficient fund"

2021-01-22 11:07:18 - [TEST_STEP][PASSED] - Click button "Search": Click button "Search"

2021-01-22 11:07:18 - [MESSAGE][INFO] - >>>>>//Button[contains(text(),'Search')]

2021-01-22 11:07:21 - [MESSAGE][PASSED] - Object '' is present

2021-01-22 11:07:21 - [MESSAGE][PASSED] - Object: '' is clicked on

2021-01-22 11:07:21 - [MESSAGE][PASSED] - Switched to window with index: '0'

2021-01-22 11:07:21 - [MESSAGE][PASSED] - Click button "Search"

2021-01-22 11:07:21 - [TEST_STEP][PASSED] - Verify Search Result Presents: Verify Search Result Presents

2021-01-22 11:07:25 - [MESSAGE][INFO] - Unable to find the element located by 'By.xpath: //td[@style='display:none' and contains(text(),'-Empty-')]'. Please recheck the objects properties to make sure the desired element is located. 

2021-01-22 11:07:25 - [MESSAGE][WARNING] - com.kms.katalon.core.webui.exception.WebElementNotFoundException: Web element with id: '' located by '//td[@style='display:none' and contains(text(),'-Empty-')]' not found (Root cause: com.kms.katalon.core.exception.StepFailedException: com.kms.katalon.core.webui.exception.WebElementNotFoundException: Web element with id: '' located by '//td[@style='display:none' and contains(text(),'-Empty-')]' not found
	at com.kms.katalon.core.webui.keyword.internal.WebUIKeywordMain.stepFailed(WebUIKeywordMain.groovy:64)
	at com.kms.katalon.core.webui.keyword.builtin.VerifyElementPresentKeyword$_verifyElementPresent_closure1.doCall(VerifyElementPresentKeyword.groovy:85)
	at com.kms.katalon.core.webui.keyword.builtin.VerifyElementPresentKeyword$_verifyElementPresent_closure1.call(VerifyElementPresentKeyword.groovy)
	at com.kms.katalon.core.webui.keyword.internal.WebUIKeywordMain.runKeyword(WebUIKeywordMain.groovy:20)
	at com.kms.katalon.core.webui.keyword.builtin.VerifyElementPresentKeyword.verifyElementPresent(VerifyElementPresentKeyword.groovy:92)
	at com.kms.katalon.core.webui.keyword.builtin.VerifyElementPresentKeyword.execute(VerifyElementPresentKeyword.groovy:68)
	at com.kms.katalon.core.keyword.internal.KeywordExecutor.executeKeywordForPlatform(KeywordExecutor.groovy:73)
	at com.kms.katalon.core.webui.keyword.WebUiBuiltInKeywords.verifyElementPresent(WebUiBuiltInKeywords.groovy:1444)
	at com.kms.katalon.core.webui.keyword.WebUiBuiltInKeywords$verifyElementPresent$11.call(Unknown Source)
	at ist_real.Contract_Dispatcher.VerifyTblFilled(Contract_Dispatcher.groovy:1313)
	at ist_real.Contract_Dispatcher$VerifyTblFilled$0.call(Unknown Source)
	at RTD.Search_Result_Presents(RTD.groovy:191)
	at cucumber.runtime.Utils$1.call(Utils.java:26)
	at cucumber.runtime.Timeout.timeout(Timeout.java:16)
	at cucumber.runtime.Utils.invoke(Utils.java:20)
	at cucumber.runtime.java.JavaStepDefinition.execute(JavaStepDefinition.java:48)
	at cucumber.runtime.PickleStepDefinitionMatch.runStep(PickleStepDefinitionMatch.java:50)
	at cucumber.runner.TestStep.executeStep(TestStep.java:55)
	at cucumber.runner.TestStep.run(TestStep.java:42)
	at cucumber.runner.PickleStepTestStep.run(PickleStepTestStep.java:53)
	at cucumber.runner.TestCase.run(TestCase.java:47)
	at cucumber.runner.Runner.runPickle(Runner.java:44)
	at cucumber.runtime.Runtime.runFeature(Runtime.java:120)
	at cucumber.runtime.Runtime.run(Runtime.java:106)
	at cucumber.api.cli.Main.run(Main.java:35)
	at cucumber.api.cli.Main$run.call(Unknown Source)
	at com.kms.katalon.core.cucumber.keyword.CucumberBuiltinKeywords$_runFeatureFile_closure1.doCall(CucumberBuiltinKeywords.groovy:76)
	at com.kms.katalon.core.cucumber.keyword.CucumberBuiltinKeywords$_runFeatureFile_closure1.doCall(CucumberBuiltinKeywords.groovy)
	at com.kms.katalon.core.keyword.internal.KeywordMain.runKeyword(KeywordMain.groovy:68)
	at com.kms.katalon.core.keyword.internal.KeywordMain$runKeyword.call(Unknown Source)
	at com.kms.katalon.core.cucumber.keyword.CucumberBuiltinKeywords.runFeatureFile(CucumberBuiltinKeywords.groovy:46)
	at com.kms.katalon.core.cucumber.keyword.CucumberBuiltinKeywords$runFeatureFile$0.callStatic(Unknown Source)
	at com.kms.katalon.core.cucumber.keyword.CucumberBuiltinKeywords.runFeatureFile(CucumberBuiltinKeywords.groovy:169)
	at com.kms.katalon.core.cucumber.keyword.CucumberBuiltinKeywords$runFeatureFile.call(Unknown Source)
	at TC_Search_by_STATUS.run(TC_Search_by_STATUS:18)
	at com.kms.katalon.core.main.ScriptEngine.run(ScriptEngine.java:194)
	at com.kms.katalon.core.main.ScriptEngine.runScriptAsRawText(ScriptEngine.java:119)
	at com.kms.katalon.core.main.TestCaseExecutor.runScript(TestCaseExecutor.java:339)
	at com.kms.katalon.core.main.TestCaseExecutor.doExecute(TestCaseExecutor.java:330)
	at com.kms.katalon.core.main.TestCaseExecutor.processExecutionPhase(TestCaseExecutor.java:309)
	at com.kms.katalon.core.main.TestCaseExecutor.accessMainPhase(TestCaseExecutor.java:301)
	at com.kms.katalon.core.main.TestCaseExecutor.execute(TestCaseExecutor.java:235)
	at com.kms.katalon.core.main.TestSuiteExecutor.accessTestCaseMainPhase(TestSuiteExecutor.java:191)
	at com.kms.katalon.core.main.TestSuiteExecutor.accessTestSuiteMainPhase(TestSuiteExecutor.java:141)
	at com.kms.katalon.core.main.TestSuiteExecutor.execute(TestSuiteExecutor.java:90)
	at com.kms.katalon.core.main.TestCaseMain.startTestSuite(TestCaseMain.java:157)
	at com.kms.katalon.core.main.TestCaseMain$startTestSuite$0.call(Unknown Source)
	at TempTestSuite1611286948562.run(TempTestSuite1611286948562.groovy:39)
)
[[ATTACHMENT|/Users/chaidir.pratama01/Katalon Studio/IST_Automation_Git/Reports/20210122_104222/RTD/TS_Partner_Disbursement/20210122_104228/1611288445485.png]]

2021-01-22 11:07:26 - [MESSAGE][PASSED] - Verify Search Result Presents

2021-01-22 11:07:26 - [TEST_STEP][PASSED] - Click button "Logout": Click button "Logout"

2021-01-22 11:07:26 - [MESSAGE][INFO] - >>>>>//Button[contains(text(),'Logout')]

2021-01-22 11:07:29 - [MESSAGE][PASSED] - Object '' is present

2021-01-22 11:07:29 - [MESSAGE][PASSED] - Object: '' is clicked on

2021-01-22 11:07:29 - [MESSAGE][PASSED] - Switched to window with index: '0'

2021-01-22 11:07:29 - [MESSAGE][PASSED] - Click button "Logout"

2021-01-22 11:07:29 - [TEST_STEP][PASSED] - Close browser: Close browser

2021-01-22 11:07:29 - [MESSAGE][PASSED] - Browser is closed

2021-01-22 11:07:29 - [MESSAGE][PASSED] - Close browser

2021-01-22 11:07:29 - [TEST_CASE][PASSED] - Start Test Case : SCENARIO Search by STATUS Failed due to not supported bank: SCENARIO Search by STATUS Failed due to not supported bank

2021-01-22 11:07:29 - [TEST_STEP][PASSED] - Go to ISTools: Go to ISTools

2021-01-22 11:07:29 - [MESSAGE][INFO] - Starting 'Chrome (headless)' driver

2021-01-22 11:07:29 - [MESSAGE][INFO] - User set preference: ['args', '[--start-maximized, --disable-gpu, --no-proxy-server, â€“-no-sandbox, --allow-running-insecure-content, --ignore-certificate-errors, window-size=1680,814, force-device-scale-factor=2, --lang=en-GB]']

2021-01-22 11:07:29 - [MESSAGE][INFO] - User set preference: ['prefs', '{download.default_directory=/Users/chaidir.pratama01/Katalon Studio/IST_Automation_Git/Download}']

2021-01-22 11:07:29 - [MESSAGE][INFO] - Action delay is set to 0 milliseconds

2021-01-22 11:07:29 - [MESSAGE][PASSED] - Browser is opened with url: ''

2021-01-22 11:07:31 - [MESSAGE][PASSED] - Navigate to 'https://dev-istools.homecredit.id/foundation/' successfully

2021-01-22 11:07:31 - [MESSAGE][PASSED] - Go to ISTools

2021-01-22 11:07:31 - [TEST_STEP][PASSED] - Login IST with valid credentials: Login IST with valid credentials

2021-01-22 11:07:31 - [MESSAGE][PASSED] - Text 'mobile.test' is set on object 'Object Repository/Page_/input_Username_j_username'

2021-01-22 11:07:31 - [MESSAGE][PASSED] - Text ****** has been set on object 'Object Repository/Page_/input_Password_j_password'

2021-01-22 11:07:31 - [MESSAGE][PASSED] - Object: 'Object Repository/Page_/button_Login' is clicked on

2021-01-22 11:07:31 - [MESSAGE][PASSED] - Login IST with valid credentials

2021-01-22 11:07:31 - [TEST_STEP][PASSED] - Login Success: Login Success

2021-01-22 11:07:31 - [MESSAGE][INFO] - Login Success

2021-01-22 11:07:31 - [MESSAGE][PASSED] - Current window maximized

2021-01-22 11:07:31 - [MESSAGE][PASSED] - Object 'Object Repository/Page_/h1_Welcome to IT Supporting Tools' is present

2021-01-22 11:07:31 - [MESSAGE][PASSED] - Login Success

2021-01-22 11:07:31 - [TEST_STEP][PASSED] - Select Arrow Menu "Real Time Disbursement": Select Arrow Menu "Real Time Disbursement"

2021-01-22 11:07:31 - [MESSAGE][PASSED] - Object: '' is clicked on

2021-01-22 11:07:31 - [MESSAGE][PASSED] - Select Arrow Menu "Real Time Disbursement"

2021-01-22 11:07:31 - [TEST_STEP][PASSED] - Select Menu "Partner Disbursement": Select Menu "Partner Disbursement"

2021-01-22 11:07:32 - [MESSAGE][PASSED] - Taking screenshot successfully
[[ATTACHMENT|/Users/chaidir.pratama01/Documents/Docs/Katalon Studio/Screenshot/test-Partner Disbursement.png]]

2021-01-22 11:07:32 - [MESSAGE][PASSED] - Object '' is present

2021-01-22 11:07:32 - [MESSAGE][PASSED] - Object: '' is clicked on

2021-01-22 11:07:32 - [MESSAGE][PASSED] - Wait for page load successfully

2021-01-22 11:07:32 - [MESSAGE][PASSED] - Select Menu "Partner Disbursement"

2021-01-22 11:07:32 - [TEST_STEP][PASSED] - Select STATUS "Failed due to not supported bank": Select STATUS "Failed due to not supported bank"

2021-01-22 11:07:32 - [MESSAGE][PASSED] - All options with value 'Failed due to not supported bank' are selected in object ''  using regular expression

2021-01-22 11:07:32 - [MESSAGE][PASSED] - Select STATUS "Failed due to not supported bank"

2021-01-22 11:07:32 - [TEST_STEP][PASSED] - Click button "Search": Click button "Search"

2021-01-22 11:07:32 - [MESSAGE][INFO] - >>>>>//Button[contains(text(),'Search')]

2021-01-22 11:07:35 - [MESSAGE][PASSED] - Object '' is present

2021-01-22 11:07:36 - [MESSAGE][PASSED] - Object: '' is clicked on

2021-01-22 11:07:36 - [MESSAGE][PASSED] - Switched to window with index: '0'

2021-01-22 11:07:36 - [MESSAGE][PASSED] - Click button "Search"

2021-01-22 11:07:36 - [TEST_STEP][PASSED] - Verify Search Result Presents: Verify Search Result Presents

2021-01-22 11:07:40 - [MESSAGE][INFO] - Unable to find the element located by 'By.xpath: //td[@style='display:none' and contains(text(),'-Empty-')]'. Please recheck the objects properties to make sure the desired element is located. 

2021-01-22 11:07:40 - [MESSAGE][WARNING] - com.kms.katalon.core.webui.exception.WebElementNotFoundException: Web element with id: '' located by '//td[@style='display:none' and contains(text(),'-Empty-')]' not found (Root cause: com.kms.katalon.core.exception.StepFailedException: com.kms.katalon.core.webui.exception.WebElementNotFoundException: Web element with id: '' located by '//td[@style='display:none' and contains(text(),'-Empty-')]' not found
	at com.kms.katalon.core.webui.keyword.internal.WebUIKeywordMain.stepFailed(WebUIKeywordMain.groovy:64)
	at com.kms.katalon.core.webui.keyword.builtin.VerifyElementPresentKeyword$_verifyElementPresent_closure1.doCall(VerifyElementPresentKeyword.groovy:85)
	at com.kms.katalon.core.webui.keyword.builtin.VerifyElementPresentKeyword$_verifyElementPresent_closure1.call(VerifyElementPresentKeyword.groovy)
	at com.kms.katalon.core.webui.keyword.internal.WebUIKeywordMain.runKeyword(WebUIKeywordMain.groovy:20)
	at com.kms.katalon.core.webui.keyword.builtin.VerifyElementPresentKeyword.verifyElementPresent(VerifyElementPresentKeyword.groovy:92)
	at com.kms.katalon.core.webui.keyword.builtin.VerifyElementPresentKeyword.execute(VerifyElementPresentKeyword.groovy:68)
	at com.kms.katalon.core.keyword.internal.KeywordExecutor.executeKeywordForPlatform(KeywordExecutor.groovy:73)
	at com.kms.katalon.core.webui.keyword.WebUiBuiltInKeywords.verifyElementPresent(WebUiBuiltInKeywords.groovy:1444)
	at com.kms.katalon.core.webui.keyword.WebUiBuiltInKeywords$verifyElementPresent$11.call(Unknown Source)
	at ist_real.Contract_Dispatcher.VerifyTblFilled(Contract_Dispatcher.groovy:1313)
	at ist_real.Contract_Dispatcher$VerifyTblFilled$0.call(Unknown Source)
	at RTD.Search_Result_Presents(RTD.groovy:191)
	at cucumber.runtime.Utils$1.call(Utils.java:26)
	at cucumber.runtime.Timeout.timeout(Timeout.java:16)
	at cucumber.runtime.Utils.invoke(Utils.java:20)
	at cucumber.runtime.java.JavaStepDefinition.execute(JavaStepDefinition.java:48)
	at cucumber.runtime.PickleStepDefinitionMatch.runStep(PickleStepDefinitionMatch.java:50)
	at cucumber.runner.TestStep.executeStep(TestStep.java:55)
	at cucumber.runner.TestStep.run(TestStep.java:42)
	at cucumber.runner.PickleStepTestStep.run(PickleStepTestStep.java:53)
	at cucumber.runner.TestCase.run(TestCase.java:47)
	at cucumber.runner.Runner.runPickle(Runner.java:44)
	at cucumber.runtime.Runtime.runFeature(Runtime.java:120)
	at cucumber.runtime.Runtime.run(Runtime.java:106)
	at cucumber.api.cli.Main.run(Main.java:35)
	at cucumber.api.cli.Main$run.call(Unknown Source)
	at com.kms.katalon.core.cucumber.keyword.CucumberBuiltinKeywords$_runFeatureFile_closure1.doCall(CucumberBuiltinKeywords.groovy:76)
	at com.kms.katalon.core.cucumber.keyword.CucumberBuiltinKeywords$_runFeatureFile_closure1.doCall(CucumberBuiltinKeywords.groovy)
	at com.kms.katalon.core.keyword.internal.KeywordMain.runKeyword(KeywordMain.groovy:68)
	at com.kms.katalon.core.keyword.internal.KeywordMain$runKeyword.call(Unknown Source)
	at com.kms.katalon.core.cucumber.keyword.CucumberBuiltinKeywords.runFeatureFile(CucumberBuiltinKeywords.groovy:46)
	at com.kms.katalon.core.cucumber.keyword.CucumberBuiltinKeywords$runFeatureFile$0.callStatic(Unknown Source)
	at com.kms.katalon.core.cucumber.keyword.CucumberBuiltinKeywords.runFeatureFile(CucumberBuiltinKeywords.groovy:169)
	at com.kms.katalon.core.cucumber.keyword.CucumberBuiltinKeywords$runFeatureFile.call(Unknown Source)
	at TC_Search_by_STATUS.run(TC_Search_by_STATUS:18)
	at com.kms.katalon.core.main.ScriptEngine.run(ScriptEngine.java:194)
	at com.kms.katalon.core.main.ScriptEngine.runScriptAsRawText(ScriptEngine.java:119)
	at com.kms.katalon.core.main.TestCaseExecutor.runScript(TestCaseExecutor.java:339)
	at com.kms.katalon.core.main.TestCaseExecutor.doExecute(TestCaseExecutor.java:330)
	at com.kms.katalon.core.main.TestCaseExecutor.processExecutionPhase(TestCaseExecutor.java:309)
	at com.kms.katalon.core.main.TestCaseExecutor.accessMainPhase(TestCaseExecutor.java:301)
	at com.kms.katalon.core.main.TestCaseExecutor.execute(TestCaseExecutor.java:235)
	at com.kms.katalon.core.main.TestSuiteExecutor.accessTestCaseMainPhase(TestSuiteExecutor.java:191)
	at com.kms.katalon.core.main.TestSuiteExecutor.accessTestSuiteMainPhase(TestSuiteExecutor.java:141)
	at com.kms.katalon.core.main.TestSuiteExecutor.execute(TestSuiteExecutor.java:90)
	at com.kms.katalon.core.main.TestCaseMain.startTestSuite(TestCaseMain.java:157)
	at com.kms.katalon.core.main.TestCaseMain$startTestSuite$0.call(Unknown Source)
	at TempTestSuite1611286948562.run(TempTestSuite1611286948562.groovy:39)
)
[[ATTACHMENT|/Users/chaidir.pratama01/Katalon Studio/IST_Automation_Git/Reports/20210122_104222/RTD/TS_Partner_Disbursement/20210122_104228/1611288460040.png]]

2021-01-22 11:07:40 - [MESSAGE][PASSED] - Verify Search Result Presents

2021-01-22 11:07:40 - [TEST_STEP][PASSED] - Click button "Logout": Click button "Logout"

2021-01-22 11:07:40 - [MESSAGE][INFO] - >>>>>//Button[contains(text(),'Logout')]

2021-01-22 11:07:43 - [MESSAGE][PASSED] - Object '' is present

2021-01-22 11:07:44 - [MESSAGE][PASSED] - Object: '' is clicked on

2021-01-22 11:07:44 - [MESSAGE][PASSED] - Switched to window with index: '0'

2021-01-22 11:07:44 - [MESSAGE][PASSED] - Click button "Logout"

2021-01-22 11:07:44 - [TEST_STEP][PASSED] - Close browser: Close browser

2021-01-22 11:07:44 - [MESSAGE][PASSED] - Browser is closed

2021-01-22 11:07:44 - [MESSAGE][PASSED] - Close browser

2021-01-22 11:07:44 - [TEST_CASE][PASSED] - Start Test Case : SCENARIO Search by STATUS Manual Disbursement: SCENARIO Search by STATUS Manual Disbursement

2021-01-22 11:07:44 - [TEST_STEP][PASSED] - Go to ISTools: Go to ISTools

2021-01-22 11:07:44 - [MESSAGE][INFO] - Starting 'Chrome (headless)' driver

2021-01-22 11:07:44 - [MESSAGE][INFO] - User set preference: ['args', '[--start-maximized, --disable-gpu, --no-proxy-server, â€“-no-sandbox, --allow-running-insecure-content, --ignore-certificate-errors, window-size=1680,814, force-device-scale-factor=2, --lang=en-GB]']

2021-01-22 11:07:44 - [MESSAGE][INFO] - User set preference: ['prefs', '{download.default_directory=/Users/chaidir.pratama01/Katalon Studio/IST_Automation_Git/Download}']

2021-01-22 11:07:44 - [MESSAGE][INFO] - Action delay is set to 0 milliseconds

2021-01-22 11:07:44 - [MESSAGE][PASSED] - Browser is opened with url: ''

2021-01-22 11:07:45 - [MESSAGE][PASSED] - Navigate to 'https://dev-istools.homecredit.id/foundation/' successfully

2021-01-22 11:07:45 - [MESSAGE][PASSED] - Go to ISTools

2021-01-22 11:07:45 - [TEST_STEP][PASSED] - Login IST with valid credentials: Login IST with valid credentials

2021-01-22 11:07:45 - [MESSAGE][PASSED] - Text 'mobile.test' is set on object 'Object Repository/Page_/input_Username_j_username'

2021-01-22 11:07:45 - [MESSAGE][PASSED] - Text ****** has been set on object 'Object Repository/Page_/input_Password_j_password'

2021-01-22 11:07:45 - [MESSAGE][PASSED] - Object: 'Object Repository/Page_/button_Login' is clicked on

2021-01-22 11:07:45 - [MESSAGE][PASSED] - Login IST with valid credentials

2021-01-22 11:07:45 - [TEST_STEP][PASSED] - Login Success: Login Success

2021-01-22 11:07:45 - [MESSAGE][INFO] - Login Success

2021-01-22 11:07:45 - [MESSAGE][PASSED] - Current window maximized

2021-01-22 11:07:45 - [MESSAGE][PASSED] - Object 'Object Repository/Page_/h1_Welcome to IT Supporting Tools' is present

2021-01-22 11:07:45 - [MESSAGE][PASSED] - Login Success

2021-01-22 11:07:45 - [TEST_STEP][PASSED] - Select Arrow Menu "Real Time Disbursement": Select Arrow Menu "Real Time Disbursement"

2021-01-22 11:07:46 - [MESSAGE][PASSED] - Object: '' is clicked on

2021-01-22 11:07:46 - [MESSAGE][PASSED] - Select Arrow Menu "Real Time Disbursement"

2021-01-22 11:07:46 - [TEST_STEP][PASSED] - Select Menu "Partner Disbursement": Select Menu "Partner Disbursement"

2021-01-22 11:07:46 - [MESSAGE][PASSED] - Taking screenshot successfully
[[ATTACHMENT|/Users/chaidir.pratama01/Documents/Docs/Katalon Studio/Screenshot/test-Partner Disbursement.png]]

2021-01-22 11:07:46 - [MESSAGE][PASSED] - Object '' is present

2021-01-22 11:07:46 - [MESSAGE][PASSED] - Object: '' is clicked on

2021-01-22 11:07:46 - [MESSAGE][PASSED] - Wait for page load successfully

2021-01-22 11:07:46 - [MESSAGE][PASSED] - Select Menu "Partner Disbursement"

2021-01-22 11:07:46 - [TEST_STEP][PASSED] - Select STATUS "Manual Disbursement": Select STATUS "Manual Disbursement"

2021-01-22 11:07:47 - [MESSAGE][PASSED] - All options with value 'Manual Disbursement' are selected in object ''  using regular expression

2021-01-22 11:07:47 - [MESSAGE][PASSED] - Select STATUS "Manual Disbursement"

2021-01-22 11:07:47 - [TEST_STEP][PASSED] - Click button "Search": Click button "Search"

2021-01-22 11:07:47 - [MESSAGE][INFO] - >>>>>//Button[contains(text(),'Search')]

2021-01-22 11:07:50 - [MESSAGE][PASSED] - Object '' is present

2021-01-22 11:07:50 - [MESSAGE][PASSED] - Object: '' is clicked on

2021-01-22 11:07:50 - [MESSAGE][PASSED] - Switched to window with index: '0'

2021-01-22 11:07:50 - [MESSAGE][PASSED] - Click button "Search"

2021-01-22 11:07:50 - [TEST_STEP][PASSED] - Verify Search Result Presents: Verify Search Result Presents

2021-01-22 11:07:50 - [MESSAGE][PASSED] - Object '' is present

2021-01-22 11:08:01 - [MESSAGE][PASSED] - Verify Search Result Presents

2021-01-22 11:08:01 - [TEST_STEP][PASSED] - Click button "Logout": Click button "Logout"

2021-01-22 11:08:01 - [MESSAGE][INFO] - >>>>>//Button[contains(text(),'Logout')]

2021-01-22 11:08:04 - [MESSAGE][PASSED] - Object '' is present

2021-01-22 11:08:04 - [MESSAGE][PASSED] - Object: '' is clicked on

2021-01-22 11:08:04 - [MESSAGE][PASSED] - Switched to window with index: '0'

2021-01-22 11:08:04 - [MESSAGE][PASSED] - Click button "Logout"

2021-01-22 11:08:04 - [TEST_STEP][PASSED] - Close browser: Close browser

2021-01-22 11:08:04 - [MESSAGE][PASSED] - Browser is closed

2021-01-22 11:08:04 - [MESSAGE][PASSED] - Close browser

2021-01-22 11:08:04 - [TEST_CASE][PASSED] - Start Test Case : SCENARIO Search by STATUS DONE: SCENARIO Search by STATUS DONE

2021-01-22 11:08:04 - [TEST_STEP][PASSED] - Go to ISTools: Go to ISTools

2021-01-22 11:08:04 - [MESSAGE][INFO] - Starting 'Chrome (headless)' driver

2021-01-22 11:08:04 - [MESSAGE][INFO] - User set preference: ['args', '[--start-maximized, --disable-gpu, --no-proxy-server, â€“-no-sandbox, --allow-running-insecure-content, --ignore-certificate-errors, window-size=1680,814, force-device-scale-factor=2, --lang=en-GB]']

2021-01-22 11:08:04 - [MESSAGE][INFO] - User set preference: ['prefs', '{download.default_directory=/Users/chaidir.pratama01/Katalon Studio/IST_Automation_Git/Download}']

2021-01-22 11:08:04 - [MESSAGE][INFO] - Action delay is set to 0 milliseconds

2021-01-22 11:08:04 - [MESSAGE][PASSED] - Browser is opened with url: ''

2021-01-22 11:08:06 - [MESSAGE][PASSED] - Navigate to 'https://dev-istools.homecredit.id/foundation/' successfully

2021-01-22 11:08:06 - [MESSAGE][PASSED] - Go to ISTools

2021-01-22 11:08:06 - [TEST_STEP][PASSED] - Login IST with valid credentials: Login IST with valid credentials

2021-01-22 11:08:06 - [MESSAGE][PASSED] - Text 'mobile.test' is set on object 'Object Repository/Page_/input_Username_j_username'

2021-01-22 11:08:06 - [MESSAGE][PASSED] - Text ****** has been set on object 'Object Repository/Page_/input_Password_j_password'

2021-01-22 11:08:06 - [MESSAGE][PASSED] - Object: 'Object Repository/Page_/button_Login' is clicked on

2021-01-22 11:08:06 - [MESSAGE][PASSED] - Login IST with valid credentials

2021-01-22 11:08:06 - [TEST_STEP][PASSED] - Login Success: Login Success

2021-01-22 11:08:06 - [MESSAGE][INFO] - Login Success

2021-01-22 11:08:07 - [MESSAGE][PASSED] - Current window maximized

2021-01-22 11:08:07 - [MESSAGE][PASSED] - Object 'Object Repository/Page_/h1_Welcome to IT Supporting Tools' is present

2021-01-22 11:08:07 - [MESSAGE][PASSED] - Login Success

2021-01-22 11:08:07 - [TEST_STEP][PASSED] - Select Arrow Menu "Real Time Disbursement": Select Arrow Menu "Real Time Disbursement"

2021-01-22 11:08:07 - [MESSAGE][PASSED] - Object: '' is clicked on

2021-01-22 11:08:07 - [MESSAGE][PASSED] - Select Arrow Menu "Real Time Disbursement"

2021-01-22 11:08:07 - [TEST_STEP][PASSED] - Select Menu "Partner Disbursement": Select Menu "Partner Disbursement"

2021-01-22 11:08:07 - [MESSAGE][PASSED] - Taking screenshot successfully
[[ATTACHMENT|/Users/chaidir.pratama01/Documents/Docs/Katalon Studio/Screenshot/test-Partner Disbursement.png]]

2021-01-22 11:08:07 - [MESSAGE][PASSED] - Object '' is present

2021-01-22 11:08:07 - [MESSAGE][PASSED] - Object: '' is clicked on

2021-01-22 11:08:07 - [MESSAGE][PASSED] - Wait for page load successfully

2021-01-22 11:08:07 - [MESSAGE][PASSED] - Select Menu "Partner Disbursement"

2021-01-22 11:08:07 - [TEST_STEP][PASSED] - Select STATUS "DONE": Select STATUS "DONE"

2021-01-22 11:08:08 - [MESSAGE][PASSED] - All options with value 'DONE' are selected in object ''  using regular expression

2021-01-22 11:08:08 - [MESSAGE][PASSED] - Select STATUS "DONE"

2021-01-22 11:08:08 - [TEST_STEP][PASSED] - Click button "Search": Click button "Search"

2021-01-22 11:08:08 - [MESSAGE][INFO] - >>>>>//Button[contains(text(),'Search')]

2021-01-22 11:08:11 - [MESSAGE][PASSED] - Object '' is present

2021-01-22 11:08:11 - [MESSAGE][PASSED] - Object: '' is clicked on

2021-01-22 11:08:11 - [MESSAGE][PASSED] - Switched to window with index: '0'

2021-01-22 11:08:11 - [MESSAGE][PASSED] - Click button "Search"

2021-01-22 11:08:11 - [TEST_STEP][PASSED] - Verify Search Result Presents: Verify Search Result Presents

2021-01-22 11:08:11 - [MESSAGE][PASSED] - Object '' is present

2021-01-22 11:08:19 - [MESSAGE][PASSED] - Verify Search Result Presents

2021-01-22 11:08:19 - [TEST_STEP][PASSED] - Click button "Logout": Click button "Logout"

2021-01-22 11:08:19 - [MESSAGE][INFO] - >>>>>//Button[contains(text(),'Logout')]

2021-01-22 11:08:22 - [MESSAGE][PASSED] - Object '' is present

2021-01-22 11:08:22 - [MESSAGE][PASSED] - Object: '' is clicked on

2021-01-22 11:08:22 - [MESSAGE][PASSED] - Switched to window with index: '0'

2021-01-22 11:08:22 - [MESSAGE][PASSED] - Click button "Logout"

2021-01-22 11:08:22 - [TEST_STEP][PASSED] - Close browser: Close browser

2021-01-22 11:08:22 - [MESSAGE][PASSED] - Browser is closed

2021-01-22 11:08:22 - [MESSAGE][PASSED] - Close browser

2021-01-22 11:08:22 - [TEST_CASE][PASSED] - Start Test Case : SCENARIO Search by STATUS Waiting Partner Confirmation: SCENARIO Search by STATUS Waiting Partner Confirmation

2021-01-22 11:08:22 - [TEST_STEP][PASSED] - Go to ISTools: Go to ISTools

2021-01-22 11:08:22 - [MESSAGE][INFO] - Starting 'Chrome (headless)' driver

2021-01-22 11:08:22 - [MESSAGE][INFO] - User set preference: ['args', '[--start-maximized, --disable-gpu, --no-proxy-server, â€“-no-sandbox, --allow-running-insecure-content, --ignore-certificate-errors, window-size=1680,814, force-device-scale-factor=2, --lang=en-GB]']

2021-01-22 11:08:22 - [MESSAGE][INFO] - User set preference: ['prefs', '{download.default_directory=/Users/chaidir.pratama01/Katalon Studio/IST_Automation_Git/Download}']

2021-01-22 11:08:22 - [MESSAGE][INFO] - Action delay is set to 0 milliseconds

2021-01-22 11:08:23 - [MESSAGE][PASSED] - Browser is opened with url: ''

2021-01-22 11:08:24 - [MESSAGE][PASSED] - Navigate to 'https://dev-istools.homecredit.id/foundation/' successfully

2021-01-22 11:08:24 - [MESSAGE][PASSED] - Go to ISTools

2021-01-22 11:08:24 - [TEST_STEP][PASSED] - Login IST with valid credentials: Login IST with valid credentials

2021-01-22 11:08:24 - [MESSAGE][PASSED] - Text 'mobile.test' is set on object 'Object Repository/Page_/input_Username_j_username'

2021-01-22 11:08:25 - [MESSAGE][PASSED] - Text ****** has been set on object 'Object Repository/Page_/input_Password_j_password'

2021-01-22 11:08:25 - [MESSAGE][PASSED] - Object: 'Object Repository/Page_/button_Login' is clicked on

2021-01-22 11:08:25 - [MESSAGE][PASSED] - Login IST with valid credentials

2021-01-22 11:08:25 - [TEST_STEP][PASSED] - Login Success: Login Success

2021-01-22 11:08:25 - [MESSAGE][INFO] - Login Success

2021-01-22 11:08:25 - [MESSAGE][PASSED] - Current window maximized

2021-01-22 11:08:25 - [MESSAGE][PASSED] - Object 'Object Repository/Page_/h1_Welcome to IT Supporting Tools' is present

2021-01-22 11:08:25 - [MESSAGE][PASSED] - Login Success

2021-01-22 11:08:25 - [TEST_STEP][PASSED] - Select Arrow Menu "Real Time Disbursement": Select Arrow Menu "Real Time Disbursement"

2021-01-22 11:08:25 - [MESSAGE][PASSED] - Object: '' is clicked on

2021-01-22 11:08:25 - [MESSAGE][PASSED] - Select Arrow Menu "Real Time Disbursement"

2021-01-22 11:08:25 - [TEST_STEP][PASSED] - Select Menu "Partner Disbursement": Select Menu "Partner Disbursement"

2021-01-22 11:08:26 - [MESSAGE][PASSED] - Taking screenshot successfully
[[ATTACHMENT|/Users/chaidir.pratama01/Documents/Docs/Katalon Studio/Screenshot/test-Partner Disbursement.png]]

2021-01-22 11:08:26 - [MESSAGE][PASSED] - Object '' is present

2021-01-22 11:08:26 - [MESSAGE][PASSED] - Object: '' is clicked on

2021-01-22 11:08:26 - [MESSAGE][PASSED] - Wait for page load successfully

2021-01-22 11:08:26 - [MESSAGE][PASSED] - Select Menu "Partner Disbursement"

2021-01-22 11:08:26 - [TEST_STEP][PASSED] - Select STATUS "Waiting Partner Confirmation": Select STATUS "Waiting Partner Confirmation"

2021-01-22 11:08:26 - [MESSAGE][PASSED] - All options with value 'Waiting Partner Confirmation' are selected in object ''  using regular expression

2021-01-22 11:08:26 - [MESSAGE][PASSED] - Select STATUS "Waiting Partner Confirmation"

2021-01-22 11:08:26 - [TEST_STEP][PASSED] - Click button "Search": Click button "Search"

2021-01-22 11:08:26 - [MESSAGE][INFO] - >>>>>//Button[contains(text(),'Search')]

2021-01-22 11:08:29 - [MESSAGE][PASSED] - Object '' is present

2021-01-22 11:08:29 - [MESSAGE][PASSED] - Object: '' is clicked on

2021-01-22 11:08:29 - [MESSAGE][PASSED] - Switched to window with index: '0'

2021-01-22 11:08:29 - [MESSAGE][PASSED] - Click button "Search"

2021-01-22 11:08:29 - [TEST_STEP][PASSED] - Verify Search Result Presents: Verify Search Result Presents

2021-01-22 11:08:33 - [MESSAGE][INFO] - Unable to find the element located by 'By.xpath: //td[@style='display:none' and contains(text(),'-Empty-')]'. Please recheck the objects properties to make sure the desired element is located. 

2021-01-22 11:08:34 - [MESSAGE][WARNING] - com.kms.katalon.core.webui.exception.WebElementNotFoundException: Web element with id: '' located by '//td[@style='display:none' and contains(text(),'-Empty-')]' not found (Root cause: com.kms.katalon.core.exception.StepFailedException: com.kms.katalon.core.webui.exception.WebElementNotFoundException: Web element with id: '' located by '//td[@style='display:none' and contains(text(),'-Empty-')]' not found
	at com.kms.katalon.core.webui.keyword.internal.WebUIKeywordMain.stepFailed(WebUIKeywordMain.groovy:64)
	at com.kms.katalon.core.webui.keyword.builtin.VerifyElementPresentKeyword$_verifyElementPresent_closure1.doCall(VerifyElementPresentKeyword.groovy:85)
	at com.kms.katalon.core.webui.keyword.builtin.VerifyElementPresentKeyword$_verifyElementPresent_closure1.call(VerifyElementPresentKeyword.groovy)
	at com.kms.katalon.core.webui.keyword.internal.WebUIKeywordMain.runKeyword(WebUIKeywordMain.groovy:20)
	at com.kms.katalon.core.webui.keyword.builtin.VerifyElementPresentKeyword.verifyElementPresent(VerifyElementPresentKeyword.groovy:92)
	at com.kms.katalon.core.webui.keyword.builtin.VerifyElementPresentKeyword.execute(VerifyElementPresentKeyword.groovy:68)
	at com.kms.katalon.core.keyword.internal.KeywordExecutor.executeKeywordForPlatform(KeywordExecutor.groovy:73)
	at com.kms.katalon.core.webui.keyword.WebUiBuiltInKeywords.verifyElementPresent(WebUiBuiltInKeywords.groovy:1444)
	at com.kms.katalon.core.webui.keyword.WebUiBuiltInKeywords$verifyElementPresent$11.call(Unknown Source)
	at ist_real.Contract_Dispatcher.VerifyTblFilled(Contract_Dispatcher.groovy:1313)
	at ist_real.Contract_Dispatcher$VerifyTblFilled$0.call(Unknown Source)
	at RTD.Search_Result_Presents(RTD.groovy:191)
	at cucumber.runtime.Utils$1.call(Utils.java:26)
	at cucumber.runtime.Timeout.timeout(Timeout.java:16)
	at cucumber.runtime.Utils.invoke(Utils.java:20)
	at cucumber.runtime.java.JavaStepDefinition.execute(JavaStepDefinition.java:48)
	at cucumber.runtime.PickleStepDefinitionMatch.runStep(PickleStepDefinitionMatch.java:50)
	at cucumber.runner.TestStep.executeStep(TestStep.java:55)
	at cucumber.runner.TestStep.run(TestStep.java:42)
	at cucumber.runner.PickleStepTestStep.run(PickleStepTestStep.java:53)
	at cucumber.runner.TestCase.run(TestCase.java:47)
	at cucumber.runner.Runner.runPickle(Runner.java:44)
	at cucumber.runtime.Runtime.runFeature(Runtime.java:120)
	at cucumber.runtime.Runtime.run(Runtime.java:106)
	at cucumber.api.cli.Main.run(Main.java:35)
	at cucumber.api.cli.Main$run.call(Unknown Source)
	at com.kms.katalon.core.cucumber.keyword.CucumberBuiltinKeywords$_runFeatureFile_closure1.doCall(CucumberBuiltinKeywords.groovy:76)
	at com.kms.katalon.core.cucumber.keyword.CucumberBuiltinKeywords$_runFeatureFile_closure1.doCall(CucumberBuiltinKeywords.groovy)
	at com.kms.katalon.core.keyword.internal.KeywordMain.runKeyword(KeywordMain.groovy:68)
	at com.kms.katalon.core.keyword.internal.KeywordMain$runKeyword.call(Unknown Source)
	at com.kms.katalon.core.cucumber.keyword.CucumberBuiltinKeywords.runFeatureFile(CucumberBuiltinKeywords.groovy:46)
	at com.kms.katalon.core.cucumber.keyword.CucumberBuiltinKeywords$runFeatureFile$0.callStatic(Unknown Source)
	at com.kms.katalon.core.cucumber.keyword.CucumberBuiltinKeywords.runFeatureFile(CucumberBuiltinKeywords.groovy:169)
	at com.kms.katalon.core.cucumber.keyword.CucumberBuiltinKeywords$runFeatureFile.call(Unknown Source)
	at TC_Search_by_STATUS.run(TC_Search_by_STATUS:18)
	at com.kms.katalon.core.main.ScriptEngine.run(ScriptEngine.java:194)
	at com.kms.katalon.core.main.ScriptEngine.runScriptAsRawText(ScriptEngine.java:119)
	at com.kms.katalon.core.main.TestCaseExecutor.runScript(TestCaseExecutor.java:339)
	at com.kms.katalon.core.main.TestCaseExecutor.doExecute(TestCaseExecutor.java:330)
	at com.kms.katalon.core.main.TestCaseExecutor.processExecutionPhase(TestCaseExecutor.java:309)
	at com.kms.katalon.core.main.TestCaseExecutor.accessMainPhase(TestCaseExecutor.java:301)
	at com.kms.katalon.core.main.TestCaseExecutor.execute(TestCaseExecutor.java:235)
	at com.kms.katalon.core.main.TestSuiteExecutor.accessTestCaseMainPhase(TestSuiteExecutor.java:191)
	at com.kms.katalon.core.main.TestSuiteExecutor.accessTestSuiteMainPhase(TestSuiteExecutor.java:141)
	at com.kms.katalon.core.main.TestSuiteExecutor.execute(TestSuiteExecutor.java:90)
	at com.kms.katalon.core.main.TestCaseMain.startTestSuite(TestCaseMain.java:157)
	at com.kms.katalon.core.main.TestCaseMain$startTestSuite$0.call(Unknown Source)
	at TempTestSuite1611286948562.run(TempTestSuite1611286948562.groovy:39)
)
[[ATTACHMENT|/Users/chaidir.pratama01/Katalon Studio/IST_Automation_Git/Reports/20210122_104222/RTD/TS_Partner_Disbursement/20210122_104228/1611288513913.png]]

2021-01-22 11:08:34 - [MESSAGE][PASSED] - Verify Search Result Presents

2021-01-22 11:08:34 - [TEST_STEP][PASSED] - Click button "Logout": Click button "Logout"

2021-01-22 11:08:34 - [MESSAGE][INFO] - >>>>>//Button[contains(text(),'Logout')]

2021-01-22 11:08:37 - [MESSAGE][PASSED] - Object '' is present

2021-01-22 11:08:37 - [MESSAGE][PASSED] - Object: '' is clicked on

2021-01-22 11:08:37 - [MESSAGE][PASSED] - Switched to window with index: '0'

2021-01-22 11:08:37 - [MESSAGE][PASSED] - Click button "Logout"

2021-01-22 11:08:37 - [TEST_STEP][PASSED] - Close browser: Close browser

2021-01-22 11:08:38 - [MESSAGE][PASSED] - Browser is closed

2021-01-22 11:08:38 - [MESSAGE][PASSED] - Close browser

2021-01-22 11:08:38 - [TEST_CASE][PASSED] - Start Test Case : SCENARIO Search by STATUS Success to Disburse: SCENARIO Search by STATUS Success to Disburse

2021-01-22 11:08:38 - [TEST_STEP][PASSED] - Go to ISTools: Go to ISTools

2021-01-22 11:08:38 - [MESSAGE][INFO] - Starting 'Chrome (headless)' driver

2021-01-22 11:08:38 - [MESSAGE][INFO] - User set preference: ['args', '[--start-maximized, --disable-gpu, --no-proxy-server, â€“-no-sandbox, --allow-running-insecure-content, --ignore-certificate-errors, window-size=1680,814, force-device-scale-factor=2, --lang=en-GB]']

2021-01-22 11:08:38 - [MESSAGE][INFO] - User set preference: ['prefs', '{download.default_directory=/Users/chaidir.pratama01/Katalon Studio/IST_Automation_Git/Download}']

2021-01-22 11:08:38 - [MESSAGE][INFO] - Action delay is set to 0 milliseconds

2021-01-22 11:08:38 - [MESSAGE][PASSED] - Browser is opened with url: ''

2021-01-22 11:08:40 - [MESSAGE][PASSED] - Navigate to 'https://dev-istools.homecredit.id/foundation/' successfully

2021-01-22 11:08:40 - [MESSAGE][PASSED] - Go to ISTools

2021-01-22 11:08:40 - [TEST_STEP][PASSED] - Login IST with valid credentials: Login IST with valid credentials

2021-01-22 11:08:40 - [MESSAGE][PASSED] - Text 'mobile.test' is set on object 'Object Repository/Page_/input_Username_j_username'

2021-01-22 11:08:40 - [MESSAGE][PASSED] - Text ****** has been set on object 'Object Repository/Page_/input_Password_j_password'

2021-01-22 11:08:40 - [MESSAGE][PASSED] - Object: 'Object Repository/Page_/button_Login' is clicked on

2021-01-22 11:08:40 - [MESSAGE][PASSED] - Login IST with valid credentials

2021-01-22 11:08:40 - [TEST_STEP][PASSED] - Login Success: Login Success

2021-01-22 11:08:40 - [MESSAGE][INFO] - Login Success

2021-01-22 11:08:41 - [MESSAGE][PASSED] - Current window maximized

2021-01-22 11:08:41 - [MESSAGE][PASSED] - Object 'Object Repository/Page_/h1_Welcome to IT Supporting Tools' is present

2021-01-22 11:08:41 - [MESSAGE][PASSED] - Login Success

2021-01-22 11:08:41 - [TEST_STEP][PASSED] - Select Arrow Menu "Real Time Disbursement": Select Arrow Menu "Real Time Disbursement"

2021-01-22 11:08:41 - [MESSAGE][PASSED] - Object: '' is clicked on

2021-01-22 11:08:41 - [MESSAGE][PASSED] - Select Arrow Menu "Real Time Disbursement"

2021-01-22 11:08:41 - [TEST_STEP][PASSED] - Select Menu "Partner Disbursement": Select Menu "Partner Disbursement"

2021-01-22 11:08:41 - [MESSAGE][PASSED] - Taking screenshot successfully
[[ATTACHMENT|/Users/chaidir.pratama01/Documents/Docs/Katalon Studio/Screenshot/test-Partner Disbursement.png]]

2021-01-22 11:08:41 - [MESSAGE][PASSED] - Object '' is present

2021-01-22 11:08:41 - [MESSAGE][PASSED] - Object: '' is clicked on

2021-01-22 11:08:41 - [MESSAGE][PASSED] - Wait for page load successfully

2021-01-22 11:08:41 - [MESSAGE][PASSED] - Select Menu "Partner Disbursement"

2021-01-22 11:08:41 - [TEST_STEP][PASSED] - Select STATUS "Success to Disburse": Select STATUS "Success to Disburse"

2021-01-22 11:08:42 - [MESSAGE][PASSED] - All options with value 'Success to Disburse' are selected in object ''  using regular expression

2021-01-22 11:08:42 - [MESSAGE][PASSED] - Select STATUS "Success to Disburse"

2021-01-22 11:08:42 - [TEST_STEP][PASSED] - Click button "Search": Click button "Search"

2021-01-22 11:08:42 - [MESSAGE][INFO] - >>>>>//Button[contains(text(),'Search')]

2021-01-22 11:08:45 - [MESSAGE][PASSED] - Object '' is present

2021-01-22 11:08:45 - [MESSAGE][PASSED] - Object: '' is clicked on

2021-01-22 11:08:45 - [MESSAGE][PASSED] - Switched to window with index: '0'

2021-01-22 11:08:45 - [MESSAGE][PASSED] - Click button "Search"

2021-01-22 11:08:45 - [TEST_STEP][PASSED] - Verify Search Result Presents: Verify Search Result Presents

2021-01-22 11:08:49 - [MESSAGE][INFO] - Unable to find the element located by 'By.xpath: //td[@style='display:none' and contains(text(),'-Empty-')]'. Please recheck the objects properties to make sure the desired element is located. 

2021-01-22 11:08:50 - [MESSAGE][WARNING] - com.kms.katalon.core.webui.exception.WebElementNotFoundException: Web element with id: '' located by '//td[@style='display:none' and contains(text(),'-Empty-')]' not found (Root cause: com.kms.katalon.core.exception.StepFailedException: com.kms.katalon.core.webui.exception.WebElementNotFoundException: Web element with id: '' located by '//td[@style='display:none' and contains(text(),'-Empty-')]' not found
	at com.kms.katalon.core.webui.keyword.internal.WebUIKeywordMain.stepFailed(WebUIKeywordMain.groovy:64)
	at com.kms.katalon.core.webui.keyword.builtin.VerifyElementPresentKeyword$_verifyElementPresent_closure1.doCall(VerifyElementPresentKeyword.groovy:85)
	at com.kms.katalon.core.webui.keyword.builtin.VerifyElementPresentKeyword$_verifyElementPresent_closure1.call(VerifyElementPresentKeyword.groovy)
	at com.kms.katalon.core.webui.keyword.internal.WebUIKeywordMain.runKeyword(WebUIKeywordMain.groovy:20)
	at com.kms.katalon.core.webui.keyword.builtin.VerifyElementPresentKeyword.verifyElementPresent(VerifyElementPresentKeyword.groovy:92)
	at com.kms.katalon.core.webui.keyword.builtin.VerifyElementPresentKeyword.execute(VerifyElementPresentKeyword.groovy:68)
	at com.kms.katalon.core.keyword.internal.KeywordExecutor.executeKeywordForPlatform(KeywordExecutor.groovy:73)
	at com.kms.katalon.core.webui.keyword.WebUiBuiltInKeywords.verifyElementPresent(WebUiBuiltInKeywords.groovy:1444)
	at com.kms.katalon.core.webui.keyword.WebUiBuiltInKeywords$verifyElementPresent$11.call(Unknown Source)
	at ist_real.Contract_Dispatcher.VerifyTblFilled(Contract_Dispatcher.groovy:1313)
	at ist_real.Contract_Dispatcher$VerifyTblFilled$0.call(Unknown Source)
	at RTD.Search_Result_Presents(RTD.groovy:191)
	at cucumber.runtime.Utils$1.call(Utils.java:26)
	at cucumber.runtime.Timeout.timeout(Timeout.java:16)
	at cucumber.runtime.Utils.invoke(Utils.java:20)
	at cucumber.runtime.java.JavaStepDefinition.execute(JavaStepDefinition.java:48)
	at cucumber.runtime.PickleStepDefinitionMatch.runStep(PickleStepDefinitionMatch.java:50)
	at cucumber.runner.TestStep.executeStep(TestStep.java:55)
	at cucumber.runner.TestStep.run(TestStep.java:42)
	at cucumber.runner.PickleStepTestStep.run(PickleStepTestStep.java:53)
	at cucumber.runner.TestCase.run(TestCase.java:47)
	at cucumber.runner.Runner.runPickle(Runner.java:44)
	at cucumber.runtime.Runtime.runFeature(Runtime.java:120)
	at cucumber.runtime.Runtime.run(Runtime.java:106)
	at cucumber.api.cli.Main.run(Main.java:35)
	at cucumber.api.cli.Main$run.call(Unknown Source)
	at com.kms.katalon.core.cucumber.keyword.CucumberBuiltinKeywords$_runFeatureFile_closure1.doCall(CucumberBuiltinKeywords.groovy:76)
	at com.kms.katalon.core.cucumber.keyword.CucumberBuiltinKeywords$_runFeatureFile_closure1.doCall(CucumberBuiltinKeywords.groovy)
	at com.kms.katalon.core.keyword.internal.KeywordMain.runKeyword(KeywordMain.groovy:68)
	at com.kms.katalon.core.keyword.internal.KeywordMain$runKeyword.call(Unknown Source)
	at com.kms.katalon.core.cucumber.keyword.CucumberBuiltinKeywords.runFeatureFile(CucumberBuiltinKeywords.groovy:46)
	at com.kms.katalon.core.cucumber.keyword.CucumberBuiltinKeywords$runFeatureFile$0.callStatic(Unknown Source)
	at com.kms.katalon.core.cucumber.keyword.CucumberBuiltinKeywords.runFeatureFile(CucumberBuiltinKeywords.groovy:169)
	at com.kms.katalon.core.cucumber.keyword.CucumberBuiltinKeywords$runFeatureFile.call(Unknown Source)
	at TC_Search_by_STATUS.run(TC_Search_by_STATUS:18)
	at com.kms.katalon.core.main.ScriptEngine.run(ScriptEngine.java:194)
	at com.kms.katalon.core.main.ScriptEngine.runScriptAsRawText(ScriptEngine.java:119)
	at com.kms.katalon.core.main.TestCaseExecutor.runScript(TestCaseExecutor.java:339)
	at com.kms.katalon.core.main.TestCaseExecutor.doExecute(TestCaseExecutor.java:330)
	at com.kms.katalon.core.main.TestCaseExecutor.processExecutionPhase(TestCaseExecutor.java:309)
	at com.kms.katalon.core.main.TestCaseExecutor.accessMainPhase(TestCaseExecutor.java:301)
	at com.kms.katalon.core.main.TestCaseExecutor.execute(TestCaseExecutor.java:235)
	at com.kms.katalon.core.main.TestSuiteExecutor.accessTestCaseMainPhase(TestSuiteExecutor.java:191)
	at com.kms.katalon.core.main.TestSuiteExecutor.accessTestSuiteMainPhase(TestSuiteExecutor.java:141)
	at com.kms.katalon.core.main.TestSuiteExecutor.execute(TestSuiteExecutor.java:90)
	at com.kms.katalon.core.main.TestCaseMain.startTestSuite(TestCaseMain.java:157)
	at com.kms.katalon.core.main.TestCaseMain$startTestSuite$0.call(Unknown Source)
	at TempTestSuite1611286948562.run(TempTestSuite1611286948562.groovy:39)
)
[[ATTACHMENT|/Users/chaidir.pratama01/Katalon Studio/IST_Automation_Git/Reports/20210122_104222/RTD/TS_Partner_Disbursement/20210122_104228/1611288529511.png]]

2021-01-22 11:08:50 - [MESSAGE][PASSED] - Verify Search Result Presents

2021-01-22 11:08:50 - [TEST_STEP][PASSED] - Click button "Logout": Click button "Logout"

2021-01-22 11:08:50 - [MESSAGE][INFO] - >>>>>//Button[contains(text(),'Logout')]

2021-01-22 11:08:53 - [MESSAGE][PASSED] - Object '' is present

2021-01-22 11:08:53 - [MESSAGE][PASSED] - Object: '' is clicked on

2021-01-22 11:08:53 - [MESSAGE][PASSED] - Switched to window with index: '0'

2021-01-22 11:08:53 - [MESSAGE][PASSED] - Click button "Logout"

2021-01-22 11:08:53 - [TEST_STEP][PASSED] - Close browser: Close browser

2021-01-22 11:08:53 - [MESSAGE][PASSED] - Browser is closed

2021-01-22 11:08:53 - [MESSAGE][PASSED] - Close browser

2021-01-22 11:08:53 - [TEST_CASE][PASSED] - Start Test Case : SCENARIO Search by STATUS Hold Payment Recreation: SCENARIO Search by STATUS Hold Payment Recreation

2021-01-22 11:08:53 - [TEST_STEP][PASSED] - Go to ISTools: Go to ISTools

2021-01-22 11:08:53 - [MESSAGE][INFO] - Starting 'Chrome (headless)' driver

2021-01-22 11:08:53 - [MESSAGE][INFO] - User set preference: ['args', '[--start-maximized, --disable-gpu, --no-proxy-server, â€“-no-sandbox, --allow-running-insecure-content, --ignore-certificate-errors, window-size=1680,814, force-device-scale-factor=2, --lang=en-GB]']

2021-01-22 11:08:53 - [MESSAGE][INFO] - User set preference: ['prefs', '{download.default_directory=/Users/chaidir.pratama01/Katalon Studio/IST_Automation_Git/Download}']

2021-01-22 11:08:53 - [MESSAGE][INFO] - Action delay is set to 0 milliseconds

2021-01-22 11:08:53 - [MESSAGE][PASSED] - Browser is opened with url: ''

2021-01-22 11:08:55 - [MESSAGE][PASSED] - Navigate to 'https://dev-istools.homecredit.id/foundation/' successfully

2021-01-22 11:08:55 - [MESSAGE][PASSED] - Go to ISTools

2021-01-22 11:08:55 - [TEST_STEP][PASSED] - Login IST with valid credentials: Login IST with valid credentials

2021-01-22 11:08:55 - [MESSAGE][PASSED] - Text 'mobile.test' is set on object 'Object Repository/Page_/input_Username_j_username'

2021-01-22 11:08:55 - [MESSAGE][PASSED] - Text ****** has been set on object 'Object Repository/Page_/input_Password_j_password'

2021-01-22 11:08:55 - [MESSAGE][PASSED] - Object: 'Object Repository/Page_/button_Login' is clicked on

2021-01-22 11:08:55 - [MESSAGE][PASSED] - Login IST with valid credentials

2021-01-22 11:08:55 - [TEST_STEP][PASSED] - Login Success: Login Success

2021-01-22 11:08:55 - [MESSAGE][INFO] - Login Success

2021-01-22 11:08:55 - [MESSAGE][PASSED] - Current window maximized

2021-01-22 11:08:55 - [MESSAGE][PASSED] - Object 'Object Repository/Page_/h1_Welcome to IT Supporting Tools' is present

2021-01-22 11:08:55 - [MESSAGE][PASSED] - Login Success

2021-01-22 11:08:55 - [TEST_STEP][PASSED] - Select Arrow Menu "Real Time Disbursement": Select Arrow Menu "Real Time Disbursement"

2021-01-22 11:08:55 - [MESSAGE][PASSED] - Object: '' is clicked on

2021-01-22 11:08:55 - [MESSAGE][PASSED] - Select Arrow Menu "Real Time Disbursement"

2021-01-22 11:08:55 - [TEST_STEP][PASSED] - Select Menu "Partner Disbursement": Select Menu "Partner Disbursement"

2021-01-22 11:08:56 - [MESSAGE][PASSED] - Taking screenshot successfully
[[ATTACHMENT|/Users/chaidir.pratama01/Documents/Docs/Katalon Studio/Screenshot/test-Partner Disbursement.png]]

2021-01-22 11:08:56 - [MESSAGE][PASSED] - Object '' is present

2021-01-22 11:08:56 - [MESSAGE][PASSED] - Object: '' is clicked on

2021-01-22 11:08:56 - [MESSAGE][PASSED] - Wait for page load successfully

2021-01-22 11:08:56 - [MESSAGE][PASSED] - Select Menu "Partner Disbursement"

2021-01-22 11:08:56 - [TEST_STEP][PASSED] - Select STATUS "Hold Payment Recreation": Select STATUS "Hold Payment Recreation"

2021-01-22 11:08:56 - [MESSAGE][PASSED] - All options with value 'Hold Payment Recreation' are selected in object ''  using regular expression

2021-01-22 11:08:56 - [MESSAGE][PASSED] - Select STATUS "Hold Payment Recreation"

2021-01-22 11:08:56 - [TEST_STEP][PASSED] - Click button "Search": Click button "Search"

2021-01-22 11:08:56 - [MESSAGE][INFO] - >>>>>//Button[contains(text(),'Search')]

2021-01-22 11:08:59 - [MESSAGE][PASSED] - Object '' is present

2021-01-22 11:09:00 - [MESSAGE][PASSED] - Object: '' is clicked on

2021-01-22 11:09:00 - [MESSAGE][PASSED] - Switched to window with index: '0'

2021-01-22 11:09:00 - [MESSAGE][PASSED] - Click button "Search"

2021-01-22 11:09:00 - [TEST_STEP][PASSED] - Verify Search Result Presents: Verify Search Result Presents

2021-01-22 11:09:00 - [MESSAGE][PASSED] - Object '' is present

2021-01-22 11:09:07 - [MESSAGE][PASSED] - Verify Search Result Presents

2021-01-22 11:09:07 - [TEST_STEP][PASSED] - Click button "Logout": Click button "Logout"

2021-01-22 11:09:07 - [MESSAGE][INFO] - >>>>>//Button[contains(text(),'Logout')]

2021-01-22 11:09:10 - [MESSAGE][PASSED] - Object '' is present

2021-01-22 11:09:11 - [MESSAGE][PASSED] - Object: '' is clicked on

2021-01-22 11:09:11 - [MESSAGE][PASSED] - Switched to window with index: '0'

2021-01-22 11:09:11 - [MESSAGE][PASSED] - Click button "Logout"

2021-01-22 11:09:11 - [TEST_STEP][PASSED] - Close browser: Close browser

2021-01-22 11:09:11 - [MESSAGE][PASSED] - Browser is closed

2021-01-22 11:09:11 - [MESSAGE][PASSED] - Close browser

2021-01-22 11:09:11 - [TEST_CASE][PASSED] - Start Test Case : SCENARIO Search by STATUS Waiting Confirmation From SBO: SCENARIO Search by STATUS Waiting Confirmation From SBO

2021-01-22 11:09:11 - [TEST_STEP][PASSED] - Go to ISTools: Go to ISTools

2021-01-22 11:09:11 - [MESSAGE][INFO] - Starting 'Chrome (headless)' driver

2021-01-22 11:09:11 - [MESSAGE][INFO] - User set preference: ['args', '[--start-maximized, --disable-gpu, --no-proxy-server, â€“-no-sandbox, --allow-running-insecure-content, --ignore-certificate-errors, window-size=1680,814, force-device-scale-factor=2, --lang=en-GB]']

2021-01-22 11:09:11 - [MESSAGE][INFO] - User set preference: ['prefs', '{download.default_directory=/Users/chaidir.pratama01/Katalon Studio/IST_Automation_Git/Download}']

2021-01-22 11:09:11 - [MESSAGE][INFO] - Action delay is set to 0 milliseconds

2021-01-22 11:09:11 - [MESSAGE][PASSED] - Browser is opened with url: ''

2021-01-22 11:09:15 - [MESSAGE][PASSED] - Navigate to 'https://dev-istools.homecredit.id/foundation/' successfully

2021-01-22 11:09:15 - [MESSAGE][PASSED] - Go to ISTools

2021-01-22 11:09:15 - [TEST_STEP][PASSED] - Login IST with valid credentials: Login IST with valid credentials

2021-01-22 11:09:15 - [MESSAGE][PASSED] - Text 'mobile.test' is set on object 'Object Repository/Page_/input_Username_j_username'

2021-01-22 11:09:16 - [MESSAGE][PASSED] - Text ****** has been set on object 'Object Repository/Page_/input_Password_j_password'

2021-01-22 11:09:16 - [MESSAGE][PASSED] - Object: 'Object Repository/Page_/button_Login' is clicked on

2021-01-22 11:09:16 - [MESSAGE][PASSED] - Login IST with valid credentials

2021-01-22 11:09:16 - [TEST_STEP][PASSED] - Login Success: Login Success

2021-01-22 11:09:16 - [MESSAGE][INFO] - Login Success

2021-01-22 11:09:16 - [MESSAGE][PASSED] - Current window maximized

2021-01-22 11:09:16 - [MESSAGE][PASSED] - Object 'Object Repository/Page_/h1_Welcome to IT Supporting Tools' is present

2021-01-22 11:09:16 - [MESSAGE][PASSED] - Login Success

2021-01-22 11:09:16 - [TEST_STEP][PASSED] - Select Arrow Menu "Real Time Disbursement": Select Arrow Menu "Real Time Disbursement"

2021-01-22 11:09:16 - [MESSAGE][PASSED] - Object: '' is clicked on

2021-01-22 11:09:16 - [MESSAGE][PASSED] - Select Arrow Menu "Real Time Disbursement"

2021-01-22 11:09:16 - [TEST_STEP][PASSED] - Select Menu "Partner Disbursement": Select Menu "Partner Disbursement"

2021-01-22 11:09:17 - [MESSAGE][PASSED] - Taking screenshot successfully
[[ATTACHMENT|/Users/chaidir.pratama01/Documents/Docs/Katalon Studio/Screenshot/test-Partner Disbursement.png]]

2021-01-22 11:09:17 - [MESSAGE][PASSED] - Object '' is present

2021-01-22 11:09:17 - [MESSAGE][PASSED] - Object: '' is clicked on

2021-01-22 11:09:17 - [MESSAGE][PASSED] - Wait for page load successfully

2021-01-22 11:09:17 - [MESSAGE][PASSED] - Select Menu "Partner Disbursement"

2021-01-22 11:09:17 - [TEST_STEP][PASSED] - Select STATUS "Waiting Confirmation From SBO": Select STATUS "Waiting Confirmation From SBO"

2021-01-22 11:09:18 - [MESSAGE][PASSED] - All options with value 'Waiting Confirmation From SBO' are selected in object ''  using regular expression

2021-01-22 11:09:18 - [MESSAGE][PASSED] - Select STATUS "Waiting Confirmation From SBO"

2021-01-22 11:09:18 - [TEST_STEP][PASSED] - Click button "Search": Click button "Search"

2021-01-22 11:09:18 - [MESSAGE][INFO] - >>>>>//Button[contains(text(),'Search')]

2021-01-22 11:09:21 - [MESSAGE][PASSED] - Object '' is present

2021-01-22 11:09:21 - [MESSAGE][PASSED] - Object: '' is clicked on

2021-01-22 11:09:21 - [MESSAGE][PASSED] - Switched to window with index: '0'

2021-01-22 11:09:21 - [MESSAGE][PASSED] - Click button "Search"

2021-01-22 11:09:21 - [TEST_STEP][PASSED] - Verify Search Result Presents: Verify Search Result Presents

2021-01-22 11:09:21 - [MESSAGE][PASSED] - Object '' is present

2021-01-22 11:09:24 - [MESSAGE][PASSED] - Verify Search Result Presents

2021-01-22 11:09:24 - [TEST_STEP][PASSED] - Click button "Logout": Click button "Logout"

2021-01-22 11:09:24 - [MESSAGE][INFO] - >>>>>//Button[contains(text(),'Logout')]

2021-01-22 11:09:28 - [MESSAGE][PASSED] - Object '' is present

2021-01-22 11:09:28 - [MESSAGE][PASSED] - Object: '' is clicked on

2021-01-22 11:09:28 - [MESSAGE][PASSED] - Switched to window with index: '0'

2021-01-22 11:09:28 - [MESSAGE][PASSED] - Click button "Logout"

2021-01-22 11:09:28 - [TEST_STEP][PASSED] - Close browser: Close browser

2021-01-22 11:09:28 - [MESSAGE][PASSED] - Browser is closed

2021-01-22 11:09:28 - [MESSAGE][PASSED] - Close browser

2021-01-22 11:09:28 - [TEST_CASE][PASSED] - Start Test Case : SCENARIO Search by STATUS Hold Payment Insufficient Fund: SCENARIO Search by STATUS Hold Payment Insufficient Fund

2021-01-22 11:09:28 - [TEST_STEP][PASSED] - Go to ISTools: Go to ISTools

2021-01-22 11:09:28 - [MESSAGE][INFO] - Starting 'Chrome (headless)' driver

2021-01-22 11:09:28 - [MESSAGE][INFO] - User set preference: ['args', '[--start-maximized, --disable-gpu, --no-proxy-server, â€“-no-sandbox, --allow-running-insecure-content, --ignore-certificate-errors, window-size=1680,814, force-device-scale-factor=2, --lang=en-GB]']

2021-01-22 11:09:28 - [MESSAGE][INFO] - User set preference: ['prefs', '{download.default_directory=/Users/chaidir.pratama01/Katalon Studio/IST_Automation_Git/Download}']

2021-01-22 11:09:28 - [MESSAGE][INFO] - Action delay is set to 0 milliseconds

2021-01-22 11:09:28 - [MESSAGE][PASSED] - Browser is opened with url: ''

2021-01-22 11:09:29 - [MESSAGE][PASSED] - Navigate to 'https://dev-istools.homecredit.id/foundation/' successfully

2021-01-22 11:09:29 - [MESSAGE][PASSED] - Go to ISTools

2021-01-22 11:09:29 - [TEST_STEP][PASSED] - Login IST with valid credentials: Login IST with valid credentials

2021-01-22 11:09:29 - [MESSAGE][PASSED] - Text 'mobile.test' is set on object 'Object Repository/Page_/input_Username_j_username'

2021-01-22 11:09:29 - [MESSAGE][PASSED] - Text ****** has been set on object 'Object Repository/Page_/input_Password_j_password'

2021-01-22 11:09:30 - [MESSAGE][PASSED] - Object: 'Object Repository/Page_/button_Login' is clicked on

2021-01-22 11:09:30 - [MESSAGE][PASSED] - Login IST with valid credentials

2021-01-22 11:09:30 - [TEST_STEP][PASSED] - Login Success: Login Success

2021-01-22 11:09:30 - [MESSAGE][INFO] - Login Success

2021-01-22 11:09:30 - [MESSAGE][PASSED] - Current window maximized

2021-01-22 11:09:30 - [MESSAGE][PASSED] - Object 'Object Repository/Page_/h1_Welcome to IT Supporting Tools' is present

2021-01-22 11:09:30 - [MESSAGE][PASSED] - Login Success

2021-01-22 11:09:30 - [TEST_STEP][PASSED] - Select Arrow Menu "Real Time Disbursement": Select Arrow Menu "Real Time Disbursement"

2021-01-22 11:09:30 - [MESSAGE][PASSED] - Object: '' is clicked on

2021-01-22 11:09:30 - [MESSAGE][PASSED] - Select Arrow Menu "Real Time Disbursement"

2021-01-22 11:09:30 - [TEST_STEP][PASSED] - Select Menu "Partner Disbursement": Select Menu "Partner Disbursement"

2021-01-22 11:09:30 - [MESSAGE][PASSED] - Taking screenshot successfully
[[ATTACHMENT|/Users/chaidir.pratama01/Documents/Docs/Katalon Studio/Screenshot/test-Partner Disbursement.png]]

2021-01-22 11:09:30 - [MESSAGE][PASSED] - Object '' is present

2021-01-22 11:09:30 - [MESSAGE][PASSED] - Object: '' is clicked on

2021-01-22 11:09:30 - [MESSAGE][PASSED] - Wait for page load successfully

2021-01-22 11:09:30 - [MESSAGE][PASSED] - Select Menu "Partner Disbursement"

2021-01-22 11:09:30 - [TEST_STEP][PASSED] - Select STATUS "Hold Payment Insufficient Fund": Select STATUS "Hold Payment Insufficient Fund"

2021-01-22 11:09:31 - [MESSAGE][PASSED] - All options with value 'Hold Payment Insufficient Fund' are selected in object ''  using regular expression

2021-01-22 11:09:31 - [MESSAGE][PASSED] - Select STATUS "Hold Payment Insufficient Fund"

2021-01-22 11:09:31 - [TEST_STEP][PASSED] - Click button "Search": Click button "Search"

2021-01-22 11:09:31 - [MESSAGE][INFO] - >>>>>//Button[contains(text(),'Search')]

2021-01-22 11:09:34 - [MESSAGE][PASSED] - Object '' is present

2021-01-22 11:09:34 - [MESSAGE][PASSED] - Object: '' is clicked on

2021-01-22 11:09:34 - [MESSAGE][PASSED] - Switched to window with index: '0'

2021-01-22 11:09:34 - [MESSAGE][PASSED] - Click button "Search"

2021-01-22 11:09:34 - [TEST_STEP][PASSED] - Verify Search Result Presents: Verify Search Result Presents

2021-01-22 11:09:38 - [MESSAGE][INFO] - Unable to find the element located by 'By.xpath: //td[@style='display:none' and contains(text(),'-Empty-')]'. Please recheck the objects properties to make sure the desired element is located. 

2021-01-22 11:09:39 - [MESSAGE][WARNING] - com.kms.katalon.core.webui.exception.WebElementNotFoundException: Web element with id: '' located by '//td[@style='display:none' and contains(text(),'-Empty-')]' not found (Root cause: com.kms.katalon.core.exception.StepFailedException: com.kms.katalon.core.webui.exception.WebElementNotFoundException: Web element with id: '' located by '//td[@style='display:none' and contains(text(),'-Empty-')]' not found
	at com.kms.katalon.core.webui.keyword.internal.WebUIKeywordMain.stepFailed(WebUIKeywordMain.groovy:64)
	at com.kms.katalon.core.webui.keyword.builtin.VerifyElementPresentKeyword$_verifyElementPresent_closure1.doCall(VerifyElementPresentKeyword.groovy:85)
	at com.kms.katalon.core.webui.keyword.builtin.VerifyElementPresentKeyword$_verifyElementPresent_closure1.call(VerifyElementPresentKeyword.groovy)
	at com.kms.katalon.core.webui.keyword.internal.WebUIKeywordMain.runKeyword(WebUIKeywordMain.groovy:20)
	at com.kms.katalon.core.webui.keyword.builtin.VerifyElementPresentKeyword.verifyElementPresent(VerifyElementPresentKeyword.groovy:92)
	at com.kms.katalon.core.webui.keyword.builtin.VerifyElementPresentKeyword.execute(VerifyElementPresentKeyword.groovy:68)
	at com.kms.katalon.core.keyword.internal.KeywordExecutor.executeKeywordForPlatform(KeywordExecutor.groovy:73)
	at com.kms.katalon.core.webui.keyword.WebUiBuiltInKeywords.verifyElementPresent(WebUiBuiltInKeywords.groovy:1444)
	at com.kms.katalon.core.webui.keyword.WebUiBuiltInKeywords$verifyElementPresent$11.call(Unknown Source)
	at ist_real.Contract_Dispatcher.VerifyTblFilled(Contract_Dispatcher.groovy:1313)
	at ist_real.Contract_Dispatcher$VerifyTblFilled$0.call(Unknown Source)
	at RTD.Search_Result_Presents(RTD.groovy:191)
	at cucumber.runtime.Utils$1.call(Utils.java:26)
	at cucumber.runtime.Timeout.timeout(Timeout.java:16)
	at cucumber.runtime.Utils.invoke(Utils.java:20)
	at cucumber.runtime.java.JavaStepDefinition.execute(JavaStepDefinition.java:48)
	at cucumber.runtime.PickleStepDefinitionMatch.runStep(PickleStepDefinitionMatch.java:50)
	at cucumber.runner.TestStep.executeStep(TestStep.java:55)
	at cucumber.runner.TestStep.run(TestStep.java:42)
	at cucumber.runner.PickleStepTestStep.run(PickleStepTestStep.java:53)
	at cucumber.runner.TestCase.run(TestCase.java:47)
	at cucumber.runner.Runner.runPickle(Runner.java:44)
	at cucumber.runtime.Runtime.runFeature(Runtime.java:120)
	at cucumber.runtime.Runtime.run(Runtime.java:106)
	at cucumber.api.cli.Main.run(Main.java:35)
	at cucumber.api.cli.Main$run.call(Unknown Source)
	at com.kms.katalon.core.cucumber.keyword.CucumberBuiltinKeywords$_runFeatureFile_closure1.doCall(CucumberBuiltinKeywords.groovy:76)
	at com.kms.katalon.core.cucumber.keyword.CucumberBuiltinKeywords$_runFeatureFile_closure1.doCall(CucumberBuiltinKeywords.groovy)
	at com.kms.katalon.core.keyword.internal.KeywordMain.runKeyword(KeywordMain.groovy:68)
	at com.kms.katalon.core.keyword.internal.KeywordMain$runKeyword.call(Unknown Source)
	at com.kms.katalon.core.cucumber.keyword.CucumberBuiltinKeywords.runFeatureFile(CucumberBuiltinKeywords.groovy:46)
	at com.kms.katalon.core.cucumber.keyword.CucumberBuiltinKeywords$runFeatureFile$0.callStatic(Unknown Source)
	at com.kms.katalon.core.cucumber.keyword.CucumberBuiltinKeywords.runFeatureFile(CucumberBuiltinKeywords.groovy:169)
	at com.kms.katalon.core.cucumber.keyword.CucumberBuiltinKeywords$runFeatureFile.call(Unknown Source)
	at TC_Search_by_STATUS.run(TC_Search_by_STATUS:18)
	at com.kms.katalon.core.main.ScriptEngine.run(ScriptEngine.java:194)
	at com.kms.katalon.core.main.ScriptEngine.runScriptAsRawText(ScriptEngine.java:119)
	at com.kms.katalon.core.main.TestCaseExecutor.runScript(TestCaseExecutor.java:339)
	at com.kms.katalon.core.main.TestCaseExecutor.doExecute(TestCaseExecutor.java:330)
	at com.kms.katalon.core.main.TestCaseExecutor.processExecutionPhase(TestCaseExecutor.java:309)
	at com.kms.katalon.core.main.TestCaseExecutor.accessMainPhase(TestCaseExecutor.java:301)
	at com.kms.katalon.core.main.TestCaseExecutor.execute(TestCaseExecutor.java:235)
	at com.kms.katalon.core.main.TestSuiteExecutor.accessTestCaseMainPhase(TestSuiteExecutor.java:191)
	at com.kms.katalon.core.main.TestSuiteExecutor.accessTestSuiteMainPhase(TestSuiteExecutor.java:141)
	at com.kms.katalon.core.main.TestSuiteExecutor.execute(TestSuiteExecutor.java:90)
	at com.kms.katalon.core.main.TestCaseMain.startTestSuite(TestCaseMain.java:157)
	at com.kms.katalon.core.main.TestCaseMain$startTestSuite$0.call(Unknown Source)
	at TempTestSuite1611286948562.run(TempTestSuite1611286948562.groovy:39)
)
[[ATTACHMENT|/Users/chaidir.pratama01/Katalon Studio/IST_Automation_Git/Reports/20210122_104222/RTD/TS_Partner_Disbursement/20210122_104228/1611288578508.png]]

2021-01-22 11:09:39 - [MESSAGE][PASSED] - Verify Search Result Presents

2021-01-22 11:09:39 - [TEST_STEP][PASSED] - Click button "Logout": Click button "Logout"

2021-01-22 11:09:39 - [MESSAGE][INFO] - >>>>>//Button[contains(text(),'Logout')]

2021-01-22 11:09:42 - [MESSAGE][PASSED] - Object '' is present

2021-01-22 11:09:42 - [MESSAGE][PASSED] - Object: '' is clicked on

2021-01-22 11:09:42 - [MESSAGE][PASSED] - Switched to window with index: '0'

2021-01-22 11:09:42 - [MESSAGE][PASSED] - Click button "Logout"

2021-01-22 11:09:42 - [TEST_STEP][PASSED] - Close browser: Close browser

2021-01-22 11:09:42 - [MESSAGE][PASSED] - Browser is closed

2021-01-22 11:09:42 - [MESSAGE][PASSED] - Close browser

2021-01-22 11:09:42 - [MESSAGE][PASSED] - Feature file: 'Include/features/IST_Real/RTD/Partner_Disbursement/Search_by_STATUS.feature' was passed]]></system-out>
         <system-err><![CDATA[]]></system-err>
      </testcase>
      <testcase name="Test Cases/RTD/Partner Disbursement/TC_Export_Data" time="10.185" classname="Test Cases/RTD/Partner Disbursement/TC_Export_Data" status="PASSED">
         <system-out><![CDATA[2021-01-22 11:09:42 - [TEST_CASE][PASSED] - Test Cases/RTD/Partner Disbursement/TC_Export_Data: Test Cases/RTD/Partner Disbursement/TC_Export_Data

2021-01-22 11:09:42 - [TEST_STEP][PASSED] - runFeatureFile("Include/features/IST_Real/RTD/Partner_Disbursement/Export_Data.feature"): Feature file: 'Include/features/IST_Real/RTD/Partner_Disbursement/Export_Data.feature' was passed

2021-01-22 11:09:42 - [MESSAGE][INFO] - Starting run keyword runFeatureFile: 'Include/features/IST_Real/RTD/Partner_Disbursement/Export_Data.feature' and extract report to folder: '/Users/chaidir.pratama01/Katalon Studio/IST_Automation_Git/Reports/20210122_104222/RTD/TS_Partner_Disbursement/20210122_104228/cucumber_report/1611288582747'...

2021-01-22 11:09:42 - [TEST_CASE][PASSED] - Start Test Case : SCENARIO Export Data: SCENARIO Export Data

2021-01-22 11:09:42 - [TEST_STEP][PASSED] - Go to ISTools: Go to ISTools

2021-01-22 11:09:42 - [MESSAGE][INFO] - Starting 'Chrome (headless)' driver

2021-01-22 11:09:42 - [MESSAGE][INFO] - User set preference: ['args', '[--start-maximized, --disable-gpu, --no-proxy-server, â€“-no-sandbox, --allow-running-insecure-content, --ignore-certificate-errors, window-size=1680,814, force-device-scale-factor=2, --lang=en-GB]']

2021-01-22 11:09:42 - [MESSAGE][INFO] - User set preference: ['prefs', '{download.default_directory=/Users/chaidir.pratama01/Katalon Studio/IST_Automation_Git/Download}']

2021-01-22 11:09:42 - [MESSAGE][INFO] - Action delay is set to 0 milliseconds

2021-01-22 11:09:43 - [MESSAGE][PASSED] - Browser is opened with url: ''

2021-01-22 11:09:44 - [MESSAGE][PASSED] - Navigate to 'https://dev-istools.homecredit.id/foundation/' successfully

2021-01-22 11:09:44 - [MESSAGE][PASSED] - Go to ISTools

2021-01-22 11:09:44 - [TEST_STEP][PASSED] - Login IST with valid credentials: Login IST with valid credentials

2021-01-22 11:09:44 - [MESSAGE][PASSED] - Text 'mobile.test' is set on object 'Object Repository/Page_/input_Username_j_username'

2021-01-22 11:09:44 - [MESSAGE][PASSED] - Text ****** has been set on object 'Object Repository/Page_/input_Password_j_password'

2021-01-22 11:09:44 - [MESSAGE][PASSED] - Object: 'Object Repository/Page_/button_Login' is clicked on

2021-01-22 11:09:44 - [MESSAGE][PASSED] - Login IST with valid credentials

2021-01-22 11:09:44 - [TEST_STEP][PASSED] - Login Success: Login Success

2021-01-22 11:09:44 - [MESSAGE][INFO] - Login Success

2021-01-22 11:09:44 - [MESSAGE][PASSED] - Current window maximized

2021-01-22 11:09:44 - [MESSAGE][PASSED] - Object 'Object Repository/Page_/h1_Welcome to IT Supporting Tools' is present

2021-01-22 11:09:44 - [MESSAGE][PASSED] - Login Success

2021-01-22 11:09:44 - [TEST_STEP][PASSED] - Select Arrow Menu "Real Time Disbursement": Select Arrow Menu "Real Time Disbursement"

2021-01-22 11:09:45 - [MESSAGE][PASSED] - Object: '' is clicked on

2021-01-22 11:09:45 - [MESSAGE][PASSED] - Select Arrow Menu "Real Time Disbursement"

2021-01-22 11:09:45 - [TEST_STEP][PASSED] - Select Menu "Partner Disbursement": Select Menu "Partner Disbursement"

2021-01-22 11:09:45 - [MESSAGE][PASSED] - Taking screenshot successfully
[[ATTACHMENT|/Users/chaidir.pratama01/Documents/Docs/Katalon Studio/Screenshot/test-Partner Disbursement.png]]

2021-01-22 11:09:45 - [MESSAGE][PASSED] - Object '' is present

2021-01-22 11:09:45 - [MESSAGE][PASSED] - Object: '' is clicked on

2021-01-22 11:09:45 - [MESSAGE][PASSED] - Wait for page load successfully

2021-01-22 11:09:45 - [MESSAGE][PASSED] - Select Menu "Partner Disbursement"

2021-01-22 11:09:45 - [TEST_STEP][PASSED] - Input Contract RTD in Contract Number label: Input Contract RTD in Contract Number label

2021-01-22 11:09:45 - [MESSAGE][PASSED] - Text '4000014162' is set on object ''

2021-01-22 11:09:45 - [MESSAGE][PASSED] - Input Contract RTD in Contract Number label

2021-01-22 11:09:45 - [TEST_STEP][PASSED] - Click button "Search": Click button "Search"

2021-01-22 11:09:45 - [MESSAGE][INFO] - >>>>>//Button[contains(text(),'Search')]

2021-01-22 11:09:49 - [MESSAGE][PASSED] - Object '' is present

2021-01-22 11:09:49 - [MESSAGE][PASSED] - Object: '' is clicked on

2021-01-22 11:09:49 - [MESSAGE][PASSED] - Switched to window with index: '0'

2021-01-22 11:09:49 - [MESSAGE][PASSED] - Click button "Search"

2021-01-22 11:09:49 - [TEST_STEP][PASSED] - Verify Table Filled: Verify Table Filled

2021-01-22 11:09:49 - [MESSAGE][PASSED] - Object '' is present

2021-01-22 11:09:49 - [MESSAGE][PASSED] - Verify Table Filled

2021-01-22 11:09:49 - [TEST_STEP][PASSED] - Click button "Export Data": Click button "Export Data"

2021-01-22 11:09:49 - [MESSAGE][INFO] - >>>>>//Button[contains(text(),'Export Data')]

2021-01-22 11:09:52 - [MESSAGE][PASSED] - Object: '' is clicked on

2021-01-22 11:09:52 - [MESSAGE][PASSED] - Taking screenshot successfully
[[ATTACHMENT|/Users/chaidir.pratama01/Documents/Docs/Katalon Studio/Screenshot/Download_data.png]]

2021-01-22 11:09:52 - [MESSAGE][PASSED] - Click button "Export Data"

2021-01-22 11:09:52 - [MESSAGE][PASSED] - Feature file: 'Include/features/IST_Real/RTD/Partner_Disbursement/Export_Data.feature' was passed]]></system-out>
         <system-err><![CDATA[]]></system-err>
      </testcase>
      <testcase name="Test Cases/RTD/Partner Disbursement/TC_Search_by_OrderID" time="7.217" classname="Test Cases/RTD/Partner Disbursement/TC_Search_by_OrderID" status="PASSED">
         <system-out><![CDATA[2021-01-22 11:09:52 - [TEST_CASE][PASSED] - Test Cases/RTD/Partner Disbursement/TC_Search_by_OrderID: Test Cases/RTD/Partner Disbursement/TC_Search_by_OrderID

2021-01-22 11:09:52 - [TEST_STEP][PASSED] - runFeatureFile("Include/features/IST_Real/RTD/Partner_Disbursement/Search_by_OrderID.feature"): Feature file: 'Include/features/IST_Real/RTD/Partner_Disbursement/Search_by_OrderID.feature' was passed

2021-01-22 11:09:52 - [MESSAGE][INFO] - Starting run keyword runFeatureFile: 'Include/features/IST_Real/RTD/Partner_Disbursement/Search_by_OrderID.feature' and extract report to folder: '/Users/chaidir.pratama01/Katalon Studio/IST_Automation_Git/Reports/20210122_104222/RTD/TS_Partner_Disbursement/20210122_104228/cucumber_report/1611288592947'...

2021-01-22 11:09:53 - [TEST_CASE][PASSED] - Start Test Case : SCENARIO Search by Contract Number and it found on Dashboard: SCENARIO Search by Contract Number and it found on Dashboard

2021-01-22 11:09:53 - [TEST_STEP][PASSED] - Go to ISTools: Go to ISTools

2021-01-22 11:09:53 - [MESSAGE][WARNING] - A browser is already opened. Closing browser and opening a new one

2021-01-22 11:09:53 - [MESSAGE][INFO] - Starting 'Chrome (headless)' driver

2021-01-22 11:09:53 - [MESSAGE][INFO] - User set preference: ['args', '[--start-maximized, --disable-gpu, --no-proxy-server, â€“-no-sandbox, --allow-running-insecure-content, --ignore-certificate-errors, window-size=1680,814, force-device-scale-factor=2, --lang=en-GB]']

2021-01-22 11:09:53 - [MESSAGE][INFO] - User set preference: ['prefs', '{download.default_directory=/Users/chaidir.pratama01/Katalon Studio/IST_Automation_Git/Download}']

2021-01-22 11:09:53 - [MESSAGE][INFO] - Action delay is set to 0 milliseconds

2021-01-22 11:09:53 - [MESSAGE][PASSED] - Browser is opened with url: ''

2021-01-22 11:09:54 - [MESSAGE][PASSED] - Navigate to 'https://dev-istools.homecredit.id/foundation/' successfully

2021-01-22 11:09:54 - [MESSAGE][PASSED] - Go to ISTools

2021-01-22 11:09:54 - [TEST_STEP][PASSED] - Login IST with valid credentials: Login IST with valid credentials

2021-01-22 11:09:54 - [MESSAGE][PASSED] - Text 'mobile.test' is set on object 'Object Repository/Page_/input_Username_j_username'

2021-01-22 11:09:54 - [MESSAGE][PASSED] - Text ****** has been set on object 'Object Repository/Page_/input_Password_j_password'

2021-01-22 11:09:54 - [MESSAGE][PASSED] - Object: 'Object Repository/Page_/button_Login' is clicked on

2021-01-22 11:09:54 - [MESSAGE][PASSED] - Login IST with valid credentials

2021-01-22 11:09:54 - [TEST_STEP][PASSED] - Login Success: Login Success

2021-01-22 11:09:54 - [MESSAGE][INFO] - Login Success

2021-01-22 11:09:55 - [MESSAGE][PASSED] - Current window maximized

2021-01-22 11:09:55 - [MESSAGE][PASSED] - Object 'Object Repository/Page_/h1_Welcome to IT Supporting Tools' is present

2021-01-22 11:09:55 - [MESSAGE][PASSED] - Login Success

2021-01-22 11:09:55 - [TEST_STEP][PASSED] - Select Arrow Menu "Real Time Disbursement": Select Arrow Menu "Real Time Disbursement"

2021-01-22 11:09:55 - [MESSAGE][PASSED] - Object: '' is clicked on

2021-01-22 11:09:55 - [MESSAGE][PASSED] - Select Arrow Menu "Real Time Disbursement"

2021-01-22 11:09:55 - [TEST_STEP][PASSED] - Select Menu "Partner Disbursement": Select Menu "Partner Disbursement"

2021-01-22 11:09:55 - [MESSAGE][PASSED] - Taking screenshot successfully
[[ATTACHMENT|/Users/chaidir.pratama01/Documents/Docs/Katalon Studio/Screenshot/test-Partner Disbursement.png]]

2021-01-22 11:09:55 - [MESSAGE][PASSED] - Object '' is present

2021-01-22 11:09:55 - [MESSAGE][PASSED] - Object: '' is clicked on

2021-01-22 11:09:55 - [MESSAGE][PASSED] - Wait for page load successfully

2021-01-22 11:09:55 - [MESSAGE][PASSED] - Select Menu "Partner Disbursement"

2021-01-22 11:09:55 - [TEST_STEP][PASSED] - Input "Order ID" for "Partner Disbursement": Input "Order ID" for "Partner Disbursement"

2021-01-22 11:09:56 - [MESSAGE][PASSED] - Text '10037914991' is set on object ''

2021-01-22 11:09:56 - [MESSAGE][PASSED] - Input "Order ID" for "Partner Disbursement"

2021-01-22 11:09:56 - [TEST_STEP][PASSED] - Click button "Search": Click button "Search"

2021-01-22 11:09:56 - [MESSAGE][INFO] - >>>>>//Button[contains(text(),'Search')]

2021-01-22 11:09:59 - [MESSAGE][PASSED] - Object '' is present

2021-01-22 11:09:59 - [MESSAGE][PASSED] - Object: '' is clicked on

2021-01-22 11:09:59 - [MESSAGE][PASSED] - Switched to window with index: '0'

2021-01-22 11:09:59 - [MESSAGE][PASSED] - Click button "Search"

2021-01-22 11:09:59 - [TEST_STEP][PASSED] - Verify Search Result Presents: Verify Search Result Presents

2021-01-22 11:09:59 - [MESSAGE][PASSED] - Object '' is present

2021-01-22 11:10:00 - [MESSAGE][PASSED] - Verify Search Result Presents

2021-01-22 11:10:00 - [MESSAGE][PASSED] - Feature file: 'Include/features/IST_Real/RTD/Partner_Disbursement/Search_by_OrderID.feature' was passed]]></system-out>
         <system-err><![CDATA[]]></system-err>
      </testcase>
      <testcase name="Test Cases/RTD/Partner Disbursement/TC_Search_by_Contract_Number" time="7.01" classname="Test Cases/RTD/Partner Disbursement/TC_Search_by_Contract_Number" status="PASSED">
         <system-out><![CDATA[2021-01-22 11:10:00 - [TEST_CASE][PASSED] - Test Cases/RTD/Partner Disbursement/TC_Search_by_Contract_Number: Test Cases/RTD/Partner Disbursement/TC_Search_by_Contract_Number

2021-01-22 11:10:00 - [TEST_STEP][PASSED] - runFeatureFile("Include/features/IST_Real/RTD/Partner_Disbursement/Search_by_Contract_Number.feature"): Feature file: 'Include/features/IST_Real/RTD/Partner_Disbursement/Search_by_Contract_Number.feature' was passed

2021-01-22 11:10:00 - [MESSAGE][INFO] - Starting run keyword runFeatureFile: 'Include/features/IST_Real/RTD/Partner_Disbursement/Search_by_Contract_Number.feature' and extract report to folder: '/Users/chaidir.pratama01/Katalon Studio/IST_Automation_Git/Reports/20210122_104222/RTD/TS_Partner_Disbursement/20210122_104228/cucumber_report/1611288600157'...

2021-01-22 11:10:00 - [TEST_CASE][PASSED] - Start Test Case : SCENARIO Search by Contract Number and it found on Dashboard: SCENARIO Search by Contract Number and it found on Dashboard

2021-01-22 11:10:00 - [TEST_STEP][PASSED] - Go to ISTools: Go to ISTools

2021-01-22 11:10:00 - [MESSAGE][WARNING] - A browser is already opened. Closing browser and opening a new one

2021-01-22 11:10:00 - [MESSAGE][INFO] - Starting 'Chrome (headless)' driver

2021-01-22 11:10:00 - [MESSAGE][INFO] - User set preference: ['args', '[--start-maximized, --disable-gpu, --no-proxy-server, â€“-no-sandbox, --allow-running-insecure-content, --ignore-certificate-errors, window-size=1680,814, force-device-scale-factor=2, --lang=en-GB]']

2021-01-22 11:10:00 - [MESSAGE][INFO] - User set preference: ['prefs', '{download.default_directory=/Users/chaidir.pratama01/Katalon Studio/IST_Automation_Git/Download}']

2021-01-22 11:10:00 - [MESSAGE][INFO] - Action delay is set to 0 milliseconds

2021-01-22 11:10:00 - [MESSAGE][PASSED] - Browser is opened with url: ''

2021-01-22 11:10:01 - [MESSAGE][PASSED] - Navigate to 'https://dev-istools.homecredit.id/foundation/' successfully

2021-01-22 11:10:01 - [MESSAGE][PASSED] - Go to ISTools

2021-01-22 11:10:01 - [TEST_STEP][PASSED] - Login IST with valid credentials: Login IST with valid credentials

2021-01-22 11:10:01 - [MESSAGE][PASSED] - Text 'mobile.test' is set on object 'Object Repository/Page_/input_Username_j_username'

2021-01-22 11:10:01 - [MESSAGE][PASSED] - Text ****** has been set on object 'Object Repository/Page_/input_Password_j_password'

2021-01-22 11:10:02 - [MESSAGE][PASSED] - Object: 'Object Repository/Page_/button_Login' is clicked on

2021-01-22 11:10:02 - [MESSAGE][PASSED] - Login IST with valid credentials

2021-01-22 11:10:02 - [TEST_STEP][PASSED] - Login Success: Login Success

2021-01-22 11:10:02 - [MESSAGE][INFO] - Login Success

2021-01-22 11:10:02 - [MESSAGE][PASSED] - Current window maximized

2021-01-22 11:10:02 - [MESSAGE][PASSED] - Object 'Object Repository/Page_/h1_Welcome to IT Supporting Tools' is present

2021-01-22 11:10:02 - [MESSAGE][PASSED] - Login Success

2021-01-22 11:10:02 - [TEST_STEP][PASSED] - Select Arrow Menu "Real Time Disbursement": Select Arrow Menu "Real Time Disbursement"

2021-01-22 11:10:02 - [MESSAGE][PASSED] - Object: '' is clicked on

2021-01-22 11:10:02 - [MESSAGE][PASSED] - Select Arrow Menu "Real Time Disbursement"

2021-01-22 11:10:02 - [TEST_STEP][PASSED] - Select Menu "Partner Disbursement": Select Menu "Partner Disbursement"

2021-01-22 11:10:02 - [MESSAGE][PASSED] - Taking screenshot successfully
[[ATTACHMENT|/Users/chaidir.pratama01/Documents/Docs/Katalon Studio/Screenshot/test-Partner Disbursement.png]]

2021-01-22 11:10:02 - [MESSAGE][PASSED] - Object '' is present

2021-01-22 11:10:02 - [MESSAGE][PASSED] - Object: '' is clicked on

2021-01-22 11:10:02 - [MESSAGE][PASSED] - Wait for page load successfully

2021-01-22 11:10:02 - [MESSAGE][PASSED] - Select Menu "Partner Disbursement"

2021-01-22 11:10:02 - [TEST_STEP][PASSED] - Input Contract RTD in Contract Number label: Input Contract RTD in Contract Number label

2021-01-22 11:10:03 - [MESSAGE][PASSED] - Text '4000014162' is set on object ''

2021-01-22 11:10:03 - [MESSAGE][PASSED] - Input Contract RTD in Contract Number label

2021-01-22 11:10:03 - [TEST_STEP][PASSED] - Click button "Search": Click button "Search"

2021-01-22 11:10:03 - [MESSAGE][INFO] - >>>>>//Button[contains(text(),'Search')]

2021-01-22 11:10:06 - [MESSAGE][PASSED] - Object '' is present

2021-01-22 11:10:06 - [MESSAGE][PASSED] - Object: '' is clicked on

2021-01-22 11:10:06 - [MESSAGE][PASSED] - Switched to window with index: '0'

2021-01-22 11:10:06 - [MESSAGE][PASSED] - Click button "Search"

2021-01-22 11:10:06 - [TEST_STEP][PASSED] - Verify Search Result Presents: Verify Search Result Presents

2021-01-22 11:10:06 - [MESSAGE][PASSED] - Object '' is present

2021-01-22 11:10:07 - [MESSAGE][PASSED] - Verify Search Result Presents

2021-01-22 11:10:07 - [MESSAGE][PASSED] - Feature file: 'Include/features/IST_Real/RTD/Partner_Disbursement/Search_by_Contract_Number.feature' was passed]]></system-out>
         <system-err><![CDATA[]]></system-err>
      </testcase>
      <testcase name="Test Cases/RTD/Partner Disbursement/TC_Hold_Payment" time="42.817" classname="Test Cases/RTD/Partner Disbursement/TC_Hold_Payment" status="FAILED">
         <failure type="FAILED" message="Test Cases/RTD/Partner Disbursement/TC_Hold_Payment FAILED.
Reason:
com.kms.katalon.core.exception.StepFailedException: Feature file 'Include/features/IST_Real/RTD/Partner_Disbursement/Hold_Payment.feature' was failed
	at com.kms.katalon.core.keyword.internal.KeywordMain.stepFailed(KeywordMain.groovy:50)
	at com.kms.katalon.core.keyword.internal.KeywordMain.stepFailed(KeywordMain.groovy)
	at com.kms.katalon.core.keyword.internal.KeywordMain.stepFailed(KeywordMain.groovy:23)
	at com.kms.katalon.core.keyword.internal.KeywordMain$stepFailed$0.call(Unknown Source)
	at com.kms.katalon.core.cucumber.keyword.CucumberBuiltinKeywords$_runFeatureFile_closure1.doCall(CucumberBuiltinKeywords.groovy:82)
	at com.kms.katalon.core.cucumber.keyword.CucumberBuiltinKeywords$_runFeatureFile_closure1.doCall(CucumberBuiltinKeywords.groovy)
	at com.kms.katalon.core.keyword.internal.KeywordMain.runKeyword(KeywordMain.groovy:68)
	at com.kms.katalon.core.keyword.internal.KeywordMain$runKeyword.call(Unknown Source)
	at com.kms.katalon.core.cucumber.keyword.CucumberBuiltinKeywords.runFeatureFile(CucumberBuiltinKeywords.groovy:46)
	at com.kms.katalon.core.cucumber.keyword.CucumberBuiltinKeywords$runFeatureFile$0.callStatic(Unknown Source)
	at com.kms.katalon.core.cucumber.keyword.CucumberBuiltinKeywords.runFeatureFile(CucumberBuiltinKeywords.groovy:169)
	at com.kms.katalon.core.cucumber.keyword.CucumberBuiltinKeywords$runFeatureFile.call(Unknown Source)
	at TC_Hold_Payment.run(TC_Hold_Payment:18)
	at com.kms.katalon.core.main.ScriptEngine.run(ScriptEngine.java:194)
	at com.kms.katalon.core.main.ScriptEngine.runScriptAsRawText(ScriptEngine.java:119)
	at com.kms.katalon.core.main.TestCaseExecutor.runScript(TestCaseExecutor.java:339)
	at com.kms.katalon.core.main.TestCaseExecutor.doExecute(TestCaseExecutor.java:330)
	at com.kms.katalon.core.main.TestCaseExecutor.processExecutionPhase(TestCaseExecutor.java:309)
	at com.kms.katalon.core.main.TestCaseExecutor.accessMainPhase(TestCaseExecutor.java:301)
	at com.kms.katalon.core.main.TestCaseExecutor.execute(TestCaseExecutor.java:235)
	at com.kms.katalon.core.main.TestSuiteExecutor.accessTestCaseMainPhase(TestSuiteExecutor.java:191)
	at com.kms.katalon.core.main.TestSuiteExecutor.accessTestSuiteMainPhase(TestSuiteExecutor.java:141)
	at com.kms.katalon.core.main.TestSuiteExecutor.execute(TestSuiteExecutor.java:90)
	at com.kms.katalon.core.main.TestCaseMain.startTestSuite(TestCaseMain.java:157)
	at com.kms.katalon.core.main.TestCaseMain$startTestSuite$0.call(Unknown Source)
	at TempTestSuite1611286948562.run(TempTestSuite1611286948562.groovy:39)
"/>
         <system-out><![CDATA[2021-01-22 11:10:07 - [TEST_CASE][FAILED] - Test Cases/RTD/Partner Disbursement/TC_Hold_Payment: Test Cases/RTD/Partner Disbursement/TC_Hold_Payment FAILED.
Reason:
com.kms.katalon.core.exception.StepFailedException: Feature file 'Include/features/IST_Real/RTD/Partner_Disbursement/Hold_Payment.feature' was failed
	at com.kms.katalon.core.keyword.internal.KeywordMain.stepFailed(KeywordMain.groovy:50)
	at com.kms.katalon.core.keyword.internal.KeywordMain.stepFailed(KeywordMain.groovy)
	at com.kms.katalon.core.keyword.internal.KeywordMain.stepFailed(KeywordMain.groovy:23)
	at com.kms.katalon.core.keyword.internal.KeywordMain$stepFailed$0.call(Unknown Source)
	at com.kms.katalon.core.cucumber.keyword.CucumberBuiltinKeywords$_runFeatureFile_closure1.doCall(CucumberBuiltinKeywords.groovy:82)
	at com.kms.katalon.core.cucumber.keyword.CucumberBuiltinKeywords$_runFeatureFile_closure1.doCall(CucumberBuiltinKeywords.groovy)
	at com.kms.katalon.core.keyword.internal.KeywordMain.runKeyword(KeywordMain.groovy:68)
	at com.kms.katalon.core.keyword.internal.KeywordMain$runKeyword.call(Unknown Source)
	at com.kms.katalon.core.cucumber.keyword.CucumberBuiltinKeywords.runFeatureFile(CucumberBuiltinKeywords.groovy:46)
	at com.kms.katalon.core.cucumber.keyword.CucumberBuiltinKeywords$runFeatureFile$0.callStatic(Unknown Source)
	at com.kms.katalon.core.cucumber.keyword.CucumberBuiltinKeywords.runFeatureFile(CucumberBuiltinKeywords.groovy:169)
	at com.kms.katalon.core.cucumber.keyword.CucumberBuiltinKeywords$runFeatureFile.call(Unknown Source)
	at TC_Hold_Payment.run(TC_Hold_Payment:18)
	at com.kms.katalon.core.main.ScriptEngine.run(ScriptEngine.java:194)
	at com.kms.katalon.core.main.ScriptEngine.runScriptAsRawText(ScriptEngine.java:119)
	at com.kms.katalon.core.main.TestCaseExecutor.runScript(TestCaseExecutor.java:339)
	at com.kms.katalon.core.main.TestCaseExecutor.doExecute(TestCaseExecutor.java:330)
	at com.kms.katalon.core.main.TestCaseExecutor.processExecutionPhase(TestCaseExecutor.java:309)
	at com.kms.katalon.core.main.TestCaseExecutor.accessMainPhase(TestCaseExecutor.java:301)
	at com.kms.katalon.core.main.TestCaseExecutor.execute(TestCaseExecutor.java:235)
	at com.kms.katalon.core.main.TestSuiteExecutor.accessTestCaseMainPhase(TestSuiteExecutor.java:191)
	at com.kms.katalon.core.main.TestSuiteExecutor.accessTestSuiteMainPhase(TestSuiteExecutor.java:141)
	at com.kms.katalon.core.main.TestSuiteExecutor.execute(TestSuiteExecutor.java:90)
	at com.kms.katalon.core.main.TestCaseMain.startTestSuite(TestCaseMain.java:157)
	at com.kms.katalon.core.main.TestCaseMain$startTestSuite$0.call(Unknown Source)
	at TempTestSuite1611286948562.run(TempTestSuite1611286948562.groovy:39)


2021-01-22 11:10:07 - [TEST_STEP][FAILED] - runFeatureFile("Include/features/IST_Real/RTD/Partner_Disbursement/Hold_Payment.feature"): Keyword runFeatureFile was failed (Root cause: com.kms.katalon.core.exception.StepFailedException: Feature file 'Include/features/IST_Real/RTD/Partner_Disbursement/Hold_Payment.feature' was failed
	at com.kms.katalon.core.keyword.internal.KeywordMain.stepFailed(KeywordMain.groovy:50)
	at com.kms.katalon.core.keyword.internal.KeywordMain.stepFailed(KeywordMain.groovy)
	at com.kms.katalon.core.keyword.internal.KeywordMain.stepFailed(KeywordMain.groovy:23)
	at com.kms.katalon.core.keyword.internal.KeywordMain$stepFailed$0.call(Unknown Source)
	at com.kms.katalon.core.cucumber.keyword.CucumberBuiltinKeywords$_runFeatureFile_closure1.doCall(CucumberBuiltinKeywords.groovy:82)
	at com.kms.katalon.core.cucumber.keyword.CucumberBuiltinKeywords$_runFeatureFile_closure1.doCall(CucumberBuiltinKeywords.groovy)
	at com.kms.katalon.core.keyword.internal.KeywordMain.runKeyword(KeywordMain.groovy:68)
	at com.kms.katalon.core.keyword.internal.KeywordMain$runKeyword.call(Unknown Source)
	at com.kms.katalon.core.cucumber.keyword.CucumberBuiltinKeywords.runFeatureFile(CucumberBuiltinKeywords.groovy:46)
	at com.kms.katalon.core.cucumber.keyword.CucumberBuiltinKeywords$runFeatureFile$0.callStatic(Unknown Source)
	at com.kms.katalon.core.cucumber.keyword.CucumberBuiltinKeywords.runFeatureFile(CucumberBuiltinKeywords.groovy:169)
	at com.kms.katalon.core.cucumber.keyword.CucumberBuiltinKeywords$runFeatureFile.call(Unknown Source)
	at TC_Hold_Payment.run(TC_Hold_Payment:18)
	at com.kms.katalon.core.main.ScriptEngine.run(ScriptEngine.java:194)
	at com.kms.katalon.core.main.ScriptEngine.runScriptAsRawText(ScriptEngine.java:119)
	at com.kms.katalon.core.main.TestCaseExecutor.runScript(TestCaseExecutor.java:339)
	at com.kms.katalon.core.main.TestCaseExecutor.doExecute(TestCaseExecutor.java:330)
	at com.kms.katalon.core.main.TestCaseExecutor.processExecutionPhase(TestCaseExecutor.java:309)
	at com.kms.katalon.core.main.TestCaseExecutor.accessMainPhase(TestCaseExecutor.java:301)
	at com.kms.katalon.core.main.TestCaseExecutor.execute(TestCaseExecutor.java:235)
	at com.kms.katalon.core.main.TestSuiteExecutor.accessTestCaseMainPhase(TestSuiteExecutor.java:191)
	at com.kms.katalon.core.main.TestSuiteExecutor.accessTestSuiteMainPhase(TestSuiteExecutor.java:141)
	at com.kms.katalon.core.main.TestSuiteExecutor.execute(TestSuiteExecutor.java:90)
	at com.kms.katalon.core.main.TestCaseMain.startTestSuite(TestCaseMain.java:157)
	at com.kms.katalon.core.main.TestCaseMain$startTestSuite$0.call(Unknown Source)
	at TempTestSuite1611286948562.run(TempTestSuite1611286948562.groovy:39)
)

2021-01-22 11:10:07 - [MESSAGE][INFO] - Starting run keyword runFeatureFile: 'Include/features/IST_Real/RTD/Partner_Disbursement/Hold_Payment.feature' and extract report to folder: '/Users/chaidir.pratama01/Katalon Studio/IST_Automation_Git/Reports/20210122_104222/RTD/TS_Partner_Disbursement/20210122_104228/cucumber_report/1611288607168'...

2021-01-22 11:10:07 - [TEST_CASE][FAILED] - Start Test Case : SCENARIO Hold Payment for Status Eligible to Disburse: SCENARIO Hold Payment for Status Eligible to Disburse FAILED.
Reason:
com.kms.katalon.core.exception.StepFailedException: Unable to click on object ''
	at com.kms.katalon.core.webui.keyword.internal.WebUIKeywordMain.stepFailed(WebUIKeywordMain.groovy:64)
	at com.kms.katalon.core.webui.keyword.internal.WebUIKeywordMain.runKeyword(WebUIKeywordMain.groovy:26)
	at com.kms.katalon.core.webui.keyword.builtin.ClickKeyword.click(ClickKeyword.groovy:76)
	at com.kms.katalon.core.webui.keyword.builtin.ClickKeyword.execute(ClickKeyword.groovy:43)
	at com.kms.katalon.core.keyword.internal.KeywordExecutor.executeKeywordForPlatform(KeywordExecutor.groovy:73)
	at com.kms.katalon.core.webui.keyword.WebUiBuiltInKeywords.click(WebUiBuiltInKeywords.groovy:616)
	at com.kms.katalon.core.webui.keyword.WebUiBuiltInKeywords$click$3.call(Unknown Source)
	at RTD.click_checkbox(RTD.groovy:332)
	at âœ½.Click Checkbox(/Users/chaidir.pratama01/Katalon Studio/IST_Automation_Git/Include/features/IST_Real/RTD/Partner_Disbursement/Hold_Payment.feature:35)
Caused by: java.lang.IndexOutOfBoundsException: Index: 0, Size: 0
	at com.kms.katalon.core.webui.common.WebUiCommonHelper.buildLocator(WebUiCommonHelper.java:519)
	at com.kms.katalon.core.webui.common.WebUiCommonHelper.findElementByNormalMethods(WebUiCommonHelper.java:985)
	at com.kms.katalon.core.webui.common.WebUiCommonHelper.findElementsBySelectedMethod(WebUiCommonHelper.java:894)
	at com.kms.katalon.core.webui.common.WebUiCommonHelper.findElementsWithSelfHealing(WebUiCommonHelper.java:791)
	at com.kms.katalon.core.webui.common.WebUiCommonHelper.findWebElements(WebUiCommonHelper.java:717)
	at com.kms.katalon.core.webui.common.WebUiCommonHelper.findWebElement(WebUiCommonHelper.java:1349)
	at com.kms.katalon.core.webui.keyword.internal.WebUIAbstractKeyword.findWebElement(WebUIAbstractKeyword.groovy:27)
	at com.kms.katalon.core.webui.keyword.internal.WebUIAbstractKeyword.findWebElement(WebUIAbstractKeyword.groovy:26)
	at com.kms.katalon.core.webui.keyword.builtin.ClickKeyword$_click_closure1.doCall(ClickKeyword.groovy:67)
	at com.kms.katalon.core.webui.keyword.builtin.ClickKeyword$_click_closure1.call(ClickKeyword.groovy)
	at com.kms.katalon.core.webui.keyword.internal.WebUIKeywordMain.runKeyword(WebUIKeywordMain.groovy:20)
	at com.kms.katalon.core.webui.keyword.builtin.ClickKeyword.click(ClickKeyword.groovy:76)
	at com.kms.katalon.core.webui.keyword.builtin.ClickKeyword.execute(ClickKeyword.groovy:43)
	at com.kms.katalon.core.keyword.internal.KeywordExecutor.executeKeywordForPlatform(KeywordExecutor.groovy:73)
	at com.kms.katalon.core.webui.keyword.WebUiBuiltInKeywords.click(WebUiBuiltInKeywords.groovy:616)
	at com.kms.katalon.core.webui.keyword.WebUiBuiltInKeywords$click$3.call(Unknown Source)
	at RTD.click_checkbox(RTD.groovy:332)
	at cucumber.runtime.Utils$1.call(Utils.java:26)
	at cucumber.runtime.Timeout.timeout(Timeout.java:16)
	at cucumber.runtime.Utils.invoke(Utils.java:20)
	at cucumber.runtime.java.JavaStepDefinition.execute(JavaStepDefinition.java:48)
	at cucumber.runtime.PickleStepDefinitionMatch.runStep(PickleStepDefinitionMatch.java:50)
	at cucumber.runner.TestStep.executeStep(TestStep.java:55)
	at cucumber.runner.TestStep.run(TestStep.java:42)
	at cucumber.runner.PickleStepTestStep.run(PickleStepTestStep.java:53)
	at cucumber.runner.TestCase.run(TestCase.java:47)
	at cucumber.runner.Runner.runPickle(Runner.java:44)
	at cucumber.runtime.Runtime.runFeature(Runtime.java:120)
	at cucumber.runtime.Runtime.run(Runtime.java:106)
	at cucumber.api.cli.Main.run(Main.java:35)
	at cucumber.api.cli.Main$run.call(Unknown Source)
	at com.kms.katalon.core.cucumber.keyword.CucumberBuiltinKeywords$_runFeatureFile_closure1.doCall(CucumberBuiltinKeywords.groovy:76)
	at com.kms.katalon.core.cucumber.keyword.CucumberBuiltinKeywords$_runFeatureFile_closure1.doCall(CucumberBuiltinKeywords.groovy)
	at com.kms.katalon.core.keyword.internal.KeywordMain.runKeyword(KeywordMain.groovy:68)
	at com.kms.katalon.core.keyword.internal.KeywordMain$runKeyword.call(Unknown Source)
	at com.kms.katalon.core.cucumber.keyword.CucumberBuiltinKeywords.runFeatureFile(CucumberBuiltinKeywords.groovy:46)
	at com.kms.katalon.core.cucumber.keyword.CucumberBuiltinKeywords$runFeatureFile$0.callStatic(Unknown Source)
	at com.kms.katalon.core.cucumber.keyword.CucumberBuiltinKeywords.runFeatureFile(CucumberBuiltinKeywords.groovy:169)
	at com.kms.katalon.core.cucumber.keyword.CucumberBuiltinKeywords$runFeatureFile.call(Unknown Source)
	at TC_Hold_Payment.run(TC_Hold_Payment:18)
	at com.kms.katalon.core.main.ScriptEngine.run(ScriptEngine.java:194)
	at com.kms.katalon.core.main.ScriptEngine.runScriptAsRawText(ScriptEngine.java:119)
	at com.kms.katalon.core.main.TestCaseExecutor.runScript(TestCaseExecutor.java:339)
	at com.kms.katalon.core.main.TestCaseExecutor.doExecute(TestCaseExecutor.java:330)
	at com.kms.katalon.core.main.TestCaseExecutor.processExecutionPhase(TestCaseExecutor.java:309)
	at com.kms.katalon.core.main.TestCaseExecutor.accessMainPhase(TestCaseExecutor.java:301)
	at com.kms.katalon.core.main.TestCaseExecutor.execute(TestCaseExecutor.java:235)
	at com.kms.katalon.core.main.TestSuiteExecutor.accessTestCaseMainPhase(TestSuiteExecutor.java:191)
	at com.kms.katalon.core.main.TestSuiteExecutor.accessTestSuiteMainPhase(TestSuiteExecutor.java:141)
	at com.kms.katalon.core.main.TestSuiteExecutor.execute(TestSuiteExecutor.java:90)
	at com.kms.katalon.core.main.TestCaseMain.startTestSuite(TestCaseMain.java:157)
	at com.kms.katalon.core.main.TestCaseMain$startTestSuite$0.call(Unknown Source)
	at TempTestSuite1611286948562.run(TempTestSuite1611286948562.groovy:39)


2021-01-22 11:10:07 - [TEST_STEP][PASSED] - Go to ISTools: Go to ISTools

2021-01-22 11:10:07 - [MESSAGE][WARNING] - A browser is already opened. Closing browser and opening a new one

2021-01-22 11:10:07 - [MESSAGE][INFO] - Starting 'Chrome (headless)' driver

2021-01-22 11:10:07 - [MESSAGE][INFO] - User set preference: ['args', '[--start-maximized, --disable-gpu, --no-proxy-server, â€“-no-sandbox, --allow-running-insecure-content, --ignore-certificate-errors, window-size=1680,814, force-device-scale-factor=2, --lang=en-GB]']

2021-01-22 11:10:07 - [MESSAGE][INFO] - User set preference: ['prefs', '{download.default_directory=/Users/chaidir.pratama01/Katalon Studio/IST_Automation_Git/Download}']

2021-01-22 11:10:07 - [MESSAGE][INFO] - Action delay is set to 0 milliseconds

2021-01-22 11:10:07 - [MESSAGE][PASSED] - Browser is opened with url: ''

2021-01-22 11:10:08 - [MESSAGE][PASSED] - Navigate to 'https://dev-istools.homecredit.id/foundation/' successfully

2021-01-22 11:10:08 - [MESSAGE][PASSED] - Go to ISTools

2021-01-22 11:10:08 - [TEST_STEP][PASSED] - Login IST with valid credentials: Login IST with valid credentials

2021-01-22 11:10:08 - [MESSAGE][PASSED] - Text 'mobile.test' is set on object 'Object Repository/Page_/input_Username_j_username'

2021-01-22 11:10:09 - [MESSAGE][PASSED] - Text ****** has been set on object 'Object Repository/Page_/input_Password_j_password'

2021-01-22 11:10:09 - [MESSAGE][PASSED] - Object: 'Object Repository/Page_/button_Login' is clicked on

2021-01-22 11:10:09 - [MESSAGE][PASSED] - Login IST with valid credentials

2021-01-22 11:10:09 - [TEST_STEP][PASSED] - Login Success: Login Success

2021-01-22 11:10:09 - [MESSAGE][INFO] - Login Success

2021-01-22 11:10:09 - [MESSAGE][PASSED] - Current window maximized

2021-01-22 11:10:09 - [MESSAGE][PASSED] - Object 'Object Repository/Page_/h1_Welcome to IT Supporting Tools' is present

2021-01-22 11:10:09 - [MESSAGE][PASSED] - Login Success

2021-01-22 11:10:09 - [TEST_STEP][PASSED] - Select Arrow Menu "Real Time Disbursement": Select Arrow Menu "Real Time Disbursement"

2021-01-22 11:10:09 - [MESSAGE][PASSED] - Object: '' is clicked on

2021-01-22 11:10:09 - [MESSAGE][PASSED] - Select Arrow Menu "Real Time Disbursement"

2021-01-22 11:10:09 - [TEST_STEP][PASSED] - Select Menu "Partner Disbursement": Select Menu "Partner Disbursement"

2021-01-22 11:10:10 - [MESSAGE][PASSED] - Taking screenshot successfully
[[ATTACHMENT|/Users/chaidir.pratama01/Documents/Docs/Katalon Studio/Screenshot/test-Partner Disbursement.png]]

2021-01-22 11:10:10 - [MESSAGE][PASSED] - Object '' is present

2021-01-22 11:10:10 - [MESSAGE][PASSED] - Object: '' is clicked on

2021-01-22 11:10:10 - [MESSAGE][PASSED] - Wait for page load successfully

2021-01-22 11:10:10 - [MESSAGE][PASSED] - Select Menu "Partner Disbursement"

2021-01-22 11:10:10 - [TEST_STEP][PASSED] - Select STATUS "Eligible to disburse": Select STATUS "Eligible to disburse"

2021-01-22 11:10:10 - [MESSAGE][PASSED] - All options with value 'Eligible to disburse' are selected in object ''  using regular expression

2021-01-22 11:10:10 - [MESSAGE][PASSED] - Select STATUS "Eligible to disburse"

2021-01-22 11:10:10 - [TEST_STEP][PASSED] - Click button "Search": Click button "Search"

2021-01-22 11:10:10 - [MESSAGE][INFO] - >>>>>//Button[contains(text(),'Search')]

2021-01-22 11:10:13 - [MESSAGE][PASSED] - Object '' is present

2021-01-22 11:10:13 - [MESSAGE][PASSED] - Object: '' is clicked on

2021-01-22 11:10:13 - [MESSAGE][PASSED] - Switched to window with index: '0'

2021-01-22 11:10:13 - [MESSAGE][PASSED] - Click button "Search"

2021-01-22 11:10:13 - [TEST_STEP][PASSED] - Verify Search Result Presents: Verify Search Result Presents

2021-01-22 11:10:17 - [MESSAGE][INFO] - Unable to find the element located by 'By.xpath: //td[@style='display:none' and contains(text(),'-Empty-')]'. Please recheck the objects properties to make sure the desired element is located. 

2021-01-22 11:10:18 - [MESSAGE][WARNING] - com.kms.katalon.core.webui.exception.WebElementNotFoundException: Web element with id: '' located by '//td[@style='display:none' and contains(text(),'-Empty-')]' not found (Root cause: com.kms.katalon.core.exception.StepFailedException: com.kms.katalon.core.webui.exception.WebElementNotFoundException: Web element with id: '' located by '//td[@style='display:none' and contains(text(),'-Empty-')]' not found
	at com.kms.katalon.core.webui.keyword.internal.WebUIKeywordMain.stepFailed(WebUIKeywordMain.groovy:64)
	at com.kms.katalon.core.webui.keyword.builtin.VerifyElementPresentKeyword$_verifyElementPresent_closure1.doCall(VerifyElementPresentKeyword.groovy:85)
	at com.kms.katalon.core.webui.keyword.builtin.VerifyElementPresentKeyword$_verifyElementPresent_closure1.call(VerifyElementPresentKeyword.groovy)
	at com.kms.katalon.core.webui.keyword.internal.WebUIKeywordMain.runKeyword(WebUIKeywordMain.groovy:20)
	at com.kms.katalon.core.webui.keyword.builtin.VerifyElementPresentKeyword.verifyElementPresent(VerifyElementPresentKeyword.groovy:92)
	at com.kms.katalon.core.webui.keyword.builtin.VerifyElementPresentKeyword.execute(VerifyElementPresentKeyword.groovy:68)
	at com.kms.katalon.core.keyword.internal.KeywordExecutor.executeKeywordForPlatform(KeywordExecutor.groovy:73)
	at com.kms.katalon.core.webui.keyword.WebUiBuiltInKeywords.verifyElementPresent(WebUiBuiltInKeywords.groovy:1444)
	at com.kms.katalon.core.webui.keyword.WebUiBuiltInKeywords$verifyElementPresent$11.call(Unknown Source)
	at ist_real.Contract_Dispatcher.VerifyTblFilled(Contract_Dispatcher.groovy:1313)
	at ist_real.Contract_Dispatcher$VerifyTblFilled$0.call(Unknown Source)
	at RTD.Search_Result_Presents(RTD.groovy:191)
	at cucumber.runtime.Utils$1.call(Utils.java:26)
	at cucumber.runtime.Timeout.timeout(Timeout.java:16)
	at cucumber.runtime.Utils.invoke(Utils.java:20)
	at cucumber.runtime.java.JavaStepDefinition.execute(JavaStepDefinition.java:48)
	at cucumber.runtime.PickleStepDefinitionMatch.runStep(PickleStepDefinitionMatch.java:50)
	at cucumber.runner.TestStep.executeStep(TestStep.java:55)
	at cucumber.runner.TestStep.run(TestStep.java:42)
	at cucumber.runner.PickleStepTestStep.run(PickleStepTestStep.java:53)
	at cucumber.runner.TestCase.run(TestCase.java:47)
	at cucumber.runner.Runner.runPickle(Runner.java:44)
	at cucumber.runtime.Runtime.runFeature(Runtime.java:120)
	at cucumber.runtime.Runtime.run(Runtime.java:106)
	at cucumber.api.cli.Main.run(Main.java:35)
	at cucumber.api.cli.Main$run.call(Unknown Source)
	at com.kms.katalon.core.cucumber.keyword.CucumberBuiltinKeywords$_runFeatureFile_closure1.doCall(CucumberBuiltinKeywords.groovy:76)
	at com.kms.katalon.core.cucumber.keyword.CucumberBuiltinKeywords$_runFeatureFile_closure1.doCall(CucumberBuiltinKeywords.groovy)
	at com.kms.katalon.core.keyword.internal.KeywordMain.runKeyword(KeywordMain.groovy:68)
	at com.kms.katalon.core.keyword.internal.KeywordMain$runKeyword.call(Unknown Source)
	at com.kms.katalon.core.cucumber.keyword.CucumberBuiltinKeywords.runFeatureFile(CucumberBuiltinKeywords.groovy:46)
	at com.kms.katalon.core.cucumber.keyword.CucumberBuiltinKeywords$runFeatureFile$0.callStatic(Unknown Source)
	at com.kms.katalon.core.cucumber.keyword.CucumberBuiltinKeywords.runFeatureFile(CucumberBuiltinKeywords.groovy:169)
	at com.kms.katalon.core.cucumber.keyword.CucumberBuiltinKeywords$runFeatureFile.call(Unknown Source)
	at TC_Hold_Payment.run(TC_Hold_Payment:18)
	at com.kms.katalon.core.main.ScriptEngine.run(ScriptEngine.java:194)
	at com.kms.katalon.core.main.ScriptEngine.runScriptAsRawText(ScriptEngine.java:119)
	at com.kms.katalon.core.main.TestCaseExecutor.runScript(TestCaseExecutor.java:339)
	at com.kms.katalon.core.main.TestCaseExecutor.doExecute(TestCaseExecutor.java:330)
	at com.kms.katalon.core.main.TestCaseExecutor.processExecutionPhase(TestCaseExecutor.java:309)
	at com.kms.katalon.core.main.TestCaseExecutor.accessMainPhase(TestCaseExecutor.java:301)
	at com.kms.katalon.core.main.TestCaseExecutor.execute(TestCaseExecutor.java:235)
	at com.kms.katalon.core.main.TestSuiteExecutor.accessTestCaseMainPhase(TestSuiteExecutor.java:191)
	at com.kms.katalon.core.main.TestSuiteExecutor.accessTestSuiteMainPhase(TestSuiteExecutor.java:141)
	at com.kms.katalon.core.main.TestSuiteExecutor.execute(TestSuiteExecutor.java:90)
	at com.kms.katalon.core.main.TestCaseMain.startTestSuite(TestCaseMain.java:157)
	at com.kms.katalon.core.main.TestCaseMain$startTestSuite$0.call(Unknown Source)
	at TempTestSuite1611286948562.run(TempTestSuite1611286948562.groovy:39)
)
[[ATTACHMENT|/Users/chaidir.pratama01/Katalon Studio/IST_Automation_Git/Reports/20210122_104222/RTD/TS_Partner_Disbursement/20210122_104228/1611288617564.png]]

2021-01-22 11:10:18 - [MESSAGE][PASSED] - Verify Search Result Presents

2021-01-22 11:10:18 - [TEST_STEP][FAILED] - Click Checkbox: Click Checkbox FAILED.
Reason:
com.kms.katalon.core.exception.StepFailedException: Unable to click on object ''
	at com.kms.katalon.core.webui.keyword.internal.WebUIKeywordMain.stepFailed(WebUIKeywordMain.groovy:64)
	at com.kms.katalon.core.webui.keyword.internal.WebUIKeywordMain.runKeyword(WebUIKeywordMain.groovy:26)
	at com.kms.katalon.core.webui.keyword.builtin.ClickKeyword.click(ClickKeyword.groovy:76)
	at com.kms.katalon.core.webui.keyword.builtin.ClickKeyword.execute(ClickKeyword.groovy:43)
	at com.kms.katalon.core.keyword.internal.KeywordExecutor.executeKeywordForPlatform(KeywordExecutor.groovy:73)
	at com.kms.katalon.core.webui.keyword.WebUiBuiltInKeywords.click(WebUiBuiltInKeywords.groovy:616)
	at com.kms.katalon.core.webui.keyword.WebUiBuiltInKeywords$click$3.call(Unknown Source)
	at RTD.click_checkbox(RTD.groovy:332)
	at âœ½.Click Checkbox(/Users/chaidir.pratama01/Katalon Studio/IST_Automation_Git/Include/features/IST_Real/RTD/Partner_Disbursement/Hold_Payment.feature:35)
Caused by: java.lang.IndexOutOfBoundsException: Index: 0, Size: 0
	at com.kms.katalon.core.webui.common.WebUiCommonHelper.buildLocator(WebUiCommonHelper.java:519)
	at com.kms.katalon.core.webui.common.WebUiCommonHelper.findElementByNormalMethods(WebUiCommonHelper.java:985)
	at com.kms.katalon.core.webui.common.WebUiCommonHelper.findElementsBySelectedMethod(WebUiCommonHelper.java:894)
	at com.kms.katalon.core.webui.common.WebUiCommonHelper.findElementsWithSelfHealing(WebUiCommonHelper.java:791)
	at com.kms.katalon.core.webui.common.WebUiCommonHelper.findWebElements(WebUiCommonHelper.java:717)
	at com.kms.katalon.core.webui.common.WebUiCommonHelper.findWebElement(WebUiCommonHelper.java:1349)
	at com.kms.katalon.core.webui.keyword.internal.WebUIAbstractKeyword.findWebElement(WebUIAbstractKeyword.groovy:27)
	at com.kms.katalon.core.webui.keyword.internal.WebUIAbstractKeyword.findWebElement(WebUIAbstractKeyword.groovy:26)
	at com.kms.katalon.core.webui.keyword.builtin.ClickKeyword$_click_closure1.doCall(ClickKeyword.groovy:67)
	at com.kms.katalon.core.webui.keyword.builtin.ClickKeyword$_click_closure1.call(ClickKeyword.groovy)
	at com.kms.katalon.core.webui.keyword.internal.WebUIKeywordMain.runKeyword(WebUIKeywordMain.groovy:20)
	at com.kms.katalon.core.webui.keyword.builtin.ClickKeyword.click(ClickKeyword.groovy:76)
	at com.kms.katalon.core.webui.keyword.builtin.ClickKeyword.execute(ClickKeyword.groovy:43)
	at com.kms.katalon.core.keyword.internal.KeywordExecutor.executeKeywordForPlatform(KeywordExecutor.groovy:73)
	at com.kms.katalon.core.webui.keyword.WebUiBuiltInKeywords.click(WebUiBuiltInKeywords.groovy:616)
	at com.kms.katalon.core.webui.keyword.WebUiBuiltInKeywords$click$3.call(Unknown Source)
	at RTD.click_checkbox(RTD.groovy:332)
	at cucumber.runtime.Utils$1.call(Utils.java:26)
	at cucumber.runtime.Timeout.timeout(Timeout.java:16)
	at cucumber.runtime.Utils.invoke(Utils.java:20)
	at cucumber.runtime.java.JavaStepDefinition.execute(JavaStepDefinition.java:48)
	at cucumber.runtime.PickleStepDefinitionMatch.runStep(PickleStepDefinitionMatch.java:50)
	at cucumber.runner.TestStep.executeStep(TestStep.java:55)
	at cucumber.runner.TestStep.run(TestStep.java:42)
	at cucumber.runner.PickleStepTestStep.run(PickleStepTestStep.java:53)
	at cucumber.runner.TestCase.run(TestCase.java:47)
	at cucumber.runner.Runner.runPickle(Runner.java:44)
	at cucumber.runtime.Runtime.runFeature(Runtime.java:120)
	at cucumber.runtime.Runtime.run(Runtime.java:106)
	at cucumber.api.cli.Main.run(Main.java:35)
	at cucumber.api.cli.Main$run.call(Unknown Source)
	at com.kms.katalon.core.cucumber.keyword.CucumberBuiltinKeywords$_runFeatureFile_closure1.doCall(CucumberBuiltinKeywords.groovy:76)
	at com.kms.katalon.core.cucumber.keyword.CucumberBuiltinKeywords$_runFeatureFile_closure1.doCall(CucumberBuiltinKeywords.groovy)
	at com.kms.katalon.core.keyword.internal.KeywordMain.runKeyword(KeywordMain.groovy:68)
	at com.kms.katalon.core.keyword.internal.KeywordMain$runKeyword.call(Unknown Source)
	at com.kms.katalon.core.cucumber.keyword.CucumberBuiltinKeywords.runFeatureFile(CucumberBuiltinKeywords.groovy:46)
	at com.kms.katalon.core.cucumber.keyword.CucumberBuiltinKeywords$runFeatureFile$0.callStatic(Unknown Source)
	at com.kms.katalon.core.cucumber.keyword.CucumberBuiltinKeywords.runFeatureFile(CucumberBuiltinKeywords.groovy:169)
	at com.kms.katalon.core.cucumber.keyword.CucumberBuiltinKeywords$runFeatureFile.call(Unknown Source)
	at TC_Hold_Payment.run(TC_Hold_Payment:18)
	at com.kms.katalon.core.main.ScriptEngine.run(ScriptEngine.java:194)
	at com.kms.katalon.core.main.ScriptEngine.runScriptAsRawText(ScriptEngine.java:119)
	at com.kms.katalon.core.main.TestCaseExecutor.runScript(TestCaseExecutor.java:339)
	at com.kms.katalon.core.main.TestCaseExecutor.doExecute(TestCaseExecutor.java:330)
	at com.kms.katalon.core.main.TestCaseExecutor.processExecutionPhase(TestCaseExecutor.java:309)
	at com.kms.katalon.core.main.TestCaseExecutor.accessMainPhase(TestCaseExecutor.java:301)
	at com.kms.katalon.core.main.TestCaseExecutor.execute(TestCaseExecutor.java:235)
	at com.kms.katalon.core.main.TestSuiteExecutor.accessTestCaseMainPhase(TestSuiteExecutor.java:191)
	at com.kms.katalon.core.main.TestSuiteExecutor.accessTestSuiteMainPhase(TestSuiteExecutor.java:141)
	at com.kms.katalon.core.main.TestSuiteExecutor.execute(TestSuiteExecutor.java:90)
	at com.kms.katalon.core.main.TestCaseMain.startTestSuite(TestCaseMain.java:157)
	at com.kms.katalon.core.main.TestCaseMain$startTestSuite$0.call(Unknown Source)
	at TempTestSuite1611286948562.run(TempTestSuite1611286948562.groovy:39)


2021-01-22 11:10:49 - [MESSAGE][INFO] - Unable to find the element located by 'By.xpath: //div[@class='z-grid'][2]/div[1]/table/tbody/tr/th/div[@class='z-column-content' and text()='Contract Number']/../../../../../following-sibling::div[2]/table/tbody[1]/tr/td/div/span/input'. Please recheck the objects properties to make sure the desired element is located. 

2021-01-22 11:10:49 - [MESSAGE][WARNING] - [SELF-HEALING] Failed to find element with id ''. Try using Self-healing.

2021-01-22 11:10:49 - [MESSAGE][FAILED] - Unable to click on object '' (Root cause: com.kms.katalon.core.exception.StepFailedException: Unable to click on object ''
	at com.kms.katalon.core.webui.keyword.internal.WebUIKeywordMain.stepFailed(WebUIKeywordMain.groovy:64)
	at com.kms.katalon.core.webui.keyword.internal.WebUIKeywordMain.runKeyword(WebUIKeywordMain.groovy:26)
	at com.kms.katalon.core.webui.keyword.builtin.ClickKeyword.click(ClickKeyword.groovy:76)
	at com.kms.katalon.core.webui.keyword.builtin.ClickKeyword.execute(ClickKeyword.groovy:43)
	at com.kms.katalon.core.keyword.internal.KeywordExecutor.executeKeywordForPlatform(KeywordExecutor.groovy:73)
	at com.kms.katalon.core.webui.keyword.WebUiBuiltInKeywords.click(WebUiBuiltInKeywords.groovy:616)
	at com.kms.katalon.core.webui.keyword.WebUiBuiltInKeywords$click$3.call(Unknown Source)
	at RTD.click_checkbox(RTD.groovy:332)
	at cucumber.runtime.Utils$1.call(Utils.java:26)
	at cucumber.runtime.Timeout.timeout(Timeout.java:16)
	at cucumber.runtime.Utils.invoke(Utils.java:20)
	at cucumber.runtime.java.JavaStepDefinition.execute(JavaStepDefinition.java:48)
	at cucumber.runtime.PickleStepDefinitionMatch.runStep(PickleStepDefinitionMatch.java:50)
	at cucumber.runner.TestStep.executeStep(TestStep.java:55)
	at cucumber.runner.TestStep.run(TestStep.java:42)
	at cucumber.runner.PickleStepTestStep.run(PickleStepTestStep.java:53)
	at cucumber.runner.TestCase.run(TestCase.java:47)
	at cucumber.runner.Runner.runPickle(Runner.java:44)
	at cucumber.runtime.Runtime.runFeature(Runtime.java:120)
	at cucumber.runtime.Runtime.run(Runtime.java:106)
	at cucumber.api.cli.Main.run(Main.java:35)
	at cucumber.api.cli.Main$run.call(Unknown Source)
	at com.kms.katalon.core.cucumber.keyword.CucumberBuiltinKeywords$_runFeatureFile_closure1.doCall(CucumberBuiltinKeywords.groovy:76)
	at com.kms.katalon.core.cucumber.keyword.CucumberBuiltinKeywords$_runFeatureFile_closure1.doCall(CucumberBuiltinKeywords.groovy)
	at com.kms.katalon.core.keyword.internal.KeywordMain.runKeyword(KeywordMain.groovy:68)
	at com.kms.katalon.core.keyword.internal.KeywordMain$runKeyword.call(Unknown Source)
	at com.kms.katalon.core.cucumber.keyword.CucumberBuiltinKeywords.runFeatureFile(CucumberBuiltinKeywords.groovy:46)
	at com.kms.katalon.core.cucumber.keyword.CucumberBuiltinKeywords$runFeatureFile$0.callStatic(Unknown Source)
	at com.kms.katalon.core.cucumber.keyword.CucumberBuiltinKeywords.runFeatureFile(CucumberBuiltinKeywords.groovy:169)
	at com.kms.katalon.core.cucumber.keyword.CucumberBuiltinKeywords$runFeatureFile.call(Unknown Source)
	at TC_Hold_Payment.run(TC_Hold_Payment:18)
	at com.kms.katalon.core.main.ScriptEngine.run(ScriptEngine.java:194)
	at com.kms.katalon.core.main.ScriptEngine.runScriptAsRawText(ScriptEngine.java:119)
	at com.kms.katalon.core.main.TestCaseExecutor.runScript(TestCaseExecutor.java:339)
	at com.kms.katalon.core.main.TestCaseExecutor.doExecute(TestCaseExecutor.java:330)
	at com.kms.katalon.core.main.TestCaseExecutor.processExecutionPhase(TestCaseExecutor.java:309)
	at com.kms.katalon.core.main.TestCaseExecutor.accessMainPhase(TestCaseExecutor.java:301)
	at com.kms.katalon.core.main.TestCaseExecutor.execute(TestCaseExecutor.java:235)
	at com.kms.katalon.core.main.TestSuiteExecutor.accessTestCaseMainPhase(TestSuiteExecutor.java:191)
	at com.kms.katalon.core.main.TestSuiteExecutor.accessTestSuiteMainPhase(TestSuiteExecutor.java:141)
	at com.kms.katalon.core.main.TestSuiteExecutor.execute(TestSuiteExecutor.java:90)
	at com.kms.katalon.core.main.TestCaseMain.startTestSuite(TestCaseMain.java:157)
	at com.kms.katalon.core.main.TestCaseMain$startTestSuite$0.call(Unknown Source)
	at TempTestSuite1611286948562.run(TempTestSuite1611286948562.groovy:39)
Caused by: java.lang.IndexOutOfBoundsException: Index: 0, Size: 0
	at com.kms.katalon.core.webui.common.WebUiCommonHelper.buildLocator(WebUiCommonHelper.java:519)
	at com.kms.katalon.core.webui.common.WebUiCommonHelper.findElementByNormalMethods(WebUiCommonHelper.java:985)
	at com.kms.katalon.core.webui.common.WebUiCommonHelper.findElementsBySelectedMethod(WebUiCommonHelper.java:894)
	at com.kms.katalon.core.webui.common.WebUiCommonHelper.findElementsWithSelfHealing(WebUiCommonHelper.java:791)
	at com.kms.katalon.core.webui.common.WebUiCommonHelper.findWebElements(WebUiCommonHelper.java:717)
	at com.kms.katalon.core.webui.common.WebUiCommonHelper.findWebElement(WebUiCommonHelper.java:1349)
	at com.kms.katalon.core.webui.keyword.internal.WebUIAbstractKeyword.findWebElement(WebUIAbstractKeyword.groovy:27)
	at com.kms.katalon.core.webui.keyword.internal.WebUIAbstractKeyword.findWebElement(WebUIAbstractKeyword.groovy:26)
	at com.kms.katalon.core.webui.keyword.builtin.ClickKeyword$_click_closure1.doCall(ClickKeyword.groovy:67)
	at com.kms.katalon.core.webui.keyword.builtin.ClickKeyword$_click_closure1.call(ClickKeyword.groovy)
	at com.kms.katalon.core.webui.keyword.internal.WebUIKeywordMain.runKeyword(WebUIKeywordMain.groovy:20)
	at com.kms.katalon.core.webui.keyword.builtin.ClickKeyword.click(ClickKeyword.groovy:76)
	at com.kms.katalon.core.webui.keyword.builtin.ClickKeyword.execute(ClickKeyword.groovy:43)
	at com.kms.katalon.core.keyword.internal.KeywordExecutor.executeKeywordForPlatform(KeywordExecutor.groovy:73)
	at com.kms.katalon.core.webui.keyword.WebUiBuiltInKeywords.click(WebUiBuiltInKeywords.groovy:616)
	at com.kms.katalon.core.webui.keyword.WebUiBuiltInKeywords$click$3.call(Unknown Source)
	at RTD.click_checkbox(RTD.groovy:332)
	at cucumber.runtime.Utils$1.call(Utils.java:26)
	at cucumber.runtime.Timeout.timeout(Timeout.java:16)
	at cucumber.runtime.Utils.invoke(Utils.java:20)
	at cucumber.runtime.java.JavaStepDefinition.execute(JavaStepDefinition.java:48)
	at cucumber.runtime.PickleStepDefinitionMatch.runStep(PickleStepDefinitionMatch.java:50)
	at cucumber.runner.TestStep.executeStep(TestStep.java:55)
	at cucumber.runner.TestStep.run(TestStep.java:42)
	at cucumber.runner.PickleStepTestStep.run(PickleStepTestStep.java:53)
	at cucumber.runner.TestCase.run(TestCase.java:47)
	at cucumber.runner.Runner.runPickle(Runner.java:44)
	at cucumber.runtime.Runtime.runFeature(Runtime.java:120)
	at cucumber.runtime.Runtime.run(Runtime.java:106)
	at cucumber.api.cli.Main.run(Main.java:35)
	at cucumber.api.cli.Main$run.call(Unknown Source)
	at com.kms.katalon.core.cucumber.keyword.CucumberBuiltinKeywords$_runFeatureFile_closure1.doCall(CucumberBuiltinKeywords.groovy:76)
	at com.kms.katalon.core.cucumber.keyword.CucumberBuiltinKeywords$_runFeatureFile_closure1.doCall(CucumberBuiltinKeywords.groovy)
	at com.kms.katalon.core.keyword.internal.KeywordMain.runKeyword(KeywordMain.groovy:68)
	at com.kms.katalon.core.keyword.internal.KeywordMain$runKeyword.call(Unknown Source)
	at com.kms.katalon.core.cucumber.keyword.CucumberBuiltinKeywords.runFeatureFile(CucumberBuiltinKeywords.groovy:46)
	at com.kms.katalon.core.cucumber.keyword.CucumberBuiltinKeywords$runFeatureFile$0.callStatic(Unknown Source)
	at com.kms.katalon.core.cucumber.keyword.CucumberBuiltinKeywords.runFeatureFile(CucumberBuiltinKeywords.groovy:169)
	at com.kms.katalon.core.cucumber.keyword.CucumberBuiltinKeywords$runFeatureFile.call(Unknown Source)
	at Script1611043652528.run(Script1611043652528.groovy:18)
	... 13 more
)
[[ATTACHMENT|/Users/chaidir.pratama01/Katalon Studio/IST_Automation_Git/Reports/20210122_104222/RTD/TS_Partner_Disbursement/20210122_104228/1611288649387.png]]

2021-01-22 11:10:49 - [MESSAGE][FAILED] - Click Checkbox FAILED.
Reason:
com.kms.katalon.core.exception.StepFailedException: Unable to click on object ''
	at com.kms.katalon.core.webui.keyword.internal.WebUIKeywordMain.stepFailed(WebUIKeywordMain.groovy:64)
	at com.kms.katalon.core.webui.keyword.internal.WebUIKeywordMain.runKeyword(WebUIKeywordMain.groovy:26)
	at com.kms.katalon.core.webui.keyword.builtin.ClickKeyword.click(ClickKeyword.groovy:76)
	at com.kms.katalon.core.webui.keyword.builtin.ClickKeyword.execute(ClickKeyword.groovy:43)
	at com.kms.katalon.core.keyword.internal.KeywordExecutor.executeKeywordForPlatform(KeywordExecutor.groovy:73)
	at com.kms.katalon.core.webui.keyword.WebUiBuiltInKeywords.click(WebUiBuiltInKeywords.groovy:616)
	at com.kms.katalon.core.webui.keyword.WebUiBuiltInKeywords$click$3.call(Unknown Source)
	at RTD.click_checkbox(RTD.groovy:332)
	at âœ½.Click Checkbox(/Users/chaidir.pratama01/Katalon Studio/IST_Automation_Git/Include/features/IST_Real/RTD/Partner_Disbursement/Hold_Payment.feature:35)
Caused by: java.lang.IndexOutOfBoundsException: Index: 0, Size: 0
	at com.kms.katalon.core.webui.common.WebUiCommonHelper.buildLocator(WebUiCommonHelper.java:519)
	at com.kms.katalon.core.webui.common.WebUiCommonHelper.findElementByNormalMethods(WebUiCommonHelper.java:985)
	at com.kms.katalon.core.webui.common.WebUiCommonHelper.findElementsBySelectedMethod(WebUiCommonHelper.java:894)
	at com.kms.katalon.core.webui.common.WebUiCommonHelper.findElementsWithSelfHealing(WebUiCommonHelper.java:791)
	at com.kms.katalon.core.webui.common.WebUiCommonHelper.findWebElements(WebUiCommonHelper.java:717)
	at com.kms.katalon.core.webui.common.WebUiCommonHelper.findWebElement(WebUiCommonHelper.java:1349)
	at com.kms.katalon.core.webui.keyword.internal.WebUIAbstractKeyword.findWebElement(WebUIAbstractKeyword.groovy:27)
	at com.kms.katalon.core.webui.keyword.internal.WebUIAbstractKeyword.findWebElement(WebUIAbstractKeyword.groovy:26)
	at com.kms.katalon.core.webui.keyword.builtin.ClickKeyword$_click_closure1.doCall(ClickKeyword.groovy:67)
	at com.kms.katalon.core.webui.keyword.builtin.ClickKeyword$_click_closure1.call(ClickKeyword.groovy)
	at com.kms.katalon.core.webui.keyword.internal.WebUIKeywordMain.runKeyword(WebUIKeywordMain.groovy:20)
	at com.kms.katalon.core.webui.keyword.builtin.ClickKeyword.click(ClickKeyword.groovy:76)
	at com.kms.katalon.core.webui.keyword.builtin.ClickKeyword.execute(ClickKeyword.groovy:43)
	at com.kms.katalon.core.keyword.internal.KeywordExecutor.executeKeywordForPlatform(KeywordExecutor.groovy:73)
	at com.kms.katalon.core.webui.keyword.WebUiBuiltInKeywords.click(WebUiBuiltInKeywords.groovy:616)
	at com.kms.katalon.core.webui.keyword.WebUiBuiltInKeywords$click$3.call(Unknown Source)
	at RTD.click_checkbox(RTD.groovy:332)
	at cucumber.runtime.Utils$1.call(Utils.java:26)
	at cucumber.runtime.Timeout.timeout(Timeout.java:16)
	at cucumber.runtime.Utils.invoke(Utils.java:20)
	at cucumber.runtime.java.JavaStepDefinition.execute(JavaStepDefinition.java:48)
	at cucumber.runtime.PickleStepDefinitionMatch.runStep(PickleStepDefinitionMatch.java:50)
	at cucumber.runner.TestStep.executeStep(TestStep.java:55)
	at cucumber.runner.TestStep.run(TestStep.java:42)
	at cucumber.runner.PickleStepTestStep.run(PickleStepTestStep.java:53)
	at cucumber.runner.TestCase.run(TestCase.java:47)
	at cucumber.runner.Runner.runPickle(Runner.java:44)
	at cucumber.runtime.Runtime.runFeature(Runtime.java:120)
	at cucumber.runtime.Runtime.run(Runtime.java:106)
	at cucumber.api.cli.Main.run(Main.java:35)
	at cucumber.api.cli.Main$run.call(Unknown Source)
	at com.kms.katalon.core.cucumber.keyword.CucumberBuiltinKeywords$_runFeatureFile_closure1.doCall(CucumberBuiltinKeywords.groovy:76)
	at com.kms.katalon.core.cucumber.keyword.CucumberBuiltinKeywords$_runFeatureFile_closure1.doCall(CucumberBuiltinKeywords.groovy)
	at com.kms.katalon.core.keyword.internal.KeywordMain.runKeyword(KeywordMain.groovy:68)
	at com.kms.katalon.core.keyword.internal.KeywordMain$runKeyword.call(Unknown Source)
	at com.kms.katalon.core.cucumber.keyword.CucumberBuiltinKeywords.runFeatureFile(CucumberBuiltinKeywords.groovy:46)
	at com.kms.katalon.core.cucumber.keyword.CucumberBuiltinKeywords$runFeatureFile$0.callStatic(Unknown Source)
	at com.kms.katalon.core.cucumber.keyword.CucumberBuiltinKeywords.runFeatureFile(CucumberBuiltinKeywords.groovy:169)
	at com.kms.katalon.core.cucumber.keyword.CucumberBuiltinKeywords$runFeatureFile.call(Unknown Source)
	at TC_Hold_Payment.run(TC_Hold_Payment:18)
	at com.kms.katalon.core.main.ScriptEngine.run(ScriptEngine.java:194)
	at com.kms.katalon.core.main.ScriptEngine.runScriptAsRawText(ScriptEngine.java:119)
	at com.kms.katalon.core.main.TestCaseExecutor.runScript(TestCaseExecutor.java:339)
	at com.kms.katalon.core.main.TestCaseExecutor.doExecute(TestCaseExecutor.java:330)
	at com.kms.katalon.core.main.TestCaseExecutor.processExecutionPhase(TestCaseExecutor.java:309)
	at com.kms.katalon.core.main.TestCaseExecutor.accessMainPhase(TestCaseExecutor.java:301)
	at com.kms.katalon.core.main.TestCaseExecutor.execute(TestCaseExecutor.java:235)
	at com.kms.katalon.core.main.TestSuiteExecutor.accessTestCaseMainPhase(TestSuiteExecutor.java:191)
	at com.kms.katalon.core.main.TestSuiteExecutor.accessTestSuiteMainPhase(TestSuiteExecutor.java:141)
	at com.kms.katalon.core.main.TestSuiteExecutor.execute(TestSuiteExecutor.java:90)
	at com.kms.katalon.core.main.TestCaseMain.startTestSuite(TestCaseMain.java:157)
	at com.kms.katalon.core.main.TestCaseMain$startTestSuite$0.call(Unknown Source)
	at TempTestSuite1611286948562.run(TempTestSuite1611286948562.groovy:39)


2021-01-22 11:10:49 - [TEST_STEP][NOT_RUN] - Get Checkbox data of Menu "Partner Disbursement" before Hold Payment: Get Checkbox data of Menu "Partner Disbursement" before Hold Payment

2021-01-22 11:10:49 - [MESSAGE][NOT_RUN] - Get Checkbox data of Menu "Partner Disbursement" before Hold Payment

2021-01-22 11:10:49 - [TEST_STEP][NOT_RUN] - Click button "HOLD PAYMENT": Click button "HOLD PAYMENT"

2021-01-22 11:10:49 - [MESSAGE][NOT_RUN] - Click button "HOLD PAYMENT"

2021-01-22 11:10:49 - [TEST_STEP][NOT_RUN] - Input reason of Hold Payment: Input reason of Hold Payment

2021-01-22 11:10:49 - [MESSAGE][NOT_RUN] - Input reason of Hold Payment

2021-01-22 11:10:49 - [TEST_STEP][NOT_RUN] - Click button "Yes": Click button "Yes"

2021-01-22 11:10:49 - [MESSAGE][NOT_RUN] - Click button "Yes"

2021-01-22 11:10:49 - [TEST_STEP][NOT_RUN] - Connect to Database RTD: Connect to Database RTD

2021-01-22 11:10:49 - [MESSAGE][NOT_RUN] - Connect to Database RTD

2021-01-22 11:10:49 - [TEST_STEP][NOT_RUN] - Select Hold Contract Number and make sure status is Hold Payment Recreation: Select Hold Contract Number and make sure status is Hold Payment Recreation

2021-01-22 11:10:49 - [MESSAGE][NOT_RUN] - Select Hold Contract Number and make sure status is Hold Payment Recreation

2021-01-22 11:10:49 - [MESSAGE][FAILED] - Feature file 'Include/features/IST_Real/RTD/Partner_Disbursement/Hold_Payment.feature' was failed

2021-01-22 11:10:49 - [MESSAGE][FAILED] - Keyword runFeatureFile was failed (Root cause: com.kms.katalon.core.exception.StepFailedException: Feature file 'Include/features/IST_Real/RTD/Partner_Disbursement/Hold_Payment.feature' was failed
	at com.kms.katalon.core.keyword.internal.KeywordMain.stepFailed(KeywordMain.groovy:50)
	at com.kms.katalon.core.keyword.internal.KeywordMain.stepFailed(KeywordMain.groovy)
	at com.kms.katalon.core.keyword.internal.KeywordMain.stepFailed(KeywordMain.groovy:23)
	at com.kms.katalon.core.keyword.internal.KeywordMain$stepFailed$0.call(Unknown Source)
	at com.kms.katalon.core.cucumber.keyword.CucumberBuiltinKeywords$_runFeatureFile_closure1.doCall(CucumberBuiltinKeywords.groovy:82)
	at com.kms.katalon.core.cucumber.keyword.CucumberBuiltinKeywords$_runFeatureFile_closure1.doCall(CucumberBuiltinKeywords.groovy)
	at com.kms.katalon.core.keyword.internal.KeywordMain.runKeyword(KeywordMain.groovy:68)
	at com.kms.katalon.core.keyword.internal.KeywordMain$runKeyword.call(Unknown Source)
	at com.kms.katalon.core.cucumber.keyword.CucumberBuiltinKeywords.runFeatureFile(CucumberBuiltinKeywords.groovy:46)
	at com.kms.katalon.core.cucumber.keyword.CucumberBuiltinKeywords$runFeatureFile$0.callStatic(Unknown Source)
	at com.kms.katalon.core.cucumber.keyword.CucumberBuiltinKeywords.runFeatureFile(CucumberBuiltinKeywords.groovy:169)
	at com.kms.katalon.core.cucumber.keyword.CucumberBuiltinKeywords$runFeatureFile.call(Unknown Source)
	at TC_Hold_Payment.run(TC_Hold_Payment:18)
	at com.kms.katalon.core.main.ScriptEngine.run(ScriptEngine.java:194)
	at com.kms.katalon.core.main.ScriptEngine.runScriptAsRawText(ScriptEngine.java:119)
	at com.kms.katalon.core.main.TestCaseExecutor.runScript(TestCaseExecutor.java:339)
	at com.kms.katalon.core.main.TestCaseExecutor.doExecute(TestCaseExecutor.java:330)
	at com.kms.katalon.core.main.TestCaseExecutor.processExecutionPhase(TestCaseExecutor.java:309)
	at com.kms.katalon.core.main.TestCaseExecutor.accessMainPhase(TestCaseExecutor.java:301)
	at com.kms.katalon.core.main.TestCaseExecutor.execute(TestCaseExecutor.java:235)
	at com.kms.katalon.core.main.TestSuiteExecutor.accessTestCaseMainPhase(TestSuiteExecutor.java:191)
	at com.kms.katalon.core.main.TestSuiteExecutor.accessTestSuiteMainPhase(TestSuiteExecutor.java:141)
	at com.kms.katalon.core.main.TestSuiteExecutor.execute(TestSuiteExecutor.java:90)
	at com.kms.katalon.core.main.TestCaseMain.startTestSuite(TestCaseMain.java:157)
	at com.kms.katalon.core.main.TestCaseMain$startTestSuite$0.call(Unknown Source)
	at TempTestSuite1611286948562.run(TempTestSuite1611286948562.groovy:39)
)]]></system-out>
         <system-err><![CDATA[2021-01-22 11:10:07 - [TEST_CASE][FAILED] - Test Cases/RTD/Partner Disbursement/TC_Hold_Payment: Test Cases/RTD/Partner Disbursement/TC_Hold_Payment FAILED.
Reason:
com.kms.katalon.core.exception.StepFailedException: Feature file 'Include/features/IST_Real/RTD/Partner_Disbursement/Hold_Payment.feature' was failed
	at com.kms.katalon.core.keyword.internal.KeywordMain.stepFailed(KeywordMain.groovy:50)
	at com.kms.katalon.core.keyword.internal.KeywordMain.stepFailed(KeywordMain.groovy)
	at com.kms.katalon.core.keyword.internal.KeywordMain.stepFailed(KeywordMain.groovy:23)
	at com.kms.katalon.core.keyword.internal.KeywordMain$stepFailed$0.call(Unknown Source)
	at com.kms.katalon.core.cucumber.keyword.CucumberBuiltinKeywords$_runFeatureFile_closure1.doCall(CucumberBuiltinKeywords.groovy:82)
	at com.kms.katalon.core.cucumber.keyword.CucumberBuiltinKeywords$_runFeatureFile_closure1.doCall(CucumberBuiltinKeywords.groovy)
	at com.kms.katalon.core.keyword.internal.KeywordMain.runKeyword(KeywordMain.groovy:68)
	at com.kms.katalon.core.keyword.internal.KeywordMain$runKeyword.call(Unknown Source)
	at com.kms.katalon.core.cucumber.keyword.CucumberBuiltinKeywords.runFeatureFile(CucumberBuiltinKeywords.groovy:46)
	at com.kms.katalon.core.cucumber.keyword.CucumberBuiltinKeywords$runFeatureFile$0.callStatic(Unknown Source)
	at com.kms.katalon.core.cucumber.keyword.CucumberBuiltinKeywords.runFeatureFile(CucumberBuiltinKeywords.groovy:169)
	at com.kms.katalon.core.cucumber.keyword.CucumberBuiltinKeywords$runFeatureFile.call(Unknown Source)
	at TC_Hold_Payment.run(TC_Hold_Payment:18)
	at com.kms.katalon.core.main.ScriptEngine.run(ScriptEngine.java:194)
	at com.kms.katalon.core.main.ScriptEngine.runScriptAsRawText(ScriptEngine.java:119)
	at com.kms.katalon.core.main.TestCaseExecutor.runScript(TestCaseExecutor.java:339)
	at com.kms.katalon.core.main.TestCaseExecutor.doExecute(TestCaseExecutor.java:330)
	at com.kms.katalon.core.main.TestCaseExecutor.processExecutionPhase(TestCaseExecutor.java:309)
	at com.kms.katalon.core.main.TestCaseExecutor.accessMainPhase(TestCaseExecutor.java:301)
	at com.kms.katalon.core.main.TestCaseExecutor.execute(TestCaseExecutor.java:235)
	at com.kms.katalon.core.main.TestSuiteExecutor.accessTestCaseMainPhase(TestSuiteExecutor.java:191)
	at com.kms.katalon.core.main.TestSuiteExecutor.accessTestSuiteMainPhase(TestSuiteExecutor.java:141)
	at com.kms.katalon.core.main.TestSuiteExecutor.execute(TestSuiteExecutor.java:90)
	at com.kms.katalon.core.main.TestCaseMain.startTestSuite(TestCaseMain.java:157)
	at com.kms.katalon.core.main.TestCaseMain$startTestSuite$0.call(Unknown Source)
	at TempTestSuite1611286948562.run(TempTestSuite1611286948562.groovy:39)]]></system-err>
      </testcase>
      <system-out><![CDATA[2021-01-22 11:05:35 - [TEST_SUITE][FAILED] - TS_Partner_Disbursement: Test Cases/RTD/Partner Disbursement/TC_Hold_Payment FAILED.
Reason:
com.kms.katalon.core.exception.StepFailedException: Feature file 'Include/features/IST_Real/RTD/Partner_Disbursement/Hold_Payment.feature' was failed
	at com.kms.katalon.core.keyword.internal.KeywordMain.stepFailed(KeywordMain.groovy:50)
	at com.kms.katalon.core.keyword.internal.KeywordMain.stepFailed(KeywordMain.groovy)
	at com.kms.katalon.core.keyword.internal.KeywordMain.stepFailed(KeywordMain.groovy:23)
	at com.kms.katalon.core.keyword.internal.KeywordMain$stepFailed$0.call(Unknown Source)
	at com.kms.katalon.core.cucumber.keyword.CucumberBuiltinKeywords$_runFeatureFile_closure1.doCall(CucumberBuiltinKeywords.groovy:82)
	at com.kms.katalon.core.cucumber.keyword.CucumberBuiltinKeywords$_runFeatureFile_closure1.doCall(CucumberBuiltinKeywords.groovy)
	at com.kms.katalon.core.keyword.internal.KeywordMain.runKeyword(KeywordMain.groovy:68)
	at com.kms.katalon.core.keyword.internal.KeywordMain$runKeyword.call(Unknown Source)
	at com.kms.katalon.core.cucumber.keyword.CucumberBuiltinKeywords.runFeatureFile(CucumberBuiltinKeywords.groovy:46)
	at com.kms.katalon.core.cucumber.keyword.CucumberBuiltinKeywords$runFeatureFile$0.callStatic(Unknown Source)
	at com.kms.katalon.core.cucumber.keyword.CucumberBuiltinKeywords.runFeatureFile(CucumberBuiltinKeywords.groovy:169)
	at com.kms.katalon.core.cucumber.keyword.CucumberBuiltinKeywords$runFeatureFile.call(Unknown Source)
	at TC_Hold_Payment.run(TC_Hold_Payment:18)
	at com.kms.katalon.core.main.ScriptEngine.run(ScriptEngine.java:194)
	at com.kms.katalon.core.main.ScriptEngine.runScriptAsRawText(ScriptEngine.java:119)
	at com.kms.katalon.core.main.TestCaseExecutor.runScript(TestCaseExecutor.java:339)
	at com.kms.katalon.core.main.TestCaseExecutor.doExecute(TestCaseExecutor.java:330)
	at com.kms.katalon.core.main.TestCaseExecutor.processExecutionPhase(TestCaseExecutor.java:309)
	at com.kms.katalon.core.main.TestCaseExecutor.accessMainPhase(TestCaseExecutor.java:301)
	at com.kms.katalon.core.main.TestCaseExecutor.execute(TestCaseExecutor.java:235)
	at com.kms.katalon.core.main.TestSuiteExecutor.accessTestCaseMainPhase(TestSuiteExecutor.java:191)
	at com.kms.katalon.core.main.TestSuiteExecutor.accessTestSuiteMainPhase(TestSuiteExecutor.java:141)
	at com.kms.katalon.core.main.TestSuiteExecutor.execute(TestSuiteExecutor.java:90)
	at com.kms.katalon.core.main.TestCaseMain.startTestSuite(TestCaseMain.java:157)
	at com.kms.katalon.core.main.TestCaseMain$startTestSuite$0.call(Unknown Source)
	at TempTestSuite1611286948562.run(TempTestSuite1611286948562.groovy:39)]]></system-out>
      <system-err><![CDATA[2021-01-22 11:05:35 - [TEST_SUITE][FAILED] - TS_Partner_Disbursement: Test Cases/RTD/Partner Disbursement/TC_Hold_Payment FAILED.
Reason:
com.kms.katalon.core.exception.StepFailedException: Feature file 'Include/features/IST_Real/RTD/Partner_Disbursement/Hold_Payment.feature' was failed
	at com.kms.katalon.core.keyword.internal.KeywordMain.stepFailed(KeywordMain.groovy:50)
	at com.kms.katalon.core.keyword.internal.KeywordMain.stepFailed(KeywordMain.groovy)
	at com.kms.katalon.core.keyword.internal.KeywordMain.stepFailed(KeywordMain.groovy:23)
	at com.kms.katalon.core.keyword.internal.KeywordMain$stepFailed$0.call(Unknown Source)
	at com.kms.katalon.core.cucumber.keyword.CucumberBuiltinKeywords$_runFeatureFile_closure1.doCall(CucumberBuiltinKeywords.groovy:82)
	at com.kms.katalon.core.cucumber.keyword.CucumberBuiltinKeywords$_runFeatureFile_closure1.doCall(CucumberBuiltinKeywords.groovy)
	at com.kms.katalon.core.keyword.internal.KeywordMain.runKeyword(KeywordMain.groovy:68)
	at com.kms.katalon.core.keyword.internal.KeywordMain$runKeyword.call(Unknown Source)
	at com.kms.katalon.core.cucumber.keyword.CucumberBuiltinKeywords.runFeatureFile(CucumberBuiltinKeywords.groovy:46)
	at com.kms.katalon.core.cucumber.keyword.CucumberBuiltinKeywords$runFeatureFile$0.callStatic(Unknown Source)
	at com.kms.katalon.core.cucumber.keyword.CucumberBuiltinKeywords.runFeatureFile(CucumberBuiltinKeywords.groovy:169)
	at com.kms.katalon.core.cucumber.keyword.CucumberBuiltinKeywords$runFeatureFile.call(Unknown Source)
	at TC_Hold_Payment.run(TC_Hold_Payment:18)
	at com.kms.katalon.core.main.ScriptEngine.run(ScriptEngine.java:194)
	at com.kms.katalon.core.main.ScriptEngine.runScriptAsRawText(ScriptEngine.java:119)
	at com.kms.katalon.core.main.TestCaseExecutor.runScript(TestCaseExecutor.java:339)
	at com.kms.katalon.core.main.TestCaseExecutor.doExecute(TestCaseExecutor.java:330)
	at com.kms.katalon.core.main.TestCaseExecutor.processExecutionPhase(TestCaseExecutor.java:309)
	at com.kms.katalon.core.main.TestCaseExecutor.accessMainPhase(TestCaseExecutor.java:301)
	at com.kms.katalon.core.main.TestCaseExecutor.execute(TestCaseExecutor.java:235)
	at com.kms.katalon.core.main.TestSuiteExecutor.accessTestCaseMainPhase(TestSuiteExecutor.java:191)
	at com.kms.katalon.core.main.TestSuiteExecutor.accessTestSuiteMainPhase(TestSuiteExecutor.java:141)
	at com.kms.katalon.core.main.TestSuiteExecutor.execute(TestSuiteExecutor.java:90)
	at com.kms.katalon.core.main.TestCaseMain.startTestSuite(TestCaseMain.java:157)
	at com.kms.katalon.core.main.TestCaseMain$startTestSuite$0.call(Unknown Source)
	at TempTestSuite1611286948562.run(TempTestSuite1611286948562.groovy:39)]]></system-err>
   </testsuite>
   <testsuite name="TS_Hold_Payment_Configuration" tests="4" failures="0" errors="0" time="109.379" timestamp="2021-01-22 11:11:04" hostname="chaidir.pratama01 - localhost" id="Test Suites/RTD/TS_Hold_Payment_Configuration">
      <properties>
         <property name="deviceName" value=""/>
         <property name="devicePlatform" value=""/>
         <property name="logFolder" value="/Users/chaidir.pratama01/Katalon Studio/IST_Automation_Git/Reports/20210122_104222/RTD/TS_Hold_Payment_Configuration/20210122_104229"/>
         <property name="logFiles" value="/Users/chaidir.pratama01/Katalon Studio/IST_Automation_Git/Reports/20210122_104222/RTD/TS_Hold_Payment_Configuration/20210122_104229/execution0.log"/>
         <property name="attachments" value="/Users/chaidir.pratama01/Documents/Docs/Katalon Studio/Screenshot/test-Hold Payment Configuration.png, /Users/chaidir.pratama01/Documents/Docs/Katalon Studio/Screenshot/errorpopup.png, /Users/chaidir.pratama01/Documents/Docs/Katalon Studio/Screenshot/test-Hold Payment Configuration.png, /Users/chaidir.pratama01/Documents/Docs/Katalon Studio/Screenshot/errorpopup.png, /Users/chaidir.pratama01/Katalon Studio/IST_Automation_Git/Screenshot/result date.png, /Users/chaidir.pratama01/Documents/Docs/Katalon Studio/Screenshot/test-Hold Payment Configuration.png, /Users/chaidir.pratama01/Documents/Docs/Katalon Studio/Screenshot/errorpopup.png, /Users/chaidir.pratama01/Documents/Docs/Katalon Studio/Screenshot/test-Hold Payment Configuration.png, /Users/chaidir.pratama01/Documents/Docs/Katalon Studio/Screenshot/errorpopup.png, /Users/chaidir.pratama01/Documents/Docs/Katalon Studio/Screenshot/test-Hold Payment Configuration.png, /Users/chaidir.pratama01/Documents/Docs/Katalon Studio/Screenshot/errorpopup.png"/>
         <property name="hostName" value="chaidir.pratama01 - localhost"/>
         <property name="os" value="Mac OS X 64bit"/>
         <property name="katalonVersion" value="7.6.0.${buildNumber}"/>
         <property name="browser" value="Chrome 87.0.4280.141"/>
         <property name="hostAddress" value="127.0.0.1"/>
         <property name="sessionId" value="57d1b0749488e1add076b4e728b5a917"/>
         <property name="seleniumVersion" value="3.141.59"/>
         <property name="proxyInformation" value="ProxyInformation { proxyOption=NO_PROXY, proxyServerType=HTTP, username=, password=********, proxyServerAddress=, proxyServerPort=0, executionList=\&quot;\&quot;, isApplyToDesiredCapabilities=true }"/>
         <property name="platform" value="Mac OS X"/>
      </properties>
      <testcase name="Test Cases/RTD/Hold Payment Configuration/TC_Release_Schedule" time="17.082" classname="Test Cases/RTD/Hold Payment Configuration/TC_Release_Schedule" status="PASSED">
         <system-out><![CDATA[2021-01-22 11:11:04 - [TEST_CASE][PASSED] - Test Cases/RTD/Hold Payment Configuration/TC_Release_Schedule: Test Cases/RTD/Hold Payment Configuration/TC_Release_Schedule

2021-01-22 11:11:04 - [TEST_STEP][PASSED] - runFeatureFile("Include/features/IST_Real/RTD/Hold Payment Configuration/Release_Schedule.feature"): Feature file: 'Include/features/IST_Real/RTD/Hold Payment Configuration/Release_Schedule.feature' was passed

2021-01-22 11:11:04 - [MESSAGE][INFO] - Starting run keyword runFeatureFile: 'Include/features/IST_Real/RTD/Hold Payment Configuration/Release_Schedule.feature' and extract report to folder: '/Users/chaidir.pratama01/Katalon Studio/IST_Automation_Git/Reports/20210122_104222/RTD/TS_Hold_Payment_Configuration/20210122_104229/cucumber_report/1611288664775'...

2021-01-22 11:11:05 - [TEST_CASE][PASSED] - Start Test Case : SCENARIO Release Schedule: SCENARIO Release Schedule

2021-01-22 11:11:05 - [TEST_STEP][PASSED] - Go to ISTools: Go to ISTools

2021-01-22 11:11:05 - [MESSAGE][INFO] - Starting 'Chrome (headless)' driver

2021-01-22 11:11:05 - [MESSAGE][INFO] - User set preference: ['args', '[--start-maximized, --disable-gpu, --no-proxy-server, â€“-no-sandbox, --allow-running-insecure-content, --ignore-certificate-errors, window-size=1680,814, force-device-scale-factor=2, --lang=en-GB]']

2021-01-22 11:11:05 - [MESSAGE][INFO] - User set preference: ['prefs', '{download.default_directory=/Users/chaidir.pratama01/Katalon Studio/IST_Automation_Git/Download}']

2021-01-22 11:11:05 - [MESSAGE][INFO] - Action delay is set to 0 milliseconds

2021-01-22 11:11:06 - [MESSAGE][PASSED] - Browser is opened with url: ''

2021-01-22 11:11:09 - [MESSAGE][PASSED] - Navigate to 'https://dev-istools.homecredit.id/foundation/' successfully

2021-01-22 11:11:09 - [MESSAGE][PASSED] - Go to ISTools

2021-01-22 11:11:09 - [TEST_STEP][PASSED] - Login IST with valid credentials: Login IST with valid credentials

2021-01-22 11:11:10 - [MESSAGE][PASSED] - Text 'mobile.test' is set on object 'Object Repository/Page_/input_Username_j_username'

2021-01-22 11:11:10 - [MESSAGE][PASSED] - Text ****** has been set on object 'Object Repository/Page_/input_Password_j_password'

2021-01-22 11:11:10 - [MESSAGE][PASSED] - Object: 'Object Repository/Page_/button_Login' is clicked on

2021-01-22 11:11:10 - [MESSAGE][PASSED] - Login IST with valid credentials

2021-01-22 11:11:10 - [TEST_STEP][PASSED] - Login Success: Login Success

2021-01-22 11:11:10 - [MESSAGE][INFO] - Login Success

2021-01-22 11:11:10 - [MESSAGE][PASSED] - Current window maximized

2021-01-22 11:11:10 - [MESSAGE][PASSED] - Object 'Object Repository/Page_/h1_Welcome to IT Supporting Tools' is present

2021-01-22 11:11:10 - [MESSAGE][PASSED] - Login Success

2021-01-22 11:11:10 - [TEST_STEP][PASSED] - Select Arrow Menu "Real Time Disbursement": Select Arrow Menu "Real Time Disbursement"

2021-01-22 11:11:11 - [MESSAGE][PASSED] - Object: '' is clicked on

2021-01-22 11:11:11 - [MESSAGE][PASSED] - Select Arrow Menu "Real Time Disbursement"

2021-01-22 11:11:11 - [TEST_STEP][PASSED] - Select Menu "Hold Payment Configuration": Select Menu "Hold Payment Configuration"

2021-01-22 11:11:11 - [MESSAGE][PASSED] - Taking screenshot successfully
[[ATTACHMENT|/Users/chaidir.pratama01/Documents/Docs/Katalon Studio/Screenshot/test-Hold Payment Configuration.png]]

2021-01-22 11:11:11 - [MESSAGE][PASSED] - Object '' is present

2021-01-22 11:11:11 - [MESSAGE][PASSED] - Object: '' is clicked on

2021-01-22 11:11:11 - [MESSAGE][PASSED] - Wait for page load successfully

2021-01-22 11:11:11 - [MESSAGE][PASSED] - Select Menu "Hold Payment Configuration"

2021-01-22 11:11:11 - [TEST_STEP][PASSED] - Click button "Release" and Verify data: Click button "Release" and Verify data

2021-01-22 11:11:14 - [MESSAGE][PASSED] - Delayed 3 second(s)

2021-01-22 11:11:14 - [MESSAGE][PASSED] - Click button "Release" and Verify data

2021-01-22 11:11:14 - [TEST_STEP][PASSED] - Get text from pop up "Confirm" with text "Are you sure want to release this param?": Get text from pop up "Confirm" with text "Are you sure want to release this param?"

2021-01-22 11:11:15 - [MESSAGE][PASSED] - Taking screenshot successfully
[[ATTACHMENT|/Users/chaidir.pratama01/Documents/Docs/Katalon Studio/Screenshot/errorpopup.png]]

2021-01-22 11:11:15 - [MESSAGE][PASSED] - Object '' is present

2021-01-22 11:11:15 - [MESSAGE][PASSED] - Wait for page load successfully

2021-01-22 11:11:15 - [MESSAGE][PASSED] - Wait for page load successfully

2021-01-22 11:11:15 - [MESSAGE][PASSED] - Get text from pop up "Confirm" with text "Are you sure want to release this param?"

2021-01-22 11:11:15 - [TEST_STEP][PASSED] - Click button "Yes": Click button "Yes"

2021-01-22 11:11:15 - [MESSAGE][INFO] - >>>>>//Button[contains(text(),'Yes')]

2021-01-22 11:11:18 - [MESSAGE][PASSED] - Object '' is present

2021-01-22 11:11:18 - [MESSAGE][PASSED] - Object: '' is clicked on

2021-01-22 11:11:18 - [MESSAGE][PASSED] - Switched to window with index: '0'

2021-01-22 11:11:18 - [MESSAGE][PASSED] - Click button "Yes"

2021-01-22 11:11:18 - [TEST_STEP][PASSED] - Verify Data dont Exist: Verify Data dont Exist

2021-01-22 11:11:21 - [MESSAGE][PASSED] - Delayed 3 second(s)

2021-01-22 11:11:21 - [MESSAGE][PASSED] - Web element with id: '' located by 'By.xpath: //tbody/tr/td/div/button[text()='Release']/../../preceding-sibling::td[4]/div/span[text()='25-01-2021']' is not present after '3' second(s)

2021-01-22 11:11:21 - [MESSAGE][PASSED] - Web element with id: '' located by 'By.xpath: //tbody/tr/td/div/button[text()='Release']/../../preceding-sibling::td[3]/div/span[text()='30-01-2021']' is not present after '3' second(s)

2021-01-22 11:11:21 - [MESSAGE][PASSED] - Verify Data dont Exist

2021-01-22 11:11:21 - [MESSAGE][PASSED] - Feature file: 'Include/features/IST_Real/RTD/Hold Payment Configuration/Release_Schedule.feature' was passed]]></system-out>
         <system-err><![CDATA[]]></system-err>
      </testcase>
      <testcase name="Test Cases/RTD/Hold Payment Configuration/TC_Add_New_Schedule" time="26.383" classname="Test Cases/RTD/Hold Payment Configuration/TC_Add_New_Schedule" status="PASSED">
         <system-out><![CDATA[2021-01-22 11:11:21 - [TEST_CASE][PASSED] - Test Cases/RTD/Hold Payment Configuration/TC_Add_New_Schedule: Test Cases/RTD/Hold Payment Configuration/TC_Add_New_Schedule

2021-01-22 11:11:21 - [TEST_STEP][PASSED] - runFeatureFile("Include/features/IST_Real/RTD/Hold Payment Configuration/Add_New_Schedule.feature"): Feature file: 'Include/features/IST_Real/RTD/Hold Payment Configuration/Add_New_Schedule.feature' was passed

2021-01-22 11:11:21 - [MESSAGE][INFO] - Starting run keyword runFeatureFile: 'Include/features/IST_Real/RTD/Hold Payment Configuration/Add_New_Schedule.feature' and extract report to folder: '/Users/chaidir.pratama01/Katalon Studio/IST_Automation_Git/Reports/20210122_104222/RTD/TS_Hold_Payment_Configuration/20210122_104229/cucumber_report/1611288681763'...

2021-01-22 11:11:21 - [TEST_CASE][PASSED] - Start Test Case : SCENARIO Set Schedule for Hold Payment: SCENARIO Set Schedule for Hold Payment

2021-01-22 11:11:21 - [TEST_STEP][PASSED] - Go to ISTools: Go to ISTools

2021-01-22 11:11:21 - [MESSAGE][WARNING] - A browser is already opened. Closing browser and opening a new one

2021-01-22 11:11:21 - [MESSAGE][INFO] - Starting 'Chrome (headless)' driver

2021-01-22 11:11:21 - [MESSAGE][INFO] - User set preference: ['args', '[--start-maximized, --disable-gpu, --no-proxy-server, â€“-no-sandbox, --allow-running-insecure-content, --ignore-certificate-errors, window-size=1680,814, force-device-scale-factor=2, --lang=en-GB]']

2021-01-22 11:11:21 - [MESSAGE][INFO] - User set preference: ['prefs', '{download.default_directory=/Users/chaidir.pratama01/Katalon Studio/IST_Automation_Git/Download}']

2021-01-22 11:11:21 - [MESSAGE][INFO] - Action delay is set to 0 milliseconds

2021-01-22 11:11:22 - [MESSAGE][PASSED] - Browser is opened with url: ''

2021-01-22 11:11:26 - [MESSAGE][PASSED] - Navigate to 'https://dev-istools.homecredit.id/foundation/' successfully

2021-01-22 11:11:26 - [MESSAGE][PASSED] - Go to ISTools

2021-01-22 11:11:26 - [TEST_STEP][PASSED] - Login IST with valid credentials: Login IST with valid credentials

2021-01-22 11:11:26 - [MESSAGE][PASSED] - Text 'mobile.test' is set on object 'Object Repository/Page_/input_Username_j_username'

2021-01-22 11:11:26 - [MESSAGE][PASSED] - Text ****** has been set on object 'Object Repository/Page_/input_Password_j_password'

2021-01-22 11:11:27 - [MESSAGE][PASSED] - Object: 'Object Repository/Page_/button_Login' is clicked on

2021-01-22 11:11:27 - [MESSAGE][PASSED] - Login IST with valid credentials

2021-01-22 11:11:27 - [TEST_STEP][PASSED] - Login Success: Login Success

2021-01-22 11:11:27 - [MESSAGE][INFO] - Login Success

2021-01-22 11:11:27 - [MESSAGE][PASSED] - Current window maximized

2021-01-22 11:11:27 - [MESSAGE][PASSED] - Object 'Object Repository/Page_/h1_Welcome to IT Supporting Tools' is present

2021-01-22 11:11:27 - [MESSAGE][PASSED] - Login Success

2021-01-22 11:11:27 - [TEST_STEP][PASSED] - Select Arrow Menu "Real Time Disbursement": Select Arrow Menu "Real Time Disbursement"

2021-01-22 11:11:27 - [MESSAGE][PASSED] - Object: '' is clicked on

2021-01-22 11:11:27 - [MESSAGE][PASSED] - Select Arrow Menu "Real Time Disbursement"

2021-01-22 11:11:27 - [TEST_STEP][PASSED] - Select Menu "Hold Payment Configuration": Select Menu "Hold Payment Configuration"

2021-01-22 11:11:28 - [MESSAGE][PASSED] - Taking screenshot successfully
[[ATTACHMENT|/Users/chaidir.pratama01/Documents/Docs/Katalon Studio/Screenshot/test-Hold Payment Configuration.png]]

2021-01-22 11:11:28 - [MESSAGE][PASSED] - Object '' is present

2021-01-22 11:11:28 - [MESSAGE][PASSED] - Object: '' is clicked on

2021-01-22 11:11:28 - [MESSAGE][PASSED] - Wait for page load successfully

2021-01-22 11:11:28 - [MESSAGE][PASSED] - Select Menu "Hold Payment Configuration"

2021-01-22 11:11:28 - [TEST_STEP][PASSED] - Input "Start Date Hold Payment" with value "25-01-2021": Input "Start Date Hold Payment" with value "25-01-2021"

2021-01-22 11:11:31 - [MESSAGE][PASSED] - Delayed 3 second(s)

2021-01-22 11:11:31 - [MESSAGE][PASSED] - Input "Start Date Hold Payment" with value "25-01-2021"

2021-01-22 11:11:31 - [TEST_STEP][PASSED] - Input "Release Date" with value "30-01-2021": Input "Release Date" with value "30-01-2021"

2021-01-22 11:11:34 - [MESSAGE][PASSED] - Delayed 3 second(s)

2021-01-22 11:11:34 - [MESSAGE][PASSED] - Input "Release Date" with value "30-01-2021"

2021-01-22 11:11:34 - [TEST_STEP][PASSED] - Click button "Add": Click button "Add"

2021-01-22 11:11:34 - [MESSAGE][INFO] - >>>>>//Button[contains(text(),'Add')]

2021-01-22 11:11:37 - [MESSAGE][PASSED] - Object '' is present

2021-01-22 11:11:37 - [MESSAGE][PASSED] - Object: '' is clicked on

2021-01-22 11:11:37 - [MESSAGE][PASSED] - Switched to window with index: '0'

2021-01-22 11:11:37 - [MESSAGE][PASSED] - Click button "Add"

2021-01-22 11:11:37 - [TEST_STEP][PASSED] - Get text from pop up "Confirm" with text "Add new hold payment config?": Get text from pop up "Confirm" with text "Add new hold payment config?"

2021-01-22 11:11:38 - [MESSAGE][PASSED] - Taking screenshot successfully
[[ATTACHMENT|/Users/chaidir.pratama01/Documents/Docs/Katalon Studio/Screenshot/errorpopup.png]]

2021-01-22 11:11:38 - [MESSAGE][PASSED] - Object '' is present

2021-01-22 11:11:38 - [MESSAGE][PASSED] - Wait for page load successfully

2021-01-22 11:11:38 - [MESSAGE][PASSED] - Wait for page load successfully

2021-01-22 11:11:38 - [MESSAGE][PASSED] - Get text from pop up "Confirm" with text "Add new hold payment config?"

2021-01-22 11:11:38 - [TEST_STEP][PASSED] - Click button "Yes": Click button "Yes"

2021-01-22 11:11:38 - [MESSAGE][INFO] - >>>>>//Button[contains(text(),'Yes')]

2021-01-22 11:11:41 - [MESSAGE][PASSED] - Object '' is present

2021-01-22 11:11:41 - [MESSAGE][PASSED] - Object: '' is clicked on

2021-01-22 11:11:41 - [MESSAGE][PASSED] - Switched to window with index: '0'

2021-01-22 11:11:41 - [MESSAGE][PASSED] - Click button "Yes"

2021-01-22 11:11:41 - [TEST_STEP][PASSED] - Verify Result: Verify Result

2021-01-22 11:11:44 - [MESSAGE][PASSED] - Delayed 3 second(s)

2021-01-22 11:11:44 - [MESSAGE][PASSED] - Taking screenshot successfully
[[ATTACHMENT|/Users/chaidir.pratama01/Katalon Studio/IST_Automation_Git/Screenshot/result date.png]]

2021-01-22 11:11:44 - [MESSAGE][PASSED] - Verify Result

2021-01-22 11:11:44 - [TEST_STEP][PASSED] - Click button "Logout": Click button "Logout"

2021-01-22 11:11:44 - [MESSAGE][INFO] - >>>>>//Button[contains(text(),'Logout')]

2021-01-22 11:11:47 - [MESSAGE][PASSED] - Object '' is present

2021-01-22 11:11:47 - [MESSAGE][PASSED] - Object: '' is clicked on

2021-01-22 11:11:47 - [MESSAGE][PASSED] - Switched to window with index: '0'

2021-01-22 11:11:47 - [MESSAGE][PASSED] - Click button "Logout"

2021-01-22 11:11:47 - [TEST_STEP][PASSED] - Close browser: Close browser

2021-01-22 11:11:48 - [MESSAGE][PASSED] - Browser is closed

2021-01-22 11:11:48 - [MESSAGE][PASSED] - Close browser

2021-01-22 11:11:48 - [MESSAGE][PASSED] - Feature file: 'Include/features/IST_Real/RTD/Hold Payment Configuration/Add_New_Schedule.feature' was passed]]></system-out>
         <system-err><![CDATA[]]></system-err>
      </testcase>
      <testcase name="Test Cases/RTD/Hold Payment Configuration/TC_Date_is_NULL" time="37.982" classname="Test Cases/RTD/Hold Payment Configuration/TC_Date_is_NULL" status="PASSED">
         <system-out><![CDATA[2021-01-22 11:11:48 - [TEST_CASE][PASSED] - Test Cases/RTD/Hold Payment Configuration/TC_Date_is_NULL: Test Cases/RTD/Hold Payment Configuration/TC_Date_is_NULL

2021-01-22 11:11:48 - [TEST_STEP][PASSED] - runFeatureFile("Include/features/IST_Real/RTD/Hold Payment Configuration/Date_is_NULL.feature"): Feature file: 'Include/features/IST_Real/RTD/Hold Payment Configuration/Date_is_NULL.feature' was passed

2021-01-22 11:11:48 - [MESSAGE][INFO] - Starting run keyword runFeatureFile: 'Include/features/IST_Real/RTD/Hold Payment Configuration/Date_is_NULL.feature' and extract report to folder: '/Users/chaidir.pratama01/Katalon Studio/IST_Automation_Git/Reports/20210122_104222/RTD/TS_Hold_Payment_Configuration/20210122_104229/cucumber_report/1611288708147'...

2021-01-22 11:11:48 - [TEST_CASE][PASSED] - Start Test Case : SCENARIO Start Date is Null: SCENARIO Start Date is Null

2021-01-22 11:11:48 - [TEST_STEP][PASSED] - Go to ISTools: Go to ISTools

2021-01-22 11:11:48 - [MESSAGE][INFO] - Starting 'Chrome (headless)' driver

2021-01-22 11:11:48 - [MESSAGE][INFO] - User set preference: ['args', '[--start-maximized, --disable-gpu, --no-proxy-server, â€“-no-sandbox, --allow-running-insecure-content, --ignore-certificate-errors, window-size=1680,814, force-device-scale-factor=2, --lang=en-GB]']

2021-01-22 11:11:48 - [MESSAGE][INFO] - User set preference: ['prefs', '{download.default_directory=/Users/chaidir.pratama01/Katalon Studio/IST_Automation_Git/Download}']

2021-01-22 11:11:48 - [MESSAGE][INFO] - Action delay is set to 0 milliseconds

2021-01-22 11:11:48 - [MESSAGE][PASSED] - Browser is opened with url: ''

2021-01-22 11:11:49 - [MESSAGE][PASSED] - Navigate to 'https://dev-istools.homecredit.id/foundation/' successfully

2021-01-22 11:11:49 - [MESSAGE][PASSED] - Go to ISTools

2021-01-22 11:11:49 - [TEST_STEP][PASSED] - Login IST with valid credentials: Login IST with valid credentials

2021-01-22 11:11:49 - [MESSAGE][PASSED] - Text 'mobile.test' is set on object 'Object Repository/Page_/input_Username_j_username'

2021-01-22 11:11:49 - [MESSAGE][PASSED] - Text ****** has been set on object 'Object Repository/Page_/input_Password_j_password'

2021-01-22 11:11:49 - [MESSAGE][PASSED] - Object: 'Object Repository/Page_/button_Login' is clicked on

2021-01-22 11:11:49 - [MESSAGE][PASSED] - Login IST with valid credentials

2021-01-22 11:11:49 - [TEST_STEP][PASSED] - Login Success: Login Success

2021-01-22 11:11:49 - [MESSAGE][INFO] - Login Success

2021-01-22 11:11:50 - [MESSAGE][PASSED] - Current window maximized

2021-01-22 11:11:50 - [MESSAGE][PASSED] - Object 'Object Repository/Page_/h1_Welcome to IT Supporting Tools' is present

2021-01-22 11:11:50 - [MESSAGE][PASSED] - Login Success

2021-01-22 11:11:50 - [TEST_STEP][PASSED] - Select Arrow Menu "Real Time Disbursement": Select Arrow Menu "Real Time Disbursement"

2021-01-22 11:11:50 - [MESSAGE][PASSED] - Object: '' is clicked on

2021-01-22 11:11:50 - [MESSAGE][PASSED] - Select Arrow Menu "Real Time Disbursement"

2021-01-22 11:11:50 - [TEST_STEP][PASSED] - Select Menu "Hold Payment Configuration": Select Menu "Hold Payment Configuration"

2021-01-22 11:11:50 - [MESSAGE][PASSED] - Taking screenshot successfully
[[ATTACHMENT|/Users/chaidir.pratama01/Documents/Docs/Katalon Studio/Screenshot/test-Hold Payment Configuration.png]]

2021-01-22 11:11:50 - [MESSAGE][PASSED] - Object '' is present

2021-01-22 11:11:50 - [MESSAGE][PASSED] - Object: '' is clicked on

2021-01-22 11:11:50 - [MESSAGE][PASSED] - Wait for page load successfully

2021-01-22 11:11:50 - [MESSAGE][PASSED] - Select Menu "Hold Payment Configuration"

2021-01-22 11:11:50 - [TEST_STEP][PASSED] - Input "Start Date Hold Payment" with value "": Input "Start Date Hold Payment" with value ""

2021-01-22 11:11:53 - [MESSAGE][PASSED] - Delayed 3 second(s)

2021-01-22 11:11:53 - [MESSAGE][PASSED] - Input "Start Date Hold Payment" with value ""

2021-01-22 11:11:53 - [TEST_STEP][PASSED] - Input "Release Date" with value "30-01-2021": Input "Release Date" with value "30-01-2021"

2021-01-22 11:11:56 - [MESSAGE][PASSED] - Delayed 3 second(s)

2021-01-22 11:11:56 - [MESSAGE][PASSED] - Input "Release Date" with value "30-01-2021"

2021-01-22 11:11:56 - [TEST_STEP][PASSED] - Click button "Add": Click button "Add"

2021-01-22 11:11:56 - [MESSAGE][INFO] - >>>>>//Button[contains(text(),'Add')]

2021-01-22 11:11:59 - [MESSAGE][PASSED] - Object '' is present

2021-01-22 11:11:59 - [MESSAGE][PASSED] - Object: '' is clicked on

2021-01-22 11:11:59 - [MESSAGE][PASSED] - Switched to window with index: '0'

2021-01-22 11:11:59 - [MESSAGE][PASSED] - Click button "Add"

2021-01-22 11:11:59 - [TEST_STEP][PASSED] - Get text from pop up "IT Supporting Tools" with text "Start date & end date cannot be empty": Get text from pop up "IT Supporting Tools" with text "Start date & end date cannot be empty"

2021-01-22 11:12:00 - [MESSAGE][PASSED] - Taking screenshot successfully
[[ATTACHMENT|/Users/chaidir.pratama01/Documents/Docs/Katalon Studio/Screenshot/errorpopup.png]]

2021-01-22 11:12:00 - [MESSAGE][PASSED] - Object '' is present

2021-01-22 11:12:00 - [MESSAGE][PASSED] - Wait for page load successfully

2021-01-22 11:12:00 - [MESSAGE][PASSED] - Wait for page load successfully

2021-01-22 11:12:00 - [MESSAGE][PASSED] - Get text from pop up "IT Supporting Tools" with text "Start date & end date cannot be empty"

2021-01-22 11:12:00 - [TEST_STEP][PASSED] - Click button "OK": Click button "OK"

2021-01-22 11:12:00 - [MESSAGE][INFO] - >>>>>//Button[contains(text(),'OK')]

2021-01-22 11:12:03 - [MESSAGE][PASSED] - Object '' is present

2021-01-22 11:12:03 - [MESSAGE][PASSED] - Object: '' is clicked on

2021-01-22 11:12:03 - [MESSAGE][PASSED] - Switched to window with index: '0'

2021-01-22 11:12:03 - [MESSAGE][PASSED] - Click button "OK"

2021-01-22 11:12:03 - [TEST_STEP][PASSED] - Click button "Logout": Click button "Logout"

2021-01-22 11:12:03 - [MESSAGE][INFO] - >>>>>//Button[contains(text(),'Logout')]

2021-01-22 11:12:06 - [MESSAGE][PASSED] - Object '' is present

2021-01-22 11:12:06 - [MESSAGE][PASSED] - Object: '' is clicked on

2021-01-22 11:12:06 - [MESSAGE][PASSED] - Switched to window with index: '0'

2021-01-22 11:12:06 - [MESSAGE][PASSED] - Click button "Logout"

2021-01-22 11:12:06 - [TEST_STEP][PASSED] - Close browser: Close browser

2021-01-22 11:12:06 - [MESSAGE][PASSED] - Browser is closed

2021-01-22 11:12:06 - [MESSAGE][PASSED] - Close browser

2021-01-22 11:12:06 - [TEST_CASE][PASSED] - Start Test Case : SCENARIO End Date is Null: SCENARIO End Date is Null

2021-01-22 11:12:06 - [TEST_STEP][PASSED] - Go to ISTools: Go to ISTools

2021-01-22 11:12:06 - [MESSAGE][INFO] - Starting 'Chrome (headless)' driver

2021-01-22 11:12:06 - [MESSAGE][INFO] - User set preference: ['args', '[--start-maximized, --disable-gpu, --no-proxy-server, â€“-no-sandbox, --allow-running-insecure-content, --ignore-certificate-errors, window-size=1680,814, force-device-scale-factor=2, --lang=en-GB]']

2021-01-22 11:12:06 - [MESSAGE][INFO] - User set preference: ['prefs', '{download.default_directory=/Users/chaidir.pratama01/Katalon Studio/IST_Automation_Git/Download}']

2021-01-22 11:12:06 - [MESSAGE][INFO] - Action delay is set to 0 milliseconds

2021-01-22 11:12:07 - [MESSAGE][PASSED] - Browser is opened with url: ''

2021-01-22 11:12:08 - [MESSAGE][PASSED] - Navigate to 'https://dev-istools.homecredit.id/foundation/' successfully

2021-01-22 11:12:08 - [MESSAGE][PASSED] - Go to ISTools

2021-01-22 11:12:08 - [TEST_STEP][PASSED] - Login IST with valid credentials: Login IST with valid credentials

2021-01-22 11:12:08 - [MESSAGE][PASSED] - Text 'mobile.test' is set on object 'Object Repository/Page_/input_Username_j_username'

2021-01-22 11:12:08 - [MESSAGE][PASSED] - Text ****** has been set on object 'Object Repository/Page_/input_Password_j_password'

2021-01-22 11:12:08 - [MESSAGE][PASSED] - Object: 'Object Repository/Page_/button_Login' is clicked on

2021-01-22 11:12:08 - [MESSAGE][PASSED] - Login IST with valid credentials

2021-01-22 11:12:08 - [TEST_STEP][PASSED] - Login Success: Login Success

2021-01-22 11:12:08 - [MESSAGE][INFO] - Login Success

2021-01-22 11:12:08 - [MESSAGE][PASSED] - Current window maximized

2021-01-22 11:12:09 - [MESSAGE][PASSED] - Object 'Object Repository/Page_/h1_Welcome to IT Supporting Tools' is present

2021-01-22 11:12:09 - [MESSAGE][PASSED] - Login Success

2021-01-22 11:12:09 - [TEST_STEP][PASSED] - Select Arrow Menu "Real Time Disbursement": Select Arrow Menu "Real Time Disbursement"

2021-01-22 11:12:09 - [MESSAGE][PASSED] - Object: '' is clicked on

2021-01-22 11:12:09 - [MESSAGE][PASSED] - Select Arrow Menu "Real Time Disbursement"

2021-01-22 11:12:09 - [TEST_STEP][PASSED] - Select Menu "Hold Payment Configuration": Select Menu "Hold Payment Configuration"

2021-01-22 11:12:09 - [MESSAGE][PASSED] - Taking screenshot successfully
[[ATTACHMENT|/Users/chaidir.pratama01/Documents/Docs/Katalon Studio/Screenshot/test-Hold Payment Configuration.png]]

2021-01-22 11:12:09 - [MESSAGE][PASSED] - Object '' is present

2021-01-22 11:12:09 - [MESSAGE][PASSED] - Object: '' is clicked on

2021-01-22 11:12:09 - [MESSAGE][PASSED] - Wait for page load successfully

2021-01-22 11:12:09 - [MESSAGE][PASSED] - Select Menu "Hold Payment Configuration"

2021-01-22 11:12:09 - [TEST_STEP][PASSED] - Input "Start Date Hold Payment" with value "25-01-2021": Input "Start Date Hold Payment" with value "25-01-2021"

2021-01-22 11:12:12 - [MESSAGE][PASSED] - Delayed 3 second(s)

2021-01-22 11:12:12 - [MESSAGE][PASSED] - Input "Start Date Hold Payment" with value "25-01-2021"

2021-01-22 11:12:12 - [TEST_STEP][PASSED] - Input "Release Date" with value "": Input "Release Date" with value ""

2021-01-22 11:12:15 - [MESSAGE][PASSED] - Delayed 3 second(s)

2021-01-22 11:12:15 - [MESSAGE][PASSED] - Input "Release Date" with value ""

2021-01-22 11:12:15 - [TEST_STEP][PASSED] - Click button "Add": Click button "Add"

2021-01-22 11:12:15 - [MESSAGE][INFO] - >>>>>//Button[contains(text(),'Add')]

2021-01-22 11:12:18 - [MESSAGE][PASSED] - Object '' is present

2021-01-22 11:12:18 - [MESSAGE][PASSED] - Object: '' is clicked on

2021-01-22 11:12:18 - [MESSAGE][PASSED] - Switched to window with index: '0'

2021-01-22 11:12:18 - [MESSAGE][PASSED] - Click button "Add"

2021-01-22 11:12:18 - [TEST_STEP][PASSED] - Get text from pop up "IT Supporting Tools" with text "Start date & end date cannot be empty": Get text from pop up "IT Supporting Tools" with text "Start date & end date cannot be empty"

2021-01-22 11:12:19 - [MESSAGE][PASSED] - Taking screenshot successfully
[[ATTACHMENT|/Users/chaidir.pratama01/Documents/Docs/Katalon Studio/Screenshot/errorpopup.png]]

2021-01-22 11:12:19 - [MESSAGE][PASSED] - Object '' is present

2021-01-22 11:12:19 - [MESSAGE][PASSED] - Wait for page load successfully

2021-01-22 11:12:19 - [MESSAGE][PASSED] - Wait for page load successfully

2021-01-22 11:12:19 - [MESSAGE][PASSED] - Get text from pop up "IT Supporting Tools" with text "Start date & end date cannot be empty"

2021-01-22 11:12:19 - [TEST_STEP][PASSED] - Click button "OK": Click button "OK"

2021-01-22 11:12:19 - [MESSAGE][INFO] - >>>>>//Button[contains(text(),'OK')]

2021-01-22 11:12:22 - [MESSAGE][PASSED] - Object '' is present

2021-01-22 11:12:22 - [MESSAGE][PASSED] - Object: '' is clicked on

2021-01-22 11:12:22 - [MESSAGE][PASSED] - Switched to window with index: '0'

2021-01-22 11:12:22 - [MESSAGE][PASSED] - Click button "OK"

2021-01-22 11:12:22 - [TEST_STEP][PASSED] - Click button "Logout": Click button "Logout"

2021-01-22 11:12:22 - [MESSAGE][INFO] - >>>>>//Button[contains(text(),'Logout')]

2021-01-22 11:12:25 - [MESSAGE][PASSED] - Object '' is present

2021-01-22 11:12:25 - [MESSAGE][PASSED] - Object: '' is clicked on

2021-01-22 11:12:25 - [MESSAGE][PASSED] - Switched to window with index: '0'

2021-01-22 11:12:25 - [MESSAGE][PASSED] - Click button "Logout"

2021-01-22 11:12:25 - [TEST_STEP][PASSED] - Close browser: Close browser

2021-01-22 11:12:26 - [MESSAGE][PASSED] - Browser is closed

2021-01-22 11:12:26 - [MESSAGE][PASSED] - Close browser

2021-01-22 11:12:26 - [MESSAGE][PASSED] - Feature file: 'Include/features/IST_Real/RTD/Hold Payment Configuration/Date_is_NULL.feature' was passed]]></system-out>
         <system-err><![CDATA[]]></system-err>
      </testcase>
      <testcase name="Test Cases/RTD/Hold Payment Configuration/TC_Start_Date_Greater_than_Release_Date" time="23.595" classname="Test Cases/RTD/Hold Payment Configuration/TC_Start_Date_Greater_than_Release_Date" status="PASSED">
         <system-out><![CDATA[2021-01-22 11:12:26 - [TEST_CASE][PASSED] - Test Cases/RTD/Hold Payment Configuration/TC_Start_Date_Greater_than_Release_Date: Test Cases/RTD/Hold Payment Configuration/TC_Start_Date_Greater_than_Release_Date

2021-01-22 11:12:26 - [TEST_STEP][PASSED] - runFeatureFile("Include/features/IST_Real/RTD/Hold Payment Configuration/Start_Date_Greater_than_Release_Date.feature"): Feature file: 'Include/features/IST_Real/RTD/Hold Payment Configuration/Start_Date_Greater_than_Release_Date.feature' was passed

2021-01-22 11:12:26 - [MESSAGE][INFO] - Starting run keyword runFeatureFile: 'Include/features/IST_Real/RTD/Hold Payment Configuration/Start_Date_Greater_than_Release_Date.feature' and extract report to folder: '/Users/chaidir.pratama01/Katalon Studio/IST_Automation_Git/Reports/20210122_104222/RTD/TS_Hold_Payment_Configuration/20210122_104229/cucumber_report/1611288746155'...

2021-01-22 11:12:26 - [TEST_CASE][PASSED] - Start Test Case : SCENARIO Start date is greater than end date: SCENARIO Start date is greater than end date

2021-01-22 11:12:26 - [TEST_STEP][PASSED] - Go to ISTools: Go to ISTools

2021-01-22 11:12:26 - [MESSAGE][INFO] - Starting 'Chrome (headless)' driver

2021-01-22 11:12:26 - [MESSAGE][INFO] - User set preference: ['args', '[--start-maximized, --disable-gpu, --no-proxy-server, â€“-no-sandbox, --allow-running-insecure-content, --ignore-certificate-errors, window-size=1680,814, force-device-scale-factor=2, --lang=en-GB]']

2021-01-22 11:12:26 - [MESSAGE][INFO] - User set preference: ['prefs', '{download.default_directory=/Users/chaidir.pratama01/Katalon Studio/IST_Automation_Git/Download}']

2021-01-22 11:12:26 - [MESSAGE][INFO] - Action delay is set to 0 milliseconds

2021-01-22 11:12:26 - [MESSAGE][PASSED] - Browser is opened with url: ''

2021-01-22 11:12:31 - [MESSAGE][PASSED] - Navigate to 'https://dev-istools.homecredit.id/foundation/' successfully

2021-01-22 11:12:31 - [MESSAGE][PASSED] - Go to ISTools

2021-01-22 11:12:31 - [TEST_STEP][PASSED] - Login IST with valid credentials: Login IST with valid credentials

2021-01-22 11:12:32 - [MESSAGE][PASSED] - Text 'mobile.test' is set on object 'Object Repository/Page_/input_Username_j_username'

2021-01-22 11:12:32 - [MESSAGE][PASSED] - Text ****** has been set on object 'Object Repository/Page_/input_Password_j_password'

2021-01-22 11:12:32 - [MESSAGE][PASSED] - Object: 'Object Repository/Page_/button_Login' is clicked on

2021-01-22 11:12:32 - [MESSAGE][PASSED] - Login IST with valid credentials

2021-01-22 11:12:32 - [TEST_STEP][PASSED] - Login Success: Login Success

2021-01-22 11:12:32 - [MESSAGE][INFO] - Login Success

2021-01-22 11:12:32 - [MESSAGE][PASSED] - Current window maximized

2021-01-22 11:12:32 - [MESSAGE][PASSED] - Object 'Object Repository/Page_/h1_Welcome to IT Supporting Tools' is present

2021-01-22 11:12:32 - [MESSAGE][PASSED] - Login Success

2021-01-22 11:12:32 - [TEST_STEP][PASSED] - Select Arrow Menu "Real Time Disbursement": Select Arrow Menu "Real Time Disbursement"

2021-01-22 11:12:32 - [MESSAGE][PASSED] - Object: '' is clicked on

2021-01-22 11:12:32 - [MESSAGE][PASSED] - Select Arrow Menu "Real Time Disbursement"

2021-01-22 11:12:32 - [TEST_STEP][PASSED] - Select Menu "Hold Payment Configuration": Select Menu "Hold Payment Configuration"

2021-01-22 11:12:33 - [MESSAGE][PASSED] - Taking screenshot successfully
[[ATTACHMENT|/Users/chaidir.pratama01/Documents/Docs/Katalon Studio/Screenshot/test-Hold Payment Configuration.png]]

2021-01-22 11:12:33 - [MESSAGE][PASSED] - Object '' is present

2021-01-22 11:12:33 - [MESSAGE][PASSED] - Object: '' is clicked on

2021-01-22 11:12:33 - [MESSAGE][PASSED] - Wait for page load successfully

2021-01-22 11:12:33 - [MESSAGE][PASSED] - Select Menu "Hold Payment Configuration"

2021-01-22 11:12:33 - [TEST_STEP][PASSED] - Input "Start Date Hold Payment" with value "30-01-2021": Input "Start Date Hold Payment" with value "30-01-2021"

2021-01-22 11:12:36 - [MESSAGE][PASSED] - Delayed 3 second(s)

2021-01-22 11:12:36 - [MESSAGE][PASSED] - Input "Start Date Hold Payment" with value "30-01-2021"

2021-01-22 11:12:36 - [TEST_STEP][PASSED] - Input "Release Date" with value "25-01-2021": Input "Release Date" with value "25-01-2021"

2021-01-22 11:12:39 - [MESSAGE][PASSED] - Delayed 3 second(s)

2021-01-22 11:12:39 - [MESSAGE][PASSED] - Input "Release Date" with value "25-01-2021"

2021-01-22 11:12:39 - [TEST_STEP][PASSED] - Click button "Add": Click button "Add"

2021-01-22 11:12:39 - [MESSAGE][INFO] - >>>>>//Button[contains(text(),'Add')]

2021-01-22 11:12:42 - [MESSAGE][PASSED] - Object '' is present

2021-01-22 11:12:42 - [MESSAGE][PASSED] - Object: '' is clicked on

2021-01-22 11:12:42 - [MESSAGE][PASSED] - Switched to window with index: '0'

2021-01-22 11:12:42 - [MESSAGE][PASSED] - Click button "Add"

2021-01-22 11:12:42 - [TEST_STEP][PASSED] - Get text from pop up "IT Supporting Tools" with text "Release date must be after start date": Get text from pop up "IT Supporting Tools" with text "Release date must be after start date"

2021-01-22 11:12:43 - [MESSAGE][PASSED] - Taking screenshot successfully
[[ATTACHMENT|/Users/chaidir.pratama01/Documents/Docs/Katalon Studio/Screenshot/errorpopup.png]]

2021-01-22 11:12:43 - [MESSAGE][PASSED] - Object '' is present

2021-01-22 11:12:43 - [MESSAGE][PASSED] - Wait for page load successfully

2021-01-22 11:12:43 - [MESSAGE][PASSED] - Wait for page load successfully

2021-01-22 11:12:43 - [MESSAGE][PASSED] - Get text from pop up "IT Supporting Tools" with text "Release date must be after start date"

2021-01-22 11:12:43 - [TEST_STEP][PASSED] - Click button "OK": Click button "OK"

2021-01-22 11:12:43 - [MESSAGE][INFO] - >>>>>//Button[contains(text(),'OK')]

2021-01-22 11:12:46 - [MESSAGE][PASSED] - Object '' is present

2021-01-22 11:12:46 - [MESSAGE][PASSED] - Object: '' is clicked on

2021-01-22 11:12:46 - [MESSAGE][PASSED] - Switched to window with index: '0'

2021-01-22 11:12:46 - [MESSAGE][PASSED] - Click button "OK"

2021-01-22 11:12:46 - [TEST_STEP][PASSED] - Click button "Logout": Click button "Logout"

2021-01-22 11:12:46 - [MESSAGE][INFO] - >>>>>//Button[contains(text(),'Logout')]

2021-01-22 11:12:49 - [MESSAGE][PASSED] - Object '' is present

2021-01-22 11:12:49 - [MESSAGE][PASSED] - Object: '' is clicked on

2021-01-22 11:12:49 - [MESSAGE][PASSED] - Switched to window with index: '0'

2021-01-22 11:12:49 - [MESSAGE][PASSED] - Click button "Logout"

2021-01-22 11:12:49 - [TEST_STEP][PASSED] - Close browser: Close browser

2021-01-22 11:12:49 - [MESSAGE][PASSED] - Browser is closed

2021-01-22 11:12:49 - [MESSAGE][PASSED] - Close browser

2021-01-22 11:12:49 - [MESSAGE][PASSED] - Feature file: 'Include/features/IST_Real/RTD/Hold Payment Configuration/Start_Date_Greater_than_Release_Date.feature' was passed]]></system-out>
         <system-err><![CDATA[]]></system-err>
      </testcase>
      <system-out><![CDATA[2021-01-22 11:11:04 - [TEST_SUITE][PASSED] - TS_Hold_Payment_Configuration: Test Cases/RTD/Hold Payment Configuration/TC_Start_Date_Greater_than_Release_Date]]></system-out>
      <system-err><![CDATA[]]></system-err>
   </testsuite>
</testsuites>
