<?xml version="1.0" encoding="UTF-8"?>
<testsuites name="TS_Dashboard_for_BO_In_Payment" time="289.409" tests="5" failures="0" errors="0">
   <testsuite name="TS_Dashboard_for_BO_In_Payment" tests="5" failures="0" errors="0" time="289.409" timestamp="2021-02-05 13:28:10" hostname="chaidir.pratama01 - localhost" id="Test Suites/RTD/TS_Dashboard_for_BO_In_Payment">
      <properties>
         <property name="deviceName" value=""/>
         <property name="devicePlatform" value=""/>
         <property name="logFolder" value="/Users/chaidir.pratama01/Katalon Studio/IST_Automation_Git/Reports/20210205_131034/RTD/TS_Dashboard_for_BO_In_Payment/20210205_131038"/>
         <property name="logFiles" value="/Users/chaidir.pratama01/Katalon Studio/IST_Automation_Git/Reports/20210205_131034/RTD/TS_Dashboard_for_BO_In_Payment/20210205_131038/execution0.log"/>
         <property name="attachments" value="/Users/chaidir.pratama01/Documents/Docs/Katalon Studio/Screenshot/test-Dashboard for BO In Payment.png, /Users/chaidir.pratama01/Documents/Docs/Katalon Studio/Screenshot/test-Dashboard for BO In Payment.png, /Users/chaidir.pratama01/Documents/Docs/Katalon Studio/Screenshot/test-Dashboard for BO In Payment.png, /Users/chaidir.pratama01/Documents/Docs/Katalon Studio/Screenshot/test-Dashboard for BO In Payment.png, /Users/chaidir.pratama01/Documents/Docs/Katalon Studio/Screenshot/test-Dashboard for BO In Payment.png, /Users/chaidir.pratama01/Documents/Docs/Katalon Studio/Screenshot/test-Dashboard for BO In Payment.png, /Users/chaidir.pratama01/Documents/Docs/Katalon Studio/Screenshot/test-Dashboard for BO In Payment.png, /Users/chaidir.pratama01/Katalon Studio/IST_Automation_Git/Reports/20210205_131034/RTD/TS_Dashboard_for_BO_In_Payment/20210205_131038/1612506595524.png, /Users/chaidir.pratama01/Documents/Docs/Katalon Studio/Screenshot/test-Dashboard for BO In Payment.png, /Users/chaidir.pratama01/Katalon Studio/IST_Automation_Git/Reports/20210205_131034/RTD/TS_Dashboard_for_BO_In_Payment/20210205_131038/1612506611745.png, /Users/chaidir.pratama01/Documents/Docs/Katalon Studio/Screenshot/test-Dashboard for BO In Payment.png, /Users/chaidir.pratama01/Documents/Docs/Katalon Studio/Screenshot/test-Dashboard for BO In Payment.png, /Users/chaidir.pratama01/Documents/Docs/Katalon Studio/Screenshot/test-Dashboard for BO In Payment.png, /Users/chaidir.pratama01/Documents/Docs/Katalon Studio/Screenshot/test-Dashboard for BO In Payment.png, /Users/chaidir.pratama01/Documents/Docs/Katalon Studio/Screenshot/test-Dashboard for BO In Payment.png, /Users/chaidir.pratama01/Documents/Docs/Katalon Studio/Screenshot/Download_data.png, /Users/chaidir.pratama01/Documents/Docs/Katalon Studio/Screenshot/test-Dashboard for BO In Payment.png, /Users/chaidir.pratama01/Documents/Docs/Katalon Studio/Screenshot/errorpopup.png, /Users/chaidir.pratama01/Documents/Docs/Katalon Studio/Screenshot/test-Dashboard for BO In Payment.png, /Users/chaidir.pratama01/Documents/Docs/Katalon Studio/Screenshot/errorpopup.png, /Users/chaidir.pratama01/Documents/Docs/Katalon Studio/Screenshot/test-Dashboard for BO In Payment.png"/>
         <property name="hostName" value="chaidir.pratama01 - localhost"/>
         <property name="os" value="Mac OS X 64bit"/>
         <property name="katalonVersion" value="7.6.0.${buildNumber}"/>
         <property name="browser" value="Chrome 88.0.4324.146"/>
         <property name="hostAddress" value="127.0.0.1"/>
         <property name="sessionId" value="b996d6cc59cd00ac65c007a70cd2a7ba"/>
         <property name="seleniumVersion" value="3.141.59"/>
         <property name="proxyInformation" value="ProxyInformation { proxyOption=NO_PROXY, proxyServerType=HTTP, username=, password=********, proxyServerAddress=, proxyServerPort=0, executionList=\&quot;\&quot;, isApplyToDesiredCapabilities=true }"/>
         <property name="platform" value="Mac OS X"/>
      </properties>
      <testcase name="Test Cases/RTD/Dashboard for BO in Payment/TC_Search_by_Status" time="175.8" classname="Test Cases/RTD/Dashboard for BO in Payment/TC_Search_by_Status" status="PASSED">
         <system-out><![CDATA[2021-02-05 13:28:10 - [TEST_CASE][PASSED] - Test Cases/RTD/Dashboard for BO in Payment/TC_Search_by_Status: Test Cases/RTD/Dashboard for BO in Payment/TC_Search_by_Status

2021-02-05 13:28:10 - [TEST_STEP][PASSED] - runFeatureFile("Include/features/IST_Real/RTD/Dashboard_for_BO_In_Payment/Search_by_Status.feature"): Feature file: 'Include/features/IST_Real/RTD/Dashboard_for_BO_In_Payment/Search_by_Status.feature' was passed

2021-02-05 13:28:10 - [MESSAGE][INFO] - Starting run keyword runFeatureFile: 'Include/features/IST_Real/RTD/Dashboard_for_BO_In_Payment/Search_by_Status.feature' and extract report to folder: '/Users/chaidir.pratama01/Katalon Studio/IST_Automation_Git/Reports/20210205_131034/RTD/TS_Dashboard_for_BO_In_Payment/20210205_131038/cucumber_report/1612506490824'...

2021-02-05 13:28:11 - [TEST_CASE][PASSED] - Start Test Case : SCENARIO Search by STATUS Eligible to Disburse: SCENARIO Search by STATUS Eligible to Disburse

2021-02-05 13:28:11 - [TEST_STEP][PASSED] - Go to ISTools: Go to ISTools

2021-02-05 13:28:11 - [MESSAGE][INFO] - Starting 'Chrome (headless)' driver

2021-02-05 13:28:11 - [MESSAGE][INFO] - User set preference: ['args', '[--start-maximized, --disable-gpu, --no-proxy-server, –-no-sandbox, --allow-running-insecure-content, --ignore-certificate-errors, window-size=1680,814, force-device-scale-factor=2, --lang=en-GB]']

2021-02-05 13:28:11 - [MESSAGE][INFO] - User set preference: ['prefs', '{download.default_directory=/Users/chaidir.pratama01/Katalon Studio/IST_Automation_Git/Download}']

2021-02-05 13:28:11 - [MESSAGE][INFO] - Action delay is set to 0 milliseconds

2021-02-05 13:28:12 - [MESSAGE][PASSED] - Browser is opened with url: ''

2021-02-05 13:28:15 - [MESSAGE][PASSED] - Navigate to 'https://dev-istools.homecredit.id/foundation/' successfully

2021-02-05 13:28:15 - [MESSAGE][PASSED] - Go to ISTools

2021-02-05 13:28:15 - [TEST_STEP][PASSED] - Login IST with valid credentials: Login IST with valid credentials

2021-02-05 13:28:16 - [MESSAGE][PASSED] - Text 'mobile.test' is set on object 'Object Repository/Page_/input_Username_j_username'

2021-02-05 13:28:16 - [MESSAGE][PASSED] - Text ****** has been set on object 'Object Repository/Page_/input_Password_j_password'

2021-02-05 13:28:16 - [MESSAGE][PASSED] - Object: 'Object Repository/Page_/button_Login' is clicked on

2021-02-05 13:28:16 - [MESSAGE][PASSED] - Login IST with valid credentials

2021-02-05 13:28:16 - [TEST_STEP][PASSED] - Login Success: Login Success

2021-02-05 13:28:16 - [MESSAGE][INFO] - Login Success

2021-02-05 13:28:16 - [MESSAGE][PASSED] - Current window maximized

2021-02-05 13:28:17 - [MESSAGE][PASSED] - Object 'Object Repository/Page_/h1_Welcome to IT Supporting Tools' is present

2021-02-05 13:28:17 - [MESSAGE][PASSED] - Login Success

2021-02-05 13:28:17 - [TEST_STEP][PASSED] - Select Arrow Menu "Real Time Disbursement": Select Arrow Menu "Real Time Disbursement"

2021-02-05 13:28:17 - [MESSAGE][PASSED] - Object: '' is clicked on

2021-02-05 13:28:17 - [MESSAGE][PASSED] - Select Arrow Menu "Real Time Disbursement"

2021-02-05 13:28:17 - [TEST_STEP][PASSED] - Select Menu "Dashboard for BO In Payment": Select Menu "Dashboard for BO In Payment"

2021-02-05 13:28:17 - [MESSAGE][PASSED] - Taking screenshot successfully
[[ATTACHMENT|/Users/chaidir.pratama01/Documents/Docs/Katalon Studio/Screenshot/test-Dashboard for BO In Payment.png]]

2021-02-05 13:28:17 - [MESSAGE][PASSED] - Object '' is present

2021-02-05 13:28:17 - [MESSAGE][PASSED] - Object: '' is clicked on

2021-02-05 13:28:17 - [MESSAGE][PASSED] - Wait for page load successfully

2021-02-05 13:28:17 - [MESSAGE][PASSED] - Select Menu "Dashboard for BO In Payment"

2021-02-05 13:28:17 - [TEST_STEP][PASSED] - Select STATUS "Eligible to disburse": Select STATUS "Eligible to disburse"

2021-02-05 13:28:18 - [MESSAGE][PASSED] - All options with value 'Eligible to disburse' are selected in object ''  using regular expression

2021-02-05 13:28:18 - [MESSAGE][PASSED] - Select STATUS "Eligible to disburse"

2021-02-05 13:28:18 - [TEST_STEP][PASSED] - Click button "Search": Click button "Search"

2021-02-05 13:28:18 - [MESSAGE][INFO] - >>>>>//Button[contains(text(),'Search')]

2021-02-05 13:28:21 - [MESSAGE][PASSED] - Object '' is present

2021-02-05 13:28:21 - [MESSAGE][PASSED] - Object: '' is clicked on

2021-02-05 13:28:21 - [MESSAGE][PASSED] - Switched to window with index: '0'

2021-02-05 13:28:21 - [MESSAGE][PASSED] - Click button "Search"

2021-02-05 13:28:21 - [TEST_STEP][PASSED] - Verify Search Result Presents: Verify Search Result Presents

2021-02-05 13:28:21 - [MESSAGE][PASSED] - Object '' is present

2021-02-05 13:28:28 - [MESSAGE][PASSED] - Verify Search Result Presents

2021-02-05 13:28:28 - [TEST_STEP][PASSED] - Click button "Logout": Click button "Logout"

2021-02-05 13:28:28 - [MESSAGE][INFO] - >>>>>//Button[contains(text(),'Logout')]

2021-02-05 13:28:31 - [MESSAGE][PASSED] - Object '' is present

2021-02-05 13:28:31 - [MESSAGE][PASSED] - Object: '' is clicked on

2021-02-05 13:28:31 - [MESSAGE][PASSED] - Switched to window with index: '0'

2021-02-05 13:28:31 - [MESSAGE][PASSED] - Click button "Logout"

2021-02-05 13:28:31 - [TEST_STEP][PASSED] - Close browser: Close browser

2021-02-05 13:28:31 - [MESSAGE][PASSED] - Browser is closed

2021-02-05 13:28:31 - [MESSAGE][PASSED] - Close browser

2021-02-05 13:28:31 - [TEST_CASE][PASSED] - Start Test Case : SCENARIO Search by STATUS Waiting validation from Risk: SCENARIO Search by STATUS Waiting validation from Risk

2021-02-05 13:28:31 - [TEST_STEP][PASSED] - Go to ISTools: Go to ISTools

2021-02-05 13:28:31 - [MESSAGE][INFO] - Starting 'Chrome (headless)' driver

2021-02-05 13:28:31 - [MESSAGE][INFO] - User set preference: ['args', '[--start-maximized, --disable-gpu, --no-proxy-server, –-no-sandbox, --allow-running-insecure-content, --ignore-certificate-errors, window-size=1680,814, force-device-scale-factor=2, --lang=en-GB]']

2021-02-05 13:28:31 - [MESSAGE][INFO] - User set preference: ['prefs', '{download.default_directory=/Users/chaidir.pratama01/Katalon Studio/IST_Automation_Git/Download}']

2021-02-05 13:28:31 - [MESSAGE][INFO] - Action delay is set to 0 milliseconds

2021-02-05 13:28:32 - [MESSAGE][PASSED] - Browser is opened with url: ''

2021-02-05 13:28:35 - [MESSAGE][PASSED] - Navigate to 'https://dev-istools.homecredit.id/foundation/' successfully

2021-02-05 13:28:35 - [MESSAGE][PASSED] - Go to ISTools

2021-02-05 13:28:35 - [TEST_STEP][PASSED] - Login IST with valid credentials: Login IST with valid credentials

2021-02-05 13:28:35 - [MESSAGE][PASSED] - Text 'mobile.test' is set on object 'Object Repository/Page_/input_Username_j_username'

2021-02-05 13:28:35 - [MESSAGE][PASSED] - Text ****** has been set on object 'Object Repository/Page_/input_Password_j_password'

2021-02-05 13:28:36 - [MESSAGE][PASSED] - Object: 'Object Repository/Page_/button_Login' is clicked on

2021-02-05 13:28:36 - [MESSAGE][PASSED] - Login IST with valid credentials

2021-02-05 13:28:36 - [TEST_STEP][PASSED] - Login Success: Login Success

2021-02-05 13:28:36 - [MESSAGE][INFO] - Login Success

2021-02-05 13:28:36 - [MESSAGE][PASSED] - Current window maximized

2021-02-05 13:28:36 - [MESSAGE][PASSED] - Object 'Object Repository/Page_/h1_Welcome to IT Supporting Tools' is present

2021-02-05 13:28:36 - [MESSAGE][PASSED] - Login Success

2021-02-05 13:28:36 - [TEST_STEP][PASSED] - Select Arrow Menu "Real Time Disbursement": Select Arrow Menu "Real Time Disbursement"

2021-02-05 13:28:36 - [MESSAGE][PASSED] - Object: '' is clicked on

2021-02-05 13:28:36 - [MESSAGE][PASSED] - Select Arrow Menu "Real Time Disbursement"

2021-02-05 13:28:36 - [TEST_STEP][PASSED] - Select Menu "Dashboard for BO In Payment": Select Menu "Dashboard for BO In Payment"

2021-02-05 13:28:37 - [MESSAGE][PASSED] - Taking screenshot successfully
[[ATTACHMENT|/Users/chaidir.pratama01/Documents/Docs/Katalon Studio/Screenshot/test-Dashboard for BO In Payment.png]]

2021-02-05 13:28:37 - [MESSAGE][PASSED] - Object '' is present

2021-02-05 13:28:37 - [MESSAGE][PASSED] - Object: '' is clicked on

2021-02-05 13:28:37 - [MESSAGE][PASSED] - Wait for page load successfully

2021-02-05 13:28:37 - [MESSAGE][PASSED] - Select Menu "Dashboard for BO In Payment"

2021-02-05 13:28:37 - [TEST_STEP][PASSED] - Select STATUS "Waiting validation from Risk": Select STATUS "Waiting validation from Risk"

2021-02-05 13:28:37 - [MESSAGE][PASSED] - All options with value 'Waiting validation from Risk' are selected in object ''  using regular expression

2021-02-05 13:28:37 - [MESSAGE][PASSED] - Select STATUS "Waiting validation from Risk"

2021-02-05 13:28:37 - [TEST_STEP][PASSED] - Click button "Search": Click button "Search"

2021-02-05 13:28:37 - [MESSAGE][INFO] - >>>>>//Button[contains(text(),'Search')]

2021-02-05 13:28:40 - [MESSAGE][PASSED] - Object '' is present

2021-02-05 13:28:40 - [MESSAGE][PASSED] - Object: '' is clicked on

2021-02-05 13:28:40 - [MESSAGE][PASSED] - Switched to window with index: '0'

2021-02-05 13:28:40 - [MESSAGE][PASSED] - Click button "Search"

2021-02-05 13:28:40 - [TEST_STEP][PASSED] - Verify Search Result Presents: Verify Search Result Presents

2021-02-05 13:28:40 - [MESSAGE][PASSED] - Object '' is present

2021-02-05 13:28:44 - [MESSAGE][PASSED] - Verify Search Result Presents

2021-02-05 13:28:44 - [TEST_STEP][PASSED] - Click button "Logout": Click button "Logout"

2021-02-05 13:28:44 - [MESSAGE][INFO] - >>>>>//Button[contains(text(),'Logout')]

2021-02-05 13:28:47 - [MESSAGE][PASSED] - Object '' is present

2021-02-05 13:28:47 - [MESSAGE][PASSED] - Object: '' is clicked on

2021-02-05 13:28:47 - [MESSAGE][PASSED] - Switched to window with index: '0'

2021-02-05 13:28:47 - [MESSAGE][PASSED] - Click button "Logout"

2021-02-05 13:28:47 - [TEST_STEP][PASSED] - Close browser: Close browser

2021-02-05 13:28:47 - [MESSAGE][PASSED] - Browser is closed

2021-02-05 13:28:47 - [MESSAGE][PASSED] - Close browser

2021-02-05 13:28:47 - [TEST_CASE][PASSED] - Start Test Case : SCENARIO Search by STATUS Waiting validation from In Payment: SCENARIO Search by STATUS Waiting validation from In Payment

2021-02-05 13:28:47 - [TEST_STEP][PASSED] - Go to ISTools: Go to ISTools

2021-02-05 13:28:47 - [MESSAGE][INFO] - Starting 'Chrome (headless)' driver

2021-02-05 13:28:47 - [MESSAGE][INFO] - User set preference: ['args', '[--start-maximized, --disable-gpu, --no-proxy-server, –-no-sandbox, --allow-running-insecure-content, --ignore-certificate-errors, window-size=1680,814, force-device-scale-factor=2, --lang=en-GB]']

2021-02-05 13:28:47 - [MESSAGE][INFO] - User set preference: ['prefs', '{download.default_directory=/Users/chaidir.pratama01/Katalon Studio/IST_Automation_Git/Download}']

2021-02-05 13:28:47 - [MESSAGE][INFO] - Action delay is set to 0 milliseconds

2021-02-05 13:28:48 - [MESSAGE][PASSED] - Browser is opened with url: ''

2021-02-05 13:28:50 - [MESSAGE][PASSED] - Navigate to 'https://dev-istools.homecredit.id/foundation/' successfully

2021-02-05 13:28:50 - [MESSAGE][PASSED] - Go to ISTools

2021-02-05 13:28:50 - [TEST_STEP][PASSED] - Login IST with valid credentials: Login IST with valid credentials

2021-02-05 13:28:50 - [MESSAGE][PASSED] - Text 'mobile.test' is set on object 'Object Repository/Page_/input_Username_j_username'

2021-02-05 13:28:50 - [MESSAGE][PASSED] - Text ****** has been set on object 'Object Repository/Page_/input_Password_j_password'

2021-02-05 13:28:52 - [MESSAGE][PASSED] - Object: 'Object Repository/Page_/button_Login' is clicked on

2021-02-05 13:28:52 - [MESSAGE][PASSED] - Login IST with valid credentials

2021-02-05 13:28:52 - [TEST_STEP][PASSED] - Login Success: Login Success

2021-02-05 13:28:52 - [MESSAGE][INFO] - Login Success

2021-02-05 13:28:52 - [MESSAGE][PASSED] - Current window maximized

2021-02-05 13:28:52 - [MESSAGE][PASSED] - Object 'Object Repository/Page_/h1_Welcome to IT Supporting Tools' is present

2021-02-05 13:28:52 - [MESSAGE][PASSED] - Login Success

2021-02-05 13:28:52 - [TEST_STEP][PASSED] - Select Arrow Menu "Real Time Disbursement": Select Arrow Menu "Real Time Disbursement"

2021-02-05 13:28:52 - [MESSAGE][PASSED] - Object: '' is clicked on

2021-02-05 13:28:52 - [MESSAGE][PASSED] - Select Arrow Menu "Real Time Disbursement"

2021-02-05 13:28:52 - [TEST_STEP][PASSED] - Select Menu "Dashboard for BO In Payment": Select Menu "Dashboard for BO In Payment"

2021-02-05 13:28:52 - [MESSAGE][PASSED] - Taking screenshot successfully
[[ATTACHMENT|/Users/chaidir.pratama01/Documents/Docs/Katalon Studio/Screenshot/test-Dashboard for BO In Payment.png]]

2021-02-05 13:28:52 - [MESSAGE][PASSED] - Object '' is present

2021-02-05 13:28:53 - [MESSAGE][PASSED] - Object: '' is clicked on

2021-02-05 13:28:53 - [MESSAGE][PASSED] - Wait for page load successfully

2021-02-05 13:28:53 - [MESSAGE][PASSED] - Select Menu "Dashboard for BO In Payment"

2021-02-05 13:28:53 - [TEST_STEP][PASSED] - Select STATUS "Waiting validation from In Payment": Select STATUS "Waiting validation from In Payment"

2021-02-05 13:28:53 - [MESSAGE][PASSED] - All options with value 'Waiting validation from In Payment' are selected in object ''  using regular expression

2021-02-05 13:28:53 - [MESSAGE][PASSED] - Select STATUS "Waiting validation from In Payment"

2021-02-05 13:28:53 - [TEST_STEP][PASSED] - Click button "Search": Click button "Search"

2021-02-05 13:28:53 - [MESSAGE][INFO] - >>>>>//Button[contains(text(),'Search')]

2021-02-05 13:28:56 - [MESSAGE][PASSED] - Object '' is present

2021-02-05 13:28:56 - [MESSAGE][PASSED] - Object: '' is clicked on

2021-02-05 13:28:56 - [MESSAGE][PASSED] - Switched to window with index: '0'

2021-02-05 13:28:56 - [MESSAGE][PASSED] - Click button "Search"

2021-02-05 13:28:56 - [TEST_STEP][PASSED] - Verify Search Result Presents: Verify Search Result Presents

2021-02-05 13:28:56 - [MESSAGE][PASSED] - Object '' is present

2021-02-05 13:28:57 - [MESSAGE][PASSED] - Verify Search Result Presents

2021-02-05 13:28:57 - [TEST_STEP][PASSED] - Click button "Logout": Click button "Logout"

2021-02-05 13:28:57 - [MESSAGE][INFO] - >>>>>//Button[contains(text(),'Logout')]

2021-02-05 13:29:00 - [MESSAGE][PASSED] - Object '' is present

2021-02-05 13:29:00 - [MESSAGE][PASSED] - Object: '' is clicked on

2021-02-05 13:29:00 - [MESSAGE][PASSED] - Switched to window with index: '0'

2021-02-05 13:29:00 - [MESSAGE][PASSED] - Click button "Logout"

2021-02-05 13:29:00 - [TEST_STEP][PASSED] - Close browser: Close browser

2021-02-05 13:29:00 - [MESSAGE][PASSED] - Browser is closed

2021-02-05 13:29:00 - [MESSAGE][PASSED] - Close browser

2021-02-05 13:29:00 - [TEST_CASE][PASSED] - Start Test Case : SCENARIO Search by STATUS Ready to disburse: SCENARIO Search by STATUS Ready to disburse

2021-02-05 13:29:00 - [TEST_STEP][PASSED] - Go to ISTools: Go to ISTools

2021-02-05 13:29:00 - [MESSAGE][INFO] - Starting 'Chrome (headless)' driver

2021-02-05 13:29:00 - [MESSAGE][INFO] - User set preference: ['args', '[--start-maximized, --disable-gpu, --no-proxy-server, –-no-sandbox, --allow-running-insecure-content, --ignore-certificate-errors, window-size=1680,814, force-device-scale-factor=2, --lang=en-GB]']

2021-02-05 13:29:00 - [MESSAGE][INFO] - User set preference: ['prefs', '{download.default_directory=/Users/chaidir.pratama01/Katalon Studio/IST_Automation_Git/Download}']

2021-02-05 13:29:00 - [MESSAGE][INFO] - Action delay is set to 0 milliseconds

2021-02-05 13:29:01 - [MESSAGE][PASSED] - Browser is opened with url: ''

2021-02-05 13:29:02 - [MESSAGE][PASSED] - Navigate to 'https://dev-istools.homecredit.id/foundation/' successfully

2021-02-05 13:29:02 - [MESSAGE][PASSED] - Go to ISTools

2021-02-05 13:29:02 - [TEST_STEP][PASSED] - Login IST with valid credentials: Login IST with valid credentials

2021-02-05 13:29:03 - [MESSAGE][PASSED] - Text 'mobile.test' is set on object 'Object Repository/Page_/input_Username_j_username'

2021-02-05 13:29:03 - [MESSAGE][PASSED] - Text ****** has been set on object 'Object Repository/Page_/input_Password_j_password'

2021-02-05 13:29:04 - [MESSAGE][PASSED] - Object: 'Object Repository/Page_/button_Login' is clicked on

2021-02-05 13:29:04 - [MESSAGE][PASSED] - Login IST with valid credentials

2021-02-05 13:29:04 - [TEST_STEP][PASSED] - Login Success: Login Success

2021-02-05 13:29:04 - [MESSAGE][INFO] - Login Success

2021-02-05 13:29:04 - [MESSAGE][PASSED] - Current window maximized

2021-02-05 13:29:05 - [MESSAGE][PASSED] - Object 'Object Repository/Page_/h1_Welcome to IT Supporting Tools' is present

2021-02-05 13:29:05 - [MESSAGE][PASSED] - Login Success

2021-02-05 13:29:05 - [TEST_STEP][PASSED] - Select Arrow Menu "Real Time Disbursement": Select Arrow Menu "Real Time Disbursement"

2021-02-05 13:29:05 - [MESSAGE][PASSED] - Object: '' is clicked on

2021-02-05 13:29:05 - [MESSAGE][PASSED] - Select Arrow Menu "Real Time Disbursement"

2021-02-05 13:29:05 - [TEST_STEP][PASSED] - Select Menu "Dashboard for BO In Payment": Select Menu "Dashboard for BO In Payment"

2021-02-05 13:29:05 - [MESSAGE][PASSED] - Taking screenshot successfully
[[ATTACHMENT|/Users/chaidir.pratama01/Documents/Docs/Katalon Studio/Screenshot/test-Dashboard for BO In Payment.png]]

2021-02-05 13:29:05 - [MESSAGE][PASSED] - Object '' is present

2021-02-05 13:29:05 - [MESSAGE][PASSED] - Object: '' is clicked on

2021-02-05 13:29:05 - [MESSAGE][PASSED] - Wait for page load successfully

2021-02-05 13:29:05 - [MESSAGE][PASSED] - Select Menu "Dashboard for BO In Payment"

2021-02-05 13:29:05 - [TEST_STEP][PASSED] - Select STATUS "Ready to disburse": Select STATUS "Ready to disburse"

2021-02-05 13:29:06 - [MESSAGE][PASSED] - All options with value 'Ready to disburse' are selected in object ''  using regular expression

2021-02-05 13:29:06 - [MESSAGE][PASSED] - Select STATUS "Ready to disburse"

2021-02-05 13:29:06 - [TEST_STEP][PASSED] - Click button "Search": Click button "Search"

2021-02-05 13:29:06 - [MESSAGE][INFO] - >>>>>//Button[contains(text(),'Search')]

2021-02-05 13:29:09 - [MESSAGE][PASSED] - Object '' is present

2021-02-05 13:29:09 - [MESSAGE][PASSED] - Object: '' is clicked on

2021-02-05 13:29:09 - [MESSAGE][PASSED] - Switched to window with index: '0'

2021-02-05 13:29:09 - [MESSAGE][PASSED] - Click button "Search"

2021-02-05 13:29:09 - [TEST_STEP][PASSED] - Verify Search Result Presents: Verify Search Result Presents

2021-02-05 13:29:09 - [MESSAGE][PASSED] - Object '' is present

2021-02-05 13:29:11 - [MESSAGE][PASSED] - Verify Search Result Presents

2021-02-05 13:29:11 - [TEST_STEP][PASSED] - Click button "Logout": Click button "Logout"

2021-02-05 13:29:11 - [MESSAGE][INFO] - >>>>>//Button[contains(text(),'Logout')]

2021-02-05 13:29:14 - [MESSAGE][PASSED] - Object '' is present

2021-02-05 13:29:14 - [MESSAGE][PASSED] - Object: '' is clicked on

2021-02-05 13:29:14 - [MESSAGE][PASSED] - Switched to window with index: '0'

2021-02-05 13:29:14 - [MESSAGE][PASSED] - Click button "Logout"

2021-02-05 13:29:14 - [TEST_STEP][PASSED] - Close browser: Close browser

2021-02-05 13:29:14 - [MESSAGE][PASSED] - Browser is closed

2021-02-05 13:29:14 - [MESSAGE][PASSED] - Close browser

2021-02-05 13:29:14 - [TEST_CASE][PASSED] - Start Test Case : SCENARIO Search by STATUS Failed due to invalid bank account: SCENARIO Search by STATUS Failed due to invalid bank account

2021-02-05 13:29:14 - [TEST_STEP][PASSED] - Go to ISTools: Go to ISTools

2021-02-05 13:29:15 - [MESSAGE][INFO] - Starting 'Chrome (headless)' driver

2021-02-05 13:29:15 - [MESSAGE][INFO] - User set preference: ['args', '[--start-maximized, --disable-gpu, --no-proxy-server, –-no-sandbox, --allow-running-insecure-content, --ignore-certificate-errors, window-size=1680,814, force-device-scale-factor=2, --lang=en-GB]']

2021-02-05 13:29:15 - [MESSAGE][INFO] - User set preference: ['prefs', '{download.default_directory=/Users/chaidir.pratama01/Katalon Studio/IST_Automation_Git/Download}']

2021-02-05 13:29:15 - [MESSAGE][INFO] - Action delay is set to 0 milliseconds

2021-02-05 13:29:15 - [MESSAGE][PASSED] - Browser is opened with url: ''

2021-02-05 13:29:17 - [MESSAGE][PASSED] - Navigate to 'https://dev-istools.homecredit.id/foundation/' successfully

2021-02-05 13:29:17 - [MESSAGE][PASSED] - Go to ISTools

2021-02-05 13:29:17 - [TEST_STEP][PASSED] - Login IST with valid credentials: Login IST with valid credentials

2021-02-05 13:29:17 - [MESSAGE][PASSED] - Text 'mobile.test' is set on object 'Object Repository/Page_/input_Username_j_username'

2021-02-05 13:29:17 - [MESSAGE][PASSED] - Text ****** has been set on object 'Object Repository/Page_/input_Password_j_password'

2021-02-05 13:29:18 - [MESSAGE][PASSED] - Object: 'Object Repository/Page_/button_Login' is clicked on

2021-02-05 13:29:18 - [MESSAGE][PASSED] - Login IST with valid credentials

2021-02-05 13:29:18 - [TEST_STEP][PASSED] - Login Success: Login Success

2021-02-05 13:29:18 - [MESSAGE][INFO] - Login Success

2021-02-05 13:29:19 - [MESSAGE][PASSED] - Current window maximized

2021-02-05 13:29:19 - [MESSAGE][PASSED] - Object 'Object Repository/Page_/h1_Welcome to IT Supporting Tools' is present

2021-02-05 13:29:19 - [MESSAGE][PASSED] - Login Success

2021-02-05 13:29:19 - [TEST_STEP][PASSED] - Select Arrow Menu "Real Time Disbursement": Select Arrow Menu "Real Time Disbursement"

2021-02-05 13:29:19 - [MESSAGE][PASSED] - Object: '' is clicked on

2021-02-05 13:29:19 - [MESSAGE][PASSED] - Select Arrow Menu "Real Time Disbursement"

2021-02-05 13:29:19 - [TEST_STEP][PASSED] - Select Menu "Dashboard for BO In Payment": Select Menu "Dashboard for BO In Payment"

2021-02-05 13:29:19 - [MESSAGE][PASSED] - Taking screenshot successfully
[[ATTACHMENT|/Users/chaidir.pratama01/Documents/Docs/Katalon Studio/Screenshot/test-Dashboard for BO In Payment.png]]

2021-02-05 13:29:19 - [MESSAGE][PASSED] - Object '' is present

2021-02-05 13:29:19 - [MESSAGE][PASSED] - Object: '' is clicked on

2021-02-05 13:29:19 - [MESSAGE][PASSED] - Wait for page load successfully

2021-02-05 13:29:19 - [MESSAGE][PASSED] - Select Menu "Dashboard for BO In Payment"

2021-02-05 13:29:19 - [TEST_STEP][PASSED] - Select STATUS "Failed due to invalid bank account": Select STATUS "Failed due to invalid bank account"

2021-02-05 13:29:20 - [MESSAGE][PASSED] - All options with value 'Failed due to invalid bank account' are selected in object ''  using regular expression

2021-02-05 13:29:20 - [MESSAGE][PASSED] - Select STATUS "Failed due to invalid bank account"

2021-02-05 13:29:20 - [TEST_STEP][PASSED] - Click button "Search": Click button "Search"

2021-02-05 13:29:20 - [MESSAGE][INFO] - >>>>>//Button[contains(text(),'Search')]

2021-02-05 13:29:23 - [MESSAGE][PASSED] - Object '' is present

2021-02-05 13:29:23 - [MESSAGE][PASSED] - Object: '' is clicked on

2021-02-05 13:29:23 - [MESSAGE][PASSED] - Switched to window with index: '0'

2021-02-05 13:29:23 - [MESSAGE][PASSED] - Click button "Search"

2021-02-05 13:29:23 - [TEST_STEP][PASSED] - Verify Search Result Presents: Verify Search Result Presents

2021-02-05 13:29:24 - [MESSAGE][PASSED] - Object '' is present

2021-02-05 13:29:25 - [MESSAGE][PASSED] - Verify Search Result Presents

2021-02-05 13:29:25 - [TEST_STEP][PASSED] - Click button "Logout": Click button "Logout"

2021-02-05 13:29:25 - [MESSAGE][INFO] - >>>>>//Button[contains(text(),'Logout')]

2021-02-05 13:29:28 - [MESSAGE][PASSED] - Object '' is present

2021-02-05 13:29:28 - [MESSAGE][PASSED] - Object: '' is clicked on

2021-02-05 13:29:28 - [MESSAGE][PASSED] - Switched to window with index: '0'

2021-02-05 13:29:28 - [MESSAGE][PASSED] - Click button "Logout"

2021-02-05 13:29:28 - [TEST_STEP][PASSED] - Close browser: Close browser

2021-02-05 13:29:28 - [MESSAGE][PASSED] - Browser is closed

2021-02-05 13:29:28 - [MESSAGE][PASSED] - Close browser

2021-02-05 13:29:28 - [TEST_CASE][PASSED] - Start Test Case : SCENARIO Search by STATUS Failed due to system error: SCENARIO Search by STATUS Failed due to system error

2021-02-05 13:29:28 - [TEST_STEP][PASSED] - Go to ISTools: Go to ISTools

2021-02-05 13:29:28 - [MESSAGE][INFO] - Starting 'Chrome (headless)' driver

2021-02-05 13:29:28 - [MESSAGE][INFO] - User set preference: ['args', '[--start-maximized, --disable-gpu, --no-proxy-server, –-no-sandbox, --allow-running-insecure-content, --ignore-certificate-errors, window-size=1680,814, force-device-scale-factor=2, --lang=en-GB]']

2021-02-05 13:29:28 - [MESSAGE][INFO] - User set preference: ['prefs', '{download.default_directory=/Users/chaidir.pratama01/Katalon Studio/IST_Automation_Git/Download}']

2021-02-05 13:29:28 - [MESSAGE][INFO] - Action delay is set to 0 milliseconds

2021-02-05 13:29:29 - [MESSAGE][PASSED] - Browser is opened with url: ''

2021-02-05 13:29:30 - [MESSAGE][PASSED] - Navigate to 'https://dev-istools.homecredit.id/foundation/' successfully

2021-02-05 13:29:30 - [MESSAGE][PASSED] - Go to ISTools

2021-02-05 13:29:30 - [TEST_STEP][PASSED] - Login IST with valid credentials: Login IST with valid credentials

2021-02-05 13:29:30 - [MESSAGE][PASSED] - Text 'mobile.test' is set on object 'Object Repository/Page_/input_Username_j_username'

2021-02-05 13:29:30 - [MESSAGE][PASSED] - Text ****** has been set on object 'Object Repository/Page_/input_Password_j_password'

2021-02-05 13:29:31 - [MESSAGE][PASSED] - Object: 'Object Repository/Page_/button_Login' is clicked on

2021-02-05 13:29:31 - [MESSAGE][PASSED] - Login IST with valid credentials

2021-02-05 13:29:31 - [TEST_STEP][PASSED] - Login Success: Login Success

2021-02-05 13:29:31 - [MESSAGE][INFO] - Login Success

2021-02-05 13:29:31 - [MESSAGE][PASSED] - Current window maximized

2021-02-05 13:29:31 - [MESSAGE][PASSED] - Object 'Object Repository/Page_/h1_Welcome to IT Supporting Tools' is present

2021-02-05 13:29:31 - [MESSAGE][PASSED] - Login Success

2021-02-05 13:29:31 - [TEST_STEP][PASSED] - Select Arrow Menu "Real Time Disbursement": Select Arrow Menu "Real Time Disbursement"

2021-02-05 13:29:31 - [MESSAGE][PASSED] - Object: '' is clicked on

2021-02-05 13:29:31 - [MESSAGE][PASSED] - Select Arrow Menu "Real Time Disbursement"

2021-02-05 13:29:31 - [TEST_STEP][PASSED] - Select Menu "Dashboard for BO In Payment": Select Menu "Dashboard for BO In Payment"

2021-02-05 13:29:32 - [MESSAGE][PASSED] - Taking screenshot successfully
[[ATTACHMENT|/Users/chaidir.pratama01/Documents/Docs/Katalon Studio/Screenshot/test-Dashboard for BO In Payment.png]]

2021-02-05 13:29:32 - [MESSAGE][PASSED] - Object '' is present

2021-02-05 13:29:32 - [MESSAGE][PASSED] - Object: '' is clicked on

2021-02-05 13:29:32 - [MESSAGE][PASSED] - Wait for page load successfully

2021-02-05 13:29:32 - [MESSAGE][PASSED] - Select Menu "Dashboard for BO In Payment"

2021-02-05 13:29:32 - [TEST_STEP][PASSED] - Select STATUS "Failed due to system error": Select STATUS "Failed due to system error"

2021-02-05 13:29:32 - [MESSAGE][PASSED] - All options with value 'Failed due to system error' are selected in object ''  using regular expression

2021-02-05 13:29:32 - [MESSAGE][PASSED] - Select STATUS "Failed due to system error"

2021-02-05 13:29:32 - [TEST_STEP][PASSED] - Click button "Search": Click button "Search"

2021-02-05 13:29:32 - [MESSAGE][INFO] - >>>>>//Button[contains(text(),'Search')]

2021-02-05 13:29:35 - [MESSAGE][PASSED] - Object '' is present

2021-02-05 13:29:35 - [MESSAGE][PASSED] - Object: '' is clicked on

2021-02-05 13:29:35 - [MESSAGE][PASSED] - Switched to window with index: '0'

2021-02-05 13:29:35 - [MESSAGE][PASSED] - Click button "Search"

2021-02-05 13:29:35 - [TEST_STEP][PASSED] - Verify Search Result Presents: Verify Search Result Presents

2021-02-05 13:29:35 - [MESSAGE][PASSED] - Object '' is present

2021-02-05 13:29:39 - [MESSAGE][PASSED] - Verify Search Result Presents

2021-02-05 13:29:39 - [TEST_STEP][PASSED] - Click button "Logout": Click button "Logout"

2021-02-05 13:29:39 - [MESSAGE][INFO] - >>>>>//Button[contains(text(),'Logout')]

2021-02-05 13:29:42 - [MESSAGE][PASSED] - Object '' is present

2021-02-05 13:29:42 - [MESSAGE][PASSED] - Object: '' is clicked on

2021-02-05 13:29:42 - [MESSAGE][PASSED] - Switched to window with index: '0'

2021-02-05 13:29:42 - [MESSAGE][PASSED] - Click button "Logout"

2021-02-05 13:29:42 - [TEST_STEP][PASSED] - Close browser: Close browser

2021-02-05 13:29:42 - [MESSAGE][PASSED] - Browser is closed

2021-02-05 13:29:42 - [MESSAGE][PASSED] - Close browser

2021-02-05 13:29:42 - [TEST_CASE][PASSED] - Start Test Case : SCENARIO Search by STATUS Failed due to insufficient fund: SCENARIO Search by STATUS Failed due to insufficient fund

2021-02-05 13:29:42 - [TEST_STEP][PASSED] - Go to ISTools: Go to ISTools

2021-02-05 13:29:42 - [MESSAGE][INFO] - Starting 'Chrome (headless)' driver

2021-02-05 13:29:42 - [MESSAGE][INFO] - User set preference: ['args', '[--start-maximized, --disable-gpu, --no-proxy-server, –-no-sandbox, --allow-running-insecure-content, --ignore-certificate-errors, window-size=1680,814, force-device-scale-factor=2, --lang=en-GB]']

2021-02-05 13:29:42 - [MESSAGE][INFO] - User set preference: ['prefs', '{download.default_directory=/Users/chaidir.pratama01/Katalon Studio/IST_Automation_Git/Download}']

2021-02-05 13:29:42 - [MESSAGE][INFO] - Action delay is set to 0 milliseconds

2021-02-05 13:29:42 - [MESSAGE][PASSED] - Browser is opened with url: ''

2021-02-05 13:29:45 - [MESSAGE][PASSED] - Navigate to 'https://dev-istools.homecredit.id/foundation/' successfully

2021-02-05 13:29:45 - [MESSAGE][PASSED] - Go to ISTools

2021-02-05 13:29:45 - [TEST_STEP][PASSED] - Login IST with valid credentials: Login IST with valid credentials

2021-02-05 13:29:46 - [MESSAGE][PASSED] - Text 'mobile.test' is set on object 'Object Repository/Page_/input_Username_j_username'

2021-02-05 13:29:46 - [MESSAGE][PASSED] - Text ****** has been set on object 'Object Repository/Page_/input_Password_j_password'

2021-02-05 13:29:47 - [MESSAGE][PASSED] - Object: 'Object Repository/Page_/button_Login' is clicked on

2021-02-05 13:29:47 - [MESSAGE][PASSED] - Login IST with valid credentials

2021-02-05 13:29:47 - [TEST_STEP][PASSED] - Login Success: Login Success

2021-02-05 13:29:47 - [MESSAGE][INFO] - Login Success

2021-02-05 13:29:47 - [MESSAGE][PASSED] - Current window maximized

2021-02-05 13:29:47 - [MESSAGE][PASSED] - Object 'Object Repository/Page_/h1_Welcome to IT Supporting Tools' is present

2021-02-05 13:29:47 - [MESSAGE][PASSED] - Login Success

2021-02-05 13:29:47 - [TEST_STEP][PASSED] - Select Arrow Menu "Real Time Disbursement": Select Arrow Menu "Real Time Disbursement"

2021-02-05 13:29:47 - [MESSAGE][PASSED] - Object: '' is clicked on

2021-02-05 13:29:47 - [MESSAGE][PASSED] - Select Arrow Menu "Real Time Disbursement"

2021-02-05 13:29:47 - [TEST_STEP][PASSED] - Select Menu "Dashboard for BO In Payment": Select Menu "Dashboard for BO In Payment"

2021-02-05 13:29:47 - [MESSAGE][PASSED] - Taking screenshot successfully
[[ATTACHMENT|/Users/chaidir.pratama01/Documents/Docs/Katalon Studio/Screenshot/test-Dashboard for BO In Payment.png]]

2021-02-05 13:29:47 - [MESSAGE][PASSED] - Object '' is present

2021-02-05 13:29:47 - [MESSAGE][PASSED] - Object: '' is clicked on

2021-02-05 13:29:47 - [MESSAGE][PASSED] - Wait for page load successfully

2021-02-05 13:29:47 - [MESSAGE][PASSED] - Select Menu "Dashboard for BO In Payment"

2021-02-05 13:29:47 - [TEST_STEP][PASSED] - Select STATUS "Failed due to insufficient fund": Select STATUS "Failed due to insufficient fund"

2021-02-05 13:29:48 - [MESSAGE][PASSED] - All options with value 'Failed due to insufficient fund' are selected in object ''  using regular expression

2021-02-05 13:29:48 - [MESSAGE][PASSED] - Select STATUS "Failed due to insufficient fund"

2021-02-05 13:29:48 - [TEST_STEP][PASSED] - Click button "Search": Click button "Search"

2021-02-05 13:29:48 - [MESSAGE][INFO] - >>>>>//Button[contains(text(),'Search')]

2021-02-05 13:29:51 - [MESSAGE][PASSED] - Object '' is present

2021-02-05 13:29:51 - [MESSAGE][PASSED] - Object: '' is clicked on

2021-02-05 13:29:51 - [MESSAGE][PASSED] - Switched to window with index: '0'

2021-02-05 13:29:51 - [MESSAGE][PASSED] - Click button "Search"

2021-02-05 13:29:51 - [TEST_STEP][PASSED] - Verify Search Result Presents: Verify Search Result Presents

2021-02-05 13:29:55 - [MESSAGE][INFO] - Unable to find the element located by 'By.xpath: //td[@style='display:none' and contains(text(),'-Empty-')]'. Please recheck the objects properties to make sure the desired element is located. 

2021-02-05 13:29:56 - [MESSAGE][WARNING] - com.kms.katalon.core.webui.exception.WebElementNotFoundException: Web element with id: '' located by '//td[@style='display:none' and contains(text(),'-Empty-')]' not found (Root cause: com.kms.katalon.core.exception.StepFailedException: com.kms.katalon.core.webui.exception.WebElementNotFoundException: Web element with id: '' located by '//td[@style='display:none' and contains(text(),'-Empty-')]' not found
	at com.kms.katalon.core.webui.keyword.internal.WebUIKeywordMain.stepFailed(WebUIKeywordMain.groovy:64)
	at com.kms.katalon.core.webui.keyword.builtin.VerifyElementPresentKeyword$_verifyElementPresent_closure1.doCall(VerifyElementPresentKeyword.groovy:85)
	at com.kms.katalon.core.webui.keyword.builtin.VerifyElementPresentKeyword$_verifyElementPresent_closure1.call(VerifyElementPresentKeyword.groovy)
	at com.kms.katalon.core.webui.keyword.internal.WebUIKeywordMain.runKeyword(WebUIKeywordMain.groovy:20)
	at com.kms.katalon.core.webui.keyword.builtin.VerifyElementPresentKeyword.verifyElementPresent(VerifyElementPresentKeyword.groovy:92)
	at com.kms.katalon.core.webui.keyword.builtin.VerifyElementPresentKeyword.execute(VerifyElementPresentKeyword.groovy:68)
	at com.kms.katalon.core.keyword.internal.KeywordExecutor.executeKeywordForPlatform(KeywordExecutor.groovy:73)
	at com.kms.katalon.core.webui.keyword.WebUiBuiltInKeywords.verifyElementPresent(WebUiBuiltInKeywords.groovy:1444)
	at com.kms.katalon.core.webui.keyword.WebUiBuiltInKeywords$verifyElementPresent$11.call(Unknown Source)
	at ist_real.Contract_Dispatcher.VerifyTblFilled(Contract_Dispatcher.groovy:1313)
	at ist_real.Contract_Dispatcher$VerifyTblFilled$0.call(Unknown Source)
	at RTD.Search_Result_Presents(RTD.groovy:189)
	at cucumber.runtime.Utils$1.call(Utils.java:26)
	at cucumber.runtime.Timeout.timeout(Timeout.java:16)
	at cucumber.runtime.Utils.invoke(Utils.java:20)
	at cucumber.runtime.java.JavaStepDefinition.execute(JavaStepDefinition.java:48)
	at cucumber.runtime.PickleStepDefinitionMatch.runStep(PickleStepDefinitionMatch.java:50)
	at cucumber.runner.TestStep.executeStep(TestStep.java:55)
	at cucumber.runner.TestStep.run(TestStep.java:42)
	at cucumber.runner.PickleStepTestStep.run(PickleStepTestStep.java:53)
	at cucumber.runner.TestCase.run(TestCase.java:47)
	at cucumber.runner.Runner.runPickle(Runner.java:44)
	at cucumber.runtime.Runtime.runFeature(Runtime.java:120)
	at cucumber.runtime.Runtime.run(Runtime.java:106)
	at cucumber.api.cli.Main.run(Main.java:35)
	at cucumber.api.cli.Main$run.call(Unknown Source)
	at com.kms.katalon.core.cucumber.keyword.CucumberBuiltinKeywords$_runFeatureFile_closure1.doCall(CucumberBuiltinKeywords.groovy:76)
	at com.kms.katalon.core.cucumber.keyword.CucumberBuiltinKeywords$_runFeatureFile_closure1.doCall(CucumberBuiltinKeywords.groovy)
	at com.kms.katalon.core.keyword.internal.KeywordMain.runKeyword(KeywordMain.groovy:68)
	at com.kms.katalon.core.keyword.internal.KeywordMain$runKeyword.call(Unknown Source)
	at com.kms.katalon.core.cucumber.keyword.CucumberBuiltinKeywords.runFeatureFile(CucumberBuiltinKeywords.groovy:46)
	at com.kms.katalon.core.cucumber.keyword.CucumberBuiltinKeywords$runFeatureFile$0.callStatic(Unknown Source)
	at com.kms.katalon.core.cucumber.keyword.CucumberBuiltinKeywords.runFeatureFile(CucumberBuiltinKeywords.groovy:169)
	at com.kms.katalon.core.cucumber.keyword.CucumberBuiltinKeywords$runFeatureFile.call(Unknown Source)
	at TC_Search_by_Status.run(TC_Search_by_Status:18)
	at com.kms.katalon.core.main.ScriptEngine.run(ScriptEngine.java:194)
	at com.kms.katalon.core.main.ScriptEngine.runScriptAsRawText(ScriptEngine.java:119)
	at com.kms.katalon.core.main.TestCaseExecutor.runScript(TestCaseExecutor.java:339)
	at com.kms.katalon.core.main.TestCaseExecutor.doExecute(TestCaseExecutor.java:330)
	at com.kms.katalon.core.main.TestCaseExecutor.processExecutionPhase(TestCaseExecutor.java:309)
	at com.kms.katalon.core.main.TestCaseExecutor.accessMainPhase(TestCaseExecutor.java:301)
	at com.kms.katalon.core.main.TestCaseExecutor.execute(TestCaseExecutor.java:235)
	at com.kms.katalon.core.main.TestSuiteExecutor.accessTestCaseMainPhase(TestSuiteExecutor.java:191)
	at com.kms.katalon.core.main.TestSuiteExecutor.accessTestSuiteMainPhase(TestSuiteExecutor.java:141)
	at com.kms.katalon.core.main.TestSuiteExecutor.execute(TestSuiteExecutor.java:90)
	at com.kms.katalon.core.main.TestCaseMain.startTestSuite(TestCaseMain.java:157)
	at com.kms.katalon.core.main.TestCaseMain$startTestSuite$0.call(Unknown Source)
	at TempTestSuite1612505438863.run(TempTestSuite1612505438863.groovy:39)
)
[[ATTACHMENT|/Users/chaidir.pratama01/Katalon Studio/IST_Automation_Git/Reports/20210205_131034/RTD/TS_Dashboard_for_BO_In_Payment/20210205_131038/1612506595524.png]]

2021-02-05 13:29:56 - [MESSAGE][PASSED] - Verify Search Result Presents

2021-02-05 13:29:56 - [TEST_STEP][PASSED] - Click button "Logout": Click button "Logout"

2021-02-05 13:29:56 - [MESSAGE][INFO] - >>>>>//Button[contains(text(),'Logout')]

2021-02-05 13:29:59 - [MESSAGE][PASSED] - Object '' is present

2021-02-05 13:29:59 - [MESSAGE][PASSED] - Object: '' is clicked on

2021-02-05 13:29:59 - [MESSAGE][PASSED] - Switched to window with index: '0'

2021-02-05 13:29:59 - [MESSAGE][PASSED] - Click button "Logout"

2021-02-05 13:29:59 - [TEST_STEP][PASSED] - Close browser: Close browser

2021-02-05 13:29:59 - [MESSAGE][PASSED] - Browser is closed

2021-02-05 13:29:59 - [MESSAGE][PASSED] - Close browser

2021-02-05 13:29:59 - [TEST_CASE][PASSED] - Start Test Case : SCENARIO Search by STATUS Failed due to not supported bank: SCENARIO Search by STATUS Failed due to not supported bank

2021-02-05 13:29:59 - [TEST_STEP][PASSED] - Go to ISTools: Go to ISTools

2021-02-05 13:29:59 - [MESSAGE][INFO] - Starting 'Chrome (headless)' driver

2021-02-05 13:29:59 - [MESSAGE][INFO] - User set preference: ['args', '[--start-maximized, --disable-gpu, --no-proxy-server, –-no-sandbox, --allow-running-insecure-content, --ignore-certificate-errors, window-size=1680,814, force-device-scale-factor=2, --lang=en-GB]']

2021-02-05 13:29:59 - [MESSAGE][INFO] - User set preference: ['prefs', '{download.default_directory=/Users/chaidir.pratama01/Katalon Studio/IST_Automation_Git/Download}']

2021-02-05 13:29:59 - [MESSAGE][INFO] - Action delay is set to 0 milliseconds

2021-02-05 13:30:00 - [MESSAGE][PASSED] - Browser is opened with url: ''

2021-02-05 13:30:01 - [MESSAGE][PASSED] - Navigate to 'https://dev-istools.homecredit.id/foundation/' successfully

2021-02-05 13:30:01 - [MESSAGE][PASSED] - Go to ISTools

2021-02-05 13:30:01 - [TEST_STEP][PASSED] - Login IST with valid credentials: Login IST with valid credentials

2021-02-05 13:30:02 - [MESSAGE][PASSED] - Text 'mobile.test' is set on object 'Object Repository/Page_/input_Username_j_username'

2021-02-05 13:30:02 - [MESSAGE][PASSED] - Text ****** has been set on object 'Object Repository/Page_/input_Password_j_password'

2021-02-05 13:30:03 - [MESSAGE][PASSED] - Object: 'Object Repository/Page_/button_Login' is clicked on

2021-02-05 13:30:03 - [MESSAGE][PASSED] - Login IST with valid credentials

2021-02-05 13:30:03 - [TEST_STEP][PASSED] - Login Success: Login Success

2021-02-05 13:30:03 - [MESSAGE][INFO] - Login Success

2021-02-05 13:30:03 - [MESSAGE][PASSED] - Current window maximized

2021-02-05 13:30:03 - [MESSAGE][PASSED] - Object 'Object Repository/Page_/h1_Welcome to IT Supporting Tools' is present

2021-02-05 13:30:03 - [MESSAGE][PASSED] - Login Success

2021-02-05 13:30:03 - [TEST_STEP][PASSED] - Select Arrow Menu "Real Time Disbursement": Select Arrow Menu "Real Time Disbursement"

2021-02-05 13:30:03 - [MESSAGE][PASSED] - Object: '' is clicked on

2021-02-05 13:30:03 - [MESSAGE][PASSED] - Select Arrow Menu "Real Time Disbursement"

2021-02-05 13:30:03 - [TEST_STEP][PASSED] - Select Menu "Dashboard for BO In Payment": Select Menu "Dashboard for BO In Payment"

2021-02-05 13:30:03 - [MESSAGE][PASSED] - Taking screenshot successfully
[[ATTACHMENT|/Users/chaidir.pratama01/Documents/Docs/Katalon Studio/Screenshot/test-Dashboard for BO In Payment.png]]

2021-02-05 13:30:03 - [MESSAGE][PASSED] - Object '' is present

2021-02-05 13:30:03 - [MESSAGE][PASSED] - Object: '' is clicked on

2021-02-05 13:30:03 - [MESSAGE][PASSED] - Wait for page load successfully

2021-02-05 13:30:03 - [MESSAGE][PASSED] - Select Menu "Dashboard for BO In Payment"

2021-02-05 13:30:03 - [TEST_STEP][PASSED] - Select STATUS "Failed due to not supported bank": Select STATUS "Failed due to not supported bank"

2021-02-05 13:30:04 - [MESSAGE][PASSED] - All options with value 'Failed due to not supported bank' are selected in object ''  using regular expression

2021-02-05 13:30:04 - [MESSAGE][PASSED] - Select STATUS "Failed due to not supported bank"

2021-02-05 13:30:04 - [TEST_STEP][PASSED] - Click button "Search": Click button "Search"

2021-02-05 13:30:04 - [MESSAGE][INFO] - >>>>>//Button[contains(text(),'Search')]

2021-02-05 13:30:07 - [MESSAGE][PASSED] - Object '' is present

2021-02-05 13:30:07 - [MESSAGE][PASSED] - Object: '' is clicked on

2021-02-05 13:30:07 - [MESSAGE][PASSED] - Switched to window with index: '0'

2021-02-05 13:30:07 - [MESSAGE][PASSED] - Click button "Search"

2021-02-05 13:30:07 - [TEST_STEP][PASSED] - Verify Search Result Presents: Verify Search Result Presents

2021-02-05 13:30:11 - [MESSAGE][INFO] - Unable to find the element located by 'By.xpath: //td[@style='display:none' and contains(text(),'-Empty-')]'. Please recheck the objects properties to make sure the desired element is located. 

2021-02-05 13:30:12 - [MESSAGE][WARNING] - com.kms.katalon.core.webui.exception.WebElementNotFoundException: Web element with id: '' located by '//td[@style='display:none' and contains(text(),'-Empty-')]' not found (Root cause: com.kms.katalon.core.exception.StepFailedException: com.kms.katalon.core.webui.exception.WebElementNotFoundException: Web element with id: '' located by '//td[@style='display:none' and contains(text(),'-Empty-')]' not found
	at com.kms.katalon.core.webui.keyword.internal.WebUIKeywordMain.stepFailed(WebUIKeywordMain.groovy:64)
	at com.kms.katalon.core.webui.keyword.builtin.VerifyElementPresentKeyword$_verifyElementPresent_closure1.doCall(VerifyElementPresentKeyword.groovy:85)
	at com.kms.katalon.core.webui.keyword.builtin.VerifyElementPresentKeyword$_verifyElementPresent_closure1.call(VerifyElementPresentKeyword.groovy)
	at com.kms.katalon.core.webui.keyword.internal.WebUIKeywordMain.runKeyword(WebUIKeywordMain.groovy:20)
	at com.kms.katalon.core.webui.keyword.builtin.VerifyElementPresentKeyword.verifyElementPresent(VerifyElementPresentKeyword.groovy:92)
	at com.kms.katalon.core.webui.keyword.builtin.VerifyElementPresentKeyword.execute(VerifyElementPresentKeyword.groovy:68)
	at com.kms.katalon.core.keyword.internal.KeywordExecutor.executeKeywordForPlatform(KeywordExecutor.groovy:73)
	at com.kms.katalon.core.webui.keyword.WebUiBuiltInKeywords.verifyElementPresent(WebUiBuiltInKeywords.groovy:1444)
	at com.kms.katalon.core.webui.keyword.WebUiBuiltInKeywords$verifyElementPresent$11.call(Unknown Source)
	at ist_real.Contract_Dispatcher.VerifyTblFilled(Contract_Dispatcher.groovy:1313)
	at ist_real.Contract_Dispatcher$VerifyTblFilled$0.call(Unknown Source)
	at RTD.Search_Result_Presents(RTD.groovy:189)
	at cucumber.runtime.Utils$1.call(Utils.java:26)
	at cucumber.runtime.Timeout.timeout(Timeout.java:16)
	at cucumber.runtime.Utils.invoke(Utils.java:20)
	at cucumber.runtime.java.JavaStepDefinition.execute(JavaStepDefinition.java:48)
	at cucumber.runtime.PickleStepDefinitionMatch.runStep(PickleStepDefinitionMatch.java:50)
	at cucumber.runner.TestStep.executeStep(TestStep.java:55)
	at cucumber.runner.TestStep.run(TestStep.java:42)
	at cucumber.runner.PickleStepTestStep.run(PickleStepTestStep.java:53)
	at cucumber.runner.TestCase.run(TestCase.java:47)
	at cucumber.runner.Runner.runPickle(Runner.java:44)
	at cucumber.runtime.Runtime.runFeature(Runtime.java:120)
	at cucumber.runtime.Runtime.run(Runtime.java:106)
	at cucumber.api.cli.Main.run(Main.java:35)
	at cucumber.api.cli.Main$run.call(Unknown Source)
	at com.kms.katalon.core.cucumber.keyword.CucumberBuiltinKeywords$_runFeatureFile_closure1.doCall(CucumberBuiltinKeywords.groovy:76)
	at com.kms.katalon.core.cucumber.keyword.CucumberBuiltinKeywords$_runFeatureFile_closure1.doCall(CucumberBuiltinKeywords.groovy)
	at com.kms.katalon.core.keyword.internal.KeywordMain.runKeyword(KeywordMain.groovy:68)
	at com.kms.katalon.core.keyword.internal.KeywordMain$runKeyword.call(Unknown Source)
	at com.kms.katalon.core.cucumber.keyword.CucumberBuiltinKeywords.runFeatureFile(CucumberBuiltinKeywords.groovy:46)
	at com.kms.katalon.core.cucumber.keyword.CucumberBuiltinKeywords$runFeatureFile$0.callStatic(Unknown Source)
	at com.kms.katalon.core.cucumber.keyword.CucumberBuiltinKeywords.runFeatureFile(CucumberBuiltinKeywords.groovy:169)
	at com.kms.katalon.core.cucumber.keyword.CucumberBuiltinKeywords$runFeatureFile.call(Unknown Source)
	at TC_Search_by_Status.run(TC_Search_by_Status:18)
	at com.kms.katalon.core.main.ScriptEngine.run(ScriptEngine.java:194)
	at com.kms.katalon.core.main.ScriptEngine.runScriptAsRawText(ScriptEngine.java:119)
	at com.kms.katalon.core.main.TestCaseExecutor.runScript(TestCaseExecutor.java:339)
	at com.kms.katalon.core.main.TestCaseExecutor.doExecute(TestCaseExecutor.java:330)
	at com.kms.katalon.core.main.TestCaseExecutor.processExecutionPhase(TestCaseExecutor.java:309)
	at com.kms.katalon.core.main.TestCaseExecutor.accessMainPhase(TestCaseExecutor.java:301)
	at com.kms.katalon.core.main.TestCaseExecutor.execute(TestCaseExecutor.java:235)
	at com.kms.katalon.core.main.TestSuiteExecutor.accessTestCaseMainPhase(TestSuiteExecutor.java:191)
	at com.kms.katalon.core.main.TestSuiteExecutor.accessTestSuiteMainPhase(TestSuiteExecutor.java:141)
	at com.kms.katalon.core.main.TestSuiteExecutor.execute(TestSuiteExecutor.java:90)
	at com.kms.katalon.core.main.TestCaseMain.startTestSuite(TestCaseMain.java:157)
	at com.kms.katalon.core.main.TestCaseMain$startTestSuite$0.call(Unknown Source)
	at TempTestSuite1612505438863.run(TempTestSuite1612505438863.groovy:39)
)
[[ATTACHMENT|/Users/chaidir.pratama01/Katalon Studio/IST_Automation_Git/Reports/20210205_131034/RTD/TS_Dashboard_for_BO_In_Payment/20210205_131038/1612506611745.png]]

2021-02-05 13:30:12 - [MESSAGE][PASSED] - Verify Search Result Presents

2021-02-05 13:30:12 - [TEST_STEP][PASSED] - Click button "Logout": Click button "Logout"

2021-02-05 13:30:12 - [MESSAGE][INFO] - >>>>>//Button[contains(text(),'Logout')]

2021-02-05 13:30:15 - [MESSAGE][PASSED] - Object '' is present

2021-02-05 13:30:15 - [MESSAGE][PASSED] - Object: '' is clicked on

2021-02-05 13:30:15 - [MESSAGE][PASSED] - Switched to window with index: '0'

2021-02-05 13:30:15 - [MESSAGE][PASSED] - Click button "Logout"

2021-02-05 13:30:15 - [TEST_STEP][PASSED] - Close browser: Close browser

2021-02-05 13:30:16 - [MESSAGE][PASSED] - Browser is closed

2021-02-05 13:30:16 - [MESSAGE][PASSED] - Close browser

2021-02-05 13:30:16 - [TEST_CASE][PASSED] - Start Test Case : SCENARIO Search by STATUS Manual Disbursement: SCENARIO Search by STATUS Manual Disbursement

2021-02-05 13:30:16 - [TEST_STEP][PASSED] - Go to ISTools: Go to ISTools

2021-02-05 13:30:16 - [MESSAGE][INFO] - Starting 'Chrome (headless)' driver

2021-02-05 13:30:16 - [MESSAGE][INFO] - User set preference: ['args', '[--start-maximized, --disable-gpu, --no-proxy-server, –-no-sandbox, --allow-running-insecure-content, --ignore-certificate-errors, window-size=1680,814, force-device-scale-factor=2, --lang=en-GB]']

2021-02-05 13:30:16 - [MESSAGE][INFO] - User set preference: ['prefs', '{download.default_directory=/Users/chaidir.pratama01/Katalon Studio/IST_Automation_Git/Download}']

2021-02-05 13:30:16 - [MESSAGE][INFO] - Action delay is set to 0 milliseconds

2021-02-05 13:30:16 - [MESSAGE][PASSED] - Browser is opened with url: ''

2021-02-05 13:30:19 - [MESSAGE][PASSED] - Navigate to 'https://dev-istools.homecredit.id/foundation/' successfully

2021-02-05 13:30:19 - [MESSAGE][PASSED] - Go to ISTools

2021-02-05 13:30:19 - [TEST_STEP][PASSED] - Login IST with valid credentials: Login IST with valid credentials

2021-02-05 13:30:19 - [MESSAGE][PASSED] - Text 'mobile.test' is set on object 'Object Repository/Page_/input_Username_j_username'

2021-02-05 13:30:19 - [MESSAGE][PASSED] - Text ****** has been set on object 'Object Repository/Page_/input_Password_j_password'

2021-02-05 13:30:19 - [MESSAGE][PASSED] - Object: 'Object Repository/Page_/button_Login' is clicked on

2021-02-05 13:30:19 - [MESSAGE][PASSED] - Login IST with valid credentials

2021-02-05 13:30:19 - [TEST_STEP][PASSED] - Login Success: Login Success

2021-02-05 13:30:19 - [MESSAGE][INFO] - Login Success

2021-02-05 13:30:20 - [MESSAGE][PASSED] - Current window maximized

2021-02-05 13:30:20 - [MESSAGE][PASSED] - Object 'Object Repository/Page_/h1_Welcome to IT Supporting Tools' is present

2021-02-05 13:30:20 - [MESSAGE][PASSED] - Login Success

2021-02-05 13:30:20 - [TEST_STEP][PASSED] - Select Arrow Menu "Real Time Disbursement": Select Arrow Menu "Real Time Disbursement"

2021-02-05 13:30:20 - [MESSAGE][PASSED] - Object: '' is clicked on

2021-02-05 13:30:20 - [MESSAGE][PASSED] - Select Arrow Menu "Real Time Disbursement"

2021-02-05 13:30:20 - [TEST_STEP][PASSED] - Select Menu "Dashboard for BO In Payment": Select Menu "Dashboard for BO In Payment"

2021-02-05 13:30:20 - [MESSAGE][PASSED] - Taking screenshot successfully
[[ATTACHMENT|/Users/chaidir.pratama01/Documents/Docs/Katalon Studio/Screenshot/test-Dashboard for BO In Payment.png]]

2021-02-05 13:30:20 - [MESSAGE][PASSED] - Object '' is present

2021-02-05 13:30:20 - [MESSAGE][PASSED] - Object: '' is clicked on

2021-02-05 13:30:20 - [MESSAGE][PASSED] - Wait for page load successfully

2021-02-05 13:30:20 - [MESSAGE][PASSED] - Select Menu "Dashboard for BO In Payment"

2021-02-05 13:30:20 - [TEST_STEP][PASSED] - Select STATUS "Manual Disbursement": Select STATUS "Manual Disbursement"

2021-02-05 13:30:21 - [MESSAGE][PASSED] - All options with value 'Manual Disbursement' are selected in object ''  using regular expression

2021-02-05 13:30:21 - [MESSAGE][PASSED] - Select STATUS "Manual Disbursement"

2021-02-05 13:30:21 - [TEST_STEP][PASSED] - Click button "Search": Click button "Search"

2021-02-05 13:30:21 - [MESSAGE][INFO] - >>>>>//Button[contains(text(),'Search')]

2021-02-05 13:30:24 - [MESSAGE][PASSED] - Object '' is present

2021-02-05 13:30:24 - [MESSAGE][PASSED] - Object: '' is clicked on

2021-02-05 13:30:24 - [MESSAGE][PASSED] - Switched to window with index: '0'

2021-02-05 13:30:24 - [MESSAGE][PASSED] - Click button "Search"

2021-02-05 13:30:24 - [TEST_STEP][PASSED] - Verify Search Result Presents: Verify Search Result Presents

2021-02-05 13:30:25 - [MESSAGE][PASSED] - Object '' is present

2021-02-05 13:30:31 - [MESSAGE][PASSED] - Verify Search Result Presents

2021-02-05 13:30:31 - [TEST_STEP][PASSED] - Click button "Logout": Click button "Logout"

2021-02-05 13:30:31 - [MESSAGE][INFO] - >>>>>//Button[contains(text(),'Logout')]

2021-02-05 13:30:34 - [MESSAGE][PASSED] - Object '' is present

2021-02-05 13:30:34 - [MESSAGE][PASSED] - Object: '' is clicked on

2021-02-05 13:30:34 - [MESSAGE][PASSED] - Switched to window with index: '0'

2021-02-05 13:30:34 - [MESSAGE][PASSED] - Click button "Logout"

2021-02-05 13:30:34 - [TEST_STEP][PASSED] - Close browser: Close browser

2021-02-05 13:30:34 - [MESSAGE][PASSED] - Browser is closed

2021-02-05 13:30:34 - [MESSAGE][PASSED] - Close browser

2021-02-05 13:30:34 - [TEST_CASE][PASSED] - Start Test Case : SCENARIO Search by STATUS DONE: SCENARIO Search by STATUS DONE

2021-02-05 13:30:34 - [TEST_STEP][PASSED] - Go to ISTools: Go to ISTools

2021-02-05 13:30:34 - [MESSAGE][INFO] - Starting 'Chrome (headless)' driver

2021-02-05 13:30:34 - [MESSAGE][INFO] - User set preference: ['args', '[--start-maximized, --disable-gpu, --no-proxy-server, –-no-sandbox, --allow-running-insecure-content, --ignore-certificate-errors, window-size=1680,814, force-device-scale-factor=2, --lang=en-GB]']

2021-02-05 13:30:34 - [MESSAGE][INFO] - User set preference: ['prefs', '{download.default_directory=/Users/chaidir.pratama01/Katalon Studio/IST_Automation_Git/Download}']

2021-02-05 13:30:34 - [MESSAGE][INFO] - Action delay is set to 0 milliseconds

2021-02-05 13:30:35 - [MESSAGE][PASSED] - Browser is opened with url: ''

2021-02-05 13:30:37 - [MESSAGE][PASSED] - Navigate to 'https://dev-istools.homecredit.id/foundation/' successfully

2021-02-05 13:30:37 - [MESSAGE][PASSED] - Go to ISTools

2021-02-05 13:30:37 - [TEST_STEP][PASSED] - Login IST with valid credentials: Login IST with valid credentials

2021-02-05 13:30:37 - [MESSAGE][PASSED] - Text 'mobile.test' is set on object 'Object Repository/Page_/input_Username_j_username'

2021-02-05 13:30:37 - [MESSAGE][PASSED] - Text ****** has been set on object 'Object Repository/Page_/input_Password_j_password'

2021-02-05 13:30:38 - [MESSAGE][PASSED] - Object: 'Object Repository/Page_/button_Login' is clicked on

2021-02-05 13:30:38 - [MESSAGE][PASSED] - Login IST with valid credentials

2021-02-05 13:30:38 - [TEST_STEP][PASSED] - Login Success: Login Success

2021-02-05 13:30:38 - [MESSAGE][INFO] - Login Success

2021-02-05 13:30:39 - [MESSAGE][PASSED] - Current window maximized

2021-02-05 13:30:39 - [MESSAGE][PASSED] - Object 'Object Repository/Page_/h1_Welcome to IT Supporting Tools' is present

2021-02-05 13:30:39 - [MESSAGE][PASSED] - Login Success

2021-02-05 13:30:39 - [TEST_STEP][PASSED] - Select Arrow Menu "Real Time Disbursement": Select Arrow Menu "Real Time Disbursement"

2021-02-05 13:30:39 - [MESSAGE][PASSED] - Object: '' is clicked on

2021-02-05 13:30:39 - [MESSAGE][PASSED] - Select Arrow Menu "Real Time Disbursement"

2021-02-05 13:30:39 - [TEST_STEP][PASSED] - Select Menu "Dashboard for BO In Payment": Select Menu "Dashboard for BO In Payment"

2021-02-05 13:30:39 - [MESSAGE][PASSED] - Taking screenshot successfully
[[ATTACHMENT|/Users/chaidir.pratama01/Documents/Docs/Katalon Studio/Screenshot/test-Dashboard for BO In Payment.png]]

2021-02-05 13:30:39 - [MESSAGE][PASSED] - Object '' is present

2021-02-05 13:30:39 - [MESSAGE][PASSED] - Object: '' is clicked on

2021-02-05 13:30:39 - [MESSAGE][PASSED] - Wait for page load successfully

2021-02-05 13:30:39 - [MESSAGE][PASSED] - Select Menu "Dashboard for BO In Payment"

2021-02-05 13:30:39 - [TEST_STEP][PASSED] - Select STATUS "DONE": Select STATUS "DONE"

2021-02-05 13:30:40 - [MESSAGE][PASSED] - All options with value 'DONE' are selected in object ''  using regular expression

2021-02-05 13:30:40 - [MESSAGE][PASSED] - Select STATUS "DONE"

2021-02-05 13:30:40 - [TEST_STEP][PASSED] - Click button "Search": Click button "Search"

2021-02-05 13:30:40 - [MESSAGE][INFO] - >>>>>//Button[contains(text(),'Search')]

2021-02-05 13:30:43 - [MESSAGE][PASSED] - Object '' is present

2021-02-05 13:30:43 - [MESSAGE][PASSED] - Object: '' is clicked on

2021-02-05 13:30:43 - [MESSAGE][PASSED] - Switched to window with index: '0'

2021-02-05 13:30:43 - [MESSAGE][PASSED] - Click button "Search"

2021-02-05 13:30:43 - [TEST_STEP][PASSED] - Verify Search Result Presents: Verify Search Result Presents

2021-02-05 13:30:43 - [MESSAGE][PASSED] - Object '' is present

2021-02-05 13:30:50 - [MESSAGE][PASSED] - Verify Search Result Presents

2021-02-05 13:30:50 - [TEST_STEP][PASSED] - Click button "Logout": Click button "Logout"

2021-02-05 13:30:50 - [MESSAGE][INFO] - >>>>>//Button[contains(text(),'Logout')]

2021-02-05 13:30:53 - [MESSAGE][PASSED] - Object '' is present

2021-02-05 13:30:53 - [MESSAGE][PASSED] - Object: '' is clicked on

2021-02-05 13:30:53 - [MESSAGE][PASSED] - Switched to window with index: '0'

2021-02-05 13:30:53 - [MESSAGE][PASSED] - Click button "Logout"

2021-02-05 13:30:53 - [TEST_STEP][PASSED] - Close browser: Close browser

2021-02-05 13:30:53 - [MESSAGE][PASSED] - Browser is closed

2021-02-05 13:30:53 - [MESSAGE][PASSED] - Close browser

2021-02-05 13:30:53 - [TEST_CASE][PASSED] - Start Test Case : SCENARIO Search by STATUS Success to Disburse: SCENARIO Search by STATUS Success to Disburse

2021-02-05 13:30:53 - [TEST_STEP][PASSED] - Go to ISTools: Go to ISTools

2021-02-05 13:30:53 - [MESSAGE][INFO] - Starting 'Chrome (headless)' driver

2021-02-05 13:30:53 - [MESSAGE][INFO] - User set preference: ['args', '[--start-maximized, --disable-gpu, --no-proxy-server, –-no-sandbox, --allow-running-insecure-content, --ignore-certificate-errors, window-size=1680,814, force-device-scale-factor=2, --lang=en-GB]']

2021-02-05 13:30:53 - [MESSAGE][INFO] - User set preference: ['prefs', '{download.default_directory=/Users/chaidir.pratama01/Katalon Studio/IST_Automation_Git/Download}']

2021-02-05 13:30:53 - [MESSAGE][INFO] - Action delay is set to 0 milliseconds

2021-02-05 13:30:53 - [MESSAGE][PASSED] - Browser is opened with url: ''

2021-02-05 13:30:56 - [MESSAGE][PASSED] - Navigate to 'https://dev-istools.homecredit.id/foundation/' successfully

2021-02-05 13:30:56 - [MESSAGE][PASSED] - Go to ISTools

2021-02-05 13:30:56 - [TEST_STEP][PASSED] - Login IST with valid credentials: Login IST with valid credentials

2021-02-05 13:30:56 - [MESSAGE][PASSED] - Text 'mobile.test' is set on object 'Object Repository/Page_/input_Username_j_username'

2021-02-05 13:30:56 - [MESSAGE][PASSED] - Text ****** has been set on object 'Object Repository/Page_/input_Password_j_password'

2021-02-05 13:30:57 - [MESSAGE][PASSED] - Object: 'Object Repository/Page_/button_Login' is clicked on

2021-02-05 13:30:57 - [MESSAGE][PASSED] - Login IST with valid credentials

2021-02-05 13:30:57 - [TEST_STEP][PASSED] - Login Success: Login Success

2021-02-05 13:30:57 - [MESSAGE][INFO] - Login Success

2021-02-05 13:30:57 - [MESSAGE][PASSED] - Current window maximized

2021-02-05 13:30:57 - [MESSAGE][PASSED] - Object 'Object Repository/Page_/h1_Welcome to IT Supporting Tools' is present

2021-02-05 13:30:57 - [MESSAGE][PASSED] - Login Success

2021-02-05 13:30:57 - [TEST_STEP][PASSED] - Select Arrow Menu "Real Time Disbursement": Select Arrow Menu "Real Time Disbursement"

2021-02-05 13:30:57 - [MESSAGE][PASSED] - Object: '' is clicked on

2021-02-05 13:30:57 - [MESSAGE][PASSED] - Select Arrow Menu "Real Time Disbursement"

2021-02-05 13:30:57 - [TEST_STEP][PASSED] - Select Menu "Dashboard for BO In Payment": Select Menu "Dashboard for BO In Payment"

2021-02-05 13:30:58 - [MESSAGE][PASSED] - Taking screenshot successfully
[[ATTACHMENT|/Users/chaidir.pratama01/Documents/Docs/Katalon Studio/Screenshot/test-Dashboard for BO In Payment.png]]

2021-02-05 13:30:58 - [MESSAGE][PASSED] - Object '' is present

2021-02-05 13:30:58 - [MESSAGE][PASSED] - Object: '' is clicked on

2021-02-05 13:30:58 - [MESSAGE][PASSED] - Wait for page load successfully

2021-02-05 13:30:58 - [MESSAGE][PASSED] - Select Menu "Dashboard for BO In Payment"

2021-02-05 13:30:58 - [TEST_STEP][PASSED] - Select STATUS "Success to Disburse": Select STATUS "Success to Disburse"

2021-02-05 13:30:58 - [MESSAGE][PASSED] - All options with value 'Success to Disburse' are selected in object ''  using regular expression

2021-02-05 13:30:58 - [MESSAGE][PASSED] - Select STATUS "Success to Disburse"

2021-02-05 13:30:58 - [TEST_STEP][PASSED] - Click button "Search": Click button "Search"

2021-02-05 13:30:58 - [MESSAGE][INFO] - >>>>>//Button[contains(text(),'Search')]

2021-02-05 13:31:01 - [MESSAGE][PASSED] - Object '' is present

2021-02-05 13:31:02 - [MESSAGE][PASSED] - Object: '' is clicked on

2021-02-05 13:31:02 - [MESSAGE][PASSED] - Switched to window with index: '0'

2021-02-05 13:31:02 - [MESSAGE][PASSED] - Click button "Search"

2021-02-05 13:31:02 - [TEST_STEP][PASSED] - Verify Search Result Presents: Verify Search Result Presents

2021-02-05 13:31:02 - [MESSAGE][PASSED] - Object '' is present

2021-02-05 13:31:02 - [MESSAGE][PASSED] - Verify Search Result Presents

2021-02-05 13:31:02 - [TEST_STEP][PASSED] - Click button "Logout": Click button "Logout"

2021-02-05 13:31:02 - [MESSAGE][INFO] - >>>>>//Button[contains(text(),'Logout')]

2021-02-05 13:31:05 - [MESSAGE][PASSED] - Object '' is present

2021-02-05 13:31:06 - [MESSAGE][PASSED] - Object: '' is clicked on

2021-02-05 13:31:06 - [MESSAGE][PASSED] - Switched to window with index: '0'

2021-02-05 13:31:06 - [MESSAGE][PASSED] - Click button "Logout"

2021-02-05 13:31:06 - [TEST_STEP][PASSED] - Close browser: Close browser

2021-02-05 13:31:06 - [MESSAGE][PASSED] - Browser is closed

2021-02-05 13:31:06 - [MESSAGE][PASSED] - Close browser

2021-02-05 13:31:06 - [MESSAGE][PASSED] - Feature file: 'Include/features/IST_Real/RTD/Dashboard_for_BO_In_Payment/Search_by_Status.feature' was passed]]></system-out>
         <system-err><![CDATA[]]></system-err>
      </testcase>
      <testcase name="Test Cases/RTD/Dashboard for BO in Payment/TC_View_Detail" time="43.108" classname="Test Cases/RTD/Dashboard for BO in Payment/TC_View_Detail" status="PASSED">
         <system-out><![CDATA[2021-02-05 13:31:06 - [TEST_CASE][PASSED] - Test Cases/RTD/Dashboard for BO in Payment/TC_View_Detail: Test Cases/RTD/Dashboard for BO in Payment/TC_View_Detail

2021-02-05 13:31:06 - [TEST_STEP][PASSED] - runFeatureFile("Include/features/IST_Real/RTD/Dashboard_for_BO_In_Payment/View_Detail.feature"): Feature file: 'Include/features/IST_Real/RTD/Dashboard_for_BO_In_Payment/View_Detail.feature' was passed

2021-02-05 13:31:06 - [MESSAGE][INFO] - Starting run keyword runFeatureFile: 'Include/features/IST_Real/RTD/Dashboard_for_BO_In_Payment/View_Detail.feature' and extract report to folder: '/Users/chaidir.pratama01/Katalon Studio/IST_Automation_Git/Reports/20210205_131034/RTD/TS_Dashboard_for_BO_In_Payment/20210205_131038/cucumber_report/1612506666496'...

2021-02-05 13:31:06 - [TEST_CASE][PASSED] - Start Test Case : SCENARIO Search by STATUS Success to Disburse and then View Detail of it: SCENARIO Search by STATUS Success to Disburse and then View Detail of it

2021-02-05 13:31:06 - [TEST_STEP][PASSED] - Go to ISTools: Go to ISTools

2021-02-05 13:31:06 - [MESSAGE][INFO] - Starting 'Chrome (headless)' driver

2021-02-05 13:31:06 - [MESSAGE][INFO] - User set preference: ['args', '[--start-maximized, --disable-gpu, --no-proxy-server, –-no-sandbox, --allow-running-insecure-content, --ignore-certificate-errors, window-size=1680,814, force-device-scale-factor=2, --lang=en-GB]']

2021-02-05 13:31:06 - [MESSAGE][INFO] - User set preference: ['prefs', '{download.default_directory=/Users/chaidir.pratama01/Katalon Studio/IST_Automation_Git/Download}']

2021-02-05 13:31:06 - [MESSAGE][INFO] - Action delay is set to 0 milliseconds

2021-02-05 13:31:06 - [MESSAGE][PASSED] - Browser is opened with url: ''

2021-02-05 13:31:09 - [MESSAGE][PASSED] - Navigate to 'https://dev-istools.homecredit.id/foundation/' successfully

2021-02-05 13:31:09 - [MESSAGE][PASSED] - Go to ISTools

2021-02-05 13:31:09 - [TEST_STEP][PASSED] - Login IST with valid credentials: Login IST with valid credentials

2021-02-05 13:31:09 - [MESSAGE][PASSED] - Text 'mobile.test' is set on object 'Object Repository/Page_/input_Username_j_username'

2021-02-05 13:31:09 - [MESSAGE][PASSED] - Text ****** has been set on object 'Object Repository/Page_/input_Password_j_password'

2021-02-05 13:31:10 - [MESSAGE][PASSED] - Object: 'Object Repository/Page_/button_Login' is clicked on

2021-02-05 13:31:10 - [MESSAGE][PASSED] - Login IST with valid credentials

2021-02-05 13:31:10 - [TEST_STEP][PASSED] - Login Success: Login Success

2021-02-05 13:31:10 - [MESSAGE][INFO] - Login Success

2021-02-05 13:31:10 - [MESSAGE][PASSED] - Current window maximized

2021-02-05 13:31:10 - [MESSAGE][PASSED] - Object 'Object Repository/Page_/h1_Welcome to IT Supporting Tools' is present

2021-02-05 13:31:10 - [MESSAGE][PASSED] - Login Success

2021-02-05 13:31:10 - [TEST_STEP][PASSED] - Select Arrow Menu "Real Time Disbursement": Select Arrow Menu "Real Time Disbursement"

2021-02-05 13:31:10 - [MESSAGE][PASSED] - Object: '' is clicked on

2021-02-05 13:31:10 - [MESSAGE][PASSED] - Select Arrow Menu "Real Time Disbursement"

2021-02-05 13:31:10 - [TEST_STEP][PASSED] - Select Menu "Dashboard for BO In Payment": Select Menu "Dashboard for BO In Payment"

2021-02-05 13:31:10 - [MESSAGE][PASSED] - Taking screenshot successfully
[[ATTACHMENT|/Users/chaidir.pratama01/Documents/Docs/Katalon Studio/Screenshot/test-Dashboard for BO In Payment.png]]

2021-02-05 13:31:11 - [MESSAGE][PASSED] - Object '' is present

2021-02-05 13:31:11 - [MESSAGE][PASSED] - Object: '' is clicked on

2021-02-05 13:31:11 - [MESSAGE][PASSED] - Wait for page load successfully

2021-02-05 13:31:11 - [MESSAGE][PASSED] - Select Menu "Dashboard for BO In Payment"

2021-02-05 13:31:11 - [TEST_STEP][PASSED] - Select STATUS "Success to Disburse": Select STATUS "Success to Disburse"

2021-02-05 13:31:11 - [MESSAGE][PASSED] - All options with value 'Success to Disburse' are selected in object ''  using regular expression

2021-02-05 13:31:11 - [MESSAGE][PASSED] - Select STATUS "Success to Disburse"

2021-02-05 13:31:11 - [TEST_STEP][PASSED] - Click button "Search": Click button "Search"

2021-02-05 13:31:11 - [MESSAGE][INFO] - >>>>>//Button[contains(text(),'Search')]

2021-02-05 13:31:14 - [MESSAGE][PASSED] - Object '' is present

2021-02-05 13:31:14 - [MESSAGE][PASSED] - Object: '' is clicked on

2021-02-05 13:31:14 - [MESSAGE][PASSED] - Switched to window with index: '0'

2021-02-05 13:31:14 - [MESSAGE][PASSED] - Click button "Search"

2021-02-05 13:31:14 - [TEST_STEP][PASSED] - Verify Search Result Presents: Verify Search Result Presents

2021-02-05 13:31:14 - [MESSAGE][PASSED] - Object '' is present

2021-02-05 13:31:15 - [MESSAGE][PASSED] - Verify Search Result Presents

2021-02-05 13:31:15 - [TEST_STEP][PASSED] - Click View Detail: Click View Detail

2021-02-05 13:31:15 - [MESSAGE][PASSED] - Object '' is present

2021-02-05 13:31:15 - [MESSAGE][PASSED] - Object: '' is clicked on

2021-02-05 13:31:15 - [MESSAGE][PASSED] - Click View Detail

2021-02-05 13:31:15 - [TEST_STEP][PASSED] - Verify Information in View Detail: Verify Information in View Detail

2021-02-05 13:31:18 - [MESSAGE][PASSED] - Delayed 3 second(s)

2021-02-05 13:31:18 - [MESSAGE][PASSED] - Attribute 'value' of object '' is: '3900014152'

2021-02-05 13:31:21 - [MESSAGE][PASSED] - Delayed 3 second(s)

2021-02-05 13:31:21 - [MESSAGE][PASSED] - Attribute 'value' of object '' is: 'IDITXLeks TESTERbIvIvO'

2021-02-05 13:31:24 - [MESSAGE][PASSED] - Delayed 3 second(s)

2021-02-05 13:31:24 - [MESSAGE][PASSED] - Attribute 'value' of object '' is: 'Success to Disburse'

2021-02-05 13:31:27 - [MESSAGE][PASSED] - Delayed 3 second(s)

2021-02-05 13:31:27 - [MESSAGE][PASSED] - Attribute 'value' of object '' is: 'Rp 7,000,000'

2021-02-05 13:31:30 - [MESSAGE][PASSED] - Delayed 3 second(s)

2021-02-05 13:31:30 - [MESSAGE][PASSED] - Attribute 'value' of object '' is: 'KESEJAHTERAAN EKONOMI'

2021-02-05 13:31:33 - [MESSAGE][PASSED] - Delayed 3 second(s)

2021-02-05 13:31:33 - [MESSAGE][PASSED] - Attribute 'value' of object '' is: '1'

2021-02-05 13:31:36 - [MESSAGE][PASSED] - Delayed 3 second(s)

2021-02-05 13:31:36 - [MESSAGE][PASSED] - Attribute 'value' of object '' is: 'NAMA ADA DISINI'

2021-02-05 13:31:39 - [MESSAGE][PASSED] - Delayed 3 second(s)

2021-02-05 13:31:39 - [MESSAGE][PASSED] - Attribute 'value' of object '' is: 'KESEJAHTERAAN EKONOMI'

2021-02-05 13:31:42 - [MESSAGE][PASSED] - Delayed 3 second(s)

2021-02-05 13:31:42 - [MESSAGE][PASSED] - Attribute 'value' of object '' is: ''

2021-02-05 13:31:45 - [MESSAGE][PASSED] - Delayed 3 second(s)

2021-02-05 13:31:45 - [MESSAGE][PASSED] - Attribute 'value' of object '' is: ''

2021-02-05 13:31:45 - [MESSAGE][PASSED] - Text of object '' is: 'Date'

2021-02-05 13:31:45 - [MESSAGE][PASSED] - Text of object '' is: 'Status'

2021-02-05 13:31:45 - [MESSAGE][PASSED] - Text of object '' is: 'Updated Information'

2021-02-05 13:31:45 - [MESSAGE][PASSED] - Text of object '' is: 'Last Update By'

2021-02-05 13:31:45 - [MESSAGE][PASSED] - Text of object '' is: 'Department'

2021-02-05 13:31:46 - [MESSAGE][PASSED] - Verify Information in View Detail

2021-02-05 13:31:46 - [TEST_STEP][PASSED] - Click button "Logout": Click button "Logout"

2021-02-05 13:31:46 - [MESSAGE][INFO] - >>>>>//Button[contains(text(),'Logout')]

2021-02-05 13:31:49 - [MESSAGE][PASSED] - Object '' is present

2021-02-05 13:31:49 - [MESSAGE][PASSED] - Object: '' is clicked on

2021-02-05 13:31:49 - [MESSAGE][PASSED] - Switched to window with index: '0'

2021-02-05 13:31:49 - [MESSAGE][PASSED] - Click button "Logout"

2021-02-05 13:31:49 - [TEST_STEP][PASSED] - Close browser: Close browser

2021-02-05 13:31:49 - [MESSAGE][PASSED] - Browser is closed

2021-02-05 13:31:49 - [MESSAGE][PASSED] - Close browser

2021-02-05 13:31:49 - [MESSAGE][PASSED] - Feature file: 'Include/features/IST_Real/RTD/Dashboard_for_BO_In_Payment/View_Detail.feature' was passed]]></system-out>
         <system-err><![CDATA[]]></system-err>
      </testcase>
      <testcase name="Test Cases/RTD/Dashboard for BO in Payment/TC_Export_Data" time="13.662" classname="Test Cases/RTD/Dashboard for BO in Payment/TC_Export_Data" status="PASSED">
         <system-out><![CDATA[2021-02-05 13:31:49 - [TEST_CASE][PASSED] - Test Cases/RTD/Dashboard for BO in Payment/TC_Export_Data: Test Cases/RTD/Dashboard for BO in Payment/TC_Export_Data

2021-02-05 13:31:49 - [TEST_STEP][PASSED] - runFeatureFile("Include/features/IST_Real/RTD/Dashboard_for_BO_In_Payment/Export_Data.feature"): Feature file: 'Include/features/IST_Real/RTD/Dashboard_for_BO_In_Payment/Export_Data.feature' was passed

2021-02-05 13:31:49 - [MESSAGE][INFO] - Starting run keyword runFeatureFile: 'Include/features/IST_Real/RTD/Dashboard_for_BO_In_Payment/Export_Data.feature' and extract report to folder: '/Users/chaidir.pratama01/Katalon Studio/IST_Automation_Git/Reports/20210205_131034/RTD/TS_Dashboard_for_BO_In_Payment/20210205_131038/cucumber_report/1612506709580'...

2021-02-05 13:31:49 - [TEST_CASE][PASSED] - Start Test Case : SCENARIO Export Data: SCENARIO Export Data

2021-02-05 13:31:49 - [TEST_STEP][PASSED] - Go to ISTools: Go to ISTools

2021-02-05 13:31:49 - [MESSAGE][INFO] - Starting 'Chrome (headless)' driver

2021-02-05 13:31:49 - [MESSAGE][INFO] - User set preference: ['args', '[--start-maximized, --disable-gpu, --no-proxy-server, –-no-sandbox, --allow-running-insecure-content, --ignore-certificate-errors, window-size=1680,814, force-device-scale-factor=2, --lang=en-GB]']

2021-02-05 13:31:49 - [MESSAGE][INFO] - User set preference: ['prefs', '{download.default_directory=/Users/chaidir.pratama01/Katalon Studio/IST_Automation_Git/Download}']

2021-02-05 13:31:49 - [MESSAGE][INFO] - Action delay is set to 0 milliseconds

2021-02-05 13:31:50 - [MESSAGE][PASSED] - Browser is opened with url: ''

2021-02-05 13:31:53 - [MESSAGE][PASSED] - Navigate to 'https://dev-istools.homecredit.id/foundation/' successfully

2021-02-05 13:31:53 - [MESSAGE][PASSED] - Go to ISTools

2021-02-05 13:31:53 - [TEST_STEP][PASSED] - Login IST with valid credentials: Login IST with valid credentials

2021-02-05 13:31:54 - [MESSAGE][PASSED] - Text 'mobile.test' is set on object 'Object Repository/Page_/input_Username_j_username'

2021-02-05 13:31:54 - [MESSAGE][PASSED] - Text ****** has been set on object 'Object Repository/Page_/input_Password_j_password'

2021-02-05 13:31:55 - [MESSAGE][PASSED] - Object: 'Object Repository/Page_/button_Login' is clicked on

2021-02-05 13:31:55 - [MESSAGE][PASSED] - Login IST with valid credentials

2021-02-05 13:31:55 - [TEST_STEP][PASSED] - Login Success: Login Success

2021-02-05 13:31:55 - [MESSAGE][INFO] - Login Success

2021-02-05 13:31:55 - [MESSAGE][PASSED] - Current window maximized

2021-02-05 13:31:55 - [MESSAGE][PASSED] - Object 'Object Repository/Page_/h1_Welcome to IT Supporting Tools' is present

2021-02-05 13:31:55 - [MESSAGE][PASSED] - Login Success

2021-02-05 13:31:55 - [TEST_STEP][PASSED] - Select Arrow Menu "Real Time Disbursement": Select Arrow Menu "Real Time Disbursement"

2021-02-05 13:31:55 - [MESSAGE][PASSED] - Object: '' is clicked on

2021-02-05 13:31:55 - [MESSAGE][PASSED] - Select Arrow Menu "Real Time Disbursement"

2021-02-05 13:31:55 - [TEST_STEP][PASSED] - Select Menu "Dashboard for BO In Payment": Select Menu "Dashboard for BO In Payment"

2021-02-05 13:31:55 - [MESSAGE][PASSED] - Taking screenshot successfully
[[ATTACHMENT|/Users/chaidir.pratama01/Documents/Docs/Katalon Studio/Screenshot/test-Dashboard for BO In Payment.png]]

2021-02-05 13:31:55 - [MESSAGE][PASSED] - Object '' is present

2021-02-05 13:31:56 - [MESSAGE][PASSED] - Object: '' is clicked on

2021-02-05 13:31:56 - [MESSAGE][PASSED] - Wait for page load successfully

2021-02-05 13:31:56 - [MESSAGE][PASSED] - Select Menu "Dashboard for BO In Payment"

2021-02-05 13:31:56 - [TEST_STEP][PASSED] - Input Contract RTD in Contract Number label: Input Contract RTD in Contract Number label

2021-02-05 13:31:56 - [MESSAGE][PASSED] - Text '4000014162' is set on object ''

2021-02-05 13:31:56 - [MESSAGE][PASSED] - Input Contract RTD in Contract Number label

2021-02-05 13:31:56 - [TEST_STEP][PASSED] - Click button "Search": Click button "Search"

2021-02-05 13:31:56 - [MESSAGE][INFO] - >>>>>//Button[contains(text(),'Search')]

2021-02-05 13:31:59 - [MESSAGE][PASSED] - Object '' is present

2021-02-05 13:31:59 - [MESSAGE][PASSED] - Object: '' is clicked on

2021-02-05 13:31:59 - [MESSAGE][PASSED] - Switched to window with index: '0'

2021-02-05 13:31:59 - [MESSAGE][PASSED] - Click button "Search"

2021-02-05 13:31:59 - [TEST_STEP][PASSED] - Verify Table Filled: Verify Table Filled

2021-02-05 13:31:59 - [MESSAGE][PASSED] - Object '' is present

2021-02-05 13:31:59 - [MESSAGE][PASSED] - Verify Table Filled

2021-02-05 13:31:59 - [TEST_STEP][PASSED] - Click button "Export Data": Click button "Export Data"

2021-02-05 13:31:59 - [MESSAGE][INFO] - >>>>>//Button[contains(text(),'Export Data')]

2021-02-05 13:32:02 - [MESSAGE][PASSED] - Object: '' is clicked on

2021-02-05 13:32:03 - [MESSAGE][PASSED] - Taking screenshot successfully
[[ATTACHMENT|/Users/chaidir.pratama01/Documents/Docs/Katalon Studio/Screenshot/Download_data.png]]

2021-02-05 13:32:03 - [MESSAGE][PASSED] - Click button "Export Data"

2021-02-05 13:32:03 - [MESSAGE][PASSED] - Feature file: 'Include/features/IST_Real/RTD/Dashboard_for_BO_In_Payment/Export_Data.feature' was passed]]></system-out>
         <system-err><![CDATA[]]></system-err>
      </testcase>
      <testcase name="Test Cases/RTD/Dashboard for BO in Payment/TC_Generate_Outpayment" time="40.674" classname="Test Cases/RTD/Dashboard for BO in Payment/TC_Generate_Outpayment" status="PASSED">
         <system-out><![CDATA[2021-02-05 13:32:03 - [TEST_CASE][PASSED] - Test Cases/RTD/Dashboard for BO in Payment/TC_Generate_Outpayment: Test Cases/RTD/Dashboard for BO in Payment/TC_Generate_Outpayment

2021-02-05 13:32:03 - [TEST_STEP][PASSED] - runFeatureFile("Include/features/IST_Real/RTD/Dashboard_for_BO_In_Payment/Generate_Outpayment.feature"): Feature file: 'Include/features/IST_Real/RTD/Dashboard_for_BO_In_Payment/Generate_Outpayment.feature' was passed

2021-02-05 13:32:03 - [MESSAGE][INFO] - Starting run keyword runFeatureFile: 'Include/features/IST_Real/RTD/Dashboard_for_BO_In_Payment/Generate_Outpayment.feature' and extract report to folder: '/Users/chaidir.pratama01/Katalon Studio/IST_Automation_Git/Reports/20210205_131034/RTD/TS_Dashboard_for_BO_In_Payment/20210205_131038/cucumber_report/1612506723239'...

2021-02-05 13:32:03 - [TEST_CASE][PASSED] - Start Test Case : SCENARIO Genrate Outpayment without select checkbox: SCENARIO Genrate Outpayment without select checkbox

2021-02-05 13:32:03 - [TEST_STEP][PASSED] - Go to ISTools: Go to ISTools

2021-02-05 13:32:03 - [MESSAGE][WARNING] - A browser is already opened. Closing browser and opening a new one

2021-02-05 13:32:03 - [MESSAGE][INFO] - Starting 'Chrome (headless)' driver

2021-02-05 13:32:03 - [MESSAGE][INFO] - User set preference: ['args', '[--start-maximized, --disable-gpu, --no-proxy-server, –-no-sandbox, --allow-running-insecure-content, --ignore-certificate-errors, window-size=1680,814, force-device-scale-factor=2, --lang=en-GB]']

2021-02-05 13:32:03 - [MESSAGE][INFO] - User set preference: ['prefs', '{download.default_directory=/Users/chaidir.pratama01/Katalon Studio/IST_Automation_Git/Download}']

2021-02-05 13:32:03 - [MESSAGE][INFO] - Action delay is set to 0 milliseconds

2021-02-05 13:32:03 - [MESSAGE][PASSED] - Browser is opened with url: ''

2021-02-05 13:32:08 - [MESSAGE][PASSED] - Navigate to 'https://dev-istools.homecredit.id/foundation/' successfully

2021-02-05 13:32:08 - [MESSAGE][PASSED] - Go to ISTools

2021-02-05 13:32:08 - [TEST_STEP][PASSED] - Login IST with valid credentials: Login IST with valid credentials

2021-02-05 13:32:08 - [MESSAGE][PASSED] - Text 'mobile.test' is set on object 'Object Repository/Page_/input_Username_j_username'

2021-02-05 13:32:08 - [MESSAGE][PASSED] - Text ****** has been set on object 'Object Repository/Page_/input_Password_j_password'

2021-02-05 13:32:09 - [MESSAGE][PASSED] - Object: 'Object Repository/Page_/button_Login' is clicked on

2021-02-05 13:32:09 - [MESSAGE][PASSED] - Login IST with valid credentials

2021-02-05 13:32:09 - [TEST_STEP][PASSED] - Login Success: Login Success

2021-02-05 13:32:09 - [MESSAGE][INFO] - Login Success

2021-02-05 13:32:09 - [MESSAGE][PASSED] - Current window maximized

2021-02-05 13:32:09 - [MESSAGE][PASSED] - Object 'Object Repository/Page_/h1_Welcome to IT Supporting Tools' is present

2021-02-05 13:32:09 - [MESSAGE][PASSED] - Login Success

2021-02-05 13:32:09 - [TEST_STEP][PASSED] - Select Arrow Menu "Real Time Disbursement": Select Arrow Menu "Real Time Disbursement"

2021-02-05 13:32:10 - [MESSAGE][PASSED] - Object: '' is clicked on

2021-02-05 13:32:10 - [MESSAGE][PASSED] - Select Arrow Menu "Real Time Disbursement"

2021-02-05 13:32:10 - [TEST_STEP][PASSED] - Select Menu "Dashboard for BO In Payment": Select Menu "Dashboard for BO In Payment"

2021-02-05 13:32:10 - [MESSAGE][PASSED] - Taking screenshot successfully
[[ATTACHMENT|/Users/chaidir.pratama01/Documents/Docs/Katalon Studio/Screenshot/test-Dashboard for BO In Payment.png]]

2021-02-05 13:32:10 - [MESSAGE][PASSED] - Object '' is present

2021-02-05 13:32:10 - [MESSAGE][PASSED] - Object: '' is clicked on

2021-02-05 13:32:10 - [MESSAGE][PASSED] - Wait for page load successfully

2021-02-05 13:32:10 - [MESSAGE][PASSED] - Select Menu "Dashboard for BO In Payment"

2021-02-05 13:32:10 - [TEST_STEP][PASSED] - Select STATUS "Manual Disbursement": Select STATUS "Manual Disbursement"

2021-02-05 13:32:11 - [MESSAGE][PASSED] - All options with value 'Manual Disbursement' are selected in object ''  using regular expression

2021-02-05 13:32:11 - [MESSAGE][PASSED] - Select STATUS "Manual Disbursement"

2021-02-05 13:32:11 - [TEST_STEP][PASSED] - Click button "Search": Click button "Search"

2021-02-05 13:32:11 - [MESSAGE][INFO] - >>>>>//Button[contains(text(),'Search')]

2021-02-05 13:32:14 - [MESSAGE][PASSED] - Object '' is present

2021-02-05 13:32:14 - [MESSAGE][PASSED] - Object: '' is clicked on

2021-02-05 13:32:14 - [MESSAGE][PASSED] - Switched to window with index: '0'

2021-02-05 13:32:14 - [MESSAGE][PASSED] - Click button "Search"

2021-02-05 13:32:14 - [TEST_STEP][PASSED] - Verify Table Filled: Verify Table Filled

2021-02-05 13:32:14 - [MESSAGE][PASSED] - Object '' is present

2021-02-05 13:32:14 - [MESSAGE][PASSED] - Verify Table Filled

2021-02-05 13:32:14 - [TEST_STEP][PASSED] - Click button "Generate Outpayment": Click button "Generate Outpayment"

2021-02-05 13:32:14 - [MESSAGE][INFO] - >>>>>//Button[contains(text(),'Generate Outpayment')]

2021-02-05 13:32:17 - [MESSAGE][PASSED] - Object '' is present

2021-02-05 13:32:17 - [MESSAGE][PASSED] - Object: '' is clicked on

2021-02-05 13:32:17 - [MESSAGE][PASSED] - Switched to window with index: '0'

2021-02-05 13:32:17 - [MESSAGE][PASSED] - Click button "Generate Outpayment"

2021-02-05 13:32:17 - [TEST_STEP][PASSED] - Get text from pop up "Warning Message" with text "Warning : No data selected !": Get text from pop up "Warning Message" with text "Warning : No data selected !"

2021-02-05 13:32:18 - [MESSAGE][PASSED] - Taking screenshot successfully
[[ATTACHMENT|/Users/chaidir.pratama01/Documents/Docs/Katalon Studio/Screenshot/errorpopup.png]]

2021-02-05 13:32:18 - [MESSAGE][PASSED] - Object '' is present

2021-02-05 13:32:18 - [MESSAGE][PASSED] - Wait for page load successfully

2021-02-05 13:32:18 - [MESSAGE][PASSED] - Wait for page load successfully

2021-02-05 13:32:18 - [MESSAGE][PASSED] - Get text from pop up "Warning Message" with text "Warning : No data selected !"

2021-02-05 13:32:18 - [TEST_STEP][PASSED] - Click button "OK": Click button "OK"

2021-02-05 13:32:18 - [MESSAGE][INFO] - >>>>>//Button[contains(text(),'OK')]

2021-02-05 13:32:21 - [MESSAGE][PASSED] - Object '' is present

2021-02-05 13:32:21 - [MESSAGE][PASSED] - Object: '' is clicked on

2021-02-05 13:32:21 - [MESSAGE][PASSED] - Switched to window with index: '0'

2021-02-05 13:32:21 - [MESSAGE][PASSED] - Click button "OK"

2021-02-05 13:32:21 - [TEST_STEP][PASSED] - Click button "Logout": Click button "Logout"

2021-02-05 13:32:21 - [MESSAGE][INFO] - >>>>>//Button[contains(text(),'Logout')]

2021-02-05 13:32:24 - [MESSAGE][PASSED] - Object '' is present

2021-02-05 13:32:24 - [MESSAGE][PASSED] - Object: '' is clicked on

2021-02-05 13:32:24 - [MESSAGE][PASSED] - Switched to window with index: '0'

2021-02-05 13:32:24 - [MESSAGE][PASSED] - Click button "Logout"

2021-02-05 13:32:24 - [TEST_STEP][PASSED] - Close browser: Close browser

2021-02-05 13:32:24 - [MESSAGE][PASSED] - Browser is closed

2021-02-05 13:32:24 - [MESSAGE][PASSED] - Close browser

2021-02-05 13:32:24 - [TEST_CASE][PASSED] - Start Test Case : SCENARIO Genrate Outpayment and select checkbox first: SCENARIO Genrate Outpayment and select checkbox first

2021-02-05 13:32:24 - [TEST_STEP][PASSED] - Go to ISTools: Go to ISTools

2021-02-05 13:32:24 - [MESSAGE][INFO] - Starting 'Chrome (headless)' driver

2021-02-05 13:32:24 - [MESSAGE][INFO] - User set preference: ['args', '[--start-maximized, --disable-gpu, --no-proxy-server, –-no-sandbox, --allow-running-insecure-content, --ignore-certificate-errors, window-size=1680,814, force-device-scale-factor=2, --lang=en-GB]']

2021-02-05 13:32:24 - [MESSAGE][INFO] - User set preference: ['prefs', '{download.default_directory=/Users/chaidir.pratama01/Katalon Studio/IST_Automation_Git/Download}']

2021-02-05 13:32:24 - [MESSAGE][INFO] - Action delay is set to 0 milliseconds

2021-02-05 13:32:24 - [MESSAGE][PASSED] - Browser is opened with url: ''

2021-02-05 13:32:27 - [MESSAGE][PASSED] - Navigate to 'https://dev-istools.homecredit.id/foundation/' successfully

2021-02-05 13:32:27 - [MESSAGE][PASSED] - Go to ISTools

2021-02-05 13:32:27 - [TEST_STEP][PASSED] - Login IST with valid credentials: Login IST with valid credentials

2021-02-05 13:32:28 - [MESSAGE][PASSED] - Text 'mobile.test' is set on object 'Object Repository/Page_/input_Username_j_username'

2021-02-05 13:32:28 - [MESSAGE][PASSED] - Text ****** has been set on object 'Object Repository/Page_/input_Password_j_password'

2021-02-05 13:32:28 - [MESSAGE][PASSED] - Object: 'Object Repository/Page_/button_Login' is clicked on

2021-02-05 13:32:28 - [MESSAGE][PASSED] - Login IST with valid credentials

2021-02-05 13:32:28 - [TEST_STEP][PASSED] - Login Success: Login Success

2021-02-05 13:32:28 - [MESSAGE][INFO] - Login Success

2021-02-05 13:32:28 - [MESSAGE][PASSED] - Current window maximized

2021-02-05 13:32:28 - [MESSAGE][PASSED] - Object 'Object Repository/Page_/h1_Welcome to IT Supporting Tools' is present

2021-02-05 13:32:28 - [MESSAGE][PASSED] - Login Success

2021-02-05 13:32:28 - [TEST_STEP][PASSED] - Select Arrow Menu "Real Time Disbursement": Select Arrow Menu "Real Time Disbursement"

2021-02-05 13:32:29 - [MESSAGE][PASSED] - Object: '' is clicked on

2021-02-05 13:32:29 - [MESSAGE][PASSED] - Select Arrow Menu "Real Time Disbursement"

2021-02-05 13:32:29 - [TEST_STEP][PASSED] - Select Menu "Dashboard for BO In Payment": Select Menu "Dashboard for BO In Payment"

2021-02-05 13:32:29 - [MESSAGE][PASSED] - Taking screenshot successfully
[[ATTACHMENT|/Users/chaidir.pratama01/Documents/Docs/Katalon Studio/Screenshot/test-Dashboard for BO In Payment.png]]

2021-02-05 13:32:29 - [MESSAGE][PASSED] - Object '' is present

2021-02-05 13:32:29 - [MESSAGE][PASSED] - Object: '' is clicked on

2021-02-05 13:32:29 - [MESSAGE][PASSED] - Wait for page load successfully

2021-02-05 13:32:29 - [MESSAGE][PASSED] - Select Menu "Dashboard for BO In Payment"

2021-02-05 13:32:29 - [TEST_STEP][PASSED] - Select STATUS "Manual Disbursement": Select STATUS "Manual Disbursement"

2021-02-05 13:32:30 - [MESSAGE][PASSED] - All options with value 'Manual Disbursement' are selected in object ''  using regular expression

2021-02-05 13:32:30 - [MESSAGE][PASSED] - Select STATUS "Manual Disbursement"

2021-02-05 13:32:30 - [TEST_STEP][PASSED] - Click button "Search": Click button "Search"

2021-02-05 13:32:30 - [MESSAGE][INFO] - >>>>>//Button[contains(text(),'Search')]

2021-02-05 13:32:33 - [MESSAGE][PASSED] - Object '' is present

2021-02-05 13:32:33 - [MESSAGE][PASSED] - Object: '' is clicked on

2021-02-05 13:32:33 - [MESSAGE][PASSED] - Switched to window with index: '0'

2021-02-05 13:32:33 - [MESSAGE][PASSED] - Click button "Search"

2021-02-05 13:32:33 - [TEST_STEP][PASSED] - Verify Table Filled: Verify Table Filled

2021-02-05 13:32:33 - [MESSAGE][PASSED] - Object '' is present

2021-02-05 13:32:33 - [MESSAGE][PASSED] - Verify Table Filled

2021-02-05 13:32:33 - [TEST_STEP][PASSED] - Click Checkbox: Click Checkbox

2021-02-05 13:32:33 - [MESSAGE][PASSED] - Object: '' is clicked on

2021-02-05 13:32:33 - [MESSAGE][PASSED] - Click Checkbox

2021-02-05 13:32:33 - [TEST_STEP][PASSED] - Click button "Generate Outpayment": Click button "Generate Outpayment"

2021-02-05 13:32:33 - [MESSAGE][INFO] - >>>>>//Button[contains(text(),'Generate Outpayment')]

2021-02-05 13:32:36 - [MESSAGE][PASSED] - Object '' is present

2021-02-05 13:32:36 - [MESSAGE][PASSED] - Object: '' is clicked on

2021-02-05 13:32:36 - [MESSAGE][PASSED] - Switched to window with index: '0'

2021-02-05 13:32:36 - [MESSAGE][PASSED] - Click button "Generate Outpayment"

2021-02-05 13:32:36 - [TEST_STEP][PASSED] - Get text from pop up "Success Message" with text "Generate Outpayment File Success": Get text from pop up "Success Message" with text "Generate Outpayment File Success"

2021-02-05 13:32:37 - [MESSAGE][PASSED] - Taking screenshot successfully
[[ATTACHMENT|/Users/chaidir.pratama01/Documents/Docs/Katalon Studio/Screenshot/errorpopup.png]]

2021-02-05 13:32:37 - [MESSAGE][PASSED] - Object '' is present

2021-02-05 13:32:37 - [MESSAGE][PASSED] - Wait for page load successfully

2021-02-05 13:32:37 - [MESSAGE][PASSED] - Wait for page load successfully

2021-02-05 13:32:37 - [MESSAGE][PASSED] - Get text from pop up "Success Message" with text "Generate Outpayment File Success"

2021-02-05 13:32:37 - [TEST_STEP][PASSED] - Click button "OK": Click button "OK"

2021-02-05 13:32:37 - [MESSAGE][INFO] - >>>>>//Button[contains(text(),'OK')]

2021-02-05 13:32:40 - [MESSAGE][PASSED] - Object '' is present

2021-02-05 13:32:40 - [MESSAGE][PASSED] - Object: '' is clicked on

2021-02-05 13:32:40 - [MESSAGE][PASSED] - Switched to window with index: '0'

2021-02-05 13:32:40 - [MESSAGE][PASSED] - Click button "OK"

2021-02-05 13:32:40 - [TEST_STEP][PASSED] - Click button "Logout": Click button "Logout"

2021-02-05 13:32:40 - [MESSAGE][INFO] - >>>>>//Button[contains(text(),'Logout')]

2021-02-05 13:32:43 - [MESSAGE][PASSED] - Object '' is present

2021-02-05 13:32:43 - [MESSAGE][PASSED] - Object: '' is clicked on

2021-02-05 13:32:43 - [MESSAGE][PASSED] - Switched to window with index: '0'

2021-02-05 13:32:43 - [MESSAGE][PASSED] - Click button "Logout"

2021-02-05 13:32:43 - [TEST_STEP][PASSED] - Close browser: Close browser

2021-02-05 13:32:43 - [MESSAGE][PASSED] - Browser is closed

2021-02-05 13:32:43 - [MESSAGE][PASSED] - Close browser

2021-02-05 13:32:43 - [MESSAGE][PASSED] - Feature file: 'Include/features/IST_Real/RTD/Dashboard_for_BO_In_Payment/Generate_Outpayment.feature' was passed]]></system-out>
         <system-err><![CDATA[]]></system-err>
      </testcase>
      <testcase name="Test Cases/RTD/Dashboard for BO in Payment/TC_Search_by_Contract_Number" time="12.623" classname="Test Cases/RTD/Dashboard for BO in Payment/TC_Search_by_Contract_Number" status="PASSED">
         <system-out><![CDATA[2021-02-05 13:32:43 - [TEST_CASE][PASSED] - Test Cases/RTD/Dashboard for BO in Payment/TC_Search_by_Contract_Number: Test Cases/RTD/Dashboard for BO in Payment/TC_Search_by_Contract_Number

2021-02-05 13:32:43 - [TEST_STEP][PASSED] - runFeatureFile("Include/features/IST_Real/RTD/Dashboard_for_BO_In_Payment/Search_by_Contract_Number.feature"): Feature file: 'Include/features/IST_Real/RTD/Dashboard_for_BO_In_Payment/Search_by_Contract_Number.feature' was passed

2021-02-05 13:32:43 - [MESSAGE][INFO] - Starting run keyword runFeatureFile: 'Include/features/IST_Real/RTD/Dashboard_for_BO_In_Payment/Search_by_Contract_Number.feature' and extract report to folder: '/Users/chaidir.pratama01/Katalon Studio/IST_Automation_Git/Reports/20210205_131034/RTD/TS_Dashboard_for_BO_In_Payment/20210205_131038/cucumber_report/1612506763926'...

2021-02-05 13:32:44 - [TEST_CASE][PASSED] - Start Test Case : SCENARIO Search by Contract Number and it found on Dashboard: SCENARIO Search by Contract Number and it found on Dashboard

2021-02-05 13:32:44 - [TEST_STEP][PASSED] - Go to ISTools: Go to ISTools

2021-02-05 13:32:44 - [MESSAGE][INFO] - Starting 'Chrome (headless)' driver

2021-02-05 13:32:44 - [MESSAGE][INFO] - User set preference: ['args', '[--start-maximized, --disable-gpu, --no-proxy-server, –-no-sandbox, --allow-running-insecure-content, --ignore-certificate-errors, window-size=1680,814, force-device-scale-factor=2, --lang=en-GB]']

2021-02-05 13:32:44 - [MESSAGE][INFO] - User set preference: ['prefs', '{download.default_directory=/Users/chaidir.pratama01/Katalon Studio/IST_Automation_Git/Download}']

2021-02-05 13:32:44 - [MESSAGE][INFO] - Action delay is set to 0 milliseconds

2021-02-05 13:32:44 - [MESSAGE][PASSED] - Browser is opened with url: ''

2021-02-05 13:32:46 - [MESSAGE][PASSED] - Navigate to 'https://dev-istools.homecredit.id/foundation/' successfully

2021-02-05 13:32:46 - [MESSAGE][PASSED] - Go to ISTools

2021-02-05 13:32:46 - [TEST_STEP][PASSED] - Login IST with valid credentials: Login IST with valid credentials

2021-02-05 13:32:46 - [MESSAGE][PASSED] - Text 'mobile.test' is set on object 'Object Repository/Page_/input_Username_j_username'

2021-02-05 13:32:47 - [MESSAGE][PASSED] - Text ****** has been set on object 'Object Repository/Page_/input_Password_j_password'

2021-02-05 13:32:47 - [MESSAGE][PASSED] - Object: 'Object Repository/Page_/button_Login' is clicked on

2021-02-05 13:32:47 - [MESSAGE][PASSED] - Login IST with valid credentials

2021-02-05 13:32:47 - [TEST_STEP][PASSED] - Login Success: Login Success

2021-02-05 13:32:47 - [MESSAGE][INFO] - Login Success

2021-02-05 13:32:47 - [MESSAGE][PASSED] - Current window maximized

2021-02-05 13:32:47 - [MESSAGE][PASSED] - Object 'Object Repository/Page_/h1_Welcome to IT Supporting Tools' is present

2021-02-05 13:32:47 - [MESSAGE][PASSED] - Login Success

2021-02-05 13:32:47 - [TEST_STEP][PASSED] - Select Arrow Menu "Real Time Disbursement": Select Arrow Menu "Real Time Disbursement"

2021-02-05 13:32:47 - [MESSAGE][PASSED] - Object: '' is clicked on

2021-02-05 13:32:47 - [MESSAGE][PASSED] - Select Arrow Menu "Real Time Disbursement"

2021-02-05 13:32:47 - [TEST_STEP][PASSED] - Select Menu "Dashboard for BO In Payment": Select Menu "Dashboard for BO In Payment"

2021-02-05 13:32:48 - [MESSAGE][PASSED] - Taking screenshot successfully
[[ATTACHMENT|/Users/chaidir.pratama01/Documents/Docs/Katalon Studio/Screenshot/test-Dashboard for BO In Payment.png]]

2021-02-05 13:32:48 - [MESSAGE][PASSED] - Object '' is present

2021-02-05 13:32:48 - [MESSAGE][PASSED] - Object: '' is clicked on

2021-02-05 13:32:48 - [MESSAGE][PASSED] - Wait for page load successfully

2021-02-05 13:32:48 - [MESSAGE][PASSED] - Select Menu "Dashboard for BO In Payment"

2021-02-05 13:32:48 - [TEST_STEP][PASSED] - Input Contract RTD in Contract Number label: Input Contract RTD in Contract Number label

2021-02-05 13:32:49 - [MESSAGE][PASSED] - Text '4000014162' is set on object ''

2021-02-05 13:32:49 - [MESSAGE][PASSED] - Input Contract RTD in Contract Number label

2021-02-05 13:32:49 - [TEST_STEP][PASSED] - Click button "Search": Click button "Search"

2021-02-05 13:32:49 - [MESSAGE][INFO] - >>>>>//Button[contains(text(),'Search')]

2021-02-05 13:32:52 - [MESSAGE][PASSED] - Object '' is present

2021-02-05 13:32:52 - [MESSAGE][PASSED] - Object: '' is clicked on

2021-02-05 13:32:52 - [MESSAGE][PASSED] - Switched to window with index: '0'

2021-02-05 13:32:52 - [MESSAGE][PASSED] - Click button "Search"

2021-02-05 13:32:52 - [TEST_STEP][PASSED] - Verify Search Result Presents: Verify Search Result Presents

2021-02-05 13:32:52 - [MESSAGE][PASSED] - Object '' is present

2021-02-05 13:32:53 - [MESSAGE][PASSED] - Verify Search Result Presents

2021-02-05 13:32:53 - [TEST_STEP][PASSED] - Click button "Logout": Click button "Logout"

2021-02-05 13:32:53 - [MESSAGE][INFO] - >>>>>//Button[contains(text(),'Logout')]

2021-02-05 13:32:56 - [MESSAGE][PASSED] - Object '' is present

2021-02-05 13:32:56 - [MESSAGE][PASSED] - Object: '' is clicked on

2021-02-05 13:32:56 - [MESSAGE][PASSED] - Switched to window with index: '0'

2021-02-05 13:32:56 - [MESSAGE][PASSED] - Click button "Logout"

2021-02-05 13:32:56 - [TEST_STEP][PASSED] - Close browser: Close browser

2021-02-05 13:32:56 - [MESSAGE][PASSED] - Browser is closed

2021-02-05 13:32:56 - [MESSAGE][PASSED] - Close browser

2021-02-05 13:32:56 - [MESSAGE][PASSED] - Feature file: 'Include/features/IST_Real/RTD/Dashboard_for_BO_In_Payment/Search_by_Contract_Number.feature' was passed]]></system-out>
         <system-err><![CDATA[]]></system-err>
      </testcase>
      <system-out><![CDATA[2021-02-05 13:28:10 - [TEST_SUITE][PASSED] - TS_Dashboard_for_BO_In_Payment: Test Cases/RTD/Dashboard for BO in Payment/TC_Search_by_Contract_Number]]></system-out>
      <system-err><![CDATA[]]></system-err>
   </testsuite>
</testsuites>
