<?xml version="1.0" encoding="UTF-8"?>
<testsuites name="TS_SLIK_Gateway_Non_Customer" time="438.62" tests="17" failures="0" errors="0">
   <testsuite name="TS_SLIK_Gateway_Non_Customer" tests="17" failures="0" errors="0" time="438.62" timestamp="2020-10-27 16:25:36" hostname="chaidir.pratama01 - localhost" id="Test Suites/SLIK/TS_SLIK_Gateway_Non_Customer">
      <properties>
         <property name="deviceName" value=""/>
         <property name="devicePlatform" value=""/>
         <property name="logFolder" value="/Users/chaidir.pratama01/Katalon Studio/IST_Automation_Git/Reports/20201027_162530/SLIK/TS_SLIK_Gateway_Non_Customer/20201027_162530"/>
         <property name="logFiles" value="/Users/chaidir.pratama01/Katalon Studio/IST_Automation_Git/Reports/20201027_162530/SLIK/TS_SLIK_Gateway_Non_Customer/20201027_162530/execution0.log"/>
         <property name="attachments" value="/Users/chaidir.pratama01/Documents/Docs/Katalon Studio/Screenshot/test-SLIK Gateway Non Customer.png, /Users/chaidir.pratama01/Documents/Docs/Katalon Studio/Screenshot/slik.png, /Users/chaidir.pratama01/Documents/Docs/Katalon Studio/Screenshot/slik.png, /Users/chaidir.pratama01/Documents/Docs/Katalon Studio/Screenshot/slik.png, /Users/chaidir.pratama01/Documents/Docs/Katalon Studio/Screenshot/errorpopup.png, /Users/chaidir.pratama01/Katalon Studio/IST_Automation_Git/img/View_detail_NonCutomer.png, /Users/chaidir.pratama01/Documents/Docs/Katalon Studio/Screenshot/test-SLIK Gateway Approval Non Customer.png, /Users/chaidir.pratama01/Documents/Docs/Katalon Studio/Screenshot/errorpopup.png, /Users/chaidir.pratama01/Documents/Docs/Katalon Studio/Screenshot/errorpopup.png, /Users/chaidir.pratama01/Katalon Studio/IST_Automation_Git/Reports/20201027_162530/SLIK/TS_SLIK_Gateway_Non_Customer/20201027_162530/1603790957634.png, /Users/chaidir.pratama01/Katalon Studio/IST_Automation_Git/Reports/20201027_162530/SLIK/TS_SLIK_Gateway_Non_Customer/20201027_162530/1603790958570.png, /Users/chaidir.pratama01/Documents/Docs/Katalon Studio/Screenshot/slik.png, /Users/chaidir.pratama01/Documents/Docs/Katalon Studio/Screenshot/slik.png, /Users/chaidir.pratama01/Documents/Docs/Katalon Studio/Screenshot/slik.png, /Users/chaidir.pratama01/Documents/Docs/Katalon Studio/Screenshot/errorpopup.png, /Users/chaidir.pratama01/Documents/Docs/Katalon Studio/Screenshot/test-SLIK Gateway Approval Non Customer.png, /Users/chaidir.pratama01/Documents/Docs/Katalon Studio/Screenshot/errorpopup.png, /Users/chaidir.pratama01/Documents/Docs/Katalon Studio/Screenshot/errorpopup.png, /Users/chaidir.pratama01/Katalon Studio/IST_Automation_Git/img/View_detail_NonCutomer.png, /Users/chaidir.pratama01/Documents/Docs/Katalon Studio/Screenshot/errorpopup.png, /Users/chaidir.pratama01/Documents/Docs/Katalon Studio/Screenshot/errorpopup.png, /Users/chaidir.pratama01/Katalon Studio/IST_Automation_Git/Reports/20201027_162530/SLIK/TS_SLIK_Gateway_Non_Customer/20201027_162530/1603791161046.png, /Users/chaidir.pratama01/Katalon Studio/IST_Automation_Git/img/View_detail_NonCutomer.png"/>
         <property name="hostName" value="chaidir.pratama01 - localhost"/>
         <property name="os" value="Mac OS X 64bit"/>
         <property name="katalonVersion" value="7.6.0.${buildNumber}"/>
         <property name="browser" value="Chrome 86.0.4240.111"/>
         <property name="hostAddress" value="127.0.0.1"/>
         <property name="sessionId" value="c253597999e67cf488c509d97fc8e354"/>
         <property name="seleniumVersion" value="3.141.59"/>
         <property name="proxyInformation" value="ProxyInformation { proxyOption=NO_PROXY, proxyServerType=HTTP, username=, password=********, proxyServerAddress=, proxyServerPort=0, executionList=\&quot;\&quot;, isApplyToDesiredCapabilities=true }"/>
         <property name="platform" value="Mac OS X"/>
      </properties>
      <testcase name="Test Cases/IST_Real/SLIK/SLIK_Gateway_Non_Customer/Open Menu SLIK Gateway Non Customer" time="48.342" classname="Test Cases/IST_Real/SLIK/SLIK_Gateway_Non_Customer/Open Menu SLIK Gateway Non Customer" status="PASSED">
         <system-out><![CDATA[2020-10-27 16:25:36 - [TEST_CASE][PASSED] - Test Cases/IST_Real/SLIK/SLIK_Gateway_Non_Customer/Open Menu SLIK Gateway Non Customer: Test Cases/IST_Real/SLIK/SLIK_Gateway_Non_Customer/Open Menu SLIK Gateway Non Customer

2020-10-27 16:25:37 - [TEST_STEP][PASSED] - runFeatureFile("Include/features/IST_Real/SLIK/SLIK Gateway Non Customer/Open_Menu_SLIK_Gateway_Non_Customer.feature"): Feature file: 'Include/features/IST_Real/SLIK/SLIK Gateway Non Customer/Open_Menu_SLIK_Gateway_Non_Customer.feature' was passed

2020-10-27 16:25:37 - [MESSAGE][INFO] - Starting run keyword runFeatureFile: 'Include/features/IST_Real/SLIK/SLIK Gateway Non Customer/Open_Menu_SLIK_Gateway_Non_Customer.feature' and extract report to folder: '/Users/chaidir.pratama01/Katalon Studio/IST_Automation_Git/Reports/20201027_162530/SLIK/TS_SLIK_Gateway_Non_Customer/20201027_162530/cucumber_report/1603790737218'...

2020-10-27 16:25:37 - [TEST_CASE][PASSED] - Start Test Case : SCENARIO Menu SLIK Gateway Non Customer in IST and Verify Element Needed Exist: SCENARIO Menu SLIK Gateway Non Customer in IST and Verify Element Needed Exist

2020-10-27 16:25:37 - [TEST_STEP][PASSED] - Go to ISTools: Go to ISTools

2020-10-27 16:25:37 - [MESSAGE][INFO] - Starting 'Chrome' driver

2020-10-27 16:25:37 - [MESSAGE][INFO] - User set preference: ['AcceptInsecureCerts', 'true']

2020-10-27 16:25:37 - [MESSAGE][INFO] - User set preference: ['args', '[ignore-certificate-errors]']

2020-10-27 16:25:38 - [MESSAGE][INFO] - Action delay is set to 0 milliseconds

2020-10-27 16:25:41 - [MESSAGE][PASSED] - Browser is opened with url: ''

2020-10-27 16:25:43 - [MESSAGE][PASSED] - Navigate to 'https://id-ist01preprod.id.nonprod/ist/' successfully

2020-10-27 16:25:43 - [MESSAGE][PASSED] - Go to ISTools

2020-10-27 16:25:43 - [TEST_STEP][PASSED] - Login IST with valid credentials: Login IST with valid credentials

2020-10-27 16:25:43 - [MESSAGE][PASSED] - Text 'mobile.test' is set on object 'Object Repository/Page_/input_Username_j_username'

2020-10-27 16:25:44 - [MESSAGE][PASSED] - Text ****** has been set on object 'Object Repository/Page_/input_Password_j_password'

2020-10-27 16:25:45 - [MESSAGE][PASSED] - Object: 'Object Repository/Page_/button_Login' is clicked on

2020-10-27 16:25:45 - [MESSAGE][PASSED] - Login IST with valid credentials

2020-10-27 16:25:45 - [TEST_STEP][PASSED] - Login Success for contract dispatcher: Login Success for contract dispatcher

2020-10-27 16:25:45 - [MESSAGE][INFO] - Login Success

2020-10-27 16:25:45 - [MESSAGE][PASSED] - Current window maximized

2020-10-27 16:25:45 - [MESSAGE][PASSED] - Object 'Object Repository/Page_/h1_Welcome to IT Supporting Tools' is present

2020-10-27 16:25:45 - [MESSAGE][PASSED] - Login Success for contract dispatcher

2020-10-27 16:25:45 - [TEST_STEP][PASSED] - Select Menu "SLIK Gateway Non Customer": Select Menu "SLIK Gateway Non Customer"

2020-10-27 16:25:46 - [MESSAGE][PASSED] - Taking screenshot successfully
[[ATTACHMENT|/Users/chaidir.pratama01/Documents/Docs/Katalon Studio/Screenshot/test-SLIK Gateway Non Customer.png]]

2020-10-27 16:25:46 - [MESSAGE][PASSED] - Object '' is present

2020-10-27 16:25:47 - [MESSAGE][PASSED] - Object: '' is clicked on

2020-10-27 16:25:47 - [MESSAGE][PASSED] - Wait for page load successfully

2020-10-27 16:25:47 - [MESSAGE][PASSED] - Select Menu "SLIK Gateway Non Customer"

2020-10-27 16:25:47 - [TEST_STEP][PASSED] - Verify Title "SLIK Gateway Non Customer" Exists: Verify Title "SLIK Gateway Non Customer" Exists

2020-10-27 16:25:47 - [MESSAGE][PASSED] - Object '' is present

2020-10-27 16:25:48 - [MESSAGE][PASSED] - Object: '' is focused

2020-10-27 16:25:48 - [MESSAGE][PASSED] - Verify Title "SLIK Gateway Non Customer" Exists

2020-10-27 16:25:48 - [TEST_STEP][PASSED] - Verify Title "Check SLIK" Exists: Verify Title "Check SLIK" Exists

2020-10-27 16:25:48 - [MESSAGE][PASSED] - Object '' is present

2020-10-27 16:25:48 - [MESSAGE][PASSED] - Object: '' is focused

2020-10-27 16:25:48 - [MESSAGE][PASSED] - Verify Title "Check SLIK" Exists

2020-10-27 16:25:48 - [TEST_STEP][PASSED] - Verify Contents of Check SLIK Label in SLIK Gateway Non Customer Menu Exist: Verify Contents of Check SLIK Label in SLIK Gateway Non Customer Menu Exist

2020-10-27 16:25:49 - [MESSAGE][PASSED] - Object '' is present

2020-10-27 16:25:49 - [MESSAGE][PASSED] - Object: '' is focused

2020-10-27 16:25:50 - [MESSAGE][PASSED] - Object '' is present

2020-10-27 16:25:50 - [MESSAGE][PASSED] - Object: '' is focused

2020-10-27 16:25:51 - [MESSAGE][PASSED] - Object '' is present

2020-10-27 16:25:51 - [MESSAGE][PASSED] - Object: '' is focused

2020-10-27 16:25:51 - [MESSAGE][PASSED] - Object '' is present

2020-10-27 16:25:52 - [MESSAGE][PASSED] - Object: '' is focused

2020-10-27 16:25:52 - [MESSAGE][PASSED] - Object '' is present

2020-10-27 16:25:52 - [MESSAGE][PASSED] - Object: '' is focused

2020-10-27 16:25:53 - [MESSAGE][PASSED] - Object '' is present

2020-10-27 16:25:53 - [MESSAGE][PASSED] - Object: '' is focused

2020-10-27 16:25:53 - [MESSAGE][PASSED] - Object '' is present

2020-10-27 16:25:54 - [MESSAGE][PASSED] - Object: '' is focused

2020-10-27 16:25:54 - [MESSAGE][PASSED] - Object '' is present

2020-10-27 16:25:54 - [MESSAGE][PASSED] - Object: '' is focused

2020-10-27 16:25:56 - [MESSAGE][PASSED] - Object '' is present

2020-10-27 16:25:59 - [MESSAGE][PASSED] - Object: '' is focused

2020-10-27 16:25:59 - [MESSAGE][PASSED] - Object '' is present

2020-10-27 16:26:00 - [MESSAGE][PASSED] - Object: '' is focused

2020-10-27 16:26:00 - [MESSAGE][PASSED] - Object '' is present

2020-10-27 16:26:00 - [MESSAGE][PASSED] - Object: '' is focused

2020-10-27 16:26:01 - [MESSAGE][PASSED] - Object '' is present

2020-10-27 16:26:01 - [MESSAGE][PASSED] - Object: '' is focused

2020-10-27 16:26:01 - [MESSAGE][PASSED] - Object '' is present

2020-10-27 16:26:01 - [MESSAGE][PASSED] - Object: '' is focused

2020-10-27 16:26:02 - [MESSAGE][PASSED] - Object '' is present

2020-10-27 16:26:02 - [MESSAGE][PASSED] - Object: '' is focused

2020-10-27 16:26:02 - [MESSAGE][PASSED] - Object '' is present

2020-10-27 16:26:03 - [MESSAGE][PASSED] - Object: '' is focused

2020-10-27 16:26:03 - [MESSAGE][PASSED] - Object '' is present

2020-10-27 16:26:03 - [MESSAGE][PASSED] - Object: '' is focused

2020-10-27 16:26:03 - [MESSAGE][PASSED] - Object '' is present

2020-10-27 16:26:04 - [MESSAGE][PASSED] - Object: '' is focused

2020-10-27 16:26:04 - [MESSAGE][PASSED] - Object '' is present

2020-10-27 16:26:05 - [MESSAGE][PASSED] - Object: '' is focused

2020-10-27 16:26:05 - [MESSAGE][PASSED] - Object '' is present

2020-10-27 16:26:08 - [MESSAGE][PASSED] - Delayed 3 second(s)

2020-10-27 16:26:08 - [MESSAGE][PASSED] - Object: '' is focused

2020-10-27 16:26:11 - [MESSAGE][PASSED] - Delayed 3 second(s)

2020-10-27 16:26:12 - [MESSAGE][PASSED] - Object '' is present

2020-10-27 16:26:12 - [MESSAGE][PASSED] - Object: '' is focused

2020-10-27 16:26:12 - [MESSAGE][PASSED] - Object '' is present

2020-10-27 16:26:13 - [MESSAGE][PASSED] - Object: '' is focused

2020-10-27 16:26:13 - [MESSAGE][PASSED] - Object '' is present

2020-10-27 16:26:13 - [MESSAGE][PASSED] - Object: '' is focused

2020-10-27 16:26:13 - [MESSAGE][PASSED] - Verify Contents of Check SLIK Label in SLIK Gateway Non Customer Menu Exist

2020-10-27 16:26:13 - [TEST_STEP][PASSED] - Verify Title "Search Result" Exists: Verify Title "Search Result" Exists

2020-10-27 16:26:14 - [MESSAGE][PASSED] - Object '' is present

2020-10-27 16:26:14 - [MESSAGE][PASSED] - Object: '' is focused

2020-10-27 16:26:14 - [MESSAGE][PASSED] - Verify Title "Search Result" Exists

2020-10-27 16:26:14 - [TEST_STEP][PASSED] - Verify Contents of Search Result: Verify Contents of Search Result

2020-10-27 16:26:14 - [MESSAGE][PASSED] - Object '' is present

2020-10-27 16:26:15 - [MESSAGE][PASSED] - Object: '' is focused

2020-10-27 16:26:15 - [MESSAGE][PASSED] - Object '' is present

2020-10-27 16:26:16 - [MESSAGE][PASSED] - Object: '' is focused

2020-10-27 16:26:16 - [MESSAGE][PASSED] - Object '' is present

2020-10-27 16:26:16 - [MESSAGE][PASSED] - Object: '' is focused

2020-10-27 16:26:17 - [MESSAGE][PASSED] - Object '' is present

2020-10-27 16:26:17 - [MESSAGE][PASSED] - Object: '' is focused

2020-10-27 16:26:17 - [MESSAGE][PASSED] - Object '' is present

2020-10-27 16:26:18 - [MESSAGE][PASSED] - Object: '' is focused

2020-10-27 16:26:18 - [MESSAGE][PASSED] - Object '' is present

2020-10-27 16:26:19 - [MESSAGE][PASSED] - Object: '' is focused

2020-10-27 16:26:19 - [MESSAGE][PASSED] - Object '' is present

2020-10-27 16:26:19 - [MESSAGE][PASSED] - Object: '' is focused

2020-10-27 16:26:20 - [MESSAGE][PASSED] - Object '' is present

2020-10-27 16:26:20 - [MESSAGE][PASSED] - Object: '' is focused

2020-10-27 16:26:20 - [MESSAGE][PASSED] - Object '' is present

2020-10-27 16:26:21 - [MESSAGE][PASSED] - Object: '' is focused

2020-10-27 16:26:21 - [MESSAGE][PASSED] - Verify Contents of Search Result

2020-10-27 16:26:21 - [TEST_STEP][PASSED] - Click button "Logout": Click button "Logout"

2020-10-27 16:26:21 - [MESSAGE][INFO] - >>>>>//Button[contains(text(),'Logout')]

2020-10-27 16:26:25 - [MESSAGE][PASSED] - Object: '' is clicked on

2020-10-27 16:26:25 - [MESSAGE][PASSED] - Click button "Logout"

2020-10-27 16:26:25 - [TEST_STEP][PASSED] - Close browser: Close browser

2020-10-27 16:26:25 - [MESSAGE][PASSED] - Browser is closed

2020-10-27 16:26:25 - [MESSAGE][PASSED] - Close browser

2020-10-27 16:26:25 - [MESSAGE][PASSED] - Feature file: 'Include/features/IST_Real/SLIK/SLIK Gateway Non Customer/Open_Menu_SLIK_Gateway_Non_Customer.feature' was passed]]></system-out>
         <system-err><![CDATA[]]></system-err>
      </testcase>
      <testcase name="Test Cases/IST_Real/SLIK/SLIK_Gateway_Non_Customer/SLIK Gateway Non Customer Checking" time="80.296" classname="Test Cases/IST_Real/SLIK/SLIK_Gateway_Non_Customer/SLIK Gateway Non Customer Checking" status="PASSED">
         <system-out><![CDATA[2020-10-27 16:26:25 - [TEST_CASE][PASSED] - Test Cases/IST_Real/SLIK/SLIK_Gateway_Non_Customer/SLIK Gateway Non Customer Checking: Test Cases/IST_Real/SLIK/SLIK_Gateway_Non_Customer/SLIK Gateway Non Customer Checking

2020-10-27 16:26:25 - [TEST_STEP][PASSED] - runFeatureFile("Include/features/IST_Real/SLIK/SLIK Gateway Non Customer/SLIK Gateway Non Customer Checking.feature"): Feature file: 'Include/features/IST_Real/SLIK/SLIK Gateway Non Customer/SLIK Gateway Non Customer Checking.feature' was passed

2020-10-27 16:26:25 - [MESSAGE][INFO] - Starting run keyword runFeatureFile: 'Include/features/IST_Real/SLIK/SLIK Gateway Non Customer/SLIK Gateway Non Customer Checking.feature' and extract report to folder: '/Users/chaidir.pratama01/Katalon Studio/IST_Automation_Git/Reports/20201027_162530/SLIK/TS_SLIK_Gateway_Non_Customer/20201027_162530/cucumber_report/1603790785408'...

2020-10-27 16:26:25 - [TEST_CASE][PASSED] - Start Test Case : SCENARIO SLIK Gateway Non Customer Checking: SCENARIO SLIK Gateway Non Customer Checking

2020-10-27 16:26:25 - [TEST_STEP][PASSED] - Go to ISTools: Go to ISTools

2020-10-27 16:26:25 - [MESSAGE][INFO] - Starting 'Chrome' driver

2020-10-27 16:26:25 - [MESSAGE][INFO] - User set preference: ['AcceptInsecureCerts', 'true']

2020-10-27 16:26:25 - [MESSAGE][INFO] - User set preference: ['args', '[ignore-certificate-errors]']

2020-10-27 16:26:25 - [MESSAGE][INFO] - Action delay is set to 0 milliseconds

2020-10-27 16:26:26 - [MESSAGE][PASSED] - Browser is opened with url: ''

2020-10-27 16:26:33 - [MESSAGE][PASSED] - Navigate to 'https://id-ist01preprod.id.nonprod/ist/' successfully

2020-10-27 16:26:33 - [MESSAGE][PASSED] - Go to ISTools

2020-10-27 16:26:33 - [TEST_STEP][PASSED] - Login IST with valid credentials: Login IST with valid credentials

2020-10-27 16:26:34 - [MESSAGE][PASSED] - Text 'mobile.test' is set on object 'Object Repository/Page_/input_Username_j_username'

2020-10-27 16:26:35 - [MESSAGE][PASSED] - Text ****** has been set on object 'Object Repository/Page_/input_Password_j_password'

2020-10-27 16:26:35 - [MESSAGE][PASSED] - Object: 'Object Repository/Page_/button_Login' is clicked on

2020-10-27 16:26:35 - [MESSAGE][PASSED] - Login IST with valid credentials

2020-10-27 16:26:35 - [TEST_STEP][PASSED] - Login Success for contract dispatcher: Login Success for contract dispatcher

2020-10-27 16:26:35 - [MESSAGE][INFO] - Login Success

2020-10-27 16:26:36 - [MESSAGE][PASSED] - Current window maximized

2020-10-27 16:26:36 - [MESSAGE][PASSED] - Object 'Object Repository/Page_/h1_Welcome to IT Supporting Tools' is present

2020-10-27 16:26:36 - [MESSAGE][PASSED] - Login Success for contract dispatcher

2020-10-27 16:26:36 - [TEST_STEP][PASSED] - Select Menu SLIK Gateway NonCustomer: Select Menu SLIK Gateway NonCustomer

2020-10-27 16:26:36 - [MESSAGE][PASSED] - Object '' is present

2020-10-27 16:26:37 - [MESSAGE][PASSED] - Object: '' is clicked on

2020-10-27 16:26:37 - [MESSAGE][PASSED] - Wait for page load successfully

2020-10-27 16:26:37 - [MESSAGE][PASSED] - Select Menu SLIK Gateway NonCustomer

2020-10-27 16:26:37 - [TEST_STEP][PASSED] - Input Data KTP Number: Input Data KTP Number

2020-10-27 16:26:38 - [MESSAGE][PASSED] - Text '8888888888888888' is set on object ''

2020-10-27 16:26:38 - [MESSAGE][PASSED] - Input Data KTP Number

2020-10-27 16:26:38 - [TEST_STEP][PASSED] - Input Data "Name *" with value "OPEX TestingAuto" for Check SLIK: Input Data "Name *" with value "OPEX TestingAuto" for Check SLIK

2020-10-27 16:26:39 - [MESSAGE][PASSED] - Taking screenshot successfully
[[ATTACHMENT|/Users/chaidir.pratama01/Documents/Docs/Katalon Studio/Screenshot/slik.png]]

2020-10-27 16:26:39 - [MESSAGE][PASSED] - Object '' is visible

2020-10-27 16:26:40 - [MESSAGE][PASSED] - Object: '' is focused

2020-10-27 16:26:40 - [MESSAGE][PASSED] - Text 'OPEX TestingAuto' is set on object ''

2020-10-27 16:26:40 - [MESSAGE][PASSED] - Input Data "Name *" with value "OPEX TestingAuto" for Check SLIK

2020-10-27 16:26:40 - [TEST_STEP][PASSED] - Input Date of Birth "20-02-1990": Input Date of Birth "20-02-1990"

2020-10-27 16:26:41 - [MESSAGE][PASSED] - Text '20-02-1990' is set on object ''

2020-10-27 16:26:44 - [MESSAGE][PASSED] - Delayed 3 second(s)

2020-10-27 16:26:44 - [MESSAGE][PASSED] - Input Date of Birth "20-02-1990"

2020-10-27 16:26:44 - [TEST_STEP][PASSED] - Select Gender "Laki-laki": Select Gender "Laki-laki"

2020-10-27 16:26:44 - [MESSAGE][PASSED] - Object: '' is clicked on

2020-10-27 16:26:44 - [MESSAGE][PASSED] - Select Gender "Laki-laki"

2020-10-27 16:26:44 - [TEST_STEP][PASSED] - Select Purpose is "Penilaian Calon Kemitraan": Select Purpose is "Penilaian Calon Kemitraan"

2020-10-27 16:26:45 - [MESSAGE][PASSED] - All options with value 'Penilaian Calon Kemitraan' are selected in object ''  using regular expression

2020-10-27 16:26:45 - [MESSAGE][PASSED] - Select Purpose is "Penilaian Calon Kemitraan"

2020-10-27 16:26:45 - [TEST_STEP][PASSED] - Input Data "Place of Birth" with value "Jakarta" for Check SLIK: Input Data "Place of Birth" with value "Jakarta" for Check SLIK

2020-10-27 16:26:46 - [MESSAGE][PASSED] - Taking screenshot successfully
[[ATTACHMENT|/Users/chaidir.pratama01/Documents/Docs/Katalon Studio/Screenshot/slik.png]]

2020-10-27 16:26:46 - [MESSAGE][PASSED] - Object '' is visible

2020-10-27 16:26:47 - [MESSAGE][PASSED] - Object: '' is focused

2020-10-27 16:26:47 - [MESSAGE][PASSED] - Text 'Jakarta' is set on object ''

2020-10-27 16:26:47 - [MESSAGE][PASSED] - Input Data "Place of Birth" with value "Jakarta" for Check SLIK

2020-10-27 16:26:47 - [TEST_STEP][PASSED] - Input Data "Mother Maternity Name" with value "Tester Auto" for Check SLIK: Input Data "Mother Maternity Name" with value "Tester Auto" for Check SLIK

2020-10-27 16:26:48 - [MESSAGE][PASSED] - Taking screenshot successfully
[[ATTACHMENT|/Users/chaidir.pratama01/Documents/Docs/Katalon Studio/Screenshot/slik.png]]

2020-10-27 16:26:48 - [MESSAGE][PASSED] - Object '' is visible

2020-10-27 16:26:49 - [MESSAGE][PASSED] - Object: '' is focused

2020-10-27 16:26:49 - [MESSAGE][PASSED] - Text 'Tester Auto' is set on object ''

2020-10-27 16:26:49 - [MESSAGE][PASSED] - Input Data "Mother Maternity Name" with value "Tester Auto" for Check SLIK

2020-10-27 16:26:49 - [TEST_STEP][PASSED] - Input KTP Address "TESTING AUTO JAKARTA": Input KTP Address "TESTING AUTO JAKARTA"

2020-10-27 16:26:50 - [MESSAGE][PASSED] - Text 'TESTING AUTO JAKARTA' is set on object ''

2020-10-27 16:26:50 - [MESSAGE][PASSED] - Input KTP Address "TESTING AUTO JAKARTA"

2020-10-27 16:26:50 - [TEST_STEP][PASSED] - Click button "Upload": Click button "Upload"

2020-10-27 16:26:50 - [MESSAGE][INFO] - >>>>>//Button[contains(text(),'Upload')]

2020-10-27 16:26:55 - [MESSAGE][PASSED] - Object: '' is clicked on

2020-10-27 16:26:55 - [MESSAGE][PASSED] - Click button "Upload"

2020-10-27 16:26:55 - [TEST_STEP][PASSED] - Upload file "new_captcha1500.png": Upload file "new_captcha1500.png"

2020-10-27 16:26:55 - [MESSAGE][PASSED] - Switched to window with index: '0'

2020-10-27 16:27:10 - [MESSAGE][PASSED] - Upload file "new_captcha1500.png"

2020-10-27 16:27:10 - [TEST_STEP][PASSED] - Click button "Check SLIK": Click button "Check SLIK"

2020-10-27 16:27:10 - [MESSAGE][INFO] - >>>>>//Button[contains(text(),'Check SLIK')]

2020-10-27 16:27:13 - [MESSAGE][PASSED] - Object: '' is clicked on

2020-10-27 16:27:13 - [MESSAGE][PASSED] - Click button "Check SLIK"

2020-10-27 16:27:13 - [TEST_STEP][PASSED] - Get text from pop up "Confirmation Submit Request" with text "Are you sure to submit this data ?": Get text from pop up "Confirmation Submit Request" with text "Are you sure to submit this data ?"

2020-10-27 16:27:14 - [MESSAGE][PASSED] - Taking screenshot successfully
[[ATTACHMENT|/Users/chaidir.pratama01/Documents/Docs/Katalon Studio/Screenshot/errorpopup.png]]

2020-10-27 16:27:14 - [MESSAGE][PASSED] - Object '' is present

2020-10-27 16:27:14 - [MESSAGE][PASSED] - Wait for page load successfully

2020-10-27 16:27:14 - [MESSAGE][PASSED] - Wait for page load successfully

2020-10-27 16:27:14 - [MESSAGE][PASSED] - Get text from pop up "Confirmation Submit Request" with text "Are you sure to submit this data ?"

2020-10-27 16:27:14 - [TEST_STEP][PASSED] - Click button "Yes": Click button "Yes"

2020-10-27 16:27:14 - [MESSAGE][INFO] - >>>>>//Button[contains(text(),'Yes')]

2020-10-27 16:27:18 - [MESSAGE][PASSED] - Object: '' is clicked on

2020-10-27 16:27:18 - [MESSAGE][PASSED] - Click button "Yes"

2020-10-27 16:27:18 - [TEST_STEP][PASSED] - Verify KTP Number Request Success: Verify KTP Number Request Success

2020-10-27 16:27:38 - [MESSAGE][PASSED] - Object '' is present

2020-10-27 16:27:38 - [MESSAGE][PASSED] - Verify KTP Number Request Success

2020-10-27 16:27:38 - [TEST_STEP][PASSED] - Click button "OK": Click button "OK"

2020-10-27 16:27:38 - [MESSAGE][INFO] - >>>>>//Button[contains(text(),'OK')]

2020-10-27 16:27:41 - [MESSAGE][PASSED] - Object: '' is clicked on

2020-10-27 16:27:41 - [MESSAGE][PASSED] - Click button "OK"

2020-10-27 16:27:41 - [TEST_STEP][PASSED] - Click button "Logout": Click button "Logout"

2020-10-27 16:27:41 - [MESSAGE][INFO] - >>>>>//Button[contains(text(),'Logout')]

2020-10-27 16:27:45 - [MESSAGE][PASSED] - Object: '' is clicked on

2020-10-27 16:27:45 - [MESSAGE][PASSED] - Click button "Logout"

2020-10-27 16:27:45 - [TEST_STEP][PASSED] - Close browser: Close browser

2020-10-27 16:27:45 - [MESSAGE][PASSED] - Browser is closed

2020-10-27 16:27:45 - [MESSAGE][PASSED] - Close browser

2020-10-27 16:27:45 - [MESSAGE][PASSED] - Feature file: 'Include/features/IST_Real/SLIK/SLIK Gateway Non Customer/SLIK Gateway Non Customer Checking.feature' was passed]]></system-out>
         <system-err><![CDATA[]]></system-err>
      </testcase>
      <testcase name="Test Cases/IST_Real/SLIK/SLIK_Gateway_Non_Customer/SELECT KTP NUMBER NON CUSTOMER from DB" time="1.292" classname="Test Cases/IST_Real/SLIK/SLIK_Gateway_Non_Customer/SELECT KTP NUMBER NON CUSTOMER from DB" status="PASSED">
         <system-out><![CDATA[2020-10-27 16:27:45 - [TEST_CASE][PASSED] - Test Cases/IST_Real/SLIK/SLIK_Gateway_Non_Customer/SELECT KTP NUMBER NON CUSTOMER from DB: Test Cases/IST_Real/SLIK/SLIK_Gateway_Non_Customer/SELECT KTP NUMBER NON CUSTOMER from DB

2020-10-27 16:27:45 - [TEST_STEP][PASSED] - runFeatureFile("Include/features/IST_Real/SLIK/SLIK Gateway Non Customer/SELECT_KTP_NUMBER_NON_CUSTOMER_from_DB.feature"): Feature file: 'Include/features/IST_Real/SLIK/SLIK Gateway Non Customer/SELECT_KTP_NUMBER_NON_CUSTOMER_from_DB.feature' was passed

2020-10-27 16:27:45 - [MESSAGE][INFO] - Starting run keyword runFeatureFile: 'Include/features/IST_Real/SLIK/SLIK Gateway Non Customer/SELECT_KTP_NUMBER_NON_CUSTOMER_from_DB.feature' and extract report to folder: '/Users/chaidir.pratama01/Katalon Studio/IST_Automation_Git/Reports/20201027_162530/SLIK/TS_SLIK_Gateway_Non_Customer/20201027_162530/cucumber_report/1603790865681'...

2020-10-27 16:27:45 - [TEST_CASE][PASSED] - Start Test Case : SCENARIO SELECT KTP Number Non Customer From Table SLIK_DATA_CUSTOMER: SCENARIO SELECT KTP Number Non Customer From Table SLIK_DATA_CUSTOMER

2020-10-27 16:27:45 - [TEST_STEP][PASSED] - Connect to Database: Connect to Database

2020-10-27 16:27:46 - [MESSAGE][PASSED] - Connect to Database

2020-10-27 16:27:46 - [TEST_STEP][PASSED] - Check KTP Number Non Customer in DB: Check KTP Number Non Customer in DB

2020-10-27 16:27:46 - [MESSAGE][PASSED] - Check KTP Number Non Customer in DB

2020-10-27 16:27:46 - [MESSAGE][PASSED] - Feature file: 'Include/features/IST_Real/SLIK/SLIK Gateway Non Customer/SELECT_KTP_NUMBER_NON_CUSTOMER_from_DB.feature' was passed]]></system-out>
         <system-err><![CDATA[]]></system-err>
      </testcase>
      <testcase name="Test Cases/IST_Real/SLIK/SLIK_Gateway_Non_Customer/SLIK Gateway Non Customer Search By KTP" time="15.32" classname="Test Cases/IST_Real/SLIK/SLIK_Gateway_Non_Customer/SLIK Gateway Non Customer Search By KTP" status="PASSED">
         <system-out><![CDATA[2020-10-27 16:27:46 - [TEST_CASE][PASSED] - Test Cases/IST_Real/SLIK/SLIK_Gateway_Non_Customer/SLIK Gateway Non Customer Search By KTP: Test Cases/IST_Real/SLIK/SLIK_Gateway_Non_Customer/SLIK Gateway Non Customer Search By KTP

2020-10-27 16:27:46 - [TEST_STEP][PASSED] - runFeatureFile("Include/features/IST_Real/SLIK/SLIK Gateway Non Customer/SLIK_Gateaway_Non_Customer_Search_By_KTP.feature"): Feature file: 'Include/features/IST_Real/SLIK/SLIK Gateway Non Customer/SLIK_Gateaway_Non_Customer_Search_By_KTP.feature' was passed

2020-10-27 16:27:46 - [MESSAGE][INFO] - Starting run keyword runFeatureFile: 'Include/features/IST_Real/SLIK/SLIK Gateway Non Customer/SLIK_Gateaway_Non_Customer_Search_By_KTP.feature' and extract report to folder: '/Users/chaidir.pratama01/Katalon Studio/IST_Automation_Git/Reports/20201027_162530/SLIK/TS_SLIK_Gateway_Non_Customer/20201027_162530/cucumber_report/1603790866974'...

2020-10-27 16:27:47 - [TEST_CASE][PASSED] - Start Test Case : SCENARIO SLIK Gateway Non Customer Search Result: SCENARIO SLIK Gateway Non Customer Search Result

2020-10-27 16:27:47 - [TEST_STEP][PASSED] - Go to ISTools: Go to ISTools

2020-10-27 16:27:47 - [MESSAGE][INFO] - Starting 'Chrome' driver

2020-10-27 16:27:47 - [MESSAGE][INFO] - User set preference: ['AcceptInsecureCerts', 'true']

2020-10-27 16:27:47 - [MESSAGE][INFO] - User set preference: ['args', '[ignore-certificate-errors]']

2020-10-27 16:27:47 - [MESSAGE][INFO] - Action delay is set to 0 milliseconds

2020-10-27 16:27:48 - [MESSAGE][PASSED] - Browser is opened with url: ''

2020-10-27 16:27:49 - [MESSAGE][PASSED] - Navigate to 'https://id-ist01preprod.id.nonprod/ist/' successfully

2020-10-27 16:27:49 - [MESSAGE][PASSED] - Go to ISTools

2020-10-27 16:27:49 - [TEST_STEP][PASSED] - Login IST with valid credentials: Login IST with valid credentials

2020-10-27 16:27:50 - [MESSAGE][PASSED] - Text 'mobile.test' is set on object 'Object Repository/Page_/input_Username_j_username'

2020-10-27 16:27:50 - [MESSAGE][PASSED] - Text ****** has been set on object 'Object Repository/Page_/input_Password_j_password'

2020-10-27 16:27:51 - [MESSAGE][PASSED] - Object: 'Object Repository/Page_/button_Login' is clicked on

2020-10-27 16:27:51 - [MESSAGE][PASSED] - Login IST with valid credentials

2020-10-27 16:27:51 - [TEST_STEP][PASSED] - Login Success for contract dispatcher: Login Success for contract dispatcher

2020-10-27 16:27:51 - [MESSAGE][INFO] - Login Success

2020-10-27 16:27:51 - [MESSAGE][PASSED] - Current window maximized

2020-10-27 16:27:52 - [MESSAGE][PASSED] - Object 'Object Repository/Page_/h1_Welcome to IT Supporting Tools' is present

2020-10-27 16:27:52 - [MESSAGE][PASSED] - Login Success for contract dispatcher

2020-10-27 16:27:52 - [TEST_STEP][PASSED] - Select Menu SLIK Gateway NonCustomer: Select Menu SLIK Gateway NonCustomer

2020-10-27 16:27:52 - [MESSAGE][PASSED] - Object '' is present

2020-10-27 16:27:52 - [MESSAGE][PASSED] - Object: '' is clicked on

2020-10-27 16:27:52 - [MESSAGE][PASSED] - Wait for page load successfully

2020-10-27 16:27:52 - [MESSAGE][PASSED] - Select Menu SLIK Gateway NonCustomer

2020-10-27 16:27:52 - [TEST_STEP][PASSED] - Input Data KTP Number for Search Result: Input Data KTP Number for Search Result

2020-10-27 16:27:53 - [MESSAGE][PASSED] - Scroll to object '' successfully

2020-10-27 16:27:54 - [MESSAGE][PASSED] - Text '8888888888888888' is set on object ''

2020-10-27 16:27:54 - [MESSAGE][PASSED] - Input Data KTP Number for Search Result

2020-10-27 16:27:54 - [TEST_STEP][PASSED] - Click button "Search": Click button "Search"

2020-10-27 16:27:54 - [MESSAGE][INFO] - >>>>>//Button[contains(text(),'Search')]

2020-10-27 16:27:57 - [MESSAGE][PASSED] - Object: '' is clicked on

2020-10-27 16:27:57 - [MESSAGE][PASSED] - Click button "Search"

2020-10-27 16:27:57 - [TEST_STEP][PASSED] - Verify Search Result with KTP Number: Verify Search Result with KTP Number

2020-10-27 16:27:58 - [MESSAGE][PASSED] - Object '' is present

2020-10-27 16:27:58 - [MESSAGE][PASSED] - Verify Search Result with KTP Number

2020-10-27 16:27:58 - [TEST_STEP][PASSED] - Verify Search Result data: Verify Search Result data

2020-10-27 16:27:58 - [MESSAGE][PASSED] - Scroll to object '' successfully

2020-10-27 16:27:58 - [MESSAGE][PASSED] - Object '' is present

2020-10-27 16:27:58 - [MESSAGE][PASSED] - Verify Search Result data

2020-10-27 16:27:58 - [TEST_STEP][PASSED] - Click button "Logout": Click button "Logout"

2020-10-27 16:27:58 - [MESSAGE][INFO] - >>>>>//Button[contains(text(),'Logout')]

2020-10-27 16:28:02 - [MESSAGE][PASSED] - Object: '' is clicked on

2020-10-27 16:28:02 - [MESSAGE][PASSED] - Click button "Logout"

2020-10-27 16:28:02 - [TEST_STEP][PASSED] - Close browser: Close browser

2020-10-27 16:28:02 - [MESSAGE][PASSED] - Browser is closed

2020-10-27 16:28:02 - [MESSAGE][PASSED] - Close browser

2020-10-27 16:28:02 - [MESSAGE][PASSED] - Feature file: 'Include/features/IST_Real/SLIK/SLIK Gateway Non Customer/SLIK_Gateaway_Non_Customer_Search_By_KTP.feature' was passed]]></system-out>
         <system-err><![CDATA[]]></system-err>
      </testcase>
      <testcase name="Test Cases/IST_Real/SLIK/SLIK_Gateway_Non_Customer/SLIK Gateway Non Customer Search By Status REQUESTED" time="15.194" classname="Test Cases/IST_Real/SLIK/SLIK_Gateway_Non_Customer/SLIK Gateway Non Customer Search By Status REQUESTED" status="PASSED">
         <system-out><![CDATA[2020-10-27 16:28:02 - [TEST_CASE][PASSED] - Test Cases/IST_Real/SLIK/SLIK_Gateway_Non_Customer/SLIK Gateway Non Customer Search By Status REQUESTED: Test Cases/IST_Real/SLIK/SLIK_Gateway_Non_Customer/SLIK Gateway Non Customer Search By Status REQUESTED

2020-10-27 16:28:02 - [TEST_STEP][PASSED] - runFeatureFile("Include/features/IST_Real/SLIK/SLIK Gateway Non Customer/SLIK_Gateway_Non_Customer_Search_By_Status_REQUESTED.feature"): Feature file: 'Include/features/IST_Real/SLIK/SLIK Gateway Non Customer/SLIK_Gateway_Non_Customer_Search_By_Status_REQUESTED.feature' was passed

2020-10-27 16:28:02 - [MESSAGE][INFO] - Starting run keyword runFeatureFile: 'Include/features/IST_Real/SLIK/SLIK Gateway Non Customer/SLIK_Gateway_Non_Customer_Search_By_Status_REQUESTED.feature' and extract report to folder: '/Users/chaidir.pratama01/Katalon Studio/IST_Automation_Git/Reports/20201027_162530/SLIK/TS_SLIK_Gateway_Non_Customer/20201027_162530/cucumber_report/1603790882295'...

2020-10-27 16:28:02 - [TEST_CASE][PASSED] - Start Test Case : SCENARIO Search Result by Status: SCENARIO Search Result by Status

2020-10-27 16:28:02 - [TEST_STEP][PASSED] - Go to ISTools: Go to ISTools

2020-10-27 16:28:02 - [MESSAGE][INFO] - Starting 'Chrome' driver

2020-10-27 16:28:02 - [MESSAGE][INFO] - User set preference: ['AcceptInsecureCerts', 'true']

2020-10-27 16:28:02 - [MESSAGE][INFO] - User set preference: ['args', '[ignore-certificate-errors]']

2020-10-27 16:28:02 - [MESSAGE][INFO] - Action delay is set to 0 milliseconds

2020-10-27 16:28:03 - [MESSAGE][PASSED] - Browser is opened with url: ''

2020-10-27 16:28:04 - [MESSAGE][PASSED] - Navigate to 'https://id-ist01preprod.id.nonprod/ist/' successfully

2020-10-27 16:28:04 - [MESSAGE][PASSED] - Go to ISTools

2020-10-27 16:28:04 - [TEST_STEP][PASSED] - Login IST with valid credentials: Login IST with valid credentials

2020-10-27 16:28:05 - [MESSAGE][PASSED] - Text 'mobile.test' is set on object 'Object Repository/Page_/input_Username_j_username'

2020-10-27 16:28:05 - [MESSAGE][PASSED] - Text ****** has been set on object 'Object Repository/Page_/input_Password_j_password'

2020-10-27 16:28:06 - [MESSAGE][PASSED] - Object: 'Object Repository/Page_/button_Login' is clicked on

2020-10-27 16:28:06 - [MESSAGE][PASSED] - Login IST with valid credentials

2020-10-27 16:28:06 - [TEST_STEP][PASSED] - Login Success for contract dispatcher: Login Success for contract dispatcher

2020-10-27 16:28:06 - [MESSAGE][INFO] - Login Success

2020-10-27 16:28:06 - [MESSAGE][PASSED] - Current window maximized

2020-10-27 16:28:07 - [MESSAGE][PASSED] - Object 'Object Repository/Page_/h1_Welcome to IT Supporting Tools' is present

2020-10-27 16:28:07 - [MESSAGE][PASSED] - Login Success for contract dispatcher

2020-10-27 16:28:07 - [TEST_STEP][PASSED] - Select Menu SLIK Gateway NonCustomer: Select Menu SLIK Gateway NonCustomer

2020-10-27 16:28:07 - [MESSAGE][PASSED] - Object '' is present

2020-10-27 16:28:07 - [MESSAGE][PASSED] - Object: '' is clicked on

2020-10-27 16:28:07 - [MESSAGE][PASSED] - Wait for page load successfully

2020-10-27 16:28:07 - [MESSAGE][PASSED] - Select Menu SLIK Gateway NonCustomer

2020-10-27 16:28:07 - [TEST_STEP][PASSED] - Select Status is "REQUESTED": Select Status is "REQUESTED"

2020-10-27 16:28:08 - [MESSAGE][PASSED] - All options with value 'REQUESTED' are selected in object ''  using regular expression

2020-10-27 16:28:08 - [MESSAGE][PASSED] - Select Status is "REQUESTED"

2020-10-27 16:28:08 - [TEST_STEP][PASSED] - Click button "Search": Click button "Search"

2020-10-27 16:28:08 - [MESSAGE][INFO] - >>>>>//Button[contains(text(),'Search')]

2020-10-27 16:28:12 - [MESSAGE][PASSED] - Object: '' is clicked on

2020-10-27 16:28:12 - [MESSAGE][PASSED] - Click button "Search"

2020-10-27 16:28:12 - [TEST_STEP][PASSED] - Verify Search Result Based on Result Status: Verify Search Result Based on Result Status

2020-10-27 16:28:12 - [MESSAGE][PASSED] - Scroll to object '' successfully

2020-10-27 16:28:13 - [MESSAGE][PASSED] - Actual text and expected text of test object '' are matched.

2020-10-27 16:28:13 - [MESSAGE][PASSED] - Text of object '' is: 'REQUESTED -'

2020-10-27 16:28:13 - [MESSAGE][PASSED] - Text of object '' is: '8888888888888888'

2020-10-27 16:28:13 - [MESSAGE][PASSED] - Verify Search Result Based on Result Status

2020-10-27 16:28:13 - [TEST_STEP][PASSED] - Click button "Logout": Click button "Logout"

2020-10-27 16:28:13 - [MESSAGE][INFO] - >>>>>//Button[contains(text(),'Logout')]

2020-10-27 16:28:17 - [MESSAGE][PASSED] - Object: '' is clicked on

2020-10-27 16:28:17 - [MESSAGE][PASSED] - Click button "Logout"

2020-10-27 16:28:17 - [TEST_STEP][PASSED] - Close browser: Close browser

2020-10-27 16:28:17 - [MESSAGE][PASSED] - Browser is closed

2020-10-27 16:28:17 - [MESSAGE][PASSED] - Close browser

2020-10-27 16:28:17 - [MESSAGE][PASSED] - Feature file: 'Include/features/IST_Real/SLIK/SLIK Gateway Non Customer/SLIK_Gateway_Non_Customer_Search_By_Status_REQUESTED.feature' was passed]]></system-out>
         <system-err><![CDATA[]]></system-err>
      </testcase>
      <testcase name="Test Cases/IST_Real/SLIK/SLIK_Gateway_Non_Customer/SLIK Gateway Non Customer View Detail when Status REQUESTED" time="17.772" classname="Test Cases/IST_Real/SLIK/SLIK_Gateway_Non_Customer/SLIK Gateway Non Customer View Detail when Status REQUESTED" status="PASSED">
         <system-out><![CDATA[2020-10-27 16:28:17 - [TEST_CASE][PASSED] - Test Cases/IST_Real/SLIK/SLIK_Gateway_Non_Customer/SLIK Gateway Non Customer View Detail when Status REQUESTED: Test Cases/IST_Real/SLIK/SLIK_Gateway_Non_Customer/SLIK Gateway Non Customer View Detail when Status REQUESTED

2020-10-27 16:28:17 - [TEST_STEP][PASSED] - runFeatureFile("Include/features/IST_Real/SLIK/SLIK Gateway Non Customer/SLIK_Gateway_Non_Customer_View_Detail_when_Status_REQUESTED.feature"): Feature file: 'Include/features/IST_Real/SLIK/SLIK Gateway Non Customer/SLIK_Gateway_Non_Customer_View_Detail_when_Status_REQUESTED.feature' was passed

2020-10-27 16:28:17 - [MESSAGE][INFO] - Starting run keyword runFeatureFile: 'Include/features/IST_Real/SLIK/SLIK Gateway Non Customer/SLIK_Gateway_Non_Customer_View_Detail_when_Status_REQUESTED.feature' and extract report to folder: '/Users/chaidir.pratama01/Katalon Studio/IST_Automation_Git/Reports/20201027_162530/SLIK/TS_SLIK_Gateway_Non_Customer/20201027_162530/cucumber_report/1603790897495'...

2020-10-27 16:28:17 - [TEST_CASE][PASSED] - Start Test Case : SCENARIO SLIK Gateway Non Customer View Detail Link: SCENARIO SLIK Gateway Non Customer View Detail Link

2020-10-27 16:28:17 - [TEST_STEP][PASSED] - Go to ISTools: Go to ISTools

2020-10-27 16:28:17 - [MESSAGE][INFO] - Starting 'Chrome' driver

2020-10-27 16:28:17 - [MESSAGE][INFO] - User set preference: ['AcceptInsecureCerts', 'true']

2020-10-27 16:28:17 - [MESSAGE][INFO] - User set preference: ['args', '[ignore-certificate-errors]']

2020-10-27 16:28:17 - [MESSAGE][INFO] - Action delay is set to 0 milliseconds

2020-10-27 16:28:18 - [MESSAGE][PASSED] - Browser is opened with url: ''

2020-10-27 16:28:20 - [MESSAGE][PASSED] - Navigate to 'https://id-ist01preprod.id.nonprod/ist/' successfully

2020-10-27 16:28:20 - [MESSAGE][PASSED] - Go to ISTools

2020-10-27 16:28:20 - [TEST_STEP][PASSED] - Login IST with valid credentials: Login IST with valid credentials

2020-10-27 16:28:20 - [MESSAGE][PASSED] - Text 'mobile.test' is set on object 'Object Repository/Page_/input_Username_j_username'

2020-10-27 16:28:21 - [MESSAGE][PASSED] - Text ****** has been set on object 'Object Repository/Page_/input_Password_j_password'

2020-10-27 16:28:22 - [MESSAGE][PASSED] - Object: 'Object Repository/Page_/button_Login' is clicked on

2020-10-27 16:28:22 - [MESSAGE][PASSED] - Login IST with valid credentials

2020-10-27 16:28:22 - [TEST_STEP][PASSED] - Login Success for contract dispatcher: Login Success for contract dispatcher

2020-10-27 16:28:22 - [MESSAGE][INFO] - Login Success

2020-10-27 16:28:22 - [MESSAGE][PASSED] - Current window maximized

2020-10-27 16:28:22 - [MESSAGE][PASSED] - Object 'Object Repository/Page_/h1_Welcome to IT Supporting Tools' is present

2020-10-27 16:28:22 - [MESSAGE][PASSED] - Login Success for contract dispatcher

2020-10-27 16:28:22 - [TEST_STEP][PASSED] - Select Menu SLIK Gateway NonCustomer: Select Menu SLIK Gateway NonCustomer

2020-10-27 16:28:22 - [MESSAGE][PASSED] - Object '' is present

2020-10-27 16:28:22 - [MESSAGE][PASSED] - Object: '' is clicked on

2020-10-27 16:28:22 - [MESSAGE][PASSED] - Wait for page load successfully

2020-10-27 16:28:22 - [MESSAGE][PASSED] - Select Menu SLIK Gateway NonCustomer

2020-10-27 16:28:22 - [TEST_STEP][PASSED] - Select Status is "REQUESTED": Select Status is "REQUESTED"

2020-10-27 16:28:24 - [MESSAGE][PASSED] - All options with value 'REQUESTED' are selected in object ''  using regular expression

2020-10-27 16:28:24 - [MESSAGE][PASSED] - Select Status is "REQUESTED"

2020-10-27 16:28:24 - [TEST_STEP][PASSED] - Click button "Search": Click button "Search"

2020-10-27 16:28:24 - [MESSAGE][INFO] - >>>>>//Button[contains(text(),'Search')]

2020-10-27 16:28:27 - [MESSAGE][PASSED] - Object: '' is clicked on

2020-10-27 16:28:27 - [MESSAGE][PASSED] - Click button "Search"

2020-10-27 16:28:27 - [TEST_STEP][PASSED] - Verify Search Result Based on Result Status: Verify Search Result Based on Result Status

2020-10-27 16:28:28 - [MESSAGE][PASSED] - Scroll to object '' successfully

2020-10-27 16:28:28 - [MESSAGE][PASSED] - Actual text and expected text of test object '' are matched.

2020-10-27 16:28:28 - [MESSAGE][PASSED] - Text of object '' is: 'REQUESTED -'

2020-10-27 16:28:29 - [MESSAGE][PASSED] - Text of object '' is: '8888888888888888'

2020-10-27 16:28:29 - [MESSAGE][PASSED] - Verify Search Result Based on Result Status

2020-10-27 16:28:29 - [TEST_STEP][PASSED] - Click View Detail Link: Click View Detail Link

2020-10-27 16:28:29 - [MESSAGE][PASSED] - Web element with id: '' located by 'By.xpath: //span[text()='Search Result']/../../../following-sibling::div[@class='z-groupbox-content']/div[@class='z-grid']/div[@class='z-grid-body']/table/tbody/tr/td[7]/div/div/span' is not present after '3' second(s)

2020-10-27 16:28:29 - [MESSAGE][PASSED] - Click View Detail Link

2020-10-27 16:28:29 - [TEST_STEP][PASSED] - Take Screenshot "View_detail_NonCutomer.png": Take Screenshot "View_detail_NonCutomer.png"

2020-10-27 16:28:30 - [MESSAGE][PASSED] - Taking screenshot successfully
[[ATTACHMENT|/Users/chaidir.pratama01/Katalon Studio/IST_Automation_Git/img/View_detail_NonCutomer.png]]

2020-10-27 16:28:30 - [MESSAGE][PASSED] - Take Screenshot "View_detail_NonCutomer.png"

2020-10-27 16:28:30 - [TEST_STEP][PASSED] - Verify Slik Result Detail Link: Verify Slik Result Detail Link

2020-10-27 16:28:30 - [MESSAGE][PASSED] - Verify Slik Result Detail Link

2020-10-27 16:28:30 - [TEST_STEP][PASSED] - Click button "Logout": Click button "Logout"

2020-10-27 16:28:30 - [MESSAGE][INFO] - >>>>>//Button[contains(text(),'Logout')]

2020-10-27 16:28:35 - [MESSAGE][PASSED] - Object: '' is clicked on

2020-10-27 16:28:35 - [MESSAGE][PASSED] - Click button "Logout"

2020-10-27 16:28:35 - [TEST_STEP][PASSED] - Close browser: Close browser

2020-10-27 16:28:35 - [MESSAGE][PASSED] - Browser is closed

2020-10-27 16:28:35 - [MESSAGE][PASSED] - Close browser

2020-10-27 16:28:35 - [MESSAGE][PASSED] - Feature file: 'Include/features/IST_Real/SLIK/SLIK Gateway Non Customer/SLIK_Gateway_Non_Customer_View_Detail_when_Status_REQUESTED.feature' was passed]]></system-out>
         <system-err><![CDATA[]]></system-err>
      </testcase>
      <testcase name="Test Cases/IST_Real/SLIK/SLIK_Gateway_Approval_Non_Customer/Approve KTP Number" time="31.197" classname="Test Cases/IST_Real/SLIK/SLIK_Gateway_Approval_Non_Customer/Approve KTP Number" status="PASSED">
         <system-out><![CDATA[2020-10-27 16:28:35 - [TEST_CASE][PASSED] - Test Cases/IST_Real/SLIK/SLIK_Gateway_Approval_Non_Customer/Approve KTP Number: Test Cases/IST_Real/SLIK/SLIK_Gateway_Approval_Non_Customer/Approve KTP Number

2020-10-27 16:28:35 - [TEST_STEP][PASSED] - runFeatureFile("Include/features/IST_Real/SLIK/SLIK Gateway Approval Non Customer/Approve_KTP_Number.feature"): Feature file: 'Include/features/IST_Real/SLIK/SLIK Gateway Approval Non Customer/Approve_KTP_Number.feature' was passed

2020-10-27 16:28:35 - [MESSAGE][INFO] - Starting run keyword runFeatureFile: 'Include/features/IST_Real/SLIK/SLIK Gateway Approval Non Customer/Approve_KTP_Number.feature' and extract report to folder: '/Users/chaidir.pratama01/Katalon Studio/IST_Automation_Git/Reports/20201027_162530/SLIK/TS_SLIK_Gateway_Non_Customer/20201027_162530/cucumber_report/1603790915292'...

2020-10-27 16:28:35 - [TEST_CASE][PASSED] - Start Test Case : SCENARIO Approve KTP Number by Checker: SCENARIO Approve KTP Number by Checker

2020-10-27 16:28:35 - [TEST_STEP][PASSED] - Go to ISTools: Go to ISTools

2020-10-27 16:28:35 - [MESSAGE][INFO] - Starting 'Chrome' driver

2020-10-27 16:28:35 - [MESSAGE][INFO] - User set preference: ['AcceptInsecureCerts', 'true']

2020-10-27 16:28:35 - [MESSAGE][INFO] - User set preference: ['args', '[ignore-certificate-errors]']

2020-10-27 16:28:35 - [MESSAGE][INFO] - Action delay is set to 0 milliseconds

2020-10-27 16:28:36 - [MESSAGE][PASSED] - Browser is opened with url: ''

2020-10-27 16:28:37 - [MESSAGE][PASSED] - Navigate to 'https://id-ist01preprod.id.nonprod/ist/' successfully

2020-10-27 16:28:37 - [MESSAGE][PASSED] - Go to ISTools

2020-10-27 16:28:37 - [TEST_STEP][PASSED] - Login IST with valid credentials: Login IST with valid credentials

2020-10-27 16:28:38 - [MESSAGE][PASSED] - Text 'mobile.test' is set on object 'Object Repository/Page_/input_Username_j_username'

2020-10-27 16:28:38 - [MESSAGE][PASSED] - Text ****** has been set on object 'Object Repository/Page_/input_Password_j_password'

2020-10-27 16:28:39 - [MESSAGE][PASSED] - Object: 'Object Repository/Page_/button_Login' is clicked on

2020-10-27 16:28:39 - [MESSAGE][PASSED] - Login IST with valid credentials

2020-10-27 16:28:39 - [TEST_STEP][PASSED] - Login Success for contract dispatcher: Login Success for contract dispatcher

2020-10-27 16:28:39 - [MESSAGE][INFO] - Login Success

2020-10-27 16:28:39 - [MESSAGE][PASSED] - Current window maximized

2020-10-27 16:28:40 - [MESSAGE][PASSED] - Object 'Object Repository/Page_/h1_Welcome to IT Supporting Tools' is present

2020-10-27 16:28:40 - [MESSAGE][PASSED] - Login Success for contract dispatcher

2020-10-27 16:28:40 - [TEST_STEP][PASSED] - Select Menu "SLIK Gateway Approval Non Customer": Select Menu "SLIK Gateway Approval Non Customer"

2020-10-27 16:28:40 - [MESSAGE][PASSED] - Taking screenshot successfully
[[ATTACHMENT|/Users/chaidir.pratama01/Documents/Docs/Katalon Studio/Screenshot/test-SLIK Gateway Approval Non Customer.png]]

2020-10-27 16:28:41 - [MESSAGE][PASSED] - Object '' is present

2020-10-27 16:28:41 - [MESSAGE][PASSED] - Object: '' is clicked on

2020-10-27 16:28:41 - [MESSAGE][PASSED] - Wait for page load successfully

2020-10-27 16:28:41 - [MESSAGE][PASSED] - Select Menu "SLIK Gateway Approval Non Customer"

2020-10-27 16:28:41 - [TEST_STEP][PASSED] - Verify Table Result Exist: Verify Table Result Exist

2020-10-27 16:28:42 - [MESSAGE][PASSED] - Object '' is present

2020-10-27 16:28:42 - [MESSAGE][PASSED] - Verify Table Result Exist

2020-10-27 16:28:42 - [TEST_STEP][PASSED] - Get Data From Table: Get Data From Table

2020-10-27 16:28:42 - [MESSAGE][PASSED] - Object '' is present

2020-10-27 16:28:43 - [MESSAGE][PASSED] - Text of object '' is: '1'

2020-10-27 16:28:43 - [MESSAGE][PASSED] - Text of object '' is: '8888888888888888'

2020-10-27 16:28:44 - [MESSAGE][PASSED] - Text of object '' is: 'OPEX TestingAuto'

2020-10-27 16:28:44 - [MESSAGE][PASSED] - Text of object '' is: 'View Document'

2020-10-27 16:28:44 - [MESSAGE][PASSED] - Text of object '' is: ''

2020-10-27 16:28:44 - [MESSAGE][PASSED] - Get Data From Table

2020-10-27 16:28:44 - [TEST_STEP][PASSED] - Click Checkbox Validate: Click Checkbox Validate

2020-10-27 16:28:45 - [MESSAGE][PASSED] - Text of object '' is: '8888888888888888'

2020-10-27 16:28:45 - [MESSAGE][PASSED] - Object: '' is clicked on

2020-10-27 16:28:45 - [MESSAGE][PASSED] - Click Checkbox Validate

2020-10-27 16:28:45 - [TEST_STEP][PASSED] - Click button "Continue": Click button "Continue"

2020-10-27 16:28:45 - [MESSAGE][INFO] - >>>>>//Button[contains(text(),'Continue')]

2020-10-27 16:28:48 - [MESSAGE][PASSED] - Object: '' is clicked on

2020-10-27 16:28:48 - [MESSAGE][PASSED] - Click button "Continue"

2020-10-27 16:28:48 - [TEST_STEP][PASSED] - Click Checkbox Saya Setuju: Click Checkbox Saya Setuju

2020-10-27 16:28:49 - [MESSAGE][PASSED] - Object '' is present

2020-10-27 16:28:49 - [MESSAGE][PASSED] - Object: '' is clicked on

2020-10-27 16:28:49 - [MESSAGE][PASSED] - Click Checkbox Saya Setuju

2020-10-27 16:28:49 - [TEST_STEP][PASSED] - Click button "Check SLIK": Click button "Check SLIK"

2020-10-27 16:28:49 - [MESSAGE][INFO] - >>>>>//Button[contains(text(),'Check SLIK')]

2020-10-27 16:28:53 - [MESSAGE][PASSED] - Object: '' is clicked on

2020-10-27 16:28:53 - [MESSAGE][PASSED] - Click button "Check SLIK"

2020-10-27 16:28:53 - [TEST_STEP][PASSED] - Get text from pop up "Confirmation Approve Data" with text "Are you sure to SUBMIT this data ?": Get text from pop up "Confirmation Approve Data" with text "Are you sure to SUBMIT this data ?"

2020-10-27 16:28:54 - [MESSAGE][PASSED] - Taking screenshot successfully
[[ATTACHMENT|/Users/chaidir.pratama01/Documents/Docs/Katalon Studio/Screenshot/errorpopup.png]]

2020-10-27 16:28:54 - [MESSAGE][PASSED] - Object '' is present

2020-10-27 16:28:54 - [MESSAGE][PASSED] - Wait for page load successfully

2020-10-27 16:28:54 - [MESSAGE][PASSED] - Wait for page load successfully

2020-10-27 16:28:54 - [MESSAGE][PASSED] - Get text from pop up "Confirmation Approve Data" with text "Are you sure to SUBMIT this data ?"

2020-10-27 16:28:54 - [TEST_STEP][PASSED] - Click button "Yes": Click button "Yes"

2020-10-27 16:28:54 - [MESSAGE][INFO] - >>>>>//Button[contains(text(),'Yes')]

2020-10-27 16:28:57 - [MESSAGE][PASSED] - Object: '' is clicked on

2020-10-27 16:28:57 - [MESSAGE][PASSED] - Click button "Yes"

2020-10-27 16:28:57 - [TEST_STEP][PASSED] - Get text from pop up "IT Supporting Tools" with text "Data is processed": Get text from pop up "IT Supporting Tools" with text "Data is processed"

2020-10-27 16:28:59 - [MESSAGE][PASSED] - Taking screenshot successfully
[[ATTACHMENT|/Users/chaidir.pratama01/Documents/Docs/Katalon Studio/Screenshot/errorpopup.png]]

2020-10-27 16:28:59 - [MESSAGE][PASSED] - Object '' is present

2020-10-27 16:28:59 - [MESSAGE][PASSED] - Wait for page load successfully

2020-10-27 16:28:59 - [MESSAGE][PASSED] - Wait for page load successfully

2020-10-27 16:28:59 - [MESSAGE][PASSED] - Get text from pop up "IT Supporting Tools" with text "Data is processed"

2020-10-27 16:28:59 - [TEST_STEP][PASSED] - Click button "OK": Click button "OK"

2020-10-27 16:28:59 - [MESSAGE][INFO] - >>>>>//Button[contains(text(),'OK')]

2020-10-27 16:29:02 - [MESSAGE][PASSED] - Object: '' is clicked on

2020-10-27 16:29:02 - [MESSAGE][PASSED] - Click button "OK"

2020-10-27 16:29:02 - [TEST_STEP][PASSED] - Click button "Logout": Click button "Logout"

2020-10-27 16:29:02 - [MESSAGE][INFO] - >>>>>//Button[contains(text(),'Logout')]

2020-10-27 16:29:06 - [MESSAGE][PASSED] - Object: '' is clicked on

2020-10-27 16:29:06 - [MESSAGE][PASSED] - Click button "Logout"

2020-10-27 16:29:06 - [TEST_STEP][PASSED] - Close browser: Close browser

2020-10-27 16:29:06 - [MESSAGE][PASSED] - Browser is closed

2020-10-27 16:29:06 - [MESSAGE][PASSED] - Close browser

2020-10-27 16:29:06 - [MESSAGE][PASSED] - Feature file: 'Include/features/IST_Real/SLIK/SLIK Gateway Approval Non Customer/Approve_KTP_Number.feature' was passed]]></system-out>
         <system-err><![CDATA[]]></system-err>
      </testcase>
      <testcase name="Test Cases/IST_Real/SLIK/SLIK_Gateway_Non_Customer/SLIK Gateway Non Customer Search By Status APPROVED" time="17.126" classname="Test Cases/IST_Real/SLIK/SLIK_Gateway_Non_Customer/SLIK Gateway Non Customer Search By Status APPROVED" status="PASSED">
         <system-out><![CDATA[2020-10-27 16:29:06 - [TEST_CASE][PASSED] - Test Cases/IST_Real/SLIK/SLIK_Gateway_Non_Customer/SLIK Gateway Non Customer Search By Status APPROVED: Test Cases/IST_Real/SLIK/SLIK_Gateway_Non_Customer/SLIK Gateway Non Customer Search By Status APPROVED

2020-10-27 16:29:06 - [TEST_STEP][PASSED] - runFeatureFile("Include/features/IST_Real/SLIK/SLIK Gateway Non Customer/SLIK_Gateway_Non_Customer_Search_By_Status_APPROVED.feature"): Feature file: 'Include/features/IST_Real/SLIK/SLIK Gateway Non Customer/SLIK_Gateway_Non_Customer_Search_By_Status_APPROVED.feature' was passed

2020-10-27 16:29:06 - [MESSAGE][INFO] - Starting run keyword runFeatureFile: 'Include/features/IST_Real/SLIK/SLIK Gateway Non Customer/SLIK_Gateway_Non_Customer_Search_By_Status_APPROVED.feature' and extract report to folder: '/Users/chaidir.pratama01/Katalon Studio/IST_Automation_Git/Reports/20201027_162530/SLIK/TS_SLIK_Gateway_Non_Customer/20201027_162530/cucumber_report/1603790946500'...

2020-10-27 16:29:06 - [TEST_CASE][PASSED] - Start Test Case : SCENARIO Search Result by Status: SCENARIO Search Result by Status

2020-10-27 16:29:06 - [TEST_STEP][PASSED] - Go to ISTools: Go to ISTools

2020-10-27 16:29:06 - [MESSAGE][INFO] - Starting 'Chrome' driver

2020-10-27 16:29:06 - [MESSAGE][INFO] - User set preference: ['AcceptInsecureCerts', 'true']

2020-10-27 16:29:06 - [MESSAGE][INFO] - User set preference: ['args', '[ignore-certificate-errors]']

2020-10-27 16:29:06 - [MESSAGE][INFO] - Action delay is set to 0 milliseconds

2020-10-27 16:29:07 - [MESSAGE][PASSED] - Browser is opened with url: ''

2020-10-27 16:29:08 - [MESSAGE][PASSED] - Navigate to 'https://id-ist01preprod.id.nonprod/ist/' successfully

2020-10-27 16:29:08 - [MESSAGE][PASSED] - Go to ISTools

2020-10-27 16:29:08 - [TEST_STEP][PASSED] - Login IST with valid credentials: Login IST with valid credentials

2020-10-27 16:29:09 - [MESSAGE][PASSED] - Text 'mobile.test' is set on object 'Object Repository/Page_/input_Username_j_username'

2020-10-27 16:29:10 - [MESSAGE][PASSED] - Text ****** has been set on object 'Object Repository/Page_/input_Password_j_password'

2020-10-27 16:29:10 - [MESSAGE][PASSED] - Object: 'Object Repository/Page_/button_Login' is clicked on

2020-10-27 16:29:10 - [MESSAGE][PASSED] - Login IST with valid credentials

2020-10-27 16:29:10 - [TEST_STEP][PASSED] - Login Success for contract dispatcher: Login Success for contract dispatcher

2020-10-27 16:29:10 - [MESSAGE][INFO] - Login Success

2020-10-27 16:29:10 - [MESSAGE][PASSED] - Current window maximized

2020-10-27 16:29:11 - [MESSAGE][PASSED] - Object 'Object Repository/Page_/h1_Welcome to IT Supporting Tools' is present

2020-10-27 16:29:11 - [MESSAGE][PASSED] - Login Success for contract dispatcher

2020-10-27 16:29:11 - [TEST_STEP][PASSED] - Select Menu SLIK Gateway NonCustomer: Select Menu SLIK Gateway NonCustomer

2020-10-27 16:29:11 - [MESSAGE][PASSED] - Object '' is present

2020-10-27 16:29:11 - [MESSAGE][PASSED] - Object: '' is clicked on

2020-10-27 16:29:11 - [MESSAGE][PASSED] - Wait for page load successfully

2020-10-27 16:29:11 - [MESSAGE][PASSED] - Select Menu SLIK Gateway NonCustomer

2020-10-27 16:29:11 - [TEST_STEP][PASSED] - Select Status is "APPROVED": Select Status is "APPROVED"

2020-10-27 16:29:13 - [MESSAGE][PASSED] - All options with value 'APPROVED' are selected in object ''  using regular expression

2020-10-27 16:29:13 - [MESSAGE][PASSED] - Select Status is "APPROVED"

2020-10-27 16:29:13 - [TEST_STEP][PASSED] - Click button "Search": Click button "Search"

2020-10-27 16:29:13 - [MESSAGE][INFO] - >>>>>//Button[contains(text(),'Search')]

2020-10-27 16:29:16 - [MESSAGE][PASSED] - Object: '' is clicked on

2020-10-27 16:29:16 - [MESSAGE][PASSED] - Click button "Search"

2020-10-27 16:29:16 - [TEST_STEP][PASSED] - Verify Search Result Based on Result Status: Verify Search Result Based on Result Status

2020-10-27 16:29:17 - [MESSAGE][PASSED] - Scroll to object '' successfully

2020-10-27 16:29:18 - [MESSAGE][WARNING] - Actual text 'APPROVED -' and expected text 'APPROVED - FAILED' of test object '' are NOT matched. (Root cause: com.kms.katalon.core.exception.StepFailedException: Actual text 'APPROVED -' and expected text 'APPROVED - FAILED' of test object '' are NOT matched.
	at com.kms.katalon.core.webui.keyword.internal.WebUIKeywordMain.stepFailed(WebUIKeywordMain.groovy:64)
	at com.kms.katalon.core.webui.keyword.builtin.VerifyElementTextKeyword$_verifyElementText_closure1.doCall(VerifyElementTextKeyword.groovy:57)
	at com.kms.katalon.core.webui.keyword.builtin.VerifyElementTextKeyword$_verifyElementText_closure1.call(VerifyElementTextKeyword.groovy)
	at com.kms.katalon.core.webui.keyword.internal.WebUIKeywordMain.runKeyword(WebUIKeywordMain.groovy:20)
	at com.kms.katalon.core.webui.keyword.builtin.VerifyElementTextKeyword.verifyElementText(VerifyElementTextKeyword.groovy:72)
	at com.kms.katalon.core.webui.keyword.builtin.VerifyElementTextKeyword.execute(VerifyElementTextKeyword.groovy:40)
	at com.kms.katalon.core.keyword.internal.KeywordExecutor.executeKeywordForPlatform(KeywordExecutor.groovy:73)
	at com.kms.katalon.core.webui.keyword.WebUiBuiltInKeywords.verifyElementText(WebUiBuiltInKeywords.groovy:3673)
	at com.kms.katalon.core.webui.keyword.WebUiBuiltInKeywords$verifyElementText$21.call(Unknown Source)
	at Slik_Script.Verify_Result_Status(Slik_Script.groovy:369)
	at cucumber.runtime.Utils$1.call(Utils.java:26)
	at cucumber.runtime.Timeout.timeout(Timeout.java:16)
	at cucumber.runtime.Utils.invoke(Utils.java:20)
	at cucumber.runtime.java.JavaStepDefinition.execute(JavaStepDefinition.java:48)
	at cucumber.runtime.PickleStepDefinitionMatch.runStep(PickleStepDefinitionMatch.java:50)
	at cucumber.runner.TestStep.executeStep(TestStep.java:55)
	at cucumber.runner.TestStep.run(TestStep.java:42)
	at cucumber.runner.PickleStepTestStep.run(PickleStepTestStep.java:53)
	at cucumber.runner.TestCase.run(TestCase.java:47)
	at cucumber.runner.Runner.runPickle(Runner.java:44)
	at cucumber.runtime.Runtime.runFeature(Runtime.java:120)
	at cucumber.runtime.Runtime.run(Runtime.java:106)
	at cucumber.api.cli.Main.run(Main.java:35)
	at cucumber.api.cli.Main$run.call(Unknown Source)
	at com.kms.katalon.core.cucumber.keyword.CucumberBuiltinKeywords$_runFeatureFile_closure1.doCall(CucumberBuiltinKeywords.groovy:76)
	at com.kms.katalon.core.cucumber.keyword.CucumberBuiltinKeywords$_runFeatureFile_closure1.doCall(CucumberBuiltinKeywords.groovy)
	at com.kms.katalon.core.keyword.internal.KeywordMain.runKeyword(KeywordMain.groovy:68)
	at com.kms.katalon.core.keyword.internal.KeywordMain$runKeyword.call(Unknown Source)
	at com.kms.katalon.core.cucumber.keyword.CucumberBuiltinKeywords.runFeatureFile(CucumberBuiltinKeywords.groovy:46)
	at com.kms.katalon.core.cucumber.keyword.CucumberBuiltinKeywords$runFeatureFile$0.callStatic(Unknown Source)
	at com.kms.katalon.core.cucumber.keyword.CucumberBuiltinKeywords.runFeatureFile(CucumberBuiltinKeywords.groovy:169)
	at com.kms.katalon.core.cucumber.keyword.CucumberBuiltinKeywords$runFeatureFile.call(Unknown Source)
	at SLIK Gateway Non Customer Search By Status APPROVED.run(SLIK Gateway Non Customer Search By Status APPROVED:18)
	at com.kms.katalon.core.main.ScriptEngine.run(ScriptEngine.java:194)
	at com.kms.katalon.core.main.ScriptEngine.runScriptAsRawText(ScriptEngine.java:119)
	at com.kms.katalon.core.main.TestCaseExecutor.runScript(TestCaseExecutor.java:339)
	at com.kms.katalon.core.main.TestCaseExecutor.doExecute(TestCaseExecutor.java:330)
	at com.kms.katalon.core.main.TestCaseExecutor.processExecutionPhase(TestCaseExecutor.java:309)
	at com.kms.katalon.core.main.TestCaseExecutor.accessMainPhase(TestCaseExecutor.java:301)
	at com.kms.katalon.core.main.TestCaseExecutor.execute(TestCaseExecutor.java:235)
	at com.kms.katalon.core.main.TestSuiteExecutor.accessTestCaseMainPhase(TestSuiteExecutor.java:191)
	at com.kms.katalon.core.main.TestSuiteExecutor.accessTestSuiteMainPhase(TestSuiteExecutor.java:141)
	at com.kms.katalon.core.main.TestSuiteExecutor.execute(TestSuiteExecutor.java:90)
	at com.kms.katalon.core.main.TestCaseMain.startTestSuite(TestCaseMain.java:157)
	at com.kms.katalon.core.main.TestCaseMain$startTestSuite$0.call(Unknown Source)
	at TempTestSuite1603790730126.run(TempTestSuite1603790730126.groovy:39)
)
[[ATTACHMENT|/Users/chaidir.pratama01/Katalon Studio/IST_Automation_Git/Reports/20201027_162530/SLIK/TS_SLIK_Gateway_Non_Customer/20201027_162530/1603790957634.png]]

2020-10-27 16:29:19 - [MESSAGE][WARNING] - Actual text 'APPROVED -' and expected text 'APPROVED - SUCCESS' of test object '' are NOT matched. (Root cause: com.kms.katalon.core.exception.StepFailedException: Actual text 'APPROVED -' and expected text 'APPROVED - SUCCESS' of test object '' are NOT matched.
	at com.kms.katalon.core.webui.keyword.internal.WebUIKeywordMain.stepFailed(WebUIKeywordMain.groovy:64)
	at com.kms.katalon.core.webui.keyword.builtin.VerifyElementTextKeyword$_verifyElementText_closure1.doCall(VerifyElementTextKeyword.groovy:57)
	at com.kms.katalon.core.webui.keyword.builtin.VerifyElementTextKeyword$_verifyElementText_closure1.call(VerifyElementTextKeyword.groovy)
	at com.kms.katalon.core.webui.keyword.internal.WebUIKeywordMain.runKeyword(WebUIKeywordMain.groovy:20)
	at com.kms.katalon.core.webui.keyword.builtin.VerifyElementTextKeyword.verifyElementText(VerifyElementTextKeyword.groovy:72)
	at com.kms.katalon.core.webui.keyword.builtin.VerifyElementTextKeyword.execute(VerifyElementTextKeyword.groovy:40)
	at com.kms.katalon.core.keyword.internal.KeywordExecutor.executeKeywordForPlatform(KeywordExecutor.groovy:73)
	at com.kms.katalon.core.webui.keyword.WebUiBuiltInKeywords.verifyElementText(WebUiBuiltInKeywords.groovy:3673)
	at com.kms.katalon.core.webui.keyword.WebUiBuiltInKeywords$verifyElementText$21.call(Unknown Source)
	at Slik_Script.Verify_Result_Status(Slik_Script.groovy:369)
	at cucumber.runtime.Utils$1.call(Utils.java:26)
	at cucumber.runtime.Timeout.timeout(Timeout.java:16)
	at cucumber.runtime.Utils.invoke(Utils.java:20)
	at cucumber.runtime.java.JavaStepDefinition.execute(JavaStepDefinition.java:48)
	at cucumber.runtime.PickleStepDefinitionMatch.runStep(PickleStepDefinitionMatch.java:50)
	at cucumber.runner.TestStep.executeStep(TestStep.java:55)
	at cucumber.runner.TestStep.run(TestStep.java:42)
	at cucumber.runner.PickleStepTestStep.run(PickleStepTestStep.java:53)
	at cucumber.runner.TestCase.run(TestCase.java:47)
	at cucumber.runner.Runner.runPickle(Runner.java:44)
	at cucumber.runtime.Runtime.runFeature(Runtime.java:120)
	at cucumber.runtime.Runtime.run(Runtime.java:106)
	at cucumber.api.cli.Main.run(Main.java:35)
	at cucumber.api.cli.Main$run.call(Unknown Source)
	at com.kms.katalon.core.cucumber.keyword.CucumberBuiltinKeywords$_runFeatureFile_closure1.doCall(CucumberBuiltinKeywords.groovy:76)
	at com.kms.katalon.core.cucumber.keyword.CucumberBuiltinKeywords$_runFeatureFile_closure1.doCall(CucumberBuiltinKeywords.groovy)
	at com.kms.katalon.core.keyword.internal.KeywordMain.runKeyword(KeywordMain.groovy:68)
	at com.kms.katalon.core.keyword.internal.KeywordMain$runKeyword.call(Unknown Source)
	at com.kms.katalon.core.cucumber.keyword.CucumberBuiltinKeywords.runFeatureFile(CucumberBuiltinKeywords.groovy:46)
	at com.kms.katalon.core.cucumber.keyword.CucumberBuiltinKeywords$runFeatureFile$0.callStatic(Unknown Source)
	at com.kms.katalon.core.cucumber.keyword.CucumberBuiltinKeywords.runFeatureFile(CucumberBuiltinKeywords.groovy:169)
	at com.kms.katalon.core.cucumber.keyword.CucumberBuiltinKeywords$runFeatureFile.call(Unknown Source)
	at SLIK Gateway Non Customer Search By Status APPROVED.run(SLIK Gateway Non Customer Search By Status APPROVED:18)
	at com.kms.katalon.core.main.ScriptEngine.run(ScriptEngine.java:194)
	at com.kms.katalon.core.main.ScriptEngine.runScriptAsRawText(ScriptEngine.java:119)
	at com.kms.katalon.core.main.TestCaseExecutor.runScript(TestCaseExecutor.java:339)
	at com.kms.katalon.core.main.TestCaseExecutor.doExecute(TestCaseExecutor.java:330)
	at com.kms.katalon.core.main.TestCaseExecutor.processExecutionPhase(TestCaseExecutor.java:309)
	at com.kms.katalon.core.main.TestCaseExecutor.accessMainPhase(TestCaseExecutor.java:301)
	at com.kms.katalon.core.main.TestCaseExecutor.execute(TestCaseExecutor.java:235)
	at com.kms.katalon.core.main.TestSuiteExecutor.accessTestCaseMainPhase(TestSuiteExecutor.java:191)
	at com.kms.katalon.core.main.TestSuiteExecutor.accessTestSuiteMainPhase(TestSuiteExecutor.java:141)
	at com.kms.katalon.core.main.TestSuiteExecutor.execute(TestSuiteExecutor.java:90)
	at com.kms.katalon.core.main.TestCaseMain.startTestSuite(TestCaseMain.java:157)
	at com.kms.katalon.core.main.TestCaseMain$startTestSuite$0.call(Unknown Source)
	at TempTestSuite1603790730126.run(TempTestSuite1603790730126.groovy:39)
)
[[ATTACHMENT|/Users/chaidir.pratama01/Katalon Studio/IST_Automation_Git/Reports/20201027_162530/SLIK/TS_SLIK_Gateway_Non_Customer/20201027_162530/1603790958570.png]]

2020-10-27 16:29:19 - [MESSAGE][PASSED] - Actual text and expected text of test object '' are matched.

2020-10-27 16:29:19 - [MESSAGE][PASSED] - Text of object '' is: 'APPROVED -'

2020-10-27 16:29:19 - [MESSAGE][PASSED] - Text of object '' is: '8888888888888888'

2020-10-27 16:29:19 - [MESSAGE][PASSED] - Verify Search Result Based on Result Status

2020-10-27 16:29:19 - [TEST_STEP][PASSED] - Click button "Logout": Click button "Logout"

2020-10-27 16:29:19 - [MESSAGE][INFO] - >>>>>//Button[contains(text(),'Logout')]

2020-10-27 16:29:23 - [MESSAGE][PASSED] - Object: '' is clicked on

2020-10-27 16:29:23 - [MESSAGE][PASSED] - Click button "Logout"

2020-10-27 16:29:23 - [TEST_STEP][PASSED] - Close browser: Close browser

2020-10-27 16:29:23 - [MESSAGE][PASSED] - Browser is closed

2020-10-27 16:29:23 - [MESSAGE][PASSED] - Close browser

2020-10-27 16:29:23 - [MESSAGE][PASSED] - Feature file: 'Include/features/IST_Real/SLIK/SLIK Gateway Non Customer/SLIK_Gateway_Non_Customer_Search_By_Status_APPROVED.feature' was passed]]></system-out>
         <system-err><![CDATA[]]></system-err>
      </testcase>
      <testcase name="Test Cases/IST_Real/SLIK/SLIK_Gateway_Non_Customer/Delete KTPNumber From DB" time="1.143" classname="Test Cases/IST_Real/SLIK/SLIK_Gateway_Non_Customer/Delete KTPNumber From DB" status="PASSED">
         <system-out><![CDATA[2020-10-27 16:29:23 - [TEST_CASE][PASSED] - Test Cases/IST_Real/SLIK/SLIK_Gateway_Non_Customer/Delete KTPNumber From DB: Test Cases/IST_Real/SLIK/SLIK_Gateway_Non_Customer/Delete KTPNumber From DB

2020-10-27 16:29:23 - [TEST_STEP][PASSED] - runFeatureFile("Include/features/IST_Real/SLIK/SLIK Gateway Non Customer/Delete_KTPNumber_From_DB.feature"): Feature file: 'Include/features/IST_Real/SLIK/SLIK Gateway Non Customer/Delete_KTPNumber_From_DB.feature' was passed

2020-10-27 16:29:23 - [MESSAGE][INFO] - Starting run keyword runFeatureFile: 'Include/features/IST_Real/SLIK/SLIK Gateway Non Customer/Delete_KTPNumber_From_DB.feature' and extract report to folder: '/Users/chaidir.pratama01/Katalon Studio/IST_Automation_Git/Reports/20201027_162530/SLIK/TS_SLIK_Gateway_Non_Customer/20201027_162530/cucumber_report/1603790963593'...

2020-10-27 16:29:23 - [TEST_CASE][PASSED] - Start Test Case : SCENARIO Delete_KTPNumber_From_DB: SCENARIO Delete_KTPNumber_From_DB

2020-10-27 16:29:23 - [TEST_STEP][PASSED] - Connect to Database: Connect to Database

2020-10-27 16:29:24 - [MESSAGE][PASSED] - Connect to Database

2020-10-27 16:29:24 - [TEST_STEP][PASSED] - Delete Contract From SLIK_DATA_NonCUSTOMER: Delete Contract From SLIK_DATA_NonCUSTOMER

2020-10-27 16:29:24 - [MESSAGE][PASSED] - Delete Contract From SLIK_DATA_NonCUSTOMER

2020-10-27 16:29:24 - [MESSAGE][PASSED] - Feature file: 'Include/features/IST_Real/SLIK/SLIK Gateway Non Customer/Delete_KTPNumber_From_DB.feature' was passed]]></system-out>
         <system-err><![CDATA[]]></system-err>
      </testcase>
      <testcase name="Test Cases/IST_Real/SLIK/SLIK_Gateway_Non_Customer/SLIK Gateway Non Customer Checking" time="72.893" classname="Test Cases/IST_Real/SLIK/SLIK_Gateway_Non_Customer/SLIK Gateway Non Customer Checking" status="PASSED">
         <system-out><![CDATA[2020-10-27 16:29:24 - [TEST_CASE][PASSED] - Test Cases/IST_Real/SLIK/SLIK_Gateway_Non_Customer/SLIK Gateway Non Customer Checking: Test Cases/IST_Real/SLIK/SLIK_Gateway_Non_Customer/SLIK Gateway Non Customer Checking

2020-10-27 16:29:24 - [TEST_STEP][PASSED] - runFeatureFile("Include/features/IST_Real/SLIK/SLIK Gateway Non Customer/SLIK Gateway Non Customer Checking.feature"): Feature file: 'Include/features/IST_Real/SLIK/SLIK Gateway Non Customer/SLIK Gateway Non Customer Checking.feature' was passed

2020-10-27 16:29:24 - [MESSAGE][INFO] - Starting run keyword runFeatureFile: 'Include/features/IST_Real/SLIK/SLIK Gateway Non Customer/SLIK Gateway Non Customer Checking.feature' and extract report to folder: '/Users/chaidir.pratama01/Katalon Studio/IST_Automation_Git/Reports/20201027_162530/SLIK/TS_SLIK_Gateway_Non_Customer/20201027_162530/cucumber_report/1603790964655'...

2020-10-27 16:29:24 - [TEST_CASE][PASSED] - Start Test Case : SCENARIO SLIK Gateway Non Customer Checking: SCENARIO SLIK Gateway Non Customer Checking

2020-10-27 16:29:24 - [TEST_STEP][PASSED] - Go to ISTools: Go to ISTools

2020-10-27 16:29:24 - [MESSAGE][INFO] - Starting 'Chrome' driver

2020-10-27 16:29:24 - [MESSAGE][INFO] - User set preference: ['AcceptInsecureCerts', 'true']

2020-10-27 16:29:24 - [MESSAGE][INFO] - User set preference: ['args', '[ignore-certificate-errors]']

2020-10-27 16:29:24 - [MESSAGE][INFO] - Action delay is set to 0 milliseconds

2020-10-27 16:29:25 - [MESSAGE][PASSED] - Browser is opened with url: ''

2020-10-27 16:29:27 - [MESSAGE][PASSED] - Navigate to 'https://id-ist01preprod.id.nonprod/ist/' successfully

2020-10-27 16:29:27 - [MESSAGE][PASSED] - Go to ISTools

2020-10-27 16:29:27 - [TEST_STEP][PASSED] - Login IST with valid credentials: Login IST with valid credentials

2020-10-27 16:29:27 - [MESSAGE][PASSED] - Text 'mobile.test' is set on object 'Object Repository/Page_/input_Username_j_username'

2020-10-27 16:29:28 - [MESSAGE][PASSED] - Text ****** has been set on object 'Object Repository/Page_/input_Password_j_password'

2020-10-27 16:29:28 - [MESSAGE][PASSED] - Object: 'Object Repository/Page_/button_Login' is clicked on

2020-10-27 16:29:28 - [MESSAGE][PASSED] - Login IST with valid credentials

2020-10-27 16:29:28 - [TEST_STEP][PASSED] - Login Success for contract dispatcher: Login Success for contract dispatcher

2020-10-27 16:29:28 - [MESSAGE][INFO] - Login Success

2020-10-27 16:29:28 - [MESSAGE][PASSED] - Current window maximized

2020-10-27 16:29:29 - [MESSAGE][PASSED] - Object 'Object Repository/Page_/h1_Welcome to IT Supporting Tools' is present

2020-10-27 16:29:29 - [MESSAGE][PASSED] - Login Success for contract dispatcher

2020-10-27 16:29:29 - [TEST_STEP][PASSED] - Select Menu SLIK Gateway NonCustomer: Select Menu SLIK Gateway NonCustomer

2020-10-27 16:29:29 - [MESSAGE][PASSED] - Object '' is present

2020-10-27 16:29:29 - [MESSAGE][PASSED] - Object: '' is clicked on

2020-10-27 16:29:29 - [MESSAGE][PASSED] - Wait for page load successfully

2020-10-27 16:29:29 - [MESSAGE][PASSED] - Select Menu SLIK Gateway NonCustomer

2020-10-27 16:29:29 - [TEST_STEP][PASSED] - Input Data KTP Number: Input Data KTP Number

2020-10-27 16:29:30 - [MESSAGE][PASSED] - Text '8888888888888888' is set on object ''

2020-10-27 16:29:30 - [MESSAGE][PASSED] - Input Data KTP Number

2020-10-27 16:29:30 - [TEST_STEP][PASSED] - Input Data "Name *" with value "OPEX TestingAuto" for Check SLIK: Input Data "Name *" with value "OPEX TestingAuto" for Check SLIK

2020-10-27 16:29:31 - [MESSAGE][PASSED] - Taking screenshot successfully
[[ATTACHMENT|/Users/chaidir.pratama01/Documents/Docs/Katalon Studio/Screenshot/slik.png]]

2020-10-27 16:29:32 - [MESSAGE][PASSED] - Object '' is visible

2020-10-27 16:29:32 - [MESSAGE][PASSED] - Object: '' is focused

2020-10-27 16:29:33 - [MESSAGE][PASSED] - Text 'OPEX TestingAuto' is set on object ''

2020-10-27 16:29:33 - [MESSAGE][PASSED] - Input Data "Name *" with value "OPEX TestingAuto" for Check SLIK

2020-10-27 16:29:33 - [TEST_STEP][PASSED] - Input Date of Birth "20-02-1990": Input Date of Birth "20-02-1990"

2020-10-27 16:29:34 - [MESSAGE][PASSED] - Text '20-02-1990' is set on object ''

2020-10-27 16:29:37 - [MESSAGE][PASSED] - Delayed 3 second(s)

2020-10-27 16:29:37 - [MESSAGE][PASSED] - Input Date of Birth "20-02-1990"

2020-10-27 16:29:37 - [TEST_STEP][PASSED] - Select Gender "Laki-laki": Select Gender "Laki-laki"

2020-10-27 16:29:37 - [MESSAGE][PASSED] - Object: '' is clicked on

2020-10-27 16:29:37 - [MESSAGE][PASSED] - Select Gender "Laki-laki"

2020-10-27 16:29:37 - [TEST_STEP][PASSED] - Select Purpose is "Penilaian Calon Kemitraan": Select Purpose is "Penilaian Calon Kemitraan"

2020-10-27 16:29:38 - [MESSAGE][PASSED] - All options with value 'Penilaian Calon Kemitraan' are selected in object ''  using regular expression

2020-10-27 16:29:38 - [MESSAGE][PASSED] - Select Purpose is "Penilaian Calon Kemitraan"

2020-10-27 16:29:38 - [TEST_STEP][PASSED] - Input Data "Place of Birth" with value "Jakarta" for Check SLIK: Input Data "Place of Birth" with value "Jakarta" for Check SLIK

2020-10-27 16:29:39 - [MESSAGE][PASSED] - Taking screenshot successfully
[[ATTACHMENT|/Users/chaidir.pratama01/Documents/Docs/Katalon Studio/Screenshot/slik.png]]

2020-10-27 16:29:39 - [MESSAGE][PASSED] - Object '' is visible

2020-10-27 16:29:40 - [MESSAGE][PASSED] - Object: '' is focused

2020-10-27 16:29:40 - [MESSAGE][PASSED] - Text 'Jakarta' is set on object ''

2020-10-27 16:29:40 - [MESSAGE][PASSED] - Input Data "Place of Birth" with value "Jakarta" for Check SLIK

2020-10-27 16:29:40 - [TEST_STEP][PASSED] - Input Data "Mother Maternity Name" with value "Tester Auto" for Check SLIK: Input Data "Mother Maternity Name" with value "Tester Auto" for Check SLIK

2020-10-27 16:29:41 - [MESSAGE][PASSED] - Taking screenshot successfully
[[ATTACHMENT|/Users/chaidir.pratama01/Documents/Docs/Katalon Studio/Screenshot/slik.png]]

2020-10-27 16:29:41 - [MESSAGE][PASSED] - Object '' is visible

2020-10-27 16:29:41 - [MESSAGE][PASSED] - Object: '' is focused

2020-10-27 16:29:42 - [MESSAGE][PASSED] - Text 'Tester Auto' is set on object ''

2020-10-27 16:29:42 - [MESSAGE][PASSED] - Input Data "Mother Maternity Name" with value "Tester Auto" for Check SLIK

2020-10-27 16:29:42 - [TEST_STEP][PASSED] - Input KTP Address "TESTING AUTO JAKARTA": Input KTP Address "TESTING AUTO JAKARTA"

2020-10-27 16:29:43 - [MESSAGE][PASSED] - Text 'TESTING AUTO JAKARTA' is set on object ''

2020-10-27 16:29:43 - [MESSAGE][PASSED] - Input KTP Address "TESTING AUTO JAKARTA"

2020-10-27 16:29:43 - [TEST_STEP][PASSED] - Click button "Upload": Click button "Upload"

2020-10-27 16:29:43 - [MESSAGE][INFO] - >>>>>//Button[contains(text(),'Upload')]

2020-10-27 16:29:46 - [MESSAGE][PASSED] - Object: '' is clicked on

2020-10-27 16:29:46 - [MESSAGE][PASSED] - Click button "Upload"

2020-10-27 16:29:46 - [TEST_STEP][PASSED] - Upload file "new_captcha1500.png": Upload file "new_captcha1500.png"

2020-10-27 16:29:47 - [MESSAGE][PASSED] - Switched to window with index: '0'

2020-10-27 16:30:01 - [MESSAGE][PASSED] - Upload file "new_captcha1500.png"

2020-10-27 16:30:01 - [TEST_STEP][PASSED] - Click button "Check SLIK": Click button "Check SLIK"

2020-10-27 16:30:01 - [MESSAGE][INFO] - >>>>>//Button[contains(text(),'Check SLIK')]

2020-10-27 16:30:05 - [MESSAGE][PASSED] - Object: '' is clicked on

2020-10-27 16:30:05 - [MESSAGE][PASSED] - Click button "Check SLIK"

2020-10-27 16:30:05 - [TEST_STEP][PASSED] - Get text from pop up "Confirmation Submit Request" with text "Are you sure to submit this data ?": Get text from pop up "Confirmation Submit Request" with text "Are you sure to submit this data ?"

2020-10-27 16:30:06 - [MESSAGE][PASSED] - Taking screenshot successfully
[[ATTACHMENT|/Users/chaidir.pratama01/Documents/Docs/Katalon Studio/Screenshot/errorpopup.png]]

2020-10-27 16:30:07 - [MESSAGE][PASSED] - Object '' is present

2020-10-27 16:30:07 - [MESSAGE][PASSED] - Wait for page load successfully

2020-10-27 16:30:07 - [MESSAGE][PASSED] - Wait for page load successfully

2020-10-27 16:30:07 - [MESSAGE][PASSED] - Get text from pop up "Confirmation Submit Request" with text "Are you sure to submit this data ?"

2020-10-27 16:30:07 - [TEST_STEP][PASSED] - Click button "Yes": Click button "Yes"

2020-10-27 16:30:07 - [MESSAGE][INFO] - >>>>>//Button[contains(text(),'Yes')]

2020-10-27 16:30:10 - [MESSAGE][PASSED] - Object: '' is clicked on

2020-10-27 16:30:10 - [MESSAGE][PASSED] - Click button "Yes"

2020-10-27 16:30:10 - [TEST_STEP][PASSED] - Verify KTP Number Request Success: Verify KTP Number Request Success

2020-10-27 16:30:30 - [MESSAGE][PASSED] - Object '' is present

2020-10-27 16:30:30 - [MESSAGE][PASSED] - Verify KTP Number Request Success

2020-10-27 16:30:30 - [TEST_STEP][PASSED] - Click button "OK": Click button "OK"

2020-10-27 16:30:30 - [MESSAGE][INFO] - >>>>>//Button[contains(text(),'OK')]

2020-10-27 16:30:33 - [MESSAGE][PASSED] - Object: '' is clicked on

2020-10-27 16:30:33 - [MESSAGE][PASSED] - Click button "OK"

2020-10-27 16:30:33 - [TEST_STEP][PASSED] - Click button "Logout": Click button "Logout"

2020-10-27 16:30:33 - [MESSAGE][INFO] - >>>>>//Button[contains(text(),'Logout')]

2020-10-27 16:30:37 - [MESSAGE][PASSED] - Object: '' is clicked on

2020-10-27 16:30:37 - [MESSAGE][PASSED] - Click button "Logout"

2020-10-27 16:30:37 - [TEST_STEP][PASSED] - Close browser: Close browser

2020-10-27 16:30:37 - [MESSAGE][PASSED] - Browser is closed

2020-10-27 16:30:37 - [MESSAGE][PASSED] - Close browser

2020-10-27 16:30:37 - [MESSAGE][PASSED] - Feature file: 'Include/features/IST_Real/SLIK/SLIK Gateway Non Customer/SLIK Gateway Non Customer Checking.feature' was passed]]></system-out>
         <system-err><![CDATA[]]></system-err>
      </testcase>
      <testcase name="Test Cases/IST_Real/SLIK/SLIK_Gateway_Approval_Non_Customer/Reject KTP Number" time="23.73" classname="Test Cases/IST_Real/SLIK/SLIK_Gateway_Approval_Non_Customer/Reject KTP Number" status="PASSED">
         <system-out><![CDATA[2020-10-27 16:30:37 - [TEST_CASE][PASSED] - Test Cases/IST_Real/SLIK/SLIK_Gateway_Approval_Non_Customer/Reject KTP Number: Test Cases/IST_Real/SLIK/SLIK_Gateway_Approval_Non_Customer/Reject KTP Number

2020-10-27 16:30:37 - [TEST_STEP][PASSED] - runFeatureFile("Include/features/IST_Real/SLIK/SLIK Gateway Approval Non Customer/Reject_KTP_Number.feature"): Feature file: 'Include/features/IST_Real/SLIK/SLIK Gateway Approval Non Customer/Reject_KTP_Number.feature' was passed

2020-10-27 16:30:37 - [MESSAGE][INFO] - Starting run keyword runFeatureFile: 'Include/features/IST_Real/SLIK/SLIK Gateway Approval Non Customer/Reject_KTP_Number.feature' and extract report to folder: '/Users/chaidir.pratama01/Katalon Studio/IST_Automation_Git/Reports/20201027_162530/SLIK/TS_SLIK_Gateway_Non_Customer/20201027_162530/cucumber_report/1603791037655'...

2020-10-27 16:30:37 - [TEST_CASE][PASSED] - Start Test Case : SCENARIO Reject KTP Number by Checker: SCENARIO Reject KTP Number by Checker

2020-10-27 16:30:37 - [TEST_STEP][PASSED] - Go to ISTools: Go to ISTools

2020-10-27 16:30:37 - [MESSAGE][INFO] - Starting 'Chrome' driver

2020-10-27 16:30:37 - [MESSAGE][INFO] - User set preference: ['AcceptInsecureCerts', 'true']

2020-10-27 16:30:37 - [MESSAGE][INFO] - User set preference: ['args', '[ignore-certificate-errors]']

2020-10-27 16:30:37 - [MESSAGE][INFO] - Action delay is set to 0 milliseconds

2020-10-27 16:30:39 - [MESSAGE][PASSED] - Browser is opened with url: ''

2020-10-27 16:30:40 - [MESSAGE][PASSED] - Navigate to 'https://id-ist01preprod.id.nonprod/ist/' successfully

2020-10-27 16:30:40 - [MESSAGE][PASSED] - Go to ISTools

2020-10-27 16:30:40 - [TEST_STEP][PASSED] - Login IST with valid credentials: Login IST with valid credentials

2020-10-27 16:30:41 - [MESSAGE][PASSED] - Text 'mobile.test' is set on object 'Object Repository/Page_/input_Username_j_username'

2020-10-27 16:30:41 - [MESSAGE][PASSED] - Text ****** has been set on object 'Object Repository/Page_/input_Password_j_password'

2020-10-27 16:30:42 - [MESSAGE][PASSED] - Object: 'Object Repository/Page_/button_Login' is clicked on

2020-10-27 16:30:42 - [MESSAGE][PASSED] - Login IST with valid credentials

2020-10-27 16:30:42 - [TEST_STEP][PASSED] - Login Success for contract dispatcher: Login Success for contract dispatcher

2020-10-27 16:30:42 - [MESSAGE][INFO] - Login Success

2020-10-27 16:30:42 - [MESSAGE][PASSED] - Current window maximized

2020-10-27 16:30:42 - [MESSAGE][PASSED] - Object 'Object Repository/Page_/h1_Welcome to IT Supporting Tools' is present

2020-10-27 16:30:42 - [MESSAGE][PASSED] - Login Success for contract dispatcher

2020-10-27 16:30:42 - [TEST_STEP][PASSED] - Select Menu "SLIK Gateway Approval Non Customer": Select Menu "SLIK Gateway Approval Non Customer"

2020-10-27 16:30:43 - [MESSAGE][PASSED] - Taking screenshot successfully
[[ATTACHMENT|/Users/chaidir.pratama01/Documents/Docs/Katalon Studio/Screenshot/test-SLIK Gateway Approval Non Customer.png]]

2020-10-27 16:30:43 - [MESSAGE][PASSED] - Object '' is present

2020-10-27 16:30:44 - [MESSAGE][PASSED] - Object: '' is clicked on

2020-10-27 16:30:44 - [MESSAGE][PASSED] - Wait for page load successfully

2020-10-27 16:30:44 - [MESSAGE][PASSED] - Select Menu "SLIK Gateway Approval Non Customer"

2020-10-27 16:30:44 - [TEST_STEP][PASSED] - Verify Table Result Exist: Verify Table Result Exist

2020-10-27 16:30:45 - [MESSAGE][PASSED] - Object '' is present

2020-10-27 16:30:45 - [MESSAGE][PASSED] - Verify Table Result Exist

2020-10-27 16:30:45 - [TEST_STEP][PASSED] - Get Data From Table: Get Data From Table

2020-10-27 16:30:45 - [MESSAGE][PASSED] - Object '' is present

2020-10-27 16:30:46 - [MESSAGE][PASSED] - Text of object '' is: '1'

2020-10-27 16:30:46 - [MESSAGE][PASSED] - Text of object '' is: '8888888888888888'

2020-10-27 16:30:47 - [MESSAGE][PASSED] - Text of object '' is: 'OPEX TestingAuto'

2020-10-27 16:30:47 - [MESSAGE][PASSED] - Text of object '' is: 'View Document'

2020-10-27 16:30:47 - [MESSAGE][PASSED] - Text of object '' is: ''

2020-10-27 16:30:47 - [MESSAGE][PASSED] - Get Data From Table

2020-10-27 16:30:47 - [TEST_STEP][PASSED] - Click Checkbox Validate: Click Checkbox Validate

2020-10-27 16:30:48 - [MESSAGE][PASSED] - Text of object '' is: '8888888888888888'

2020-10-27 16:30:48 - [MESSAGE][PASSED] - Object: '' is clicked on

2020-10-27 16:30:48 - [MESSAGE][PASSED] - Click Checkbox Validate

2020-10-27 16:30:48 - [TEST_STEP][PASSED] - Click button "Reject": Click button "Reject"

2020-10-27 16:30:48 - [MESSAGE][INFO] - >>>>>//Button[contains(text(),'Reject')]

2020-10-27 16:30:51 - [MESSAGE][PASSED] - Object: '' is clicked on

2020-10-27 16:30:51 - [MESSAGE][PASSED] - Click button "Reject"

2020-10-27 16:30:51 - [TEST_STEP][PASSED] - Get text from pop up "Confirmation Submit Request" with text "Are you sure to Reject this data ?": Get text from pop up "Confirmation Submit Request" with text "Are you sure to Reject this data ?"

2020-10-27 16:30:52 - [MESSAGE][PASSED] - Taking screenshot successfully
[[ATTACHMENT|/Users/chaidir.pratama01/Documents/Docs/Katalon Studio/Screenshot/errorpopup.png]]

2020-10-27 16:30:53 - [MESSAGE][PASSED] - Object '' is present

2020-10-27 16:30:53 - [MESSAGE][PASSED] - Wait for page load successfully

2020-10-27 16:30:53 - [MESSAGE][PASSED] - Wait for page load successfully

2020-10-27 16:30:53 - [MESSAGE][PASSED] - Get text from pop up "Confirmation Submit Request" with text "Are you sure to Reject this data ?"

2020-10-27 16:30:53 - [TEST_STEP][PASSED] - Click button "Yes": Click button "Yes"

2020-10-27 16:30:53 - [MESSAGE][INFO] - >>>>>//Button[contains(text(),'Yes')]

2020-10-27 16:30:56 - [MESSAGE][PASSED] - Object: '' is clicked on

2020-10-27 16:30:56 - [MESSAGE][PASSED] - Click button "Yes"

2020-10-27 16:30:56 - [TEST_STEP][PASSED] - Get text from pop up "IT Supporting Tools" with text "1 data successfully rejected": Get text from pop up "IT Supporting Tools" with text "1 data successfully rejected"

2020-10-27 16:30:57 - [MESSAGE][PASSED] - Taking screenshot successfully
[[ATTACHMENT|/Users/chaidir.pratama01/Documents/Docs/Katalon Studio/Screenshot/errorpopup.png]]

2020-10-27 16:30:57 - [MESSAGE][PASSED] - Object '' is present

2020-10-27 16:30:57 - [MESSAGE][PASSED] - Wait for page load successfully

2020-10-27 16:30:57 - [MESSAGE][PASSED] - Wait for page load successfully

2020-10-27 16:30:57 - [MESSAGE][PASSED] - Get text from pop up "IT Supporting Tools" with text "1 data successfully rejected"

2020-10-27 16:30:57 - [TEST_STEP][PASSED] - Click button "OK": Click button "OK"

2020-10-27 16:30:57 - [MESSAGE][INFO] - >>>>>//Button[contains(text(),'OK')]

2020-10-27 16:31:01 - [MESSAGE][PASSED] - Object: '' is clicked on

2020-10-27 16:31:01 - [MESSAGE][PASSED] - Click button "OK"

2020-10-27 16:31:01 - [TEST_STEP][PASSED] - Close browser: Close browser

2020-10-27 16:31:01 - [MESSAGE][PASSED] - Browser is closed

2020-10-27 16:31:01 - [MESSAGE][PASSED] - Close browser

2020-10-27 16:31:01 - [MESSAGE][PASSED] - Feature file: 'Include/features/IST_Real/SLIK/SLIK Gateway Approval Non Customer/Reject_KTP_Number.feature' was passed]]></system-out>
         <system-err><![CDATA[]]></system-err>
      </testcase>
      <testcase name="Test Cases/IST_Real/SLIK/SLIK_Gateway_Non_Customer/SLIK Gateway Non Customer Search By Status NOT_APPROVED" time="15.706" classname="Test Cases/IST_Real/SLIK/SLIK_Gateway_Non_Customer/SLIK Gateway Non Customer Search By Status NOT_APPROVED" status="PASSED">
         <system-out><![CDATA[2020-10-27 16:31:01 - [TEST_CASE][PASSED] - Test Cases/IST_Real/SLIK/SLIK_Gateway_Non_Customer/SLIK Gateway Non Customer Search By Status NOT_APPROVED: Test Cases/IST_Real/SLIK/SLIK_Gateway_Non_Customer/SLIK Gateway Non Customer Search By Status NOT_APPROVED

2020-10-27 16:31:01 - [TEST_STEP][PASSED] - runFeatureFile("Include/features/IST_Real/SLIK/SLIK Gateway Non Customer/SLIK_Gateway_Non_Customer_Search_By_Status_NOT_APPROVED.feature"): Feature file: 'Include/features/IST_Real/SLIK/SLIK Gateway Non Customer/SLIK_Gateway_Non_Customer_Search_By_Status_NOT_APPROVED.feature' was passed

2020-10-27 16:31:01 - [MESSAGE][INFO] - Starting run keyword runFeatureFile: 'Include/features/IST_Real/SLIK/SLIK Gateway Non Customer/SLIK_Gateway_Non_Customer_Search_By_Status_NOT_APPROVED.feature' and extract report to folder: '/Users/chaidir.pratama01/Katalon Studio/IST_Automation_Git/Reports/20201027_162530/SLIK/TS_SLIK_Gateway_Non_Customer/20201027_162530/cucumber_report/1603791061368'...

2020-10-27 16:31:01 - [TEST_CASE][PASSED] - Start Test Case : SCENARIO Search Result by Status: SCENARIO Search Result by Status

2020-10-27 16:31:01 - [TEST_STEP][PASSED] - Go to ISTools: Go to ISTools

2020-10-27 16:31:01 - [MESSAGE][INFO] - Starting 'Chrome' driver

2020-10-27 16:31:01 - [MESSAGE][INFO] - User set preference: ['AcceptInsecureCerts', 'true']

2020-10-27 16:31:01 - [MESSAGE][INFO] - User set preference: ['args', '[ignore-certificate-errors]']

2020-10-27 16:31:01 - [MESSAGE][INFO] - Action delay is set to 0 milliseconds

2020-10-27 16:31:02 - [MESSAGE][PASSED] - Browser is opened with url: ''

2020-10-27 16:31:03 - [MESSAGE][PASSED] - Navigate to 'https://id-ist01preprod.id.nonprod/ist/' successfully

2020-10-27 16:31:03 - [MESSAGE][PASSED] - Go to ISTools

2020-10-27 16:31:03 - [TEST_STEP][PASSED] - Login IST with valid credentials: Login IST with valid credentials

2020-10-27 16:31:04 - [MESSAGE][PASSED] - Text 'mobile.test' is set on object 'Object Repository/Page_/input_Username_j_username'

2020-10-27 16:31:04 - [MESSAGE][PASSED] - Text ****** has been set on object 'Object Repository/Page_/input_Password_j_password'

2020-10-27 16:31:05 - [MESSAGE][PASSED] - Object: 'Object Repository/Page_/button_Login' is clicked on

2020-10-27 16:31:05 - [MESSAGE][PASSED] - Login IST with valid credentials

2020-10-27 16:31:05 - [TEST_STEP][PASSED] - Login Success for contract dispatcher: Login Success for contract dispatcher

2020-10-27 16:31:05 - [MESSAGE][INFO] - Login Success

2020-10-27 16:31:05 - [MESSAGE][PASSED] - Current window maximized

2020-10-27 16:31:06 - [MESSAGE][PASSED] - Object 'Object Repository/Page_/h1_Welcome to IT Supporting Tools' is present

2020-10-27 16:31:06 - [MESSAGE][PASSED] - Login Success for contract dispatcher

2020-10-27 16:31:06 - [TEST_STEP][PASSED] - Select Menu SLIK Gateway NonCustomer: Select Menu SLIK Gateway NonCustomer

2020-10-27 16:31:06 - [MESSAGE][PASSED] - Object '' is present

2020-10-27 16:31:06 - [MESSAGE][PASSED] - Object: '' is clicked on

2020-10-27 16:31:06 - [MESSAGE][PASSED] - Wait for page load successfully

2020-10-27 16:31:06 - [MESSAGE][PASSED] - Select Menu SLIK Gateway NonCustomer

2020-10-27 16:31:06 - [TEST_STEP][PASSED] - Select Status is "NOT_APPROVED": Select Status is "NOT_APPROVED"

2020-10-27 16:31:07 - [MESSAGE][PASSED] - All options with value 'NOT_APPROVED' are selected in object ''  using regular expression

2020-10-27 16:31:07 - [MESSAGE][PASSED] - Select Status is "NOT_APPROVED"

2020-10-27 16:31:07 - [TEST_STEP][PASSED] - Click button "Search": Click button "Search"

2020-10-27 16:31:07 - [MESSAGE][INFO] - >>>>>//Button[contains(text(),'Search')]

2020-10-27 16:31:11 - [MESSAGE][PASSED] - Object: '' is clicked on

2020-10-27 16:31:11 - [MESSAGE][PASSED] - Click button "Search"

2020-10-27 16:31:11 - [TEST_STEP][PASSED] - Verify Search Result Based on Result Status: Verify Search Result Based on Result Status

2020-10-27 16:31:11 - [MESSAGE][PASSED] - Scroll to object '' successfully

2020-10-27 16:31:12 - [MESSAGE][PASSED] - Actual text and expected text of test object '' are matched.

2020-10-27 16:31:12 - [MESSAGE][PASSED] - Text of object '' is: 'NOT_APPROVED -'

2020-10-27 16:31:12 - [MESSAGE][PASSED] - Text of object '' is: '8888888888888888'

2020-10-27 16:31:12 - [MESSAGE][PASSED] - Verify Search Result Based on Result Status

2020-10-27 16:31:12 - [TEST_STEP][PASSED] - Click button "Logout": Click button "Logout"

2020-10-27 16:31:12 - [MESSAGE][INFO] - >>>>>//Button[contains(text(),'Logout')]

2020-10-27 16:31:16 - [MESSAGE][PASSED] - Object: '' is clicked on

2020-10-27 16:31:16 - [MESSAGE][PASSED] - Click button "Logout"

2020-10-27 16:31:16 - [TEST_STEP][PASSED] - Close browser: Close browser

2020-10-27 16:31:16 - [MESSAGE][PASSED] - Browser is closed

2020-10-27 16:31:16 - [MESSAGE][PASSED] - Close browser

2020-10-27 16:31:16 - [MESSAGE][PASSED] - Feature file: 'Include/features/IST_Real/SLIK/SLIK Gateway Non Customer/SLIK_Gateway_Non_Customer_Search_By_Status_NOT_APPROVED.feature' was passed]]></system-out>
         <system-err><![CDATA[]]></system-err>
      </testcase>
      <testcase name="Test Cases/IST_Real/SLIK/SLIK_Gateway_Non_Customer/SLIK Gateway Non Customer View Detail when Status NOT_APPROVED" time="16.152" classname="Test Cases/IST_Real/SLIK/SLIK_Gateway_Non_Customer/SLIK Gateway Non Customer View Detail when Status NOT_APPROVED" status="PASSED">
         <system-out><![CDATA[2020-10-27 16:31:16 - [TEST_CASE][PASSED] - Test Cases/IST_Real/SLIK/SLIK_Gateway_Non_Customer/SLIK Gateway Non Customer View Detail when Status NOT_APPROVED: Test Cases/IST_Real/SLIK/SLIK_Gateway_Non_Customer/SLIK Gateway Non Customer View Detail when Status NOT_APPROVED

2020-10-27 16:31:17 - [TEST_STEP][PASSED] - runFeatureFile("Include/features/IST_Real/SLIK/SLIK Gateway Non Customer/SLIK_Gateway_Non_Customer_View_Detail_when_Status_NOT_APPROVED.feature"): Feature file: 'Include/features/IST_Real/SLIK/SLIK Gateway Non Customer/SLIK_Gateway_Non_Customer_View_Detail_when_Status_NOT_APPROVED.feature' was passed

2020-10-27 16:31:17 - [MESSAGE][INFO] - Starting run keyword runFeatureFile: 'Include/features/IST_Real/SLIK/SLIK Gateway Non Customer/SLIK_Gateway_Non_Customer_View_Detail_when_Status_NOT_APPROVED.feature' and extract report to folder: '/Users/chaidir.pratama01/Katalon Studio/IST_Automation_Git/Reports/20201027_162530/SLIK/TS_SLIK_Gateway_Non_Customer/20201027_162530/cucumber_report/1603791077075'...

2020-10-27 16:31:17 - [TEST_CASE][PASSED] - Start Test Case : SCENARIO SLIK Gateway Non Customer View Detail Link: SCENARIO SLIK Gateway Non Customer View Detail Link

2020-10-27 16:31:17 - [TEST_STEP][PASSED] - Go to ISTools: Go to ISTools

2020-10-27 16:31:17 - [MESSAGE][INFO] - Starting 'Chrome' driver

2020-10-27 16:31:17 - [MESSAGE][INFO] - User set preference: ['AcceptInsecureCerts', 'true']

2020-10-27 16:31:17 - [MESSAGE][INFO] - User set preference: ['args', '[ignore-certificate-errors]']

2020-10-27 16:31:17 - [MESSAGE][INFO] - Action delay is set to 0 milliseconds

2020-10-27 16:31:18 - [MESSAGE][PASSED] - Browser is opened with url: ''

2020-10-27 16:31:19 - [MESSAGE][PASSED] - Navigate to 'https://id-ist01preprod.id.nonprod/ist/' successfully

2020-10-27 16:31:19 - [MESSAGE][PASSED] - Go to ISTools

2020-10-27 16:31:19 - [TEST_STEP][PASSED] - Login IST with valid credentials: Login IST with valid credentials

2020-10-27 16:31:19 - [MESSAGE][PASSED] - Text 'mobile.test' is set on object 'Object Repository/Page_/input_Username_j_username'

2020-10-27 16:31:20 - [MESSAGE][PASSED] - Text ****** has been set on object 'Object Repository/Page_/input_Password_j_password'

2020-10-27 16:31:20 - [MESSAGE][PASSED] - Object: 'Object Repository/Page_/button_Login' is clicked on

2020-10-27 16:31:20 - [MESSAGE][PASSED] - Login IST with valid credentials

2020-10-27 16:31:20 - [TEST_STEP][PASSED] - Login Success for contract dispatcher: Login Success for contract dispatcher

2020-10-27 16:31:20 - [MESSAGE][INFO] - Login Success

2020-10-27 16:31:21 - [MESSAGE][PASSED] - Current window maximized

2020-10-27 16:31:21 - [MESSAGE][PASSED] - Object 'Object Repository/Page_/h1_Welcome to IT Supporting Tools' is present

2020-10-27 16:31:21 - [MESSAGE][PASSED] - Login Success for contract dispatcher

2020-10-27 16:31:21 - [TEST_STEP][PASSED] - Select Menu SLIK Gateway NonCustomer: Select Menu SLIK Gateway NonCustomer

2020-10-27 16:31:21 - [MESSAGE][PASSED] - Object '' is present

2020-10-27 16:31:22 - [MESSAGE][PASSED] - Object: '' is clicked on

2020-10-27 16:31:22 - [MESSAGE][PASSED] - Wait for page load successfully

2020-10-27 16:31:22 - [MESSAGE][PASSED] - Select Menu SLIK Gateway NonCustomer

2020-10-27 16:31:22 - [TEST_STEP][PASSED] - Select Status is "NOT_APPROVED": Select Status is "NOT_APPROVED"

2020-10-27 16:31:23 - [MESSAGE][PASSED] - All options with value 'NOT_APPROVED' are selected in object ''  using regular expression

2020-10-27 16:31:23 - [MESSAGE][PASSED] - Select Status is "NOT_APPROVED"

2020-10-27 16:31:23 - [TEST_STEP][PASSED] - Click button "Search": Click button "Search"

2020-10-27 16:31:23 - [MESSAGE][INFO] - >>>>>//Button[contains(text(),'Search')]

2020-10-27 16:31:26 - [MESSAGE][PASSED] - Object: '' is clicked on

2020-10-27 16:31:26 - [MESSAGE][PASSED] - Click button "Search"

2020-10-27 16:31:26 - [TEST_STEP][PASSED] - Verify Search Result Based on Result Status: Verify Search Result Based on Result Status

2020-10-27 16:31:27 - [MESSAGE][PASSED] - Scroll to object '' successfully

2020-10-27 16:31:27 - [MESSAGE][PASSED] - Actual text and expected text of test object '' are matched.

2020-10-27 16:31:28 - [MESSAGE][PASSED] - Text of object '' is: 'NOT_APPROVED -'

2020-10-27 16:31:28 - [MESSAGE][PASSED] - Text of object '' is: '8888888888888888'

2020-10-27 16:31:28 - [MESSAGE][PASSED] - Verify Search Result Based on Result Status

2020-10-27 16:31:28 - [TEST_STEP][PASSED] - Click View Detail Link: Click View Detail Link

2020-10-27 16:31:28 - [MESSAGE][PASSED] - Web element with id: '' located by 'By.xpath: //span[text()='Search Result']/../../../following-sibling::div[@class='z-groupbox-content']/div[@class='z-grid']/div[@class='z-grid-body']/table/tbody/tr/td[7]/div/div/span' is not present after '3' second(s)

2020-10-27 16:31:28 - [MESSAGE][PASSED] - Click View Detail Link

2020-10-27 16:31:28 - [TEST_STEP][PASSED] - Take Screenshot "View_detail_NonCutomer.png": Take Screenshot "View_detail_NonCutomer.png"

2020-10-27 16:31:29 - [MESSAGE][PASSED] - Taking screenshot successfully
[[ATTACHMENT|/Users/chaidir.pratama01/Katalon Studio/IST_Automation_Git/img/View_detail_NonCutomer.png]]

2020-10-27 16:31:29 - [MESSAGE][PASSED] - Take Screenshot "View_detail_NonCutomer.png"

2020-10-27 16:31:29 - [TEST_STEP][PASSED] - Verify Slik Result Detail Link: Verify Slik Result Detail Link

2020-10-27 16:31:29 - [MESSAGE][PASSED] - Verify Slik Result Detail Link

2020-10-27 16:31:29 - [TEST_STEP][PASSED] - Click button "Logout": Click button "Logout"

2020-10-27 16:31:29 - [MESSAGE][INFO] - >>>>>//Button[contains(text(),'Logout')]

2020-10-27 16:31:33 - [MESSAGE][PASSED] - Object: '' is clicked on

2020-10-27 16:31:33 - [MESSAGE][PASSED] - Click button "Logout"

2020-10-27 16:31:33 - [TEST_STEP][PASSED] - Close browser: Close browser

2020-10-27 16:31:33 - [MESSAGE][PASSED] - Browser is closed

2020-10-27 16:31:33 - [MESSAGE][PASSED] - Close browser

2020-10-27 16:31:33 - [MESSAGE][PASSED] - Feature file: 'Include/features/IST_Real/SLIK/SLIK Gateway Non Customer/SLIK_Gateway_Non_Customer_View_Detail_when_Status_NOT_APPROVED.feature' was passed]]></system-out>
         <system-err><![CDATA[]]></system-err>
      </testcase>
      <testcase name="Test Cases/IST_Real/SLIK/SLIK_Gateway_Non_Customer/SLIK Gateway Non Customer Search By DateStart DateEnd" time="16.633" classname="Test Cases/IST_Real/SLIK/SLIK_Gateway_Non_Customer/SLIK Gateway Non Customer Search By DateStart DateEnd" status="PASSED">
         <system-out><![CDATA[2020-10-27 16:31:33 - [TEST_CASE][PASSED] - Test Cases/IST_Real/SLIK/SLIK_Gateway_Non_Customer/SLIK Gateway Non Customer Search By DateStart DateEnd: Test Cases/IST_Real/SLIK/SLIK_Gateway_Non_Customer/SLIK Gateway Non Customer Search By DateStart DateEnd

2020-10-27 16:31:33 - [TEST_STEP][PASSED] - runFeatureFile("Include/features/IST_Real/SLIK/SLIK Gateway Non Customer/SLIK_Gateway_Non_Customer_Search_By_DateStart_DateEnd.feature"): Feature file: 'Include/features/IST_Real/SLIK/SLIK Gateway Non Customer/SLIK_Gateway_Non_Customer_Search_By_DateStart_DateEnd.feature' was passed

2020-10-27 16:31:33 - [MESSAGE][INFO] - Starting run keyword runFeatureFile: 'Include/features/IST_Real/SLIK/SLIK Gateway Non Customer/SLIK_Gateway_Non_Customer_Search_By_DateStart_DateEnd.feature' and extract report to folder: '/Users/chaidir.pratama01/Katalon Studio/IST_Automation_Git/Reports/20201027_162530/SLIK/TS_SLIK_Gateway_Non_Customer/20201027_162530/cucumber_report/1603791093226'...

2020-10-27 16:31:33 - [TEST_CASE][PASSED] - Start Test Case : SCENARIO Search Result by Date Start and Date End: SCENARIO Search Result by Date Start and Date End

2020-10-27 16:31:33 - [TEST_STEP][PASSED] - Go to ISTools: Go to ISTools

2020-10-27 16:31:33 - [MESSAGE][INFO] - Starting 'Chrome' driver

2020-10-27 16:31:33 - [MESSAGE][INFO] - User set preference: ['AcceptInsecureCerts', 'true']

2020-10-27 16:31:33 - [MESSAGE][INFO] - User set preference: ['args', '[ignore-certificate-errors]']

2020-10-27 16:31:33 - [MESSAGE][INFO] - Action delay is set to 0 milliseconds

2020-10-27 16:31:34 - [MESSAGE][PASSED] - Browser is opened with url: ''

2020-10-27 16:31:35 - [MESSAGE][PASSED] - Navigate to 'https://id-ist01preprod.id.nonprod/ist/' successfully

2020-10-27 16:31:35 - [MESSAGE][PASSED] - Go to ISTools

2020-10-27 16:31:35 - [TEST_STEP][PASSED] - Login IST with valid credentials: Login IST with valid credentials

2020-10-27 16:31:35 - [MESSAGE][PASSED] - Text 'mobile.test' is set on object 'Object Repository/Page_/input_Username_j_username'

2020-10-27 16:31:36 - [MESSAGE][PASSED] - Text ****** has been set on object 'Object Repository/Page_/input_Password_j_password'

2020-10-27 16:31:37 - [MESSAGE][PASSED] - Object: 'Object Repository/Page_/button_Login' is clicked on

2020-10-27 16:31:37 - [MESSAGE][PASSED] - Login IST with valid credentials

2020-10-27 16:31:37 - [TEST_STEP][PASSED] - Login Success for contract dispatcher: Login Success for contract dispatcher

2020-10-27 16:31:37 - [MESSAGE][INFO] - Login Success

2020-10-27 16:31:37 - [MESSAGE][PASSED] - Current window maximized

2020-10-27 16:31:37 - [MESSAGE][PASSED] - Object 'Object Repository/Page_/h1_Welcome to IT Supporting Tools' is present

2020-10-27 16:31:37 - [MESSAGE][PASSED] - Login Success for contract dispatcher

2020-10-27 16:31:37 - [TEST_STEP][PASSED] - Select Menu SLIK Gateway NonCustomer: Select Menu SLIK Gateway NonCustomer

2020-10-27 16:31:37 - [MESSAGE][PASSED] - Object '' is present

2020-10-27 16:31:38 - [MESSAGE][PASSED] - Object: '' is clicked on

2020-10-27 16:31:38 - [MESSAGE][PASSED] - Wait for page load successfully

2020-10-27 16:31:38 - [MESSAGE][PASSED] - Select Menu SLIK Gateway NonCustomer

2020-10-27 16:31:38 - [TEST_STEP][PASSED] - Set Start Date with value "01-10-2020" and End Date with value "30-12-2020": Set Start Date with value "01-10-2020" and End Date with value "30-12-2020"

2020-10-27 16:31:39 - [MESSAGE][PASSED] - Scroll to object '' successfully

2020-10-27 16:31:39 - [MESSAGE][PASSED] - Object '' is present

2020-10-27 16:31:40 - [MESSAGE][PASSED] - Text '01-10-2020' is set on object ''

2020-10-27 16:31:40 - [MESSAGE][PASSED] - Object '' is present

2020-10-27 16:31:41 - [MESSAGE][PASSED] - Text '30-12-2020' is set on object ''

2020-10-27 16:31:41 - [MESSAGE][PASSED] - Set Start Date with value "01-10-2020" and End Date with value "30-12-2020"

2020-10-27 16:31:41 - [TEST_STEP][PASSED] - Click button "Search": Click button "Search"

2020-10-27 16:31:41 - [MESSAGE][INFO] - >>>>>//Button[contains(text(),'Search')]

2020-10-27 16:31:44 - [MESSAGE][PASSED] - Object: '' is clicked on

2020-10-27 16:31:44 - [MESSAGE][PASSED] - Click button "Search"

2020-10-27 16:31:44 - [TEST_STEP][PASSED] - Verify Search Result Based on Created Date: Verify Search Result Based on Created Date

2020-10-27 16:31:45 - [MESSAGE][PASSED] - Object '' is present

2020-10-27 16:31:45 - [MESSAGE][PASSED] - Text of object '' is: '27 October 2020 16:30:10'

2020-10-27 16:31:45 - [MESSAGE][PASSED] - Verify Search Result Based on Created Date

2020-10-27 16:31:45 - [TEST_STEP][PASSED] - Verify Search Result Based on Result Status: Verify Search Result Based on Result Status

2020-10-27 16:31:45 - [MESSAGE][PASSED] - Scroll to object '' successfully

2020-10-27 16:31:45 - [MESSAGE][PASSED] - Text of object '' is: 'NOT_APPROVED -'

2020-10-27 16:31:46 - [MESSAGE][PASSED] - Text of object '' is: '8888888888888888'

2020-10-27 16:31:46 - [MESSAGE][PASSED] - Verify Search Result Based on Result Status

2020-10-27 16:31:46 - [TEST_STEP][PASSED] - Click button "Logout": Click button "Logout"

2020-10-27 16:31:46 - [MESSAGE][INFO] - >>>>>//Button[contains(text(),'Logout')]

2020-10-27 16:31:49 - [MESSAGE][PASSED] - Object: '' is clicked on

2020-10-27 16:31:49 - [MESSAGE][PASSED] - Click button "Logout"

2020-10-27 16:31:49 - [TEST_STEP][PASSED] - Close browser: Close browser

2020-10-27 16:31:49 - [MESSAGE][PASSED] - Browser is closed

2020-10-27 16:31:49 - [MESSAGE][PASSED] - Close browser

2020-10-27 16:31:49 - [MESSAGE][PASSED] - Feature file: 'Include/features/IST_Real/SLIK/SLIK Gateway Non Customer/SLIK_Gateway_Non_Customer_Search_By_DateStart_DateEnd.feature' was passed]]></system-out>
         <system-err><![CDATA[]]></system-err>
      </testcase>
      <testcase name="Test Cases/IST_Real/SLIK/SLIK_Gateway_Non_Customer/SLIK Gateway Non Customer Search By DateStart ONLY" time="20.838" classname="Test Cases/IST_Real/SLIK/SLIK_Gateway_Non_Customer/SLIK Gateway Non Customer Search By DateStart ONLY" status="PASSED">
         <system-out><![CDATA[2020-10-27 16:31:49 - [TEST_CASE][PASSED] - Test Cases/IST_Real/SLIK/SLIK_Gateway_Non_Customer/SLIK Gateway Non Customer Search By DateStart ONLY: Test Cases/IST_Real/SLIK/SLIK_Gateway_Non_Customer/SLIK Gateway Non Customer Search By DateStart ONLY

2020-10-27 16:31:49 - [TEST_STEP][PASSED] - runFeatureFile("Include/features/IST_Real/SLIK/SLIK Gateway Non Customer/SLIK_Gateway_Non_Customer_Search_By_DateStart_ONLY.feature"): Feature file: 'Include/features/IST_Real/SLIK/SLIK Gateway Non Customer/SLIK_Gateway_Non_Customer_Search_By_DateStart_ONLY.feature' was passed

2020-10-27 16:31:49 - [MESSAGE][INFO] - Starting run keyword runFeatureFile: 'Include/features/IST_Real/SLIK/SLIK Gateway Non Customer/SLIK_Gateway_Non_Customer_Search_By_DateStart_ONLY.feature' and extract report to folder: '/Users/chaidir.pratama01/Katalon Studio/IST_Automation_Git/Reports/20201027_162530/SLIK/TS_SLIK_Gateway_Non_Customer/20201027_162530/cucumber_report/1603791109868'...

2020-10-27 16:31:50 - [TEST_CASE][PASSED] - Start Test Case : SCENARIO Search Result by Date Start ONLY: SCENARIO Search Result by Date Start ONLY

2020-10-27 16:31:50 - [TEST_STEP][PASSED] - Go to ISTools: Go to ISTools

2020-10-27 16:31:50 - [MESSAGE][INFO] - Starting 'Chrome' driver

2020-10-27 16:31:50 - [MESSAGE][INFO] - User set preference: ['AcceptInsecureCerts', 'true']

2020-10-27 16:31:50 - [MESSAGE][INFO] - User set preference: ['args', '[ignore-certificate-errors]']

2020-10-27 16:31:50 - [MESSAGE][INFO] - Action delay is set to 0 milliseconds

2020-10-27 16:31:51 - [MESSAGE][PASSED] - Browser is opened with url: ''

2020-10-27 16:31:51 - [MESSAGE][PASSED] - Navigate to 'https://id-ist01preprod.id.nonprod/ist/' successfully

2020-10-27 16:31:51 - [MESSAGE][PASSED] - Go to ISTools

2020-10-27 16:31:51 - [TEST_STEP][PASSED] - Login IST with valid credentials: Login IST with valid credentials

2020-10-27 16:31:52 - [MESSAGE][PASSED] - Text 'mobile.test' is set on object 'Object Repository/Page_/input_Username_j_username'

2020-10-27 16:31:53 - [MESSAGE][PASSED] - Text ****** has been set on object 'Object Repository/Page_/input_Password_j_password'

2020-10-27 16:31:54 - [MESSAGE][PASSED] - Object: 'Object Repository/Page_/button_Login' is clicked on

2020-10-27 16:31:54 - [MESSAGE][PASSED] - Login IST with valid credentials

2020-10-27 16:31:54 - [TEST_STEP][PASSED] - Login Success for contract dispatcher: Login Success for contract dispatcher

2020-10-27 16:31:54 - [MESSAGE][INFO] - Login Success

2020-10-27 16:31:54 - [MESSAGE][PASSED] - Current window maximized

2020-10-27 16:31:54 - [MESSAGE][PASSED] - Object 'Object Repository/Page_/h1_Welcome to IT Supporting Tools' is present

2020-10-27 16:31:54 - [MESSAGE][PASSED] - Login Success for contract dispatcher

2020-10-27 16:31:54 - [TEST_STEP][PASSED] - Select Menu SLIK Gateway NonCustomer: Select Menu SLIK Gateway NonCustomer

2020-10-27 16:31:54 - [MESSAGE][PASSED] - Object '' is present

2020-10-27 16:31:55 - [MESSAGE][PASSED] - Object: '' is clicked on

2020-10-27 16:31:55 - [MESSAGE][PASSED] - Wait for page load successfully

2020-10-27 16:31:55 - [MESSAGE][PASSED] - Select Menu SLIK Gateway NonCustomer

2020-10-27 16:31:55 - [TEST_STEP][PASSED] - Set Start Date with value "01-10-2020" and End Date with value "": Set Start Date with value "01-10-2020" and End Date with value ""

2020-10-27 16:31:56 - [MESSAGE][PASSED] - Scroll to object '' successfully

2020-10-27 16:31:56 - [MESSAGE][PASSED] - Object '' is present

2020-10-27 16:31:56 - [MESSAGE][PASSED] - Text '01-10-2020' is set on object ''

2020-10-27 16:31:57 - [MESSAGE][PASSED] - Object '' is present

2020-10-27 16:31:58 - [MESSAGE][PASSED] - Text '' is set on object ''

2020-10-27 16:31:58 - [MESSAGE][PASSED] - Set Start Date with value "01-10-2020" and End Date with value ""

2020-10-27 16:31:58 - [TEST_STEP][PASSED] - Click button "Search": Click button "Search"

2020-10-27 16:31:58 - [MESSAGE][INFO] - >>>>>//Button[contains(text(),'Search')]

2020-10-27 16:32:01 - [MESSAGE][PASSED] - Object: '' is clicked on

2020-10-27 16:32:01 - [MESSAGE][PASSED] - Click button "Search"

2020-10-27 16:32:01 - [TEST_STEP][PASSED] - Get text from pop up "Error Message" with text "Error : End Date is mandatory !": Get text from pop up "Error Message" with text "Error : End Date is mandatory !"

2020-10-27 16:32:02 - [MESSAGE][PASSED] - Taking screenshot successfully
[[ATTACHMENT|/Users/chaidir.pratama01/Documents/Docs/Katalon Studio/Screenshot/errorpopup.png]]

2020-10-27 16:32:02 - [MESSAGE][PASSED] - Object '' is present

2020-10-27 16:32:02 - [MESSAGE][PASSED] - Wait for page load successfully

2020-10-27 16:32:02 - [MESSAGE][PASSED] - Wait for page load successfully

2020-10-27 16:32:02 - [MESSAGE][PASSED] - Get text from pop up "Error Message" with text "Error : End Date is mandatory !"

2020-10-27 16:32:02 - [TEST_STEP][PASSED] - Click button "OK": Click button "OK"

2020-10-27 16:32:02 - [MESSAGE][INFO] - >>>>>//Button[contains(text(),'OK')]

2020-10-27 16:32:06 - [MESSAGE][PASSED] - Object: '' is clicked on

2020-10-27 16:32:06 - [MESSAGE][PASSED] - Click button "OK"

2020-10-27 16:32:06 - [TEST_STEP][PASSED] - Get Error Notification "Error : End Date is mandatory !": Get Error Notification "Error : End Date is mandatory !"

2020-10-27 16:32:07 - [MESSAGE][PASSED] - Object '' is present

2020-10-27 16:32:07 - [MESSAGE][PASSED] - Get Error Notification "Error : End Date is mandatory !"

2020-10-27 16:32:07 - [TEST_STEP][PASSED] - Click button "Logout": Click button "Logout"

2020-10-27 16:32:07 - [MESSAGE][INFO] - >>>>>//Button[contains(text(),'Logout')]

2020-10-27 16:32:10 - [MESSAGE][PASSED] - Object: '' is clicked on

2020-10-27 16:32:10 - [MESSAGE][PASSED] - Click button "Logout"

2020-10-27 16:32:10 - [TEST_STEP][PASSED] - Close browser: Close browser

2020-10-27 16:32:10 - [MESSAGE][PASSED] - Browser is closed

2020-10-27 16:32:10 - [MESSAGE][PASSED] - Close browser

2020-10-27 16:32:10 - [MESSAGE][PASSED] - Feature file: 'Include/features/IST_Real/SLIK/SLIK Gateway Non Customer/SLIK_Gateway_Non_Customer_Search_By_DateStart_ONLY.feature' was passed]]></system-out>
         <system-err><![CDATA[]]></system-err>
      </testcase>
      <testcase name="Test Cases/IST_Real/SLIK/SLIK_Gateway_Non_Customer/SLIK Gateway Non Customer Search by DateEnd ONLY" time="19.875" classname="Test Cases/IST_Real/SLIK/SLIK_Gateway_Non_Customer/SLIK Gateway Non Customer Search by DateEnd ONLY" status="PASSED">
         <system-out><![CDATA[2020-10-27 16:32:10 - [TEST_CASE][PASSED] - Test Cases/IST_Real/SLIK/SLIK_Gateway_Non_Customer/SLIK Gateway Non Customer Search by DateEnd ONLY: Test Cases/IST_Real/SLIK/SLIK_Gateway_Non_Customer/SLIK Gateway Non Customer Search by DateEnd ONLY

2020-10-27 16:32:10 - [TEST_STEP][PASSED] - runFeatureFile("Include/features/IST_Real/SLIK/SLIK Gateway Non Customer/SLIK_Gateway_Non_Customer_Search_By_DateEnd_ONLY.feature"): Feature file: 'Include/features/IST_Real/SLIK/SLIK Gateway Non Customer/SLIK_Gateway_Non_Customer_Search_By_DateEnd_ONLY.feature' was passed

2020-10-27 16:32:10 - [MESSAGE][INFO] - Starting run keyword runFeatureFile: 'Include/features/IST_Real/SLIK/SLIK Gateway Non Customer/SLIK_Gateway_Non_Customer_Search_By_DateEnd_ONLY.feature' and extract report to folder: '/Users/chaidir.pratama01/Katalon Studio/IST_Automation_Git/Reports/20201027_162530/SLIK/TS_SLIK_Gateway_Non_Customer/20201027_162530/cucumber_report/1603791130709'...

2020-10-27 16:32:10 - [TEST_CASE][PASSED] - Start Test Case : SCENARIO Search Result by Date End ONLY: SCENARIO Search Result by Date End ONLY

2020-10-27 16:32:10 - [TEST_STEP][PASSED] - Go to ISTools: Go to ISTools

2020-10-27 16:32:10 - [MESSAGE][INFO] - Starting 'Chrome' driver

2020-10-27 16:32:10 - [MESSAGE][INFO] - User set preference: ['AcceptInsecureCerts', 'true']

2020-10-27 16:32:10 - [MESSAGE][INFO] - User set preference: ['args', '[ignore-certificate-errors]']

2020-10-27 16:32:10 - [MESSAGE][INFO] - Action delay is set to 0 milliseconds

2020-10-27 16:32:11 - [MESSAGE][PASSED] - Browser is opened with url: ''

2020-10-27 16:32:12 - [MESSAGE][PASSED] - Navigate to 'https://id-ist01preprod.id.nonprod/ist/' successfully

2020-10-27 16:32:12 - [MESSAGE][PASSED] - Go to ISTools

2020-10-27 16:32:12 - [TEST_STEP][PASSED] - Login IST with valid credentials: Login IST with valid credentials

2020-10-27 16:32:13 - [MESSAGE][PASSED] - Text 'mobile.test' is set on object 'Object Repository/Page_/input_Username_j_username'

2020-10-27 16:32:14 - [MESSAGE][PASSED] - Text ****** has been set on object 'Object Repository/Page_/input_Password_j_password'

2020-10-27 16:32:14 - [MESSAGE][PASSED] - Object: 'Object Repository/Page_/button_Login' is clicked on

2020-10-27 16:32:14 - [MESSAGE][PASSED] - Login IST with valid credentials

2020-10-27 16:32:14 - [TEST_STEP][PASSED] - Login Success for contract dispatcher: Login Success for contract dispatcher

2020-10-27 16:32:14 - [MESSAGE][INFO] - Login Success

2020-10-27 16:32:14 - [MESSAGE][PASSED] - Current window maximized

2020-10-27 16:32:15 - [MESSAGE][PASSED] - Object 'Object Repository/Page_/h1_Welcome to IT Supporting Tools' is present

2020-10-27 16:32:15 - [MESSAGE][PASSED] - Login Success for contract dispatcher

2020-10-27 16:32:15 - [TEST_STEP][PASSED] - Select Menu SLIK Gateway NonCustomer: Select Menu SLIK Gateway NonCustomer

2020-10-27 16:32:15 - [MESSAGE][PASSED] - Object '' is present

2020-10-27 16:32:15 - [MESSAGE][PASSED] - Object: '' is clicked on

2020-10-27 16:32:15 - [MESSAGE][PASSED] - Wait for page load successfully

2020-10-27 16:32:15 - [MESSAGE][PASSED] - Select Menu SLIK Gateway NonCustomer

2020-10-27 16:32:15 - [TEST_STEP][PASSED] - Set Start Date with value "" and End Date with value "24-10-2020": Set Start Date with value "" and End Date with value "24-10-2020"

2020-10-27 16:32:16 - [MESSAGE][PASSED] - Scroll to object '' successfully

2020-10-27 16:32:16 - [MESSAGE][PASSED] - Object '' is present

2020-10-27 16:32:17 - [MESSAGE][PASSED] - Text '' is set on object ''

2020-10-27 16:32:17 - [MESSAGE][PASSED] - Object '' is present

2020-10-27 16:32:18 - [MESSAGE][PASSED] - Text '24-10-2020' is set on object ''

2020-10-27 16:32:18 - [MESSAGE][PASSED] - Set Start Date with value "" and End Date with value "24-10-2020"

2020-10-27 16:32:18 - [TEST_STEP][PASSED] - Click button "Search": Click button "Search"

2020-10-27 16:32:18 - [MESSAGE][INFO] - >>>>>//Button[contains(text(),'Search')]

2020-10-27 16:32:21 - [MESSAGE][PASSED] - Object: '' is clicked on

2020-10-27 16:32:21 - [MESSAGE][PASSED] - Click button "Search"

2020-10-27 16:32:21 - [TEST_STEP][PASSED] - Get text from pop up "Error Message" with text "Error : Start Date is mandatory !": Get text from pop up "Error Message" with text "Error : Start Date is mandatory !"

2020-10-27 16:32:22 - [MESSAGE][PASSED] - Taking screenshot successfully
[[ATTACHMENT|/Users/chaidir.pratama01/Documents/Docs/Katalon Studio/Screenshot/errorpopup.png]]

2020-10-27 16:32:23 - [MESSAGE][PASSED] - Object '' is present

2020-10-27 16:32:23 - [MESSAGE][PASSED] - Wait for page load successfully

2020-10-27 16:32:23 - [MESSAGE][PASSED] - Wait for page load successfully

2020-10-27 16:32:23 - [MESSAGE][PASSED] - Get text from pop up "Error Message" with text "Error : Start Date is mandatory !"

2020-10-27 16:32:23 - [TEST_STEP][PASSED] - Click button "OK": Click button "OK"

2020-10-27 16:32:23 - [MESSAGE][INFO] - >>>>>//Button[contains(text(),'OK')]

2020-10-27 16:32:26 - [MESSAGE][PASSED] - Object: '' is clicked on

2020-10-27 16:32:26 - [MESSAGE][PASSED] - Click button "OK"

2020-10-27 16:32:26 - [TEST_STEP][PASSED] - Get Error Notification "Error : Start Date is mandatory !": Get Error Notification "Error : Start Date is mandatory !"

2020-10-27 16:32:26 - [MESSAGE][PASSED] - Object '' is present

2020-10-27 16:32:26 - [MESSAGE][PASSED] - Get Error Notification "Error : Start Date is mandatory !"

2020-10-27 16:32:26 - [TEST_STEP][PASSED] - Click button "Logout": Click button "Logout"

2020-10-27 16:32:26 - [MESSAGE][INFO] - >>>>>//Button[contains(text(),'Logout')]

2020-10-27 16:32:30 - [MESSAGE][PASSED] - Object: '' is clicked on

2020-10-27 16:32:30 - [MESSAGE][PASSED] - Click button "Logout"

2020-10-27 16:32:30 - [TEST_STEP][PASSED] - Close browser: Close browser

2020-10-27 16:32:30 - [MESSAGE][PASSED] - Browser is closed

2020-10-27 16:32:30 - [MESSAGE][PASSED] - Close browser

2020-10-27 16:32:30 - [MESSAGE][PASSED] - Feature file: 'Include/features/IST_Real/SLIK/SLIK Gateway Non Customer/SLIK_Gateway_Non_Customer_Search_By_DateEnd_ONLY.feature' was passed]]></system-out>
         <system-err><![CDATA[]]></system-err>
      </testcase>
      <testcase name="Test Cases/IST_Real/SLIK/SLIK_Gateway_Non_Customer/SLIK Gateway Non Customer View Detal when Status APPROVED-SUCCESS" time="21.231" classname="Test Cases/IST_Real/SLIK/SLIK_Gateway_Non_Customer/SLIK Gateway Non Customer View Detal when Status APPROVED-SUCCESS" status="PASSED">
         <system-out><![CDATA[2020-10-27 16:32:30 - [TEST_CASE][PASSED] - Test Cases/IST_Real/SLIK/SLIK_Gateway_Non_Customer/SLIK Gateway Non Customer View Detal when Status APPROVED-SUCCESS: Test Cases/IST_Real/SLIK/SLIK_Gateway_Non_Customer/SLIK Gateway Non Customer View Detal when Status APPROVED-SUCCESS

2020-10-27 16:32:30 - [TEST_STEP][PASSED] - runFeatureFile("Include/features/IST_Real/SLIK/SLIK Gateway Non Customer/SLIK_Gateway_Non_Customer_View_Detail_when_Status_APPROVED-SUCCESS.feature"): Feature file: 'Include/features/IST_Real/SLIK/SLIK Gateway Non Customer/SLIK_Gateway_Non_Customer_View_Detail_when_Status_APPROVED-SUCCESS.feature' was passed

2020-10-27 16:32:30 - [MESSAGE][INFO] - Starting run keyword runFeatureFile: 'Include/features/IST_Real/SLIK/SLIK Gateway Non Customer/SLIK_Gateway_Non_Customer_View_Detail_when_Status_APPROVED-SUCCESS.feature' and extract report to folder: '/Users/chaidir.pratama01/Katalon Studio/IST_Automation_Git/Reports/20201027_162530/SLIK/TS_SLIK_Gateway_Non_Customer/20201027_162530/cucumber_report/1603791150600'...

2020-10-27 16:32:30 - [TEST_CASE][PASSED] - Start Test Case : SCENARIO SLIK Gateway Non Customer View Detail Link: SCENARIO SLIK Gateway Non Customer View Detail Link

2020-10-27 16:32:30 - [TEST_STEP][PASSED] - Go to ISTools: Go to ISTools

2020-10-27 16:32:30 - [MESSAGE][INFO] - Starting 'Chrome' driver

2020-10-27 16:32:30 - [MESSAGE][INFO] - User set preference: ['AcceptInsecureCerts', 'true']

2020-10-27 16:32:30 - [MESSAGE][INFO] - User set preference: ['args', '[ignore-certificate-errors]']

2020-10-27 16:32:30 - [MESSAGE][INFO] - Action delay is set to 0 milliseconds

2020-10-27 16:32:31 - [MESSAGE][PASSED] - Browser is opened with url: ''

2020-10-27 16:32:32 - [MESSAGE][PASSED] - Navigate to 'https://id-ist01preprod.id.nonprod/ist/' successfully

2020-10-27 16:32:32 - [MESSAGE][PASSED] - Go to ISTools

2020-10-27 16:32:32 - [TEST_STEP][PASSED] - Login IST with valid credentials: Login IST with valid credentials

2020-10-27 16:32:33 - [MESSAGE][PASSED] - Text 'mobile.test' is set on object 'Object Repository/Page_/input_Username_j_username'

2020-10-27 16:32:33 - [MESSAGE][PASSED] - Text ****** has been set on object 'Object Repository/Page_/input_Password_j_password'

2020-10-27 16:32:34 - [MESSAGE][PASSED] - Object: 'Object Repository/Page_/button_Login' is clicked on

2020-10-27 16:32:34 - [MESSAGE][PASSED] - Login IST with valid credentials

2020-10-27 16:32:34 - [TEST_STEP][PASSED] - Login Success for contract dispatcher: Login Success for contract dispatcher

2020-10-27 16:32:34 - [MESSAGE][INFO] - Login Success

2020-10-27 16:32:34 - [MESSAGE][PASSED] - Current window maximized

2020-10-27 16:32:34 - [MESSAGE][PASSED] - Object 'Object Repository/Page_/h1_Welcome to IT Supporting Tools' is present

2020-10-27 16:32:34 - [MESSAGE][PASSED] - Login Success for contract dispatcher

2020-10-27 16:32:34 - [TEST_STEP][PASSED] - Select Menu SLIK Gateway NonCustomer: Select Menu SLIK Gateway NonCustomer

2020-10-27 16:32:35 - [MESSAGE][PASSED] - Object '' is present

2020-10-27 16:32:35 - [MESSAGE][PASSED] - Object: '' is clicked on

2020-10-27 16:32:35 - [MESSAGE][PASSED] - Wait for page load successfully

2020-10-27 16:32:35 - [MESSAGE][PASSED] - Select Menu SLIK Gateway NonCustomer

2020-10-27 16:32:35 - [TEST_STEP][PASSED] - Select Status is "APPROVED": Select Status is "APPROVED"

2020-10-27 16:32:36 - [MESSAGE][PASSED] - All options with value 'APPROVED' are selected in object ''  using regular expression

2020-10-27 16:32:36 - [MESSAGE][PASSED] - Select Status is "APPROVED"

2020-10-27 16:32:36 - [TEST_STEP][PASSED] - Click button "Search": Click button "Search"

2020-10-27 16:32:36 - [MESSAGE][INFO] - >>>>>//Button[contains(text(),'Search')]

2020-10-27 16:32:40 - [MESSAGE][PASSED] - Object: '' is clicked on

2020-10-27 16:32:40 - [MESSAGE][PASSED] - Click button "Search"

2020-10-27 16:32:40 - [TEST_STEP][PASSED] - Verify Search Result Based on Result Status: Verify Search Result Based on Result Status

2020-10-27 16:32:40 - [MESSAGE][PASSED] - Scroll to object '' successfully

2020-10-27 16:32:41 - [MESSAGE][WARNING] - Actual text 'APPROVED - SUCCESS' and expected text 'APPROVED - FAILED' of test object '' are NOT matched. (Root cause: com.kms.katalon.core.exception.StepFailedException: Actual text 'APPROVED - SUCCESS' and expected text 'APPROVED - FAILED' of test object '' are NOT matched.
	at com.kms.katalon.core.webui.keyword.internal.WebUIKeywordMain.stepFailed(WebUIKeywordMain.groovy:64)
	at com.kms.katalon.core.webui.keyword.builtin.VerifyElementTextKeyword$_verifyElementText_closure1.doCall(VerifyElementTextKeyword.groovy:57)
	at com.kms.katalon.core.webui.keyword.builtin.VerifyElementTextKeyword$_verifyElementText_closure1.call(VerifyElementTextKeyword.groovy)
	at com.kms.katalon.core.webui.keyword.internal.WebUIKeywordMain.runKeyword(WebUIKeywordMain.groovy:20)
	at com.kms.katalon.core.webui.keyword.builtin.VerifyElementTextKeyword.verifyElementText(VerifyElementTextKeyword.groovy:72)
	at com.kms.katalon.core.webui.keyword.builtin.VerifyElementTextKeyword.execute(VerifyElementTextKeyword.groovy:40)
	at com.kms.katalon.core.keyword.internal.KeywordExecutor.executeKeywordForPlatform(KeywordExecutor.groovy:73)
	at com.kms.katalon.core.webui.keyword.WebUiBuiltInKeywords.verifyElementText(WebUiBuiltInKeywords.groovy:3673)
	at com.kms.katalon.core.webui.keyword.WebUiBuiltInKeywords$verifyElementText$21.call(Unknown Source)
	at Slik_Script.Verify_Result_Status(Slik_Script.groovy:369)
	at cucumber.runtime.Utils$1.call(Utils.java:26)
	at cucumber.runtime.Timeout.timeout(Timeout.java:16)
	at cucumber.runtime.Utils.invoke(Utils.java:20)
	at cucumber.runtime.java.JavaStepDefinition.execute(JavaStepDefinition.java:48)
	at cucumber.runtime.PickleStepDefinitionMatch.runStep(PickleStepDefinitionMatch.java:50)
	at cucumber.runner.TestStep.executeStep(TestStep.java:55)
	at cucumber.runner.TestStep.run(TestStep.java:42)
	at cucumber.runner.PickleStepTestStep.run(PickleStepTestStep.java:53)
	at cucumber.runner.TestCase.run(TestCase.java:47)
	at cucumber.runner.Runner.runPickle(Runner.java:44)
	at cucumber.runtime.Runtime.runFeature(Runtime.java:120)
	at cucumber.runtime.Runtime.run(Runtime.java:106)
	at cucumber.api.cli.Main.run(Main.java:35)
	at cucumber.api.cli.Main$run.call(Unknown Source)
	at com.kms.katalon.core.cucumber.keyword.CucumberBuiltinKeywords$_runFeatureFile_closure1.doCall(CucumberBuiltinKeywords.groovy:76)
	at com.kms.katalon.core.cucumber.keyword.CucumberBuiltinKeywords$_runFeatureFile_closure1.doCall(CucumberBuiltinKeywords.groovy)
	at com.kms.katalon.core.keyword.internal.KeywordMain.runKeyword(KeywordMain.groovy:68)
	at com.kms.katalon.core.keyword.internal.KeywordMain$runKeyword.call(Unknown Source)
	at com.kms.katalon.core.cucumber.keyword.CucumberBuiltinKeywords.runFeatureFile(CucumberBuiltinKeywords.groovy:46)
	at com.kms.katalon.core.cucumber.keyword.CucumberBuiltinKeywords$runFeatureFile$0.callStatic(Unknown Source)
	at com.kms.katalon.core.cucumber.keyword.CucumberBuiltinKeywords.runFeatureFile(CucumberBuiltinKeywords.groovy:169)
	at com.kms.katalon.core.cucumber.keyword.CucumberBuiltinKeywords$runFeatureFile.call(Unknown Source)
	at SLIK Gateway Non Customer View Detal when Status APPROVED-SUCCESS.run(SLIK Gateway Non Customer View Detal when Status APPROVED-SUCCESS:18)
	at com.kms.katalon.core.main.ScriptEngine.run(ScriptEngine.java:194)
	at com.kms.katalon.core.main.ScriptEngine.runScriptAsRawText(ScriptEngine.java:119)
	at com.kms.katalon.core.main.TestCaseExecutor.runScript(TestCaseExecutor.java:339)
	at com.kms.katalon.core.main.TestCaseExecutor.doExecute(TestCaseExecutor.java:330)
	at com.kms.katalon.core.main.TestCaseExecutor.processExecutionPhase(TestCaseExecutor.java:309)
	at com.kms.katalon.core.main.TestCaseExecutor.accessMainPhase(TestCaseExecutor.java:301)
	at com.kms.katalon.core.main.TestCaseExecutor.execute(TestCaseExecutor.java:235)
	at com.kms.katalon.core.main.TestSuiteExecutor.accessTestCaseMainPhase(TestSuiteExecutor.java:191)
	at com.kms.katalon.core.main.TestSuiteExecutor.accessTestSuiteMainPhase(TestSuiteExecutor.java:141)
	at com.kms.katalon.core.main.TestSuiteExecutor.execute(TestSuiteExecutor.java:90)
	at com.kms.katalon.core.main.TestCaseMain.startTestSuite(TestCaseMain.java:157)
	at com.kms.katalon.core.main.TestCaseMain$startTestSuite$0.call(Unknown Source)
	at TempTestSuite1603790730126.run(TempTestSuite1603790730126.groovy:39)
)
[[ATTACHMENT|/Users/chaidir.pratama01/Katalon Studio/IST_Automation_Git/Reports/20201027_162530/SLIK/TS_SLIK_Gateway_Non_Customer/20201027_162530/1603791161046.png]]

2020-10-27 16:32:42 - [MESSAGE][PASSED] - Actual text and expected text of test object '' are matched.

2020-10-27 16:32:42 - [MESSAGE][PASSED] - Text of object '' is: 'APPROVED - SUCCESS'

2020-10-27 16:32:42 - [MESSAGE][PASSED] - Text of object '' is: '3200000000000003'

2020-10-27 16:32:42 - [MESSAGE][PASSED] - Verify Search Result Based on Result Status

2020-10-27 16:32:42 - [TEST_STEP][PASSED] - Click View Detail Link: Click View Detail Link

2020-10-27 16:32:43 - [MESSAGE][PASSED] - Object '' is present

2020-10-27 16:32:43 - [MESSAGE][PASSED] - Object: '' is clicked on

2020-10-27 16:32:43 - [MESSAGE][PASSED] - Click View Detail Link

2020-10-27 16:32:43 - [TEST_STEP][PASSED] - Take Screenshot "View_detail_NonCutomer.png": Take Screenshot "View_detail_NonCutomer.png"

2020-10-27 16:32:44 - [MESSAGE][PASSED] - Taking screenshot successfully
[[ATTACHMENT|/Users/chaidir.pratama01/Katalon Studio/IST_Automation_Git/img/View_detail_NonCutomer.png]]

2020-10-27 16:32:44 - [MESSAGE][PASSED] - Take Screenshot "View_detail_NonCutomer.png"

2020-10-27 16:32:44 - [TEST_STEP][PASSED] - Verify Slik Result Detail Link: Verify Slik Result Detail Link

2020-10-27 16:32:45 - [MESSAGE][PASSED] - Scroll to object '' successfully

2020-10-27 16:32:45 - [MESSAGE][PASSED] - Object '' is present

2020-10-27 16:32:45 - [MESSAGE][PASSED] - Scroll to object '' successfully

2020-10-27 16:32:46 - [MESSAGE][PASSED] - Object '' is present

2020-10-27 16:32:46 - [MESSAGE][PASSED] - Scroll to object '' successfully

2020-10-27 16:32:46 - [MESSAGE][PASSED] - Object '' is present

2020-10-27 16:32:47 - [MESSAGE][PASSED] - Scroll to object '' successfully

2020-10-27 16:32:47 - [MESSAGE][PASSED] - Object '' is present

2020-10-27 16:32:47 - [MESSAGE][PASSED] - Scroll to object '' successfully

2020-10-27 16:32:48 - [MESSAGE][PASSED] - Object '' is present

2020-10-27 16:32:48 - [MESSAGE][PASSED] - Verify Slik Result Detail Link

2020-10-27 16:32:48 - [TEST_STEP][PASSED] - Click button "Logout": Click button "Logout"

2020-10-27 16:32:48 - [MESSAGE][INFO] - >>>>>//Button[contains(text(),'Logout')]

2020-10-27 16:32:51 - [MESSAGE][PASSED] - Object: '' is clicked on

2020-10-27 16:32:51 - [MESSAGE][PASSED] - Click button "Logout"

2020-10-27 16:32:51 - [TEST_STEP][PASSED] - Close browser: Close browser

2020-10-27 16:32:51 - [MESSAGE][PASSED] - Browser is closed

2020-10-27 16:32:51 - [MESSAGE][PASSED] - Close browser

2020-10-27 16:32:51 - [MESSAGE][PASSED] - Feature file: 'Include/features/IST_Real/SLIK/SLIK Gateway Non Customer/SLIK_Gateway_Non_Customer_View_Detail_when_Status_APPROVED-SUCCESS.feature' was passed]]></system-out>
         <system-err><![CDATA[]]></system-err>
      </testcase>
      <system-out><![CDATA[2020-10-27 16:25:36 - [TEST_SUITE][PASSED] - TS_SLIK_Gateway_Non_Customer: Test Cases/IST_Real/SLIK/SLIK_Gateway_Non_Customer/SLIK Gateway Non Customer View Detal when Status APPROVED-SUCCESS]]></system-out>
      <system-err><![CDATA[]]></system-err>
   </testsuite>
</testsuites>
