<?xml version="1.0" encoding="UTF-8"?>
<testsuites name="TS_RTD" time="28.747" tests="13" failures="0" errors="0">
   <testsuite name="TS_RTD" tests="13" failures="0" errors="0" time="28.747" timestamp="2020-10-26 16:24:49" hostname="chaidir.pratama01 - localhost" id="Test Suites/RTD/TS_RTD">
      <properties>
         <property name="deviceName" value=""/>
         <property name="devicePlatform" value=""/>
         <property name="logFolder" value="/Users/chaidir.pratama01/Katalon Studio/IST_Automation_Git/Reports/20201026_162442/RTD/TS_RTD/20201026_162442"/>
         <property name="logFiles" value="/Users/chaidir.pratama01/Katalon Studio/IST_Automation_Git/Reports/20201026_162442/RTD/TS_RTD/20201026_162442/execution0.log"/>
         <property name="attachments" value=""/>
         <property name="hostName" value="chaidir.pratama01 - localhost"/>
         <property name="hostAddress" value="127.0.0.1"/>
         <property name="os" value="Mac OS X 64bit"/>
         <property name="katalonVersion" value="7.6.0.${buildNumber}"/>
      </properties>
      <testcase name="Test Cases/RTD/TC_Check_MPF_Failed_Due_to_Not_Supported_Bank" time="3.238" classname="Test Cases/RTD/TC_Check_MPF_Failed_Due_to_Not_Supported_Bank" status="PASSED">
         <system-out><![CDATA[2020-10-26 16:24:49 - [TEST_CASE][PASSED] - Test Cases/RTD/TC_Check_MPF_Failed_Due_to_Not_Supported_Bank: Test Cases/RTD/TC_Check_MPF_Failed_Due_to_Not_Supported_Bank

2020-10-26 16:24:49 - [TEST_STEP][PASSED] - runFeatureFile("Include/features/IST_Real/RTD/Check_MPF_Failed_Due_to_Not_Supported_Bank.feature"): Feature file: 'Include/features/IST_Real/RTD/Check_MPF_Failed_Due_to_Not_Supported_Bank.feature' was passed

2020-10-26 16:24:49 - [MESSAGE][INFO] - Starting run keyword runFeatureFile: 'Include/features/IST_Real/RTD/Check_MPF_Failed_Due_to_Not_Supported_Bank.feature' and extract report to folder: '/Users/chaidir.pratama01/Katalon Studio/IST_Automation_Git/Reports/20201026_162442/RTD/TS_RTD/20201026_162442/cucumber_report/1603704289897'...

2020-10-26 16:24:50 - [TEST_CASE][PASSED] - Start Test Case : SCENARIO Check Contract from RTD_CONTRACT where STATUS is Failed Due to Not Supported Bank: SCENARIO Check Contract from RTD_CONTRACT where STATUS is Failed Due to Not Supported Bank

2020-10-26 16:24:50 - [TEST_STEP][PASSED] - Connect to Database RTD: Connect to Database RTD

2020-10-26 16:24:52 - [MESSAGE][PASSED] - Connect to Database RTD

2020-10-26 16:24:52 - [TEST_STEP][PASSED] - Select Contract from Table in DB with Query "SELECT * FROM RTD_CONTRACT WHERE STATUS=9": Select Contract from Table in DB with Query "SELECT * FROM RTD_CONTRACT WHERE STATUS=9"

2020-10-26 16:24:52 - [MESSAGE][PASSED] - Select Contract from Table in DB with Query "SELECT * FROM RTD_CONTRACT WHERE STATUS=9"

2020-10-26 16:24:52 - [MESSAGE][PASSED] - Feature file: 'Include/features/IST_Real/RTD/Check_MPF_Failed_Due_to_Not_Supported_Bank.feature' was passed]]></system-out>
         <system-err><![CDATA[]]></system-err>
      </testcase>
      <testcase name="Test Cases/RTD/TC_Check_MPF_Eligible_to_Disburse" time="1.553" classname="Test Cases/RTD/TC_Check_MPF_Eligible_to_Disburse" status="PASSED">
         <system-out><![CDATA[2020-10-26 16:24:52 - [TEST_CASE][PASSED] - Test Cases/RTD/TC_Check_MPF_Eligible_to_Disburse: Test Cases/RTD/TC_Check_MPF_Eligible_to_Disburse

2020-10-26 16:24:53 - [TEST_STEP][PASSED] - runFeatureFile("Include/features/IST_Real/RTD/Check_MPF_Eligible_to_Disburse.feature"): Feature file: 'Include/features/IST_Real/RTD/Check_MPF_Eligible_to_Disburse.feature' was passed

2020-10-26 16:24:53 - [MESSAGE][INFO] - Starting run keyword runFeatureFile: 'Include/features/IST_Real/RTD/Check_MPF_Eligible_to_Disburse.feature' and extract report to folder: '/Users/chaidir.pratama01/Katalon Studio/IST_Automation_Git/Reports/20201026_162442/RTD/TS_RTD/20201026_162442/cucumber_report/1603704293034'...

2020-10-26 16:24:53 - [TEST_CASE][PASSED] - Start Test Case : SCENARIO Check Contract MPF Eligible to Disburse: SCENARIO Check Contract MPF Eligible to Disburse

2020-10-26 16:24:53 - [TEST_STEP][PASSED] - Connect to Database RTD: Connect to Database RTD

2020-10-26 16:24:54 - [MESSAGE][PASSED] - Connect to Database RTD

2020-10-26 16:24:54 - [TEST_STEP][PASSED] - Select Contract MPF that Eligible to Disburse: Select Contract MPF that Eligible to Disburse

2020-10-26 16:24:54 - [MESSAGE][PASSED] - Select Contract MPF that Eligible to Disburse

2020-10-26 16:24:54 - [MESSAGE][PASSED] - Feature file: 'Include/features/IST_Real/RTD/Check_MPF_Eligible_to_Disburse.feature' was passed]]></system-out>
         <system-err><![CDATA[]]></system-err>
      </testcase>
      <testcase name="Test Cases/RTD/TC_Check_MPF_Ready_to_Disburse" time="2.106" classname="Test Cases/RTD/TC_Check_MPF_Ready_to_Disburse" status="PASSED">
         <system-out><![CDATA[2020-10-26 16:24:54 - [TEST_CASE][PASSED] - Test Cases/RTD/TC_Check_MPF_Ready_to_Disburse: Test Cases/RTD/TC_Check_MPF_Ready_to_Disburse

2020-10-26 16:24:54 - [TEST_STEP][PASSED] - runFeatureFile("Include/features/IST_Real/RTD/Check_MPF_Ready_to_Disburse.feature"): Feature file: 'Include/features/IST_Real/RTD/Check_MPF_Ready_to_Disburse.feature' was passed

2020-10-26 16:24:54 - [MESSAGE][INFO] - Starting run keyword runFeatureFile: 'Include/features/IST_Real/RTD/Check_MPF_Ready_to_Disburse.feature' and extract report to folder: '/Users/chaidir.pratama01/Katalon Studio/IST_Automation_Git/Reports/20201026_162442/RTD/TS_RTD/20201026_162442/cucumber_report/1603704294582'...

2020-10-26 16:24:54 - [TEST_CASE][PASSED] - Start Test Case : SCENARIO Check Contract from RTD_CONTRACT where STATUS is READY TO DISBURSE: SCENARIO Check Contract from RTD_CONTRACT where STATUS is READY TO DISBURSE

2020-10-26 16:24:54 - [TEST_STEP][PASSED] - Connect to Database RTD: Connect to Database RTD

2020-10-26 16:24:56 - [MESSAGE][PASSED] - Connect to Database RTD

2020-10-26 16:24:56 - [TEST_STEP][PASSED] - Select Contract from Table in DB with Query "SELECT * FROM RTD_CONTRACT WHERE STATUS=5": Select Contract from Table in DB with Query "SELECT * FROM RTD_CONTRACT WHERE STATUS=5"

2020-10-26 16:24:56 - [MESSAGE][PASSED] - Select Contract from Table in DB with Query "SELECT * FROM RTD_CONTRACT WHERE STATUS=5"

2020-10-26 16:24:56 - [MESSAGE][PASSED] - Feature file: 'Include/features/IST_Real/RTD/Check_MPF_Ready_to_Disburse.feature' was passed]]></system-out>
         <system-err><![CDATA[]]></system-err>
      </testcase>
      <testcase name="Test Cases/RTD/TC_Check_MPF_Waiting_for_Approval_from_InPayment" time="1.443" classname="Test Cases/RTD/TC_Check_MPF_Waiting_for_Approval_from_InPayment" status="PASSED">
         <system-out><![CDATA[2020-10-26 16:24:56 - [TEST_CASE][PASSED] - Test Cases/RTD/TC_Check_MPF_Waiting_for_Approval_from_InPayment: Test Cases/RTD/TC_Check_MPF_Waiting_for_Approval_from_InPayment

2020-10-26 16:24:56 - [TEST_STEP][PASSED] - runFeatureFile("Include/features/IST_Real/RTD/Check_MPF_Waiting_for_Approval_from_InPayment.feature"): Feature file: 'Include/features/IST_Real/RTD/Check_MPF_Waiting_for_Approval_from_InPayment.feature' was passed

2020-10-26 16:24:56 - [MESSAGE][INFO] - Starting run keyword runFeatureFile: 'Include/features/IST_Real/RTD/Check_MPF_Waiting_for_Approval_from_InPayment.feature' and extract report to folder: '/Users/chaidir.pratama01/Katalon Studio/IST_Automation_Git/Reports/20201026_162442/RTD/TS_RTD/20201026_162442/cucumber_report/1603704296709'...

2020-10-26 16:24:56 - [TEST_CASE][PASSED] - Start Test Case : SCENARIO Check Contract from RTD_CONTRACT_TEMP where Status is Waiting for approval from In Payment: SCENARIO Check Contract from RTD_CONTRACT_TEMP where Status is Waiting for approval from In Payment

2020-10-26 16:24:56 - [TEST_STEP][PASSED] - Connect to Database RTD: Connect to Database RTD

2020-10-26 16:24:57 - [MESSAGE][PASSED] - Connect to Database RTD

2020-10-26 16:24:57 - [TEST_STEP][PASSED] - Select Contract from Table in DB with Query "SELECT * FROM RTD_CONTRACT WHERE STATUS=3": Select Contract from Table in DB with Query "SELECT * FROM RTD_CONTRACT WHERE STATUS=3"

2020-10-26 16:24:58 - [MESSAGE][PASSED] - Select Contract from Table in DB with Query "SELECT * FROM RTD_CONTRACT WHERE STATUS=3"

2020-10-26 16:24:58 - [MESSAGE][PASSED] - Feature file: 'Include/features/IST_Real/RTD/Check_MPF_Waiting_for_Approval_from_InPayment.feature' was passed]]></system-out>
         <system-err><![CDATA[]]></system-err>
      </testcase>
      <testcase name="Test Cases/RTD/TC_Check_MPF_DONE" time="1.64" classname="Test Cases/RTD/TC_Check_MPF_DONE" status="PASSED">
         <system-out><![CDATA[2020-10-26 16:24:58 - [TEST_CASE][PASSED] - Test Cases/RTD/TC_Check_MPF_DONE: Test Cases/RTD/TC_Check_MPF_DONE

2020-10-26 16:24:58 - [TEST_STEP][PASSED] - runFeatureFile("Include/features/IST_Real/RTD/Check_MPF_DONE.feature"): Feature file: 'Include/features/IST_Real/RTD/Check_MPF_DONE.feature' was passed

2020-10-26 16:24:58 - [MESSAGE][INFO] - Starting run keyword runFeatureFile: 'Include/features/IST_Real/RTD/Check_MPF_DONE.feature' and extract report to folder: '/Users/chaidir.pratama01/Katalon Studio/IST_Automation_Git/Reports/20201026_162442/RTD/TS_RTD/20201026_162442/cucumber_report/1603704298135'...

2020-10-26 16:24:58 - [TEST_CASE][PASSED] - Start Test Case : SCENARIO Check Contract from RTD_CONTRACT where STATUS is DONE: SCENARIO Check Contract from RTD_CONTRACT where STATUS is DONE

2020-10-26 16:24:58 - [TEST_STEP][PASSED] - Connect to Database RTD: Connect to Database RTD

2020-10-26 16:24:59 - [MESSAGE][PASSED] - Connect to Database RTD

2020-10-26 16:24:59 - [TEST_STEP][PASSED] - Select Contract from Table in DB with Query "SELECT * FROM RTD_CONTRACT WHERE STATUS=11": Select Contract from Table in DB with Query "SELECT * FROM RTD_CONTRACT WHERE STATUS=11"

2020-10-26 16:24:59 - [MESSAGE][PASSED] - Select Contract from Table in DB with Query "SELECT * FROM RTD_CONTRACT WHERE STATUS=11"

2020-10-26 16:24:59 - [MESSAGE][PASSED] - Feature file: 'Include/features/IST_Real/RTD/Check_MPF_DONE.feature' was passed]]></system-out>
         <system-err><![CDATA[]]></system-err>
      </testcase>
      <testcase name="Test Cases/RTD/TC_Check_MPF_Waiting_Approval_From_Risk" time="1.421" classname="Test Cases/RTD/TC_Check_MPF_Waiting_Approval_From_Risk" status="PASSED">
         <system-out><![CDATA[2020-10-26 16:24:59 - [TEST_CASE][PASSED] - Test Cases/RTD/TC_Check_MPF_Waiting_Approval_From_Risk: Test Cases/RTD/TC_Check_MPF_Waiting_Approval_From_Risk

2020-10-26 16:24:59 - [TEST_STEP][PASSED] - runFeatureFile("Include/features/IST_Real/RTD/Check_MPF_Waiting_Approval_From_Risk.feature"): Feature file: 'Include/features/IST_Real/RTD/Check_MPF_Waiting_Approval_From_Risk.feature' was passed

2020-10-26 16:24:59 - [MESSAGE][INFO] - Starting run keyword runFeatureFile: 'Include/features/IST_Real/RTD/Check_MPF_Waiting_Approval_From_Risk.feature' and extract report to folder: '/Users/chaidir.pratama01/Katalon Studio/IST_Automation_Git/Reports/20201026_162442/RTD/TS_RTD/20201026_162442/cucumber_report/1603704299777'...

2020-10-26 16:24:59 - [TEST_CASE][PASSED] - Start Test Case : SCENARIO Check Contract from RTD_CONTRACT where Status is Waiting for Approval Risk: SCENARIO Check Contract from RTD_CONTRACT where Status is Waiting for Approval Risk

2020-10-26 16:24:59 - [TEST_STEP][PASSED] - Connect to Database RTD: Connect to Database RTD

2020-10-26 16:25:00 - [MESSAGE][PASSED] - Connect to Database RTD

2020-10-26 16:25:00 - [TEST_STEP][PASSED] - Select Contract from Table in DB with Query "SELECT * FROM RTD_CONTRACT WHERE STATUS=2": Select Contract from Table in DB with Query "SELECT * FROM RTD_CONTRACT WHERE STATUS=2"

2020-10-26 16:25:01 - [MESSAGE][PASSED] - Select Contract from Table in DB with Query "SELECT * FROM RTD_CONTRACT WHERE STATUS=2"

2020-10-26 16:25:01 - [MESSAGE][PASSED] - Feature file: 'Include/features/IST_Real/RTD/Check_MPF_Waiting_Approval_From_Risk.feature' was passed]]></system-out>
         <system-err><![CDATA[]]></system-err>
      </testcase>
      <testcase name="Test Cases/RTD/TC_Check_MPF_Manual_DIsbursment" time="3.606" classname="Test Cases/RTD/TC_Check_MPF_Manual_DIsbursment" status="PASSED">
         <system-out><![CDATA[2020-10-26 16:25:01 - [TEST_CASE][PASSED] - Test Cases/RTD/TC_Check_MPF_Manual_DIsbursment: Test Cases/RTD/TC_Check_MPF_Manual_DIsbursment

2020-10-26 16:25:01 - [TEST_STEP][PASSED] - runFeatureFile("Include/features/IST_Real/RTD/Check_MPF_Manual_DIsbursment.feature"): Feature file: 'Include/features/IST_Real/RTD/Check_MPF_Manual_DIsbursment.feature' was passed

2020-10-26 16:25:01 - [MESSAGE][INFO] - Starting run keyword runFeatureFile: 'Include/features/IST_Real/RTD/Check_MPF_Manual_DIsbursment.feature' and extract report to folder: '/Users/chaidir.pratama01/Katalon Studio/IST_Automation_Git/Reports/20201026_162442/RTD/TS_RTD/20201026_162442/cucumber_report/1603704301204'...

2020-10-26 16:25:01 - [TEST_CASE][PASSED] - Start Test Case : SCENARIO Check Contract from RTD_CONTRACT where STATUS is MANUAL DISBURSMENT: SCENARIO Check Contract from RTD_CONTRACT where STATUS is MANUAL DISBURSMENT

2020-10-26 16:25:01 - [TEST_STEP][PASSED] - Connect to Database RTD: Connect to Database RTD

2020-10-26 16:25:02 - [MESSAGE][PASSED] - Connect to Database RTD

2020-10-26 16:25:02 - [TEST_STEP][PASSED] - Select Contract from Table in DB with Query "SELECT * FROM RTD_CONTRACT WHERE STATUS=10": Select Contract from Table in DB with Query "SELECT * FROM RTD_CONTRACT WHERE STATUS=10"

2020-10-26 16:25:04 - [MESSAGE][PASSED] - Select Contract from Table in DB with Query "SELECT * FROM RTD_CONTRACT WHERE STATUS=10"

2020-10-26 16:25:04 - [MESSAGE][PASSED] - Feature file: 'Include/features/IST_Real/RTD/Check_MPF_Manual_DIsbursment.feature' was passed]]></system-out>
         <system-err><![CDATA[]]></system-err>
      </testcase>
      <testcase name="Test Cases/RTD/TC_Check_MPF_is_Not_Eligible_to_Disburse" time="1.014" classname="Test Cases/RTD/TC_Check_MPF_is_Not_Eligible_to_Disburse" status="PASSED">
         <system-out><![CDATA[2020-10-26 16:25:04 - [TEST_CASE][PASSED] - Test Cases/RTD/TC_Check_MPF_is_Not_Eligible_to_Disburse: Test Cases/RTD/TC_Check_MPF_is_Not_Eligible_to_Disburse

2020-10-26 16:25:04 - [TEST_STEP][PASSED] - runFeatureFile("Include/features/IST_Real/RTD/Check_MPF_is_Not_Eligible_to_Disburse.feature"): Feature file: 'Include/features/IST_Real/RTD/Check_MPF_is_Not_Eligible_to_Disburse.feature' was passed

2020-10-26 16:25:04 - [MESSAGE][INFO] - Starting run keyword runFeatureFile: 'Include/features/IST_Real/RTD/Check_MPF_is_Not_Eligible_to_Disburse.feature' and extract report to folder: '/Users/chaidir.pratama01/Katalon Studio/IST_Automation_Git/Reports/20201026_162442/RTD/TS_RTD/20201026_162442/cucumber_report/1603704304829'...

2020-10-26 16:25:04 - [TEST_CASE][PASSED] - Start Test Case : SCENARIO Check Contract from RTD_CONTRACT where STATUS is Not Eligible to Disburse: SCENARIO Check Contract from RTD_CONTRACT where STATUS is Not Eligible to Disburse

2020-10-26 16:25:04 - [TEST_STEP][PASSED] - Connect to Database RTD: Connect to Database RTD

2020-10-26 16:25:05 - [MESSAGE][PASSED] - Connect to Database RTD

2020-10-26 16:25:05 - [TEST_STEP][PASSED] - Select Contract from Table in DB with Query "SELECT * FROM RTD_CONTRACT WHERE STATUS=4": Select Contract from Table in DB with Query "SELECT * FROM RTD_CONTRACT WHERE STATUS=4"

2020-10-26 16:25:05 - [MESSAGE][PASSED] - Select Contract from Table in DB with Query "SELECT * FROM RTD_CONTRACT WHERE STATUS=4"

2020-10-26 16:25:05 - [MESSAGE][PASSED] - Feature file: 'Include/features/IST_Real/RTD/Check_MPF_is_Not_Eligible_to_Disburse.feature' was passed]]></system-out>
         <system-err><![CDATA[]]></system-err>
      </testcase>
      <testcase name="Test Cases/RTD/TC_Check_MPF_Insufficient_Fund" time="1.567" classname="Test Cases/RTD/TC_Check_MPF_Insufficient_Fund" status="PASSED">
         <system-out><![CDATA[2020-10-26 16:25:05 - [TEST_CASE][PASSED] - Test Cases/RTD/TC_Check_MPF_Insufficient_Fund: Test Cases/RTD/TC_Check_MPF_Insufficient_Fund

2020-10-26 16:25:05 - [TEST_STEP][PASSED] - runFeatureFile("Include/features/IST_Real/RTD/Check_MPF_Insufficient_Fund.feature"): Feature file: 'Include/features/IST_Real/RTD/Check_MPF_Insufficient_Fund.feature' was passed

2020-10-26 16:25:05 - [MESSAGE][INFO] - Starting run keyword runFeatureFile: 'Include/features/IST_Real/RTD/Check_MPF_Insufficient_Fund.feature' and extract report to folder: '/Users/chaidir.pratama01/Katalon Studio/IST_Automation_Git/Reports/20201026_162442/RTD/TS_RTD/20201026_162442/cucumber_report/1603704305825'...

2020-10-26 16:25:05 - [TEST_CASE][PASSED] - Start Test Case : SCENARIO Check Contract from RTD_CONTRACT where STATUS is Insufficient Fund: SCENARIO Check Contract from RTD_CONTRACT where STATUS is Insufficient Fund

2020-10-26 16:25:06 - [TEST_STEP][PASSED] - Connect to Database RTD: Connect to Database RTD

2020-10-26 16:25:07 - [MESSAGE][PASSED] - Connect to Database RTD

2020-10-26 16:25:07 - [TEST_STEP][PASSED] - Select Contract from Table in DB with Query "SELECT * FROM RTD_CONTRACT WHERE STATUS=8": Select Contract from Table in DB with Query "SELECT * FROM RTD_CONTRACT WHERE STATUS=8"

2020-10-26 16:25:07 - [MESSAGE][PASSED] - Select Contract from Table in DB with Query "SELECT * FROM RTD_CONTRACT WHERE STATUS=8"

2020-10-26 16:25:07 - [MESSAGE][PASSED] - Feature file: 'Include/features/IST_Real/RTD/Check_MPF_Insufficient_Fund.feature' was passed]]></system-out>
         <system-err><![CDATA[]]></system-err>
      </testcase>
      <testcase name="Test Cases/RTD/TC_Check_MPF_Failed_Due_to_System_Error" time="1.277" classname="Test Cases/RTD/TC_Check_MPF_Failed_Due_to_System_Error" status="PASSED">
         <system-out><![CDATA[2020-10-26 16:25:07 - [TEST_CASE][PASSED] - Test Cases/RTD/TC_Check_MPF_Failed_Due_to_System_Error: Test Cases/RTD/TC_Check_MPF_Failed_Due_to_System_Error

2020-10-26 16:25:07 - [TEST_STEP][PASSED] - runFeatureFile("Include/features/IST_Real/RTD/Check_MPF_Failed_Due_to_System_Error.feature"): Feature file: 'Include/features/IST_Real/RTD/Check_MPF_Failed_Due_to_System_Error.feature' was passed

2020-10-26 16:25:07 - [MESSAGE][INFO] - Starting run keyword runFeatureFile: 'Include/features/IST_Real/RTD/Check_MPF_Failed_Due_to_System_Error.feature' and extract report to folder: '/Users/chaidir.pratama01/Katalon Studio/IST_Automation_Git/Reports/20201026_162442/RTD/TS_RTD/20201026_162442/cucumber_report/1603704307395'...

2020-10-26 16:25:07 - [TEST_CASE][PASSED] - Start Test Case : SCENARIO Check Contract from RTD_CONTRACT where STATUS is Failed Due to System Error: SCENARIO Check Contract from RTD_CONTRACT where STATUS is Failed Due to System Error

2020-10-26 16:25:07 - [TEST_STEP][PASSED] - Connect to Database RTD: Connect to Database RTD

2020-10-26 16:25:08 - [MESSAGE][PASSED] - Connect to Database RTD

2020-10-26 16:25:08 - [TEST_STEP][PASSED] - Select Contract from Table in DB with Query "SELECT * FROM RTD_CONTRACT WHERE STATUS=7": Select Contract from Table in DB with Query "SELECT * FROM RTD_CONTRACT WHERE STATUS=7"

2020-10-26 16:25:08 - [MESSAGE][PASSED] - Select Contract from Table in DB with Query "SELECT * FROM RTD_CONTRACT WHERE STATUS=7"

2020-10-26 16:25:08 - [MESSAGE][PASSED] - Feature file: 'Include/features/IST_Real/RTD/Check_MPF_Failed_Due_to_System_Error.feature' was passed]]></system-out>
         <system-err><![CDATA[]]></system-err>
      </testcase>
      <testcase name="Test Cases/RTD/TC_Check_MPF_Success_to_Disburse" time="1.603" classname="Test Cases/RTD/TC_Check_MPF_Success_to_Disburse" status="PASSED">
         <system-out><![CDATA[2020-10-26 16:25:08 - [TEST_CASE][PASSED] - Test Cases/RTD/TC_Check_MPF_Success_to_Disburse: Test Cases/RTD/TC_Check_MPF_Success_to_Disburse

2020-10-26 16:25:08 - [TEST_STEP][PASSED] - runFeatureFile("Include/features/IST_Real/RTD/Check_MPF_Success_to_Disburse.feature"): Feature file: 'Include/features/IST_Real/RTD/Check_MPF_Success_to_Disburse.feature' was passed

2020-10-26 16:25:08 - [MESSAGE][INFO] - Starting run keyword runFeatureFile: 'Include/features/IST_Real/RTD/Check_MPF_Success_to_Disburse.feature' and extract report to folder: '/Users/chaidir.pratama01/Katalon Studio/IST_Automation_Git/Reports/20201026_162442/RTD/TS_RTD/20201026_162442/cucumber_report/1603704308672'...

2020-10-26 16:25:08 - [TEST_CASE][PASSED] - Start Test Case : SCENARIO Check Contract RTD_CONTRACT where STATUS is Success to Disburse: SCENARIO Check Contract RTD_CONTRACT where STATUS is Success to Disburse

2020-10-26 16:25:08 - [TEST_STEP][PASSED] - Connect to Database RTD: Connect to Database RTD

2020-10-26 16:25:10 - [MESSAGE][PASSED] - Connect to Database RTD

2020-10-26 16:25:10 - [TEST_STEP][PASSED] - Select Contract from Table in DB with Query "SELECT * FROM RTD_CONTRACT WHERE STATUS=13": Select Contract from Table in DB with Query "SELECT * FROM RTD_CONTRACT WHERE STATUS=13"

2020-10-26 16:25:10 - [MESSAGE][PASSED] - Select Contract from Table in DB with Query "SELECT * FROM RTD_CONTRACT WHERE STATUS=13"

2020-10-26 16:25:10 - [MESSAGE][PASSED] - Feature file: 'Include/features/IST_Real/RTD/Check_MPF_Success_to_Disburse.feature' was passed]]></system-out>
         <system-err><![CDATA[]]></system-err>
      </testcase>
      <testcase name="Test Cases/RTD/TC_Check_MPF_Failed_Due_to_Invalid_Bank_Account" time="1.898" classname="Test Cases/RTD/TC_Check_MPF_Failed_Due_to_Invalid_Bank_Account" status="PASSED">
         <system-out><![CDATA[2020-10-26 16:25:10 - [TEST_CASE][PASSED] - Test Cases/RTD/TC_Check_MPF_Failed_Due_to_Invalid_Bank_Account: Test Cases/RTD/TC_Check_MPF_Failed_Due_to_Invalid_Bank_Account

2020-10-26 16:25:10 - [TEST_STEP][PASSED] - runFeatureFile("Include/features/IST_Real/RTD/Check_MPF_Failed_Due_to_Invalid_Bank_Account.feature"): Feature file: 'Include/features/IST_Real/RTD/Check_MPF_Failed_Due_to_Invalid_Bank_Account.feature' was passed

2020-10-26 16:25:10 - [MESSAGE][INFO] - Starting run keyword runFeatureFile: 'Include/features/IST_Real/RTD/Check_MPF_Failed_Due_to_Invalid_Bank_Account.feature' and extract report to folder: '/Users/chaidir.pratama01/Katalon Studio/IST_Automation_Git/Reports/20201026_162442/RTD/TS_RTD/20201026_162442/cucumber_report/1603704310276'...

2020-10-26 16:25:10 - [TEST_CASE][PASSED] - Start Test Case : SCENARIO Check Contract from RTD_CONTRACT where STATUS is Failed Due to Invalid Bank Account: SCENARIO Check Contract from RTD_CONTRACT where STATUS is Failed Due to Invalid Bank Account

2020-10-26 16:25:10 - [TEST_STEP][PASSED] - Connect to Database RTD: Connect to Database RTD

2020-10-26 16:25:11 - [MESSAGE][PASSED] - Connect to Database RTD

2020-10-26 16:25:11 - [TEST_STEP][PASSED] - Select Contract from Table in DB with Query "SELECT * FROM RTD_CONTRACT WHERE STATUS=6": Select Contract from Table in DB with Query "SELECT * FROM RTD_CONTRACT WHERE STATUS=6"

2020-10-26 16:25:12 - [MESSAGE][PASSED] - Select Contract from Table in DB with Query "SELECT * FROM RTD_CONTRACT WHERE STATUS=6"

2020-10-26 16:25:12 - [MESSAGE][PASSED] - Feature file: 'Include/features/IST_Real/RTD/Check_MPF_Failed_Due_to_Invalid_Bank_Account.feature' was passed]]></system-out>
         <system-err><![CDATA[]]></system-err>
      </testcase>
      <testcase name="Test Cases/RTD/TC_Check_MPF_Waiting_Partner_Confirmation" time="1.071" classname="Test Cases/RTD/TC_Check_MPF_Waiting_Partner_Confirmation" status="PASSED">
         <system-out><![CDATA[2020-10-26 16:25:12 - [TEST_CASE][PASSED] - Test Cases/RTD/TC_Check_MPF_Waiting_Partner_Confirmation: Test Cases/RTD/TC_Check_MPF_Waiting_Partner_Confirmation

2020-10-26 16:25:12 - [TEST_STEP][PASSED] - runFeatureFile("Include/features/IST_Real/RTD/Check_MPF_Waiting_Partner_Confirmation.feature"): Feature file: 'Include/features/IST_Real/RTD/Check_MPF_Waiting_Partner_Confirmation.feature' was passed

2020-10-26 16:25:12 - [MESSAGE][INFO] - Starting run keyword runFeatureFile: 'Include/features/IST_Real/RTD/Check_MPF_Waiting_Partner_Confirmation.feature' and extract report to folder: '/Users/chaidir.pratama01/Katalon Studio/IST_Automation_Git/Reports/20201026_162442/RTD/TS_RTD/20201026_162442/cucumber_report/1603704312179'...

2020-10-26 16:25:12 - [TEST_CASE][PASSED] - Start Test Case : SCENARIO Check Contract from RTD_CONTRACT where STATUS is Waiting Partner Confirmation: SCENARIO Check Contract from RTD_CONTRACT where STATUS is Waiting Partner Confirmation

2020-10-26 16:25:12 - [TEST_STEP][PASSED] - Connect to Database RTD: Connect to Database RTD

2020-10-26 16:25:13 - [MESSAGE][PASSED] - Connect to Database RTD

2020-10-26 16:25:13 - [TEST_STEP][PASSED] - Select Contract from Table in DB with Query "SELECT * FROM RTD_CONTRACT WHERE STATUS=12": Select Contract from Table in DB with Query "SELECT * FROM RTD_CONTRACT WHERE STATUS=12"

2020-10-26 16:25:13 - [MESSAGE][PASSED] - Select Contract from Table in DB with Query "SELECT * FROM RTD_CONTRACT WHERE STATUS=12"

2020-10-26 16:25:13 - [MESSAGE][PASSED] - Feature file: 'Include/features/IST_Real/RTD/Check_MPF_Waiting_Partner_Confirmation.feature' was passed]]></system-out>
         <system-err><![CDATA[]]></system-err>
      </testcase>
      <system-out><![CDATA[2020-10-26 16:24:49 - [TEST_SUITE][PASSED] - TS_RTD: Test Cases/RTD/TC_Check_MPF_Waiting_Partner_Confirmation]]></system-out>
      <system-err><![CDATA[]]></system-err>
   </testsuite>
</testsuites>
