<?xml version="1.0" encoding="UTF-8"?>
<testsuites name="RTD_Regression" time="2354.521" tests="42" failures="5" errors="0">
   <testsuite name="TS_Disbursement_Dashboard" tests="4" failures="1" errors="0" time="257.909" timestamp="2021-01-21 15:37:09" hostname="chaidir.pratama01 - 192.168.1.2" id="Test Suites/RTD/TS_Disbursement_Dashboard">
      <properties>
         <property name="deviceName" value=""/>
         <property name="devicePlatform" value=""/>
         <property name="logFolder" value="/Users/chaidir.pratama01/Katalon Studio/IST_Automation_Git/Reports/20210121_153655/RTD/TS_Disbursement_Dashboard/20210121_153655"/>
         <property name="logFiles" value="/Users/chaidir.pratama01/Katalon Studio/IST_Automation_Git/Reports/20210121_153655/RTD/TS_Disbursement_Dashboard/20210121_153655/execution0.log"/>
         <property name="attachments" value="/Users/chaidir.pratama01/Documents/Docs/Katalon Studio/Screenshot/test-Dashboard for CCC/OCS.png, /Users/chaidir.pratama01/Documents/Docs/Katalon Studio/Screenshot/test-Disbursement Dashboard.png, /Users/chaidir.pratama01/Documents/Docs/Katalon Studio/Screenshot/test-Disbursement Dashboard.png, /Users/chaidir.pratama01/Documents/Docs/Katalon Studio/Screenshot/test-Disbursement Dashboard.png, /Users/chaidir.pratama01/Documents/Docs/Katalon Studio/Screenshot/test-Disbursement Dashboard.png, /Users/chaidir.pratama01/Documents/Docs/Katalon Studio/Screenshot/test-Disbursement Dashboard.png, /Users/chaidir.pratama01/Documents/Docs/Katalon Studio/Screenshot/test-Disbursement Dashboard.png, /Users/chaidir.pratama01/Documents/Docs/Katalon Studio/Screenshot/test-Disbursement Dashboard.png, /Users/chaidir.pratama01/Documents/Docs/Katalon Studio/Screenshot/test-Disbursement Dashboard.png, /Users/chaidir.pratama01/Documents/Docs/Katalon Studio/Screenshot/test-Disbursement Dashboard.png, /Users/chaidir.pratama01/Katalon Studio/IST_Automation_Git/Reports/20210121_153655/RTD/TS_Disbursement_Dashboard/20210121_153655/1611218411421.png, /Users/chaidir.pratama01/Documents/Docs/Katalon Studio/Screenshot/test-Disbursement Dashboard.png, /Users/chaidir.pratama01/Documents/Docs/Katalon Studio/Screenshot/test-Disbursement Dashboard.png, /Users/chaidir.pratama01/Documents/Docs/Katalon Studio/Screenshot/test-Disbursement Dashboard.png, /Users/chaidir.pratama01/Documents/Docs/Katalon Studio/Screenshot/test-Disbursement Dashboard.png, /Users/chaidir.pratama01/Documents/Docs/Katalon Studio/Screenshot/test-Disbursement Dashboard.png"/>
         <property name="hostName" value="chaidir.pratama01 - 192.168.1.2"/>
         <property name="os" value="Mac OS X 64bit"/>
         <property name="katalonVersion" value="7.6.0.${buildNumber}"/>
         <property name="browser" value="Chrome 87.0.4280.141"/>
         <property name="hostAddress" value="192.168.1.2"/>
         <property name="sessionId" value="89f7eb0a3f85d17eeee10abf025a6e29"/>
         <property name="seleniumVersion" value="3.141.59"/>
         <property name="proxyInformation" value="ProxyInformation { proxyOption=NO_PROXY, proxyServerType=HTTP, username=, password=********, proxyServerAddress=, proxyServerPort=0, executionList=\&quot;\&quot;, isApplyToDesiredCapabilities=true }"/>
         <property name="platform" value="Mac OS X"/>
      </properties>
      <testcase name="Test Cases/RTD/Disbursement Dashboard/TC_View_Detail_Disbursement_Dashboard" time="45.068" classname="Test Cases/RTD/Disbursement Dashboard/TC_View_Detail_Disbursement_Dashboard" status="PASSED">
         <system-out><![CDATA[2021-01-21 15:37:09 - [TEST_CASE][PASSED] - Test Cases/RTD/Disbursement Dashboard/TC_View_Detail_Disbursement_Dashboard: Test Cases/RTD/Disbursement Dashboard/TC_View_Detail_Disbursement_Dashboard

2021-01-21 15:37:09 - [TEST_STEP][PASSED] - runFeatureFile("Include/features/IST_Real/RTD/Disbursement_Dashboard/View_Detail_Disbursement_Dashboard.feature"): Feature file: 'Include/features/IST_Real/RTD/Disbursement_Dashboard/View_Detail_Disbursement_Dashboard.feature' was passed

2021-01-21 15:37:09 - [MESSAGE][INFO] - Starting run keyword runFeatureFile: 'Include/features/IST_Real/RTD/Disbursement_Dashboard/View_Detail_Disbursement_Dashboard.feature' and extract report to folder: '/Users/chaidir.pratama01/Katalon Studio/IST_Automation_Git/Reports/20210121_153655/RTD/TS_Disbursement_Dashboard/20210121_153655/cucumber_report/1611218229812'...

2021-01-21 15:37:10 - [TEST_CASE][PASSED] - Start Test Case : SCENARIO Search by STATUS Success to Disburse and then View Detail of it: SCENARIO Search by STATUS Success to Disburse and then View Detail of it

2021-01-21 15:37:10 - [TEST_STEP][PASSED] - Go to ISTools: Go to ISTools

2021-01-21 15:37:10 - [MESSAGE][INFO] - Starting 'Chrome (headless)' driver

2021-01-21 15:37:10 - [MESSAGE][INFO] - User set preference: ['args', '[--start-maximized, --disable-gpu, --no-proxy-server, â€“-no-sandbox, --allow-running-insecure-content, --ignore-certificate-errors, window-size=1680,814, force-device-scale-factor=2, --lang=en-GB]']

2021-01-21 15:37:10 - [MESSAGE][INFO] - User set preference: ['prefs', '{download.default_directory=/Users/chaidir.pratama01/Katalon Studio/IST_Automation_Git/Download}']

2021-01-21 15:37:10 - [MESSAGE][INFO] - Action delay is set to 0 milliseconds

2021-01-21 15:37:11 - [MESSAGE][PASSED] - Browser is opened with url: ''

2021-01-21 15:37:14 - [MESSAGE][PASSED] - Navigate to 'https://dev-istools.homecredit.id/foundation/' successfully

2021-01-21 15:37:14 - [MESSAGE][PASSED] - Go to ISTools

2021-01-21 15:37:14 - [TEST_STEP][PASSED] - Login IST with valid credentials: Login IST with valid credentials

2021-01-21 15:37:14 - [MESSAGE][PASSED] - Text 'mobile.test' is set on object 'Object Repository/Page_/input_Username_j_username'

2021-01-21 15:37:14 - [MESSAGE][PASSED] - Text ****** has been set on object 'Object Repository/Page_/input_Password_j_password'

2021-01-21 15:37:15 - [MESSAGE][PASSED] - Object: 'Object Repository/Page_/button_Login' is clicked on

2021-01-21 15:37:15 - [MESSAGE][PASSED] - Login IST with valid credentials

2021-01-21 15:37:15 - [TEST_STEP][PASSED] - Login Success: Login Success

2021-01-21 15:37:15 - [MESSAGE][INFO] - Login Success

2021-01-21 15:37:15 - [MESSAGE][PASSED] - Current window maximized

2021-01-21 15:37:15 - [MESSAGE][PASSED] - Object 'Object Repository/Page_/h1_Welcome to IT Supporting Tools' is present

2021-01-21 15:37:15 - [MESSAGE][PASSED] - Login Success

2021-01-21 15:37:15 - [TEST_STEP][PASSED] - Select Arrow Menu "Real Time Disbursement": Select Arrow Menu "Real Time Disbursement"

2021-01-21 15:37:15 - [MESSAGE][PASSED] - Object: '' is clicked on

2021-01-21 15:37:15 - [MESSAGE][PASSED] - Select Arrow Menu "Real Time Disbursement"

2021-01-21 15:37:15 - [TEST_STEP][PASSED] - Select Menu "Dashboard for CCC/OCS": Select Menu "Dashboard for CCC/OCS"

2021-01-21 15:37:15 - [MESSAGE][PASSED] - Taking screenshot successfully
[[ATTACHMENT|/Users/chaidir.pratama01/Documents/Docs/Katalon Studio/Screenshot/test-Dashboard for CCC/OCS.png]]

2021-01-21 15:37:15 - [MESSAGE][PASSED] - Object '' is present

2021-01-21 15:37:16 - [MESSAGE][PASSED] - Object: '' is clicked on

2021-01-21 15:37:16 - [MESSAGE][PASSED] - Wait for page load successfully

2021-01-21 15:37:16 - [MESSAGE][PASSED] - Select Menu "Dashboard for CCC/OCS"

2021-01-21 15:37:16 - [TEST_STEP][PASSED] - Select STATUS "Success to Disburse": Select STATUS "Success to Disburse"

2021-01-21 15:37:16 - [MESSAGE][PASSED] - All options with value 'Success to Disburse' are selected in object ''  using regular expression

2021-01-21 15:37:16 - [MESSAGE][PASSED] - Select STATUS "Success to Disburse"

2021-01-21 15:37:16 - [TEST_STEP][PASSED] - Click button "Search": Click button "Search"

2021-01-21 15:37:16 - [MESSAGE][INFO] - >>>>>//Button[contains(text(),'Search')]

2021-01-21 15:37:19 - [MESSAGE][PASSED] - Object '' is present

2021-01-21 15:37:19 - [MESSAGE][PASSED] - Object: '' is clicked on

2021-01-21 15:37:19 - [MESSAGE][PASSED] - Switched to window with index: '0'

2021-01-21 15:37:19 - [MESSAGE][PASSED] - Click button "Search"

2021-01-21 15:37:19 - [TEST_STEP][PASSED] - Verify Search Result Presents: Verify Search Result Presents

2021-01-21 15:37:19 - [MESSAGE][PASSED] - Object '' is present

2021-01-21 15:37:20 - [MESSAGE][PASSED] - Verify Search Result Presents

2021-01-21 15:37:20 - [TEST_STEP][PASSED] - Click View Detail: Click View Detail

2021-01-21 15:37:20 - [MESSAGE][PASSED] - Object '' is present

2021-01-21 15:37:20 - [MESSAGE][PASSED] - Object: '' is clicked on

2021-01-21 15:37:20 - [MESSAGE][PASSED] - Click View Detail

2021-01-21 15:37:20 - [TEST_STEP][PASSED] - Verify Information in View Detail: Verify Information in View Detail

2021-01-21 15:37:23 - [MESSAGE][PASSED] - Delayed 3 second(s)

2021-01-21 15:37:23 - [MESSAGE][PASSED] - Attribute 'value' of object '' is: '3900014152'

2021-01-21 15:37:26 - [MESSAGE][PASSED] - Delayed 3 second(s)

2021-01-21 15:37:26 - [MESSAGE][PASSED] - Attribute 'value' of object '' is: 'IDITXLeks TESTERbIvIvO'

2021-01-21 15:37:29 - [MESSAGE][PASSED] - Delayed 3 second(s)

2021-01-21 15:37:29 - [MESSAGE][PASSED] - Attribute 'value' of object '' is: 'Success to Disburse'

2021-01-21 15:37:32 - [MESSAGE][PASSED] - Delayed 3 second(s)

2021-01-21 15:37:32 - [MESSAGE][PASSED] - Attribute 'value' of object '' is: 'Rp 7,000,000'

2021-01-21 15:37:35 - [MESSAGE][PASSED] - Delayed 3 second(s)

2021-01-21 15:37:35 - [MESSAGE][PASSED] - Attribute 'value' of object '' is: 'KESEJAHTERAAN EKONOMI'

2021-01-21 15:37:38 - [MESSAGE][PASSED] - Delayed 3 second(s)

2021-01-21 15:37:38 - [MESSAGE][PASSED] - Attribute 'value' of object '' is: '1'

2021-01-21 15:37:41 - [MESSAGE][PASSED] - Delayed 3 second(s)

2021-01-21 15:37:41 - [MESSAGE][PASSED] - Attribute 'value' of object '' is: 'NAMA ADA DISINI'

2021-01-21 15:37:44 - [MESSAGE][PASSED] - Delayed 3 second(s)

2021-01-21 15:37:44 - [MESSAGE][PASSED] - Attribute 'value' of object '' is: 'KESEJAHTERAAN EKONOMI'

2021-01-21 15:37:47 - [MESSAGE][PASSED] - Delayed 3 second(s)

2021-01-21 15:37:47 - [MESSAGE][PASSED] - Attribute 'value' of object '' is: ''

2021-01-21 15:37:50 - [MESSAGE][PASSED] - Delayed 3 second(s)

2021-01-21 15:37:50 - [MESSAGE][PASSED] - Attribute 'value' of object '' is: ''

2021-01-21 15:37:50 - [MESSAGE][PASSED] - Text of object '' is: 'Date'

2021-01-21 15:37:50 - [MESSAGE][PASSED] - Text of object '' is: 'Status'

2021-01-21 15:37:50 - [MESSAGE][PASSED] - Text of object '' is: 'Updated Information'

2021-01-21 15:37:50 - [MESSAGE][PASSED] - Text of object '' is: 'Last Update By'

2021-01-21 15:37:50 - [MESSAGE][PASSED] - Text of object '' is: 'Department'

2021-01-21 15:37:51 - [MESSAGE][PASSED] - Verify Information in View Detail

2021-01-21 15:37:51 - [TEST_STEP][PASSED] - Click button "Logout": Click button "Logout"

2021-01-21 15:37:51 - [MESSAGE][INFO] - >>>>>//Button[contains(text(),'Logout')]

2021-01-21 15:37:54 - [MESSAGE][PASSED] - Object '' is present

2021-01-21 15:37:54 - [MESSAGE][PASSED] - Object: '' is clicked on

2021-01-21 15:37:54 - [MESSAGE][PASSED] - Switched to window with index: '0'

2021-01-21 15:37:54 - [MESSAGE][PASSED] - Click button "Logout"

2021-01-21 15:37:54 - [TEST_STEP][PASSED] - Close browser: Close browser

2021-01-21 15:37:54 - [MESSAGE][PASSED] - Browser is closed

2021-01-21 15:37:54 - [MESSAGE][PASSED] - Close browser

2021-01-21 15:37:54 - [MESSAGE][PASSED] - Feature file: 'Include/features/IST_Real/RTD/Disbursement_Dashboard/View_Detail_Disbursement_Dashboard.feature' was passed]]></system-out>
         <system-err><![CDATA[]]></system-err>
      </testcase>
      <testcase name="Test Cases/RTD/Disbursement Dashboard/TC_Search_by_Contract_Number_Disbursement_Dashboard" time="6.734" classname="Test Cases/RTD/Disbursement Dashboard/TC_Search_by_Contract_Number_Disbursement_Dashboard" status="PASSED">
         <system-out><![CDATA[2021-01-21 15:37:54 - [TEST_CASE][PASSED] - Test Cases/RTD/Disbursement Dashboard/TC_Search_by_Contract_Number_Disbursement_Dashboard: Test Cases/RTD/Disbursement Dashboard/TC_Search_by_Contract_Number_Disbursement_Dashboard

2021-01-21 15:37:54 - [TEST_STEP][PASSED] - runFeatureFile("Include/features/IST_Real/RTD/Disbursement_Dashboard/Search_by_Contract_Number_Disbursement_Dashboard.feature"): Feature file: 'Include/features/IST_Real/RTD/Disbursement_Dashboard/Search_by_Contract_Number_Disbursement_Dashboard.feature' was passed

2021-01-21 15:37:54 - [MESSAGE][INFO] - Starting run keyword runFeatureFile: 'Include/features/IST_Real/RTD/Disbursement_Dashboard/Search_by_Contract_Number_Disbursement_Dashboard.feature' and extract report to folder: '/Users/chaidir.pratama01/Katalon Studio/IST_Automation_Git/Reports/20210121_153655/RTD/TS_Disbursement_Dashboard/20210121_153655/cucumber_report/1611218274681'...

2021-01-21 15:37:54 - [TEST_CASE][PASSED] - Start Test Case : SCENARIO Search by Contract Number and it found on Dashboard: SCENARIO Search by Contract Number and it found on Dashboard

2021-01-21 15:37:54 - [TEST_STEP][PASSED] - Go to ISTools: Go to ISTools

2021-01-21 15:37:54 - [MESSAGE][INFO] - Starting 'Chrome (headless)' driver

2021-01-21 15:37:54 - [MESSAGE][INFO] - User set preference: ['args', '[--start-maximized, --disable-gpu, --no-proxy-server, â€“-no-sandbox, --allow-running-insecure-content, --ignore-certificate-errors, window-size=1680,814, force-device-scale-factor=2, --lang=en-GB]']

2021-01-21 15:37:54 - [MESSAGE][INFO] - User set preference: ['prefs', '{download.default_directory=/Users/chaidir.pratama01/Katalon Studio/IST_Automation_Git/Download}']

2021-01-21 15:37:54 - [MESSAGE][INFO] - Action delay is set to 0 milliseconds

2021-01-21 15:37:55 - [MESSAGE][PASSED] - Browser is opened with url: ''

2021-01-21 15:37:55 - [MESSAGE][PASSED] - Navigate to 'https://dev-istools.homecredit.id/foundation/' successfully

2021-01-21 15:37:55 - [MESSAGE][PASSED] - Go to ISTools

2021-01-21 15:37:55 - [TEST_STEP][PASSED] - Login IST with valid credentials: Login IST with valid credentials

2021-01-21 15:37:56 - [MESSAGE][PASSED] - Text 'mobile.test' is set on object 'Object Repository/Page_/input_Username_j_username'

2021-01-21 15:37:56 - [MESSAGE][PASSED] - Text ****** has been set on object 'Object Repository/Page_/input_Password_j_password'

2021-01-21 15:37:56 - [MESSAGE][PASSED] - Object: 'Object Repository/Page_/button_Login' is clicked on

2021-01-21 15:37:56 - [MESSAGE][PASSED] - Login IST with valid credentials

2021-01-21 15:37:56 - [TEST_STEP][PASSED] - Login Success: Login Success

2021-01-21 15:37:56 - [MESSAGE][INFO] - Login Success

2021-01-21 15:37:56 - [MESSAGE][PASSED] - Current window maximized

2021-01-21 15:37:56 - [MESSAGE][PASSED] - Object 'Object Repository/Page_/h1_Welcome to IT Supporting Tools' is present

2021-01-21 15:37:56 - [MESSAGE][PASSED] - Login Success

2021-01-21 15:37:56 - [TEST_STEP][PASSED] - Select Arrow Menu "Real Time Disbursement": Select Arrow Menu "Real Time Disbursement"

2021-01-21 15:37:56 - [MESSAGE][PASSED] - Object: '' is clicked on

2021-01-21 15:37:56 - [MESSAGE][PASSED] - Select Arrow Menu "Real Time Disbursement"

2021-01-21 15:37:56 - [TEST_STEP][PASSED] - Select Menu "Disbursement Dashboard": Select Menu "Disbursement Dashboard"

2021-01-21 15:37:57 - [MESSAGE][PASSED] - Taking screenshot successfully
[[ATTACHMENT|/Users/chaidir.pratama01/Documents/Docs/Katalon Studio/Screenshot/test-Disbursement Dashboard.png]]

2021-01-21 15:37:57 - [MESSAGE][PASSED] - Object '' is present

2021-01-21 15:37:57 - [MESSAGE][PASSED] - Object: '' is clicked on

2021-01-21 15:37:57 - [MESSAGE][PASSED] - Wait for page load successfully

2021-01-21 15:37:57 - [MESSAGE][PASSED] - Select Menu "Disbursement Dashboard"

2021-01-21 15:37:57 - [TEST_STEP][PASSED] - Input Contract RTD in Contract Number label: Input Contract RTD in Contract Number label

2021-01-21 15:37:57 - [MESSAGE][PASSED] - Text '4000014162' is set on object ''

2021-01-21 15:37:57 - [MESSAGE][PASSED] - Input Contract RTD in Contract Number label

2021-01-21 15:37:57 - [TEST_STEP][PASSED] - Click button "Search": Click button "Search"

2021-01-21 15:37:57 - [MESSAGE][INFO] - >>>>>//Button[contains(text(),'Search')]

2021-01-21 15:38:00 - [MESSAGE][PASSED] - Object '' is present

2021-01-21 15:38:00 - [MESSAGE][PASSED] - Object: '' is clicked on

2021-01-21 15:38:00 - [MESSAGE][PASSED] - Switched to window with index: '0'

2021-01-21 15:38:00 - [MESSAGE][PASSED] - Click button "Search"

2021-01-21 15:38:00 - [TEST_STEP][PASSED] - Verify Search Result Presents: Verify Search Result Presents

2021-01-21 15:38:00 - [MESSAGE][PASSED] - Object '' is present

2021-01-21 15:38:01 - [MESSAGE][PASSED] - Verify Search Result Presents

2021-01-21 15:38:01 - [MESSAGE][PASSED] - Feature file: 'Include/features/IST_Real/RTD/Disbursement_Dashboard/Search_by_Contract_Number_Disbursement_Dashboard.feature' was passed]]></system-out>
         <system-err><![CDATA[]]></system-err>
      </testcase>
      <testcase name="Test Cases/RTD/Disbursement Dashboard/TC_Search_by_STATUS_Disbursement_Dashboard" time="191.555" classname="Test Cases/RTD/Disbursement Dashboard/TC_Search_by_STATUS_Disbursement_Dashboard" status="PASSED">
         <system-out><![CDATA[2021-01-21 15:38:01 - [TEST_CASE][PASSED] - Test Cases/RTD/Disbursement Dashboard/TC_Search_by_STATUS_Disbursement_Dashboard: Test Cases/RTD/Disbursement Dashboard/TC_Search_by_STATUS_Disbursement_Dashboard

2021-01-21 15:38:01 - [TEST_STEP][PASSED] - runFeatureFile("Include/features/IST_Real/RTD/Disbursement_Dashboard/Search_by_STATUS_Disbursement_Dashboard.feature"): Feature file: 'Include/features/IST_Real/RTD/Disbursement_Dashboard/Search_by_STATUS_Disbursement_Dashboard.feature' was passed

2021-01-21 15:38:01 - [MESSAGE][INFO] - Starting run keyword runFeatureFile: 'Include/features/IST_Real/RTD/Disbursement_Dashboard/Search_by_STATUS_Disbursement_Dashboard.feature' and extract report to folder: '/Users/chaidir.pratama01/Katalon Studio/IST_Automation_Git/Reports/20210121_153655/RTD/TS_Disbursement_Dashboard/20210121_153655/cucumber_report/1611218281394'...

2021-01-21 15:38:01 - [TEST_CASE][PASSED] - Start Test Case : SCENARIO Search by STATUS Eligible to Disburse: SCENARIO Search by STATUS Eligible to Disburse

2021-01-21 15:38:01 - [TEST_STEP][PASSED] - Go to ISTools: Go to ISTools

2021-01-21 15:38:01 - [MESSAGE][WARNING] - A browser is already opened. Closing browser and opening a new one

2021-01-21 15:38:01 - [MESSAGE][INFO] - Starting 'Chrome (headless)' driver

2021-01-21 15:38:01 - [MESSAGE][INFO] - User set preference: ['args', '[--start-maximized, --disable-gpu, --no-proxy-server, â€“-no-sandbox, --allow-running-insecure-content, --ignore-certificate-errors, window-size=1680,814, force-device-scale-factor=2, --lang=en-GB]']

2021-01-21 15:38:01 - [MESSAGE][INFO] - User set preference: ['prefs', '{download.default_directory=/Users/chaidir.pratama01/Katalon Studio/IST_Automation_Git/Download}']

2021-01-21 15:38:01 - [MESSAGE][INFO] - Action delay is set to 0 milliseconds

2021-01-21 15:38:01 - [MESSAGE][PASSED] - Browser is opened with url: ''

2021-01-21 15:38:02 - [MESSAGE][PASSED] - Navigate to 'https://dev-istools.homecredit.id/foundation/' successfully

2021-01-21 15:38:02 - [MESSAGE][PASSED] - Go to ISTools

2021-01-21 15:38:02 - [TEST_STEP][PASSED] - Login IST with valid credentials: Login IST with valid credentials

2021-01-21 15:38:02 - [MESSAGE][PASSED] - Text 'mobile.test' is set on object 'Object Repository/Page_/input_Username_j_username'

2021-01-21 15:38:02 - [MESSAGE][PASSED] - Text ****** has been set on object 'Object Repository/Page_/input_Password_j_password'

2021-01-21 15:38:03 - [MESSAGE][PASSED] - Object: 'Object Repository/Page_/button_Login' is clicked on

2021-01-21 15:38:03 - [MESSAGE][PASSED] - Login IST with valid credentials

2021-01-21 15:38:03 - [TEST_STEP][PASSED] - Login Success: Login Success

2021-01-21 15:38:03 - [MESSAGE][INFO] - Login Success

2021-01-21 15:38:03 - [MESSAGE][PASSED] - Current window maximized

2021-01-21 15:38:03 - [MESSAGE][PASSED] - Object 'Object Repository/Page_/h1_Welcome to IT Supporting Tools' is present

2021-01-21 15:38:03 - [MESSAGE][PASSED] - Login Success

2021-01-21 15:38:03 - [TEST_STEP][PASSED] - Select Arrow Menu "Real Time Disbursement": Select Arrow Menu "Real Time Disbursement"

2021-01-21 15:38:03 - [MESSAGE][PASSED] - Object: '' is clicked on

2021-01-21 15:38:03 - [MESSAGE][PASSED] - Select Arrow Menu "Real Time Disbursement"

2021-01-21 15:38:03 - [TEST_STEP][PASSED] - Select Menu "Disbursement Dashboard": Select Menu "Disbursement Dashboard"

2021-01-21 15:38:04 - [MESSAGE][PASSED] - Taking screenshot successfully
[[ATTACHMENT|/Users/chaidir.pratama01/Documents/Docs/Katalon Studio/Screenshot/test-Disbursement Dashboard.png]]

2021-01-21 15:38:04 - [MESSAGE][PASSED] - Object '' is present

2021-01-21 15:38:04 - [MESSAGE][PASSED] - Object: '' is clicked on

2021-01-21 15:38:04 - [MESSAGE][PASSED] - Wait for page load successfully

2021-01-21 15:38:04 - [MESSAGE][PASSED] - Select Menu "Disbursement Dashboard"

2021-01-21 15:38:04 - [TEST_STEP][PASSED] - Select STATUS "Eligible to disburse": Select STATUS "Eligible to disburse"

2021-01-21 15:38:04 - [MESSAGE][PASSED] - All options with value 'Eligible to disburse' are selected in object ''  using regular expression

2021-01-21 15:38:04 - [MESSAGE][PASSED] - Select STATUS "Eligible to disburse"

2021-01-21 15:38:04 - [TEST_STEP][PASSED] - Click button "Search": Click button "Search"

2021-01-21 15:38:04 - [MESSAGE][INFO] - >>>>>//Button[contains(text(),'Search')]

2021-01-21 15:38:07 - [MESSAGE][PASSED] - Object '' is present

2021-01-21 15:38:07 - [MESSAGE][PASSED] - Object: '' is clicked on

2021-01-21 15:38:07 - [MESSAGE][PASSED] - Switched to window with index: '0'

2021-01-21 15:38:07 - [MESSAGE][PASSED] - Click button "Search"

2021-01-21 15:38:07 - [TEST_STEP][PASSED] - Verify Search Result Presents: Verify Search Result Presents

2021-01-21 15:38:07 - [MESSAGE][PASSED] - Object '' is present

2021-01-21 15:38:14 - [MESSAGE][PASSED] - Verify Search Result Presents

2021-01-21 15:38:14 - [TEST_STEP][PASSED] - Click button "Logout": Click button "Logout"

2021-01-21 15:38:14 - [MESSAGE][INFO] - >>>>>//Button[contains(text(),'Logout')]

2021-01-21 15:38:17 - [MESSAGE][PASSED] - Object '' is present

2021-01-21 15:38:18 - [MESSAGE][PASSED] - Object: '' is clicked on

2021-01-21 15:38:18 - [MESSAGE][PASSED] - Switched to window with index: '0'

2021-01-21 15:38:18 - [MESSAGE][PASSED] - Click button "Logout"

2021-01-21 15:38:18 - [TEST_STEP][PASSED] - Close browser: Close browser

2021-01-21 15:38:18 - [MESSAGE][PASSED] - Browser is closed

2021-01-21 15:38:18 - [MESSAGE][PASSED] - Close browser

2021-01-21 15:38:18 - [TEST_CASE][PASSED] - Start Test Case : SCENARIO Search by STATUS Waiting approval from Risk: SCENARIO Search by STATUS Waiting approval from Risk

2021-01-21 15:38:18 - [TEST_STEP][PASSED] - Go to ISTools: Go to ISTools

2021-01-21 15:38:18 - [MESSAGE][INFO] - Starting 'Chrome (headless)' driver

2021-01-21 15:38:18 - [MESSAGE][INFO] - User set preference: ['args', '[--start-maximized, --disable-gpu, --no-proxy-server, â€“-no-sandbox, --allow-running-insecure-content, --ignore-certificate-errors, window-size=1680,814, force-device-scale-factor=2, --lang=en-GB]']

2021-01-21 15:38:18 - [MESSAGE][INFO] - User set preference: ['prefs', '{download.default_directory=/Users/chaidir.pratama01/Katalon Studio/IST_Automation_Git/Download}']

2021-01-21 15:38:18 - [MESSAGE][INFO] - Action delay is set to 0 milliseconds

2021-01-21 15:38:19 - [MESSAGE][PASSED] - Browser is opened with url: ''

2021-01-21 15:38:20 - [MESSAGE][PASSED] - Navigate to 'https://dev-istools.homecredit.id/foundation/' successfully

2021-01-21 15:38:20 - [MESSAGE][PASSED] - Go to ISTools

2021-01-21 15:38:20 - [TEST_STEP][PASSED] - Login IST with valid credentials: Login IST with valid credentials

2021-01-21 15:38:20 - [MESSAGE][PASSED] - Text 'mobile.test' is set on object 'Object Repository/Page_/input_Username_j_username'

2021-01-21 15:38:20 - [MESSAGE][PASSED] - Text ****** has been set on object 'Object Repository/Page_/input_Password_j_password'

2021-01-21 15:38:21 - [MESSAGE][PASSED] - Object: 'Object Repository/Page_/button_Login' is clicked on

2021-01-21 15:38:21 - [MESSAGE][PASSED] - Login IST with valid credentials

2021-01-21 15:38:21 - [TEST_STEP][PASSED] - Login Success: Login Success

2021-01-21 15:38:21 - [MESSAGE][INFO] - Login Success

2021-01-21 15:38:21 - [MESSAGE][PASSED] - Current window maximized

2021-01-21 15:38:21 - [MESSAGE][PASSED] - Object 'Object Repository/Page_/h1_Welcome to IT Supporting Tools' is present

2021-01-21 15:38:21 - [MESSAGE][PASSED] - Login Success

2021-01-21 15:38:21 - [TEST_STEP][PASSED] - Select Arrow Menu "Real Time Disbursement": Select Arrow Menu "Real Time Disbursement"

2021-01-21 15:38:21 - [MESSAGE][PASSED] - Object: '' is clicked on

2021-01-21 15:38:21 - [MESSAGE][PASSED] - Select Arrow Menu "Real Time Disbursement"

2021-01-21 15:38:21 - [TEST_STEP][PASSED] - Select Menu "Disbursement Dashboard": Select Menu "Disbursement Dashboard"

2021-01-21 15:38:22 - [MESSAGE][PASSED] - Taking screenshot successfully
[[ATTACHMENT|/Users/chaidir.pratama01/Documents/Docs/Katalon Studio/Screenshot/test-Disbursement Dashboard.png]]

2021-01-21 15:38:22 - [MESSAGE][PASSED] - Object '' is present

2021-01-21 15:38:22 - [MESSAGE][PASSED] - Object: '' is clicked on

2021-01-21 15:38:22 - [MESSAGE][PASSED] - Wait for page load successfully

2021-01-21 15:38:22 - [MESSAGE][PASSED] - Select Menu "Disbursement Dashboard"

2021-01-21 15:38:22 - [TEST_STEP][PASSED] - Select STATUS "Waiting approval from Risk": Select STATUS "Waiting approval from Risk"

2021-01-21 15:38:23 - [MESSAGE][PASSED] - All options with value 'Waiting approval from Risk' are selected in object ''  using regular expression

2021-01-21 15:38:23 - [MESSAGE][PASSED] - Select STATUS "Waiting approval from Risk"

2021-01-21 15:38:23 - [TEST_STEP][PASSED] - Click button "Search": Click button "Search"

2021-01-21 15:38:23 - [MESSAGE][INFO] - >>>>>//Button[contains(text(),'Search')]

2021-01-21 15:38:26 - [MESSAGE][PASSED] - Object '' is present

2021-01-21 15:38:26 - [MESSAGE][PASSED] - Object: '' is clicked on

2021-01-21 15:38:26 - [MESSAGE][PASSED] - Switched to window with index: '0'

2021-01-21 15:38:26 - [MESSAGE][PASSED] - Click button "Search"

2021-01-21 15:38:26 - [TEST_STEP][PASSED] - Verify Search Result Presents: Verify Search Result Presents

2021-01-21 15:38:26 - [MESSAGE][PASSED] - Object '' is present

2021-01-21 15:38:28 - [MESSAGE][PASSED] - Verify Search Result Presents

2021-01-21 15:38:28 - [TEST_STEP][PASSED] - Click button "Logout": Click button "Logout"

2021-01-21 15:38:28 - [MESSAGE][INFO] - >>>>>//Button[contains(text(),'Logout')]

2021-01-21 15:38:31 - [MESSAGE][PASSED] - Object '' is present

2021-01-21 15:38:32 - [MESSAGE][PASSED] - Object: '' is clicked on

2021-01-21 15:38:32 - [MESSAGE][PASSED] - Switched to window with index: '0'

2021-01-21 15:38:32 - [MESSAGE][PASSED] - Click button "Logout"

2021-01-21 15:38:32 - [TEST_STEP][PASSED] - Close browser: Close browser

2021-01-21 15:38:32 - [MESSAGE][PASSED] - Browser is closed

2021-01-21 15:38:32 - [MESSAGE][PASSED] - Close browser

2021-01-21 15:38:32 - [TEST_CASE][PASSED] - Start Test Case : SCENARIO Search by STATUS Waiting for approval from In Payment: SCENARIO Search by STATUS Waiting for approval from In Payment

2021-01-21 15:38:32 - [TEST_STEP][PASSED] - Go to ISTools: Go to ISTools

2021-01-21 15:38:32 - [MESSAGE][INFO] - Starting 'Chrome (headless)' driver

2021-01-21 15:38:32 - [MESSAGE][INFO] - User set preference: ['args', '[--start-maximized, --disable-gpu, --no-proxy-server, â€“-no-sandbox, --allow-running-insecure-content, --ignore-certificate-errors, window-size=1680,814, force-device-scale-factor=2, --lang=en-GB]']

2021-01-21 15:38:32 - [MESSAGE][INFO] - User set preference: ['prefs', '{download.default_directory=/Users/chaidir.pratama01/Katalon Studio/IST_Automation_Git/Download}']

2021-01-21 15:38:32 - [MESSAGE][INFO] - Action delay is set to 0 milliseconds

2021-01-21 15:38:32 - [MESSAGE][PASSED] - Browser is opened with url: ''

2021-01-21 15:38:33 - [MESSAGE][PASSED] - Navigate to 'https://dev-istools.homecredit.id/foundation/' successfully

2021-01-21 15:38:33 - [MESSAGE][PASSED] - Go to ISTools

2021-01-21 15:38:33 - [TEST_STEP][PASSED] - Login IST with valid credentials: Login IST with valid credentials

2021-01-21 15:38:33 - [MESSAGE][PASSED] - Text 'mobile.test' is set on object 'Object Repository/Page_/input_Username_j_username'

2021-01-21 15:38:33 - [MESSAGE][PASSED] - Text ****** has been set on object 'Object Repository/Page_/input_Password_j_password'

2021-01-21 15:38:33 - [MESSAGE][PASSED] - Object: 'Object Repository/Page_/button_Login' is clicked on

2021-01-21 15:38:33 - [MESSAGE][PASSED] - Login IST with valid credentials

2021-01-21 15:38:33 - [TEST_STEP][PASSED] - Login Success: Login Success

2021-01-21 15:38:33 - [MESSAGE][INFO] - Login Success

2021-01-21 15:38:34 - [MESSAGE][PASSED] - Current window maximized

2021-01-21 15:38:34 - [MESSAGE][PASSED] - Object 'Object Repository/Page_/h1_Welcome to IT Supporting Tools' is present

2021-01-21 15:38:34 - [MESSAGE][PASSED] - Login Success

2021-01-21 15:38:34 - [TEST_STEP][PASSED] - Select Arrow Menu "Real Time Disbursement": Select Arrow Menu "Real Time Disbursement"

2021-01-21 15:38:34 - [MESSAGE][PASSED] - Object: '' is clicked on

2021-01-21 15:38:34 - [MESSAGE][PASSED] - Select Arrow Menu "Real Time Disbursement"

2021-01-21 15:38:34 - [TEST_STEP][PASSED] - Select Menu "Disbursement Dashboard": Select Menu "Disbursement Dashboard"

2021-01-21 15:38:34 - [MESSAGE][PASSED] - Taking screenshot successfully
[[ATTACHMENT|/Users/chaidir.pratama01/Documents/Docs/Katalon Studio/Screenshot/test-Disbursement Dashboard.png]]

2021-01-21 15:38:34 - [MESSAGE][PASSED] - Object '' is present

2021-01-21 15:38:34 - [MESSAGE][PASSED] - Object: '' is clicked on

2021-01-21 15:38:34 - [MESSAGE][PASSED] - Wait for page load successfully

2021-01-21 15:38:34 - [MESSAGE][PASSED] - Select Menu "Disbursement Dashboard"

2021-01-21 15:38:34 - [TEST_STEP][PASSED] - Select STATUS "Waiting for approval from In Payment": Select STATUS "Waiting for approval from In Payment"

2021-01-21 15:38:35 - [MESSAGE][PASSED] - All options with value 'Waiting for approval from In Payment' are selected in object ''  using regular expression

2021-01-21 15:38:35 - [MESSAGE][PASSED] - Select STATUS "Waiting for approval from In Payment"

2021-01-21 15:38:35 - [TEST_STEP][PASSED] - Click button "Search": Click button "Search"

2021-01-21 15:38:35 - [MESSAGE][INFO] - >>>>>//Button[contains(text(),'Search')]

2021-01-21 15:38:38 - [MESSAGE][PASSED] - Object '' is present

2021-01-21 15:38:38 - [MESSAGE][PASSED] - Object: '' is clicked on

2021-01-21 15:38:38 - [MESSAGE][PASSED] - Switched to window with index: '0'

2021-01-21 15:38:38 - [MESSAGE][PASSED] - Click button "Search"

2021-01-21 15:38:38 - [TEST_STEP][PASSED] - Verify Search Result Presents: Verify Search Result Presents

2021-01-21 15:38:38 - [MESSAGE][PASSED] - Object '' is present

2021-01-21 15:38:38 - [MESSAGE][PASSED] - Verify Search Result Presents

2021-01-21 15:38:38 - [TEST_STEP][PASSED] - Click button "Logout": Click button "Logout"

2021-01-21 15:38:38 - [MESSAGE][INFO] - >>>>>//Button[contains(text(),'Logout')]

2021-01-21 15:38:41 - [MESSAGE][PASSED] - Object '' is present

2021-01-21 15:38:42 - [MESSAGE][PASSED] - Object: '' is clicked on

2021-01-21 15:38:42 - [MESSAGE][PASSED] - Switched to window with index: '0'

2021-01-21 15:38:42 - [MESSAGE][PASSED] - Click button "Logout"

2021-01-21 15:38:42 - [TEST_STEP][PASSED] - Close browser: Close browser

2021-01-21 15:38:42 - [MESSAGE][PASSED] - Browser is closed

2021-01-21 15:38:42 - [MESSAGE][PASSED] - Close browser

2021-01-21 15:38:42 - [TEST_CASE][PASSED] - Start Test Case : SCENARIO Search by STATUS Not eligible to disburse: SCENARIO Search by STATUS Not eligible to disburse

2021-01-21 15:38:42 - [TEST_STEP][PASSED] - Go to ISTools: Go to ISTools

2021-01-21 15:38:42 - [MESSAGE][INFO] - Starting 'Chrome (headless)' driver

2021-01-21 15:38:42 - [MESSAGE][INFO] - User set preference: ['args', '[--start-maximized, --disable-gpu, --no-proxy-server, â€“-no-sandbox, --allow-running-insecure-content, --ignore-certificate-errors, window-size=1680,814, force-device-scale-factor=2, --lang=en-GB]']

2021-01-21 15:38:42 - [MESSAGE][INFO] - User set preference: ['prefs', '{download.default_directory=/Users/chaidir.pratama01/Katalon Studio/IST_Automation_Git/Download}']

2021-01-21 15:38:42 - [MESSAGE][INFO] - Action delay is set to 0 milliseconds

2021-01-21 15:38:42 - [MESSAGE][PASSED] - Browser is opened with url: ''

2021-01-21 15:38:43 - [MESSAGE][PASSED] - Navigate to 'https://dev-istools.homecredit.id/foundation/' successfully

2021-01-21 15:38:43 - [MESSAGE][PASSED] - Go to ISTools

2021-01-21 15:38:43 - [TEST_STEP][PASSED] - Login IST with valid credentials: Login IST with valid credentials

2021-01-21 15:38:43 - [MESSAGE][PASSED] - Text 'mobile.test' is set on object 'Object Repository/Page_/input_Username_j_username'

2021-01-21 15:38:43 - [MESSAGE][PASSED] - Text ****** has been set on object 'Object Repository/Page_/input_Password_j_password'

2021-01-21 15:38:43 - [MESSAGE][PASSED] - Object: 'Object Repository/Page_/button_Login' is clicked on

2021-01-21 15:38:43 - [MESSAGE][PASSED] - Login IST with valid credentials

2021-01-21 15:38:43 - [TEST_STEP][PASSED] - Login Success: Login Success

2021-01-21 15:38:43 - [MESSAGE][INFO] - Login Success

2021-01-21 15:38:44 - [MESSAGE][PASSED] - Current window maximized

2021-01-21 15:38:44 - [MESSAGE][PASSED] - Object 'Object Repository/Page_/h1_Welcome to IT Supporting Tools' is present

2021-01-21 15:38:44 - [MESSAGE][PASSED] - Login Success

2021-01-21 15:38:44 - [TEST_STEP][PASSED] - Select Arrow Menu "Real Time Disbursement": Select Arrow Menu "Real Time Disbursement"

2021-01-21 15:38:44 - [MESSAGE][PASSED] - Object: '' is clicked on

2021-01-21 15:38:44 - [MESSAGE][PASSED] - Select Arrow Menu "Real Time Disbursement"

2021-01-21 15:38:44 - [TEST_STEP][PASSED] - Select Menu "Disbursement Dashboard": Select Menu "Disbursement Dashboard"

2021-01-21 15:38:44 - [MESSAGE][PASSED] - Taking screenshot successfully
[[ATTACHMENT|/Users/chaidir.pratama01/Documents/Docs/Katalon Studio/Screenshot/test-Disbursement Dashboard.png]]

2021-01-21 15:38:44 - [MESSAGE][PASSED] - Object '' is present

2021-01-21 15:38:44 - [MESSAGE][PASSED] - Object: '' is clicked on

2021-01-21 15:38:44 - [MESSAGE][PASSED] - Wait for page load successfully

2021-01-21 15:38:44 - [MESSAGE][PASSED] - Select Menu "Disbursement Dashboard"

2021-01-21 15:38:44 - [TEST_STEP][PASSED] - Select STATUS "Not eligible to disburse": Select STATUS "Not eligible to disburse"

2021-01-21 15:38:45 - [MESSAGE][PASSED] - All options with value 'Not eligible to disburse' are selected in object ''  using regular expression

2021-01-21 15:38:45 - [MESSAGE][PASSED] - Select STATUS "Not eligible to disburse"

2021-01-21 15:38:45 - [TEST_STEP][PASSED] - Click button "Search": Click button "Search"

2021-01-21 15:38:45 - [MESSAGE][INFO] - >>>>>//Button[contains(text(),'Search')]

2021-01-21 15:38:48 - [MESSAGE][PASSED] - Object '' is present

2021-01-21 15:38:48 - [MESSAGE][PASSED] - Object: '' is clicked on

2021-01-21 15:38:48 - [MESSAGE][PASSED] - Switched to window with index: '0'

2021-01-21 15:38:48 - [MESSAGE][PASSED] - Click button "Search"

2021-01-21 15:38:48 - [TEST_STEP][PASSED] - Verify Search Result Presents: Verify Search Result Presents

2021-01-21 15:38:48 - [MESSAGE][PASSED] - Object '' is present

2021-01-21 15:38:55 - [MESSAGE][PASSED] - Verify Search Result Presents

2021-01-21 15:38:55 - [TEST_STEP][PASSED] - Click button "Logout": Click button "Logout"

2021-01-21 15:38:55 - [MESSAGE][INFO] - >>>>>//Button[contains(text(),'Logout')]

2021-01-21 15:38:58 - [MESSAGE][PASSED] - Object '' is present

2021-01-21 15:38:59 - [MESSAGE][PASSED] - Object: '' is clicked on

2021-01-21 15:38:59 - [MESSAGE][PASSED] - Switched to window with index: '0'

2021-01-21 15:38:59 - [MESSAGE][PASSED] - Click button "Logout"

2021-01-21 15:38:59 - [TEST_STEP][PASSED] - Close browser: Close browser

2021-01-21 15:38:59 - [MESSAGE][PASSED] - Browser is closed

2021-01-21 15:38:59 - [MESSAGE][PASSED] - Close browser

2021-01-21 15:38:59 - [TEST_CASE][PASSED] - Start Test Case : SCENARIO Search by STATUS Ready to disburse: SCENARIO Search by STATUS Ready to disburse

2021-01-21 15:38:59 - [TEST_STEP][PASSED] - Go to ISTools: Go to ISTools

2021-01-21 15:38:59 - [MESSAGE][INFO] - Starting 'Chrome (headless)' driver

2021-01-21 15:38:59 - [MESSAGE][INFO] - User set preference: ['args', '[--start-maximized, --disable-gpu, --no-proxy-server, â€“-no-sandbox, --allow-running-insecure-content, --ignore-certificate-errors, window-size=1680,814, force-device-scale-factor=2, --lang=en-GB]']

2021-01-21 15:38:59 - [MESSAGE][INFO] - User set preference: ['prefs', '{download.default_directory=/Users/chaidir.pratama01/Katalon Studio/IST_Automation_Git/Download}']

2021-01-21 15:38:59 - [MESSAGE][INFO] - Action delay is set to 0 milliseconds

2021-01-21 15:38:59 - [MESSAGE][PASSED] - Browser is opened with url: ''

2021-01-21 15:39:00 - [MESSAGE][PASSED] - Navigate to 'https://dev-istools.homecredit.id/foundation/' successfully

2021-01-21 15:39:00 - [MESSAGE][PASSED] - Go to ISTools

2021-01-21 15:39:00 - [TEST_STEP][PASSED] - Login IST with valid credentials: Login IST with valid credentials

2021-01-21 15:39:00 - [MESSAGE][PASSED] - Text 'mobile.test' is set on object 'Object Repository/Page_/input_Username_j_username'

2021-01-21 15:39:00 - [MESSAGE][PASSED] - Text ****** has been set on object 'Object Repository/Page_/input_Password_j_password'

2021-01-21 15:39:00 - [MESSAGE][PASSED] - Object: 'Object Repository/Page_/button_Login' is clicked on

2021-01-21 15:39:00 - [MESSAGE][PASSED] - Login IST with valid credentials

2021-01-21 15:39:00 - [TEST_STEP][PASSED] - Login Success: Login Success

2021-01-21 15:39:00 - [MESSAGE][INFO] - Login Success

2021-01-21 15:39:00 - [MESSAGE][PASSED] - Current window maximized

2021-01-21 15:39:00 - [MESSAGE][PASSED] - Object 'Object Repository/Page_/h1_Welcome to IT Supporting Tools' is present

2021-01-21 15:39:00 - [MESSAGE][PASSED] - Login Success

2021-01-21 15:39:00 - [TEST_STEP][PASSED] - Select Arrow Menu "Real Time Disbursement": Select Arrow Menu "Real Time Disbursement"

2021-01-21 15:39:01 - [MESSAGE][PASSED] - Object: '' is clicked on

2021-01-21 15:39:01 - [MESSAGE][PASSED] - Select Arrow Menu "Real Time Disbursement"

2021-01-21 15:39:01 - [TEST_STEP][PASSED] - Select Menu "Disbursement Dashboard": Select Menu "Disbursement Dashboard"

2021-01-21 15:39:01 - [MESSAGE][PASSED] - Taking screenshot successfully
[[ATTACHMENT|/Users/chaidir.pratama01/Documents/Docs/Katalon Studio/Screenshot/test-Disbursement Dashboard.png]]

2021-01-21 15:39:01 - [MESSAGE][PASSED] - Object '' is present

2021-01-21 15:39:01 - [MESSAGE][PASSED] - Object: '' is clicked on

2021-01-21 15:39:01 - [MESSAGE][PASSED] - Wait for page load successfully

2021-01-21 15:39:01 - [MESSAGE][PASSED] - Select Menu "Disbursement Dashboard"

2021-01-21 15:39:01 - [TEST_STEP][PASSED] - Select STATUS "Ready to disburse": Select STATUS "Ready to disburse"

2021-01-21 15:39:02 - [MESSAGE][PASSED] - All options with value 'Ready to disburse' are selected in object ''  using regular expression

2021-01-21 15:39:02 - [MESSAGE][PASSED] - Select STATUS "Ready to disburse"

2021-01-21 15:39:02 - [TEST_STEP][PASSED] - Click button "Search": Click button "Search"

2021-01-21 15:39:02 - [MESSAGE][INFO] - >>>>>//Button[contains(text(),'Search')]

2021-01-21 15:39:05 - [MESSAGE][PASSED] - Object '' is present

2021-01-21 15:39:05 - [MESSAGE][PASSED] - Object: '' is clicked on

2021-01-21 15:39:05 - [MESSAGE][PASSED] - Switched to window with index: '0'

2021-01-21 15:39:05 - [MESSAGE][PASSED] - Click button "Search"

2021-01-21 15:39:05 - [TEST_STEP][PASSED] - Verify Search Result Presents: Verify Search Result Presents

2021-01-21 15:39:05 - [MESSAGE][PASSED] - Object '' is present

2021-01-21 15:39:07 - [MESSAGE][PASSED] - Verify Search Result Presents

2021-01-21 15:39:07 - [TEST_STEP][PASSED] - Click button "Logout": Click button "Logout"

2021-01-21 15:39:07 - [MESSAGE][INFO] - >>>>>//Button[contains(text(),'Logout')]

2021-01-21 15:39:10 - [MESSAGE][PASSED] - Object '' is present

2021-01-21 15:39:10 - [MESSAGE][PASSED] - Object: '' is clicked on

2021-01-21 15:39:10 - [MESSAGE][PASSED] - Switched to window with index: '0'

2021-01-21 15:39:10 - [MESSAGE][PASSED] - Click button "Logout"

2021-01-21 15:39:10 - [TEST_STEP][PASSED] - Close browser: Close browser

2021-01-21 15:39:10 - [MESSAGE][PASSED] - Browser is closed

2021-01-21 15:39:10 - [MESSAGE][PASSED] - Close browser

2021-01-21 15:39:10 - [TEST_CASE][PASSED] - Start Test Case : SCENARIO Search by STATUS Failed due to invalid bank account: SCENARIO Search by STATUS Failed due to invalid bank account

2021-01-21 15:39:10 - [TEST_STEP][PASSED] - Go to ISTools: Go to ISTools

2021-01-21 15:39:10 - [MESSAGE][INFO] - Starting 'Chrome (headless)' driver

2021-01-21 15:39:10 - [MESSAGE][INFO] - User set preference: ['args', '[--start-maximized, --disable-gpu, --no-proxy-server, â€“-no-sandbox, --allow-running-insecure-content, --ignore-certificate-errors, window-size=1680,814, force-device-scale-factor=2, --lang=en-GB]']

2021-01-21 15:39:10 - [MESSAGE][INFO] - User set preference: ['prefs', '{download.default_directory=/Users/chaidir.pratama01/Katalon Studio/IST_Automation_Git/Download}']

2021-01-21 15:39:10 - [MESSAGE][INFO] - Action delay is set to 0 milliseconds

2021-01-21 15:39:11 - [MESSAGE][PASSED] - Browser is opened with url: ''

2021-01-21 15:39:11 - [MESSAGE][PASSED] - Navigate to 'https://dev-istools.homecredit.id/foundation/' successfully

2021-01-21 15:39:11 - [MESSAGE][PASSED] - Go to ISTools

2021-01-21 15:39:11 - [TEST_STEP][PASSED] - Login IST with valid credentials: Login IST with valid credentials

2021-01-21 15:39:12 - [MESSAGE][PASSED] - Text 'mobile.test' is set on object 'Object Repository/Page_/input_Username_j_username'

2021-01-21 15:39:12 - [MESSAGE][PASSED] - Text ****** has been set on object 'Object Repository/Page_/input_Password_j_password'

2021-01-21 15:39:12 - [MESSAGE][PASSED] - Object: 'Object Repository/Page_/button_Login' is clicked on

2021-01-21 15:39:12 - [MESSAGE][PASSED] - Login IST with valid credentials

2021-01-21 15:39:12 - [TEST_STEP][PASSED] - Login Success: Login Success

2021-01-21 15:39:12 - [MESSAGE][INFO] - Login Success

2021-01-21 15:39:12 - [MESSAGE][PASSED] - Current window maximized

2021-01-21 15:39:12 - [MESSAGE][PASSED] - Object 'Object Repository/Page_/h1_Welcome to IT Supporting Tools' is present

2021-01-21 15:39:12 - [MESSAGE][PASSED] - Login Success

2021-01-21 15:39:12 - [TEST_STEP][PASSED] - Select Arrow Menu "Real Time Disbursement": Select Arrow Menu "Real Time Disbursement"

2021-01-21 15:39:12 - [MESSAGE][PASSED] - Object: '' is clicked on

2021-01-21 15:39:12 - [MESSAGE][PASSED] - Select Arrow Menu "Real Time Disbursement"

2021-01-21 15:39:12 - [TEST_STEP][PASSED] - Select Menu "Disbursement Dashboard": Select Menu "Disbursement Dashboard"

2021-01-21 15:39:13 - [MESSAGE][PASSED] - Taking screenshot successfully
[[ATTACHMENT|/Users/chaidir.pratama01/Documents/Docs/Katalon Studio/Screenshot/test-Disbursement Dashboard.png]]

2021-01-21 15:39:13 - [MESSAGE][PASSED] - Object '' is present

2021-01-21 15:39:13 - [MESSAGE][PASSED] - Object: '' is clicked on

2021-01-21 15:39:13 - [MESSAGE][PASSED] - Wait for page load successfully

2021-01-21 15:39:13 - [MESSAGE][PASSED] - Select Menu "Disbursement Dashboard"

2021-01-21 15:39:13 - [TEST_STEP][PASSED] - Select STATUS "Failed due to invalid bank account": Select STATUS "Failed due to invalid bank account"

2021-01-21 15:39:13 - [MESSAGE][PASSED] - All options with value 'Failed due to invalid bank account' are selected in object ''  using regular expression

2021-01-21 15:39:13 - [MESSAGE][PASSED] - Select STATUS "Failed due to invalid bank account"

2021-01-21 15:39:13 - [TEST_STEP][PASSED] - Click button "Search": Click button "Search"

2021-01-21 15:39:13 - [MESSAGE][INFO] - >>>>>//Button[contains(text(),'Search')]

2021-01-21 15:39:16 - [MESSAGE][PASSED] - Object '' is present

2021-01-21 15:39:16 - [MESSAGE][PASSED] - Object: '' is clicked on

2021-01-21 15:39:16 - [MESSAGE][PASSED] - Switched to window with index: '0'

2021-01-21 15:39:16 - [MESSAGE][PASSED] - Click button "Search"

2021-01-21 15:39:16 - [TEST_STEP][PASSED] - Verify Search Result Presents: Verify Search Result Presents

2021-01-21 15:39:16 - [MESSAGE][PASSED] - Object '' is present

2021-01-21 15:39:18 - [MESSAGE][PASSED] - Verify Search Result Presents

2021-01-21 15:39:18 - [TEST_STEP][PASSED] - Click button "Logout": Click button "Logout"

2021-01-21 15:39:18 - [MESSAGE][INFO] - >>>>>//Button[contains(text(),'Logout')]

2021-01-21 15:39:21 - [MESSAGE][PASSED] - Object '' is present

2021-01-21 15:39:21 - [MESSAGE][PASSED] - Object: '' is clicked on

2021-01-21 15:39:21 - [MESSAGE][PASSED] - Switched to window with index: '0'

2021-01-21 15:39:21 - [MESSAGE][PASSED] - Click button "Logout"

2021-01-21 15:39:21 - [TEST_STEP][PASSED] - Close browser: Close browser

2021-01-21 15:39:21 - [MESSAGE][PASSED] - Browser is closed

2021-01-21 15:39:21 - [MESSAGE][PASSED] - Close browser

2021-01-21 15:39:21 - [TEST_CASE][PASSED] - Start Test Case : SCENARIO Search by STATUS Failed due to system error: SCENARIO Search by STATUS Failed due to system error

2021-01-21 15:39:21 - [TEST_STEP][PASSED] - Go to ISTools: Go to ISTools

2021-01-21 15:39:21 - [MESSAGE][INFO] - Starting 'Chrome (headless)' driver

2021-01-21 15:39:21 - [MESSAGE][INFO] - User set preference: ['args', '[--start-maximized, --disable-gpu, --no-proxy-server, â€“-no-sandbox, --allow-running-insecure-content, --ignore-certificate-errors, window-size=1680,814, force-device-scale-factor=2, --lang=en-GB]']

2021-01-21 15:39:21 - [MESSAGE][INFO] - User set preference: ['prefs', '{download.default_directory=/Users/chaidir.pratama01/Katalon Studio/IST_Automation_Git/Download}']

2021-01-21 15:39:21 - [MESSAGE][INFO] - Action delay is set to 0 milliseconds

2021-01-21 15:39:21 - [MESSAGE][PASSED] - Browser is opened with url: ''

2021-01-21 15:39:22 - [MESSAGE][PASSED] - Navigate to 'https://dev-istools.homecredit.id/foundation/' successfully

2021-01-21 15:39:22 - [MESSAGE][PASSED] - Go to ISTools

2021-01-21 15:39:22 - [TEST_STEP][PASSED] - Login IST with valid credentials: Login IST with valid credentials

2021-01-21 15:39:22 - [MESSAGE][PASSED] - Text 'mobile.test' is set on object 'Object Repository/Page_/input_Username_j_username'

2021-01-21 15:39:22 - [MESSAGE][PASSED] - Text ****** has been set on object 'Object Repository/Page_/input_Password_j_password'

2021-01-21 15:39:23 - [MESSAGE][PASSED] - Object: 'Object Repository/Page_/button_Login' is clicked on

2021-01-21 15:39:23 - [MESSAGE][PASSED] - Login IST with valid credentials

2021-01-21 15:39:23 - [TEST_STEP][PASSED] - Login Success: Login Success

2021-01-21 15:39:23 - [MESSAGE][INFO] - Login Success

2021-01-21 15:39:23 - [MESSAGE][PASSED] - Current window maximized

2021-01-21 15:39:23 - [MESSAGE][PASSED] - Object 'Object Repository/Page_/h1_Welcome to IT Supporting Tools' is present

2021-01-21 15:39:23 - [MESSAGE][PASSED] - Login Success

2021-01-21 15:39:23 - [TEST_STEP][PASSED] - Select Arrow Menu "Real Time Disbursement": Select Arrow Menu "Real Time Disbursement"

2021-01-21 15:39:23 - [MESSAGE][PASSED] - Object: '' is clicked on

2021-01-21 15:39:23 - [MESSAGE][PASSED] - Select Arrow Menu "Real Time Disbursement"

2021-01-21 15:39:23 - [TEST_STEP][PASSED] - Select Menu "Disbursement Dashboard": Select Menu "Disbursement Dashboard"

2021-01-21 15:39:24 - [MESSAGE][PASSED] - Taking screenshot successfully
[[ATTACHMENT|/Users/chaidir.pratama01/Documents/Docs/Katalon Studio/Screenshot/test-Disbursement Dashboard.png]]

2021-01-21 15:39:24 - [MESSAGE][PASSED] - Object '' is present

2021-01-21 15:39:24 - [MESSAGE][PASSED] - Object: '' is clicked on

2021-01-21 15:39:24 - [MESSAGE][PASSED] - Wait for page load successfully

2021-01-21 15:39:24 - [MESSAGE][PASSED] - Select Menu "Disbursement Dashboard"

2021-01-21 15:39:24 - [TEST_STEP][PASSED] - Select STATUS "Failed due to system error": Select STATUS "Failed due to system error"

2021-01-21 15:39:24 - [MESSAGE][PASSED] - All options with value 'Failed due to system error' are selected in object ''  using regular expression

2021-01-21 15:39:24 - [MESSAGE][PASSED] - Select STATUS "Failed due to system error"

2021-01-21 15:39:24 - [TEST_STEP][PASSED] - Click button "Search": Click button "Search"

2021-01-21 15:39:24 - [MESSAGE][INFO] - >>>>>//Button[contains(text(),'Search')]

2021-01-21 15:39:27 - [MESSAGE][PASSED] - Object '' is present

2021-01-21 15:39:27 - [MESSAGE][PASSED] - Object: '' is clicked on

2021-01-21 15:39:27 - [MESSAGE][PASSED] - Switched to window with index: '0'

2021-01-21 15:39:27 - [MESSAGE][PASSED] - Click button "Search"

2021-01-21 15:39:27 - [TEST_STEP][PASSED] - Verify Search Result Presents: Verify Search Result Presents

2021-01-21 15:39:27 - [MESSAGE][PASSED] - Object '' is present

2021-01-21 15:39:31 - [MESSAGE][PASSED] - Verify Search Result Presents

2021-01-21 15:39:31 - [TEST_STEP][PASSED] - Click button "Logout": Click button "Logout"

2021-01-21 15:39:31 - [MESSAGE][INFO] - >>>>>//Button[contains(text(),'Logout')]

2021-01-21 15:39:34 - [MESSAGE][PASSED] - Object '' is present

2021-01-21 15:39:34 - [MESSAGE][PASSED] - Object: '' is clicked on

2021-01-21 15:39:34 - [MESSAGE][PASSED] - Switched to window with index: '0'

2021-01-21 15:39:34 - [MESSAGE][PASSED] - Click button "Logout"

2021-01-21 15:39:34 - [TEST_STEP][PASSED] - Close browser: Close browser

2021-01-21 15:39:34 - [MESSAGE][PASSED] - Browser is closed

2021-01-21 15:39:34 - [MESSAGE][PASSED] - Close browser

2021-01-21 15:39:34 - [TEST_CASE][PASSED] - Start Test Case : SCENARIO Search by STATUS Failed due to insufficient fund: SCENARIO Search by STATUS Failed due to insufficient fund

2021-01-21 15:39:34 - [TEST_STEP][PASSED] - Go to ISTools: Go to ISTools

2021-01-21 15:39:34 - [MESSAGE][INFO] - Starting 'Chrome (headless)' driver

2021-01-21 15:39:34 - [MESSAGE][INFO] - User set preference: ['args', '[--start-maximized, --disable-gpu, --no-proxy-server, â€“-no-sandbox, --allow-running-insecure-content, --ignore-certificate-errors, window-size=1680,814, force-device-scale-factor=2, --lang=en-GB]']

2021-01-21 15:39:34 - [MESSAGE][INFO] - User set preference: ['prefs', '{download.default_directory=/Users/chaidir.pratama01/Katalon Studio/IST_Automation_Git/Download}']

2021-01-21 15:39:34 - [MESSAGE][INFO] - Action delay is set to 0 milliseconds

2021-01-21 15:39:34 - [MESSAGE][PASSED] - Browser is opened with url: ''

2021-01-21 15:39:35 - [MESSAGE][PASSED] - Navigate to 'https://dev-istools.homecredit.id/foundation/' successfully

2021-01-21 15:39:35 - [MESSAGE][PASSED] - Go to ISTools

2021-01-21 15:39:35 - [TEST_STEP][PASSED] - Login IST with valid credentials: Login IST with valid credentials

2021-01-21 15:39:35 - [MESSAGE][PASSED] - Text 'mobile.test' is set on object 'Object Repository/Page_/input_Username_j_username'

2021-01-21 15:39:35 - [MESSAGE][PASSED] - Text ****** has been set on object 'Object Repository/Page_/input_Password_j_password'

2021-01-21 15:39:36 - [MESSAGE][PASSED] - Object: 'Object Repository/Page_/button_Login' is clicked on

2021-01-21 15:39:36 - [MESSAGE][PASSED] - Login IST with valid credentials

2021-01-21 15:39:36 - [TEST_STEP][PASSED] - Login Success: Login Success

2021-01-21 15:39:36 - [MESSAGE][INFO] - Login Success

2021-01-21 15:39:36 - [MESSAGE][PASSED] - Current window maximized

2021-01-21 15:39:36 - [MESSAGE][PASSED] - Object 'Object Repository/Page_/h1_Welcome to IT Supporting Tools' is present

2021-01-21 15:39:36 - [MESSAGE][PASSED] - Login Success

2021-01-21 15:39:36 - [TEST_STEP][PASSED] - Select Arrow Menu "Real Time Disbursement": Select Arrow Menu "Real Time Disbursement"

2021-01-21 15:39:36 - [MESSAGE][PASSED] - Object: '' is clicked on

2021-01-21 15:39:36 - [MESSAGE][PASSED] - Select Arrow Menu "Real Time Disbursement"

2021-01-21 15:39:36 - [TEST_STEP][PASSED] - Select Menu "Disbursement Dashboard": Select Menu "Disbursement Dashboard"

2021-01-21 15:39:36 - [MESSAGE][PASSED] - Taking screenshot successfully
[[ATTACHMENT|/Users/chaidir.pratama01/Documents/Docs/Katalon Studio/Screenshot/test-Disbursement Dashboard.png]]

2021-01-21 15:39:36 - [MESSAGE][PASSED] - Object '' is present

2021-01-21 15:39:36 - [MESSAGE][PASSED] - Object: '' is clicked on

2021-01-21 15:39:36 - [MESSAGE][PASSED] - Wait for page load successfully

2021-01-21 15:39:36 - [MESSAGE][PASSED] - Select Menu "Disbursement Dashboard"

2021-01-21 15:39:36 - [TEST_STEP][PASSED] - Select STATUS "Failed due to insufficient fund": Select STATUS "Failed due to insufficient fund"

2021-01-21 15:39:37 - [MESSAGE][PASSED] - All options with value 'Failed due to insufficient fund' are selected in object ''  using regular expression

2021-01-21 15:39:37 - [MESSAGE][PASSED] - Select STATUS "Failed due to insufficient fund"

2021-01-21 15:39:37 - [TEST_STEP][PASSED] - Click button "Search": Click button "Search"

2021-01-21 15:39:37 - [MESSAGE][INFO] - >>>>>//Button[contains(text(),'Search')]

2021-01-21 15:39:40 - [MESSAGE][PASSED] - Object '' is present

2021-01-21 15:39:40 - [MESSAGE][PASSED] - Object: '' is clicked on

2021-01-21 15:39:40 - [MESSAGE][PASSED] - Switched to window with index: '0'

2021-01-21 15:39:40 - [MESSAGE][PASSED] - Click button "Search"

2021-01-21 15:39:40 - [TEST_STEP][PASSED] - Verify Search Result Presents: Verify Search Result Presents

2021-01-21 15:40:11 - [MESSAGE][INFO] - Unable to find the element located by 'By.xpath: //td[@style='display:none' and contains(text(),'-Empty-')]'. Please recheck the objects properties to make sure the desired element is located. 

2021-01-21 15:40:11 - [MESSAGE][WARNING] - com.kms.katalon.core.webui.exception.WebElementNotFoundException: Web element with id: '' located by '//td[@style='display:none' and contains(text(),'-Empty-')]' not found (Root cause: com.kms.katalon.core.exception.StepFailedException: com.kms.katalon.core.webui.exception.WebElementNotFoundException: Web element with id: '' located by '//td[@style='display:none' and contains(text(),'-Empty-')]' not found
	at com.kms.katalon.core.webui.keyword.internal.WebUIKeywordMain.stepFailed(WebUIKeywordMain.groovy:64)
	at com.kms.katalon.core.webui.keyword.builtin.VerifyElementPresentKeyword$_verifyElementPresent_closure1.doCall(VerifyElementPresentKeyword.groovy:85)
	at com.kms.katalon.core.webui.keyword.builtin.VerifyElementPresentKeyword$_verifyElementPresent_closure1.call(VerifyElementPresentKeyword.groovy)
	at com.kms.katalon.core.webui.keyword.internal.WebUIKeywordMain.runKeyword(WebUIKeywordMain.groovy:20)
	at com.kms.katalon.core.webui.keyword.builtin.VerifyElementPresentKeyword.verifyElementPresent(VerifyElementPresentKeyword.groovy:92)
	at com.kms.katalon.core.webui.keyword.builtin.VerifyElementPresentKeyword.execute(VerifyElementPresentKeyword.groovy:68)
	at com.kms.katalon.core.keyword.internal.KeywordExecutor.executeKeywordForPlatform(KeywordExecutor.groovy:73)
	at com.kms.katalon.core.webui.keyword.WebUiBuiltInKeywords.verifyElementPresent(WebUiBuiltInKeywords.groovy:1444)
	at com.kms.katalon.core.webui.keyword.WebUiBuiltInKeywords$verifyElementPresent$11.call(Unknown Source)
	at ist_real.Contract_Dispatcher.VerifyTblFilled(Contract_Dispatcher.groovy:1313)
	at ist_real.Contract_Dispatcher$VerifyTblFilled$0.call(Unknown Source)
	at RTD.Search_Result_Presents(RTD.groovy:187)
	at cucumber.runtime.Utils$1.call(Utils.java:26)
	at cucumber.runtime.Timeout.timeout(Timeout.java:16)
	at cucumber.runtime.Utils.invoke(Utils.java:20)
	at cucumber.runtime.java.JavaStepDefinition.execute(JavaStepDefinition.java:48)
	at cucumber.runtime.PickleStepDefinitionMatch.runStep(PickleStepDefinitionMatch.java:50)
	at cucumber.runner.TestStep.executeStep(TestStep.java:55)
	at cucumber.runner.TestStep.run(TestStep.java:42)
	at cucumber.runner.PickleStepTestStep.run(PickleStepTestStep.java:53)
	at cucumber.runner.TestCase.run(TestCase.java:47)
	at cucumber.runner.Runner.runPickle(Runner.java:44)
	at cucumber.runtime.Runtime.runFeature(Runtime.java:120)
	at cucumber.runtime.Runtime.run(Runtime.java:106)
	at cucumber.api.cli.Main.run(Main.java:35)
	at cucumber.api.cli.Main$run.call(Unknown Source)
	at com.kms.katalon.core.cucumber.keyword.CucumberBuiltinKeywords$_runFeatureFile_closure1.doCall(CucumberBuiltinKeywords.groovy:76)
	at com.kms.katalon.core.cucumber.keyword.CucumberBuiltinKeywords$_runFeatureFile_closure1.doCall(CucumberBuiltinKeywords.groovy)
	at com.kms.katalon.core.keyword.internal.KeywordMain.runKeyword(KeywordMain.groovy:68)
	at com.kms.katalon.core.keyword.internal.KeywordMain$runKeyword.call(Unknown Source)
	at com.kms.katalon.core.cucumber.keyword.CucumberBuiltinKeywords.runFeatureFile(CucumberBuiltinKeywords.groovy:46)
	at com.kms.katalon.core.cucumber.keyword.CucumberBuiltinKeywords$runFeatureFile$0.callStatic(Unknown Source)
	at com.kms.katalon.core.cucumber.keyword.CucumberBuiltinKeywords.runFeatureFile(CucumberBuiltinKeywords.groovy:169)
	at com.kms.katalon.core.cucumber.keyword.CucumberBuiltinKeywords$runFeatureFile.call(Unknown Source)
	at TC_Search_by_STATUS_Disbursement_Dashboard.run(TC_Search_by_STATUS_Disbursement_Dashboard:18)
	at com.kms.katalon.core.main.ScriptEngine.run(ScriptEngine.java:194)
	at com.kms.katalon.core.main.ScriptEngine.runScriptAsRawText(ScriptEngine.java:119)
	at com.kms.katalon.core.main.TestCaseExecutor.runScript(TestCaseExecutor.java:339)
	at com.kms.katalon.core.main.TestCaseExecutor.doExecute(TestCaseExecutor.java:330)
	at com.kms.katalon.core.main.TestCaseExecutor.processExecutionPhase(TestCaseExecutor.java:309)
	at com.kms.katalon.core.main.TestCaseExecutor.accessMainPhase(TestCaseExecutor.java:301)
	at com.kms.katalon.core.main.TestCaseExecutor.execute(TestCaseExecutor.java:235)
	at com.kms.katalon.core.main.TestSuiteExecutor.accessTestCaseMainPhase(TestSuiteExecutor.java:191)
	at com.kms.katalon.core.main.TestSuiteExecutor.accessTestSuiteMainPhase(TestSuiteExecutor.java:141)
	at com.kms.katalon.core.main.TestSuiteExecutor.execute(TestSuiteExecutor.java:90)
	at com.kms.katalon.core.main.TestCaseMain.startTestSuite(TestCaseMain.java:157)
	at com.kms.katalon.core.main.TestCaseMain$startTestSuite$0.call(Unknown Source)
	at TempTestSuite1611218215211.run(TempTestSuite1611218215211.groovy:39)
)
[[ATTACHMENT|/Users/chaidir.pratama01/Katalon Studio/IST_Automation_Git/Reports/20210121_153655/RTD/TS_Disbursement_Dashboard/20210121_153655/1611218411421.png]]

2021-01-21 15:40:11 - [MESSAGE][PASSED] - Verify Search Result Presents

2021-01-21 15:40:11 - [TEST_STEP][PASSED] - Click button "Logout": Click button "Logout"

2021-01-21 15:40:11 - [MESSAGE][INFO] - >>>>>//Button[contains(text(),'Logout')]

2021-01-21 15:40:14 - [MESSAGE][PASSED] - Object '' is present

2021-01-21 15:40:15 - [MESSAGE][PASSED] - Object: '' is clicked on

2021-01-21 15:40:15 - [MESSAGE][PASSED] - Switched to window with index: '0'

2021-01-21 15:40:15 - [MESSAGE][PASSED] - Click button "Logout"

2021-01-21 15:40:15 - [TEST_STEP][PASSED] - Close browser: Close browser

2021-01-21 15:40:15 - [MESSAGE][PASSED] - Browser is closed

2021-01-21 15:40:15 - [MESSAGE][PASSED] - Close browser

2021-01-21 15:40:15 - [TEST_CASE][PASSED] - Start Test Case : SCENARIO Search by STATUS Manual Disbursement: SCENARIO Search by STATUS Manual Disbursement

2021-01-21 15:40:15 - [TEST_STEP][PASSED] - Go to ISTools: Go to ISTools

2021-01-21 15:40:15 - [MESSAGE][INFO] - Starting 'Chrome (headless)' driver

2021-01-21 15:40:15 - [MESSAGE][INFO] - User set preference: ['args', '[--start-maximized, --disable-gpu, --no-proxy-server, â€“-no-sandbox, --allow-running-insecure-content, --ignore-certificate-errors, window-size=1680,814, force-device-scale-factor=2, --lang=en-GB]']

2021-01-21 15:40:15 - [MESSAGE][INFO] - User set preference: ['prefs', '{download.default_directory=/Users/chaidir.pratama01/Katalon Studio/IST_Automation_Git/Download}']

2021-01-21 15:40:15 - [MESSAGE][INFO] - Action delay is set to 0 milliseconds

2021-01-21 15:40:15 - [MESSAGE][PASSED] - Browser is opened with url: ''

2021-01-21 15:40:16 - [MESSAGE][PASSED] - Navigate to 'https://dev-istools.homecredit.id/foundation/' successfully

2021-01-21 15:40:16 - [MESSAGE][PASSED] - Go to ISTools

2021-01-21 15:40:16 - [TEST_STEP][PASSED] - Login IST with valid credentials: Login IST with valid credentials

2021-01-21 15:40:17 - [MESSAGE][PASSED] - Text 'mobile.test' is set on object 'Object Repository/Page_/input_Username_j_username'

2021-01-21 15:40:17 - [MESSAGE][PASSED] - Text ****** has been set on object 'Object Repository/Page_/input_Password_j_password'

2021-01-21 15:40:17 - [MESSAGE][PASSED] - Object: 'Object Repository/Page_/button_Login' is clicked on

2021-01-21 15:40:17 - [MESSAGE][PASSED] - Login IST with valid credentials

2021-01-21 15:40:17 - [TEST_STEP][PASSED] - Login Success: Login Success

2021-01-21 15:40:17 - [MESSAGE][INFO] - Login Success

2021-01-21 15:40:17 - [MESSAGE][PASSED] - Current window maximized

2021-01-21 15:40:17 - [MESSAGE][PASSED] - Object 'Object Repository/Page_/h1_Welcome to IT Supporting Tools' is present

2021-01-21 15:40:17 - [MESSAGE][PASSED] - Login Success

2021-01-21 15:40:17 - [TEST_STEP][PASSED] - Select Arrow Menu "Real Time Disbursement": Select Arrow Menu "Real Time Disbursement"

2021-01-21 15:40:18 - [MESSAGE][PASSED] - Object: '' is clicked on

2021-01-21 15:40:18 - [MESSAGE][PASSED] - Select Arrow Menu "Real Time Disbursement"

2021-01-21 15:40:18 - [TEST_STEP][PASSED] - Select Menu "Disbursement Dashboard": Select Menu "Disbursement Dashboard"

2021-01-21 15:40:18 - [MESSAGE][PASSED] - Taking screenshot successfully
[[ATTACHMENT|/Users/chaidir.pratama01/Documents/Docs/Katalon Studio/Screenshot/test-Disbursement Dashboard.png]]

2021-01-21 15:40:18 - [MESSAGE][PASSED] - Object '' is present

2021-01-21 15:40:18 - [MESSAGE][PASSED] - Object: '' is clicked on

2021-01-21 15:40:18 - [MESSAGE][PASSED] - Wait for page load successfully

2021-01-21 15:40:18 - [MESSAGE][PASSED] - Select Menu "Disbursement Dashboard"

2021-01-21 15:40:18 - [TEST_STEP][PASSED] - Select STATUS "Manual Disbursement": Select STATUS "Manual Disbursement"

2021-01-21 15:40:19 - [MESSAGE][PASSED] - All options with value 'Manual Disbursement' are selected in object ''  using regular expression

2021-01-21 15:40:19 - [MESSAGE][PASSED] - Select STATUS "Manual Disbursement"

2021-01-21 15:40:19 - [TEST_STEP][PASSED] - Click button "Search": Click button "Search"

2021-01-21 15:40:19 - [MESSAGE][INFO] - >>>>>//Button[contains(text(),'Search')]

2021-01-21 15:40:22 - [MESSAGE][PASSED] - Object '' is present

2021-01-21 15:40:22 - [MESSAGE][PASSED] - Object: '' is clicked on

2021-01-21 15:40:22 - [MESSAGE][PASSED] - Switched to window with index: '0'

2021-01-21 15:40:22 - [MESSAGE][PASSED] - Click button "Search"

2021-01-21 15:40:22 - [TEST_STEP][PASSED] - Verify Search Result Presents: Verify Search Result Presents

2021-01-21 15:40:22 - [MESSAGE][PASSED] - Object '' is present

2021-01-21 15:40:29 - [MESSAGE][PASSED] - Verify Search Result Presents

2021-01-21 15:40:29 - [TEST_STEP][PASSED] - Click button "Logout": Click button "Logout"

2021-01-21 15:40:29 - [MESSAGE][INFO] - >>>>>//Button[contains(text(),'Logout')]

2021-01-21 15:40:32 - [MESSAGE][PASSED] - Object '' is present

2021-01-21 15:40:32 - [MESSAGE][PASSED] - Object: '' is clicked on

2021-01-21 15:40:32 - [MESSAGE][PASSED] - Switched to window with index: '0'

2021-01-21 15:40:32 - [MESSAGE][PASSED] - Click button "Logout"

2021-01-21 15:40:32 - [TEST_STEP][PASSED] - Close browser: Close browser

2021-01-21 15:40:32 - [MESSAGE][PASSED] - Browser is closed

2021-01-21 15:40:32 - [MESSAGE][PASSED] - Close browser

2021-01-21 15:40:32 - [TEST_CASE][PASSED] - Start Test Case : SCENARIO Search by STATUS DONE: SCENARIO Search by STATUS DONE

2021-01-21 15:40:32 - [TEST_STEP][PASSED] - Go to ISTools: Go to ISTools

2021-01-21 15:40:32 - [MESSAGE][INFO] - Starting 'Chrome (headless)' driver

2021-01-21 15:40:32 - [MESSAGE][INFO] - User set preference: ['args', '[--start-maximized, --disable-gpu, --no-proxy-server, â€“-no-sandbox, --allow-running-insecure-content, --ignore-certificate-errors, window-size=1680,814, force-device-scale-factor=2, --lang=en-GB]']

2021-01-21 15:40:32 - [MESSAGE][INFO] - User set preference: ['prefs', '{download.default_directory=/Users/chaidir.pratama01/Katalon Studio/IST_Automation_Git/Download}']

2021-01-21 15:40:32 - [MESSAGE][INFO] - Action delay is set to 0 milliseconds

2021-01-21 15:40:32 - [MESSAGE][PASSED] - Browser is opened with url: ''

2021-01-21 15:40:33 - [MESSAGE][PASSED] - Navigate to 'https://dev-istools.homecredit.id/foundation/' successfully

2021-01-21 15:40:33 - [MESSAGE][PASSED] - Go to ISTools

2021-01-21 15:40:33 - [TEST_STEP][PASSED] - Login IST with valid credentials: Login IST with valid credentials

2021-01-21 15:40:33 - [MESSAGE][PASSED] - Text 'mobile.test' is set on object 'Object Repository/Page_/input_Username_j_username'

2021-01-21 15:40:33 - [MESSAGE][PASSED] - Text ****** has been set on object 'Object Repository/Page_/input_Password_j_password'

2021-01-21 15:40:34 - [MESSAGE][PASSED] - Object: 'Object Repository/Page_/button_Login' is clicked on

2021-01-21 15:40:34 - [MESSAGE][PASSED] - Login IST with valid credentials

2021-01-21 15:40:34 - [TEST_STEP][PASSED] - Login Success: Login Success

2021-01-21 15:40:34 - [MESSAGE][INFO] - Login Success

2021-01-21 15:40:34 - [MESSAGE][PASSED] - Current window maximized

2021-01-21 15:40:34 - [MESSAGE][PASSED] - Object 'Object Repository/Page_/h1_Welcome to IT Supporting Tools' is present

2021-01-21 15:40:34 - [MESSAGE][PASSED] - Login Success

2021-01-21 15:40:34 - [TEST_STEP][PASSED] - Select Arrow Menu "Real Time Disbursement": Select Arrow Menu "Real Time Disbursement"

2021-01-21 15:40:34 - [MESSAGE][PASSED] - Object: '' is clicked on

2021-01-21 15:40:34 - [MESSAGE][PASSED] - Select Arrow Menu "Real Time Disbursement"

2021-01-21 15:40:34 - [TEST_STEP][PASSED] - Select Menu "Disbursement Dashboard": Select Menu "Disbursement Dashboard"

2021-01-21 15:40:34 - [MESSAGE][PASSED] - Taking screenshot successfully
[[ATTACHMENT|/Users/chaidir.pratama01/Documents/Docs/Katalon Studio/Screenshot/test-Disbursement Dashboard.png]]

2021-01-21 15:40:35 - [MESSAGE][PASSED] - Object '' is present

2021-01-21 15:40:35 - [MESSAGE][PASSED] - Object: '' is clicked on

2021-01-21 15:40:35 - [MESSAGE][PASSED] - Wait for page load successfully

2021-01-21 15:40:35 - [MESSAGE][PASSED] - Select Menu "Disbursement Dashboard"

2021-01-21 15:40:35 - [TEST_STEP][PASSED] - Select STATUS "DONE": Select STATUS "DONE"

2021-01-21 15:40:35 - [MESSAGE][PASSED] - All options with value 'DONE' are selected in object ''  using regular expression

2021-01-21 15:40:35 - [MESSAGE][PASSED] - Select STATUS "DONE"

2021-01-21 15:40:35 - [TEST_STEP][PASSED] - Click button "Search": Click button "Search"

2021-01-21 15:40:35 - [MESSAGE][INFO] - >>>>>//Button[contains(text(),'Search')]

2021-01-21 15:40:38 - [MESSAGE][PASSED] - Object '' is present

2021-01-21 15:40:38 - [MESSAGE][PASSED] - Object: '' is clicked on

2021-01-21 15:40:38 - [MESSAGE][PASSED] - Switched to window with index: '0'

2021-01-21 15:40:38 - [MESSAGE][PASSED] - Click button "Search"

2021-01-21 15:40:38 - [TEST_STEP][PASSED] - Verify Search Result Presents: Verify Search Result Presents

2021-01-21 15:40:38 - [MESSAGE][PASSED] - Object '' is present

2021-01-21 15:40:45 - [MESSAGE][PASSED] - Verify Search Result Presents

2021-01-21 15:40:45 - [TEST_STEP][PASSED] - Click button "Logout": Click button "Logout"

2021-01-21 15:40:45 - [MESSAGE][INFO] - >>>>>//Button[contains(text(),'Logout')]

2021-01-21 15:40:48 - [MESSAGE][PASSED] - Object '' is present

2021-01-21 15:40:48 - [MESSAGE][PASSED] - Object: '' is clicked on

2021-01-21 15:40:48 - [MESSAGE][PASSED] - Switched to window with index: '0'

2021-01-21 15:40:48 - [MESSAGE][PASSED] - Click button "Logout"

2021-01-21 15:40:48 - [TEST_STEP][PASSED] - Close browser: Close browser

2021-01-21 15:40:48 - [MESSAGE][PASSED] - Browser is closed

2021-01-21 15:40:48 - [MESSAGE][PASSED] - Close browser

2021-01-21 15:40:48 - [TEST_CASE][PASSED] - Start Test Case : SCENARIO Search by STATUS Waiting Partner Confirmation: SCENARIO Search by STATUS Waiting Partner Confirmation

2021-01-21 15:40:48 - [TEST_STEP][PASSED] - Go to ISTools: Go to ISTools

2021-01-21 15:40:48 - [MESSAGE][INFO] - Starting 'Chrome (headless)' driver

2021-01-21 15:40:48 - [MESSAGE][INFO] - User set preference: ['args', '[--start-maximized, --disable-gpu, --no-proxy-server, â€“-no-sandbox, --allow-running-insecure-content, --ignore-certificate-errors, window-size=1680,814, force-device-scale-factor=2, --lang=en-GB]']

2021-01-21 15:40:48 - [MESSAGE][INFO] - User set preference: ['prefs', '{download.default_directory=/Users/chaidir.pratama01/Katalon Studio/IST_Automation_Git/Download}']

2021-01-21 15:40:48 - [MESSAGE][INFO] - Action delay is set to 0 milliseconds

2021-01-21 15:40:49 - [MESSAGE][PASSED] - Browser is opened with url: ''

2021-01-21 15:40:49 - [MESSAGE][PASSED] - Navigate to 'https://dev-istools.homecredit.id/foundation/' successfully

2021-01-21 15:40:49 - [MESSAGE][PASSED] - Go to ISTools

2021-01-21 15:40:49 - [TEST_STEP][PASSED] - Login IST with valid credentials: Login IST with valid credentials

2021-01-21 15:40:49 - [MESSAGE][PASSED] - Text 'mobile.test' is set on object 'Object Repository/Page_/input_Username_j_username'

2021-01-21 15:40:50 - [MESSAGE][PASSED] - Text ****** has been set on object 'Object Repository/Page_/input_Password_j_password'

2021-01-21 15:40:50 - [MESSAGE][PASSED] - Object: 'Object Repository/Page_/button_Login' is clicked on

2021-01-21 15:40:50 - [MESSAGE][PASSED] - Login IST with valid credentials

2021-01-21 15:40:50 - [TEST_STEP][PASSED] - Login Success: Login Success

2021-01-21 15:40:50 - [MESSAGE][INFO] - Login Success

2021-01-21 15:40:50 - [MESSAGE][PASSED] - Current window maximized

2021-01-21 15:40:50 - [MESSAGE][PASSED] - Object 'Object Repository/Page_/h1_Welcome to IT Supporting Tools' is present

2021-01-21 15:40:50 - [MESSAGE][PASSED] - Login Success

2021-01-21 15:40:50 - [TEST_STEP][PASSED] - Select Arrow Menu "Real Time Disbursement": Select Arrow Menu "Real Time Disbursement"

2021-01-21 15:40:50 - [MESSAGE][PASSED] - Object: '' is clicked on

2021-01-21 15:40:50 - [MESSAGE][PASSED] - Select Arrow Menu "Real Time Disbursement"

2021-01-21 15:40:50 - [TEST_STEP][PASSED] - Select Menu "Disbursement Dashboard": Select Menu "Disbursement Dashboard"

2021-01-21 15:40:51 - [MESSAGE][PASSED] - Taking screenshot successfully
[[ATTACHMENT|/Users/chaidir.pratama01/Documents/Docs/Katalon Studio/Screenshot/test-Disbursement Dashboard.png]]

2021-01-21 15:40:51 - [MESSAGE][PASSED] - Object '' is present

2021-01-21 15:40:51 - [MESSAGE][PASSED] - Object: '' is clicked on

2021-01-21 15:40:51 - [MESSAGE][PASSED] - Wait for page load successfully

2021-01-21 15:40:51 - [MESSAGE][PASSED] - Select Menu "Disbursement Dashboard"

2021-01-21 15:40:51 - [TEST_STEP][PASSED] - Select STATUS "Waiting Partner Confirmation": Select STATUS "Waiting Partner Confirmation"

2021-01-21 15:40:51 - [MESSAGE][PASSED] - All options with value 'Waiting Partner Confirmation' are selected in object ''  using regular expression

2021-01-21 15:40:51 - [MESSAGE][PASSED] - Select STATUS "Waiting Partner Confirmation"

2021-01-21 15:40:51 - [TEST_STEP][PASSED] - Click button "Search": Click button "Search"

2021-01-21 15:40:51 - [MESSAGE][INFO] - >>>>>//Button[contains(text(),'Search')]

2021-01-21 15:40:54 - [MESSAGE][PASSED] - Object '' is present

2021-01-21 15:40:54 - [MESSAGE][PASSED] - Object: '' is clicked on

2021-01-21 15:40:54 - [MESSAGE][PASSED] - Switched to window with index: '0'

2021-01-21 15:40:54 - [MESSAGE][PASSED] - Click button "Search"

2021-01-21 15:40:54 - [TEST_STEP][PASSED] - Verify Search Result Presents: Verify Search Result Presents

2021-01-21 15:40:55 - [MESSAGE][PASSED] - Object '' is present

2021-01-21 15:40:59 - [MESSAGE][PASSED] - Verify Search Result Presents

2021-01-21 15:40:59 - [TEST_STEP][PASSED] - Click button "Logout": Click button "Logout"

2021-01-21 15:40:59 - [MESSAGE][INFO] - >>>>>//Button[contains(text(),'Logout')]

2021-01-21 15:41:02 - [MESSAGE][PASSED] - Object '' is present

2021-01-21 15:41:02 - [MESSAGE][PASSED] - Object: '' is clicked on

2021-01-21 15:41:02 - [MESSAGE][PASSED] - Switched to window with index: '0'

2021-01-21 15:41:02 - [MESSAGE][PASSED] - Click button "Logout"

2021-01-21 15:41:02 - [TEST_STEP][PASSED] - Close browser: Close browser

2021-01-21 15:41:02 - [MESSAGE][PASSED] - Browser is closed

2021-01-21 15:41:02 - [MESSAGE][PASSED] - Close browser

2021-01-21 15:41:02 - [TEST_CASE][PASSED] - Start Test Case : SCENARIO Search by STATUS Success to Disburse: SCENARIO Search by STATUS Success to Disburse

2021-01-21 15:41:02 - [TEST_STEP][PASSED] - Go to ISTools: Go to ISTools

2021-01-21 15:41:02 - [MESSAGE][INFO] - Starting 'Chrome (headless)' driver

2021-01-21 15:41:02 - [MESSAGE][INFO] - User set preference: ['args', '[--start-maximized, --disable-gpu, --no-proxy-server, â€“-no-sandbox, --allow-running-insecure-content, --ignore-certificate-errors, window-size=1680,814, force-device-scale-factor=2, --lang=en-GB]']

2021-01-21 15:41:02 - [MESSAGE][INFO] - User set preference: ['prefs', '{download.default_directory=/Users/chaidir.pratama01/Katalon Studio/IST_Automation_Git/Download}']

2021-01-21 15:41:02 - [MESSAGE][INFO] - Action delay is set to 0 milliseconds

2021-01-21 15:41:02 - [MESSAGE][PASSED] - Browser is opened with url: ''

2021-01-21 15:41:03 - [MESSAGE][PASSED] - Navigate to 'https://dev-istools.homecredit.id/foundation/' successfully

2021-01-21 15:41:03 - [MESSAGE][PASSED] - Go to ISTools

2021-01-21 15:41:03 - [TEST_STEP][PASSED] - Login IST with valid credentials: Login IST with valid credentials

2021-01-21 15:41:03 - [MESSAGE][PASSED] - Text 'mobile.test' is set on object 'Object Repository/Page_/input_Username_j_username'

2021-01-21 15:41:04 - [MESSAGE][PASSED] - Text ****** has been set on object 'Object Repository/Page_/input_Password_j_password'

2021-01-21 15:41:04 - [MESSAGE][PASSED] - Object: 'Object Repository/Page_/button_Login' is clicked on

2021-01-21 15:41:04 - [MESSAGE][PASSED] - Login IST with valid credentials

2021-01-21 15:41:04 - [TEST_STEP][PASSED] - Login Success: Login Success

2021-01-21 15:41:04 - [MESSAGE][INFO] - Login Success

2021-01-21 15:41:04 - [MESSAGE][PASSED] - Current window maximized

2021-01-21 15:41:04 - [MESSAGE][PASSED] - Object 'Object Repository/Page_/h1_Welcome to IT Supporting Tools' is present

2021-01-21 15:41:04 - [MESSAGE][PASSED] - Login Success

2021-01-21 15:41:04 - [TEST_STEP][PASSED] - Select Arrow Menu "Real Time Disbursement": Select Arrow Menu "Real Time Disbursement"

2021-01-21 15:41:04 - [MESSAGE][PASSED] - Object: '' is clicked on

2021-01-21 15:41:04 - [MESSAGE][PASSED] - Select Arrow Menu "Real Time Disbursement"

2021-01-21 15:41:04 - [TEST_STEP][PASSED] - Select Menu "Disbursement Dashboard": Select Menu "Disbursement Dashboard"

2021-01-21 15:41:05 - [MESSAGE][PASSED] - Taking screenshot successfully
[[ATTACHMENT|/Users/chaidir.pratama01/Documents/Docs/Katalon Studio/Screenshot/test-Disbursement Dashboard.png]]

2021-01-21 15:41:05 - [MESSAGE][PASSED] - Object '' is present

2021-01-21 15:41:05 - [MESSAGE][PASSED] - Object: '' is clicked on

2021-01-21 15:41:05 - [MESSAGE][PASSED] - Wait for page load successfully

2021-01-21 15:41:05 - [MESSAGE][PASSED] - Select Menu "Disbursement Dashboard"

2021-01-21 15:41:05 - [TEST_STEP][PASSED] - Select STATUS "Success to Disburse": Select STATUS "Success to Disburse"

2021-01-21 15:41:05 - [MESSAGE][PASSED] - All options with value 'Success to Disburse' are selected in object ''  using regular expression

2021-01-21 15:41:05 - [MESSAGE][PASSED] - Select STATUS "Success to Disburse"

2021-01-21 15:41:05 - [TEST_STEP][PASSED] - Click button "Search": Click button "Search"

2021-01-21 15:41:05 - [MESSAGE][INFO] - >>>>>//Button[contains(text(),'Search')]

2021-01-21 15:41:08 - [MESSAGE][PASSED] - Object '' is present

2021-01-21 15:41:08 - [MESSAGE][PASSED] - Object: '' is clicked on

2021-01-21 15:41:08 - [MESSAGE][PASSED] - Switched to window with index: '0'

2021-01-21 15:41:08 - [MESSAGE][PASSED] - Click button "Search"

2021-01-21 15:41:08 - [TEST_STEP][PASSED] - Verify Search Result Presents: Verify Search Result Presents

2021-01-21 15:41:09 - [MESSAGE][PASSED] - Object '' is present

2021-01-21 15:41:09 - [MESSAGE][PASSED] - Verify Search Result Presents

2021-01-21 15:41:09 - [TEST_STEP][PASSED] - Click button "Logout": Click button "Logout"

2021-01-21 15:41:09 - [MESSAGE][INFO] - >>>>>//Button[contains(text(),'Logout')]

2021-01-21 15:41:12 - [MESSAGE][PASSED] - Object '' is present

2021-01-21 15:41:12 - [MESSAGE][PASSED] - Object: '' is clicked on

2021-01-21 15:41:12 - [MESSAGE][PASSED] - Switched to window with index: '0'

2021-01-21 15:41:12 - [MESSAGE][PASSED] - Click button "Logout"

2021-01-21 15:41:12 - [TEST_STEP][PASSED] - Close browser: Close browser

2021-01-21 15:41:12 - [MESSAGE][PASSED] - Browser is closed

2021-01-21 15:41:12 - [MESSAGE][PASSED] - Close browser

2021-01-21 15:41:12 - [MESSAGE][PASSED] - Feature file: 'Include/features/IST_Real/RTD/Disbursement_Dashboard/Search_by_STATUS_Disbursement_Dashboard.feature' was passed]]></system-out>
         <system-err><![CDATA[]]></system-err>
      </testcase>
      <testcase name="Test Cases/RTD/Disbursement Dashboard/TC_Export_Data_Disbursement_Dashboard" time="9.358" classname="Test Cases/RTD/Disbursement Dashboard/TC_Export_Data_Disbursement_Dashboard" status="FAILED">
         <failure type="FAILED" message="Test Cases/RTD/Disbursement Dashboard/TC_Export_Data_Disbursement_Dashboard FAILED.
Reason:
com.kms.katalon.core.exception.StepFailedException: Feature file 'Include/features/IST_Real/RTD/Disbursement_Dashboard/Export_Data_Disbursement_Dashboard.feature' was failed
	at com.kms.katalon.core.keyword.internal.KeywordMain.stepFailed(KeywordMain.groovy:50)
	at com.kms.katalon.core.keyword.internal.KeywordMain.stepFailed(KeywordMain.groovy)
	at com.kms.katalon.core.keyword.internal.KeywordMain.stepFailed(KeywordMain.groovy:23)
	at com.kms.katalon.core.keyword.internal.KeywordMain$stepFailed$0.call(Unknown Source)
	at com.kms.katalon.core.cucumber.keyword.CucumberBuiltinKeywords$_runFeatureFile_closure1.doCall(CucumberBuiltinKeywords.groovy:82)
	at com.kms.katalon.core.cucumber.keyword.CucumberBuiltinKeywords$_runFeatureFile_closure1.doCall(CucumberBuiltinKeywords.groovy)
	at com.kms.katalon.core.keyword.internal.KeywordMain.runKeyword(KeywordMain.groovy:68)
	at com.kms.katalon.core.keyword.internal.KeywordMain$runKeyword.call(Unknown Source)
	at com.kms.katalon.core.cucumber.keyword.CucumberBuiltinKeywords.runFeatureFile(CucumberBuiltinKeywords.groovy:46)
	at com.kms.katalon.core.cucumber.keyword.CucumberBuiltinKeywords$runFeatureFile$0.callStatic(Unknown Source)
	at com.kms.katalon.core.cucumber.keyword.CucumberBuiltinKeywords.runFeatureFile(CucumberBuiltinKeywords.groovy:169)
	at com.kms.katalon.core.cucumber.keyword.CucumberBuiltinKeywords$runFeatureFile.call(Unknown Source)
	at TC_Export_Data_Disbursement_Dashboard.run(TC_Export_Data_Disbursement_Dashboard:18)
	at com.kms.katalon.core.main.ScriptEngine.run(ScriptEngine.java:194)
	at com.kms.katalon.core.main.ScriptEngine.runScriptAsRawText(ScriptEngine.java:119)
	at com.kms.katalon.core.main.TestCaseExecutor.runScript(TestCaseExecutor.java:339)
	at com.kms.katalon.core.main.TestCaseExecutor.doExecute(TestCaseExecutor.java:330)
	at com.kms.katalon.core.main.TestCaseExecutor.processExecutionPhase(TestCaseExecutor.java:309)
	at com.kms.katalon.core.main.TestCaseExecutor.accessMainPhase(TestCaseExecutor.java:301)
	at com.kms.katalon.core.main.TestCaseExecutor.execute(TestCaseExecutor.java:235)
	at com.kms.katalon.core.main.TestSuiteExecutor.accessTestCaseMainPhase(TestSuiteExecutor.java:191)
	at com.kms.katalon.core.main.TestSuiteExecutor.accessTestSuiteMainPhase(TestSuiteExecutor.java:141)
	at com.kms.katalon.core.main.TestSuiteExecutor.execute(TestSuiteExecutor.java:90)
	at com.kms.katalon.core.main.TestCaseMain.startTestSuite(TestCaseMain.java:157)
	at com.kms.katalon.core.main.TestCaseMain$startTestSuite$0.call(Unknown Source)
	at TempTestSuite1611218215211.run(TempTestSuite1611218215211.groovy:39)
"/>
         <system-out><![CDATA[2021-01-21 15:41:12 - [TEST_CASE][FAILED] - Test Cases/RTD/Disbursement Dashboard/TC_Export_Data_Disbursement_Dashboard: Test Cases/RTD/Disbursement Dashboard/TC_Export_Data_Disbursement_Dashboard FAILED.
Reason:
com.kms.katalon.core.exception.StepFailedException: Feature file 'Include/features/IST_Real/RTD/Disbursement_Dashboard/Export_Data_Disbursement_Dashboard.feature' was failed
	at com.kms.katalon.core.keyword.internal.KeywordMain.stepFailed(KeywordMain.groovy:50)
	at com.kms.katalon.core.keyword.internal.KeywordMain.stepFailed(KeywordMain.groovy)
	at com.kms.katalon.core.keyword.internal.KeywordMain.stepFailed(KeywordMain.groovy:23)
	at com.kms.katalon.core.keyword.internal.KeywordMain$stepFailed$0.call(Unknown Source)
	at com.kms.katalon.core.cucumber.keyword.CucumberBuiltinKeywords$_runFeatureFile_closure1.doCall(CucumberBuiltinKeywords.groovy:82)
	at com.kms.katalon.core.cucumber.keyword.CucumberBuiltinKeywords$_runFeatureFile_closure1.doCall(CucumberBuiltinKeywords.groovy)
	at com.kms.katalon.core.keyword.internal.KeywordMain.runKeyword(KeywordMain.groovy:68)
	at com.kms.katalon.core.keyword.internal.KeywordMain$runKeyword.call(Unknown Source)
	at com.kms.katalon.core.cucumber.keyword.CucumberBuiltinKeywords.runFeatureFile(CucumberBuiltinKeywords.groovy:46)
	at com.kms.katalon.core.cucumber.keyword.CucumberBuiltinKeywords$runFeatureFile$0.callStatic(Unknown Source)
	at com.kms.katalon.core.cucumber.keyword.CucumberBuiltinKeywords.runFeatureFile(CucumberBuiltinKeywords.groovy:169)
	at com.kms.katalon.core.cucumber.keyword.CucumberBuiltinKeywords$runFeatureFile.call(Unknown Source)
	at TC_Export_Data_Disbursement_Dashboard.run(TC_Export_Data_Disbursement_Dashboard:18)
	at com.kms.katalon.core.main.ScriptEngine.run(ScriptEngine.java:194)
	at com.kms.katalon.core.main.ScriptEngine.runScriptAsRawText(ScriptEngine.java:119)
	at com.kms.katalon.core.main.TestCaseExecutor.runScript(TestCaseExecutor.java:339)
	at com.kms.katalon.core.main.TestCaseExecutor.doExecute(TestCaseExecutor.java:330)
	at com.kms.katalon.core.main.TestCaseExecutor.processExecutionPhase(TestCaseExecutor.java:309)
	at com.kms.katalon.core.main.TestCaseExecutor.accessMainPhase(TestCaseExecutor.java:301)
	at com.kms.katalon.core.main.TestCaseExecutor.execute(TestCaseExecutor.java:235)
	at com.kms.katalon.core.main.TestSuiteExecutor.accessTestCaseMainPhase(TestSuiteExecutor.java:191)
	at com.kms.katalon.core.main.TestSuiteExecutor.accessTestSuiteMainPhase(TestSuiteExecutor.java:141)
	at com.kms.katalon.core.main.TestSuiteExecutor.execute(TestSuiteExecutor.java:90)
	at com.kms.katalon.core.main.TestCaseMain.startTestSuite(TestCaseMain.java:157)
	at com.kms.katalon.core.main.TestCaseMain$startTestSuite$0.call(Unknown Source)
	at TempTestSuite1611218215211.run(TempTestSuite1611218215211.groovy:39)


2021-01-21 15:41:12 - [TEST_STEP][FAILED] - runFeatureFile("Include/features/IST_Real/RTD/Disbursement_Dashboard/Export_Data_Disbursement_Dashboard.feature"): Keyword runFeatureFile was failed (Root cause: com.kms.katalon.core.exception.StepFailedException: Feature file 'Include/features/IST_Real/RTD/Disbursement_Dashboard/Export_Data_Disbursement_Dashboard.feature' was failed
	at com.kms.katalon.core.keyword.internal.KeywordMain.stepFailed(KeywordMain.groovy:50)
	at com.kms.katalon.core.keyword.internal.KeywordMain.stepFailed(KeywordMain.groovy)
	at com.kms.katalon.core.keyword.internal.KeywordMain.stepFailed(KeywordMain.groovy:23)
	at com.kms.katalon.core.keyword.internal.KeywordMain$stepFailed$0.call(Unknown Source)
	at com.kms.katalon.core.cucumber.keyword.CucumberBuiltinKeywords$_runFeatureFile_closure1.doCall(CucumberBuiltinKeywords.groovy:82)
	at com.kms.katalon.core.cucumber.keyword.CucumberBuiltinKeywords$_runFeatureFile_closure1.doCall(CucumberBuiltinKeywords.groovy)
	at com.kms.katalon.core.keyword.internal.KeywordMain.runKeyword(KeywordMain.groovy:68)
	at com.kms.katalon.core.keyword.internal.KeywordMain$runKeyword.call(Unknown Source)
	at com.kms.katalon.core.cucumber.keyword.CucumberBuiltinKeywords.runFeatureFile(CucumberBuiltinKeywords.groovy:46)
	at com.kms.katalon.core.cucumber.keyword.CucumberBuiltinKeywords$runFeatureFile$0.callStatic(Unknown Source)
	at com.kms.katalon.core.cucumber.keyword.CucumberBuiltinKeywords.runFeatureFile(CucumberBuiltinKeywords.groovy:169)
	at com.kms.katalon.core.cucumber.keyword.CucumberBuiltinKeywords$runFeatureFile.call(Unknown Source)
	at TC_Export_Data_Disbursement_Dashboard.run(TC_Export_Data_Disbursement_Dashboard:18)
	at com.kms.katalon.core.main.ScriptEngine.run(ScriptEngine.java:194)
	at com.kms.katalon.core.main.ScriptEngine.runScriptAsRawText(ScriptEngine.java:119)
	at com.kms.katalon.core.main.TestCaseExecutor.runScript(TestCaseExecutor.java:339)
	at com.kms.katalon.core.main.TestCaseExecutor.doExecute(TestCaseExecutor.java:330)
	at com.kms.katalon.core.main.TestCaseExecutor.processExecutionPhase(TestCaseExecutor.java:309)
	at com.kms.katalon.core.main.TestCaseExecutor.accessMainPhase(TestCaseExecutor.java:301)
	at com.kms.katalon.core.main.TestCaseExecutor.execute(TestCaseExecutor.java:235)
	at com.kms.katalon.core.main.TestSuiteExecutor.accessTestCaseMainPhase(TestSuiteExecutor.java:191)
	at com.kms.katalon.core.main.TestSuiteExecutor.accessTestSuiteMainPhase(TestSuiteExecutor.java:141)
	at com.kms.katalon.core.main.TestSuiteExecutor.execute(TestSuiteExecutor.java:90)
	at com.kms.katalon.core.main.TestCaseMain.startTestSuite(TestCaseMain.java:157)
	at com.kms.katalon.core.main.TestCaseMain$startTestSuite$0.call(Unknown Source)
	at TempTestSuite1611218215211.run(TempTestSuite1611218215211.groovy:39)
)

2021-01-21 15:41:12 - [MESSAGE][INFO] - Starting run keyword runFeatureFile: 'Include/features/IST_Real/RTD/Disbursement_Dashboard/Export_Data_Disbursement_Dashboard.feature' and extract report to folder: '/Users/chaidir.pratama01/Katalon Studio/IST_Automation_Git/Reports/20210121_153655/RTD/TS_Disbursement_Dashboard/20210121_153655/cucumber_report/1611218472955'...

2021-01-21 15:41:13 - [TEST_CASE][FAILED] - Start Test Case : SCENARIO Export Data: SCENARIO Export Data FAILED.
Reason:
com.kms.katalon.core.exception.StepFailedException: Cannot take screenshot
	at com.kms.katalon.core.webui.keyword.internal.WebUIKeywordMain.stepFailed(WebUIKeywordMain.groovy:64)
	at com.kms.katalon.core.webui.keyword.internal.WebUIKeywordMain.runKeyword(WebUIKeywordMain.groovy:26)
	at com.kms.katalon.core.webui.keyword.builtin.TakeScreenshotKeyword.takeScreenshot(TakeScreenshotKeyword.groovy:88)
	at com.kms.katalon.core.webui.keyword.builtin.TakeScreenshotKeyword.execute(TakeScreenshotKeyword.groovy:71)
	at com.kms.katalon.core.keyword.internal.KeywordExecutor.executeKeywordForPlatform(KeywordExecutor.groovy:73)
	at com.kms.katalon.core.webui.keyword.WebUiBuiltInKeywords.takeScreenshot(WebUiBuiltInKeywords.groovy:2907)
	at com.kms.katalon.core.webui.keyword.WebUiBuiltInKeywords$takeScreenshot$6.call(Unknown Source)
	at ist_real.Contract_Dispatcher.ClickButton(Contract_Dispatcher.groovy:637)
	at âœ½.Click button "Export Data"(/Users/chaidir.pratama01/Katalon Studio/IST_Automation_Git/Include/features/IST_Real/RTD/Disbursement_Dashboard/Export_Data_Disbursement_Dashboard.feature:35)
Caused by: org.openqa.selenium.UnhandledAlertException: unexpected alert open: <unknown>
  (Session info: headless chrome=87.0.4280.141): 
Build info: version: '3.141.59', revision: 'e82be7d358', time: '2018-11-14T08:25:53'
System info: host: 'M-Chaidir-Pratama.local', ip: 'fe80:0:0:0:14e4:ed6f:bc3b:fd01%en0', os.name: 'Mac OS X', os.arch: 'x86_64', os.version: '10.15', java.version: '1.8.0_181'
Driver info: com.kms.katalon.selenium.driver.CChromeDriver
Capabilities {acceptInsecureCerts: false, browserName: chrome, browserVersion: 87.0.4280.141, chrome: {chromedriverVersion: 87.0.4280.88 (89e2380a3e36c..., userDataDir: /var/folders/0s/4_d154xd6dq...}, goog:chromeOptions: {debuggerAddress: localhost:56684}, javascriptEnabled: true, networkConnectionEnabled: false, pageLoadStrategy: normal, platform: MAC, platformName: MAC, proxy: Proxy(), setWindowRect: true, strictFileInteractability: false, timeouts: {implicit: 0, pageLoad: 300000, script: 30000}, unhandledPromptBehavior: dismiss and notify, webauthn:virtualAuthenticators: true}
Session ID: 89f7eb0a3f85d17eeee10abf025a6e29
	at org.openqa.selenium.remote.http.W3CHttpResponseCodec.decode(W3CHttpResponseCodec.java:120)
	at org.openqa.selenium.remote.http.W3CHttpResponseCodec.decode(W3CHttpResponseCodec.java:49)
	at org.openqa.selenium.remote.HttpCommandExecutor.execute(HttpCommandExecutor.java:158)
	at org.openqa.selenium.remote.service.DriverCommandExecutor.execute(DriverCommandExecutor.java:83)
	at org.openqa.selenium.remote.RemoteWebDriver.execute(RemoteWebDriver.java:552)
	at com.kms.katalon.selenium.driver.CChromeDriver.execute(CChromeDriver.java:19)
	at org.openqa.selenium.remote.RemoteWebDriver.execute(RemoteWebDriver.java:609)
	at org.openqa.selenium.remote.RemoteWebDriver.getScreenshotAs(RemoteWebDriver.java:295)
	at org.openqa.selenium.support.events.EventFiringWebDriver.lambda$new$1(EventFiringWebDriver.java:105)
	at com.sun.proxy.$Proxy18.getScreenshotAs(Unknown Source)
	at org.openqa.selenium.support.events.EventFiringWebDriver.getScreenshotAs(EventFiringWebDriver.java:302)
	at com.kms.katalon.core.webui.util.FileUtil.takesScreenshot(FileUtil.java:32)
	at com.kms.katalon.core.webui.keyword.builtin.TakeScreenshotKeyword$_takeScreenshot_closure1.doCall(TakeScreenshotKeyword.groovy:89)
	at com.kms.katalon.core.webui.keyword.builtin.TakeScreenshotKeyword$_takeScreenshot_closure1.call(TakeScreenshotKeyword.groovy)
	at com.kms.katalon.core.webui.keyword.internal.WebUIKeywordMain.runKeyword(WebUIKeywordMain.groovy:20)
	at com.kms.katalon.core.webui.keyword.builtin.TakeScreenshotKeyword.takeScreenshot(TakeScreenshotKeyword.groovy:88)
	at com.kms.katalon.core.webui.keyword.builtin.TakeScreenshotKeyword.execute(TakeScreenshotKeyword.groovy:71)
	at com.kms.katalon.core.keyword.internal.KeywordExecutor.executeKeywordForPlatform(KeywordExecutor.groovy:73)
	at com.kms.katalon.core.webui.keyword.WebUiBuiltInKeywords.takeScreenshot(WebUiBuiltInKeywords.groovy:2907)
	at com.kms.katalon.core.webui.keyword.WebUiBuiltInKeywords$takeScreenshot$6.call(Unknown Source)
	at ist_real.Contract_Dispatcher.ClickButton(Contract_Dispatcher.groovy:637)
	at cucumber.runtime.Utils$1.call(Utils.java:26)
	at cucumber.runtime.Timeout.timeout(Timeout.java:16)
	at cucumber.runtime.Utils.invoke(Utils.java:20)
	at cucumber.runtime.java.JavaStepDefinition.execute(JavaStepDefinition.java:48)
	at cucumber.runtime.PickleStepDefinitionMatch.runStep(PickleStepDefinitionMatch.java:50)
	at cucumber.runner.TestStep.executeStep(TestStep.java:55)
	at cucumber.runner.TestStep.run(TestStep.java:42)
	at cucumber.runner.PickleStepTestStep.run(PickleStepTestStep.java:53)
	at cucumber.runner.TestCase.run(TestCase.java:47)
	at cucumber.runner.Runner.runPickle(Runner.java:44)
	at cucumber.runtime.Runtime.runFeature(Runtime.java:120)
	at cucumber.runtime.Runtime.run(Runtime.java:106)
	at cucumber.api.cli.Main.run(Main.java:35)
	at cucumber.api.cli.Main$run.call(Unknown Source)
	at com.kms.katalon.core.cucumber.keyword.CucumberBuiltinKeywords$_runFeatureFile_closure1.doCall(CucumberBuiltinKeywords.groovy:76)
	at com.kms.katalon.core.cucumber.keyword.CucumberBuiltinKeywords$_runFeatureFile_closure1.doCall(CucumberBuiltinKeywords.groovy)
	at com.kms.katalon.core.keyword.internal.KeywordMain.runKeyword(KeywordMain.groovy:68)
	at com.kms.katalon.core.keyword.internal.KeywordMain$runKeyword.call(Unknown Source)
	at com.kms.katalon.core.cucumber.keyword.CucumberBuiltinKeywords.runFeatureFile(CucumberBuiltinKeywords.groovy:46)
	at com.kms.katalon.core.cucumber.keyword.CucumberBuiltinKeywords$runFeatureFile$0.callStatic(Unknown Source)
	at com.kms.katalon.core.cucumber.keyword.CucumberBuiltinKeywords.runFeatureFile(CucumberBuiltinKeywords.groovy:169)
	at com.kms.katalon.core.cucumber.keyword.CucumberBuiltinKeywords$runFeatureFile.call(Unknown Source)
	at TC_Export_Data_Disbursement_Dashboard.run(TC_Export_Data_Disbursement_Dashboard:18)
	at com.kms.katalon.core.main.ScriptEngine.run(ScriptEngine.java:194)
	at com.kms.katalon.core.main.ScriptEngine.runScriptAsRawText(ScriptEngine.java:119)
	at com.kms.katalon.core.main.TestCaseExecutor.runScript(TestCaseExecutor.java:339)
	at com.kms.katalon.core.main.TestCaseExecutor.doExecute(TestCaseExecutor.java:330)
	at com.kms.katalon.core.main.TestCaseExecutor.processExecutionPhase(TestCaseExecutor.java:309)
	at com.kms.katalon.core.main.TestCaseExecutor.accessMainPhase(TestCaseExecutor.java:301)
	at com.kms.katalon.core.main.TestCaseExecutor.execute(TestCaseExecutor.java:235)
	at com.kms.katalon.core.main.TestSuiteExecutor.accessTestCaseMainPhase(TestSuiteExecutor.java:191)
	at com.kms.katalon.core.main.TestSuiteExecutor.accessTestSuiteMainPhase(TestSuiteExecutor.java:141)
	at com.kms.katalon.core.main.TestSuiteExecutor.execute(TestSuiteExecutor.java:90)
	at com.kms.katalon.core.main.TestCaseMain.startTestSuite(TestCaseMain.java:157)
	at com.kms.katalon.core.main.TestCaseMain$startTestSuite$0.call(Unknown Source)
	at TempTestSuite1611218215211.run(TempTestSuite1611218215211.groovy:39)


2021-01-21 15:41:13 - [TEST_STEP][PASSED] - Go to ISTools: Go to ISTools

2021-01-21 15:41:13 - [MESSAGE][INFO] - Starting 'Chrome (headless)' driver

2021-01-21 15:41:13 - [MESSAGE][INFO] - User set preference: ['args', '[--start-maximized, --disable-gpu, --no-proxy-server, â€“-no-sandbox, --allow-running-insecure-content, --ignore-certificate-errors, window-size=1680,814, force-device-scale-factor=2, --lang=en-GB]']

2021-01-21 15:41:13 - [MESSAGE][INFO] - User set preference: ['prefs', '{download.default_directory=/Users/chaidir.pratama01/Katalon Studio/IST_Automation_Git/Download}']

2021-01-21 15:41:13 - [MESSAGE][INFO] - Action delay is set to 0 milliseconds

2021-01-21 15:41:13 - [MESSAGE][PASSED] - Browser is opened with url: ''

2021-01-21 15:41:14 - [MESSAGE][PASSED] - Navigate to 'https://dev-istools.homecredit.id/foundation/' successfully

2021-01-21 15:41:14 - [MESSAGE][PASSED] - Go to ISTools

2021-01-21 15:41:14 - [TEST_STEP][PASSED] - Login IST with valid credentials: Login IST with valid credentials

2021-01-21 15:41:14 - [MESSAGE][PASSED] - Text 'mobile.test' is set on object 'Object Repository/Page_/input_Username_j_username'

2021-01-21 15:41:14 - [MESSAGE][PASSED] - Text ****** has been set on object 'Object Repository/Page_/input_Password_j_password'

2021-01-21 15:41:14 - [MESSAGE][PASSED] - Object: 'Object Repository/Page_/button_Login' is clicked on

2021-01-21 15:41:14 - [MESSAGE][PASSED] - Login IST with valid credentials

2021-01-21 15:41:14 - [TEST_STEP][PASSED] - Login Success: Login Success

2021-01-21 15:41:14 - [MESSAGE][INFO] - Login Success

2021-01-21 15:41:14 - [MESSAGE][PASSED] - Current window maximized

2021-01-21 15:41:14 - [MESSAGE][PASSED] - Object 'Object Repository/Page_/h1_Welcome to IT Supporting Tools' is present

2021-01-21 15:41:14 - [MESSAGE][PASSED] - Login Success

2021-01-21 15:41:14 - [TEST_STEP][PASSED] - Select Arrow Menu "Real Time Disbursement": Select Arrow Menu "Real Time Disbursement"

2021-01-21 15:41:15 - [MESSAGE][PASSED] - Object: '' is clicked on

2021-01-21 15:41:15 - [MESSAGE][PASSED] - Select Arrow Menu "Real Time Disbursement"

2021-01-21 15:41:15 - [TEST_STEP][PASSED] - Select Menu "Disbursement Dashboard": Select Menu "Disbursement Dashboard"

2021-01-21 15:41:15 - [MESSAGE][PASSED] - Taking screenshot successfully
[[ATTACHMENT|/Users/chaidir.pratama01/Documents/Docs/Katalon Studio/Screenshot/test-Disbursement Dashboard.png]]

2021-01-21 15:41:15 - [MESSAGE][PASSED] - Object '' is present

2021-01-21 15:41:15 - [MESSAGE][PASSED] - Object: '' is clicked on

2021-01-21 15:41:15 - [MESSAGE][PASSED] - Wait for page load successfully

2021-01-21 15:41:15 - [MESSAGE][PASSED] - Select Menu "Disbursement Dashboard"

2021-01-21 15:41:15 - [TEST_STEP][PASSED] - Input Contract RTD in Contract Number label: Input Contract RTD in Contract Number label

2021-01-21 15:41:15 - [MESSAGE][PASSED] - Text '4000014162' is set on object ''

2021-01-21 15:41:15 - [MESSAGE][PASSED] - Input Contract RTD in Contract Number label

2021-01-21 15:41:15 - [TEST_STEP][PASSED] - Click button "Search": Click button "Search"

2021-01-21 15:41:15 - [MESSAGE][INFO] - >>>>>//Button[contains(text(),'Search')]

2021-01-21 15:41:18 - [MESSAGE][PASSED] - Object '' is present

2021-01-21 15:41:19 - [MESSAGE][PASSED] - Object: '' is clicked on

2021-01-21 15:41:19 - [MESSAGE][PASSED] - Switched to window with index: '0'

2021-01-21 15:41:19 - [MESSAGE][PASSED] - Click button "Search"

2021-01-21 15:41:19 - [TEST_STEP][PASSED] - Verify Table Filled: Verify Table Filled

2021-01-21 15:41:19 - [MESSAGE][PASSED] - Object '' is present

2021-01-21 15:41:19 - [MESSAGE][PASSED] - Verify Table Filled

2021-01-21 15:41:19 - [TEST_STEP][FAILED] - Click button "Export Data": Click button "Export Data" FAILED.
Reason:
com.kms.katalon.core.exception.StepFailedException: Cannot take screenshot
	at com.kms.katalon.core.webui.keyword.internal.WebUIKeywordMain.stepFailed(WebUIKeywordMain.groovy:64)
	at com.kms.katalon.core.webui.keyword.internal.WebUIKeywordMain.runKeyword(WebUIKeywordMain.groovy:26)
	at com.kms.katalon.core.webui.keyword.builtin.TakeScreenshotKeyword.takeScreenshot(TakeScreenshotKeyword.groovy:88)
	at com.kms.katalon.core.webui.keyword.builtin.TakeScreenshotKeyword.execute(TakeScreenshotKeyword.groovy:71)
	at com.kms.katalon.core.keyword.internal.KeywordExecutor.executeKeywordForPlatform(KeywordExecutor.groovy:73)
	at com.kms.katalon.core.webui.keyword.WebUiBuiltInKeywords.takeScreenshot(WebUiBuiltInKeywords.groovy:2907)
	at com.kms.katalon.core.webui.keyword.WebUiBuiltInKeywords$takeScreenshot$6.call(Unknown Source)
	at ist_real.Contract_Dispatcher.ClickButton(Contract_Dispatcher.groovy:637)
	at âœ½.Click button "Export Data"(/Users/chaidir.pratama01/Katalon Studio/IST_Automation_Git/Include/features/IST_Real/RTD/Disbursement_Dashboard/Export_Data_Disbursement_Dashboard.feature:35)
Caused by: org.openqa.selenium.UnhandledAlertException: unexpected alert open: <unknown>
  (Session info: headless chrome=87.0.4280.141): 
Build info: version: '3.141.59', revision: 'e82be7d358', time: '2018-11-14T08:25:53'
System info: host: 'M-Chaidir-Pratama.local', ip: 'fe80:0:0:0:14e4:ed6f:bc3b:fd01%en0', os.name: 'Mac OS X', os.arch: 'x86_64', os.version: '10.15', java.version: '1.8.0_181'
Driver info: com.kms.katalon.selenium.driver.CChromeDriver
Capabilities {acceptInsecureCerts: false, browserName: chrome, browserVersion: 87.0.4280.141, chrome: {chromedriverVersion: 87.0.4280.88 (89e2380a3e36c..., userDataDir: /var/folders/0s/4_d154xd6dq...}, goog:chromeOptions: {debuggerAddress: localhost:56684}, javascriptEnabled: true, networkConnectionEnabled: false, pageLoadStrategy: normal, platform: MAC, platformName: MAC, proxy: Proxy(), setWindowRect: true, strictFileInteractability: false, timeouts: {implicit: 0, pageLoad: 300000, script: 30000}, unhandledPromptBehavior: dismiss and notify, webauthn:virtualAuthenticators: true}
Session ID: 89f7eb0a3f85d17eeee10abf025a6e29
	at org.openqa.selenium.remote.http.W3CHttpResponseCodec.decode(W3CHttpResponseCodec.java:120)
	at org.openqa.selenium.remote.http.W3CHttpResponseCodec.decode(W3CHttpResponseCodec.java:49)
	at org.openqa.selenium.remote.HttpCommandExecutor.execute(HttpCommandExecutor.java:158)
	at org.openqa.selenium.remote.service.DriverCommandExecutor.execute(DriverCommandExecutor.java:83)
	at org.openqa.selenium.remote.RemoteWebDriver.execute(RemoteWebDriver.java:552)
	at com.kms.katalon.selenium.driver.CChromeDriver.execute(CChromeDriver.java:19)
	at org.openqa.selenium.remote.RemoteWebDriver.execute(RemoteWebDriver.java:609)
	at org.openqa.selenium.remote.RemoteWebDriver.getScreenshotAs(RemoteWebDriver.java:295)
	at org.openqa.selenium.support.events.EventFiringWebDriver.lambda$new$1(EventFiringWebDriver.java:105)
	at com.sun.proxy.$Proxy18.getScreenshotAs(Unknown Source)
	at org.openqa.selenium.support.events.EventFiringWebDriver.getScreenshotAs(EventFiringWebDriver.java:302)
	at com.kms.katalon.core.webui.util.FileUtil.takesScreenshot(FileUtil.java:32)
	at com.kms.katalon.core.webui.keyword.builtin.TakeScreenshotKeyword$_takeScreenshot_closure1.doCall(TakeScreenshotKeyword.groovy:89)
	at com.kms.katalon.core.webui.keyword.builtin.TakeScreenshotKeyword$_takeScreenshot_closure1.call(TakeScreenshotKeyword.groovy)
	at com.kms.katalon.core.webui.keyword.internal.WebUIKeywordMain.runKeyword(WebUIKeywordMain.groovy:20)
	at com.kms.katalon.core.webui.keyword.builtin.TakeScreenshotKeyword.takeScreenshot(TakeScreenshotKeyword.groovy:88)
	at com.kms.katalon.core.webui.keyword.builtin.TakeScreenshotKeyword.execute(TakeScreenshotKeyword.groovy:71)
	at com.kms.katalon.core.keyword.internal.KeywordExecutor.executeKeywordForPlatform(KeywordExecutor.groovy:73)
	at com.kms.katalon.core.webui.keyword.WebUiBuiltInKeywords.takeScreenshot(WebUiBuiltInKeywords.groovy:2907)
	at com.kms.katalon.core.webui.keyword.WebUiBuiltInKeywords$takeScreenshot$6.call(Unknown Source)
	at ist_real.Contract_Dispatcher.ClickButton(Contract_Dispatcher.groovy:637)
	at cucumber.runtime.Utils$1.call(Utils.java:26)
	at cucumber.runtime.Timeout.timeout(Timeout.java:16)
	at cucumber.runtime.Utils.invoke(Utils.java:20)
	at cucumber.runtime.java.JavaStepDefinition.execute(JavaStepDefinition.java:48)
	at cucumber.runtime.PickleStepDefinitionMatch.runStep(PickleStepDefinitionMatch.java:50)
	at cucumber.runner.TestStep.executeStep(TestStep.java:55)
	at cucumber.runner.TestStep.run(TestStep.java:42)
	at cucumber.runner.PickleStepTestStep.run(PickleStepTestStep.java:53)
	at cucumber.runner.TestCase.run(TestCase.java:47)
	at cucumber.runner.Runner.runPickle(Runner.java:44)
	at cucumber.runtime.Runtime.runFeature(Runtime.java:120)
	at cucumber.runtime.Runtime.run(Runtime.java:106)
	at cucumber.api.cli.Main.run(Main.java:35)
	at cucumber.api.cli.Main$run.call(Unknown Source)
	at com.kms.katalon.core.cucumber.keyword.CucumberBuiltinKeywords$_runFeatureFile_closure1.doCall(CucumberBuiltinKeywords.groovy:76)
	at com.kms.katalon.core.cucumber.keyword.CucumberBuiltinKeywords$_runFeatureFile_closure1.doCall(CucumberBuiltinKeywords.groovy)
	at com.kms.katalon.core.keyword.internal.KeywordMain.runKeyword(KeywordMain.groovy:68)
	at com.kms.katalon.core.keyword.internal.KeywordMain$runKeyword.call(Unknown Source)
	at com.kms.katalon.core.cucumber.keyword.CucumberBuiltinKeywords.runFeatureFile(CucumberBuiltinKeywords.groovy:46)
	at com.kms.katalon.core.cucumber.keyword.CucumberBuiltinKeywords$runFeatureFile$0.callStatic(Unknown Source)
	at com.kms.katalon.core.cucumber.keyword.CucumberBuiltinKeywords.runFeatureFile(CucumberBuiltinKeywords.groovy:169)
	at com.kms.katalon.core.cucumber.keyword.CucumberBuiltinKeywords$runFeatureFile.call(Unknown Source)
	at TC_Export_Data_Disbursement_Dashboard.run(TC_Export_Data_Disbursement_Dashboard:18)
	at com.kms.katalon.core.main.ScriptEngine.run(ScriptEngine.java:194)
	at com.kms.katalon.core.main.ScriptEngine.runScriptAsRawText(ScriptEngine.java:119)
	at com.kms.katalon.core.main.TestCaseExecutor.runScript(TestCaseExecutor.java:339)
	at com.kms.katalon.core.main.TestCaseExecutor.doExecute(TestCaseExecutor.java:330)
	at com.kms.katalon.core.main.TestCaseExecutor.processExecutionPhase(TestCaseExecutor.java:309)
	at com.kms.katalon.core.main.TestCaseExecutor.accessMainPhase(TestCaseExecutor.java:301)
	at com.kms.katalon.core.main.TestCaseExecutor.execute(TestCaseExecutor.java:235)
	at com.kms.katalon.core.main.TestSuiteExecutor.accessTestCaseMainPhase(TestSuiteExecutor.java:191)
	at com.kms.katalon.core.main.TestSuiteExecutor.accessTestSuiteMainPhase(TestSuiteExecutor.java:141)
	at com.kms.katalon.core.main.TestSuiteExecutor.execute(TestSuiteExecutor.java:90)
	at com.kms.katalon.core.main.TestCaseMain.startTestSuite(TestCaseMain.java:157)
	at com.kms.katalon.core.main.TestCaseMain$startTestSuite$0.call(Unknown Source)
	at TempTestSuite1611218215211.run(TempTestSuite1611218215211.groovy:39)


2021-01-21 15:41:19 - [MESSAGE][INFO] - >>>>>//Button[contains(text(),'Export Data')]

2021-01-21 15:41:22 - [MESSAGE][PASSED] - Object: '' is clicked on

2021-01-21 15:41:22 - [MESSAGE][WARNING] - Cannot take screenshot

2021-01-21 15:41:22 - [MESSAGE][FAILED] - Cannot take screenshot (Root cause: com.kms.katalon.core.exception.StepFailedException: Cannot take screenshot
	at com.kms.katalon.core.webui.keyword.internal.WebUIKeywordMain.stepFailed(WebUIKeywordMain.groovy:64)
	at com.kms.katalon.core.webui.keyword.internal.WebUIKeywordMain.runKeyword(WebUIKeywordMain.groovy:26)
	at com.kms.katalon.core.webui.keyword.builtin.TakeScreenshotKeyword.takeScreenshot(TakeScreenshotKeyword.groovy:88)
	at com.kms.katalon.core.webui.keyword.builtin.TakeScreenshotKeyword.execute(TakeScreenshotKeyword.groovy:71)
	at com.kms.katalon.core.keyword.internal.KeywordExecutor.executeKeywordForPlatform(KeywordExecutor.groovy:73)
	at com.kms.katalon.core.webui.keyword.WebUiBuiltInKeywords.takeScreenshot(WebUiBuiltInKeywords.groovy:2907)
	at com.kms.katalon.core.webui.keyword.WebUiBuiltInKeywords$takeScreenshot$6.call(Unknown Source)
	at ist_real.Contract_Dispatcher.ClickButton(Contract_Dispatcher.groovy:637)
	at cucumber.runtime.Utils$1.call(Utils.java:26)
	at cucumber.runtime.Timeout.timeout(Timeout.java:16)
	at cucumber.runtime.Utils.invoke(Utils.java:20)
	at cucumber.runtime.java.JavaStepDefinition.execute(JavaStepDefinition.java:48)
	at cucumber.runtime.PickleStepDefinitionMatch.runStep(PickleStepDefinitionMatch.java:50)
	at cucumber.runner.TestStep.executeStep(TestStep.java:55)
	at cucumber.runner.TestStep.run(TestStep.java:42)
	at cucumber.runner.PickleStepTestStep.run(PickleStepTestStep.java:53)
	at cucumber.runner.TestCase.run(TestCase.java:47)
	at cucumber.runner.Runner.runPickle(Runner.java:44)
	at cucumber.runtime.Runtime.runFeature(Runtime.java:120)
	at cucumber.runtime.Runtime.run(Runtime.java:106)
	at cucumber.api.cli.Main.run(Main.java:35)
	at cucumber.api.cli.Main$run.call(Unknown Source)
	at com.kms.katalon.core.cucumber.keyword.CucumberBuiltinKeywords$_runFeatureFile_closure1.doCall(CucumberBuiltinKeywords.groovy:76)
	at com.kms.katalon.core.cucumber.keyword.CucumberBuiltinKeywords$_runFeatureFile_closure1.doCall(CucumberBuiltinKeywords.groovy)
	at com.kms.katalon.core.keyword.internal.KeywordMain.runKeyword(KeywordMain.groovy:68)
	at com.kms.katalon.core.keyword.internal.KeywordMain$runKeyword.call(Unknown Source)
	at com.kms.katalon.core.cucumber.keyword.CucumberBuiltinKeywords.runFeatureFile(CucumberBuiltinKeywords.groovy:46)
	at com.kms.katalon.core.cucumber.keyword.CucumberBuiltinKeywords$runFeatureFile$0.callStatic(Unknown Source)
	at com.kms.katalon.core.cucumber.keyword.CucumberBuiltinKeywords.runFeatureFile(CucumberBuiltinKeywords.groovy:169)
	at com.kms.katalon.core.cucumber.keyword.CucumberBuiltinKeywords$runFeatureFile.call(Unknown Source)
	at TC_Export_Data_Disbursement_Dashboard.run(TC_Export_Data_Disbursement_Dashboard:18)
	at com.kms.katalon.core.main.ScriptEngine.run(ScriptEngine.java:194)
	at com.kms.katalon.core.main.ScriptEngine.runScriptAsRawText(ScriptEngine.java:119)
	at com.kms.katalon.core.main.TestCaseExecutor.runScript(TestCaseExecutor.java:339)
	at com.kms.katalon.core.main.TestCaseExecutor.doExecute(TestCaseExecutor.java:330)
	at com.kms.katalon.core.main.TestCaseExecutor.processExecutionPhase(TestCaseExecutor.java:309)
	at com.kms.katalon.core.main.TestCaseExecutor.accessMainPhase(TestCaseExecutor.java:301)
	at com.kms.katalon.core.main.TestCaseExecutor.execute(TestCaseExecutor.java:235)
	at com.kms.katalon.core.main.TestSuiteExecutor.accessTestCaseMainPhase(TestSuiteExecutor.java:191)
	at com.kms.katalon.core.main.TestSuiteExecutor.accessTestSuiteMainPhase(TestSuiteExecutor.java:141)
	at com.kms.katalon.core.main.TestSuiteExecutor.execute(TestSuiteExecutor.java:90)
	at com.kms.katalon.core.main.TestCaseMain.startTestSuite(TestCaseMain.java:157)
	at com.kms.katalon.core.main.TestCaseMain$startTestSuite$0.call(Unknown Source)
	at TempTestSuite1611218215211.run(TempTestSuite1611218215211.groovy:39)
Caused by: org.openqa.selenium.UnhandledAlertException: unexpected alert open: <unknown>
  (Session info: headless chrome=87.0.4280.141): 
Build info: version: '3.141.59', revision: 'e82be7d358', time: '2018-11-14T08:25:53'
System info: host: 'M-Chaidir-Pratama.local', ip: 'fe80:0:0:0:14e4:ed6f:bc3b:fd01%en0', os.name: 'Mac OS X', os.arch: 'x86_64', os.version: '10.15', java.version: '1.8.0_181'
Driver info: com.kms.katalon.selenium.driver.CChromeDriver
Capabilities {acceptInsecureCerts: false, browserName: chrome, browserVersion: 87.0.4280.141, chrome: {chromedriverVersion: 87.0.4280.88 (89e2380a3e36c..., userDataDir: /var/folders/0s/4_d154xd6dq...}, goog:chromeOptions: {debuggerAddress: localhost:56684}, javascriptEnabled: true, networkConnectionEnabled: false, pageLoadStrategy: normal, platform: MAC, platformName: MAC, proxy: Proxy(), setWindowRect: true, strictFileInteractability: false, timeouts: {implicit: 0, pageLoad: 300000, script: 30000}, unhandledPromptBehavior: dismiss and notify, webauthn:virtualAuthenticators: true}
Session ID: 89f7eb0a3f85d17eeee10abf025a6e29
	at org.openqa.selenium.remote.http.W3CHttpResponseCodec.decode(W3CHttpResponseCodec.java:120)
	at org.openqa.selenium.remote.http.W3CHttpResponseCodec.decode(W3CHttpResponseCodec.java:49)
	at org.openqa.selenium.remote.HttpCommandExecutor.execute(HttpCommandExecutor.java:158)
	at org.openqa.selenium.remote.service.DriverCommandExecutor.execute(DriverCommandExecutor.java:83)
	at org.openqa.selenium.remote.RemoteWebDriver.execute(RemoteWebDriver.java:552)
	at com.kms.katalon.selenium.driver.CChromeDriver.execute(CChromeDriver.java:19)
	at org.openqa.selenium.remote.RemoteWebDriver.execute(RemoteWebDriver.java:609)
	at org.openqa.selenium.remote.RemoteWebDriver.getScreenshotAs(RemoteWebDriver.java:295)
	at org.openqa.selenium.support.events.EventFiringWebDriver.lambda$new$1(EventFiringWebDriver.java:105)
	at com.sun.proxy.$Proxy18.getScreenshotAs(Unknown Source)
	at org.openqa.selenium.support.events.EventFiringWebDriver.getScreenshotAs(EventFiringWebDriver.java:302)
	at com.kms.katalon.core.webui.util.FileUtil.takesScreenshot(FileUtil.java:32)
	at com.kms.katalon.core.webui.keyword.builtin.TakeScreenshotKeyword$_takeScreenshot_closure1.doCall(TakeScreenshotKeyword.groovy:89)
	at com.kms.katalon.core.webui.keyword.builtin.TakeScreenshotKeyword$_takeScreenshot_closure1.call(TakeScreenshotKeyword.groovy)
	at com.kms.katalon.core.webui.keyword.internal.WebUIKeywordMain.runKeyword(WebUIKeywordMain.groovy:20)
	at com.kms.katalon.core.webui.keyword.builtin.TakeScreenshotKeyword.takeScreenshot(TakeScreenshotKeyword.groovy:88)
	at com.kms.katalon.core.webui.keyword.builtin.TakeScreenshotKeyword.execute(TakeScreenshotKeyword.groovy:71)
	at com.kms.katalon.core.keyword.internal.KeywordExecutor.executeKeywordForPlatform(KeywordExecutor.groovy:73)
	at com.kms.katalon.core.webui.keyword.WebUiBuiltInKeywords.takeScreenshot(WebUiBuiltInKeywords.groovy:2907)
	at com.kms.katalon.core.webui.keyword.WebUiBuiltInKeywords$takeScreenshot$6.call(Unknown Source)
	at ist_real.Contract_Dispatcher.ClickButton(Contract_Dispatcher.groovy:637)
	at cucumber.runtime.Utils$1.call(Utils.java:26)
	at cucumber.runtime.Timeout.timeout(Timeout.java:16)
	at cucumber.runtime.Utils.invoke(Utils.java:20)
	at cucumber.runtime.java.JavaStepDefinition.execute(JavaStepDefinition.java:48)
	at cucumber.runtime.PickleStepDefinitionMatch.runStep(PickleStepDefinitionMatch.java:50)
	at cucumber.runner.TestStep.executeStep(TestStep.java:55)
	at cucumber.runner.TestStep.run(TestStep.java:42)
	at cucumber.runner.PickleStepTestStep.run(PickleStepTestStep.java:53)
	at cucumber.runner.TestCase.run(TestCase.java:47)
	at cucumber.runner.Runner.runPickle(Runner.java:44)
	at cucumber.runtime.Runtime.runFeature(Runtime.java:120)
	at cucumber.runtime.Runtime.run(Runtime.java:106)
	at cucumber.api.cli.Main.run(Main.java:35)
	at cucumber.api.cli.Main$run.call(Unknown Source)
	at com.kms.katalon.core.cucumber.keyword.CucumberBuiltinKeywords$_runFeatureFile_closure1.doCall(CucumberBuiltinKeywords.groovy:76)
	at com.kms.katalon.core.cucumber.keyword.CucumberBuiltinKeywords$_runFeatureFile_closure1.doCall(CucumberBuiltinKeywords.groovy)
	at com.kms.katalon.core.keyword.internal.KeywordMain.runKeyword(KeywordMain.groovy:68)
	at com.kms.katalon.core.keyword.internal.KeywordMain$runKeyword.call(Unknown Source)
	at com.kms.katalon.core.cucumber.keyword.CucumberBuiltinKeywords.runFeatureFile(CucumberBuiltinKeywords.groovy:46)
	at com.kms.katalon.core.cucumber.keyword.CucumberBuiltinKeywords$runFeatureFile$0.callStatic(Unknown Source)
	at com.kms.katalon.core.cucumber.keyword.CucumberBuiltinKeywords.runFeatureFile(CucumberBuiltinKeywords.groovy:169)
	at com.kms.katalon.core.cucumber.keyword.CucumberBuiltinKeywords$runFeatureFile.call(Unknown Source)
	at Script1611043030395.run(Script1611043030395.groovy:18)
	... 13 more
)

2021-01-21 15:41:22 - [MESSAGE][FAILED] - Click button "Export Data" FAILED.
Reason:
com.kms.katalon.core.exception.StepFailedException: Cannot take screenshot
	at com.kms.katalon.core.webui.keyword.internal.WebUIKeywordMain.stepFailed(WebUIKeywordMain.groovy:64)
	at com.kms.katalon.core.webui.keyword.internal.WebUIKeywordMain.runKeyword(WebUIKeywordMain.groovy:26)
	at com.kms.katalon.core.webui.keyword.builtin.TakeScreenshotKeyword.takeScreenshot(TakeScreenshotKeyword.groovy:88)
	at com.kms.katalon.core.webui.keyword.builtin.TakeScreenshotKeyword.execute(TakeScreenshotKeyword.groovy:71)
	at com.kms.katalon.core.keyword.internal.KeywordExecutor.executeKeywordForPlatform(KeywordExecutor.groovy:73)
	at com.kms.katalon.core.webui.keyword.WebUiBuiltInKeywords.takeScreenshot(WebUiBuiltInKeywords.groovy:2907)
	at com.kms.katalon.core.webui.keyword.WebUiBuiltInKeywords$takeScreenshot$6.call(Unknown Source)
	at ist_real.Contract_Dispatcher.ClickButton(Contract_Dispatcher.groovy:637)
	at âœ½.Click button "Export Data"(/Users/chaidir.pratama01/Katalon Studio/IST_Automation_Git/Include/features/IST_Real/RTD/Disbursement_Dashboard/Export_Data_Disbursement_Dashboard.feature:35)
Caused by: org.openqa.selenium.UnhandledAlertException: unexpected alert open: <unknown>
  (Session info: headless chrome=87.0.4280.141): 
Build info: version: '3.141.59', revision: 'e82be7d358', time: '2018-11-14T08:25:53'
System info: host: 'M-Chaidir-Pratama.local', ip: 'fe80:0:0:0:14e4:ed6f:bc3b:fd01%en0', os.name: 'Mac OS X', os.arch: 'x86_64', os.version: '10.15', java.version: '1.8.0_181'
Driver info: com.kms.katalon.selenium.driver.CChromeDriver
Capabilities {acceptInsecureCerts: false, browserName: chrome, browserVersion: 87.0.4280.141, chrome: {chromedriverVersion: 87.0.4280.88 (89e2380a3e36c..., userDataDir: /var/folders/0s/4_d154xd6dq...}, goog:chromeOptions: {debuggerAddress: localhost:56684}, javascriptEnabled: true, networkConnectionEnabled: false, pageLoadStrategy: normal, platform: MAC, platformName: MAC, proxy: Proxy(), setWindowRect: true, strictFileInteractability: false, timeouts: {implicit: 0, pageLoad: 300000, script: 30000}, unhandledPromptBehavior: dismiss and notify, webauthn:virtualAuthenticators: true}
Session ID: 89f7eb0a3f85d17eeee10abf025a6e29
	at org.openqa.selenium.remote.http.W3CHttpResponseCodec.decode(W3CHttpResponseCodec.java:120)
	at org.openqa.selenium.remote.http.W3CHttpResponseCodec.decode(W3CHttpResponseCodec.java:49)
	at org.openqa.selenium.remote.HttpCommandExecutor.execute(HttpCommandExecutor.java:158)
	at org.openqa.selenium.remote.service.DriverCommandExecutor.execute(DriverCommandExecutor.java:83)
	at org.openqa.selenium.remote.RemoteWebDriver.execute(RemoteWebDriver.java:552)
	at com.kms.katalon.selenium.driver.CChromeDriver.execute(CChromeDriver.java:19)
	at org.openqa.selenium.remote.RemoteWebDriver.execute(RemoteWebDriver.java:609)
	at org.openqa.selenium.remote.RemoteWebDriver.getScreenshotAs(RemoteWebDriver.java:295)
	at org.openqa.selenium.support.events.EventFiringWebDriver.lambda$new$1(EventFiringWebDriver.java:105)
	at com.sun.proxy.$Proxy18.getScreenshotAs(Unknown Source)
	at org.openqa.selenium.support.events.EventFiringWebDriver.getScreenshotAs(EventFiringWebDriver.java:302)
	at com.kms.katalon.core.webui.util.FileUtil.takesScreenshot(FileUtil.java:32)
	at com.kms.katalon.core.webui.keyword.builtin.TakeScreenshotKeyword$_takeScreenshot_closure1.doCall(TakeScreenshotKeyword.groovy:89)
	at com.kms.katalon.core.webui.keyword.builtin.TakeScreenshotKeyword$_takeScreenshot_closure1.call(TakeScreenshotKeyword.groovy)
	at com.kms.katalon.core.webui.keyword.internal.WebUIKeywordMain.runKeyword(WebUIKeywordMain.groovy:20)
	at com.kms.katalon.core.webui.keyword.builtin.TakeScreenshotKeyword.takeScreenshot(TakeScreenshotKeyword.groovy:88)
	at com.kms.katalon.core.webui.keyword.builtin.TakeScreenshotKeyword.execute(TakeScreenshotKeyword.groovy:71)
	at com.kms.katalon.core.keyword.internal.KeywordExecutor.executeKeywordForPlatform(KeywordExecutor.groovy:73)
	at com.kms.katalon.core.webui.keyword.WebUiBuiltInKeywords.takeScreenshot(WebUiBuiltInKeywords.groovy:2907)
	at com.kms.katalon.core.webui.keyword.WebUiBuiltInKeywords$takeScreenshot$6.call(Unknown Source)
	at ist_real.Contract_Dispatcher.ClickButton(Contract_Dispatcher.groovy:637)
	at cucumber.runtime.Utils$1.call(Utils.java:26)
	at cucumber.runtime.Timeout.timeout(Timeout.java:16)
	at cucumber.runtime.Utils.invoke(Utils.java:20)
	at cucumber.runtime.java.JavaStepDefinition.execute(JavaStepDefinition.java:48)
	at cucumber.runtime.PickleStepDefinitionMatch.runStep(PickleStepDefinitionMatch.java:50)
	at cucumber.runner.TestStep.executeStep(TestStep.java:55)
	at cucumber.runner.TestStep.run(TestStep.java:42)
	at cucumber.runner.PickleStepTestStep.run(PickleStepTestStep.java:53)
	at cucumber.runner.TestCase.run(TestCase.java:47)
	at cucumber.runner.Runner.runPickle(Runner.java:44)
	at cucumber.runtime.Runtime.runFeature(Runtime.java:120)
	at cucumber.runtime.Runtime.run(Runtime.java:106)
	at cucumber.api.cli.Main.run(Main.java:35)
	at cucumber.api.cli.Main$run.call(Unknown Source)
	at com.kms.katalon.core.cucumber.keyword.CucumberBuiltinKeywords$_runFeatureFile_closure1.doCall(CucumberBuiltinKeywords.groovy:76)
	at com.kms.katalon.core.cucumber.keyword.CucumberBuiltinKeywords$_runFeatureFile_closure1.doCall(CucumberBuiltinKeywords.groovy)
	at com.kms.katalon.core.keyword.internal.KeywordMain.runKeyword(KeywordMain.groovy:68)
	at com.kms.katalon.core.keyword.internal.KeywordMain$runKeyword.call(Unknown Source)
	at com.kms.katalon.core.cucumber.keyword.CucumberBuiltinKeywords.runFeatureFile(CucumberBuiltinKeywords.groovy:46)
	at com.kms.katalon.core.cucumber.keyword.CucumberBuiltinKeywords$runFeatureFile$0.callStatic(Unknown Source)
	at com.kms.katalon.core.cucumber.keyword.CucumberBuiltinKeywords.runFeatureFile(CucumberBuiltinKeywords.groovy:169)
	at com.kms.katalon.core.cucumber.keyword.CucumberBuiltinKeywords$runFeatureFile.call(Unknown Source)
	at TC_Export_Data_Disbursement_Dashboard.run(TC_Export_Data_Disbursement_Dashboard:18)
	at com.kms.katalon.core.main.ScriptEngine.run(ScriptEngine.java:194)
	at com.kms.katalon.core.main.ScriptEngine.runScriptAsRawText(ScriptEngine.java:119)
	at com.kms.katalon.core.main.TestCaseExecutor.runScript(TestCaseExecutor.java:339)
	at com.kms.katalon.core.main.TestCaseExecutor.doExecute(TestCaseExecutor.java:330)
	at com.kms.katalon.core.main.TestCaseExecutor.processExecutionPhase(TestCaseExecutor.java:309)
	at com.kms.katalon.core.main.TestCaseExecutor.accessMainPhase(TestCaseExecutor.java:301)
	at com.kms.katalon.core.main.TestCaseExecutor.execute(TestCaseExecutor.java:235)
	at com.kms.katalon.core.main.TestSuiteExecutor.accessTestCaseMainPhase(TestSuiteExecutor.java:191)
	at com.kms.katalon.core.main.TestSuiteExecutor.accessTestSuiteMainPhase(TestSuiteExecutor.java:141)
	at com.kms.katalon.core.main.TestSuiteExecutor.execute(TestSuiteExecutor.java:90)
	at com.kms.katalon.core.main.TestCaseMain.startTestSuite(TestCaseMain.java:157)
	at com.kms.katalon.core.main.TestCaseMain$startTestSuite$0.call(Unknown Source)
	at TempTestSuite1611218215211.run(TempTestSuite1611218215211.groovy:39)


2021-01-21 15:41:22 - [MESSAGE][FAILED] - Feature file 'Include/features/IST_Real/RTD/Disbursement_Dashboard/Export_Data_Disbursement_Dashboard.feature' was failed

2021-01-21 15:41:22 - [MESSAGE][FAILED] - Keyword runFeatureFile was failed (Root cause: com.kms.katalon.core.exception.StepFailedException: Feature file 'Include/features/IST_Real/RTD/Disbursement_Dashboard/Export_Data_Disbursement_Dashboard.feature' was failed
	at com.kms.katalon.core.keyword.internal.KeywordMain.stepFailed(KeywordMain.groovy:50)
	at com.kms.katalon.core.keyword.internal.KeywordMain.stepFailed(KeywordMain.groovy)
	at com.kms.katalon.core.keyword.internal.KeywordMain.stepFailed(KeywordMain.groovy:23)
	at com.kms.katalon.core.keyword.internal.KeywordMain$stepFailed$0.call(Unknown Source)
	at com.kms.katalon.core.cucumber.keyword.CucumberBuiltinKeywords$_runFeatureFile_closure1.doCall(CucumberBuiltinKeywords.groovy:82)
	at com.kms.katalon.core.cucumber.keyword.CucumberBuiltinKeywords$_runFeatureFile_closure1.doCall(CucumberBuiltinKeywords.groovy)
	at com.kms.katalon.core.keyword.internal.KeywordMain.runKeyword(KeywordMain.groovy:68)
	at com.kms.katalon.core.keyword.internal.KeywordMain$runKeyword.call(Unknown Source)
	at com.kms.katalon.core.cucumber.keyword.CucumberBuiltinKeywords.runFeatureFile(CucumberBuiltinKeywords.groovy:46)
	at com.kms.katalon.core.cucumber.keyword.CucumberBuiltinKeywords$runFeatureFile$0.callStatic(Unknown Source)
	at com.kms.katalon.core.cucumber.keyword.CucumberBuiltinKeywords.runFeatureFile(CucumberBuiltinKeywords.groovy:169)
	at com.kms.katalon.core.cucumber.keyword.CucumberBuiltinKeywords$runFeatureFile.call(Unknown Source)
	at TC_Export_Data_Disbursement_Dashboard.run(TC_Export_Data_Disbursement_Dashboard:18)
	at com.kms.katalon.core.main.ScriptEngine.run(ScriptEngine.java:194)
	at com.kms.katalon.core.main.ScriptEngine.runScriptAsRawText(ScriptEngine.java:119)
	at com.kms.katalon.core.main.TestCaseExecutor.runScript(TestCaseExecutor.java:339)
	at com.kms.katalon.core.main.TestCaseExecutor.doExecute(TestCaseExecutor.java:330)
	at com.kms.katalon.core.main.TestCaseExecutor.processExecutionPhase(TestCaseExecutor.java:309)
	at com.kms.katalon.core.main.TestCaseExecutor.accessMainPhase(TestCaseExecutor.java:301)
	at com.kms.katalon.core.main.TestCaseExecutor.execute(TestCaseExecutor.java:235)
	at com.kms.katalon.core.main.TestSuiteExecutor.accessTestCaseMainPhase(TestSuiteExecutor.java:191)
	at com.kms.katalon.core.main.TestSuiteExecutor.accessTestSuiteMainPhase(TestSuiteExecutor.java:141)
	at com.kms.katalon.core.main.TestSuiteExecutor.execute(TestSuiteExecutor.java:90)
	at com.kms.katalon.core.main.TestCaseMain.startTestSuite(TestCaseMain.java:157)
	at com.kms.katalon.core.main.TestCaseMain$startTestSuite$0.call(Unknown Source)
	at TempTestSuite1611218215211.run(TempTestSuite1611218215211.groovy:39)
)]]></system-out>
         <system-err><![CDATA[2021-01-21 15:41:12 - [TEST_CASE][FAILED] - Test Cases/RTD/Disbursement Dashboard/TC_Export_Data_Disbursement_Dashboard: Test Cases/RTD/Disbursement Dashboard/TC_Export_Data_Disbursement_Dashboard FAILED.
Reason:
com.kms.katalon.core.exception.StepFailedException: Feature file 'Include/features/IST_Real/RTD/Disbursement_Dashboard/Export_Data_Disbursement_Dashboard.feature' was failed
	at com.kms.katalon.core.keyword.internal.KeywordMain.stepFailed(KeywordMain.groovy:50)
	at com.kms.katalon.core.keyword.internal.KeywordMain.stepFailed(KeywordMain.groovy)
	at com.kms.katalon.core.keyword.internal.KeywordMain.stepFailed(KeywordMain.groovy:23)
	at com.kms.katalon.core.keyword.internal.KeywordMain$stepFailed$0.call(Unknown Source)
	at com.kms.katalon.core.cucumber.keyword.CucumberBuiltinKeywords$_runFeatureFile_closure1.doCall(CucumberBuiltinKeywords.groovy:82)
	at com.kms.katalon.core.cucumber.keyword.CucumberBuiltinKeywords$_runFeatureFile_closure1.doCall(CucumberBuiltinKeywords.groovy)
	at com.kms.katalon.core.keyword.internal.KeywordMain.runKeyword(KeywordMain.groovy:68)
	at com.kms.katalon.core.keyword.internal.KeywordMain$runKeyword.call(Unknown Source)
	at com.kms.katalon.core.cucumber.keyword.CucumberBuiltinKeywords.runFeatureFile(CucumberBuiltinKeywords.groovy:46)
	at com.kms.katalon.core.cucumber.keyword.CucumberBuiltinKeywords$runFeatureFile$0.callStatic(Unknown Source)
	at com.kms.katalon.core.cucumber.keyword.CucumberBuiltinKeywords.runFeatureFile(CucumberBuiltinKeywords.groovy:169)
	at com.kms.katalon.core.cucumber.keyword.CucumberBuiltinKeywords$runFeatureFile.call(Unknown Source)
	at TC_Export_Data_Disbursement_Dashboard.run(TC_Export_Data_Disbursement_Dashboard:18)
	at com.kms.katalon.core.main.ScriptEngine.run(ScriptEngine.java:194)
	at com.kms.katalon.core.main.ScriptEngine.runScriptAsRawText(ScriptEngine.java:119)
	at com.kms.katalon.core.main.TestCaseExecutor.runScript(TestCaseExecutor.java:339)
	at com.kms.katalon.core.main.TestCaseExecutor.doExecute(TestCaseExecutor.java:330)
	at com.kms.katalon.core.main.TestCaseExecutor.processExecutionPhase(TestCaseExecutor.java:309)
	at com.kms.katalon.core.main.TestCaseExecutor.accessMainPhase(TestCaseExecutor.java:301)
	at com.kms.katalon.core.main.TestCaseExecutor.execute(TestCaseExecutor.java:235)
	at com.kms.katalon.core.main.TestSuiteExecutor.accessTestCaseMainPhase(TestSuiteExecutor.java:191)
	at com.kms.katalon.core.main.TestSuiteExecutor.accessTestSuiteMainPhase(TestSuiteExecutor.java:141)
	at com.kms.katalon.core.main.TestSuiteExecutor.execute(TestSuiteExecutor.java:90)
	at com.kms.katalon.core.main.TestCaseMain.startTestSuite(TestCaseMain.java:157)
	at com.kms.katalon.core.main.TestCaseMain$startTestSuite$0.call(Unknown Source)
	at TempTestSuite1611218215211.run(TempTestSuite1611218215211.groovy:39)]]></system-err>
      </testcase>
      <system-out><![CDATA[2021-01-21 15:37:09 - [TEST_SUITE][FAILED] - TS_Disbursement_Dashboard: Test Cases/RTD/Disbursement Dashboard/TC_Export_Data_Disbursement_Dashboard FAILED.
Reason:
com.kms.katalon.core.exception.StepFailedException: Feature file 'Include/features/IST_Real/RTD/Disbursement_Dashboard/Export_Data_Disbursement_Dashboard.feature' was failed
	at com.kms.katalon.core.keyword.internal.KeywordMain.stepFailed(KeywordMain.groovy:50)
	at com.kms.katalon.core.keyword.internal.KeywordMain.stepFailed(KeywordMain.groovy)
	at com.kms.katalon.core.keyword.internal.KeywordMain.stepFailed(KeywordMain.groovy:23)
	at com.kms.katalon.core.keyword.internal.KeywordMain$stepFailed$0.call(Unknown Source)
	at com.kms.katalon.core.cucumber.keyword.CucumberBuiltinKeywords$_runFeatureFile_closure1.doCall(CucumberBuiltinKeywords.groovy:82)
	at com.kms.katalon.core.cucumber.keyword.CucumberBuiltinKeywords$_runFeatureFile_closure1.doCall(CucumberBuiltinKeywords.groovy)
	at com.kms.katalon.core.keyword.internal.KeywordMain.runKeyword(KeywordMain.groovy:68)
	at com.kms.katalon.core.keyword.internal.KeywordMain$runKeyword.call(Unknown Source)
	at com.kms.katalon.core.cucumber.keyword.CucumberBuiltinKeywords.runFeatureFile(CucumberBuiltinKeywords.groovy:46)
	at com.kms.katalon.core.cucumber.keyword.CucumberBuiltinKeywords$runFeatureFile$0.callStatic(Unknown Source)
	at com.kms.katalon.core.cucumber.keyword.CucumberBuiltinKeywords.runFeatureFile(CucumberBuiltinKeywords.groovy:169)
	at com.kms.katalon.core.cucumber.keyword.CucumberBuiltinKeywords$runFeatureFile.call(Unknown Source)
	at TC_Export_Data_Disbursement_Dashboard.run(TC_Export_Data_Disbursement_Dashboard:18)
	at com.kms.katalon.core.main.ScriptEngine.run(ScriptEngine.java:194)
	at com.kms.katalon.core.main.ScriptEngine.runScriptAsRawText(ScriptEngine.java:119)
	at com.kms.katalon.core.main.TestCaseExecutor.runScript(TestCaseExecutor.java:339)
	at com.kms.katalon.core.main.TestCaseExecutor.doExecute(TestCaseExecutor.java:330)
	at com.kms.katalon.core.main.TestCaseExecutor.processExecutionPhase(TestCaseExecutor.java:309)
	at com.kms.katalon.core.main.TestCaseExecutor.accessMainPhase(TestCaseExecutor.java:301)
	at com.kms.katalon.core.main.TestCaseExecutor.execute(TestCaseExecutor.java:235)
	at com.kms.katalon.core.main.TestSuiteExecutor.accessTestCaseMainPhase(TestSuiteExecutor.java:191)
	at com.kms.katalon.core.main.TestSuiteExecutor.accessTestSuiteMainPhase(TestSuiteExecutor.java:141)
	at com.kms.katalon.core.main.TestSuiteExecutor.execute(TestSuiteExecutor.java:90)
	at com.kms.katalon.core.main.TestCaseMain.startTestSuite(TestCaseMain.java:157)
	at com.kms.katalon.core.main.TestCaseMain$startTestSuite$0.call(Unknown Source)
	at TempTestSuite1611218215211.run(TempTestSuite1611218215211.groovy:39)]]></system-out>
      <system-err><![CDATA[2021-01-21 15:37:09 - [TEST_SUITE][FAILED] - TS_Disbursement_Dashboard: Test Cases/RTD/Disbursement Dashboard/TC_Export_Data_Disbursement_Dashboard FAILED.
Reason:
com.kms.katalon.core.exception.StepFailedException: Feature file 'Include/features/IST_Real/RTD/Disbursement_Dashboard/Export_Data_Disbursement_Dashboard.feature' was failed
	at com.kms.katalon.core.keyword.internal.KeywordMain.stepFailed(KeywordMain.groovy:50)
	at com.kms.katalon.core.keyword.internal.KeywordMain.stepFailed(KeywordMain.groovy)
	at com.kms.katalon.core.keyword.internal.KeywordMain.stepFailed(KeywordMain.groovy:23)
	at com.kms.katalon.core.keyword.internal.KeywordMain$stepFailed$0.call(Unknown Source)
	at com.kms.katalon.core.cucumber.keyword.CucumberBuiltinKeywords$_runFeatureFile_closure1.doCall(CucumberBuiltinKeywords.groovy:82)
	at com.kms.katalon.core.cucumber.keyword.CucumberBuiltinKeywords$_runFeatureFile_closure1.doCall(CucumberBuiltinKeywords.groovy)
	at com.kms.katalon.core.keyword.internal.KeywordMain.runKeyword(KeywordMain.groovy:68)
	at com.kms.katalon.core.keyword.internal.KeywordMain$runKeyword.call(Unknown Source)
	at com.kms.katalon.core.cucumber.keyword.CucumberBuiltinKeywords.runFeatureFile(CucumberBuiltinKeywords.groovy:46)
	at com.kms.katalon.core.cucumber.keyword.CucumberBuiltinKeywords$runFeatureFile$0.callStatic(Unknown Source)
	at com.kms.katalon.core.cucumber.keyword.CucumberBuiltinKeywords.runFeatureFile(CucumberBuiltinKeywords.groovy:169)
	at com.kms.katalon.core.cucumber.keyword.CucumberBuiltinKeywords$runFeatureFile.call(Unknown Source)
	at TC_Export_Data_Disbursement_Dashboard.run(TC_Export_Data_Disbursement_Dashboard:18)
	at com.kms.katalon.core.main.ScriptEngine.run(ScriptEngine.java:194)
	at com.kms.katalon.core.main.ScriptEngine.runScriptAsRawText(ScriptEngine.java:119)
	at com.kms.katalon.core.main.TestCaseExecutor.runScript(TestCaseExecutor.java:339)
	at com.kms.katalon.core.main.TestCaseExecutor.doExecute(TestCaseExecutor.java:330)
	at com.kms.katalon.core.main.TestCaseExecutor.processExecutionPhase(TestCaseExecutor.java:309)
	at com.kms.katalon.core.main.TestCaseExecutor.accessMainPhase(TestCaseExecutor.java:301)
	at com.kms.katalon.core.main.TestCaseExecutor.execute(TestCaseExecutor.java:235)
	at com.kms.katalon.core.main.TestSuiteExecutor.accessTestCaseMainPhase(TestSuiteExecutor.java:191)
	at com.kms.katalon.core.main.TestSuiteExecutor.accessTestSuiteMainPhase(TestSuiteExecutor.java:141)
	at com.kms.katalon.core.main.TestSuiteExecutor.execute(TestSuiteExecutor.java:90)
	at com.kms.katalon.core.main.TestCaseMain.startTestSuite(TestCaseMain.java:157)
	at com.kms.katalon.core.main.TestCaseMain$startTestSuite$0.call(Unknown Source)
	at TempTestSuite1611218215211.run(TempTestSuite1611218215211.groovy:39)]]></system-err>
   </testsuite>
   <testsuite name="TS_Partner_Disbursement_SBO" tests="3" failures="2" errors="0" time="519.375" timestamp="2021-01-21 15:41:37" hostname="chaidir.pratama01 - 192.168.1.2" id="Test Suites/RTD/TS_Partner_Disbursement_SBO">
      <properties>
         <property name="deviceName" value=""/>
         <property name="devicePlatform" value=""/>
         <property name="logFolder" value="/Users/chaidir.pratama01/Katalon Studio/IST_Automation_Git/Reports/20210121_153655/RTD/TS_Partner_Disbursement_SBO/20210121_153656"/>
         <property name="logFiles" value="/Users/chaidir.pratama01/Katalon Studio/IST_Automation_Git/Reports/20210121_153655/RTD/TS_Partner_Disbursement_SBO/20210121_153656/execution0.log"/>
         <property name="attachments" value="/Users/chaidir.pratama01/Katalon Studio/IST_Automation_Git/Reports/20210121_153655/RTD/TS_Partner_Disbursement_SBO/20210121_153656/1611218533830.png, /Users/chaidir.pratama01/Documents/Docs/Katalon Studio/Screenshot/test-Partner Disbursement SBO.png, /Users/chaidir.pratama01/Katalon Studio/IST_Automation_Git/Reports/20210121_153655/RTD/TS_Partner_Disbursement_SBO/20210121_153656/1611218573836.png, /Users/chaidir.pratama01/Documents/Docs/Katalon Studio/Screenshot/test-Partner Disbursement SBO.png, /Users/chaidir.pratama01/Katalon Studio/IST_Automation_Git/Reports/20210121_153655/RTD/TS_Partner_Disbursement_SBO/20210121_153656/1611218615923.png, /Users/chaidir.pratama01/Documents/Docs/Katalon Studio/Screenshot/test-Partner Disbursement SBO.png, /Users/chaidir.pratama01/Katalon Studio/IST_Automation_Git/Reports/20210121_153655/RTD/TS_Partner_Disbursement_SBO/20210121_153656/1611218659824.png, /Users/chaidir.pratama01/Documents/Docs/Katalon Studio/Screenshot/test-Partner Disbursement SBO.png, /Users/chaidir.pratama01/Documents/Docs/Katalon Studio/Screenshot/test-Partner Disbursement SBO.png, /Users/chaidir.pratama01/Katalon Studio/IST_Automation_Git/Reports/20210121_153655/RTD/TS_Partner_Disbursement_SBO/20210121_153656/1611218714769.png, /Users/chaidir.pratama01/Documents/Docs/Katalon Studio/Screenshot/test-Partner Disbursement SBO.png, /Users/chaidir.pratama01/Documents/Docs/Katalon Studio/Screenshot/test-Partner Disbursement SBO.png, /Users/chaidir.pratama01/Katalon Studio/IST_Automation_Git/Reports/20210121_153655/RTD/TS_Partner_Disbursement_SBO/20210121_153656/1611218767499.png, /Users/chaidir.pratama01/Documents/Docs/Katalon Studio/Screenshot/test-Partner Disbursement SBO.png, /Users/chaidir.pratama01/Katalon Studio/IST_Automation_Git/Reports/20210121_153655/RTD/TS_Partner_Disbursement_SBO/20210121_153656/1611218808297.png, /Users/chaidir.pratama01/Documents/Docs/Katalon Studio/Screenshot/test-Partner Disbursement SBO.png, /Users/chaidir.pratama01/Documents/Docs/Katalon Studio/Screenshot/test-Partner Disbursement SBO.png, /Users/chaidir.pratama01/Documents/Docs/Katalon Studio/Screenshot/test-Partner Disbursement SBO.png, /Users/chaidir.pratama01/Katalon Studio/IST_Automation_Git/Reports/20210121_153655/RTD/TS_Partner_Disbursement_SBO/20210121_153656/1611218886148.png, /Users/chaidir.pratama01/Documents/Docs/Katalon Studio/Screenshot/test-Partner Disbursement SBO.png, /Users/chaidir.pratama01/Katalon Studio/IST_Automation_Git/Reports/20210121_153655/RTD/TS_Partner_Disbursement_SBO/20210121_153656/1611218927203.png, /Users/chaidir.pratama01/Documents/Docs/Katalon Studio/Screenshot/test-Partner Disbursement SBO.png, /Users/chaidir.pratama01/Documents/Docs/Katalon Studio/Screenshot/test-Partner Disbursement SBO.png, /Users/chaidir.pratama01/Documents/Docs/Katalon Studio/Screenshot/test-Partner Disbursement SBO.png, /Users/chaidir.pratama01/Katalon Studio/IST_Automation_Git/Reports/20210121_153655/RTD/TS_Partner_Disbursement_SBO/20210121_153656/1611218996621.png, /Users/chaidir.pratama01/Documents/Docs/Katalon Studio/Screenshot/test-Partner Disbursement SBO.png, /Users/chaidir.pratama01/Katalon Studio/IST_Automation_Git/Reports/20210121_153655/RTD/TS_Partner_Disbursement_SBO/20210121_153656/1611219003528.png, /Users/chaidir.pratama01/Documents/Docs/Katalon Studio/Screenshot/test-Partner Disbursement SBO.png"/>
         <property name="hostName" value="chaidir.pratama01 - 192.168.1.2"/>
         <property name="os" value="Mac OS X 64bit"/>
         <property name="katalonVersion" value="7.6.0.${buildNumber}"/>
         <property name="browser" value="Chrome 87.0.4280.141"/>
         <property name="hostAddress" value="192.168.1.2"/>
         <property name="sessionId" value="d60866ce7562b9f5911bc19c69bb1b64"/>
         <property name="seleniumVersion" value="3.141.59"/>
         <property name="proxyInformation" value="ProxyInformation { proxyOption=NO_PROXY, proxyServerType=HTTP, username=, password=********, proxyServerAddress=, proxyServerPort=0, executionList=\&quot;\&quot;, isApplyToDesiredCapabilities=true }"/>
         <property name="platform" value="Mac OS X"/>
      </properties>
      <testcase name="Test Cases/RTD/Partner Disbursement SBO/TC_Search_by_STATUS" time="503.116" classname="Test Cases/RTD/Partner Disbursement SBO/TC_Search_by_STATUS" status="FAILED">
         <failure type="FAILED" message="Test Cases/RTD/Partner Disbursement SBO/TC_Search_by_STATUS FAILED.
Reason:
com.kms.katalon.core.exception.StepFailedException: Feature file 'Include/features/IST_Real/RTD/Partner Disbursement SBO/Search_by_STATUS.feature' was failed
	at com.kms.katalon.core.keyword.internal.KeywordMain.stepFailed(KeywordMain.groovy:50)
	at com.kms.katalon.core.keyword.internal.KeywordMain.stepFailed(KeywordMain.groovy)
	at com.kms.katalon.core.keyword.internal.KeywordMain.stepFailed(KeywordMain.groovy:23)
	at com.kms.katalon.core.keyword.internal.KeywordMain$stepFailed$0.call(Unknown Source)
	at com.kms.katalon.core.cucumber.keyword.CucumberBuiltinKeywords$_runFeatureFile_closure1.doCall(CucumberBuiltinKeywords.groovy:82)
	at com.kms.katalon.core.cucumber.keyword.CucumberBuiltinKeywords$_runFeatureFile_closure1.doCall(CucumberBuiltinKeywords.groovy)
	at com.kms.katalon.core.keyword.internal.KeywordMain.runKeyword(KeywordMain.groovy:68)
	at com.kms.katalon.core.keyword.internal.KeywordMain$runKeyword.call(Unknown Source)
	at com.kms.katalon.core.cucumber.keyword.CucumberBuiltinKeywords.runFeatureFile(CucumberBuiltinKeywords.groovy:46)
	at com.kms.katalon.core.cucumber.keyword.CucumberBuiltinKeywords$runFeatureFile$0.callStatic(Unknown Source)
	at com.kms.katalon.core.cucumber.keyword.CucumberBuiltinKeywords.runFeatureFile(CucumberBuiltinKeywords.groovy:169)
	at com.kms.katalon.core.cucumber.keyword.CucumberBuiltinKeywords$runFeatureFile.call(Unknown Source)
	at TC_Search_by_STATUS.run(TC_Search_by_STATUS:18)
	at com.kms.katalon.core.main.ScriptEngine.run(ScriptEngine.java:194)
	at com.kms.katalon.core.main.ScriptEngine.runScriptAsRawText(ScriptEngine.java:119)
	at com.kms.katalon.core.main.TestCaseExecutor.runScript(TestCaseExecutor.java:339)
	at com.kms.katalon.core.main.TestCaseExecutor.doExecute(TestCaseExecutor.java:330)
	at com.kms.katalon.core.main.TestCaseExecutor.processExecutionPhase(TestCaseExecutor.java:309)
	at com.kms.katalon.core.main.TestCaseExecutor.accessMainPhase(TestCaseExecutor.java:301)
	at com.kms.katalon.core.main.TestCaseExecutor.execute(TestCaseExecutor.java:235)
	at com.kms.katalon.core.main.TestSuiteExecutor.accessTestCaseMainPhase(TestSuiteExecutor.java:191)
	at com.kms.katalon.core.main.TestSuiteExecutor.accessTestSuiteMainPhase(TestSuiteExecutor.java:141)
	at com.kms.katalon.core.main.TestSuiteExecutor.execute(TestSuiteExecutor.java:90)
	at com.kms.katalon.core.main.TestCaseMain.startTestSuite(TestCaseMain.java:157)
	at com.kms.katalon.core.main.TestCaseMain$startTestSuite$0.call(Unknown Source)
	at TempTestSuite1611218216287.run(TempTestSuite1611218216287.groovy:39)
"/>
         <system-out><![CDATA[2021-01-21 15:41:37 - [TEST_CASE][FAILED] - Test Cases/RTD/Partner Disbursement SBO/TC_Search_by_STATUS: Test Cases/RTD/Partner Disbursement SBO/TC_Search_by_STATUS FAILED.
Reason:
com.kms.katalon.core.exception.StepFailedException: Feature file 'Include/features/IST_Real/RTD/Partner Disbursement SBO/Search_by_STATUS.feature' was failed
	at com.kms.katalon.core.keyword.internal.KeywordMain.stepFailed(KeywordMain.groovy:50)
	at com.kms.katalon.core.keyword.internal.KeywordMain.stepFailed(KeywordMain.groovy)
	at com.kms.katalon.core.keyword.internal.KeywordMain.stepFailed(KeywordMain.groovy:23)
	at com.kms.katalon.core.keyword.internal.KeywordMain$stepFailed$0.call(Unknown Source)
	at com.kms.katalon.core.cucumber.keyword.CucumberBuiltinKeywords$_runFeatureFile_closure1.doCall(CucumberBuiltinKeywords.groovy:82)
	at com.kms.katalon.core.cucumber.keyword.CucumberBuiltinKeywords$_runFeatureFile_closure1.doCall(CucumberBuiltinKeywords.groovy)
	at com.kms.katalon.core.keyword.internal.KeywordMain.runKeyword(KeywordMain.groovy:68)
	at com.kms.katalon.core.keyword.internal.KeywordMain$runKeyword.call(Unknown Source)
	at com.kms.katalon.core.cucumber.keyword.CucumberBuiltinKeywords.runFeatureFile(CucumberBuiltinKeywords.groovy:46)
	at com.kms.katalon.core.cucumber.keyword.CucumberBuiltinKeywords$runFeatureFile$0.callStatic(Unknown Source)
	at com.kms.katalon.core.cucumber.keyword.CucumberBuiltinKeywords.runFeatureFile(CucumberBuiltinKeywords.groovy:169)
	at com.kms.katalon.core.cucumber.keyword.CucumberBuiltinKeywords$runFeatureFile.call(Unknown Source)
	at TC_Search_by_STATUS.run(TC_Search_by_STATUS:18)
	at com.kms.katalon.core.main.ScriptEngine.run(ScriptEngine.java:194)
	at com.kms.katalon.core.main.ScriptEngine.runScriptAsRawText(ScriptEngine.java:119)
	at com.kms.katalon.core.main.TestCaseExecutor.runScript(TestCaseExecutor.java:339)
	at com.kms.katalon.core.main.TestCaseExecutor.doExecute(TestCaseExecutor.java:330)
	at com.kms.katalon.core.main.TestCaseExecutor.processExecutionPhase(TestCaseExecutor.java:309)
	at com.kms.katalon.core.main.TestCaseExecutor.accessMainPhase(TestCaseExecutor.java:301)
	at com.kms.katalon.core.main.TestCaseExecutor.execute(TestCaseExecutor.java:235)
	at com.kms.katalon.core.main.TestSuiteExecutor.accessTestCaseMainPhase(TestSuiteExecutor.java:191)
	at com.kms.katalon.core.main.TestSuiteExecutor.accessTestSuiteMainPhase(TestSuiteExecutor.java:141)
	at com.kms.katalon.core.main.TestSuiteExecutor.execute(TestSuiteExecutor.java:90)
	at com.kms.katalon.core.main.TestCaseMain.startTestSuite(TestCaseMain.java:157)
	at com.kms.katalon.core.main.TestCaseMain$startTestSuite$0.call(Unknown Source)
	at TempTestSuite1611218216287.run(TempTestSuite1611218216287.groovy:39)


2021-01-21 15:41:37 - [TEST_STEP][FAILED] - runFeatureFile("Include/features/IST_Real/RTD/Partner Disbursement SBO/Search_by_STATUS.feature"): Keyword runFeatureFile was failed (Root cause: com.kms.katalon.core.exception.StepFailedException: Feature file 'Include/features/IST_Real/RTD/Partner Disbursement SBO/Search_by_STATUS.feature' was failed
	at com.kms.katalon.core.keyword.internal.KeywordMain.stepFailed(KeywordMain.groovy:50)
	at com.kms.katalon.core.keyword.internal.KeywordMain.stepFailed(KeywordMain.groovy)
	at com.kms.katalon.core.keyword.internal.KeywordMain.stepFailed(KeywordMain.groovy:23)
	at com.kms.katalon.core.keyword.internal.KeywordMain$stepFailed$0.call(Unknown Source)
	at com.kms.katalon.core.cucumber.keyword.CucumberBuiltinKeywords$_runFeatureFile_closure1.doCall(CucumberBuiltinKeywords.groovy:82)
	at com.kms.katalon.core.cucumber.keyword.CucumberBuiltinKeywords$_runFeatureFile_closure1.doCall(CucumberBuiltinKeywords.groovy)
	at com.kms.katalon.core.keyword.internal.KeywordMain.runKeyword(KeywordMain.groovy:68)
	at com.kms.katalon.core.keyword.internal.KeywordMain$runKeyword.call(Unknown Source)
	at com.kms.katalon.core.cucumber.keyword.CucumberBuiltinKeywords.runFeatureFile(CucumberBuiltinKeywords.groovy:46)
	at com.kms.katalon.core.cucumber.keyword.CucumberBuiltinKeywords$runFeatureFile$0.callStatic(Unknown Source)
	at com.kms.katalon.core.cucumber.keyword.CucumberBuiltinKeywords.runFeatureFile(CucumberBuiltinKeywords.groovy:169)
	at com.kms.katalon.core.cucumber.keyword.CucumberBuiltinKeywords$runFeatureFile.call(Unknown Source)
	at TC_Search_by_STATUS.run(TC_Search_by_STATUS:18)
	at com.kms.katalon.core.main.ScriptEngine.run(ScriptEngine.java:194)
	at com.kms.katalon.core.main.ScriptEngine.runScriptAsRawText(ScriptEngine.java:119)
	at com.kms.katalon.core.main.TestCaseExecutor.runScript(TestCaseExecutor.java:339)
	at com.kms.katalon.core.main.TestCaseExecutor.doExecute(TestCaseExecutor.java:330)
	at com.kms.katalon.core.main.TestCaseExecutor.processExecutionPhase(TestCaseExecutor.java:309)
	at com.kms.katalon.core.main.TestCaseExecutor.accessMainPhase(TestCaseExecutor.java:301)
	at com.kms.katalon.core.main.TestCaseExecutor.execute(TestCaseExecutor.java:235)
	at com.kms.katalon.core.main.TestSuiteExecutor.accessTestCaseMainPhase(TestSuiteExecutor.java:191)
	at com.kms.katalon.core.main.TestSuiteExecutor.accessTestSuiteMainPhase(TestSuiteExecutor.java:141)
	at com.kms.katalon.core.main.TestSuiteExecutor.execute(TestSuiteExecutor.java:90)
	at com.kms.katalon.core.main.TestCaseMain.startTestSuite(TestCaseMain.java:157)
	at com.kms.katalon.core.main.TestCaseMain$startTestSuite$0.call(Unknown Source)
	at TempTestSuite1611218216287.run(TempTestSuite1611218216287.groovy:39)
)

2021-01-21 15:41:37 - [MESSAGE][INFO] - Starting run keyword runFeatureFile: 'Include/features/IST_Real/RTD/Partner Disbursement SBO/Search_by_STATUS.feature' and extract report to folder: '/Users/chaidir.pratama01/Katalon Studio/IST_Automation_Git/Reports/20210121_153655/RTD/TS_Partner_Disbursement_SBO/20210121_153656/cucumber_report/1611218497656'...

2021-01-21 15:41:38 - [TEST_CASE][FAILED] - Start Test Case : SCENARIO Search by STATUS Eligible to Disburse: SCENARIO Search by STATUS Eligible to Disburse FAILED.
Reason:
com.kms.katalon.core.exception.StepFailedException: Unable to set text 'mobile.test' of object 'Object Repository/Page_/input_Username_j_username'
	at com.kms.katalon.core.webui.keyword.internal.WebUIKeywordMain.stepFailed(WebUIKeywordMain.groovy:64)
	at com.kms.katalon.core.webui.keyword.internal.WebUIKeywordMain.runKeyword(WebUIKeywordMain.groovy:26)
	at com.kms.katalon.core.webui.keyword.builtin.SetTextKeyword.setText(SetTextKeyword.groovy:66)
	at com.kms.katalon.core.webui.keyword.builtin.SetTextKeyword.execute(SetTextKeyword.groovy:37)
	at com.kms.katalon.core.keyword.internal.KeywordExecutor.executeKeywordForPlatform(KeywordExecutor.groovy:73)
	at com.kms.katalon.core.webui.keyword.WebUiBuiltInKeywords.setText(WebUiBuiltInKeywords.groovy:976)
	at com.kms.katalon.core.webui.keyword.WebUiBuiltInKeywords$setText$1.call(Unknown Source)
	at ist_real.Login_IST.I_want_to_login_to_IST(Login_IST.groovy:133)
	at âœ½.Login IST with valid credentials(/Users/chaidir.pratama01/Katalon Studio/IST_Automation_Git/Include/features/IST_Real/RTD/Partner Disbursement SBO/Search_by_STATUS.feature:26)
Caused by: java.lang.IllegalArgumentException: Cannot find elements when the selector is null
	at org.openqa.selenium.By$ByCssSelector.<init>(By.java:422)
	at org.openqa.selenium.By.cssSelector(By.java:116)
	at com.kms.katalon.core.webui.common.WebUiCommonHelper.buildLocator(WebUiCommonHelper.java:515)
	at com.kms.katalon.core.webui.common.WebUiCommonHelper.findElementByNormalMethods(WebUiCommonHelper.java:985)
	at com.kms.katalon.core.webui.common.WebUiCommonHelper.findElementsBySelectedMethod(WebUiCommonHelper.java:890)
	at com.kms.katalon.core.webui.common.WebUiCommonHelper.findElementsWithSelfHealing(WebUiCommonHelper.java:794)
	at com.kms.katalon.core.webui.common.WebUiCommonHelper.findWebElements(WebUiCommonHelper.java:717)
	at com.kms.katalon.core.webui.common.WebUiCommonHelper.findWebElement(WebUiCommonHelper.java:1349)
	at com.kms.katalon.core.webui.keyword.internal.WebUIAbstractKeyword.findWebElement(WebUIAbstractKeyword.groovy:27)
	at com.kms.katalon.core.webui.keyword.internal.WebUIAbstractKeyword.findWebElement(WebUIAbstractKeyword.groovy:26)
	at com.kms.katalon.core.webui.keyword.builtin.SetTextKeyword$_setText_closure1.doCall(SetTextKeyword.groovy:51)
	at com.kms.katalon.core.webui.keyword.builtin.SetTextKeyword$_setText_closure1.call(SetTextKeyword.groovy)
	at com.kms.katalon.core.webui.keyword.internal.WebUIKeywordMain.runKeyword(WebUIKeywordMain.groovy:20)
	at com.kms.katalon.core.webui.keyword.builtin.SetTextKeyword.setText(SetTextKeyword.groovy:66)
	at com.kms.katalon.core.webui.keyword.builtin.SetTextKeyword.execute(SetTextKeyword.groovy:37)
	at com.kms.katalon.core.keyword.internal.KeywordExecutor.executeKeywordForPlatform(KeywordExecutor.groovy:73)
	at com.kms.katalon.core.webui.keyword.WebUiBuiltInKeywords.setText(WebUiBuiltInKeywords.groovy:976)
	at com.kms.katalon.core.webui.keyword.WebUiBuiltInKeywords$setText$1.call(Unknown Source)
	at ist_real.Login_IST.I_want_to_login_to_IST(Login_IST.groovy:133)
	at cucumber.runtime.Utils$1.call(Utils.java:26)
	at cucumber.runtime.Timeout.timeout(Timeout.java:16)
	at cucumber.runtime.Utils.invoke(Utils.java:20)
	at cucumber.runtime.java.JavaStepDefinition.execute(JavaStepDefinition.java:48)
	at cucumber.runtime.PickleStepDefinitionMatch.runStep(PickleStepDefinitionMatch.java:50)
	at cucumber.runner.TestStep.executeStep(TestStep.java:55)
	at cucumber.runner.TestStep.run(TestStep.java:42)
	at cucumber.runner.PickleStepTestStep.run(PickleStepTestStep.java:53)
	at cucumber.runner.TestCase.run(TestCase.java:47)
	at cucumber.runner.Runner.runPickle(Runner.java:44)
	at cucumber.runtime.Runtime.runFeature(Runtime.java:120)
	at cucumber.runtime.Runtime.run(Runtime.java:106)
	at cucumber.api.cli.Main.run(Main.java:35)
	at cucumber.api.cli.Main$run.call(Unknown Source)
	at com.kms.katalon.core.cucumber.keyword.CucumberBuiltinKeywords$_runFeatureFile_closure1.doCall(CucumberBuiltinKeywords.groovy:76)
	at com.kms.katalon.core.cucumber.keyword.CucumberBuiltinKeywords$_runFeatureFile_closure1.doCall(CucumberBuiltinKeywords.groovy)
	at com.kms.katalon.core.keyword.internal.KeywordMain.runKeyword(KeywordMain.groovy:68)
	at com.kms.katalon.core.keyword.internal.KeywordMain$runKeyword.call(Unknown Source)
	at com.kms.katalon.core.cucumber.keyword.CucumberBuiltinKeywords.runFeatureFile(CucumberBuiltinKeywords.groovy:46)
	at com.kms.katalon.core.cucumber.keyword.CucumberBuiltinKeywords$runFeatureFile$0.callStatic(Unknown Source)
	at com.kms.katalon.core.cucumber.keyword.CucumberBuiltinKeywords.runFeatureFile(CucumberBuiltinKeywords.groovy:169)
	at com.kms.katalon.core.cucumber.keyword.CucumberBuiltinKeywords$runFeatureFile.call(Unknown Source)
	at TC_Search_by_STATUS.run(TC_Search_by_STATUS:18)
	at com.kms.katalon.core.main.ScriptEngine.run(ScriptEngine.java:194)
	at com.kms.katalon.core.main.ScriptEngine.runScriptAsRawText(ScriptEngine.java:119)
	at com.kms.katalon.core.main.TestCaseExecutor.runScript(TestCaseExecutor.java:339)
	at com.kms.katalon.core.main.TestCaseExecutor.doExecute(TestCaseExecutor.java:330)
	at com.kms.katalon.core.main.TestCaseExecutor.processExecutionPhase(TestCaseExecutor.java:309)
	at com.kms.katalon.core.main.TestCaseExecutor.accessMainPhase(TestCaseExecutor.java:301)
	at com.kms.katalon.core.main.TestCaseExecutor.execute(TestCaseExecutor.java:235)
	at com.kms.katalon.core.main.TestSuiteExecutor.accessTestCaseMainPhase(TestSuiteExecutor.java:191)
	at com.kms.katalon.core.main.TestSuiteExecutor.accessTestSuiteMainPhase(TestSuiteExecutor.java:141)
	at com.kms.katalon.core.main.TestSuiteExecutor.execute(TestSuiteExecutor.java:90)
	at com.kms.katalon.core.main.TestCaseMain.startTestSuite(TestCaseMain.java:157)
	at com.kms.katalon.core.main.TestCaseMain$startTestSuite$0.call(Unknown Source)
	at TempTestSuite1611218216287.run(TempTestSuite1611218216287.groovy:39)


2021-01-21 15:41:38 - [TEST_STEP][PASSED] - Go to ISTools: Go to ISTools

2021-01-21 15:41:38 - [MESSAGE][INFO] - Starting 'Chrome (headless)' driver

2021-01-21 15:41:38 - [MESSAGE][INFO] - User set preference: ['args', '[--start-maximized, --disable-gpu, --no-proxy-server, â€“-no-sandbox, --allow-running-insecure-content, --ignore-certificate-errors, window-size=1680,814, force-device-scale-factor=2, --lang=en-GB]']

2021-01-21 15:41:38 - [MESSAGE][INFO] - User set preference: ['prefs', '{download.default_directory=/Users/chaidir.pratama01/Katalon Studio/IST_Automation_Git/Download}']

2021-01-21 15:41:38 - [MESSAGE][INFO] - Action delay is set to 0 milliseconds

2021-01-21 15:41:39 - [MESSAGE][PASSED] - Browser is opened with url: ''

2021-01-21 15:41:40 - [MESSAGE][PASSED] - Navigate to 'https://dev-istools.homecredit.id/foundation/' successfully

2021-01-21 15:41:40 - [MESSAGE][PASSED] - Go to ISTools

2021-01-21 15:41:40 - [TEST_STEP][FAILED] - Login IST with valid credentials: Login IST with valid credentials FAILED.
Reason:
com.kms.katalon.core.exception.StepFailedException: Unable to set text 'mobile.test' of object 'Object Repository/Page_/input_Username_j_username'
	at com.kms.katalon.core.webui.keyword.internal.WebUIKeywordMain.stepFailed(WebUIKeywordMain.groovy:64)
	at com.kms.katalon.core.webui.keyword.internal.WebUIKeywordMain.runKeyword(WebUIKeywordMain.groovy:26)
	at com.kms.katalon.core.webui.keyword.builtin.SetTextKeyword.setText(SetTextKeyword.groovy:66)
	at com.kms.katalon.core.webui.keyword.builtin.SetTextKeyword.execute(SetTextKeyword.groovy:37)
	at com.kms.katalon.core.keyword.internal.KeywordExecutor.executeKeywordForPlatform(KeywordExecutor.groovy:73)
	at com.kms.katalon.core.webui.keyword.WebUiBuiltInKeywords.setText(WebUiBuiltInKeywords.groovy:976)
	at com.kms.katalon.core.webui.keyword.WebUiBuiltInKeywords$setText$1.call(Unknown Source)
	at ist_real.Login_IST.I_want_to_login_to_IST(Login_IST.groovy:133)
	at âœ½.Login IST with valid credentials(/Users/chaidir.pratama01/Katalon Studio/IST_Automation_Git/Include/features/IST_Real/RTD/Partner Disbursement SBO/Search_by_STATUS.feature:26)
Caused by: java.lang.IllegalArgumentException: Cannot find elements when the selector is null
	at org.openqa.selenium.By$ByCssSelector.<init>(By.java:422)
	at org.openqa.selenium.By.cssSelector(By.java:116)
	at com.kms.katalon.core.webui.common.WebUiCommonHelper.buildLocator(WebUiCommonHelper.java:515)
	at com.kms.katalon.core.webui.common.WebUiCommonHelper.findElementByNormalMethods(WebUiCommonHelper.java:985)
	at com.kms.katalon.core.webui.common.WebUiCommonHelper.findElementsBySelectedMethod(WebUiCommonHelper.java:890)
	at com.kms.katalon.core.webui.common.WebUiCommonHelper.findElementsWithSelfHealing(WebUiCommonHelper.java:794)
	at com.kms.katalon.core.webui.common.WebUiCommonHelper.findWebElements(WebUiCommonHelper.java:717)
	at com.kms.katalon.core.webui.common.WebUiCommonHelper.findWebElement(WebUiCommonHelper.java:1349)
	at com.kms.katalon.core.webui.keyword.internal.WebUIAbstractKeyword.findWebElement(WebUIAbstractKeyword.groovy:27)
	at com.kms.katalon.core.webui.keyword.internal.WebUIAbstractKeyword.findWebElement(WebUIAbstractKeyword.groovy:26)
	at com.kms.katalon.core.webui.keyword.builtin.SetTextKeyword$_setText_closure1.doCall(SetTextKeyword.groovy:51)
	at com.kms.katalon.core.webui.keyword.builtin.SetTextKeyword$_setText_closure1.call(SetTextKeyword.groovy)
	at com.kms.katalon.core.webui.keyword.internal.WebUIKeywordMain.runKeyword(WebUIKeywordMain.groovy:20)
	at com.kms.katalon.core.webui.keyword.builtin.SetTextKeyword.setText(SetTextKeyword.groovy:66)
	at com.kms.katalon.core.webui.keyword.builtin.SetTextKeyword.execute(SetTextKeyword.groovy:37)
	at com.kms.katalon.core.keyword.internal.KeywordExecutor.executeKeywordForPlatform(KeywordExecutor.groovy:73)
	at com.kms.katalon.core.webui.keyword.WebUiBuiltInKeywords.setText(WebUiBuiltInKeywords.groovy:976)
	at com.kms.katalon.core.webui.keyword.WebUiBuiltInKeywords$setText$1.call(Unknown Source)
	at ist_real.Login_IST.I_want_to_login_to_IST(Login_IST.groovy:133)
	at cucumber.runtime.Utils$1.call(Utils.java:26)
	at cucumber.runtime.Timeout.timeout(Timeout.java:16)
	at cucumber.runtime.Utils.invoke(Utils.java:20)
	at cucumber.runtime.java.JavaStepDefinition.execute(JavaStepDefinition.java:48)
	at cucumber.runtime.PickleStepDefinitionMatch.runStep(PickleStepDefinitionMatch.java:50)
	at cucumber.runner.TestStep.executeStep(TestStep.java:55)
	at cucumber.runner.TestStep.run(TestStep.java:42)
	at cucumber.runner.PickleStepTestStep.run(PickleStepTestStep.java:53)
	at cucumber.runner.TestCase.run(TestCase.java:47)
	at cucumber.runner.Runner.runPickle(Runner.java:44)
	at cucumber.runtime.Runtime.runFeature(Runtime.java:120)
	at cucumber.runtime.Runtime.run(Runtime.java:106)
	at cucumber.api.cli.Main.run(Main.java:35)
	at cucumber.api.cli.Main$run.call(Unknown Source)
	at com.kms.katalon.core.cucumber.keyword.CucumberBuiltinKeywords$_runFeatureFile_closure1.doCall(CucumberBuiltinKeywords.groovy:76)
	at com.kms.katalon.core.cucumber.keyword.CucumberBuiltinKeywords$_runFeatureFile_closure1.doCall(CucumberBuiltinKeywords.groovy)
	at com.kms.katalon.core.keyword.internal.KeywordMain.runKeyword(KeywordMain.groovy:68)
	at com.kms.katalon.core.keyword.internal.KeywordMain$runKeyword.call(Unknown Source)
	at com.kms.katalon.core.cucumber.keyword.CucumberBuiltinKeywords.runFeatureFile(CucumberBuiltinKeywords.groovy:46)
	at com.kms.katalon.core.cucumber.keyword.CucumberBuiltinKeywords$runFeatureFile$0.callStatic(Unknown Source)
	at com.kms.katalon.core.cucumber.keyword.CucumberBuiltinKeywords.runFeatureFile(CucumberBuiltinKeywords.groovy:169)
	at com.kms.katalon.core.cucumber.keyword.CucumberBuiltinKeywords$runFeatureFile.call(Unknown Source)
	at TC_Search_by_STATUS.run(TC_Search_by_STATUS:18)
	at com.kms.katalon.core.main.ScriptEngine.run(ScriptEngine.java:194)
	at com.kms.katalon.core.main.ScriptEngine.runScriptAsRawText(ScriptEngine.java:119)
	at com.kms.katalon.core.main.TestCaseExecutor.runScript(TestCaseExecutor.java:339)
	at com.kms.katalon.core.main.TestCaseExecutor.doExecute(TestCaseExecutor.java:330)
	at com.kms.katalon.core.main.TestCaseExecutor.processExecutionPhase(TestCaseExecutor.java:309)
	at com.kms.katalon.core.main.TestCaseExecutor.accessMainPhase(TestCaseExecutor.java:301)
	at com.kms.katalon.core.main.TestCaseExecutor.execute(TestCaseExecutor.java:235)
	at com.kms.katalon.core.main.TestSuiteExecutor.accessTestCaseMainPhase(TestSuiteExecutor.java:191)
	at com.kms.katalon.core.main.TestSuiteExecutor.accessTestSuiteMainPhase(TestSuiteExecutor.java:141)
	at com.kms.katalon.core.main.TestSuiteExecutor.execute(TestSuiteExecutor.java:90)
	at com.kms.katalon.core.main.TestCaseMain.startTestSuite(TestCaseMain.java:157)
	at com.kms.katalon.core.main.TestCaseMain$startTestSuite$0.call(Unknown Source)
	at TempTestSuite1611218216287.run(TempTestSuite1611218216287.groovy:39)


2021-01-21 15:42:11 - [MESSAGE][INFO] - Unable to find the element located by 'By.xpath: //input[@name='j_username']'. Please recheck the objects properties to make sure the desired element is located. 

2021-01-21 15:42:11 - [MESSAGE][WARNING] - [SELF-HEALING] Failed to find element with id 'Object Repository/Page_/input_Username_j_username'. Try using Self-healing.

2021-01-21 15:42:11 - [MESSAGE][INFO] - [SELF-HEALING] Failed Locator: '//input[@id='kCKQn']'.

2021-01-21 15:42:11 - [MESSAGE][INFO] - [SELF-HEALING] Failed Locator: '//div[@id='kCKQk']/input'.

2021-01-21 15:42:11 - [MESSAGE][INFO] - [SELF-HEALING] Failed Locator: '(.//*[normalize-space(text()) and normalize-space(.)='Username'])[1]/following::input[1]'.

2021-01-21 15:42:11 - [MESSAGE][INFO] - [SELF-HEALING] Failed Locator: '(.//*[normalize-space(text()) and normalize-space(.)='Login with your LDAP (Windows)'])[1]/following::input[1]'.

2021-01-21 15:42:11 - [MESSAGE][INFO] - [SELF-HEALING] Failed Locator: '(.//*[normalize-space(text()) and normalize-space(.)='Password'])[1]/preceding::input[1]'.

2021-01-21 15:42:11 - [MESSAGE][INFO] - [SELF-HEALING] Failed Locator: '(.//*[normalize-space(text()) and normalize-space(.)='Login'])[1]/preceding::input[2]'.

2021-01-21 15:42:11 - [MESSAGE][INFO] - [SELF-HEALING] Failed Locator: '//input'.

2021-01-21 15:42:11 - [MESSAGE][INFO] - [SELF-HEALING] Failed Locator: '//input[@id='gUxPn']'.

2021-01-21 15:42:11 - [MESSAGE][INFO] - [SELF-HEALING] Failed Locator: '//div[@id='gUxPk']/input'.

2021-01-21 15:42:11 - [MESSAGE][INFO] - [SELF-HEALING] Failed Locator: '//input[@id='wUTCn']'.

2021-01-21 15:42:11 - [MESSAGE][INFO] - [SELF-HEALING] Failed Locator: '//div[@id='wUTCk']/input'.

2021-01-21 15:42:11 - [MESSAGE][INFO] - [SELF-HEALING] Failed Locator: '//input[@id='n17Qn']'.

2021-01-21 15:42:11 - [MESSAGE][INFO] - [SELF-HEALING] Failed Locator: '//div[@id='n17Qk']/input'.

2021-01-21 15:42:11 - [MESSAGE][INFO] - [SELF-HEALING] Failed Locator: '//input[@id='kCKQn']'.

2021-01-21 15:42:11 - [MESSAGE][INFO] - [SELF-HEALING] Failed Locator: '//div[@id='kCKQk']/input'.

2021-01-21 15:42:11 - [MESSAGE][INFO] - [SELF-HEALING] Failed Locator: '(.//*[normalize-space(text()) and normalize-space(.)='Username'])[1]/following::input[1]'.

2021-01-21 15:42:11 - [MESSAGE][INFO] - [SELF-HEALING] Failed Locator: '(.//*[normalize-space(text()) and normalize-space(.)='Login with your LDAP (Windows)'])[1]/following::input[1]'.

2021-01-21 15:42:11 - [MESSAGE][INFO] - [SELF-HEALING] Failed Locator: '(.//*[normalize-space(text()) and normalize-space(.)='Password'])[1]/preceding::input[1]'.

2021-01-21 15:42:11 - [MESSAGE][INFO] - [SELF-HEALING] Failed Locator: '(.//*[normalize-space(text()) and normalize-space(.)='Login'])[1]/preceding::input[2]'.

2021-01-21 15:42:11 - [MESSAGE][INFO] - [SELF-HEALING] Failed Locator: '//input'.

2021-01-21 15:42:11 - [MESSAGE][INFO] - [SELF-HEALING] Failed Locator: '//input[@id='gUxPn']'.

2021-01-21 15:42:11 - [MESSAGE][INFO] - [SELF-HEALING] Failed Locator: '//div[@id='gUxPk']/input'.

2021-01-21 15:42:11 - [MESSAGE][INFO] - [SELF-HEALING] Failed Locator: '//input[@id='wUTCn']'.

2021-01-21 15:42:11 - [MESSAGE][INFO] - [SELF-HEALING] Failed Locator: '//div[@id='wUTCk']/input'.

2021-01-21 15:42:12 - [MESSAGE][INFO] - [SELF-HEALING] Failed Locator: '//input[@id='n17Qn']'.

2021-01-21 15:42:12 - [MESSAGE][INFO] - [SELF-HEALING] Failed Locator: '//div[@id='n17Qk']/input'.

2021-01-21 15:42:12 - [MESSAGE][INFO] - [SELF-HEALING] Failed Locator: '//input[@id='kCKQn']'.

2021-01-21 15:42:12 - [MESSAGE][INFO] - [SELF-HEALING] Failed Locator: '//div[@id='kCKQk']/input'.

2021-01-21 15:42:12 - [MESSAGE][INFO] - [SELF-HEALING] Failed Locator: '(.//*[normalize-space(text()) and normalize-space(.)='Username'])[1]/following::input[1]'.

2021-01-21 15:42:12 - [MESSAGE][INFO] - [SELF-HEALING] Failed Locator: '(.//*[normalize-space(text()) and normalize-space(.)='Login with your LDAP (Windows)'])[1]/following::input[1]'.

2021-01-21 15:42:12 - [MESSAGE][INFO] - [SELF-HEALING] Failed Locator: '(.//*[normalize-space(text()) and normalize-space(.)='Password'])[1]/preceding::input[1]'.

2021-01-21 15:42:12 - [MESSAGE][INFO] - [SELF-HEALING] Failed Locator: '(.//*[normalize-space(text()) and normalize-space(.)='Login'])[1]/preceding::input[2]'.

2021-01-21 15:42:12 - [MESSAGE][INFO] - [SELF-HEALING] Failed Locator: '//input'.

2021-01-21 15:42:12 - [MESSAGE][INFO] - [SELF-HEALING] Failed Locator: '//input[@id='gUxPn']'.

2021-01-21 15:42:12 - [MESSAGE][INFO] - [SELF-HEALING] Failed Locator: '//div[@id='gUxPk']/input'.

2021-01-21 15:42:12 - [MESSAGE][INFO] - [SELF-HEALING] Failed Locator: '//input[@id='wUTCn']'.

2021-01-21 15:42:12 - [MESSAGE][INFO] - [SELF-HEALING] Failed Locator: '//div[@id='wUTCk']/input'.

2021-01-21 15:42:12 - [MESSAGE][INFO] - [SELF-HEALING] Failed Locator: '//input[@id='n17Qn']'.

2021-01-21 15:42:12 - [MESSAGE][INFO] - [SELF-HEALING] Failed Locator: '//div[@id='n17Qk']/input'.

2021-01-21 15:42:12 - [MESSAGE][INFO] - [SELF-HEALING] Failed Locator: '//input[@id='kCKQn']'.

2021-01-21 15:42:12 - [MESSAGE][INFO] - [SELF-HEALING] Failed Locator: '//div[@id='kCKQk']/input'.

2021-01-21 15:42:12 - [MESSAGE][INFO] - [SELF-HEALING] Failed Locator: '(.//*[normalize-space(text()) and normalize-space(.)='Username'])[1]/following::input[1]'.

2021-01-21 15:42:12 - [MESSAGE][INFO] - [SELF-HEALING] Failed Locator: '(.//*[normalize-space(text()) and normalize-space(.)='Login with your LDAP (Windows)'])[1]/following::input[1]'.

2021-01-21 15:42:12 - [MESSAGE][INFO] - [SELF-HEALING] Failed Locator: '(.//*[normalize-space(text()) and normalize-space(.)='Password'])[1]/preceding::input[1]'.

2021-01-21 15:42:12 - [MESSAGE][INFO] - [SELF-HEALING] Failed Locator: '(.//*[normalize-space(text()) and normalize-space(.)='Login'])[1]/preceding::input[2]'.

2021-01-21 15:42:12 - [MESSAGE][INFO] - [SELF-HEALING] Failed Locator: '//input'.

2021-01-21 15:42:12 - [MESSAGE][INFO] - [SELF-HEALING] Failed Locator: '//input[@id='gUxPn']'.

2021-01-21 15:42:12 - [MESSAGE][INFO] - [SELF-HEALING] Failed Locator: '//div[@id='gUxPk']/input'.

2021-01-21 15:42:12 - [MESSAGE][INFO] - [SELF-HEALING] Failed Locator: '//input[@id='wUTCn']'.

2021-01-21 15:42:12 - [MESSAGE][INFO] - [SELF-HEALING] Failed Locator: '//div[@id='wUTCk']/input'.

2021-01-21 15:42:12 - [MESSAGE][INFO] - [SELF-HEALING] Failed Locator: '//input[@id='n17Qn']'.

2021-01-21 15:42:12 - [MESSAGE][INFO] - [SELF-HEALING] Failed Locator: '//div[@id='n17Qk']/input'.

2021-01-21 15:42:12 - [MESSAGE][INFO] - [SELF-HEALING] Failed Locator: '//input[@id='kCKQn']'.

2021-01-21 15:42:12 - [MESSAGE][INFO] - [SELF-HEALING] Failed Locator: '//div[@id='kCKQk']/input'.

2021-01-21 15:42:12 - [MESSAGE][INFO] - [SELF-HEALING] Failed Locator: '(.//*[normalize-space(text()) and normalize-space(.)='Username'])[1]/following::input[1]'.

2021-01-21 15:42:12 - [MESSAGE][INFO] - [SELF-HEALING] Failed Locator: '(.//*[normalize-space(text()) and normalize-space(.)='Login with your LDAP (Windows)'])[1]/following::input[1]'.

2021-01-21 15:42:12 - [MESSAGE][INFO] - [SELF-HEALING] Failed Locator: '(.//*[normalize-space(text()) and normalize-space(.)='Password'])[1]/preceding::input[1]'.

2021-01-21 15:42:12 - [MESSAGE][INFO] - [SELF-HEALING] Failed Locator: '(.//*[normalize-space(text()) and normalize-space(.)='Login'])[1]/preceding::input[2]'.

2021-01-21 15:42:12 - [MESSAGE][INFO] - [SELF-HEALING] Failed Locator: '//input'.

2021-01-21 15:42:12 - [MESSAGE][INFO] - [SELF-HEALING] Failed Locator: '//input[@id='gUxPn']'.

2021-01-21 15:42:12 - [MESSAGE][INFO] - [SELF-HEALING] Failed Locator: '//div[@id='gUxPk']/input'.

2021-01-21 15:42:12 - [MESSAGE][INFO] - [SELF-HEALING] Failed Locator: '//input[@id='wUTCn']'.

2021-01-21 15:42:12 - [MESSAGE][INFO] - [SELF-HEALING] Failed Locator: '//div[@id='wUTCk']/input'.

2021-01-21 15:42:12 - [MESSAGE][INFO] - [SELF-HEALING] Failed Locator: '//input[@id='n17Qn']'.

2021-01-21 15:42:12 - [MESSAGE][INFO] - [SELF-HEALING] Failed Locator: '//div[@id='n17Qk']/input'.

2021-01-21 15:42:12 - [MESSAGE][INFO] - [SELF-HEALING] Failed Locator: '//input[@id='kCKQn']'.

2021-01-21 15:42:12 - [MESSAGE][INFO] - [SELF-HEALING] Failed Locator: '//div[@id='kCKQk']/input'.

2021-01-21 15:42:12 - [MESSAGE][INFO] - [SELF-HEALING] Failed Locator: '(.//*[normalize-space(text()) and normalize-space(.)='Username'])[1]/following::input[1]'.

2021-01-21 15:42:12 - [MESSAGE][INFO] - [SELF-HEALING] Failed Locator: '(.//*[normalize-space(text()) and normalize-space(.)='Login with your LDAP (Windows)'])[1]/following::input[1]'.

2021-01-21 15:42:12 - [MESSAGE][INFO] - [SELF-HEALING] Failed Locator: '(.//*[normalize-space(text()) and normalize-space(.)='Password'])[1]/preceding::input[1]'.

2021-01-21 15:42:12 - [MESSAGE][INFO] - [SELF-HEALING] Failed Locator: '(.//*[normalize-space(text()) and normalize-space(.)='Login'])[1]/preceding::input[2]'.

2021-01-21 15:42:12 - [MESSAGE][INFO] - [SELF-HEALING] Failed Locator: '//input'.

2021-01-21 15:42:12 - [MESSAGE][INFO] - [SELF-HEALING] Failed Locator: '//input[@id='gUxPn']'.

2021-01-21 15:42:12 - [MESSAGE][INFO] - [SELF-HEALING] Failed Locator: '//div[@id='gUxPk']/input'.

2021-01-21 15:42:12 - [MESSAGE][INFO] - [SELF-HEALING] Failed Locator: '//input[@id='wUTCn']'.

2021-01-21 15:42:12 - [MESSAGE][INFO] - [SELF-HEALING] Failed Locator: '//div[@id='wUTCk']/input'.

2021-01-21 15:42:12 - [MESSAGE][INFO] - [SELF-HEALING] Failed Locator: '//input[@id='n17Qn']'.

2021-01-21 15:42:12 - [MESSAGE][INFO] - [SELF-HEALING] Failed Locator: '//div[@id='n17Qk']/input'.

2021-01-21 15:42:12 - [MESSAGE][INFO] - [SELF-HEALING] Failed Locator: '//input[@id='kCKQn']'.

2021-01-21 15:42:12 - [MESSAGE][INFO] - [SELF-HEALING] Failed Locator: '//div[@id='kCKQk']/input'.

2021-01-21 15:42:12 - [MESSAGE][INFO] - [SELF-HEALING] Failed Locator: '(.//*[normalize-space(text()) and normalize-space(.)='Username'])[1]/following::input[1]'.

2021-01-21 15:42:12 - [MESSAGE][INFO] - [SELF-HEALING] Failed Locator: '(.//*[normalize-space(text()) and normalize-space(.)='Login with your LDAP (Windows)'])[1]/following::input[1]'.

2021-01-21 15:42:12 - [MESSAGE][INFO] - [SELF-HEALING] Failed Locator: '(.//*[normalize-space(text()) and normalize-space(.)='Password'])[1]/preceding::input[1]'.

2021-01-21 15:42:12 - [MESSAGE][INFO] - [SELF-HEALING] Failed Locator: '(.//*[normalize-space(text()) and normalize-space(.)='Login'])[1]/preceding::input[2]'.

2021-01-21 15:42:12 - [MESSAGE][INFO] - [SELF-HEALING] Failed Locator: '//input'.

2021-01-21 15:42:12 - [MESSAGE][INFO] - [SELF-HEALING] Failed Locator: '//input[@id='gUxPn']'.

2021-01-21 15:42:12 - [MESSAGE][INFO] - [SELF-HEALING] Failed Locator: '//div[@id='gUxPk']/input'.

2021-01-21 15:42:12 - [MESSAGE][INFO] - [SELF-HEALING] Failed Locator: '//input[@id='wUTCn']'.

2021-01-21 15:42:12 - [MESSAGE][INFO] - [SELF-HEALING] Failed Locator: '//div[@id='wUTCk']/input'.

2021-01-21 15:42:12 - [MESSAGE][INFO] - [SELF-HEALING] Failed Locator: '//input[@id='n17Qn']'.

2021-01-21 15:42:12 - [MESSAGE][INFO] - [SELF-HEALING] Failed Locator: '//div[@id='n17Qk']/input'.

2021-01-21 15:42:13 - [MESSAGE][INFO] - Unable to find the element located by 'By.xpath: //*[@id = 'kCKQn' and @type = 'text' and @name = 'j_username' and @placeholder = 'User Name']'. Please recheck the objects properties to make sure the desired element is located. 

2021-01-21 15:42:14 - [MESSAGE][FAILED] - Unable to set text 'mobile.test' of object 'Object Repository/Page_/input_Username_j_username' (Root cause: com.kms.katalon.core.exception.StepFailedException: Unable to set text 'mobile.test' of object 'Object Repository/Page_/input_Username_j_username'
	at com.kms.katalon.core.webui.keyword.internal.WebUIKeywordMain.stepFailed(WebUIKeywordMain.groovy:64)
	at com.kms.katalon.core.webui.keyword.internal.WebUIKeywordMain.runKeyword(WebUIKeywordMain.groovy:26)
	at com.kms.katalon.core.webui.keyword.builtin.SetTextKeyword.setText(SetTextKeyword.groovy:66)
	at com.kms.katalon.core.webui.keyword.builtin.SetTextKeyword.execute(SetTextKeyword.groovy:37)
	at com.kms.katalon.core.keyword.internal.KeywordExecutor.executeKeywordForPlatform(KeywordExecutor.groovy:73)
	at com.kms.katalon.core.webui.keyword.WebUiBuiltInKeywords.setText(WebUiBuiltInKeywords.groovy:976)
	at com.kms.katalon.core.webui.keyword.WebUiBuiltInKeywords$setText$1.call(Unknown Source)
	at ist_real.Login_IST.I_want_to_login_to_IST(Login_IST.groovy:133)
	at cucumber.runtime.Utils$1.call(Utils.java:26)
	at cucumber.runtime.Timeout.timeout(Timeout.java:16)
	at cucumber.runtime.Utils.invoke(Utils.java:20)
	at cucumber.runtime.java.JavaStepDefinition.execute(JavaStepDefinition.java:48)
	at cucumber.runtime.PickleStepDefinitionMatch.runStep(PickleStepDefinitionMatch.java:50)
	at cucumber.runner.TestStep.executeStep(TestStep.java:55)
	at cucumber.runner.TestStep.run(TestStep.java:42)
	at cucumber.runner.PickleStepTestStep.run(PickleStepTestStep.java:53)
	at cucumber.runner.TestCase.run(TestCase.java:47)
	at cucumber.runner.Runner.runPickle(Runner.java:44)
	at cucumber.runtime.Runtime.runFeature(Runtime.java:120)
	at cucumber.runtime.Runtime.run(Runtime.java:106)
	at cucumber.api.cli.Main.run(Main.java:35)
	at cucumber.api.cli.Main$run.call(Unknown Source)
	at com.kms.katalon.core.cucumber.keyword.CucumberBuiltinKeywords$_runFeatureFile_closure1.doCall(CucumberBuiltinKeywords.groovy:76)
	at com.kms.katalon.core.cucumber.keyword.CucumberBuiltinKeywords$_runFeatureFile_closure1.doCall(CucumberBuiltinKeywords.groovy)
	at com.kms.katalon.core.keyword.internal.KeywordMain.runKeyword(KeywordMain.groovy:68)
	at com.kms.katalon.core.keyword.internal.KeywordMain$runKeyword.call(Unknown Source)
	at com.kms.katalon.core.cucumber.keyword.CucumberBuiltinKeywords.runFeatureFile(CucumberBuiltinKeywords.groovy:46)
	at com.kms.katalon.core.cucumber.keyword.CucumberBuiltinKeywords$runFeatureFile$0.callStatic(Unknown Source)
	at com.kms.katalon.core.cucumber.keyword.CucumberBuiltinKeywords.runFeatureFile(CucumberBuiltinKeywords.groovy:169)
	at com.kms.katalon.core.cucumber.keyword.CucumberBuiltinKeywords$runFeatureFile.call(Unknown Source)
	at TC_Search_by_STATUS.run(TC_Search_by_STATUS:18)
	at com.kms.katalon.core.main.ScriptEngine.run(ScriptEngine.java:194)
	at com.kms.katalon.core.main.ScriptEngine.runScriptAsRawText(ScriptEngine.java:119)
	at com.kms.katalon.core.main.TestCaseExecutor.runScript(TestCaseExecutor.java:339)
	at com.kms.katalon.core.main.TestCaseExecutor.doExecute(TestCaseExecutor.java:330)
	at com.kms.katalon.core.main.TestCaseExecutor.processExecutionPhase(TestCaseExecutor.java:309)
	at com.kms.katalon.core.main.TestCaseExecutor.accessMainPhase(TestCaseExecutor.java:301)
	at com.kms.katalon.core.main.TestCaseExecutor.execute(TestCaseExecutor.java:235)
	at com.kms.katalon.core.main.TestSuiteExecutor.accessTestCaseMainPhase(TestSuiteExecutor.java:191)
	at com.kms.katalon.core.main.TestSuiteExecutor.accessTestSuiteMainPhase(TestSuiteExecutor.java:141)
	at com.kms.katalon.core.main.TestSuiteExecutor.execute(TestSuiteExecutor.java:90)
	at com.kms.katalon.core.main.TestCaseMain.startTestSuite(TestCaseMain.java:157)
	at com.kms.katalon.core.main.TestCaseMain$startTestSuite$0.call(Unknown Source)
	at TempTestSuite1611218216287.run(TempTestSuite1611218216287.groovy:39)
Caused by: java.lang.IllegalArgumentException: Cannot find elements when the selector is null
	at org.openqa.selenium.By$ByCssSelector.<init>(By.java:422)
	at org.openqa.selenium.By.cssSelector(By.java:116)
	at com.kms.katalon.core.webui.common.WebUiCommonHelper.buildLocator(WebUiCommonHelper.java:515)
	at com.kms.katalon.core.webui.common.WebUiCommonHelper.findElementByNormalMethods(WebUiCommonHelper.java:985)
	at com.kms.katalon.core.webui.common.WebUiCommonHelper.findElementsBySelectedMethod(WebUiCommonHelper.java:890)
	at com.kms.katalon.core.webui.common.WebUiCommonHelper.findElementsWithSelfHealing(WebUiCommonHelper.java:794)
	at com.kms.katalon.core.webui.common.WebUiCommonHelper.findWebElements(WebUiCommonHelper.java:717)
	at com.kms.katalon.core.webui.common.WebUiCommonHelper.findWebElement(WebUiCommonHelper.java:1349)
	at com.kms.katalon.core.webui.keyword.internal.WebUIAbstractKeyword.findWebElement(WebUIAbstractKeyword.groovy:27)
	at com.kms.katalon.core.webui.keyword.internal.WebUIAbstractKeyword.findWebElement(WebUIAbstractKeyword.groovy:26)
	at com.kms.katalon.core.webui.keyword.builtin.SetTextKeyword$_setText_closure1.doCall(SetTextKeyword.groovy:51)
	at com.kms.katalon.core.webui.keyword.builtin.SetTextKeyword$_setText_closure1.call(SetTextKeyword.groovy)
	at com.kms.katalon.core.webui.keyword.internal.WebUIKeywordMain.runKeyword(WebUIKeywordMain.groovy:20)
	at com.kms.katalon.core.webui.keyword.builtin.SetTextKeyword.setText(SetTextKeyword.groovy:66)
	at com.kms.katalon.core.webui.keyword.builtin.SetTextKeyword.execute(SetTextKeyword.groovy:37)
	at com.kms.katalon.core.keyword.internal.KeywordExecutor.executeKeywordForPlatform(KeywordExecutor.groovy:73)
	at com.kms.katalon.core.webui.keyword.WebUiBuiltInKeywords.setText(WebUiBuiltInKeywords.groovy:976)
	at com.kms.katalon.core.webui.keyword.WebUiBuiltInKeywords$setText$1.call(Unknown Source)
	at ist_real.Login_IST.I_want_to_login_to_IST(Login_IST.groovy:133)
	at cucumber.runtime.Utils$1.call(Utils.java:26)
	at cucumber.runtime.Timeout.timeout(Timeout.java:16)
	at cucumber.runtime.Utils.invoke(Utils.java:20)
	at cucumber.runtime.java.JavaStepDefinition.execute(JavaStepDefinition.java:48)
	at cucumber.runtime.PickleStepDefinitionMatch.runStep(PickleStepDefinitionMatch.java:50)
	at cucumber.runner.TestStep.executeStep(TestStep.java:55)
	at cucumber.runner.TestStep.run(TestStep.java:42)
	at cucumber.runner.PickleStepTestStep.run(PickleStepTestStep.java:53)
	at cucumber.runner.TestCase.run(TestCase.java:47)
	at cucumber.runner.Runner.runPickle(Runner.java:44)
	at cucumber.runtime.Runtime.runFeature(Runtime.java:120)
	at cucumber.runtime.Runtime.run(Runtime.java:106)
	at cucumber.api.cli.Main.run(Main.java:35)
	at cucumber.api.cli.Main$run.call(Unknown Source)
	at com.kms.katalon.core.cucumber.keyword.CucumberBuiltinKeywords$_runFeatureFile_closure1.doCall(CucumberBuiltinKeywords.groovy:76)
	at com.kms.katalon.core.cucumber.keyword.CucumberBuiltinKeywords$_runFeatureFile_closure1.doCall(CucumberBuiltinKeywords.groovy)
	at com.kms.katalon.core.keyword.internal.KeywordMain.runKeyword(KeywordMain.groovy:68)
	at com.kms.katalon.core.keyword.internal.KeywordMain$runKeyword.call(Unknown Source)
	at com.kms.katalon.core.cucumber.keyword.CucumberBuiltinKeywords.runFeatureFile(CucumberBuiltinKeywords.groovy:46)
	at com.kms.katalon.core.cucumber.keyword.CucumberBuiltinKeywords$runFeatureFile$0.callStatic(Unknown Source)
	at com.kms.katalon.core.cucumber.keyword.CucumberBuiltinKeywords.runFeatureFile(CucumberBuiltinKeywords.groovy:169)
	at com.kms.katalon.core.cucumber.keyword.CucumberBuiltinKeywords$runFeatureFile.call(Unknown Source)
	at Script1611044202838.run(Script1611044202838.groovy:18)
	... 13 more
)
[[ATTACHMENT|/Users/chaidir.pratama01/Katalon Studio/IST_Automation_Git/Reports/20210121_153655/RTD/TS_Partner_Disbursement_SBO/20210121_153656/1611218533830.png]]

2021-01-21 15:42:14 - [MESSAGE][FAILED] - Login IST with valid credentials FAILED.
Reason:
com.kms.katalon.core.exception.StepFailedException: Unable to set text 'mobile.test' of object 'Object Repository/Page_/input_Username_j_username'
	at com.kms.katalon.core.webui.keyword.internal.WebUIKeywordMain.stepFailed(WebUIKeywordMain.groovy:64)
	at com.kms.katalon.core.webui.keyword.internal.WebUIKeywordMain.runKeyword(WebUIKeywordMain.groovy:26)
	at com.kms.katalon.core.webui.keyword.builtin.SetTextKeyword.setText(SetTextKeyword.groovy:66)
	at com.kms.katalon.core.webui.keyword.builtin.SetTextKeyword.execute(SetTextKeyword.groovy:37)
	at com.kms.katalon.core.keyword.internal.KeywordExecutor.executeKeywordForPlatform(KeywordExecutor.groovy:73)
	at com.kms.katalon.core.webui.keyword.WebUiBuiltInKeywords.setText(WebUiBuiltInKeywords.groovy:976)
	at com.kms.katalon.core.webui.keyword.WebUiBuiltInKeywords$setText$1.call(Unknown Source)
	at ist_real.Login_IST.I_want_to_login_to_IST(Login_IST.groovy:133)
	at âœ½.Login IST with valid credentials(/Users/chaidir.pratama01/Katalon Studio/IST_Automation_Git/Include/features/IST_Real/RTD/Partner Disbursement SBO/Search_by_STATUS.feature:26)
Caused by: java.lang.IllegalArgumentException: Cannot find elements when the selector is null
	at org.openqa.selenium.By$ByCssSelector.<init>(By.java:422)
	at org.openqa.selenium.By.cssSelector(By.java:116)
	at com.kms.katalon.core.webui.common.WebUiCommonHelper.buildLocator(WebUiCommonHelper.java:515)
	at com.kms.katalon.core.webui.common.WebUiCommonHelper.findElementByNormalMethods(WebUiCommonHelper.java:985)
	at com.kms.katalon.core.webui.common.WebUiCommonHelper.findElementsBySelectedMethod(WebUiCommonHelper.java:890)
	at com.kms.katalon.core.webui.common.WebUiCommonHelper.findElementsWithSelfHealing(WebUiCommonHelper.java:794)
	at com.kms.katalon.core.webui.common.WebUiCommonHelper.findWebElements(WebUiCommonHelper.java:717)
	at com.kms.katalon.core.webui.common.WebUiCommonHelper.findWebElement(WebUiCommonHelper.java:1349)
	at com.kms.katalon.core.webui.keyword.internal.WebUIAbstractKeyword.findWebElement(WebUIAbstractKeyword.groovy:27)
	at com.kms.katalon.core.webui.keyword.internal.WebUIAbstractKeyword.findWebElement(WebUIAbstractKeyword.groovy:26)
	at com.kms.katalon.core.webui.keyword.builtin.SetTextKeyword$_setText_closure1.doCall(SetTextKeyword.groovy:51)
	at com.kms.katalon.core.webui.keyword.builtin.SetTextKeyword$_setText_closure1.call(SetTextKeyword.groovy)
	at com.kms.katalon.core.webui.keyword.internal.WebUIKeywordMain.runKeyword(WebUIKeywordMain.groovy:20)
	at com.kms.katalon.core.webui.keyword.builtin.SetTextKeyword.setText(SetTextKeyword.groovy:66)
	at com.kms.katalon.core.webui.keyword.builtin.SetTextKeyword.execute(SetTextKeyword.groovy:37)
	at com.kms.katalon.core.keyword.internal.KeywordExecutor.executeKeywordForPlatform(KeywordExecutor.groovy:73)
	at com.kms.katalon.core.webui.keyword.WebUiBuiltInKeywords.setText(WebUiBuiltInKeywords.groovy:976)
	at com.kms.katalon.core.webui.keyword.WebUiBuiltInKeywords$setText$1.call(Unknown Source)
	at ist_real.Login_IST.I_want_to_login_to_IST(Login_IST.groovy:133)
	at cucumber.runtime.Utils$1.call(Utils.java:26)
	at cucumber.runtime.Timeout.timeout(Timeout.java:16)
	at cucumber.runtime.Utils.invoke(Utils.java:20)
	at cucumber.runtime.java.JavaStepDefinition.execute(JavaStepDefinition.java:48)
	at cucumber.runtime.PickleStepDefinitionMatch.runStep(PickleStepDefinitionMatch.java:50)
	at cucumber.runner.TestStep.executeStep(TestStep.java:55)
	at cucumber.runner.TestStep.run(TestStep.java:42)
	at cucumber.runner.PickleStepTestStep.run(PickleStepTestStep.java:53)
	at cucumber.runner.TestCase.run(TestCase.java:47)
	at cucumber.runner.Runner.runPickle(Runner.java:44)
	at cucumber.runtime.Runtime.runFeature(Runtime.java:120)
	at cucumber.runtime.Runtime.run(Runtime.java:106)
	at cucumber.api.cli.Main.run(Main.java:35)
	at cucumber.api.cli.Main$run.call(Unknown Source)
	at com.kms.katalon.core.cucumber.keyword.CucumberBuiltinKeywords$_runFeatureFile_closure1.doCall(CucumberBuiltinKeywords.groovy:76)
	at com.kms.katalon.core.cucumber.keyword.CucumberBuiltinKeywords$_runFeatureFile_closure1.doCall(CucumberBuiltinKeywords.groovy)
	at com.kms.katalon.core.keyword.internal.KeywordMain.runKeyword(KeywordMain.groovy:68)
	at com.kms.katalon.core.keyword.internal.KeywordMain$runKeyword.call(Unknown Source)
	at com.kms.katalon.core.cucumber.keyword.CucumberBuiltinKeywords.runFeatureFile(CucumberBuiltinKeywords.groovy:46)
	at com.kms.katalon.core.cucumber.keyword.CucumberBuiltinKeywords$runFeatureFile$0.callStatic(Unknown Source)
	at com.kms.katalon.core.cucumber.keyword.CucumberBuiltinKeywords.runFeatureFile(CucumberBuiltinKeywords.groovy:169)
	at com.kms.katalon.core.cucumber.keyword.CucumberBuiltinKeywords$runFeatureFile.call(Unknown Source)
	at TC_Search_by_STATUS.run(TC_Search_by_STATUS:18)
	at com.kms.katalon.core.main.ScriptEngine.run(ScriptEngine.java:194)
	at com.kms.katalon.core.main.ScriptEngine.runScriptAsRawText(ScriptEngine.java:119)
	at com.kms.katalon.core.main.TestCaseExecutor.runScript(TestCaseExecutor.java:339)
	at com.kms.katalon.core.main.TestCaseExecutor.doExecute(TestCaseExecutor.java:330)
	at com.kms.katalon.core.main.TestCaseExecutor.processExecutionPhase(TestCaseExecutor.java:309)
	at com.kms.katalon.core.main.TestCaseExecutor.accessMainPhase(TestCaseExecutor.java:301)
	at com.kms.katalon.core.main.TestCaseExecutor.execute(TestCaseExecutor.java:235)
	at com.kms.katalon.core.main.TestSuiteExecutor.accessTestCaseMainPhase(TestSuiteExecutor.java:191)
	at com.kms.katalon.core.main.TestSuiteExecutor.accessTestSuiteMainPhase(TestSuiteExecutor.java:141)
	at com.kms.katalon.core.main.TestSuiteExecutor.execute(TestSuiteExecutor.java:90)
	at com.kms.katalon.core.main.TestCaseMain.startTestSuite(TestCaseMain.java:157)
	at com.kms.katalon.core.main.TestCaseMain$startTestSuite$0.call(Unknown Source)
	at TempTestSuite1611218216287.run(TempTestSuite1611218216287.groovy:39)


2021-01-21 15:42:14 - [TEST_STEP][NOT_RUN] - Login Success: Login Success

2021-01-21 15:42:14 - [MESSAGE][NOT_RUN] - Login Success

2021-01-21 15:42:14 - [TEST_STEP][NOT_RUN] - Select Arrow Menu "Real Time Disbursement": Select Arrow Menu "Real Time Disbursement"

2021-01-21 15:42:14 - [MESSAGE][NOT_RUN] - Select Arrow Menu "Real Time Disbursement"

2021-01-21 15:42:14 - [TEST_STEP][NOT_RUN] - Select Menu "Partner Disbursement SBO": Select Menu "Partner Disbursement SBO"

2021-01-21 15:42:14 - [MESSAGE][NOT_RUN] - Select Menu "Partner Disbursement SBO"

2021-01-21 15:42:14 - [TEST_STEP][NOT_RUN] - Select STATUS "Eligible to disburse": Select STATUS "Eligible to disburse"

2021-01-21 15:42:14 - [MESSAGE][NOT_RUN] - Select STATUS "Eligible to disburse"

2021-01-21 15:42:14 - [TEST_STEP][NOT_RUN] - Click button "Search": Click button "Search"

2021-01-21 15:42:14 - [MESSAGE][NOT_RUN] - Click button "Search"

2021-01-21 15:42:14 - [TEST_STEP][NOT_RUN] - Verify Search Result Presents: Verify Search Result Presents

2021-01-21 15:42:14 - [MESSAGE][NOT_RUN] - Verify Search Result Presents

2021-01-21 15:42:14 - [TEST_STEP][NOT_RUN] - Click button "Logout": Click button "Logout"

2021-01-21 15:42:14 - [MESSAGE][NOT_RUN] - Click button "Logout"

2021-01-21 15:42:14 - [TEST_STEP][NOT_RUN] - Close browser: Close browser

2021-01-21 15:42:14 - [MESSAGE][NOT_RUN] - Close browser

2021-01-21 15:42:14 - [TEST_CASE][PASSED] - Start Test Case : SCENARIO Search by STATUS Waiting validation from Risk: SCENARIO Search by STATUS Waiting validation from Risk

2021-01-21 15:42:14 - [TEST_STEP][PASSED] - Go to ISTools: Go to ISTools

2021-01-21 15:42:14 - [MESSAGE][WARNING] - A browser is already opened. Closing browser and opening a new one

2021-01-21 15:42:14 - [MESSAGE][INFO] - Starting 'Chrome (headless)' driver

2021-01-21 15:42:14 - [MESSAGE][INFO] - User set preference: ['args', '[--start-maximized, --disable-gpu, --no-proxy-server, â€“-no-sandbox, --allow-running-insecure-content, --ignore-certificate-errors, window-size=1680,814, force-device-scale-factor=2, --lang=en-GB]']

2021-01-21 15:42:14 - [MESSAGE][INFO] - User set preference: ['prefs', '{download.default_directory=/Users/chaidir.pratama01/Katalon Studio/IST_Automation_Git/Download}']

2021-01-21 15:42:14 - [MESSAGE][INFO] - Action delay is set to 0 milliseconds

2021-01-21 15:42:14 - [MESSAGE][PASSED] - Browser is opened with url: ''

2021-01-21 15:42:16 - [MESSAGE][PASSED] - Navigate to 'https://dev-istools.homecredit.id/foundation/' successfully

2021-01-21 15:42:16 - [MESSAGE][PASSED] - Go to ISTools

2021-01-21 15:42:16 - [TEST_STEP][PASSED] - Login IST with valid credentials: Login IST with valid credentials

2021-01-21 15:42:17 - [MESSAGE][PASSED] - Text 'mobile.test' is set on object 'Object Repository/Page_/input_Username_j_username'

2021-01-21 15:42:17 - [MESSAGE][PASSED] - Text ****** has been set on object 'Object Repository/Page_/input_Password_j_password'

2021-01-21 15:42:17 - [MESSAGE][PASSED] - Object: 'Object Repository/Page_/button_Login' is clicked on

2021-01-21 15:42:17 - [MESSAGE][PASSED] - Login IST with valid credentials

2021-01-21 15:42:17 - [TEST_STEP][PASSED] - Login Success: Login Success

2021-01-21 15:42:17 - [MESSAGE][INFO] - Login Success

2021-01-21 15:42:18 - [MESSAGE][PASSED] - Current window maximized

2021-01-21 15:42:18 - [MESSAGE][PASSED] - Object 'Object Repository/Page_/h1_Welcome to IT Supporting Tools' is present

2021-01-21 15:42:18 - [MESSAGE][PASSED] - Login Success

2021-01-21 15:42:18 - [TEST_STEP][PASSED] - Select Arrow Menu "Real Time Disbursement": Select Arrow Menu "Real Time Disbursement"

2021-01-21 15:42:18 - [MESSAGE][PASSED] - Object: '' is clicked on

2021-01-21 15:42:18 - [MESSAGE][PASSED] - Select Arrow Menu "Real Time Disbursement"

2021-01-21 15:42:18 - [TEST_STEP][PASSED] - Select Menu "Partner Disbursement SBO": Select Menu "Partner Disbursement SBO"

2021-01-21 15:42:18 - [MESSAGE][PASSED] - Taking screenshot successfully
[[ATTACHMENT|/Users/chaidir.pratama01/Documents/Docs/Katalon Studio/Screenshot/test-Partner Disbursement SBO.png]]

2021-01-21 15:42:18 - [MESSAGE][PASSED] - Object '' is present

2021-01-21 15:42:18 - [MESSAGE][PASSED] - Object: '' is clicked on

2021-01-21 15:42:18 - [MESSAGE][PASSED] - Wait for page load successfully

2021-01-21 15:42:18 - [MESSAGE][PASSED] - Select Menu "Partner Disbursement SBO"

2021-01-21 15:42:18 - [TEST_STEP][PASSED] - Select STATUS "Waiting validation from Risk": Select STATUS "Waiting validation from Risk"

2021-01-21 15:42:19 - [MESSAGE][PASSED] - All options with value 'Waiting validation from Risk' are selected in object ''  using regular expression

2021-01-21 15:42:19 - [MESSAGE][PASSED] - Select STATUS "Waiting validation from Risk"

2021-01-21 15:42:19 - [TEST_STEP][PASSED] - Click button "Search": Click button "Search"

2021-01-21 15:42:19 - [MESSAGE][INFO] - >>>>>//Button[contains(text(),'Search')]

2021-01-21 15:42:22 - [MESSAGE][PASSED] - Object '' is present

2021-01-21 15:42:22 - [MESSAGE][PASSED] - Object: '' is clicked on

2021-01-21 15:42:22 - [MESSAGE][PASSED] - Switched to window with index: '0'

2021-01-21 15:42:22 - [MESSAGE][PASSED] - Click button "Search"

2021-01-21 15:42:22 - [TEST_STEP][PASSED] - Verify Search Result Presents: Verify Search Result Presents

2021-01-21 15:42:53 - [MESSAGE][INFO] - Unable to find the element located by 'By.xpath: //td[@style='display:none' and contains(text(),'-Empty-')]'. Please recheck the objects properties to make sure the desired element is located. 

2021-01-21 15:42:54 - [MESSAGE][WARNING] - com.kms.katalon.core.webui.exception.WebElementNotFoundException: Web element with id: '' located by '//td[@style='display:none' and contains(text(),'-Empty-')]' not found (Root cause: com.kms.katalon.core.exception.StepFailedException: com.kms.katalon.core.webui.exception.WebElementNotFoundException: Web element with id: '' located by '//td[@style='display:none' and contains(text(),'-Empty-')]' not found
	at com.kms.katalon.core.webui.keyword.internal.WebUIKeywordMain.stepFailed(WebUIKeywordMain.groovy:64)
	at com.kms.katalon.core.webui.keyword.builtin.VerifyElementPresentKeyword$_verifyElementPresent_closure1.doCall(VerifyElementPresentKeyword.groovy:85)
	at com.kms.katalon.core.webui.keyword.builtin.VerifyElementPresentKeyword$_verifyElementPresent_closure1.call(VerifyElementPresentKeyword.groovy)
	at com.kms.katalon.core.webui.keyword.internal.WebUIKeywordMain.runKeyword(WebUIKeywordMain.groovy:20)
	at com.kms.katalon.core.webui.keyword.builtin.VerifyElementPresentKeyword.verifyElementPresent(VerifyElementPresentKeyword.groovy:92)
	at com.kms.katalon.core.webui.keyword.builtin.VerifyElementPresentKeyword.execute(VerifyElementPresentKeyword.groovy:68)
	at com.kms.katalon.core.keyword.internal.KeywordExecutor.executeKeywordForPlatform(KeywordExecutor.groovy:73)
	at com.kms.katalon.core.webui.keyword.WebUiBuiltInKeywords.verifyElementPresent(WebUiBuiltInKeywords.groovy:1444)
	at com.kms.katalon.core.webui.keyword.WebUiBuiltInKeywords$verifyElementPresent$11.call(Unknown Source)
	at ist_real.Contract_Dispatcher.VerifyTblFilled(Contract_Dispatcher.groovy:1313)
	at ist_real.Contract_Dispatcher$VerifyTblFilled$0.call(Unknown Source)
	at RTD.Search_Result_Presents(RTD.groovy:187)
	at cucumber.runtime.Utils$1.call(Utils.java:26)
	at cucumber.runtime.Timeout.timeout(Timeout.java:16)
	at cucumber.runtime.Utils.invoke(Utils.java:20)
	at cucumber.runtime.java.JavaStepDefinition.execute(JavaStepDefinition.java:48)
	at cucumber.runtime.PickleStepDefinitionMatch.runStep(PickleStepDefinitionMatch.java:50)
	at cucumber.runner.TestStep.executeStep(TestStep.java:55)
	at cucumber.runner.TestStep.run(TestStep.java:42)
	at cucumber.runner.PickleStepTestStep.run(PickleStepTestStep.java:53)
	at cucumber.runner.TestCase.run(TestCase.java:47)
	at cucumber.runner.Runner.runPickle(Runner.java:44)
	at cucumber.runtime.Runtime.runFeature(Runtime.java:120)
	at cucumber.runtime.Runtime.run(Runtime.java:106)
	at cucumber.api.cli.Main.run(Main.java:35)
	at cucumber.api.cli.Main$run.call(Unknown Source)
	at com.kms.katalon.core.cucumber.keyword.CucumberBuiltinKeywords$_runFeatureFile_closure1.doCall(CucumberBuiltinKeywords.groovy:76)
	at com.kms.katalon.core.cucumber.keyword.CucumberBuiltinKeywords$_runFeatureFile_closure1.doCall(CucumberBuiltinKeywords.groovy)
	at com.kms.katalon.core.keyword.internal.KeywordMain.runKeyword(KeywordMain.groovy:68)
	at com.kms.katalon.core.keyword.internal.KeywordMain$runKeyword.call(Unknown Source)
	at com.kms.katalon.core.cucumber.keyword.CucumberBuiltinKeywords.runFeatureFile(CucumberBuiltinKeywords.groovy:46)
	at com.kms.katalon.core.cucumber.keyword.CucumberBuiltinKeywords$runFeatureFile$0.callStatic(Unknown Source)
	at com.kms.katalon.core.cucumber.keyword.CucumberBuiltinKeywords.runFeatureFile(CucumberBuiltinKeywords.groovy:169)
	at com.kms.katalon.core.cucumber.keyword.CucumberBuiltinKeywords$runFeatureFile.call(Unknown Source)
	at TC_Search_by_STATUS.run(TC_Search_by_STATUS:18)
	at com.kms.katalon.core.main.ScriptEngine.run(ScriptEngine.java:194)
	at com.kms.katalon.core.main.ScriptEngine.runScriptAsRawText(ScriptEngine.java:119)
	at com.kms.katalon.core.main.TestCaseExecutor.runScript(TestCaseExecutor.java:339)
	at com.kms.katalon.core.main.TestCaseExecutor.doExecute(TestCaseExecutor.java:330)
	at com.kms.katalon.core.main.TestCaseExecutor.processExecutionPhase(TestCaseExecutor.java:309)
	at com.kms.katalon.core.main.TestCaseExecutor.accessMainPhase(TestCaseExecutor.java:301)
	at com.kms.katalon.core.main.TestCaseExecutor.execute(TestCaseExecutor.java:235)
	at com.kms.katalon.core.main.TestSuiteExecutor.accessTestCaseMainPhase(TestSuiteExecutor.java:191)
	at com.kms.katalon.core.main.TestSuiteExecutor.accessTestSuiteMainPhase(TestSuiteExecutor.java:141)
	at com.kms.katalon.core.main.TestSuiteExecutor.execute(TestSuiteExecutor.java:90)
	at com.kms.katalon.core.main.TestCaseMain.startTestSuite(TestCaseMain.java:157)
	at com.kms.katalon.core.main.TestCaseMain$startTestSuite$0.call(Unknown Source)
	at TempTestSuite1611218216287.run(TempTestSuite1611218216287.groovy:39)
)
[[ATTACHMENT|/Users/chaidir.pratama01/Katalon Studio/IST_Automation_Git/Reports/20210121_153655/RTD/TS_Partner_Disbursement_SBO/20210121_153656/1611218573836.png]]

2021-01-21 15:42:54 - [MESSAGE][PASSED] - Verify Search Result Presents

2021-01-21 15:42:54 - [TEST_STEP][PASSED] - Click button "Logout": Click button "Logout"

2021-01-21 15:42:54 - [MESSAGE][INFO] - >>>>>//Button[contains(text(),'Logout')]

2021-01-21 15:42:57 - [MESSAGE][PASSED] - Object '' is present

2021-01-21 15:42:57 - [MESSAGE][PASSED] - Object: '' is clicked on

2021-01-21 15:42:57 - [MESSAGE][PASSED] - Switched to window with index: '0'

2021-01-21 15:42:57 - [MESSAGE][PASSED] - Click button "Logout"

2021-01-21 15:42:57 - [TEST_STEP][PASSED] - Close browser: Close browser

2021-01-21 15:42:57 - [MESSAGE][PASSED] - Browser is closed

2021-01-21 15:42:57 - [MESSAGE][PASSED] - Close browser

2021-01-21 15:42:57 - [TEST_CASE][PASSED] - Start Test Case : SCENARIO Search by STATUS Waiting validation from In Payment: SCENARIO Search by STATUS Waiting validation from In Payment

2021-01-21 15:42:57 - [TEST_STEP][PASSED] - Go to ISTools: Go to ISTools

2021-01-21 15:42:57 - [MESSAGE][INFO] - Starting 'Chrome (headless)' driver

2021-01-21 15:42:57 - [MESSAGE][INFO] - User set preference: ['args', '[--start-maximized, --disable-gpu, --no-proxy-server, â€“-no-sandbox, --allow-running-insecure-content, --ignore-certificate-errors, window-size=1680,814, force-device-scale-factor=2, --lang=en-GB]']

2021-01-21 15:42:57 - [MESSAGE][INFO] - User set preference: ['prefs', '{download.default_directory=/Users/chaidir.pratama01/Katalon Studio/IST_Automation_Git/Download}']

2021-01-21 15:42:57 - [MESSAGE][INFO] - Action delay is set to 0 milliseconds

2021-01-21 15:42:58 - [MESSAGE][PASSED] - Browser is opened with url: ''

2021-01-21 15:42:59 - [MESSAGE][PASSED] - Navigate to 'https://dev-istools.homecredit.id/foundation/' successfully

2021-01-21 15:42:59 - [MESSAGE][PASSED] - Go to ISTools

2021-01-21 15:42:59 - [TEST_STEP][PASSED] - Login IST with valid credentials: Login IST with valid credentials

2021-01-21 15:42:59 - [MESSAGE][PASSED] - Text 'mobile.test' is set on object 'Object Repository/Page_/input_Username_j_username'

2021-01-21 15:42:59 - [MESSAGE][PASSED] - Text ****** has been set on object 'Object Repository/Page_/input_Password_j_password'

2021-01-21 15:43:00 - [MESSAGE][PASSED] - Object: 'Object Repository/Page_/button_Login' is clicked on

2021-01-21 15:43:00 - [MESSAGE][PASSED] - Login IST with valid credentials

2021-01-21 15:43:00 - [TEST_STEP][PASSED] - Login Success: Login Success

2021-01-21 15:43:00 - [MESSAGE][INFO] - Login Success

2021-01-21 15:43:00 - [MESSAGE][PASSED] - Current window maximized

2021-01-21 15:43:00 - [MESSAGE][PASSED] - Object 'Object Repository/Page_/h1_Welcome to IT Supporting Tools' is present

2021-01-21 15:43:00 - [MESSAGE][PASSED] - Login Success

2021-01-21 15:43:00 - [TEST_STEP][PASSED] - Select Arrow Menu "Real Time Disbursement": Select Arrow Menu "Real Time Disbursement"

2021-01-21 15:43:00 - [MESSAGE][PASSED] - Object: '' is clicked on

2021-01-21 15:43:00 - [MESSAGE][PASSED] - Select Arrow Menu "Real Time Disbursement"

2021-01-21 15:43:00 - [TEST_STEP][PASSED] - Select Menu "Partner Disbursement SBO": Select Menu "Partner Disbursement SBO"

2021-01-21 15:43:01 - [MESSAGE][PASSED] - Taking screenshot successfully
[[ATTACHMENT|/Users/chaidir.pratama01/Documents/Docs/Katalon Studio/Screenshot/test-Partner Disbursement SBO.png]]

2021-01-21 15:43:01 - [MESSAGE][PASSED] - Object '' is present

2021-01-21 15:43:01 - [MESSAGE][PASSED] - Object: '' is clicked on

2021-01-21 15:43:01 - [MESSAGE][PASSED] - Wait for page load successfully

2021-01-21 15:43:01 - [MESSAGE][PASSED] - Select Menu "Partner Disbursement SBO"

2021-01-21 15:43:01 - [TEST_STEP][PASSED] - Select STATUS "Waiting validation from In Payment": Select STATUS "Waiting validation from In Payment"

2021-01-21 15:43:01 - [MESSAGE][PASSED] - All options with value 'Waiting validation from In Payment' are selected in object ''  using regular expression

2021-01-21 15:43:01 - [MESSAGE][PASSED] - Select STATUS "Waiting validation from In Payment"

2021-01-21 15:43:01 - [TEST_STEP][PASSED] - Click button "Search": Click button "Search"

2021-01-21 15:43:01 - [MESSAGE][INFO] - >>>>>//Button[contains(text(),'Search')]

2021-01-21 15:43:04 - [MESSAGE][PASSED] - Object '' is present

2021-01-21 15:43:04 - [MESSAGE][PASSED] - Object: '' is clicked on

2021-01-21 15:43:04 - [MESSAGE][PASSED] - Switched to window with index: '0'

2021-01-21 15:43:04 - [MESSAGE][PASSED] - Click button "Search"

2021-01-21 15:43:04 - [TEST_STEP][PASSED] - Verify Search Result Presents: Verify Search Result Presents

2021-01-21 15:43:35 - [MESSAGE][INFO] - Unable to find the element located by 'By.xpath: //td[@style='display:none' and contains(text(),'-Empty-')]'. Please recheck the objects properties to make sure the desired element is located. 

2021-01-21 15:43:36 - [MESSAGE][WARNING] - com.kms.katalon.core.webui.exception.WebElementNotFoundException: Web element with id: '' located by '//td[@style='display:none' and contains(text(),'-Empty-')]' not found (Root cause: com.kms.katalon.core.exception.StepFailedException: com.kms.katalon.core.webui.exception.WebElementNotFoundException: Web element with id: '' located by '//td[@style='display:none' and contains(text(),'-Empty-')]' not found
	at com.kms.katalon.core.webui.keyword.internal.WebUIKeywordMain.stepFailed(WebUIKeywordMain.groovy:64)
	at com.kms.katalon.core.webui.keyword.builtin.VerifyElementPresentKeyword$_verifyElementPresent_closure1.doCall(VerifyElementPresentKeyword.groovy:85)
	at com.kms.katalon.core.webui.keyword.builtin.VerifyElementPresentKeyword$_verifyElementPresent_closure1.call(VerifyElementPresentKeyword.groovy)
	at com.kms.katalon.core.webui.keyword.internal.WebUIKeywordMain.runKeyword(WebUIKeywordMain.groovy:20)
	at com.kms.katalon.core.webui.keyword.builtin.VerifyElementPresentKeyword.verifyElementPresent(VerifyElementPresentKeyword.groovy:92)
	at com.kms.katalon.core.webui.keyword.builtin.VerifyElementPresentKeyword.execute(VerifyElementPresentKeyword.groovy:68)
	at com.kms.katalon.core.keyword.internal.KeywordExecutor.executeKeywordForPlatform(KeywordExecutor.groovy:73)
	at com.kms.katalon.core.webui.keyword.WebUiBuiltInKeywords.verifyElementPresent(WebUiBuiltInKeywords.groovy:1444)
	at com.kms.katalon.core.webui.keyword.WebUiBuiltInKeywords$verifyElementPresent$11.call(Unknown Source)
	at ist_real.Contract_Dispatcher.VerifyTblFilled(Contract_Dispatcher.groovy:1313)
	at ist_real.Contract_Dispatcher$VerifyTblFilled$0.call(Unknown Source)
	at RTD.Search_Result_Presents(RTD.groovy:187)
	at cucumber.runtime.Utils$1.call(Utils.java:26)
	at cucumber.runtime.Timeout.timeout(Timeout.java:16)
	at cucumber.runtime.Utils.invoke(Utils.java:20)
	at cucumber.runtime.java.JavaStepDefinition.execute(JavaStepDefinition.java:48)
	at cucumber.runtime.PickleStepDefinitionMatch.runStep(PickleStepDefinitionMatch.java:50)
	at cucumber.runner.TestStep.executeStep(TestStep.java:55)
	at cucumber.runner.TestStep.run(TestStep.java:42)
	at cucumber.runner.PickleStepTestStep.run(PickleStepTestStep.java:53)
	at cucumber.runner.TestCase.run(TestCase.java:47)
	at cucumber.runner.Runner.runPickle(Runner.java:44)
	at cucumber.runtime.Runtime.runFeature(Runtime.java:120)
	at cucumber.runtime.Runtime.run(Runtime.java:106)
	at cucumber.api.cli.Main.run(Main.java:35)
	at cucumber.api.cli.Main$run.call(Unknown Source)
	at com.kms.katalon.core.cucumber.keyword.CucumberBuiltinKeywords$_runFeatureFile_closure1.doCall(CucumberBuiltinKeywords.groovy:76)
	at com.kms.katalon.core.cucumber.keyword.CucumberBuiltinKeywords$_runFeatureFile_closure1.doCall(CucumberBuiltinKeywords.groovy)
	at com.kms.katalon.core.keyword.internal.KeywordMain.runKeyword(KeywordMain.groovy:68)
	at com.kms.katalon.core.keyword.internal.KeywordMain$runKeyword.call(Unknown Source)
	at com.kms.katalon.core.cucumber.keyword.CucumberBuiltinKeywords.runFeatureFile(CucumberBuiltinKeywords.groovy:46)
	at com.kms.katalon.core.cucumber.keyword.CucumberBuiltinKeywords$runFeatureFile$0.callStatic(Unknown Source)
	at com.kms.katalon.core.cucumber.keyword.CucumberBuiltinKeywords.runFeatureFile(CucumberBuiltinKeywords.groovy:169)
	at com.kms.katalon.core.cucumber.keyword.CucumberBuiltinKeywords$runFeatureFile.call(Unknown Source)
	at TC_Search_by_STATUS.run(TC_Search_by_STATUS:18)
	at com.kms.katalon.core.main.ScriptEngine.run(ScriptEngine.java:194)
	at com.kms.katalon.core.main.ScriptEngine.runScriptAsRawText(ScriptEngine.java:119)
	at com.kms.katalon.core.main.TestCaseExecutor.runScript(TestCaseExecutor.java:339)
	at com.kms.katalon.core.main.TestCaseExecutor.doExecute(TestCaseExecutor.java:330)
	at com.kms.katalon.core.main.TestCaseExecutor.processExecutionPhase(TestCaseExecutor.java:309)
	at com.kms.katalon.core.main.TestCaseExecutor.accessMainPhase(TestCaseExecutor.java:301)
	at com.kms.katalon.core.main.TestCaseExecutor.execute(TestCaseExecutor.java:235)
	at com.kms.katalon.core.main.TestSuiteExecutor.accessTestCaseMainPhase(TestSuiteExecutor.java:191)
	at com.kms.katalon.core.main.TestSuiteExecutor.accessTestSuiteMainPhase(TestSuiteExecutor.java:141)
	at com.kms.katalon.core.main.TestSuiteExecutor.execute(TestSuiteExecutor.java:90)
	at com.kms.katalon.core.main.TestCaseMain.startTestSuite(TestCaseMain.java:157)
	at com.kms.katalon.core.main.TestCaseMain$startTestSuite$0.call(Unknown Source)
	at TempTestSuite1611218216287.run(TempTestSuite1611218216287.groovy:39)
)
[[ATTACHMENT|/Users/chaidir.pratama01/Katalon Studio/IST_Automation_Git/Reports/20210121_153655/RTD/TS_Partner_Disbursement_SBO/20210121_153656/1611218615923.png]]

2021-01-21 15:43:36 - [MESSAGE][PASSED] - Verify Search Result Presents

2021-01-21 15:43:36 - [TEST_STEP][PASSED] - Click button "Logout": Click button "Logout"

2021-01-21 15:43:36 - [MESSAGE][INFO] - >>>>>//Button[contains(text(),'Logout')]

2021-01-21 15:43:39 - [MESSAGE][PASSED] - Object '' is present

2021-01-21 15:43:39 - [MESSAGE][PASSED] - Object: '' is clicked on

2021-01-21 15:43:39 - [MESSAGE][PASSED] - Switched to window with index: '0'

2021-01-21 15:43:39 - [MESSAGE][PASSED] - Click button "Logout"

2021-01-21 15:43:39 - [TEST_STEP][PASSED] - Close browser: Close browser

2021-01-21 15:43:39 - [MESSAGE][PASSED] - Browser is closed

2021-01-21 15:43:39 - [MESSAGE][PASSED] - Close browser

2021-01-21 15:43:39 - [TEST_CASE][PASSED] - Start Test Case : SCENARIO Search by STATUS Not Eligible to Disburse: SCENARIO Search by STATUS Not Eligible to Disburse

2021-01-21 15:43:39 - [TEST_STEP][PASSED] - Go to ISTools: Go to ISTools

2021-01-21 15:43:39 - [MESSAGE][INFO] - Starting 'Chrome (headless)' driver

2021-01-21 15:43:39 - [MESSAGE][INFO] - User set preference: ['args', '[--start-maximized, --disable-gpu, --no-proxy-server, â€“-no-sandbox, --allow-running-insecure-content, --ignore-certificate-errors, window-size=1680,814, force-device-scale-factor=2, --lang=en-GB]']

2021-01-21 15:43:39 - [MESSAGE][INFO] - User set preference: ['prefs', '{download.default_directory=/Users/chaidir.pratama01/Katalon Studio/IST_Automation_Git/Download}']

2021-01-21 15:43:39 - [MESSAGE][INFO] - Action delay is set to 0 milliseconds

2021-01-21 15:43:40 - [MESSAGE][PASSED] - Browser is opened with url: ''

2021-01-21 15:43:43 - [MESSAGE][PASSED] - Navigate to 'https://dev-istools.homecredit.id/foundation/' successfully

2021-01-21 15:43:43 - [MESSAGE][PASSED] - Go to ISTools

2021-01-21 15:43:43 - [TEST_STEP][PASSED] - Login IST with valid credentials: Login IST with valid credentials

2021-01-21 15:43:43 - [MESSAGE][PASSED] - Text 'mobile.test' is set on object 'Object Repository/Page_/input_Username_j_username'

2021-01-21 15:43:44 - [MESSAGE][PASSED] - Text ****** has been set on object 'Object Repository/Page_/input_Password_j_password'

2021-01-21 15:43:44 - [MESSAGE][PASSED] - Object: 'Object Repository/Page_/button_Login' is clicked on

2021-01-21 15:43:44 - [MESSAGE][PASSED] - Login IST with valid credentials

2021-01-21 15:43:44 - [TEST_STEP][PASSED] - Login Success: Login Success

2021-01-21 15:43:44 - [MESSAGE][INFO] - Login Success

2021-01-21 15:43:44 - [MESSAGE][PASSED] - Current window maximized

2021-01-21 15:43:44 - [MESSAGE][PASSED] - Object 'Object Repository/Page_/h1_Welcome to IT Supporting Tools' is present

2021-01-21 15:43:44 - [MESSAGE][PASSED] - Login Success

2021-01-21 15:43:44 - [TEST_STEP][PASSED] - Select Arrow Menu "Real Time Disbursement": Select Arrow Menu "Real Time Disbursement"

2021-01-21 15:43:44 - [MESSAGE][PASSED] - Object: '' is clicked on

2021-01-21 15:43:44 - [MESSAGE][PASSED] - Select Arrow Menu "Real Time Disbursement"

2021-01-21 15:43:44 - [TEST_STEP][PASSED] - Select Menu "Partner Disbursement SBO": Select Menu "Partner Disbursement SBO"

2021-01-21 15:43:45 - [MESSAGE][PASSED] - Taking screenshot successfully
[[ATTACHMENT|/Users/chaidir.pratama01/Documents/Docs/Katalon Studio/Screenshot/test-Partner Disbursement SBO.png]]

2021-01-21 15:43:45 - [MESSAGE][PASSED] - Object '' is present

2021-01-21 15:43:45 - [MESSAGE][PASSED] - Object: '' is clicked on

2021-01-21 15:43:45 - [MESSAGE][PASSED] - Wait for page load successfully

2021-01-21 15:43:45 - [MESSAGE][PASSED] - Select Menu "Partner Disbursement SBO"

2021-01-21 15:43:45 - [TEST_STEP][PASSED] - Select STATUS "Not eligible to disburse": Select STATUS "Not eligible to disburse"

2021-01-21 15:43:45 - [MESSAGE][PASSED] - All options with value 'Not eligible to disburse' are selected in object ''  using regular expression

2021-01-21 15:43:45 - [MESSAGE][PASSED] - Select STATUS "Not eligible to disburse"

2021-01-21 15:43:45 - [TEST_STEP][PASSED] - Click button "Search": Click button "Search"

2021-01-21 15:43:45 - [MESSAGE][INFO] - >>>>>//Button[contains(text(),'Search')]

2021-01-21 15:43:48 - [MESSAGE][PASSED] - Object '' is present

2021-01-21 15:43:48 - [MESSAGE][PASSED] - Object: '' is clicked on

2021-01-21 15:43:48 - [MESSAGE][PASSED] - Switched to window with index: '0'

2021-01-21 15:43:48 - [MESSAGE][PASSED] - Click button "Search"

2021-01-21 15:43:48 - [TEST_STEP][PASSED] - Verify Search Result Presents: Verify Search Result Presents

2021-01-21 15:44:19 - [MESSAGE][INFO] - Unable to find the element located by 'By.xpath: //td[@style='display:none' and contains(text(),'-Empty-')]'. Please recheck the objects properties to make sure the desired element is located. 

2021-01-21 15:44:20 - [MESSAGE][WARNING] - com.kms.katalon.core.webui.exception.WebElementNotFoundException: Web element with id: '' located by '//td[@style='display:none' and contains(text(),'-Empty-')]' not found (Root cause: com.kms.katalon.core.exception.StepFailedException: com.kms.katalon.core.webui.exception.WebElementNotFoundException: Web element with id: '' located by '//td[@style='display:none' and contains(text(),'-Empty-')]' not found
	at com.kms.katalon.core.webui.keyword.internal.WebUIKeywordMain.stepFailed(WebUIKeywordMain.groovy:64)
	at com.kms.katalon.core.webui.keyword.builtin.VerifyElementPresentKeyword$_verifyElementPresent_closure1.doCall(VerifyElementPresentKeyword.groovy:85)
	at com.kms.katalon.core.webui.keyword.builtin.VerifyElementPresentKeyword$_verifyElementPresent_closure1.call(VerifyElementPresentKeyword.groovy)
	at com.kms.katalon.core.webui.keyword.internal.WebUIKeywordMain.runKeyword(WebUIKeywordMain.groovy:20)
	at com.kms.katalon.core.webui.keyword.builtin.VerifyElementPresentKeyword.verifyElementPresent(VerifyElementPresentKeyword.groovy:92)
	at com.kms.katalon.core.webui.keyword.builtin.VerifyElementPresentKeyword.execute(VerifyElementPresentKeyword.groovy:68)
	at com.kms.katalon.core.keyword.internal.KeywordExecutor.executeKeywordForPlatform(KeywordExecutor.groovy:73)
	at com.kms.katalon.core.webui.keyword.WebUiBuiltInKeywords.verifyElementPresent(WebUiBuiltInKeywords.groovy:1444)
	at com.kms.katalon.core.webui.keyword.WebUiBuiltInKeywords$verifyElementPresent$11.call(Unknown Source)
	at ist_real.Contract_Dispatcher.VerifyTblFilled(Contract_Dispatcher.groovy:1313)
	at ist_real.Contract_Dispatcher$VerifyTblFilled$0.call(Unknown Source)
	at RTD.Search_Result_Presents(RTD.groovy:187)
	at cucumber.runtime.Utils$1.call(Utils.java:26)
	at cucumber.runtime.Timeout.timeout(Timeout.java:16)
	at cucumber.runtime.Utils.invoke(Utils.java:20)
	at cucumber.runtime.java.JavaStepDefinition.execute(JavaStepDefinition.java:48)
	at cucumber.runtime.PickleStepDefinitionMatch.runStep(PickleStepDefinitionMatch.java:50)
	at cucumber.runner.TestStep.executeStep(TestStep.java:55)
	at cucumber.runner.TestStep.run(TestStep.java:42)
	at cucumber.runner.PickleStepTestStep.run(PickleStepTestStep.java:53)
	at cucumber.runner.TestCase.run(TestCase.java:47)
	at cucumber.runner.Runner.runPickle(Runner.java:44)
	at cucumber.runtime.Runtime.runFeature(Runtime.java:120)
	at cucumber.runtime.Runtime.run(Runtime.java:106)
	at cucumber.api.cli.Main.run(Main.java:35)
	at cucumber.api.cli.Main$run.call(Unknown Source)
	at com.kms.katalon.core.cucumber.keyword.CucumberBuiltinKeywords$_runFeatureFile_closure1.doCall(CucumberBuiltinKeywords.groovy:76)
	at com.kms.katalon.core.cucumber.keyword.CucumberBuiltinKeywords$_runFeatureFile_closure1.doCall(CucumberBuiltinKeywords.groovy)
	at com.kms.katalon.core.keyword.internal.KeywordMain.runKeyword(KeywordMain.groovy:68)
	at com.kms.katalon.core.keyword.internal.KeywordMain$runKeyword.call(Unknown Source)
	at com.kms.katalon.core.cucumber.keyword.CucumberBuiltinKeywords.runFeatureFile(CucumberBuiltinKeywords.groovy:46)
	at com.kms.katalon.core.cucumber.keyword.CucumberBuiltinKeywords$runFeatureFile$0.callStatic(Unknown Source)
	at com.kms.katalon.core.cucumber.keyword.CucumberBuiltinKeywords.runFeatureFile(CucumberBuiltinKeywords.groovy:169)
	at com.kms.katalon.core.cucumber.keyword.CucumberBuiltinKeywords$runFeatureFile.call(Unknown Source)
	at TC_Search_by_STATUS.run(TC_Search_by_STATUS:18)
	at com.kms.katalon.core.main.ScriptEngine.run(ScriptEngine.java:194)
	at com.kms.katalon.core.main.ScriptEngine.runScriptAsRawText(ScriptEngine.java:119)
	at com.kms.katalon.core.main.TestCaseExecutor.runScript(TestCaseExecutor.java:339)
	at com.kms.katalon.core.main.TestCaseExecutor.doExecute(TestCaseExecutor.java:330)
	at com.kms.katalon.core.main.TestCaseExecutor.processExecutionPhase(TestCaseExecutor.java:309)
	at com.kms.katalon.core.main.TestCaseExecutor.accessMainPhase(TestCaseExecutor.java:301)
	at com.kms.katalon.core.main.TestCaseExecutor.execute(TestCaseExecutor.java:235)
	at com.kms.katalon.core.main.TestSuiteExecutor.accessTestCaseMainPhase(TestSuiteExecutor.java:191)
	at com.kms.katalon.core.main.TestSuiteExecutor.accessTestSuiteMainPhase(TestSuiteExecutor.java:141)
	at com.kms.katalon.core.main.TestSuiteExecutor.execute(TestSuiteExecutor.java:90)
	at com.kms.katalon.core.main.TestCaseMain.startTestSuite(TestCaseMain.java:157)
	at com.kms.katalon.core.main.TestCaseMain$startTestSuite$0.call(Unknown Source)
	at TempTestSuite1611218216287.run(TempTestSuite1611218216287.groovy:39)
)
[[ATTACHMENT|/Users/chaidir.pratama01/Katalon Studio/IST_Automation_Git/Reports/20210121_153655/RTD/TS_Partner_Disbursement_SBO/20210121_153656/1611218659824.png]]

2021-01-21 15:44:20 - [MESSAGE][PASSED] - Verify Search Result Presents

2021-01-21 15:44:20 - [TEST_STEP][PASSED] - Click button "Logout": Click button "Logout"

2021-01-21 15:44:20 - [MESSAGE][INFO] - >>>>>//Button[contains(text(),'Logout')]

2021-01-21 15:44:23 - [MESSAGE][PASSED] - Object '' is present

2021-01-21 15:44:23 - [MESSAGE][PASSED] - Object: '' is clicked on

2021-01-21 15:44:23 - [MESSAGE][PASSED] - Switched to window with index: '0'

2021-01-21 15:44:23 - [MESSAGE][PASSED] - Click button "Logout"

2021-01-21 15:44:23 - [TEST_STEP][PASSED] - Close browser: Close browser

2021-01-21 15:44:23 - [MESSAGE][PASSED] - Browser is closed

2021-01-21 15:44:23 - [MESSAGE][PASSED] - Close browser

2021-01-21 15:44:23 - [TEST_CASE][PASSED] - Start Test Case : SCENARIO Search by STATUS Ready to disburse: SCENARIO Search by STATUS Ready to disburse

2021-01-21 15:44:23 - [TEST_STEP][PASSED] - Go to ISTools: Go to ISTools

2021-01-21 15:44:23 - [MESSAGE][INFO] - Starting 'Chrome (headless)' driver

2021-01-21 15:44:23 - [MESSAGE][INFO] - User set preference: ['args', '[--start-maximized, --disable-gpu, --no-proxy-server, â€“-no-sandbox, --allow-running-insecure-content, --ignore-certificate-errors, window-size=1680,814, force-device-scale-factor=2, --lang=en-GB]']

2021-01-21 15:44:23 - [MESSAGE][INFO] - User set preference: ['prefs', '{download.default_directory=/Users/chaidir.pratama01/Katalon Studio/IST_Automation_Git/Download}']

2021-01-21 15:44:23 - [MESSAGE][INFO] - Action delay is set to 0 milliseconds

2021-01-21 15:44:23 - [MESSAGE][PASSED] - Browser is opened with url: ''

2021-01-21 15:44:25 - [MESSAGE][PASSED] - Navigate to 'https://dev-istools.homecredit.id/foundation/' successfully

2021-01-21 15:44:25 - [MESSAGE][PASSED] - Go to ISTools

2021-01-21 15:44:25 - [TEST_STEP][PASSED] - Login IST with valid credentials: Login IST with valid credentials

2021-01-21 15:44:25 - [MESSAGE][PASSED] - Text 'mobile.test' is set on object 'Object Repository/Page_/input_Username_j_username'

2021-01-21 15:44:25 - [MESSAGE][PASSED] - Text ****** has been set on object 'Object Repository/Page_/input_Password_j_password'

2021-01-21 15:44:25 - [MESSAGE][PASSED] - Object: 'Object Repository/Page_/button_Login' is clicked on

2021-01-21 15:44:25 - [MESSAGE][PASSED] - Login IST with valid credentials

2021-01-21 15:44:25 - [TEST_STEP][PASSED] - Login Success: Login Success

2021-01-21 15:44:25 - [MESSAGE][INFO] - Login Success

2021-01-21 15:44:25 - [MESSAGE][PASSED] - Current window maximized

2021-01-21 15:44:25 - [MESSAGE][PASSED] - Object 'Object Repository/Page_/h1_Welcome to IT Supporting Tools' is present

2021-01-21 15:44:25 - [MESSAGE][PASSED] - Login Success

2021-01-21 15:44:25 - [TEST_STEP][PASSED] - Select Arrow Menu "Real Time Disbursement": Select Arrow Menu "Real Time Disbursement"

2021-01-21 15:44:25 - [MESSAGE][PASSED] - Object: '' is clicked on

2021-01-21 15:44:25 - [MESSAGE][PASSED] - Select Arrow Menu "Real Time Disbursement"

2021-01-21 15:44:25 - [TEST_STEP][PASSED] - Select Menu "Partner Disbursement SBO": Select Menu "Partner Disbursement SBO"

2021-01-21 15:44:26 - [MESSAGE][PASSED] - Taking screenshot successfully
[[ATTACHMENT|/Users/chaidir.pratama01/Documents/Docs/Katalon Studio/Screenshot/test-Partner Disbursement SBO.png]]

2021-01-21 15:44:26 - [MESSAGE][PASSED] - Object '' is present

2021-01-21 15:44:26 - [MESSAGE][PASSED] - Object: '' is clicked on

2021-01-21 15:44:26 - [MESSAGE][PASSED] - Wait for page load successfully

2021-01-21 15:44:26 - [MESSAGE][PASSED] - Select Menu "Partner Disbursement SBO"

2021-01-21 15:44:26 - [TEST_STEP][PASSED] - Select STATUS "Ready to disburse": Select STATUS "Ready to disburse"

2021-01-21 15:44:26 - [MESSAGE][PASSED] - All options with value 'Ready to disburse' are selected in object ''  using regular expression

2021-01-21 15:44:26 - [MESSAGE][PASSED] - Select STATUS "Ready to disburse"

2021-01-21 15:44:26 - [TEST_STEP][PASSED] - Click button "Search": Click button "Search"

2021-01-21 15:44:26 - [MESSAGE][INFO] - >>>>>//Button[contains(text(),'Search')]

2021-01-21 15:44:29 - [MESSAGE][PASSED] - Object '' is present

2021-01-21 15:44:30 - [MESSAGE][PASSED] - Object: '' is clicked on

2021-01-21 15:44:30 - [MESSAGE][PASSED] - Switched to window with index: '0'

2021-01-21 15:44:30 - [MESSAGE][PASSED] - Click button "Search"

2021-01-21 15:44:30 - [TEST_STEP][PASSED] - Verify Search Result Presents: Verify Search Result Presents

2021-01-21 15:44:30 - [MESSAGE][PASSED] - Object '' is present

2021-01-21 15:44:34 - [MESSAGE][PASSED] - Verify Search Result Presents

2021-01-21 15:44:34 - [TEST_STEP][PASSED] - Click button "Logout": Click button "Logout"

2021-01-21 15:44:34 - [MESSAGE][INFO] - >>>>>//Button[contains(text(),'Logout')]

2021-01-21 15:44:37 - [MESSAGE][PASSED] - Object '' is present

2021-01-21 15:44:37 - [MESSAGE][PASSED] - Object: '' is clicked on

2021-01-21 15:44:37 - [MESSAGE][PASSED] - Switched to window with index: '0'

2021-01-21 15:44:37 - [MESSAGE][PASSED] - Click button "Logout"

2021-01-21 15:44:37 - [TEST_STEP][PASSED] - Close browser: Close browser

2021-01-21 15:44:37 - [MESSAGE][PASSED] - Browser is closed

2021-01-21 15:44:37 - [MESSAGE][PASSED] - Close browser

2021-01-21 15:44:37 - [TEST_CASE][PASSED] - Start Test Case : SCENARIO Search by STATUS Failed due to invalid bank account: SCENARIO Search by STATUS Failed due to invalid bank account

2021-01-21 15:44:37 - [TEST_STEP][PASSED] - Go to ISTools: Go to ISTools

2021-01-21 15:44:37 - [MESSAGE][INFO] - Starting 'Chrome (headless)' driver

2021-01-21 15:44:37 - [MESSAGE][INFO] - User set preference: ['args', '[--start-maximized, --disable-gpu, --no-proxy-server, â€“-no-sandbox, --allow-running-insecure-content, --ignore-certificate-errors, window-size=1680,814, force-device-scale-factor=2, --lang=en-GB]']

2021-01-21 15:44:37 - [MESSAGE][INFO] - User set preference: ['prefs', '{download.default_directory=/Users/chaidir.pratama01/Katalon Studio/IST_Automation_Git/Download}']

2021-01-21 15:44:37 - [MESSAGE][INFO] - Action delay is set to 0 milliseconds

2021-01-21 15:44:38 - [MESSAGE][PASSED] - Browser is opened with url: ''

2021-01-21 15:44:38 - [MESSAGE][PASSED] - Navigate to 'https://dev-istools.homecredit.id/foundation/' successfully

2021-01-21 15:44:38 - [MESSAGE][PASSED] - Go to ISTools

2021-01-21 15:44:38 - [TEST_STEP][PASSED] - Login IST with valid credentials: Login IST with valid credentials

2021-01-21 15:44:38 - [MESSAGE][PASSED] - Text 'mobile.test' is set on object 'Object Repository/Page_/input_Username_j_username'

2021-01-21 15:44:39 - [MESSAGE][PASSED] - Text ****** has been set on object 'Object Repository/Page_/input_Password_j_password'

2021-01-21 15:44:39 - [MESSAGE][PASSED] - Object: 'Object Repository/Page_/button_Login' is clicked on

2021-01-21 15:44:39 - [MESSAGE][PASSED] - Login IST with valid credentials

2021-01-21 15:44:39 - [TEST_STEP][PASSED] - Login Success: Login Success

2021-01-21 15:44:39 - [MESSAGE][INFO] - Login Success

2021-01-21 15:44:39 - [MESSAGE][PASSED] - Current window maximized

2021-01-21 15:44:39 - [MESSAGE][PASSED] - Object 'Object Repository/Page_/h1_Welcome to IT Supporting Tools' is present

2021-01-21 15:44:39 - [MESSAGE][PASSED] - Login Success

2021-01-21 15:44:39 - [TEST_STEP][PASSED] - Select Arrow Menu "Real Time Disbursement": Select Arrow Menu "Real Time Disbursement"

2021-01-21 15:44:39 - [MESSAGE][PASSED] - Object: '' is clicked on

2021-01-21 15:44:39 - [MESSAGE][PASSED] - Select Arrow Menu "Real Time Disbursement"

2021-01-21 15:44:39 - [TEST_STEP][PASSED] - Select Menu "Partner Disbursement SBO": Select Menu "Partner Disbursement SBO"

2021-01-21 15:44:40 - [MESSAGE][PASSED] - Taking screenshot successfully
[[ATTACHMENT|/Users/chaidir.pratama01/Documents/Docs/Katalon Studio/Screenshot/test-Partner Disbursement SBO.png]]

2021-01-21 15:44:40 - [MESSAGE][PASSED] - Object '' is present

2021-01-21 15:44:40 - [MESSAGE][PASSED] - Object: '' is clicked on

2021-01-21 15:44:40 - [MESSAGE][PASSED] - Wait for page load successfully

2021-01-21 15:44:40 - [MESSAGE][PASSED] - Select Menu "Partner Disbursement SBO"

2021-01-21 15:44:40 - [TEST_STEP][PASSED] - Select STATUS "Failed due to invalid bank account": Select STATUS "Failed due to invalid bank account"

2021-01-21 15:44:40 - [MESSAGE][PASSED] - All options with value 'Failed due to invalid bank account' are selected in object ''  using regular expression

2021-01-21 15:44:40 - [MESSAGE][PASSED] - Select STATUS "Failed due to invalid bank account"

2021-01-21 15:44:40 - [TEST_STEP][PASSED] - Click button "Search": Click button "Search"

2021-01-21 15:44:40 - [MESSAGE][INFO] - >>>>>//Button[contains(text(),'Search')]

2021-01-21 15:44:43 - [MESSAGE][PASSED] - Object '' is present

2021-01-21 15:44:43 - [MESSAGE][PASSED] - Object: '' is clicked on

2021-01-21 15:44:43 - [MESSAGE][PASSED] - Switched to window with index: '0'

2021-01-21 15:44:43 - [MESSAGE][PASSED] - Click button "Search"

2021-01-21 15:44:43 - [TEST_STEP][PASSED] - Verify Search Result Presents: Verify Search Result Presents

2021-01-21 15:45:14 - [MESSAGE][INFO] - Unable to find the element located by 'By.xpath: //td[@style='display:none' and contains(text(),'-Empty-')]'. Please recheck the objects properties to make sure the desired element is located. 

2021-01-21 15:45:15 - [MESSAGE][WARNING] - com.kms.katalon.core.webui.exception.WebElementNotFoundException: Web element with id: '' located by '//td[@style='display:none' and contains(text(),'-Empty-')]' not found (Root cause: com.kms.katalon.core.exception.StepFailedException: com.kms.katalon.core.webui.exception.WebElementNotFoundException: Web element with id: '' located by '//td[@style='display:none' and contains(text(),'-Empty-')]' not found
	at com.kms.katalon.core.webui.keyword.internal.WebUIKeywordMain.stepFailed(WebUIKeywordMain.groovy:64)
	at com.kms.katalon.core.webui.keyword.builtin.VerifyElementPresentKeyword$_verifyElementPresent_closure1.doCall(VerifyElementPresentKeyword.groovy:85)
	at com.kms.katalon.core.webui.keyword.builtin.VerifyElementPresentKeyword$_verifyElementPresent_closure1.call(VerifyElementPresentKeyword.groovy)
	at com.kms.katalon.core.webui.keyword.internal.WebUIKeywordMain.runKeyword(WebUIKeywordMain.groovy:20)
	at com.kms.katalon.core.webui.keyword.builtin.VerifyElementPresentKeyword.verifyElementPresent(VerifyElementPresentKeyword.groovy:92)
	at com.kms.katalon.core.webui.keyword.builtin.VerifyElementPresentKeyword.execute(VerifyElementPresentKeyword.groovy:68)
	at com.kms.katalon.core.keyword.internal.KeywordExecutor.executeKeywordForPlatform(KeywordExecutor.groovy:73)
	at com.kms.katalon.core.webui.keyword.WebUiBuiltInKeywords.verifyElementPresent(WebUiBuiltInKeywords.groovy:1444)
	at com.kms.katalon.core.webui.keyword.WebUiBuiltInKeywords$verifyElementPresent$11.call(Unknown Source)
	at ist_real.Contract_Dispatcher.VerifyTblFilled(Contract_Dispatcher.groovy:1313)
	at ist_real.Contract_Dispatcher$VerifyTblFilled$0.call(Unknown Source)
	at RTD.Search_Result_Presents(RTD.groovy:187)
	at cucumber.runtime.Utils$1.call(Utils.java:26)
	at cucumber.runtime.Timeout.timeout(Timeout.java:16)
	at cucumber.runtime.Utils.invoke(Utils.java:20)
	at cucumber.runtime.java.JavaStepDefinition.execute(JavaStepDefinition.java:48)
	at cucumber.runtime.PickleStepDefinitionMatch.runStep(PickleStepDefinitionMatch.java:50)
	at cucumber.runner.TestStep.executeStep(TestStep.java:55)
	at cucumber.runner.TestStep.run(TestStep.java:42)
	at cucumber.runner.PickleStepTestStep.run(PickleStepTestStep.java:53)
	at cucumber.runner.TestCase.run(TestCase.java:47)
	at cucumber.runner.Runner.runPickle(Runner.java:44)
	at cucumber.runtime.Runtime.runFeature(Runtime.java:120)
	at cucumber.runtime.Runtime.run(Runtime.java:106)
	at cucumber.api.cli.Main.run(Main.java:35)
	at cucumber.api.cli.Main$run.call(Unknown Source)
	at com.kms.katalon.core.cucumber.keyword.CucumberBuiltinKeywords$_runFeatureFile_closure1.doCall(CucumberBuiltinKeywords.groovy:76)
	at com.kms.katalon.core.cucumber.keyword.CucumberBuiltinKeywords$_runFeatureFile_closure1.doCall(CucumberBuiltinKeywords.groovy)
	at com.kms.katalon.core.keyword.internal.KeywordMain.runKeyword(KeywordMain.groovy:68)
	at com.kms.katalon.core.keyword.internal.KeywordMain$runKeyword.call(Unknown Source)
	at com.kms.katalon.core.cucumber.keyword.CucumberBuiltinKeywords.runFeatureFile(CucumberBuiltinKeywords.groovy:46)
	at com.kms.katalon.core.cucumber.keyword.CucumberBuiltinKeywords$runFeatureFile$0.callStatic(Unknown Source)
	at com.kms.katalon.core.cucumber.keyword.CucumberBuiltinKeywords.runFeatureFile(CucumberBuiltinKeywords.groovy:169)
	at com.kms.katalon.core.cucumber.keyword.CucumberBuiltinKeywords$runFeatureFile.call(Unknown Source)
	at TC_Search_by_STATUS.run(TC_Search_by_STATUS:18)
	at com.kms.katalon.core.main.ScriptEngine.run(ScriptEngine.java:194)
	at com.kms.katalon.core.main.ScriptEngine.runScriptAsRawText(ScriptEngine.java:119)
	at com.kms.katalon.core.main.TestCaseExecutor.runScript(TestCaseExecutor.java:339)
	at com.kms.katalon.core.main.TestCaseExecutor.doExecute(TestCaseExecutor.java:330)
	at com.kms.katalon.core.main.TestCaseExecutor.processExecutionPhase(TestCaseExecutor.java:309)
	at com.kms.katalon.core.main.TestCaseExecutor.accessMainPhase(TestCaseExecutor.java:301)
	at com.kms.katalon.core.main.TestCaseExecutor.execute(TestCaseExecutor.java:235)
	at com.kms.katalon.core.main.TestSuiteExecutor.accessTestCaseMainPhase(TestSuiteExecutor.java:191)
	at com.kms.katalon.core.main.TestSuiteExecutor.accessTestSuiteMainPhase(TestSuiteExecutor.java:141)
	at com.kms.katalon.core.main.TestSuiteExecutor.execute(TestSuiteExecutor.java:90)
	at com.kms.katalon.core.main.TestCaseMain.startTestSuite(TestCaseMain.java:157)
	at com.kms.katalon.core.main.TestCaseMain$startTestSuite$0.call(Unknown Source)
	at TempTestSuite1611218216287.run(TempTestSuite1611218216287.groovy:39)
)
[[ATTACHMENT|/Users/chaidir.pratama01/Katalon Studio/IST_Automation_Git/Reports/20210121_153655/RTD/TS_Partner_Disbursement_SBO/20210121_153656/1611218714769.png]]

2021-01-21 15:45:15 - [MESSAGE][PASSED] - Verify Search Result Presents

2021-01-21 15:45:15 - [TEST_STEP][PASSED] - Click button "Logout": Click button "Logout"

2021-01-21 15:45:15 - [MESSAGE][INFO] - >>>>>//Button[contains(text(),'Logout')]

2021-01-21 15:45:18 - [MESSAGE][PASSED] - Object '' is present

2021-01-21 15:45:18 - [MESSAGE][PASSED] - Object: '' is clicked on

2021-01-21 15:45:18 - [MESSAGE][PASSED] - Switched to window with index: '0'

2021-01-21 15:45:18 - [MESSAGE][PASSED] - Click button "Logout"

2021-01-21 15:45:18 - [TEST_STEP][PASSED] - Close browser: Close browser

2021-01-21 15:45:18 - [MESSAGE][PASSED] - Browser is closed

2021-01-21 15:45:18 - [MESSAGE][PASSED] - Close browser

2021-01-21 15:45:18 - [TEST_CASE][PASSED] - Start Test Case : SCENARIO Search by STATUS Failed due to system error: SCENARIO Search by STATUS Failed due to system error

2021-01-21 15:45:18 - [TEST_STEP][PASSED] - Go to ISTools: Go to ISTools

2021-01-21 15:45:18 - [MESSAGE][INFO] - Starting 'Chrome (headless)' driver

2021-01-21 15:45:18 - [MESSAGE][INFO] - User set preference: ['args', '[--start-maximized, --disable-gpu, --no-proxy-server, â€“-no-sandbox, --allow-running-insecure-content, --ignore-certificate-errors, window-size=1680,814, force-device-scale-factor=2, --lang=en-GB]']

2021-01-21 15:45:18 - [MESSAGE][INFO] - User set preference: ['prefs', '{download.default_directory=/Users/chaidir.pratama01/Katalon Studio/IST_Automation_Git/Download}']

2021-01-21 15:45:18 - [MESSAGE][INFO] - Action delay is set to 0 milliseconds

2021-01-21 15:45:18 - [MESSAGE][PASSED] - Browser is opened with url: ''

2021-01-21 15:45:19 - [MESSAGE][PASSED] - Navigate to 'https://dev-istools.homecredit.id/foundation/' successfully

2021-01-21 15:45:19 - [MESSAGE][PASSED] - Go to ISTools

2021-01-21 15:45:19 - [TEST_STEP][PASSED] - Login IST with valid credentials: Login IST with valid credentials

2021-01-21 15:45:20 - [MESSAGE][PASSED] - Text 'mobile.test' is set on object 'Object Repository/Page_/input_Username_j_username'

2021-01-21 15:45:20 - [MESSAGE][PASSED] - Text ****** has been set on object 'Object Repository/Page_/input_Password_j_password'

2021-01-21 15:45:20 - [MESSAGE][PASSED] - Object: 'Object Repository/Page_/button_Login' is clicked on

2021-01-21 15:45:20 - [MESSAGE][PASSED] - Login IST with valid credentials

2021-01-21 15:45:20 - [TEST_STEP][PASSED] - Login Success: Login Success

2021-01-21 15:45:20 - [MESSAGE][INFO] - Login Success

2021-01-21 15:45:20 - [MESSAGE][PASSED] - Current window maximized

2021-01-21 15:45:20 - [MESSAGE][PASSED] - Object 'Object Repository/Page_/h1_Welcome to IT Supporting Tools' is present

2021-01-21 15:45:20 - [MESSAGE][PASSED] - Login Success

2021-01-21 15:45:20 - [TEST_STEP][PASSED] - Select Arrow Menu "Real Time Disbursement": Select Arrow Menu "Real Time Disbursement"

2021-01-21 15:45:20 - [MESSAGE][PASSED] - Object: '' is clicked on

2021-01-21 15:45:20 - [MESSAGE][PASSED] - Select Arrow Menu "Real Time Disbursement"

2021-01-21 15:45:20 - [TEST_STEP][PASSED] - Select Menu "Partner Disbursement SBO": Select Menu "Partner Disbursement SBO"

2021-01-21 15:45:21 - [MESSAGE][PASSED] - Taking screenshot successfully
[[ATTACHMENT|/Users/chaidir.pratama01/Documents/Docs/Katalon Studio/Screenshot/test-Partner Disbursement SBO.png]]

2021-01-21 15:45:21 - [MESSAGE][PASSED] - Object '' is present

2021-01-21 15:45:21 - [MESSAGE][PASSED] - Object: '' is clicked on

2021-01-21 15:45:21 - [MESSAGE][PASSED] - Wait for page load successfully

2021-01-21 15:45:21 - [MESSAGE][PASSED] - Select Menu "Partner Disbursement SBO"

2021-01-21 15:45:21 - [TEST_STEP][PASSED] - Select STATUS "Failed due to system error": Select STATUS "Failed due to system error"

2021-01-21 15:45:21 - [MESSAGE][PASSED] - All options with value 'Failed due to system error' are selected in object ''  using regular expression

2021-01-21 15:45:21 - [MESSAGE][PASSED] - Select STATUS "Failed due to system error"

2021-01-21 15:45:21 - [TEST_STEP][PASSED] - Click button "Search": Click button "Search"

2021-01-21 15:45:21 - [MESSAGE][INFO] - >>>>>//Button[contains(text(),'Search')]

2021-01-21 15:45:24 - [MESSAGE][PASSED] - Object '' is present

2021-01-21 15:45:25 - [MESSAGE][PASSED] - Object: '' is clicked on

2021-01-21 15:45:25 - [MESSAGE][PASSED] - Switched to window with index: '0'

2021-01-21 15:45:25 - [MESSAGE][PASSED] - Click button "Search"

2021-01-21 15:45:25 - [TEST_STEP][PASSED] - Verify Search Result Presents: Verify Search Result Presents

2021-01-21 15:45:25 - [MESSAGE][PASSED] - Object '' is present

2021-01-21 15:45:26 - [MESSAGE][PASSED] - Verify Search Result Presents

2021-01-21 15:45:26 - [TEST_STEP][PASSED] - Click button "Logout": Click button "Logout"

2021-01-21 15:45:26 - [MESSAGE][INFO] - >>>>>//Button[contains(text(),'Logout')]

2021-01-21 15:45:29 - [MESSAGE][PASSED] - Object '' is present

2021-01-21 15:45:29 - [MESSAGE][PASSED] - Object: '' is clicked on

2021-01-21 15:45:29 - [MESSAGE][PASSED] - Switched to window with index: '0'

2021-01-21 15:45:29 - [MESSAGE][PASSED] - Click button "Logout"

2021-01-21 15:45:29 - [TEST_STEP][PASSED] - Close browser: Close browser

2021-01-21 15:45:29 - [MESSAGE][PASSED] - Browser is closed

2021-01-21 15:45:29 - [MESSAGE][PASSED] - Close browser

2021-01-21 15:45:29 - [TEST_CASE][PASSED] - Start Test Case : SCENARIO Search by STATUS Failed due to insufficient fund: SCENARIO Search by STATUS Failed due to insufficient fund

2021-01-21 15:45:29 - [TEST_STEP][PASSED] - Go to ISTools: Go to ISTools

2021-01-21 15:45:29 - [MESSAGE][INFO] - Starting 'Chrome (headless)' driver

2021-01-21 15:45:29 - [MESSAGE][INFO] - User set preference: ['args', '[--start-maximized, --disable-gpu, --no-proxy-server, â€“-no-sandbox, --allow-running-insecure-content, --ignore-certificate-errors, window-size=1680,814, force-device-scale-factor=2, --lang=en-GB]']

2021-01-21 15:45:29 - [MESSAGE][INFO] - User set preference: ['prefs', '{download.default_directory=/Users/chaidir.pratama01/Katalon Studio/IST_Automation_Git/Download}']

2021-01-21 15:45:29 - [MESSAGE][INFO] - Action delay is set to 0 milliseconds

2021-01-21 15:45:30 - [MESSAGE][PASSED] - Browser is opened with url: ''

2021-01-21 15:45:31 - [MESSAGE][PASSED] - Navigate to 'https://dev-istools.homecredit.id/foundation/' successfully

2021-01-21 15:45:31 - [MESSAGE][PASSED] - Go to ISTools

2021-01-21 15:45:31 - [TEST_STEP][PASSED] - Login IST with valid credentials: Login IST with valid credentials

2021-01-21 15:45:31 - [MESSAGE][PASSED] - Text 'mobile.test' is set on object 'Object Repository/Page_/input_Username_j_username'

2021-01-21 15:45:31 - [MESSAGE][PASSED] - Text ****** has been set on object 'Object Repository/Page_/input_Password_j_password'

2021-01-21 15:45:32 - [MESSAGE][PASSED] - Object: 'Object Repository/Page_/button_Login' is clicked on

2021-01-21 15:45:32 - [MESSAGE][PASSED] - Login IST with valid credentials

2021-01-21 15:45:32 - [TEST_STEP][PASSED] - Login Success: Login Success

2021-01-21 15:45:32 - [MESSAGE][INFO] - Login Success

2021-01-21 15:45:32 - [MESSAGE][PASSED] - Current window maximized

2021-01-21 15:45:32 - [MESSAGE][PASSED] - Object 'Object Repository/Page_/h1_Welcome to IT Supporting Tools' is present

2021-01-21 15:45:32 - [MESSAGE][PASSED] - Login Success

2021-01-21 15:45:32 - [TEST_STEP][PASSED] - Select Arrow Menu "Real Time Disbursement": Select Arrow Menu "Real Time Disbursement"

2021-01-21 15:45:32 - [MESSAGE][PASSED] - Object: '' is clicked on

2021-01-21 15:45:32 - [MESSAGE][PASSED] - Select Arrow Menu "Real Time Disbursement"

2021-01-21 15:45:32 - [TEST_STEP][PASSED] - Select Menu "Partner Disbursement SBO": Select Menu "Partner Disbursement SBO"

2021-01-21 15:45:32 - [MESSAGE][PASSED] - Taking screenshot successfully
[[ATTACHMENT|/Users/chaidir.pratama01/Documents/Docs/Katalon Studio/Screenshot/test-Partner Disbursement SBO.png]]

2021-01-21 15:45:32 - [MESSAGE][PASSED] - Object '' is present

2021-01-21 15:45:32 - [MESSAGE][PASSED] - Object: '' is clicked on

2021-01-21 15:45:32 - [MESSAGE][PASSED] - Wait for page load successfully

2021-01-21 15:45:32 - [MESSAGE][PASSED] - Select Menu "Partner Disbursement SBO"

2021-01-21 15:45:32 - [TEST_STEP][PASSED] - Select STATUS "Failed due to insufficient fund": Select STATUS "Failed due to insufficient fund"

2021-01-21 15:45:33 - [MESSAGE][PASSED] - All options with value 'Failed due to insufficient fund' are selected in object ''  using regular expression

2021-01-21 15:45:33 - [MESSAGE][PASSED] - Select STATUS "Failed due to insufficient fund"

2021-01-21 15:45:33 - [TEST_STEP][PASSED] - Click button "Search": Click button "Search"

2021-01-21 15:45:33 - [MESSAGE][INFO] - >>>>>//Button[contains(text(),'Search')]

2021-01-21 15:45:36 - [MESSAGE][PASSED] - Object '' is present

2021-01-21 15:45:36 - [MESSAGE][PASSED] - Object: '' is clicked on

2021-01-21 15:45:36 - [MESSAGE][PASSED] - Switched to window with index: '0'

2021-01-21 15:45:36 - [MESSAGE][PASSED] - Click button "Search"

2021-01-21 15:45:36 - [TEST_STEP][PASSED] - Verify Search Result Presents: Verify Search Result Presents

2021-01-21 15:46:07 - [MESSAGE][INFO] - Unable to find the element located by 'By.xpath: //td[@style='display:none' and contains(text(),'-Empty-')]'. Please recheck the objects properties to make sure the desired element is located. 

2021-01-21 15:46:08 - [MESSAGE][WARNING] - com.kms.katalon.core.webui.exception.WebElementNotFoundException: Web element with id: '' located by '//td[@style='display:none' and contains(text(),'-Empty-')]' not found (Root cause: com.kms.katalon.core.exception.StepFailedException: com.kms.katalon.core.webui.exception.WebElementNotFoundException: Web element with id: '' located by '//td[@style='display:none' and contains(text(),'-Empty-')]' not found
	at com.kms.katalon.core.webui.keyword.internal.WebUIKeywordMain.stepFailed(WebUIKeywordMain.groovy:64)
	at com.kms.katalon.core.webui.keyword.builtin.VerifyElementPresentKeyword$_verifyElementPresent_closure1.doCall(VerifyElementPresentKeyword.groovy:85)
	at com.kms.katalon.core.webui.keyword.builtin.VerifyElementPresentKeyword$_verifyElementPresent_closure1.call(VerifyElementPresentKeyword.groovy)
	at com.kms.katalon.core.webui.keyword.internal.WebUIKeywordMain.runKeyword(WebUIKeywordMain.groovy:20)
	at com.kms.katalon.core.webui.keyword.builtin.VerifyElementPresentKeyword.verifyElementPresent(VerifyElementPresentKeyword.groovy:92)
	at com.kms.katalon.core.webui.keyword.builtin.VerifyElementPresentKeyword.execute(VerifyElementPresentKeyword.groovy:68)
	at com.kms.katalon.core.keyword.internal.KeywordExecutor.executeKeywordForPlatform(KeywordExecutor.groovy:73)
	at com.kms.katalon.core.webui.keyword.WebUiBuiltInKeywords.verifyElementPresent(WebUiBuiltInKeywords.groovy:1444)
	at com.kms.katalon.core.webui.keyword.WebUiBuiltInKeywords$verifyElementPresent$11.call(Unknown Source)
	at ist_real.Contract_Dispatcher.VerifyTblFilled(Contract_Dispatcher.groovy:1313)
	at ist_real.Contract_Dispatcher$VerifyTblFilled$0.call(Unknown Source)
	at RTD.Search_Result_Presents(RTD.groovy:187)
	at cucumber.runtime.Utils$1.call(Utils.java:26)
	at cucumber.runtime.Timeout.timeout(Timeout.java:16)
	at cucumber.runtime.Utils.invoke(Utils.java:20)
	at cucumber.runtime.java.JavaStepDefinition.execute(JavaStepDefinition.java:48)
	at cucumber.runtime.PickleStepDefinitionMatch.runStep(PickleStepDefinitionMatch.java:50)
	at cucumber.runner.TestStep.executeStep(TestStep.java:55)
	at cucumber.runner.TestStep.run(TestStep.java:42)
	at cucumber.runner.PickleStepTestStep.run(PickleStepTestStep.java:53)
	at cucumber.runner.TestCase.run(TestCase.java:47)
	at cucumber.runner.Runner.runPickle(Runner.java:44)
	at cucumber.runtime.Runtime.runFeature(Runtime.java:120)
	at cucumber.runtime.Runtime.run(Runtime.java:106)
	at cucumber.api.cli.Main.run(Main.java:35)
	at cucumber.api.cli.Main$run.call(Unknown Source)
	at com.kms.katalon.core.cucumber.keyword.CucumberBuiltinKeywords$_runFeatureFile_closure1.doCall(CucumberBuiltinKeywords.groovy:76)
	at com.kms.katalon.core.cucumber.keyword.CucumberBuiltinKeywords$_runFeatureFile_closure1.doCall(CucumberBuiltinKeywords.groovy)
	at com.kms.katalon.core.keyword.internal.KeywordMain.runKeyword(KeywordMain.groovy:68)
	at com.kms.katalon.core.keyword.internal.KeywordMain$runKeyword.call(Unknown Source)
	at com.kms.katalon.core.cucumber.keyword.CucumberBuiltinKeywords.runFeatureFile(CucumberBuiltinKeywords.groovy:46)
	at com.kms.katalon.core.cucumber.keyword.CucumberBuiltinKeywords$runFeatureFile$0.callStatic(Unknown Source)
	at com.kms.katalon.core.cucumber.keyword.CucumberBuiltinKeywords.runFeatureFile(CucumberBuiltinKeywords.groovy:169)
	at com.kms.katalon.core.cucumber.keyword.CucumberBuiltinKeywords$runFeatureFile.call(Unknown Source)
	at TC_Search_by_STATUS.run(TC_Search_by_STATUS:18)
	at com.kms.katalon.core.main.ScriptEngine.run(ScriptEngine.java:194)
	at com.kms.katalon.core.main.ScriptEngine.runScriptAsRawText(ScriptEngine.java:119)
	at com.kms.katalon.core.main.TestCaseExecutor.runScript(TestCaseExecutor.java:339)
	at com.kms.katalon.core.main.TestCaseExecutor.doExecute(TestCaseExecutor.java:330)
	at com.kms.katalon.core.main.TestCaseExecutor.processExecutionPhase(TestCaseExecutor.java:309)
	at com.kms.katalon.core.main.TestCaseExecutor.accessMainPhase(TestCaseExecutor.java:301)
	at com.kms.katalon.core.main.TestCaseExecutor.execute(TestCaseExecutor.java:235)
	at com.kms.katalon.core.main.TestSuiteExecutor.accessTestCaseMainPhase(TestSuiteExecutor.java:191)
	at com.kms.katalon.core.main.TestSuiteExecutor.accessTestSuiteMainPhase(TestSuiteExecutor.java:141)
	at com.kms.katalon.core.main.TestSuiteExecutor.execute(TestSuiteExecutor.java:90)
	at com.kms.katalon.core.main.TestCaseMain.startTestSuite(TestCaseMain.java:157)
	at com.kms.katalon.core.main.TestCaseMain$startTestSuite$0.call(Unknown Source)
	at TempTestSuite1611218216287.run(TempTestSuite1611218216287.groovy:39)
)
[[ATTACHMENT|/Users/chaidir.pratama01/Katalon Studio/IST_Automation_Git/Reports/20210121_153655/RTD/TS_Partner_Disbursement_SBO/20210121_153656/1611218767499.png]]

2021-01-21 15:46:08 - [MESSAGE][PASSED] - Verify Search Result Presents

2021-01-21 15:46:08 - [TEST_STEP][PASSED] - Click button "Logout": Click button "Logout"

2021-01-21 15:46:08 - [MESSAGE][INFO] - >>>>>//Button[contains(text(),'Logout')]

2021-01-21 15:46:11 - [MESSAGE][PASSED] - Object '' is present

2021-01-21 15:46:11 - [MESSAGE][PASSED] - Object: '' is clicked on

2021-01-21 15:46:11 - [MESSAGE][PASSED] - Switched to window with index: '0'

2021-01-21 15:46:11 - [MESSAGE][PASSED] - Click button "Logout"

2021-01-21 15:46:11 - [TEST_STEP][PASSED] - Close browser: Close browser

2021-01-21 15:46:11 - [MESSAGE][PASSED] - Browser is closed

2021-01-21 15:46:11 - [MESSAGE][PASSED] - Close browser

2021-01-21 15:46:11 - [TEST_CASE][PASSED] - Start Test Case : SCENARIO Search by STATUS Failed due to not supported bank: SCENARIO Search by STATUS Failed due to not supported bank

2021-01-21 15:46:11 - [TEST_STEP][PASSED] - Go to ISTools: Go to ISTools

2021-01-21 15:46:11 - [MESSAGE][INFO] - Starting 'Chrome (headless)' driver

2021-01-21 15:46:11 - [MESSAGE][INFO] - User set preference: ['args', '[--start-maximized, --disable-gpu, --no-proxy-server, â€“-no-sandbox, --allow-running-insecure-content, --ignore-certificate-errors, window-size=1680,814, force-device-scale-factor=2, --lang=en-GB]']

2021-01-21 15:46:11 - [MESSAGE][INFO] - User set preference: ['prefs', '{download.default_directory=/Users/chaidir.pratama01/Katalon Studio/IST_Automation_Git/Download}']

2021-01-21 15:46:11 - [MESSAGE][INFO] - Action delay is set to 0 milliseconds

2021-01-21 15:46:11 - [MESSAGE][PASSED] - Browser is opened with url: ''

2021-01-21 15:46:12 - [MESSAGE][PASSED] - Navigate to 'https://dev-istools.homecredit.id/foundation/' successfully

2021-01-21 15:46:12 - [MESSAGE][PASSED] - Go to ISTools

2021-01-21 15:46:12 - [TEST_STEP][PASSED] - Login IST with valid credentials: Login IST with valid credentials

2021-01-21 15:46:12 - [MESSAGE][PASSED] - Text 'mobile.test' is set on object 'Object Repository/Page_/input_Username_j_username'

2021-01-21 15:46:12 - [MESSAGE][PASSED] - Text ****** has been set on object 'Object Repository/Page_/input_Password_j_password'

2021-01-21 15:46:12 - [MESSAGE][PASSED] - Object: 'Object Repository/Page_/button_Login' is clicked on

2021-01-21 15:46:12 - [MESSAGE][PASSED] - Login IST with valid credentials

2021-01-21 15:46:12 - [TEST_STEP][PASSED] - Login Success: Login Success

2021-01-21 15:46:12 - [MESSAGE][INFO] - Login Success

2021-01-21 15:46:13 - [MESSAGE][PASSED] - Current window maximized

2021-01-21 15:46:13 - [MESSAGE][PASSED] - Object 'Object Repository/Page_/h1_Welcome to IT Supporting Tools' is present

2021-01-21 15:46:13 - [MESSAGE][PASSED] - Login Success

2021-01-21 15:46:13 - [TEST_STEP][PASSED] - Select Arrow Menu "Real Time Disbursement": Select Arrow Menu "Real Time Disbursement"

2021-01-21 15:46:13 - [MESSAGE][PASSED] - Object: '' is clicked on

2021-01-21 15:46:13 - [MESSAGE][PASSED] - Select Arrow Menu "Real Time Disbursement"

2021-01-21 15:46:13 - [TEST_STEP][PASSED] - Select Menu "Partner Disbursement SBO": Select Menu "Partner Disbursement SBO"

2021-01-21 15:46:13 - [MESSAGE][PASSED] - Taking screenshot successfully
[[ATTACHMENT|/Users/chaidir.pratama01/Documents/Docs/Katalon Studio/Screenshot/test-Partner Disbursement SBO.png]]

2021-01-21 15:46:13 - [MESSAGE][PASSED] - Object '' is present

2021-01-21 15:46:13 - [MESSAGE][PASSED] - Object: '' is clicked on

2021-01-21 15:46:13 - [MESSAGE][PASSED] - Wait for page load successfully

2021-01-21 15:46:13 - [MESSAGE][PASSED] - Select Menu "Partner Disbursement SBO"

2021-01-21 15:46:13 - [TEST_STEP][PASSED] - Select STATUS "Failed due to not supported bank": Select STATUS "Failed due to not supported bank"

2021-01-21 15:46:14 - [MESSAGE][PASSED] - All options with value 'Failed due to not supported bank' are selected in object ''  using regular expression

2021-01-21 15:46:14 - [MESSAGE][PASSED] - Select STATUS "Failed due to not supported bank"

2021-01-21 15:46:14 - [TEST_STEP][PASSED] - Click button "Search": Click button "Search"

2021-01-21 15:46:14 - [MESSAGE][INFO] - >>>>>//Button[contains(text(),'Search')]

2021-01-21 15:46:17 - [MESSAGE][PASSED] - Object '' is present

2021-01-21 15:46:17 - [MESSAGE][PASSED] - Object: '' is clicked on

2021-01-21 15:46:17 - [MESSAGE][PASSED] - Switched to window with index: '0'

2021-01-21 15:46:17 - [MESSAGE][PASSED] - Click button "Search"

2021-01-21 15:46:17 - [TEST_STEP][PASSED] - Verify Search Result Presents: Verify Search Result Presents

2021-01-21 15:46:48 - [MESSAGE][INFO] - Unable to find the element located by 'By.xpath: //td[@style='display:none' and contains(text(),'-Empty-')]'. Please recheck the objects properties to make sure the desired element is located. 

2021-01-21 15:46:48 - [MESSAGE][WARNING] - com.kms.katalon.core.webui.exception.WebElementNotFoundException: Web element with id: '' located by '//td[@style='display:none' and contains(text(),'-Empty-')]' not found (Root cause: com.kms.katalon.core.exception.StepFailedException: com.kms.katalon.core.webui.exception.WebElementNotFoundException: Web element with id: '' located by '//td[@style='display:none' and contains(text(),'-Empty-')]' not found
	at com.kms.katalon.core.webui.keyword.internal.WebUIKeywordMain.stepFailed(WebUIKeywordMain.groovy:64)
	at com.kms.katalon.core.webui.keyword.builtin.VerifyElementPresentKeyword$_verifyElementPresent_closure1.doCall(VerifyElementPresentKeyword.groovy:85)
	at com.kms.katalon.core.webui.keyword.builtin.VerifyElementPresentKeyword$_verifyElementPresent_closure1.call(VerifyElementPresentKeyword.groovy)
	at com.kms.katalon.core.webui.keyword.internal.WebUIKeywordMain.runKeyword(WebUIKeywordMain.groovy:20)
	at com.kms.katalon.core.webui.keyword.builtin.VerifyElementPresentKeyword.verifyElementPresent(VerifyElementPresentKeyword.groovy:92)
	at com.kms.katalon.core.webui.keyword.builtin.VerifyElementPresentKeyword.execute(VerifyElementPresentKeyword.groovy:68)
	at com.kms.katalon.core.keyword.internal.KeywordExecutor.executeKeywordForPlatform(KeywordExecutor.groovy:73)
	at com.kms.katalon.core.webui.keyword.WebUiBuiltInKeywords.verifyElementPresent(WebUiBuiltInKeywords.groovy:1444)
	at com.kms.katalon.core.webui.keyword.WebUiBuiltInKeywords$verifyElementPresent$11.call(Unknown Source)
	at ist_real.Contract_Dispatcher.VerifyTblFilled(Contract_Dispatcher.groovy:1313)
	at ist_real.Contract_Dispatcher$VerifyTblFilled$0.call(Unknown Source)
	at RTD.Search_Result_Presents(RTD.groovy:187)
	at cucumber.runtime.Utils$1.call(Utils.java:26)
	at cucumber.runtime.Timeout.timeout(Timeout.java:16)
	at cucumber.runtime.Utils.invoke(Utils.java:20)
	at cucumber.runtime.java.JavaStepDefinition.execute(JavaStepDefinition.java:48)
	at cucumber.runtime.PickleStepDefinitionMatch.runStep(PickleStepDefinitionMatch.java:50)
	at cucumber.runner.TestStep.executeStep(TestStep.java:55)
	at cucumber.runner.TestStep.run(TestStep.java:42)
	at cucumber.runner.PickleStepTestStep.run(PickleStepTestStep.java:53)
	at cucumber.runner.TestCase.run(TestCase.java:47)
	at cucumber.runner.Runner.runPickle(Runner.java:44)
	at cucumber.runtime.Runtime.runFeature(Runtime.java:120)
	at cucumber.runtime.Runtime.run(Runtime.java:106)
	at cucumber.api.cli.Main.run(Main.java:35)
	at cucumber.api.cli.Main$run.call(Unknown Source)
	at com.kms.katalon.core.cucumber.keyword.CucumberBuiltinKeywords$_runFeatureFile_closure1.doCall(CucumberBuiltinKeywords.groovy:76)
	at com.kms.katalon.core.cucumber.keyword.CucumberBuiltinKeywords$_runFeatureFile_closure1.doCall(CucumberBuiltinKeywords.groovy)
	at com.kms.katalon.core.keyword.internal.KeywordMain.runKeyword(KeywordMain.groovy:68)
	at com.kms.katalon.core.keyword.internal.KeywordMain$runKeyword.call(Unknown Source)
	at com.kms.katalon.core.cucumber.keyword.CucumberBuiltinKeywords.runFeatureFile(CucumberBuiltinKeywords.groovy:46)
	at com.kms.katalon.core.cucumber.keyword.CucumberBuiltinKeywords$runFeatureFile$0.callStatic(Unknown Source)
	at com.kms.katalon.core.cucumber.keyword.CucumberBuiltinKeywords.runFeatureFile(CucumberBuiltinKeywords.groovy:169)
	at com.kms.katalon.core.cucumber.keyword.CucumberBuiltinKeywords$runFeatureFile.call(Unknown Source)
	at TC_Search_by_STATUS.run(TC_Search_by_STATUS:18)
	at com.kms.katalon.core.main.ScriptEngine.run(ScriptEngine.java:194)
	at com.kms.katalon.core.main.ScriptEngine.runScriptAsRawText(ScriptEngine.java:119)
	at com.kms.katalon.core.main.TestCaseExecutor.runScript(TestCaseExecutor.java:339)
	at com.kms.katalon.core.main.TestCaseExecutor.doExecute(TestCaseExecutor.java:330)
	at com.kms.katalon.core.main.TestCaseExecutor.processExecutionPhase(TestCaseExecutor.java:309)
	at com.kms.katalon.core.main.TestCaseExecutor.accessMainPhase(TestCaseExecutor.java:301)
	at com.kms.katalon.core.main.TestCaseExecutor.execute(TestCaseExecutor.java:235)
	at com.kms.katalon.core.main.TestSuiteExecutor.accessTestCaseMainPhase(TestSuiteExecutor.java:191)
	at com.kms.katalon.core.main.TestSuiteExecutor.accessTestSuiteMainPhase(TestSuiteExecutor.java:141)
	at com.kms.katalon.core.main.TestSuiteExecutor.execute(TestSuiteExecutor.java:90)
	at com.kms.katalon.core.main.TestCaseMain.startTestSuite(TestCaseMain.java:157)
	at com.kms.katalon.core.main.TestCaseMain$startTestSuite$0.call(Unknown Source)
	at TempTestSuite1611218216287.run(TempTestSuite1611218216287.groovy:39)
)
[[ATTACHMENT|/Users/chaidir.pratama01/Katalon Studio/IST_Automation_Git/Reports/20210121_153655/RTD/TS_Partner_Disbursement_SBO/20210121_153656/1611218808297.png]]

2021-01-21 15:46:48 - [MESSAGE][PASSED] - Verify Search Result Presents

2021-01-21 15:46:48 - [TEST_STEP][PASSED] - Click button "Logout": Click button "Logout"

2021-01-21 15:46:48 - [MESSAGE][INFO] - >>>>>//Button[contains(text(),'Logout')]

2021-01-21 15:46:51 - [MESSAGE][PASSED] - Object '' is present

2021-01-21 15:46:52 - [MESSAGE][PASSED] - Object: '' is clicked on

2021-01-21 15:46:52 - [MESSAGE][PASSED] - Switched to window with index: '0'

2021-01-21 15:46:52 - [MESSAGE][PASSED] - Click button "Logout"

2021-01-21 15:46:52 - [TEST_STEP][PASSED] - Close browser: Close browser

2021-01-21 15:46:52 - [MESSAGE][PASSED] - Browser is closed

2021-01-21 15:46:52 - [MESSAGE][PASSED] - Close browser

2021-01-21 15:46:52 - [TEST_CASE][PASSED] - Start Test Case : SCENARIO Search by STATUS Manual Disbursement: SCENARIO Search by STATUS Manual Disbursement

2021-01-21 15:46:52 - [TEST_STEP][PASSED] - Go to ISTools: Go to ISTools

2021-01-21 15:46:52 - [MESSAGE][INFO] - Starting 'Chrome (headless)' driver

2021-01-21 15:46:52 - [MESSAGE][INFO] - User set preference: ['args', '[--start-maximized, --disable-gpu, --no-proxy-server, â€“-no-sandbox, --allow-running-insecure-content, --ignore-certificate-errors, window-size=1680,814, force-device-scale-factor=2, --lang=en-GB]']

2021-01-21 15:46:52 - [MESSAGE][INFO] - User set preference: ['prefs', '{download.default_directory=/Users/chaidir.pratama01/Katalon Studio/IST_Automation_Git/Download}']

2021-01-21 15:46:52 - [MESSAGE][INFO] - Action delay is set to 0 milliseconds

2021-01-21 15:46:52 - [MESSAGE][PASSED] - Browser is opened with url: ''

2021-01-21 15:46:53 - [MESSAGE][PASSED] - Navigate to 'https://dev-istools.homecredit.id/foundation/' successfully

2021-01-21 15:46:53 - [MESSAGE][PASSED] - Go to ISTools

2021-01-21 15:46:53 - [TEST_STEP][PASSED] - Login IST with valid credentials: Login IST with valid credentials

2021-01-21 15:46:53 - [MESSAGE][PASSED] - Text 'mobile.test' is set on object 'Object Repository/Page_/input_Username_j_username'

2021-01-21 15:46:53 - [MESSAGE][PASSED] - Text ****** has been set on object 'Object Repository/Page_/input_Password_j_password'

2021-01-21 15:46:53 - [MESSAGE][PASSED] - Object: 'Object Repository/Page_/button_Login' is clicked on

2021-01-21 15:46:53 - [MESSAGE][PASSED] - Login IST with valid credentials

2021-01-21 15:46:53 - [TEST_STEP][PASSED] - Login Success: Login Success

2021-01-21 15:46:53 - [MESSAGE][INFO] - Login Success

2021-01-21 15:46:53 - [MESSAGE][PASSED] - Current window maximized

2021-01-21 15:46:53 - [MESSAGE][PASSED] - Object 'Object Repository/Page_/h1_Welcome to IT Supporting Tools' is present

2021-01-21 15:46:53 - [MESSAGE][PASSED] - Login Success

2021-01-21 15:46:53 - [TEST_STEP][PASSED] - Select Arrow Menu "Real Time Disbursement": Select Arrow Menu "Real Time Disbursement"

2021-01-21 15:46:54 - [MESSAGE][PASSED] - Object: '' is clicked on

2021-01-21 15:46:54 - [MESSAGE][PASSED] - Select Arrow Menu "Real Time Disbursement"

2021-01-21 15:46:54 - [TEST_STEP][PASSED] - Select Menu "Partner Disbursement SBO": Select Menu "Partner Disbursement SBO"

2021-01-21 15:46:54 - [MESSAGE][PASSED] - Taking screenshot successfully
[[ATTACHMENT|/Users/chaidir.pratama01/Documents/Docs/Katalon Studio/Screenshot/test-Partner Disbursement SBO.png]]

2021-01-21 15:46:54 - [MESSAGE][PASSED] - Object '' is present

2021-01-21 15:46:54 - [MESSAGE][PASSED] - Object: '' is clicked on

2021-01-21 15:46:54 - [MESSAGE][PASSED] - Wait for page load successfully

2021-01-21 15:46:54 - [MESSAGE][PASSED] - Select Menu "Partner Disbursement SBO"

2021-01-21 15:46:54 - [TEST_STEP][PASSED] - Select STATUS "Manual Disbursement": Select STATUS "Manual Disbursement"

2021-01-21 15:46:55 - [MESSAGE][PASSED] - All options with value 'Manual Disbursement' are selected in object ''  using regular expression

2021-01-21 15:46:55 - [MESSAGE][PASSED] - Select STATUS "Manual Disbursement"

2021-01-21 15:46:55 - [TEST_STEP][PASSED] - Click button "Search": Click button "Search"

2021-01-21 15:46:55 - [MESSAGE][INFO] - >>>>>//Button[contains(text(),'Search')]

2021-01-21 15:46:58 - [MESSAGE][PASSED] - Object '' is present

2021-01-21 15:46:58 - [MESSAGE][PASSED] - Object: '' is clicked on

2021-01-21 15:46:58 - [MESSAGE][PASSED] - Switched to window with index: '0'

2021-01-21 15:46:58 - [MESSAGE][PASSED] - Click button "Search"

2021-01-21 15:46:58 - [TEST_STEP][PASSED] - Verify Search Result Presents: Verify Search Result Presents

2021-01-21 15:46:59 - [MESSAGE][PASSED] - Object '' is present

2021-01-21 15:47:08 - [MESSAGE][PASSED] - Verify Search Result Presents

2021-01-21 15:47:08 - [TEST_STEP][PASSED] - Click button "Logout": Click button "Logout"

2021-01-21 15:47:08 - [MESSAGE][INFO] - >>>>>//Button[contains(text(),'Logout')]

2021-01-21 15:47:11 - [MESSAGE][PASSED] - Object '' is present

2021-01-21 15:47:11 - [MESSAGE][PASSED] - Object: '' is clicked on

2021-01-21 15:47:11 - [MESSAGE][PASSED] - Switched to window with index: '0'

2021-01-21 15:47:11 - [MESSAGE][PASSED] - Click button "Logout"

2021-01-21 15:47:11 - [TEST_STEP][PASSED] - Close browser: Close browser

2021-01-21 15:47:11 - [MESSAGE][PASSED] - Browser is closed

2021-01-21 15:47:11 - [MESSAGE][PASSED] - Close browser

2021-01-21 15:47:11 - [TEST_CASE][PASSED] - Start Test Case : SCENARIO Search by STATUS DONE: SCENARIO Search by STATUS DONE

2021-01-21 15:47:11 - [TEST_STEP][PASSED] - Go to ISTools: Go to ISTools

2021-01-21 15:47:11 - [MESSAGE][INFO] - Starting 'Chrome (headless)' driver

2021-01-21 15:47:11 - [MESSAGE][INFO] - User set preference: ['args', '[--start-maximized, --disable-gpu, --no-proxy-server, â€“-no-sandbox, --allow-running-insecure-content, --ignore-certificate-errors, window-size=1680,814, force-device-scale-factor=2, --lang=en-GB]']

2021-01-21 15:47:11 - [MESSAGE][INFO] - User set preference: ['prefs', '{download.default_directory=/Users/chaidir.pratama01/Katalon Studio/IST_Automation_Git/Download}']

2021-01-21 15:47:11 - [MESSAGE][INFO] - Action delay is set to 0 milliseconds

2021-01-21 15:47:11 - [MESSAGE][PASSED] - Browser is opened with url: ''

2021-01-21 15:47:12 - [MESSAGE][PASSED] - Navigate to 'https://dev-istools.homecredit.id/foundation/' successfully

2021-01-21 15:47:12 - [MESSAGE][PASSED] - Go to ISTools

2021-01-21 15:47:12 - [TEST_STEP][PASSED] - Login IST with valid credentials: Login IST with valid credentials

2021-01-21 15:47:12 - [MESSAGE][PASSED] - Text 'mobile.test' is set on object 'Object Repository/Page_/input_Username_j_username'

2021-01-21 15:47:12 - [MESSAGE][PASSED] - Text ****** has been set on object 'Object Repository/Page_/input_Password_j_password'

2021-01-21 15:47:13 - [MESSAGE][PASSED] - Object: 'Object Repository/Page_/button_Login' is clicked on

2021-01-21 15:47:13 - [MESSAGE][PASSED] - Login IST with valid credentials

2021-01-21 15:47:13 - [TEST_STEP][PASSED] - Login Success: Login Success

2021-01-21 15:47:13 - [MESSAGE][INFO] - Login Success

2021-01-21 15:47:13 - [MESSAGE][PASSED] - Current window maximized

2021-01-21 15:47:13 - [MESSAGE][PASSED] - Object 'Object Repository/Page_/h1_Welcome to IT Supporting Tools' is present

2021-01-21 15:47:13 - [MESSAGE][PASSED] - Login Success

2021-01-21 15:47:13 - [TEST_STEP][PASSED] - Select Arrow Menu "Real Time Disbursement": Select Arrow Menu "Real Time Disbursement"

2021-01-21 15:47:13 - [MESSAGE][PASSED] - Object: '' is clicked on

2021-01-21 15:47:13 - [MESSAGE][PASSED] - Select Arrow Menu "Real Time Disbursement"

2021-01-21 15:47:13 - [TEST_STEP][PASSED] - Select Menu "Partner Disbursement SBO": Select Menu "Partner Disbursement SBO"

2021-01-21 15:47:13 - [MESSAGE][PASSED] - Taking screenshot successfully
[[ATTACHMENT|/Users/chaidir.pratama01/Documents/Docs/Katalon Studio/Screenshot/test-Partner Disbursement SBO.png]]

2021-01-21 15:47:13 - [MESSAGE][PASSED] - Object '' is present

2021-01-21 15:47:13 - [MESSAGE][PASSED] - Object: '' is clicked on

2021-01-21 15:47:13 - [MESSAGE][PASSED] - Wait for page load successfully

2021-01-21 15:47:13 - [MESSAGE][PASSED] - Select Menu "Partner Disbursement SBO"

2021-01-21 15:47:13 - [TEST_STEP][PASSED] - Select STATUS "DONE": Select STATUS "DONE"

2021-01-21 15:47:14 - [MESSAGE][PASSED] - All options with value 'DONE' are selected in object ''  using regular expression

2021-01-21 15:47:14 - [MESSAGE][PASSED] - Select STATUS "DONE"

2021-01-21 15:47:14 - [TEST_STEP][PASSED] - Click button "Search": Click button "Search"

2021-01-21 15:47:14 - [MESSAGE][INFO] - >>>>>//Button[contains(text(),'Search')]

2021-01-21 15:47:17 - [MESSAGE][PASSED] - Object '' is present

2021-01-21 15:47:17 - [MESSAGE][PASSED] - Object: '' is clicked on

2021-01-21 15:47:17 - [MESSAGE][PASSED] - Switched to window with index: '0'

2021-01-21 15:47:17 - [MESSAGE][PASSED] - Click button "Search"

2021-01-21 15:47:17 - [TEST_STEP][PASSED] - Verify Search Result Presents: Verify Search Result Presents

2021-01-21 15:47:17 - [MESSAGE][PASSED] - Object '' is present

2021-01-21 15:47:25 - [MESSAGE][PASSED] - Verify Search Result Presents

2021-01-21 15:47:25 - [TEST_STEP][PASSED] - Click button "Logout": Click button "Logout"

2021-01-21 15:47:25 - [MESSAGE][INFO] - >>>>>//Button[contains(text(),'Logout')]

2021-01-21 15:47:28 - [MESSAGE][PASSED] - Object '' is present

2021-01-21 15:47:28 - [MESSAGE][PASSED] - Object: '' is clicked on

2021-01-21 15:47:28 - [MESSAGE][PASSED] - Switched to window with index: '0'

2021-01-21 15:47:28 - [MESSAGE][PASSED] - Click button "Logout"

2021-01-21 15:47:28 - [TEST_STEP][PASSED] - Close browser: Close browser

2021-01-21 15:47:28 - [MESSAGE][PASSED] - Browser is closed

2021-01-21 15:47:28 - [MESSAGE][PASSED] - Close browser

2021-01-21 15:47:28 - [TEST_CASE][PASSED] - Start Test Case : SCENARIO Search by STATUS Waiting Partner Confirmation: SCENARIO Search by STATUS Waiting Partner Confirmation

2021-01-21 15:47:28 - [TEST_STEP][PASSED] - Go to ISTools: Go to ISTools

2021-01-21 15:47:28 - [MESSAGE][INFO] - Starting 'Chrome (headless)' driver

2021-01-21 15:47:28 - [MESSAGE][INFO] - User set preference: ['args', '[--start-maximized, --disable-gpu, --no-proxy-server, â€“-no-sandbox, --allow-running-insecure-content, --ignore-certificate-errors, window-size=1680,814, force-device-scale-factor=2, --lang=en-GB]']

2021-01-21 15:47:28 - [MESSAGE][INFO] - User set preference: ['prefs', '{download.default_directory=/Users/chaidir.pratama01/Katalon Studio/IST_Automation_Git/Download}']

2021-01-21 15:47:28 - [MESSAGE][INFO] - Action delay is set to 0 milliseconds

2021-01-21 15:47:29 - [MESSAGE][PASSED] - Browser is opened with url: ''

2021-01-21 15:47:29 - [MESSAGE][PASSED] - Navigate to 'https://dev-istools.homecredit.id/foundation/' successfully

2021-01-21 15:47:29 - [MESSAGE][PASSED] - Go to ISTools

2021-01-21 15:47:29 - [TEST_STEP][PASSED] - Login IST with valid credentials: Login IST with valid credentials

2021-01-21 15:47:30 - [MESSAGE][PASSED] - Text 'mobile.test' is set on object 'Object Repository/Page_/input_Username_j_username'

2021-01-21 15:47:30 - [MESSAGE][PASSED] - Text ****** has been set on object 'Object Repository/Page_/input_Password_j_password'

2021-01-21 15:47:30 - [MESSAGE][PASSED] - Object: 'Object Repository/Page_/button_Login' is clicked on

2021-01-21 15:47:30 - [MESSAGE][PASSED] - Login IST with valid credentials

2021-01-21 15:47:30 - [TEST_STEP][PASSED] - Login Success: Login Success

2021-01-21 15:47:30 - [MESSAGE][INFO] - Login Success

2021-01-21 15:47:30 - [MESSAGE][PASSED] - Current window maximized

2021-01-21 15:47:30 - [MESSAGE][PASSED] - Object 'Object Repository/Page_/h1_Welcome to IT Supporting Tools' is present

2021-01-21 15:47:30 - [MESSAGE][PASSED] - Login Success

2021-01-21 15:47:30 - [TEST_STEP][PASSED] - Select Arrow Menu "Real Time Disbursement": Select Arrow Menu "Real Time Disbursement"

2021-01-21 15:47:31 - [MESSAGE][PASSED] - Object: '' is clicked on

2021-01-21 15:47:31 - [MESSAGE][PASSED] - Select Arrow Menu "Real Time Disbursement"

2021-01-21 15:47:31 - [TEST_STEP][PASSED] - Select Menu "Partner Disbursement SBO": Select Menu "Partner Disbursement SBO"

2021-01-21 15:47:31 - [MESSAGE][PASSED] - Taking screenshot successfully
[[ATTACHMENT|/Users/chaidir.pratama01/Documents/Docs/Katalon Studio/Screenshot/test-Partner Disbursement SBO.png]]

2021-01-21 15:47:31 - [MESSAGE][PASSED] - Object '' is present

2021-01-21 15:47:31 - [MESSAGE][PASSED] - Object: '' is clicked on

2021-01-21 15:47:31 - [MESSAGE][PASSED] - Wait for page load successfully

2021-01-21 15:47:31 - [MESSAGE][PASSED] - Select Menu "Partner Disbursement SBO"

2021-01-21 15:47:31 - [TEST_STEP][PASSED] - Select STATUS "Waiting Partner Confirmation": Select STATUS "Waiting Partner Confirmation"

2021-01-21 15:47:32 - [MESSAGE][PASSED] - All options with value 'Waiting Partner Confirmation' are selected in object ''  using regular expression

2021-01-21 15:47:32 - [MESSAGE][PASSED] - Select STATUS "Waiting Partner Confirmation"

2021-01-21 15:47:32 - [TEST_STEP][PASSED] - Click button "Search": Click button "Search"

2021-01-21 15:47:32 - [MESSAGE][INFO] - >>>>>//Button[contains(text(),'Search')]

2021-01-21 15:47:35 - [MESSAGE][PASSED] - Object '' is present

2021-01-21 15:47:35 - [MESSAGE][PASSED] - Object: '' is clicked on

2021-01-21 15:47:35 - [MESSAGE][PASSED] - Switched to window with index: '0'

2021-01-21 15:47:35 - [MESSAGE][PASSED] - Click button "Search"

2021-01-21 15:47:35 - [TEST_STEP][PASSED] - Verify Search Result Presents: Verify Search Result Presents

2021-01-21 15:48:06 - [MESSAGE][INFO] - Unable to find the element located by 'By.xpath: //td[@style='display:none' and contains(text(),'-Empty-')]'. Please recheck the objects properties to make sure the desired element is located. 

2021-01-21 15:48:06 - [MESSAGE][WARNING] - com.kms.katalon.core.webui.exception.WebElementNotFoundException: Web element with id: '' located by '//td[@style='display:none' and contains(text(),'-Empty-')]' not found (Root cause: com.kms.katalon.core.exception.StepFailedException: com.kms.katalon.core.webui.exception.WebElementNotFoundException: Web element with id: '' located by '//td[@style='display:none' and contains(text(),'-Empty-')]' not found
	at com.kms.katalon.core.webui.keyword.internal.WebUIKeywordMain.stepFailed(WebUIKeywordMain.groovy:64)
	at com.kms.katalon.core.webui.keyword.builtin.VerifyElementPresentKeyword$_verifyElementPresent_closure1.doCall(VerifyElementPresentKeyword.groovy:85)
	at com.kms.katalon.core.webui.keyword.builtin.VerifyElementPresentKeyword$_verifyElementPresent_closure1.call(VerifyElementPresentKeyword.groovy)
	at com.kms.katalon.core.webui.keyword.internal.WebUIKeywordMain.runKeyword(WebUIKeywordMain.groovy:20)
	at com.kms.katalon.core.webui.keyword.builtin.VerifyElementPresentKeyword.verifyElementPresent(VerifyElementPresentKeyword.groovy:92)
	at com.kms.katalon.core.webui.keyword.builtin.VerifyElementPresentKeyword.execute(VerifyElementPresentKeyword.groovy:68)
	at com.kms.katalon.core.keyword.internal.KeywordExecutor.executeKeywordForPlatform(KeywordExecutor.groovy:73)
	at com.kms.katalon.core.webui.keyword.WebUiBuiltInKeywords.verifyElementPresent(WebUiBuiltInKeywords.groovy:1444)
	at com.kms.katalon.core.webui.keyword.WebUiBuiltInKeywords$verifyElementPresent$11.call(Unknown Source)
	at ist_real.Contract_Dispatcher.VerifyTblFilled(Contract_Dispatcher.groovy:1313)
	at ist_real.Contract_Dispatcher$VerifyTblFilled$0.call(Unknown Source)
	at RTD.Search_Result_Presents(RTD.groovy:187)
	at cucumber.runtime.Utils$1.call(Utils.java:26)
	at cucumber.runtime.Timeout.timeout(Timeout.java:16)
	at cucumber.runtime.Utils.invoke(Utils.java:20)
	at cucumber.runtime.java.JavaStepDefinition.execute(JavaStepDefinition.java:48)
	at cucumber.runtime.PickleStepDefinitionMatch.runStep(PickleStepDefinitionMatch.java:50)
	at cucumber.runner.TestStep.executeStep(TestStep.java:55)
	at cucumber.runner.TestStep.run(TestStep.java:42)
	at cucumber.runner.PickleStepTestStep.run(PickleStepTestStep.java:53)
	at cucumber.runner.TestCase.run(TestCase.java:47)
	at cucumber.runner.Runner.runPickle(Runner.java:44)
	at cucumber.runtime.Runtime.runFeature(Runtime.java:120)
	at cucumber.runtime.Runtime.run(Runtime.java:106)
	at cucumber.api.cli.Main.run(Main.java:35)
	at cucumber.api.cli.Main$run.call(Unknown Source)
	at com.kms.katalon.core.cucumber.keyword.CucumberBuiltinKeywords$_runFeatureFile_closure1.doCall(CucumberBuiltinKeywords.groovy:76)
	at com.kms.katalon.core.cucumber.keyword.CucumberBuiltinKeywords$_runFeatureFile_closure1.doCall(CucumberBuiltinKeywords.groovy)
	at com.kms.katalon.core.keyword.internal.KeywordMain.runKeyword(KeywordMain.groovy:68)
	at com.kms.katalon.core.keyword.internal.KeywordMain$runKeyword.call(Unknown Source)
	at com.kms.katalon.core.cucumber.keyword.CucumberBuiltinKeywords.runFeatureFile(CucumberBuiltinKeywords.groovy:46)
	at com.kms.katalon.core.cucumber.keyword.CucumberBuiltinKeywords$runFeatureFile$0.callStatic(Unknown Source)
	at com.kms.katalon.core.cucumber.keyword.CucumberBuiltinKeywords.runFeatureFile(CucumberBuiltinKeywords.groovy:169)
	at com.kms.katalon.core.cucumber.keyword.CucumberBuiltinKeywords$runFeatureFile.call(Unknown Source)
	at TC_Search_by_STATUS.run(TC_Search_by_STATUS:18)
	at com.kms.katalon.core.main.ScriptEngine.run(ScriptEngine.java:194)
	at com.kms.katalon.core.main.ScriptEngine.runScriptAsRawText(ScriptEngine.java:119)
	at com.kms.katalon.core.main.TestCaseExecutor.runScript(TestCaseExecutor.java:339)
	at com.kms.katalon.core.main.TestCaseExecutor.doExecute(TestCaseExecutor.java:330)
	at com.kms.katalon.core.main.TestCaseExecutor.processExecutionPhase(TestCaseExecutor.java:309)
	at com.kms.katalon.core.main.TestCaseExecutor.accessMainPhase(TestCaseExecutor.java:301)
	at com.kms.katalon.core.main.TestCaseExecutor.execute(TestCaseExecutor.java:235)
	at com.kms.katalon.core.main.TestSuiteExecutor.accessTestCaseMainPhase(TestSuiteExecutor.java:191)
	at com.kms.katalon.core.main.TestSuiteExecutor.accessTestSuiteMainPhase(TestSuiteExecutor.java:141)
	at com.kms.katalon.core.main.TestSuiteExecutor.execute(TestSuiteExecutor.java:90)
	at com.kms.katalon.core.main.TestCaseMain.startTestSuite(TestCaseMain.java:157)
	at com.kms.katalon.core.main.TestCaseMain$startTestSuite$0.call(Unknown Source)
	at TempTestSuite1611218216287.run(TempTestSuite1611218216287.groovy:39)
)
[[ATTACHMENT|/Users/chaidir.pratama01/Katalon Studio/IST_Automation_Git/Reports/20210121_153655/RTD/TS_Partner_Disbursement_SBO/20210121_153656/1611218886148.png]]

2021-01-21 15:48:06 - [MESSAGE][PASSED] - Verify Search Result Presents

2021-01-21 15:48:06 - [TEST_STEP][PASSED] - Click button "Logout": Click button "Logout"

2021-01-21 15:48:06 - [MESSAGE][INFO] - >>>>>//Button[contains(text(),'Logout')]

2021-01-21 15:48:09 - [MESSAGE][PASSED] - Object '' is present

2021-01-21 15:48:09 - [MESSAGE][PASSED] - Object: '' is clicked on

2021-01-21 15:48:09 - [MESSAGE][PASSED] - Switched to window with index: '0'

2021-01-21 15:48:09 - [MESSAGE][PASSED] - Click button "Logout"

2021-01-21 15:48:09 - [TEST_STEP][PASSED] - Close browser: Close browser

2021-01-21 15:48:09 - [MESSAGE][PASSED] - Browser is closed

2021-01-21 15:48:09 - [MESSAGE][PASSED] - Close browser

2021-01-21 15:48:09 - [TEST_CASE][PASSED] - Start Test Case : SCENARIO Search by STATUS Success to Disburse: SCENARIO Search by STATUS Success to Disburse

2021-01-21 15:48:09 - [TEST_STEP][PASSED] - Go to ISTools: Go to ISTools

2021-01-21 15:48:09 - [MESSAGE][INFO] - Starting 'Chrome (headless)' driver

2021-01-21 15:48:09 - [MESSAGE][INFO] - User set preference: ['args', '[--start-maximized, --disable-gpu, --no-proxy-server, â€“-no-sandbox, --allow-running-insecure-content, --ignore-certificate-errors, window-size=1680,814, force-device-scale-factor=2, --lang=en-GB]']

2021-01-21 15:48:09 - [MESSAGE][INFO] - User set preference: ['prefs', '{download.default_directory=/Users/chaidir.pratama01/Katalon Studio/IST_Automation_Git/Download}']

2021-01-21 15:48:09 - [MESSAGE][INFO] - Action delay is set to 0 milliseconds

2021-01-21 15:48:10 - [MESSAGE][PASSED] - Browser is opened with url: ''

2021-01-21 15:48:11 - [MESSAGE][PASSED] - Navigate to 'https://dev-istools.homecredit.id/foundation/' successfully

2021-01-21 15:48:11 - [MESSAGE][PASSED] - Go to ISTools

2021-01-21 15:48:11 - [TEST_STEP][PASSED] - Login IST with valid credentials: Login IST with valid credentials

2021-01-21 15:48:11 - [MESSAGE][PASSED] - Text 'mobile.test' is set on object 'Object Repository/Page_/input_Username_j_username'

2021-01-21 15:48:11 - [MESSAGE][PASSED] - Text ****** has been set on object 'Object Repository/Page_/input_Password_j_password'

2021-01-21 15:48:11 - [MESSAGE][PASSED] - Object: 'Object Repository/Page_/button_Login' is clicked on

2021-01-21 15:48:11 - [MESSAGE][PASSED] - Login IST with valid credentials

2021-01-21 15:48:11 - [TEST_STEP][PASSED] - Login Success: Login Success

2021-01-21 15:48:11 - [MESSAGE][INFO] - Login Success

2021-01-21 15:48:11 - [MESSAGE][PASSED] - Current window maximized

2021-01-21 15:48:11 - [MESSAGE][PASSED] - Object 'Object Repository/Page_/h1_Welcome to IT Supporting Tools' is present

2021-01-21 15:48:11 - [MESSAGE][PASSED] - Login Success

2021-01-21 15:48:11 - [TEST_STEP][PASSED] - Select Arrow Menu "Real Time Disbursement": Select Arrow Menu "Real Time Disbursement"

2021-01-21 15:48:11 - [MESSAGE][PASSED] - Object: '' is clicked on

2021-01-21 15:48:11 - [MESSAGE][PASSED] - Select Arrow Menu "Real Time Disbursement"

2021-01-21 15:48:11 - [TEST_STEP][PASSED] - Select Menu "Partner Disbursement SBO": Select Menu "Partner Disbursement SBO"

2021-01-21 15:48:12 - [MESSAGE][PASSED] - Taking screenshot successfully
[[ATTACHMENT|/Users/chaidir.pratama01/Documents/Docs/Katalon Studio/Screenshot/test-Partner Disbursement SBO.png]]

2021-01-21 15:48:12 - [MESSAGE][PASSED] - Object '' is present

2021-01-21 15:48:12 - [MESSAGE][PASSED] - Object: '' is clicked on

2021-01-21 15:48:12 - [MESSAGE][PASSED] - Wait for page load successfully

2021-01-21 15:48:12 - [MESSAGE][PASSED] - Select Menu "Partner Disbursement SBO"

2021-01-21 15:48:12 - [TEST_STEP][PASSED] - Select STATUS "Success to Disburse": Select STATUS "Success to Disburse"

2021-01-21 15:48:13 - [MESSAGE][PASSED] - All options with value 'Success to Disburse' are selected in object ''  using regular expression

2021-01-21 15:48:13 - [MESSAGE][PASSED] - Select STATUS "Success to Disburse"

2021-01-21 15:48:13 - [TEST_STEP][PASSED] - Click button "Search": Click button "Search"

2021-01-21 15:48:13 - [MESSAGE][INFO] - >>>>>//Button[contains(text(),'Search')]

2021-01-21 15:48:16 - [MESSAGE][PASSED] - Object '' is present

2021-01-21 15:48:16 - [MESSAGE][PASSED] - Object: '' is clicked on

2021-01-21 15:48:16 - [MESSAGE][PASSED] - Switched to window with index: '0'

2021-01-21 15:48:16 - [MESSAGE][PASSED] - Click button "Search"

2021-01-21 15:48:16 - [TEST_STEP][PASSED] - Verify Search Result Presents: Verify Search Result Presents

2021-01-21 15:48:47 - [MESSAGE][INFO] - Unable to find the element located by 'By.xpath: //td[@style='display:none' and contains(text(),'-Empty-')]'. Please recheck the objects properties to make sure the desired element is located. 

2021-01-21 15:48:47 - [MESSAGE][WARNING] - com.kms.katalon.core.webui.exception.WebElementNotFoundException: Web element with id: '' located by '//td[@style='display:none' and contains(text(),'-Empty-')]' not found (Root cause: com.kms.katalon.core.exception.StepFailedException: com.kms.katalon.core.webui.exception.WebElementNotFoundException: Web element with id: '' located by '//td[@style='display:none' and contains(text(),'-Empty-')]' not found
	at com.kms.katalon.core.webui.keyword.internal.WebUIKeywordMain.stepFailed(WebUIKeywordMain.groovy:64)
	at com.kms.katalon.core.webui.keyword.builtin.VerifyElementPresentKeyword$_verifyElementPresent_closure1.doCall(VerifyElementPresentKeyword.groovy:85)
	at com.kms.katalon.core.webui.keyword.builtin.VerifyElementPresentKeyword$_verifyElementPresent_closure1.call(VerifyElementPresentKeyword.groovy)
	at com.kms.katalon.core.webui.keyword.internal.WebUIKeywordMain.runKeyword(WebUIKeywordMain.groovy:20)
	at com.kms.katalon.core.webui.keyword.builtin.VerifyElementPresentKeyword.verifyElementPresent(VerifyElementPresentKeyword.groovy:92)
	at com.kms.katalon.core.webui.keyword.builtin.VerifyElementPresentKeyword.execute(VerifyElementPresentKeyword.groovy:68)
	at com.kms.katalon.core.keyword.internal.KeywordExecutor.executeKeywordForPlatform(KeywordExecutor.groovy:73)
	at com.kms.katalon.core.webui.keyword.WebUiBuiltInKeywords.verifyElementPresent(WebUiBuiltInKeywords.groovy:1444)
	at com.kms.katalon.core.webui.keyword.WebUiBuiltInKeywords$verifyElementPresent$11.call(Unknown Source)
	at ist_real.Contract_Dispatcher.VerifyTblFilled(Contract_Dispatcher.groovy:1313)
	at ist_real.Contract_Dispatcher$VerifyTblFilled$0.call(Unknown Source)
	at RTD.Search_Result_Presents(RTD.groovy:187)
	at cucumber.runtime.Utils$1.call(Utils.java:26)
	at cucumber.runtime.Timeout.timeout(Timeout.java:16)
	at cucumber.runtime.Utils.invoke(Utils.java:20)
	at cucumber.runtime.java.JavaStepDefinition.execute(JavaStepDefinition.java:48)
	at cucumber.runtime.PickleStepDefinitionMatch.runStep(PickleStepDefinitionMatch.java:50)
	at cucumber.runner.TestStep.executeStep(TestStep.java:55)
	at cucumber.runner.TestStep.run(TestStep.java:42)
	at cucumber.runner.PickleStepTestStep.run(PickleStepTestStep.java:53)
	at cucumber.runner.TestCase.run(TestCase.java:47)
	at cucumber.runner.Runner.runPickle(Runner.java:44)
	at cucumber.runtime.Runtime.runFeature(Runtime.java:120)
	at cucumber.runtime.Runtime.run(Runtime.java:106)
	at cucumber.api.cli.Main.run(Main.java:35)
	at cucumber.api.cli.Main$run.call(Unknown Source)
	at com.kms.katalon.core.cucumber.keyword.CucumberBuiltinKeywords$_runFeatureFile_closure1.doCall(CucumberBuiltinKeywords.groovy:76)
	at com.kms.katalon.core.cucumber.keyword.CucumberBuiltinKeywords$_runFeatureFile_closure1.doCall(CucumberBuiltinKeywords.groovy)
	at com.kms.katalon.core.keyword.internal.KeywordMain.runKeyword(KeywordMain.groovy:68)
	at com.kms.katalon.core.keyword.internal.KeywordMain$runKeyword.call(Unknown Source)
	at com.kms.katalon.core.cucumber.keyword.CucumberBuiltinKeywords.runFeatureFile(CucumberBuiltinKeywords.groovy:46)
	at com.kms.katalon.core.cucumber.keyword.CucumberBuiltinKeywords$runFeatureFile$0.callStatic(Unknown Source)
	at com.kms.katalon.core.cucumber.keyword.CucumberBuiltinKeywords.runFeatureFile(CucumberBuiltinKeywords.groovy:169)
	at com.kms.katalon.core.cucumber.keyword.CucumberBuiltinKeywords$runFeatureFile.call(Unknown Source)
	at TC_Search_by_STATUS.run(TC_Search_by_STATUS:18)
	at com.kms.katalon.core.main.ScriptEngine.run(ScriptEngine.java:194)
	at com.kms.katalon.core.main.ScriptEngine.runScriptAsRawText(ScriptEngine.java:119)
	at com.kms.katalon.core.main.TestCaseExecutor.runScript(TestCaseExecutor.java:339)
	at com.kms.katalon.core.main.TestCaseExecutor.doExecute(TestCaseExecutor.java:330)
	at com.kms.katalon.core.main.TestCaseExecutor.processExecutionPhase(TestCaseExecutor.java:309)
	at com.kms.katalon.core.main.TestCaseExecutor.accessMainPhase(TestCaseExecutor.java:301)
	at com.kms.katalon.core.main.TestCaseExecutor.execute(TestCaseExecutor.java:235)
	at com.kms.katalon.core.main.TestSuiteExecutor.accessTestCaseMainPhase(TestSuiteExecutor.java:191)
	at com.kms.katalon.core.main.TestSuiteExecutor.accessTestSuiteMainPhase(TestSuiteExecutor.java:141)
	at com.kms.katalon.core.main.TestSuiteExecutor.execute(TestSuiteExecutor.java:90)
	at com.kms.katalon.core.main.TestCaseMain.startTestSuite(TestCaseMain.java:157)
	at com.kms.katalon.core.main.TestCaseMain$startTestSuite$0.call(Unknown Source)
	at TempTestSuite1611218216287.run(TempTestSuite1611218216287.groovy:39)
)
[[ATTACHMENT|/Users/chaidir.pratama01/Katalon Studio/IST_Automation_Git/Reports/20210121_153655/RTD/TS_Partner_Disbursement_SBO/20210121_153656/1611218927203.png]]

2021-01-21 15:48:47 - [MESSAGE][PASSED] - Verify Search Result Presents

2021-01-21 15:48:47 - [TEST_STEP][PASSED] - Click button "Logout": Click button "Logout"

2021-01-21 15:48:47 - [MESSAGE][INFO] - >>>>>//Button[contains(text(),'Logout')]

2021-01-21 15:48:50 - [MESSAGE][PASSED] - Object '' is present

2021-01-21 15:48:50 - [MESSAGE][PASSED] - Object: '' is clicked on

2021-01-21 15:48:50 - [MESSAGE][PASSED] - Switched to window with index: '0'

2021-01-21 15:48:50 - [MESSAGE][PASSED] - Click button "Logout"

2021-01-21 15:48:50 - [TEST_STEP][PASSED] - Close browser: Close browser

2021-01-21 15:48:50 - [MESSAGE][PASSED] - Browser is closed

2021-01-21 15:48:50 - [MESSAGE][PASSED] - Close browser

2021-01-21 15:48:50 - [TEST_CASE][PASSED] - Start Test Case : SCENARIO Search by STATUS Hold Payment Recreation: SCENARIO Search by STATUS Hold Payment Recreation

2021-01-21 15:48:50 - [TEST_STEP][PASSED] - Go to ISTools: Go to ISTools

2021-01-21 15:48:50 - [MESSAGE][INFO] - Starting 'Chrome (headless)' driver

2021-01-21 15:48:51 - [MESSAGE][INFO] - User set preference: ['args', '[--start-maximized, --disable-gpu, --no-proxy-server, â€“-no-sandbox, --allow-running-insecure-content, --ignore-certificate-errors, window-size=1680,814, force-device-scale-factor=2, --lang=en-GB]']

2021-01-21 15:48:51 - [MESSAGE][INFO] - User set preference: ['prefs', '{download.default_directory=/Users/chaidir.pratama01/Katalon Studio/IST_Automation_Git/Download}']

2021-01-21 15:48:51 - [MESSAGE][INFO] - Action delay is set to 0 milliseconds

2021-01-21 15:48:51 - [MESSAGE][PASSED] - Browser is opened with url: ''

2021-01-21 15:48:52 - [MESSAGE][PASSED] - Navigate to 'https://dev-istools.homecredit.id/foundation/' successfully

2021-01-21 15:48:52 - [MESSAGE][PASSED] - Go to ISTools

2021-01-21 15:48:52 - [TEST_STEP][PASSED] - Login IST with valid credentials: Login IST with valid credentials

2021-01-21 15:48:52 - [MESSAGE][PASSED] - Text 'mobile.test' is set on object 'Object Repository/Page_/input_Username_j_username'

2021-01-21 15:48:52 - [MESSAGE][PASSED] - Text ****** has been set on object 'Object Repository/Page_/input_Password_j_password'

2021-01-21 15:48:52 - [MESSAGE][PASSED] - Object: 'Object Repository/Page_/button_Login' is clicked on

2021-01-21 15:48:52 - [MESSAGE][PASSED] - Login IST with valid credentials

2021-01-21 15:48:52 - [TEST_STEP][PASSED] - Login Success: Login Success

2021-01-21 15:48:52 - [MESSAGE][INFO] - Login Success

2021-01-21 15:48:52 - [MESSAGE][PASSED] - Current window maximized

2021-01-21 15:48:52 - [MESSAGE][PASSED] - Object 'Object Repository/Page_/h1_Welcome to IT Supporting Tools' is present

2021-01-21 15:48:52 - [MESSAGE][PASSED] - Login Success

2021-01-21 15:48:52 - [TEST_STEP][PASSED] - Select Arrow Menu "Real Time Disbursement": Select Arrow Menu "Real Time Disbursement"

2021-01-21 15:48:52 - [MESSAGE][PASSED] - Object: '' is clicked on

2021-01-21 15:48:52 - [MESSAGE][PASSED] - Select Arrow Menu "Real Time Disbursement"

2021-01-21 15:48:52 - [TEST_STEP][PASSED] - Select Menu "Partner Disbursement SBO": Select Menu "Partner Disbursement SBO"

2021-01-21 15:48:53 - [MESSAGE][PASSED] - Taking screenshot successfully
[[ATTACHMENT|/Users/chaidir.pratama01/Documents/Docs/Katalon Studio/Screenshot/test-Partner Disbursement SBO.png]]

2021-01-21 15:48:53 - [MESSAGE][PASSED] - Object '' is present

2021-01-21 15:48:53 - [MESSAGE][PASSED] - Object: '' is clicked on

2021-01-21 15:48:53 - [MESSAGE][PASSED] - Wait for page load successfully

2021-01-21 15:48:53 - [MESSAGE][PASSED] - Select Menu "Partner Disbursement SBO"

2021-01-21 15:48:53 - [TEST_STEP][PASSED] - Select STATUS "Hold Payment Recreation": Select STATUS "Hold Payment Recreation"

2021-01-21 15:48:54 - [MESSAGE][PASSED] - All options with value 'Hold Payment Recreation' are selected in object ''  using regular expression

2021-01-21 15:48:54 - [MESSAGE][PASSED] - Select STATUS "Hold Payment Recreation"

2021-01-21 15:48:54 - [TEST_STEP][PASSED] - Click button "Search": Click button "Search"

2021-01-21 15:48:54 - [MESSAGE][INFO] - >>>>>//Button[contains(text(),'Search')]

2021-01-21 15:48:57 - [MESSAGE][PASSED] - Object '' is present

2021-01-21 15:48:57 - [MESSAGE][PASSED] - Object: '' is clicked on

2021-01-21 15:48:57 - [MESSAGE][PASSED] - Switched to window with index: '0'

2021-01-21 15:48:57 - [MESSAGE][PASSED] - Click button "Search"

2021-01-21 15:48:57 - [TEST_STEP][PASSED] - Verify Search Result Presents: Verify Search Result Presents

2021-01-21 15:48:57 - [MESSAGE][PASSED] - Object '' is present

2021-01-21 15:49:03 - [MESSAGE][PASSED] - Verify Search Result Presents

2021-01-21 15:49:03 - [TEST_STEP][PASSED] - Click button "Logout": Click button "Logout"

2021-01-21 15:49:03 - [MESSAGE][INFO] - >>>>>//Button[contains(text(),'Logout')]

2021-01-21 15:49:06 - [MESSAGE][PASSED] - Object '' is present

2021-01-21 15:49:06 - [MESSAGE][PASSED] - Object: '' is clicked on

2021-01-21 15:49:06 - [MESSAGE][PASSED] - Switched to window with index: '0'

2021-01-21 15:49:06 - [MESSAGE][PASSED] - Click button "Logout"

2021-01-21 15:49:06 - [TEST_STEP][PASSED] - Close browser: Close browser

2021-01-21 15:49:06 - [MESSAGE][PASSED] - Browser is closed

2021-01-21 15:49:06 - [MESSAGE][PASSED] - Close browser

2021-01-21 15:49:06 - [TEST_CASE][PASSED] - Start Test Case : SCENARIO Search by STATUS Waiting Confirmation From SBO: SCENARIO Search by STATUS Waiting Confirmation From SBO

2021-01-21 15:49:06 - [TEST_STEP][PASSED] - Go to ISTools: Go to ISTools

2021-01-21 15:49:06 - [MESSAGE][INFO] - Starting 'Chrome (headless)' driver

2021-01-21 15:49:06 - [MESSAGE][INFO] - User set preference: ['args', '[--start-maximized, --disable-gpu, --no-proxy-server, â€“-no-sandbox, --allow-running-insecure-content, --ignore-certificate-errors, window-size=1680,814, force-device-scale-factor=2, --lang=en-GB]']

2021-01-21 15:49:06 - [MESSAGE][INFO] - User set preference: ['prefs', '{download.default_directory=/Users/chaidir.pratama01/Katalon Studio/IST_Automation_Git/Download}']

2021-01-21 15:49:06 - [MESSAGE][INFO] - Action delay is set to 0 milliseconds

2021-01-21 15:49:07 - [MESSAGE][PASSED] - Browser is opened with url: ''

2021-01-21 15:49:08 - [MESSAGE][PASSED] - Navigate to 'https://dev-istools.homecredit.id/foundation/' successfully

2021-01-21 15:49:08 - [MESSAGE][PASSED] - Go to ISTools

2021-01-21 15:49:08 - [TEST_STEP][PASSED] - Login IST with valid credentials: Login IST with valid credentials

2021-01-21 15:49:08 - [MESSAGE][PASSED] - Text 'mobile.test' is set on object 'Object Repository/Page_/input_Username_j_username'

2021-01-21 15:49:08 - [MESSAGE][PASSED] - Text ****** has been set on object 'Object Repository/Page_/input_Password_j_password'

2021-01-21 15:49:08 - [MESSAGE][PASSED] - Object: 'Object Repository/Page_/button_Login' is clicked on

2021-01-21 15:49:08 - [MESSAGE][PASSED] - Login IST with valid credentials

2021-01-21 15:49:08 - [TEST_STEP][PASSED] - Login Success: Login Success

2021-01-21 15:49:08 - [MESSAGE][INFO] - Login Success

2021-01-21 15:49:08 - [MESSAGE][PASSED] - Current window maximized

2021-01-21 15:49:08 - [MESSAGE][PASSED] - Object 'Object Repository/Page_/h1_Welcome to IT Supporting Tools' is present

2021-01-21 15:49:08 - [MESSAGE][PASSED] - Login Success

2021-01-21 15:49:08 - [TEST_STEP][PASSED] - Select Arrow Menu "Real Time Disbursement": Select Arrow Menu "Real Time Disbursement"

2021-01-21 15:49:08 - [MESSAGE][PASSED] - Object: '' is clicked on

2021-01-21 15:49:08 - [MESSAGE][PASSED] - Select Arrow Menu "Real Time Disbursement"

2021-01-21 15:49:08 - [TEST_STEP][PASSED] - Select Menu "Partner Disbursement SBO": Select Menu "Partner Disbursement SBO"

2021-01-21 15:49:09 - [MESSAGE][PASSED] - Taking screenshot successfully
[[ATTACHMENT|/Users/chaidir.pratama01/Documents/Docs/Katalon Studio/Screenshot/test-Partner Disbursement SBO.png]]

2021-01-21 15:49:09 - [MESSAGE][PASSED] - Object '' is present

2021-01-21 15:49:09 - [MESSAGE][PASSED] - Object: '' is clicked on

2021-01-21 15:49:09 - [MESSAGE][PASSED] - Wait for page load successfully

2021-01-21 15:49:09 - [MESSAGE][PASSED] - Select Menu "Partner Disbursement SBO"

2021-01-21 15:49:09 - [TEST_STEP][PASSED] - Select STATUS "Waiting Confirmation From SBO": Select STATUS "Waiting Confirmation From SBO"

2021-01-21 15:49:09 - [MESSAGE][PASSED] - All options with value 'Waiting Confirmation From SBO' are selected in object ''  using regular expression

2021-01-21 15:49:09 - [MESSAGE][PASSED] - Select STATUS "Waiting Confirmation From SBO"

2021-01-21 15:49:09 - [TEST_STEP][PASSED] - Click button "Search": Click button "Search"

2021-01-21 15:49:09 - [MESSAGE][INFO] - >>>>>//Button[contains(text(),'Search')]

2021-01-21 15:49:12 - [MESSAGE][PASSED] - Object '' is present

2021-01-21 15:49:12 - [MESSAGE][PASSED] - Object: '' is clicked on

2021-01-21 15:49:12 - [MESSAGE][PASSED] - Switched to window with index: '0'

2021-01-21 15:49:12 - [MESSAGE][PASSED] - Click button "Search"

2021-01-21 15:49:12 - [TEST_STEP][PASSED] - Verify Search Result Presents: Verify Search Result Presents

2021-01-21 15:49:13 - [MESSAGE][PASSED] - Object '' is present

2021-01-21 15:49:15 - [MESSAGE][PASSED] - Verify Search Result Presents

2021-01-21 15:49:15 - [TEST_STEP][PASSED] - Click button "Logout": Click button "Logout"

2021-01-21 15:49:15 - [MESSAGE][INFO] - >>>>>//Button[contains(text(),'Logout')]

2021-01-21 15:49:18 - [MESSAGE][PASSED] - Object '' is present

2021-01-21 15:49:19 - [MESSAGE][PASSED] - Object: '' is clicked on

2021-01-21 15:49:19 - [MESSAGE][PASSED] - Switched to window with index: '0'

2021-01-21 15:49:19 - [MESSAGE][PASSED] - Click button "Logout"

2021-01-21 15:49:19 - [TEST_STEP][PASSED] - Close browser: Close browser

2021-01-21 15:49:19 - [MESSAGE][PASSED] - Browser is closed

2021-01-21 15:49:19 - [MESSAGE][PASSED] - Close browser

2021-01-21 15:49:19 - [TEST_CASE][PASSED] - Start Test Case : SCENARIO Search by STATUS Hold Payment Insufficient Fund: SCENARIO Search by STATUS Hold Payment Insufficient Fund

2021-01-21 15:49:19 - [TEST_STEP][PASSED] - Go to ISTools: Go to ISTools

2021-01-21 15:49:19 - [MESSAGE][INFO] - Starting 'Chrome (headless)' driver

2021-01-21 15:49:19 - [MESSAGE][INFO] - User set preference: ['args', '[--start-maximized, --disable-gpu, --no-proxy-server, â€“-no-sandbox, --allow-running-insecure-content, --ignore-certificate-errors, window-size=1680,814, force-device-scale-factor=2, --lang=en-GB]']

2021-01-21 15:49:19 - [MESSAGE][INFO] - User set preference: ['prefs', '{download.default_directory=/Users/chaidir.pratama01/Katalon Studio/IST_Automation_Git/Download}']

2021-01-21 15:49:19 - [MESSAGE][INFO] - Action delay is set to 0 milliseconds

2021-01-21 15:49:19 - [MESSAGE][PASSED] - Browser is opened with url: ''

2021-01-21 15:49:20 - [MESSAGE][PASSED] - Navigate to 'https://dev-istools.homecredit.id/foundation/' successfully

2021-01-21 15:49:20 - [MESSAGE][PASSED] - Go to ISTools

2021-01-21 15:49:20 - [TEST_STEP][PASSED] - Login IST with valid credentials: Login IST with valid credentials

2021-01-21 15:49:20 - [MESSAGE][PASSED] - Text 'mobile.test' is set on object 'Object Repository/Page_/input_Username_j_username'

2021-01-21 15:49:20 - [MESSAGE][PASSED] - Text ****** has been set on object 'Object Repository/Page_/input_Password_j_password'

2021-01-21 15:49:21 - [MESSAGE][PASSED] - Object: 'Object Repository/Page_/button_Login' is clicked on

2021-01-21 15:49:21 - [MESSAGE][PASSED] - Login IST with valid credentials

2021-01-21 15:49:21 - [TEST_STEP][PASSED] - Login Success: Login Success

2021-01-21 15:49:21 - [MESSAGE][INFO] - Login Success

2021-01-21 15:49:21 - [MESSAGE][PASSED] - Current window maximized

2021-01-21 15:49:21 - [MESSAGE][PASSED] - Object 'Object Repository/Page_/h1_Welcome to IT Supporting Tools' is present

2021-01-21 15:49:21 - [MESSAGE][PASSED] - Login Success

2021-01-21 15:49:21 - [TEST_STEP][PASSED] - Select Arrow Menu "Real Time Disbursement": Select Arrow Menu "Real Time Disbursement"

2021-01-21 15:49:21 - [MESSAGE][PASSED] - Object: '' is clicked on

2021-01-21 15:49:21 - [MESSAGE][PASSED] - Select Arrow Menu "Real Time Disbursement"

2021-01-21 15:49:21 - [TEST_STEP][PASSED] - Select Menu "Partner Disbursement SBO": Select Menu "Partner Disbursement SBO"

2021-01-21 15:49:21 - [MESSAGE][PASSED] - Taking screenshot successfully
[[ATTACHMENT|/Users/chaidir.pratama01/Documents/Docs/Katalon Studio/Screenshot/test-Partner Disbursement SBO.png]]

2021-01-21 15:49:21 - [MESSAGE][PASSED] - Object '' is present

2021-01-21 15:49:22 - [MESSAGE][PASSED] - Object: '' is clicked on

2021-01-21 15:49:22 - [MESSAGE][PASSED] - Wait for page load successfully

2021-01-21 15:49:22 - [MESSAGE][PASSED] - Select Menu "Partner Disbursement SBO"

2021-01-21 15:49:22 - [TEST_STEP][PASSED] - Select STATUS "Hold Payment Insufficient Fund": Select STATUS "Hold Payment Insufficient Fund"

2021-01-21 15:49:22 - [MESSAGE][PASSED] - All options with value 'Hold Payment Insufficient Fund' are selected in object ''  using regular expression

2021-01-21 15:49:22 - [MESSAGE][PASSED] - Select STATUS "Hold Payment Insufficient Fund"

2021-01-21 15:49:22 - [TEST_STEP][PASSED] - Click button "Search": Click button "Search"

2021-01-21 15:49:22 - [MESSAGE][INFO] - >>>>>//Button[contains(text(),'Search')]

2021-01-21 15:49:25 - [MESSAGE][PASSED] - Object '' is present

2021-01-21 15:49:25 - [MESSAGE][PASSED] - Object: '' is clicked on

2021-01-21 15:49:25 - [MESSAGE][PASSED] - Switched to window with index: '0'

2021-01-21 15:49:25 - [MESSAGE][PASSED] - Click button "Search"

2021-01-21 15:49:25 - [TEST_STEP][PASSED] - Verify Search Result Presents: Verify Search Result Presents

2021-01-21 15:49:56 - [MESSAGE][INFO] - Unable to find the element located by 'By.xpath: //td[@style='display:none' and contains(text(),'-Empty-')]'. Please recheck the objects properties to make sure the desired element is located. 

2021-01-21 15:49:57 - [MESSAGE][WARNING] - com.kms.katalon.core.webui.exception.WebElementNotFoundException: Web element with id: '' located by '//td[@style='display:none' and contains(text(),'-Empty-')]' not found (Root cause: com.kms.katalon.core.exception.StepFailedException: com.kms.katalon.core.webui.exception.WebElementNotFoundException: Web element with id: '' located by '//td[@style='display:none' and contains(text(),'-Empty-')]' not found
	at com.kms.katalon.core.webui.keyword.internal.WebUIKeywordMain.stepFailed(WebUIKeywordMain.groovy:64)
	at com.kms.katalon.core.webui.keyword.builtin.VerifyElementPresentKeyword$_verifyElementPresent_closure1.doCall(VerifyElementPresentKeyword.groovy:85)
	at com.kms.katalon.core.webui.keyword.builtin.VerifyElementPresentKeyword$_verifyElementPresent_closure1.call(VerifyElementPresentKeyword.groovy)
	at com.kms.katalon.core.webui.keyword.internal.WebUIKeywordMain.runKeyword(WebUIKeywordMain.groovy:20)
	at com.kms.katalon.core.webui.keyword.builtin.VerifyElementPresentKeyword.verifyElementPresent(VerifyElementPresentKeyword.groovy:92)
	at com.kms.katalon.core.webui.keyword.builtin.VerifyElementPresentKeyword.execute(VerifyElementPresentKeyword.groovy:68)
	at com.kms.katalon.core.keyword.internal.KeywordExecutor.executeKeywordForPlatform(KeywordExecutor.groovy:73)
	at com.kms.katalon.core.webui.keyword.WebUiBuiltInKeywords.verifyElementPresent(WebUiBuiltInKeywords.groovy:1444)
	at com.kms.katalon.core.webui.keyword.WebUiBuiltInKeywords$verifyElementPresent$11.call(Unknown Source)
	at ist_real.Contract_Dispatcher.VerifyTblFilled(Contract_Dispatcher.groovy:1313)
	at ist_real.Contract_Dispatcher$VerifyTblFilled$0.call(Unknown Source)
	at RTD.Search_Result_Presents(RTD.groovy:187)
	at cucumber.runtime.Utils$1.call(Utils.java:26)
	at cucumber.runtime.Timeout.timeout(Timeout.java:16)
	at cucumber.runtime.Utils.invoke(Utils.java:20)
	at cucumber.runtime.java.JavaStepDefinition.execute(JavaStepDefinition.java:48)
	at cucumber.runtime.PickleStepDefinitionMatch.runStep(PickleStepDefinitionMatch.java:50)
	at cucumber.runner.TestStep.executeStep(TestStep.java:55)
	at cucumber.runner.TestStep.run(TestStep.java:42)
	at cucumber.runner.PickleStepTestStep.run(PickleStepTestStep.java:53)
	at cucumber.runner.TestCase.run(TestCase.java:47)
	at cucumber.runner.Runner.runPickle(Runner.java:44)
	at cucumber.runtime.Runtime.runFeature(Runtime.java:120)
	at cucumber.runtime.Runtime.run(Runtime.java:106)
	at cucumber.api.cli.Main.run(Main.java:35)
	at cucumber.api.cli.Main$run.call(Unknown Source)
	at com.kms.katalon.core.cucumber.keyword.CucumberBuiltinKeywords$_runFeatureFile_closure1.doCall(CucumberBuiltinKeywords.groovy:76)
	at com.kms.katalon.core.cucumber.keyword.CucumberBuiltinKeywords$_runFeatureFile_closure1.doCall(CucumberBuiltinKeywords.groovy)
	at com.kms.katalon.core.keyword.internal.KeywordMain.runKeyword(KeywordMain.groovy:68)
	at com.kms.katalon.core.keyword.internal.KeywordMain$runKeyword.call(Unknown Source)
	at com.kms.katalon.core.cucumber.keyword.CucumberBuiltinKeywords.runFeatureFile(CucumberBuiltinKeywords.groovy:46)
	at com.kms.katalon.core.cucumber.keyword.CucumberBuiltinKeywords$runFeatureFile$0.callStatic(Unknown Source)
	at com.kms.katalon.core.cucumber.keyword.CucumberBuiltinKeywords.runFeatureFile(CucumberBuiltinKeywords.groovy:169)
	at com.kms.katalon.core.cucumber.keyword.CucumberBuiltinKeywords$runFeatureFile.call(Unknown Source)
	at TC_Search_by_STATUS.run(TC_Search_by_STATUS:18)
	at com.kms.katalon.core.main.ScriptEngine.run(ScriptEngine.java:194)
	at com.kms.katalon.core.main.ScriptEngine.runScriptAsRawText(ScriptEngine.java:119)
	at com.kms.katalon.core.main.TestCaseExecutor.runScript(TestCaseExecutor.java:339)
	at com.kms.katalon.core.main.TestCaseExecutor.doExecute(TestCaseExecutor.java:330)
	at com.kms.katalon.core.main.TestCaseExecutor.processExecutionPhase(TestCaseExecutor.java:309)
	at com.kms.katalon.core.main.TestCaseExecutor.accessMainPhase(TestCaseExecutor.java:301)
	at com.kms.katalon.core.main.TestCaseExecutor.execute(TestCaseExecutor.java:235)
	at com.kms.katalon.core.main.TestSuiteExecutor.accessTestCaseMainPhase(TestSuiteExecutor.java:191)
	at com.kms.katalon.core.main.TestSuiteExecutor.accessTestSuiteMainPhase(TestSuiteExecutor.java:141)
	at com.kms.katalon.core.main.TestSuiteExecutor.execute(TestSuiteExecutor.java:90)
	at com.kms.katalon.core.main.TestCaseMain.startTestSuite(TestCaseMain.java:157)
	at com.kms.katalon.core.main.TestCaseMain$startTestSuite$0.call(Unknown Source)
	at TempTestSuite1611218216287.run(TempTestSuite1611218216287.groovy:39)
)
[[ATTACHMENT|/Users/chaidir.pratama01/Katalon Studio/IST_Automation_Git/Reports/20210121_153655/RTD/TS_Partner_Disbursement_SBO/20210121_153656/1611218996621.png]]

2021-01-21 15:49:57 - [MESSAGE][PASSED] - Verify Search Result Presents

2021-01-21 15:49:57 - [TEST_STEP][PASSED] - Click button "Logout": Click button "Logout"

2021-01-21 15:49:57 - [MESSAGE][INFO] - >>>>>//Button[contains(text(),'Logout')]

2021-01-21 15:50:00 - [MESSAGE][PASSED] - Object '' is present

2021-01-21 15:50:00 - [MESSAGE][PASSED] - Object: '' is clicked on

2021-01-21 15:50:00 - [MESSAGE][PASSED] - Switched to window with index: '0'

2021-01-21 15:50:00 - [MESSAGE][PASSED] - Click button "Logout"

2021-01-21 15:50:00 - [TEST_STEP][PASSED] - Close browser: Close browser

2021-01-21 15:50:00 - [MESSAGE][PASSED] - Browser is closed

2021-01-21 15:50:00 - [MESSAGE][PASSED] - Close browser

2021-01-21 15:50:00 - [MESSAGE][FAILED] - Feature file 'Include/features/IST_Real/RTD/Partner Disbursement SBO/Search_by_STATUS.feature' was failed

2021-01-21 15:50:00 - [MESSAGE][FAILED] - Keyword runFeatureFile was failed (Root cause: com.kms.katalon.core.exception.StepFailedException: Feature file 'Include/features/IST_Real/RTD/Partner Disbursement SBO/Search_by_STATUS.feature' was failed
	at com.kms.katalon.core.keyword.internal.KeywordMain.stepFailed(KeywordMain.groovy:50)
	at com.kms.katalon.core.keyword.internal.KeywordMain.stepFailed(KeywordMain.groovy)
	at com.kms.katalon.core.keyword.internal.KeywordMain.stepFailed(KeywordMain.groovy:23)
	at com.kms.katalon.core.keyword.internal.KeywordMain$stepFailed$0.call(Unknown Source)
	at com.kms.katalon.core.cucumber.keyword.CucumberBuiltinKeywords$_runFeatureFile_closure1.doCall(CucumberBuiltinKeywords.groovy:82)
	at com.kms.katalon.core.cucumber.keyword.CucumberBuiltinKeywords$_runFeatureFile_closure1.doCall(CucumberBuiltinKeywords.groovy)
	at com.kms.katalon.core.keyword.internal.KeywordMain.runKeyword(KeywordMain.groovy:68)
	at com.kms.katalon.core.keyword.internal.KeywordMain$runKeyword.call(Unknown Source)
	at com.kms.katalon.core.cucumber.keyword.CucumberBuiltinKeywords.runFeatureFile(CucumberBuiltinKeywords.groovy:46)
	at com.kms.katalon.core.cucumber.keyword.CucumberBuiltinKeywords$runFeatureFile$0.callStatic(Unknown Source)
	at com.kms.katalon.core.cucumber.keyword.CucumberBuiltinKeywords.runFeatureFile(CucumberBuiltinKeywords.groovy:169)
	at com.kms.katalon.core.cucumber.keyword.CucumberBuiltinKeywords$runFeatureFile.call(Unknown Source)
	at TC_Search_by_STATUS.run(TC_Search_by_STATUS:18)
	at com.kms.katalon.core.main.ScriptEngine.run(ScriptEngine.java:194)
	at com.kms.katalon.core.main.ScriptEngine.runScriptAsRawText(ScriptEngine.java:119)
	at com.kms.katalon.core.main.TestCaseExecutor.runScript(TestCaseExecutor.java:339)
	at com.kms.katalon.core.main.TestCaseExecutor.doExecute(TestCaseExecutor.java:330)
	at com.kms.katalon.core.main.TestCaseExecutor.processExecutionPhase(TestCaseExecutor.java:309)
	at com.kms.katalon.core.main.TestCaseExecutor.accessMainPhase(TestCaseExecutor.java:301)
	at com.kms.katalon.core.main.TestCaseExecutor.execute(TestCaseExecutor.java:235)
	at com.kms.katalon.core.main.TestSuiteExecutor.accessTestCaseMainPhase(TestSuiteExecutor.java:191)
	at com.kms.katalon.core.main.TestSuiteExecutor.accessTestSuiteMainPhase(TestSuiteExecutor.java:141)
	at com.kms.katalon.core.main.TestSuiteExecutor.execute(TestSuiteExecutor.java:90)
	at com.kms.katalon.core.main.TestCaseMain.startTestSuite(TestCaseMain.java:157)
	at com.kms.katalon.core.main.TestCaseMain$startTestSuite$0.call(Unknown Source)
	at TempTestSuite1611218216287.run(TempTestSuite1611218216287.groovy:39)
)]]></system-out>
         <system-err><![CDATA[2021-01-21 15:41:37 - [TEST_CASE][FAILED] - Test Cases/RTD/Partner Disbursement SBO/TC_Search_by_STATUS: Test Cases/RTD/Partner Disbursement SBO/TC_Search_by_STATUS FAILED.
Reason:
com.kms.katalon.core.exception.StepFailedException: Feature file 'Include/features/IST_Real/RTD/Partner Disbursement SBO/Search_by_STATUS.feature' was failed
	at com.kms.katalon.core.keyword.internal.KeywordMain.stepFailed(KeywordMain.groovy:50)
	at com.kms.katalon.core.keyword.internal.KeywordMain.stepFailed(KeywordMain.groovy)
	at com.kms.katalon.core.keyword.internal.KeywordMain.stepFailed(KeywordMain.groovy:23)
	at com.kms.katalon.core.keyword.internal.KeywordMain$stepFailed$0.call(Unknown Source)
	at com.kms.katalon.core.cucumber.keyword.CucumberBuiltinKeywords$_runFeatureFile_closure1.doCall(CucumberBuiltinKeywords.groovy:82)
	at com.kms.katalon.core.cucumber.keyword.CucumberBuiltinKeywords$_runFeatureFile_closure1.doCall(CucumberBuiltinKeywords.groovy)
	at com.kms.katalon.core.keyword.internal.KeywordMain.runKeyword(KeywordMain.groovy:68)
	at com.kms.katalon.core.keyword.internal.KeywordMain$runKeyword.call(Unknown Source)
	at com.kms.katalon.core.cucumber.keyword.CucumberBuiltinKeywords.runFeatureFile(CucumberBuiltinKeywords.groovy:46)
	at com.kms.katalon.core.cucumber.keyword.CucumberBuiltinKeywords$runFeatureFile$0.callStatic(Unknown Source)
	at com.kms.katalon.core.cucumber.keyword.CucumberBuiltinKeywords.runFeatureFile(CucumberBuiltinKeywords.groovy:169)
	at com.kms.katalon.core.cucumber.keyword.CucumberBuiltinKeywords$runFeatureFile.call(Unknown Source)
	at TC_Search_by_STATUS.run(TC_Search_by_STATUS:18)
	at com.kms.katalon.core.main.ScriptEngine.run(ScriptEngine.java:194)
	at com.kms.katalon.core.main.ScriptEngine.runScriptAsRawText(ScriptEngine.java:119)
	at com.kms.katalon.core.main.TestCaseExecutor.runScript(TestCaseExecutor.java:339)
	at com.kms.katalon.core.main.TestCaseExecutor.doExecute(TestCaseExecutor.java:330)
	at com.kms.katalon.core.main.TestCaseExecutor.processExecutionPhase(TestCaseExecutor.java:309)
	at com.kms.katalon.core.main.TestCaseExecutor.accessMainPhase(TestCaseExecutor.java:301)
	at com.kms.katalon.core.main.TestCaseExecutor.execute(TestCaseExecutor.java:235)
	at com.kms.katalon.core.main.TestSuiteExecutor.accessTestCaseMainPhase(TestSuiteExecutor.java:191)
	at com.kms.katalon.core.main.TestSuiteExecutor.accessTestSuiteMainPhase(TestSuiteExecutor.java:141)
	at com.kms.katalon.core.main.TestSuiteExecutor.execute(TestSuiteExecutor.java:90)
	at com.kms.katalon.core.main.TestCaseMain.startTestSuite(TestCaseMain.java:157)
	at com.kms.katalon.core.main.TestCaseMain$startTestSuite$0.call(Unknown Source)
	at TempTestSuite1611218216287.run(TempTestSuite1611218216287.groovy:39)]]></system-err>
      </testcase>
      <testcase name="Test Cases/RTD/Partner Disbursement SBO/TC_Search_by_OrderID" time="3.555" classname="Test Cases/RTD/Partner Disbursement SBO/TC_Search_by_OrderID" status="FAILED">
         <failure type="FAILED" message="Test Cases/RTD/Partner Disbursement SBO/TC_Search_by_OrderID FAILED.
Reason:
com.kms.katalon.core.exception.StepFailedException: Feature file 'Include/features/IST_Real/RTD/Partner Disbursement SBO/Search_by_OrderID.feature' was failed
	at com.kms.katalon.core.keyword.internal.KeywordMain.stepFailed(KeywordMain.groovy:50)
	at com.kms.katalon.core.keyword.internal.KeywordMain.stepFailed(KeywordMain.groovy)
	at com.kms.katalon.core.keyword.internal.KeywordMain.stepFailed(KeywordMain.groovy:23)
	at com.kms.katalon.core.keyword.internal.KeywordMain$stepFailed$0.call(Unknown Source)
	at com.kms.katalon.core.cucumber.keyword.CucumberBuiltinKeywords$_runFeatureFile_closure1.doCall(CucumberBuiltinKeywords.groovy:82)
	at com.kms.katalon.core.cucumber.keyword.CucumberBuiltinKeywords$_runFeatureFile_closure1.doCall(CucumberBuiltinKeywords.groovy)
	at com.kms.katalon.core.keyword.internal.KeywordMain.runKeyword(KeywordMain.groovy:68)
	at com.kms.katalon.core.keyword.internal.KeywordMain$runKeyword.call(Unknown Source)
	at com.kms.katalon.core.cucumber.keyword.CucumberBuiltinKeywords.runFeatureFile(CucumberBuiltinKeywords.groovy:46)
	at com.kms.katalon.core.cucumber.keyword.CucumberBuiltinKeywords$runFeatureFile$0.callStatic(Unknown Source)
	at com.kms.katalon.core.cucumber.keyword.CucumberBuiltinKeywords.runFeatureFile(CucumberBuiltinKeywords.groovy:169)
	at com.kms.katalon.core.cucumber.keyword.CucumberBuiltinKeywords$runFeatureFile.call(Unknown Source)
	at TC_Search_by_OrderID.run(TC_Search_by_OrderID:18)
	at com.kms.katalon.core.main.ScriptEngine.run(ScriptEngine.java:194)
	at com.kms.katalon.core.main.ScriptEngine.runScriptAsRawText(ScriptEngine.java:119)
	at com.kms.katalon.core.main.TestCaseExecutor.runScript(TestCaseExecutor.java:339)
	at com.kms.katalon.core.main.TestCaseExecutor.doExecute(TestCaseExecutor.java:330)
	at com.kms.katalon.core.main.TestCaseExecutor.processExecutionPhase(TestCaseExecutor.java:309)
	at com.kms.katalon.core.main.TestCaseExecutor.accessMainPhase(TestCaseExecutor.java:301)
	at com.kms.katalon.core.main.TestCaseExecutor.execute(TestCaseExecutor.java:235)
	at com.kms.katalon.core.main.TestSuiteExecutor.accessTestCaseMainPhase(TestSuiteExecutor.java:191)
	at com.kms.katalon.core.main.TestSuiteExecutor.accessTestSuiteMainPhase(TestSuiteExecutor.java:141)
	at com.kms.katalon.core.main.TestSuiteExecutor.execute(TestSuiteExecutor.java:90)
	at com.kms.katalon.core.main.TestCaseMain.startTestSuite(TestCaseMain.java:157)
	at com.kms.katalon.core.main.TestCaseMain$startTestSuite$0.call(Unknown Source)
	at TempTestSuite1611218216287.run(TempTestSuite1611218216287.groovy:39)
"/>
         <system-out><![CDATA[2021-01-21 15:50:00 - [TEST_CASE][FAILED] - Test Cases/RTD/Partner Disbursement SBO/TC_Search_by_OrderID: Test Cases/RTD/Partner Disbursement SBO/TC_Search_by_OrderID FAILED.
Reason:
com.kms.katalon.core.exception.StepFailedException: Feature file 'Include/features/IST_Real/RTD/Partner Disbursement SBO/Search_by_OrderID.feature' was failed
	at com.kms.katalon.core.keyword.internal.KeywordMain.stepFailed(KeywordMain.groovy:50)
	at com.kms.katalon.core.keyword.internal.KeywordMain.stepFailed(KeywordMain.groovy)
	at com.kms.katalon.core.keyword.internal.KeywordMain.stepFailed(KeywordMain.groovy:23)
	at com.kms.katalon.core.keyword.internal.KeywordMain$stepFailed$0.call(Unknown Source)
	at com.kms.katalon.core.cucumber.keyword.CucumberBuiltinKeywords$_runFeatureFile_closure1.doCall(CucumberBuiltinKeywords.groovy:82)
	at com.kms.katalon.core.cucumber.keyword.CucumberBuiltinKeywords$_runFeatureFile_closure1.doCall(CucumberBuiltinKeywords.groovy)
	at com.kms.katalon.core.keyword.internal.KeywordMain.runKeyword(KeywordMain.groovy:68)
	at com.kms.katalon.core.keyword.internal.KeywordMain$runKeyword.call(Unknown Source)
	at com.kms.katalon.core.cucumber.keyword.CucumberBuiltinKeywords.runFeatureFile(CucumberBuiltinKeywords.groovy:46)
	at com.kms.katalon.core.cucumber.keyword.CucumberBuiltinKeywords$runFeatureFile$0.callStatic(Unknown Source)
	at com.kms.katalon.core.cucumber.keyword.CucumberBuiltinKeywords.runFeatureFile(CucumberBuiltinKeywords.groovy:169)
	at com.kms.katalon.core.cucumber.keyword.CucumberBuiltinKeywords$runFeatureFile.call(Unknown Source)
	at TC_Search_by_OrderID.run(TC_Search_by_OrderID:18)
	at com.kms.katalon.core.main.ScriptEngine.run(ScriptEngine.java:194)
	at com.kms.katalon.core.main.ScriptEngine.runScriptAsRawText(ScriptEngine.java:119)
	at com.kms.katalon.core.main.TestCaseExecutor.runScript(TestCaseExecutor.java:339)
	at com.kms.katalon.core.main.TestCaseExecutor.doExecute(TestCaseExecutor.java:330)
	at com.kms.katalon.core.main.TestCaseExecutor.processExecutionPhase(TestCaseExecutor.java:309)
	at com.kms.katalon.core.main.TestCaseExecutor.accessMainPhase(TestCaseExecutor.java:301)
	at com.kms.katalon.core.main.TestCaseExecutor.execute(TestCaseExecutor.java:235)
	at com.kms.katalon.core.main.TestSuiteExecutor.accessTestCaseMainPhase(TestSuiteExecutor.java:191)
	at com.kms.katalon.core.main.TestSuiteExecutor.accessTestSuiteMainPhase(TestSuiteExecutor.java:141)
	at com.kms.katalon.core.main.TestSuiteExecutor.execute(TestSuiteExecutor.java:90)
	at com.kms.katalon.core.main.TestCaseMain.startTestSuite(TestCaseMain.java:157)
	at com.kms.katalon.core.main.TestCaseMain$startTestSuite$0.call(Unknown Source)
	at TempTestSuite1611218216287.run(TempTestSuite1611218216287.groovy:39)


2021-01-21 15:50:00 - [TEST_STEP][FAILED] - runFeatureFile("Include/features/IST_Real/RTD/Partner Disbursement SBO/Search_by_OrderID.feature"): Keyword runFeatureFile was failed (Root cause: com.kms.katalon.core.exception.StepFailedException: Feature file 'Include/features/IST_Real/RTD/Partner Disbursement SBO/Search_by_OrderID.feature' was failed
	at com.kms.katalon.core.keyword.internal.KeywordMain.stepFailed(KeywordMain.groovy:50)
	at com.kms.katalon.core.keyword.internal.KeywordMain.stepFailed(KeywordMain.groovy)
	at com.kms.katalon.core.keyword.internal.KeywordMain.stepFailed(KeywordMain.groovy:23)
	at com.kms.katalon.core.keyword.internal.KeywordMain$stepFailed$0.call(Unknown Source)
	at com.kms.katalon.core.cucumber.keyword.CucumberBuiltinKeywords$_runFeatureFile_closure1.doCall(CucumberBuiltinKeywords.groovy:82)
	at com.kms.katalon.core.cucumber.keyword.CucumberBuiltinKeywords$_runFeatureFile_closure1.doCall(CucumberBuiltinKeywords.groovy)
	at com.kms.katalon.core.keyword.internal.KeywordMain.runKeyword(KeywordMain.groovy:68)
	at com.kms.katalon.core.keyword.internal.KeywordMain$runKeyword.call(Unknown Source)
	at com.kms.katalon.core.cucumber.keyword.CucumberBuiltinKeywords.runFeatureFile(CucumberBuiltinKeywords.groovy:46)
	at com.kms.katalon.core.cucumber.keyword.CucumberBuiltinKeywords$runFeatureFile$0.callStatic(Unknown Source)
	at com.kms.katalon.core.cucumber.keyword.CucumberBuiltinKeywords.runFeatureFile(CucumberBuiltinKeywords.groovy:169)
	at com.kms.katalon.core.cucumber.keyword.CucumberBuiltinKeywords$runFeatureFile.call(Unknown Source)
	at TC_Search_by_OrderID.run(TC_Search_by_OrderID:18)
	at com.kms.katalon.core.main.ScriptEngine.run(ScriptEngine.java:194)
	at com.kms.katalon.core.main.ScriptEngine.runScriptAsRawText(ScriptEngine.java:119)
	at com.kms.katalon.core.main.TestCaseExecutor.runScript(TestCaseExecutor.java:339)
	at com.kms.katalon.core.main.TestCaseExecutor.doExecute(TestCaseExecutor.java:330)
	at com.kms.katalon.core.main.TestCaseExecutor.processExecutionPhase(TestCaseExecutor.java:309)
	at com.kms.katalon.core.main.TestCaseExecutor.accessMainPhase(TestCaseExecutor.java:301)
	at com.kms.katalon.core.main.TestCaseExecutor.execute(TestCaseExecutor.java:235)
	at com.kms.katalon.core.main.TestSuiteExecutor.accessTestCaseMainPhase(TestSuiteExecutor.java:191)
	at com.kms.katalon.core.main.TestSuiteExecutor.accessTestSuiteMainPhase(TestSuiteExecutor.java:141)
	at com.kms.katalon.core.main.TestSuiteExecutor.execute(TestSuiteExecutor.java:90)
	at com.kms.katalon.core.main.TestCaseMain.startTestSuite(TestCaseMain.java:157)
	at com.kms.katalon.core.main.TestCaseMain$startTestSuite$0.call(Unknown Source)
	at TempTestSuite1611218216287.run(TempTestSuite1611218216287.groovy:39)
)

2021-01-21 15:50:00 - [MESSAGE][INFO] - Starting run keyword runFeatureFile: 'Include/features/IST_Real/RTD/Partner Disbursement SBO/Search_by_OrderID.feature' and extract report to folder: '/Users/chaidir.pratama01/Katalon Studio/IST_Automation_Git/Reports/20210121_153655/RTD/TS_Partner_Disbursement_SBO/20210121_153656/cucumber_report/1611219000602'...

2021-01-21 15:50:00 - [TEST_CASE][FAILED] - Start Test Case : SCENARIO Search by Contract Number and it found on Dashboard: SCENARIO Search by Contract Number and it found on Dashboard FAILED.
Reason:
com.kms.katalon.core.exception.StepFailedException: Unable to set text '10037914991' of object ''
	at com.kms.katalon.core.webui.keyword.internal.WebUIKeywordMain.stepFailed(WebUIKeywordMain.groovy:64)
	at com.kms.katalon.core.webui.keyword.internal.WebUIKeywordMain.runKeyword(WebUIKeywordMain.groovy:26)
	at com.kms.katalon.core.webui.keyword.builtin.SetTextKeyword.setText(SetTextKeyword.groovy:66)
	at com.kms.katalon.core.webui.keyword.builtin.SetTextKeyword.execute(SetTextKeyword.groovy:37)
	at com.kms.katalon.core.keyword.internal.KeywordExecutor.executeKeywordForPlatform(KeywordExecutor.groovy:73)
	at com.kms.katalon.core.webui.keyword.WebUiBuiltInKeywords.setText(WebUiBuiltInKeywords.groovy:962)
	at com.kms.katalon.core.webui.keyword.WebUiBuiltInKeywords$setText$13.call(Unknown Source)
	at RTD.Input_label(RTD.groovy:337)
	at âœ½.Input "Order ID" for "Partner Disbursement"(/Users/chaidir.pratama01/Katalon Studio/IST_Automation_Git/Include/features/IST_Real/RTD/Partner Disbursement SBO/Search_by_OrderID.feature:32)
Caused by: org.openqa.selenium.InvalidElementStateException: invalid element state
  (Session info: headless chrome=87.0.4280.141)
Build info: version: '3.141.59', revision: 'e82be7d358', time: '2018-11-14T08:25:53'
System info: host: 'M-Chaidir-Pratama.local', ip: 'fe80:0:0:0:14e4:ed6f:bc3b:fd01%en0', os.name: 'Mac OS X', os.arch: 'x86_64', os.version: '10.15', java.version: '1.8.0_181'
Driver info: com.kms.katalon.selenium.driver.CChromeDriver
Capabilities {acceptInsecureCerts: false, browserName: chrome, browserVersion: 87.0.4280.141, chrome: {chromedriverVersion: 87.0.4280.88 (89e2380a3e36c..., userDataDir: /var/folders/0s/4_d154xd6dq...}, goog:chromeOptions: {debuggerAddress: localhost:57035}, javascriptEnabled: true, networkConnectionEnabled: false, pageLoadStrategy: normal, platform: MAC, platformName: MAC, proxy: Proxy(), setWindowRect: true, strictFileInteractability: false, timeouts: {implicit: 0, pageLoad: 300000, script: 30000}, unhandledPromptBehavior: dismiss and notify, webauthn:virtualAuthenticators: true}
Session ID: febb77d5349aebb7c2b5c67854fb8673
	at org.openqa.selenium.remote.http.W3CHttpResponseCodec.createException(W3CHttpResponseCodec.java:187)
	at org.openqa.selenium.remote.http.W3CHttpResponseCodec.decode(W3CHttpResponseCodec.java:122)
	at org.openqa.selenium.remote.http.W3CHttpResponseCodec.decode(W3CHttpResponseCodec.java:49)
	at org.openqa.selenium.remote.HttpCommandExecutor.execute(HttpCommandExecutor.java:158)
	at org.openqa.selenium.remote.service.DriverCommandExecutor.execute(DriverCommandExecutor.java:83)
	at org.openqa.selenium.remote.RemoteWebDriver.execute(RemoteWebDriver.java:552)
	at com.kms.katalon.selenium.driver.CChromeDriver.execute(CChromeDriver.java:19)
	at org.openqa.selenium.remote.RemoteWebElement.execute(RemoteWebElement.java:285)
	at org.openqa.selenium.remote.RemoteWebElement.clear(RemoteWebElement.java:124)
	at org.openqa.selenium.support.events.EventFiringWebDriver$EventFiringWebElement.lambda$new$0(EventFiringWebDriver.java:404)
	at com.sun.proxy.$Proxy21.clear(Unknown Source)
	at org.openqa.selenium.support.events.EventFiringWebDriver$EventFiringWebElement.clear(EventFiringWebDriver.java:436)
	at com.kms.katalon.core.webui.keyword.builtin.SetTextKeyword$_setText_closure1.doCall(SetTextKeyword.groovy:53)
	at com.kms.katalon.core.webui.keyword.builtin.SetTextKeyword$_setText_closure1.call(SetTextKeyword.groovy)
	at com.kms.katalon.core.webui.keyword.internal.WebUIKeywordMain.runKeyword(WebUIKeywordMain.groovy:20)
	at com.kms.katalon.core.webui.keyword.builtin.SetTextKeyword.setText(SetTextKeyword.groovy:66)
	at com.kms.katalon.core.webui.keyword.builtin.SetTextKeyword.execute(SetTextKeyword.groovy:37)
	at com.kms.katalon.core.keyword.internal.KeywordExecutor.executeKeywordForPlatform(KeywordExecutor.groovy:73)
	at com.kms.katalon.core.webui.keyword.WebUiBuiltInKeywords.setText(WebUiBuiltInKeywords.groovy:962)
	at com.kms.katalon.core.webui.keyword.WebUiBuiltInKeywords$setText$13.call(Unknown Source)
	at RTD.Input_label(RTD.groovy:337)
	at cucumber.runtime.Utils$1.call(Utils.java:26)
	at cucumber.runtime.Timeout.timeout(Timeout.java:16)
	at cucumber.runtime.Utils.invoke(Utils.java:20)
	at cucumber.runtime.java.JavaStepDefinition.execute(JavaStepDefinition.java:48)
	at cucumber.runtime.PickleStepDefinitionMatch.runStep(PickleStepDefinitionMatch.java:50)
	at cucumber.runner.TestStep.executeStep(TestStep.java:55)
	at cucumber.runner.TestStep.run(TestStep.java:42)
	at cucumber.runner.PickleStepTestStep.run(PickleStepTestStep.java:53)
	at cucumber.runner.TestCase.run(TestCase.java:47)
	at cucumber.runner.Runner.runPickle(Runner.java:44)
	at cucumber.runtime.Runtime.runFeature(Runtime.java:120)
	at cucumber.runtime.Runtime.run(Runtime.java:106)
	at cucumber.api.cli.Main.run(Main.java:35)
	at cucumber.api.cli.Main$run.call(Unknown Source)
	at com.kms.katalon.core.cucumber.keyword.CucumberBuiltinKeywords$_runFeatureFile_closure1.doCall(CucumberBuiltinKeywords.groovy:76)
	at com.kms.katalon.core.cucumber.keyword.CucumberBuiltinKeywords$_runFeatureFile_closure1.doCall(CucumberBuiltinKeywords.groovy)
	at com.kms.katalon.core.keyword.internal.KeywordMain.runKeyword(KeywordMain.groovy:68)
	at com.kms.katalon.core.keyword.internal.KeywordMain$runKeyword.call(Unknown Source)
	at com.kms.katalon.core.cucumber.keyword.CucumberBuiltinKeywords.runFeatureFile(CucumberBuiltinKeywords.groovy:46)
	at com.kms.katalon.core.cucumber.keyword.CucumberBuiltinKeywords$runFeatureFile$0.callStatic(Unknown Source)
	at com.kms.katalon.core.cucumber.keyword.CucumberBuiltinKeywords.runFeatureFile(CucumberBuiltinKeywords.groovy:169)
	at com.kms.katalon.core.cucumber.keyword.CucumberBuiltinKeywords$runFeatureFile.call(Unknown Source)
	at TC_Search_by_OrderID.run(TC_Search_by_OrderID:18)
	at com.kms.katalon.core.main.ScriptEngine.run(ScriptEngine.java:194)
	at com.kms.katalon.core.main.ScriptEngine.runScriptAsRawText(ScriptEngine.java:119)
	at com.kms.katalon.core.main.TestCaseExecutor.runScript(TestCaseExecutor.java:339)
	at com.kms.katalon.core.main.TestCaseExecutor.doExecute(TestCaseExecutor.java:330)
	at com.kms.katalon.core.main.TestCaseExecutor.processExecutionPhase(TestCaseExecutor.java:309)
	at com.kms.katalon.core.main.TestCaseExecutor.accessMainPhase(TestCaseExecutor.java:301)
	at com.kms.katalon.core.main.TestCaseExecutor.execute(TestCaseExecutor.java:235)
	at com.kms.katalon.core.main.TestSuiteExecutor.accessTestCaseMainPhase(TestSuiteExecutor.java:191)
	at com.kms.katalon.core.main.TestSuiteExecutor.accessTestSuiteMainPhase(TestSuiteExecutor.java:141)
	at com.kms.katalon.core.main.TestSuiteExecutor.execute(TestSuiteExecutor.java:90)
	at com.kms.katalon.core.main.TestCaseMain.startTestSuite(TestCaseMain.java:157)
	at com.kms.katalon.core.main.TestCaseMain$startTestSuite$0.call(Unknown Source)
	at TempTestSuite1611218216287.run(TempTestSuite1611218216287.groovy:39)


2021-01-21 15:50:00 - [TEST_STEP][PASSED] - Go to ISTools: Go to ISTools

2021-01-21 15:50:00 - [MESSAGE][INFO] - Starting 'Chrome (headless)' driver

2021-01-21 15:50:00 - [MESSAGE][INFO] - User set preference: ['args', '[--start-maximized, --disable-gpu, --no-proxy-server, â€“-no-sandbox, --allow-running-insecure-content, --ignore-certificate-errors, window-size=1680,814, force-device-scale-factor=2, --lang=en-GB]']

2021-01-21 15:50:00 - [MESSAGE][INFO] - User set preference: ['prefs', '{download.default_directory=/Users/chaidir.pratama01/Katalon Studio/IST_Automation_Git/Download}']

2021-01-21 15:50:00 - [MESSAGE][INFO] - Action delay is set to 0 milliseconds

2021-01-21 15:50:01 - [MESSAGE][PASSED] - Browser is opened with url: ''

2021-01-21 15:50:01 - [MESSAGE][PASSED] - Navigate to 'https://dev-istools.homecredit.id/foundation/' successfully

2021-01-21 15:50:01 - [MESSAGE][PASSED] - Go to ISTools

2021-01-21 15:50:01 - [TEST_STEP][PASSED] - Login IST with valid credentials: Login IST with valid credentials

2021-01-21 15:50:01 - [MESSAGE][PASSED] - Text 'mobile.test' is set on object 'Object Repository/Page_/input_Username_j_username'

2021-01-21 15:50:02 - [MESSAGE][PASSED] - Text ****** has been set on object 'Object Repository/Page_/input_Password_j_password'

2021-01-21 15:50:02 - [MESSAGE][PASSED] - Object: 'Object Repository/Page_/button_Login' is clicked on

2021-01-21 15:50:02 - [MESSAGE][PASSED] - Login IST with valid credentials

2021-01-21 15:50:02 - [TEST_STEP][PASSED] - Login Success: Login Success

2021-01-21 15:50:02 - [MESSAGE][INFO] - Login Success

2021-01-21 15:50:02 - [MESSAGE][PASSED] - Current window maximized

2021-01-21 15:50:02 - [MESSAGE][PASSED] - Object 'Object Repository/Page_/h1_Welcome to IT Supporting Tools' is present

2021-01-21 15:50:02 - [MESSAGE][PASSED] - Login Success

2021-01-21 15:50:02 - [TEST_STEP][PASSED] - Select Arrow Menu "Real Time Disbursement": Select Arrow Menu "Real Time Disbursement"

2021-01-21 15:50:02 - [MESSAGE][PASSED] - Object: '' is clicked on

2021-01-21 15:50:02 - [MESSAGE][PASSED] - Select Arrow Menu "Real Time Disbursement"

2021-01-21 15:50:02 - [TEST_STEP][PASSED] - Select Menu "Partner Disbursement SBO": Select Menu "Partner Disbursement SBO"

2021-01-21 15:50:03 - [MESSAGE][PASSED] - Taking screenshot successfully
[[ATTACHMENT|/Users/chaidir.pratama01/Documents/Docs/Katalon Studio/Screenshot/test-Partner Disbursement SBO.png]]

2021-01-21 15:50:03 - [MESSAGE][PASSED] - Object '' is present

2021-01-21 15:50:03 - [MESSAGE][PASSED] - Object: '' is clicked on

2021-01-21 15:50:03 - [MESSAGE][PASSED] - Wait for page load successfully

2021-01-21 15:50:03 - [MESSAGE][PASSED] - Select Menu "Partner Disbursement SBO"

2021-01-21 15:50:03 - [TEST_STEP][FAILED] - Input "Order ID" for "Partner Disbursement": Input "Order ID" for "Partner Disbursement" FAILED.
Reason:
com.kms.katalon.core.exception.StepFailedException: Unable to set text '10037914991' of object ''
	at com.kms.katalon.core.webui.keyword.internal.WebUIKeywordMain.stepFailed(WebUIKeywordMain.groovy:64)
	at com.kms.katalon.core.webui.keyword.internal.WebUIKeywordMain.runKeyword(WebUIKeywordMain.groovy:26)
	at com.kms.katalon.core.webui.keyword.builtin.SetTextKeyword.setText(SetTextKeyword.groovy:66)
	at com.kms.katalon.core.webui.keyword.builtin.SetTextKeyword.execute(SetTextKeyword.groovy:37)
	at com.kms.katalon.core.keyword.internal.KeywordExecutor.executeKeywordForPlatform(KeywordExecutor.groovy:73)
	at com.kms.katalon.core.webui.keyword.WebUiBuiltInKeywords.setText(WebUiBuiltInKeywords.groovy:962)
	at com.kms.katalon.core.webui.keyword.WebUiBuiltInKeywords$setText$13.call(Unknown Source)
	at RTD.Input_label(RTD.groovy:337)
	at âœ½.Input "Order ID" for "Partner Disbursement"(/Users/chaidir.pratama01/Katalon Studio/IST_Automation_Git/Include/features/IST_Real/RTD/Partner Disbursement SBO/Search_by_OrderID.feature:32)
Caused by: org.openqa.selenium.InvalidElementStateException: invalid element state
  (Session info: headless chrome=87.0.4280.141)
Build info: version: '3.141.59', revision: 'e82be7d358', time: '2018-11-14T08:25:53'
System info: host: 'M-Chaidir-Pratama.local', ip: 'fe80:0:0:0:14e4:ed6f:bc3b:fd01%en0', os.name: 'Mac OS X', os.arch: 'x86_64', os.version: '10.15', java.version: '1.8.0_181'
Driver info: com.kms.katalon.selenium.driver.CChromeDriver
Capabilities {acceptInsecureCerts: false, browserName: chrome, browserVersion: 87.0.4280.141, chrome: {chromedriverVersion: 87.0.4280.88 (89e2380a3e36c..., userDataDir: /var/folders/0s/4_d154xd6dq...}, goog:chromeOptions: {debuggerAddress: localhost:57035}, javascriptEnabled: true, networkConnectionEnabled: false, pageLoadStrategy: normal, platform: MAC, platformName: MAC, proxy: Proxy(), setWindowRect: true, strictFileInteractability: false, timeouts: {implicit: 0, pageLoad: 300000, script: 30000}, unhandledPromptBehavior: dismiss and notify, webauthn:virtualAuthenticators: true}
Session ID: febb77d5349aebb7c2b5c67854fb8673
	at org.openqa.selenium.remote.http.W3CHttpResponseCodec.createException(W3CHttpResponseCodec.java:187)
	at org.openqa.selenium.remote.http.W3CHttpResponseCodec.decode(W3CHttpResponseCodec.java:122)
	at org.openqa.selenium.remote.http.W3CHttpResponseCodec.decode(W3CHttpResponseCodec.java:49)
	at org.openqa.selenium.remote.HttpCommandExecutor.execute(HttpCommandExecutor.java:158)
	at org.openqa.selenium.remote.service.DriverCommandExecutor.execute(DriverCommandExecutor.java:83)
	at org.openqa.selenium.remote.RemoteWebDriver.execute(RemoteWebDriver.java:552)
	at com.kms.katalon.selenium.driver.CChromeDriver.execute(CChromeDriver.java:19)
	at org.openqa.selenium.remote.RemoteWebElement.execute(RemoteWebElement.java:285)
	at org.openqa.selenium.remote.RemoteWebElement.clear(RemoteWebElement.java:124)
	at org.openqa.selenium.support.events.EventFiringWebDriver$EventFiringWebElement.lambda$new$0(EventFiringWebDriver.java:404)
	at com.sun.proxy.$Proxy21.clear(Unknown Source)
	at org.openqa.selenium.support.events.EventFiringWebDriver$EventFiringWebElement.clear(EventFiringWebDriver.java:436)
	at com.kms.katalon.core.webui.keyword.builtin.SetTextKeyword$_setText_closure1.doCall(SetTextKeyword.groovy:53)
	at com.kms.katalon.core.webui.keyword.builtin.SetTextKeyword$_setText_closure1.call(SetTextKeyword.groovy)
	at com.kms.katalon.core.webui.keyword.internal.WebUIKeywordMain.runKeyword(WebUIKeywordMain.groovy:20)
	at com.kms.katalon.core.webui.keyword.builtin.SetTextKeyword.setText(SetTextKeyword.groovy:66)
	at com.kms.katalon.core.webui.keyword.builtin.SetTextKeyword.execute(SetTextKeyword.groovy:37)
	at com.kms.katalon.core.keyword.internal.KeywordExecutor.executeKeywordForPlatform(KeywordExecutor.groovy:73)
	at com.kms.katalon.core.webui.keyword.WebUiBuiltInKeywords.setText(WebUiBuiltInKeywords.groovy:962)
	at com.kms.katalon.core.webui.keyword.WebUiBuiltInKeywords$setText$13.call(Unknown Source)
	at RTD.Input_label(RTD.groovy:337)
	at cucumber.runtime.Utils$1.call(Utils.java:26)
	at cucumber.runtime.Timeout.timeout(Timeout.java:16)
	at cucumber.runtime.Utils.invoke(Utils.java:20)
	at cucumber.runtime.java.JavaStepDefinition.execute(JavaStepDefinition.java:48)
	at cucumber.runtime.PickleStepDefinitionMatch.runStep(PickleStepDefinitionMatch.java:50)
	at cucumber.runner.TestStep.executeStep(TestStep.java:55)
	at cucumber.runner.TestStep.run(TestStep.java:42)
	at cucumber.runner.PickleStepTestStep.run(PickleStepTestStep.java:53)
	at cucumber.runner.TestCase.run(TestCase.java:47)
	at cucumber.runner.Runner.runPickle(Runner.java:44)
	at cucumber.runtime.Runtime.runFeature(Runtime.java:120)
	at cucumber.runtime.Runtime.run(Runtime.java:106)
	at cucumber.api.cli.Main.run(Main.java:35)
	at cucumber.api.cli.Main$run.call(Unknown Source)
	at com.kms.katalon.core.cucumber.keyword.CucumberBuiltinKeywords$_runFeatureFile_closure1.doCall(CucumberBuiltinKeywords.groovy:76)
	at com.kms.katalon.core.cucumber.keyword.CucumberBuiltinKeywords$_runFeatureFile_closure1.doCall(CucumberBuiltinKeywords.groovy)
	at com.kms.katalon.core.keyword.internal.KeywordMain.runKeyword(KeywordMain.groovy:68)
	at com.kms.katalon.core.keyword.internal.KeywordMain$runKeyword.call(Unknown Source)
	at com.kms.katalon.core.cucumber.keyword.CucumberBuiltinKeywords.runFeatureFile(CucumberBuiltinKeywords.groovy:46)
	at com.kms.katalon.core.cucumber.keyword.CucumberBuiltinKeywords$runFeatureFile$0.callStatic(Unknown Source)
	at com.kms.katalon.core.cucumber.keyword.CucumberBuiltinKeywords.runFeatureFile(CucumberBuiltinKeywords.groovy:169)
	at com.kms.katalon.core.cucumber.keyword.CucumberBuiltinKeywords$runFeatureFile.call(Unknown Source)
	at TC_Search_by_OrderID.run(TC_Search_by_OrderID:18)
	at com.kms.katalon.core.main.ScriptEngine.run(ScriptEngine.java:194)
	at com.kms.katalon.core.main.ScriptEngine.runScriptAsRawText(ScriptEngine.java:119)
	at com.kms.katalon.core.main.TestCaseExecutor.runScript(TestCaseExecutor.java:339)
	at com.kms.katalon.core.main.TestCaseExecutor.doExecute(TestCaseExecutor.java:330)
	at com.kms.katalon.core.main.TestCaseExecutor.processExecutionPhase(TestCaseExecutor.java:309)
	at com.kms.katalon.core.main.TestCaseExecutor.accessMainPhase(TestCaseExecutor.java:301)
	at com.kms.katalon.core.main.TestCaseExecutor.execute(TestCaseExecutor.java:235)
	at com.kms.katalon.core.main.TestSuiteExecutor.accessTestCaseMainPhase(TestSuiteExecutor.java:191)
	at com.kms.katalon.core.main.TestSuiteExecutor.accessTestSuiteMainPhase(TestSuiteExecutor.java:141)
	at com.kms.katalon.core.main.TestSuiteExecutor.execute(TestSuiteExecutor.java:90)
	at com.kms.katalon.core.main.TestCaseMain.startTestSuite(TestCaseMain.java:157)
	at com.kms.katalon.core.main.TestCaseMain$startTestSuite$0.call(Unknown Source)
	at TempTestSuite1611218216287.run(TempTestSuite1611218216287.groovy:39)


2021-01-21 15:50:04 - [MESSAGE][FAILED] - Unable to set text '10037914991' of object '' (Root cause: com.kms.katalon.core.exception.StepFailedException: Unable to set text '10037914991' of object ''
	at com.kms.katalon.core.webui.keyword.internal.WebUIKeywordMain.stepFailed(WebUIKeywordMain.groovy:64)
	at com.kms.katalon.core.webui.keyword.internal.WebUIKeywordMain.runKeyword(WebUIKeywordMain.groovy:26)
	at com.kms.katalon.core.webui.keyword.builtin.SetTextKeyword.setText(SetTextKeyword.groovy:66)
	at com.kms.katalon.core.webui.keyword.builtin.SetTextKeyword.execute(SetTextKeyword.groovy:37)
	at com.kms.katalon.core.keyword.internal.KeywordExecutor.executeKeywordForPlatform(KeywordExecutor.groovy:73)
	at com.kms.katalon.core.webui.keyword.WebUiBuiltInKeywords.setText(WebUiBuiltInKeywords.groovy:962)
	at com.kms.katalon.core.webui.keyword.WebUiBuiltInKeywords$setText$13.call(Unknown Source)
	at RTD.Input_label(RTD.groovy:337)
	at cucumber.runtime.Utils$1.call(Utils.java:26)
	at cucumber.runtime.Timeout.timeout(Timeout.java:16)
	at cucumber.runtime.Utils.invoke(Utils.java:20)
	at cucumber.runtime.java.JavaStepDefinition.execute(JavaStepDefinition.java:48)
	at cucumber.runtime.PickleStepDefinitionMatch.runStep(PickleStepDefinitionMatch.java:50)
	at cucumber.runner.TestStep.executeStep(TestStep.java:55)
	at cucumber.runner.TestStep.run(TestStep.java:42)
	at cucumber.runner.PickleStepTestStep.run(PickleStepTestStep.java:53)
	at cucumber.runner.TestCase.run(TestCase.java:47)
	at cucumber.runner.Runner.runPickle(Runner.java:44)
	at cucumber.runtime.Runtime.runFeature(Runtime.java:120)
	at cucumber.runtime.Runtime.run(Runtime.java:106)
	at cucumber.api.cli.Main.run(Main.java:35)
	at cucumber.api.cli.Main$run.call(Unknown Source)
	at com.kms.katalon.core.cucumber.keyword.CucumberBuiltinKeywords$_runFeatureFile_closure1.doCall(CucumberBuiltinKeywords.groovy:76)
	at com.kms.katalon.core.cucumber.keyword.CucumberBuiltinKeywords$_runFeatureFile_closure1.doCall(CucumberBuiltinKeywords.groovy)
	at com.kms.katalon.core.keyword.internal.KeywordMain.runKeyword(KeywordMain.groovy:68)
	at com.kms.katalon.core.keyword.internal.KeywordMain$runKeyword.call(Unknown Source)
	at com.kms.katalon.core.cucumber.keyword.CucumberBuiltinKeywords.runFeatureFile(CucumberBuiltinKeywords.groovy:46)
	at com.kms.katalon.core.cucumber.keyword.CucumberBuiltinKeywords$runFeatureFile$0.callStatic(Unknown Source)
	at com.kms.katalon.core.cucumber.keyword.CucumberBuiltinKeywords.runFeatureFile(CucumberBuiltinKeywords.groovy:169)
	at com.kms.katalon.core.cucumber.keyword.CucumberBuiltinKeywords$runFeatureFile.call(Unknown Source)
	at TC_Search_by_OrderID.run(TC_Search_by_OrderID:18)
	at com.kms.katalon.core.main.ScriptEngine.run(ScriptEngine.java:194)
	at com.kms.katalon.core.main.ScriptEngine.runScriptAsRawText(ScriptEngine.java:119)
	at com.kms.katalon.core.main.TestCaseExecutor.runScript(TestCaseExecutor.java:339)
	at com.kms.katalon.core.main.TestCaseExecutor.doExecute(TestCaseExecutor.java:330)
	at com.kms.katalon.core.main.TestCaseExecutor.processExecutionPhase(TestCaseExecutor.java:309)
	at com.kms.katalon.core.main.TestCaseExecutor.accessMainPhase(TestCaseExecutor.java:301)
	at com.kms.katalon.core.main.TestCaseExecutor.execute(TestCaseExecutor.java:235)
	at com.kms.katalon.core.main.TestSuiteExecutor.accessTestCaseMainPhase(TestSuiteExecutor.java:191)
	at com.kms.katalon.core.main.TestSuiteExecutor.accessTestSuiteMainPhase(TestSuiteExecutor.java:141)
	at com.kms.katalon.core.main.TestSuiteExecutor.execute(TestSuiteExecutor.java:90)
	at com.kms.katalon.core.main.TestCaseMain.startTestSuite(TestCaseMain.java:157)
	at com.kms.katalon.core.main.TestCaseMain$startTestSuite$0.call(Unknown Source)
	at TempTestSuite1611218216287.run(TempTestSuite1611218216287.groovy:39)
Caused by: org.openqa.selenium.InvalidElementStateException: invalid element state
  (Session info: headless chrome=87.0.4280.141)
Build info: version: '3.141.59', revision: 'e82be7d358', time: '2018-11-14T08:25:53'
System info: host: 'M-Chaidir-Pratama.local', ip: 'fe80:0:0:0:14e4:ed6f:bc3b:fd01%en0', os.name: 'Mac OS X', os.arch: 'x86_64', os.version: '10.15', java.version: '1.8.0_181'
Driver info: com.kms.katalon.selenium.driver.CChromeDriver
Capabilities {acceptInsecureCerts: false, browserName: chrome, browserVersion: 87.0.4280.141, chrome: {chromedriverVersion: 87.0.4280.88 (89e2380a3e36c..., userDataDir: /var/folders/0s/4_d154xd6dq...}, goog:chromeOptions: {debuggerAddress: localhost:57035}, javascriptEnabled: true, networkConnectionEnabled: false, pageLoadStrategy: normal, platform: MAC, platformName: MAC, proxy: Proxy(), setWindowRect: true, strictFileInteractability: false, timeouts: {implicit: 0, pageLoad: 300000, script: 30000}, unhandledPromptBehavior: dismiss and notify, webauthn:virtualAuthenticators: true}
Session ID: febb77d5349aebb7c2b5c67854fb8673
	at org.openqa.selenium.remote.http.W3CHttpResponseCodec.createException(W3CHttpResponseCodec.java:187)
	at org.openqa.selenium.remote.http.W3CHttpResponseCodec.decode(W3CHttpResponseCodec.java:122)
	at org.openqa.selenium.remote.http.W3CHttpResponseCodec.decode(W3CHttpResponseCodec.java:49)
	at org.openqa.selenium.remote.HttpCommandExecutor.execute(HttpCommandExecutor.java:158)
	at org.openqa.selenium.remote.service.DriverCommandExecutor.execute(DriverCommandExecutor.java:83)
	at org.openqa.selenium.remote.RemoteWebDriver.execute(RemoteWebDriver.java:552)
	at com.kms.katalon.selenium.driver.CChromeDriver.execute(CChromeDriver.java:19)
	at org.openqa.selenium.remote.RemoteWebElement.execute(RemoteWebElement.java:285)
	at org.openqa.selenium.remote.RemoteWebElement.clear(RemoteWebElement.java:124)
	at org.openqa.selenium.support.events.EventFiringWebDriver$EventFiringWebElement.lambda$new$0(EventFiringWebDriver.java:404)
	at com.sun.proxy.$Proxy21.clear(Unknown Source)
	at org.openqa.selenium.support.events.EventFiringWebDriver$EventFiringWebElement.clear(EventFiringWebDriver.java:436)
	at com.kms.katalon.core.webui.keyword.builtin.SetTextKeyword$_setText_closure1.doCall(SetTextKeyword.groovy:53)
	at com.kms.katalon.core.webui.keyword.builtin.SetTextKeyword$_setText_closure1.call(SetTextKeyword.groovy)
	at com.kms.katalon.core.webui.keyword.internal.WebUIKeywordMain.runKeyword(WebUIKeywordMain.groovy:20)
	at com.kms.katalon.core.webui.keyword.builtin.SetTextKeyword.setText(SetTextKeyword.groovy:66)
	at com.kms.katalon.core.webui.keyword.builtin.SetTextKeyword.execute(SetTextKeyword.groovy:37)
	at com.kms.katalon.core.keyword.internal.KeywordExecutor.executeKeywordForPlatform(KeywordExecutor.groovy:73)
	at com.kms.katalon.core.webui.keyword.WebUiBuiltInKeywords.setText(WebUiBuiltInKeywords.groovy:962)
	at com.kms.katalon.core.webui.keyword.WebUiBuiltInKeywords$setText$13.call(Unknown Source)
	at RTD.Input_label(RTD.groovy:337)
	at cucumber.runtime.Utils$1.call(Utils.java:26)
	at cucumber.runtime.Timeout.timeout(Timeout.java:16)
	at cucumber.runtime.Utils.invoke(Utils.java:20)
	at cucumber.runtime.java.JavaStepDefinition.execute(JavaStepDefinition.java:48)
	at cucumber.runtime.PickleStepDefinitionMatch.runStep(PickleStepDefinitionMatch.java:50)
	at cucumber.runner.TestStep.executeStep(TestStep.java:55)
	at cucumber.runner.TestStep.run(TestStep.java:42)
	at cucumber.runner.PickleStepTestStep.run(PickleStepTestStep.java:53)
	at cucumber.runner.TestCase.run(TestCase.java:47)
	at cucumber.runner.Runner.runPickle(Runner.java:44)
	at cucumber.runtime.Runtime.runFeature(Runtime.java:120)
	at cucumber.runtime.Runtime.run(Runtime.java:106)
	at cucumber.api.cli.Main.run(Main.java:35)
	at cucumber.api.cli.Main$run.call(Unknown Source)
	at com.kms.katalon.core.cucumber.keyword.CucumberBuiltinKeywords$_runFeatureFile_closure1.doCall(CucumberBuiltinKeywords.groovy:76)
	at com.kms.katalon.core.cucumber.keyword.CucumberBuiltinKeywords$_runFeatureFile_closure1.doCall(CucumberBuiltinKeywords.groovy)
	at com.kms.katalon.core.keyword.internal.KeywordMain.runKeyword(KeywordMain.groovy:68)
	at com.kms.katalon.core.keyword.internal.KeywordMain$runKeyword.call(Unknown Source)
	at com.kms.katalon.core.cucumber.keyword.CucumberBuiltinKeywords.runFeatureFile(CucumberBuiltinKeywords.groovy:46)
	at com.kms.katalon.core.cucumber.keyword.CucumberBuiltinKeywords$runFeatureFile$0.callStatic(Unknown Source)
	at com.kms.katalon.core.cucumber.keyword.CucumberBuiltinKeywords.runFeatureFile(CucumberBuiltinKeywords.groovy:169)
	at com.kms.katalon.core.cucumber.keyword.CucumberBuiltinKeywords$runFeatureFile.call(Unknown Source)
	at Script1611044150695.run(Script1611044150695.groovy:18)
	... 13 more
)
[[ATTACHMENT|/Users/chaidir.pratama01/Katalon Studio/IST_Automation_Git/Reports/20210121_153655/RTD/TS_Partner_Disbursement_SBO/20210121_153656/1611219003528.png]]

2021-01-21 15:50:04 - [MESSAGE][FAILED] - Input "Order ID" for "Partner Disbursement" FAILED.
Reason:
com.kms.katalon.core.exception.StepFailedException: Unable to set text '10037914991' of object ''
	at com.kms.katalon.core.webui.keyword.internal.WebUIKeywordMain.stepFailed(WebUIKeywordMain.groovy:64)
	at com.kms.katalon.core.webui.keyword.internal.WebUIKeywordMain.runKeyword(WebUIKeywordMain.groovy:26)
	at com.kms.katalon.core.webui.keyword.builtin.SetTextKeyword.setText(SetTextKeyword.groovy:66)
	at com.kms.katalon.core.webui.keyword.builtin.SetTextKeyword.execute(SetTextKeyword.groovy:37)
	at com.kms.katalon.core.keyword.internal.KeywordExecutor.executeKeywordForPlatform(KeywordExecutor.groovy:73)
	at com.kms.katalon.core.webui.keyword.WebUiBuiltInKeywords.setText(WebUiBuiltInKeywords.groovy:962)
	at com.kms.katalon.core.webui.keyword.WebUiBuiltInKeywords$setText$13.call(Unknown Source)
	at RTD.Input_label(RTD.groovy:337)
	at âœ½.Input "Order ID" for "Partner Disbursement"(/Users/chaidir.pratama01/Katalon Studio/IST_Automation_Git/Include/features/IST_Real/RTD/Partner Disbursement SBO/Search_by_OrderID.feature:32)
Caused by: org.openqa.selenium.InvalidElementStateException: invalid element state
  (Session info: headless chrome=87.0.4280.141)
Build info: version: '3.141.59', revision: 'e82be7d358', time: '2018-11-14T08:25:53'
System info: host: 'M-Chaidir-Pratama.local', ip: 'fe80:0:0:0:14e4:ed6f:bc3b:fd01%en0', os.name: 'Mac OS X', os.arch: 'x86_64', os.version: '10.15', java.version: '1.8.0_181'
Driver info: com.kms.katalon.selenium.driver.CChromeDriver
Capabilities {acceptInsecureCerts: false, browserName: chrome, browserVersion: 87.0.4280.141, chrome: {chromedriverVersion: 87.0.4280.88 (89e2380a3e36c..., userDataDir: /var/folders/0s/4_d154xd6dq...}, goog:chromeOptions: {debuggerAddress: localhost:57035}, javascriptEnabled: true, networkConnectionEnabled: false, pageLoadStrategy: normal, platform: MAC, platformName: MAC, proxy: Proxy(), setWindowRect: true, strictFileInteractability: false, timeouts: {implicit: 0, pageLoad: 300000, script: 30000}, unhandledPromptBehavior: dismiss and notify, webauthn:virtualAuthenticators: true}
Session ID: febb77d5349aebb7c2b5c67854fb8673
	at org.openqa.selenium.remote.http.W3CHttpResponseCodec.createException(W3CHttpResponseCodec.java:187)
	at org.openqa.selenium.remote.http.W3CHttpResponseCodec.decode(W3CHttpResponseCodec.java:122)
	at org.openqa.selenium.remote.http.W3CHttpResponseCodec.decode(W3CHttpResponseCodec.java:49)
	at org.openqa.selenium.remote.HttpCommandExecutor.execute(HttpCommandExecutor.java:158)
	at org.openqa.selenium.remote.service.DriverCommandExecutor.execute(DriverCommandExecutor.java:83)
	at org.openqa.selenium.remote.RemoteWebDriver.execute(RemoteWebDriver.java:552)
	at com.kms.katalon.selenium.driver.CChromeDriver.execute(CChromeDriver.java:19)
	at org.openqa.selenium.remote.RemoteWebElement.execute(RemoteWebElement.java:285)
	at org.openqa.selenium.remote.RemoteWebElement.clear(RemoteWebElement.java:124)
	at org.openqa.selenium.support.events.EventFiringWebDriver$EventFiringWebElement.lambda$new$0(EventFiringWebDriver.java:404)
	at com.sun.proxy.$Proxy21.clear(Unknown Source)
	at org.openqa.selenium.support.events.EventFiringWebDriver$EventFiringWebElement.clear(EventFiringWebDriver.java:436)
	at com.kms.katalon.core.webui.keyword.builtin.SetTextKeyword$_setText_closure1.doCall(SetTextKeyword.groovy:53)
	at com.kms.katalon.core.webui.keyword.builtin.SetTextKeyword$_setText_closure1.call(SetTextKeyword.groovy)
	at com.kms.katalon.core.webui.keyword.internal.WebUIKeywordMain.runKeyword(WebUIKeywordMain.groovy:20)
	at com.kms.katalon.core.webui.keyword.builtin.SetTextKeyword.setText(SetTextKeyword.groovy:66)
	at com.kms.katalon.core.webui.keyword.builtin.SetTextKeyword.execute(SetTextKeyword.groovy:37)
	at com.kms.katalon.core.keyword.internal.KeywordExecutor.executeKeywordForPlatform(KeywordExecutor.groovy:73)
	at com.kms.katalon.core.webui.keyword.WebUiBuiltInKeywords.setText(WebUiBuiltInKeywords.groovy:962)
	at com.kms.katalon.core.webui.keyword.WebUiBuiltInKeywords$setText$13.call(Unknown Source)
	at RTD.Input_label(RTD.groovy:337)
	at cucumber.runtime.Utils$1.call(Utils.java:26)
	at cucumber.runtime.Timeout.timeout(Timeout.java:16)
	at cucumber.runtime.Utils.invoke(Utils.java:20)
	at cucumber.runtime.java.JavaStepDefinition.execute(JavaStepDefinition.java:48)
	at cucumber.runtime.PickleStepDefinitionMatch.runStep(PickleStepDefinitionMatch.java:50)
	at cucumber.runner.TestStep.executeStep(TestStep.java:55)
	at cucumber.runner.TestStep.run(TestStep.java:42)
	at cucumber.runner.PickleStepTestStep.run(PickleStepTestStep.java:53)
	at cucumber.runner.TestCase.run(TestCase.java:47)
	at cucumber.runner.Runner.runPickle(Runner.java:44)
	at cucumber.runtime.Runtime.runFeature(Runtime.java:120)
	at cucumber.runtime.Runtime.run(Runtime.java:106)
	at cucumber.api.cli.Main.run(Main.java:35)
	at cucumber.api.cli.Main$run.call(Unknown Source)
	at com.kms.katalon.core.cucumber.keyword.CucumberBuiltinKeywords$_runFeatureFile_closure1.doCall(CucumberBuiltinKeywords.groovy:76)
	at com.kms.katalon.core.cucumber.keyword.CucumberBuiltinKeywords$_runFeatureFile_closure1.doCall(CucumberBuiltinKeywords.groovy)
	at com.kms.katalon.core.keyword.internal.KeywordMain.runKeyword(KeywordMain.groovy:68)
	at com.kms.katalon.core.keyword.internal.KeywordMain$runKeyword.call(Unknown Source)
	at com.kms.katalon.core.cucumber.keyword.CucumberBuiltinKeywords.runFeatureFile(CucumberBuiltinKeywords.groovy:46)
	at com.kms.katalon.core.cucumber.keyword.CucumberBuiltinKeywords$runFeatureFile$0.callStatic(Unknown Source)
	at com.kms.katalon.core.cucumber.keyword.CucumberBuiltinKeywords.runFeatureFile(CucumberBuiltinKeywords.groovy:169)
	at com.kms.katalon.core.cucumber.keyword.CucumberBuiltinKeywords$runFeatureFile.call(Unknown Source)
	at TC_Search_by_OrderID.run(TC_Search_by_OrderID:18)
	at com.kms.katalon.core.main.ScriptEngine.run(ScriptEngine.java:194)
	at com.kms.katalon.core.main.ScriptEngine.runScriptAsRawText(ScriptEngine.java:119)
	at com.kms.katalon.core.main.TestCaseExecutor.runScript(TestCaseExecutor.java:339)
	at com.kms.katalon.core.main.TestCaseExecutor.doExecute(TestCaseExecutor.java:330)
	at com.kms.katalon.core.main.TestCaseExecutor.processExecutionPhase(TestCaseExecutor.java:309)
	at com.kms.katalon.core.main.TestCaseExecutor.accessMainPhase(TestCaseExecutor.java:301)
	at com.kms.katalon.core.main.TestCaseExecutor.execute(TestCaseExecutor.java:235)
	at com.kms.katalon.core.main.TestSuiteExecutor.accessTestCaseMainPhase(TestSuiteExecutor.java:191)
	at com.kms.katalon.core.main.TestSuiteExecutor.accessTestSuiteMainPhase(TestSuiteExecutor.java:141)
	at com.kms.katalon.core.main.TestSuiteExecutor.execute(TestSuiteExecutor.java:90)
	at com.kms.katalon.core.main.TestCaseMain.startTestSuite(TestCaseMain.java:157)
	at com.kms.katalon.core.main.TestCaseMain$startTestSuite$0.call(Unknown Source)
	at TempTestSuite1611218216287.run(TempTestSuite1611218216287.groovy:39)


2021-01-21 15:50:04 - [TEST_STEP][NOT_RUN] - Click button "Search": Click button "Search"

2021-01-21 15:50:04 - [MESSAGE][NOT_RUN] - Click button "Search"

2021-01-21 15:50:04 - [TEST_STEP][NOT_RUN] - Verify Search Result Presents: Verify Search Result Presents

2021-01-21 15:50:04 - [MESSAGE][NOT_RUN] - Verify Search Result Presents

2021-01-21 15:50:04 - [MESSAGE][FAILED] - Feature file 'Include/features/IST_Real/RTD/Partner Disbursement SBO/Search_by_OrderID.feature' was failed

2021-01-21 15:50:04 - [MESSAGE][FAILED] - Keyword runFeatureFile was failed (Root cause: com.kms.katalon.core.exception.StepFailedException: Feature file 'Include/features/IST_Real/RTD/Partner Disbursement SBO/Search_by_OrderID.feature' was failed
	at com.kms.katalon.core.keyword.internal.KeywordMain.stepFailed(KeywordMain.groovy:50)
	at com.kms.katalon.core.keyword.internal.KeywordMain.stepFailed(KeywordMain.groovy)
	at com.kms.katalon.core.keyword.internal.KeywordMain.stepFailed(KeywordMain.groovy:23)
	at com.kms.katalon.core.keyword.internal.KeywordMain$stepFailed$0.call(Unknown Source)
	at com.kms.katalon.core.cucumber.keyword.CucumberBuiltinKeywords$_runFeatureFile_closure1.doCall(CucumberBuiltinKeywords.groovy:82)
	at com.kms.katalon.core.cucumber.keyword.CucumberBuiltinKeywords$_runFeatureFile_closure1.doCall(CucumberBuiltinKeywords.groovy)
	at com.kms.katalon.core.keyword.internal.KeywordMain.runKeyword(KeywordMain.groovy:68)
	at com.kms.katalon.core.keyword.internal.KeywordMain$runKeyword.call(Unknown Source)
	at com.kms.katalon.core.cucumber.keyword.CucumberBuiltinKeywords.runFeatureFile(CucumberBuiltinKeywords.groovy:46)
	at com.kms.katalon.core.cucumber.keyword.CucumberBuiltinKeywords$runFeatureFile$0.callStatic(Unknown Source)
	at com.kms.katalon.core.cucumber.keyword.CucumberBuiltinKeywords.runFeatureFile(CucumberBuiltinKeywords.groovy:169)
	at com.kms.katalon.core.cucumber.keyword.CucumberBuiltinKeywords$runFeatureFile.call(Unknown Source)
	at TC_Search_by_OrderID.run(TC_Search_by_OrderID:18)
	at com.kms.katalon.core.main.ScriptEngine.run(ScriptEngine.java:194)
	at com.kms.katalon.core.main.ScriptEngine.runScriptAsRawText(ScriptEngine.java:119)
	at com.kms.katalon.core.main.TestCaseExecutor.runScript(TestCaseExecutor.java:339)
	at com.kms.katalon.core.main.TestCaseExecutor.doExecute(TestCaseExecutor.java:330)
	at com.kms.katalon.core.main.TestCaseExecutor.processExecutionPhase(TestCaseExecutor.java:309)
	at com.kms.katalon.core.main.TestCaseExecutor.accessMainPhase(TestCaseExecutor.java:301)
	at com.kms.katalon.core.main.TestCaseExecutor.execute(TestCaseExecutor.java:235)
	at com.kms.katalon.core.main.TestSuiteExecutor.accessTestCaseMainPhase(TestSuiteExecutor.java:191)
	at com.kms.katalon.core.main.TestSuiteExecutor.accessTestSuiteMainPhase(TestSuiteExecutor.java:141)
	at com.kms.katalon.core.main.TestSuiteExecutor.execute(TestSuiteExecutor.java:90)
	at com.kms.katalon.core.main.TestCaseMain.startTestSuite(TestCaseMain.java:157)
	at com.kms.katalon.core.main.TestCaseMain$startTestSuite$0.call(Unknown Source)
	at TempTestSuite1611218216287.run(TempTestSuite1611218216287.groovy:39)
)]]></system-out>
         <system-err><![CDATA[2021-01-21 15:50:00 - [TEST_CASE][FAILED] - Test Cases/RTD/Partner Disbursement SBO/TC_Search_by_OrderID: Test Cases/RTD/Partner Disbursement SBO/TC_Search_by_OrderID FAILED.
Reason:
com.kms.katalon.core.exception.StepFailedException: Feature file 'Include/features/IST_Real/RTD/Partner Disbursement SBO/Search_by_OrderID.feature' was failed
	at com.kms.katalon.core.keyword.internal.KeywordMain.stepFailed(KeywordMain.groovy:50)
	at com.kms.katalon.core.keyword.internal.KeywordMain.stepFailed(KeywordMain.groovy)
	at com.kms.katalon.core.keyword.internal.KeywordMain.stepFailed(KeywordMain.groovy:23)
	at com.kms.katalon.core.keyword.internal.KeywordMain$stepFailed$0.call(Unknown Source)
	at com.kms.katalon.core.cucumber.keyword.CucumberBuiltinKeywords$_runFeatureFile_closure1.doCall(CucumberBuiltinKeywords.groovy:82)
	at com.kms.katalon.core.cucumber.keyword.CucumberBuiltinKeywords$_runFeatureFile_closure1.doCall(CucumberBuiltinKeywords.groovy)
	at com.kms.katalon.core.keyword.internal.KeywordMain.runKeyword(KeywordMain.groovy:68)
	at com.kms.katalon.core.keyword.internal.KeywordMain$runKeyword.call(Unknown Source)
	at com.kms.katalon.core.cucumber.keyword.CucumberBuiltinKeywords.runFeatureFile(CucumberBuiltinKeywords.groovy:46)
	at com.kms.katalon.core.cucumber.keyword.CucumberBuiltinKeywords$runFeatureFile$0.callStatic(Unknown Source)
	at com.kms.katalon.core.cucumber.keyword.CucumberBuiltinKeywords.runFeatureFile(CucumberBuiltinKeywords.groovy:169)
	at com.kms.katalon.core.cucumber.keyword.CucumberBuiltinKeywords$runFeatureFile.call(Unknown Source)
	at TC_Search_by_OrderID.run(TC_Search_by_OrderID:18)
	at com.kms.katalon.core.main.ScriptEngine.run(ScriptEngine.java:194)
	at com.kms.katalon.core.main.ScriptEngine.runScriptAsRawText(ScriptEngine.java:119)
	at com.kms.katalon.core.main.TestCaseExecutor.runScript(TestCaseExecutor.java:339)
	at com.kms.katalon.core.main.TestCaseExecutor.doExecute(TestCaseExecutor.java:330)
	at com.kms.katalon.core.main.TestCaseExecutor.processExecutionPhase(TestCaseExecutor.java:309)
	at com.kms.katalon.core.main.TestCaseExecutor.accessMainPhase(TestCaseExecutor.java:301)
	at com.kms.katalon.core.main.TestCaseExecutor.execute(TestCaseExecutor.java:235)
	at com.kms.katalon.core.main.TestSuiteExecutor.accessTestCaseMainPhase(TestSuiteExecutor.java:191)
	at com.kms.katalon.core.main.TestSuiteExecutor.accessTestSuiteMainPhase(TestSuiteExecutor.java:141)
	at com.kms.katalon.core.main.TestSuiteExecutor.execute(TestSuiteExecutor.java:90)
	at com.kms.katalon.core.main.TestCaseMain.startTestSuite(TestCaseMain.java:157)
	at com.kms.katalon.core.main.TestCaseMain$startTestSuite$0.call(Unknown Source)
	at TempTestSuite1611218216287.run(TempTestSuite1611218216287.groovy:39)]]></system-err>
      </testcase>
      <testcase name="Test Cases/RTD/Partner Disbursement SBO/TC_Search_by_Contract_Number" time="7.393" classname="Test Cases/RTD/Partner Disbursement SBO/TC_Search_by_Contract_Number" status="PASSED">
         <system-out><![CDATA[2021-01-21 15:50:04 - [TEST_CASE][PASSED] - Test Cases/RTD/Partner Disbursement SBO/TC_Search_by_Contract_Number: Test Cases/RTD/Partner Disbursement SBO/TC_Search_by_Contract_Number

2021-01-21 15:50:04 - [TEST_STEP][PASSED] - runFeatureFile("Include/features/IST_Real/RTD/Partner Disbursement SBO/Search_by_Contract_Number.feature"): Feature file: 'Include/features/IST_Real/RTD/Partner Disbursement SBO/Search_by_Contract_Number.feature' was passed

2021-01-21 15:50:04 - [MESSAGE][INFO] - Starting run keyword runFeatureFile: 'Include/features/IST_Real/RTD/Partner Disbursement SBO/Search_by_Contract_Number.feature' and extract report to folder: '/Users/chaidir.pratama01/Katalon Studio/IST_Automation_Git/Reports/20210121_153655/RTD/TS_Partner_Disbursement_SBO/20210121_153656/cucumber_report/1611219004143'...

2021-01-21 15:50:04 - [TEST_CASE][PASSED] - Start Test Case : SCENARIO Search by Contract Number and it found on Dashboard: SCENARIO Search by Contract Number and it found on Dashboard

2021-01-21 15:50:04 - [TEST_STEP][PASSED] - Go to ISTools: Go to ISTools

2021-01-21 15:50:04 - [MESSAGE][WARNING] - A browser is already opened. Closing browser and opening a new one

2021-01-21 15:50:04 - [MESSAGE][INFO] - Starting 'Chrome (headless)' driver

2021-01-21 15:50:04 - [MESSAGE][INFO] - User set preference: ['args', '[--start-maximized, --disable-gpu, --no-proxy-server, â€“-no-sandbox, --allow-running-insecure-content, --ignore-certificate-errors, window-size=1680,814, force-device-scale-factor=2, --lang=en-GB]']

2021-01-21 15:50:04 - [MESSAGE][INFO] - User set preference: ['prefs', '{download.default_directory=/Users/chaidir.pratama01/Katalon Studio/IST_Automation_Git/Download}']

2021-01-21 15:50:04 - [MESSAGE][INFO] - Action delay is set to 0 milliseconds

2021-01-21 15:50:04 - [MESSAGE][PASSED] - Browser is opened with url: ''

2021-01-21 15:50:05 - [MESSAGE][PASSED] - Navigate to 'https://dev-istools.homecredit.id/foundation/' successfully

2021-01-21 15:50:05 - [MESSAGE][PASSED] - Go to ISTools

2021-01-21 15:50:05 - [TEST_STEP][PASSED] - Login IST with valid credentials: Login IST with valid credentials

2021-01-21 15:50:05 - [MESSAGE][PASSED] - Text 'mobile.test' is set on object 'Object Repository/Page_/input_Username_j_username'

2021-01-21 15:50:06 - [MESSAGE][PASSED] - Text ****** has been set on object 'Object Repository/Page_/input_Password_j_password'

2021-01-21 15:50:06 - [MESSAGE][PASSED] - Object: 'Object Repository/Page_/button_Login' is clicked on

2021-01-21 15:50:06 - [MESSAGE][PASSED] - Login IST with valid credentials

2021-01-21 15:50:06 - [TEST_STEP][PASSED] - Login Success: Login Success

2021-01-21 15:50:06 - [MESSAGE][INFO] - Login Success

2021-01-21 15:50:06 - [MESSAGE][PASSED] - Current window maximized

2021-01-21 15:50:06 - [MESSAGE][PASSED] - Object 'Object Repository/Page_/h1_Welcome to IT Supporting Tools' is present

2021-01-21 15:50:06 - [MESSAGE][PASSED] - Login Success

2021-01-21 15:50:06 - [TEST_STEP][PASSED] - Select Arrow Menu "Real Time Disbursement": Select Arrow Menu "Real Time Disbursement"

2021-01-21 15:50:06 - [MESSAGE][PASSED] - Object: '' is clicked on

2021-01-21 15:50:06 - [MESSAGE][PASSED] - Select Arrow Menu "Real Time Disbursement"

2021-01-21 15:50:06 - [TEST_STEP][PASSED] - Select Menu "Partner Disbursement SBO": Select Menu "Partner Disbursement SBO"

2021-01-21 15:50:07 - [MESSAGE][PASSED] - Taking screenshot successfully
[[ATTACHMENT|/Users/chaidir.pratama01/Documents/Docs/Katalon Studio/Screenshot/test-Partner Disbursement SBO.png]]

2021-01-21 15:50:07 - [MESSAGE][PASSED] - Object '' is present

2021-01-21 15:50:07 - [MESSAGE][PASSED] - Object: '' is clicked on

2021-01-21 15:50:07 - [MESSAGE][PASSED] - Wait for page load successfully

2021-01-21 15:50:07 - [MESSAGE][PASSED] - Select Menu "Partner Disbursement SBO"

2021-01-21 15:50:07 - [TEST_STEP][PASSED] - Input Contract RTD in Contract Number label: Input Contract RTD in Contract Number label

2021-01-21 15:50:07 - [MESSAGE][PASSED] - Text '4000014162' is set on object ''

2021-01-21 15:50:07 - [MESSAGE][PASSED] - Input Contract RTD in Contract Number label

2021-01-21 15:50:07 - [TEST_STEP][PASSED] - Click button "Search": Click button "Search"

2021-01-21 15:50:07 - [MESSAGE][INFO] - >>>>>//Button[contains(text(),'Search')]

2021-01-21 15:50:10 - [MESSAGE][PASSED] - Object '' is present

2021-01-21 15:50:10 - [MESSAGE][PASSED] - Object: '' is clicked on

2021-01-21 15:50:10 - [MESSAGE][PASSED] - Switched to window with index: '0'

2021-01-21 15:50:10 - [MESSAGE][PASSED] - Click button "Search"

2021-01-21 15:50:10 - [TEST_STEP][PASSED] - Verify Search Result Presents: Verify Search Result Presents

2021-01-21 15:50:10 - [MESSAGE][PASSED] - Object '' is present

2021-01-21 15:50:11 - [MESSAGE][PASSED] - Verify Search Result Presents

2021-01-21 15:50:11 - [MESSAGE][PASSED] - Feature file: 'Include/features/IST_Real/RTD/Partner Disbursement SBO/Search_by_Contract_Number.feature' was passed]]></system-out>
         <system-err><![CDATA[]]></system-err>
      </testcase>
      <system-out><![CDATA[2021-01-21 15:41:37 - [TEST_SUITE][FAILED] - TS_Partner_Disbursement_SBO: Test Cases/RTD/Partner Disbursement SBO/TC_Search_by_STATUS FAILED.
Reason:
com.kms.katalon.core.exception.StepFailedException: Feature file 'Include/features/IST_Real/RTD/Partner Disbursement SBO/Search_by_STATUS.feature' was failed
	at com.kms.katalon.core.keyword.internal.KeywordMain.stepFailed(KeywordMain.groovy:50)
	at com.kms.katalon.core.keyword.internal.KeywordMain.stepFailed(KeywordMain.groovy)
	at com.kms.katalon.core.keyword.internal.KeywordMain.stepFailed(KeywordMain.groovy:23)
	at com.kms.katalon.core.keyword.internal.KeywordMain$stepFailed$0.call(Unknown Source)
	at com.kms.katalon.core.cucumber.keyword.CucumberBuiltinKeywords$_runFeatureFile_closure1.doCall(CucumberBuiltinKeywords.groovy:82)
	at com.kms.katalon.core.cucumber.keyword.CucumberBuiltinKeywords$_runFeatureFile_closure1.doCall(CucumberBuiltinKeywords.groovy)
	at com.kms.katalon.core.keyword.internal.KeywordMain.runKeyword(KeywordMain.groovy:68)
	at com.kms.katalon.core.keyword.internal.KeywordMain$runKeyword.call(Unknown Source)
	at com.kms.katalon.core.cucumber.keyword.CucumberBuiltinKeywords.runFeatureFile(CucumberBuiltinKeywords.groovy:46)
	at com.kms.katalon.core.cucumber.keyword.CucumberBuiltinKeywords$runFeatureFile$0.callStatic(Unknown Source)
	at com.kms.katalon.core.cucumber.keyword.CucumberBuiltinKeywords.runFeatureFile(CucumberBuiltinKeywords.groovy:169)
	at com.kms.katalon.core.cucumber.keyword.CucumberBuiltinKeywords$runFeatureFile.call(Unknown Source)
	at TC_Search_by_STATUS.run(TC_Search_by_STATUS:18)
	at com.kms.katalon.core.main.ScriptEngine.run(ScriptEngine.java:194)
	at com.kms.katalon.core.main.ScriptEngine.runScriptAsRawText(ScriptEngine.java:119)
	at com.kms.katalon.core.main.TestCaseExecutor.runScript(TestCaseExecutor.java:339)
	at com.kms.katalon.core.main.TestCaseExecutor.doExecute(TestCaseExecutor.java:330)
	at com.kms.katalon.core.main.TestCaseExecutor.processExecutionPhase(TestCaseExecutor.java:309)
	at com.kms.katalon.core.main.TestCaseExecutor.accessMainPhase(TestCaseExecutor.java:301)
	at com.kms.katalon.core.main.TestCaseExecutor.execute(TestCaseExecutor.java:235)
	at com.kms.katalon.core.main.TestSuiteExecutor.accessTestCaseMainPhase(TestSuiteExecutor.java:191)
	at com.kms.katalon.core.main.TestSuiteExecutor.accessTestSuiteMainPhase(TestSuiteExecutor.java:141)
	at com.kms.katalon.core.main.TestSuiteExecutor.execute(TestSuiteExecutor.java:90)
	at com.kms.katalon.core.main.TestCaseMain.startTestSuite(TestCaseMain.java:157)
	at com.kms.katalon.core.main.TestCaseMain$startTestSuite$0.call(Unknown Source)
	at TempTestSuite1611218216287.run(TempTestSuite1611218216287.groovy:39)]]></system-out>
      <system-err><![CDATA[2021-01-21 15:41:37 - [TEST_SUITE][FAILED] - TS_Partner_Disbursement_SBO: Test Cases/RTD/Partner Disbursement SBO/TC_Search_by_STATUS FAILED.
Reason:
com.kms.katalon.core.exception.StepFailedException: Feature file 'Include/features/IST_Real/RTD/Partner Disbursement SBO/Search_by_STATUS.feature' was failed
	at com.kms.katalon.core.keyword.internal.KeywordMain.stepFailed(KeywordMain.groovy:50)
	at com.kms.katalon.core.keyword.internal.KeywordMain.stepFailed(KeywordMain.groovy)
	at com.kms.katalon.core.keyword.internal.KeywordMain.stepFailed(KeywordMain.groovy:23)
	at com.kms.katalon.core.keyword.internal.KeywordMain$stepFailed$0.call(Unknown Source)
	at com.kms.katalon.core.cucumber.keyword.CucumberBuiltinKeywords$_runFeatureFile_closure1.doCall(CucumberBuiltinKeywords.groovy:82)
	at com.kms.katalon.core.cucumber.keyword.CucumberBuiltinKeywords$_runFeatureFile_closure1.doCall(CucumberBuiltinKeywords.groovy)
	at com.kms.katalon.core.keyword.internal.KeywordMain.runKeyword(KeywordMain.groovy:68)
	at com.kms.katalon.core.keyword.internal.KeywordMain$runKeyword.call(Unknown Source)
	at com.kms.katalon.core.cucumber.keyword.CucumberBuiltinKeywords.runFeatureFile(CucumberBuiltinKeywords.groovy:46)
	at com.kms.katalon.core.cucumber.keyword.CucumberBuiltinKeywords$runFeatureFile$0.callStatic(Unknown Source)
	at com.kms.katalon.core.cucumber.keyword.CucumberBuiltinKeywords.runFeatureFile(CucumberBuiltinKeywords.groovy:169)
	at com.kms.katalon.core.cucumber.keyword.CucumberBuiltinKeywords$runFeatureFile.call(Unknown Source)
	at TC_Search_by_STATUS.run(TC_Search_by_STATUS:18)
	at com.kms.katalon.core.main.ScriptEngine.run(ScriptEngine.java:194)
	at com.kms.katalon.core.main.ScriptEngine.runScriptAsRawText(ScriptEngine.java:119)
	at com.kms.katalon.core.main.TestCaseExecutor.runScript(TestCaseExecutor.java:339)
	at com.kms.katalon.core.main.TestCaseExecutor.doExecute(TestCaseExecutor.java:330)
	at com.kms.katalon.core.main.TestCaseExecutor.processExecutionPhase(TestCaseExecutor.java:309)
	at com.kms.katalon.core.main.TestCaseExecutor.accessMainPhase(TestCaseExecutor.java:301)
	at com.kms.katalon.core.main.TestCaseExecutor.execute(TestCaseExecutor.java:235)
	at com.kms.katalon.core.main.TestSuiteExecutor.accessTestCaseMainPhase(TestSuiteExecutor.java:191)
	at com.kms.katalon.core.main.TestSuiteExecutor.accessTestSuiteMainPhase(TestSuiteExecutor.java:141)
	at com.kms.katalon.core.main.TestSuiteExecutor.execute(TestSuiteExecutor.java:90)
	at com.kms.katalon.core.main.TestCaseMain.startTestSuite(TestCaseMain.java:157)
	at com.kms.katalon.core.main.TestCaseMain$startTestSuite$0.call(Unknown Source)
	at TempTestSuite1611218216287.run(TempTestSuite1611218216287.groovy:39)]]></system-err>
   </testsuite>
   <testsuite name="TS_RTD" tests="13" failures="0" errors="0" time="13.446" timestamp="2021-01-21 15:50:26" hostname="chaidir.pratama01 - 192.168.1.2" id="Test Suites/RTD/TS_RTD">
      <properties>
         <property name="deviceName" value=""/>
         <property name="devicePlatform" value=""/>
         <property name="logFolder" value="/Users/chaidir.pratama01/Katalon Studio/IST_Automation_Git/Reports/20210121_153655/RTD/TS_RTD/20210121_153657"/>
         <property name="logFiles" value="/Users/chaidir.pratama01/Katalon Studio/IST_Automation_Git/Reports/20210121_153655/RTD/TS_RTD/20210121_153657/execution0.log"/>
         <property name="attachments" value=""/>
         <property name="hostName" value="chaidir.pratama01 - 192.168.1.2"/>
         <property name="os" value="Mac OS X 64bit"/>
         <property name="katalonVersion" value="7.6.0.${buildNumber}"/>
         <property name="browser" value="Chrome 87.0.4280.141"/>
         <property name="hostAddress" value="192.168.1.2"/>
         <property name="sessionId" value="166271b68175031b19270fa8ab60e52f"/>
         <property name="seleniumVersion" value="3.141.59"/>
         <property name="proxyInformation" value="ProxyInformation { proxyOption=NO_PROXY, proxyServerType=HTTP, username=, password=********, proxyServerAddress=, proxyServerPort=0, executionList=\&quot;\&quot;, isApplyToDesiredCapabilities=true }"/>
         <property name="platform" value="Mac OS X"/>
      </properties>
      <testcase name="Test Cases/RTD/TC_Check_MPF_Failed_Due_to_Not_Supported_Bank" time="4.08" classname="Test Cases/RTD/TC_Check_MPF_Failed_Due_to_Not_Supported_Bank" status="PASSED">
         <system-out><![CDATA[2021-01-21 15:50:26 - [TEST_CASE][PASSED] - Test Cases/RTD/TC_Check_MPF_Failed_Due_to_Not_Supported_Bank: Test Cases/RTD/TC_Check_MPF_Failed_Due_to_Not_Supported_Bank

2021-01-21 15:50:27 - [TEST_STEP][PASSED] - runFeatureFile("Include/features/IST_Real/RTD/Check_MPF_Failed_Due_to_Not_Supported_Bank.feature"): Feature file: 'Include/features/IST_Real/RTD/Check_MPF_Failed_Due_to_Not_Supported_Bank.feature' was passed

2021-01-21 15:50:27 - [MESSAGE][INFO] - Starting run keyword runFeatureFile: 'Include/features/IST_Real/RTD/Check_MPF_Failed_Due_to_Not_Supported_Bank.feature' and extract report to folder: '/Users/chaidir.pratama01/Katalon Studio/IST_Automation_Git/Reports/20210121_153655/RTD/TS_RTD/20210121_153657/cucumber_report/1611219027170'...

2021-01-21 15:50:27 - [TEST_CASE][PASSED] - Start Test Case : SCENARIO Check Contract from RTD_CONTRACT where STATUS is Failed Due to Not Supported Bank: SCENARIO Check Contract from RTD_CONTRACT where STATUS is Failed Due to Not Supported Bank

2021-01-21 15:50:27 - [TEST_STEP][PASSED] - Connect to Database RTD: Connect to Database RTD

2021-01-21 15:50:28 - [MESSAGE][INFO] - Starting 'Chrome (headless)' driver

2021-01-21 15:50:28 - [MESSAGE][INFO] - User set preference: ['args', '[--start-maximized, --disable-gpu, --no-proxy-server, â€“-no-sandbox, --allow-running-insecure-content, --ignore-certificate-errors, window-size=1680,814, force-device-scale-factor=2, --lang=en-GB]']

2021-01-21 15:50:28 - [MESSAGE][INFO] - User set preference: ['prefs', '{download.default_directory=/Users/chaidir.pratama01/Katalon Studio/IST_Automation_Git/Download}']

2021-01-21 15:50:28 - [MESSAGE][INFO] - Action delay is set to 0 milliseconds

2021-01-21 15:50:28 - [MESSAGE][PASSED] - Browser is opened with url: ''

2021-01-21 15:50:29 - [MESSAGE][PASSED] - Browser is closed

2021-01-21 15:50:30 - [MESSAGE][PASSED] - Connect to Database RTD

2021-01-21 15:50:30 - [TEST_STEP][PASSED] - Select Contract from Table in DB with Query "SELECT * FROM RTD_CONTRACT WHERE STATUS=9": Select Contract from Table in DB with Query "SELECT * FROM RTD_CONTRACT WHERE STATUS=9"

2021-01-21 15:50:30 - [MESSAGE][PASSED] - Select Contract from Table in DB with Query "SELECT * FROM RTD_CONTRACT WHERE STATUS=9"

2021-01-21 15:50:30 - [MESSAGE][PASSED] - Feature file: 'Include/features/IST_Real/RTD/Check_MPF_Failed_Due_to_Not_Supported_Bank.feature' was passed]]></system-out>
         <system-err><![CDATA[]]></system-err>
      </testcase>
      <testcase name="Test Cases/RTD/TC_Check_MPF_Eligible_to_Disburse" time="0.535" classname="Test Cases/RTD/TC_Check_MPF_Eligible_to_Disburse" status="PASSED">
         <system-out><![CDATA[2021-01-21 15:50:30 - [TEST_CASE][PASSED] - Test Cases/RTD/TC_Check_MPF_Eligible_to_Disburse: Test Cases/RTD/TC_Check_MPF_Eligible_to_Disburse

2021-01-21 15:50:31 - [TEST_STEP][PASSED] - runFeatureFile("Include/features/IST_Real/RTD/Check_MPF_Eligible_to_Disburse.feature"): Feature file: 'Include/features/IST_Real/RTD/Check_MPF_Eligible_to_Disburse.feature' was passed

2021-01-21 15:50:31 - [MESSAGE][INFO] - Starting run keyword runFeatureFile: 'Include/features/IST_Real/RTD/Check_MPF_Eligible_to_Disburse.feature' and extract report to folder: '/Users/chaidir.pratama01/Katalon Studio/IST_Automation_Git/Reports/20210121_153655/RTD/TS_RTD/20210121_153657/cucumber_report/1611219031133'...

2021-01-21 15:50:31 - [TEST_CASE][PASSED] - Start Test Case : SCENARIO Check Contract MPF Eligible to Disburse: SCENARIO Check Contract MPF Eligible to Disburse

2021-01-21 15:50:31 - [TEST_STEP][PASSED] - Connect to Database RTD: Connect to Database RTD

2021-01-21 15:50:31 - [MESSAGE][PASSED] - Connect to Database RTD

2021-01-21 15:50:31 - [TEST_STEP][PASSED] - Select Contract MPF that Eligible to Disburse: Select Contract MPF that Eligible to Disburse

2021-01-21 15:50:31 - [MESSAGE][PASSED] - Select Contract MPF that Eligible to Disburse

2021-01-21 15:50:31 - [MESSAGE][PASSED] - Feature file: 'Include/features/IST_Real/RTD/Check_MPF_Eligible_to_Disburse.feature' was passed]]></system-out>
         <system-err><![CDATA[]]></system-err>
      </testcase>
      <testcase name="Test Cases/RTD/TC_Check_MPF_Ready_to_Disburse" time="0.393" classname="Test Cases/RTD/TC_Check_MPF_Ready_to_Disburse" status="PASSED">
         <system-out><![CDATA[2021-01-21 15:50:31 - [TEST_CASE][PASSED] - Test Cases/RTD/TC_Check_MPF_Ready_to_Disburse: Test Cases/RTD/TC_Check_MPF_Ready_to_Disburse

2021-01-21 15:50:31 - [TEST_STEP][PASSED] - runFeatureFile("Include/features/IST_Real/RTD/Check_MPF_Ready_to_Disburse.feature"): Feature file: 'Include/features/IST_Real/RTD/Check_MPF_Ready_to_Disburse.feature' was passed

2021-01-21 15:50:31 - [MESSAGE][INFO] - Starting run keyword runFeatureFile: 'Include/features/IST_Real/RTD/Check_MPF_Ready_to_Disburse.feature' and extract report to folder: '/Users/chaidir.pratama01/Katalon Studio/IST_Automation_Git/Reports/20210121_153655/RTD/TS_RTD/20210121_153657/cucumber_report/1611219031637'...

2021-01-21 15:50:31 - [TEST_CASE][PASSED] - Start Test Case : SCENARIO Check Contract from RTD_CONTRACT where STATUS is READY TO DISBURSE: SCENARIO Check Contract from RTD_CONTRACT where STATUS is READY TO DISBURSE

2021-01-21 15:50:31 - [TEST_STEP][PASSED] - Connect to Database RTD: Connect to Database RTD

2021-01-21 15:50:31 - [MESSAGE][PASSED] - Connect to Database RTD

2021-01-21 15:50:31 - [TEST_STEP][PASSED] - Select Contract from Table in DB with Query "SELECT * FROM RTD_CONTRACT WHERE STATUS=5": Select Contract from Table in DB with Query "SELECT * FROM RTD_CONTRACT WHERE STATUS=5"

2021-01-21 15:50:31 - [MESSAGE][PASSED] - Select Contract from Table in DB with Query "SELECT * FROM RTD_CONTRACT WHERE STATUS=5"

2021-01-21 15:50:31 - [MESSAGE][PASSED] - Feature file: 'Include/features/IST_Real/RTD/Check_MPF_Ready_to_Disburse.feature' was passed]]></system-out>
         <system-err><![CDATA[]]></system-err>
      </testcase>
      <testcase name="Test Cases/RTD/TC_Check_MPF_Waiting_for_Approval_from_InPayment" time="0.368" classname="Test Cases/RTD/TC_Check_MPF_Waiting_for_Approval_from_InPayment" status="PASSED">
         <system-out><![CDATA[2021-01-21 15:50:31 - [TEST_CASE][PASSED] - Test Cases/RTD/TC_Check_MPF_Waiting_for_Approval_from_InPayment: Test Cases/RTD/TC_Check_MPF_Waiting_for_Approval_from_InPayment

2021-01-21 15:50:32 - [TEST_STEP][PASSED] - runFeatureFile("Include/features/IST_Real/RTD/Check_MPF_Waiting_for_Approval_from_InPayment.feature"): Feature file: 'Include/features/IST_Real/RTD/Check_MPF_Waiting_for_Approval_from_InPayment.feature' was passed

2021-01-21 15:50:32 - [MESSAGE][INFO] - Starting run keyword runFeatureFile: 'Include/features/IST_Real/RTD/Check_MPF_Waiting_for_Approval_from_InPayment.feature' and extract report to folder: '/Users/chaidir.pratama01/Katalon Studio/IST_Automation_Git/Reports/20210121_153655/RTD/TS_RTD/20210121_153657/cucumber_report/1611219032026'...

2021-01-21 15:50:32 - [TEST_CASE][PASSED] - Start Test Case : SCENARIO Check Contract from RTD_CONTRACT_TEMP where Status is Waiting for approval from In Payment: SCENARIO Check Contract from RTD_CONTRACT_TEMP where Status is Waiting for approval from In Payment

2021-01-21 15:50:32 - [TEST_STEP][PASSED] - Connect to Database RTD: Connect to Database RTD

2021-01-21 15:50:32 - [MESSAGE][PASSED] - Connect to Database RTD

2021-01-21 15:50:32 - [TEST_STEP][PASSED] - Select Contract from Table in DB with Query "SELECT * FROM RTD_CONTRACT WHERE STATUS=3": Select Contract from Table in DB with Query "SELECT * FROM RTD_CONTRACT WHERE STATUS=3"

2021-01-21 15:50:32 - [MESSAGE][PASSED] - Select Contract from Table in DB with Query "SELECT * FROM RTD_CONTRACT WHERE STATUS=3"

2021-01-21 15:50:32 - [MESSAGE][PASSED] - Feature file: 'Include/features/IST_Real/RTD/Check_MPF_Waiting_for_Approval_from_InPayment.feature' was passed]]></system-out>
         <system-err><![CDATA[]]></system-err>
      </testcase>
      <testcase name="Test Cases/RTD/TC_Check_MPF_DONE" time="0.415" classname="Test Cases/RTD/TC_Check_MPF_DONE" status="PASSED">
         <system-out><![CDATA[2021-01-21 15:50:32 - [TEST_CASE][PASSED] - Test Cases/RTD/TC_Check_MPF_DONE: Test Cases/RTD/TC_Check_MPF_DONE

2021-01-21 15:50:32 - [TEST_STEP][PASSED] - runFeatureFile("Include/features/IST_Real/RTD/Check_MPF_DONE.feature"): Feature file: 'Include/features/IST_Real/RTD/Check_MPF_DONE.feature' was passed

2021-01-21 15:50:32 - [MESSAGE][INFO] - Starting run keyword runFeatureFile: 'Include/features/IST_Real/RTD/Check_MPF_DONE.feature' and extract report to folder: '/Users/chaidir.pratama01/Katalon Studio/IST_Automation_Git/Reports/20210121_153655/RTD/TS_RTD/20210121_153657/cucumber_report/1611219032386'...

2021-01-21 15:50:32 - [TEST_CASE][PASSED] - Start Test Case : SCENARIO Check Contract from RTD_CONTRACT where STATUS is DONE: SCENARIO Check Contract from RTD_CONTRACT where STATUS is DONE

2021-01-21 15:50:32 - [TEST_STEP][PASSED] - Connect to Database RTD: Connect to Database RTD

2021-01-21 15:50:32 - [MESSAGE][PASSED] - Connect to Database RTD

2021-01-21 15:50:32 - [TEST_STEP][PASSED] - Select Contract from Table in DB with Query "SELECT RTD_CONTRACT_TEMP.KTP,RTD_CONTRACT_TEMP.CONTRACT_ID,RTD_CONTRACT_TEMP.RECIPIENT_BANK_ACCOUNT_NUMBER,RTD_CONTRACT_TEMP.STATUS FROM RTD_CONTRACT_TEMP LEFT JOIN RTD_CONTRACT ON RTD_CONTRACT_TEMP.CONTRACT_ID=RTD_CONTRACT.CONTRACT_ID WHERE RTD_CONTRACT_TEMP.TYPE_CONTRACT='MPF' AND RTD_CONTRACT.STATUS=11 AND RTD_CONTRACT_TEMP.IS_RTD='Y' AND RTD_CONTRACT.PGW_RESPONSE_CODE='00'": Select Contract from Table in DB with Query "SELECT RTD_CONTRACT_TEMP.KTP,RTD_CONTRACT_TEMP.CONTRACT_ID,RTD_CONTRACT_TEMP.RECIPIENT_BANK_ACCOUNT_NUMBER,RTD_CONTRACT_TEMP.STATUS FROM RTD_CONTRACT_TEMP LEFT JOIN RTD_CONTRACT ON RTD_CONTRACT_TEMP.CONTRACT_ID=RTD_CONTRACT.CONTRACT_ID WHERE RTD_CONTRACT_TEMP.TYPE_CONTRACT='MPF' AND RTD_CONTRACT.STATUS=11 AND RTD_CONTRACT_TEMP.IS_RTD='Y' AND RTD_CONTRACT.PGW_RESPONSE_CODE='00'"

2021-01-21 15:50:32 - [MESSAGE][PASSED] - Select Contract from Table in DB with Query "SELECT RTD_CONTRACT_TEMP.KTP,RTD_CONTRACT_TEMP.CONTRACT_ID,RTD_CONTRACT_TEMP.RECIPIENT_BANK_ACCOUNT_NUMBER,RTD_CONTRACT_TEMP.STATUS FROM RTD_CONTRACT_TEMP LEFT JOIN RTD_CONTRACT ON RTD_CONTRACT_TEMP.CONTRACT_ID=RTD_CONTRACT.CONTRACT_ID WHERE RTD_CONTRACT_TEMP.TYPE_CONTRACT='MPF' AND RTD_CONTRACT.STATUS=11 AND RTD_CONTRACT_TEMP.IS_RTD='Y' AND RTD_CONTRACT.PGW_RESPONSE_CODE='00'"

2021-01-21 15:50:32 - [MESSAGE][PASSED] - Feature file: 'Include/features/IST_Real/RTD/Check_MPF_DONE.feature' was passed]]></system-out>
         <system-err><![CDATA[]]></system-err>
      </testcase>
      <testcase name="Test Cases/RTD/TC_Check_MPF_Waiting_Approval_From_Risk" time="0.366" classname="Test Cases/RTD/TC_Check_MPF_Waiting_Approval_From_Risk" status="PASSED">
         <system-out><![CDATA[2021-01-21 15:50:32 - [TEST_CASE][PASSED] - Test Cases/RTD/TC_Check_MPF_Waiting_Approval_From_Risk: Test Cases/RTD/TC_Check_MPF_Waiting_Approval_From_Risk

2021-01-21 15:50:32 - [TEST_STEP][PASSED] - runFeatureFile("Include/features/IST_Real/RTD/Check_MPF_Waiting_Approval_From_Risk.feature"): Feature file: 'Include/features/IST_Real/RTD/Check_MPF_Waiting_Approval_From_Risk.feature' was passed

2021-01-21 15:50:32 - [MESSAGE][INFO] - Starting run keyword runFeatureFile: 'Include/features/IST_Real/RTD/Check_MPF_Waiting_Approval_From_Risk.feature' and extract report to folder: '/Users/chaidir.pratama01/Katalon Studio/IST_Automation_Git/Reports/20210121_153655/RTD/TS_RTD/20210121_153657/cucumber_report/1611219032820'...

2021-01-21 15:50:32 - [TEST_CASE][PASSED] - Start Test Case : SCENARIO Check Contract from RTD_CONTRACT where Status is Waiting for Approval Risk: SCENARIO Check Contract from RTD_CONTRACT where Status is Waiting for Approval Risk

2021-01-21 15:50:32 - [TEST_STEP][PASSED] - Connect to Database RTD: Connect to Database RTD

2021-01-21 15:50:33 - [MESSAGE][PASSED] - Connect to Database RTD

2021-01-21 15:50:33 - [TEST_STEP][PASSED] - Select Contract from Table in DB with Query "SELECT * FROM RTD_CONTRACT WHERE STATUS=2": Select Contract from Table in DB with Query "SELECT * FROM RTD_CONTRACT WHERE STATUS=2"

2021-01-21 15:50:33 - [MESSAGE][PASSED] - Select Contract from Table in DB with Query "SELECT * FROM RTD_CONTRACT WHERE STATUS=2"

2021-01-21 15:50:33 - [MESSAGE][PASSED] - Feature file: 'Include/features/IST_Real/RTD/Check_MPF_Waiting_Approval_From_Risk.feature' was passed]]></system-out>
         <system-err><![CDATA[]]></system-err>
      </testcase>
      <testcase name="Test Cases/RTD/TC_Check_MPF_Manual_DIsbursment" time="0.497" classname="Test Cases/RTD/TC_Check_MPF_Manual_DIsbursment" status="PASSED">
         <system-out><![CDATA[2021-01-21 15:50:33 - [TEST_CASE][PASSED] - Test Cases/RTD/TC_Check_MPF_Manual_DIsbursment: Test Cases/RTD/TC_Check_MPF_Manual_DIsbursment

2021-01-21 15:50:33 - [TEST_STEP][PASSED] - runFeatureFile("Include/features/IST_Real/RTD/Check_MPF_Manual_DIsbursment.feature"): Feature file: 'Include/features/IST_Real/RTD/Check_MPF_Manual_DIsbursment.feature' was passed

2021-01-21 15:50:33 - [MESSAGE][INFO] - Starting run keyword runFeatureFile: 'Include/features/IST_Real/RTD/Check_MPF_Manual_DIsbursment.feature' and extract report to folder: '/Users/chaidir.pratama01/Katalon Studio/IST_Automation_Git/Reports/20210121_153655/RTD/TS_RTD/20210121_153657/cucumber_report/1611219033196'...

2021-01-21 15:50:33 - [TEST_CASE][PASSED] - Start Test Case : SCENARIO Check Contract from RTD_CONTRACT where STATUS is MANUAL DISBURSMENT: SCENARIO Check Contract from RTD_CONTRACT where STATUS is MANUAL DISBURSMENT

2021-01-21 15:50:33 - [TEST_STEP][PASSED] - Connect to Database RTD: Connect to Database RTD

2021-01-21 15:50:33 - [MESSAGE][PASSED] - Connect to Database RTD

2021-01-21 15:50:33 - [TEST_STEP][PASSED] - Select Contract from Table in DB with Query "SELECT * FROM RTD_CONTRACT WHERE STATUS=10": Select Contract from Table in DB with Query "SELECT * FROM RTD_CONTRACT WHERE STATUS=10"

2021-01-21 15:50:33 - [MESSAGE][PASSED] - Select Contract from Table in DB with Query "SELECT * FROM RTD_CONTRACT WHERE STATUS=10"

2021-01-21 15:50:33 - [MESSAGE][PASSED] - Feature file: 'Include/features/IST_Real/RTD/Check_MPF_Manual_DIsbursment.feature' was passed]]></system-out>
         <system-err><![CDATA[]]></system-err>
      </testcase>
      <testcase name="Test Cases/RTD/TC_Check_MPF_is_Not_Eligible_to_Disburse" time="0.423" classname="Test Cases/RTD/TC_Check_MPF_is_Not_Eligible_to_Disburse" status="PASSED">
         <system-out><![CDATA[2021-01-21 15:50:33 - [TEST_CASE][PASSED] - Test Cases/RTD/TC_Check_MPF_is_Not_Eligible_to_Disburse: Test Cases/RTD/TC_Check_MPF_is_Not_Eligible_to_Disburse

2021-01-21 15:50:33 - [TEST_STEP][PASSED] - runFeatureFile("Include/features/IST_Real/RTD/Check_MPF_is_Not_Eligible_to_Disburse.feature"): Feature file: 'Include/features/IST_Real/RTD/Check_MPF_is_Not_Eligible_to_Disburse.feature' was passed

2021-01-21 15:50:33 - [MESSAGE][INFO] - Starting run keyword runFeatureFile: 'Include/features/IST_Real/RTD/Check_MPF_is_Not_Eligible_to_Disburse.feature' and extract report to folder: '/Users/chaidir.pratama01/Katalon Studio/IST_Automation_Git/Reports/20210121_153655/RTD/TS_RTD/20210121_153657/cucumber_report/1611219033668'...

2021-01-21 15:50:33 - [TEST_CASE][PASSED] - Start Test Case : SCENARIO Check Contract from RTD_CONTRACT where STATUS is Not Eligible to Disburse: SCENARIO Check Contract from RTD_CONTRACT where STATUS is Not Eligible to Disburse

2021-01-21 15:50:33 - [TEST_STEP][PASSED] - Connect to Database RTD: Connect to Database RTD

2021-01-21 15:50:33 - [MESSAGE][PASSED] - Connect to Database RTD

2021-01-21 15:50:33 - [TEST_STEP][PASSED] - Select Contract from Table in DB with Query "SELECT * FROM RTD_CONTRACT WHERE STATUS=4": Select Contract from Table in DB with Query "SELECT * FROM RTD_CONTRACT WHERE STATUS=4"

2021-01-21 15:50:34 - [MESSAGE][PASSED] - Select Contract from Table in DB with Query "SELECT * FROM RTD_CONTRACT WHERE STATUS=4"

2021-01-21 15:50:34 - [MESSAGE][PASSED] - Feature file: 'Include/features/IST_Real/RTD/Check_MPF_is_Not_Eligible_to_Disburse.feature' was passed]]></system-out>
         <system-err><![CDATA[]]></system-err>
      </testcase>
      <testcase name="Test Cases/RTD/TC_Check_MPF_Insufficient_Fund" time="0.402" classname="Test Cases/RTD/TC_Check_MPF_Insufficient_Fund" status="PASSED">
         <system-out><![CDATA[2021-01-21 15:50:34 - [TEST_CASE][PASSED] - Test Cases/RTD/TC_Check_MPF_Insufficient_Fund: Test Cases/RTD/TC_Check_MPF_Insufficient_Fund

2021-01-21 15:50:34 - [TEST_STEP][PASSED] - runFeatureFile("Include/features/IST_Real/RTD/Check_MPF_Insufficient_Fund.feature"): Feature file: 'Include/features/IST_Real/RTD/Check_MPF_Insufficient_Fund.feature' was passed

2021-01-21 15:50:34 - [MESSAGE][INFO] - Starting run keyword runFeatureFile: 'Include/features/IST_Real/RTD/Check_MPF_Insufficient_Fund.feature' and extract report to folder: '/Users/chaidir.pratama01/Katalon Studio/IST_Automation_Git/Reports/20210121_153655/RTD/TS_RTD/20210121_153657/cucumber_report/1611219034095'...

2021-01-21 15:50:34 - [TEST_CASE][PASSED] - Start Test Case : SCENARIO Check Contract from RTD_CONTRACT where STATUS is Insufficient Fund: SCENARIO Check Contract from RTD_CONTRACT where STATUS is Insufficient Fund

2021-01-21 15:50:34 - [TEST_STEP][PASSED] - Connect to Database RTD: Connect to Database RTD

2021-01-21 15:50:34 - [MESSAGE][PASSED] - Connect to Database RTD

2021-01-21 15:50:34 - [TEST_STEP][PASSED] - Select Contract from Table in DB with Query "SELECT * FROM RTD_CONTRACT WHERE STATUS=8": Select Contract from Table in DB with Query "SELECT * FROM RTD_CONTRACT WHERE STATUS=8"

2021-01-21 15:50:34 - [MESSAGE][PASSED] - Select Contract from Table in DB with Query "SELECT * FROM RTD_CONTRACT WHERE STATUS=8"

2021-01-21 15:50:34 - [MESSAGE][PASSED] - Feature file: 'Include/features/IST_Real/RTD/Check_MPF_Insufficient_Fund.feature' was passed]]></system-out>
         <system-err><![CDATA[]]></system-err>
      </testcase>
      <testcase name="Test Cases/RTD/TC_Check_MPF_Failed_Due_to_System_Error" time="0.462" classname="Test Cases/RTD/TC_Check_MPF_Failed_Due_to_System_Error" status="PASSED">
         <system-out><![CDATA[2021-01-21 15:50:34 - [TEST_CASE][PASSED] - Test Cases/RTD/TC_Check_MPF_Failed_Due_to_System_Error: Test Cases/RTD/TC_Check_MPF_Failed_Due_to_System_Error

2021-01-21 15:50:34 - [TEST_STEP][PASSED] - runFeatureFile("Include/features/IST_Real/RTD/Check_MPF_Failed_Due_to_System_Error.feature"): Feature file: 'Include/features/IST_Real/RTD/Check_MPF_Failed_Due_to_System_Error.feature' was passed

2021-01-21 15:50:34 - [MESSAGE][INFO] - Starting run keyword runFeatureFile: 'Include/features/IST_Real/RTD/Check_MPF_Failed_Due_to_System_Error.feature' and extract report to folder: '/Users/chaidir.pratama01/Katalon Studio/IST_Automation_Git/Reports/20210121_153655/RTD/TS_RTD/20210121_153657/cucumber_report/1611219034505'...

2021-01-21 15:50:34 - [TEST_CASE][PASSED] - Start Test Case : SCENARIO Check Contract from RTD_CONTRACT where STATUS is Failed Due to System Error: SCENARIO Check Contract from RTD_CONTRACT where STATUS is Failed Due to System Error

2021-01-21 15:50:34 - [TEST_STEP][PASSED] - Connect to Database RTD: Connect to Database RTD

2021-01-21 15:50:34 - [MESSAGE][PASSED] - Connect to Database RTD

2021-01-21 15:50:34 - [TEST_STEP][PASSED] - Select Contract from Table in DB with Query "SELECT * FROM RTD_CONTRACT WHERE STATUS=7": Select Contract from Table in DB with Query "SELECT * FROM RTD_CONTRACT WHERE STATUS=7"

2021-01-21 15:50:34 - [MESSAGE][PASSED] - Select Contract from Table in DB with Query "SELECT * FROM RTD_CONTRACT WHERE STATUS=7"

2021-01-21 15:50:34 - [MESSAGE][PASSED] - Feature file: 'Include/features/IST_Real/RTD/Check_MPF_Failed_Due_to_System_Error.feature' was passed]]></system-out>
         <system-err><![CDATA[]]></system-err>
      </testcase>
      <testcase name="Test Cases/RTD/TC_Check_MPF_Success_to_Disburse" time="0.34" classname="Test Cases/RTD/TC_Check_MPF_Success_to_Disburse" status="PASSED">
         <system-out><![CDATA[2021-01-21 15:50:34 - [TEST_CASE][PASSED] - Test Cases/RTD/TC_Check_MPF_Success_to_Disburse: Test Cases/RTD/TC_Check_MPF_Success_to_Disburse

2021-01-21 15:50:34 - [TEST_STEP][PASSED] - runFeatureFile("Include/features/IST_Real/RTD/Check_MPF_Success_to_Disburse.feature"): Feature file: 'Include/features/IST_Real/RTD/Check_MPF_Success_to_Disburse.feature' was passed

2021-01-21 15:50:34 - [MESSAGE][INFO] - Starting run keyword runFeatureFile: 'Include/features/IST_Real/RTD/Check_MPF_Success_to_Disburse.feature' and extract report to folder: '/Users/chaidir.pratama01/Katalon Studio/IST_Automation_Git/Reports/20210121_153655/RTD/TS_RTD/20210121_153657/cucumber_report/1611219034974'...

2021-01-21 15:50:35 - [TEST_CASE][PASSED] - Start Test Case : SCENARIO Check Contract RTD_CONTRACT where STATUS is Success to Disburse: SCENARIO Check Contract RTD_CONTRACT where STATUS is Success to Disburse

2021-01-21 15:50:35 - [TEST_STEP][PASSED] - Connect to Database RTD: Connect to Database RTD

2021-01-21 15:50:35 - [MESSAGE][PASSED] - Connect to Database RTD

2021-01-21 15:50:35 - [TEST_STEP][PASSED] - Select Contract from Table in DB with Query "SELECT * FROM RTD_CONTRACT WHERE STATUS=13": Select Contract from Table in DB with Query "SELECT * FROM RTD_CONTRACT WHERE STATUS=13"

2021-01-21 15:50:35 - [MESSAGE][PASSED] - Select Contract from Table in DB with Query "SELECT * FROM RTD_CONTRACT WHERE STATUS=13"

2021-01-21 15:50:35 - [MESSAGE][PASSED] - Feature file: 'Include/features/IST_Real/RTD/Check_MPF_Success_to_Disburse.feature' was passed]]></system-out>
         <system-err><![CDATA[]]></system-err>
      </testcase>
      <testcase name="Test Cases/RTD/TC_Check_MPF_Failed_Due_to_Invalid_Bank_Account" time="0.314" classname="Test Cases/RTD/TC_Check_MPF_Failed_Due_to_Invalid_Bank_Account" status="PASSED">
         <system-out><![CDATA[2021-01-21 15:50:35 - [TEST_CASE][PASSED] - Test Cases/RTD/TC_Check_MPF_Failed_Due_to_Invalid_Bank_Account: Test Cases/RTD/TC_Check_MPF_Failed_Due_to_Invalid_Bank_Account

2021-01-21 15:50:35 - [TEST_STEP][PASSED] - runFeatureFile("Include/features/IST_Real/RTD/Check_MPF_Failed_Due_to_Invalid_Bank_Account.feature"): Feature file: 'Include/features/IST_Real/RTD/Check_MPF_Failed_Due_to_Invalid_Bank_Account.feature' was passed

2021-01-21 15:50:35 - [MESSAGE][INFO] - Starting run keyword runFeatureFile: 'Include/features/IST_Real/RTD/Check_MPF_Failed_Due_to_Invalid_Bank_Account.feature' and extract report to folder: '/Users/chaidir.pratama01/Katalon Studio/IST_Automation_Git/Reports/20210121_153655/RTD/TS_RTD/20210121_153657/cucumber_report/1611219035303'...

2021-01-21 15:50:35 - [TEST_CASE][PASSED] - Start Test Case : SCENARIO Check Contract from RTD_CONTRACT where STATUS is Failed Due to Invalid Bank Account: SCENARIO Check Contract from RTD_CONTRACT where STATUS is Failed Due to Invalid Bank Account

2021-01-21 15:50:35 - [TEST_STEP][PASSED] - Connect to Database RTD: Connect to Database RTD

2021-01-21 15:50:35 - [MESSAGE][PASSED] - Connect to Database RTD

2021-01-21 15:50:35 - [TEST_STEP][PASSED] - Select Contract from Table in DB with Query "SELECT * FROM RTD_CONTRACT WHERE STATUS=6": Select Contract from Table in DB with Query "SELECT * FROM RTD_CONTRACT WHERE STATUS=6"

2021-01-21 15:50:35 - [MESSAGE][PASSED] - Select Contract from Table in DB with Query "SELECT * FROM RTD_CONTRACT WHERE STATUS=6"

2021-01-21 15:50:35 - [MESSAGE][PASSED] - Feature file: 'Include/features/IST_Real/RTD/Check_MPF_Failed_Due_to_Invalid_Bank_Account.feature' was passed]]></system-out>
         <system-err><![CDATA[]]></system-err>
      </testcase>
      <testcase name="Test Cases/RTD/TC_Check_MPF_Waiting_Partner_Confirmation" time="0.33" classname="Test Cases/RTD/TC_Check_MPF_Waiting_Partner_Confirmation" status="PASSED">
         <system-out><![CDATA[2021-01-21 15:50:35 - [TEST_CASE][PASSED] - Test Cases/RTD/TC_Check_MPF_Waiting_Partner_Confirmation: Test Cases/RTD/TC_Check_MPF_Waiting_Partner_Confirmation

2021-01-21 15:50:35 - [TEST_STEP][PASSED] - runFeatureFile("Include/features/IST_Real/RTD/Check_MPF_Waiting_Partner_Confirmation.feature"): Feature file: 'Include/features/IST_Real/RTD/Check_MPF_Waiting_Partner_Confirmation.feature' was passed

2021-01-21 15:50:35 - [MESSAGE][INFO] - Starting run keyword runFeatureFile: 'Include/features/IST_Real/RTD/Check_MPF_Waiting_Partner_Confirmation.feature' and extract report to folder: '/Users/chaidir.pratama01/Katalon Studio/IST_Automation_Git/Reports/20210121_153655/RTD/TS_RTD/20210121_153657/cucumber_report/1611219035625'...

2021-01-21 15:50:35 - [TEST_CASE][PASSED] - Start Test Case : SCENARIO Check Contract from RTD_CONTRACT where STATUS is Waiting Partner Confirmation: SCENARIO Check Contract from RTD_CONTRACT where STATUS is Waiting Partner Confirmation

2021-01-21 15:50:35 - [TEST_STEP][PASSED] - Connect to Database RTD: Connect to Database RTD

2021-01-21 15:50:35 - [MESSAGE][PASSED] - Connect to Database RTD

2021-01-21 15:50:35 - [TEST_STEP][PASSED] - Select Contract from Table in DB with Query "SELECT * FROM RTD_CONTRACT WHERE STATUS=12": Select Contract from Table in DB with Query "SELECT * FROM RTD_CONTRACT WHERE STATUS=12"

2021-01-21 15:50:35 - [MESSAGE][PASSED] - Select Contract from Table in DB with Query "SELECT * FROM RTD_CONTRACT WHERE STATUS=12"

2021-01-21 15:50:35 - [MESSAGE][PASSED] - Feature file: 'Include/features/IST_Real/RTD/Check_MPF_Waiting_Partner_Confirmation.feature' was passed]]></system-out>
         <system-err><![CDATA[]]></system-err>
      </testcase>
      <system-out><![CDATA[2021-01-21 15:50:26 - [TEST_SUITE][PASSED] - TS_RTD: Test Cases/RTD/TC_Check_MPF_Waiting_Partner_Confirmation]]></system-out>
      <system-err><![CDATA[]]></system-err>
   </testsuite>
   <testsuite name="TS_Dashboard_for_CCC_OCS" tests="4" failures="0" errors="0" time="289.127" timestamp="2021-01-21 15:51:11" hostname="chaidir.pratama01 - 192.168.1.2" id="Test Suites/RTD/TS_Dashboard_for_CCC_OCS">
      <properties>
         <property name="deviceName" value=""/>
         <property name="devicePlatform" value=""/>
         <property name="logFolder" value="/Users/chaidir.pratama01/Katalon Studio/IST_Automation_Git/Reports/20210121_153655/RTD/TS_Dashboard_for_CCC_OCS/20210121_153658"/>
         <property name="logFiles" value="/Users/chaidir.pratama01/Katalon Studio/IST_Automation_Git/Reports/20210121_153655/RTD/TS_Dashboard_for_CCC_OCS/20210121_153658/execution0.log"/>
         <property name="attachments" value="/Users/chaidir.pratama01/Documents/Docs/Katalon Studio/Screenshot/test-Dashboard for CCC/OCS.png, /Users/chaidir.pratama01/Documents/Docs/Katalon Studio/Screenshot/test-Dashboard for CCC/OCS.png, /Users/chaidir.pratama01/Documents/Docs/Katalon Studio/Screenshot/test-Dashboard for CCC/OCS.png, /Users/chaidir.pratama01/Documents/Docs/Katalon Studio/Screenshot/test-Dashboard for CCC/OCS.png, /Users/chaidir.pratama01/Documents/Docs/Katalon Studio/Screenshot/test-Dashboard for CCC/OCS.png, /Users/chaidir.pratama01/Documents/Docs/Katalon Studio/Screenshot/test-Dashboard for CCC/OCS.png, /Users/chaidir.pratama01/Documents/Docs/Katalon Studio/Screenshot/test-Dashboard for CCC/OCS.png, /Users/chaidir.pratama01/Documents/Docs/Katalon Studio/Screenshot/test-Dashboard for CCC/OCS.png, /Users/chaidir.pratama01/Katalon Studio/IST_Automation_Git/Reports/20210121_153655/RTD/TS_Dashboard_for_CCC_OCS/20210121_153658/1611219202400.png, /Users/chaidir.pratama01/Documents/Docs/Katalon Studio/Screenshot/test-Dashboard for CCC/OCS.png, /Users/chaidir.pratama01/Katalon Studio/IST_Automation_Git/Reports/20210121_153655/RTD/TS_Dashboard_for_CCC_OCS/20210121_153658/1611219242980.png, /Users/chaidir.pratama01/Documents/Docs/Katalon Studio/Screenshot/test-Dashboard for CCC/OCS.png, /Users/chaidir.pratama01/Documents/Docs/Katalon Studio/Screenshot/test-Dashboard for CCC/OCS.png, /Users/chaidir.pratama01/Documents/Docs/Katalon Studio/Screenshot/test-Dashboard for CCC/OCS.png, /Users/chaidir.pratama01/Documents/Docs/Katalon Studio/Screenshot/test-Dashboard for CCC/OCS.png, /Users/chaidir.pratama01/Documents/Docs/Katalon Studio/Screenshot/test-Dashboard for CCC/OCS.png, /Users/chaidir.pratama01/Documents/Docs/Katalon Studio/Screenshot/test-Dashboard for CCC/OCS.png, /Users/chaidir.pratama01/Documents/Docs/Katalon Studio/Screenshot/test-Dashboard for CCC/OCS.png, /Users/chaidir.pratama01/Documents/Docs/Katalon Studio/Screenshot/Download_data.png"/>
         <property name="hostName" value="chaidir.pratama01 - 192.168.1.2"/>
         <property name="os" value="Mac OS X 64bit"/>
         <property name="katalonVersion" value="7.6.0.${buildNumber}"/>
         <property name="browser" value="Chrome 87.0.4280.141"/>
         <property name="hostAddress" value="192.168.1.2"/>
         <property name="sessionId" value="4bac5b6ca40d08321754187c7852b618"/>
         <property name="seleniumVersion" value="3.141.59"/>
         <property name="proxyInformation" value="ProxyInformation { proxyOption=NO_PROXY, proxyServerType=HTTP, username=, password=********, proxyServerAddress=, proxyServerPort=0, executionList=\&quot;\&quot;, isApplyToDesiredCapabilities=true }"/>
         <property name="platform" value="Mac OS X"/>
      </properties>
      <testcase name="Test Cases/RTD/Dashboard for CCC OCS/TC_Search_by_Status" time="228.09" classname="Test Cases/RTD/Dashboard for CCC OCS/TC_Search_by_Status" status="PASSED">
         <system-out><![CDATA[2021-01-21 15:51:11 - [TEST_CASE][PASSED] - Test Cases/RTD/Dashboard for CCC OCS/TC_Search_by_Status: Test Cases/RTD/Dashboard for CCC OCS/TC_Search_by_Status

2021-01-21 15:51:11 - [TEST_STEP][PASSED] - runFeatureFile("Include/features/IST_Real/RTD/Dashboard_for_CCC_OCS/Search_by_STATUS_CCC_OCS.feature"): Feature file: 'Include/features/IST_Real/RTD/Dashboard_for_CCC_OCS/Search_by_STATUS_CCC_OCS.feature' was passed

2021-01-21 15:51:11 - [MESSAGE][INFO] - Starting run keyword runFeatureFile: 'Include/features/IST_Real/RTD/Dashboard_for_CCC_OCS/Search_by_STATUS_CCC_OCS.feature' and extract report to folder: '/Users/chaidir.pratama01/Katalon Studio/IST_Automation_Git/Reports/20210121_153655/RTD/TS_Dashboard_for_CCC_OCS/20210121_153658/cucumber_report/1611219071870'...

2021-01-21 15:51:12 - [TEST_CASE][PASSED] - Start Test Case : SCENARIO Search by STATUS Eligible to Disburse: SCENARIO Search by STATUS Eligible to Disburse

2021-01-21 15:51:12 - [TEST_STEP][PASSED] - Go to ISTools: Go to ISTools

2021-01-21 15:51:12 - [MESSAGE][INFO] - Starting 'Chrome (headless)' driver

2021-01-21 15:51:12 - [MESSAGE][INFO] - User set preference: ['args', '[--start-maximized, --disable-gpu, --no-proxy-server, â€“-no-sandbox, --allow-running-insecure-content, --ignore-certificate-errors, window-size=1680,814, force-device-scale-factor=2, --lang=en-GB]']

2021-01-21 15:51:12 - [MESSAGE][INFO] - User set preference: ['prefs', '{download.default_directory=/Users/chaidir.pratama01/Katalon Studio/IST_Automation_Git/Download}']

2021-01-21 15:51:12 - [MESSAGE][INFO] - Action delay is set to 0 milliseconds

2021-01-21 15:51:13 - [MESSAGE][PASSED] - Browser is opened with url: ''

2021-01-21 15:51:15 - [MESSAGE][PASSED] - Navigate to 'https://dev-istools.homecredit.id/foundation/' successfully

2021-01-21 15:51:15 - [MESSAGE][PASSED] - Go to ISTools

2021-01-21 15:51:15 - [TEST_STEP][PASSED] - Login IST with valid credentials: Login IST with valid credentials

2021-01-21 15:51:15 - [MESSAGE][PASSED] - Text 'mobile.test' is set on object 'Object Repository/Page_/input_Username_j_username'

2021-01-21 15:51:15 - [MESSAGE][PASSED] - Text ****** has been set on object 'Object Repository/Page_/input_Password_j_password'

2021-01-21 15:51:16 - [MESSAGE][PASSED] - Object: 'Object Repository/Page_/button_Login' is clicked on

2021-01-21 15:51:16 - [MESSAGE][PASSED] - Login IST with valid credentials

2021-01-21 15:51:16 - [TEST_STEP][PASSED] - Login Success: Login Success

2021-01-21 15:51:16 - [MESSAGE][INFO] - Login Success

2021-01-21 15:51:16 - [MESSAGE][PASSED] - Current window maximized

2021-01-21 15:51:16 - [MESSAGE][PASSED] - Object 'Object Repository/Page_/h1_Welcome to IT Supporting Tools' is present

2021-01-21 15:51:16 - [MESSAGE][PASSED] - Login Success

2021-01-21 15:51:16 - [TEST_STEP][PASSED] - Select Arrow Menu "Real Time Disbursement": Select Arrow Menu "Real Time Disbursement"

2021-01-21 15:51:16 - [MESSAGE][PASSED] - Object: '' is clicked on

2021-01-21 15:51:16 - [MESSAGE][PASSED] - Select Arrow Menu "Real Time Disbursement"

2021-01-21 15:51:16 - [TEST_STEP][PASSED] - Select Menu "Dashboard for CCC/OCS": Select Menu "Dashboard for CCC/OCS"

2021-01-21 15:51:16 - [MESSAGE][PASSED] - Taking screenshot successfully
[[ATTACHMENT|/Users/chaidir.pratama01/Documents/Docs/Katalon Studio/Screenshot/test-Dashboard for CCC/OCS.png]]

2021-01-21 15:51:16 - [MESSAGE][PASSED] - Object '' is present

2021-01-21 15:51:16 - [MESSAGE][PASSED] - Object: '' is clicked on

2021-01-21 15:51:16 - [MESSAGE][PASSED] - Wait for page load successfully

2021-01-21 15:51:16 - [MESSAGE][PASSED] - Select Menu "Dashboard for CCC/OCS"

2021-01-21 15:51:16 - [TEST_STEP][PASSED] - Select STATUS "Eligible to disburse": Select STATUS "Eligible to disburse"

2021-01-21 15:51:17 - [MESSAGE][PASSED] - All options with value 'Eligible to disburse' are selected in object ''  using regular expression

2021-01-21 15:51:17 - [MESSAGE][PASSED] - Select STATUS "Eligible to disburse"

2021-01-21 15:51:17 - [TEST_STEP][PASSED] - Click button "Search": Click button "Search"

2021-01-21 15:51:17 - [MESSAGE][INFO] - >>>>>//Button[contains(text(),'Search')]

2021-01-21 15:51:20 - [MESSAGE][PASSED] - Object '' is present

2021-01-21 15:51:20 - [MESSAGE][PASSED] - Object: '' is clicked on

2021-01-21 15:51:20 - [MESSAGE][PASSED] - Switched to window with index: '0'

2021-01-21 15:51:20 - [MESSAGE][PASSED] - Click button "Search"

2021-01-21 15:51:20 - [TEST_STEP][PASSED] - Verify Search Result Presents: Verify Search Result Presents

2021-01-21 15:51:20 - [MESSAGE][PASSED] - Object '' is present

2021-01-21 15:51:27 - [MESSAGE][PASSED] - Verify Search Result Presents

2021-01-21 15:51:27 - [TEST_STEP][PASSED] - Click button "Logout": Click button "Logout"

2021-01-21 15:51:27 - [MESSAGE][INFO] - >>>>>//Button[contains(text(),'Logout')]

2021-01-21 15:51:30 - [MESSAGE][PASSED] - Object '' is present

2021-01-21 15:51:30 - [MESSAGE][PASSED] - Object: '' is clicked on

2021-01-21 15:51:30 - [MESSAGE][PASSED] - Switched to window with index: '0'

2021-01-21 15:51:30 - [MESSAGE][PASSED] - Click button "Logout"

2021-01-21 15:51:30 - [TEST_STEP][PASSED] - Close browser: Close browser

2021-01-21 15:51:30 - [MESSAGE][PASSED] - Browser is closed

2021-01-21 15:51:30 - [MESSAGE][PASSED] - Close browser

2021-01-21 15:51:30 - [TEST_CASE][PASSED] - Start Test Case : SCENARIO Search by STATUS Waiting approval from Risk: SCENARIO Search by STATUS Waiting approval from Risk

2021-01-21 15:51:30 - [TEST_STEP][PASSED] - Go to ISTools: Go to ISTools

2021-01-21 15:51:30 - [MESSAGE][INFO] - Starting 'Chrome (headless)' driver

2021-01-21 15:51:30 - [MESSAGE][INFO] - User set preference: ['args', '[--start-maximized, --disable-gpu, --no-proxy-server, â€“-no-sandbox, --allow-running-insecure-content, --ignore-certificate-errors, window-size=1680,814, force-device-scale-factor=2, --lang=en-GB]']

2021-01-21 15:51:30 - [MESSAGE][INFO] - User set preference: ['prefs', '{download.default_directory=/Users/chaidir.pratama01/Katalon Studio/IST_Automation_Git/Download}']

2021-01-21 15:51:30 - [MESSAGE][INFO] - Action delay is set to 0 milliseconds

2021-01-21 15:51:31 - [MESSAGE][PASSED] - Browser is opened with url: ''

2021-01-21 15:51:32 - [MESSAGE][PASSED] - Navigate to 'https://dev-istools.homecredit.id/foundation/' successfully

2021-01-21 15:51:32 - [MESSAGE][PASSED] - Go to ISTools

2021-01-21 15:51:32 - [TEST_STEP][PASSED] - Login IST with valid credentials: Login IST with valid credentials

2021-01-21 15:51:32 - [MESSAGE][PASSED] - Text 'mobile.test' is set on object 'Object Repository/Page_/input_Username_j_username'

2021-01-21 15:51:32 - [MESSAGE][PASSED] - Text ****** has been set on object 'Object Repository/Page_/input_Password_j_password'

2021-01-21 15:51:32 - [MESSAGE][PASSED] - Object: 'Object Repository/Page_/button_Login' is clicked on

2021-01-21 15:51:32 - [MESSAGE][PASSED] - Login IST with valid credentials

2021-01-21 15:51:32 - [TEST_STEP][PASSED] - Login Success: Login Success

2021-01-21 15:51:32 - [MESSAGE][INFO] - Login Success

2021-01-21 15:51:32 - [MESSAGE][PASSED] - Current window maximized

2021-01-21 15:51:32 - [MESSAGE][PASSED] - Object 'Object Repository/Page_/h1_Welcome to IT Supporting Tools' is present

2021-01-21 15:51:32 - [MESSAGE][PASSED] - Login Success

2021-01-21 15:51:32 - [TEST_STEP][PASSED] - Select Arrow Menu "Real Time Disbursement": Select Arrow Menu "Real Time Disbursement"

2021-01-21 15:51:32 - [MESSAGE][PASSED] - Object: '' is clicked on

2021-01-21 15:51:32 - [MESSAGE][PASSED] - Select Arrow Menu "Real Time Disbursement"

2021-01-21 15:51:32 - [TEST_STEP][PASSED] - Select Menu "Dashboard for CCC/OCS": Select Menu "Dashboard for CCC/OCS"

2021-01-21 15:51:33 - [MESSAGE][PASSED] - Taking screenshot successfully
[[ATTACHMENT|/Users/chaidir.pratama01/Documents/Docs/Katalon Studio/Screenshot/test-Dashboard for CCC/OCS.png]]

2021-01-21 15:51:33 - [MESSAGE][PASSED] - Object '' is present

2021-01-21 15:51:33 - [MESSAGE][PASSED] - Object: '' is clicked on

2021-01-21 15:51:33 - [MESSAGE][PASSED] - Wait for page load successfully

2021-01-21 15:51:33 - [MESSAGE][PASSED] - Select Menu "Dashboard for CCC/OCS"

2021-01-21 15:51:33 - [TEST_STEP][PASSED] - Select STATUS "Waiting approval from Risk": Select STATUS "Waiting approval from Risk"

2021-01-21 15:51:33 - [MESSAGE][PASSED] - All options with value 'Waiting approval from Risk' are selected in object ''  using regular expression

2021-01-21 15:51:33 - [MESSAGE][PASSED] - Select STATUS "Waiting approval from Risk"

2021-01-21 15:51:33 - [TEST_STEP][PASSED] - Click button "Search": Click button "Search"

2021-01-21 15:51:33 - [MESSAGE][INFO] - >>>>>//Button[contains(text(),'Search')]

2021-01-21 15:51:36 - [MESSAGE][PASSED] - Object '' is present

2021-01-21 15:51:36 - [MESSAGE][PASSED] - Object: '' is clicked on

2021-01-21 15:51:36 - [MESSAGE][PASSED] - Switched to window with index: '0'

2021-01-21 15:51:36 - [MESSAGE][PASSED] - Click button "Search"

2021-01-21 15:51:36 - [TEST_STEP][PASSED] - Verify Search Result Presents: Verify Search Result Presents

2021-01-21 15:51:37 - [MESSAGE][PASSED] - Object '' is present

2021-01-21 15:51:39 - [MESSAGE][PASSED] - Verify Search Result Presents

2021-01-21 15:51:39 - [TEST_STEP][PASSED] - Click button "Logout": Click button "Logout"

2021-01-21 15:51:39 - [MESSAGE][INFO] - >>>>>//Button[contains(text(),'Logout')]

2021-01-21 15:51:42 - [MESSAGE][PASSED] - Object '' is present

2021-01-21 15:51:42 - [MESSAGE][PASSED] - Object: '' is clicked on

2021-01-21 15:51:42 - [MESSAGE][PASSED] - Switched to window with index: '0'

2021-01-21 15:51:42 - [MESSAGE][PASSED] - Click button "Logout"

2021-01-21 15:51:42 - [TEST_STEP][PASSED] - Close browser: Close browser

2021-01-21 15:51:42 - [MESSAGE][PASSED] - Browser is closed

2021-01-21 15:51:42 - [MESSAGE][PASSED] - Close browser

2021-01-21 15:51:42 - [TEST_CASE][PASSED] - Start Test Case : SCENARIO Search by STATUS Waiting for approval from In Payment: SCENARIO Search by STATUS Waiting for approval from In Payment

2021-01-21 15:51:42 - [TEST_STEP][PASSED] - Go to ISTools: Go to ISTools

2021-01-21 15:51:42 - [MESSAGE][INFO] - Starting 'Chrome (headless)' driver

2021-01-21 15:51:42 - [MESSAGE][INFO] - User set preference: ['args', '[--start-maximized, --disable-gpu, --no-proxy-server, â€“-no-sandbox, --allow-running-insecure-content, --ignore-certificate-errors, window-size=1680,814, force-device-scale-factor=2, --lang=en-GB]']

2021-01-21 15:51:42 - [MESSAGE][INFO] - User set preference: ['prefs', '{download.default_directory=/Users/chaidir.pratama01/Katalon Studio/IST_Automation_Git/Download}']

2021-01-21 15:51:42 - [MESSAGE][INFO] - Action delay is set to 0 milliseconds

2021-01-21 15:51:43 - [MESSAGE][PASSED] - Browser is opened with url: ''

2021-01-21 15:51:43 - [MESSAGE][PASSED] - Navigate to 'https://dev-istools.homecredit.id/foundation/' successfully

2021-01-21 15:51:43 - [MESSAGE][PASSED] - Go to ISTools

2021-01-21 15:51:43 - [TEST_STEP][PASSED] - Login IST with valid credentials: Login IST with valid credentials

2021-01-21 15:51:43 - [MESSAGE][PASSED] - Text 'mobile.test' is set on object 'Object Repository/Page_/input_Username_j_username'

2021-01-21 15:51:44 - [MESSAGE][PASSED] - Text ****** has been set on object 'Object Repository/Page_/input_Password_j_password'

2021-01-21 15:51:44 - [MESSAGE][PASSED] - Object: 'Object Repository/Page_/button_Login' is clicked on

2021-01-21 15:51:44 - [MESSAGE][PASSED] - Login IST with valid credentials

2021-01-21 15:51:44 - [TEST_STEP][PASSED] - Login Success: Login Success

2021-01-21 15:51:44 - [MESSAGE][INFO] - Login Success

2021-01-21 15:51:44 - [MESSAGE][PASSED] - Current window maximized

2021-01-21 15:51:44 - [MESSAGE][PASSED] - Object 'Object Repository/Page_/h1_Welcome to IT Supporting Tools' is present

2021-01-21 15:51:44 - [MESSAGE][PASSED] - Login Success

2021-01-21 15:51:44 - [TEST_STEP][PASSED] - Select Arrow Menu "Real Time Disbursement": Select Arrow Menu "Real Time Disbursement"

2021-01-21 15:51:44 - [MESSAGE][PASSED] - Object: '' is clicked on

2021-01-21 15:51:44 - [MESSAGE][PASSED] - Select Arrow Menu "Real Time Disbursement"

2021-01-21 15:51:44 - [TEST_STEP][PASSED] - Select Menu "Dashboard for CCC/OCS": Select Menu "Dashboard for CCC/OCS"

2021-01-21 15:51:45 - [MESSAGE][PASSED] - Taking screenshot successfully
[[ATTACHMENT|/Users/chaidir.pratama01/Documents/Docs/Katalon Studio/Screenshot/test-Dashboard for CCC/OCS.png]]

2021-01-21 15:51:45 - [MESSAGE][PASSED] - Object '' is present

2021-01-21 15:51:45 - [MESSAGE][PASSED] - Object: '' is clicked on

2021-01-21 15:51:45 - [MESSAGE][PASSED] - Wait for page load successfully

2021-01-21 15:51:45 - [MESSAGE][PASSED] - Select Menu "Dashboard for CCC/OCS"

2021-01-21 15:51:45 - [TEST_STEP][PASSED] - Select STATUS "Waiting for approval from In Payment": Select STATUS "Waiting for approval from In Payment"

2021-01-21 15:51:45 - [MESSAGE][PASSED] - All options with value 'Waiting for approval from In Payment' are selected in object ''  using regular expression

2021-01-21 15:51:45 - [MESSAGE][PASSED] - Select STATUS "Waiting for approval from In Payment"

2021-01-21 15:51:45 - [TEST_STEP][PASSED] - Click button "Search": Click button "Search"

2021-01-21 15:51:45 - [MESSAGE][INFO] - >>>>>//Button[contains(text(),'Search')]

2021-01-21 15:51:48 - [MESSAGE][PASSED] - Object '' is present

2021-01-21 15:51:48 - [MESSAGE][PASSED] - Object: '' is clicked on

2021-01-21 15:51:48 - [MESSAGE][PASSED] - Switched to window with index: '0'

2021-01-21 15:51:48 - [MESSAGE][PASSED] - Click button "Search"

2021-01-21 15:51:48 - [TEST_STEP][PASSED] - Verify Search Result Presents: Verify Search Result Presents

2021-01-21 15:51:48 - [MESSAGE][PASSED] - Object '' is present

2021-01-21 15:51:49 - [MESSAGE][PASSED] - Verify Search Result Presents

2021-01-21 15:51:49 - [TEST_STEP][PASSED] - Click button "Logout": Click button "Logout"

2021-01-21 15:51:49 - [MESSAGE][INFO] - >>>>>//Button[contains(text(),'Logout')]

2021-01-21 15:51:52 - [MESSAGE][PASSED] - Object '' is present

2021-01-21 15:51:52 - [MESSAGE][PASSED] - Object: '' is clicked on

2021-01-21 15:51:52 - [MESSAGE][PASSED] - Switched to window with index: '0'

2021-01-21 15:51:52 - [MESSAGE][PASSED] - Click button "Logout"

2021-01-21 15:51:52 - [TEST_STEP][PASSED] - Close browser: Close browser

2021-01-21 15:51:52 - [MESSAGE][PASSED] - Browser is closed

2021-01-21 15:51:52 - [MESSAGE][PASSED] - Close browser

2021-01-21 15:51:52 - [TEST_CASE][PASSED] - Start Test Case : SCENARIO Search by STATUS Not eligible to disburse: SCENARIO Search by STATUS Not eligible to disburse

2021-01-21 15:51:52 - [TEST_STEP][PASSED] - Go to ISTools: Go to ISTools

2021-01-21 15:51:52 - [MESSAGE][INFO] - Starting 'Chrome (headless)' driver

2021-01-21 15:51:52 - [MESSAGE][INFO] - User set preference: ['args', '[--start-maximized, --disable-gpu, --no-proxy-server, â€“-no-sandbox, --allow-running-insecure-content, --ignore-certificate-errors, window-size=1680,814, force-device-scale-factor=2, --lang=en-GB]']

2021-01-21 15:51:52 - [MESSAGE][INFO] - User set preference: ['prefs', '{download.default_directory=/Users/chaidir.pratama01/Katalon Studio/IST_Automation_Git/Download}']

2021-01-21 15:51:52 - [MESSAGE][INFO] - Action delay is set to 0 milliseconds

2021-01-21 15:51:53 - [MESSAGE][PASSED] - Browser is opened with url: ''

2021-01-21 15:51:53 - [MESSAGE][PASSED] - Navigate to 'https://dev-istools.homecredit.id/foundation/' successfully

2021-01-21 15:51:53 - [MESSAGE][PASSED] - Go to ISTools

2021-01-21 15:51:53 - [TEST_STEP][PASSED] - Login IST with valid credentials: Login IST with valid credentials

2021-01-21 15:51:54 - [MESSAGE][PASSED] - Text 'mobile.test' is set on object 'Object Repository/Page_/input_Username_j_username'

2021-01-21 15:51:54 - [MESSAGE][PASSED] - Text ****** has been set on object 'Object Repository/Page_/input_Password_j_password'

2021-01-21 15:51:54 - [MESSAGE][PASSED] - Object: 'Object Repository/Page_/button_Login' is clicked on

2021-01-21 15:51:54 - [MESSAGE][PASSED] - Login IST with valid credentials

2021-01-21 15:51:54 - [TEST_STEP][PASSED] - Login Success: Login Success

2021-01-21 15:51:54 - [MESSAGE][INFO] - Login Success

2021-01-21 15:51:54 - [MESSAGE][PASSED] - Current window maximized

2021-01-21 15:51:54 - [MESSAGE][PASSED] - Object 'Object Repository/Page_/h1_Welcome to IT Supporting Tools' is present

2021-01-21 15:51:54 - [MESSAGE][PASSED] - Login Success

2021-01-21 15:51:54 - [TEST_STEP][PASSED] - Select Arrow Menu "Real Time Disbursement": Select Arrow Menu "Real Time Disbursement"

2021-01-21 15:51:54 - [MESSAGE][PASSED] - Object: '' is clicked on

2021-01-21 15:51:54 - [MESSAGE][PASSED] - Select Arrow Menu "Real Time Disbursement"

2021-01-21 15:51:54 - [TEST_STEP][PASSED] - Select Menu "Dashboard for CCC/OCS": Select Menu "Dashboard for CCC/OCS"

2021-01-21 15:51:55 - [MESSAGE][PASSED] - Taking screenshot successfully
[[ATTACHMENT|/Users/chaidir.pratama01/Documents/Docs/Katalon Studio/Screenshot/test-Dashboard for CCC/OCS.png]]

2021-01-21 15:51:55 - [MESSAGE][PASSED] - Object '' is present

2021-01-21 15:51:55 - [MESSAGE][PASSED] - Object: '' is clicked on

2021-01-21 15:51:55 - [MESSAGE][PASSED] - Wait for page load successfully

2021-01-21 15:51:55 - [MESSAGE][PASSED] - Select Menu "Dashboard for CCC/OCS"

2021-01-21 15:51:55 - [TEST_STEP][PASSED] - Select STATUS "Not eligible to disburse": Select STATUS "Not eligible to disburse"

2021-01-21 15:51:55 - [MESSAGE][PASSED] - All options with value 'Not eligible to disburse' are selected in object ''  using regular expression

2021-01-21 15:51:55 - [MESSAGE][PASSED] - Select STATUS "Not eligible to disburse"

2021-01-21 15:51:55 - [TEST_STEP][PASSED] - Click button "Search": Click button "Search"

2021-01-21 15:51:55 - [MESSAGE][INFO] - >>>>>//Button[contains(text(),'Search')]

2021-01-21 15:51:59 - [MESSAGE][PASSED] - Object '' is present

2021-01-21 15:51:59 - [MESSAGE][PASSED] - Object: '' is clicked on

2021-01-21 15:51:59 - [MESSAGE][PASSED] - Switched to window with index: '0'

2021-01-21 15:51:59 - [MESSAGE][PASSED] - Click button "Search"

2021-01-21 15:51:59 - [TEST_STEP][PASSED] - Verify Search Result Presents: Verify Search Result Presents

2021-01-21 15:52:00 - [MESSAGE][PASSED] - Object '' is present

2021-01-21 15:52:06 - [MESSAGE][PASSED] - Verify Search Result Presents

2021-01-21 15:52:06 - [TEST_STEP][PASSED] - Click button "Logout": Click button "Logout"

2021-01-21 15:52:06 - [MESSAGE][INFO] - >>>>>//Button[contains(text(),'Logout')]

2021-01-21 15:52:09 - [MESSAGE][PASSED] - Object '' is present

2021-01-21 15:52:09 - [MESSAGE][PASSED] - Object: '' is clicked on

2021-01-21 15:52:09 - [MESSAGE][PASSED] - Switched to window with index: '0'

2021-01-21 15:52:09 - [MESSAGE][PASSED] - Click button "Logout"

2021-01-21 15:52:09 - [TEST_STEP][PASSED] - Close browser: Close browser

2021-01-21 15:52:10 - [MESSAGE][PASSED] - Browser is closed

2021-01-21 15:52:10 - [MESSAGE][PASSED] - Close browser

2021-01-21 15:52:10 - [TEST_CASE][PASSED] - Start Test Case : SCENARIO Search by STATUS Ready to disburse: SCENARIO Search by STATUS Ready to disburse

2021-01-21 15:52:10 - [TEST_STEP][PASSED] - Go to ISTools: Go to ISTools

2021-01-21 15:52:10 - [MESSAGE][INFO] - Starting 'Chrome (headless)' driver

2021-01-21 15:52:10 - [MESSAGE][INFO] - User set preference: ['args', '[--start-maximized, --disable-gpu, --no-proxy-server, â€“-no-sandbox, --allow-running-insecure-content, --ignore-certificate-errors, window-size=1680,814, force-device-scale-factor=2, --lang=en-GB]']

2021-01-21 15:52:10 - [MESSAGE][INFO] - User set preference: ['prefs', '{download.default_directory=/Users/chaidir.pratama01/Katalon Studio/IST_Automation_Git/Download}']

2021-01-21 15:52:10 - [MESSAGE][INFO] - Action delay is set to 0 milliseconds

2021-01-21 15:52:10 - [MESSAGE][PASSED] - Browser is opened with url: ''

2021-01-21 15:52:11 - [MESSAGE][PASSED] - Navigate to 'https://dev-istools.homecredit.id/foundation/' successfully

2021-01-21 15:52:11 - [MESSAGE][PASSED] - Go to ISTools

2021-01-21 15:52:11 - [TEST_STEP][PASSED] - Login IST with valid credentials: Login IST with valid credentials

2021-01-21 15:52:11 - [MESSAGE][PASSED] - Text 'mobile.test' is set on object 'Object Repository/Page_/input_Username_j_username'

2021-01-21 15:52:11 - [MESSAGE][PASSED] - Text ****** has been set on object 'Object Repository/Page_/input_Password_j_password'

2021-01-21 15:52:11 - [MESSAGE][PASSED] - Object: 'Object Repository/Page_/button_Login' is clicked on

2021-01-21 15:52:11 - [MESSAGE][PASSED] - Login IST with valid credentials

2021-01-21 15:52:11 - [TEST_STEP][PASSED] - Login Success: Login Success

2021-01-21 15:52:11 - [MESSAGE][INFO] - Login Success

2021-01-21 15:52:11 - [MESSAGE][PASSED] - Current window maximized

2021-01-21 15:52:11 - [MESSAGE][PASSED] - Object 'Object Repository/Page_/h1_Welcome to IT Supporting Tools' is present

2021-01-21 15:52:11 - [MESSAGE][PASSED] - Login Success

2021-01-21 15:52:11 - [TEST_STEP][PASSED] - Select Arrow Menu "Real Time Disbursement": Select Arrow Menu "Real Time Disbursement"

2021-01-21 15:52:11 - [MESSAGE][PASSED] - Object: '' is clicked on

2021-01-21 15:52:11 - [MESSAGE][PASSED] - Select Arrow Menu "Real Time Disbursement"

2021-01-21 15:52:11 - [TEST_STEP][PASSED] - Select Menu "Dashboard for CCC/OCS": Select Menu "Dashboard for CCC/OCS"

2021-01-21 15:52:12 - [MESSAGE][PASSED] - Taking screenshot successfully
[[ATTACHMENT|/Users/chaidir.pratama01/Documents/Docs/Katalon Studio/Screenshot/test-Dashboard for CCC/OCS.png]]

2021-01-21 15:52:12 - [MESSAGE][PASSED] - Object '' is present

2021-01-21 15:52:12 - [MESSAGE][PASSED] - Object: '' is clicked on

2021-01-21 15:52:12 - [MESSAGE][PASSED] - Wait for page load successfully

2021-01-21 15:52:12 - [MESSAGE][PASSED] - Select Menu "Dashboard for CCC/OCS"

2021-01-21 15:52:12 - [TEST_STEP][PASSED] - Select STATUS "Ready to disburse": Select STATUS "Ready to disburse"

2021-01-21 15:52:12 - [MESSAGE][PASSED] - All options with value 'Ready to disburse' are selected in object ''  using regular expression

2021-01-21 15:52:12 - [MESSAGE][PASSED] - Select STATUS "Ready to disburse"

2021-01-21 15:52:12 - [TEST_STEP][PASSED] - Click button "Search": Click button "Search"

2021-01-21 15:52:12 - [MESSAGE][INFO] - >>>>>//Button[contains(text(),'Search')]

2021-01-21 15:52:15 - [MESSAGE][PASSED] - Object '' is present

2021-01-21 15:52:16 - [MESSAGE][PASSED] - Object: '' is clicked on

2021-01-21 15:52:16 - [MESSAGE][PASSED] - Switched to window with index: '0'

2021-01-21 15:52:16 - [MESSAGE][PASSED] - Click button "Search"

2021-01-21 15:52:16 - [TEST_STEP][PASSED] - Verify Search Result Presents: Verify Search Result Presents

2021-01-21 15:52:16 - [MESSAGE][PASSED] - Object '' is present

2021-01-21 15:52:18 - [MESSAGE][PASSED] - Verify Search Result Presents

2021-01-21 15:52:18 - [TEST_STEP][PASSED] - Click button "Logout": Click button "Logout"

2021-01-21 15:52:18 - [MESSAGE][INFO] - >>>>>//Button[contains(text(),'Logout')]

2021-01-21 15:52:21 - [MESSAGE][PASSED] - Object '' is present

2021-01-21 15:52:21 - [MESSAGE][PASSED] - Object: '' is clicked on

2021-01-21 15:52:21 - [MESSAGE][PASSED] - Switched to window with index: '0'

2021-01-21 15:52:21 - [MESSAGE][PASSED] - Click button "Logout"

2021-01-21 15:52:21 - [TEST_STEP][PASSED] - Close browser: Close browser

2021-01-21 15:52:21 - [MESSAGE][PASSED] - Browser is closed

2021-01-21 15:52:21 - [MESSAGE][PASSED] - Close browser

2021-01-21 15:52:21 - [TEST_CASE][PASSED] - Start Test Case : SCENARIO Search by STATUS Failed due to invalid bank account: SCENARIO Search by STATUS Failed due to invalid bank account

2021-01-21 15:52:21 - [TEST_STEP][PASSED] - Go to ISTools: Go to ISTools

2021-01-21 15:52:21 - [MESSAGE][INFO] - Starting 'Chrome (headless)' driver

2021-01-21 15:52:21 - [MESSAGE][INFO] - User set preference: ['args', '[--start-maximized, --disable-gpu, --no-proxy-server, â€“-no-sandbox, --allow-running-insecure-content, --ignore-certificate-errors, window-size=1680,814, force-device-scale-factor=2, --lang=en-GB]']

2021-01-21 15:52:21 - [MESSAGE][INFO] - User set preference: ['prefs', '{download.default_directory=/Users/chaidir.pratama01/Katalon Studio/IST_Automation_Git/Download}']

2021-01-21 15:52:21 - [MESSAGE][INFO] - Action delay is set to 0 milliseconds

2021-01-21 15:52:22 - [MESSAGE][PASSED] - Browser is opened with url: ''

2021-01-21 15:52:22 - [MESSAGE][PASSED] - Navigate to 'https://dev-istools.homecredit.id/foundation/' successfully

2021-01-21 15:52:22 - [MESSAGE][PASSED] - Go to ISTools

2021-01-21 15:52:22 - [TEST_STEP][PASSED] - Login IST with valid credentials: Login IST with valid credentials

2021-01-21 15:52:23 - [MESSAGE][PASSED] - Text 'mobile.test' is set on object 'Object Repository/Page_/input_Username_j_username'

2021-01-21 15:52:23 - [MESSAGE][PASSED] - Text ****** has been set on object 'Object Repository/Page_/input_Password_j_password'

2021-01-21 15:52:23 - [MESSAGE][PASSED] - Object: 'Object Repository/Page_/button_Login' is clicked on

2021-01-21 15:52:23 - [MESSAGE][PASSED] - Login IST with valid credentials

2021-01-21 15:52:23 - [TEST_STEP][PASSED] - Login Success: Login Success

2021-01-21 15:52:23 - [MESSAGE][INFO] - Login Success

2021-01-21 15:52:23 - [MESSAGE][PASSED] - Current window maximized

2021-01-21 15:52:23 - [MESSAGE][PASSED] - Object 'Object Repository/Page_/h1_Welcome to IT Supporting Tools' is present

2021-01-21 15:52:23 - [MESSAGE][PASSED] - Login Success

2021-01-21 15:52:23 - [TEST_STEP][PASSED] - Select Arrow Menu "Real Time Disbursement": Select Arrow Menu "Real Time Disbursement"

2021-01-21 15:52:23 - [MESSAGE][PASSED] - Object: '' is clicked on

2021-01-21 15:52:23 - [MESSAGE][PASSED] - Select Arrow Menu "Real Time Disbursement"

2021-01-21 15:52:23 - [TEST_STEP][PASSED] - Select Menu "Dashboard for CCC/OCS": Select Menu "Dashboard for CCC/OCS"

2021-01-21 15:52:24 - [MESSAGE][PASSED] - Taking screenshot successfully
[[ATTACHMENT|/Users/chaidir.pratama01/Documents/Docs/Katalon Studio/Screenshot/test-Dashboard for CCC/OCS.png]]

2021-01-21 15:52:24 - [MESSAGE][PASSED] - Object '' is present

2021-01-21 15:52:24 - [MESSAGE][PASSED] - Object: '' is clicked on

2021-01-21 15:52:24 - [MESSAGE][PASSED] - Wait for page load successfully

2021-01-21 15:52:24 - [MESSAGE][PASSED] - Select Menu "Dashboard for CCC/OCS"

2021-01-21 15:52:24 - [TEST_STEP][PASSED] - Select STATUS "Failed due to invalid bank account": Select STATUS "Failed due to invalid bank account"

2021-01-21 15:52:24 - [MESSAGE][PASSED] - All options with value 'Failed due to invalid bank account' are selected in object ''  using regular expression

2021-01-21 15:52:24 - [MESSAGE][PASSED] - Select STATUS "Failed due to invalid bank account"

2021-01-21 15:52:24 - [TEST_STEP][PASSED] - Click button "Search": Click button "Search"

2021-01-21 15:52:24 - [MESSAGE][INFO] - >>>>>//Button[contains(text(),'Search')]

2021-01-21 15:52:27 - [MESSAGE][PASSED] - Object '' is present

2021-01-21 15:52:27 - [MESSAGE][PASSED] - Object: '' is clicked on

2021-01-21 15:52:27 - [MESSAGE][PASSED] - Switched to window with index: '0'

2021-01-21 15:52:27 - [MESSAGE][PASSED] - Click button "Search"

2021-01-21 15:52:27 - [TEST_STEP][PASSED] - Verify Search Result Presents: Verify Search Result Presents

2021-01-21 15:52:28 - [MESSAGE][PASSED] - Object '' is present

2021-01-21 15:52:29 - [MESSAGE][PASSED] - Verify Search Result Presents

2021-01-21 15:52:29 - [TEST_STEP][PASSED] - Click button "Logout": Click button "Logout"

2021-01-21 15:52:29 - [MESSAGE][INFO] - >>>>>//Button[contains(text(),'Logout')]

2021-01-21 15:52:32 - [MESSAGE][PASSED] - Object '' is present

2021-01-21 15:52:32 - [MESSAGE][PASSED] - Object: '' is clicked on

2021-01-21 15:52:32 - [MESSAGE][PASSED] - Switched to window with index: '0'

2021-01-21 15:52:32 - [MESSAGE][PASSED] - Click button "Logout"

2021-01-21 15:52:32 - [TEST_STEP][PASSED] - Close browser: Close browser

2021-01-21 15:52:32 - [MESSAGE][PASSED] - Browser is closed

2021-01-21 15:52:32 - [MESSAGE][PASSED] - Close browser

2021-01-21 15:52:32 - [TEST_CASE][PASSED] - Start Test Case : SCENARIO Search by STATUS Failed due to system error: SCENARIO Search by STATUS Failed due to system error

2021-01-21 15:52:32 - [TEST_STEP][PASSED] - Go to ISTools: Go to ISTools

2021-01-21 15:52:32 - [MESSAGE][INFO] - Starting 'Chrome (headless)' driver

2021-01-21 15:52:32 - [MESSAGE][INFO] - User set preference: ['args', '[--start-maximized, --disable-gpu, --no-proxy-server, â€“-no-sandbox, --allow-running-insecure-content, --ignore-certificate-errors, window-size=1680,814, force-device-scale-factor=2, --lang=en-GB]']

2021-01-21 15:52:32 - [MESSAGE][INFO] - User set preference: ['prefs', '{download.default_directory=/Users/chaidir.pratama01/Katalon Studio/IST_Automation_Git/Download}']

2021-01-21 15:52:32 - [MESSAGE][INFO] - Action delay is set to 0 milliseconds

2021-01-21 15:52:33 - [MESSAGE][PASSED] - Browser is opened with url: ''

2021-01-21 15:52:33 - [MESSAGE][PASSED] - Navigate to 'https://dev-istools.homecredit.id/foundation/' successfully

2021-01-21 15:52:33 - [MESSAGE][PASSED] - Go to ISTools

2021-01-21 15:52:33 - [TEST_STEP][PASSED] - Login IST with valid credentials: Login IST with valid credentials

2021-01-21 15:52:34 - [MESSAGE][PASSED] - Text 'mobile.test' is set on object 'Object Repository/Page_/input_Username_j_username'

2021-01-21 15:52:34 - [MESSAGE][PASSED] - Text ****** has been set on object 'Object Repository/Page_/input_Password_j_password'

2021-01-21 15:52:34 - [MESSAGE][PASSED] - Object: 'Object Repository/Page_/button_Login' is clicked on

2021-01-21 15:52:34 - [MESSAGE][PASSED] - Login IST with valid credentials

2021-01-21 15:52:34 - [TEST_STEP][PASSED] - Login Success: Login Success

2021-01-21 15:52:34 - [MESSAGE][INFO] - Login Success

2021-01-21 15:52:34 - [MESSAGE][PASSED] - Current window maximized

2021-01-21 15:52:34 - [MESSAGE][PASSED] - Object 'Object Repository/Page_/h1_Welcome to IT Supporting Tools' is present

2021-01-21 15:52:34 - [MESSAGE][PASSED] - Login Success

2021-01-21 15:52:34 - [TEST_STEP][PASSED] - Select Arrow Menu "Real Time Disbursement": Select Arrow Menu "Real Time Disbursement"

2021-01-21 15:52:34 - [MESSAGE][PASSED] - Object: '' is clicked on

2021-01-21 15:52:34 - [MESSAGE][PASSED] - Select Arrow Menu "Real Time Disbursement"

2021-01-21 15:52:34 - [TEST_STEP][PASSED] - Select Menu "Dashboard for CCC/OCS": Select Menu "Dashboard for CCC/OCS"

2021-01-21 15:52:35 - [MESSAGE][PASSED] - Taking screenshot successfully
[[ATTACHMENT|/Users/chaidir.pratama01/Documents/Docs/Katalon Studio/Screenshot/test-Dashboard for CCC/OCS.png]]

2021-01-21 15:52:35 - [MESSAGE][PASSED] - Object '' is present

2021-01-21 15:52:35 - [MESSAGE][PASSED] - Object: '' is clicked on

2021-01-21 15:52:35 - [MESSAGE][PASSED] - Wait for page load successfully

2021-01-21 15:52:35 - [MESSAGE][PASSED] - Select Menu "Dashboard for CCC/OCS"

2021-01-21 15:52:35 - [TEST_STEP][PASSED] - Select STATUS "Failed due to system error": Select STATUS "Failed due to system error"

2021-01-21 15:52:35 - [MESSAGE][PASSED] - All options with value 'Failed due to system error' are selected in object ''  using regular expression

2021-01-21 15:52:35 - [MESSAGE][PASSED] - Select STATUS "Failed due to system error"

2021-01-21 15:52:35 - [TEST_STEP][PASSED] - Click button "Search": Click button "Search"

2021-01-21 15:52:35 - [MESSAGE][INFO] - >>>>>//Button[contains(text(),'Search')]

2021-01-21 15:52:38 - [MESSAGE][PASSED] - Object '' is present

2021-01-21 15:52:38 - [MESSAGE][PASSED] - Object: '' is clicked on

2021-01-21 15:52:38 - [MESSAGE][PASSED] - Switched to window with index: '0'

2021-01-21 15:52:38 - [MESSAGE][PASSED] - Click button "Search"

2021-01-21 15:52:38 - [TEST_STEP][PASSED] - Verify Search Result Presents: Verify Search Result Presents

2021-01-21 15:52:38 - [MESSAGE][PASSED] - Object '' is present

2021-01-21 15:52:42 - [MESSAGE][PASSED] - Verify Search Result Presents

2021-01-21 15:52:42 - [TEST_STEP][PASSED] - Click button "Logout": Click button "Logout"

2021-01-21 15:52:42 - [MESSAGE][INFO] - >>>>>//Button[contains(text(),'Logout')]

2021-01-21 15:52:45 - [MESSAGE][PASSED] - Object '' is present

2021-01-21 15:52:45 - [MESSAGE][PASSED] - Object: '' is clicked on

2021-01-21 15:52:45 - [MESSAGE][PASSED] - Switched to window with index: '0'

2021-01-21 15:52:45 - [MESSAGE][PASSED] - Click button "Logout"

2021-01-21 15:52:45 - [TEST_STEP][PASSED] - Close browser: Close browser

2021-01-21 15:52:45 - [MESSAGE][PASSED] - Browser is closed

2021-01-21 15:52:45 - [MESSAGE][PASSED] - Close browser

2021-01-21 15:52:45 - [TEST_CASE][PASSED] - Start Test Case : SCENARIO Search by STATUS Failed due to insufficient fund: SCENARIO Search by STATUS Failed due to insufficient fund

2021-01-21 15:52:45 - [TEST_STEP][PASSED] - Go to ISTools: Go to ISTools

2021-01-21 15:52:45 - [MESSAGE][INFO] - Starting 'Chrome (headless)' driver

2021-01-21 15:52:45 - [MESSAGE][INFO] - User set preference: ['args', '[--start-maximized, --disable-gpu, --no-proxy-server, â€“-no-sandbox, --allow-running-insecure-content, --ignore-certificate-errors, window-size=1680,814, force-device-scale-factor=2, --lang=en-GB]']

2021-01-21 15:52:45 - [MESSAGE][INFO] - User set preference: ['prefs', '{download.default_directory=/Users/chaidir.pratama01/Katalon Studio/IST_Automation_Git/Download}']

2021-01-21 15:52:45 - [MESSAGE][INFO] - Action delay is set to 0 milliseconds

2021-01-21 15:52:45 - [MESSAGE][PASSED] - Browser is opened with url: ''

2021-01-21 15:52:46 - [MESSAGE][PASSED] - Navigate to 'https://dev-istools.homecredit.id/foundation/' successfully

2021-01-21 15:52:46 - [MESSAGE][PASSED] - Go to ISTools

2021-01-21 15:52:46 - [TEST_STEP][PASSED] - Login IST with valid credentials: Login IST with valid credentials

2021-01-21 15:52:46 - [MESSAGE][PASSED] - Text 'mobile.test' is set on object 'Object Repository/Page_/input_Username_j_username'

2021-01-21 15:52:46 - [MESSAGE][PASSED] - Text ****** has been set on object 'Object Repository/Page_/input_Password_j_password'

2021-01-21 15:52:47 - [MESSAGE][PASSED] - Object: 'Object Repository/Page_/button_Login' is clicked on

2021-01-21 15:52:47 - [MESSAGE][PASSED] - Login IST with valid credentials

2021-01-21 15:52:47 - [TEST_STEP][PASSED] - Login Success: Login Success

2021-01-21 15:52:47 - [MESSAGE][INFO] - Login Success

2021-01-21 15:52:47 - [MESSAGE][PASSED] - Current window maximized

2021-01-21 15:52:47 - [MESSAGE][PASSED] - Object 'Object Repository/Page_/h1_Welcome to IT Supporting Tools' is present

2021-01-21 15:52:47 - [MESSAGE][PASSED] - Login Success

2021-01-21 15:52:47 - [TEST_STEP][PASSED] - Select Arrow Menu "Real Time Disbursement": Select Arrow Menu "Real Time Disbursement"

2021-01-21 15:52:47 - [MESSAGE][PASSED] - Object: '' is clicked on

2021-01-21 15:52:47 - [MESSAGE][PASSED] - Select Arrow Menu "Real Time Disbursement"

2021-01-21 15:52:47 - [TEST_STEP][PASSED] - Select Menu "Dashboard for CCC/OCS": Select Menu "Dashboard for CCC/OCS"

2021-01-21 15:52:47 - [MESSAGE][PASSED] - Taking screenshot successfully
[[ATTACHMENT|/Users/chaidir.pratama01/Documents/Docs/Katalon Studio/Screenshot/test-Dashboard for CCC/OCS.png]]

2021-01-21 15:52:47 - [MESSAGE][PASSED] - Object '' is present

2021-01-21 15:52:47 - [MESSAGE][PASSED] - Object: '' is clicked on

2021-01-21 15:52:47 - [MESSAGE][PASSED] - Wait for page load successfully

2021-01-21 15:52:47 - [MESSAGE][PASSED] - Select Menu "Dashboard for CCC/OCS"

2021-01-21 15:52:47 - [TEST_STEP][PASSED] - Select STATUS "Failed due to insufficient fund": Select STATUS "Failed due to insufficient fund"

2021-01-21 15:52:48 - [MESSAGE][PASSED] - All options with value 'Failed due to insufficient fund' are selected in object ''  using regular expression

2021-01-21 15:52:48 - [MESSAGE][PASSED] - Select STATUS "Failed due to insufficient fund"

2021-01-21 15:52:48 - [TEST_STEP][PASSED] - Click button "Search": Click button "Search"

2021-01-21 15:52:48 - [MESSAGE][INFO] - >>>>>//Button[contains(text(),'Search')]

2021-01-21 15:52:51 - [MESSAGE][PASSED] - Object '' is present

2021-01-21 15:52:51 - [MESSAGE][PASSED] - Object: '' is clicked on

2021-01-21 15:52:51 - [MESSAGE][PASSED] - Switched to window with index: '0'

2021-01-21 15:52:51 - [MESSAGE][PASSED] - Click button "Search"

2021-01-21 15:52:51 - [TEST_STEP][PASSED] - Verify Search Result Presents: Verify Search Result Presents

2021-01-21 15:53:22 - [MESSAGE][INFO] - Unable to find the element located by 'By.xpath: //td[@style='display:none' and contains(text(),'-Empty-')]'. Please recheck the objects properties to make sure the desired element is located. 

2021-01-21 15:53:22 - [MESSAGE][WARNING] - com.kms.katalon.core.webui.exception.WebElementNotFoundException: Web element with id: '' located by '//td[@style='display:none' and contains(text(),'-Empty-')]' not found (Root cause: com.kms.katalon.core.exception.StepFailedException: com.kms.katalon.core.webui.exception.WebElementNotFoundException: Web element with id: '' located by '//td[@style='display:none' and contains(text(),'-Empty-')]' not found
	at com.kms.katalon.core.webui.keyword.internal.WebUIKeywordMain.stepFailed(WebUIKeywordMain.groovy:64)
	at com.kms.katalon.core.webui.keyword.builtin.VerifyElementPresentKeyword$_verifyElementPresent_closure1.doCall(VerifyElementPresentKeyword.groovy:85)
	at com.kms.katalon.core.webui.keyword.builtin.VerifyElementPresentKeyword$_verifyElementPresent_closure1.call(VerifyElementPresentKeyword.groovy)
	at com.kms.katalon.core.webui.keyword.internal.WebUIKeywordMain.runKeyword(WebUIKeywordMain.groovy:20)
	at com.kms.katalon.core.webui.keyword.builtin.VerifyElementPresentKeyword.verifyElementPresent(VerifyElementPresentKeyword.groovy:92)
	at com.kms.katalon.core.webui.keyword.builtin.VerifyElementPresentKeyword.execute(VerifyElementPresentKeyword.groovy:68)
	at com.kms.katalon.core.keyword.internal.KeywordExecutor.executeKeywordForPlatform(KeywordExecutor.groovy:73)
	at com.kms.katalon.core.webui.keyword.WebUiBuiltInKeywords.verifyElementPresent(WebUiBuiltInKeywords.groovy:1444)
	at com.kms.katalon.core.webui.keyword.WebUiBuiltInKeywords$verifyElementPresent$11.call(Unknown Source)
	at ist_real.Contract_Dispatcher.VerifyTblFilled(Contract_Dispatcher.groovy:1313)
	at ist_real.Contract_Dispatcher$VerifyTblFilled$0.call(Unknown Source)
	at RTD.Search_Result_Presents(RTD.groovy:187)
	at cucumber.runtime.Utils$1.call(Utils.java:26)
	at cucumber.runtime.Timeout.timeout(Timeout.java:16)
	at cucumber.runtime.Utils.invoke(Utils.java:20)
	at cucumber.runtime.java.JavaStepDefinition.execute(JavaStepDefinition.java:48)
	at cucumber.runtime.PickleStepDefinitionMatch.runStep(PickleStepDefinitionMatch.java:50)
	at cucumber.runner.TestStep.executeStep(TestStep.java:55)
	at cucumber.runner.TestStep.run(TestStep.java:42)
	at cucumber.runner.PickleStepTestStep.run(PickleStepTestStep.java:53)
	at cucumber.runner.TestCase.run(TestCase.java:47)
	at cucumber.runner.Runner.runPickle(Runner.java:44)
	at cucumber.runtime.Runtime.runFeature(Runtime.java:120)
	at cucumber.runtime.Runtime.run(Runtime.java:106)
	at cucumber.api.cli.Main.run(Main.java:35)
	at cucumber.api.cli.Main$run.call(Unknown Source)
	at com.kms.katalon.core.cucumber.keyword.CucumberBuiltinKeywords$_runFeatureFile_closure1.doCall(CucumberBuiltinKeywords.groovy:76)
	at com.kms.katalon.core.cucumber.keyword.CucumberBuiltinKeywords$_runFeatureFile_closure1.doCall(CucumberBuiltinKeywords.groovy)
	at com.kms.katalon.core.keyword.internal.KeywordMain.runKeyword(KeywordMain.groovy:68)
	at com.kms.katalon.core.keyword.internal.KeywordMain$runKeyword.call(Unknown Source)
	at com.kms.katalon.core.cucumber.keyword.CucumberBuiltinKeywords.runFeatureFile(CucumberBuiltinKeywords.groovy:46)
	at com.kms.katalon.core.cucumber.keyword.CucumberBuiltinKeywords$runFeatureFile$0.callStatic(Unknown Source)
	at com.kms.katalon.core.cucumber.keyword.CucumberBuiltinKeywords.runFeatureFile(CucumberBuiltinKeywords.groovy:169)
	at com.kms.katalon.core.cucumber.keyword.CucumberBuiltinKeywords$runFeatureFile.call(Unknown Source)
	at TC_Search_by_Status.run(TC_Search_by_Status:18)
	at com.kms.katalon.core.main.ScriptEngine.run(ScriptEngine.java:194)
	at com.kms.katalon.core.main.ScriptEngine.runScriptAsRawText(ScriptEngine.java:119)
	at com.kms.katalon.core.main.TestCaseExecutor.runScript(TestCaseExecutor.java:339)
	at com.kms.katalon.core.main.TestCaseExecutor.doExecute(TestCaseExecutor.java:330)
	at com.kms.katalon.core.main.TestCaseExecutor.processExecutionPhase(TestCaseExecutor.java:309)
	at com.kms.katalon.core.main.TestCaseExecutor.accessMainPhase(TestCaseExecutor.java:301)
	at com.kms.katalon.core.main.TestCaseExecutor.execute(TestCaseExecutor.java:235)
	at com.kms.katalon.core.main.TestSuiteExecutor.accessTestCaseMainPhase(TestSuiteExecutor.java:191)
	at com.kms.katalon.core.main.TestSuiteExecutor.accessTestSuiteMainPhase(TestSuiteExecutor.java:141)
	at com.kms.katalon.core.main.TestSuiteExecutor.execute(TestSuiteExecutor.java:90)
	at com.kms.katalon.core.main.TestCaseMain.startTestSuite(TestCaseMain.java:157)
	at com.kms.katalon.core.main.TestCaseMain$startTestSuite$0.call(Unknown Source)
	at TempTestSuite1611218218408.run(TempTestSuite1611218218408.groovy:39)
)
[[ATTACHMENT|/Users/chaidir.pratama01/Katalon Studio/IST_Automation_Git/Reports/20210121_153655/RTD/TS_Dashboard_for_CCC_OCS/20210121_153658/1611219202400.png]]

2021-01-21 15:53:22 - [MESSAGE][PASSED] - Verify Search Result Presents

2021-01-21 15:53:22 - [TEST_STEP][PASSED] - Click button "Logout": Click button "Logout"

2021-01-21 15:53:22 - [MESSAGE][INFO] - >>>>>//Button[contains(text(),'Logout')]

2021-01-21 15:53:25 - [MESSAGE][PASSED] - Object '' is present

2021-01-21 15:53:26 - [MESSAGE][PASSED] - Object: '' is clicked on

2021-01-21 15:53:26 - [MESSAGE][PASSED] - Switched to window with index: '0'

2021-01-21 15:53:26 - [MESSAGE][PASSED] - Click button "Logout"

2021-01-21 15:53:26 - [TEST_STEP][PASSED] - Close browser: Close browser

2021-01-21 15:53:26 - [MESSAGE][PASSED] - Browser is closed

2021-01-21 15:53:26 - [MESSAGE][PASSED] - Close browser

2021-01-21 15:53:26 - [TEST_CASE][PASSED] - Start Test Case : SCENARIO Search by STATUS Failed due to not supported bank: SCENARIO Search by STATUS Failed due to not supported bank

2021-01-21 15:53:26 - [TEST_STEP][PASSED] - Go to ISTools: Go to ISTools

2021-01-21 15:53:26 - [MESSAGE][INFO] - Starting 'Chrome (headless)' driver

2021-01-21 15:53:26 - [MESSAGE][INFO] - User set preference: ['args', '[--start-maximized, --disable-gpu, --no-proxy-server, â€“-no-sandbox, --allow-running-insecure-content, --ignore-certificate-errors, window-size=1680,814, force-device-scale-factor=2, --lang=en-GB]']

2021-01-21 15:53:26 - [MESSAGE][INFO] - User set preference: ['prefs', '{download.default_directory=/Users/chaidir.pratama01/Katalon Studio/IST_Automation_Git/Download}']

2021-01-21 15:53:26 - [MESSAGE][INFO] - Action delay is set to 0 milliseconds

2021-01-21 15:53:26 - [MESSAGE][PASSED] - Browser is opened with url: ''

2021-01-21 15:53:27 - [MESSAGE][PASSED] - Navigate to 'https://dev-istools.homecredit.id/foundation/' successfully

2021-01-21 15:53:27 - [MESSAGE][PASSED] - Go to ISTools

2021-01-21 15:53:27 - [TEST_STEP][PASSED] - Login IST with valid credentials: Login IST with valid credentials

2021-01-21 15:53:27 - [MESSAGE][PASSED] - Text 'mobile.test' is set on object 'Object Repository/Page_/input_Username_j_username'

2021-01-21 15:53:27 - [MESSAGE][PASSED] - Text ****** has been set on object 'Object Repository/Page_/input_Password_j_password'

2021-01-21 15:53:27 - [MESSAGE][PASSED] - Object: 'Object Repository/Page_/button_Login' is clicked on

2021-01-21 15:53:27 - [MESSAGE][PASSED] - Login IST with valid credentials

2021-01-21 15:53:27 - [TEST_STEP][PASSED] - Login Success: Login Success

2021-01-21 15:53:27 - [MESSAGE][INFO] - Login Success

2021-01-21 15:53:27 - [MESSAGE][PASSED] - Current window maximized

2021-01-21 15:53:27 - [MESSAGE][PASSED] - Object 'Object Repository/Page_/h1_Welcome to IT Supporting Tools' is present

2021-01-21 15:53:27 - [MESSAGE][PASSED] - Login Success

2021-01-21 15:53:27 - [TEST_STEP][PASSED] - Select Arrow Menu "Real Time Disbursement": Select Arrow Menu "Real Time Disbursement"

2021-01-21 15:53:27 - [MESSAGE][PASSED] - Object: '' is clicked on

2021-01-21 15:53:27 - [MESSAGE][PASSED] - Select Arrow Menu "Real Time Disbursement"

2021-01-21 15:53:27 - [TEST_STEP][PASSED] - Select Menu "Dashboard for CCC/OCS": Select Menu "Dashboard for CCC/OCS"

2021-01-21 15:53:28 - [MESSAGE][PASSED] - Taking screenshot successfully
[[ATTACHMENT|/Users/chaidir.pratama01/Documents/Docs/Katalon Studio/Screenshot/test-Dashboard for CCC/OCS.png]]

2021-01-21 15:53:28 - [MESSAGE][PASSED] - Object '' is present

2021-01-21 15:53:28 - [MESSAGE][PASSED] - Object: '' is clicked on

2021-01-21 15:53:28 - [MESSAGE][PASSED] - Wait for page load successfully

2021-01-21 15:53:28 - [MESSAGE][PASSED] - Select Menu "Dashboard for CCC/OCS"

2021-01-21 15:53:28 - [TEST_STEP][PASSED] - Select STATUS "Failed due to not supported bank": Select STATUS "Failed due to not supported bank"

2021-01-21 15:53:28 - [MESSAGE][PASSED] - All options with value 'Failed due to not supported bank' are selected in object ''  using regular expression

2021-01-21 15:53:28 - [MESSAGE][PASSED] - Select STATUS "Failed due to not supported bank"

2021-01-21 15:53:28 - [TEST_STEP][PASSED] - Click button "Search": Click button "Search"

2021-01-21 15:53:28 - [MESSAGE][INFO] - >>>>>//Button[contains(text(),'Search')]

2021-01-21 15:53:31 - [MESSAGE][PASSED] - Object '' is present

2021-01-21 15:53:31 - [MESSAGE][PASSED] - Object: '' is clicked on

2021-01-21 15:53:31 - [MESSAGE][PASSED] - Switched to window with index: '0'

2021-01-21 15:53:31 - [MESSAGE][PASSED] - Click button "Search"

2021-01-21 15:53:31 - [TEST_STEP][PASSED] - Verify Search Result Presents: Verify Search Result Presents

2021-01-21 15:54:02 - [MESSAGE][INFO] - Unable to find the element located by 'By.xpath: //td[@style='display:none' and contains(text(),'-Empty-')]'. Please recheck the objects properties to make sure the desired element is located. 

2021-01-21 15:54:03 - [MESSAGE][WARNING] - com.kms.katalon.core.webui.exception.WebElementNotFoundException: Web element with id: '' located by '//td[@style='display:none' and contains(text(),'-Empty-')]' not found (Root cause: com.kms.katalon.core.exception.StepFailedException: com.kms.katalon.core.webui.exception.WebElementNotFoundException: Web element with id: '' located by '//td[@style='display:none' and contains(text(),'-Empty-')]' not found
	at com.kms.katalon.core.webui.keyword.internal.WebUIKeywordMain.stepFailed(WebUIKeywordMain.groovy:64)
	at com.kms.katalon.core.webui.keyword.builtin.VerifyElementPresentKeyword$_verifyElementPresent_closure1.doCall(VerifyElementPresentKeyword.groovy:85)
	at com.kms.katalon.core.webui.keyword.builtin.VerifyElementPresentKeyword$_verifyElementPresent_closure1.call(VerifyElementPresentKeyword.groovy)
	at com.kms.katalon.core.webui.keyword.internal.WebUIKeywordMain.runKeyword(WebUIKeywordMain.groovy:20)
	at com.kms.katalon.core.webui.keyword.builtin.VerifyElementPresentKeyword.verifyElementPresent(VerifyElementPresentKeyword.groovy:92)
	at com.kms.katalon.core.webui.keyword.builtin.VerifyElementPresentKeyword.execute(VerifyElementPresentKeyword.groovy:68)
	at com.kms.katalon.core.keyword.internal.KeywordExecutor.executeKeywordForPlatform(KeywordExecutor.groovy:73)
	at com.kms.katalon.core.webui.keyword.WebUiBuiltInKeywords.verifyElementPresent(WebUiBuiltInKeywords.groovy:1444)
	at com.kms.katalon.core.webui.keyword.WebUiBuiltInKeywords$verifyElementPresent$11.call(Unknown Source)
	at ist_real.Contract_Dispatcher.VerifyTblFilled(Contract_Dispatcher.groovy:1313)
	at ist_real.Contract_Dispatcher$VerifyTblFilled$0.call(Unknown Source)
	at RTD.Search_Result_Presents(RTD.groovy:187)
	at cucumber.runtime.Utils$1.call(Utils.java:26)
	at cucumber.runtime.Timeout.timeout(Timeout.java:16)
	at cucumber.runtime.Utils.invoke(Utils.java:20)
	at cucumber.runtime.java.JavaStepDefinition.execute(JavaStepDefinition.java:48)
	at cucumber.runtime.PickleStepDefinitionMatch.runStep(PickleStepDefinitionMatch.java:50)
	at cucumber.runner.TestStep.executeStep(TestStep.java:55)
	at cucumber.runner.TestStep.run(TestStep.java:42)
	at cucumber.runner.PickleStepTestStep.run(PickleStepTestStep.java:53)
	at cucumber.runner.TestCase.run(TestCase.java:47)
	at cucumber.runner.Runner.runPickle(Runner.java:44)
	at cucumber.runtime.Runtime.runFeature(Runtime.java:120)
	at cucumber.runtime.Runtime.run(Runtime.java:106)
	at cucumber.api.cli.Main.run(Main.java:35)
	at cucumber.api.cli.Main$run.call(Unknown Source)
	at com.kms.katalon.core.cucumber.keyword.CucumberBuiltinKeywords$_runFeatureFile_closure1.doCall(CucumberBuiltinKeywords.groovy:76)
	at com.kms.katalon.core.cucumber.keyword.CucumberBuiltinKeywords$_runFeatureFile_closure1.doCall(CucumberBuiltinKeywords.groovy)
	at com.kms.katalon.core.keyword.internal.KeywordMain.runKeyword(KeywordMain.groovy:68)
	at com.kms.katalon.core.keyword.internal.KeywordMain$runKeyword.call(Unknown Source)
	at com.kms.katalon.core.cucumber.keyword.CucumberBuiltinKeywords.runFeatureFile(CucumberBuiltinKeywords.groovy:46)
	at com.kms.katalon.core.cucumber.keyword.CucumberBuiltinKeywords$runFeatureFile$0.callStatic(Unknown Source)
	at com.kms.katalon.core.cucumber.keyword.CucumberBuiltinKeywords.runFeatureFile(CucumberBuiltinKeywords.groovy:169)
	at com.kms.katalon.core.cucumber.keyword.CucumberBuiltinKeywords$runFeatureFile.call(Unknown Source)
	at TC_Search_by_Status.run(TC_Search_by_Status:18)
	at com.kms.katalon.core.main.ScriptEngine.run(ScriptEngine.java:194)
	at com.kms.katalon.core.main.ScriptEngine.runScriptAsRawText(ScriptEngine.java:119)
	at com.kms.katalon.core.main.TestCaseExecutor.runScript(TestCaseExecutor.java:339)
	at com.kms.katalon.core.main.TestCaseExecutor.doExecute(TestCaseExecutor.java:330)
	at com.kms.katalon.core.main.TestCaseExecutor.processExecutionPhase(TestCaseExecutor.java:309)
	at com.kms.katalon.core.main.TestCaseExecutor.accessMainPhase(TestCaseExecutor.java:301)
	at com.kms.katalon.core.main.TestCaseExecutor.execute(TestCaseExecutor.java:235)
	at com.kms.katalon.core.main.TestSuiteExecutor.accessTestCaseMainPhase(TestSuiteExecutor.java:191)
	at com.kms.katalon.core.main.TestSuiteExecutor.accessTestSuiteMainPhase(TestSuiteExecutor.java:141)
	at com.kms.katalon.core.main.TestSuiteExecutor.execute(TestSuiteExecutor.java:90)
	at com.kms.katalon.core.main.TestCaseMain.startTestSuite(TestCaseMain.java:157)
	at com.kms.katalon.core.main.TestCaseMain$startTestSuite$0.call(Unknown Source)
	at TempTestSuite1611218218408.run(TempTestSuite1611218218408.groovy:39)
)
[[ATTACHMENT|/Users/chaidir.pratama01/Katalon Studio/IST_Automation_Git/Reports/20210121_153655/RTD/TS_Dashboard_for_CCC_OCS/20210121_153658/1611219242980.png]]

2021-01-21 15:54:03 - [MESSAGE][PASSED] - Verify Search Result Presents

2021-01-21 15:54:03 - [TEST_STEP][PASSED] - Click button "Logout": Click button "Logout"

2021-01-21 15:54:03 - [MESSAGE][INFO] - >>>>>//Button[contains(text(),'Logout')]

2021-01-21 15:54:06 - [MESSAGE][PASSED] - Object '' is present

2021-01-21 15:54:06 - [MESSAGE][PASSED] - Object: '' is clicked on

2021-01-21 15:54:06 - [MESSAGE][PASSED] - Switched to window with index: '0'

2021-01-21 15:54:06 - [MESSAGE][PASSED] - Click button "Logout"

2021-01-21 15:54:06 - [TEST_STEP][PASSED] - Close browser: Close browser

2021-01-21 15:54:06 - [MESSAGE][PASSED] - Browser is closed

2021-01-21 15:54:06 - [MESSAGE][PASSED] - Close browser

2021-01-21 15:54:06 - [TEST_CASE][PASSED] - Start Test Case : SCENARIO Search by STATUS Manual Disbursement: SCENARIO Search by STATUS Manual Disbursement

2021-01-21 15:54:06 - [TEST_STEP][PASSED] - Go to ISTools: Go to ISTools

2021-01-21 15:54:06 - [MESSAGE][INFO] - Starting 'Chrome (headless)' driver

2021-01-21 15:54:06 - [MESSAGE][INFO] - User set preference: ['args', '[--start-maximized, --disable-gpu, --no-proxy-server, â€“-no-sandbox, --allow-running-insecure-content, --ignore-certificate-errors, window-size=1680,814, force-device-scale-factor=2, --lang=en-GB]']

2021-01-21 15:54:06 - [MESSAGE][INFO] - User set preference: ['prefs', '{download.default_directory=/Users/chaidir.pratama01/Katalon Studio/IST_Automation_Git/Download}']

2021-01-21 15:54:06 - [MESSAGE][INFO] - Action delay is set to 0 milliseconds

2021-01-21 15:54:07 - [MESSAGE][PASSED] - Browser is opened with url: ''

2021-01-21 15:54:07 - [MESSAGE][PASSED] - Navigate to 'https://dev-istools.homecredit.id/foundation/' successfully

2021-01-21 15:54:07 - [MESSAGE][PASSED] - Go to ISTools

2021-01-21 15:54:07 - [TEST_STEP][PASSED] - Login IST with valid credentials: Login IST with valid credentials

2021-01-21 15:54:07 - [MESSAGE][PASSED] - Text 'mobile.test' is set on object 'Object Repository/Page_/input_Username_j_username'

2021-01-21 15:54:08 - [MESSAGE][PASSED] - Text ****** has been set on object 'Object Repository/Page_/input_Password_j_password'

2021-01-21 15:54:08 - [MESSAGE][PASSED] - Object: 'Object Repository/Page_/button_Login' is clicked on

2021-01-21 15:54:08 - [MESSAGE][PASSED] - Login IST with valid credentials

2021-01-21 15:54:08 - [TEST_STEP][PASSED] - Login Success: Login Success

2021-01-21 15:54:08 - [MESSAGE][INFO] - Login Success

2021-01-21 15:54:08 - [MESSAGE][PASSED] - Current window maximized

2021-01-21 15:54:08 - [MESSAGE][PASSED] - Object 'Object Repository/Page_/h1_Welcome to IT Supporting Tools' is present

2021-01-21 15:54:08 - [MESSAGE][PASSED] - Login Success

2021-01-21 15:54:08 - [TEST_STEP][PASSED] - Select Arrow Menu "Real Time Disbursement": Select Arrow Menu "Real Time Disbursement"

2021-01-21 15:54:08 - [MESSAGE][PASSED] - Object: '' is clicked on

2021-01-21 15:54:08 - [MESSAGE][PASSED] - Select Arrow Menu "Real Time Disbursement"

2021-01-21 15:54:08 - [TEST_STEP][PASSED] - Select Menu "Dashboard for CCC/OCS": Select Menu "Dashboard for CCC/OCS"

2021-01-21 15:54:09 - [MESSAGE][PASSED] - Taking screenshot successfully
[[ATTACHMENT|/Users/chaidir.pratama01/Documents/Docs/Katalon Studio/Screenshot/test-Dashboard for CCC/OCS.png]]

2021-01-21 15:54:09 - [MESSAGE][PASSED] - Object '' is present

2021-01-21 15:54:09 - [MESSAGE][PASSED] - Object: '' is clicked on

2021-01-21 15:54:09 - [MESSAGE][PASSED] - Wait for page load successfully

2021-01-21 15:54:09 - [MESSAGE][PASSED] - Select Menu "Dashboard for CCC/OCS"

2021-01-21 15:54:09 - [TEST_STEP][PASSED] - Select STATUS "Manual Disbursement": Select STATUS "Manual Disbursement"

2021-01-21 15:54:09 - [MESSAGE][PASSED] - All options with value 'Manual Disbursement' are selected in object ''  using regular expression

2021-01-21 15:54:09 - [MESSAGE][PASSED] - Select STATUS "Manual Disbursement"

2021-01-21 15:54:09 - [TEST_STEP][PASSED] - Click button "Search": Click button "Search"

2021-01-21 15:54:09 - [MESSAGE][INFO] - >>>>>//Button[contains(text(),'Search')]

2021-01-21 15:54:12 - [MESSAGE][PASSED] - Object '' is present

2021-01-21 15:54:12 - [MESSAGE][PASSED] - Object: '' is clicked on

2021-01-21 15:54:12 - [MESSAGE][PASSED] - Switched to window with index: '0'

2021-01-21 15:54:12 - [MESSAGE][PASSED] - Click button "Search"

2021-01-21 15:54:12 - [TEST_STEP][PASSED] - Verify Search Result Presents: Verify Search Result Presents

2021-01-21 15:54:12 - [MESSAGE][PASSED] - Object '' is present

2021-01-21 15:54:18 - [MESSAGE][PASSED] - Verify Search Result Presents

2021-01-21 15:54:18 - [TEST_STEP][PASSED] - Click button "Logout": Click button "Logout"

2021-01-21 15:54:18 - [MESSAGE][INFO] - >>>>>//Button[contains(text(),'Logout')]

2021-01-21 15:54:21 - [MESSAGE][PASSED] - Object '' is present

2021-01-21 15:54:21 - [MESSAGE][PASSED] - Object: '' is clicked on

2021-01-21 15:54:21 - [MESSAGE][PASSED] - Switched to window with index: '0'

2021-01-21 15:54:21 - [MESSAGE][PASSED] - Click button "Logout"

2021-01-21 15:54:21 - [TEST_STEP][PASSED] - Close browser: Close browser

2021-01-21 15:54:21 - [MESSAGE][PASSED] - Browser is closed

2021-01-21 15:54:21 - [MESSAGE][PASSED] - Close browser

2021-01-21 15:54:21 - [TEST_CASE][PASSED] - Start Test Case : SCENARIO Search by STATUS DONE: SCENARIO Search by STATUS DONE

2021-01-21 15:54:21 - [TEST_STEP][PASSED] - Go to ISTools: Go to ISTools

2021-01-21 15:54:21 - [MESSAGE][INFO] - Starting 'Chrome (headless)' driver

2021-01-21 15:54:21 - [MESSAGE][INFO] - User set preference: ['args', '[--start-maximized, --disable-gpu, --no-proxy-server, â€“-no-sandbox, --allow-running-insecure-content, --ignore-certificate-errors, window-size=1680,814, force-device-scale-factor=2, --lang=en-GB]']

2021-01-21 15:54:21 - [MESSAGE][INFO] - User set preference: ['prefs', '{download.default_directory=/Users/chaidir.pratama01/Katalon Studio/IST_Automation_Git/Download}']

2021-01-21 15:54:21 - [MESSAGE][INFO] - Action delay is set to 0 milliseconds

2021-01-21 15:54:22 - [MESSAGE][PASSED] - Browser is opened with url: ''

2021-01-21 15:54:22 - [MESSAGE][PASSED] - Navigate to 'https://dev-istools.homecredit.id/foundation/' successfully

2021-01-21 15:54:22 - [MESSAGE][PASSED] - Go to ISTools

2021-01-21 15:54:22 - [TEST_STEP][PASSED] - Login IST with valid credentials: Login IST with valid credentials

2021-01-21 15:54:23 - [MESSAGE][PASSED] - Text 'mobile.test' is set on object 'Object Repository/Page_/input_Username_j_username'

2021-01-21 15:54:23 - [MESSAGE][PASSED] - Text ****** has been set on object 'Object Repository/Page_/input_Password_j_password'

2021-01-21 15:54:23 - [MESSAGE][PASSED] - Object: 'Object Repository/Page_/button_Login' is clicked on

2021-01-21 15:54:23 - [MESSAGE][PASSED] - Login IST with valid credentials

2021-01-21 15:54:23 - [TEST_STEP][PASSED] - Login Success: Login Success

2021-01-21 15:54:23 - [MESSAGE][INFO] - Login Success

2021-01-21 15:54:23 - [MESSAGE][PASSED] - Current window maximized

2021-01-21 15:54:23 - [MESSAGE][PASSED] - Object 'Object Repository/Page_/h1_Welcome to IT Supporting Tools' is present

2021-01-21 15:54:23 - [MESSAGE][PASSED] - Login Success

2021-01-21 15:54:23 - [TEST_STEP][PASSED] - Select Arrow Menu "Real Time Disbursement": Select Arrow Menu "Real Time Disbursement"

2021-01-21 15:54:23 - [MESSAGE][PASSED] - Object: '' is clicked on

2021-01-21 15:54:23 - [MESSAGE][PASSED] - Select Arrow Menu "Real Time Disbursement"

2021-01-21 15:54:23 - [TEST_STEP][PASSED] - Select Menu "Dashboard for CCC/OCS": Select Menu "Dashboard for CCC/OCS"

2021-01-21 15:54:24 - [MESSAGE][PASSED] - Taking screenshot successfully
[[ATTACHMENT|/Users/chaidir.pratama01/Documents/Docs/Katalon Studio/Screenshot/test-Dashboard for CCC/OCS.png]]

2021-01-21 15:54:24 - [MESSAGE][PASSED] - Object '' is present

2021-01-21 15:54:24 - [MESSAGE][PASSED] - Object: '' is clicked on

2021-01-21 15:54:24 - [MESSAGE][PASSED] - Wait for page load successfully

2021-01-21 15:54:24 - [MESSAGE][PASSED] - Select Menu "Dashboard for CCC/OCS"

2021-01-21 15:54:24 - [TEST_STEP][PASSED] - Select STATUS "DONE": Select STATUS "DONE"

2021-01-21 15:54:24 - [MESSAGE][PASSED] - All options with value 'DONE' are selected in object ''  using regular expression

2021-01-21 15:54:24 - [MESSAGE][PASSED] - Select STATUS "DONE"

2021-01-21 15:54:24 - [TEST_STEP][PASSED] - Click button "Search": Click button "Search"

2021-01-21 15:54:24 - [MESSAGE][INFO] - >>>>>//Button[contains(text(),'Search')]

2021-01-21 15:54:27 - [MESSAGE][PASSED] - Object '' is present

2021-01-21 15:54:27 - [MESSAGE][PASSED] - Object: '' is clicked on

2021-01-21 15:54:27 - [MESSAGE][PASSED] - Switched to window with index: '0'

2021-01-21 15:54:27 - [MESSAGE][PASSED] - Click button "Search"

2021-01-21 15:54:27 - [TEST_STEP][PASSED] - Verify Search Result Presents: Verify Search Result Presents

2021-01-21 15:54:27 - [MESSAGE][PASSED] - Object '' is present

2021-01-21 15:54:33 - [MESSAGE][PASSED] - Verify Search Result Presents

2021-01-21 15:54:33 - [TEST_STEP][PASSED] - Click button "Logout": Click button "Logout"

2021-01-21 15:54:33 - [MESSAGE][INFO] - >>>>>//Button[contains(text(),'Logout')]

2021-01-21 15:54:36 - [MESSAGE][PASSED] - Object '' is present

2021-01-21 15:54:36 - [MESSAGE][PASSED] - Object: '' is clicked on

2021-01-21 15:54:36 - [MESSAGE][PASSED] - Switched to window with index: '0'

2021-01-21 15:54:36 - [MESSAGE][PASSED] - Click button "Logout"

2021-01-21 15:54:36 - [TEST_STEP][PASSED] - Close browser: Close browser

2021-01-21 15:54:36 - [MESSAGE][PASSED] - Browser is closed

2021-01-21 15:54:36 - [MESSAGE][PASSED] - Close browser

2021-01-21 15:54:36 - [TEST_CASE][PASSED] - Start Test Case : SCENARIO Search by STATUS Waiting Partner Confirmation: SCENARIO Search by STATUS Waiting Partner Confirmation

2021-01-21 15:54:36 - [TEST_STEP][PASSED] - Go to ISTools: Go to ISTools

2021-01-21 15:54:36 - [MESSAGE][INFO] - Starting 'Chrome (headless)' driver

2021-01-21 15:54:36 - [MESSAGE][INFO] - User set preference: ['args', '[--start-maximized, --disable-gpu, --no-proxy-server, â€“-no-sandbox, --allow-running-insecure-content, --ignore-certificate-errors, window-size=1680,814, force-device-scale-factor=2, --lang=en-GB]']

2021-01-21 15:54:36 - [MESSAGE][INFO] - User set preference: ['prefs', '{download.default_directory=/Users/chaidir.pratama01/Katalon Studio/IST_Automation_Git/Download}']

2021-01-21 15:54:36 - [MESSAGE][INFO] - Action delay is set to 0 milliseconds

2021-01-21 15:54:37 - [MESSAGE][PASSED] - Browser is opened with url: ''

2021-01-21 15:54:37 - [MESSAGE][PASSED] - Navigate to 'https://dev-istools.homecredit.id/foundation/' successfully

2021-01-21 15:54:37 - [MESSAGE][PASSED] - Go to ISTools

2021-01-21 15:54:37 - [TEST_STEP][PASSED] - Login IST with valid credentials: Login IST with valid credentials

2021-01-21 15:54:38 - [MESSAGE][PASSED] - Text 'mobile.test' is set on object 'Object Repository/Page_/input_Username_j_username'

2021-01-21 15:54:38 - [MESSAGE][PASSED] - Text ****** has been set on object 'Object Repository/Page_/input_Password_j_password'

2021-01-21 15:54:38 - [MESSAGE][PASSED] - Object: 'Object Repository/Page_/button_Login' is clicked on

2021-01-21 15:54:38 - [MESSAGE][PASSED] - Login IST with valid credentials

2021-01-21 15:54:38 - [TEST_STEP][PASSED] - Login Success: Login Success

2021-01-21 15:54:38 - [MESSAGE][INFO] - Login Success

2021-01-21 15:54:38 - [MESSAGE][PASSED] - Current window maximized

2021-01-21 15:54:38 - [MESSAGE][PASSED] - Object 'Object Repository/Page_/h1_Welcome to IT Supporting Tools' is present

2021-01-21 15:54:38 - [MESSAGE][PASSED] - Login Success

2021-01-21 15:54:38 - [TEST_STEP][PASSED] - Select Arrow Menu "Real Time Disbursement": Select Arrow Menu "Real Time Disbursement"

2021-01-21 15:54:38 - [MESSAGE][PASSED] - Object: '' is clicked on

2021-01-21 15:54:38 - [MESSAGE][PASSED] - Select Arrow Menu "Real Time Disbursement"

2021-01-21 15:54:38 - [TEST_STEP][PASSED] - Select Menu "Dashboard for CCC/OCS": Select Menu "Dashboard for CCC/OCS"

2021-01-21 15:54:39 - [MESSAGE][PASSED] - Taking screenshot successfully
[[ATTACHMENT|/Users/chaidir.pratama01/Documents/Docs/Katalon Studio/Screenshot/test-Dashboard for CCC/OCS.png]]

2021-01-21 15:54:39 - [MESSAGE][PASSED] - Object '' is present

2021-01-21 15:54:39 - [MESSAGE][PASSED] - Object: '' is clicked on

2021-01-21 15:54:39 - [MESSAGE][PASSED] - Wait for page load successfully

2021-01-21 15:54:39 - [MESSAGE][PASSED] - Select Menu "Dashboard for CCC/OCS"

2021-01-21 15:54:39 - [TEST_STEP][PASSED] - Select STATUS "Waiting Partner Confirmation": Select STATUS "Waiting Partner Confirmation"

2021-01-21 15:54:39 - [MESSAGE][PASSED] - All options with value 'Waiting Partner Confirmation' are selected in object ''  using regular expression

2021-01-21 15:54:39 - [MESSAGE][PASSED] - Select STATUS "Waiting Partner Confirmation"

2021-01-21 15:54:39 - [TEST_STEP][PASSED] - Click button "Search": Click button "Search"

2021-01-21 15:54:39 - [MESSAGE][INFO] - >>>>>//Button[contains(text(),'Search')]

2021-01-21 15:54:42 - [MESSAGE][PASSED] - Object '' is present

2021-01-21 15:54:42 - [MESSAGE][PASSED] - Object: '' is clicked on

2021-01-21 15:54:42 - [MESSAGE][PASSED] - Switched to window with index: '0'

2021-01-21 15:54:42 - [MESSAGE][PASSED] - Click button "Search"

2021-01-21 15:54:42 - [TEST_STEP][PASSED] - Verify Search Result Presents: Verify Search Result Presents

2021-01-21 15:54:42 - [MESSAGE][PASSED] - Object '' is present

2021-01-21 15:54:46 - [MESSAGE][PASSED] - Verify Search Result Presents

2021-01-21 15:54:46 - [TEST_STEP][PASSED] - Click button "Logout": Click button "Logout"

2021-01-21 15:54:46 - [MESSAGE][INFO] - >>>>>//Button[contains(text(),'Logout')]

2021-01-21 15:54:49 - [MESSAGE][PASSED] - Object '' is present

2021-01-21 15:54:49 - [MESSAGE][PASSED] - Object: '' is clicked on

2021-01-21 15:54:49 - [MESSAGE][PASSED] - Switched to window with index: '0'

2021-01-21 15:54:49 - [MESSAGE][PASSED] - Click button "Logout"

2021-01-21 15:54:49 - [TEST_STEP][PASSED] - Close browser: Close browser

2021-01-21 15:54:50 - [MESSAGE][PASSED] - Browser is closed

2021-01-21 15:54:50 - [MESSAGE][PASSED] - Close browser

2021-01-21 15:54:50 - [TEST_CASE][PASSED] - Start Test Case : SCENARIO Search by STATUS Success to Disburse: SCENARIO Search by STATUS Success to Disburse

2021-01-21 15:54:50 - [TEST_STEP][PASSED] - Go to ISTools: Go to ISTools

2021-01-21 15:54:50 - [MESSAGE][INFO] - Starting 'Chrome (headless)' driver

2021-01-21 15:54:50 - [MESSAGE][INFO] - User set preference: ['args', '[--start-maximized, --disable-gpu, --no-proxy-server, â€“-no-sandbox, --allow-running-insecure-content, --ignore-certificate-errors, window-size=1680,814, force-device-scale-factor=2, --lang=en-GB]']

2021-01-21 15:54:50 - [MESSAGE][INFO] - User set preference: ['prefs', '{download.default_directory=/Users/chaidir.pratama01/Katalon Studio/IST_Automation_Git/Download}']

2021-01-21 15:54:50 - [MESSAGE][INFO] - Action delay is set to 0 milliseconds

2021-01-21 15:54:50 - [MESSAGE][PASSED] - Browser is opened with url: ''

2021-01-21 15:54:51 - [MESSAGE][PASSED] - Navigate to 'https://dev-istools.homecredit.id/foundation/' successfully

2021-01-21 15:54:51 - [MESSAGE][PASSED] - Go to ISTools

2021-01-21 15:54:51 - [TEST_STEP][PASSED] - Login IST with valid credentials: Login IST with valid credentials

2021-01-21 15:54:51 - [MESSAGE][PASSED] - Text 'mobile.test' is set on object 'Object Repository/Page_/input_Username_j_username'

2021-01-21 15:54:51 - [MESSAGE][PASSED] - Text ****** has been set on object 'Object Repository/Page_/input_Password_j_password'

2021-01-21 15:54:51 - [MESSAGE][PASSED] - Object: 'Object Repository/Page_/button_Login' is clicked on

2021-01-21 15:54:51 - [MESSAGE][PASSED] - Login IST with valid credentials

2021-01-21 15:54:51 - [TEST_STEP][PASSED] - Login Success: Login Success

2021-01-21 15:54:51 - [MESSAGE][INFO] - Login Success

2021-01-21 15:54:51 - [MESSAGE][PASSED] - Current window maximized

2021-01-21 15:54:51 - [MESSAGE][PASSED] - Object 'Object Repository/Page_/h1_Welcome to IT Supporting Tools' is present

2021-01-21 15:54:51 - [MESSAGE][PASSED] - Login Success

2021-01-21 15:54:51 - [TEST_STEP][PASSED] - Select Arrow Menu "Real Time Disbursement": Select Arrow Menu "Real Time Disbursement"

2021-01-21 15:54:51 - [MESSAGE][PASSED] - Object: '' is clicked on

2021-01-21 15:54:51 - [MESSAGE][PASSED] - Select Arrow Menu "Real Time Disbursement"

2021-01-21 15:54:51 - [TEST_STEP][PASSED] - Select Menu "Dashboard for CCC/OCS": Select Menu "Dashboard for CCC/OCS"

2021-01-21 15:54:52 - [MESSAGE][PASSED] - Taking screenshot successfully
[[ATTACHMENT|/Users/chaidir.pratama01/Documents/Docs/Katalon Studio/Screenshot/test-Dashboard for CCC/OCS.png]]

2021-01-21 15:54:52 - [MESSAGE][PASSED] - Object '' is present

2021-01-21 15:54:52 - [MESSAGE][PASSED] - Object: '' is clicked on

2021-01-21 15:54:52 - [MESSAGE][PASSED] - Wait for page load successfully

2021-01-21 15:54:52 - [MESSAGE][PASSED] - Select Menu "Dashboard for CCC/OCS"

2021-01-21 15:54:52 - [TEST_STEP][PASSED] - Select STATUS "Success to Disburse": Select STATUS "Success to Disburse"

2021-01-21 15:54:52 - [MESSAGE][PASSED] - All options with value 'Success to Disburse' are selected in object ''  using regular expression

2021-01-21 15:54:52 - [MESSAGE][PASSED] - Select STATUS "Success to Disburse"

2021-01-21 15:54:52 - [TEST_STEP][PASSED] - Click button "Search": Click button "Search"

2021-01-21 15:54:52 - [MESSAGE][INFO] - >>>>>//Button[contains(text(),'Search')]

2021-01-21 15:54:55 - [MESSAGE][PASSED] - Object '' is present

2021-01-21 15:54:55 - [MESSAGE][PASSED] - Object: '' is clicked on

2021-01-21 15:54:55 - [MESSAGE][PASSED] - Switched to window with index: '0'

2021-01-21 15:54:55 - [MESSAGE][PASSED] - Click button "Search"

2021-01-21 15:54:55 - [TEST_STEP][PASSED] - Verify Search Result Presents: Verify Search Result Presents

2021-01-21 15:54:55 - [MESSAGE][PASSED] - Object '' is present

2021-01-21 15:54:56 - [MESSAGE][PASSED] - Verify Search Result Presents

2021-01-21 15:54:56 - [TEST_STEP][PASSED] - Click button "Logout": Click button "Logout"

2021-01-21 15:54:56 - [MESSAGE][INFO] - >>>>>//Button[contains(text(),'Logout')]

2021-01-21 15:54:59 - [MESSAGE][PASSED] - Object '' is present

2021-01-21 15:54:59 - [MESSAGE][PASSED] - Object: '' is clicked on

2021-01-21 15:54:59 - [MESSAGE][PASSED] - Switched to window with index: '0'

2021-01-21 15:54:59 - [MESSAGE][PASSED] - Click button "Logout"

2021-01-21 15:54:59 - [TEST_STEP][PASSED] - Close browser: Close browser

2021-01-21 15:54:59 - [MESSAGE][PASSED] - Browser is closed

2021-01-21 15:54:59 - [MESSAGE][PASSED] - Close browser

2021-01-21 15:54:59 - [MESSAGE][PASSED] - Feature file: 'Include/features/IST_Real/RTD/Dashboard_for_CCC_OCS/Search_by_STATUS_CCC_OCS.feature' was passed]]></system-out>
         <system-err><![CDATA[]]></system-err>
      </testcase>
      <testcase name="Test Cases/RTD/Dashboard for CCC OCS/TC_Search_by_Contract_Number_CCC_OCS" time="6.381" classname="Test Cases/RTD/Dashboard for CCC OCS/TC_Search_by_Contract_Number_CCC_OCS" status="PASSED">
         <system-out><![CDATA[2021-01-21 15:54:59 - [TEST_CASE][PASSED] - Test Cases/RTD/Dashboard for CCC OCS/TC_Search_by_Contract_Number_CCC_OCS: Test Cases/RTD/Dashboard for CCC OCS/TC_Search_by_Contract_Number_CCC_OCS

2021-01-21 15:54:59 - [TEST_STEP][PASSED] - runFeatureFile("Include/features/IST_Real/RTD/Dashboard_for_CCC_OCS/Search_by_Contract_Number_CCC_OCS.feature"): Feature file: 'Include/features/IST_Real/RTD/Dashboard_for_CCC_OCS/Search_by_Contract_Number_CCC_OCS.feature' was passed

2021-01-21 15:54:59 - [MESSAGE][INFO] - Starting run keyword runFeatureFile: 'Include/features/IST_Real/RTD/Dashboard_for_CCC_OCS/Search_by_Contract_Number_CCC_OCS.feature' and extract report to folder: '/Users/chaidir.pratama01/Katalon Studio/IST_Automation_Git/Reports/20210121_153655/RTD/TS_Dashboard_for_CCC_OCS/20210121_153658/cucumber_report/1611219299793'...

2021-01-21 15:54:59 - [TEST_CASE][PASSED] - Start Test Case : SCENARIO Search by Contract Number and it found on Dashboard: SCENARIO Search by Contract Number and it found on Dashboard

2021-01-21 15:54:59 - [TEST_STEP][PASSED] - Go to ISTools: Go to ISTools

2021-01-21 15:54:59 - [MESSAGE][INFO] - Starting 'Chrome (headless)' driver

2021-01-21 15:54:59 - [MESSAGE][INFO] - User set preference: ['args', '[--start-maximized, --disable-gpu, --no-proxy-server, â€“-no-sandbox, --allow-running-insecure-content, --ignore-certificate-errors, window-size=1680,814, force-device-scale-factor=2, --lang=en-GB]']

2021-01-21 15:54:59 - [MESSAGE][INFO] - User set preference: ['prefs', '{download.default_directory=/Users/chaidir.pratama01/Katalon Studio/IST_Automation_Git/Download}']

2021-01-21 15:54:59 - [MESSAGE][INFO] - Action delay is set to 0 milliseconds

2021-01-21 15:55:00 - [MESSAGE][PASSED] - Browser is opened with url: ''

2021-01-21 15:55:00 - [MESSAGE][PASSED] - Navigate to 'https://dev-istools.homecredit.id/foundation/' successfully

2021-01-21 15:55:00 - [MESSAGE][PASSED] - Go to ISTools

2021-01-21 15:55:00 - [TEST_STEP][PASSED] - Login IST with valid credentials: Login IST with valid credentials

2021-01-21 15:55:01 - [MESSAGE][PASSED] - Text 'mobile.test' is set on object 'Object Repository/Page_/input_Username_j_username'

2021-01-21 15:55:01 - [MESSAGE][PASSED] - Text ****** has been set on object 'Object Repository/Page_/input_Password_j_password'

2021-01-21 15:55:01 - [MESSAGE][PASSED] - Object: 'Object Repository/Page_/button_Login' is clicked on

2021-01-21 15:55:01 - [MESSAGE][PASSED] - Login IST with valid credentials

2021-01-21 15:55:01 - [TEST_STEP][PASSED] - Login Success: Login Success

2021-01-21 15:55:01 - [MESSAGE][INFO] - Login Success

2021-01-21 15:55:01 - [MESSAGE][PASSED] - Current window maximized

2021-01-21 15:55:01 - [MESSAGE][PASSED] - Object 'Object Repository/Page_/h1_Welcome to IT Supporting Tools' is present

2021-01-21 15:55:01 - [MESSAGE][PASSED] - Login Success

2021-01-21 15:55:01 - [TEST_STEP][PASSED] - Select Arrow Menu "Real Time Disbursement": Select Arrow Menu "Real Time Disbursement"

2021-01-21 15:55:01 - [MESSAGE][PASSED] - Object: '' is clicked on

2021-01-21 15:55:01 - [MESSAGE][PASSED] - Select Arrow Menu "Real Time Disbursement"

2021-01-21 15:55:01 - [TEST_STEP][PASSED] - Select Menu "Dashboard for CCC/OCS": Select Menu "Dashboard for CCC/OCS"

2021-01-21 15:55:02 - [MESSAGE][PASSED] - Taking screenshot successfully
[[ATTACHMENT|/Users/chaidir.pratama01/Documents/Docs/Katalon Studio/Screenshot/test-Dashboard for CCC/OCS.png]]

2021-01-21 15:55:02 - [MESSAGE][PASSED] - Object '' is present

2021-01-21 15:55:02 - [MESSAGE][PASSED] - Object: '' is clicked on

2021-01-21 15:55:02 - [MESSAGE][PASSED] - Wait for page load successfully

2021-01-21 15:55:02 - [MESSAGE][PASSED] - Select Menu "Dashboard for CCC/OCS"

2021-01-21 15:55:02 - [TEST_STEP][PASSED] - Input Contract RTD in Contract Number label: Input Contract RTD in Contract Number label

2021-01-21 15:55:02 - [MESSAGE][PASSED] - Text '4000014162' is set on object ''

2021-01-21 15:55:02 - [MESSAGE][PASSED] - Input Contract RTD in Contract Number label

2021-01-21 15:55:02 - [TEST_STEP][PASSED] - Click button "Search": Click button "Search"

2021-01-21 15:55:02 - [MESSAGE][INFO] - >>>>>//Button[contains(text(),'Search')]

2021-01-21 15:55:05 - [MESSAGE][PASSED] - Object '' is present

2021-01-21 15:55:05 - [MESSAGE][PASSED] - Object: '' is clicked on

2021-01-21 15:55:05 - [MESSAGE][PASSED] - Switched to window with index: '0'

2021-01-21 15:55:05 - [MESSAGE][PASSED] - Click button "Search"

2021-01-21 15:55:05 - [TEST_STEP][PASSED] - Verify Search Result Presents: Verify Search Result Presents

2021-01-21 15:55:05 - [MESSAGE][PASSED] - Object '' is present

2021-01-21 15:55:06 - [MESSAGE][PASSED] - Verify Search Result Presents

2021-01-21 15:55:06 - [MESSAGE][PASSED] - Feature file: 'Include/features/IST_Real/RTD/Dashboard_for_CCC_OCS/Search_by_Contract_Number_CCC_OCS.feature' was passed]]></system-out>
         <system-err><![CDATA[]]></system-err>
      </testcase>
      <testcase name="Test Cases/RTD/Dashboard for CCC OCS/TC_View_Detail_CCC_OCS" time="40.855" classname="Test Cases/RTD/Dashboard for CCC OCS/TC_View_Detail_CCC_OCS" status="PASSED">
         <system-out><![CDATA[2021-01-21 15:55:06 - [TEST_CASE][PASSED] - Test Cases/RTD/Dashboard for CCC OCS/TC_View_Detail_CCC_OCS: Test Cases/RTD/Dashboard for CCC OCS/TC_View_Detail_CCC_OCS

2021-01-21 15:55:06 - [TEST_STEP][PASSED] - runFeatureFile("Include/features/IST_Real/RTD/Dashboard_for_CCC_OCS/View_Detail_CCC_OCS.feature"): Feature file: 'Include/features/IST_Real/RTD/Dashboard_for_CCC_OCS/View_Detail_CCC_OCS.feature' was passed

2021-01-21 15:55:06 - [MESSAGE][INFO] - Starting run keyword runFeatureFile: 'Include/features/IST_Real/RTD/Dashboard_for_CCC_OCS/View_Detail_CCC_OCS.feature' and extract report to folder: '/Users/chaidir.pratama01/Katalon Studio/IST_Automation_Git/Reports/20210121_153655/RTD/TS_Dashboard_for_CCC_OCS/20210121_153658/cucumber_report/1611219306171'...

2021-01-21 15:55:06 - [TEST_CASE][PASSED] - Start Test Case : SCENARIO Search by STATUS Success to Disburse and then View Detail of it: SCENARIO Search by STATUS Success to Disburse and then View Detail of it

2021-01-21 15:55:06 - [TEST_STEP][PASSED] - Go to ISTools: Go to ISTools

2021-01-21 15:55:06 - [MESSAGE][WARNING] - A browser is already opened. Closing browser and opening a new one

2021-01-21 15:55:06 - [MESSAGE][INFO] - Starting 'Chrome (headless)' driver

2021-01-21 15:55:06 - [MESSAGE][INFO] - User set preference: ['args', '[--start-maximized, --disable-gpu, --no-proxy-server, â€“-no-sandbox, --allow-running-insecure-content, --ignore-certificate-errors, window-size=1680,814, force-device-scale-factor=2, --lang=en-GB]']

2021-01-21 15:55:06 - [MESSAGE][INFO] - User set preference: ['prefs', '{download.default_directory=/Users/chaidir.pratama01/Katalon Studio/IST_Automation_Git/Download}']

2021-01-21 15:55:06 - [MESSAGE][INFO] - Action delay is set to 0 milliseconds

2021-01-21 15:55:06 - [MESSAGE][PASSED] - Browser is opened with url: ''

2021-01-21 15:55:07 - [MESSAGE][PASSED] - Navigate to 'https://dev-istools.homecredit.id/foundation/' successfully

2021-01-21 15:55:07 - [MESSAGE][PASSED] - Go to ISTools

2021-01-21 15:55:07 - [TEST_STEP][PASSED] - Login IST with valid credentials: Login IST with valid credentials

2021-01-21 15:55:07 - [MESSAGE][PASSED] - Text 'mobile.test' is set on object 'Object Repository/Page_/input_Username_j_username'

2021-01-21 15:55:07 - [MESSAGE][PASSED] - Text ****** has been set on object 'Object Repository/Page_/input_Password_j_password'

2021-01-21 15:55:07 - [MESSAGE][PASSED] - Object: 'Object Repository/Page_/button_Login' is clicked on

2021-01-21 15:55:07 - [MESSAGE][PASSED] - Login IST with valid credentials

2021-01-21 15:55:07 - [TEST_STEP][PASSED] - Login Success: Login Success

2021-01-21 15:55:07 - [MESSAGE][INFO] - Login Success

2021-01-21 15:55:08 - [MESSAGE][PASSED] - Current window maximized

2021-01-21 15:55:08 - [MESSAGE][PASSED] - Object 'Object Repository/Page_/h1_Welcome to IT Supporting Tools' is present

2021-01-21 15:55:08 - [MESSAGE][PASSED] - Login Success

2021-01-21 15:55:08 - [TEST_STEP][PASSED] - Select Arrow Menu "Real Time Disbursement": Select Arrow Menu "Real Time Disbursement"

2021-01-21 15:55:08 - [MESSAGE][PASSED] - Object: '' is clicked on

2021-01-21 15:55:08 - [MESSAGE][PASSED] - Select Arrow Menu "Real Time Disbursement"

2021-01-21 15:55:08 - [TEST_STEP][PASSED] - Select Menu "Dashboard for CCC/OCS": Select Menu "Dashboard for CCC/OCS"

2021-01-21 15:55:08 - [MESSAGE][PASSED] - Taking screenshot successfully
[[ATTACHMENT|/Users/chaidir.pratama01/Documents/Docs/Katalon Studio/Screenshot/test-Dashboard for CCC/OCS.png]]

2021-01-21 15:55:08 - [MESSAGE][PASSED] - Object '' is present

2021-01-21 15:55:08 - [MESSAGE][PASSED] - Object: '' is clicked on

2021-01-21 15:55:08 - [MESSAGE][PASSED] - Wait for page load successfully

2021-01-21 15:55:08 - [MESSAGE][PASSED] - Select Menu "Dashboard for CCC/OCS"

2021-01-21 15:55:08 - [TEST_STEP][PASSED] - Select STATUS "Success to Disburse": Select STATUS "Success to Disburse"

2021-01-21 15:55:09 - [MESSAGE][PASSED] - All options with value 'Success to Disburse' are selected in object ''  using regular expression

2021-01-21 15:55:09 - [MESSAGE][PASSED] - Select STATUS "Success to Disburse"

2021-01-21 15:55:09 - [TEST_STEP][PASSED] - Click button "Search": Click button "Search"

2021-01-21 15:55:09 - [MESSAGE][INFO] - >>>>>//Button[contains(text(),'Search')]

2021-01-21 15:55:12 - [MESSAGE][PASSED] - Object '' is present

2021-01-21 15:55:12 - [MESSAGE][PASSED] - Object: '' is clicked on

2021-01-21 15:55:12 - [MESSAGE][PASSED] - Switched to window with index: '0'

2021-01-21 15:55:12 - [MESSAGE][PASSED] - Click button "Search"

2021-01-21 15:55:12 - [TEST_STEP][PASSED] - Verify Search Result Presents: Verify Search Result Presents

2021-01-21 15:55:12 - [MESSAGE][PASSED] - Object '' is present

2021-01-21 15:55:12 - [MESSAGE][PASSED] - Verify Search Result Presents

2021-01-21 15:55:12 - [TEST_STEP][PASSED] - Click View Detail: Click View Detail

2021-01-21 15:55:12 - [MESSAGE][PASSED] - Object '' is present

2021-01-21 15:55:12 - [MESSAGE][PASSED] - Object: '' is clicked on

2021-01-21 15:55:12 - [MESSAGE][PASSED] - Click View Detail

2021-01-21 15:55:12 - [TEST_STEP][PASSED] - Verify Information in View Detail: Verify Information in View Detail

2021-01-21 15:55:15 - [MESSAGE][PASSED] - Delayed 3 second(s)

2021-01-21 15:55:15 - [MESSAGE][PASSED] - Attribute 'value' of object '' is: '3900014152'

2021-01-21 15:55:18 - [MESSAGE][PASSED] - Delayed 3 second(s)

2021-01-21 15:55:19 - [MESSAGE][PASSED] - Attribute 'value' of object '' is: 'IDITXLeks TESTERbIvIvO'

2021-01-21 15:55:22 - [MESSAGE][PASSED] - Delayed 3 second(s)

2021-01-21 15:55:22 - [MESSAGE][PASSED] - Attribute 'value' of object '' is: 'Success to Disburse'

2021-01-21 15:55:25 - [MESSAGE][PASSED] - Delayed 3 second(s)

2021-01-21 15:55:25 - [MESSAGE][PASSED] - Attribute 'value' of object '' is: 'Rp 7,000,000'

2021-01-21 15:55:28 - [MESSAGE][PASSED] - Delayed 3 second(s)

2021-01-21 15:55:28 - [MESSAGE][PASSED] - Attribute 'value' of object '' is: 'KESEJAHTERAAN EKONOMI'

2021-01-21 15:55:31 - [MESSAGE][PASSED] - Delayed 3 second(s)

2021-01-21 15:55:31 - [MESSAGE][PASSED] - Attribute 'value' of object '' is: '1'

2021-01-21 15:55:34 - [MESSAGE][PASSED] - Delayed 3 second(s)

2021-01-21 15:55:34 - [MESSAGE][PASSED] - Attribute 'value' of object '' is: 'NAMA ADA DISINI'

2021-01-21 15:55:37 - [MESSAGE][PASSED] - Delayed 3 second(s)

2021-01-21 15:55:37 - [MESSAGE][PASSED] - Attribute 'value' of object '' is: 'KESEJAHTERAAN EKONOMI'

2021-01-21 15:55:40 - [MESSAGE][PASSED] - Delayed 3 second(s)

2021-01-21 15:55:40 - [MESSAGE][PASSED] - Attribute 'value' of object '' is: ''

2021-01-21 15:55:43 - [MESSAGE][PASSED] - Delayed 3 second(s)

2021-01-21 15:55:43 - [MESSAGE][PASSED] - Attribute 'value' of object '' is: ''

2021-01-21 15:55:43 - [MESSAGE][PASSED] - Text of object '' is: 'Date'

2021-01-21 15:55:43 - [MESSAGE][PASSED] - Text of object '' is: 'Status'

2021-01-21 15:55:43 - [MESSAGE][PASSED] - Text of object '' is: 'Updated Information'

2021-01-21 15:55:43 - [MESSAGE][PASSED] - Text of object '' is: 'Last Update By'

2021-01-21 15:55:43 - [MESSAGE][PASSED] - Text of object '' is: 'Department'

2021-01-21 15:55:43 - [MESSAGE][PASSED] - Verify Information in View Detail

2021-01-21 15:55:43 - [TEST_STEP][PASSED] - Click button "Logout": Click button "Logout"

2021-01-21 15:55:43 - [MESSAGE][INFO] - >>>>>//Button[contains(text(),'Logout')]

2021-01-21 15:55:46 - [MESSAGE][PASSED] - Object '' is present

2021-01-21 15:55:46 - [MESSAGE][PASSED] - Object: '' is clicked on

2021-01-21 15:55:46 - [MESSAGE][PASSED] - Switched to window with index: '0'

2021-01-21 15:55:46 - [MESSAGE][PASSED] - Click button "Logout"

2021-01-21 15:55:46 - [TEST_STEP][PASSED] - Close browser: Close browser

2021-01-21 15:55:46 - [MESSAGE][PASSED] - Browser is closed

2021-01-21 15:55:46 - [MESSAGE][PASSED] - Close browser

2021-01-21 15:55:46 - [MESSAGE][PASSED] - Feature file: 'Include/features/IST_Real/RTD/Dashboard_for_CCC_OCS/View_Detail_CCC_OCS.feature' was passed]]></system-out>
         <system-err><![CDATA[]]></system-err>
      </testcase>
      <testcase name="Test Cases/RTD/Dashboard for CCC OCS/TC_Export_Data_CCC_OCS" time="9.55" classname="Test Cases/RTD/Dashboard for CCC OCS/TC_Export_Data_CCC_OCS" status="PASSED">
         <system-out><![CDATA[2021-01-21 15:55:46 - [TEST_CASE][PASSED] - Test Cases/RTD/Dashboard for CCC OCS/TC_Export_Data_CCC_OCS: Test Cases/RTD/Dashboard for CCC OCS/TC_Export_Data_CCC_OCS

2021-01-21 15:55:47 - [TEST_STEP][PASSED] - runFeatureFile("Include/features/IST_Real/RTD/Dashboard_for_CCC_OCS/Export_Data_CCC_OCS.feature"): Feature file: 'Include/features/IST_Real/RTD/Dashboard_for_CCC_OCS/Export_Data_CCC_OCS.feature' was passed

2021-01-21 15:55:47 - [MESSAGE][INFO] - Starting run keyword runFeatureFile: 'Include/features/IST_Real/RTD/Dashboard_for_CCC_OCS/Export_Data_CCC_OCS.feature' and extract report to folder: '/Users/chaidir.pratama01/Katalon Studio/IST_Automation_Git/Reports/20210121_153655/RTD/TS_Dashboard_for_CCC_OCS/20210121_153658/cucumber_report/1611219347031'...

2021-01-21 15:55:47 - [TEST_CASE][PASSED] - Start Test Case : SCENARIO Export Data: SCENARIO Export Data

2021-01-21 15:55:47 - [TEST_STEP][PASSED] - Go to ISTools: Go to ISTools

2021-01-21 15:55:47 - [MESSAGE][INFO] - Starting 'Chrome (headless)' driver

2021-01-21 15:55:47 - [MESSAGE][INFO] - User set preference: ['args', '[--start-maximized, --disable-gpu, --no-proxy-server, â€“-no-sandbox, --allow-running-insecure-content, --ignore-certificate-errors, window-size=1680,814, force-device-scale-factor=2, --lang=en-GB]']

2021-01-21 15:55:47 - [MESSAGE][INFO] - User set preference: ['prefs', '{download.default_directory=/Users/chaidir.pratama01/Katalon Studio/IST_Automation_Git/Download}']

2021-01-21 15:55:47 - [MESSAGE][INFO] - Action delay is set to 0 milliseconds

2021-01-21 15:55:47 - [MESSAGE][PASSED] - Browser is opened with url: ''

2021-01-21 15:55:48 - [MESSAGE][PASSED] - Navigate to 'https://dev-istools.homecredit.id/foundation/' successfully

2021-01-21 15:55:48 - [MESSAGE][PASSED] - Go to ISTools

2021-01-21 15:55:48 - [TEST_STEP][PASSED] - Login IST with valid credentials: Login IST with valid credentials

2021-01-21 15:55:48 - [MESSAGE][PASSED] - Text 'mobile.test' is set on object 'Object Repository/Page_/input_Username_j_username'

2021-01-21 15:55:48 - [MESSAGE][PASSED] - Text ****** has been set on object 'Object Repository/Page_/input_Password_j_password'

2021-01-21 15:55:48 - [MESSAGE][PASSED] - Object: 'Object Repository/Page_/button_Login' is clicked on

2021-01-21 15:55:48 - [MESSAGE][PASSED] - Login IST with valid credentials

2021-01-21 15:55:48 - [TEST_STEP][PASSED] - Login Success: Login Success

2021-01-21 15:55:48 - [MESSAGE][INFO] - Login Success

2021-01-21 15:55:48 - [MESSAGE][PASSED] - Current window maximized

2021-01-21 15:55:48 - [MESSAGE][PASSED] - Object 'Object Repository/Page_/h1_Welcome to IT Supporting Tools' is present

2021-01-21 15:55:48 - [MESSAGE][PASSED] - Login Success

2021-01-21 15:55:48 - [TEST_STEP][PASSED] - Select Arrow Menu "Real Time Disbursement": Select Arrow Menu "Real Time Disbursement"

2021-01-21 15:55:48 - [MESSAGE][PASSED] - Object: '' is clicked on

2021-01-21 15:55:48 - [MESSAGE][PASSED] - Select Arrow Menu "Real Time Disbursement"

2021-01-21 15:55:48 - [TEST_STEP][PASSED] - Select Menu "Dashboard for CCC/OCS": Select Menu "Dashboard for CCC/OCS"

2021-01-21 15:55:49 - [MESSAGE][PASSED] - Taking screenshot successfully
[[ATTACHMENT|/Users/chaidir.pratama01/Documents/Docs/Katalon Studio/Screenshot/test-Dashboard for CCC/OCS.png]]

2021-01-21 15:55:49 - [MESSAGE][PASSED] - Object '' is present

2021-01-21 15:55:49 - [MESSAGE][PASSED] - Object: '' is clicked on

2021-01-21 15:55:49 - [MESSAGE][PASSED] - Wait for page load successfully

2021-01-21 15:55:49 - [MESSAGE][PASSED] - Select Menu "Dashboard for CCC/OCS"

2021-01-21 15:55:49 - [TEST_STEP][PASSED] - Input Contract RTD in Contract Number label: Input Contract RTD in Contract Number label

2021-01-21 15:55:49 - [MESSAGE][PASSED] - Text '4000014162' is set on object ''

2021-01-21 15:55:49 - [MESSAGE][PASSED] - Input Contract RTD in Contract Number label

2021-01-21 15:55:49 - [TEST_STEP][PASSED] - Click button "Search": Click button "Search"

2021-01-21 15:55:49 - [MESSAGE][INFO] - >>>>>//Button[contains(text(),'Search')]

2021-01-21 15:55:52 - [MESSAGE][PASSED] - Object '' is present

2021-01-21 15:55:52 - [MESSAGE][PASSED] - Object: '' is clicked on

2021-01-21 15:55:52 - [MESSAGE][PASSED] - Switched to window with index: '0'

2021-01-21 15:55:52 - [MESSAGE][PASSED] - Click button "Search"

2021-01-21 15:55:52 - [TEST_STEP][PASSED] - Verify Table Filled: Verify Table Filled

2021-01-21 15:55:52 - [MESSAGE][PASSED] - Object '' is present

2021-01-21 15:55:52 - [MESSAGE][PASSED] - Verify Table Filled

2021-01-21 15:55:52 - [TEST_STEP][PASSED] - Click button "Export Data": Click button "Export Data"

2021-01-21 15:55:52 - [MESSAGE][INFO] - >>>>>//Button[contains(text(),'Export Data')]

2021-01-21 15:55:55 - [MESSAGE][PASSED] - Object: '' is clicked on

2021-01-21 15:55:56 - [MESSAGE][PASSED] - Taking screenshot successfully
[[ATTACHMENT|/Users/chaidir.pratama01/Documents/Docs/Katalon Studio/Screenshot/Download_data.png]]

2021-01-21 15:55:56 - [MESSAGE][PASSED] - Click button "Export Data"

2021-01-21 15:55:56 - [MESSAGE][PASSED] - Feature file: 'Include/features/IST_Real/RTD/Dashboard_for_CCC_OCS/Export_Data_CCC_OCS.feature' was passed]]></system-out>
         <system-err><![CDATA[]]></system-err>
      </testcase>
      <system-out><![CDATA[2021-01-21 15:51:11 - [TEST_SUITE][PASSED] - TS_Dashboard_for_CCC_OCS: Test Cases/RTD/Dashboard for CCC OCS/TC_Export_Data_CCC_OCS]]></system-out>
      <system-err><![CDATA[]]></system-err>
   </testsuite>
   <testsuite name="TS_Dashboard_for_BO_In_Payment" tests="5" failures="0" errors="0" time="299.762" timestamp="2021-01-21 15:56:09" hostname="chaidir.pratama01 - 192.168.1.2" id="Test Suites/RTD/TS_Dashboard_for_BO_In_Payment">
      <properties>
         <property name="deviceName" value=""/>
         <property name="devicePlatform" value=""/>
         <property name="logFolder" value="/Users/chaidir.pratama01/Katalon Studio/IST_Automation_Git/Reports/20210121_153655/RTD/TS_Dashboard_for_BO_In_Payment/20210121_153659"/>
         <property name="logFiles" value="/Users/chaidir.pratama01/Katalon Studio/IST_Automation_Git/Reports/20210121_153655/RTD/TS_Dashboard_for_BO_In_Payment/20210121_153659/execution0.log"/>
         <property name="attachments" value="/Users/chaidir.pratama01/Documents/Docs/Katalon Studio/Screenshot/test-Dashboard for BO In Payment.png, /Users/chaidir.pratama01/Documents/Docs/Katalon Studio/Screenshot/test-Dashboard for BO In Payment.png, /Users/chaidir.pratama01/Documents/Docs/Katalon Studio/Screenshot/test-Dashboard for BO In Payment.png, /Users/chaidir.pratama01/Documents/Docs/Katalon Studio/Screenshot/test-Dashboard for BO In Payment.png, /Users/chaidir.pratama01/Documents/Docs/Katalon Studio/Screenshot/test-Dashboard for BO In Payment.png, /Users/chaidir.pratama01/Documents/Docs/Katalon Studio/Screenshot/test-Dashboard for BO In Payment.png, /Users/chaidir.pratama01/Documents/Docs/Katalon Studio/Screenshot/test-Dashboard for BO In Payment.png, /Users/chaidir.pratama01/Katalon Studio/IST_Automation_Git/Reports/20210121_153655/RTD/TS_Dashboard_for_BO_In_Payment/20210121_153659/1611219481561.png, /Users/chaidir.pratama01/Documents/Docs/Katalon Studio/Screenshot/test-Dashboard for BO In Payment.png, /Users/chaidir.pratama01/Katalon Studio/IST_Automation_Git/Reports/20210121_153655/RTD/TS_Dashboard_for_BO_In_Payment/20210121_153659/1611219522170.png, /Users/chaidir.pratama01/Documents/Docs/Katalon Studio/Screenshot/test-Dashboard for BO In Payment.png, /Users/chaidir.pratama01/Documents/Docs/Katalon Studio/Screenshot/test-Dashboard for BO In Payment.png, /Users/chaidir.pratama01/Documents/Docs/Katalon Studio/Screenshot/test-Dashboard for BO In Payment.png, /Users/chaidir.pratama01/Documents/Docs/Katalon Studio/Screenshot/test-Dashboard for BO In Payment.png, /Users/chaidir.pratama01/Documents/Docs/Katalon Studio/Screenshot/test-Dashboard for BO In Payment.png, /Users/chaidir.pratama01/Documents/Docs/Katalon Studio/Screenshot/Download_data.png, /Users/chaidir.pratama01/Documents/Docs/Katalon Studio/Screenshot/test-Dashboard for BO In Payment.png, /Users/chaidir.pratama01/Documents/Docs/Katalon Studio/Screenshot/errorpopup.png, /Users/chaidir.pratama01/Documents/Docs/Katalon Studio/Screenshot/test-Dashboard for BO In Payment.png, /Users/chaidir.pratama01/Documents/Docs/Katalon Studio/Screenshot/errorpopup.png, /Users/chaidir.pratama01/Documents/Docs/Katalon Studio/Screenshot/test-Dashboard for BO In Payment.png"/>
         <property name="hostName" value="chaidir.pratama01 - 192.168.1.2"/>
         <property name="os" value="Mac OS X 64bit"/>
         <property name="katalonVersion" value="7.6.0.${buildNumber}"/>
         <property name="browser" value="Chrome 87.0.4280.141"/>
         <property name="hostAddress" value="192.168.1.2"/>
         <property name="sessionId" value="75577405c8995dd77a55d002848ff795"/>
         <property name="seleniumVersion" value="3.141.59"/>
         <property name="proxyInformation" value="ProxyInformation { proxyOption=NO_PROXY, proxyServerType=HTTP, username=, password=********, proxyServerAddress=, proxyServerPort=0, executionList=\&quot;\&quot;, isApplyToDesiredCapabilities=true }"/>
         <property name="platform" value="Mac OS X"/>
      </properties>
      <testcase name="Test Cases/RTD/Dashboard for BO in Payment/TC_Search_by_Status" time="196.482" classname="Test Cases/RTD/Dashboard for BO in Payment/TC_Search_by_Status" status="PASSED">
         <system-out><![CDATA[2021-01-21 15:56:10 - [TEST_CASE][PASSED] - Test Cases/RTD/Dashboard for BO in Payment/TC_Search_by_Status: Test Cases/RTD/Dashboard for BO in Payment/TC_Search_by_Status

2021-01-21 15:56:10 - [TEST_STEP][PASSED] - runFeatureFile("Include/features/IST_Real/RTD/Dashboard_for_BO_In_Payment/Search_by_Status.feature"): Feature file: 'Include/features/IST_Real/RTD/Dashboard_for_BO_In_Payment/Search_by_Status.feature' was passed

2021-01-21 15:56:10 - [MESSAGE][INFO] - Starting run keyword runFeatureFile: 'Include/features/IST_Real/RTD/Dashboard_for_BO_In_Payment/Search_by_Status.feature' and extract report to folder: '/Users/chaidir.pratama01/Katalon Studio/IST_Automation_Git/Reports/20210121_153655/RTD/TS_Dashboard_for_BO_In_Payment/20210121_153659/cucumber_report/1611219370363'...

2021-01-21 15:56:10 - [TEST_CASE][PASSED] - Start Test Case : SCENARIO Search by STATUS Eligible to Disburse: SCENARIO Search by STATUS Eligible to Disburse

2021-01-21 15:56:10 - [TEST_STEP][PASSED] - Go to ISTools: Go to ISTools

2021-01-21 15:56:10 - [MESSAGE][INFO] - Starting 'Chrome (headless)' driver

2021-01-21 15:56:11 - [MESSAGE][INFO] - User set preference: ['args', '[--start-maximized, --disable-gpu, --no-proxy-server, â€“-no-sandbox, --allow-running-insecure-content, --ignore-certificate-errors, window-size=1680,814, force-device-scale-factor=2, --lang=en-GB]']

2021-01-21 15:56:11 - [MESSAGE][INFO] - User set preference: ['prefs', '{download.default_directory=/Users/chaidir.pratama01/Katalon Studio/IST_Automation_Git/Download}']

2021-01-21 15:56:11 - [MESSAGE][INFO] - Action delay is set to 0 milliseconds

2021-01-21 15:56:11 - [MESSAGE][PASSED] - Browser is opened with url: ''

2021-01-21 15:56:13 - [MESSAGE][PASSED] - Navigate to 'https://dev-istools.homecredit.id/foundation/' successfully

2021-01-21 15:56:13 - [MESSAGE][PASSED] - Go to ISTools

2021-01-21 15:56:13 - [TEST_STEP][PASSED] - Login IST with valid credentials: Login IST with valid credentials

2021-01-21 15:56:13 - [MESSAGE][PASSED] - Text 'mobile.test' is set on object 'Object Repository/Page_/input_Username_j_username'

2021-01-21 15:56:13 - [MESSAGE][PASSED] - Text ****** has been set on object 'Object Repository/Page_/input_Password_j_password'

2021-01-21 15:56:14 - [MESSAGE][PASSED] - Object: 'Object Repository/Page_/button_Login' is clicked on

2021-01-21 15:56:14 - [MESSAGE][PASSED] - Login IST with valid credentials

2021-01-21 15:56:14 - [TEST_STEP][PASSED] - Login Success: Login Success

2021-01-21 15:56:14 - [MESSAGE][INFO] - Login Success

2021-01-21 15:56:14 - [MESSAGE][PASSED] - Current window maximized

2021-01-21 15:56:14 - [MESSAGE][PASSED] - Object 'Object Repository/Page_/h1_Welcome to IT Supporting Tools' is present

2021-01-21 15:56:14 - [MESSAGE][PASSED] - Login Success

2021-01-21 15:56:14 - [TEST_STEP][PASSED] - Select Arrow Menu "Real Time Disbursement": Select Arrow Menu "Real Time Disbursement"

2021-01-21 15:56:14 - [MESSAGE][PASSED] - Object: '' is clicked on

2021-01-21 15:56:14 - [MESSAGE][PASSED] - Select Arrow Menu "Real Time Disbursement"

2021-01-21 15:56:14 - [TEST_STEP][PASSED] - Select Menu "Dashboard for BO In Payment": Select Menu "Dashboard for BO In Payment"

2021-01-21 15:56:14 - [MESSAGE][PASSED] - Taking screenshot successfully
[[ATTACHMENT|/Users/chaidir.pratama01/Documents/Docs/Katalon Studio/Screenshot/test-Dashboard for BO In Payment.png]]

2021-01-21 15:56:14 - [MESSAGE][PASSED] - Object '' is present

2021-01-21 15:56:15 - [MESSAGE][PASSED] - Object: '' is clicked on

2021-01-21 15:56:15 - [MESSAGE][PASSED] - Wait for page load successfully

2021-01-21 15:56:15 - [MESSAGE][PASSED] - Select Menu "Dashboard for BO In Payment"

2021-01-21 15:56:15 - [TEST_STEP][PASSED] - Select STATUS "Eligible to disburse": Select STATUS "Eligible to disburse"

2021-01-21 15:56:15 - [MESSAGE][PASSED] - All options with value 'Eligible to disburse' are selected in object ''  using regular expression

2021-01-21 15:56:15 - [MESSAGE][PASSED] - Select STATUS "Eligible to disburse"

2021-01-21 15:56:15 - [TEST_STEP][PASSED] - Click button "Search": Click button "Search"

2021-01-21 15:56:15 - [MESSAGE][INFO] - >>>>>//Button[contains(text(),'Search')]

2021-01-21 15:56:18 - [MESSAGE][PASSED] - Object '' is present

2021-01-21 15:56:18 - [MESSAGE][PASSED] - Object: '' is clicked on

2021-01-21 15:56:18 - [MESSAGE][PASSED] - Switched to window with index: '0'

2021-01-21 15:56:18 - [MESSAGE][PASSED] - Click button "Search"

2021-01-21 15:56:18 - [TEST_STEP][PASSED] - Verify Search Result Presents: Verify Search Result Presents

2021-01-21 15:56:18 - [MESSAGE][PASSED] - Object '' is present

2021-01-21 15:56:25 - [MESSAGE][PASSED] - Verify Search Result Presents

2021-01-21 15:56:25 - [TEST_STEP][PASSED] - Click button "Logout": Click button "Logout"

2021-01-21 15:56:25 - [MESSAGE][INFO] - >>>>>//Button[contains(text(),'Logout')]

2021-01-21 15:56:28 - [MESSAGE][PASSED] - Object '' is present

2021-01-21 15:56:28 - [MESSAGE][PASSED] - Object: '' is clicked on

2021-01-21 15:56:28 - [MESSAGE][PASSED] - Switched to window with index: '0'

2021-01-21 15:56:28 - [MESSAGE][PASSED] - Click button "Logout"

2021-01-21 15:56:28 - [TEST_STEP][PASSED] - Close browser: Close browser

2021-01-21 15:56:28 - [MESSAGE][PASSED] - Browser is closed

2021-01-21 15:56:28 - [MESSAGE][PASSED] - Close browser

2021-01-21 15:56:28 - [TEST_CASE][PASSED] - Start Test Case : SCENARIO Search by STATUS Waiting validation from Risk: SCENARIO Search by STATUS Waiting validation from Risk

2021-01-21 15:56:28 - [TEST_STEP][PASSED] - Go to ISTools: Go to ISTools

2021-01-21 15:56:28 - [MESSAGE][INFO] - Starting 'Chrome (headless)' driver

2021-01-21 15:56:28 - [MESSAGE][INFO] - User set preference: ['args', '[--start-maximized, --disable-gpu, --no-proxy-server, â€“-no-sandbox, --allow-running-insecure-content, --ignore-certificate-errors, window-size=1680,814, force-device-scale-factor=2, --lang=en-GB]']

2021-01-21 15:56:28 - [MESSAGE][INFO] - User set preference: ['prefs', '{download.default_directory=/Users/chaidir.pratama01/Katalon Studio/IST_Automation_Git/Download}']

2021-01-21 15:56:28 - [MESSAGE][INFO] - Action delay is set to 0 milliseconds

2021-01-21 15:56:29 - [MESSAGE][PASSED] - Browser is opened with url: ''

2021-01-21 15:56:29 - [MESSAGE][PASSED] - Navigate to 'https://dev-istools.homecredit.id/foundation/' successfully

2021-01-21 15:56:29 - [MESSAGE][PASSED] - Go to ISTools

2021-01-21 15:56:29 - [TEST_STEP][PASSED] - Login IST with valid credentials: Login IST with valid credentials

2021-01-21 15:56:30 - [MESSAGE][PASSED] - Text 'mobile.test' is set on object 'Object Repository/Page_/input_Username_j_username'

2021-01-21 15:56:30 - [MESSAGE][PASSED] - Text ****** has been set on object 'Object Repository/Page_/input_Password_j_password'

2021-01-21 15:56:30 - [MESSAGE][PASSED] - Object: 'Object Repository/Page_/button_Login' is clicked on

2021-01-21 15:56:30 - [MESSAGE][PASSED] - Login IST with valid credentials

2021-01-21 15:56:30 - [TEST_STEP][PASSED] - Login Success: Login Success

2021-01-21 15:56:30 - [MESSAGE][INFO] - Login Success

2021-01-21 15:56:30 - [MESSAGE][PASSED] - Current window maximized

2021-01-21 15:56:30 - [MESSAGE][PASSED] - Object 'Object Repository/Page_/h1_Welcome to IT Supporting Tools' is present

2021-01-21 15:56:30 - [MESSAGE][PASSED] - Login Success

2021-01-21 15:56:30 - [TEST_STEP][PASSED] - Select Arrow Menu "Real Time Disbursement": Select Arrow Menu "Real Time Disbursement"

2021-01-21 15:56:30 - [MESSAGE][PASSED] - Object: '' is clicked on

2021-01-21 15:56:30 - [MESSAGE][PASSED] - Select Arrow Menu "Real Time Disbursement"

2021-01-21 15:56:30 - [TEST_STEP][PASSED] - Select Menu "Dashboard for BO In Payment": Select Menu "Dashboard for BO In Payment"

2021-01-21 15:56:31 - [MESSAGE][PASSED] - Taking screenshot successfully
[[ATTACHMENT|/Users/chaidir.pratama01/Documents/Docs/Katalon Studio/Screenshot/test-Dashboard for BO In Payment.png]]

2021-01-21 15:56:31 - [MESSAGE][PASSED] - Object '' is present

2021-01-21 15:56:31 - [MESSAGE][PASSED] - Object: '' is clicked on

2021-01-21 15:56:31 - [MESSAGE][PASSED] - Wait for page load successfully

2021-01-21 15:56:31 - [MESSAGE][PASSED] - Select Menu "Dashboard for BO In Payment"

2021-01-21 15:56:31 - [TEST_STEP][PASSED] - Select STATUS "Waiting validation from Risk": Select STATUS "Waiting validation from Risk"

2021-01-21 15:56:31 - [MESSAGE][PASSED] - All options with value 'Waiting validation from Risk' are selected in object ''  using regular expression

2021-01-21 15:56:31 - [MESSAGE][PASSED] - Select STATUS "Waiting validation from Risk"

2021-01-21 15:56:31 - [TEST_STEP][PASSED] - Click button "Search": Click button "Search"

2021-01-21 15:56:31 - [MESSAGE][INFO] - >>>>>//Button[contains(text(),'Search')]

2021-01-21 15:56:34 - [MESSAGE][PASSED] - Object '' is present

2021-01-21 15:56:34 - [MESSAGE][PASSED] - Object: '' is clicked on

2021-01-21 15:56:34 - [MESSAGE][PASSED] - Switched to window with index: '0'

2021-01-21 15:56:34 - [MESSAGE][PASSED] - Click button "Search"

2021-01-21 15:56:34 - [TEST_STEP][PASSED] - Verify Search Result Presents: Verify Search Result Presents

2021-01-21 15:56:34 - [MESSAGE][PASSED] - Object '' is present

2021-01-21 15:56:37 - [MESSAGE][PASSED] - Verify Search Result Presents

2021-01-21 15:56:37 - [TEST_STEP][PASSED] - Click button "Logout": Click button "Logout"

2021-01-21 15:56:37 - [MESSAGE][INFO] - >>>>>//Button[contains(text(),'Logout')]

2021-01-21 15:56:40 - [MESSAGE][PASSED] - Object '' is present

2021-01-21 15:56:40 - [MESSAGE][PASSED] - Object: '' is clicked on

2021-01-21 15:56:40 - [MESSAGE][PASSED] - Switched to window with index: '0'

2021-01-21 15:56:40 - [MESSAGE][PASSED] - Click button "Logout"

2021-01-21 15:56:40 - [TEST_STEP][PASSED] - Close browser: Close browser

2021-01-21 15:56:40 - [MESSAGE][PASSED] - Browser is closed

2021-01-21 15:56:40 - [MESSAGE][PASSED] - Close browser

2021-01-21 15:56:40 - [TEST_CASE][PASSED] - Start Test Case : SCENARIO Search by STATUS Waiting validation from In Payment: SCENARIO Search by STATUS Waiting validation from In Payment

2021-01-21 15:56:40 - [TEST_STEP][PASSED] - Go to ISTools: Go to ISTools

2021-01-21 15:56:40 - [MESSAGE][INFO] - Starting 'Chrome (headless)' driver

2021-01-21 15:56:40 - [MESSAGE][INFO] - User set preference: ['args', '[--start-maximized, --disable-gpu, --no-proxy-server, â€“-no-sandbox, --allow-running-insecure-content, --ignore-certificate-errors, window-size=1680,814, force-device-scale-factor=2, --lang=en-GB]']

2021-01-21 15:56:40 - [MESSAGE][INFO] - User set preference: ['prefs', '{download.default_directory=/Users/chaidir.pratama01/Katalon Studio/IST_Automation_Git/Download}']

2021-01-21 15:56:40 - [MESSAGE][INFO] - Action delay is set to 0 milliseconds

2021-01-21 15:56:40 - [MESSAGE][PASSED] - Browser is opened with url: ''

2021-01-21 15:56:41 - [MESSAGE][PASSED] - Navigate to 'https://dev-istools.homecredit.id/foundation/' successfully

2021-01-21 15:56:41 - [MESSAGE][PASSED] - Go to ISTools

2021-01-21 15:56:41 - [TEST_STEP][PASSED] - Login IST with valid credentials: Login IST with valid credentials

2021-01-21 15:56:41 - [MESSAGE][PASSED] - Text 'mobile.test' is set on object 'Object Repository/Page_/input_Username_j_username'

2021-01-21 15:56:41 - [MESSAGE][PASSED] - Text ****** has been set on object 'Object Repository/Page_/input_Password_j_password'

2021-01-21 15:56:42 - [MESSAGE][PASSED] - Object: 'Object Repository/Page_/button_Login' is clicked on

2021-01-21 15:56:42 - [MESSAGE][PASSED] - Login IST with valid credentials

2021-01-21 15:56:42 - [TEST_STEP][PASSED] - Login Success: Login Success

2021-01-21 15:56:42 - [MESSAGE][INFO] - Login Success

2021-01-21 15:56:42 - [MESSAGE][PASSED] - Current window maximized

2021-01-21 15:56:42 - [MESSAGE][PASSED] - Object 'Object Repository/Page_/h1_Welcome to IT Supporting Tools' is present

2021-01-21 15:56:42 - [MESSAGE][PASSED] - Login Success

2021-01-21 15:56:42 - [TEST_STEP][PASSED] - Select Arrow Menu "Real Time Disbursement": Select Arrow Menu "Real Time Disbursement"

2021-01-21 15:56:42 - [MESSAGE][PASSED] - Object: '' is clicked on

2021-01-21 15:56:42 - [MESSAGE][PASSED] - Select Arrow Menu "Real Time Disbursement"

2021-01-21 15:56:42 - [TEST_STEP][PASSED] - Select Menu "Dashboard for BO In Payment": Select Menu "Dashboard for BO In Payment"

2021-01-21 15:56:42 - [MESSAGE][PASSED] - Taking screenshot successfully
[[ATTACHMENT|/Users/chaidir.pratama01/Documents/Docs/Katalon Studio/Screenshot/test-Dashboard for BO In Payment.png]]

2021-01-21 15:56:42 - [MESSAGE][PASSED] - Object '' is present

2021-01-21 15:56:42 - [MESSAGE][PASSED] - Object: '' is clicked on

2021-01-21 15:56:42 - [MESSAGE][PASSED] - Wait for page load successfully

2021-01-21 15:56:42 - [MESSAGE][PASSED] - Select Menu "Dashboard for BO In Payment"

2021-01-21 15:56:42 - [TEST_STEP][PASSED] - Select STATUS "Waiting validation from In Payment": Select STATUS "Waiting validation from In Payment"

2021-01-21 15:56:43 - [MESSAGE][PASSED] - All options with value 'Waiting validation from In Payment' are selected in object ''  using regular expression

2021-01-21 15:56:43 - [MESSAGE][PASSED] - Select STATUS "Waiting validation from In Payment"

2021-01-21 15:56:43 - [TEST_STEP][PASSED] - Click button "Search": Click button "Search"

2021-01-21 15:56:43 - [MESSAGE][INFO] - >>>>>//Button[contains(text(),'Search')]

2021-01-21 15:56:46 - [MESSAGE][PASSED] - Object '' is present

2021-01-21 15:56:46 - [MESSAGE][PASSED] - Object: '' is clicked on

2021-01-21 15:56:46 - [MESSAGE][PASSED] - Switched to window with index: '0'

2021-01-21 15:56:46 - [MESSAGE][PASSED] - Click button "Search"

2021-01-21 15:56:46 - [TEST_STEP][PASSED] - Verify Search Result Presents: Verify Search Result Presents

2021-01-21 15:56:46 - [MESSAGE][PASSED] - Object '' is present

2021-01-21 15:56:47 - [MESSAGE][PASSED] - Verify Search Result Presents

2021-01-21 15:56:47 - [TEST_STEP][PASSED] - Click button "Logout": Click button "Logout"

2021-01-21 15:56:47 - [MESSAGE][INFO] - >>>>>//Button[contains(text(),'Logout')]

2021-01-21 15:56:50 - [MESSAGE][PASSED] - Object '' is present

2021-01-21 15:56:50 - [MESSAGE][PASSED] - Object: '' is clicked on

2021-01-21 15:56:50 - [MESSAGE][PASSED] - Switched to window with index: '0'

2021-01-21 15:56:50 - [MESSAGE][PASSED] - Click button "Logout"

2021-01-21 15:56:50 - [TEST_STEP][PASSED] - Close browser: Close browser

2021-01-21 15:56:50 - [MESSAGE][PASSED] - Browser is closed

2021-01-21 15:56:50 - [MESSAGE][PASSED] - Close browser

2021-01-21 15:56:50 - [TEST_CASE][PASSED] - Start Test Case : SCENARIO Search by STATUS Ready to disburse: SCENARIO Search by STATUS Ready to disburse

2021-01-21 15:56:50 - [TEST_STEP][PASSED] - Go to ISTools: Go to ISTools

2021-01-21 15:56:50 - [MESSAGE][INFO] - Starting 'Chrome (headless)' driver

2021-01-21 15:56:50 - [MESSAGE][INFO] - User set preference: ['args', '[--start-maximized, --disable-gpu, --no-proxy-server, â€“-no-sandbox, --allow-running-insecure-content, --ignore-certificate-errors, window-size=1680,814, force-device-scale-factor=2, --lang=en-GB]']

2021-01-21 15:56:50 - [MESSAGE][INFO] - User set preference: ['prefs', '{download.default_directory=/Users/chaidir.pratama01/Katalon Studio/IST_Automation_Git/Download}']

2021-01-21 15:56:50 - [MESSAGE][INFO] - Action delay is set to 0 milliseconds

2021-01-21 15:56:50 - [MESSAGE][PASSED] - Browser is opened with url: ''

2021-01-21 15:56:51 - [MESSAGE][PASSED] - Navigate to 'https://dev-istools.homecredit.id/foundation/' successfully

2021-01-21 15:56:51 - [MESSAGE][PASSED] - Go to ISTools

2021-01-21 15:56:51 - [TEST_STEP][PASSED] - Login IST with valid credentials: Login IST with valid credentials

2021-01-21 15:56:51 - [MESSAGE][PASSED] - Text 'mobile.test' is set on object 'Object Repository/Page_/input_Username_j_username'

2021-01-21 15:56:51 - [MESSAGE][PASSED] - Text ****** has been set on object 'Object Repository/Page_/input_Password_j_password'

2021-01-21 15:56:51 - [MESSAGE][PASSED] - Object: 'Object Repository/Page_/button_Login' is clicked on

2021-01-21 15:56:51 - [MESSAGE][PASSED] - Login IST with valid credentials

2021-01-21 15:56:51 - [TEST_STEP][PASSED] - Login Success: Login Success

2021-01-21 15:56:51 - [MESSAGE][INFO] - Login Success

2021-01-21 15:56:52 - [MESSAGE][PASSED] - Current window maximized

2021-01-21 15:56:52 - [MESSAGE][PASSED] - Object 'Object Repository/Page_/h1_Welcome to IT Supporting Tools' is present

2021-01-21 15:56:52 - [MESSAGE][PASSED] - Login Success

2021-01-21 15:56:52 - [TEST_STEP][PASSED] - Select Arrow Menu "Real Time Disbursement": Select Arrow Menu "Real Time Disbursement"

2021-01-21 15:56:52 - [MESSAGE][PASSED] - Object: '' is clicked on

2021-01-21 15:56:52 - [MESSAGE][PASSED] - Select Arrow Menu "Real Time Disbursement"

2021-01-21 15:56:52 - [TEST_STEP][PASSED] - Select Menu "Dashboard for BO In Payment": Select Menu "Dashboard for BO In Payment"

2021-01-21 15:56:52 - [MESSAGE][PASSED] - Taking screenshot successfully
[[ATTACHMENT|/Users/chaidir.pratama01/Documents/Docs/Katalon Studio/Screenshot/test-Dashboard for BO In Payment.png]]

2021-01-21 15:56:52 - [MESSAGE][PASSED] - Object '' is present

2021-01-21 15:56:52 - [MESSAGE][PASSED] - Object: '' is clicked on

2021-01-21 15:56:52 - [MESSAGE][PASSED] - Wait for page load successfully

2021-01-21 15:56:52 - [MESSAGE][PASSED] - Select Menu "Dashboard for BO In Payment"

2021-01-21 15:56:52 - [TEST_STEP][PASSED] - Select STATUS "Ready to disburse": Select STATUS "Ready to disburse"

2021-01-21 15:56:53 - [MESSAGE][PASSED] - All options with value 'Ready to disburse' are selected in object ''  using regular expression

2021-01-21 15:56:53 - [MESSAGE][PASSED] - Select STATUS "Ready to disburse"

2021-01-21 15:56:53 - [TEST_STEP][PASSED] - Click button "Search": Click button "Search"

2021-01-21 15:56:53 - [MESSAGE][INFO] - >>>>>//Button[contains(text(),'Search')]

2021-01-21 15:56:56 - [MESSAGE][PASSED] - Object '' is present

2021-01-21 15:56:56 - [MESSAGE][PASSED] - Object: '' is clicked on

2021-01-21 15:56:56 - [MESSAGE][PASSED] - Switched to window with index: '0'

2021-01-21 15:56:56 - [MESSAGE][PASSED] - Click button "Search"

2021-01-21 15:56:56 - [TEST_STEP][PASSED] - Verify Search Result Presents: Verify Search Result Presents

2021-01-21 15:56:56 - [MESSAGE][PASSED] - Object '' is present

2021-01-21 15:56:58 - [MESSAGE][PASSED] - Verify Search Result Presents

2021-01-21 15:56:58 - [TEST_STEP][PASSED] - Click button "Logout": Click button "Logout"

2021-01-21 15:56:58 - [MESSAGE][INFO] - >>>>>//Button[contains(text(),'Logout')]

2021-01-21 15:57:01 - [MESSAGE][PASSED] - Object '' is present

2021-01-21 15:57:01 - [MESSAGE][PASSED] - Object: '' is clicked on

2021-01-21 15:57:01 - [MESSAGE][PASSED] - Switched to window with index: '0'

2021-01-21 15:57:01 - [MESSAGE][PASSED] - Click button "Logout"

2021-01-21 15:57:01 - [TEST_STEP][PASSED] - Close browser: Close browser

2021-01-21 15:57:01 - [MESSAGE][PASSED] - Browser is closed

2021-01-21 15:57:01 - [MESSAGE][PASSED] - Close browser

2021-01-21 15:57:01 - [TEST_CASE][PASSED] - Start Test Case : SCENARIO Search by STATUS Failed due to invalid bank account: SCENARIO Search by STATUS Failed due to invalid bank account

2021-01-21 15:57:01 - [TEST_STEP][PASSED] - Go to ISTools: Go to ISTools

2021-01-21 15:57:01 - [MESSAGE][INFO] - Starting 'Chrome (headless)' driver

2021-01-21 15:57:01 - [MESSAGE][INFO] - User set preference: ['args', '[--start-maximized, --disable-gpu, --no-proxy-server, â€“-no-sandbox, --allow-running-insecure-content, --ignore-certificate-errors, window-size=1680,814, force-device-scale-factor=2, --lang=en-GB]']

2021-01-21 15:57:01 - [MESSAGE][INFO] - User set preference: ['prefs', '{download.default_directory=/Users/chaidir.pratama01/Katalon Studio/IST_Automation_Git/Download}']

2021-01-21 15:57:01 - [MESSAGE][INFO] - Action delay is set to 0 milliseconds

2021-01-21 15:57:02 - [MESSAGE][PASSED] - Browser is opened with url: ''

2021-01-21 15:57:02 - [MESSAGE][PASSED] - Navigate to 'https://dev-istools.homecredit.id/foundation/' successfully

2021-01-21 15:57:02 - [MESSAGE][PASSED] - Go to ISTools

2021-01-21 15:57:02 - [TEST_STEP][PASSED] - Login IST with valid credentials: Login IST with valid credentials

2021-01-21 15:57:02 - [MESSAGE][PASSED] - Text 'mobile.test' is set on object 'Object Repository/Page_/input_Username_j_username'

2021-01-21 15:57:03 - [MESSAGE][PASSED] - Text ****** has been set on object 'Object Repository/Page_/input_Password_j_password'

2021-01-21 15:57:03 - [MESSAGE][PASSED] - Object: 'Object Repository/Page_/button_Login' is clicked on

2021-01-21 15:57:03 - [MESSAGE][PASSED] - Login IST with valid credentials

2021-01-21 15:57:03 - [TEST_STEP][PASSED] - Login Success: Login Success

2021-01-21 15:57:03 - [MESSAGE][INFO] - Login Success

2021-01-21 15:57:03 - [MESSAGE][PASSED] - Current window maximized

2021-01-21 15:57:03 - [MESSAGE][PASSED] - Object 'Object Repository/Page_/h1_Welcome to IT Supporting Tools' is present

2021-01-21 15:57:03 - [MESSAGE][PASSED] - Login Success

2021-01-21 15:57:03 - [TEST_STEP][PASSED] - Select Arrow Menu "Real Time Disbursement": Select Arrow Menu "Real Time Disbursement"

2021-01-21 15:57:03 - [MESSAGE][PASSED] - Object: '' is clicked on

2021-01-21 15:57:03 - [MESSAGE][PASSED] - Select Arrow Menu "Real Time Disbursement"

2021-01-21 15:57:03 - [TEST_STEP][PASSED] - Select Menu "Dashboard for BO In Payment": Select Menu "Dashboard for BO In Payment"

2021-01-21 15:57:04 - [MESSAGE][PASSED] - Taking screenshot successfully
[[ATTACHMENT|/Users/chaidir.pratama01/Documents/Docs/Katalon Studio/Screenshot/test-Dashboard for BO In Payment.png]]

2021-01-21 15:57:04 - [MESSAGE][PASSED] - Object '' is present

2021-01-21 15:57:04 - [MESSAGE][PASSED] - Object: '' is clicked on

2021-01-21 15:57:04 - [MESSAGE][PASSED] - Wait for page load successfully

2021-01-21 15:57:04 - [MESSAGE][PASSED] - Select Menu "Dashboard for BO In Payment"

2021-01-21 15:57:04 - [TEST_STEP][PASSED] - Select STATUS "Failed due to invalid bank account": Select STATUS "Failed due to invalid bank account"

2021-01-21 15:57:04 - [MESSAGE][PASSED] - All options with value 'Failed due to invalid bank account' are selected in object ''  using regular expression

2021-01-21 15:57:04 - [MESSAGE][PASSED] - Select STATUS "Failed due to invalid bank account"

2021-01-21 15:57:04 - [TEST_STEP][PASSED] - Click button "Search": Click button "Search"

2021-01-21 15:57:04 - [MESSAGE][INFO] - >>>>>//Button[contains(text(),'Search')]

2021-01-21 15:57:07 - [MESSAGE][PASSED] - Object '' is present

2021-01-21 15:57:07 - [MESSAGE][PASSED] - Object: '' is clicked on

2021-01-21 15:57:07 - [MESSAGE][PASSED] - Switched to window with index: '0'

2021-01-21 15:57:07 - [MESSAGE][PASSED] - Click button "Search"

2021-01-21 15:57:07 - [TEST_STEP][PASSED] - Verify Search Result Presents: Verify Search Result Presents

2021-01-21 15:57:07 - [MESSAGE][PASSED] - Object '' is present

2021-01-21 15:57:09 - [MESSAGE][PASSED] - Verify Search Result Presents

2021-01-21 15:57:09 - [TEST_STEP][PASSED] - Click button "Logout": Click button "Logout"

2021-01-21 15:57:09 - [MESSAGE][INFO] - >>>>>//Button[contains(text(),'Logout')]

2021-01-21 15:57:12 - [MESSAGE][PASSED] - Object '' is present

2021-01-21 15:57:12 - [MESSAGE][PASSED] - Object: '' is clicked on

2021-01-21 15:57:12 - [MESSAGE][PASSED] - Switched to window with index: '0'

2021-01-21 15:57:12 - [MESSAGE][PASSED] - Click button "Logout"

2021-01-21 15:57:12 - [TEST_STEP][PASSED] - Close browser: Close browser

2021-01-21 15:57:12 - [MESSAGE][PASSED] - Browser is closed

2021-01-21 15:57:12 - [MESSAGE][PASSED] - Close browser

2021-01-21 15:57:12 - [TEST_CASE][PASSED] - Start Test Case : SCENARIO Search by STATUS Failed due to system error: SCENARIO Search by STATUS Failed due to system error

2021-01-21 15:57:12 - [TEST_STEP][PASSED] - Go to ISTools: Go to ISTools

2021-01-21 15:57:12 - [MESSAGE][INFO] - Starting 'Chrome (headless)' driver

2021-01-21 15:57:12 - [MESSAGE][INFO] - User set preference: ['args', '[--start-maximized, --disable-gpu, --no-proxy-server, â€“-no-sandbox, --allow-running-insecure-content, --ignore-certificate-errors, window-size=1680,814, force-device-scale-factor=2, --lang=en-GB]']

2021-01-21 15:57:12 - [MESSAGE][INFO] - User set preference: ['prefs', '{download.default_directory=/Users/chaidir.pratama01/Katalon Studio/IST_Automation_Git/Download}']

2021-01-21 15:57:12 - [MESSAGE][INFO] - Action delay is set to 0 milliseconds

2021-01-21 15:57:12 - [MESSAGE][PASSED] - Browser is opened with url: ''

2021-01-21 15:57:13 - [MESSAGE][PASSED] - Navigate to 'https://dev-istools.homecredit.id/foundation/' successfully

2021-01-21 15:57:13 - [MESSAGE][PASSED] - Go to ISTools

2021-01-21 15:57:13 - [TEST_STEP][PASSED] - Login IST with valid credentials: Login IST with valid credentials

2021-01-21 15:57:13 - [MESSAGE][PASSED] - Text 'mobile.test' is set on object 'Object Repository/Page_/input_Username_j_username'

2021-01-21 15:57:13 - [MESSAGE][PASSED] - Text ****** has been set on object 'Object Repository/Page_/input_Password_j_password'

2021-01-21 15:57:13 - [MESSAGE][PASSED] - Object: 'Object Repository/Page_/button_Login' is clicked on

2021-01-21 15:57:13 - [MESSAGE][PASSED] - Login IST with valid credentials

2021-01-21 15:57:13 - [TEST_STEP][PASSED] - Login Success: Login Success

2021-01-21 15:57:13 - [MESSAGE][INFO] - Login Success

2021-01-21 15:57:14 - [MESSAGE][PASSED] - Current window maximized

2021-01-21 15:57:14 - [MESSAGE][PASSED] - Object 'Object Repository/Page_/h1_Welcome to IT Supporting Tools' is present

2021-01-21 15:57:14 - [MESSAGE][PASSED] - Login Success

2021-01-21 15:57:14 - [TEST_STEP][PASSED] - Select Arrow Menu "Real Time Disbursement": Select Arrow Menu "Real Time Disbursement"

2021-01-21 15:57:14 - [MESSAGE][PASSED] - Object: '' is clicked on

2021-01-21 15:57:14 - [MESSAGE][PASSED] - Select Arrow Menu "Real Time Disbursement"

2021-01-21 15:57:14 - [TEST_STEP][PASSED] - Select Menu "Dashboard for BO In Payment": Select Menu "Dashboard for BO In Payment"

2021-01-21 15:57:14 - [MESSAGE][PASSED] - Taking screenshot successfully
[[ATTACHMENT|/Users/chaidir.pratama01/Documents/Docs/Katalon Studio/Screenshot/test-Dashboard for BO In Payment.png]]

2021-01-21 15:57:14 - [MESSAGE][PASSED] - Object '' is present

2021-01-21 15:57:14 - [MESSAGE][PASSED] - Object: '' is clicked on

2021-01-21 15:57:14 - [MESSAGE][PASSED] - Wait for page load successfully

2021-01-21 15:57:14 - [MESSAGE][PASSED] - Select Menu "Dashboard for BO In Payment"

2021-01-21 15:57:14 - [TEST_STEP][PASSED] - Select STATUS "Failed due to system error": Select STATUS "Failed due to system error"

2021-01-21 15:57:15 - [MESSAGE][PASSED] - All options with value 'Failed due to system error' are selected in object ''  using regular expression

2021-01-21 15:57:15 - [MESSAGE][PASSED] - Select STATUS "Failed due to system error"

2021-01-21 15:57:15 - [TEST_STEP][PASSED] - Click button "Search": Click button "Search"

2021-01-21 15:57:15 - [MESSAGE][INFO] - >>>>>//Button[contains(text(),'Search')]

2021-01-21 15:57:18 - [MESSAGE][PASSED] - Object '' is present

2021-01-21 15:57:18 - [MESSAGE][PASSED] - Object: '' is clicked on

2021-01-21 15:57:18 - [MESSAGE][PASSED] - Switched to window with index: '0'

2021-01-21 15:57:18 - [MESSAGE][PASSED] - Click button "Search"

2021-01-21 15:57:18 - [TEST_STEP][PASSED] - Verify Search Result Presents: Verify Search Result Presents

2021-01-21 15:57:18 - [MESSAGE][PASSED] - Object '' is present

2021-01-21 15:57:21 - [MESSAGE][PASSED] - Verify Search Result Presents

2021-01-21 15:57:21 - [TEST_STEP][PASSED] - Click button "Logout": Click button "Logout"

2021-01-21 15:57:21 - [MESSAGE][INFO] - >>>>>//Button[contains(text(),'Logout')]

2021-01-21 15:57:24 - [MESSAGE][PASSED] - Object '' is present

2021-01-21 15:57:24 - [MESSAGE][PASSED] - Object: '' is clicked on

2021-01-21 15:57:24 - [MESSAGE][PASSED] - Switched to window with index: '0'

2021-01-21 15:57:24 - [MESSAGE][PASSED] - Click button "Logout"

2021-01-21 15:57:24 - [TEST_STEP][PASSED] - Close browser: Close browser

2021-01-21 15:57:24 - [MESSAGE][PASSED] - Browser is closed

2021-01-21 15:57:24 - [MESSAGE][PASSED] - Close browser

2021-01-21 15:57:24 - [TEST_CASE][PASSED] - Start Test Case : SCENARIO Search by STATUS Failed due to insufficient fund: SCENARIO Search by STATUS Failed due to insufficient fund

2021-01-21 15:57:24 - [TEST_STEP][PASSED] - Go to ISTools: Go to ISTools

2021-01-21 15:57:24 - [MESSAGE][INFO] - Starting 'Chrome (headless)' driver

2021-01-21 15:57:24 - [MESSAGE][INFO] - User set preference: ['args', '[--start-maximized, --disable-gpu, --no-proxy-server, â€“-no-sandbox, --allow-running-insecure-content, --ignore-certificate-errors, window-size=1680,814, force-device-scale-factor=2, --lang=en-GB]']

2021-01-21 15:57:24 - [MESSAGE][INFO] - User set preference: ['prefs', '{download.default_directory=/Users/chaidir.pratama01/Katalon Studio/IST_Automation_Git/Download}']

2021-01-21 15:57:24 - [MESSAGE][INFO] - Action delay is set to 0 milliseconds

2021-01-21 15:57:24 - [MESSAGE][PASSED] - Browser is opened with url: ''

2021-01-21 15:57:25 - [MESSAGE][PASSED] - Navigate to 'https://dev-istools.homecredit.id/foundation/' successfully

2021-01-21 15:57:25 - [MESSAGE][PASSED] - Go to ISTools

2021-01-21 15:57:25 - [TEST_STEP][PASSED] - Login IST with valid credentials: Login IST with valid credentials

2021-01-21 15:57:25 - [MESSAGE][PASSED] - Text 'mobile.test' is set on object 'Object Repository/Page_/input_Username_j_username'

2021-01-21 15:57:25 - [MESSAGE][PASSED] - Text ****** has been set on object 'Object Repository/Page_/input_Password_j_password'

2021-01-21 15:57:26 - [MESSAGE][PASSED] - Object: 'Object Repository/Page_/button_Login' is clicked on

2021-01-21 15:57:26 - [MESSAGE][PASSED] - Login IST with valid credentials

2021-01-21 15:57:26 - [TEST_STEP][PASSED] - Login Success: Login Success

2021-01-21 15:57:26 - [MESSAGE][INFO] - Login Success

2021-01-21 15:57:26 - [MESSAGE][PASSED] - Current window maximized

2021-01-21 15:57:26 - [MESSAGE][PASSED] - Object 'Object Repository/Page_/h1_Welcome to IT Supporting Tools' is present

2021-01-21 15:57:26 - [MESSAGE][PASSED] - Login Success

2021-01-21 15:57:26 - [TEST_STEP][PASSED] - Select Arrow Menu "Real Time Disbursement": Select Arrow Menu "Real Time Disbursement"

2021-01-21 15:57:26 - [MESSAGE][PASSED] - Object: '' is clicked on

2021-01-21 15:57:26 - [MESSAGE][PASSED] - Select Arrow Menu "Real Time Disbursement"

2021-01-21 15:57:26 - [TEST_STEP][PASSED] - Select Menu "Dashboard for BO In Payment": Select Menu "Dashboard for BO In Payment"

2021-01-21 15:57:27 - [MESSAGE][PASSED] - Taking screenshot successfully
[[ATTACHMENT|/Users/chaidir.pratama01/Documents/Docs/Katalon Studio/Screenshot/test-Dashboard for BO In Payment.png]]

2021-01-21 15:57:27 - [MESSAGE][PASSED] - Object '' is present

2021-01-21 15:57:27 - [MESSAGE][PASSED] - Object: '' is clicked on

2021-01-21 15:57:27 - [MESSAGE][PASSED] - Wait for page load successfully

2021-01-21 15:57:27 - [MESSAGE][PASSED] - Select Menu "Dashboard for BO In Payment"

2021-01-21 15:57:27 - [TEST_STEP][PASSED] - Select STATUS "Failed due to insufficient fund": Select STATUS "Failed due to insufficient fund"

2021-01-21 15:57:27 - [MESSAGE][PASSED] - All options with value 'Failed due to insufficient fund' are selected in object ''  using regular expression

2021-01-21 15:57:27 - [MESSAGE][PASSED] - Select STATUS "Failed due to insufficient fund"

2021-01-21 15:57:27 - [TEST_STEP][PASSED] - Click button "Search": Click button "Search"

2021-01-21 15:57:27 - [MESSAGE][INFO] - >>>>>//Button[contains(text(),'Search')]

2021-01-21 15:57:30 - [MESSAGE][PASSED] - Object '' is present

2021-01-21 15:57:30 - [MESSAGE][PASSED] - Object: '' is clicked on

2021-01-21 15:57:30 - [MESSAGE][PASSED] - Switched to window with index: '0'

2021-01-21 15:57:30 - [MESSAGE][PASSED] - Click button "Search"

2021-01-21 15:57:30 - [TEST_STEP][PASSED] - Verify Search Result Presents: Verify Search Result Presents

2021-01-21 15:58:01 - [MESSAGE][INFO] - Unable to find the element located by 'By.xpath: //td[@style='display:none' and contains(text(),'-Empty-')]'. Please recheck the objects properties to make sure the desired element is located. 

2021-01-21 15:58:02 - [MESSAGE][WARNING] - com.kms.katalon.core.webui.exception.WebElementNotFoundException: Web element with id: '' located by '//td[@style='display:none' and contains(text(),'-Empty-')]' not found (Root cause: com.kms.katalon.core.exception.StepFailedException: com.kms.katalon.core.webui.exception.WebElementNotFoundException: Web element with id: '' located by '//td[@style='display:none' and contains(text(),'-Empty-')]' not found
	at com.kms.katalon.core.webui.keyword.internal.WebUIKeywordMain.stepFailed(WebUIKeywordMain.groovy:64)
	at com.kms.katalon.core.webui.keyword.builtin.VerifyElementPresentKeyword$_verifyElementPresent_closure1.doCall(VerifyElementPresentKeyword.groovy:85)
	at com.kms.katalon.core.webui.keyword.builtin.VerifyElementPresentKeyword$_verifyElementPresent_closure1.call(VerifyElementPresentKeyword.groovy)
	at com.kms.katalon.core.webui.keyword.internal.WebUIKeywordMain.runKeyword(WebUIKeywordMain.groovy:20)
	at com.kms.katalon.core.webui.keyword.builtin.VerifyElementPresentKeyword.verifyElementPresent(VerifyElementPresentKeyword.groovy:92)
	at com.kms.katalon.core.webui.keyword.builtin.VerifyElementPresentKeyword.execute(VerifyElementPresentKeyword.groovy:68)
	at com.kms.katalon.core.keyword.internal.KeywordExecutor.executeKeywordForPlatform(KeywordExecutor.groovy:73)
	at com.kms.katalon.core.webui.keyword.WebUiBuiltInKeywords.verifyElementPresent(WebUiBuiltInKeywords.groovy:1444)
	at com.kms.katalon.core.webui.keyword.WebUiBuiltInKeywords$verifyElementPresent$11.call(Unknown Source)
	at ist_real.Contract_Dispatcher.VerifyTblFilled(Contract_Dispatcher.groovy:1313)
	at ist_real.Contract_Dispatcher$VerifyTblFilled$0.call(Unknown Source)
	at RTD.Search_Result_Presents(RTD.groovy:187)
	at cucumber.runtime.Utils$1.call(Utils.java:26)
	at cucumber.runtime.Timeout.timeout(Timeout.java:16)
	at cucumber.runtime.Utils.invoke(Utils.java:20)
	at cucumber.runtime.java.JavaStepDefinition.execute(JavaStepDefinition.java:48)
	at cucumber.runtime.PickleStepDefinitionMatch.runStep(PickleStepDefinitionMatch.java:50)
	at cucumber.runner.TestStep.executeStep(TestStep.java:55)
	at cucumber.runner.TestStep.run(TestStep.java:42)
	at cucumber.runner.PickleStepTestStep.run(PickleStepTestStep.java:53)
	at cucumber.runner.TestCase.run(TestCase.java:47)
	at cucumber.runner.Runner.runPickle(Runner.java:44)
	at cucumber.runtime.Runtime.runFeature(Runtime.java:120)
	at cucumber.runtime.Runtime.run(Runtime.java:106)
	at cucumber.api.cli.Main.run(Main.java:35)
	at cucumber.api.cli.Main$run.call(Unknown Source)
	at com.kms.katalon.core.cucumber.keyword.CucumberBuiltinKeywords$_runFeatureFile_closure1.doCall(CucumberBuiltinKeywords.groovy:76)
	at com.kms.katalon.core.cucumber.keyword.CucumberBuiltinKeywords$_runFeatureFile_closure1.doCall(CucumberBuiltinKeywords.groovy)
	at com.kms.katalon.core.keyword.internal.KeywordMain.runKeyword(KeywordMain.groovy:68)
	at com.kms.katalon.core.keyword.internal.KeywordMain$runKeyword.call(Unknown Source)
	at com.kms.katalon.core.cucumber.keyword.CucumberBuiltinKeywords.runFeatureFile(CucumberBuiltinKeywords.groovy:46)
	at com.kms.katalon.core.cucumber.keyword.CucumberBuiltinKeywords$runFeatureFile$0.callStatic(Unknown Source)
	at com.kms.katalon.core.cucumber.keyword.CucumberBuiltinKeywords.runFeatureFile(CucumberBuiltinKeywords.groovy:169)
	at com.kms.katalon.core.cucumber.keyword.CucumberBuiltinKeywords$runFeatureFile.call(Unknown Source)
	at TC_Search_by_Status.run(TC_Search_by_Status:18)
	at com.kms.katalon.core.main.ScriptEngine.run(ScriptEngine.java:194)
	at com.kms.katalon.core.main.ScriptEngine.runScriptAsRawText(ScriptEngine.java:119)
	at com.kms.katalon.core.main.TestCaseExecutor.runScript(TestCaseExecutor.java:339)
	at com.kms.katalon.core.main.TestCaseExecutor.doExecute(TestCaseExecutor.java:330)
	at com.kms.katalon.core.main.TestCaseExecutor.processExecutionPhase(TestCaseExecutor.java:309)
	at com.kms.katalon.core.main.TestCaseExecutor.accessMainPhase(TestCaseExecutor.java:301)
	at com.kms.katalon.core.main.TestCaseExecutor.execute(TestCaseExecutor.java:235)
	at com.kms.katalon.core.main.TestSuiteExecutor.accessTestCaseMainPhase(TestSuiteExecutor.java:191)
	at com.kms.katalon.core.main.TestSuiteExecutor.accessTestSuiteMainPhase(TestSuiteExecutor.java:141)
	at com.kms.katalon.core.main.TestSuiteExecutor.execute(TestSuiteExecutor.java:90)
	at com.kms.katalon.core.main.TestCaseMain.startTestSuite(TestCaseMain.java:157)
	at com.kms.katalon.core.main.TestCaseMain$startTestSuite$0.call(Unknown Source)
	at TempTestSuite1611218219465.run(TempTestSuite1611218219465.groovy:39)
)
[[ATTACHMENT|/Users/chaidir.pratama01/Katalon Studio/IST_Automation_Git/Reports/20210121_153655/RTD/TS_Dashboard_for_BO_In_Payment/20210121_153659/1611219481561.png]]

2021-01-21 15:58:02 - [MESSAGE][PASSED] - Verify Search Result Presents

2021-01-21 15:58:02 - [TEST_STEP][PASSED] - Click button "Logout": Click button "Logout"

2021-01-21 15:58:02 - [MESSAGE][INFO] - >>>>>//Button[contains(text(),'Logout')]

2021-01-21 15:58:05 - [MESSAGE][PASSED] - Object '' is present

2021-01-21 15:58:05 - [MESSAGE][PASSED] - Object: '' is clicked on

2021-01-21 15:58:05 - [MESSAGE][PASSED] - Switched to window with index: '0'

2021-01-21 15:58:05 - [MESSAGE][PASSED] - Click button "Logout"

2021-01-21 15:58:05 - [TEST_STEP][PASSED] - Close browser: Close browser

2021-01-21 15:58:05 - [MESSAGE][PASSED] - Browser is closed

2021-01-21 15:58:05 - [MESSAGE][PASSED] - Close browser

2021-01-21 15:58:05 - [TEST_CASE][PASSED] - Start Test Case : SCENARIO Search by STATUS Failed due to not supported bank: SCENARIO Search by STATUS Failed due to not supported bank

2021-01-21 15:58:05 - [TEST_STEP][PASSED] - Go to ISTools: Go to ISTools

2021-01-21 15:58:05 - [MESSAGE][INFO] - Starting 'Chrome (headless)' driver

2021-01-21 15:58:05 - [MESSAGE][INFO] - User set preference: ['args', '[--start-maximized, --disable-gpu, --no-proxy-server, â€“-no-sandbox, --allow-running-insecure-content, --ignore-certificate-errors, window-size=1680,814, force-device-scale-factor=2, --lang=en-GB]']

2021-01-21 15:58:05 - [MESSAGE][INFO] - User set preference: ['prefs', '{download.default_directory=/Users/chaidir.pratama01/Katalon Studio/IST_Automation_Git/Download}']

2021-01-21 15:58:05 - [MESSAGE][INFO] - Action delay is set to 0 milliseconds

2021-01-21 15:58:05 - [MESSAGE][PASSED] - Browser is opened with url: ''

2021-01-21 15:58:06 - [MESSAGE][PASSED] - Navigate to 'https://dev-istools.homecredit.id/foundation/' successfully

2021-01-21 15:58:06 - [MESSAGE][PASSED] - Go to ISTools

2021-01-21 15:58:06 - [TEST_STEP][PASSED] - Login IST with valid credentials: Login IST with valid credentials

2021-01-21 15:58:06 - [MESSAGE][PASSED] - Text 'mobile.test' is set on object 'Object Repository/Page_/input_Username_j_username'

2021-01-21 15:58:06 - [MESSAGE][PASSED] - Text ****** has been set on object 'Object Repository/Page_/input_Password_j_password'

2021-01-21 15:58:06 - [MESSAGE][PASSED] - Object: 'Object Repository/Page_/button_Login' is clicked on

2021-01-21 15:58:06 - [MESSAGE][PASSED] - Login IST with valid credentials

2021-01-21 15:58:06 - [TEST_STEP][PASSED] - Login Success: Login Success

2021-01-21 15:58:06 - [MESSAGE][INFO] - Login Success

2021-01-21 15:58:07 - [MESSAGE][PASSED] - Current window maximized

2021-01-21 15:58:07 - [MESSAGE][PASSED] - Object 'Object Repository/Page_/h1_Welcome to IT Supporting Tools' is present

2021-01-21 15:58:07 - [MESSAGE][PASSED] - Login Success

2021-01-21 15:58:07 - [TEST_STEP][PASSED] - Select Arrow Menu "Real Time Disbursement": Select Arrow Menu "Real Time Disbursement"

2021-01-21 15:58:07 - [MESSAGE][PASSED] - Object: '' is clicked on

2021-01-21 15:58:07 - [MESSAGE][PASSED] - Select Arrow Menu "Real Time Disbursement"

2021-01-21 15:58:07 - [TEST_STEP][PASSED] - Select Menu "Dashboard for BO In Payment": Select Menu "Dashboard for BO In Payment"

2021-01-21 15:58:07 - [MESSAGE][PASSED] - Taking screenshot successfully
[[ATTACHMENT|/Users/chaidir.pratama01/Documents/Docs/Katalon Studio/Screenshot/test-Dashboard for BO In Payment.png]]

2021-01-21 15:58:07 - [MESSAGE][PASSED] - Object '' is present

2021-01-21 15:58:07 - [MESSAGE][PASSED] - Object: '' is clicked on

2021-01-21 15:58:07 - [MESSAGE][PASSED] - Wait for page load successfully

2021-01-21 15:58:07 - [MESSAGE][PASSED] - Select Menu "Dashboard for BO In Payment"

2021-01-21 15:58:07 - [TEST_STEP][PASSED] - Select STATUS "Failed due to not supported bank": Select STATUS "Failed due to not supported bank"

2021-01-21 15:58:08 - [MESSAGE][PASSED] - All options with value 'Failed due to not supported bank' are selected in object ''  using regular expression

2021-01-21 15:58:08 - [MESSAGE][PASSED] - Select STATUS "Failed due to not supported bank"

2021-01-21 15:58:08 - [TEST_STEP][PASSED] - Click button "Search": Click button "Search"

2021-01-21 15:58:08 - [MESSAGE][INFO] - >>>>>//Button[contains(text(),'Search')]

2021-01-21 15:58:11 - [MESSAGE][PASSED] - Object '' is present

2021-01-21 15:58:11 - [MESSAGE][PASSED] - Object: '' is clicked on

2021-01-21 15:58:11 - [MESSAGE][PASSED] - Switched to window with index: '0'

2021-01-21 15:58:11 - [MESSAGE][PASSED] - Click button "Search"

2021-01-21 15:58:11 - [TEST_STEP][PASSED] - Verify Search Result Presents: Verify Search Result Presents

2021-01-21 15:58:42 - [MESSAGE][INFO] - Unable to find the element located by 'By.xpath: //td[@style='display:none' and contains(text(),'-Empty-')]'. Please recheck the objects properties to make sure the desired element is located. 

2021-01-21 15:58:42 - [MESSAGE][WARNING] - com.kms.katalon.core.webui.exception.WebElementNotFoundException: Web element with id: '' located by '//td[@style='display:none' and contains(text(),'-Empty-')]' not found (Root cause: com.kms.katalon.core.exception.StepFailedException: com.kms.katalon.core.webui.exception.WebElementNotFoundException: Web element with id: '' located by '//td[@style='display:none' and contains(text(),'-Empty-')]' not found
	at com.kms.katalon.core.webui.keyword.internal.WebUIKeywordMain.stepFailed(WebUIKeywordMain.groovy:64)
	at com.kms.katalon.core.webui.keyword.builtin.VerifyElementPresentKeyword$_verifyElementPresent_closure1.doCall(VerifyElementPresentKeyword.groovy:85)
	at com.kms.katalon.core.webui.keyword.builtin.VerifyElementPresentKeyword$_verifyElementPresent_closure1.call(VerifyElementPresentKeyword.groovy)
	at com.kms.katalon.core.webui.keyword.internal.WebUIKeywordMain.runKeyword(WebUIKeywordMain.groovy:20)
	at com.kms.katalon.core.webui.keyword.builtin.VerifyElementPresentKeyword.verifyElementPresent(VerifyElementPresentKeyword.groovy:92)
	at com.kms.katalon.core.webui.keyword.builtin.VerifyElementPresentKeyword.execute(VerifyElementPresentKeyword.groovy:68)
	at com.kms.katalon.core.keyword.internal.KeywordExecutor.executeKeywordForPlatform(KeywordExecutor.groovy:73)
	at com.kms.katalon.core.webui.keyword.WebUiBuiltInKeywords.verifyElementPresent(WebUiBuiltInKeywords.groovy:1444)
	at com.kms.katalon.core.webui.keyword.WebUiBuiltInKeywords$verifyElementPresent$11.call(Unknown Source)
	at ist_real.Contract_Dispatcher.VerifyTblFilled(Contract_Dispatcher.groovy:1313)
	at ist_real.Contract_Dispatcher$VerifyTblFilled$0.call(Unknown Source)
	at RTD.Search_Result_Presents(RTD.groovy:187)
	at cucumber.runtime.Utils$1.call(Utils.java:26)
	at cucumber.runtime.Timeout.timeout(Timeout.java:16)
	at cucumber.runtime.Utils.invoke(Utils.java:20)
	at cucumber.runtime.java.JavaStepDefinition.execute(JavaStepDefinition.java:48)
	at cucumber.runtime.PickleStepDefinitionMatch.runStep(PickleStepDefinitionMatch.java:50)
	at cucumber.runner.TestStep.executeStep(TestStep.java:55)
	at cucumber.runner.TestStep.run(TestStep.java:42)
	at cucumber.runner.PickleStepTestStep.run(PickleStepTestStep.java:53)
	at cucumber.runner.TestCase.run(TestCase.java:47)
	at cucumber.runner.Runner.runPickle(Runner.java:44)
	at cucumber.runtime.Runtime.runFeature(Runtime.java:120)
	at cucumber.runtime.Runtime.run(Runtime.java:106)
	at cucumber.api.cli.Main.run(Main.java:35)
	at cucumber.api.cli.Main$run.call(Unknown Source)
	at com.kms.katalon.core.cucumber.keyword.CucumberBuiltinKeywords$_runFeatureFile_closure1.doCall(CucumberBuiltinKeywords.groovy:76)
	at com.kms.katalon.core.cucumber.keyword.CucumberBuiltinKeywords$_runFeatureFile_closure1.doCall(CucumberBuiltinKeywords.groovy)
	at com.kms.katalon.core.keyword.internal.KeywordMain.runKeyword(KeywordMain.groovy:68)
	at com.kms.katalon.core.keyword.internal.KeywordMain$runKeyword.call(Unknown Source)
	at com.kms.katalon.core.cucumber.keyword.CucumberBuiltinKeywords.runFeatureFile(CucumberBuiltinKeywords.groovy:46)
	at com.kms.katalon.core.cucumber.keyword.CucumberBuiltinKeywords$runFeatureFile$0.callStatic(Unknown Source)
	at com.kms.katalon.core.cucumber.keyword.CucumberBuiltinKeywords.runFeatureFile(CucumberBuiltinKeywords.groovy:169)
	at com.kms.katalon.core.cucumber.keyword.CucumberBuiltinKeywords$runFeatureFile.call(Unknown Source)
	at TC_Search_by_Status.run(TC_Search_by_Status:18)
	at com.kms.katalon.core.main.ScriptEngine.run(ScriptEngine.java:194)
	at com.kms.katalon.core.main.ScriptEngine.runScriptAsRawText(ScriptEngine.java:119)
	at com.kms.katalon.core.main.TestCaseExecutor.runScript(TestCaseExecutor.java:339)
	at com.kms.katalon.core.main.TestCaseExecutor.doExecute(TestCaseExecutor.java:330)
	at com.kms.katalon.core.main.TestCaseExecutor.processExecutionPhase(TestCaseExecutor.java:309)
	at com.kms.katalon.core.main.TestCaseExecutor.accessMainPhase(TestCaseExecutor.java:301)
	at com.kms.katalon.core.main.TestCaseExecutor.execute(TestCaseExecutor.java:235)
	at com.kms.katalon.core.main.TestSuiteExecutor.accessTestCaseMainPhase(TestSuiteExecutor.java:191)
	at com.kms.katalon.core.main.TestSuiteExecutor.accessTestSuiteMainPhase(TestSuiteExecutor.java:141)
	at com.kms.katalon.core.main.TestSuiteExecutor.execute(TestSuiteExecutor.java:90)
	at com.kms.katalon.core.main.TestCaseMain.startTestSuite(TestCaseMain.java:157)
	at com.kms.katalon.core.main.TestCaseMain$startTestSuite$0.call(Unknown Source)
	at TempTestSuite1611218219465.run(TempTestSuite1611218219465.groovy:39)
)
[[ATTACHMENT|/Users/chaidir.pratama01/Katalon Studio/IST_Automation_Git/Reports/20210121_153655/RTD/TS_Dashboard_for_BO_In_Payment/20210121_153659/1611219522170.png]]

2021-01-21 15:58:42 - [MESSAGE][PASSED] - Verify Search Result Presents

2021-01-21 15:58:42 - [TEST_STEP][PASSED] - Click button "Logout": Click button "Logout"

2021-01-21 15:58:42 - [MESSAGE][INFO] - >>>>>//Button[contains(text(),'Logout')]

2021-01-21 15:58:45 - [MESSAGE][PASSED] - Object '' is present

2021-01-21 15:58:45 - [MESSAGE][PASSED] - Object: '' is clicked on

2021-01-21 15:58:45 - [MESSAGE][PASSED] - Switched to window with index: '0'

2021-01-21 15:58:45 - [MESSAGE][PASSED] - Click button "Logout"

2021-01-21 15:58:45 - [TEST_STEP][PASSED] - Close browser: Close browser

2021-01-21 15:58:45 - [MESSAGE][PASSED] - Browser is closed

2021-01-21 15:58:45 - [MESSAGE][PASSED] - Close browser

2021-01-21 15:58:45 - [TEST_CASE][PASSED] - Start Test Case : SCENARIO Search by STATUS Manual Disbursement: SCENARIO Search by STATUS Manual Disbursement

2021-01-21 15:58:45 - [TEST_STEP][PASSED] - Go to ISTools: Go to ISTools

2021-01-21 15:58:45 - [MESSAGE][INFO] - Starting 'Chrome (headless)' driver

2021-01-21 15:58:45 - [MESSAGE][INFO] - User set preference: ['args', '[--start-maximized, --disable-gpu, --no-proxy-server, â€“-no-sandbox, --allow-running-insecure-content, --ignore-certificate-errors, window-size=1680,814, force-device-scale-factor=2, --lang=en-GB]']

2021-01-21 15:58:45 - [MESSAGE][INFO] - User set preference: ['prefs', '{download.default_directory=/Users/chaidir.pratama01/Katalon Studio/IST_Automation_Git/Download}']

2021-01-21 15:58:45 - [MESSAGE][INFO] - Action delay is set to 0 milliseconds

2021-01-21 15:58:46 - [MESSAGE][PASSED] - Browser is opened with url: ''

2021-01-21 15:58:47 - [MESSAGE][PASSED] - Navigate to 'https://dev-istools.homecredit.id/foundation/' successfully

2021-01-21 15:58:47 - [MESSAGE][PASSED] - Go to ISTools

2021-01-21 15:58:47 - [TEST_STEP][PASSED] - Login IST with valid credentials: Login IST with valid credentials

2021-01-21 15:58:47 - [MESSAGE][PASSED] - Text 'mobile.test' is set on object 'Object Repository/Page_/input_Username_j_username'

2021-01-21 15:58:47 - [MESSAGE][PASSED] - Text ****** has been set on object 'Object Repository/Page_/input_Password_j_password'

2021-01-21 15:58:47 - [MESSAGE][PASSED] - Object: 'Object Repository/Page_/button_Login' is clicked on

2021-01-21 15:58:48 - [MESSAGE][PASSED] - Login IST with valid credentials

2021-01-21 15:58:48 - [TEST_STEP][PASSED] - Login Success: Login Success

2021-01-21 15:58:48 - [MESSAGE][INFO] - Login Success

2021-01-21 15:58:48 - [MESSAGE][PASSED] - Current window maximized

2021-01-21 15:58:48 - [MESSAGE][PASSED] - Object 'Object Repository/Page_/h1_Welcome to IT Supporting Tools' is present

2021-01-21 15:58:48 - [MESSAGE][PASSED] - Login Success

2021-01-21 15:58:48 - [TEST_STEP][PASSED] - Select Arrow Menu "Real Time Disbursement": Select Arrow Menu "Real Time Disbursement"

2021-01-21 15:58:48 - [MESSAGE][PASSED] - Object: '' is clicked on

2021-01-21 15:58:48 - [MESSAGE][PASSED] - Select Arrow Menu "Real Time Disbursement"

2021-01-21 15:58:48 - [TEST_STEP][PASSED] - Select Menu "Dashboard for BO In Payment": Select Menu "Dashboard for BO In Payment"

2021-01-21 15:58:48 - [MESSAGE][PASSED] - Taking screenshot successfully
[[ATTACHMENT|/Users/chaidir.pratama01/Documents/Docs/Katalon Studio/Screenshot/test-Dashboard for BO In Payment.png]]

2021-01-21 15:58:48 - [MESSAGE][PASSED] - Object '' is present

2021-01-21 15:58:48 - [MESSAGE][PASSED] - Object: '' is clicked on

2021-01-21 15:58:48 - [MESSAGE][PASSED] - Wait for page load successfully

2021-01-21 15:58:48 - [MESSAGE][PASSED] - Select Menu "Dashboard for BO In Payment"

2021-01-21 15:58:48 - [TEST_STEP][PASSED] - Select STATUS "Manual Disbursement": Select STATUS "Manual Disbursement"

2021-01-21 15:58:49 - [MESSAGE][PASSED] - All options with value 'Manual Disbursement' are selected in object ''  using regular expression

2021-01-21 15:58:49 - [MESSAGE][PASSED] - Select STATUS "Manual Disbursement"

2021-01-21 15:58:49 - [TEST_STEP][PASSED] - Click button "Search": Click button "Search"

2021-01-21 15:58:49 - [MESSAGE][INFO] - >>>>>//Button[contains(text(),'Search')]

2021-01-21 15:58:52 - [MESSAGE][PASSED] - Object '' is present

2021-01-21 15:58:52 - [MESSAGE][PASSED] - Object: '' is clicked on

2021-01-21 15:58:52 - [MESSAGE][PASSED] - Switched to window with index: '0'

2021-01-21 15:58:52 - [MESSAGE][PASSED] - Click button "Search"

2021-01-21 15:58:52 - [TEST_STEP][PASSED] - Verify Search Result Presents: Verify Search Result Presents

2021-01-21 15:58:52 - [MESSAGE][PASSED] - Object '' is present

2021-01-21 15:58:58 - [MESSAGE][PASSED] - Verify Search Result Presents

2021-01-21 15:58:58 - [TEST_STEP][PASSED] - Click button "Logout": Click button "Logout"

2021-01-21 15:58:58 - [MESSAGE][INFO] - >>>>>//Button[contains(text(),'Logout')]

2021-01-21 15:59:01 - [MESSAGE][PASSED] - Object '' is present

2021-01-21 15:59:01 - [MESSAGE][PASSED] - Object: '' is clicked on

2021-01-21 15:59:01 - [MESSAGE][PASSED] - Switched to window with index: '0'

2021-01-21 15:59:01 - [MESSAGE][PASSED] - Click button "Logout"

2021-01-21 15:59:01 - [TEST_STEP][PASSED] - Close browser: Close browser

2021-01-21 15:59:01 - [MESSAGE][PASSED] - Browser is closed

2021-01-21 15:59:01 - [MESSAGE][PASSED] - Close browser

2021-01-21 15:59:01 - [TEST_CASE][PASSED] - Start Test Case : SCENARIO Search by STATUS DONE: SCENARIO Search by STATUS DONE

2021-01-21 15:59:01 - [TEST_STEP][PASSED] - Go to ISTools: Go to ISTools

2021-01-21 15:59:01 - [MESSAGE][INFO] - Starting 'Chrome (headless)' driver

2021-01-21 15:59:01 - [MESSAGE][INFO] - User set preference: ['args', '[--start-maximized, --disable-gpu, --no-proxy-server, â€“-no-sandbox, --allow-running-insecure-content, --ignore-certificate-errors, window-size=1680,814, force-device-scale-factor=2, --lang=en-GB]']

2021-01-21 15:59:01 - [MESSAGE][INFO] - User set preference: ['prefs', '{download.default_directory=/Users/chaidir.pratama01/Katalon Studio/IST_Automation_Git/Download}']

2021-01-21 15:59:01 - [MESSAGE][INFO] - Action delay is set to 0 milliseconds

2021-01-21 15:59:02 - [MESSAGE][PASSED] - Browser is opened with url: ''

2021-01-21 15:59:02 - [MESSAGE][PASSED] - Navigate to 'https://dev-istools.homecredit.id/foundation/' successfully

2021-01-21 15:59:02 - [MESSAGE][PASSED] - Go to ISTools

2021-01-21 15:59:02 - [TEST_STEP][PASSED] - Login IST with valid credentials: Login IST with valid credentials

2021-01-21 15:59:02 - [MESSAGE][PASSED] - Text 'mobile.test' is set on object 'Object Repository/Page_/input_Username_j_username'

2021-01-21 15:59:02 - [MESSAGE][PASSED] - Text ****** has been set on object 'Object Repository/Page_/input_Password_j_password'

2021-01-21 15:59:03 - [MESSAGE][PASSED] - Object: 'Object Repository/Page_/button_Login' is clicked on

2021-01-21 15:59:03 - [MESSAGE][PASSED] - Login IST with valid credentials

2021-01-21 15:59:03 - [TEST_STEP][PASSED] - Login Success: Login Success

2021-01-21 15:59:03 - [MESSAGE][INFO] - Login Success

2021-01-21 15:59:03 - [MESSAGE][PASSED] - Current window maximized

2021-01-21 15:59:03 - [MESSAGE][PASSED] - Object 'Object Repository/Page_/h1_Welcome to IT Supporting Tools' is present

2021-01-21 15:59:03 - [MESSAGE][PASSED] - Login Success

2021-01-21 15:59:03 - [TEST_STEP][PASSED] - Select Arrow Menu "Real Time Disbursement": Select Arrow Menu "Real Time Disbursement"

2021-01-21 15:59:03 - [MESSAGE][PASSED] - Object: '' is clicked on

2021-01-21 15:59:03 - [MESSAGE][PASSED] - Select Arrow Menu "Real Time Disbursement"

2021-01-21 15:59:03 - [TEST_STEP][PASSED] - Select Menu "Dashboard for BO In Payment": Select Menu "Dashboard for BO In Payment"

2021-01-21 15:59:03 - [MESSAGE][PASSED] - Taking screenshot successfully
[[ATTACHMENT|/Users/chaidir.pratama01/Documents/Docs/Katalon Studio/Screenshot/test-Dashboard for BO In Payment.png]]

2021-01-21 15:59:03 - [MESSAGE][PASSED] - Object '' is present

2021-01-21 15:59:04 - [MESSAGE][PASSED] - Object: '' is clicked on

2021-01-21 15:59:04 - [MESSAGE][PASSED] - Wait for page load successfully

2021-01-21 15:59:04 - [MESSAGE][PASSED] - Select Menu "Dashboard for BO In Payment"

2021-01-21 15:59:04 - [TEST_STEP][PASSED] - Select STATUS "DONE": Select STATUS "DONE"

2021-01-21 15:59:04 - [MESSAGE][PASSED] - All options with value 'DONE' are selected in object ''  using regular expression

2021-01-21 15:59:04 - [MESSAGE][PASSED] - Select STATUS "DONE"

2021-01-21 15:59:04 - [TEST_STEP][PASSED] - Click button "Search": Click button "Search"

2021-01-21 15:59:04 - [MESSAGE][INFO] - >>>>>//Button[contains(text(),'Search')]

2021-01-21 15:59:07 - [MESSAGE][PASSED] - Object '' is present

2021-01-21 15:59:07 - [MESSAGE][PASSED] - Object: '' is clicked on

2021-01-21 15:59:07 - [MESSAGE][PASSED] - Switched to window with index: '0'

2021-01-21 15:59:07 - [MESSAGE][PASSED] - Click button "Search"

2021-01-21 15:59:07 - [TEST_STEP][PASSED] - Verify Search Result Presents: Verify Search Result Presents

2021-01-21 15:59:07 - [MESSAGE][PASSED] - Object '' is present

2021-01-21 15:59:13 - [MESSAGE][PASSED] - Verify Search Result Presents

2021-01-21 15:59:13 - [TEST_STEP][PASSED] - Click button "Logout": Click button "Logout"

2021-01-21 15:59:13 - [MESSAGE][INFO] - >>>>>//Button[contains(text(),'Logout')]

2021-01-21 15:59:16 - [MESSAGE][PASSED] - Object '' is present

2021-01-21 15:59:16 - [MESSAGE][PASSED] - Object: '' is clicked on

2021-01-21 15:59:16 - [MESSAGE][PASSED] - Switched to window with index: '0'

2021-01-21 15:59:16 - [MESSAGE][PASSED] - Click button "Logout"

2021-01-21 15:59:16 - [TEST_STEP][PASSED] - Close browser: Close browser

2021-01-21 15:59:16 - [MESSAGE][PASSED] - Browser is closed

2021-01-21 15:59:16 - [MESSAGE][PASSED] - Close browser

2021-01-21 15:59:16 - [TEST_CASE][PASSED] - Start Test Case : SCENARIO Search by STATUS Success to Disburse: SCENARIO Search by STATUS Success to Disburse

2021-01-21 15:59:16 - [TEST_STEP][PASSED] - Go to ISTools: Go to ISTools

2021-01-21 15:59:16 - [MESSAGE][INFO] - Starting 'Chrome (headless)' driver

2021-01-21 15:59:16 - [MESSAGE][INFO] - User set preference: ['args', '[--start-maximized, --disable-gpu, --no-proxy-server, â€“-no-sandbox, --allow-running-insecure-content, --ignore-certificate-errors, window-size=1680,814, force-device-scale-factor=2, --lang=en-GB]']

2021-01-21 15:59:16 - [MESSAGE][INFO] - User set preference: ['prefs', '{download.default_directory=/Users/chaidir.pratama01/Katalon Studio/IST_Automation_Git/Download}']

2021-01-21 15:59:16 - [MESSAGE][INFO] - Action delay is set to 0 milliseconds

2021-01-21 15:59:17 - [MESSAGE][PASSED] - Browser is opened with url: ''

2021-01-21 15:59:17 - [MESSAGE][PASSED] - Navigate to 'https://dev-istools.homecredit.id/foundation/' successfully

2021-01-21 15:59:17 - [MESSAGE][PASSED] - Go to ISTools

2021-01-21 15:59:17 - [TEST_STEP][PASSED] - Login IST with valid credentials: Login IST with valid credentials

2021-01-21 15:59:18 - [MESSAGE][PASSED] - Text 'mobile.test' is set on object 'Object Repository/Page_/input_Username_j_username'

2021-01-21 15:59:18 - [MESSAGE][PASSED] - Text ****** has been set on object 'Object Repository/Page_/input_Password_j_password'

2021-01-21 15:59:18 - [MESSAGE][PASSED] - Object: 'Object Repository/Page_/button_Login' is clicked on

2021-01-21 15:59:18 - [MESSAGE][PASSED] - Login IST with valid credentials

2021-01-21 15:59:18 - [TEST_STEP][PASSED] - Login Success: Login Success

2021-01-21 15:59:18 - [MESSAGE][INFO] - Login Success

2021-01-21 15:59:18 - [MESSAGE][PASSED] - Current window maximized

2021-01-21 15:59:18 - [MESSAGE][PASSED] - Object 'Object Repository/Page_/h1_Welcome to IT Supporting Tools' is present

2021-01-21 15:59:18 - [MESSAGE][PASSED] - Login Success

2021-01-21 15:59:18 - [TEST_STEP][PASSED] - Select Arrow Menu "Real Time Disbursement": Select Arrow Menu "Real Time Disbursement"

2021-01-21 15:59:18 - [MESSAGE][PASSED] - Object: '' is clicked on

2021-01-21 15:59:18 - [MESSAGE][PASSED] - Select Arrow Menu "Real Time Disbursement"

2021-01-21 15:59:18 - [TEST_STEP][PASSED] - Select Menu "Dashboard for BO In Payment": Select Menu "Dashboard for BO In Payment"

2021-01-21 15:59:19 - [MESSAGE][PASSED] - Taking screenshot successfully
[[ATTACHMENT|/Users/chaidir.pratama01/Documents/Docs/Katalon Studio/Screenshot/test-Dashboard for BO In Payment.png]]

2021-01-21 15:59:19 - [MESSAGE][PASSED] - Object '' is present

2021-01-21 15:59:19 - [MESSAGE][PASSED] - Object: '' is clicked on

2021-01-21 15:59:19 - [MESSAGE][PASSED] - Wait for page load successfully

2021-01-21 15:59:19 - [MESSAGE][PASSED] - Select Menu "Dashboard for BO In Payment"

2021-01-21 15:59:19 - [TEST_STEP][PASSED] - Select STATUS "Success to Disburse": Select STATUS "Success to Disburse"

2021-01-21 15:59:19 - [MESSAGE][PASSED] - All options with value 'Success to Disburse' are selected in object ''  using regular expression

2021-01-21 15:59:19 - [MESSAGE][PASSED] - Select STATUS "Success to Disburse"

2021-01-21 15:59:19 - [TEST_STEP][PASSED] - Click button "Search": Click button "Search"

2021-01-21 15:59:19 - [MESSAGE][INFO] - >>>>>//Button[contains(text(),'Search')]

2021-01-21 15:59:22 - [MESSAGE][PASSED] - Object '' is present

2021-01-21 15:59:22 - [MESSAGE][PASSED] - Object: '' is clicked on

2021-01-21 15:59:22 - [MESSAGE][PASSED] - Switched to window with index: '0'

2021-01-21 15:59:22 - [MESSAGE][PASSED] - Click button "Search"

2021-01-21 15:59:22 - [TEST_STEP][PASSED] - Verify Search Result Presents: Verify Search Result Presents

2021-01-21 15:59:22 - [MESSAGE][PASSED] - Object '' is present

2021-01-21 15:59:23 - [MESSAGE][PASSED] - Verify Search Result Presents

2021-01-21 15:59:23 - [TEST_STEP][PASSED] - Click button "Logout": Click button "Logout"

2021-01-21 15:59:23 - [MESSAGE][INFO] - >>>>>//Button[contains(text(),'Logout')]

2021-01-21 15:59:26 - [MESSAGE][PASSED] - Object '' is present

2021-01-21 15:59:26 - [MESSAGE][PASSED] - Object: '' is clicked on

2021-01-21 15:59:26 - [MESSAGE][PASSED] - Switched to window with index: '0'

2021-01-21 15:59:26 - [MESSAGE][PASSED] - Click button "Logout"

2021-01-21 15:59:26 - [TEST_STEP][PASSED] - Close browser: Close browser

2021-01-21 15:59:26 - [MESSAGE][PASSED] - Browser is closed

2021-01-21 15:59:26 - [MESSAGE][PASSED] - Close browser

2021-01-21 15:59:26 - [MESSAGE][PASSED] - Feature file: 'Include/features/IST_Real/RTD/Dashboard_for_BO_In_Payment/Search_by_Status.feature' was passed]]></system-out>
         <system-err><![CDATA[]]></system-err>
      </testcase>
      <testcase name="Test Cases/RTD/Dashboard for BO in Payment/TC_View_Detail" time="40.687" classname="Test Cases/RTD/Dashboard for BO in Payment/TC_View_Detail" status="PASSED">
         <system-out><![CDATA[2021-01-21 15:59:26 - [TEST_CASE][PASSED] - Test Cases/RTD/Dashboard for BO in Payment/TC_View_Detail: Test Cases/RTD/Dashboard for BO in Payment/TC_View_Detail

2021-01-21 15:59:26 - [TEST_STEP][PASSED] - runFeatureFile("Include/features/IST_Real/RTD/Dashboard_for_BO_In_Payment/View_Detail.feature"): Feature file: 'Include/features/IST_Real/RTD/Dashboard_for_BO_In_Payment/View_Detail.feature' was passed

2021-01-21 15:59:26 - [MESSAGE][INFO] - Starting run keyword runFeatureFile: 'Include/features/IST_Real/RTD/Dashboard_for_BO_In_Payment/View_Detail.feature' and extract report to folder: '/Users/chaidir.pratama01/Katalon Studio/IST_Automation_Git/Reports/20210121_153655/RTD/TS_Dashboard_for_BO_In_Payment/20210121_153659/cucumber_report/1611219566712'...

2021-01-21 15:59:26 - [TEST_CASE][PASSED] - Start Test Case : SCENARIO Search by STATUS Success to Disburse and then View Detail of it: SCENARIO Search by STATUS Success to Disburse and then View Detail of it

2021-01-21 15:59:26 - [TEST_STEP][PASSED] - Go to ISTools: Go to ISTools

2021-01-21 15:59:26 - [MESSAGE][INFO] - Starting 'Chrome (headless)' driver

2021-01-21 15:59:26 - [MESSAGE][INFO] - User set preference: ['args', '[--start-maximized, --disable-gpu, --no-proxy-server, â€“-no-sandbox, --allow-running-insecure-content, --ignore-certificate-errors, window-size=1680,814, force-device-scale-factor=2, --lang=en-GB]']

2021-01-21 15:59:26 - [MESSAGE][INFO] - User set preference: ['prefs', '{download.default_directory=/Users/chaidir.pratama01/Katalon Studio/IST_Automation_Git/Download}']

2021-01-21 15:59:26 - [MESSAGE][INFO] - Action delay is set to 0 milliseconds

2021-01-21 15:59:27 - [MESSAGE][PASSED] - Browser is opened with url: ''

2021-01-21 15:59:27 - [MESSAGE][PASSED] - Navigate to 'https://dev-istools.homecredit.id/foundation/' successfully

2021-01-21 15:59:27 - [MESSAGE][PASSED] - Go to ISTools

2021-01-21 15:59:27 - [TEST_STEP][PASSED] - Login IST with valid credentials: Login IST with valid credentials

2021-01-21 15:59:28 - [MESSAGE][PASSED] - Text 'mobile.test' is set on object 'Object Repository/Page_/input_Username_j_username'

2021-01-21 15:59:28 - [MESSAGE][PASSED] - Text ****** has been set on object 'Object Repository/Page_/input_Password_j_password'

2021-01-21 15:59:28 - [MESSAGE][PASSED] - Object: 'Object Repository/Page_/button_Login' is clicked on

2021-01-21 15:59:28 - [MESSAGE][PASSED] - Login IST with valid credentials

2021-01-21 15:59:28 - [TEST_STEP][PASSED] - Login Success: Login Success

2021-01-21 15:59:28 - [MESSAGE][INFO] - Login Success

2021-01-21 15:59:28 - [MESSAGE][PASSED] - Current window maximized

2021-01-21 15:59:28 - [MESSAGE][PASSED] - Object 'Object Repository/Page_/h1_Welcome to IT Supporting Tools' is present

2021-01-21 15:59:28 - [MESSAGE][PASSED] - Login Success

2021-01-21 15:59:28 - [TEST_STEP][PASSED] - Select Arrow Menu "Real Time Disbursement": Select Arrow Menu "Real Time Disbursement"

2021-01-21 15:59:28 - [MESSAGE][PASSED] - Object: '' is clicked on

2021-01-21 15:59:28 - [MESSAGE][PASSED] - Select Arrow Menu "Real Time Disbursement"

2021-01-21 15:59:28 - [TEST_STEP][PASSED] - Select Menu "Dashboard for BO In Payment": Select Menu "Dashboard for BO In Payment"

2021-01-21 15:59:29 - [MESSAGE][PASSED] - Taking screenshot successfully
[[ATTACHMENT|/Users/chaidir.pratama01/Documents/Docs/Katalon Studio/Screenshot/test-Dashboard for BO In Payment.png]]

2021-01-21 15:59:29 - [MESSAGE][PASSED] - Object '' is present

2021-01-21 15:59:29 - [MESSAGE][PASSED] - Object: '' is clicked on

2021-01-21 15:59:29 - [MESSAGE][PASSED] - Wait for page load successfully

2021-01-21 15:59:29 - [MESSAGE][PASSED] - Select Menu "Dashboard for BO In Payment"

2021-01-21 15:59:29 - [TEST_STEP][PASSED] - Select STATUS "Success to Disburse": Select STATUS "Success to Disburse"

2021-01-21 15:59:29 - [MESSAGE][PASSED] - All options with value 'Success to Disburse' are selected in object ''  using regular expression

2021-01-21 15:59:29 - [MESSAGE][PASSED] - Select STATUS "Success to Disburse"

2021-01-21 15:59:29 - [TEST_STEP][PASSED] - Click button "Search": Click button "Search"

2021-01-21 15:59:29 - [MESSAGE][INFO] - >>>>>//Button[contains(text(),'Search')]

2021-01-21 15:59:32 - [MESSAGE][PASSED] - Object '' is present

2021-01-21 15:59:32 - [MESSAGE][PASSED] - Object: '' is clicked on

2021-01-21 15:59:32 - [MESSAGE][PASSED] - Switched to window with index: '0'

2021-01-21 15:59:32 - [MESSAGE][PASSED] - Click button "Search"

2021-01-21 15:59:32 - [TEST_STEP][PASSED] - Verify Search Result Presents: Verify Search Result Presents

2021-01-21 15:59:32 - [MESSAGE][PASSED] - Object '' is present

2021-01-21 15:59:33 - [MESSAGE][PASSED] - Verify Search Result Presents

2021-01-21 15:59:33 - [TEST_STEP][PASSED] - Click View Detail: Click View Detail

2021-01-21 15:59:33 - [MESSAGE][PASSED] - Object '' is present

2021-01-21 15:59:33 - [MESSAGE][PASSED] - Object: '' is clicked on

2021-01-21 15:59:33 - [MESSAGE][PASSED] - Click View Detail

2021-01-21 15:59:33 - [TEST_STEP][PASSED] - Verify Information in View Detail: Verify Information in View Detail

2021-01-21 15:59:36 - [MESSAGE][PASSED] - Delayed 3 second(s)

2021-01-21 15:59:36 - [MESSAGE][PASSED] - Attribute 'value' of object '' is: '3900014152'

2021-01-21 15:59:39 - [MESSAGE][PASSED] - Delayed 3 second(s)

2021-01-21 15:59:39 - [MESSAGE][PASSED] - Attribute 'value' of object '' is: 'IDITXLeks TESTERbIvIvO'

2021-01-21 15:59:42 - [MESSAGE][PASSED] - Delayed 3 second(s)

2021-01-21 15:59:42 - [MESSAGE][PASSED] - Attribute 'value' of object '' is: 'Success to Disburse'

2021-01-21 15:59:45 - [MESSAGE][PASSED] - Delayed 3 second(s)

2021-01-21 15:59:45 - [MESSAGE][PASSED] - Attribute 'value' of object '' is: 'Rp 7,000,000'

2021-01-21 15:59:48 - [MESSAGE][PASSED] - Delayed 3 second(s)

2021-01-21 15:59:48 - [MESSAGE][PASSED] - Attribute 'value' of object '' is: 'KESEJAHTERAAN EKONOMI'

2021-01-21 15:59:51 - [MESSAGE][PASSED] - Delayed 3 second(s)

2021-01-21 15:59:51 - [MESSAGE][PASSED] - Attribute 'value' of object '' is: '1'

2021-01-21 15:59:54 - [MESSAGE][PASSED] - Delayed 3 second(s)

2021-01-21 15:59:54 - [MESSAGE][PASSED] - Attribute 'value' of object '' is: 'NAMA ADA DISINI'

2021-01-21 15:59:57 - [MESSAGE][PASSED] - Delayed 3 second(s)

2021-01-21 15:59:57 - [MESSAGE][PASSED] - Attribute 'value' of object '' is: 'KESEJAHTERAAN EKONOMI'

2021-01-21 16:00:00 - [MESSAGE][PASSED] - Delayed 3 second(s)

2021-01-21 16:00:00 - [MESSAGE][PASSED] - Attribute 'value' of object '' is: ''

2021-01-21 16:00:03 - [MESSAGE][PASSED] - Delayed 3 second(s)

2021-01-21 16:00:03 - [MESSAGE][PASSED] - Attribute 'value' of object '' is: ''

2021-01-21 16:00:03 - [MESSAGE][PASSED] - Text of object '' is: 'Date'

2021-01-21 16:00:03 - [MESSAGE][PASSED] - Text of object '' is: 'Status'

2021-01-21 16:00:03 - [MESSAGE][PASSED] - Text of object '' is: 'Updated Information'

2021-01-21 16:00:03 - [MESSAGE][PASSED] - Text of object '' is: 'Last Update By'

2021-01-21 16:00:03 - [MESSAGE][PASSED] - Text of object '' is: 'Department'

2021-01-21 16:00:03 - [MESSAGE][PASSED] - Verify Information in View Detail

2021-01-21 16:00:03 - [TEST_STEP][PASSED] - Click button "Logout": Click button "Logout"

2021-01-21 16:00:03 - [MESSAGE][INFO] - >>>>>//Button[contains(text(),'Logout')]

2021-01-21 16:00:07 - [MESSAGE][PASSED] - Object '' is present

2021-01-21 16:00:07 - [MESSAGE][PASSED] - Object: '' is clicked on

2021-01-21 16:00:07 - [MESSAGE][PASSED] - Switched to window with index: '0'

2021-01-21 16:00:07 - [MESSAGE][PASSED] - Click button "Logout"

2021-01-21 16:00:07 - [TEST_STEP][PASSED] - Close browser: Close browser

2021-01-21 16:00:07 - [MESSAGE][PASSED] - Browser is closed

2021-01-21 16:00:07 - [MESSAGE][PASSED] - Close browser

2021-01-21 16:00:07 - [MESSAGE][PASSED] - Feature file: 'Include/features/IST_Real/RTD/Dashboard_for_BO_In_Payment/View_Detail.feature' was passed]]></system-out>
         <system-err><![CDATA[]]></system-err>
      </testcase>
      <testcase name="Test Cases/RTD/Dashboard for BO in Payment/TC_Export_Data" time="9.741" classname="Test Cases/RTD/Dashboard for BO in Payment/TC_Export_Data" status="PASSED">
         <system-out><![CDATA[2021-01-21 16:00:07 - [TEST_CASE][PASSED] - Test Cases/RTD/Dashboard for BO in Payment/TC_Export_Data: Test Cases/RTD/Dashboard for BO in Payment/TC_Export_Data

2021-01-21 16:00:07 - [TEST_STEP][PASSED] - runFeatureFile("Include/features/IST_Real/RTD/Dashboard_for_BO_In_Payment/Export_Data.feature"): Feature file: 'Include/features/IST_Real/RTD/Dashboard_for_BO_In_Payment/Export_Data.feature' was passed

2021-01-21 16:00:07 - [MESSAGE][INFO] - Starting run keyword runFeatureFile: 'Include/features/IST_Real/RTD/Dashboard_for_BO_In_Payment/Export_Data.feature' and extract report to folder: '/Users/chaidir.pratama01/Katalon Studio/IST_Automation_Git/Reports/20210121_153655/RTD/TS_Dashboard_for_BO_In_Payment/20210121_153659/cucumber_report/1611219607399'...

2021-01-21 16:00:07 - [TEST_CASE][PASSED] - Start Test Case : SCENARIO Export Data: SCENARIO Export Data

2021-01-21 16:00:07 - [TEST_STEP][PASSED] - Go to ISTools: Go to ISTools

2021-01-21 16:00:07 - [MESSAGE][INFO] - Starting 'Chrome (headless)' driver

2021-01-21 16:00:07 - [MESSAGE][INFO] - User set preference: ['args', '[--start-maximized, --disable-gpu, --no-proxy-server, â€“-no-sandbox, --allow-running-insecure-content, --ignore-certificate-errors, window-size=1680,814, force-device-scale-factor=2, --lang=en-GB]']

2021-01-21 16:00:07 - [MESSAGE][INFO] - User set preference: ['prefs', '{download.default_directory=/Users/chaidir.pratama01/Katalon Studio/IST_Automation_Git/Download}']

2021-01-21 16:00:07 - [MESSAGE][INFO] - Action delay is set to 0 milliseconds

2021-01-21 16:00:07 - [MESSAGE][PASSED] - Browser is opened with url: ''

2021-01-21 16:00:08 - [MESSAGE][PASSED] - Navigate to 'https://dev-istools.homecredit.id/foundation/' successfully

2021-01-21 16:00:08 - [MESSAGE][PASSED] - Go to ISTools

2021-01-21 16:00:08 - [TEST_STEP][PASSED] - Login IST with valid credentials: Login IST with valid credentials

2021-01-21 16:00:08 - [MESSAGE][PASSED] - Text 'mobile.test' is set on object 'Object Repository/Page_/input_Username_j_username'

2021-01-21 16:00:08 - [MESSAGE][PASSED] - Text ****** has been set on object 'Object Repository/Page_/input_Password_j_password'

2021-01-21 16:00:09 - [MESSAGE][PASSED] - Object: 'Object Repository/Page_/button_Login' is clicked on

2021-01-21 16:00:09 - [MESSAGE][PASSED] - Login IST with valid credentials

2021-01-21 16:00:09 - [TEST_STEP][PASSED] - Login Success: Login Success

2021-01-21 16:00:09 - [MESSAGE][INFO] - Login Success

2021-01-21 16:00:09 - [MESSAGE][PASSED] - Current window maximized

2021-01-21 16:00:09 - [MESSAGE][PASSED] - Object 'Object Repository/Page_/h1_Welcome to IT Supporting Tools' is present

2021-01-21 16:00:09 - [MESSAGE][PASSED] - Login Success

2021-01-21 16:00:09 - [TEST_STEP][PASSED] - Select Arrow Menu "Real Time Disbursement": Select Arrow Menu "Real Time Disbursement"

2021-01-21 16:00:09 - [MESSAGE][PASSED] - Object: '' is clicked on

2021-01-21 16:00:09 - [MESSAGE][PASSED] - Select Arrow Menu "Real Time Disbursement"

2021-01-21 16:00:09 - [TEST_STEP][PASSED] - Select Menu "Dashboard for BO In Payment": Select Menu "Dashboard for BO In Payment"

2021-01-21 16:00:09 - [MESSAGE][PASSED] - Taking screenshot successfully
[[ATTACHMENT|/Users/chaidir.pratama01/Documents/Docs/Katalon Studio/Screenshot/test-Dashboard for BO In Payment.png]]

2021-01-21 16:00:09 - [MESSAGE][PASSED] - Object '' is present

2021-01-21 16:00:09 - [MESSAGE][PASSED] - Object: '' is clicked on

2021-01-21 16:00:09 - [MESSAGE][PASSED] - Wait for page load successfully

2021-01-21 16:00:09 - [MESSAGE][PASSED] - Select Menu "Dashboard for BO In Payment"

2021-01-21 16:00:09 - [TEST_STEP][PASSED] - Input Contract RTD in Contract Number label: Input Contract RTD in Contract Number label

2021-01-21 16:00:10 - [MESSAGE][PASSED] - Text '4000014162' is set on object ''

2021-01-21 16:00:10 - [MESSAGE][PASSED] - Input Contract RTD in Contract Number label

2021-01-21 16:00:10 - [TEST_STEP][PASSED] - Click button "Search": Click button "Search"

2021-01-21 16:00:10 - [MESSAGE][INFO] - >>>>>//Button[contains(text(),'Search')]

2021-01-21 16:00:13 - [MESSAGE][PASSED] - Object '' is present

2021-01-21 16:00:13 - [MESSAGE][PASSED] - Object: '' is clicked on

2021-01-21 16:00:13 - [MESSAGE][PASSED] - Switched to window with index: '0'

2021-01-21 16:00:13 - [MESSAGE][PASSED] - Click button "Search"

2021-01-21 16:00:13 - [TEST_STEP][PASSED] - Verify Table Filled: Verify Table Filled

2021-01-21 16:00:13 - [MESSAGE][PASSED] - Object '' is present

2021-01-21 16:00:13 - [MESSAGE][PASSED] - Verify Table Filled

2021-01-21 16:00:13 - [TEST_STEP][PASSED] - Click button "Export Data": Click button "Export Data"

2021-01-21 16:00:13 - [MESSAGE][INFO] - >>>>>//Button[contains(text(),'Export Data')]

2021-01-21 16:00:16 - [MESSAGE][PASSED] - Object: '' is clicked on

2021-01-21 16:00:17 - [MESSAGE][PASSED] - Taking screenshot successfully
[[ATTACHMENT|/Users/chaidir.pratama01/Documents/Docs/Katalon Studio/Screenshot/Download_data.png]]

2021-01-21 16:00:17 - [MESSAGE][PASSED] - Click button "Export Data"

2021-01-21 16:00:17 - [MESSAGE][PASSED] - Feature file: 'Include/features/IST_Real/RTD/Dashboard_for_BO_In_Payment/Export_Data.feature' was passed]]></system-out>
         <system-err><![CDATA[]]></system-err>
      </testcase>
      <testcase name="Test Cases/RTD/Dashboard for BO in Payment/TC_Generate_Outpayment" time="39.036" classname="Test Cases/RTD/Dashboard for BO in Payment/TC_Generate_Outpayment" status="PASSED">
         <system-out><![CDATA[2021-01-21 16:00:17 - [TEST_CASE][PASSED] - Test Cases/RTD/Dashboard for BO in Payment/TC_Generate_Outpayment: Test Cases/RTD/Dashboard for BO in Payment/TC_Generate_Outpayment

2021-01-21 16:00:17 - [TEST_STEP][PASSED] - runFeatureFile("Include/features/IST_Real/RTD/Dashboard_for_BO_In_Payment/Generate_Outpayment.feature"): Feature file: 'Include/features/IST_Real/RTD/Dashboard_for_BO_In_Payment/Generate_Outpayment.feature' was passed

2021-01-21 16:00:17 - [MESSAGE][INFO] - Starting run keyword runFeatureFile: 'Include/features/IST_Real/RTD/Dashboard_for_BO_In_Payment/Generate_Outpayment.feature' and extract report to folder: '/Users/chaidir.pratama01/Katalon Studio/IST_Automation_Git/Reports/20210121_153655/RTD/TS_Dashboard_for_BO_In_Payment/20210121_153659/cucumber_report/1611219617138'...

2021-01-21 16:00:17 - [TEST_CASE][PASSED] - Start Test Case : SCENARIO Genrate Outpayment without select checkbox: SCENARIO Genrate Outpayment without select checkbox

2021-01-21 16:00:17 - [TEST_STEP][PASSED] - Go to ISTools: Go to ISTools

2021-01-21 16:00:17 - [MESSAGE][WARNING] - A browser is already opened. Closing browser and opening a new one

2021-01-21 16:00:17 - [MESSAGE][INFO] - Starting 'Chrome (headless)' driver

2021-01-21 16:00:17 - [MESSAGE][INFO] - User set preference: ['args', '[--start-maximized, --disable-gpu, --no-proxy-server, â€“-no-sandbox, --allow-running-insecure-content, --ignore-certificate-errors, window-size=1680,814, force-device-scale-factor=2, --lang=en-GB]']

2021-01-21 16:00:17 - [MESSAGE][INFO] - User set preference: ['prefs', '{download.default_directory=/Users/chaidir.pratama01/Katalon Studio/IST_Automation_Git/Download}']

2021-01-21 16:00:17 - [MESSAGE][INFO] - Action delay is set to 0 milliseconds

2021-01-21 16:00:17 - [MESSAGE][PASSED] - Browser is opened with url: ''

2021-01-21 16:00:18 - [MESSAGE][PASSED] - Navigate to 'https://dev-istools.homecredit.id/foundation/' successfully

2021-01-21 16:00:18 - [MESSAGE][PASSED] - Go to ISTools

2021-01-21 16:00:18 - [TEST_STEP][PASSED] - Login IST with valid credentials: Login IST with valid credentials

2021-01-21 16:00:18 - [MESSAGE][PASSED] - Text 'mobile.test' is set on object 'Object Repository/Page_/input_Username_j_username'

2021-01-21 16:00:18 - [MESSAGE][PASSED] - Text ****** has been set on object 'Object Repository/Page_/input_Password_j_password'

2021-01-21 16:00:19 - [MESSAGE][PASSED] - Object: 'Object Repository/Page_/button_Login' is clicked on

2021-01-21 16:00:19 - [MESSAGE][PASSED] - Login IST with valid credentials

2021-01-21 16:00:19 - [TEST_STEP][PASSED] - Login Success: Login Success

2021-01-21 16:00:19 - [MESSAGE][INFO] - Login Success

2021-01-21 16:00:19 - [MESSAGE][PASSED] - Current window maximized

2021-01-21 16:00:19 - [MESSAGE][PASSED] - Object 'Object Repository/Page_/h1_Welcome to IT Supporting Tools' is present

2021-01-21 16:00:19 - [MESSAGE][PASSED] - Login Success

2021-01-21 16:00:19 - [TEST_STEP][PASSED] - Select Arrow Menu "Real Time Disbursement": Select Arrow Menu "Real Time Disbursement"

2021-01-21 16:00:19 - [MESSAGE][PASSED] - Object: '' is clicked on

2021-01-21 16:00:19 - [MESSAGE][PASSED] - Select Arrow Menu "Real Time Disbursement"

2021-01-21 16:00:19 - [TEST_STEP][PASSED] - Select Menu "Dashboard for BO In Payment": Select Menu "Dashboard for BO In Payment"

2021-01-21 16:00:20 - [MESSAGE][PASSED] - Taking screenshot successfully
[[ATTACHMENT|/Users/chaidir.pratama01/Documents/Docs/Katalon Studio/Screenshot/test-Dashboard for BO In Payment.png]]

2021-01-21 16:00:20 - [MESSAGE][PASSED] - Object '' is present

2021-01-21 16:00:20 - [MESSAGE][PASSED] - Object: '' is clicked on

2021-01-21 16:00:20 - [MESSAGE][PASSED] - Wait for page load successfully

2021-01-21 16:00:20 - [MESSAGE][PASSED] - Select Menu "Dashboard for BO In Payment"

2021-01-21 16:00:20 - [TEST_STEP][PASSED] - Select STATUS "Manual Disbursement": Select STATUS "Manual Disbursement"

2021-01-21 16:00:20 - [MESSAGE][PASSED] - All options with value 'Manual Disbursement' are selected in object ''  using regular expression

2021-01-21 16:00:20 - [MESSAGE][PASSED] - Select STATUS "Manual Disbursement"

2021-01-21 16:00:20 - [TEST_STEP][PASSED] - Click button "Search": Click button "Search"

2021-01-21 16:00:20 - [MESSAGE][INFO] - >>>>>//Button[contains(text(),'Search')]

2021-01-21 16:00:23 - [MESSAGE][PASSED] - Object '' is present

2021-01-21 16:00:23 - [MESSAGE][PASSED] - Object: '' is clicked on

2021-01-21 16:00:23 - [MESSAGE][PASSED] - Switched to window with index: '0'

2021-01-21 16:00:23 - [MESSAGE][PASSED] - Click button "Search"

2021-01-21 16:00:23 - [TEST_STEP][PASSED] - Verify Table Filled: Verify Table Filled

2021-01-21 16:00:24 - [MESSAGE][PASSED] - Object '' is present

2021-01-21 16:00:24 - [MESSAGE][PASSED] - Verify Table Filled

2021-01-21 16:00:24 - [TEST_STEP][PASSED] - Click button "Generate Outpayment": Click button "Generate Outpayment"

2021-01-21 16:00:24 - [MESSAGE][INFO] - >>>>>//Button[contains(text(),'Generate Outpayment')]

2021-01-21 16:00:27 - [MESSAGE][PASSED] - Object '' is present

2021-01-21 16:00:27 - [MESSAGE][PASSED] - Object: '' is clicked on

2021-01-21 16:00:27 - [MESSAGE][PASSED] - Switched to window with index: '0'

2021-01-21 16:00:27 - [MESSAGE][PASSED] - Click button "Generate Outpayment"

2021-01-21 16:00:27 - [TEST_STEP][PASSED] - Get text from pop up "Warning Message" with text "Warning : No data selected !": Get text from pop up "Warning Message" with text "Warning : No data selected !"

2021-01-21 16:00:28 - [MESSAGE][PASSED] - Taking screenshot successfully
[[ATTACHMENT|/Users/chaidir.pratama01/Documents/Docs/Katalon Studio/Screenshot/errorpopup.png]]

2021-01-21 16:00:28 - [MESSAGE][PASSED] - Object '' is present

2021-01-21 16:00:28 - [MESSAGE][PASSED] - Wait for page load successfully

2021-01-21 16:00:28 - [MESSAGE][PASSED] - Wait for page load successfully

2021-01-21 16:00:28 - [MESSAGE][PASSED] - Get text from pop up "Warning Message" with text "Warning : No data selected !"

2021-01-21 16:00:28 - [TEST_STEP][PASSED] - Click button "OK": Click button "OK"

2021-01-21 16:00:28 - [MESSAGE][INFO] - >>>>>//Button[contains(text(),'OK')]

2021-01-21 16:00:31 - [MESSAGE][PASSED] - Object '' is present

2021-01-21 16:00:31 - [MESSAGE][PASSED] - Object: '' is clicked on

2021-01-21 16:00:31 - [MESSAGE][PASSED] - Switched to window with index: '0'

2021-01-21 16:00:31 - [MESSAGE][PASSED] - Click button "OK"

2021-01-21 16:00:31 - [TEST_STEP][PASSED] - Click button "Logout": Click button "Logout"

2021-01-21 16:00:31 - [MESSAGE][INFO] - >>>>>//Button[contains(text(),'Logout')]

2021-01-21 16:00:34 - [MESSAGE][PASSED] - Object '' is present

2021-01-21 16:00:34 - [MESSAGE][PASSED] - Object: '' is clicked on

2021-01-21 16:00:34 - [MESSAGE][PASSED] - Switched to window with index: '0'

2021-01-21 16:00:34 - [MESSAGE][PASSED] - Click button "Logout"

2021-01-21 16:00:34 - [TEST_STEP][PASSED] - Close browser: Close browser

2021-01-21 16:00:34 - [MESSAGE][PASSED] - Browser is closed

2021-01-21 16:00:34 - [MESSAGE][PASSED] - Close browser

2021-01-21 16:00:34 - [TEST_CASE][PASSED] - Start Test Case : SCENARIO Genrate Outpayment and select checkbox first: SCENARIO Genrate Outpayment and select checkbox first

2021-01-21 16:00:34 - [TEST_STEP][PASSED] - Go to ISTools: Go to ISTools

2021-01-21 16:00:34 - [MESSAGE][INFO] - Starting 'Chrome (headless)' driver

2021-01-21 16:00:34 - [MESSAGE][INFO] - User set preference: ['args', '[--start-maximized, --disable-gpu, --no-proxy-server, â€“-no-sandbox, --allow-running-insecure-content, --ignore-certificate-errors, window-size=1680,814, force-device-scale-factor=2, --lang=en-GB]']

2021-01-21 16:00:34 - [MESSAGE][INFO] - User set preference: ['prefs', '{download.default_directory=/Users/chaidir.pratama01/Katalon Studio/IST_Automation_Git/Download}']

2021-01-21 16:00:34 - [MESSAGE][INFO] - Action delay is set to 0 milliseconds

2021-01-21 16:00:35 - [MESSAGE][PASSED] - Browser is opened with url: ''

2021-01-21 16:00:35 - [MESSAGE][PASSED] - Navigate to 'https://dev-istools.homecredit.id/foundation/' successfully

2021-01-21 16:00:35 - [MESSAGE][PASSED] - Go to ISTools

2021-01-21 16:00:35 - [TEST_STEP][PASSED] - Login IST with valid credentials: Login IST with valid credentials

2021-01-21 16:00:36 - [MESSAGE][PASSED] - Text 'mobile.test' is set on object 'Object Repository/Page_/input_Username_j_username'

2021-01-21 16:00:36 - [MESSAGE][PASSED] - Text ****** has been set on object 'Object Repository/Page_/input_Password_j_password'

2021-01-21 16:00:36 - [MESSAGE][PASSED] - Object: 'Object Repository/Page_/button_Login' is clicked on

2021-01-21 16:00:36 - [MESSAGE][PASSED] - Login IST with valid credentials

2021-01-21 16:00:36 - [TEST_STEP][PASSED] - Login Success: Login Success

2021-01-21 16:00:36 - [MESSAGE][INFO] - Login Success

2021-01-21 16:00:36 - [MESSAGE][PASSED] - Current window maximized

2021-01-21 16:00:36 - [MESSAGE][PASSED] - Object 'Object Repository/Page_/h1_Welcome to IT Supporting Tools' is present

2021-01-21 16:00:36 - [MESSAGE][PASSED] - Login Success

2021-01-21 16:00:36 - [TEST_STEP][PASSED] - Select Arrow Menu "Real Time Disbursement": Select Arrow Menu "Real Time Disbursement"

2021-01-21 16:00:36 - [MESSAGE][PASSED] - Object: '' is clicked on

2021-01-21 16:00:36 - [MESSAGE][PASSED] - Select Arrow Menu "Real Time Disbursement"

2021-01-21 16:00:36 - [TEST_STEP][PASSED] - Select Menu "Dashboard for BO In Payment": Select Menu "Dashboard for BO In Payment"

2021-01-21 16:00:37 - [MESSAGE][PASSED] - Taking screenshot successfully
[[ATTACHMENT|/Users/chaidir.pratama01/Documents/Docs/Katalon Studio/Screenshot/test-Dashboard for BO In Payment.png]]

2021-01-21 16:00:37 - [MESSAGE][PASSED] - Object '' is present

2021-01-21 16:00:37 - [MESSAGE][PASSED] - Object: '' is clicked on

2021-01-21 16:00:37 - [MESSAGE][PASSED] - Wait for page load successfully

2021-01-21 16:00:37 - [MESSAGE][PASSED] - Select Menu "Dashboard for BO In Payment"

2021-01-21 16:00:37 - [TEST_STEP][PASSED] - Select STATUS "Manual Disbursement": Select STATUS "Manual Disbursement"

2021-01-21 16:00:37 - [MESSAGE][PASSED] - All options with value 'Manual Disbursement' are selected in object ''  using regular expression

2021-01-21 16:00:37 - [MESSAGE][PASSED] - Select STATUS "Manual Disbursement"

2021-01-21 16:00:37 - [TEST_STEP][PASSED] - Click button "Search": Click button "Search"

2021-01-21 16:00:37 - [MESSAGE][INFO] - >>>>>//Button[contains(text(),'Search')]

2021-01-21 16:00:40 - [MESSAGE][PASSED] - Object '' is present

2021-01-21 16:00:40 - [MESSAGE][PASSED] - Object: '' is clicked on

2021-01-21 16:00:40 - [MESSAGE][PASSED] - Switched to window with index: '0'

2021-01-21 16:00:40 - [MESSAGE][PASSED] - Click button "Search"

2021-01-21 16:00:40 - [TEST_STEP][PASSED] - Verify Table Filled: Verify Table Filled

2021-01-21 16:00:41 - [MESSAGE][PASSED] - Object '' is present

2021-01-21 16:00:41 - [MESSAGE][PASSED] - Verify Table Filled

2021-01-21 16:00:41 - [TEST_STEP][PASSED] - Click Checkbox: Click Checkbox

2021-01-21 16:00:41 - [MESSAGE][PASSED] - Object: '' is clicked on

2021-01-21 16:00:41 - [MESSAGE][PASSED] - Click Checkbox

2021-01-21 16:00:41 - [TEST_STEP][PASSED] - Click button "Generate Outpayment": Click button "Generate Outpayment"

2021-01-21 16:00:41 - [MESSAGE][INFO] - >>>>>//Button[contains(text(),'Generate Outpayment')]

2021-01-21 16:00:44 - [MESSAGE][PASSED] - Object '' is present

2021-01-21 16:00:44 - [MESSAGE][PASSED] - Object: '' is clicked on

2021-01-21 16:00:44 - [MESSAGE][PASSED] - Switched to window with index: '0'

2021-01-21 16:00:44 - [MESSAGE][PASSED] - Click button "Generate Outpayment"

2021-01-21 16:00:44 - [TEST_STEP][PASSED] - Get text from pop up "Success Message" with text "Generate Outpayment File Success": Get text from pop up "Success Message" with text "Generate Outpayment File Success"

2021-01-21 16:00:45 - [MESSAGE][PASSED] - Taking screenshot successfully
[[ATTACHMENT|/Users/chaidir.pratama01/Documents/Docs/Katalon Studio/Screenshot/errorpopup.png]]

2021-01-21 16:00:49 - [MESSAGE][PASSED] - Object '' is present

2021-01-21 16:00:49 - [MESSAGE][PASSED] - Wait for page load successfully

2021-01-21 16:00:49 - [MESSAGE][PASSED] - Wait for page load successfully

2021-01-21 16:00:49 - [MESSAGE][PASSED] - Get text from pop up "Success Message" with text "Generate Outpayment File Success"

2021-01-21 16:00:49 - [TEST_STEP][PASSED] - Click button "OK": Click button "OK"

2021-01-21 16:00:49 - [MESSAGE][INFO] - >>>>>//Button[contains(text(),'OK')]

2021-01-21 16:00:52 - [MESSAGE][PASSED] - Object '' is present

2021-01-21 16:00:52 - [MESSAGE][PASSED] - Object: '' is clicked on

2021-01-21 16:00:52 - [MESSAGE][PASSED] - Switched to window with index: '0'

2021-01-21 16:00:52 - [MESSAGE][PASSED] - Click button "OK"

2021-01-21 16:00:52 - [TEST_STEP][PASSED] - Click button "Logout": Click button "Logout"

2021-01-21 16:00:52 - [MESSAGE][INFO] - >>>>>//Button[contains(text(),'Logout')]

2021-01-21 16:00:55 - [MESSAGE][PASSED] - Object '' is present

2021-01-21 16:00:56 - [MESSAGE][PASSED] - Object: '' is clicked on

2021-01-21 16:00:56 - [MESSAGE][PASSED] - Switched to window with index: '0'

2021-01-21 16:00:56 - [MESSAGE][PASSED] - Click button "Logout"

2021-01-21 16:00:56 - [TEST_STEP][PASSED] - Close browser: Close browser

2021-01-21 16:00:56 - [MESSAGE][PASSED] - Browser is closed

2021-01-21 16:00:56 - [MESSAGE][PASSED] - Close browser

2021-01-21 16:00:56 - [MESSAGE][PASSED] - Feature file: 'Include/features/IST_Real/RTD/Dashboard_for_BO_In_Payment/Generate_Outpayment.feature' was passed]]></system-out>
         <system-err><![CDATA[]]></system-err>
      </testcase>
      <testcase name="Test Cases/RTD/Dashboard for BO in Payment/TC_Search_by_Contract_Number" time="9.821" classname="Test Cases/RTD/Dashboard for BO in Payment/TC_Search_by_Contract_Number" status="PASSED">
         <system-out><![CDATA[2021-01-21 16:00:56 - [TEST_CASE][PASSED] - Test Cases/RTD/Dashboard for BO in Payment/TC_Search_by_Contract_Number: Test Cases/RTD/Dashboard for BO in Payment/TC_Search_by_Contract_Number

2021-01-21 16:00:56 - [TEST_STEP][PASSED] - runFeatureFile("Include/features/IST_Real/RTD/Dashboard_for_BO_In_Payment/Search_by_Contract_Number.feature"): Feature file: 'Include/features/IST_Real/RTD/Dashboard_for_BO_In_Payment/Search_by_Contract_Number.feature' was passed

2021-01-21 16:00:56 - [MESSAGE][INFO] - Starting run keyword runFeatureFile: 'Include/features/IST_Real/RTD/Dashboard_for_BO_In_Payment/Search_by_Contract_Number.feature' and extract report to folder: '/Users/chaidir.pratama01/Katalon Studio/IST_Automation_Git/Reports/20210121_153655/RTD/TS_Dashboard_for_BO_In_Payment/20210121_153659/cucumber_report/1611219656180'...

2021-01-21 16:00:56 - [TEST_CASE][PASSED] - Start Test Case : SCENARIO Search by Contract Number and it found on Dashboard: SCENARIO Search by Contract Number and it found on Dashboard

2021-01-21 16:00:56 - [TEST_STEP][PASSED] - Go to ISTools: Go to ISTools

2021-01-21 16:00:56 - [MESSAGE][INFO] - Starting 'Chrome (headless)' driver

2021-01-21 16:00:56 - [MESSAGE][INFO] - User set preference: ['args', '[--start-maximized, --disable-gpu, --no-proxy-server, â€“-no-sandbox, --allow-running-insecure-content, --ignore-certificate-errors, window-size=1680,814, force-device-scale-factor=2, --lang=en-GB]']

2021-01-21 16:00:56 - [MESSAGE][INFO] - User set preference: ['prefs', '{download.default_directory=/Users/chaidir.pratama01/Katalon Studio/IST_Automation_Git/Download}']

2021-01-21 16:00:56 - [MESSAGE][INFO] - Action delay is set to 0 milliseconds

2021-01-21 16:00:56 - [MESSAGE][PASSED] - Browser is opened with url: ''

2021-01-21 16:00:57 - [MESSAGE][PASSED] - Navigate to 'https://dev-istools.homecredit.id/foundation/' successfully

2021-01-21 16:00:57 - [MESSAGE][PASSED] - Go to ISTools

2021-01-21 16:00:57 - [TEST_STEP][PASSED] - Login IST with valid credentials: Login IST with valid credentials

2021-01-21 16:00:57 - [MESSAGE][PASSED] - Text 'mobile.test' is set on object 'Object Repository/Page_/input_Username_j_username'

2021-01-21 16:00:57 - [MESSAGE][PASSED] - Text ****** has been set on object 'Object Repository/Page_/input_Password_j_password'

2021-01-21 16:00:57 - [MESSAGE][PASSED] - Object: 'Object Repository/Page_/button_Login' is clicked on

2021-01-21 16:00:57 - [MESSAGE][PASSED] - Login IST with valid credentials

2021-01-21 16:00:57 - [TEST_STEP][PASSED] - Login Success: Login Success

2021-01-21 16:00:57 - [MESSAGE][INFO] - Login Success

2021-01-21 16:00:58 - [MESSAGE][PASSED] - Current window maximized

2021-01-21 16:00:58 - [MESSAGE][PASSED] - Object 'Object Repository/Page_/h1_Welcome to IT Supporting Tools' is present

2021-01-21 16:00:58 - [MESSAGE][PASSED] - Login Success

2021-01-21 16:00:58 - [TEST_STEP][PASSED] - Select Arrow Menu "Real Time Disbursement": Select Arrow Menu "Real Time Disbursement"

2021-01-21 16:00:58 - [MESSAGE][PASSED] - Object: '' is clicked on

2021-01-21 16:00:58 - [MESSAGE][PASSED] - Select Arrow Menu "Real Time Disbursement"

2021-01-21 16:00:58 - [TEST_STEP][PASSED] - Select Menu "Dashboard for BO In Payment": Select Menu "Dashboard for BO In Payment"

2021-01-21 16:00:58 - [MESSAGE][PASSED] - Taking screenshot successfully
[[ATTACHMENT|/Users/chaidir.pratama01/Documents/Docs/Katalon Studio/Screenshot/test-Dashboard for BO In Payment.png]]

2021-01-21 16:00:58 - [MESSAGE][PASSED] - Object '' is present

2021-01-21 16:00:58 - [MESSAGE][PASSED] - Object: '' is clicked on

2021-01-21 16:00:58 - [MESSAGE][PASSED] - Wait for page load successfully

2021-01-21 16:00:58 - [MESSAGE][PASSED] - Select Menu "Dashboard for BO In Payment"

2021-01-21 16:00:58 - [TEST_STEP][PASSED] - Input Contract RTD in Contract Number label: Input Contract RTD in Contract Number label

2021-01-21 16:00:58 - [MESSAGE][PASSED] - Text '4000014162' is set on object ''

2021-01-21 16:00:58 - [MESSAGE][PASSED] - Input Contract RTD in Contract Number label

2021-01-21 16:00:58 - [TEST_STEP][PASSED] - Click button "Search": Click button "Search"

2021-01-21 16:00:58 - [MESSAGE][INFO] - >>>>>//Button[contains(text(),'Search')]

2021-01-21 16:01:01 - [MESSAGE][PASSED] - Object '' is present

2021-01-21 16:01:02 - [MESSAGE][PASSED] - Object: '' is clicked on

2021-01-21 16:01:02 - [MESSAGE][PASSED] - Switched to window with index: '0'

2021-01-21 16:01:02 - [MESSAGE][PASSED] - Click button "Search"

2021-01-21 16:01:02 - [TEST_STEP][PASSED] - Verify Search Result Presents: Verify Search Result Presents

2021-01-21 16:01:02 - [MESSAGE][PASSED] - Object '' is present

2021-01-21 16:01:02 - [MESSAGE][PASSED] - Verify Search Result Presents

2021-01-21 16:01:02 - [TEST_STEP][PASSED] - Click button "Logout": Click button "Logout"

2021-01-21 16:01:02 - [MESSAGE][INFO] - >>>>>//Button[contains(text(),'Logout')]

2021-01-21 16:01:05 - [MESSAGE][PASSED] - Object '' is present

2021-01-21 16:01:05 - [MESSAGE][PASSED] - Object: '' is clicked on

2021-01-21 16:01:05 - [MESSAGE][PASSED] - Switched to window with index: '0'

2021-01-21 16:01:05 - [MESSAGE][PASSED] - Click button "Logout"

2021-01-21 16:01:05 - [TEST_STEP][PASSED] - Close browser: Close browser

2021-01-21 16:01:05 - [MESSAGE][PASSED] - Browser is closed

2021-01-21 16:01:05 - [MESSAGE][PASSED] - Close browser

2021-01-21 16:01:05 - [MESSAGE][PASSED] - Feature file: 'Include/features/IST_Real/RTD/Dashboard_for_BO_In_Payment/Search_by_Contract_Number.feature' was passed]]></system-out>
         <system-err><![CDATA[]]></system-err>
      </testcase>
      <system-out><![CDATA[2021-01-21 15:56:09 - [TEST_SUITE][PASSED] - TS_Dashboard_for_BO_In_Payment: Test Cases/RTD/Dashboard for BO in Payment/TC_Search_by_Contract_Number]]></system-out>
      <system-err><![CDATA[]]></system-err>
   </testsuite>
   <testsuite name="TS_Dashboard_for_Risk" tests="4" failures="1" errors="0" time="277.847" timestamp="2021-01-21 16:01:19" hostname="chaidir.pratama01 - 192.168.1.2" id="Test Suites/RTD/TS_Dashboard_for_Risk">
      <properties>
         <property name="deviceName" value=""/>
         <property name="devicePlatform" value=""/>
         <property name="logFolder" value="/Users/chaidir.pratama01/Katalon Studio/IST_Automation_Git/Reports/20210121_153655/RTD/TS_Dashboard_for_Risk/20210121_153700"/>
         <property name="logFiles" value="/Users/chaidir.pratama01/Katalon Studio/IST_Automation_Git/Reports/20210121_153655/RTD/TS_Dashboard_for_Risk/20210121_153700/execution0.log"/>
         <property name="attachments" value="/Users/chaidir.pratama01/Documents/Docs/Katalon Studio/Screenshot/test-Dashboard for Risk.png, /Users/chaidir.pratama01/Documents/Docs/Katalon Studio/Screenshot/test-Dashboard for Risk.png, /Users/chaidir.pratama01/Documents/Docs/Katalon Studio/Screenshot/Download_data.png, /Users/chaidir.pratama01/Documents/Docs/Katalon Studio/Screenshot/test-Dashboard for Risk.png, /Users/chaidir.pratama01/Documents/Docs/Katalon Studio/Screenshot/test-Dashboard for Risk.png, /Users/chaidir.pratama01/Documents/Docs/Katalon Studio/Screenshot/test-Dashboard for Risk.png, /Users/chaidir.pratama01/Documents/Docs/Katalon Studio/Screenshot/test-Dashboard for Risk.png, /Users/chaidir.pratama01/Documents/Docs/Katalon Studio/Screenshot/test-Dashboard for Risk.png, /Users/chaidir.pratama01/Documents/Docs/Katalon Studio/Screenshot/test-Dashboard for Risk.png, /Users/chaidir.pratama01/Documents/Docs/Katalon Studio/Screenshot/test-Dashboard for Risk.png, /Users/chaidir.pratama01/Katalon Studio/IST_Automation_Git/Reports/20210121_153655/RTD/TS_Dashboard_for_Risk/20210121_153700/1611219853280.png, /Users/chaidir.pratama01/Documents/Docs/Katalon Studio/Screenshot/test-Dashboard for Risk.png, /Users/chaidir.pratama01/Katalon Studio/IST_Automation_Git/Reports/20210121_153655/RTD/TS_Dashboard_for_Risk/20210121_153700/1611219894134.png, /Users/chaidir.pratama01/Documents/Docs/Katalon Studio/Screenshot/test-Dashboard for Risk.png, /Users/chaidir.pratama01/Documents/Docs/Katalon Studio/Screenshot/test-Dashboard for Risk.png, /Users/chaidir.pratama01/Documents/Docs/Katalon Studio/Screenshot/test-Dashboard for Risk.png, /Users/chaidir.pratama01/Documents/Docs/Katalon Studio/Screenshot/test-Dashboard for Risk.png"/>
         <property name="hostName" value="chaidir.pratama01 - 192.168.1.2"/>
         <property name="os" value="Mac OS X 64bit"/>
         <property name="katalonVersion" value="7.6.0.${buildNumber}"/>
         <property name="browser" value="Chrome 87.0.4280.141"/>
         <property name="hostAddress" value="192.168.1.2"/>
         <property name="sessionId" value="a8073f0b98691d7a22300285c13b3406"/>
         <property name="seleniumVersion" value="3.141.59"/>
         <property name="proxyInformation" value="ProxyInformation { proxyOption=NO_PROXY, proxyServerType=HTTP, username=, password=********, proxyServerAddress=, proxyServerPort=0, executionList=\&quot;\&quot;, isApplyToDesiredCapabilities=true }"/>
         <property name="platform" value="Mac OS X"/>
      </properties>
      <testcase name="Test Cases/RTD/Dashboard for Risk/TC_View_Detail_Dashboard_for_Risk" time="40.063" classname="Test Cases/RTD/Dashboard for Risk/TC_View_Detail_Dashboard_for_Risk" status="FAILED">
         <failure type="FAILED" message="Test Cases/RTD/Dashboard for Risk/TC_View_Detail_Dashboard_for_Risk FAILED.
Reason:
com.kms.katalon.core.exception.StepFailedException: Feature file 'Include/features/IST_Real/RTD/Dashboard_for_Risk/View_Detail_Dashboard_for_Risk.feature' was failed
	at com.kms.katalon.core.keyword.internal.KeywordMain.stepFailed(KeywordMain.groovy:50)
	at com.kms.katalon.core.keyword.internal.KeywordMain.stepFailed(KeywordMain.groovy)
	at com.kms.katalon.core.keyword.internal.KeywordMain.stepFailed(KeywordMain.groovy:23)
	at com.kms.katalon.core.keyword.internal.KeywordMain$stepFailed$0.call(Unknown Source)
	at com.kms.katalon.core.cucumber.keyword.CucumberBuiltinKeywords$_runFeatureFile_closure1.doCall(CucumberBuiltinKeywords.groovy:82)
	at com.kms.katalon.core.cucumber.keyword.CucumberBuiltinKeywords$_runFeatureFile_closure1.doCall(CucumberBuiltinKeywords.groovy)
	at com.kms.katalon.core.keyword.internal.KeywordMain.runKeyword(KeywordMain.groovy:68)
	at com.kms.katalon.core.keyword.internal.KeywordMain$runKeyword.call(Unknown Source)
	at com.kms.katalon.core.cucumber.keyword.CucumberBuiltinKeywords.runFeatureFile(CucumberBuiltinKeywords.groovy:46)
	at com.kms.katalon.core.cucumber.keyword.CucumberBuiltinKeywords$runFeatureFile$0.callStatic(Unknown Source)
	at com.kms.katalon.core.cucumber.keyword.CucumberBuiltinKeywords.runFeatureFile(CucumberBuiltinKeywords.groovy:169)
	at com.kms.katalon.core.cucumber.keyword.CucumberBuiltinKeywords$runFeatureFile.call(Unknown Source)
	at TC_View_Detail_Dashboard_for_Risk.run(TC_View_Detail_Dashboard_for_Risk:18)
	at com.kms.katalon.core.main.ScriptEngine.run(ScriptEngine.java:194)
	at com.kms.katalon.core.main.ScriptEngine.runScriptAsRawText(ScriptEngine.java:119)
	at com.kms.katalon.core.main.TestCaseExecutor.runScript(TestCaseExecutor.java:339)
	at com.kms.katalon.core.main.TestCaseExecutor.doExecute(TestCaseExecutor.java:330)
	at com.kms.katalon.core.main.TestCaseExecutor.processExecutionPhase(TestCaseExecutor.java:309)
	at com.kms.katalon.core.main.TestCaseExecutor.accessMainPhase(TestCaseExecutor.java:301)
	at com.kms.katalon.core.main.TestCaseExecutor.execute(TestCaseExecutor.java:235)
	at com.kms.katalon.core.main.TestSuiteExecutor.accessTestCaseMainPhase(TestSuiteExecutor.java:191)
	at com.kms.katalon.core.main.TestSuiteExecutor.accessTestSuiteMainPhase(TestSuiteExecutor.java:141)
	at com.kms.katalon.core.main.TestSuiteExecutor.execute(TestSuiteExecutor.java:90)
	at com.kms.katalon.core.main.TestCaseMain.startTestSuite(TestCaseMain.java:157)
	at com.kms.katalon.core.main.TestCaseMain$startTestSuite$0.call(Unknown Source)
	at TempTestSuite1611218220524.run(TempTestSuite1611218220524.groovy:39)
"/>
         <system-out><![CDATA[2021-01-21 16:01:19 - [TEST_CASE][FAILED] - Test Cases/RTD/Dashboard for Risk/TC_View_Detail_Dashboard_for_Risk: Test Cases/RTD/Dashboard for Risk/TC_View_Detail_Dashboard_for_Risk FAILED.
Reason:
com.kms.katalon.core.exception.StepFailedException: Feature file 'Include/features/IST_Real/RTD/Dashboard_for_Risk/View_Detail_Dashboard_for_Risk.feature' was failed
	at com.kms.katalon.core.keyword.internal.KeywordMain.stepFailed(KeywordMain.groovy:50)
	at com.kms.katalon.core.keyword.internal.KeywordMain.stepFailed(KeywordMain.groovy)
	at com.kms.katalon.core.keyword.internal.KeywordMain.stepFailed(KeywordMain.groovy:23)
	at com.kms.katalon.core.keyword.internal.KeywordMain$stepFailed$0.call(Unknown Source)
	at com.kms.katalon.core.cucumber.keyword.CucumberBuiltinKeywords$_runFeatureFile_closure1.doCall(CucumberBuiltinKeywords.groovy:82)
	at com.kms.katalon.core.cucumber.keyword.CucumberBuiltinKeywords$_runFeatureFile_closure1.doCall(CucumberBuiltinKeywords.groovy)
	at com.kms.katalon.core.keyword.internal.KeywordMain.runKeyword(KeywordMain.groovy:68)
	at com.kms.katalon.core.keyword.internal.KeywordMain$runKeyword.call(Unknown Source)
	at com.kms.katalon.core.cucumber.keyword.CucumberBuiltinKeywords.runFeatureFile(CucumberBuiltinKeywords.groovy:46)
	at com.kms.katalon.core.cucumber.keyword.CucumberBuiltinKeywords$runFeatureFile$0.callStatic(Unknown Source)
	at com.kms.katalon.core.cucumber.keyword.CucumberBuiltinKeywords.runFeatureFile(CucumberBuiltinKeywords.groovy:169)
	at com.kms.katalon.core.cucumber.keyword.CucumberBuiltinKeywords$runFeatureFile.call(Unknown Source)
	at TC_View_Detail_Dashboard_for_Risk.run(TC_View_Detail_Dashboard_for_Risk:18)
	at com.kms.katalon.core.main.ScriptEngine.run(ScriptEngine.java:194)
	at com.kms.katalon.core.main.ScriptEngine.runScriptAsRawText(ScriptEngine.java:119)
	at com.kms.katalon.core.main.TestCaseExecutor.runScript(TestCaseExecutor.java:339)
	at com.kms.katalon.core.main.TestCaseExecutor.doExecute(TestCaseExecutor.java:330)
	at com.kms.katalon.core.main.TestCaseExecutor.processExecutionPhase(TestCaseExecutor.java:309)
	at com.kms.katalon.core.main.TestCaseExecutor.accessMainPhase(TestCaseExecutor.java:301)
	at com.kms.katalon.core.main.TestCaseExecutor.execute(TestCaseExecutor.java:235)
	at com.kms.katalon.core.main.TestSuiteExecutor.accessTestCaseMainPhase(TestSuiteExecutor.java:191)
	at com.kms.katalon.core.main.TestSuiteExecutor.accessTestSuiteMainPhase(TestSuiteExecutor.java:141)
	at com.kms.katalon.core.main.TestSuiteExecutor.execute(TestSuiteExecutor.java:90)
	at com.kms.katalon.core.main.TestCaseMain.startTestSuite(TestCaseMain.java:157)
	at com.kms.katalon.core.main.TestCaseMain$startTestSuite$0.call(Unknown Source)
	at TempTestSuite1611218220524.run(TempTestSuite1611218220524.groovy:39)


2021-01-21 16:01:19 - [TEST_STEP][FAILED] - runFeatureFile("Include/features/IST_Real/RTD/Dashboard_for_Risk/View_Detail_Dashboard_for_Risk.feature"): Keyword runFeatureFile was failed (Root cause: com.kms.katalon.core.exception.StepFailedException: Feature file 'Include/features/IST_Real/RTD/Dashboard_for_Risk/View_Detail_Dashboard_for_Risk.feature' was failed
	at com.kms.katalon.core.keyword.internal.KeywordMain.stepFailed(KeywordMain.groovy:50)
	at com.kms.katalon.core.keyword.internal.KeywordMain.stepFailed(KeywordMain.groovy)
	at com.kms.katalon.core.keyword.internal.KeywordMain.stepFailed(KeywordMain.groovy:23)
	at com.kms.katalon.core.keyword.internal.KeywordMain$stepFailed$0.call(Unknown Source)
	at com.kms.katalon.core.cucumber.keyword.CucumberBuiltinKeywords$_runFeatureFile_closure1.doCall(CucumberBuiltinKeywords.groovy:82)
	at com.kms.katalon.core.cucumber.keyword.CucumberBuiltinKeywords$_runFeatureFile_closure1.doCall(CucumberBuiltinKeywords.groovy)
	at com.kms.katalon.core.keyword.internal.KeywordMain.runKeyword(KeywordMain.groovy:68)
	at com.kms.katalon.core.keyword.internal.KeywordMain$runKeyword.call(Unknown Source)
	at com.kms.katalon.core.cucumber.keyword.CucumberBuiltinKeywords.runFeatureFile(CucumberBuiltinKeywords.groovy:46)
	at com.kms.katalon.core.cucumber.keyword.CucumberBuiltinKeywords$runFeatureFile$0.callStatic(Unknown Source)
	at com.kms.katalon.core.cucumber.keyword.CucumberBuiltinKeywords.runFeatureFile(CucumberBuiltinKeywords.groovy:169)
	at com.kms.katalon.core.cucumber.keyword.CucumberBuiltinKeywords$runFeatureFile.call(Unknown Source)
	at TC_View_Detail_Dashboard_for_Risk.run(TC_View_Detail_Dashboard_for_Risk:18)
	at com.kms.katalon.core.main.ScriptEngine.run(ScriptEngine.java:194)
	at com.kms.katalon.core.main.ScriptEngine.runScriptAsRawText(ScriptEngine.java:119)
	at com.kms.katalon.core.main.TestCaseExecutor.runScript(TestCaseExecutor.java:339)
	at com.kms.katalon.core.main.TestCaseExecutor.doExecute(TestCaseExecutor.java:330)
	at com.kms.katalon.core.main.TestCaseExecutor.processExecutionPhase(TestCaseExecutor.java:309)
	at com.kms.katalon.core.main.TestCaseExecutor.accessMainPhase(TestCaseExecutor.java:301)
	at com.kms.katalon.core.main.TestCaseExecutor.execute(TestCaseExecutor.java:235)
	at com.kms.katalon.core.main.TestSuiteExecutor.accessTestCaseMainPhase(TestSuiteExecutor.java:191)
	at com.kms.katalon.core.main.TestSuiteExecutor.accessTestSuiteMainPhase(TestSuiteExecutor.java:141)
	at com.kms.katalon.core.main.TestSuiteExecutor.execute(TestSuiteExecutor.java:90)
	at com.kms.katalon.core.main.TestCaseMain.startTestSuite(TestCaseMain.java:157)
	at com.kms.katalon.core.main.TestCaseMain$startTestSuite$0.call(Unknown Source)
	at TempTestSuite1611218220524.run(TempTestSuite1611218220524.groovy:39)
)

2021-01-21 16:01:19 - [MESSAGE][INFO] - Starting run keyword runFeatureFile: 'Include/features/IST_Real/RTD/Dashboard_for_Risk/View_Detail_Dashboard_for_Risk.feature' and extract report to folder: '/Users/chaidir.pratama01/Katalon Studio/IST_Automation_Git/Reports/20210121_153655/RTD/TS_Dashboard_for_Risk/20210121_153700/cucumber_report/1611219679742'...

2021-01-21 16:01:20 - [TEST_CASE][FAILED] - Start Test Case : SCENARIO Search by STATUS Success to Disburse and then View Detail of it: SCENARIO Search by STATUS Success to Disburse and then View Detail of it FAILED.
Reason:
java.lang.AssertionError: COUNT OF TABLE HEADER AND CONTENT ROW MUST BE EQUAL;. Expression: (content_row_count == array_header_table.size()). Values: content_row_count = 11
	at RTD.view_details_information(RTD.groovy:318)
	at âœ½.Verify Information in View Detail(/Users/chaidir.pratama01/Katalon Studio/IST_Automation_Git/Include/features/IST_Real/RTD/Dashboard_for_Risk/View_Detail_Dashboard_for_Risk.feature:36)


2021-01-21 16:01:20 - [TEST_STEP][PASSED] - Go to ISTools: Go to ISTools

2021-01-21 16:01:20 - [MESSAGE][INFO] - Starting 'Chrome (headless)' driver

2021-01-21 16:01:20 - [MESSAGE][INFO] - User set preference: ['args', '[--start-maximized, --disable-gpu, --no-proxy-server, â€“-no-sandbox, --allow-running-insecure-content, --ignore-certificate-errors, window-size=1680,814, force-device-scale-factor=2, --lang=en-GB]']

2021-01-21 16:01:20 - [MESSAGE][INFO] - User set preference: ['prefs', '{download.default_directory=/Users/chaidir.pratama01/Katalon Studio/IST_Automation_Git/Download}']

2021-01-21 16:01:20 - [MESSAGE][INFO] - Action delay is set to 0 milliseconds

2021-01-21 16:01:21 - [MESSAGE][PASSED] - Browser is opened with url: ''

2021-01-21 16:01:22 - [MESSAGE][PASSED] - Navigate to 'https://dev-istools.homecredit.id/foundation/' successfully

2021-01-21 16:01:22 - [MESSAGE][PASSED] - Go to ISTools

2021-01-21 16:01:22 - [TEST_STEP][PASSED] - Login IST with valid credentials: Login IST with valid credentials

2021-01-21 16:01:22 - [MESSAGE][PASSED] - Text 'mobile.test' is set on object 'Object Repository/Page_/input_Username_j_username'

2021-01-21 16:01:23 - [MESSAGE][PASSED] - Text ****** has been set on object 'Object Repository/Page_/input_Password_j_password'

2021-01-21 16:01:23 - [MESSAGE][PASSED] - Object: 'Object Repository/Page_/button_Login' is clicked on

2021-01-21 16:01:23 - [MESSAGE][PASSED] - Login IST with valid credentials

2021-01-21 16:01:23 - [TEST_STEP][PASSED] - Login Success: Login Success

2021-01-21 16:01:23 - [MESSAGE][INFO] - Login Success

2021-01-21 16:01:23 - [MESSAGE][PASSED] - Current window maximized

2021-01-21 16:01:23 - [MESSAGE][PASSED] - Object 'Object Repository/Page_/h1_Welcome to IT Supporting Tools' is present

2021-01-21 16:01:23 - [MESSAGE][PASSED] - Login Success

2021-01-21 16:01:23 - [TEST_STEP][PASSED] - Select Arrow Menu "Real Time Disbursement": Select Arrow Menu "Real Time Disbursement"

2021-01-21 16:01:23 - [MESSAGE][PASSED] - Object: '' is clicked on

2021-01-21 16:01:23 - [MESSAGE][PASSED] - Select Arrow Menu "Real Time Disbursement"

2021-01-21 16:01:23 - [TEST_STEP][PASSED] - Select Menu "Dashboard for Risk": Select Menu "Dashboard for Risk"

2021-01-21 16:01:24 - [MESSAGE][PASSED] - Taking screenshot successfully
[[ATTACHMENT|/Users/chaidir.pratama01/Documents/Docs/Katalon Studio/Screenshot/test-Dashboard for Risk.png]]

2021-01-21 16:01:24 - [MESSAGE][PASSED] - Object '' is present

2021-01-21 16:01:24 - [MESSAGE][PASSED] - Object: '' is clicked on

2021-01-21 16:01:24 - [MESSAGE][PASSED] - Wait for page load successfully

2021-01-21 16:01:24 - [MESSAGE][PASSED] - Select Menu "Dashboard for Risk"

2021-01-21 16:01:24 - [TEST_STEP][PASSED] - Select STATUS "Success to Disburse": Select STATUS "Success to Disburse"

2021-01-21 16:01:24 - [MESSAGE][PASSED] - All options with value 'Success to Disburse' are selected in object ''  using regular expression

2021-01-21 16:01:24 - [MESSAGE][PASSED] - Select STATUS "Success to Disburse"

2021-01-21 16:01:24 - [TEST_STEP][PASSED] - Click button "Search": Click button "Search"

2021-01-21 16:01:24 - [MESSAGE][INFO] - >>>>>//Button[contains(text(),'Search')]

2021-01-21 16:01:27 - [MESSAGE][PASSED] - Object '' is present

2021-01-21 16:01:27 - [MESSAGE][PASSED] - Object: '' is clicked on

2021-01-21 16:01:27 - [MESSAGE][PASSED] - Switched to window with index: '0'

2021-01-21 16:01:27 - [MESSAGE][PASSED] - Click button "Search"

2021-01-21 16:01:27 - [TEST_STEP][PASSED] - Verify Search Result Presents: Verify Search Result Presents

2021-01-21 16:01:28 - [MESSAGE][PASSED] - Object '' is present

2021-01-21 16:01:28 - [MESSAGE][PASSED] - Verify Search Result Presents

2021-01-21 16:01:28 - [TEST_STEP][PASSED] - Click View Detail: Click View Detail

2021-01-21 16:01:28 - [MESSAGE][PASSED] - Object '' is present

2021-01-21 16:01:28 - [MESSAGE][PASSED] - Object: '' is clicked on

2021-01-21 16:01:28 - [MESSAGE][PASSED] - Click View Detail

2021-01-21 16:01:28 - [TEST_STEP][FAILED] - Verify Information in View Detail: Verify Information in View Detail FAILED.
Reason:
java.lang.AssertionError: COUNT OF TABLE HEADER AND CONTENT ROW MUST BE EQUAL;. Expression: (content_row_count == array_header_table.size()). Values: content_row_count = 11
	at RTD.view_details_information(RTD.groovy:318)
	at âœ½.Verify Information in View Detail(/Users/chaidir.pratama01/Katalon Studio/IST_Automation_Git/Include/features/IST_Real/RTD/Dashboard_for_Risk/View_Detail_Dashboard_for_Risk.feature:36)


2021-01-21 16:01:31 - [MESSAGE][PASSED] - Delayed 3 second(s)

2021-01-21 16:01:31 - [MESSAGE][PASSED] - Attribute 'value' of object '' is: '3900014152'

2021-01-21 16:01:34 - [MESSAGE][PASSED] - Delayed 3 second(s)

2021-01-21 16:01:34 - [MESSAGE][PASSED] - Attribute 'value' of object '' is: 'IDITXLeks TESTERbIvIvO'

2021-01-21 16:01:37 - [MESSAGE][PASSED] - Delayed 3 second(s)

2021-01-21 16:01:38 - [MESSAGE][PASSED] - Attribute 'value' of object '' is: 'Success to Disburse'

2021-01-21 16:01:41 - [MESSAGE][PASSED] - Delayed 3 second(s)

2021-01-21 16:01:41 - [MESSAGE][PASSED] - Attribute 'value' of object '' is: 'Rp 7,000,000'

2021-01-21 16:01:44 - [MESSAGE][PASSED] - Delayed 3 second(s)

2021-01-21 16:01:44 - [MESSAGE][PASSED] - Attribute 'value' of object '' is: 'KESEJAHTERAAN EKONOMI'

2021-01-21 16:01:47 - [MESSAGE][PASSED] - Delayed 3 second(s)

2021-01-21 16:01:47 - [MESSAGE][PASSED] - Attribute 'value' of object '' is: '1'

2021-01-21 16:01:50 - [MESSAGE][PASSED] - Delayed 3 second(s)

2021-01-21 16:01:50 - [MESSAGE][PASSED] - Attribute 'value' of object '' is: 'NAMA ADA DISINI'

2021-01-21 16:01:53 - [MESSAGE][PASSED] - Delayed 3 second(s)

2021-01-21 16:01:53 - [MESSAGE][PASSED] - Attribute 'value' of object '' is: 'KESEJAHTERAAN EKONOMI'

2021-01-21 16:01:56 - [MESSAGE][PASSED] - Delayed 3 second(s)

2021-01-21 16:01:56 - [MESSAGE][PASSED] - Attribute 'value' of object '' is: ''

2021-01-21 16:01:59 - [MESSAGE][PASSED] - Delayed 3 second(s)

2021-01-21 16:01:59 - [MESSAGE][PASSED] - Attribute 'value' of object '' is: ''

2021-01-21 16:01:59 - [MESSAGE][PASSED] - Text of object '' is: 'CUID'

2021-01-21 16:01:59 - [MESSAGE][PASSED] - Text of object '' is: 'Contract Number'

2021-01-21 16:01:59 - [MESSAGE][PASSED] - Text of object '' is: 'Contract Number Old'

2021-01-21 16:01:59 - [MESSAGE][PASSED] - Text of object '' is: 'Status'

2021-01-21 16:01:59 - [MESSAGE][PASSED] - Text of object '' is: 'Update Information'

2021-01-21 16:01:59 - [MESSAGE][FAILED] - Verify Information in View Detail FAILED.
Reason:
java.lang.AssertionError: COUNT OF TABLE HEADER AND CONTENT ROW MUST BE EQUAL;. Expression: (content_row_count == array_header_table.size()). Values: content_row_count = 11
	at RTD.view_details_information(RTD.groovy:318)
	at âœ½.Verify Information in View Detail(/Users/chaidir.pratama01/Katalon Studio/IST_Automation_Git/Include/features/IST_Real/RTD/Dashboard_for_Risk/View_Detail_Dashboard_for_Risk.feature:36)


2021-01-21 16:01:59 - [TEST_STEP][NOT_RUN] - Click button "Logout": Click button "Logout"

2021-01-21 16:01:59 - [MESSAGE][NOT_RUN] - Click button "Logout"

2021-01-21 16:01:59 - [TEST_STEP][NOT_RUN] - Close browser: Close browser

2021-01-21 16:01:59 - [MESSAGE][NOT_RUN] - Close browser

2021-01-21 16:01:59 - [MESSAGE][FAILED] - Feature file 'Include/features/IST_Real/RTD/Dashboard_for_Risk/View_Detail_Dashboard_for_Risk.feature' was failed

2021-01-21 16:01:59 - [MESSAGE][FAILED] - Keyword runFeatureFile was failed (Root cause: com.kms.katalon.core.exception.StepFailedException: Feature file 'Include/features/IST_Real/RTD/Dashboard_for_Risk/View_Detail_Dashboard_for_Risk.feature' was failed
	at com.kms.katalon.core.keyword.internal.KeywordMain.stepFailed(KeywordMain.groovy:50)
	at com.kms.katalon.core.keyword.internal.KeywordMain.stepFailed(KeywordMain.groovy)
	at com.kms.katalon.core.keyword.internal.KeywordMain.stepFailed(KeywordMain.groovy:23)
	at com.kms.katalon.core.keyword.internal.KeywordMain$stepFailed$0.call(Unknown Source)
	at com.kms.katalon.core.cucumber.keyword.CucumberBuiltinKeywords$_runFeatureFile_closure1.doCall(CucumberBuiltinKeywords.groovy:82)
	at com.kms.katalon.core.cucumber.keyword.CucumberBuiltinKeywords$_runFeatureFile_closure1.doCall(CucumberBuiltinKeywords.groovy)
	at com.kms.katalon.core.keyword.internal.KeywordMain.runKeyword(KeywordMain.groovy:68)
	at com.kms.katalon.core.keyword.internal.KeywordMain$runKeyword.call(Unknown Source)
	at com.kms.katalon.core.cucumber.keyword.CucumberBuiltinKeywords.runFeatureFile(CucumberBuiltinKeywords.groovy:46)
	at com.kms.katalon.core.cucumber.keyword.CucumberBuiltinKeywords$runFeatureFile$0.callStatic(Unknown Source)
	at com.kms.katalon.core.cucumber.keyword.CucumberBuiltinKeywords.runFeatureFile(CucumberBuiltinKeywords.groovy:169)
	at com.kms.katalon.core.cucumber.keyword.CucumberBuiltinKeywords$runFeatureFile.call(Unknown Source)
	at TC_View_Detail_Dashboard_for_Risk.run(TC_View_Detail_Dashboard_for_Risk:18)
	at com.kms.katalon.core.main.ScriptEngine.run(ScriptEngine.java:194)
	at com.kms.katalon.core.main.ScriptEngine.runScriptAsRawText(ScriptEngine.java:119)
	at com.kms.katalon.core.main.TestCaseExecutor.runScript(TestCaseExecutor.java:339)
	at com.kms.katalon.core.main.TestCaseExecutor.doExecute(TestCaseExecutor.java:330)
	at com.kms.katalon.core.main.TestCaseExecutor.processExecutionPhase(TestCaseExecutor.java:309)
	at com.kms.katalon.core.main.TestCaseExecutor.accessMainPhase(TestCaseExecutor.java:301)
	at com.kms.katalon.core.main.TestCaseExecutor.execute(TestCaseExecutor.java:235)
	at com.kms.katalon.core.main.TestSuiteExecutor.accessTestCaseMainPhase(TestSuiteExecutor.java:191)
	at com.kms.katalon.core.main.TestSuiteExecutor.accessTestSuiteMainPhase(TestSuiteExecutor.java:141)
	at com.kms.katalon.core.main.TestSuiteExecutor.execute(TestSuiteExecutor.java:90)
	at com.kms.katalon.core.main.TestCaseMain.startTestSuite(TestCaseMain.java:157)
	at com.kms.katalon.core.main.TestCaseMain$startTestSuite$0.call(Unknown Source)
	at TempTestSuite1611218220524.run(TempTestSuite1611218220524.groovy:39)
)]]></system-out>
         <system-err><![CDATA[2021-01-21 16:01:19 - [TEST_CASE][FAILED] - Test Cases/RTD/Dashboard for Risk/TC_View_Detail_Dashboard_for_Risk: Test Cases/RTD/Dashboard for Risk/TC_View_Detail_Dashboard_for_Risk FAILED.
Reason:
com.kms.katalon.core.exception.StepFailedException: Feature file 'Include/features/IST_Real/RTD/Dashboard_for_Risk/View_Detail_Dashboard_for_Risk.feature' was failed
	at com.kms.katalon.core.keyword.internal.KeywordMain.stepFailed(KeywordMain.groovy:50)
	at com.kms.katalon.core.keyword.internal.KeywordMain.stepFailed(KeywordMain.groovy)
	at com.kms.katalon.core.keyword.internal.KeywordMain.stepFailed(KeywordMain.groovy:23)
	at com.kms.katalon.core.keyword.internal.KeywordMain$stepFailed$0.call(Unknown Source)
	at com.kms.katalon.core.cucumber.keyword.CucumberBuiltinKeywords$_runFeatureFile_closure1.doCall(CucumberBuiltinKeywords.groovy:82)
	at com.kms.katalon.core.cucumber.keyword.CucumberBuiltinKeywords$_runFeatureFile_closure1.doCall(CucumberBuiltinKeywords.groovy)
	at com.kms.katalon.core.keyword.internal.KeywordMain.runKeyword(KeywordMain.groovy:68)
	at com.kms.katalon.core.keyword.internal.KeywordMain$runKeyword.call(Unknown Source)
	at com.kms.katalon.core.cucumber.keyword.CucumberBuiltinKeywords.runFeatureFile(CucumberBuiltinKeywords.groovy:46)
	at com.kms.katalon.core.cucumber.keyword.CucumberBuiltinKeywords$runFeatureFile$0.callStatic(Unknown Source)
	at com.kms.katalon.core.cucumber.keyword.CucumberBuiltinKeywords.runFeatureFile(CucumberBuiltinKeywords.groovy:169)
	at com.kms.katalon.core.cucumber.keyword.CucumberBuiltinKeywords$runFeatureFile.call(Unknown Source)
	at TC_View_Detail_Dashboard_for_Risk.run(TC_View_Detail_Dashboard_for_Risk:18)
	at com.kms.katalon.core.main.ScriptEngine.run(ScriptEngine.java:194)
	at com.kms.katalon.core.main.ScriptEngine.runScriptAsRawText(ScriptEngine.java:119)
	at com.kms.katalon.core.main.TestCaseExecutor.runScript(TestCaseExecutor.java:339)
	at com.kms.katalon.core.main.TestCaseExecutor.doExecute(TestCaseExecutor.java:330)
	at com.kms.katalon.core.main.TestCaseExecutor.processExecutionPhase(TestCaseExecutor.java:309)
	at com.kms.katalon.core.main.TestCaseExecutor.accessMainPhase(TestCaseExecutor.java:301)
	at com.kms.katalon.core.main.TestCaseExecutor.execute(TestCaseExecutor.java:235)
	at com.kms.katalon.core.main.TestSuiteExecutor.accessTestCaseMainPhase(TestSuiteExecutor.java:191)
	at com.kms.katalon.core.main.TestSuiteExecutor.accessTestSuiteMainPhase(TestSuiteExecutor.java:141)
	at com.kms.katalon.core.main.TestSuiteExecutor.execute(TestSuiteExecutor.java:90)
	at com.kms.katalon.core.main.TestCaseMain.startTestSuite(TestCaseMain.java:157)
	at com.kms.katalon.core.main.TestCaseMain$startTestSuite$0.call(Unknown Source)
	at TempTestSuite1611218220524.run(TempTestSuite1611218220524.groovy:39)]]></system-err>
      </testcase>
      <testcase name="Test Cases/RTD/Dashboard for Risk/TC_Export_Data_Dashboard_for_Risk" time="10.659" classname="Test Cases/RTD/Dashboard for Risk/TC_Export_Data_Dashboard_for_Risk" status="PASSED">
         <system-out><![CDATA[2021-01-21 16:01:59 - [TEST_CASE][PASSED] - Test Cases/RTD/Dashboard for Risk/TC_Export_Data_Dashboard_for_Risk: Test Cases/RTD/Dashboard for Risk/TC_Export_Data_Dashboard_for_Risk

2021-01-21 16:01:59 - [TEST_STEP][PASSED] - runFeatureFile("Include/features/IST_Real/RTD/Dashboard_for_Risk/Export_Data_Dashboard_for_Risk.feature"): Feature file: 'Include/features/IST_Real/RTD/Dashboard_for_Risk/Export_Data_Dashboard_for_Risk.feature' was passed

2021-01-21 16:01:59 - [MESSAGE][INFO] - Starting run keyword runFeatureFile: 'Include/features/IST_Real/RTD/Dashboard_for_Risk/Export_Data_Dashboard_for_Risk.feature' and extract report to folder: '/Users/chaidir.pratama01/Katalon Studio/IST_Automation_Git/Reports/20210121_153655/RTD/TS_Dashboard_for_Risk/20210121_153700/cucumber_report/1611219719684'...

2021-01-21 16:01:59 - [TEST_CASE][PASSED] - Start Test Case : SCENARIO Export Data: SCENARIO Export Data

2021-01-21 16:01:59 - [TEST_STEP][PASSED] - Go to ISTools: Go to ISTools

2021-01-21 16:01:59 - [MESSAGE][WARNING] - A browser is already opened. Closing browser and opening a new one

2021-01-21 16:01:59 - [MESSAGE][INFO] - Starting 'Chrome (headless)' driver

2021-01-21 16:01:59 - [MESSAGE][INFO] - User set preference: ['args', '[--start-maximized, --disable-gpu, --no-proxy-server, â€“-no-sandbox, --allow-running-insecure-content, --ignore-certificate-errors, window-size=1680,814, force-device-scale-factor=2, --lang=en-GB]']

2021-01-21 16:01:59 - [MESSAGE][INFO] - User set preference: ['prefs', '{download.default_directory=/Users/chaidir.pratama01/Katalon Studio/IST_Automation_Git/Download}']

2021-01-21 16:01:59 - [MESSAGE][INFO] - Action delay is set to 0 milliseconds

2021-01-21 16:02:00 - [MESSAGE][PASSED] - Browser is opened with url: ''

2021-01-21 16:02:01 - [MESSAGE][PASSED] - Navigate to 'https://dev-istools.homecredit.id/foundation/' successfully

2021-01-21 16:02:01 - [MESSAGE][PASSED] - Go to ISTools

2021-01-21 16:02:01 - [TEST_STEP][PASSED] - Login IST with valid credentials: Login IST with valid credentials

2021-01-21 16:02:01 - [MESSAGE][PASSED] - Text 'mobile.test' is set on object 'Object Repository/Page_/input_Username_j_username'

2021-01-21 16:02:01 - [MESSAGE][PASSED] - Text ****** has been set on object 'Object Repository/Page_/input_Password_j_password'

2021-01-21 16:02:01 - [MESSAGE][PASSED] - Object: 'Object Repository/Page_/button_Login' is clicked on

2021-01-21 16:02:01 - [MESSAGE][PASSED] - Login IST with valid credentials

2021-01-21 16:02:01 - [TEST_STEP][PASSED] - Login Success: Login Success

2021-01-21 16:02:01 - [MESSAGE][INFO] - Login Success

2021-01-21 16:02:01 - [MESSAGE][PASSED] - Current window maximized

2021-01-21 16:02:01 - [MESSAGE][PASSED] - Object 'Object Repository/Page_/h1_Welcome to IT Supporting Tools' is present

2021-01-21 16:02:01 - [MESSAGE][PASSED] - Login Success

2021-01-21 16:02:01 - [TEST_STEP][PASSED] - Select Arrow Menu "Real Time Disbursement": Select Arrow Menu "Real Time Disbursement"

2021-01-21 16:02:01 - [MESSAGE][PASSED] - Object: '' is clicked on

2021-01-21 16:02:01 - [MESSAGE][PASSED] - Select Arrow Menu "Real Time Disbursement"

2021-01-21 16:02:01 - [TEST_STEP][PASSED] - Select Menu "Dashboard for Risk": Select Menu "Dashboard for Risk"

2021-01-21 16:02:02 - [MESSAGE][PASSED] - Taking screenshot successfully
[[ATTACHMENT|/Users/chaidir.pratama01/Documents/Docs/Katalon Studio/Screenshot/test-Dashboard for Risk.png]]

2021-01-21 16:02:02 - [MESSAGE][PASSED] - Object '' is present

2021-01-21 16:02:02 - [MESSAGE][PASSED] - Object: '' is clicked on

2021-01-21 16:02:02 - [MESSAGE][PASSED] - Wait for page load successfully

2021-01-21 16:02:02 - [MESSAGE][PASSED] - Select Menu "Dashboard for Risk"

2021-01-21 16:02:02 - [TEST_STEP][PASSED] - Input Contract RTD in Contract Number label: Input Contract RTD in Contract Number label

2021-01-21 16:02:03 - [MESSAGE][PASSED] - Text '4000014162' is set on object ''

2021-01-21 16:02:03 - [MESSAGE][PASSED] - Input Contract RTD in Contract Number label

2021-01-21 16:02:03 - [TEST_STEP][PASSED] - Click button "Search": Click button "Search"

2021-01-21 16:02:03 - [MESSAGE][INFO] - >>>>>//Button[contains(text(),'Search')]

2021-01-21 16:02:06 - [MESSAGE][PASSED] - Object '' is present

2021-01-21 16:02:06 - [MESSAGE][PASSED] - Object: '' is clicked on

2021-01-21 16:02:06 - [MESSAGE][PASSED] - Switched to window with index: '0'

2021-01-21 16:02:06 - [MESSAGE][PASSED] - Click button "Search"

2021-01-21 16:02:06 - [TEST_STEP][PASSED] - Verify Table Filled: Verify Table Filled

2021-01-21 16:02:06 - [MESSAGE][PASSED] - Object '' is present

2021-01-21 16:02:06 - [MESSAGE][PASSED] - Verify Table Filled

2021-01-21 16:02:06 - [TEST_STEP][PASSED] - Click button "Export Data": Click button "Export Data"

2021-01-21 16:02:06 - [MESSAGE][INFO] - >>>>>//Button[contains(text(),'Export Data')]

2021-01-21 16:02:09 - [MESSAGE][PASSED] - Object: '' is clicked on

2021-01-21 16:02:10 - [MESSAGE][PASSED] - Taking screenshot successfully
[[ATTACHMENT|/Users/chaidir.pratama01/Documents/Docs/Katalon Studio/Screenshot/Download_data.png]]

2021-01-21 16:02:10 - [MESSAGE][PASSED] - Click button "Export Data"

2021-01-21 16:02:10 - [MESSAGE][PASSED] - Feature file: 'Include/features/IST_Real/RTD/Dashboard_for_Risk/Export_Data_Dashboard_for_Risk.feature' was passed]]></system-out>
         <system-err><![CDATA[]]></system-err>
      </testcase>
      <testcase name="Test Cases/RTD/Dashboard for Risk/TC_Search_by_STATUS_Dashboard_for_Risk" time="215.381" classname="Test Cases/RTD/Dashboard for Risk/TC_Search_by_STATUS_Dashboard_for_Risk" status="PASSED">
         <system-out><![CDATA[2021-01-21 16:02:10 - [TEST_CASE][PASSED] - Test Cases/RTD/Dashboard for Risk/TC_Search_by_STATUS_Dashboard_for_Risk: Test Cases/RTD/Dashboard for Risk/TC_Search_by_STATUS_Dashboard_for_Risk

2021-01-21 16:02:10 - [TEST_STEP][PASSED] - runFeatureFile("Include/features/IST_Real/RTD/Dashboard_for_Risk/Search_by_STATUS_Dashboard_for_Risk.feature"): Feature file: 'Include/features/IST_Real/RTD/Dashboard_for_Risk/Search_by_STATUS_Dashboard_for_Risk.feature' was passed

2021-01-21 16:02:10 - [MESSAGE][INFO] - Starting run keyword runFeatureFile: 'Include/features/IST_Real/RTD/Dashboard_for_Risk/Search_by_STATUS_Dashboard_for_Risk.feature' and extract report to folder: '/Users/chaidir.pratama01/Katalon Studio/IST_Automation_Git/Reports/20210121_153655/RTD/TS_Dashboard_for_Risk/20210121_153700/cucumber_report/1611219730324'...

2021-01-21 16:02:10 - [TEST_CASE][PASSED] - Start Test Case : SCENARIO Search by STATUS Eligible to Disburse: SCENARIO Search by STATUS Eligible to Disburse

2021-01-21 16:02:10 - [TEST_STEP][PASSED] - Go to ISTools: Go to ISTools

2021-01-21 16:02:10 - [MESSAGE][WARNING] - A browser is already opened. Closing browser and opening a new one

2021-01-21 16:02:10 - [MESSAGE][INFO] - Starting 'Chrome (headless)' driver

2021-01-21 16:02:10 - [MESSAGE][INFO] - User set preference: ['args', '[--start-maximized, --disable-gpu, --no-proxy-server, â€“-no-sandbox, --allow-running-insecure-content, --ignore-certificate-errors, window-size=1680,814, force-device-scale-factor=2, --lang=en-GB]']

2021-01-21 16:02:10 - [MESSAGE][INFO] - User set preference: ['prefs', '{download.default_directory=/Users/chaidir.pratama01/Katalon Studio/IST_Automation_Git/Download}']

2021-01-21 16:02:10 - [MESSAGE][INFO] - Action delay is set to 0 milliseconds

2021-01-21 16:02:10 - [MESSAGE][PASSED] - Browser is opened with url: ''

2021-01-21 16:02:11 - [MESSAGE][PASSED] - Navigate to 'https://dev-istools.homecredit.id/foundation/' successfully

2021-01-21 16:02:11 - [MESSAGE][PASSED] - Go to ISTools

2021-01-21 16:02:11 - [TEST_STEP][PASSED] - Login IST with valid credentials: Login IST with valid credentials

2021-01-21 16:02:12 - [MESSAGE][PASSED] - Text 'mobile.test' is set on object 'Object Repository/Page_/input_Username_j_username'

2021-01-21 16:02:12 - [MESSAGE][PASSED] - Text ****** has been set on object 'Object Repository/Page_/input_Password_j_password'

2021-01-21 16:02:13 - [MESSAGE][PASSED] - Object: 'Object Repository/Page_/button_Login' is clicked on

2021-01-21 16:02:13 - [MESSAGE][PASSED] - Login IST with valid credentials

2021-01-21 16:02:13 - [TEST_STEP][PASSED] - Login Success: Login Success

2021-01-21 16:02:13 - [MESSAGE][INFO] - Login Success

2021-01-21 16:02:13 - [MESSAGE][PASSED] - Current window maximized

2021-01-21 16:02:13 - [MESSAGE][PASSED] - Object 'Object Repository/Page_/h1_Welcome to IT Supporting Tools' is present

2021-01-21 16:02:13 - [MESSAGE][PASSED] - Login Success

2021-01-21 16:02:13 - [TEST_STEP][PASSED] - Select Arrow Menu "Real Time Disbursement": Select Arrow Menu "Real Time Disbursement"

2021-01-21 16:02:13 - [MESSAGE][PASSED] - Object: '' is clicked on

2021-01-21 16:02:13 - [MESSAGE][PASSED] - Select Arrow Menu "Real Time Disbursement"

2021-01-21 16:02:13 - [TEST_STEP][PASSED] - Select Menu "Dashboard for Risk": Select Menu "Dashboard for Risk"

2021-01-21 16:02:13 - [MESSAGE][PASSED] - Taking screenshot successfully
[[ATTACHMENT|/Users/chaidir.pratama01/Documents/Docs/Katalon Studio/Screenshot/test-Dashboard for Risk.png]]

2021-01-21 16:02:13 - [MESSAGE][PASSED] - Object '' is present

2021-01-21 16:02:13 - [MESSAGE][PASSED] - Object: '' is clicked on

2021-01-21 16:02:13 - [MESSAGE][PASSED] - Wait for page load successfully

2021-01-21 16:02:13 - [MESSAGE][PASSED] - Select Menu "Dashboard for Risk"

2021-01-21 16:02:13 - [TEST_STEP][PASSED] - Select STATUS "Eligible to disburse": Select STATUS "Eligible to disburse"

2021-01-21 16:02:14 - [MESSAGE][PASSED] - All options with value 'Eligible to disburse' are selected in object ''  using regular expression

2021-01-21 16:02:14 - [MESSAGE][PASSED] - Select STATUS "Eligible to disburse"

2021-01-21 16:02:14 - [TEST_STEP][PASSED] - Click button "Search": Click button "Search"

2021-01-21 16:02:14 - [MESSAGE][INFO] - >>>>>//Button[contains(text(),'Search')]

2021-01-21 16:02:17 - [MESSAGE][PASSED] - Object '' is present

2021-01-21 16:02:17 - [MESSAGE][PASSED] - Object: '' is clicked on

2021-01-21 16:02:17 - [MESSAGE][PASSED] - Switched to window with index: '0'

2021-01-21 16:02:17 - [MESSAGE][PASSED] - Click button "Search"

2021-01-21 16:02:17 - [TEST_STEP][PASSED] - Verify Search Result Presents: Verify Search Result Presents

2021-01-21 16:02:21 - [MESSAGE][PASSED] - Object '' is present

2021-01-21 16:02:31 - [MESSAGE][PASSED] - Verify Search Result Presents

2021-01-21 16:02:31 - [TEST_STEP][PASSED] - Click button "Logout": Click button "Logout"

2021-01-21 16:02:31 - [MESSAGE][INFO] - >>>>>//Button[contains(text(),'Logout')]

2021-01-21 16:02:34 - [MESSAGE][PASSED] - Object '' is present

2021-01-21 16:02:34 - [MESSAGE][PASSED] - Object: '' is clicked on

2021-01-21 16:02:34 - [MESSAGE][PASSED] - Switched to window with index: '0'

2021-01-21 16:02:34 - [MESSAGE][PASSED] - Click button "Logout"

2021-01-21 16:02:34 - [TEST_STEP][PASSED] - Close browser: Close browser

2021-01-21 16:02:34 - [MESSAGE][PASSED] - Browser is closed

2021-01-21 16:02:34 - [MESSAGE][PASSED] - Close browser

2021-01-21 16:02:34 - [TEST_CASE][PASSED] - Start Test Case : SCENARIO Search by STATUS Waiting validation from Risk: SCENARIO Search by STATUS Waiting validation from Risk

2021-01-21 16:02:34 - [TEST_STEP][PASSED] - Go to ISTools: Go to ISTools

2021-01-21 16:02:34 - [MESSAGE][INFO] - Starting 'Chrome (headless)' driver

2021-01-21 16:02:34 - [MESSAGE][INFO] - User set preference: ['args', '[--start-maximized, --disable-gpu, --no-proxy-server, â€“-no-sandbox, --allow-running-insecure-content, --ignore-certificate-errors, window-size=1680,814, force-device-scale-factor=2, --lang=en-GB]']

2021-01-21 16:02:34 - [MESSAGE][INFO] - User set preference: ['prefs', '{download.default_directory=/Users/chaidir.pratama01/Katalon Studio/IST_Automation_Git/Download}']

2021-01-21 16:02:34 - [MESSAGE][INFO] - Action delay is set to 0 milliseconds

2021-01-21 16:02:34 - [MESSAGE][PASSED] - Browser is opened with url: ''

2021-01-21 16:02:35 - [MESSAGE][PASSED] - Navigate to 'https://dev-istools.homecredit.id/foundation/' successfully

2021-01-21 16:02:35 - [MESSAGE][PASSED] - Go to ISTools

2021-01-21 16:02:35 - [TEST_STEP][PASSED] - Login IST with valid credentials: Login IST with valid credentials

2021-01-21 16:02:36 - [MESSAGE][PASSED] - Text 'mobile.test' is set on object 'Object Repository/Page_/input_Username_j_username'

2021-01-21 16:02:36 - [MESSAGE][PASSED] - Text ****** has been set on object 'Object Repository/Page_/input_Password_j_password'

2021-01-21 16:02:36 - [MESSAGE][PASSED] - Object: 'Object Repository/Page_/button_Login' is clicked on

2021-01-21 16:02:36 - [MESSAGE][PASSED] - Login IST with valid credentials

2021-01-21 16:02:36 - [TEST_STEP][PASSED] - Login Success: Login Success

2021-01-21 16:02:36 - [MESSAGE][INFO] - Login Success

2021-01-21 16:02:36 - [MESSAGE][PASSED] - Current window maximized

2021-01-21 16:02:36 - [MESSAGE][PASSED] - Object 'Object Repository/Page_/h1_Welcome to IT Supporting Tools' is present

2021-01-21 16:02:36 - [MESSAGE][PASSED] - Login Success

2021-01-21 16:02:36 - [TEST_STEP][PASSED] - Select Arrow Menu "Real Time Disbursement": Select Arrow Menu "Real Time Disbursement"

2021-01-21 16:02:36 - [MESSAGE][PASSED] - Object: '' is clicked on

2021-01-21 16:02:36 - [MESSAGE][PASSED] - Select Arrow Menu "Real Time Disbursement"

2021-01-21 16:02:36 - [TEST_STEP][PASSED] - Select Menu "Dashboard for Risk": Select Menu "Dashboard for Risk"

2021-01-21 16:02:37 - [MESSAGE][PASSED] - Taking screenshot successfully
[[ATTACHMENT|/Users/chaidir.pratama01/Documents/Docs/Katalon Studio/Screenshot/test-Dashboard for Risk.png]]

2021-01-21 16:02:37 - [MESSAGE][PASSED] - Object '' is present

2021-01-21 16:02:37 - [MESSAGE][PASSED] - Object: '' is clicked on

2021-01-21 16:02:37 - [MESSAGE][PASSED] - Wait for page load successfully

2021-01-21 16:02:37 - [MESSAGE][PASSED] - Select Menu "Dashboard for Risk"

2021-01-21 16:02:37 - [TEST_STEP][PASSED] - Select STATUS "Waiting validation from Risk": Select STATUS "Waiting validation from Risk"

2021-01-21 16:02:38 - [MESSAGE][PASSED] - All options with value 'Waiting validation from Risk' are selected in object ''  using regular expression

2021-01-21 16:02:38 - [MESSAGE][PASSED] - Select STATUS "Waiting validation from Risk"

2021-01-21 16:02:38 - [TEST_STEP][PASSED] - Click button "Search": Click button "Search"

2021-01-21 16:02:38 - [MESSAGE][INFO] - >>>>>//Button[contains(text(),'Search')]

2021-01-21 16:02:41 - [MESSAGE][PASSED] - Object '' is present

2021-01-21 16:02:41 - [MESSAGE][PASSED] - Object: '' is clicked on

2021-01-21 16:02:41 - [MESSAGE][PASSED] - Switched to window with index: '0'

2021-01-21 16:02:41 - [MESSAGE][PASSED] - Click button "Search"

2021-01-21 16:02:41 - [TEST_STEP][PASSED] - Verify Search Result Presents: Verify Search Result Presents

2021-01-21 16:02:41 - [MESSAGE][PASSED] - Object '' is present

2021-01-21 16:02:44 - [MESSAGE][PASSED] - Verify Search Result Presents

2021-01-21 16:02:44 - [TEST_STEP][PASSED] - Click button "Logout": Click button "Logout"

2021-01-21 16:02:44 - [MESSAGE][INFO] - >>>>>//Button[contains(text(),'Logout')]

2021-01-21 16:02:47 - [MESSAGE][PASSED] - Object '' is present

2021-01-21 16:02:48 - [MESSAGE][PASSED] - Object: '' is clicked on

2021-01-21 16:02:48 - [MESSAGE][PASSED] - Switched to window with index: '0'

2021-01-21 16:02:48 - [MESSAGE][PASSED] - Click button "Logout"

2021-01-21 16:02:48 - [TEST_STEP][PASSED] - Close browser: Close browser

2021-01-21 16:02:48 - [MESSAGE][PASSED] - Browser is closed

2021-01-21 16:02:48 - [MESSAGE][PASSED] - Close browser

2021-01-21 16:02:48 - [TEST_CASE][PASSED] - Start Test Case : SCENARIO Search by STATUS Waiting validation from In Payment: SCENARIO Search by STATUS Waiting validation from In Payment

2021-01-21 16:02:48 - [TEST_STEP][PASSED] - Go to ISTools: Go to ISTools

2021-01-21 16:02:48 - [MESSAGE][INFO] - Starting 'Chrome (headless)' driver

2021-01-21 16:02:48 - [MESSAGE][INFO] - User set preference: ['args', '[--start-maximized, --disable-gpu, --no-proxy-server, â€“-no-sandbox, --allow-running-insecure-content, --ignore-certificate-errors, window-size=1680,814, force-device-scale-factor=2, --lang=en-GB]']

2021-01-21 16:02:48 - [MESSAGE][INFO] - User set preference: ['prefs', '{download.default_directory=/Users/chaidir.pratama01/Katalon Studio/IST_Automation_Git/Download}']

2021-01-21 16:02:48 - [MESSAGE][INFO] - Action delay is set to 0 milliseconds

2021-01-21 16:02:48 - [MESSAGE][PASSED] - Browser is opened with url: ''

2021-01-21 16:02:49 - [MESSAGE][PASSED] - Navigate to 'https://dev-istools.homecredit.id/foundation/' successfully

2021-01-21 16:02:49 - [MESSAGE][PASSED] - Go to ISTools

2021-01-21 16:02:49 - [TEST_STEP][PASSED] - Login IST with valid credentials: Login IST with valid credentials

2021-01-21 16:02:49 - [MESSAGE][PASSED] - Text 'mobile.test' is set on object 'Object Repository/Page_/input_Username_j_username'

2021-01-21 16:02:49 - [MESSAGE][PASSED] - Text ****** has been set on object 'Object Repository/Page_/input_Password_j_password'

2021-01-21 16:02:49 - [MESSAGE][PASSED] - Object: 'Object Repository/Page_/button_Login' is clicked on

2021-01-21 16:02:49 - [MESSAGE][PASSED] - Login IST with valid credentials

2021-01-21 16:02:49 - [TEST_STEP][PASSED] - Login Success: Login Success

2021-01-21 16:02:49 - [MESSAGE][INFO] - Login Success

2021-01-21 16:02:49 - [MESSAGE][PASSED] - Current window maximized

2021-01-21 16:02:50 - [MESSAGE][PASSED] - Object 'Object Repository/Page_/h1_Welcome to IT Supporting Tools' is present

2021-01-21 16:02:50 - [MESSAGE][PASSED] - Login Success

2021-01-21 16:02:50 - [TEST_STEP][PASSED] - Select Arrow Menu "Real Time Disbursement": Select Arrow Menu "Real Time Disbursement"

2021-01-21 16:02:50 - [MESSAGE][PASSED] - Object: '' is clicked on

2021-01-21 16:02:50 - [MESSAGE][PASSED] - Select Arrow Menu "Real Time Disbursement"

2021-01-21 16:02:50 - [TEST_STEP][PASSED] - Select Menu "Dashboard for Risk": Select Menu "Dashboard for Risk"

2021-01-21 16:02:50 - [MESSAGE][PASSED] - Taking screenshot successfully
[[ATTACHMENT|/Users/chaidir.pratama01/Documents/Docs/Katalon Studio/Screenshot/test-Dashboard for Risk.png]]

2021-01-21 16:02:50 - [MESSAGE][PASSED] - Object '' is present

2021-01-21 16:02:50 - [MESSAGE][PASSED] - Object: '' is clicked on

2021-01-21 16:02:50 - [MESSAGE][PASSED] - Wait for page load successfully

2021-01-21 16:02:50 - [MESSAGE][PASSED] - Select Menu "Dashboard for Risk"

2021-01-21 16:02:50 - [TEST_STEP][PASSED] - Select STATUS "Waiting validation from In Payment": Select STATUS "Waiting validation from In Payment"

2021-01-21 16:02:51 - [MESSAGE][PASSED] - All options with value 'Waiting validation from In Payment' are selected in object ''  using regular expression

2021-01-21 16:02:51 - [MESSAGE][PASSED] - Select STATUS "Waiting validation from In Payment"

2021-01-21 16:02:51 - [TEST_STEP][PASSED] - Click button "Search": Click button "Search"

2021-01-21 16:02:51 - [MESSAGE][INFO] - >>>>>//Button[contains(text(),'Search')]

2021-01-21 16:02:54 - [MESSAGE][PASSED] - Object '' is present

2021-01-21 16:02:54 - [MESSAGE][PASSED] - Object: '' is clicked on

2021-01-21 16:02:54 - [MESSAGE][PASSED] - Switched to window with index: '0'

2021-01-21 16:02:54 - [MESSAGE][PASSED] - Click button "Search"

2021-01-21 16:02:54 - [TEST_STEP][PASSED] - Verify Search Result Presents: Verify Search Result Presents

2021-01-21 16:02:54 - [MESSAGE][PASSED] - Object '' is present

2021-01-21 16:02:54 - [MESSAGE][PASSED] - Verify Search Result Presents

2021-01-21 16:02:54 - [TEST_STEP][PASSED] - Click button "Logout": Click button "Logout"

2021-01-21 16:02:54 - [MESSAGE][INFO] - >>>>>//Button[contains(text(),'Logout')]

2021-01-21 16:02:58 - [MESSAGE][PASSED] - Object '' is present

2021-01-21 16:02:58 - [MESSAGE][PASSED] - Object: '' is clicked on

2021-01-21 16:02:58 - [MESSAGE][PASSED] - Switched to window with index: '0'

2021-01-21 16:02:58 - [MESSAGE][PASSED] - Click button "Logout"

2021-01-21 16:02:58 - [TEST_STEP][PASSED] - Close browser: Close browser

2021-01-21 16:02:58 - [MESSAGE][PASSED] - Browser is closed

2021-01-21 16:02:58 - [MESSAGE][PASSED] - Close browser

2021-01-21 16:02:58 - [TEST_CASE][PASSED] - Start Test Case : SCENARIO Search by STATUS Ready to disburse: SCENARIO Search by STATUS Ready to disburse

2021-01-21 16:02:58 - [TEST_STEP][PASSED] - Go to ISTools: Go to ISTools

2021-01-21 16:02:58 - [MESSAGE][INFO] - Starting 'Chrome (headless)' driver

2021-01-21 16:02:58 - [MESSAGE][INFO] - User set preference: ['args', '[--start-maximized, --disable-gpu, --no-proxy-server, â€“-no-sandbox, --allow-running-insecure-content, --ignore-certificate-errors, window-size=1680,814, force-device-scale-factor=2, --lang=en-GB]']

2021-01-21 16:02:58 - [MESSAGE][INFO] - User set preference: ['prefs', '{download.default_directory=/Users/chaidir.pratama01/Katalon Studio/IST_Automation_Git/Download}']

2021-01-21 16:02:58 - [MESSAGE][INFO] - Action delay is set to 0 milliseconds

2021-01-21 16:02:58 - [MESSAGE][PASSED] - Browser is opened with url: ''

2021-01-21 16:02:59 - [MESSAGE][PASSED] - Navigate to 'https://dev-istools.homecredit.id/foundation/' successfully

2021-01-21 16:02:59 - [MESSAGE][PASSED] - Go to ISTools

2021-01-21 16:02:59 - [TEST_STEP][PASSED] - Login IST with valid credentials: Login IST with valid credentials

2021-01-21 16:02:59 - [MESSAGE][PASSED] - Text 'mobile.test' is set on object 'Object Repository/Page_/input_Username_j_username'

2021-01-21 16:02:59 - [MESSAGE][PASSED] - Text ****** has been set on object 'Object Repository/Page_/input_Password_j_password'

2021-01-21 16:02:59 - [MESSAGE][PASSED] - Object: 'Object Repository/Page_/button_Login' is clicked on

2021-01-21 16:02:59 - [MESSAGE][PASSED] - Login IST with valid credentials

2021-01-21 16:02:59 - [TEST_STEP][PASSED] - Login Success: Login Success

2021-01-21 16:02:59 - [MESSAGE][INFO] - Login Success

2021-01-21 16:03:00 - [MESSAGE][PASSED] - Current window maximized

2021-01-21 16:03:00 - [MESSAGE][PASSED] - Object 'Object Repository/Page_/h1_Welcome to IT Supporting Tools' is present

2021-01-21 16:03:00 - [MESSAGE][PASSED] - Login Success

2021-01-21 16:03:00 - [TEST_STEP][PASSED] - Select Arrow Menu "Real Time Disbursement": Select Arrow Menu "Real Time Disbursement"

2021-01-21 16:03:00 - [MESSAGE][PASSED] - Object: '' is clicked on

2021-01-21 16:03:00 - [MESSAGE][PASSED] - Select Arrow Menu "Real Time Disbursement"

2021-01-21 16:03:00 - [TEST_STEP][PASSED] - Select Menu "Dashboard for Risk": Select Menu "Dashboard for Risk"

2021-01-21 16:03:00 - [MESSAGE][PASSED] - Taking screenshot successfully
[[ATTACHMENT|/Users/chaidir.pratama01/Documents/Docs/Katalon Studio/Screenshot/test-Dashboard for Risk.png]]

2021-01-21 16:03:00 - [MESSAGE][PASSED] - Object '' is present

2021-01-21 16:03:00 - [MESSAGE][PASSED] - Object: '' is clicked on

2021-01-21 16:03:00 - [MESSAGE][PASSED] - Wait for page load successfully

2021-01-21 16:03:00 - [MESSAGE][PASSED] - Select Menu "Dashboard for Risk"

2021-01-21 16:03:00 - [TEST_STEP][PASSED] - Select STATUS "Ready to disburse": Select STATUS "Ready to disburse"

2021-01-21 16:03:01 - [MESSAGE][PASSED] - All options with value 'Ready to disburse' are selected in object ''  using regular expression

2021-01-21 16:03:01 - [MESSAGE][PASSED] - Select STATUS "Ready to disburse"

2021-01-21 16:03:01 - [TEST_STEP][PASSED] - Click button "Search": Click button "Search"

2021-01-21 16:03:01 - [MESSAGE][INFO] - >>>>>//Button[contains(text(),'Search')]

2021-01-21 16:03:04 - [MESSAGE][PASSED] - Object '' is present

2021-01-21 16:03:04 - [MESSAGE][PASSED] - Object: '' is clicked on

2021-01-21 16:03:04 - [MESSAGE][PASSED] - Switched to window with index: '0'

2021-01-21 16:03:04 - [MESSAGE][PASSED] - Click button "Search"

2021-01-21 16:03:04 - [TEST_STEP][PASSED] - Verify Search Result Presents: Verify Search Result Presents

2021-01-21 16:03:04 - [MESSAGE][PASSED] - Object '' is present

2021-01-21 16:03:07 - [MESSAGE][PASSED] - Verify Search Result Presents

2021-01-21 16:03:07 - [TEST_STEP][PASSED] - Click button "Logout": Click button "Logout"

2021-01-21 16:03:07 - [MESSAGE][INFO] - >>>>>//Button[contains(text(),'Logout')]

2021-01-21 16:03:10 - [MESSAGE][PASSED] - Object '' is present

2021-01-21 16:03:10 - [MESSAGE][PASSED] - Object: '' is clicked on

2021-01-21 16:03:10 - [MESSAGE][PASSED] - Switched to window with index: '0'

2021-01-21 16:03:10 - [MESSAGE][PASSED] - Click button "Logout"

2021-01-21 16:03:10 - [TEST_STEP][PASSED] - Close browser: Close browser

2021-01-21 16:03:11 - [MESSAGE][PASSED] - Browser is closed

2021-01-21 16:03:11 - [MESSAGE][PASSED] - Close browser

2021-01-21 16:03:11 - [TEST_CASE][PASSED] - Start Test Case : SCENARIO Search by STATUS Failed due to invalid bank account: SCENARIO Search by STATUS Failed due to invalid bank account

2021-01-21 16:03:11 - [TEST_STEP][PASSED] - Go to ISTools: Go to ISTools

2021-01-21 16:03:11 - [MESSAGE][INFO] - Starting 'Chrome (headless)' driver

2021-01-21 16:03:11 - [MESSAGE][INFO] - User set preference: ['args', '[--start-maximized, --disable-gpu, --no-proxy-server, â€“-no-sandbox, --allow-running-insecure-content, --ignore-certificate-errors, window-size=1680,814, force-device-scale-factor=2, --lang=en-GB]']

2021-01-21 16:03:11 - [MESSAGE][INFO] - User set preference: ['prefs', '{download.default_directory=/Users/chaidir.pratama01/Katalon Studio/IST_Automation_Git/Download}']

2021-01-21 16:03:11 - [MESSAGE][INFO] - Action delay is set to 0 milliseconds

2021-01-21 16:03:11 - [MESSAGE][PASSED] - Browser is opened with url: ''

2021-01-21 16:03:12 - [MESSAGE][PASSED] - Navigate to 'https://dev-istools.homecredit.id/foundation/' successfully

2021-01-21 16:03:12 - [MESSAGE][PASSED] - Go to ISTools

2021-01-21 16:03:12 - [TEST_STEP][PASSED] - Login IST with valid credentials: Login IST with valid credentials

2021-01-21 16:03:12 - [MESSAGE][PASSED] - Text 'mobile.test' is set on object 'Object Repository/Page_/input_Username_j_username'

2021-01-21 16:03:12 - [MESSAGE][PASSED] - Text ****** has been set on object 'Object Repository/Page_/input_Password_j_password'

2021-01-21 16:03:12 - [MESSAGE][PASSED] - Object: 'Object Repository/Page_/button_Login' is clicked on

2021-01-21 16:03:12 - [MESSAGE][PASSED] - Login IST with valid credentials

2021-01-21 16:03:12 - [TEST_STEP][PASSED] - Login Success: Login Success

2021-01-21 16:03:12 - [MESSAGE][INFO] - Login Success

2021-01-21 16:03:12 - [MESSAGE][PASSED] - Current window maximized

2021-01-21 16:03:12 - [MESSAGE][PASSED] - Object 'Object Repository/Page_/h1_Welcome to IT Supporting Tools' is present

2021-01-21 16:03:12 - [MESSAGE][PASSED] - Login Success

2021-01-21 16:03:12 - [TEST_STEP][PASSED] - Select Arrow Menu "Real Time Disbursement": Select Arrow Menu "Real Time Disbursement"

2021-01-21 16:03:12 - [MESSAGE][PASSED] - Object: '' is clicked on

2021-01-21 16:03:12 - [MESSAGE][PASSED] - Select Arrow Menu "Real Time Disbursement"

2021-01-21 16:03:12 - [TEST_STEP][PASSED] - Select Menu "Dashboard for Risk": Select Menu "Dashboard for Risk"

2021-01-21 16:03:13 - [MESSAGE][PASSED] - Taking screenshot successfully
[[ATTACHMENT|/Users/chaidir.pratama01/Documents/Docs/Katalon Studio/Screenshot/test-Dashboard for Risk.png]]

2021-01-21 16:03:13 - [MESSAGE][PASSED] - Object '' is present

2021-01-21 16:03:13 - [MESSAGE][PASSED] - Object: '' is clicked on

2021-01-21 16:03:13 - [MESSAGE][PASSED] - Wait for page load successfully

2021-01-21 16:03:13 - [MESSAGE][PASSED] - Select Menu "Dashboard for Risk"

2021-01-21 16:03:13 - [TEST_STEP][PASSED] - Select STATUS "Failed due to invalid bank account": Select STATUS "Failed due to invalid bank account"

2021-01-21 16:03:13 - [MESSAGE][PASSED] - All options with value 'Failed due to invalid bank account' are selected in object ''  using regular expression

2021-01-21 16:03:13 - [MESSAGE][PASSED] - Select STATUS "Failed due to invalid bank account"

2021-01-21 16:03:13 - [TEST_STEP][PASSED] - Click button "Search": Click button "Search"

2021-01-21 16:03:13 - [MESSAGE][INFO] - >>>>>//Button[contains(text(),'Search')]

2021-01-21 16:03:16 - [MESSAGE][PASSED] - Object '' is present

2021-01-21 16:03:16 - [MESSAGE][PASSED] - Object: '' is clicked on

2021-01-21 16:03:16 - [MESSAGE][PASSED] - Switched to window with index: '0'

2021-01-21 16:03:16 - [MESSAGE][PASSED] - Click button "Search"

2021-01-21 16:03:16 - [TEST_STEP][PASSED] - Verify Search Result Presents: Verify Search Result Presents

2021-01-21 16:03:17 - [MESSAGE][PASSED] - Object '' is present

2021-01-21 16:03:19 - [MESSAGE][PASSED] - Verify Search Result Presents

2021-01-21 16:03:19 - [TEST_STEP][PASSED] - Click button "Logout": Click button "Logout"

2021-01-21 16:03:19 - [MESSAGE][INFO] - >>>>>//Button[contains(text(),'Logout')]

2021-01-21 16:03:22 - [MESSAGE][PASSED] - Object '' is present

2021-01-21 16:03:22 - [MESSAGE][PASSED] - Object: '' is clicked on

2021-01-21 16:03:22 - [MESSAGE][PASSED] - Switched to window with index: '0'

2021-01-21 16:03:22 - [MESSAGE][PASSED] - Click button "Logout"

2021-01-21 16:03:22 - [TEST_STEP][PASSED] - Close browser: Close browser

2021-01-21 16:03:22 - [MESSAGE][PASSED] - Browser is closed

2021-01-21 16:03:22 - [MESSAGE][PASSED] - Close browser

2021-01-21 16:03:22 - [TEST_CASE][PASSED] - Start Test Case : SCENARIO Search by STATUS Failed due to system error: SCENARIO Search by STATUS Failed due to system error

2021-01-21 16:03:22 - [TEST_STEP][PASSED] - Go to ISTools: Go to ISTools

2021-01-21 16:03:22 - [MESSAGE][INFO] - Starting 'Chrome (headless)' driver

2021-01-21 16:03:22 - [MESSAGE][INFO] - User set preference: ['args', '[--start-maximized, --disable-gpu, --no-proxy-server, â€“-no-sandbox, --allow-running-insecure-content, --ignore-certificate-errors, window-size=1680,814, force-device-scale-factor=2, --lang=en-GB]']

2021-01-21 16:03:22 - [MESSAGE][INFO] - User set preference: ['prefs', '{download.default_directory=/Users/chaidir.pratama01/Katalon Studio/IST_Automation_Git/Download}']

2021-01-21 16:03:22 - [MESSAGE][INFO] - Action delay is set to 0 milliseconds

2021-01-21 16:03:22 - [MESSAGE][PASSED] - Browser is opened with url: ''

2021-01-21 16:03:23 - [MESSAGE][PASSED] - Navigate to 'https://dev-istools.homecredit.id/foundation/' successfully

2021-01-21 16:03:23 - [MESSAGE][PASSED] - Go to ISTools

2021-01-21 16:03:23 - [TEST_STEP][PASSED] - Login IST with valid credentials: Login IST with valid credentials

2021-01-21 16:03:23 - [MESSAGE][PASSED] - Text 'mobile.test' is set on object 'Object Repository/Page_/input_Username_j_username'

2021-01-21 16:03:23 - [MESSAGE][PASSED] - Text ****** has been set on object 'Object Repository/Page_/input_Password_j_password'

2021-01-21 16:03:24 - [MESSAGE][PASSED] - Object: 'Object Repository/Page_/button_Login' is clicked on

2021-01-21 16:03:24 - [MESSAGE][PASSED] - Login IST with valid credentials

2021-01-21 16:03:24 - [TEST_STEP][PASSED] - Login Success: Login Success

2021-01-21 16:03:24 - [MESSAGE][INFO] - Login Success

2021-01-21 16:03:24 - [MESSAGE][PASSED] - Current window maximized

2021-01-21 16:03:24 - [MESSAGE][PASSED] - Object 'Object Repository/Page_/h1_Welcome to IT Supporting Tools' is present

2021-01-21 16:03:24 - [MESSAGE][PASSED] - Login Success

2021-01-21 16:03:24 - [TEST_STEP][PASSED] - Select Arrow Menu "Real Time Disbursement": Select Arrow Menu "Real Time Disbursement"

2021-01-21 16:03:24 - [MESSAGE][PASSED] - Object: '' is clicked on

2021-01-21 16:03:24 - [MESSAGE][PASSED] - Select Arrow Menu "Real Time Disbursement"

2021-01-21 16:03:24 - [TEST_STEP][PASSED] - Select Menu "Dashboard for Risk": Select Menu "Dashboard for Risk"

2021-01-21 16:03:24 - [MESSAGE][PASSED] - Taking screenshot successfully
[[ATTACHMENT|/Users/chaidir.pratama01/Documents/Docs/Katalon Studio/Screenshot/test-Dashboard for Risk.png]]

2021-01-21 16:03:24 - [MESSAGE][PASSED] - Object '' is present

2021-01-21 16:03:24 - [MESSAGE][PASSED] - Object: '' is clicked on

2021-01-21 16:03:24 - [MESSAGE][PASSED] - Wait for page load successfully

2021-01-21 16:03:24 - [MESSAGE][PASSED] - Select Menu "Dashboard for Risk"

2021-01-21 16:03:24 - [TEST_STEP][PASSED] - Select STATUS "Failed due to system error": Select STATUS "Failed due to system error"

2021-01-21 16:03:25 - [MESSAGE][PASSED] - All options with value 'Failed due to system error' are selected in object ''  using regular expression

2021-01-21 16:03:25 - [MESSAGE][PASSED] - Select STATUS "Failed due to system error"

2021-01-21 16:03:25 - [TEST_STEP][PASSED] - Click button "Search": Click button "Search"

2021-01-21 16:03:25 - [MESSAGE][INFO] - >>>>>//Button[contains(text(),'Search')]

2021-01-21 16:03:28 - [MESSAGE][PASSED] - Object '' is present

2021-01-21 16:03:28 - [MESSAGE][PASSED] - Object: '' is clicked on

2021-01-21 16:03:28 - [MESSAGE][PASSED] - Switched to window with index: '0'

2021-01-21 16:03:28 - [MESSAGE][PASSED] - Click button "Search"

2021-01-21 16:03:28 - [TEST_STEP][PASSED] - Verify Search Result Presents: Verify Search Result Presents

2021-01-21 16:03:28 - [MESSAGE][PASSED] - Object '' is present

2021-01-21 16:03:33 - [MESSAGE][PASSED] - Verify Search Result Presents

2021-01-21 16:03:33 - [TEST_STEP][PASSED] - Click button "Logout": Click button "Logout"

2021-01-21 16:03:33 - [MESSAGE][INFO] - >>>>>//Button[contains(text(),'Logout')]

2021-01-21 16:03:36 - [MESSAGE][PASSED] - Object '' is present

2021-01-21 16:03:36 - [MESSAGE][PASSED] - Object: '' is clicked on

2021-01-21 16:03:36 - [MESSAGE][PASSED] - Switched to window with index: '0'

2021-01-21 16:03:36 - [MESSAGE][PASSED] - Click button "Logout"

2021-01-21 16:03:36 - [TEST_STEP][PASSED] - Close browser: Close browser

2021-01-21 16:03:36 - [MESSAGE][PASSED] - Browser is closed

2021-01-21 16:03:36 - [MESSAGE][PASSED] - Close browser

2021-01-21 16:03:36 - [TEST_CASE][PASSED] - Start Test Case : SCENARIO Search by STATUS Failed due to insufficient fund: SCENARIO Search by STATUS Failed due to insufficient fund

2021-01-21 16:03:36 - [TEST_STEP][PASSED] - Go to ISTools: Go to ISTools

2021-01-21 16:03:36 - [MESSAGE][INFO] - Starting 'Chrome (headless)' driver

2021-01-21 16:03:36 - [MESSAGE][INFO] - User set preference: ['args', '[--start-maximized, --disable-gpu, --no-proxy-server, â€“-no-sandbox, --allow-running-insecure-content, --ignore-certificate-errors, window-size=1680,814, force-device-scale-factor=2, --lang=en-GB]']

2021-01-21 16:03:36 - [MESSAGE][INFO] - User set preference: ['prefs', '{download.default_directory=/Users/chaidir.pratama01/Katalon Studio/IST_Automation_Git/Download}']

2021-01-21 16:03:36 - [MESSAGE][INFO] - Action delay is set to 0 milliseconds

2021-01-21 16:03:36 - [MESSAGE][PASSED] - Browser is opened with url: ''

2021-01-21 16:03:37 - [MESSAGE][PASSED] - Navigate to 'https://dev-istools.homecredit.id/foundation/' successfully

2021-01-21 16:03:37 - [MESSAGE][PASSED] - Go to ISTools

2021-01-21 16:03:37 - [TEST_STEP][PASSED] - Login IST with valid credentials: Login IST with valid credentials

2021-01-21 16:03:37 - [MESSAGE][PASSED] - Text 'mobile.test' is set on object 'Object Repository/Page_/input_Username_j_username'

2021-01-21 16:03:37 - [MESSAGE][PASSED] - Text ****** has been set on object 'Object Repository/Page_/input_Password_j_password'

2021-01-21 16:03:37 - [MESSAGE][PASSED] - Object: 'Object Repository/Page_/button_Login' is clicked on

2021-01-21 16:03:37 - [MESSAGE][PASSED] - Login IST with valid credentials

2021-01-21 16:03:37 - [TEST_STEP][PASSED] - Login Success: Login Success

2021-01-21 16:03:37 - [MESSAGE][INFO] - Login Success

2021-01-21 16:03:38 - [MESSAGE][PASSED] - Current window maximized

2021-01-21 16:03:38 - [MESSAGE][PASSED] - Object 'Object Repository/Page_/h1_Welcome to IT Supporting Tools' is present

2021-01-21 16:03:38 - [MESSAGE][PASSED] - Login Success

2021-01-21 16:03:38 - [TEST_STEP][PASSED] - Select Arrow Menu "Real Time Disbursement": Select Arrow Menu "Real Time Disbursement"

2021-01-21 16:03:38 - [MESSAGE][PASSED] - Object: '' is clicked on

2021-01-21 16:03:38 - [MESSAGE][PASSED] - Select Arrow Menu "Real Time Disbursement"

2021-01-21 16:03:38 - [TEST_STEP][PASSED] - Select Menu "Dashboard for Risk": Select Menu "Dashboard for Risk"

2021-01-21 16:03:38 - [MESSAGE][PASSED] - Taking screenshot successfully
[[ATTACHMENT|/Users/chaidir.pratama01/Documents/Docs/Katalon Studio/Screenshot/test-Dashboard for Risk.png]]

2021-01-21 16:03:38 - [MESSAGE][PASSED] - Object '' is present

2021-01-21 16:03:38 - [MESSAGE][PASSED] - Object: '' is clicked on

2021-01-21 16:03:38 - [MESSAGE][PASSED] - Wait for page load successfully

2021-01-21 16:03:38 - [MESSAGE][PASSED] - Select Menu "Dashboard for Risk"

2021-01-21 16:03:38 - [TEST_STEP][PASSED] - Select STATUS "Failed due to insufficient fund": Select STATUS "Failed due to insufficient fund"

2021-01-21 16:03:39 - [MESSAGE][PASSED] - All options with value 'Failed due to insufficient fund' are selected in object ''  using regular expression

2021-01-21 16:03:39 - [MESSAGE][PASSED] - Select STATUS "Failed due to insufficient fund"

2021-01-21 16:03:39 - [TEST_STEP][PASSED] - Click button "Search": Click button "Search"

2021-01-21 16:03:39 - [MESSAGE][INFO] - >>>>>//Button[contains(text(),'Search')]

2021-01-21 16:03:42 - [MESSAGE][PASSED] - Object '' is present

2021-01-21 16:03:42 - [MESSAGE][PASSED] - Object: '' is clicked on

2021-01-21 16:03:42 - [MESSAGE][PASSED] - Switched to window with index: '0'

2021-01-21 16:03:42 - [MESSAGE][PASSED] - Click button "Search"

2021-01-21 16:03:42 - [TEST_STEP][PASSED] - Verify Search Result Presents: Verify Search Result Presents

2021-01-21 16:04:13 - [MESSAGE][INFO] - Unable to find the element located by 'By.xpath: //td[@style='display:none' and contains(text(),'-Empty-')]'. Please recheck the objects properties to make sure the desired element is located. 

2021-01-21 16:04:13 - [MESSAGE][WARNING] - com.kms.katalon.core.webui.exception.WebElementNotFoundException: Web element with id: '' located by '//td[@style='display:none' and contains(text(),'-Empty-')]' not found (Root cause: com.kms.katalon.core.exception.StepFailedException: com.kms.katalon.core.webui.exception.WebElementNotFoundException: Web element with id: '' located by '//td[@style='display:none' and contains(text(),'-Empty-')]' not found
	at com.kms.katalon.core.webui.keyword.internal.WebUIKeywordMain.stepFailed(WebUIKeywordMain.groovy:64)
	at com.kms.katalon.core.webui.keyword.builtin.VerifyElementPresentKeyword$_verifyElementPresent_closure1.doCall(VerifyElementPresentKeyword.groovy:85)
	at com.kms.katalon.core.webui.keyword.builtin.VerifyElementPresentKeyword$_verifyElementPresent_closure1.call(VerifyElementPresentKeyword.groovy)
	at com.kms.katalon.core.webui.keyword.internal.WebUIKeywordMain.runKeyword(WebUIKeywordMain.groovy:20)
	at com.kms.katalon.core.webui.keyword.builtin.VerifyElementPresentKeyword.verifyElementPresent(VerifyElementPresentKeyword.groovy:92)
	at com.kms.katalon.core.webui.keyword.builtin.VerifyElementPresentKeyword.execute(VerifyElementPresentKeyword.groovy:68)
	at com.kms.katalon.core.keyword.internal.KeywordExecutor.executeKeywordForPlatform(KeywordExecutor.groovy:73)
	at com.kms.katalon.core.webui.keyword.WebUiBuiltInKeywords.verifyElementPresent(WebUiBuiltInKeywords.groovy:1444)
	at com.kms.katalon.core.webui.keyword.WebUiBuiltInKeywords$verifyElementPresent$11.call(Unknown Source)
	at ist_real.Contract_Dispatcher.VerifyTblFilled(Contract_Dispatcher.groovy:1313)
	at ist_real.Contract_Dispatcher$VerifyTblFilled$0.call(Unknown Source)
	at RTD.Search_Result_Presents(RTD.groovy:187)
	at cucumber.runtime.Utils$1.call(Utils.java:26)
	at cucumber.runtime.Timeout.timeout(Timeout.java:16)
	at cucumber.runtime.Utils.invoke(Utils.java:20)
	at cucumber.runtime.java.JavaStepDefinition.execute(JavaStepDefinition.java:48)
	at cucumber.runtime.PickleStepDefinitionMatch.runStep(PickleStepDefinitionMatch.java:50)
	at cucumber.runner.TestStep.executeStep(TestStep.java:55)
	at cucumber.runner.TestStep.run(TestStep.java:42)
	at cucumber.runner.PickleStepTestStep.run(PickleStepTestStep.java:53)
	at cucumber.runner.TestCase.run(TestCase.java:47)
	at cucumber.runner.Runner.runPickle(Runner.java:44)
	at cucumber.runtime.Runtime.runFeature(Runtime.java:120)
	at cucumber.runtime.Runtime.run(Runtime.java:106)
	at cucumber.api.cli.Main.run(Main.java:35)
	at cucumber.api.cli.Main$run.call(Unknown Source)
	at com.kms.katalon.core.cucumber.keyword.CucumberBuiltinKeywords$_runFeatureFile_closure1.doCall(CucumberBuiltinKeywords.groovy:76)
	at com.kms.katalon.core.cucumber.keyword.CucumberBuiltinKeywords$_runFeatureFile_closure1.doCall(CucumberBuiltinKeywords.groovy)
	at com.kms.katalon.core.keyword.internal.KeywordMain.runKeyword(KeywordMain.groovy:68)
	at com.kms.katalon.core.keyword.internal.KeywordMain$runKeyword.call(Unknown Source)
	at com.kms.katalon.core.cucumber.keyword.CucumberBuiltinKeywords.runFeatureFile(CucumberBuiltinKeywords.groovy:46)
	at com.kms.katalon.core.cucumber.keyword.CucumberBuiltinKeywords$runFeatureFile$0.callStatic(Unknown Source)
	at com.kms.katalon.core.cucumber.keyword.CucumberBuiltinKeywords.runFeatureFile(CucumberBuiltinKeywords.groovy:169)
	at com.kms.katalon.core.cucumber.keyword.CucumberBuiltinKeywords$runFeatureFile.call(Unknown Source)
	at TC_Search_by_STATUS_Dashboard_for_Risk.run(TC_Search_by_STATUS_Dashboard_for_Risk:18)
	at com.kms.katalon.core.main.ScriptEngine.run(ScriptEngine.java:194)
	at com.kms.katalon.core.main.ScriptEngine.runScriptAsRawText(ScriptEngine.java:119)
	at com.kms.katalon.core.main.TestCaseExecutor.runScript(TestCaseExecutor.java:339)
	at com.kms.katalon.core.main.TestCaseExecutor.doExecute(TestCaseExecutor.java:330)
	at com.kms.katalon.core.main.TestCaseExecutor.processExecutionPhase(TestCaseExecutor.java:309)
	at com.kms.katalon.core.main.TestCaseExecutor.accessMainPhase(TestCaseExecutor.java:301)
	at com.kms.katalon.core.main.TestCaseExecutor.execute(TestCaseExecutor.java:235)
	at com.kms.katalon.core.main.TestSuiteExecutor.accessTestCaseMainPhase(TestSuiteExecutor.java:191)
	at com.kms.katalon.core.main.TestSuiteExecutor.accessTestSuiteMainPhase(TestSuiteExecutor.java:141)
	at com.kms.katalon.core.main.TestSuiteExecutor.execute(TestSuiteExecutor.java:90)
	at com.kms.katalon.core.main.TestCaseMain.startTestSuite(TestCaseMain.java:157)
	at com.kms.katalon.core.main.TestCaseMain$startTestSuite$0.call(Unknown Source)
	at TempTestSuite1611218220524.run(TempTestSuite1611218220524.groovy:39)
)
[[ATTACHMENT|/Users/chaidir.pratama01/Katalon Studio/IST_Automation_Git/Reports/20210121_153655/RTD/TS_Dashboard_for_Risk/20210121_153700/1611219853280.png]]

2021-01-21 16:04:13 - [MESSAGE][PASSED] - Verify Search Result Presents

2021-01-21 16:04:13 - [TEST_STEP][PASSED] - Click button "Logout": Click button "Logout"

2021-01-21 16:04:13 - [MESSAGE][INFO] - >>>>>//Button[contains(text(),'Logout')]

2021-01-21 16:04:16 - [MESSAGE][PASSED] - Object '' is present

2021-01-21 16:04:17 - [MESSAGE][PASSED] - Object: '' is clicked on

2021-01-21 16:04:17 - [MESSAGE][PASSED] - Switched to window with index: '0'

2021-01-21 16:04:17 - [MESSAGE][PASSED] - Click button "Logout"

2021-01-21 16:04:17 - [TEST_STEP][PASSED] - Close browser: Close browser

2021-01-21 16:04:17 - [MESSAGE][PASSED] - Browser is closed

2021-01-21 16:04:17 - [MESSAGE][PASSED] - Close browser

2021-01-21 16:04:17 - [TEST_CASE][PASSED] - Start Test Case : SCENARIO Search by STATUS Failed due to not supported bank: SCENARIO Search by STATUS Failed due to not supported bank

2021-01-21 16:04:17 - [TEST_STEP][PASSED] - Go to ISTools: Go to ISTools

2021-01-21 16:04:17 - [MESSAGE][INFO] - Starting 'Chrome (headless)' driver

2021-01-21 16:04:17 - [MESSAGE][INFO] - User set preference: ['args', '[--start-maximized, --disable-gpu, --no-proxy-server, â€“-no-sandbox, --allow-running-insecure-content, --ignore-certificate-errors, window-size=1680,814, force-device-scale-factor=2, --lang=en-GB]']

2021-01-21 16:04:17 - [MESSAGE][INFO] - User set preference: ['prefs', '{download.default_directory=/Users/chaidir.pratama01/Katalon Studio/IST_Automation_Git/Download}']

2021-01-21 16:04:17 - [MESSAGE][INFO] - Action delay is set to 0 milliseconds

2021-01-21 16:04:17 - [MESSAGE][PASSED] - Browser is opened with url: ''

2021-01-21 16:04:18 - [MESSAGE][PASSED] - Navigate to 'https://dev-istools.homecredit.id/foundation/' successfully

2021-01-21 16:04:18 - [MESSAGE][PASSED] - Go to ISTools

2021-01-21 16:04:18 - [TEST_STEP][PASSED] - Login IST with valid credentials: Login IST with valid credentials

2021-01-21 16:04:18 - [MESSAGE][PASSED] - Text 'mobile.test' is set on object 'Object Repository/Page_/input_Username_j_username'

2021-01-21 16:04:18 - [MESSAGE][PASSED] - Text ****** has been set on object 'Object Repository/Page_/input_Password_j_password'

2021-01-21 16:04:18 - [MESSAGE][PASSED] - Object: 'Object Repository/Page_/button_Login' is clicked on

2021-01-21 16:04:18 - [MESSAGE][PASSED] - Login IST with valid credentials

2021-01-21 16:04:18 - [TEST_STEP][PASSED] - Login Success: Login Success

2021-01-21 16:04:18 - [MESSAGE][INFO] - Login Success

2021-01-21 16:04:18 - [MESSAGE][PASSED] - Current window maximized

2021-01-21 16:04:18 - [MESSAGE][PASSED] - Object 'Object Repository/Page_/h1_Welcome to IT Supporting Tools' is present

2021-01-21 16:04:18 - [MESSAGE][PASSED] - Login Success

2021-01-21 16:04:18 - [TEST_STEP][PASSED] - Select Arrow Menu "Real Time Disbursement": Select Arrow Menu "Real Time Disbursement"

2021-01-21 16:04:18 - [MESSAGE][PASSED] - Object: '' is clicked on

2021-01-21 16:04:18 - [MESSAGE][PASSED] - Select Arrow Menu "Real Time Disbursement"

2021-01-21 16:04:18 - [TEST_STEP][PASSED] - Select Menu "Dashboard for Risk": Select Menu "Dashboard for Risk"

2021-01-21 16:04:19 - [MESSAGE][PASSED] - Taking screenshot successfully
[[ATTACHMENT|/Users/chaidir.pratama01/Documents/Docs/Katalon Studio/Screenshot/test-Dashboard for Risk.png]]

2021-01-21 16:04:19 - [MESSAGE][PASSED] - Object '' is present

2021-01-21 16:04:19 - [MESSAGE][PASSED] - Object: '' is clicked on

2021-01-21 16:04:19 - [MESSAGE][PASSED] - Wait for page load successfully

2021-01-21 16:04:19 - [MESSAGE][PASSED] - Select Menu "Dashboard for Risk"

2021-01-21 16:04:19 - [TEST_STEP][PASSED] - Select STATUS "Failed due to not supported bank": Select STATUS "Failed due to not supported bank"

2021-01-21 16:04:20 - [MESSAGE][PASSED] - All options with value 'Failed due to not supported bank' are selected in object ''  using regular expression

2021-01-21 16:04:20 - [MESSAGE][PASSED] - Select STATUS "Failed due to not supported bank"

2021-01-21 16:04:20 - [TEST_STEP][PASSED] - Click button "Search": Click button "Search"

2021-01-21 16:04:20 - [MESSAGE][INFO] - >>>>>//Button[contains(text(),'Search')]

2021-01-21 16:04:23 - [MESSAGE][PASSED] - Object '' is present

2021-01-21 16:04:23 - [MESSAGE][PASSED] - Object: '' is clicked on

2021-01-21 16:04:23 - [MESSAGE][PASSED] - Switched to window with index: '0'

2021-01-21 16:04:23 - [MESSAGE][PASSED] - Click button "Search"

2021-01-21 16:04:23 - [TEST_STEP][PASSED] - Verify Search Result Presents: Verify Search Result Presents

2021-01-21 16:04:54 - [MESSAGE][INFO] - Unable to find the element located by 'By.xpath: //td[@style='display:none' and contains(text(),'-Empty-')]'. Please recheck the objects properties to make sure the desired element is located. 

2021-01-21 16:04:54 - [MESSAGE][WARNING] - com.kms.katalon.core.webui.exception.WebElementNotFoundException: Web element with id: '' located by '//td[@style='display:none' and contains(text(),'-Empty-')]' not found (Root cause: com.kms.katalon.core.exception.StepFailedException: com.kms.katalon.core.webui.exception.WebElementNotFoundException: Web element with id: '' located by '//td[@style='display:none' and contains(text(),'-Empty-')]' not found
	at com.kms.katalon.core.webui.keyword.internal.WebUIKeywordMain.stepFailed(WebUIKeywordMain.groovy:64)
	at com.kms.katalon.core.webui.keyword.builtin.VerifyElementPresentKeyword$_verifyElementPresent_closure1.doCall(VerifyElementPresentKeyword.groovy:85)
	at com.kms.katalon.core.webui.keyword.builtin.VerifyElementPresentKeyword$_verifyElementPresent_closure1.call(VerifyElementPresentKeyword.groovy)
	at com.kms.katalon.core.webui.keyword.internal.WebUIKeywordMain.runKeyword(WebUIKeywordMain.groovy:20)
	at com.kms.katalon.core.webui.keyword.builtin.VerifyElementPresentKeyword.verifyElementPresent(VerifyElementPresentKeyword.groovy:92)
	at com.kms.katalon.core.webui.keyword.builtin.VerifyElementPresentKeyword.execute(VerifyElementPresentKeyword.groovy:68)
	at com.kms.katalon.core.keyword.internal.KeywordExecutor.executeKeywordForPlatform(KeywordExecutor.groovy:73)
	at com.kms.katalon.core.webui.keyword.WebUiBuiltInKeywords.verifyElementPresent(WebUiBuiltInKeywords.groovy:1444)
	at com.kms.katalon.core.webui.keyword.WebUiBuiltInKeywords$verifyElementPresent$11.call(Unknown Source)
	at ist_real.Contract_Dispatcher.VerifyTblFilled(Contract_Dispatcher.groovy:1313)
	at ist_real.Contract_Dispatcher$VerifyTblFilled$0.call(Unknown Source)
	at RTD.Search_Result_Presents(RTD.groovy:187)
	at cucumber.runtime.Utils$1.call(Utils.java:26)
	at cucumber.runtime.Timeout.timeout(Timeout.java:16)
	at cucumber.runtime.Utils.invoke(Utils.java:20)
	at cucumber.runtime.java.JavaStepDefinition.execute(JavaStepDefinition.java:48)
	at cucumber.runtime.PickleStepDefinitionMatch.runStep(PickleStepDefinitionMatch.java:50)
	at cucumber.runner.TestStep.executeStep(TestStep.java:55)
	at cucumber.runner.TestStep.run(TestStep.java:42)
	at cucumber.runner.PickleStepTestStep.run(PickleStepTestStep.java:53)
	at cucumber.runner.TestCase.run(TestCase.java:47)
	at cucumber.runner.Runner.runPickle(Runner.java:44)
	at cucumber.runtime.Runtime.runFeature(Runtime.java:120)
	at cucumber.runtime.Runtime.run(Runtime.java:106)
	at cucumber.api.cli.Main.run(Main.java:35)
	at cucumber.api.cli.Main$run.call(Unknown Source)
	at com.kms.katalon.core.cucumber.keyword.CucumberBuiltinKeywords$_runFeatureFile_closure1.doCall(CucumberBuiltinKeywords.groovy:76)
	at com.kms.katalon.core.cucumber.keyword.CucumberBuiltinKeywords$_runFeatureFile_closure1.doCall(CucumberBuiltinKeywords.groovy)
	at com.kms.katalon.core.keyword.internal.KeywordMain.runKeyword(KeywordMain.groovy:68)
	at com.kms.katalon.core.keyword.internal.KeywordMain$runKeyword.call(Unknown Source)
	at com.kms.katalon.core.cucumber.keyword.CucumberBuiltinKeywords.runFeatureFile(CucumberBuiltinKeywords.groovy:46)
	at com.kms.katalon.core.cucumber.keyword.CucumberBuiltinKeywords$runFeatureFile$0.callStatic(Unknown Source)
	at com.kms.katalon.core.cucumber.keyword.CucumberBuiltinKeywords.runFeatureFile(CucumberBuiltinKeywords.groovy:169)
	at com.kms.katalon.core.cucumber.keyword.CucumberBuiltinKeywords$runFeatureFile.call(Unknown Source)
	at TC_Search_by_STATUS_Dashboard_for_Risk.run(TC_Search_by_STATUS_Dashboard_for_Risk:18)
	at com.kms.katalon.core.main.ScriptEngine.run(ScriptEngine.java:194)
	at com.kms.katalon.core.main.ScriptEngine.runScriptAsRawText(ScriptEngine.java:119)
	at com.kms.katalon.core.main.TestCaseExecutor.runScript(TestCaseExecutor.java:339)
	at com.kms.katalon.core.main.TestCaseExecutor.doExecute(TestCaseExecutor.java:330)
	at com.kms.katalon.core.main.TestCaseExecutor.processExecutionPhase(TestCaseExecutor.java:309)
	at com.kms.katalon.core.main.TestCaseExecutor.accessMainPhase(TestCaseExecutor.java:301)
	at com.kms.katalon.core.main.TestCaseExecutor.execute(TestCaseExecutor.java:235)
	at com.kms.katalon.core.main.TestSuiteExecutor.accessTestCaseMainPhase(TestSuiteExecutor.java:191)
	at com.kms.katalon.core.main.TestSuiteExecutor.accessTestSuiteMainPhase(TestSuiteExecutor.java:141)
	at com.kms.katalon.core.main.TestSuiteExecutor.execute(TestSuiteExecutor.java:90)
	at com.kms.katalon.core.main.TestCaseMain.startTestSuite(TestCaseMain.java:157)
	at com.kms.katalon.core.main.TestCaseMain$startTestSuite$0.call(Unknown Source)
	at TempTestSuite1611218220524.run(TempTestSuite1611218220524.groovy:39)
)
[[ATTACHMENT|/Users/chaidir.pratama01/Katalon Studio/IST_Automation_Git/Reports/20210121_153655/RTD/TS_Dashboard_for_Risk/20210121_153700/1611219894134.png]]

2021-01-21 16:04:54 - [MESSAGE][PASSED] - Verify Search Result Presents

2021-01-21 16:04:54 - [TEST_STEP][PASSED] - Click button "Logout": Click button "Logout"

2021-01-21 16:04:54 - [MESSAGE][INFO] - >>>>>//Button[contains(text(),'Logout')]

2021-01-21 16:04:57 - [MESSAGE][PASSED] - Object '' is present

2021-01-21 16:04:57 - [MESSAGE][PASSED] - Object: '' is clicked on

2021-01-21 16:04:57 - [MESSAGE][PASSED] - Switched to window with index: '0'

2021-01-21 16:04:57 - [MESSAGE][PASSED] - Click button "Logout"

2021-01-21 16:04:57 - [TEST_STEP][PASSED] - Close browser: Close browser

2021-01-21 16:04:58 - [MESSAGE][PASSED] - Browser is closed

2021-01-21 16:04:58 - [MESSAGE][PASSED] - Close browser

2021-01-21 16:04:58 - [TEST_CASE][PASSED] - Start Test Case : SCENARIO Search by STATUS Manual Disbursement: SCENARIO Search by STATUS Manual Disbursement

2021-01-21 16:04:58 - [TEST_STEP][PASSED] - Go to ISTools: Go to ISTools

2021-01-21 16:04:58 - [MESSAGE][INFO] - Starting 'Chrome (headless)' driver

2021-01-21 16:04:58 - [MESSAGE][INFO] - User set preference: ['args', '[--start-maximized, --disable-gpu, --no-proxy-server, â€“-no-sandbox, --allow-running-insecure-content, --ignore-certificate-errors, window-size=1680,814, force-device-scale-factor=2, --lang=en-GB]']

2021-01-21 16:04:58 - [MESSAGE][INFO] - User set preference: ['prefs', '{download.default_directory=/Users/chaidir.pratama01/Katalon Studio/IST_Automation_Git/Download}']

2021-01-21 16:04:58 - [MESSAGE][INFO] - Action delay is set to 0 milliseconds

2021-01-21 16:04:58 - [MESSAGE][PASSED] - Browser is opened with url: ''

2021-01-21 16:04:59 - [MESSAGE][PASSED] - Navigate to 'https://dev-istools.homecredit.id/foundation/' successfully

2021-01-21 16:04:59 - [MESSAGE][PASSED] - Go to ISTools

2021-01-21 16:04:59 - [TEST_STEP][PASSED] - Login IST with valid credentials: Login IST with valid credentials

2021-01-21 16:04:59 - [MESSAGE][PASSED] - Text 'mobile.test' is set on object 'Object Repository/Page_/input_Username_j_username'

2021-01-21 16:04:59 - [MESSAGE][PASSED] - Text ****** has been set on object 'Object Repository/Page_/input_Password_j_password'

2021-01-21 16:04:59 - [MESSAGE][PASSED] - Object: 'Object Repository/Page_/button_Login' is clicked on

2021-01-21 16:04:59 - [MESSAGE][PASSED] - Login IST with valid credentials

2021-01-21 16:04:59 - [TEST_STEP][PASSED] - Login Success: Login Success

2021-01-21 16:04:59 - [MESSAGE][INFO] - Login Success

2021-01-21 16:05:00 - [MESSAGE][PASSED] - Current window maximized

2021-01-21 16:05:00 - [MESSAGE][PASSED] - Object 'Object Repository/Page_/h1_Welcome to IT Supporting Tools' is present

2021-01-21 16:05:00 - [MESSAGE][PASSED] - Login Success

2021-01-21 16:05:00 - [TEST_STEP][PASSED] - Select Arrow Menu "Real Time Disbursement": Select Arrow Menu "Real Time Disbursement"

2021-01-21 16:05:00 - [MESSAGE][PASSED] - Object: '' is clicked on

2021-01-21 16:05:00 - [MESSAGE][PASSED] - Select Arrow Menu "Real Time Disbursement"

2021-01-21 16:05:00 - [TEST_STEP][PASSED] - Select Menu "Dashboard for Risk": Select Menu "Dashboard for Risk"

2021-01-21 16:05:00 - [MESSAGE][PASSED] - Taking screenshot successfully
[[ATTACHMENT|/Users/chaidir.pratama01/Documents/Docs/Katalon Studio/Screenshot/test-Dashboard for Risk.png]]

2021-01-21 16:05:00 - [MESSAGE][PASSED] - Object '' is present

2021-01-21 16:05:00 - [MESSAGE][PASSED] - Object: '' is clicked on

2021-01-21 16:05:00 - [MESSAGE][PASSED] - Wait for page load successfully

2021-01-21 16:05:00 - [MESSAGE][PASSED] - Select Menu "Dashboard for Risk"

2021-01-21 16:05:00 - [TEST_STEP][PASSED] - Select STATUS "Manual Disbursement": Select STATUS "Manual Disbursement"

2021-01-21 16:05:01 - [MESSAGE][PASSED] - All options with value 'Manual Disbursement' are selected in object ''  using regular expression

2021-01-21 16:05:01 - [MESSAGE][PASSED] - Select STATUS "Manual Disbursement"

2021-01-21 16:05:01 - [TEST_STEP][PASSED] - Click button "Search": Click button "Search"

2021-01-21 16:05:01 - [MESSAGE][INFO] - >>>>>//Button[contains(text(),'Search')]

2021-01-21 16:05:04 - [MESSAGE][PASSED] - Object '' is present

2021-01-21 16:05:04 - [MESSAGE][PASSED] - Object: '' is clicked on

2021-01-21 16:05:04 - [MESSAGE][PASSED] - Switched to window with index: '0'

2021-01-21 16:05:04 - [MESSAGE][PASSED] - Click button "Search"

2021-01-21 16:05:04 - [TEST_STEP][PASSED] - Verify Search Result Presents: Verify Search Result Presents

2021-01-21 16:05:04 - [MESSAGE][PASSED] - Object '' is present

2021-01-21 16:05:13 - [MESSAGE][PASSED] - Verify Search Result Presents

2021-01-21 16:05:13 - [TEST_STEP][PASSED] - Click button "Logout": Click button "Logout"

2021-01-21 16:05:13 - [MESSAGE][INFO] - >>>>>//Button[contains(text(),'Logout')]

2021-01-21 16:05:16 - [MESSAGE][PASSED] - Object '' is present

2021-01-21 16:05:16 - [MESSAGE][PASSED] - Object: '' is clicked on

2021-01-21 16:05:16 - [MESSAGE][PASSED] - Switched to window with index: '0'

2021-01-21 16:05:16 - [MESSAGE][PASSED] - Click button "Logout"

2021-01-21 16:05:16 - [TEST_STEP][PASSED] - Close browser: Close browser

2021-01-21 16:05:16 - [MESSAGE][PASSED] - Browser is closed

2021-01-21 16:05:16 - [MESSAGE][PASSED] - Close browser

2021-01-21 16:05:16 - [TEST_CASE][PASSED] - Start Test Case : SCENARIO Search by STATUS DONE: SCENARIO Search by STATUS DONE

2021-01-21 16:05:16 - [TEST_STEP][PASSED] - Go to ISTools: Go to ISTools

2021-01-21 16:05:16 - [MESSAGE][INFO] - Starting 'Chrome (headless)' driver

2021-01-21 16:05:16 - [MESSAGE][INFO] - User set preference: ['args', '[--start-maximized, --disable-gpu, --no-proxy-server, â€“-no-sandbox, --allow-running-insecure-content, --ignore-certificate-errors, window-size=1680,814, force-device-scale-factor=2, --lang=en-GB]']

2021-01-21 16:05:16 - [MESSAGE][INFO] - User set preference: ['prefs', '{download.default_directory=/Users/chaidir.pratama01/Katalon Studio/IST_Automation_Git/Download}']

2021-01-21 16:05:16 - [MESSAGE][INFO] - Action delay is set to 0 milliseconds

2021-01-21 16:05:17 - [MESSAGE][PASSED] - Browser is opened with url: ''

2021-01-21 16:05:17 - [MESSAGE][PASSED] - Navigate to 'https://dev-istools.homecredit.id/foundation/' successfully

2021-01-21 16:05:17 - [MESSAGE][PASSED] - Go to ISTools

2021-01-21 16:05:17 - [TEST_STEP][PASSED] - Login IST with valid credentials: Login IST with valid credentials

2021-01-21 16:05:18 - [MESSAGE][PASSED] - Text 'mobile.test' is set on object 'Object Repository/Page_/input_Username_j_username'

2021-01-21 16:05:18 - [MESSAGE][PASSED] - Text ****** has been set on object 'Object Repository/Page_/input_Password_j_password'

2021-01-21 16:05:18 - [MESSAGE][PASSED] - Object: 'Object Repository/Page_/button_Login' is clicked on

2021-01-21 16:05:18 - [MESSAGE][PASSED] - Login IST with valid credentials

2021-01-21 16:05:18 - [TEST_STEP][PASSED] - Login Success: Login Success

2021-01-21 16:05:18 - [MESSAGE][INFO] - Login Success

2021-01-21 16:05:18 - [MESSAGE][PASSED] - Current window maximized

2021-01-21 16:05:18 - [MESSAGE][PASSED] - Object 'Object Repository/Page_/h1_Welcome to IT Supporting Tools' is present

2021-01-21 16:05:18 - [MESSAGE][PASSED] - Login Success

2021-01-21 16:05:18 - [TEST_STEP][PASSED] - Select Arrow Menu "Real Time Disbursement": Select Arrow Menu "Real Time Disbursement"

2021-01-21 16:05:18 - [MESSAGE][PASSED] - Object: '' is clicked on

2021-01-21 16:05:18 - [MESSAGE][PASSED] - Select Arrow Menu "Real Time Disbursement"

2021-01-21 16:05:18 - [TEST_STEP][PASSED] - Select Menu "Dashboard for Risk": Select Menu "Dashboard for Risk"

2021-01-21 16:05:19 - [MESSAGE][PASSED] - Taking screenshot successfully
[[ATTACHMENT|/Users/chaidir.pratama01/Documents/Docs/Katalon Studio/Screenshot/test-Dashboard for Risk.png]]

2021-01-21 16:05:19 - [MESSAGE][PASSED] - Object '' is present

2021-01-21 16:05:19 - [MESSAGE][PASSED] - Object: '' is clicked on

2021-01-21 16:05:19 - [MESSAGE][PASSED] - Wait for page load successfully

2021-01-21 16:05:19 - [MESSAGE][PASSED] - Select Menu "Dashboard for Risk"

2021-01-21 16:05:19 - [TEST_STEP][PASSED] - Select STATUS "DONE": Select STATUS "DONE"

2021-01-21 16:05:19 - [MESSAGE][PASSED] - All options with value 'DONE' are selected in object ''  using regular expression

2021-01-21 16:05:19 - [MESSAGE][PASSED] - Select STATUS "DONE"

2021-01-21 16:05:19 - [TEST_STEP][PASSED] - Click button "Search": Click button "Search"

2021-01-21 16:05:19 - [MESSAGE][INFO] - >>>>>//Button[contains(text(),'Search')]

2021-01-21 16:05:22 - [MESSAGE][PASSED] - Object '' is present

2021-01-21 16:05:22 - [MESSAGE][PASSED] - Object: '' is clicked on

2021-01-21 16:05:22 - [MESSAGE][PASSED] - Switched to window with index: '0'

2021-01-21 16:05:22 - [MESSAGE][PASSED] - Click button "Search"

2021-01-21 16:05:22 - [TEST_STEP][PASSED] - Verify Search Result Presents: Verify Search Result Presents

2021-01-21 16:05:23 - [MESSAGE][PASSED] - Object '' is present

2021-01-21 16:05:32 - [MESSAGE][PASSED] - Verify Search Result Presents

2021-01-21 16:05:32 - [TEST_STEP][PASSED] - Click button "Logout": Click button "Logout"

2021-01-21 16:05:32 - [MESSAGE][INFO] - >>>>>//Button[contains(text(),'Logout')]

2021-01-21 16:05:35 - [MESSAGE][PASSED] - Object '' is present

2021-01-21 16:05:35 - [MESSAGE][PASSED] - Object: '' is clicked on

2021-01-21 16:05:35 - [MESSAGE][PASSED] - Switched to window with index: '0'

2021-01-21 16:05:35 - [MESSAGE][PASSED] - Click button "Logout"

2021-01-21 16:05:35 - [TEST_STEP][PASSED] - Close browser: Close browser

2021-01-21 16:05:35 - [MESSAGE][PASSED] - Browser is closed

2021-01-21 16:05:35 - [MESSAGE][PASSED] - Close browser

2021-01-21 16:05:35 - [TEST_CASE][PASSED] - Start Test Case : SCENARIO Search by STATUS Success to Disburse: SCENARIO Search by STATUS Success to Disburse

2021-01-21 16:05:35 - [TEST_STEP][PASSED] - Go to ISTools: Go to ISTools

2021-01-21 16:05:35 - [MESSAGE][INFO] - Starting 'Chrome (headless)' driver

2021-01-21 16:05:35 - [MESSAGE][INFO] - User set preference: ['args', '[--start-maximized, --disable-gpu, --no-proxy-server, â€“-no-sandbox, --allow-running-insecure-content, --ignore-certificate-errors, window-size=1680,814, force-device-scale-factor=2, --lang=en-GB]']

2021-01-21 16:05:35 - [MESSAGE][INFO] - User set preference: ['prefs', '{download.default_directory=/Users/chaidir.pratama01/Katalon Studio/IST_Automation_Git/Download}']

2021-01-21 16:05:35 - [MESSAGE][INFO] - Action delay is set to 0 milliseconds

2021-01-21 16:05:35 - [MESSAGE][PASSED] - Browser is opened with url: ''

2021-01-21 16:05:36 - [MESSAGE][PASSED] - Navigate to 'https://dev-istools.homecredit.id/foundation/' successfully

2021-01-21 16:05:36 - [MESSAGE][PASSED] - Go to ISTools

2021-01-21 16:05:36 - [TEST_STEP][PASSED] - Login IST with valid credentials: Login IST with valid credentials

2021-01-21 16:05:36 - [MESSAGE][PASSED] - Text 'mobile.test' is set on object 'Object Repository/Page_/input_Username_j_username'

2021-01-21 16:05:36 - [MESSAGE][PASSED] - Text ****** has been set on object 'Object Repository/Page_/input_Password_j_password'

2021-01-21 16:05:37 - [MESSAGE][PASSED] - Object: 'Object Repository/Page_/button_Login' is clicked on

2021-01-21 16:05:37 - [MESSAGE][PASSED] - Login IST with valid credentials

2021-01-21 16:05:37 - [TEST_STEP][PASSED] - Login Success: Login Success

2021-01-21 16:05:37 - [MESSAGE][INFO] - Login Success

2021-01-21 16:05:37 - [MESSAGE][PASSED] - Current window maximized

2021-01-21 16:05:37 - [MESSAGE][PASSED] - Object 'Object Repository/Page_/h1_Welcome to IT Supporting Tools' is present

2021-01-21 16:05:37 - [MESSAGE][PASSED] - Login Success

2021-01-21 16:05:37 - [TEST_STEP][PASSED] - Select Arrow Menu "Real Time Disbursement": Select Arrow Menu "Real Time Disbursement"

2021-01-21 16:05:37 - [MESSAGE][PASSED] - Object: '' is clicked on

2021-01-21 16:05:37 - [MESSAGE][PASSED] - Select Arrow Menu "Real Time Disbursement"

2021-01-21 16:05:37 - [TEST_STEP][PASSED] - Select Menu "Dashboard for Risk": Select Menu "Dashboard for Risk"

2021-01-21 16:05:37 - [MESSAGE][PASSED] - Taking screenshot successfully
[[ATTACHMENT|/Users/chaidir.pratama01/Documents/Docs/Katalon Studio/Screenshot/test-Dashboard for Risk.png]]

2021-01-21 16:05:37 - [MESSAGE][PASSED] - Object '' is present

2021-01-21 16:05:37 - [MESSAGE][PASSED] - Object: '' is clicked on

2021-01-21 16:05:38 - [MESSAGE][PASSED] - Wait for page load successfully

2021-01-21 16:05:38 - [MESSAGE][PASSED] - Select Menu "Dashboard for Risk"

2021-01-21 16:05:38 - [TEST_STEP][PASSED] - Select STATUS "Success to Disburse": Select STATUS "Success to Disburse"

2021-01-21 16:05:38 - [MESSAGE][PASSED] - All options with value 'Success to Disburse' are selected in object ''  using regular expression

2021-01-21 16:05:38 - [MESSAGE][PASSED] - Select STATUS "Success to Disburse"

2021-01-21 16:05:38 - [TEST_STEP][PASSED] - Click button "Search": Click button "Search"

2021-01-21 16:05:38 - [MESSAGE][INFO] - >>>>>//Button[contains(text(),'Search')]

2021-01-21 16:05:41 - [MESSAGE][PASSED] - Object '' is present

2021-01-21 16:05:41 - [MESSAGE][PASSED] - Object: '' is clicked on

2021-01-21 16:05:41 - [MESSAGE][PASSED] - Switched to window with index: '0'

2021-01-21 16:05:41 - [MESSAGE][PASSED] - Click button "Search"

2021-01-21 16:05:41 - [TEST_STEP][PASSED] - Verify Search Result Presents: Verify Search Result Presents

2021-01-21 16:05:41 - [MESSAGE][PASSED] - Object '' is present

2021-01-21 16:05:42 - [MESSAGE][PASSED] - Verify Search Result Presents

2021-01-21 16:05:42 - [TEST_STEP][PASSED] - Click button "Logout": Click button "Logout"

2021-01-21 16:05:42 - [MESSAGE][INFO] - >>>>>//Button[contains(text(),'Logout')]

2021-01-21 16:05:45 - [MESSAGE][PASSED] - Object '' is present

2021-01-21 16:05:45 - [MESSAGE][PASSED] - Object: '' is clicked on

2021-01-21 16:05:45 - [MESSAGE][PASSED] - Switched to window with index: '0'

2021-01-21 16:05:45 - [MESSAGE][PASSED] - Click button "Logout"

2021-01-21 16:05:45 - [TEST_STEP][PASSED] - Close browser: Close browser

2021-01-21 16:05:45 - [MESSAGE][PASSED] - Browser is closed

2021-01-21 16:05:45 - [MESSAGE][PASSED] - Close browser

2021-01-21 16:05:45 - [MESSAGE][PASSED] - Feature file: 'Include/features/IST_Real/RTD/Dashboard_for_Risk/Search_by_STATUS_Dashboard_for_Risk.feature' was passed]]></system-out>
         <system-err><![CDATA[]]></system-err>
      </testcase>
      <testcase name="Test Cases/RTD/Dashboard for Risk/TC_Search_by_Contract_Number_Dashboard_for_Risk" time="7.176" classname="Test Cases/RTD/Dashboard for Risk/TC_Search_by_Contract_Number_Dashboard_for_Risk" status="PASSED">
         <system-out><![CDATA[2021-01-21 16:05:45 - [TEST_CASE][PASSED] - Test Cases/RTD/Dashboard for Risk/TC_Search_by_Contract_Number_Dashboard_for_Risk: Test Cases/RTD/Dashboard for Risk/TC_Search_by_Contract_Number_Dashboard_for_Risk

2021-01-21 16:05:45 - [TEST_STEP][PASSED] - runFeatureFile("Include/features/IST_Real/RTD/Dashboard_for_Risk/Search_by_Contract_Number_Dashboard_for_Risk.feature"): Feature file: 'Include/features/IST_Real/RTD/Dashboard_for_Risk/Search_by_Contract_Number_Dashboard_for_Risk.feature' was passed

2021-01-21 16:05:45 - [MESSAGE][INFO] - Starting run keyword runFeatureFile: 'Include/features/IST_Real/RTD/Dashboard_for_Risk/Search_by_Contract_Number_Dashboard_for_Risk.feature' and extract report to folder: '/Users/chaidir.pratama01/Katalon Studio/IST_Automation_Git/Reports/20210121_153655/RTD/TS_Dashboard_for_Risk/20210121_153700/cucumber_report/1611219945718'...

2021-01-21 16:05:45 - [TEST_CASE][PASSED] - Start Test Case : SCENARIO Search by Contract Number and it found on Dashboard: SCENARIO Search by Contract Number and it found on Dashboard

2021-01-21 16:05:45 - [TEST_STEP][PASSED] - Go to ISTools: Go to ISTools

2021-01-21 16:05:45 - [MESSAGE][INFO] - Starting 'Chrome (headless)' driver

2021-01-21 16:05:45 - [MESSAGE][INFO] - User set preference: ['args', '[--start-maximized, --disable-gpu, --no-proxy-server, â€“-no-sandbox, --allow-running-insecure-content, --ignore-certificate-errors, window-size=1680,814, force-device-scale-factor=2, --lang=en-GB]']

2021-01-21 16:05:45 - [MESSAGE][INFO] - User set preference: ['prefs', '{download.default_directory=/Users/chaidir.pratama01/Katalon Studio/IST_Automation_Git/Download}']

2021-01-21 16:05:45 - [MESSAGE][INFO] - Action delay is set to 0 milliseconds

2021-01-21 16:05:46 - [MESSAGE][PASSED] - Browser is opened with url: ''

2021-01-21 16:05:46 - [MESSAGE][PASSED] - Navigate to 'https://dev-istools.homecredit.id/foundation/' successfully

2021-01-21 16:05:46 - [MESSAGE][PASSED] - Go to ISTools

2021-01-21 16:05:46 - [TEST_STEP][PASSED] - Login IST with valid credentials: Login IST with valid credentials

2021-01-21 16:05:47 - [MESSAGE][PASSED] - Text 'mobile.test' is set on object 'Object Repository/Page_/input_Username_j_username'

2021-01-21 16:05:47 - [MESSAGE][PASSED] - Text ****** has been set on object 'Object Repository/Page_/input_Password_j_password'

2021-01-21 16:05:47 - [MESSAGE][PASSED] - Object: 'Object Repository/Page_/button_Login' is clicked on

2021-01-21 16:05:47 - [MESSAGE][PASSED] - Login IST with valid credentials

2021-01-21 16:05:47 - [TEST_STEP][PASSED] - Login Success: Login Success

2021-01-21 16:05:47 - [MESSAGE][INFO] - Login Success

2021-01-21 16:05:47 - [MESSAGE][PASSED] - Current window maximized

2021-01-21 16:05:47 - [MESSAGE][PASSED] - Object 'Object Repository/Page_/h1_Welcome to IT Supporting Tools' is present

2021-01-21 16:05:47 - [MESSAGE][PASSED] - Login Success

2021-01-21 16:05:47 - [TEST_STEP][PASSED] - Select Arrow Menu "Real Time Disbursement": Select Arrow Menu "Real Time Disbursement"

2021-01-21 16:05:47 - [MESSAGE][PASSED] - Object: '' is clicked on

2021-01-21 16:05:47 - [MESSAGE][PASSED] - Select Arrow Menu "Real Time Disbursement"

2021-01-21 16:05:47 - [TEST_STEP][PASSED] - Select Menu "Dashboard for Risk": Select Menu "Dashboard for Risk"

2021-01-21 16:05:48 - [MESSAGE][PASSED] - Taking screenshot successfully
[[ATTACHMENT|/Users/chaidir.pratama01/Documents/Docs/Katalon Studio/Screenshot/test-Dashboard for Risk.png]]

2021-01-21 16:05:48 - [MESSAGE][PASSED] - Object '' is present

2021-01-21 16:05:48 - [MESSAGE][PASSED] - Object: '' is clicked on

2021-01-21 16:05:48 - [MESSAGE][PASSED] - Wait for page load successfully

2021-01-21 16:05:48 - [MESSAGE][PASSED] - Select Menu "Dashboard for Risk"

2021-01-21 16:05:48 - [TEST_STEP][PASSED] - Input Contract RTD in Contract Number label: Input Contract RTD in Contract Number label

2021-01-21 16:05:48 - [MESSAGE][PASSED] - Text '4000014162' is set on object ''

2021-01-21 16:05:48 - [MESSAGE][PASSED] - Input Contract RTD in Contract Number label

2021-01-21 16:05:48 - [TEST_STEP][PASSED] - Click button "Search": Click button "Search"

2021-01-21 16:05:48 - [MESSAGE][INFO] - >>>>>//Button[contains(text(),'Search')]

2021-01-21 16:05:51 - [MESSAGE][PASSED] - Object '' is present

2021-01-21 16:05:51 - [MESSAGE][PASSED] - Object: '' is clicked on

2021-01-21 16:05:51 - [MESSAGE][PASSED] - Switched to window with index: '0'

2021-01-21 16:05:51 - [MESSAGE][PASSED] - Click button "Search"

2021-01-21 16:05:51 - [TEST_STEP][PASSED] - Verify Search Result Presents: Verify Search Result Presents

2021-01-21 16:05:52 - [MESSAGE][PASSED] - Object '' is present

2021-01-21 16:05:52 - [MESSAGE][PASSED] - Verify Search Result Presents

2021-01-21 16:05:52 - [MESSAGE][PASSED] - Feature file: 'Include/features/IST_Real/RTD/Dashboard_for_Risk/Search_by_Contract_Number_Dashboard_for_Risk.feature' was passed]]></system-out>
         <system-err><![CDATA[]]></system-err>
      </testcase>
      <system-out><![CDATA[2021-01-21 16:01:19 - [TEST_SUITE][FAILED] - TS_Dashboard_for_Risk: Test Cases/RTD/Dashboard for Risk/TC_View_Detail_Dashboard_for_Risk FAILED.
Reason:
com.kms.katalon.core.exception.StepFailedException: Feature file 'Include/features/IST_Real/RTD/Dashboard_for_Risk/View_Detail_Dashboard_for_Risk.feature' was failed
	at com.kms.katalon.core.keyword.internal.KeywordMain.stepFailed(KeywordMain.groovy:50)
	at com.kms.katalon.core.keyword.internal.KeywordMain.stepFailed(KeywordMain.groovy)
	at com.kms.katalon.core.keyword.internal.KeywordMain.stepFailed(KeywordMain.groovy:23)
	at com.kms.katalon.core.keyword.internal.KeywordMain$stepFailed$0.call(Unknown Source)
	at com.kms.katalon.core.cucumber.keyword.CucumberBuiltinKeywords$_runFeatureFile_closure1.doCall(CucumberBuiltinKeywords.groovy:82)
	at com.kms.katalon.core.cucumber.keyword.CucumberBuiltinKeywords$_runFeatureFile_closure1.doCall(CucumberBuiltinKeywords.groovy)
	at com.kms.katalon.core.keyword.internal.KeywordMain.runKeyword(KeywordMain.groovy:68)
	at com.kms.katalon.core.keyword.internal.KeywordMain$runKeyword.call(Unknown Source)
	at com.kms.katalon.core.cucumber.keyword.CucumberBuiltinKeywords.runFeatureFile(CucumberBuiltinKeywords.groovy:46)
	at com.kms.katalon.core.cucumber.keyword.CucumberBuiltinKeywords$runFeatureFile$0.callStatic(Unknown Source)
	at com.kms.katalon.core.cucumber.keyword.CucumberBuiltinKeywords.runFeatureFile(CucumberBuiltinKeywords.groovy:169)
	at com.kms.katalon.core.cucumber.keyword.CucumberBuiltinKeywords$runFeatureFile.call(Unknown Source)
	at TC_View_Detail_Dashboard_for_Risk.run(TC_View_Detail_Dashboard_for_Risk:18)
	at com.kms.katalon.core.main.ScriptEngine.run(ScriptEngine.java:194)
	at com.kms.katalon.core.main.ScriptEngine.runScriptAsRawText(ScriptEngine.java:119)
	at com.kms.katalon.core.main.TestCaseExecutor.runScript(TestCaseExecutor.java:339)
	at com.kms.katalon.core.main.TestCaseExecutor.doExecute(TestCaseExecutor.java:330)
	at com.kms.katalon.core.main.TestCaseExecutor.processExecutionPhase(TestCaseExecutor.java:309)
	at com.kms.katalon.core.main.TestCaseExecutor.accessMainPhase(TestCaseExecutor.java:301)
	at com.kms.katalon.core.main.TestCaseExecutor.execute(TestCaseExecutor.java:235)
	at com.kms.katalon.core.main.TestSuiteExecutor.accessTestCaseMainPhase(TestSuiteExecutor.java:191)
	at com.kms.katalon.core.main.TestSuiteExecutor.accessTestSuiteMainPhase(TestSuiteExecutor.java:141)
	at com.kms.katalon.core.main.TestSuiteExecutor.execute(TestSuiteExecutor.java:90)
	at com.kms.katalon.core.main.TestCaseMain.startTestSuite(TestCaseMain.java:157)
	at com.kms.katalon.core.main.TestCaseMain$startTestSuite$0.call(Unknown Source)
	at TempTestSuite1611218220524.run(TempTestSuite1611218220524.groovy:39)]]></system-out>
      <system-err><![CDATA[2021-01-21 16:01:19 - [TEST_SUITE][FAILED] - TS_Dashboard_for_Risk: Test Cases/RTD/Dashboard for Risk/TC_View_Detail_Dashboard_for_Risk FAILED.
Reason:
com.kms.katalon.core.exception.StepFailedException: Feature file 'Include/features/IST_Real/RTD/Dashboard_for_Risk/View_Detail_Dashboard_for_Risk.feature' was failed
	at com.kms.katalon.core.keyword.internal.KeywordMain.stepFailed(KeywordMain.groovy:50)
	at com.kms.katalon.core.keyword.internal.KeywordMain.stepFailed(KeywordMain.groovy)
	at com.kms.katalon.core.keyword.internal.KeywordMain.stepFailed(KeywordMain.groovy:23)
	at com.kms.katalon.core.keyword.internal.KeywordMain$stepFailed$0.call(Unknown Source)
	at com.kms.katalon.core.cucumber.keyword.CucumberBuiltinKeywords$_runFeatureFile_closure1.doCall(CucumberBuiltinKeywords.groovy:82)
	at com.kms.katalon.core.cucumber.keyword.CucumberBuiltinKeywords$_runFeatureFile_closure1.doCall(CucumberBuiltinKeywords.groovy)
	at com.kms.katalon.core.keyword.internal.KeywordMain.runKeyword(KeywordMain.groovy:68)
	at com.kms.katalon.core.keyword.internal.KeywordMain$runKeyword.call(Unknown Source)
	at com.kms.katalon.core.cucumber.keyword.CucumberBuiltinKeywords.runFeatureFile(CucumberBuiltinKeywords.groovy:46)
	at com.kms.katalon.core.cucumber.keyword.CucumberBuiltinKeywords$runFeatureFile$0.callStatic(Unknown Source)
	at com.kms.katalon.core.cucumber.keyword.CucumberBuiltinKeywords.runFeatureFile(CucumberBuiltinKeywords.groovy:169)
	at com.kms.katalon.core.cucumber.keyword.CucumberBuiltinKeywords$runFeatureFile.call(Unknown Source)
	at TC_View_Detail_Dashboard_for_Risk.run(TC_View_Detail_Dashboard_for_Risk:18)
	at com.kms.katalon.core.main.ScriptEngine.run(ScriptEngine.java:194)
	at com.kms.katalon.core.main.ScriptEngine.runScriptAsRawText(ScriptEngine.java:119)
	at com.kms.katalon.core.main.TestCaseExecutor.runScript(TestCaseExecutor.java:339)
	at com.kms.katalon.core.main.TestCaseExecutor.doExecute(TestCaseExecutor.java:330)
	at com.kms.katalon.core.main.TestCaseExecutor.processExecutionPhase(TestCaseExecutor.java:309)
	at com.kms.katalon.core.main.TestCaseExecutor.accessMainPhase(TestCaseExecutor.java:301)
	at com.kms.katalon.core.main.TestCaseExecutor.execute(TestCaseExecutor.java:235)
	at com.kms.katalon.core.main.TestSuiteExecutor.accessTestCaseMainPhase(TestSuiteExecutor.java:191)
	at com.kms.katalon.core.main.TestSuiteExecutor.accessTestSuiteMainPhase(TestSuiteExecutor.java:141)
	at com.kms.katalon.core.main.TestSuiteExecutor.execute(TestSuiteExecutor.java:90)
	at com.kms.katalon.core.main.TestCaseMain.startTestSuite(TestCaseMain.java:157)
	at com.kms.katalon.core.main.TestCaseMain$startTestSuite$0.call(Unknown Source)
	at TempTestSuite1611218220524.run(TempTestSuite1611218220524.groovy:39)]]></system-err>
   </testsuite>
   <testsuite name="TS_Partner_Disbursement" tests="5" failures="1" errors="0" time="519.595" timestamp="2021-01-21 16:06:06" hostname="chaidir.pratama01 - 192.168.1.2" id="Test Suites/RTD/TS_Partner_Disbursement">
      <properties>
         <property name="deviceName" value=""/>
         <property name="devicePlatform" value=""/>
         <property name="logFolder" value="/Users/chaidir.pratama01/Katalon Studio/IST_Automation_Git/Reports/20210121_153655/RTD/TS_Partner_Disbursement/20210121_153701"/>
         <property name="logFiles" value="/Users/chaidir.pratama01/Katalon Studio/IST_Automation_Git/Reports/20210121_153655/RTD/TS_Partner_Disbursement/20210121_153701/execution0.log"/>
         <property name="attachments" value="/Users/chaidir.pratama01/Documents/Docs/Katalon Studio/Screenshot/test-Partner Disbursement.png, /Users/chaidir.pratama01/Documents/Docs/Katalon Studio/Screenshot/test-Partner Disbursement.png, /Users/chaidir.pratama01/Katalon Studio/IST_Automation_Git/Reports/20210121_153655/RTD/TS_Partner_Disbursement/20210121_153701/1611220017615.png, /Users/chaidir.pratama01/Documents/Docs/Katalon Studio/Screenshot/test-Partner Disbursement.png, /Users/chaidir.pratama01/Katalon Studio/IST_Automation_Git/Reports/20210121_153655/RTD/TS_Partner_Disbursement/20210121_153701/1611220059873.png, /Users/chaidir.pratama01/Documents/Docs/Katalon Studio/Screenshot/test-Partner Disbursement.png, /Users/chaidir.pratama01/Katalon Studio/IST_Automation_Git/Reports/20210121_153655/RTD/TS_Partner_Disbursement/20210121_153701/1611220101184.png, /Users/chaidir.pratama01/Documents/Docs/Katalon Studio/Screenshot/test-Partner Disbursement.png, /Users/chaidir.pratama01/Documents/Docs/Katalon Studio/Screenshot/test-Partner Disbursement.png, /Users/chaidir.pratama01/Katalon Studio/IST_Automation_Git/Reports/20210121_153655/RTD/TS_Partner_Disbursement/20210121_153701/1611220156094.png, /Users/chaidir.pratama01/Documents/Docs/Katalon Studio/Screenshot/test-Partner Disbursement.png, /Users/chaidir.pratama01/Documents/Docs/Katalon Studio/Screenshot/test-Partner Disbursement.png, /Users/chaidir.pratama01/Katalon Studio/IST_Automation_Git/Reports/20210121_153655/RTD/TS_Partner_Disbursement/20210121_153701/1611220207962.png, /Users/chaidir.pratama01/Documents/Docs/Katalon Studio/Screenshot/test-Partner Disbursement.png, /Users/chaidir.pratama01/Katalon Studio/IST_Automation_Git/Reports/20210121_153655/RTD/TS_Partner_Disbursement/20210121_153701/1611220249343.png, /Users/chaidir.pratama01/Documents/Docs/Katalon Studio/Screenshot/test-Partner Disbursement.png, /Users/chaidir.pratama01/Documents/Docs/Katalon Studio/Screenshot/test-Partner Disbursement.png, /Users/chaidir.pratama01/Documents/Docs/Katalon Studio/Screenshot/test-Partner Disbursement.png, /Users/chaidir.pratama01/Katalon Studio/IST_Automation_Git/Reports/20210121_153655/RTD/TS_Partner_Disbursement/20210121_153701/1611220328103.png, /Users/chaidir.pratama01/Documents/Docs/Katalon Studio/Screenshot/test-Partner Disbursement.png, /Users/chaidir.pratama01/Katalon Studio/IST_Automation_Git/Reports/20210121_153655/RTD/TS_Partner_Disbursement/20210121_153701/1611220369133.png, /Users/chaidir.pratama01/Documents/Docs/Katalon Studio/Screenshot/test-Partner Disbursement.png, /Users/chaidir.pratama01/Documents/Docs/Katalon Studio/Screenshot/test-Partner Disbursement.png, /Users/chaidir.pratama01/Documents/Docs/Katalon Studio/Screenshot/test-Partner Disbursement.png, /Users/chaidir.pratama01/Katalon Studio/IST_Automation_Git/Reports/20210121_153655/RTD/TS_Partner_Disbursement/20210121_153701/1611220438991.png, /Users/chaidir.pratama01/Documents/Docs/Katalon Studio/Screenshot/test-Partner Disbursement.png, /Users/chaidir.pratama01/Documents/Docs/Katalon Studio/Screenshot/Download_data.png, /Users/chaidir.pratama01/Documents/Docs/Katalon Studio/Screenshot/test-Partner Disbursement.png, /Users/chaidir.pratama01/Katalon Studio/IST_Automation_Git/Reports/20210121_153655/RTD/TS_Partner_Disbursement/20210121_153701/1611220455586.png, /Users/chaidir.pratama01/Documents/Docs/Katalon Studio/Screenshot/test-Partner Disbursement.png, /Users/chaidir.pratama01/Documents/Docs/Katalon Studio/Screenshot/test-Partner Disbursement.png"/>
         <property name="hostName" value="chaidir.pratama01 - 192.168.1.2"/>
         <property name="os" value="Mac OS X 64bit"/>
         <property name="katalonVersion" value="7.6.0.${buildNumber}"/>
         <property name="browser" value="Chrome 87.0.4280.141"/>
         <property name="hostAddress" value="192.168.1.2"/>
         <property name="sessionId" value="b6f37e0ffce44aaa3fa51eda3b9775d6"/>
         <property name="seleniumVersion" value="3.141.59"/>
         <property name="proxyInformation" value="ProxyInformation { proxyOption=NO_PROXY, proxyServerType=HTTP, username=, password=********, proxyServerAddress=, proxyServerPort=0, executionList=\&quot;\&quot;, isApplyToDesiredCapabilities=true }"/>
         <property name="platform" value="Mac OS X"/>
      </properties>
      <testcase name="Test Cases/RTD/Partner Disbursement/TC_Search_by_STATUS" time="476.173" classname="Test Cases/RTD/Partner Disbursement/TC_Search_by_STATUS" status="PASSED">
         <system-out><![CDATA[2021-01-21 16:06:06 - [TEST_CASE][PASSED] - Test Cases/RTD/Partner Disbursement/TC_Search_by_STATUS: Test Cases/RTD/Partner Disbursement/TC_Search_by_STATUS

2021-01-21 16:06:06 - [TEST_STEP][PASSED] - runFeatureFile("Include/features/IST_Real/RTD/Partner_Disbursement/Search_by_STATUS.feature"): Feature file: 'Include/features/IST_Real/RTD/Partner_Disbursement/Search_by_STATUS.feature' was passed

2021-01-21 16:06:06 - [MESSAGE][INFO] - Starting run keyword runFeatureFile: 'Include/features/IST_Real/RTD/Partner_Disbursement/Search_by_STATUS.feature' and extract report to folder: '/Users/chaidir.pratama01/Katalon Studio/IST_Automation_Git/Reports/20210121_153655/RTD/TS_Partner_Disbursement/20210121_153701/cucumber_report/1611219966924'...

2021-01-21 16:06:07 - [TEST_CASE][PASSED] - Start Test Case : SCENARIO Search by STATUS Eligible to Disburse: SCENARIO Search by STATUS Eligible to Disburse

2021-01-21 16:06:07 - [TEST_STEP][PASSED] - Go to ISTools: Go to ISTools

2021-01-21 16:06:07 - [MESSAGE][INFO] - Starting 'Chrome (headless)' driver

2021-01-21 16:06:07 - [MESSAGE][INFO] - User set preference: ['args', '[--start-maximized, --disable-gpu, --no-proxy-server, â€“-no-sandbox, --allow-running-insecure-content, --ignore-certificate-errors, window-size=1680,814, force-device-scale-factor=2, --lang=en-GB]']

2021-01-21 16:06:07 - [MESSAGE][INFO] - User set preference: ['prefs', '{download.default_directory=/Users/chaidir.pratama01/Katalon Studio/IST_Automation_Git/Download}']

2021-01-21 16:06:07 - [MESSAGE][INFO] - Action delay is set to 0 milliseconds

2021-01-21 16:06:08 - [MESSAGE][PASSED] - Browser is opened with url: ''

2021-01-21 16:06:10 - [MESSAGE][PASSED] - Navigate to 'https://dev-istools.homecredit.id/foundation/' successfully

2021-01-21 16:06:10 - [MESSAGE][PASSED] - Go to ISTools

2021-01-21 16:06:10 - [TEST_STEP][PASSED] - Login IST with valid credentials: Login IST with valid credentials

2021-01-21 16:06:10 - [MESSAGE][PASSED] - Text 'mobile.test' is set on object 'Object Repository/Page_/input_Username_j_username'

2021-01-21 16:06:10 - [MESSAGE][PASSED] - Text ****** has been set on object 'Object Repository/Page_/input_Password_j_password'

2021-01-21 16:06:11 - [MESSAGE][PASSED] - Object: 'Object Repository/Page_/button_Login' is clicked on

2021-01-21 16:06:11 - [MESSAGE][PASSED] - Login IST with valid credentials

2021-01-21 16:06:11 - [TEST_STEP][PASSED] - Login Success: Login Success

2021-01-21 16:06:11 - [MESSAGE][INFO] - Login Success

2021-01-21 16:06:11 - [MESSAGE][PASSED] - Current window maximized

2021-01-21 16:06:11 - [MESSAGE][PASSED] - Object 'Object Repository/Page_/h1_Welcome to IT Supporting Tools' is present

2021-01-21 16:06:11 - [MESSAGE][PASSED] - Login Success

2021-01-21 16:06:11 - [TEST_STEP][PASSED] - Select Arrow Menu "Real Time Disbursement": Select Arrow Menu "Real Time Disbursement"

2021-01-21 16:06:11 - [MESSAGE][PASSED] - Object: '' is clicked on

2021-01-21 16:06:11 - [MESSAGE][PASSED] - Select Arrow Menu "Real Time Disbursement"

2021-01-21 16:06:11 - [TEST_STEP][PASSED] - Select Menu "Partner Disbursement": Select Menu "Partner Disbursement"

2021-01-21 16:06:12 - [MESSAGE][PASSED] - Taking screenshot successfully
[[ATTACHMENT|/Users/chaidir.pratama01/Documents/Docs/Katalon Studio/Screenshot/test-Partner Disbursement.png]]

2021-01-21 16:06:12 - [MESSAGE][PASSED] - Object '' is present

2021-01-21 16:06:12 - [MESSAGE][PASSED] - Object: '' is clicked on

2021-01-21 16:06:12 - [MESSAGE][PASSED] - Wait for page load successfully

2021-01-21 16:06:12 - [MESSAGE][PASSED] - Select Menu "Partner Disbursement"

2021-01-21 16:06:12 - [TEST_STEP][PASSED] - Select STATUS "Eligible to disburse": Select STATUS "Eligible to disburse"

2021-01-21 16:06:12 - [MESSAGE][PASSED] - All options with value 'Eligible to disburse' are selected in object ''  using regular expression

2021-01-21 16:06:12 - [MESSAGE][PASSED] - Select STATUS "Eligible to disburse"

2021-01-21 16:06:12 - [TEST_STEP][PASSED] - Click button "Search": Click button "Search"

2021-01-21 16:06:12 - [MESSAGE][INFO] - >>>>>//Button[contains(text(),'Search')]

2021-01-21 16:06:15 - [MESSAGE][PASSED] - Object '' is present

2021-01-21 16:06:15 - [MESSAGE][PASSED] - Object: '' is clicked on

2021-01-21 16:06:15 - [MESSAGE][PASSED] - Switched to window with index: '0'

2021-01-21 16:06:15 - [MESSAGE][PASSED] - Click button "Search"

2021-01-21 16:06:15 - [TEST_STEP][PASSED] - Verify Search Result Presents: Verify Search Result Presents

2021-01-21 16:06:15 - [MESSAGE][PASSED] - Object '' is present

2021-01-21 16:06:17 - [MESSAGE][PASSED] - Verify Search Result Presents

2021-01-21 16:06:17 - [TEST_STEP][PASSED] - Click button "Logout": Click button "Logout"

2021-01-21 16:06:17 - [MESSAGE][INFO] - >>>>>//Button[contains(text(),'Logout')]

2021-01-21 16:06:20 - [MESSAGE][PASSED] - Object '' is present

2021-01-21 16:06:20 - [MESSAGE][PASSED] - Object: '' is clicked on

2021-01-21 16:06:20 - [MESSAGE][PASSED] - Switched to window with index: '0'

2021-01-21 16:06:20 - [MESSAGE][PASSED] - Click button "Logout"

2021-01-21 16:06:20 - [TEST_STEP][PASSED] - Close browser: Close browser

2021-01-21 16:06:20 - [MESSAGE][PASSED] - Browser is closed

2021-01-21 16:06:20 - [MESSAGE][PASSED] - Close browser

2021-01-21 16:06:20 - [TEST_CASE][PASSED] - Start Test Case : SCENARIO Search by STATUS Waiting validation from Risk: SCENARIO Search by STATUS Waiting validation from Risk

2021-01-21 16:06:20 - [TEST_STEP][PASSED] - Go to ISTools: Go to ISTools

2021-01-21 16:06:20 - [MESSAGE][INFO] - Starting 'Chrome (headless)' driver

2021-01-21 16:06:20 - [MESSAGE][INFO] - User set preference: ['args', '[--start-maximized, --disable-gpu, --no-proxy-server, â€“-no-sandbox, --allow-running-insecure-content, --ignore-certificate-errors, window-size=1680,814, force-device-scale-factor=2, --lang=en-GB]']

2021-01-21 16:06:20 - [MESSAGE][INFO] - User set preference: ['prefs', '{download.default_directory=/Users/chaidir.pratama01/Katalon Studio/IST_Automation_Git/Download}']

2021-01-21 16:06:20 - [MESSAGE][INFO] - Action delay is set to 0 milliseconds

2021-01-21 16:06:20 - [MESSAGE][PASSED] - Browser is opened with url: ''

2021-01-21 16:06:21 - [MESSAGE][PASSED] - Navigate to 'https://dev-istools.homecredit.id/foundation/' successfully

2021-01-21 16:06:21 - [MESSAGE][PASSED] - Go to ISTools

2021-01-21 16:06:21 - [TEST_STEP][PASSED] - Login IST with valid credentials: Login IST with valid credentials

2021-01-21 16:06:21 - [MESSAGE][PASSED] - Text 'mobile.test' is set on object 'Object Repository/Page_/input_Username_j_username'

2021-01-21 16:06:21 - [MESSAGE][PASSED] - Text ****** has been set on object 'Object Repository/Page_/input_Password_j_password'

2021-01-21 16:06:22 - [MESSAGE][PASSED] - Object: 'Object Repository/Page_/button_Login' is clicked on

2021-01-21 16:06:22 - [MESSAGE][PASSED] - Login IST with valid credentials

2021-01-21 16:06:22 - [TEST_STEP][PASSED] - Login Success: Login Success

2021-01-21 16:06:22 - [MESSAGE][INFO] - Login Success

2021-01-21 16:06:22 - [MESSAGE][PASSED] - Current window maximized

2021-01-21 16:06:22 - [MESSAGE][PASSED] - Object 'Object Repository/Page_/h1_Welcome to IT Supporting Tools' is present

2021-01-21 16:06:22 - [MESSAGE][PASSED] - Login Success

2021-01-21 16:06:22 - [TEST_STEP][PASSED] - Select Arrow Menu "Real Time Disbursement": Select Arrow Menu "Real Time Disbursement"

2021-01-21 16:06:22 - [MESSAGE][PASSED] - Object: '' is clicked on

2021-01-21 16:06:22 - [MESSAGE][PASSED] - Select Arrow Menu "Real Time Disbursement"

2021-01-21 16:06:22 - [TEST_STEP][PASSED] - Select Menu "Partner Disbursement": Select Menu "Partner Disbursement"

2021-01-21 16:06:23 - [MESSAGE][PASSED] - Taking screenshot successfully
[[ATTACHMENT|/Users/chaidir.pratama01/Documents/Docs/Katalon Studio/Screenshot/test-Partner Disbursement.png]]

2021-01-21 16:06:23 - [MESSAGE][PASSED] - Object '' is present

2021-01-21 16:06:23 - [MESSAGE][PASSED] - Object: '' is clicked on

2021-01-21 16:06:23 - [MESSAGE][PASSED] - Wait for page load successfully

2021-01-21 16:06:23 - [MESSAGE][PASSED] - Select Menu "Partner Disbursement"

2021-01-21 16:06:23 - [TEST_STEP][PASSED] - Select STATUS "Waiting validation from Risk": Select STATUS "Waiting validation from Risk"

2021-01-21 16:06:23 - [MESSAGE][PASSED] - All options with value 'Waiting validation from Risk' are selected in object ''  using regular expression

2021-01-21 16:06:23 - [MESSAGE][PASSED] - Select STATUS "Waiting validation from Risk"

2021-01-21 16:06:23 - [TEST_STEP][PASSED] - Click button "Search": Click button "Search"

2021-01-21 16:06:23 - [MESSAGE][INFO] - >>>>>//Button[contains(text(),'Search')]

2021-01-21 16:06:26 - [MESSAGE][PASSED] - Object '' is present

2021-01-21 16:06:26 - [MESSAGE][PASSED] - Object: '' is clicked on

2021-01-21 16:06:26 - [MESSAGE][PASSED] - Switched to window with index: '0'

2021-01-21 16:06:26 - [MESSAGE][PASSED] - Click button "Search"

2021-01-21 16:06:26 - [TEST_STEP][PASSED] - Verify Search Result Presents: Verify Search Result Presents

2021-01-21 16:06:57 - [MESSAGE][INFO] - Unable to find the element located by 'By.xpath: //td[@style='display:none' and contains(text(),'-Empty-')]'. Please recheck the objects properties to make sure the desired element is located. 

2021-01-21 16:06:58 - [MESSAGE][WARNING] - com.kms.katalon.core.webui.exception.WebElementNotFoundException: Web element with id: '' located by '//td[@style='display:none' and contains(text(),'-Empty-')]' not found (Root cause: com.kms.katalon.core.exception.StepFailedException: com.kms.katalon.core.webui.exception.WebElementNotFoundException: Web element with id: '' located by '//td[@style='display:none' and contains(text(),'-Empty-')]' not found
	at com.kms.katalon.core.webui.keyword.internal.WebUIKeywordMain.stepFailed(WebUIKeywordMain.groovy:64)
	at com.kms.katalon.core.webui.keyword.builtin.VerifyElementPresentKeyword$_verifyElementPresent_closure1.doCall(VerifyElementPresentKeyword.groovy:85)
	at com.kms.katalon.core.webui.keyword.builtin.VerifyElementPresentKeyword$_verifyElementPresent_closure1.call(VerifyElementPresentKeyword.groovy)
	at com.kms.katalon.core.webui.keyword.internal.WebUIKeywordMain.runKeyword(WebUIKeywordMain.groovy:20)
	at com.kms.katalon.core.webui.keyword.builtin.VerifyElementPresentKeyword.verifyElementPresent(VerifyElementPresentKeyword.groovy:92)
	at com.kms.katalon.core.webui.keyword.builtin.VerifyElementPresentKeyword.execute(VerifyElementPresentKeyword.groovy:68)
	at com.kms.katalon.core.keyword.internal.KeywordExecutor.executeKeywordForPlatform(KeywordExecutor.groovy:73)
	at com.kms.katalon.core.webui.keyword.WebUiBuiltInKeywords.verifyElementPresent(WebUiBuiltInKeywords.groovy:1444)
	at com.kms.katalon.core.webui.keyword.WebUiBuiltInKeywords$verifyElementPresent$11.call(Unknown Source)
	at ist_real.Contract_Dispatcher.VerifyTblFilled(Contract_Dispatcher.groovy:1313)
	at ist_real.Contract_Dispatcher$VerifyTblFilled$0.call(Unknown Source)
	at RTD.Search_Result_Presents(RTD.groovy:187)
	at cucumber.runtime.Utils$1.call(Utils.java:26)
	at cucumber.runtime.Timeout.timeout(Timeout.java:16)
	at cucumber.runtime.Utils.invoke(Utils.java:20)
	at cucumber.runtime.java.JavaStepDefinition.execute(JavaStepDefinition.java:48)
	at cucumber.runtime.PickleStepDefinitionMatch.runStep(PickleStepDefinitionMatch.java:50)
	at cucumber.runner.TestStep.executeStep(TestStep.java:55)
	at cucumber.runner.TestStep.run(TestStep.java:42)
	at cucumber.runner.PickleStepTestStep.run(PickleStepTestStep.java:53)
	at cucumber.runner.TestCase.run(TestCase.java:47)
	at cucumber.runner.Runner.runPickle(Runner.java:44)
	at cucumber.runtime.Runtime.runFeature(Runtime.java:120)
	at cucumber.runtime.Runtime.run(Runtime.java:106)
	at cucumber.api.cli.Main.run(Main.java:35)
	at cucumber.api.cli.Main$run.call(Unknown Source)
	at com.kms.katalon.core.cucumber.keyword.CucumberBuiltinKeywords$_runFeatureFile_closure1.doCall(CucumberBuiltinKeywords.groovy:76)
	at com.kms.katalon.core.cucumber.keyword.CucumberBuiltinKeywords$_runFeatureFile_closure1.doCall(CucumberBuiltinKeywords.groovy)
	at com.kms.katalon.core.keyword.internal.KeywordMain.runKeyword(KeywordMain.groovy:68)
	at com.kms.katalon.core.keyword.internal.KeywordMain$runKeyword.call(Unknown Source)
	at com.kms.katalon.core.cucumber.keyword.CucumberBuiltinKeywords.runFeatureFile(CucumberBuiltinKeywords.groovy:46)
	at com.kms.katalon.core.cucumber.keyword.CucumberBuiltinKeywords$runFeatureFile$0.callStatic(Unknown Source)
	at com.kms.katalon.core.cucumber.keyword.CucumberBuiltinKeywords.runFeatureFile(CucumberBuiltinKeywords.groovy:169)
	at com.kms.katalon.core.cucumber.keyword.CucumberBuiltinKeywords$runFeatureFile.call(Unknown Source)
	at TC_Search_by_STATUS.run(TC_Search_by_STATUS:18)
	at com.kms.katalon.core.main.ScriptEngine.run(ScriptEngine.java:194)
	at com.kms.katalon.core.main.ScriptEngine.runScriptAsRawText(ScriptEngine.java:119)
	at com.kms.katalon.core.main.TestCaseExecutor.runScript(TestCaseExecutor.java:339)
	at com.kms.katalon.core.main.TestCaseExecutor.doExecute(TestCaseExecutor.java:330)
	at com.kms.katalon.core.main.TestCaseExecutor.processExecutionPhase(TestCaseExecutor.java:309)
	at com.kms.katalon.core.main.TestCaseExecutor.accessMainPhase(TestCaseExecutor.java:301)
	at com.kms.katalon.core.main.TestCaseExecutor.execute(TestCaseExecutor.java:235)
	at com.kms.katalon.core.main.TestSuiteExecutor.accessTestCaseMainPhase(TestSuiteExecutor.java:191)
	at com.kms.katalon.core.main.TestSuiteExecutor.accessTestSuiteMainPhase(TestSuiteExecutor.java:141)
	at com.kms.katalon.core.main.TestSuiteExecutor.execute(TestSuiteExecutor.java:90)
	at com.kms.katalon.core.main.TestCaseMain.startTestSuite(TestCaseMain.java:157)
	at com.kms.katalon.core.main.TestCaseMain$startTestSuite$0.call(Unknown Source)
	at TempTestSuite1611218221584.run(TempTestSuite1611218221584.groovy:39)
)
[[ATTACHMENT|/Users/chaidir.pratama01/Katalon Studio/IST_Automation_Git/Reports/20210121_153655/RTD/TS_Partner_Disbursement/20210121_153701/1611220017615.png]]

2021-01-21 16:06:58 - [MESSAGE][PASSED] - Verify Search Result Presents

2021-01-21 16:06:58 - [TEST_STEP][PASSED] - Click button "Logout": Click button "Logout"

2021-01-21 16:06:58 - [MESSAGE][INFO] - >>>>>//Button[contains(text(),'Logout')]

2021-01-21 16:07:01 - [MESSAGE][PASSED] - Object '' is present

2021-01-21 16:07:01 - [MESSAGE][PASSED] - Object: '' is clicked on

2021-01-21 16:07:01 - [MESSAGE][PASSED] - Switched to window with index: '0'

2021-01-21 16:07:01 - [MESSAGE][PASSED] - Click button "Logout"

2021-01-21 16:07:01 - [TEST_STEP][PASSED] - Close browser: Close browser

2021-01-21 16:07:01 - [MESSAGE][PASSED] - Browser is closed

2021-01-21 16:07:01 - [MESSAGE][PASSED] - Close browser

2021-01-21 16:07:01 - [TEST_CASE][PASSED] - Start Test Case : SCENARIO Search by STATUS Waiting validation from In Payment: SCENARIO Search by STATUS Waiting validation from In Payment

2021-01-21 16:07:01 - [TEST_STEP][PASSED] - Go to ISTools: Go to ISTools

2021-01-21 16:07:01 - [MESSAGE][INFO] - Starting 'Chrome (headless)' driver

2021-01-21 16:07:01 - [MESSAGE][INFO] - User set preference: ['args', '[--start-maximized, --disable-gpu, --no-proxy-server, â€“-no-sandbox, --allow-running-insecure-content, --ignore-certificate-errors, window-size=1680,814, force-device-scale-factor=2, --lang=en-GB]']

2021-01-21 16:07:01 - [MESSAGE][INFO] - User set preference: ['prefs', '{download.default_directory=/Users/chaidir.pratama01/Katalon Studio/IST_Automation_Git/Download}']

2021-01-21 16:07:01 - [MESSAGE][INFO] - Action delay is set to 0 milliseconds

2021-01-21 16:07:01 - [MESSAGE][PASSED] - Browser is opened with url: ''

2021-01-21 16:07:03 - [MESSAGE][PASSED] - Navigate to 'https://dev-istools.homecredit.id/foundation/' successfully

2021-01-21 16:07:03 - [MESSAGE][PASSED] - Go to ISTools

2021-01-21 16:07:03 - [TEST_STEP][PASSED] - Login IST with valid credentials: Login IST with valid credentials

2021-01-21 16:07:03 - [MESSAGE][PASSED] - Text 'mobile.test' is set on object 'Object Repository/Page_/input_Username_j_username'

2021-01-21 16:07:03 - [MESSAGE][PASSED] - Text ****** has been set on object 'Object Repository/Page_/input_Password_j_password'

2021-01-21 16:07:04 - [MESSAGE][PASSED] - Object: 'Object Repository/Page_/button_Login' is clicked on

2021-01-21 16:07:04 - [MESSAGE][PASSED] - Login IST with valid credentials

2021-01-21 16:07:04 - [TEST_STEP][PASSED] - Login Success: Login Success

2021-01-21 16:07:04 - [MESSAGE][INFO] - Login Success

2021-01-21 16:07:04 - [MESSAGE][PASSED] - Current window maximized

2021-01-21 16:07:04 - [MESSAGE][PASSED] - Object 'Object Repository/Page_/h1_Welcome to IT Supporting Tools' is present

2021-01-21 16:07:04 - [MESSAGE][PASSED] - Login Success

2021-01-21 16:07:04 - [TEST_STEP][PASSED] - Select Arrow Menu "Real Time Disbursement": Select Arrow Menu "Real Time Disbursement"

2021-01-21 16:07:04 - [MESSAGE][PASSED] - Object: '' is clicked on

2021-01-21 16:07:04 - [MESSAGE][PASSED] - Select Arrow Menu "Real Time Disbursement"

2021-01-21 16:07:04 - [TEST_STEP][PASSED] - Select Menu "Partner Disbursement": Select Menu "Partner Disbursement"

2021-01-21 16:07:05 - [MESSAGE][PASSED] - Taking screenshot successfully
[[ATTACHMENT|/Users/chaidir.pratama01/Documents/Docs/Katalon Studio/Screenshot/test-Partner Disbursement.png]]

2021-01-21 16:07:05 - [MESSAGE][PASSED] - Object '' is present

2021-01-21 16:07:05 - [MESSAGE][PASSED] - Object: '' is clicked on

2021-01-21 16:07:05 - [MESSAGE][PASSED] - Wait for page load successfully

2021-01-21 16:07:05 - [MESSAGE][PASSED] - Select Menu "Partner Disbursement"

2021-01-21 16:07:05 - [TEST_STEP][PASSED] - Select STATUS "Waiting validation from In Payment": Select STATUS "Waiting validation from In Payment"

2021-01-21 16:07:05 - [MESSAGE][PASSED] - All options with value 'Waiting validation from In Payment' are selected in object ''  using regular expression

2021-01-21 16:07:05 - [MESSAGE][PASSED] - Select STATUS "Waiting validation from In Payment"

2021-01-21 16:07:05 - [TEST_STEP][PASSED] - Click button "Search": Click button "Search"

2021-01-21 16:07:05 - [MESSAGE][INFO] - >>>>>//Button[contains(text(),'Search')]

2021-01-21 16:07:08 - [MESSAGE][PASSED] - Object '' is present

2021-01-21 16:07:08 - [MESSAGE][PASSED] - Object: '' is clicked on

2021-01-21 16:07:08 - [MESSAGE][PASSED] - Switched to window with index: '0'

2021-01-21 16:07:08 - [MESSAGE][PASSED] - Click button "Search"

2021-01-21 16:07:08 - [TEST_STEP][PASSED] - Verify Search Result Presents: Verify Search Result Presents

2021-01-21 16:07:39 - [MESSAGE][INFO] - Unable to find the element located by 'By.xpath: //td[@style='display:none' and contains(text(),'-Empty-')]'. Please recheck the objects properties to make sure the desired element is located. 

2021-01-21 16:07:40 - [MESSAGE][WARNING] - com.kms.katalon.core.webui.exception.WebElementNotFoundException: Web element with id: '' located by '//td[@style='display:none' and contains(text(),'-Empty-')]' not found (Root cause: com.kms.katalon.core.exception.StepFailedException: com.kms.katalon.core.webui.exception.WebElementNotFoundException: Web element with id: '' located by '//td[@style='display:none' and contains(text(),'-Empty-')]' not found
	at com.kms.katalon.core.webui.keyword.internal.WebUIKeywordMain.stepFailed(WebUIKeywordMain.groovy:64)
	at com.kms.katalon.core.webui.keyword.builtin.VerifyElementPresentKeyword$_verifyElementPresent_closure1.doCall(VerifyElementPresentKeyword.groovy:85)
	at com.kms.katalon.core.webui.keyword.builtin.VerifyElementPresentKeyword$_verifyElementPresent_closure1.call(VerifyElementPresentKeyword.groovy)
	at com.kms.katalon.core.webui.keyword.internal.WebUIKeywordMain.runKeyword(WebUIKeywordMain.groovy:20)
	at com.kms.katalon.core.webui.keyword.builtin.VerifyElementPresentKeyword.verifyElementPresent(VerifyElementPresentKeyword.groovy:92)
	at com.kms.katalon.core.webui.keyword.builtin.VerifyElementPresentKeyword.execute(VerifyElementPresentKeyword.groovy:68)
	at com.kms.katalon.core.keyword.internal.KeywordExecutor.executeKeywordForPlatform(KeywordExecutor.groovy:73)
	at com.kms.katalon.core.webui.keyword.WebUiBuiltInKeywords.verifyElementPresent(WebUiBuiltInKeywords.groovy:1444)
	at com.kms.katalon.core.webui.keyword.WebUiBuiltInKeywords$verifyElementPresent$11.call(Unknown Source)
	at ist_real.Contract_Dispatcher.VerifyTblFilled(Contract_Dispatcher.groovy:1313)
	at ist_real.Contract_Dispatcher$VerifyTblFilled$0.call(Unknown Source)
	at RTD.Search_Result_Presents(RTD.groovy:187)
	at cucumber.runtime.Utils$1.call(Utils.java:26)
	at cucumber.runtime.Timeout.timeout(Timeout.java:16)
	at cucumber.runtime.Utils.invoke(Utils.java:20)
	at cucumber.runtime.java.JavaStepDefinition.execute(JavaStepDefinition.java:48)
	at cucumber.runtime.PickleStepDefinitionMatch.runStep(PickleStepDefinitionMatch.java:50)
	at cucumber.runner.TestStep.executeStep(TestStep.java:55)
	at cucumber.runner.TestStep.run(TestStep.java:42)
	at cucumber.runner.PickleStepTestStep.run(PickleStepTestStep.java:53)
	at cucumber.runner.TestCase.run(TestCase.java:47)
	at cucumber.runner.Runner.runPickle(Runner.java:44)
	at cucumber.runtime.Runtime.runFeature(Runtime.java:120)
	at cucumber.runtime.Runtime.run(Runtime.java:106)
	at cucumber.api.cli.Main.run(Main.java:35)
	at cucumber.api.cli.Main$run.call(Unknown Source)
	at com.kms.katalon.core.cucumber.keyword.CucumberBuiltinKeywords$_runFeatureFile_closure1.doCall(CucumberBuiltinKeywords.groovy:76)
	at com.kms.katalon.core.cucumber.keyword.CucumberBuiltinKeywords$_runFeatureFile_closure1.doCall(CucumberBuiltinKeywords.groovy)
	at com.kms.katalon.core.keyword.internal.KeywordMain.runKeyword(KeywordMain.groovy:68)
	at com.kms.katalon.core.keyword.internal.KeywordMain$runKeyword.call(Unknown Source)
	at com.kms.katalon.core.cucumber.keyword.CucumberBuiltinKeywords.runFeatureFile(CucumberBuiltinKeywords.groovy:46)
	at com.kms.katalon.core.cucumber.keyword.CucumberBuiltinKeywords$runFeatureFile$0.callStatic(Unknown Source)
	at com.kms.katalon.core.cucumber.keyword.CucumberBuiltinKeywords.runFeatureFile(CucumberBuiltinKeywords.groovy:169)
	at com.kms.katalon.core.cucumber.keyword.CucumberBuiltinKeywords$runFeatureFile.call(Unknown Source)
	at TC_Search_by_STATUS.run(TC_Search_by_STATUS:18)
	at com.kms.katalon.core.main.ScriptEngine.run(ScriptEngine.java:194)
	at com.kms.katalon.core.main.ScriptEngine.runScriptAsRawText(ScriptEngine.java:119)
	at com.kms.katalon.core.main.TestCaseExecutor.runScript(TestCaseExecutor.java:339)
	at com.kms.katalon.core.main.TestCaseExecutor.doExecute(TestCaseExecutor.java:330)
	at com.kms.katalon.core.main.TestCaseExecutor.processExecutionPhase(TestCaseExecutor.java:309)
	at com.kms.katalon.core.main.TestCaseExecutor.accessMainPhase(TestCaseExecutor.java:301)
	at com.kms.katalon.core.main.TestCaseExecutor.execute(TestCaseExecutor.java:235)
	at com.kms.katalon.core.main.TestSuiteExecutor.accessTestCaseMainPhase(TestSuiteExecutor.java:191)
	at com.kms.katalon.core.main.TestSuiteExecutor.accessTestSuiteMainPhase(TestSuiteExecutor.java:141)
	at com.kms.katalon.core.main.TestSuiteExecutor.execute(TestSuiteExecutor.java:90)
	at com.kms.katalon.core.main.TestCaseMain.startTestSuite(TestCaseMain.java:157)
	at com.kms.katalon.core.main.TestCaseMain$startTestSuite$0.call(Unknown Source)
	at TempTestSuite1611218221584.run(TempTestSuite1611218221584.groovy:39)
)
[[ATTACHMENT|/Users/chaidir.pratama01/Katalon Studio/IST_Automation_Git/Reports/20210121_153655/RTD/TS_Partner_Disbursement/20210121_153701/1611220059873.png]]

2021-01-21 16:07:40 - [MESSAGE][PASSED] - Verify Search Result Presents

2021-01-21 16:07:40 - [TEST_STEP][PASSED] - Click button "Logout": Click button "Logout"

2021-01-21 16:07:40 - [MESSAGE][INFO] - >>>>>//Button[contains(text(),'Logout')]

2021-01-21 16:07:43 - [MESSAGE][PASSED] - Object '' is present

2021-01-21 16:07:43 - [MESSAGE][PASSED] - Object: '' is clicked on

2021-01-21 16:07:43 - [MESSAGE][PASSED] - Switched to window with index: '0'

2021-01-21 16:07:43 - [MESSAGE][PASSED] - Click button "Logout"

2021-01-21 16:07:43 - [TEST_STEP][PASSED] - Close browser: Close browser

2021-01-21 16:07:43 - [MESSAGE][PASSED] - Browser is closed

2021-01-21 16:07:43 - [MESSAGE][PASSED] - Close browser

2021-01-21 16:07:43 - [TEST_CASE][PASSED] - Start Test Case : SCENARIO Search by STATUS Not Eligible to Disburse: SCENARIO Search by STATUS Not Eligible to Disburse

2021-01-21 16:07:43 - [TEST_STEP][PASSED] - Go to ISTools: Go to ISTools

2021-01-21 16:07:43 - [MESSAGE][INFO] - Starting 'Chrome (headless)' driver

2021-01-21 16:07:43 - [MESSAGE][INFO] - User set preference: ['args', '[--start-maximized, --disable-gpu, --no-proxy-server, â€“-no-sandbox, --allow-running-insecure-content, --ignore-certificate-errors, window-size=1680,814, force-device-scale-factor=2, --lang=en-GB]']

2021-01-21 16:07:43 - [MESSAGE][INFO] - User set preference: ['prefs', '{download.default_directory=/Users/chaidir.pratama01/Katalon Studio/IST_Automation_Git/Download}']

2021-01-21 16:07:43 - [MESSAGE][INFO] - Action delay is set to 0 milliseconds

2021-01-21 16:07:44 - [MESSAGE][PASSED] - Browser is opened with url: ''

2021-01-21 16:07:45 - [MESSAGE][PASSED] - Navigate to 'https://dev-istools.homecredit.id/foundation/' successfully

2021-01-21 16:07:45 - [MESSAGE][PASSED] - Go to ISTools

2021-01-21 16:07:45 - [TEST_STEP][PASSED] - Login IST with valid credentials: Login IST with valid credentials

2021-01-21 16:07:45 - [MESSAGE][PASSED] - Text 'mobile.test' is set on object 'Object Repository/Page_/input_Username_j_username'

2021-01-21 16:07:45 - [MESSAGE][PASSED] - Text ****** has been set on object 'Object Repository/Page_/input_Password_j_password'

2021-01-21 16:07:45 - [MESSAGE][PASSED] - Object: 'Object Repository/Page_/button_Login' is clicked on

2021-01-21 16:07:45 - [MESSAGE][PASSED] - Login IST with valid credentials

2021-01-21 16:07:45 - [TEST_STEP][PASSED] - Login Success: Login Success

2021-01-21 16:07:45 - [MESSAGE][INFO] - Login Success

2021-01-21 16:07:45 - [MESSAGE][PASSED] - Current window maximized

2021-01-21 16:07:45 - [MESSAGE][PASSED] - Object 'Object Repository/Page_/h1_Welcome to IT Supporting Tools' is present

2021-01-21 16:07:45 - [MESSAGE][PASSED] - Login Success

2021-01-21 16:07:45 - [TEST_STEP][PASSED] - Select Arrow Menu "Real Time Disbursement": Select Arrow Menu "Real Time Disbursement"

2021-01-21 16:07:46 - [MESSAGE][PASSED] - Object: '' is clicked on

2021-01-21 16:07:46 - [MESSAGE][PASSED] - Select Arrow Menu "Real Time Disbursement"

2021-01-21 16:07:46 - [TEST_STEP][PASSED] - Select Menu "Partner Disbursement": Select Menu "Partner Disbursement"

2021-01-21 16:07:46 - [MESSAGE][PASSED] - Taking screenshot successfully
[[ATTACHMENT|/Users/chaidir.pratama01/Documents/Docs/Katalon Studio/Screenshot/test-Partner Disbursement.png]]

2021-01-21 16:07:46 - [MESSAGE][PASSED] - Object '' is present

2021-01-21 16:07:46 - [MESSAGE][PASSED] - Object: '' is clicked on

2021-01-21 16:07:46 - [MESSAGE][PASSED] - Wait for page load successfully

2021-01-21 16:07:46 - [MESSAGE][PASSED] - Select Menu "Partner Disbursement"

2021-01-21 16:07:46 - [TEST_STEP][PASSED] - Select STATUS "Not eligible to disburse": Select STATUS "Not eligible to disburse"

2021-01-21 16:07:47 - [MESSAGE][PASSED] - All options with value 'Not eligible to disburse' are selected in object ''  using regular expression

2021-01-21 16:07:47 - [MESSAGE][PASSED] - Select STATUS "Not eligible to disburse"

2021-01-21 16:07:47 - [TEST_STEP][PASSED] - Click button "Search": Click button "Search"

2021-01-21 16:07:47 - [MESSAGE][INFO] - >>>>>//Button[contains(text(),'Search')]

2021-01-21 16:07:50 - [MESSAGE][PASSED] - Object '' is present

2021-01-21 16:07:50 - [MESSAGE][PASSED] - Object: '' is clicked on

2021-01-21 16:07:50 - [MESSAGE][PASSED] - Switched to window with index: '0'

2021-01-21 16:07:50 - [MESSAGE][PASSED] - Click button "Search"

2021-01-21 16:07:50 - [TEST_STEP][PASSED] - Verify Search Result Presents: Verify Search Result Presents

2021-01-21 16:08:21 - [MESSAGE][INFO] - Unable to find the element located by 'By.xpath: //td[@style='display:none' and contains(text(),'-Empty-')]'. Please recheck the objects properties to make sure the desired element is located. 

2021-01-21 16:08:21 - [MESSAGE][WARNING] - com.kms.katalon.core.webui.exception.WebElementNotFoundException: Web element with id: '' located by '//td[@style='display:none' and contains(text(),'-Empty-')]' not found (Root cause: com.kms.katalon.core.exception.StepFailedException: com.kms.katalon.core.webui.exception.WebElementNotFoundException: Web element with id: '' located by '//td[@style='display:none' and contains(text(),'-Empty-')]' not found
	at com.kms.katalon.core.webui.keyword.internal.WebUIKeywordMain.stepFailed(WebUIKeywordMain.groovy:64)
	at com.kms.katalon.core.webui.keyword.builtin.VerifyElementPresentKeyword$_verifyElementPresent_closure1.doCall(VerifyElementPresentKeyword.groovy:85)
	at com.kms.katalon.core.webui.keyword.builtin.VerifyElementPresentKeyword$_verifyElementPresent_closure1.call(VerifyElementPresentKeyword.groovy)
	at com.kms.katalon.core.webui.keyword.internal.WebUIKeywordMain.runKeyword(WebUIKeywordMain.groovy:20)
	at com.kms.katalon.core.webui.keyword.builtin.VerifyElementPresentKeyword.verifyElementPresent(VerifyElementPresentKeyword.groovy:92)
	at com.kms.katalon.core.webui.keyword.builtin.VerifyElementPresentKeyword.execute(VerifyElementPresentKeyword.groovy:68)
	at com.kms.katalon.core.keyword.internal.KeywordExecutor.executeKeywordForPlatform(KeywordExecutor.groovy:73)
	at com.kms.katalon.core.webui.keyword.WebUiBuiltInKeywords.verifyElementPresent(WebUiBuiltInKeywords.groovy:1444)
	at com.kms.katalon.core.webui.keyword.WebUiBuiltInKeywords$verifyElementPresent$11.call(Unknown Source)
	at ist_real.Contract_Dispatcher.VerifyTblFilled(Contract_Dispatcher.groovy:1313)
	at ist_real.Contract_Dispatcher$VerifyTblFilled$0.call(Unknown Source)
	at RTD.Search_Result_Presents(RTD.groovy:187)
	at cucumber.runtime.Utils$1.call(Utils.java:26)
	at cucumber.runtime.Timeout.timeout(Timeout.java:16)
	at cucumber.runtime.Utils.invoke(Utils.java:20)
	at cucumber.runtime.java.JavaStepDefinition.execute(JavaStepDefinition.java:48)
	at cucumber.runtime.PickleStepDefinitionMatch.runStep(PickleStepDefinitionMatch.java:50)
	at cucumber.runner.TestStep.executeStep(TestStep.java:55)
	at cucumber.runner.TestStep.run(TestStep.java:42)
	at cucumber.runner.PickleStepTestStep.run(PickleStepTestStep.java:53)
	at cucumber.runner.TestCase.run(TestCase.java:47)
	at cucumber.runner.Runner.runPickle(Runner.java:44)
	at cucumber.runtime.Runtime.runFeature(Runtime.java:120)
	at cucumber.runtime.Runtime.run(Runtime.java:106)
	at cucumber.api.cli.Main.run(Main.java:35)
	at cucumber.api.cli.Main$run.call(Unknown Source)
	at com.kms.katalon.core.cucumber.keyword.CucumberBuiltinKeywords$_runFeatureFile_closure1.doCall(CucumberBuiltinKeywords.groovy:76)
	at com.kms.katalon.core.cucumber.keyword.CucumberBuiltinKeywords$_runFeatureFile_closure1.doCall(CucumberBuiltinKeywords.groovy)
	at com.kms.katalon.core.keyword.internal.KeywordMain.runKeyword(KeywordMain.groovy:68)
	at com.kms.katalon.core.keyword.internal.KeywordMain$runKeyword.call(Unknown Source)
	at com.kms.katalon.core.cucumber.keyword.CucumberBuiltinKeywords.runFeatureFile(CucumberBuiltinKeywords.groovy:46)
	at com.kms.katalon.core.cucumber.keyword.CucumberBuiltinKeywords$runFeatureFile$0.callStatic(Unknown Source)
	at com.kms.katalon.core.cucumber.keyword.CucumberBuiltinKeywords.runFeatureFile(CucumberBuiltinKeywords.groovy:169)
	at com.kms.katalon.core.cucumber.keyword.CucumberBuiltinKeywords$runFeatureFile.call(Unknown Source)
	at TC_Search_by_STATUS.run(TC_Search_by_STATUS:18)
	at com.kms.katalon.core.main.ScriptEngine.run(ScriptEngine.java:194)
	at com.kms.katalon.core.main.ScriptEngine.runScriptAsRawText(ScriptEngine.java:119)
	at com.kms.katalon.core.main.TestCaseExecutor.runScript(TestCaseExecutor.java:339)
	at com.kms.katalon.core.main.TestCaseExecutor.doExecute(TestCaseExecutor.java:330)
	at com.kms.katalon.core.main.TestCaseExecutor.processExecutionPhase(TestCaseExecutor.java:309)
	at com.kms.katalon.core.main.TestCaseExecutor.accessMainPhase(TestCaseExecutor.java:301)
	at com.kms.katalon.core.main.TestCaseExecutor.execute(TestCaseExecutor.java:235)
	at com.kms.katalon.core.main.TestSuiteExecutor.accessTestCaseMainPhase(TestSuiteExecutor.java:191)
	at com.kms.katalon.core.main.TestSuiteExecutor.accessTestSuiteMainPhase(TestSuiteExecutor.java:141)
	at com.kms.katalon.core.main.TestSuiteExecutor.execute(TestSuiteExecutor.java:90)
	at com.kms.katalon.core.main.TestCaseMain.startTestSuite(TestCaseMain.java:157)
	at com.kms.katalon.core.main.TestCaseMain$startTestSuite$0.call(Unknown Source)
	at TempTestSuite1611218221584.run(TempTestSuite1611218221584.groovy:39)
)
[[ATTACHMENT|/Users/chaidir.pratama01/Katalon Studio/IST_Automation_Git/Reports/20210121_153655/RTD/TS_Partner_Disbursement/20210121_153701/1611220101184.png]]

2021-01-21 16:08:21 - [MESSAGE][PASSED] - Verify Search Result Presents

2021-01-21 16:08:21 - [TEST_STEP][PASSED] - Click button "Logout": Click button "Logout"

2021-01-21 16:08:21 - [MESSAGE][INFO] - >>>>>//Button[contains(text(),'Logout')]

2021-01-21 16:08:24 - [MESSAGE][PASSED] - Object '' is present

2021-01-21 16:08:24 - [MESSAGE][PASSED] - Object: '' is clicked on

2021-01-21 16:08:24 - [MESSAGE][PASSED] - Switched to window with index: '0'

2021-01-21 16:08:24 - [MESSAGE][PASSED] - Click button "Logout"

2021-01-21 16:08:24 - [TEST_STEP][PASSED] - Close browser: Close browser

2021-01-21 16:08:24 - [MESSAGE][PASSED] - Browser is closed

2021-01-21 16:08:24 - [MESSAGE][PASSED] - Close browser

2021-01-21 16:08:24 - [TEST_CASE][PASSED] - Start Test Case : SCENARIO Search by STATUS Ready to disburse: SCENARIO Search by STATUS Ready to disburse

2021-01-21 16:08:24 - [TEST_STEP][PASSED] - Go to ISTools: Go to ISTools

2021-01-21 16:08:24 - [MESSAGE][INFO] - Starting 'Chrome (headless)' driver

2021-01-21 16:08:24 - [MESSAGE][INFO] - User set preference: ['args', '[--start-maximized, --disable-gpu, --no-proxy-server, â€“-no-sandbox, --allow-running-insecure-content, --ignore-certificate-errors, window-size=1680,814, force-device-scale-factor=2, --lang=en-GB]']

2021-01-21 16:08:24 - [MESSAGE][INFO] - User set preference: ['prefs', '{download.default_directory=/Users/chaidir.pratama01/Katalon Studio/IST_Automation_Git/Download}']

2021-01-21 16:08:24 - [MESSAGE][INFO] - Action delay is set to 0 milliseconds

2021-01-21 16:08:25 - [MESSAGE][PASSED] - Browser is opened with url: ''

2021-01-21 16:08:26 - [MESSAGE][PASSED] - Navigate to 'https://dev-istools.homecredit.id/foundation/' successfully

2021-01-21 16:08:26 - [MESSAGE][PASSED] - Go to ISTools

2021-01-21 16:08:26 - [TEST_STEP][PASSED] - Login IST with valid credentials: Login IST with valid credentials

2021-01-21 16:08:26 - [MESSAGE][PASSED] - Text 'mobile.test' is set on object 'Object Repository/Page_/input_Username_j_username'

2021-01-21 16:08:26 - [MESSAGE][PASSED] - Text ****** has been set on object 'Object Repository/Page_/input_Password_j_password'

2021-01-21 16:08:26 - [MESSAGE][PASSED] - Object: 'Object Repository/Page_/button_Login' is clicked on

2021-01-21 16:08:26 - [MESSAGE][PASSED] - Login IST with valid credentials

2021-01-21 16:08:26 - [TEST_STEP][PASSED] - Login Success: Login Success

2021-01-21 16:08:26 - [MESSAGE][INFO] - Login Success

2021-01-21 16:08:26 - [MESSAGE][PASSED] - Current window maximized

2021-01-21 16:08:26 - [MESSAGE][PASSED] - Object 'Object Repository/Page_/h1_Welcome to IT Supporting Tools' is present

2021-01-21 16:08:26 - [MESSAGE][PASSED] - Login Success

2021-01-21 16:08:26 - [TEST_STEP][PASSED] - Select Arrow Menu "Real Time Disbursement": Select Arrow Menu "Real Time Disbursement"

2021-01-21 16:08:26 - [MESSAGE][PASSED] - Object: '' is clicked on

2021-01-21 16:08:26 - [MESSAGE][PASSED] - Select Arrow Menu "Real Time Disbursement"

2021-01-21 16:08:26 - [TEST_STEP][PASSED] - Select Menu "Partner Disbursement": Select Menu "Partner Disbursement"

2021-01-21 16:08:27 - [MESSAGE][PASSED] - Taking screenshot successfully
[[ATTACHMENT|/Users/chaidir.pratama01/Documents/Docs/Katalon Studio/Screenshot/test-Partner Disbursement.png]]

2021-01-21 16:08:27 - [MESSAGE][PASSED] - Object '' is present

2021-01-21 16:08:27 - [MESSAGE][PASSED] - Object: '' is clicked on

2021-01-21 16:08:27 - [MESSAGE][PASSED] - Wait for page load successfully

2021-01-21 16:08:27 - [MESSAGE][PASSED] - Select Menu "Partner Disbursement"

2021-01-21 16:08:27 - [TEST_STEP][PASSED] - Select STATUS "Ready to disburse": Select STATUS "Ready to disburse"

2021-01-21 16:08:27 - [MESSAGE][PASSED] - All options with value 'Ready to disburse' are selected in object ''  using regular expression

2021-01-21 16:08:27 - [MESSAGE][PASSED] - Select STATUS "Ready to disburse"

2021-01-21 16:08:27 - [TEST_STEP][PASSED] - Click button "Search": Click button "Search"

2021-01-21 16:08:27 - [MESSAGE][INFO] - >>>>>//Button[contains(text(),'Search')]

2021-01-21 16:08:30 - [MESSAGE][PASSED] - Object '' is present

2021-01-21 16:08:30 - [MESSAGE][PASSED] - Object: '' is clicked on

2021-01-21 16:08:30 - [MESSAGE][PASSED] - Switched to window with index: '0'

2021-01-21 16:08:30 - [MESSAGE][PASSED] - Click button "Search"

2021-01-21 16:08:30 - [TEST_STEP][PASSED] - Verify Search Result Presents: Verify Search Result Presents

2021-01-21 16:08:31 - [MESSAGE][PASSED] - Object '' is present

2021-01-21 16:08:35 - [MESSAGE][PASSED] - Verify Search Result Presents

2021-01-21 16:08:35 - [TEST_STEP][PASSED] - Click button "Logout": Click button "Logout"

2021-01-21 16:08:35 - [MESSAGE][INFO] - >>>>>//Button[contains(text(),'Logout')]

2021-01-21 16:08:38 - [MESSAGE][PASSED] - Object '' is present

2021-01-21 16:08:38 - [MESSAGE][PASSED] - Object: '' is clicked on

2021-01-21 16:08:38 - [MESSAGE][PASSED] - Switched to window with index: '0'

2021-01-21 16:08:38 - [MESSAGE][PASSED] - Click button "Logout"

2021-01-21 16:08:38 - [TEST_STEP][PASSED] - Close browser: Close browser

2021-01-21 16:08:38 - [MESSAGE][PASSED] - Browser is closed

2021-01-21 16:08:38 - [MESSAGE][PASSED] - Close browser

2021-01-21 16:08:38 - [TEST_CASE][PASSED] - Start Test Case : SCENARIO Search by STATUS Failed due to invalid bank account: SCENARIO Search by STATUS Failed due to invalid bank account

2021-01-21 16:08:38 - [TEST_STEP][PASSED] - Go to ISTools: Go to ISTools

2021-01-21 16:08:38 - [MESSAGE][INFO] - Starting 'Chrome (headless)' driver

2021-01-21 16:08:38 - [MESSAGE][INFO] - User set preference: ['args', '[--start-maximized, --disable-gpu, --no-proxy-server, â€“-no-sandbox, --allow-running-insecure-content, --ignore-certificate-errors, window-size=1680,814, force-device-scale-factor=2, --lang=en-GB]']

2021-01-21 16:08:38 - [MESSAGE][INFO] - User set preference: ['prefs', '{download.default_directory=/Users/chaidir.pratama01/Katalon Studio/IST_Automation_Git/Download}']

2021-01-21 16:08:38 - [MESSAGE][INFO] - Action delay is set to 0 milliseconds

2021-01-21 16:08:39 - [MESSAGE][PASSED] - Browser is opened with url: ''

2021-01-21 16:08:40 - [MESSAGE][PASSED] - Navigate to 'https://dev-istools.homecredit.id/foundation/' successfully

2021-01-21 16:08:40 - [MESSAGE][PASSED] - Go to ISTools

2021-01-21 16:08:40 - [TEST_STEP][PASSED] - Login IST with valid credentials: Login IST with valid credentials

2021-01-21 16:08:40 - [MESSAGE][PASSED] - Text 'mobile.test' is set on object 'Object Repository/Page_/input_Username_j_username'

2021-01-21 16:08:40 - [MESSAGE][PASSED] - Text ****** has been set on object 'Object Repository/Page_/input_Password_j_password'

2021-01-21 16:08:40 - [MESSAGE][PASSED] - Object: 'Object Repository/Page_/button_Login' is clicked on

2021-01-21 16:08:40 - [MESSAGE][PASSED] - Login IST with valid credentials

2021-01-21 16:08:40 - [TEST_STEP][PASSED] - Login Success: Login Success

2021-01-21 16:08:40 - [MESSAGE][INFO] - Login Success

2021-01-21 16:08:40 - [MESSAGE][PASSED] - Current window maximized

2021-01-21 16:08:40 - [MESSAGE][PASSED] - Object 'Object Repository/Page_/h1_Welcome to IT Supporting Tools' is present

2021-01-21 16:08:40 - [MESSAGE][PASSED] - Login Success

2021-01-21 16:08:40 - [TEST_STEP][PASSED] - Select Arrow Menu "Real Time Disbursement": Select Arrow Menu "Real Time Disbursement"

2021-01-21 16:08:41 - [MESSAGE][PASSED] - Object: '' is clicked on

2021-01-21 16:08:41 - [MESSAGE][PASSED] - Select Arrow Menu "Real Time Disbursement"

2021-01-21 16:08:41 - [TEST_STEP][PASSED] - Select Menu "Partner Disbursement": Select Menu "Partner Disbursement"

2021-01-21 16:08:41 - [MESSAGE][PASSED] - Taking screenshot successfully
[[ATTACHMENT|/Users/chaidir.pratama01/Documents/Docs/Katalon Studio/Screenshot/test-Partner Disbursement.png]]

2021-01-21 16:08:41 - [MESSAGE][PASSED] - Object '' is present

2021-01-21 16:08:41 - [MESSAGE][PASSED] - Object: '' is clicked on

2021-01-21 16:08:41 - [MESSAGE][PASSED] - Wait for page load successfully

2021-01-21 16:08:41 - [MESSAGE][PASSED] - Select Menu "Partner Disbursement"

2021-01-21 16:08:41 - [TEST_STEP][PASSED] - Select STATUS "Failed due to invalid bank account": Select STATUS "Failed due to invalid bank account"

2021-01-21 16:08:41 - [MESSAGE][PASSED] - All options with value 'Failed due to invalid bank account' are selected in object ''  using regular expression

2021-01-21 16:08:41 - [MESSAGE][PASSED] - Select STATUS "Failed due to invalid bank account"

2021-01-21 16:08:41 - [TEST_STEP][PASSED] - Click button "Search": Click button "Search"

2021-01-21 16:08:41 - [MESSAGE][INFO] - >>>>>//Button[contains(text(),'Search')]

2021-01-21 16:08:45 - [MESSAGE][PASSED] - Object '' is present

2021-01-21 16:08:45 - [MESSAGE][PASSED] - Object: '' is clicked on

2021-01-21 16:08:45 - [MESSAGE][PASSED] - Switched to window with index: '0'

2021-01-21 16:08:45 - [MESSAGE][PASSED] - Click button "Search"

2021-01-21 16:08:45 - [TEST_STEP][PASSED] - Verify Search Result Presents: Verify Search Result Presents

2021-01-21 16:09:16 - [MESSAGE][INFO] - Unable to find the element located by 'By.xpath: //td[@style='display:none' and contains(text(),'-Empty-')]'. Please recheck the objects properties to make sure the desired element is located. 

2021-01-21 16:09:16 - [MESSAGE][WARNING] - com.kms.katalon.core.webui.exception.WebElementNotFoundException: Web element with id: '' located by '//td[@style='display:none' and contains(text(),'-Empty-')]' not found (Root cause: com.kms.katalon.core.exception.StepFailedException: com.kms.katalon.core.webui.exception.WebElementNotFoundException: Web element with id: '' located by '//td[@style='display:none' and contains(text(),'-Empty-')]' not found
	at com.kms.katalon.core.webui.keyword.internal.WebUIKeywordMain.stepFailed(WebUIKeywordMain.groovy:64)
	at com.kms.katalon.core.webui.keyword.builtin.VerifyElementPresentKeyword$_verifyElementPresent_closure1.doCall(VerifyElementPresentKeyword.groovy:85)
	at com.kms.katalon.core.webui.keyword.builtin.VerifyElementPresentKeyword$_verifyElementPresent_closure1.call(VerifyElementPresentKeyword.groovy)
	at com.kms.katalon.core.webui.keyword.internal.WebUIKeywordMain.runKeyword(WebUIKeywordMain.groovy:20)
	at com.kms.katalon.core.webui.keyword.builtin.VerifyElementPresentKeyword.verifyElementPresent(VerifyElementPresentKeyword.groovy:92)
	at com.kms.katalon.core.webui.keyword.builtin.VerifyElementPresentKeyword.execute(VerifyElementPresentKeyword.groovy:68)
	at com.kms.katalon.core.keyword.internal.KeywordExecutor.executeKeywordForPlatform(KeywordExecutor.groovy:73)
	at com.kms.katalon.core.webui.keyword.WebUiBuiltInKeywords.verifyElementPresent(WebUiBuiltInKeywords.groovy:1444)
	at com.kms.katalon.core.webui.keyword.WebUiBuiltInKeywords$verifyElementPresent$11.call(Unknown Source)
	at ist_real.Contract_Dispatcher.VerifyTblFilled(Contract_Dispatcher.groovy:1313)
	at ist_real.Contract_Dispatcher$VerifyTblFilled$0.call(Unknown Source)
	at RTD.Search_Result_Presents(RTD.groovy:187)
	at cucumber.runtime.Utils$1.call(Utils.java:26)
	at cucumber.runtime.Timeout.timeout(Timeout.java:16)
	at cucumber.runtime.Utils.invoke(Utils.java:20)
	at cucumber.runtime.java.JavaStepDefinition.execute(JavaStepDefinition.java:48)
	at cucumber.runtime.PickleStepDefinitionMatch.runStep(PickleStepDefinitionMatch.java:50)
	at cucumber.runner.TestStep.executeStep(TestStep.java:55)
	at cucumber.runner.TestStep.run(TestStep.java:42)
	at cucumber.runner.PickleStepTestStep.run(PickleStepTestStep.java:53)
	at cucumber.runner.TestCase.run(TestCase.java:47)
	at cucumber.runner.Runner.runPickle(Runner.java:44)
	at cucumber.runtime.Runtime.runFeature(Runtime.java:120)
	at cucumber.runtime.Runtime.run(Runtime.java:106)
	at cucumber.api.cli.Main.run(Main.java:35)
	at cucumber.api.cli.Main$run.call(Unknown Source)
	at com.kms.katalon.core.cucumber.keyword.CucumberBuiltinKeywords$_runFeatureFile_closure1.doCall(CucumberBuiltinKeywords.groovy:76)
	at com.kms.katalon.core.cucumber.keyword.CucumberBuiltinKeywords$_runFeatureFile_closure1.doCall(CucumberBuiltinKeywords.groovy)
	at com.kms.katalon.core.keyword.internal.KeywordMain.runKeyword(KeywordMain.groovy:68)
	at com.kms.katalon.core.keyword.internal.KeywordMain$runKeyword.call(Unknown Source)
	at com.kms.katalon.core.cucumber.keyword.CucumberBuiltinKeywords.runFeatureFile(CucumberBuiltinKeywords.groovy:46)
	at com.kms.katalon.core.cucumber.keyword.CucumberBuiltinKeywords$runFeatureFile$0.callStatic(Unknown Source)
	at com.kms.katalon.core.cucumber.keyword.CucumberBuiltinKeywords.runFeatureFile(CucumberBuiltinKeywords.groovy:169)
	at com.kms.katalon.core.cucumber.keyword.CucumberBuiltinKeywords$runFeatureFile.call(Unknown Source)
	at TC_Search_by_STATUS.run(TC_Search_by_STATUS:18)
	at com.kms.katalon.core.main.ScriptEngine.run(ScriptEngine.java:194)
	at com.kms.katalon.core.main.ScriptEngine.runScriptAsRawText(ScriptEngine.java:119)
	at com.kms.katalon.core.main.TestCaseExecutor.runScript(TestCaseExecutor.java:339)
	at com.kms.katalon.core.main.TestCaseExecutor.doExecute(TestCaseExecutor.java:330)
	at com.kms.katalon.core.main.TestCaseExecutor.processExecutionPhase(TestCaseExecutor.java:309)
	at com.kms.katalon.core.main.TestCaseExecutor.accessMainPhase(TestCaseExecutor.java:301)
	at com.kms.katalon.core.main.TestCaseExecutor.execute(TestCaseExecutor.java:235)
	at com.kms.katalon.core.main.TestSuiteExecutor.accessTestCaseMainPhase(TestSuiteExecutor.java:191)
	at com.kms.katalon.core.main.TestSuiteExecutor.accessTestSuiteMainPhase(TestSuiteExecutor.java:141)
	at com.kms.katalon.core.main.TestSuiteExecutor.execute(TestSuiteExecutor.java:90)
	at com.kms.katalon.core.main.TestCaseMain.startTestSuite(TestCaseMain.java:157)
	at com.kms.katalon.core.main.TestCaseMain$startTestSuite$0.call(Unknown Source)
	at TempTestSuite1611218221584.run(TempTestSuite1611218221584.groovy:39)
)
[[ATTACHMENT|/Users/chaidir.pratama01/Katalon Studio/IST_Automation_Git/Reports/20210121_153655/RTD/TS_Partner_Disbursement/20210121_153701/1611220156094.png]]

2021-01-21 16:09:16 - [MESSAGE][PASSED] - Verify Search Result Presents

2021-01-21 16:09:16 - [TEST_STEP][PASSED] - Click button "Logout": Click button "Logout"

2021-01-21 16:09:16 - [MESSAGE][INFO] - >>>>>//Button[contains(text(),'Logout')]

2021-01-21 16:09:19 - [MESSAGE][PASSED] - Object '' is present

2021-01-21 16:09:19 - [MESSAGE][PASSED] - Object: '' is clicked on

2021-01-21 16:09:19 - [MESSAGE][PASSED] - Switched to window with index: '0'

2021-01-21 16:09:19 - [MESSAGE][PASSED] - Click button "Logout"

2021-01-21 16:09:19 - [TEST_STEP][PASSED] - Close browser: Close browser

2021-01-21 16:09:19 - [MESSAGE][PASSED] - Browser is closed

2021-01-21 16:09:19 - [MESSAGE][PASSED] - Close browser

2021-01-21 16:09:19 - [TEST_CASE][PASSED] - Start Test Case : SCENARIO Search by STATUS Failed due to system error: SCENARIO Search by STATUS Failed due to system error

2021-01-21 16:09:19 - [TEST_STEP][PASSED] - Go to ISTools: Go to ISTools

2021-01-21 16:09:19 - [MESSAGE][INFO] - Starting 'Chrome (headless)' driver

2021-01-21 16:09:19 - [MESSAGE][INFO] - User set preference: ['args', '[--start-maximized, --disable-gpu, --no-proxy-server, â€“-no-sandbox, --allow-running-insecure-content, --ignore-certificate-errors, window-size=1680,814, force-device-scale-factor=2, --lang=en-GB]']

2021-01-21 16:09:19 - [MESSAGE][INFO] - User set preference: ['prefs', '{download.default_directory=/Users/chaidir.pratama01/Katalon Studio/IST_Automation_Git/Download}']

2021-01-21 16:09:19 - [MESSAGE][INFO] - Action delay is set to 0 milliseconds

2021-01-21 16:09:20 - [MESSAGE][PASSED] - Browser is opened with url: ''

2021-01-21 16:09:21 - [MESSAGE][PASSED] - Navigate to 'https://dev-istools.homecredit.id/foundation/' successfully

2021-01-21 16:09:21 - [MESSAGE][PASSED] - Go to ISTools

2021-01-21 16:09:21 - [TEST_STEP][PASSED] - Login IST with valid credentials: Login IST with valid credentials

2021-01-21 16:09:21 - [MESSAGE][PASSED] - Text 'mobile.test' is set on object 'Object Repository/Page_/input_Username_j_username'

2021-01-21 16:09:21 - [MESSAGE][PASSED] - Text ****** has been set on object 'Object Repository/Page_/input_Password_j_password'

2021-01-21 16:09:21 - [MESSAGE][PASSED] - Object: 'Object Repository/Page_/button_Login' is clicked on

2021-01-21 16:09:21 - [MESSAGE][PASSED] - Login IST with valid credentials

2021-01-21 16:09:21 - [TEST_STEP][PASSED] - Login Success: Login Success

2021-01-21 16:09:21 - [MESSAGE][INFO] - Login Success

2021-01-21 16:09:21 - [MESSAGE][PASSED] - Current window maximized

2021-01-21 16:09:21 - [MESSAGE][PASSED] - Object 'Object Repository/Page_/h1_Welcome to IT Supporting Tools' is present

2021-01-21 16:09:21 - [MESSAGE][PASSED] - Login Success

2021-01-21 16:09:21 - [TEST_STEP][PASSED] - Select Arrow Menu "Real Time Disbursement": Select Arrow Menu "Real Time Disbursement"

2021-01-21 16:09:21 - [MESSAGE][PASSED] - Object: '' is clicked on

2021-01-21 16:09:21 - [MESSAGE][PASSED] - Select Arrow Menu "Real Time Disbursement"

2021-01-21 16:09:21 - [TEST_STEP][PASSED] - Select Menu "Partner Disbursement": Select Menu "Partner Disbursement"

2021-01-21 16:09:22 - [MESSAGE][PASSED] - Taking screenshot successfully
[[ATTACHMENT|/Users/chaidir.pratama01/Documents/Docs/Katalon Studio/Screenshot/test-Partner Disbursement.png]]

2021-01-21 16:09:22 - [MESSAGE][PASSED] - Object '' is present

2021-01-21 16:09:22 - [MESSAGE][PASSED] - Object: '' is clicked on

2021-01-21 16:09:22 - [MESSAGE][PASSED] - Wait for page load successfully

2021-01-21 16:09:22 - [MESSAGE][PASSED] - Select Menu "Partner Disbursement"

2021-01-21 16:09:22 - [TEST_STEP][PASSED] - Select STATUS "Failed due to system error": Select STATUS "Failed due to system error"

2021-01-21 16:09:22 - [MESSAGE][PASSED] - All options with value 'Failed due to system error' are selected in object ''  using regular expression

2021-01-21 16:09:22 - [MESSAGE][PASSED] - Select STATUS "Failed due to system error"

2021-01-21 16:09:22 - [TEST_STEP][PASSED] - Click button "Search": Click button "Search"

2021-01-21 16:09:22 - [MESSAGE][INFO] - >>>>>//Button[contains(text(),'Search')]

2021-01-21 16:09:25 - [MESSAGE][PASSED] - Object '' is present

2021-01-21 16:09:25 - [MESSAGE][PASSED] - Object: '' is clicked on

2021-01-21 16:09:25 - [MESSAGE][PASSED] - Switched to window with index: '0'

2021-01-21 16:09:25 - [MESSAGE][PASSED] - Click button "Search"

2021-01-21 16:09:25 - [TEST_STEP][PASSED] - Verify Search Result Presents: Verify Search Result Presents

2021-01-21 16:09:26 - [MESSAGE][PASSED] - Object '' is present

2021-01-21 16:09:27 - [MESSAGE][PASSED] - Verify Search Result Presents

2021-01-21 16:09:27 - [TEST_STEP][PASSED] - Click button "Logout": Click button "Logout"

2021-01-21 16:09:27 - [MESSAGE][INFO] - >>>>>//Button[contains(text(),'Logout')]

2021-01-21 16:09:30 - [MESSAGE][PASSED] - Object '' is present

2021-01-21 16:09:30 - [MESSAGE][PASSED] - Object: '' is clicked on

2021-01-21 16:09:30 - [MESSAGE][PASSED] - Switched to window with index: '0'

2021-01-21 16:09:30 - [MESSAGE][PASSED] - Click button "Logout"

2021-01-21 16:09:30 - [TEST_STEP][PASSED] - Close browser: Close browser

2021-01-21 16:09:31 - [MESSAGE][PASSED] - Browser is closed

2021-01-21 16:09:31 - [MESSAGE][PASSED] - Close browser

2021-01-21 16:09:31 - [TEST_CASE][PASSED] - Start Test Case : SCENARIO Search by STATUS Failed due to insufficient fund: SCENARIO Search by STATUS Failed due to insufficient fund

2021-01-21 16:09:31 - [TEST_STEP][PASSED] - Go to ISTools: Go to ISTools

2021-01-21 16:09:31 - [MESSAGE][INFO] - Starting 'Chrome (headless)' driver

2021-01-21 16:09:31 - [MESSAGE][INFO] - User set preference: ['args', '[--start-maximized, --disable-gpu, --no-proxy-server, â€“-no-sandbox, --allow-running-insecure-content, --ignore-certificate-errors, window-size=1680,814, force-device-scale-factor=2, --lang=en-GB]']

2021-01-21 16:09:31 - [MESSAGE][INFO] - User set preference: ['prefs', '{download.default_directory=/Users/chaidir.pratama01/Katalon Studio/IST_Automation_Git/Download}']

2021-01-21 16:09:31 - [MESSAGE][INFO] - Action delay is set to 0 milliseconds

2021-01-21 16:09:31 - [MESSAGE][PASSED] - Browser is opened with url: ''

2021-01-21 16:09:32 - [MESSAGE][PASSED] - Navigate to 'https://dev-istools.homecredit.id/foundation/' successfully

2021-01-21 16:09:32 - [MESSAGE][PASSED] - Go to ISTools

2021-01-21 16:09:32 - [TEST_STEP][PASSED] - Login IST with valid credentials: Login IST with valid credentials

2021-01-21 16:09:32 - [MESSAGE][PASSED] - Text 'mobile.test' is set on object 'Object Repository/Page_/input_Username_j_username'

2021-01-21 16:09:32 - [MESSAGE][PASSED] - Text ****** has been set on object 'Object Repository/Page_/input_Password_j_password'

2021-01-21 16:09:32 - [MESSAGE][PASSED] - Object: 'Object Repository/Page_/button_Login' is clicked on

2021-01-21 16:09:32 - [MESSAGE][PASSED] - Login IST with valid credentials

2021-01-21 16:09:32 - [TEST_STEP][PASSED] - Login Success: Login Success

2021-01-21 16:09:32 - [MESSAGE][INFO] - Login Success

2021-01-21 16:09:32 - [MESSAGE][PASSED] - Current window maximized

2021-01-21 16:09:32 - [MESSAGE][PASSED] - Object 'Object Repository/Page_/h1_Welcome to IT Supporting Tools' is present

2021-01-21 16:09:32 - [MESSAGE][PASSED] - Login Success

2021-01-21 16:09:32 - [TEST_STEP][PASSED] - Select Arrow Menu "Real Time Disbursement": Select Arrow Menu "Real Time Disbursement"

2021-01-21 16:09:32 - [MESSAGE][PASSED] - Object: '' is clicked on

2021-01-21 16:09:32 - [MESSAGE][PASSED] - Select Arrow Menu "Real Time Disbursement"

2021-01-21 16:09:32 - [TEST_STEP][PASSED] - Select Menu "Partner Disbursement": Select Menu "Partner Disbursement"

2021-01-21 16:09:33 - [MESSAGE][PASSED] - Taking screenshot successfully
[[ATTACHMENT|/Users/chaidir.pratama01/Documents/Docs/Katalon Studio/Screenshot/test-Partner Disbursement.png]]

2021-01-21 16:09:33 - [MESSAGE][PASSED] - Object '' is present

2021-01-21 16:09:33 - [MESSAGE][PASSED] - Object: '' is clicked on

2021-01-21 16:09:33 - [MESSAGE][PASSED] - Wait for page load successfully

2021-01-21 16:09:33 - [MESSAGE][PASSED] - Select Menu "Partner Disbursement"

2021-01-21 16:09:33 - [TEST_STEP][PASSED] - Select STATUS "Failed due to insufficient fund": Select STATUS "Failed due to insufficient fund"

2021-01-21 16:09:33 - [MESSAGE][PASSED] - All options with value 'Failed due to insufficient fund' are selected in object ''  using regular expression

2021-01-21 16:09:33 - [MESSAGE][PASSED] - Select STATUS "Failed due to insufficient fund"

2021-01-21 16:09:33 - [TEST_STEP][PASSED] - Click button "Search": Click button "Search"

2021-01-21 16:09:33 - [MESSAGE][INFO] - >>>>>//Button[contains(text(),'Search')]

2021-01-21 16:09:36 - [MESSAGE][PASSED] - Object '' is present

2021-01-21 16:09:36 - [MESSAGE][PASSED] - Object: '' is clicked on

2021-01-21 16:09:36 - [MESSAGE][PASSED] - Switched to window with index: '0'

2021-01-21 16:09:36 - [MESSAGE][PASSED] - Click button "Search"

2021-01-21 16:09:36 - [TEST_STEP][PASSED] - Verify Search Result Presents: Verify Search Result Presents

2021-01-21 16:10:07 - [MESSAGE][INFO] - Unable to find the element located by 'By.xpath: //td[@style='display:none' and contains(text(),'-Empty-')]'. Please recheck the objects properties to make sure the desired element is located. 

2021-01-21 16:10:08 - [MESSAGE][WARNING] - com.kms.katalon.core.webui.exception.WebElementNotFoundException: Web element with id: '' located by '//td[@style='display:none' and contains(text(),'-Empty-')]' not found (Root cause: com.kms.katalon.core.exception.StepFailedException: com.kms.katalon.core.webui.exception.WebElementNotFoundException: Web element with id: '' located by '//td[@style='display:none' and contains(text(),'-Empty-')]' not found
	at com.kms.katalon.core.webui.keyword.internal.WebUIKeywordMain.stepFailed(WebUIKeywordMain.groovy:64)
	at com.kms.katalon.core.webui.keyword.builtin.VerifyElementPresentKeyword$_verifyElementPresent_closure1.doCall(VerifyElementPresentKeyword.groovy:85)
	at com.kms.katalon.core.webui.keyword.builtin.VerifyElementPresentKeyword$_verifyElementPresent_closure1.call(VerifyElementPresentKeyword.groovy)
	at com.kms.katalon.core.webui.keyword.internal.WebUIKeywordMain.runKeyword(WebUIKeywordMain.groovy:20)
	at com.kms.katalon.core.webui.keyword.builtin.VerifyElementPresentKeyword.verifyElementPresent(VerifyElementPresentKeyword.groovy:92)
	at com.kms.katalon.core.webui.keyword.builtin.VerifyElementPresentKeyword.execute(VerifyElementPresentKeyword.groovy:68)
	at com.kms.katalon.core.keyword.internal.KeywordExecutor.executeKeywordForPlatform(KeywordExecutor.groovy:73)
	at com.kms.katalon.core.webui.keyword.WebUiBuiltInKeywords.verifyElementPresent(WebUiBuiltInKeywords.groovy:1444)
	at com.kms.katalon.core.webui.keyword.WebUiBuiltInKeywords$verifyElementPresent$11.call(Unknown Source)
	at ist_real.Contract_Dispatcher.VerifyTblFilled(Contract_Dispatcher.groovy:1313)
	at ist_real.Contract_Dispatcher$VerifyTblFilled$0.call(Unknown Source)
	at RTD.Search_Result_Presents(RTD.groovy:187)
	at cucumber.runtime.Utils$1.call(Utils.java:26)
	at cucumber.runtime.Timeout.timeout(Timeout.java:16)
	at cucumber.runtime.Utils.invoke(Utils.java:20)
	at cucumber.runtime.java.JavaStepDefinition.execute(JavaStepDefinition.java:48)
	at cucumber.runtime.PickleStepDefinitionMatch.runStep(PickleStepDefinitionMatch.java:50)
	at cucumber.runner.TestStep.executeStep(TestStep.java:55)
	at cucumber.runner.TestStep.run(TestStep.java:42)
	at cucumber.runner.PickleStepTestStep.run(PickleStepTestStep.java:53)
	at cucumber.runner.TestCase.run(TestCase.java:47)
	at cucumber.runner.Runner.runPickle(Runner.java:44)
	at cucumber.runtime.Runtime.runFeature(Runtime.java:120)
	at cucumber.runtime.Runtime.run(Runtime.java:106)
	at cucumber.api.cli.Main.run(Main.java:35)
	at cucumber.api.cli.Main$run.call(Unknown Source)
	at com.kms.katalon.core.cucumber.keyword.CucumberBuiltinKeywords$_runFeatureFile_closure1.doCall(CucumberBuiltinKeywords.groovy:76)
	at com.kms.katalon.core.cucumber.keyword.CucumberBuiltinKeywords$_runFeatureFile_closure1.doCall(CucumberBuiltinKeywords.groovy)
	at com.kms.katalon.core.keyword.internal.KeywordMain.runKeyword(KeywordMain.groovy:68)
	at com.kms.katalon.core.keyword.internal.KeywordMain$runKeyword.call(Unknown Source)
	at com.kms.katalon.core.cucumber.keyword.CucumberBuiltinKeywords.runFeatureFile(CucumberBuiltinKeywords.groovy:46)
	at com.kms.katalon.core.cucumber.keyword.CucumberBuiltinKeywords$runFeatureFile$0.callStatic(Unknown Source)
	at com.kms.katalon.core.cucumber.keyword.CucumberBuiltinKeywords.runFeatureFile(CucumberBuiltinKeywords.groovy:169)
	at com.kms.katalon.core.cucumber.keyword.CucumberBuiltinKeywords$runFeatureFile.call(Unknown Source)
	at TC_Search_by_STATUS.run(TC_Search_by_STATUS:18)
	at com.kms.katalon.core.main.ScriptEngine.run(ScriptEngine.java:194)
	at com.kms.katalon.core.main.ScriptEngine.runScriptAsRawText(ScriptEngine.java:119)
	at com.kms.katalon.core.main.TestCaseExecutor.runScript(TestCaseExecutor.java:339)
	at com.kms.katalon.core.main.TestCaseExecutor.doExecute(TestCaseExecutor.java:330)
	at com.kms.katalon.core.main.TestCaseExecutor.processExecutionPhase(TestCaseExecutor.java:309)
	at com.kms.katalon.core.main.TestCaseExecutor.accessMainPhase(TestCaseExecutor.java:301)
	at com.kms.katalon.core.main.TestCaseExecutor.execute(TestCaseExecutor.java:235)
	at com.kms.katalon.core.main.TestSuiteExecutor.accessTestCaseMainPhase(TestSuiteExecutor.java:191)
	at com.kms.katalon.core.main.TestSuiteExecutor.accessTestSuiteMainPhase(TestSuiteExecutor.java:141)
	at com.kms.katalon.core.main.TestSuiteExecutor.execute(TestSuiteExecutor.java:90)
	at com.kms.katalon.core.main.TestCaseMain.startTestSuite(TestCaseMain.java:157)
	at com.kms.katalon.core.main.TestCaseMain$startTestSuite$0.call(Unknown Source)
	at TempTestSuite1611218221584.run(TempTestSuite1611218221584.groovy:39)
)
[[ATTACHMENT|/Users/chaidir.pratama01/Katalon Studio/IST_Automation_Git/Reports/20210121_153655/RTD/TS_Partner_Disbursement/20210121_153701/1611220207962.png]]

2021-01-21 16:10:08 - [MESSAGE][PASSED] - Verify Search Result Presents

2021-01-21 16:10:08 - [TEST_STEP][PASSED] - Click button "Logout": Click button "Logout"

2021-01-21 16:10:08 - [MESSAGE][INFO] - >>>>>//Button[contains(text(),'Logout')]

2021-01-21 16:10:11 - [MESSAGE][PASSED] - Object '' is present

2021-01-21 16:10:11 - [MESSAGE][PASSED] - Object: '' is clicked on

2021-01-21 16:10:11 - [MESSAGE][PASSED] - Switched to window with index: '0'

2021-01-21 16:10:11 - [MESSAGE][PASSED] - Click button "Logout"

2021-01-21 16:10:11 - [TEST_STEP][PASSED] - Close browser: Close browser

2021-01-21 16:10:11 - [MESSAGE][PASSED] - Browser is closed

2021-01-21 16:10:11 - [MESSAGE][PASSED] - Close browser

2021-01-21 16:10:11 - [TEST_CASE][PASSED] - Start Test Case : SCENARIO Search by STATUS Failed due to not supported bank: SCENARIO Search by STATUS Failed due to not supported bank

2021-01-21 16:10:11 - [TEST_STEP][PASSED] - Go to ISTools: Go to ISTools

2021-01-21 16:10:11 - [MESSAGE][INFO] - Starting 'Chrome (headless)' driver

2021-01-21 16:10:11 - [MESSAGE][INFO] - User set preference: ['args', '[--start-maximized, --disable-gpu, --no-proxy-server, â€“-no-sandbox, --allow-running-insecure-content, --ignore-certificate-errors, window-size=1680,814, force-device-scale-factor=2, --lang=en-GB]']

2021-01-21 16:10:11 - [MESSAGE][INFO] - User set preference: ['prefs', '{download.default_directory=/Users/chaidir.pratama01/Katalon Studio/IST_Automation_Git/Download}']

2021-01-21 16:10:11 - [MESSAGE][INFO] - Action delay is set to 0 milliseconds

2021-01-21 16:10:12 - [MESSAGE][PASSED] - Browser is opened with url: ''

2021-01-21 16:10:13 - [MESSAGE][PASSED] - Navigate to 'https://dev-istools.homecredit.id/foundation/' successfully

2021-01-21 16:10:13 - [MESSAGE][PASSED] - Go to ISTools

2021-01-21 16:10:13 - [TEST_STEP][PASSED] - Login IST with valid credentials: Login IST with valid credentials

2021-01-21 16:10:13 - [MESSAGE][PASSED] - Text 'mobile.test' is set on object 'Object Repository/Page_/input_Username_j_username'

2021-01-21 16:10:13 - [MESSAGE][PASSED] - Text ****** has been set on object 'Object Repository/Page_/input_Password_j_password'

2021-01-21 16:10:13 - [MESSAGE][PASSED] - Object: 'Object Repository/Page_/button_Login' is clicked on

2021-01-21 16:10:13 - [MESSAGE][PASSED] - Login IST with valid credentials

2021-01-21 16:10:13 - [TEST_STEP][PASSED] - Login Success: Login Success

2021-01-21 16:10:13 - [MESSAGE][INFO] - Login Success

2021-01-21 16:10:14 - [MESSAGE][PASSED] - Current window maximized

2021-01-21 16:10:14 - [MESSAGE][PASSED] - Object 'Object Repository/Page_/h1_Welcome to IT Supporting Tools' is present

2021-01-21 16:10:14 - [MESSAGE][PASSED] - Login Success

2021-01-21 16:10:14 - [TEST_STEP][PASSED] - Select Arrow Menu "Real Time Disbursement": Select Arrow Menu "Real Time Disbursement"

2021-01-21 16:10:14 - [MESSAGE][PASSED] - Object: '' is clicked on

2021-01-21 16:10:14 - [MESSAGE][PASSED] - Select Arrow Menu "Real Time Disbursement"

2021-01-21 16:10:14 - [TEST_STEP][PASSED] - Select Menu "Partner Disbursement": Select Menu "Partner Disbursement"

2021-01-21 16:10:14 - [MESSAGE][PASSED] - Taking screenshot successfully
[[ATTACHMENT|/Users/chaidir.pratama01/Documents/Docs/Katalon Studio/Screenshot/test-Partner Disbursement.png]]

2021-01-21 16:10:14 - [MESSAGE][PASSED] - Object '' is present

2021-01-21 16:10:14 - [MESSAGE][PASSED] - Object: '' is clicked on

2021-01-21 16:10:14 - [MESSAGE][PASSED] - Wait for page load successfully

2021-01-21 16:10:14 - [MESSAGE][PASSED] - Select Menu "Partner Disbursement"

2021-01-21 16:10:14 - [TEST_STEP][PASSED] - Select STATUS "Failed due to not supported bank": Select STATUS "Failed due to not supported bank"

2021-01-21 16:10:15 - [MESSAGE][PASSED] - All options with value 'Failed due to not supported bank' are selected in object ''  using regular expression

2021-01-21 16:10:15 - [MESSAGE][PASSED] - Select STATUS "Failed due to not supported bank"

2021-01-21 16:10:15 - [TEST_STEP][PASSED] - Click button "Search": Click button "Search"

2021-01-21 16:10:15 - [MESSAGE][INFO] - >>>>>//Button[contains(text(),'Search')]

2021-01-21 16:10:18 - [MESSAGE][PASSED] - Object '' is present

2021-01-21 16:10:18 - [MESSAGE][PASSED] - Object: '' is clicked on

2021-01-21 16:10:18 - [MESSAGE][PASSED] - Switched to window with index: '0'

2021-01-21 16:10:18 - [MESSAGE][PASSED] - Click button "Search"

2021-01-21 16:10:18 - [TEST_STEP][PASSED] - Verify Search Result Presents: Verify Search Result Presents

2021-01-21 16:10:49 - [MESSAGE][INFO] - Unable to find the element located by 'By.xpath: //td[@style='display:none' and contains(text(),'-Empty-')]'. Please recheck the objects properties to make sure the desired element is located. 

2021-01-21 16:10:49 - [MESSAGE][WARNING] - com.kms.katalon.core.webui.exception.WebElementNotFoundException: Web element with id: '' located by '//td[@style='display:none' and contains(text(),'-Empty-')]' not found (Root cause: com.kms.katalon.core.exception.StepFailedException: com.kms.katalon.core.webui.exception.WebElementNotFoundException: Web element with id: '' located by '//td[@style='display:none' and contains(text(),'-Empty-')]' not found
	at com.kms.katalon.core.webui.keyword.internal.WebUIKeywordMain.stepFailed(WebUIKeywordMain.groovy:64)
	at com.kms.katalon.core.webui.keyword.builtin.VerifyElementPresentKeyword$_verifyElementPresent_closure1.doCall(VerifyElementPresentKeyword.groovy:85)
	at com.kms.katalon.core.webui.keyword.builtin.VerifyElementPresentKeyword$_verifyElementPresent_closure1.call(VerifyElementPresentKeyword.groovy)
	at com.kms.katalon.core.webui.keyword.internal.WebUIKeywordMain.runKeyword(WebUIKeywordMain.groovy:20)
	at com.kms.katalon.core.webui.keyword.builtin.VerifyElementPresentKeyword.verifyElementPresent(VerifyElementPresentKeyword.groovy:92)
	at com.kms.katalon.core.webui.keyword.builtin.VerifyElementPresentKeyword.execute(VerifyElementPresentKeyword.groovy:68)
	at com.kms.katalon.core.keyword.internal.KeywordExecutor.executeKeywordForPlatform(KeywordExecutor.groovy:73)
	at com.kms.katalon.core.webui.keyword.WebUiBuiltInKeywords.verifyElementPresent(WebUiBuiltInKeywords.groovy:1444)
	at com.kms.katalon.core.webui.keyword.WebUiBuiltInKeywords$verifyElementPresent$11.call(Unknown Source)
	at ist_real.Contract_Dispatcher.VerifyTblFilled(Contract_Dispatcher.groovy:1313)
	at ist_real.Contract_Dispatcher$VerifyTblFilled$0.call(Unknown Source)
	at RTD.Search_Result_Presents(RTD.groovy:187)
	at cucumber.runtime.Utils$1.call(Utils.java:26)
	at cucumber.runtime.Timeout.timeout(Timeout.java:16)
	at cucumber.runtime.Utils.invoke(Utils.java:20)
	at cucumber.runtime.java.JavaStepDefinition.execute(JavaStepDefinition.java:48)
	at cucumber.runtime.PickleStepDefinitionMatch.runStep(PickleStepDefinitionMatch.java:50)
	at cucumber.runner.TestStep.executeStep(TestStep.java:55)
	at cucumber.runner.TestStep.run(TestStep.java:42)
	at cucumber.runner.PickleStepTestStep.run(PickleStepTestStep.java:53)
	at cucumber.runner.TestCase.run(TestCase.java:47)
	at cucumber.runner.Runner.runPickle(Runner.java:44)
	at cucumber.runtime.Runtime.runFeature(Runtime.java:120)
	at cucumber.runtime.Runtime.run(Runtime.java:106)
	at cucumber.api.cli.Main.run(Main.java:35)
	at cucumber.api.cli.Main$run.call(Unknown Source)
	at com.kms.katalon.core.cucumber.keyword.CucumberBuiltinKeywords$_runFeatureFile_closure1.doCall(CucumberBuiltinKeywords.groovy:76)
	at com.kms.katalon.core.cucumber.keyword.CucumberBuiltinKeywords$_runFeatureFile_closure1.doCall(CucumberBuiltinKeywords.groovy)
	at com.kms.katalon.core.keyword.internal.KeywordMain.runKeyword(KeywordMain.groovy:68)
	at com.kms.katalon.core.keyword.internal.KeywordMain$runKeyword.call(Unknown Source)
	at com.kms.katalon.core.cucumber.keyword.CucumberBuiltinKeywords.runFeatureFile(CucumberBuiltinKeywords.groovy:46)
	at com.kms.katalon.core.cucumber.keyword.CucumberBuiltinKeywords$runFeatureFile$0.callStatic(Unknown Source)
	at com.kms.katalon.core.cucumber.keyword.CucumberBuiltinKeywords.runFeatureFile(CucumberBuiltinKeywords.groovy:169)
	at com.kms.katalon.core.cucumber.keyword.CucumberBuiltinKeywords$runFeatureFile.call(Unknown Source)
	at TC_Search_by_STATUS.run(TC_Search_by_STATUS:18)
	at com.kms.katalon.core.main.ScriptEngine.run(ScriptEngine.java:194)
	at com.kms.katalon.core.main.ScriptEngine.runScriptAsRawText(ScriptEngine.java:119)
	at com.kms.katalon.core.main.TestCaseExecutor.runScript(TestCaseExecutor.java:339)
	at com.kms.katalon.core.main.TestCaseExecutor.doExecute(TestCaseExecutor.java:330)
	at com.kms.katalon.core.main.TestCaseExecutor.processExecutionPhase(TestCaseExecutor.java:309)
	at com.kms.katalon.core.main.TestCaseExecutor.accessMainPhase(TestCaseExecutor.java:301)
	at com.kms.katalon.core.main.TestCaseExecutor.execute(TestCaseExecutor.java:235)
	at com.kms.katalon.core.main.TestSuiteExecutor.accessTestCaseMainPhase(TestSuiteExecutor.java:191)
	at com.kms.katalon.core.main.TestSuiteExecutor.accessTestSuiteMainPhase(TestSuiteExecutor.java:141)
	at com.kms.katalon.core.main.TestSuiteExecutor.execute(TestSuiteExecutor.java:90)
	at com.kms.katalon.core.main.TestCaseMain.startTestSuite(TestCaseMain.java:157)
	at com.kms.katalon.core.main.TestCaseMain$startTestSuite$0.call(Unknown Source)
	at TempTestSuite1611218221584.run(TempTestSuite1611218221584.groovy:39)
)
[[ATTACHMENT|/Users/chaidir.pratama01/Katalon Studio/IST_Automation_Git/Reports/20210121_153655/RTD/TS_Partner_Disbursement/20210121_153701/1611220249343.png]]

2021-01-21 16:10:49 - [MESSAGE][PASSED] - Verify Search Result Presents

2021-01-21 16:10:49 - [TEST_STEP][PASSED] - Click button "Logout": Click button "Logout"

2021-01-21 16:10:49 - [MESSAGE][INFO] - >>>>>//Button[contains(text(),'Logout')]

2021-01-21 16:10:52 - [MESSAGE][PASSED] - Object '' is present

2021-01-21 16:10:53 - [MESSAGE][PASSED] - Object: '' is clicked on

2021-01-21 16:10:53 - [MESSAGE][PASSED] - Switched to window with index: '0'

2021-01-21 16:10:53 - [MESSAGE][PASSED] - Click button "Logout"

2021-01-21 16:10:53 - [TEST_STEP][PASSED] - Close browser: Close browser

2021-01-21 16:10:53 - [MESSAGE][PASSED] - Browser is closed

2021-01-21 16:10:53 - [MESSAGE][PASSED] - Close browser

2021-01-21 16:10:53 - [TEST_CASE][PASSED] - Start Test Case : SCENARIO Search by STATUS Manual Disbursement: SCENARIO Search by STATUS Manual Disbursement

2021-01-21 16:10:53 - [TEST_STEP][PASSED] - Go to ISTools: Go to ISTools

2021-01-21 16:10:53 - [MESSAGE][INFO] - Starting 'Chrome (headless)' driver

2021-01-21 16:10:53 - [MESSAGE][INFO] - User set preference: ['args', '[--start-maximized, --disable-gpu, --no-proxy-server, â€“-no-sandbox, --allow-running-insecure-content, --ignore-certificate-errors, window-size=1680,814, force-device-scale-factor=2, --lang=en-GB]']

2021-01-21 16:10:53 - [MESSAGE][INFO] - User set preference: ['prefs', '{download.default_directory=/Users/chaidir.pratama01/Katalon Studio/IST_Automation_Git/Download}']

2021-01-21 16:10:53 - [MESSAGE][INFO] - Action delay is set to 0 milliseconds

2021-01-21 16:10:53 - [MESSAGE][PASSED] - Browser is opened with url: ''

2021-01-21 16:10:54 - [MESSAGE][PASSED] - Navigate to 'https://dev-istools.homecredit.id/foundation/' successfully

2021-01-21 16:10:54 - [MESSAGE][PASSED] - Go to ISTools

2021-01-21 16:10:54 - [TEST_STEP][PASSED] - Login IST with valid credentials: Login IST with valid credentials

2021-01-21 16:10:54 - [MESSAGE][PASSED] - Text 'mobile.test' is set on object 'Object Repository/Page_/input_Username_j_username'

2021-01-21 16:10:54 - [MESSAGE][PASSED] - Text ****** has been set on object 'Object Repository/Page_/input_Password_j_password'

2021-01-21 16:10:54 - [MESSAGE][PASSED] - Object: 'Object Repository/Page_/button_Login' is clicked on

2021-01-21 16:10:54 - [MESSAGE][PASSED] - Login IST with valid credentials

2021-01-21 16:10:54 - [TEST_STEP][PASSED] - Login Success: Login Success

2021-01-21 16:10:54 - [MESSAGE][INFO] - Login Success

2021-01-21 16:10:54 - [MESSAGE][PASSED] - Current window maximized

2021-01-21 16:10:54 - [MESSAGE][PASSED] - Object 'Object Repository/Page_/h1_Welcome to IT Supporting Tools' is present

2021-01-21 16:10:54 - [MESSAGE][PASSED] - Login Success

2021-01-21 16:10:54 - [TEST_STEP][PASSED] - Select Arrow Menu "Real Time Disbursement": Select Arrow Menu "Real Time Disbursement"

2021-01-21 16:10:55 - [MESSAGE][PASSED] - Object: '' is clicked on

2021-01-21 16:10:55 - [MESSAGE][PASSED] - Select Arrow Menu "Real Time Disbursement"

2021-01-21 16:10:55 - [TEST_STEP][PASSED] - Select Menu "Partner Disbursement": Select Menu "Partner Disbursement"

2021-01-21 16:10:55 - [MESSAGE][PASSED] - Taking screenshot successfully
[[ATTACHMENT|/Users/chaidir.pratama01/Documents/Docs/Katalon Studio/Screenshot/test-Partner Disbursement.png]]

2021-01-21 16:10:55 - [MESSAGE][PASSED] - Object '' is present

2021-01-21 16:10:55 - [MESSAGE][PASSED] - Object: '' is clicked on

2021-01-21 16:10:55 - [MESSAGE][PASSED] - Wait for page load successfully

2021-01-21 16:10:55 - [MESSAGE][PASSED] - Select Menu "Partner Disbursement"

2021-01-21 16:10:55 - [TEST_STEP][PASSED] - Select STATUS "Manual Disbursement": Select STATUS "Manual Disbursement"

2021-01-21 16:10:56 - [MESSAGE][PASSED] - All options with value 'Manual Disbursement' are selected in object ''  using regular expression

2021-01-21 16:10:56 - [MESSAGE][PASSED] - Select STATUS "Manual Disbursement"

2021-01-21 16:10:56 - [TEST_STEP][PASSED] - Click button "Search": Click button "Search"

2021-01-21 16:10:56 - [MESSAGE][INFO] - >>>>>//Button[contains(text(),'Search')]

2021-01-21 16:10:59 - [MESSAGE][PASSED] - Object '' is present

2021-01-21 16:10:59 - [MESSAGE][PASSED] - Object: '' is clicked on

2021-01-21 16:10:59 - [MESSAGE][PASSED] - Switched to window with index: '0'

2021-01-21 16:10:59 - [MESSAGE][PASSED] - Click button "Search"

2021-01-21 16:10:59 - [TEST_STEP][PASSED] - Verify Search Result Presents: Verify Search Result Presents

2021-01-21 16:10:59 - [MESSAGE][PASSED] - Object '' is present

2021-01-21 16:11:10 - [MESSAGE][PASSED] - Verify Search Result Presents

2021-01-21 16:11:10 - [TEST_STEP][PASSED] - Click button "Logout": Click button "Logout"

2021-01-21 16:11:10 - [MESSAGE][INFO] - >>>>>//Button[contains(text(),'Logout')]

2021-01-21 16:11:13 - [MESSAGE][PASSED] - Object '' is present

2021-01-21 16:11:13 - [MESSAGE][PASSED] - Object: '' is clicked on

2021-01-21 16:11:13 - [MESSAGE][PASSED] - Switched to window with index: '0'

2021-01-21 16:11:13 - [MESSAGE][PASSED] - Click button "Logout"

2021-01-21 16:11:13 - [TEST_STEP][PASSED] - Close browser: Close browser

2021-01-21 16:11:13 - [MESSAGE][PASSED] - Browser is closed

2021-01-21 16:11:13 - [MESSAGE][PASSED] - Close browser

2021-01-21 16:11:13 - [TEST_CASE][PASSED] - Start Test Case : SCENARIO Search by STATUS DONE: SCENARIO Search by STATUS DONE

2021-01-21 16:11:13 - [TEST_STEP][PASSED] - Go to ISTools: Go to ISTools

2021-01-21 16:11:13 - [MESSAGE][INFO] - Starting 'Chrome (headless)' driver

2021-01-21 16:11:13 - [MESSAGE][INFO] - User set preference: ['args', '[--start-maximized, --disable-gpu, --no-proxy-server, â€“-no-sandbox, --allow-running-insecure-content, --ignore-certificate-errors, window-size=1680,814, force-device-scale-factor=2, --lang=en-GB]']

2021-01-21 16:11:13 - [MESSAGE][INFO] - User set preference: ['prefs', '{download.default_directory=/Users/chaidir.pratama01/Katalon Studio/IST_Automation_Git/Download}']

2021-01-21 16:11:13 - [MESSAGE][INFO] - Action delay is set to 0 milliseconds

2021-01-21 16:11:13 - [MESSAGE][PASSED] - Browser is opened with url: ''

2021-01-21 16:11:14 - [MESSAGE][PASSED] - Navigate to 'https://dev-istools.homecredit.id/foundation/' successfully

2021-01-21 16:11:14 - [MESSAGE][PASSED] - Go to ISTools

2021-01-21 16:11:14 - [TEST_STEP][PASSED] - Login IST with valid credentials: Login IST with valid credentials

2021-01-21 16:11:14 - [MESSAGE][PASSED] - Text 'mobile.test' is set on object 'Object Repository/Page_/input_Username_j_username'

2021-01-21 16:11:14 - [MESSAGE][PASSED] - Text ****** has been set on object 'Object Repository/Page_/input_Password_j_password'

2021-01-21 16:11:15 - [MESSAGE][PASSED] - Object: 'Object Repository/Page_/button_Login' is clicked on

2021-01-21 16:11:15 - [MESSAGE][PASSED] - Login IST with valid credentials

2021-01-21 16:11:15 - [TEST_STEP][PASSED] - Login Success: Login Success

2021-01-21 16:11:15 - [MESSAGE][INFO] - Login Success

2021-01-21 16:11:15 - [MESSAGE][PASSED] - Current window maximized

2021-01-21 16:11:15 - [MESSAGE][PASSED] - Object 'Object Repository/Page_/h1_Welcome to IT Supporting Tools' is present

2021-01-21 16:11:15 - [MESSAGE][PASSED] - Login Success

2021-01-21 16:11:15 - [TEST_STEP][PASSED] - Select Arrow Menu "Real Time Disbursement": Select Arrow Menu "Real Time Disbursement"

2021-01-21 16:11:15 - [MESSAGE][PASSED] - Object: '' is clicked on

2021-01-21 16:11:15 - [MESSAGE][PASSED] - Select Arrow Menu "Real Time Disbursement"

2021-01-21 16:11:15 - [TEST_STEP][PASSED] - Select Menu "Partner Disbursement": Select Menu "Partner Disbursement"

2021-01-21 16:11:15 - [MESSAGE][PASSED] - Taking screenshot successfully
[[ATTACHMENT|/Users/chaidir.pratama01/Documents/Docs/Katalon Studio/Screenshot/test-Partner Disbursement.png]]

2021-01-21 16:11:15 - [MESSAGE][PASSED] - Object '' is present

2021-01-21 16:11:15 - [MESSAGE][PASSED] - Object: '' is clicked on

2021-01-21 16:11:15 - [MESSAGE][PASSED] - Wait for page load successfully

2021-01-21 16:11:15 - [MESSAGE][PASSED] - Select Menu "Partner Disbursement"

2021-01-21 16:11:15 - [TEST_STEP][PASSED] - Select STATUS "DONE": Select STATUS "DONE"

2021-01-21 16:11:16 - [MESSAGE][PASSED] - All options with value 'DONE' are selected in object ''  using regular expression

2021-01-21 16:11:16 - [MESSAGE][PASSED] - Select STATUS "DONE"

2021-01-21 16:11:16 - [TEST_STEP][PASSED] - Click button "Search": Click button "Search"

2021-01-21 16:11:16 - [MESSAGE][INFO] - >>>>>//Button[contains(text(),'Search')]

2021-01-21 16:11:19 - [MESSAGE][PASSED] - Object '' is present

2021-01-21 16:11:19 - [MESSAGE][PASSED] - Object: '' is clicked on

2021-01-21 16:11:19 - [MESSAGE][PASSED] - Switched to window with index: '0'

2021-01-21 16:11:19 - [MESSAGE][PASSED] - Click button "Search"

2021-01-21 16:11:19 - [TEST_STEP][PASSED] - Verify Search Result Presents: Verify Search Result Presents

2021-01-21 16:11:19 - [MESSAGE][PASSED] - Object '' is present

2021-01-21 16:11:27 - [MESSAGE][PASSED] - Verify Search Result Presents

2021-01-21 16:11:27 - [TEST_STEP][PASSED] - Click button "Logout": Click button "Logout"

2021-01-21 16:11:27 - [MESSAGE][INFO] - >>>>>//Button[contains(text(),'Logout')]

2021-01-21 16:11:30 - [MESSAGE][PASSED] - Object '' is present

2021-01-21 16:11:31 - [MESSAGE][PASSED] - Object: '' is clicked on

2021-01-21 16:11:31 - [MESSAGE][PASSED] - Switched to window with index: '0'

2021-01-21 16:11:31 - [MESSAGE][PASSED] - Click button "Logout"

2021-01-21 16:11:31 - [TEST_STEP][PASSED] - Close browser: Close browser

2021-01-21 16:11:31 - [MESSAGE][PASSED] - Browser is closed

2021-01-21 16:11:31 - [MESSAGE][PASSED] - Close browser

2021-01-21 16:11:31 - [TEST_CASE][PASSED] - Start Test Case : SCENARIO Search by STATUS Waiting Partner Confirmation: SCENARIO Search by STATUS Waiting Partner Confirmation

2021-01-21 16:11:31 - [TEST_STEP][PASSED] - Go to ISTools: Go to ISTools

2021-01-21 16:11:31 - [MESSAGE][INFO] - Starting 'Chrome (headless)' driver

2021-01-21 16:11:31 - [MESSAGE][INFO] - User set preference: ['args', '[--start-maximized, --disable-gpu, --no-proxy-server, â€“-no-sandbox, --allow-running-insecure-content, --ignore-certificate-errors, window-size=1680,814, force-device-scale-factor=2, --lang=en-GB]']

2021-01-21 16:11:31 - [MESSAGE][INFO] - User set preference: ['prefs', '{download.default_directory=/Users/chaidir.pratama01/Katalon Studio/IST_Automation_Git/Download}']

2021-01-21 16:11:31 - [MESSAGE][INFO] - Action delay is set to 0 milliseconds

2021-01-21 16:11:31 - [MESSAGE][PASSED] - Browser is opened with url: ''

2021-01-21 16:11:32 - [MESSAGE][PASSED] - Navigate to 'https://dev-istools.homecredit.id/foundation/' successfully

2021-01-21 16:11:32 - [MESSAGE][PASSED] - Go to ISTools

2021-01-21 16:11:32 - [TEST_STEP][PASSED] - Login IST with valid credentials: Login IST with valid credentials

2021-01-21 16:11:32 - [MESSAGE][PASSED] - Text 'mobile.test' is set on object 'Object Repository/Page_/input_Username_j_username'

2021-01-21 16:11:32 - [MESSAGE][PASSED] - Text ****** has been set on object 'Object Repository/Page_/input_Password_j_password'

2021-01-21 16:11:32 - [MESSAGE][PASSED] - Object: 'Object Repository/Page_/button_Login' is clicked on

2021-01-21 16:11:32 - [MESSAGE][PASSED] - Login IST with valid credentials

2021-01-21 16:11:32 - [TEST_STEP][PASSED] - Login Success: Login Success

2021-01-21 16:11:32 - [MESSAGE][INFO] - Login Success

2021-01-21 16:11:32 - [MESSAGE][PASSED] - Current window maximized

2021-01-21 16:11:32 - [MESSAGE][PASSED] - Object 'Object Repository/Page_/h1_Welcome to IT Supporting Tools' is present

2021-01-21 16:11:32 - [MESSAGE][PASSED] - Login Success

2021-01-21 16:11:32 - [TEST_STEP][PASSED] - Select Arrow Menu "Real Time Disbursement": Select Arrow Menu "Real Time Disbursement"

2021-01-21 16:11:33 - [MESSAGE][PASSED] - Object: '' is clicked on

2021-01-21 16:11:33 - [MESSAGE][PASSED] - Select Arrow Menu "Real Time Disbursement"

2021-01-21 16:11:33 - [TEST_STEP][PASSED] - Select Menu "Partner Disbursement": Select Menu "Partner Disbursement"

2021-01-21 16:11:33 - [MESSAGE][PASSED] - Taking screenshot successfully
[[ATTACHMENT|/Users/chaidir.pratama01/Documents/Docs/Katalon Studio/Screenshot/test-Partner Disbursement.png]]

2021-01-21 16:11:33 - [MESSAGE][PASSED] - Object '' is present

2021-01-21 16:11:33 - [MESSAGE][PASSED] - Object: '' is clicked on

2021-01-21 16:11:33 - [MESSAGE][PASSED] - Wait for page load successfully

2021-01-21 16:11:33 - [MESSAGE][PASSED] - Select Menu "Partner Disbursement"

2021-01-21 16:11:33 - [TEST_STEP][PASSED] - Select STATUS "Waiting Partner Confirmation": Select STATUS "Waiting Partner Confirmation"

2021-01-21 16:11:34 - [MESSAGE][PASSED] - All options with value 'Waiting Partner Confirmation' are selected in object ''  using regular expression

2021-01-21 16:11:34 - [MESSAGE][PASSED] - Select STATUS "Waiting Partner Confirmation"

2021-01-21 16:11:34 - [TEST_STEP][PASSED] - Click button "Search": Click button "Search"

2021-01-21 16:11:34 - [MESSAGE][INFO] - >>>>>//Button[contains(text(),'Search')]

2021-01-21 16:11:37 - [MESSAGE][PASSED] - Object '' is present

2021-01-21 16:11:37 - [MESSAGE][PASSED] - Object: '' is clicked on

2021-01-21 16:11:37 - [MESSAGE][PASSED] - Switched to window with index: '0'

2021-01-21 16:11:37 - [MESSAGE][PASSED] - Click button "Search"

2021-01-21 16:11:37 - [TEST_STEP][PASSED] - Verify Search Result Presents: Verify Search Result Presents

2021-01-21 16:12:08 - [MESSAGE][INFO] - Unable to find the element located by 'By.xpath: //td[@style='display:none' and contains(text(),'-Empty-')]'. Please recheck the objects properties to make sure the desired element is located. 

2021-01-21 16:12:08 - [MESSAGE][WARNING] - com.kms.katalon.core.webui.exception.WebElementNotFoundException: Web element with id: '' located by '//td[@style='display:none' and contains(text(),'-Empty-')]' not found (Root cause: com.kms.katalon.core.exception.StepFailedException: com.kms.katalon.core.webui.exception.WebElementNotFoundException: Web element with id: '' located by '//td[@style='display:none' and contains(text(),'-Empty-')]' not found
	at com.kms.katalon.core.webui.keyword.internal.WebUIKeywordMain.stepFailed(WebUIKeywordMain.groovy:64)
	at com.kms.katalon.core.webui.keyword.builtin.VerifyElementPresentKeyword$_verifyElementPresent_closure1.doCall(VerifyElementPresentKeyword.groovy:85)
	at com.kms.katalon.core.webui.keyword.builtin.VerifyElementPresentKeyword$_verifyElementPresent_closure1.call(VerifyElementPresentKeyword.groovy)
	at com.kms.katalon.core.webui.keyword.internal.WebUIKeywordMain.runKeyword(WebUIKeywordMain.groovy:20)
	at com.kms.katalon.core.webui.keyword.builtin.VerifyElementPresentKeyword.verifyElementPresent(VerifyElementPresentKeyword.groovy:92)
	at com.kms.katalon.core.webui.keyword.builtin.VerifyElementPresentKeyword.execute(VerifyElementPresentKeyword.groovy:68)
	at com.kms.katalon.core.keyword.internal.KeywordExecutor.executeKeywordForPlatform(KeywordExecutor.groovy:73)
	at com.kms.katalon.core.webui.keyword.WebUiBuiltInKeywords.verifyElementPresent(WebUiBuiltInKeywords.groovy:1444)
	at com.kms.katalon.core.webui.keyword.WebUiBuiltInKeywords$verifyElementPresent$11.call(Unknown Source)
	at ist_real.Contract_Dispatcher.VerifyTblFilled(Contract_Dispatcher.groovy:1313)
	at ist_real.Contract_Dispatcher$VerifyTblFilled$0.call(Unknown Source)
	at RTD.Search_Result_Presents(RTD.groovy:187)
	at cucumber.runtime.Utils$1.call(Utils.java:26)
	at cucumber.runtime.Timeout.timeout(Timeout.java:16)
	at cucumber.runtime.Utils.invoke(Utils.java:20)
	at cucumber.runtime.java.JavaStepDefinition.execute(JavaStepDefinition.java:48)
	at cucumber.runtime.PickleStepDefinitionMatch.runStep(PickleStepDefinitionMatch.java:50)
	at cucumber.runner.TestStep.executeStep(TestStep.java:55)
	at cucumber.runner.TestStep.run(TestStep.java:42)
	at cucumber.runner.PickleStepTestStep.run(PickleStepTestStep.java:53)
	at cucumber.runner.TestCase.run(TestCase.java:47)
	at cucumber.runner.Runner.runPickle(Runner.java:44)
	at cucumber.runtime.Runtime.runFeature(Runtime.java:120)
	at cucumber.runtime.Runtime.run(Runtime.java:106)
	at cucumber.api.cli.Main.run(Main.java:35)
	at cucumber.api.cli.Main$run.call(Unknown Source)
	at com.kms.katalon.core.cucumber.keyword.CucumberBuiltinKeywords$_runFeatureFile_closure1.doCall(CucumberBuiltinKeywords.groovy:76)
	at com.kms.katalon.core.cucumber.keyword.CucumberBuiltinKeywords$_runFeatureFile_closure1.doCall(CucumberBuiltinKeywords.groovy)
	at com.kms.katalon.core.keyword.internal.KeywordMain.runKeyword(KeywordMain.groovy:68)
	at com.kms.katalon.core.keyword.internal.KeywordMain$runKeyword.call(Unknown Source)
	at com.kms.katalon.core.cucumber.keyword.CucumberBuiltinKeywords.runFeatureFile(CucumberBuiltinKeywords.groovy:46)
	at com.kms.katalon.core.cucumber.keyword.CucumberBuiltinKeywords$runFeatureFile$0.callStatic(Unknown Source)
	at com.kms.katalon.core.cucumber.keyword.CucumberBuiltinKeywords.runFeatureFile(CucumberBuiltinKeywords.groovy:169)
	at com.kms.katalon.core.cucumber.keyword.CucumberBuiltinKeywords$runFeatureFile.call(Unknown Source)
	at TC_Search_by_STATUS.run(TC_Search_by_STATUS:18)
	at com.kms.katalon.core.main.ScriptEngine.run(ScriptEngine.java:194)
	at com.kms.katalon.core.main.ScriptEngine.runScriptAsRawText(ScriptEngine.java:119)
	at com.kms.katalon.core.main.TestCaseExecutor.runScript(TestCaseExecutor.java:339)
	at com.kms.katalon.core.main.TestCaseExecutor.doExecute(TestCaseExecutor.java:330)
	at com.kms.katalon.core.main.TestCaseExecutor.processExecutionPhase(TestCaseExecutor.java:309)
	at com.kms.katalon.core.main.TestCaseExecutor.accessMainPhase(TestCaseExecutor.java:301)
	at com.kms.katalon.core.main.TestCaseExecutor.execute(TestCaseExecutor.java:235)
	at com.kms.katalon.core.main.TestSuiteExecutor.accessTestCaseMainPhase(TestSuiteExecutor.java:191)
	at com.kms.katalon.core.main.TestSuiteExecutor.accessTestSuiteMainPhase(TestSuiteExecutor.java:141)
	at com.kms.katalon.core.main.TestSuiteExecutor.execute(TestSuiteExecutor.java:90)
	at com.kms.katalon.core.main.TestCaseMain.startTestSuite(TestCaseMain.java:157)
	at com.kms.katalon.core.main.TestCaseMain$startTestSuite$0.call(Unknown Source)
	at TempTestSuite1611218221584.run(TempTestSuite1611218221584.groovy:39)
)
[[ATTACHMENT|/Users/chaidir.pratama01/Katalon Studio/IST_Automation_Git/Reports/20210121_153655/RTD/TS_Partner_Disbursement/20210121_153701/1611220328103.png]]

2021-01-21 16:12:08 - [MESSAGE][PASSED] - Verify Search Result Presents

2021-01-21 16:12:08 - [TEST_STEP][PASSED] - Click button "Logout": Click button "Logout"

2021-01-21 16:12:08 - [MESSAGE][INFO] - >>>>>//Button[contains(text(),'Logout')]

2021-01-21 16:12:11 - [MESSAGE][PASSED] - Object '' is present

2021-01-21 16:12:11 - [MESSAGE][PASSED] - Object: '' is clicked on

2021-01-21 16:12:11 - [MESSAGE][PASSED] - Switched to window with index: '0'

2021-01-21 16:12:11 - [MESSAGE][PASSED] - Click button "Logout"

2021-01-21 16:12:11 - [TEST_STEP][PASSED] - Close browser: Close browser

2021-01-21 16:12:11 - [MESSAGE][PASSED] - Browser is closed

2021-01-21 16:12:11 - [MESSAGE][PASSED] - Close browser

2021-01-21 16:12:11 - [TEST_CASE][PASSED] - Start Test Case : SCENARIO Search by STATUS Success to Disburse: SCENARIO Search by STATUS Success to Disburse

2021-01-21 16:12:11 - [TEST_STEP][PASSED] - Go to ISTools: Go to ISTools

2021-01-21 16:12:11 - [MESSAGE][INFO] - Starting 'Chrome (headless)' driver

2021-01-21 16:12:11 - [MESSAGE][INFO] - User set preference: ['args', '[--start-maximized, --disable-gpu, --no-proxy-server, â€“-no-sandbox, --allow-running-insecure-content, --ignore-certificate-errors, window-size=1680,814, force-device-scale-factor=2, --lang=en-GB]']

2021-01-21 16:12:11 - [MESSAGE][INFO] - User set preference: ['prefs', '{download.default_directory=/Users/chaidir.pratama01/Katalon Studio/IST_Automation_Git/Download}']

2021-01-21 16:12:11 - [MESSAGE][INFO] - Action delay is set to 0 milliseconds

2021-01-21 16:12:12 - [MESSAGE][PASSED] - Browser is opened with url: ''

2021-01-21 16:12:13 - [MESSAGE][PASSED] - Navigate to 'https://dev-istools.homecredit.id/foundation/' successfully

2021-01-21 16:12:13 - [MESSAGE][PASSED] - Go to ISTools

2021-01-21 16:12:13 - [TEST_STEP][PASSED] - Login IST with valid credentials: Login IST with valid credentials

2021-01-21 16:12:13 - [MESSAGE][PASSED] - Text 'mobile.test' is set on object 'Object Repository/Page_/input_Username_j_username'

2021-01-21 16:12:13 - [MESSAGE][PASSED] - Text ****** has been set on object 'Object Repository/Page_/input_Password_j_password'

2021-01-21 16:12:13 - [MESSAGE][PASSED] - Object: 'Object Repository/Page_/button_Login' is clicked on

2021-01-21 16:12:13 - [MESSAGE][PASSED] - Login IST with valid credentials

2021-01-21 16:12:13 - [TEST_STEP][PASSED] - Login Success: Login Success

2021-01-21 16:12:13 - [MESSAGE][INFO] - Login Success

2021-01-21 16:12:13 - [MESSAGE][PASSED] - Current window maximized

2021-01-21 16:12:13 - [MESSAGE][PASSED] - Object 'Object Repository/Page_/h1_Welcome to IT Supporting Tools' is present

2021-01-21 16:12:13 - [MESSAGE][PASSED] - Login Success

2021-01-21 16:12:13 - [TEST_STEP][PASSED] - Select Arrow Menu "Real Time Disbursement": Select Arrow Menu "Real Time Disbursement"

2021-01-21 16:12:13 - [MESSAGE][PASSED] - Object: '' is clicked on

2021-01-21 16:12:13 - [MESSAGE][PASSED] - Select Arrow Menu "Real Time Disbursement"

2021-01-21 16:12:13 - [TEST_STEP][PASSED] - Select Menu "Partner Disbursement": Select Menu "Partner Disbursement"

2021-01-21 16:12:14 - [MESSAGE][PASSED] - Taking screenshot successfully
[[ATTACHMENT|/Users/chaidir.pratama01/Documents/Docs/Katalon Studio/Screenshot/test-Partner Disbursement.png]]

2021-01-21 16:12:14 - [MESSAGE][PASSED] - Object '' is present

2021-01-21 16:12:14 - [MESSAGE][PASSED] - Object: '' is clicked on

2021-01-21 16:12:14 - [MESSAGE][PASSED] - Wait for page load successfully

2021-01-21 16:12:14 - [MESSAGE][PASSED] - Select Menu "Partner Disbursement"

2021-01-21 16:12:14 - [TEST_STEP][PASSED] - Select STATUS "Success to Disburse": Select STATUS "Success to Disburse"

2021-01-21 16:12:15 - [MESSAGE][PASSED] - All options with value 'Success to Disburse' are selected in object ''  using regular expression

2021-01-21 16:12:15 - [MESSAGE][PASSED] - Select STATUS "Success to Disburse"

2021-01-21 16:12:15 - [TEST_STEP][PASSED] - Click button "Search": Click button "Search"

2021-01-21 16:12:15 - [MESSAGE][INFO] - >>>>>//Button[contains(text(),'Search')]

2021-01-21 16:12:18 - [MESSAGE][PASSED] - Object '' is present

2021-01-21 16:12:18 - [MESSAGE][PASSED] - Object: '' is clicked on

2021-01-21 16:12:18 - [MESSAGE][PASSED] - Switched to window with index: '0'

2021-01-21 16:12:18 - [MESSAGE][PASSED] - Click button "Search"

2021-01-21 16:12:18 - [TEST_STEP][PASSED] - Verify Search Result Presents: Verify Search Result Presents

2021-01-21 16:12:49 - [MESSAGE][INFO] - Unable to find the element located by 'By.xpath: //td[@style='display:none' and contains(text(),'-Empty-')]'. Please recheck the objects properties to make sure the desired element is located. 

2021-01-21 16:12:49 - [MESSAGE][WARNING] - com.kms.katalon.core.webui.exception.WebElementNotFoundException: Web element with id: '' located by '//td[@style='display:none' and contains(text(),'-Empty-')]' not found (Root cause: com.kms.katalon.core.exception.StepFailedException: com.kms.katalon.core.webui.exception.WebElementNotFoundException: Web element with id: '' located by '//td[@style='display:none' and contains(text(),'-Empty-')]' not found
	at com.kms.katalon.core.webui.keyword.internal.WebUIKeywordMain.stepFailed(WebUIKeywordMain.groovy:64)
	at com.kms.katalon.core.webui.keyword.builtin.VerifyElementPresentKeyword$_verifyElementPresent_closure1.doCall(VerifyElementPresentKeyword.groovy:85)
	at com.kms.katalon.core.webui.keyword.builtin.VerifyElementPresentKeyword$_verifyElementPresent_closure1.call(VerifyElementPresentKeyword.groovy)
	at com.kms.katalon.core.webui.keyword.internal.WebUIKeywordMain.runKeyword(WebUIKeywordMain.groovy:20)
	at com.kms.katalon.core.webui.keyword.builtin.VerifyElementPresentKeyword.verifyElementPresent(VerifyElementPresentKeyword.groovy:92)
	at com.kms.katalon.core.webui.keyword.builtin.VerifyElementPresentKeyword.execute(VerifyElementPresentKeyword.groovy:68)
	at com.kms.katalon.core.keyword.internal.KeywordExecutor.executeKeywordForPlatform(KeywordExecutor.groovy:73)
	at com.kms.katalon.core.webui.keyword.WebUiBuiltInKeywords.verifyElementPresent(WebUiBuiltInKeywords.groovy:1444)
	at com.kms.katalon.core.webui.keyword.WebUiBuiltInKeywords$verifyElementPresent$11.call(Unknown Source)
	at ist_real.Contract_Dispatcher.VerifyTblFilled(Contract_Dispatcher.groovy:1313)
	at ist_real.Contract_Dispatcher$VerifyTblFilled$0.call(Unknown Source)
	at RTD.Search_Result_Presents(RTD.groovy:187)
	at cucumber.runtime.Utils$1.call(Utils.java:26)
	at cucumber.runtime.Timeout.timeout(Timeout.java:16)
	at cucumber.runtime.Utils.invoke(Utils.java:20)
	at cucumber.runtime.java.JavaStepDefinition.execute(JavaStepDefinition.java:48)
	at cucumber.runtime.PickleStepDefinitionMatch.runStep(PickleStepDefinitionMatch.java:50)
	at cucumber.runner.TestStep.executeStep(TestStep.java:55)
	at cucumber.runner.TestStep.run(TestStep.java:42)
	at cucumber.runner.PickleStepTestStep.run(PickleStepTestStep.java:53)
	at cucumber.runner.TestCase.run(TestCase.java:47)
	at cucumber.runner.Runner.runPickle(Runner.java:44)
	at cucumber.runtime.Runtime.runFeature(Runtime.java:120)
	at cucumber.runtime.Runtime.run(Runtime.java:106)
	at cucumber.api.cli.Main.run(Main.java:35)
	at cucumber.api.cli.Main$run.call(Unknown Source)
	at com.kms.katalon.core.cucumber.keyword.CucumberBuiltinKeywords$_runFeatureFile_closure1.doCall(CucumberBuiltinKeywords.groovy:76)
	at com.kms.katalon.core.cucumber.keyword.CucumberBuiltinKeywords$_runFeatureFile_closure1.doCall(CucumberBuiltinKeywords.groovy)
	at com.kms.katalon.core.keyword.internal.KeywordMain.runKeyword(KeywordMain.groovy:68)
	at com.kms.katalon.core.keyword.internal.KeywordMain$runKeyword.call(Unknown Source)
	at com.kms.katalon.core.cucumber.keyword.CucumberBuiltinKeywords.runFeatureFile(CucumberBuiltinKeywords.groovy:46)
	at com.kms.katalon.core.cucumber.keyword.CucumberBuiltinKeywords$runFeatureFile$0.callStatic(Unknown Source)
	at com.kms.katalon.core.cucumber.keyword.CucumberBuiltinKeywords.runFeatureFile(CucumberBuiltinKeywords.groovy:169)
	at com.kms.katalon.core.cucumber.keyword.CucumberBuiltinKeywords$runFeatureFile.call(Unknown Source)
	at TC_Search_by_STATUS.run(TC_Search_by_STATUS:18)
	at com.kms.katalon.core.main.ScriptEngine.run(ScriptEngine.java:194)
	at com.kms.katalon.core.main.ScriptEngine.runScriptAsRawText(ScriptEngine.java:119)
	at com.kms.katalon.core.main.TestCaseExecutor.runScript(TestCaseExecutor.java:339)
	at com.kms.katalon.core.main.TestCaseExecutor.doExecute(TestCaseExecutor.java:330)
	at com.kms.katalon.core.main.TestCaseExecutor.processExecutionPhase(TestCaseExecutor.java:309)
	at com.kms.katalon.core.main.TestCaseExecutor.accessMainPhase(TestCaseExecutor.java:301)
	at com.kms.katalon.core.main.TestCaseExecutor.execute(TestCaseExecutor.java:235)
	at com.kms.katalon.core.main.TestSuiteExecutor.accessTestCaseMainPhase(TestSuiteExecutor.java:191)
	at com.kms.katalon.core.main.TestSuiteExecutor.accessTestSuiteMainPhase(TestSuiteExecutor.java:141)
	at com.kms.katalon.core.main.TestSuiteExecutor.execute(TestSuiteExecutor.java:90)
	at com.kms.katalon.core.main.TestCaseMain.startTestSuite(TestCaseMain.java:157)
	at com.kms.katalon.core.main.TestCaseMain$startTestSuite$0.call(Unknown Source)
	at TempTestSuite1611218221584.run(TempTestSuite1611218221584.groovy:39)
)
[[ATTACHMENT|/Users/chaidir.pratama01/Katalon Studio/IST_Automation_Git/Reports/20210121_153655/RTD/TS_Partner_Disbursement/20210121_153701/1611220369133.png]]

2021-01-21 16:12:49 - [MESSAGE][PASSED] - Verify Search Result Presents

2021-01-21 16:12:49 - [TEST_STEP][PASSED] - Click button "Logout": Click button "Logout"

2021-01-21 16:12:49 - [MESSAGE][INFO] - >>>>>//Button[contains(text(),'Logout')]

2021-01-21 16:12:52 - [MESSAGE][PASSED] - Object '' is present

2021-01-21 16:12:52 - [MESSAGE][PASSED] - Object: '' is clicked on

2021-01-21 16:12:52 - [MESSAGE][PASSED] - Switched to window with index: '0'

2021-01-21 16:12:52 - [MESSAGE][PASSED] - Click button "Logout"

2021-01-21 16:12:52 - [TEST_STEP][PASSED] - Close browser: Close browser

2021-01-21 16:12:52 - [MESSAGE][PASSED] - Browser is closed

2021-01-21 16:12:52 - [MESSAGE][PASSED] - Close browser

2021-01-21 16:12:52 - [TEST_CASE][PASSED] - Start Test Case : SCENARIO Search by STATUS Hold Payment Recreation: SCENARIO Search by STATUS Hold Payment Recreation

2021-01-21 16:12:52 - [TEST_STEP][PASSED] - Go to ISTools: Go to ISTools

2021-01-21 16:12:52 - [MESSAGE][INFO] - Starting 'Chrome (headless)' driver

2021-01-21 16:12:52 - [MESSAGE][INFO] - User set preference: ['args', '[--start-maximized, --disable-gpu, --no-proxy-server, â€“-no-sandbox, --allow-running-insecure-content, --ignore-certificate-errors, window-size=1680,814, force-device-scale-factor=2, --lang=en-GB]']

2021-01-21 16:12:52 - [MESSAGE][INFO] - User set preference: ['prefs', '{download.default_directory=/Users/chaidir.pratama01/Katalon Studio/IST_Automation_Git/Download}']

2021-01-21 16:12:52 - [MESSAGE][INFO] - Action delay is set to 0 milliseconds

2021-01-21 16:12:53 - [MESSAGE][PASSED] - Browser is opened with url: ''

2021-01-21 16:12:53 - [MESSAGE][PASSED] - Navigate to 'https://dev-istools.homecredit.id/foundation/' successfully

2021-01-21 16:12:53 - [MESSAGE][PASSED] - Go to ISTools

2021-01-21 16:12:53 - [TEST_STEP][PASSED] - Login IST with valid credentials: Login IST with valid credentials

2021-01-21 16:12:54 - [MESSAGE][PASSED] - Text 'mobile.test' is set on object 'Object Repository/Page_/input_Username_j_username'

2021-01-21 16:12:54 - [MESSAGE][PASSED] - Text ****** has been set on object 'Object Repository/Page_/input_Password_j_password'

2021-01-21 16:12:54 - [MESSAGE][PASSED] - Object: 'Object Repository/Page_/button_Login' is clicked on

2021-01-21 16:12:54 - [MESSAGE][PASSED] - Login IST with valid credentials

2021-01-21 16:12:54 - [TEST_STEP][PASSED] - Login Success: Login Success

2021-01-21 16:12:54 - [MESSAGE][INFO] - Login Success

2021-01-21 16:12:54 - [MESSAGE][PASSED] - Current window maximized

2021-01-21 16:12:54 - [MESSAGE][PASSED] - Object 'Object Repository/Page_/h1_Welcome to IT Supporting Tools' is present

2021-01-21 16:12:54 - [MESSAGE][PASSED] - Login Success

2021-01-21 16:12:54 - [TEST_STEP][PASSED] - Select Arrow Menu "Real Time Disbursement": Select Arrow Menu "Real Time Disbursement"

2021-01-21 16:12:54 - [MESSAGE][PASSED] - Object: '' is clicked on

2021-01-21 16:12:54 - [MESSAGE][PASSED] - Select Arrow Menu "Real Time Disbursement"

2021-01-21 16:12:54 - [TEST_STEP][PASSED] - Select Menu "Partner Disbursement": Select Menu "Partner Disbursement"

2021-01-21 16:12:55 - [MESSAGE][PASSED] - Taking screenshot successfully
[[ATTACHMENT|/Users/chaidir.pratama01/Documents/Docs/Katalon Studio/Screenshot/test-Partner Disbursement.png]]

2021-01-21 16:12:55 - [MESSAGE][PASSED] - Object '' is present

2021-01-21 16:12:55 - [MESSAGE][PASSED] - Object: '' is clicked on

2021-01-21 16:12:55 - [MESSAGE][PASSED] - Wait for page load successfully

2021-01-21 16:12:55 - [MESSAGE][PASSED] - Select Menu "Partner Disbursement"

2021-01-21 16:12:55 - [TEST_STEP][PASSED] - Select STATUS "Hold Payment Recreation": Select STATUS "Hold Payment Recreation"

2021-01-21 16:12:55 - [MESSAGE][PASSED] - All options with value 'Hold Payment Recreation' are selected in object ''  using regular expression

2021-01-21 16:12:55 - [MESSAGE][PASSED] - Select STATUS "Hold Payment Recreation"

2021-01-21 16:12:55 - [TEST_STEP][PASSED] - Click button "Search": Click button "Search"

2021-01-21 16:12:55 - [MESSAGE][INFO] - >>>>>//Button[contains(text(),'Search')]

2021-01-21 16:12:58 - [MESSAGE][PASSED] - Object '' is present

2021-01-21 16:12:58 - [MESSAGE][PASSED] - Object: '' is clicked on

2021-01-21 16:12:58 - [MESSAGE][PASSED] - Switched to window with index: '0'

2021-01-21 16:12:58 - [MESSAGE][PASSED] - Click button "Search"

2021-01-21 16:12:58 - [TEST_STEP][PASSED] - Verify Search Result Presents: Verify Search Result Presents

2021-01-21 16:12:59 - [MESSAGE][PASSED] - Object '' is present

2021-01-21 16:13:05 - [MESSAGE][PASSED] - Verify Search Result Presents

2021-01-21 16:13:05 - [TEST_STEP][PASSED] - Click button "Logout": Click button "Logout"

2021-01-21 16:13:05 - [MESSAGE][INFO] - >>>>>//Button[contains(text(),'Logout')]

2021-01-21 16:13:08 - [MESSAGE][PASSED] - Object '' is present

2021-01-21 16:13:08 - [MESSAGE][PASSED] - Object: '' is clicked on

2021-01-21 16:13:08 - [MESSAGE][PASSED] - Switched to window with index: '0'

2021-01-21 16:13:08 - [MESSAGE][PASSED] - Click button "Logout"

2021-01-21 16:13:08 - [TEST_STEP][PASSED] - Close browser: Close browser

2021-01-21 16:13:08 - [MESSAGE][PASSED] - Browser is closed

2021-01-21 16:13:08 - [MESSAGE][PASSED] - Close browser

2021-01-21 16:13:08 - [TEST_CASE][PASSED] - Start Test Case : SCENARIO Search by STATUS Waiting Confirmation From SBO: SCENARIO Search by STATUS Waiting Confirmation From SBO

2021-01-21 16:13:08 - [TEST_STEP][PASSED] - Go to ISTools: Go to ISTools

2021-01-21 16:13:08 - [MESSAGE][INFO] - Starting 'Chrome (headless)' driver

2021-01-21 16:13:08 - [MESSAGE][INFO] - User set preference: ['args', '[--start-maximized, --disable-gpu, --no-proxy-server, â€“-no-sandbox, --allow-running-insecure-content, --ignore-certificate-errors, window-size=1680,814, force-device-scale-factor=2, --lang=en-GB]']

2021-01-21 16:13:08 - [MESSAGE][INFO] - User set preference: ['prefs', '{download.default_directory=/Users/chaidir.pratama01/Katalon Studio/IST_Automation_Git/Download}']

2021-01-21 16:13:08 - [MESSAGE][INFO] - Action delay is set to 0 milliseconds

2021-01-21 16:13:09 - [MESSAGE][PASSED] - Browser is opened with url: ''

2021-01-21 16:13:09 - [MESSAGE][PASSED] - Navigate to 'https://dev-istools.homecredit.id/foundation/' successfully

2021-01-21 16:13:09 - [MESSAGE][PASSED] - Go to ISTools

2021-01-21 16:13:09 - [TEST_STEP][PASSED] - Login IST with valid credentials: Login IST with valid credentials

2021-01-21 16:13:10 - [MESSAGE][PASSED] - Text 'mobile.test' is set on object 'Object Repository/Page_/input_Username_j_username'

2021-01-21 16:13:10 - [MESSAGE][PASSED] - Text ****** has been set on object 'Object Repository/Page_/input_Password_j_password'

2021-01-21 16:13:10 - [MESSAGE][PASSED] - Object: 'Object Repository/Page_/button_Login' is clicked on

2021-01-21 16:13:10 - [MESSAGE][PASSED] - Login IST with valid credentials

2021-01-21 16:13:10 - [TEST_STEP][PASSED] - Login Success: Login Success

2021-01-21 16:13:10 - [MESSAGE][INFO] - Login Success

2021-01-21 16:13:10 - [MESSAGE][PASSED] - Current window maximized

2021-01-21 16:13:10 - [MESSAGE][PASSED] - Object 'Object Repository/Page_/h1_Welcome to IT Supporting Tools' is present

2021-01-21 16:13:10 - [MESSAGE][PASSED] - Login Success

2021-01-21 16:13:10 - [TEST_STEP][PASSED] - Select Arrow Menu "Real Time Disbursement": Select Arrow Menu "Real Time Disbursement"

2021-01-21 16:13:10 - [MESSAGE][PASSED] - Object: '' is clicked on

2021-01-21 16:13:10 - [MESSAGE][PASSED] - Select Arrow Menu "Real Time Disbursement"

2021-01-21 16:13:10 - [TEST_STEP][PASSED] - Select Menu "Partner Disbursement": Select Menu "Partner Disbursement"

2021-01-21 16:13:11 - [MESSAGE][PASSED] - Taking screenshot successfully
[[ATTACHMENT|/Users/chaidir.pratama01/Documents/Docs/Katalon Studio/Screenshot/test-Partner Disbursement.png]]

2021-01-21 16:13:11 - [MESSAGE][PASSED] - Object '' is present

2021-01-21 16:13:11 - [MESSAGE][PASSED] - Object: '' is clicked on

2021-01-21 16:13:11 - [MESSAGE][PASSED] - Wait for page load successfully

2021-01-21 16:13:11 - [MESSAGE][PASSED] - Select Menu "Partner Disbursement"

2021-01-21 16:13:11 - [TEST_STEP][PASSED] - Select STATUS "Waiting Confirmation From SBO": Select STATUS "Waiting Confirmation From SBO"

2021-01-21 16:13:11 - [MESSAGE][PASSED] - All options with value 'Waiting Confirmation From SBO' are selected in object ''  using regular expression

2021-01-21 16:13:11 - [MESSAGE][PASSED] - Select STATUS "Waiting Confirmation From SBO"

2021-01-21 16:13:11 - [TEST_STEP][PASSED] - Click button "Search": Click button "Search"

2021-01-21 16:13:11 - [MESSAGE][INFO] - >>>>>//Button[contains(text(),'Search')]

2021-01-21 16:13:14 - [MESSAGE][PASSED] - Object '' is present

2021-01-21 16:13:14 - [MESSAGE][PASSED] - Object: '' is clicked on

2021-01-21 16:13:14 - [MESSAGE][PASSED] - Switched to window with index: '0'

2021-01-21 16:13:14 - [MESSAGE][PASSED] - Click button "Search"

2021-01-21 16:13:14 - [TEST_STEP][PASSED] - Verify Search Result Presents: Verify Search Result Presents

2021-01-21 16:13:15 - [MESSAGE][PASSED] - Object '' is present

2021-01-21 16:13:18 - [MESSAGE][PASSED] - Verify Search Result Presents

2021-01-21 16:13:18 - [TEST_STEP][PASSED] - Click button "Logout": Click button "Logout"

2021-01-21 16:13:18 - [MESSAGE][INFO] - >>>>>//Button[contains(text(),'Logout')]

2021-01-21 16:13:21 - [MESSAGE][PASSED] - Object '' is present

2021-01-21 16:13:21 - [MESSAGE][PASSED] - Object: '' is clicked on

2021-01-21 16:13:21 - [MESSAGE][PASSED] - Switched to window with index: '0'

2021-01-21 16:13:21 - [MESSAGE][PASSED] - Click button "Logout"

2021-01-21 16:13:21 - [TEST_STEP][PASSED] - Close browser: Close browser

2021-01-21 16:13:21 - [MESSAGE][PASSED] - Browser is closed

2021-01-21 16:13:21 - [MESSAGE][PASSED] - Close browser

2021-01-21 16:13:21 - [TEST_CASE][PASSED] - Start Test Case : SCENARIO Search by STATUS Hold Payment Insufficient Fund: SCENARIO Search by STATUS Hold Payment Insufficient Fund

2021-01-21 16:13:21 - [TEST_STEP][PASSED] - Go to ISTools: Go to ISTools

2021-01-21 16:13:21 - [MESSAGE][INFO] - Starting 'Chrome (headless)' driver

2021-01-21 16:13:21 - [MESSAGE][INFO] - User set preference: ['args', '[--start-maximized, --disable-gpu, --no-proxy-server, â€“-no-sandbox, --allow-running-insecure-content, --ignore-certificate-errors, window-size=1680,814, force-device-scale-factor=2, --lang=en-GB]']

2021-01-21 16:13:21 - [MESSAGE][INFO] - User set preference: ['prefs', '{download.default_directory=/Users/chaidir.pratama01/Katalon Studio/IST_Automation_Git/Download}']

2021-01-21 16:13:21 - [MESSAGE][INFO] - Action delay is set to 0 milliseconds

2021-01-21 16:13:22 - [MESSAGE][PASSED] - Browser is opened with url: ''

2021-01-21 16:13:23 - [MESSAGE][PASSED] - Navigate to 'https://dev-istools.homecredit.id/foundation/' successfully

2021-01-21 16:13:23 - [MESSAGE][PASSED] - Go to ISTools

2021-01-21 16:13:23 - [TEST_STEP][PASSED] - Login IST with valid credentials: Login IST with valid credentials

2021-01-21 16:13:23 - [MESSAGE][PASSED] - Text 'mobile.test' is set on object 'Object Repository/Page_/input_Username_j_username'

2021-01-21 16:13:23 - [MESSAGE][PASSED] - Text ****** has been set on object 'Object Repository/Page_/input_Password_j_password'

2021-01-21 16:13:23 - [MESSAGE][PASSED] - Object: 'Object Repository/Page_/button_Login' is clicked on

2021-01-21 16:13:23 - [MESSAGE][PASSED] - Login IST with valid credentials

2021-01-21 16:13:23 - [TEST_STEP][PASSED] - Login Success: Login Success

2021-01-21 16:13:23 - [MESSAGE][INFO] - Login Success

2021-01-21 16:13:23 - [MESSAGE][PASSED] - Current window maximized

2021-01-21 16:13:23 - [MESSAGE][PASSED] - Object 'Object Repository/Page_/h1_Welcome to IT Supporting Tools' is present

2021-01-21 16:13:23 - [MESSAGE][PASSED] - Login Success

2021-01-21 16:13:23 - [TEST_STEP][PASSED] - Select Arrow Menu "Real Time Disbursement": Select Arrow Menu "Real Time Disbursement"

2021-01-21 16:13:23 - [MESSAGE][PASSED] - Object: '' is clicked on

2021-01-21 16:13:23 - [MESSAGE][PASSED] - Select Arrow Menu "Real Time Disbursement"

2021-01-21 16:13:23 - [TEST_STEP][PASSED] - Select Menu "Partner Disbursement": Select Menu "Partner Disbursement"

2021-01-21 16:13:24 - [MESSAGE][PASSED] - Taking screenshot successfully
[[ATTACHMENT|/Users/chaidir.pratama01/Documents/Docs/Katalon Studio/Screenshot/test-Partner Disbursement.png]]

2021-01-21 16:13:24 - [MESSAGE][PASSED] - Object '' is present

2021-01-21 16:13:24 - [MESSAGE][PASSED] - Object: '' is clicked on

2021-01-21 16:13:24 - [MESSAGE][PASSED] - Wait for page load successfully

2021-01-21 16:13:24 - [MESSAGE][PASSED] - Select Menu "Partner Disbursement"

2021-01-21 16:13:24 - [TEST_STEP][PASSED] - Select STATUS "Hold Payment Insufficient Fund": Select STATUS "Hold Payment Insufficient Fund"

2021-01-21 16:13:24 - [MESSAGE][PASSED] - All options with value 'Hold Payment Insufficient Fund' are selected in object ''  using regular expression

2021-01-21 16:13:24 - [MESSAGE][PASSED] - Select STATUS "Hold Payment Insufficient Fund"

2021-01-21 16:13:24 - [TEST_STEP][PASSED] - Click button "Search": Click button "Search"

2021-01-21 16:13:24 - [MESSAGE][INFO] - >>>>>//Button[contains(text(),'Search')]

2021-01-21 16:13:27 - [MESSAGE][PASSED] - Object '' is present

2021-01-21 16:13:27 - [MESSAGE][PASSED] - Object: '' is clicked on

2021-01-21 16:13:27 - [MESSAGE][PASSED] - Switched to window with index: '0'

2021-01-21 16:13:27 - [MESSAGE][PASSED] - Click button "Search"

2021-01-21 16:13:27 - [TEST_STEP][PASSED] - Verify Search Result Presents: Verify Search Result Presents

2021-01-21 16:13:58 - [MESSAGE][INFO] - Unable to find the element located by 'By.xpath: //td[@style='display:none' and contains(text(),'-Empty-')]'. Please recheck the objects properties to make sure the desired element is located. 

2021-01-21 16:13:59 - [MESSAGE][WARNING] - com.kms.katalon.core.webui.exception.WebElementNotFoundException: Web element with id: '' located by '//td[@style='display:none' and contains(text(),'-Empty-')]' not found (Root cause: com.kms.katalon.core.exception.StepFailedException: com.kms.katalon.core.webui.exception.WebElementNotFoundException: Web element with id: '' located by '//td[@style='display:none' and contains(text(),'-Empty-')]' not found
	at com.kms.katalon.core.webui.keyword.internal.WebUIKeywordMain.stepFailed(WebUIKeywordMain.groovy:64)
	at com.kms.katalon.core.webui.keyword.builtin.VerifyElementPresentKeyword$_verifyElementPresent_closure1.doCall(VerifyElementPresentKeyword.groovy:85)
	at com.kms.katalon.core.webui.keyword.builtin.VerifyElementPresentKeyword$_verifyElementPresent_closure1.call(VerifyElementPresentKeyword.groovy)
	at com.kms.katalon.core.webui.keyword.internal.WebUIKeywordMain.runKeyword(WebUIKeywordMain.groovy:20)
	at com.kms.katalon.core.webui.keyword.builtin.VerifyElementPresentKeyword.verifyElementPresent(VerifyElementPresentKeyword.groovy:92)
	at com.kms.katalon.core.webui.keyword.builtin.VerifyElementPresentKeyword.execute(VerifyElementPresentKeyword.groovy:68)
	at com.kms.katalon.core.keyword.internal.KeywordExecutor.executeKeywordForPlatform(KeywordExecutor.groovy:73)
	at com.kms.katalon.core.webui.keyword.WebUiBuiltInKeywords.verifyElementPresent(WebUiBuiltInKeywords.groovy:1444)
	at com.kms.katalon.core.webui.keyword.WebUiBuiltInKeywords$verifyElementPresent$11.call(Unknown Source)
	at ist_real.Contract_Dispatcher.VerifyTblFilled(Contract_Dispatcher.groovy:1313)
	at ist_real.Contract_Dispatcher$VerifyTblFilled$0.call(Unknown Source)
	at RTD.Search_Result_Presents(RTD.groovy:187)
	at cucumber.runtime.Utils$1.call(Utils.java:26)
	at cucumber.runtime.Timeout.timeout(Timeout.java:16)
	at cucumber.runtime.Utils.invoke(Utils.java:20)
	at cucumber.runtime.java.JavaStepDefinition.execute(JavaStepDefinition.java:48)
	at cucumber.runtime.PickleStepDefinitionMatch.runStep(PickleStepDefinitionMatch.java:50)
	at cucumber.runner.TestStep.executeStep(TestStep.java:55)
	at cucumber.runner.TestStep.run(TestStep.java:42)
	at cucumber.runner.PickleStepTestStep.run(PickleStepTestStep.java:53)
	at cucumber.runner.TestCase.run(TestCase.java:47)
	at cucumber.runner.Runner.runPickle(Runner.java:44)
	at cucumber.runtime.Runtime.runFeature(Runtime.java:120)
	at cucumber.runtime.Runtime.run(Runtime.java:106)
	at cucumber.api.cli.Main.run(Main.java:35)
	at cucumber.api.cli.Main$run.call(Unknown Source)
	at com.kms.katalon.core.cucumber.keyword.CucumberBuiltinKeywords$_runFeatureFile_closure1.doCall(CucumberBuiltinKeywords.groovy:76)
	at com.kms.katalon.core.cucumber.keyword.CucumberBuiltinKeywords$_runFeatureFile_closure1.doCall(CucumberBuiltinKeywords.groovy)
	at com.kms.katalon.core.keyword.internal.KeywordMain.runKeyword(KeywordMain.groovy:68)
	at com.kms.katalon.core.keyword.internal.KeywordMain$runKeyword.call(Unknown Source)
	at com.kms.katalon.core.cucumber.keyword.CucumberBuiltinKeywords.runFeatureFile(CucumberBuiltinKeywords.groovy:46)
	at com.kms.katalon.core.cucumber.keyword.CucumberBuiltinKeywords$runFeatureFile$0.callStatic(Unknown Source)
	at com.kms.katalon.core.cucumber.keyword.CucumberBuiltinKeywords.runFeatureFile(CucumberBuiltinKeywords.groovy:169)
	at com.kms.katalon.core.cucumber.keyword.CucumberBuiltinKeywords$runFeatureFile.call(Unknown Source)
	at TC_Search_by_STATUS.run(TC_Search_by_STATUS:18)
	at com.kms.katalon.core.main.ScriptEngine.run(ScriptEngine.java:194)
	at com.kms.katalon.core.main.ScriptEngine.runScriptAsRawText(ScriptEngine.java:119)
	at com.kms.katalon.core.main.TestCaseExecutor.runScript(TestCaseExecutor.java:339)
	at com.kms.katalon.core.main.TestCaseExecutor.doExecute(TestCaseExecutor.java:330)
	at com.kms.katalon.core.main.TestCaseExecutor.processExecutionPhase(TestCaseExecutor.java:309)
	at com.kms.katalon.core.main.TestCaseExecutor.accessMainPhase(TestCaseExecutor.java:301)
	at com.kms.katalon.core.main.TestCaseExecutor.execute(TestCaseExecutor.java:235)
	at com.kms.katalon.core.main.TestSuiteExecutor.accessTestCaseMainPhase(TestSuiteExecutor.java:191)
	at com.kms.katalon.core.main.TestSuiteExecutor.accessTestSuiteMainPhase(TestSuiteExecutor.java:141)
	at com.kms.katalon.core.main.TestSuiteExecutor.execute(TestSuiteExecutor.java:90)
	at com.kms.katalon.core.main.TestCaseMain.startTestSuite(TestCaseMain.java:157)
	at com.kms.katalon.core.main.TestCaseMain$startTestSuite$0.call(Unknown Source)
	at TempTestSuite1611218221584.run(TempTestSuite1611218221584.groovy:39)
)
[[ATTACHMENT|/Users/chaidir.pratama01/Katalon Studio/IST_Automation_Git/Reports/20210121_153655/RTD/TS_Partner_Disbursement/20210121_153701/1611220438991.png]]

2021-01-21 16:13:59 - [MESSAGE][PASSED] - Verify Search Result Presents

2021-01-21 16:13:59 - [TEST_STEP][PASSED] - Click button "Logout": Click button "Logout"

2021-01-21 16:13:59 - [MESSAGE][INFO] - >>>>>//Button[contains(text(),'Logout')]

2021-01-21 16:14:02 - [MESSAGE][PASSED] - Object '' is present

2021-01-21 16:14:02 - [MESSAGE][PASSED] - Object: '' is clicked on

2021-01-21 16:14:02 - [MESSAGE][PASSED] - Switched to window with index: '0'

2021-01-21 16:14:02 - [MESSAGE][PASSED] - Click button "Logout"

2021-01-21 16:14:02 - [TEST_STEP][PASSED] - Close browser: Close browser

2021-01-21 16:14:02 - [MESSAGE][PASSED] - Browser is closed

2021-01-21 16:14:02 - [MESSAGE][PASSED] - Close browser

2021-01-21 16:14:02 - [MESSAGE][PASSED] - Feature file: 'Include/features/IST_Real/RTD/Partner_Disbursement/Search_by_STATUS.feature' was passed]]></system-out>
         <system-err><![CDATA[]]></system-err>
      </testcase>
      <testcase name="Test Cases/RTD/Partner Disbursement/TC_Export_Data" time="9.77" classname="Test Cases/RTD/Partner Disbursement/TC_Export_Data" status="PASSED">
         <system-out><![CDATA[2021-01-21 16:14:02 - [TEST_CASE][PASSED] - Test Cases/RTD/Partner Disbursement/TC_Export_Data: Test Cases/RTD/Partner Disbursement/TC_Export_Data

2021-01-21 16:14:02 - [TEST_STEP][PASSED] - runFeatureFile("Include/features/IST_Real/RTD/Partner_Disbursement/Export_Data.feature"): Feature file: 'Include/features/IST_Real/RTD/Partner_Disbursement/Export_Data.feature' was passed

2021-01-21 16:14:02 - [MESSAGE][INFO] - Starting run keyword runFeatureFile: 'Include/features/IST_Real/RTD/Partner_Disbursement/Export_Data.feature' and extract report to folder: '/Users/chaidir.pratama01/Katalon Studio/IST_Automation_Git/Reports/20210121_153655/RTD/TS_Partner_Disbursement/20210121_153701/cucumber_report/1611220442928'...

2021-01-21 16:14:03 - [TEST_CASE][PASSED] - Start Test Case : SCENARIO Export Data: SCENARIO Export Data

2021-01-21 16:14:03 - [TEST_STEP][PASSED] - Go to ISTools: Go to ISTools

2021-01-21 16:14:03 - [MESSAGE][INFO] - Starting 'Chrome (headless)' driver

2021-01-21 16:14:03 - [MESSAGE][INFO] - User set preference: ['args', '[--start-maximized, --disable-gpu, --no-proxy-server, â€“-no-sandbox, --allow-running-insecure-content, --ignore-certificate-errors, window-size=1680,814, force-device-scale-factor=2, --lang=en-GB]']

2021-01-21 16:14:03 - [MESSAGE][INFO] - User set preference: ['prefs', '{download.default_directory=/Users/chaidir.pratama01/Katalon Studio/IST_Automation_Git/Download}']

2021-01-21 16:14:03 - [MESSAGE][INFO] - Action delay is set to 0 milliseconds

2021-01-21 16:14:03 - [MESSAGE][PASSED] - Browser is opened with url: ''

2021-01-21 16:14:04 - [MESSAGE][PASSED] - Navigate to 'https://dev-istools.homecredit.id/foundation/' successfully

2021-01-21 16:14:04 - [MESSAGE][PASSED] - Go to ISTools

2021-01-21 16:14:04 - [TEST_STEP][PASSED] - Login IST with valid credentials: Login IST with valid credentials

2021-01-21 16:14:04 - [MESSAGE][PASSED] - Text 'mobile.test' is set on object 'Object Repository/Page_/input_Username_j_username'

2021-01-21 16:14:04 - [MESSAGE][PASSED] - Text ****** has been set on object 'Object Repository/Page_/input_Password_j_password'

2021-01-21 16:14:04 - [MESSAGE][PASSED] - Object: 'Object Repository/Page_/button_Login' is clicked on

2021-01-21 16:14:04 - [MESSAGE][PASSED] - Login IST with valid credentials

2021-01-21 16:14:04 - [TEST_STEP][PASSED] - Login Success: Login Success

2021-01-21 16:14:04 - [MESSAGE][INFO] - Login Success

2021-01-21 16:14:04 - [MESSAGE][PASSED] - Current window maximized

2021-01-21 16:14:04 - [MESSAGE][PASSED] - Object 'Object Repository/Page_/h1_Welcome to IT Supporting Tools' is present

2021-01-21 16:14:04 - [MESSAGE][PASSED] - Login Success

2021-01-21 16:14:04 - [TEST_STEP][PASSED] - Select Arrow Menu "Real Time Disbursement": Select Arrow Menu "Real Time Disbursement"

2021-01-21 16:14:05 - [MESSAGE][PASSED] - Object: '' is clicked on

2021-01-21 16:14:05 - [MESSAGE][PASSED] - Select Arrow Menu "Real Time Disbursement"

2021-01-21 16:14:05 - [TEST_STEP][PASSED] - Select Menu "Partner Disbursement": Select Menu "Partner Disbursement"

2021-01-21 16:14:05 - [MESSAGE][PASSED] - Taking screenshot successfully
[[ATTACHMENT|/Users/chaidir.pratama01/Documents/Docs/Katalon Studio/Screenshot/test-Partner Disbursement.png]]

2021-01-21 16:14:05 - [MESSAGE][PASSED] - Object '' is present

2021-01-21 16:14:05 - [MESSAGE][PASSED] - Object: '' is clicked on

2021-01-21 16:14:05 - [MESSAGE][PASSED] - Wait for page load successfully

2021-01-21 16:14:05 - [MESSAGE][PASSED] - Select Menu "Partner Disbursement"

2021-01-21 16:14:05 - [TEST_STEP][PASSED] - Input Contract RTD in Contract Number label: Input Contract RTD in Contract Number label

2021-01-21 16:14:05 - [MESSAGE][PASSED] - Text '4000014162' is set on object ''

2021-01-21 16:14:05 - [MESSAGE][PASSED] - Input Contract RTD in Contract Number label

2021-01-21 16:14:05 - [TEST_STEP][PASSED] - Click button "Search": Click button "Search"

2021-01-21 16:14:05 - [MESSAGE][INFO] - >>>>>//Button[contains(text(),'Search')]

2021-01-21 16:14:08 - [MESSAGE][PASSED] - Object '' is present

2021-01-21 16:14:08 - [MESSAGE][PASSED] - Object: '' is clicked on

2021-01-21 16:14:08 - [MESSAGE][PASSED] - Switched to window with index: '0'

2021-01-21 16:14:08 - [MESSAGE][PASSED] - Click button "Search"

2021-01-21 16:14:08 - [TEST_STEP][PASSED] - Verify Table Filled: Verify Table Filled

2021-01-21 16:14:09 - [MESSAGE][PASSED] - Object '' is present

2021-01-21 16:14:09 - [MESSAGE][PASSED] - Verify Table Filled

2021-01-21 16:14:09 - [TEST_STEP][PASSED] - Click button "Export Data": Click button "Export Data"

2021-01-21 16:14:09 - [MESSAGE][INFO] - >>>>>//Button[contains(text(),'Export Data')]

2021-01-21 16:14:12 - [MESSAGE][PASSED] - Object: '' is clicked on

2021-01-21 16:14:12 - [MESSAGE][PASSED] - Taking screenshot successfully
[[ATTACHMENT|/Users/chaidir.pratama01/Documents/Docs/Katalon Studio/Screenshot/Download_data.png]]

2021-01-21 16:14:12 - [MESSAGE][PASSED] - Click button "Export Data"

2021-01-21 16:14:12 - [MESSAGE][PASSED] - Feature file: 'Include/features/IST_Real/RTD/Partner_Disbursement/Export_Data.feature' was passed]]></system-out>
         <system-err><![CDATA[]]></system-err>
      </testcase>
      <testcase name="Test Cases/RTD/Partner Disbursement/TC_Search_by_OrderID" time="3.511" classname="Test Cases/RTD/Partner Disbursement/TC_Search_by_OrderID" status="FAILED">
         <failure type="FAILED" message="Test Cases/RTD/Partner Disbursement/TC_Search_by_OrderID FAILED.
Reason:
com.kms.katalon.core.exception.StepFailedException: Feature file 'Include/features/IST_Real/RTD/Partner_Disbursement/Search_by_OrderID.feature' was failed
	at com.kms.katalon.core.keyword.internal.KeywordMain.stepFailed(KeywordMain.groovy:50)
	at com.kms.katalon.core.keyword.internal.KeywordMain.stepFailed(KeywordMain.groovy)
	at com.kms.katalon.core.keyword.internal.KeywordMain.stepFailed(KeywordMain.groovy:23)
	at com.kms.katalon.core.keyword.internal.KeywordMain$stepFailed$0.call(Unknown Source)
	at com.kms.katalon.core.cucumber.keyword.CucumberBuiltinKeywords$_runFeatureFile_closure1.doCall(CucumberBuiltinKeywords.groovy:82)
	at com.kms.katalon.core.cucumber.keyword.CucumberBuiltinKeywords$_runFeatureFile_closure1.doCall(CucumberBuiltinKeywords.groovy)
	at com.kms.katalon.core.keyword.internal.KeywordMain.runKeyword(KeywordMain.groovy:68)
	at com.kms.katalon.core.keyword.internal.KeywordMain$runKeyword.call(Unknown Source)
	at com.kms.katalon.core.cucumber.keyword.CucumberBuiltinKeywords.runFeatureFile(CucumberBuiltinKeywords.groovy:46)
	at com.kms.katalon.core.cucumber.keyword.CucumberBuiltinKeywords$runFeatureFile$0.callStatic(Unknown Source)
	at com.kms.katalon.core.cucumber.keyword.CucumberBuiltinKeywords.runFeatureFile(CucumberBuiltinKeywords.groovy:169)
	at com.kms.katalon.core.cucumber.keyword.CucumberBuiltinKeywords$runFeatureFile.call(Unknown Source)
	at TC_Search_by_OrderID.run(TC_Search_by_OrderID:18)
	at com.kms.katalon.core.main.ScriptEngine.run(ScriptEngine.java:194)
	at com.kms.katalon.core.main.ScriptEngine.runScriptAsRawText(ScriptEngine.java:119)
	at com.kms.katalon.core.main.TestCaseExecutor.runScript(TestCaseExecutor.java:339)
	at com.kms.katalon.core.main.TestCaseExecutor.doExecute(TestCaseExecutor.java:330)
	at com.kms.katalon.core.main.TestCaseExecutor.processExecutionPhase(TestCaseExecutor.java:309)
	at com.kms.katalon.core.main.TestCaseExecutor.accessMainPhase(TestCaseExecutor.java:301)
	at com.kms.katalon.core.main.TestCaseExecutor.execute(TestCaseExecutor.java:235)
	at com.kms.katalon.core.main.TestSuiteExecutor.accessTestCaseMainPhase(TestSuiteExecutor.java:191)
	at com.kms.katalon.core.main.TestSuiteExecutor.accessTestSuiteMainPhase(TestSuiteExecutor.java:141)
	at com.kms.katalon.core.main.TestSuiteExecutor.execute(TestSuiteExecutor.java:90)
	at com.kms.katalon.core.main.TestCaseMain.startTestSuite(TestCaseMain.java:157)
	at com.kms.katalon.core.main.TestCaseMain$startTestSuite$0.call(Unknown Source)
	at TempTestSuite1611218221584.run(TempTestSuite1611218221584.groovy:39)
"/>
         <system-out><![CDATA[2021-01-21 16:14:12 - [TEST_CASE][FAILED] - Test Cases/RTD/Partner Disbursement/TC_Search_by_OrderID: Test Cases/RTD/Partner Disbursement/TC_Search_by_OrderID FAILED.
Reason:
com.kms.katalon.core.exception.StepFailedException: Feature file 'Include/features/IST_Real/RTD/Partner_Disbursement/Search_by_OrderID.feature' was failed
	at com.kms.katalon.core.keyword.internal.KeywordMain.stepFailed(KeywordMain.groovy:50)
	at com.kms.katalon.core.keyword.internal.KeywordMain.stepFailed(KeywordMain.groovy)
	at com.kms.katalon.core.keyword.internal.KeywordMain.stepFailed(KeywordMain.groovy:23)
	at com.kms.katalon.core.keyword.internal.KeywordMain$stepFailed$0.call(Unknown Source)
	at com.kms.katalon.core.cucumber.keyword.CucumberBuiltinKeywords$_runFeatureFile_closure1.doCall(CucumberBuiltinKeywords.groovy:82)
	at com.kms.katalon.core.cucumber.keyword.CucumberBuiltinKeywords$_runFeatureFile_closure1.doCall(CucumberBuiltinKeywords.groovy)
	at com.kms.katalon.core.keyword.internal.KeywordMain.runKeyword(KeywordMain.groovy:68)
	at com.kms.katalon.core.keyword.internal.KeywordMain$runKeyword.call(Unknown Source)
	at com.kms.katalon.core.cucumber.keyword.CucumberBuiltinKeywords.runFeatureFile(CucumberBuiltinKeywords.groovy:46)
	at com.kms.katalon.core.cucumber.keyword.CucumberBuiltinKeywords$runFeatureFile$0.callStatic(Unknown Source)
	at com.kms.katalon.core.cucumber.keyword.CucumberBuiltinKeywords.runFeatureFile(CucumberBuiltinKeywords.groovy:169)
	at com.kms.katalon.core.cucumber.keyword.CucumberBuiltinKeywords$runFeatureFile.call(Unknown Source)
	at TC_Search_by_OrderID.run(TC_Search_by_OrderID:18)
	at com.kms.katalon.core.main.ScriptEngine.run(ScriptEngine.java:194)
	at com.kms.katalon.core.main.ScriptEngine.runScriptAsRawText(ScriptEngine.java:119)
	at com.kms.katalon.core.main.TestCaseExecutor.runScript(TestCaseExecutor.java:339)
	at com.kms.katalon.core.main.TestCaseExecutor.doExecute(TestCaseExecutor.java:330)
	at com.kms.katalon.core.main.TestCaseExecutor.processExecutionPhase(TestCaseExecutor.java:309)
	at com.kms.katalon.core.main.TestCaseExecutor.accessMainPhase(TestCaseExecutor.java:301)
	at com.kms.katalon.core.main.TestCaseExecutor.execute(TestCaseExecutor.java:235)
	at com.kms.katalon.core.main.TestSuiteExecutor.accessTestCaseMainPhase(TestSuiteExecutor.java:191)
	at com.kms.katalon.core.main.TestSuiteExecutor.accessTestSuiteMainPhase(TestSuiteExecutor.java:141)
	at com.kms.katalon.core.main.TestSuiteExecutor.execute(TestSuiteExecutor.java:90)
	at com.kms.katalon.core.main.TestCaseMain.startTestSuite(TestCaseMain.java:157)
	at com.kms.katalon.core.main.TestCaseMain$startTestSuite$0.call(Unknown Source)
	at TempTestSuite1611218221584.run(TempTestSuite1611218221584.groovy:39)


2021-01-21 16:14:12 - [TEST_STEP][FAILED] - runFeatureFile("Include/features/IST_Real/RTD/Partner_Disbursement/Search_by_OrderID.feature"): Keyword runFeatureFile was failed (Root cause: com.kms.katalon.core.exception.StepFailedException: Feature file 'Include/features/IST_Real/RTD/Partner_Disbursement/Search_by_OrderID.feature' was failed
	at com.kms.katalon.core.keyword.internal.KeywordMain.stepFailed(KeywordMain.groovy:50)
	at com.kms.katalon.core.keyword.internal.KeywordMain.stepFailed(KeywordMain.groovy)
	at com.kms.katalon.core.keyword.internal.KeywordMain.stepFailed(KeywordMain.groovy:23)
	at com.kms.katalon.core.keyword.internal.KeywordMain$stepFailed$0.call(Unknown Source)
	at com.kms.katalon.core.cucumber.keyword.CucumberBuiltinKeywords$_runFeatureFile_closure1.doCall(CucumberBuiltinKeywords.groovy:82)
	at com.kms.katalon.core.cucumber.keyword.CucumberBuiltinKeywords$_runFeatureFile_closure1.doCall(CucumberBuiltinKeywords.groovy)
	at com.kms.katalon.core.keyword.internal.KeywordMain.runKeyword(KeywordMain.groovy:68)
	at com.kms.katalon.core.keyword.internal.KeywordMain$runKeyword.call(Unknown Source)
	at com.kms.katalon.core.cucumber.keyword.CucumberBuiltinKeywords.runFeatureFile(CucumberBuiltinKeywords.groovy:46)
	at com.kms.katalon.core.cucumber.keyword.CucumberBuiltinKeywords$runFeatureFile$0.callStatic(Unknown Source)
	at com.kms.katalon.core.cucumber.keyword.CucumberBuiltinKeywords.runFeatureFile(CucumberBuiltinKeywords.groovy:169)
	at com.kms.katalon.core.cucumber.keyword.CucumberBuiltinKeywords$runFeatureFile.call(Unknown Source)
	at TC_Search_by_OrderID.run(TC_Search_by_OrderID:18)
	at com.kms.katalon.core.main.ScriptEngine.run(ScriptEngine.java:194)
	at com.kms.katalon.core.main.ScriptEngine.runScriptAsRawText(ScriptEngine.java:119)
	at com.kms.katalon.core.main.TestCaseExecutor.runScript(TestCaseExecutor.java:339)
	at com.kms.katalon.core.main.TestCaseExecutor.doExecute(TestCaseExecutor.java:330)
	at com.kms.katalon.core.main.TestCaseExecutor.processExecutionPhase(TestCaseExecutor.java:309)
	at com.kms.katalon.core.main.TestCaseExecutor.accessMainPhase(TestCaseExecutor.java:301)
	at com.kms.katalon.core.main.TestCaseExecutor.execute(TestCaseExecutor.java:235)
	at com.kms.katalon.core.main.TestSuiteExecutor.accessTestCaseMainPhase(TestSuiteExecutor.java:191)
	at com.kms.katalon.core.main.TestSuiteExecutor.accessTestSuiteMainPhase(TestSuiteExecutor.java:141)
	at com.kms.katalon.core.main.TestSuiteExecutor.execute(TestSuiteExecutor.java:90)
	at com.kms.katalon.core.main.TestCaseMain.startTestSuite(TestCaseMain.java:157)
	at com.kms.katalon.core.main.TestCaseMain$startTestSuite$0.call(Unknown Source)
	at TempTestSuite1611218221584.run(TempTestSuite1611218221584.groovy:39)
)

2021-01-21 16:14:12 - [MESSAGE][INFO] - Starting run keyword runFeatureFile: 'Include/features/IST_Real/RTD/Partner_Disbursement/Search_by_OrderID.feature' and extract report to folder: '/Users/chaidir.pratama01/Katalon Studio/IST_Automation_Git/Reports/20210121_153655/RTD/TS_Partner_Disbursement/20210121_153701/cucumber_report/1611220452696'...

2021-01-21 16:14:12 - [TEST_CASE][FAILED] - Start Test Case : SCENARIO Search by Contract Number and it found on Dashboard: SCENARIO Search by Contract Number and it found on Dashboard FAILED.
Reason:
com.kms.katalon.core.exception.StepFailedException: Unable to set text '10037914991' of object ''
	at com.kms.katalon.core.webui.keyword.internal.WebUIKeywordMain.stepFailed(WebUIKeywordMain.groovy:64)
	at com.kms.katalon.core.webui.keyword.internal.WebUIKeywordMain.runKeyword(WebUIKeywordMain.groovy:26)
	at com.kms.katalon.core.webui.keyword.builtin.SetTextKeyword.setText(SetTextKeyword.groovy:66)
	at com.kms.katalon.core.webui.keyword.builtin.SetTextKeyword.execute(SetTextKeyword.groovy:37)
	at com.kms.katalon.core.keyword.internal.KeywordExecutor.executeKeywordForPlatform(KeywordExecutor.groovy:73)
	at com.kms.katalon.core.webui.keyword.WebUiBuiltInKeywords.setText(WebUiBuiltInKeywords.groovy:962)
	at com.kms.katalon.core.webui.keyword.WebUiBuiltInKeywords$setText$13.call(Unknown Source)
	at RTD.Input_label(RTD.groovy:337)
	at âœ½.Input "Order ID" for "Partner Disbursement"(/Users/chaidir.pratama01/Katalon Studio/IST_Automation_Git/Include/features/IST_Real/RTD/Partner_Disbursement/Search_by_OrderID.feature:32)
Caused by: org.openqa.selenium.InvalidElementStateException: invalid element state
  (Session info: headless chrome=87.0.4280.141)
Build info: version: '3.141.59', revision: 'e82be7d358', time: '2018-11-14T08:25:53'
System info: host: 'M-Chaidir-Pratama.local', ip: 'fe80:0:0:0:14e4:ed6f:bc3b:fd01%en0', os.name: 'Mac OS X', os.arch: 'x86_64', os.version: '10.15', java.version: '1.8.0_181'
Driver info: com.kms.katalon.selenium.driver.CChromeDriver
Capabilities {acceptInsecureCerts: false, browserName: chrome, browserVersion: 87.0.4280.141, chrome: {chromedriverVersion: 87.0.4280.88 (89e2380a3e36c..., userDataDir: /var/folders/0s/4_d154xd6dq...}, goog:chromeOptions: {debuggerAddress: localhost:58440}, javascriptEnabled: true, networkConnectionEnabled: false, pageLoadStrategy: normal, platform: MAC, platformName: MAC, proxy: Proxy(), setWindowRect: true, strictFileInteractability: false, timeouts: {implicit: 0, pageLoad: 300000, script: 30000}, unhandledPromptBehavior: dismiss and notify, webauthn:virtualAuthenticators: true}
Session ID: 0bd01a5e3b4cfdc679e511689d1fbf18
	at org.openqa.selenium.remote.http.W3CHttpResponseCodec.createException(W3CHttpResponseCodec.java:187)
	at org.openqa.selenium.remote.http.W3CHttpResponseCodec.decode(W3CHttpResponseCodec.java:122)
	at org.openqa.selenium.remote.http.W3CHttpResponseCodec.decode(W3CHttpResponseCodec.java:49)
	at org.openqa.selenium.remote.HttpCommandExecutor.execute(HttpCommandExecutor.java:158)
	at org.openqa.selenium.remote.service.DriverCommandExecutor.execute(DriverCommandExecutor.java:83)
	at org.openqa.selenium.remote.RemoteWebDriver.execute(RemoteWebDriver.java:552)
	at com.kms.katalon.selenium.driver.CChromeDriver.execute(CChromeDriver.java:19)
	at org.openqa.selenium.remote.RemoteWebElement.execute(RemoteWebElement.java:285)
	at org.openqa.selenium.remote.RemoteWebElement.clear(RemoteWebElement.java:124)
	at org.openqa.selenium.support.events.EventFiringWebDriver$EventFiringWebElement.lambda$new$0(EventFiringWebDriver.java:404)
	at com.sun.proxy.$Proxy19.clear(Unknown Source)
	at org.openqa.selenium.support.events.EventFiringWebDriver$EventFiringWebElement.clear(EventFiringWebDriver.java:436)
	at com.kms.katalon.core.webui.keyword.builtin.SetTextKeyword$_setText_closure1.doCall(SetTextKeyword.groovy:53)
	at com.kms.katalon.core.webui.keyword.builtin.SetTextKeyword$_setText_closure1.call(SetTextKeyword.groovy)
	at com.kms.katalon.core.webui.keyword.internal.WebUIKeywordMain.runKeyword(WebUIKeywordMain.groovy:20)
	at com.kms.katalon.core.webui.keyword.builtin.SetTextKeyword.setText(SetTextKeyword.groovy:66)
	at com.kms.katalon.core.webui.keyword.builtin.SetTextKeyword.execute(SetTextKeyword.groovy:37)
	at com.kms.katalon.core.keyword.internal.KeywordExecutor.executeKeywordForPlatform(KeywordExecutor.groovy:73)
	at com.kms.katalon.core.webui.keyword.WebUiBuiltInKeywords.setText(WebUiBuiltInKeywords.groovy:962)
	at com.kms.katalon.core.webui.keyword.WebUiBuiltInKeywords$setText$13.call(Unknown Source)
	at RTD.Input_label(RTD.groovy:337)
	at cucumber.runtime.Utils$1.call(Utils.java:26)
	at cucumber.runtime.Timeout.timeout(Timeout.java:16)
	at cucumber.runtime.Utils.invoke(Utils.java:20)
	at cucumber.runtime.java.JavaStepDefinition.execute(JavaStepDefinition.java:48)
	at cucumber.runtime.PickleStepDefinitionMatch.runStep(PickleStepDefinitionMatch.java:50)
	at cucumber.runner.TestStep.executeStep(TestStep.java:55)
	at cucumber.runner.TestStep.run(TestStep.java:42)
	at cucumber.runner.PickleStepTestStep.run(PickleStepTestStep.java:53)
	at cucumber.runner.TestCase.run(TestCase.java:47)
	at cucumber.runner.Runner.runPickle(Runner.java:44)
	at cucumber.runtime.Runtime.runFeature(Runtime.java:120)
	at cucumber.runtime.Runtime.run(Runtime.java:106)
	at cucumber.api.cli.Main.run(Main.java:35)
	at cucumber.api.cli.Main$run.call(Unknown Source)
	at com.kms.katalon.core.cucumber.keyword.CucumberBuiltinKeywords$_runFeatureFile_closure1.doCall(CucumberBuiltinKeywords.groovy:76)
	at com.kms.katalon.core.cucumber.keyword.CucumberBuiltinKeywords$_runFeatureFile_closure1.doCall(CucumberBuiltinKeywords.groovy)
	at com.kms.katalon.core.keyword.internal.KeywordMain.runKeyword(KeywordMain.groovy:68)
	at com.kms.katalon.core.keyword.internal.KeywordMain$runKeyword.call(Unknown Source)
	at com.kms.katalon.core.cucumber.keyword.CucumberBuiltinKeywords.runFeatureFile(CucumberBuiltinKeywords.groovy:46)
	at com.kms.katalon.core.cucumber.keyword.CucumberBuiltinKeywords$runFeatureFile$0.callStatic(Unknown Source)
	at com.kms.katalon.core.cucumber.keyword.CucumberBuiltinKeywords.runFeatureFile(CucumberBuiltinKeywords.groovy:169)
	at com.kms.katalon.core.cucumber.keyword.CucumberBuiltinKeywords$runFeatureFile.call(Unknown Source)
	at TC_Search_by_OrderID.run(TC_Search_by_OrderID:18)
	at com.kms.katalon.core.main.ScriptEngine.run(ScriptEngine.java:194)
	at com.kms.katalon.core.main.ScriptEngine.runScriptAsRawText(ScriptEngine.java:119)
	at com.kms.katalon.core.main.TestCaseExecutor.runScript(TestCaseExecutor.java:339)
	at com.kms.katalon.core.main.TestCaseExecutor.doExecute(TestCaseExecutor.java:330)
	at com.kms.katalon.core.main.TestCaseExecutor.processExecutionPhase(TestCaseExecutor.java:309)
	at com.kms.katalon.core.main.TestCaseExecutor.accessMainPhase(TestCaseExecutor.java:301)
	at com.kms.katalon.core.main.TestCaseExecutor.execute(TestCaseExecutor.java:235)
	at com.kms.katalon.core.main.TestSuiteExecutor.accessTestCaseMainPhase(TestSuiteExecutor.java:191)
	at com.kms.katalon.core.main.TestSuiteExecutor.accessTestSuiteMainPhase(TestSuiteExecutor.java:141)
	at com.kms.katalon.core.main.TestSuiteExecutor.execute(TestSuiteExecutor.java:90)
	at com.kms.katalon.core.main.TestCaseMain.startTestSuite(TestCaseMain.java:157)
	at com.kms.katalon.core.main.TestCaseMain$startTestSuite$0.call(Unknown Source)
	at TempTestSuite1611218221584.run(TempTestSuite1611218221584.groovy:39)


2021-01-21 16:14:12 - [TEST_STEP][PASSED] - Go to ISTools: Go to ISTools

2021-01-21 16:14:12 - [MESSAGE][WARNING] - A browser is already opened. Closing browser and opening a new one

2021-01-21 16:14:12 - [MESSAGE][INFO] - Starting 'Chrome (headless)' driver

2021-01-21 16:14:12 - [MESSAGE][INFO] - User set preference: ['args', '[--start-maximized, --disable-gpu, --no-proxy-server, â€“-no-sandbox, --allow-running-insecure-content, --ignore-certificate-errors, window-size=1680,814, force-device-scale-factor=2, --lang=en-GB]']

2021-01-21 16:14:12 - [MESSAGE][INFO] - User set preference: ['prefs', '{download.default_directory=/Users/chaidir.pratama01/Katalon Studio/IST_Automation_Git/Download}']

2021-01-21 16:14:12 - [MESSAGE][INFO] - Action delay is set to 0 milliseconds

2021-01-21 16:14:13 - [MESSAGE][PASSED] - Browser is opened with url: ''

2021-01-21 16:14:13 - [MESSAGE][PASSED] - Navigate to 'https://dev-istools.homecredit.id/foundation/' successfully

2021-01-21 16:14:13 - [MESSAGE][PASSED] - Go to ISTools

2021-01-21 16:14:13 - [TEST_STEP][PASSED] - Login IST with valid credentials: Login IST with valid credentials

2021-01-21 16:14:14 - [MESSAGE][PASSED] - Text 'mobile.test' is set on object 'Object Repository/Page_/input_Username_j_username'

2021-01-21 16:14:14 - [MESSAGE][PASSED] - Text ****** has been set on object 'Object Repository/Page_/input_Password_j_password'

2021-01-21 16:14:14 - [MESSAGE][PASSED] - Object: 'Object Repository/Page_/button_Login' is clicked on

2021-01-21 16:14:14 - [MESSAGE][PASSED] - Login IST with valid credentials

2021-01-21 16:14:14 - [TEST_STEP][PASSED] - Login Success: Login Success

2021-01-21 16:14:14 - [MESSAGE][INFO] - Login Success

2021-01-21 16:14:14 - [MESSAGE][PASSED] - Current window maximized

2021-01-21 16:14:14 - [MESSAGE][PASSED] - Object 'Object Repository/Page_/h1_Welcome to IT Supporting Tools' is present

2021-01-21 16:14:14 - [MESSAGE][PASSED] - Login Success

2021-01-21 16:14:14 - [TEST_STEP][PASSED] - Select Arrow Menu "Real Time Disbursement": Select Arrow Menu "Real Time Disbursement"

2021-01-21 16:14:14 - [MESSAGE][PASSED] - Object: '' is clicked on

2021-01-21 16:14:14 - [MESSAGE][PASSED] - Select Arrow Menu "Real Time Disbursement"

2021-01-21 16:14:14 - [TEST_STEP][PASSED] - Select Menu "Partner Disbursement": Select Menu "Partner Disbursement"

2021-01-21 16:14:15 - [MESSAGE][PASSED] - Taking screenshot successfully
[[ATTACHMENT|/Users/chaidir.pratama01/Documents/Docs/Katalon Studio/Screenshot/test-Partner Disbursement.png]]

2021-01-21 16:14:15 - [MESSAGE][PASSED] - Object '' is present

2021-01-21 16:14:15 - [MESSAGE][PASSED] - Object: '' is clicked on

2021-01-21 16:14:15 - [MESSAGE][PASSED] - Wait for page load successfully

2021-01-21 16:14:15 - [MESSAGE][PASSED] - Select Menu "Partner Disbursement"

2021-01-21 16:14:15 - [TEST_STEP][FAILED] - Input "Order ID" for "Partner Disbursement": Input "Order ID" for "Partner Disbursement" FAILED.
Reason:
com.kms.katalon.core.exception.StepFailedException: Unable to set text '10037914991' of object ''
	at com.kms.katalon.core.webui.keyword.internal.WebUIKeywordMain.stepFailed(WebUIKeywordMain.groovy:64)
	at com.kms.katalon.core.webui.keyword.internal.WebUIKeywordMain.runKeyword(WebUIKeywordMain.groovy:26)
	at com.kms.katalon.core.webui.keyword.builtin.SetTextKeyword.setText(SetTextKeyword.groovy:66)
	at com.kms.katalon.core.webui.keyword.builtin.SetTextKeyword.execute(SetTextKeyword.groovy:37)
	at com.kms.katalon.core.keyword.internal.KeywordExecutor.executeKeywordForPlatform(KeywordExecutor.groovy:73)
	at com.kms.katalon.core.webui.keyword.WebUiBuiltInKeywords.setText(WebUiBuiltInKeywords.groovy:962)
	at com.kms.katalon.core.webui.keyword.WebUiBuiltInKeywords$setText$13.call(Unknown Source)
	at RTD.Input_label(RTD.groovy:337)
	at âœ½.Input "Order ID" for "Partner Disbursement"(/Users/chaidir.pratama01/Katalon Studio/IST_Automation_Git/Include/features/IST_Real/RTD/Partner_Disbursement/Search_by_OrderID.feature:32)
Caused by: org.openqa.selenium.InvalidElementStateException: invalid element state
  (Session info: headless chrome=87.0.4280.141)
Build info: version: '3.141.59', revision: 'e82be7d358', time: '2018-11-14T08:25:53'
System info: host: 'M-Chaidir-Pratama.local', ip: 'fe80:0:0:0:14e4:ed6f:bc3b:fd01%en0', os.name: 'Mac OS X', os.arch: 'x86_64', os.version: '10.15', java.version: '1.8.0_181'
Driver info: com.kms.katalon.selenium.driver.CChromeDriver
Capabilities {acceptInsecureCerts: false, browserName: chrome, browserVersion: 87.0.4280.141, chrome: {chromedriverVersion: 87.0.4280.88 (89e2380a3e36c..., userDataDir: /var/folders/0s/4_d154xd6dq...}, goog:chromeOptions: {debuggerAddress: localhost:58440}, javascriptEnabled: true, networkConnectionEnabled: false, pageLoadStrategy: normal, platform: MAC, platformName: MAC, proxy: Proxy(), setWindowRect: true, strictFileInteractability: false, timeouts: {implicit: 0, pageLoad: 300000, script: 30000}, unhandledPromptBehavior: dismiss and notify, webauthn:virtualAuthenticators: true}
Session ID: 0bd01a5e3b4cfdc679e511689d1fbf18
	at org.openqa.selenium.remote.http.W3CHttpResponseCodec.createException(W3CHttpResponseCodec.java:187)
	at org.openqa.selenium.remote.http.W3CHttpResponseCodec.decode(W3CHttpResponseCodec.java:122)
	at org.openqa.selenium.remote.http.W3CHttpResponseCodec.decode(W3CHttpResponseCodec.java:49)
	at org.openqa.selenium.remote.HttpCommandExecutor.execute(HttpCommandExecutor.java:158)
	at org.openqa.selenium.remote.service.DriverCommandExecutor.execute(DriverCommandExecutor.java:83)
	at org.openqa.selenium.remote.RemoteWebDriver.execute(RemoteWebDriver.java:552)
	at com.kms.katalon.selenium.driver.CChromeDriver.execute(CChromeDriver.java:19)
	at org.openqa.selenium.remote.RemoteWebElement.execute(RemoteWebElement.java:285)
	at org.openqa.selenium.remote.RemoteWebElement.clear(RemoteWebElement.java:124)
	at org.openqa.selenium.support.events.EventFiringWebDriver$EventFiringWebElement.lambda$new$0(EventFiringWebDriver.java:404)
	at com.sun.proxy.$Proxy19.clear(Unknown Source)
	at org.openqa.selenium.support.events.EventFiringWebDriver$EventFiringWebElement.clear(EventFiringWebDriver.java:436)
	at com.kms.katalon.core.webui.keyword.builtin.SetTextKeyword$_setText_closure1.doCall(SetTextKeyword.groovy:53)
	at com.kms.katalon.core.webui.keyword.builtin.SetTextKeyword$_setText_closure1.call(SetTextKeyword.groovy)
	at com.kms.katalon.core.webui.keyword.internal.WebUIKeywordMain.runKeyword(WebUIKeywordMain.groovy:20)
	at com.kms.katalon.core.webui.keyword.builtin.SetTextKeyword.setText(SetTextKeyword.groovy:66)
	at com.kms.katalon.core.webui.keyword.builtin.SetTextKeyword.execute(SetTextKeyword.groovy:37)
	at com.kms.katalon.core.keyword.internal.KeywordExecutor.executeKeywordForPlatform(KeywordExecutor.groovy:73)
	at com.kms.katalon.core.webui.keyword.WebUiBuiltInKeywords.setText(WebUiBuiltInKeywords.groovy:962)
	at com.kms.katalon.core.webui.keyword.WebUiBuiltInKeywords$setText$13.call(Unknown Source)
	at RTD.Input_label(RTD.groovy:337)
	at cucumber.runtime.Utils$1.call(Utils.java:26)
	at cucumber.runtime.Timeout.timeout(Timeout.java:16)
	at cucumber.runtime.Utils.invoke(Utils.java:20)
	at cucumber.runtime.java.JavaStepDefinition.execute(JavaStepDefinition.java:48)
	at cucumber.runtime.PickleStepDefinitionMatch.runStep(PickleStepDefinitionMatch.java:50)
	at cucumber.runner.TestStep.executeStep(TestStep.java:55)
	at cucumber.runner.TestStep.run(TestStep.java:42)
	at cucumber.runner.PickleStepTestStep.run(PickleStepTestStep.java:53)
	at cucumber.runner.TestCase.run(TestCase.java:47)
	at cucumber.runner.Runner.runPickle(Runner.java:44)
	at cucumber.runtime.Runtime.runFeature(Runtime.java:120)
	at cucumber.runtime.Runtime.run(Runtime.java:106)
	at cucumber.api.cli.Main.run(Main.java:35)
	at cucumber.api.cli.Main$run.call(Unknown Source)
	at com.kms.katalon.core.cucumber.keyword.CucumberBuiltinKeywords$_runFeatureFile_closure1.doCall(CucumberBuiltinKeywords.groovy:76)
	at com.kms.katalon.core.cucumber.keyword.CucumberBuiltinKeywords$_runFeatureFile_closure1.doCall(CucumberBuiltinKeywords.groovy)
	at com.kms.katalon.core.keyword.internal.KeywordMain.runKeyword(KeywordMain.groovy:68)
	at com.kms.katalon.core.keyword.internal.KeywordMain$runKeyword.call(Unknown Source)
	at com.kms.katalon.core.cucumber.keyword.CucumberBuiltinKeywords.runFeatureFile(CucumberBuiltinKeywords.groovy:46)
	at com.kms.katalon.core.cucumber.keyword.CucumberBuiltinKeywords$runFeatureFile$0.callStatic(Unknown Source)
	at com.kms.katalon.core.cucumber.keyword.CucumberBuiltinKeywords.runFeatureFile(CucumberBuiltinKeywords.groovy:169)
	at com.kms.katalon.core.cucumber.keyword.CucumberBuiltinKeywords$runFeatureFile.call(Unknown Source)
	at TC_Search_by_OrderID.run(TC_Search_by_OrderID:18)
	at com.kms.katalon.core.main.ScriptEngine.run(ScriptEngine.java:194)
	at com.kms.katalon.core.main.ScriptEngine.runScriptAsRawText(ScriptEngine.java:119)
	at com.kms.katalon.core.main.TestCaseExecutor.runScript(TestCaseExecutor.java:339)
	at com.kms.katalon.core.main.TestCaseExecutor.doExecute(TestCaseExecutor.java:330)
	at com.kms.katalon.core.main.TestCaseExecutor.processExecutionPhase(TestCaseExecutor.java:309)
	at com.kms.katalon.core.main.TestCaseExecutor.accessMainPhase(TestCaseExecutor.java:301)
	at com.kms.katalon.core.main.TestCaseExecutor.execute(TestCaseExecutor.java:235)
	at com.kms.katalon.core.main.TestSuiteExecutor.accessTestCaseMainPhase(TestSuiteExecutor.java:191)
	at com.kms.katalon.core.main.TestSuiteExecutor.accessTestSuiteMainPhase(TestSuiteExecutor.java:141)
	at com.kms.katalon.core.main.TestSuiteExecutor.execute(TestSuiteExecutor.java:90)
	at com.kms.katalon.core.main.TestCaseMain.startTestSuite(TestCaseMain.java:157)
	at com.kms.katalon.core.main.TestCaseMain$startTestSuite$0.call(Unknown Source)
	at TempTestSuite1611218221584.run(TempTestSuite1611218221584.groovy:39)


2021-01-21 16:14:16 - [MESSAGE][FAILED] - Unable to set text '10037914991' of object '' (Root cause: com.kms.katalon.core.exception.StepFailedException: Unable to set text '10037914991' of object ''
	at com.kms.katalon.core.webui.keyword.internal.WebUIKeywordMain.stepFailed(WebUIKeywordMain.groovy:64)
	at com.kms.katalon.core.webui.keyword.internal.WebUIKeywordMain.runKeyword(WebUIKeywordMain.groovy:26)
	at com.kms.katalon.core.webui.keyword.builtin.SetTextKeyword.setText(SetTextKeyword.groovy:66)
	at com.kms.katalon.core.webui.keyword.builtin.SetTextKeyword.execute(SetTextKeyword.groovy:37)
	at com.kms.katalon.core.keyword.internal.KeywordExecutor.executeKeywordForPlatform(KeywordExecutor.groovy:73)
	at com.kms.katalon.core.webui.keyword.WebUiBuiltInKeywords.setText(WebUiBuiltInKeywords.groovy:962)
	at com.kms.katalon.core.webui.keyword.WebUiBuiltInKeywords$setText$13.call(Unknown Source)
	at RTD.Input_label(RTD.groovy:337)
	at cucumber.runtime.Utils$1.call(Utils.java:26)
	at cucumber.runtime.Timeout.timeout(Timeout.java:16)
	at cucumber.runtime.Utils.invoke(Utils.java:20)
	at cucumber.runtime.java.JavaStepDefinition.execute(JavaStepDefinition.java:48)
	at cucumber.runtime.PickleStepDefinitionMatch.runStep(PickleStepDefinitionMatch.java:50)
	at cucumber.runner.TestStep.executeStep(TestStep.java:55)
	at cucumber.runner.TestStep.run(TestStep.java:42)
	at cucumber.runner.PickleStepTestStep.run(PickleStepTestStep.java:53)
	at cucumber.runner.TestCase.run(TestCase.java:47)
	at cucumber.runner.Runner.runPickle(Runner.java:44)
	at cucumber.runtime.Runtime.runFeature(Runtime.java:120)
	at cucumber.runtime.Runtime.run(Runtime.java:106)
	at cucumber.api.cli.Main.run(Main.java:35)
	at cucumber.api.cli.Main$run.call(Unknown Source)
	at com.kms.katalon.core.cucumber.keyword.CucumberBuiltinKeywords$_runFeatureFile_closure1.doCall(CucumberBuiltinKeywords.groovy:76)
	at com.kms.katalon.core.cucumber.keyword.CucumberBuiltinKeywords$_runFeatureFile_closure1.doCall(CucumberBuiltinKeywords.groovy)
	at com.kms.katalon.core.keyword.internal.KeywordMain.runKeyword(KeywordMain.groovy:68)
	at com.kms.katalon.core.keyword.internal.KeywordMain$runKeyword.call(Unknown Source)
	at com.kms.katalon.core.cucumber.keyword.CucumberBuiltinKeywords.runFeatureFile(CucumberBuiltinKeywords.groovy:46)
	at com.kms.katalon.core.cucumber.keyword.CucumberBuiltinKeywords$runFeatureFile$0.callStatic(Unknown Source)
	at com.kms.katalon.core.cucumber.keyword.CucumberBuiltinKeywords.runFeatureFile(CucumberBuiltinKeywords.groovy:169)
	at com.kms.katalon.core.cucumber.keyword.CucumberBuiltinKeywords$runFeatureFile.call(Unknown Source)
	at TC_Search_by_OrderID.run(TC_Search_by_OrderID:18)
	at com.kms.katalon.core.main.ScriptEngine.run(ScriptEngine.java:194)
	at com.kms.katalon.core.main.ScriptEngine.runScriptAsRawText(ScriptEngine.java:119)
	at com.kms.katalon.core.main.TestCaseExecutor.runScript(TestCaseExecutor.java:339)
	at com.kms.katalon.core.main.TestCaseExecutor.doExecute(TestCaseExecutor.java:330)
	at com.kms.katalon.core.main.TestCaseExecutor.processExecutionPhase(TestCaseExecutor.java:309)
	at com.kms.katalon.core.main.TestCaseExecutor.accessMainPhase(TestCaseExecutor.java:301)
	at com.kms.katalon.core.main.TestCaseExecutor.execute(TestCaseExecutor.java:235)
	at com.kms.katalon.core.main.TestSuiteExecutor.accessTestCaseMainPhase(TestSuiteExecutor.java:191)
	at com.kms.katalon.core.main.TestSuiteExecutor.accessTestSuiteMainPhase(TestSuiteExecutor.java:141)
	at com.kms.katalon.core.main.TestSuiteExecutor.execute(TestSuiteExecutor.java:90)
	at com.kms.katalon.core.main.TestCaseMain.startTestSuite(TestCaseMain.java:157)
	at com.kms.katalon.core.main.TestCaseMain$startTestSuite$0.call(Unknown Source)
	at TempTestSuite1611218221584.run(TempTestSuite1611218221584.groovy:39)
Caused by: org.openqa.selenium.InvalidElementStateException: invalid element state
  (Session info: headless chrome=87.0.4280.141)
Build info: version: '3.141.59', revision: 'e82be7d358', time: '2018-11-14T08:25:53'
System info: host: 'M-Chaidir-Pratama.local', ip: 'fe80:0:0:0:14e4:ed6f:bc3b:fd01%en0', os.name: 'Mac OS X', os.arch: 'x86_64', os.version: '10.15', java.version: '1.8.0_181'
Driver info: com.kms.katalon.selenium.driver.CChromeDriver
Capabilities {acceptInsecureCerts: false, browserName: chrome, browserVersion: 87.0.4280.141, chrome: {chromedriverVersion: 87.0.4280.88 (89e2380a3e36c..., userDataDir: /var/folders/0s/4_d154xd6dq...}, goog:chromeOptions: {debuggerAddress: localhost:58440}, javascriptEnabled: true, networkConnectionEnabled: false, pageLoadStrategy: normal, platform: MAC, platformName: MAC, proxy: Proxy(), setWindowRect: true, strictFileInteractability: false, timeouts: {implicit: 0, pageLoad: 300000, script: 30000}, unhandledPromptBehavior: dismiss and notify, webauthn:virtualAuthenticators: true}
Session ID: 0bd01a5e3b4cfdc679e511689d1fbf18
	at org.openqa.selenium.remote.http.W3CHttpResponseCodec.createException(W3CHttpResponseCodec.java:187)
	at org.openqa.selenium.remote.http.W3CHttpResponseCodec.decode(W3CHttpResponseCodec.java:122)
	at org.openqa.selenium.remote.http.W3CHttpResponseCodec.decode(W3CHttpResponseCodec.java:49)
	at org.openqa.selenium.remote.HttpCommandExecutor.execute(HttpCommandExecutor.java:158)
	at org.openqa.selenium.remote.service.DriverCommandExecutor.execute(DriverCommandExecutor.java:83)
	at org.openqa.selenium.remote.RemoteWebDriver.execute(RemoteWebDriver.java:552)
	at com.kms.katalon.selenium.driver.CChromeDriver.execute(CChromeDriver.java:19)
	at org.openqa.selenium.remote.RemoteWebElement.execute(RemoteWebElement.java:285)
	at org.openqa.selenium.remote.RemoteWebElement.clear(RemoteWebElement.java:124)
	at org.openqa.selenium.support.events.EventFiringWebDriver$EventFiringWebElement.lambda$new$0(EventFiringWebDriver.java:404)
	at com.sun.proxy.$Proxy19.clear(Unknown Source)
	at org.openqa.selenium.support.events.EventFiringWebDriver$EventFiringWebElement.clear(EventFiringWebDriver.java:436)
	at com.kms.katalon.core.webui.keyword.builtin.SetTextKeyword$_setText_closure1.doCall(SetTextKeyword.groovy:53)
	at com.kms.katalon.core.webui.keyword.builtin.SetTextKeyword$_setText_closure1.call(SetTextKeyword.groovy)
	at com.kms.katalon.core.webui.keyword.internal.WebUIKeywordMain.runKeyword(WebUIKeywordMain.groovy:20)
	at com.kms.katalon.core.webui.keyword.builtin.SetTextKeyword.setText(SetTextKeyword.groovy:66)
	at com.kms.katalon.core.webui.keyword.builtin.SetTextKeyword.execute(SetTextKeyword.groovy:37)
	at com.kms.katalon.core.keyword.internal.KeywordExecutor.executeKeywordForPlatform(KeywordExecutor.groovy:73)
	at com.kms.katalon.core.webui.keyword.WebUiBuiltInKeywords.setText(WebUiBuiltInKeywords.groovy:962)
	at com.kms.katalon.core.webui.keyword.WebUiBuiltInKeywords$setText$13.call(Unknown Source)
	at RTD.Input_label(RTD.groovy:337)
	at cucumber.runtime.Utils$1.call(Utils.java:26)
	at cucumber.runtime.Timeout.timeout(Timeout.java:16)
	at cucumber.runtime.Utils.invoke(Utils.java:20)
	at cucumber.runtime.java.JavaStepDefinition.execute(JavaStepDefinition.java:48)
	at cucumber.runtime.PickleStepDefinitionMatch.runStep(PickleStepDefinitionMatch.java:50)
	at cucumber.runner.TestStep.executeStep(TestStep.java:55)
	at cucumber.runner.TestStep.run(TestStep.java:42)
	at cucumber.runner.PickleStepTestStep.run(PickleStepTestStep.java:53)
	at cucumber.runner.TestCase.run(TestCase.java:47)
	at cucumber.runner.Runner.runPickle(Runner.java:44)
	at cucumber.runtime.Runtime.runFeature(Runtime.java:120)
	at cucumber.runtime.Runtime.run(Runtime.java:106)
	at cucumber.api.cli.Main.run(Main.java:35)
	at cucumber.api.cli.Main$run.call(Unknown Source)
	at com.kms.katalon.core.cucumber.keyword.CucumberBuiltinKeywords$_runFeatureFile_closure1.doCall(CucumberBuiltinKeywords.groovy:76)
	at com.kms.katalon.core.cucumber.keyword.CucumberBuiltinKeywords$_runFeatureFile_closure1.doCall(CucumberBuiltinKeywords.groovy)
	at com.kms.katalon.core.keyword.internal.KeywordMain.runKeyword(KeywordMain.groovy:68)
	at com.kms.katalon.core.keyword.internal.KeywordMain$runKeyword.call(Unknown Source)
	at com.kms.katalon.core.cucumber.keyword.CucumberBuiltinKeywords.runFeatureFile(CucumberBuiltinKeywords.groovy:46)
	at com.kms.katalon.core.cucumber.keyword.CucumberBuiltinKeywords$runFeatureFile$0.callStatic(Unknown Source)
	at com.kms.katalon.core.cucumber.keyword.CucumberBuiltinKeywords.runFeatureFile(CucumberBuiltinKeywords.groovy:169)
	at com.kms.katalon.core.cucumber.keyword.CucumberBuiltinKeywords$runFeatureFile.call(Unknown Source)
	at Script1611043863503.run(Script1611043863503.groovy:18)
	... 13 more
)
[[ATTACHMENT|/Users/chaidir.pratama01/Katalon Studio/IST_Automation_Git/Reports/20210121_153655/RTD/TS_Partner_Disbursement/20210121_153701/1611220455586.png]]

2021-01-21 16:14:16 - [MESSAGE][FAILED] - Input "Order ID" for "Partner Disbursement" FAILED.
Reason:
com.kms.katalon.core.exception.StepFailedException: Unable to set text '10037914991' of object ''
	at com.kms.katalon.core.webui.keyword.internal.WebUIKeywordMain.stepFailed(WebUIKeywordMain.groovy:64)
	at com.kms.katalon.core.webui.keyword.internal.WebUIKeywordMain.runKeyword(WebUIKeywordMain.groovy:26)
	at com.kms.katalon.core.webui.keyword.builtin.SetTextKeyword.setText(SetTextKeyword.groovy:66)
	at com.kms.katalon.core.webui.keyword.builtin.SetTextKeyword.execute(SetTextKeyword.groovy:37)
	at com.kms.katalon.core.keyword.internal.KeywordExecutor.executeKeywordForPlatform(KeywordExecutor.groovy:73)
	at com.kms.katalon.core.webui.keyword.WebUiBuiltInKeywords.setText(WebUiBuiltInKeywords.groovy:962)
	at com.kms.katalon.core.webui.keyword.WebUiBuiltInKeywords$setText$13.call(Unknown Source)
	at RTD.Input_label(RTD.groovy:337)
	at âœ½.Input "Order ID" for "Partner Disbursement"(/Users/chaidir.pratama01/Katalon Studio/IST_Automation_Git/Include/features/IST_Real/RTD/Partner_Disbursement/Search_by_OrderID.feature:32)
Caused by: org.openqa.selenium.InvalidElementStateException: invalid element state
  (Session info: headless chrome=87.0.4280.141)
Build info: version: '3.141.59', revision: 'e82be7d358', time: '2018-11-14T08:25:53'
System info: host: 'M-Chaidir-Pratama.local', ip: 'fe80:0:0:0:14e4:ed6f:bc3b:fd01%en0', os.name: 'Mac OS X', os.arch: 'x86_64', os.version: '10.15', java.version: '1.8.0_181'
Driver info: com.kms.katalon.selenium.driver.CChromeDriver
Capabilities {acceptInsecureCerts: false, browserName: chrome, browserVersion: 87.0.4280.141, chrome: {chromedriverVersion: 87.0.4280.88 (89e2380a3e36c..., userDataDir: /var/folders/0s/4_d154xd6dq...}, goog:chromeOptions: {debuggerAddress: localhost:58440}, javascriptEnabled: true, networkConnectionEnabled: false, pageLoadStrategy: normal, platform: MAC, platformName: MAC, proxy: Proxy(), setWindowRect: true, strictFileInteractability: false, timeouts: {implicit: 0, pageLoad: 300000, script: 30000}, unhandledPromptBehavior: dismiss and notify, webauthn:virtualAuthenticators: true}
Session ID: 0bd01a5e3b4cfdc679e511689d1fbf18
	at org.openqa.selenium.remote.http.W3CHttpResponseCodec.createException(W3CHttpResponseCodec.java:187)
	at org.openqa.selenium.remote.http.W3CHttpResponseCodec.decode(W3CHttpResponseCodec.java:122)
	at org.openqa.selenium.remote.http.W3CHttpResponseCodec.decode(W3CHttpResponseCodec.java:49)
	at org.openqa.selenium.remote.HttpCommandExecutor.execute(HttpCommandExecutor.java:158)
	at org.openqa.selenium.remote.service.DriverCommandExecutor.execute(DriverCommandExecutor.java:83)
	at org.openqa.selenium.remote.RemoteWebDriver.execute(RemoteWebDriver.java:552)
	at com.kms.katalon.selenium.driver.CChromeDriver.execute(CChromeDriver.java:19)
	at org.openqa.selenium.remote.RemoteWebElement.execute(RemoteWebElement.java:285)
	at org.openqa.selenium.remote.RemoteWebElement.clear(RemoteWebElement.java:124)
	at org.openqa.selenium.support.events.EventFiringWebDriver$EventFiringWebElement.lambda$new$0(EventFiringWebDriver.java:404)
	at com.sun.proxy.$Proxy19.clear(Unknown Source)
	at org.openqa.selenium.support.events.EventFiringWebDriver$EventFiringWebElement.clear(EventFiringWebDriver.java:436)
	at com.kms.katalon.core.webui.keyword.builtin.SetTextKeyword$_setText_closure1.doCall(SetTextKeyword.groovy:53)
	at com.kms.katalon.core.webui.keyword.builtin.SetTextKeyword$_setText_closure1.call(SetTextKeyword.groovy)
	at com.kms.katalon.core.webui.keyword.internal.WebUIKeywordMain.runKeyword(WebUIKeywordMain.groovy:20)
	at com.kms.katalon.core.webui.keyword.builtin.SetTextKeyword.setText(SetTextKeyword.groovy:66)
	at com.kms.katalon.core.webui.keyword.builtin.SetTextKeyword.execute(SetTextKeyword.groovy:37)
	at com.kms.katalon.core.keyword.internal.KeywordExecutor.executeKeywordForPlatform(KeywordExecutor.groovy:73)
	at com.kms.katalon.core.webui.keyword.WebUiBuiltInKeywords.setText(WebUiBuiltInKeywords.groovy:962)
	at com.kms.katalon.core.webui.keyword.WebUiBuiltInKeywords$setText$13.call(Unknown Source)
	at RTD.Input_label(RTD.groovy:337)
	at cucumber.runtime.Utils$1.call(Utils.java:26)
	at cucumber.runtime.Timeout.timeout(Timeout.java:16)
	at cucumber.runtime.Utils.invoke(Utils.java:20)
	at cucumber.runtime.java.JavaStepDefinition.execute(JavaStepDefinition.java:48)
	at cucumber.runtime.PickleStepDefinitionMatch.runStep(PickleStepDefinitionMatch.java:50)
	at cucumber.runner.TestStep.executeStep(TestStep.java:55)
	at cucumber.runner.TestStep.run(TestStep.java:42)
	at cucumber.runner.PickleStepTestStep.run(PickleStepTestStep.java:53)
	at cucumber.runner.TestCase.run(TestCase.java:47)
	at cucumber.runner.Runner.runPickle(Runner.java:44)
	at cucumber.runtime.Runtime.runFeature(Runtime.java:120)
	at cucumber.runtime.Runtime.run(Runtime.java:106)
	at cucumber.api.cli.Main.run(Main.java:35)
	at cucumber.api.cli.Main$run.call(Unknown Source)
	at com.kms.katalon.core.cucumber.keyword.CucumberBuiltinKeywords$_runFeatureFile_closure1.doCall(CucumberBuiltinKeywords.groovy:76)
	at com.kms.katalon.core.cucumber.keyword.CucumberBuiltinKeywords$_runFeatureFile_closure1.doCall(CucumberBuiltinKeywords.groovy)
	at com.kms.katalon.core.keyword.internal.KeywordMain.runKeyword(KeywordMain.groovy:68)
	at com.kms.katalon.core.keyword.internal.KeywordMain$runKeyword.call(Unknown Source)
	at com.kms.katalon.core.cucumber.keyword.CucumberBuiltinKeywords.runFeatureFile(CucumberBuiltinKeywords.groovy:46)
	at com.kms.katalon.core.cucumber.keyword.CucumberBuiltinKeywords$runFeatureFile$0.callStatic(Unknown Source)
	at com.kms.katalon.core.cucumber.keyword.CucumberBuiltinKeywords.runFeatureFile(CucumberBuiltinKeywords.groovy:169)
	at com.kms.katalon.core.cucumber.keyword.CucumberBuiltinKeywords$runFeatureFile.call(Unknown Source)
	at TC_Search_by_OrderID.run(TC_Search_by_OrderID:18)
	at com.kms.katalon.core.main.ScriptEngine.run(ScriptEngine.java:194)
	at com.kms.katalon.core.main.ScriptEngine.runScriptAsRawText(ScriptEngine.java:119)
	at com.kms.katalon.core.main.TestCaseExecutor.runScript(TestCaseExecutor.java:339)
	at com.kms.katalon.core.main.TestCaseExecutor.doExecute(TestCaseExecutor.java:330)
	at com.kms.katalon.core.main.TestCaseExecutor.processExecutionPhase(TestCaseExecutor.java:309)
	at com.kms.katalon.core.main.TestCaseExecutor.accessMainPhase(TestCaseExecutor.java:301)
	at com.kms.katalon.core.main.TestCaseExecutor.execute(TestCaseExecutor.java:235)
	at com.kms.katalon.core.main.TestSuiteExecutor.accessTestCaseMainPhase(TestSuiteExecutor.java:191)
	at com.kms.katalon.core.main.TestSuiteExecutor.accessTestSuiteMainPhase(TestSuiteExecutor.java:141)
	at com.kms.katalon.core.main.TestSuiteExecutor.execute(TestSuiteExecutor.java:90)
	at com.kms.katalon.core.main.TestCaseMain.startTestSuite(TestCaseMain.java:157)
	at com.kms.katalon.core.main.TestCaseMain$startTestSuite$0.call(Unknown Source)
	at TempTestSuite1611218221584.run(TempTestSuite1611218221584.groovy:39)


2021-01-21 16:14:16 - [TEST_STEP][NOT_RUN] - Click button "Search": Click button "Search"

2021-01-21 16:14:16 - [MESSAGE][NOT_RUN] - Click button "Search"

2021-01-21 16:14:16 - [TEST_STEP][NOT_RUN] - Verify Search Result Presents: Verify Search Result Presents

2021-01-21 16:14:16 - [MESSAGE][NOT_RUN] - Verify Search Result Presents

2021-01-21 16:14:16 - [MESSAGE][FAILED] - Feature file 'Include/features/IST_Real/RTD/Partner_Disbursement/Search_by_OrderID.feature' was failed

2021-01-21 16:14:16 - [MESSAGE][FAILED] - Keyword runFeatureFile was failed (Root cause: com.kms.katalon.core.exception.StepFailedException: Feature file 'Include/features/IST_Real/RTD/Partner_Disbursement/Search_by_OrderID.feature' was failed
	at com.kms.katalon.core.keyword.internal.KeywordMain.stepFailed(KeywordMain.groovy:50)
	at com.kms.katalon.core.keyword.internal.KeywordMain.stepFailed(KeywordMain.groovy)
	at com.kms.katalon.core.keyword.internal.KeywordMain.stepFailed(KeywordMain.groovy:23)
	at com.kms.katalon.core.keyword.internal.KeywordMain$stepFailed$0.call(Unknown Source)
	at com.kms.katalon.core.cucumber.keyword.CucumberBuiltinKeywords$_runFeatureFile_closure1.doCall(CucumberBuiltinKeywords.groovy:82)
	at com.kms.katalon.core.cucumber.keyword.CucumberBuiltinKeywords$_runFeatureFile_closure1.doCall(CucumberBuiltinKeywords.groovy)
	at com.kms.katalon.core.keyword.internal.KeywordMain.runKeyword(KeywordMain.groovy:68)
	at com.kms.katalon.core.keyword.internal.KeywordMain$runKeyword.call(Unknown Source)
	at com.kms.katalon.core.cucumber.keyword.CucumberBuiltinKeywords.runFeatureFile(CucumberBuiltinKeywords.groovy:46)
	at com.kms.katalon.core.cucumber.keyword.CucumberBuiltinKeywords$runFeatureFile$0.callStatic(Unknown Source)
	at com.kms.katalon.core.cucumber.keyword.CucumberBuiltinKeywords.runFeatureFile(CucumberBuiltinKeywords.groovy:169)
	at com.kms.katalon.core.cucumber.keyword.CucumberBuiltinKeywords$runFeatureFile.call(Unknown Source)
	at TC_Search_by_OrderID.run(TC_Search_by_OrderID:18)
	at com.kms.katalon.core.main.ScriptEngine.run(ScriptEngine.java:194)
	at com.kms.katalon.core.main.ScriptEngine.runScriptAsRawText(ScriptEngine.java:119)
	at com.kms.katalon.core.main.TestCaseExecutor.runScript(TestCaseExecutor.java:339)
	at com.kms.katalon.core.main.TestCaseExecutor.doExecute(TestCaseExecutor.java:330)
	at com.kms.katalon.core.main.TestCaseExecutor.processExecutionPhase(TestCaseExecutor.java:309)
	at com.kms.katalon.core.main.TestCaseExecutor.accessMainPhase(TestCaseExecutor.java:301)
	at com.kms.katalon.core.main.TestCaseExecutor.execute(TestCaseExecutor.java:235)
	at com.kms.katalon.core.main.TestSuiteExecutor.accessTestCaseMainPhase(TestSuiteExecutor.java:191)
	at com.kms.katalon.core.main.TestSuiteExecutor.accessTestSuiteMainPhase(TestSuiteExecutor.java:141)
	at com.kms.katalon.core.main.TestSuiteExecutor.execute(TestSuiteExecutor.java:90)
	at com.kms.katalon.core.main.TestCaseMain.startTestSuite(TestCaseMain.java:157)
	at com.kms.katalon.core.main.TestCaseMain$startTestSuite$0.call(Unknown Source)
	at TempTestSuite1611218221584.run(TempTestSuite1611218221584.groovy:39)
)]]></system-out>
         <system-err><![CDATA[2021-01-21 16:14:12 - [TEST_CASE][FAILED] - Test Cases/RTD/Partner Disbursement/TC_Search_by_OrderID: Test Cases/RTD/Partner Disbursement/TC_Search_by_OrderID FAILED.
Reason:
com.kms.katalon.core.exception.StepFailedException: Feature file 'Include/features/IST_Real/RTD/Partner_Disbursement/Search_by_OrderID.feature' was failed
	at com.kms.katalon.core.keyword.internal.KeywordMain.stepFailed(KeywordMain.groovy:50)
	at com.kms.katalon.core.keyword.internal.KeywordMain.stepFailed(KeywordMain.groovy)
	at com.kms.katalon.core.keyword.internal.KeywordMain.stepFailed(KeywordMain.groovy:23)
	at com.kms.katalon.core.keyword.internal.KeywordMain$stepFailed$0.call(Unknown Source)
	at com.kms.katalon.core.cucumber.keyword.CucumberBuiltinKeywords$_runFeatureFile_closure1.doCall(CucumberBuiltinKeywords.groovy:82)
	at com.kms.katalon.core.cucumber.keyword.CucumberBuiltinKeywords$_runFeatureFile_closure1.doCall(CucumberBuiltinKeywords.groovy)
	at com.kms.katalon.core.keyword.internal.KeywordMain.runKeyword(KeywordMain.groovy:68)
	at com.kms.katalon.core.keyword.internal.KeywordMain$runKeyword.call(Unknown Source)
	at com.kms.katalon.core.cucumber.keyword.CucumberBuiltinKeywords.runFeatureFile(CucumberBuiltinKeywords.groovy:46)
	at com.kms.katalon.core.cucumber.keyword.CucumberBuiltinKeywords$runFeatureFile$0.callStatic(Unknown Source)
	at com.kms.katalon.core.cucumber.keyword.CucumberBuiltinKeywords.runFeatureFile(CucumberBuiltinKeywords.groovy:169)
	at com.kms.katalon.core.cucumber.keyword.CucumberBuiltinKeywords$runFeatureFile.call(Unknown Source)
	at TC_Search_by_OrderID.run(TC_Search_by_OrderID:18)
	at com.kms.katalon.core.main.ScriptEngine.run(ScriptEngine.java:194)
	at com.kms.katalon.core.main.ScriptEngine.runScriptAsRawText(ScriptEngine.java:119)
	at com.kms.katalon.core.main.TestCaseExecutor.runScript(TestCaseExecutor.java:339)
	at com.kms.katalon.core.main.TestCaseExecutor.doExecute(TestCaseExecutor.java:330)
	at com.kms.katalon.core.main.TestCaseExecutor.processExecutionPhase(TestCaseExecutor.java:309)
	at com.kms.katalon.core.main.TestCaseExecutor.accessMainPhase(TestCaseExecutor.java:301)
	at com.kms.katalon.core.main.TestCaseExecutor.execute(TestCaseExecutor.java:235)
	at com.kms.katalon.core.main.TestSuiteExecutor.accessTestCaseMainPhase(TestSuiteExecutor.java:191)
	at com.kms.katalon.core.main.TestSuiteExecutor.accessTestSuiteMainPhase(TestSuiteExecutor.java:141)
	at com.kms.katalon.core.main.TestSuiteExecutor.execute(TestSuiteExecutor.java:90)
	at com.kms.katalon.core.main.TestCaseMain.startTestSuite(TestCaseMain.java:157)
	at com.kms.katalon.core.main.TestCaseMain$startTestSuite$0.call(Unknown Source)
	at TempTestSuite1611218221584.run(TempTestSuite1611218221584.groovy:39)]]></system-err>
      </testcase>
      <testcase name="Test Cases/RTD/Partner Disbursement/TC_Search_by_Contract_Number" time="7.164" classname="Test Cases/RTD/Partner Disbursement/TC_Search_by_Contract_Number" status="PASSED">
         <system-out><![CDATA[2021-01-21 16:14:16 - [TEST_CASE][PASSED] - Test Cases/RTD/Partner Disbursement/TC_Search_by_Contract_Number: Test Cases/RTD/Partner Disbursement/TC_Search_by_Contract_Number

2021-01-21 16:14:16 - [TEST_STEP][PASSED] - runFeatureFile("Include/features/IST_Real/RTD/Partner_Disbursement/Search_by_Contract_Number.feature"): Feature file: 'Include/features/IST_Real/RTD/Partner_Disbursement/Search_by_Contract_Number.feature' was passed

2021-01-21 16:14:16 - [MESSAGE][INFO] - Starting run keyword runFeatureFile: 'Include/features/IST_Real/RTD/Partner_Disbursement/Search_by_Contract_Number.feature' and extract report to folder: '/Users/chaidir.pratama01/Katalon Studio/IST_Automation_Git/Reports/20210121_153655/RTD/TS_Partner_Disbursement/20210121_153701/cucumber_report/1611220456213'...

2021-01-21 16:14:16 - [TEST_CASE][PASSED] - Start Test Case : SCENARIO Search by Contract Number and it found on Dashboard: SCENARIO Search by Contract Number and it found on Dashboard

2021-01-21 16:14:16 - [TEST_STEP][PASSED] - Go to ISTools: Go to ISTools

2021-01-21 16:14:16 - [MESSAGE][WARNING] - A browser is already opened. Closing browser and opening a new one

2021-01-21 16:14:16 - [MESSAGE][INFO] - Starting 'Chrome (headless)' driver

2021-01-21 16:14:16 - [MESSAGE][INFO] - User set preference: ['args', '[--start-maximized, --disable-gpu, --no-proxy-server, â€“-no-sandbox, --allow-running-insecure-content, --ignore-certificate-errors, window-size=1680,814, force-device-scale-factor=2, --lang=en-GB]']

2021-01-21 16:14:16 - [MESSAGE][INFO] - User set preference: ['prefs', '{download.default_directory=/Users/chaidir.pratama01/Katalon Studio/IST_Automation_Git/Download}']

2021-01-21 16:14:16 - [MESSAGE][INFO] - Action delay is set to 0 milliseconds

2021-01-21 16:14:16 - [MESSAGE][PASSED] - Browser is opened with url: ''

2021-01-21 16:14:17 - [MESSAGE][PASSED] - Navigate to 'https://dev-istools.homecredit.id/foundation/' successfully

2021-01-21 16:14:17 - [MESSAGE][PASSED] - Go to ISTools

2021-01-21 16:14:17 - [TEST_STEP][PASSED] - Login IST with valid credentials: Login IST with valid credentials

2021-01-21 16:14:17 - [MESSAGE][PASSED] - Text 'mobile.test' is set on object 'Object Repository/Page_/input_Username_j_username'

2021-01-21 16:14:17 - [MESSAGE][PASSED] - Text ****** has been set on object 'Object Repository/Page_/input_Password_j_password'

2021-01-21 16:14:18 - [MESSAGE][PASSED] - Object: 'Object Repository/Page_/button_Login' is clicked on

2021-01-21 16:14:18 - [MESSAGE][PASSED] - Login IST with valid credentials

2021-01-21 16:14:18 - [TEST_STEP][PASSED] - Login Success: Login Success

2021-01-21 16:14:18 - [MESSAGE][INFO] - Login Success

2021-01-21 16:14:18 - [MESSAGE][PASSED] - Current window maximized

2021-01-21 16:14:18 - [MESSAGE][PASSED] - Object 'Object Repository/Page_/h1_Welcome to IT Supporting Tools' is present

2021-01-21 16:14:18 - [MESSAGE][PASSED] - Login Success

2021-01-21 16:14:18 - [TEST_STEP][PASSED] - Select Arrow Menu "Real Time Disbursement": Select Arrow Menu "Real Time Disbursement"

2021-01-21 16:14:18 - [MESSAGE][PASSED] - Object: '' is clicked on

2021-01-21 16:14:18 - [MESSAGE][PASSED] - Select Arrow Menu "Real Time Disbursement"

2021-01-21 16:14:18 - [TEST_STEP][PASSED] - Select Menu "Partner Disbursement": Select Menu "Partner Disbursement"

2021-01-21 16:14:18 - [MESSAGE][PASSED] - Taking screenshot successfully
[[ATTACHMENT|/Users/chaidir.pratama01/Documents/Docs/Katalon Studio/Screenshot/test-Partner Disbursement.png]]

2021-01-21 16:14:19 - [MESSAGE][PASSED] - Object '' is present

2021-01-21 16:14:19 - [MESSAGE][PASSED] - Object: '' is clicked on

2021-01-21 16:14:19 - [MESSAGE][PASSED] - Wait for page load successfully

2021-01-21 16:14:19 - [MESSAGE][PASSED] - Select Menu "Partner Disbursement"

2021-01-21 16:14:19 - [TEST_STEP][PASSED] - Input Contract RTD in Contract Number label: Input Contract RTD in Contract Number label

2021-01-21 16:14:19 - [MESSAGE][PASSED] - Text '4000014162' is set on object ''

2021-01-21 16:14:19 - [MESSAGE][PASSED] - Input Contract RTD in Contract Number label

2021-01-21 16:14:19 - [TEST_STEP][PASSED] - Click button "Search": Click button "Search"

2021-01-21 16:14:19 - [MESSAGE][INFO] - >>>>>//Button[contains(text(),'Search')]

2021-01-21 16:14:22 - [MESSAGE][PASSED] - Object '' is present

2021-01-21 16:14:22 - [MESSAGE][PASSED] - Object: '' is clicked on

2021-01-21 16:14:22 - [MESSAGE][PASSED] - Switched to window with index: '0'

2021-01-21 16:14:22 - [MESSAGE][PASSED] - Click button "Search"

2021-01-21 16:14:22 - [TEST_STEP][PASSED] - Verify Search Result Presents: Verify Search Result Presents

2021-01-21 16:14:22 - [MESSAGE][PASSED] - Object '' is present

2021-01-21 16:14:23 - [MESSAGE][PASSED] - Verify Search Result Presents

2021-01-21 16:14:23 - [MESSAGE][PASSED] - Feature file: 'Include/features/IST_Real/RTD/Partner_Disbursement/Search_by_Contract_Number.feature' was passed]]></system-out>
         <system-err><![CDATA[]]></system-err>
      </testcase>
      <testcase name="Test Cases/RTD/Partner Disbursement/TC_Hold_Payment" time="17.826" classname="Test Cases/RTD/Partner Disbursement/TC_Hold_Payment" status="PASSED">
         <system-out><![CDATA[2021-01-21 16:14:23 - [TEST_CASE][PASSED] - Test Cases/RTD/Partner Disbursement/TC_Hold_Payment: Test Cases/RTD/Partner Disbursement/TC_Hold_Payment

2021-01-21 16:14:23 - [TEST_STEP][PASSED] - runFeatureFile("Include/features/IST_Real/RTD/Partner_Disbursement/Hold_Payment.feature"): Feature file: 'Include/features/IST_Real/RTD/Partner_Disbursement/Hold_Payment.feature' was passed

2021-01-21 16:14:23 - [MESSAGE][INFO] - Starting run keyword runFeatureFile: 'Include/features/IST_Real/RTD/Partner_Disbursement/Hold_Payment.feature' and extract report to folder: '/Users/chaidir.pratama01/Katalon Studio/IST_Automation_Git/Reports/20210121_153655/RTD/TS_Partner_Disbursement/20210121_153701/cucumber_report/1611220463371'...

2021-01-21 16:14:23 - [TEST_CASE][PASSED] - Start Test Case : SCENARIO Hold Payment for Status Eligible to Disburse: SCENARIO Hold Payment for Status Eligible to Disburse

2021-01-21 16:14:23 - [TEST_STEP][PASSED] - Go to ISTools: Go to ISTools

2021-01-21 16:14:23 - [MESSAGE][WARNING] - A browser is already opened. Closing browser and opening a new one

2021-01-21 16:14:23 - [MESSAGE][INFO] - Starting 'Chrome (headless)' driver

2021-01-21 16:14:23 - [MESSAGE][INFO] - User set preference: ['args', '[--start-maximized, --disable-gpu, --no-proxy-server, â€“-no-sandbox, --allow-running-insecure-content, --ignore-certificate-errors, window-size=1680,814, force-device-scale-factor=2, --lang=en-GB]']

2021-01-21 16:14:23 - [MESSAGE][INFO] - User set preference: ['prefs', '{download.default_directory=/Users/chaidir.pratama01/Katalon Studio/IST_Automation_Git/Download}']

2021-01-21 16:14:23 - [MESSAGE][INFO] - Action delay is set to 0 milliseconds

2021-01-21 16:14:23 - [MESSAGE][PASSED] - Browser is opened with url: ''

2021-01-21 16:14:24 - [MESSAGE][PASSED] - Navigate to 'https://dev-istools.homecredit.id/foundation/' successfully

2021-01-21 16:14:24 - [MESSAGE][PASSED] - Go to ISTools

2021-01-21 16:14:24 - [TEST_STEP][PASSED] - Login IST with valid credentials: Login IST with valid credentials

2021-01-21 16:14:24 - [MESSAGE][PASSED] - Text 'mobile.test' is set on object 'Object Repository/Page_/input_Username_j_username'

2021-01-21 16:14:24 - [MESSAGE][PASSED] - Text ****** has been set on object 'Object Repository/Page_/input_Password_j_password'

2021-01-21 16:14:25 - [MESSAGE][PASSED] - Object: 'Object Repository/Page_/button_Login' is clicked on

2021-01-21 16:14:25 - [MESSAGE][PASSED] - Login IST with valid credentials

2021-01-21 16:14:25 - [TEST_STEP][PASSED] - Login Success: Login Success

2021-01-21 16:14:25 - [MESSAGE][INFO] - Login Success

2021-01-21 16:14:25 - [MESSAGE][PASSED] - Current window maximized

2021-01-21 16:14:25 - [MESSAGE][PASSED] - Object 'Object Repository/Page_/h1_Welcome to IT Supporting Tools' is present

2021-01-21 16:14:25 - [MESSAGE][PASSED] - Login Success

2021-01-21 16:14:25 - [TEST_STEP][PASSED] - Select Arrow Menu "Real Time Disbursement": Select Arrow Menu "Real Time Disbursement"

2021-01-21 16:14:25 - [MESSAGE][PASSED] - Object: '' is clicked on

2021-01-21 16:14:25 - [MESSAGE][PASSED] - Select Arrow Menu "Real Time Disbursement"

2021-01-21 16:14:25 - [TEST_STEP][PASSED] - Select Menu "Partner Disbursement": Select Menu "Partner Disbursement"

2021-01-21 16:14:26 - [MESSAGE][PASSED] - Taking screenshot successfully
[[ATTACHMENT|/Users/chaidir.pratama01/Documents/Docs/Katalon Studio/Screenshot/test-Partner Disbursement.png]]

2021-01-21 16:14:26 - [MESSAGE][PASSED] - Object '' is present

2021-01-21 16:14:26 - [MESSAGE][PASSED] - Object: '' is clicked on

2021-01-21 16:14:26 - [MESSAGE][PASSED] - Wait for page load successfully

2021-01-21 16:14:26 - [MESSAGE][PASSED] - Select Menu "Partner Disbursement"

2021-01-21 16:14:26 - [TEST_STEP][PASSED] - Select STATUS "Eligible to disburse": Select STATUS "Eligible to disburse"

2021-01-21 16:14:26 - [MESSAGE][PASSED] - All options with value 'Eligible to disburse' are selected in object ''  using regular expression

2021-01-21 16:14:26 - [MESSAGE][PASSED] - Select STATUS "Eligible to disburse"

2021-01-21 16:14:26 - [TEST_STEP][PASSED] - Click button "Search": Click button "Search"

2021-01-21 16:14:26 - [MESSAGE][INFO] - >>>>>//Button[contains(text(),'Search')]

2021-01-21 16:14:29 - [MESSAGE][PASSED] - Object '' is present

2021-01-21 16:14:29 - [MESSAGE][PASSED] - Object: '' is clicked on

2021-01-21 16:14:29 - [MESSAGE][PASSED] - Switched to window with index: '0'

2021-01-21 16:14:29 - [MESSAGE][PASSED] - Click button "Search"

2021-01-21 16:14:29 - [TEST_STEP][PASSED] - Verify Search Result Presents: Verify Search Result Presents

2021-01-21 16:14:29 - [MESSAGE][PASSED] - Object '' is present

2021-01-21 16:14:30 - [MESSAGE][PASSED] - Verify Search Result Presents

2021-01-21 16:14:30 - [TEST_STEP][PASSED] - Click Checkbox: Click Checkbox

2021-01-21 16:14:30 - [MESSAGE][PASSED] - Object: '' is clicked on

2021-01-21 16:14:30 - [MESSAGE][PASSED] - Click Checkbox

2021-01-21 16:14:30 - [TEST_STEP][PASSED] - Get Checkbox data of Menu "Partner Disbursement" before Hold Payment: Get Checkbox data of Menu "Partner Disbursement" before Hold Payment

2021-01-21 16:14:30 - [MESSAGE][PASSED] - Get Checkbox data of Menu "Partner Disbursement" before Hold Payment

2021-01-21 16:14:30 - [TEST_STEP][PASSED] - Click button "HOLD PAYMENT": Click button "HOLD PAYMENT"

2021-01-21 16:14:30 - [MESSAGE][INFO] - >>>>>//Button[contains(text(),'HOLD PAYMENT')]

2021-01-21 16:14:33 - [MESSAGE][PASSED] - Object '' is present

2021-01-21 16:14:34 - [MESSAGE][PASSED] - Object: '' is clicked on

2021-01-21 16:14:34 - [MESSAGE][PASSED] - Switched to window with index: '0'

2021-01-21 16:14:34 - [MESSAGE][PASSED] - Click button "HOLD PAYMENT"

2021-01-21 16:14:34 - [TEST_STEP][PASSED] - Input reason of Hold Payment: Input reason of Hold Payment

2021-01-21 16:14:34 - [MESSAGE][PASSED] - Switched to window with index: '0'

2021-01-21 16:14:37 - [MESSAGE][PASSED] - Delayed 3 second(s)

2021-01-21 16:14:37 - [MESSAGE][PASSED] - Input reason of Hold Payment

2021-01-21 16:14:37 - [TEST_STEP][PASSED] - Click button "Yes": Click button "Yes"

2021-01-21 16:14:37 - [MESSAGE][INFO] - >>>>>//Button[contains(text(),'Yes')]

2021-01-21 16:14:40 - [MESSAGE][PASSED] - Object '' is present

2021-01-21 16:14:40 - [MESSAGE][PASSED] - Object: '' is clicked on

2021-01-21 16:14:40 - [MESSAGE][PASSED] - Switched to window with index: '0'

2021-01-21 16:14:40 - [MESSAGE][PASSED] - Click button "Yes"

2021-01-21 16:14:40 - [TEST_STEP][PASSED] - Connect to Database RTD: Connect to Database RTD

2021-01-21 16:14:40 - [MESSAGE][PASSED] - Connect to Database RTD

2021-01-21 16:14:40 - [TEST_STEP][PASSED] - Select Hold Contract Number and make sure status is Hold Payment Recreation: Select Hold Contract Number and make sure status is Hold Payment Recreation

2021-01-21 16:14:41 - [MESSAGE][PASSED] - Select Hold Contract Number and make sure status is Hold Payment Recreation

2021-01-21 16:14:41 - [MESSAGE][PASSED] - Feature file: 'Include/features/IST_Real/RTD/Partner_Disbursement/Hold_Payment.feature' was passed]]></system-out>
         <system-err><![CDATA[]]></system-err>
      </testcase>
      <system-out><![CDATA[2021-01-21 16:06:06 - [TEST_SUITE][FAILED] - TS_Partner_Disbursement: Test Cases/RTD/Partner Disbursement/TC_Search_by_OrderID FAILED.
Reason:
com.kms.katalon.core.exception.StepFailedException: Feature file 'Include/features/IST_Real/RTD/Partner_Disbursement/Search_by_OrderID.feature' was failed
	at com.kms.katalon.core.keyword.internal.KeywordMain.stepFailed(KeywordMain.groovy:50)
	at com.kms.katalon.core.keyword.internal.KeywordMain.stepFailed(KeywordMain.groovy)
	at com.kms.katalon.core.keyword.internal.KeywordMain.stepFailed(KeywordMain.groovy:23)
	at com.kms.katalon.core.keyword.internal.KeywordMain$stepFailed$0.call(Unknown Source)
	at com.kms.katalon.core.cucumber.keyword.CucumberBuiltinKeywords$_runFeatureFile_closure1.doCall(CucumberBuiltinKeywords.groovy:82)
	at com.kms.katalon.core.cucumber.keyword.CucumberBuiltinKeywords$_runFeatureFile_closure1.doCall(CucumberBuiltinKeywords.groovy)
	at com.kms.katalon.core.keyword.internal.KeywordMain.runKeyword(KeywordMain.groovy:68)
	at com.kms.katalon.core.keyword.internal.KeywordMain$runKeyword.call(Unknown Source)
	at com.kms.katalon.core.cucumber.keyword.CucumberBuiltinKeywords.runFeatureFile(CucumberBuiltinKeywords.groovy:46)
	at com.kms.katalon.core.cucumber.keyword.CucumberBuiltinKeywords$runFeatureFile$0.callStatic(Unknown Source)
	at com.kms.katalon.core.cucumber.keyword.CucumberBuiltinKeywords.runFeatureFile(CucumberBuiltinKeywords.groovy:169)
	at com.kms.katalon.core.cucumber.keyword.CucumberBuiltinKeywords$runFeatureFile.call(Unknown Source)
	at TC_Search_by_OrderID.run(TC_Search_by_OrderID:18)
	at com.kms.katalon.core.main.ScriptEngine.run(ScriptEngine.java:194)
	at com.kms.katalon.core.main.ScriptEngine.runScriptAsRawText(ScriptEngine.java:119)
	at com.kms.katalon.core.main.TestCaseExecutor.runScript(TestCaseExecutor.java:339)
	at com.kms.katalon.core.main.TestCaseExecutor.doExecute(TestCaseExecutor.java:330)
	at com.kms.katalon.core.main.TestCaseExecutor.processExecutionPhase(TestCaseExecutor.java:309)
	at com.kms.katalon.core.main.TestCaseExecutor.accessMainPhase(TestCaseExecutor.java:301)
	at com.kms.katalon.core.main.TestCaseExecutor.execute(TestCaseExecutor.java:235)
	at com.kms.katalon.core.main.TestSuiteExecutor.accessTestCaseMainPhase(TestSuiteExecutor.java:191)
	at com.kms.katalon.core.main.TestSuiteExecutor.accessTestSuiteMainPhase(TestSuiteExecutor.java:141)
	at com.kms.katalon.core.main.TestSuiteExecutor.execute(TestSuiteExecutor.java:90)
	at com.kms.katalon.core.main.TestCaseMain.startTestSuite(TestCaseMain.java:157)
	at com.kms.katalon.core.main.TestCaseMain$startTestSuite$0.call(Unknown Source)
	at TempTestSuite1611218221584.run(TempTestSuite1611218221584.groovy:39)]]></system-out>
      <system-err><![CDATA[2021-01-21 16:06:06 - [TEST_SUITE][FAILED] - TS_Partner_Disbursement: Test Cases/RTD/Partner Disbursement/TC_Search_by_OrderID FAILED.
Reason:
com.kms.katalon.core.exception.StepFailedException: Feature file 'Include/features/IST_Real/RTD/Partner_Disbursement/Search_by_OrderID.feature' was failed
	at com.kms.katalon.core.keyword.internal.KeywordMain.stepFailed(KeywordMain.groovy:50)
	at com.kms.katalon.core.keyword.internal.KeywordMain.stepFailed(KeywordMain.groovy)
	at com.kms.katalon.core.keyword.internal.KeywordMain.stepFailed(KeywordMain.groovy:23)
	at com.kms.katalon.core.keyword.internal.KeywordMain$stepFailed$0.call(Unknown Source)
	at com.kms.katalon.core.cucumber.keyword.CucumberBuiltinKeywords$_runFeatureFile_closure1.doCall(CucumberBuiltinKeywords.groovy:82)
	at com.kms.katalon.core.cucumber.keyword.CucumberBuiltinKeywords$_runFeatureFile_closure1.doCall(CucumberBuiltinKeywords.groovy)
	at com.kms.katalon.core.keyword.internal.KeywordMain.runKeyword(KeywordMain.groovy:68)
	at com.kms.katalon.core.keyword.internal.KeywordMain$runKeyword.call(Unknown Source)
	at com.kms.katalon.core.cucumber.keyword.CucumberBuiltinKeywords.runFeatureFile(CucumberBuiltinKeywords.groovy:46)
	at com.kms.katalon.core.cucumber.keyword.CucumberBuiltinKeywords$runFeatureFile$0.callStatic(Unknown Source)
	at com.kms.katalon.core.cucumber.keyword.CucumberBuiltinKeywords.runFeatureFile(CucumberBuiltinKeywords.groovy:169)
	at com.kms.katalon.core.cucumber.keyword.CucumberBuiltinKeywords$runFeatureFile.call(Unknown Source)
	at TC_Search_by_OrderID.run(TC_Search_by_OrderID:18)
	at com.kms.katalon.core.main.ScriptEngine.run(ScriptEngine.java:194)
	at com.kms.katalon.core.main.ScriptEngine.runScriptAsRawText(ScriptEngine.java:119)
	at com.kms.katalon.core.main.TestCaseExecutor.runScript(TestCaseExecutor.java:339)
	at com.kms.katalon.core.main.TestCaseExecutor.doExecute(TestCaseExecutor.java:330)
	at com.kms.katalon.core.main.TestCaseExecutor.processExecutionPhase(TestCaseExecutor.java:309)
	at com.kms.katalon.core.main.TestCaseExecutor.accessMainPhase(TestCaseExecutor.java:301)
	at com.kms.katalon.core.main.TestCaseExecutor.execute(TestCaseExecutor.java:235)
	at com.kms.katalon.core.main.TestSuiteExecutor.accessTestCaseMainPhase(TestSuiteExecutor.java:191)
	at com.kms.katalon.core.main.TestSuiteExecutor.accessTestSuiteMainPhase(TestSuiteExecutor.java:141)
	at com.kms.katalon.core.main.TestSuiteExecutor.execute(TestSuiteExecutor.java:90)
	at com.kms.katalon.core.main.TestCaseMain.startTestSuite(TestCaseMain.java:157)
	at com.kms.katalon.core.main.TestCaseMain$startTestSuite$0.call(Unknown Source)
	at TempTestSuite1611218221584.run(TempTestSuite1611218221584.groovy:39)]]></system-err>
   </testsuite>
   <testsuite name="TS_Hold_Payment_Configuration" tests="4" failures="0" errors="0" time="98.688" timestamp="2021-01-21 16:14:55" hostname="chaidir.pratama01 - 192.168.1.2" id="Test Suites/RTD/TS_Hold_Payment_Configuration">
      <properties>
         <property name="deviceName" value=""/>
         <property name="devicePlatform" value=""/>
         <property name="logFolder" value="/Users/chaidir.pratama01/Katalon Studio/IST_Automation_Git/Reports/20210121_153655/RTD/TS_Hold_Payment_Configuration/20210121_153702"/>
         <property name="logFiles" value="/Users/chaidir.pratama01/Katalon Studio/IST_Automation_Git/Reports/20210121_153655/RTD/TS_Hold_Payment_Configuration/20210121_153702/execution0.log"/>
         <property name="attachments" value="/Users/chaidir.pratama01/Documents/Docs/Katalon Studio/Screenshot/test-Hold Payment Configuration.png, /Users/chaidir.pratama01/Documents/Docs/Katalon Studio/Screenshot/errorpopup.png, /Users/chaidir.pratama01/Documents/Docs/Katalon Studio/Screenshot/test-Hold Payment Configuration.png, /Users/chaidir.pratama01/Documents/Docs/Katalon Studio/Screenshot/errorpopup.png, /Users/chaidir.pratama01/Katalon Studio/IST_Automation_Git/Screenshot/result date.png, /Users/chaidir.pratama01/Documents/Docs/Katalon Studio/Screenshot/test-Hold Payment Configuration.png, /Users/chaidir.pratama01/Documents/Docs/Katalon Studio/Screenshot/errorpopup.png, /Users/chaidir.pratama01/Documents/Docs/Katalon Studio/Screenshot/test-Hold Payment Configuration.png, /Users/chaidir.pratama01/Documents/Docs/Katalon Studio/Screenshot/errorpopup.png, /Users/chaidir.pratama01/Documents/Docs/Katalon Studio/Screenshot/test-Hold Payment Configuration.png, /Users/chaidir.pratama01/Documents/Docs/Katalon Studio/Screenshot/errorpopup.png"/>
         <property name="hostName" value="chaidir.pratama01 - 192.168.1.2"/>
         <property name="os" value="Mac OS X 64bit"/>
         <property name="katalonVersion" value="7.6.0.${buildNumber}"/>
         <property name="browser" value="Chrome 87.0.4280.141"/>
         <property name="hostAddress" value="192.168.1.2"/>
         <property name="sessionId" value="c520d8d6ed99d0c43ba52865c4a8b2c2"/>
         <property name="seleniumVersion" value="3.141.59"/>
         <property name="proxyInformation" value="ProxyInformation { proxyOption=NO_PROXY, proxyServerType=HTTP, username=, password=********, proxyServerAddress=, proxyServerPort=0, executionList=\&quot;\&quot;, isApplyToDesiredCapabilities=true }"/>
         <property name="platform" value="Mac OS X"/>
      </properties>
      <testcase name="Test Cases/RTD/Hold Payment Configuration/TC_Release_Schedule" time="15.195" classname="Test Cases/RTD/Hold Payment Configuration/TC_Release_Schedule" status="PASSED">
         <system-out><![CDATA[2021-01-21 16:14:55 - [TEST_CASE][PASSED] - Test Cases/RTD/Hold Payment Configuration/TC_Release_Schedule: Test Cases/RTD/Hold Payment Configuration/TC_Release_Schedule

2021-01-21 16:14:55 - [TEST_STEP][PASSED] - runFeatureFile("Include/features/IST_Real/RTD/Hold Payment Configuration/Release_Schedule.feature"): Feature file: 'Include/features/IST_Real/RTD/Hold Payment Configuration/Release_Schedule.feature' was passed

2021-01-21 16:14:55 - [MESSAGE][INFO] - Starting run keyword runFeatureFile: 'Include/features/IST_Real/RTD/Hold Payment Configuration/Release_Schedule.feature' and extract report to folder: '/Users/chaidir.pratama01/Katalon Studio/IST_Automation_Git/Reports/20210121_153655/RTD/TS_Hold_Payment_Configuration/20210121_153702/cucumber_report/1611220495742'...

2021-01-21 16:14:56 - [TEST_CASE][PASSED] - Start Test Case : SCENARIO Release Schedule: SCENARIO Release Schedule

2021-01-21 16:14:56 - [TEST_STEP][PASSED] - Go to ISTools: Go to ISTools

2021-01-21 16:14:56 - [MESSAGE][INFO] - Starting 'Chrome (headless)' driver

2021-01-21 16:14:56 - [MESSAGE][INFO] - User set preference: ['args', '[--start-maximized, --disable-gpu, --no-proxy-server, â€“-no-sandbox, --allow-running-insecure-content, --ignore-certificate-errors, window-size=1680,814, force-device-scale-factor=2, --lang=en-GB]']

2021-01-21 16:14:56 - [MESSAGE][INFO] - User set preference: ['prefs', '{download.default_directory=/Users/chaidir.pratama01/Katalon Studio/IST_Automation_Git/Download}']

2021-01-21 16:14:56 - [MESSAGE][INFO] - Action delay is set to 0 milliseconds

2021-01-21 16:14:57 - [MESSAGE][PASSED] - Browser is opened with url: ''

2021-01-21 16:14:59 - [MESSAGE][PASSED] - Navigate to 'https://dev-istools.homecredit.id/foundation/' successfully

2021-01-21 16:14:59 - [MESSAGE][PASSED] - Go to ISTools

2021-01-21 16:14:59 - [TEST_STEP][PASSED] - Login IST with valid credentials: Login IST with valid credentials

2021-01-21 16:14:59 - [MESSAGE][PASSED] - Text 'mobile.test' is set on object 'Object Repository/Page_/input_Username_j_username'

2021-01-21 16:14:59 - [MESSAGE][PASSED] - Text ****** has been set on object 'Object Repository/Page_/input_Password_j_password'

2021-01-21 16:14:59 - [MESSAGE][PASSED] - Object: 'Object Repository/Page_/button_Login' is clicked on

2021-01-21 16:14:59 - [MESSAGE][PASSED] - Login IST with valid credentials

2021-01-21 16:14:59 - [TEST_STEP][PASSED] - Login Success: Login Success

2021-01-21 16:14:59 - [MESSAGE][INFO] - Login Success

2021-01-21 16:14:59 - [MESSAGE][PASSED] - Current window maximized

2021-01-21 16:15:00 - [MESSAGE][PASSED] - Object 'Object Repository/Page_/h1_Welcome to IT Supporting Tools' is present

2021-01-21 16:15:00 - [MESSAGE][PASSED] - Login Success

2021-01-21 16:15:00 - [TEST_STEP][PASSED] - Select Arrow Menu "Real Time Disbursement": Select Arrow Menu "Real Time Disbursement"

2021-01-21 16:15:00 - [MESSAGE][PASSED] - Object: '' is clicked on

2021-01-21 16:15:00 - [MESSAGE][PASSED] - Select Arrow Menu "Real Time Disbursement"

2021-01-21 16:15:00 - [TEST_STEP][PASSED] - Select Menu "Hold Payment Configuration": Select Menu "Hold Payment Configuration"

2021-01-21 16:15:00 - [MESSAGE][PASSED] - Taking screenshot successfully
[[ATTACHMENT|/Users/chaidir.pratama01/Documents/Docs/Katalon Studio/Screenshot/test-Hold Payment Configuration.png]]

2021-01-21 16:15:00 - [MESSAGE][PASSED] - Object '' is present

2021-01-21 16:15:00 - [MESSAGE][PASSED] - Object: '' is clicked on

2021-01-21 16:15:00 - [MESSAGE][PASSED] - Wait for page load successfully

2021-01-21 16:15:00 - [MESSAGE][PASSED] - Select Menu "Hold Payment Configuration"

2021-01-21 16:15:00 - [TEST_STEP][PASSED] - Click button "Release" and Verify data: Click button "Release" and Verify data

2021-01-21 16:15:03 - [MESSAGE][PASSED] - Delayed 3 second(s)

2021-01-21 16:15:03 - [MESSAGE][PASSED] - Click button "Release" and Verify data

2021-01-21 16:15:03 - [TEST_STEP][PASSED] - Get text from pop up "Confirm" with text "Are you sure want to release this param?": Get text from pop up "Confirm" with text "Are you sure want to release this param?"

2021-01-21 16:15:04 - [MESSAGE][PASSED] - Taking screenshot successfully
[[ATTACHMENT|/Users/chaidir.pratama01/Documents/Docs/Katalon Studio/Screenshot/errorpopup.png]]

2021-01-21 16:15:04 - [MESSAGE][PASSED] - Object '' is present

2021-01-21 16:15:04 - [MESSAGE][PASSED] - Wait for page load successfully

2021-01-21 16:15:04 - [MESSAGE][PASSED] - Wait for page load successfully

2021-01-21 16:15:04 - [MESSAGE][PASSED] - Get text from pop up "Confirm" with text "Are you sure want to release this param?"

2021-01-21 16:15:04 - [TEST_STEP][PASSED] - Click button "Yes": Click button "Yes"

2021-01-21 16:15:04 - [MESSAGE][INFO] - >>>>>//Button[contains(text(),'Yes')]

2021-01-21 16:15:07 - [MESSAGE][PASSED] - Object '' is present

2021-01-21 16:15:07 - [MESSAGE][PASSED] - Object: '' is clicked on

2021-01-21 16:15:07 - [MESSAGE][PASSED] - Switched to window with index: '0'

2021-01-21 16:15:07 - [MESSAGE][PASSED] - Click button "Yes"

2021-01-21 16:15:07 - [TEST_STEP][PASSED] - Verify Data dont Exist: Verify Data dont Exist

2021-01-21 16:15:10 - [MESSAGE][PASSED] - Delayed 3 second(s)

2021-01-21 16:15:10 - [MESSAGE][PASSED] - Web element with id: '' located by 'By.xpath: //tbody/tr/td/div/button[text()='Release']/../../preceding-sibling::td[4]/div/span[text()='25-01-2021']' is not present after '3' second(s)

2021-01-21 16:15:10 - [MESSAGE][PASSED] - Web element with id: '' located by 'By.xpath: //tbody/tr/td/div/button[text()='Release']/../../preceding-sibling::td[3]/div/span[text()='30-01-2021']' is not present after '3' second(s)

2021-01-21 16:15:10 - [MESSAGE][PASSED] - Verify Data dont Exist

2021-01-21 16:15:10 - [MESSAGE][PASSED] - Feature file: 'Include/features/IST_Real/RTD/Hold Payment Configuration/Release_Schedule.feature' was passed]]></system-out>
         <system-err><![CDATA[]]></system-err>
      </testcase>
      <testcase name="Test Cases/RTD/Hold Payment Configuration/TC_Add_New_Schedule" time="22.631" classname="Test Cases/RTD/Hold Payment Configuration/TC_Add_New_Schedule" status="PASSED">
         <system-out><![CDATA[2021-01-21 16:15:10 - [TEST_CASE][PASSED] - Test Cases/RTD/Hold Payment Configuration/TC_Add_New_Schedule: Test Cases/RTD/Hold Payment Configuration/TC_Add_New_Schedule

2021-01-21 16:15:10 - [TEST_STEP][PASSED] - runFeatureFile("Include/features/IST_Real/RTD/Hold Payment Configuration/Add_New_Schedule.feature"): Feature file: 'Include/features/IST_Real/RTD/Hold Payment Configuration/Add_New_Schedule.feature' was passed

2021-01-21 16:15:10 - [MESSAGE][INFO] - Starting run keyword runFeatureFile: 'Include/features/IST_Real/RTD/Hold Payment Configuration/Add_New_Schedule.feature' and extract report to folder: '/Users/chaidir.pratama01/Katalon Studio/IST_Automation_Git/Reports/20210121_153655/RTD/TS_Hold_Payment_Configuration/20210121_153702/cucumber_report/1611220510772'...

2021-01-21 16:15:10 - [TEST_CASE][PASSED] - Start Test Case : SCENARIO Set Schedule for Hold Payment: SCENARIO Set Schedule for Hold Payment

2021-01-21 16:15:10 - [TEST_STEP][PASSED] - Go to ISTools: Go to ISTools

2021-01-21 16:15:10 - [MESSAGE][WARNING] - A browser is already opened. Closing browser and opening a new one

2021-01-21 16:15:10 - [MESSAGE][INFO] - Starting 'Chrome (headless)' driver

2021-01-21 16:15:10 - [MESSAGE][INFO] - User set preference: ['args', '[--start-maximized, --disable-gpu, --no-proxy-server, â€“-no-sandbox, --allow-running-insecure-content, --ignore-certificate-errors, window-size=1680,814, force-device-scale-factor=2, --lang=en-GB]']

2021-01-21 16:15:10 - [MESSAGE][INFO] - User set preference: ['prefs', '{download.default_directory=/Users/chaidir.pratama01/Katalon Studio/IST_Automation_Git/Download}']

2021-01-21 16:15:10 - [MESSAGE][INFO] - Action delay is set to 0 milliseconds

2021-01-21 16:15:11 - [MESSAGE][PASSED] - Browser is opened with url: ''

2021-01-21 16:15:12 - [MESSAGE][PASSED] - Navigate to 'https://dev-istools.homecredit.id/foundation/' successfully

2021-01-21 16:15:12 - [MESSAGE][PASSED] - Go to ISTools

2021-01-21 16:15:12 - [TEST_STEP][PASSED] - Login IST with valid credentials: Login IST with valid credentials

2021-01-21 16:15:12 - [MESSAGE][PASSED] - Text 'mobile.test' is set on object 'Object Repository/Page_/input_Username_j_username'

2021-01-21 16:15:12 - [MESSAGE][PASSED] - Text ****** has been set on object 'Object Repository/Page_/input_Password_j_password'

2021-01-21 16:15:12 - [MESSAGE][PASSED] - Object: 'Object Repository/Page_/button_Login' is clicked on

2021-01-21 16:15:12 - [MESSAGE][PASSED] - Login IST with valid credentials

2021-01-21 16:15:12 - [TEST_STEP][PASSED] - Login Success: Login Success

2021-01-21 16:15:12 - [MESSAGE][INFO] - Login Success

2021-01-21 16:15:12 - [MESSAGE][PASSED] - Current window maximized

2021-01-21 16:15:12 - [MESSAGE][PASSED] - Object 'Object Repository/Page_/h1_Welcome to IT Supporting Tools' is present

2021-01-21 16:15:12 - [MESSAGE][PASSED] - Login Success

2021-01-21 16:15:12 - [TEST_STEP][PASSED] - Select Arrow Menu "Real Time Disbursement": Select Arrow Menu "Real Time Disbursement"

2021-01-21 16:15:13 - [MESSAGE][PASSED] - Object: '' is clicked on

2021-01-21 16:15:13 - [MESSAGE][PASSED] - Select Arrow Menu "Real Time Disbursement"

2021-01-21 16:15:13 - [TEST_STEP][PASSED] - Select Menu "Hold Payment Configuration": Select Menu "Hold Payment Configuration"

2021-01-21 16:15:13 - [MESSAGE][PASSED] - Taking screenshot successfully
[[ATTACHMENT|/Users/chaidir.pratama01/Documents/Docs/Katalon Studio/Screenshot/test-Hold Payment Configuration.png]]

2021-01-21 16:15:13 - [MESSAGE][PASSED] - Object '' is present

2021-01-21 16:15:13 - [MESSAGE][PASSED] - Object: '' is clicked on

2021-01-21 16:15:13 - [MESSAGE][PASSED] - Wait for page load successfully

2021-01-21 16:15:13 - [MESSAGE][PASSED] - Select Menu "Hold Payment Configuration"

2021-01-21 16:15:13 - [TEST_STEP][PASSED] - Input "Start Date Hold Payment" with value "25-01-2021": Input "Start Date Hold Payment" with value "25-01-2021"

2021-01-21 16:15:16 - [MESSAGE][PASSED] - Delayed 3 second(s)

2021-01-21 16:15:16 - [MESSAGE][PASSED] - Input "Start Date Hold Payment" with value "25-01-2021"

2021-01-21 16:15:16 - [TEST_STEP][PASSED] - Input "Release Date" with value "30-01-2021": Input "Release Date" with value "30-01-2021"

2021-01-21 16:15:19 - [MESSAGE][PASSED] - Delayed 3 second(s)

2021-01-21 16:15:19 - [MESSAGE][PASSED] - Input "Release Date" with value "30-01-2021"

2021-01-21 16:15:19 - [TEST_STEP][PASSED] - Click button "Add": Click button "Add"

2021-01-21 16:15:19 - [MESSAGE][INFO] - >>>>>//Button[contains(text(),'Add')]

2021-01-21 16:15:22 - [MESSAGE][PASSED] - Object '' is present

2021-01-21 16:15:22 - [MESSAGE][PASSED] - Object: '' is clicked on

2021-01-21 16:15:22 - [MESSAGE][PASSED] - Switched to window with index: '0'

2021-01-21 16:15:22 - [MESSAGE][PASSED] - Click button "Add"

2021-01-21 16:15:22 - [TEST_STEP][PASSED] - Get text from pop up "Confirm" with text "Add new hold payment config?": Get text from pop up "Confirm" with text "Add new hold payment config?"

2021-01-21 16:15:23 - [MESSAGE][PASSED] - Taking screenshot successfully
[[ATTACHMENT|/Users/chaidir.pratama01/Documents/Docs/Katalon Studio/Screenshot/errorpopup.png]]

2021-01-21 16:15:23 - [MESSAGE][PASSED] - Object '' is present

2021-01-21 16:15:23 - [MESSAGE][PASSED] - Wait for page load successfully

2021-01-21 16:15:23 - [MESSAGE][PASSED] - Wait for page load successfully

2021-01-21 16:15:23 - [MESSAGE][PASSED] - Get text from pop up "Confirm" with text "Add new hold payment config?"

2021-01-21 16:15:23 - [TEST_STEP][PASSED] - Click button "Yes": Click button "Yes"

2021-01-21 16:15:23 - [MESSAGE][INFO] - >>>>>//Button[contains(text(),'Yes')]

2021-01-21 16:15:26 - [MESSAGE][PASSED] - Object '' is present

2021-01-21 16:15:26 - [MESSAGE][PASSED] - Object: '' is clicked on

2021-01-21 16:15:26 - [MESSAGE][PASSED] - Switched to window with index: '0'

2021-01-21 16:15:26 - [MESSAGE][PASSED] - Click button "Yes"

2021-01-21 16:15:26 - [TEST_STEP][PASSED] - Verify Result: Verify Result

2021-01-21 16:15:29 - [MESSAGE][PASSED] - Delayed 3 second(s)

2021-01-21 16:15:30 - [MESSAGE][PASSED] - Taking screenshot successfully
[[ATTACHMENT|/Users/chaidir.pratama01/Katalon Studio/IST_Automation_Git/Screenshot/result date.png]]

2021-01-21 16:15:30 - [MESSAGE][PASSED] - Verify Result

2021-01-21 16:15:30 - [TEST_STEP][PASSED] - Click button "Logout": Click button "Logout"

2021-01-21 16:15:30 - [MESSAGE][INFO] - >>>>>//Button[contains(text(),'Logout')]

2021-01-21 16:15:33 - [MESSAGE][PASSED] - Object '' is present

2021-01-21 16:15:33 - [MESSAGE][PASSED] - Object: '' is clicked on

2021-01-21 16:15:33 - [MESSAGE][PASSED] - Switched to window with index: '0'

2021-01-21 16:15:33 - [MESSAGE][PASSED] - Click button "Logout"

2021-01-21 16:15:33 - [TEST_STEP][PASSED] - Close browser: Close browser

2021-01-21 16:15:33 - [MESSAGE][PASSED] - Browser is closed

2021-01-21 16:15:33 - [MESSAGE][PASSED] - Close browser

2021-01-21 16:15:33 - [MESSAGE][PASSED] - Feature file: 'Include/features/IST_Real/RTD/Hold Payment Configuration/Add_New_Schedule.feature' was passed]]></system-out>
         <system-err><![CDATA[]]></system-err>
      </testcase>
      <testcase name="Test Cases/RTD/Hold Payment Configuration/TC_Date_is_NULL" time="37.981" classname="Test Cases/RTD/Hold Payment Configuration/TC_Date_is_NULL" status="PASSED">
         <system-out><![CDATA[2021-01-21 16:15:33 - [TEST_CASE][PASSED] - Test Cases/RTD/Hold Payment Configuration/TC_Date_is_NULL: Test Cases/RTD/Hold Payment Configuration/TC_Date_is_NULL

2021-01-21 16:15:33 - [TEST_STEP][PASSED] - runFeatureFile("Include/features/IST_Real/RTD/Hold Payment Configuration/Date_is_NULL.feature"): Feature file: 'Include/features/IST_Real/RTD/Hold Payment Configuration/Date_is_NULL.feature' was passed

2021-01-21 16:15:33 - [MESSAGE][INFO] - Starting run keyword runFeatureFile: 'Include/features/IST_Real/RTD/Hold Payment Configuration/Date_is_NULL.feature' and extract report to folder: '/Users/chaidir.pratama01/Katalon Studio/IST_Automation_Git/Reports/20210121_153655/RTD/TS_Hold_Payment_Configuration/20210121_153702/cucumber_report/1611220533398'...

2021-01-21 16:15:33 - [TEST_CASE][PASSED] - Start Test Case : SCENARIO Start Date is Null: SCENARIO Start Date is Null

2021-01-21 16:15:33 - [TEST_STEP][PASSED] - Go to ISTools: Go to ISTools

2021-01-21 16:15:33 - [MESSAGE][INFO] - Starting 'Chrome (headless)' driver

2021-01-21 16:15:33 - [MESSAGE][INFO] - User set preference: ['args', '[--start-maximized, --disable-gpu, --no-proxy-server, â€“-no-sandbox, --allow-running-insecure-content, --ignore-certificate-errors, window-size=1680,814, force-device-scale-factor=2, --lang=en-GB]']

2021-01-21 16:15:33 - [MESSAGE][INFO] - User set preference: ['prefs', '{download.default_directory=/Users/chaidir.pratama01/Katalon Studio/IST_Automation_Git/Download}']

2021-01-21 16:15:33 - [MESSAGE][INFO] - Action delay is set to 0 milliseconds

2021-01-21 16:15:33 - [MESSAGE][PASSED] - Browser is opened with url: ''

2021-01-21 16:15:35 - [MESSAGE][PASSED] - Navigate to 'https://dev-istools.homecredit.id/foundation/' successfully

2021-01-21 16:15:35 - [MESSAGE][PASSED] - Go to ISTools

2021-01-21 16:15:35 - [TEST_STEP][PASSED] - Login IST with valid credentials: Login IST with valid credentials

2021-01-21 16:15:35 - [MESSAGE][PASSED] - Text 'mobile.test' is set on object 'Object Repository/Page_/input_Username_j_username'

2021-01-21 16:15:35 - [MESSAGE][PASSED] - Text ****** has been set on object 'Object Repository/Page_/input_Password_j_password'

2021-01-21 16:15:35 - [MESSAGE][PASSED] - Object: 'Object Repository/Page_/button_Login' is clicked on

2021-01-21 16:15:35 - [MESSAGE][PASSED] - Login IST with valid credentials

2021-01-21 16:15:35 - [TEST_STEP][PASSED] - Login Success: Login Success

2021-01-21 16:15:35 - [MESSAGE][INFO] - Login Success

2021-01-21 16:15:35 - [MESSAGE][PASSED] - Current window maximized

2021-01-21 16:15:35 - [MESSAGE][PASSED] - Object 'Object Repository/Page_/h1_Welcome to IT Supporting Tools' is present

2021-01-21 16:15:35 - [MESSAGE][PASSED] - Login Success

2021-01-21 16:15:35 - [TEST_STEP][PASSED] - Select Arrow Menu "Real Time Disbursement": Select Arrow Menu "Real Time Disbursement"

2021-01-21 16:15:35 - [MESSAGE][PASSED] - Object: '' is clicked on

2021-01-21 16:15:35 - [MESSAGE][PASSED] - Select Arrow Menu "Real Time Disbursement"

2021-01-21 16:15:35 - [TEST_STEP][PASSED] - Select Menu "Hold Payment Configuration": Select Menu "Hold Payment Configuration"

2021-01-21 16:15:36 - [MESSAGE][PASSED] - Taking screenshot successfully
[[ATTACHMENT|/Users/chaidir.pratama01/Documents/Docs/Katalon Studio/Screenshot/test-Hold Payment Configuration.png]]

2021-01-21 16:15:36 - [MESSAGE][PASSED] - Object '' is present

2021-01-21 16:15:36 - [MESSAGE][PASSED] - Object: '' is clicked on

2021-01-21 16:15:36 - [MESSAGE][PASSED] - Wait for page load successfully

2021-01-21 16:15:36 - [MESSAGE][PASSED] - Select Menu "Hold Payment Configuration"

2021-01-21 16:15:36 - [TEST_STEP][PASSED] - Input "Start Date Hold Payment" with value "": Input "Start Date Hold Payment" with value ""

2021-01-21 16:15:39 - [MESSAGE][PASSED] - Delayed 3 second(s)

2021-01-21 16:15:39 - [MESSAGE][PASSED] - Input "Start Date Hold Payment" with value ""

2021-01-21 16:15:39 - [TEST_STEP][PASSED] - Input "Release Date" with value "30-01-2021": Input "Release Date" with value "30-01-2021"

2021-01-21 16:15:42 - [MESSAGE][PASSED] - Delayed 3 second(s)

2021-01-21 16:15:42 - [MESSAGE][PASSED] - Input "Release Date" with value "30-01-2021"

2021-01-21 16:15:42 - [TEST_STEP][PASSED] - Click button "Add": Click button "Add"

2021-01-21 16:15:42 - [MESSAGE][INFO] - >>>>>//Button[contains(text(),'Add')]

2021-01-21 16:15:45 - [MESSAGE][PASSED] - Object '' is present

2021-01-21 16:15:45 - [MESSAGE][PASSED] - Object: '' is clicked on

2021-01-21 16:15:45 - [MESSAGE][PASSED] - Switched to window with index: '0'

2021-01-21 16:15:45 - [MESSAGE][PASSED] - Click button "Add"

2021-01-21 16:15:45 - [TEST_STEP][PASSED] - Get text from pop up "IT Supporting Tools" with text "Start date & end date cannot be empty": Get text from pop up "IT Supporting Tools" with text "Start date & end date cannot be empty"

2021-01-21 16:15:46 - [MESSAGE][PASSED] - Taking screenshot successfully
[[ATTACHMENT|/Users/chaidir.pratama01/Documents/Docs/Katalon Studio/Screenshot/errorpopup.png]]

2021-01-21 16:15:46 - [MESSAGE][PASSED] - Object '' is present

2021-01-21 16:15:46 - [MESSAGE][PASSED] - Wait for page load successfully

2021-01-21 16:15:46 - [MESSAGE][PASSED] - Wait for page load successfully

2021-01-21 16:15:46 - [MESSAGE][PASSED] - Get text from pop up "IT Supporting Tools" with text "Start date & end date cannot be empty"

2021-01-21 16:15:46 - [TEST_STEP][PASSED] - Click button "OK": Click button "OK"

2021-01-21 16:15:46 - [MESSAGE][INFO] - >>>>>//Button[contains(text(),'OK')]

2021-01-21 16:15:49 - [MESSAGE][PASSED] - Object '' is present

2021-01-21 16:15:49 - [MESSAGE][PASSED] - Object: '' is clicked on

2021-01-21 16:15:49 - [MESSAGE][PASSED] - Switched to window with index: '0'

2021-01-21 16:15:49 - [MESSAGE][PASSED] - Click button "OK"

2021-01-21 16:15:49 - [TEST_STEP][PASSED] - Click button "Logout": Click button "Logout"

2021-01-21 16:15:49 - [MESSAGE][INFO] - >>>>>//Button[contains(text(),'Logout')]

2021-01-21 16:15:52 - [MESSAGE][PASSED] - Object '' is present

2021-01-21 16:15:52 - [MESSAGE][PASSED] - Object: '' is clicked on

2021-01-21 16:15:52 - [MESSAGE][PASSED] - Switched to window with index: '0'

2021-01-21 16:15:52 - [MESSAGE][PASSED] - Click button "Logout"

2021-01-21 16:15:52 - [TEST_STEP][PASSED] - Close browser: Close browser

2021-01-21 16:15:52 - [MESSAGE][PASSED] - Browser is closed

2021-01-21 16:15:52 - [MESSAGE][PASSED] - Close browser

2021-01-21 16:15:52 - [TEST_CASE][PASSED] - Start Test Case : SCENARIO End Date is Null: SCENARIO End Date is Null

2021-01-21 16:15:52 - [TEST_STEP][PASSED] - Go to ISTools: Go to ISTools

2021-01-21 16:15:52 - [MESSAGE][INFO] - Starting 'Chrome (headless)' driver

2021-01-21 16:15:52 - [MESSAGE][INFO] - User set preference: ['args', '[--start-maximized, --disable-gpu, --no-proxy-server, â€“-no-sandbox, --allow-running-insecure-content, --ignore-certificate-errors, window-size=1680,814, force-device-scale-factor=2, --lang=en-GB]']

2021-01-21 16:15:52 - [MESSAGE][INFO] - User set preference: ['prefs', '{download.default_directory=/Users/chaidir.pratama01/Katalon Studio/IST_Automation_Git/Download}']

2021-01-21 16:15:52 - [MESSAGE][INFO] - Action delay is set to 0 milliseconds

2021-01-21 16:15:53 - [MESSAGE][PASSED] - Browser is opened with url: ''

2021-01-21 16:15:53 - [MESSAGE][PASSED] - Navigate to 'https://dev-istools.homecredit.id/foundation/' successfully

2021-01-21 16:15:53 - [MESSAGE][PASSED] - Go to ISTools

2021-01-21 16:15:53 - [TEST_STEP][PASSED] - Login IST with valid credentials: Login IST with valid credentials

2021-01-21 16:15:53 - [MESSAGE][PASSED] - Text 'mobile.test' is set on object 'Object Repository/Page_/input_Username_j_username'

2021-01-21 16:15:54 - [MESSAGE][PASSED] - Text ****** has been set on object 'Object Repository/Page_/input_Password_j_password'

2021-01-21 16:15:54 - [MESSAGE][PASSED] - Object: 'Object Repository/Page_/button_Login' is clicked on

2021-01-21 16:15:54 - [MESSAGE][PASSED] - Login IST with valid credentials

2021-01-21 16:15:54 - [TEST_STEP][PASSED] - Login Success: Login Success

2021-01-21 16:15:54 - [MESSAGE][INFO] - Login Success

2021-01-21 16:15:54 - [MESSAGE][PASSED] - Current window maximized

2021-01-21 16:15:54 - [MESSAGE][PASSED] - Object 'Object Repository/Page_/h1_Welcome to IT Supporting Tools' is present

2021-01-21 16:15:54 - [MESSAGE][PASSED] - Login Success

2021-01-21 16:15:54 - [TEST_STEP][PASSED] - Select Arrow Menu "Real Time Disbursement": Select Arrow Menu "Real Time Disbursement"

2021-01-21 16:15:54 - [MESSAGE][PASSED] - Object: '' is clicked on

2021-01-21 16:15:54 - [MESSAGE][PASSED] - Select Arrow Menu "Real Time Disbursement"

2021-01-21 16:15:54 - [TEST_STEP][PASSED] - Select Menu "Hold Payment Configuration": Select Menu "Hold Payment Configuration"

2021-01-21 16:15:55 - [MESSAGE][PASSED] - Taking screenshot successfully
[[ATTACHMENT|/Users/chaidir.pratama01/Documents/Docs/Katalon Studio/Screenshot/test-Hold Payment Configuration.png]]

2021-01-21 16:15:55 - [MESSAGE][PASSED] - Object '' is present

2021-01-21 16:15:55 - [MESSAGE][PASSED] - Object: '' is clicked on

2021-01-21 16:15:55 - [MESSAGE][PASSED] - Wait for page load successfully

2021-01-21 16:15:55 - [MESSAGE][PASSED] - Select Menu "Hold Payment Configuration"

2021-01-21 16:15:55 - [TEST_STEP][PASSED] - Input "Start Date Hold Payment" with value "25-01-2021": Input "Start Date Hold Payment" with value "25-01-2021"

2021-01-21 16:15:58 - [MESSAGE][PASSED] - Delayed 3 second(s)

2021-01-21 16:15:58 - [MESSAGE][PASSED] - Input "Start Date Hold Payment" with value "25-01-2021"

2021-01-21 16:15:58 - [TEST_STEP][PASSED] - Input "Release Date" with value "": Input "Release Date" with value ""

2021-01-21 16:16:01 - [MESSAGE][PASSED] - Delayed 3 second(s)

2021-01-21 16:16:01 - [MESSAGE][PASSED] - Input "Release Date" with value ""

2021-01-21 16:16:01 - [TEST_STEP][PASSED] - Click button "Add": Click button "Add"

2021-01-21 16:16:01 - [MESSAGE][INFO] - >>>>>//Button[contains(text(),'Add')]

2021-01-21 16:16:04 - [MESSAGE][PASSED] - Object '' is present

2021-01-21 16:16:04 - [MESSAGE][PASSED] - Object: '' is clicked on

2021-01-21 16:16:04 - [MESSAGE][PASSED] - Switched to window with index: '0'

2021-01-21 16:16:04 - [MESSAGE][PASSED] - Click button "Add"

2021-01-21 16:16:04 - [TEST_STEP][PASSED] - Get text from pop up "IT Supporting Tools" with text "Start date & end date cannot be empty": Get text from pop up "IT Supporting Tools" with text "Start date & end date cannot be empty"

2021-01-21 16:16:04 - [MESSAGE][PASSED] - Taking screenshot successfully
[[ATTACHMENT|/Users/chaidir.pratama01/Documents/Docs/Katalon Studio/Screenshot/errorpopup.png]]

2021-01-21 16:16:04 - [MESSAGE][PASSED] - Object '' is present

2021-01-21 16:16:04 - [MESSAGE][PASSED] - Wait for page load successfully

2021-01-21 16:16:04 - [MESSAGE][PASSED] - Wait for page load successfully

2021-01-21 16:16:04 - [MESSAGE][PASSED] - Get text from pop up "IT Supporting Tools" with text "Start date & end date cannot be empty"

2021-01-21 16:16:04 - [TEST_STEP][PASSED] - Click button "OK": Click button "OK"

2021-01-21 16:16:04 - [MESSAGE][INFO] - >>>>>//Button[contains(text(),'OK')]

2021-01-21 16:16:07 - [MESSAGE][PASSED] - Object '' is present

2021-01-21 16:16:08 - [MESSAGE][PASSED] - Object: '' is clicked on

2021-01-21 16:16:08 - [MESSAGE][PASSED] - Switched to window with index: '0'

2021-01-21 16:16:08 - [MESSAGE][PASSED] - Click button "OK"

2021-01-21 16:16:08 - [TEST_STEP][PASSED] - Click button "Logout": Click button "Logout"

2021-01-21 16:16:08 - [MESSAGE][INFO] - >>>>>//Button[contains(text(),'Logout')]

2021-01-21 16:16:11 - [MESSAGE][PASSED] - Object '' is present

2021-01-21 16:16:11 - [MESSAGE][PASSED] - Object: '' is clicked on

2021-01-21 16:16:11 - [MESSAGE][PASSED] - Switched to window with index: '0'

2021-01-21 16:16:11 - [MESSAGE][PASSED] - Click button "Logout"

2021-01-21 16:16:11 - [TEST_STEP][PASSED] - Close browser: Close browser

2021-01-21 16:16:11 - [MESSAGE][PASSED] - Browser is closed

2021-01-21 16:16:11 - [MESSAGE][PASSED] - Close browser

2021-01-21 16:16:11 - [MESSAGE][PASSED] - Feature file: 'Include/features/IST_Real/RTD/Hold Payment Configuration/Date_is_NULL.feature' was passed]]></system-out>
         <system-err><![CDATA[]]></system-err>
      </testcase>
      <testcase name="Test Cases/RTD/Hold Payment Configuration/TC_Start_Date_Greater_than_Release_Date" time="18.765" classname="Test Cases/RTD/Hold Payment Configuration/TC_Start_Date_Greater_than_Release_Date" status="PASSED">
         <system-out><![CDATA[2021-01-21 16:16:11 - [TEST_CASE][PASSED] - Test Cases/RTD/Hold Payment Configuration/TC_Start_Date_Greater_than_Release_Date: Test Cases/RTD/Hold Payment Configuration/TC_Start_Date_Greater_than_Release_Date

2021-01-21 16:16:11 - [TEST_STEP][PASSED] - runFeatureFile("Include/features/IST_Real/RTD/Hold Payment Configuration/Start_Date_Greater_than_Release_Date.feature"): Feature file: 'Include/features/IST_Real/RTD/Hold Payment Configuration/Start_Date_Greater_than_Release_Date.feature' was passed

2021-01-21 16:16:11 - [MESSAGE][INFO] - Starting run keyword runFeatureFile: 'Include/features/IST_Real/RTD/Hold Payment Configuration/Start_Date_Greater_than_Release_Date.feature' and extract report to folder: '/Users/chaidir.pratama01/Katalon Studio/IST_Automation_Git/Reports/20210121_153655/RTD/TS_Hold_Payment_Configuration/20210121_153702/cucumber_report/1611220571379'...

2021-01-21 16:16:11 - [TEST_CASE][PASSED] - Start Test Case : SCENARIO Start date is greater than end date: SCENARIO Start date is greater than end date

2021-01-21 16:16:11 - [TEST_STEP][PASSED] - Go to ISTools: Go to ISTools

2021-01-21 16:16:11 - [MESSAGE][INFO] - Starting 'Chrome (headless)' driver

2021-01-21 16:16:11 - [MESSAGE][INFO] - User set preference: ['args', '[--start-maximized, --disable-gpu, --no-proxy-server, â€“-no-sandbox, --allow-running-insecure-content, --ignore-certificate-errors, window-size=1680,814, force-device-scale-factor=2, --lang=en-GB]']

2021-01-21 16:16:11 - [MESSAGE][INFO] - User set preference: ['prefs', '{download.default_directory=/Users/chaidir.pratama01/Katalon Studio/IST_Automation_Git/Download}']

2021-01-21 16:16:11 - [MESSAGE][INFO] - Action delay is set to 0 milliseconds

2021-01-21 16:16:11 - [MESSAGE][PASSED] - Browser is opened with url: ''

2021-01-21 16:16:12 - [MESSAGE][PASSED] - Navigate to 'https://dev-istools.homecredit.id/foundation/' successfully

2021-01-21 16:16:12 - [MESSAGE][PASSED] - Go to ISTools

2021-01-21 16:16:12 - [TEST_STEP][PASSED] - Login IST with valid credentials: Login IST with valid credentials

2021-01-21 16:16:12 - [MESSAGE][PASSED] - Text 'mobile.test' is set on object 'Object Repository/Page_/input_Username_j_username'

2021-01-21 16:16:12 - [MESSAGE][PASSED] - Text ****** has been set on object 'Object Repository/Page_/input_Password_j_password'

2021-01-21 16:16:13 - [MESSAGE][PASSED] - Object: 'Object Repository/Page_/button_Login' is clicked on

2021-01-21 16:16:13 - [MESSAGE][PASSED] - Login IST with valid credentials

2021-01-21 16:16:13 - [TEST_STEP][PASSED] - Login Success: Login Success

2021-01-21 16:16:13 - [MESSAGE][INFO] - Login Success

2021-01-21 16:16:13 - [MESSAGE][PASSED] - Current window maximized

2021-01-21 16:16:13 - [MESSAGE][PASSED] - Object 'Object Repository/Page_/h1_Welcome to IT Supporting Tools' is present

2021-01-21 16:16:13 - [MESSAGE][PASSED] - Login Success

2021-01-21 16:16:13 - [TEST_STEP][PASSED] - Select Arrow Menu "Real Time Disbursement": Select Arrow Menu "Real Time Disbursement"

2021-01-21 16:16:13 - [MESSAGE][PASSED] - Object: '' is clicked on

2021-01-21 16:16:13 - [MESSAGE][PASSED] - Select Arrow Menu "Real Time Disbursement"

2021-01-21 16:16:13 - [TEST_STEP][PASSED] - Select Menu "Hold Payment Configuration": Select Menu "Hold Payment Configuration"

2021-01-21 16:16:13 - [MESSAGE][PASSED] - Taking screenshot successfully
[[ATTACHMENT|/Users/chaidir.pratama01/Documents/Docs/Katalon Studio/Screenshot/test-Hold Payment Configuration.png]]

2021-01-21 16:16:13 - [MESSAGE][PASSED] - Object '' is present

2021-01-21 16:16:13 - [MESSAGE][PASSED] - Object: '' is clicked on

2021-01-21 16:16:13 - [MESSAGE][PASSED] - Wait for page load successfully

2021-01-21 16:16:13 - [MESSAGE][PASSED] - Select Menu "Hold Payment Configuration"

2021-01-21 16:16:13 - [TEST_STEP][PASSED] - Input "Start Date Hold Payment" with value "30-01-2021": Input "Start Date Hold Payment" with value "30-01-2021"

2021-01-21 16:16:16 - [MESSAGE][PASSED] - Delayed 3 second(s)

2021-01-21 16:16:17 - [MESSAGE][PASSED] - Input "Start Date Hold Payment" with value "30-01-2021"

2021-01-21 16:16:17 - [TEST_STEP][PASSED] - Input "Release Date" with value "25-01-2021": Input "Release Date" with value "25-01-2021"

2021-01-21 16:16:20 - [MESSAGE][PASSED] - Delayed 3 second(s)

2021-01-21 16:16:20 - [MESSAGE][PASSED] - Input "Release Date" with value "25-01-2021"

2021-01-21 16:16:20 - [TEST_STEP][PASSED] - Click button "Add": Click button "Add"

2021-01-21 16:16:20 - [MESSAGE][INFO] - >>>>>//Button[contains(text(),'Add')]

2021-01-21 16:16:23 - [MESSAGE][PASSED] - Object '' is present

2021-01-21 16:16:23 - [MESSAGE][PASSED] - Object: '' is clicked on

2021-01-21 16:16:23 - [MESSAGE][PASSED] - Switched to window with index: '0'

2021-01-21 16:16:23 - [MESSAGE][PASSED] - Click button "Add"

2021-01-21 16:16:23 - [TEST_STEP][PASSED] - Get text from pop up "IT Supporting Tools" with text "Release date must be after start date": Get text from pop up "IT Supporting Tools" with text "Release date must be after start date"

2021-01-21 16:16:23 - [MESSAGE][PASSED] - Taking screenshot successfully
[[ATTACHMENT|/Users/chaidir.pratama01/Documents/Docs/Katalon Studio/Screenshot/errorpopup.png]]

2021-01-21 16:16:23 - [MESSAGE][PASSED] - Object '' is present

2021-01-21 16:16:23 - [MESSAGE][PASSED] - Wait for page load successfully

2021-01-21 16:16:23 - [MESSAGE][PASSED] - Wait for page load successfully

2021-01-21 16:16:23 - [MESSAGE][PASSED] - Get text from pop up "IT Supporting Tools" with text "Release date must be after start date"

2021-01-21 16:16:23 - [TEST_STEP][PASSED] - Click button "OK": Click button "OK"

2021-01-21 16:16:23 - [MESSAGE][INFO] - >>>>>//Button[contains(text(),'OK')]

2021-01-21 16:16:26 - [MESSAGE][PASSED] - Object '' is present

2021-01-21 16:16:26 - [MESSAGE][PASSED] - Object: '' is clicked on

2021-01-21 16:16:26 - [MESSAGE][PASSED] - Switched to window with index: '0'

2021-01-21 16:16:26 - [MESSAGE][PASSED] - Click button "OK"

2021-01-21 16:16:26 - [TEST_STEP][PASSED] - Click button "Logout": Click button "Logout"

2021-01-21 16:16:26 - [MESSAGE][INFO] - >>>>>//Button[contains(text(),'Logout')]

2021-01-21 16:16:29 - [MESSAGE][PASSED] - Object '' is present

2021-01-21 16:16:29 - [MESSAGE][PASSED] - Object: '' is clicked on

2021-01-21 16:16:29 - [MESSAGE][PASSED] - Switched to window with index: '0'

2021-01-21 16:16:29 - [MESSAGE][PASSED] - Click button "Logout"

2021-01-21 16:16:29 - [TEST_STEP][PASSED] - Close browser: Close browser

2021-01-21 16:16:30 - [MESSAGE][PASSED] - Browser is closed

2021-01-21 16:16:30 - [MESSAGE][PASSED] - Close browser

2021-01-21 16:16:30 - [MESSAGE][PASSED] - Feature file: 'Include/features/IST_Real/RTD/Hold Payment Configuration/Start_Date_Greater_than_Release_Date.feature' was passed]]></system-out>
         <system-err><![CDATA[]]></system-err>
      </testcase>
      <system-out><![CDATA[2021-01-21 16:14:55 - [TEST_SUITE][PASSED] - TS_Hold_Payment_Configuration: Test Cases/RTD/Hold Payment Configuration/TC_Start_Date_Greater_than_Release_Date]]></system-out>
      <system-err><![CDATA[]]></system-err>
   </testsuite>
</testsuites>
