<?xml version="1.0" encoding="UTF-8"?>
<testsuites name="TS_Partner_Disbursement" time="460.773" tests="5" failures="1" errors="0">
   <testsuite name="TS_Partner_Disbursement" tests="5" failures="1" errors="0" time="460.773" timestamp="2021-01-21 17:50:10" hostname="chaidir.pratama01 - localhost" id="Test Suites/RTD/TS_Partner_Disbursement">
      <properties>
         <property name="deviceName" value=""/>
         <property name="devicePlatform" value=""/>
         <property name="logFolder" value="/Users/chaidir.pratama01/Katalon Studio/IST_Automation_Git/Reports/20210121_172548/RTD/TS_Partner_Disbursement/20210121_172554"/>
         <property name="logFiles" value="/Users/chaidir.pratama01/Katalon Studio/IST_Automation_Git/Reports/20210121_172548/RTD/TS_Partner_Disbursement/20210121_172554/execution0.log"/>
         <property name="attachments" value="/Users/chaidir.pratama01/Documents/Docs/Katalon Studio/Screenshot/test-Partner Disbursement.png, /Users/chaidir.pratama01/Documents/Docs/Katalon Studio/Screenshot/test-Partner Disbursement.png, /Users/chaidir.pratama01/Katalon Studio/IST_Automation_Git/Reports/20210121_172548/RTD/TS_Partner_Disbursement/20210121_172554/1611226233660.png, /Users/chaidir.pratama01/Documents/Docs/Katalon Studio/Screenshot/test-Partner Disbursement.png, /Users/chaidir.pratama01/Katalon Studio/IST_Automation_Git/Reports/20210121_172548/RTD/TS_Partner_Disbursement/20210121_172554/1611226247699.png, /Users/chaidir.pratama01/Documents/Docs/Katalon Studio/Screenshot/test-Partner Disbursement.png, /Users/chaidir.pratama01/Katalon Studio/IST_Automation_Git/Reports/20210121_172548/RTD/TS_Partner_Disbursement/20210121_172554/1611226261726.png, /Users/chaidir.pratama01/Documents/Docs/Katalon Studio/Screenshot/test-Partner Disbursement.png, /Users/chaidir.pratama01/Documents/Docs/Katalon Studio/Screenshot/test-Partner Disbursement.png, /Users/chaidir.pratama01/Katalon Studio/IST_Automation_Git/Reports/20210121_172548/RTD/TS_Partner_Disbursement/20210121_172554/1611226289861.png, /Users/chaidir.pratama01/Documents/Docs/Katalon Studio/Screenshot/test-Partner Disbursement.png, /Users/chaidir.pratama01/Documents/Docs/Katalon Studio/Screenshot/test-Partner Disbursement.png, /Users/chaidir.pratama01/Katalon Studio/IST_Automation_Git/Reports/20210121_172548/RTD/TS_Partner_Disbursement/20210121_172554/1611226314825.png, /Users/chaidir.pratama01/Documents/Docs/Katalon Studio/Screenshot/test-Partner Disbursement.png, /Users/chaidir.pratama01/Katalon Studio/IST_Automation_Git/Reports/20210121_172548/RTD/TS_Partner_Disbursement/20210121_172554/1611226328782.png, /Users/chaidir.pratama01/Documents/Docs/Katalon Studio/Screenshot/test-Partner Disbursement.png, /Users/chaidir.pratama01/Documents/Docs/Katalon Studio/Screenshot/test-Partner Disbursement.png, /Users/chaidir.pratama01/Documents/Docs/Katalon Studio/Screenshot/test-Partner Disbursement.png, /Users/chaidir.pratama01/Katalon Studio/IST_Automation_Git/Reports/20210121_172548/RTD/TS_Partner_Disbursement/20210121_172554/1611226379580.png, /Users/chaidir.pratama01/Documents/Docs/Katalon Studio/Screenshot/test-Partner Disbursement.png, /Users/chaidir.pratama01/Katalon Studio/IST_Automation_Git/Reports/20210121_172548/RTD/TS_Partner_Disbursement/20210121_172554/1611226393530.png, /Users/chaidir.pratama01/Katalon Studio/IST_Automation_Git/Reports/20210121_172548/RTD/TS_Partner_Disbursement/20210121_172554/1611226582211.png, /Users/chaidir.pratama01/Katalon Studio/IST_Automation_Git/Reports/20210121_172548/RTD/TS_Partner_Disbursement/20210121_172554/1611226584502.png, /Users/chaidir.pratama01/Katalon Studio/IST_Automation_Git/Reports/20210121_172548/RTD/TS_Partner_Disbursement/20210121_172554/1611226625266.png, /Users/chaidir.pratama01/Documents/Docs/Katalon Studio/Screenshot/test-Partner Disbursement.png, /Users/chaidir.pratama01/Documents/Docs/Katalon Studio/Screenshot/Download_data.png, /Users/chaidir.pratama01/Documents/Docs/Katalon Studio/Screenshot/test-Partner Disbursement.png, /Users/chaidir.pratama01/Documents/Docs/Katalon Studio/Screenshot/test-Partner Disbursement.png, /Users/chaidir.pratama01/Documents/Docs/Katalon Studio/Screenshot/test-Partner Disbursement.png"/>
         <property name="hostName" value="chaidir.pratama01 - localhost"/>
         <property name="os" value="Mac OS X 64bit"/>
         <property name="katalonVersion" value="7.6.0.${buildNumber}"/>
         <property name="browser" value="Chrome 87.0.4280.141"/>
         <property name="hostAddress" value="127.0.0.1"/>
         <property name="sessionId" value="2a140f45a9f34d808e152ba9694ad371"/>
         <property name="seleniumVersion" value="3.141.59"/>
         <property name="proxyInformation" value="ProxyInformation { proxyOption=NO_PROXY, proxyServerType=HTTP, username=, password=********, proxyServerAddress=, proxyServerPort=0, executionList=\&quot;\&quot;, isApplyToDesiredCapabilities=true }"/>
         <property name="platform" value="Mac OS X"/>
      </properties>
      <testcase name="Test Cases/RTD/Partner Disbursement/TC_Search_by_STATUS" time="414.738" classname="Test Cases/RTD/Partner Disbursement/TC_Search_by_STATUS" status="FAILED">
         <failure type="FAILED" message="Test Cases/RTD/Partner Disbursement/TC_Search_by_STATUS FAILED.
Reason:
com.kms.katalon.core.exception.StepFailedException: Feature file 'Include/features/IST_Real/RTD/Partner_Disbursement/Search_by_STATUS.feature' was failed
	at com.kms.katalon.core.keyword.internal.KeywordMain.stepFailed(KeywordMain.groovy:50)
	at com.kms.katalon.core.keyword.internal.KeywordMain.stepFailed(KeywordMain.groovy)
	at com.kms.katalon.core.keyword.internal.KeywordMain.stepFailed(KeywordMain.groovy:23)
	at com.kms.katalon.core.keyword.internal.KeywordMain$stepFailed$0.call(Unknown Source)
	at com.kms.katalon.core.cucumber.keyword.CucumberBuiltinKeywords$_runFeatureFile_closure1.doCall(CucumberBuiltinKeywords.groovy:82)
	at com.kms.katalon.core.cucumber.keyword.CucumberBuiltinKeywords$_runFeatureFile_closure1.doCall(CucumberBuiltinKeywords.groovy)
	at com.kms.katalon.core.keyword.internal.KeywordMain.runKeyword(KeywordMain.groovy:68)
	at com.kms.katalon.core.keyword.internal.KeywordMain$runKeyword.call(Unknown Source)
	at com.kms.katalon.core.cucumber.keyword.CucumberBuiltinKeywords.runFeatureFile(CucumberBuiltinKeywords.groovy:46)
	at com.kms.katalon.core.cucumber.keyword.CucumberBuiltinKeywords$runFeatureFile$0.callStatic(Unknown Source)
	at com.kms.katalon.core.cucumber.keyword.CucumberBuiltinKeywords.runFeatureFile(CucumberBuiltinKeywords.groovy:169)
	at com.kms.katalon.core.cucumber.keyword.CucumberBuiltinKeywords$runFeatureFile.call(Unknown Source)
	at TC_Search_by_STATUS.run(TC_Search_by_STATUS:18)
	at com.kms.katalon.core.main.ScriptEngine.run(ScriptEngine.java:194)
	at com.kms.katalon.core.main.ScriptEngine.runScriptAsRawText(ScriptEngine.java:119)
	at com.kms.katalon.core.main.TestCaseExecutor.runScript(TestCaseExecutor.java:339)
	at com.kms.katalon.core.main.TestCaseExecutor.doExecute(TestCaseExecutor.java:330)
	at com.kms.katalon.core.main.TestCaseExecutor.processExecutionPhase(TestCaseExecutor.java:309)
	at com.kms.katalon.core.main.TestCaseExecutor.accessMainPhase(TestCaseExecutor.java:301)
	at com.kms.katalon.core.main.TestCaseExecutor.execute(TestCaseExecutor.java:235)
	at com.kms.katalon.core.main.TestSuiteExecutor.accessTestCaseMainPhase(TestSuiteExecutor.java:191)
	at com.kms.katalon.core.main.TestSuiteExecutor.accessTestSuiteMainPhase(TestSuiteExecutor.java:141)
	at com.kms.katalon.core.main.TestSuiteExecutor.execute(TestSuiteExecutor.java:90)
	at com.kms.katalon.core.main.TestCaseMain.startTestSuite(TestCaseMain.java:157)
	at com.kms.katalon.core.main.TestCaseMain$startTestSuite$0.call(Unknown Source)
	at TempTestSuite1611224754744.run(TempTestSuite1611224754744.groovy:39)
"/>
         <system-out><![CDATA[2021-01-21 17:50:11 - [TEST_CASE][FAILED] - Test Cases/RTD/Partner Disbursement/TC_Search_by_STATUS: Test Cases/RTD/Partner Disbursement/TC_Search_by_STATUS FAILED.
Reason:
com.kms.katalon.core.exception.StepFailedException: Feature file 'Include/features/IST_Real/RTD/Partner_Disbursement/Search_by_STATUS.feature' was failed
	at com.kms.katalon.core.keyword.internal.KeywordMain.stepFailed(KeywordMain.groovy:50)
	at com.kms.katalon.core.keyword.internal.KeywordMain.stepFailed(KeywordMain.groovy)
	at com.kms.katalon.core.keyword.internal.KeywordMain.stepFailed(KeywordMain.groovy:23)
	at com.kms.katalon.core.keyword.internal.KeywordMain$stepFailed$0.call(Unknown Source)
	at com.kms.katalon.core.cucumber.keyword.CucumberBuiltinKeywords$_runFeatureFile_closure1.doCall(CucumberBuiltinKeywords.groovy:82)
	at com.kms.katalon.core.cucumber.keyword.CucumberBuiltinKeywords$_runFeatureFile_closure1.doCall(CucumberBuiltinKeywords.groovy)
	at com.kms.katalon.core.keyword.internal.KeywordMain.runKeyword(KeywordMain.groovy:68)
	at com.kms.katalon.core.keyword.internal.KeywordMain$runKeyword.call(Unknown Source)
	at com.kms.katalon.core.cucumber.keyword.CucumberBuiltinKeywords.runFeatureFile(CucumberBuiltinKeywords.groovy:46)
	at com.kms.katalon.core.cucumber.keyword.CucumberBuiltinKeywords$runFeatureFile$0.callStatic(Unknown Source)
	at com.kms.katalon.core.cucumber.keyword.CucumberBuiltinKeywords.runFeatureFile(CucumberBuiltinKeywords.groovy:169)
	at com.kms.katalon.core.cucumber.keyword.CucumberBuiltinKeywords$runFeatureFile.call(Unknown Source)
	at TC_Search_by_STATUS.run(TC_Search_by_STATUS:18)
	at com.kms.katalon.core.main.ScriptEngine.run(ScriptEngine.java:194)
	at com.kms.katalon.core.main.ScriptEngine.runScriptAsRawText(ScriptEngine.java:119)
	at com.kms.katalon.core.main.TestCaseExecutor.runScript(TestCaseExecutor.java:339)
	at com.kms.katalon.core.main.TestCaseExecutor.doExecute(TestCaseExecutor.java:330)
	at com.kms.katalon.core.main.TestCaseExecutor.processExecutionPhase(TestCaseExecutor.java:309)
	at com.kms.katalon.core.main.TestCaseExecutor.accessMainPhase(TestCaseExecutor.java:301)
	at com.kms.katalon.core.main.TestCaseExecutor.execute(TestCaseExecutor.java:235)
	at com.kms.katalon.core.main.TestSuiteExecutor.accessTestCaseMainPhase(TestSuiteExecutor.java:191)
	at com.kms.katalon.core.main.TestSuiteExecutor.accessTestSuiteMainPhase(TestSuiteExecutor.java:141)
	at com.kms.katalon.core.main.TestSuiteExecutor.execute(TestSuiteExecutor.java:90)
	at com.kms.katalon.core.main.TestCaseMain.startTestSuite(TestCaseMain.java:157)
	at com.kms.katalon.core.main.TestCaseMain$startTestSuite$0.call(Unknown Source)
	at TempTestSuite1611224754744.run(TempTestSuite1611224754744.groovy:39)


2021-01-21 17:50:11 - [TEST_STEP][FAILED] - runFeatureFile("Include/features/IST_Real/RTD/Partner_Disbursement/Search_by_STATUS.feature"): Keyword runFeatureFile was failed (Root cause: com.kms.katalon.core.exception.StepFailedException: Feature file 'Include/features/IST_Real/RTD/Partner_Disbursement/Search_by_STATUS.feature' was failed
	at com.kms.katalon.core.keyword.internal.KeywordMain.stepFailed(KeywordMain.groovy:50)
	at com.kms.katalon.core.keyword.internal.KeywordMain.stepFailed(KeywordMain.groovy)
	at com.kms.katalon.core.keyword.internal.KeywordMain.stepFailed(KeywordMain.groovy:23)
	at com.kms.katalon.core.keyword.internal.KeywordMain$stepFailed$0.call(Unknown Source)
	at com.kms.katalon.core.cucumber.keyword.CucumberBuiltinKeywords$_runFeatureFile_closure1.doCall(CucumberBuiltinKeywords.groovy:82)
	at com.kms.katalon.core.cucumber.keyword.CucumberBuiltinKeywords$_runFeatureFile_closure1.doCall(CucumberBuiltinKeywords.groovy)
	at com.kms.katalon.core.keyword.internal.KeywordMain.runKeyword(KeywordMain.groovy:68)
	at com.kms.katalon.core.keyword.internal.KeywordMain$runKeyword.call(Unknown Source)
	at com.kms.katalon.core.cucumber.keyword.CucumberBuiltinKeywords.runFeatureFile(CucumberBuiltinKeywords.groovy:46)
	at com.kms.katalon.core.cucumber.keyword.CucumberBuiltinKeywords$runFeatureFile$0.callStatic(Unknown Source)
	at com.kms.katalon.core.cucumber.keyword.CucumberBuiltinKeywords.runFeatureFile(CucumberBuiltinKeywords.groovy:169)
	at com.kms.katalon.core.cucumber.keyword.CucumberBuiltinKeywords$runFeatureFile.call(Unknown Source)
	at TC_Search_by_STATUS.run(TC_Search_by_STATUS:18)
	at com.kms.katalon.core.main.ScriptEngine.run(ScriptEngine.java:194)
	at com.kms.katalon.core.main.ScriptEngine.runScriptAsRawText(ScriptEngine.java:119)
	at com.kms.katalon.core.main.TestCaseExecutor.runScript(TestCaseExecutor.java:339)
	at com.kms.katalon.core.main.TestCaseExecutor.doExecute(TestCaseExecutor.java:330)
	at com.kms.katalon.core.main.TestCaseExecutor.processExecutionPhase(TestCaseExecutor.java:309)
	at com.kms.katalon.core.main.TestCaseExecutor.accessMainPhase(TestCaseExecutor.java:301)
	at com.kms.katalon.core.main.TestCaseExecutor.execute(TestCaseExecutor.java:235)
	at com.kms.katalon.core.main.TestSuiteExecutor.accessTestCaseMainPhase(TestSuiteExecutor.java:191)
	at com.kms.katalon.core.main.TestSuiteExecutor.accessTestSuiteMainPhase(TestSuiteExecutor.java:141)
	at com.kms.katalon.core.main.TestSuiteExecutor.execute(TestSuiteExecutor.java:90)
	at com.kms.katalon.core.main.TestCaseMain.startTestSuite(TestCaseMain.java:157)
	at com.kms.katalon.core.main.TestCaseMain$startTestSuite$0.call(Unknown Source)
	at TempTestSuite1611224754744.run(TempTestSuite1611224754744.groovy:39)
)

2021-01-21 17:50:11 - [MESSAGE][INFO] - Starting run keyword runFeatureFile: 'Include/features/IST_Real/RTD/Partner_Disbursement/Search_by_STATUS.feature' and extract report to folder: '/Users/chaidir.pratama01/Katalon Studio/IST_Automation_Git/Reports/20210121_172548/RTD/TS_Partner_Disbursement/20210121_172554/cucumber_report/1611226211289'...

2021-01-21 17:50:11 - [TEST_CASE][PASSED] - Start Test Case : SCENARIO Search by STATUS Eligible to Disburse: SCENARIO Search by STATUS Eligible to Disburse

2021-01-21 17:50:11 - [TEST_STEP][PASSED] - Go to ISTools: Go to ISTools

2021-01-21 17:50:11 - [MESSAGE][INFO] - Starting 'Chrome (headless)' driver

2021-01-21 17:50:11 - [MESSAGE][INFO] - User set preference: ['args', '[--start-maximized, --disable-gpu, --no-proxy-server, –-no-sandbox, --allow-running-insecure-content, --ignore-certificate-errors, window-size=1680,814, force-device-scale-factor=2, --lang=en-GB]']

2021-01-21 17:50:11 - [MESSAGE][INFO] - User set preference: ['prefs', '{download.default_directory=/Users/chaidir.pratama01/Katalon Studio/IST_Automation_Git/Download}']

2021-01-21 17:50:11 - [MESSAGE][INFO] - Action delay is set to 0 milliseconds

2021-01-21 17:50:12 - [MESSAGE][PASSED] - Browser is opened with url: ''

2021-01-21 17:50:14 - [MESSAGE][PASSED] - Navigate to 'https://dev-istools.homecredit.id/foundation/' successfully

2021-01-21 17:50:14 - [MESSAGE][PASSED] - Go to ISTools

2021-01-21 17:50:14 - [TEST_STEP][PASSED] - Login IST with valid credentials: Login IST with valid credentials

2021-01-21 17:50:14 - [MESSAGE][PASSED] - Text 'mobile.test' is set on object 'Object Repository/Page_/input_Username_j_username'

2021-01-21 17:50:14 - [MESSAGE][PASSED] - Text ****** has been set on object 'Object Repository/Page_/input_Password_j_password'

2021-01-21 17:50:15 - [MESSAGE][PASSED] - Object: 'Object Repository/Page_/button_Login' is clicked on

2021-01-21 17:50:15 - [MESSAGE][PASSED] - Login IST with valid credentials

2021-01-21 17:50:15 - [TEST_STEP][PASSED] - Login Success: Login Success

2021-01-21 17:50:15 - [MESSAGE][INFO] - Login Success

2021-01-21 17:50:15 - [MESSAGE][PASSED] - Current window maximized

2021-01-21 17:50:15 - [MESSAGE][PASSED] - Object 'Object Repository/Page_/h1_Welcome to IT Supporting Tools' is present

2021-01-21 17:50:15 - [MESSAGE][PASSED] - Login Success

2021-01-21 17:50:15 - [TEST_STEP][PASSED] - Select Arrow Menu "Real Time Disbursement": Select Arrow Menu "Real Time Disbursement"

2021-01-21 17:50:15 - [MESSAGE][PASSED] - Object: '' is clicked on

2021-01-21 17:50:15 - [MESSAGE][PASSED] - Select Arrow Menu "Real Time Disbursement"

2021-01-21 17:50:15 - [TEST_STEP][PASSED] - Select Menu "Partner Disbursement": Select Menu "Partner Disbursement"

2021-01-21 17:50:15 - [MESSAGE][PASSED] - Taking screenshot successfully
[[ATTACHMENT|/Users/chaidir.pratama01/Documents/Docs/Katalon Studio/Screenshot/test-Partner Disbursement.png]]

2021-01-21 17:50:15 - [MESSAGE][PASSED] - Object '' is present

2021-01-21 17:50:15 - [MESSAGE][PASSED] - Object: '' is clicked on

2021-01-21 17:50:15 - [MESSAGE][PASSED] - Wait for page load successfully

2021-01-21 17:50:15 - [MESSAGE][PASSED] - Select Menu "Partner Disbursement"

2021-01-21 17:50:15 - [TEST_STEP][PASSED] - Select STATUS "Eligible to disburse": Select STATUS "Eligible to disburse"

2021-01-21 17:50:16 - [MESSAGE][PASSED] - All options with value 'Eligible to disburse' are selected in object ''  using regular expression

2021-01-21 17:50:16 - [MESSAGE][PASSED] - Select STATUS "Eligible to disburse"

2021-01-21 17:50:16 - [TEST_STEP][PASSED] - Click button "Search": Click button "Search"

2021-01-21 17:50:16 - [MESSAGE][INFO] - >>>>>//Button[contains(text(),'Search')]

2021-01-21 17:50:19 - [MESSAGE][PASSED] - Object '' is present

2021-01-21 17:50:19 - [MESSAGE][PASSED] - Object: '' is clicked on

2021-01-21 17:50:19 - [MESSAGE][PASSED] - Switched to window with index: '0'

2021-01-21 17:50:19 - [MESSAGE][PASSED] - Click button "Search"

2021-01-21 17:50:19 - [TEST_STEP][PASSED] - Verify Search Result Presents: Verify Search Result Presents

2021-01-21 17:50:19 - [MESSAGE][PASSED] - Object '' is present

2021-01-21 17:50:20 - [MESSAGE][PASSED] - Verify Search Result Presents

2021-01-21 17:50:20 - [TEST_STEP][PASSED] - Click button "Logout": Click button "Logout"

2021-01-21 17:50:20 - [MESSAGE][INFO] - >>>>>//Button[contains(text(),'Logout')]

2021-01-21 17:50:23 - [MESSAGE][PASSED] - Object '' is present

2021-01-21 17:50:23 - [MESSAGE][PASSED] - Object: '' is clicked on

2021-01-21 17:50:23 - [MESSAGE][PASSED] - Switched to window with index: '0'

2021-01-21 17:50:23 - [MESSAGE][PASSED] - Click button "Logout"

2021-01-21 17:50:23 - [TEST_STEP][PASSED] - Close browser: Close browser

2021-01-21 17:50:23 - [MESSAGE][PASSED] - Browser is closed

2021-01-21 17:50:23 - [MESSAGE][PASSED] - Close browser

2021-01-21 17:50:23 - [TEST_CASE][PASSED] - Start Test Case : SCENARIO Search by STATUS Waiting validation from Risk: SCENARIO Search by STATUS Waiting validation from Risk

2021-01-21 17:50:23 - [TEST_STEP][PASSED] - Go to ISTools: Go to ISTools

2021-01-21 17:50:23 - [MESSAGE][INFO] - Starting 'Chrome (headless)' driver

2021-01-21 17:50:23 - [MESSAGE][INFO] - User set preference: ['args', '[--start-maximized, --disable-gpu, --no-proxy-server, –-no-sandbox, --allow-running-insecure-content, --ignore-certificate-errors, window-size=1680,814, force-device-scale-factor=2, --lang=en-GB]']

2021-01-21 17:50:23 - [MESSAGE][INFO] - User set preference: ['prefs', '{download.default_directory=/Users/chaidir.pratama01/Katalon Studio/IST_Automation_Git/Download}']

2021-01-21 17:50:23 - [MESSAGE][INFO] - Action delay is set to 0 milliseconds

2021-01-21 17:50:24 - [MESSAGE][PASSED] - Browser is opened with url: ''

2021-01-21 17:50:24 - [MESSAGE][PASSED] - Navigate to 'https://dev-istools.homecredit.id/foundation/' successfully

2021-01-21 17:50:24 - [MESSAGE][PASSED] - Go to ISTools

2021-01-21 17:50:24 - [TEST_STEP][PASSED] - Login IST with valid credentials: Login IST with valid credentials

2021-01-21 17:50:24 - [MESSAGE][PASSED] - Text 'mobile.test' is set on object 'Object Repository/Page_/input_Username_j_username'

2021-01-21 17:50:25 - [MESSAGE][PASSED] - Text ****** has been set on object 'Object Repository/Page_/input_Password_j_password'

2021-01-21 17:50:25 - [MESSAGE][PASSED] - Object: 'Object Repository/Page_/button_Login' is clicked on

2021-01-21 17:50:25 - [MESSAGE][PASSED] - Login IST with valid credentials

2021-01-21 17:50:25 - [TEST_STEP][PASSED] - Login Success: Login Success

2021-01-21 17:50:25 - [MESSAGE][INFO] - Login Success

2021-01-21 17:50:25 - [MESSAGE][PASSED] - Current window maximized

2021-01-21 17:50:25 - [MESSAGE][PASSED] - Object 'Object Repository/Page_/h1_Welcome to IT Supporting Tools' is present

2021-01-21 17:50:25 - [MESSAGE][PASSED] - Login Success

2021-01-21 17:50:25 - [TEST_STEP][PASSED] - Select Arrow Menu "Real Time Disbursement": Select Arrow Menu "Real Time Disbursement"

2021-01-21 17:50:25 - [MESSAGE][PASSED] - Object: '' is clicked on

2021-01-21 17:50:25 - [MESSAGE][PASSED] - Select Arrow Menu "Real Time Disbursement"

2021-01-21 17:50:25 - [TEST_STEP][PASSED] - Select Menu "Partner Disbursement": Select Menu "Partner Disbursement"

2021-01-21 17:50:26 - [MESSAGE][PASSED] - Taking screenshot successfully
[[ATTACHMENT|/Users/chaidir.pratama01/Documents/Docs/Katalon Studio/Screenshot/test-Partner Disbursement.png]]

2021-01-21 17:50:26 - [MESSAGE][PASSED] - Object '' is present

2021-01-21 17:50:26 - [MESSAGE][PASSED] - Object: '' is clicked on

2021-01-21 17:50:26 - [MESSAGE][PASSED] - Wait for page load successfully

2021-01-21 17:50:26 - [MESSAGE][PASSED] - Select Menu "Partner Disbursement"

2021-01-21 17:50:26 - [TEST_STEP][PASSED] - Select STATUS "Waiting validation from Risk": Select STATUS "Waiting validation from Risk"

2021-01-21 17:50:26 - [MESSAGE][PASSED] - All options with value 'Waiting validation from Risk' are selected in object ''  using regular expression

2021-01-21 17:50:26 - [MESSAGE][PASSED] - Select STATUS "Waiting validation from Risk"

2021-01-21 17:50:26 - [TEST_STEP][PASSED] - Click button "Search": Click button "Search"

2021-01-21 17:50:26 - [MESSAGE][INFO] - >>>>>//Button[contains(text(),'Search')]

2021-01-21 17:50:29 - [MESSAGE][PASSED] - Object '' is present

2021-01-21 17:50:29 - [MESSAGE][PASSED] - Object: '' is clicked on

2021-01-21 17:50:29 - [MESSAGE][PASSED] - Switched to window with index: '0'

2021-01-21 17:50:29 - [MESSAGE][PASSED] - Click button "Search"

2021-01-21 17:50:29 - [TEST_STEP][PASSED] - Verify Search Result Presents: Verify Search Result Presents

2021-01-21 17:50:33 - [MESSAGE][INFO] - Unable to find the element located by 'By.xpath: //td[@style='display:none' and contains(text(),'-Empty-')]'. Please recheck the objects properties to make sure the desired element is located. 

2021-01-21 17:50:34 - [MESSAGE][WARNING] - com.kms.katalon.core.webui.exception.WebElementNotFoundException: Web element with id: '' located by '//td[@style='display:none' and contains(text(),'-Empty-')]' not found (Root cause: com.kms.katalon.core.exception.StepFailedException: com.kms.katalon.core.webui.exception.WebElementNotFoundException: Web element with id: '' located by '//td[@style='display:none' and contains(text(),'-Empty-')]' not found
	at com.kms.katalon.core.webui.keyword.internal.WebUIKeywordMain.stepFailed(WebUIKeywordMain.groovy:64)
	at com.kms.katalon.core.webui.keyword.builtin.VerifyElementPresentKeyword$_verifyElementPresent_closure1.doCall(VerifyElementPresentKeyword.groovy:85)
	at com.kms.katalon.core.webui.keyword.builtin.VerifyElementPresentKeyword$_verifyElementPresent_closure1.call(VerifyElementPresentKeyword.groovy)
	at com.kms.katalon.core.webui.keyword.internal.WebUIKeywordMain.runKeyword(WebUIKeywordMain.groovy:20)
	at com.kms.katalon.core.webui.keyword.builtin.VerifyElementPresentKeyword.verifyElementPresent(VerifyElementPresentKeyword.groovy:92)
	at com.kms.katalon.core.webui.keyword.builtin.VerifyElementPresentKeyword.execute(VerifyElementPresentKeyword.groovy:68)
	at com.kms.katalon.core.keyword.internal.KeywordExecutor.executeKeywordForPlatform(KeywordExecutor.groovy:73)
	at com.kms.katalon.core.webui.keyword.WebUiBuiltInKeywords.verifyElementPresent(WebUiBuiltInKeywords.groovy:1444)
	at com.kms.katalon.core.webui.keyword.WebUiBuiltInKeywords$verifyElementPresent$11.call(Unknown Source)
	at ist_real.Contract_Dispatcher.VerifyTblFilled(Contract_Dispatcher.groovy:1313)
	at ist_real.Contract_Dispatcher$VerifyTblFilled$0.call(Unknown Source)
	at RTD.Search_Result_Presents(RTD.groovy:191)
	at cucumber.runtime.Utils$1.call(Utils.java:26)
	at cucumber.runtime.Timeout.timeout(Timeout.java:16)
	at cucumber.runtime.Utils.invoke(Utils.java:20)
	at cucumber.runtime.java.JavaStepDefinition.execute(JavaStepDefinition.java:48)
	at cucumber.runtime.PickleStepDefinitionMatch.runStep(PickleStepDefinitionMatch.java:50)
	at cucumber.runner.TestStep.executeStep(TestStep.java:55)
	at cucumber.runner.TestStep.run(TestStep.java:42)
	at cucumber.runner.PickleStepTestStep.run(PickleStepTestStep.java:53)
	at cucumber.runner.TestCase.run(TestCase.java:47)
	at cucumber.runner.Runner.runPickle(Runner.java:44)
	at cucumber.runtime.Runtime.runFeature(Runtime.java:120)
	at cucumber.runtime.Runtime.run(Runtime.java:106)
	at cucumber.api.cli.Main.run(Main.java:35)
	at cucumber.api.cli.Main$run.call(Unknown Source)
	at com.kms.katalon.core.cucumber.keyword.CucumberBuiltinKeywords$_runFeatureFile_closure1.doCall(CucumberBuiltinKeywords.groovy:76)
	at com.kms.katalon.core.cucumber.keyword.CucumberBuiltinKeywords$_runFeatureFile_closure1.doCall(CucumberBuiltinKeywords.groovy)
	at com.kms.katalon.core.keyword.internal.KeywordMain.runKeyword(KeywordMain.groovy:68)
	at com.kms.katalon.core.keyword.internal.KeywordMain$runKeyword.call(Unknown Source)
	at com.kms.katalon.core.cucumber.keyword.CucumberBuiltinKeywords.runFeatureFile(CucumberBuiltinKeywords.groovy:46)
	at com.kms.katalon.core.cucumber.keyword.CucumberBuiltinKeywords$runFeatureFile$0.callStatic(Unknown Source)
	at com.kms.katalon.core.cucumber.keyword.CucumberBuiltinKeywords.runFeatureFile(CucumberBuiltinKeywords.groovy:169)
	at com.kms.katalon.core.cucumber.keyword.CucumberBuiltinKeywords$runFeatureFile.call(Unknown Source)
	at TC_Search_by_STATUS.run(TC_Search_by_STATUS:18)
	at com.kms.katalon.core.main.ScriptEngine.run(ScriptEngine.java:194)
	at com.kms.katalon.core.main.ScriptEngine.runScriptAsRawText(ScriptEngine.java:119)
	at com.kms.katalon.core.main.TestCaseExecutor.runScript(TestCaseExecutor.java:339)
	at com.kms.katalon.core.main.TestCaseExecutor.doExecute(TestCaseExecutor.java:330)
	at com.kms.katalon.core.main.TestCaseExecutor.processExecutionPhase(TestCaseExecutor.java:309)
	at com.kms.katalon.core.main.TestCaseExecutor.accessMainPhase(TestCaseExecutor.java:301)
	at com.kms.katalon.core.main.TestCaseExecutor.execute(TestCaseExecutor.java:235)
	at com.kms.katalon.core.main.TestSuiteExecutor.accessTestCaseMainPhase(TestSuiteExecutor.java:191)
	at com.kms.katalon.core.main.TestSuiteExecutor.accessTestSuiteMainPhase(TestSuiteExecutor.java:141)
	at com.kms.katalon.core.main.TestSuiteExecutor.execute(TestSuiteExecutor.java:90)
	at com.kms.katalon.core.main.TestCaseMain.startTestSuite(TestCaseMain.java:157)
	at com.kms.katalon.core.main.TestCaseMain$startTestSuite$0.call(Unknown Source)
	at TempTestSuite1611224754744.run(TempTestSuite1611224754744.groovy:39)
)
[[ATTACHMENT|/Users/chaidir.pratama01/Katalon Studio/IST_Automation_Git/Reports/20210121_172548/RTD/TS_Partner_Disbursement/20210121_172554/1611226233660.png]]

2021-01-21 17:50:34 - [MESSAGE][PASSED] - Verify Search Result Presents

2021-01-21 17:50:34 - [TEST_STEP][PASSED] - Click button "Logout": Click button "Logout"

2021-01-21 17:50:34 - [MESSAGE][INFO] - >>>>>//Button[contains(text(),'Logout')]

2021-01-21 17:50:37 - [MESSAGE][PASSED] - Object '' is present

2021-01-21 17:50:37 - [MESSAGE][PASSED] - Object: '' is clicked on

2021-01-21 17:50:37 - [MESSAGE][PASSED] - Switched to window with index: '0'

2021-01-21 17:50:37 - [MESSAGE][PASSED] - Click button "Logout"

2021-01-21 17:50:37 - [TEST_STEP][PASSED] - Close browser: Close browser

2021-01-21 17:50:37 - [MESSAGE][PASSED] - Browser is closed

2021-01-21 17:50:37 - [MESSAGE][PASSED] - Close browser

2021-01-21 17:50:37 - [TEST_CASE][PASSED] - Start Test Case : SCENARIO Search by STATUS Waiting validation from In Payment: SCENARIO Search by STATUS Waiting validation from In Payment

2021-01-21 17:50:37 - [TEST_STEP][PASSED] - Go to ISTools: Go to ISTools

2021-01-21 17:50:37 - [MESSAGE][INFO] - Starting 'Chrome (headless)' driver

2021-01-21 17:50:37 - [MESSAGE][INFO] - User set preference: ['args', '[--start-maximized, --disable-gpu, --no-proxy-server, –-no-sandbox, --allow-running-insecure-content, --ignore-certificate-errors, window-size=1680,814, force-device-scale-factor=2, --lang=en-GB]']

2021-01-21 17:50:37 - [MESSAGE][INFO] - User set preference: ['prefs', '{download.default_directory=/Users/chaidir.pratama01/Katalon Studio/IST_Automation_Git/Download}']

2021-01-21 17:50:37 - [MESSAGE][INFO] - Action delay is set to 0 milliseconds

2021-01-21 17:50:38 - [MESSAGE][PASSED] - Browser is opened with url: ''

2021-01-21 17:50:38 - [MESSAGE][PASSED] - Navigate to 'https://dev-istools.homecredit.id/foundation/' successfully

2021-01-21 17:50:38 - [MESSAGE][PASSED] - Go to ISTools

2021-01-21 17:50:38 - [TEST_STEP][PASSED] - Login IST with valid credentials: Login IST with valid credentials

2021-01-21 17:50:39 - [MESSAGE][PASSED] - Text 'mobile.test' is set on object 'Object Repository/Page_/input_Username_j_username'

2021-01-21 17:50:39 - [MESSAGE][PASSED] - Text ****** has been set on object 'Object Repository/Page_/input_Password_j_password'

2021-01-21 17:50:39 - [MESSAGE][PASSED] - Object: 'Object Repository/Page_/button_Login' is clicked on

2021-01-21 17:50:39 - [MESSAGE][PASSED] - Login IST with valid credentials

2021-01-21 17:50:39 - [TEST_STEP][PASSED] - Login Success: Login Success

2021-01-21 17:50:39 - [MESSAGE][INFO] - Login Success

2021-01-21 17:50:39 - [MESSAGE][PASSED] - Current window maximized

2021-01-21 17:50:39 - [MESSAGE][PASSED] - Object 'Object Repository/Page_/h1_Welcome to IT Supporting Tools' is present

2021-01-21 17:50:39 - [MESSAGE][PASSED] - Login Success

2021-01-21 17:50:39 - [TEST_STEP][PASSED] - Select Arrow Menu "Real Time Disbursement": Select Arrow Menu "Real Time Disbursement"

2021-01-21 17:50:39 - [MESSAGE][PASSED] - Object: '' is clicked on

2021-01-21 17:50:39 - [MESSAGE][PASSED] - Select Arrow Menu "Real Time Disbursement"

2021-01-21 17:50:39 - [TEST_STEP][PASSED] - Select Menu "Partner Disbursement": Select Menu "Partner Disbursement"

2021-01-21 17:50:40 - [MESSAGE][PASSED] - Taking screenshot successfully
[[ATTACHMENT|/Users/chaidir.pratama01/Documents/Docs/Katalon Studio/Screenshot/test-Partner Disbursement.png]]

2021-01-21 17:50:40 - [MESSAGE][PASSED] - Object '' is present

2021-01-21 17:50:40 - [MESSAGE][PASSED] - Object: '' is clicked on

2021-01-21 17:50:40 - [MESSAGE][PASSED] - Wait for page load successfully

2021-01-21 17:50:40 - [MESSAGE][PASSED] - Select Menu "Partner Disbursement"

2021-01-21 17:50:40 - [TEST_STEP][PASSED] - Select STATUS "Waiting validation from In Payment": Select STATUS "Waiting validation from In Payment"

2021-01-21 17:50:40 - [MESSAGE][PASSED] - All options with value 'Waiting validation from In Payment' are selected in object ''  using regular expression

2021-01-21 17:50:40 - [MESSAGE][PASSED] - Select STATUS "Waiting validation from In Payment"

2021-01-21 17:50:40 - [TEST_STEP][PASSED] - Click button "Search": Click button "Search"

2021-01-21 17:50:40 - [MESSAGE][INFO] - >>>>>//Button[contains(text(),'Search')]

2021-01-21 17:50:43 - [MESSAGE][PASSED] - Object '' is present

2021-01-21 17:50:43 - [MESSAGE][PASSED] - Object: '' is clicked on

2021-01-21 17:50:43 - [MESSAGE][PASSED] - Switched to window with index: '0'

2021-01-21 17:50:43 - [MESSAGE][PASSED] - Click button "Search"

2021-01-21 17:50:43 - [TEST_STEP][PASSED] - Verify Search Result Presents: Verify Search Result Presents

2021-01-21 17:50:47 - [MESSAGE][INFO] - Unable to find the element located by 'By.xpath: //td[@style='display:none' and contains(text(),'-Empty-')]'. Please recheck the objects properties to make sure the desired element is located. 

2021-01-21 17:50:48 - [MESSAGE][WARNING] - com.kms.katalon.core.webui.exception.WebElementNotFoundException: Web element with id: '' located by '//td[@style='display:none' and contains(text(),'-Empty-')]' not found (Root cause: com.kms.katalon.core.exception.StepFailedException: com.kms.katalon.core.webui.exception.WebElementNotFoundException: Web element with id: '' located by '//td[@style='display:none' and contains(text(),'-Empty-')]' not found
	at com.kms.katalon.core.webui.keyword.internal.WebUIKeywordMain.stepFailed(WebUIKeywordMain.groovy:64)
	at com.kms.katalon.core.webui.keyword.builtin.VerifyElementPresentKeyword$_verifyElementPresent_closure1.doCall(VerifyElementPresentKeyword.groovy:85)
	at com.kms.katalon.core.webui.keyword.builtin.VerifyElementPresentKeyword$_verifyElementPresent_closure1.call(VerifyElementPresentKeyword.groovy)
	at com.kms.katalon.core.webui.keyword.internal.WebUIKeywordMain.runKeyword(WebUIKeywordMain.groovy:20)
	at com.kms.katalon.core.webui.keyword.builtin.VerifyElementPresentKeyword.verifyElementPresent(VerifyElementPresentKeyword.groovy:92)
	at com.kms.katalon.core.webui.keyword.builtin.VerifyElementPresentKeyword.execute(VerifyElementPresentKeyword.groovy:68)
	at com.kms.katalon.core.keyword.internal.KeywordExecutor.executeKeywordForPlatform(KeywordExecutor.groovy:73)
	at com.kms.katalon.core.webui.keyword.WebUiBuiltInKeywords.verifyElementPresent(WebUiBuiltInKeywords.groovy:1444)
	at com.kms.katalon.core.webui.keyword.WebUiBuiltInKeywords$verifyElementPresent$11.call(Unknown Source)
	at ist_real.Contract_Dispatcher.VerifyTblFilled(Contract_Dispatcher.groovy:1313)
	at ist_real.Contract_Dispatcher$VerifyTblFilled$0.call(Unknown Source)
	at RTD.Search_Result_Presents(RTD.groovy:191)
	at cucumber.runtime.Utils$1.call(Utils.java:26)
	at cucumber.runtime.Timeout.timeout(Timeout.java:16)
	at cucumber.runtime.Utils.invoke(Utils.java:20)
	at cucumber.runtime.java.JavaStepDefinition.execute(JavaStepDefinition.java:48)
	at cucumber.runtime.PickleStepDefinitionMatch.runStep(PickleStepDefinitionMatch.java:50)
	at cucumber.runner.TestStep.executeStep(TestStep.java:55)
	at cucumber.runner.TestStep.run(TestStep.java:42)
	at cucumber.runner.PickleStepTestStep.run(PickleStepTestStep.java:53)
	at cucumber.runner.TestCase.run(TestCase.java:47)
	at cucumber.runner.Runner.runPickle(Runner.java:44)
	at cucumber.runtime.Runtime.runFeature(Runtime.java:120)
	at cucumber.runtime.Runtime.run(Runtime.java:106)
	at cucumber.api.cli.Main.run(Main.java:35)
	at cucumber.api.cli.Main$run.call(Unknown Source)
	at com.kms.katalon.core.cucumber.keyword.CucumberBuiltinKeywords$_runFeatureFile_closure1.doCall(CucumberBuiltinKeywords.groovy:76)
	at com.kms.katalon.core.cucumber.keyword.CucumberBuiltinKeywords$_runFeatureFile_closure1.doCall(CucumberBuiltinKeywords.groovy)
	at com.kms.katalon.core.keyword.internal.KeywordMain.runKeyword(KeywordMain.groovy:68)
	at com.kms.katalon.core.keyword.internal.KeywordMain$runKeyword.call(Unknown Source)
	at com.kms.katalon.core.cucumber.keyword.CucumberBuiltinKeywords.runFeatureFile(CucumberBuiltinKeywords.groovy:46)
	at com.kms.katalon.core.cucumber.keyword.CucumberBuiltinKeywords$runFeatureFile$0.callStatic(Unknown Source)
	at com.kms.katalon.core.cucumber.keyword.CucumberBuiltinKeywords.runFeatureFile(CucumberBuiltinKeywords.groovy:169)
	at com.kms.katalon.core.cucumber.keyword.CucumberBuiltinKeywords$runFeatureFile.call(Unknown Source)
	at TC_Search_by_STATUS.run(TC_Search_by_STATUS:18)
	at com.kms.katalon.core.main.ScriptEngine.run(ScriptEngine.java:194)
	at com.kms.katalon.core.main.ScriptEngine.runScriptAsRawText(ScriptEngine.java:119)
	at com.kms.katalon.core.main.TestCaseExecutor.runScript(TestCaseExecutor.java:339)
	at com.kms.katalon.core.main.TestCaseExecutor.doExecute(TestCaseExecutor.java:330)
	at com.kms.katalon.core.main.TestCaseExecutor.processExecutionPhase(TestCaseExecutor.java:309)
	at com.kms.katalon.core.main.TestCaseExecutor.accessMainPhase(TestCaseExecutor.java:301)
	at com.kms.katalon.core.main.TestCaseExecutor.execute(TestCaseExecutor.java:235)
	at com.kms.katalon.core.main.TestSuiteExecutor.accessTestCaseMainPhase(TestSuiteExecutor.java:191)
	at com.kms.katalon.core.main.TestSuiteExecutor.accessTestSuiteMainPhase(TestSuiteExecutor.java:141)
	at com.kms.katalon.core.main.TestSuiteExecutor.execute(TestSuiteExecutor.java:90)
	at com.kms.katalon.core.main.TestCaseMain.startTestSuite(TestCaseMain.java:157)
	at com.kms.katalon.core.main.TestCaseMain$startTestSuite$0.call(Unknown Source)
	at TempTestSuite1611224754744.run(TempTestSuite1611224754744.groovy:39)
)
[[ATTACHMENT|/Users/chaidir.pratama01/Katalon Studio/IST_Automation_Git/Reports/20210121_172548/RTD/TS_Partner_Disbursement/20210121_172554/1611226247699.png]]

2021-01-21 17:50:48 - [MESSAGE][PASSED] - Verify Search Result Presents

2021-01-21 17:50:48 - [TEST_STEP][PASSED] - Click button "Logout": Click button "Logout"

2021-01-21 17:50:48 - [MESSAGE][INFO] - >>>>>//Button[contains(text(),'Logout')]

2021-01-21 17:50:51 - [MESSAGE][PASSED] - Object '' is present

2021-01-21 17:50:51 - [MESSAGE][PASSED] - Object: '' is clicked on

2021-01-21 17:50:51 - [MESSAGE][PASSED] - Switched to window with index: '0'

2021-01-21 17:50:51 - [MESSAGE][PASSED] - Click button "Logout"

2021-01-21 17:50:51 - [TEST_STEP][PASSED] - Close browser: Close browser

2021-01-21 17:50:51 - [MESSAGE][PASSED] - Browser is closed

2021-01-21 17:50:51 - [MESSAGE][PASSED] - Close browser

2021-01-21 17:50:51 - [TEST_CASE][PASSED] - Start Test Case : SCENARIO Search by STATUS Not Eligible to Disburse: SCENARIO Search by STATUS Not Eligible to Disburse

2021-01-21 17:50:51 - [TEST_STEP][PASSED] - Go to ISTools: Go to ISTools

2021-01-21 17:50:51 - [MESSAGE][INFO] - Starting 'Chrome (headless)' driver

2021-01-21 17:50:51 - [MESSAGE][INFO] - User set preference: ['args', '[--start-maximized, --disable-gpu, --no-proxy-server, –-no-sandbox, --allow-running-insecure-content, --ignore-certificate-errors, window-size=1680,814, force-device-scale-factor=2, --lang=en-GB]']

2021-01-21 17:50:51 - [MESSAGE][INFO] - User set preference: ['prefs', '{download.default_directory=/Users/chaidir.pratama01/Katalon Studio/IST_Automation_Git/Download}']

2021-01-21 17:50:51 - [MESSAGE][INFO] - Action delay is set to 0 milliseconds

2021-01-21 17:50:52 - [MESSAGE][PASSED] - Browser is opened with url: ''

2021-01-21 17:50:52 - [MESSAGE][PASSED] - Navigate to 'https://dev-istools.homecredit.id/foundation/' successfully

2021-01-21 17:50:52 - [MESSAGE][PASSED] - Go to ISTools

2021-01-21 17:50:52 - [TEST_STEP][PASSED] - Login IST with valid credentials: Login IST with valid credentials

2021-01-21 17:50:53 - [MESSAGE][PASSED] - Text 'mobile.test' is set on object 'Object Repository/Page_/input_Username_j_username'

2021-01-21 17:50:53 - [MESSAGE][PASSED] - Text ****** has been set on object 'Object Repository/Page_/input_Password_j_password'

2021-01-21 17:50:53 - [MESSAGE][PASSED] - Object: 'Object Repository/Page_/button_Login' is clicked on

2021-01-21 17:50:53 - [MESSAGE][PASSED] - Login IST with valid credentials

2021-01-21 17:50:53 - [TEST_STEP][PASSED] - Login Success: Login Success

2021-01-21 17:50:53 - [MESSAGE][INFO] - Login Success

2021-01-21 17:50:53 - [MESSAGE][PASSED] - Current window maximized

2021-01-21 17:50:53 - [MESSAGE][PASSED] - Object 'Object Repository/Page_/h1_Welcome to IT Supporting Tools' is present

2021-01-21 17:50:53 - [MESSAGE][PASSED] - Login Success

2021-01-21 17:50:53 - [TEST_STEP][PASSED] - Select Arrow Menu "Real Time Disbursement": Select Arrow Menu "Real Time Disbursement"

2021-01-21 17:50:53 - [MESSAGE][PASSED] - Object: '' is clicked on

2021-01-21 17:50:53 - [MESSAGE][PASSED] - Select Arrow Menu "Real Time Disbursement"

2021-01-21 17:50:53 - [TEST_STEP][PASSED] - Select Menu "Partner Disbursement": Select Menu "Partner Disbursement"

2021-01-21 17:50:54 - [MESSAGE][PASSED] - Taking screenshot successfully
[[ATTACHMENT|/Users/chaidir.pratama01/Documents/Docs/Katalon Studio/Screenshot/test-Partner Disbursement.png]]

2021-01-21 17:50:54 - [MESSAGE][PASSED] - Object '' is present

2021-01-21 17:50:54 - [MESSAGE][PASSED] - Object: '' is clicked on

2021-01-21 17:50:54 - [MESSAGE][PASSED] - Wait for page load successfully

2021-01-21 17:50:54 - [MESSAGE][PASSED] - Select Menu "Partner Disbursement"

2021-01-21 17:50:54 - [TEST_STEP][PASSED] - Select STATUS "Not eligible to disburse": Select STATUS "Not eligible to disburse"

2021-01-21 17:50:54 - [MESSAGE][PASSED] - All options with value 'Not eligible to disburse' are selected in object ''  using regular expression

2021-01-21 17:50:54 - [MESSAGE][PASSED] - Select STATUS "Not eligible to disburse"

2021-01-21 17:50:54 - [TEST_STEP][PASSED] - Click button "Search": Click button "Search"

2021-01-21 17:50:54 - [MESSAGE][INFO] - >>>>>//Button[contains(text(),'Search')]

2021-01-21 17:50:57 - [MESSAGE][PASSED] - Object '' is present

2021-01-21 17:50:57 - [MESSAGE][PASSED] - Object: '' is clicked on

2021-01-21 17:50:57 - [MESSAGE][PASSED] - Switched to window with index: '0'

2021-01-21 17:50:57 - [MESSAGE][PASSED] - Click button "Search"

2021-01-21 17:50:57 - [TEST_STEP][PASSED] - Verify Search Result Presents: Verify Search Result Presents

2021-01-21 17:51:01 - [MESSAGE][INFO] - Unable to find the element located by 'By.xpath: //td[@style='display:none' and contains(text(),'-Empty-')]'. Please recheck the objects properties to make sure the desired element is located. 

2021-01-21 17:51:02 - [MESSAGE][WARNING] - com.kms.katalon.core.webui.exception.WebElementNotFoundException: Web element with id: '' located by '//td[@style='display:none' and contains(text(),'-Empty-')]' not found (Root cause: com.kms.katalon.core.exception.StepFailedException: com.kms.katalon.core.webui.exception.WebElementNotFoundException: Web element with id: '' located by '//td[@style='display:none' and contains(text(),'-Empty-')]' not found
	at com.kms.katalon.core.webui.keyword.internal.WebUIKeywordMain.stepFailed(WebUIKeywordMain.groovy:64)
	at com.kms.katalon.core.webui.keyword.builtin.VerifyElementPresentKeyword$_verifyElementPresent_closure1.doCall(VerifyElementPresentKeyword.groovy:85)
	at com.kms.katalon.core.webui.keyword.builtin.VerifyElementPresentKeyword$_verifyElementPresent_closure1.call(VerifyElementPresentKeyword.groovy)
	at com.kms.katalon.core.webui.keyword.internal.WebUIKeywordMain.runKeyword(WebUIKeywordMain.groovy:20)
	at com.kms.katalon.core.webui.keyword.builtin.VerifyElementPresentKeyword.verifyElementPresent(VerifyElementPresentKeyword.groovy:92)
	at com.kms.katalon.core.webui.keyword.builtin.VerifyElementPresentKeyword.execute(VerifyElementPresentKeyword.groovy:68)
	at com.kms.katalon.core.keyword.internal.KeywordExecutor.executeKeywordForPlatform(KeywordExecutor.groovy:73)
	at com.kms.katalon.core.webui.keyword.WebUiBuiltInKeywords.verifyElementPresent(WebUiBuiltInKeywords.groovy:1444)
	at com.kms.katalon.core.webui.keyword.WebUiBuiltInKeywords$verifyElementPresent$11.call(Unknown Source)
	at ist_real.Contract_Dispatcher.VerifyTblFilled(Contract_Dispatcher.groovy:1313)
	at ist_real.Contract_Dispatcher$VerifyTblFilled$0.call(Unknown Source)
	at RTD.Search_Result_Presents(RTD.groovy:191)
	at cucumber.runtime.Utils$1.call(Utils.java:26)
	at cucumber.runtime.Timeout.timeout(Timeout.java:16)
	at cucumber.runtime.Utils.invoke(Utils.java:20)
	at cucumber.runtime.java.JavaStepDefinition.execute(JavaStepDefinition.java:48)
	at cucumber.runtime.PickleStepDefinitionMatch.runStep(PickleStepDefinitionMatch.java:50)
	at cucumber.runner.TestStep.executeStep(TestStep.java:55)
	at cucumber.runner.TestStep.run(TestStep.java:42)
	at cucumber.runner.PickleStepTestStep.run(PickleStepTestStep.java:53)
	at cucumber.runner.TestCase.run(TestCase.java:47)
	at cucumber.runner.Runner.runPickle(Runner.java:44)
	at cucumber.runtime.Runtime.runFeature(Runtime.java:120)
	at cucumber.runtime.Runtime.run(Runtime.java:106)
	at cucumber.api.cli.Main.run(Main.java:35)
	at cucumber.api.cli.Main$run.call(Unknown Source)
	at com.kms.katalon.core.cucumber.keyword.CucumberBuiltinKeywords$_runFeatureFile_closure1.doCall(CucumberBuiltinKeywords.groovy:76)
	at com.kms.katalon.core.cucumber.keyword.CucumberBuiltinKeywords$_runFeatureFile_closure1.doCall(CucumberBuiltinKeywords.groovy)
	at com.kms.katalon.core.keyword.internal.KeywordMain.runKeyword(KeywordMain.groovy:68)
	at com.kms.katalon.core.keyword.internal.KeywordMain$runKeyword.call(Unknown Source)
	at com.kms.katalon.core.cucumber.keyword.CucumberBuiltinKeywords.runFeatureFile(CucumberBuiltinKeywords.groovy:46)
	at com.kms.katalon.core.cucumber.keyword.CucumberBuiltinKeywords$runFeatureFile$0.callStatic(Unknown Source)
	at com.kms.katalon.core.cucumber.keyword.CucumberBuiltinKeywords.runFeatureFile(CucumberBuiltinKeywords.groovy:169)
	at com.kms.katalon.core.cucumber.keyword.CucumberBuiltinKeywords$runFeatureFile.call(Unknown Source)
	at TC_Search_by_STATUS.run(TC_Search_by_STATUS:18)
	at com.kms.katalon.core.main.ScriptEngine.run(ScriptEngine.java:194)
	at com.kms.katalon.core.main.ScriptEngine.runScriptAsRawText(ScriptEngine.java:119)
	at com.kms.katalon.core.main.TestCaseExecutor.runScript(TestCaseExecutor.java:339)
	at com.kms.katalon.core.main.TestCaseExecutor.doExecute(TestCaseExecutor.java:330)
	at com.kms.katalon.core.main.TestCaseExecutor.processExecutionPhase(TestCaseExecutor.java:309)
	at com.kms.katalon.core.main.TestCaseExecutor.accessMainPhase(TestCaseExecutor.java:301)
	at com.kms.katalon.core.main.TestCaseExecutor.execute(TestCaseExecutor.java:235)
	at com.kms.katalon.core.main.TestSuiteExecutor.accessTestCaseMainPhase(TestSuiteExecutor.java:191)
	at com.kms.katalon.core.main.TestSuiteExecutor.accessTestSuiteMainPhase(TestSuiteExecutor.java:141)
	at com.kms.katalon.core.main.TestSuiteExecutor.execute(TestSuiteExecutor.java:90)
	at com.kms.katalon.core.main.TestCaseMain.startTestSuite(TestCaseMain.java:157)
	at com.kms.katalon.core.main.TestCaseMain$startTestSuite$0.call(Unknown Source)
	at TempTestSuite1611224754744.run(TempTestSuite1611224754744.groovy:39)
)
[[ATTACHMENT|/Users/chaidir.pratama01/Katalon Studio/IST_Automation_Git/Reports/20210121_172548/RTD/TS_Partner_Disbursement/20210121_172554/1611226261726.png]]

2021-01-21 17:51:02 - [MESSAGE][PASSED] - Verify Search Result Presents

2021-01-21 17:51:02 - [TEST_STEP][PASSED] - Click button "Logout": Click button "Logout"

2021-01-21 17:51:02 - [MESSAGE][INFO] - >>>>>//Button[contains(text(),'Logout')]

2021-01-21 17:51:05 - [MESSAGE][PASSED] - Object '' is present

2021-01-21 17:51:05 - [MESSAGE][PASSED] - Object: '' is clicked on

2021-01-21 17:51:05 - [MESSAGE][PASSED] - Switched to window with index: '0'

2021-01-21 17:51:05 - [MESSAGE][PASSED] - Click button "Logout"

2021-01-21 17:51:05 - [TEST_STEP][PASSED] - Close browser: Close browser

2021-01-21 17:51:05 - [MESSAGE][PASSED] - Browser is closed

2021-01-21 17:51:05 - [MESSAGE][PASSED] - Close browser

2021-01-21 17:51:05 - [TEST_CASE][PASSED] - Start Test Case : SCENARIO Search by STATUS Ready to disburse: SCENARIO Search by STATUS Ready to disburse

2021-01-21 17:51:05 - [TEST_STEP][PASSED] - Go to ISTools: Go to ISTools

2021-01-21 17:51:05 - [MESSAGE][INFO] - Starting 'Chrome (headless)' driver

2021-01-21 17:51:05 - [MESSAGE][INFO] - User set preference: ['args', '[--start-maximized, --disable-gpu, --no-proxy-server, –-no-sandbox, --allow-running-insecure-content, --ignore-certificate-errors, window-size=1680,814, force-device-scale-factor=2, --lang=en-GB]']

2021-01-21 17:51:05 - [MESSAGE][INFO] - User set preference: ['prefs', '{download.default_directory=/Users/chaidir.pratama01/Katalon Studio/IST_Automation_Git/Download}']

2021-01-21 17:51:05 - [MESSAGE][INFO] - Action delay is set to 0 milliseconds

2021-01-21 17:51:06 - [MESSAGE][PASSED] - Browser is opened with url: ''

2021-01-21 17:51:06 - [MESSAGE][PASSED] - Navigate to 'https://dev-istools.homecredit.id/foundation/' successfully

2021-01-21 17:51:06 - [MESSAGE][PASSED] - Go to ISTools

2021-01-21 17:51:06 - [TEST_STEP][PASSED] - Login IST with valid credentials: Login IST with valid credentials

2021-01-21 17:51:07 - [MESSAGE][PASSED] - Text 'mobile.test' is set on object 'Object Repository/Page_/input_Username_j_username'

2021-01-21 17:51:07 - [MESSAGE][PASSED] - Text ****** has been set on object 'Object Repository/Page_/input_Password_j_password'

2021-01-21 17:51:07 - [MESSAGE][PASSED] - Object: 'Object Repository/Page_/button_Login' is clicked on

2021-01-21 17:51:07 - [MESSAGE][PASSED] - Login IST with valid credentials

2021-01-21 17:51:07 - [TEST_STEP][PASSED] - Login Success: Login Success

2021-01-21 17:51:07 - [MESSAGE][INFO] - Login Success

2021-01-21 17:51:07 - [MESSAGE][PASSED] - Current window maximized

2021-01-21 17:51:07 - [MESSAGE][PASSED] - Object 'Object Repository/Page_/h1_Welcome to IT Supporting Tools' is present

2021-01-21 17:51:07 - [MESSAGE][PASSED] - Login Success

2021-01-21 17:51:07 - [TEST_STEP][PASSED] - Select Arrow Menu "Real Time Disbursement": Select Arrow Menu "Real Time Disbursement"

2021-01-21 17:51:07 - [MESSAGE][PASSED] - Object: '' is clicked on

2021-01-21 17:51:07 - [MESSAGE][PASSED] - Select Arrow Menu "Real Time Disbursement"

2021-01-21 17:51:07 - [TEST_STEP][PASSED] - Select Menu "Partner Disbursement": Select Menu "Partner Disbursement"

2021-01-21 17:51:08 - [MESSAGE][PASSED] - Taking screenshot successfully
[[ATTACHMENT|/Users/chaidir.pratama01/Documents/Docs/Katalon Studio/Screenshot/test-Partner Disbursement.png]]

2021-01-21 17:51:08 - [MESSAGE][PASSED] - Object '' is present

2021-01-21 17:51:08 - [MESSAGE][PASSED] - Object: '' is clicked on

2021-01-21 17:51:08 - [MESSAGE][PASSED] - Wait for page load successfully

2021-01-21 17:51:08 - [MESSAGE][PASSED] - Select Menu "Partner Disbursement"

2021-01-21 17:51:08 - [TEST_STEP][PASSED] - Select STATUS "Ready to disburse": Select STATUS "Ready to disburse"

2021-01-21 17:51:08 - [MESSAGE][PASSED] - All options with value 'Ready to disburse' are selected in object ''  using regular expression

2021-01-21 17:51:08 - [MESSAGE][PASSED] - Select STATUS "Ready to disburse"

2021-01-21 17:51:08 - [TEST_STEP][PASSED] - Click button "Search": Click button "Search"

2021-01-21 17:51:08 - [MESSAGE][INFO] - >>>>>//Button[contains(text(),'Search')]

2021-01-21 17:51:11 - [MESSAGE][PASSED] - Object '' is present

2021-01-21 17:51:11 - [MESSAGE][PASSED] - Object: '' is clicked on

2021-01-21 17:51:11 - [MESSAGE][PASSED] - Switched to window with index: '0'

2021-01-21 17:51:11 - [MESSAGE][PASSED] - Click button "Search"

2021-01-21 17:51:11 - [TEST_STEP][PASSED] - Verify Search Result Presents: Verify Search Result Presents

2021-01-21 17:51:11 - [MESSAGE][PASSED] - Object '' is present

2021-01-21 17:51:16 - [MESSAGE][PASSED] - Verify Search Result Presents

2021-01-21 17:51:16 - [TEST_STEP][PASSED] - Click button "Logout": Click button "Logout"

2021-01-21 17:51:16 - [MESSAGE][INFO] - >>>>>//Button[contains(text(),'Logout')]

2021-01-21 17:51:19 - [MESSAGE][PASSED] - Object '' is present

2021-01-21 17:51:19 - [MESSAGE][PASSED] - Object: '' is clicked on

2021-01-21 17:51:19 - [MESSAGE][PASSED] - Switched to window with index: '0'

2021-01-21 17:51:19 - [MESSAGE][PASSED] - Click button "Logout"

2021-01-21 17:51:19 - [TEST_STEP][PASSED] - Close browser: Close browser

2021-01-21 17:51:19 - [MESSAGE][PASSED] - Browser is closed

2021-01-21 17:51:19 - [MESSAGE][PASSED] - Close browser

2021-01-21 17:51:19 - [TEST_CASE][PASSED] - Start Test Case : SCENARIO Search by STATUS Failed due to invalid bank account: SCENARIO Search by STATUS Failed due to invalid bank account

2021-01-21 17:51:19 - [TEST_STEP][PASSED] - Go to ISTools: Go to ISTools

2021-01-21 17:51:19 - [MESSAGE][INFO] - Starting 'Chrome (headless)' driver

2021-01-21 17:51:19 - [MESSAGE][INFO] - User set preference: ['args', '[--start-maximized, --disable-gpu, --no-proxy-server, –-no-sandbox, --allow-running-insecure-content, --ignore-certificate-errors, window-size=1680,814, force-device-scale-factor=2, --lang=en-GB]']

2021-01-21 17:51:19 - [MESSAGE][INFO] - User set preference: ['prefs', '{download.default_directory=/Users/chaidir.pratama01/Katalon Studio/IST_Automation_Git/Download}']

2021-01-21 17:51:19 - [MESSAGE][INFO] - Action delay is set to 0 milliseconds

2021-01-21 17:51:20 - [MESSAGE][PASSED] - Browser is opened with url: ''

2021-01-21 17:51:20 - [MESSAGE][PASSED] - Navigate to 'https://dev-istools.homecredit.id/foundation/' successfully

2021-01-21 17:51:20 - [MESSAGE][PASSED] - Go to ISTools

2021-01-21 17:51:20 - [TEST_STEP][PASSED] - Login IST with valid credentials: Login IST with valid credentials

2021-01-21 17:51:20 - [MESSAGE][PASSED] - Text 'mobile.test' is set on object 'Object Repository/Page_/input_Username_j_username'

2021-01-21 17:51:21 - [MESSAGE][PASSED] - Text ****** has been set on object 'Object Repository/Page_/input_Password_j_password'

2021-01-21 17:51:21 - [MESSAGE][PASSED] - Object: 'Object Repository/Page_/button_Login' is clicked on

2021-01-21 17:51:21 - [MESSAGE][PASSED] - Login IST with valid credentials

2021-01-21 17:51:21 - [TEST_STEP][PASSED] - Login Success: Login Success

2021-01-21 17:51:21 - [MESSAGE][INFO] - Login Success

2021-01-21 17:51:21 - [MESSAGE][PASSED] - Current window maximized

2021-01-21 17:51:21 - [MESSAGE][PASSED] - Object 'Object Repository/Page_/h1_Welcome to IT Supporting Tools' is present

2021-01-21 17:51:21 - [MESSAGE][PASSED] - Login Success

2021-01-21 17:51:21 - [TEST_STEP][PASSED] - Select Arrow Menu "Real Time Disbursement": Select Arrow Menu "Real Time Disbursement"

2021-01-21 17:51:21 - [MESSAGE][PASSED] - Object: '' is clicked on

2021-01-21 17:51:21 - [MESSAGE][PASSED] - Select Arrow Menu "Real Time Disbursement"

2021-01-21 17:51:21 - [TEST_STEP][PASSED] - Select Menu "Partner Disbursement": Select Menu "Partner Disbursement"

2021-01-21 17:51:22 - [MESSAGE][PASSED] - Taking screenshot successfully
[[ATTACHMENT|/Users/chaidir.pratama01/Documents/Docs/Katalon Studio/Screenshot/test-Partner Disbursement.png]]

2021-01-21 17:51:22 - [MESSAGE][PASSED] - Object '' is present

2021-01-21 17:51:22 - [MESSAGE][PASSED] - Object: '' is clicked on

2021-01-21 17:51:22 - [MESSAGE][PASSED] - Wait for page load successfully

2021-01-21 17:51:22 - [MESSAGE][PASSED] - Select Menu "Partner Disbursement"

2021-01-21 17:51:22 - [TEST_STEP][PASSED] - Select STATUS "Failed due to invalid bank account": Select STATUS "Failed due to invalid bank account"

2021-01-21 17:51:22 - [MESSAGE][PASSED] - All options with value 'Failed due to invalid bank account' are selected in object ''  using regular expression

2021-01-21 17:51:22 - [MESSAGE][PASSED] - Select STATUS "Failed due to invalid bank account"

2021-01-21 17:51:22 - [TEST_STEP][PASSED] - Click button "Search": Click button "Search"

2021-01-21 17:51:22 - [MESSAGE][INFO] - >>>>>//Button[contains(text(),'Search')]

2021-01-21 17:51:25 - [MESSAGE][PASSED] - Object '' is present

2021-01-21 17:51:25 - [MESSAGE][PASSED] - Object: '' is clicked on

2021-01-21 17:51:25 - [MESSAGE][PASSED] - Switched to window with index: '0'

2021-01-21 17:51:25 - [MESSAGE][PASSED] - Click button "Search"

2021-01-21 17:51:25 - [TEST_STEP][PASSED] - Verify Search Result Presents: Verify Search Result Presents

2021-01-21 17:51:29 - [MESSAGE][INFO] - Unable to find the element located by 'By.xpath: //td[@style='display:none' and contains(text(),'-Empty-')]'. Please recheck the objects properties to make sure the desired element is located. 

2021-01-21 17:51:30 - [MESSAGE][WARNING] - com.kms.katalon.core.webui.exception.WebElementNotFoundException: Web element with id: '' located by '//td[@style='display:none' and contains(text(),'-Empty-')]' not found (Root cause: com.kms.katalon.core.exception.StepFailedException: com.kms.katalon.core.webui.exception.WebElementNotFoundException: Web element with id: '' located by '//td[@style='display:none' and contains(text(),'-Empty-')]' not found
	at com.kms.katalon.core.webui.keyword.internal.WebUIKeywordMain.stepFailed(WebUIKeywordMain.groovy:64)
	at com.kms.katalon.core.webui.keyword.builtin.VerifyElementPresentKeyword$_verifyElementPresent_closure1.doCall(VerifyElementPresentKeyword.groovy:85)
	at com.kms.katalon.core.webui.keyword.builtin.VerifyElementPresentKeyword$_verifyElementPresent_closure1.call(VerifyElementPresentKeyword.groovy)
	at com.kms.katalon.core.webui.keyword.internal.WebUIKeywordMain.runKeyword(WebUIKeywordMain.groovy:20)
	at com.kms.katalon.core.webui.keyword.builtin.VerifyElementPresentKeyword.verifyElementPresent(VerifyElementPresentKeyword.groovy:92)
	at com.kms.katalon.core.webui.keyword.builtin.VerifyElementPresentKeyword.execute(VerifyElementPresentKeyword.groovy:68)
	at com.kms.katalon.core.keyword.internal.KeywordExecutor.executeKeywordForPlatform(KeywordExecutor.groovy:73)
	at com.kms.katalon.core.webui.keyword.WebUiBuiltInKeywords.verifyElementPresent(WebUiBuiltInKeywords.groovy:1444)
	at com.kms.katalon.core.webui.keyword.WebUiBuiltInKeywords$verifyElementPresent$11.call(Unknown Source)
	at ist_real.Contract_Dispatcher.VerifyTblFilled(Contract_Dispatcher.groovy:1313)
	at ist_real.Contract_Dispatcher$VerifyTblFilled$0.call(Unknown Source)
	at RTD.Search_Result_Presents(RTD.groovy:191)
	at cucumber.runtime.Utils$1.call(Utils.java:26)
	at cucumber.runtime.Timeout.timeout(Timeout.java:16)
	at cucumber.runtime.Utils.invoke(Utils.java:20)
	at cucumber.runtime.java.JavaStepDefinition.execute(JavaStepDefinition.java:48)
	at cucumber.runtime.PickleStepDefinitionMatch.runStep(PickleStepDefinitionMatch.java:50)
	at cucumber.runner.TestStep.executeStep(TestStep.java:55)
	at cucumber.runner.TestStep.run(TestStep.java:42)
	at cucumber.runner.PickleStepTestStep.run(PickleStepTestStep.java:53)
	at cucumber.runner.TestCase.run(TestCase.java:47)
	at cucumber.runner.Runner.runPickle(Runner.java:44)
	at cucumber.runtime.Runtime.runFeature(Runtime.java:120)
	at cucumber.runtime.Runtime.run(Runtime.java:106)
	at cucumber.api.cli.Main.run(Main.java:35)
	at cucumber.api.cli.Main$run.call(Unknown Source)
	at com.kms.katalon.core.cucumber.keyword.CucumberBuiltinKeywords$_runFeatureFile_closure1.doCall(CucumberBuiltinKeywords.groovy:76)
	at com.kms.katalon.core.cucumber.keyword.CucumberBuiltinKeywords$_runFeatureFile_closure1.doCall(CucumberBuiltinKeywords.groovy)
	at com.kms.katalon.core.keyword.internal.KeywordMain.runKeyword(KeywordMain.groovy:68)
	at com.kms.katalon.core.keyword.internal.KeywordMain$runKeyword.call(Unknown Source)
	at com.kms.katalon.core.cucumber.keyword.CucumberBuiltinKeywords.runFeatureFile(CucumberBuiltinKeywords.groovy:46)
	at com.kms.katalon.core.cucumber.keyword.CucumberBuiltinKeywords$runFeatureFile$0.callStatic(Unknown Source)
	at com.kms.katalon.core.cucumber.keyword.CucumberBuiltinKeywords.runFeatureFile(CucumberBuiltinKeywords.groovy:169)
	at com.kms.katalon.core.cucumber.keyword.CucumberBuiltinKeywords$runFeatureFile.call(Unknown Source)
	at TC_Search_by_STATUS.run(TC_Search_by_STATUS:18)
	at com.kms.katalon.core.main.ScriptEngine.run(ScriptEngine.java:194)
	at com.kms.katalon.core.main.ScriptEngine.runScriptAsRawText(ScriptEngine.java:119)
	at com.kms.katalon.core.main.TestCaseExecutor.runScript(TestCaseExecutor.java:339)
	at com.kms.katalon.core.main.TestCaseExecutor.doExecute(TestCaseExecutor.java:330)
	at com.kms.katalon.core.main.TestCaseExecutor.processExecutionPhase(TestCaseExecutor.java:309)
	at com.kms.katalon.core.main.TestCaseExecutor.accessMainPhase(TestCaseExecutor.java:301)
	at com.kms.katalon.core.main.TestCaseExecutor.execute(TestCaseExecutor.java:235)
	at com.kms.katalon.core.main.TestSuiteExecutor.accessTestCaseMainPhase(TestSuiteExecutor.java:191)
	at com.kms.katalon.core.main.TestSuiteExecutor.accessTestSuiteMainPhase(TestSuiteExecutor.java:141)
	at com.kms.katalon.core.main.TestSuiteExecutor.execute(TestSuiteExecutor.java:90)
	at com.kms.katalon.core.main.TestCaseMain.startTestSuite(TestCaseMain.java:157)
	at com.kms.katalon.core.main.TestCaseMain$startTestSuite$0.call(Unknown Source)
	at TempTestSuite1611224754744.run(TempTestSuite1611224754744.groovy:39)
)
[[ATTACHMENT|/Users/chaidir.pratama01/Katalon Studio/IST_Automation_Git/Reports/20210121_172548/RTD/TS_Partner_Disbursement/20210121_172554/1611226289861.png]]

2021-01-21 17:51:30 - [MESSAGE][PASSED] - Verify Search Result Presents

2021-01-21 17:51:30 - [TEST_STEP][PASSED] - Click button "Logout": Click button "Logout"

2021-01-21 17:51:30 - [MESSAGE][INFO] - >>>>>//Button[contains(text(),'Logout')]

2021-01-21 17:51:33 - [MESSAGE][PASSED] - Object '' is present

2021-01-21 17:51:33 - [MESSAGE][PASSED] - Object: '' is clicked on

2021-01-21 17:51:33 - [MESSAGE][PASSED] - Switched to window with index: '0'

2021-01-21 17:51:33 - [MESSAGE][PASSED] - Click button "Logout"

2021-01-21 17:51:33 - [TEST_STEP][PASSED] - Close browser: Close browser

2021-01-21 17:51:33 - [MESSAGE][PASSED] - Browser is closed

2021-01-21 17:51:33 - [MESSAGE][PASSED] - Close browser

2021-01-21 17:51:33 - [TEST_CASE][PASSED] - Start Test Case : SCENARIO Search by STATUS Failed due to system error: SCENARIO Search by STATUS Failed due to system error

2021-01-21 17:51:33 - [TEST_STEP][PASSED] - Go to ISTools: Go to ISTools

2021-01-21 17:51:33 - [MESSAGE][INFO] - Starting 'Chrome (headless)' driver

2021-01-21 17:51:33 - [MESSAGE][INFO] - User set preference: ['args', '[--start-maximized, --disable-gpu, --no-proxy-server, –-no-sandbox, --allow-running-insecure-content, --ignore-certificate-errors, window-size=1680,814, force-device-scale-factor=2, --lang=en-GB]']

2021-01-21 17:51:33 - [MESSAGE][INFO] - User set preference: ['prefs', '{download.default_directory=/Users/chaidir.pratama01/Katalon Studio/IST_Automation_Git/Download}']

2021-01-21 17:51:33 - [MESSAGE][INFO] - Action delay is set to 0 milliseconds

2021-01-21 17:51:34 - [MESSAGE][PASSED] - Browser is opened with url: ''

2021-01-21 17:51:34 - [MESSAGE][PASSED] - Navigate to 'https://dev-istools.homecredit.id/foundation/' successfully

2021-01-21 17:51:34 - [MESSAGE][PASSED] - Go to ISTools

2021-01-21 17:51:34 - [TEST_STEP][PASSED] - Login IST with valid credentials: Login IST with valid credentials

2021-01-21 17:51:35 - [MESSAGE][PASSED] - Text 'mobile.test' is set on object 'Object Repository/Page_/input_Username_j_username'

2021-01-21 17:51:35 - [MESSAGE][PASSED] - Text ****** has been set on object 'Object Repository/Page_/input_Password_j_password'

2021-01-21 17:51:35 - [MESSAGE][PASSED] - Object: 'Object Repository/Page_/button_Login' is clicked on

2021-01-21 17:51:35 - [MESSAGE][PASSED] - Login IST with valid credentials

2021-01-21 17:51:35 - [TEST_STEP][PASSED] - Login Success: Login Success

2021-01-21 17:51:35 - [MESSAGE][INFO] - Login Success

2021-01-21 17:51:35 - [MESSAGE][PASSED] - Current window maximized

2021-01-21 17:51:35 - [MESSAGE][PASSED] - Object 'Object Repository/Page_/h1_Welcome to IT Supporting Tools' is present

2021-01-21 17:51:35 - [MESSAGE][PASSED] - Login Success

2021-01-21 17:51:35 - [TEST_STEP][PASSED] - Select Arrow Menu "Real Time Disbursement": Select Arrow Menu "Real Time Disbursement"

2021-01-21 17:51:35 - [MESSAGE][PASSED] - Object: '' is clicked on

2021-01-21 17:51:35 - [MESSAGE][PASSED] - Select Arrow Menu "Real Time Disbursement"

2021-01-21 17:51:35 - [TEST_STEP][PASSED] - Select Menu "Partner Disbursement": Select Menu "Partner Disbursement"

2021-01-21 17:51:36 - [MESSAGE][PASSED] - Taking screenshot successfully
[[ATTACHMENT|/Users/chaidir.pratama01/Documents/Docs/Katalon Studio/Screenshot/test-Partner Disbursement.png]]

2021-01-21 17:51:36 - [MESSAGE][PASSED] - Object '' is present

2021-01-21 17:51:36 - [MESSAGE][PASSED] - Object: '' is clicked on

2021-01-21 17:51:36 - [MESSAGE][PASSED] - Wait for page load successfully

2021-01-21 17:51:36 - [MESSAGE][PASSED] - Select Menu "Partner Disbursement"

2021-01-21 17:51:36 - [TEST_STEP][PASSED] - Select STATUS "Failed due to system error": Select STATUS "Failed due to system error"

2021-01-21 17:51:36 - [MESSAGE][PASSED] - All options with value 'Failed due to system error' are selected in object ''  using regular expression

2021-01-21 17:51:36 - [MESSAGE][PASSED] - Select STATUS "Failed due to system error"

2021-01-21 17:51:36 - [TEST_STEP][PASSED] - Click button "Search": Click button "Search"

2021-01-21 17:51:36 - [MESSAGE][INFO] - >>>>>//Button[contains(text(),'Search')]

2021-01-21 17:51:39 - [MESSAGE][PASSED] - Object '' is present

2021-01-21 17:51:39 - [MESSAGE][PASSED] - Object: '' is clicked on

2021-01-21 17:51:39 - [MESSAGE][PASSED] - Switched to window with index: '0'

2021-01-21 17:51:39 - [MESSAGE][PASSED] - Click button "Search"

2021-01-21 17:51:39 - [TEST_STEP][PASSED] - Verify Search Result Presents: Verify Search Result Presents

2021-01-21 17:51:40 - [MESSAGE][PASSED] - Object '' is present

2021-01-21 17:51:41 - [MESSAGE][PASSED] - Verify Search Result Presents

2021-01-21 17:51:41 - [TEST_STEP][PASSED] - Click button "Logout": Click button "Logout"

2021-01-21 17:51:41 - [MESSAGE][INFO] - >>>>>//Button[contains(text(),'Logout')]

2021-01-21 17:51:44 - [MESSAGE][PASSED] - Object '' is present

2021-01-21 17:51:44 - [MESSAGE][PASSED] - Object: '' is clicked on

2021-01-21 17:51:44 - [MESSAGE][PASSED] - Switched to window with index: '0'

2021-01-21 17:51:44 - [MESSAGE][PASSED] - Click button "Logout"

2021-01-21 17:51:44 - [TEST_STEP][PASSED] - Close browser: Close browser

2021-01-21 17:51:44 - [MESSAGE][PASSED] - Browser is closed

2021-01-21 17:51:44 - [MESSAGE][PASSED] - Close browser

2021-01-21 17:51:44 - [TEST_CASE][PASSED] - Start Test Case : SCENARIO Search by STATUS Failed due to insufficient fund: SCENARIO Search by STATUS Failed due to insufficient fund

2021-01-21 17:51:44 - [TEST_STEP][PASSED] - Go to ISTools: Go to ISTools

2021-01-21 17:51:44 - [MESSAGE][INFO] - Starting 'Chrome (headless)' driver

2021-01-21 17:51:44 - [MESSAGE][INFO] - User set preference: ['args', '[--start-maximized, --disable-gpu, --no-proxy-server, –-no-sandbox, --allow-running-insecure-content, --ignore-certificate-errors, window-size=1680,814, force-device-scale-factor=2, --lang=en-GB]']

2021-01-21 17:51:44 - [MESSAGE][INFO] - User set preference: ['prefs', '{download.default_directory=/Users/chaidir.pratama01/Katalon Studio/IST_Automation_Git/Download}']

2021-01-21 17:51:44 - [MESSAGE][INFO] - Action delay is set to 0 milliseconds

2021-01-21 17:51:45 - [MESSAGE][PASSED] - Browser is opened with url: ''

2021-01-21 17:51:45 - [MESSAGE][PASSED] - Navigate to 'https://dev-istools.homecredit.id/foundation/' successfully

2021-01-21 17:51:45 - [MESSAGE][PASSED] - Go to ISTools

2021-01-21 17:51:45 - [TEST_STEP][PASSED] - Login IST with valid credentials: Login IST with valid credentials

2021-01-21 17:51:46 - [MESSAGE][PASSED] - Text 'mobile.test' is set on object 'Object Repository/Page_/input_Username_j_username'

2021-01-21 17:51:46 - [MESSAGE][PASSED] - Text ****** has been set on object 'Object Repository/Page_/input_Password_j_password'

2021-01-21 17:51:46 - [MESSAGE][PASSED] - Object: 'Object Repository/Page_/button_Login' is clicked on

2021-01-21 17:51:46 - [MESSAGE][PASSED] - Login IST with valid credentials

2021-01-21 17:51:46 - [TEST_STEP][PASSED] - Login Success: Login Success

2021-01-21 17:51:46 - [MESSAGE][INFO] - Login Success

2021-01-21 17:51:46 - [MESSAGE][PASSED] - Current window maximized

2021-01-21 17:51:46 - [MESSAGE][PASSED] - Object 'Object Repository/Page_/h1_Welcome to IT Supporting Tools' is present

2021-01-21 17:51:46 - [MESSAGE][PASSED] - Login Success

2021-01-21 17:51:46 - [TEST_STEP][PASSED] - Select Arrow Menu "Real Time Disbursement": Select Arrow Menu "Real Time Disbursement"

2021-01-21 17:51:46 - [MESSAGE][PASSED] - Object: '' is clicked on

2021-01-21 17:51:46 - [MESSAGE][PASSED] - Select Arrow Menu "Real Time Disbursement"

2021-01-21 17:51:46 - [TEST_STEP][PASSED] - Select Menu "Partner Disbursement": Select Menu "Partner Disbursement"

2021-01-21 17:51:47 - [MESSAGE][PASSED] - Taking screenshot successfully
[[ATTACHMENT|/Users/chaidir.pratama01/Documents/Docs/Katalon Studio/Screenshot/test-Partner Disbursement.png]]

2021-01-21 17:51:47 - [MESSAGE][PASSED] - Object '' is present

2021-01-21 17:51:47 - [MESSAGE][PASSED] - Object: '' is clicked on

2021-01-21 17:51:47 - [MESSAGE][PASSED] - Wait for page load successfully

2021-01-21 17:51:47 - [MESSAGE][PASSED] - Select Menu "Partner Disbursement"

2021-01-21 17:51:47 - [TEST_STEP][PASSED] - Select STATUS "Failed due to insufficient fund": Select STATUS "Failed due to insufficient fund"

2021-01-21 17:51:47 - [MESSAGE][PASSED] - All options with value 'Failed due to insufficient fund' are selected in object ''  using regular expression

2021-01-21 17:51:47 - [MESSAGE][PASSED] - Select STATUS "Failed due to insufficient fund"

2021-01-21 17:51:47 - [TEST_STEP][PASSED] - Click button "Search": Click button "Search"

2021-01-21 17:51:47 - [MESSAGE][INFO] - >>>>>//Button[contains(text(),'Search')]

2021-01-21 17:51:50 - [MESSAGE][PASSED] - Object '' is present

2021-01-21 17:51:50 - [MESSAGE][PASSED] - Object: '' is clicked on

2021-01-21 17:51:50 - [MESSAGE][PASSED] - Switched to window with index: '0'

2021-01-21 17:51:50 - [MESSAGE][PASSED] - Click button "Search"

2021-01-21 17:51:50 - [TEST_STEP][PASSED] - Verify Search Result Presents: Verify Search Result Presents

2021-01-21 17:51:54 - [MESSAGE][INFO] - Unable to find the element located by 'By.xpath: //td[@style='display:none' and contains(text(),'-Empty-')]'. Please recheck the objects properties to make sure the desired element is located. 

2021-01-21 17:51:55 - [MESSAGE][WARNING] - com.kms.katalon.core.webui.exception.WebElementNotFoundException: Web element with id: '' located by '//td[@style='display:none' and contains(text(),'-Empty-')]' not found (Root cause: com.kms.katalon.core.exception.StepFailedException: com.kms.katalon.core.webui.exception.WebElementNotFoundException: Web element with id: '' located by '//td[@style='display:none' and contains(text(),'-Empty-')]' not found
	at com.kms.katalon.core.webui.keyword.internal.WebUIKeywordMain.stepFailed(WebUIKeywordMain.groovy:64)
	at com.kms.katalon.core.webui.keyword.builtin.VerifyElementPresentKeyword$_verifyElementPresent_closure1.doCall(VerifyElementPresentKeyword.groovy:85)
	at com.kms.katalon.core.webui.keyword.builtin.VerifyElementPresentKeyword$_verifyElementPresent_closure1.call(VerifyElementPresentKeyword.groovy)
	at com.kms.katalon.core.webui.keyword.internal.WebUIKeywordMain.runKeyword(WebUIKeywordMain.groovy:20)
	at com.kms.katalon.core.webui.keyword.builtin.VerifyElementPresentKeyword.verifyElementPresent(VerifyElementPresentKeyword.groovy:92)
	at com.kms.katalon.core.webui.keyword.builtin.VerifyElementPresentKeyword.execute(VerifyElementPresentKeyword.groovy:68)
	at com.kms.katalon.core.keyword.internal.KeywordExecutor.executeKeywordForPlatform(KeywordExecutor.groovy:73)
	at com.kms.katalon.core.webui.keyword.WebUiBuiltInKeywords.verifyElementPresent(WebUiBuiltInKeywords.groovy:1444)
	at com.kms.katalon.core.webui.keyword.WebUiBuiltInKeywords$verifyElementPresent$11.call(Unknown Source)
	at ist_real.Contract_Dispatcher.VerifyTblFilled(Contract_Dispatcher.groovy:1313)
	at ist_real.Contract_Dispatcher$VerifyTblFilled$0.call(Unknown Source)
	at RTD.Search_Result_Presents(RTD.groovy:191)
	at cucumber.runtime.Utils$1.call(Utils.java:26)
	at cucumber.runtime.Timeout.timeout(Timeout.java:16)
	at cucumber.runtime.Utils.invoke(Utils.java:20)
	at cucumber.runtime.java.JavaStepDefinition.execute(JavaStepDefinition.java:48)
	at cucumber.runtime.PickleStepDefinitionMatch.runStep(PickleStepDefinitionMatch.java:50)
	at cucumber.runner.TestStep.executeStep(TestStep.java:55)
	at cucumber.runner.TestStep.run(TestStep.java:42)
	at cucumber.runner.PickleStepTestStep.run(PickleStepTestStep.java:53)
	at cucumber.runner.TestCase.run(TestCase.java:47)
	at cucumber.runner.Runner.runPickle(Runner.java:44)
	at cucumber.runtime.Runtime.runFeature(Runtime.java:120)
	at cucumber.runtime.Runtime.run(Runtime.java:106)
	at cucumber.api.cli.Main.run(Main.java:35)
	at cucumber.api.cli.Main$run.call(Unknown Source)
	at com.kms.katalon.core.cucumber.keyword.CucumberBuiltinKeywords$_runFeatureFile_closure1.doCall(CucumberBuiltinKeywords.groovy:76)
	at com.kms.katalon.core.cucumber.keyword.CucumberBuiltinKeywords$_runFeatureFile_closure1.doCall(CucumberBuiltinKeywords.groovy)
	at com.kms.katalon.core.keyword.internal.KeywordMain.runKeyword(KeywordMain.groovy:68)
	at com.kms.katalon.core.keyword.internal.KeywordMain$runKeyword.call(Unknown Source)
	at com.kms.katalon.core.cucumber.keyword.CucumberBuiltinKeywords.runFeatureFile(CucumberBuiltinKeywords.groovy:46)
	at com.kms.katalon.core.cucumber.keyword.CucumberBuiltinKeywords$runFeatureFile$0.callStatic(Unknown Source)
	at com.kms.katalon.core.cucumber.keyword.CucumberBuiltinKeywords.runFeatureFile(CucumberBuiltinKeywords.groovy:169)
	at com.kms.katalon.core.cucumber.keyword.CucumberBuiltinKeywords$runFeatureFile.call(Unknown Source)
	at TC_Search_by_STATUS.run(TC_Search_by_STATUS:18)
	at com.kms.katalon.core.main.ScriptEngine.run(ScriptEngine.java:194)
	at com.kms.katalon.core.main.ScriptEngine.runScriptAsRawText(ScriptEngine.java:119)
	at com.kms.katalon.core.main.TestCaseExecutor.runScript(TestCaseExecutor.java:339)
	at com.kms.katalon.core.main.TestCaseExecutor.doExecute(TestCaseExecutor.java:330)
	at com.kms.katalon.core.main.TestCaseExecutor.processExecutionPhase(TestCaseExecutor.java:309)
	at com.kms.katalon.core.main.TestCaseExecutor.accessMainPhase(TestCaseExecutor.java:301)
	at com.kms.katalon.core.main.TestCaseExecutor.execute(TestCaseExecutor.java:235)
	at com.kms.katalon.core.main.TestSuiteExecutor.accessTestCaseMainPhase(TestSuiteExecutor.java:191)
	at com.kms.katalon.core.main.TestSuiteExecutor.accessTestSuiteMainPhase(TestSuiteExecutor.java:141)
	at com.kms.katalon.core.main.TestSuiteExecutor.execute(TestSuiteExecutor.java:90)
	at com.kms.katalon.core.main.TestCaseMain.startTestSuite(TestCaseMain.java:157)
	at com.kms.katalon.core.main.TestCaseMain$startTestSuite$0.call(Unknown Source)
	at TempTestSuite1611224754744.run(TempTestSuite1611224754744.groovy:39)
)
[[ATTACHMENT|/Users/chaidir.pratama01/Katalon Studio/IST_Automation_Git/Reports/20210121_172548/RTD/TS_Partner_Disbursement/20210121_172554/1611226314825.png]]

2021-01-21 17:51:55 - [MESSAGE][PASSED] - Verify Search Result Presents

2021-01-21 17:51:55 - [TEST_STEP][PASSED] - Click button "Logout": Click button "Logout"

2021-01-21 17:51:55 - [MESSAGE][INFO] - >>>>>//Button[contains(text(),'Logout')]

2021-01-21 17:51:58 - [MESSAGE][PASSED] - Object '' is present

2021-01-21 17:51:58 - [MESSAGE][PASSED] - Object: '' is clicked on

2021-01-21 17:51:58 - [MESSAGE][PASSED] - Switched to window with index: '0'

2021-01-21 17:51:58 - [MESSAGE][PASSED] - Click button "Logout"

2021-01-21 17:51:58 - [TEST_STEP][PASSED] - Close browser: Close browser

2021-01-21 17:51:58 - [MESSAGE][PASSED] - Browser is closed

2021-01-21 17:51:58 - [MESSAGE][PASSED] - Close browser

2021-01-21 17:51:58 - [TEST_CASE][PASSED] - Start Test Case : SCENARIO Search by STATUS Failed due to not supported bank: SCENARIO Search by STATUS Failed due to not supported bank

2021-01-21 17:51:58 - [TEST_STEP][PASSED] - Go to ISTools: Go to ISTools

2021-01-21 17:51:58 - [MESSAGE][INFO] - Starting 'Chrome (headless)' driver

2021-01-21 17:51:58 - [MESSAGE][INFO] - User set preference: ['args', '[--start-maximized, --disable-gpu, --no-proxy-server, –-no-sandbox, --allow-running-insecure-content, --ignore-certificate-errors, window-size=1680,814, force-device-scale-factor=2, --lang=en-GB]']

2021-01-21 17:51:58 - [MESSAGE][INFO] - User set preference: ['prefs', '{download.default_directory=/Users/chaidir.pratama01/Katalon Studio/IST_Automation_Git/Download}']

2021-01-21 17:51:58 - [MESSAGE][INFO] - Action delay is set to 0 milliseconds

2021-01-21 17:51:59 - [MESSAGE][PASSED] - Browser is opened with url: ''

2021-01-21 17:51:59 - [MESSAGE][PASSED] - Navigate to 'https://dev-istools.homecredit.id/foundation/' successfully

2021-01-21 17:51:59 - [MESSAGE][PASSED] - Go to ISTools

2021-01-21 17:51:59 - [TEST_STEP][PASSED] - Login IST with valid credentials: Login IST with valid credentials

2021-01-21 17:52:00 - [MESSAGE][PASSED] - Text 'mobile.test' is set on object 'Object Repository/Page_/input_Username_j_username'

2021-01-21 17:52:00 - [MESSAGE][PASSED] - Text ****** has been set on object 'Object Repository/Page_/input_Password_j_password'

2021-01-21 17:52:00 - [MESSAGE][PASSED] - Object: 'Object Repository/Page_/button_Login' is clicked on

2021-01-21 17:52:00 - [MESSAGE][PASSED] - Login IST with valid credentials

2021-01-21 17:52:00 - [TEST_STEP][PASSED] - Login Success: Login Success

2021-01-21 17:52:00 - [MESSAGE][INFO] - Login Success

2021-01-21 17:52:00 - [MESSAGE][PASSED] - Current window maximized

2021-01-21 17:52:00 - [MESSAGE][PASSED] - Object 'Object Repository/Page_/h1_Welcome to IT Supporting Tools' is present

2021-01-21 17:52:00 - [MESSAGE][PASSED] - Login Success

2021-01-21 17:52:00 - [TEST_STEP][PASSED] - Select Arrow Menu "Real Time Disbursement": Select Arrow Menu "Real Time Disbursement"

2021-01-21 17:52:00 - [MESSAGE][PASSED] - Object: '' is clicked on

2021-01-21 17:52:00 - [MESSAGE][PASSED] - Select Arrow Menu "Real Time Disbursement"

2021-01-21 17:52:00 - [TEST_STEP][PASSED] - Select Menu "Partner Disbursement": Select Menu "Partner Disbursement"

2021-01-21 17:52:01 - [MESSAGE][PASSED] - Taking screenshot successfully
[[ATTACHMENT|/Users/chaidir.pratama01/Documents/Docs/Katalon Studio/Screenshot/test-Partner Disbursement.png]]

2021-01-21 17:52:01 - [MESSAGE][PASSED] - Object '' is present

2021-01-21 17:52:01 - [MESSAGE][PASSED] - Object: '' is clicked on

2021-01-21 17:52:01 - [MESSAGE][PASSED] - Wait for page load successfully

2021-01-21 17:52:01 - [MESSAGE][PASSED] - Select Menu "Partner Disbursement"

2021-01-21 17:52:01 - [TEST_STEP][PASSED] - Select STATUS "Failed due to not supported bank": Select STATUS "Failed due to not supported bank"

2021-01-21 17:52:01 - [MESSAGE][PASSED] - All options with value 'Failed due to not supported bank' are selected in object ''  using regular expression

2021-01-21 17:52:01 - [MESSAGE][PASSED] - Select STATUS "Failed due to not supported bank"

2021-01-21 17:52:01 - [TEST_STEP][PASSED] - Click button "Search": Click button "Search"

2021-01-21 17:52:01 - [MESSAGE][INFO] - >>>>>//Button[contains(text(),'Search')]

2021-01-21 17:52:04 - [MESSAGE][PASSED] - Object '' is present

2021-01-21 17:52:04 - [MESSAGE][PASSED] - Object: '' is clicked on

2021-01-21 17:52:04 - [MESSAGE][PASSED] - Switched to window with index: '0'

2021-01-21 17:52:04 - [MESSAGE][PASSED] - Click button "Search"

2021-01-21 17:52:04 - [TEST_STEP][PASSED] - Verify Search Result Presents: Verify Search Result Presents

2021-01-21 17:52:08 - [MESSAGE][INFO] - Unable to find the element located by 'By.xpath: //td[@style='display:none' and contains(text(),'-Empty-')]'. Please recheck the objects properties to make sure the desired element is located. 

2021-01-21 17:52:09 - [MESSAGE][WARNING] - com.kms.katalon.core.webui.exception.WebElementNotFoundException: Web element with id: '' located by '//td[@style='display:none' and contains(text(),'-Empty-')]' not found (Root cause: com.kms.katalon.core.exception.StepFailedException: com.kms.katalon.core.webui.exception.WebElementNotFoundException: Web element with id: '' located by '//td[@style='display:none' and contains(text(),'-Empty-')]' not found
	at com.kms.katalon.core.webui.keyword.internal.WebUIKeywordMain.stepFailed(WebUIKeywordMain.groovy:64)
	at com.kms.katalon.core.webui.keyword.builtin.VerifyElementPresentKeyword$_verifyElementPresent_closure1.doCall(VerifyElementPresentKeyword.groovy:85)
	at com.kms.katalon.core.webui.keyword.builtin.VerifyElementPresentKeyword$_verifyElementPresent_closure1.call(VerifyElementPresentKeyword.groovy)
	at com.kms.katalon.core.webui.keyword.internal.WebUIKeywordMain.runKeyword(WebUIKeywordMain.groovy:20)
	at com.kms.katalon.core.webui.keyword.builtin.VerifyElementPresentKeyword.verifyElementPresent(VerifyElementPresentKeyword.groovy:92)
	at com.kms.katalon.core.webui.keyword.builtin.VerifyElementPresentKeyword.execute(VerifyElementPresentKeyword.groovy:68)
	at com.kms.katalon.core.keyword.internal.KeywordExecutor.executeKeywordForPlatform(KeywordExecutor.groovy:73)
	at com.kms.katalon.core.webui.keyword.WebUiBuiltInKeywords.verifyElementPresent(WebUiBuiltInKeywords.groovy:1444)
	at com.kms.katalon.core.webui.keyword.WebUiBuiltInKeywords$verifyElementPresent$11.call(Unknown Source)
	at ist_real.Contract_Dispatcher.VerifyTblFilled(Contract_Dispatcher.groovy:1313)
	at ist_real.Contract_Dispatcher$VerifyTblFilled$0.call(Unknown Source)
	at RTD.Search_Result_Presents(RTD.groovy:191)
	at cucumber.runtime.Utils$1.call(Utils.java:26)
	at cucumber.runtime.Timeout.timeout(Timeout.java:16)
	at cucumber.runtime.Utils.invoke(Utils.java:20)
	at cucumber.runtime.java.JavaStepDefinition.execute(JavaStepDefinition.java:48)
	at cucumber.runtime.PickleStepDefinitionMatch.runStep(PickleStepDefinitionMatch.java:50)
	at cucumber.runner.TestStep.executeStep(TestStep.java:55)
	at cucumber.runner.TestStep.run(TestStep.java:42)
	at cucumber.runner.PickleStepTestStep.run(PickleStepTestStep.java:53)
	at cucumber.runner.TestCase.run(TestCase.java:47)
	at cucumber.runner.Runner.runPickle(Runner.java:44)
	at cucumber.runtime.Runtime.runFeature(Runtime.java:120)
	at cucumber.runtime.Runtime.run(Runtime.java:106)
	at cucumber.api.cli.Main.run(Main.java:35)
	at cucumber.api.cli.Main$run.call(Unknown Source)
	at com.kms.katalon.core.cucumber.keyword.CucumberBuiltinKeywords$_runFeatureFile_closure1.doCall(CucumberBuiltinKeywords.groovy:76)
	at com.kms.katalon.core.cucumber.keyword.CucumberBuiltinKeywords$_runFeatureFile_closure1.doCall(CucumberBuiltinKeywords.groovy)
	at com.kms.katalon.core.keyword.internal.KeywordMain.runKeyword(KeywordMain.groovy:68)
	at com.kms.katalon.core.keyword.internal.KeywordMain$runKeyword.call(Unknown Source)
	at com.kms.katalon.core.cucumber.keyword.CucumberBuiltinKeywords.runFeatureFile(CucumberBuiltinKeywords.groovy:46)
	at com.kms.katalon.core.cucumber.keyword.CucumberBuiltinKeywords$runFeatureFile$0.callStatic(Unknown Source)
	at com.kms.katalon.core.cucumber.keyword.CucumberBuiltinKeywords.runFeatureFile(CucumberBuiltinKeywords.groovy:169)
	at com.kms.katalon.core.cucumber.keyword.CucumberBuiltinKeywords$runFeatureFile.call(Unknown Source)
	at TC_Search_by_STATUS.run(TC_Search_by_STATUS:18)
	at com.kms.katalon.core.main.ScriptEngine.run(ScriptEngine.java:194)
	at com.kms.katalon.core.main.ScriptEngine.runScriptAsRawText(ScriptEngine.java:119)
	at com.kms.katalon.core.main.TestCaseExecutor.runScript(TestCaseExecutor.java:339)
	at com.kms.katalon.core.main.TestCaseExecutor.doExecute(TestCaseExecutor.java:330)
	at com.kms.katalon.core.main.TestCaseExecutor.processExecutionPhase(TestCaseExecutor.java:309)
	at com.kms.katalon.core.main.TestCaseExecutor.accessMainPhase(TestCaseExecutor.java:301)
	at com.kms.katalon.core.main.TestCaseExecutor.execute(TestCaseExecutor.java:235)
	at com.kms.katalon.core.main.TestSuiteExecutor.accessTestCaseMainPhase(TestSuiteExecutor.java:191)
	at com.kms.katalon.core.main.TestSuiteExecutor.accessTestSuiteMainPhase(TestSuiteExecutor.java:141)
	at com.kms.katalon.core.main.TestSuiteExecutor.execute(TestSuiteExecutor.java:90)
	at com.kms.katalon.core.main.TestCaseMain.startTestSuite(TestCaseMain.java:157)
	at com.kms.katalon.core.main.TestCaseMain$startTestSuite$0.call(Unknown Source)
	at TempTestSuite1611224754744.run(TempTestSuite1611224754744.groovy:39)
)
[[ATTACHMENT|/Users/chaidir.pratama01/Katalon Studio/IST_Automation_Git/Reports/20210121_172548/RTD/TS_Partner_Disbursement/20210121_172554/1611226328782.png]]

2021-01-21 17:52:09 - [MESSAGE][PASSED] - Verify Search Result Presents

2021-01-21 17:52:09 - [TEST_STEP][PASSED] - Click button "Logout": Click button "Logout"

2021-01-21 17:52:09 - [MESSAGE][INFO] - >>>>>//Button[contains(text(),'Logout')]

2021-01-21 17:52:12 - [MESSAGE][PASSED] - Object '' is present

2021-01-21 17:52:12 - [MESSAGE][PASSED] - Object: '' is clicked on

2021-01-21 17:52:12 - [MESSAGE][PASSED] - Switched to window with index: '0'

2021-01-21 17:52:12 - [MESSAGE][PASSED] - Click button "Logout"

2021-01-21 17:52:12 - [TEST_STEP][PASSED] - Close browser: Close browser

2021-01-21 17:52:12 - [MESSAGE][PASSED] - Browser is closed

2021-01-21 17:52:12 - [MESSAGE][PASSED] - Close browser

2021-01-21 17:52:12 - [TEST_CASE][PASSED] - Start Test Case : SCENARIO Search by STATUS Manual Disbursement: SCENARIO Search by STATUS Manual Disbursement

2021-01-21 17:52:12 - [TEST_STEP][PASSED] - Go to ISTools: Go to ISTools

2021-01-21 17:52:12 - [MESSAGE][INFO] - Starting 'Chrome (headless)' driver

2021-01-21 17:52:12 - [MESSAGE][INFO] - User set preference: ['args', '[--start-maximized, --disable-gpu, --no-proxy-server, –-no-sandbox, --allow-running-insecure-content, --ignore-certificate-errors, window-size=1680,814, force-device-scale-factor=2, --lang=en-GB]']

2021-01-21 17:52:12 - [MESSAGE][INFO] - User set preference: ['prefs', '{download.default_directory=/Users/chaidir.pratama01/Katalon Studio/IST_Automation_Git/Download}']

2021-01-21 17:52:12 - [MESSAGE][INFO] - Action delay is set to 0 milliseconds

2021-01-21 17:52:13 - [MESSAGE][PASSED] - Browser is opened with url: ''

2021-01-21 17:52:13 - [MESSAGE][PASSED] - Navigate to 'https://dev-istools.homecredit.id/foundation/' successfully

2021-01-21 17:52:13 - [MESSAGE][PASSED] - Go to ISTools

2021-01-21 17:52:13 - [TEST_STEP][PASSED] - Login IST with valid credentials: Login IST with valid credentials

2021-01-21 17:52:14 - [MESSAGE][PASSED] - Text 'mobile.test' is set on object 'Object Repository/Page_/input_Username_j_username'

2021-01-21 17:52:14 - [MESSAGE][PASSED] - Text ****** has been set on object 'Object Repository/Page_/input_Password_j_password'

2021-01-21 17:52:14 - [MESSAGE][PASSED] - Object: 'Object Repository/Page_/button_Login' is clicked on

2021-01-21 17:52:14 - [MESSAGE][PASSED] - Login IST with valid credentials

2021-01-21 17:52:14 - [TEST_STEP][PASSED] - Login Success: Login Success

2021-01-21 17:52:14 - [MESSAGE][INFO] - Login Success

2021-01-21 17:52:14 - [MESSAGE][PASSED] - Current window maximized

2021-01-21 17:52:14 - [MESSAGE][PASSED] - Object 'Object Repository/Page_/h1_Welcome to IT Supporting Tools' is present

2021-01-21 17:52:14 - [MESSAGE][PASSED] - Login Success

2021-01-21 17:52:14 - [TEST_STEP][PASSED] - Select Arrow Menu "Real Time Disbursement": Select Arrow Menu "Real Time Disbursement"

2021-01-21 17:52:14 - [MESSAGE][PASSED] - Object: '' is clicked on

2021-01-21 17:52:14 - [MESSAGE][PASSED] - Select Arrow Menu "Real Time Disbursement"

2021-01-21 17:52:14 - [TEST_STEP][PASSED] - Select Menu "Partner Disbursement": Select Menu "Partner Disbursement"

2021-01-21 17:52:15 - [MESSAGE][PASSED] - Taking screenshot successfully
[[ATTACHMENT|/Users/chaidir.pratama01/Documents/Docs/Katalon Studio/Screenshot/test-Partner Disbursement.png]]

2021-01-21 17:52:15 - [MESSAGE][PASSED] - Object '' is present

2021-01-21 17:52:15 - [MESSAGE][PASSED] - Object: '' is clicked on

2021-01-21 17:52:15 - [MESSAGE][PASSED] - Wait for page load successfully

2021-01-21 17:52:15 - [MESSAGE][PASSED] - Select Menu "Partner Disbursement"

2021-01-21 17:52:15 - [TEST_STEP][PASSED] - Select STATUS "Manual Disbursement": Select STATUS "Manual Disbursement"

2021-01-21 17:52:15 - [MESSAGE][PASSED] - All options with value 'Manual Disbursement' are selected in object ''  using regular expression

2021-01-21 17:52:15 - [MESSAGE][PASSED] - Select STATUS "Manual Disbursement"

2021-01-21 17:52:15 - [TEST_STEP][PASSED] - Click button "Search": Click button "Search"

2021-01-21 17:52:15 - [MESSAGE][INFO] - >>>>>//Button[contains(text(),'Search')]

2021-01-21 17:52:18 - [MESSAGE][PASSED] - Object '' is present

2021-01-21 17:52:18 - [MESSAGE][PASSED] - Object: '' is clicked on

2021-01-21 17:52:18 - [MESSAGE][PASSED] - Switched to window with index: '0'

2021-01-21 17:52:18 - [MESSAGE][PASSED] - Click button "Search"

2021-01-21 17:52:18 - [TEST_STEP][PASSED] - Verify Search Result Presents: Verify Search Result Presents

2021-01-21 17:52:19 - [MESSAGE][PASSED] - Object '' is present

2021-01-21 17:52:29 - [MESSAGE][PASSED] - Verify Search Result Presents

2021-01-21 17:52:29 - [TEST_STEP][PASSED] - Click button "Logout": Click button "Logout"

2021-01-21 17:52:29 - [MESSAGE][INFO] - >>>>>//Button[contains(text(),'Logout')]

2021-01-21 17:52:32 - [MESSAGE][PASSED] - Object '' is present

2021-01-21 17:52:32 - [MESSAGE][PASSED] - Object: '' is clicked on

2021-01-21 17:52:32 - [MESSAGE][PASSED] - Switched to window with index: '0'

2021-01-21 17:52:32 - [MESSAGE][PASSED] - Click button "Logout"

2021-01-21 17:52:32 - [TEST_STEP][PASSED] - Close browser: Close browser

2021-01-21 17:52:32 - [MESSAGE][PASSED] - Browser is closed

2021-01-21 17:52:32 - [MESSAGE][PASSED] - Close browser

2021-01-21 17:52:32 - [TEST_CASE][PASSED] - Start Test Case : SCENARIO Search by STATUS DONE: SCENARIO Search by STATUS DONE

2021-01-21 17:52:32 - [TEST_STEP][PASSED] - Go to ISTools: Go to ISTools

2021-01-21 17:52:32 - [MESSAGE][INFO] - Starting 'Chrome (headless)' driver

2021-01-21 17:52:32 - [MESSAGE][INFO] - User set preference: ['args', '[--start-maximized, --disable-gpu, --no-proxy-server, –-no-sandbox, --allow-running-insecure-content, --ignore-certificate-errors, window-size=1680,814, force-device-scale-factor=2, --lang=en-GB]']

2021-01-21 17:52:32 - [MESSAGE][INFO] - User set preference: ['prefs', '{download.default_directory=/Users/chaidir.pratama01/Katalon Studio/IST_Automation_Git/Download}']

2021-01-21 17:52:32 - [MESSAGE][INFO] - Action delay is set to 0 milliseconds

2021-01-21 17:52:32 - [MESSAGE][PASSED] - Browser is opened with url: ''

2021-01-21 17:52:33 - [MESSAGE][PASSED] - Navigate to 'https://dev-istools.homecredit.id/foundation/' successfully

2021-01-21 17:52:33 - [MESSAGE][PASSED] - Go to ISTools

2021-01-21 17:52:33 - [TEST_STEP][PASSED] - Login IST with valid credentials: Login IST with valid credentials

2021-01-21 17:52:33 - [MESSAGE][PASSED] - Text 'mobile.test' is set on object 'Object Repository/Page_/input_Username_j_username'

2021-01-21 17:52:33 - [MESSAGE][PASSED] - Text ****** has been set on object 'Object Repository/Page_/input_Password_j_password'

2021-01-21 17:52:34 - [MESSAGE][PASSED] - Object: 'Object Repository/Page_/button_Login' is clicked on

2021-01-21 17:52:34 - [MESSAGE][PASSED] - Login IST with valid credentials

2021-01-21 17:52:34 - [TEST_STEP][PASSED] - Login Success: Login Success

2021-01-21 17:52:34 - [MESSAGE][INFO] - Login Success

2021-01-21 17:52:34 - [MESSAGE][PASSED] - Current window maximized

2021-01-21 17:52:34 - [MESSAGE][PASSED] - Object 'Object Repository/Page_/h1_Welcome to IT Supporting Tools' is present

2021-01-21 17:52:34 - [MESSAGE][PASSED] - Login Success

2021-01-21 17:52:34 - [TEST_STEP][PASSED] - Select Arrow Menu "Real Time Disbursement": Select Arrow Menu "Real Time Disbursement"

2021-01-21 17:52:34 - [MESSAGE][PASSED] - Object: '' is clicked on

2021-01-21 17:52:34 - [MESSAGE][PASSED] - Select Arrow Menu "Real Time Disbursement"

2021-01-21 17:52:34 - [TEST_STEP][PASSED] - Select Menu "Partner Disbursement": Select Menu "Partner Disbursement"

2021-01-21 17:52:34 - [MESSAGE][PASSED] - Taking screenshot successfully
[[ATTACHMENT|/Users/chaidir.pratama01/Documents/Docs/Katalon Studio/Screenshot/test-Partner Disbursement.png]]

2021-01-21 17:52:34 - [MESSAGE][PASSED] - Object '' is present

2021-01-21 17:52:34 - [MESSAGE][PASSED] - Object: '' is clicked on

2021-01-21 17:52:34 - [MESSAGE][PASSED] - Wait for page load successfully

2021-01-21 17:52:34 - [MESSAGE][PASSED] - Select Menu "Partner Disbursement"

2021-01-21 17:52:34 - [TEST_STEP][PASSED] - Select STATUS "DONE": Select STATUS "DONE"

2021-01-21 17:52:35 - [MESSAGE][PASSED] - All options with value 'DONE' are selected in object ''  using regular expression

2021-01-21 17:52:35 - [MESSAGE][PASSED] - Select STATUS "DONE"

2021-01-21 17:52:35 - [TEST_STEP][PASSED] - Click button "Search": Click button "Search"

2021-01-21 17:52:35 - [MESSAGE][INFO] - >>>>>//Button[contains(text(),'Search')]

2021-01-21 17:52:38 - [MESSAGE][PASSED] - Object '' is present

2021-01-21 17:52:38 - [MESSAGE][PASSED] - Object: '' is clicked on

2021-01-21 17:52:38 - [MESSAGE][PASSED] - Switched to window with index: '0'

2021-01-21 17:52:38 - [MESSAGE][PASSED] - Click button "Search"

2021-01-21 17:52:38 - [TEST_STEP][PASSED] - Verify Search Result Presents: Verify Search Result Presents

2021-01-21 17:52:38 - [MESSAGE][PASSED] - Object '' is present

2021-01-21 17:52:46 - [MESSAGE][PASSED] - Verify Search Result Presents

2021-01-21 17:52:46 - [TEST_STEP][PASSED] - Click button "Logout": Click button "Logout"

2021-01-21 17:52:46 - [MESSAGE][INFO] - >>>>>//Button[contains(text(),'Logout')]

2021-01-21 17:52:49 - [MESSAGE][PASSED] - Object '' is present

2021-01-21 17:52:49 - [MESSAGE][PASSED] - Object: '' is clicked on

2021-01-21 17:52:49 - [MESSAGE][PASSED] - Switched to window with index: '0'

2021-01-21 17:52:49 - [MESSAGE][PASSED] - Click button "Logout"

2021-01-21 17:52:49 - [TEST_STEP][PASSED] - Close browser: Close browser

2021-01-21 17:52:49 - [MESSAGE][PASSED] - Browser is closed

2021-01-21 17:52:49 - [MESSAGE][PASSED] - Close browser

2021-01-21 17:52:49 - [TEST_CASE][PASSED] - Start Test Case : SCENARIO Search by STATUS Waiting Partner Confirmation: SCENARIO Search by STATUS Waiting Partner Confirmation

2021-01-21 17:52:49 - [TEST_STEP][PASSED] - Go to ISTools: Go to ISTools

2021-01-21 17:52:49 - [MESSAGE][INFO] - Starting 'Chrome (headless)' driver

2021-01-21 17:52:49 - [MESSAGE][INFO] - User set preference: ['args', '[--start-maximized, --disable-gpu, --no-proxy-server, –-no-sandbox, --allow-running-insecure-content, --ignore-certificate-errors, window-size=1680,814, force-device-scale-factor=2, --lang=en-GB]']

2021-01-21 17:52:49 - [MESSAGE][INFO] - User set preference: ['prefs', '{download.default_directory=/Users/chaidir.pratama01/Katalon Studio/IST_Automation_Git/Download}']

2021-01-21 17:52:49 - [MESSAGE][INFO] - Action delay is set to 0 milliseconds

2021-01-21 17:52:49 - [MESSAGE][PASSED] - Browser is opened with url: ''

2021-01-21 17:52:50 - [MESSAGE][PASSED] - Navigate to 'https://dev-istools.homecredit.id/foundation/' successfully

2021-01-21 17:52:50 - [MESSAGE][PASSED] - Go to ISTools

2021-01-21 17:52:50 - [TEST_STEP][PASSED] - Login IST with valid credentials: Login IST with valid credentials

2021-01-21 17:52:50 - [MESSAGE][PASSED] - Text 'mobile.test' is set on object 'Object Repository/Page_/input_Username_j_username'

2021-01-21 17:52:50 - [MESSAGE][PASSED] - Text ****** has been set on object 'Object Repository/Page_/input_Password_j_password'

2021-01-21 17:52:51 - [MESSAGE][PASSED] - Object: 'Object Repository/Page_/button_Login' is clicked on

2021-01-21 17:52:51 - [MESSAGE][PASSED] - Login IST with valid credentials

2021-01-21 17:52:51 - [TEST_STEP][PASSED] - Login Success: Login Success

2021-01-21 17:52:51 - [MESSAGE][INFO] - Login Success

2021-01-21 17:52:51 - [MESSAGE][PASSED] - Current window maximized

2021-01-21 17:52:51 - [MESSAGE][PASSED] - Object 'Object Repository/Page_/h1_Welcome to IT Supporting Tools' is present

2021-01-21 17:52:51 - [MESSAGE][PASSED] - Login Success

2021-01-21 17:52:51 - [TEST_STEP][PASSED] - Select Arrow Menu "Real Time Disbursement": Select Arrow Menu "Real Time Disbursement"

2021-01-21 17:52:51 - [MESSAGE][PASSED] - Object: '' is clicked on

2021-01-21 17:52:51 - [MESSAGE][PASSED] - Select Arrow Menu "Real Time Disbursement"

2021-01-21 17:52:51 - [TEST_STEP][PASSED] - Select Menu "Partner Disbursement": Select Menu "Partner Disbursement"

2021-01-21 17:52:52 - [MESSAGE][PASSED] - Taking screenshot successfully
[[ATTACHMENT|/Users/chaidir.pratama01/Documents/Docs/Katalon Studio/Screenshot/test-Partner Disbursement.png]]

2021-01-21 17:52:52 - [MESSAGE][PASSED] - Object '' is present

2021-01-21 17:52:52 - [MESSAGE][PASSED] - Object: '' is clicked on

2021-01-21 17:52:52 - [MESSAGE][PASSED] - Wait for page load successfully

2021-01-21 17:52:52 - [MESSAGE][PASSED] - Select Menu "Partner Disbursement"

2021-01-21 17:52:52 - [TEST_STEP][PASSED] - Select STATUS "Waiting Partner Confirmation": Select STATUS "Waiting Partner Confirmation"

2021-01-21 17:52:52 - [MESSAGE][PASSED] - All options with value 'Waiting Partner Confirmation' are selected in object ''  using regular expression

2021-01-21 17:52:52 - [MESSAGE][PASSED] - Select STATUS "Waiting Partner Confirmation"

2021-01-21 17:52:52 - [TEST_STEP][PASSED] - Click button "Search": Click button "Search"

2021-01-21 17:52:52 - [MESSAGE][INFO] - >>>>>//Button[contains(text(),'Search')]

2021-01-21 17:52:55 - [MESSAGE][PASSED] - Object '' is present

2021-01-21 17:52:55 - [MESSAGE][PASSED] - Object: '' is clicked on

2021-01-21 17:52:55 - [MESSAGE][PASSED] - Switched to window with index: '0'

2021-01-21 17:52:55 - [MESSAGE][PASSED] - Click button "Search"

2021-01-21 17:52:55 - [TEST_STEP][PASSED] - Verify Search Result Presents: Verify Search Result Presents

2021-01-21 17:52:59 - [MESSAGE][INFO] - Unable to find the element located by 'By.xpath: //td[@style='display:none' and contains(text(),'-Empty-')]'. Please recheck the objects properties to make sure the desired element is located. 

2021-01-21 17:53:00 - [MESSAGE][WARNING] - com.kms.katalon.core.webui.exception.WebElementNotFoundException: Web element with id: '' located by '//td[@style='display:none' and contains(text(),'-Empty-')]' not found (Root cause: com.kms.katalon.core.exception.StepFailedException: com.kms.katalon.core.webui.exception.WebElementNotFoundException: Web element with id: '' located by '//td[@style='display:none' and contains(text(),'-Empty-')]' not found
	at com.kms.katalon.core.webui.keyword.internal.WebUIKeywordMain.stepFailed(WebUIKeywordMain.groovy:64)
	at com.kms.katalon.core.webui.keyword.builtin.VerifyElementPresentKeyword$_verifyElementPresent_closure1.doCall(VerifyElementPresentKeyword.groovy:85)
	at com.kms.katalon.core.webui.keyword.builtin.VerifyElementPresentKeyword$_verifyElementPresent_closure1.call(VerifyElementPresentKeyword.groovy)
	at com.kms.katalon.core.webui.keyword.internal.WebUIKeywordMain.runKeyword(WebUIKeywordMain.groovy:20)
	at com.kms.katalon.core.webui.keyword.builtin.VerifyElementPresentKeyword.verifyElementPresent(VerifyElementPresentKeyword.groovy:92)
	at com.kms.katalon.core.webui.keyword.builtin.VerifyElementPresentKeyword.execute(VerifyElementPresentKeyword.groovy:68)
	at com.kms.katalon.core.keyword.internal.KeywordExecutor.executeKeywordForPlatform(KeywordExecutor.groovy:73)
	at com.kms.katalon.core.webui.keyword.WebUiBuiltInKeywords.verifyElementPresent(WebUiBuiltInKeywords.groovy:1444)
	at com.kms.katalon.core.webui.keyword.WebUiBuiltInKeywords$verifyElementPresent$11.call(Unknown Source)
	at ist_real.Contract_Dispatcher.VerifyTblFilled(Contract_Dispatcher.groovy:1313)
	at ist_real.Contract_Dispatcher$VerifyTblFilled$0.call(Unknown Source)
	at RTD.Search_Result_Presents(RTD.groovy:191)
	at cucumber.runtime.Utils$1.call(Utils.java:26)
	at cucumber.runtime.Timeout.timeout(Timeout.java:16)
	at cucumber.runtime.Utils.invoke(Utils.java:20)
	at cucumber.runtime.java.JavaStepDefinition.execute(JavaStepDefinition.java:48)
	at cucumber.runtime.PickleStepDefinitionMatch.runStep(PickleStepDefinitionMatch.java:50)
	at cucumber.runner.TestStep.executeStep(TestStep.java:55)
	at cucumber.runner.TestStep.run(TestStep.java:42)
	at cucumber.runner.PickleStepTestStep.run(PickleStepTestStep.java:53)
	at cucumber.runner.TestCase.run(TestCase.java:47)
	at cucumber.runner.Runner.runPickle(Runner.java:44)
	at cucumber.runtime.Runtime.runFeature(Runtime.java:120)
	at cucumber.runtime.Runtime.run(Runtime.java:106)
	at cucumber.api.cli.Main.run(Main.java:35)
	at cucumber.api.cli.Main$run.call(Unknown Source)
	at com.kms.katalon.core.cucumber.keyword.CucumberBuiltinKeywords$_runFeatureFile_closure1.doCall(CucumberBuiltinKeywords.groovy:76)
	at com.kms.katalon.core.cucumber.keyword.CucumberBuiltinKeywords$_runFeatureFile_closure1.doCall(CucumberBuiltinKeywords.groovy)
	at com.kms.katalon.core.keyword.internal.KeywordMain.runKeyword(KeywordMain.groovy:68)
	at com.kms.katalon.core.keyword.internal.KeywordMain$runKeyword.call(Unknown Source)
	at com.kms.katalon.core.cucumber.keyword.CucumberBuiltinKeywords.runFeatureFile(CucumberBuiltinKeywords.groovy:46)
	at com.kms.katalon.core.cucumber.keyword.CucumberBuiltinKeywords$runFeatureFile$0.callStatic(Unknown Source)
	at com.kms.katalon.core.cucumber.keyword.CucumberBuiltinKeywords.runFeatureFile(CucumberBuiltinKeywords.groovy:169)
	at com.kms.katalon.core.cucumber.keyword.CucumberBuiltinKeywords$runFeatureFile.call(Unknown Source)
	at TC_Search_by_STATUS.run(TC_Search_by_STATUS:18)
	at com.kms.katalon.core.main.ScriptEngine.run(ScriptEngine.java:194)
	at com.kms.katalon.core.main.ScriptEngine.runScriptAsRawText(ScriptEngine.java:119)
	at com.kms.katalon.core.main.TestCaseExecutor.runScript(TestCaseExecutor.java:339)
	at com.kms.katalon.core.main.TestCaseExecutor.doExecute(TestCaseExecutor.java:330)
	at com.kms.katalon.core.main.TestCaseExecutor.processExecutionPhase(TestCaseExecutor.java:309)
	at com.kms.katalon.core.main.TestCaseExecutor.accessMainPhase(TestCaseExecutor.java:301)
	at com.kms.katalon.core.main.TestCaseExecutor.execute(TestCaseExecutor.java:235)
	at com.kms.katalon.core.main.TestSuiteExecutor.accessTestCaseMainPhase(TestSuiteExecutor.java:191)
	at com.kms.katalon.core.main.TestSuiteExecutor.accessTestSuiteMainPhase(TestSuiteExecutor.java:141)
	at com.kms.katalon.core.main.TestSuiteExecutor.execute(TestSuiteExecutor.java:90)
	at com.kms.katalon.core.main.TestCaseMain.startTestSuite(TestCaseMain.java:157)
	at com.kms.katalon.core.main.TestCaseMain$startTestSuite$0.call(Unknown Source)
	at TempTestSuite1611224754744.run(TempTestSuite1611224754744.groovy:39)
)
[[ATTACHMENT|/Users/chaidir.pratama01/Katalon Studio/IST_Automation_Git/Reports/20210121_172548/RTD/TS_Partner_Disbursement/20210121_172554/1611226379580.png]]

2021-01-21 17:53:00 - [MESSAGE][PASSED] - Verify Search Result Presents

2021-01-21 17:53:00 - [TEST_STEP][PASSED] - Click button "Logout": Click button "Logout"

2021-01-21 17:53:00 - [MESSAGE][INFO] - >>>>>//Button[contains(text(),'Logout')]

2021-01-21 17:53:03 - [MESSAGE][PASSED] - Object '' is present

2021-01-21 17:53:03 - [MESSAGE][PASSED] - Object: '' is clicked on

2021-01-21 17:53:03 - [MESSAGE][PASSED] - Switched to window with index: '0'

2021-01-21 17:53:03 - [MESSAGE][PASSED] - Click button "Logout"

2021-01-21 17:53:03 - [TEST_STEP][PASSED] - Close browser: Close browser

2021-01-21 17:53:03 - [MESSAGE][PASSED] - Browser is closed

2021-01-21 17:53:03 - [MESSAGE][PASSED] - Close browser

2021-01-21 17:53:03 - [TEST_CASE][PASSED] - Start Test Case : SCENARIO Search by STATUS Success to Disburse: SCENARIO Search by STATUS Success to Disburse

2021-01-21 17:53:03 - [TEST_STEP][PASSED] - Go to ISTools: Go to ISTools

2021-01-21 17:53:03 - [MESSAGE][INFO] - Starting 'Chrome (headless)' driver

2021-01-21 17:53:03 - [MESSAGE][INFO] - User set preference: ['args', '[--start-maximized, --disable-gpu, --no-proxy-server, –-no-sandbox, --allow-running-insecure-content, --ignore-certificate-errors, window-size=1680,814, force-device-scale-factor=2, --lang=en-GB]']

2021-01-21 17:53:03 - [MESSAGE][INFO] - User set preference: ['prefs', '{download.default_directory=/Users/chaidir.pratama01/Katalon Studio/IST_Automation_Git/Download}']

2021-01-21 17:53:03 - [MESSAGE][INFO] - Action delay is set to 0 milliseconds

2021-01-21 17:53:03 - [MESSAGE][PASSED] - Browser is opened with url: ''

2021-01-21 17:53:04 - [MESSAGE][PASSED] - Navigate to 'https://dev-istools.homecredit.id/foundation/' successfully

2021-01-21 17:53:04 - [MESSAGE][PASSED] - Go to ISTools

2021-01-21 17:53:04 - [TEST_STEP][PASSED] - Login IST with valid credentials: Login IST with valid credentials

2021-01-21 17:53:04 - [MESSAGE][PASSED] - Text 'mobile.test' is set on object 'Object Repository/Page_/input_Username_j_username'

2021-01-21 17:53:04 - [MESSAGE][PASSED] - Text ****** has been set on object 'Object Repository/Page_/input_Password_j_password'

2021-01-21 17:53:05 - [MESSAGE][PASSED] - Object: 'Object Repository/Page_/button_Login' is clicked on

2021-01-21 17:53:05 - [MESSAGE][PASSED] - Login IST with valid credentials

2021-01-21 17:53:05 - [TEST_STEP][PASSED] - Login Success: Login Success

2021-01-21 17:53:05 - [MESSAGE][INFO] - Login Success

2021-01-21 17:53:05 - [MESSAGE][PASSED] - Current window maximized

2021-01-21 17:53:05 - [MESSAGE][PASSED] - Object 'Object Repository/Page_/h1_Welcome to IT Supporting Tools' is present

2021-01-21 17:53:05 - [MESSAGE][PASSED] - Login Success

2021-01-21 17:53:05 - [TEST_STEP][PASSED] - Select Arrow Menu "Real Time Disbursement": Select Arrow Menu "Real Time Disbursement"

2021-01-21 17:53:05 - [MESSAGE][PASSED] - Object: '' is clicked on

2021-01-21 17:53:05 - [MESSAGE][PASSED] - Select Arrow Menu "Real Time Disbursement"

2021-01-21 17:53:05 - [TEST_STEP][PASSED] - Select Menu "Partner Disbursement": Select Menu "Partner Disbursement"

2021-01-21 17:53:05 - [MESSAGE][PASSED] - Taking screenshot successfully
[[ATTACHMENT|/Users/chaidir.pratama01/Documents/Docs/Katalon Studio/Screenshot/test-Partner Disbursement.png]]

2021-01-21 17:53:05 - [MESSAGE][PASSED] - Object '' is present

2021-01-21 17:53:06 - [MESSAGE][PASSED] - Object: '' is clicked on

2021-01-21 17:53:06 - [MESSAGE][PASSED] - Wait for page load successfully

2021-01-21 17:53:06 - [MESSAGE][PASSED] - Select Menu "Partner Disbursement"

2021-01-21 17:53:06 - [TEST_STEP][PASSED] - Select STATUS "Success to Disburse": Select STATUS "Success to Disburse"

2021-01-21 17:53:06 - [MESSAGE][PASSED] - All options with value 'Success to Disburse' are selected in object ''  using regular expression

2021-01-21 17:53:06 - [MESSAGE][PASSED] - Select STATUS "Success to Disburse"

2021-01-21 17:53:06 - [TEST_STEP][PASSED] - Click button "Search": Click button "Search"

2021-01-21 17:53:06 - [MESSAGE][INFO] - >>>>>//Button[contains(text(),'Search')]

2021-01-21 17:53:09 - [MESSAGE][PASSED] - Object '' is present

2021-01-21 17:53:09 - [MESSAGE][PASSED] - Object: '' is clicked on

2021-01-21 17:53:09 - [MESSAGE][PASSED] - Switched to window with index: '0'

2021-01-21 17:53:09 - [MESSAGE][PASSED] - Click button "Search"

2021-01-21 17:53:09 - [TEST_STEP][PASSED] - Verify Search Result Presents: Verify Search Result Presents

2021-01-21 17:53:13 - [MESSAGE][INFO] - Unable to find the element located by 'By.xpath: //td[@style='display:none' and contains(text(),'-Empty-')]'. Please recheck the objects properties to make sure the desired element is located. 

2021-01-21 17:53:14 - [MESSAGE][WARNING] - com.kms.katalon.core.webui.exception.WebElementNotFoundException: Web element with id: '' located by '//td[@style='display:none' and contains(text(),'-Empty-')]' not found (Root cause: com.kms.katalon.core.exception.StepFailedException: com.kms.katalon.core.webui.exception.WebElementNotFoundException: Web element with id: '' located by '//td[@style='display:none' and contains(text(),'-Empty-')]' not found
	at com.kms.katalon.core.webui.keyword.internal.WebUIKeywordMain.stepFailed(WebUIKeywordMain.groovy:64)
	at com.kms.katalon.core.webui.keyword.builtin.VerifyElementPresentKeyword$_verifyElementPresent_closure1.doCall(VerifyElementPresentKeyword.groovy:85)
	at com.kms.katalon.core.webui.keyword.builtin.VerifyElementPresentKeyword$_verifyElementPresent_closure1.call(VerifyElementPresentKeyword.groovy)
	at com.kms.katalon.core.webui.keyword.internal.WebUIKeywordMain.runKeyword(WebUIKeywordMain.groovy:20)
	at com.kms.katalon.core.webui.keyword.builtin.VerifyElementPresentKeyword.verifyElementPresent(VerifyElementPresentKeyword.groovy:92)
	at com.kms.katalon.core.webui.keyword.builtin.VerifyElementPresentKeyword.execute(VerifyElementPresentKeyword.groovy:68)
	at com.kms.katalon.core.keyword.internal.KeywordExecutor.executeKeywordForPlatform(KeywordExecutor.groovy:73)
	at com.kms.katalon.core.webui.keyword.WebUiBuiltInKeywords.verifyElementPresent(WebUiBuiltInKeywords.groovy:1444)
	at com.kms.katalon.core.webui.keyword.WebUiBuiltInKeywords$verifyElementPresent$11.call(Unknown Source)
	at ist_real.Contract_Dispatcher.VerifyTblFilled(Contract_Dispatcher.groovy:1313)
	at ist_real.Contract_Dispatcher$VerifyTblFilled$0.call(Unknown Source)
	at RTD.Search_Result_Presents(RTD.groovy:191)
	at cucumber.runtime.Utils$1.call(Utils.java:26)
	at cucumber.runtime.Timeout.timeout(Timeout.java:16)
	at cucumber.runtime.Utils.invoke(Utils.java:20)
	at cucumber.runtime.java.JavaStepDefinition.execute(JavaStepDefinition.java:48)
	at cucumber.runtime.PickleStepDefinitionMatch.runStep(PickleStepDefinitionMatch.java:50)
	at cucumber.runner.TestStep.executeStep(TestStep.java:55)
	at cucumber.runner.TestStep.run(TestStep.java:42)
	at cucumber.runner.PickleStepTestStep.run(PickleStepTestStep.java:53)
	at cucumber.runner.TestCase.run(TestCase.java:47)
	at cucumber.runner.Runner.runPickle(Runner.java:44)
	at cucumber.runtime.Runtime.runFeature(Runtime.java:120)
	at cucumber.runtime.Runtime.run(Runtime.java:106)
	at cucumber.api.cli.Main.run(Main.java:35)
	at cucumber.api.cli.Main$run.call(Unknown Source)
	at com.kms.katalon.core.cucumber.keyword.CucumberBuiltinKeywords$_runFeatureFile_closure1.doCall(CucumberBuiltinKeywords.groovy:76)
	at com.kms.katalon.core.cucumber.keyword.CucumberBuiltinKeywords$_runFeatureFile_closure1.doCall(CucumberBuiltinKeywords.groovy)
	at com.kms.katalon.core.keyword.internal.KeywordMain.runKeyword(KeywordMain.groovy:68)
	at com.kms.katalon.core.keyword.internal.KeywordMain$runKeyword.call(Unknown Source)
	at com.kms.katalon.core.cucumber.keyword.CucumberBuiltinKeywords.runFeatureFile(CucumberBuiltinKeywords.groovy:46)
	at com.kms.katalon.core.cucumber.keyword.CucumberBuiltinKeywords$runFeatureFile$0.callStatic(Unknown Source)
	at com.kms.katalon.core.cucumber.keyword.CucumberBuiltinKeywords.runFeatureFile(CucumberBuiltinKeywords.groovy:169)
	at com.kms.katalon.core.cucumber.keyword.CucumberBuiltinKeywords$runFeatureFile.call(Unknown Source)
	at TC_Search_by_STATUS.run(TC_Search_by_STATUS:18)
	at com.kms.katalon.core.main.ScriptEngine.run(ScriptEngine.java:194)
	at com.kms.katalon.core.main.ScriptEngine.runScriptAsRawText(ScriptEngine.java:119)
	at com.kms.katalon.core.main.TestCaseExecutor.runScript(TestCaseExecutor.java:339)
	at com.kms.katalon.core.main.TestCaseExecutor.doExecute(TestCaseExecutor.java:330)
	at com.kms.katalon.core.main.TestCaseExecutor.processExecutionPhase(TestCaseExecutor.java:309)
	at com.kms.katalon.core.main.TestCaseExecutor.accessMainPhase(TestCaseExecutor.java:301)
	at com.kms.katalon.core.main.TestCaseExecutor.execute(TestCaseExecutor.java:235)
	at com.kms.katalon.core.main.TestSuiteExecutor.accessTestCaseMainPhase(TestSuiteExecutor.java:191)
	at com.kms.katalon.core.main.TestSuiteExecutor.accessTestSuiteMainPhase(TestSuiteExecutor.java:141)
	at com.kms.katalon.core.main.TestSuiteExecutor.execute(TestSuiteExecutor.java:90)
	at com.kms.katalon.core.main.TestCaseMain.startTestSuite(TestCaseMain.java:157)
	at com.kms.katalon.core.main.TestCaseMain$startTestSuite$0.call(Unknown Source)
	at TempTestSuite1611224754744.run(TempTestSuite1611224754744.groovy:39)
)
[[ATTACHMENT|/Users/chaidir.pratama01/Katalon Studio/IST_Automation_Git/Reports/20210121_172548/RTD/TS_Partner_Disbursement/20210121_172554/1611226393530.png]]

2021-01-21 17:53:14 - [MESSAGE][PASSED] - Verify Search Result Presents

2021-01-21 17:53:14 - [TEST_STEP][PASSED] - Click button "Logout": Click button "Logout"

2021-01-21 17:53:14 - [MESSAGE][INFO] - >>>>>//Button[contains(text(),'Logout')]

2021-01-21 17:53:17 - [MESSAGE][PASSED] - Object '' is present

2021-01-21 17:53:17 - [MESSAGE][PASSED] - Object: '' is clicked on

2021-01-21 17:53:17 - [MESSAGE][PASSED] - Switched to window with index: '0'

2021-01-21 17:53:17 - [MESSAGE][PASSED] - Click button "Logout"

2021-01-21 17:53:17 - [TEST_STEP][PASSED] - Close browser: Close browser

2021-01-21 17:53:17 - [MESSAGE][PASSED] - Browser is closed

2021-01-21 17:53:17 - [MESSAGE][PASSED] - Close browser

2021-01-21 17:53:17 - [TEST_CASE][FAILED] - Start Test Case : SCENARIO Search by STATUS Hold Payment Recreation: SCENARIO Search by STATUS Hold Payment Recreation FAILED.
Reason:
com.kms.katalon.core.exception.StepFailedException: Unable to set text 'mobile.test' of object 'Object Repository/Page_/input_Username_j_username'
	at com.kms.katalon.core.webui.keyword.internal.WebUIKeywordMain.stepFailed(WebUIKeywordMain.groovy:64)
	at com.kms.katalon.core.webui.keyword.internal.WebUIKeywordMain.runKeyword(WebUIKeywordMain.groovy:26)
	at com.kms.katalon.core.webui.keyword.builtin.SetTextKeyword.setText(SetTextKeyword.groovy:66)
	at com.kms.katalon.core.webui.keyword.builtin.SetTextKeyword.execute(SetTextKeyword.groovy:37)
	at com.kms.katalon.core.keyword.internal.KeywordExecutor.executeKeywordForPlatform(KeywordExecutor.groovy:73)
	at com.kms.katalon.core.webui.keyword.WebUiBuiltInKeywords.setText(WebUiBuiltInKeywords.groovy:976)
	at com.kms.katalon.core.webui.keyword.WebUiBuiltInKeywords$setText$1.call(Unknown Source)
	at ist_real.Login_IST.I_want_to_login_to_IST(Login_IST.groovy:133)
	at ✽.Login IST with valid credentials(/Users/chaidir.pratama01/Katalon Studio/IST_Automation_Git/Include/features/IST_Real/RTD/Partner_Disbursement/Search_by_STATUS.feature:208)
Caused by: java.lang.IllegalArgumentException: Cannot find elements when the selector is null
	at org.openqa.selenium.By$ByCssSelector.<init>(By.java:422)
	at org.openqa.selenium.By.cssSelector(By.java:116)
	at com.kms.katalon.core.webui.common.WebUiCommonHelper.buildLocator(WebUiCommonHelper.java:515)
	at com.kms.katalon.core.webui.common.WebUiCommonHelper.findElementByNormalMethods(WebUiCommonHelper.java:985)
	at com.kms.katalon.core.webui.common.WebUiCommonHelper.findElementsBySelectedMethod(WebUiCommonHelper.java:890)
	at com.kms.katalon.core.webui.common.WebUiCommonHelper.findElementsWithSelfHealing(WebUiCommonHelper.java:794)
	at com.kms.katalon.core.webui.common.WebUiCommonHelper.findWebElements(WebUiCommonHelper.java:717)
	at com.kms.katalon.core.webui.common.WebUiCommonHelper.findWebElement(WebUiCommonHelper.java:1349)
	at com.kms.katalon.core.webui.keyword.internal.WebUIAbstractKeyword.findWebElement(WebUIAbstractKeyword.groovy:27)
	at com.kms.katalon.core.webui.keyword.internal.WebUIAbstractKeyword.findWebElement(WebUIAbstractKeyword.groovy:26)
	at com.kms.katalon.core.webui.keyword.builtin.SetTextKeyword$_setText_closure1.doCall(SetTextKeyword.groovy:51)
	at com.kms.katalon.core.webui.keyword.builtin.SetTextKeyword$_setText_closure1.call(SetTextKeyword.groovy)
	at com.kms.katalon.core.webui.keyword.internal.WebUIKeywordMain.runKeyword(WebUIKeywordMain.groovy:20)
	at com.kms.katalon.core.webui.keyword.builtin.SetTextKeyword.setText(SetTextKeyword.groovy:66)
	at com.kms.katalon.core.webui.keyword.builtin.SetTextKeyword.execute(SetTextKeyword.groovy:37)
	at com.kms.katalon.core.keyword.internal.KeywordExecutor.executeKeywordForPlatform(KeywordExecutor.groovy:73)
	at com.kms.katalon.core.webui.keyword.WebUiBuiltInKeywords.setText(WebUiBuiltInKeywords.groovy:976)
	at com.kms.katalon.core.webui.keyword.WebUiBuiltInKeywords$setText$1.call(Unknown Source)
	at ist_real.Login_IST.I_want_to_login_to_IST(Login_IST.groovy:133)
	at cucumber.runtime.Utils$1.call(Utils.java:26)
	at cucumber.runtime.Timeout.timeout(Timeout.java:16)
	at cucumber.runtime.Utils.invoke(Utils.java:20)
	at cucumber.runtime.java.JavaStepDefinition.execute(JavaStepDefinition.java:48)
	at cucumber.runtime.PickleStepDefinitionMatch.runStep(PickleStepDefinitionMatch.java:50)
	at cucumber.runner.TestStep.executeStep(TestStep.java:55)
	at cucumber.runner.TestStep.run(TestStep.java:42)
	at cucumber.runner.PickleStepTestStep.run(PickleStepTestStep.java:53)
	at cucumber.runner.TestCase.run(TestCase.java:47)
	at cucumber.runner.Runner.runPickle(Runner.java:44)
	at cucumber.runtime.Runtime.runFeature(Runtime.java:120)
	at cucumber.runtime.Runtime.run(Runtime.java:106)
	at cucumber.api.cli.Main.run(Main.java:35)
	at cucumber.api.cli.Main$run.call(Unknown Source)
	at com.kms.katalon.core.cucumber.keyword.CucumberBuiltinKeywords$_runFeatureFile_closure1.doCall(CucumberBuiltinKeywords.groovy:76)
	at com.kms.katalon.core.cucumber.keyword.CucumberBuiltinKeywords$_runFeatureFile_closure1.doCall(CucumberBuiltinKeywords.groovy)
	at com.kms.katalon.core.keyword.internal.KeywordMain.runKeyword(KeywordMain.groovy:68)
	at com.kms.katalon.core.keyword.internal.KeywordMain$runKeyword.call(Unknown Source)
	at com.kms.katalon.core.cucumber.keyword.CucumberBuiltinKeywords.runFeatureFile(CucumberBuiltinKeywords.groovy:46)
	at com.kms.katalon.core.cucumber.keyword.CucumberBuiltinKeywords$runFeatureFile$0.callStatic(Unknown Source)
	at com.kms.katalon.core.cucumber.keyword.CucumberBuiltinKeywords.runFeatureFile(CucumberBuiltinKeywords.groovy:169)
	at com.kms.katalon.core.cucumber.keyword.CucumberBuiltinKeywords$runFeatureFile.call(Unknown Source)
	at TC_Search_by_STATUS.run(TC_Search_by_STATUS:18)
	at com.kms.katalon.core.main.ScriptEngine.run(ScriptEngine.java:194)
	at com.kms.katalon.core.main.ScriptEngine.runScriptAsRawText(ScriptEngine.java:119)
	at com.kms.katalon.core.main.TestCaseExecutor.runScript(TestCaseExecutor.java:339)
	at com.kms.katalon.core.main.TestCaseExecutor.doExecute(TestCaseExecutor.java:330)
	at com.kms.katalon.core.main.TestCaseExecutor.processExecutionPhase(TestCaseExecutor.java:309)
	at com.kms.katalon.core.main.TestCaseExecutor.accessMainPhase(TestCaseExecutor.java:301)
	at com.kms.katalon.core.main.TestCaseExecutor.execute(TestCaseExecutor.java:235)
	at com.kms.katalon.core.main.TestSuiteExecutor.accessTestCaseMainPhase(TestSuiteExecutor.java:191)
	at com.kms.katalon.core.main.TestSuiteExecutor.accessTestSuiteMainPhase(TestSuiteExecutor.java:141)
	at com.kms.katalon.core.main.TestSuiteExecutor.execute(TestSuiteExecutor.java:90)
	at com.kms.katalon.core.main.TestCaseMain.startTestSuite(TestCaseMain.java:157)
	at com.kms.katalon.core.main.TestCaseMain$startTestSuite$0.call(Unknown Source)
	at TempTestSuite1611224754744.run(TempTestSuite1611224754744.groovy:39)


2021-01-21 17:53:17 - [TEST_STEP][PASSED] - Go to ISTools: Go to ISTools

2021-01-21 17:53:17 - [MESSAGE][INFO] - Starting 'Chrome (headless)' driver

2021-01-21 17:53:17 - [MESSAGE][INFO] - User set preference: ['args', '[--start-maximized, --disable-gpu, --no-proxy-server, –-no-sandbox, --allow-running-insecure-content, --ignore-certificate-errors, window-size=1680,814, force-device-scale-factor=2, --lang=en-GB]']

2021-01-21 17:53:17 - [MESSAGE][INFO] - User set preference: ['prefs', '{download.default_directory=/Users/chaidir.pratama01/Katalon Studio/IST_Automation_Git/Download}']

2021-01-21 17:53:17 - [MESSAGE][INFO] - Action delay is set to 0 milliseconds

2021-01-21 17:53:18 - [MESSAGE][PASSED] - Browser is opened with url: ''

2021-01-21 17:53:37 - [MESSAGE][PASSED] - Navigate to 'https://dev-istools.homecredit.id/foundation/' successfully

2021-01-21 17:53:37 - [MESSAGE][PASSED] - Go to ISTools

2021-01-21 17:53:37 - [TEST_STEP][FAILED] - Login IST with valid credentials: Login IST with valid credentials FAILED.
Reason:
com.kms.katalon.core.exception.StepFailedException: Unable to set text 'mobile.test' of object 'Object Repository/Page_/input_Username_j_username'
	at com.kms.katalon.core.webui.keyword.internal.WebUIKeywordMain.stepFailed(WebUIKeywordMain.groovy:64)
	at com.kms.katalon.core.webui.keyword.internal.WebUIKeywordMain.runKeyword(WebUIKeywordMain.groovy:26)
	at com.kms.katalon.core.webui.keyword.builtin.SetTextKeyword.setText(SetTextKeyword.groovy:66)
	at com.kms.katalon.core.webui.keyword.builtin.SetTextKeyword.execute(SetTextKeyword.groovy:37)
	at com.kms.katalon.core.keyword.internal.KeywordExecutor.executeKeywordForPlatform(KeywordExecutor.groovy:73)
	at com.kms.katalon.core.webui.keyword.WebUiBuiltInKeywords.setText(WebUiBuiltInKeywords.groovy:976)
	at com.kms.katalon.core.webui.keyword.WebUiBuiltInKeywords$setText$1.call(Unknown Source)
	at ist_real.Login_IST.I_want_to_login_to_IST(Login_IST.groovy:133)
	at ✽.Login IST with valid credentials(/Users/chaidir.pratama01/Katalon Studio/IST_Automation_Git/Include/features/IST_Real/RTD/Partner_Disbursement/Search_by_STATUS.feature:208)
Caused by: java.lang.IllegalArgumentException: Cannot find elements when the selector is null
	at org.openqa.selenium.By$ByCssSelector.<init>(By.java:422)
	at org.openqa.selenium.By.cssSelector(By.java:116)
	at com.kms.katalon.core.webui.common.WebUiCommonHelper.buildLocator(WebUiCommonHelper.java:515)
	at com.kms.katalon.core.webui.common.WebUiCommonHelper.findElementByNormalMethods(WebUiCommonHelper.java:985)
	at com.kms.katalon.core.webui.common.WebUiCommonHelper.findElementsBySelectedMethod(WebUiCommonHelper.java:890)
	at com.kms.katalon.core.webui.common.WebUiCommonHelper.findElementsWithSelfHealing(WebUiCommonHelper.java:794)
	at com.kms.katalon.core.webui.common.WebUiCommonHelper.findWebElements(WebUiCommonHelper.java:717)
	at com.kms.katalon.core.webui.common.WebUiCommonHelper.findWebElement(WebUiCommonHelper.java:1349)
	at com.kms.katalon.core.webui.keyword.internal.WebUIAbstractKeyword.findWebElement(WebUIAbstractKeyword.groovy:27)
	at com.kms.katalon.core.webui.keyword.internal.WebUIAbstractKeyword.findWebElement(WebUIAbstractKeyword.groovy:26)
	at com.kms.katalon.core.webui.keyword.builtin.SetTextKeyword$_setText_closure1.doCall(SetTextKeyword.groovy:51)
	at com.kms.katalon.core.webui.keyword.builtin.SetTextKeyword$_setText_closure1.call(SetTextKeyword.groovy)
	at com.kms.katalon.core.webui.keyword.internal.WebUIKeywordMain.runKeyword(WebUIKeywordMain.groovy:20)
	at com.kms.katalon.core.webui.keyword.builtin.SetTextKeyword.setText(SetTextKeyword.groovy:66)
	at com.kms.katalon.core.webui.keyword.builtin.SetTextKeyword.execute(SetTextKeyword.groovy:37)
	at com.kms.katalon.core.keyword.internal.KeywordExecutor.executeKeywordForPlatform(KeywordExecutor.groovy:73)
	at com.kms.katalon.core.webui.keyword.WebUiBuiltInKeywords.setText(WebUiBuiltInKeywords.groovy:976)
	at com.kms.katalon.core.webui.keyword.WebUiBuiltInKeywords$setText$1.call(Unknown Source)
	at ist_real.Login_IST.I_want_to_login_to_IST(Login_IST.groovy:133)
	at cucumber.runtime.Utils$1.call(Utils.java:26)
	at cucumber.runtime.Timeout.timeout(Timeout.java:16)
	at cucumber.runtime.Utils.invoke(Utils.java:20)
	at cucumber.runtime.java.JavaStepDefinition.execute(JavaStepDefinition.java:48)
	at cucumber.runtime.PickleStepDefinitionMatch.runStep(PickleStepDefinitionMatch.java:50)
	at cucumber.runner.TestStep.executeStep(TestStep.java:55)
	at cucumber.runner.TestStep.run(TestStep.java:42)
	at cucumber.runner.PickleStepTestStep.run(PickleStepTestStep.java:53)
	at cucumber.runner.TestCase.run(TestCase.java:47)
	at cucumber.runner.Runner.runPickle(Runner.java:44)
	at cucumber.runtime.Runtime.runFeature(Runtime.java:120)
	at cucumber.runtime.Runtime.run(Runtime.java:106)
	at cucumber.api.cli.Main.run(Main.java:35)
	at cucumber.api.cli.Main$run.call(Unknown Source)
	at com.kms.katalon.core.cucumber.keyword.CucumberBuiltinKeywords$_runFeatureFile_closure1.doCall(CucumberBuiltinKeywords.groovy:76)
	at com.kms.katalon.core.cucumber.keyword.CucumberBuiltinKeywords$_runFeatureFile_closure1.doCall(CucumberBuiltinKeywords.groovy)
	at com.kms.katalon.core.keyword.internal.KeywordMain.runKeyword(KeywordMain.groovy:68)
	at com.kms.katalon.core.keyword.internal.KeywordMain$runKeyword.call(Unknown Source)
	at com.kms.katalon.core.cucumber.keyword.CucumberBuiltinKeywords.runFeatureFile(CucumberBuiltinKeywords.groovy:46)
	at com.kms.katalon.core.cucumber.keyword.CucumberBuiltinKeywords$runFeatureFile$0.callStatic(Unknown Source)
	at com.kms.katalon.core.cucumber.keyword.CucumberBuiltinKeywords.runFeatureFile(CucumberBuiltinKeywords.groovy:169)
	at com.kms.katalon.core.cucumber.keyword.CucumberBuiltinKeywords$runFeatureFile.call(Unknown Source)
	at TC_Search_by_STATUS.run(TC_Search_by_STATUS:18)
	at com.kms.katalon.core.main.ScriptEngine.run(ScriptEngine.java:194)
	at com.kms.katalon.core.main.ScriptEngine.runScriptAsRawText(ScriptEngine.java:119)
	at com.kms.katalon.core.main.TestCaseExecutor.runScript(TestCaseExecutor.java:339)
	at com.kms.katalon.core.main.TestCaseExecutor.doExecute(TestCaseExecutor.java:330)
	at com.kms.katalon.core.main.TestCaseExecutor.processExecutionPhase(TestCaseExecutor.java:309)
	at com.kms.katalon.core.main.TestCaseExecutor.accessMainPhase(TestCaseExecutor.java:301)
	at com.kms.katalon.core.main.TestCaseExecutor.execute(TestCaseExecutor.java:235)
	at com.kms.katalon.core.main.TestSuiteExecutor.accessTestCaseMainPhase(TestSuiteExecutor.java:191)
	at com.kms.katalon.core.main.TestSuiteExecutor.accessTestSuiteMainPhase(TestSuiteExecutor.java:141)
	at com.kms.katalon.core.main.TestSuiteExecutor.execute(TestSuiteExecutor.java:90)
	at com.kms.katalon.core.main.TestCaseMain.startTestSuite(TestCaseMain.java:157)
	at com.kms.katalon.core.main.TestCaseMain$startTestSuite$0.call(Unknown Source)
	at TempTestSuite1611224754744.run(TempTestSuite1611224754744.groovy:39)


2021-01-21 17:56:20 - [MESSAGE][INFO] - Unable to find the element located by 'By.xpath: //input[@name='j_username']'. Please recheck the objects properties to make sure the desired element is located. 

2021-01-21 17:56:20 - [MESSAGE][WARNING] - [SELF-HEALING] Failed to find element with id 'Object Repository/Page_/input_Username_j_username'. Try using Self-healing.

2021-01-21 17:56:20 - [MESSAGE][INFO] - [SELF-HEALING] Failed Locator: '//input[@id='kCKQn']'.

2021-01-21 17:56:20 - [MESSAGE][INFO] - [SELF-HEALING] Failed Locator: '//div[@id='kCKQk']/input'.

2021-01-21 17:56:20 - [MESSAGE][INFO] - [SELF-HEALING] Failed Locator: '(.//*[normalize-space(text()) and normalize-space(.)='Username'])[1]/following::input[1]'.

2021-01-21 17:56:20 - [MESSAGE][INFO] - [SELF-HEALING] Failed Locator: '(.//*[normalize-space(text()) and normalize-space(.)='Login with your LDAP (Windows)'])[1]/following::input[1]'.

2021-01-21 17:56:20 - [MESSAGE][INFO] - [SELF-HEALING] Failed Locator: '(.//*[normalize-space(text()) and normalize-space(.)='Password'])[1]/preceding::input[1]'.

2021-01-21 17:56:20 - [MESSAGE][INFO] - [SELF-HEALING] Failed Locator: '(.//*[normalize-space(text()) and normalize-space(.)='Login'])[1]/preceding::input[2]'.

2021-01-21 17:56:20 - [MESSAGE][INFO] - [SELF-HEALING] Failed Locator: '//input'.

2021-01-21 17:56:20 - [MESSAGE][INFO] - [SELF-HEALING] Failed Locator: '//input[@id='gUxPn']'.

2021-01-21 17:56:20 - [MESSAGE][INFO] - [SELF-HEALING] Failed Locator: '//div[@id='gUxPk']/input'.

2021-01-21 17:56:20 - [MESSAGE][INFO] - [SELF-HEALING] Failed Locator: '//input[@id='wUTCn']'.

2021-01-21 17:56:20 - [MESSAGE][INFO] - [SELF-HEALING] Failed Locator: '//div[@id='wUTCk']/input'.

2021-01-21 17:56:20 - [MESSAGE][INFO] - [SELF-HEALING] Failed Locator: '//input[@id='n17Qn']'.

2021-01-21 17:56:20 - [MESSAGE][INFO] - [SELF-HEALING] Failed Locator: '//div[@id='n17Qk']/input'.

2021-01-21 17:56:20 - [MESSAGE][INFO] - [SELF-HEALING] Failed Locator: '//input[@id='kCKQn']'.

2021-01-21 17:56:20 - [MESSAGE][INFO] - [SELF-HEALING] Failed Locator: '//div[@id='kCKQk']/input'.

2021-01-21 17:56:20 - [MESSAGE][INFO] - [SELF-HEALING] Failed Locator: '(.//*[normalize-space(text()) and normalize-space(.)='Username'])[1]/following::input[1]'.

2021-01-21 17:56:20 - [MESSAGE][INFO] - [SELF-HEALING] Failed Locator: '(.//*[normalize-space(text()) and normalize-space(.)='Login with your LDAP (Windows)'])[1]/following::input[1]'.

2021-01-21 17:56:20 - [MESSAGE][INFO] - [SELF-HEALING] Failed Locator: '(.//*[normalize-space(text()) and normalize-space(.)='Password'])[1]/preceding::input[1]'.

2021-01-21 17:56:20 - [MESSAGE][INFO] - [SELF-HEALING] Failed Locator: '(.//*[normalize-space(text()) and normalize-space(.)='Login'])[1]/preceding::input[2]'.

2021-01-21 17:56:20 - [MESSAGE][INFO] - [SELF-HEALING] Failed Locator: '//input'.

2021-01-21 17:56:20 - [MESSAGE][INFO] - [SELF-HEALING] Failed Locator: '//input[@id='gUxPn']'.

2021-01-21 17:56:20 - [MESSAGE][INFO] - [SELF-HEALING] Failed Locator: '//div[@id='gUxPk']/input'.

2021-01-21 17:56:20 - [MESSAGE][INFO] - [SELF-HEALING] Failed Locator: '//input[@id='wUTCn']'.

2021-01-21 17:56:20 - [MESSAGE][INFO] - [SELF-HEALING] Failed Locator: '//div[@id='wUTCk']/input'.

2021-01-21 17:56:20 - [MESSAGE][INFO] - [SELF-HEALING] Failed Locator: '//input[@id='n17Qn']'.

2021-01-21 17:56:20 - [MESSAGE][INFO] - [SELF-HEALING] Failed Locator: '//div[@id='n17Qk']/input'.

2021-01-21 17:56:20 - [MESSAGE][INFO] - [SELF-HEALING] Failed Locator: '//input[@id='kCKQn']'.

2021-01-21 17:56:20 - [MESSAGE][INFO] - [SELF-HEALING] Failed Locator: '//div[@id='kCKQk']/input'.

2021-01-21 17:56:20 - [MESSAGE][INFO] - [SELF-HEALING] Failed Locator: '(.//*[normalize-space(text()) and normalize-space(.)='Username'])[1]/following::input[1]'.

2021-01-21 17:56:20 - [MESSAGE][INFO] - [SELF-HEALING] Failed Locator: '(.//*[normalize-space(text()) and normalize-space(.)='Login with your LDAP (Windows)'])[1]/following::input[1]'.

2021-01-21 17:56:20 - [MESSAGE][INFO] - [SELF-HEALING] Failed Locator: '(.//*[normalize-space(text()) and normalize-space(.)='Password'])[1]/preceding::input[1]'.

2021-01-21 17:56:20 - [MESSAGE][INFO] - [SELF-HEALING] Failed Locator: '(.//*[normalize-space(text()) and normalize-space(.)='Login'])[1]/preceding::input[2]'.

2021-01-21 17:56:20 - [MESSAGE][INFO] - [SELF-HEALING] Failed Locator: '//input'.

2021-01-21 17:56:20 - [MESSAGE][INFO] - [SELF-HEALING] Failed Locator: '//input[@id='gUxPn']'.

2021-01-21 17:56:20 - [MESSAGE][INFO] - [SELF-HEALING] Failed Locator: '//div[@id='gUxPk']/input'.

2021-01-21 17:56:20 - [MESSAGE][INFO] - [SELF-HEALING] Failed Locator: '//input[@id='wUTCn']'.

2021-01-21 17:56:20 - [MESSAGE][INFO] - [SELF-HEALING] Failed Locator: '//div[@id='wUTCk']/input'.

2021-01-21 17:56:20 - [MESSAGE][INFO] - [SELF-HEALING] Failed Locator: '//input[@id='n17Qn']'.

2021-01-21 17:56:20 - [MESSAGE][INFO] - [SELF-HEALING] Failed Locator: '//div[@id='n17Qk']/input'.

2021-01-21 17:56:20 - [MESSAGE][INFO] - [SELF-HEALING] Failed Locator: '//input[@id='kCKQn']'.

2021-01-21 17:56:20 - [MESSAGE][INFO] - [SELF-HEALING] Failed Locator: '//div[@id='kCKQk']/input'.

2021-01-21 17:56:20 - [MESSAGE][INFO] - [SELF-HEALING] Failed Locator: '(.//*[normalize-space(text()) and normalize-space(.)='Username'])[1]/following::input[1]'.

2021-01-21 17:56:20 - [MESSAGE][INFO] - [SELF-HEALING] Failed Locator: '(.//*[normalize-space(text()) and normalize-space(.)='Login with your LDAP (Windows)'])[1]/following::input[1]'.

2021-01-21 17:56:20 - [MESSAGE][INFO] - [SELF-HEALING] Failed Locator: '(.//*[normalize-space(text()) and normalize-space(.)='Password'])[1]/preceding::input[1]'.

2021-01-21 17:56:20 - [MESSAGE][INFO] - [SELF-HEALING] Failed Locator: '(.//*[normalize-space(text()) and normalize-space(.)='Login'])[1]/preceding::input[2]'.

2021-01-21 17:56:20 - [MESSAGE][INFO] - [SELF-HEALING] Failed Locator: '//input'.

2021-01-21 17:56:20 - [MESSAGE][INFO] - [SELF-HEALING] Failed Locator: '//input[@id='gUxPn']'.

2021-01-21 17:56:20 - [MESSAGE][INFO] - [SELF-HEALING] Failed Locator: '//div[@id='gUxPk']/input'.

2021-01-21 17:56:20 - [MESSAGE][INFO] - [SELF-HEALING] Failed Locator: '//input[@id='wUTCn']'.

2021-01-21 17:56:20 - [MESSAGE][INFO] - [SELF-HEALING] Failed Locator: '//div[@id='wUTCk']/input'.

2021-01-21 17:56:20 - [MESSAGE][INFO] - [SELF-HEALING] Failed Locator: '//input[@id='n17Qn']'.

2021-01-21 17:56:20 - [MESSAGE][INFO] - [SELF-HEALING] Failed Locator: '//div[@id='n17Qk']/input'.

2021-01-21 17:56:20 - [MESSAGE][INFO] - [SELF-HEALING] Failed Locator: '//input[@id='kCKQn']'.

2021-01-21 17:56:20 - [MESSAGE][INFO] - [SELF-HEALING] Failed Locator: '//div[@id='kCKQk']/input'.

2021-01-21 17:56:20 - [MESSAGE][INFO] - [SELF-HEALING] Failed Locator: '(.//*[normalize-space(text()) and normalize-space(.)='Username'])[1]/following::input[1]'.

2021-01-21 17:56:20 - [MESSAGE][INFO] - [SELF-HEALING] Failed Locator: '(.//*[normalize-space(text()) and normalize-space(.)='Login with your LDAP (Windows)'])[1]/following::input[1]'.

2021-01-21 17:56:20 - [MESSAGE][INFO] - [SELF-HEALING] Failed Locator: '(.//*[normalize-space(text()) and normalize-space(.)='Password'])[1]/preceding::input[1]'.

2021-01-21 17:56:20 - [MESSAGE][INFO] - [SELF-HEALING] Failed Locator: '(.//*[normalize-space(text()) and normalize-space(.)='Login'])[1]/preceding::input[2]'.

2021-01-21 17:56:20 - [MESSAGE][INFO] - [SELF-HEALING] Failed Locator: '//input'.

2021-01-21 17:56:20 - [MESSAGE][INFO] - [SELF-HEALING] Failed Locator: '//input[@id='gUxPn']'.

2021-01-21 17:56:20 - [MESSAGE][INFO] - [SELF-HEALING] Failed Locator: '//div[@id='gUxPk']/input'.

2021-01-21 17:56:20 - [MESSAGE][INFO] - [SELF-HEALING] Failed Locator: '//input[@id='wUTCn']'.

2021-01-21 17:56:20 - [MESSAGE][INFO] - [SELF-HEALING] Failed Locator: '//div[@id='wUTCk']/input'.

2021-01-21 17:56:20 - [MESSAGE][INFO] - [SELF-HEALING] Failed Locator: '//input[@id='n17Qn']'.

2021-01-21 17:56:20 - [MESSAGE][INFO] - [SELF-HEALING] Failed Locator: '//div[@id='n17Qk']/input'.

2021-01-21 17:56:20 - [MESSAGE][INFO] - [SELF-HEALING] Failed Locator: '//input[@id='kCKQn']'.

2021-01-21 17:56:20 - [MESSAGE][INFO] - [SELF-HEALING] Failed Locator: '//div[@id='kCKQk']/input'.

2021-01-21 17:56:20 - [MESSAGE][INFO] - [SELF-HEALING] Failed Locator: '(.//*[normalize-space(text()) and normalize-space(.)='Username'])[1]/following::input[1]'.

2021-01-21 17:56:20 - [MESSAGE][INFO] - [SELF-HEALING] Failed Locator: '(.//*[normalize-space(text()) and normalize-space(.)='Login with your LDAP (Windows)'])[1]/following::input[1]'.

2021-01-21 17:56:20 - [MESSAGE][INFO] - [SELF-HEALING] Failed Locator: '(.//*[normalize-space(text()) and normalize-space(.)='Password'])[1]/preceding::input[1]'.

2021-01-21 17:56:20 - [MESSAGE][INFO] - [SELF-HEALING] Failed Locator: '(.//*[normalize-space(text()) and normalize-space(.)='Login'])[1]/preceding::input[2]'.

2021-01-21 17:56:20 - [MESSAGE][INFO] - [SELF-HEALING] Failed Locator: '//input'.

2021-01-21 17:56:20 - [MESSAGE][INFO] - [SELF-HEALING] Failed Locator: '//input[@id='gUxPn']'.

2021-01-21 17:56:20 - [MESSAGE][INFO] - [SELF-HEALING] Failed Locator: '//div[@id='gUxPk']/input'.

2021-01-21 17:56:21 - [MESSAGE][INFO] - [SELF-HEALING] Failed Locator: '//input[@id='wUTCn']'.

2021-01-21 17:56:21 - [MESSAGE][INFO] - [SELF-HEALING] Failed Locator: '//div[@id='wUTCk']/input'.

2021-01-21 17:56:21 - [MESSAGE][INFO] - [SELF-HEALING] Failed Locator: '//input[@id='n17Qn']'.

2021-01-21 17:56:21 - [MESSAGE][INFO] - [SELF-HEALING] Failed Locator: '//div[@id='n17Qk']/input'.

2021-01-21 17:56:21 - [MESSAGE][INFO] - [SELF-HEALING] Failed Locator: '//input[@id='kCKQn']'.

2021-01-21 17:56:21 - [MESSAGE][INFO] - [SELF-HEALING] Failed Locator: '//div[@id='kCKQk']/input'.

2021-01-21 17:56:21 - [MESSAGE][INFO] - [SELF-HEALING] Failed Locator: '(.//*[normalize-space(text()) and normalize-space(.)='Username'])[1]/following::input[1]'.

2021-01-21 17:56:21 - [MESSAGE][INFO] - [SELF-HEALING] Failed Locator: '(.//*[normalize-space(text()) and normalize-space(.)='Login with your LDAP (Windows)'])[1]/following::input[1]'.

2021-01-21 17:56:21 - [MESSAGE][INFO] - [SELF-HEALING] Failed Locator: '(.//*[normalize-space(text()) and normalize-space(.)='Password'])[1]/preceding::input[1]'.

2021-01-21 17:56:21 - [MESSAGE][INFO] - [SELF-HEALING] Failed Locator: '(.//*[normalize-space(text()) and normalize-space(.)='Login'])[1]/preceding::input[2]'.

2021-01-21 17:56:21 - [MESSAGE][INFO] - [SELF-HEALING] Failed Locator: '//input'.

2021-01-21 17:56:21 - [MESSAGE][INFO] - [SELF-HEALING] Failed Locator: '//input[@id='gUxPn']'.

2021-01-21 17:56:21 - [MESSAGE][INFO] - [SELF-HEALING] Failed Locator: '//div[@id='gUxPk']/input'.

2021-01-21 17:56:21 - [MESSAGE][INFO] - [SELF-HEALING] Failed Locator: '//input[@id='wUTCn']'.

2021-01-21 17:56:21 - [MESSAGE][INFO] - [SELF-HEALING] Failed Locator: '//div[@id='wUTCk']/input'.

2021-01-21 17:56:21 - [MESSAGE][INFO] - [SELF-HEALING] Failed Locator: '//input[@id='n17Qn']'.

2021-01-21 17:56:21 - [MESSAGE][INFO] - [SELF-HEALING] Failed Locator: '//div[@id='n17Qk']/input'.

2021-01-21 17:56:22 - [MESSAGE][INFO] - Unable to find the element located by 'By.xpath: //*[@id = 'kCKQn' and @type = 'text' and @name = 'j_username' and @placeholder = 'User Name']'. Please recheck the objects properties to make sure the desired element is located. 

2021-01-21 17:56:22 - [MESSAGE][FAILED] - Unable to set text 'mobile.test' of object 'Object Repository/Page_/input_Username_j_username' (Root cause: com.kms.katalon.core.exception.StepFailedException: Unable to set text 'mobile.test' of object 'Object Repository/Page_/input_Username_j_username'
	at com.kms.katalon.core.webui.keyword.internal.WebUIKeywordMain.stepFailed(WebUIKeywordMain.groovy:64)
	at com.kms.katalon.core.webui.keyword.internal.WebUIKeywordMain.runKeyword(WebUIKeywordMain.groovy:26)
	at com.kms.katalon.core.webui.keyword.builtin.SetTextKeyword.setText(SetTextKeyword.groovy:66)
	at com.kms.katalon.core.webui.keyword.builtin.SetTextKeyword.execute(SetTextKeyword.groovy:37)
	at com.kms.katalon.core.keyword.internal.KeywordExecutor.executeKeywordForPlatform(KeywordExecutor.groovy:73)
	at com.kms.katalon.core.webui.keyword.WebUiBuiltInKeywords.setText(WebUiBuiltInKeywords.groovy:976)
	at com.kms.katalon.core.webui.keyword.WebUiBuiltInKeywords$setText$1.call(Unknown Source)
	at ist_real.Login_IST.I_want_to_login_to_IST(Login_IST.groovy:133)
	at cucumber.runtime.Utils$1.call(Utils.java:26)
	at cucumber.runtime.Timeout.timeout(Timeout.java:16)
	at cucumber.runtime.Utils.invoke(Utils.java:20)
	at cucumber.runtime.java.JavaStepDefinition.execute(JavaStepDefinition.java:48)
	at cucumber.runtime.PickleStepDefinitionMatch.runStep(PickleStepDefinitionMatch.java:50)
	at cucumber.runner.TestStep.executeStep(TestStep.java:55)
	at cucumber.runner.TestStep.run(TestStep.java:42)
	at cucumber.runner.PickleStepTestStep.run(PickleStepTestStep.java:53)
	at cucumber.runner.TestCase.run(TestCase.java:47)
	at cucumber.runner.Runner.runPickle(Runner.java:44)
	at cucumber.runtime.Runtime.runFeature(Runtime.java:120)
	at cucumber.runtime.Runtime.run(Runtime.java:106)
	at cucumber.api.cli.Main.run(Main.java:35)
	at cucumber.api.cli.Main$run.call(Unknown Source)
	at com.kms.katalon.core.cucumber.keyword.CucumberBuiltinKeywords$_runFeatureFile_closure1.doCall(CucumberBuiltinKeywords.groovy:76)
	at com.kms.katalon.core.cucumber.keyword.CucumberBuiltinKeywords$_runFeatureFile_closure1.doCall(CucumberBuiltinKeywords.groovy)
	at com.kms.katalon.core.keyword.internal.KeywordMain.runKeyword(KeywordMain.groovy:68)
	at com.kms.katalon.core.keyword.internal.KeywordMain$runKeyword.call(Unknown Source)
	at com.kms.katalon.core.cucumber.keyword.CucumberBuiltinKeywords.runFeatureFile(CucumberBuiltinKeywords.groovy:46)
	at com.kms.katalon.core.cucumber.keyword.CucumberBuiltinKeywords$runFeatureFile$0.callStatic(Unknown Source)
	at com.kms.katalon.core.cucumber.keyword.CucumberBuiltinKeywords.runFeatureFile(CucumberBuiltinKeywords.groovy:169)
	at com.kms.katalon.core.cucumber.keyword.CucumberBuiltinKeywords$runFeatureFile.call(Unknown Source)
	at TC_Search_by_STATUS.run(TC_Search_by_STATUS:18)
	at com.kms.katalon.core.main.ScriptEngine.run(ScriptEngine.java:194)
	at com.kms.katalon.core.main.ScriptEngine.runScriptAsRawText(ScriptEngine.java:119)
	at com.kms.katalon.core.main.TestCaseExecutor.runScript(TestCaseExecutor.java:339)
	at com.kms.katalon.core.main.TestCaseExecutor.doExecute(TestCaseExecutor.java:330)
	at com.kms.katalon.core.main.TestCaseExecutor.processExecutionPhase(TestCaseExecutor.java:309)
	at com.kms.katalon.core.main.TestCaseExecutor.accessMainPhase(TestCaseExecutor.java:301)
	at com.kms.katalon.core.main.TestCaseExecutor.execute(TestCaseExecutor.java:235)
	at com.kms.katalon.core.main.TestSuiteExecutor.accessTestCaseMainPhase(TestSuiteExecutor.java:191)
	at com.kms.katalon.core.main.TestSuiteExecutor.accessTestSuiteMainPhase(TestSuiteExecutor.java:141)
	at com.kms.katalon.core.main.TestSuiteExecutor.execute(TestSuiteExecutor.java:90)
	at com.kms.katalon.core.main.TestCaseMain.startTestSuite(TestCaseMain.java:157)
	at com.kms.katalon.core.main.TestCaseMain$startTestSuite$0.call(Unknown Source)
	at TempTestSuite1611224754744.run(TempTestSuite1611224754744.groovy:39)
Caused by: java.lang.IllegalArgumentException: Cannot find elements when the selector is null
	at org.openqa.selenium.By$ByCssSelector.<init>(By.java:422)
	at org.openqa.selenium.By.cssSelector(By.java:116)
	at com.kms.katalon.core.webui.common.WebUiCommonHelper.buildLocator(WebUiCommonHelper.java:515)
	at com.kms.katalon.core.webui.common.WebUiCommonHelper.findElementByNormalMethods(WebUiCommonHelper.java:985)
	at com.kms.katalon.core.webui.common.WebUiCommonHelper.findElementsBySelectedMethod(WebUiCommonHelper.java:890)
	at com.kms.katalon.core.webui.common.WebUiCommonHelper.findElementsWithSelfHealing(WebUiCommonHelper.java:794)
	at com.kms.katalon.core.webui.common.WebUiCommonHelper.findWebElements(WebUiCommonHelper.java:717)
	at com.kms.katalon.core.webui.common.WebUiCommonHelper.findWebElement(WebUiCommonHelper.java:1349)
	at com.kms.katalon.core.webui.keyword.internal.WebUIAbstractKeyword.findWebElement(WebUIAbstractKeyword.groovy:27)
	at com.kms.katalon.core.webui.keyword.internal.WebUIAbstractKeyword.findWebElement(WebUIAbstractKeyword.groovy:26)
	at com.kms.katalon.core.webui.keyword.builtin.SetTextKeyword$_setText_closure1.doCall(SetTextKeyword.groovy:51)
	at com.kms.katalon.core.webui.keyword.builtin.SetTextKeyword$_setText_closure1.call(SetTextKeyword.groovy)
	at com.kms.katalon.core.webui.keyword.internal.WebUIKeywordMain.runKeyword(WebUIKeywordMain.groovy:20)
	at com.kms.katalon.core.webui.keyword.builtin.SetTextKeyword.setText(SetTextKeyword.groovy:66)
	at com.kms.katalon.core.webui.keyword.builtin.SetTextKeyword.execute(SetTextKeyword.groovy:37)
	at com.kms.katalon.core.keyword.internal.KeywordExecutor.executeKeywordForPlatform(KeywordExecutor.groovy:73)
	at com.kms.katalon.core.webui.keyword.WebUiBuiltInKeywords.setText(WebUiBuiltInKeywords.groovy:976)
	at com.kms.katalon.core.webui.keyword.WebUiBuiltInKeywords$setText$1.call(Unknown Source)
	at ist_real.Login_IST.I_want_to_login_to_IST(Login_IST.groovy:133)
	at cucumber.runtime.Utils$1.call(Utils.java:26)
	at cucumber.runtime.Timeout.timeout(Timeout.java:16)
	at cucumber.runtime.Utils.invoke(Utils.java:20)
	at cucumber.runtime.java.JavaStepDefinition.execute(JavaStepDefinition.java:48)
	at cucumber.runtime.PickleStepDefinitionMatch.runStep(PickleStepDefinitionMatch.java:50)
	at cucumber.runner.TestStep.executeStep(TestStep.java:55)
	at cucumber.runner.TestStep.run(TestStep.java:42)
	at cucumber.runner.PickleStepTestStep.run(PickleStepTestStep.java:53)
	at cucumber.runner.TestCase.run(TestCase.java:47)
	at cucumber.runner.Runner.runPickle(Runner.java:44)
	at cucumber.runtime.Runtime.runFeature(Runtime.java:120)
	at cucumber.runtime.Runtime.run(Runtime.java:106)
	at cucumber.api.cli.Main.run(Main.java:35)
	at cucumber.api.cli.Main$run.call(Unknown Source)
	at com.kms.katalon.core.cucumber.keyword.CucumberBuiltinKeywords$_runFeatureFile_closure1.doCall(CucumberBuiltinKeywords.groovy:76)
	at com.kms.katalon.core.cucumber.keyword.CucumberBuiltinKeywords$_runFeatureFile_closure1.doCall(CucumberBuiltinKeywords.groovy)
	at com.kms.katalon.core.keyword.internal.KeywordMain.runKeyword(KeywordMain.groovy:68)
	at com.kms.katalon.core.keyword.internal.KeywordMain$runKeyword.call(Unknown Source)
	at com.kms.katalon.core.cucumber.keyword.CucumberBuiltinKeywords.runFeatureFile(CucumberBuiltinKeywords.groovy:46)
	at com.kms.katalon.core.cucumber.keyword.CucumberBuiltinKeywords$runFeatureFile$0.callStatic(Unknown Source)
	at com.kms.katalon.core.cucumber.keyword.CucumberBuiltinKeywords.runFeatureFile(CucumberBuiltinKeywords.groovy:169)
	at com.kms.katalon.core.cucumber.keyword.CucumberBuiltinKeywords$runFeatureFile.call(Unknown Source)
	at Script1611043905720.run(Script1611043905720.groovy:18)
	... 13 more
)
[[ATTACHMENT|/Users/chaidir.pratama01/Katalon Studio/IST_Automation_Git/Reports/20210121_172548/RTD/TS_Partner_Disbursement/20210121_172554/1611226582211.png]]

2021-01-21 17:56:22 - [MESSAGE][FAILED] - Login IST with valid credentials FAILED.
Reason:
com.kms.katalon.core.exception.StepFailedException: Unable to set text 'mobile.test' of object 'Object Repository/Page_/input_Username_j_username'
	at com.kms.katalon.core.webui.keyword.internal.WebUIKeywordMain.stepFailed(WebUIKeywordMain.groovy:64)
	at com.kms.katalon.core.webui.keyword.internal.WebUIKeywordMain.runKeyword(WebUIKeywordMain.groovy:26)
	at com.kms.katalon.core.webui.keyword.builtin.SetTextKeyword.setText(SetTextKeyword.groovy:66)
	at com.kms.katalon.core.webui.keyword.builtin.SetTextKeyword.execute(SetTextKeyword.groovy:37)
	at com.kms.katalon.core.keyword.internal.KeywordExecutor.executeKeywordForPlatform(KeywordExecutor.groovy:73)
	at com.kms.katalon.core.webui.keyword.WebUiBuiltInKeywords.setText(WebUiBuiltInKeywords.groovy:976)
	at com.kms.katalon.core.webui.keyword.WebUiBuiltInKeywords$setText$1.call(Unknown Source)
	at ist_real.Login_IST.I_want_to_login_to_IST(Login_IST.groovy:133)
	at ✽.Login IST with valid credentials(/Users/chaidir.pratama01/Katalon Studio/IST_Automation_Git/Include/features/IST_Real/RTD/Partner_Disbursement/Search_by_STATUS.feature:208)
Caused by: java.lang.IllegalArgumentException: Cannot find elements when the selector is null
	at org.openqa.selenium.By$ByCssSelector.<init>(By.java:422)
	at org.openqa.selenium.By.cssSelector(By.java:116)
	at com.kms.katalon.core.webui.common.WebUiCommonHelper.buildLocator(WebUiCommonHelper.java:515)
	at com.kms.katalon.core.webui.common.WebUiCommonHelper.findElementByNormalMethods(WebUiCommonHelper.java:985)
	at com.kms.katalon.core.webui.common.WebUiCommonHelper.findElementsBySelectedMethod(WebUiCommonHelper.java:890)
	at com.kms.katalon.core.webui.common.WebUiCommonHelper.findElementsWithSelfHealing(WebUiCommonHelper.java:794)
	at com.kms.katalon.core.webui.common.WebUiCommonHelper.findWebElements(WebUiCommonHelper.java:717)
	at com.kms.katalon.core.webui.common.WebUiCommonHelper.findWebElement(WebUiCommonHelper.java:1349)
	at com.kms.katalon.core.webui.keyword.internal.WebUIAbstractKeyword.findWebElement(WebUIAbstractKeyword.groovy:27)
	at com.kms.katalon.core.webui.keyword.internal.WebUIAbstractKeyword.findWebElement(WebUIAbstractKeyword.groovy:26)
	at com.kms.katalon.core.webui.keyword.builtin.SetTextKeyword$_setText_closure1.doCall(SetTextKeyword.groovy:51)
	at com.kms.katalon.core.webui.keyword.builtin.SetTextKeyword$_setText_closure1.call(SetTextKeyword.groovy)
	at com.kms.katalon.core.webui.keyword.internal.WebUIKeywordMain.runKeyword(WebUIKeywordMain.groovy:20)
	at com.kms.katalon.core.webui.keyword.builtin.SetTextKeyword.setText(SetTextKeyword.groovy:66)
	at com.kms.katalon.core.webui.keyword.builtin.SetTextKeyword.execute(SetTextKeyword.groovy:37)
	at com.kms.katalon.core.keyword.internal.KeywordExecutor.executeKeywordForPlatform(KeywordExecutor.groovy:73)
	at com.kms.katalon.core.webui.keyword.WebUiBuiltInKeywords.setText(WebUiBuiltInKeywords.groovy:976)
	at com.kms.katalon.core.webui.keyword.WebUiBuiltInKeywords$setText$1.call(Unknown Source)
	at ist_real.Login_IST.I_want_to_login_to_IST(Login_IST.groovy:133)
	at cucumber.runtime.Utils$1.call(Utils.java:26)
	at cucumber.runtime.Timeout.timeout(Timeout.java:16)
	at cucumber.runtime.Utils.invoke(Utils.java:20)
	at cucumber.runtime.java.JavaStepDefinition.execute(JavaStepDefinition.java:48)
	at cucumber.runtime.PickleStepDefinitionMatch.runStep(PickleStepDefinitionMatch.java:50)
	at cucumber.runner.TestStep.executeStep(TestStep.java:55)
	at cucumber.runner.TestStep.run(TestStep.java:42)
	at cucumber.runner.PickleStepTestStep.run(PickleStepTestStep.java:53)
	at cucumber.runner.TestCase.run(TestCase.java:47)
	at cucumber.runner.Runner.runPickle(Runner.java:44)
	at cucumber.runtime.Runtime.runFeature(Runtime.java:120)
	at cucumber.runtime.Runtime.run(Runtime.java:106)
	at cucumber.api.cli.Main.run(Main.java:35)
	at cucumber.api.cli.Main$run.call(Unknown Source)
	at com.kms.katalon.core.cucumber.keyword.CucumberBuiltinKeywords$_runFeatureFile_closure1.doCall(CucumberBuiltinKeywords.groovy:76)
	at com.kms.katalon.core.cucumber.keyword.CucumberBuiltinKeywords$_runFeatureFile_closure1.doCall(CucumberBuiltinKeywords.groovy)
	at com.kms.katalon.core.keyword.internal.KeywordMain.runKeyword(KeywordMain.groovy:68)
	at com.kms.katalon.core.keyword.internal.KeywordMain$runKeyword.call(Unknown Source)
	at com.kms.katalon.core.cucumber.keyword.CucumberBuiltinKeywords.runFeatureFile(CucumberBuiltinKeywords.groovy:46)
	at com.kms.katalon.core.cucumber.keyword.CucumberBuiltinKeywords$runFeatureFile$0.callStatic(Unknown Source)
	at com.kms.katalon.core.cucumber.keyword.CucumberBuiltinKeywords.runFeatureFile(CucumberBuiltinKeywords.groovy:169)
	at com.kms.katalon.core.cucumber.keyword.CucumberBuiltinKeywords$runFeatureFile.call(Unknown Source)
	at TC_Search_by_STATUS.run(TC_Search_by_STATUS:18)
	at com.kms.katalon.core.main.ScriptEngine.run(ScriptEngine.java:194)
	at com.kms.katalon.core.main.ScriptEngine.runScriptAsRawText(ScriptEngine.java:119)
	at com.kms.katalon.core.main.TestCaseExecutor.runScript(TestCaseExecutor.java:339)
	at com.kms.katalon.core.main.TestCaseExecutor.doExecute(TestCaseExecutor.java:330)
	at com.kms.katalon.core.main.TestCaseExecutor.processExecutionPhase(TestCaseExecutor.java:309)
	at com.kms.katalon.core.main.TestCaseExecutor.accessMainPhase(TestCaseExecutor.java:301)
	at com.kms.katalon.core.main.TestCaseExecutor.execute(TestCaseExecutor.java:235)
	at com.kms.katalon.core.main.TestSuiteExecutor.accessTestCaseMainPhase(TestSuiteExecutor.java:191)
	at com.kms.katalon.core.main.TestSuiteExecutor.accessTestSuiteMainPhase(TestSuiteExecutor.java:141)
	at com.kms.katalon.core.main.TestSuiteExecutor.execute(TestSuiteExecutor.java:90)
	at com.kms.katalon.core.main.TestCaseMain.startTestSuite(TestCaseMain.java:157)
	at com.kms.katalon.core.main.TestCaseMain$startTestSuite$0.call(Unknown Source)
	at TempTestSuite1611224754744.run(TempTestSuite1611224754744.groovy:39)


2021-01-21 17:56:22 - [TEST_STEP][NOT_RUN] - Login Success: Login Success

2021-01-21 17:56:22 - [MESSAGE][NOT_RUN] - Login Success

2021-01-21 17:56:22 - [TEST_STEP][NOT_RUN] - Select Arrow Menu "Real Time Disbursement": Select Arrow Menu "Real Time Disbursement"

2021-01-21 17:56:22 - [MESSAGE][NOT_RUN] - Select Arrow Menu "Real Time Disbursement"

2021-01-21 17:56:22 - [TEST_STEP][NOT_RUN] - Select Menu "Partner Disbursement": Select Menu "Partner Disbursement"

2021-01-21 17:56:22 - [MESSAGE][NOT_RUN] - Select Menu "Partner Disbursement"

2021-01-21 17:56:22 - [TEST_STEP][NOT_RUN] - Select STATUS "Hold Payment Recreation": Select STATUS "Hold Payment Recreation"

2021-01-21 17:56:22 - [MESSAGE][NOT_RUN] - Select STATUS "Hold Payment Recreation"

2021-01-21 17:56:22 - [TEST_STEP][NOT_RUN] - Click button "Search": Click button "Search"

2021-01-21 17:56:22 - [MESSAGE][NOT_RUN] - Click button "Search"

2021-01-21 17:56:22 - [TEST_STEP][NOT_RUN] - Verify Search Result Presents: Verify Search Result Presents

2021-01-21 17:56:22 - [MESSAGE][NOT_RUN] - Verify Search Result Presents

2021-01-21 17:56:22 - [TEST_STEP][NOT_RUN] - Click button "Logout": Click button "Logout"

2021-01-21 17:56:22 - [MESSAGE][NOT_RUN] - Click button "Logout"

2021-01-21 17:56:22 - [TEST_STEP][NOT_RUN] - Close browser: Close browser

2021-01-21 17:56:22 - [MESSAGE][NOT_RUN] - Close browser

2021-01-21 17:56:22 - [TEST_CASE][FAILED] - Start Test Case : SCENARIO Search by STATUS Waiting Confirmation From SBO: SCENARIO Search by STATUS Waiting Confirmation From SBO FAILED.
Reason:
com.kms.katalon.core.exception.StepFailedException: Unable to navigate to 'https://dev-istools.homecredit.id/foundation/'
	at com.kms.katalon.core.webui.keyword.internal.WebUIKeywordMain.stepFailed(WebUIKeywordMain.groovy:64)
	at com.kms.katalon.core.webui.keyword.internal.WebUIKeywordMain.runKeyword(WebUIKeywordMain.groovy:26)
	at com.kms.katalon.core.webui.keyword.builtin.NavigateToUrlKeyword.navigateToUrl(NavigateToUrlKeyword.groovy:83)
	at com.kms.katalon.core.webui.keyword.builtin.NavigateToUrlKeyword.execute(NavigateToUrlKeyword.groovy:67)
	at com.kms.katalon.core.keyword.internal.KeywordExecutor.executeKeywordForPlatform(KeywordExecutor.groovy:73)
	at com.kms.katalon.core.webui.keyword.WebUiBuiltInKeywords.navigateToUrl(WebUiBuiltInKeywords.groovy:183)
	at com.kms.katalon.core.webui.keyword.WebUiBuiltInKeywords$navigateToUrl$0.call(Unknown Source)
	at ist_real.Login_IST.go_to_ISTools_URL(Login_IST.groovy:83)
	at ✽.Go to ISTools(/Users/chaidir.pratama01/Katalon Studio/IST_Automation_Git/Include/features/IST_Real/RTD/Partner_Disbursement/Search_by_STATUS.feature:221)
Caused by: org.openqa.selenium.WebDriverException: unknown error: net::ERR_CONNECTION_REFUSED
  (Session info: headless chrome=87.0.4280.141)
Build info: version: '3.141.59', revision: 'e82be7d358', time: '2018-11-14T08:25:53'
System info: host: 'M-Chaidir-Pratama.local', ip: 'fe80:0:0:0:14e4:ed6f:bc3b:fd01%en0', os.name: 'Mac OS X', os.arch: 'x86_64', os.version: '10.15', java.version: '1.8.0_181'
Driver info: com.kms.katalon.selenium.driver.CChromeDriver
Capabilities {acceptInsecureCerts: false, browserName: chrome, browserVersion: 87.0.4280.141, chrome: {chromedriverVersion: 87.0.4280.88 (89e2380a3e36c..., userDataDir: /var/folders/0s/4_d154xd6dq...}, goog:chromeOptions: {debuggerAddress: localhost:61995}, javascriptEnabled: true, networkConnectionEnabled: false, pageLoadStrategy: normal, platform: MAC, platformName: MAC, proxy: Proxy(), setWindowRect: true, strictFileInteractability: false, timeouts: {implicit: 0, pageLoad: 300000, script: 30000}, unhandledPromptBehavior: dismiss and notify, webauthn:virtualAuthenticators: true}
Session ID: fc8175a3ed549713fb9fa2c75e3f2ad6
	at org.openqa.selenium.remote.http.W3CHttpResponseCodec.createException(W3CHttpResponseCodec.java:187)
	at org.openqa.selenium.remote.http.W3CHttpResponseCodec.decode(W3CHttpResponseCodec.java:122)
	at org.openqa.selenium.remote.http.W3CHttpResponseCodec.decode(W3CHttpResponseCodec.java:49)
	at org.openqa.selenium.remote.HttpCommandExecutor.execute(HttpCommandExecutor.java:158)
	at org.openqa.selenium.remote.service.DriverCommandExecutor.execute(DriverCommandExecutor.java:83)
	at org.openqa.selenium.remote.RemoteWebDriver.execute(RemoteWebDriver.java:552)
	at com.kms.katalon.selenium.driver.CChromeDriver.execute(CChromeDriver.java:19)
	at org.openqa.selenium.remote.RemoteWebDriver.get(RemoteWebDriver.java:277)
	at org.openqa.selenium.remote.RemoteWebDriver$RemoteNavigation.to(RemoteWebDriver.java:857)
	at org.openqa.selenium.support.events.EventFiringWebDriver$EventFiringNavigation.to(EventFiringWebDriver.java:569)
	at com.kms.katalon.core.webui.keyword.builtin.NavigateToUrlKeyword$_navigateToUrl_closure1.doCall(NavigateToUrlKeyword.groovy:81)
	at com.kms.katalon.core.webui.keyword.builtin.NavigateToUrlKeyword$_navigateToUrl_closure1.call(NavigateToUrlKeyword.groovy)
	at com.kms.katalon.core.webui.keyword.internal.WebUIKeywordMain.runKeyword(WebUIKeywordMain.groovy:20)
	at com.kms.katalon.core.webui.keyword.builtin.NavigateToUrlKeyword.navigateToUrl(NavigateToUrlKeyword.groovy:83)
	at com.kms.katalon.core.webui.keyword.builtin.NavigateToUrlKeyword.execute(NavigateToUrlKeyword.groovy:67)
	at com.kms.katalon.core.keyword.internal.KeywordExecutor.executeKeywordForPlatform(KeywordExecutor.groovy:73)
	at com.kms.katalon.core.webui.keyword.WebUiBuiltInKeywords.navigateToUrl(WebUiBuiltInKeywords.groovy:183)
	at com.kms.katalon.core.webui.keyword.WebUiBuiltInKeywords$navigateToUrl$0.call(Unknown Source)
	at ist_real.Login_IST.go_to_ISTools_URL(Login_IST.groovy:83)
	at cucumber.runtime.Utils$1.call(Utils.java:26)
	at cucumber.runtime.Timeout.timeout(Timeout.java:16)
	at cucumber.runtime.Utils.invoke(Utils.java:20)
	at cucumber.runtime.java.JavaStepDefinition.execute(JavaStepDefinition.java:48)
	at cucumber.runtime.PickleStepDefinitionMatch.runStep(PickleStepDefinitionMatch.java:50)
	at cucumber.runner.TestStep.executeStep(TestStep.java:55)
	at cucumber.runner.TestStep.run(TestStep.java:42)
	at cucumber.runner.PickleStepTestStep.run(PickleStepTestStep.java:53)
	at cucumber.runner.TestCase.run(TestCase.java:47)
	at cucumber.runner.Runner.runPickle(Runner.java:44)
	at cucumber.runtime.Runtime.runFeature(Runtime.java:120)
	at cucumber.runtime.Runtime.run(Runtime.java:106)
	at cucumber.api.cli.Main.run(Main.java:35)
	at cucumber.api.cli.Main$run.call(Unknown Source)
	at com.kms.katalon.core.cucumber.keyword.CucumberBuiltinKeywords$_runFeatureFile_closure1.doCall(CucumberBuiltinKeywords.groovy:76)
	at com.kms.katalon.core.cucumber.keyword.CucumberBuiltinKeywords$_runFeatureFile_closure1.doCall(CucumberBuiltinKeywords.groovy)
	at com.kms.katalon.core.keyword.internal.KeywordMain.runKeyword(KeywordMain.groovy:68)
	at com.kms.katalon.core.keyword.internal.KeywordMain$runKeyword.call(Unknown Source)
	at com.kms.katalon.core.cucumber.keyword.CucumberBuiltinKeywords.runFeatureFile(CucumberBuiltinKeywords.groovy:46)
	at com.kms.katalon.core.cucumber.keyword.CucumberBuiltinKeywords$runFeatureFile$0.callStatic(Unknown Source)
	at com.kms.katalon.core.cucumber.keyword.CucumberBuiltinKeywords.runFeatureFile(CucumberBuiltinKeywords.groovy:169)
	at com.kms.katalon.core.cucumber.keyword.CucumberBuiltinKeywords$runFeatureFile.call(Unknown Source)
	at TC_Search_by_STATUS.run(TC_Search_by_STATUS:18)
	at com.kms.katalon.core.main.ScriptEngine.run(ScriptEngine.java:194)
	at com.kms.katalon.core.main.ScriptEngine.runScriptAsRawText(ScriptEngine.java:119)
	at com.kms.katalon.core.main.TestCaseExecutor.runScript(TestCaseExecutor.java:339)
	at com.kms.katalon.core.main.TestCaseExecutor.doExecute(TestCaseExecutor.java:330)
	at com.kms.katalon.core.main.TestCaseExecutor.processExecutionPhase(TestCaseExecutor.java:309)
	at com.kms.katalon.core.main.TestCaseExecutor.accessMainPhase(TestCaseExecutor.java:301)
	at com.kms.katalon.core.main.TestCaseExecutor.execute(TestCaseExecutor.java:235)
	at com.kms.katalon.core.main.TestSuiteExecutor.accessTestCaseMainPhase(TestSuiteExecutor.java:191)
	at com.kms.katalon.core.main.TestSuiteExecutor.accessTestSuiteMainPhase(TestSuiteExecutor.java:141)
	at com.kms.katalon.core.main.TestSuiteExecutor.execute(TestSuiteExecutor.java:90)
	at com.kms.katalon.core.main.TestCaseMain.startTestSuite(TestCaseMain.java:157)
	at com.kms.katalon.core.main.TestCaseMain$startTestSuite$0.call(Unknown Source)
	at TempTestSuite1611224754744.run(TempTestSuite1611224754744.groovy:39)


2021-01-21 17:56:22 - [TEST_STEP][FAILED] - Go to ISTools: Go to ISTools FAILED.
Reason:
com.kms.katalon.core.exception.StepFailedException: Unable to navigate to 'https://dev-istools.homecredit.id/foundation/'
	at com.kms.katalon.core.webui.keyword.internal.WebUIKeywordMain.stepFailed(WebUIKeywordMain.groovy:64)
	at com.kms.katalon.core.webui.keyword.internal.WebUIKeywordMain.runKeyword(WebUIKeywordMain.groovy:26)
	at com.kms.katalon.core.webui.keyword.builtin.NavigateToUrlKeyword.navigateToUrl(NavigateToUrlKeyword.groovy:83)
	at com.kms.katalon.core.webui.keyword.builtin.NavigateToUrlKeyword.execute(NavigateToUrlKeyword.groovy:67)
	at com.kms.katalon.core.keyword.internal.KeywordExecutor.executeKeywordForPlatform(KeywordExecutor.groovy:73)
	at com.kms.katalon.core.webui.keyword.WebUiBuiltInKeywords.navigateToUrl(WebUiBuiltInKeywords.groovy:183)
	at com.kms.katalon.core.webui.keyword.WebUiBuiltInKeywords$navigateToUrl$0.call(Unknown Source)
	at ist_real.Login_IST.go_to_ISTools_URL(Login_IST.groovy:83)
	at ✽.Go to ISTools(/Users/chaidir.pratama01/Katalon Studio/IST_Automation_Git/Include/features/IST_Real/RTD/Partner_Disbursement/Search_by_STATUS.feature:221)
Caused by: org.openqa.selenium.WebDriverException: unknown error: net::ERR_CONNECTION_REFUSED
  (Session info: headless chrome=87.0.4280.141)
Build info: version: '3.141.59', revision: 'e82be7d358', time: '2018-11-14T08:25:53'
System info: host: 'M-Chaidir-Pratama.local', ip: 'fe80:0:0:0:14e4:ed6f:bc3b:fd01%en0', os.name: 'Mac OS X', os.arch: 'x86_64', os.version: '10.15', java.version: '1.8.0_181'
Driver info: com.kms.katalon.selenium.driver.CChromeDriver
Capabilities {acceptInsecureCerts: false, browserName: chrome, browserVersion: 87.0.4280.141, chrome: {chromedriverVersion: 87.0.4280.88 (89e2380a3e36c..., userDataDir: /var/folders/0s/4_d154xd6dq...}, goog:chromeOptions: {debuggerAddress: localhost:61995}, javascriptEnabled: true, networkConnectionEnabled: false, pageLoadStrategy: normal, platform: MAC, platformName: MAC, proxy: Proxy(), setWindowRect: true, strictFileInteractability: false, timeouts: {implicit: 0, pageLoad: 300000, script: 30000}, unhandledPromptBehavior: dismiss and notify, webauthn:virtualAuthenticators: true}
Session ID: fc8175a3ed549713fb9fa2c75e3f2ad6
	at org.openqa.selenium.remote.http.W3CHttpResponseCodec.createException(W3CHttpResponseCodec.java:187)
	at org.openqa.selenium.remote.http.W3CHttpResponseCodec.decode(W3CHttpResponseCodec.java:122)
	at org.openqa.selenium.remote.http.W3CHttpResponseCodec.decode(W3CHttpResponseCodec.java:49)
	at org.openqa.selenium.remote.HttpCommandExecutor.execute(HttpCommandExecutor.java:158)
	at org.openqa.selenium.remote.service.DriverCommandExecutor.execute(DriverCommandExecutor.java:83)
	at org.openqa.selenium.remote.RemoteWebDriver.execute(RemoteWebDriver.java:552)
	at com.kms.katalon.selenium.driver.CChromeDriver.execute(CChromeDriver.java:19)
	at org.openqa.selenium.remote.RemoteWebDriver.get(RemoteWebDriver.java:277)
	at org.openqa.selenium.remote.RemoteWebDriver$RemoteNavigation.to(RemoteWebDriver.java:857)
	at org.openqa.selenium.support.events.EventFiringWebDriver$EventFiringNavigation.to(EventFiringWebDriver.java:569)
	at com.kms.katalon.core.webui.keyword.builtin.NavigateToUrlKeyword$_navigateToUrl_closure1.doCall(NavigateToUrlKeyword.groovy:81)
	at com.kms.katalon.core.webui.keyword.builtin.NavigateToUrlKeyword$_navigateToUrl_closure1.call(NavigateToUrlKeyword.groovy)
	at com.kms.katalon.core.webui.keyword.internal.WebUIKeywordMain.runKeyword(WebUIKeywordMain.groovy:20)
	at com.kms.katalon.core.webui.keyword.builtin.NavigateToUrlKeyword.navigateToUrl(NavigateToUrlKeyword.groovy:83)
	at com.kms.katalon.core.webui.keyword.builtin.NavigateToUrlKeyword.execute(NavigateToUrlKeyword.groovy:67)
	at com.kms.katalon.core.keyword.internal.KeywordExecutor.executeKeywordForPlatform(KeywordExecutor.groovy:73)
	at com.kms.katalon.core.webui.keyword.WebUiBuiltInKeywords.navigateToUrl(WebUiBuiltInKeywords.groovy:183)
	at com.kms.katalon.core.webui.keyword.WebUiBuiltInKeywords$navigateToUrl$0.call(Unknown Source)
	at ist_real.Login_IST.go_to_ISTools_URL(Login_IST.groovy:83)
	at cucumber.runtime.Utils$1.call(Utils.java:26)
	at cucumber.runtime.Timeout.timeout(Timeout.java:16)
	at cucumber.runtime.Utils.invoke(Utils.java:20)
	at cucumber.runtime.java.JavaStepDefinition.execute(JavaStepDefinition.java:48)
	at cucumber.runtime.PickleStepDefinitionMatch.runStep(PickleStepDefinitionMatch.java:50)
	at cucumber.runner.TestStep.executeStep(TestStep.java:55)
	at cucumber.runner.TestStep.run(TestStep.java:42)
	at cucumber.runner.PickleStepTestStep.run(PickleStepTestStep.java:53)
	at cucumber.runner.TestCase.run(TestCase.java:47)
	at cucumber.runner.Runner.runPickle(Runner.java:44)
	at cucumber.runtime.Runtime.runFeature(Runtime.java:120)
	at cucumber.runtime.Runtime.run(Runtime.java:106)
	at cucumber.api.cli.Main.run(Main.java:35)
	at cucumber.api.cli.Main$run.call(Unknown Source)
	at com.kms.katalon.core.cucumber.keyword.CucumberBuiltinKeywords$_runFeatureFile_closure1.doCall(CucumberBuiltinKeywords.groovy:76)
	at com.kms.katalon.core.cucumber.keyword.CucumberBuiltinKeywords$_runFeatureFile_closure1.doCall(CucumberBuiltinKeywords.groovy)
	at com.kms.katalon.core.keyword.internal.KeywordMain.runKeyword(KeywordMain.groovy:68)
	at com.kms.katalon.core.keyword.internal.KeywordMain$runKeyword.call(Unknown Source)
	at com.kms.katalon.core.cucumber.keyword.CucumberBuiltinKeywords.runFeatureFile(CucumberBuiltinKeywords.groovy:46)
	at com.kms.katalon.core.cucumber.keyword.CucumberBuiltinKeywords$runFeatureFile$0.callStatic(Unknown Source)
	at com.kms.katalon.core.cucumber.keyword.CucumberBuiltinKeywords.runFeatureFile(CucumberBuiltinKeywords.groovy:169)
	at com.kms.katalon.core.cucumber.keyword.CucumberBuiltinKeywords$runFeatureFile.call(Unknown Source)
	at TC_Search_by_STATUS.run(TC_Search_by_STATUS:18)
	at com.kms.katalon.core.main.ScriptEngine.run(ScriptEngine.java:194)
	at com.kms.katalon.core.main.ScriptEngine.runScriptAsRawText(ScriptEngine.java:119)
	at com.kms.katalon.core.main.TestCaseExecutor.runScript(TestCaseExecutor.java:339)
	at com.kms.katalon.core.main.TestCaseExecutor.doExecute(TestCaseExecutor.java:330)
	at com.kms.katalon.core.main.TestCaseExecutor.processExecutionPhase(TestCaseExecutor.java:309)
	at com.kms.katalon.core.main.TestCaseExecutor.accessMainPhase(TestCaseExecutor.java:301)
	at com.kms.katalon.core.main.TestCaseExecutor.execute(TestCaseExecutor.java:235)
	at com.kms.katalon.core.main.TestSuiteExecutor.accessTestCaseMainPhase(TestSuiteExecutor.java:191)
	at com.kms.katalon.core.main.TestSuiteExecutor.accessTestSuiteMainPhase(TestSuiteExecutor.java:141)
	at com.kms.katalon.core.main.TestSuiteExecutor.execute(TestSuiteExecutor.java:90)
	at com.kms.katalon.core.main.TestCaseMain.startTestSuite(TestCaseMain.java:157)
	at com.kms.katalon.core.main.TestCaseMain$startTestSuite$0.call(Unknown Source)
	at TempTestSuite1611224754744.run(TempTestSuite1611224754744.groovy:39)


2021-01-21 17:56:22 - [MESSAGE][WARNING] - A browser is already opened. Closing browser and opening a new one

2021-01-21 17:56:22 - [MESSAGE][INFO] - Starting 'Chrome (headless)' driver

2021-01-21 17:56:22 - [MESSAGE][INFO] - User set preference: ['args', '[--start-maximized, --disable-gpu, --no-proxy-server, –-no-sandbox, --allow-running-insecure-content, --ignore-certificate-errors, window-size=1680,814, force-device-scale-factor=2, --lang=en-GB]']

2021-01-21 17:56:22 - [MESSAGE][INFO] - User set preference: ['prefs', '{download.default_directory=/Users/chaidir.pratama01/Katalon Studio/IST_Automation_Git/Download}']

2021-01-21 17:56:22 - [MESSAGE][INFO] - Action delay is set to 0 milliseconds

2021-01-21 17:56:23 - [MESSAGE][PASSED] - Browser is opened with url: ''

2021-01-21 17:56:24 - [MESSAGE][FAILED] - Unable to navigate to 'https://dev-istools.homecredit.id/foundation/' (Root cause: com.kms.katalon.core.exception.StepFailedException: Unable to navigate to 'https://dev-istools.homecredit.id/foundation/'
	at com.kms.katalon.core.webui.keyword.internal.WebUIKeywordMain.stepFailed(WebUIKeywordMain.groovy:64)
	at com.kms.katalon.core.webui.keyword.internal.WebUIKeywordMain.runKeyword(WebUIKeywordMain.groovy:26)
	at com.kms.katalon.core.webui.keyword.builtin.NavigateToUrlKeyword.navigateToUrl(NavigateToUrlKeyword.groovy:83)
	at com.kms.katalon.core.webui.keyword.builtin.NavigateToUrlKeyword.execute(NavigateToUrlKeyword.groovy:67)
	at com.kms.katalon.core.keyword.internal.KeywordExecutor.executeKeywordForPlatform(KeywordExecutor.groovy:73)
	at com.kms.katalon.core.webui.keyword.WebUiBuiltInKeywords.navigateToUrl(WebUiBuiltInKeywords.groovy:183)
	at com.kms.katalon.core.webui.keyword.WebUiBuiltInKeywords$navigateToUrl$0.call(Unknown Source)
	at ist_real.Login_IST.go_to_ISTools_URL(Login_IST.groovy:83)
	at cucumber.runtime.Utils$1.call(Utils.java:26)
	at cucumber.runtime.Timeout.timeout(Timeout.java:16)
	at cucumber.runtime.Utils.invoke(Utils.java:20)
	at cucumber.runtime.java.JavaStepDefinition.execute(JavaStepDefinition.java:48)
	at cucumber.runtime.PickleStepDefinitionMatch.runStep(PickleStepDefinitionMatch.java:50)
	at cucumber.runner.TestStep.executeStep(TestStep.java:55)
	at cucumber.runner.TestStep.run(TestStep.java:42)
	at cucumber.runner.PickleStepTestStep.run(PickleStepTestStep.java:53)
	at cucumber.runner.TestCase.run(TestCase.java:47)
	at cucumber.runner.Runner.runPickle(Runner.java:44)
	at cucumber.runtime.Runtime.runFeature(Runtime.java:120)
	at cucumber.runtime.Runtime.run(Runtime.java:106)
	at cucumber.api.cli.Main.run(Main.java:35)
	at cucumber.api.cli.Main$run.call(Unknown Source)
	at com.kms.katalon.core.cucumber.keyword.CucumberBuiltinKeywords$_runFeatureFile_closure1.doCall(CucumberBuiltinKeywords.groovy:76)
	at com.kms.katalon.core.cucumber.keyword.CucumberBuiltinKeywords$_runFeatureFile_closure1.doCall(CucumberBuiltinKeywords.groovy)
	at com.kms.katalon.core.keyword.internal.KeywordMain.runKeyword(KeywordMain.groovy:68)
	at com.kms.katalon.core.keyword.internal.KeywordMain$runKeyword.call(Unknown Source)
	at com.kms.katalon.core.cucumber.keyword.CucumberBuiltinKeywords.runFeatureFile(CucumberBuiltinKeywords.groovy:46)
	at com.kms.katalon.core.cucumber.keyword.CucumberBuiltinKeywords$runFeatureFile$0.callStatic(Unknown Source)
	at com.kms.katalon.core.cucumber.keyword.CucumberBuiltinKeywords.runFeatureFile(CucumberBuiltinKeywords.groovy:169)
	at com.kms.katalon.core.cucumber.keyword.CucumberBuiltinKeywords$runFeatureFile.call(Unknown Source)
	at TC_Search_by_STATUS.run(TC_Search_by_STATUS:18)
	at com.kms.katalon.core.main.ScriptEngine.run(ScriptEngine.java:194)
	at com.kms.katalon.core.main.ScriptEngine.runScriptAsRawText(ScriptEngine.java:119)
	at com.kms.katalon.core.main.TestCaseExecutor.runScript(TestCaseExecutor.java:339)
	at com.kms.katalon.core.main.TestCaseExecutor.doExecute(TestCaseExecutor.java:330)
	at com.kms.katalon.core.main.TestCaseExecutor.processExecutionPhase(TestCaseExecutor.java:309)
	at com.kms.katalon.core.main.TestCaseExecutor.accessMainPhase(TestCaseExecutor.java:301)
	at com.kms.katalon.core.main.TestCaseExecutor.execute(TestCaseExecutor.java:235)
	at com.kms.katalon.core.main.TestSuiteExecutor.accessTestCaseMainPhase(TestSuiteExecutor.java:191)
	at com.kms.katalon.core.main.TestSuiteExecutor.accessTestSuiteMainPhase(TestSuiteExecutor.java:141)
	at com.kms.katalon.core.main.TestSuiteExecutor.execute(TestSuiteExecutor.java:90)
	at com.kms.katalon.core.main.TestCaseMain.startTestSuite(TestCaseMain.java:157)
	at com.kms.katalon.core.main.TestCaseMain$startTestSuite$0.call(Unknown Source)
	at TempTestSuite1611224754744.run(TempTestSuite1611224754744.groovy:39)
Caused by: org.openqa.selenium.WebDriverException: unknown error: net::ERR_CONNECTION_REFUSED
  (Session info: headless chrome=87.0.4280.141)
Build info: version: '3.141.59', revision: 'e82be7d358', time: '2018-11-14T08:25:53'
System info: host: 'M-Chaidir-Pratama.local', ip: 'fe80:0:0:0:14e4:ed6f:bc3b:fd01%en0', os.name: 'Mac OS X', os.arch: 'x86_64', os.version: '10.15', java.version: '1.8.0_181'
Driver info: com.kms.katalon.selenium.driver.CChromeDriver
Capabilities {acceptInsecureCerts: false, browserName: chrome, browserVersion: 87.0.4280.141, chrome: {chromedriverVersion: 87.0.4280.88 (89e2380a3e36c..., userDataDir: /var/folders/0s/4_d154xd6dq...}, goog:chromeOptions: {debuggerAddress: localhost:61995}, javascriptEnabled: true, networkConnectionEnabled: false, pageLoadStrategy: normal, platform: MAC, platformName: MAC, proxy: Proxy(), setWindowRect: true, strictFileInteractability: false, timeouts: {implicit: 0, pageLoad: 300000, script: 30000}, unhandledPromptBehavior: dismiss and notify, webauthn:virtualAuthenticators: true}
Session ID: fc8175a3ed549713fb9fa2c75e3f2ad6
	at org.openqa.selenium.remote.http.W3CHttpResponseCodec.createException(W3CHttpResponseCodec.java:187)
	at org.openqa.selenium.remote.http.W3CHttpResponseCodec.decode(W3CHttpResponseCodec.java:122)
	at org.openqa.selenium.remote.http.W3CHttpResponseCodec.decode(W3CHttpResponseCodec.java:49)
	at org.openqa.selenium.remote.HttpCommandExecutor.execute(HttpCommandExecutor.java:158)
	at org.openqa.selenium.remote.service.DriverCommandExecutor.execute(DriverCommandExecutor.java:83)
	at org.openqa.selenium.remote.RemoteWebDriver.execute(RemoteWebDriver.java:552)
	at com.kms.katalon.selenium.driver.CChromeDriver.execute(CChromeDriver.java:19)
	at org.openqa.selenium.remote.RemoteWebDriver.get(RemoteWebDriver.java:277)
	at org.openqa.selenium.remote.RemoteWebDriver$RemoteNavigation.to(RemoteWebDriver.java:857)
	at org.openqa.selenium.support.events.EventFiringWebDriver$EventFiringNavigation.to(EventFiringWebDriver.java:569)
	at com.kms.katalon.core.webui.keyword.builtin.NavigateToUrlKeyword$_navigateToUrl_closure1.doCall(NavigateToUrlKeyword.groovy:81)
	at com.kms.katalon.core.webui.keyword.builtin.NavigateToUrlKeyword$_navigateToUrl_closure1.call(NavigateToUrlKeyword.groovy)
	at com.kms.katalon.core.webui.keyword.internal.WebUIKeywordMain.runKeyword(WebUIKeywordMain.groovy:20)
	at com.kms.katalon.core.webui.keyword.builtin.NavigateToUrlKeyword.navigateToUrl(NavigateToUrlKeyword.groovy:83)
	at com.kms.katalon.core.webui.keyword.builtin.NavigateToUrlKeyword.execute(NavigateToUrlKeyword.groovy:67)
	at com.kms.katalon.core.keyword.internal.KeywordExecutor.executeKeywordForPlatform(KeywordExecutor.groovy:73)
	at com.kms.katalon.core.webui.keyword.WebUiBuiltInKeywords.navigateToUrl(WebUiBuiltInKeywords.groovy:183)
	at com.kms.katalon.core.webui.keyword.WebUiBuiltInKeywords$navigateToUrl$0.call(Unknown Source)
	at ist_real.Login_IST.go_to_ISTools_URL(Login_IST.groovy:83)
	at cucumber.runtime.Utils$1.call(Utils.java:26)
	at cucumber.runtime.Timeout.timeout(Timeout.java:16)
	at cucumber.runtime.Utils.invoke(Utils.java:20)
	at cucumber.runtime.java.JavaStepDefinition.execute(JavaStepDefinition.java:48)
	at cucumber.runtime.PickleStepDefinitionMatch.runStep(PickleStepDefinitionMatch.java:50)
	at cucumber.runner.TestStep.executeStep(TestStep.java:55)
	at cucumber.runner.TestStep.run(TestStep.java:42)
	at cucumber.runner.PickleStepTestStep.run(PickleStepTestStep.java:53)
	at cucumber.runner.TestCase.run(TestCase.java:47)
	at cucumber.runner.Runner.runPickle(Runner.java:44)
	at cucumber.runtime.Runtime.runFeature(Runtime.java:120)
	at cucumber.runtime.Runtime.run(Runtime.java:106)
	at cucumber.api.cli.Main.run(Main.java:35)
	at cucumber.api.cli.Main$run.call(Unknown Source)
	at com.kms.katalon.core.cucumber.keyword.CucumberBuiltinKeywords$_runFeatureFile_closure1.doCall(CucumberBuiltinKeywords.groovy:76)
	at com.kms.katalon.core.cucumber.keyword.CucumberBuiltinKeywords$_runFeatureFile_closure1.doCall(CucumberBuiltinKeywords.groovy)
	at com.kms.katalon.core.keyword.internal.KeywordMain.runKeyword(KeywordMain.groovy:68)
	at com.kms.katalon.core.keyword.internal.KeywordMain$runKeyword.call(Unknown Source)
	at com.kms.katalon.core.cucumber.keyword.CucumberBuiltinKeywords.runFeatureFile(CucumberBuiltinKeywords.groovy:46)
	at com.kms.katalon.core.cucumber.keyword.CucumberBuiltinKeywords$runFeatureFile$0.callStatic(Unknown Source)
	at com.kms.katalon.core.cucumber.keyword.CucumberBuiltinKeywords.runFeatureFile(CucumberBuiltinKeywords.groovy:169)
	at com.kms.katalon.core.cucumber.keyword.CucumberBuiltinKeywords$runFeatureFile.call(Unknown Source)
	at Script1611043905720.run(Script1611043905720.groovy:18)
	... 13 more
)
[[ATTACHMENT|/Users/chaidir.pratama01/Katalon Studio/IST_Automation_Git/Reports/20210121_172548/RTD/TS_Partner_Disbursement/20210121_172554/1611226584502.png]]

2021-01-21 17:56:24 - [MESSAGE][FAILED] - Go to ISTools FAILED.
Reason:
com.kms.katalon.core.exception.StepFailedException: Unable to navigate to 'https://dev-istools.homecredit.id/foundation/'
	at com.kms.katalon.core.webui.keyword.internal.WebUIKeywordMain.stepFailed(WebUIKeywordMain.groovy:64)
	at com.kms.katalon.core.webui.keyword.internal.WebUIKeywordMain.runKeyword(WebUIKeywordMain.groovy:26)
	at com.kms.katalon.core.webui.keyword.builtin.NavigateToUrlKeyword.navigateToUrl(NavigateToUrlKeyword.groovy:83)
	at com.kms.katalon.core.webui.keyword.builtin.NavigateToUrlKeyword.execute(NavigateToUrlKeyword.groovy:67)
	at com.kms.katalon.core.keyword.internal.KeywordExecutor.executeKeywordForPlatform(KeywordExecutor.groovy:73)
	at com.kms.katalon.core.webui.keyword.WebUiBuiltInKeywords.navigateToUrl(WebUiBuiltInKeywords.groovy:183)
	at com.kms.katalon.core.webui.keyword.WebUiBuiltInKeywords$navigateToUrl$0.call(Unknown Source)
	at ist_real.Login_IST.go_to_ISTools_URL(Login_IST.groovy:83)
	at ✽.Go to ISTools(/Users/chaidir.pratama01/Katalon Studio/IST_Automation_Git/Include/features/IST_Real/RTD/Partner_Disbursement/Search_by_STATUS.feature:221)
Caused by: org.openqa.selenium.WebDriverException: unknown error: net::ERR_CONNECTION_REFUSED
  (Session info: headless chrome=87.0.4280.141)
Build info: version: '3.141.59', revision: 'e82be7d358', time: '2018-11-14T08:25:53'
System info: host: 'M-Chaidir-Pratama.local', ip: 'fe80:0:0:0:14e4:ed6f:bc3b:fd01%en0', os.name: 'Mac OS X', os.arch: 'x86_64', os.version: '10.15', java.version: '1.8.0_181'
Driver info: com.kms.katalon.selenium.driver.CChromeDriver
Capabilities {acceptInsecureCerts: false, browserName: chrome, browserVersion: 87.0.4280.141, chrome: {chromedriverVersion: 87.0.4280.88 (89e2380a3e36c..., userDataDir: /var/folders/0s/4_d154xd6dq...}, goog:chromeOptions: {debuggerAddress: localhost:61995}, javascriptEnabled: true, networkConnectionEnabled: false, pageLoadStrategy: normal, platform: MAC, platformName: MAC, proxy: Proxy(), setWindowRect: true, strictFileInteractability: false, timeouts: {implicit: 0, pageLoad: 300000, script: 30000}, unhandledPromptBehavior: dismiss and notify, webauthn:virtualAuthenticators: true}
Session ID: fc8175a3ed549713fb9fa2c75e3f2ad6
	at org.openqa.selenium.remote.http.W3CHttpResponseCodec.createException(W3CHttpResponseCodec.java:187)
	at org.openqa.selenium.remote.http.W3CHttpResponseCodec.decode(W3CHttpResponseCodec.java:122)
	at org.openqa.selenium.remote.http.W3CHttpResponseCodec.decode(W3CHttpResponseCodec.java:49)
	at org.openqa.selenium.remote.HttpCommandExecutor.execute(HttpCommandExecutor.java:158)
	at org.openqa.selenium.remote.service.DriverCommandExecutor.execute(DriverCommandExecutor.java:83)
	at org.openqa.selenium.remote.RemoteWebDriver.execute(RemoteWebDriver.java:552)
	at com.kms.katalon.selenium.driver.CChromeDriver.execute(CChromeDriver.java:19)
	at org.openqa.selenium.remote.RemoteWebDriver.get(RemoteWebDriver.java:277)
	at org.openqa.selenium.remote.RemoteWebDriver$RemoteNavigation.to(RemoteWebDriver.java:857)
	at org.openqa.selenium.support.events.EventFiringWebDriver$EventFiringNavigation.to(EventFiringWebDriver.java:569)
	at com.kms.katalon.core.webui.keyword.builtin.NavigateToUrlKeyword$_navigateToUrl_closure1.doCall(NavigateToUrlKeyword.groovy:81)
	at com.kms.katalon.core.webui.keyword.builtin.NavigateToUrlKeyword$_navigateToUrl_closure1.call(NavigateToUrlKeyword.groovy)
	at com.kms.katalon.core.webui.keyword.internal.WebUIKeywordMain.runKeyword(WebUIKeywordMain.groovy:20)
	at com.kms.katalon.core.webui.keyword.builtin.NavigateToUrlKeyword.navigateToUrl(NavigateToUrlKeyword.groovy:83)
	at com.kms.katalon.core.webui.keyword.builtin.NavigateToUrlKeyword.execute(NavigateToUrlKeyword.groovy:67)
	at com.kms.katalon.core.keyword.internal.KeywordExecutor.executeKeywordForPlatform(KeywordExecutor.groovy:73)
	at com.kms.katalon.core.webui.keyword.WebUiBuiltInKeywords.navigateToUrl(WebUiBuiltInKeywords.groovy:183)
	at com.kms.katalon.core.webui.keyword.WebUiBuiltInKeywords$navigateToUrl$0.call(Unknown Source)
	at ist_real.Login_IST.go_to_ISTools_URL(Login_IST.groovy:83)
	at cucumber.runtime.Utils$1.call(Utils.java:26)
	at cucumber.runtime.Timeout.timeout(Timeout.java:16)
	at cucumber.runtime.Utils.invoke(Utils.java:20)
	at cucumber.runtime.java.JavaStepDefinition.execute(JavaStepDefinition.java:48)
	at cucumber.runtime.PickleStepDefinitionMatch.runStep(PickleStepDefinitionMatch.java:50)
	at cucumber.runner.TestStep.executeStep(TestStep.java:55)
	at cucumber.runner.TestStep.run(TestStep.java:42)
	at cucumber.runner.PickleStepTestStep.run(PickleStepTestStep.java:53)
	at cucumber.runner.TestCase.run(TestCase.java:47)
	at cucumber.runner.Runner.runPickle(Runner.java:44)
	at cucumber.runtime.Runtime.runFeature(Runtime.java:120)
	at cucumber.runtime.Runtime.run(Runtime.java:106)
	at cucumber.api.cli.Main.run(Main.java:35)
	at cucumber.api.cli.Main$run.call(Unknown Source)
	at com.kms.katalon.core.cucumber.keyword.CucumberBuiltinKeywords$_runFeatureFile_closure1.doCall(CucumberBuiltinKeywords.groovy:76)
	at com.kms.katalon.core.cucumber.keyword.CucumberBuiltinKeywords$_runFeatureFile_closure1.doCall(CucumberBuiltinKeywords.groovy)
	at com.kms.katalon.core.keyword.internal.KeywordMain.runKeyword(KeywordMain.groovy:68)
	at com.kms.katalon.core.keyword.internal.KeywordMain$runKeyword.call(Unknown Source)
	at com.kms.katalon.core.cucumber.keyword.CucumberBuiltinKeywords.runFeatureFile(CucumberBuiltinKeywords.groovy:46)
	at com.kms.katalon.core.cucumber.keyword.CucumberBuiltinKeywords$runFeatureFile$0.callStatic(Unknown Source)
	at com.kms.katalon.core.cucumber.keyword.CucumberBuiltinKeywords.runFeatureFile(CucumberBuiltinKeywords.groovy:169)
	at com.kms.katalon.core.cucumber.keyword.CucumberBuiltinKeywords$runFeatureFile.call(Unknown Source)
	at TC_Search_by_STATUS.run(TC_Search_by_STATUS:18)
	at com.kms.katalon.core.main.ScriptEngine.run(ScriptEngine.java:194)
	at com.kms.katalon.core.main.ScriptEngine.runScriptAsRawText(ScriptEngine.java:119)
	at com.kms.katalon.core.main.TestCaseExecutor.runScript(TestCaseExecutor.java:339)
	at com.kms.katalon.core.main.TestCaseExecutor.doExecute(TestCaseExecutor.java:330)
	at com.kms.katalon.core.main.TestCaseExecutor.processExecutionPhase(TestCaseExecutor.java:309)
	at com.kms.katalon.core.main.TestCaseExecutor.accessMainPhase(TestCaseExecutor.java:301)
	at com.kms.katalon.core.main.TestCaseExecutor.execute(TestCaseExecutor.java:235)
	at com.kms.katalon.core.main.TestSuiteExecutor.accessTestCaseMainPhase(TestSuiteExecutor.java:191)
	at com.kms.katalon.core.main.TestSuiteExecutor.accessTestSuiteMainPhase(TestSuiteExecutor.java:141)
	at com.kms.katalon.core.main.TestSuiteExecutor.execute(TestSuiteExecutor.java:90)
	at com.kms.katalon.core.main.TestCaseMain.startTestSuite(TestCaseMain.java:157)
	at com.kms.katalon.core.main.TestCaseMain$startTestSuite$0.call(Unknown Source)
	at TempTestSuite1611224754744.run(TempTestSuite1611224754744.groovy:39)


2021-01-21 17:56:24 - [TEST_STEP][NOT_RUN] - Login IST with valid credentials: Login IST with valid credentials

2021-01-21 17:56:24 - [MESSAGE][NOT_RUN] - Login IST with valid credentials

2021-01-21 17:56:24 - [TEST_STEP][NOT_RUN] - Login Success: Login Success

2021-01-21 17:56:24 - [MESSAGE][NOT_RUN] - Login Success

2021-01-21 17:56:24 - [TEST_STEP][NOT_RUN] - Select Arrow Menu "Real Time Disbursement": Select Arrow Menu "Real Time Disbursement"

2021-01-21 17:56:24 - [MESSAGE][NOT_RUN] - Select Arrow Menu "Real Time Disbursement"

2021-01-21 17:56:24 - [TEST_STEP][NOT_RUN] - Select Menu "Partner Disbursement": Select Menu "Partner Disbursement"

2021-01-21 17:56:24 - [MESSAGE][NOT_RUN] - Select Menu "Partner Disbursement"

2021-01-21 17:56:24 - [TEST_STEP][NOT_RUN] - Select STATUS "Waiting Confirmation From SBO": Select STATUS "Waiting Confirmation From SBO"

2021-01-21 17:56:24 - [MESSAGE][NOT_RUN] - Select STATUS "Waiting Confirmation From SBO"

2021-01-21 17:56:24 - [TEST_STEP][NOT_RUN] - Click button "Search": Click button "Search"

2021-01-21 17:56:24 - [MESSAGE][NOT_RUN] - Click button "Search"

2021-01-21 17:56:24 - [TEST_STEP][NOT_RUN] - Verify Search Result Presents: Verify Search Result Presents

2021-01-21 17:56:24 - [MESSAGE][NOT_RUN] - Verify Search Result Presents

2021-01-21 17:56:24 - [TEST_STEP][NOT_RUN] - Click button "Logout": Click button "Logout"

2021-01-21 17:56:24 - [MESSAGE][NOT_RUN] - Click button "Logout"

2021-01-21 17:56:24 - [TEST_STEP][NOT_RUN] - Close browser: Close browser

2021-01-21 17:56:24 - [MESSAGE][NOT_RUN] - Close browser

2021-01-21 17:56:24 - [TEST_CASE][FAILED] - Start Test Case : SCENARIO Search by STATUS Hold Payment Insufficient Fund: SCENARIO Search by STATUS Hold Payment Insufficient Fund FAILED.
Reason:
com.kms.katalon.core.exception.StepFailedException: Unable to set text 'mobile.test' of object 'Object Repository/Page_/input_Username_j_username'
	at com.kms.katalon.core.webui.keyword.internal.WebUIKeywordMain.stepFailed(WebUIKeywordMain.groovy:64)
	at com.kms.katalon.core.webui.keyword.internal.WebUIKeywordMain.runKeyword(WebUIKeywordMain.groovy:26)
	at com.kms.katalon.core.webui.keyword.builtin.SetTextKeyword.setText(SetTextKeyword.groovy:66)
	at com.kms.katalon.core.webui.keyword.builtin.SetTextKeyword.execute(SetTextKeyword.groovy:37)
	at com.kms.katalon.core.keyword.internal.KeywordExecutor.executeKeywordForPlatform(KeywordExecutor.groovy:73)
	at com.kms.katalon.core.webui.keyword.WebUiBuiltInKeywords.setText(WebUiBuiltInKeywords.groovy:976)
	at com.kms.katalon.core.webui.keyword.WebUiBuiltInKeywords$setText$1.call(Unknown Source)
	at ist_real.Login_IST.I_want_to_login_to_IST(Login_IST.groovy:133)
	at ✽.Login IST with valid credentials(/Users/chaidir.pratama01/Katalon Studio/IST_Automation_Git/Include/features/IST_Real/RTD/Partner_Disbursement/Search_by_STATUS.feature:236)
Caused by: java.lang.IllegalArgumentException: Cannot find elements when the selector is null
	at org.openqa.selenium.By$ByCssSelector.<init>(By.java:422)
	at org.openqa.selenium.By.cssSelector(By.java:116)
	at com.kms.katalon.core.webui.common.WebUiCommonHelper.buildLocator(WebUiCommonHelper.java:515)
	at com.kms.katalon.core.webui.common.WebUiCommonHelper.findElementByNormalMethods(WebUiCommonHelper.java:985)
	at com.kms.katalon.core.webui.common.WebUiCommonHelper.findElementsBySelectedMethod(WebUiCommonHelper.java:890)
	at com.kms.katalon.core.webui.common.WebUiCommonHelper.findElementsWithSelfHealing(WebUiCommonHelper.java:794)
	at com.kms.katalon.core.webui.common.WebUiCommonHelper.findWebElements(WebUiCommonHelper.java:717)
	at com.kms.katalon.core.webui.common.WebUiCommonHelper.findWebElement(WebUiCommonHelper.java:1349)
	at com.kms.katalon.core.webui.keyword.internal.WebUIAbstractKeyword.findWebElement(WebUIAbstractKeyword.groovy:27)
	at com.kms.katalon.core.webui.keyword.internal.WebUIAbstractKeyword.findWebElement(WebUIAbstractKeyword.groovy:26)
	at com.kms.katalon.core.webui.keyword.builtin.SetTextKeyword$_setText_closure1.doCall(SetTextKeyword.groovy:51)
	at com.kms.katalon.core.webui.keyword.builtin.SetTextKeyword$_setText_closure1.call(SetTextKeyword.groovy)
	at com.kms.katalon.core.webui.keyword.internal.WebUIKeywordMain.runKeyword(WebUIKeywordMain.groovy:20)
	at com.kms.katalon.core.webui.keyword.builtin.SetTextKeyword.setText(SetTextKeyword.groovy:66)
	at com.kms.katalon.core.webui.keyword.builtin.SetTextKeyword.execute(SetTextKeyword.groovy:37)
	at com.kms.katalon.core.keyword.internal.KeywordExecutor.executeKeywordForPlatform(KeywordExecutor.groovy:73)
	at com.kms.katalon.core.webui.keyword.WebUiBuiltInKeywords.setText(WebUiBuiltInKeywords.groovy:976)
	at com.kms.katalon.core.webui.keyword.WebUiBuiltInKeywords$setText$1.call(Unknown Source)
	at ist_real.Login_IST.I_want_to_login_to_IST(Login_IST.groovy:133)
	at cucumber.runtime.Utils$1.call(Utils.java:26)
	at cucumber.runtime.Timeout.timeout(Timeout.java:16)
	at cucumber.runtime.Utils.invoke(Utils.java:20)
	at cucumber.runtime.java.JavaStepDefinition.execute(JavaStepDefinition.java:48)
	at cucumber.runtime.PickleStepDefinitionMatch.runStep(PickleStepDefinitionMatch.java:50)
	at cucumber.runner.TestStep.executeStep(TestStep.java:55)
	at cucumber.runner.TestStep.run(TestStep.java:42)
	at cucumber.runner.PickleStepTestStep.run(PickleStepTestStep.java:53)
	at cucumber.runner.TestCase.run(TestCase.java:47)
	at cucumber.runner.Runner.runPickle(Runner.java:44)
	at cucumber.runtime.Runtime.runFeature(Runtime.java:120)
	at cucumber.runtime.Runtime.run(Runtime.java:106)
	at cucumber.api.cli.Main.run(Main.java:35)
	at cucumber.api.cli.Main$run.call(Unknown Source)
	at com.kms.katalon.core.cucumber.keyword.CucumberBuiltinKeywords$_runFeatureFile_closure1.doCall(CucumberBuiltinKeywords.groovy:76)
	at com.kms.katalon.core.cucumber.keyword.CucumberBuiltinKeywords$_runFeatureFile_closure1.doCall(CucumberBuiltinKeywords.groovy)
	at com.kms.katalon.core.keyword.internal.KeywordMain.runKeyword(KeywordMain.groovy:68)
	at com.kms.katalon.core.keyword.internal.KeywordMain$runKeyword.call(Unknown Source)
	at com.kms.katalon.core.cucumber.keyword.CucumberBuiltinKeywords.runFeatureFile(CucumberBuiltinKeywords.groovy:46)
	at com.kms.katalon.core.cucumber.keyword.CucumberBuiltinKeywords$runFeatureFile$0.callStatic(Unknown Source)
	at com.kms.katalon.core.cucumber.keyword.CucumberBuiltinKeywords.runFeatureFile(CucumberBuiltinKeywords.groovy:169)
	at com.kms.katalon.core.cucumber.keyword.CucumberBuiltinKeywords$runFeatureFile.call(Unknown Source)
	at TC_Search_by_STATUS.run(TC_Search_by_STATUS:18)
	at com.kms.katalon.core.main.ScriptEngine.run(ScriptEngine.java:194)
	at com.kms.katalon.core.main.ScriptEngine.runScriptAsRawText(ScriptEngine.java:119)
	at com.kms.katalon.core.main.TestCaseExecutor.runScript(TestCaseExecutor.java:339)
	at com.kms.katalon.core.main.TestCaseExecutor.doExecute(TestCaseExecutor.java:330)
	at com.kms.katalon.core.main.TestCaseExecutor.processExecutionPhase(TestCaseExecutor.java:309)
	at com.kms.katalon.core.main.TestCaseExecutor.accessMainPhase(TestCaseExecutor.java:301)
	at com.kms.katalon.core.main.TestCaseExecutor.execute(TestCaseExecutor.java:235)
	at com.kms.katalon.core.main.TestSuiteExecutor.accessTestCaseMainPhase(TestSuiteExecutor.java:191)
	at com.kms.katalon.core.main.TestSuiteExecutor.accessTestSuiteMainPhase(TestSuiteExecutor.java:141)
	at com.kms.katalon.core.main.TestSuiteExecutor.execute(TestSuiteExecutor.java:90)
	at com.kms.katalon.core.main.TestCaseMain.startTestSuite(TestCaseMain.java:157)
	at com.kms.katalon.core.main.TestCaseMain$startTestSuite$0.call(Unknown Source)
	at TempTestSuite1611224754744.run(TempTestSuite1611224754744.groovy:39)


2021-01-21 17:56:24 - [TEST_STEP][PASSED] - Go to ISTools: Go to ISTools

2021-01-21 17:56:24 - [MESSAGE][WARNING] - A browser is already opened. Closing browser and opening a new one

2021-01-21 17:56:25 - [MESSAGE][INFO] - Starting 'Chrome (headless)' driver

2021-01-21 17:56:25 - [MESSAGE][INFO] - User set preference: ['args', '[--start-maximized, --disable-gpu, --no-proxy-server, –-no-sandbox, --allow-running-insecure-content, --ignore-certificate-errors, window-size=1680,814, force-device-scale-factor=2, --lang=en-GB]']

2021-01-21 17:56:25 - [MESSAGE][INFO] - User set preference: ['prefs', '{download.default_directory=/Users/chaidir.pratama01/Katalon Studio/IST_Automation_Git/Download}']

2021-01-21 17:56:25 - [MESSAGE][INFO] - Action delay is set to 0 milliseconds

2021-01-21 17:56:25 - [MESSAGE][PASSED] - Browser is opened with url: ''

2021-01-21 17:56:32 - [MESSAGE][PASSED] - Navigate to 'https://dev-istools.homecredit.id/foundation/' successfully

2021-01-21 17:56:32 - [MESSAGE][PASSED] - Go to ISTools

2021-01-21 17:56:32 - [TEST_STEP][FAILED] - Login IST with valid credentials: Login IST with valid credentials FAILED.
Reason:
com.kms.katalon.core.exception.StepFailedException: Unable to set text 'mobile.test' of object 'Object Repository/Page_/input_Username_j_username'
	at com.kms.katalon.core.webui.keyword.internal.WebUIKeywordMain.stepFailed(WebUIKeywordMain.groovy:64)
	at com.kms.katalon.core.webui.keyword.internal.WebUIKeywordMain.runKeyword(WebUIKeywordMain.groovy:26)
	at com.kms.katalon.core.webui.keyword.builtin.SetTextKeyword.setText(SetTextKeyword.groovy:66)
	at com.kms.katalon.core.webui.keyword.builtin.SetTextKeyword.execute(SetTextKeyword.groovy:37)
	at com.kms.katalon.core.keyword.internal.KeywordExecutor.executeKeywordForPlatform(KeywordExecutor.groovy:73)
	at com.kms.katalon.core.webui.keyword.WebUiBuiltInKeywords.setText(WebUiBuiltInKeywords.groovy:976)
	at com.kms.katalon.core.webui.keyword.WebUiBuiltInKeywords$setText$1.call(Unknown Source)
	at ist_real.Login_IST.I_want_to_login_to_IST(Login_IST.groovy:133)
	at ✽.Login IST with valid credentials(/Users/chaidir.pratama01/Katalon Studio/IST_Automation_Git/Include/features/IST_Real/RTD/Partner_Disbursement/Search_by_STATUS.feature:236)
Caused by: java.lang.IllegalArgumentException: Cannot find elements when the selector is null
	at org.openqa.selenium.By$ByCssSelector.<init>(By.java:422)
	at org.openqa.selenium.By.cssSelector(By.java:116)
	at com.kms.katalon.core.webui.common.WebUiCommonHelper.buildLocator(WebUiCommonHelper.java:515)
	at com.kms.katalon.core.webui.common.WebUiCommonHelper.findElementByNormalMethods(WebUiCommonHelper.java:985)
	at com.kms.katalon.core.webui.common.WebUiCommonHelper.findElementsBySelectedMethod(WebUiCommonHelper.java:890)
	at com.kms.katalon.core.webui.common.WebUiCommonHelper.findElementsWithSelfHealing(WebUiCommonHelper.java:794)
	at com.kms.katalon.core.webui.common.WebUiCommonHelper.findWebElements(WebUiCommonHelper.java:717)
	at com.kms.katalon.core.webui.common.WebUiCommonHelper.findWebElement(WebUiCommonHelper.java:1349)
	at com.kms.katalon.core.webui.keyword.internal.WebUIAbstractKeyword.findWebElement(WebUIAbstractKeyword.groovy:27)
	at com.kms.katalon.core.webui.keyword.internal.WebUIAbstractKeyword.findWebElement(WebUIAbstractKeyword.groovy:26)
	at com.kms.katalon.core.webui.keyword.builtin.SetTextKeyword$_setText_closure1.doCall(SetTextKeyword.groovy:51)
	at com.kms.katalon.core.webui.keyword.builtin.SetTextKeyword$_setText_closure1.call(SetTextKeyword.groovy)
	at com.kms.katalon.core.webui.keyword.internal.WebUIKeywordMain.runKeyword(WebUIKeywordMain.groovy:20)
	at com.kms.katalon.core.webui.keyword.builtin.SetTextKeyword.setText(SetTextKeyword.groovy:66)
	at com.kms.katalon.core.webui.keyword.builtin.SetTextKeyword.execute(SetTextKeyword.groovy:37)
	at com.kms.katalon.core.keyword.internal.KeywordExecutor.executeKeywordForPlatform(KeywordExecutor.groovy:73)
	at com.kms.katalon.core.webui.keyword.WebUiBuiltInKeywords.setText(WebUiBuiltInKeywords.groovy:976)
	at com.kms.katalon.core.webui.keyword.WebUiBuiltInKeywords$setText$1.call(Unknown Source)
	at ist_real.Login_IST.I_want_to_login_to_IST(Login_IST.groovy:133)
	at cucumber.runtime.Utils$1.call(Utils.java:26)
	at cucumber.runtime.Timeout.timeout(Timeout.java:16)
	at cucumber.runtime.Utils.invoke(Utils.java:20)
	at cucumber.runtime.java.JavaStepDefinition.execute(JavaStepDefinition.java:48)
	at cucumber.runtime.PickleStepDefinitionMatch.runStep(PickleStepDefinitionMatch.java:50)
	at cucumber.runner.TestStep.executeStep(TestStep.java:55)
	at cucumber.runner.TestStep.run(TestStep.java:42)
	at cucumber.runner.PickleStepTestStep.run(PickleStepTestStep.java:53)
	at cucumber.runner.TestCase.run(TestCase.java:47)
	at cucumber.runner.Runner.runPickle(Runner.java:44)
	at cucumber.runtime.Runtime.runFeature(Runtime.java:120)
	at cucumber.runtime.Runtime.run(Runtime.java:106)
	at cucumber.api.cli.Main.run(Main.java:35)
	at cucumber.api.cli.Main$run.call(Unknown Source)
	at com.kms.katalon.core.cucumber.keyword.CucumberBuiltinKeywords$_runFeatureFile_closure1.doCall(CucumberBuiltinKeywords.groovy:76)
	at com.kms.katalon.core.cucumber.keyword.CucumberBuiltinKeywords$_runFeatureFile_closure1.doCall(CucumberBuiltinKeywords.groovy)
	at com.kms.katalon.core.keyword.internal.KeywordMain.runKeyword(KeywordMain.groovy:68)
	at com.kms.katalon.core.keyword.internal.KeywordMain$runKeyword.call(Unknown Source)
	at com.kms.katalon.core.cucumber.keyword.CucumberBuiltinKeywords.runFeatureFile(CucumberBuiltinKeywords.groovy:46)
	at com.kms.katalon.core.cucumber.keyword.CucumberBuiltinKeywords$runFeatureFile$0.callStatic(Unknown Source)
	at com.kms.katalon.core.cucumber.keyword.CucumberBuiltinKeywords.runFeatureFile(CucumberBuiltinKeywords.groovy:169)
	at com.kms.katalon.core.cucumber.keyword.CucumberBuiltinKeywords$runFeatureFile.call(Unknown Source)
	at TC_Search_by_STATUS.run(TC_Search_by_STATUS:18)
	at com.kms.katalon.core.main.ScriptEngine.run(ScriptEngine.java:194)
	at com.kms.katalon.core.main.ScriptEngine.runScriptAsRawText(ScriptEngine.java:119)
	at com.kms.katalon.core.main.TestCaseExecutor.runScript(TestCaseExecutor.java:339)
	at com.kms.katalon.core.main.TestCaseExecutor.doExecute(TestCaseExecutor.java:330)
	at com.kms.katalon.core.main.TestCaseExecutor.processExecutionPhase(TestCaseExecutor.java:309)
	at com.kms.katalon.core.main.TestCaseExecutor.accessMainPhase(TestCaseExecutor.java:301)
	at com.kms.katalon.core.main.TestCaseExecutor.execute(TestCaseExecutor.java:235)
	at com.kms.katalon.core.main.TestSuiteExecutor.accessTestCaseMainPhase(TestSuiteExecutor.java:191)
	at com.kms.katalon.core.main.TestSuiteExecutor.accessTestSuiteMainPhase(TestSuiteExecutor.java:141)
	at com.kms.katalon.core.main.TestSuiteExecutor.execute(TestSuiteExecutor.java:90)
	at com.kms.katalon.core.main.TestCaseMain.startTestSuite(TestCaseMain.java:157)
	at com.kms.katalon.core.main.TestCaseMain$startTestSuite$0.call(Unknown Source)
	at TempTestSuite1611224754744.run(TempTestSuite1611224754744.groovy:39)


2021-01-21 17:57:03 - [MESSAGE][INFO] - Unable to find the element located by 'By.xpath: //input[@name='j_username']'. Please recheck the objects properties to make sure the desired element is located. 

2021-01-21 17:57:03 - [MESSAGE][WARNING] - [SELF-HEALING] Failed to find element with id 'Object Repository/Page_/input_Username_j_username'. Try using Self-healing.

2021-01-21 17:57:03 - [MESSAGE][INFO] - [SELF-HEALING] Failed Locator: '//input[@id='kCKQn']'.

2021-01-21 17:57:03 - [MESSAGE][INFO] - [SELF-HEALING] Failed Locator: '//div[@id='kCKQk']/input'.

2021-01-21 17:57:03 - [MESSAGE][INFO] - [SELF-HEALING] Failed Locator: '(.//*[normalize-space(text()) and normalize-space(.)='Username'])[1]/following::input[1]'.

2021-01-21 17:57:03 - [MESSAGE][INFO] - [SELF-HEALING] Failed Locator: '(.//*[normalize-space(text()) and normalize-space(.)='Login with your LDAP (Windows)'])[1]/following::input[1]'.

2021-01-21 17:57:03 - [MESSAGE][INFO] - [SELF-HEALING] Failed Locator: '(.//*[normalize-space(text()) and normalize-space(.)='Password'])[1]/preceding::input[1]'.

2021-01-21 17:57:03 - [MESSAGE][INFO] - [SELF-HEALING] Failed Locator: '(.//*[normalize-space(text()) and normalize-space(.)='Login'])[1]/preceding::input[2]'.

2021-01-21 17:57:03 - [MESSAGE][INFO] - [SELF-HEALING] Failed Locator: '//input'.

2021-01-21 17:57:03 - [MESSAGE][INFO] - [SELF-HEALING] Failed Locator: '//input[@id='gUxPn']'.

2021-01-21 17:57:03 - [MESSAGE][INFO] - [SELF-HEALING] Failed Locator: '//div[@id='gUxPk']/input'.

2021-01-21 17:57:03 - [MESSAGE][INFO] - [SELF-HEALING] Failed Locator: '//input[@id='wUTCn']'.

2021-01-21 17:57:03 - [MESSAGE][INFO] - [SELF-HEALING] Failed Locator: '//div[@id='wUTCk']/input'.

2021-01-21 17:57:03 - [MESSAGE][INFO] - [SELF-HEALING] Failed Locator: '//input[@id='n17Qn']'.

2021-01-21 17:57:03 - [MESSAGE][INFO] - [SELF-HEALING] Failed Locator: '//div[@id='n17Qk']/input'.

2021-01-21 17:57:03 - [MESSAGE][INFO] - [SELF-HEALING] Failed Locator: '//input[@id='kCKQn']'.

2021-01-21 17:57:03 - [MESSAGE][INFO] - [SELF-HEALING] Failed Locator: '//div[@id='kCKQk']/input'.

2021-01-21 17:57:03 - [MESSAGE][INFO] - [SELF-HEALING] Failed Locator: '(.//*[normalize-space(text()) and normalize-space(.)='Username'])[1]/following::input[1]'.

2021-01-21 17:57:03 - [MESSAGE][INFO] - [SELF-HEALING] Failed Locator: '(.//*[normalize-space(text()) and normalize-space(.)='Login with your LDAP (Windows)'])[1]/following::input[1]'.

2021-01-21 17:57:03 - [MESSAGE][INFO] - [SELF-HEALING] Failed Locator: '(.//*[normalize-space(text()) and normalize-space(.)='Password'])[1]/preceding::input[1]'.

2021-01-21 17:57:03 - [MESSAGE][INFO] - [SELF-HEALING] Failed Locator: '(.//*[normalize-space(text()) and normalize-space(.)='Login'])[1]/preceding::input[2]'.

2021-01-21 17:57:03 - [MESSAGE][INFO] - [SELF-HEALING] Failed Locator: '//input'.

2021-01-21 17:57:03 - [MESSAGE][INFO] - [SELF-HEALING] Failed Locator: '//input[@id='gUxPn']'.

2021-01-21 17:57:03 - [MESSAGE][INFO] - [SELF-HEALING] Failed Locator: '//div[@id='gUxPk']/input'.

2021-01-21 17:57:03 - [MESSAGE][INFO] - [SELF-HEALING] Failed Locator: '//input[@id='wUTCn']'.

2021-01-21 17:57:03 - [MESSAGE][INFO] - [SELF-HEALING] Failed Locator: '//div[@id='wUTCk']/input'.

2021-01-21 17:57:03 - [MESSAGE][INFO] - [SELF-HEALING] Failed Locator: '//input[@id='n17Qn']'.

2021-01-21 17:57:03 - [MESSAGE][INFO] - [SELF-HEALING] Failed Locator: '//div[@id='n17Qk']/input'.

2021-01-21 17:57:03 - [MESSAGE][INFO] - [SELF-HEALING] Failed Locator: '//input[@id='kCKQn']'.

2021-01-21 17:57:03 - [MESSAGE][INFO] - [SELF-HEALING] Failed Locator: '//div[@id='kCKQk']/input'.

2021-01-21 17:57:03 - [MESSAGE][INFO] - [SELF-HEALING] Failed Locator: '(.//*[normalize-space(text()) and normalize-space(.)='Username'])[1]/following::input[1]'.

2021-01-21 17:57:03 - [MESSAGE][INFO] - [SELF-HEALING] Failed Locator: '(.//*[normalize-space(text()) and normalize-space(.)='Login with your LDAP (Windows)'])[1]/following::input[1]'.

2021-01-21 17:57:03 - [MESSAGE][INFO] - [SELF-HEALING] Failed Locator: '(.//*[normalize-space(text()) and normalize-space(.)='Password'])[1]/preceding::input[1]'.

2021-01-21 17:57:03 - [MESSAGE][INFO] - [SELF-HEALING] Failed Locator: '(.//*[normalize-space(text()) and normalize-space(.)='Login'])[1]/preceding::input[2]'.

2021-01-21 17:57:03 - [MESSAGE][INFO] - [SELF-HEALING] Failed Locator: '//input'.

2021-01-21 17:57:03 - [MESSAGE][INFO] - [SELF-HEALING] Failed Locator: '//input[@id='gUxPn']'.

2021-01-21 17:57:03 - [MESSAGE][INFO] - [SELF-HEALING] Failed Locator: '//div[@id='gUxPk']/input'.

2021-01-21 17:57:03 - [MESSAGE][INFO] - [SELF-HEALING] Failed Locator: '//input[@id='wUTCn']'.

2021-01-21 17:57:03 - [MESSAGE][INFO] - [SELF-HEALING] Failed Locator: '//div[@id='wUTCk']/input'.

2021-01-21 17:57:03 - [MESSAGE][INFO] - [SELF-HEALING] Failed Locator: '//input[@id='n17Qn']'.

2021-01-21 17:57:03 - [MESSAGE][INFO] - [SELF-HEALING] Failed Locator: '//div[@id='n17Qk']/input'.

2021-01-21 17:57:03 - [MESSAGE][INFO] - [SELF-HEALING] Failed Locator: '//input[@id='kCKQn']'.

2021-01-21 17:57:03 - [MESSAGE][INFO] - [SELF-HEALING] Failed Locator: '//div[@id='kCKQk']/input'.

2021-01-21 17:57:03 - [MESSAGE][INFO] - [SELF-HEALING] Failed Locator: '(.//*[normalize-space(text()) and normalize-space(.)='Username'])[1]/following::input[1]'.

2021-01-21 17:57:03 - [MESSAGE][INFO] - [SELF-HEALING] Failed Locator: '(.//*[normalize-space(text()) and normalize-space(.)='Login with your LDAP (Windows)'])[1]/following::input[1]'.

2021-01-21 17:57:03 - [MESSAGE][INFO] - [SELF-HEALING] Failed Locator: '(.//*[normalize-space(text()) and normalize-space(.)='Password'])[1]/preceding::input[1]'.

2021-01-21 17:57:03 - [MESSAGE][INFO] - [SELF-HEALING] Failed Locator: '(.//*[normalize-space(text()) and normalize-space(.)='Login'])[1]/preceding::input[2]'.

2021-01-21 17:57:03 - [MESSAGE][INFO] - [SELF-HEALING] Failed Locator: '//input'.

2021-01-21 17:57:03 - [MESSAGE][INFO] - [SELF-HEALING] Failed Locator: '//input[@id='gUxPn']'.

2021-01-21 17:57:03 - [MESSAGE][INFO] - [SELF-HEALING] Failed Locator: '//div[@id='gUxPk']/input'.

2021-01-21 17:57:03 - [MESSAGE][INFO] - [SELF-HEALING] Failed Locator: '//input[@id='wUTCn']'.

2021-01-21 17:57:03 - [MESSAGE][INFO] - [SELF-HEALING] Failed Locator: '//div[@id='wUTCk']/input'.

2021-01-21 17:57:03 - [MESSAGE][INFO] - [SELF-HEALING] Failed Locator: '//input[@id='n17Qn']'.

2021-01-21 17:57:03 - [MESSAGE][INFO] - [SELF-HEALING] Failed Locator: '//div[@id='n17Qk']/input'.

2021-01-21 17:57:03 - [MESSAGE][INFO] - [SELF-HEALING] Failed Locator: '//input[@id='kCKQn']'.

2021-01-21 17:57:03 - [MESSAGE][INFO] - [SELF-HEALING] Failed Locator: '//div[@id='kCKQk']/input'.

2021-01-21 17:57:03 - [MESSAGE][INFO] - [SELF-HEALING] Failed Locator: '(.//*[normalize-space(text()) and normalize-space(.)='Username'])[1]/following::input[1]'.

2021-01-21 17:57:03 - [MESSAGE][INFO] - [SELF-HEALING] Failed Locator: '(.//*[normalize-space(text()) and normalize-space(.)='Login with your LDAP (Windows)'])[1]/following::input[1]'.

2021-01-21 17:57:03 - [MESSAGE][INFO] - [SELF-HEALING] Failed Locator: '(.//*[normalize-space(text()) and normalize-space(.)='Password'])[1]/preceding::input[1]'.

2021-01-21 17:57:03 - [MESSAGE][INFO] - [SELF-HEALING] Failed Locator: '(.//*[normalize-space(text()) and normalize-space(.)='Login'])[1]/preceding::input[2]'.

2021-01-21 17:57:03 - [MESSAGE][INFO] - [SELF-HEALING] Failed Locator: '//input'.

2021-01-21 17:57:03 - [MESSAGE][INFO] - [SELF-HEALING] Failed Locator: '//input[@id='gUxPn']'.

2021-01-21 17:57:03 - [MESSAGE][INFO] - [SELF-HEALING] Failed Locator: '//div[@id='gUxPk']/input'.

2021-01-21 17:57:03 - [MESSAGE][INFO] - [SELF-HEALING] Failed Locator: '//input[@id='wUTCn']'.

2021-01-21 17:57:03 - [MESSAGE][INFO] - [SELF-HEALING] Failed Locator: '//div[@id='wUTCk']/input'.

2021-01-21 17:57:03 - [MESSAGE][INFO] - [SELF-HEALING] Failed Locator: '//input[@id='n17Qn']'.

2021-01-21 17:57:03 - [MESSAGE][INFO] - [SELF-HEALING] Failed Locator: '//div[@id='n17Qk']/input'.

2021-01-21 17:57:03 - [MESSAGE][INFO] - [SELF-HEALING] Failed Locator: '//input[@id='kCKQn']'.

2021-01-21 17:57:04 - [MESSAGE][INFO] - [SELF-HEALING] Failed Locator: '//div[@id='kCKQk']/input'.

2021-01-21 17:57:04 - [MESSAGE][INFO] - [SELF-HEALING] Failed Locator: '(.//*[normalize-space(text()) and normalize-space(.)='Username'])[1]/following::input[1]'.

2021-01-21 17:57:04 - [MESSAGE][INFO] - [SELF-HEALING] Failed Locator: '(.//*[normalize-space(text()) and normalize-space(.)='Login with your LDAP (Windows)'])[1]/following::input[1]'.

2021-01-21 17:57:04 - [MESSAGE][INFO] - [SELF-HEALING] Failed Locator: '(.//*[normalize-space(text()) and normalize-space(.)='Password'])[1]/preceding::input[1]'.

2021-01-21 17:57:04 - [MESSAGE][INFO] - [SELF-HEALING] Failed Locator: '(.//*[normalize-space(text()) and normalize-space(.)='Login'])[1]/preceding::input[2]'.

2021-01-21 17:57:04 - [MESSAGE][INFO] - [SELF-HEALING] Failed Locator: '//input'.

2021-01-21 17:57:04 - [MESSAGE][INFO] - [SELF-HEALING] Failed Locator: '//input[@id='gUxPn']'.

2021-01-21 17:57:04 - [MESSAGE][INFO] - [SELF-HEALING] Failed Locator: '//div[@id='gUxPk']/input'.

2021-01-21 17:57:04 - [MESSAGE][INFO] - [SELF-HEALING] Failed Locator: '//input[@id='wUTCn']'.

2021-01-21 17:57:04 - [MESSAGE][INFO] - [SELF-HEALING] Failed Locator: '//div[@id='wUTCk']/input'.

2021-01-21 17:57:04 - [MESSAGE][INFO] - [SELF-HEALING] Failed Locator: '//input[@id='n17Qn']'.

2021-01-21 17:57:04 - [MESSAGE][INFO] - [SELF-HEALING] Failed Locator: '//div[@id='n17Qk']/input'.

2021-01-21 17:57:04 - [MESSAGE][INFO] - [SELF-HEALING] Failed Locator: '//input[@id='kCKQn']'.

2021-01-21 17:57:04 - [MESSAGE][INFO] - [SELF-HEALING] Failed Locator: '//div[@id='kCKQk']/input'.

2021-01-21 17:57:04 - [MESSAGE][INFO] - [SELF-HEALING] Failed Locator: '(.//*[normalize-space(text()) and normalize-space(.)='Username'])[1]/following::input[1]'.

2021-01-21 17:57:04 - [MESSAGE][INFO] - [SELF-HEALING] Failed Locator: '(.//*[normalize-space(text()) and normalize-space(.)='Login with your LDAP (Windows)'])[1]/following::input[1]'.

2021-01-21 17:57:04 - [MESSAGE][INFO] - [SELF-HEALING] Failed Locator: '(.//*[normalize-space(text()) and normalize-space(.)='Password'])[1]/preceding::input[1]'.

2021-01-21 17:57:04 - [MESSAGE][INFO] - [SELF-HEALING] Failed Locator: '(.//*[normalize-space(text()) and normalize-space(.)='Login'])[1]/preceding::input[2]'.

2021-01-21 17:57:04 - [MESSAGE][INFO] - [SELF-HEALING] Failed Locator: '//input'.

2021-01-21 17:57:04 - [MESSAGE][INFO] - [SELF-HEALING] Failed Locator: '//input[@id='gUxPn']'.

2021-01-21 17:57:04 - [MESSAGE][INFO] - [SELF-HEALING] Failed Locator: '//div[@id='gUxPk']/input'.

2021-01-21 17:57:04 - [MESSAGE][INFO] - [SELF-HEALING] Failed Locator: '//input[@id='wUTCn']'.

2021-01-21 17:57:04 - [MESSAGE][INFO] - [SELF-HEALING] Failed Locator: '//div[@id='wUTCk']/input'.

2021-01-21 17:57:04 - [MESSAGE][INFO] - [SELF-HEALING] Failed Locator: '//input[@id='n17Qn']'.

2021-01-21 17:57:04 - [MESSAGE][INFO] - [SELF-HEALING] Failed Locator: '//div[@id='n17Qk']/input'.

2021-01-21 17:57:05 - [MESSAGE][INFO] - Unable to find the element located by 'By.xpath: //*[@id = 'kCKQn' and @type = 'text' and @name = 'j_username' and @placeholder = 'User Name']'. Please recheck the objects properties to make sure the desired element is located. 

2021-01-21 17:57:05 - [MESSAGE][FAILED] - Unable to set text 'mobile.test' of object 'Object Repository/Page_/input_Username_j_username' (Root cause: com.kms.katalon.core.exception.StepFailedException: Unable to set text 'mobile.test' of object 'Object Repository/Page_/input_Username_j_username'
	at com.kms.katalon.core.webui.keyword.internal.WebUIKeywordMain.stepFailed(WebUIKeywordMain.groovy:64)
	at com.kms.katalon.core.webui.keyword.internal.WebUIKeywordMain.runKeyword(WebUIKeywordMain.groovy:26)
	at com.kms.katalon.core.webui.keyword.builtin.SetTextKeyword.setText(SetTextKeyword.groovy:66)
	at com.kms.katalon.core.webui.keyword.builtin.SetTextKeyword.execute(SetTextKeyword.groovy:37)
	at com.kms.katalon.core.keyword.internal.KeywordExecutor.executeKeywordForPlatform(KeywordExecutor.groovy:73)
	at com.kms.katalon.core.webui.keyword.WebUiBuiltInKeywords.setText(WebUiBuiltInKeywords.groovy:976)
	at com.kms.katalon.core.webui.keyword.WebUiBuiltInKeywords$setText$1.call(Unknown Source)
	at ist_real.Login_IST.I_want_to_login_to_IST(Login_IST.groovy:133)
	at cucumber.runtime.Utils$1.call(Utils.java:26)
	at cucumber.runtime.Timeout.timeout(Timeout.java:16)
	at cucumber.runtime.Utils.invoke(Utils.java:20)
	at cucumber.runtime.java.JavaStepDefinition.execute(JavaStepDefinition.java:48)
	at cucumber.runtime.PickleStepDefinitionMatch.runStep(PickleStepDefinitionMatch.java:50)
	at cucumber.runner.TestStep.executeStep(TestStep.java:55)
	at cucumber.runner.TestStep.run(TestStep.java:42)
	at cucumber.runner.PickleStepTestStep.run(PickleStepTestStep.java:53)
	at cucumber.runner.TestCase.run(TestCase.java:47)
	at cucumber.runner.Runner.runPickle(Runner.java:44)
	at cucumber.runtime.Runtime.runFeature(Runtime.java:120)
	at cucumber.runtime.Runtime.run(Runtime.java:106)
	at cucumber.api.cli.Main.run(Main.java:35)
	at cucumber.api.cli.Main$run.call(Unknown Source)
	at com.kms.katalon.core.cucumber.keyword.CucumberBuiltinKeywords$_runFeatureFile_closure1.doCall(CucumberBuiltinKeywords.groovy:76)
	at com.kms.katalon.core.cucumber.keyword.CucumberBuiltinKeywords$_runFeatureFile_closure1.doCall(CucumberBuiltinKeywords.groovy)
	at com.kms.katalon.core.keyword.internal.KeywordMain.runKeyword(KeywordMain.groovy:68)
	at com.kms.katalon.core.keyword.internal.KeywordMain$runKeyword.call(Unknown Source)
	at com.kms.katalon.core.cucumber.keyword.CucumberBuiltinKeywords.runFeatureFile(CucumberBuiltinKeywords.groovy:46)
	at com.kms.katalon.core.cucumber.keyword.CucumberBuiltinKeywords$runFeatureFile$0.callStatic(Unknown Source)
	at com.kms.katalon.core.cucumber.keyword.CucumberBuiltinKeywords.runFeatureFile(CucumberBuiltinKeywords.groovy:169)
	at com.kms.katalon.core.cucumber.keyword.CucumberBuiltinKeywords$runFeatureFile.call(Unknown Source)
	at TC_Search_by_STATUS.run(TC_Search_by_STATUS:18)
	at com.kms.katalon.core.main.ScriptEngine.run(ScriptEngine.java:194)
	at com.kms.katalon.core.main.ScriptEngine.runScriptAsRawText(ScriptEngine.java:119)
	at com.kms.katalon.core.main.TestCaseExecutor.runScript(TestCaseExecutor.java:339)
	at com.kms.katalon.core.main.TestCaseExecutor.doExecute(TestCaseExecutor.java:330)
	at com.kms.katalon.core.main.TestCaseExecutor.processExecutionPhase(TestCaseExecutor.java:309)
	at com.kms.katalon.core.main.TestCaseExecutor.accessMainPhase(TestCaseExecutor.java:301)
	at com.kms.katalon.core.main.TestCaseExecutor.execute(TestCaseExecutor.java:235)
	at com.kms.katalon.core.main.TestSuiteExecutor.accessTestCaseMainPhase(TestSuiteExecutor.java:191)
	at com.kms.katalon.core.main.TestSuiteExecutor.accessTestSuiteMainPhase(TestSuiteExecutor.java:141)
	at com.kms.katalon.core.main.TestSuiteExecutor.execute(TestSuiteExecutor.java:90)
	at com.kms.katalon.core.main.TestCaseMain.startTestSuite(TestCaseMain.java:157)
	at com.kms.katalon.core.main.TestCaseMain$startTestSuite$0.call(Unknown Source)
	at TempTestSuite1611224754744.run(TempTestSuite1611224754744.groovy:39)
Caused by: java.lang.IllegalArgumentException: Cannot find elements when the selector is null
	at org.openqa.selenium.By$ByCssSelector.<init>(By.java:422)
	at org.openqa.selenium.By.cssSelector(By.java:116)
	at com.kms.katalon.core.webui.common.WebUiCommonHelper.buildLocator(WebUiCommonHelper.java:515)
	at com.kms.katalon.core.webui.common.WebUiCommonHelper.findElementByNormalMethods(WebUiCommonHelper.java:985)
	at com.kms.katalon.core.webui.common.WebUiCommonHelper.findElementsBySelectedMethod(WebUiCommonHelper.java:890)
	at com.kms.katalon.core.webui.common.WebUiCommonHelper.findElementsWithSelfHealing(WebUiCommonHelper.java:794)
	at com.kms.katalon.core.webui.common.WebUiCommonHelper.findWebElements(WebUiCommonHelper.java:717)
	at com.kms.katalon.core.webui.common.WebUiCommonHelper.findWebElement(WebUiCommonHelper.java:1349)
	at com.kms.katalon.core.webui.keyword.internal.WebUIAbstractKeyword.findWebElement(WebUIAbstractKeyword.groovy:27)
	at com.kms.katalon.core.webui.keyword.internal.WebUIAbstractKeyword.findWebElement(WebUIAbstractKeyword.groovy:26)
	at com.kms.katalon.core.webui.keyword.builtin.SetTextKeyword$_setText_closure1.doCall(SetTextKeyword.groovy:51)
	at com.kms.katalon.core.webui.keyword.builtin.SetTextKeyword$_setText_closure1.call(SetTextKeyword.groovy)
	at com.kms.katalon.core.webui.keyword.internal.WebUIKeywordMain.runKeyword(WebUIKeywordMain.groovy:20)
	at com.kms.katalon.core.webui.keyword.builtin.SetTextKeyword.setText(SetTextKeyword.groovy:66)
	at com.kms.katalon.core.webui.keyword.builtin.SetTextKeyword.execute(SetTextKeyword.groovy:37)
	at com.kms.katalon.core.keyword.internal.KeywordExecutor.executeKeywordForPlatform(KeywordExecutor.groovy:73)
	at com.kms.katalon.core.webui.keyword.WebUiBuiltInKeywords.setText(WebUiBuiltInKeywords.groovy:976)
	at com.kms.katalon.core.webui.keyword.WebUiBuiltInKeywords$setText$1.call(Unknown Source)
	at ist_real.Login_IST.I_want_to_login_to_IST(Login_IST.groovy:133)
	at cucumber.runtime.Utils$1.call(Utils.java:26)
	at cucumber.runtime.Timeout.timeout(Timeout.java:16)
	at cucumber.runtime.Utils.invoke(Utils.java:20)
	at cucumber.runtime.java.JavaStepDefinition.execute(JavaStepDefinition.java:48)
	at cucumber.runtime.PickleStepDefinitionMatch.runStep(PickleStepDefinitionMatch.java:50)
	at cucumber.runner.TestStep.executeStep(TestStep.java:55)
	at cucumber.runner.TestStep.run(TestStep.java:42)
	at cucumber.runner.PickleStepTestStep.run(PickleStepTestStep.java:53)
	at cucumber.runner.TestCase.run(TestCase.java:47)
	at cucumber.runner.Runner.runPickle(Runner.java:44)
	at cucumber.runtime.Runtime.runFeature(Runtime.java:120)
	at cucumber.runtime.Runtime.run(Runtime.java:106)
	at cucumber.api.cli.Main.run(Main.java:35)
	at cucumber.api.cli.Main$run.call(Unknown Source)
	at com.kms.katalon.core.cucumber.keyword.CucumberBuiltinKeywords$_runFeatureFile_closure1.doCall(CucumberBuiltinKeywords.groovy:76)
	at com.kms.katalon.core.cucumber.keyword.CucumberBuiltinKeywords$_runFeatureFile_closure1.doCall(CucumberBuiltinKeywords.groovy)
	at com.kms.katalon.core.keyword.internal.KeywordMain.runKeyword(KeywordMain.groovy:68)
	at com.kms.katalon.core.keyword.internal.KeywordMain$runKeyword.call(Unknown Source)
	at com.kms.katalon.core.cucumber.keyword.CucumberBuiltinKeywords.runFeatureFile(CucumberBuiltinKeywords.groovy:46)
	at com.kms.katalon.core.cucumber.keyword.CucumberBuiltinKeywords$runFeatureFile$0.callStatic(Unknown Source)
	at com.kms.katalon.core.cucumber.keyword.CucumberBuiltinKeywords.runFeatureFile(CucumberBuiltinKeywords.groovy:169)
	at com.kms.katalon.core.cucumber.keyword.CucumberBuiltinKeywords$runFeatureFile.call(Unknown Source)
	at Script1611043905720.run(Script1611043905720.groovy:18)
	... 13 more
)
[[ATTACHMENT|/Users/chaidir.pratama01/Katalon Studio/IST_Automation_Git/Reports/20210121_172548/RTD/TS_Partner_Disbursement/20210121_172554/1611226625266.png]]

2021-01-21 17:57:05 - [MESSAGE][FAILED] - Login IST with valid credentials FAILED.
Reason:
com.kms.katalon.core.exception.StepFailedException: Unable to set text 'mobile.test' of object 'Object Repository/Page_/input_Username_j_username'
	at com.kms.katalon.core.webui.keyword.internal.WebUIKeywordMain.stepFailed(WebUIKeywordMain.groovy:64)
	at com.kms.katalon.core.webui.keyword.internal.WebUIKeywordMain.runKeyword(WebUIKeywordMain.groovy:26)
	at com.kms.katalon.core.webui.keyword.builtin.SetTextKeyword.setText(SetTextKeyword.groovy:66)
	at com.kms.katalon.core.webui.keyword.builtin.SetTextKeyword.execute(SetTextKeyword.groovy:37)
	at com.kms.katalon.core.keyword.internal.KeywordExecutor.executeKeywordForPlatform(KeywordExecutor.groovy:73)
	at com.kms.katalon.core.webui.keyword.WebUiBuiltInKeywords.setText(WebUiBuiltInKeywords.groovy:976)
	at com.kms.katalon.core.webui.keyword.WebUiBuiltInKeywords$setText$1.call(Unknown Source)
	at ist_real.Login_IST.I_want_to_login_to_IST(Login_IST.groovy:133)
	at ✽.Login IST with valid credentials(/Users/chaidir.pratama01/Katalon Studio/IST_Automation_Git/Include/features/IST_Real/RTD/Partner_Disbursement/Search_by_STATUS.feature:236)
Caused by: java.lang.IllegalArgumentException: Cannot find elements when the selector is null
	at org.openqa.selenium.By$ByCssSelector.<init>(By.java:422)
	at org.openqa.selenium.By.cssSelector(By.java:116)
	at com.kms.katalon.core.webui.common.WebUiCommonHelper.buildLocator(WebUiCommonHelper.java:515)
	at com.kms.katalon.core.webui.common.WebUiCommonHelper.findElementByNormalMethods(WebUiCommonHelper.java:985)
	at com.kms.katalon.core.webui.common.WebUiCommonHelper.findElementsBySelectedMethod(WebUiCommonHelper.java:890)
	at com.kms.katalon.core.webui.common.WebUiCommonHelper.findElementsWithSelfHealing(WebUiCommonHelper.java:794)
	at com.kms.katalon.core.webui.common.WebUiCommonHelper.findWebElements(WebUiCommonHelper.java:717)
	at com.kms.katalon.core.webui.common.WebUiCommonHelper.findWebElement(WebUiCommonHelper.java:1349)
	at com.kms.katalon.core.webui.keyword.internal.WebUIAbstractKeyword.findWebElement(WebUIAbstractKeyword.groovy:27)
	at com.kms.katalon.core.webui.keyword.internal.WebUIAbstractKeyword.findWebElement(WebUIAbstractKeyword.groovy:26)
	at com.kms.katalon.core.webui.keyword.builtin.SetTextKeyword$_setText_closure1.doCall(SetTextKeyword.groovy:51)
	at com.kms.katalon.core.webui.keyword.builtin.SetTextKeyword$_setText_closure1.call(SetTextKeyword.groovy)
	at com.kms.katalon.core.webui.keyword.internal.WebUIKeywordMain.runKeyword(WebUIKeywordMain.groovy:20)
	at com.kms.katalon.core.webui.keyword.builtin.SetTextKeyword.setText(SetTextKeyword.groovy:66)
	at com.kms.katalon.core.webui.keyword.builtin.SetTextKeyword.execute(SetTextKeyword.groovy:37)
	at com.kms.katalon.core.keyword.internal.KeywordExecutor.executeKeywordForPlatform(KeywordExecutor.groovy:73)
	at com.kms.katalon.core.webui.keyword.WebUiBuiltInKeywords.setText(WebUiBuiltInKeywords.groovy:976)
	at com.kms.katalon.core.webui.keyword.WebUiBuiltInKeywords$setText$1.call(Unknown Source)
	at ist_real.Login_IST.I_want_to_login_to_IST(Login_IST.groovy:133)
	at cucumber.runtime.Utils$1.call(Utils.java:26)
	at cucumber.runtime.Timeout.timeout(Timeout.java:16)
	at cucumber.runtime.Utils.invoke(Utils.java:20)
	at cucumber.runtime.java.JavaStepDefinition.execute(JavaStepDefinition.java:48)
	at cucumber.runtime.PickleStepDefinitionMatch.runStep(PickleStepDefinitionMatch.java:50)
	at cucumber.runner.TestStep.executeStep(TestStep.java:55)
	at cucumber.runner.TestStep.run(TestStep.java:42)
	at cucumber.runner.PickleStepTestStep.run(PickleStepTestStep.java:53)
	at cucumber.runner.TestCase.run(TestCase.java:47)
	at cucumber.runner.Runner.runPickle(Runner.java:44)
	at cucumber.runtime.Runtime.runFeature(Runtime.java:120)
	at cucumber.runtime.Runtime.run(Runtime.java:106)
	at cucumber.api.cli.Main.run(Main.java:35)
	at cucumber.api.cli.Main$run.call(Unknown Source)
	at com.kms.katalon.core.cucumber.keyword.CucumberBuiltinKeywords$_runFeatureFile_closure1.doCall(CucumberBuiltinKeywords.groovy:76)
	at com.kms.katalon.core.cucumber.keyword.CucumberBuiltinKeywords$_runFeatureFile_closure1.doCall(CucumberBuiltinKeywords.groovy)
	at com.kms.katalon.core.keyword.internal.KeywordMain.runKeyword(KeywordMain.groovy:68)
	at com.kms.katalon.core.keyword.internal.KeywordMain$runKeyword.call(Unknown Source)
	at com.kms.katalon.core.cucumber.keyword.CucumberBuiltinKeywords.runFeatureFile(CucumberBuiltinKeywords.groovy:46)
	at com.kms.katalon.core.cucumber.keyword.CucumberBuiltinKeywords$runFeatureFile$0.callStatic(Unknown Source)
	at com.kms.katalon.core.cucumber.keyword.CucumberBuiltinKeywords.runFeatureFile(CucumberBuiltinKeywords.groovy:169)
	at com.kms.katalon.core.cucumber.keyword.CucumberBuiltinKeywords$runFeatureFile.call(Unknown Source)
	at TC_Search_by_STATUS.run(TC_Search_by_STATUS:18)
	at com.kms.katalon.core.main.ScriptEngine.run(ScriptEngine.java:194)
	at com.kms.katalon.core.main.ScriptEngine.runScriptAsRawText(ScriptEngine.java:119)
	at com.kms.katalon.core.main.TestCaseExecutor.runScript(TestCaseExecutor.java:339)
	at com.kms.katalon.core.main.TestCaseExecutor.doExecute(TestCaseExecutor.java:330)
	at com.kms.katalon.core.main.TestCaseExecutor.processExecutionPhase(TestCaseExecutor.java:309)
	at com.kms.katalon.core.main.TestCaseExecutor.accessMainPhase(TestCaseExecutor.java:301)
	at com.kms.katalon.core.main.TestCaseExecutor.execute(TestCaseExecutor.java:235)
	at com.kms.katalon.core.main.TestSuiteExecutor.accessTestCaseMainPhase(TestSuiteExecutor.java:191)
	at com.kms.katalon.core.main.TestSuiteExecutor.accessTestSuiteMainPhase(TestSuiteExecutor.java:141)
	at com.kms.katalon.core.main.TestSuiteExecutor.execute(TestSuiteExecutor.java:90)
	at com.kms.katalon.core.main.TestCaseMain.startTestSuite(TestCaseMain.java:157)
	at com.kms.katalon.core.main.TestCaseMain$startTestSuite$0.call(Unknown Source)
	at TempTestSuite1611224754744.run(TempTestSuite1611224754744.groovy:39)


2021-01-21 17:57:05 - [TEST_STEP][NOT_RUN] - Login Success: Login Success

2021-01-21 17:57:05 - [MESSAGE][NOT_RUN] - Login Success

2021-01-21 17:57:05 - [TEST_STEP][NOT_RUN] - Select Arrow Menu "Real Time Disbursement": Select Arrow Menu "Real Time Disbursement"

2021-01-21 17:57:05 - [MESSAGE][NOT_RUN] - Select Arrow Menu "Real Time Disbursement"

2021-01-21 17:57:05 - [TEST_STEP][NOT_RUN] - Select Menu "Partner Disbursement": Select Menu "Partner Disbursement"

2021-01-21 17:57:05 - [MESSAGE][NOT_RUN] - Select Menu "Partner Disbursement"

2021-01-21 17:57:05 - [TEST_STEP][NOT_RUN] - Select STATUS "Hold Payment Insufficient Fund": Select STATUS "Hold Payment Insufficient Fund"

2021-01-21 17:57:05 - [MESSAGE][NOT_RUN] - Select STATUS "Hold Payment Insufficient Fund"

2021-01-21 17:57:05 - [TEST_STEP][NOT_RUN] - Click button "Search": Click button "Search"

2021-01-21 17:57:05 - [MESSAGE][NOT_RUN] - Click button "Search"

2021-01-21 17:57:05 - [TEST_STEP][NOT_RUN] - Verify Search Result Presents: Verify Search Result Presents

2021-01-21 17:57:05 - [MESSAGE][NOT_RUN] - Verify Search Result Presents

2021-01-21 17:57:05 - [TEST_STEP][NOT_RUN] - Click button "Logout": Click button "Logout"

2021-01-21 17:57:05 - [MESSAGE][NOT_RUN] - Click button "Logout"

2021-01-21 17:57:05 - [TEST_STEP][NOT_RUN] - Close browser: Close browser

2021-01-21 17:57:05 - [MESSAGE][NOT_RUN] - Close browser

2021-01-21 17:57:05 - [MESSAGE][FAILED] - Feature file 'Include/features/IST_Real/RTD/Partner_Disbursement/Search_by_STATUS.feature' was failed

2021-01-21 17:57:05 - [MESSAGE][FAILED] - Keyword runFeatureFile was failed (Root cause: com.kms.katalon.core.exception.StepFailedException: Feature file 'Include/features/IST_Real/RTD/Partner_Disbursement/Search_by_STATUS.feature' was failed
	at com.kms.katalon.core.keyword.internal.KeywordMain.stepFailed(KeywordMain.groovy:50)
	at com.kms.katalon.core.keyword.internal.KeywordMain.stepFailed(KeywordMain.groovy)
	at com.kms.katalon.core.keyword.internal.KeywordMain.stepFailed(KeywordMain.groovy:23)
	at com.kms.katalon.core.keyword.internal.KeywordMain$stepFailed$0.call(Unknown Source)
	at com.kms.katalon.core.cucumber.keyword.CucumberBuiltinKeywords$_runFeatureFile_closure1.doCall(CucumberBuiltinKeywords.groovy:82)
	at com.kms.katalon.core.cucumber.keyword.CucumberBuiltinKeywords$_runFeatureFile_closure1.doCall(CucumberBuiltinKeywords.groovy)
	at com.kms.katalon.core.keyword.internal.KeywordMain.runKeyword(KeywordMain.groovy:68)
	at com.kms.katalon.core.keyword.internal.KeywordMain$runKeyword.call(Unknown Source)
	at com.kms.katalon.core.cucumber.keyword.CucumberBuiltinKeywords.runFeatureFile(CucumberBuiltinKeywords.groovy:46)
	at com.kms.katalon.core.cucumber.keyword.CucumberBuiltinKeywords$runFeatureFile$0.callStatic(Unknown Source)
	at com.kms.katalon.core.cucumber.keyword.CucumberBuiltinKeywords.runFeatureFile(CucumberBuiltinKeywords.groovy:169)
	at com.kms.katalon.core.cucumber.keyword.CucumberBuiltinKeywords$runFeatureFile.call(Unknown Source)
	at TC_Search_by_STATUS.run(TC_Search_by_STATUS:18)
	at com.kms.katalon.core.main.ScriptEngine.run(ScriptEngine.java:194)
	at com.kms.katalon.core.main.ScriptEngine.runScriptAsRawText(ScriptEngine.java:119)
	at com.kms.katalon.core.main.TestCaseExecutor.runScript(TestCaseExecutor.java:339)
	at com.kms.katalon.core.main.TestCaseExecutor.doExecute(TestCaseExecutor.java:330)
	at com.kms.katalon.core.main.TestCaseExecutor.processExecutionPhase(TestCaseExecutor.java:309)
	at com.kms.katalon.core.main.TestCaseExecutor.accessMainPhase(TestCaseExecutor.java:301)
	at com.kms.katalon.core.main.TestCaseExecutor.execute(TestCaseExecutor.java:235)
	at com.kms.katalon.core.main.TestSuiteExecutor.accessTestCaseMainPhase(TestSuiteExecutor.java:191)
	at com.kms.katalon.core.main.TestSuiteExecutor.accessTestSuiteMainPhase(TestSuiteExecutor.java:141)
	at com.kms.katalon.core.main.TestSuiteExecutor.execute(TestSuiteExecutor.java:90)
	at com.kms.katalon.core.main.TestCaseMain.startTestSuite(TestCaseMain.java:157)
	at com.kms.katalon.core.main.TestCaseMain$startTestSuite$0.call(Unknown Source)
	at TempTestSuite1611224754744.run(TempTestSuite1611224754744.groovy:39)
)]]></system-out>
         <system-err><![CDATA[2021-01-21 17:50:11 - [TEST_CASE][FAILED] - Test Cases/RTD/Partner Disbursement/TC_Search_by_STATUS: Test Cases/RTD/Partner Disbursement/TC_Search_by_STATUS FAILED.
Reason:
com.kms.katalon.core.exception.StepFailedException: Feature file 'Include/features/IST_Real/RTD/Partner_Disbursement/Search_by_STATUS.feature' was failed
	at com.kms.katalon.core.keyword.internal.KeywordMain.stepFailed(KeywordMain.groovy:50)
	at com.kms.katalon.core.keyword.internal.KeywordMain.stepFailed(KeywordMain.groovy)
	at com.kms.katalon.core.keyword.internal.KeywordMain.stepFailed(KeywordMain.groovy:23)
	at com.kms.katalon.core.keyword.internal.KeywordMain$stepFailed$0.call(Unknown Source)
	at com.kms.katalon.core.cucumber.keyword.CucumberBuiltinKeywords$_runFeatureFile_closure1.doCall(CucumberBuiltinKeywords.groovy:82)
	at com.kms.katalon.core.cucumber.keyword.CucumberBuiltinKeywords$_runFeatureFile_closure1.doCall(CucumberBuiltinKeywords.groovy)
	at com.kms.katalon.core.keyword.internal.KeywordMain.runKeyword(KeywordMain.groovy:68)
	at com.kms.katalon.core.keyword.internal.KeywordMain$runKeyword.call(Unknown Source)
	at com.kms.katalon.core.cucumber.keyword.CucumberBuiltinKeywords.runFeatureFile(CucumberBuiltinKeywords.groovy:46)
	at com.kms.katalon.core.cucumber.keyword.CucumberBuiltinKeywords$runFeatureFile$0.callStatic(Unknown Source)
	at com.kms.katalon.core.cucumber.keyword.CucumberBuiltinKeywords.runFeatureFile(CucumberBuiltinKeywords.groovy:169)
	at com.kms.katalon.core.cucumber.keyword.CucumberBuiltinKeywords$runFeatureFile.call(Unknown Source)
	at TC_Search_by_STATUS.run(TC_Search_by_STATUS:18)
	at com.kms.katalon.core.main.ScriptEngine.run(ScriptEngine.java:194)
	at com.kms.katalon.core.main.ScriptEngine.runScriptAsRawText(ScriptEngine.java:119)
	at com.kms.katalon.core.main.TestCaseExecutor.runScript(TestCaseExecutor.java:339)
	at com.kms.katalon.core.main.TestCaseExecutor.doExecute(TestCaseExecutor.java:330)
	at com.kms.katalon.core.main.TestCaseExecutor.processExecutionPhase(TestCaseExecutor.java:309)
	at com.kms.katalon.core.main.TestCaseExecutor.accessMainPhase(TestCaseExecutor.java:301)
	at com.kms.katalon.core.main.TestCaseExecutor.execute(TestCaseExecutor.java:235)
	at com.kms.katalon.core.main.TestSuiteExecutor.accessTestCaseMainPhase(TestSuiteExecutor.java:191)
	at com.kms.katalon.core.main.TestSuiteExecutor.accessTestSuiteMainPhase(TestSuiteExecutor.java:141)
	at com.kms.katalon.core.main.TestSuiteExecutor.execute(TestSuiteExecutor.java:90)
	at com.kms.katalon.core.main.TestCaseMain.startTestSuite(TestCaseMain.java:157)
	at com.kms.katalon.core.main.TestCaseMain$startTestSuite$0.call(Unknown Source)
	at TempTestSuite1611224754744.run(TempTestSuite1611224754744.groovy:39)]]></system-err>
      </testcase>
      <testcase name="Test Cases/RTD/Partner Disbursement/TC_Export_Data" time="9.772" classname="Test Cases/RTD/Partner Disbursement/TC_Export_Data" status="PASSED">
         <system-out><![CDATA[2021-01-21 17:57:05 - [TEST_CASE][PASSED] - Test Cases/RTD/Partner Disbursement/TC_Export_Data: Test Cases/RTD/Partner Disbursement/TC_Export_Data

2021-01-21 17:57:05 - [TEST_STEP][PASSED] - runFeatureFile("Include/features/IST_Real/RTD/Partner_Disbursement/Export_Data.feature"): Feature file: 'Include/features/IST_Real/RTD/Partner_Disbursement/Export_Data.feature' was passed

2021-01-21 17:57:05 - [MESSAGE][INFO] - Starting run keyword runFeatureFile: 'Include/features/IST_Real/RTD/Partner_Disbursement/Export_Data.feature' and extract report to folder: '/Users/chaidir.pratama01/Katalon Studio/IST_Automation_Git/Reports/20210121_172548/RTD/TS_Partner_Disbursement/20210121_172554/cucumber_report/1611226625917'...

2021-01-21 17:57:06 - [TEST_CASE][PASSED] - Start Test Case : SCENARIO Export Data: SCENARIO Export Data

2021-01-21 17:57:06 - [TEST_STEP][PASSED] - Go to ISTools: Go to ISTools

2021-01-21 17:57:06 - [MESSAGE][WARNING] - A browser is already opened. Closing browser and opening a new one

2021-01-21 17:57:06 - [MESSAGE][INFO] - Starting 'Chrome (headless)' driver

2021-01-21 17:57:06 - [MESSAGE][INFO] - User set preference: ['args', '[--start-maximized, --disable-gpu, --no-proxy-server, –-no-sandbox, --allow-running-insecure-content, --ignore-certificate-errors, window-size=1680,814, force-device-scale-factor=2, --lang=en-GB]']

2021-01-21 17:57:06 - [MESSAGE][INFO] - User set preference: ['prefs', '{download.default_directory=/Users/chaidir.pratama01/Katalon Studio/IST_Automation_Git/Download}']

2021-01-21 17:57:06 - [MESSAGE][INFO] - Action delay is set to 0 milliseconds

2021-01-21 17:57:06 - [MESSAGE][PASSED] - Browser is opened with url: ''

2021-01-21 17:57:07 - [MESSAGE][PASSED] - Navigate to 'https://dev-istools.homecredit.id/foundation/' successfully

2021-01-21 17:57:07 - [MESSAGE][PASSED] - Go to ISTools

2021-01-21 17:57:07 - [TEST_STEP][PASSED] - Login IST with valid credentials: Login IST with valid credentials

2021-01-21 17:57:07 - [MESSAGE][PASSED] - Text 'mobile.test' is set on object 'Object Repository/Page_/input_Username_j_username'

2021-01-21 17:57:07 - [MESSAGE][PASSED] - Text ****** has been set on object 'Object Repository/Page_/input_Password_j_password'

2021-01-21 17:57:07 - [MESSAGE][PASSED] - Object: 'Object Repository/Page_/button_Login' is clicked on

2021-01-21 17:57:07 - [MESSAGE][PASSED] - Login IST with valid credentials

2021-01-21 17:57:07 - [TEST_STEP][PASSED] - Login Success: Login Success

2021-01-21 17:57:07 - [MESSAGE][INFO] - Login Success

2021-01-21 17:57:07 - [MESSAGE][PASSED] - Current window maximized

2021-01-21 17:57:07 - [MESSAGE][PASSED] - Object 'Object Repository/Page_/h1_Welcome to IT Supporting Tools' is present

2021-01-21 17:57:07 - [MESSAGE][PASSED] - Login Success

2021-01-21 17:57:07 - [TEST_STEP][PASSED] - Select Arrow Menu "Real Time Disbursement": Select Arrow Menu "Real Time Disbursement"

2021-01-21 17:57:08 - [MESSAGE][PASSED] - Object: '' is clicked on

2021-01-21 17:57:08 - [MESSAGE][PASSED] - Select Arrow Menu "Real Time Disbursement"

2021-01-21 17:57:08 - [TEST_STEP][PASSED] - Select Menu "Partner Disbursement": Select Menu "Partner Disbursement"

2021-01-21 17:57:08 - [MESSAGE][PASSED] - Taking screenshot successfully
[[ATTACHMENT|/Users/chaidir.pratama01/Documents/Docs/Katalon Studio/Screenshot/test-Partner Disbursement.png]]

2021-01-21 17:57:08 - [MESSAGE][PASSED] - Object '' is present

2021-01-21 17:57:08 - [MESSAGE][PASSED] - Object: '' is clicked on

2021-01-21 17:57:08 - [MESSAGE][PASSED] - Wait for page load successfully

2021-01-21 17:57:08 - [MESSAGE][PASSED] - Select Menu "Partner Disbursement"

2021-01-21 17:57:08 - [TEST_STEP][PASSED] - Input Contract RTD in Contract Number label: Input Contract RTD in Contract Number label

2021-01-21 17:57:08 - [MESSAGE][PASSED] - Text '4000014162' is set on object ''

2021-01-21 17:57:08 - [MESSAGE][PASSED] - Input Contract RTD in Contract Number label

2021-01-21 17:57:08 - [TEST_STEP][PASSED] - Click button "Search": Click button "Search"

2021-01-21 17:57:08 - [MESSAGE][INFO] - >>>>>//Button[contains(text(),'Search')]

2021-01-21 17:57:11 - [MESSAGE][PASSED] - Object '' is present

2021-01-21 17:57:11 - [MESSAGE][PASSED] - Object: '' is clicked on

2021-01-21 17:57:11 - [MESSAGE][PASSED] - Switched to window with index: '0'

2021-01-21 17:57:11 - [MESSAGE][PASSED] - Click button "Search"

2021-01-21 17:57:11 - [TEST_STEP][PASSED] - Verify Table Filled: Verify Table Filled

2021-01-21 17:57:12 - [MESSAGE][PASSED] - Object '' is present

2021-01-21 17:57:12 - [MESSAGE][PASSED] - Verify Table Filled

2021-01-21 17:57:12 - [TEST_STEP][PASSED] - Click button "Export Data": Click button "Export Data"

2021-01-21 17:57:12 - [MESSAGE][INFO] - >>>>>//Button[contains(text(),'Export Data')]

2021-01-21 17:57:15 - [MESSAGE][PASSED] - Object: '' is clicked on

2021-01-21 17:57:15 - [MESSAGE][PASSED] - Taking screenshot successfully
[[ATTACHMENT|/Users/chaidir.pratama01/Documents/Docs/Katalon Studio/Screenshot/Download_data.png]]

2021-01-21 17:57:15 - [MESSAGE][PASSED] - Click button "Export Data"

2021-01-21 17:57:15 - [MESSAGE][PASSED] - Feature file: 'Include/features/IST_Real/RTD/Partner_Disbursement/Export_Data.feature' was passed]]></system-out>
         <system-err><![CDATA[]]></system-err>
      </testcase>
      <testcase name="Test Cases/RTD/Partner Disbursement/TC_Search_by_OrderID" time="7.091" classname="Test Cases/RTD/Partner Disbursement/TC_Search_by_OrderID" status="PASSED">
         <system-out><![CDATA[2021-01-21 17:57:15 - [TEST_CASE][PASSED] - Test Cases/RTD/Partner Disbursement/TC_Search_by_OrderID: Test Cases/RTD/Partner Disbursement/TC_Search_by_OrderID

2021-01-21 17:57:15 - [TEST_STEP][PASSED] - runFeatureFile("Include/features/IST_Real/RTD/Partner_Disbursement/Search_by_OrderID.feature"): Feature file: 'Include/features/IST_Real/RTD/Partner_Disbursement/Search_by_OrderID.feature' was passed

2021-01-21 17:57:15 - [MESSAGE][INFO] - Starting run keyword runFeatureFile: 'Include/features/IST_Real/RTD/Partner_Disbursement/Search_by_OrderID.feature' and extract report to folder: '/Users/chaidir.pratama01/Katalon Studio/IST_Automation_Git/Reports/20210121_172548/RTD/TS_Partner_Disbursement/20210121_172554/cucumber_report/1611226635682'...

2021-01-21 17:57:15 - [TEST_CASE][PASSED] - Start Test Case : SCENARIO Search by Contract Number and it found on Dashboard: SCENARIO Search by Contract Number and it found on Dashboard

2021-01-21 17:57:15 - [TEST_STEP][PASSED] - Go to ISTools: Go to ISTools

2021-01-21 17:57:15 - [MESSAGE][WARNING] - A browser is already opened. Closing browser and opening a new one

2021-01-21 17:57:15 - [MESSAGE][INFO] - Starting 'Chrome (headless)' driver

2021-01-21 17:57:15 - [MESSAGE][INFO] - User set preference: ['args', '[--start-maximized, --disable-gpu, --no-proxy-server, –-no-sandbox, --allow-running-insecure-content, --ignore-certificate-errors, window-size=1680,814, force-device-scale-factor=2, --lang=en-GB]']

2021-01-21 17:57:15 - [MESSAGE][INFO] - User set preference: ['prefs', '{download.default_directory=/Users/chaidir.pratama01/Katalon Studio/IST_Automation_Git/Download}']

2021-01-21 17:57:15 - [MESSAGE][INFO] - Action delay is set to 0 milliseconds

2021-01-21 17:57:16 - [MESSAGE][PASSED] - Browser is opened with url: ''

2021-01-21 17:57:16 - [MESSAGE][PASSED] - Navigate to 'https://dev-istools.homecredit.id/foundation/' successfully

2021-01-21 17:57:16 - [MESSAGE][PASSED] - Go to ISTools

2021-01-21 17:57:16 - [TEST_STEP][PASSED] - Login IST with valid credentials: Login IST with valid credentials

2021-01-21 17:57:17 - [MESSAGE][PASSED] - Text 'mobile.test' is set on object 'Object Repository/Page_/input_Username_j_username'

2021-01-21 17:57:17 - [MESSAGE][PASSED] - Text ****** has been set on object 'Object Repository/Page_/input_Password_j_password'

2021-01-21 17:57:17 - [MESSAGE][PASSED] - Object: 'Object Repository/Page_/button_Login' is clicked on

2021-01-21 17:57:17 - [MESSAGE][PASSED] - Login IST with valid credentials

2021-01-21 17:57:17 - [TEST_STEP][PASSED] - Login Success: Login Success

2021-01-21 17:57:17 - [MESSAGE][INFO] - Login Success

2021-01-21 17:57:17 - [MESSAGE][PASSED] - Current window maximized

2021-01-21 17:57:17 - [MESSAGE][PASSED] - Object 'Object Repository/Page_/h1_Welcome to IT Supporting Tools' is present

2021-01-21 17:57:17 - [MESSAGE][PASSED] - Login Success

2021-01-21 17:57:17 - [TEST_STEP][PASSED] - Select Arrow Menu "Real Time Disbursement": Select Arrow Menu "Real Time Disbursement"

2021-01-21 17:57:17 - [MESSAGE][PASSED] - Object: '' is clicked on

2021-01-21 17:57:17 - [MESSAGE][PASSED] - Select Arrow Menu "Real Time Disbursement"

2021-01-21 17:57:17 - [TEST_STEP][PASSED] - Select Menu "Partner Disbursement": Select Menu "Partner Disbursement"

2021-01-21 17:57:18 - [MESSAGE][PASSED] - Taking screenshot successfully
[[ATTACHMENT|/Users/chaidir.pratama01/Documents/Docs/Katalon Studio/Screenshot/test-Partner Disbursement.png]]

2021-01-21 17:57:18 - [MESSAGE][PASSED] - Object '' is present

2021-01-21 17:57:18 - [MESSAGE][PASSED] - Object: '' is clicked on

2021-01-21 17:57:18 - [MESSAGE][PASSED] - Wait for page load successfully

2021-01-21 17:57:18 - [MESSAGE][PASSED] - Select Menu "Partner Disbursement"

2021-01-21 17:57:18 - [TEST_STEP][PASSED] - Input "Order ID" for "Partner Disbursement": Input "Order ID" for "Partner Disbursement"

2021-01-21 17:57:18 - [MESSAGE][PASSED] - Text '10037914991' is set on object ''

2021-01-21 17:57:18 - [MESSAGE][PASSED] - Input "Order ID" for "Partner Disbursement"

2021-01-21 17:57:18 - [TEST_STEP][PASSED] - Click button "Search": Click button "Search"

2021-01-21 17:57:18 - [MESSAGE][INFO] - >>>>>//Button[contains(text(),'Search')]

2021-01-21 17:57:21 - [MESSAGE][PASSED] - Object '' is present

2021-01-21 17:57:21 - [MESSAGE][PASSED] - Object: '' is clicked on

2021-01-21 17:57:21 - [MESSAGE][PASSED] - Switched to window with index: '0'

2021-01-21 17:57:21 - [MESSAGE][PASSED] - Click button "Search"

2021-01-21 17:57:21 - [TEST_STEP][PASSED] - Verify Search Result Presents: Verify Search Result Presents

2021-01-21 17:57:21 - [MESSAGE][PASSED] - Object '' is present

2021-01-21 17:57:22 - [MESSAGE][PASSED] - Verify Search Result Presents

2021-01-21 17:57:22 - [MESSAGE][PASSED] - Feature file: 'Include/features/IST_Real/RTD/Partner_Disbursement/Search_by_OrderID.feature' was passed]]></system-out>
         <system-err><![CDATA[]]></system-err>
      </testcase>
      <testcase name="Test Cases/RTD/Partner Disbursement/TC_Search_by_Contract_Number" time="6.953" classname="Test Cases/RTD/Partner Disbursement/TC_Search_by_Contract_Number" status="PASSED">
         <system-out><![CDATA[2021-01-21 17:57:22 - [TEST_CASE][PASSED] - Test Cases/RTD/Partner Disbursement/TC_Search_by_Contract_Number: Test Cases/RTD/Partner Disbursement/TC_Search_by_Contract_Number

2021-01-21 17:57:22 - [TEST_STEP][PASSED] - runFeatureFile("Include/features/IST_Real/RTD/Partner_Disbursement/Search_by_Contract_Number.feature"): Feature file: 'Include/features/IST_Real/RTD/Partner_Disbursement/Search_by_Contract_Number.feature' was passed

2021-01-21 17:57:22 - [MESSAGE][INFO] - Starting run keyword runFeatureFile: 'Include/features/IST_Real/RTD/Partner_Disbursement/Search_by_Contract_Number.feature' and extract report to folder: '/Users/chaidir.pratama01/Katalon Studio/IST_Automation_Git/Reports/20210121_172548/RTD/TS_Partner_Disbursement/20210121_172554/cucumber_report/1611226642777'...

2021-01-21 17:57:22 - [TEST_CASE][PASSED] - Start Test Case : SCENARIO Search by Contract Number and it found on Dashboard: SCENARIO Search by Contract Number and it found on Dashboard

2021-01-21 17:57:22 - [TEST_STEP][PASSED] - Go to ISTools: Go to ISTools

2021-01-21 17:57:22 - [MESSAGE][WARNING] - A browser is already opened. Closing browser and opening a new one

2021-01-21 17:57:22 - [MESSAGE][INFO] - Starting 'Chrome (headless)' driver

2021-01-21 17:57:22 - [MESSAGE][INFO] - User set preference: ['args', '[--start-maximized, --disable-gpu, --no-proxy-server, –-no-sandbox, --allow-running-insecure-content, --ignore-certificate-errors, window-size=1680,814, force-device-scale-factor=2, --lang=en-GB]']

2021-01-21 17:57:22 - [MESSAGE][INFO] - User set preference: ['prefs', '{download.default_directory=/Users/chaidir.pratama01/Katalon Studio/IST_Automation_Git/Download}']

2021-01-21 17:57:22 - [MESSAGE][INFO] - Action delay is set to 0 milliseconds

2021-01-21 17:57:23 - [MESSAGE][PASSED] - Browser is opened with url: ''

2021-01-21 17:57:24 - [MESSAGE][PASSED] - Navigate to 'https://dev-istools.homecredit.id/foundation/' successfully

2021-01-21 17:57:24 - [MESSAGE][PASSED] - Go to ISTools

2021-01-21 17:57:24 - [TEST_STEP][PASSED] - Login IST with valid credentials: Login IST with valid credentials

2021-01-21 17:57:24 - [MESSAGE][PASSED] - Text 'mobile.test' is set on object 'Object Repository/Page_/input_Username_j_username'

2021-01-21 17:57:24 - [MESSAGE][PASSED] - Text ****** has been set on object 'Object Repository/Page_/input_Password_j_password'

2021-01-21 17:57:24 - [MESSAGE][PASSED] - Object: 'Object Repository/Page_/button_Login' is clicked on

2021-01-21 17:57:24 - [MESSAGE][PASSED] - Login IST with valid credentials

2021-01-21 17:57:24 - [TEST_STEP][PASSED] - Login Success: Login Success

2021-01-21 17:57:24 - [MESSAGE][INFO] - Login Success

2021-01-21 17:57:24 - [MESSAGE][PASSED] - Current window maximized

2021-01-21 17:57:24 - [MESSAGE][PASSED] - Object 'Object Repository/Page_/h1_Welcome to IT Supporting Tools' is present

2021-01-21 17:57:24 - [MESSAGE][PASSED] - Login Success

2021-01-21 17:57:24 - [TEST_STEP][PASSED] - Select Arrow Menu "Real Time Disbursement": Select Arrow Menu "Real Time Disbursement"

2021-01-21 17:57:24 - [MESSAGE][PASSED] - Object: '' is clicked on

2021-01-21 17:57:24 - [MESSAGE][PASSED] - Select Arrow Menu "Real Time Disbursement"

2021-01-21 17:57:24 - [TEST_STEP][PASSED] - Select Menu "Partner Disbursement": Select Menu "Partner Disbursement"

2021-01-21 17:57:25 - [MESSAGE][PASSED] - Taking screenshot successfully
[[ATTACHMENT|/Users/chaidir.pratama01/Documents/Docs/Katalon Studio/Screenshot/test-Partner Disbursement.png]]

2021-01-21 17:57:25 - [MESSAGE][PASSED] - Object '' is present

2021-01-21 17:57:25 - [MESSAGE][PASSED] - Object: '' is clicked on

2021-01-21 17:57:25 - [MESSAGE][PASSED] - Wait for page load successfully

2021-01-21 17:57:25 - [MESSAGE][PASSED] - Select Menu "Partner Disbursement"

2021-01-21 17:57:25 - [TEST_STEP][PASSED] - Input Contract RTD in Contract Number label: Input Contract RTD in Contract Number label

2021-01-21 17:57:25 - [MESSAGE][PASSED] - Text '4000014162' is set on object ''

2021-01-21 17:57:25 - [MESSAGE][PASSED] - Input Contract RTD in Contract Number label

2021-01-21 17:57:25 - [TEST_STEP][PASSED] - Click button "Search": Click button "Search"

2021-01-21 17:57:25 - [MESSAGE][INFO] - >>>>>//Button[contains(text(),'Search')]

2021-01-21 17:57:28 - [MESSAGE][PASSED] - Object '' is present

2021-01-21 17:57:28 - [MESSAGE][PASSED] - Object: '' is clicked on

2021-01-21 17:57:28 - [MESSAGE][PASSED] - Switched to window with index: '0'

2021-01-21 17:57:28 - [MESSAGE][PASSED] - Click button "Search"

2021-01-21 17:57:28 - [TEST_STEP][PASSED] - Verify Search Result Presents: Verify Search Result Presents

2021-01-21 17:57:28 - [MESSAGE][PASSED] - Object '' is present

2021-01-21 17:57:29 - [MESSAGE][PASSED] - Verify Search Result Presents

2021-01-21 17:57:29 - [MESSAGE][PASSED] - Feature file: 'Include/features/IST_Real/RTD/Partner_Disbursement/Search_by_Contract_Number.feature' was passed]]></system-out>
         <system-err><![CDATA[]]></system-err>
      </testcase>
      <testcase name="Test Cases/RTD/Partner Disbursement/TC_Hold_Payment" time="17.244" classname="Test Cases/RTD/Partner Disbursement/TC_Hold_Payment" status="PASSED">
         <system-out><![CDATA[2021-01-21 17:57:29 - [TEST_CASE][PASSED] - Test Cases/RTD/Partner Disbursement/TC_Hold_Payment: Test Cases/RTD/Partner Disbursement/TC_Hold_Payment

2021-01-21 17:57:29 - [TEST_STEP][PASSED] - runFeatureFile("Include/features/IST_Real/RTD/Partner_Disbursement/Hold_Payment.feature"): Feature file: 'Include/features/IST_Real/RTD/Partner_Disbursement/Hold_Payment.feature' was passed

2021-01-21 17:57:29 - [MESSAGE][INFO] - Starting run keyword runFeatureFile: 'Include/features/IST_Real/RTD/Partner_Disbursement/Hold_Payment.feature' and extract report to folder: '/Users/chaidir.pratama01/Katalon Studio/IST_Automation_Git/Reports/20210121_172548/RTD/TS_Partner_Disbursement/20210121_172554/cucumber_report/1611226649735'...

2021-01-21 17:57:29 - [TEST_CASE][PASSED] - Start Test Case : SCENARIO Hold Payment for Status Eligible to Disburse: SCENARIO Hold Payment for Status Eligible to Disburse

2021-01-21 17:57:29 - [TEST_STEP][PASSED] - Go to ISTools: Go to ISTools

2021-01-21 17:57:29 - [MESSAGE][WARNING] - A browser is already opened. Closing browser and opening a new one

2021-01-21 17:57:29 - [MESSAGE][INFO] - Starting 'Chrome (headless)' driver

2021-01-21 17:57:29 - [MESSAGE][INFO] - User set preference: ['args', '[--start-maximized, --disable-gpu, --no-proxy-server, –-no-sandbox, --allow-running-insecure-content, --ignore-certificate-errors, window-size=1680,814, force-device-scale-factor=2, --lang=en-GB]']

2021-01-21 17:57:29 - [MESSAGE][INFO] - User set preference: ['prefs', '{download.default_directory=/Users/chaidir.pratama01/Katalon Studio/IST_Automation_Git/Download}']

2021-01-21 17:57:29 - [MESSAGE][INFO] - Action delay is set to 0 milliseconds

2021-01-21 17:57:30 - [MESSAGE][PASSED] - Browser is opened with url: ''

2021-01-21 17:57:31 - [MESSAGE][PASSED] - Navigate to 'https://dev-istools.homecredit.id/foundation/' successfully

2021-01-21 17:57:31 - [MESSAGE][PASSED] - Go to ISTools

2021-01-21 17:57:31 - [TEST_STEP][PASSED] - Login IST with valid credentials: Login IST with valid credentials

2021-01-21 17:57:31 - [MESSAGE][PASSED] - Text 'mobile.test' is set on object 'Object Repository/Page_/input_Username_j_username'

2021-01-21 17:57:31 - [MESSAGE][PASSED] - Text ****** has been set on object 'Object Repository/Page_/input_Password_j_password'

2021-01-21 17:57:31 - [MESSAGE][PASSED] - Object: 'Object Repository/Page_/button_Login' is clicked on

2021-01-21 17:57:31 - [MESSAGE][PASSED] - Login IST with valid credentials

2021-01-21 17:57:31 - [TEST_STEP][PASSED] - Login Success: Login Success

2021-01-21 17:57:31 - [MESSAGE][INFO] - Login Success

2021-01-21 17:57:31 - [MESSAGE][PASSED] - Current window maximized

2021-01-21 17:57:31 - [MESSAGE][PASSED] - Object 'Object Repository/Page_/h1_Welcome to IT Supporting Tools' is present

2021-01-21 17:57:31 - [MESSAGE][PASSED] - Login Success

2021-01-21 17:57:31 - [TEST_STEP][PASSED] - Select Arrow Menu "Real Time Disbursement": Select Arrow Menu "Real Time Disbursement"

2021-01-21 17:57:31 - [MESSAGE][PASSED] - Object: '' is clicked on

2021-01-21 17:57:31 - [MESSAGE][PASSED] - Select Arrow Menu "Real Time Disbursement"

2021-01-21 17:57:31 - [TEST_STEP][PASSED] - Select Menu "Partner Disbursement": Select Menu "Partner Disbursement"

2021-01-21 17:57:32 - [MESSAGE][PASSED] - Taking screenshot successfully
[[ATTACHMENT|/Users/chaidir.pratama01/Documents/Docs/Katalon Studio/Screenshot/test-Partner Disbursement.png]]

2021-01-21 17:57:32 - [MESSAGE][PASSED] - Object '' is present

2021-01-21 17:57:32 - [MESSAGE][PASSED] - Object: '' is clicked on

2021-01-21 17:57:32 - [MESSAGE][PASSED] - Wait for page load successfully

2021-01-21 17:57:32 - [MESSAGE][PASSED] - Select Menu "Partner Disbursement"

2021-01-21 17:57:32 - [TEST_STEP][PASSED] - Select STATUS "Eligible to disburse": Select STATUS "Eligible to disburse"

2021-01-21 17:57:32 - [MESSAGE][PASSED] - All options with value 'Eligible to disburse' are selected in object ''  using regular expression

2021-01-21 17:57:32 - [MESSAGE][PASSED] - Select STATUS "Eligible to disburse"

2021-01-21 17:57:32 - [TEST_STEP][PASSED] - Click button "Search": Click button "Search"

2021-01-21 17:57:32 - [MESSAGE][INFO] - >>>>>//Button[contains(text(),'Search')]

2021-01-21 17:57:35 - [MESSAGE][PASSED] - Object '' is present

2021-01-21 17:57:35 - [MESSAGE][PASSED] - Object: '' is clicked on

2021-01-21 17:57:35 - [MESSAGE][PASSED] - Switched to window with index: '0'

2021-01-21 17:57:35 - [MESSAGE][PASSED] - Click button "Search"

2021-01-21 17:57:35 - [TEST_STEP][PASSED] - Verify Search Result Presents: Verify Search Result Presents

2021-01-21 17:57:36 - [MESSAGE][PASSED] - Object '' is present

2021-01-21 17:57:36 - [MESSAGE][PASSED] - Verify Search Result Presents

2021-01-21 17:57:36 - [TEST_STEP][PASSED] - Click Checkbox: Click Checkbox

2021-01-21 17:57:36 - [MESSAGE][PASSED] - Object: '' is clicked on

2021-01-21 17:57:36 - [MESSAGE][PASSED] - Click Checkbox

2021-01-21 17:57:36 - [TEST_STEP][PASSED] - Get Checkbox data of Menu "Partner Disbursement" before Hold Payment: Get Checkbox data of Menu "Partner Disbursement" before Hold Payment

2021-01-21 17:57:36 - [MESSAGE][PASSED] - Get Checkbox data of Menu "Partner Disbursement" before Hold Payment

2021-01-21 17:57:36 - [TEST_STEP][PASSED] - Click button "HOLD PAYMENT": Click button "HOLD PAYMENT"

2021-01-21 17:57:36 - [MESSAGE][INFO] - >>>>>//Button[contains(text(),'HOLD PAYMENT')]

2021-01-21 17:57:39 - [MESSAGE][PASSED] - Object '' is present

2021-01-21 17:57:40 - [MESSAGE][PASSED] - Object: '' is clicked on

2021-01-21 17:57:40 - [MESSAGE][PASSED] - Switched to window with index: '0'

2021-01-21 17:57:40 - [MESSAGE][PASSED] - Click button "HOLD PAYMENT"

2021-01-21 17:57:40 - [TEST_STEP][PASSED] - Input reason of Hold Payment: Input reason of Hold Payment

2021-01-21 17:57:40 - [MESSAGE][PASSED] - Switched to window with index: '0'

2021-01-21 17:57:43 - [MESSAGE][PASSED] - Delayed 3 second(s)

2021-01-21 17:57:43 - [MESSAGE][PASSED] - Input reason of Hold Payment

2021-01-21 17:57:43 - [TEST_STEP][PASSED] - Click button "Yes": Click button "Yes"

2021-01-21 17:57:43 - [MESSAGE][INFO] - >>>>>//Button[contains(text(),'Yes')]

2021-01-21 17:57:46 - [MESSAGE][PASSED] - Object '' is present

2021-01-21 17:57:46 - [MESSAGE][PASSED] - Object: '' is clicked on

2021-01-21 17:57:46 - [MESSAGE][PASSED] - Switched to window with index: '0'

2021-01-21 17:57:46 - [MESSAGE][PASSED] - Click button "Yes"

2021-01-21 17:57:46 - [TEST_STEP][PASSED] - Connect to Database RTD: Connect to Database RTD

2021-01-21 17:57:46 - [MESSAGE][PASSED] - Connect to Database RTD

2021-01-21 17:57:46 - [TEST_STEP][PASSED] - Select Hold Contract Number and make sure status is Hold Payment Recreation: Select Hold Contract Number and make sure status is Hold Payment Recreation

2021-01-21 17:57:46 - [MESSAGE][PASSED] - Select Hold Contract Number and make sure status is Hold Payment Recreation

2021-01-21 17:57:46 - [MESSAGE][PASSED] - Feature file: 'Include/features/IST_Real/RTD/Partner_Disbursement/Hold_Payment.feature' was passed]]></system-out>
         <system-err><![CDATA[]]></system-err>
      </testcase>
      <system-out><![CDATA[2021-01-21 17:50:10 - [TEST_SUITE][FAILED] - TS_Partner_Disbursement: Test Cases/RTD/Partner Disbursement/TC_Search_by_STATUS FAILED.
Reason:
com.kms.katalon.core.exception.StepFailedException: Feature file 'Include/features/IST_Real/RTD/Partner_Disbursement/Search_by_STATUS.feature' was failed
	at com.kms.katalon.core.keyword.internal.KeywordMain.stepFailed(KeywordMain.groovy:50)
	at com.kms.katalon.core.keyword.internal.KeywordMain.stepFailed(KeywordMain.groovy)
	at com.kms.katalon.core.keyword.internal.KeywordMain.stepFailed(KeywordMain.groovy:23)
	at com.kms.katalon.core.keyword.internal.KeywordMain$stepFailed$0.call(Unknown Source)
	at com.kms.katalon.core.cucumber.keyword.CucumberBuiltinKeywords$_runFeatureFile_closure1.doCall(CucumberBuiltinKeywords.groovy:82)
	at com.kms.katalon.core.cucumber.keyword.CucumberBuiltinKeywords$_runFeatureFile_closure1.doCall(CucumberBuiltinKeywords.groovy)
	at com.kms.katalon.core.keyword.internal.KeywordMain.runKeyword(KeywordMain.groovy:68)
	at com.kms.katalon.core.keyword.internal.KeywordMain$runKeyword.call(Unknown Source)
	at com.kms.katalon.core.cucumber.keyword.CucumberBuiltinKeywords.runFeatureFile(CucumberBuiltinKeywords.groovy:46)
	at com.kms.katalon.core.cucumber.keyword.CucumberBuiltinKeywords$runFeatureFile$0.callStatic(Unknown Source)
	at com.kms.katalon.core.cucumber.keyword.CucumberBuiltinKeywords.runFeatureFile(CucumberBuiltinKeywords.groovy:169)
	at com.kms.katalon.core.cucumber.keyword.CucumberBuiltinKeywords$runFeatureFile.call(Unknown Source)
	at TC_Search_by_STATUS.run(TC_Search_by_STATUS:18)
	at com.kms.katalon.core.main.ScriptEngine.run(ScriptEngine.java:194)
	at com.kms.katalon.core.main.ScriptEngine.runScriptAsRawText(ScriptEngine.java:119)
	at com.kms.katalon.core.main.TestCaseExecutor.runScript(TestCaseExecutor.java:339)
	at com.kms.katalon.core.main.TestCaseExecutor.doExecute(TestCaseExecutor.java:330)
	at com.kms.katalon.core.main.TestCaseExecutor.processExecutionPhase(TestCaseExecutor.java:309)
	at com.kms.katalon.core.main.TestCaseExecutor.accessMainPhase(TestCaseExecutor.java:301)
	at com.kms.katalon.core.main.TestCaseExecutor.execute(TestCaseExecutor.java:235)
	at com.kms.katalon.core.main.TestSuiteExecutor.accessTestCaseMainPhase(TestSuiteExecutor.java:191)
	at com.kms.katalon.core.main.TestSuiteExecutor.accessTestSuiteMainPhase(TestSuiteExecutor.java:141)
	at com.kms.katalon.core.main.TestSuiteExecutor.execute(TestSuiteExecutor.java:90)
	at com.kms.katalon.core.main.TestCaseMain.startTestSuite(TestCaseMain.java:157)
	at com.kms.katalon.core.main.TestCaseMain$startTestSuite$0.call(Unknown Source)
	at TempTestSuite1611224754744.run(TempTestSuite1611224754744.groovy:39)]]></system-out>
      <system-err><![CDATA[2021-01-21 17:50:10 - [TEST_SUITE][FAILED] - TS_Partner_Disbursement: Test Cases/RTD/Partner Disbursement/TC_Search_by_STATUS FAILED.
Reason:
com.kms.katalon.core.exception.StepFailedException: Feature file 'Include/features/IST_Real/RTD/Partner_Disbursement/Search_by_STATUS.feature' was failed
	at com.kms.katalon.core.keyword.internal.KeywordMain.stepFailed(KeywordMain.groovy:50)
	at com.kms.katalon.core.keyword.internal.KeywordMain.stepFailed(KeywordMain.groovy)
	at com.kms.katalon.core.keyword.internal.KeywordMain.stepFailed(KeywordMain.groovy:23)
	at com.kms.katalon.core.keyword.internal.KeywordMain$stepFailed$0.call(Unknown Source)
	at com.kms.katalon.core.cucumber.keyword.CucumberBuiltinKeywords$_runFeatureFile_closure1.doCall(CucumberBuiltinKeywords.groovy:82)
	at com.kms.katalon.core.cucumber.keyword.CucumberBuiltinKeywords$_runFeatureFile_closure1.doCall(CucumberBuiltinKeywords.groovy)
	at com.kms.katalon.core.keyword.internal.KeywordMain.runKeyword(KeywordMain.groovy:68)
	at com.kms.katalon.core.keyword.internal.KeywordMain$runKeyword.call(Unknown Source)
	at com.kms.katalon.core.cucumber.keyword.CucumberBuiltinKeywords.runFeatureFile(CucumberBuiltinKeywords.groovy:46)
	at com.kms.katalon.core.cucumber.keyword.CucumberBuiltinKeywords$runFeatureFile$0.callStatic(Unknown Source)
	at com.kms.katalon.core.cucumber.keyword.CucumberBuiltinKeywords.runFeatureFile(CucumberBuiltinKeywords.groovy:169)
	at com.kms.katalon.core.cucumber.keyword.CucumberBuiltinKeywords$runFeatureFile.call(Unknown Source)
	at TC_Search_by_STATUS.run(TC_Search_by_STATUS:18)
	at com.kms.katalon.core.main.ScriptEngine.run(ScriptEngine.java:194)
	at com.kms.katalon.core.main.ScriptEngine.runScriptAsRawText(ScriptEngine.java:119)
	at com.kms.katalon.core.main.TestCaseExecutor.runScript(TestCaseExecutor.java:339)
	at com.kms.katalon.core.main.TestCaseExecutor.doExecute(TestCaseExecutor.java:330)
	at com.kms.katalon.core.main.TestCaseExecutor.processExecutionPhase(TestCaseExecutor.java:309)
	at com.kms.katalon.core.main.TestCaseExecutor.accessMainPhase(TestCaseExecutor.java:301)
	at com.kms.katalon.core.main.TestCaseExecutor.execute(TestCaseExecutor.java:235)
	at com.kms.katalon.core.main.TestSuiteExecutor.accessTestCaseMainPhase(TestSuiteExecutor.java:191)
	at com.kms.katalon.core.main.TestSuiteExecutor.accessTestSuiteMainPhase(TestSuiteExecutor.java:141)
	at com.kms.katalon.core.main.TestSuiteExecutor.execute(TestSuiteExecutor.java:90)
	at com.kms.katalon.core.main.TestCaseMain.startTestSuite(TestCaseMain.java:157)
	at com.kms.katalon.core.main.TestCaseMain$startTestSuite$0.call(Unknown Source)
	at TempTestSuite1611224754744.run(TempTestSuite1611224754744.groovy:39)]]></system-err>
   </testsuite>
</testsuites>
