<?xml version="1.0" encoding="UTF-8"?>
<testsuites name="TS_BUKALAPAK_B2B" time="915.316" tests="15" failures="0" errors="0">
   <testsuite name="TS_BUKALAPAK_B2B" tests="15" failures="0" errors="0" time="915.316" timestamp="2020-10-20 17:15:27" hostname="chaidir.pratama01 - localhost" id="Test Suites/CONTRACT_DISPATCHER_DONA_B2B/TS_BUKALAPAK_B2B">
      <properties>
         <property name="deviceName" value=""/>
         <property name="devicePlatform" value=""/>
         <property name="logFolder" value="/Users/chaidir.pratama01/Katalon Studio/IST_Automation_Git/Reports/20201020_171520/CONTRACT_DISPATCHER_DONA_B2B/TS_BUKALAPAK_B2B/20201020_171520"/>
         <property name="logFiles" value="/Users/chaidir.pratama01/Katalon Studio/IST_Automation_Git/Reports/20201020_171520/CONTRACT_DISPATCHER_DONA_B2B/TS_BUKALAPAK_B2B/20201020_171520/execution0.log"/>
         <property name="attachments" value="/Users/chaidir.pratama01/Documents/Docs/Katalon Studio/Screenshot/IST_Page.png, /Users/chaidir.pratama01/Documents/Docs/Katalon Studio/Screenshot/test-Management Assignment.png, /Users/chaidir.pratama01/Documents/Docs/Katalon Studio/Screenshot/IST_Page.png, /Users/chaidir.pratama01/Documents/Docs/Katalon Studio/Screenshot/test-Contract Dispatcher.png, /Users/chaidir.pratama01/Documents/Docs/Katalon Studio/Screenshot/errorpopup.png, /Users/chaidir.pratama01/Documents/Docs/Katalon Studio/Screenshot/IST_Page.png, /Users/chaidir.pratama01/Documents/Docs/Katalon Studio/Screenshot/test-Contract Dispatcher.png, /Users/chaidir.pratama01/Documents/Docs/Katalon Studio/Screenshot/errorpopup.png, /Users/chaidir.pratama01/Documents/Docs/Katalon Studio/Screenshot/errorpopup.png, /Users/chaidir.pratama01/Documents/Docs/Katalon Studio/Screenshot/IST_Page.png, /Users/chaidir.pratama01/Documents/Docs/Katalon Studio/Screenshot/test-Management Assignment.png, /Users/chaidir.pratama01/Documents/Docs/Katalon Studio/Screenshot/IST_Page.png, /Users/chaidir.pratama01/Documents/Docs/Katalon Studio/Screenshot/test-Contract Dispatcher.png, /Users/chaidir.pratama01/Documents/Docs/Katalon Studio/Screenshot/errorpopup.png, /Users/chaidir.pratama01/Documents/Docs/Katalon Studio/Screenshot/IST_Page.png, /Users/chaidir.pratama01/Documents/Docs/Katalon Studio/Screenshot/test-Management Assignment.png, /Users/chaidir.pratama01/Documents/Docs/Katalon Studio/Screenshot/IST_Page.png, /Users/chaidir.pratama01/Documents/Docs/Katalon Studio/Screenshot/test-Contract Dispatcher.png, /Users/chaidir.pratama01/Documents/Docs/Katalon Studio/Screenshot/errorpopup.png, /Users/chaidir.pratama01/Documents/Docs/Katalon Studio/Screenshot/IST_Page.png, /Users/chaidir.pratama01/Documents/Docs/Katalon Studio/Screenshot/test-Management Assignment.png, /Users/chaidir.pratama01/Documents/Docs/Katalon Studio/Screenshot/IST_Page.png, /Users/chaidir.pratama01/Documents/Docs/Katalon Studio/Screenshot/test-Contract Dispatcher.png, /Users/chaidir.pratama01/Documents/Docs/Katalon Studio/Screenshot/errorpopup.png, /Users/chaidir.pratama01/Documents/Docs/Katalon Studio/Screenshot/IST_Page.png, /Users/chaidir.pratama01/Documents/Docs/Katalon Studio/Screenshot/test-Contract Dispatcher.png, /Users/chaidir.pratama01/Documents/Docs/Katalon Studio/Screenshot/test-Contract Dispatcher.png, /Users/chaidir.pratama01/Documents/Docs/Katalon Studio/Screenshot/IST_Page.png, /Users/chaidir.pratama01/Documents/Docs/Katalon Studio/Screenshot/test-Management Assignment.png, /Users/chaidir.pratama01/Documents/Docs/Katalon Studio/Screenshot/errorpopup.png, /Users/chaidir.pratama01/Documents/Docs/Katalon Studio/Screenshot/IST_Page.png, /Users/chaidir.pratama01/Documents/Docs/Katalon Studio/Screenshot/test-Contract Dispatcher.png, /Users/chaidir.pratama01/Katalon Studio/IST_Automation_Git/Reports/20201020_171520/CONTRACT_DISPATCHER_DONA_B2B/TS_BUKALAPAK_B2B/20201020_171520/1603189837680.png"/>
         <property name="hostName" value="chaidir.pratama01 - localhost"/>
         <property name="os" value="Mac OS X 64bit"/>
         <property name="katalonVersion" value="7.6.0.${buildNumber}"/>
         <property name="browser" value="Chrome 86.0.4240.80"/>
         <property name="hostAddress" value="127.0.0.1"/>
         <property name="sessionId" value="50fffe72f6cb6af5d44c9c74c41f943e"/>
         <property name="seleniumVersion" value="3.141.59"/>
         <property name="proxyInformation" value="ProxyInformation { proxyOption=NO_PROXY, proxyServerType=HTTP, username=, password=********, proxyServerAddress=, proxyServerPort=0, executionList=\&quot;\&quot;, isApplyToDesiredCapabilities=true }"/>
         <property name="platform" value="Mac OS X"/>
      </properties>
      <testcase name="Test Cases/IST_Real/CONTRACT_DISPATCHER_DONA_B2B/BUKALAPAK/TC BUKALAPAK - Update Tbl CDS CDC TRKRegMistake" time="3.182" classname="Test Cases/IST_Real/CONTRACT_DISPATCHER_DONA_B2B/BUKALAPAK/TC BUKALAPAK - Update Tbl CDS CDC TRKRegMistake" status="PASSED">
         <system-out><![CDATA[2020-10-20 17:15:27 - [TEST_CASE][PASSED] - Test Cases/IST_Real/CONTRACT_DISPATCHER_DONA_B2B/BUKALAPAK/TC BUKALAPAK - Update Tbl CDS CDC TRKRegMistake: Test Cases/IST_Real/CONTRACT_DISPATCHER_DONA_B2B/BUKALAPAK/TC BUKALAPAK - Update Tbl CDS CDC TRKRegMistake

2020-10-20 17:15:27 - [TEST_STEP][PASSED] - runFeatureFile("Include/features/IST_Real/CONTRACT_DISPATCHER_DONA_B2B/BUKALAPAK/Update_Tbl_CDS_CDC_TRK_RegMistake.feature"): Feature file: 'Include/features/IST_Real/CONTRACT_DISPATCHER_DONA_B2B/BUKALAPAK/Update_Tbl_CDS_CDC_TRK_RegMistake.feature' was passed

2020-10-20 17:15:27 - [MESSAGE][INFO] - Starting run keyword runFeatureFile: 'Include/features/IST_Real/CONTRACT_DISPATCHER_DONA_B2B/BUKALAPAK/Update_Tbl_CDS_CDC_TRK_RegMistake.feature' and extract report to folder: '/Users/chaidir.pratama01/Katalon Studio/IST_Automation_Git/Reports/20201020_171520/CONTRACT_DISPATCHER_DONA_B2B/TS_BUKALAPAK_B2B/20201020_171520/cucumber_report/1603188927776'...

2020-10-20 17:15:28 - [TEST_CASE][PASSED] - Start Test Case : SCENARIO Update Table CONTRACT_DISPATCHER_SOURCE and CONTRACT_DISPTACHER_CLAIM: SCENARIO Update Table CONTRACT_DISPATCHER_SOURCE and CONTRACT_DISPTACHER_CLAIM

2020-10-20 17:15:28 - [TEST_STEP][PASSED] - Connect to Database: Connect to Database

2020-10-20 17:15:29 - [MESSAGE][PASSED] - Connect to Database

2020-10-20 17:15:29 - [TEST_STEP][PASSED] - Update Tbl CONTRACT DISPATCHER SOURCE To Change PROCESSED From Y to N For Bukalapak B2B: Update Tbl CONTRACT DISPATCHER SOURCE To Change PROCESSED From Y to N For Bukalapak B2B

2020-10-20 17:15:30 - [MESSAGE][PASSED] - Update Tbl CONTRACT DISPATCHER SOURCE To Change PROCESSED From Y to N For Bukalapak B2B

2020-10-20 17:15:30 - [TEST_STEP][PASSED] - Update Tbl CONTRACT DISPATCHER CLAIM To Delete PROCESS From Column STATUS: Update Tbl CONTRACT DISPATCHER CLAIM To Delete PROCESS From Column STATUS

2020-10-20 17:15:30 - [MESSAGE][PASSED] - Update Tbl CONTRACT DISPATCHER CLAIM To Delete PROCESS From Column STATUS

2020-10-20 17:15:30 - [TEST_STEP][PASSED] - Delete Contract From TRK_REGISTRATION_MISTAKE: Delete Contract From TRK_REGISTRATION_MISTAKE

2020-10-20 17:15:30 - [MESSAGE][PASSED] - Delete Contract From TRK_REGISTRATION_MISTAKE

2020-10-20 17:15:30 - [MESSAGE][PASSED] - Feature file: 'Include/features/IST_Real/CONTRACT_DISPATCHER_DONA_B2B/BUKALAPAK/Update_Tbl_CDS_CDC_TRK_RegMistake.feature' was passed]]></system-out>
         <system-err><![CDATA[]]></system-err>
      </testcase>
      <testcase name="Test Cases/IST_Real/CONTRACT_DISPATCHER_DONA_B2B/BUKALAPAK/TC BUKALAPAK - Contract Dispatcher BUKALAPAK B2B" time="52.85" classname="Test Cases/IST_Real/CONTRACT_DISPATCHER_DONA_B2B/BUKALAPAK/TC BUKALAPAK - Contract Dispatcher BUKALAPAK B2B" status="PASSED">
         <system-out><![CDATA[2020-10-20 17:15:30 - [TEST_CASE][PASSED] - Test Cases/IST_Real/CONTRACT_DISPATCHER_DONA_B2B/BUKALAPAK/TC BUKALAPAK - Contract Dispatcher BUKALAPAK B2B: Test Cases/IST_Real/CONTRACT_DISPATCHER_DONA_B2B/BUKALAPAK/TC BUKALAPAK - Contract Dispatcher BUKALAPAK B2B

2020-10-20 17:15:30 - [TEST_STEP][PASSED] - runFeatureFile("Include/features/IST_Real/CONTRACT_DISPATCHER_DONA_B2B/BUKALAPAK/Contract_Dispatcher_BUKALAPAK_B2B.feature"): Feature file: 'Include/features/IST_Real/CONTRACT_DISPATCHER_DONA_B2B/BUKALAPAK/Contract_Dispatcher_BUKALAPAK_B2B.feature' was passed

2020-10-20 17:15:30 - [MESSAGE][INFO] - Starting run keyword runFeatureFile: 'Include/features/IST_Real/CONTRACT_DISPATCHER_DONA_B2B/BUKALAPAK/Contract_Dispatcher_BUKALAPAK_B2B.feature' and extract report to folder: '/Users/chaidir.pratama01/Katalon Studio/IST_Automation_Git/Reports/20201020_171520/CONTRACT_DISPATCHER_DONA_B2B/TS_BUKALAPAK_B2B/20201020_171520/cucumber_report/1603188930792'...

2020-10-20 17:15:30 - [TEST_CASE][PASSED] - Start Test Case : SCENARIO Assign User to Contract Dona B2B: SCENARIO Assign User to Contract Dona B2B

2020-10-20 17:15:30 - [TEST_STEP][PASSED] - Go to IST: Go to IST

2020-10-20 17:15:31 - [MESSAGE][INFO] - Starting 'Chrome (headless)' driver

2020-10-20 17:15:31 - [MESSAGE][INFO] - User set preference: ['args', '[--start-maximized, --disable-gpu, --no-proxy-server, â€“no-sandbox, --allow-running-insecure-content, --ignore-certificate-errors]']

2020-10-20 17:15:31 - [MESSAGE][INFO] - Action delay is set to 0 milliseconds

2020-10-20 17:15:32 - [MESSAGE][PASSED] - Browser is opened with url: ''

2020-10-20 17:15:33 - [MESSAGE][PASSED] - Navigate to 'https://dev-ist.homecredit.id/ist_tracker/' successfully

2020-10-20 17:15:33 - [MESSAGE][PASSED] - Taking screenshot successfully
[[ATTACHMENT|/Users/chaidir.pratama01/Documents/Docs/Katalon Studio/Screenshot/IST_Page.png]]

2020-10-20 17:15:33 - [MESSAGE][PASSED] - Go to IST

2020-10-20 17:15:33 - [TEST_STEP][PASSED] - Login IST with valid credentials: Login IST with valid credentials

2020-10-20 17:15:33 - [MESSAGE][PASSED] - Text 'mobile.test' is set on object 'Object Repository/Page_/input_Username_j_username'

2020-10-20 17:15:34 - [MESSAGE][PASSED] - Text ****** has been set on object 'Object Repository/Page_/input_Password_j_password'

2020-10-20 17:15:34 - [MESSAGE][PASSED] - Object: 'Object Repository/Page_/button_Login' is clicked on

2020-10-20 17:15:34 - [MESSAGE][PASSED] - Login IST with valid credentials

2020-10-20 17:15:34 - [TEST_STEP][PASSED] - Login Success for contract dispatcher: Login Success for contract dispatcher

2020-10-20 17:15:34 - [MESSAGE][INFO] - Login Success

2020-10-20 17:15:34 - [MESSAGE][PASSED] - Current window maximized

2020-10-20 17:15:34 - [MESSAGE][PASSED] - Object 'Object Repository/Page_/h1_Welcome to IT Supporting Tools' is present

2020-10-20 17:15:34 - [MESSAGE][PASSED] - Login Success for contract dispatcher

2020-10-20 17:15:34 - [TEST_STEP][PASSED] - Select Arrow Menu "Contract Dispatcher Admin": Select Arrow Menu "Contract Dispatcher Admin"

2020-10-20 17:15:34 - [MESSAGE][PASSED] - Object: '' is clicked on

2020-10-20 17:15:34 - [MESSAGE][PASSED] - Select Arrow Menu "Contract Dispatcher Admin"

2020-10-20 17:15:34 - [TEST_STEP][PASSED] - Select Menu "Management Assignment": Select Menu "Management Assignment"

2020-10-20 17:15:35 - [MESSAGE][PASSED] - Taking screenshot successfully
[[ATTACHMENT|/Users/chaidir.pratama01/Documents/Docs/Katalon Studio/Screenshot/test-Management Assignment.png]]

2020-10-20 17:15:35 - [MESSAGE][PASSED] - Object '' is present

2020-10-20 17:15:35 - [MESSAGE][PASSED] - Object: '' is clicked on

2020-10-20 17:15:35 - [MESSAGE][PASSED] - Wait for page load successfully

2020-10-20 17:15:35 - [MESSAGE][PASSED] - Select Menu "Management Assignment"

2020-10-20 17:15:35 - [TEST_STEP][PASSED] - Select Username "mobile.test" of Management Assignment: Select Username "mobile.test" of Management Assignment

2020-10-20 17:15:36 - [MESSAGE][PASSED] - All options with value 'mobile.test' are selected in object 'Object Repository/Page_/dropdown_list_username_assignment'  using regular expression

2020-10-20 17:15:36 - [MESSAGE][PASSED] - Select Username "mobile.test" of Management Assignment

2020-10-20 17:15:36 - [TEST_STEP][PASSED] - Check for username if already assigned to "Dona B2B": Check for username if already assigned to "Dona B2B"

2020-10-20 17:15:39 - [MESSAGE][PASSED] - Scroll to object '' successfully

2020-10-20 17:15:39 - [MESSAGE][PASSED] - Object '' is present

2020-10-20 17:15:39 - [MESSAGE][PASSED] - Object '' is checked

2020-10-20 17:15:39 - [MESSAGE][INFO] - Element is already Checked

2020-10-20 17:15:39 - [MESSAGE][PASSED] - Check for username if already assigned to "Dona B2B"

2020-10-20 17:15:39 - [TEST_STEP][PASSED] - Wait page for load: Wait page for load

2020-10-20 17:15:39 - [MESSAGE][PASSED] - Wait for page load successfully

2020-10-20 17:15:39 - [MESSAGE][PASSED] - Wait page for load

2020-10-20 17:15:39 - [TEST_STEP][PASSED] - Click button "Logout": Click button "Logout"

2020-10-20 17:15:39 - [MESSAGE][INFO] - >>>>>//Button[contains(text(),'Logout')]

2020-10-20 17:15:42 - [MESSAGE][PASSED] - Object: '' is clicked on

2020-10-20 17:15:42 - [MESSAGE][PASSED] - Click button "Logout"

2020-10-20 17:15:42 - [TEST_STEP][PASSED] - Close browser: Close browser

2020-10-20 17:15:42 - [MESSAGE][PASSED] - Browser is closed

2020-10-20 17:15:42 - [MESSAGE][PASSED] - Close browser

2020-10-20 17:15:42 - [TEST_CASE][PASSED] - Start Test Case : SCENARIO Select Menu Contract Dispatcher and Select Contract based on type contract DONA_BUKALAPAK_B2B: SCENARIO Select Menu Contract Dispatcher and Select Contract based on type contract DONA_BUKALAPAK_B2B

2020-10-20 17:15:42 - [TEST_STEP][PASSED] - Go to IST: Go to IST

2020-10-20 17:15:42 - [MESSAGE][INFO] - Starting 'Chrome (headless)' driver

2020-10-20 17:15:42 - [MESSAGE][INFO] - User set preference: ['args', '[--start-maximized, --disable-gpu, --no-proxy-server, â€“no-sandbox, --allow-running-insecure-content, --ignore-certificate-errors]']

2020-10-20 17:15:42 - [MESSAGE][INFO] - Action delay is set to 0 milliseconds

2020-10-20 17:15:42 - [MESSAGE][PASSED] - Browser is opened with url: ''

2020-10-20 17:15:43 - [MESSAGE][PASSED] - Navigate to 'https://dev-ist.homecredit.id/ist_tracker/' successfully

2020-10-20 17:15:44 - [MESSAGE][PASSED] - Taking screenshot successfully
[[ATTACHMENT|/Users/chaidir.pratama01/Documents/Docs/Katalon Studio/Screenshot/IST_Page.png]]

2020-10-20 17:15:44 - [MESSAGE][PASSED] - Go to IST

2020-10-20 17:15:44 - [TEST_STEP][PASSED] - Login IST with valid credentials: Login IST with valid credentials

2020-10-20 17:15:44 - [MESSAGE][PASSED] - Text 'mobile.test' is set on object 'Object Repository/Page_/input_Username_j_username'

2020-10-20 17:15:44 - [MESSAGE][PASSED] - Text ****** has been set on object 'Object Repository/Page_/input_Password_j_password'

2020-10-20 17:15:44 - [MESSAGE][PASSED] - Object: 'Object Repository/Page_/button_Login' is clicked on

2020-10-20 17:15:44 - [MESSAGE][PASSED] - Login IST with valid credentials

2020-10-20 17:15:44 - [TEST_STEP][PASSED] - Login Success for contract dispatcher: Login Success for contract dispatcher

2020-10-20 17:15:44 - [MESSAGE][INFO] - Login Success

2020-10-20 17:15:45 - [MESSAGE][PASSED] - Current window maximized

2020-10-20 17:15:45 - [MESSAGE][PASSED] - Object 'Object Repository/Page_/h1_Welcome to IT Supporting Tools' is present

2020-10-20 17:15:45 - [MESSAGE][PASSED] - Login Success for contract dispatcher

2020-10-20 17:15:45 - [TEST_STEP][PASSED] - Select Menu "Contract Dispatcher": Select Menu "Contract Dispatcher"

2020-10-20 17:15:45 - [MESSAGE][PASSED] - Taking screenshot successfully
[[ATTACHMENT|/Users/chaidir.pratama01/Documents/Docs/Katalon Studio/Screenshot/test-Contract Dispatcher.png]]

2020-10-20 17:15:45 - [MESSAGE][PASSED] - Object '' is present

2020-10-20 17:15:45 - [MESSAGE][PASSED] - Object: '' is clicked on

2020-10-20 17:15:45 - [MESSAGE][PASSED] - Wait for page load successfully

2020-10-20 17:15:45 - [MESSAGE][PASSED] - Select Menu "Contract Dispatcher"

2020-10-20 17:15:45 - [TEST_STEP][PASSED] - Select Contract Number based on Type Contract "DONA_BUKALAPAK_B2B": Select Contract Number based on Type Contract "DONA_BUKALAPAK_B2B"

2020-10-20 17:15:45 - [MESSAGE][PASSED] - Object '' is present

2020-10-20 17:15:45 - [MESSAGE][PASSED] - Object '' is present

2020-10-20 17:15:45 - [MESSAGE][PASSED] - Object: '' is clicked on

2020-10-20 17:15:45 - [MESSAGE][PASSED] - Select Contract Number based on Type Contract "DONA_BUKALAPAK_B2B"

2020-10-20 17:15:45 - [TEST_STEP][PASSED] - Click button "Claim": Click button "Claim"

2020-10-20 17:15:45 - [MESSAGE][INFO] - >>>>>//Button[contains(text(),'Claim')]

2020-10-20 17:15:48 - [MESSAGE][PASSED] - Object: '' is clicked on

2020-10-20 17:15:48 - [MESSAGE][PASSED] - Click button "Claim"

2020-10-20 17:15:48 - [TEST_STEP][PASSED] - Verify Tab Mistake Matrix Base on Type Contract: Verify Tab Mistake Matrix Base on Type Contract

2020-10-20 17:15:49 - [MESSAGE][PASSED] - Object '' is present

2020-10-20 17:15:49 - [MESSAGE][PASSED] - Object '' is present

2020-10-20 17:15:49 - [MESSAGE][PASSED] - Object '' is present

2020-10-20 17:15:49 - [MESSAGE][PASSED] - Object '' is present

2020-10-20 17:15:49 - [MESSAGE][PASSED] - Object '' is present

2020-10-20 17:15:49 - [MESSAGE][PASSED] - Verify Tab Mistake Matrix Base on Type Contract

2020-10-20 17:15:49 - [TEST_STEP][PASSED] - Varify the mistake detail already match with the matrix Base on Type Contract: Varify the mistake detail already match with the matrix Base on Type Contract

2020-10-20 17:15:49 - [MESSAGE][PASSED] - Object '' is present

2020-10-20 17:15:50 - [MESSAGE][PASSED] - Object: '' is focused

2020-10-20 17:15:53 - [MESSAGE][PASSED] - Delayed 3 second(s)

2020-10-20 17:15:53 - [MESSAGE][PASSED] - Object: '' is clicked on

2020-10-20 17:15:53 - [MESSAGE][PASSED] - Object '' is present

2020-10-20 17:15:53 - [MESSAGE][PASSED] - Object: '' is focused

2020-10-20 17:15:53 - [MESSAGE][PASSED] - Object '' is not checked

2020-10-20 17:15:53 - [MESSAGE][PASSED] - Object '' is present

2020-10-20 17:15:53 - [MESSAGE][PASSED] - Object: '' is focused

2020-10-20 17:15:53 - [MESSAGE][PASSED] - Object '' is not checked

2020-10-20 17:15:53 - [MESSAGE][PASSED] - Object '' is present

2020-10-20 17:15:53 - [MESSAGE][PASSED] - Object: '' is focused

2020-10-20 17:15:53 - [MESSAGE][PASSED] - Object '' is not checked

2020-10-20 17:15:53 - [MESSAGE][PASSED] - Object '' is present

2020-10-20 17:15:53 - [MESSAGE][PASSED] - Object: '' is focused

2020-10-20 17:15:53 - [MESSAGE][PASSED] - Object '' is not checked

2020-10-20 17:15:53 - [MESSAGE][PASSED] - Object '' is present

2020-10-20 17:15:53 - [MESSAGE][PASSED] - Object: '' is focused

2020-10-20 17:15:53 - [MESSAGE][PASSED] - Object '' is not checked

2020-10-20 17:15:53 - [MESSAGE][PASSED] - Object '' is present

2020-10-20 17:15:53 - [MESSAGE][PASSED] - Object: '' is focused

2020-10-20 17:15:53 - [MESSAGE][PASSED] - Object '' is not checked

2020-10-20 17:15:53 - [MESSAGE][PASSED] - Object '' is present

2020-10-20 17:15:53 - [MESSAGE][PASSED] - Object: '' is focused

2020-10-20 17:15:53 - [MESSAGE][PASSED] - Object '' is not checked

2020-10-20 17:15:53 - [MESSAGE][PASSED] - Object '' is present

2020-10-20 17:15:53 - [MESSAGE][PASSED] - Object: '' is focused

2020-10-20 17:15:53 - [MESSAGE][PASSED] - Object '' is not checked

2020-10-20 17:15:53 - [MESSAGE][PASSED] - Object '' is present

2020-10-20 17:15:53 - [MESSAGE][PASSED] - Object: '' is focused

2020-10-20 17:15:53 - [MESSAGE][PASSED] - Object '' is not checked

2020-10-20 17:15:53 - [MESSAGE][PASSED] - Object '' is present

2020-10-20 17:15:54 - [MESSAGE][PASSED] - Object: '' is focused

2020-10-20 17:15:54 - [MESSAGE][PASSED] - Object '' is not checked

2020-10-20 17:15:54 - [MESSAGE][PASSED] - Object '' is present

2020-10-20 17:15:54 - [MESSAGE][PASSED] - Object: '' is focused

2020-10-20 17:15:54 - [MESSAGE][PASSED] - Object '' is not checked

2020-10-20 17:15:54 - [MESSAGE][PASSED] - Object '' is present

2020-10-20 17:15:54 - [MESSAGE][PASSED] - Object: '' is focused

2020-10-20 17:15:54 - [MESSAGE][PASSED] - Object '' is not checked

2020-10-20 17:15:54 - [MESSAGE][PASSED] - Object '' is present

2020-10-20 17:15:54 - [MESSAGE][PASSED] - Object: '' is focused

2020-10-20 17:15:54 - [MESSAGE][PASSED] - Object '' is not checked

2020-10-20 17:15:54 - [MESSAGE][PASSED] - Object '' is present

2020-10-20 17:15:54 - [MESSAGE][PASSED] - Object: '' is focused

2020-10-20 17:15:54 - [MESSAGE][PASSED] - Object '' is not checked

2020-10-20 17:15:54 - [MESSAGE][PASSED] - Object '' is present

2020-10-20 17:15:54 - [MESSAGE][PASSED] - Object: '' is focused

2020-10-20 17:15:54 - [MESSAGE][PASSED] - Object '' is not checked

2020-10-20 17:15:54 - [MESSAGE][PASSED] - Object '' is present

2020-10-20 17:15:54 - [MESSAGE][PASSED] - Object: '' is focused

2020-10-20 17:15:54 - [MESSAGE][PASSED] - Object '' is not checked

2020-10-20 17:15:54 - [MESSAGE][PASSED] - Object '' is present

2020-10-20 17:15:54 - [MESSAGE][PASSED] - Object: '' is focused

2020-10-20 17:15:54 - [MESSAGE][PASSED] - Object '' is not checked

2020-10-20 17:15:54 - [MESSAGE][PASSED] - Object '' is present

2020-10-20 17:15:54 - [MESSAGE][PASSED] - Object: '' is focused

2020-10-20 17:15:54 - [MESSAGE][PASSED] - Object '' is not checked

2020-10-20 17:15:54 - [MESSAGE][PASSED] - Object '' is present

2020-10-20 17:15:54 - [MESSAGE][PASSED] - Object: '' is focused

2020-10-20 17:15:54 - [MESSAGE][PASSED] - Object '' is not checked

2020-10-20 17:15:55 - [MESSAGE][PASSED] - Object '' is present

2020-10-20 17:15:55 - [MESSAGE][PASSED] - Object: '' is focused

2020-10-20 17:15:55 - [MESSAGE][PASSED] - Object '' is not checked

2020-10-20 17:15:55 - [MESSAGE][PASSED] - Object '' is present

2020-10-20 17:15:55 - [MESSAGE][PASSED] - Object: '' is focused

2020-10-20 17:15:58 - [MESSAGE][PASSED] - Delayed 3 second(s)

2020-10-20 17:15:58 - [MESSAGE][PASSED] - Object: '' is clicked on

2020-10-20 17:15:58 - [MESSAGE][PASSED] - Object '' is present

2020-10-20 17:15:58 - [MESSAGE][PASSED] - Object: '' is focused

2020-10-20 17:15:58 - [MESSAGE][PASSED] - Object '' is not checked

2020-10-20 17:15:58 - [MESSAGE][PASSED] - Object '' is present

2020-10-20 17:15:58 - [MESSAGE][PASSED] - Object: '' is focused

2020-10-20 17:15:58 - [MESSAGE][PASSED] - Object '' is not checked

2020-10-20 17:15:58 - [MESSAGE][PASSED] - Object '' is present

2020-10-20 17:15:58 - [MESSAGE][PASSED] - Object: '' is focused

2020-10-20 17:15:58 - [MESSAGE][PASSED] - Object '' is not checked

2020-10-20 17:15:58 - [MESSAGE][PASSED] - Object '' is present

2020-10-20 17:15:58 - [MESSAGE][PASSED] - Object: '' is focused

2020-10-20 17:15:58 - [MESSAGE][PASSED] - Object '' is not checked

2020-10-20 17:15:58 - [MESSAGE][PASSED] - Object '' is present

2020-10-20 17:15:58 - [MESSAGE][PASSED] - Object: '' is focused

2020-10-20 17:15:58 - [MESSAGE][PASSED] - Object '' is not checked

2020-10-20 17:15:58 - [MESSAGE][PASSED] - Object '' is present

2020-10-20 17:15:58 - [MESSAGE][PASSED] - Object: '' is focused

2020-10-20 17:15:58 - [MESSAGE][PASSED] - Object '' is not checked

2020-10-20 17:15:58 - [MESSAGE][PASSED] - Object '' is present

2020-10-20 17:15:59 - [MESSAGE][PASSED] - Object: '' is focused

2020-10-20 17:16:02 - [MESSAGE][PASSED] - Delayed 3 second(s)

2020-10-20 17:16:02 - [MESSAGE][PASSED] - Object: '' is clicked on

2020-10-20 17:16:02 - [MESSAGE][PASSED] - Object '' is present

2020-10-20 17:16:02 - [MESSAGE][PASSED] - Object: '' is focused

2020-10-20 17:16:02 - [MESSAGE][PASSED] - Object '' is not checked

2020-10-20 17:16:02 - [MESSAGE][PASSED] - Object '' is present

2020-10-20 17:16:02 - [MESSAGE][PASSED] - Object: '' is focused

2020-10-20 17:16:02 - [MESSAGE][PASSED] - Object '' is not checked

2020-10-20 17:16:02 - [MESSAGE][PASSED] - Object '' is present

2020-10-20 17:16:02 - [MESSAGE][PASSED] - Object: '' is focused

2020-10-20 17:16:02 - [MESSAGE][PASSED] - Object '' is not checked

2020-10-20 17:16:02 - [MESSAGE][PASSED] - Object '' is present

2020-10-20 17:16:02 - [MESSAGE][PASSED] - Object: '' is focused

2020-10-20 17:16:05 - [MESSAGE][PASSED] - Delayed 3 second(s)

2020-10-20 17:16:05 - [MESSAGE][PASSED] - Object: '' is clicked on

2020-10-20 17:16:05 - [MESSAGE][PASSED] - Object '' is present

2020-10-20 17:16:05 - [MESSAGE][PASSED] - Object: '' is focused

2020-10-20 17:16:05 - [MESSAGE][PASSED] - Object '' is not checked

2020-10-20 17:16:05 - [MESSAGE][PASSED] - Object '' is present

2020-10-20 17:16:05 - [MESSAGE][PASSED] - Object: '' is focused

2020-10-20 17:16:05 - [MESSAGE][PASSED] - Object '' is not checked

2020-10-20 17:16:05 - [MESSAGE][PASSED] - Object '' is present

2020-10-20 17:16:05 - [MESSAGE][PASSED] - Object: '' is focused

2020-10-20 17:16:05 - [MESSAGE][PASSED] - Object '' is not checked

2020-10-20 17:16:05 - [MESSAGE][PASSED] - Object '' is present

2020-10-20 17:16:06 - [MESSAGE][PASSED] - Object: '' is focused

2020-10-20 17:16:06 - [MESSAGE][PASSED] - Object '' is not checked

2020-10-20 17:16:06 - [MESSAGE][PASSED] - Object '' is present

2020-10-20 17:16:06 - [MESSAGE][PASSED] - Object: '' is focused

2020-10-20 17:16:06 - [MESSAGE][PASSED] - Object '' is not checked

2020-10-20 17:16:06 - [MESSAGE][PASSED] - Object '' is present

2020-10-20 17:16:06 - [MESSAGE][PASSED] - Object: '' is focused

2020-10-20 17:16:06 - [MESSAGE][PASSED] - Object '' is not checked

2020-10-20 17:16:06 - [MESSAGE][PASSED] - Object '' is present

2020-10-20 17:16:06 - [MESSAGE][PASSED] - Object: '' is focused

2020-10-20 17:16:06 - [MESSAGE][PASSED] - Object '' is not checked

2020-10-20 17:16:06 - [MESSAGE][PASSED] - Object '' is present

2020-10-20 17:16:06 - [MESSAGE][PASSED] - Object: '' is focused

2020-10-20 17:16:06 - [MESSAGE][PASSED] - Object '' is not checked

2020-10-20 17:16:06 - [MESSAGE][PASSED] - Object '' is present

2020-10-20 17:16:06 - [MESSAGE][PASSED] - Object: '' is focused

2020-10-20 17:16:09 - [MESSAGE][PASSED] - Delayed 3 second(s)

2020-10-20 17:16:09 - [MESSAGE][PASSED] - Object: '' is clicked on

2020-10-20 17:16:09 - [MESSAGE][PASSED] - Object '' is present

2020-10-20 17:16:09 - [MESSAGE][PASSED] - Object: '' is focused

2020-10-20 17:16:09 - [MESSAGE][PASSED] - Object '' is not checked

2020-10-20 17:16:09 - [MESSAGE][PASSED] - Object '' is present

2020-10-20 17:16:09 - [MESSAGE][PASSED] - Object: '' is focused

2020-10-20 17:16:09 - [MESSAGE][PASSED] - Object '' is not checked

2020-10-20 17:16:09 - [MESSAGE][PASSED] - Object '' is present

2020-10-20 17:16:09 - [MESSAGE][PASSED] - Object: '' is focused

2020-10-20 17:16:09 - [MESSAGE][PASSED] - Object '' is not checked

2020-10-20 17:16:09 - [MESSAGE][PASSED] - Varify the mistake detail already match with the matrix Base on Type Contract

2020-10-20 17:16:09 - [TEST_STEP][PASSED] - Click on Tab "KTP": Click on Tab "KTP"

2020-10-20 17:16:10 - [MESSAGE][PASSED] - Object '' is present

2020-10-20 17:16:10 - [MESSAGE][PASSED] - Object: '' is focused

2020-10-20 17:16:13 - [MESSAGE][PASSED] - Delayed 3 second(s)

2020-10-20 17:16:13 - [MESSAGE][PASSED] - Object: '' is clicked on

2020-10-20 17:16:13 - [MESSAGE][PASSED] - Click on Tab "KTP"

2020-10-20 17:16:13 - [TEST_STEP][PASSED] - Checkbox General Mistake "20. KTP atau Resi - Alamat tetap pemohon pada sistem (HoS) berbeda dengan KTP": Checkbox General Mistake "20. KTP atau Resi - Alamat tetap pemohon pada sistem (HoS) berbeda dengan KTP"

2020-10-20 17:16:13 - [MESSAGE][PASSED] - Object: '' is clicked on

2020-10-20 17:16:13 - [MESSAGE][PASSED] - Wait for page load successfully

2020-10-20 17:16:13 - [MESSAGE][PASSED] - Checkbox General Mistake "20. KTP atau Resi - Alamat tetap pemohon pada sistem (HoS) berbeda dengan KTP"

2020-10-20 17:16:13 - [TEST_STEP][PASSED] - Choose Dropdown mistake type "Beda RT" from mistake name "20. KTP atau Resi - Alamat tetap pemohon pada sistem (HoS) berbeda dengan KTP": Choose Dropdown mistake type "Beda RT" from mistake name "20. KTP atau Resi - Alamat tetap pemohon pada sistem (HoS) berbeda dengan KTP"

2020-10-20 17:16:13 - [MESSAGE][PASSED] - All options with index in [1] are selected on object ''

2020-10-20 17:16:13 - [MESSAGE][PASSED] - Wait for page load successfully

2020-10-20 17:16:13 - [MESSAGE][PASSED] - Choose Dropdown mistake type "Beda RT" from mistake name "20. KTP atau Resi - Alamat tetap pemohon pada sistem (HoS) berbeda dengan KTP"

2020-10-20 17:16:13 - [TEST_STEP][PASSED] - Type on textarea note before based on mistake name "20. KTP atau Resi - Alamat tetap pemohon pada sistem (HoS) berbeda dengan KTP" with value "TESTING": Type on textarea note before based on mistake name "20. KTP atau Resi - Alamat tetap pemohon pada sistem (HoS) berbeda dengan KTP" with value "TESTING"

2020-10-20 17:16:13 - [MESSAGE][PASSED] - Text 'TESTING' is set on object ''

2020-10-20 17:16:13 - [MESSAGE][PASSED] - Wait for page load successfully

2020-10-20 17:16:13 - [MESSAGE][PASSED] - Type on textarea note before based on mistake name "20. KTP atau Resi - Alamat tetap pemohon pada sistem (HoS) berbeda dengan KTP" with value "TESTING"

2020-10-20 17:16:13 - [TEST_STEP][PASSED] - Type on textarea note after based on mistake name "20. KTP atau Resi - Alamat tetap pemohon pada sistem (HoS) berbeda dengan KTP" with value "TESTING after": Type on textarea note after based on mistake name "20. KTP atau Resi - Alamat tetap pemohon pada sistem (HoS) berbeda dengan KTP" with value "TESTING after"

2020-10-20 17:16:13 - [MESSAGE][PASSED] - Text 'TESTING after' is set on object ''

2020-10-20 17:16:13 - [MESSAGE][PASSED] - Wait for page load successfully

2020-10-20 17:16:13 - [MESSAGE][PASSED] - Type on textarea note after based on mistake name "20. KTP atau Resi - Alamat tetap pemohon pada sistem (HoS) berbeda dengan KTP" with value "TESTING after"

2020-10-20 17:16:13 - [TEST_STEP][PASSED] - Click button "Save": Click button "Save"

2020-10-20 17:16:13 - [MESSAGE][INFO] - >>>>>//Button[contains(text(),'Save')]

2020-10-20 17:16:16 - [MESSAGE][PASSED] - Object: '' is clicked on

2020-10-20 17:16:16 - [MESSAGE][PASSED] - Click button "Save"

2020-10-20 17:16:16 - [TEST_STEP][PASSED] - Get text from pop up "IT Supporting Tools" with text "Mistake has been saved": Get text from pop up "IT Supporting Tools" with text "Mistake has been saved"

2020-10-20 17:16:17 - [MESSAGE][PASSED] - Taking screenshot successfully
[[ATTACHMENT|/Users/chaidir.pratama01/Documents/Docs/Katalon Studio/Screenshot/errorpopup.png]]

2020-10-20 17:16:17 - [MESSAGE][PASSED] - Object '' is present

2020-10-20 17:16:17 - [MESSAGE][PASSED] - Wait for page load successfully

2020-10-20 17:16:17 - [MESSAGE][PASSED] - Wait for page load successfully

2020-10-20 17:16:17 - [MESSAGE][PASSED] - Get text from pop up "IT Supporting Tools" with text "Mistake has been saved"

2020-10-20 17:16:17 - [TEST_STEP][PASSED] - Click button "OK": Click button "OK"

2020-10-20 17:16:17 - [MESSAGE][INFO] - >>>>>//Button[contains(text(),'OK')]

2020-10-20 17:16:20 - [MESSAGE][PASSED] - Object: '' is clicked on

2020-10-20 17:16:20 - [MESSAGE][PASSED] - Click button "OK"

2020-10-20 17:16:20 - [TEST_STEP][PASSED] - Click button "Logout": Click button "Logout"

2020-10-20 17:16:20 - [MESSAGE][INFO] - >>>>>//Button[contains(text(),'Logout')]

2020-10-20 17:16:23 - [MESSAGE][PASSED] - Object: '' is clicked on

2020-10-20 17:16:23 - [MESSAGE][PASSED] - Click button "Logout"

2020-10-20 17:16:23 - [TEST_STEP][PASSED] - Close browser: Close browser

2020-10-20 17:16:23 - [MESSAGE][PASSED] - Browser is closed

2020-10-20 17:16:23 - [MESSAGE][PASSED] - Close browser

2020-10-20 17:16:23 - [MESSAGE][PASSED] - Feature file: 'Include/features/IST_Real/CONTRACT_DISPATCHER_DONA_B2B/BUKALAPAK/Contract_Dispatcher_BUKALAPAK_B2B.feature' was passed]]></system-out>
         <system-err><![CDATA[]]></system-err>
      </testcase>
      <testcase name="Test Cases/IST_Real/CONTRACT_DISPATCHER_DONA_B2B/BUKALAPAK/TC BUKALAPAK - Update Tbl CDS CDC TRKRegMistake" time="0.841" classname="Test Cases/IST_Real/CONTRACT_DISPATCHER_DONA_B2B/BUKALAPAK/TC BUKALAPAK - Update Tbl CDS CDC TRKRegMistake" status="PASSED">
         <system-out><![CDATA[2020-10-20 17:16:23 - [TEST_CASE][PASSED] - Test Cases/IST_Real/CONTRACT_DISPATCHER_DONA_B2B/BUKALAPAK/TC BUKALAPAK - Update Tbl CDS CDC TRKRegMistake: Test Cases/IST_Real/CONTRACT_DISPATCHER_DONA_B2B/BUKALAPAK/TC BUKALAPAK - Update Tbl CDS CDC TRKRegMistake

2020-10-20 17:16:23 - [TEST_STEP][PASSED] - runFeatureFile("Include/features/IST_Real/CONTRACT_DISPATCHER_DONA_B2B/BUKALAPAK/Update_Tbl_CDS_CDC_TRK_RegMistake.feature"): Feature file: 'Include/features/IST_Real/CONTRACT_DISPATCHER_DONA_B2B/BUKALAPAK/Update_Tbl_CDS_CDC_TRK_RegMistake.feature' was passed

2020-10-20 17:16:23 - [MESSAGE][INFO] - Starting run keyword runFeatureFile: 'Include/features/IST_Real/CONTRACT_DISPATCHER_DONA_B2B/BUKALAPAK/Update_Tbl_CDS_CDC_TRK_RegMistake.feature' and extract report to folder: '/Users/chaidir.pratama01/Katalon Studio/IST_Automation_Git/Reports/20201020_171520/CONTRACT_DISPATCHER_DONA_B2B/TS_BUKALAPAK_B2B/20201020_171520/cucumber_report/1603188983569'...

2020-10-20 17:16:23 - [TEST_CASE][PASSED] - Start Test Case : SCENARIO Update Table CONTRACT_DISPATCHER_SOURCE and CONTRACT_DISPTACHER_CLAIM: SCENARIO Update Table CONTRACT_DISPATCHER_SOURCE and CONTRACT_DISPTACHER_CLAIM

2020-10-20 17:16:23 - [TEST_STEP][PASSED] - Connect to Database: Connect to Database

2020-10-20 17:16:23 - [MESSAGE][PASSED] - Connect to Database

2020-10-20 17:16:23 - [TEST_STEP][PASSED] - Update Tbl CONTRACT DISPATCHER SOURCE To Change PROCESSED From Y to N For Bukalapak B2B: Update Tbl CONTRACT DISPATCHER SOURCE To Change PROCESSED From Y to N For Bukalapak B2B

2020-10-20 17:16:24 - [MESSAGE][PASSED] - Update Tbl CONTRACT DISPATCHER SOURCE To Change PROCESSED From Y to N For Bukalapak B2B

2020-10-20 17:16:24 - [TEST_STEP][PASSED] - Update Tbl CONTRACT DISPATCHER CLAIM To Delete PROCESS From Column STATUS: Update Tbl CONTRACT DISPATCHER CLAIM To Delete PROCESS From Column STATUS

2020-10-20 17:16:24 - [MESSAGE][PASSED] - Update Tbl CONTRACT DISPATCHER CLAIM To Delete PROCESS From Column STATUS

2020-10-20 17:16:24 - [TEST_STEP][PASSED] - Delete Contract From TRK_REGISTRATION_MISTAKE: Delete Contract From TRK_REGISTRATION_MISTAKE

2020-10-20 17:16:24 - [MESSAGE][PASSED] - Delete Contract From TRK_REGISTRATION_MISTAKE

2020-10-20 17:16:24 - [MESSAGE][PASSED] - Feature file: 'Include/features/IST_Real/CONTRACT_DISPATCHER_DONA_B2B/BUKALAPAK/Update_Tbl_CDS_CDC_TRK_RegMistake.feature' was passed]]></system-out>
         <system-err><![CDATA[]]></system-err>
      </testcase>
      <testcase name="Test Cases/IST_Real/CONTRACT_DISPATCHER_DONA_B2B/BUKALAPAK/TC BUKALAPAK - Claim Contract BUKALAPAK then Save it Without Register Any Mistakes" time="40.708" classname="Test Cases/IST_Real/CONTRACT_DISPATCHER_DONA_B2B/BUKALAPAK/TC BUKALAPAK - Claim Contract BUKALAPAK then Save it Without Register Any Mistakes" status="PASSED">
         <system-out><![CDATA[2020-10-20 17:16:24 - [TEST_CASE][PASSED] - Test Cases/IST_Real/CONTRACT_DISPATCHER_DONA_B2B/BUKALAPAK/TC BUKALAPAK - Claim Contract BUKALAPAK then Save it Without Register Any Mistakes: Test Cases/IST_Real/CONTRACT_DISPATCHER_DONA_B2B/BUKALAPAK/TC BUKALAPAK - Claim Contract BUKALAPAK then Save it Without Register Any Mistakes

2020-10-20 17:16:24 - [TEST_STEP][PASSED] - runFeatureFile("Include/features/IST_Real/CONTRACT_DISPATCHER_DONA_B2B/BUKALAPAK/Claim_Contract_BUKALAPAK_B2B_then_Save_it_Without_Register_Any_Mistakes.feature"): Feature file: 'Include/features/IST_Real/CONTRACT_DISPATCHER_DONA_B2B/BUKALAPAK/Claim_Contract_BUKALAPAK_B2B_then_Save_it_Without_Register_Any_Mistakes.feature' was passed

2020-10-20 17:16:24 - [MESSAGE][INFO] - Starting run keyword runFeatureFile: 'Include/features/IST_Real/CONTRACT_DISPATCHER_DONA_B2B/BUKALAPAK/Claim_Contract_BUKALAPAK_B2B_then_Save_it_Without_Register_Any_Mistakes.feature' and extract report to folder: '/Users/chaidir.pratama01/Katalon Studio/IST_Automation_Git/Reports/20201020_171520/CONTRACT_DISPATCHER_DONA_B2B/TS_BUKALAPAK_B2B/20201020_171520/cucumber_report/1603188984489'...

2020-10-20 17:16:24 - [TEST_CASE][PASSED] - Start Test Case : SCENARIO Select Menu Contract Dispatcher and Select Contract based on type contract Dona Bukalapak B2B: SCENARIO Select Menu Contract Dispatcher and Select Contract based on type contract Dona Bukalapak B2B

2020-10-20 17:16:24 - [TEST_STEP][PASSED] - Go to IST: Go to IST

2020-10-20 17:16:24 - [MESSAGE][INFO] - Starting 'Chrome (headless)' driver

2020-10-20 17:16:24 - [MESSAGE][INFO] - User set preference: ['args', '[--start-maximized, --disable-gpu, --no-proxy-server, â€“no-sandbox, --allow-running-insecure-content, --ignore-certificate-errors]']

2020-10-20 17:16:24 - [MESSAGE][INFO] - Action delay is set to 0 milliseconds

2020-10-20 17:16:25 - [MESSAGE][PASSED] - Browser is opened with url: ''

2020-10-20 17:16:25 - [MESSAGE][PASSED] - Navigate to 'https://dev-ist.homecredit.id/ist_tracker/' successfully

2020-10-20 17:16:26 - [MESSAGE][PASSED] - Taking screenshot successfully
[[ATTACHMENT|/Users/chaidir.pratama01/Documents/Docs/Katalon Studio/Screenshot/IST_Page.png]]

2020-10-20 17:16:26 - [MESSAGE][PASSED] - Go to IST

2020-10-20 17:16:26 - [TEST_STEP][PASSED] - Login IST with valid credentials: Login IST with valid credentials

2020-10-20 17:16:26 - [MESSAGE][PASSED] - Text 'mobile.test' is set on object 'Object Repository/Page_/input_Username_j_username'

2020-10-20 17:16:26 - [MESSAGE][PASSED] - Text ****** has been set on object 'Object Repository/Page_/input_Password_j_password'

2020-10-20 17:16:26 - [MESSAGE][PASSED] - Object: 'Object Repository/Page_/button_Login' is clicked on

2020-10-20 17:16:26 - [MESSAGE][PASSED] - Login IST with valid credentials

2020-10-20 17:16:26 - [TEST_STEP][PASSED] - Login Success for contract dispatcher: Login Success for contract dispatcher

2020-10-20 17:16:26 - [MESSAGE][INFO] - Login Success

2020-10-20 17:16:26 - [MESSAGE][PASSED] - Current window maximized

2020-10-20 17:16:26 - [MESSAGE][PASSED] - Object 'Object Repository/Page_/h1_Welcome to IT Supporting Tools' is present

2020-10-20 17:16:26 - [MESSAGE][PASSED] - Login Success for contract dispatcher

2020-10-20 17:16:26 - [TEST_STEP][PASSED] - Select Menu "Contract Dispatcher": Select Menu "Contract Dispatcher"

2020-10-20 17:16:27 - [MESSAGE][PASSED] - Taking screenshot successfully
[[ATTACHMENT|/Users/chaidir.pratama01/Documents/Docs/Katalon Studio/Screenshot/test-Contract Dispatcher.png]]

2020-10-20 17:16:27 - [MESSAGE][PASSED] - Object '' is present

2020-10-20 17:16:27 - [MESSAGE][PASSED] - Object: '' is clicked on

2020-10-20 17:16:27 - [MESSAGE][PASSED] - Wait for page load successfully

2020-10-20 17:16:27 - [MESSAGE][PASSED] - Select Menu "Contract Dispatcher"

2020-10-20 17:16:27 - [TEST_STEP][PASSED] - Select Contract Number based on Type Contract "DONA_BUKALAPAK_B2B": Select Contract Number based on Type Contract "DONA_BUKALAPAK_B2B"

2020-10-20 17:16:27 - [MESSAGE][PASSED] - Object '' is present

2020-10-20 17:16:27 - [MESSAGE][PASSED] - Object '' is present

2020-10-20 17:16:27 - [MESSAGE][PASSED] - Object: '' is clicked on

2020-10-20 17:16:27 - [MESSAGE][PASSED] - Select Contract Number based on Type Contract "DONA_BUKALAPAK_B2B"

2020-10-20 17:16:27 - [TEST_STEP][PASSED] - Click button "Claim": Click button "Claim"

2020-10-20 17:16:27 - [MESSAGE][INFO] - >>>>>//Button[contains(text(),'Claim')]

2020-10-20 17:16:30 - [MESSAGE][PASSED] - Object: '' is clicked on

2020-10-20 17:16:30 - [MESSAGE][PASSED] - Click button "Claim"

2020-10-20 17:16:30 - [TEST_STEP][PASSED] - Verify Tab Mistake Matrix Base on Type Contract: Verify Tab Mistake Matrix Base on Type Contract

2020-10-20 17:16:31 - [MESSAGE][PASSED] - Object '' is present

2020-10-20 17:16:31 - [MESSAGE][PASSED] - Object '' is present

2020-10-20 17:16:31 - [MESSAGE][PASSED] - Object '' is present

2020-10-20 17:16:31 - [MESSAGE][PASSED] - Object '' is present

2020-10-20 17:16:31 - [MESSAGE][PASSED] - Object '' is present

2020-10-20 17:16:31 - [MESSAGE][PASSED] - Verify Tab Mistake Matrix Base on Type Contract

2020-10-20 17:16:31 - [TEST_STEP][PASSED] - Varify the mistake detail already match with the matrix Base on Type Contract: Varify the mistake detail already match with the matrix Base on Type Contract

2020-10-20 17:16:31 - [MESSAGE][PASSED] - Object '' is present

2020-10-20 17:16:31 - [MESSAGE][PASSED] - Object: '' is focused

2020-10-20 17:16:34 - [MESSAGE][PASSED] - Delayed 3 second(s)

2020-10-20 17:16:34 - [MESSAGE][PASSED] - Object: '' is clicked on

2020-10-20 17:16:35 - [MESSAGE][PASSED] - Object '' is present

2020-10-20 17:16:35 - [MESSAGE][PASSED] - Object: '' is focused

2020-10-20 17:16:35 - [MESSAGE][PASSED] - Object '' is not checked

2020-10-20 17:16:35 - [MESSAGE][PASSED] - Object '' is present

2020-10-20 17:16:35 - [MESSAGE][PASSED] - Object: '' is focused

2020-10-20 17:16:35 - [MESSAGE][PASSED] - Object '' is not checked

2020-10-20 17:16:35 - [MESSAGE][PASSED] - Object '' is present

2020-10-20 17:16:35 - [MESSAGE][PASSED] - Object: '' is focused

2020-10-20 17:16:35 - [MESSAGE][PASSED] - Object '' is not checked

2020-10-20 17:16:35 - [MESSAGE][PASSED] - Object '' is present

2020-10-20 17:16:35 - [MESSAGE][PASSED] - Object: '' is focused

2020-10-20 17:16:35 - [MESSAGE][PASSED] - Object '' is not checked

2020-10-20 17:16:35 - [MESSAGE][PASSED] - Object '' is present

2020-10-20 17:16:35 - [MESSAGE][PASSED] - Object: '' is focused

2020-10-20 17:16:35 - [MESSAGE][PASSED] - Object '' is not checked

2020-10-20 17:16:35 - [MESSAGE][PASSED] - Object '' is present

2020-10-20 17:16:35 - [MESSAGE][PASSED] - Object: '' is focused

2020-10-20 17:16:35 - [MESSAGE][PASSED] - Object '' is not checked

2020-10-20 17:16:35 - [MESSAGE][PASSED] - Object '' is present

2020-10-20 17:16:35 - [MESSAGE][PASSED] - Object: '' is focused

2020-10-20 17:16:35 - [MESSAGE][PASSED] - Object '' is not checked

2020-10-20 17:16:35 - [MESSAGE][PASSED] - Object '' is present

2020-10-20 17:16:35 - [MESSAGE][PASSED] - Object: '' is focused

2020-10-20 17:16:35 - [MESSAGE][PASSED] - Object '' is not checked

2020-10-20 17:16:35 - [MESSAGE][PASSED] - Object '' is present

2020-10-20 17:16:35 - [MESSAGE][PASSED] - Object: '' is focused

2020-10-20 17:16:35 - [MESSAGE][PASSED] - Object '' is not checked

2020-10-20 17:16:35 - [MESSAGE][PASSED] - Object '' is present

2020-10-20 17:16:35 - [MESSAGE][PASSED] - Object: '' is focused

2020-10-20 17:16:36 - [MESSAGE][PASSED] - Object '' is not checked

2020-10-20 17:16:36 - [MESSAGE][PASSED] - Object '' is present

2020-10-20 17:16:36 - [MESSAGE][PASSED] - Object: '' is focused

2020-10-20 17:16:36 - [MESSAGE][PASSED] - Object '' is not checked

2020-10-20 17:16:36 - [MESSAGE][PASSED] - Object '' is present

2020-10-20 17:16:36 - [MESSAGE][PASSED] - Object: '' is focused

2020-10-20 17:16:36 - [MESSAGE][PASSED] - Object '' is not checked

2020-10-20 17:16:36 - [MESSAGE][PASSED] - Object '' is present

2020-10-20 17:16:36 - [MESSAGE][PASSED] - Object: '' is focused

2020-10-20 17:16:36 - [MESSAGE][PASSED] - Object '' is not checked

2020-10-20 17:16:36 - [MESSAGE][PASSED] - Object '' is present

2020-10-20 17:16:36 - [MESSAGE][PASSED] - Object: '' is focused

2020-10-20 17:16:36 - [MESSAGE][PASSED] - Object '' is not checked

2020-10-20 17:16:36 - [MESSAGE][PASSED] - Object '' is present

2020-10-20 17:16:36 - [MESSAGE][PASSED] - Object: '' is focused

2020-10-20 17:16:36 - [MESSAGE][PASSED] - Object '' is not checked

2020-10-20 17:16:36 - [MESSAGE][PASSED] - Object '' is present

2020-10-20 17:16:36 - [MESSAGE][PASSED] - Object: '' is focused

2020-10-20 17:16:36 - [MESSAGE][PASSED] - Object '' is not checked

2020-10-20 17:16:36 - [MESSAGE][PASSED] - Object '' is present

2020-10-20 17:16:36 - [MESSAGE][PASSED] - Object: '' is focused

2020-10-20 17:16:36 - [MESSAGE][PASSED] - Object '' is not checked

2020-10-20 17:16:36 - [MESSAGE][PASSED] - Object '' is present

2020-10-20 17:16:36 - [MESSAGE][PASSED] - Object: '' is focused

2020-10-20 17:16:36 - [MESSAGE][PASSED] - Object '' is not checked

2020-10-20 17:16:36 - [MESSAGE][PASSED] - Object '' is present

2020-10-20 17:16:36 - [MESSAGE][PASSED] - Object: '' is focused

2020-10-20 17:16:36 - [MESSAGE][PASSED] - Object '' is not checked

2020-10-20 17:16:36 - [MESSAGE][PASSED] - Object '' is present

2020-10-20 17:16:37 - [MESSAGE][PASSED] - Object: '' is focused

2020-10-20 17:16:37 - [MESSAGE][PASSED] - Object '' is not checked

2020-10-20 17:16:37 - [MESSAGE][PASSED] - Object '' is present

2020-10-20 17:16:37 - [MESSAGE][PASSED] - Object: '' is focused

2020-10-20 17:16:40 - [MESSAGE][PASSED] - Delayed 3 second(s)

2020-10-20 17:16:40 - [MESSAGE][PASSED] - Object: '' is clicked on

2020-10-20 17:16:40 - [MESSAGE][PASSED] - Object '' is present

2020-10-20 17:16:40 - [MESSAGE][PASSED] - Object: '' is focused

2020-10-20 17:16:40 - [MESSAGE][PASSED] - Object '' is not checked

2020-10-20 17:16:40 - [MESSAGE][PASSED] - Object '' is present

2020-10-20 17:16:40 - [MESSAGE][PASSED] - Object: '' is focused

2020-10-20 17:16:40 - [MESSAGE][PASSED] - Object '' is not checked

2020-10-20 17:16:40 - [MESSAGE][PASSED] - Object '' is present

2020-10-20 17:16:40 - [MESSAGE][PASSED] - Object: '' is focused

2020-10-20 17:16:40 - [MESSAGE][PASSED] - Object '' is not checked

2020-10-20 17:16:40 - [MESSAGE][PASSED] - Object '' is present

2020-10-20 17:16:40 - [MESSAGE][PASSED] - Object: '' is focused

2020-10-20 17:16:40 - [MESSAGE][PASSED] - Object '' is not checked

2020-10-20 17:16:40 - [MESSAGE][PASSED] - Object '' is present

2020-10-20 17:16:40 - [MESSAGE][PASSED] - Object: '' is focused

2020-10-20 17:16:40 - [MESSAGE][PASSED] - Object '' is not checked

2020-10-20 17:16:40 - [MESSAGE][PASSED] - Object '' is present

2020-10-20 17:16:40 - [MESSAGE][PASSED] - Object: '' is focused

2020-10-20 17:16:40 - [MESSAGE][PASSED] - Object '' is not checked

2020-10-20 17:16:40 - [MESSAGE][PASSED] - Object '' is present

2020-10-20 17:16:41 - [MESSAGE][PASSED] - Object: '' is focused

2020-10-20 17:16:44 - [MESSAGE][PASSED] - Delayed 3 second(s)

2020-10-20 17:16:44 - [MESSAGE][PASSED] - Object: '' is clicked on

2020-10-20 17:16:44 - [MESSAGE][PASSED] - Object '' is present

2020-10-20 17:16:44 - [MESSAGE][PASSED] - Object: '' is focused

2020-10-20 17:16:44 - [MESSAGE][PASSED] - Object '' is not checked

2020-10-20 17:16:44 - [MESSAGE][PASSED] - Object '' is present

2020-10-20 17:16:44 - [MESSAGE][PASSED] - Object: '' is focused

2020-10-20 17:16:44 - [MESSAGE][PASSED] - Object '' is not checked

2020-10-20 17:16:44 - [MESSAGE][PASSED] - Object '' is present

2020-10-20 17:16:44 - [MESSAGE][PASSED] - Object: '' is focused

2020-10-20 17:16:44 - [MESSAGE][PASSED] - Object '' is not checked

2020-10-20 17:16:44 - [MESSAGE][PASSED] - Object '' is present

2020-10-20 17:16:44 - [MESSAGE][PASSED] - Object: '' is focused

2020-10-20 17:16:47 - [MESSAGE][PASSED] - Delayed 3 second(s)

2020-10-20 17:16:47 - [MESSAGE][PASSED] - Object: '' is clicked on

2020-10-20 17:16:47 - [MESSAGE][PASSED] - Object '' is present

2020-10-20 17:16:47 - [MESSAGE][PASSED] - Object: '' is focused

2020-10-20 17:16:47 - [MESSAGE][PASSED] - Object '' is not checked

2020-10-20 17:16:47 - [MESSAGE][PASSED] - Object '' is present

2020-10-20 17:16:47 - [MESSAGE][PASSED] - Object: '' is focused

2020-10-20 17:16:47 - [MESSAGE][PASSED] - Object '' is not checked

2020-10-20 17:16:47 - [MESSAGE][PASSED] - Object '' is present

2020-10-20 17:16:47 - [MESSAGE][PASSED] - Object: '' is focused

2020-10-20 17:16:47 - [MESSAGE][PASSED] - Object '' is not checked

2020-10-20 17:16:47 - [MESSAGE][PASSED] - Object '' is present

2020-10-20 17:16:47 - [MESSAGE][PASSED] - Object: '' is focused

2020-10-20 17:16:47 - [MESSAGE][PASSED] - Object '' is not checked

2020-10-20 17:16:48 - [MESSAGE][PASSED] - Object '' is present

2020-10-20 17:16:48 - [MESSAGE][PASSED] - Object: '' is focused

2020-10-20 17:16:48 - [MESSAGE][PASSED] - Object '' is not checked

2020-10-20 17:16:48 - [MESSAGE][PASSED] - Object '' is present

2020-10-20 17:16:48 - [MESSAGE][PASSED] - Object: '' is focused

2020-10-20 17:16:48 - [MESSAGE][PASSED] - Object '' is not checked

2020-10-20 17:16:48 - [MESSAGE][PASSED] - Object '' is present

2020-10-20 17:16:48 - [MESSAGE][PASSED] - Object: '' is focused

2020-10-20 17:16:48 - [MESSAGE][PASSED] - Object '' is not checked

2020-10-20 17:16:48 - [MESSAGE][PASSED] - Object '' is present

2020-10-20 17:16:48 - [MESSAGE][PASSED] - Object: '' is focused

2020-10-20 17:16:48 - [MESSAGE][PASSED] - Object '' is not checked

2020-10-20 17:16:48 - [MESSAGE][PASSED] - Object '' is present

2020-10-20 17:16:48 - [MESSAGE][PASSED] - Object: '' is focused

2020-10-20 17:16:51 - [MESSAGE][PASSED] - Delayed 3 second(s)

2020-10-20 17:16:51 - [MESSAGE][PASSED] - Object: '' is clicked on

2020-10-20 17:16:51 - [MESSAGE][PASSED] - Object '' is present

2020-10-20 17:16:51 - [MESSAGE][PASSED] - Object: '' is focused

2020-10-20 17:16:51 - [MESSAGE][PASSED] - Object '' is not checked

2020-10-20 17:16:51 - [MESSAGE][PASSED] - Object '' is present

2020-10-20 17:16:51 - [MESSAGE][PASSED] - Object: '' is focused

2020-10-20 17:16:51 - [MESSAGE][PASSED] - Object '' is not checked

2020-10-20 17:16:51 - [MESSAGE][PASSED] - Object '' is present

2020-10-20 17:16:51 - [MESSAGE][PASSED] - Object: '' is focused

2020-10-20 17:16:51 - [MESSAGE][PASSED] - Object '' is not checked

2020-10-20 17:16:51 - [MESSAGE][PASSED] - Varify the mistake detail already match with the matrix Base on Type Contract

2020-10-20 17:16:51 - [TEST_STEP][PASSED] - Click button "Save": Click button "Save"

2020-10-20 17:16:51 - [MESSAGE][INFO] - >>>>>//Button[contains(text(),'Save')]

2020-10-20 17:16:54 - [MESSAGE][PASSED] - Object: '' is clicked on

2020-10-20 17:16:54 - [MESSAGE][PASSED] - Click button "Save"

2020-10-20 17:16:54 - [TEST_STEP][PASSED] - Get text from pop up "Confirmation Stop" with text "Are you sure?": Get text from pop up "Confirmation Stop" with text "Are you sure?"

2020-10-20 17:16:55 - [MESSAGE][PASSED] - Taking screenshot successfully
[[ATTACHMENT|/Users/chaidir.pratama01/Documents/Docs/Katalon Studio/Screenshot/errorpopup.png]]

2020-10-20 17:16:55 - [MESSAGE][PASSED] - Object '' is present

2020-10-20 17:16:55 - [MESSAGE][PASSED] - Wait for page load successfully

2020-10-20 17:16:55 - [MESSAGE][PASSED] - Wait for page load successfully

2020-10-20 17:16:55 - [MESSAGE][PASSED] - Get text from pop up "Confirmation Stop" with text "Are you sure?"

2020-10-20 17:16:55 - [TEST_STEP][PASSED] - Click button "OK": Click button "OK"

2020-10-20 17:16:55 - [MESSAGE][INFO] - >>>>>//Button[contains(text(),'OK')]

2020-10-20 17:16:58 - [MESSAGE][PASSED] - Object: '' is clicked on

2020-10-20 17:16:58 - [MESSAGE][PASSED] - Click button "OK"

2020-10-20 17:16:58 - [TEST_STEP][PASSED] - Get text from pop up "IT Supporting Tools" with text "Successfully saved": Get text from pop up "IT Supporting Tools" with text "Successfully saved"

2020-10-20 17:16:58 - [MESSAGE][PASSED] - Taking screenshot successfully
[[ATTACHMENT|/Users/chaidir.pratama01/Documents/Docs/Katalon Studio/Screenshot/errorpopup.png]]

2020-10-20 17:16:58 - [MESSAGE][PASSED] - Object '' is present

2020-10-20 17:16:58 - [MESSAGE][PASSED] - Wait for page load successfully

2020-10-20 17:16:58 - [MESSAGE][PASSED] - Wait for page load successfully

2020-10-20 17:16:58 - [MESSAGE][PASSED] - Get text from pop up "IT Supporting Tools" with text "Successfully saved"

2020-10-20 17:16:58 - [TEST_STEP][PASSED] - Click button "OK": Click button "OK"

2020-10-20 17:16:58 - [MESSAGE][INFO] - >>>>>//Button[contains(text(),'OK')]

2020-10-20 17:17:01 - [MESSAGE][PASSED] - Object: '' is clicked on

2020-10-20 17:17:01 - [MESSAGE][PASSED] - Click button "OK"

2020-10-20 17:17:01 - [TEST_STEP][PASSED] - Click button "Logout": Click button "Logout"

2020-10-20 17:17:01 - [MESSAGE][INFO] - >>>>>//Button[contains(text(),'Logout')]

2020-10-20 17:17:05 - [MESSAGE][PASSED] - Object: '' is clicked on

2020-10-20 17:17:05 - [MESSAGE][PASSED] - Click button "Logout"

2020-10-20 17:17:05 - [TEST_STEP][PASSED] - Close browser: Close browser

2020-10-20 17:17:05 - [MESSAGE][PASSED] - Browser is closed

2020-10-20 17:17:05 - [MESSAGE][PASSED] - Close browser

2020-10-20 17:17:05 - [MESSAGE][PASSED] - Feature file: 'Include/features/IST_Real/CONTRACT_DISPATCHER_DONA_B2B/BUKALAPAK/Claim_Contract_BUKALAPAK_B2B_then_Save_it_Without_Register_Any_Mistakes.feature' was passed]]></system-out>
         <system-err><![CDATA[]]></system-err>
      </testcase>
      <testcase name="Test Cases/IST_Real/CONTRACT_DISPATCHER_DONA_B2B/BUKALAPAK/TC BUKALAPAK - Update Tbl CDS CDC TRKRegMistake" time="0.835" classname="Test Cases/IST_Real/CONTRACT_DISPATCHER_DONA_B2B/BUKALAPAK/TC BUKALAPAK - Update Tbl CDS CDC TRKRegMistake" status="PASSED">
         <system-out><![CDATA[2020-10-20 17:17:05 - [TEST_CASE][PASSED] - Test Cases/IST_Real/CONTRACT_DISPATCHER_DONA_B2B/BUKALAPAK/TC BUKALAPAK - Update Tbl CDS CDC TRKRegMistake: Test Cases/IST_Real/CONTRACT_DISPATCHER_DONA_B2B/BUKALAPAK/TC BUKALAPAK - Update Tbl CDS CDC TRKRegMistake

2020-10-20 17:17:05 - [TEST_STEP][PASSED] - runFeatureFile("Include/features/IST_Real/CONTRACT_DISPATCHER_DONA_B2B/BUKALAPAK/Update_Tbl_CDS_CDC_TRK_RegMistake.feature"): Feature file: 'Include/features/IST_Real/CONTRACT_DISPATCHER_DONA_B2B/BUKALAPAK/Update_Tbl_CDS_CDC_TRK_RegMistake.feature' was passed

2020-10-20 17:17:05 - [MESSAGE][INFO] - Starting run keyword runFeatureFile: 'Include/features/IST_Real/CONTRACT_DISPATCHER_DONA_B2B/BUKALAPAK/Update_Tbl_CDS_CDC_TRK_RegMistake.feature' and extract report to folder: '/Users/chaidir.pratama01/Katalon Studio/IST_Automation_Git/Reports/20201020_171520/CONTRACT_DISPATCHER_DONA_B2B/TS_BUKALAPAK_B2B/20201020_171520/cucumber_report/1603189025123'...

2020-10-20 17:17:05 - [TEST_CASE][PASSED] - Start Test Case : SCENARIO Update Table CONTRACT_DISPATCHER_SOURCE and CONTRACT_DISPTACHER_CLAIM: SCENARIO Update Table CONTRACT_DISPATCHER_SOURCE and CONTRACT_DISPTACHER_CLAIM

2020-10-20 17:17:05 - [TEST_STEP][PASSED] - Connect to Database: Connect to Database

2020-10-20 17:17:05 - [MESSAGE][PASSED] - Connect to Database

2020-10-20 17:17:05 - [TEST_STEP][PASSED] - Update Tbl CONTRACT DISPATCHER SOURCE To Change PROCESSED From Y to N For Bukalapak B2B: Update Tbl CONTRACT DISPATCHER SOURCE To Change PROCESSED From Y to N For Bukalapak B2B

2020-10-20 17:17:05 - [MESSAGE][PASSED] - Update Tbl CONTRACT DISPATCHER SOURCE To Change PROCESSED From Y to N For Bukalapak B2B

2020-10-20 17:17:05 - [TEST_STEP][PASSED] - Update Tbl CONTRACT DISPATCHER CLAIM To Delete PROCESS From Column STATUS: Update Tbl CONTRACT DISPATCHER CLAIM To Delete PROCESS From Column STATUS

2020-10-20 17:17:05 - [MESSAGE][PASSED] - Update Tbl CONTRACT DISPATCHER CLAIM To Delete PROCESS From Column STATUS

2020-10-20 17:17:05 - [TEST_STEP][PASSED] - Delete Contract From TRK_REGISTRATION_MISTAKE: Delete Contract From TRK_REGISTRATION_MISTAKE

2020-10-20 17:17:05 - [MESSAGE][PASSED] - Delete Contract From TRK_REGISTRATION_MISTAKE

2020-10-20 17:17:05 - [MESSAGE][PASSED] - Feature file: 'Include/features/IST_Real/CONTRACT_DISPATCHER_DONA_B2B/BUKALAPAK/Update_Tbl_CDS_CDC_TRK_RegMistake.feature' was passed]]></system-out>
         <system-err><![CDATA[]]></system-err>
      </testcase>
      <testcase name="Test Cases/IST_Real/CONTRACT_DISPATCHER_DONA_B2B/BUKALAPAK/TC BUKALAPAK - Pick Mistake Without Choose Dropdown Mistake Type" time="50.173" classname="Test Cases/IST_Real/CONTRACT_DISPATCHER_DONA_B2B/BUKALAPAK/TC BUKALAPAK - Pick Mistake Without Choose Dropdown Mistake Type" status="PASSED">
         <system-out><![CDATA[2020-10-20 17:17:05 - [TEST_CASE][PASSED] - Test Cases/IST_Real/CONTRACT_DISPATCHER_DONA_B2B/BUKALAPAK/TC BUKALAPAK - Pick Mistake Without Choose Dropdown Mistake Type: Test Cases/IST_Real/CONTRACT_DISPATCHER_DONA_B2B/BUKALAPAK/TC BUKALAPAK - Pick Mistake Without Choose Dropdown Mistake Type

2020-10-20 17:17:06 - [TEST_STEP][PASSED] - runFeatureFile("Include/features/IST_Real/CONTRACT_DISPATCHER_DONA_B2B/BUKALAPAK/Pick_Mistake_Without_Choose_Dropdown_Mistake_Type.feature"): Feature file: 'Include/features/IST_Real/CONTRACT_DISPATCHER_DONA_B2B/BUKALAPAK/Pick_Mistake_Without_Choose_Dropdown_Mistake_Type.feature' was passed

2020-10-20 17:17:06 - [MESSAGE][INFO] - Starting run keyword runFeatureFile: 'Include/features/IST_Real/CONTRACT_DISPATCHER_DONA_B2B/BUKALAPAK/Pick_Mistake_Without_Choose_Dropdown_Mistake_Type.feature' and extract report to folder: '/Users/chaidir.pratama01/Katalon Studio/IST_Automation_Git/Reports/20201020_171520/CONTRACT_DISPATCHER_DONA_B2B/TS_BUKALAPAK_B2B/20201020_171520/cucumber_report/1603189026036'...

2020-10-20 17:17:06 - [TEST_CASE][PASSED] - Start Test Case : SCENARIO Assign User to Contract DONA Bukalapak B2B: SCENARIO Assign User to Contract DONA Bukalapak B2B

2020-10-20 17:17:06 - [TEST_STEP][PASSED] - Go to IST: Go to IST

2020-10-20 17:17:06 - [MESSAGE][INFO] - Starting 'Chrome (headless)' driver

2020-10-20 17:17:06 - [MESSAGE][INFO] - User set preference: ['args', '[--start-maximized, --disable-gpu, --no-proxy-server, â€“no-sandbox, --allow-running-insecure-content, --ignore-certificate-errors]']

2020-10-20 17:17:06 - [MESSAGE][INFO] - Action delay is set to 0 milliseconds

2020-10-20 17:17:06 - [MESSAGE][PASSED] - Browser is opened with url: ''

2020-10-20 17:17:07 - [MESSAGE][PASSED] - Navigate to 'https://dev-ist.homecredit.id/ist_tracker/' successfully

2020-10-20 17:17:07 - [MESSAGE][PASSED] - Taking screenshot successfully
[[ATTACHMENT|/Users/chaidir.pratama01/Documents/Docs/Katalon Studio/Screenshot/IST_Page.png]]

2020-10-20 17:17:07 - [MESSAGE][PASSED] - Go to IST

2020-10-20 17:17:07 - [TEST_STEP][PASSED] - Login IST with valid credentials: Login IST with valid credentials

2020-10-20 17:17:08 - [MESSAGE][PASSED] - Text 'mobile.test' is set on object 'Object Repository/Page_/input_Username_j_username'

2020-10-20 17:17:08 - [MESSAGE][PASSED] - Text ****** has been set on object 'Object Repository/Page_/input_Password_j_password'

2020-10-20 17:17:08 - [MESSAGE][PASSED] - Object: 'Object Repository/Page_/button_Login' is clicked on

2020-10-20 17:17:08 - [MESSAGE][PASSED] - Login IST with valid credentials

2020-10-20 17:17:08 - [TEST_STEP][PASSED] - Login Success for contract dispatcher: Login Success for contract dispatcher

2020-10-20 17:17:08 - [MESSAGE][INFO] - Login Success

2020-10-20 17:17:08 - [MESSAGE][PASSED] - Current window maximized

2020-10-20 17:17:08 - [MESSAGE][PASSED] - Object 'Object Repository/Page_/h1_Welcome to IT Supporting Tools' is present

2020-10-20 17:17:08 - [MESSAGE][PASSED] - Login Success for contract dispatcher

2020-10-20 17:17:08 - [TEST_STEP][PASSED] - Select Arrow Menu "Contract Dispatcher Admin": Select Arrow Menu "Contract Dispatcher Admin"

2020-10-20 17:17:08 - [MESSAGE][PASSED] - Object: '' is clicked on

2020-10-20 17:17:08 - [MESSAGE][PASSED] - Select Arrow Menu "Contract Dispatcher Admin"

2020-10-20 17:17:08 - [TEST_STEP][PASSED] - Select Menu "Management Assignment": Select Menu "Management Assignment"

2020-10-20 17:17:08 - [MESSAGE][PASSED] - Taking screenshot successfully
[[ATTACHMENT|/Users/chaidir.pratama01/Documents/Docs/Katalon Studio/Screenshot/test-Management Assignment.png]]

2020-10-20 17:17:08 - [MESSAGE][PASSED] - Object '' is present

2020-10-20 17:17:09 - [MESSAGE][PASSED] - Object: '' is clicked on

2020-10-20 17:17:09 - [MESSAGE][PASSED] - Wait for page load successfully

2020-10-20 17:17:09 - [MESSAGE][PASSED] - Select Menu "Management Assignment"

2020-10-20 17:17:09 - [TEST_STEP][PASSED] - Select Username "mobile.test" of Management Assignment: Select Username "mobile.test" of Management Assignment

2020-10-20 17:17:09 - [MESSAGE][PASSED] - All options with value 'mobile.test' are selected in object 'Object Repository/Page_/dropdown_list_username_assignment'  using regular expression

2020-10-20 17:17:09 - [MESSAGE][PASSED] - Select Username "mobile.test" of Management Assignment

2020-10-20 17:17:09 - [TEST_STEP][PASSED] - Check for username if already assigned to "Dona B2B": Check for username if already assigned to "Dona B2B"

2020-10-20 17:17:12 - [MESSAGE][PASSED] - Scroll to object '' successfully

2020-10-20 17:17:12 - [MESSAGE][PASSED] - Object '' is present

2020-10-20 17:17:13 - [MESSAGE][PASSED] - Object '' is checked

2020-10-20 17:17:13 - [MESSAGE][INFO] - Element is already Checked

2020-10-20 17:17:13 - [MESSAGE][PASSED] - Check for username if already assigned to "Dona B2B"

2020-10-20 17:17:13 - [TEST_STEP][PASSED] - Wait page for load: Wait page for load

2020-10-20 17:17:13 - [MESSAGE][PASSED] - Wait for page load successfully

2020-10-20 17:17:13 - [MESSAGE][PASSED] - Wait page for load

2020-10-20 17:17:13 - [TEST_STEP][PASSED] - Click button "Logout": Click button "Logout"

2020-10-20 17:17:13 - [MESSAGE][INFO] - >>>>>//Button[contains(text(),'Logout')]

2020-10-20 17:17:16 - [MESSAGE][PASSED] - Object: '' is clicked on

2020-10-20 17:17:16 - [MESSAGE][PASSED] - Click button "Logout"

2020-10-20 17:17:16 - [TEST_STEP][PASSED] - Close browser: Close browser

2020-10-20 17:17:16 - [MESSAGE][PASSED] - Browser is closed

2020-10-20 17:17:16 - [MESSAGE][PASSED] - Close browser

2020-10-20 17:17:16 - [TEST_CASE][PASSED] - Start Test Case : SCENARIO Select Menu Contract Dispatcher and Select Contract based on type contract DONA Bukalapak B2B: SCENARIO Select Menu Contract Dispatcher and Select Contract based on type contract DONA Bukalapak B2B

2020-10-20 17:17:16 - [TEST_STEP][PASSED] - Go to IST: Go to IST

2020-10-20 17:17:16 - [MESSAGE][INFO] - Starting 'Chrome (headless)' driver

2020-10-20 17:17:16 - [MESSAGE][INFO] - User set preference: ['args', '[--start-maximized, --disable-gpu, --no-proxy-server, â€“no-sandbox, --allow-running-insecure-content, --ignore-certificate-errors]']

2020-10-20 17:17:16 - [MESSAGE][INFO] - Action delay is set to 0 milliseconds

2020-10-20 17:17:16 - [MESSAGE][PASSED] - Browser is opened with url: ''

2020-10-20 17:17:17 - [MESSAGE][PASSED] - Navigate to 'https://dev-ist.homecredit.id/ist_tracker/' successfully

2020-10-20 17:17:17 - [MESSAGE][PASSED] - Taking screenshot successfully
[[ATTACHMENT|/Users/chaidir.pratama01/Documents/Docs/Katalon Studio/Screenshot/IST_Page.png]]

2020-10-20 17:17:17 - [MESSAGE][PASSED] - Go to IST

2020-10-20 17:17:17 - [TEST_STEP][PASSED] - Login IST with valid credentials: Login IST with valid credentials

2020-10-20 17:17:18 - [MESSAGE][PASSED] - Text 'mobile.test' is set on object 'Object Repository/Page_/input_Username_j_username'

2020-10-20 17:17:18 - [MESSAGE][PASSED] - Text ****** has been set on object 'Object Repository/Page_/input_Password_j_password'

2020-10-20 17:17:18 - [MESSAGE][PASSED] - Object: 'Object Repository/Page_/button_Login' is clicked on

2020-10-20 17:17:18 - [MESSAGE][PASSED] - Login IST with valid credentials

2020-10-20 17:17:18 - [TEST_STEP][PASSED] - Login Success for contract dispatcher: Login Success for contract dispatcher

2020-10-20 17:17:18 - [MESSAGE][INFO] - Login Success

2020-10-20 17:17:18 - [MESSAGE][PASSED] - Current window maximized

2020-10-20 17:17:18 - [MESSAGE][PASSED] - Object 'Object Repository/Page_/h1_Welcome to IT Supporting Tools' is present

2020-10-20 17:17:18 - [MESSAGE][PASSED] - Login Success for contract dispatcher

2020-10-20 17:17:18 - [TEST_STEP][PASSED] - Select Menu "Contract Dispatcher": Select Menu "Contract Dispatcher"

2020-10-20 17:17:18 - [MESSAGE][PASSED] - Taking screenshot successfully
[[ATTACHMENT|/Users/chaidir.pratama01/Documents/Docs/Katalon Studio/Screenshot/test-Contract Dispatcher.png]]

2020-10-20 17:17:19 - [MESSAGE][PASSED] - Object '' is present

2020-10-20 17:17:19 - [MESSAGE][PASSED] - Object: '' is clicked on

2020-10-20 17:17:19 - [MESSAGE][PASSED] - Wait for page load successfully

2020-10-20 17:17:19 - [MESSAGE][PASSED] - Select Menu "Contract Dispatcher"

2020-10-20 17:17:19 - [TEST_STEP][PASSED] - Select Contract Number based on Type Contract "DONA_BUKALAPAK_B2B": Select Contract Number based on Type Contract "DONA_BUKALAPAK_B2B"

2020-10-20 17:17:19 - [MESSAGE][PASSED] - Object '' is present

2020-10-20 17:17:19 - [MESSAGE][PASSED] - Object '' is present

2020-10-20 17:17:19 - [MESSAGE][PASSED] - Object: '' is clicked on

2020-10-20 17:17:19 - [MESSAGE][PASSED] - Select Contract Number based on Type Contract "DONA_BUKALAPAK_B2B"

2020-10-20 17:17:19 - [TEST_STEP][PASSED] - Click button "Claim": Click button "Claim"

2020-10-20 17:17:19 - [MESSAGE][INFO] - >>>>>//Button[contains(text(),'Claim')]

2020-10-20 17:17:22 - [MESSAGE][PASSED] - Object: '' is clicked on

2020-10-20 17:17:22 - [MESSAGE][PASSED] - Click button "Claim"

2020-10-20 17:17:22 - [TEST_STEP][PASSED] - Verify Tab Mistake Matrix Base on Type Contract: Verify Tab Mistake Matrix Base on Type Contract

2020-10-20 17:17:22 - [MESSAGE][PASSED] - Object '' is present

2020-10-20 17:17:22 - [MESSAGE][PASSED] - Object '' is present

2020-10-20 17:17:23 - [MESSAGE][PASSED] - Object '' is present

2020-10-20 17:17:23 - [MESSAGE][PASSED] - Object '' is present

2020-10-20 17:17:23 - [MESSAGE][PASSED] - Object '' is present

2020-10-20 17:17:23 - [MESSAGE][PASSED] - Verify Tab Mistake Matrix Base on Type Contract

2020-10-20 17:17:23 - [TEST_STEP][PASSED] - Varify the mistake detail already match with the matrix Base on Type Contract: Varify the mistake detail already match with the matrix Base on Type Contract

2020-10-20 17:17:23 - [MESSAGE][PASSED] - Object '' is present

2020-10-20 17:17:23 - [MESSAGE][PASSED] - Object: '' is focused

2020-10-20 17:17:26 - [MESSAGE][PASSED] - Delayed 3 second(s)

2020-10-20 17:17:26 - [MESSAGE][PASSED] - Object: '' is clicked on

2020-10-20 17:17:26 - [MESSAGE][PASSED] - Object '' is present

2020-10-20 17:17:26 - [MESSAGE][PASSED] - Object: '' is focused

2020-10-20 17:17:26 - [MESSAGE][PASSED] - Object '' is not checked

2020-10-20 17:17:26 - [MESSAGE][PASSED] - Object '' is present

2020-10-20 17:17:26 - [MESSAGE][PASSED] - Object: '' is focused

2020-10-20 17:17:26 - [MESSAGE][PASSED] - Object '' is not checked

2020-10-20 17:17:26 - [MESSAGE][PASSED] - Object '' is present

2020-10-20 17:17:26 - [MESSAGE][PASSED] - Object: '' is focused

2020-10-20 17:17:26 - [MESSAGE][PASSED] - Object '' is not checked

2020-10-20 17:17:26 - [MESSAGE][PASSED] - Object '' is present

2020-10-20 17:17:26 - [MESSAGE][PASSED] - Object: '' is focused

2020-10-20 17:17:26 - [MESSAGE][PASSED] - Object '' is not checked

2020-10-20 17:17:26 - [MESSAGE][PASSED] - Object '' is present

2020-10-20 17:17:26 - [MESSAGE][PASSED] - Object: '' is focused

2020-10-20 17:17:26 - [MESSAGE][PASSED] - Object '' is not checked

2020-10-20 17:17:26 - [MESSAGE][PASSED] - Object '' is present

2020-10-20 17:17:26 - [MESSAGE][PASSED] - Object: '' is focused

2020-10-20 17:17:26 - [MESSAGE][PASSED] - Object '' is not checked

2020-10-20 17:17:26 - [MESSAGE][PASSED] - Object '' is present

2020-10-20 17:17:26 - [MESSAGE][PASSED] - Object: '' is focused

2020-10-20 17:17:26 - [MESSAGE][PASSED] - Object '' is not checked

2020-10-20 17:17:26 - [MESSAGE][PASSED] - Object '' is present

2020-10-20 17:17:27 - [MESSAGE][PASSED] - Object: '' is focused

2020-10-20 17:17:27 - [MESSAGE][PASSED] - Object '' is not checked

2020-10-20 17:17:27 - [MESSAGE][PASSED] - Object '' is present

2020-10-20 17:17:27 - [MESSAGE][PASSED] - Object: '' is focused

2020-10-20 17:17:27 - [MESSAGE][PASSED] - Object '' is not checked

2020-10-20 17:17:27 - [MESSAGE][PASSED] - Object '' is present

2020-10-20 17:17:27 - [MESSAGE][PASSED] - Object: '' is focused

2020-10-20 17:17:27 - [MESSAGE][PASSED] - Object '' is not checked

2020-10-20 17:17:27 - [MESSAGE][PASSED] - Object '' is present

2020-10-20 17:17:27 - [MESSAGE][PASSED] - Object: '' is focused

2020-10-20 17:17:27 - [MESSAGE][PASSED] - Object '' is not checked

2020-10-20 17:17:27 - [MESSAGE][PASSED] - Object '' is present

2020-10-20 17:17:27 - [MESSAGE][PASSED] - Object: '' is focused

2020-10-20 17:17:27 - [MESSAGE][PASSED] - Object '' is not checked

2020-10-20 17:17:27 - [MESSAGE][PASSED] - Object '' is present

2020-10-20 17:17:27 - [MESSAGE][PASSED] - Object: '' is focused

2020-10-20 17:17:27 - [MESSAGE][PASSED] - Object '' is not checked

2020-10-20 17:17:27 - [MESSAGE][PASSED] - Object '' is present

2020-10-20 17:17:27 - [MESSAGE][PASSED] - Object: '' is focused

2020-10-20 17:17:27 - [MESSAGE][PASSED] - Object '' is not checked

2020-10-20 17:17:27 - [MESSAGE][PASSED] - Object '' is present

2020-10-20 17:17:27 - [MESSAGE][PASSED] - Object: '' is focused

2020-10-20 17:17:27 - [MESSAGE][PASSED] - Object '' is not checked

2020-10-20 17:17:27 - [MESSAGE][PASSED] - Object '' is present

2020-10-20 17:17:27 - [MESSAGE][PASSED] - Object: '' is focused

2020-10-20 17:17:27 - [MESSAGE][PASSED] - Object '' is not checked

2020-10-20 17:17:27 - [MESSAGE][PASSED] - Object '' is present

2020-10-20 17:17:27 - [MESSAGE][PASSED] - Object: '' is focused

2020-10-20 17:17:27 - [MESSAGE][PASSED] - Object '' is not checked

2020-10-20 17:17:27 - [MESSAGE][PASSED] - Object '' is present

2020-10-20 17:17:28 - [MESSAGE][PASSED] - Object: '' is focused

2020-10-20 17:17:28 - [MESSAGE][PASSED] - Object '' is not checked

2020-10-20 17:17:28 - [MESSAGE][PASSED] - Object '' is present

2020-10-20 17:17:28 - [MESSAGE][PASSED] - Object: '' is focused

2020-10-20 17:17:28 - [MESSAGE][PASSED] - Object '' is not checked

2020-10-20 17:17:28 - [MESSAGE][PASSED] - Object '' is present

2020-10-20 17:17:28 - [MESSAGE][PASSED] - Object: '' is focused

2020-10-20 17:17:28 - [MESSAGE][PASSED] - Object '' is not checked

2020-10-20 17:17:28 - [MESSAGE][PASSED] - Object '' is present

2020-10-20 17:17:28 - [MESSAGE][PASSED] - Object: '' is focused

2020-10-20 17:17:31 - [MESSAGE][PASSED] - Delayed 3 second(s)

2020-10-20 17:17:31 - [MESSAGE][PASSED] - Object: '' is clicked on

2020-10-20 17:17:31 - [MESSAGE][PASSED] - Object '' is present

2020-10-20 17:17:31 - [MESSAGE][PASSED] - Object: '' is focused

2020-10-20 17:17:31 - [MESSAGE][PASSED] - Object '' is not checked

2020-10-20 17:17:31 - [MESSAGE][PASSED] - Object '' is present

2020-10-20 17:17:31 - [MESSAGE][PASSED] - Object: '' is focused

2020-10-20 17:17:31 - [MESSAGE][PASSED] - Object '' is not checked

2020-10-20 17:17:31 - [MESSAGE][PASSED] - Object '' is present

2020-10-20 17:17:31 - [MESSAGE][PASSED] - Object: '' is focused

2020-10-20 17:17:31 - [MESSAGE][PASSED] - Object '' is not checked

2020-10-20 17:17:31 - [MESSAGE][PASSED] - Object '' is present

2020-10-20 17:17:31 - [MESSAGE][PASSED] - Object: '' is focused

2020-10-20 17:17:31 - [MESSAGE][PASSED] - Object '' is not checked

2020-10-20 17:17:31 - [MESSAGE][PASSED] - Object '' is present

2020-10-20 17:17:31 - [MESSAGE][PASSED] - Object: '' is focused

2020-10-20 17:17:31 - [MESSAGE][PASSED] - Object '' is not checked

2020-10-20 17:17:31 - [MESSAGE][PASSED] - Object '' is present

2020-10-20 17:17:31 - [MESSAGE][PASSED] - Object: '' is focused

2020-10-20 17:17:31 - [MESSAGE][PASSED] - Object '' is not checked

2020-10-20 17:17:32 - [MESSAGE][PASSED] - Object '' is present

2020-10-20 17:17:32 - [MESSAGE][PASSED] - Object: '' is focused

2020-10-20 17:17:35 - [MESSAGE][PASSED] - Delayed 3 second(s)

2020-10-20 17:17:35 - [MESSAGE][PASSED] - Object: '' is clicked on

2020-10-20 17:17:35 - [MESSAGE][PASSED] - Object '' is present

2020-10-20 17:17:35 - [MESSAGE][PASSED] - Object: '' is focused

2020-10-20 17:17:35 - [MESSAGE][PASSED] - Object '' is not checked

2020-10-20 17:17:35 - [MESSAGE][PASSED] - Object '' is present

2020-10-20 17:17:35 - [MESSAGE][PASSED] - Object: '' is focused

2020-10-20 17:17:35 - [MESSAGE][PASSED] - Object '' is not checked

2020-10-20 17:17:35 - [MESSAGE][PASSED] - Object '' is present

2020-10-20 17:17:35 - [MESSAGE][PASSED] - Object: '' is focused

2020-10-20 17:17:35 - [MESSAGE][PASSED] - Object '' is not checked

2020-10-20 17:17:35 - [MESSAGE][PASSED] - Object '' is present

2020-10-20 17:17:35 - [MESSAGE][PASSED] - Object: '' is focused

2020-10-20 17:17:38 - [MESSAGE][PASSED] - Delayed 3 second(s)

2020-10-20 17:17:38 - [MESSAGE][PASSED] - Object: '' is clicked on

2020-10-20 17:17:38 - [MESSAGE][PASSED] - Object '' is present

2020-10-20 17:17:38 - [MESSAGE][PASSED] - Object: '' is focused

2020-10-20 17:17:38 - [MESSAGE][PASSED] - Object '' is not checked

2020-10-20 17:17:38 - [MESSAGE][PASSED] - Object '' is present

2020-10-20 17:17:38 - [MESSAGE][PASSED] - Object: '' is focused

2020-10-20 17:17:38 - [MESSAGE][PASSED] - Object '' is not checked

2020-10-20 17:17:38 - [MESSAGE][PASSED] - Object '' is present

2020-10-20 17:17:38 - [MESSAGE][PASSED] - Object: '' is focused

2020-10-20 17:17:38 - [MESSAGE][PASSED] - Object '' is not checked

2020-10-20 17:17:39 - [MESSAGE][PASSED] - Object '' is present

2020-10-20 17:17:39 - [MESSAGE][PASSED] - Object: '' is focused

2020-10-20 17:17:39 - [MESSAGE][PASSED] - Object '' is not checked

2020-10-20 17:17:39 - [MESSAGE][PASSED] - Object '' is present

2020-10-20 17:17:39 - [MESSAGE][PASSED] - Object: '' is focused

2020-10-20 17:17:39 - [MESSAGE][PASSED] - Object '' is not checked

2020-10-20 17:17:39 - [MESSAGE][PASSED] - Object '' is present

2020-10-20 17:17:39 - [MESSAGE][PASSED] - Object: '' is focused

2020-10-20 17:17:39 - [MESSAGE][PASSED] - Object '' is not checked

2020-10-20 17:17:39 - [MESSAGE][PASSED] - Object '' is present

2020-10-20 17:17:39 - [MESSAGE][PASSED] - Object: '' is focused

2020-10-20 17:17:39 - [MESSAGE][PASSED] - Object '' is not checked

2020-10-20 17:17:39 - [MESSAGE][PASSED] - Object '' is present

2020-10-20 17:17:39 - [MESSAGE][PASSED] - Object: '' is focused

2020-10-20 17:17:39 - [MESSAGE][PASSED] - Object '' is not checked

2020-10-20 17:17:39 - [MESSAGE][PASSED] - Object '' is present

2020-10-20 17:17:39 - [MESSAGE][PASSED] - Object: '' is focused

2020-10-20 17:17:42 - [MESSAGE][PASSED] - Delayed 3 second(s)

2020-10-20 17:17:42 - [MESSAGE][PASSED] - Object: '' is clicked on

2020-10-20 17:17:42 - [MESSAGE][PASSED] - Object '' is present

2020-10-20 17:17:42 - [MESSAGE][PASSED] - Object: '' is focused

2020-10-20 17:17:42 - [MESSAGE][PASSED] - Object '' is not checked

2020-10-20 17:17:42 - [MESSAGE][PASSED] - Object '' is present

2020-10-20 17:17:42 - [MESSAGE][PASSED] - Object: '' is focused

2020-10-20 17:17:42 - [MESSAGE][PASSED] - Object '' is not checked

2020-10-20 17:17:42 - [MESSAGE][PASSED] - Object '' is present

2020-10-20 17:17:42 - [MESSAGE][PASSED] - Object: '' is focused

2020-10-20 17:17:43 - [MESSAGE][PASSED] - Object '' is not checked

2020-10-20 17:17:43 - [MESSAGE][PASSED] - Varify the mistake detail already match with the matrix Base on Type Contract

2020-10-20 17:17:43 - [TEST_STEP][PASSED] - Click on Tab "KTP": Click on Tab "KTP"

2020-10-20 17:17:43 - [MESSAGE][PASSED] - Object '' is present

2020-10-20 17:17:43 - [MESSAGE][PASSED] - Object: '' is focused

2020-10-20 17:17:46 - [MESSAGE][PASSED] - Delayed 3 second(s)

2020-10-20 17:17:46 - [MESSAGE][PASSED] - Object: '' is clicked on

2020-10-20 17:17:46 - [MESSAGE][PASSED] - Click on Tab "KTP"

2020-10-20 17:17:46 - [TEST_STEP][PASSED] - Checkbox General Mistake "20. KTP atau Resi - Alamat tetap pemohon pada sistem (HoS) berbeda dengan KTP": Checkbox General Mistake "20. KTP atau Resi - Alamat tetap pemohon pada sistem (HoS) berbeda dengan KTP"

2020-10-20 17:17:46 - [MESSAGE][PASSED] - Object: '' is clicked on

2020-10-20 17:17:46 - [MESSAGE][PASSED] - Wait for page load successfully

2020-10-20 17:17:46 - [MESSAGE][PASSED] - Checkbox General Mistake "20. KTP atau Resi - Alamat tetap pemohon pada sistem (HoS) berbeda dengan KTP"

2020-10-20 17:17:46 - [TEST_STEP][PASSED] - Click button "Save": Click button "Save"

2020-10-20 17:17:46 - [MESSAGE][INFO] - >>>>>//Button[contains(text(),'Save')]

2020-10-20 17:17:49 - [MESSAGE][PASSED] - Object: '' is clicked on

2020-10-20 17:17:49 - [MESSAGE][PASSED] - Click button "Save"

2020-10-20 17:17:49 - [TEST_STEP][PASSED] - Get text from pop up "IT Supporting Tools" with text "Mistake Type cannot be empty": Get text from pop up "IT Supporting Tools" with text "Mistake Type cannot be empty"

2020-10-20 17:17:49 - [MESSAGE][PASSED] - Taking screenshot successfully
[[ATTACHMENT|/Users/chaidir.pratama01/Documents/Docs/Katalon Studio/Screenshot/errorpopup.png]]

2020-10-20 17:17:49 - [MESSAGE][PASSED] - Object '' is present

2020-10-20 17:17:49 - [MESSAGE][PASSED] - Wait for page load successfully

2020-10-20 17:17:49 - [MESSAGE][PASSED] - Wait for page load successfully

2020-10-20 17:17:49 - [MESSAGE][PASSED] - Get text from pop up "IT Supporting Tools" with text "Mistake Type cannot be empty"

2020-10-20 17:17:49 - [TEST_STEP][PASSED] - Click button "OK": Click button "OK"

2020-10-20 17:17:49 - [MESSAGE][INFO] - >>>>>//Button[contains(text(),'OK')]

2020-10-20 17:17:52 - [MESSAGE][PASSED] - Object: '' is clicked on

2020-10-20 17:17:52 - [MESSAGE][PASSED] - Click button "OK"

2020-10-20 17:17:52 - [TEST_STEP][PASSED] - Click button "Logout": Click button "Logout"

2020-10-20 17:17:52 - [MESSAGE][INFO] - >>>>>//Button[contains(text(),'Logout')]

2020-10-20 17:17:56 - [MESSAGE][PASSED] - Object: '' is clicked on

2020-10-20 17:17:56 - [MESSAGE][PASSED] - Click button "Logout"

2020-10-20 17:17:56 - [TEST_STEP][PASSED] - Comment "Register Mistake failed because Dropdown Mistake type didn't choose": Comment "Register Mistake failed because Dropdown Mistake type didn't choose"

2020-10-20 17:17:56 - [MESSAGE][INFO] - Register Mistake failed because Dropdown Mistake type didn't choose

2020-10-20 17:17:56 - [MESSAGE][PASSED] - Comment "Register Mistake failed because Dropdown Mistake type didn't choose"

2020-10-20 17:17:56 - [TEST_STEP][PASSED] - Close browser: Close browser

2020-10-20 17:17:56 - [MESSAGE][PASSED] - Browser is closed

2020-10-20 17:17:56 - [MESSAGE][PASSED] - Close browser

2020-10-20 17:17:56 - [MESSAGE][PASSED] - Feature file: 'Include/features/IST_Real/CONTRACT_DISPATCHER_DONA_B2B/BUKALAPAK/Pick_Mistake_Without_Choose_Dropdown_Mistake_Type.feature' was passed]]></system-out>
         <system-err><![CDATA[]]></system-err>
      </testcase>
      <testcase name="Test Cases/IST_Real/CONTRACT_DISPATCHER_DONA_B2B/BUKALAPAK/TC BUKALAPAK - Update Tbl CDS CDC TRKRegMistake" time="0.776" classname="Test Cases/IST_Real/CONTRACT_DISPATCHER_DONA_B2B/BUKALAPAK/TC BUKALAPAK - Update Tbl CDS CDC TRKRegMistake" status="PASSED">
         <system-out><![CDATA[2020-10-20 17:17:56 - [TEST_CASE][PASSED] - Test Cases/IST_Real/CONTRACT_DISPATCHER_DONA_B2B/BUKALAPAK/TC BUKALAPAK - Update Tbl CDS CDC TRKRegMistake: Test Cases/IST_Real/CONTRACT_DISPATCHER_DONA_B2B/BUKALAPAK/TC BUKALAPAK - Update Tbl CDS CDC TRKRegMistake

2020-10-20 17:17:56 - [TEST_STEP][PASSED] - runFeatureFile("Include/features/IST_Real/CONTRACT_DISPATCHER_DONA_B2B/BUKALAPAK/Update_Tbl_CDS_CDC_TRK_RegMistake.feature"): Feature file: 'Include/features/IST_Real/CONTRACT_DISPATCHER_DONA_B2B/BUKALAPAK/Update_Tbl_CDS_CDC_TRK_RegMistake.feature' was passed

2020-10-20 17:17:56 - [MESSAGE][INFO] - Starting run keyword runFeatureFile: 'Include/features/IST_Real/CONTRACT_DISPATCHER_DONA_B2B/BUKALAPAK/Update_Tbl_CDS_CDC_TRK_RegMistake.feature' and extract report to folder: '/Users/chaidir.pratama01/Katalon Studio/IST_Automation_Git/Reports/20201020_171520/CONTRACT_DISPATCHER_DONA_B2B/TS_BUKALAPAK_B2B/20201020_171520/cucumber_report/1603189076136'...

2020-10-20 17:17:56 - [TEST_CASE][PASSED] - Start Test Case : SCENARIO Update Table CONTRACT_DISPATCHER_SOURCE and CONTRACT_DISPTACHER_CLAIM: SCENARIO Update Table CONTRACT_DISPATCHER_SOURCE and CONTRACT_DISPTACHER_CLAIM

2020-10-20 17:17:56 - [TEST_STEP][PASSED] - Connect to Database: Connect to Database

2020-10-20 17:17:56 - [MESSAGE][PASSED] - Connect to Database

2020-10-20 17:17:56 - [TEST_STEP][PASSED] - Update Tbl CONTRACT DISPATCHER SOURCE To Change PROCESSED From Y to N For Bukalapak B2B: Update Tbl CONTRACT DISPATCHER SOURCE To Change PROCESSED From Y to N For Bukalapak B2B

2020-10-20 17:17:56 - [MESSAGE][PASSED] - Update Tbl CONTRACT DISPATCHER SOURCE To Change PROCESSED From Y to N For Bukalapak B2B

2020-10-20 17:17:56 - [TEST_STEP][PASSED] - Update Tbl CONTRACT DISPATCHER CLAIM To Delete PROCESS From Column STATUS: Update Tbl CONTRACT DISPATCHER CLAIM To Delete PROCESS From Column STATUS

2020-10-20 17:17:56 - [MESSAGE][PASSED] - Update Tbl CONTRACT DISPATCHER CLAIM To Delete PROCESS From Column STATUS

2020-10-20 17:17:56 - [TEST_STEP][PASSED] - Delete Contract From TRK_REGISTRATION_MISTAKE: Delete Contract From TRK_REGISTRATION_MISTAKE

2020-10-20 17:17:56 - [MESSAGE][PASSED] - Delete Contract From TRK_REGISTRATION_MISTAKE

2020-10-20 17:17:56 - [MESSAGE][PASSED] - Feature file: 'Include/features/IST_Real/CONTRACT_DISPATCHER_DONA_B2B/BUKALAPAK/Update_Tbl_CDS_CDC_TRK_RegMistake.feature' was passed]]></system-out>
         <system-err><![CDATA[]]></system-err>
      </testcase>
      <testcase name="Test Cases/IST_Real/CONTRACT_DISPATCHER_DONA_B2B/BUKALAPAK/TC BUKALAPAK - Pick Mistake Without Write Textarea Note Before" time="50.413" classname="Test Cases/IST_Real/CONTRACT_DISPATCHER_DONA_B2B/BUKALAPAK/TC BUKALAPAK - Pick Mistake Without Write Textarea Note Before" status="PASSED">
         <system-out><![CDATA[2020-10-20 17:17:56 - [TEST_CASE][PASSED] - Test Cases/IST_Real/CONTRACT_DISPATCHER_DONA_B2B/BUKALAPAK/TC BUKALAPAK - Pick Mistake Without Write Textarea Note Before: Test Cases/IST_Real/CONTRACT_DISPATCHER_DONA_B2B/BUKALAPAK/TC BUKALAPAK - Pick Mistake Without Write Textarea Note Before

2020-10-20 17:17:56 - [TEST_STEP][PASSED] - runFeatureFile("Include/features/IST_Real/CONTRACT_DISPATCHER_DONA_B2B/BUKALAPAK/Pick_Mistake_Without_Write_Textarea_Note_Before.feature"): Feature file: 'Include/features/IST_Real/CONTRACT_DISPATCHER_DONA_B2B/BUKALAPAK/Pick_Mistake_Without_Write_Textarea_Note_Before.feature' was passed

2020-10-20 17:17:56 - [MESSAGE][INFO] - Starting run keyword runFeatureFile: 'Include/features/IST_Real/CONTRACT_DISPATCHER_DONA_B2B/BUKALAPAK/Pick_Mistake_Without_Write_Textarea_Note_Before.feature' and extract report to folder: '/Users/chaidir.pratama01/Katalon Studio/IST_Automation_Git/Reports/20201020_171520/CONTRACT_DISPATCHER_DONA_B2B/TS_BUKALAPAK_B2B/20201020_171520/cucumber_report/1603189076989'...

2020-10-20 17:17:57 - [TEST_CASE][PASSED] - Start Test Case : SCENARIO Assign User to Contract Dona Bukalapak B2B: SCENARIO Assign User to Contract Dona Bukalapak B2B

2020-10-20 17:17:57 - [TEST_STEP][PASSED] - Go to IST: Go to IST

2020-10-20 17:17:57 - [MESSAGE][INFO] - Starting 'Chrome (headless)' driver

2020-10-20 17:17:57 - [MESSAGE][INFO] - User set preference: ['args', '[--start-maximized, --disable-gpu, --no-proxy-server, â€“no-sandbox, --allow-running-insecure-content, --ignore-certificate-errors]']

2020-10-20 17:17:57 - [MESSAGE][INFO] - Action delay is set to 0 milliseconds

2020-10-20 17:17:57 - [MESSAGE][PASSED] - Browser is opened with url: ''

2020-10-20 17:17:58 - [MESSAGE][PASSED] - Navigate to 'https://dev-ist.homecredit.id/ist_tracker/' successfully

2020-10-20 17:17:58 - [MESSAGE][PASSED] - Taking screenshot successfully
[[ATTACHMENT|/Users/chaidir.pratama01/Documents/Docs/Katalon Studio/Screenshot/IST_Page.png]]

2020-10-20 17:17:58 - [MESSAGE][PASSED] - Go to IST

2020-10-20 17:17:58 - [TEST_STEP][PASSED] - Login IST with valid credentials: Login IST with valid credentials

2020-10-20 17:17:58 - [MESSAGE][PASSED] - Text 'mobile.test' is set on object 'Object Repository/Page_/input_Username_j_username'

2020-10-20 17:17:59 - [MESSAGE][PASSED] - Text ****** has been set on object 'Object Repository/Page_/input_Password_j_password'

2020-10-20 17:17:59 - [MESSAGE][PASSED] - Object: 'Object Repository/Page_/button_Login' is clicked on

2020-10-20 17:17:59 - [MESSAGE][PASSED] - Login IST with valid credentials

2020-10-20 17:17:59 - [TEST_STEP][PASSED] - Login Success for contract dispatcher: Login Success for contract dispatcher

2020-10-20 17:17:59 - [MESSAGE][INFO] - Login Success

2020-10-20 17:17:59 - [MESSAGE][PASSED] - Current window maximized

2020-10-20 17:17:59 - [MESSAGE][PASSED] - Object 'Object Repository/Page_/h1_Welcome to IT Supporting Tools' is present

2020-10-20 17:17:59 - [MESSAGE][PASSED] - Login Success for contract dispatcher

2020-10-20 17:17:59 - [TEST_STEP][PASSED] - Select Arrow Menu "Contract Dispatcher Admin": Select Arrow Menu "Contract Dispatcher Admin"

2020-10-20 17:17:59 - [MESSAGE][PASSED] - Object: '' is clicked on

2020-10-20 17:17:59 - [MESSAGE][PASSED] - Select Arrow Menu "Contract Dispatcher Admin"

2020-10-20 17:17:59 - [TEST_STEP][PASSED] - Select Menu "Management Assignment": Select Menu "Management Assignment"

2020-10-20 17:17:59 - [MESSAGE][PASSED] - Taking screenshot successfully
[[ATTACHMENT|/Users/chaidir.pratama01/Documents/Docs/Katalon Studio/Screenshot/test-Management Assignment.png]]

2020-10-20 17:17:59 - [MESSAGE][PASSED] - Object '' is present

2020-10-20 17:17:59 - [MESSAGE][PASSED] - Object: '' is clicked on

2020-10-20 17:17:59 - [MESSAGE][PASSED] - Wait for page load successfully

2020-10-20 17:17:59 - [MESSAGE][PASSED] - Select Menu "Management Assignment"

2020-10-20 17:17:59 - [TEST_STEP][PASSED] - Select Username "mobile.test" of Management Assignment: Select Username "mobile.test" of Management Assignment

2020-10-20 17:18:00 - [MESSAGE][PASSED] - All options with value 'mobile.test' are selected in object 'Object Repository/Page_/dropdown_list_username_assignment'  using regular expression

2020-10-20 17:18:00 - [MESSAGE][PASSED] - Select Username "mobile.test" of Management Assignment

2020-10-20 17:18:00 - [TEST_STEP][PASSED] - Check for username if already assigned to "Dona B2B": Check for username if already assigned to "Dona B2B"

2020-10-20 17:18:03 - [MESSAGE][PASSED] - Scroll to object '' successfully

2020-10-20 17:18:03 - [MESSAGE][PASSED] - Object '' is present

2020-10-20 17:18:03 - [MESSAGE][PASSED] - Object '' is checked

2020-10-20 17:18:03 - [MESSAGE][INFO] - Element is already Checked

2020-10-20 17:18:03 - [MESSAGE][PASSED] - Check for username if already assigned to "Dona B2B"

2020-10-20 17:18:03 - [TEST_STEP][PASSED] - Wait page for load: Wait page for load

2020-10-20 17:18:03 - [MESSAGE][PASSED] - Wait for page load successfully

2020-10-20 17:18:03 - [MESSAGE][PASSED] - Wait page for load

2020-10-20 17:18:03 - [TEST_STEP][PASSED] - Click button "Logout": Click button "Logout"

2020-10-20 17:18:03 - [MESSAGE][INFO] - >>>>>//Button[contains(text(),'Logout')]

2020-10-20 17:18:07 - [MESSAGE][PASSED] - Object: '' is clicked on

2020-10-20 17:18:07 - [MESSAGE][PASSED] - Click button "Logout"

2020-10-20 17:18:07 - [TEST_STEP][PASSED] - Close browser: Close browser

2020-10-20 17:18:07 - [MESSAGE][PASSED] - Browser is closed

2020-10-20 17:18:07 - [MESSAGE][PASSED] - Close browser

2020-10-20 17:18:07 - [TEST_CASE][PASSED] - Start Test Case : SCENARIO Select Menu Contract Dispatcher and Select Contract based on type contract DONA Bukalapak B2B: SCENARIO Select Menu Contract Dispatcher and Select Contract based on type contract DONA Bukalapak B2B

2020-10-20 17:18:07 - [TEST_STEP][PASSED] - Go to IST: Go to IST

2020-10-20 17:18:07 - [MESSAGE][INFO] - Starting 'Chrome (headless)' driver

2020-10-20 17:18:07 - [MESSAGE][INFO] - User set preference: ['args', '[--start-maximized, --disable-gpu, --no-proxy-server, â€“no-sandbox, --allow-running-insecure-content, --ignore-certificate-errors]']

2020-10-20 17:18:07 - [MESSAGE][INFO] - Action delay is set to 0 milliseconds

2020-10-20 17:18:07 - [MESSAGE][PASSED] - Browser is opened with url: ''

2020-10-20 17:18:08 - [MESSAGE][PASSED] - Navigate to 'https://dev-ist.homecredit.id/ist_tracker/' successfully

2020-10-20 17:18:08 - [MESSAGE][PASSED] - Taking screenshot successfully
[[ATTACHMENT|/Users/chaidir.pratama01/Documents/Docs/Katalon Studio/Screenshot/IST_Page.png]]

2020-10-20 17:18:08 - [MESSAGE][PASSED] - Go to IST

2020-10-20 17:18:08 - [TEST_STEP][PASSED] - Login IST with valid credentials: Login IST with valid credentials

2020-10-20 17:18:08 - [MESSAGE][PASSED] - Text 'mobile.test' is set on object 'Object Repository/Page_/input_Username_j_username'

2020-10-20 17:18:09 - [MESSAGE][PASSED] - Text ****** has been set on object 'Object Repository/Page_/input_Password_j_password'

2020-10-20 17:18:09 - [MESSAGE][PASSED] - Object: 'Object Repository/Page_/button_Login' is clicked on

2020-10-20 17:18:09 - [MESSAGE][PASSED] - Login IST with valid credentials

2020-10-20 17:18:09 - [TEST_STEP][PASSED] - Login Success for contract dispatcher: Login Success for contract dispatcher

2020-10-20 17:18:09 - [MESSAGE][INFO] - Login Success

2020-10-20 17:18:09 - [MESSAGE][PASSED] - Current window maximized

2020-10-20 17:18:09 - [MESSAGE][PASSED] - Object 'Object Repository/Page_/h1_Welcome to IT Supporting Tools' is present

2020-10-20 17:18:09 - [MESSAGE][PASSED] - Login Success for contract dispatcher

2020-10-20 17:18:09 - [TEST_STEP][PASSED] - Select Menu "Contract Dispatcher": Select Menu "Contract Dispatcher"

2020-10-20 17:18:09 - [MESSAGE][PASSED] - Taking screenshot successfully
[[ATTACHMENT|/Users/chaidir.pratama01/Documents/Docs/Katalon Studio/Screenshot/test-Contract Dispatcher.png]]

2020-10-20 17:18:10 - [MESSAGE][PASSED] - Object '' is present

2020-10-20 17:18:10 - [MESSAGE][PASSED] - Object: '' is clicked on

2020-10-20 17:18:10 - [MESSAGE][PASSED] - Wait for page load successfully

2020-10-20 17:18:10 - [MESSAGE][PASSED] - Select Menu "Contract Dispatcher"

2020-10-20 17:18:10 - [TEST_STEP][PASSED] - Select Contract Number based on Type Contract "DONA_BUKALAPAK_B2B": Select Contract Number based on Type Contract "DONA_BUKALAPAK_B2B"

2020-10-20 17:18:10 - [MESSAGE][PASSED] - Object '' is present

2020-10-20 17:18:10 - [MESSAGE][PASSED] - Object '' is present

2020-10-20 17:18:10 - [MESSAGE][PASSED] - Object: '' is clicked on

2020-10-20 17:18:10 - [MESSAGE][PASSED] - Select Contract Number based on Type Contract "DONA_BUKALAPAK_B2B"

2020-10-20 17:18:10 - [TEST_STEP][PASSED] - Click button "Claim": Click button "Claim"

2020-10-20 17:18:10 - [MESSAGE][INFO] - >>>>>//Button[contains(text(),'Claim')]

2020-10-20 17:18:13 - [MESSAGE][PASSED] - Object: '' is clicked on

2020-10-20 17:18:13 - [MESSAGE][PASSED] - Click button "Claim"

2020-10-20 17:18:13 - [TEST_STEP][PASSED] - Verify Tab Mistake Matrix Base on Type Contract: Verify Tab Mistake Matrix Base on Type Contract

2020-10-20 17:18:14 - [MESSAGE][PASSED] - Object '' is present

2020-10-20 17:18:14 - [MESSAGE][PASSED] - Object '' is present

2020-10-20 17:18:14 - [MESSAGE][PASSED] - Object '' is present

2020-10-20 17:18:14 - [MESSAGE][PASSED] - Object '' is present

2020-10-20 17:18:14 - [MESSAGE][PASSED] - Object '' is present

2020-10-20 17:18:14 - [MESSAGE][PASSED] - Verify Tab Mistake Matrix Base on Type Contract

2020-10-20 17:18:14 - [TEST_STEP][PASSED] - Varify the mistake detail already match with the matrix Base on Type Contract: Varify the mistake detail already match with the matrix Base on Type Contract

2020-10-20 17:18:14 - [MESSAGE][PASSED] - Object '' is present

2020-10-20 17:18:14 - [MESSAGE][PASSED] - Object: '' is focused

2020-10-20 17:18:17 - [MESSAGE][PASSED] - Delayed 3 second(s)

2020-10-20 17:18:17 - [MESSAGE][PASSED] - Object: '' is clicked on

2020-10-20 17:18:17 - [MESSAGE][PASSED] - Object '' is present

2020-10-20 17:18:17 - [MESSAGE][PASSED] - Object: '' is focused

2020-10-20 17:18:17 - [MESSAGE][PASSED] - Object '' is not checked

2020-10-20 17:18:17 - [MESSAGE][PASSED] - Object '' is present

2020-10-20 17:18:17 - [MESSAGE][PASSED] - Object: '' is focused

2020-10-20 17:18:17 - [MESSAGE][PASSED] - Object '' is not checked

2020-10-20 17:18:17 - [MESSAGE][PASSED] - Object '' is present

2020-10-20 17:18:17 - [MESSAGE][PASSED] - Object: '' is focused

2020-10-20 17:18:17 - [MESSAGE][PASSED] - Object '' is not checked

2020-10-20 17:18:17 - [MESSAGE][PASSED] - Object '' is present

2020-10-20 17:18:17 - [MESSAGE][PASSED] - Object: '' is focused

2020-10-20 17:18:17 - [MESSAGE][PASSED] - Object '' is not checked

2020-10-20 17:18:17 - [MESSAGE][PASSED] - Object '' is present

2020-10-20 17:18:17 - [MESSAGE][PASSED] - Object: '' is focused

2020-10-20 17:18:17 - [MESSAGE][PASSED] - Object '' is not checked

2020-10-20 17:18:17 - [MESSAGE][PASSED] - Object '' is present

2020-10-20 17:18:17 - [MESSAGE][PASSED] - Object: '' is focused

2020-10-20 17:18:17 - [MESSAGE][PASSED] - Object '' is not checked

2020-10-20 17:18:17 - [MESSAGE][PASSED] - Object '' is present

2020-10-20 17:18:17 - [MESSAGE][PASSED] - Object: '' is focused

2020-10-20 17:18:17 - [MESSAGE][PASSED] - Object '' is not checked

2020-10-20 17:18:17 - [MESSAGE][PASSED] - Object '' is present

2020-10-20 17:18:18 - [MESSAGE][PASSED] - Object: '' is focused

2020-10-20 17:18:18 - [MESSAGE][PASSED] - Object '' is not checked

2020-10-20 17:18:18 - [MESSAGE][PASSED] - Object '' is present

2020-10-20 17:18:18 - [MESSAGE][PASSED] - Object: '' is focused

2020-10-20 17:18:18 - [MESSAGE][PASSED] - Object '' is not checked

2020-10-20 17:18:18 - [MESSAGE][PASSED] - Object '' is present

2020-10-20 17:18:18 - [MESSAGE][PASSED] - Object: '' is focused

2020-10-20 17:18:18 - [MESSAGE][PASSED] - Object '' is not checked

2020-10-20 17:18:18 - [MESSAGE][PASSED] - Object '' is present

2020-10-20 17:18:18 - [MESSAGE][PASSED] - Object: '' is focused

2020-10-20 17:18:18 - [MESSAGE][PASSED] - Object '' is not checked

2020-10-20 17:18:18 - [MESSAGE][PASSED] - Object '' is present

2020-10-20 17:18:18 - [MESSAGE][PASSED] - Object: '' is focused

2020-10-20 17:18:18 - [MESSAGE][PASSED] - Object '' is not checked

2020-10-20 17:18:18 - [MESSAGE][PASSED] - Object '' is present

2020-10-20 17:18:18 - [MESSAGE][PASSED] - Object: '' is focused

2020-10-20 17:18:18 - [MESSAGE][PASSED] - Object '' is not checked

2020-10-20 17:18:18 - [MESSAGE][PASSED] - Object '' is present

2020-10-20 17:18:18 - [MESSAGE][PASSED] - Object: '' is focused

2020-10-20 17:18:18 - [MESSAGE][PASSED] - Object '' is not checked

2020-10-20 17:18:18 - [MESSAGE][PASSED] - Object '' is present

2020-10-20 17:18:18 - [MESSAGE][PASSED] - Object: '' is focused

2020-10-20 17:18:18 - [MESSAGE][PASSED] - Object '' is not checked

2020-10-20 17:18:18 - [MESSAGE][PASSED] - Object '' is present

2020-10-20 17:18:18 - [MESSAGE][PASSED] - Object: '' is focused

2020-10-20 17:18:18 - [MESSAGE][PASSED] - Object '' is not checked

2020-10-20 17:18:18 - [MESSAGE][PASSED] - Object '' is present

2020-10-20 17:18:18 - [MESSAGE][PASSED] - Object: '' is focused

2020-10-20 17:18:18 - [MESSAGE][PASSED] - Object '' is not checked

2020-10-20 17:18:18 - [MESSAGE][PASSED] - Object '' is present

2020-10-20 17:18:18 - [MESSAGE][PASSED] - Object: '' is focused

2020-10-20 17:18:19 - [MESSAGE][PASSED] - Object '' is not checked

2020-10-20 17:18:19 - [MESSAGE][PASSED] - Object '' is present

2020-10-20 17:18:19 - [MESSAGE][PASSED] - Object: '' is focused

2020-10-20 17:18:19 - [MESSAGE][PASSED] - Object '' is not checked

2020-10-20 17:18:19 - [MESSAGE][PASSED] - Object '' is present

2020-10-20 17:18:19 - [MESSAGE][PASSED] - Object: '' is focused

2020-10-20 17:18:19 - [MESSAGE][PASSED] - Object '' is not checked

2020-10-20 17:18:19 - [MESSAGE][PASSED] - Object '' is present

2020-10-20 17:18:19 - [MESSAGE][PASSED] - Object: '' is focused

2020-10-20 17:18:22 - [MESSAGE][PASSED] - Delayed 3 second(s)

2020-10-20 17:18:22 - [MESSAGE][PASSED] - Object: '' is clicked on

2020-10-20 17:18:22 - [MESSAGE][PASSED] - Object '' is present

2020-10-20 17:18:22 - [MESSAGE][PASSED] - Object: '' is focused

2020-10-20 17:18:22 - [MESSAGE][PASSED] - Object '' is not checked

2020-10-20 17:18:22 - [MESSAGE][PASSED] - Object '' is present

2020-10-20 17:18:22 - [MESSAGE][PASSED] - Object: '' is focused

2020-10-20 17:18:22 - [MESSAGE][PASSED] - Object '' is not checked

2020-10-20 17:18:22 - [MESSAGE][PASSED] - Object '' is present

2020-10-20 17:18:22 - [MESSAGE][PASSED] - Object: '' is focused

2020-10-20 17:18:22 - [MESSAGE][PASSED] - Object '' is not checked

2020-10-20 17:18:22 - [MESSAGE][PASSED] - Object '' is present

2020-10-20 17:18:22 - [MESSAGE][PASSED] - Object: '' is focused

2020-10-20 17:18:22 - [MESSAGE][PASSED] - Object '' is not checked

2020-10-20 17:18:22 - [MESSAGE][PASSED] - Object '' is present

2020-10-20 17:18:22 - [MESSAGE][PASSED] - Object: '' is focused

2020-10-20 17:18:22 - [MESSAGE][PASSED] - Object '' is not checked

2020-10-20 17:18:22 - [MESSAGE][PASSED] - Object '' is present

2020-10-20 17:18:22 - [MESSAGE][PASSED] - Object: '' is focused

2020-10-20 17:18:22 - [MESSAGE][PASSED] - Object '' is not checked

2020-10-20 17:18:23 - [MESSAGE][PASSED] - Object '' is present

2020-10-20 17:18:23 - [MESSAGE][PASSED] - Object: '' is focused

2020-10-20 17:18:26 - [MESSAGE][PASSED] - Delayed 3 second(s)

2020-10-20 17:18:26 - [MESSAGE][PASSED] - Object: '' is clicked on

2020-10-20 17:18:26 - [MESSAGE][PASSED] - Object '' is present

2020-10-20 17:18:26 - [MESSAGE][PASSED] - Object: '' is focused

2020-10-20 17:18:26 - [MESSAGE][PASSED] - Object '' is not checked

2020-10-20 17:18:26 - [MESSAGE][PASSED] - Object '' is present

2020-10-20 17:18:26 - [MESSAGE][PASSED] - Object: '' is focused

2020-10-20 17:18:26 - [MESSAGE][PASSED] - Object '' is not checked

2020-10-20 17:18:26 - [MESSAGE][PASSED] - Object '' is present

2020-10-20 17:18:26 - [MESSAGE][PASSED] - Object: '' is focused

2020-10-20 17:18:26 - [MESSAGE][PASSED] - Object '' is not checked

2020-10-20 17:18:26 - [MESSAGE][PASSED] - Object '' is present

2020-10-20 17:18:26 - [MESSAGE][PASSED] - Object: '' is focused

2020-10-20 17:18:29 - [MESSAGE][PASSED] - Delayed 3 second(s)

2020-10-20 17:18:29 - [MESSAGE][PASSED] - Object: '' is clicked on

2020-10-20 17:18:29 - [MESSAGE][PASSED] - Object '' is present

2020-10-20 17:18:29 - [MESSAGE][PASSED] - Object: '' is focused

2020-10-20 17:18:29 - [MESSAGE][PASSED] - Object '' is not checked

2020-10-20 17:18:29 - [MESSAGE][PASSED] - Object '' is present

2020-10-20 17:18:29 - [MESSAGE][PASSED] - Object: '' is focused

2020-10-20 17:18:29 - [MESSAGE][PASSED] - Object '' is not checked

2020-10-20 17:18:29 - [MESSAGE][PASSED] - Object '' is present

2020-10-20 17:18:29 - [MESSAGE][PASSED] - Object: '' is focused

2020-10-20 17:18:29 - [MESSAGE][PASSED] - Object '' is not checked

2020-10-20 17:18:29 - [MESSAGE][PASSED] - Object '' is present

2020-10-20 17:18:29 - [MESSAGE][PASSED] - Object: '' is focused

2020-10-20 17:18:30 - [MESSAGE][PASSED] - Object '' is not checked

2020-10-20 17:18:30 - [MESSAGE][PASSED] - Object '' is present

2020-10-20 17:18:30 - [MESSAGE][PASSED] - Object: '' is focused

2020-10-20 17:18:30 - [MESSAGE][PASSED] - Object '' is not checked

2020-10-20 17:18:30 - [MESSAGE][PASSED] - Object '' is present

2020-10-20 17:18:30 - [MESSAGE][PASSED] - Object: '' is focused

2020-10-20 17:18:30 - [MESSAGE][PASSED] - Object '' is not checked

2020-10-20 17:18:30 - [MESSAGE][PASSED] - Object '' is present

2020-10-20 17:18:30 - [MESSAGE][PASSED] - Object: '' is focused

2020-10-20 17:18:30 - [MESSAGE][PASSED] - Object '' is not checked

2020-10-20 17:18:30 - [MESSAGE][PASSED] - Object '' is present

2020-10-20 17:18:30 - [MESSAGE][PASSED] - Object: '' is focused

2020-10-20 17:18:30 - [MESSAGE][PASSED] - Object '' is not checked

2020-10-20 17:18:30 - [MESSAGE][PASSED] - Object '' is present

2020-10-20 17:18:30 - [MESSAGE][PASSED] - Object: '' is focused

2020-10-20 17:18:33 - [MESSAGE][PASSED] - Delayed 3 second(s)

2020-10-20 17:18:33 - [MESSAGE][PASSED] - Object: '' is clicked on

2020-10-20 17:18:33 - [MESSAGE][PASSED] - Object '' is present

2020-10-20 17:18:33 - [MESSAGE][PASSED] - Object: '' is focused

2020-10-20 17:18:33 - [MESSAGE][PASSED] - Object '' is not checked

2020-10-20 17:18:33 - [MESSAGE][PASSED] - Object '' is present

2020-10-20 17:18:33 - [MESSAGE][PASSED] - Object: '' is focused

2020-10-20 17:18:33 - [MESSAGE][PASSED] - Object '' is not checked

2020-10-20 17:18:33 - [MESSAGE][PASSED] - Object '' is present

2020-10-20 17:18:33 - [MESSAGE][PASSED] - Object: '' is focused

2020-10-20 17:18:33 - [MESSAGE][PASSED] - Object '' is not checked

2020-10-20 17:18:33 - [MESSAGE][PASSED] - Varify the mistake detail already match with the matrix Base on Type Contract

2020-10-20 17:18:33 - [TEST_STEP][PASSED] - Click on Tab "KTP": Click on Tab "KTP"

2020-10-20 17:18:33 - [MESSAGE][PASSED] - Object '' is present

2020-10-20 17:18:34 - [MESSAGE][PASSED] - Object: '' is focused

2020-10-20 17:18:37 - [MESSAGE][PASSED] - Delayed 3 second(s)

2020-10-20 17:18:37 - [MESSAGE][PASSED] - Object: '' is clicked on

2020-10-20 17:18:37 - [MESSAGE][PASSED] - Click on Tab "KTP"

2020-10-20 17:18:37 - [TEST_STEP][PASSED] - Checkbox General Mistake "20. KTP atau Resi - Alamat tetap pemohon pada sistem (HoS) berbeda dengan KTP": Checkbox General Mistake "20. KTP atau Resi - Alamat tetap pemohon pada sistem (HoS) berbeda dengan KTP"

2020-10-20 17:18:37 - [MESSAGE][PASSED] - Object: '' is clicked on

2020-10-20 17:18:37 - [MESSAGE][PASSED] - Wait for page load successfully

2020-10-20 17:18:37 - [MESSAGE][PASSED] - Checkbox General Mistake "20. KTP atau Resi - Alamat tetap pemohon pada sistem (HoS) berbeda dengan KTP"

2020-10-20 17:18:37 - [TEST_STEP][PASSED] - Choose Dropdown mistake type "Beda RT" from mistake name "20. KTP atau Resi - Alamat tetap pemohon pada sistem (HoS) berbeda dengan KTP": Choose Dropdown mistake type "Beda RT" from mistake name "20. KTP atau Resi - Alamat tetap pemohon pada sistem (HoS) berbeda dengan KTP"

2020-10-20 17:18:37 - [MESSAGE][PASSED] - All options with index in [1] are selected on object ''

2020-10-20 17:18:37 - [MESSAGE][PASSED] - Wait for page load successfully

2020-10-20 17:18:37 - [MESSAGE][PASSED] - Choose Dropdown mistake type "Beda RT" from mistake name "20. KTP atau Resi - Alamat tetap pemohon pada sistem (HoS) berbeda dengan KTP"

2020-10-20 17:18:37 - [TEST_STEP][PASSED] - Type on textarea note after based on mistake name "20. KTP atau Resi - Alamat tetap pemohon pada sistem (HoS) berbeda dengan KTP" with value "Testing": Type on textarea note after based on mistake name "20. KTP atau Resi - Alamat tetap pemohon pada sistem (HoS) berbeda dengan KTP" with value "Testing"

2020-10-20 17:18:37 - [MESSAGE][PASSED] - Text 'Testing' is set on object ''

2020-10-20 17:18:37 - [MESSAGE][PASSED] - Wait for page load successfully

2020-10-20 17:18:37 - [MESSAGE][PASSED] - Type on textarea note after based on mistake name "20. KTP atau Resi - Alamat tetap pemohon pada sistem (HoS) berbeda dengan KTP" with value "Testing"

2020-10-20 17:18:37 - [TEST_STEP][PASSED] - Click button "Save": Click button "Save"

2020-10-20 17:18:37 - [MESSAGE][INFO] - >>>>>//Button[contains(text(),'Save')]

2020-10-20 17:18:40 - [MESSAGE][PASSED] - Object: '' is clicked on

2020-10-20 17:18:40 - [MESSAGE][PASSED] - Click button "Save"

2020-10-20 17:18:40 - [TEST_STEP][PASSED] - Get text from pop up "IT Supporting Tools" with text "Note-before cannot be empty": Get text from pop up "IT Supporting Tools" with text "Note-before cannot be empty"

2020-10-20 17:18:40 - [MESSAGE][PASSED] - Taking screenshot successfully
[[ATTACHMENT|/Users/chaidir.pratama01/Documents/Docs/Katalon Studio/Screenshot/errorpopup.png]]

2020-10-20 17:18:40 - [MESSAGE][PASSED] - Object '' is present

2020-10-20 17:18:40 - [MESSAGE][PASSED] - Wait for page load successfully

2020-10-20 17:18:40 - [MESSAGE][PASSED] - Wait for page load successfully

2020-10-20 17:18:40 - [MESSAGE][PASSED] - Get text from pop up "IT Supporting Tools" with text "Note-before cannot be empty"

2020-10-20 17:18:40 - [TEST_STEP][PASSED] - Click button "OK": Click button "OK"

2020-10-20 17:18:40 - [MESSAGE][INFO] - >>>>>//Button[contains(text(),'OK')]

2020-10-20 17:18:43 - [MESSAGE][PASSED] - Object: '' is clicked on

2020-10-20 17:18:43 - [MESSAGE][PASSED] - Click button "OK"

2020-10-20 17:18:43 - [TEST_STEP][PASSED] - Click button "Logout": Click button "Logout"

2020-10-20 17:18:43 - [MESSAGE][INFO] - >>>>>//Button[contains(text(),'Logout')]

2020-10-20 17:18:47 - [MESSAGE][PASSED] - Object: '' is clicked on

2020-10-20 17:18:47 - [MESSAGE][PASSED] - Click button "Logout"

2020-10-20 17:18:47 - [TEST_STEP][PASSED] - Comment "Register Mistake failed because Note-before empty": Comment "Register Mistake failed because Note-before empty"

2020-10-20 17:18:47 - [MESSAGE][INFO] - Register Mistake failed because Note-before empty

2020-10-20 17:18:47 - [MESSAGE][PASSED] - Comment "Register Mistake failed because Note-before empty"

2020-10-20 17:18:47 - [TEST_STEP][PASSED] - Close browser: Close browser

2020-10-20 17:18:47 - [MESSAGE][PASSED] - Browser is closed

2020-10-20 17:18:47 - [MESSAGE][PASSED] - Close browser

2020-10-20 17:18:47 - [MESSAGE][PASSED] - Feature file: 'Include/features/IST_Real/CONTRACT_DISPATCHER_DONA_B2B/BUKALAPAK/Pick_Mistake_Without_Write_Textarea_Note_Before.feature' was passed]]></system-out>
         <system-err><![CDATA[]]></system-err>
      </testcase>
      <testcase name="Test Cases/IST_Real/CONTRACT_DISPATCHER_DONA_B2B/BUKALAPAK/TC BUKALAPAK - Update Tbl CDS CDC TRKRegMistake" time="0.818" classname="Test Cases/IST_Real/CONTRACT_DISPATCHER_DONA_B2B/BUKALAPAK/TC BUKALAPAK - Update Tbl CDS CDC TRKRegMistake" status="PASSED">
         <system-out><![CDATA[2020-10-20 17:18:47 - [TEST_CASE][PASSED] - Test Cases/IST_Real/CONTRACT_DISPATCHER_DONA_B2B/BUKALAPAK/TC BUKALAPAK - Update Tbl CDS CDC TRKRegMistake: Test Cases/IST_Real/CONTRACT_DISPATCHER_DONA_B2B/BUKALAPAK/TC BUKALAPAK - Update Tbl CDS CDC TRKRegMistake

2020-10-20 17:18:47 - [TEST_STEP][PASSED] - runFeatureFile("Include/features/IST_Real/CONTRACT_DISPATCHER_DONA_B2B/BUKALAPAK/Update_Tbl_CDS_CDC_TRK_RegMistake.feature"): Feature file: 'Include/features/IST_Real/CONTRACT_DISPATCHER_DONA_B2B/BUKALAPAK/Update_Tbl_CDS_CDC_TRK_RegMistake.feature' was passed

2020-10-20 17:18:47 - [MESSAGE][INFO] - Starting run keyword runFeatureFile: 'Include/features/IST_Real/CONTRACT_DISPATCHER_DONA_B2B/BUKALAPAK/Update_Tbl_CDS_CDC_TRK_RegMistake.feature' and extract report to folder: '/Users/chaidir.pratama01/Katalon Studio/IST_Automation_Git/Reports/20201020_171520/CONTRACT_DISPATCHER_DONA_B2B/TS_BUKALAPAK_B2B/20201020_171520/cucumber_report/1603189127330'...

2020-10-20 17:18:47 - [TEST_CASE][PASSED] - Start Test Case : SCENARIO Update Table CONTRACT_DISPATCHER_SOURCE and CONTRACT_DISPTACHER_CLAIM: SCENARIO Update Table CONTRACT_DISPATCHER_SOURCE and CONTRACT_DISPTACHER_CLAIM

2020-10-20 17:18:47 - [TEST_STEP][PASSED] - Connect to Database: Connect to Database

2020-10-20 17:18:47 - [MESSAGE][PASSED] - Connect to Database

2020-10-20 17:18:47 - [TEST_STEP][PASSED] - Update Tbl CONTRACT DISPATCHER SOURCE To Change PROCESSED From Y to N For Bukalapak B2B: Update Tbl CONTRACT DISPATCHER SOURCE To Change PROCESSED From Y to N For Bukalapak B2B

2020-10-20 17:18:47 - [MESSAGE][PASSED] - Update Tbl CONTRACT DISPATCHER SOURCE To Change PROCESSED From Y to N For Bukalapak B2B

2020-10-20 17:18:47 - [TEST_STEP][PASSED] - Update Tbl CONTRACT DISPATCHER CLAIM To Delete PROCESS From Column STATUS: Update Tbl CONTRACT DISPATCHER CLAIM To Delete PROCESS From Column STATUS

2020-10-20 17:18:48 - [MESSAGE][PASSED] - Update Tbl CONTRACT DISPATCHER CLAIM To Delete PROCESS From Column STATUS

2020-10-20 17:18:48 - [TEST_STEP][PASSED] - Delete Contract From TRK_REGISTRATION_MISTAKE: Delete Contract From TRK_REGISTRATION_MISTAKE

2020-10-20 17:18:48 - [MESSAGE][PASSED] - Delete Contract From TRK_REGISTRATION_MISTAKE

2020-10-20 17:18:48 - [MESSAGE][PASSED] - Feature file: 'Include/features/IST_Real/CONTRACT_DISPATCHER_DONA_B2B/BUKALAPAK/Update_Tbl_CDS_CDC_TRK_RegMistake.feature' was passed]]></system-out>
         <system-err><![CDATA[]]></system-err>
      </testcase>
      <testcase name="Test Cases/IST_Real/CONTRACT_DISPATCHER_DONA_B2B/BUKALAPAK/TC BUKALAPAK - Pick Mistake Without Write Textarea Note After" time="50.886" classname="Test Cases/IST_Real/CONTRACT_DISPATCHER_DONA_B2B/BUKALAPAK/TC BUKALAPAK - Pick Mistake Without Write Textarea Note After" status="PASSED">
         <system-out><![CDATA[2020-10-20 17:18:48 - [TEST_CASE][PASSED] - Test Cases/IST_Real/CONTRACT_DISPATCHER_DONA_B2B/BUKALAPAK/TC BUKALAPAK - Pick Mistake Without Write Textarea Note After: Test Cases/IST_Real/CONTRACT_DISPATCHER_DONA_B2B/BUKALAPAK/TC BUKALAPAK - Pick Mistake Without Write Textarea Note After

2020-10-20 17:18:48 - [TEST_STEP][PASSED] - runFeatureFile("Include/features/IST_Real/CONTRACT_DISPATCHER_DONA_B2B/BUKALAPAK/Pick_Mistake_Without_Write_Textarea_Note_After.feature"): Feature file: 'Include/features/IST_Real/CONTRACT_DISPATCHER_DONA_B2B/BUKALAPAK/Pick_Mistake_Without_Write_Textarea_Note_After.feature' was passed

2020-10-20 17:18:48 - [MESSAGE][INFO] - Starting run keyword runFeatureFile: 'Include/features/IST_Real/CONTRACT_DISPATCHER_DONA_B2B/BUKALAPAK/Pick_Mistake_Without_Write_Textarea_Note_After.feature' and extract report to folder: '/Users/chaidir.pratama01/Katalon Studio/IST_Automation_Git/Reports/20201020_171520/CONTRACT_DISPATCHER_DONA_B2B/TS_BUKALAPAK_B2B/20201020_171520/cucumber_report/1603189128228'...

2020-10-20 17:18:48 - [TEST_CASE][PASSED] - Start Test Case : SCENARIO Assign User to Contract DONA Bukalapak B2B: SCENARIO Assign User to Contract DONA Bukalapak B2B

2020-10-20 17:18:48 - [TEST_STEP][PASSED] - Go to IST: Go to IST

2020-10-20 17:18:48 - [MESSAGE][INFO] - Starting 'Chrome (headless)' driver

2020-10-20 17:18:48 - [MESSAGE][INFO] - User set preference: ['args', '[--start-maximized, --disable-gpu, --no-proxy-server, â€“no-sandbox, --allow-running-insecure-content, --ignore-certificate-errors]']

2020-10-20 17:18:48 - [MESSAGE][INFO] - Action delay is set to 0 milliseconds

2020-10-20 17:18:48 - [MESSAGE][PASSED] - Browser is opened with url: ''

2020-10-20 17:18:49 - [MESSAGE][PASSED] - Navigate to 'https://dev-ist.homecredit.id/ist_tracker/' successfully

2020-10-20 17:18:50 - [MESSAGE][PASSED] - Taking screenshot successfully
[[ATTACHMENT|/Users/chaidir.pratama01/Documents/Docs/Katalon Studio/Screenshot/IST_Page.png]]

2020-10-20 17:18:50 - [MESSAGE][PASSED] - Go to IST

2020-10-20 17:18:50 - [TEST_STEP][PASSED] - Login IST with valid credentials: Login IST with valid credentials

2020-10-20 17:18:50 - [MESSAGE][PASSED] - Text 'mobile.test' is set on object 'Object Repository/Page_/input_Username_j_username'

2020-10-20 17:18:50 - [MESSAGE][PASSED] - Text ****** has been set on object 'Object Repository/Page_/input_Password_j_password'

2020-10-20 17:18:50 - [MESSAGE][PASSED] - Object: 'Object Repository/Page_/button_Login' is clicked on

2020-10-20 17:18:50 - [MESSAGE][PASSED] - Login IST with valid credentials

2020-10-20 17:18:50 - [TEST_STEP][PASSED] - Login Success for contract dispatcher: Login Success for contract dispatcher

2020-10-20 17:18:50 - [MESSAGE][INFO] - Login Success

2020-10-20 17:18:51 - [MESSAGE][PASSED] - Current window maximized

2020-10-20 17:18:51 - [MESSAGE][PASSED] - Object 'Object Repository/Page_/h1_Welcome to IT Supporting Tools' is present

2020-10-20 17:18:51 - [MESSAGE][PASSED] - Login Success for contract dispatcher

2020-10-20 17:18:51 - [TEST_STEP][PASSED] - Select Arrow Menu "Contract Dispatcher Admin": Select Arrow Menu "Contract Dispatcher Admin"

2020-10-20 17:18:51 - [MESSAGE][PASSED] - Object: '' is clicked on

2020-10-20 17:18:51 - [MESSAGE][PASSED] - Select Arrow Menu "Contract Dispatcher Admin"

2020-10-20 17:18:51 - [TEST_STEP][PASSED] - Select Menu "Management Assignment": Select Menu "Management Assignment"

2020-10-20 17:18:51 - [MESSAGE][PASSED] - Taking screenshot successfully
[[ATTACHMENT|/Users/chaidir.pratama01/Documents/Docs/Katalon Studio/Screenshot/test-Management Assignment.png]]

2020-10-20 17:18:51 - [MESSAGE][PASSED] - Object '' is present

2020-10-20 17:18:51 - [MESSAGE][PASSED] - Object: '' is clicked on

2020-10-20 17:18:51 - [MESSAGE][PASSED] - Wait for page load successfully

2020-10-20 17:18:51 - [MESSAGE][PASSED] - Select Menu "Management Assignment"

2020-10-20 17:18:51 - [TEST_STEP][PASSED] - Select Username "mobile.test" of Management Assignment: Select Username "mobile.test" of Management Assignment

2020-10-20 17:18:52 - [MESSAGE][PASSED] - All options with value 'mobile.test' are selected in object 'Object Repository/Page_/dropdown_list_username_assignment'  using regular expression

2020-10-20 17:18:52 - [MESSAGE][PASSED] - Select Username "mobile.test" of Management Assignment

2020-10-20 17:18:52 - [TEST_STEP][PASSED] - Check for username if already assigned to "Dona B2B": Check for username if already assigned to "Dona B2B"

2020-10-20 17:18:55 - [MESSAGE][PASSED] - Scroll to object '' successfully

2020-10-20 17:18:55 - [MESSAGE][PASSED] - Object '' is present

2020-10-20 17:18:55 - [MESSAGE][PASSED] - Object '' is checked

2020-10-20 17:18:55 - [MESSAGE][INFO] - Element is already Checked

2020-10-20 17:18:55 - [MESSAGE][PASSED] - Check for username if already assigned to "Dona B2B"

2020-10-20 17:18:55 - [TEST_STEP][PASSED] - Wait page for load: Wait page for load

2020-10-20 17:18:55 - [MESSAGE][PASSED] - Wait for page load successfully

2020-10-20 17:18:55 - [MESSAGE][PASSED] - Wait page for load

2020-10-20 17:18:55 - [TEST_STEP][PASSED] - Click button "Logout": Click button "Logout"

2020-10-20 17:18:55 - [MESSAGE][INFO] - >>>>>//Button[contains(text(),'Logout')]

2020-10-20 17:18:58 - [MESSAGE][PASSED] - Object: '' is clicked on

2020-10-20 17:18:58 - [MESSAGE][PASSED] - Click button "Logout"

2020-10-20 17:18:58 - [TEST_STEP][PASSED] - Close browser: Close browser

2020-10-20 17:18:58 - [MESSAGE][PASSED] - Browser is closed

2020-10-20 17:18:58 - [MESSAGE][PASSED] - Close browser

2020-10-20 17:18:58 - [TEST_CASE][PASSED] - Start Test Case : SCENARIO Select Menu Contract Dispatcher and Select Contract based on type contract DONA Bukalapak B2B: SCENARIO Select Menu Contract Dispatcher and Select Contract based on type contract DONA Bukalapak B2B

2020-10-20 17:18:58 - [TEST_STEP][PASSED] - Go to IST: Go to IST

2020-10-20 17:18:58 - [MESSAGE][INFO] - Starting 'Chrome (headless)' driver

2020-10-20 17:18:58 - [MESSAGE][INFO] - User set preference: ['args', '[--start-maximized, --disable-gpu, --no-proxy-server, â€“no-sandbox, --allow-running-insecure-content, --ignore-certificate-errors]']

2020-10-20 17:18:58 - [MESSAGE][INFO] - Action delay is set to 0 milliseconds

2020-10-20 17:18:59 - [MESSAGE][PASSED] - Browser is opened with url: ''

2020-10-20 17:19:00 - [MESSAGE][PASSED] - Navigate to 'https://dev-ist.homecredit.id/ist_tracker/' successfully

2020-10-20 17:19:00 - [MESSAGE][PASSED] - Taking screenshot successfully
[[ATTACHMENT|/Users/chaidir.pratama01/Documents/Docs/Katalon Studio/Screenshot/IST_Page.png]]

2020-10-20 17:19:00 - [MESSAGE][PASSED] - Go to IST

2020-10-20 17:19:00 - [TEST_STEP][PASSED] - Login IST with valid credentials: Login IST with valid credentials

2020-10-20 17:19:00 - [MESSAGE][PASSED] - Text 'mobile.test' is set on object 'Object Repository/Page_/input_Username_j_username'

2020-10-20 17:19:01 - [MESSAGE][PASSED] - Text ****** has been set on object 'Object Repository/Page_/input_Password_j_password'

2020-10-20 17:19:01 - [MESSAGE][PASSED] - Object: 'Object Repository/Page_/button_Login' is clicked on

2020-10-20 17:19:01 - [MESSAGE][PASSED] - Login IST with valid credentials

2020-10-20 17:19:01 - [TEST_STEP][PASSED] - Login Success for contract dispatcher: Login Success for contract dispatcher

2020-10-20 17:19:01 - [MESSAGE][INFO] - Login Success

2020-10-20 17:19:01 - [MESSAGE][PASSED] - Current window maximized

2020-10-20 17:19:01 - [MESSAGE][PASSED] - Object 'Object Repository/Page_/h1_Welcome to IT Supporting Tools' is present

2020-10-20 17:19:01 - [MESSAGE][PASSED] - Login Success for contract dispatcher

2020-10-20 17:19:01 - [TEST_STEP][PASSED] - Select Menu "Contract Dispatcher": Select Menu "Contract Dispatcher"

2020-10-20 17:19:01 - [MESSAGE][PASSED] - Taking screenshot successfully
[[ATTACHMENT|/Users/chaidir.pratama01/Documents/Docs/Katalon Studio/Screenshot/test-Contract Dispatcher.png]]

2020-10-20 17:19:01 - [MESSAGE][PASSED] - Object '' is present

2020-10-20 17:19:01 - [MESSAGE][PASSED] - Object: '' is clicked on

2020-10-20 17:19:01 - [MESSAGE][PASSED] - Wait for page load successfully

2020-10-20 17:19:01 - [MESSAGE][PASSED] - Select Menu "Contract Dispatcher"

2020-10-20 17:19:01 - [TEST_STEP][PASSED] - Select Contract Number based on Type Contract "DONA_BUKALAPAK_B2B": Select Contract Number based on Type Contract "DONA_BUKALAPAK_B2B"

2020-10-20 17:19:02 - [MESSAGE][PASSED] - Object '' is present

2020-10-20 17:19:02 - [MESSAGE][PASSED] - Object '' is present

2020-10-20 17:19:02 - [MESSAGE][PASSED] - Object: '' is clicked on

2020-10-20 17:19:02 - [MESSAGE][PASSED] - Select Contract Number based on Type Contract "DONA_BUKALAPAK_B2B"

2020-10-20 17:19:02 - [TEST_STEP][PASSED] - Click button "Claim": Click button "Claim"

2020-10-20 17:19:02 - [MESSAGE][INFO] - >>>>>//Button[contains(text(),'Claim')]

2020-10-20 17:19:05 - [MESSAGE][PASSED] - Object: '' is clicked on

2020-10-20 17:19:05 - [MESSAGE][PASSED] - Click button "Claim"

2020-10-20 17:19:05 - [TEST_STEP][PASSED] - Verify Tab Mistake Matrix Base on Type Contract: Verify Tab Mistake Matrix Base on Type Contract

2020-10-20 17:19:05 - [MESSAGE][PASSED] - Object '' is present

2020-10-20 17:19:05 - [MESSAGE][PASSED] - Object '' is present

2020-10-20 17:19:05 - [MESSAGE][PASSED] - Object '' is present

2020-10-20 17:19:05 - [MESSAGE][PASSED] - Object '' is present

2020-10-20 17:19:05 - [MESSAGE][PASSED] - Object '' is present

2020-10-20 17:19:05 - [MESSAGE][PASSED] - Verify Tab Mistake Matrix Base on Type Contract

2020-10-20 17:19:05 - [TEST_STEP][PASSED] - Varify the mistake detail already match with the matrix Base on Type Contract: Varify the mistake detail already match with the matrix Base on Type Contract

2020-10-20 17:19:05 - [MESSAGE][PASSED] - Object '' is present

2020-10-20 17:19:05 - [MESSAGE][PASSED] - Object: '' is focused

2020-10-20 17:19:08 - [MESSAGE][PASSED] - Delayed 3 second(s)

2020-10-20 17:19:08 - [MESSAGE][PASSED] - Object: '' is clicked on

2020-10-20 17:19:08 - [MESSAGE][PASSED] - Object '' is present

2020-10-20 17:19:08 - [MESSAGE][PASSED] - Object: '' is focused

2020-10-20 17:19:09 - [MESSAGE][PASSED] - Object '' is not checked

2020-10-20 17:19:09 - [MESSAGE][PASSED] - Object '' is present

2020-10-20 17:19:09 - [MESSAGE][PASSED] - Object: '' is focused

2020-10-20 17:19:09 - [MESSAGE][PASSED] - Object '' is not checked

2020-10-20 17:19:09 - [MESSAGE][PASSED] - Object '' is present

2020-10-20 17:19:09 - [MESSAGE][PASSED] - Object: '' is focused

2020-10-20 17:19:09 - [MESSAGE][PASSED] - Object '' is not checked

2020-10-20 17:19:09 - [MESSAGE][PASSED] - Object '' is present

2020-10-20 17:19:09 - [MESSAGE][PASSED] - Object: '' is focused

2020-10-20 17:19:09 - [MESSAGE][PASSED] - Object '' is not checked

2020-10-20 17:19:09 - [MESSAGE][PASSED] - Object '' is present

2020-10-20 17:19:09 - [MESSAGE][PASSED] - Object: '' is focused

2020-10-20 17:19:09 - [MESSAGE][PASSED] - Object '' is not checked

2020-10-20 17:19:09 - [MESSAGE][PASSED] - Object '' is present

2020-10-20 17:19:09 - [MESSAGE][PASSED] - Object: '' is focused

2020-10-20 17:19:09 - [MESSAGE][PASSED] - Object '' is not checked

2020-10-20 17:19:09 - [MESSAGE][PASSED] - Object '' is present

2020-10-20 17:19:09 - [MESSAGE][PASSED] - Object: '' is focused

2020-10-20 17:19:09 - [MESSAGE][PASSED] - Object '' is not checked

2020-10-20 17:19:09 - [MESSAGE][PASSED] - Object '' is present

2020-10-20 17:19:09 - [MESSAGE][PASSED] - Object: '' is focused

2020-10-20 17:19:09 - [MESSAGE][PASSED] - Object '' is not checked

2020-10-20 17:19:09 - [MESSAGE][PASSED] - Object '' is present

2020-10-20 17:19:09 - [MESSAGE][PASSED] - Object: '' is focused

2020-10-20 17:19:09 - [MESSAGE][PASSED] - Object '' is not checked

2020-10-20 17:19:09 - [MESSAGE][PASSED] - Object '' is present

2020-10-20 17:19:09 - [MESSAGE][PASSED] - Object: '' is focused

2020-10-20 17:19:09 - [MESSAGE][PASSED] - Object '' is not checked

2020-10-20 17:19:09 - [MESSAGE][PASSED] - Object '' is present

2020-10-20 17:19:09 - [MESSAGE][PASSED] - Object: '' is focused

2020-10-20 17:19:10 - [MESSAGE][PASSED] - Object '' is not checked

2020-10-20 17:19:10 - [MESSAGE][PASSED] - Object '' is present

2020-10-20 17:19:10 - [MESSAGE][PASSED] - Object: '' is focused

2020-10-20 17:19:10 - [MESSAGE][PASSED] - Object '' is not checked

2020-10-20 17:19:10 - [MESSAGE][PASSED] - Object '' is present

2020-10-20 17:19:10 - [MESSAGE][PASSED] - Object: '' is focused

2020-10-20 17:19:10 - [MESSAGE][PASSED] - Object '' is not checked

2020-10-20 17:19:10 - [MESSAGE][PASSED] - Object '' is present

2020-10-20 17:19:10 - [MESSAGE][PASSED] - Object: '' is focused

2020-10-20 17:19:10 - [MESSAGE][PASSED] - Object '' is not checked

2020-10-20 17:19:10 - [MESSAGE][PASSED] - Object '' is present

2020-10-20 17:19:10 - [MESSAGE][PASSED] - Object: '' is focused

2020-10-20 17:19:10 - [MESSAGE][PASSED] - Object '' is not checked

2020-10-20 17:19:10 - [MESSAGE][PASSED] - Object '' is present

2020-10-20 17:19:10 - [MESSAGE][PASSED] - Object: '' is focused

2020-10-20 17:19:10 - [MESSAGE][PASSED] - Object '' is not checked

2020-10-20 17:19:10 - [MESSAGE][PASSED] - Object '' is present

2020-10-20 17:19:10 - [MESSAGE][PASSED] - Object: '' is focused

2020-10-20 17:19:10 - [MESSAGE][PASSED] - Object '' is not checked

2020-10-20 17:19:10 - [MESSAGE][PASSED] - Object '' is present

2020-10-20 17:19:10 - [MESSAGE][PASSED] - Object: '' is focused

2020-10-20 17:19:10 - [MESSAGE][PASSED] - Object '' is not checked

2020-10-20 17:19:10 - [MESSAGE][PASSED] - Object '' is present

2020-10-20 17:19:10 - [MESSAGE][PASSED] - Object: '' is focused

2020-10-20 17:19:10 - [MESSAGE][PASSED] - Object '' is not checked

2020-10-20 17:19:10 - [MESSAGE][PASSED] - Object '' is present

2020-10-20 17:19:10 - [MESSAGE][PASSED] - Object: '' is focused

2020-10-20 17:19:10 - [MESSAGE][PASSED] - Object '' is not checked

2020-10-20 17:19:10 - [MESSAGE][PASSED] - Object '' is present

2020-10-20 17:19:11 - [MESSAGE][PASSED] - Object: '' is focused

2020-10-20 17:19:14 - [MESSAGE][PASSED] - Delayed 3 second(s)

2020-10-20 17:19:14 - [MESSAGE][PASSED] - Object: '' is clicked on

2020-10-20 17:19:14 - [MESSAGE][PASSED] - Object '' is present

2020-10-20 17:19:14 - [MESSAGE][PASSED] - Object: '' is focused

2020-10-20 17:19:14 - [MESSAGE][PASSED] - Object '' is not checked

2020-10-20 17:19:14 - [MESSAGE][PASSED] - Object '' is present

2020-10-20 17:19:14 - [MESSAGE][PASSED] - Object: '' is focused

2020-10-20 17:19:14 - [MESSAGE][PASSED] - Object '' is not checked

2020-10-20 17:19:14 - [MESSAGE][PASSED] - Object '' is present

2020-10-20 17:19:14 - [MESSAGE][PASSED] - Object: '' is focused

2020-10-20 17:19:14 - [MESSAGE][PASSED] - Object '' is not checked

2020-10-20 17:19:14 - [MESSAGE][PASSED] - Object '' is present

2020-10-20 17:19:14 - [MESSAGE][PASSED] - Object: '' is focused

2020-10-20 17:19:14 - [MESSAGE][PASSED] - Object '' is not checked

2020-10-20 17:19:14 - [MESSAGE][PASSED] - Object '' is present

2020-10-20 17:19:14 - [MESSAGE][PASSED] - Object: '' is focused

2020-10-20 17:19:14 - [MESSAGE][PASSED] - Object '' is not checked

2020-10-20 17:19:14 - [MESSAGE][PASSED] - Object '' is present

2020-10-20 17:19:14 - [MESSAGE][PASSED] - Object: '' is focused

2020-10-20 17:19:14 - [MESSAGE][PASSED] - Object '' is not checked

2020-10-20 17:19:14 - [MESSAGE][PASSED] - Object '' is present

2020-10-20 17:19:14 - [MESSAGE][PASSED] - Object: '' is focused

2020-10-20 17:19:17 - [MESSAGE][PASSED] - Delayed 3 second(s)

2020-10-20 17:19:17 - [MESSAGE][PASSED] - Object: '' is clicked on

2020-10-20 17:19:17 - [MESSAGE][PASSED] - Object '' is present

2020-10-20 17:19:17 - [MESSAGE][PASSED] - Object: '' is focused

2020-10-20 17:19:17 - [MESSAGE][PASSED] - Object '' is not checked

2020-10-20 17:19:17 - [MESSAGE][PASSED] - Object '' is present

2020-10-20 17:19:18 - [MESSAGE][PASSED] - Object: '' is focused

2020-10-20 17:19:18 - [MESSAGE][PASSED] - Object '' is not checked

2020-10-20 17:19:18 - [MESSAGE][PASSED] - Object '' is present

2020-10-20 17:19:18 - [MESSAGE][PASSED] - Object: '' is focused

2020-10-20 17:19:18 - [MESSAGE][PASSED] - Object '' is not checked

2020-10-20 17:19:18 - [MESSAGE][PASSED] - Object '' is present

2020-10-20 17:19:18 - [MESSAGE][PASSED] - Object: '' is focused

2020-10-20 17:19:21 - [MESSAGE][PASSED] - Delayed 3 second(s)

2020-10-20 17:19:21 - [MESSAGE][PASSED] - Object: '' is clicked on

2020-10-20 17:19:21 - [MESSAGE][PASSED] - Object '' is present

2020-10-20 17:19:21 - [MESSAGE][PASSED] - Object: '' is focused

2020-10-20 17:19:21 - [MESSAGE][PASSED] - Object '' is not checked

2020-10-20 17:19:21 - [MESSAGE][PASSED] - Object '' is present

2020-10-20 17:19:21 - [MESSAGE][PASSED] - Object: '' is focused

2020-10-20 17:19:21 - [MESSAGE][PASSED] - Object '' is not checked

2020-10-20 17:19:21 - [MESSAGE][PASSED] - Object '' is present

2020-10-20 17:19:21 - [MESSAGE][PASSED] - Object: '' is focused

2020-10-20 17:19:21 - [MESSAGE][PASSED] - Object '' is not checked

2020-10-20 17:19:21 - [MESSAGE][PASSED] - Object '' is present

2020-10-20 17:19:21 - [MESSAGE][PASSED] - Object: '' is focused

2020-10-20 17:19:21 - [MESSAGE][PASSED] - Object '' is not checked

2020-10-20 17:19:21 - [MESSAGE][PASSED] - Object '' is present

2020-10-20 17:19:21 - [MESSAGE][PASSED] - Object: '' is focused

2020-10-20 17:19:21 - [MESSAGE][PASSED] - Object '' is not checked

2020-10-20 17:19:21 - [MESSAGE][PASSED] - Object '' is present

2020-10-20 17:19:21 - [MESSAGE][PASSED] - Object: '' is focused

2020-10-20 17:19:21 - [MESSAGE][PASSED] - Object '' is not checked

2020-10-20 17:19:21 - [MESSAGE][PASSED] - Object '' is present

2020-10-20 17:19:22 - [MESSAGE][PASSED] - Object: '' is focused

2020-10-20 17:19:22 - [MESSAGE][PASSED] - Object '' is not checked

2020-10-20 17:19:22 - [MESSAGE][PASSED] - Object '' is present

2020-10-20 17:19:22 - [MESSAGE][PASSED] - Object: '' is focused

2020-10-20 17:19:22 - [MESSAGE][PASSED] - Object '' is not checked

2020-10-20 17:19:22 - [MESSAGE][PASSED] - Object '' is present

2020-10-20 17:19:22 - [MESSAGE][PASSED] - Object: '' is focused

2020-10-20 17:19:25 - [MESSAGE][PASSED] - Delayed 3 second(s)

2020-10-20 17:19:25 - [MESSAGE][PASSED] - Object: '' is clicked on

2020-10-20 17:19:25 - [MESSAGE][PASSED] - Object '' is present

2020-10-20 17:19:25 - [MESSAGE][PASSED] - Object: '' is focused

2020-10-20 17:19:25 - [MESSAGE][PASSED] - Object '' is not checked

2020-10-20 17:19:25 - [MESSAGE][PASSED] - Object '' is present

2020-10-20 17:19:25 - [MESSAGE][PASSED] - Object: '' is focused

2020-10-20 17:19:25 - [MESSAGE][PASSED] - Object '' is not checked

2020-10-20 17:19:25 - [MESSAGE][PASSED] - Object '' is present

2020-10-20 17:19:25 - [MESSAGE][PASSED] - Object: '' is focused

2020-10-20 17:19:25 - [MESSAGE][PASSED] - Object '' is not checked

2020-10-20 17:19:25 - [MESSAGE][PASSED] - Varify the mistake detail already match with the matrix Base on Type Contract

2020-10-20 17:19:25 - [TEST_STEP][PASSED] - Click on Tab "KTP": Click on Tab "KTP"

2020-10-20 17:19:25 - [MESSAGE][PASSED] - Object '' is present

2020-10-20 17:19:25 - [MESSAGE][PASSED] - Object: '' is focused

2020-10-20 17:19:28 - [MESSAGE][PASSED] - Delayed 3 second(s)

2020-10-20 17:19:28 - [MESSAGE][PASSED] - Object: '' is clicked on

2020-10-20 17:19:28 - [MESSAGE][PASSED] - Click on Tab "KTP"

2020-10-20 17:19:28 - [TEST_STEP][PASSED] - Checkbox General Mistake "20. KTP atau Resi - Alamat tetap pemohon pada sistem (HoS) berbeda dengan KTP": Checkbox General Mistake "20. KTP atau Resi - Alamat tetap pemohon pada sistem (HoS) berbeda dengan KTP"

2020-10-20 17:19:28 - [MESSAGE][PASSED] - Object: '' is clicked on

2020-10-20 17:19:28 - [MESSAGE][PASSED] - Wait for page load successfully

2020-10-20 17:19:28 - [MESSAGE][PASSED] - Checkbox General Mistake "20. KTP atau Resi - Alamat tetap pemohon pada sistem (HoS) berbeda dengan KTP"

2020-10-20 17:19:28 - [TEST_STEP][PASSED] - Choose Dropdown mistake type "Beda RT" from mistake name "20. KTP atau Resi - Alamat tetap pemohon pada sistem (HoS) berbeda dengan KTP": Choose Dropdown mistake type "Beda RT" from mistake name "20. KTP atau Resi - Alamat tetap pemohon pada sistem (HoS) berbeda dengan KTP"

2020-10-20 17:19:29 - [MESSAGE][PASSED] - All options with index in [1] are selected on object ''

2020-10-20 17:19:29 - [MESSAGE][PASSED] - Wait for page load successfully

2020-10-20 17:19:29 - [MESSAGE][PASSED] - Choose Dropdown mistake type "Beda RT" from mistake name "20. KTP atau Resi - Alamat tetap pemohon pada sistem (HoS) berbeda dengan KTP"

2020-10-20 17:19:29 - [TEST_STEP][PASSED] - Type on textarea note before based on mistake name "20. KTP atau Resi - Alamat tetap pemohon pada sistem (HoS) berbeda dengan KTP" with value "TESTING": Type on textarea note before based on mistake name "20. KTP atau Resi - Alamat tetap pemohon pada sistem (HoS) berbeda dengan KTP" with value "TESTING"

2020-10-20 17:19:29 - [MESSAGE][PASSED] - Text 'TESTING' is set on object ''

2020-10-20 17:19:29 - [MESSAGE][PASSED] - Wait for page load successfully

2020-10-20 17:19:29 - [MESSAGE][PASSED] - Type on textarea note before based on mistake name "20. KTP atau Resi - Alamat tetap pemohon pada sistem (HoS) berbeda dengan KTP" with value "TESTING"

2020-10-20 17:19:29 - [TEST_STEP][PASSED] - Click button "Save": Click button "Save"

2020-10-20 17:19:29 - [MESSAGE][INFO] - >>>>>//Button[contains(text(),'Save')]

2020-10-20 17:19:32 - [MESSAGE][PASSED] - Object: '' is clicked on

2020-10-20 17:19:32 - [MESSAGE][PASSED] - Click button "Save"

2020-10-20 17:19:32 - [TEST_STEP][PASSED] - Get text from pop up "IT Supporting Tools" with text "Note-after cannot be empty": Get text from pop up "IT Supporting Tools" with text "Note-after cannot be empty"

2020-10-20 17:19:32 - [MESSAGE][PASSED] - Taking screenshot successfully
[[ATTACHMENT|/Users/chaidir.pratama01/Documents/Docs/Katalon Studio/Screenshot/errorpopup.png]]

2020-10-20 17:19:32 - [MESSAGE][PASSED] - Object '' is present

2020-10-20 17:19:32 - [MESSAGE][PASSED] - Wait for page load successfully

2020-10-20 17:19:32 - [MESSAGE][PASSED] - Wait for page load successfully

2020-10-20 17:19:32 - [MESSAGE][PASSED] - Get text from pop up "IT Supporting Tools" with text "Note-after cannot be empty"

2020-10-20 17:19:32 - [TEST_STEP][PASSED] - Click button "OK": Click button "OK"

2020-10-20 17:19:32 - [MESSAGE][INFO] - >>>>>//Button[contains(text(),'OK')]

2020-10-20 17:19:35 - [MESSAGE][PASSED] - Object: '' is clicked on

2020-10-20 17:19:35 - [MESSAGE][PASSED] - Click button "OK"

2020-10-20 17:19:35 - [TEST_STEP][PASSED] - Click button "Logout": Click button "Logout"

2020-10-20 17:19:35 - [MESSAGE][INFO] - >>>>>//Button[contains(text(),'Logout')]

2020-10-20 17:19:38 - [MESSAGE][PASSED] - Object: '' is clicked on

2020-10-20 17:19:38 - [MESSAGE][PASSED] - Click button "Logout"

2020-10-20 17:19:38 - [TEST_STEP][PASSED] - Comment "Register Mistake failed because Note-after empty": Comment "Register Mistake failed because Note-after empty"

2020-10-20 17:19:38 - [MESSAGE][INFO] - Register Mistake failed because Note-after empty

2020-10-20 17:19:38 - [MESSAGE][PASSED] - Comment "Register Mistake failed because Note-after empty"

2020-10-20 17:19:38 - [TEST_STEP][PASSED] - Close browser: Close browser

2020-10-20 17:19:39 - [MESSAGE][PASSED] - Browser is closed

2020-10-20 17:19:39 - [MESSAGE][PASSED] - Close browser

2020-10-20 17:19:39 - [MESSAGE][PASSED] - Feature file: 'Include/features/IST_Real/CONTRACT_DISPATCHER_DONA_B2B/BUKALAPAK/Pick_Mistake_Without_Write_Textarea_Note_After.feature' was passed]]></system-out>
         <system-err><![CDATA[]]></system-err>
      </testcase>
      <testcase name="Test Cases/IST_Real/CONTRACT_DISPATCHER_DONA_B2B/BUKALAPAK/TC BUKALAPAK - Update Tbl CDS CDC TRKRegMistake" time="1.035" classname="Test Cases/IST_Real/CONTRACT_DISPATCHER_DONA_B2B/BUKALAPAK/TC BUKALAPAK - Update Tbl CDS CDC TRKRegMistake" status="PASSED">
         <system-out><![CDATA[2020-10-20 17:19:39 - [TEST_CASE][PASSED] - Test Cases/IST_Real/CONTRACT_DISPATCHER_DONA_B2B/BUKALAPAK/TC BUKALAPAK - Update Tbl CDS CDC TRKRegMistake: Test Cases/IST_Real/CONTRACT_DISPATCHER_DONA_B2B/BUKALAPAK/TC BUKALAPAK - Update Tbl CDS CDC TRKRegMistake

2020-10-20 17:19:39 - [TEST_STEP][PASSED] - runFeatureFile("Include/features/IST_Real/CONTRACT_DISPATCHER_DONA_B2B/BUKALAPAK/Update_Tbl_CDS_CDC_TRK_RegMistake.feature"): Feature file: 'Include/features/IST_Real/CONTRACT_DISPATCHER_DONA_B2B/BUKALAPAK/Update_Tbl_CDS_CDC_TRK_RegMistake.feature' was passed

2020-10-20 17:19:39 - [MESSAGE][INFO] - Starting run keyword runFeatureFile: 'Include/features/IST_Real/CONTRACT_DISPATCHER_DONA_B2B/BUKALAPAK/Update_Tbl_CDS_CDC_TRK_RegMistake.feature' and extract report to folder: '/Users/chaidir.pratama01/Katalon Studio/IST_Automation_Git/Reports/20201020_171520/CONTRACT_DISPATCHER_DONA_B2B/TS_BUKALAPAK_B2B/20201020_171520/cucumber_report/1603189179040'...

2020-10-20 17:19:39 - [TEST_CASE][PASSED] - Start Test Case : SCENARIO Update Table CONTRACT_DISPATCHER_SOURCE and CONTRACT_DISPTACHER_CLAIM: SCENARIO Update Table CONTRACT_DISPATCHER_SOURCE and CONTRACT_DISPTACHER_CLAIM

2020-10-20 17:19:39 - [TEST_STEP][PASSED] - Connect to Database: Connect to Database

2020-10-20 17:19:39 - [MESSAGE][PASSED] - Connect to Database

2020-10-20 17:19:39 - [TEST_STEP][PASSED] - Update Tbl CONTRACT DISPATCHER SOURCE To Change PROCESSED From Y to N For Bukalapak B2B: Update Tbl CONTRACT DISPATCHER SOURCE To Change PROCESSED From Y to N For Bukalapak B2B

2020-10-20 17:19:39 - [MESSAGE][PASSED] - Update Tbl CONTRACT DISPATCHER SOURCE To Change PROCESSED From Y to N For Bukalapak B2B

2020-10-20 17:19:39 - [TEST_STEP][PASSED] - Update Tbl CONTRACT DISPATCHER CLAIM To Delete PROCESS From Column STATUS: Update Tbl CONTRACT DISPATCHER CLAIM To Delete PROCESS From Column STATUS

2020-10-20 17:19:39 - [MESSAGE][PASSED] - Update Tbl CONTRACT DISPATCHER CLAIM To Delete PROCESS From Column STATUS

2020-10-20 17:19:39 - [TEST_STEP][PASSED] - Delete Contract From TRK_REGISTRATION_MISTAKE: Delete Contract From TRK_REGISTRATION_MISTAKE

2020-10-20 17:19:40 - [MESSAGE][PASSED] - Delete Contract From TRK_REGISTRATION_MISTAKE

2020-10-20 17:19:40 - [MESSAGE][PASSED] - Feature file: 'Include/features/IST_Real/CONTRACT_DISPATCHER_DONA_B2B/BUKALAPAK/Update_Tbl_CDS_CDC_TRK_RegMistake.feature' was passed]]></system-out>
         <system-err><![CDATA[]]></system-err>
      </testcase>
      <testcase name="Test Cases/IST_Real/CONTRACT_DISPATCHER_DONA_B2B/BUKALAPAK/TC BUKALAPAK - Column PROCESSED Turn N When Status RELEASE BUKALAPAK B2B" time="607.598" classname="Test Cases/IST_Real/CONTRACT_DISPATCHER_DONA_B2B/BUKALAPAK/TC BUKALAPAK - Column PROCESSED Turn N When Status RELEASE BUKALAPAK B2B" status="PASSED">
         <system-out><![CDATA[2020-10-20 17:19:40 - [TEST_CASE][PASSED] - Test Cases/IST_Real/CONTRACT_DISPATCHER_DONA_B2B/BUKALAPAK/TC BUKALAPAK - Column PROCESSED Turn N When Status RELEASE BUKALAPAK B2B: Test Cases/IST_Real/CONTRACT_DISPATCHER_DONA_B2B/BUKALAPAK/TC BUKALAPAK - Column PROCESSED Turn N When Status RELEASE BUKALAPAK B2B

2020-10-20 17:19:40 - [TEST_STEP][PASSED] - runFeatureFile("Include/features/IST_Real/CONTRACT_DISPATCHER_DONA_B2B/BUKALAPAK/Column_PROCESSED_Turn_N_When_Status_RELEASE_BUKALAPAK_B2B.feature"): Feature file: 'Include/features/IST_Real/CONTRACT_DISPATCHER_DONA_B2B/BUKALAPAK/Column_PROCESSED_Turn_N_When_Status_RELEASE_BUKALAPAK_B2B.feature' was passed

2020-10-20 17:19:40 - [MESSAGE][INFO] - Starting run keyword runFeatureFile: 'Include/features/IST_Real/CONTRACT_DISPATCHER_DONA_B2B/BUKALAPAK/Column_PROCESSED_Turn_N_When_Status_RELEASE_BUKALAPAK_B2B.feature' and extract report to folder: '/Users/chaidir.pratama01/Katalon Studio/IST_Automation_Git/Reports/20201020_171520/CONTRACT_DISPATCHER_DONA_B2B/TS_BUKALAPAK_B2B/20201020_171520/cucumber_report/1603189180159'...

2020-10-20 17:19:40 - [TEST_CASE][PASSED] - Start Test Case : SCENARIO Claim Contract DONA Bukalapak B2B in Contract Dispatcher Menu then idle for 10 minutes, STATUS in Table CONTRACT_DISPATCHER_CLAIM turn RELEASE and PROCESSED in CONTRACT_DISPATCHER_SOURCE turns N: SCENARIO Claim Contract DONA Bukalapak B2B in Contract Dispatcher Menu then idle for 10 minutes, STATUS in Table CONTRACT_DISPATCHER_CLAIM turn RELEASE and PROCESSED in CONTRACT_DISPATCHER_SOURCE turns N

2020-10-20 17:19:40 - [TEST_STEP][PASSED] - Go to IST: Go to IST

2020-10-20 17:19:40 - [MESSAGE][INFO] - Starting 'Chrome (headless)' driver

2020-10-20 17:19:40 - [MESSAGE][INFO] - User set preference: ['args', '[--start-maximized, --disable-gpu, --no-proxy-server, â€“no-sandbox, --allow-running-insecure-content, --ignore-certificate-errors]']

2020-10-20 17:19:40 - [MESSAGE][INFO] - Action delay is set to 0 milliseconds

2020-10-20 17:19:40 - [MESSAGE][PASSED] - Browser is opened with url: ''

2020-10-20 17:19:41 - [MESSAGE][PASSED] - Navigate to 'https://dev-ist.homecredit.id/ist_tracker/' successfully

2020-10-20 17:19:42 - [MESSAGE][PASSED] - Taking screenshot successfully
[[ATTACHMENT|/Users/chaidir.pratama01/Documents/Docs/Katalon Studio/Screenshot/IST_Page.png]]

2020-10-20 17:19:42 - [MESSAGE][PASSED] - Go to IST

2020-10-20 17:19:42 - [TEST_STEP][PASSED] - Login IST with valid credentials: Login IST with valid credentials

2020-10-20 17:19:42 - [MESSAGE][PASSED] - Text 'mobile.test' is set on object 'Object Repository/Page_/input_Username_j_username'

2020-10-20 17:19:42 - [MESSAGE][PASSED] - Text ****** has been set on object 'Object Repository/Page_/input_Password_j_password'

2020-10-20 17:19:42 - [MESSAGE][PASSED] - Object: 'Object Repository/Page_/button_Login' is clicked on

2020-10-20 17:19:42 - [MESSAGE][PASSED] - Login IST with valid credentials

2020-10-20 17:19:42 - [TEST_STEP][PASSED] - Login Success for contract dispatcher: Login Success for contract dispatcher

2020-10-20 17:19:42 - [MESSAGE][INFO] - Login Success

2020-10-20 17:19:43 - [MESSAGE][PASSED] - Current window maximized

2020-10-20 17:19:43 - [MESSAGE][PASSED] - Object 'Object Repository/Page_/h1_Welcome to IT Supporting Tools' is present

2020-10-20 17:19:43 - [MESSAGE][PASSED] - Login Success for contract dispatcher

2020-10-20 17:19:43 - [TEST_STEP][PASSED] - Select Menu "Contract Dispatcher": Select Menu "Contract Dispatcher"

2020-10-20 17:19:43 - [MESSAGE][PASSED] - Taking screenshot successfully
[[ATTACHMENT|/Users/chaidir.pratama01/Documents/Docs/Katalon Studio/Screenshot/test-Contract Dispatcher.png]]

2020-10-20 17:19:43 - [MESSAGE][PASSED] - Object '' is present

2020-10-20 17:19:43 - [MESSAGE][PASSED] - Object: '' is clicked on

2020-10-20 17:19:43 - [MESSAGE][PASSED] - Wait for page load successfully

2020-10-20 17:19:43 - [MESSAGE][PASSED] - Select Menu "Contract Dispatcher"

2020-10-20 17:19:43 - [TEST_STEP][PASSED] - Select Contract Number based on Type Contract "DONA_BUKALAPAK_B2B": Select Contract Number based on Type Contract "DONA_BUKALAPAK_B2B"

2020-10-20 17:19:43 - [MESSAGE][PASSED] - Object '' is present

2020-10-20 17:19:43 - [MESSAGE][PASSED] - Object '' is present

2020-10-20 17:19:43 - [MESSAGE][PASSED] - Object: '' is clicked on

2020-10-20 17:19:43 - [MESSAGE][PASSED] - Select Contract Number based on Type Contract "DONA_BUKALAPAK_B2B"

2020-10-20 17:19:43 - [TEST_STEP][PASSED] - Click button "Claim": Click button "Claim"

2020-10-20 17:19:43 - [MESSAGE][INFO] - >>>>>//Button[contains(text(),'Claim')]

2020-10-20 17:19:46 - [MESSAGE][PASSED] - Object: '' is clicked on

2020-10-20 17:19:46 - [MESSAGE][PASSED] - Click button "Claim"

2020-10-20 17:19:46 - [TEST_STEP][PASSED] - Sleep ten minutes: Sleep ten minutes

2020-10-20 17:29:46 - [MESSAGE][PASSED] - Sleep ten minutes

2020-10-20 17:29:46 - [TEST_STEP][PASSED] - Connect to Database: Connect to Database

2020-10-20 17:29:47 - [MESSAGE][PASSED] - Connect to Database

2020-10-20 17:29:47 - [TEST_STEP][PASSED] - Exec Query idle for Ten Minutes "SELECT * FROM CONTRACT_DISPATCHER_SOURCE WHERE TEXT_CONTRACT_NUMBER='337'": Exec Query idle for Ten Minutes "SELECT * FROM CONTRACT_DISPATCHER_SOURCE WHERE TEXT_CONTRACT_NUMBER='337'"

2020-10-20 17:29:47 - [MESSAGE][PASSED] - Exec Query idle for Ten Minutes "SELECT * FROM CONTRACT_DISPATCHER_SOURCE WHERE TEXT_CONTRACT_NUMBER='337'"

2020-10-20 17:29:47 - [TEST_STEP][PASSED] - Select Menu "Contract Dispatcher": Select Menu "Contract Dispatcher"

2020-10-20 17:29:47 - [MESSAGE][PASSED] - Taking screenshot successfully
[[ATTACHMENT|/Users/chaidir.pratama01/Documents/Docs/Katalon Studio/Screenshot/test-Contract Dispatcher.png]]

2020-10-20 17:29:47 - [MESSAGE][PASSED] - Object '' is present

2020-10-20 17:29:47 - [MESSAGE][PASSED] - Object: '' is clicked on

2020-10-20 17:29:47 - [MESSAGE][PASSED] - Wait for page load successfully

2020-10-20 17:29:47 - [MESSAGE][PASSED] - Select Menu "Contract Dispatcher"

2020-10-20 17:29:47 - [MESSAGE][PASSED] - Feature file: 'Include/features/IST_Real/CONTRACT_DISPATCHER_DONA_B2B/BUKALAPAK/Column_PROCESSED_Turn_N_When_Status_RELEASE_BUKALAPAK_B2B.feature' was passed]]></system-out>
         <system-err><![CDATA[]]></system-err>
      </testcase>
      <testcase name="Test Cases/IST_Real/CONTRACT_DISPATCHER_ADMIN/MANAGEMENT_ASSIGNMENT/Reset_All_Users" time="15.706" classname="Test Cases/IST_Real/CONTRACT_DISPATCHER_ADMIN/MANAGEMENT_ASSIGNMENT/Reset_All_Users" status="PASSED">
         <system-out><![CDATA[2020-10-20 17:29:47 - [TEST_CASE][PASSED] - Test Cases/IST_Real/CONTRACT_DISPATCHER_ADMIN/MANAGEMENT_ASSIGNMENT/Reset_All_Users: Test Cases/IST_Real/CONTRACT_DISPATCHER_ADMIN/MANAGEMENT_ASSIGNMENT/Reset_All_Users

2020-10-20 17:29:47 - [TEST_STEP][PASSED] - runFeatureFile("Include/features/IST_Real/CONTRACT_DISPATCHER_ADMIN/MANAGEMENT_ASSIGNMENT/Reset_All_Users.feature"): Feature file: 'Include/features/IST_Real/CONTRACT_DISPATCHER_ADMIN/MANAGEMENT_ASSIGNMENT/Reset_All_Users.feature' was passed

2020-10-20 17:29:47 - [MESSAGE][INFO] - Starting run keyword runFeatureFile: 'Include/features/IST_Real/CONTRACT_DISPATCHER_ADMIN/MANAGEMENT_ASSIGNMENT/Reset_All_Users.feature' and extract report to folder: '/Users/chaidir.pratama01/Katalon Studio/IST_Automation_Git/Reports/20201020_171520/CONTRACT_DISPATCHER_DONA_B2B/TS_BUKALAPAK_B2B/20201020_171520/cucumber_report/1603189787764'...

2020-10-20 17:29:47 - [TEST_CASE][PASSED] - Start Test Case : SCENARIO Reset All Users: SCENARIO Reset All Users

2020-10-20 17:29:47 - [TEST_STEP][PASSED] - Go to IST: Go to IST

2020-10-20 17:29:47 - [MESSAGE][WARNING] - A browser is already opened. Closing browser and opening a new one

2020-10-20 17:29:48 - [MESSAGE][INFO] - Starting 'Chrome (headless)' driver

2020-10-20 17:29:48 - [MESSAGE][INFO] - User set preference: ['args', '[--start-maximized, --disable-gpu, --no-proxy-server, â€“no-sandbox, --allow-running-insecure-content, --ignore-certificate-errors]']

2020-10-20 17:29:48 - [MESSAGE][INFO] - Action delay is set to 0 milliseconds

2020-10-20 17:29:48 - [MESSAGE][PASSED] - Browser is opened with url: ''

2020-10-20 17:29:49 - [MESSAGE][PASSED] - Navigate to 'https://dev-ist.homecredit.id/ist_tracker/' successfully

2020-10-20 17:29:49 - [MESSAGE][PASSED] - Taking screenshot successfully
[[ATTACHMENT|/Users/chaidir.pratama01/Documents/Docs/Katalon Studio/Screenshot/IST_Page.png]]

2020-10-20 17:29:49 - [MESSAGE][PASSED] - Go to IST

2020-10-20 17:29:49 - [TEST_STEP][PASSED] - Login IST with valid credentials: Login IST with valid credentials

2020-10-20 17:29:49 - [MESSAGE][PASSED] - Text 'mobile.test' is set on object 'Object Repository/Page_/input_Username_j_username'

2020-10-20 17:29:50 - [MESSAGE][PASSED] - Text ****** has been set on object 'Object Repository/Page_/input_Password_j_password'

2020-10-20 17:29:50 - [MESSAGE][PASSED] - Object: 'Object Repository/Page_/button_Login' is clicked on

2020-10-20 17:29:50 - [MESSAGE][PASSED] - Login IST with valid credentials

2020-10-20 17:29:50 - [TEST_STEP][PASSED] - Login Success for contract dispatcher: Login Success for contract dispatcher

2020-10-20 17:29:50 - [MESSAGE][INFO] - Login Success

2020-10-20 17:29:50 - [MESSAGE][PASSED] - Current window maximized

2020-10-20 17:29:50 - [MESSAGE][PASSED] - Object 'Object Repository/Page_/h1_Welcome to IT Supporting Tools' is present

2020-10-20 17:29:50 - [MESSAGE][PASSED] - Login Success for contract dispatcher

2020-10-20 17:29:50 - [TEST_STEP][PASSED] - Select Arrow Menu "Contract Dispatcher Admin": Select Arrow Menu "Contract Dispatcher Admin"

2020-10-20 17:29:50 - [MESSAGE][PASSED] - Object: '' is clicked on

2020-10-20 17:29:50 - [MESSAGE][PASSED] - Select Arrow Menu "Contract Dispatcher Admin"

2020-10-20 17:29:50 - [TEST_STEP][PASSED] - Select Menu "Management Assignment": Select Menu "Management Assignment"

2020-10-20 17:29:50 - [MESSAGE][PASSED] - Taking screenshot successfully
[[ATTACHMENT|/Users/chaidir.pratama01/Documents/Docs/Katalon Studio/Screenshot/test-Management Assignment.png]]

2020-10-20 17:29:50 - [MESSAGE][PASSED] - Object '' is present

2020-10-20 17:29:51 - [MESSAGE][PASSED] - Object: '' is clicked on

2020-10-20 17:29:51 - [MESSAGE][PASSED] - Wait for page load successfully

2020-10-20 17:29:51 - [MESSAGE][PASSED] - Select Menu "Management Assignment"

2020-10-20 17:29:51 - [TEST_STEP][PASSED] - Click button "Reset All User": Click button "Reset All User"

2020-10-20 17:29:51 - [MESSAGE][INFO] - >>>>>//Button[contains(text(),'Reset All User')]

2020-10-20 17:29:54 - [MESSAGE][PASSED] - Object: '' is clicked on

2020-10-20 17:29:54 - [MESSAGE][PASSED] - Click button "Reset All User"

2020-10-20 17:29:54 - [TEST_STEP][PASSED] - Get text from pop up "Confirmation Reset All" with text "Are you sure ?": Get text from pop up "Confirmation Reset All" with text "Are you sure ?"

2020-10-20 17:29:54 - [MESSAGE][PASSED] - Taking screenshot successfully
[[ATTACHMENT|/Users/chaidir.pratama01/Documents/Docs/Katalon Studio/Screenshot/errorpopup.png]]

2020-10-20 17:29:54 - [MESSAGE][PASSED] - Object '' is present

2020-10-20 17:29:54 - [MESSAGE][PASSED] - Wait for page load successfully

2020-10-20 17:29:54 - [MESSAGE][PASSED] - Wait for page load successfully

2020-10-20 17:29:54 - [MESSAGE][PASSED] - Get text from pop up "Confirmation Reset All" with text "Are you sure ?"

2020-10-20 17:29:54 - [TEST_STEP][PASSED] - Click button "OK": Click button "OK"

2020-10-20 17:29:54 - [MESSAGE][INFO] - >>>>>//Button[contains(text(),'OK')]

2020-10-20 17:29:57 - [MESSAGE][PASSED] - Object: '' is clicked on

2020-10-20 17:29:57 - [MESSAGE][PASSED] - Click button "OK"

2020-10-20 17:29:57 - [TEST_STEP][PASSED] - Wait page for load: Wait page for load

2020-10-20 17:29:57 - [MESSAGE][PASSED] - Wait for page load successfully

2020-10-20 17:29:57 - [MESSAGE][PASSED] - Wait page for load

2020-10-20 17:29:57 - [TEST_STEP][PASSED] - Notification "Reset All Success": Notification "Reset All Success"

2020-10-20 17:29:58 - [MESSAGE][PASSED] - Object '' is present

2020-10-20 17:29:58 - [MESSAGE][PASSED] - Notification "Reset All Success"

2020-10-20 17:29:58 - [TEST_STEP][PASSED] - Select Username "mobile.test" of Management Assignment: Select Username "mobile.test" of Management Assignment

2020-10-20 17:29:58 - [MESSAGE][PASSED] - All options with value 'mobile.test' are selected in object 'Object Repository/Page_/dropdown_list_username_assignment'  using regular expression

2020-10-20 17:29:58 - [MESSAGE][PASSED] - Select Username "mobile.test" of Management Assignment

2020-10-20 17:29:58 - [TEST_STEP][PASSED] - Check unchecked contract type POS: Check unchecked contract type POS

2020-10-20 17:29:59 - [MESSAGE][PASSED] - Object '' is present

2020-10-20 17:29:59 - [MESSAGE][PASSED] - Object '' is not checked

2020-10-20 17:29:59 - [MESSAGE][PASSED] - Object '' is present

2020-10-20 17:29:59 - [MESSAGE][PASSED] - Object '' is not checked

2020-10-20 17:29:59 - [MESSAGE][PASSED] - Object '' is present

2020-10-20 17:29:59 - [MESSAGE][PASSED] - Object '' is not checked

2020-10-20 17:29:59 - [MESSAGE][PASSED] - Object '' is present

2020-10-20 17:29:59 - [MESSAGE][PASSED] - Object '' is not checked

2020-10-20 17:29:59 - [MESSAGE][PASSED] - Object '' is present

2020-10-20 17:29:59 - [MESSAGE][PASSED] - Object '' is not checked

2020-10-20 17:29:59 - [MESSAGE][PASSED] - Object '' is present

2020-10-20 17:29:59 - [MESSAGE][PASSED] - Object '' is not checked

2020-10-20 17:29:59 - [MESSAGE][PASSED] - Object '' is present

2020-10-20 17:29:59 - [MESSAGE][PASSED] - Object '' is not checked

2020-10-20 17:29:59 - [MESSAGE][PASSED] - Object '' is present

2020-10-20 17:29:59 - [MESSAGE][PASSED] - Object '' is not checked

2020-10-20 17:29:59 - [MESSAGE][PASSED] - Object '' is present

2020-10-20 17:29:59 - [MESSAGE][PASSED] - Object '' is not checked

2020-10-20 17:29:59 - [MESSAGE][PASSED] - Object '' is present

2020-10-20 17:29:59 - [MESSAGE][PASSED] - Object '' is not checked

2020-10-20 17:29:59 - [MESSAGE][PASSED] - Object '' is present

2020-10-20 17:29:59 - [MESSAGE][PASSED] - Object '' is not checked

2020-10-20 17:29:59 - [MESSAGE][PASSED] - Object '' is present

2020-10-20 17:29:59 - [MESSAGE][PASSED] - Object '' is not checked

2020-10-20 17:29:59 - [MESSAGE][PASSED] - Object '' is present

2020-10-20 17:29:59 - [MESSAGE][PASSED] - Object '' is not checked

2020-10-20 17:29:59 - [MESSAGE][PASSED] - Object '' is present

2020-10-20 17:29:59 - [MESSAGE][PASSED] - Object '' is not checked

2020-10-20 17:29:59 - [MESSAGE][PASSED] - Object '' is present

2020-10-20 17:29:59 - [MESSAGE][PASSED] - Object '' is not checked

2020-10-20 17:29:59 - [MESSAGE][PASSED] - Object '' is present

2020-10-20 17:29:59 - [MESSAGE][PASSED] - Object '' is not checked

2020-10-20 17:29:59 - [MESSAGE][PASSED] - Object '' is present

2020-10-20 17:29:59 - [MESSAGE][PASSED] - Object '' is not checked

2020-10-20 17:29:59 - [MESSAGE][PASSED] - Object '' is present

2020-10-20 17:29:59 - [MESSAGE][PASSED] - Object '' is not checked

2020-10-20 17:29:59 - [MESSAGE][PASSED] - Object '' is present

2020-10-20 17:29:59 - [MESSAGE][PASSED] - Object '' is not checked

2020-10-20 17:29:59 - [MESSAGE][PASSED] - Object '' is present

2020-10-20 17:29:59 - [MESSAGE][PASSED] - Object '' is not checked

2020-10-20 17:29:59 - [MESSAGE][PASSED] - Object '' is present

2020-10-20 17:29:59 - [MESSAGE][PASSED] - Object '' is not checked

2020-10-20 17:29:59 - [MESSAGE][PASSED] - Object '' is present

2020-10-20 17:29:59 - [MESSAGE][PASSED] - Object '' is not checked

2020-10-20 17:29:59 - [MESSAGE][PASSED] - Object '' is present

2020-10-20 17:29:59 - [MESSAGE][PASSED] - Object '' is not checked

2020-10-20 17:29:59 - [MESSAGE][PASSED] - Object '' is present

2020-10-20 17:30:00 - [MESSAGE][PASSED] - Object '' is not checked

2020-10-20 17:30:00 - [MESSAGE][PASSED] - Check unchecked contract type POS

2020-10-20 17:30:00 - [TEST_STEP][PASSED] - Click button "Logout": Click button "Logout"

2020-10-20 17:30:00 - [MESSAGE][INFO] - >>>>>//Button[contains(text(),'Logout')]

2020-10-20 17:30:03 - [MESSAGE][PASSED] - Object: '' is clicked on

2020-10-20 17:30:03 - [MESSAGE][PASSED] - Click button "Logout"

2020-10-20 17:30:03 - [TEST_STEP][PASSED] - Close browser: Close browser

2020-10-20 17:30:03 - [MESSAGE][PASSED] - Browser is closed

2020-10-20 17:30:03 - [MESSAGE][PASSED] - Close browser

2020-10-20 17:30:03 - [MESSAGE][PASSED] - Feature file: 'Include/features/IST_Real/CONTRACT_DISPATCHER_ADMIN/MANAGEMENT_ASSIGNMENT/Reset_All_Users.feature' was passed]]></system-out>
         <system-err><![CDATA[]]></system-err>
      </testcase>
      <testcase name="Test Cases/IST_Real/CONTRACT_DISPATCHER_DONA_B2B/BUKALAPAK/TC BUKALAPAK - Does not Exist in Contract Dispatcher Menu" time="34.708" classname="Test Cases/IST_Real/CONTRACT_DISPATCHER_DONA_B2B/BUKALAPAK/TC BUKALAPAK - Does not Exist in Contract Dispatcher Menu" status="PASSED">
         <system-out><![CDATA[2020-10-20 17:30:03 - [TEST_CASE][PASSED] - Test Cases/IST_Real/CONTRACT_DISPATCHER_DONA_B2B/BUKALAPAK/TC BUKALAPAK - Does not Exist in Contract Dispatcher Menu: Test Cases/IST_Real/CONTRACT_DISPATCHER_DONA_B2B/BUKALAPAK/TC BUKALAPAK - Does not Exist in Contract Dispatcher Menu

2020-10-20 17:30:03 - [TEST_STEP][PASSED] - runFeatureFile("Include/features/IST_Real/CONTRACT_DISPATCHER_DONA_B2B/BUKALAPAK/BUKALAPAK_B2B_Does_Not_Exist_in_Contract_Dispatcher_Menu.feature"): Feature file: 'Include/features/IST_Real/CONTRACT_DISPATCHER_DONA_B2B/BUKALAPAK/BUKALAPAK_B2B_Does_Not_Exist_in_Contract_Dispatcher_Menu.feature' was passed

2020-10-20 17:30:03 - [MESSAGE][INFO] - Starting run keyword runFeatureFile: 'Include/features/IST_Real/CONTRACT_DISPATCHER_DONA_B2B/BUKALAPAK/BUKALAPAK_B2B_Does_Not_Exist_in_Contract_Dispatcher_Menu.feature' and extract report to folder: '/Users/chaidir.pratama01/Katalon Studio/IST_Automation_Git/Reports/20201020_171520/CONTRACT_DISPATCHER_DONA_B2B/TS_BUKALAPAK_B2B/20201020_171520/cucumber_report/1603189803471'...

2020-10-20 17:30:03 - [TEST_CASE][PASSED] - Start Test Case : SCENARIO Go to Menu Contract Dispatcher to select type contract Two Wheelers but it doesn't exist: SCENARIO Go to Menu Contract Dispatcher to select type contract Two Wheelers but it doesn't exist

2020-10-20 17:30:03 - [TEST_STEP][PASSED] - Go to IST: Go to IST

2020-10-20 17:30:03 - [MESSAGE][INFO] - Starting 'Chrome (headless)' driver

2020-10-20 17:30:03 - [MESSAGE][INFO] - User set preference: ['args', '[--start-maximized, --disable-gpu, --no-proxy-server, â€“no-sandbox, --allow-running-insecure-content, --ignore-certificate-errors]']

2020-10-20 17:30:03 - [MESSAGE][INFO] - Action delay is set to 0 milliseconds

2020-10-20 17:30:03 - [MESSAGE][PASSED] - Browser is opened with url: ''

2020-10-20 17:30:05 - [MESSAGE][PASSED] - Navigate to 'https://dev-ist.homecredit.id/ist_tracker/' successfully

2020-10-20 17:30:05 - [MESSAGE][PASSED] - Taking screenshot successfully
[[ATTACHMENT|/Users/chaidir.pratama01/Documents/Docs/Katalon Studio/Screenshot/IST_Page.png]]

2020-10-20 17:30:05 - [MESSAGE][PASSED] - Go to IST

2020-10-20 17:30:05 - [TEST_STEP][PASSED] - Login IST with valid credentials: Login IST with valid credentials

2020-10-20 17:30:05 - [MESSAGE][PASSED] - Text 'mobile.test' is set on object 'Object Repository/Page_/input_Username_j_username'

2020-10-20 17:30:05 - [MESSAGE][PASSED] - Text ****** has been set on object 'Object Repository/Page_/input_Password_j_password'

2020-10-20 17:30:05 - [MESSAGE][PASSED] - Object: 'Object Repository/Page_/button_Login' is clicked on

2020-10-20 17:30:05 - [MESSAGE][PASSED] - Login IST with valid credentials

2020-10-20 17:30:05 - [TEST_STEP][PASSED] - Login Success for contract dispatcher: Login Success for contract dispatcher

2020-10-20 17:30:05 - [MESSAGE][INFO] - Login Success

2020-10-20 17:30:06 - [MESSAGE][PASSED] - Current window maximized

2020-10-20 17:30:06 - [MESSAGE][PASSED] - Object 'Object Repository/Page_/h1_Welcome to IT Supporting Tools' is present

2020-10-20 17:30:06 - [MESSAGE][PASSED] - Login Success for contract dispatcher

2020-10-20 17:30:06 - [TEST_STEP][PASSED] - Select Menu "Contract Dispatcher": Select Menu "Contract Dispatcher"

2020-10-20 17:30:06 - [MESSAGE][PASSED] - Taking screenshot successfully
[[ATTACHMENT|/Users/chaidir.pratama01/Documents/Docs/Katalon Studio/Screenshot/test-Contract Dispatcher.png]]

2020-10-20 17:30:06 - [MESSAGE][PASSED] - Object '' is present

2020-10-20 17:30:06 - [MESSAGE][PASSED] - Object: '' is clicked on

2020-10-20 17:30:06 - [MESSAGE][PASSED] - Wait for page load successfully

2020-10-20 17:30:06 - [MESSAGE][PASSED] - Select Menu "Contract Dispatcher"

2020-10-20 17:30:06 - [TEST_STEP][PASSED] - Select Contract Number based on Type Contract "DONA_BUKALAPAK_B2B": Select Contract Number based on Type Contract "DONA_BUKALAPAK_B2B"

2020-10-20 17:30:06 - [MESSAGE][PASSED] - Object '' is present

2020-10-20 17:30:37 - [MESSAGE][INFO] - Unable to find the element located by 'By.xpath: //span[contains(text(),'337')]/../../following-sibling::td[1]/div/span[contains(text(),'DONA_BUKALAPAK_B2B')]'. Please recheck the objects properties to make sure the desired element is located. 

2020-10-20 17:30:38 - [MESSAGE][WARNING] - com.kms.katalon.core.webui.exception.WebElementNotFoundException: Web element with id: '' located by '//span[contains(text(),'337')]/../../following-sibling::td[1]/div/span[contains(text(),'DONA_BUKALAPAK_B2B')]' not found (Root cause: com.kms.katalon.core.exception.StepFailedException: com.kms.katalon.core.webui.exception.WebElementNotFoundException: Web element with id: '' located by '//span[contains(text(),'337')]/../../following-sibling::td[1]/div/span[contains(text(),'DONA_BUKALAPAK_B2B')]' not found
	at com.kms.katalon.core.webui.keyword.internal.WebUIKeywordMain.stepFailed(WebUIKeywordMain.groovy:64)
	at com.kms.katalon.core.webui.keyword.builtin.VerifyElementPresentKeyword$_verifyElementPresent_closure1.doCall(VerifyElementPresentKeyword.groovy:85)
	at com.kms.katalon.core.webui.keyword.builtin.VerifyElementPresentKeyword$_verifyElementPresent_closure1.call(VerifyElementPresentKeyword.groovy)
	at com.kms.katalon.core.webui.keyword.internal.WebUIKeywordMain.runKeyword(WebUIKeywordMain.groovy:20)
	at com.kms.katalon.core.webui.keyword.builtin.VerifyElementPresentKeyword.verifyElementPresent(VerifyElementPresentKeyword.groovy:92)
	at com.kms.katalon.core.webui.keyword.builtin.VerifyElementPresentKeyword.execute(VerifyElementPresentKeyword.groovy:68)
	at com.kms.katalon.core.keyword.internal.KeywordExecutor.executeKeywordForPlatform(KeywordExecutor.groovy:73)
	at com.kms.katalon.core.webui.keyword.WebUiBuiltInKeywords.verifyElementPresent(WebUiBuiltInKeywords.groovy:1444)
	at com.kms.katalon.core.webui.keyword.WebUiBuiltInKeywords$verifyElementPresent$14.call(Unknown Source)
	at ist_real.Contract_Dispatcher.Contract_Number_based_Type_Contract(Contract_Dispatcher.groovy:364)
	at cucumber.runtime.Utils$1.call(Utils.java:26)
	at cucumber.runtime.Timeout.timeout(Timeout.java:16)
	at cucumber.runtime.Utils.invoke(Utils.java:20)
	at cucumber.runtime.java.JavaStepDefinition.execute(JavaStepDefinition.java:48)
	at cucumber.runtime.PickleStepDefinitionMatch.runStep(PickleStepDefinitionMatch.java:50)
	at cucumber.runner.TestStep.executeStep(TestStep.java:55)
	at cucumber.runner.TestStep.run(TestStep.java:42)
	at cucumber.runner.PickleStepTestStep.run(PickleStepTestStep.java:53)
	at cucumber.runner.TestCase.run(TestCase.java:47)
	at cucumber.runner.Runner.runPickle(Runner.java:44)
	at cucumber.runtime.Runtime.runFeature(Runtime.java:120)
	at cucumber.runtime.Runtime.run(Runtime.java:106)
	at cucumber.api.cli.Main.run(Main.java:35)
	at cucumber.api.cli.Main$run.call(Unknown Source)
	at com.kms.katalon.core.cucumber.keyword.CucumberBuiltinKeywords$_runFeatureFile_closure1.doCall(CucumberBuiltinKeywords.groovy:76)
	at com.kms.katalon.core.cucumber.keyword.CucumberBuiltinKeywords$_runFeatureFile_closure1.doCall(CucumberBuiltinKeywords.groovy)
	at com.kms.katalon.core.keyword.internal.KeywordMain.runKeyword(KeywordMain.groovy:68)
	at com.kms.katalon.core.keyword.internal.KeywordMain$runKeyword.call(Unknown Source)
	at com.kms.katalon.core.cucumber.keyword.CucumberBuiltinKeywords.runFeatureFile(CucumberBuiltinKeywords.groovy:46)
	at com.kms.katalon.core.cucumber.keyword.CucumberBuiltinKeywords$runFeatureFile$0.callStatic(Unknown Source)
	at com.kms.katalon.core.cucumber.keyword.CucumberBuiltinKeywords.runFeatureFile(CucumberBuiltinKeywords.groovy:169)
	at com.kms.katalon.core.cucumber.keyword.CucumberBuiltinKeywords$runFeatureFile.call(Unknown Source)
	at TC BUKALAPAK - Does not Exist in Contract Dispatcher Menu.run(TC BUKALAPAK - Does not Exist in Contract Dispatcher Menu:18)
	at com.kms.katalon.core.main.ScriptEngine.run(ScriptEngine.java:194)
	at com.kms.katalon.core.main.ScriptEngine.runScriptAsRawText(ScriptEngine.java:119)
	at com.kms.katalon.core.main.TestCaseExecutor.runScript(TestCaseExecutor.java:339)
	at com.kms.katalon.core.main.TestCaseExecutor.doExecute(TestCaseExecutor.java:330)
	at com.kms.katalon.core.main.TestCaseExecutor.processExecutionPhase(TestCaseExecutor.java:309)
	at com.kms.katalon.core.main.TestCaseExecutor.accessMainPhase(TestCaseExecutor.java:301)
	at com.kms.katalon.core.main.TestCaseExecutor.execute(TestCaseExecutor.java:235)
	at com.kms.katalon.core.main.TestSuiteExecutor.accessTestCaseMainPhase(TestSuiteExecutor.java:191)
	at com.kms.katalon.core.main.TestSuiteExecutor.accessTestSuiteMainPhase(TestSuiteExecutor.java:141)
	at com.kms.katalon.core.main.TestSuiteExecutor.execute(TestSuiteExecutor.java:90)
	at com.kms.katalon.core.main.TestCaseMain.startTestSuite(TestCaseMain.java:157)
	at com.kms.katalon.core.main.TestCaseMain$startTestSuite$0.call(Unknown Source)
	at TempTestSuite1603188920466.run(TempTestSuite1603188920466.groovy:39)
)
[[ATTACHMENT|/Users/chaidir.pratama01/Katalon Studio/IST_Automation_Git/Reports/20201020_171520/CONTRACT_DISPATCHER_DONA_B2B/TS_BUKALAPAK_B2B/20201020_171520/1603189837680.png]]

2020-10-20 17:30:38 - [MESSAGE][PASSED] - Select Contract Number based on Type Contract "DONA_BUKALAPAK_B2B"

2020-10-20 17:30:38 - [TEST_STEP][PASSED] - Comment "Type Contract DONA Bukalapak B2B Does Not Exist": Comment "Type Contract DONA Bukalapak B2B Does Not Exist"

2020-10-20 17:30:38 - [MESSAGE][INFO] - Type Contract DONA Bukalapak B2B Does Not Exist

2020-10-20 17:30:38 - [MESSAGE][PASSED] - Comment "Type Contract DONA Bukalapak B2B Does Not Exist"

2020-10-20 17:30:38 - [TEST_STEP][PASSED] - Close browser: Close browser

2020-10-20 17:30:38 - [MESSAGE][PASSED] - Browser is closed

2020-10-20 17:30:38 - [MESSAGE][PASSED] - Close browser

2020-10-20 17:30:38 - [MESSAGE][PASSED] - Feature file: 'Include/features/IST_Real/CONTRACT_DISPATCHER_DONA_B2B/BUKALAPAK/BUKALAPAK_B2B_Does_Not_Exist_in_Contract_Dispatcher_Menu.feature' was passed]]></system-out>
         <system-err><![CDATA[]]></system-err>
      </testcase>
      <testcase name="Test Cases/IST_Real/CONTRACT_DISPATCHER_DONA_B2B/BUKALAPAK/TC BUKALAPAK - Update Tbl CDS CDC TRKRegMistake" time="0.767" classname="Test Cases/IST_Real/CONTRACT_DISPATCHER_DONA_B2B/BUKALAPAK/TC BUKALAPAK - Update Tbl CDS CDC TRKRegMistake" status="PASSED">
         <system-out><![CDATA[2020-10-20 17:30:38 - [TEST_CASE][PASSED] - Test Cases/IST_Real/CONTRACT_DISPATCHER_DONA_B2B/BUKALAPAK/TC BUKALAPAK - Update Tbl CDS CDC TRKRegMistake: Test Cases/IST_Real/CONTRACT_DISPATCHER_DONA_B2B/BUKALAPAK/TC BUKALAPAK - Update Tbl CDS CDC TRKRegMistake

2020-10-20 17:30:38 - [TEST_STEP][PASSED] - runFeatureFile("Include/features/IST_Real/CONTRACT_DISPATCHER_DONA_B2B/BUKALAPAK/Update_Tbl_CDS_CDC_TRK_RegMistake.feature"): Feature file: 'Include/features/IST_Real/CONTRACT_DISPATCHER_DONA_B2B/BUKALAPAK/Update_Tbl_CDS_CDC_TRK_RegMistake.feature' was passed

2020-10-20 17:30:38 - [MESSAGE][INFO] - Starting run keyword runFeatureFile: 'Include/features/IST_Real/CONTRACT_DISPATCHER_DONA_B2B/BUKALAPAK/Update_Tbl_CDS_CDC_TRK_RegMistake.feature' and extract report to folder: '/Users/chaidir.pratama01/Katalon Studio/IST_Automation_Git/Reports/20201020_171520/CONTRACT_DISPATCHER_DONA_B2B/TS_BUKALAPAK_B2B/20201020_171520/cucumber_report/1603189838095'...

2020-10-20 17:30:38 - [TEST_CASE][PASSED] - Start Test Case : SCENARIO Update Table CONTRACT_DISPATCHER_SOURCE and CONTRACT_DISPTACHER_CLAIM: SCENARIO Update Table CONTRACT_DISPATCHER_SOURCE and CONTRACT_DISPTACHER_CLAIM

2020-10-20 17:30:38 - [TEST_STEP][PASSED] - Connect to Database: Connect to Database

2020-10-20 17:30:38 - [MESSAGE][PASSED] - Connect to Database

2020-10-20 17:30:38 - [TEST_STEP][PASSED] - Update Tbl CONTRACT DISPATCHER SOURCE To Change PROCESSED From Y to N For Bukalapak B2B: Update Tbl CONTRACT DISPATCHER SOURCE To Change PROCESSED From Y to N For Bukalapak B2B

2020-10-20 17:30:38 - [MESSAGE][PASSED] - Update Tbl CONTRACT DISPATCHER SOURCE To Change PROCESSED From Y to N For Bukalapak B2B

2020-10-20 17:30:38 - [TEST_STEP][PASSED] - Update Tbl CONTRACT DISPATCHER CLAIM To Delete PROCESS From Column STATUS: Update Tbl CONTRACT DISPATCHER CLAIM To Delete PROCESS From Column STATUS

2020-10-20 17:30:38 - [MESSAGE][PASSED] - Update Tbl CONTRACT DISPATCHER CLAIM To Delete PROCESS From Column STATUS

2020-10-20 17:30:38 - [TEST_STEP][PASSED] - Delete Contract From TRK_REGISTRATION_MISTAKE: Delete Contract From TRK_REGISTRATION_MISTAKE

2020-10-20 17:30:38 - [MESSAGE][PASSED] - Delete Contract From TRK_REGISTRATION_MISTAKE

2020-10-20 17:30:38 - [MESSAGE][PASSED] - Feature file: 'Include/features/IST_Real/CONTRACT_DISPATCHER_DONA_B2B/BUKALAPAK/Update_Tbl_CDS_CDC_TRK_RegMistake.feature' was passed]]></system-out>
         <system-err><![CDATA[]]></system-err>
      </testcase>
      <system-out><![CDATA[2020-10-20 17:15:27 - [TEST_SUITE][PASSED] - TS_BUKALAPAK_B2B: Test Cases/IST_Real/CONTRACT_DISPATCHER_DONA_B2B/BUKALAPAK/TC BUKALAPAK - Update Tbl CDS CDC TRKRegMistake]]></system-out>
      <system-err><![CDATA[]]></system-err>
   </testsuite>
</testsuites>
