<?xml version="1.0" encoding="UTF-8"?>
<testsuites name="TS_SLIK_Gateway_Customer" time="157.584" tests="7" failures="0" errors="0">
   <testsuite name="TS_SLIK_Gateway_Customer" tests="7" failures="0" errors="0" time="157.584" timestamp="2020-09-22 23:21:34" hostname="chaidir.pratama01 - localhost" id="Test Suites/SLIK/TS_SLIK_Gateway_Customer">
      <properties>
         <property name="deviceName" value=""/>
         <property name="devicePlatform" value=""/>
         <property name="logFolder" value="/Users/chaidir.pratama01/Katalon Studio/IST_Automation_Git/Reports/20200922_232127/SLIK/TS_SLIK_Gateway_Customer/20200922_232127"/>
         <property name="logFiles" value="/Users/chaidir.pratama01/Katalon Studio/IST_Automation_Git/Reports/20200922_232127/SLIK/TS_SLIK_Gateway_Customer/20200922_232127/execution0.log"/>
         <property name="attachments" value="/Users/chaidir.pratama01/Documents/Docs/Katalon Studio/Screenshot/slik.png, /Users/chaidir.pratama01/Documents/Docs/Katalon Studio/Screenshot/slik.png, /Users/chaidir.pratama01/Documents/Docs/Katalon Studio/Screenshot/slik.png"/>
         <property name="hostName" value="chaidir.pratama01 - localhost"/>
         <property name="os" value="Mac OS X 64bit"/>
         <property name="katalonVersion" value="7.6.0.${buildNumber}"/>
         <property name="browser" value="Chrome 85.0.4183.102"/>
         <property name="hostAddress" value="127.0.0.1"/>
         <property name="sessionId" value="608f893708225c602fd96d89c5930bd9"/>
         <property name="seleniumVersion" value="3.141.59"/>
         <property name="proxyInformation" value="ProxyInformation { proxyOption=NO_PROXY, proxyServerType=HTTP, username=, password=********, proxyServerAddress=, proxyServerPort=0, executionList=\&quot;\&quot;, isApplyToDesiredCapabilities=true }"/>
         <property name="platform" value="Mac OS X"/>
      </properties>
      <testcase name="Test Cases/IST_Real/SLIK/SLIK_Gateway_Customer/Open_Menu_SLIK_Gateway_Customer" time="42.634" classname="Test Cases/IST_Real/SLIK/SLIK_Gateway_Customer/Open_Menu_SLIK_Gateway_Customer" status="PASSED">
         <system-out><![CDATA[2020-09-22 23:21:34 - [TEST_CASE][PASSED] - Test Cases/IST_Real/SLIK/SLIK_Gateway_Customer/Open_Menu_SLIK_Gateway_Customer: Test Cases/IST_Real/SLIK/SLIK_Gateway_Customer/Open_Menu_SLIK_Gateway_Customer

2020-09-22 23:21:34 - [TEST_STEP][PASSED] - runFeatureFile("Include/features/IST_Real/SLIK/SLIK Gateway Customer/Open_Menu_SLIK_Gateway_Customer.feature"): Feature file: 'Include/features/IST_Real/SLIK/SLIK Gateway Customer/Open_Menu_SLIK_Gateway_Customer.feature' was passed

2020-09-22 23:21:34 - [MESSAGE][INFO] - Starting run keyword runFeatureFile: 'Include/features/IST_Real/SLIK/SLIK Gateway Customer/Open_Menu_SLIK_Gateway_Customer.feature' and extract report to folder: '/Users/chaidir.pratama01/Katalon Studio/IST_Automation_Git/Reports/20200922_232127/SLIK/TS_SLIK_Gateway_Customer/20200922_232127/cucumber_report/1600791694952'...

2020-09-22 23:21:35 - [TEST_CASE][PASSED] - Start Test Case : SCENARIO Menu SLIK Gateway Customer in IST and Verify Element Needed Exist: SCENARIO Menu SLIK Gateway Customer in IST and Verify Element Needed Exist

2020-09-22 23:21:35 - [TEST_STEP][PASSED] - Go to ISTools: Go to ISTools

2020-09-22 23:21:35 - [MESSAGE][INFO] - Starting 'Chrome' driver

2020-09-22 23:21:35 - [MESSAGE][INFO] - User set preference: ['AcceptInsecureCerts', 'true']

2020-09-22 23:21:35 - [MESSAGE][INFO] - User set preference: ['args', '[ignore-certificate-errors]']

2020-09-22 23:21:35 - [MESSAGE][INFO] - Action delay is set to 0 milliseconds

2020-09-22 23:21:37 - [MESSAGE][PASSED] - Browser is opened with url: ''

2020-09-22 23:21:41 - [MESSAGE][PASSED] - Navigate to 'https://dev-istools.homecredit.id/foundation/' successfully

2020-09-22 23:21:41 - [MESSAGE][PASSED] - Go to ISTools

2020-09-22 23:21:41 - [TEST_STEP][PASSED] - Login IST with valid credentials: Login IST with valid credentials

2020-09-22 23:21:41 - [MESSAGE][PASSED] - Text 'mobile.test' is set on object 'Object Repository/Page_/input_Username_j_username'

2020-09-22 23:21:42 - [MESSAGE][PASSED] - Text ****** has been set on object 'Object Repository/Page_/input_Password_j_password'

2020-09-22 23:21:43 - [MESSAGE][PASSED] - Object: 'Object Repository/Page_/button_Login' is clicked on

2020-09-22 23:21:43 - [MESSAGE][PASSED] - Login IST with valid credentials

2020-09-22 23:21:43 - [TEST_STEP][PASSED] - Login Success for contract dispatcher: Login Success for contract dispatcher

2020-09-22 23:21:43 - [MESSAGE][INFO] - Login Success

2020-09-22 23:21:43 - [MESSAGE][PASSED] - Current window maximized

2020-09-22 23:21:43 - [MESSAGE][PASSED] - Object 'Object Repository/Page_/h1_Welcome to IT Supporting Tools' is present

2020-09-22 23:21:43 - [MESSAGE][PASSED] - Login Success for contract dispatcher

2020-09-22 23:21:43 - [TEST_STEP][PASSED] - Select Menu "SLIK Gateway Customer": Select Menu "SLIK Gateway Customer"

2020-09-22 23:21:44 - [MESSAGE][PASSED] - Object '' is present

2020-09-22 23:21:44 - [MESSAGE][PASSED] - Object: '' is clicked on

2020-09-22 23:21:44 - [MESSAGE][PASSED] - Wait for page load successfully

2020-09-22 23:21:44 - [MESSAGE][PASSED] - Select Menu "SLIK Gateway Customer"

2020-09-22 23:21:44 - [TEST_STEP][PASSED] - Verify Title "SLIK Gateway Customer" Exists: Verify Title "SLIK Gateway Customer" Exists

2020-09-22 23:21:45 - [MESSAGE][PASSED] - Object '' is present

2020-09-22 23:21:45 - [MESSAGE][PASSED] - Object: '' is focused

2020-09-22 23:21:45 - [MESSAGE][PASSED] - Verify Title "SLIK Gateway Customer" Exists

2020-09-22 23:21:45 - [TEST_STEP][PASSED] - Verify Title "Check SLIK" Exists: Verify Title "Check SLIK" Exists

2020-09-22 23:21:45 - [MESSAGE][PASSED] - Object '' is present

2020-09-22 23:21:46 - [MESSAGE][PASSED] - Object: '' is focused

2020-09-22 23:21:46 - [MESSAGE][PASSED] - Verify Title "Check SLIK" Exists

2020-09-22 23:21:46 - [TEST_STEP][PASSED] - Verify Contents of Check SLIK Label in SLIK Gateway Customer Menu Exist: Verify Contents of Check SLIK Label in SLIK Gateway Customer Menu Exist

2020-09-22 23:21:46 - [MESSAGE][PASSED] - Object '' is present

2020-09-22 23:21:47 - [MESSAGE][PASSED] - Object: '' is focused

2020-09-22 23:21:47 - [MESSAGE][PASSED] - Object '' is present

2020-09-22 23:21:47 - [MESSAGE][PASSED] - Object: '' is focused

2020-09-22 23:21:48 - [MESSAGE][PASSED] - Object '' is present

2020-09-22 23:21:48 - [MESSAGE][PASSED] - Object: '' is focused

2020-09-22 23:21:48 - [MESSAGE][PASSED] - Object '' is present

2020-09-22 23:21:49 - [MESSAGE][PASSED] - Object: '' is focused

2020-09-22 23:21:49 - [MESSAGE][PASSED] - Object '' is present

2020-09-22 23:21:50 - [MESSAGE][PASSED] - Object: '' is focused

2020-09-22 23:21:50 - [MESSAGE][PASSED] - Object '' is present

2020-09-22 23:21:50 - [MESSAGE][PASSED] - Object: '' is focused

2020-09-22 23:21:51 - [MESSAGE][PASSED] - Object '' is present

2020-09-22 23:21:51 - [MESSAGE][PASSED] - Object: '' is focused

2020-09-22 23:21:52 - [MESSAGE][PASSED] - Object '' is present

2020-09-22 23:21:52 - [MESSAGE][PASSED] - Object: '' is focused

2020-09-22 23:21:52 - [MESSAGE][PASSED] - Object '' is present

2020-09-22 23:21:52 - [MESSAGE][PASSED] - Object: '' is focused

2020-09-22 23:21:53 - [MESSAGE][PASSED] - Object '' is present

2020-09-22 23:21:53 - [MESSAGE][PASSED] - Object: '' is focused

2020-09-22 23:21:54 - [MESSAGE][PASSED] - Object '' is present

2020-09-22 23:21:54 - [MESSAGE][PASSED] - Object: '' is focused

2020-09-22 23:21:54 - [MESSAGE][PASSED] - Object '' is present

2020-09-22 23:21:55 - [MESSAGE][PASSED] - Object: '' is focused

2020-09-22 23:21:55 - [MESSAGE][PASSED] - Object '' is present

2020-09-22 23:21:55 - [MESSAGE][PASSED] - Object: '' is focused

2020-09-22 23:21:56 - [MESSAGE][PASSED] - Object '' is present

2020-09-22 23:21:56 - [MESSAGE][PASSED] - Object: '' is focused

2020-09-22 23:21:56 - [MESSAGE][PASSED] - Object '' is present

2020-09-22 23:21:56 - [MESSAGE][PASSED] - Object: '' is focused

2020-09-22 23:21:57 - [MESSAGE][PASSED] - Object '' is present

2020-09-22 23:21:57 - [MESSAGE][PASSED] - Object: '' is focused

2020-09-22 23:21:57 - [MESSAGE][PASSED] - Object '' is present

2020-09-22 23:22:00 - [MESSAGE][PASSED] - Delayed 3 second(s)

2020-09-22 23:22:01 - [MESSAGE][PASSED] - Object: '' is focused

2020-09-22 23:22:04 - [MESSAGE][PASSED] - Delayed 3 second(s)

2020-09-22 23:22:04 - [MESSAGE][PASSED] - Object '' is present

2020-09-22 23:22:05 - [MESSAGE][PASSED] - Object: '' is focused

2020-09-22 23:22:05 - [MESSAGE][PASSED] - Object '' is present

2020-09-22 23:22:06 - [MESSAGE][PASSED] - Object: '' is focused

2020-09-22 23:22:06 - [MESSAGE][PASSED] - Verify Contents of Check SLIK Label in SLIK Gateway Customer Menu Exist

2020-09-22 23:22:06 - [TEST_STEP][PASSED] - Verify Title "Search Result" Exists: Verify Title "Search Result" Exists

2020-09-22 23:22:06 - [MESSAGE][PASSED] - Object '' is present

2020-09-22 23:22:06 - [MESSAGE][PASSED] - Object: '' is focused

2020-09-22 23:22:06 - [MESSAGE][PASSED] - Verify Title "Search Result" Exists

2020-09-22 23:22:06 - [TEST_STEP][PASSED] - Verify Contents of Search Result: Verify Contents of Search Result

2020-09-22 23:22:07 - [MESSAGE][PASSED] - Object '' is present

2020-09-22 23:22:07 - [MESSAGE][PASSED] - Object: '' is focused

2020-09-22 23:22:08 - [MESSAGE][PASSED] - Object '' is present

2020-09-22 23:22:08 - [MESSAGE][PASSED] - Object: '' is focused

2020-09-22 23:22:08 - [MESSAGE][PASSED] - Object '' is present

2020-09-22 23:22:09 - [MESSAGE][PASSED] - Object: '' is focused

2020-09-22 23:22:09 - [MESSAGE][PASSED] - Object '' is present

2020-09-22 23:22:10 - [MESSAGE][PASSED] - Object: '' is focused

2020-09-22 23:22:10 - [MESSAGE][PASSED] - Object '' is present

2020-09-22 23:22:10 - [MESSAGE][PASSED] - Object: '' is focused

2020-09-22 23:22:11 - [MESSAGE][PASSED] - Object '' is present

2020-09-22 23:22:11 - [MESSAGE][PASSED] - Object: '' is focused

2020-09-22 23:22:11 - [MESSAGE][PASSED] - Object '' is present

2020-09-22 23:22:12 - [MESSAGE][PASSED] - Object: '' is focused

2020-09-22 23:22:12 - [MESSAGE][PASSED] - Object '' is present

2020-09-22 23:22:13 - [MESSAGE][PASSED] - Object: '' is focused

2020-09-22 23:22:13 - [MESSAGE][PASSED] - Object '' is present

2020-09-22 23:22:13 - [MESSAGE][PASSED] - Object: '' is focused

2020-09-22 23:22:13 - [MESSAGE][PASSED] - Verify Contents of Search Result

2020-09-22 23:22:13 - [TEST_STEP][PASSED] - Click button "Logout": Click button "Logout"

2020-09-22 23:22:13 - [MESSAGE][INFO] - >>>>>//Button[contains(text(),'Logout')]

2020-09-22 23:22:17 - [MESSAGE][PASSED] - Object: '' is clicked on

2020-09-22 23:22:17 - [MESSAGE][PASSED] - Click button "Logout"

2020-09-22 23:22:17 - [TEST_STEP][PASSED] - Close browser: Close browser

2020-09-22 23:22:17 - [MESSAGE][PASSED] - Browser is closed

2020-09-22 23:22:17 - [MESSAGE][PASSED] - Close browser

2020-09-22 23:22:17 - [MESSAGE][PASSED] - Feature file: 'Include/features/IST_Real/SLIK/SLIK Gateway Customer/Open_Menu_SLIK_Gateway_Customer.feature' was passed]]></system-out>
         <system-err><![CDATA[]]></system-err>
      </testcase>
      <testcase name="Test Cases/IST_Real/SLIK/SLIK_Gateway_Customer/SLIK Gateway Customer Checking" time="55.529" classname="Test Cases/IST_Real/SLIK/SLIK_Gateway_Customer/SLIK Gateway Customer Checking" status="PASSED">
         <system-out><![CDATA[2020-09-22 23:22:17 - [TEST_CASE][PASSED] - Test Cases/IST_Real/SLIK/SLIK_Gateway_Customer/SLIK Gateway Customer Checking: Test Cases/IST_Real/SLIK/SLIK_Gateway_Customer/SLIK Gateway Customer Checking

2020-09-22 23:22:17 - [TEST_STEP][PASSED] - runFeatureFile("Include/features/IST_Real/SLIK/SLIK Gateway Customer/SLIK Gateway Customer Checking.feature"): Feature file: 'Include/features/IST_Real/SLIK/SLIK Gateway Customer/SLIK Gateway Customer Checking.feature' was passed

2020-09-22 23:22:17 - [MESSAGE][INFO] - Starting run keyword runFeatureFile: 'Include/features/IST_Real/SLIK/SLIK Gateway Customer/SLIK Gateway Customer Checking.feature' and extract report to folder: '/Users/chaidir.pratama01/Katalon Studio/IST_Automation_Git/Reports/20200922_232127/SLIK/TS_SLIK_Gateway_Customer/20200922_232127/cucumber_report/1600791737410'...

2020-09-22 23:22:17 - [TEST_CASE][PASSED] - Start Test Case : SCENARIO SLIK Gateway Customer Checking: SCENARIO SLIK Gateway Customer Checking

2020-09-22 23:22:17 - [TEST_STEP][PASSED] - Go to ISTools: Go to ISTools

2020-09-22 23:22:17 - [MESSAGE][INFO] - Starting 'Chrome' driver

2020-09-22 23:22:17 - [MESSAGE][INFO] - User set preference: ['AcceptInsecureCerts', 'true']

2020-09-22 23:22:17 - [MESSAGE][INFO] - User set preference: ['args', '[ignore-certificate-errors]']

2020-09-22 23:22:17 - [MESSAGE][INFO] - Action delay is set to 0 milliseconds

2020-09-22 23:22:18 - [MESSAGE][PASSED] - Browser is opened with url: ''

2020-09-22 23:22:21 - [MESSAGE][PASSED] - Navigate to 'https://dev-istools.homecredit.id/foundation/' successfully

2020-09-22 23:22:21 - [MESSAGE][PASSED] - Go to ISTools

2020-09-22 23:22:21 - [TEST_STEP][PASSED] - Login IST with valid credentials: Login IST with valid credentials

2020-09-22 23:22:22 - [MESSAGE][PASSED] - Text 'mobile.test' is set on object 'Object Repository/Page_/input_Username_j_username'

2020-09-22 23:22:22 - [MESSAGE][PASSED] - Text ****** has been set on object 'Object Repository/Page_/input_Password_j_password'

2020-09-22 23:22:23 - [MESSAGE][PASSED] - Object: 'Object Repository/Page_/button_Login' is clicked on

2020-09-22 23:22:23 - [MESSAGE][PASSED] - Login IST with valid credentials

2020-09-22 23:22:23 - [TEST_STEP][PASSED] - Login Success for contract dispatcher: Login Success for contract dispatcher

2020-09-22 23:22:23 - [MESSAGE][INFO] - Login Success

2020-09-22 23:22:23 - [MESSAGE][PASSED] - Current window maximized

2020-09-22 23:22:24 - [MESSAGE][PASSED] - Object 'Object Repository/Page_/h1_Welcome to IT Supporting Tools' is present

2020-09-22 23:22:24 - [MESSAGE][PASSED] - Login Success for contract dispatcher

2020-09-22 23:22:24 - [TEST_STEP][PASSED] - Select Menu SLIK Gateway Customer: Select Menu SLIK Gateway Customer

2020-09-22 23:22:24 - [MESSAGE][PASSED] - Object '' is present

2020-09-22 23:22:24 - [MESSAGE][PASSED] - Object: '' is clicked on

2020-09-22 23:22:24 - [MESSAGE][PASSED] - Wait for page load successfully

2020-09-22 23:22:24 - [MESSAGE][PASSED] - Select Menu SLIK Gateway Customer

2020-09-22 23:22:24 - [TEST_STEP][PASSED] - Input Data KTP Number: Input Data KTP Number

2020-09-22 23:22:25 - [MESSAGE][PASSED] - Text '9999999999999999' is set on object ''

2020-09-22 23:22:25 - [MESSAGE][PASSED] - Input Data KTP Number

2020-09-22 23:22:25 - [TEST_STEP][PASSED] - Input Data "Name *" with value "OPEX TestingAuto" for Check SLIK: Input Data "Name *" with value "OPEX TestingAuto" for Check SLIK

2020-09-22 23:22:26 - [MESSAGE][PASSED] - Taking screenshot successfully
[[ATTACHMENT|/Users/chaidir.pratama01/Documents/Docs/Katalon Studio/Screenshot/slik.png]]

2020-09-22 23:22:27 - [MESSAGE][PASSED] - Object '' is visible

2020-09-22 23:22:27 - [MESSAGE][PASSED] - Object: '' is focused

2020-09-22 23:22:27 - [MESSAGE][PASSED] - Text 'OPEX TestingAuto' is set on object ''

2020-09-22 23:22:27 - [MESSAGE][PASSED] - Input Data "Name *" with value "OPEX TestingAuto" for Check SLIK

2020-09-22 23:22:27 - [TEST_STEP][PASSED] - Input Date of Birth "20-Feb-1990": Input Date of Birth "20-Feb-1990"

2020-09-22 23:22:28 - [MESSAGE][PASSED] - Text '20-Feb-1990' is set on object ''

2020-09-22 23:22:31 - [MESSAGE][PASSED] - Delayed 3 second(s)

2020-09-22 23:22:31 - [MESSAGE][PASSED] - Input Date of Birth "20-Feb-1990"

2020-09-22 23:22:31 - [TEST_STEP][PASSED] - Select Gender "Laki-laki": Select Gender "Laki-laki"

2020-09-22 23:22:32 - [MESSAGE][PASSED] - Object: '' is clicked on

2020-09-22 23:22:32 - [MESSAGE][PASSED] - Select Gender "Laki-laki"

2020-09-22 23:22:32 - [TEST_STEP][PASSED] - Select Purpose is "Penilaian Calon Kemitraan": Select Purpose is "Penilaian Calon Kemitraan"

2020-09-22 23:22:33 - [MESSAGE][PASSED] - All options with value 'Penilaian Calon Kemitraan' are selected in object ''  using regular expression

2020-09-22 23:22:33 - [MESSAGE][PASSED] - Select Purpose is "Penilaian Calon Kemitraan"

2020-09-22 23:22:33 - [TEST_STEP][PASSED] - Input Data "Place of Birth" with value "Jakarta" for Check SLIK: Input Data "Place of Birth" with value "Jakarta" for Check SLIK

2020-09-22 23:22:34 - [MESSAGE][PASSED] - Taking screenshot successfully
[[ATTACHMENT|/Users/chaidir.pratama01/Documents/Docs/Katalon Studio/Screenshot/slik.png]]

2020-09-22 23:22:34 - [MESSAGE][PASSED] - Object '' is visible

2020-09-22 23:22:34 - [MESSAGE][PASSED] - Object: '' is focused

2020-09-22 23:22:35 - [MESSAGE][PASSED] - Text 'Jakarta' is set on object ''

2020-09-22 23:22:35 - [MESSAGE][PASSED] - Input Data "Place of Birth" with value "Jakarta" for Check SLIK

2020-09-22 23:22:35 - [TEST_STEP][PASSED] - Input Data "Mother Maternity Name" with value "Tester Auto" for Check SLIK: Input Data "Mother Maternity Name" with value "Tester Auto" for Check SLIK

2020-09-22 23:22:36 - [MESSAGE][PASSED] - Taking screenshot successfully
[[ATTACHMENT|/Users/chaidir.pratama01/Documents/Docs/Katalon Studio/Screenshot/slik.png]]

2020-09-22 23:22:36 - [MESSAGE][PASSED] - Object '' is visible

2020-09-22 23:22:36 - [MESSAGE][PASSED] - Object: '' is focused

2020-09-22 23:22:37 - [MESSAGE][PASSED] - Text 'Tester Auto' is set on object ''

2020-09-22 23:22:37 - [MESSAGE][PASSED] - Input Data "Mother Maternity Name" with value "Tester Auto" for Check SLIK

2020-09-22 23:22:37 - [TEST_STEP][PASSED] - Input KTP Address "TESTING AUTO JAKARTA": Input KTP Address "TESTING AUTO JAKARTA"

2020-09-22 23:22:38 - [MESSAGE][PASSED] - Text 'TESTING AUTO JAKARTA' is set on object ''

2020-09-22 23:22:38 - [MESSAGE][PASSED] - Input KTP Address "TESTING AUTO JAKARTA"

2020-09-22 23:22:38 - [TEST_STEP][PASSED] - Click button "Check SLIK": Click button "Check SLIK"

2020-09-22 23:22:38 - [MESSAGE][INFO] - >>>>>//Button[contains(text(),'Check SLIK')]

2020-09-22 23:22:41 - [MESSAGE][PASSED] - Object: '' is clicked on

2020-09-22 23:22:41 - [MESSAGE][PASSED] - Click button "Check SLIK"

2020-09-22 23:22:41 - [TEST_STEP][PASSED] - Get text from pop up "Confirmation Submit Request" with text "Are you sure to submit this data ?": Get text from pop up "Confirmation Submit Request" with text "Are you sure to submit this data ?"

2020-09-22 23:22:42 - [MESSAGE][PASSED] - Object '' is present

2020-09-22 23:22:42 - [MESSAGE][PASSED] - Wait for page load successfully

2020-09-22 23:22:42 - [MESSAGE][PASSED] - Wait for page load successfully

2020-09-22 23:22:42 - [MESSAGE][PASSED] - Get text from pop up "Confirmation Submit Request" with text "Are you sure to submit this data ?"

2020-09-22 23:22:42 - [TEST_STEP][PASSED] - Click button "Yes": Click button "Yes"

2020-09-22 23:22:42 - [MESSAGE][INFO] - >>>>>//Button[contains(text(),'Yes')]

2020-09-22 23:22:45 - [MESSAGE][PASSED] - Object: '' is clicked on

2020-09-22 23:22:45 - [MESSAGE][PASSED] - Click button "Yes"

2020-09-22 23:22:45 - [TEST_STEP][PASSED] - Verify KTP Number Request Success: Verify KTP Number Request Success

2020-09-22 23:23:06 - [MESSAGE][PASSED] - Object '' is present

2020-09-22 23:23:06 - [MESSAGE][PASSED] - Verify KTP Number Request Success

2020-09-22 23:23:06 - [TEST_STEP][PASSED] - Click button "OK": Click button "OK"

2020-09-22 23:23:06 - [MESSAGE][INFO] - >>>>>//Button[contains(text(),'OK')]

2020-09-22 23:23:09 - [MESSAGE][PASSED] - Object: '' is clicked on

2020-09-22 23:23:09 - [MESSAGE][PASSED] - Click button "OK"

2020-09-22 23:23:09 - [TEST_STEP][PASSED] - Click button "Logout": Click button "Logout"

2020-09-22 23:23:09 - [MESSAGE][INFO] - >>>>>//Button[contains(text(),'Logout')]

2020-09-22 23:23:12 - [MESSAGE][PASSED] - Object: '' is clicked on

2020-09-22 23:23:12 - [MESSAGE][PASSED] - Click button "Logout"

2020-09-22 23:23:12 - [TEST_STEP][PASSED] - Close browser: Close browser

2020-09-22 23:23:12 - [MESSAGE][PASSED] - Browser is closed

2020-09-22 23:23:12 - [MESSAGE][PASSED] - Close browser

2020-09-22 23:23:12 - [MESSAGE][PASSED] - Feature file: 'Include/features/IST_Real/SLIK/SLIK Gateway Customer/SLIK Gateway Customer Checking.feature' was passed]]></system-out>
         <system-err><![CDATA[]]></system-err>
      </testcase>
      <testcase name="Test Cases/IST_Real/SLIK/SLIK_Gateway_Customer/SELECT_KTP_NUMBER_CUSTOMER_from_DB" time="1.06" classname="Test Cases/IST_Real/SLIK/SLIK_Gateway_Customer/SELECT_KTP_NUMBER_CUSTOMER_from_DB" status="PASSED">
         <system-out><![CDATA[2020-09-22 23:23:12 - [TEST_CASE][PASSED] - Test Cases/IST_Real/SLIK/SLIK_Gateway_Customer/SELECT_KTP_NUMBER_CUSTOMER_from_DB: Test Cases/IST_Real/SLIK/SLIK_Gateway_Customer/SELECT_KTP_NUMBER_CUSTOMER_from_DB

2020-09-22 23:23:12 - [TEST_STEP][PASSED] - runFeatureFile("Include/features/IST_Real/SLIK/SLIK Gateway Customer/SELECT_KTP_NUMBER_CUSTOMER_from_DB.feature"): Feature file: 'Include/features/IST_Real/SLIK/SLIK Gateway Customer/SELECT_KTP_NUMBER_CUSTOMER_from_DB.feature' was passed

2020-09-22 23:23:12 - [MESSAGE][INFO] - Starting run keyword runFeatureFile: 'Include/features/IST_Real/SLIK/SLIK Gateway Customer/SELECT_KTP_NUMBER_CUSTOMER_from_DB.feature' and extract report to folder: '/Users/chaidir.pratama01/Katalon Studio/IST_Automation_Git/Reports/20200922_232127/SLIK/TS_SLIK_Gateway_Customer/20200922_232127/cucumber_report/1600791792938'...

2020-09-22 23:23:13 - [TEST_CASE][PASSED] - Start Test Case : SCENARIO SELECT KTP Number Customer From Table SLIK_DATA_CUSTOMER: SCENARIO SELECT KTP Number Customer From Table SLIK_DATA_CUSTOMER

2020-09-22 23:23:13 - [TEST_STEP][PASSED] - Connect to Database: Connect to Database

2020-09-22 23:23:13 - [MESSAGE][PASSED] - Connect to Database

2020-09-22 23:23:13 - [TEST_STEP][PASSED] - Check KTP Number Customer in DB: Check KTP Number Customer in DB

2020-09-22 23:23:13 - [MESSAGE][PASSED] - Check KTP Number Customer in DB

2020-09-22 23:23:13 - [MESSAGE][PASSED] - Feature file: 'Include/features/IST_Real/SLIK/SLIK Gateway Customer/SELECT_KTP_NUMBER_CUSTOMER_from_DB.feature' was passed]]></system-out>
         <system-err><![CDATA[]]></system-err>
      </testcase>
      <testcase name="Test Cases/IST_Real/SLIK/SLIK_Gateway_Customer/SLIK Gateaway Customer Search_By_KTP" time="16.576" classname="Test Cases/IST_Real/SLIK/SLIK_Gateway_Customer/SLIK Gateaway Customer Search_By_KTP" status="PASSED">
         <system-out><![CDATA[2020-09-22 23:23:13 - [TEST_CASE][PASSED] - Test Cases/IST_Real/SLIK/SLIK_Gateway_Customer/SLIK Gateaway Customer Search_By_KTP: Test Cases/IST_Real/SLIK/SLIK_Gateway_Customer/SLIK Gateaway Customer Search_By_KTP

2020-09-22 23:23:14 - [TEST_STEP][PASSED] - runFeatureFile("Include/features/IST_Real/SLIK/SLIK Gateway Customer/SLIK Gateaway Customer Search_By_KTP.feature"): Feature file: 'Include/features/IST_Real/SLIK/SLIK Gateway Customer/SLIK Gateaway Customer Search_By_KTP.feature' was passed

2020-09-22 23:23:14 - [MESSAGE][INFO] - Starting run keyword runFeatureFile: 'Include/features/IST_Real/SLIK/SLIK Gateway Customer/SLIK Gateaway Customer Search_By_KTP.feature' and extract report to folder: '/Users/chaidir.pratama01/Katalon Studio/IST_Automation_Git/Reports/20200922_232127/SLIK/TS_SLIK_Gateway_Customer/20200922_232127/cucumber_report/1600791794015'...

2020-09-22 23:23:14 - [TEST_CASE][PASSED] - Start Test Case : SCENARIO SLIK Gateway Customer Search Result: SCENARIO SLIK Gateway Customer Search Result

2020-09-22 23:23:14 - [TEST_STEP][PASSED] - Go to ISTools: Go to ISTools

2020-09-22 23:23:14 - [MESSAGE][INFO] - Starting 'Chrome' driver

2020-09-22 23:23:14 - [MESSAGE][INFO] - User set preference: ['AcceptInsecureCerts', 'true']

2020-09-22 23:23:14 - [MESSAGE][INFO] - User set preference: ['args', '[ignore-certificate-errors]']

2020-09-22 23:23:14 - [MESSAGE][INFO] - Action delay is set to 0 milliseconds

2020-09-22 23:23:15 - [MESSAGE][PASSED] - Browser is opened with url: ''

2020-09-22 23:23:16 - [MESSAGE][PASSED] - Navigate to 'https://dev-istools.homecredit.id/foundation/' successfully

2020-09-22 23:23:16 - [MESSAGE][PASSED] - Go to ISTools

2020-09-22 23:23:16 - [TEST_STEP][PASSED] - Login IST with valid credentials: Login IST with valid credentials

2020-09-22 23:23:17 - [MESSAGE][PASSED] - Text 'mobile.test' is set on object 'Object Repository/Page_/input_Username_j_username'

2020-09-22 23:23:17 - [MESSAGE][PASSED] - Text ****** has been set on object 'Object Repository/Page_/input_Password_j_password'

2020-09-22 23:23:18 - [MESSAGE][PASSED] - Object: 'Object Repository/Page_/button_Login' is clicked on

2020-09-22 23:23:18 - [MESSAGE][PASSED] - Login IST with valid credentials

2020-09-22 23:23:18 - [TEST_STEP][PASSED] - Login Success for contract dispatcher: Login Success for contract dispatcher

2020-09-22 23:23:18 - [MESSAGE][INFO] - Login Success

2020-09-22 23:23:18 - [MESSAGE][PASSED] - Current window maximized

2020-09-22 23:23:19 - [MESSAGE][PASSED] - Object 'Object Repository/Page_/h1_Welcome to IT Supporting Tools' is present

2020-09-22 23:23:19 - [MESSAGE][PASSED] - Login Success for contract dispatcher

2020-09-22 23:23:19 - [TEST_STEP][PASSED] - Select Menu SLIK Gateway Customer: Select Menu SLIK Gateway Customer

2020-09-22 23:23:19 - [MESSAGE][PASSED] - Object '' is present

2020-09-22 23:23:20 - [MESSAGE][PASSED] - Object: '' is clicked on

2020-09-22 23:23:20 - [MESSAGE][PASSED] - Wait for page load successfully

2020-09-22 23:23:20 - [MESSAGE][PASSED] - Select Menu SLIK Gateway Customer

2020-09-22 23:23:20 - [TEST_STEP][PASSED] - Input Data KTP Number for Search Result: Input Data KTP Number for Search Result

2020-09-22 23:23:21 - [MESSAGE][PASSED] - Scroll to object '' successfully

2020-09-22 23:23:21 - [MESSAGE][PASSED] - Text '9999999999999999' is set on object ''

2020-09-22 23:23:21 - [MESSAGE][PASSED] - Input Data KTP Number for Search Result

2020-09-22 23:23:21 - [TEST_STEP][PASSED] - Click button "Search": Click button "Search"

2020-09-22 23:23:21 - [MESSAGE][INFO] - >>>>>//Button[contains(text(),'Search')]

2020-09-22 23:23:25 - [MESSAGE][PASSED] - Object: '' is clicked on

2020-09-22 23:23:25 - [MESSAGE][PASSED] - Click button "Search"

2020-09-22 23:23:25 - [TEST_STEP][PASSED] - Verify Search Result with KTP Number: Verify Search Result with KTP Number

2020-09-22 23:23:26 - [MESSAGE][PASSED] - Object '' is present

2020-09-22 23:23:26 - [MESSAGE][PASSED] - Verify Search Result with KTP Number

2020-09-22 23:23:26 - [TEST_STEP][PASSED] - Verify Search Result data: Verify Search Result data

2020-09-22 23:23:26 - [MESSAGE][PASSED] - Scroll to object '' successfully

2020-09-22 23:23:26 - [MESSAGE][PASSED] - Object '' is present

2020-09-22 23:23:26 - [MESSAGE][PASSED] - Verify Search Result data

2020-09-22 23:23:26 - [TEST_STEP][PASSED] - Click button "Logout": Click button "Logout"

2020-09-22 23:23:26 - [MESSAGE][INFO] - >>>>>//Button[contains(text(),'Logout')]

2020-09-22 23:23:30 - [MESSAGE][PASSED] - Object: '' is clicked on

2020-09-22 23:23:30 - [MESSAGE][PASSED] - Click button "Logout"

2020-09-22 23:23:30 - [TEST_STEP][PASSED] - Close browser: Close browser

2020-09-22 23:23:30 - [MESSAGE][PASSED] - Browser is closed

2020-09-22 23:23:30 - [MESSAGE][PASSED] - Close browser

2020-09-22 23:23:30 - [MESSAGE][PASSED] - Feature file: 'Include/features/IST_Real/SLIK/SLIK Gateway Customer/SLIK Gateaway Customer Search_By_KTP.feature' was passed]]></system-out>
         <system-err><![CDATA[]]></system-err>
      </testcase>
      <testcase name="Test Cases/IST_Real/SLIK/SLIK_Gateway_Customer/SLIK_Gateway_Customer_Search_By_Status_SUCCESS" time="15.093" classname="Test Cases/IST_Real/SLIK/SLIK_Gateway_Customer/SLIK_Gateway_Customer_Search_By_Status_SUCCESS" status="PASSED">
         <system-out><![CDATA[2020-09-22 23:23:30 - [TEST_CASE][PASSED] - Test Cases/IST_Real/SLIK/SLIK_Gateway_Customer/SLIK_Gateway_Customer_Search_By_Status_SUCCESS: Test Cases/IST_Real/SLIK/SLIK_Gateway_Customer/SLIK_Gateway_Customer_Search_By_Status_SUCCESS

2020-09-22 23:23:30 - [TEST_STEP][PASSED] - runFeatureFile("Include/features/IST_Real/SLIK/SLIK Gateway Customer/SLIK_Gateway_Customer_Search_By_Status_SUCCESS.feature"): Feature file: 'Include/features/IST_Real/SLIK/SLIK Gateway Customer/SLIK_Gateway_Customer_Search_By_Status_SUCCESS.feature' was passed

2020-09-22 23:23:30 - [MESSAGE][INFO] - Starting run keyword runFeatureFile: 'Include/features/IST_Real/SLIK/SLIK Gateway Customer/SLIK_Gateway_Customer_Search_By_Status_SUCCESS.feature' and extract report to folder: '/Users/chaidir.pratama01/Katalon Studio/IST_Automation_Git/Reports/20200922_232127/SLIK/TS_SLIK_Gateway_Customer/20200922_232127/cucumber_report/1600791810580'...

2020-09-22 23:23:30 - [TEST_CASE][PASSED] - Start Test Case : SCENARIO Search Result by Status: SCENARIO Search Result by Status

2020-09-22 23:23:30 - [TEST_STEP][PASSED] - Go to ISTools: Go to ISTools

2020-09-22 23:23:30 - [MESSAGE][INFO] - Starting 'Chrome' driver

2020-09-22 23:23:30 - [MESSAGE][INFO] - User set preference: ['AcceptInsecureCerts', 'true']

2020-09-22 23:23:30 - [MESSAGE][INFO] - User set preference: ['args', '[ignore-certificate-errors]']

2020-09-22 23:23:30 - [MESSAGE][INFO] - Action delay is set to 0 milliseconds

2020-09-22 23:23:31 - [MESSAGE][PASSED] - Browser is opened with url: ''

2020-09-22 23:23:33 - [MESSAGE][PASSED] - Navigate to 'https://dev-istools.homecredit.id/foundation/' successfully

2020-09-22 23:23:33 - [MESSAGE][PASSED] - Go to ISTools

2020-09-22 23:23:33 - [TEST_STEP][PASSED] - Login IST with valid credentials: Login IST with valid credentials

2020-09-22 23:23:34 - [MESSAGE][PASSED] - Text 'mobile.test' is set on object 'Object Repository/Page_/input_Username_j_username'

2020-09-22 23:23:34 - [MESSAGE][PASSED] - Text ****** has been set on object 'Object Repository/Page_/input_Password_j_password'

2020-09-22 23:23:35 - [MESSAGE][PASSED] - Object: 'Object Repository/Page_/button_Login' is clicked on

2020-09-22 23:23:35 - [MESSAGE][PASSED] - Login IST with valid credentials

2020-09-22 23:23:35 - [TEST_STEP][PASSED] - Login Success for contract dispatcher: Login Success for contract dispatcher

2020-09-22 23:23:35 - [MESSAGE][INFO] - Login Success

2020-09-22 23:23:35 - [MESSAGE][PASSED] - Current window maximized

2020-09-22 23:23:35 - [MESSAGE][PASSED] - Object 'Object Repository/Page_/h1_Welcome to IT Supporting Tools' is present

2020-09-22 23:23:35 - [MESSAGE][PASSED] - Login Success for contract dispatcher

2020-09-22 23:23:35 - [TEST_STEP][PASSED] - Select Menu SLIK Gateway Customer: Select Menu SLIK Gateway Customer

2020-09-22 23:23:35 - [MESSAGE][PASSED] - Object '' is present

2020-09-22 23:23:36 - [MESSAGE][PASSED] - Object: '' is clicked on

2020-09-22 23:23:36 - [MESSAGE][PASSED] - Wait for page load successfully

2020-09-22 23:23:36 - [MESSAGE][PASSED] - Select Menu SLIK Gateway Customer

2020-09-22 23:23:36 - [TEST_STEP][PASSED] - Select Status is "SUCCESS": Select Status is "SUCCESS"

2020-09-22 23:23:37 - [MESSAGE][PASSED] - All options with value 'SUCCESS' are selected in object ''  using regular expression

2020-09-22 23:23:37 - [MESSAGE][PASSED] - Select Status is "SUCCESS"

2020-09-22 23:23:37 - [TEST_STEP][PASSED] - Click button "Search": Click button "Search"

2020-09-22 23:23:37 - [MESSAGE][INFO] - >>>>>//Button[contains(text(),'Search')]

2020-09-22 23:23:40 - [MESSAGE][PASSED] - Object: '' is clicked on

2020-09-22 23:23:40 - [MESSAGE][PASSED] - Click button "Search"

2020-09-22 23:23:40 - [TEST_STEP][PASSED] - Verify Search Result with KTP Number: Verify Search Result with KTP Number

2020-09-22 23:23:41 - [MESSAGE][PASSED] - Object '' is present

2020-09-22 23:23:41 - [MESSAGE][PASSED] - Verify Search Result with KTP Number

2020-09-22 23:23:41 - [TEST_STEP][PASSED] - Verify Search Result data: Verify Search Result data

2020-09-22 23:23:41 - [MESSAGE][PASSED] - Scroll to object '' successfully

2020-09-22 23:23:42 - [MESSAGE][PASSED] - Object '' is present

2020-09-22 23:23:42 - [MESSAGE][PASSED] - Verify Search Result data

2020-09-22 23:23:42 - [TEST_STEP][PASSED] - Click button "Logout": Click button "Logout"

2020-09-22 23:23:42 - [MESSAGE][INFO] - >>>>>//Button[contains(text(),'Logout')]

2020-09-22 23:23:45 - [MESSAGE][PASSED] - Object: '' is clicked on

2020-09-22 23:23:45 - [MESSAGE][PASSED] - Click button "Logout"

2020-09-22 23:23:45 - [TEST_STEP][PASSED] - Close browser: Close browser

2020-09-22 23:23:45 - [MESSAGE][PASSED] - Browser is closed

2020-09-22 23:23:45 - [MESSAGE][PASSED] - Close browser

2020-09-22 23:23:45 - [MESSAGE][PASSED] - Feature file: 'Include/features/IST_Real/SLIK/SLIK Gateway Customer/SLIK_Gateway_Customer_Search_By_Status_SUCCESS.feature' was passed]]></system-out>
         <system-err><![CDATA[]]></system-err>
      </testcase>
      <testcase name="Test Cases/IST_Real/SLIK/SLIK_Gateway_Customer/SLIK_Gateway_Customer_View_Detail" time="22.422" classname="Test Cases/IST_Real/SLIK/SLIK_Gateway_Customer/SLIK_Gateway_Customer_View_Detail" status="PASSED">
         <system-out><![CDATA[2020-09-22 23:23:45 - [TEST_CASE][PASSED] - Test Cases/IST_Real/SLIK/SLIK_Gateway_Customer/SLIK_Gateway_Customer_View_Detail: Test Cases/IST_Real/SLIK/SLIK_Gateway_Customer/SLIK_Gateway_Customer_View_Detail

2020-09-22 23:23:45 - [TEST_STEP][PASSED] - runFeatureFile("Include/features/IST_Real/SLIK/SLIK Gateway Customer/SLIK_Gateway_Customer_View_Detail.feature"): Feature file: 'Include/features/IST_Real/SLIK/SLIK Gateway Customer/SLIK_Gateway_Customer_View_Detail.feature' was passed

2020-09-22 23:23:45 - [MESSAGE][INFO] - Starting run keyword runFeatureFile: 'Include/features/IST_Real/SLIK/SLIK Gateway Customer/SLIK_Gateway_Customer_View_Detail.feature' and extract report to folder: '/Users/chaidir.pratama01/Katalon Studio/IST_Automation_Git/Reports/20200922_232127/SLIK/TS_SLIK_Gateway_Customer/20200922_232127/cucumber_report/1600791825674'...

2020-09-22 23:23:45 - [TEST_CASE][PASSED] - Start Test Case : SCENARIO SLIK Gateway Customer View Detail Link: SCENARIO SLIK Gateway Customer View Detail Link

2020-09-22 23:23:45 - [TEST_STEP][PASSED] - Go to ISTools: Go to ISTools

2020-09-22 23:23:45 - [MESSAGE][INFO] - Starting 'Chrome' driver

2020-09-22 23:23:45 - [MESSAGE][INFO] - User set preference: ['AcceptInsecureCerts', 'true']

2020-09-22 23:23:45 - [MESSAGE][INFO] - User set preference: ['args', '[ignore-certificate-errors]']

2020-09-22 23:23:45 - [MESSAGE][INFO] - Action delay is set to 0 milliseconds

2020-09-22 23:23:46 - [MESSAGE][PASSED] - Browser is opened with url: ''

2020-09-22 23:23:48 - [MESSAGE][PASSED] - Navigate to 'https://dev-istools.homecredit.id/foundation/' successfully

2020-09-22 23:23:48 - [MESSAGE][PASSED] - Go to ISTools

2020-09-22 23:23:48 - [TEST_STEP][PASSED] - Login IST with valid credentials: Login IST with valid credentials

2020-09-22 23:23:49 - [MESSAGE][PASSED] - Text 'mobile.test' is set on object 'Object Repository/Page_/input_Username_j_username'

2020-09-22 23:23:49 - [MESSAGE][PASSED] - Text ****** has been set on object 'Object Repository/Page_/input_Password_j_password'

2020-09-22 23:23:50 - [MESSAGE][PASSED] - Object: 'Object Repository/Page_/button_Login' is clicked on

2020-09-22 23:23:50 - [MESSAGE][PASSED] - Login IST with valid credentials

2020-09-22 23:23:50 - [TEST_STEP][PASSED] - Login Success for contract dispatcher: Login Success for contract dispatcher

2020-09-22 23:23:50 - [MESSAGE][INFO] - Login Success

2020-09-22 23:23:51 - [MESSAGE][PASSED] - Current window maximized

2020-09-22 23:23:51 - [MESSAGE][PASSED] - Object 'Object Repository/Page_/h1_Welcome to IT Supporting Tools' is present

2020-09-22 23:23:51 - [MESSAGE][PASSED] - Login Success for contract dispatcher

2020-09-22 23:23:51 - [TEST_STEP][PASSED] - Select Menu SLIK Gateway Customer: Select Menu SLIK Gateway Customer

2020-09-22 23:23:51 - [MESSAGE][PASSED] - Object '' is present

2020-09-22 23:23:52 - [MESSAGE][PASSED] - Object: '' is clicked on

2020-09-22 23:23:52 - [MESSAGE][PASSED] - Wait for page load successfully

2020-09-22 23:23:52 - [MESSAGE][PASSED] - Select Menu SLIK Gateway Customer

2020-09-22 23:23:52 - [TEST_STEP][PASSED] - Input Data KTP Number for Search Result: Input Data KTP Number for Search Result

2020-09-22 23:23:52 - [MESSAGE][PASSED] - Scroll to object '' successfully

2020-09-22 23:23:53 - [MESSAGE][PASSED] - Text '9999999999999999' is set on object ''

2020-09-22 23:23:53 - [MESSAGE][PASSED] - Input Data KTP Number for Search Result

2020-09-22 23:23:53 - [TEST_STEP][PASSED] - Select Status is "SUCCESS": Select Status is "SUCCESS"

2020-09-22 23:23:54 - [MESSAGE][PASSED] - All options with value 'SUCCESS' are selected in object ''  using regular expression

2020-09-22 23:23:54 - [MESSAGE][PASSED] - Select Status is "SUCCESS"

2020-09-22 23:23:54 - [TEST_STEP][PASSED] - Click button "Search": Click button "Search"

2020-09-22 23:23:54 - [MESSAGE][INFO] - >>>>>//Button[contains(text(),'Search')]

2020-09-22 23:23:58 - [MESSAGE][PASSED] - Object: '' is clicked on

2020-09-22 23:23:58 - [MESSAGE][PASSED] - Click button "Search"

2020-09-22 23:23:58 - [TEST_STEP][PASSED] - Verify Search Result with KTP Number: Verify Search Result with KTP Number

2020-09-22 23:23:58 - [MESSAGE][PASSED] - Object '' is present

2020-09-22 23:23:58 - [MESSAGE][PASSED] - Verify Search Result with KTP Number

2020-09-22 23:23:58 - [TEST_STEP][PASSED] - Verify Search Result data: Verify Search Result data

2020-09-22 23:23:59 - [MESSAGE][PASSED] - Scroll to object '' successfully

2020-09-22 23:23:59 - [MESSAGE][PASSED] - Object '' is present

2020-09-22 23:23:59 - [MESSAGE][PASSED] - Verify Search Result data

2020-09-22 23:23:59 - [TEST_STEP][PASSED] - Click View Detail Link: Click View Detail Link

2020-09-22 23:23:59 - [MESSAGE][PASSED] - Object '' is present

2020-09-22 23:23:59 - [MESSAGE][PASSED] - Object: '' is clicked on

2020-09-22 23:23:59 - [MESSAGE][PASSED] - Click View Detail Link

2020-09-22 23:23:59 - [TEST_STEP][PASSED] - Verify Slik Result Detail Link: Verify Slik Result Detail Link

2020-09-22 23:24:01 - [MESSAGE][PASSED] - Scroll to object '' successfully

2020-09-22 23:24:02 - [MESSAGE][PASSED] - Object '' is present

2020-09-22 23:24:02 - [MESSAGE][PASSED] - Scroll to object '' successfully

2020-09-22 23:24:02 - [MESSAGE][PASSED] - Object '' is present

2020-09-22 23:24:02 - [MESSAGE][PASSED] - Scroll to object '' successfully

2020-09-22 23:24:03 - [MESSAGE][PASSED] - Object '' is present

2020-09-22 23:24:03 - [MESSAGE][PASSED] - Scroll to object '' successfully

2020-09-22 23:24:03 - [MESSAGE][PASSED] - Object '' is present

2020-09-22 23:24:04 - [MESSAGE][PASSED] - Scroll to object '' successfully

2020-09-22 23:24:04 - [MESSAGE][PASSED] - Object '' is present

2020-09-22 23:24:04 - [MESSAGE][PASSED] - Verify Slik Result Detail Link

2020-09-22 23:24:04 - [TEST_STEP][PASSED] - Click button "Logout": Click button "Logout"

2020-09-22 23:24:04 - [MESSAGE][INFO] - >>>>>//Button[contains(text(),'Logout')]

2020-09-22 23:24:07 - [MESSAGE][PASSED] - Object: '' is clicked on

2020-09-22 23:24:07 - [MESSAGE][PASSED] - Click button "Logout"

2020-09-22 23:24:07 - [TEST_STEP][PASSED] - Close browser: Close browser

2020-09-22 23:24:08 - [MESSAGE][PASSED] - Browser is closed

2020-09-22 23:24:08 - [MESSAGE][PASSED] - Close browser

2020-09-22 23:24:08 - [MESSAGE][PASSED] - Feature file: 'Include/features/IST_Real/SLIK/SLIK Gateway Customer/SLIK_Gateway_Customer_View_Detail.feature' was passed]]></system-out>
         <system-err><![CDATA[]]></system-err>
      </testcase>
      <testcase name="Test Cases/IST_Real/SLIK/SLIK_Gateway_Customer/Delete_KTPNumber_From_DB" time="0.618" classname="Test Cases/IST_Real/SLIK/SLIK_Gateway_Customer/Delete_KTPNumber_From_DB" status="PASSED">
         <system-out><![CDATA[2020-09-22 23:24:08 - [TEST_CASE][PASSED] - Test Cases/IST_Real/SLIK/SLIK_Gateway_Customer/Delete_KTPNumber_From_DB: Test Cases/IST_Real/SLIK/SLIK_Gateway_Customer/Delete_KTPNumber_From_DB

2020-09-22 23:24:08 - [TEST_STEP][PASSED] - runFeatureFile("Include/features/IST_Real/SLIK/SLIK Gateway Customer/Delete_KTPNumber_From_DB.feature"): Feature file: 'Include/features/IST_Real/SLIK/SLIK Gateway Customer/Delete_KTPNumber_From_DB.feature' was passed

2020-09-22 23:24:08 - [MESSAGE][INFO] - Starting run keyword runFeatureFile: 'Include/features/IST_Real/SLIK/SLIK Gateway Customer/Delete_KTPNumber_From_DB.feature' and extract report to folder: '/Users/chaidir.pratama01/Katalon Studio/IST_Automation_Git/Reports/20200922_232127/SLIK/TS_SLIK_Gateway_Customer/20200922_232127/cucumber_report/1600791848109'...

2020-09-22 23:24:08 - [TEST_CASE][PASSED] - Start Test Case : SCENARIO Delete_KTPNumber_From_DB: SCENARIO Delete_KTPNumber_From_DB

2020-09-22 23:24:08 - [TEST_STEP][PASSED] - Connect to Database: Connect to Database

2020-09-22 23:24:08 - [MESSAGE][PASSED] - Connect to Database

2020-09-22 23:24:08 - [TEST_STEP][PASSED] - Delete Contract From SLIK_DATA_CUSTOMER: Delete Contract From SLIK_DATA_CUSTOMER

2020-09-22 23:24:08 - [MESSAGE][PASSED] - Delete Contract From SLIK_DATA_CUSTOMER

2020-09-22 23:24:08 - [MESSAGE][PASSED] - Feature file: 'Include/features/IST_Real/SLIK/SLIK Gateway Customer/Delete_KTPNumber_From_DB.feature' was passed]]></system-out>
         <system-err><![CDATA[]]></system-err>
      </testcase>
      <system-out><![CDATA[2020-09-22 23:21:34 - [TEST_SUITE][PASSED] - TS_SLIK_Gateway_Customer: Test Cases/IST_Real/SLIK/SLIK_Gateway_Customer/Delete_KTPNumber_From_DB]]></system-out>
      <system-err><![CDATA[]]></system-err>
   </testsuite>
</testsuites>
