<?xml version="1.0" encoding="UTF-8"?>
<testsuites name="TS_Dashboard_for_CCC_OCS" time="278.17" tests="4" failures="0" errors="0">
   <testsuite name="TS_Dashboard_for_CCC_OCS" tests="4" failures="0" errors="0" time="278.17" timestamp="2021-02-05 13:22:41" hostname="chaidir.pratama01 - localhost" id="Test Suites/RTD/TS_Dashboard_for_CCC_OCS">
      <properties>
         <property name="deviceName" value=""/>
         <property name="devicePlatform" value=""/>
         <property name="logFolder" value="/Users/chaidir.pratama01/Katalon Studio/IST_Automation_Git/Reports/20210205_131034/RTD/TS_Dashboard_for_CCC_OCS/20210205_131037"/>
         <property name="logFiles" value="/Users/chaidir.pratama01/Katalon Studio/IST_Automation_Git/Reports/20210205_131034/RTD/TS_Dashboard_for_CCC_OCS/20210205_131037/execution0.log"/>
         <property name="attachments" value="/Users/chaidir.pratama01/Documents/Docs/Katalon Studio/Screenshot/test-Dashboard for CCC/OCS.png, /Users/chaidir.pratama01/Documents/Docs/Katalon Studio/Screenshot/test-Dashboard for CCC/OCS.png, /Users/chaidir.pratama01/Documents/Docs/Katalon Studio/Screenshot/test-Dashboard for CCC/OCS.png, /Users/chaidir.pratama01/Documents/Docs/Katalon Studio/Screenshot/test-Dashboard for CCC/OCS.png, /Users/chaidir.pratama01/Documents/Docs/Katalon Studio/Screenshot/test-Dashboard for CCC/OCS.png, /Users/chaidir.pratama01/Documents/Docs/Katalon Studio/Screenshot/test-Dashboard for CCC/OCS.png, /Users/chaidir.pratama01/Documents/Docs/Katalon Studio/Screenshot/test-Dashboard for CCC/OCS.png, /Users/chaidir.pratama01/Documents/Docs/Katalon Studio/Screenshot/test-Dashboard for CCC/OCS.png, /Users/chaidir.pratama01/Katalon Studio/IST_Automation_Git/Reports/20210205_131034/RTD/TS_Dashboard_for_CCC_OCS/20210205_131037/1612506285959.png, /Users/chaidir.pratama01/Documents/Docs/Katalon Studio/Screenshot/test-Dashboard for CCC/OCS.png, /Users/chaidir.pratama01/Katalon Studio/IST_Automation_Git/Reports/20210205_131034/RTD/TS_Dashboard_for_CCC_OCS/20210205_131037/1612506302666.png, /Users/chaidir.pratama01/Documents/Docs/Katalon Studio/Screenshot/test-Dashboard for CCC/OCS.png, /Users/chaidir.pratama01/Documents/Docs/Katalon Studio/Screenshot/test-Dashboard for CCC/OCS.png, /Users/chaidir.pratama01/Documents/Docs/Katalon Studio/Screenshot/test-Dashboard for CCC/OCS.png, /Users/chaidir.pratama01/Documents/Docs/Katalon Studio/Screenshot/test-Dashboard for CCC/OCS.png, /Users/chaidir.pratama01/Documents/Docs/Katalon Studio/Screenshot/test-Dashboard for CCC/OCS.png, /Users/chaidir.pratama01/Documents/Docs/Katalon Studio/Screenshot/test-Dashboard for CCC/OCS.png, /Users/chaidir.pratama01/Documents/Docs/Katalon Studio/Screenshot/test-Dashboard for CCC/OCS.png, /Users/chaidir.pratama01/Documents/Docs/Katalon Studio/Screenshot/Download_data.png"/>
         <property name="hostName" value="chaidir.pratama01 - localhost"/>
         <property name="os" value="Mac OS X 64bit"/>
         <property name="katalonVersion" value="7.6.0.${buildNumber}"/>
         <property name="browser" value="Chrome 88.0.4324.146"/>
         <property name="hostAddress" value="127.0.0.1"/>
         <property name="sessionId" value="bbf17eee76da33b8f80c57cc6869bb33"/>
         <property name="seleniumVersion" value="3.141.59"/>
         <property name="proxyInformation" value="ProxyInformation { proxyOption=NO_PROXY, proxyServerType=HTTP, username=, password=********, proxyServerAddress=, proxyServerPort=0, executionList=\&quot;\&quot;, isApplyToDesiredCapabilities=true }"/>
         <property name="platform" value="Mac OS X"/>
      </properties>
      <testcase name="Test Cases/RTD/Dashboard for CCC OCS/TC_Search_by_Status" time="209.628" classname="Test Cases/RTD/Dashboard for CCC OCS/TC_Search_by_Status" status="PASSED">
         <system-out><![CDATA[2021-02-05 13:22:42 - [TEST_CASE][PASSED] - Test Cases/RTD/Dashboard for CCC OCS/TC_Search_by_Status: Test Cases/RTD/Dashboard for CCC OCS/TC_Search_by_Status

2021-02-05 13:22:42 - [TEST_STEP][PASSED] - runFeatureFile("Include/features/IST_Real/RTD/Dashboard_for_CCC_OCS/Search_by_STATUS_CCC_OCS.feature"): Feature file: 'Include/features/IST_Real/RTD/Dashboard_for_CCC_OCS/Search_by_STATUS_CCC_OCS.feature' was passed

2021-02-05 13:22:42 - [MESSAGE][INFO] - Starting run keyword runFeatureFile: 'Include/features/IST_Real/RTD/Dashboard_for_CCC_OCS/Search_by_STATUS_CCC_OCS.feature' and extract report to folder: '/Users/chaidir.pratama01/Katalon Studio/IST_Automation_Git/Reports/20210205_131034/RTD/TS_Dashboard_for_CCC_OCS/20210205_131037/cucumber_report/1612506162459'...

2021-02-05 13:22:43 - [TEST_CASE][PASSED] - Start Test Case : SCENARIO Search by STATUS Eligible to Disburse: SCENARIO Search by STATUS Eligible to Disburse

2021-02-05 13:22:43 - [TEST_STEP][PASSED] - Go to ISTools: Go to ISTools

2021-02-05 13:22:43 - [MESSAGE][INFO] - Starting 'Chrome (headless)' driver

2021-02-05 13:22:43 - [MESSAGE][INFO] - User set preference: ['args', '[--start-maximized, --disable-gpu, --no-proxy-server, –-no-sandbox, --allow-running-insecure-content, --ignore-certificate-errors, window-size=1680,814, force-device-scale-factor=2, --lang=en-GB]']

2021-02-05 13:22:43 - [MESSAGE][INFO] - User set preference: ['prefs', '{download.default_directory=/Users/chaidir.pratama01/Katalon Studio/IST_Automation_Git/Download}']

2021-02-05 13:22:43 - [MESSAGE][INFO] - Action delay is set to 0 milliseconds

2021-02-05 13:22:44 - [MESSAGE][PASSED] - Browser is opened with url: ''

2021-02-05 13:22:46 - [MESSAGE][PASSED] - Navigate to 'https://dev-istools.homecredit.id/foundation/' successfully

2021-02-05 13:22:46 - [MESSAGE][PASSED] - Go to ISTools

2021-02-05 13:22:46 - [TEST_STEP][PASSED] - Login IST with valid credentials: Login IST with valid credentials

2021-02-05 13:22:47 - [MESSAGE][PASSED] - Text 'mobile.test' is set on object 'Object Repository/Page_/input_Username_j_username'

2021-02-05 13:22:47 - [MESSAGE][PASSED] - Text ****** has been set on object 'Object Repository/Page_/input_Password_j_password'

2021-02-05 13:22:48 - [MESSAGE][PASSED] - Object: 'Object Repository/Page_/button_Login' is clicked on

2021-02-05 13:22:48 - [MESSAGE][PASSED] - Login IST with valid credentials

2021-02-05 13:22:48 - [TEST_STEP][PASSED] - Login Success: Login Success

2021-02-05 13:22:48 - [MESSAGE][INFO] - Login Success

2021-02-05 13:22:48 - [MESSAGE][PASSED] - Current window maximized

2021-02-05 13:22:48 - [MESSAGE][PASSED] - Object 'Object Repository/Page_/h1_Welcome to IT Supporting Tools' is present

2021-02-05 13:22:48 - [MESSAGE][PASSED] - Login Success

2021-02-05 13:22:48 - [TEST_STEP][PASSED] - Select Arrow Menu "Real Time Disbursement": Select Arrow Menu "Real Time Disbursement"

2021-02-05 13:22:48 - [MESSAGE][PASSED] - Object: '' is clicked on

2021-02-05 13:22:48 - [MESSAGE][PASSED] - Select Arrow Menu "Real Time Disbursement"

2021-02-05 13:22:48 - [TEST_STEP][PASSED] - Select Menu "Dashboard for CCC/OCS": Select Menu "Dashboard for CCC/OCS"

2021-02-05 13:22:49 - [MESSAGE][PASSED] - Taking screenshot successfully
[[ATTACHMENT|/Users/chaidir.pratama01/Documents/Docs/Katalon Studio/Screenshot/test-Dashboard for CCC/OCS.png]]

2021-02-05 13:22:49 - [MESSAGE][PASSED] - Object '' is present

2021-02-05 13:22:49 - [MESSAGE][PASSED] - Object: '' is clicked on

2021-02-05 13:22:49 - [MESSAGE][PASSED] - Wait for page load successfully

2021-02-05 13:22:49 - [MESSAGE][PASSED] - Select Menu "Dashboard for CCC/OCS"

2021-02-05 13:22:49 - [TEST_STEP][PASSED] - Select STATUS "Eligible to disburse": Select STATUS "Eligible to disburse"

2021-02-05 13:22:49 - [MESSAGE][PASSED] - All options with value 'Eligible to disburse' are selected in object ''  using regular expression

2021-02-05 13:22:49 - [MESSAGE][PASSED] - Select STATUS "Eligible to disburse"

2021-02-05 13:22:49 - [TEST_STEP][PASSED] - Click button "Search": Click button "Search"

2021-02-05 13:22:49 - [MESSAGE][INFO] - >>>>>//Button[contains(text(),'Search')]

2021-02-05 13:22:52 - [MESSAGE][PASSED] - Object '' is present

2021-02-05 13:22:52 - [MESSAGE][PASSED] - Object: '' is clicked on

2021-02-05 13:22:53 - [MESSAGE][PASSED] - Switched to window with index: '0'

2021-02-05 13:22:53 - [MESSAGE][PASSED] - Click button "Search"

2021-02-05 13:22:53 - [TEST_STEP][PASSED] - Verify Search Result Presents: Verify Search Result Presents

2021-02-05 13:22:53 - [MESSAGE][PASSED] - Object '' is present

2021-02-05 13:23:00 - [MESSAGE][PASSED] - Verify Search Result Presents

2021-02-05 13:23:00 - [TEST_STEP][PASSED] - Click button "Logout": Click button "Logout"

2021-02-05 13:23:00 - [MESSAGE][INFO] - >>>>>//Button[contains(text(),'Logout')]

2021-02-05 13:23:03 - [MESSAGE][PASSED] - Object '' is present

2021-02-05 13:23:03 - [MESSAGE][PASSED] - Object: '' is clicked on

2021-02-05 13:23:03 - [MESSAGE][PASSED] - Switched to window with index: '0'

2021-02-05 13:23:03 - [MESSAGE][PASSED] - Click button "Logout"

2021-02-05 13:23:03 - [TEST_STEP][PASSED] - Close browser: Close browser

2021-02-05 13:23:03 - [MESSAGE][PASSED] - Browser is closed

2021-02-05 13:23:03 - [MESSAGE][PASSED] - Close browser

2021-02-05 13:23:03 - [TEST_CASE][PASSED] - Start Test Case : SCENARIO Search by STATUS Waiting approval from Risk: SCENARIO Search by STATUS Waiting approval from Risk

2021-02-05 13:23:03 - [TEST_STEP][PASSED] - Go to ISTools: Go to ISTools

2021-02-05 13:23:03 - [MESSAGE][INFO] - Starting 'Chrome (headless)' driver

2021-02-05 13:23:03 - [MESSAGE][INFO] - User set preference: ['args', '[--start-maximized, --disable-gpu, --no-proxy-server, –-no-sandbox, --allow-running-insecure-content, --ignore-certificate-errors, window-size=1680,814, force-device-scale-factor=2, --lang=en-GB]']

2021-02-05 13:23:03 - [MESSAGE][INFO] - User set preference: ['prefs', '{download.default_directory=/Users/chaidir.pratama01/Katalon Studio/IST_Automation_Git/Download}']

2021-02-05 13:23:03 - [MESSAGE][INFO] - Action delay is set to 0 milliseconds

2021-02-05 13:23:03 - [MESSAGE][PASSED] - Browser is opened with url: ''

2021-02-05 13:23:05 - [MESSAGE][PASSED] - Navigate to 'https://dev-istools.homecredit.id/foundation/' successfully

2021-02-05 13:23:05 - [MESSAGE][PASSED] - Go to ISTools

2021-02-05 13:23:05 - [TEST_STEP][PASSED] - Login IST with valid credentials: Login IST with valid credentials

2021-02-05 13:23:05 - [MESSAGE][PASSED] - Text 'mobile.test' is set on object 'Object Repository/Page_/input_Username_j_username'

2021-02-05 13:23:05 - [MESSAGE][PASSED] - Text ****** has been set on object 'Object Repository/Page_/input_Password_j_password'

2021-02-05 13:23:07 - [MESSAGE][PASSED] - Object: 'Object Repository/Page_/button_Login' is clicked on

2021-02-05 13:23:07 - [MESSAGE][PASSED] - Login IST with valid credentials

2021-02-05 13:23:07 - [TEST_STEP][PASSED] - Login Success: Login Success

2021-02-05 13:23:07 - [MESSAGE][INFO] - Login Success

2021-02-05 13:23:07 - [MESSAGE][PASSED] - Current window maximized

2021-02-05 13:23:07 - [MESSAGE][PASSED] - Object 'Object Repository/Page_/h1_Welcome to IT Supporting Tools' is present

2021-02-05 13:23:07 - [MESSAGE][PASSED] - Login Success

2021-02-05 13:23:07 - [TEST_STEP][PASSED] - Select Arrow Menu "Real Time Disbursement": Select Arrow Menu "Real Time Disbursement"

2021-02-05 13:23:07 - [MESSAGE][PASSED] - Object: '' is clicked on

2021-02-05 13:23:07 - [MESSAGE][PASSED] - Select Arrow Menu "Real Time Disbursement"

2021-02-05 13:23:07 - [TEST_STEP][PASSED] - Select Menu "Dashboard for CCC/OCS": Select Menu "Dashboard for CCC/OCS"

2021-02-05 13:23:07 - [MESSAGE][PASSED] - Taking screenshot successfully
[[ATTACHMENT|/Users/chaidir.pratama01/Documents/Docs/Katalon Studio/Screenshot/test-Dashboard for CCC/OCS.png]]

2021-02-05 13:23:07 - [MESSAGE][PASSED] - Object '' is present

2021-02-05 13:23:07 - [MESSAGE][PASSED] - Object: '' is clicked on

2021-02-05 13:23:08 - [MESSAGE][PASSED] - Wait for page load successfully

2021-02-05 13:23:08 - [MESSAGE][PASSED] - Select Menu "Dashboard for CCC/OCS"

2021-02-05 13:23:08 - [TEST_STEP][PASSED] - Select STATUS "Waiting approval from Risk": Select STATUS "Waiting approval from Risk"

2021-02-05 13:23:08 - [MESSAGE][PASSED] - All options with value 'Waiting approval from Risk' are selected in object ''  using regular expression

2021-02-05 13:23:08 - [MESSAGE][PASSED] - Select STATUS "Waiting approval from Risk"

2021-02-05 13:23:08 - [TEST_STEP][PASSED] - Click button "Search": Click button "Search"

2021-02-05 13:23:08 - [MESSAGE][INFO] - >>>>>//Button[contains(text(),'Search')]

2021-02-05 13:23:11 - [MESSAGE][PASSED] - Object '' is present

2021-02-05 13:23:11 - [MESSAGE][PASSED] - Object: '' is clicked on

2021-02-05 13:23:11 - [MESSAGE][PASSED] - Switched to window with index: '0'

2021-02-05 13:23:11 - [MESSAGE][PASSED] - Click button "Search"

2021-02-05 13:23:11 - [TEST_STEP][PASSED] - Verify Search Result Presents: Verify Search Result Presents

2021-02-05 13:23:11 - [MESSAGE][PASSED] - Object '' is present

2021-02-05 13:23:15 - [MESSAGE][PASSED] - Verify Search Result Presents

2021-02-05 13:23:15 - [TEST_STEP][PASSED] - Click button "Logout": Click button "Logout"

2021-02-05 13:23:15 - [MESSAGE][INFO] - >>>>>//Button[contains(text(),'Logout')]

2021-02-05 13:23:18 - [MESSAGE][PASSED] - Object '' is present

2021-02-05 13:23:18 - [MESSAGE][PASSED] - Object: '' is clicked on

2021-02-05 13:23:18 - [MESSAGE][PASSED] - Switched to window with index: '0'

2021-02-05 13:23:18 - [MESSAGE][PASSED] - Click button "Logout"

2021-02-05 13:23:18 - [TEST_STEP][PASSED] - Close browser: Close browser

2021-02-05 13:23:18 - [MESSAGE][PASSED] - Browser is closed

2021-02-05 13:23:18 - [MESSAGE][PASSED] - Close browser

2021-02-05 13:23:18 - [TEST_CASE][PASSED] - Start Test Case : SCENARIO Search by STATUS Waiting for approval from In Payment: SCENARIO Search by STATUS Waiting for approval from In Payment

2021-02-05 13:23:18 - [TEST_STEP][PASSED] - Go to ISTools: Go to ISTools

2021-02-05 13:23:18 - [MESSAGE][INFO] - Starting 'Chrome (headless)' driver

2021-02-05 13:23:18 - [MESSAGE][INFO] - User set preference: ['args', '[--start-maximized, --disable-gpu, --no-proxy-server, –-no-sandbox, --allow-running-insecure-content, --ignore-certificate-errors, window-size=1680,814, force-device-scale-factor=2, --lang=en-GB]']

2021-02-05 13:23:18 - [MESSAGE][INFO] - User set preference: ['prefs', '{download.default_directory=/Users/chaidir.pratama01/Katalon Studio/IST_Automation_Git/Download}']

2021-02-05 13:23:18 - [MESSAGE][INFO] - Action delay is set to 0 milliseconds

2021-02-05 13:23:19 - [MESSAGE][PASSED] - Browser is opened with url: ''

2021-02-05 13:23:21 - [MESSAGE][PASSED] - Navigate to 'https://dev-istools.homecredit.id/foundation/' successfully

2021-02-05 13:23:21 - [MESSAGE][PASSED] - Go to ISTools

2021-02-05 13:23:21 - [TEST_STEP][PASSED] - Login IST with valid credentials: Login IST with valid credentials

2021-02-05 13:23:21 - [MESSAGE][PASSED] - Text 'mobile.test' is set on object 'Object Repository/Page_/input_Username_j_username'

2021-02-05 13:23:21 - [MESSAGE][PASSED] - Text ****** has been set on object 'Object Repository/Page_/input_Password_j_password'

2021-02-05 13:23:22 - [MESSAGE][PASSED] - Object: 'Object Repository/Page_/button_Login' is clicked on

2021-02-05 13:23:22 - [MESSAGE][PASSED] - Login IST with valid credentials

2021-02-05 13:23:22 - [TEST_STEP][PASSED] - Login Success: Login Success

2021-02-05 13:23:22 - [MESSAGE][INFO] - Login Success

2021-02-05 13:23:22 - [MESSAGE][PASSED] - Current window maximized

2021-02-05 13:23:22 - [MESSAGE][PASSED] - Object 'Object Repository/Page_/h1_Welcome to IT Supporting Tools' is present

2021-02-05 13:23:22 - [MESSAGE][PASSED] - Login Success

2021-02-05 13:23:22 - [TEST_STEP][PASSED] - Select Arrow Menu "Real Time Disbursement": Select Arrow Menu "Real Time Disbursement"

2021-02-05 13:23:22 - [MESSAGE][PASSED] - Object: '' is clicked on

2021-02-05 13:23:22 - [MESSAGE][PASSED] - Select Arrow Menu "Real Time Disbursement"

2021-02-05 13:23:22 - [TEST_STEP][PASSED] - Select Menu "Dashboard for CCC/OCS": Select Menu "Dashboard for CCC/OCS"

2021-02-05 13:23:22 - [MESSAGE][PASSED] - Taking screenshot successfully
[[ATTACHMENT|/Users/chaidir.pratama01/Documents/Docs/Katalon Studio/Screenshot/test-Dashboard for CCC/OCS.png]]

2021-02-05 13:23:22 - [MESSAGE][PASSED] - Object '' is present

2021-02-05 13:23:23 - [MESSAGE][PASSED] - Object: '' is clicked on

2021-02-05 13:23:23 - [MESSAGE][PASSED] - Wait for page load successfully

2021-02-05 13:23:23 - [MESSAGE][PASSED] - Select Menu "Dashboard for CCC/OCS"

2021-02-05 13:23:23 - [TEST_STEP][PASSED] - Select STATUS "Waiting for approval from In Payment": Select STATUS "Waiting for approval from In Payment"

2021-02-05 13:23:23 - [MESSAGE][PASSED] - All options with value 'Waiting for approval from In Payment' are selected in object ''  using regular expression

2021-02-05 13:23:23 - [MESSAGE][PASSED] - Select STATUS "Waiting for approval from In Payment"

2021-02-05 13:23:23 - [TEST_STEP][PASSED] - Click button "Search": Click button "Search"

2021-02-05 13:23:23 - [MESSAGE][INFO] - >>>>>//Button[contains(text(),'Search')]

2021-02-05 13:23:26 - [MESSAGE][PASSED] - Object '' is present

2021-02-05 13:23:26 - [MESSAGE][PASSED] - Object: '' is clicked on

2021-02-05 13:23:26 - [MESSAGE][PASSED] - Switched to window with index: '0'

2021-02-05 13:23:26 - [MESSAGE][PASSED] - Click button "Search"

2021-02-05 13:23:26 - [TEST_STEP][PASSED] - Verify Search Result Presents: Verify Search Result Presents

2021-02-05 13:23:26 - [MESSAGE][PASSED] - Object '' is present

2021-02-05 13:23:27 - [MESSAGE][PASSED] - Verify Search Result Presents

2021-02-05 13:23:27 - [TEST_STEP][PASSED] - Click button "Logout": Click button "Logout"

2021-02-05 13:23:27 - [MESSAGE][INFO] - >>>>>//Button[contains(text(),'Logout')]

2021-02-05 13:23:30 - [MESSAGE][PASSED] - Object '' is present

2021-02-05 13:23:30 - [MESSAGE][PASSED] - Object: '' is clicked on

2021-02-05 13:23:30 - [MESSAGE][PASSED] - Switched to window with index: '0'

2021-02-05 13:23:30 - [MESSAGE][PASSED] - Click button "Logout"

2021-02-05 13:23:30 - [TEST_STEP][PASSED] - Close browser: Close browser

2021-02-05 13:23:30 - [MESSAGE][PASSED] - Browser is closed

2021-02-05 13:23:30 - [MESSAGE][PASSED] - Close browser

2021-02-05 13:23:30 - [TEST_CASE][PASSED] - Start Test Case : SCENARIO Search by STATUS Not eligible to disburse: SCENARIO Search by STATUS Not eligible to disburse

2021-02-05 13:23:30 - [TEST_STEP][PASSED] - Go to ISTools: Go to ISTools

2021-02-05 13:23:30 - [MESSAGE][INFO] - Starting 'Chrome (headless)' driver

2021-02-05 13:23:30 - [MESSAGE][INFO] - User set preference: ['args', '[--start-maximized, --disable-gpu, --no-proxy-server, –-no-sandbox, --allow-running-insecure-content, --ignore-certificate-errors, window-size=1680,814, force-device-scale-factor=2, --lang=en-GB]']

2021-02-05 13:23:30 - [MESSAGE][INFO] - User set preference: ['prefs', '{download.default_directory=/Users/chaidir.pratama01/Katalon Studio/IST_Automation_Git/Download}']

2021-02-05 13:23:30 - [MESSAGE][INFO] - Action delay is set to 0 milliseconds

2021-02-05 13:23:31 - [MESSAGE][PASSED] - Browser is opened with url: ''

2021-02-05 13:23:33 - [MESSAGE][PASSED] - Navigate to 'https://dev-istools.homecredit.id/foundation/' successfully

2021-02-05 13:23:33 - [MESSAGE][PASSED] - Go to ISTools

2021-02-05 13:23:33 - [TEST_STEP][PASSED] - Login IST with valid credentials: Login IST with valid credentials

2021-02-05 13:23:34 - [MESSAGE][PASSED] - Text 'mobile.test' is set on object 'Object Repository/Page_/input_Username_j_username'

2021-02-05 13:23:34 - [MESSAGE][PASSED] - Text ****** has been set on object 'Object Repository/Page_/input_Password_j_password'

2021-02-05 13:23:34 - [MESSAGE][PASSED] - Object: 'Object Repository/Page_/button_Login' is clicked on

2021-02-05 13:23:34 - [MESSAGE][PASSED] - Login IST with valid credentials

2021-02-05 13:23:34 - [TEST_STEP][PASSED] - Login Success: Login Success

2021-02-05 13:23:34 - [MESSAGE][INFO] - Login Success

2021-02-05 13:23:34 - [MESSAGE][PASSED] - Current window maximized

2021-02-05 13:23:34 - [MESSAGE][PASSED] - Object 'Object Repository/Page_/h1_Welcome to IT Supporting Tools' is present

2021-02-05 13:23:34 - [MESSAGE][PASSED] - Login Success

2021-02-05 13:23:34 - [TEST_STEP][PASSED] - Select Arrow Menu "Real Time Disbursement": Select Arrow Menu "Real Time Disbursement"

2021-02-05 13:23:34 - [MESSAGE][PASSED] - Object: '' is clicked on

2021-02-05 13:23:34 - [MESSAGE][PASSED] - Select Arrow Menu "Real Time Disbursement"

2021-02-05 13:23:34 - [TEST_STEP][PASSED] - Select Menu "Dashboard for CCC/OCS": Select Menu "Dashboard for CCC/OCS"

2021-02-05 13:23:35 - [MESSAGE][PASSED] - Taking screenshot successfully
[[ATTACHMENT|/Users/chaidir.pratama01/Documents/Docs/Katalon Studio/Screenshot/test-Dashboard for CCC/OCS.png]]

2021-02-05 13:23:35 - [MESSAGE][PASSED] - Object '' is present

2021-02-05 13:23:35 - [MESSAGE][PASSED] - Object: '' is clicked on

2021-02-05 13:23:35 - [MESSAGE][PASSED] - Wait for page load successfully

2021-02-05 13:23:35 - [MESSAGE][PASSED] - Select Menu "Dashboard for CCC/OCS"

2021-02-05 13:23:35 - [TEST_STEP][PASSED] - Select STATUS "Not eligible to disburse": Select STATUS "Not eligible to disburse"

2021-02-05 13:23:36 - [MESSAGE][PASSED] - All options with value 'Not eligible to disburse' are selected in object ''  using regular expression

2021-02-05 13:23:36 - [MESSAGE][PASSED] - Select STATUS "Not eligible to disburse"

2021-02-05 13:23:36 - [TEST_STEP][PASSED] - Click button "Search": Click button "Search"

2021-02-05 13:23:36 - [MESSAGE][INFO] - >>>>>//Button[contains(text(),'Search')]

2021-02-05 13:23:39 - [MESSAGE][PASSED] - Object '' is present

2021-02-05 13:23:39 - [MESSAGE][PASSED] - Object: '' is clicked on

2021-02-05 13:23:39 - [MESSAGE][PASSED] - Switched to window with index: '0'

2021-02-05 13:23:39 - [MESSAGE][PASSED] - Click button "Search"

2021-02-05 13:23:39 - [TEST_STEP][PASSED] - Verify Search Result Presents: Verify Search Result Presents

2021-02-05 13:23:39 - [MESSAGE][PASSED] - Object '' is present

2021-02-05 13:23:45 - [MESSAGE][PASSED] - Verify Search Result Presents

2021-02-05 13:23:45 - [TEST_STEP][PASSED] - Click button "Logout": Click button "Logout"

2021-02-05 13:23:45 - [MESSAGE][INFO] - >>>>>//Button[contains(text(),'Logout')]

2021-02-05 13:23:48 - [MESSAGE][PASSED] - Object '' is present

2021-02-05 13:23:49 - [MESSAGE][PASSED] - Object: '' is clicked on

2021-02-05 13:23:49 - [MESSAGE][PASSED] - Switched to window with index: '0'

2021-02-05 13:23:49 - [MESSAGE][PASSED] - Click button "Logout"

2021-02-05 13:23:49 - [TEST_STEP][PASSED] - Close browser: Close browser

2021-02-05 13:23:49 - [MESSAGE][PASSED] - Browser is closed

2021-02-05 13:23:49 - [MESSAGE][PASSED] - Close browser

2021-02-05 13:23:49 - [TEST_CASE][PASSED] - Start Test Case : SCENARIO Search by STATUS Ready to disburse: SCENARIO Search by STATUS Ready to disburse

2021-02-05 13:23:49 - [TEST_STEP][PASSED] - Go to ISTools: Go to ISTools

2021-02-05 13:23:49 - [MESSAGE][INFO] - Starting 'Chrome (headless)' driver

2021-02-05 13:23:49 - [MESSAGE][INFO] - User set preference: ['args', '[--start-maximized, --disable-gpu, --no-proxy-server, –-no-sandbox, --allow-running-insecure-content, --ignore-certificate-errors, window-size=1680,814, force-device-scale-factor=2, --lang=en-GB]']

2021-02-05 13:23:49 - [MESSAGE][INFO] - User set preference: ['prefs', '{download.default_directory=/Users/chaidir.pratama01/Katalon Studio/IST_Automation_Git/Download}']

2021-02-05 13:23:49 - [MESSAGE][INFO] - Action delay is set to 0 milliseconds

2021-02-05 13:23:49 - [MESSAGE][PASSED] - Browser is opened with url: ''

2021-02-05 13:23:51 - [MESSAGE][PASSED] - Navigate to 'https://dev-istools.homecredit.id/foundation/' successfully

2021-02-05 13:23:51 - [MESSAGE][PASSED] - Go to ISTools

2021-02-05 13:23:51 - [TEST_STEP][PASSED] - Login IST with valid credentials: Login IST with valid credentials

2021-02-05 13:23:51 - [MESSAGE][PASSED] - Text 'mobile.test' is set on object 'Object Repository/Page_/input_Username_j_username'

2021-02-05 13:23:51 - [MESSAGE][PASSED] - Text ****** has been set on object 'Object Repository/Page_/input_Password_j_password'

2021-02-05 13:23:52 - [MESSAGE][PASSED] - Object: 'Object Repository/Page_/button_Login' is clicked on

2021-02-05 13:23:52 - [MESSAGE][PASSED] - Login IST with valid credentials

2021-02-05 13:23:52 - [TEST_STEP][PASSED] - Login Success: Login Success

2021-02-05 13:23:52 - [MESSAGE][INFO] - Login Success

2021-02-05 13:23:52 - [MESSAGE][PASSED] - Current window maximized

2021-02-05 13:23:53 - [MESSAGE][PASSED] - Object 'Object Repository/Page_/h1_Welcome to IT Supporting Tools' is present

2021-02-05 13:23:53 - [MESSAGE][PASSED] - Login Success

2021-02-05 13:23:53 - [TEST_STEP][PASSED] - Select Arrow Menu "Real Time Disbursement": Select Arrow Menu "Real Time Disbursement"

2021-02-05 13:23:53 - [MESSAGE][PASSED] - Object: '' is clicked on

2021-02-05 13:23:53 - [MESSAGE][PASSED] - Select Arrow Menu "Real Time Disbursement"

2021-02-05 13:23:53 - [TEST_STEP][PASSED] - Select Menu "Dashboard for CCC/OCS": Select Menu "Dashboard for CCC/OCS"

2021-02-05 13:23:53 - [MESSAGE][PASSED] - Taking screenshot successfully
[[ATTACHMENT|/Users/chaidir.pratama01/Documents/Docs/Katalon Studio/Screenshot/test-Dashboard for CCC/OCS.png]]

2021-02-05 13:23:53 - [MESSAGE][PASSED] - Object '' is present

2021-02-05 13:23:53 - [MESSAGE][PASSED] - Object: '' is clicked on

2021-02-05 13:23:53 - [MESSAGE][PASSED] - Wait for page load successfully

2021-02-05 13:23:53 - [MESSAGE][PASSED] - Select Menu "Dashboard for CCC/OCS"

2021-02-05 13:23:53 - [TEST_STEP][PASSED] - Select STATUS "Ready to disburse": Select STATUS "Ready to disburse"

2021-02-05 13:23:54 - [MESSAGE][PASSED] - All options with value 'Ready to disburse' are selected in object ''  using regular expression

2021-02-05 13:23:54 - [MESSAGE][PASSED] - Select STATUS "Ready to disburse"

2021-02-05 13:23:54 - [TEST_STEP][PASSED] - Click button "Search": Click button "Search"

2021-02-05 13:23:54 - [MESSAGE][INFO] - >>>>>//Button[contains(text(),'Search')]

2021-02-05 13:23:57 - [MESSAGE][PASSED] - Object '' is present

2021-02-05 13:23:57 - [MESSAGE][PASSED] - Object: '' is clicked on

2021-02-05 13:23:57 - [MESSAGE][PASSED] - Switched to window with index: '0'

2021-02-05 13:23:57 - [MESSAGE][PASSED] - Click button "Search"

2021-02-05 13:23:57 - [TEST_STEP][PASSED] - Verify Search Result Presents: Verify Search Result Presents

2021-02-05 13:23:57 - [MESSAGE][PASSED] - Object '' is present

2021-02-05 13:23:59 - [MESSAGE][PASSED] - Verify Search Result Presents

2021-02-05 13:23:59 - [TEST_STEP][PASSED] - Click button "Logout": Click button "Logout"

2021-02-05 13:23:59 - [MESSAGE][INFO] - >>>>>//Button[contains(text(),'Logout')]

2021-02-05 13:24:02 - [MESSAGE][PASSED] - Object '' is present

2021-02-05 13:24:02 - [MESSAGE][PASSED] - Object: '' is clicked on

2021-02-05 13:24:02 - [MESSAGE][PASSED] - Switched to window with index: '0'

2021-02-05 13:24:02 - [MESSAGE][PASSED] - Click button "Logout"

2021-02-05 13:24:02 - [TEST_STEP][PASSED] - Close browser: Close browser

2021-02-05 13:24:02 - [MESSAGE][PASSED] - Browser is closed

2021-02-05 13:24:02 - [MESSAGE][PASSED] - Close browser

2021-02-05 13:24:02 - [TEST_CASE][PASSED] - Start Test Case : SCENARIO Search by STATUS Failed due to invalid bank account: SCENARIO Search by STATUS Failed due to invalid bank account

2021-02-05 13:24:02 - [TEST_STEP][PASSED] - Go to ISTools: Go to ISTools

2021-02-05 13:24:02 - [MESSAGE][INFO] - Starting 'Chrome (headless)' driver

2021-02-05 13:24:02 - [MESSAGE][INFO] - User set preference: ['args', '[--start-maximized, --disable-gpu, --no-proxy-server, –-no-sandbox, --allow-running-insecure-content, --ignore-certificate-errors, window-size=1680,814, force-device-scale-factor=2, --lang=en-GB]']

2021-02-05 13:24:02 - [MESSAGE][INFO] - User set preference: ['prefs', '{download.default_directory=/Users/chaidir.pratama01/Katalon Studio/IST_Automation_Git/Download}']

2021-02-05 13:24:02 - [MESSAGE][INFO] - Action delay is set to 0 milliseconds

2021-02-05 13:24:03 - [MESSAGE][PASSED] - Browser is opened with url: ''

2021-02-05 13:24:05 - [MESSAGE][PASSED] - Navigate to 'https://dev-istools.homecredit.id/foundation/' successfully

2021-02-05 13:24:05 - [MESSAGE][PASSED] - Go to ISTools

2021-02-05 13:24:05 - [TEST_STEP][PASSED] - Login IST with valid credentials: Login IST with valid credentials

2021-02-05 13:24:05 - [MESSAGE][PASSED] - Text 'mobile.test' is set on object 'Object Repository/Page_/input_Username_j_username'

2021-02-05 13:24:05 - [MESSAGE][PASSED] - Text ****** has been set on object 'Object Repository/Page_/input_Password_j_password'

2021-02-05 13:24:05 - [MESSAGE][PASSED] - Object: 'Object Repository/Page_/button_Login' is clicked on

2021-02-05 13:24:05 - [MESSAGE][PASSED] - Login IST with valid credentials

2021-02-05 13:24:05 - [TEST_STEP][PASSED] - Login Success: Login Success

2021-02-05 13:24:05 - [MESSAGE][INFO] - Login Success

2021-02-05 13:24:06 - [MESSAGE][PASSED] - Current window maximized

2021-02-05 13:24:06 - [MESSAGE][PASSED] - Object 'Object Repository/Page_/h1_Welcome to IT Supporting Tools' is present

2021-02-05 13:24:06 - [MESSAGE][PASSED] - Login Success

2021-02-05 13:24:06 - [TEST_STEP][PASSED] - Select Arrow Menu "Real Time Disbursement": Select Arrow Menu "Real Time Disbursement"

2021-02-05 13:24:06 - [MESSAGE][PASSED] - Object: '' is clicked on

2021-02-05 13:24:06 - [MESSAGE][PASSED] - Select Arrow Menu "Real Time Disbursement"

2021-02-05 13:24:06 - [TEST_STEP][PASSED] - Select Menu "Dashboard for CCC/OCS": Select Menu "Dashboard for CCC/OCS"

2021-02-05 13:24:06 - [MESSAGE][PASSED] - Taking screenshot successfully
[[ATTACHMENT|/Users/chaidir.pratama01/Documents/Docs/Katalon Studio/Screenshot/test-Dashboard for CCC/OCS.png]]

2021-02-05 13:24:06 - [MESSAGE][PASSED] - Object '' is present

2021-02-05 13:24:06 - [MESSAGE][PASSED] - Object: '' is clicked on

2021-02-05 13:24:06 - [MESSAGE][PASSED] - Wait for page load successfully

2021-02-05 13:24:06 - [MESSAGE][PASSED] - Select Menu "Dashboard for CCC/OCS"

2021-02-05 13:24:06 - [TEST_STEP][PASSED] - Select STATUS "Failed due to invalid bank account": Select STATUS "Failed due to invalid bank account"

2021-02-05 13:24:07 - [MESSAGE][PASSED] - All options with value 'Failed due to invalid bank account' are selected in object ''  using regular expression

2021-02-05 13:24:07 - [MESSAGE][PASSED] - Select STATUS "Failed due to invalid bank account"

2021-02-05 13:24:07 - [TEST_STEP][PASSED] - Click button "Search": Click button "Search"

2021-02-05 13:24:07 - [MESSAGE][INFO] - >>>>>//Button[contains(text(),'Search')]

2021-02-05 13:24:10 - [MESSAGE][PASSED] - Object '' is present

2021-02-05 13:24:10 - [MESSAGE][PASSED] - Object: '' is clicked on

2021-02-05 13:24:10 - [MESSAGE][PASSED] - Switched to window with index: '0'

2021-02-05 13:24:10 - [MESSAGE][PASSED] - Click button "Search"

2021-02-05 13:24:10 - [TEST_STEP][PASSED] - Verify Search Result Presents: Verify Search Result Presents

2021-02-05 13:24:10 - [MESSAGE][PASSED] - Object '' is present

2021-02-05 13:24:12 - [MESSAGE][PASSED] - Verify Search Result Presents

2021-02-05 13:24:12 - [TEST_STEP][PASSED] - Click button "Logout": Click button "Logout"

2021-02-05 13:24:12 - [MESSAGE][INFO] - >>>>>//Button[contains(text(),'Logout')]

2021-02-05 13:24:15 - [MESSAGE][PASSED] - Object '' is present

2021-02-05 13:24:15 - [MESSAGE][PASSED] - Object: '' is clicked on

2021-02-05 13:24:15 - [MESSAGE][PASSED] - Switched to window with index: '0'

2021-02-05 13:24:15 - [MESSAGE][PASSED] - Click button "Logout"

2021-02-05 13:24:15 - [TEST_STEP][PASSED] - Close browser: Close browser

2021-02-05 13:24:16 - [MESSAGE][PASSED] - Browser is closed

2021-02-05 13:24:16 - [MESSAGE][PASSED] - Close browser

2021-02-05 13:24:16 - [TEST_CASE][PASSED] - Start Test Case : SCENARIO Search by STATUS Failed due to system error: SCENARIO Search by STATUS Failed due to system error

2021-02-05 13:24:16 - [TEST_STEP][PASSED] - Go to ISTools: Go to ISTools

2021-02-05 13:24:16 - [MESSAGE][INFO] - Starting 'Chrome (headless)' driver

2021-02-05 13:24:16 - [MESSAGE][INFO] - User set preference: ['args', '[--start-maximized, --disable-gpu, --no-proxy-server, –-no-sandbox, --allow-running-insecure-content, --ignore-certificate-errors, window-size=1680,814, force-device-scale-factor=2, --lang=en-GB]']

2021-02-05 13:24:16 - [MESSAGE][INFO] - User set preference: ['prefs', '{download.default_directory=/Users/chaidir.pratama01/Katalon Studio/IST_Automation_Git/Download}']

2021-02-05 13:24:16 - [MESSAGE][INFO] - Action delay is set to 0 milliseconds

2021-02-05 13:24:16 - [MESSAGE][PASSED] - Browser is opened with url: ''

2021-02-05 13:24:21 - [MESSAGE][PASSED] - Navigate to 'https://dev-istools.homecredit.id/foundation/' successfully

2021-02-05 13:24:21 - [MESSAGE][PASSED] - Go to ISTools

2021-02-05 13:24:21 - [TEST_STEP][PASSED] - Login IST with valid credentials: Login IST with valid credentials

2021-02-05 13:24:21 - [MESSAGE][PASSED] - Text 'mobile.test' is set on object 'Object Repository/Page_/input_Username_j_username'

2021-02-05 13:24:21 - [MESSAGE][PASSED] - Text ****** has been set on object 'Object Repository/Page_/input_Password_j_password'

2021-02-05 13:24:22 - [MESSAGE][PASSED] - Object: 'Object Repository/Page_/button_Login' is clicked on

2021-02-05 13:24:22 - [MESSAGE][PASSED] - Login IST with valid credentials

2021-02-05 13:24:22 - [TEST_STEP][PASSED] - Login Success: Login Success

2021-02-05 13:24:22 - [MESSAGE][INFO] - Login Success

2021-02-05 13:24:22 - [MESSAGE][PASSED] - Current window maximized

2021-02-05 13:24:22 - [MESSAGE][PASSED] - Object 'Object Repository/Page_/h1_Welcome to IT Supporting Tools' is present

2021-02-05 13:24:22 - [MESSAGE][PASSED] - Login Success

2021-02-05 13:24:22 - [TEST_STEP][PASSED] - Select Arrow Menu "Real Time Disbursement": Select Arrow Menu "Real Time Disbursement"

2021-02-05 13:24:22 - [MESSAGE][PASSED] - Object: '' is clicked on

2021-02-05 13:24:22 - [MESSAGE][PASSED] - Select Arrow Menu "Real Time Disbursement"

2021-02-05 13:24:22 - [TEST_STEP][PASSED] - Select Menu "Dashboard for CCC/OCS": Select Menu "Dashboard for CCC/OCS"

2021-02-05 13:24:23 - [MESSAGE][PASSED] - Taking screenshot successfully
[[ATTACHMENT|/Users/chaidir.pratama01/Documents/Docs/Katalon Studio/Screenshot/test-Dashboard for CCC/OCS.png]]

2021-02-05 13:24:23 - [MESSAGE][PASSED] - Object '' is present

2021-02-05 13:24:23 - [MESSAGE][PASSED] - Object: '' is clicked on

2021-02-05 13:24:23 - [MESSAGE][PASSED] - Wait for page load successfully

2021-02-05 13:24:23 - [MESSAGE][PASSED] - Select Menu "Dashboard for CCC/OCS"

2021-02-05 13:24:23 - [TEST_STEP][PASSED] - Select STATUS "Failed due to system error": Select STATUS "Failed due to system error"

2021-02-05 13:24:24 - [MESSAGE][PASSED] - All options with value 'Failed due to system error' are selected in object ''  using regular expression

2021-02-05 13:24:24 - [MESSAGE][PASSED] - Select STATUS "Failed due to system error"

2021-02-05 13:24:24 - [TEST_STEP][PASSED] - Click button "Search": Click button "Search"

2021-02-05 13:24:24 - [MESSAGE][INFO] - >>>>>//Button[contains(text(),'Search')]

2021-02-05 13:24:27 - [MESSAGE][PASSED] - Object '' is present

2021-02-05 13:24:27 - [MESSAGE][PASSED] - Object: '' is clicked on

2021-02-05 13:24:27 - [MESSAGE][PASSED] - Switched to window with index: '0'

2021-02-05 13:24:27 - [MESSAGE][PASSED] - Click button "Search"

2021-02-05 13:24:27 - [TEST_STEP][PASSED] - Verify Search Result Presents: Verify Search Result Presents

2021-02-05 13:24:27 - [MESSAGE][PASSED] - Object '' is present

2021-02-05 13:24:30 - [MESSAGE][PASSED] - Verify Search Result Presents

2021-02-05 13:24:30 - [TEST_STEP][PASSED] - Click button "Logout": Click button "Logout"

2021-02-05 13:24:30 - [MESSAGE][INFO] - >>>>>//Button[contains(text(),'Logout')]

2021-02-05 13:24:33 - [MESSAGE][PASSED] - Object '' is present

2021-02-05 13:24:33 - [MESSAGE][PASSED] - Object: '' is clicked on

2021-02-05 13:24:33 - [MESSAGE][PASSED] - Switched to window with index: '0'

2021-02-05 13:24:33 - [MESSAGE][PASSED] - Click button "Logout"

2021-02-05 13:24:33 - [TEST_STEP][PASSED] - Close browser: Close browser

2021-02-05 13:24:33 - [MESSAGE][PASSED] - Browser is closed

2021-02-05 13:24:33 - [MESSAGE][PASSED] - Close browser

2021-02-05 13:24:33 - [TEST_CASE][PASSED] - Start Test Case : SCENARIO Search by STATUS Failed due to insufficient fund: SCENARIO Search by STATUS Failed due to insufficient fund

2021-02-05 13:24:33 - [TEST_STEP][PASSED] - Go to ISTools: Go to ISTools

2021-02-05 13:24:33 - [MESSAGE][INFO] - Starting 'Chrome (headless)' driver

2021-02-05 13:24:33 - [MESSAGE][INFO] - User set preference: ['args', '[--start-maximized, --disable-gpu, --no-proxy-server, –-no-sandbox, --allow-running-insecure-content, --ignore-certificate-errors, window-size=1680,814, force-device-scale-factor=2, --lang=en-GB]']

2021-02-05 13:24:33 - [MESSAGE][INFO] - User set preference: ['prefs', '{download.default_directory=/Users/chaidir.pratama01/Katalon Studio/IST_Automation_Git/Download}']

2021-02-05 13:24:33 - [MESSAGE][INFO] - Action delay is set to 0 milliseconds

2021-02-05 13:24:34 - [MESSAGE][PASSED] - Browser is opened with url: ''

2021-02-05 13:24:36 - [MESSAGE][PASSED] - Navigate to 'https://dev-istools.homecredit.id/foundation/' successfully

2021-02-05 13:24:36 - [MESSAGE][PASSED] - Go to ISTools

2021-02-05 13:24:36 - [TEST_STEP][PASSED] - Login IST with valid credentials: Login IST with valid credentials

2021-02-05 13:24:36 - [MESSAGE][PASSED] - Text 'mobile.test' is set on object 'Object Repository/Page_/input_Username_j_username'

2021-02-05 13:24:36 - [MESSAGE][PASSED] - Text ****** has been set on object 'Object Repository/Page_/input_Password_j_password'

2021-02-05 13:24:37 - [MESSAGE][PASSED] - Object: 'Object Repository/Page_/button_Login' is clicked on

2021-02-05 13:24:37 - [MESSAGE][PASSED] - Login IST with valid credentials

2021-02-05 13:24:37 - [TEST_STEP][PASSED] - Login Success: Login Success

2021-02-05 13:24:37 - [MESSAGE][INFO] - Login Success

2021-02-05 13:24:37 - [MESSAGE][PASSED] - Current window maximized

2021-02-05 13:24:37 - [MESSAGE][PASSED] - Object 'Object Repository/Page_/h1_Welcome to IT Supporting Tools' is present

2021-02-05 13:24:37 - [MESSAGE][PASSED] - Login Success

2021-02-05 13:24:37 - [TEST_STEP][PASSED] - Select Arrow Menu "Real Time Disbursement": Select Arrow Menu "Real Time Disbursement"

2021-02-05 13:24:37 - [MESSAGE][PASSED] - Object: '' is clicked on

2021-02-05 13:24:37 - [MESSAGE][PASSED] - Select Arrow Menu "Real Time Disbursement"

2021-02-05 13:24:37 - [TEST_STEP][PASSED] - Select Menu "Dashboard for CCC/OCS": Select Menu "Dashboard for CCC/OCS"

2021-02-05 13:24:38 - [MESSAGE][PASSED] - Taking screenshot successfully
[[ATTACHMENT|/Users/chaidir.pratama01/Documents/Docs/Katalon Studio/Screenshot/test-Dashboard for CCC/OCS.png]]

2021-02-05 13:24:38 - [MESSAGE][PASSED] - Object '' is present

2021-02-05 13:24:38 - [MESSAGE][PASSED] - Object: '' is clicked on

2021-02-05 13:24:38 - [MESSAGE][PASSED] - Wait for page load successfully

2021-02-05 13:24:38 - [MESSAGE][PASSED] - Select Menu "Dashboard for CCC/OCS"

2021-02-05 13:24:38 - [TEST_STEP][PASSED] - Select STATUS "Failed due to insufficient fund": Select STATUS "Failed due to insufficient fund"

2021-02-05 13:24:38 - [MESSAGE][PASSED] - All options with value 'Failed due to insufficient fund' are selected in object ''  using regular expression

2021-02-05 13:24:38 - [MESSAGE][PASSED] - Select STATUS "Failed due to insufficient fund"

2021-02-05 13:24:38 - [TEST_STEP][PASSED] - Click button "Search": Click button "Search"

2021-02-05 13:24:38 - [MESSAGE][INFO] - >>>>>//Button[contains(text(),'Search')]

2021-02-05 13:24:41 - [MESSAGE][PASSED] - Object '' is present

2021-02-05 13:24:41 - [MESSAGE][PASSED] - Object: '' is clicked on

2021-02-05 13:24:41 - [MESSAGE][PASSED] - Switched to window with index: '0'

2021-02-05 13:24:41 - [MESSAGE][PASSED] - Click button "Search"

2021-02-05 13:24:41 - [TEST_STEP][PASSED] - Verify Search Result Presents: Verify Search Result Presents

2021-02-05 13:24:45 - [MESSAGE][INFO] - Unable to find the element located by 'By.xpath: //td[@style='display:none' and contains(text(),'-Empty-')]'. Please recheck the objects properties to make sure the desired element is located. 

2021-02-05 13:24:46 - [MESSAGE][WARNING] - com.kms.katalon.core.webui.exception.WebElementNotFoundException: Web element with id: '' located by '//td[@style='display:none' and contains(text(),'-Empty-')]' not found (Root cause: com.kms.katalon.core.exception.StepFailedException: com.kms.katalon.core.webui.exception.WebElementNotFoundException: Web element with id: '' located by '//td[@style='display:none' and contains(text(),'-Empty-')]' not found
	at com.kms.katalon.core.webui.keyword.internal.WebUIKeywordMain.stepFailed(WebUIKeywordMain.groovy:64)
	at com.kms.katalon.core.webui.keyword.builtin.VerifyElementPresentKeyword$_verifyElementPresent_closure1.doCall(VerifyElementPresentKeyword.groovy:85)
	at com.kms.katalon.core.webui.keyword.builtin.VerifyElementPresentKeyword$_verifyElementPresent_closure1.call(VerifyElementPresentKeyword.groovy)
	at com.kms.katalon.core.webui.keyword.internal.WebUIKeywordMain.runKeyword(WebUIKeywordMain.groovy:20)
	at com.kms.katalon.core.webui.keyword.builtin.VerifyElementPresentKeyword.verifyElementPresent(VerifyElementPresentKeyword.groovy:92)
	at com.kms.katalon.core.webui.keyword.builtin.VerifyElementPresentKeyword.execute(VerifyElementPresentKeyword.groovy:68)
	at com.kms.katalon.core.keyword.internal.KeywordExecutor.executeKeywordForPlatform(KeywordExecutor.groovy:73)
	at com.kms.katalon.core.webui.keyword.WebUiBuiltInKeywords.verifyElementPresent(WebUiBuiltInKeywords.groovy:1444)
	at com.kms.katalon.core.webui.keyword.WebUiBuiltInKeywords$verifyElementPresent$11.call(Unknown Source)
	at ist_real.Contract_Dispatcher.VerifyTblFilled(Contract_Dispatcher.groovy:1313)
	at ist_real.Contract_Dispatcher$VerifyTblFilled$0.call(Unknown Source)
	at RTD.Search_Result_Presents(RTD.groovy:189)
	at cucumber.runtime.Utils$1.call(Utils.java:26)
	at cucumber.runtime.Timeout.timeout(Timeout.java:16)
	at cucumber.runtime.Utils.invoke(Utils.java:20)
	at cucumber.runtime.java.JavaStepDefinition.execute(JavaStepDefinition.java:48)
	at cucumber.runtime.PickleStepDefinitionMatch.runStep(PickleStepDefinitionMatch.java:50)
	at cucumber.runner.TestStep.executeStep(TestStep.java:55)
	at cucumber.runner.TestStep.run(TestStep.java:42)
	at cucumber.runner.PickleStepTestStep.run(PickleStepTestStep.java:53)
	at cucumber.runner.TestCase.run(TestCase.java:47)
	at cucumber.runner.Runner.runPickle(Runner.java:44)
	at cucumber.runtime.Runtime.runFeature(Runtime.java:120)
	at cucumber.runtime.Runtime.run(Runtime.java:106)
	at cucumber.api.cli.Main.run(Main.java:35)
	at cucumber.api.cli.Main$run.call(Unknown Source)
	at com.kms.katalon.core.cucumber.keyword.CucumberBuiltinKeywords$_runFeatureFile_closure1.doCall(CucumberBuiltinKeywords.groovy:76)
	at com.kms.katalon.core.cucumber.keyword.CucumberBuiltinKeywords$_runFeatureFile_closure1.doCall(CucumberBuiltinKeywords.groovy)
	at com.kms.katalon.core.keyword.internal.KeywordMain.runKeyword(KeywordMain.groovy:68)
	at com.kms.katalon.core.keyword.internal.KeywordMain$runKeyword.call(Unknown Source)
	at com.kms.katalon.core.cucumber.keyword.CucumberBuiltinKeywords.runFeatureFile(CucumberBuiltinKeywords.groovy:46)
	at com.kms.katalon.core.cucumber.keyword.CucumberBuiltinKeywords$runFeatureFile$0.callStatic(Unknown Source)
	at com.kms.katalon.core.cucumber.keyword.CucumberBuiltinKeywords.runFeatureFile(CucumberBuiltinKeywords.groovy:169)
	at com.kms.katalon.core.cucumber.keyword.CucumberBuiltinKeywords$runFeatureFile.call(Unknown Source)
	at TC_Search_by_Status.run(TC_Search_by_Status:18)
	at com.kms.katalon.core.main.ScriptEngine.run(ScriptEngine.java:194)
	at com.kms.katalon.core.main.ScriptEngine.runScriptAsRawText(ScriptEngine.java:119)
	at com.kms.katalon.core.main.TestCaseExecutor.runScript(TestCaseExecutor.java:339)
	at com.kms.katalon.core.main.TestCaseExecutor.doExecute(TestCaseExecutor.java:330)
	at com.kms.katalon.core.main.TestCaseExecutor.processExecutionPhase(TestCaseExecutor.java:309)
	at com.kms.katalon.core.main.TestCaseExecutor.accessMainPhase(TestCaseExecutor.java:301)
	at com.kms.katalon.core.main.TestCaseExecutor.execute(TestCaseExecutor.java:235)
	at com.kms.katalon.core.main.TestSuiteExecutor.accessTestCaseMainPhase(TestSuiteExecutor.java:191)
	at com.kms.katalon.core.main.TestSuiteExecutor.accessTestSuiteMainPhase(TestSuiteExecutor.java:141)
	at com.kms.katalon.core.main.TestSuiteExecutor.execute(TestSuiteExecutor.java:90)
	at com.kms.katalon.core.main.TestCaseMain.startTestSuite(TestCaseMain.java:157)
	at com.kms.katalon.core.main.TestCaseMain$startTestSuite$0.call(Unknown Source)
	at TempTestSuite1612505437790.run(TempTestSuite1612505437790.groovy:39)
)
[[ATTACHMENT|/Users/chaidir.pratama01/Katalon Studio/IST_Automation_Git/Reports/20210205_131034/RTD/TS_Dashboard_for_CCC_OCS/20210205_131037/1612506285959.png]]

2021-02-05 13:24:46 - [MESSAGE][PASSED] - Verify Search Result Presents

2021-02-05 13:24:46 - [TEST_STEP][PASSED] - Click button "Logout": Click button "Logout"

2021-02-05 13:24:46 - [MESSAGE][INFO] - >>>>>//Button[contains(text(),'Logout')]

2021-02-05 13:24:49 - [MESSAGE][PASSED] - Object '' is present

2021-02-05 13:24:49 - [MESSAGE][PASSED] - Object: '' is clicked on

2021-02-05 13:24:49 - [MESSAGE][PASSED] - Switched to window with index: '0'

2021-02-05 13:24:49 - [MESSAGE][PASSED] - Click button "Logout"

2021-02-05 13:24:49 - [TEST_STEP][PASSED] - Close browser: Close browser

2021-02-05 13:24:49 - [MESSAGE][PASSED] - Browser is closed

2021-02-05 13:24:49 - [MESSAGE][PASSED] - Close browser

2021-02-05 13:24:49 - [TEST_CASE][PASSED] - Start Test Case : SCENARIO Search by STATUS Failed due to not supported bank: SCENARIO Search by STATUS Failed due to not supported bank

2021-02-05 13:24:49 - [TEST_STEP][PASSED] - Go to ISTools: Go to ISTools

2021-02-05 13:24:49 - [MESSAGE][INFO] - Starting 'Chrome (headless)' driver

2021-02-05 13:24:49 - [MESSAGE][INFO] - User set preference: ['args', '[--start-maximized, --disable-gpu, --no-proxy-server, –-no-sandbox, --allow-running-insecure-content, --ignore-certificate-errors, window-size=1680,814, force-device-scale-factor=2, --lang=en-GB]']

2021-02-05 13:24:49 - [MESSAGE][INFO] - User set preference: ['prefs', '{download.default_directory=/Users/chaidir.pratama01/Katalon Studio/IST_Automation_Git/Download}']

2021-02-05 13:24:49 - [MESSAGE][INFO] - Action delay is set to 0 milliseconds

2021-02-05 13:24:50 - [MESSAGE][PASSED] - Browser is opened with url: ''

2021-02-05 13:24:52 - [MESSAGE][PASSED] - Navigate to 'https://dev-istools.homecredit.id/foundation/' successfully

2021-02-05 13:24:52 - [MESSAGE][PASSED] - Go to ISTools

2021-02-05 13:24:52 - [TEST_STEP][PASSED] - Login IST with valid credentials: Login IST with valid credentials

2021-02-05 13:24:52 - [MESSAGE][PASSED] - Text 'mobile.test' is set on object 'Object Repository/Page_/input_Username_j_username'

2021-02-05 13:24:53 - [MESSAGE][PASSED] - Text ****** has been set on object 'Object Repository/Page_/input_Password_j_password'

2021-02-05 13:24:53 - [MESSAGE][PASSED] - Object: 'Object Repository/Page_/button_Login' is clicked on

2021-02-05 13:24:53 - [MESSAGE][PASSED] - Login IST with valid credentials

2021-02-05 13:24:53 - [TEST_STEP][PASSED] - Login Success: Login Success

2021-02-05 13:24:53 - [MESSAGE][INFO] - Login Success

2021-02-05 13:24:54 - [MESSAGE][PASSED] - Current window maximized

2021-02-05 13:24:54 - [MESSAGE][PASSED] - Object 'Object Repository/Page_/h1_Welcome to IT Supporting Tools' is present

2021-02-05 13:24:54 - [MESSAGE][PASSED] - Login Success

2021-02-05 13:24:54 - [TEST_STEP][PASSED] - Select Arrow Menu "Real Time Disbursement": Select Arrow Menu "Real Time Disbursement"

2021-02-05 13:24:54 - [MESSAGE][PASSED] - Object: '' is clicked on

2021-02-05 13:24:54 - [MESSAGE][PASSED] - Select Arrow Menu "Real Time Disbursement"

2021-02-05 13:24:54 - [TEST_STEP][PASSED] - Select Menu "Dashboard for CCC/OCS": Select Menu "Dashboard for CCC/OCS"

2021-02-05 13:24:54 - [MESSAGE][PASSED] - Taking screenshot successfully
[[ATTACHMENT|/Users/chaidir.pratama01/Documents/Docs/Katalon Studio/Screenshot/test-Dashboard for CCC/OCS.png]]

2021-02-05 13:24:54 - [MESSAGE][PASSED] - Object '' is present

2021-02-05 13:24:54 - [MESSAGE][PASSED] - Object: '' is clicked on

2021-02-05 13:24:54 - [MESSAGE][PASSED] - Wait for page load successfully

2021-02-05 13:24:54 - [MESSAGE][PASSED] - Select Menu "Dashboard for CCC/OCS"

2021-02-05 13:24:54 - [TEST_STEP][PASSED] - Select STATUS "Failed due to not supported bank": Select STATUS "Failed due to not supported bank"

2021-02-05 13:24:55 - [MESSAGE][PASSED] - All options with value 'Failed due to not supported bank' are selected in object ''  using regular expression

2021-02-05 13:24:55 - [MESSAGE][PASSED] - Select STATUS "Failed due to not supported bank"

2021-02-05 13:24:55 - [TEST_STEP][PASSED] - Click button "Search": Click button "Search"

2021-02-05 13:24:55 - [MESSAGE][INFO] - >>>>>//Button[contains(text(),'Search')]

2021-02-05 13:24:58 - [MESSAGE][PASSED] - Object '' is present

2021-02-05 13:24:58 - [MESSAGE][PASSED] - Object: '' is clicked on

2021-02-05 13:24:58 - [MESSAGE][PASSED] - Switched to window with index: '0'

2021-02-05 13:24:58 - [MESSAGE][PASSED] - Click button "Search"

2021-02-05 13:24:58 - [TEST_STEP][PASSED] - Verify Search Result Presents: Verify Search Result Presents

2021-02-05 13:25:02 - [MESSAGE][INFO] - Unable to find the element located by 'By.xpath: //td[@style='display:none' and contains(text(),'-Empty-')]'. Please recheck the objects properties to make sure the desired element is located. 

2021-02-05 13:25:03 - [MESSAGE][WARNING] - com.kms.katalon.core.webui.exception.WebElementNotFoundException: Web element with id: '' located by '//td[@style='display:none' and contains(text(),'-Empty-')]' not found (Root cause: com.kms.katalon.core.exception.StepFailedException: com.kms.katalon.core.webui.exception.WebElementNotFoundException: Web element with id: '' located by '//td[@style='display:none' and contains(text(),'-Empty-')]' not found
	at com.kms.katalon.core.webui.keyword.internal.WebUIKeywordMain.stepFailed(WebUIKeywordMain.groovy:64)
	at com.kms.katalon.core.webui.keyword.builtin.VerifyElementPresentKeyword$_verifyElementPresent_closure1.doCall(VerifyElementPresentKeyword.groovy:85)
	at com.kms.katalon.core.webui.keyword.builtin.VerifyElementPresentKeyword$_verifyElementPresent_closure1.call(VerifyElementPresentKeyword.groovy)
	at com.kms.katalon.core.webui.keyword.internal.WebUIKeywordMain.runKeyword(WebUIKeywordMain.groovy:20)
	at com.kms.katalon.core.webui.keyword.builtin.VerifyElementPresentKeyword.verifyElementPresent(VerifyElementPresentKeyword.groovy:92)
	at com.kms.katalon.core.webui.keyword.builtin.VerifyElementPresentKeyword.execute(VerifyElementPresentKeyword.groovy:68)
	at com.kms.katalon.core.keyword.internal.KeywordExecutor.executeKeywordForPlatform(KeywordExecutor.groovy:73)
	at com.kms.katalon.core.webui.keyword.WebUiBuiltInKeywords.verifyElementPresent(WebUiBuiltInKeywords.groovy:1444)
	at com.kms.katalon.core.webui.keyword.WebUiBuiltInKeywords$verifyElementPresent$11.call(Unknown Source)
	at ist_real.Contract_Dispatcher.VerifyTblFilled(Contract_Dispatcher.groovy:1313)
	at ist_real.Contract_Dispatcher$VerifyTblFilled$0.call(Unknown Source)
	at RTD.Search_Result_Presents(RTD.groovy:189)
	at cucumber.runtime.Utils$1.call(Utils.java:26)
	at cucumber.runtime.Timeout.timeout(Timeout.java:16)
	at cucumber.runtime.Utils.invoke(Utils.java:20)
	at cucumber.runtime.java.JavaStepDefinition.execute(JavaStepDefinition.java:48)
	at cucumber.runtime.PickleStepDefinitionMatch.runStep(PickleStepDefinitionMatch.java:50)
	at cucumber.runner.TestStep.executeStep(TestStep.java:55)
	at cucumber.runner.TestStep.run(TestStep.java:42)
	at cucumber.runner.PickleStepTestStep.run(PickleStepTestStep.java:53)
	at cucumber.runner.TestCase.run(TestCase.java:47)
	at cucumber.runner.Runner.runPickle(Runner.java:44)
	at cucumber.runtime.Runtime.runFeature(Runtime.java:120)
	at cucumber.runtime.Runtime.run(Runtime.java:106)
	at cucumber.api.cli.Main.run(Main.java:35)
	at cucumber.api.cli.Main$run.call(Unknown Source)
	at com.kms.katalon.core.cucumber.keyword.CucumberBuiltinKeywords$_runFeatureFile_closure1.doCall(CucumberBuiltinKeywords.groovy:76)
	at com.kms.katalon.core.cucumber.keyword.CucumberBuiltinKeywords$_runFeatureFile_closure1.doCall(CucumberBuiltinKeywords.groovy)
	at com.kms.katalon.core.keyword.internal.KeywordMain.runKeyword(KeywordMain.groovy:68)
	at com.kms.katalon.core.keyword.internal.KeywordMain$runKeyword.call(Unknown Source)
	at com.kms.katalon.core.cucumber.keyword.CucumberBuiltinKeywords.runFeatureFile(CucumberBuiltinKeywords.groovy:46)
	at com.kms.katalon.core.cucumber.keyword.CucumberBuiltinKeywords$runFeatureFile$0.callStatic(Unknown Source)
	at com.kms.katalon.core.cucumber.keyword.CucumberBuiltinKeywords.runFeatureFile(CucumberBuiltinKeywords.groovy:169)
	at com.kms.katalon.core.cucumber.keyword.CucumberBuiltinKeywords$runFeatureFile.call(Unknown Source)
	at TC_Search_by_Status.run(TC_Search_by_Status:18)
	at com.kms.katalon.core.main.ScriptEngine.run(ScriptEngine.java:194)
	at com.kms.katalon.core.main.ScriptEngine.runScriptAsRawText(ScriptEngine.java:119)
	at com.kms.katalon.core.main.TestCaseExecutor.runScript(TestCaseExecutor.java:339)
	at com.kms.katalon.core.main.TestCaseExecutor.doExecute(TestCaseExecutor.java:330)
	at com.kms.katalon.core.main.TestCaseExecutor.processExecutionPhase(TestCaseExecutor.java:309)
	at com.kms.katalon.core.main.TestCaseExecutor.accessMainPhase(TestCaseExecutor.java:301)
	at com.kms.katalon.core.main.TestCaseExecutor.execute(TestCaseExecutor.java:235)
	at com.kms.katalon.core.main.TestSuiteExecutor.accessTestCaseMainPhase(TestSuiteExecutor.java:191)
	at com.kms.katalon.core.main.TestSuiteExecutor.accessTestSuiteMainPhase(TestSuiteExecutor.java:141)
	at com.kms.katalon.core.main.TestSuiteExecutor.execute(TestSuiteExecutor.java:90)
	at com.kms.katalon.core.main.TestCaseMain.startTestSuite(TestCaseMain.java:157)
	at com.kms.katalon.core.main.TestCaseMain$startTestSuite$0.call(Unknown Source)
	at TempTestSuite1612505437790.run(TempTestSuite1612505437790.groovy:39)
)
[[ATTACHMENT|/Users/chaidir.pratama01/Katalon Studio/IST_Automation_Git/Reports/20210205_131034/RTD/TS_Dashboard_for_CCC_OCS/20210205_131037/1612506302666.png]]

2021-02-05 13:25:03 - [MESSAGE][PASSED] - Verify Search Result Presents

2021-02-05 13:25:03 - [TEST_STEP][PASSED] - Click button "Logout": Click button "Logout"

2021-02-05 13:25:03 - [MESSAGE][INFO] - >>>>>//Button[contains(text(),'Logout')]

2021-02-05 13:25:06 - [MESSAGE][PASSED] - Object '' is present

2021-02-05 13:25:06 - [MESSAGE][PASSED] - Object: '' is clicked on

2021-02-05 13:25:06 - [MESSAGE][PASSED] - Switched to window with index: '0'

2021-02-05 13:25:06 - [MESSAGE][PASSED] - Click button "Logout"

2021-02-05 13:25:06 - [TEST_STEP][PASSED] - Close browser: Close browser

2021-02-05 13:25:06 - [MESSAGE][PASSED] - Browser is closed

2021-02-05 13:25:06 - [MESSAGE][PASSED] - Close browser

2021-02-05 13:25:06 - [TEST_CASE][PASSED] - Start Test Case : SCENARIO Search by STATUS Manual Disbursement: SCENARIO Search by STATUS Manual Disbursement

2021-02-05 13:25:06 - [TEST_STEP][PASSED] - Go to ISTools: Go to ISTools

2021-02-05 13:25:06 - [MESSAGE][INFO] - Starting 'Chrome (headless)' driver

2021-02-05 13:25:06 - [MESSAGE][INFO] - User set preference: ['args', '[--start-maximized, --disable-gpu, --no-proxy-server, –-no-sandbox, --allow-running-insecure-content, --ignore-certificate-errors, window-size=1680,814, force-device-scale-factor=2, --lang=en-GB]']

2021-02-05 13:25:06 - [MESSAGE][INFO] - User set preference: ['prefs', '{download.default_directory=/Users/chaidir.pratama01/Katalon Studio/IST_Automation_Git/Download}']

2021-02-05 13:25:06 - [MESSAGE][INFO] - Action delay is set to 0 milliseconds

2021-02-05 13:25:06 - [MESSAGE][PASSED] - Browser is opened with url: ''

2021-02-05 13:25:11 - [MESSAGE][PASSED] - Navigate to 'https://dev-istools.homecredit.id/foundation/' successfully

2021-02-05 13:25:11 - [MESSAGE][PASSED] - Go to ISTools

2021-02-05 13:25:11 - [TEST_STEP][PASSED] - Login IST with valid credentials: Login IST with valid credentials

2021-02-05 13:25:11 - [MESSAGE][PASSED] - Text 'mobile.test' is set on object 'Object Repository/Page_/input_Username_j_username'

2021-02-05 13:25:11 - [MESSAGE][PASSED] - Text ****** has been set on object 'Object Repository/Page_/input_Password_j_password'

2021-02-05 13:25:12 - [MESSAGE][PASSED] - Object: 'Object Repository/Page_/button_Login' is clicked on

2021-02-05 13:25:12 - [MESSAGE][PASSED] - Login IST with valid credentials

2021-02-05 13:25:12 - [TEST_STEP][PASSED] - Login Success: Login Success

2021-02-05 13:25:12 - [MESSAGE][INFO] - Login Success

2021-02-05 13:25:12 - [MESSAGE][PASSED] - Current window maximized

2021-02-05 13:25:12 - [MESSAGE][PASSED] - Object 'Object Repository/Page_/h1_Welcome to IT Supporting Tools' is present

2021-02-05 13:25:12 - [MESSAGE][PASSED] - Login Success

2021-02-05 13:25:12 - [TEST_STEP][PASSED] - Select Arrow Menu "Real Time Disbursement": Select Arrow Menu "Real Time Disbursement"

2021-02-05 13:25:12 - [MESSAGE][PASSED] - Object: '' is clicked on

2021-02-05 13:25:12 - [MESSAGE][PASSED] - Select Arrow Menu "Real Time Disbursement"

2021-02-05 13:25:12 - [TEST_STEP][PASSED] - Select Menu "Dashboard for CCC/OCS": Select Menu "Dashboard for CCC/OCS"

2021-02-05 13:25:13 - [MESSAGE][PASSED] - Taking screenshot successfully
[[ATTACHMENT|/Users/chaidir.pratama01/Documents/Docs/Katalon Studio/Screenshot/test-Dashboard for CCC/OCS.png]]

2021-02-05 13:25:13 - [MESSAGE][PASSED] - Object '' is present

2021-02-05 13:25:13 - [MESSAGE][PASSED] - Object: '' is clicked on

2021-02-05 13:25:13 - [MESSAGE][PASSED] - Wait for page load successfully

2021-02-05 13:25:13 - [MESSAGE][PASSED] - Select Menu "Dashboard for CCC/OCS"

2021-02-05 13:25:13 - [TEST_STEP][PASSED] - Select STATUS "Manual Disbursement": Select STATUS "Manual Disbursement"

2021-02-05 13:25:14 - [MESSAGE][PASSED] - All options with value 'Manual Disbursement' are selected in object ''  using regular expression

2021-02-05 13:25:14 - [MESSAGE][PASSED] - Select STATUS "Manual Disbursement"

2021-02-05 13:25:14 - [TEST_STEP][PASSED] - Click button "Search": Click button "Search"

2021-02-05 13:25:14 - [MESSAGE][INFO] - >>>>>//Button[contains(text(),'Search')]

2021-02-05 13:25:17 - [MESSAGE][PASSED] - Object '' is present

2021-02-05 13:25:17 - [MESSAGE][PASSED] - Object: '' is clicked on

2021-02-05 13:25:17 - [MESSAGE][PASSED] - Switched to window with index: '0'

2021-02-05 13:25:17 - [MESSAGE][PASSED] - Click button "Search"

2021-02-05 13:25:17 - [TEST_STEP][PASSED] - Verify Search Result Presents: Verify Search Result Presents

2021-02-05 13:25:17 - [MESSAGE][PASSED] - Object '' is present

2021-02-05 13:25:23 - [MESSAGE][PASSED] - Verify Search Result Presents

2021-02-05 13:25:23 - [TEST_STEP][PASSED] - Click button "Logout": Click button "Logout"

2021-02-05 13:25:23 - [MESSAGE][INFO] - >>>>>//Button[contains(text(),'Logout')]

2021-02-05 13:25:26 - [MESSAGE][PASSED] - Object '' is present

2021-02-05 13:25:27 - [MESSAGE][PASSED] - Object: '' is clicked on

2021-02-05 13:25:27 - [MESSAGE][PASSED] - Switched to window with index: '0'

2021-02-05 13:25:27 - [MESSAGE][PASSED] - Click button "Logout"

2021-02-05 13:25:27 - [TEST_STEP][PASSED] - Close browser: Close browser

2021-02-05 13:25:27 - [MESSAGE][PASSED] - Browser is closed

2021-02-05 13:25:27 - [MESSAGE][PASSED] - Close browser

2021-02-05 13:25:27 - [TEST_CASE][PASSED] - Start Test Case : SCENARIO Search by STATUS DONE: SCENARIO Search by STATUS DONE

2021-02-05 13:25:27 - [TEST_STEP][PASSED] - Go to ISTools: Go to ISTools

2021-02-05 13:25:27 - [MESSAGE][INFO] - Starting 'Chrome (headless)' driver

2021-02-05 13:25:27 - [MESSAGE][INFO] - User set preference: ['args', '[--start-maximized, --disable-gpu, --no-proxy-server, –-no-sandbox, --allow-running-insecure-content, --ignore-certificate-errors, window-size=1680,814, force-device-scale-factor=2, --lang=en-GB]']

2021-02-05 13:25:27 - [MESSAGE][INFO] - User set preference: ['prefs', '{download.default_directory=/Users/chaidir.pratama01/Katalon Studio/IST_Automation_Git/Download}']

2021-02-05 13:25:27 - [MESSAGE][INFO] - Action delay is set to 0 milliseconds

2021-02-05 13:25:27 - [MESSAGE][PASSED] - Browser is opened with url: ''

2021-02-05 13:25:30 - [MESSAGE][PASSED] - Navigate to 'https://dev-istools.homecredit.id/foundation/' successfully

2021-02-05 13:25:30 - [MESSAGE][PASSED] - Go to ISTools

2021-02-05 13:25:30 - [TEST_STEP][PASSED] - Login IST with valid credentials: Login IST with valid credentials

2021-02-05 13:25:30 - [MESSAGE][PASSED] - Text 'mobile.test' is set on object 'Object Repository/Page_/input_Username_j_username'

2021-02-05 13:25:30 - [MESSAGE][PASSED] - Text ****** has been set on object 'Object Repository/Page_/input_Password_j_password'

2021-02-05 13:25:30 - [MESSAGE][PASSED] - Object: 'Object Repository/Page_/button_Login' is clicked on

2021-02-05 13:25:30 - [MESSAGE][PASSED] - Login IST with valid credentials

2021-02-05 13:25:30 - [TEST_STEP][PASSED] - Login Success: Login Success

2021-02-05 13:25:30 - [MESSAGE][INFO] - Login Success

2021-02-05 13:25:31 - [MESSAGE][PASSED] - Current window maximized

2021-02-05 13:25:31 - [MESSAGE][PASSED] - Object 'Object Repository/Page_/h1_Welcome to IT Supporting Tools' is present

2021-02-05 13:25:31 - [MESSAGE][PASSED] - Login Success

2021-02-05 13:25:31 - [TEST_STEP][PASSED] - Select Arrow Menu "Real Time Disbursement": Select Arrow Menu "Real Time Disbursement"

2021-02-05 13:25:31 - [MESSAGE][PASSED] - Object: '' is clicked on

2021-02-05 13:25:31 - [MESSAGE][PASSED] - Select Arrow Menu "Real Time Disbursement"

2021-02-05 13:25:31 - [TEST_STEP][PASSED] - Select Menu "Dashboard for CCC/OCS": Select Menu "Dashboard for CCC/OCS"

2021-02-05 13:25:31 - [MESSAGE][PASSED] - Taking screenshot successfully
[[ATTACHMENT|/Users/chaidir.pratama01/Documents/Docs/Katalon Studio/Screenshot/test-Dashboard for CCC/OCS.png]]

2021-02-05 13:25:31 - [MESSAGE][PASSED] - Object '' is present

2021-02-05 13:25:31 - [MESSAGE][PASSED] - Object: '' is clicked on

2021-02-05 13:25:31 - [MESSAGE][PASSED] - Wait for page load successfully

2021-02-05 13:25:31 - [MESSAGE][PASSED] - Select Menu "Dashboard for CCC/OCS"

2021-02-05 13:25:31 - [TEST_STEP][PASSED] - Select STATUS "DONE": Select STATUS "DONE"

2021-02-05 13:25:32 - [MESSAGE][PASSED] - All options with value 'DONE' are selected in object ''  using regular expression

2021-02-05 13:25:32 - [MESSAGE][PASSED] - Select STATUS "DONE"

2021-02-05 13:25:32 - [TEST_STEP][PASSED] - Click button "Search": Click button "Search"

2021-02-05 13:25:32 - [MESSAGE][INFO] - >>>>>//Button[contains(text(),'Search')]

2021-02-05 13:25:35 - [MESSAGE][PASSED] - Object '' is present

2021-02-05 13:25:35 - [MESSAGE][PASSED] - Object: '' is clicked on

2021-02-05 13:25:35 - [MESSAGE][PASSED] - Switched to window with index: '0'

2021-02-05 13:25:35 - [MESSAGE][PASSED] - Click button "Search"

2021-02-05 13:25:35 - [TEST_STEP][PASSED] - Verify Search Result Presents: Verify Search Result Presents

2021-02-05 13:25:35 - [MESSAGE][PASSED] - Object '' is present

2021-02-05 13:25:41 - [MESSAGE][PASSED] - Verify Search Result Presents

2021-02-05 13:25:41 - [TEST_STEP][PASSED] - Click button "Logout": Click button "Logout"

2021-02-05 13:25:41 - [MESSAGE][INFO] - >>>>>//Button[contains(text(),'Logout')]

2021-02-05 13:25:44 - [MESSAGE][PASSED] - Object '' is present

2021-02-05 13:25:45 - [MESSAGE][PASSED] - Object: '' is clicked on

2021-02-05 13:25:45 - [MESSAGE][PASSED] - Switched to window with index: '0'

2021-02-05 13:25:45 - [MESSAGE][PASSED] - Click button "Logout"

2021-02-05 13:25:45 - [TEST_STEP][PASSED] - Close browser: Close browser

2021-02-05 13:25:45 - [MESSAGE][PASSED] - Browser is closed

2021-02-05 13:25:45 - [MESSAGE][PASSED] - Close browser

2021-02-05 13:25:45 - [TEST_CASE][PASSED] - Start Test Case : SCENARIO Search by STATUS Waiting Partner Confirmation: SCENARIO Search by STATUS Waiting Partner Confirmation

2021-02-05 13:25:45 - [TEST_STEP][PASSED] - Go to ISTools: Go to ISTools

2021-02-05 13:25:45 - [MESSAGE][INFO] - Starting 'Chrome (headless)' driver

2021-02-05 13:25:45 - [MESSAGE][INFO] - User set preference: ['args', '[--start-maximized, --disable-gpu, --no-proxy-server, –-no-sandbox, --allow-running-insecure-content, --ignore-certificate-errors, window-size=1680,814, force-device-scale-factor=2, --lang=en-GB]']

2021-02-05 13:25:45 - [MESSAGE][INFO] - User set preference: ['prefs', '{download.default_directory=/Users/chaidir.pratama01/Katalon Studio/IST_Automation_Git/Download}']

2021-02-05 13:25:45 - [MESSAGE][INFO] - Action delay is set to 0 milliseconds

2021-02-05 13:25:45 - [MESSAGE][PASSED] - Browser is opened with url: ''

2021-02-05 13:25:47 - [MESSAGE][PASSED] - Navigate to 'https://dev-istools.homecredit.id/foundation/' successfully

2021-02-05 13:25:47 - [MESSAGE][PASSED] - Go to ISTools

2021-02-05 13:25:47 - [TEST_STEP][PASSED] - Login IST with valid credentials: Login IST with valid credentials

2021-02-05 13:25:47 - [MESSAGE][PASSED] - Text 'mobile.test' is set on object 'Object Repository/Page_/input_Username_j_username'

2021-02-05 13:25:47 - [MESSAGE][PASSED] - Text ****** has been set on object 'Object Repository/Page_/input_Password_j_password'

2021-02-05 13:25:48 - [MESSAGE][PASSED] - Object: 'Object Repository/Page_/button_Login' is clicked on

2021-02-05 13:25:48 - [MESSAGE][PASSED] - Login IST with valid credentials

2021-02-05 13:25:48 - [TEST_STEP][PASSED] - Login Success: Login Success

2021-02-05 13:25:48 - [MESSAGE][INFO] - Login Success

2021-02-05 13:25:48 - [MESSAGE][PASSED] - Current window maximized

2021-02-05 13:25:48 - [MESSAGE][PASSED] - Object 'Object Repository/Page_/h1_Welcome to IT Supporting Tools' is present

2021-02-05 13:25:48 - [MESSAGE][PASSED] - Login Success

2021-02-05 13:25:48 - [TEST_STEP][PASSED] - Select Arrow Menu "Real Time Disbursement": Select Arrow Menu "Real Time Disbursement"

2021-02-05 13:25:48 - [MESSAGE][PASSED] - Object: '' is clicked on

2021-02-05 13:25:48 - [MESSAGE][PASSED] - Select Arrow Menu "Real Time Disbursement"

2021-02-05 13:25:48 - [TEST_STEP][PASSED] - Select Menu "Dashboard for CCC/OCS": Select Menu "Dashboard for CCC/OCS"

2021-02-05 13:25:49 - [MESSAGE][PASSED] - Taking screenshot successfully
[[ATTACHMENT|/Users/chaidir.pratama01/Documents/Docs/Katalon Studio/Screenshot/test-Dashboard for CCC/OCS.png]]

2021-02-05 13:25:49 - [MESSAGE][PASSED] - Object '' is present

2021-02-05 13:25:49 - [MESSAGE][PASSED] - Object: '' is clicked on

2021-02-05 13:25:49 - [MESSAGE][PASSED] - Wait for page load successfully

2021-02-05 13:25:49 - [MESSAGE][PASSED] - Select Menu "Dashboard for CCC/OCS"

2021-02-05 13:25:49 - [TEST_STEP][PASSED] - Select STATUS "Waiting Partner Confirmation": Select STATUS "Waiting Partner Confirmation"

2021-02-05 13:25:50 - [MESSAGE][PASSED] - All options with value 'Waiting Partner Confirmation' are selected in object ''  using regular expression

2021-02-05 13:25:50 - [MESSAGE][PASSED] - Select STATUS "Waiting Partner Confirmation"

2021-02-05 13:25:50 - [TEST_STEP][PASSED] - Click button "Search": Click button "Search"

2021-02-05 13:25:50 - [MESSAGE][INFO] - >>>>>//Button[contains(text(),'Search')]

2021-02-05 13:25:53 - [MESSAGE][PASSED] - Object '' is present

2021-02-05 13:25:53 - [MESSAGE][PASSED] - Object: '' is clicked on

2021-02-05 13:25:53 - [MESSAGE][PASSED] - Switched to window with index: '0'

2021-02-05 13:25:53 - [MESSAGE][PASSED] - Click button "Search"

2021-02-05 13:25:53 - [TEST_STEP][PASSED] - Verify Search Result Presents: Verify Search Result Presents

2021-02-05 13:25:53 - [MESSAGE][PASSED] - Object '' is present

2021-02-05 13:25:57 - [MESSAGE][PASSED] - Verify Search Result Presents

2021-02-05 13:25:57 - [TEST_STEP][PASSED] - Click button "Logout": Click button "Logout"

2021-02-05 13:25:57 - [MESSAGE][INFO] - >>>>>//Button[contains(text(),'Logout')]

2021-02-05 13:26:00 - [MESSAGE][PASSED] - Object '' is present

2021-02-05 13:26:00 - [MESSAGE][PASSED] - Object: '' is clicked on

2021-02-05 13:26:00 - [MESSAGE][PASSED] - Switched to window with index: '0'

2021-02-05 13:26:00 - [MESSAGE][PASSED] - Click button "Logout"

2021-02-05 13:26:00 - [TEST_STEP][PASSED] - Close browser: Close browser

2021-02-05 13:26:00 - [MESSAGE][PASSED] - Browser is closed

2021-02-05 13:26:00 - [MESSAGE][PASSED] - Close browser

2021-02-05 13:26:00 - [TEST_CASE][PASSED] - Start Test Case : SCENARIO Search by STATUS Success to Disburse: SCENARIO Search by STATUS Success to Disburse

2021-02-05 13:26:00 - [TEST_STEP][PASSED] - Go to ISTools: Go to ISTools

2021-02-05 13:26:00 - [MESSAGE][INFO] - Starting 'Chrome (headless)' driver

2021-02-05 13:26:00 - [MESSAGE][INFO] - User set preference: ['args', '[--start-maximized, --disable-gpu, --no-proxy-server, –-no-sandbox, --allow-running-insecure-content, --ignore-certificate-errors, window-size=1680,814, force-device-scale-factor=2, --lang=en-GB]']

2021-02-05 13:26:00 - [MESSAGE][INFO] - User set preference: ['prefs', '{download.default_directory=/Users/chaidir.pratama01/Katalon Studio/IST_Automation_Git/Download}']

2021-02-05 13:26:00 - [MESSAGE][INFO] - Action delay is set to 0 milliseconds

2021-02-05 13:26:01 - [MESSAGE][PASSED] - Browser is opened with url: ''

2021-02-05 13:26:02 - [MESSAGE][PASSED] - Navigate to 'https://dev-istools.homecredit.id/foundation/' successfully

2021-02-05 13:26:02 - [MESSAGE][PASSED] - Go to ISTools

2021-02-05 13:26:02 - [TEST_STEP][PASSED] - Login IST with valid credentials: Login IST with valid credentials

2021-02-05 13:26:02 - [MESSAGE][PASSED] - Text 'mobile.test' is set on object 'Object Repository/Page_/input_Username_j_username'

2021-02-05 13:26:03 - [MESSAGE][PASSED] - Text ****** has been set on object 'Object Repository/Page_/input_Password_j_password'

2021-02-05 13:26:03 - [MESSAGE][PASSED] - Object: 'Object Repository/Page_/button_Login' is clicked on

2021-02-05 13:26:03 - [MESSAGE][PASSED] - Login IST with valid credentials

2021-02-05 13:26:03 - [TEST_STEP][PASSED] - Login Success: Login Success

2021-02-05 13:26:03 - [MESSAGE][INFO] - Login Success

2021-02-05 13:26:03 - [MESSAGE][PASSED] - Current window maximized

2021-02-05 13:26:03 - [MESSAGE][PASSED] - Object 'Object Repository/Page_/h1_Welcome to IT Supporting Tools' is present

2021-02-05 13:26:03 - [MESSAGE][PASSED] - Login Success

2021-02-05 13:26:03 - [TEST_STEP][PASSED] - Select Arrow Menu "Real Time Disbursement": Select Arrow Menu "Real Time Disbursement"

2021-02-05 13:26:03 - [MESSAGE][PASSED] - Object: '' is clicked on

2021-02-05 13:26:03 - [MESSAGE][PASSED] - Select Arrow Menu "Real Time Disbursement"

2021-02-05 13:26:03 - [TEST_STEP][PASSED] - Select Menu "Dashboard for CCC/OCS": Select Menu "Dashboard for CCC/OCS"

2021-02-05 13:26:04 - [MESSAGE][PASSED] - Taking screenshot successfully
[[ATTACHMENT|/Users/chaidir.pratama01/Documents/Docs/Katalon Studio/Screenshot/test-Dashboard for CCC/OCS.png]]

2021-02-05 13:26:04 - [MESSAGE][PASSED] - Object '' is present

2021-02-05 13:26:04 - [MESSAGE][PASSED] - Object: '' is clicked on

2021-02-05 13:26:04 - [MESSAGE][PASSED] - Wait for page load successfully

2021-02-05 13:26:04 - [MESSAGE][PASSED] - Select Menu "Dashboard for CCC/OCS"

2021-02-05 13:26:04 - [TEST_STEP][PASSED] - Select STATUS "Success to Disburse": Select STATUS "Success to Disburse"

2021-02-05 13:26:04 - [MESSAGE][PASSED] - All options with value 'Success to Disburse' are selected in object ''  using regular expression

2021-02-05 13:26:04 - [MESSAGE][PASSED] - Select STATUS "Success to Disburse"

2021-02-05 13:26:04 - [TEST_STEP][PASSED] - Click button "Search": Click button "Search"

2021-02-05 13:26:04 - [MESSAGE][INFO] - >>>>>//Button[contains(text(),'Search')]

2021-02-05 13:26:07 - [MESSAGE][PASSED] - Object '' is present

2021-02-05 13:26:07 - [MESSAGE][PASSED] - Object: '' is clicked on

2021-02-05 13:26:07 - [MESSAGE][PASSED] - Switched to window with index: '0'

2021-02-05 13:26:07 - [MESSAGE][PASSED] - Click button "Search"

2021-02-05 13:26:07 - [TEST_STEP][PASSED] - Verify Search Result Presents: Verify Search Result Presents

2021-02-05 13:26:07 - [MESSAGE][PASSED] - Object '' is present

2021-02-05 13:26:08 - [MESSAGE][PASSED] - Verify Search Result Presents

2021-02-05 13:26:08 - [TEST_STEP][PASSED] - Click button "Logout": Click button "Logout"

2021-02-05 13:26:08 - [MESSAGE][INFO] - >>>>>//Button[contains(text(),'Logout')]

2021-02-05 13:26:11 - [MESSAGE][PASSED] - Object '' is present

2021-02-05 13:26:11 - [MESSAGE][PASSED] - Object: '' is clicked on

2021-02-05 13:26:11 - [MESSAGE][PASSED] - Switched to window with index: '0'

2021-02-05 13:26:11 - [MESSAGE][PASSED] - Click button "Logout"

2021-02-05 13:26:11 - [TEST_STEP][PASSED] - Close browser: Close browser

2021-02-05 13:26:11 - [MESSAGE][PASSED] - Browser is closed

2021-02-05 13:26:11 - [MESSAGE][PASSED] - Close browser

2021-02-05 13:26:11 - [MESSAGE][PASSED] - Feature file: 'Include/features/IST_Real/RTD/Dashboard_for_CCC_OCS/Search_by_STATUS_CCC_OCS.feature' was passed]]></system-out>
         <system-err><![CDATA[]]></system-err>
      </testcase>
      <testcase name="Test Cases/RTD/Dashboard for CCC OCS/TC_Search_by_Contract_Number_CCC_OCS" time="9.276" classname="Test Cases/RTD/Dashboard for CCC OCS/TC_Search_by_Contract_Number_CCC_OCS" status="PASSED">
         <system-out><![CDATA[2021-02-05 13:26:11 - [TEST_CASE][PASSED] - Test Cases/RTD/Dashboard for CCC OCS/TC_Search_by_Contract_Number_CCC_OCS: Test Cases/RTD/Dashboard for CCC OCS/TC_Search_by_Contract_Number_CCC_OCS

2021-02-05 13:26:11 - [TEST_STEP][PASSED] - runFeatureFile("Include/features/IST_Real/RTD/Dashboard_for_CCC_OCS/Search_by_Contract_Number_CCC_OCS.feature"): Feature file: 'Include/features/IST_Real/RTD/Dashboard_for_CCC_OCS/Search_by_Contract_Number_CCC_OCS.feature' was passed

2021-02-05 13:26:11 - [MESSAGE][INFO] - Starting run keyword runFeatureFile: 'Include/features/IST_Real/RTD/Dashboard_for_CCC_OCS/Search_by_Contract_Number_CCC_OCS.feature' and extract report to folder: '/Users/chaidir.pratama01/Katalon Studio/IST_Automation_Git/Reports/20210205_131034/RTD/TS_Dashboard_for_CCC_OCS/20210205_131037/cucumber_report/1612506371890'...

2021-02-05 13:26:12 - [TEST_CASE][PASSED] - Start Test Case : SCENARIO Search by Contract Number and it found on Dashboard: SCENARIO Search by Contract Number and it found on Dashboard

2021-02-05 13:26:12 - [TEST_STEP][PASSED] - Go to ISTools: Go to ISTools

2021-02-05 13:26:12 - [MESSAGE][INFO] - Starting 'Chrome (headless)' driver

2021-02-05 13:26:12 - [MESSAGE][INFO] - User set preference: ['args', '[--start-maximized, --disable-gpu, --no-proxy-server, –-no-sandbox, --allow-running-insecure-content, --ignore-certificate-errors, window-size=1680,814, force-device-scale-factor=2, --lang=en-GB]']

2021-02-05 13:26:12 - [MESSAGE][INFO] - User set preference: ['prefs', '{download.default_directory=/Users/chaidir.pratama01/Katalon Studio/IST_Automation_Git/Download}']

2021-02-05 13:26:12 - [MESSAGE][INFO] - Action delay is set to 0 milliseconds

2021-02-05 13:26:12 - [MESSAGE][PASSED] - Browser is opened with url: ''

2021-02-05 13:26:15 - [MESSAGE][PASSED] - Navigate to 'https://dev-istools.homecredit.id/foundation/' successfully

2021-02-05 13:26:15 - [MESSAGE][PASSED] - Go to ISTools

2021-02-05 13:26:15 - [TEST_STEP][PASSED] - Login IST with valid credentials: Login IST with valid credentials

2021-02-05 13:26:15 - [MESSAGE][PASSED] - Text 'mobile.test' is set on object 'Object Repository/Page_/input_Username_j_username'

2021-02-05 13:26:15 - [MESSAGE][PASSED] - Text ****** has been set on object 'Object Repository/Page_/input_Password_j_password'

2021-02-05 13:26:16 - [MESSAGE][PASSED] - Object: 'Object Repository/Page_/button_Login' is clicked on

2021-02-05 13:26:16 - [MESSAGE][PASSED] - Login IST with valid credentials

2021-02-05 13:26:16 - [TEST_STEP][PASSED] - Login Success: Login Success

2021-02-05 13:26:16 - [MESSAGE][INFO] - Login Success

2021-02-05 13:26:16 - [MESSAGE][PASSED] - Current window maximized

2021-02-05 13:26:16 - [MESSAGE][PASSED] - Object 'Object Repository/Page_/h1_Welcome to IT Supporting Tools' is present

2021-02-05 13:26:16 - [MESSAGE][PASSED] - Login Success

2021-02-05 13:26:16 - [TEST_STEP][PASSED] - Select Arrow Menu "Real Time Disbursement": Select Arrow Menu "Real Time Disbursement"

2021-02-05 13:26:16 - [MESSAGE][PASSED] - Object: '' is clicked on

2021-02-05 13:26:16 - [MESSAGE][PASSED] - Select Arrow Menu "Real Time Disbursement"

2021-02-05 13:26:16 - [TEST_STEP][PASSED] - Select Menu "Dashboard for CCC/OCS": Select Menu "Dashboard for CCC/OCS"

2021-02-05 13:26:16 - [MESSAGE][PASSED] - Taking screenshot successfully
[[ATTACHMENT|/Users/chaidir.pratama01/Documents/Docs/Katalon Studio/Screenshot/test-Dashboard for CCC/OCS.png]]

2021-02-05 13:26:16 - [MESSAGE][PASSED] - Object '' is present

2021-02-05 13:26:17 - [MESSAGE][PASSED] - Object: '' is clicked on

2021-02-05 13:26:17 - [MESSAGE][PASSED] - Wait for page load successfully

2021-02-05 13:26:17 - [MESSAGE][PASSED] - Select Menu "Dashboard for CCC/OCS"

2021-02-05 13:26:17 - [TEST_STEP][PASSED] - Input Contract RTD in Contract Number label: Input Contract RTD in Contract Number label

2021-02-05 13:26:17 - [MESSAGE][PASSED] - Text '4000014162' is set on object ''

2021-02-05 13:26:17 - [MESSAGE][PASSED] - Input Contract RTD in Contract Number label

2021-02-05 13:26:17 - [TEST_STEP][PASSED] - Click button "Search": Click button "Search"

2021-02-05 13:26:17 - [MESSAGE][INFO] - >>>>>//Button[contains(text(),'Search')]

2021-02-05 13:26:20 - [MESSAGE][PASSED] - Object '' is present

2021-02-05 13:26:20 - [MESSAGE][PASSED] - Object: '' is clicked on

2021-02-05 13:26:20 - [MESSAGE][PASSED] - Switched to window with index: '0'

2021-02-05 13:26:20 - [MESSAGE][PASSED] - Click button "Search"

2021-02-05 13:26:20 - [TEST_STEP][PASSED] - Verify Search Result Presents: Verify Search Result Presents

2021-02-05 13:26:20 - [MESSAGE][PASSED] - Object '' is present

2021-02-05 13:26:21 - [MESSAGE][PASSED] - Verify Search Result Presents

2021-02-05 13:26:21 - [MESSAGE][PASSED] - Feature file: 'Include/features/IST_Real/RTD/Dashboard_for_CCC_OCS/Search_by_Contract_Number_CCC_OCS.feature' was passed]]></system-out>
         <system-err><![CDATA[]]></system-err>
      </testcase>
      <testcase name="Test Cases/RTD/Dashboard for CCC OCS/TC_View_Detail_CCC_OCS" time="42.606" classname="Test Cases/RTD/Dashboard for CCC OCS/TC_View_Detail_CCC_OCS" status="PASSED">
         <system-out><![CDATA[2021-02-05 13:26:21 - [TEST_CASE][PASSED] - Test Cases/RTD/Dashboard for CCC OCS/TC_View_Detail_CCC_OCS: Test Cases/RTD/Dashboard for CCC OCS/TC_View_Detail_CCC_OCS

2021-02-05 13:26:21 - [TEST_STEP][PASSED] - runFeatureFile("Include/features/IST_Real/RTD/Dashboard_for_CCC_OCS/View_Detail_CCC_OCS.feature"): Feature file: 'Include/features/IST_Real/RTD/Dashboard_for_CCC_OCS/View_Detail_CCC_OCS.feature' was passed

2021-02-05 13:26:21 - [MESSAGE][INFO] - Starting run keyword runFeatureFile: 'Include/features/IST_Real/RTD/Dashboard_for_CCC_OCS/View_Detail_CCC_OCS.feature' and extract report to folder: '/Users/chaidir.pratama01/Katalon Studio/IST_Automation_Git/Reports/20210205_131034/RTD/TS_Dashboard_for_CCC_OCS/20210205_131037/cucumber_report/1612506381162'...

2021-02-05 13:26:21 - [TEST_CASE][PASSED] - Start Test Case : SCENARIO Search by STATUS Success to Disburse and then View Detail of it: SCENARIO Search by STATUS Success to Disburse and then View Detail of it

2021-02-05 13:26:21 - [TEST_STEP][PASSED] - Go to ISTools: Go to ISTools

2021-02-05 13:26:21 - [MESSAGE][WARNING] - A browser is already opened. Closing browser and opening a new one

2021-02-05 13:26:21 - [MESSAGE][INFO] - Starting 'Chrome (headless)' driver

2021-02-05 13:26:21 - [MESSAGE][INFO] - User set preference: ['args', '[--start-maximized, --disable-gpu, --no-proxy-server, –-no-sandbox, --allow-running-insecure-content, --ignore-certificate-errors, window-size=1680,814, force-device-scale-factor=2, --lang=en-GB]']

2021-02-05 13:26:21 - [MESSAGE][INFO] - User set preference: ['prefs', '{download.default_directory=/Users/chaidir.pratama01/Katalon Studio/IST_Automation_Git/Download}']

2021-02-05 13:26:21 - [MESSAGE][INFO] - Action delay is set to 0 milliseconds

2021-02-05 13:26:21 - [MESSAGE][PASSED] - Browser is opened with url: ''

2021-02-05 13:26:23 - [MESSAGE][PASSED] - Navigate to 'https://dev-istools.homecredit.id/foundation/' successfully

2021-02-05 13:26:23 - [MESSAGE][PASSED] - Go to ISTools

2021-02-05 13:26:23 - [TEST_STEP][PASSED] - Login IST with valid credentials: Login IST with valid credentials

2021-02-05 13:26:23 - [MESSAGE][PASSED] - Text 'mobile.test' is set on object 'Object Repository/Page_/input_Username_j_username'

2021-02-05 13:26:23 - [MESSAGE][PASSED] - Text ****** has been set on object 'Object Repository/Page_/input_Password_j_password'

2021-02-05 13:26:24 - [MESSAGE][PASSED] - Object: 'Object Repository/Page_/button_Login' is clicked on

2021-02-05 13:26:24 - [MESSAGE][PASSED] - Login IST with valid credentials

2021-02-05 13:26:24 - [TEST_STEP][PASSED] - Login Success: Login Success

2021-02-05 13:26:24 - [MESSAGE][INFO] - Login Success

2021-02-05 13:26:24 - [MESSAGE][PASSED] - Current window maximized

2021-02-05 13:26:24 - [MESSAGE][PASSED] - Object 'Object Repository/Page_/h1_Welcome to IT Supporting Tools' is present

2021-02-05 13:26:24 - [MESSAGE][PASSED] - Login Success

2021-02-05 13:26:24 - [TEST_STEP][PASSED] - Select Arrow Menu "Real Time Disbursement": Select Arrow Menu "Real Time Disbursement"

2021-02-05 13:26:24 - [MESSAGE][PASSED] - Object: '' is clicked on

2021-02-05 13:26:24 - [MESSAGE][PASSED] - Select Arrow Menu "Real Time Disbursement"

2021-02-05 13:26:24 - [TEST_STEP][PASSED] - Select Menu "Dashboard for CCC/OCS": Select Menu "Dashboard for CCC/OCS"

2021-02-05 13:26:25 - [MESSAGE][PASSED] - Taking screenshot successfully
[[ATTACHMENT|/Users/chaidir.pratama01/Documents/Docs/Katalon Studio/Screenshot/test-Dashboard for CCC/OCS.png]]

2021-02-05 13:26:25 - [MESSAGE][PASSED] - Object '' is present

2021-02-05 13:26:25 - [MESSAGE][PASSED] - Object: '' is clicked on

2021-02-05 13:26:25 - [MESSAGE][PASSED] - Wait for page load successfully

2021-02-05 13:26:25 - [MESSAGE][PASSED] - Select Menu "Dashboard for CCC/OCS"

2021-02-05 13:26:25 - [TEST_STEP][PASSED] - Select STATUS "Success to Disburse": Select STATUS "Success to Disburse"

2021-02-05 13:26:25 - [MESSAGE][PASSED] - All options with value 'Success to Disburse' are selected in object ''  using regular expression

2021-02-05 13:26:25 - [MESSAGE][PASSED] - Select STATUS "Success to Disburse"

2021-02-05 13:26:25 - [TEST_STEP][PASSED] - Click button "Search": Click button "Search"

2021-02-05 13:26:25 - [MESSAGE][INFO] - >>>>>//Button[contains(text(),'Search')]

2021-02-05 13:26:28 - [MESSAGE][PASSED] - Object '' is present

2021-02-05 13:26:29 - [MESSAGE][PASSED] - Object: '' is clicked on

2021-02-05 13:26:29 - [MESSAGE][PASSED] - Switched to window with index: '0'

2021-02-05 13:26:29 - [MESSAGE][PASSED] - Click button "Search"

2021-02-05 13:26:29 - [TEST_STEP][PASSED] - Verify Search Result Presents: Verify Search Result Presents

2021-02-05 13:26:29 - [MESSAGE][PASSED] - Object '' is present

2021-02-05 13:26:29 - [MESSAGE][PASSED] - Verify Search Result Presents

2021-02-05 13:26:29 - [TEST_STEP][PASSED] - Click View Detail: Click View Detail

2021-02-05 13:26:29 - [MESSAGE][PASSED] - Object '' is present

2021-02-05 13:26:29 - [MESSAGE][PASSED] - Object: '' is clicked on

2021-02-05 13:26:29 - [MESSAGE][PASSED] - Click View Detail

2021-02-05 13:26:29 - [TEST_STEP][PASSED] - Verify Information in View Detail: Verify Information in View Detail

2021-02-05 13:26:32 - [MESSAGE][PASSED] - Delayed 3 second(s)

2021-02-05 13:26:32 - [MESSAGE][PASSED] - Attribute 'value' of object '' is: '3900014152'

2021-02-05 13:26:35 - [MESSAGE][PASSED] - Delayed 3 second(s)

2021-02-05 13:26:35 - [MESSAGE][PASSED] - Attribute 'value' of object '' is: 'IDITXLeks TESTERbIvIvO'

2021-02-05 13:26:38 - [MESSAGE][PASSED] - Delayed 3 second(s)

2021-02-05 13:26:38 - [MESSAGE][PASSED] - Attribute 'value' of object '' is: 'Success to Disburse'

2021-02-05 13:26:41 - [MESSAGE][PASSED] - Delayed 3 second(s)

2021-02-05 13:26:41 - [MESSAGE][PASSED] - Attribute 'value' of object '' is: 'Rp 7,000,000'

2021-02-05 13:26:44 - [MESSAGE][PASSED] - Delayed 3 second(s)

2021-02-05 13:26:44 - [MESSAGE][PASSED] - Attribute 'value' of object '' is: 'KESEJAHTERAAN EKONOMI'

2021-02-05 13:26:47 - [MESSAGE][PASSED] - Delayed 3 second(s)

2021-02-05 13:26:47 - [MESSAGE][PASSED] - Attribute 'value' of object '' is: '1'

2021-02-05 13:26:50 - [MESSAGE][PASSED] - Delayed 3 second(s)

2021-02-05 13:26:50 - [MESSAGE][PASSED] - Attribute 'value' of object '' is: 'NAMA ADA DISINI'

2021-02-05 13:26:53 - [MESSAGE][PASSED] - Delayed 3 second(s)

2021-02-05 13:26:53 - [MESSAGE][PASSED] - Attribute 'value' of object '' is: 'KESEJAHTERAAN EKONOMI'

2021-02-05 13:26:56 - [MESSAGE][PASSED] - Delayed 3 second(s)

2021-02-05 13:26:56 - [MESSAGE][PASSED] - Attribute 'value' of object '' is: ''

2021-02-05 13:26:59 - [MESSAGE][PASSED] - Delayed 3 second(s)

2021-02-05 13:26:59 - [MESSAGE][PASSED] - Attribute 'value' of object '' is: ''

2021-02-05 13:27:00 - [MESSAGE][PASSED] - Text of object '' is: 'Date'

2021-02-05 13:27:00 - [MESSAGE][PASSED] - Text of object '' is: 'Status'

2021-02-05 13:27:00 - [MESSAGE][PASSED] - Text of object '' is: 'Updated Information'

2021-02-05 13:27:00 - [MESSAGE][PASSED] - Text of object '' is: 'Last Update By'

2021-02-05 13:27:00 - [MESSAGE][PASSED] - Text of object '' is: 'Department'

2021-02-05 13:27:00 - [MESSAGE][PASSED] - Verify Information in View Detail

2021-02-05 13:27:00 - [TEST_STEP][PASSED] - Click button "Logout": Click button "Logout"

2021-02-05 13:27:00 - [MESSAGE][INFO] - >>>>>//Button[contains(text(),'Logout')]

2021-02-05 13:27:03 - [MESSAGE][PASSED] - Object '' is present

2021-02-05 13:27:03 - [MESSAGE][PASSED] - Object: '' is clicked on

2021-02-05 13:27:03 - [MESSAGE][PASSED] - Switched to window with index: '0'

2021-02-05 13:27:03 - [MESSAGE][PASSED] - Click button "Logout"

2021-02-05 13:27:03 - [TEST_STEP][PASSED] - Close browser: Close browser

2021-02-05 13:27:03 - [MESSAGE][PASSED] - Browser is closed

2021-02-05 13:27:03 - [MESSAGE][PASSED] - Close browser

2021-02-05 13:27:03 - [MESSAGE][PASSED] - Feature file: 'Include/features/IST_Real/RTD/Dashboard_for_CCC_OCS/View_Detail_CCC_OCS.feature' was passed]]></system-out>
         <system-err><![CDATA[]]></system-err>
      </testcase>
      <testcase name="Test Cases/RTD/Dashboard for CCC OCS/TC_Export_Data_CCC_OCS" time="12.96" classname="Test Cases/RTD/Dashboard for CCC OCS/TC_Export_Data_CCC_OCS" status="PASSED">
         <system-out><![CDATA[2021-02-05 13:27:03 - [TEST_CASE][PASSED] - Test Cases/RTD/Dashboard for CCC OCS/TC_Export_Data_CCC_OCS: Test Cases/RTD/Dashboard for CCC OCS/TC_Export_Data_CCC_OCS

2021-02-05 13:27:03 - [TEST_STEP][PASSED] - runFeatureFile("Include/features/IST_Real/RTD/Dashboard_for_CCC_OCS/Export_Data_CCC_OCS.feature"): Feature file: 'Include/features/IST_Real/RTD/Dashboard_for_CCC_OCS/Export_Data_CCC_OCS.feature' was passed

2021-02-05 13:27:03 - [MESSAGE][INFO] - Starting run keyword runFeatureFile: 'Include/features/IST_Real/RTD/Dashboard_for_CCC_OCS/Export_Data_CCC_OCS.feature' and extract report to folder: '/Users/chaidir.pratama01/Katalon Studio/IST_Automation_Git/Reports/20210205_131034/RTD/TS_Dashboard_for_CCC_OCS/20210205_131037/cucumber_report/1612506423769'...

2021-02-05 13:27:03 - [TEST_CASE][PASSED] - Start Test Case : SCENARIO Export Data: SCENARIO Export Data

2021-02-05 13:27:03 - [TEST_STEP][PASSED] - Go to ISTools: Go to ISTools

2021-02-05 13:27:03 - [MESSAGE][INFO] - Starting 'Chrome (headless)' driver

2021-02-05 13:27:03 - [MESSAGE][INFO] - User set preference: ['args', '[--start-maximized, --disable-gpu, --no-proxy-server, –-no-sandbox, --allow-running-insecure-content, --ignore-certificate-errors, window-size=1680,814, force-device-scale-factor=2, --lang=en-GB]']

2021-02-05 13:27:03 - [MESSAGE][INFO] - User set preference: ['prefs', '{download.default_directory=/Users/chaidir.pratama01/Katalon Studio/IST_Automation_Git/Download}']

2021-02-05 13:27:03 - [MESSAGE][INFO] - Action delay is set to 0 milliseconds

2021-02-05 13:27:04 - [MESSAGE][PASSED] - Browser is opened with url: ''

2021-02-05 13:27:07 - [MESSAGE][PASSED] - Navigate to 'https://dev-istools.homecredit.id/foundation/' successfully

2021-02-05 13:27:07 - [MESSAGE][PASSED] - Go to ISTools

2021-02-05 13:27:07 - [TEST_STEP][PASSED] - Login IST with valid credentials: Login IST with valid credentials

2021-02-05 13:27:07 - [MESSAGE][PASSED] - Text 'mobile.test' is set on object 'Object Repository/Page_/input_Username_j_username'

2021-02-05 13:27:07 - [MESSAGE][PASSED] - Text ****** has been set on object 'Object Repository/Page_/input_Password_j_password'

2021-02-05 13:27:08 - [MESSAGE][PASSED] - Object: 'Object Repository/Page_/button_Login' is clicked on

2021-02-05 13:27:08 - [MESSAGE][PASSED] - Login IST with valid credentials

2021-02-05 13:27:08 - [TEST_STEP][PASSED] - Login Success: Login Success

2021-02-05 13:27:08 - [MESSAGE][INFO] - Login Success

2021-02-05 13:27:08 - [MESSAGE][PASSED] - Current window maximized

2021-02-05 13:27:08 - [MESSAGE][PASSED] - Object 'Object Repository/Page_/h1_Welcome to IT Supporting Tools' is present

2021-02-05 13:27:08 - [MESSAGE][PASSED] - Login Success

2021-02-05 13:27:08 - [TEST_STEP][PASSED] - Select Arrow Menu "Real Time Disbursement": Select Arrow Menu "Real Time Disbursement"

2021-02-05 13:27:08 - [MESSAGE][PASSED] - Object: '' is clicked on

2021-02-05 13:27:08 - [MESSAGE][PASSED] - Select Arrow Menu "Real Time Disbursement"

2021-02-05 13:27:08 - [TEST_STEP][PASSED] - Select Menu "Dashboard for CCC/OCS": Select Menu "Dashboard for CCC/OCS"

2021-02-05 13:27:09 - [MESSAGE][PASSED] - Taking screenshot successfully
[[ATTACHMENT|/Users/chaidir.pratama01/Documents/Docs/Katalon Studio/Screenshot/test-Dashboard for CCC/OCS.png]]

2021-02-05 13:27:09 - [MESSAGE][PASSED] - Object '' is present

2021-02-05 13:27:09 - [MESSAGE][PASSED] - Object: '' is clicked on

2021-02-05 13:27:09 - [MESSAGE][PASSED] - Wait for page load successfully

2021-02-05 13:27:09 - [MESSAGE][PASSED] - Select Menu "Dashboard for CCC/OCS"

2021-02-05 13:27:09 - [TEST_STEP][PASSED] - Input Contract RTD in Contract Number label: Input Contract RTD in Contract Number label

2021-02-05 13:27:09 - [MESSAGE][PASSED] - Text '4000014162' is set on object ''

2021-02-05 13:27:09 - [MESSAGE][PASSED] - Input Contract RTD in Contract Number label

2021-02-05 13:27:09 - [TEST_STEP][PASSED] - Click button "Search": Click button "Search"

2021-02-05 13:27:09 - [MESSAGE][INFO] - >>>>>//Button[contains(text(),'Search')]

2021-02-05 13:27:12 - [MESSAGE][PASSED] - Object '' is present

2021-02-05 13:27:12 - [MESSAGE][PASSED] - Object: '' is clicked on

2021-02-05 13:27:12 - [MESSAGE][PASSED] - Switched to window with index: '0'

2021-02-05 13:27:12 - [MESSAGE][PASSED] - Click button "Search"

2021-02-05 13:27:12 - [TEST_STEP][PASSED] - Verify Table Filled: Verify Table Filled

2021-02-05 13:27:13 - [MESSAGE][PASSED] - Object '' is present

2021-02-05 13:27:13 - [MESSAGE][PASSED] - Verify Table Filled

2021-02-05 13:27:13 - [TEST_STEP][PASSED] - Click button "Export Data": Click button "Export Data"

2021-02-05 13:27:13 - [MESSAGE][INFO] - >>>>>//Button[contains(text(),'Export Data')]

2021-02-05 13:27:16 - [MESSAGE][PASSED] - Object: '' is clicked on

2021-02-05 13:27:16 - [MESSAGE][PASSED] - Taking screenshot successfully
[[ATTACHMENT|/Users/chaidir.pratama01/Documents/Docs/Katalon Studio/Screenshot/Download_data.png]]

2021-02-05 13:27:16 - [MESSAGE][PASSED] - Click button "Export Data"

2021-02-05 13:27:16 - [MESSAGE][PASSED] - Feature file: 'Include/features/IST_Real/RTD/Dashboard_for_CCC_OCS/Export_Data_CCC_OCS.feature' was passed]]></system-out>
         <system-err><![CDATA[]]></system-err>
      </testcase>
      <system-out><![CDATA[2021-02-05 13:22:41 - [TEST_SUITE][PASSED] - TS_Dashboard_for_CCC_OCS: Test Cases/RTD/Dashboard for CCC OCS/TC_Export_Data_CCC_OCS]]></system-out>
      <system-err><![CDATA[]]></system-err>
   </testsuite>
</testsuites>
