<?xml version="1.0" encoding="UTF-8"?>
<testsuites name="TS_BLIBLI" time="473.939" tests="17" failures="1" errors="0">
   <testsuite name="TS_BLIBLI" tests="17" failures="1" errors="0" time="473.939" timestamp="2020-11-23 22:29:58" hostname="chaidir.pratama01 - localhost" id="Test Suites/CONTRACT_DISPATCHER_DONA_B2B/TS_BLIBLI">
      <properties>
         <property name="deviceName" value=""/>
         <property name="devicePlatform" value=""/>
         <property name="logFolder" value="/Users/chaidir.pratama01/Katalon Studio/IST_Automation_Git/Reports/20201123_222950/CONTRACT_DISPATCHER_DONA_B2B/TS_BLIBLI/20201123_222950"/>
         <property name="logFiles" value="/Users/chaidir.pratama01/Katalon Studio/IST_Automation_Git/Reports/20201123_222950/CONTRACT_DISPATCHER_DONA_B2B/TS_BLIBLI/20201123_222950/execution0.log"/>
         <property name="attachments" value="/Users/chaidir.pratama01/Documents/Docs/Katalon Studio/Screenshot/IST_Page.png, /Users/chaidir.pratama01/Documents/Docs/Katalon Studio/Screenshot/test-Management Assignment.png, /Users/chaidir.pratama01/Documents/Docs/Katalon Studio/Screenshot/upload.png, /Users/chaidir.pratama01/Documents/Docs/Katalon Studio/Screenshot/IST_Page.png, /Users/chaidir.pratama01/Documents/Docs/Katalon Studio/Screenshot/test-Contract Dispatcher.png, /Users/chaidir.pratama01/Documents/Docs/Katalon Studio/Screenshot/upload.png, /Users/chaidir.pratama01/Documents/Docs/Katalon Studio/Screenshot/upload.png, /Users/chaidir.pratama01/Documents/Docs/Katalon Studio/Screenshot/IST_Page.png, /Users/chaidir.pratama01/Documents/Docs/Katalon Studio/Screenshot/test-Management Assignment.png, /Users/chaidir.pratama01/Documents/Docs/Katalon Studio/Screenshot/upload.png, /Users/chaidir.pratama01/Documents/Docs/Katalon Studio/Screenshot/IST_Page.png, /Users/chaidir.pratama01/Documents/Docs/Katalon Studio/Screenshot/test-Contract Dispatcher.png, /Users/chaidir.pratama01/Documents/Docs/Katalon Studio/Screenshot/upload.png, /Users/chaidir.pratama01/Documents/Docs/Katalon Studio/Screenshot/upload.png, /Users/chaidir.pratama01/Documents/Docs/Katalon Studio/Screenshot/errorpopup.png, /Users/chaidir.pratama01/Katalon Studio/IST_Automation_Git/Reports/20201123_222950/CONTRACT_DISPATCHER_DONA_B2B/TS_BLIBLI/20201123_222950/1606145527890.png, /Users/chaidir.pratama01/Katalon Studio/IST_Automation_Git/Reports/20201123_222950/CONTRACT_DISPATCHER_DONA_B2B/TS_BLIBLI/20201123_222950/1606145528438.png, /Users/chaidir.pratama01/Documents/Docs/Katalon Studio/Screenshot/IST_Page.png, /Users/chaidir.pratama01/Documents/Docs/Katalon Studio/Screenshot/test-Contract Dispatcher.png, /Users/chaidir.pratama01/Documents/Docs/Katalon Studio/Screenshot/upload.png, /Users/chaidir.pratama01/Documents/Docs/Katalon Studio/Screenshot/upload.png, /Users/chaidir.pratama01/Documents/Docs/Katalon Studio/Screenshot/errorpopup.png, /Users/chaidir.pratama01/Documents/Docs/Katalon Studio/Screenshot/upload.png, /Users/chaidir.pratama01/Documents/Docs/Katalon Studio/Screenshot/errorpopup.png, /Users/chaidir.pratama01/Documents/Docs/Katalon Studio/Screenshot/upload.png, /Users/chaidir.pratama01/Documents/Docs/Katalon Studio/Screenshot/upload.png, /Users/chaidir.pratama01/Documents/Docs/Katalon Studio/Screenshot/IST_Page.png, /Users/chaidir.pratama01/Documents/Docs/Katalon Studio/Screenshot/test-Management Assignment.png, /Users/chaidir.pratama01/Documents/Docs/Katalon Studio/Screenshot/upload.png, /Users/chaidir.pratama01/Documents/Docs/Katalon Studio/Screenshot/IST_Page.png, /Users/chaidir.pratama01/Documents/Docs/Katalon Studio/Screenshot/test-Contract Dispatcher.png, /Users/chaidir.pratama01/Documents/Docs/Katalon Studio/Screenshot/upload.png, /Users/chaidir.pratama01/Documents/Docs/Katalon Studio/Screenshot/upload.png, /Users/chaidir.pratama01/Documents/Docs/Katalon Studio/Screenshot/errorpopup.png, /Users/chaidir.pratama01/Documents/Docs/Katalon Studio/Screenshot/upload.png, /Users/chaidir.pratama01/Documents/Docs/Katalon Studio/Screenshot/upload.png, /Users/chaidir.pratama01/Documents/Docs/Katalon Studio/Screenshot/IST_Page.png, /Users/chaidir.pratama01/Documents/Docs/Katalon Studio/Screenshot/test-Management Assignment.png, /Users/chaidir.pratama01/Documents/Docs/Katalon Studio/Screenshot/upload.png, /Users/chaidir.pratama01/Documents/Docs/Katalon Studio/Screenshot/IST_Page.png, /Users/chaidir.pratama01/Documents/Docs/Katalon Studio/Screenshot/test-Contract Dispatcher.png, /Users/chaidir.pratama01/Documents/Docs/Katalon Studio/Screenshot/upload.png, /Users/chaidir.pratama01/Documents/Docs/Katalon Studio/Screenshot/upload.png, /Users/chaidir.pratama01/Documents/Docs/Katalon Studio/Screenshot/errorpopup.png, /Users/chaidir.pratama01/Documents/Docs/Katalon Studio/Screenshot/upload.png, /Users/chaidir.pratama01/Documents/Docs/Katalon Studio/Screenshot/upload.png, /Users/chaidir.pratama01/Documents/Docs/Katalon Studio/Screenshot/IST_Page.png, /Users/chaidir.pratama01/Documents/Docs/Katalon Studio/Screenshot/test-Management Assignment.png, /Users/chaidir.pratama01/Documents/Docs/Katalon Studio/Screenshot/upload.png, /Users/chaidir.pratama01/Documents/Docs/Katalon Studio/Screenshot/IST_Page.png, /Users/chaidir.pratama01/Documents/Docs/Katalon Studio/Screenshot/test-Contract Dispatcher.png, /Users/chaidir.pratama01/Documents/Docs/Katalon Studio/Screenshot/upload.png, /Users/chaidir.pratama01/Documents/Docs/Katalon Studio/Screenshot/upload.png, /Users/chaidir.pratama01/Documents/Docs/Katalon Studio/Screenshot/errorpopup.png, /Users/chaidir.pratama01/Documents/Docs/Katalon Studio/Screenshot/upload.png, /Users/chaidir.pratama01/Documents/Docs/Katalon Studio/Screenshot/upload.png, /Users/chaidir.pratama01/Documents/Docs/Katalon Studio/Screenshot/IST_Page.png, /Users/chaidir.pratama01/Documents/Docs/Katalon Studio/Screenshot/test-Contract Dispatcher.png, /Users/chaidir.pratama01/Documents/Docs/Katalon Studio/Screenshot/upload.png, /Users/chaidir.pratama01/Documents/Docs/Katalon Studio/Screenshot/IST_Page.png, /Users/chaidir.pratama01/Documents/Docs/Katalon Studio/Screenshot/test-Contract Dispatcher.png, /Users/chaidir.pratama01/Documents/Docs/Katalon Studio/Screenshot/IST_Page.png, /Users/chaidir.pratama01/Documents/Docs/Katalon Studio/Screenshot/test-Management Assignment.png, /Users/chaidir.pratama01/Documents/Docs/Katalon Studio/Screenshot/upload.png, /Users/chaidir.pratama01/Documents/Docs/Katalon Studio/Screenshot/errorpopup.png, /Users/chaidir.pratama01/Documents/Docs/Katalon Studio/Screenshot/upload.png, /Users/chaidir.pratama01/Documents/Docs/Katalon Studio/Screenshot/upload.png, /Users/chaidir.pratama01/Documents/Docs/Katalon Studio/Screenshot/IST_Page.png, /Users/chaidir.pratama01/Documents/Docs/Katalon Studio/Screenshot/test-Contract Dispatcher.png, /Users/chaidir.pratama01/Katalon Studio/IST_Automation_Git/Reports/20201123_222950/CONTRACT_DISPATCHER_DONA_B2B/TS_BLIBLI/20201123_222950/1606145866738.png"/>
         <property name="hostName" value="chaidir.pratama01 - localhost"/>
         <property name="os" value="Mac OS X 64bit"/>
         <property name="katalonVersion" value="7.6.0.${buildNumber}"/>
         <property name="browser" value="Chrome 87.0.4280.67"/>
         <property name="hostAddress" value="127.0.0.1"/>
         <property name="sessionId" value="589602076efae1acfda485b0de9b65db"/>
         <property name="seleniumVersion" value="3.141.59"/>
         <property name="proxyInformation" value="ProxyInformation { proxyOption=NO_PROXY, proxyServerType=HTTP, username=, password=********, proxyServerAddress=, proxyServerPort=0, executionList=\&quot;\&quot;, isApplyToDesiredCapabilities=true }"/>
         <property name="platform" value="Mac OS X"/>
      </properties>
      <testcase name="Test Cases/IST_Real/CONTRACT_DISPATCHER_DONA_B2B/BLIBLI/TC BLIBLI - Update Tbl CDS CDC TRKRegMistake" time="3.24" classname="Test Cases/IST_Real/CONTRACT_DISPATCHER_DONA_B2B/BLIBLI/TC BLIBLI - Update Tbl CDS CDC TRKRegMistake" status="PASSED">
         <system-out><![CDATA[2020-11-23 22:29:58 - [TEST_CASE][PASSED] - Test Cases/IST_Real/CONTRACT_DISPATCHER_DONA_B2B/BLIBLI/TC BLIBLI - Update Tbl CDS CDC TRKRegMistake: Test Cases/IST_Real/CONTRACT_DISPATCHER_DONA_B2B/BLIBLI/TC BLIBLI - Update Tbl CDS CDC TRKRegMistake

2020-11-23 22:29:58 - [TEST_STEP][PASSED] - runFeatureFile("Include/features/IST_Real/CONTRACT_DISPATCHER_DONA_B2B/BLIBLI/Update_Tbl_CDS_CDC_TRKRegMistake.feature"): Feature file: 'Include/features/IST_Real/CONTRACT_DISPATCHER_DONA_B2B/BLIBLI/Update_Tbl_CDS_CDC_TRKRegMistake.feature' was passed

2020-11-23 22:29:58 - [MESSAGE][INFO] - Starting run keyword runFeatureFile: 'Include/features/IST_Real/CONTRACT_DISPATCHER_DONA_B2B/BLIBLI/Update_Tbl_CDS_CDC_TRKRegMistake.feature' and extract report to folder: '/Users/chaidir.pratama01/Katalon Studio/IST_Automation_Git/Reports/20201123_222950/CONTRACT_DISPATCHER_DONA_B2B/TS_BLIBLI/20201123_222950/cucumber_report/1606145398506'...

2020-11-23 22:29:59 - [TEST_CASE][PASSED] - Start Test Case : SCENARIO Update Table CONTRACT_DISPATCHER_SOURCE and CONTRACT_DISPTACHER_CLAIM: SCENARIO Update Table CONTRACT_DISPATCHER_SOURCE and CONTRACT_DISPTACHER_CLAIM

2020-11-23 22:29:59 - [TEST_STEP][PASSED] - Connect to Database: Connect to Database

2020-11-23 22:30:00 - [MESSAGE][PASSED] - Connect to Database

2020-11-23 22:30:00 - [TEST_STEP][PASSED] - Update Tbl CONTRACT DISPATCHER SOURCE To Change PROCESSED From Y to N For BLIBLI: Update Tbl CONTRACT DISPATCHER SOURCE To Change PROCESSED From Y to N For BLIBLI

2020-11-23 22:30:00 - [MESSAGE][PASSED] - Update Tbl CONTRACT DISPATCHER SOURCE To Change PROCESSED From Y to N For BLIBLI

2020-11-23 22:30:00 - [TEST_STEP][PASSED] - Update Tbl CONTRACT DISPATCHER CLAIM To Delete PROCESS From Column STATUS: Update Tbl CONTRACT DISPATCHER CLAIM To Delete PROCESS From Column STATUS

2020-11-23 22:30:01 - [MESSAGE][PASSED] - Update Tbl CONTRACT DISPATCHER CLAIM To Delete PROCESS From Column STATUS

2020-11-23 22:30:01 - [TEST_STEP][PASSED] - Delete Contract From TRK_REGISTRATION_MISTAKE: Delete Contract From TRK_REGISTRATION_MISTAKE

2020-11-23 22:30:01 - [MESSAGE][PASSED] - Delete Contract From TRK_REGISTRATION_MISTAKE

2020-11-23 22:30:01 - [MESSAGE][PASSED] - Feature file: 'Include/features/IST_Real/CONTRACT_DISPATCHER_DONA_B2B/BLIBLI/Update_Tbl_CDS_CDC_TRKRegMistake.feature' was passed]]></system-out>
         <system-err><![CDATA[]]></system-err>
      </testcase>
      <testcase name="Test Cases/IST_Real/CONTRACT_DISPATCHER_DONA_B2B/BLIBLI/TC BLIBLI - Check Mistake Matrix" time="47.709" classname="Test Cases/IST_Real/CONTRACT_DISPATCHER_DONA_B2B/BLIBLI/TC BLIBLI - Check Mistake Matrix" status="PASSED">
         <system-out><![CDATA[2020-11-23 22:30:01 - [TEST_CASE][PASSED] - Test Cases/IST_Real/CONTRACT_DISPATCHER_DONA_B2B/BLIBLI/TC BLIBLI - Check Mistake Matrix: Test Cases/IST_Real/CONTRACT_DISPATCHER_DONA_B2B/BLIBLI/TC BLIBLI - Check Mistake Matrix

2020-11-23 22:30:01 - [TEST_STEP][PASSED] - runFeatureFile("Include/features/IST_Real/CONTRACT_DISPATCHER_DONA_B2B/BLIBLI/BliBli_Check_Mistake_Matrix.feature"): Feature file: 'Include/features/IST_Real/CONTRACT_DISPATCHER_DONA_B2B/BLIBLI/BliBli_Check_Mistake_Matrix.feature' was passed

2020-11-23 22:30:01 - [MESSAGE][INFO] - Starting run keyword runFeatureFile: 'Include/features/IST_Real/CONTRACT_DISPATCHER_DONA_B2B/BLIBLI/BliBli_Check_Mistake_Matrix.feature' and extract report to folder: '/Users/chaidir.pratama01/Katalon Studio/IST_Automation_Git/Reports/20201123_222950/CONTRACT_DISPATCHER_DONA_B2B/TS_BLIBLI/20201123_222950/cucumber_report/1606145401580'...

2020-11-23 22:30:01 - [TEST_CASE][PASSED] - Start Test Case : SCENARIO Assign User to Contract Dona BliBli: SCENARIO Assign User to Contract Dona BliBli

2020-11-23 22:30:01 - [TEST_STEP][PASSED] - Go to IST: Go to IST

2020-11-23 22:30:01 - [MESSAGE][INFO] - Starting 'Chrome (headless)' driver

2020-11-23 22:30:01 - [MESSAGE][INFO] - User set preference: ['args', '[--start-maximized, --disable-gpu, --no-proxy-server, –-no-sandbox, --allow-running-insecure-content, --ignore-certificate-errors, window-size=1680,814, force-device-scale-factor=2, --lang=en-GB]']

2020-11-23 22:30:01 - [MESSAGE][INFO] - Action delay is set to 0 milliseconds

2020-11-23 22:30:02 - [MESSAGE][PASSED] - Browser is opened with url: ''

2020-11-23 22:30:04 - [MESSAGE][PASSED] - Navigate to 'https://dev-ist.homecredit.id/ist_tracker/' successfully

2020-11-23 22:30:04 - [MESSAGE][PASSED] - Taking screenshot successfully
[[ATTACHMENT|/Users/chaidir.pratama01/Documents/Docs/Katalon Studio/Screenshot/IST_Page.png]]

2020-11-23 22:30:04 - [MESSAGE][PASSED] - Go to IST

2020-11-23 22:30:04 - [TEST_STEP][PASSED] - Login IST with valid credentials: Login IST with valid credentials

2020-11-23 22:30:05 - [MESSAGE][PASSED] - Text 'mobile.test' is set on object 'Object Repository/Page_/input_Username_j_username'

2020-11-23 22:30:05 - [MESSAGE][PASSED] - Text ****** has been set on object 'Object Repository/Page_/input_Password_j_password'

2020-11-23 22:30:05 - [MESSAGE][PASSED] - Object: 'Object Repository/Page_/button_Login' is clicked on

2020-11-23 22:30:05 - [MESSAGE][PASSED] - Login IST with valid credentials

2020-11-23 22:30:05 - [TEST_STEP][PASSED] - Login Success for contract dispatcher: Login Success for contract dispatcher

2020-11-23 22:30:05 - [MESSAGE][INFO] - Login Success

2020-11-23 22:30:05 - [MESSAGE][PASSED] - Current window maximized

2020-11-23 22:30:05 - [MESSAGE][PASSED] - Object 'Object Repository/Page_/h1_Welcome to IT Supporting Tools' is present

2020-11-23 22:30:05 - [MESSAGE][PASSED] - Login Success for contract dispatcher

2020-11-23 22:30:05 - [TEST_STEP][PASSED] - Select Arrow Menu "Contract Dispatcher Admin": Select Arrow Menu "Contract Dispatcher Admin"

2020-11-23 22:30:05 - [MESSAGE][PASSED] - Object: '' is clicked on

2020-11-23 22:30:05 - [MESSAGE][PASSED] - Select Arrow Menu "Contract Dispatcher Admin"

2020-11-23 22:30:05 - [TEST_STEP][PASSED] - Select Menu "Management Assignment": Select Menu "Management Assignment"

2020-11-23 22:30:06 - [MESSAGE][PASSED] - Taking screenshot successfully
[[ATTACHMENT|/Users/chaidir.pratama01/Documents/Docs/Katalon Studio/Screenshot/test-Management Assignment.png]]

2020-11-23 22:30:06 - [MESSAGE][PASSED] - Object '' is present

2020-11-23 22:30:06 - [MESSAGE][PASSED] - Object: '' is clicked on

2020-11-23 22:30:06 - [MESSAGE][PASSED] - Wait for page load successfully

2020-11-23 22:30:06 - [MESSAGE][PASSED] - Select Menu "Management Assignment"

2020-11-23 22:30:06 - [TEST_STEP][PASSED] - Select Username "mobile.test" of Management Assignment: Select Username "mobile.test" of Management Assignment

2020-11-23 22:30:07 - [MESSAGE][PASSED] - All options with value 'mobile.test' are selected in object 'Object Repository/Page_/dropdown_list_username_assignment'  using regular expression

2020-11-23 22:30:07 - [MESSAGE][PASSED] - Select Username "mobile.test" of Management Assignment

2020-11-23 22:30:07 - [TEST_STEP][PASSED] - Check for username if already assigned to "Dona B2B": Check for username if already assigned to "Dona B2B"

2020-11-23 22:30:10 - [MESSAGE][PASSED] - Scroll to object '' successfully

2020-11-23 22:30:10 - [MESSAGE][PASSED] - Object '' is present

2020-11-23 22:30:10 - [MESSAGE][PASSED] - Object '' is checked

2020-11-23 22:30:10 - [MESSAGE][INFO] - Element is already Checked

2020-11-23 22:30:10 - [MESSAGE][PASSED] - Check for username if already assigned to "Dona B2B"

2020-11-23 22:30:10 - [TEST_STEP][PASSED] - Wait page for load: Wait page for load

2020-11-23 22:30:10 - [MESSAGE][PASSED] - Wait for page load successfully

2020-11-23 22:30:10 - [MESSAGE][PASSED] - Wait page for load

2020-11-23 22:30:10 - [TEST_STEP][PASSED] - Click button "Logout": Click button "Logout"

2020-11-23 22:30:10 - [MESSAGE][INFO] - >>>>>//Button[contains(text(),'Logout')]

2020-11-23 22:30:14 - [MESSAGE][PASSED] - Object: '' is clicked on

2020-11-23 22:30:14 - [MESSAGE][PASSED] - Taking screenshot successfully
[[ATTACHMENT|/Users/chaidir.pratama01/Documents/Docs/Katalon Studio/Screenshot/upload.png]]

2020-11-23 22:30:14 - [MESSAGE][PASSED] - Click button "Logout"

2020-11-23 22:30:14 - [TEST_STEP][PASSED] - Close browser: Close browser

2020-11-23 22:30:14 - [MESSAGE][PASSED] - Browser is closed

2020-11-23 22:30:14 - [MESSAGE][PASSED] - Close browser

2020-11-23 22:30:14 - [TEST_CASE][PASSED] - Start Test Case : SCENARIO Check Mistake Matrix Dona BliBli: SCENARIO Check Mistake Matrix Dona BliBli

2020-11-23 22:30:14 - [TEST_STEP][PASSED] - Go to IST: Go to IST

2020-11-23 22:30:14 - [MESSAGE][INFO] - Starting 'Chrome (headless)' driver

2020-11-23 22:30:14 - [MESSAGE][INFO] - User set preference: ['args', '[--start-maximized, --disable-gpu, --no-proxy-server, –-no-sandbox, --allow-running-insecure-content, --ignore-certificate-errors, window-size=1680,814, force-device-scale-factor=2, --lang=en-GB]']

2020-11-23 22:30:14 - [MESSAGE][INFO] - Action delay is set to 0 milliseconds

2020-11-23 22:30:15 - [MESSAGE][PASSED] - Browser is opened with url: ''

2020-11-23 22:30:16 - [MESSAGE][PASSED] - Navigate to 'https://dev-ist.homecredit.id/ist_tracker/' successfully

2020-11-23 22:30:17 - [MESSAGE][PASSED] - Taking screenshot successfully
[[ATTACHMENT|/Users/chaidir.pratama01/Documents/Docs/Katalon Studio/Screenshot/IST_Page.png]]

2020-11-23 22:30:17 - [MESSAGE][PASSED] - Go to IST

2020-11-23 22:30:17 - [TEST_STEP][PASSED] - Login IST with valid credentials: Login IST with valid credentials

2020-11-23 22:30:17 - [MESSAGE][PASSED] - Text 'mobile.test' is set on object 'Object Repository/Page_/input_Username_j_username'

2020-11-23 22:30:17 - [MESSAGE][PASSED] - Text ****** has been set on object 'Object Repository/Page_/input_Password_j_password'

2020-11-23 22:30:17 - [MESSAGE][PASSED] - Object: 'Object Repository/Page_/button_Login' is clicked on

2020-11-23 22:30:17 - [MESSAGE][PASSED] - Login IST with valid credentials

2020-11-23 22:30:17 - [TEST_STEP][PASSED] - Login Success for contract dispatcher: Login Success for contract dispatcher

2020-11-23 22:30:17 - [MESSAGE][INFO] - Login Success

2020-11-23 22:30:17 - [MESSAGE][PASSED] - Current window maximized

2020-11-23 22:30:17 - [MESSAGE][PASSED] - Object 'Object Repository/Page_/h1_Welcome to IT Supporting Tools' is present

2020-11-23 22:30:17 - [MESSAGE][PASSED] - Login Success for contract dispatcher

2020-11-23 22:30:17 - [TEST_STEP][PASSED] - Select Menu "Contract Dispatcher": Select Menu "Contract Dispatcher"

2020-11-23 22:30:18 - [MESSAGE][PASSED] - Taking screenshot successfully
[[ATTACHMENT|/Users/chaidir.pratama01/Documents/Docs/Katalon Studio/Screenshot/test-Contract Dispatcher.png]]

2020-11-23 22:30:18 - [MESSAGE][PASSED] - Object '' is present

2020-11-23 22:30:18 - [MESSAGE][PASSED] - Object: '' is clicked on

2020-11-23 22:30:18 - [MESSAGE][PASSED] - Wait for page load successfully

2020-11-23 22:30:18 - [MESSAGE][PASSED] - Select Menu "Contract Dispatcher"

2020-11-23 22:30:18 - [TEST_STEP][PASSED] - Select Contract Number based on Type Contract "DONA_BLIBLI": Select Contract Number based on Type Contract "DONA_BLIBLI"

2020-11-23 22:30:18 - [MESSAGE][PASSED] - Object '' is present

2020-11-23 22:30:18 - [MESSAGE][PASSED] - Object '' is present

2020-11-23 22:30:18 - [MESSAGE][PASSED] - Object: '' is clicked on

2020-11-23 22:30:18 - [MESSAGE][PASSED] - Select Contract Number based on Type Contract "DONA_BLIBLI"

2020-11-23 22:30:18 - [TEST_STEP][PASSED] - Click button "Claim": Click button "Claim"

2020-11-23 22:30:18 - [MESSAGE][INFO] - >>>>>//Button[contains(text(),'Claim')]

2020-11-23 22:30:21 - [MESSAGE][PASSED] - Object: '' is clicked on

2020-11-23 22:30:22 - [MESSAGE][PASSED] - Taking screenshot successfully
[[ATTACHMENT|/Users/chaidir.pratama01/Documents/Docs/Katalon Studio/Screenshot/upload.png]]

2020-11-23 22:30:22 - [MESSAGE][PASSED] - Click button "Claim"

2020-11-23 22:30:22 - [TEST_STEP][PASSED] - Verify Tab Mistake Matrix Base on Type Contract: Verify Tab Mistake Matrix Base on Type Contract

2020-11-23 22:30:24 - [MESSAGE][PASSED] - Object '' is present

2020-11-23 22:30:24 - [MESSAGE][PASSED] - Object '' is present

2020-11-23 22:30:24 - [MESSAGE][PASSED] - Object '' is present

2020-11-23 22:30:24 - [MESSAGE][PASSED] - Object '' is present

2020-11-23 22:30:24 - [MESSAGE][PASSED] - Object '' is present

2020-11-23 22:30:24 - [MESSAGE][PASSED] - Verify Tab Mistake Matrix Base on Type Contract

2020-11-23 22:30:24 - [TEST_STEP][PASSED] - Varify the mistake detail already match with the matrix Base on Type Contract: Varify the mistake detail already match with the matrix Base on Type Contract

2020-11-23 22:30:24 - [MESSAGE][PASSED] - Object '' is present

2020-11-23 22:30:24 - [MESSAGE][PASSED] - Object: '' is focused

2020-11-23 22:30:27 - [MESSAGE][PASSED] - Delayed 3 second(s)

2020-11-23 22:30:27 - [MESSAGE][PASSED] - Object: '' is clicked on

2020-11-23 22:30:27 - [MESSAGE][PASSED] - Object '' is present

2020-11-23 22:30:28 - [MESSAGE][PASSED] - Object: '' is focused

2020-11-23 22:30:28 - [MESSAGE][PASSED] - Object '' is not checked

2020-11-23 22:30:28 - [MESSAGE][PASSED] - Object '' is present

2020-11-23 22:30:28 - [MESSAGE][PASSED] - Object: '' is focused

2020-11-23 22:30:28 - [MESSAGE][PASSED] - Object '' is not checked

2020-11-23 22:30:28 - [MESSAGE][PASSED] - Object '' is present

2020-11-23 22:30:28 - [MESSAGE][PASSED] - Object: '' is focused

2020-11-23 22:30:28 - [MESSAGE][PASSED] - Object '' is not checked

2020-11-23 22:30:28 - [MESSAGE][PASSED] - Object '' is present

2020-11-23 22:30:28 - [MESSAGE][PASSED] - Object: '' is focused

2020-11-23 22:30:28 - [MESSAGE][PASSED] - Object '' is not checked

2020-11-23 22:30:28 - [MESSAGE][PASSED] - Object '' is present

2020-11-23 22:30:28 - [MESSAGE][PASSED] - Object: '' is focused

2020-11-23 22:30:28 - [MESSAGE][PASSED] - Object '' is not checked

2020-11-23 22:30:28 - [MESSAGE][PASSED] - Object '' is present

2020-11-23 22:30:28 - [MESSAGE][PASSED] - Object: '' is focused

2020-11-23 22:30:28 - [MESSAGE][PASSED] - Object '' is not checked

2020-11-23 22:30:28 - [MESSAGE][PASSED] - Object '' is present

2020-11-23 22:30:28 - [MESSAGE][PASSED] - Object: '' is focused

2020-11-23 22:30:28 - [MESSAGE][PASSED] - Object '' is not checked

2020-11-23 22:30:28 - [MESSAGE][PASSED] - Object '' is present

2020-11-23 22:30:28 - [MESSAGE][PASSED] - Object: '' is focused

2020-11-23 22:30:28 - [MESSAGE][PASSED] - Object '' is not checked

2020-11-23 22:30:28 - [MESSAGE][PASSED] - Object '' is present

2020-11-23 22:30:28 - [MESSAGE][PASSED] - Object: '' is focused

2020-11-23 22:30:28 - [MESSAGE][PASSED] - Object '' is not checked

2020-11-23 22:30:28 - [MESSAGE][PASSED] - Object '' is present

2020-11-23 22:30:28 - [MESSAGE][PASSED] - Object: '' is focused

2020-11-23 22:30:28 - [MESSAGE][PASSED] - Object '' is not checked

2020-11-23 22:30:28 - [MESSAGE][PASSED] - Object '' is present

2020-11-23 22:30:28 - [MESSAGE][PASSED] - Object: '' is focused

2020-11-23 22:30:29 - [MESSAGE][PASSED] - Object '' is not checked

2020-11-23 22:30:29 - [MESSAGE][PASSED] - Object '' is present

2020-11-23 22:30:29 - [MESSAGE][PASSED] - Object: '' is focused

2020-11-23 22:30:29 - [MESSAGE][PASSED] - Object '' is not checked

2020-11-23 22:30:29 - [MESSAGE][PASSED] - Object '' is present

2020-11-23 22:30:29 - [MESSAGE][PASSED] - Object: '' is focused

2020-11-23 22:30:29 - [MESSAGE][PASSED] - Object '' is not checked

2020-11-23 22:30:29 - [MESSAGE][PASSED] - Object '' is present

2020-11-23 22:30:29 - [MESSAGE][PASSED] - Object: '' is focused

2020-11-23 22:30:29 - [MESSAGE][PASSED] - Object '' is not checked

2020-11-23 22:30:29 - [MESSAGE][PASSED] - Object '' is present

2020-11-23 22:30:29 - [MESSAGE][PASSED] - Object: '' is focused

2020-11-23 22:30:29 - [MESSAGE][PASSED] - Object '' is not checked

2020-11-23 22:30:29 - [MESSAGE][PASSED] - Object '' is present

2020-11-23 22:30:29 - [MESSAGE][PASSED] - Object: '' is focused

2020-11-23 22:30:29 - [MESSAGE][PASSED] - Object '' is not checked

2020-11-23 22:30:29 - [MESSAGE][PASSED] - Object '' is present

2020-11-23 22:30:29 - [MESSAGE][PASSED] - Object: '' is focused

2020-11-23 22:30:29 - [MESSAGE][PASSED] - Object '' is not checked

2020-11-23 22:30:29 - [MESSAGE][PASSED] - Object '' is present

2020-11-23 22:30:29 - [MESSAGE][PASSED] - Object: '' is focused

2020-11-23 22:30:29 - [MESSAGE][PASSED] - Object '' is not checked

2020-11-23 22:30:29 - [MESSAGE][PASSED] - Object '' is present

2020-11-23 22:30:29 - [MESSAGE][PASSED] - Object: '' is focused

2020-11-23 22:30:29 - [MESSAGE][PASSED] - Object '' is not checked

2020-11-23 22:30:29 - [MESSAGE][PASSED] - Object '' is present

2020-11-23 22:30:29 - [MESSAGE][PASSED] - Object: '' is focused

2020-11-23 22:30:29 - [MESSAGE][PASSED] - Object '' is not checked

2020-11-23 22:30:29 - [MESSAGE][PASSED] - Object '' is present

2020-11-23 22:30:30 - [MESSAGE][PASSED] - Object: '' is focused

2020-11-23 22:30:33 - [MESSAGE][PASSED] - Delayed 3 second(s)

2020-11-23 22:30:33 - [MESSAGE][PASSED] - Object: '' is clicked on

2020-11-23 22:30:33 - [MESSAGE][PASSED] - Object '' is present

2020-11-23 22:30:33 - [MESSAGE][PASSED] - Object: '' is focused

2020-11-23 22:30:33 - [MESSAGE][PASSED] - Object '' is not checked

2020-11-23 22:30:33 - [MESSAGE][PASSED] - Object '' is present

2020-11-23 22:30:33 - [MESSAGE][PASSED] - Object: '' is focused

2020-11-23 22:30:33 - [MESSAGE][PASSED] - Object '' is not checked

2020-11-23 22:30:33 - [MESSAGE][PASSED] - Object '' is present

2020-11-23 22:30:33 - [MESSAGE][PASSED] - Object: '' is focused

2020-11-23 22:30:33 - [MESSAGE][PASSED] - Object '' is not checked

2020-11-23 22:30:33 - [MESSAGE][PASSED] - Object '' is present

2020-11-23 22:30:33 - [MESSAGE][PASSED] - Object: '' is focused

2020-11-23 22:30:33 - [MESSAGE][PASSED] - Object '' is not checked

2020-11-23 22:30:33 - [MESSAGE][PASSED] - Object '' is present

2020-11-23 22:30:33 - [MESSAGE][PASSED] - Object: '' is focused

2020-11-23 22:30:33 - [MESSAGE][PASSED] - Object '' is not checked

2020-11-23 22:30:33 - [MESSAGE][PASSED] - Object '' is present

2020-11-23 22:30:33 - [MESSAGE][PASSED] - Object: '' is focused

2020-11-23 22:30:33 - [MESSAGE][PASSED] - Object '' is not checked

2020-11-23 22:30:33 - [MESSAGE][PASSED] - Object '' is present

2020-11-23 22:30:33 - [MESSAGE][PASSED] - Object: '' is focused

2020-11-23 22:30:36 - [MESSAGE][PASSED] - Delayed 3 second(s)

2020-11-23 22:30:36 - [MESSAGE][PASSED] - Object: '' is clicked on

2020-11-23 22:30:36 - [MESSAGE][PASSED] - Object '' is present

2020-11-23 22:30:36 - [MESSAGE][PASSED] - Object: '' is focused

2020-11-23 22:30:36 - [MESSAGE][PASSED] - Object '' is not checked

2020-11-23 22:30:36 - [MESSAGE][PASSED] - Object '' is present

2020-11-23 22:30:37 - [MESSAGE][PASSED] - Object: '' is focused

2020-11-23 22:30:37 - [MESSAGE][PASSED] - Object '' is not checked

2020-11-23 22:30:37 - [MESSAGE][PASSED] - Object '' is present

2020-11-23 22:30:37 - [MESSAGE][PASSED] - Object: '' is focused

2020-11-23 22:30:37 - [MESSAGE][PASSED] - Object '' is not checked

2020-11-23 22:30:37 - [MESSAGE][PASSED] - Object '' is present

2020-11-23 22:30:37 - [MESSAGE][PASSED] - Object: '' is focused

2020-11-23 22:30:40 - [MESSAGE][PASSED] - Delayed 3 second(s)

2020-11-23 22:30:40 - [MESSAGE][PASSED] - Object: '' is clicked on

2020-11-23 22:30:40 - [MESSAGE][PASSED] - Object '' is present

2020-11-23 22:30:40 - [MESSAGE][PASSED] - Object: '' is focused

2020-11-23 22:30:40 - [MESSAGE][PASSED] - Object '' is not checked

2020-11-23 22:30:40 - [MESSAGE][PASSED] - Object '' is present

2020-11-23 22:30:40 - [MESSAGE][PASSED] - Object: '' is focused

2020-11-23 22:30:40 - [MESSAGE][PASSED] - Object '' is not checked

2020-11-23 22:30:40 - [MESSAGE][PASSED] - Object '' is present

2020-11-23 22:30:40 - [MESSAGE][PASSED] - Object: '' is focused

2020-11-23 22:30:40 - [MESSAGE][PASSED] - Object '' is not checked

2020-11-23 22:30:40 - [MESSAGE][PASSED] - Object '' is present

2020-11-23 22:30:40 - [MESSAGE][PASSED] - Object: '' is focused

2020-11-23 22:30:40 - [MESSAGE][PASSED] - Object '' is not checked

2020-11-23 22:30:40 - [MESSAGE][PASSED] - Object '' is present

2020-11-23 22:30:40 - [MESSAGE][PASSED] - Object: '' is focused

2020-11-23 22:30:40 - [MESSAGE][PASSED] - Object '' is not checked

2020-11-23 22:30:40 - [MESSAGE][PASSED] - Object '' is present

2020-11-23 22:30:40 - [MESSAGE][PASSED] - Object: '' is focused

2020-11-23 22:30:40 - [MESSAGE][PASSED] - Object '' is not checked

2020-11-23 22:30:40 - [MESSAGE][PASSED] - Object '' is present

2020-11-23 22:30:41 - [MESSAGE][PASSED] - Object: '' is focused

2020-11-23 22:30:41 - [MESSAGE][PASSED] - Object '' is not checked

2020-11-23 22:30:41 - [MESSAGE][PASSED] - Object '' is present

2020-11-23 22:30:41 - [MESSAGE][PASSED] - Object: '' is focused

2020-11-23 22:30:41 - [MESSAGE][PASSED] - Object '' is not checked

2020-11-23 22:30:41 - [MESSAGE][PASSED] - Object '' is present

2020-11-23 22:30:41 - [MESSAGE][PASSED] - Object: '' is focused

2020-11-23 22:30:44 - [MESSAGE][PASSED] - Delayed 3 second(s)

2020-11-23 22:30:44 - [MESSAGE][PASSED] - Object: '' is clicked on

2020-11-23 22:30:44 - [MESSAGE][PASSED] - Object '' is present

2020-11-23 22:30:44 - [MESSAGE][PASSED] - Object: '' is focused

2020-11-23 22:30:44 - [MESSAGE][PASSED] - Object '' is not checked

2020-11-23 22:30:44 - [MESSAGE][PASSED] - Object '' is present

2020-11-23 22:30:44 - [MESSAGE][PASSED] - Object: '' is focused

2020-11-23 22:30:44 - [MESSAGE][PASSED] - Object '' is not checked

2020-11-23 22:30:44 - [MESSAGE][PASSED] - Object '' is present

2020-11-23 22:30:44 - [MESSAGE][PASSED] - Object: '' is focused

2020-11-23 22:30:44 - [MESSAGE][PASSED] - Object '' is not checked

2020-11-23 22:30:44 - [MESSAGE][PASSED] - Varify the mistake detail already match with the matrix Base on Type Contract

2020-11-23 22:30:44 - [TEST_STEP][PASSED] - Click button "Logout": Click button "Logout"

2020-11-23 22:30:44 - [MESSAGE][INFO] - >>>>>//Button[contains(text(),'Logout')]

2020-11-23 22:30:47 - [MESSAGE][PASSED] - Object: '' is clicked on

2020-11-23 22:30:48 - [MESSAGE][PASSED] - Taking screenshot successfully
[[ATTACHMENT|/Users/chaidir.pratama01/Documents/Docs/Katalon Studio/Screenshot/upload.png]]

2020-11-23 22:30:48 - [MESSAGE][PASSED] - Click button "Logout"

2020-11-23 22:30:48 - [TEST_STEP][PASSED] - Close browser: Close browser

2020-11-23 22:30:48 - [MESSAGE][PASSED] - Browser is closed

2020-11-23 22:30:48 - [MESSAGE][PASSED] - Close browser

2020-11-23 22:30:48 - [TEST_STEP][PASSED] - Connect to Database: Connect to Database

2020-11-23 22:30:48 - [MESSAGE][PASSED] - Connect to Database

2020-11-23 22:30:48 - [TEST_STEP][PASSED] - Check Contract Number in Contract_Dispatcher_Claim "SELECT * FROM CONTRACT_DISPATCHER_CLAIM WHERE CONTRACT_NUMBER='336' and CLAIM_DATE_END IS NULL": Check Contract Number in Contract_Dispatcher_Claim "SELECT * FROM CONTRACT_DISPATCHER_CLAIM WHERE CONTRACT_NUMBER='336' and CLAIM_DATE_END IS NULL"

2020-11-23 22:30:49 - [MESSAGE][PASSED] - Check Contract Number in Contract_Dispatcher_Claim "SELECT * FROM CONTRACT_DISPATCHER_CLAIM WHERE CONTRACT_NUMBER='336' and CLAIM_DATE_END IS NULL"

2020-11-23 22:30:49 - [TEST_STEP][PASSED] - Check Contract Number Process in Contract_Dispatcher_Source "SELECT * FROM CONTRACT_DISPATCHER_SOURCE WHERE TEXT_CONTRACT_NUMBER='336'": Check Contract Number Process in Contract_Dispatcher_Source "SELECT * FROM CONTRACT_DISPATCHER_SOURCE WHERE TEXT_CONTRACT_NUMBER='336'"

2020-11-23 22:30:49 - [MESSAGE][PASSED] - Check Contract Number Process in Contract_Dispatcher_Source "SELECT * FROM CONTRACT_DISPATCHER_SOURCE WHERE TEXT_CONTRACT_NUMBER='336'"

2020-11-23 22:30:49 - [MESSAGE][PASSED] - Feature file: 'Include/features/IST_Real/CONTRACT_DISPATCHER_DONA_B2B/BLIBLI/BliBli_Check_Mistake_Matrix.feature' was passed]]></system-out>
         <system-err><![CDATA[]]></system-err>
      </testcase>
      <testcase name="Test Cases/IST_Real/CONTRACT_DISPATCHER_DONA_B2B/BLIBLI/TC BLIBLI - Update Tbl CDS CDC TRKRegMistake" time="1.023" classname="Test Cases/IST_Real/CONTRACT_DISPATCHER_DONA_B2B/BLIBLI/TC BLIBLI - Update Tbl CDS CDC TRKRegMistake" status="PASSED">
         <system-out><![CDATA[2020-11-23 22:30:49 - [TEST_CASE][PASSED] - Test Cases/IST_Real/CONTRACT_DISPATCHER_DONA_B2B/BLIBLI/TC BLIBLI - Update Tbl CDS CDC TRKRegMistake: Test Cases/IST_Real/CONTRACT_DISPATCHER_DONA_B2B/BLIBLI/TC BLIBLI - Update Tbl CDS CDC TRKRegMistake

2020-11-23 22:30:49 - [TEST_STEP][PASSED] - runFeatureFile("Include/features/IST_Real/CONTRACT_DISPATCHER_DONA_B2B/BLIBLI/Update_Tbl_CDS_CDC_TRKRegMistake.feature"): Feature file: 'Include/features/IST_Real/CONTRACT_DISPATCHER_DONA_B2B/BLIBLI/Update_Tbl_CDS_CDC_TRKRegMistake.feature' was passed

2020-11-23 22:30:49 - [MESSAGE][INFO] - Starting run keyword runFeatureFile: 'Include/features/IST_Real/CONTRACT_DISPATCHER_DONA_B2B/BLIBLI/Update_Tbl_CDS_CDC_TRKRegMistake.feature' and extract report to folder: '/Users/chaidir.pratama01/Katalon Studio/IST_Automation_Git/Reports/20201123_222950/CONTRACT_DISPATCHER_DONA_B2B/TS_BLIBLI/20201123_222950/cucumber_report/1606145449202'...

2020-11-23 22:30:49 - [TEST_CASE][PASSED] - Start Test Case : SCENARIO Update Table CONTRACT_DISPATCHER_SOURCE and CONTRACT_DISPTACHER_CLAIM: SCENARIO Update Table CONTRACT_DISPATCHER_SOURCE and CONTRACT_DISPTACHER_CLAIM

2020-11-23 22:30:49 - [TEST_STEP][PASSED] - Connect to Database: Connect to Database

2020-11-23 22:30:49 - [MESSAGE][PASSED] - Connect to Database

2020-11-23 22:30:49 - [TEST_STEP][PASSED] - Update Tbl CONTRACT DISPATCHER SOURCE To Change PROCESSED From Y to N For BLIBLI: Update Tbl CONTRACT DISPATCHER SOURCE To Change PROCESSED From Y to N For BLIBLI

2020-11-23 22:30:49 - [MESSAGE][PASSED] - Update Tbl CONTRACT DISPATCHER SOURCE To Change PROCESSED From Y to N For BLIBLI

2020-11-23 22:30:49 - [TEST_STEP][PASSED] - Update Tbl CONTRACT DISPATCHER CLAIM To Delete PROCESS From Column STATUS: Update Tbl CONTRACT DISPATCHER CLAIM To Delete PROCESS From Column STATUS

2020-11-23 22:30:50 - [MESSAGE][PASSED] - Update Tbl CONTRACT DISPATCHER CLAIM To Delete PROCESS From Column STATUS

2020-11-23 22:30:50 - [TEST_STEP][PASSED] - Delete Contract From TRK_REGISTRATION_MISTAKE: Delete Contract From TRK_REGISTRATION_MISTAKE

2020-11-23 22:30:50 - [MESSAGE][PASSED] - Delete Contract From TRK_REGISTRATION_MISTAKE

2020-11-23 22:30:50 - [MESSAGE][PASSED] - Feature file: 'Include/features/IST_Real/CONTRACT_DISPATCHER_DONA_B2B/BLIBLI/Update_Tbl_CDS_CDC_TRKRegMistake.feature' was passed]]></system-out>
         <system-err><![CDATA[]]></system-err>
      </testcase>
      <testcase name="Test Cases/IST_Real/CONTRACT_DISPATCHER_DONA_B2B/BLIBLI/TC BLIBLI - Contract Dispatcher BLIBLI" time="78.746" classname="Test Cases/IST_Real/CONTRACT_DISPATCHER_DONA_B2B/BLIBLI/TC BLIBLI - Contract Dispatcher BLIBLI" status="FAILED">
         <failure type="FAILED" message="Test Cases/IST_Real/CONTRACT_DISPATCHER_DONA_B2B/BLIBLI/TC BLIBLI - Contract Dispatcher BLIBLI FAILED.
Reason:
com.kms.katalon.core.exception.StepFailedException: Feature file 'Include/features/IST_Real/CONTRACT_DISPATCHER_DONA_B2B/BLIBLI/Contract_Dispatcher_BLIBLI.feature' was failed
	at com.kms.katalon.core.keyword.internal.KeywordMain.stepFailed(KeywordMain.groovy:50)
	at com.kms.katalon.core.keyword.internal.KeywordMain.stepFailed(KeywordMain.groovy)
	at com.kms.katalon.core.keyword.internal.KeywordMain.stepFailed(KeywordMain.groovy:23)
	at com.kms.katalon.core.keyword.internal.KeywordMain$stepFailed$0.call(Unknown Source)
	at com.kms.katalon.core.cucumber.keyword.CucumberBuiltinKeywords$_runFeatureFile_closure1.doCall(CucumberBuiltinKeywords.groovy:82)
	at com.kms.katalon.core.cucumber.keyword.CucumberBuiltinKeywords$_runFeatureFile_closure1.doCall(CucumberBuiltinKeywords.groovy)
	at com.kms.katalon.core.keyword.internal.KeywordMain.runKeyword(KeywordMain.groovy:68)
	at com.kms.katalon.core.keyword.internal.KeywordMain$runKeyword.call(Unknown Source)
	at com.kms.katalon.core.cucumber.keyword.CucumberBuiltinKeywords.runFeatureFile(CucumberBuiltinKeywords.groovy:46)
	at com.kms.katalon.core.cucumber.keyword.CucumberBuiltinKeywords$runFeatureFile$0.callStatic(Unknown Source)
	at com.kms.katalon.core.cucumber.keyword.CucumberBuiltinKeywords.runFeatureFile(CucumberBuiltinKeywords.groovy:169)
	at com.kms.katalon.core.cucumber.keyword.CucumberBuiltinKeywords$runFeatureFile.call(Unknown Source)
	at TC BLIBLI - Contract Dispatcher BLIBLI.run(TC BLIBLI - Contract Dispatcher BLIBLI:18)
	at com.kms.katalon.core.main.ScriptEngine.run(ScriptEngine.java:194)
	at com.kms.katalon.core.main.ScriptEngine.runScriptAsRawText(ScriptEngine.java:119)
	at com.kms.katalon.core.main.TestCaseExecutor.runScript(TestCaseExecutor.java:339)
	at com.kms.katalon.core.main.TestCaseExecutor.doExecute(TestCaseExecutor.java:330)
	at com.kms.katalon.core.main.TestCaseExecutor.processExecutionPhase(TestCaseExecutor.java:309)
	at com.kms.katalon.core.main.TestCaseExecutor.accessMainPhase(TestCaseExecutor.java:301)
	at com.kms.katalon.core.main.TestCaseExecutor.execute(TestCaseExecutor.java:235)
	at com.kms.katalon.core.main.TestSuiteExecutor.accessTestCaseMainPhase(TestSuiteExecutor.java:191)
	at com.kms.katalon.core.main.TestSuiteExecutor.accessTestSuiteMainPhase(TestSuiteExecutor.java:141)
	at com.kms.katalon.core.main.TestSuiteExecutor.execute(TestSuiteExecutor.java:90)
	at com.kms.katalon.core.main.TestCaseMain.startTestSuite(TestCaseMain.java:157)
	at com.kms.katalon.core.main.TestCaseMain$startTestSuite$0.call(Unknown Source)
	at TempTestSuite1606145390827.run(TempTestSuite1606145390827.groovy:39)
"/>
         <system-out><![CDATA[2020-11-23 22:30:50 - [TEST_CASE][FAILED] - Test Cases/IST_Real/CONTRACT_DISPATCHER_DONA_B2B/BLIBLI/TC BLIBLI - Contract Dispatcher BLIBLI: Test Cases/IST_Real/CONTRACT_DISPATCHER_DONA_B2B/BLIBLI/TC BLIBLI - Contract Dispatcher BLIBLI FAILED.
Reason:
com.kms.katalon.core.exception.StepFailedException: Feature file 'Include/features/IST_Real/CONTRACT_DISPATCHER_DONA_B2B/BLIBLI/Contract_Dispatcher_BLIBLI.feature' was failed
	at com.kms.katalon.core.keyword.internal.KeywordMain.stepFailed(KeywordMain.groovy:50)
	at com.kms.katalon.core.keyword.internal.KeywordMain.stepFailed(KeywordMain.groovy)
	at com.kms.katalon.core.keyword.internal.KeywordMain.stepFailed(KeywordMain.groovy:23)
	at com.kms.katalon.core.keyword.internal.KeywordMain$stepFailed$0.call(Unknown Source)
	at com.kms.katalon.core.cucumber.keyword.CucumberBuiltinKeywords$_runFeatureFile_closure1.doCall(CucumberBuiltinKeywords.groovy:82)
	at com.kms.katalon.core.cucumber.keyword.CucumberBuiltinKeywords$_runFeatureFile_closure1.doCall(CucumberBuiltinKeywords.groovy)
	at com.kms.katalon.core.keyword.internal.KeywordMain.runKeyword(KeywordMain.groovy:68)
	at com.kms.katalon.core.keyword.internal.KeywordMain$runKeyword.call(Unknown Source)
	at com.kms.katalon.core.cucumber.keyword.CucumberBuiltinKeywords.runFeatureFile(CucumberBuiltinKeywords.groovy:46)
	at com.kms.katalon.core.cucumber.keyword.CucumberBuiltinKeywords$runFeatureFile$0.callStatic(Unknown Source)
	at com.kms.katalon.core.cucumber.keyword.CucumberBuiltinKeywords.runFeatureFile(CucumberBuiltinKeywords.groovy:169)
	at com.kms.katalon.core.cucumber.keyword.CucumberBuiltinKeywords$runFeatureFile.call(Unknown Source)
	at TC BLIBLI - Contract Dispatcher BLIBLI.run(TC BLIBLI - Contract Dispatcher BLIBLI:18)
	at com.kms.katalon.core.main.ScriptEngine.run(ScriptEngine.java:194)
	at com.kms.katalon.core.main.ScriptEngine.runScriptAsRawText(ScriptEngine.java:119)
	at com.kms.katalon.core.main.TestCaseExecutor.runScript(TestCaseExecutor.java:339)
	at com.kms.katalon.core.main.TestCaseExecutor.doExecute(TestCaseExecutor.java:330)
	at com.kms.katalon.core.main.TestCaseExecutor.processExecutionPhase(TestCaseExecutor.java:309)
	at com.kms.katalon.core.main.TestCaseExecutor.accessMainPhase(TestCaseExecutor.java:301)
	at com.kms.katalon.core.main.TestCaseExecutor.execute(TestCaseExecutor.java:235)
	at com.kms.katalon.core.main.TestSuiteExecutor.accessTestCaseMainPhase(TestSuiteExecutor.java:191)
	at com.kms.katalon.core.main.TestSuiteExecutor.accessTestSuiteMainPhase(TestSuiteExecutor.java:141)
	at com.kms.katalon.core.main.TestSuiteExecutor.execute(TestSuiteExecutor.java:90)
	at com.kms.katalon.core.main.TestCaseMain.startTestSuite(TestCaseMain.java:157)
	at com.kms.katalon.core.main.TestCaseMain$startTestSuite$0.call(Unknown Source)
	at TempTestSuite1606145390827.run(TempTestSuite1606145390827.groovy:39)


2020-11-23 22:30:50 - [TEST_STEP][FAILED] - runFeatureFile("Include/features/IST_Real/CONTRACT_DISPATCHER_DONA_B2B/BLIBLI/Contract_Dispatcher_BLIBLI.feature"): Keyword runFeatureFile was failed (Root cause: com.kms.katalon.core.exception.StepFailedException: Feature file 'Include/features/IST_Real/CONTRACT_DISPATCHER_DONA_B2B/BLIBLI/Contract_Dispatcher_BLIBLI.feature' was failed
	at com.kms.katalon.core.keyword.internal.KeywordMain.stepFailed(KeywordMain.groovy:50)
	at com.kms.katalon.core.keyword.internal.KeywordMain.stepFailed(KeywordMain.groovy)
	at com.kms.katalon.core.keyword.internal.KeywordMain.stepFailed(KeywordMain.groovy:23)
	at com.kms.katalon.core.keyword.internal.KeywordMain$stepFailed$0.call(Unknown Source)
	at com.kms.katalon.core.cucumber.keyword.CucumberBuiltinKeywords$_runFeatureFile_closure1.doCall(CucumberBuiltinKeywords.groovy:82)
	at com.kms.katalon.core.cucumber.keyword.CucumberBuiltinKeywords$_runFeatureFile_closure1.doCall(CucumberBuiltinKeywords.groovy)
	at com.kms.katalon.core.keyword.internal.KeywordMain.runKeyword(KeywordMain.groovy:68)
	at com.kms.katalon.core.keyword.internal.KeywordMain$runKeyword.call(Unknown Source)
	at com.kms.katalon.core.cucumber.keyword.CucumberBuiltinKeywords.runFeatureFile(CucumberBuiltinKeywords.groovy:46)
	at com.kms.katalon.core.cucumber.keyword.CucumberBuiltinKeywords$runFeatureFile$0.callStatic(Unknown Source)
	at com.kms.katalon.core.cucumber.keyword.CucumberBuiltinKeywords.runFeatureFile(CucumberBuiltinKeywords.groovy:169)
	at com.kms.katalon.core.cucumber.keyword.CucumberBuiltinKeywords$runFeatureFile.call(Unknown Source)
	at TC BLIBLI - Contract Dispatcher BLIBLI.run(TC BLIBLI - Contract Dispatcher BLIBLI:18)
	at com.kms.katalon.core.main.ScriptEngine.run(ScriptEngine.java:194)
	at com.kms.katalon.core.main.ScriptEngine.runScriptAsRawText(ScriptEngine.java:119)
	at com.kms.katalon.core.main.TestCaseExecutor.runScript(TestCaseExecutor.java:339)
	at com.kms.katalon.core.main.TestCaseExecutor.doExecute(TestCaseExecutor.java:330)
	at com.kms.katalon.core.main.TestCaseExecutor.processExecutionPhase(TestCaseExecutor.java:309)
	at com.kms.katalon.core.main.TestCaseExecutor.accessMainPhase(TestCaseExecutor.java:301)
	at com.kms.katalon.core.main.TestCaseExecutor.execute(TestCaseExecutor.java:235)
	at com.kms.katalon.core.main.TestSuiteExecutor.accessTestCaseMainPhase(TestSuiteExecutor.java:191)
	at com.kms.katalon.core.main.TestSuiteExecutor.accessTestSuiteMainPhase(TestSuiteExecutor.java:141)
	at com.kms.katalon.core.main.TestSuiteExecutor.execute(TestSuiteExecutor.java:90)
	at com.kms.katalon.core.main.TestCaseMain.startTestSuite(TestCaseMain.java:157)
	at com.kms.katalon.core.main.TestCaseMain$startTestSuite$0.call(Unknown Source)
	at TempTestSuite1606145390827.run(TempTestSuite1606145390827.groovy:39)
)

2020-11-23 22:30:50 - [MESSAGE][INFO] - Starting run keyword runFeatureFile: 'Include/features/IST_Real/CONTRACT_DISPATCHER_DONA_B2B/BLIBLI/Contract_Dispatcher_BLIBLI.feature' and extract report to folder: '/Users/chaidir.pratama01/Katalon Studio/IST_Automation_Git/Reports/20201123_222950/CONTRACT_DISPATCHER_DONA_B2B/TS_BLIBLI/20201123_222950/cucumber_report/1606145450302'...

2020-11-23 22:30:50 - [TEST_CASE][PASSED] - Start Test Case : SCENARIO Assign User to Contract Dona B2B: SCENARIO Assign User to Contract Dona B2B

2020-11-23 22:30:50 - [TEST_STEP][PASSED] - Go to IST: Go to IST

2020-11-23 22:30:50 - [MESSAGE][INFO] - Starting 'Chrome (headless)' driver

2020-11-23 22:30:50 - [MESSAGE][INFO] - User set preference: ['args', '[--start-maximized, --disable-gpu, --no-proxy-server, –-no-sandbox, --allow-running-insecure-content, --ignore-certificate-errors, window-size=1680,814, force-device-scale-factor=2, --lang=en-GB]']

2020-11-23 22:30:50 - [MESSAGE][INFO] - Action delay is set to 0 milliseconds

2020-11-23 22:30:50 - [MESSAGE][PASSED] - Browser is opened with url: ''

2020-11-23 22:30:51 - [MESSAGE][PASSED] - Navigate to 'https://dev-ist.homecredit.id/ist_tracker/' successfully

2020-11-23 22:30:52 - [MESSAGE][PASSED] - Taking screenshot successfully
[[ATTACHMENT|/Users/chaidir.pratama01/Documents/Docs/Katalon Studio/Screenshot/IST_Page.png]]

2020-11-23 22:30:52 - [MESSAGE][PASSED] - Go to IST

2020-11-23 22:30:52 - [TEST_STEP][PASSED] - Login IST with valid credentials: Login IST with valid credentials

2020-11-23 22:30:52 - [MESSAGE][PASSED] - Text 'mobile.test' is set on object 'Object Repository/Page_/input_Username_j_username'

2020-11-23 22:30:52 - [MESSAGE][PASSED] - Text ****** has been set on object 'Object Repository/Page_/input_Password_j_password'

2020-11-23 22:30:53 - [MESSAGE][PASSED] - Object: 'Object Repository/Page_/button_Login' is clicked on

2020-11-23 22:30:53 - [MESSAGE][PASSED] - Login IST with valid credentials

2020-11-23 22:30:53 - [TEST_STEP][PASSED] - Login Success for contract dispatcher: Login Success for contract dispatcher

2020-11-23 22:30:53 - [MESSAGE][INFO] - Login Success

2020-11-23 22:30:53 - [MESSAGE][PASSED] - Current window maximized

2020-11-23 22:30:53 - [MESSAGE][PASSED] - Object 'Object Repository/Page_/h1_Welcome to IT Supporting Tools' is present

2020-11-23 22:30:53 - [MESSAGE][PASSED] - Login Success for contract dispatcher

2020-11-23 22:30:53 - [TEST_STEP][PASSED] - Select Arrow Menu "Contract Dispatcher Admin": Select Arrow Menu "Contract Dispatcher Admin"

2020-11-23 22:30:53 - [MESSAGE][PASSED] - Object: '' is clicked on

2020-11-23 22:30:53 - [MESSAGE][PASSED] - Select Arrow Menu "Contract Dispatcher Admin"

2020-11-23 22:30:53 - [TEST_STEP][PASSED] - Select Menu "Management Assignment": Select Menu "Management Assignment"

2020-11-23 22:30:53 - [MESSAGE][PASSED] - Taking screenshot successfully
[[ATTACHMENT|/Users/chaidir.pratama01/Documents/Docs/Katalon Studio/Screenshot/test-Management Assignment.png]]

2020-11-23 22:30:53 - [MESSAGE][PASSED] - Object '' is present

2020-11-23 22:30:53 - [MESSAGE][PASSED] - Object: '' is clicked on

2020-11-23 22:30:53 - [MESSAGE][PASSED] - Wait for page load successfully

2020-11-23 22:30:53 - [MESSAGE][PASSED] - Select Menu "Management Assignment"

2020-11-23 22:30:53 - [TEST_STEP][PASSED] - Select Username "mobile.test" of Management Assignment: Select Username "mobile.test" of Management Assignment

2020-11-23 22:30:54 - [MESSAGE][PASSED] - All options with value 'mobile.test' are selected in object 'Object Repository/Page_/dropdown_list_username_assignment'  using regular expression

2020-11-23 22:30:54 - [MESSAGE][PASSED] - Select Username "mobile.test" of Management Assignment

2020-11-23 22:30:54 - [TEST_STEP][PASSED] - Check for username if already assigned to "Dona B2B": Check for username if already assigned to "Dona B2B"

2020-11-23 22:30:57 - [MESSAGE][PASSED] - Scroll to object '' successfully

2020-11-23 22:30:57 - [MESSAGE][PASSED] - Object '' is present

2020-11-23 22:30:57 - [MESSAGE][PASSED] - Object '' is checked

2020-11-23 22:30:57 - [MESSAGE][INFO] - Element is already Checked

2020-11-23 22:30:57 - [MESSAGE][PASSED] - Check for username if already assigned to "Dona B2B"

2020-11-23 22:30:57 - [TEST_STEP][PASSED] - Wait page for load: Wait page for load

2020-11-23 22:30:57 - [MESSAGE][PASSED] - Wait for page load successfully

2020-11-23 22:30:57 - [MESSAGE][PASSED] - Wait page for load

2020-11-23 22:30:57 - [TEST_STEP][PASSED] - Click button "Logout": Click button "Logout"

2020-11-23 22:30:57 - [MESSAGE][INFO] - >>>>>//Button[contains(text(),'Logout')]

2020-11-23 22:31:01 - [MESSAGE][PASSED] - Object: '' is clicked on

2020-11-23 22:31:01 - [MESSAGE][PASSED] - Taking screenshot successfully
[[ATTACHMENT|/Users/chaidir.pratama01/Documents/Docs/Katalon Studio/Screenshot/upload.png]]

2020-11-23 22:31:01 - [MESSAGE][PASSED] - Click button "Logout"

2020-11-23 22:31:01 - [TEST_STEP][PASSED] - Close browser: Close browser

2020-11-23 22:31:01 - [MESSAGE][PASSED] - Browser is closed

2020-11-23 22:31:01 - [MESSAGE][PASSED] - Close browser

2020-11-23 22:31:01 - [TEST_CASE][FAILED] - Start Test Case : SCENARIO Select Menu Contract Dispatcher and Select Contract based on type contract DONA_BLIBLI: SCENARIO Select Menu Contract Dispatcher and Select Contract based on type contract DONA_BLIBLI FAILED.
Reason:
com.kms.katalon.core.exception.StepFailedException: Unable to verify object '' is present
	at com.kms.katalon.core.webui.keyword.internal.WebUIKeywordMain.stepFailed(WebUIKeywordMain.groovy:64)
	at com.kms.katalon.core.webui.keyword.internal.WebUIKeywordMain.runKeyword(WebUIKeywordMain.groovy:26)
	at com.kms.katalon.core.webui.keyword.builtin.VerifyElementPresentKeyword.verifyElementPresent(VerifyElementPresentKeyword.groovy:92)
	at com.kms.katalon.core.webui.keyword.builtin.VerifyElementPresentKeyword.execute(VerifyElementPresentKeyword.groovy:68)
	at com.kms.katalon.core.keyword.internal.KeywordExecutor.executeKeywordForPlatform(KeywordExecutor.groovy:73)
	at com.kms.katalon.core.webui.keyword.WebUiBuiltInKeywords.verifyElementPresent(WebUiBuiltInKeywords.groovy:1460)
	at com.kms.katalon.core.webui.keyword.WebUiBuiltInKeywords$verifyElementPresent$6.call(Unknown Source)
	at ist_real.Contract_Dispatcher.gettextconfirmationadd(Contract_Dispatcher.groovy:643)
	at ✽.Get text from pop up "IT Supporting Tools" with text "Mistake has been saved"(/Users/chaidir.pratama01/Katalon Studio/IST_Automation_Git/Include/features/IST_Real/CONTRACT_DISPATCHER_DONA_B2B/BLIBLI/Contract_Dispatcher_BLIBLI.feature:55)
Caused by: com.kms.katalon.core.exception.StepFailedException: com.kms.katalon.core.webui.exception.WebElementNotFoundException: Web element with id: '' located by '//div[contains(text(),"IT Supporting Tools")]/following-sibling::div/table/tbody/tr/td/table/tbody/tr/td[5]/div/span[contains(text(),"Mistake has been saved")]' not found
	at com.kms.katalon.core.webui.keyword.internal.WebUIKeywordMain.stepFailed(WebUIKeywordMain.groovy:64)
	at com.kms.katalon.core.webui.keyword.builtin.VerifyElementPresentKeyword$_verifyElementPresent_closure1.doCall(VerifyElementPresentKeyword.groovy:85)
	at com.kms.katalon.core.webui.keyword.builtin.VerifyElementPresentKeyword$_verifyElementPresent_closure1.call(VerifyElementPresentKeyword.groovy)
	at com.kms.katalon.core.webui.keyword.internal.WebUIKeywordMain.runKeyword(WebUIKeywordMain.groovy:20)
	at com.kms.katalon.core.webui.keyword.builtin.VerifyElementPresentKeyword.verifyElementPresent(VerifyElementPresentKeyword.groovy:92)
	at com.kms.katalon.core.webui.keyword.builtin.VerifyElementPresentKeyword.execute(VerifyElementPresentKeyword.groovy:68)
	at com.kms.katalon.core.keyword.internal.KeywordExecutor.executeKeywordForPlatform(KeywordExecutor.groovy:73)
	at com.kms.katalon.core.webui.keyword.WebUiBuiltInKeywords.verifyElementPresent(WebUiBuiltInKeywords.groovy:1460)
	at com.kms.katalon.core.webui.keyword.WebUiBuiltInKeywords$verifyElementPresent$6.call(Unknown Source)
	at ist_real.Contract_Dispatcher.gettextconfirmationadd(Contract_Dispatcher.groovy:643)
	at cucumber.runtime.Utils$1.call(Utils.java:26)
	at cucumber.runtime.Timeout.timeout(Timeout.java:16)
	at cucumber.runtime.Utils.invoke(Utils.java:20)
	at cucumber.runtime.java.JavaStepDefinition.execute(JavaStepDefinition.java:48)
	at cucumber.runtime.PickleStepDefinitionMatch.runStep(PickleStepDefinitionMatch.java:50)
	at cucumber.runner.TestStep.executeStep(TestStep.java:55)
	at cucumber.runner.TestStep.run(TestStep.java:42)
	at cucumber.runner.PickleStepTestStep.run(PickleStepTestStep.java:53)
	at cucumber.runner.TestCase.run(TestCase.java:47)
	at cucumber.runner.Runner.runPickle(Runner.java:44)
	at cucumber.runtime.Runtime.runFeature(Runtime.java:120)
	at cucumber.runtime.Runtime.run(Runtime.java:106)
	at cucumber.api.cli.Main.run(Main.java:35)
	at cucumber.api.cli.Main$run.call(Unknown Source)
	at com.kms.katalon.core.cucumber.keyword.CucumberBuiltinKeywords$_runFeatureFile_closure1.doCall(CucumberBuiltinKeywords.groovy:76)
	at com.kms.katalon.core.cucumber.keyword.CucumberBuiltinKeywords$_runFeatureFile_closure1.doCall(CucumberBuiltinKeywords.groovy)
	at com.kms.katalon.core.keyword.internal.KeywordMain.runKeyword(KeywordMain.groovy:68)
	at com.kms.katalon.core.keyword.internal.KeywordMain$runKeyword.call(Unknown Source)
	at com.kms.katalon.core.cucumber.keyword.CucumberBuiltinKeywords.runFeatureFile(CucumberBuiltinKeywords.groovy:46)
	at com.kms.katalon.core.cucumber.keyword.CucumberBuiltinKeywords$runFeatureFile$0.callStatic(Unknown Source)
	at com.kms.katalon.core.cucumber.keyword.CucumberBuiltinKeywords.runFeatureFile(CucumberBuiltinKeywords.groovy:169)
	at com.kms.katalon.core.cucumber.keyword.CucumberBuiltinKeywords$runFeatureFile.call(Unknown Source)
	at TC BLIBLI - Contract Dispatcher BLIBLI.run(TC BLIBLI - Contract Dispatcher BLIBLI:18)
	at com.kms.katalon.core.main.ScriptEngine.run(ScriptEngine.java:194)
	at com.kms.katalon.core.main.ScriptEngine.runScriptAsRawText(ScriptEngine.java:119)
	at com.kms.katalon.core.main.TestCaseExecutor.runScript(TestCaseExecutor.java:339)
	at com.kms.katalon.core.main.TestCaseExecutor.doExecute(TestCaseExecutor.java:330)
	at com.kms.katalon.core.main.TestCaseExecutor.processExecutionPhase(TestCaseExecutor.java:309)
	at com.kms.katalon.core.main.TestCaseExecutor.accessMainPhase(TestCaseExecutor.java:301)
	at com.kms.katalon.core.main.TestCaseExecutor.execute(TestCaseExecutor.java:235)
	at com.kms.katalon.core.main.TestSuiteExecutor.accessTestCaseMainPhase(TestSuiteExecutor.java:191)
	at com.kms.katalon.core.main.TestSuiteExecutor.accessTestSuiteMainPhase(TestSuiteExecutor.java:141)
	at com.kms.katalon.core.main.TestSuiteExecutor.execute(TestSuiteExecutor.java:90)
	at com.kms.katalon.core.main.TestCaseMain.startTestSuite(TestCaseMain.java:157)
	at com.kms.katalon.core.main.TestCaseMain$startTestSuite$0.call(Unknown Source)
	at TempTestSuite1606145390827.run(TempTestSuite1606145390827.groovy:39)


2020-11-23 22:31:01 - [TEST_STEP][PASSED] - Go to IST: Go to IST

2020-11-23 22:31:01 - [MESSAGE][INFO] - Starting 'Chrome (headless)' driver

2020-11-23 22:31:01 - [MESSAGE][INFO] - User set preference: ['args', '[--start-maximized, --disable-gpu, --no-proxy-server, –-no-sandbox, --allow-running-insecure-content, --ignore-certificate-errors, window-size=1680,814, force-device-scale-factor=2, --lang=en-GB]']

2020-11-23 22:31:01 - [MESSAGE][INFO] - Action delay is set to 0 milliseconds

2020-11-23 22:31:02 - [MESSAGE][PASSED] - Browser is opened with url: ''

2020-11-23 22:31:03 - [MESSAGE][PASSED] - Navigate to 'https://dev-ist.homecredit.id/ist_tracker/' successfully

2020-11-23 22:31:03 - [MESSAGE][PASSED] - Taking screenshot successfully
[[ATTACHMENT|/Users/chaidir.pratama01/Documents/Docs/Katalon Studio/Screenshot/IST_Page.png]]

2020-11-23 22:31:03 - [MESSAGE][PASSED] - Go to IST

2020-11-23 22:31:03 - [TEST_STEP][PASSED] - Login IST with valid credentials: Login IST with valid credentials

2020-11-23 22:31:03 - [MESSAGE][PASSED] - Text 'mobile.test' is set on object 'Object Repository/Page_/input_Username_j_username'

2020-11-23 22:31:03 - [MESSAGE][PASSED] - Text ****** has been set on object 'Object Repository/Page_/input_Password_j_password'

2020-11-23 22:31:04 - [MESSAGE][PASSED] - Object: 'Object Repository/Page_/button_Login' is clicked on

2020-11-23 22:31:04 - [MESSAGE][PASSED] - Login IST with valid credentials

2020-11-23 22:31:04 - [TEST_STEP][PASSED] - Login Success for contract dispatcher: Login Success for contract dispatcher

2020-11-23 22:31:04 - [MESSAGE][INFO] - Login Success

2020-11-23 22:31:04 - [MESSAGE][PASSED] - Current window maximized

2020-11-23 22:31:04 - [MESSAGE][PASSED] - Object 'Object Repository/Page_/h1_Welcome to IT Supporting Tools' is present

2020-11-23 22:31:04 - [MESSAGE][PASSED] - Login Success for contract dispatcher

2020-11-23 22:31:04 - [TEST_STEP][PASSED] - Select Menu "Contract Dispatcher": Select Menu "Contract Dispatcher"

2020-11-23 22:31:04 - [MESSAGE][PASSED] - Taking screenshot successfully
[[ATTACHMENT|/Users/chaidir.pratama01/Documents/Docs/Katalon Studio/Screenshot/test-Contract Dispatcher.png]]

2020-11-23 22:31:04 - [MESSAGE][PASSED] - Object '' is present

2020-11-23 22:31:04 - [MESSAGE][PASSED] - Object: '' is clicked on

2020-11-23 22:31:04 - [MESSAGE][PASSED] - Wait for page load successfully

2020-11-23 22:31:04 - [MESSAGE][PASSED] - Select Menu "Contract Dispatcher"

2020-11-23 22:31:04 - [TEST_STEP][PASSED] - Select Contract Number based on Type Contract "DONA_BLIBLI": Select Contract Number based on Type Contract "DONA_BLIBLI"

2020-11-23 22:31:04 - [MESSAGE][PASSED] - Object '' is present

2020-11-23 22:31:05 - [MESSAGE][PASSED] - Object '' is present

2020-11-23 22:31:05 - [MESSAGE][PASSED] - Object: '' is clicked on

2020-11-23 22:31:05 - [MESSAGE][PASSED] - Select Contract Number based on Type Contract "DONA_BLIBLI"

2020-11-23 22:31:05 - [TEST_STEP][PASSED] - Click button "Claim": Click button "Claim"

2020-11-23 22:31:05 - [MESSAGE][INFO] - >>>>>//Button[contains(text(),'Claim')]

2020-11-23 22:31:08 - [MESSAGE][PASSED] - Object: '' is clicked on

2020-11-23 22:31:08 - [MESSAGE][PASSED] - Taking screenshot successfully
[[ATTACHMENT|/Users/chaidir.pratama01/Documents/Docs/Katalon Studio/Screenshot/upload.png]]

2020-11-23 22:31:08 - [MESSAGE][PASSED] - Click button "Claim"

2020-11-23 22:31:08 - [TEST_STEP][PASSED] - Verify Tab Mistake Matrix Base on Type Contract: Verify Tab Mistake Matrix Base on Type Contract

2020-11-23 22:31:09 - [MESSAGE][PASSED] - Object '' is present

2020-11-23 22:31:09 - [MESSAGE][PASSED] - Object '' is present

2020-11-23 22:31:09 - [MESSAGE][PASSED] - Object '' is present

2020-11-23 22:31:09 - [MESSAGE][PASSED] - Object '' is present

2020-11-23 22:31:09 - [MESSAGE][PASSED] - Object '' is present

2020-11-23 22:31:09 - [MESSAGE][PASSED] - Verify Tab Mistake Matrix Base on Type Contract

2020-11-23 22:31:09 - [TEST_STEP][PASSED] - Varify the mistake detail already match with the matrix Base on Type Contract: Varify the mistake detail already match with the matrix Base on Type Contract

2020-11-23 22:31:09 - [MESSAGE][PASSED] - Object '' is present

2020-11-23 22:31:09 - [MESSAGE][PASSED] - Object: '' is focused

2020-11-23 22:31:12 - [MESSAGE][PASSED] - Delayed 3 second(s)

2020-11-23 22:31:12 - [MESSAGE][PASSED] - Object: '' is clicked on

2020-11-23 22:31:12 - [MESSAGE][PASSED] - Object '' is present

2020-11-23 22:31:12 - [MESSAGE][PASSED] - Object: '' is focused

2020-11-23 22:31:12 - [MESSAGE][PASSED] - Object '' is not checked

2020-11-23 22:31:12 - [MESSAGE][PASSED] - Object '' is present

2020-11-23 22:31:12 - [MESSAGE][PASSED] - Object: '' is focused

2020-11-23 22:31:12 - [MESSAGE][PASSED] - Object '' is not checked

2020-11-23 22:31:12 - [MESSAGE][PASSED] - Object '' is present

2020-11-23 22:31:12 - [MESSAGE][PASSED] - Object: '' is focused

2020-11-23 22:31:12 - [MESSAGE][PASSED] - Object '' is not checked

2020-11-23 22:31:12 - [MESSAGE][PASSED] - Object '' is present

2020-11-23 22:31:12 - [MESSAGE][PASSED] - Object: '' is focused

2020-11-23 22:31:12 - [MESSAGE][PASSED] - Object '' is not checked

2020-11-23 22:31:12 - [MESSAGE][PASSED] - Object '' is present

2020-11-23 22:31:12 - [MESSAGE][PASSED] - Object: '' is focused

2020-11-23 22:31:12 - [MESSAGE][PASSED] - Object '' is not checked

2020-11-23 22:31:12 - [MESSAGE][PASSED] - Object '' is present

2020-11-23 22:31:12 - [MESSAGE][PASSED] - Object: '' is focused

2020-11-23 22:31:12 - [MESSAGE][PASSED] - Object '' is not checked

2020-11-23 22:31:12 - [MESSAGE][PASSED] - Object '' is present

2020-11-23 22:31:12 - [MESSAGE][PASSED] - Object: '' is focused

2020-11-23 22:31:12 - [MESSAGE][PASSED] - Object '' is not checked

2020-11-23 22:31:12 - [MESSAGE][PASSED] - Object '' is present

2020-11-23 22:31:13 - [MESSAGE][PASSED] - Object: '' is focused

2020-11-23 22:31:13 - [MESSAGE][PASSED] - Object '' is not checked

2020-11-23 22:31:13 - [MESSAGE][PASSED] - Object '' is present

2020-11-23 22:31:13 - [MESSAGE][PASSED] - Object: '' is focused

2020-11-23 22:31:13 - [MESSAGE][PASSED] - Object '' is not checked

2020-11-23 22:31:13 - [MESSAGE][PASSED] - Object '' is present

2020-11-23 22:31:13 - [MESSAGE][PASSED] - Object: '' is focused

2020-11-23 22:31:13 - [MESSAGE][PASSED] - Object '' is not checked

2020-11-23 22:31:13 - [MESSAGE][PASSED] - Object '' is present

2020-11-23 22:31:13 - [MESSAGE][PASSED] - Object: '' is focused

2020-11-23 22:31:13 - [MESSAGE][PASSED] - Object '' is not checked

2020-11-23 22:31:13 - [MESSAGE][PASSED] - Object '' is present

2020-11-23 22:31:13 - [MESSAGE][PASSED] - Object: '' is focused

2020-11-23 22:31:13 - [MESSAGE][PASSED] - Object '' is not checked

2020-11-23 22:31:13 - [MESSAGE][PASSED] - Object '' is present

2020-11-23 22:31:13 - [MESSAGE][PASSED] - Object: '' is focused

2020-11-23 22:31:13 - [MESSAGE][PASSED] - Object '' is not checked

2020-11-23 22:31:13 - [MESSAGE][PASSED] - Object '' is present

2020-11-23 22:31:13 - [MESSAGE][PASSED] - Object: '' is focused

2020-11-23 22:31:13 - [MESSAGE][PASSED] - Object '' is not checked

2020-11-23 22:31:13 - [MESSAGE][PASSED] - Object '' is present

2020-11-23 22:31:13 - [MESSAGE][PASSED] - Object: '' is focused

2020-11-23 22:31:13 - [MESSAGE][PASSED] - Object '' is not checked

2020-11-23 22:31:13 - [MESSAGE][PASSED] - Object '' is present

2020-11-23 22:31:13 - [MESSAGE][PASSED] - Object: '' is focused

2020-11-23 22:31:13 - [MESSAGE][PASSED] - Object '' is not checked

2020-11-23 22:31:13 - [MESSAGE][PASSED] - Object '' is present

2020-11-23 22:31:13 - [MESSAGE][PASSED] - Object: '' is focused

2020-11-23 22:31:13 - [MESSAGE][PASSED] - Object '' is not checked

2020-11-23 22:31:13 - [MESSAGE][PASSED] - Object '' is present

2020-11-23 22:31:13 - [MESSAGE][PASSED] - Object: '' is focused

2020-11-23 22:31:13 - [MESSAGE][PASSED] - Object '' is not checked

2020-11-23 22:31:13 - [MESSAGE][PASSED] - Object '' is present

2020-11-23 22:31:14 - [MESSAGE][PASSED] - Object: '' is focused

2020-11-23 22:31:14 - [MESSAGE][PASSED] - Object '' is not checked

2020-11-23 22:31:14 - [MESSAGE][PASSED] - Object '' is present

2020-11-23 22:31:14 - [MESSAGE][PASSED] - Object: '' is focused

2020-11-23 22:31:14 - [MESSAGE][PASSED] - Object '' is not checked

2020-11-23 22:31:14 - [MESSAGE][PASSED] - Object '' is present

2020-11-23 22:31:14 - [MESSAGE][PASSED] - Object: '' is focused

2020-11-23 22:31:17 - [MESSAGE][PASSED] - Delayed 3 second(s)

2020-11-23 22:31:17 - [MESSAGE][PASSED] - Object: '' is clicked on

2020-11-23 22:31:17 - [MESSAGE][PASSED] - Object '' is present

2020-11-23 22:31:17 - [MESSAGE][PASSED] - Object: '' is focused

2020-11-23 22:31:17 - [MESSAGE][PASSED] - Object '' is not checked

2020-11-23 22:31:17 - [MESSAGE][PASSED] - Object '' is present

2020-11-23 22:31:17 - [MESSAGE][PASSED] - Object: '' is focused

2020-11-23 22:31:17 - [MESSAGE][PASSED] - Object '' is not checked

2020-11-23 22:31:17 - [MESSAGE][PASSED] - Object '' is present

2020-11-23 22:31:17 - [MESSAGE][PASSED] - Object: '' is focused

2020-11-23 22:31:17 - [MESSAGE][PASSED] - Object '' is not checked

2020-11-23 22:31:17 - [MESSAGE][PASSED] - Object '' is present

2020-11-23 22:31:17 - [MESSAGE][PASSED] - Object: '' is focused

2020-11-23 22:31:17 - [MESSAGE][PASSED] - Object '' is not checked

2020-11-23 22:31:17 - [MESSAGE][PASSED] - Object '' is present

2020-11-23 22:31:17 - [MESSAGE][PASSED] - Object: '' is focused

2020-11-23 22:31:17 - [MESSAGE][PASSED] - Object '' is not checked

2020-11-23 22:31:17 - [MESSAGE][PASSED] - Object '' is present

2020-11-23 22:31:17 - [MESSAGE][PASSED] - Object: '' is focused

2020-11-23 22:31:17 - [MESSAGE][PASSED] - Object '' is not checked

2020-11-23 22:31:17 - [MESSAGE][PASSED] - Object '' is present

2020-11-23 22:31:18 - [MESSAGE][PASSED] - Object: '' is focused

2020-11-23 22:31:21 - [MESSAGE][PASSED] - Delayed 3 second(s)

2020-11-23 22:31:21 - [MESSAGE][PASSED] - Object: '' is clicked on

2020-11-23 22:31:21 - [MESSAGE][PASSED] - Object '' is present

2020-11-23 22:31:21 - [MESSAGE][PASSED] - Object: '' is focused

2020-11-23 22:31:21 - [MESSAGE][PASSED] - Object '' is not checked

2020-11-23 22:31:21 - [MESSAGE][PASSED] - Object '' is present

2020-11-23 22:31:21 - [MESSAGE][PASSED] - Object: '' is focused

2020-11-23 22:31:21 - [MESSAGE][PASSED] - Object '' is not checked

2020-11-23 22:31:21 - [MESSAGE][PASSED] - Object '' is present

2020-11-23 22:31:21 - [MESSAGE][PASSED] - Object: '' is focused

2020-11-23 22:31:21 - [MESSAGE][PASSED] - Object '' is not checked

2020-11-23 22:31:21 - [MESSAGE][PASSED] - Object '' is present

2020-11-23 22:31:21 - [MESSAGE][PASSED] - Object: '' is focused

2020-11-23 22:31:24 - [MESSAGE][PASSED] - Delayed 3 second(s)

2020-11-23 22:31:24 - [MESSAGE][PASSED] - Object: '' is clicked on

2020-11-23 22:31:24 - [MESSAGE][PASSED] - Object '' is present

2020-11-23 22:31:24 - [MESSAGE][PASSED] - Object: '' is focused

2020-11-23 22:31:24 - [MESSAGE][PASSED] - Object '' is not checked

2020-11-23 22:31:24 - [MESSAGE][PASSED] - Object '' is present

2020-11-23 22:31:24 - [MESSAGE][PASSED] - Object: '' is focused

2020-11-23 22:31:24 - [MESSAGE][PASSED] - Object '' is not checked

2020-11-23 22:31:24 - [MESSAGE][PASSED] - Object '' is present

2020-11-23 22:31:24 - [MESSAGE][PASSED] - Object: '' is focused

2020-11-23 22:31:24 - [MESSAGE][PASSED] - Object '' is not checked

2020-11-23 22:31:24 - [MESSAGE][PASSED] - Object '' is present

2020-11-23 22:31:24 - [MESSAGE][PASSED] - Object: '' is focused

2020-11-23 22:31:25 - [MESSAGE][PASSED] - Object '' is not checked

2020-11-23 22:31:25 - [MESSAGE][PASSED] - Object '' is present

2020-11-23 22:31:25 - [MESSAGE][PASSED] - Object: '' is focused

2020-11-23 22:31:25 - [MESSAGE][PASSED] - Object '' is not checked

2020-11-23 22:31:25 - [MESSAGE][PASSED] - Object '' is present

2020-11-23 22:31:25 - [MESSAGE][PASSED] - Object: '' is focused

2020-11-23 22:31:25 - [MESSAGE][PASSED] - Object '' is not checked

2020-11-23 22:31:25 - [MESSAGE][PASSED] - Object '' is present

2020-11-23 22:31:25 - [MESSAGE][PASSED] - Object: '' is focused

2020-11-23 22:31:25 - [MESSAGE][PASSED] - Object '' is not checked

2020-11-23 22:31:25 - [MESSAGE][PASSED] - Object '' is present

2020-11-23 22:31:25 - [MESSAGE][PASSED] - Object: '' is focused

2020-11-23 22:31:25 - [MESSAGE][PASSED] - Object '' is not checked

2020-11-23 22:31:25 - [MESSAGE][PASSED] - Object '' is present

2020-11-23 22:31:25 - [MESSAGE][PASSED] - Object: '' is focused

2020-11-23 22:31:28 - [MESSAGE][PASSED] - Delayed 3 second(s)

2020-11-23 22:31:28 - [MESSAGE][PASSED] - Object: '' is clicked on

2020-11-23 22:31:28 - [MESSAGE][PASSED] - Object '' is present

2020-11-23 22:31:28 - [MESSAGE][PASSED] - Object: '' is focused

2020-11-23 22:31:28 - [MESSAGE][PASSED] - Object '' is not checked

2020-11-23 22:31:28 - [MESSAGE][PASSED] - Object '' is present

2020-11-23 22:31:28 - [MESSAGE][PASSED] - Object: '' is focused

2020-11-23 22:31:28 - [MESSAGE][PASSED] - Object '' is not checked

2020-11-23 22:31:28 - [MESSAGE][PASSED] - Object '' is present

2020-11-23 22:31:28 - [MESSAGE][PASSED] - Object: '' is focused

2020-11-23 22:31:28 - [MESSAGE][PASSED] - Object '' is not checked

2020-11-23 22:31:28 - [MESSAGE][PASSED] - Varify the mistake detail already match with the matrix Base on Type Contract

2020-11-23 22:31:28 - [TEST_STEP][PASSED] - Click on Tab "KTP": Click on Tab "KTP"

2020-11-23 22:31:28 - [MESSAGE][PASSED] - Object '' is present

2020-11-23 22:31:28 - [MESSAGE][PASSED] - Object: '' is focused

2020-11-23 22:31:32 - [MESSAGE][PASSED] - Delayed 3 second(s)

2020-11-23 22:31:32 - [MESSAGE][PASSED] - Object: '' is clicked on

2020-11-23 22:31:32 - [MESSAGE][PASSED] - Click on Tab "KTP"

2020-11-23 22:31:32 - [TEST_STEP][PASSED] - Checkbox General Mistake "20. KTP atau Resi - Alamat tetap pemohon pada sistem (HoS) berbeda dengan KTP": Checkbox General Mistake "20. KTP atau Resi - Alamat tetap pemohon pada sistem (HoS) berbeda dengan KTP"

2020-11-23 22:31:32 - [MESSAGE][PASSED] - Object: '' is clicked on

2020-11-23 22:31:32 - [MESSAGE][PASSED] - Wait for page load successfully

2020-11-23 22:31:32 - [MESSAGE][PASSED] - Checkbox General Mistake "20. KTP atau Resi - Alamat tetap pemohon pada sistem (HoS) berbeda dengan KTP"

2020-11-23 22:31:32 - [TEST_STEP][PASSED] - Choose Dropdown mistake type "Beda RT" from mistake name "20. KTP atau Resi - Alamat tetap pemohon pada sistem (HoS) berbeda dengan KTP": Choose Dropdown mistake type "Beda RT" from mistake name "20. KTP atau Resi - Alamat tetap pemohon pada sistem (HoS) berbeda dengan KTP"

2020-11-23 22:31:32 - [MESSAGE][PASSED] - All options with index in [1] are selected on object ''

2020-11-23 22:31:32 - [MESSAGE][PASSED] - Wait for page load successfully

2020-11-23 22:31:32 - [MESSAGE][PASSED] - Choose Dropdown mistake type "Beda RT" from mistake name "20. KTP atau Resi - Alamat tetap pemohon pada sistem (HoS) berbeda dengan KTP"

2020-11-23 22:31:32 - [TEST_STEP][PASSED] - Type on textarea note before based on mistake name "20. KTP atau Resi - Alamat tetap pemohon pada sistem (HoS) berbeda dengan KTP" with value "TESTING": Type on textarea note before based on mistake name "20. KTP atau Resi - Alamat tetap pemohon pada sistem (HoS) berbeda dengan KTP" with value "TESTING"

2020-11-23 22:31:32 - [MESSAGE][PASSED] - Text 'TESTING' is set on object ''

2020-11-23 22:31:32 - [MESSAGE][PASSED] - Wait for page load successfully

2020-11-23 22:31:32 - [MESSAGE][PASSED] - Type on textarea note before based on mistake name "20. KTP atau Resi - Alamat tetap pemohon pada sistem (HoS) berbeda dengan KTP" with value "TESTING"

2020-11-23 22:31:32 - [TEST_STEP][PASSED] - Type on textarea note after based on mistake name "20. KTP atau Resi - Alamat tetap pemohon pada sistem (HoS) berbeda dengan KTP" with value "TESTING after": Type on textarea note after based on mistake name "20. KTP atau Resi - Alamat tetap pemohon pada sistem (HoS) berbeda dengan KTP" with value "TESTING after"

2020-11-23 22:31:32 - [MESSAGE][PASSED] - Text 'TESTING after' is set on object ''

2020-11-23 22:31:32 - [MESSAGE][PASSED] - Wait for page load successfully

2020-11-23 22:31:32 - [MESSAGE][PASSED] - Type on textarea note after based on mistake name "20. KTP atau Resi - Alamat tetap pemohon pada sistem (HoS) berbeda dengan KTP" with value "TESTING after"

2020-11-23 22:31:32 - [TEST_STEP][PASSED] - Click button "Save": Click button "Save"

2020-11-23 22:31:32 - [MESSAGE][INFO] - >>>>>//Button[contains(text(),'Save')]

2020-11-23 22:31:35 - [MESSAGE][PASSED] - Object: '' is clicked on

2020-11-23 22:31:36 - [MESSAGE][PASSED] - Taking screenshot successfully
[[ATTACHMENT|/Users/chaidir.pratama01/Documents/Docs/Katalon Studio/Screenshot/upload.png]]

2020-11-23 22:31:36 - [MESSAGE][PASSED] - Click button "Save"

2020-11-23 22:31:36 - [TEST_STEP][FAILED] - Get text from pop up "IT Supporting Tools" with text "Mistake has been saved": Get text from pop up "IT Supporting Tools" with text "Mistake has been saved" FAILED.
Reason:
com.kms.katalon.core.exception.StepFailedException: Unable to verify object '' is present
	at com.kms.katalon.core.webui.keyword.internal.WebUIKeywordMain.stepFailed(WebUIKeywordMain.groovy:64)
	at com.kms.katalon.core.webui.keyword.internal.WebUIKeywordMain.runKeyword(WebUIKeywordMain.groovy:26)
	at com.kms.katalon.core.webui.keyword.builtin.VerifyElementPresentKeyword.verifyElementPresent(VerifyElementPresentKeyword.groovy:92)
	at com.kms.katalon.core.webui.keyword.builtin.VerifyElementPresentKeyword.execute(VerifyElementPresentKeyword.groovy:68)
	at com.kms.katalon.core.keyword.internal.KeywordExecutor.executeKeywordForPlatform(KeywordExecutor.groovy:73)
	at com.kms.katalon.core.webui.keyword.WebUiBuiltInKeywords.verifyElementPresent(WebUiBuiltInKeywords.groovy:1460)
	at com.kms.katalon.core.webui.keyword.WebUiBuiltInKeywords$verifyElementPresent$6.call(Unknown Source)
	at ist_real.Contract_Dispatcher.gettextconfirmationadd(Contract_Dispatcher.groovy:643)
	at ✽.Get text from pop up "IT Supporting Tools" with text "Mistake has been saved"(/Users/chaidir.pratama01/Katalon Studio/IST_Automation_Git/Include/features/IST_Real/CONTRACT_DISPATCHER_DONA_B2B/BLIBLI/Contract_Dispatcher_BLIBLI.feature:55)
Caused by: com.kms.katalon.core.exception.StepFailedException: com.kms.katalon.core.webui.exception.WebElementNotFoundException: Web element with id: '' located by '//div[contains(text(),"IT Supporting Tools")]/following-sibling::div/table/tbody/tr/td/table/tbody/tr/td[5]/div/span[contains(text(),"Mistake has been saved")]' not found
	at com.kms.katalon.core.webui.keyword.internal.WebUIKeywordMain.stepFailed(WebUIKeywordMain.groovy:64)
	at com.kms.katalon.core.webui.keyword.builtin.VerifyElementPresentKeyword$_verifyElementPresent_closure1.doCall(VerifyElementPresentKeyword.groovy:85)
	at com.kms.katalon.core.webui.keyword.builtin.VerifyElementPresentKeyword$_verifyElementPresent_closure1.call(VerifyElementPresentKeyword.groovy)
	at com.kms.katalon.core.webui.keyword.internal.WebUIKeywordMain.runKeyword(WebUIKeywordMain.groovy:20)
	at com.kms.katalon.core.webui.keyword.builtin.VerifyElementPresentKeyword.verifyElementPresent(VerifyElementPresentKeyword.groovy:92)
	at com.kms.katalon.core.webui.keyword.builtin.VerifyElementPresentKeyword.execute(VerifyElementPresentKeyword.groovy:68)
	at com.kms.katalon.core.keyword.internal.KeywordExecutor.executeKeywordForPlatform(KeywordExecutor.groovy:73)
	at com.kms.katalon.core.webui.keyword.WebUiBuiltInKeywords.verifyElementPresent(WebUiBuiltInKeywords.groovy:1460)
	at com.kms.katalon.core.webui.keyword.WebUiBuiltInKeywords$verifyElementPresent$6.call(Unknown Source)
	at ist_real.Contract_Dispatcher.gettextconfirmationadd(Contract_Dispatcher.groovy:643)
	at cucumber.runtime.Utils$1.call(Utils.java:26)
	at cucumber.runtime.Timeout.timeout(Timeout.java:16)
	at cucumber.runtime.Utils.invoke(Utils.java:20)
	at cucumber.runtime.java.JavaStepDefinition.execute(JavaStepDefinition.java:48)
	at cucumber.runtime.PickleStepDefinitionMatch.runStep(PickleStepDefinitionMatch.java:50)
	at cucumber.runner.TestStep.executeStep(TestStep.java:55)
	at cucumber.runner.TestStep.run(TestStep.java:42)
	at cucumber.runner.PickleStepTestStep.run(PickleStepTestStep.java:53)
	at cucumber.runner.TestCase.run(TestCase.java:47)
	at cucumber.runner.Runner.runPickle(Runner.java:44)
	at cucumber.runtime.Runtime.runFeature(Runtime.java:120)
	at cucumber.runtime.Runtime.run(Runtime.java:106)
	at cucumber.api.cli.Main.run(Main.java:35)
	at cucumber.api.cli.Main$run.call(Unknown Source)
	at com.kms.katalon.core.cucumber.keyword.CucumberBuiltinKeywords$_runFeatureFile_closure1.doCall(CucumberBuiltinKeywords.groovy:76)
	at com.kms.katalon.core.cucumber.keyword.CucumberBuiltinKeywords$_runFeatureFile_closure1.doCall(CucumberBuiltinKeywords.groovy)
	at com.kms.katalon.core.keyword.internal.KeywordMain.runKeyword(KeywordMain.groovy:68)
	at com.kms.katalon.core.keyword.internal.KeywordMain$runKeyword.call(Unknown Source)
	at com.kms.katalon.core.cucumber.keyword.CucumberBuiltinKeywords.runFeatureFile(CucumberBuiltinKeywords.groovy:46)
	at com.kms.katalon.core.cucumber.keyword.CucumberBuiltinKeywords$runFeatureFile$0.callStatic(Unknown Source)
	at com.kms.katalon.core.cucumber.keyword.CucumberBuiltinKeywords.runFeatureFile(CucumberBuiltinKeywords.groovy:169)
	at com.kms.katalon.core.cucumber.keyword.CucumberBuiltinKeywords$runFeatureFile.call(Unknown Source)
	at TC BLIBLI - Contract Dispatcher BLIBLI.run(TC BLIBLI - Contract Dispatcher BLIBLI:18)
	at com.kms.katalon.core.main.ScriptEngine.run(ScriptEngine.java:194)
	at com.kms.katalon.core.main.ScriptEngine.runScriptAsRawText(ScriptEngine.java:119)
	at com.kms.katalon.core.main.TestCaseExecutor.runScript(TestCaseExecutor.java:339)
	at com.kms.katalon.core.main.TestCaseExecutor.doExecute(TestCaseExecutor.java:330)
	at com.kms.katalon.core.main.TestCaseExecutor.processExecutionPhase(TestCaseExecutor.java:309)
	at com.kms.katalon.core.main.TestCaseExecutor.accessMainPhase(TestCaseExecutor.java:301)
	at com.kms.katalon.core.main.TestCaseExecutor.execute(TestCaseExecutor.java:235)
	at com.kms.katalon.core.main.TestSuiteExecutor.accessTestCaseMainPhase(TestSuiteExecutor.java:191)
	at com.kms.katalon.core.main.TestSuiteExecutor.accessTestSuiteMainPhase(TestSuiteExecutor.java:141)
	at com.kms.katalon.core.main.TestSuiteExecutor.execute(TestSuiteExecutor.java:90)
	at com.kms.katalon.core.main.TestCaseMain.startTestSuite(TestCaseMain.java:157)
	at com.kms.katalon.core.main.TestCaseMain$startTestSuite$0.call(Unknown Source)
	at TempTestSuite1606145390827.run(TempTestSuite1606145390827.groovy:39)


2020-11-23 22:31:36 - [MESSAGE][PASSED] - Taking screenshot successfully
[[ATTACHMENT|/Users/chaidir.pratama01/Documents/Docs/Katalon Studio/Screenshot/errorpopup.png]]

2020-11-23 22:32:07 - [MESSAGE][INFO] - Unable to find the element located by 'By.xpath: //div[contains(text(),"IT Supporting Tools")]/following-sibling::div/table/tbody/tr/td/table/tbody/tr/td[5]/div/span[contains(text(),"Mistake has been saved")]'. Please recheck the objects properties to make sure the desired element is located. 

2020-11-23 22:32:08 - [MESSAGE][FAILED] - com.kms.katalon.core.webui.exception.WebElementNotFoundException: Web element with id: '' located by '//div[contains(text(),"IT Supporting Tools")]/following-sibling::div/table/tbody/tr/td/table/tbody/tr/td[5]/div/span[contains(text(),"Mistake has been saved")]' not found (Root cause: com.kms.katalon.core.exception.StepFailedException: com.kms.katalon.core.webui.exception.WebElementNotFoundException: Web element with id: '' located by '//div[contains(text(),"IT Supporting Tools")]/following-sibling::div/table/tbody/tr/td/table/tbody/tr/td[5]/div/span[contains(text(),"Mistake has been saved")]' not found
	at com.kms.katalon.core.webui.keyword.internal.WebUIKeywordMain.stepFailed(WebUIKeywordMain.groovy:64)
	at com.kms.katalon.core.webui.keyword.builtin.VerifyElementPresentKeyword$_verifyElementPresent_closure1.doCall(VerifyElementPresentKeyword.groovy:85)
	at com.kms.katalon.core.webui.keyword.builtin.VerifyElementPresentKeyword$_verifyElementPresent_closure1.call(VerifyElementPresentKeyword.groovy)
	at com.kms.katalon.core.webui.keyword.internal.WebUIKeywordMain.runKeyword(WebUIKeywordMain.groovy:20)
	at com.kms.katalon.core.webui.keyword.builtin.VerifyElementPresentKeyword.verifyElementPresent(VerifyElementPresentKeyword.groovy:92)
	at com.kms.katalon.core.webui.keyword.builtin.VerifyElementPresentKeyword.execute(VerifyElementPresentKeyword.groovy:68)
	at com.kms.katalon.core.keyword.internal.KeywordExecutor.executeKeywordForPlatform(KeywordExecutor.groovy:73)
	at com.kms.katalon.core.webui.keyword.WebUiBuiltInKeywords.verifyElementPresent(WebUiBuiltInKeywords.groovy:1460)
	at com.kms.katalon.core.webui.keyword.WebUiBuiltInKeywords$verifyElementPresent$6.call(Unknown Source)
	at ist_real.Contract_Dispatcher.gettextconfirmationadd(Contract_Dispatcher.groovy:643)
	at cucumber.runtime.Utils$1.call(Utils.java:26)
	at cucumber.runtime.Timeout.timeout(Timeout.java:16)
	at cucumber.runtime.Utils.invoke(Utils.java:20)
	at cucumber.runtime.java.JavaStepDefinition.execute(JavaStepDefinition.java:48)
	at cucumber.runtime.PickleStepDefinitionMatch.runStep(PickleStepDefinitionMatch.java:50)
	at cucumber.runner.TestStep.executeStep(TestStep.java:55)
	at cucumber.runner.TestStep.run(TestStep.java:42)
	at cucumber.runner.PickleStepTestStep.run(PickleStepTestStep.java:53)
	at cucumber.runner.TestCase.run(TestCase.java:47)
	at cucumber.runner.Runner.runPickle(Runner.java:44)
	at cucumber.runtime.Runtime.runFeature(Runtime.java:120)
	at cucumber.runtime.Runtime.run(Runtime.java:106)
	at cucumber.api.cli.Main.run(Main.java:35)
	at cucumber.api.cli.Main$run.call(Unknown Source)
	at com.kms.katalon.core.cucumber.keyword.CucumberBuiltinKeywords$_runFeatureFile_closure1.doCall(CucumberBuiltinKeywords.groovy:76)
	at com.kms.katalon.core.cucumber.keyword.CucumberBuiltinKeywords$_runFeatureFile_closure1.doCall(CucumberBuiltinKeywords.groovy)
	at com.kms.katalon.core.keyword.internal.KeywordMain.runKeyword(KeywordMain.groovy:68)
	at com.kms.katalon.core.keyword.internal.KeywordMain$runKeyword.call(Unknown Source)
	at com.kms.katalon.core.cucumber.keyword.CucumberBuiltinKeywords.runFeatureFile(CucumberBuiltinKeywords.groovy:46)
	at com.kms.katalon.core.cucumber.keyword.CucumberBuiltinKeywords$runFeatureFile$0.callStatic(Unknown Source)
	at com.kms.katalon.core.cucumber.keyword.CucumberBuiltinKeywords.runFeatureFile(CucumberBuiltinKeywords.groovy:169)
	at com.kms.katalon.core.cucumber.keyword.CucumberBuiltinKeywords$runFeatureFile.call(Unknown Source)
	at TC BLIBLI - Contract Dispatcher BLIBLI.run(TC BLIBLI - Contract Dispatcher BLIBLI:18)
	at com.kms.katalon.core.main.ScriptEngine.run(ScriptEngine.java:194)
	at com.kms.katalon.core.main.ScriptEngine.runScriptAsRawText(ScriptEngine.java:119)
	at com.kms.katalon.core.main.TestCaseExecutor.runScript(TestCaseExecutor.java:339)
	at com.kms.katalon.core.main.TestCaseExecutor.doExecute(TestCaseExecutor.java:330)
	at com.kms.katalon.core.main.TestCaseExecutor.processExecutionPhase(TestCaseExecutor.java:309)
	at com.kms.katalon.core.main.TestCaseExecutor.accessMainPhase(TestCaseExecutor.java:301)
	at com.kms.katalon.core.main.TestCaseExecutor.execute(TestCaseExecutor.java:235)
	at com.kms.katalon.core.main.TestSuiteExecutor.accessTestCaseMainPhase(TestSuiteExecutor.java:191)
	at com.kms.katalon.core.main.TestSuiteExecutor.accessTestSuiteMainPhase(TestSuiteExecutor.java:141)
	at com.kms.katalon.core.main.TestSuiteExecutor.execute(TestSuiteExecutor.java:90)
	at com.kms.katalon.core.main.TestCaseMain.startTestSuite(TestCaseMain.java:157)
	at com.kms.katalon.core.main.TestCaseMain$startTestSuite$0.call(Unknown Source)
	at TempTestSuite1606145390827.run(TempTestSuite1606145390827.groovy:39)
)
[[ATTACHMENT|/Users/chaidir.pratama01/Katalon Studio/IST_Automation_Git/Reports/20201123_222950/CONTRACT_DISPATCHER_DONA_B2B/TS_BLIBLI/20201123_222950/1606145527890.png]]

2020-11-23 22:32:08 - [MESSAGE][FAILED] - Unable to verify object '' is present (Root cause: com.kms.katalon.core.exception.StepFailedException: Unable to verify object '' is present
	at com.kms.katalon.core.webui.keyword.internal.WebUIKeywordMain.stepFailed(WebUIKeywordMain.groovy:64)
	at com.kms.katalon.core.webui.keyword.internal.WebUIKeywordMain.runKeyword(WebUIKeywordMain.groovy:26)
	at com.kms.katalon.core.webui.keyword.builtin.VerifyElementPresentKeyword.verifyElementPresent(VerifyElementPresentKeyword.groovy:92)
	at com.kms.katalon.core.webui.keyword.builtin.VerifyElementPresentKeyword.execute(VerifyElementPresentKeyword.groovy:68)
	at com.kms.katalon.core.keyword.internal.KeywordExecutor.executeKeywordForPlatform(KeywordExecutor.groovy:73)
	at com.kms.katalon.core.webui.keyword.WebUiBuiltInKeywords.verifyElementPresent(WebUiBuiltInKeywords.groovy:1460)
	at com.kms.katalon.core.webui.keyword.WebUiBuiltInKeywords$verifyElementPresent$6.call(Unknown Source)
	at ist_real.Contract_Dispatcher.gettextconfirmationadd(Contract_Dispatcher.groovy:643)
	at cucumber.runtime.Utils$1.call(Utils.java:26)
	at cucumber.runtime.Timeout.timeout(Timeout.java:16)
	at cucumber.runtime.Utils.invoke(Utils.java:20)
	at cucumber.runtime.java.JavaStepDefinition.execute(JavaStepDefinition.java:48)
	at cucumber.runtime.PickleStepDefinitionMatch.runStep(PickleStepDefinitionMatch.java:50)
	at cucumber.runner.TestStep.executeStep(TestStep.java:55)
	at cucumber.runner.TestStep.run(TestStep.java:42)
	at cucumber.runner.PickleStepTestStep.run(PickleStepTestStep.java:53)
	at cucumber.runner.TestCase.run(TestCase.java:47)
	at cucumber.runner.Runner.runPickle(Runner.java:44)
	at cucumber.runtime.Runtime.runFeature(Runtime.java:120)
	at cucumber.runtime.Runtime.run(Runtime.java:106)
	at cucumber.api.cli.Main.run(Main.java:35)
	at cucumber.api.cli.Main$run.call(Unknown Source)
	at com.kms.katalon.core.cucumber.keyword.CucumberBuiltinKeywords$_runFeatureFile_closure1.doCall(CucumberBuiltinKeywords.groovy:76)
	at com.kms.katalon.core.cucumber.keyword.CucumberBuiltinKeywords$_runFeatureFile_closure1.doCall(CucumberBuiltinKeywords.groovy)
	at com.kms.katalon.core.keyword.internal.KeywordMain.runKeyword(KeywordMain.groovy:68)
	at com.kms.katalon.core.keyword.internal.KeywordMain$runKeyword.call(Unknown Source)
	at com.kms.katalon.core.cucumber.keyword.CucumberBuiltinKeywords.runFeatureFile(CucumberBuiltinKeywords.groovy:46)
	at com.kms.katalon.core.cucumber.keyword.CucumberBuiltinKeywords$runFeatureFile$0.callStatic(Unknown Source)
	at com.kms.katalon.core.cucumber.keyword.CucumberBuiltinKeywords.runFeatureFile(CucumberBuiltinKeywords.groovy:169)
	at com.kms.katalon.core.cucumber.keyword.CucumberBuiltinKeywords$runFeatureFile.call(Unknown Source)
	at TC BLIBLI - Contract Dispatcher BLIBLI.run(TC BLIBLI - Contract Dispatcher BLIBLI:18)
	at com.kms.katalon.core.main.ScriptEngine.run(ScriptEngine.java:194)
	at com.kms.katalon.core.main.ScriptEngine.runScriptAsRawText(ScriptEngine.java:119)
	at com.kms.katalon.core.main.TestCaseExecutor.runScript(TestCaseExecutor.java:339)
	at com.kms.katalon.core.main.TestCaseExecutor.doExecute(TestCaseExecutor.java:330)
	at com.kms.katalon.core.main.TestCaseExecutor.processExecutionPhase(TestCaseExecutor.java:309)
	at com.kms.katalon.core.main.TestCaseExecutor.accessMainPhase(TestCaseExecutor.java:301)
	at com.kms.katalon.core.main.TestCaseExecutor.execute(TestCaseExecutor.java:235)
	at com.kms.katalon.core.main.TestSuiteExecutor.accessTestCaseMainPhase(TestSuiteExecutor.java:191)
	at com.kms.katalon.core.main.TestSuiteExecutor.accessTestSuiteMainPhase(TestSuiteExecutor.java:141)
	at com.kms.katalon.core.main.TestSuiteExecutor.execute(TestSuiteExecutor.java:90)
	at com.kms.katalon.core.main.TestCaseMain.startTestSuite(TestCaseMain.java:157)
	at com.kms.katalon.core.main.TestCaseMain$startTestSuite$0.call(Unknown Source)
	at TempTestSuite1606145390827.run(TempTestSuite1606145390827.groovy:39)
Caused by: com.kms.katalon.core.exception.StepFailedException: com.kms.katalon.core.webui.exception.WebElementNotFoundException: Web element with id: '' located by '//div[contains(text(),"IT Supporting Tools")]/following-sibling::div/table/tbody/tr/td/table/tbody/tr/td[5]/div/span[contains(text(),"Mistake has been saved")]' not found
	at com.kms.katalon.core.webui.keyword.internal.WebUIKeywordMain.stepFailed(WebUIKeywordMain.groovy:64)
	at com.kms.katalon.core.webui.keyword.builtin.VerifyElementPresentKeyword$_verifyElementPresent_closure1.doCall(VerifyElementPresentKeyword.groovy:85)
	at com.kms.katalon.core.webui.keyword.builtin.VerifyElementPresentKeyword$_verifyElementPresent_closure1.call(VerifyElementPresentKeyword.groovy)
	at com.kms.katalon.core.webui.keyword.internal.WebUIKeywordMain.runKeyword(WebUIKeywordMain.groovy:20)
	... 42 more
)
[[ATTACHMENT|/Users/chaidir.pratama01/Katalon Studio/IST_Automation_Git/Reports/20201123_222950/CONTRACT_DISPATCHER_DONA_B2B/TS_BLIBLI/20201123_222950/1606145528438.png]]

2020-11-23 22:32:08 - [MESSAGE][FAILED] - Get text from pop up "IT Supporting Tools" with text "Mistake has been saved" FAILED.
Reason:
com.kms.katalon.core.exception.StepFailedException: Unable to verify object '' is present
	at com.kms.katalon.core.webui.keyword.internal.WebUIKeywordMain.stepFailed(WebUIKeywordMain.groovy:64)
	at com.kms.katalon.core.webui.keyword.internal.WebUIKeywordMain.runKeyword(WebUIKeywordMain.groovy:26)
	at com.kms.katalon.core.webui.keyword.builtin.VerifyElementPresentKeyword.verifyElementPresent(VerifyElementPresentKeyword.groovy:92)
	at com.kms.katalon.core.webui.keyword.builtin.VerifyElementPresentKeyword.execute(VerifyElementPresentKeyword.groovy:68)
	at com.kms.katalon.core.keyword.internal.KeywordExecutor.executeKeywordForPlatform(KeywordExecutor.groovy:73)
	at com.kms.katalon.core.webui.keyword.WebUiBuiltInKeywords.verifyElementPresent(WebUiBuiltInKeywords.groovy:1460)
	at com.kms.katalon.core.webui.keyword.WebUiBuiltInKeywords$verifyElementPresent$6.call(Unknown Source)
	at ist_real.Contract_Dispatcher.gettextconfirmationadd(Contract_Dispatcher.groovy:643)
	at ✽.Get text from pop up "IT Supporting Tools" with text "Mistake has been saved"(/Users/chaidir.pratama01/Katalon Studio/IST_Automation_Git/Include/features/IST_Real/CONTRACT_DISPATCHER_DONA_B2B/BLIBLI/Contract_Dispatcher_BLIBLI.feature:55)
Caused by: com.kms.katalon.core.exception.StepFailedException: com.kms.katalon.core.webui.exception.WebElementNotFoundException: Web element with id: '' located by '//div[contains(text(),"IT Supporting Tools")]/following-sibling::div/table/tbody/tr/td/table/tbody/tr/td[5]/div/span[contains(text(),"Mistake has been saved")]' not found
	at com.kms.katalon.core.webui.keyword.internal.WebUIKeywordMain.stepFailed(WebUIKeywordMain.groovy:64)
	at com.kms.katalon.core.webui.keyword.builtin.VerifyElementPresentKeyword$_verifyElementPresent_closure1.doCall(VerifyElementPresentKeyword.groovy:85)
	at com.kms.katalon.core.webui.keyword.builtin.VerifyElementPresentKeyword$_verifyElementPresent_closure1.call(VerifyElementPresentKeyword.groovy)
	at com.kms.katalon.core.webui.keyword.internal.WebUIKeywordMain.runKeyword(WebUIKeywordMain.groovy:20)
	at com.kms.katalon.core.webui.keyword.builtin.VerifyElementPresentKeyword.verifyElementPresent(VerifyElementPresentKeyword.groovy:92)
	at com.kms.katalon.core.webui.keyword.builtin.VerifyElementPresentKeyword.execute(VerifyElementPresentKeyword.groovy:68)
	at com.kms.katalon.core.keyword.internal.KeywordExecutor.executeKeywordForPlatform(KeywordExecutor.groovy:73)
	at com.kms.katalon.core.webui.keyword.WebUiBuiltInKeywords.verifyElementPresent(WebUiBuiltInKeywords.groovy:1460)
	at com.kms.katalon.core.webui.keyword.WebUiBuiltInKeywords$verifyElementPresent$6.call(Unknown Source)
	at ist_real.Contract_Dispatcher.gettextconfirmationadd(Contract_Dispatcher.groovy:643)
	at cucumber.runtime.Utils$1.call(Utils.java:26)
	at cucumber.runtime.Timeout.timeout(Timeout.java:16)
	at cucumber.runtime.Utils.invoke(Utils.java:20)
	at cucumber.runtime.java.JavaStepDefinition.execute(JavaStepDefinition.java:48)
	at cucumber.runtime.PickleStepDefinitionMatch.runStep(PickleStepDefinitionMatch.java:50)
	at cucumber.runner.TestStep.executeStep(TestStep.java:55)
	at cucumber.runner.TestStep.run(TestStep.java:42)
	at cucumber.runner.PickleStepTestStep.run(PickleStepTestStep.java:53)
	at cucumber.runner.TestCase.run(TestCase.java:47)
	at cucumber.runner.Runner.runPickle(Runner.java:44)
	at cucumber.runtime.Runtime.runFeature(Runtime.java:120)
	at cucumber.runtime.Runtime.run(Runtime.java:106)
	at cucumber.api.cli.Main.run(Main.java:35)
	at cucumber.api.cli.Main$run.call(Unknown Source)
	at com.kms.katalon.core.cucumber.keyword.CucumberBuiltinKeywords$_runFeatureFile_closure1.doCall(CucumberBuiltinKeywords.groovy:76)
	at com.kms.katalon.core.cucumber.keyword.CucumberBuiltinKeywords$_runFeatureFile_closure1.doCall(CucumberBuiltinKeywords.groovy)
	at com.kms.katalon.core.keyword.internal.KeywordMain.runKeyword(KeywordMain.groovy:68)
	at com.kms.katalon.core.keyword.internal.KeywordMain$runKeyword.call(Unknown Source)
	at com.kms.katalon.core.cucumber.keyword.CucumberBuiltinKeywords.runFeatureFile(CucumberBuiltinKeywords.groovy:46)
	at com.kms.katalon.core.cucumber.keyword.CucumberBuiltinKeywords$runFeatureFile$0.callStatic(Unknown Source)
	at com.kms.katalon.core.cucumber.keyword.CucumberBuiltinKeywords.runFeatureFile(CucumberBuiltinKeywords.groovy:169)
	at com.kms.katalon.core.cucumber.keyword.CucumberBuiltinKeywords$runFeatureFile.call(Unknown Source)
	at TC BLIBLI - Contract Dispatcher BLIBLI.run(TC BLIBLI - Contract Dispatcher BLIBLI:18)
	at com.kms.katalon.core.main.ScriptEngine.run(ScriptEngine.java:194)
	at com.kms.katalon.core.main.ScriptEngine.runScriptAsRawText(ScriptEngine.java:119)
	at com.kms.katalon.core.main.TestCaseExecutor.runScript(TestCaseExecutor.java:339)
	at com.kms.katalon.core.main.TestCaseExecutor.doExecute(TestCaseExecutor.java:330)
	at com.kms.katalon.core.main.TestCaseExecutor.processExecutionPhase(TestCaseExecutor.java:309)
	at com.kms.katalon.core.main.TestCaseExecutor.accessMainPhase(TestCaseExecutor.java:301)
	at com.kms.katalon.core.main.TestCaseExecutor.execute(TestCaseExecutor.java:235)
	at com.kms.katalon.core.main.TestSuiteExecutor.accessTestCaseMainPhase(TestSuiteExecutor.java:191)
	at com.kms.katalon.core.main.TestSuiteExecutor.accessTestSuiteMainPhase(TestSuiteExecutor.java:141)
	at com.kms.katalon.core.main.TestSuiteExecutor.execute(TestSuiteExecutor.java:90)
	at com.kms.katalon.core.main.TestCaseMain.startTestSuite(TestCaseMain.java:157)
	at com.kms.katalon.core.main.TestCaseMain$startTestSuite$0.call(Unknown Source)
	at TempTestSuite1606145390827.run(TempTestSuite1606145390827.groovy:39)


2020-11-23 22:32:08 - [TEST_STEP][NOT_RUN] - Click button "OK": Click button "OK"

2020-11-23 22:32:08 - [MESSAGE][NOT_RUN] - Click button "OK"

2020-11-23 22:32:08 - [TEST_STEP][NOT_RUN] - Click button "Logout": Click button "Logout"

2020-11-23 22:32:08 - [MESSAGE][NOT_RUN] - Click button "Logout"

2020-11-23 22:32:08 - [TEST_STEP][NOT_RUN] - Close browser: Close browser

2020-11-23 22:32:08 - [MESSAGE][NOT_RUN] - Close browser

2020-11-23 22:32:08 - [MESSAGE][FAILED] - Feature file 'Include/features/IST_Real/CONTRACT_DISPATCHER_DONA_B2B/BLIBLI/Contract_Dispatcher_BLIBLI.feature' was failed

2020-11-23 22:32:08 - [MESSAGE][FAILED] - Keyword runFeatureFile was failed (Root cause: com.kms.katalon.core.exception.StepFailedException: Feature file 'Include/features/IST_Real/CONTRACT_DISPATCHER_DONA_B2B/BLIBLI/Contract_Dispatcher_BLIBLI.feature' was failed
	at com.kms.katalon.core.keyword.internal.KeywordMain.stepFailed(KeywordMain.groovy:50)
	at com.kms.katalon.core.keyword.internal.KeywordMain.stepFailed(KeywordMain.groovy)
	at com.kms.katalon.core.keyword.internal.KeywordMain.stepFailed(KeywordMain.groovy:23)
	at com.kms.katalon.core.keyword.internal.KeywordMain$stepFailed$0.call(Unknown Source)
	at com.kms.katalon.core.cucumber.keyword.CucumberBuiltinKeywords$_runFeatureFile_closure1.doCall(CucumberBuiltinKeywords.groovy:82)
	at com.kms.katalon.core.cucumber.keyword.CucumberBuiltinKeywords$_runFeatureFile_closure1.doCall(CucumberBuiltinKeywords.groovy)
	at com.kms.katalon.core.keyword.internal.KeywordMain.runKeyword(KeywordMain.groovy:68)
	at com.kms.katalon.core.keyword.internal.KeywordMain$runKeyword.call(Unknown Source)
	at com.kms.katalon.core.cucumber.keyword.CucumberBuiltinKeywords.runFeatureFile(CucumberBuiltinKeywords.groovy:46)
	at com.kms.katalon.core.cucumber.keyword.CucumberBuiltinKeywords$runFeatureFile$0.callStatic(Unknown Source)
	at com.kms.katalon.core.cucumber.keyword.CucumberBuiltinKeywords.runFeatureFile(CucumberBuiltinKeywords.groovy:169)
	at com.kms.katalon.core.cucumber.keyword.CucumberBuiltinKeywords$runFeatureFile.call(Unknown Source)
	at TC BLIBLI - Contract Dispatcher BLIBLI.run(TC BLIBLI - Contract Dispatcher BLIBLI:18)
	at com.kms.katalon.core.main.ScriptEngine.run(ScriptEngine.java:194)
	at com.kms.katalon.core.main.ScriptEngine.runScriptAsRawText(ScriptEngine.java:119)
	at com.kms.katalon.core.main.TestCaseExecutor.runScript(TestCaseExecutor.java:339)
	at com.kms.katalon.core.main.TestCaseExecutor.doExecute(TestCaseExecutor.java:330)
	at com.kms.katalon.core.main.TestCaseExecutor.processExecutionPhase(TestCaseExecutor.java:309)
	at com.kms.katalon.core.main.TestCaseExecutor.accessMainPhase(TestCaseExecutor.java:301)
	at com.kms.katalon.core.main.TestCaseExecutor.execute(TestCaseExecutor.java:235)
	at com.kms.katalon.core.main.TestSuiteExecutor.accessTestCaseMainPhase(TestSuiteExecutor.java:191)
	at com.kms.katalon.core.main.TestSuiteExecutor.accessTestSuiteMainPhase(TestSuiteExecutor.java:141)
	at com.kms.katalon.core.main.TestSuiteExecutor.execute(TestSuiteExecutor.java:90)
	at com.kms.katalon.core.main.TestCaseMain.startTestSuite(TestCaseMain.java:157)
	at com.kms.katalon.core.main.TestCaseMain$startTestSuite$0.call(Unknown Source)
	at TempTestSuite1606145390827.run(TempTestSuite1606145390827.groovy:39)
)]]></system-out>
         <system-err><![CDATA[2020-11-23 22:30:50 - [TEST_CASE][FAILED] - Test Cases/IST_Real/CONTRACT_DISPATCHER_DONA_B2B/BLIBLI/TC BLIBLI - Contract Dispatcher BLIBLI: Test Cases/IST_Real/CONTRACT_DISPATCHER_DONA_B2B/BLIBLI/TC BLIBLI - Contract Dispatcher BLIBLI FAILED.
Reason:
com.kms.katalon.core.exception.StepFailedException: Feature file 'Include/features/IST_Real/CONTRACT_DISPATCHER_DONA_B2B/BLIBLI/Contract_Dispatcher_BLIBLI.feature' was failed
	at com.kms.katalon.core.keyword.internal.KeywordMain.stepFailed(KeywordMain.groovy:50)
	at com.kms.katalon.core.keyword.internal.KeywordMain.stepFailed(KeywordMain.groovy)
	at com.kms.katalon.core.keyword.internal.KeywordMain.stepFailed(KeywordMain.groovy:23)
	at com.kms.katalon.core.keyword.internal.KeywordMain$stepFailed$0.call(Unknown Source)
	at com.kms.katalon.core.cucumber.keyword.CucumberBuiltinKeywords$_runFeatureFile_closure1.doCall(CucumberBuiltinKeywords.groovy:82)
	at com.kms.katalon.core.cucumber.keyword.CucumberBuiltinKeywords$_runFeatureFile_closure1.doCall(CucumberBuiltinKeywords.groovy)
	at com.kms.katalon.core.keyword.internal.KeywordMain.runKeyword(KeywordMain.groovy:68)
	at com.kms.katalon.core.keyword.internal.KeywordMain$runKeyword.call(Unknown Source)
	at com.kms.katalon.core.cucumber.keyword.CucumberBuiltinKeywords.runFeatureFile(CucumberBuiltinKeywords.groovy:46)
	at com.kms.katalon.core.cucumber.keyword.CucumberBuiltinKeywords$runFeatureFile$0.callStatic(Unknown Source)
	at com.kms.katalon.core.cucumber.keyword.CucumberBuiltinKeywords.runFeatureFile(CucumberBuiltinKeywords.groovy:169)
	at com.kms.katalon.core.cucumber.keyword.CucumberBuiltinKeywords$runFeatureFile.call(Unknown Source)
	at TC BLIBLI - Contract Dispatcher BLIBLI.run(TC BLIBLI - Contract Dispatcher BLIBLI:18)
	at com.kms.katalon.core.main.ScriptEngine.run(ScriptEngine.java:194)
	at com.kms.katalon.core.main.ScriptEngine.runScriptAsRawText(ScriptEngine.java:119)
	at com.kms.katalon.core.main.TestCaseExecutor.runScript(TestCaseExecutor.java:339)
	at com.kms.katalon.core.main.TestCaseExecutor.doExecute(TestCaseExecutor.java:330)
	at com.kms.katalon.core.main.TestCaseExecutor.processExecutionPhase(TestCaseExecutor.java:309)
	at com.kms.katalon.core.main.TestCaseExecutor.accessMainPhase(TestCaseExecutor.java:301)
	at com.kms.katalon.core.main.TestCaseExecutor.execute(TestCaseExecutor.java:235)
	at com.kms.katalon.core.main.TestSuiteExecutor.accessTestCaseMainPhase(TestSuiteExecutor.java:191)
	at com.kms.katalon.core.main.TestSuiteExecutor.accessTestSuiteMainPhase(TestSuiteExecutor.java:141)
	at com.kms.katalon.core.main.TestSuiteExecutor.execute(TestSuiteExecutor.java:90)
	at com.kms.katalon.core.main.TestCaseMain.startTestSuite(TestCaseMain.java:157)
	at com.kms.katalon.core.main.TestCaseMain$startTestSuite$0.call(Unknown Source)
	at TempTestSuite1606145390827.run(TempTestSuite1606145390827.groovy:39)]]></system-err>
      </testcase>
      <testcase name="Test Cases/IST_Real/CONTRACT_DISPATCHER_DONA_B2B/BLIBLI/TC BLIBLI - Update Tbl CDS CDC TRKRegMistake" time="2.886" classname="Test Cases/IST_Real/CONTRACT_DISPATCHER_DONA_B2B/BLIBLI/TC BLIBLI - Update Tbl CDS CDC TRKRegMistake" status="PASSED">
         <system-out><![CDATA[2020-11-23 22:32:08 - [TEST_CASE][PASSED] - Test Cases/IST_Real/CONTRACT_DISPATCHER_DONA_B2B/BLIBLI/TC BLIBLI - Update Tbl CDS CDC TRKRegMistake: Test Cases/IST_Real/CONTRACT_DISPATCHER_DONA_B2B/BLIBLI/TC BLIBLI - Update Tbl CDS CDC TRKRegMistake

2020-11-23 22:32:08 - [TEST_STEP][PASSED] - runFeatureFile("Include/features/IST_Real/CONTRACT_DISPATCHER_DONA_B2B/BLIBLI/Update_Tbl_CDS_CDC_TRKRegMistake.feature"): Feature file: 'Include/features/IST_Real/CONTRACT_DISPATCHER_DONA_B2B/BLIBLI/Update_Tbl_CDS_CDC_TRKRegMistake.feature' was passed

2020-11-23 22:32:08 - [MESSAGE][INFO] - Starting run keyword runFeatureFile: 'Include/features/IST_Real/CONTRACT_DISPATCHER_DONA_B2B/BLIBLI/Update_Tbl_CDS_CDC_TRKRegMistake.feature' and extract report to folder: '/Users/chaidir.pratama01/Katalon Studio/IST_Automation_Git/Reports/20201123_222950/CONTRACT_DISPATCHER_DONA_B2B/TS_BLIBLI/20201123_222950/cucumber_report/1606145528977'...

2020-11-23 22:32:09 - [TEST_CASE][PASSED] - Start Test Case : SCENARIO Update Table CONTRACT_DISPATCHER_SOURCE and CONTRACT_DISPTACHER_CLAIM: SCENARIO Update Table CONTRACT_DISPATCHER_SOURCE and CONTRACT_DISPTACHER_CLAIM

2020-11-23 22:32:09 - [TEST_STEP][PASSED] - Connect to Database: Connect to Database

2020-11-23 22:32:09 - [MESSAGE][PASSED] - Connect to Database

2020-11-23 22:32:09 - [TEST_STEP][PASSED] - Update Tbl CONTRACT DISPATCHER SOURCE To Change PROCESSED From Y to N For BLIBLI: Update Tbl CONTRACT DISPATCHER SOURCE To Change PROCESSED From Y to N For BLIBLI

2020-11-23 22:32:10 - [MESSAGE][PASSED] - Update Tbl CONTRACT DISPATCHER SOURCE To Change PROCESSED From Y to N For BLIBLI

2020-11-23 22:32:10 - [TEST_STEP][PASSED] - Update Tbl CONTRACT DISPATCHER CLAIM To Delete PROCESS From Column STATUS: Update Tbl CONTRACT DISPATCHER CLAIM To Delete PROCESS From Column STATUS

2020-11-23 22:32:10 - [MESSAGE][PASSED] - Update Tbl CONTRACT DISPATCHER CLAIM To Delete PROCESS From Column STATUS

2020-11-23 22:32:10 - [TEST_STEP][PASSED] - Delete Contract From TRK_REGISTRATION_MISTAKE: Delete Contract From TRK_REGISTRATION_MISTAKE

2020-11-23 22:32:11 - [MESSAGE][PASSED] - Delete Contract From TRK_REGISTRATION_MISTAKE

2020-11-23 22:32:11 - [MESSAGE][PASSED] - Feature file: 'Include/features/IST_Real/CONTRACT_DISPATCHER_DONA_B2B/BLIBLI/Update_Tbl_CDS_CDC_TRKRegMistake.feature' was passed]]></system-out>
         <system-err><![CDATA[]]></system-err>
      </testcase>
      <testcase name="Test Cases/IST_Real/CONTRACT_DISPATCHER_DONA_B2B/BLIBLI/TC BLIBLI - Claim Contract BLIBLI then Save it Without Register Any Mistakes" time="46.113" classname="Test Cases/IST_Real/CONTRACT_DISPATCHER_DONA_B2B/BLIBLI/TC BLIBLI - Claim Contract BLIBLI then Save it Without Register Any Mistakes" status="PASSED">
         <system-out><![CDATA[2020-11-23 22:32:11 - [TEST_CASE][PASSED] - Test Cases/IST_Real/CONTRACT_DISPATCHER_DONA_B2B/BLIBLI/TC BLIBLI - Claim Contract BLIBLI then Save it Without Register Any Mistakes: Test Cases/IST_Real/CONTRACT_DISPATCHER_DONA_B2B/BLIBLI/TC BLIBLI - Claim Contract BLIBLI then Save it Without Register Any Mistakes

2020-11-23 22:32:11 - [TEST_STEP][PASSED] - runFeatureFile("Include/features/IST_Real/CONTRACT_DISPATCHER_DONA_B2B/BLIBLI/Claim_Contract_BLIBLI_then_Save_it_Without_Register_Any_Mistakes.feature"): Feature file: 'Include/features/IST_Real/CONTRACT_DISPATCHER_DONA_B2B/BLIBLI/Claim_Contract_BLIBLI_then_Save_it_Without_Register_Any_Mistakes.feature' was passed

2020-11-23 22:32:11 - [MESSAGE][INFO] - Starting run keyword runFeatureFile: 'Include/features/IST_Real/CONTRACT_DISPATCHER_DONA_B2B/BLIBLI/Claim_Contract_BLIBLI_then_Save_it_Without_Register_Any_Mistakes.feature' and extract report to folder: '/Users/chaidir.pratama01/Katalon Studio/IST_Automation_Git/Reports/20201123_222950/CONTRACT_DISPATCHER_DONA_B2B/TS_BLIBLI/20201123_222950/cucumber_report/1606145531944'...

2020-11-23 22:32:12 - [TEST_CASE][PASSED] - Start Test Case : SCENARIO Select Menu Contract Dispatcher and Select Contract based on type contract Dona BliBli: SCENARIO Select Menu Contract Dispatcher and Select Contract based on type contract Dona BliBli

2020-11-23 22:32:12 - [TEST_STEP][PASSED] - Go to IST: Go to IST

2020-11-23 22:32:12 - [MESSAGE][WARNING] - A browser is already opened. Closing browser and opening a new one

2020-11-23 22:32:12 - [MESSAGE][INFO] - Starting 'Chrome (headless)' driver

2020-11-23 22:32:12 - [MESSAGE][INFO] - User set preference: ['args', '[--start-maximized, --disable-gpu, --no-proxy-server, –-no-sandbox, --allow-running-insecure-content, --ignore-certificate-errors, window-size=1680,814, force-device-scale-factor=2, --lang=en-GB]']

2020-11-23 22:32:12 - [MESSAGE][INFO] - Action delay is set to 0 milliseconds

2020-11-23 22:32:12 - [MESSAGE][PASSED] - Browser is opened with url: ''

2020-11-23 22:32:16 - [MESSAGE][PASSED] - Navigate to 'https://dev-ist.homecredit.id/ist_tracker/' successfully

2020-11-23 22:32:17 - [MESSAGE][PASSED] - Taking screenshot successfully
[[ATTACHMENT|/Users/chaidir.pratama01/Documents/Docs/Katalon Studio/Screenshot/IST_Page.png]]

2020-11-23 22:32:17 - [MESSAGE][PASSED] - Go to IST

2020-11-23 22:32:17 - [TEST_STEP][PASSED] - Login IST with valid credentials: Login IST with valid credentials

2020-11-23 22:32:17 - [MESSAGE][PASSED] - Text 'mobile.test' is set on object 'Object Repository/Page_/input_Username_j_username'

2020-11-23 22:32:17 - [MESSAGE][PASSED] - Text ****** has been set on object 'Object Repository/Page_/input_Password_j_password'

2020-11-23 22:32:18 - [MESSAGE][PASSED] - Object: 'Object Repository/Page_/button_Login' is clicked on

2020-11-23 22:32:18 - [MESSAGE][PASSED] - Login IST with valid credentials

2020-11-23 22:32:18 - [TEST_STEP][PASSED] - Login Success for contract dispatcher: Login Success for contract dispatcher

2020-11-23 22:32:18 - [MESSAGE][INFO] - Login Success

2020-11-23 22:32:18 - [MESSAGE][PASSED] - Current window maximized

2020-11-23 22:32:18 - [MESSAGE][PASSED] - Object 'Object Repository/Page_/h1_Welcome to IT Supporting Tools' is present

2020-11-23 22:32:18 - [MESSAGE][PASSED] - Login Success for contract dispatcher

2020-11-23 22:32:18 - [TEST_STEP][PASSED] - Select Menu "Contract Dispatcher": Select Menu "Contract Dispatcher"

2020-11-23 22:32:18 - [MESSAGE][PASSED] - Taking screenshot successfully
[[ATTACHMENT|/Users/chaidir.pratama01/Documents/Docs/Katalon Studio/Screenshot/test-Contract Dispatcher.png]]

2020-11-23 22:32:18 - [MESSAGE][PASSED] - Object '' is present

2020-11-23 22:32:18 - [MESSAGE][PASSED] - Object: '' is clicked on

2020-11-23 22:32:18 - [MESSAGE][PASSED] - Wait for page load successfully

2020-11-23 22:32:18 - [MESSAGE][PASSED] - Select Menu "Contract Dispatcher"

2020-11-23 22:32:18 - [TEST_STEP][PASSED] - Select Contract Number based on Type Contract "DONA_BLIBLI": Select Contract Number based on Type Contract "DONA_BLIBLI"

2020-11-23 22:32:18 - [MESSAGE][PASSED] - Object '' is present

2020-11-23 22:32:18 - [MESSAGE][PASSED] - Object '' is present

2020-11-23 22:32:18 - [MESSAGE][PASSED] - Object: '' is clicked on

2020-11-23 22:32:18 - [MESSAGE][PASSED] - Select Contract Number based on Type Contract "DONA_BLIBLI"

2020-11-23 22:32:18 - [TEST_STEP][PASSED] - Click button "Claim": Click button "Claim"

2020-11-23 22:32:18 - [MESSAGE][INFO] - >>>>>//Button[contains(text(),'Claim')]

2020-11-23 22:32:22 - [MESSAGE][PASSED] - Object: '' is clicked on

2020-11-23 22:32:22 - [MESSAGE][PASSED] - Taking screenshot successfully
[[ATTACHMENT|/Users/chaidir.pratama01/Documents/Docs/Katalon Studio/Screenshot/upload.png]]

2020-11-23 22:32:22 - [MESSAGE][PASSED] - Click button "Claim"

2020-11-23 22:32:22 - [TEST_STEP][PASSED] - Verify Tab Mistake Matrix Base on Type Contract: Verify Tab Mistake Matrix Base on Type Contract

2020-11-23 22:32:22 - [MESSAGE][PASSED] - Object '' is present

2020-11-23 22:32:22 - [MESSAGE][PASSED] - Object '' is present

2020-11-23 22:32:22 - [MESSAGE][PASSED] - Object '' is present

2020-11-23 22:32:22 - [MESSAGE][PASSED] - Object '' is present

2020-11-23 22:32:23 - [MESSAGE][PASSED] - Object '' is present

2020-11-23 22:32:23 - [MESSAGE][PASSED] - Verify Tab Mistake Matrix Base on Type Contract

2020-11-23 22:32:23 - [TEST_STEP][PASSED] - Varify the mistake detail already match with the matrix Base on Type Contract: Varify the mistake detail already match with the matrix Base on Type Contract

2020-11-23 22:32:23 - [MESSAGE][PASSED] - Object '' is present

2020-11-23 22:32:23 - [MESSAGE][PASSED] - Object: '' is focused

2020-11-23 22:32:26 - [MESSAGE][PASSED] - Delayed 3 second(s)

2020-11-23 22:32:26 - [MESSAGE][PASSED] - Object: '' is clicked on

2020-11-23 22:32:26 - [MESSAGE][PASSED] - Object '' is present

2020-11-23 22:32:26 - [MESSAGE][PASSED] - Object: '' is focused

2020-11-23 22:32:26 - [MESSAGE][PASSED] - Object '' is not checked

2020-11-23 22:32:26 - [MESSAGE][PASSED] - Object '' is present

2020-11-23 22:32:26 - [MESSAGE][PASSED] - Object: '' is focused

2020-11-23 22:32:26 - [MESSAGE][PASSED] - Object '' is not checked

2020-11-23 22:32:26 - [MESSAGE][PASSED] - Object '' is present

2020-11-23 22:32:26 - [MESSAGE][PASSED] - Object: '' is focused

2020-11-23 22:32:26 - [MESSAGE][PASSED] - Object '' is not checked

2020-11-23 22:32:26 - [MESSAGE][PASSED] - Object '' is present

2020-11-23 22:32:26 - [MESSAGE][PASSED] - Object: '' is focused

2020-11-23 22:32:26 - [MESSAGE][PASSED] - Object '' is not checked

2020-11-23 22:32:26 - [MESSAGE][PASSED] - Object '' is present

2020-11-23 22:32:26 - [MESSAGE][PASSED] - Object: '' is focused

2020-11-23 22:32:26 - [MESSAGE][PASSED] - Object '' is not checked

2020-11-23 22:32:26 - [MESSAGE][PASSED] - Object '' is present

2020-11-23 22:32:26 - [MESSAGE][PASSED] - Object: '' is focused

2020-11-23 22:32:26 - [MESSAGE][PASSED] - Object '' is not checked

2020-11-23 22:32:26 - [MESSAGE][PASSED] - Object '' is present

2020-11-23 22:32:26 - [MESSAGE][PASSED] - Object: '' is focused

2020-11-23 22:32:26 - [MESSAGE][PASSED] - Object '' is not checked

2020-11-23 22:32:26 - [MESSAGE][PASSED] - Object '' is present

2020-11-23 22:32:26 - [MESSAGE][PASSED] - Object: '' is focused

2020-11-23 22:32:26 - [MESSAGE][PASSED] - Object '' is not checked

2020-11-23 22:32:26 - [MESSAGE][PASSED] - Object '' is present

2020-11-23 22:32:26 - [MESSAGE][PASSED] - Object: '' is focused

2020-11-23 22:32:27 - [MESSAGE][PASSED] - Object '' is not checked

2020-11-23 22:32:27 - [MESSAGE][PASSED] - Object '' is present

2020-11-23 22:32:27 - [MESSAGE][PASSED] - Object: '' is focused

2020-11-23 22:32:27 - [MESSAGE][PASSED] - Object '' is not checked

2020-11-23 22:32:27 - [MESSAGE][PASSED] - Object '' is present

2020-11-23 22:32:27 - [MESSAGE][PASSED] - Object: '' is focused

2020-11-23 22:32:27 - [MESSAGE][PASSED] - Object '' is not checked

2020-11-23 22:32:27 - [MESSAGE][PASSED] - Object '' is present

2020-11-23 22:32:27 - [MESSAGE][PASSED] - Object: '' is focused

2020-11-23 22:32:27 - [MESSAGE][PASSED] - Object '' is not checked

2020-11-23 22:32:27 - [MESSAGE][PASSED] - Object '' is present

2020-11-23 22:32:27 - [MESSAGE][PASSED] - Object: '' is focused

2020-11-23 22:32:27 - [MESSAGE][PASSED] - Object '' is not checked

2020-11-23 22:32:27 - [MESSAGE][PASSED] - Object '' is present

2020-11-23 22:32:27 - [MESSAGE][PASSED] - Object: '' is focused

2020-11-23 22:32:27 - [MESSAGE][PASSED] - Object '' is not checked

2020-11-23 22:32:27 - [MESSAGE][PASSED] - Object '' is present

2020-11-23 22:32:27 - [MESSAGE][PASSED] - Object: '' is focused

2020-11-23 22:32:27 - [MESSAGE][PASSED] - Object '' is not checked

2020-11-23 22:32:27 - [MESSAGE][PASSED] - Object '' is present

2020-11-23 22:32:27 - [MESSAGE][PASSED] - Object: '' is focused

2020-11-23 22:32:27 - [MESSAGE][PASSED] - Object '' is not checked

2020-11-23 22:32:27 - [MESSAGE][PASSED] - Object '' is present

2020-11-23 22:32:27 - [MESSAGE][PASSED] - Object: '' is focused

2020-11-23 22:32:27 - [MESSAGE][PASSED] - Object '' is not checked

2020-11-23 22:32:27 - [MESSAGE][PASSED] - Object '' is present

2020-11-23 22:32:27 - [MESSAGE][PASSED] - Object: '' is focused

2020-11-23 22:32:27 - [MESSAGE][PASSED] - Object '' is not checked

2020-11-23 22:32:27 - [MESSAGE][PASSED] - Object '' is present

2020-11-23 22:32:27 - [MESSAGE][PASSED] - Object: '' is focused

2020-11-23 22:32:27 - [MESSAGE][PASSED] - Object '' is not checked

2020-11-23 22:32:27 - [MESSAGE][PASSED] - Object '' is present

2020-11-23 22:32:27 - [MESSAGE][PASSED] - Object: '' is focused

2020-11-23 22:32:28 - [MESSAGE][PASSED] - Object '' is not checked

2020-11-23 22:32:28 - [MESSAGE][PASSED] - Object '' is present

2020-11-23 22:32:28 - [MESSAGE][PASSED] - Object: '' is focused

2020-11-23 22:32:31 - [MESSAGE][PASSED] - Delayed 3 second(s)

2020-11-23 22:32:31 - [MESSAGE][PASSED] - Object: '' is clicked on

2020-11-23 22:32:31 - [MESSAGE][PASSED] - Object '' is present

2020-11-23 22:32:31 - [MESSAGE][PASSED] - Object: '' is focused

2020-11-23 22:32:31 - [MESSAGE][PASSED] - Object '' is not checked

2020-11-23 22:32:31 - [MESSAGE][PASSED] - Object '' is present

2020-11-23 22:32:31 - [MESSAGE][PASSED] - Object: '' is focused

2020-11-23 22:32:31 - [MESSAGE][PASSED] - Object '' is not checked

2020-11-23 22:32:31 - [MESSAGE][PASSED] - Object '' is present

2020-11-23 22:32:31 - [MESSAGE][PASSED] - Object: '' is focused

2020-11-23 22:32:31 - [MESSAGE][PASSED] - Object '' is not checked

2020-11-23 22:32:31 - [MESSAGE][PASSED] - Object '' is present

2020-11-23 22:32:31 - [MESSAGE][PASSED] - Object: '' is focused

2020-11-23 22:32:31 - [MESSAGE][PASSED] - Object '' is not checked

2020-11-23 22:32:31 - [MESSAGE][PASSED] - Object '' is present

2020-11-23 22:32:31 - [MESSAGE][PASSED] - Object: '' is focused

2020-11-23 22:32:31 - [MESSAGE][PASSED] - Object '' is not checked

2020-11-23 22:32:31 - [MESSAGE][PASSED] - Object '' is present

2020-11-23 22:32:31 - [MESSAGE][PASSED] - Object: '' is focused

2020-11-23 22:32:31 - [MESSAGE][PASSED] - Object '' is not checked

2020-11-23 22:32:31 - [MESSAGE][PASSED] - Object '' is present

2020-11-23 22:32:31 - [MESSAGE][PASSED] - Object: '' is focused

2020-11-23 22:32:34 - [MESSAGE][PASSED] - Delayed 3 second(s)

2020-11-23 22:32:34 - [MESSAGE][PASSED] - Object: '' is clicked on

2020-11-23 22:32:34 - [MESSAGE][PASSED] - Object '' is present

2020-11-23 22:32:34 - [MESSAGE][PASSED] - Object: '' is focused

2020-11-23 22:32:34 - [MESSAGE][PASSED] - Object '' is not checked

2020-11-23 22:32:35 - [MESSAGE][PASSED] - Object '' is present

2020-11-23 22:32:35 - [MESSAGE][PASSED] - Object: '' is focused

2020-11-23 22:32:35 - [MESSAGE][PASSED] - Object '' is not checked

2020-11-23 22:32:35 - [MESSAGE][PASSED] - Object '' is present

2020-11-23 22:32:35 - [MESSAGE][PASSED] - Object: '' is focused

2020-11-23 22:32:35 - [MESSAGE][PASSED] - Object '' is not checked

2020-11-23 22:32:35 - [MESSAGE][PASSED] - Object '' is present

2020-11-23 22:32:35 - [MESSAGE][PASSED] - Object: '' is focused

2020-11-23 22:32:38 - [MESSAGE][PASSED] - Delayed 3 second(s)

2020-11-23 22:32:38 - [MESSAGE][PASSED] - Object: '' is clicked on

2020-11-23 22:32:38 - [MESSAGE][PASSED] - Object '' is present

2020-11-23 22:32:38 - [MESSAGE][PASSED] - Object: '' is focused

2020-11-23 22:32:38 - [MESSAGE][PASSED] - Object '' is not checked

2020-11-23 22:32:38 - [MESSAGE][PASSED] - Object '' is present

2020-11-23 22:32:38 - [MESSAGE][PASSED] - Object: '' is focused

2020-11-23 22:32:38 - [MESSAGE][PASSED] - Object '' is not checked

2020-11-23 22:32:38 - [MESSAGE][PASSED] - Object '' is present

2020-11-23 22:32:38 - [MESSAGE][PASSED] - Object: '' is focused

2020-11-23 22:32:38 - [MESSAGE][PASSED] - Object '' is not checked

2020-11-23 22:32:38 - [MESSAGE][PASSED] - Object '' is present

2020-11-23 22:32:38 - [MESSAGE][PASSED] - Object: '' is focused

2020-11-23 22:32:38 - [MESSAGE][PASSED] - Object '' is not checked

2020-11-23 22:32:38 - [MESSAGE][PASSED] - Object '' is present

2020-11-23 22:32:38 - [MESSAGE][PASSED] - Object: '' is focused

2020-11-23 22:32:38 - [MESSAGE][PASSED] - Object '' is not checked

2020-11-23 22:32:38 - [MESSAGE][PASSED] - Object '' is present

2020-11-23 22:32:38 - [MESSAGE][PASSED] - Object: '' is focused

2020-11-23 22:32:38 - [MESSAGE][PASSED] - Object '' is not checked

2020-11-23 22:32:38 - [MESSAGE][PASSED] - Object '' is present

2020-11-23 22:32:38 - [MESSAGE][PASSED] - Object: '' is focused

2020-11-23 22:32:38 - [MESSAGE][PASSED] - Object '' is not checked

2020-11-23 22:32:38 - [MESSAGE][PASSED] - Object '' is present

2020-11-23 22:32:39 - [MESSAGE][PASSED] - Object: '' is focused

2020-11-23 22:32:39 - [MESSAGE][PASSED] - Object '' is not checked

2020-11-23 22:32:39 - [MESSAGE][PASSED] - Object '' is present

2020-11-23 22:32:39 - [MESSAGE][PASSED] - Object: '' is focused

2020-11-23 22:32:42 - [MESSAGE][PASSED] - Delayed 3 second(s)

2020-11-23 22:32:42 - [MESSAGE][PASSED] - Object: '' is clicked on

2020-11-23 22:32:42 - [MESSAGE][PASSED] - Object '' is present

2020-11-23 22:32:42 - [MESSAGE][PASSED] - Object: '' is focused

2020-11-23 22:32:42 - [MESSAGE][PASSED] - Object '' is not checked

2020-11-23 22:32:42 - [MESSAGE][PASSED] - Object '' is present

2020-11-23 22:32:42 - [MESSAGE][PASSED] - Object: '' is focused

2020-11-23 22:32:42 - [MESSAGE][PASSED] - Object '' is not checked

2020-11-23 22:32:42 - [MESSAGE][PASSED] - Object '' is present

2020-11-23 22:32:42 - [MESSAGE][PASSED] - Object: '' is focused

2020-11-23 22:32:42 - [MESSAGE][PASSED] - Object '' is not checked

2020-11-23 22:32:42 - [MESSAGE][PASSED] - Varify the mistake detail already match with the matrix Base on Type Contract

2020-11-23 22:32:42 - [TEST_STEP][PASSED] - Click button "Save": Click button "Save"

2020-11-23 22:32:42 - [MESSAGE][INFO] - >>>>>//Button[contains(text(),'Save')]

2020-11-23 22:32:45 - [MESSAGE][PASSED] - Object: '' is clicked on

2020-11-23 22:32:46 - [MESSAGE][PASSED] - Taking screenshot successfully
[[ATTACHMENT|/Users/chaidir.pratama01/Documents/Docs/Katalon Studio/Screenshot/upload.png]]

2020-11-23 22:32:46 - [MESSAGE][PASSED] - Click button "Save"

2020-11-23 22:32:46 - [TEST_STEP][PASSED] - Get text from pop up "Confirmation Stop" with text "Are you sure?": Get text from pop up "Confirmation Stop" with text "Are you sure?"

2020-11-23 22:32:46 - [MESSAGE][PASSED] - Taking screenshot successfully
[[ATTACHMENT|/Users/chaidir.pratama01/Documents/Docs/Katalon Studio/Screenshot/errorpopup.png]]

2020-11-23 22:32:46 - [MESSAGE][PASSED] - Object '' is present

2020-11-23 22:32:46 - [MESSAGE][PASSED] - Wait for page load successfully

2020-11-23 22:32:46 - [MESSAGE][PASSED] - Wait for page load successfully

2020-11-23 22:32:46 - [MESSAGE][PASSED] - Get text from pop up "Confirmation Stop" with text "Are you sure?"

2020-11-23 22:32:46 - [TEST_STEP][PASSED] - Click button "OK": Click button "OK"

2020-11-23 22:32:46 - [MESSAGE][INFO] - >>>>>//Button[contains(text(),'OK')]

2020-11-23 22:32:49 - [MESSAGE][PASSED] - Object: '' is clicked on

2020-11-23 22:32:50 - [MESSAGE][PASSED] - Taking screenshot successfully
[[ATTACHMENT|/Users/chaidir.pratama01/Documents/Docs/Katalon Studio/Screenshot/upload.png]]

2020-11-23 22:32:50 - [MESSAGE][PASSED] - Click button "OK"

2020-11-23 22:32:50 - [TEST_STEP][PASSED] - Get text from pop up "IT Supporting Tools" with text "Successfully saved": Get text from pop up "IT Supporting Tools" with text "Successfully saved"

2020-11-23 22:32:50 - [MESSAGE][PASSED] - Taking screenshot successfully
[[ATTACHMENT|/Users/chaidir.pratama01/Documents/Docs/Katalon Studio/Screenshot/errorpopup.png]]

2020-11-23 22:32:50 - [MESSAGE][PASSED] - Object '' is present

2020-11-23 22:32:50 - [MESSAGE][PASSED] - Wait for page load successfully

2020-11-23 22:32:50 - [MESSAGE][PASSED] - Wait for page load successfully

2020-11-23 22:32:50 - [MESSAGE][PASSED] - Get text from pop up "IT Supporting Tools" with text "Successfully saved"

2020-11-23 22:32:50 - [TEST_STEP][PASSED] - Click button "OK": Click button "OK"

2020-11-23 22:32:50 - [MESSAGE][INFO] - >>>>>//Button[contains(text(),'OK')]

2020-11-23 22:32:53 - [MESSAGE][PASSED] - Object: '' is clicked on

2020-11-23 22:32:54 - [MESSAGE][PASSED] - Taking screenshot successfully
[[ATTACHMENT|/Users/chaidir.pratama01/Documents/Docs/Katalon Studio/Screenshot/upload.png]]

2020-11-23 22:32:54 - [MESSAGE][PASSED] - Click button "OK"

2020-11-23 22:32:54 - [TEST_STEP][PASSED] - Click button "Logout": Click button "Logout"

2020-11-23 22:32:54 - [MESSAGE][INFO] - >>>>>//Button[contains(text(),'Logout')]

2020-11-23 22:32:57 - [MESSAGE][PASSED] - Object: '' is clicked on

2020-11-23 22:32:57 - [MESSAGE][PASSED] - Taking screenshot successfully
[[ATTACHMENT|/Users/chaidir.pratama01/Documents/Docs/Katalon Studio/Screenshot/upload.png]]

2020-11-23 22:32:57 - [MESSAGE][PASSED] - Click button "Logout"

2020-11-23 22:32:57 - [TEST_STEP][PASSED] - Close browser: Close browser

2020-11-23 22:32:57 - [MESSAGE][PASSED] - Browser is closed

2020-11-23 22:32:57 - [MESSAGE][PASSED] - Close browser

2020-11-23 22:32:57 - [MESSAGE][PASSED] - Feature file: 'Include/features/IST_Real/CONTRACT_DISPATCHER_DONA_B2B/BLIBLI/Claim_Contract_BLIBLI_then_Save_it_Without_Register_Any_Mistakes.feature' was passed]]></system-out>
         <system-err><![CDATA[]]></system-err>
      </testcase>
      <testcase name="Test Cases/IST_Real/CONTRACT_DISPATCHER_DONA_B2B/BLIBLI/TC BLIBLI - Update Tbl CDS CDC TRKRegMistake" time="0.903" classname="Test Cases/IST_Real/CONTRACT_DISPATCHER_DONA_B2B/BLIBLI/TC BLIBLI - Update Tbl CDS CDC TRKRegMistake" status="PASSED">
         <system-out><![CDATA[2020-11-23 22:32:57 - [TEST_CASE][PASSED] - Test Cases/IST_Real/CONTRACT_DISPATCHER_DONA_B2B/BLIBLI/TC BLIBLI - Update Tbl CDS CDC TRKRegMistake: Test Cases/IST_Real/CONTRACT_DISPATCHER_DONA_B2B/BLIBLI/TC BLIBLI - Update Tbl CDS CDC TRKRegMistake

2020-11-23 22:32:57 - [TEST_STEP][PASSED] - runFeatureFile("Include/features/IST_Real/CONTRACT_DISPATCHER_DONA_B2B/BLIBLI/Update_Tbl_CDS_CDC_TRKRegMistake.feature"): Feature file: 'Include/features/IST_Real/CONTRACT_DISPATCHER_DONA_B2B/BLIBLI/Update_Tbl_CDS_CDC_TRKRegMistake.feature' was passed

2020-11-23 22:32:57 - [MESSAGE][INFO] - Starting run keyword runFeatureFile: 'Include/features/IST_Real/CONTRACT_DISPATCHER_DONA_B2B/BLIBLI/Update_Tbl_CDS_CDC_TRKRegMistake.feature' and extract report to folder: '/Users/chaidir.pratama01/Katalon Studio/IST_Automation_Git/Reports/20201123_222950/CONTRACT_DISPATCHER_DONA_B2B/TS_BLIBLI/20201123_222950/cucumber_report/1606145577980'...

2020-11-23 22:32:58 - [TEST_CASE][PASSED] - Start Test Case : SCENARIO Update Table CONTRACT_DISPATCHER_SOURCE and CONTRACT_DISPTACHER_CLAIM: SCENARIO Update Table CONTRACT_DISPATCHER_SOURCE and CONTRACT_DISPTACHER_CLAIM

2020-11-23 22:32:58 - [TEST_STEP][PASSED] - Connect to Database: Connect to Database

2020-11-23 22:32:58 - [MESSAGE][PASSED] - Connect to Database

2020-11-23 22:32:58 - [TEST_STEP][PASSED] - Update Tbl CONTRACT DISPATCHER SOURCE To Change PROCESSED From Y to N For BLIBLI: Update Tbl CONTRACT DISPATCHER SOURCE To Change PROCESSED From Y to N For BLIBLI

2020-11-23 22:32:58 - [MESSAGE][PASSED] - Update Tbl CONTRACT DISPATCHER SOURCE To Change PROCESSED From Y to N For BLIBLI

2020-11-23 22:32:58 - [TEST_STEP][PASSED] - Update Tbl CONTRACT DISPATCHER CLAIM To Delete PROCESS From Column STATUS: Update Tbl CONTRACT DISPATCHER CLAIM To Delete PROCESS From Column STATUS

2020-11-23 22:32:58 - [MESSAGE][PASSED] - Update Tbl CONTRACT DISPATCHER CLAIM To Delete PROCESS From Column STATUS

2020-11-23 22:32:58 - [TEST_STEP][PASSED] - Delete Contract From TRK_REGISTRATION_MISTAKE: Delete Contract From TRK_REGISTRATION_MISTAKE

2020-11-23 22:32:58 - [MESSAGE][PASSED] - Delete Contract From TRK_REGISTRATION_MISTAKE

2020-11-23 22:32:58 - [MESSAGE][PASSED] - Feature file: 'Include/features/IST_Real/CONTRACT_DISPATCHER_DONA_B2B/BLIBLI/Update_Tbl_CDS_CDC_TRKRegMistake.feature' was passed]]></system-out>
         <system-err><![CDATA[]]></system-err>
      </testcase>
      <testcase name="Test Cases/IST_Real/CONTRACT_DISPATCHER_DONA_B2B/BLIBLI/TC BLIBLI - Pick Mistake Without Choose Dropdown Mistake Type" time="53.469" classname="Test Cases/IST_Real/CONTRACT_DISPATCHER_DONA_B2B/BLIBLI/TC BLIBLI - Pick Mistake Without Choose Dropdown Mistake Type" status="PASSED">
         <system-out><![CDATA[2020-11-23 22:32:58 - [TEST_CASE][PASSED] - Test Cases/IST_Real/CONTRACT_DISPATCHER_DONA_B2B/BLIBLI/TC BLIBLI - Pick Mistake Without Choose Dropdown Mistake Type: Test Cases/IST_Real/CONTRACT_DISPATCHER_DONA_B2B/BLIBLI/TC BLIBLI - Pick Mistake Without Choose Dropdown Mistake Type

2020-11-23 22:32:58 - [TEST_STEP][PASSED] - runFeatureFile("Include/features/IST_Real/CONTRACT_DISPATCHER_DONA_B2B/BLIBLI/Pick_Mistake_Without_Choose_Dropdown_Mistake_Type.feature"): Feature file: 'Include/features/IST_Real/CONTRACT_DISPATCHER_DONA_B2B/BLIBLI/Pick_Mistake_Without_Choose_Dropdown_Mistake_Type.feature' was passed

2020-11-23 22:32:58 - [MESSAGE][INFO] - Starting run keyword runFeatureFile: 'Include/features/IST_Real/CONTRACT_DISPATCHER_DONA_B2B/BLIBLI/Pick_Mistake_Without_Choose_Dropdown_Mistake_Type.feature' and extract report to folder: '/Users/chaidir.pratama01/Katalon Studio/IST_Automation_Git/Reports/20201123_222950/CONTRACT_DISPATCHER_DONA_B2B/TS_BLIBLI/20201123_222950/cucumber_report/1606145578962'...

2020-11-23 22:32:59 - [TEST_CASE][PASSED] - Start Test Case : SCENARIO Assign User to Contract DONA BLIBLI: SCENARIO Assign User to Contract DONA BLIBLI

2020-11-23 22:32:59 - [TEST_STEP][PASSED] - Go to IST: Go to IST

2020-11-23 22:32:59 - [MESSAGE][INFO] - Starting 'Chrome (headless)' driver

2020-11-23 22:32:59 - [MESSAGE][INFO] - User set preference: ['args', '[--start-maximized, --disable-gpu, --no-proxy-server, –-no-sandbox, --allow-running-insecure-content, --ignore-certificate-errors, window-size=1680,814, force-device-scale-factor=2, --lang=en-GB]']

2020-11-23 22:32:59 - [MESSAGE][INFO] - Action delay is set to 0 milliseconds

2020-11-23 22:32:59 - [MESSAGE][PASSED] - Browser is opened with url: ''

2020-11-23 22:33:00 - [MESSAGE][PASSED] - Navigate to 'https://dev-ist.homecredit.id/ist_tracker/' successfully

2020-11-23 22:33:01 - [MESSAGE][PASSED] - Taking screenshot successfully
[[ATTACHMENT|/Users/chaidir.pratama01/Documents/Docs/Katalon Studio/Screenshot/IST_Page.png]]

2020-11-23 22:33:01 - [MESSAGE][PASSED] - Go to IST

2020-11-23 22:33:01 - [TEST_STEP][PASSED] - Login IST with valid credentials: Login IST with valid credentials

2020-11-23 22:33:01 - [MESSAGE][PASSED] - Text 'mobile.test' is set on object 'Object Repository/Page_/input_Username_j_username'

2020-11-23 22:33:01 - [MESSAGE][PASSED] - Text ****** has been set on object 'Object Repository/Page_/input_Password_j_password'

2020-11-23 22:33:01 - [MESSAGE][PASSED] - Object: 'Object Repository/Page_/button_Login' is clicked on

2020-11-23 22:33:01 - [MESSAGE][PASSED] - Login IST with valid credentials

2020-11-23 22:33:01 - [TEST_STEP][PASSED] - Login Success for contract dispatcher: Login Success for contract dispatcher

2020-11-23 22:33:01 - [MESSAGE][INFO] - Login Success

2020-11-23 22:33:01 - [MESSAGE][PASSED] - Current window maximized

2020-11-23 22:33:01 - [MESSAGE][PASSED] - Object 'Object Repository/Page_/h1_Welcome to IT Supporting Tools' is present

2020-11-23 22:33:01 - [MESSAGE][PASSED] - Login Success for contract dispatcher

2020-11-23 22:33:01 - [TEST_STEP][PASSED] - Select Arrow Menu "Contract Dispatcher Admin": Select Arrow Menu "Contract Dispatcher Admin"

2020-11-23 22:33:01 - [MESSAGE][PASSED] - Object: '' is clicked on

2020-11-23 22:33:01 - [MESSAGE][PASSED] - Select Arrow Menu "Contract Dispatcher Admin"

2020-11-23 22:33:01 - [TEST_STEP][PASSED] - Select Menu "Management Assignment": Select Menu "Management Assignment"

2020-11-23 22:33:02 - [MESSAGE][PASSED] - Taking screenshot successfully
[[ATTACHMENT|/Users/chaidir.pratama01/Documents/Docs/Katalon Studio/Screenshot/test-Management Assignment.png]]

2020-11-23 22:33:02 - [MESSAGE][PASSED] - Object '' is present

2020-11-23 22:33:02 - [MESSAGE][PASSED] - Object: '' is clicked on

2020-11-23 22:33:02 - [MESSAGE][PASSED] - Wait for page load successfully

2020-11-23 22:33:02 - [MESSAGE][PASSED] - Select Menu "Management Assignment"

2020-11-23 22:33:02 - [TEST_STEP][PASSED] - Select Username "mobile.test" of Management Assignment: Select Username "mobile.test" of Management Assignment

2020-11-23 22:33:03 - [MESSAGE][PASSED] - All options with value 'mobile.test' are selected in object 'Object Repository/Page_/dropdown_list_username_assignment'  using regular expression

2020-11-23 22:33:03 - [MESSAGE][PASSED] - Select Username "mobile.test" of Management Assignment

2020-11-23 22:33:03 - [TEST_STEP][PASSED] - Check for username if already assigned to "Dona B2B": Check for username if already assigned to "Dona B2B"

2020-11-23 22:33:06 - [MESSAGE][PASSED] - Scroll to object '' successfully

2020-11-23 22:33:06 - [MESSAGE][PASSED] - Object '' is present

2020-11-23 22:33:06 - [MESSAGE][PASSED] - Object '' is checked

2020-11-23 22:33:06 - [MESSAGE][INFO] - Element is already Checked

2020-11-23 22:33:06 - [MESSAGE][PASSED] - Check for username if already assigned to "Dona B2B"

2020-11-23 22:33:06 - [TEST_STEP][PASSED] - Wait page for load: Wait page for load

2020-11-23 22:33:06 - [MESSAGE][PASSED] - Wait for page load successfully

2020-11-23 22:33:06 - [MESSAGE][PASSED] - Wait page for load

2020-11-23 22:33:06 - [TEST_STEP][PASSED] - Click button "Logout": Click button "Logout"

2020-11-23 22:33:06 - [MESSAGE][INFO] - >>>>>//Button[contains(text(),'Logout')]

2020-11-23 22:33:09 - [MESSAGE][PASSED] - Object: '' is clicked on

2020-11-23 22:33:10 - [MESSAGE][PASSED] - Taking screenshot successfully
[[ATTACHMENT|/Users/chaidir.pratama01/Documents/Docs/Katalon Studio/Screenshot/upload.png]]

2020-11-23 22:33:10 - [MESSAGE][PASSED] - Click button "Logout"

2020-11-23 22:33:10 - [TEST_STEP][PASSED] - Close browser: Close browser

2020-11-23 22:33:10 - [MESSAGE][PASSED] - Browser is closed

2020-11-23 22:33:10 - [MESSAGE][PASSED] - Close browser

2020-11-23 22:33:10 - [TEST_CASE][PASSED] - Start Test Case : SCENARIO Select Menu Contract Dispatcher and Select Contract based on type contract DONA BLIBLI: SCENARIO Select Menu Contract Dispatcher and Select Contract based on type contract DONA BLIBLI

2020-11-23 22:33:10 - [TEST_STEP][PASSED] - Go to IST: Go to IST

2020-11-23 22:33:10 - [MESSAGE][INFO] - Starting 'Chrome (headless)' driver

2020-11-23 22:33:10 - [MESSAGE][INFO] - User set preference: ['args', '[--start-maximized, --disable-gpu, --no-proxy-server, –-no-sandbox, --allow-running-insecure-content, --ignore-certificate-errors, window-size=1680,814, force-device-scale-factor=2, --lang=en-GB]']

2020-11-23 22:33:10 - [MESSAGE][INFO] - Action delay is set to 0 milliseconds

2020-11-23 22:33:10 - [MESSAGE][PASSED] - Browser is opened with url: ''

2020-11-23 22:33:11 - [MESSAGE][PASSED] - Navigate to 'https://dev-ist.homecredit.id/ist_tracker/' successfully

2020-11-23 22:33:12 - [MESSAGE][PASSED] - Taking screenshot successfully
[[ATTACHMENT|/Users/chaidir.pratama01/Documents/Docs/Katalon Studio/Screenshot/IST_Page.png]]

2020-11-23 22:33:12 - [MESSAGE][PASSED] - Go to IST

2020-11-23 22:33:12 - [TEST_STEP][PASSED] - Login IST with valid credentials: Login IST with valid credentials

2020-11-23 22:33:12 - [MESSAGE][PASSED] - Text 'mobile.test' is set on object 'Object Repository/Page_/input_Username_j_username'

2020-11-23 22:33:12 - [MESSAGE][PASSED] - Text ****** has been set on object 'Object Repository/Page_/input_Password_j_password'

2020-11-23 22:33:12 - [MESSAGE][PASSED] - Object: 'Object Repository/Page_/button_Login' is clicked on

2020-11-23 22:33:12 - [MESSAGE][PASSED] - Login IST with valid credentials

2020-11-23 22:33:12 - [TEST_STEP][PASSED] - Login Success for contract dispatcher: Login Success for contract dispatcher

2020-11-23 22:33:12 - [MESSAGE][INFO] - Login Success

2020-11-23 22:33:12 - [MESSAGE][PASSED] - Current window maximized

2020-11-23 22:33:12 - [MESSAGE][PASSED] - Object 'Object Repository/Page_/h1_Welcome to IT Supporting Tools' is present

2020-11-23 22:33:12 - [MESSAGE][PASSED] - Login Success for contract dispatcher

2020-11-23 22:33:12 - [TEST_STEP][PASSED] - Select Menu "Contract Dispatcher": Select Menu "Contract Dispatcher"

2020-11-23 22:33:13 - [MESSAGE][PASSED] - Taking screenshot successfully
[[ATTACHMENT|/Users/chaidir.pratama01/Documents/Docs/Katalon Studio/Screenshot/test-Contract Dispatcher.png]]

2020-11-23 22:33:13 - [MESSAGE][PASSED] - Object '' is present

2020-11-23 22:33:13 - [MESSAGE][PASSED] - Object: '' is clicked on

2020-11-23 22:33:13 - [MESSAGE][PASSED] - Wait for page load successfully

2020-11-23 22:33:13 - [MESSAGE][PASSED] - Select Menu "Contract Dispatcher"

2020-11-23 22:33:13 - [TEST_STEP][PASSED] - Select Contract Number based on Type Contract "DONA_BLIBLI": Select Contract Number based on Type Contract "DONA_BLIBLI"

2020-11-23 22:33:13 - [MESSAGE][PASSED] - Object '' is present

2020-11-23 22:33:13 - [MESSAGE][PASSED] - Object '' is present

2020-11-23 22:33:13 - [MESSAGE][PASSED] - Object: '' is clicked on

2020-11-23 22:33:13 - [MESSAGE][PASSED] - Select Contract Number based on Type Contract "DONA_BLIBLI"

2020-11-23 22:33:13 - [TEST_STEP][PASSED] - Click button "Claim": Click button "Claim"

2020-11-23 22:33:13 - [MESSAGE][INFO] - >>>>>//Button[contains(text(),'Claim')]

2020-11-23 22:33:16 - [MESSAGE][PASSED] - Object: '' is clicked on

2020-11-23 22:33:17 - [MESSAGE][PASSED] - Taking screenshot successfully
[[ATTACHMENT|/Users/chaidir.pratama01/Documents/Docs/Katalon Studio/Screenshot/upload.png]]

2020-11-23 22:33:17 - [MESSAGE][PASSED] - Click button "Claim"

2020-11-23 22:33:17 - [TEST_STEP][PASSED] - Verify Tab Mistake Matrix Base on Type Contract: Verify Tab Mistake Matrix Base on Type Contract

2020-11-23 22:33:17 - [MESSAGE][PASSED] - Object '' is present

2020-11-23 22:33:17 - [MESSAGE][PASSED] - Object '' is present

2020-11-23 22:33:17 - [MESSAGE][PASSED] - Object '' is present

2020-11-23 22:33:17 - [MESSAGE][PASSED] - Object '' is present

2020-11-23 22:33:17 - [MESSAGE][PASSED] - Object '' is present

2020-11-23 22:33:17 - [MESSAGE][PASSED] - Verify Tab Mistake Matrix Base on Type Contract

2020-11-23 22:33:17 - [TEST_STEP][PASSED] - Varify the mistake detail already match with the matrix Base on Type Contract: Varify the mistake detail already match with the matrix Base on Type Contract

2020-11-23 22:33:17 - [MESSAGE][PASSED] - Object '' is present

2020-11-23 22:33:17 - [MESSAGE][PASSED] - Object: '' is focused

2020-11-23 22:33:20 - [MESSAGE][PASSED] - Delayed 3 second(s)

2020-11-23 22:33:20 - [MESSAGE][PASSED] - Object: '' is clicked on

2020-11-23 22:33:20 - [MESSAGE][PASSED] - Object '' is present

2020-11-23 22:33:21 - [MESSAGE][PASSED] - Object: '' is focused

2020-11-23 22:33:21 - [MESSAGE][PASSED] - Object '' is not checked

2020-11-23 22:33:21 - [MESSAGE][PASSED] - Object '' is present

2020-11-23 22:33:21 - [MESSAGE][PASSED] - Object: '' is focused

2020-11-23 22:33:21 - [MESSAGE][PASSED] - Object '' is not checked

2020-11-23 22:33:21 - [MESSAGE][PASSED] - Object '' is present

2020-11-23 22:33:21 - [MESSAGE][PASSED] - Object: '' is focused

2020-11-23 22:33:21 - [MESSAGE][PASSED] - Object '' is not checked

2020-11-23 22:33:21 - [MESSAGE][PASSED] - Object '' is present

2020-11-23 22:33:21 - [MESSAGE][PASSED] - Object: '' is focused

2020-11-23 22:33:21 - [MESSAGE][PASSED] - Object '' is not checked

2020-11-23 22:33:21 - [MESSAGE][PASSED] - Object '' is present

2020-11-23 22:33:21 - [MESSAGE][PASSED] - Object: '' is focused

2020-11-23 22:33:21 - [MESSAGE][PASSED] - Object '' is not checked

2020-11-23 22:33:21 - [MESSAGE][PASSED] - Object '' is present

2020-11-23 22:33:21 - [MESSAGE][PASSED] - Object: '' is focused

2020-11-23 22:33:21 - [MESSAGE][PASSED] - Object '' is not checked

2020-11-23 22:33:21 - [MESSAGE][PASSED] - Object '' is present

2020-11-23 22:33:21 - [MESSAGE][PASSED] - Object: '' is focused

2020-11-23 22:33:21 - [MESSAGE][PASSED] - Object '' is not checked

2020-11-23 22:33:21 - [MESSAGE][PASSED] - Object '' is present

2020-11-23 22:33:21 - [MESSAGE][PASSED] - Object: '' is focused

2020-11-23 22:33:21 - [MESSAGE][PASSED] - Object '' is not checked

2020-11-23 22:33:21 - [MESSAGE][PASSED] - Object '' is present

2020-11-23 22:33:21 - [MESSAGE][PASSED] - Object: '' is focused

2020-11-23 22:33:21 - [MESSAGE][PASSED] - Object '' is not checked

2020-11-23 22:33:21 - [MESSAGE][PASSED] - Object '' is present

2020-11-23 22:33:21 - [MESSAGE][PASSED] - Object: '' is focused

2020-11-23 22:33:21 - [MESSAGE][PASSED] - Object '' is not checked

2020-11-23 22:33:21 - [MESSAGE][PASSED] - Object '' is present

2020-11-23 22:33:21 - [MESSAGE][PASSED] - Object: '' is focused

2020-11-23 22:33:21 - [MESSAGE][PASSED] - Object '' is not checked

2020-11-23 22:33:21 - [MESSAGE][PASSED] - Object '' is present

2020-11-23 22:33:22 - [MESSAGE][PASSED] - Object: '' is focused

2020-11-23 22:33:22 - [MESSAGE][PASSED] - Object '' is not checked

2020-11-23 22:33:22 - [MESSAGE][PASSED] - Object '' is present

2020-11-23 22:33:22 - [MESSAGE][PASSED] - Object: '' is focused

2020-11-23 22:33:22 - [MESSAGE][PASSED] - Object '' is not checked

2020-11-23 22:33:22 - [MESSAGE][PASSED] - Object '' is present

2020-11-23 22:33:22 - [MESSAGE][PASSED] - Object: '' is focused

2020-11-23 22:33:22 - [MESSAGE][PASSED] - Object '' is not checked

2020-11-23 22:33:22 - [MESSAGE][PASSED] - Object '' is present

2020-11-23 22:33:22 - [MESSAGE][PASSED] - Object: '' is focused

2020-11-23 22:33:22 - [MESSAGE][PASSED] - Object '' is not checked

2020-11-23 22:33:22 - [MESSAGE][PASSED] - Object '' is present

2020-11-23 22:33:22 - [MESSAGE][PASSED] - Object: '' is focused

2020-11-23 22:33:22 - [MESSAGE][PASSED] - Object '' is not checked

2020-11-23 22:33:22 - [MESSAGE][PASSED] - Object '' is present

2020-11-23 22:33:22 - [MESSAGE][PASSED] - Object: '' is focused

2020-11-23 22:33:22 - [MESSAGE][PASSED] - Object '' is not checked

2020-11-23 22:33:22 - [MESSAGE][PASSED] - Object '' is present

2020-11-23 22:33:22 - [MESSAGE][PASSED] - Object: '' is focused

2020-11-23 22:33:22 - [MESSAGE][PASSED] - Object '' is not checked

2020-11-23 22:33:22 - [MESSAGE][PASSED] - Object '' is present

2020-11-23 22:33:22 - [MESSAGE][PASSED] - Object: '' is focused

2020-11-23 22:33:22 - [MESSAGE][PASSED] - Object '' is not checked

2020-11-23 22:33:22 - [MESSAGE][PASSED] - Object '' is present

2020-11-23 22:33:22 - [MESSAGE][PASSED] - Object: '' is focused

2020-11-23 22:33:22 - [MESSAGE][PASSED] - Object '' is not checked

2020-11-23 22:33:22 - [MESSAGE][PASSED] - Object '' is present

2020-11-23 22:33:22 - [MESSAGE][PASSED] - Object: '' is focused

2020-11-23 22:33:25 - [MESSAGE][PASSED] - Delayed 3 second(s)

2020-11-23 22:33:25 - [MESSAGE][PASSED] - Object: '' is clicked on

2020-11-23 22:33:25 - [MESSAGE][PASSED] - Object '' is present

2020-11-23 22:33:26 - [MESSAGE][PASSED] - Object: '' is focused

2020-11-23 22:33:26 - [MESSAGE][PASSED] - Object '' is not checked

2020-11-23 22:33:26 - [MESSAGE][PASSED] - Object '' is present

2020-11-23 22:33:26 - [MESSAGE][PASSED] - Object: '' is focused

2020-11-23 22:33:26 - [MESSAGE][PASSED] - Object '' is not checked

2020-11-23 22:33:26 - [MESSAGE][PASSED] - Object '' is present

2020-11-23 22:33:26 - [MESSAGE][PASSED] - Object: '' is focused

2020-11-23 22:33:26 - [MESSAGE][PASSED] - Object '' is not checked

2020-11-23 22:33:26 - [MESSAGE][PASSED] - Object '' is present

2020-11-23 22:33:26 - [MESSAGE][PASSED] - Object: '' is focused

2020-11-23 22:33:26 - [MESSAGE][PASSED] - Object '' is not checked

2020-11-23 22:33:26 - [MESSAGE][PASSED] - Object '' is present

2020-11-23 22:33:26 - [MESSAGE][PASSED] - Object: '' is focused

2020-11-23 22:33:26 - [MESSAGE][PASSED] - Object '' is not checked

2020-11-23 22:33:26 - [MESSAGE][PASSED] - Object '' is present

2020-11-23 22:33:26 - [MESSAGE][PASSED] - Object: '' is focused

2020-11-23 22:33:26 - [MESSAGE][PASSED] - Object '' is not checked

2020-11-23 22:33:26 - [MESSAGE][PASSED] - Object '' is present

2020-11-23 22:33:26 - [MESSAGE][PASSED] - Object: '' is focused

2020-11-23 22:33:29 - [MESSAGE][PASSED] - Delayed 3 second(s)

2020-11-23 22:33:29 - [MESSAGE][PASSED] - Object: '' is clicked on

2020-11-23 22:33:29 - [MESSAGE][PASSED] - Object '' is present

2020-11-23 22:33:29 - [MESSAGE][PASSED] - Object: '' is focused

2020-11-23 22:33:29 - [MESSAGE][PASSED] - Object '' is not checked

2020-11-23 22:33:29 - [MESSAGE][PASSED] - Object '' is present

2020-11-23 22:33:29 - [MESSAGE][PASSED] - Object: '' is focused

2020-11-23 22:33:29 - [MESSAGE][PASSED] - Object '' is not checked

2020-11-23 22:33:29 - [MESSAGE][PASSED] - Object '' is present

2020-11-23 22:33:29 - [MESSAGE][PASSED] - Object: '' is focused

2020-11-23 22:33:30 - [MESSAGE][PASSED] - Object '' is not checked

2020-11-23 22:33:30 - [MESSAGE][PASSED] - Object '' is present

2020-11-23 22:33:30 - [MESSAGE][PASSED] - Object: '' is focused

2020-11-23 22:33:33 - [MESSAGE][PASSED] - Delayed 3 second(s)

2020-11-23 22:33:33 - [MESSAGE][PASSED] - Object: '' is clicked on

2020-11-23 22:33:33 - [MESSAGE][PASSED] - Object '' is present

2020-11-23 22:33:33 - [MESSAGE][PASSED] - Object: '' is focused

2020-11-23 22:33:33 - [MESSAGE][PASSED] - Object '' is not checked

2020-11-23 22:33:33 - [MESSAGE][PASSED] - Object '' is present

2020-11-23 22:33:33 - [MESSAGE][PASSED] - Object: '' is focused

2020-11-23 22:33:33 - [MESSAGE][PASSED] - Object '' is not checked

2020-11-23 22:33:33 - [MESSAGE][PASSED] - Object '' is present

2020-11-23 22:33:33 - [MESSAGE][PASSED] - Object: '' is focused

2020-11-23 22:33:33 - [MESSAGE][PASSED] - Object '' is not checked

2020-11-23 22:33:33 - [MESSAGE][PASSED] - Object '' is present

2020-11-23 22:33:33 - [MESSAGE][PASSED] - Object: '' is focused

2020-11-23 22:33:33 - [MESSAGE][PASSED] - Object '' is not checked

2020-11-23 22:33:33 - [MESSAGE][PASSED] - Object '' is present

2020-11-23 22:33:33 - [MESSAGE][PASSED] - Object: '' is focused

2020-11-23 22:33:33 - [MESSAGE][PASSED] - Object '' is not checked

2020-11-23 22:33:33 - [MESSAGE][PASSED] - Object '' is present

2020-11-23 22:33:33 - [MESSAGE][PASSED] - Object: '' is focused

2020-11-23 22:33:33 - [MESSAGE][PASSED] - Object '' is not checked

2020-11-23 22:33:33 - [MESSAGE][PASSED] - Object '' is present

2020-11-23 22:33:33 - [MESSAGE][PASSED] - Object: '' is focused

2020-11-23 22:33:33 - [MESSAGE][PASSED] - Object '' is not checked

2020-11-23 22:33:33 - [MESSAGE][PASSED] - Object '' is present

2020-11-23 22:33:33 - [MESSAGE][PASSED] - Object: '' is focused

2020-11-23 22:33:33 - [MESSAGE][PASSED] - Object '' is not checked

2020-11-23 22:33:33 - [MESSAGE][PASSED] - Object '' is present

2020-11-23 22:33:34 - [MESSAGE][PASSED] - Object: '' is focused

2020-11-23 22:33:37 - [MESSAGE][PASSED] - Delayed 3 second(s)

2020-11-23 22:33:37 - [MESSAGE][PASSED] - Object: '' is clicked on

2020-11-23 22:33:37 - [MESSAGE][PASSED] - Object '' is present

2020-11-23 22:33:37 - [MESSAGE][PASSED] - Object: '' is focused

2020-11-23 22:33:37 - [MESSAGE][PASSED] - Object '' is not checked

2020-11-23 22:33:37 - [MESSAGE][PASSED] - Object '' is present

2020-11-23 22:33:37 - [MESSAGE][PASSED] - Object: '' is focused

2020-11-23 22:33:37 - [MESSAGE][PASSED] - Object '' is not checked

2020-11-23 22:33:37 - [MESSAGE][PASSED] - Object '' is present

2020-11-23 22:33:37 - [MESSAGE][PASSED] - Object: '' is focused

2020-11-23 22:33:37 - [MESSAGE][PASSED] - Object '' is not checked

2020-11-23 22:33:37 - [MESSAGE][PASSED] - Varify the mistake detail already match with the matrix Base on Type Contract

2020-11-23 22:33:37 - [TEST_STEP][PASSED] - Click on Tab "KTP": Click on Tab "KTP"

2020-11-23 22:33:37 - [MESSAGE][PASSED] - Object '' is present

2020-11-23 22:33:37 - [MESSAGE][PASSED] - Object: '' is focused

2020-11-23 22:33:40 - [MESSAGE][PASSED] - Delayed 3 second(s)

2020-11-23 22:33:40 - [MESSAGE][PASSED] - Object: '' is clicked on

2020-11-23 22:33:40 - [MESSAGE][PASSED] - Click on Tab "KTP"

2020-11-23 22:33:40 - [TEST_STEP][PASSED] - Checkbox General Mistake "20. KTP atau Resi - Alamat tetap pemohon pada sistem (HoS) berbeda dengan KTP": Checkbox General Mistake "20. KTP atau Resi - Alamat tetap pemohon pada sistem (HoS) berbeda dengan KTP"

2020-11-23 22:33:40 - [MESSAGE][PASSED] - Object: '' is clicked on

2020-11-23 22:33:40 - [MESSAGE][PASSED] - Wait for page load successfully

2020-11-23 22:33:40 - [MESSAGE][PASSED] - Checkbox General Mistake "20. KTP atau Resi - Alamat tetap pemohon pada sistem (HoS) berbeda dengan KTP"

2020-11-23 22:33:40 - [TEST_STEP][PASSED] - Click button "Save": Click button "Save"

2020-11-23 22:33:40 - [MESSAGE][INFO] - >>>>>//Button[contains(text(),'Save')]

2020-11-23 22:33:43 - [MESSAGE][PASSED] - Object: '' is clicked on

2020-11-23 22:33:44 - [MESSAGE][PASSED] - Taking screenshot successfully
[[ATTACHMENT|/Users/chaidir.pratama01/Documents/Docs/Katalon Studio/Screenshot/upload.png]]

2020-11-23 22:33:44 - [MESSAGE][PASSED] - Click button "Save"

2020-11-23 22:33:44 - [TEST_STEP][PASSED] - Get text from pop up "IT Supporting Tools" with text "Mistake Type cannot be empty": Get text from pop up "IT Supporting Tools" with text "Mistake Type cannot be empty"

2020-11-23 22:33:44 - [MESSAGE][PASSED] - Taking screenshot successfully
[[ATTACHMENT|/Users/chaidir.pratama01/Documents/Docs/Katalon Studio/Screenshot/errorpopup.png]]

2020-11-23 22:33:44 - [MESSAGE][PASSED] - Object '' is present

2020-11-23 22:33:44 - [MESSAGE][PASSED] - Wait for page load successfully

2020-11-23 22:33:44 - [MESSAGE][PASSED] - Wait for page load successfully

2020-11-23 22:33:44 - [MESSAGE][PASSED] - Get text from pop up "IT Supporting Tools" with text "Mistake Type cannot be empty"

2020-11-23 22:33:44 - [TEST_STEP][PASSED] - Click button "OK": Click button "OK"

2020-11-23 22:33:44 - [MESSAGE][INFO] - >>>>>//Button[contains(text(),'OK')]

2020-11-23 22:33:47 - [MESSAGE][PASSED] - Object: '' is clicked on

2020-11-23 22:33:48 - [MESSAGE][PASSED] - Taking screenshot successfully
[[ATTACHMENT|/Users/chaidir.pratama01/Documents/Docs/Katalon Studio/Screenshot/upload.png]]

2020-11-23 22:33:48 - [MESSAGE][PASSED] - Click button "OK"

2020-11-23 22:33:48 - [TEST_STEP][PASSED] - Click button "Logout": Click button "Logout"

2020-11-23 22:33:48 - [MESSAGE][INFO] - >>>>>//Button[contains(text(),'Logout')]

2020-11-23 22:33:51 - [MESSAGE][PASSED] - Object: '' is clicked on

2020-11-23 22:33:52 - [MESSAGE][PASSED] - Taking screenshot successfully
[[ATTACHMENT|/Users/chaidir.pratama01/Documents/Docs/Katalon Studio/Screenshot/upload.png]]

2020-11-23 22:33:52 - [MESSAGE][PASSED] - Click button "Logout"

2020-11-23 22:33:52 - [TEST_STEP][PASSED] - Comment "Register Mistake failed because Dropdown Mistake type didn't choose": Comment "Register Mistake failed because Dropdown Mistake type didn't choose"

2020-11-23 22:33:52 - [MESSAGE][INFO] - Register Mistake failed because Dropdown Mistake type didn't choose

2020-11-23 22:33:52 - [MESSAGE][PASSED] - Comment "Register Mistake failed because Dropdown Mistake type didn't choose"

2020-11-23 22:33:52 - [TEST_STEP][PASSED] - Close browser: Close browser

2020-11-23 22:33:52 - [MESSAGE][PASSED] - Browser is closed

2020-11-23 22:33:52 - [MESSAGE][PASSED] - Close browser

2020-11-23 22:33:52 - [MESSAGE][PASSED] - Feature file: 'Include/features/IST_Real/CONTRACT_DISPATCHER_DONA_B2B/BLIBLI/Pick_Mistake_Without_Choose_Dropdown_Mistake_Type.feature' was passed]]></system-out>
         <system-err><![CDATA[]]></system-err>
      </testcase>
      <testcase name="Test Cases/IST_Real/CONTRACT_DISPATCHER_DONA_B2B/BLIBLI/TC BLIBLI - Update Tbl CDS CDC TRKRegMistake" time="0.934" classname="Test Cases/IST_Real/CONTRACT_DISPATCHER_DONA_B2B/BLIBLI/TC BLIBLI - Update Tbl CDS CDC TRKRegMistake" status="PASSED">
         <system-out><![CDATA[2020-11-23 22:33:52 - [TEST_CASE][PASSED] - Test Cases/IST_Real/CONTRACT_DISPATCHER_DONA_B2B/BLIBLI/TC BLIBLI - Update Tbl CDS CDC TRKRegMistake: Test Cases/IST_Real/CONTRACT_DISPATCHER_DONA_B2B/BLIBLI/TC BLIBLI - Update Tbl CDS CDC TRKRegMistake

2020-11-23 22:33:52 - [TEST_STEP][PASSED] - runFeatureFile("Include/features/IST_Real/CONTRACT_DISPATCHER_DONA_B2B/BLIBLI/Update_Tbl_CDS_CDC_TRKRegMistake.feature"): Feature file: 'Include/features/IST_Real/CONTRACT_DISPATCHER_DONA_B2B/BLIBLI/Update_Tbl_CDS_CDC_TRKRegMistake.feature' was passed

2020-11-23 22:33:52 - [MESSAGE][INFO] - Starting run keyword runFeatureFile: 'Include/features/IST_Real/CONTRACT_DISPATCHER_DONA_B2B/BLIBLI/Update_Tbl_CDS_CDC_TRKRegMistake.feature' and extract report to folder: '/Users/chaidir.pratama01/Katalon Studio/IST_Automation_Git/Reports/20201123_222950/CONTRACT_DISPATCHER_DONA_B2B/TS_BLIBLI/20201123_222950/cucumber_report/1606145632356'...

2020-11-23 22:33:52 - [TEST_CASE][PASSED] - Start Test Case : SCENARIO Update Table CONTRACT_DISPATCHER_SOURCE and CONTRACT_DISPTACHER_CLAIM: SCENARIO Update Table CONTRACT_DISPATCHER_SOURCE and CONTRACT_DISPTACHER_CLAIM

2020-11-23 22:33:52 - [TEST_STEP][PASSED] - Connect to Database: Connect to Database

2020-11-23 22:33:52 - [MESSAGE][PASSED] - Connect to Database

2020-11-23 22:33:52 - [TEST_STEP][PASSED] - Update Tbl CONTRACT DISPATCHER SOURCE To Change PROCESSED From Y to N For BLIBLI: Update Tbl CONTRACT DISPATCHER SOURCE To Change PROCESSED From Y to N For BLIBLI

2020-11-23 22:33:52 - [MESSAGE][PASSED] - Update Tbl CONTRACT DISPATCHER SOURCE To Change PROCESSED From Y to N For BLIBLI

2020-11-23 22:33:52 - [TEST_STEP][PASSED] - Update Tbl CONTRACT DISPATCHER CLAIM To Delete PROCESS From Column STATUS: Update Tbl CONTRACT DISPATCHER CLAIM To Delete PROCESS From Column STATUS

2020-11-23 22:33:53 - [MESSAGE][PASSED] - Update Tbl CONTRACT DISPATCHER CLAIM To Delete PROCESS From Column STATUS

2020-11-23 22:33:53 - [TEST_STEP][PASSED] - Delete Contract From TRK_REGISTRATION_MISTAKE: Delete Contract From TRK_REGISTRATION_MISTAKE

2020-11-23 22:33:53 - [MESSAGE][PASSED] - Delete Contract From TRK_REGISTRATION_MISTAKE

2020-11-23 22:33:53 - [MESSAGE][PASSED] - Feature file: 'Include/features/IST_Real/CONTRACT_DISPATCHER_DONA_B2B/BLIBLI/Update_Tbl_CDS_CDC_TRKRegMistake.feature' was passed]]></system-out>
         <system-err><![CDATA[]]></system-err>
      </testcase>
      <testcase name="Test Cases/IST_Real/CONTRACT_DISPATCHER_DONA_B2B/BLIBLI/TC BLIBLI - Pick Mistake Without Write Textarea Note Before" time="53.232" classname="Test Cases/IST_Real/CONTRACT_DISPATCHER_DONA_B2B/BLIBLI/TC BLIBLI - Pick Mistake Without Write Textarea Note Before" status="PASSED">
         <system-out><![CDATA[2020-11-23 22:33:53 - [TEST_CASE][PASSED] - Test Cases/IST_Real/CONTRACT_DISPATCHER_DONA_B2B/BLIBLI/TC BLIBLI - Pick Mistake Without Write Textarea Note Before: Test Cases/IST_Real/CONTRACT_DISPATCHER_DONA_B2B/BLIBLI/TC BLIBLI - Pick Mistake Without Write Textarea Note Before

2020-11-23 22:33:53 - [TEST_STEP][PASSED] - runFeatureFile("Include/features/IST_Real/CONTRACT_DISPATCHER_DONA_B2B/BLIBLI/Pick_Mistake_Without_Write_Textarea_Note_Before.feature"): Feature file: 'Include/features/IST_Real/CONTRACT_DISPATCHER_DONA_B2B/BLIBLI/Pick_Mistake_Without_Write_Textarea_Note_Before.feature' was passed

2020-11-23 22:33:53 - [MESSAGE][INFO] - Starting run keyword runFeatureFile: 'Include/features/IST_Real/CONTRACT_DISPATCHER_DONA_B2B/BLIBLI/Pick_Mistake_Without_Write_Textarea_Note_Before.feature' and extract report to folder: '/Users/chaidir.pratama01/Katalon Studio/IST_Automation_Git/Reports/20201123_222950/CONTRACT_DISPATCHER_DONA_B2B/TS_BLIBLI/20201123_222950/cucumber_report/1606145633363'...

2020-11-23 22:33:53 - [TEST_CASE][PASSED] - Start Test Case : SCENARIO Assign User to Contract Dona BLIBLI: SCENARIO Assign User to Contract Dona BLIBLI

2020-11-23 22:33:53 - [TEST_STEP][PASSED] - Go to IST: Go to IST

2020-11-23 22:33:53 - [MESSAGE][INFO] - Starting 'Chrome (headless)' driver

2020-11-23 22:33:53 - [MESSAGE][INFO] - User set preference: ['args', '[--start-maximized, --disable-gpu, --no-proxy-server, –-no-sandbox, --allow-running-insecure-content, --ignore-certificate-errors, window-size=1680,814, force-device-scale-factor=2, --lang=en-GB]']

2020-11-23 22:33:53 - [MESSAGE][INFO] - Action delay is set to 0 milliseconds

2020-11-23 22:33:53 - [MESSAGE][PASSED] - Browser is opened with url: ''

2020-11-23 22:33:54 - [MESSAGE][PASSED] - Navigate to 'https://dev-ist.homecredit.id/ist_tracker/' successfully

2020-11-23 22:33:55 - [MESSAGE][PASSED] - Taking screenshot successfully
[[ATTACHMENT|/Users/chaidir.pratama01/Documents/Docs/Katalon Studio/Screenshot/IST_Page.png]]

2020-11-23 22:33:55 - [MESSAGE][PASSED] - Go to IST

2020-11-23 22:33:55 - [TEST_STEP][PASSED] - Login IST with valid credentials: Login IST with valid credentials

2020-11-23 22:33:55 - [MESSAGE][PASSED] - Text 'mobile.test' is set on object 'Object Repository/Page_/input_Username_j_username'

2020-11-23 22:33:55 - [MESSAGE][PASSED] - Text ****** has been set on object 'Object Repository/Page_/input_Password_j_password'

2020-11-23 22:33:55 - [MESSAGE][PASSED] - Object: 'Object Repository/Page_/button_Login' is clicked on

2020-11-23 22:33:55 - [MESSAGE][PASSED] - Login IST with valid credentials

2020-11-23 22:33:55 - [TEST_STEP][PASSED] - Login Success for contract dispatcher: Login Success for contract dispatcher

2020-11-23 22:33:55 - [MESSAGE][INFO] - Login Success

2020-11-23 22:33:56 - [MESSAGE][PASSED] - Current window maximized

2020-11-23 22:33:56 - [MESSAGE][PASSED] - Object 'Object Repository/Page_/h1_Welcome to IT Supporting Tools' is present

2020-11-23 22:33:56 - [MESSAGE][PASSED] - Login Success for contract dispatcher

2020-11-23 22:33:56 - [TEST_STEP][PASSED] - Select Arrow Menu "Contract Dispatcher Admin": Select Arrow Menu "Contract Dispatcher Admin"

2020-11-23 22:33:56 - [MESSAGE][PASSED] - Object: '' is clicked on

2020-11-23 22:33:56 - [MESSAGE][PASSED] - Select Arrow Menu "Contract Dispatcher Admin"

2020-11-23 22:33:56 - [TEST_STEP][PASSED] - Select Menu "Management Assignment": Select Menu "Management Assignment"

2020-11-23 22:33:56 - [MESSAGE][PASSED] - Taking screenshot successfully
[[ATTACHMENT|/Users/chaidir.pratama01/Documents/Docs/Katalon Studio/Screenshot/test-Management Assignment.png]]

2020-11-23 22:33:56 - [MESSAGE][PASSED] - Object '' is present

2020-11-23 22:33:56 - [MESSAGE][PASSED] - Object: '' is clicked on

2020-11-23 22:33:56 - [MESSAGE][PASSED] - Wait for page load successfully

2020-11-23 22:33:56 - [MESSAGE][PASSED] - Select Menu "Management Assignment"

2020-11-23 22:33:56 - [TEST_STEP][PASSED] - Select Username "mobile.test" of Management Assignment: Select Username "mobile.test" of Management Assignment

2020-11-23 22:33:57 - [MESSAGE][PASSED] - All options with value 'mobile.test' are selected in object 'Object Repository/Page_/dropdown_list_username_assignment'  using regular expression

2020-11-23 22:33:57 - [MESSAGE][PASSED] - Select Username "mobile.test" of Management Assignment

2020-11-23 22:33:57 - [TEST_STEP][PASSED] - Check for username if already assigned to "Dona B2B": Check for username if already assigned to "Dona B2B"

2020-11-23 22:34:00 - [MESSAGE][PASSED] - Scroll to object '' successfully

2020-11-23 22:34:00 - [MESSAGE][PASSED] - Object '' is present

2020-11-23 22:34:00 - [MESSAGE][PASSED] - Object '' is checked

2020-11-23 22:34:00 - [MESSAGE][INFO] - Element is already Checked

2020-11-23 22:34:00 - [MESSAGE][PASSED] - Check for username if already assigned to "Dona B2B"

2020-11-23 22:34:00 - [TEST_STEP][PASSED] - Wait page for load: Wait page for load

2020-11-23 22:34:00 - [MESSAGE][PASSED] - Wait for page load successfully

2020-11-23 22:34:00 - [MESSAGE][PASSED] - Wait page for load

2020-11-23 22:34:00 - [TEST_STEP][PASSED] - Click button "Logout": Click button "Logout"

2020-11-23 22:34:00 - [MESSAGE][INFO] - >>>>>//Button[contains(text(),'Logout')]

2020-11-23 22:34:03 - [MESSAGE][PASSED] - Object: '' is clicked on

2020-11-23 22:34:04 - [MESSAGE][PASSED] - Taking screenshot successfully
[[ATTACHMENT|/Users/chaidir.pratama01/Documents/Docs/Katalon Studio/Screenshot/upload.png]]

2020-11-23 22:34:04 - [MESSAGE][PASSED] - Click button "Logout"

2020-11-23 22:34:04 - [TEST_STEP][PASSED] - Close browser: Close browser

2020-11-23 22:34:04 - [MESSAGE][PASSED] - Browser is closed

2020-11-23 22:34:04 - [MESSAGE][PASSED] - Close browser

2020-11-23 22:34:04 - [TEST_CASE][PASSED] - Start Test Case : SCENARIO Select Menu Contract Dispatcher and Select Contract based on type contract DONA BLIBLI: SCENARIO Select Menu Contract Dispatcher and Select Contract based on type contract DONA BLIBLI

2020-11-23 22:34:04 - [TEST_STEP][PASSED] - Go to IST: Go to IST

2020-11-23 22:34:04 - [MESSAGE][INFO] - Starting 'Chrome (headless)' driver

2020-11-23 22:34:04 - [MESSAGE][INFO] - User set preference: ['args', '[--start-maximized, --disable-gpu, --no-proxy-server, –-no-sandbox, --allow-running-insecure-content, --ignore-certificate-errors, window-size=1680,814, force-device-scale-factor=2, --lang=en-GB]']

2020-11-23 22:34:04 - [MESSAGE][INFO] - Action delay is set to 0 milliseconds

2020-11-23 22:34:04 - [MESSAGE][PASSED] - Browser is opened with url: ''

2020-11-23 22:34:05 - [MESSAGE][PASSED] - Navigate to 'https://dev-ist.homecredit.id/ist_tracker/' successfully

2020-11-23 22:34:06 - [MESSAGE][PASSED] - Taking screenshot successfully
[[ATTACHMENT|/Users/chaidir.pratama01/Documents/Docs/Katalon Studio/Screenshot/IST_Page.png]]

2020-11-23 22:34:06 - [MESSAGE][PASSED] - Go to IST

2020-11-23 22:34:06 - [TEST_STEP][PASSED] - Login IST with valid credentials: Login IST with valid credentials

2020-11-23 22:34:06 - [MESSAGE][PASSED] - Text 'mobile.test' is set on object 'Object Repository/Page_/input_Username_j_username'

2020-11-23 22:34:06 - [MESSAGE][PASSED] - Text ****** has been set on object 'Object Repository/Page_/input_Password_j_password'

2020-11-23 22:34:06 - [MESSAGE][PASSED] - Object: 'Object Repository/Page_/button_Login' is clicked on

2020-11-23 22:34:06 - [MESSAGE][PASSED] - Login IST with valid credentials

2020-11-23 22:34:06 - [TEST_STEP][PASSED] - Login Success for contract dispatcher: Login Success for contract dispatcher

2020-11-23 22:34:06 - [MESSAGE][INFO] - Login Success

2020-11-23 22:34:07 - [MESSAGE][PASSED] - Current window maximized

2020-11-23 22:34:07 - [MESSAGE][PASSED] - Object 'Object Repository/Page_/h1_Welcome to IT Supporting Tools' is present

2020-11-23 22:34:07 - [MESSAGE][PASSED] - Login Success for contract dispatcher

2020-11-23 22:34:07 - [TEST_STEP][PASSED] - Select Menu "Contract Dispatcher": Select Menu "Contract Dispatcher"

2020-11-23 22:34:07 - [MESSAGE][PASSED] - Taking screenshot successfully
[[ATTACHMENT|/Users/chaidir.pratama01/Documents/Docs/Katalon Studio/Screenshot/test-Contract Dispatcher.png]]

2020-11-23 22:34:07 - [MESSAGE][PASSED] - Object '' is present

2020-11-23 22:34:07 - [MESSAGE][PASSED] - Object: '' is clicked on

2020-11-23 22:34:07 - [MESSAGE][PASSED] - Wait for page load successfully

2020-11-23 22:34:07 - [MESSAGE][PASSED] - Select Menu "Contract Dispatcher"

2020-11-23 22:34:07 - [TEST_STEP][PASSED] - Select Contract Number based on Type Contract "DONA_BLIBLI": Select Contract Number based on Type Contract "DONA_BLIBLI"

2020-11-23 22:34:07 - [MESSAGE][PASSED] - Object '' is present

2020-11-23 22:34:07 - [MESSAGE][PASSED] - Object '' is present

2020-11-23 22:34:07 - [MESSAGE][PASSED] - Object: '' is clicked on

2020-11-23 22:34:07 - [MESSAGE][PASSED] - Select Contract Number based on Type Contract "DONA_BLIBLI"

2020-11-23 22:34:07 - [TEST_STEP][PASSED] - Click button "Claim": Click button "Claim"

2020-11-23 22:34:07 - [MESSAGE][INFO] - >>>>>//Button[contains(text(),'Claim')]

2020-11-23 22:34:10 - [MESSAGE][PASSED] - Object: '' is clicked on

2020-11-23 22:34:11 - [MESSAGE][PASSED] - Taking screenshot successfully
[[ATTACHMENT|/Users/chaidir.pratama01/Documents/Docs/Katalon Studio/Screenshot/upload.png]]

2020-11-23 22:34:11 - [MESSAGE][PASSED] - Click button "Claim"

2020-11-23 22:34:11 - [TEST_STEP][PASSED] - Verify Tab Mistake Matrix Base on Type Contract: Verify Tab Mistake Matrix Base on Type Contract

2020-11-23 22:34:11 - [MESSAGE][PASSED] - Object '' is present

2020-11-23 22:34:11 - [MESSAGE][PASSED] - Object '' is present

2020-11-23 22:34:11 - [MESSAGE][PASSED] - Object '' is present

2020-11-23 22:34:11 - [MESSAGE][PASSED] - Object '' is present

2020-11-23 22:34:11 - [MESSAGE][PASSED] - Object '' is present

2020-11-23 22:34:11 - [MESSAGE][PASSED] - Verify Tab Mistake Matrix Base on Type Contract

2020-11-23 22:34:11 - [TEST_STEP][PASSED] - Varify the mistake detail already match with the matrix Base on Type Contract: Varify the mistake detail already match with the matrix Base on Type Contract

2020-11-23 22:34:11 - [MESSAGE][PASSED] - Object '' is present

2020-11-23 22:34:11 - [MESSAGE][PASSED] - Object: '' is focused

2020-11-23 22:34:14 - [MESSAGE][PASSED] - Delayed 3 second(s)

2020-11-23 22:34:14 - [MESSAGE][PASSED] - Object: '' is clicked on

2020-11-23 22:34:14 - [MESSAGE][PASSED] - Object '' is present

2020-11-23 22:34:14 - [MESSAGE][PASSED] - Object: '' is focused

2020-11-23 22:34:14 - [MESSAGE][PASSED] - Object '' is not checked

2020-11-23 22:34:14 - [MESSAGE][PASSED] - Object '' is present

2020-11-23 22:34:14 - [MESSAGE][PASSED] - Object: '' is focused

2020-11-23 22:34:15 - [MESSAGE][PASSED] - Object '' is not checked

2020-11-23 22:34:15 - [MESSAGE][PASSED] - Object '' is present

2020-11-23 22:34:15 - [MESSAGE][PASSED] - Object: '' is focused

2020-11-23 22:34:15 - [MESSAGE][PASSED] - Object '' is not checked

2020-11-23 22:34:15 - [MESSAGE][PASSED] - Object '' is present

2020-11-23 22:34:15 - [MESSAGE][PASSED] - Object: '' is focused

2020-11-23 22:34:15 - [MESSAGE][PASSED] - Object '' is not checked

2020-11-23 22:34:15 - [MESSAGE][PASSED] - Object '' is present

2020-11-23 22:34:15 - [MESSAGE][PASSED] - Object: '' is focused

2020-11-23 22:34:15 - [MESSAGE][PASSED] - Object '' is not checked

2020-11-23 22:34:15 - [MESSAGE][PASSED] - Object '' is present

2020-11-23 22:34:15 - [MESSAGE][PASSED] - Object: '' is focused

2020-11-23 22:34:15 - [MESSAGE][PASSED] - Object '' is not checked

2020-11-23 22:34:15 - [MESSAGE][PASSED] - Object '' is present

2020-11-23 22:34:15 - [MESSAGE][PASSED] - Object: '' is focused

2020-11-23 22:34:15 - [MESSAGE][PASSED] - Object '' is not checked

2020-11-23 22:34:15 - [MESSAGE][PASSED] - Object '' is present

2020-11-23 22:34:15 - [MESSAGE][PASSED] - Object: '' is focused

2020-11-23 22:34:15 - [MESSAGE][PASSED] - Object '' is not checked

2020-11-23 22:34:15 - [MESSAGE][PASSED] - Object '' is present

2020-11-23 22:34:15 - [MESSAGE][PASSED] - Object: '' is focused

2020-11-23 22:34:15 - [MESSAGE][PASSED] - Object '' is not checked

2020-11-23 22:34:15 - [MESSAGE][PASSED] - Object '' is present

2020-11-23 22:34:15 - [MESSAGE][PASSED] - Object: '' is focused

2020-11-23 22:34:15 - [MESSAGE][PASSED] - Object '' is not checked

2020-11-23 22:34:15 - [MESSAGE][PASSED] - Object '' is present

2020-11-23 22:34:15 - [MESSAGE][PASSED] - Object: '' is focused

2020-11-23 22:34:15 - [MESSAGE][PASSED] - Object '' is not checked

2020-11-23 22:34:15 - [MESSAGE][PASSED] - Object '' is present

2020-11-23 22:34:15 - [MESSAGE][PASSED] - Object: '' is focused

2020-11-23 22:34:15 - [MESSAGE][PASSED] - Object '' is not checked

2020-11-23 22:34:15 - [MESSAGE][PASSED] - Object '' is present

2020-11-23 22:34:15 - [MESSAGE][PASSED] - Object: '' is focused

2020-11-23 22:34:16 - [MESSAGE][PASSED] - Object '' is not checked

2020-11-23 22:34:16 - [MESSAGE][PASSED] - Object '' is present

2020-11-23 22:34:16 - [MESSAGE][PASSED] - Object: '' is focused

2020-11-23 22:34:16 - [MESSAGE][PASSED] - Object '' is not checked

2020-11-23 22:34:16 - [MESSAGE][PASSED] - Object '' is present

2020-11-23 22:34:16 - [MESSAGE][PASSED] - Object: '' is focused

2020-11-23 22:34:16 - [MESSAGE][PASSED] - Object '' is not checked

2020-11-23 22:34:16 - [MESSAGE][PASSED] - Object '' is present

2020-11-23 22:34:16 - [MESSAGE][PASSED] - Object: '' is focused

2020-11-23 22:34:16 - [MESSAGE][PASSED] - Object '' is not checked

2020-11-23 22:34:16 - [MESSAGE][PASSED] - Object '' is present

2020-11-23 22:34:16 - [MESSAGE][PASSED] - Object: '' is focused

2020-11-23 22:34:16 - [MESSAGE][PASSED] - Object '' is not checked

2020-11-23 22:34:16 - [MESSAGE][PASSED] - Object '' is present

2020-11-23 22:34:16 - [MESSAGE][PASSED] - Object: '' is focused

2020-11-23 22:34:16 - [MESSAGE][PASSED] - Object '' is not checked

2020-11-23 22:34:16 - [MESSAGE][PASSED] - Object '' is present

2020-11-23 22:34:16 - [MESSAGE][PASSED] - Object: '' is focused

2020-11-23 22:34:16 - [MESSAGE][PASSED] - Object '' is not checked

2020-11-23 22:34:16 - [MESSAGE][PASSED] - Object '' is present

2020-11-23 22:34:16 - [MESSAGE][PASSED] - Object: '' is focused

2020-11-23 22:34:16 - [MESSAGE][PASSED] - Object '' is not checked

2020-11-23 22:34:16 - [MESSAGE][PASSED] - Object '' is present

2020-11-23 22:34:16 - [MESSAGE][PASSED] - Object: '' is focused

2020-11-23 22:34:19 - [MESSAGE][PASSED] - Delayed 3 second(s)

2020-11-23 22:34:19 - [MESSAGE][PASSED] - Object: '' is clicked on

2020-11-23 22:34:19 - [MESSAGE][PASSED] - Object '' is present

2020-11-23 22:34:19 - [MESSAGE][PASSED] - Object: '' is focused

2020-11-23 22:34:19 - [MESSAGE][PASSED] - Object '' is not checked

2020-11-23 22:34:19 - [MESSAGE][PASSED] - Object '' is present

2020-11-23 22:34:20 - [MESSAGE][PASSED] - Object: '' is focused

2020-11-23 22:34:20 - [MESSAGE][PASSED] - Object '' is not checked

2020-11-23 22:34:20 - [MESSAGE][PASSED] - Object '' is present

2020-11-23 22:34:20 - [MESSAGE][PASSED] - Object: '' is focused

2020-11-23 22:34:20 - [MESSAGE][PASSED] - Object '' is not checked

2020-11-23 22:34:20 - [MESSAGE][PASSED] - Object '' is present

2020-11-23 22:34:20 - [MESSAGE][PASSED] - Object: '' is focused

2020-11-23 22:34:20 - [MESSAGE][PASSED] - Object '' is not checked

2020-11-23 22:34:20 - [MESSAGE][PASSED] - Object '' is present

2020-11-23 22:34:20 - [MESSAGE][PASSED] - Object: '' is focused

2020-11-23 22:34:20 - [MESSAGE][PASSED] - Object '' is not checked

2020-11-23 22:34:20 - [MESSAGE][PASSED] - Object '' is present

2020-11-23 22:34:20 - [MESSAGE][PASSED] - Object: '' is focused

2020-11-23 22:34:20 - [MESSAGE][PASSED] - Object '' is not checked

2020-11-23 22:34:20 - [MESSAGE][PASSED] - Object '' is present

2020-11-23 22:34:20 - [MESSAGE][PASSED] - Object: '' is focused

2020-11-23 22:34:23 - [MESSAGE][PASSED] - Delayed 3 second(s)

2020-11-23 22:34:23 - [MESSAGE][PASSED] - Object: '' is clicked on

2020-11-23 22:34:23 - [MESSAGE][PASSED] - Object '' is present

2020-11-23 22:34:23 - [MESSAGE][PASSED] - Object: '' is focused

2020-11-23 22:34:23 - [MESSAGE][PASSED] - Object '' is not checked

2020-11-23 22:34:23 - [MESSAGE][PASSED] - Object '' is present

2020-11-23 22:34:23 - [MESSAGE][PASSED] - Object: '' is focused

2020-11-23 22:34:23 - [MESSAGE][PASSED] - Object '' is not checked

2020-11-23 22:34:23 - [MESSAGE][PASSED] - Object '' is present

2020-11-23 22:34:23 - [MESSAGE][PASSED] - Object: '' is focused

2020-11-23 22:34:23 - [MESSAGE][PASSED] - Object '' is not checked

2020-11-23 22:34:23 - [MESSAGE][PASSED] - Object '' is present

2020-11-23 22:34:24 - [MESSAGE][PASSED] - Object: '' is focused

2020-11-23 22:34:27 - [MESSAGE][PASSED] - Delayed 3 second(s)

2020-11-23 22:34:27 - [MESSAGE][PASSED] - Object: '' is clicked on

2020-11-23 22:34:27 - [MESSAGE][PASSED] - Object '' is present

2020-11-23 22:34:27 - [MESSAGE][PASSED] - Object: '' is focused

2020-11-23 22:34:27 - [MESSAGE][PASSED] - Object '' is not checked

2020-11-23 22:34:27 - [MESSAGE][PASSED] - Object '' is present

2020-11-23 22:34:27 - [MESSAGE][PASSED] - Object: '' is focused

2020-11-23 22:34:27 - [MESSAGE][PASSED] - Object '' is not checked

2020-11-23 22:34:27 - [MESSAGE][PASSED] - Object '' is present

2020-11-23 22:34:27 - [MESSAGE][PASSED] - Object: '' is focused

2020-11-23 22:34:27 - [MESSAGE][PASSED] - Object '' is not checked

2020-11-23 22:34:27 - [MESSAGE][PASSED] - Object '' is present

2020-11-23 22:34:27 - [MESSAGE][PASSED] - Object: '' is focused

2020-11-23 22:34:27 - [MESSAGE][PASSED] - Object '' is not checked

2020-11-23 22:34:27 - [MESSAGE][PASSED] - Object '' is present

2020-11-23 22:34:27 - [MESSAGE][PASSED] - Object: '' is focused

2020-11-23 22:34:27 - [MESSAGE][PASSED] - Object '' is not checked

2020-11-23 22:34:27 - [MESSAGE][PASSED] - Object '' is present

2020-11-23 22:34:27 - [MESSAGE][PASSED] - Object: '' is focused

2020-11-23 22:34:27 - [MESSAGE][PASSED] - Object '' is not checked

2020-11-23 22:34:27 - [MESSAGE][PASSED] - Object '' is present

2020-11-23 22:34:27 - [MESSAGE][PASSED] - Object: '' is focused

2020-11-23 22:34:27 - [MESSAGE][PASSED] - Object '' is not checked

2020-11-23 22:34:27 - [MESSAGE][PASSED] - Object '' is present

2020-11-23 22:34:27 - [MESSAGE][PASSED] - Object: '' is focused

2020-11-23 22:34:27 - [MESSAGE][PASSED] - Object '' is not checked

2020-11-23 22:34:27 - [MESSAGE][PASSED] - Object '' is present

2020-11-23 22:34:27 - [MESSAGE][PASSED] - Object: '' is focused

2020-11-23 22:34:30 - [MESSAGE][PASSED] - Delayed 3 second(s)

2020-11-23 22:34:31 - [MESSAGE][PASSED] - Object: '' is clicked on

2020-11-23 22:34:31 - [MESSAGE][PASSED] - Object '' is present

2020-11-23 22:34:31 - [MESSAGE][PASSED] - Object: '' is focused

2020-11-23 22:34:31 - [MESSAGE][PASSED] - Object '' is not checked

2020-11-23 22:34:31 - [MESSAGE][PASSED] - Object '' is present

2020-11-23 22:34:31 - [MESSAGE][PASSED] - Object: '' is focused

2020-11-23 22:34:31 - [MESSAGE][PASSED] - Object '' is not checked

2020-11-23 22:34:31 - [MESSAGE][PASSED] - Object '' is present

2020-11-23 22:34:31 - [MESSAGE][PASSED] - Object: '' is focused

2020-11-23 22:34:31 - [MESSAGE][PASSED] - Object '' is not checked

2020-11-23 22:34:31 - [MESSAGE][PASSED] - Varify the mistake detail already match with the matrix Base on Type Contract

2020-11-23 22:34:31 - [TEST_STEP][PASSED] - Click on Tab "KTP": Click on Tab "KTP"

2020-11-23 22:34:31 - [MESSAGE][PASSED] - Object '' is present

2020-11-23 22:34:31 - [MESSAGE][PASSED] - Object: '' is focused

2020-11-23 22:34:34 - [MESSAGE][PASSED] - Delayed 3 second(s)

2020-11-23 22:34:34 - [MESSAGE][PASSED] - Object: '' is clicked on

2020-11-23 22:34:34 - [MESSAGE][PASSED] - Click on Tab "KTP"

2020-11-23 22:34:34 - [TEST_STEP][PASSED] - Checkbox General Mistake "20. KTP atau Resi - Alamat tetap pemohon pada sistem (HoS) berbeda dengan KTP": Checkbox General Mistake "20. KTP atau Resi - Alamat tetap pemohon pada sistem (HoS) berbeda dengan KTP"

2020-11-23 22:34:34 - [MESSAGE][PASSED] - Object: '' is clicked on

2020-11-23 22:34:34 - [MESSAGE][PASSED] - Wait for page load successfully

2020-11-23 22:34:34 - [MESSAGE][PASSED] - Checkbox General Mistake "20. KTP atau Resi - Alamat tetap pemohon pada sistem (HoS) berbeda dengan KTP"

2020-11-23 22:34:34 - [TEST_STEP][PASSED] - Choose Dropdown mistake type "Beda RT" from mistake name "20. KTP atau Resi - Alamat tetap pemohon pada sistem (HoS) berbeda dengan KTP": Choose Dropdown mistake type "Beda RT" from mistake name "20. KTP atau Resi - Alamat tetap pemohon pada sistem (HoS) berbeda dengan KTP"

2020-11-23 22:34:34 - [MESSAGE][PASSED] - All options with index in [1] are selected on object ''

2020-11-23 22:34:34 - [MESSAGE][PASSED] - Wait for page load successfully

2020-11-23 22:34:34 - [MESSAGE][PASSED] - Choose Dropdown mistake type "Beda RT" from mistake name "20. KTP atau Resi - Alamat tetap pemohon pada sistem (HoS) berbeda dengan KTP"

2020-11-23 22:34:34 - [TEST_STEP][PASSED] - Type on textarea note after based on mistake name "20. KTP atau Resi - Alamat tetap pemohon pada sistem (HoS) berbeda dengan KTP" with value "Testing": Type on textarea note after based on mistake name "20. KTP atau Resi - Alamat tetap pemohon pada sistem (HoS) berbeda dengan KTP" with value "Testing"

2020-11-23 22:34:34 - [MESSAGE][PASSED] - Text 'Testing' is set on object ''

2020-11-23 22:34:34 - [MESSAGE][PASSED] - Wait for page load successfully

2020-11-23 22:34:34 - [MESSAGE][PASSED] - Type on textarea note after based on mistake name "20. KTP atau Resi - Alamat tetap pemohon pada sistem (HoS) berbeda dengan KTP" with value "Testing"

2020-11-23 22:34:34 - [TEST_STEP][PASSED] - Click button "Save": Click button "Save"

2020-11-23 22:34:34 - [MESSAGE][INFO] - >>>>>//Button[contains(text(),'Save')]

2020-11-23 22:34:37 - [MESSAGE][PASSED] - Object: '' is clicked on

2020-11-23 22:34:38 - [MESSAGE][PASSED] - Taking screenshot successfully
[[ATTACHMENT|/Users/chaidir.pratama01/Documents/Docs/Katalon Studio/Screenshot/upload.png]]

2020-11-23 22:34:38 - [MESSAGE][PASSED] - Click button "Save"

2020-11-23 22:34:38 - [TEST_STEP][PASSED] - Get text from pop up "IT Supporting Tools" with text "Note-before cannot be empty": Get text from pop up "IT Supporting Tools" with text "Note-before cannot be empty"

2020-11-23 22:34:39 - [MESSAGE][PASSED] - Taking screenshot successfully
[[ATTACHMENT|/Users/chaidir.pratama01/Documents/Docs/Katalon Studio/Screenshot/errorpopup.png]]

2020-11-23 22:34:39 - [MESSAGE][PASSED] - Object '' is present

2020-11-23 22:34:39 - [MESSAGE][PASSED] - Wait for page load successfully

2020-11-23 22:34:39 - [MESSAGE][PASSED] - Wait for page load successfully

2020-11-23 22:34:39 - [MESSAGE][PASSED] - Get text from pop up "IT Supporting Tools" with text "Note-before cannot be empty"

2020-11-23 22:34:39 - [TEST_STEP][PASSED] - Click button "OK": Click button "OK"

2020-11-23 22:34:39 - [MESSAGE][INFO] - >>>>>//Button[contains(text(),'OK')]

2020-11-23 22:34:42 - [MESSAGE][PASSED] - Object: '' is clicked on

2020-11-23 22:34:42 - [MESSAGE][PASSED] - Taking screenshot successfully
[[ATTACHMENT|/Users/chaidir.pratama01/Documents/Docs/Katalon Studio/Screenshot/upload.png]]

2020-11-23 22:34:42 - [MESSAGE][PASSED] - Click button "OK"

2020-11-23 22:34:42 - [TEST_STEP][PASSED] - Click button "Logout": Click button "Logout"

2020-11-23 22:34:42 - [MESSAGE][INFO] - >>>>>//Button[contains(text(),'Logout')]

2020-11-23 22:34:45 - [MESSAGE][PASSED] - Object: '' is clicked on

2020-11-23 22:34:46 - [MESSAGE][PASSED] - Taking screenshot successfully
[[ATTACHMENT|/Users/chaidir.pratama01/Documents/Docs/Katalon Studio/Screenshot/upload.png]]

2020-11-23 22:34:46 - [MESSAGE][PASSED] - Click button "Logout"

2020-11-23 22:34:46 - [TEST_STEP][PASSED] - Comment "Register Mistake failed because Note-before empty": Comment "Register Mistake failed because Note-before empty"

2020-11-23 22:34:46 - [MESSAGE][INFO] - Register Mistake failed because Note-before empty

2020-11-23 22:34:46 - [MESSAGE][PASSED] - Comment "Register Mistake failed because Note-before empty"

2020-11-23 22:34:46 - [TEST_STEP][PASSED] - Close browser: Close browser

2020-11-23 22:34:46 - [MESSAGE][PASSED] - Browser is closed

2020-11-23 22:34:46 - [MESSAGE][PASSED] - Close browser

2020-11-23 22:34:46 - [MESSAGE][PASSED] - Feature file: 'Include/features/IST_Real/CONTRACT_DISPATCHER_DONA_B2B/BLIBLI/Pick_Mistake_Without_Write_Textarea_Note_Before.feature' was passed]]></system-out>
         <system-err><![CDATA[]]></system-err>
      </testcase>
      <testcase name="Test Cases/IST_Real/CONTRACT_DISPATCHER_DONA_B2B/BLIBLI/TC BLIBLI - Update Tbl CDS CDC TRKRegMistake" time="1.386" classname="Test Cases/IST_Real/CONTRACT_DISPATCHER_DONA_B2B/BLIBLI/TC BLIBLI - Update Tbl CDS CDC TRKRegMistake" status="PASSED">
         <system-out><![CDATA[2020-11-23 22:34:46 - [TEST_CASE][PASSED] - Test Cases/IST_Real/CONTRACT_DISPATCHER_DONA_B2B/BLIBLI/TC BLIBLI - Update Tbl CDS CDC TRKRegMistake: Test Cases/IST_Real/CONTRACT_DISPATCHER_DONA_B2B/BLIBLI/TC BLIBLI - Update Tbl CDS CDC TRKRegMistake

2020-11-23 22:34:46 - [TEST_STEP][PASSED] - runFeatureFile("Include/features/IST_Real/CONTRACT_DISPATCHER_DONA_B2B/BLIBLI/Update_Tbl_CDS_CDC_TRKRegMistake.feature"): Feature file: 'Include/features/IST_Real/CONTRACT_DISPATCHER_DONA_B2B/BLIBLI/Update_Tbl_CDS_CDC_TRKRegMistake.feature' was passed

2020-11-23 22:34:46 - [MESSAGE][INFO] - Starting run keyword runFeatureFile: 'Include/features/IST_Real/CONTRACT_DISPATCHER_DONA_B2B/BLIBLI/Update_Tbl_CDS_CDC_TRKRegMistake.feature' and extract report to folder: '/Users/chaidir.pratama01/Katalon Studio/IST_Automation_Git/Reports/20201123_222950/CONTRACT_DISPATCHER_DONA_B2B/TS_BLIBLI/20201123_222950/cucumber_report/1606145686526'...

2020-11-23 22:34:46 - [TEST_CASE][PASSED] - Start Test Case : SCENARIO Update Table CONTRACT_DISPATCHER_SOURCE and CONTRACT_DISPTACHER_CLAIM: SCENARIO Update Table CONTRACT_DISPATCHER_SOURCE and CONTRACT_DISPTACHER_CLAIM

2020-11-23 22:34:46 - [TEST_STEP][PASSED] - Connect to Database: Connect to Database

2020-11-23 22:34:47 - [MESSAGE][PASSED] - Connect to Database

2020-11-23 22:34:47 - [TEST_STEP][PASSED] - Update Tbl CONTRACT DISPATCHER SOURCE To Change PROCESSED From Y to N For BLIBLI: Update Tbl CONTRACT DISPATCHER SOURCE To Change PROCESSED From Y to N For BLIBLI

2020-11-23 22:34:47 - [MESSAGE][PASSED] - Update Tbl CONTRACT DISPATCHER SOURCE To Change PROCESSED From Y to N For BLIBLI

2020-11-23 22:34:47 - [TEST_STEP][PASSED] - Update Tbl CONTRACT DISPATCHER CLAIM To Delete PROCESS From Column STATUS: Update Tbl CONTRACT DISPATCHER CLAIM To Delete PROCESS From Column STATUS

2020-11-23 22:34:47 - [MESSAGE][PASSED] - Update Tbl CONTRACT DISPATCHER CLAIM To Delete PROCESS From Column STATUS

2020-11-23 22:34:47 - [TEST_STEP][PASSED] - Delete Contract From TRK_REGISTRATION_MISTAKE: Delete Contract From TRK_REGISTRATION_MISTAKE

2020-11-23 22:34:47 - [MESSAGE][PASSED] - Delete Contract From TRK_REGISTRATION_MISTAKE

2020-11-23 22:34:47 - [MESSAGE][PASSED] - Feature file: 'Include/features/IST_Real/CONTRACT_DISPATCHER_DONA_B2B/BLIBLI/Update_Tbl_CDS_CDC_TRKRegMistake.feature' was passed]]></system-out>
         <system-err><![CDATA[]]></system-err>
      </testcase>
      <testcase name="Test Cases/IST_Real/CONTRACT_DISPATCHER_DONA_B2B/BLIBLI/TC BLIBLI - Pick Mistake Without Write Textarea Note After" time="53.679" classname="Test Cases/IST_Real/CONTRACT_DISPATCHER_DONA_B2B/BLIBLI/TC BLIBLI - Pick Mistake Without Write Textarea Note After" status="PASSED">
         <system-out><![CDATA[2020-11-23 22:34:47 - [TEST_CASE][PASSED] - Test Cases/IST_Real/CONTRACT_DISPATCHER_DONA_B2B/BLIBLI/TC BLIBLI - Pick Mistake Without Write Textarea Note After: Test Cases/IST_Real/CONTRACT_DISPATCHER_DONA_B2B/BLIBLI/TC BLIBLI - Pick Mistake Without Write Textarea Note After

2020-11-23 22:34:47 - [TEST_STEP][PASSED] - runFeatureFile("Include/features/IST_Real/CONTRACT_DISPATCHER_DONA_B2B/BLIBLI/Pick_Mistake_Without_Write_Textarea_Note_After.feature"): Feature file: 'Include/features/IST_Real/CONTRACT_DISPATCHER_DONA_B2B/BLIBLI/Pick_Mistake_Without_Write_Textarea_Note_After.feature' was passed

2020-11-23 22:34:47 - [MESSAGE][INFO] - Starting run keyword runFeatureFile: 'Include/features/IST_Real/CONTRACT_DISPATCHER_DONA_B2B/BLIBLI/Pick_Mistake_Without_Write_Textarea_Note_After.feature' and extract report to folder: '/Users/chaidir.pratama01/Katalon Studio/IST_Automation_Git/Reports/20201123_222950/CONTRACT_DISPATCHER_DONA_B2B/TS_BLIBLI/20201123_222950/cucumber_report/1606145687990'...

2020-11-23 22:34:48 - [TEST_CASE][PASSED] - Start Test Case : SCENARIO Assign User to Contract DONA BLIBLI: SCENARIO Assign User to Contract DONA BLIBLI

2020-11-23 22:34:48 - [TEST_STEP][PASSED] - Go to IST: Go to IST

2020-11-23 22:34:48 - [MESSAGE][INFO] - Starting 'Chrome (headless)' driver

2020-11-23 22:34:48 - [MESSAGE][INFO] - User set preference: ['args', '[--start-maximized, --disable-gpu, --no-proxy-server, –-no-sandbox, --allow-running-insecure-content, --ignore-certificate-errors, window-size=1680,814, force-device-scale-factor=2, --lang=en-GB]']

2020-11-23 22:34:48 - [MESSAGE][INFO] - Action delay is set to 0 milliseconds

2020-11-23 22:34:48 - [MESSAGE][PASSED] - Browser is opened with url: ''

2020-11-23 22:34:49 - [MESSAGE][PASSED] - Navigate to 'https://dev-ist.homecredit.id/ist_tracker/' successfully

2020-11-23 22:34:50 - [MESSAGE][PASSED] - Taking screenshot successfully
[[ATTACHMENT|/Users/chaidir.pratama01/Documents/Docs/Katalon Studio/Screenshot/IST_Page.png]]

2020-11-23 22:34:50 - [MESSAGE][PASSED] - Go to IST

2020-11-23 22:34:50 - [TEST_STEP][PASSED] - Login IST with valid credentials: Login IST with valid credentials

2020-11-23 22:34:50 - [MESSAGE][PASSED] - Text 'mobile.test' is set on object 'Object Repository/Page_/input_Username_j_username'

2020-11-23 22:34:50 - [MESSAGE][PASSED] - Text ****** has been set on object 'Object Repository/Page_/input_Password_j_password'

2020-11-23 22:34:50 - [MESSAGE][PASSED] - Object: 'Object Repository/Page_/button_Login' is clicked on

2020-11-23 22:34:50 - [MESSAGE][PASSED] - Login IST with valid credentials

2020-11-23 22:34:50 - [TEST_STEP][PASSED] - Login Success for contract dispatcher: Login Success for contract dispatcher

2020-11-23 22:34:50 - [MESSAGE][INFO] - Login Success

2020-11-23 22:34:50 - [MESSAGE][PASSED] - Current window maximized

2020-11-23 22:34:50 - [MESSAGE][PASSED] - Object 'Object Repository/Page_/h1_Welcome to IT Supporting Tools' is present

2020-11-23 22:34:50 - [MESSAGE][PASSED] - Login Success for contract dispatcher

2020-11-23 22:34:50 - [TEST_STEP][PASSED] - Select Arrow Menu "Contract Dispatcher Admin": Select Arrow Menu "Contract Dispatcher Admin"

2020-11-23 22:34:50 - [MESSAGE][PASSED] - Object: '' is clicked on

2020-11-23 22:34:50 - [MESSAGE][PASSED] - Select Arrow Menu "Contract Dispatcher Admin"

2020-11-23 22:34:50 - [TEST_STEP][PASSED] - Select Menu "Management Assignment": Select Menu "Management Assignment"

2020-11-23 22:34:51 - [MESSAGE][PASSED] - Taking screenshot successfully
[[ATTACHMENT|/Users/chaidir.pratama01/Documents/Docs/Katalon Studio/Screenshot/test-Management Assignment.png]]

2020-11-23 22:34:51 - [MESSAGE][PASSED] - Object '' is present

2020-11-23 22:34:51 - [MESSAGE][PASSED] - Object: '' is clicked on

2020-11-23 22:34:51 - [MESSAGE][PASSED] - Wait for page load successfully

2020-11-23 22:34:51 - [MESSAGE][PASSED] - Select Menu "Management Assignment"

2020-11-23 22:34:51 - [TEST_STEP][PASSED] - Select Username "mobile.test" of Management Assignment: Select Username "mobile.test" of Management Assignment

2020-11-23 22:34:52 - [MESSAGE][PASSED] - All options with value 'mobile.test' are selected in object 'Object Repository/Page_/dropdown_list_username_assignment'  using regular expression

2020-11-23 22:34:52 - [MESSAGE][PASSED] - Select Username "mobile.test" of Management Assignment

2020-11-23 22:34:52 - [TEST_STEP][PASSED] - Check for username if already assigned to "Dona B2B": Check for username if already assigned to "Dona B2B"

2020-11-23 22:34:55 - [MESSAGE][PASSED] - Scroll to object '' successfully

2020-11-23 22:34:55 - [MESSAGE][PASSED] - Object '' is present

2020-11-23 22:34:55 - [MESSAGE][PASSED] - Object '' is checked

2020-11-23 22:34:55 - [MESSAGE][INFO] - Element is already Checked

2020-11-23 22:34:55 - [MESSAGE][PASSED] - Check for username if already assigned to "Dona B2B"

2020-11-23 22:34:55 - [TEST_STEP][PASSED] - Wait page for load: Wait page for load

2020-11-23 22:34:55 - [MESSAGE][PASSED] - Wait for page load successfully

2020-11-23 22:34:55 - [MESSAGE][PASSED] - Wait page for load

2020-11-23 22:34:55 - [TEST_STEP][PASSED] - Click button "Logout": Click button "Logout"

2020-11-23 22:34:55 - [MESSAGE][INFO] - >>>>>//Button[contains(text(),'Logout')]

2020-11-23 22:34:58 - [MESSAGE][PASSED] - Object: '' is clicked on

2020-11-23 22:34:59 - [MESSAGE][PASSED] - Taking screenshot successfully
[[ATTACHMENT|/Users/chaidir.pratama01/Documents/Docs/Katalon Studio/Screenshot/upload.png]]

2020-11-23 22:34:59 - [MESSAGE][PASSED] - Click button "Logout"

2020-11-23 22:34:59 - [TEST_STEP][PASSED] - Close browser: Close browser

2020-11-23 22:34:59 - [MESSAGE][PASSED] - Browser is closed

2020-11-23 22:34:59 - [MESSAGE][PASSED] - Close browser

2020-11-23 22:34:59 - [TEST_CASE][PASSED] - Start Test Case : SCENARIO Select Menu Contract Dispatcher and Select Contract based on type contract DONA BLIBLI: SCENARIO Select Menu Contract Dispatcher and Select Contract based on type contract DONA BLIBLI

2020-11-23 22:34:59 - [TEST_STEP][PASSED] - Go to IST: Go to IST

2020-11-23 22:34:59 - [MESSAGE][INFO] - Starting 'Chrome (headless)' driver

2020-11-23 22:34:59 - [MESSAGE][INFO] - User set preference: ['args', '[--start-maximized, --disable-gpu, --no-proxy-server, –-no-sandbox, --allow-running-insecure-content, --ignore-certificate-errors, window-size=1680,814, force-device-scale-factor=2, --lang=en-GB]']

2020-11-23 22:34:59 - [MESSAGE][INFO] - Action delay is set to 0 milliseconds

2020-11-23 22:34:59 - [MESSAGE][PASSED] - Browser is opened with url: ''

2020-11-23 22:35:00 - [MESSAGE][PASSED] - Navigate to 'https://dev-ist.homecredit.id/ist_tracker/' successfully

2020-11-23 22:35:01 - [MESSAGE][PASSED] - Taking screenshot successfully
[[ATTACHMENT|/Users/chaidir.pratama01/Documents/Docs/Katalon Studio/Screenshot/IST_Page.png]]

2020-11-23 22:35:01 - [MESSAGE][PASSED] - Go to IST

2020-11-23 22:35:01 - [TEST_STEP][PASSED] - Login IST with valid credentials: Login IST with valid credentials

2020-11-23 22:35:01 - [MESSAGE][PASSED] - Text 'mobile.test' is set on object 'Object Repository/Page_/input_Username_j_username'

2020-11-23 22:35:01 - [MESSAGE][PASSED] - Text ****** has been set on object 'Object Repository/Page_/input_Password_j_password'

2020-11-23 22:35:01 - [MESSAGE][PASSED] - Object: 'Object Repository/Page_/button_Login' is clicked on

2020-11-23 22:35:01 - [MESSAGE][PASSED] - Login IST with valid credentials

2020-11-23 22:35:01 - [TEST_STEP][PASSED] - Login Success for contract dispatcher: Login Success for contract dispatcher

2020-11-23 22:35:01 - [MESSAGE][INFO] - Login Success

2020-11-23 22:35:01 - [MESSAGE][PASSED] - Current window maximized

2020-11-23 22:35:01 - [MESSAGE][PASSED] - Object 'Object Repository/Page_/h1_Welcome to IT Supporting Tools' is present

2020-11-23 22:35:01 - [MESSAGE][PASSED] - Login Success for contract dispatcher

2020-11-23 22:35:01 - [TEST_STEP][PASSED] - Select Menu "Contract Dispatcher": Select Menu "Contract Dispatcher"

2020-11-23 22:35:02 - [MESSAGE][PASSED] - Taking screenshot successfully
[[ATTACHMENT|/Users/chaidir.pratama01/Documents/Docs/Katalon Studio/Screenshot/test-Contract Dispatcher.png]]

2020-11-23 22:35:02 - [MESSAGE][PASSED] - Object '' is present

2020-11-23 22:35:02 - [MESSAGE][PASSED] - Object: '' is clicked on

2020-11-23 22:35:02 - [MESSAGE][PASSED] - Wait for page load successfully

2020-11-23 22:35:02 - [MESSAGE][PASSED] - Select Menu "Contract Dispatcher"

2020-11-23 22:35:02 - [TEST_STEP][PASSED] - Select Contract Number based on Type Contract "DONA_BLIBLI": Select Contract Number based on Type Contract "DONA_BLIBLI"

2020-11-23 22:35:02 - [MESSAGE][PASSED] - Object '' is present

2020-11-23 22:35:02 - [MESSAGE][PASSED] - Object '' is present

2020-11-23 22:35:02 - [MESSAGE][PASSED] - Object: '' is clicked on

2020-11-23 22:35:02 - [MESSAGE][PASSED] - Select Contract Number based on Type Contract "DONA_BLIBLI"

2020-11-23 22:35:02 - [TEST_STEP][PASSED] - Click button "Claim": Click button "Claim"

2020-11-23 22:35:02 - [MESSAGE][INFO] - >>>>>//Button[contains(text(),'Claim')]

2020-11-23 22:35:05 - [MESSAGE][PASSED] - Object: '' is clicked on

2020-11-23 22:35:06 - [MESSAGE][PASSED] - Taking screenshot successfully
[[ATTACHMENT|/Users/chaidir.pratama01/Documents/Docs/Katalon Studio/Screenshot/upload.png]]

2020-11-23 22:35:06 - [MESSAGE][PASSED] - Click button "Claim"

2020-11-23 22:35:06 - [TEST_STEP][PASSED] - Verify Tab Mistake Matrix Base on Type Contract: Verify Tab Mistake Matrix Base on Type Contract

2020-11-23 22:35:06 - [MESSAGE][PASSED] - Object '' is present

2020-11-23 22:35:06 - [MESSAGE][PASSED] - Object '' is present

2020-11-23 22:35:06 - [MESSAGE][PASSED] - Object '' is present

2020-11-23 22:35:06 - [MESSAGE][PASSED] - Object '' is present

2020-11-23 22:35:06 - [MESSAGE][PASSED] - Object '' is present

2020-11-23 22:35:06 - [MESSAGE][PASSED] - Verify Tab Mistake Matrix Base on Type Contract

2020-11-23 22:35:06 - [TEST_STEP][PASSED] - Varify the mistake detail already match with the matrix Base on Type Contract: Varify the mistake detail already match with the matrix Base on Type Contract

2020-11-23 22:35:06 - [MESSAGE][PASSED] - Object '' is present

2020-11-23 22:35:06 - [MESSAGE][PASSED] - Object: '' is focused

2020-11-23 22:35:09 - [MESSAGE][PASSED] - Delayed 3 second(s)

2020-11-23 22:35:09 - [MESSAGE][PASSED] - Object: '' is clicked on

2020-11-23 22:35:09 - [MESSAGE][PASSED] - Object '' is present

2020-11-23 22:35:09 - [MESSAGE][PASSED] - Object: '' is focused

2020-11-23 22:35:09 - [MESSAGE][PASSED] - Object '' is not checked

2020-11-23 22:35:09 - [MESSAGE][PASSED] - Object '' is present

2020-11-23 22:35:10 - [MESSAGE][PASSED] - Object: '' is focused

2020-11-23 22:35:10 - [MESSAGE][PASSED] - Object '' is not checked

2020-11-23 22:35:10 - [MESSAGE][PASSED] - Object '' is present

2020-11-23 22:35:10 - [MESSAGE][PASSED] - Object: '' is focused

2020-11-23 22:35:10 - [MESSAGE][PASSED] - Object '' is not checked

2020-11-23 22:35:10 - [MESSAGE][PASSED] - Object '' is present

2020-11-23 22:35:10 - [MESSAGE][PASSED] - Object: '' is focused

2020-11-23 22:35:10 - [MESSAGE][PASSED] - Object '' is not checked

2020-11-23 22:35:10 - [MESSAGE][PASSED] - Object '' is present

2020-11-23 22:35:10 - [MESSAGE][PASSED] - Object: '' is focused

2020-11-23 22:35:10 - [MESSAGE][PASSED] - Object '' is not checked

2020-11-23 22:35:10 - [MESSAGE][PASSED] - Object '' is present

2020-11-23 22:35:10 - [MESSAGE][PASSED] - Object: '' is focused

2020-11-23 22:35:10 - [MESSAGE][PASSED] - Object '' is not checked

2020-11-23 22:35:10 - [MESSAGE][PASSED] - Object '' is present

2020-11-23 22:35:10 - [MESSAGE][PASSED] - Object: '' is focused

2020-11-23 22:35:10 - [MESSAGE][PASSED] - Object '' is not checked

2020-11-23 22:35:10 - [MESSAGE][PASSED] - Object '' is present

2020-11-23 22:35:10 - [MESSAGE][PASSED] - Object: '' is focused

2020-11-23 22:35:10 - [MESSAGE][PASSED] - Object '' is not checked

2020-11-23 22:35:10 - [MESSAGE][PASSED] - Object '' is present

2020-11-23 22:35:10 - [MESSAGE][PASSED] - Object: '' is focused

2020-11-23 22:35:10 - [MESSAGE][PASSED] - Object '' is not checked

2020-11-23 22:35:10 - [MESSAGE][PASSED] - Object '' is present

2020-11-23 22:35:10 - [MESSAGE][PASSED] - Object: '' is focused

2020-11-23 22:35:10 - [MESSAGE][PASSED] - Object '' is not checked

2020-11-23 22:35:10 - [MESSAGE][PASSED] - Object '' is present

2020-11-23 22:35:10 - [MESSAGE][PASSED] - Object: '' is focused

2020-11-23 22:35:10 - [MESSAGE][PASSED] - Object '' is not checked

2020-11-23 22:35:10 - [MESSAGE][PASSED] - Object '' is present

2020-11-23 22:35:10 - [MESSAGE][PASSED] - Object: '' is focused

2020-11-23 22:35:10 - [MESSAGE][PASSED] - Object '' is not checked

2020-11-23 22:35:10 - [MESSAGE][PASSED] - Object '' is present

2020-11-23 22:35:11 - [MESSAGE][PASSED] - Object: '' is focused

2020-11-23 22:35:11 - [MESSAGE][PASSED] - Object '' is not checked

2020-11-23 22:35:11 - [MESSAGE][PASSED] - Object '' is present

2020-11-23 22:35:11 - [MESSAGE][PASSED] - Object: '' is focused

2020-11-23 22:35:11 - [MESSAGE][PASSED] - Object '' is not checked

2020-11-23 22:35:11 - [MESSAGE][PASSED] - Object '' is present

2020-11-23 22:35:11 - [MESSAGE][PASSED] - Object: '' is focused

2020-11-23 22:35:11 - [MESSAGE][PASSED] - Object '' is not checked

2020-11-23 22:35:11 - [MESSAGE][PASSED] - Object '' is present

2020-11-23 22:35:11 - [MESSAGE][PASSED] - Object: '' is focused

2020-11-23 22:35:11 - [MESSAGE][PASSED] - Object '' is not checked

2020-11-23 22:35:11 - [MESSAGE][PASSED] - Object '' is present

2020-11-23 22:35:11 - [MESSAGE][PASSED] - Object: '' is focused

2020-11-23 22:35:11 - [MESSAGE][PASSED] - Object '' is not checked

2020-11-23 22:35:11 - [MESSAGE][PASSED] - Object '' is present

2020-11-23 22:35:11 - [MESSAGE][PASSED] - Object: '' is focused

2020-11-23 22:35:11 - [MESSAGE][PASSED] - Object '' is not checked

2020-11-23 22:35:11 - [MESSAGE][PASSED] - Object '' is present

2020-11-23 22:35:11 - [MESSAGE][PASSED] - Object: '' is focused

2020-11-23 22:35:11 - [MESSAGE][PASSED] - Object '' is not checked

2020-11-23 22:35:11 - [MESSAGE][PASSED] - Object '' is present

2020-11-23 22:35:11 - [MESSAGE][PASSED] - Object: '' is focused

2020-11-23 22:35:11 - [MESSAGE][PASSED] - Object '' is not checked

2020-11-23 22:35:11 - [MESSAGE][PASSED] - Object '' is present

2020-11-23 22:35:11 - [MESSAGE][PASSED] - Object: '' is focused

2020-11-23 22:35:14 - [MESSAGE][PASSED] - Delayed 3 second(s)

2020-11-23 22:35:14 - [MESSAGE][PASSED] - Object: '' is clicked on

2020-11-23 22:35:14 - [MESSAGE][PASSED] - Object '' is present

2020-11-23 22:35:14 - [MESSAGE][PASSED] - Object: '' is focused

2020-11-23 22:35:14 - [MESSAGE][PASSED] - Object '' is not checked

2020-11-23 22:35:15 - [MESSAGE][PASSED] - Object '' is present

2020-11-23 22:35:15 - [MESSAGE][PASSED] - Object: '' is focused

2020-11-23 22:35:15 - [MESSAGE][PASSED] - Object '' is not checked

2020-11-23 22:35:15 - [MESSAGE][PASSED] - Object '' is present

2020-11-23 22:35:15 - [MESSAGE][PASSED] - Object: '' is focused

2020-11-23 22:35:15 - [MESSAGE][PASSED] - Object '' is not checked

2020-11-23 22:35:15 - [MESSAGE][PASSED] - Object '' is present

2020-11-23 22:35:15 - [MESSAGE][PASSED] - Object: '' is focused

2020-11-23 22:35:15 - [MESSAGE][PASSED] - Object '' is not checked

2020-11-23 22:35:15 - [MESSAGE][PASSED] - Object '' is present

2020-11-23 22:35:15 - [MESSAGE][PASSED] - Object: '' is focused

2020-11-23 22:35:15 - [MESSAGE][PASSED] - Object '' is not checked

2020-11-23 22:35:15 - [MESSAGE][PASSED] - Object '' is present

2020-11-23 22:35:15 - [MESSAGE][PASSED] - Object: '' is focused

2020-11-23 22:35:15 - [MESSAGE][PASSED] - Object '' is not checked

2020-11-23 22:35:15 - [MESSAGE][PASSED] - Object '' is present

2020-11-23 22:35:15 - [MESSAGE][PASSED] - Object: '' is focused

2020-11-23 22:35:18 - [MESSAGE][PASSED] - Delayed 3 second(s)

2020-11-23 22:35:18 - [MESSAGE][PASSED] - Object: '' is clicked on

2020-11-23 22:35:18 - [MESSAGE][PASSED] - Object '' is present

2020-11-23 22:35:18 - [MESSAGE][PASSED] - Object: '' is focused

2020-11-23 22:35:18 - [MESSAGE][PASSED] - Object '' is not checked

2020-11-23 22:35:18 - [MESSAGE][PASSED] - Object '' is present

2020-11-23 22:35:18 - [MESSAGE][PASSED] - Object: '' is focused

2020-11-23 22:35:18 - [MESSAGE][PASSED] - Object '' is not checked

2020-11-23 22:35:18 - [MESSAGE][PASSED] - Object '' is present

2020-11-23 22:35:18 - [MESSAGE][PASSED] - Object: '' is focused

2020-11-23 22:35:18 - [MESSAGE][PASSED] - Object '' is not checked

2020-11-23 22:35:18 - [MESSAGE][PASSED] - Object '' is present

2020-11-23 22:35:19 - [MESSAGE][PASSED] - Object: '' is focused

2020-11-23 22:35:22 - [MESSAGE][PASSED] - Delayed 3 second(s)

2020-11-23 22:35:22 - [MESSAGE][PASSED] - Object: '' is clicked on

2020-11-23 22:35:22 - [MESSAGE][PASSED] - Object '' is present

2020-11-23 22:35:22 - [MESSAGE][PASSED] - Object: '' is focused

2020-11-23 22:35:22 - [MESSAGE][PASSED] - Object '' is not checked

2020-11-23 22:35:22 - [MESSAGE][PASSED] - Object '' is present

2020-11-23 22:35:22 - [MESSAGE][PASSED] - Object: '' is focused

2020-11-23 22:35:22 - [MESSAGE][PASSED] - Object '' is not checked

2020-11-23 22:35:22 - [MESSAGE][PASSED] - Object '' is present

2020-11-23 22:35:22 - [MESSAGE][PASSED] - Object: '' is focused

2020-11-23 22:35:22 - [MESSAGE][PASSED] - Object '' is not checked

2020-11-23 22:35:22 - [MESSAGE][PASSED] - Object '' is present

2020-11-23 22:35:22 - [MESSAGE][PASSED] - Object: '' is focused

2020-11-23 22:35:22 - [MESSAGE][PASSED] - Object '' is not checked

2020-11-23 22:35:22 - [MESSAGE][PASSED] - Object '' is present

2020-11-23 22:35:22 - [MESSAGE][PASSED] - Object: '' is focused

2020-11-23 22:35:22 - [MESSAGE][PASSED] - Object '' is not checked

2020-11-23 22:35:22 - [MESSAGE][PASSED] - Object '' is present

2020-11-23 22:35:22 - [MESSAGE][PASSED] - Object: '' is focused

2020-11-23 22:35:22 - [MESSAGE][PASSED] - Object '' is not checked

2020-11-23 22:35:22 - [MESSAGE][PASSED] - Object '' is present

2020-11-23 22:35:22 - [MESSAGE][PASSED] - Object: '' is focused

2020-11-23 22:35:22 - [MESSAGE][PASSED] - Object '' is not checked

2020-11-23 22:35:22 - [MESSAGE][PASSED] - Object '' is present

2020-11-23 22:35:22 - [MESSAGE][PASSED] - Object: '' is focused

2020-11-23 22:35:22 - [MESSAGE][PASSED] - Object '' is not checked

2020-11-23 22:35:22 - [MESSAGE][PASSED] - Object '' is present

2020-11-23 22:35:23 - [MESSAGE][PASSED] - Object: '' is focused

2020-11-23 22:35:26 - [MESSAGE][PASSED] - Delayed 3 second(s)

2020-11-23 22:35:26 - [MESSAGE][PASSED] - Object: '' is clicked on

2020-11-23 22:35:26 - [MESSAGE][PASSED] - Object '' is present

2020-11-23 22:35:26 - [MESSAGE][PASSED] - Object: '' is focused

2020-11-23 22:35:26 - [MESSAGE][PASSED] - Object '' is not checked

2020-11-23 22:35:26 - [MESSAGE][PASSED] - Object '' is present

2020-11-23 22:35:26 - [MESSAGE][PASSED] - Object: '' is focused

2020-11-23 22:35:26 - [MESSAGE][PASSED] - Object '' is not checked

2020-11-23 22:35:26 - [MESSAGE][PASSED] - Object '' is present

2020-11-23 22:35:26 - [MESSAGE][PASSED] - Object: '' is focused

2020-11-23 22:35:26 - [MESSAGE][PASSED] - Object '' is not checked

2020-11-23 22:35:26 - [MESSAGE][PASSED] - Varify the mistake detail already match with the matrix Base on Type Contract

2020-11-23 22:35:26 - [TEST_STEP][PASSED] - Click on Tab "KTP": Click on Tab "KTP"

2020-11-23 22:35:26 - [MESSAGE][PASSED] - Object '' is present

2020-11-23 22:35:26 - [MESSAGE][PASSED] - Object: '' is focused

2020-11-23 22:35:29 - [MESSAGE][PASSED] - Delayed 3 second(s)

2020-11-23 22:35:29 - [MESSAGE][PASSED] - Object: '' is clicked on

2020-11-23 22:35:29 - [MESSAGE][PASSED] - Click on Tab "KTP"

2020-11-23 22:35:29 - [TEST_STEP][PASSED] - Checkbox General Mistake "20. KTP atau Resi - Alamat tetap pemohon pada sistem (HoS) berbeda dengan KTP": Checkbox General Mistake "20. KTP atau Resi - Alamat tetap pemohon pada sistem (HoS) berbeda dengan KTP"

2020-11-23 22:35:29 - [MESSAGE][PASSED] - Object: '' is clicked on

2020-11-23 22:35:29 - [MESSAGE][PASSED] - Wait for page load successfully

2020-11-23 22:35:29 - [MESSAGE][PASSED] - Checkbox General Mistake "20. KTP atau Resi - Alamat tetap pemohon pada sistem (HoS) berbeda dengan KTP"

2020-11-23 22:35:29 - [TEST_STEP][PASSED] - Choose Dropdown mistake type "Beda RT" from mistake name "20. KTP atau Resi - Alamat tetap pemohon pada sistem (HoS) berbeda dengan KTP": Choose Dropdown mistake type "Beda RT" from mistake name "20. KTP atau Resi - Alamat tetap pemohon pada sistem (HoS) berbeda dengan KTP"

2020-11-23 22:35:29 - [MESSAGE][PASSED] - All options with index in [1] are selected on object ''

2020-11-23 22:35:29 - [MESSAGE][PASSED] - Wait for page load successfully

2020-11-23 22:35:29 - [MESSAGE][PASSED] - Choose Dropdown mistake type "Beda RT" from mistake name "20. KTP atau Resi - Alamat tetap pemohon pada sistem (HoS) berbeda dengan KTP"

2020-11-23 22:35:29 - [TEST_STEP][PASSED] - Type on textarea note before based on mistake name "20. KTP atau Resi - Alamat tetap pemohon pada sistem (HoS) berbeda dengan KTP" with value "TESTING": Type on textarea note before based on mistake name "20. KTP atau Resi - Alamat tetap pemohon pada sistem (HoS) berbeda dengan KTP" with value "TESTING"

2020-11-23 22:35:29 - [MESSAGE][PASSED] - Text 'TESTING' is set on object ''

2020-11-23 22:35:29 - [MESSAGE][PASSED] - Wait for page load successfully

2020-11-23 22:35:29 - [MESSAGE][PASSED] - Type on textarea note before based on mistake name "20. KTP atau Resi - Alamat tetap pemohon pada sistem (HoS) berbeda dengan KTP" with value "TESTING"

2020-11-23 22:35:29 - [TEST_STEP][PASSED] - Click button "Save": Click button "Save"

2020-11-23 22:35:29 - [MESSAGE][INFO] - >>>>>//Button[contains(text(),'Save')]

2020-11-23 22:35:33 - [MESSAGE][PASSED] - Object: '' is clicked on

2020-11-23 22:35:33 - [MESSAGE][PASSED] - Taking screenshot successfully
[[ATTACHMENT|/Users/chaidir.pratama01/Documents/Docs/Katalon Studio/Screenshot/upload.png]]

2020-11-23 22:35:33 - [MESSAGE][PASSED] - Click button "Save"

2020-11-23 22:35:33 - [TEST_STEP][PASSED] - Get text from pop up "IT Supporting Tools" with text "Note-after cannot be empty": Get text from pop up "IT Supporting Tools" with text "Note-after cannot be empty"

2020-11-23 22:35:34 - [MESSAGE][PASSED] - Taking screenshot successfully
[[ATTACHMENT|/Users/chaidir.pratama01/Documents/Docs/Katalon Studio/Screenshot/errorpopup.png]]

2020-11-23 22:35:34 - [MESSAGE][PASSED] - Object '' is present

2020-11-23 22:35:34 - [MESSAGE][PASSED] - Wait for page load successfully

2020-11-23 22:35:34 - [MESSAGE][PASSED] - Wait for page load successfully

2020-11-23 22:35:34 - [MESSAGE][PASSED] - Get text from pop up "IT Supporting Tools" with text "Note-after cannot be empty"

2020-11-23 22:35:34 - [TEST_STEP][PASSED] - Click button "OK": Click button "OK"

2020-11-23 22:35:34 - [MESSAGE][INFO] - >>>>>//Button[contains(text(),'OK')]

2020-11-23 22:35:37 - [MESSAGE][PASSED] - Object: '' is clicked on

2020-11-23 22:35:37 - [MESSAGE][PASSED] - Taking screenshot successfully
[[ATTACHMENT|/Users/chaidir.pratama01/Documents/Docs/Katalon Studio/Screenshot/upload.png]]

2020-11-23 22:35:37 - [MESSAGE][PASSED] - Click button "OK"

2020-11-23 22:35:37 - [TEST_STEP][PASSED] - Click button "Logout": Click button "Logout"

2020-11-23 22:35:37 - [MESSAGE][INFO] - >>>>>//Button[contains(text(),'Logout')]

2020-11-23 22:35:41 - [MESSAGE][PASSED] - Object: '' is clicked on

2020-11-23 22:35:41 - [MESSAGE][PASSED] - Taking screenshot successfully
[[ATTACHMENT|/Users/chaidir.pratama01/Documents/Docs/Katalon Studio/Screenshot/upload.png]]

2020-11-23 22:35:41 - [MESSAGE][PASSED] - Click button "Logout"

2020-11-23 22:35:41 - [TEST_STEP][PASSED] - Comment "Register Mistake failed because Note-after empty": Comment "Register Mistake failed because Note-after empty"

2020-11-23 22:35:41 - [MESSAGE][INFO] - Register Mistake failed because Note-after empty

2020-11-23 22:35:41 - [MESSAGE][PASSED] - Comment "Register Mistake failed because Note-after empty"

2020-11-23 22:35:41 - [TEST_STEP][PASSED] - Close browser: Close browser

2020-11-23 22:35:41 - [MESSAGE][PASSED] - Browser is closed

2020-11-23 22:35:41 - [MESSAGE][PASSED] - Close browser

2020-11-23 22:35:41 - [MESSAGE][PASSED] - Feature file: 'Include/features/IST_Real/CONTRACT_DISPATCHER_DONA_B2B/BLIBLI/Pick_Mistake_Without_Write_Textarea_Note_After.feature' was passed]]></system-out>
         <system-err><![CDATA[]]></system-err>
      </testcase>
      <testcase name="Test Cases/IST_Real/CONTRACT_DISPATCHER_DONA_B2B/BLIBLI/TC BLIBLI - Update Tbl CDS CDC TRKRegMistake" time="0.885" classname="Test Cases/IST_Real/CONTRACT_DISPATCHER_DONA_B2B/BLIBLI/TC BLIBLI - Update Tbl CDS CDC TRKRegMistake" status="PASSED">
         <system-out><![CDATA[2020-11-23 22:35:41 - [TEST_CASE][PASSED] - Test Cases/IST_Real/CONTRACT_DISPATCHER_DONA_B2B/BLIBLI/TC BLIBLI - Update Tbl CDS CDC TRKRegMistake: Test Cases/IST_Real/CONTRACT_DISPATCHER_DONA_B2B/BLIBLI/TC BLIBLI - Update Tbl CDS CDC TRKRegMistake

2020-11-23 22:35:41 - [TEST_STEP][PASSED] - runFeatureFile("Include/features/IST_Real/CONTRACT_DISPATCHER_DONA_B2B/BLIBLI/Update_Tbl_CDS_CDC_TRKRegMistake.feature"): Feature file: 'Include/features/IST_Real/CONTRACT_DISPATCHER_DONA_B2B/BLIBLI/Update_Tbl_CDS_CDC_TRKRegMistake.feature' was passed

2020-11-23 22:35:41 - [MESSAGE][INFO] - Starting run keyword runFeatureFile: 'Include/features/IST_Real/CONTRACT_DISPATCHER_DONA_B2B/BLIBLI/Update_Tbl_CDS_CDC_TRKRegMistake.feature' and extract report to folder: '/Users/chaidir.pratama01/Katalon Studio/IST_Automation_Git/Reports/20201123_222950/CONTRACT_DISPATCHER_DONA_B2B/TS_BLIBLI/20201123_222950/cucumber_report/1606145741594'...

2020-11-23 22:35:41 - [TEST_CASE][PASSED] - Start Test Case : SCENARIO Update Table CONTRACT_DISPATCHER_SOURCE and CONTRACT_DISPTACHER_CLAIM: SCENARIO Update Table CONTRACT_DISPATCHER_SOURCE and CONTRACT_DISPTACHER_CLAIM

2020-11-23 22:35:41 - [TEST_STEP][PASSED] - Connect to Database: Connect to Database

2020-11-23 22:35:41 - [MESSAGE][PASSED] - Connect to Database

2020-11-23 22:35:41 - [TEST_STEP][PASSED] - Update Tbl CONTRACT DISPATCHER SOURCE To Change PROCESSED From Y to N For BLIBLI: Update Tbl CONTRACT DISPATCHER SOURCE To Change PROCESSED From Y to N For BLIBLI

2020-11-23 22:35:42 - [MESSAGE][PASSED] - Update Tbl CONTRACT DISPATCHER SOURCE To Change PROCESSED From Y to N For BLIBLI

2020-11-23 22:35:42 - [TEST_STEP][PASSED] - Update Tbl CONTRACT DISPATCHER CLAIM To Delete PROCESS From Column STATUS: Update Tbl CONTRACT DISPATCHER CLAIM To Delete PROCESS From Column STATUS

2020-11-23 22:35:42 - [MESSAGE][PASSED] - Update Tbl CONTRACT DISPATCHER CLAIM To Delete PROCESS From Column STATUS

2020-11-23 22:35:42 - [TEST_STEP][PASSED] - Delete Contract From TRK_REGISTRATION_MISTAKE: Delete Contract From TRK_REGISTRATION_MISTAKE

2020-11-23 22:35:42 - [MESSAGE][PASSED] - Delete Contract From TRK_REGISTRATION_MISTAKE

2020-11-23 22:35:42 - [MESSAGE][PASSED] - Feature file: 'Include/features/IST_Real/CONTRACT_DISPATCHER_DONA_B2B/BLIBLI/Update_Tbl_CDS_CDC_TRKRegMistake.feature' was passed]]></system-out>
         <system-err><![CDATA[]]></system-err>
      </testcase>
      <testcase name="Test Cases/IST_Real/CONTRACT_DISPATCHER_DONA_B2B/BLIBLI/TC BLIBLI - Column PROCESSED Turn N When Status RELEASE BLIBLI" time="72.295" classname="Test Cases/IST_Real/CONTRACT_DISPATCHER_DONA_B2B/BLIBLI/TC BLIBLI - Column PROCESSED Turn N When Status RELEASE BLIBLI" status="PASSED">
         <system-out><![CDATA[2020-11-23 22:35:42 - [TEST_CASE][PASSED] - Test Cases/IST_Real/CONTRACT_DISPATCHER_DONA_B2B/BLIBLI/TC BLIBLI - Column PROCESSED Turn N When Status RELEASE BLIBLI: Test Cases/IST_Real/CONTRACT_DISPATCHER_DONA_B2B/BLIBLI/TC BLIBLI - Column PROCESSED Turn N When Status RELEASE BLIBLI

2020-11-23 22:35:42 - [TEST_STEP][PASSED] - runFeatureFile("Include/features/IST_Real/CONTRACT_DISPATCHER_DONA_B2B/BLIBLI/Column_PROCESSED_Turn_N_When_Status_RELEASE_BLIBLI.feature"): Feature file: 'Include/features/IST_Real/CONTRACT_DISPATCHER_DONA_B2B/BLIBLI/Column_PROCESSED_Turn_N_When_Status_RELEASE_BLIBLI.feature' was passed

2020-11-23 22:35:42 - [MESSAGE][INFO] - Starting run keyword runFeatureFile: 'Include/features/IST_Real/CONTRACT_DISPATCHER_DONA_B2B/BLIBLI/Column_PROCESSED_Turn_N_When_Status_RELEASE_BLIBLI.feature' and extract report to folder: '/Users/chaidir.pratama01/Katalon Studio/IST_Automation_Git/Reports/20201123_222950/CONTRACT_DISPATCHER_DONA_B2B/TS_BLIBLI/20201123_222950/cucumber_report/1606145742552'...

2020-11-23 22:35:42 - [TEST_CASE][PASSED] - Start Test Case : SCENARIO Claim Contract DONA BliBli in Contract Dispatcher Menu then idle for 10 minutes, STATUS in Table CONTRACT_DISPATCHER_CLAIM turn RELEASE and PROCESSED in CONTRACT_DISPATCHER_SOURCE turns N: SCENARIO Claim Contract DONA BliBli in Contract Dispatcher Menu then idle for 10 minutes, STATUS in Table CONTRACT_DISPATCHER_CLAIM turn RELEASE and PROCESSED in CONTRACT_DISPATCHER_SOURCE turns N

2020-11-23 22:35:42 - [TEST_STEP][PASSED] - Go to IST: Go to IST

2020-11-23 22:35:42 - [MESSAGE][INFO] - Starting 'Chrome (headless)' driver

2020-11-23 22:35:42 - [MESSAGE][INFO] - User set preference: ['args', '[--start-maximized, --disable-gpu, --no-proxy-server, –-no-sandbox, --allow-running-insecure-content, --ignore-certificate-errors, window-size=1680,814, force-device-scale-factor=2, --lang=en-GB]']

2020-11-23 22:35:42 - [MESSAGE][INFO] - Action delay is set to 0 milliseconds

2020-11-23 22:35:43 - [MESSAGE][PASSED] - Browser is opened with url: ''

2020-11-23 22:35:43 - [MESSAGE][PASSED] - Navigate to 'https://dev-ist.homecredit.id/ist_tracker/' successfully

2020-11-23 22:35:44 - [MESSAGE][PASSED] - Taking screenshot successfully
[[ATTACHMENT|/Users/chaidir.pratama01/Documents/Docs/Katalon Studio/Screenshot/IST_Page.png]]

2020-11-23 22:35:44 - [MESSAGE][PASSED] - Go to IST

2020-11-23 22:35:44 - [TEST_STEP][PASSED] - Login IST with valid credentials: Login IST with valid credentials

2020-11-23 22:35:44 - [MESSAGE][PASSED] - Text 'mobile.test' is set on object 'Object Repository/Page_/input_Username_j_username'

2020-11-23 22:35:44 - [MESSAGE][PASSED] - Text ****** has been set on object 'Object Repository/Page_/input_Password_j_password'

2020-11-23 22:35:45 - [MESSAGE][PASSED] - Object: 'Object Repository/Page_/button_Login' is clicked on

2020-11-23 22:35:45 - [MESSAGE][PASSED] - Login IST with valid credentials

2020-11-23 22:35:45 - [TEST_STEP][PASSED] - Login Success for contract dispatcher: Login Success for contract dispatcher

2020-11-23 22:35:45 - [MESSAGE][INFO] - Login Success

2020-11-23 22:35:45 - [MESSAGE][PASSED] - Current window maximized

2020-11-23 22:35:45 - [MESSAGE][PASSED] - Object 'Object Repository/Page_/h1_Welcome to IT Supporting Tools' is present

2020-11-23 22:35:45 - [MESSAGE][PASSED] - Login Success for contract dispatcher

2020-11-23 22:35:45 - [TEST_STEP][PASSED] - Select Menu "Contract Dispatcher": Select Menu "Contract Dispatcher"

2020-11-23 22:35:45 - [MESSAGE][PASSED] - Taking screenshot successfully
[[ATTACHMENT|/Users/chaidir.pratama01/Documents/Docs/Katalon Studio/Screenshot/test-Contract Dispatcher.png]]

2020-11-23 22:35:45 - [MESSAGE][PASSED] - Object '' is present

2020-11-23 22:35:45 - [MESSAGE][PASSED] - Object: '' is clicked on

2020-11-23 22:35:45 - [MESSAGE][PASSED] - Wait for page load successfully

2020-11-23 22:35:45 - [MESSAGE][PASSED] - Select Menu "Contract Dispatcher"

2020-11-23 22:35:45 - [TEST_STEP][PASSED] - Select Contract Number based on Type Contract "DONA_BLIBLI": Select Contract Number based on Type Contract "DONA_BLIBLI"

2020-11-23 22:35:45 - [MESSAGE][PASSED] - Object '' is present

2020-11-23 22:35:45 - [MESSAGE][PASSED] - Object '' is present

2020-11-23 22:35:45 - [MESSAGE][PASSED] - Object: '' is clicked on

2020-11-23 22:35:45 - [MESSAGE][PASSED] - Select Contract Number based on Type Contract "DONA_BLIBLI"

2020-11-23 22:35:45 - [TEST_STEP][PASSED] - Click button "Claim": Click button "Claim"

2020-11-23 22:35:45 - [MESSAGE][INFO] - >>>>>//Button[contains(text(),'Claim')]

2020-11-23 22:35:49 - [MESSAGE][PASSED] - Object: '' is clicked on

2020-11-23 22:35:49 - [MESSAGE][PASSED] - Taking screenshot successfully
[[ATTACHMENT|/Users/chaidir.pratama01/Documents/Docs/Katalon Studio/Screenshot/upload.png]]

2020-11-23 22:35:49 - [MESSAGE][PASSED] - Click button "Claim"

2020-11-23 22:35:49 - [TEST_STEP][PASSED] - Sleep ten minutes: Sleep ten minutes

2020-11-23 22:36:50 - [MESSAGE][PASSED] - Delayed 61 second(s)

2020-11-23 22:36:50 - [MESSAGE][PASSED] - Sleep ten minutes

2020-11-23 22:36:50 - [TEST_STEP][PASSED] - Connect to Database: Connect to Database

2020-11-23 22:36:50 - [MESSAGE][PASSED] - Connect to Database

2020-11-23 22:36:50 - [TEST_STEP][PASSED] - Exec Query idle for Ten Minutes "SELECT * FROM CONTRACT_DISPATCHER_SOURCE WHERE TEXT_CONTRACT_NUMBER='336'": Exec Query idle for Ten Minutes "SELECT * FROM CONTRACT_DISPATCHER_SOURCE WHERE TEXT_CONTRACT_NUMBER='336'"

2020-11-23 22:36:51 - [MESSAGE][PASSED] - Exec Query idle for Ten Minutes "SELECT * FROM CONTRACT_DISPATCHER_SOURCE WHERE TEXT_CONTRACT_NUMBER='336'"

2020-11-23 22:36:51 - [TEST_STEP][PASSED] - Go to IST: Go to IST

2020-11-23 22:36:51 - [MESSAGE][WARNING] - A browser is already opened. Closing browser and opening a new one

2020-11-23 22:36:51 - [MESSAGE][INFO] - Starting 'Chrome (headless)' driver

2020-11-23 22:36:51 - [MESSAGE][INFO] - User set preference: ['args', '[--start-maximized, --disable-gpu, --no-proxy-server, –-no-sandbox, --allow-running-insecure-content, --ignore-certificate-errors, window-size=1680,814, force-device-scale-factor=2, --lang=en-GB]']

2020-11-23 22:36:51 - [MESSAGE][INFO] - Action delay is set to 0 milliseconds

2020-11-23 22:36:51 - [MESSAGE][PASSED] - Browser is opened with url: ''

2020-11-23 22:36:52 - [MESSAGE][PASSED] - Navigate to 'https://dev-ist.homecredit.id/ist_tracker/' successfully

2020-11-23 22:36:53 - [MESSAGE][PASSED] - Taking screenshot successfully
[[ATTACHMENT|/Users/chaidir.pratama01/Documents/Docs/Katalon Studio/Screenshot/IST_Page.png]]

2020-11-23 22:36:53 - [MESSAGE][PASSED] - Go to IST

2020-11-23 22:36:53 - [TEST_STEP][PASSED] - Login IST with valid credentials: Login IST with valid credentials

2020-11-23 22:36:53 - [MESSAGE][PASSED] - Text 'mobile.test' is set on object 'Object Repository/Page_/input_Username_j_username'

2020-11-23 22:36:53 - [MESSAGE][PASSED] - Text ****** has been set on object 'Object Repository/Page_/input_Password_j_password'

2020-11-23 22:36:53 - [MESSAGE][PASSED] - Object: 'Object Repository/Page_/button_Login' is clicked on

2020-11-23 22:36:53 - [MESSAGE][PASSED] - Login IST with valid credentials

2020-11-23 22:36:53 - [TEST_STEP][PASSED] - Login Success for contract dispatcher: Login Success for contract dispatcher

2020-11-23 22:36:53 - [MESSAGE][INFO] - Login Success

2020-11-23 22:36:53 - [MESSAGE][PASSED] - Current window maximized

2020-11-23 22:36:53 - [MESSAGE][PASSED] - Object 'Object Repository/Page_/h1_Welcome to IT Supporting Tools' is present

2020-11-23 22:36:53 - [MESSAGE][PASSED] - Login Success for contract dispatcher

2020-11-23 22:36:53 - [TEST_STEP][PASSED] - Select Menu "Contract Dispatcher": Select Menu "Contract Dispatcher"

2020-11-23 22:36:54 - [MESSAGE][PASSED] - Taking screenshot successfully
[[ATTACHMENT|/Users/chaidir.pratama01/Documents/Docs/Katalon Studio/Screenshot/test-Contract Dispatcher.png]]

2020-11-23 22:36:54 - [MESSAGE][PASSED] - Object '' is present

2020-11-23 22:36:54 - [MESSAGE][PASSED] - Object: '' is clicked on

2020-11-23 22:36:54 - [MESSAGE][PASSED] - Wait for page load successfully

2020-11-23 22:36:54 - [MESSAGE][PASSED] - Select Menu "Contract Dispatcher"

2020-11-23 22:36:54 - [TEST_STEP][PASSED] - Select Contract Number based on Type Contract "DONA_BLIBLI": Select Contract Number based on Type Contract "DONA_BLIBLI"

2020-11-23 22:36:54 - [MESSAGE][PASSED] - Object '' is present

2020-11-23 22:36:54 - [MESSAGE][PASSED] - Object '' is present

2020-11-23 22:36:54 - [MESSAGE][PASSED] - Object: '' is clicked on

2020-11-23 22:36:54 - [MESSAGE][PASSED] - Select Contract Number based on Type Contract "DONA_BLIBLI"

2020-11-23 22:36:54 - [MESSAGE][PASSED] - Feature file: 'Include/features/IST_Real/CONTRACT_DISPATCHER_DONA_B2B/BLIBLI/Column_PROCESSED_Turn_N_When_Status_RELEASE_BLIBLI.feature' was passed]]></system-out>
         <system-err><![CDATA[]]></system-err>
      </testcase>
      <testcase name="Test Cases/IST_Real/CONTRACT_DISPATCHER_ADMIN/MANAGEMENT_ASSIGNMENT/Reset_All_Users" time="17.33" classname="Test Cases/IST_Real/CONTRACT_DISPATCHER_ADMIN/MANAGEMENT_ASSIGNMENT/Reset_All_Users" status="PASSED">
         <system-out><![CDATA[2020-11-23 22:36:54 - [TEST_CASE][PASSED] - Test Cases/IST_Real/CONTRACT_DISPATCHER_ADMIN/MANAGEMENT_ASSIGNMENT/Reset_All_Users: Test Cases/IST_Real/CONTRACT_DISPATCHER_ADMIN/MANAGEMENT_ASSIGNMENT/Reset_All_Users

2020-11-23 22:36:54 - [TEST_STEP][PASSED] - runFeatureFile("Include/features/IST_Real/CONTRACT_DISPATCHER_ADMIN/MANAGEMENT_ASSIGNMENT/Reset_All_Users.feature"): Feature file: 'Include/features/IST_Real/CONTRACT_DISPATCHER_ADMIN/MANAGEMENT_ASSIGNMENT/Reset_All_Users.feature' was passed

2020-11-23 22:36:54 - [MESSAGE][INFO] - Starting run keyword runFeatureFile: 'Include/features/IST_Real/CONTRACT_DISPATCHER_ADMIN/MANAGEMENT_ASSIGNMENT/Reset_All_Users.feature' and extract report to folder: '/Users/chaidir.pratama01/Katalon Studio/IST_Automation_Git/Reports/20201123_222950/CONTRACT_DISPATCHER_DONA_B2B/TS_BLIBLI/20201123_222950/cucumber_report/1606145814862'...

2020-11-23 22:36:55 - [TEST_CASE][PASSED] - Start Test Case : SCENARIO Reset All Users: SCENARIO Reset All Users

2020-11-23 22:36:55 - [TEST_STEP][PASSED] - Go to IST: Go to IST

2020-11-23 22:36:55 - [MESSAGE][WARNING] - A browser is already opened. Closing browser and opening a new one

2020-11-23 22:36:55 - [MESSAGE][INFO] - Starting 'Chrome (headless)' driver

2020-11-23 22:36:55 - [MESSAGE][INFO] - User set preference: ['args', '[--start-maximized, --disable-gpu, --no-proxy-server, –-no-sandbox, --allow-running-insecure-content, --ignore-certificate-errors, window-size=1680,814, force-device-scale-factor=2, --lang=en-GB]']

2020-11-23 22:36:55 - [MESSAGE][INFO] - Action delay is set to 0 milliseconds

2020-11-23 22:36:55 - [MESSAGE][PASSED] - Browser is opened with url: ''

2020-11-23 22:36:56 - [MESSAGE][PASSED] - Navigate to 'https://dev-ist.homecredit.id/ist_tracker/' successfully

2020-11-23 22:36:57 - [MESSAGE][PASSED] - Taking screenshot successfully
[[ATTACHMENT|/Users/chaidir.pratama01/Documents/Docs/Katalon Studio/Screenshot/IST_Page.png]]

2020-11-23 22:36:57 - [MESSAGE][PASSED] - Go to IST

2020-11-23 22:36:57 - [TEST_STEP][PASSED] - Login IST with valid credentials: Login IST with valid credentials

2020-11-23 22:36:57 - [MESSAGE][PASSED] - Text 'mobile.test' is set on object 'Object Repository/Page_/input_Username_j_username'

2020-11-23 22:36:57 - [MESSAGE][PASSED] - Text ****** has been set on object 'Object Repository/Page_/input_Password_j_password'

2020-11-23 22:36:57 - [MESSAGE][PASSED] - Object: 'Object Repository/Page_/button_Login' is clicked on

2020-11-23 22:36:57 - [MESSAGE][PASSED] - Login IST with valid credentials

2020-11-23 22:36:57 - [TEST_STEP][PASSED] - Login Success for contract dispatcher: Login Success for contract dispatcher

2020-11-23 22:36:57 - [MESSAGE][INFO] - Login Success

2020-11-23 22:36:57 - [MESSAGE][PASSED] - Current window maximized

2020-11-23 22:36:57 - [MESSAGE][PASSED] - Object 'Object Repository/Page_/h1_Welcome to IT Supporting Tools' is present

2020-11-23 22:36:57 - [MESSAGE][PASSED] - Login Success for contract dispatcher

2020-11-23 22:36:57 - [TEST_STEP][PASSED] - Select Arrow Menu "Contract Dispatcher Admin": Select Arrow Menu "Contract Dispatcher Admin"

2020-11-23 22:36:57 - [MESSAGE][PASSED] - Object: '' is clicked on

2020-11-23 22:36:57 - [MESSAGE][PASSED] - Select Arrow Menu "Contract Dispatcher Admin"

2020-11-23 22:36:57 - [TEST_STEP][PASSED] - Select Menu "Management Assignment": Select Menu "Management Assignment"

2020-11-23 22:36:58 - [MESSAGE][PASSED] - Taking screenshot successfully
[[ATTACHMENT|/Users/chaidir.pratama01/Documents/Docs/Katalon Studio/Screenshot/test-Management Assignment.png]]

2020-11-23 22:36:58 - [MESSAGE][PASSED] - Object '' is present

2020-11-23 22:36:58 - [MESSAGE][PASSED] - Object: '' is clicked on

2020-11-23 22:36:58 - [MESSAGE][PASSED] - Wait for page load successfully

2020-11-23 22:36:58 - [MESSAGE][PASSED] - Select Menu "Management Assignment"

2020-11-23 22:36:58 - [TEST_STEP][PASSED] - Click button "Reset All User": Click button "Reset All User"

2020-11-23 22:36:58 - [MESSAGE][INFO] - >>>>>//Button[contains(text(),'Reset All User')]

2020-11-23 22:37:01 - [MESSAGE][PASSED] - Object: '' is clicked on

2020-11-23 22:37:02 - [MESSAGE][PASSED] - Taking screenshot successfully
[[ATTACHMENT|/Users/chaidir.pratama01/Documents/Docs/Katalon Studio/Screenshot/upload.png]]

2020-11-23 22:37:02 - [MESSAGE][PASSED] - Click button "Reset All User"

2020-11-23 22:37:02 - [TEST_STEP][PASSED] - Get text from pop up "Confirmation Reset All" with text "Are you sure ?": Get text from pop up "Confirmation Reset All" with text "Are you sure ?"

2020-11-23 22:37:02 - [MESSAGE][PASSED] - Taking screenshot successfully
[[ATTACHMENT|/Users/chaidir.pratama01/Documents/Docs/Katalon Studio/Screenshot/errorpopup.png]]

2020-11-23 22:37:02 - [MESSAGE][PASSED] - Object '' is present

2020-11-23 22:37:02 - [MESSAGE][PASSED] - Wait for page load successfully

2020-11-23 22:37:02 - [MESSAGE][PASSED] - Wait for page load successfully

2020-11-23 22:37:02 - [MESSAGE][PASSED] - Get text from pop up "Confirmation Reset All" with text "Are you sure ?"

2020-11-23 22:37:02 - [TEST_STEP][PASSED] - Click button "OK": Click button "OK"

2020-11-23 22:37:02 - [MESSAGE][INFO] - >>>>>//Button[contains(text(),'OK')]

2020-11-23 22:37:05 - [MESSAGE][PASSED] - Object: '' is clicked on

2020-11-23 22:37:06 - [MESSAGE][PASSED] - Taking screenshot successfully
[[ATTACHMENT|/Users/chaidir.pratama01/Documents/Docs/Katalon Studio/Screenshot/upload.png]]

2020-11-23 22:37:06 - [MESSAGE][PASSED] - Click button "OK"

2020-11-23 22:37:06 - [TEST_STEP][PASSED] - Wait page for load: Wait page for load

2020-11-23 22:37:06 - [MESSAGE][PASSED] - Wait for page load successfully

2020-11-23 22:37:06 - [MESSAGE][PASSED] - Wait page for load

2020-11-23 22:37:06 - [TEST_STEP][PASSED] - Notification "Reset All Success": Notification "Reset All Success"

2020-11-23 22:37:06 - [MESSAGE][PASSED] - Object '' is present

2020-11-23 22:37:06 - [MESSAGE][PASSED] - Notification "Reset All Success"

2020-11-23 22:37:06 - [TEST_STEP][PASSED] - Select Username "mobile.test" of Management Assignment: Select Username "mobile.test" of Management Assignment

2020-11-23 22:37:07 - [MESSAGE][PASSED] - All options with value 'mobile.test' are selected in object 'Object Repository/Page_/dropdown_list_username_assignment'  using regular expression

2020-11-23 22:37:07 - [MESSAGE][PASSED] - Select Username "mobile.test" of Management Assignment

2020-11-23 22:37:07 - [TEST_STEP][PASSED] - Check unchecked contract type POS: Check unchecked contract type POS

2020-11-23 22:37:07 - [MESSAGE][PASSED] - Object '' is present

2020-11-23 22:37:07 - [MESSAGE][PASSED] - Object '' is not checked

2020-11-23 22:37:07 - [MESSAGE][PASSED] - Object '' is present

2020-11-23 22:37:07 - [MESSAGE][PASSED] - Object '' is not checked

2020-11-23 22:37:07 - [MESSAGE][PASSED] - Object '' is present

2020-11-23 22:37:07 - [MESSAGE][PASSED] - Object '' is not checked

2020-11-23 22:37:07 - [MESSAGE][PASSED] - Object '' is present

2020-11-23 22:37:07 - [MESSAGE][PASSED] - Object '' is not checked

2020-11-23 22:37:07 - [MESSAGE][PASSED] - Object '' is present

2020-11-23 22:37:07 - [MESSAGE][PASSED] - Object '' is not checked

2020-11-23 22:37:07 - [MESSAGE][PASSED] - Object '' is present

2020-11-23 22:37:07 - [MESSAGE][PASSED] - Object '' is not checked

2020-11-23 22:37:07 - [MESSAGE][PASSED] - Object '' is present

2020-11-23 22:37:07 - [MESSAGE][PASSED] - Object '' is not checked

2020-11-23 22:37:07 - [MESSAGE][PASSED] - Object '' is present

2020-11-23 22:37:07 - [MESSAGE][PASSED] - Object '' is not checked

2020-11-23 22:37:07 - [MESSAGE][PASSED] - Object '' is present

2020-11-23 22:37:07 - [MESSAGE][PASSED] - Object '' is not checked

2020-11-23 22:37:07 - [MESSAGE][PASSED] - Object '' is present

2020-11-23 22:37:07 - [MESSAGE][PASSED] - Object '' is not checked

2020-11-23 22:37:07 - [MESSAGE][PASSED] - Object '' is present

2020-11-23 22:37:07 - [MESSAGE][PASSED] - Object '' is not checked

2020-11-23 22:37:07 - [MESSAGE][PASSED] - Object '' is present

2020-11-23 22:37:07 - [MESSAGE][PASSED] - Object '' is not checked

2020-11-23 22:37:07 - [MESSAGE][PASSED] - Object '' is present

2020-11-23 22:37:07 - [MESSAGE][PASSED] - Object '' is not checked

2020-11-23 22:37:07 - [MESSAGE][PASSED] - Object '' is present

2020-11-23 22:37:07 - [MESSAGE][PASSED] - Object '' is not checked

2020-11-23 22:37:07 - [MESSAGE][PASSED] - Object '' is present

2020-11-23 22:37:07 - [MESSAGE][PASSED] - Object '' is not checked

2020-11-23 22:37:07 - [MESSAGE][PASSED] - Object '' is present

2020-11-23 22:37:07 - [MESSAGE][PASSED] - Object '' is not checked

2020-11-23 22:37:07 - [MESSAGE][PASSED] - Object '' is present

2020-11-23 22:37:07 - [MESSAGE][PASSED] - Object '' is not checked

2020-11-23 22:37:07 - [MESSAGE][PASSED] - Object '' is present

2020-11-23 22:37:07 - [MESSAGE][PASSED] - Object '' is not checked

2020-11-23 22:37:08 - [MESSAGE][PASSED] - Object '' is present

2020-11-23 22:37:08 - [MESSAGE][PASSED] - Object '' is not checked

2020-11-23 22:37:08 - [MESSAGE][PASSED] - Object '' is present

2020-11-23 22:37:08 - [MESSAGE][PASSED] - Object '' is not checked

2020-11-23 22:37:08 - [MESSAGE][PASSED] - Object '' is present

2020-11-23 22:37:08 - [MESSAGE][PASSED] - Object '' is not checked

2020-11-23 22:37:08 - [MESSAGE][PASSED] - Object '' is present

2020-11-23 22:37:08 - [MESSAGE][PASSED] - Object '' is not checked

2020-11-23 22:37:08 - [MESSAGE][PASSED] - Object '' is present

2020-11-23 22:37:08 - [MESSAGE][PASSED] - Object '' is not checked

2020-11-23 22:37:08 - [MESSAGE][PASSED] - Object '' is present

2020-11-23 22:37:08 - [MESSAGE][PASSED] - Object '' is not checked

2020-11-23 22:37:08 - [MESSAGE][PASSED] - Check unchecked contract type POS

2020-11-23 22:37:08 - [TEST_STEP][PASSED] - Click button "Logout": Click button "Logout"

2020-11-23 22:37:08 - [MESSAGE][INFO] - >>>>>//Button[contains(text(),'Logout')]

2020-11-23 22:37:11 - [MESSAGE][PASSED] - Object: '' is clicked on

2020-11-23 22:37:12 - [MESSAGE][PASSED] - Taking screenshot successfully
[[ATTACHMENT|/Users/chaidir.pratama01/Documents/Docs/Katalon Studio/Screenshot/upload.png]]

2020-11-23 22:37:12 - [MESSAGE][PASSED] - Click button "Logout"

2020-11-23 22:37:12 - [TEST_STEP][PASSED] - Close browser: Close browser

2020-11-23 22:37:12 - [MESSAGE][PASSED] - Browser is closed

2020-11-23 22:37:12 - [MESSAGE][PASSED] - Close browser

2020-11-23 22:37:12 - [MESSAGE][PASSED] - Feature file: 'Include/features/IST_Real/CONTRACT_DISPATCHER_ADMIN/MANAGEMENT_ASSIGNMENT/Reset_All_Users.feature' was passed]]></system-out>
         <system-err><![CDATA[]]></system-err>
      </testcase>
      <testcase name="Test Cases/IST_Real/CONTRACT_DISPATCHER_DONA_B2B/BLIBLI/TC BLIBLI - Does not Exist in Contract Dispatcher Menu" time="35.17" classname="Test Cases/IST_Real/CONTRACT_DISPATCHER_DONA_B2B/BLIBLI/TC BLIBLI - Does not Exist in Contract Dispatcher Menu" status="PASSED">
         <system-out><![CDATA[2020-11-23 22:37:12 - [TEST_CASE][PASSED] - Test Cases/IST_Real/CONTRACT_DISPATCHER_DONA_B2B/BLIBLI/TC BLIBLI - Does not Exist in Contract Dispatcher Menu: Test Cases/IST_Real/CONTRACT_DISPATCHER_DONA_B2B/BLIBLI/TC BLIBLI - Does not Exist in Contract Dispatcher Menu

2020-11-23 22:37:12 - [TEST_STEP][PASSED] - runFeatureFile("Include/features/IST_Real/CONTRACT_DISPATCHER_DONA_B2B/BLIBLI/BLIBLI_Does_Not_Exist_in_Contract_Dispatcher_Menu.feature"): Feature file: 'Include/features/IST_Real/CONTRACT_DISPATCHER_DONA_B2B/BLIBLI/BLIBLI_Does_Not_Exist_in_Contract_Dispatcher_Menu.feature' was passed

2020-11-23 22:37:12 - [MESSAGE][INFO] - Starting run keyword runFeatureFile: 'Include/features/IST_Real/CONTRACT_DISPATCHER_DONA_B2B/BLIBLI/BLIBLI_Does_Not_Exist_in_Contract_Dispatcher_Menu.feature' and extract report to folder: '/Users/chaidir.pratama01/Katalon Studio/IST_Automation_Git/Reports/20201123_222950/CONTRACT_DISPATCHER_DONA_B2B/TS_BLIBLI/20201123_222950/cucumber_report/1606145832193'...

2020-11-23 22:37:12 - [TEST_CASE][PASSED] - Start Test Case : SCENARIO Go to Menu Contract Dispatcher to select type contract Dona BliBli but it doesn't exist: SCENARIO Go to Menu Contract Dispatcher to select type contract Dona BliBli but it doesn't exist

2020-11-23 22:37:12 - [TEST_STEP][PASSED] - Go to IST: Go to IST

2020-11-23 22:37:12 - [MESSAGE][INFO] - Starting 'Chrome (headless)' driver

2020-11-23 22:37:12 - [MESSAGE][INFO] - User set preference: ['args', '[--start-maximized, --disable-gpu, --no-proxy-server, –-no-sandbox, --allow-running-insecure-content, --ignore-certificate-errors, window-size=1680,814, force-device-scale-factor=2, --lang=en-GB]']

2020-11-23 22:37:12 - [MESSAGE][INFO] - Action delay is set to 0 milliseconds

2020-11-23 22:37:12 - [MESSAGE][PASSED] - Browser is opened with url: ''

2020-11-23 22:37:13 - [MESSAGE][PASSED] - Navigate to 'https://dev-ist.homecredit.id/ist_tracker/' successfully

2020-11-23 22:37:14 - [MESSAGE][PASSED] - Taking screenshot successfully
[[ATTACHMENT|/Users/chaidir.pratama01/Documents/Docs/Katalon Studio/Screenshot/IST_Page.png]]

2020-11-23 22:37:14 - [MESSAGE][PASSED] - Go to IST

2020-11-23 22:37:14 - [TEST_STEP][PASSED] - Login IST with valid credentials: Login IST with valid credentials

2020-11-23 22:37:14 - [MESSAGE][PASSED] - Text 'mobile.test' is set on object 'Object Repository/Page_/input_Username_j_username'

2020-11-23 22:37:14 - [MESSAGE][PASSED] - Text ****** has been set on object 'Object Repository/Page_/input_Password_j_password'

2020-11-23 22:37:14 - [MESSAGE][PASSED] - Object: 'Object Repository/Page_/button_Login' is clicked on

2020-11-23 22:37:14 - [MESSAGE][PASSED] - Login IST with valid credentials

2020-11-23 22:37:14 - [TEST_STEP][PASSED] - Login Success for contract dispatcher: Login Success for contract dispatcher

2020-11-23 22:37:14 - [MESSAGE][INFO] - Login Success

2020-11-23 22:37:14 - [MESSAGE][PASSED] - Current window maximized

2020-11-23 22:37:15 - [MESSAGE][PASSED] - Object 'Object Repository/Page_/h1_Welcome to IT Supporting Tools' is present

2020-11-23 22:37:15 - [MESSAGE][PASSED] - Login Success for contract dispatcher

2020-11-23 22:37:15 - [TEST_STEP][PASSED] - Select Menu "Contract Dispatcher": Select Menu "Contract Dispatcher"

2020-11-23 22:37:15 - [MESSAGE][PASSED] - Taking screenshot successfully
[[ATTACHMENT|/Users/chaidir.pratama01/Documents/Docs/Katalon Studio/Screenshot/test-Contract Dispatcher.png]]

2020-11-23 22:37:15 - [MESSAGE][PASSED] - Object '' is present

2020-11-23 22:37:15 - [MESSAGE][PASSED] - Object: '' is clicked on

2020-11-23 22:37:15 - [MESSAGE][PASSED] - Wait for page load successfully

2020-11-23 22:37:15 - [MESSAGE][PASSED] - Select Menu "Contract Dispatcher"

2020-11-23 22:37:15 - [TEST_STEP][PASSED] - Select Contract Number based on Type Contract "DONA_BLIBLI": Select Contract Number based on Type Contract "DONA_BLIBLI"

2020-11-23 22:37:15 - [MESSAGE][PASSED] - Object '' is present

2020-11-23 22:37:46 - [MESSAGE][INFO] - Unable to find the element located by 'By.xpath: //span[contains(text(),'336')]/../../following-sibling::td[1]/div/span[contains(text(),'DONA_BLIBLI')]'. Please recheck the objects properties to make sure the desired element is located. 

2020-11-23 22:37:47 - [MESSAGE][WARNING] - com.kms.katalon.core.webui.exception.WebElementNotFoundException: Web element with id: '' located by '//span[contains(text(),'336')]/../../following-sibling::td[1]/div/span[contains(text(),'DONA_BLIBLI')]' not found (Root cause: com.kms.katalon.core.exception.StepFailedException: com.kms.katalon.core.webui.exception.WebElementNotFoundException: Web element with id: '' located by '//span[contains(text(),'336')]/../../following-sibling::td[1]/div/span[contains(text(),'DONA_BLIBLI')]' not found
	at com.kms.katalon.core.webui.keyword.internal.WebUIKeywordMain.stepFailed(WebUIKeywordMain.groovy:64)
	at com.kms.katalon.core.webui.keyword.builtin.VerifyElementPresentKeyword$_verifyElementPresent_closure1.doCall(VerifyElementPresentKeyword.groovy:85)
	at com.kms.katalon.core.webui.keyword.builtin.VerifyElementPresentKeyword$_verifyElementPresent_closure1.call(VerifyElementPresentKeyword.groovy)
	at com.kms.katalon.core.webui.keyword.internal.WebUIKeywordMain.runKeyword(WebUIKeywordMain.groovy:20)
	at com.kms.katalon.core.webui.keyword.builtin.VerifyElementPresentKeyword.verifyElementPresent(VerifyElementPresentKeyword.groovy:92)
	at com.kms.katalon.core.webui.keyword.builtin.VerifyElementPresentKeyword.execute(VerifyElementPresentKeyword.groovy:68)
	at com.kms.katalon.core.keyword.internal.KeywordExecutor.executeKeywordForPlatform(KeywordExecutor.groovy:73)
	at com.kms.katalon.core.webui.keyword.WebUiBuiltInKeywords.verifyElementPresent(WebUiBuiltInKeywords.groovy:1444)
	at com.kms.katalon.core.webui.keyword.WebUiBuiltInKeywords$verifyElementPresent$14.call(Unknown Source)
	at ist_real.Contract_Dispatcher.Contract_Number_based_Type_Contract(Contract_Dispatcher.groovy:356)
	at cucumber.runtime.Utils$1.call(Utils.java:26)
	at cucumber.runtime.Timeout.timeout(Timeout.java:16)
	at cucumber.runtime.Utils.invoke(Utils.java:20)
	at cucumber.runtime.java.JavaStepDefinition.execute(JavaStepDefinition.java:48)
	at cucumber.runtime.PickleStepDefinitionMatch.runStep(PickleStepDefinitionMatch.java:50)
	at cucumber.runner.TestStep.executeStep(TestStep.java:55)
	at cucumber.runner.TestStep.run(TestStep.java:42)
	at cucumber.runner.PickleStepTestStep.run(PickleStepTestStep.java:53)
	at cucumber.runner.TestCase.run(TestCase.java:47)
	at cucumber.runner.Runner.runPickle(Runner.java:44)
	at cucumber.runtime.Runtime.runFeature(Runtime.java:120)
	at cucumber.runtime.Runtime.run(Runtime.java:106)
	at cucumber.api.cli.Main.run(Main.java:35)
	at cucumber.api.cli.Main$run.call(Unknown Source)
	at com.kms.katalon.core.cucumber.keyword.CucumberBuiltinKeywords$_runFeatureFile_closure1.doCall(CucumberBuiltinKeywords.groovy:76)
	at com.kms.katalon.core.cucumber.keyword.CucumberBuiltinKeywords$_runFeatureFile_closure1.doCall(CucumberBuiltinKeywords.groovy)
	at com.kms.katalon.core.keyword.internal.KeywordMain.runKeyword(KeywordMain.groovy:68)
	at com.kms.katalon.core.keyword.internal.KeywordMain$runKeyword.call(Unknown Source)
	at com.kms.katalon.core.cucumber.keyword.CucumberBuiltinKeywords.runFeatureFile(CucumberBuiltinKeywords.groovy:46)
	at com.kms.katalon.core.cucumber.keyword.CucumberBuiltinKeywords$runFeatureFile$0.callStatic(Unknown Source)
	at com.kms.katalon.core.cucumber.keyword.CucumberBuiltinKeywords.runFeatureFile(CucumberBuiltinKeywords.groovy:169)
	at com.kms.katalon.core.cucumber.keyword.CucumberBuiltinKeywords$runFeatureFile.call(Unknown Source)
	at TC BLIBLI - Does not Exist in Contract Dispatcher Menu.run(TC BLIBLI - Does not Exist in Contract Dispatcher Menu:18)
	at com.kms.katalon.core.main.ScriptEngine.run(ScriptEngine.java:194)
	at com.kms.katalon.core.main.ScriptEngine.runScriptAsRawText(ScriptEngine.java:119)
	at com.kms.katalon.core.main.TestCaseExecutor.runScript(TestCaseExecutor.java:339)
	at com.kms.katalon.core.main.TestCaseExecutor.doExecute(TestCaseExecutor.java:330)
	at com.kms.katalon.core.main.TestCaseExecutor.processExecutionPhase(TestCaseExecutor.java:309)
	at com.kms.katalon.core.main.TestCaseExecutor.accessMainPhase(TestCaseExecutor.java:301)
	at com.kms.katalon.core.main.TestCaseExecutor.execute(TestCaseExecutor.java:235)
	at com.kms.katalon.core.main.TestSuiteExecutor.accessTestCaseMainPhase(TestSuiteExecutor.java:191)
	at com.kms.katalon.core.main.TestSuiteExecutor.accessTestSuiteMainPhase(TestSuiteExecutor.java:141)
	at com.kms.katalon.core.main.TestSuiteExecutor.execute(TestSuiteExecutor.java:90)
	at com.kms.katalon.core.main.TestCaseMain.startTestSuite(TestCaseMain.java:157)
	at com.kms.katalon.core.main.TestCaseMain$startTestSuite$0.call(Unknown Source)
	at TempTestSuite1606145390827.run(TempTestSuite1606145390827.groovy:39)
)
[[ATTACHMENT|/Users/chaidir.pratama01/Katalon Studio/IST_Automation_Git/Reports/20201123_222950/CONTRACT_DISPATCHER_DONA_B2B/TS_BLIBLI/20201123_222950/1606145866738.png]]

2020-11-23 22:37:47 - [MESSAGE][PASSED] - Select Contract Number based on Type Contract "DONA_BLIBLI"

2020-11-23 22:37:47 - [TEST_STEP][PASSED] - Comment "Type Contract DONA BliBli Does Not Exist": Comment "Type Contract DONA BliBli Does Not Exist"

2020-11-23 22:37:47 - [MESSAGE][INFO] - Type Contract DONA BliBli Does Not Exist

2020-11-23 22:37:47 - [MESSAGE][PASSED] - Comment "Type Contract DONA BliBli Does Not Exist"

2020-11-23 22:37:47 - [TEST_STEP][PASSED] - Close browser: Close browser

2020-11-23 22:37:47 - [MESSAGE][PASSED] - Browser is closed

2020-11-23 22:37:47 - [MESSAGE][PASSED] - Close browser

2020-11-23 22:37:47 - [MESSAGE][PASSED] - Feature file: 'Include/features/IST_Real/CONTRACT_DISPATCHER_DONA_B2B/BLIBLI/BLIBLI_Does_Not_Exist_in_Contract_Dispatcher_Menu.feature' was passed]]></system-out>
         <system-err><![CDATA[]]></system-err>
      </testcase>
      <testcase name="Test Cases/IST_Real/CONTRACT_DISPATCHER_DONA_B2B/BLIBLI/TC BLIBLI - Update Tbl CDS CDC TRKRegMistake" time="0.884" classname="Test Cases/IST_Real/CONTRACT_DISPATCHER_DONA_B2B/BLIBLI/TC BLIBLI - Update Tbl CDS CDC TRKRegMistake" status="PASSED">
         <system-out><![CDATA[2020-11-23 22:37:47 - [TEST_CASE][PASSED] - Test Cases/IST_Real/CONTRACT_DISPATCHER_DONA_B2B/BLIBLI/TC BLIBLI - Update Tbl CDS CDC TRKRegMistake: Test Cases/IST_Real/CONTRACT_DISPATCHER_DONA_B2B/BLIBLI/TC BLIBLI - Update Tbl CDS CDC TRKRegMistake

2020-11-23 22:37:47 - [TEST_STEP][PASSED] - runFeatureFile("Include/features/IST_Real/CONTRACT_DISPATCHER_DONA_B2B/BLIBLI/Update_Tbl_CDS_CDC_TRKRegMistake.feature"): Feature file: 'Include/features/IST_Real/CONTRACT_DISPATCHER_DONA_B2B/BLIBLI/Update_Tbl_CDS_CDC_TRKRegMistake.feature' was passed

2020-11-23 22:37:47 - [MESSAGE][INFO] - Starting run keyword runFeatureFile: 'Include/features/IST_Real/CONTRACT_DISPATCHER_DONA_B2B/BLIBLI/Update_Tbl_CDS_CDC_TRKRegMistake.feature' and extract report to folder: '/Users/chaidir.pratama01/Katalon Studio/IST_Automation_Git/Reports/20201123_222950/CONTRACT_DISPATCHER_DONA_B2B/TS_BLIBLI/20201123_222950/cucumber_report/1606145867285'...

2020-11-23 22:37:47 - [TEST_CASE][PASSED] - Start Test Case : SCENARIO Update Table CONTRACT_DISPATCHER_SOURCE and CONTRACT_DISPTACHER_CLAIM: SCENARIO Update Table CONTRACT_DISPATCHER_SOURCE and CONTRACT_DISPTACHER_CLAIM

2020-11-23 22:37:47 - [TEST_STEP][PASSED] - Connect to Database: Connect to Database

2020-11-23 22:37:47 - [MESSAGE][PASSED] - Connect to Database

2020-11-23 22:37:47 - [TEST_STEP][PASSED] - Update Tbl CONTRACT DISPATCHER SOURCE To Change PROCESSED From Y to N For BLIBLI: Update Tbl CONTRACT DISPATCHER SOURCE To Change PROCESSED From Y to N For BLIBLI

2020-11-23 22:37:47 - [MESSAGE][PASSED] - Update Tbl CONTRACT DISPATCHER SOURCE To Change PROCESSED From Y to N For BLIBLI

2020-11-23 22:37:47 - [TEST_STEP][PASSED] - Update Tbl CONTRACT DISPATCHER CLAIM To Delete PROCESS From Column STATUS: Update Tbl CONTRACT DISPATCHER CLAIM To Delete PROCESS From Column STATUS

2020-11-23 22:37:48 - [MESSAGE][PASSED] - Update Tbl CONTRACT DISPATCHER CLAIM To Delete PROCESS From Column STATUS

2020-11-23 22:37:48 - [TEST_STEP][PASSED] - Delete Contract From TRK_REGISTRATION_MISTAKE: Delete Contract From TRK_REGISTRATION_MISTAKE

2020-11-23 22:37:48 - [MESSAGE][PASSED] - Delete Contract From TRK_REGISTRATION_MISTAKE

2020-11-23 22:37:48 - [MESSAGE][PASSED] - Feature file: 'Include/features/IST_Real/CONTRACT_DISPATCHER_DONA_B2B/BLIBLI/Update_Tbl_CDS_CDC_TRKRegMistake.feature' was passed]]></system-out>
         <system-err><![CDATA[]]></system-err>
      </testcase>
      <system-out><![CDATA[2020-11-23 22:29:58 - [TEST_SUITE][FAILED] - TS_BLIBLI: Test Cases/IST_Real/CONTRACT_DISPATCHER_DONA_B2B/BLIBLI/TC BLIBLI - Contract Dispatcher BLIBLI FAILED.
Reason:
com.kms.katalon.core.exception.StepFailedException: Feature file 'Include/features/IST_Real/CONTRACT_DISPATCHER_DONA_B2B/BLIBLI/Contract_Dispatcher_BLIBLI.feature' was failed
	at com.kms.katalon.core.keyword.internal.KeywordMain.stepFailed(KeywordMain.groovy:50)
	at com.kms.katalon.core.keyword.internal.KeywordMain.stepFailed(KeywordMain.groovy)
	at com.kms.katalon.core.keyword.internal.KeywordMain.stepFailed(KeywordMain.groovy:23)
	at com.kms.katalon.core.keyword.internal.KeywordMain$stepFailed$0.call(Unknown Source)
	at com.kms.katalon.core.cucumber.keyword.CucumberBuiltinKeywords$_runFeatureFile_closure1.doCall(CucumberBuiltinKeywords.groovy:82)
	at com.kms.katalon.core.cucumber.keyword.CucumberBuiltinKeywords$_runFeatureFile_closure1.doCall(CucumberBuiltinKeywords.groovy)
	at com.kms.katalon.core.keyword.internal.KeywordMain.runKeyword(KeywordMain.groovy:68)
	at com.kms.katalon.core.keyword.internal.KeywordMain$runKeyword.call(Unknown Source)
	at com.kms.katalon.core.cucumber.keyword.CucumberBuiltinKeywords.runFeatureFile(CucumberBuiltinKeywords.groovy:46)
	at com.kms.katalon.core.cucumber.keyword.CucumberBuiltinKeywords$runFeatureFile$0.callStatic(Unknown Source)
	at com.kms.katalon.core.cucumber.keyword.CucumberBuiltinKeywords.runFeatureFile(CucumberBuiltinKeywords.groovy:169)
	at com.kms.katalon.core.cucumber.keyword.CucumberBuiltinKeywords$runFeatureFile.call(Unknown Source)
	at TC BLIBLI - Contract Dispatcher BLIBLI.run(TC BLIBLI - Contract Dispatcher BLIBLI:18)
	at com.kms.katalon.core.main.ScriptEngine.run(ScriptEngine.java:194)
	at com.kms.katalon.core.main.ScriptEngine.runScriptAsRawText(ScriptEngine.java:119)
	at com.kms.katalon.core.main.TestCaseExecutor.runScript(TestCaseExecutor.java:339)
	at com.kms.katalon.core.main.TestCaseExecutor.doExecute(TestCaseExecutor.java:330)
	at com.kms.katalon.core.main.TestCaseExecutor.processExecutionPhase(TestCaseExecutor.java:309)
	at com.kms.katalon.core.main.TestCaseExecutor.accessMainPhase(TestCaseExecutor.java:301)
	at com.kms.katalon.core.main.TestCaseExecutor.execute(TestCaseExecutor.java:235)
	at com.kms.katalon.core.main.TestSuiteExecutor.accessTestCaseMainPhase(TestSuiteExecutor.java:191)
	at com.kms.katalon.core.main.TestSuiteExecutor.accessTestSuiteMainPhase(TestSuiteExecutor.java:141)
	at com.kms.katalon.core.main.TestSuiteExecutor.execute(TestSuiteExecutor.java:90)
	at com.kms.katalon.core.main.TestCaseMain.startTestSuite(TestCaseMain.java:157)
	at com.kms.katalon.core.main.TestCaseMain$startTestSuite$0.call(Unknown Source)
	at TempTestSuite1606145390827.run(TempTestSuite1606145390827.groovy:39)]]></system-out>
      <system-err><![CDATA[2020-11-23 22:29:58 - [TEST_SUITE][FAILED] - TS_BLIBLI: Test Cases/IST_Real/CONTRACT_DISPATCHER_DONA_B2B/BLIBLI/TC BLIBLI - Contract Dispatcher BLIBLI FAILED.
Reason:
com.kms.katalon.core.exception.StepFailedException: Feature file 'Include/features/IST_Real/CONTRACT_DISPATCHER_DONA_B2B/BLIBLI/Contract_Dispatcher_BLIBLI.feature' was failed
	at com.kms.katalon.core.keyword.internal.KeywordMain.stepFailed(KeywordMain.groovy:50)
	at com.kms.katalon.core.keyword.internal.KeywordMain.stepFailed(KeywordMain.groovy)
	at com.kms.katalon.core.keyword.internal.KeywordMain.stepFailed(KeywordMain.groovy:23)
	at com.kms.katalon.core.keyword.internal.KeywordMain$stepFailed$0.call(Unknown Source)
	at com.kms.katalon.core.cucumber.keyword.CucumberBuiltinKeywords$_runFeatureFile_closure1.doCall(CucumberBuiltinKeywords.groovy:82)
	at com.kms.katalon.core.cucumber.keyword.CucumberBuiltinKeywords$_runFeatureFile_closure1.doCall(CucumberBuiltinKeywords.groovy)
	at com.kms.katalon.core.keyword.internal.KeywordMain.runKeyword(KeywordMain.groovy:68)
	at com.kms.katalon.core.keyword.internal.KeywordMain$runKeyword.call(Unknown Source)
	at com.kms.katalon.core.cucumber.keyword.CucumberBuiltinKeywords.runFeatureFile(CucumberBuiltinKeywords.groovy:46)
	at com.kms.katalon.core.cucumber.keyword.CucumberBuiltinKeywords$runFeatureFile$0.callStatic(Unknown Source)
	at com.kms.katalon.core.cucumber.keyword.CucumberBuiltinKeywords.runFeatureFile(CucumberBuiltinKeywords.groovy:169)
	at com.kms.katalon.core.cucumber.keyword.CucumberBuiltinKeywords$runFeatureFile.call(Unknown Source)
	at TC BLIBLI - Contract Dispatcher BLIBLI.run(TC BLIBLI - Contract Dispatcher BLIBLI:18)
	at com.kms.katalon.core.main.ScriptEngine.run(ScriptEngine.java:194)
	at com.kms.katalon.core.main.ScriptEngine.runScriptAsRawText(ScriptEngine.java:119)
	at com.kms.katalon.core.main.TestCaseExecutor.runScript(TestCaseExecutor.java:339)
	at com.kms.katalon.core.main.TestCaseExecutor.doExecute(TestCaseExecutor.java:330)
	at com.kms.katalon.core.main.TestCaseExecutor.processExecutionPhase(TestCaseExecutor.java:309)
	at com.kms.katalon.core.main.TestCaseExecutor.accessMainPhase(TestCaseExecutor.java:301)
	at com.kms.katalon.core.main.TestCaseExecutor.execute(TestCaseExecutor.java:235)
	at com.kms.katalon.core.main.TestSuiteExecutor.accessTestCaseMainPhase(TestSuiteExecutor.java:191)
	at com.kms.katalon.core.main.TestSuiteExecutor.accessTestSuiteMainPhase(TestSuiteExecutor.java:141)
	at com.kms.katalon.core.main.TestSuiteExecutor.execute(TestSuiteExecutor.java:90)
	at com.kms.katalon.core.main.TestCaseMain.startTestSuite(TestCaseMain.java:157)
	at com.kms.katalon.core.main.TestCaseMain$startTestSuite$0.call(Unknown Source)
	at TempTestSuite1606145390827.run(TempTestSuite1606145390827.groovy:39)]]></system-err>
   </testsuite>
</testsuites>
