<?xml version="1.0" encoding="UTF-8"?>
<testsuites name="TS_Dashboard_for_BO_In_Payment" time="299.68" tests="5" failures="0" errors="0">
   <testsuite name="TS_Dashboard_for_BO_In_Payment" tests="5" failures="0" errors="0" time="299.68" timestamp="2021-01-21 15:25:13" hostname="chaidir.pratama01 - localhost" id="Test Suites/RTD/TS_Dashboard_for_BO_In_Payment">
      <properties>
         <property name="deviceName" value=""/>
         <property name="devicePlatform" value=""/>
         <property name="logFolder" value="/Users/chaidir.pratama01/Katalon Studio/IST_Automation_Git/Reports/20210121_152506/RTD/TS_Dashboard_for_BO_In_Payment/20210121_152506"/>
         <property name="logFiles" value="/Users/chaidir.pratama01/Katalon Studio/IST_Automation_Git/Reports/20210121_152506/RTD/TS_Dashboard_for_BO_In_Payment/20210121_152506/execution0.log"/>
         <property name="attachments" value="/Users/chaidir.pratama01/Documents/Docs/Katalon Studio/Screenshot/test-Dashboard for BO In Payment.png, /Users/chaidir.pratama01/Documents/Docs/Katalon Studio/Screenshot/test-Dashboard for BO In Payment.png, /Users/chaidir.pratama01/Documents/Docs/Katalon Studio/Screenshot/test-Dashboard for BO In Payment.png, /Users/chaidir.pratama01/Documents/Docs/Katalon Studio/Screenshot/test-Dashboard for BO In Payment.png, /Users/chaidir.pratama01/Documents/Docs/Katalon Studio/Screenshot/test-Dashboard for BO In Payment.png, /Users/chaidir.pratama01/Documents/Docs/Katalon Studio/Screenshot/test-Dashboard for BO In Payment.png, /Users/chaidir.pratama01/Documents/Docs/Katalon Studio/Screenshot/test-Dashboard for BO In Payment.png, /Users/chaidir.pratama01/Katalon Studio/IST_Automation_Git/Reports/20210121_152506/RTD/TS_Dashboard_for_BO_In_Payment/20210121_152506/1611217628162.png, /Users/chaidir.pratama01/Documents/Docs/Katalon Studio/Screenshot/test-Dashboard for BO In Payment.png, /Users/chaidir.pratama01/Katalon Studio/IST_Automation_Git/Reports/20210121_152506/RTD/TS_Dashboard_for_BO_In_Payment/20210121_152506/1611217669398.png, /Users/chaidir.pratama01/Documents/Docs/Katalon Studio/Screenshot/test-Dashboard for BO In Payment.png, /Users/chaidir.pratama01/Documents/Docs/Katalon Studio/Screenshot/test-Dashboard for BO In Payment.png, /Users/chaidir.pratama01/Documents/Docs/Katalon Studio/Screenshot/test-Dashboard for BO In Payment.png, /Users/chaidir.pratama01/Documents/Docs/Katalon Studio/Screenshot/test-Dashboard for BO In Payment.png, /Users/chaidir.pratama01/Documents/Docs/Katalon Studio/Screenshot/test-Dashboard for BO In Payment.png, /Users/chaidir.pratama01/Documents/Docs/Katalon Studio/Screenshot/Download_data.png, /Users/chaidir.pratama01/Documents/Docs/Katalon Studio/Screenshot/test-Dashboard for BO In Payment.png, /Users/chaidir.pratama01/Documents/Docs/Katalon Studio/Screenshot/errorpopup.png, /Users/chaidir.pratama01/Documents/Docs/Katalon Studio/Screenshot/test-Dashboard for BO In Payment.png, /Users/chaidir.pratama01/Documents/Docs/Katalon Studio/Screenshot/errorpopup.png, /Users/chaidir.pratama01/Documents/Docs/Katalon Studio/Screenshot/test-Dashboard for BO In Payment.png"/>
         <property name="hostName" value="chaidir.pratama01 - localhost"/>
         <property name="os" value="Mac OS X 64bit"/>
         <property name="katalonVersion" value="7.6.0.${buildNumber}"/>
         <property name="browser" value="Chrome 87.0.4280.141"/>
         <property name="hostAddress" value="127.0.0.1"/>
         <property name="sessionId" value="72d07c9b47557898a68789264a31083e"/>
         <property name="seleniumVersion" value="3.141.59"/>
         <property name="proxyInformation" value="ProxyInformation { proxyOption=NO_PROXY, proxyServerType=HTTP, username=, password=********, proxyServerAddress=, proxyServerPort=0, executionList=\&quot;\&quot;, isApplyToDesiredCapabilities=true }"/>
         <property name="platform" value="Mac OS X"/>
      </properties>
      <testcase name="Test Cases/RTD/Dashboard for BO in Payment/TC_Search_by_Status" time="201.315" classname="Test Cases/RTD/Dashboard for BO in Payment/TC_Search_by_Status" status="PASSED">
         <system-out><![CDATA[2021-01-21 15:25:13 - [TEST_CASE][PASSED] - Test Cases/RTD/Dashboard for BO in Payment/TC_Search_by_Status: Test Cases/RTD/Dashboard for BO in Payment/TC_Search_by_Status

2021-01-21 15:25:13 - [TEST_STEP][PASSED] - runFeatureFile("Include/features/IST_Real/RTD/Dashboard_for_BO_In_Payment/Search_by_Status.feature"): Feature file: 'Include/features/IST_Real/RTD/Dashboard_for_BO_In_Payment/Search_by_Status.feature' was passed

2021-01-21 15:25:13 - [MESSAGE][INFO] - Starting run keyword runFeatureFile: 'Include/features/IST_Real/RTD/Dashboard_for_BO_In_Payment/Search_by_Status.feature' and extract report to folder: '/Users/chaidir.pratama01/Katalon Studio/IST_Automation_Git/Reports/20210121_152506/RTD/TS_Dashboard_for_BO_In_Payment/20210121_152506/cucumber_report/1611217513851'...

2021-01-21 15:25:14 - [TEST_CASE][PASSED] - Start Test Case : SCENARIO Search by STATUS Eligible to Disburse: SCENARIO Search by STATUS Eligible to Disburse

2021-01-21 15:25:14 - [TEST_STEP][PASSED] - Go to ISTools: Go to ISTools

2021-01-21 15:25:14 - [MESSAGE][INFO] - Starting 'Chrome (headless)' driver

2021-01-21 15:25:14 - [MESSAGE][INFO] - User set preference: ['args', '[--start-maximized, --disable-gpu, --no-proxy-server, –-no-sandbox, --allow-running-insecure-content, --ignore-certificate-errors, window-size=1680,814, force-device-scale-factor=2, --lang=en-GB]']

2021-01-21 15:25:14 - [MESSAGE][INFO] - User set preference: ['prefs', '{download.default_directory=/Users/chaidir.pratama01/Katalon Studio/IST_Automation_Git/Download}']

2021-01-21 15:25:14 - [MESSAGE][INFO] - Action delay is set to 0 milliseconds

2021-01-21 15:25:15 - [MESSAGE][PASSED] - Browser is opened with url: ''

2021-01-21 15:25:17 - [MESSAGE][PASSED] - Navigate to 'https://dev-istools.homecredit.id/foundation/' successfully

2021-01-21 15:25:17 - [MESSAGE][PASSED] - Go to ISTools

2021-01-21 15:25:17 - [TEST_STEP][PASSED] - Login IST with valid credentials: Login IST with valid credentials

2021-01-21 15:25:17 - [MESSAGE][PASSED] - Text 'mobile.test' is set on object 'Object Repository/Page_/input_Username_j_username'

2021-01-21 15:25:17 - [MESSAGE][PASSED] - Text ****** has been set on object 'Object Repository/Page_/input_Password_j_password'

2021-01-21 15:25:18 - [MESSAGE][PASSED] - Object: 'Object Repository/Page_/button_Login' is clicked on

2021-01-21 15:25:18 - [MESSAGE][PASSED] - Login IST with valid credentials

2021-01-21 15:25:18 - [TEST_STEP][PASSED] - Login Success: Login Success

2021-01-21 15:25:18 - [MESSAGE][INFO] - Login Success

2021-01-21 15:25:18 - [MESSAGE][PASSED] - Current window maximized

2021-01-21 15:25:18 - [MESSAGE][PASSED] - Object 'Object Repository/Page_/h1_Welcome to IT Supporting Tools' is present

2021-01-21 15:25:18 - [MESSAGE][PASSED] - Login Success

2021-01-21 15:25:18 - [TEST_STEP][PASSED] - Select Arrow Menu "Real Time Disbursement": Select Arrow Menu "Real Time Disbursement"

2021-01-21 15:25:18 - [MESSAGE][PASSED] - Object: '' is clicked on

2021-01-21 15:25:18 - [MESSAGE][PASSED] - Select Arrow Menu "Real Time Disbursement"

2021-01-21 15:25:18 - [TEST_STEP][PASSED] - Select Menu "Dashboard for BO In Payment": Select Menu "Dashboard for BO In Payment"

2021-01-21 15:25:19 - [MESSAGE][PASSED] - Taking screenshot successfully
[[ATTACHMENT|/Users/chaidir.pratama01/Documents/Docs/Katalon Studio/Screenshot/test-Dashboard for BO In Payment.png]]

2021-01-21 15:25:19 - [MESSAGE][PASSED] - Object '' is present

2021-01-21 15:25:19 - [MESSAGE][PASSED] - Object: '' is clicked on

2021-01-21 15:25:19 - [MESSAGE][PASSED] - Wait for page load successfully

2021-01-21 15:25:19 - [MESSAGE][PASSED] - Select Menu "Dashboard for BO In Payment"

2021-01-21 15:25:19 - [TEST_STEP][PASSED] - Select STATUS "Eligible to disburse": Select STATUS "Eligible to disburse"

2021-01-21 15:25:19 - [MESSAGE][PASSED] - All options with value 'Eligible to disburse' are selected in object ''  using regular expression

2021-01-21 15:25:19 - [MESSAGE][PASSED] - Select STATUS "Eligible to disburse"

2021-01-21 15:25:19 - [TEST_STEP][PASSED] - Click button "Search": Click button "Search"

2021-01-21 15:25:19 - [MESSAGE][INFO] - >>>>>//Button[contains(text(),'Search')]

2021-01-21 15:25:22 - [MESSAGE][PASSED] - Object '' is present

2021-01-21 15:25:22 - [MESSAGE][PASSED] - Object: '' is clicked on

2021-01-21 15:25:22 - [MESSAGE][PASSED] - Switched to window with index: '0'

2021-01-21 15:25:22 - [MESSAGE][PASSED] - Click button "Search"

2021-01-21 15:25:22 - [TEST_STEP][PASSED] - Verify Search Result Presents: Verify Search Result Presents

2021-01-21 15:25:23 - [MESSAGE][PASSED] - Object '' is present

2021-01-21 15:25:29 - [MESSAGE][PASSED] - Verify Search Result Presents

2021-01-21 15:25:29 - [TEST_STEP][PASSED] - Click button "Logout": Click button "Logout"

2021-01-21 15:25:30 - [MESSAGE][INFO] - >>>>>//Button[contains(text(),'Logout')]

2021-01-21 15:25:33 - [MESSAGE][PASSED] - Object '' is present

2021-01-21 15:25:33 - [MESSAGE][PASSED] - Object: '' is clicked on

2021-01-21 15:25:33 - [MESSAGE][PASSED] - Switched to window with index: '0'

2021-01-21 15:25:33 - [MESSAGE][PASSED] - Click button "Logout"

2021-01-21 15:25:33 - [TEST_STEP][PASSED] - Close browser: Close browser

2021-01-21 15:25:33 - [MESSAGE][PASSED] - Browser is closed

2021-01-21 15:25:33 - [MESSAGE][PASSED] - Close browser

2021-01-21 15:25:33 - [TEST_CASE][PASSED] - Start Test Case : SCENARIO Search by STATUS Waiting validation from Risk: SCENARIO Search by STATUS Waiting validation from Risk

2021-01-21 15:25:33 - [TEST_STEP][PASSED] - Go to ISTools: Go to ISTools

2021-01-21 15:25:33 - [MESSAGE][INFO] - Starting 'Chrome (headless)' driver

2021-01-21 15:25:33 - [MESSAGE][INFO] - User set preference: ['args', '[--start-maximized, --disable-gpu, --no-proxy-server, –-no-sandbox, --allow-running-insecure-content, --ignore-certificate-errors, window-size=1680,814, force-device-scale-factor=2, --lang=en-GB]']

2021-01-21 15:25:33 - [MESSAGE][INFO] - User set preference: ['prefs', '{download.default_directory=/Users/chaidir.pratama01/Katalon Studio/IST_Automation_Git/Download}']

2021-01-21 15:25:33 - [MESSAGE][INFO] - Action delay is set to 0 milliseconds

2021-01-21 15:25:33 - [MESSAGE][PASSED] - Browser is opened with url: ''

2021-01-21 15:25:34 - [MESSAGE][PASSED] - Navigate to 'https://dev-istools.homecredit.id/foundation/' successfully

2021-01-21 15:25:34 - [MESSAGE][PASSED] - Go to ISTools

2021-01-21 15:25:34 - [TEST_STEP][PASSED] - Login IST with valid credentials: Login IST with valid credentials

2021-01-21 15:25:34 - [MESSAGE][PASSED] - Text 'mobile.test' is set on object 'Object Repository/Page_/input_Username_j_username'

2021-01-21 15:25:34 - [MESSAGE][PASSED] - Text ****** has been set on object 'Object Repository/Page_/input_Password_j_password'

2021-01-21 15:25:35 - [MESSAGE][PASSED] - Object: 'Object Repository/Page_/button_Login' is clicked on

2021-01-21 15:25:35 - [MESSAGE][PASSED] - Login IST with valid credentials

2021-01-21 15:25:35 - [TEST_STEP][PASSED] - Login Success: Login Success

2021-01-21 15:25:35 - [MESSAGE][INFO] - Login Success

2021-01-21 15:25:35 - [MESSAGE][PASSED] - Current window maximized

2021-01-21 15:25:35 - [MESSAGE][PASSED] - Object 'Object Repository/Page_/h1_Welcome to IT Supporting Tools' is present

2021-01-21 15:25:35 - [MESSAGE][PASSED] - Login Success

2021-01-21 15:25:35 - [TEST_STEP][PASSED] - Select Arrow Menu "Real Time Disbursement": Select Arrow Menu "Real Time Disbursement"

2021-01-21 15:25:35 - [MESSAGE][PASSED] - Object: '' is clicked on

2021-01-21 15:25:35 - [MESSAGE][PASSED] - Select Arrow Menu "Real Time Disbursement"

2021-01-21 15:25:35 - [TEST_STEP][PASSED] - Select Menu "Dashboard for BO In Payment": Select Menu "Dashboard for BO In Payment"

2021-01-21 15:25:36 - [MESSAGE][PASSED] - Taking screenshot successfully
[[ATTACHMENT|/Users/chaidir.pratama01/Documents/Docs/Katalon Studio/Screenshot/test-Dashboard for BO In Payment.png]]

2021-01-21 15:25:36 - [MESSAGE][PASSED] - Object '' is present

2021-01-21 15:25:36 - [MESSAGE][PASSED] - Object: '' is clicked on

2021-01-21 15:25:36 - [MESSAGE][PASSED] - Wait for page load successfully

2021-01-21 15:25:36 - [MESSAGE][PASSED] - Select Menu "Dashboard for BO In Payment"

2021-01-21 15:25:36 - [TEST_STEP][PASSED] - Select STATUS "Waiting validation from Risk": Select STATUS "Waiting validation from Risk"

2021-01-21 15:25:36 - [MESSAGE][PASSED] - All options with value 'Waiting validation from Risk' are selected in object ''  using regular expression

2021-01-21 15:25:36 - [MESSAGE][PASSED] - Select STATUS "Waiting validation from Risk"

2021-01-21 15:25:36 - [TEST_STEP][PASSED] - Click button "Search": Click button "Search"

2021-01-21 15:25:36 - [MESSAGE][INFO] - >>>>>//Button[contains(text(),'Search')]

2021-01-21 15:25:39 - [MESSAGE][PASSED] - Object '' is present

2021-01-21 15:25:39 - [MESSAGE][PASSED] - Object: '' is clicked on

2021-01-21 15:25:39 - [MESSAGE][PASSED] - Switched to window with index: '0'

2021-01-21 15:25:39 - [MESSAGE][PASSED] - Click button "Search"

2021-01-21 15:25:39 - [TEST_STEP][PASSED] - Verify Search Result Presents: Verify Search Result Presents

2021-01-21 15:25:39 - [MESSAGE][PASSED] - Object '' is present

2021-01-21 15:25:42 - [MESSAGE][PASSED] - Verify Search Result Presents

2021-01-21 15:25:42 - [TEST_STEP][PASSED] - Click button "Logout": Click button "Logout"

2021-01-21 15:25:42 - [MESSAGE][INFO] - >>>>>//Button[contains(text(),'Logout')]

2021-01-21 15:25:45 - [MESSAGE][PASSED] - Object '' is present

2021-01-21 15:25:45 - [MESSAGE][PASSED] - Object: '' is clicked on

2021-01-21 15:25:45 - [MESSAGE][PASSED] - Switched to window with index: '0'

2021-01-21 15:25:45 - [MESSAGE][PASSED] - Click button "Logout"

2021-01-21 15:25:45 - [TEST_STEP][PASSED] - Close browser: Close browser

2021-01-21 15:25:45 - [MESSAGE][PASSED] - Browser is closed

2021-01-21 15:25:45 - [MESSAGE][PASSED] - Close browser

2021-01-21 15:25:45 - [TEST_CASE][PASSED] - Start Test Case : SCENARIO Search by STATUS Waiting validation from In Payment: SCENARIO Search by STATUS Waiting validation from In Payment

2021-01-21 15:25:45 - [TEST_STEP][PASSED] - Go to ISTools: Go to ISTools

2021-01-21 15:25:45 - [MESSAGE][INFO] - Starting 'Chrome (headless)' driver

2021-01-21 15:25:45 - [MESSAGE][INFO] - User set preference: ['args', '[--start-maximized, --disable-gpu, --no-proxy-server, –-no-sandbox, --allow-running-insecure-content, --ignore-certificate-errors, window-size=1680,814, force-device-scale-factor=2, --lang=en-GB]']

2021-01-21 15:25:45 - [MESSAGE][INFO] - User set preference: ['prefs', '{download.default_directory=/Users/chaidir.pratama01/Katalon Studio/IST_Automation_Git/Download}']

2021-01-21 15:25:45 - [MESSAGE][INFO] - Action delay is set to 0 milliseconds

2021-01-21 15:25:45 - [MESSAGE][PASSED] - Browser is opened with url: ''

2021-01-21 15:25:46 - [MESSAGE][PASSED] - Navigate to 'https://dev-istools.homecredit.id/foundation/' successfully

2021-01-21 15:25:46 - [MESSAGE][PASSED] - Go to ISTools

2021-01-21 15:25:46 - [TEST_STEP][PASSED] - Login IST with valid credentials: Login IST with valid credentials

2021-01-21 15:25:46 - [MESSAGE][PASSED] - Text 'mobile.test' is set on object 'Object Repository/Page_/input_Username_j_username'

2021-01-21 15:25:46 - [MESSAGE][PASSED] - Text ****** has been set on object 'Object Repository/Page_/input_Password_j_password'

2021-01-21 15:25:47 - [MESSAGE][PASSED] - Object: 'Object Repository/Page_/button_Login' is clicked on

2021-01-21 15:25:47 - [MESSAGE][PASSED] - Login IST with valid credentials

2021-01-21 15:25:47 - [TEST_STEP][PASSED] - Login Success: Login Success

2021-01-21 15:25:47 - [MESSAGE][INFO] - Login Success

2021-01-21 15:25:47 - [MESSAGE][PASSED] - Current window maximized

2021-01-21 15:25:47 - [MESSAGE][PASSED] - Object 'Object Repository/Page_/h1_Welcome to IT Supporting Tools' is present

2021-01-21 15:25:47 - [MESSAGE][PASSED] - Login Success

2021-01-21 15:25:47 - [TEST_STEP][PASSED] - Select Arrow Menu "Real Time Disbursement": Select Arrow Menu "Real Time Disbursement"

2021-01-21 15:25:47 - [MESSAGE][PASSED] - Object: '' is clicked on

2021-01-21 15:25:47 - [MESSAGE][PASSED] - Select Arrow Menu "Real Time Disbursement"

2021-01-21 15:25:47 - [TEST_STEP][PASSED] - Select Menu "Dashboard for BO In Payment": Select Menu "Dashboard for BO In Payment"

2021-01-21 15:25:47 - [MESSAGE][PASSED] - Taking screenshot successfully
[[ATTACHMENT|/Users/chaidir.pratama01/Documents/Docs/Katalon Studio/Screenshot/test-Dashboard for BO In Payment.png]]

2021-01-21 15:25:48 - [MESSAGE][PASSED] - Object '' is present

2021-01-21 15:25:48 - [MESSAGE][PASSED] - Object: '' is clicked on

2021-01-21 15:25:48 - [MESSAGE][PASSED] - Wait for page load successfully

2021-01-21 15:25:48 - [MESSAGE][PASSED] - Select Menu "Dashboard for BO In Payment"

2021-01-21 15:25:48 - [TEST_STEP][PASSED] - Select STATUS "Waiting validation from In Payment": Select STATUS "Waiting validation from In Payment"

2021-01-21 15:25:48 - [MESSAGE][PASSED] - All options with value 'Waiting validation from In Payment' are selected in object ''  using regular expression

2021-01-21 15:25:48 - [MESSAGE][PASSED] - Select STATUS "Waiting validation from In Payment"

2021-01-21 15:25:48 - [TEST_STEP][PASSED] - Click button "Search": Click button "Search"

2021-01-21 15:25:48 - [MESSAGE][INFO] - >>>>>//Button[contains(text(),'Search')]

2021-01-21 15:25:51 - [MESSAGE][PASSED] - Object '' is present

2021-01-21 15:25:51 - [MESSAGE][PASSED] - Object: '' is clicked on

2021-01-21 15:25:51 - [MESSAGE][PASSED] - Switched to window with index: '0'

2021-01-21 15:25:51 - [MESSAGE][PASSED] - Click button "Search"

2021-01-21 15:25:51 - [TEST_STEP][PASSED] - Verify Search Result Presents: Verify Search Result Presents

2021-01-21 15:25:51 - [MESSAGE][PASSED] - Object '' is present

2021-01-21 15:25:52 - [MESSAGE][PASSED] - Verify Search Result Presents

2021-01-21 15:25:52 - [TEST_STEP][PASSED] - Click button "Logout": Click button "Logout"

2021-01-21 15:25:52 - [MESSAGE][INFO] - >>>>>//Button[contains(text(),'Logout')]

2021-01-21 15:25:55 - [MESSAGE][PASSED] - Object '' is present

2021-01-21 15:25:55 - [MESSAGE][PASSED] - Object: '' is clicked on

2021-01-21 15:25:55 - [MESSAGE][PASSED] - Switched to window with index: '0'

2021-01-21 15:25:55 - [MESSAGE][PASSED] - Click button "Logout"

2021-01-21 15:25:55 - [TEST_STEP][PASSED] - Close browser: Close browser

2021-01-21 15:25:55 - [MESSAGE][PASSED] - Browser is closed

2021-01-21 15:25:55 - [MESSAGE][PASSED] - Close browser

2021-01-21 15:25:55 - [TEST_CASE][PASSED] - Start Test Case : SCENARIO Search by STATUS Ready to disburse: SCENARIO Search by STATUS Ready to disburse

2021-01-21 15:25:55 - [TEST_STEP][PASSED] - Go to ISTools: Go to ISTools

2021-01-21 15:25:55 - [MESSAGE][INFO] - Starting 'Chrome (headless)' driver

2021-01-21 15:25:55 - [MESSAGE][INFO] - User set preference: ['args', '[--start-maximized, --disable-gpu, --no-proxy-server, –-no-sandbox, --allow-running-insecure-content, --ignore-certificate-errors, window-size=1680,814, force-device-scale-factor=2, --lang=en-GB]']

2021-01-21 15:25:55 - [MESSAGE][INFO] - User set preference: ['prefs', '{download.default_directory=/Users/chaidir.pratama01/Katalon Studio/IST_Automation_Git/Download}']

2021-01-21 15:25:55 - [MESSAGE][INFO] - Action delay is set to 0 milliseconds

2021-01-21 15:25:55 - [MESSAGE][PASSED] - Browser is opened with url: ''

2021-01-21 15:25:56 - [MESSAGE][PASSED] - Navigate to 'https://dev-istools.homecredit.id/foundation/' successfully

2021-01-21 15:25:56 - [MESSAGE][PASSED] - Go to ISTools

2021-01-21 15:25:56 - [TEST_STEP][PASSED] - Login IST with valid credentials: Login IST with valid credentials

2021-01-21 15:25:56 - [MESSAGE][PASSED] - Text 'mobile.test' is set on object 'Object Repository/Page_/input_Username_j_username'

2021-01-21 15:25:56 - [MESSAGE][PASSED] - Text ****** has been set on object 'Object Repository/Page_/input_Password_j_password'

2021-01-21 15:25:57 - [MESSAGE][PASSED] - Object: 'Object Repository/Page_/button_Login' is clicked on

2021-01-21 15:25:57 - [MESSAGE][PASSED] - Login IST with valid credentials

2021-01-21 15:25:57 - [TEST_STEP][PASSED] - Login Success: Login Success

2021-01-21 15:25:57 - [MESSAGE][INFO] - Login Success

2021-01-21 15:25:57 - [MESSAGE][PASSED] - Current window maximized

2021-01-21 15:25:57 - [MESSAGE][PASSED] - Object 'Object Repository/Page_/h1_Welcome to IT Supporting Tools' is present

2021-01-21 15:25:57 - [MESSAGE][PASSED] - Login Success

2021-01-21 15:25:57 - [TEST_STEP][PASSED] - Select Arrow Menu "Real Time Disbursement": Select Arrow Menu "Real Time Disbursement"

2021-01-21 15:25:57 - [MESSAGE][PASSED] - Object: '' is clicked on

2021-01-21 15:25:57 - [MESSAGE][PASSED] - Select Arrow Menu "Real Time Disbursement"

2021-01-21 15:25:57 - [TEST_STEP][PASSED] - Select Menu "Dashboard for BO In Payment": Select Menu "Dashboard for BO In Payment"

2021-01-21 15:25:58 - [MESSAGE][PASSED] - Taking screenshot successfully
[[ATTACHMENT|/Users/chaidir.pratama01/Documents/Docs/Katalon Studio/Screenshot/test-Dashboard for BO In Payment.png]]

2021-01-21 15:25:58 - [MESSAGE][PASSED] - Object '' is present

2021-01-21 15:25:58 - [MESSAGE][PASSED] - Object: '' is clicked on

2021-01-21 15:25:58 - [MESSAGE][PASSED] - Wait for page load successfully

2021-01-21 15:25:58 - [MESSAGE][PASSED] - Select Menu "Dashboard for BO In Payment"

2021-01-21 15:25:58 - [TEST_STEP][PASSED] - Select STATUS "Ready to disburse": Select STATUS "Ready to disburse"

2021-01-21 15:25:58 - [MESSAGE][PASSED] - All options with value 'Ready to disburse' are selected in object ''  using regular expression

2021-01-21 15:25:58 - [MESSAGE][PASSED] - Select STATUS "Ready to disburse"

2021-01-21 15:25:58 - [TEST_STEP][PASSED] - Click button "Search": Click button "Search"

2021-01-21 15:25:58 - [MESSAGE][INFO] - >>>>>//Button[contains(text(),'Search')]

2021-01-21 15:26:01 - [MESSAGE][PASSED] - Object '' is present

2021-01-21 15:26:01 - [MESSAGE][PASSED] - Object: '' is clicked on

2021-01-21 15:26:01 - [MESSAGE][PASSED] - Switched to window with index: '0'

2021-01-21 15:26:01 - [MESSAGE][PASSED] - Click button "Search"

2021-01-21 15:26:01 - [TEST_STEP][PASSED] - Verify Search Result Presents: Verify Search Result Presents

2021-01-21 15:26:01 - [MESSAGE][PASSED] - Object '' is present

2021-01-21 15:26:04 - [MESSAGE][PASSED] - Verify Search Result Presents

2021-01-21 15:26:04 - [TEST_STEP][PASSED] - Click button "Logout": Click button "Logout"

2021-01-21 15:26:04 - [MESSAGE][INFO] - >>>>>//Button[contains(text(),'Logout')]

2021-01-21 15:26:07 - [MESSAGE][PASSED] - Object '' is present

2021-01-21 15:26:07 - [MESSAGE][PASSED] - Object: '' is clicked on

2021-01-21 15:26:07 - [MESSAGE][PASSED] - Switched to window with index: '0'

2021-01-21 15:26:07 - [MESSAGE][PASSED] - Click button "Logout"

2021-01-21 15:26:07 - [TEST_STEP][PASSED] - Close browser: Close browser

2021-01-21 15:26:07 - [MESSAGE][PASSED] - Browser is closed

2021-01-21 15:26:07 - [MESSAGE][PASSED] - Close browser

2021-01-21 15:26:07 - [TEST_CASE][PASSED] - Start Test Case : SCENARIO Search by STATUS Failed due to invalid bank account: SCENARIO Search by STATUS Failed due to invalid bank account

2021-01-21 15:26:07 - [TEST_STEP][PASSED] - Go to ISTools: Go to ISTools

2021-01-21 15:26:07 - [MESSAGE][INFO] - Starting 'Chrome (headless)' driver

2021-01-21 15:26:07 - [MESSAGE][INFO] - User set preference: ['args', '[--start-maximized, --disable-gpu, --no-proxy-server, –-no-sandbox, --allow-running-insecure-content, --ignore-certificate-errors, window-size=1680,814, force-device-scale-factor=2, --lang=en-GB]']

2021-01-21 15:26:07 - [MESSAGE][INFO] - User set preference: ['prefs', '{download.default_directory=/Users/chaidir.pratama01/Katalon Studio/IST_Automation_Git/Download}']

2021-01-21 15:26:07 - [MESSAGE][INFO] - Action delay is set to 0 milliseconds

2021-01-21 15:26:07 - [MESSAGE][PASSED] - Browser is opened with url: ''

2021-01-21 15:26:08 - [MESSAGE][PASSED] - Navigate to 'https://dev-istools.homecredit.id/foundation/' successfully

2021-01-21 15:26:08 - [MESSAGE][PASSED] - Go to ISTools

2021-01-21 15:26:08 - [TEST_STEP][PASSED] - Login IST with valid credentials: Login IST with valid credentials

2021-01-21 15:26:08 - [MESSAGE][PASSED] - Text 'mobile.test' is set on object 'Object Repository/Page_/input_Username_j_username'

2021-01-21 15:26:08 - [MESSAGE][PASSED] - Text ****** has been set on object 'Object Repository/Page_/input_Password_j_password'

2021-01-21 15:26:09 - [MESSAGE][PASSED] - Object: 'Object Repository/Page_/button_Login' is clicked on

2021-01-21 15:26:09 - [MESSAGE][PASSED] - Login IST with valid credentials

2021-01-21 15:26:09 - [TEST_STEP][PASSED] - Login Success: Login Success

2021-01-21 15:26:09 - [MESSAGE][INFO] - Login Success

2021-01-21 15:26:09 - [MESSAGE][PASSED] - Current window maximized

2021-01-21 15:26:09 - [MESSAGE][PASSED] - Object 'Object Repository/Page_/h1_Welcome to IT Supporting Tools' is present

2021-01-21 15:26:09 - [MESSAGE][PASSED] - Login Success

2021-01-21 15:26:09 - [TEST_STEP][PASSED] - Select Arrow Menu "Real Time Disbursement": Select Arrow Menu "Real Time Disbursement"

2021-01-21 15:26:09 - [MESSAGE][PASSED] - Object: '' is clicked on

2021-01-21 15:26:09 - [MESSAGE][PASSED] - Select Arrow Menu "Real Time Disbursement"

2021-01-21 15:26:09 - [TEST_STEP][PASSED] - Select Menu "Dashboard for BO In Payment": Select Menu "Dashboard for BO In Payment"

2021-01-21 15:26:09 - [MESSAGE][PASSED] - Taking screenshot successfully
[[ATTACHMENT|/Users/chaidir.pratama01/Documents/Docs/Katalon Studio/Screenshot/test-Dashboard for BO In Payment.png]]

2021-01-21 15:26:09 - [MESSAGE][PASSED] - Object '' is present

2021-01-21 15:26:09 - [MESSAGE][PASSED] - Object: '' is clicked on

2021-01-21 15:26:09 - [MESSAGE][PASSED] - Wait for page load successfully

2021-01-21 15:26:09 - [MESSAGE][PASSED] - Select Menu "Dashboard for BO In Payment"

2021-01-21 15:26:09 - [TEST_STEP][PASSED] - Select STATUS "Failed due to invalid bank account": Select STATUS "Failed due to invalid bank account"

2021-01-21 15:26:10 - [MESSAGE][PASSED] - All options with value 'Failed due to invalid bank account' are selected in object ''  using regular expression

2021-01-21 15:26:10 - [MESSAGE][PASSED] - Select STATUS "Failed due to invalid bank account"

2021-01-21 15:26:10 - [TEST_STEP][PASSED] - Click button "Search": Click button "Search"

2021-01-21 15:26:10 - [MESSAGE][INFO] - >>>>>//Button[contains(text(),'Search')]

2021-01-21 15:26:13 - [MESSAGE][PASSED] - Object '' is present

2021-01-21 15:26:13 - [MESSAGE][PASSED] - Object: '' is clicked on

2021-01-21 15:26:13 - [MESSAGE][PASSED] - Switched to window with index: '0'

2021-01-21 15:26:13 - [MESSAGE][PASSED] - Click button "Search"

2021-01-21 15:26:13 - [TEST_STEP][PASSED] - Verify Search Result Presents: Verify Search Result Presents

2021-01-21 15:26:13 - [MESSAGE][PASSED] - Object '' is present

2021-01-21 15:26:15 - [MESSAGE][PASSED] - Verify Search Result Presents

2021-01-21 15:26:15 - [TEST_STEP][PASSED] - Click button "Logout": Click button "Logout"

2021-01-21 15:26:15 - [MESSAGE][INFO] - >>>>>//Button[contains(text(),'Logout')]

2021-01-21 15:26:18 - [MESSAGE][PASSED] - Object '' is present

2021-01-21 15:26:18 - [MESSAGE][PASSED] - Object: '' is clicked on

2021-01-21 15:26:18 - [MESSAGE][PASSED] - Switched to window with index: '0'

2021-01-21 15:26:18 - [MESSAGE][PASSED] - Click button "Logout"

2021-01-21 15:26:18 - [TEST_STEP][PASSED] - Close browser: Close browser

2021-01-21 15:26:18 - [MESSAGE][PASSED] - Browser is closed

2021-01-21 15:26:18 - [MESSAGE][PASSED] - Close browser

2021-01-21 15:26:18 - [TEST_CASE][PASSED] - Start Test Case : SCENARIO Search by STATUS Failed due to system error: SCENARIO Search by STATUS Failed due to system error

2021-01-21 15:26:18 - [TEST_STEP][PASSED] - Go to ISTools: Go to ISTools

2021-01-21 15:26:18 - [MESSAGE][INFO] - Starting 'Chrome (headless)' driver

2021-01-21 15:26:18 - [MESSAGE][INFO] - User set preference: ['args', '[--start-maximized, --disable-gpu, --no-proxy-server, –-no-sandbox, --allow-running-insecure-content, --ignore-certificate-errors, window-size=1680,814, force-device-scale-factor=2, --lang=en-GB]']

2021-01-21 15:26:18 - [MESSAGE][INFO] - User set preference: ['prefs', '{download.default_directory=/Users/chaidir.pratama01/Katalon Studio/IST_Automation_Git/Download}']

2021-01-21 15:26:18 - [MESSAGE][INFO] - Action delay is set to 0 milliseconds

2021-01-21 15:26:18 - [MESSAGE][PASSED] - Browser is opened with url: ''

2021-01-21 15:26:19 - [MESSAGE][PASSED] - Navigate to 'https://dev-istools.homecredit.id/foundation/' successfully

2021-01-21 15:26:19 - [MESSAGE][PASSED] - Go to ISTools

2021-01-21 15:26:19 - [TEST_STEP][PASSED] - Login IST with valid credentials: Login IST with valid credentials

2021-01-21 15:26:19 - [MESSAGE][PASSED] - Text 'mobile.test' is set on object 'Object Repository/Page_/input_Username_j_username'

2021-01-21 15:26:19 - [MESSAGE][PASSED] - Text ****** has been set on object 'Object Repository/Page_/input_Password_j_password'

2021-01-21 15:26:20 - [MESSAGE][PASSED] - Object: 'Object Repository/Page_/button_Login' is clicked on

2021-01-21 15:26:20 - [MESSAGE][PASSED] - Login IST with valid credentials

2021-01-21 15:26:20 - [TEST_STEP][PASSED] - Login Success: Login Success

2021-01-21 15:26:20 - [MESSAGE][INFO] - Login Success

2021-01-21 15:26:20 - [MESSAGE][PASSED] - Current window maximized

2021-01-21 15:26:20 - [MESSAGE][PASSED] - Object 'Object Repository/Page_/h1_Welcome to IT Supporting Tools' is present

2021-01-21 15:26:20 - [MESSAGE][PASSED] - Login Success

2021-01-21 15:26:20 - [TEST_STEP][PASSED] - Select Arrow Menu "Real Time Disbursement": Select Arrow Menu "Real Time Disbursement"

2021-01-21 15:26:20 - [MESSAGE][PASSED] - Object: '' is clicked on

2021-01-21 15:26:20 - [MESSAGE][PASSED] - Select Arrow Menu "Real Time Disbursement"

2021-01-21 15:26:20 - [TEST_STEP][PASSED] - Select Menu "Dashboard for BO In Payment": Select Menu "Dashboard for BO In Payment"

2021-01-21 15:26:20 - [MESSAGE][PASSED] - Taking screenshot successfully
[[ATTACHMENT|/Users/chaidir.pratama01/Documents/Docs/Katalon Studio/Screenshot/test-Dashboard for BO In Payment.png]]

2021-01-21 15:26:20 - [MESSAGE][PASSED] - Object '' is present

2021-01-21 15:26:20 - [MESSAGE][PASSED] - Object: '' is clicked on

2021-01-21 15:26:20 - [MESSAGE][PASSED] - Wait for page load successfully

2021-01-21 15:26:20 - [MESSAGE][PASSED] - Select Menu "Dashboard for BO In Payment"

2021-01-21 15:26:20 - [TEST_STEP][PASSED] - Select STATUS "Failed due to system error": Select STATUS "Failed due to system error"

2021-01-21 15:26:21 - [MESSAGE][PASSED] - All options with value 'Failed due to system error' are selected in object ''  using regular expression

2021-01-21 15:26:21 - [MESSAGE][PASSED] - Select STATUS "Failed due to system error"

2021-01-21 15:26:21 - [TEST_STEP][PASSED] - Click button "Search": Click button "Search"

2021-01-21 15:26:21 - [MESSAGE][INFO] - >>>>>//Button[contains(text(),'Search')]

2021-01-21 15:26:24 - [MESSAGE][PASSED] - Object '' is present

2021-01-21 15:26:24 - [MESSAGE][PASSED] - Object: '' is clicked on

2021-01-21 15:26:24 - [MESSAGE][PASSED] - Switched to window with index: '0'

2021-01-21 15:26:24 - [MESSAGE][PASSED] - Click button "Search"

2021-01-21 15:26:24 - [TEST_STEP][PASSED] - Verify Search Result Presents: Verify Search Result Presents

2021-01-21 15:26:24 - [MESSAGE][PASSED] - Object '' is present

2021-01-21 15:26:27 - [MESSAGE][PASSED] - Verify Search Result Presents

2021-01-21 15:26:27 - [TEST_STEP][PASSED] - Click button "Logout": Click button "Logout"

2021-01-21 15:26:27 - [MESSAGE][INFO] - >>>>>//Button[contains(text(),'Logout')]

2021-01-21 15:26:30 - [MESSAGE][PASSED] - Object '' is present

2021-01-21 15:26:30 - [MESSAGE][PASSED] - Object: '' is clicked on

2021-01-21 15:26:31 - [MESSAGE][PASSED] - Switched to window with index: '0'

2021-01-21 15:26:31 - [MESSAGE][PASSED] - Click button "Logout"

2021-01-21 15:26:31 - [TEST_STEP][PASSED] - Close browser: Close browser

2021-01-21 15:26:31 - [MESSAGE][PASSED] - Browser is closed

2021-01-21 15:26:31 - [MESSAGE][PASSED] - Close browser

2021-01-21 15:26:31 - [TEST_CASE][PASSED] - Start Test Case : SCENARIO Search by STATUS Failed due to insufficient fund: SCENARIO Search by STATUS Failed due to insufficient fund

2021-01-21 15:26:31 - [TEST_STEP][PASSED] - Go to ISTools: Go to ISTools

2021-01-21 15:26:31 - [MESSAGE][INFO] - Starting 'Chrome (headless)' driver

2021-01-21 15:26:31 - [MESSAGE][INFO] - User set preference: ['args', '[--start-maximized, --disable-gpu, --no-proxy-server, –-no-sandbox, --allow-running-insecure-content, --ignore-certificate-errors, window-size=1680,814, force-device-scale-factor=2, --lang=en-GB]']

2021-01-21 15:26:31 - [MESSAGE][INFO] - User set preference: ['prefs', '{download.default_directory=/Users/chaidir.pratama01/Katalon Studio/IST_Automation_Git/Download}']

2021-01-21 15:26:31 - [MESSAGE][INFO] - Action delay is set to 0 milliseconds

2021-01-21 15:26:31 - [MESSAGE][PASSED] - Browser is opened with url: ''

2021-01-21 15:26:32 - [MESSAGE][PASSED] - Navigate to 'https://dev-istools.homecredit.id/foundation/' successfully

2021-01-21 15:26:32 - [MESSAGE][PASSED] - Go to ISTools

2021-01-21 15:26:32 - [TEST_STEP][PASSED] - Login IST with valid credentials: Login IST with valid credentials

2021-01-21 15:26:32 - [MESSAGE][PASSED] - Text 'mobile.test' is set on object 'Object Repository/Page_/input_Username_j_username'

2021-01-21 15:26:32 - [MESSAGE][PASSED] - Text ****** has been set on object 'Object Repository/Page_/input_Password_j_password'

2021-01-21 15:26:32 - [MESSAGE][PASSED] - Object: 'Object Repository/Page_/button_Login' is clicked on

2021-01-21 15:26:32 - [MESSAGE][PASSED] - Login IST with valid credentials

2021-01-21 15:26:32 - [TEST_STEP][PASSED] - Login Success: Login Success

2021-01-21 15:26:32 - [MESSAGE][INFO] - Login Success

2021-01-21 15:26:32 - [MESSAGE][PASSED] - Current window maximized

2021-01-21 15:26:32 - [MESSAGE][PASSED] - Object 'Object Repository/Page_/h1_Welcome to IT Supporting Tools' is present

2021-01-21 15:26:32 - [MESSAGE][PASSED] - Login Success

2021-01-21 15:26:32 - [TEST_STEP][PASSED] - Select Arrow Menu "Real Time Disbursement": Select Arrow Menu "Real Time Disbursement"

2021-01-21 15:26:33 - [MESSAGE][PASSED] - Object: '' is clicked on

2021-01-21 15:26:33 - [MESSAGE][PASSED] - Select Arrow Menu "Real Time Disbursement"

2021-01-21 15:26:33 - [TEST_STEP][PASSED] - Select Menu "Dashboard for BO In Payment": Select Menu "Dashboard for BO In Payment"

2021-01-21 15:26:33 - [MESSAGE][PASSED] - Taking screenshot successfully
[[ATTACHMENT|/Users/chaidir.pratama01/Documents/Docs/Katalon Studio/Screenshot/test-Dashboard for BO In Payment.png]]

2021-01-21 15:26:33 - [MESSAGE][PASSED] - Object '' is present

2021-01-21 15:26:33 - [MESSAGE][PASSED] - Object: '' is clicked on

2021-01-21 15:26:33 - [MESSAGE][PASSED] - Wait for page load successfully

2021-01-21 15:26:33 - [MESSAGE][PASSED] - Select Menu "Dashboard for BO In Payment"

2021-01-21 15:26:33 - [TEST_STEP][PASSED] - Select STATUS "Failed due to insufficient fund": Select STATUS "Failed due to insufficient fund"

2021-01-21 15:26:34 - [MESSAGE][PASSED] - All options with value 'Failed due to insufficient fund' are selected in object ''  using regular expression

2021-01-21 15:26:34 - [MESSAGE][PASSED] - Select STATUS "Failed due to insufficient fund"

2021-01-21 15:26:34 - [TEST_STEP][PASSED] - Click button "Search": Click button "Search"

2021-01-21 15:26:34 - [MESSAGE][INFO] - >>>>>//Button[contains(text(),'Search')]

2021-01-21 15:26:37 - [MESSAGE][PASSED] - Object '' is present

2021-01-21 15:26:37 - [MESSAGE][PASSED] - Object: '' is clicked on

2021-01-21 15:26:37 - [MESSAGE][PASSED] - Switched to window with index: '0'

2021-01-21 15:26:37 - [MESSAGE][PASSED] - Click button "Search"

2021-01-21 15:26:37 - [TEST_STEP][PASSED] - Verify Search Result Presents: Verify Search Result Presents

2021-01-21 15:27:08 - [MESSAGE][INFO] - Unable to find the element located by 'By.xpath: //td[@style='display:none' and contains(text(),'-Empty-')]'. Please recheck the objects properties to make sure the desired element is located. 

2021-01-21 15:27:08 - [MESSAGE][WARNING] - com.kms.katalon.core.webui.exception.WebElementNotFoundException: Web element with id: '' located by '//td[@style='display:none' and contains(text(),'-Empty-')]' not found (Root cause: com.kms.katalon.core.exception.StepFailedException: com.kms.katalon.core.webui.exception.WebElementNotFoundException: Web element with id: '' located by '//td[@style='display:none' and contains(text(),'-Empty-')]' not found
	at com.kms.katalon.core.webui.keyword.internal.WebUIKeywordMain.stepFailed(WebUIKeywordMain.groovy:64)
	at com.kms.katalon.core.webui.keyword.builtin.VerifyElementPresentKeyword$_verifyElementPresent_closure1.doCall(VerifyElementPresentKeyword.groovy:85)
	at com.kms.katalon.core.webui.keyword.builtin.VerifyElementPresentKeyword$_verifyElementPresent_closure1.call(VerifyElementPresentKeyword.groovy)
	at com.kms.katalon.core.webui.keyword.internal.WebUIKeywordMain.runKeyword(WebUIKeywordMain.groovy:20)
	at com.kms.katalon.core.webui.keyword.builtin.VerifyElementPresentKeyword.verifyElementPresent(VerifyElementPresentKeyword.groovy:92)
	at com.kms.katalon.core.webui.keyword.builtin.VerifyElementPresentKeyword.execute(VerifyElementPresentKeyword.groovy:68)
	at com.kms.katalon.core.keyword.internal.KeywordExecutor.executeKeywordForPlatform(KeywordExecutor.groovy:73)
	at com.kms.katalon.core.webui.keyword.WebUiBuiltInKeywords.verifyElementPresent(WebUiBuiltInKeywords.groovy:1444)
	at com.kms.katalon.core.webui.keyword.WebUiBuiltInKeywords$verifyElementPresent$11.call(Unknown Source)
	at ist_real.Contract_Dispatcher.VerifyTblFilled(Contract_Dispatcher.groovy:1313)
	at ist_real.Contract_Dispatcher$VerifyTblFilled$0.call(Unknown Source)
	at RTD.Search_Result_Presents(RTD.groovy:187)
	at cucumber.runtime.Utils$1.call(Utils.java:26)
	at cucumber.runtime.Timeout.timeout(Timeout.java:16)
	at cucumber.runtime.Utils.invoke(Utils.java:20)
	at cucumber.runtime.java.JavaStepDefinition.execute(JavaStepDefinition.java:48)
	at cucumber.runtime.PickleStepDefinitionMatch.runStep(PickleStepDefinitionMatch.java:50)
	at cucumber.runner.TestStep.executeStep(TestStep.java:55)
	at cucumber.runner.TestStep.run(TestStep.java:42)
	at cucumber.runner.PickleStepTestStep.run(PickleStepTestStep.java:53)
	at cucumber.runner.TestCase.run(TestCase.java:47)
	at cucumber.runner.Runner.runPickle(Runner.java:44)
	at cucumber.runtime.Runtime.runFeature(Runtime.java:120)
	at cucumber.runtime.Runtime.run(Runtime.java:106)
	at cucumber.api.cli.Main.run(Main.java:35)
	at cucumber.api.cli.Main$run.call(Unknown Source)
	at com.kms.katalon.core.cucumber.keyword.CucumberBuiltinKeywords$_runFeatureFile_closure1.doCall(CucumberBuiltinKeywords.groovy:76)
	at com.kms.katalon.core.cucumber.keyword.CucumberBuiltinKeywords$_runFeatureFile_closure1.doCall(CucumberBuiltinKeywords.groovy)
	at com.kms.katalon.core.keyword.internal.KeywordMain.runKeyword(KeywordMain.groovy:68)
	at com.kms.katalon.core.keyword.internal.KeywordMain$runKeyword.call(Unknown Source)
	at com.kms.katalon.core.cucumber.keyword.CucumberBuiltinKeywords.runFeatureFile(CucumberBuiltinKeywords.groovy:46)
	at com.kms.katalon.core.cucumber.keyword.CucumberBuiltinKeywords$runFeatureFile$0.callStatic(Unknown Source)
	at com.kms.katalon.core.cucumber.keyword.CucumberBuiltinKeywords.runFeatureFile(CucumberBuiltinKeywords.groovy:169)
	at com.kms.katalon.core.cucumber.keyword.CucumberBuiltinKeywords$runFeatureFile.call(Unknown Source)
	at TC_Search_by_Status.run(TC_Search_by_Status:18)
	at com.kms.katalon.core.main.ScriptEngine.run(ScriptEngine.java:194)
	at com.kms.katalon.core.main.ScriptEngine.runScriptAsRawText(ScriptEngine.java:119)
	at com.kms.katalon.core.main.TestCaseExecutor.runScript(TestCaseExecutor.java:339)
	at com.kms.katalon.core.main.TestCaseExecutor.doExecute(TestCaseExecutor.java:330)
	at com.kms.katalon.core.main.TestCaseExecutor.processExecutionPhase(TestCaseExecutor.java:309)
	at com.kms.katalon.core.main.TestCaseExecutor.accessMainPhase(TestCaseExecutor.java:301)
	at com.kms.katalon.core.main.TestCaseExecutor.execute(TestCaseExecutor.java:235)
	at com.kms.katalon.core.main.TestSuiteExecutor.accessTestCaseMainPhase(TestSuiteExecutor.java:191)
	at com.kms.katalon.core.main.TestSuiteExecutor.accessTestSuiteMainPhase(TestSuiteExecutor.java:141)
	at com.kms.katalon.core.main.TestSuiteExecutor.execute(TestSuiteExecutor.java:90)
	at com.kms.katalon.core.main.TestCaseMain.startTestSuite(TestCaseMain.java:157)
	at com.kms.katalon.core.main.TestCaseMain$startTestSuite$0.call(Unknown Source)
	at TempTestSuite1611217506619.run(TempTestSuite1611217506619.groovy:39)
)
[[ATTACHMENT|/Users/chaidir.pratama01/Katalon Studio/IST_Automation_Git/Reports/20210121_152506/RTD/TS_Dashboard_for_BO_In_Payment/20210121_152506/1611217628162.png]]

2021-01-21 15:27:08 - [MESSAGE][PASSED] - Verify Search Result Presents

2021-01-21 15:27:08 - [TEST_STEP][PASSED] - Click button "Logout": Click button "Logout"

2021-01-21 15:27:08 - [MESSAGE][INFO] - >>>>>//Button[contains(text(),'Logout')]

2021-01-21 15:27:11 - [MESSAGE][PASSED] - Object '' is present

2021-01-21 15:27:11 - [MESSAGE][PASSED] - Object: '' is clicked on

2021-01-21 15:27:11 - [MESSAGE][PASSED] - Switched to window with index: '0'

2021-01-21 15:27:11 - [MESSAGE][PASSED] - Click button "Logout"

2021-01-21 15:27:11 - [TEST_STEP][PASSED] - Close browser: Close browser

2021-01-21 15:27:11 - [MESSAGE][PASSED] - Browser is closed

2021-01-21 15:27:11 - [MESSAGE][PASSED] - Close browser

2021-01-21 15:27:11 - [TEST_CASE][PASSED] - Start Test Case : SCENARIO Search by STATUS Failed due to not supported bank: SCENARIO Search by STATUS Failed due to not supported bank

2021-01-21 15:27:11 - [TEST_STEP][PASSED] - Go to ISTools: Go to ISTools

2021-01-21 15:27:11 - [MESSAGE][INFO] - Starting 'Chrome (headless)' driver

2021-01-21 15:27:11 - [MESSAGE][INFO] - User set preference: ['args', '[--start-maximized, --disable-gpu, --no-proxy-server, –-no-sandbox, --allow-running-insecure-content, --ignore-certificate-errors, window-size=1680,814, force-device-scale-factor=2, --lang=en-GB]']

2021-01-21 15:27:11 - [MESSAGE][INFO] - User set preference: ['prefs', '{download.default_directory=/Users/chaidir.pratama01/Katalon Studio/IST_Automation_Git/Download}']

2021-01-21 15:27:11 - [MESSAGE][INFO] - Action delay is set to 0 milliseconds

2021-01-21 15:27:12 - [MESSAGE][PASSED] - Browser is opened with url: ''

2021-01-21 15:27:13 - [MESSAGE][PASSED] - Navigate to 'https://dev-istools.homecredit.id/foundation/' successfully

2021-01-21 15:27:13 - [MESSAGE][PASSED] - Go to ISTools

2021-01-21 15:27:13 - [TEST_STEP][PASSED] - Login IST with valid credentials: Login IST with valid credentials

2021-01-21 15:27:13 - [MESSAGE][PASSED] - Text 'mobile.test' is set on object 'Object Repository/Page_/input_Username_j_username'

2021-01-21 15:27:13 - [MESSAGE][PASSED] - Text ****** has been set on object 'Object Repository/Page_/input_Password_j_password'

2021-01-21 15:27:14 - [MESSAGE][PASSED] - Object: 'Object Repository/Page_/button_Login' is clicked on

2021-01-21 15:27:14 - [MESSAGE][PASSED] - Login IST with valid credentials

2021-01-21 15:27:14 - [TEST_STEP][PASSED] - Login Success: Login Success

2021-01-21 15:27:14 - [MESSAGE][INFO] - Login Success

2021-01-21 15:27:14 - [MESSAGE][PASSED] - Current window maximized

2021-01-21 15:27:14 - [MESSAGE][PASSED] - Object 'Object Repository/Page_/h1_Welcome to IT Supporting Tools' is present

2021-01-21 15:27:14 - [MESSAGE][PASSED] - Login Success

2021-01-21 15:27:14 - [TEST_STEP][PASSED] - Select Arrow Menu "Real Time Disbursement": Select Arrow Menu "Real Time Disbursement"

2021-01-21 15:27:14 - [MESSAGE][PASSED] - Object: '' is clicked on

2021-01-21 15:27:14 - [MESSAGE][PASSED] - Select Arrow Menu "Real Time Disbursement"

2021-01-21 15:27:14 - [TEST_STEP][PASSED] - Select Menu "Dashboard for BO In Payment": Select Menu "Dashboard for BO In Payment"

2021-01-21 15:27:14 - [MESSAGE][PASSED] - Taking screenshot successfully
[[ATTACHMENT|/Users/chaidir.pratama01/Documents/Docs/Katalon Studio/Screenshot/test-Dashboard for BO In Payment.png]]

2021-01-21 15:27:14 - [MESSAGE][PASSED] - Object '' is present

2021-01-21 15:27:14 - [MESSAGE][PASSED] - Object: '' is clicked on

2021-01-21 15:27:14 - [MESSAGE][PASSED] - Wait for page load successfully

2021-01-21 15:27:14 - [MESSAGE][PASSED] - Select Menu "Dashboard for BO In Payment"

2021-01-21 15:27:14 - [TEST_STEP][PASSED] - Select STATUS "Failed due to not supported bank": Select STATUS "Failed due to not supported bank"

2021-01-21 15:27:15 - [MESSAGE][PASSED] - All options with value 'Failed due to not supported bank' are selected in object ''  using regular expression

2021-01-21 15:27:15 - [MESSAGE][PASSED] - Select STATUS "Failed due to not supported bank"

2021-01-21 15:27:15 - [TEST_STEP][PASSED] - Click button "Search": Click button "Search"

2021-01-21 15:27:15 - [MESSAGE][INFO] - >>>>>//Button[contains(text(),'Search')]

2021-01-21 15:27:18 - [MESSAGE][PASSED] - Object '' is present

2021-01-21 15:27:18 - [MESSAGE][PASSED] - Object: '' is clicked on

2021-01-21 15:27:18 - [MESSAGE][PASSED] - Switched to window with index: '0'

2021-01-21 15:27:18 - [MESSAGE][PASSED] - Click button "Search"

2021-01-21 15:27:18 - [TEST_STEP][PASSED] - Verify Search Result Presents: Verify Search Result Presents

2021-01-21 15:27:49 - [MESSAGE][INFO] - Unable to find the element located by 'By.xpath: //td[@style='display:none' and contains(text(),'-Empty-')]'. Please recheck the objects properties to make sure the desired element is located. 

2021-01-21 15:27:49 - [MESSAGE][WARNING] - com.kms.katalon.core.webui.exception.WebElementNotFoundException: Web element with id: '' located by '//td[@style='display:none' and contains(text(),'-Empty-')]' not found (Root cause: com.kms.katalon.core.exception.StepFailedException: com.kms.katalon.core.webui.exception.WebElementNotFoundException: Web element with id: '' located by '//td[@style='display:none' and contains(text(),'-Empty-')]' not found
	at com.kms.katalon.core.webui.keyword.internal.WebUIKeywordMain.stepFailed(WebUIKeywordMain.groovy:64)
	at com.kms.katalon.core.webui.keyword.builtin.VerifyElementPresentKeyword$_verifyElementPresent_closure1.doCall(VerifyElementPresentKeyword.groovy:85)
	at com.kms.katalon.core.webui.keyword.builtin.VerifyElementPresentKeyword$_verifyElementPresent_closure1.call(VerifyElementPresentKeyword.groovy)
	at com.kms.katalon.core.webui.keyword.internal.WebUIKeywordMain.runKeyword(WebUIKeywordMain.groovy:20)
	at com.kms.katalon.core.webui.keyword.builtin.VerifyElementPresentKeyword.verifyElementPresent(VerifyElementPresentKeyword.groovy:92)
	at com.kms.katalon.core.webui.keyword.builtin.VerifyElementPresentKeyword.execute(VerifyElementPresentKeyword.groovy:68)
	at com.kms.katalon.core.keyword.internal.KeywordExecutor.executeKeywordForPlatform(KeywordExecutor.groovy:73)
	at com.kms.katalon.core.webui.keyword.WebUiBuiltInKeywords.verifyElementPresent(WebUiBuiltInKeywords.groovy:1444)
	at com.kms.katalon.core.webui.keyword.WebUiBuiltInKeywords$verifyElementPresent$11.call(Unknown Source)
	at ist_real.Contract_Dispatcher.VerifyTblFilled(Contract_Dispatcher.groovy:1313)
	at ist_real.Contract_Dispatcher$VerifyTblFilled$0.call(Unknown Source)
	at RTD.Search_Result_Presents(RTD.groovy:187)
	at cucumber.runtime.Utils$1.call(Utils.java:26)
	at cucumber.runtime.Timeout.timeout(Timeout.java:16)
	at cucumber.runtime.Utils.invoke(Utils.java:20)
	at cucumber.runtime.java.JavaStepDefinition.execute(JavaStepDefinition.java:48)
	at cucumber.runtime.PickleStepDefinitionMatch.runStep(PickleStepDefinitionMatch.java:50)
	at cucumber.runner.TestStep.executeStep(TestStep.java:55)
	at cucumber.runner.TestStep.run(TestStep.java:42)
	at cucumber.runner.PickleStepTestStep.run(PickleStepTestStep.java:53)
	at cucumber.runner.TestCase.run(TestCase.java:47)
	at cucumber.runner.Runner.runPickle(Runner.java:44)
	at cucumber.runtime.Runtime.runFeature(Runtime.java:120)
	at cucumber.runtime.Runtime.run(Runtime.java:106)
	at cucumber.api.cli.Main.run(Main.java:35)
	at cucumber.api.cli.Main$run.call(Unknown Source)
	at com.kms.katalon.core.cucumber.keyword.CucumberBuiltinKeywords$_runFeatureFile_closure1.doCall(CucumberBuiltinKeywords.groovy:76)
	at com.kms.katalon.core.cucumber.keyword.CucumberBuiltinKeywords$_runFeatureFile_closure1.doCall(CucumberBuiltinKeywords.groovy)
	at com.kms.katalon.core.keyword.internal.KeywordMain.runKeyword(KeywordMain.groovy:68)
	at com.kms.katalon.core.keyword.internal.KeywordMain$runKeyword.call(Unknown Source)
	at com.kms.katalon.core.cucumber.keyword.CucumberBuiltinKeywords.runFeatureFile(CucumberBuiltinKeywords.groovy:46)
	at com.kms.katalon.core.cucumber.keyword.CucumberBuiltinKeywords$runFeatureFile$0.callStatic(Unknown Source)
	at com.kms.katalon.core.cucumber.keyword.CucumberBuiltinKeywords.runFeatureFile(CucumberBuiltinKeywords.groovy:169)
	at com.kms.katalon.core.cucumber.keyword.CucumberBuiltinKeywords$runFeatureFile.call(Unknown Source)
	at TC_Search_by_Status.run(TC_Search_by_Status:18)
	at com.kms.katalon.core.main.ScriptEngine.run(ScriptEngine.java:194)
	at com.kms.katalon.core.main.ScriptEngine.runScriptAsRawText(ScriptEngine.java:119)
	at com.kms.katalon.core.main.TestCaseExecutor.runScript(TestCaseExecutor.java:339)
	at com.kms.katalon.core.main.TestCaseExecutor.doExecute(TestCaseExecutor.java:330)
	at com.kms.katalon.core.main.TestCaseExecutor.processExecutionPhase(TestCaseExecutor.java:309)
	at com.kms.katalon.core.main.TestCaseExecutor.accessMainPhase(TestCaseExecutor.java:301)
	at com.kms.katalon.core.main.TestCaseExecutor.execute(TestCaseExecutor.java:235)
	at com.kms.katalon.core.main.TestSuiteExecutor.accessTestCaseMainPhase(TestSuiteExecutor.java:191)
	at com.kms.katalon.core.main.TestSuiteExecutor.accessTestSuiteMainPhase(TestSuiteExecutor.java:141)
	at com.kms.katalon.core.main.TestSuiteExecutor.execute(TestSuiteExecutor.java:90)
	at com.kms.katalon.core.main.TestCaseMain.startTestSuite(TestCaseMain.java:157)
	at com.kms.katalon.core.main.TestCaseMain$startTestSuite$0.call(Unknown Source)
	at TempTestSuite1611217506619.run(TempTestSuite1611217506619.groovy:39)
)
[[ATTACHMENT|/Users/chaidir.pratama01/Katalon Studio/IST_Automation_Git/Reports/20210121_152506/RTD/TS_Dashboard_for_BO_In_Payment/20210121_152506/1611217669398.png]]

2021-01-21 15:27:49 - [MESSAGE][PASSED] - Verify Search Result Presents

2021-01-21 15:27:49 - [TEST_STEP][PASSED] - Click button "Logout": Click button "Logout"

2021-01-21 15:27:49 - [MESSAGE][INFO] - >>>>>//Button[contains(text(),'Logout')]

2021-01-21 15:27:52 - [MESSAGE][PASSED] - Object '' is present

2021-01-21 15:27:53 - [MESSAGE][PASSED] - Object: '' is clicked on

2021-01-21 15:27:53 - [MESSAGE][PASSED] - Switched to window with index: '0'

2021-01-21 15:27:53 - [MESSAGE][PASSED] - Click button "Logout"

2021-01-21 15:27:53 - [TEST_STEP][PASSED] - Close browser: Close browser

2021-01-21 15:27:53 - [MESSAGE][PASSED] - Browser is closed

2021-01-21 15:27:53 - [MESSAGE][PASSED] - Close browser

2021-01-21 15:27:53 - [TEST_CASE][PASSED] - Start Test Case : SCENARIO Search by STATUS Manual Disbursement: SCENARIO Search by STATUS Manual Disbursement

2021-01-21 15:27:53 - [TEST_STEP][PASSED] - Go to ISTools: Go to ISTools

2021-01-21 15:27:53 - [MESSAGE][INFO] - Starting 'Chrome (headless)' driver

2021-01-21 15:27:53 - [MESSAGE][INFO] - User set preference: ['args', '[--start-maximized, --disable-gpu, --no-proxy-server, –-no-sandbox, --allow-running-insecure-content, --ignore-certificate-errors, window-size=1680,814, force-device-scale-factor=2, --lang=en-GB]']

2021-01-21 15:27:53 - [MESSAGE][INFO] - User set preference: ['prefs', '{download.default_directory=/Users/chaidir.pratama01/Katalon Studio/IST_Automation_Git/Download}']

2021-01-21 15:27:53 - [MESSAGE][INFO] - Action delay is set to 0 milliseconds

2021-01-21 15:27:53 - [MESSAGE][PASSED] - Browser is opened with url: ''

2021-01-21 15:27:54 - [MESSAGE][PASSED] - Navigate to 'https://dev-istools.homecredit.id/foundation/' successfully

2021-01-21 15:27:54 - [MESSAGE][PASSED] - Go to ISTools

2021-01-21 15:27:54 - [TEST_STEP][PASSED] - Login IST with valid credentials: Login IST with valid credentials

2021-01-21 15:27:54 - [MESSAGE][PASSED] - Text 'mobile.test' is set on object 'Object Repository/Page_/input_Username_j_username'

2021-01-21 15:27:54 - [MESSAGE][PASSED] - Text ****** has been set on object 'Object Repository/Page_/input_Password_j_password'

2021-01-21 15:27:54 - [MESSAGE][PASSED] - Object: 'Object Repository/Page_/button_Login' is clicked on

2021-01-21 15:27:54 - [MESSAGE][PASSED] - Login IST with valid credentials

2021-01-21 15:27:54 - [TEST_STEP][PASSED] - Login Success: Login Success

2021-01-21 15:27:54 - [MESSAGE][INFO] - Login Success

2021-01-21 15:27:55 - [MESSAGE][PASSED] - Current window maximized

2021-01-21 15:27:55 - [MESSAGE][PASSED] - Object 'Object Repository/Page_/h1_Welcome to IT Supporting Tools' is present

2021-01-21 15:27:55 - [MESSAGE][PASSED] - Login Success

2021-01-21 15:27:55 - [TEST_STEP][PASSED] - Select Arrow Menu "Real Time Disbursement": Select Arrow Menu "Real Time Disbursement"

2021-01-21 15:27:55 - [MESSAGE][PASSED] - Object: '' is clicked on

2021-01-21 15:27:55 - [MESSAGE][PASSED] - Select Arrow Menu "Real Time Disbursement"

2021-01-21 15:27:55 - [TEST_STEP][PASSED] - Select Menu "Dashboard for BO In Payment": Select Menu "Dashboard for BO In Payment"

2021-01-21 15:27:55 - [MESSAGE][PASSED] - Taking screenshot successfully
[[ATTACHMENT|/Users/chaidir.pratama01/Documents/Docs/Katalon Studio/Screenshot/test-Dashboard for BO In Payment.png]]

2021-01-21 15:27:55 - [MESSAGE][PASSED] - Object '' is present

2021-01-21 15:27:55 - [MESSAGE][PASSED] - Object: '' is clicked on

2021-01-21 15:27:55 - [MESSAGE][PASSED] - Wait for page load successfully

2021-01-21 15:27:55 - [MESSAGE][PASSED] - Select Menu "Dashboard for BO In Payment"

2021-01-21 15:27:55 - [TEST_STEP][PASSED] - Select STATUS "Manual Disbursement": Select STATUS "Manual Disbursement"

2021-01-21 15:27:56 - [MESSAGE][PASSED] - All options with value 'Manual Disbursement' are selected in object ''  using regular expression

2021-01-21 15:27:56 - [MESSAGE][PASSED] - Select STATUS "Manual Disbursement"

2021-01-21 15:27:56 - [TEST_STEP][PASSED] - Click button "Search": Click button "Search"

2021-01-21 15:27:56 - [MESSAGE][INFO] - >>>>>//Button[contains(text(),'Search')]

2021-01-21 15:27:59 - [MESSAGE][PASSED] - Object '' is present

2021-01-21 15:27:59 - [MESSAGE][PASSED] - Object: '' is clicked on

2021-01-21 15:27:59 - [MESSAGE][PASSED] - Switched to window with index: '0'

2021-01-21 15:27:59 - [MESSAGE][PASSED] - Click button "Search"

2021-01-21 15:27:59 - [TEST_STEP][PASSED] - Verify Search Result Presents: Verify Search Result Presents

2021-01-21 15:27:59 - [MESSAGE][PASSED] - Object '' is present

2021-01-21 15:28:05 - [MESSAGE][PASSED] - Verify Search Result Presents

2021-01-21 15:28:05 - [TEST_STEP][PASSED] - Click button "Logout": Click button "Logout"

2021-01-21 15:28:05 - [MESSAGE][INFO] - >>>>>//Button[contains(text(),'Logout')]

2021-01-21 15:28:08 - [MESSAGE][PASSED] - Object '' is present

2021-01-21 15:28:09 - [MESSAGE][PASSED] - Object: '' is clicked on

2021-01-21 15:28:09 - [MESSAGE][PASSED] - Switched to window with index: '0'

2021-01-21 15:28:09 - [MESSAGE][PASSED] - Click button "Logout"

2021-01-21 15:28:09 - [TEST_STEP][PASSED] - Close browser: Close browser

2021-01-21 15:28:09 - [MESSAGE][PASSED] - Browser is closed

2021-01-21 15:28:09 - [MESSAGE][PASSED] - Close browser

2021-01-21 15:28:09 - [TEST_CASE][PASSED] - Start Test Case : SCENARIO Search by STATUS DONE: SCENARIO Search by STATUS DONE

2021-01-21 15:28:09 - [TEST_STEP][PASSED] - Go to ISTools: Go to ISTools

2021-01-21 15:28:09 - [MESSAGE][INFO] - Starting 'Chrome (headless)' driver

2021-01-21 15:28:09 - [MESSAGE][INFO] - User set preference: ['args', '[--start-maximized, --disable-gpu, --no-proxy-server, –-no-sandbox, --allow-running-insecure-content, --ignore-certificate-errors, window-size=1680,814, force-device-scale-factor=2, --lang=en-GB]']

2021-01-21 15:28:09 - [MESSAGE][INFO] - User set preference: ['prefs', '{download.default_directory=/Users/chaidir.pratama01/Katalon Studio/IST_Automation_Git/Download}']

2021-01-21 15:28:09 - [MESSAGE][INFO] - Action delay is set to 0 milliseconds

2021-01-21 15:28:09 - [MESSAGE][PASSED] - Browser is opened with url: ''

2021-01-21 15:28:10 - [MESSAGE][PASSED] - Navigate to 'https://dev-istools.homecredit.id/foundation/' successfully

2021-01-21 15:28:10 - [MESSAGE][PASSED] - Go to ISTools

2021-01-21 15:28:10 - [TEST_STEP][PASSED] - Login IST with valid credentials: Login IST with valid credentials

2021-01-21 15:28:10 - [MESSAGE][PASSED] - Text 'mobile.test' is set on object 'Object Repository/Page_/input_Username_j_username'

2021-01-21 15:28:10 - [MESSAGE][PASSED] - Text ****** has been set on object 'Object Repository/Page_/input_Password_j_password'

2021-01-21 15:28:10 - [MESSAGE][PASSED] - Object: 'Object Repository/Page_/button_Login' is clicked on

2021-01-21 15:28:10 - [MESSAGE][PASSED] - Login IST with valid credentials

2021-01-21 15:28:10 - [TEST_STEP][PASSED] - Login Success: Login Success

2021-01-21 15:28:10 - [MESSAGE][INFO] - Login Success

2021-01-21 15:28:10 - [MESSAGE][PASSED] - Current window maximized

2021-01-21 15:28:10 - [MESSAGE][PASSED] - Object 'Object Repository/Page_/h1_Welcome to IT Supporting Tools' is present

2021-01-21 15:28:10 - [MESSAGE][PASSED] - Login Success

2021-01-21 15:28:11 - [TEST_STEP][PASSED] - Select Arrow Menu "Real Time Disbursement": Select Arrow Menu "Real Time Disbursement"

2021-01-21 15:28:11 - [MESSAGE][PASSED] - Object: '' is clicked on

2021-01-21 15:28:11 - [MESSAGE][PASSED] - Select Arrow Menu "Real Time Disbursement"

2021-01-21 15:28:11 - [TEST_STEP][PASSED] - Select Menu "Dashboard for BO In Payment": Select Menu "Dashboard for BO In Payment"

2021-01-21 15:28:11 - [MESSAGE][PASSED] - Taking screenshot successfully
[[ATTACHMENT|/Users/chaidir.pratama01/Documents/Docs/Katalon Studio/Screenshot/test-Dashboard for BO In Payment.png]]

2021-01-21 15:28:11 - [MESSAGE][PASSED] - Object '' is present

2021-01-21 15:28:11 - [MESSAGE][PASSED] - Object: '' is clicked on

2021-01-21 15:28:11 - [MESSAGE][PASSED] - Wait for page load successfully

2021-01-21 15:28:11 - [MESSAGE][PASSED] - Select Menu "Dashboard for BO In Payment"

2021-01-21 15:28:11 - [TEST_STEP][PASSED] - Select STATUS "DONE": Select STATUS "DONE"

2021-01-21 15:28:12 - [MESSAGE][PASSED] - All options with value 'DONE' are selected in object ''  using regular expression

2021-01-21 15:28:12 - [MESSAGE][PASSED] - Select STATUS "DONE"

2021-01-21 15:28:12 - [TEST_STEP][PASSED] - Click button "Search": Click button "Search"

2021-01-21 15:28:12 - [MESSAGE][INFO] - >>>>>//Button[contains(text(),'Search')]

2021-01-21 15:28:15 - [MESSAGE][PASSED] - Object '' is present

2021-01-21 15:28:15 - [MESSAGE][PASSED] - Object: '' is clicked on

2021-01-21 15:28:15 - [MESSAGE][PASSED] - Switched to window with index: '0'

2021-01-21 15:28:15 - [MESSAGE][PASSED] - Click button "Search"

2021-01-21 15:28:15 - [TEST_STEP][PASSED] - Verify Search Result Presents: Verify Search Result Presents

2021-01-21 15:28:15 - [MESSAGE][PASSED] - Object '' is present

2021-01-21 15:28:21 - [MESSAGE][PASSED] - Verify Search Result Presents

2021-01-21 15:28:21 - [TEST_STEP][PASSED] - Click button "Logout": Click button "Logout"

2021-01-21 15:28:21 - [MESSAGE][INFO] - >>>>>//Button[contains(text(),'Logout')]

2021-01-21 15:28:24 - [MESSAGE][PASSED] - Object '' is present

2021-01-21 15:28:24 - [MESSAGE][PASSED] - Object: '' is clicked on

2021-01-21 15:28:24 - [MESSAGE][PASSED] - Switched to window with index: '0'

2021-01-21 15:28:24 - [MESSAGE][PASSED] - Click button "Logout"

2021-01-21 15:28:24 - [TEST_STEP][PASSED] - Close browser: Close browser

2021-01-21 15:28:24 - [MESSAGE][PASSED] - Browser is closed

2021-01-21 15:28:24 - [MESSAGE][PASSED] - Close browser

2021-01-21 15:28:24 - [TEST_CASE][PASSED] - Start Test Case : SCENARIO Search by STATUS Success to Disburse: SCENARIO Search by STATUS Success to Disburse

2021-01-21 15:28:24 - [TEST_STEP][PASSED] - Go to ISTools: Go to ISTools

2021-01-21 15:28:24 - [MESSAGE][INFO] - Starting 'Chrome (headless)' driver

2021-01-21 15:28:24 - [MESSAGE][INFO] - User set preference: ['args', '[--start-maximized, --disable-gpu, --no-proxy-server, –-no-sandbox, --allow-running-insecure-content, --ignore-certificate-errors, window-size=1680,814, force-device-scale-factor=2, --lang=en-GB]']

2021-01-21 15:28:24 - [MESSAGE][INFO] - User set preference: ['prefs', '{download.default_directory=/Users/chaidir.pratama01/Katalon Studio/IST_Automation_Git/Download}']

2021-01-21 15:28:24 - [MESSAGE][INFO] - Action delay is set to 0 milliseconds

2021-01-21 15:28:25 - [MESSAGE][PASSED] - Browser is opened with url: ''

2021-01-21 15:28:26 - [MESSAGE][PASSED] - Navigate to 'https://dev-istools.homecredit.id/foundation/' successfully

2021-01-21 15:28:26 - [MESSAGE][PASSED] - Go to ISTools

2021-01-21 15:28:26 - [TEST_STEP][PASSED] - Login IST with valid credentials: Login IST with valid credentials

2021-01-21 15:28:26 - [MESSAGE][PASSED] - Text 'mobile.test' is set on object 'Object Repository/Page_/input_Username_j_username'

2021-01-21 15:28:26 - [MESSAGE][PASSED] - Text ****** has been set on object 'Object Repository/Page_/input_Password_j_password'

2021-01-21 15:28:26 - [MESSAGE][PASSED] - Object: 'Object Repository/Page_/button_Login' is clicked on

2021-01-21 15:28:26 - [MESSAGE][PASSED] - Login IST with valid credentials

2021-01-21 15:28:26 - [TEST_STEP][PASSED] - Login Success: Login Success

2021-01-21 15:28:26 - [MESSAGE][INFO] - Login Success

2021-01-21 15:28:26 - [MESSAGE][PASSED] - Current window maximized

2021-01-21 15:28:26 - [MESSAGE][PASSED] - Object 'Object Repository/Page_/h1_Welcome to IT Supporting Tools' is present

2021-01-21 15:28:26 - [MESSAGE][PASSED] - Login Success

2021-01-21 15:28:26 - [TEST_STEP][PASSED] - Select Arrow Menu "Real Time Disbursement": Select Arrow Menu "Real Time Disbursement"

2021-01-21 15:28:26 - [MESSAGE][PASSED] - Object: '' is clicked on

2021-01-21 15:28:26 - [MESSAGE][PASSED] - Select Arrow Menu "Real Time Disbursement"

2021-01-21 15:28:26 - [TEST_STEP][PASSED] - Select Menu "Dashboard for BO In Payment": Select Menu "Dashboard for BO In Payment"

2021-01-21 15:28:27 - [MESSAGE][PASSED] - Taking screenshot successfully
[[ATTACHMENT|/Users/chaidir.pratama01/Documents/Docs/Katalon Studio/Screenshot/test-Dashboard for BO In Payment.png]]

2021-01-21 15:28:27 - [MESSAGE][PASSED] - Object '' is present

2021-01-21 15:28:27 - [MESSAGE][PASSED] - Object: '' is clicked on

2021-01-21 15:28:27 - [MESSAGE][PASSED] - Wait for page load successfully

2021-01-21 15:28:27 - [MESSAGE][PASSED] - Select Menu "Dashboard for BO In Payment"

2021-01-21 15:28:27 - [TEST_STEP][PASSED] - Select STATUS "Success to Disburse": Select STATUS "Success to Disburse"

2021-01-21 15:28:27 - [MESSAGE][PASSED] - All options with value 'Success to Disburse' are selected in object ''  using regular expression

2021-01-21 15:28:27 - [MESSAGE][PASSED] - Select STATUS "Success to Disburse"

2021-01-21 15:28:27 - [TEST_STEP][PASSED] - Click button "Search": Click button "Search"

2021-01-21 15:28:27 - [MESSAGE][INFO] - >>>>>//Button[contains(text(),'Search')]

2021-01-21 15:28:30 - [MESSAGE][PASSED] - Object '' is present

2021-01-21 15:28:30 - [MESSAGE][PASSED] - Object: '' is clicked on

2021-01-21 15:28:30 - [MESSAGE][PASSED] - Switched to window with index: '0'

2021-01-21 15:28:30 - [MESSAGE][PASSED] - Click button "Search"

2021-01-21 15:28:30 - [TEST_STEP][PASSED] - Verify Search Result Presents: Verify Search Result Presents

2021-01-21 15:28:31 - [MESSAGE][PASSED] - Object '' is present

2021-01-21 15:28:31 - [MESSAGE][PASSED] - Verify Search Result Presents

2021-01-21 15:28:31 - [TEST_STEP][PASSED] - Click button "Logout": Click button "Logout"

2021-01-21 15:28:31 - [MESSAGE][INFO] - >>>>>//Button[contains(text(),'Logout')]

2021-01-21 15:28:34 - [MESSAGE][PASSED] - Object '' is present

2021-01-21 15:28:34 - [MESSAGE][PASSED] - Object: '' is clicked on

2021-01-21 15:28:34 - [MESSAGE][PASSED] - Switched to window with index: '0'

2021-01-21 15:28:34 - [MESSAGE][PASSED] - Click button "Logout"

2021-01-21 15:28:34 - [TEST_STEP][PASSED] - Close browser: Close browser

2021-01-21 15:28:34 - [MESSAGE][PASSED] - Browser is closed

2021-01-21 15:28:34 - [MESSAGE][PASSED] - Close browser

2021-01-21 15:28:34 - [MESSAGE][PASSED] - Feature file: 'Include/features/IST_Real/RTD/Dashboard_for_BO_In_Payment/Search_by_Status.feature' was passed]]></system-out>
         <system-err><![CDATA[]]></system-err>
      </testcase>
      <testcase name="Test Cases/RTD/Dashboard for BO in Payment/TC_View_Detail" time="40.886" classname="Test Cases/RTD/Dashboard for BO in Payment/TC_View_Detail" status="PASSED">
         <system-out><![CDATA[2021-01-21 15:28:34 - [TEST_CASE][PASSED] - Test Cases/RTD/Dashboard for BO in Payment/TC_View_Detail: Test Cases/RTD/Dashboard for BO in Payment/TC_View_Detail

2021-01-21 15:28:34 - [TEST_STEP][PASSED] - runFeatureFile("Include/features/IST_Real/RTD/Dashboard_for_BO_In_Payment/View_Detail.feature"): Feature file: 'Include/features/IST_Real/RTD/Dashboard_for_BO_In_Payment/View_Detail.feature' was passed

2021-01-21 15:28:34 - [MESSAGE][INFO] - Starting run keyword runFeatureFile: 'Include/features/IST_Real/RTD/Dashboard_for_BO_In_Payment/View_Detail.feature' and extract report to folder: '/Users/chaidir.pratama01/Katalon Studio/IST_Automation_Git/Reports/20210121_152506/RTD/TS_Dashboard_for_BO_In_Payment/20210121_152506/cucumber_report/1611217714983'...

2021-01-21 15:28:35 - [TEST_CASE][PASSED] - Start Test Case : SCENARIO Search by STATUS Success to Disburse and then View Detail of it: SCENARIO Search by STATUS Success to Disburse and then View Detail of it

2021-01-21 15:28:35 - [TEST_STEP][PASSED] - Go to ISTools: Go to ISTools

2021-01-21 15:28:35 - [MESSAGE][INFO] - Starting 'Chrome (headless)' driver

2021-01-21 15:28:35 - [MESSAGE][INFO] - User set preference: ['args', '[--start-maximized, --disable-gpu, --no-proxy-server, –-no-sandbox, --allow-running-insecure-content, --ignore-certificate-errors, window-size=1680,814, force-device-scale-factor=2, --lang=en-GB]']

2021-01-21 15:28:35 - [MESSAGE][INFO] - User set preference: ['prefs', '{download.default_directory=/Users/chaidir.pratama01/Katalon Studio/IST_Automation_Git/Download}']

2021-01-21 15:28:35 - [MESSAGE][INFO] - Action delay is set to 0 milliseconds

2021-01-21 15:28:35 - [MESSAGE][PASSED] - Browser is opened with url: ''

2021-01-21 15:28:36 - [MESSAGE][PASSED] - Navigate to 'https://dev-istools.homecredit.id/foundation/' successfully

2021-01-21 15:28:36 - [MESSAGE][PASSED] - Go to ISTools

2021-01-21 15:28:36 - [TEST_STEP][PASSED] - Login IST with valid credentials: Login IST with valid credentials

2021-01-21 15:28:36 - [MESSAGE][PASSED] - Text 'mobile.test' is set on object 'Object Repository/Page_/input_Username_j_username'

2021-01-21 15:28:36 - [MESSAGE][PASSED] - Text ****** has been set on object 'Object Repository/Page_/input_Password_j_password'

2021-01-21 15:28:36 - [MESSAGE][PASSED] - Object: 'Object Repository/Page_/button_Login' is clicked on

2021-01-21 15:28:36 - [MESSAGE][PASSED] - Login IST with valid credentials

2021-01-21 15:28:36 - [TEST_STEP][PASSED] - Login Success: Login Success

2021-01-21 15:28:36 - [MESSAGE][INFO] - Login Success

2021-01-21 15:28:36 - [MESSAGE][PASSED] - Current window maximized

2021-01-21 15:28:36 - [MESSAGE][PASSED] - Object 'Object Repository/Page_/h1_Welcome to IT Supporting Tools' is present

2021-01-21 15:28:36 - [MESSAGE][PASSED] - Login Success

2021-01-21 15:28:36 - [TEST_STEP][PASSED] - Select Arrow Menu "Real Time Disbursement": Select Arrow Menu "Real Time Disbursement"

2021-01-21 15:28:36 - [MESSAGE][PASSED] - Object: '' is clicked on

2021-01-21 15:28:36 - [MESSAGE][PASSED] - Select Arrow Menu "Real Time Disbursement"

2021-01-21 15:28:36 - [TEST_STEP][PASSED] - Select Menu "Dashboard for BO In Payment": Select Menu "Dashboard for BO In Payment"

2021-01-21 15:28:37 - [MESSAGE][PASSED] - Taking screenshot successfully
[[ATTACHMENT|/Users/chaidir.pratama01/Documents/Docs/Katalon Studio/Screenshot/test-Dashboard for BO In Payment.png]]

2021-01-21 15:28:37 - [MESSAGE][PASSED] - Object '' is present

2021-01-21 15:28:37 - [MESSAGE][PASSED] - Object: '' is clicked on

2021-01-21 15:28:37 - [MESSAGE][PASSED] - Wait for page load successfully

2021-01-21 15:28:37 - [MESSAGE][PASSED] - Select Menu "Dashboard for BO In Payment"

2021-01-21 15:28:37 - [TEST_STEP][PASSED] - Select STATUS "Success to Disburse": Select STATUS "Success to Disburse"

2021-01-21 15:28:38 - [MESSAGE][PASSED] - All options with value 'Success to Disburse' are selected in object ''  using regular expression

2021-01-21 15:28:38 - [MESSAGE][PASSED] - Select STATUS "Success to Disburse"

2021-01-21 15:28:38 - [TEST_STEP][PASSED] - Click button "Search": Click button "Search"

2021-01-21 15:28:38 - [MESSAGE][INFO] - >>>>>//Button[contains(text(),'Search')]

2021-01-21 15:28:41 - [MESSAGE][PASSED] - Object '' is present

2021-01-21 15:28:41 - [MESSAGE][PASSED] - Object: '' is clicked on

2021-01-21 15:28:41 - [MESSAGE][PASSED] - Switched to window with index: '0'

2021-01-21 15:28:41 - [MESSAGE][PASSED] - Click button "Search"

2021-01-21 15:28:41 - [TEST_STEP][PASSED] - Verify Search Result Presents: Verify Search Result Presents

2021-01-21 15:28:41 - [MESSAGE][PASSED] - Object '' is present

2021-01-21 15:28:41 - [MESSAGE][PASSED] - Verify Search Result Presents

2021-01-21 15:28:41 - [TEST_STEP][PASSED] - Click View Detail: Click View Detail

2021-01-21 15:28:41 - [MESSAGE][PASSED] - Object '' is present

2021-01-21 15:28:41 - [MESSAGE][PASSED] - Object: '' is clicked on

2021-01-21 15:28:41 - [MESSAGE][PASSED] - Click View Detail

2021-01-21 15:28:41 - [TEST_STEP][PASSED] - Verify Information in View Detail: Verify Information in View Detail

2021-01-21 15:28:44 - [MESSAGE][PASSED] - Delayed 3 second(s)

2021-01-21 15:28:44 - [MESSAGE][PASSED] - Attribute 'value' of object '' is: '3900014152'

2021-01-21 15:28:47 - [MESSAGE][PASSED] - Delayed 3 second(s)

2021-01-21 15:28:47 - [MESSAGE][PASSED] - Attribute 'value' of object '' is: 'IDITXLeks TESTERbIvIvO'

2021-01-21 15:28:50 - [MESSAGE][PASSED] - Delayed 3 second(s)

2021-01-21 15:28:50 - [MESSAGE][PASSED] - Attribute 'value' of object '' is: 'Success to Disburse'

2021-01-21 15:28:53 - [MESSAGE][PASSED] - Delayed 3 second(s)

2021-01-21 15:28:53 - [MESSAGE][PASSED] - Attribute 'value' of object '' is: 'Rp 7,000,000'

2021-01-21 15:28:56 - [MESSAGE][PASSED] - Delayed 3 second(s)

2021-01-21 15:28:56 - [MESSAGE][PASSED] - Attribute 'value' of object '' is: 'KESEJAHTERAAN EKONOMI'

2021-01-21 15:28:59 - [MESSAGE][PASSED] - Delayed 3 second(s)

2021-01-21 15:28:59 - [MESSAGE][PASSED] - Attribute 'value' of object '' is: '1'

2021-01-21 15:29:02 - [MESSAGE][PASSED] - Delayed 3 second(s)

2021-01-21 15:29:03 - [MESSAGE][PASSED] - Attribute 'value' of object '' is: 'NAMA ADA DISINI'

2021-01-21 15:29:06 - [MESSAGE][PASSED] - Delayed 3 second(s)

2021-01-21 15:29:06 - [MESSAGE][PASSED] - Attribute 'value' of object '' is: 'KESEJAHTERAAN EKONOMI'

2021-01-21 15:29:09 - [MESSAGE][PASSED] - Delayed 3 second(s)

2021-01-21 15:29:09 - [MESSAGE][PASSED] - Attribute 'value' of object '' is: ''

2021-01-21 15:29:12 - [MESSAGE][PASSED] - Delayed 3 second(s)

2021-01-21 15:29:12 - [MESSAGE][PASSED] - Attribute 'value' of object '' is: ''

2021-01-21 15:29:12 - [MESSAGE][PASSED] - Text of object '' is: 'Date'

2021-01-21 15:29:12 - [MESSAGE][PASSED] - Text of object '' is: 'Status'

2021-01-21 15:29:12 - [MESSAGE][PASSED] - Text of object '' is: 'Updated Information'

2021-01-21 15:29:12 - [MESSAGE][PASSED] - Text of object '' is: 'Last Update By'

2021-01-21 15:29:12 - [MESSAGE][PASSED] - Text of object '' is: 'Department'

2021-01-21 15:29:12 - [MESSAGE][PASSED] - Verify Information in View Detail

2021-01-21 15:29:12 - [TEST_STEP][PASSED] - Click button "Logout": Click button "Logout"

2021-01-21 15:29:12 - [MESSAGE][INFO] - >>>>>//Button[contains(text(),'Logout')]

2021-01-21 15:29:15 - [MESSAGE][PASSED] - Object '' is present

2021-01-21 15:29:15 - [MESSAGE][PASSED] - Object: '' is clicked on

2021-01-21 15:29:15 - [MESSAGE][PASSED] - Switched to window with index: '0'

2021-01-21 15:29:15 - [MESSAGE][PASSED] - Click button "Logout"

2021-01-21 15:29:15 - [TEST_STEP][PASSED] - Close browser: Close browser

2021-01-21 15:29:15 - [MESSAGE][PASSED] - Browser is closed

2021-01-21 15:29:15 - [MESSAGE][PASSED] - Close browser

2021-01-21 15:29:15 - [MESSAGE][PASSED] - Feature file: 'Include/features/IST_Real/RTD/Dashboard_for_BO_In_Payment/View_Detail.feature' was passed]]></system-out>
         <system-err><![CDATA[]]></system-err>
      </testcase>
      <testcase name="Test Cases/RTD/Dashboard for BO in Payment/TC_Export_Data" time="9.63" classname="Test Cases/RTD/Dashboard for BO in Payment/TC_Export_Data" status="PASSED">
         <system-out><![CDATA[2021-01-21 15:29:15 - [TEST_CASE][PASSED] - Test Cases/RTD/Dashboard for BO in Payment/TC_Export_Data: Test Cases/RTD/Dashboard for BO in Payment/TC_Export_Data

2021-01-21 15:29:15 - [TEST_STEP][PASSED] - runFeatureFile("Include/features/IST_Real/RTD/Dashboard_for_BO_In_Payment/Export_Data.feature"): Feature file: 'Include/features/IST_Real/RTD/Dashboard_for_BO_In_Payment/Export_Data.feature' was passed

2021-01-21 15:29:15 - [MESSAGE][INFO] - Starting run keyword runFeatureFile: 'Include/features/IST_Real/RTD/Dashboard_for_BO_In_Payment/Export_Data.feature' and extract report to folder: '/Users/chaidir.pratama01/Katalon Studio/IST_Automation_Git/Reports/20210121_152506/RTD/TS_Dashboard_for_BO_In_Payment/20210121_152506/cucumber_report/1611217755863'...

2021-01-21 15:29:15 - [TEST_CASE][PASSED] - Start Test Case : SCENARIO Export Data: SCENARIO Export Data

2021-01-21 15:29:15 - [TEST_STEP][PASSED] - Go to ISTools: Go to ISTools

2021-01-21 15:29:15 - [MESSAGE][INFO] - Starting 'Chrome (headless)' driver

2021-01-21 15:29:15 - [MESSAGE][INFO] - User set preference: ['args', '[--start-maximized, --disable-gpu, --no-proxy-server, –-no-sandbox, --allow-running-insecure-content, --ignore-certificate-errors, window-size=1680,814, force-device-scale-factor=2, --lang=en-GB]']

2021-01-21 15:29:15 - [MESSAGE][INFO] - User set preference: ['prefs', '{download.default_directory=/Users/chaidir.pratama01/Katalon Studio/IST_Automation_Git/Download}']

2021-01-21 15:29:15 - [MESSAGE][INFO] - Action delay is set to 0 milliseconds

2021-01-21 15:29:16 - [MESSAGE][PASSED] - Browser is opened with url: ''

2021-01-21 15:29:17 - [MESSAGE][PASSED] - Navigate to 'https://dev-istools.homecredit.id/foundation/' successfully

2021-01-21 15:29:17 - [MESSAGE][PASSED] - Go to ISTools

2021-01-21 15:29:17 - [TEST_STEP][PASSED] - Login IST with valid credentials: Login IST with valid credentials

2021-01-21 15:29:17 - [MESSAGE][PASSED] - Text 'mobile.test' is set on object 'Object Repository/Page_/input_Username_j_username'

2021-01-21 15:29:17 - [MESSAGE][PASSED] - Text ****** has been set on object 'Object Repository/Page_/input_Password_j_password'

2021-01-21 15:29:17 - [MESSAGE][PASSED] - Object: 'Object Repository/Page_/button_Login' is clicked on

2021-01-21 15:29:17 - [MESSAGE][PASSED] - Login IST with valid credentials

2021-01-21 15:29:17 - [TEST_STEP][PASSED] - Login Success: Login Success

2021-01-21 15:29:17 - [MESSAGE][INFO] - Login Success

2021-01-21 15:29:17 - [MESSAGE][PASSED] - Current window maximized

2021-01-21 15:29:17 - [MESSAGE][PASSED] - Object 'Object Repository/Page_/h1_Welcome to IT Supporting Tools' is present

2021-01-21 15:29:17 - [MESSAGE][PASSED] - Login Success

2021-01-21 15:29:17 - [TEST_STEP][PASSED] - Select Arrow Menu "Real Time Disbursement": Select Arrow Menu "Real Time Disbursement"

2021-01-21 15:29:17 - [MESSAGE][PASSED] - Object: '' is clicked on

2021-01-21 15:29:17 - [MESSAGE][PASSED] - Select Arrow Menu "Real Time Disbursement"

2021-01-21 15:29:17 - [TEST_STEP][PASSED] - Select Menu "Dashboard for BO In Payment": Select Menu "Dashboard for BO In Payment"

2021-01-21 15:29:18 - [MESSAGE][PASSED] - Taking screenshot successfully
[[ATTACHMENT|/Users/chaidir.pratama01/Documents/Docs/Katalon Studio/Screenshot/test-Dashboard for BO In Payment.png]]

2021-01-21 15:29:18 - [MESSAGE][PASSED] - Object '' is present

2021-01-21 15:29:18 - [MESSAGE][PASSED] - Object: '' is clicked on

2021-01-21 15:29:18 - [MESSAGE][PASSED] - Wait for page load successfully

2021-01-21 15:29:18 - [MESSAGE][PASSED] - Select Menu "Dashboard for BO In Payment"

2021-01-21 15:29:18 - [TEST_STEP][PASSED] - Input Contract RTD in Contract Number label: Input Contract RTD in Contract Number label

2021-01-21 15:29:18 - [MESSAGE][PASSED] - Text '4000014162' is set on object ''

2021-01-21 15:29:18 - [MESSAGE][PASSED] - Input Contract RTD in Contract Number label

2021-01-21 15:29:18 - [TEST_STEP][PASSED] - Click button "Search": Click button "Search"

2021-01-21 15:29:18 - [MESSAGE][INFO] - >>>>>//Button[contains(text(),'Search')]

2021-01-21 15:29:21 - [MESSAGE][PASSED] - Object '' is present

2021-01-21 15:29:21 - [MESSAGE][PASSED] - Object: '' is clicked on

2021-01-21 15:29:21 - [MESSAGE][PASSED] - Switched to window with index: '0'

2021-01-21 15:29:21 - [MESSAGE][PASSED] - Click button "Search"

2021-01-21 15:29:21 - [TEST_STEP][PASSED] - Verify Table Filled: Verify Table Filled

2021-01-21 15:29:21 - [MESSAGE][PASSED] - Object '' is present

2021-01-21 15:29:21 - [MESSAGE][PASSED] - Verify Table Filled

2021-01-21 15:29:21 - [TEST_STEP][PASSED] - Click button "Export Data": Click button "Export Data"

2021-01-21 15:29:21 - [MESSAGE][INFO] - >>>>>//Button[contains(text(),'Export Data')]

2021-01-21 15:29:24 - [MESSAGE][PASSED] - Object: '' is clicked on

2021-01-21 15:29:25 - [MESSAGE][PASSED] - Taking screenshot successfully
[[ATTACHMENT|/Users/chaidir.pratama01/Documents/Docs/Katalon Studio/Screenshot/Download_data.png]]

2021-01-21 15:29:25 - [MESSAGE][PASSED] - Click button "Export Data"

2021-01-21 15:29:25 - [MESSAGE][PASSED] - Feature file: 'Include/features/IST_Real/RTD/Dashboard_for_BO_In_Payment/Export_Data.feature' was passed]]></system-out>
         <system-err><![CDATA[]]></system-err>
      </testcase>
      <testcase name="Test Cases/RTD/Dashboard for BO in Payment/TC_Generate_Outpayment" time="33.647" classname="Test Cases/RTD/Dashboard for BO in Payment/TC_Generate_Outpayment" status="PASSED">
         <system-out><![CDATA[2021-01-21 15:29:25 - [TEST_CASE][PASSED] - Test Cases/RTD/Dashboard for BO in Payment/TC_Generate_Outpayment: Test Cases/RTD/Dashboard for BO in Payment/TC_Generate_Outpayment

2021-01-21 15:29:25 - [TEST_STEP][PASSED] - runFeatureFile("Include/features/IST_Real/RTD/Dashboard_for_BO_In_Payment/Generate_Outpayment.feature"): Feature file: 'Include/features/IST_Real/RTD/Dashboard_for_BO_In_Payment/Generate_Outpayment.feature' was passed

2021-01-21 15:29:25 - [MESSAGE][INFO] - Starting run keyword runFeatureFile: 'Include/features/IST_Real/RTD/Dashboard_for_BO_In_Payment/Generate_Outpayment.feature' and extract report to folder: '/Users/chaidir.pratama01/Katalon Studio/IST_Automation_Git/Reports/20210121_152506/RTD/TS_Dashboard_for_BO_In_Payment/20210121_152506/cucumber_report/1611217765485'...

2021-01-21 15:29:25 - [TEST_CASE][PASSED] - Start Test Case : SCENARIO Genrate Outpayment without select checkbox: SCENARIO Genrate Outpayment without select checkbox

2021-01-21 15:29:25 - [TEST_STEP][PASSED] - Go to ISTools: Go to ISTools

2021-01-21 15:29:25 - [MESSAGE][WARNING] - A browser is already opened. Closing browser and opening a new one

2021-01-21 15:29:25 - [MESSAGE][INFO] - Starting 'Chrome (headless)' driver

2021-01-21 15:29:25 - [MESSAGE][INFO] - User set preference: ['args', '[--start-maximized, --disable-gpu, --no-proxy-server, –-no-sandbox, --allow-running-insecure-content, --ignore-certificate-errors, window-size=1680,814, force-device-scale-factor=2, --lang=en-GB]']

2021-01-21 15:29:25 - [MESSAGE][INFO] - User set preference: ['prefs', '{download.default_directory=/Users/chaidir.pratama01/Katalon Studio/IST_Automation_Git/Download}']

2021-01-21 15:29:25 - [MESSAGE][INFO] - Action delay is set to 0 milliseconds

2021-01-21 15:29:26 - [MESSAGE][PASSED] - Browser is opened with url: ''

2021-01-21 15:29:26 - [MESSAGE][PASSED] - Navigate to 'https://dev-istools.homecredit.id/foundation/' successfully

2021-01-21 15:29:26 - [MESSAGE][PASSED] - Go to ISTools

2021-01-21 15:29:26 - [TEST_STEP][PASSED] - Login IST with valid credentials: Login IST with valid credentials

2021-01-21 15:29:26 - [MESSAGE][PASSED] - Text 'mobile.test' is set on object 'Object Repository/Page_/input_Username_j_username'

2021-01-21 15:29:27 - [MESSAGE][PASSED] - Text ****** has been set on object 'Object Repository/Page_/input_Password_j_password'

2021-01-21 15:29:27 - [MESSAGE][PASSED] - Object: 'Object Repository/Page_/button_Login' is clicked on

2021-01-21 15:29:27 - [MESSAGE][PASSED] - Login IST with valid credentials

2021-01-21 15:29:27 - [TEST_STEP][PASSED] - Login Success: Login Success

2021-01-21 15:29:27 - [MESSAGE][INFO] - Login Success

2021-01-21 15:29:27 - [MESSAGE][PASSED] - Current window maximized

2021-01-21 15:29:27 - [MESSAGE][PASSED] - Object 'Object Repository/Page_/h1_Welcome to IT Supporting Tools' is present

2021-01-21 15:29:27 - [MESSAGE][PASSED] - Login Success

2021-01-21 15:29:27 - [TEST_STEP][PASSED] - Select Arrow Menu "Real Time Disbursement": Select Arrow Menu "Real Time Disbursement"

2021-01-21 15:29:27 - [MESSAGE][PASSED] - Object: '' is clicked on

2021-01-21 15:29:27 - [MESSAGE][PASSED] - Select Arrow Menu "Real Time Disbursement"

2021-01-21 15:29:27 - [TEST_STEP][PASSED] - Select Menu "Dashboard for BO In Payment": Select Menu "Dashboard for BO In Payment"

2021-01-21 15:29:28 - [MESSAGE][PASSED] - Taking screenshot successfully
[[ATTACHMENT|/Users/chaidir.pratama01/Documents/Docs/Katalon Studio/Screenshot/test-Dashboard for BO In Payment.png]]

2021-01-21 15:29:28 - [MESSAGE][PASSED] - Object '' is present

2021-01-21 15:29:28 - [MESSAGE][PASSED] - Object: '' is clicked on

2021-01-21 15:29:28 - [MESSAGE][PASSED] - Wait for page load successfully

2021-01-21 15:29:28 - [MESSAGE][PASSED] - Select Menu "Dashboard for BO In Payment"

2021-01-21 15:29:28 - [TEST_STEP][PASSED] - Select STATUS "Manual Disbursement": Select STATUS "Manual Disbursement"

2021-01-21 15:29:28 - [MESSAGE][PASSED] - All options with value 'Manual Disbursement' are selected in object ''  using regular expression

2021-01-21 15:29:28 - [MESSAGE][PASSED] - Select STATUS "Manual Disbursement"

2021-01-21 15:29:28 - [TEST_STEP][PASSED] - Click button "Search": Click button "Search"

2021-01-21 15:29:28 - [MESSAGE][INFO] - >>>>>//Button[contains(text(),'Search')]

2021-01-21 15:29:31 - [MESSAGE][PASSED] - Object '' is present

2021-01-21 15:29:31 - [MESSAGE][PASSED] - Object: '' is clicked on

2021-01-21 15:29:31 - [MESSAGE][PASSED] - Switched to window with index: '0'

2021-01-21 15:29:31 - [MESSAGE][PASSED] - Click button "Search"

2021-01-21 15:29:31 - [TEST_STEP][PASSED] - Verify Table Filled: Verify Table Filled

2021-01-21 15:29:31 - [MESSAGE][PASSED] - Object '' is present

2021-01-21 15:29:31 - [MESSAGE][PASSED] - Verify Table Filled

2021-01-21 15:29:31 - [TEST_STEP][PASSED] - Click button "Generate Outpayment": Click button "Generate Outpayment"

2021-01-21 15:29:31 - [MESSAGE][INFO] - >>>>>//Button[contains(text(),'Generate Outpayment')]

2021-01-21 15:29:34 - [MESSAGE][PASSED] - Object '' is present

2021-01-21 15:29:35 - [MESSAGE][PASSED] - Object: '' is clicked on

2021-01-21 15:29:35 - [MESSAGE][PASSED] - Switched to window with index: '0'

2021-01-21 15:29:35 - [MESSAGE][PASSED] - Click button "Generate Outpayment"

2021-01-21 15:29:35 - [TEST_STEP][PASSED] - Get text from pop up "Warning Message" with text "Warning : No data selected !": Get text from pop up "Warning Message" with text "Warning : No data selected !"

2021-01-21 15:29:35 - [MESSAGE][PASSED] - Taking screenshot successfully
[[ATTACHMENT|/Users/chaidir.pratama01/Documents/Docs/Katalon Studio/Screenshot/errorpopup.png]]

2021-01-21 15:29:35 - [MESSAGE][PASSED] - Object '' is present

2021-01-21 15:29:35 - [MESSAGE][PASSED] - Wait for page load successfully

2021-01-21 15:29:35 - [MESSAGE][PASSED] - Wait for page load successfully

2021-01-21 15:29:35 - [MESSAGE][PASSED] - Get text from pop up "Warning Message" with text "Warning : No data selected !"

2021-01-21 15:29:35 - [TEST_STEP][PASSED] - Click button "OK": Click button "OK"

2021-01-21 15:29:35 - [MESSAGE][INFO] - >>>>>//Button[contains(text(),'OK')]

2021-01-21 15:29:38 - [MESSAGE][PASSED] - Object '' is present

2021-01-21 15:29:38 - [MESSAGE][PASSED] - Object: '' is clicked on

2021-01-21 15:29:38 - [MESSAGE][PASSED] - Switched to window with index: '0'

2021-01-21 15:29:38 - [MESSAGE][PASSED] - Click button "OK"

2021-01-21 15:29:38 - [TEST_STEP][PASSED] - Click button "Logout": Click button "Logout"

2021-01-21 15:29:38 - [MESSAGE][INFO] - >>>>>//Button[contains(text(),'Logout')]

2021-01-21 15:29:41 - [MESSAGE][PASSED] - Object '' is present

2021-01-21 15:29:41 - [MESSAGE][PASSED] - Object: '' is clicked on

2021-01-21 15:29:41 - [MESSAGE][PASSED] - Switched to window with index: '0'

2021-01-21 15:29:41 - [MESSAGE][PASSED] - Click button "Logout"

2021-01-21 15:29:41 - [TEST_STEP][PASSED] - Close browser: Close browser

2021-01-21 15:29:41 - [MESSAGE][PASSED] - Browser is closed

2021-01-21 15:29:42 - [MESSAGE][PASSED] - Close browser

2021-01-21 15:29:42 - [TEST_CASE][PASSED] - Start Test Case : SCENARIO Genrate Outpayment and select checkbox first: SCENARIO Genrate Outpayment and select checkbox first

2021-01-21 15:29:42 - [TEST_STEP][PASSED] - Go to ISTools: Go to ISTools

2021-01-21 15:29:42 - [MESSAGE][INFO] - Starting 'Chrome (headless)' driver

2021-01-21 15:29:42 - [MESSAGE][INFO] - User set preference: ['args', '[--start-maximized, --disable-gpu, --no-proxy-server, –-no-sandbox, --allow-running-insecure-content, --ignore-certificate-errors, window-size=1680,814, force-device-scale-factor=2, --lang=en-GB]']

2021-01-21 15:29:42 - [MESSAGE][INFO] - User set preference: ['prefs', '{download.default_directory=/Users/chaidir.pratama01/Katalon Studio/IST_Automation_Git/Download}']

2021-01-21 15:29:42 - [MESSAGE][INFO] - Action delay is set to 0 milliseconds

2021-01-21 15:29:42 - [MESSAGE][PASSED] - Browser is opened with url: ''

2021-01-21 15:29:43 - [MESSAGE][PASSED] - Navigate to 'https://dev-istools.homecredit.id/foundation/' successfully

2021-01-21 15:29:43 - [MESSAGE][PASSED] - Go to ISTools

2021-01-21 15:29:43 - [TEST_STEP][PASSED] - Login IST with valid credentials: Login IST with valid credentials

2021-01-21 15:29:43 - [MESSAGE][PASSED] - Text 'mobile.test' is set on object 'Object Repository/Page_/input_Username_j_username'

2021-01-21 15:29:43 - [MESSAGE][PASSED] - Text ****** has been set on object 'Object Repository/Page_/input_Password_j_password'

2021-01-21 15:29:43 - [MESSAGE][PASSED] - Object: 'Object Repository/Page_/button_Login' is clicked on

2021-01-21 15:29:43 - [MESSAGE][PASSED] - Login IST with valid credentials

2021-01-21 15:29:43 - [TEST_STEP][PASSED] - Login Success: Login Success

2021-01-21 15:29:43 - [MESSAGE][INFO] - Login Success

2021-01-21 15:29:43 - [MESSAGE][PASSED] - Current window maximized

2021-01-21 15:29:43 - [MESSAGE][PASSED] - Object 'Object Repository/Page_/h1_Welcome to IT Supporting Tools' is present

2021-01-21 15:29:43 - [MESSAGE][PASSED] - Login Success

2021-01-21 15:29:43 - [TEST_STEP][PASSED] - Select Arrow Menu "Real Time Disbursement": Select Arrow Menu "Real Time Disbursement"

2021-01-21 15:29:43 - [MESSAGE][PASSED] - Object: '' is clicked on

2021-01-21 15:29:43 - [MESSAGE][PASSED] - Select Arrow Menu "Real Time Disbursement"

2021-01-21 15:29:43 - [TEST_STEP][PASSED] - Select Menu "Dashboard for BO In Payment": Select Menu "Dashboard for BO In Payment"

2021-01-21 15:29:44 - [MESSAGE][PASSED] - Taking screenshot successfully
[[ATTACHMENT|/Users/chaidir.pratama01/Documents/Docs/Katalon Studio/Screenshot/test-Dashboard for BO In Payment.png]]

2021-01-21 15:29:44 - [MESSAGE][PASSED] - Object '' is present

2021-01-21 15:29:44 - [MESSAGE][PASSED] - Object: '' is clicked on

2021-01-21 15:29:44 - [MESSAGE][PASSED] - Wait for page load successfully

2021-01-21 15:29:44 - [MESSAGE][PASSED] - Select Menu "Dashboard for BO In Payment"

2021-01-21 15:29:44 - [TEST_STEP][PASSED] - Select STATUS "Manual Disbursement": Select STATUS "Manual Disbursement"

2021-01-21 15:29:44 - [MESSAGE][PASSED] - All options with value 'Manual Disbursement' are selected in object ''  using regular expression

2021-01-21 15:29:44 - [MESSAGE][PASSED] - Select STATUS "Manual Disbursement"

2021-01-21 15:29:44 - [TEST_STEP][PASSED] - Click button "Search": Click button "Search"

2021-01-21 15:29:44 - [MESSAGE][INFO] - >>>>>//Button[contains(text(),'Search')]

2021-01-21 15:29:47 - [MESSAGE][PASSED] - Object '' is present

2021-01-21 15:29:47 - [MESSAGE][PASSED] - Object: '' is clicked on

2021-01-21 15:29:48 - [MESSAGE][PASSED] - Switched to window with index: '0'

2021-01-21 15:29:48 - [MESSAGE][PASSED] - Click button "Search"

2021-01-21 15:29:48 - [TEST_STEP][PASSED] - Verify Table Filled: Verify Table Filled

2021-01-21 15:29:48 - [MESSAGE][PASSED] - Object '' is present

2021-01-21 15:29:48 - [MESSAGE][PASSED] - Verify Table Filled

2021-01-21 15:29:48 - [TEST_STEP][PASSED] - Click Checkbox: Click Checkbox

2021-01-21 15:29:48 - [MESSAGE][PASSED] - Object: '' is clicked on

2021-01-21 15:29:48 - [MESSAGE][PASSED] - Click Checkbox

2021-01-21 15:29:48 - [TEST_STEP][PASSED] - Click button "Generate Outpayment": Click button "Generate Outpayment"

2021-01-21 15:29:48 - [MESSAGE][INFO] - >>>>>//Button[contains(text(),'Generate Outpayment')]

2021-01-21 15:29:51 - [MESSAGE][PASSED] - Object '' is present

2021-01-21 15:29:51 - [MESSAGE][PASSED] - Object: '' is clicked on

2021-01-21 15:29:51 - [MESSAGE][PASSED] - Switched to window with index: '0'

2021-01-21 15:29:51 - [MESSAGE][PASSED] - Click button "Generate Outpayment"

2021-01-21 15:29:51 - [TEST_STEP][PASSED] - Get text from pop up "Success Message" with text "Generate Outpayment File Success": Get text from pop up "Success Message" with text "Generate Outpayment File Success"

2021-01-21 15:29:52 - [MESSAGE][PASSED] - Taking screenshot successfully
[[ATTACHMENT|/Users/chaidir.pratama01/Documents/Docs/Katalon Studio/Screenshot/errorpopup.png]]

2021-01-21 15:29:52 - [MESSAGE][PASSED] - Object '' is present

2021-01-21 15:29:52 - [MESSAGE][PASSED] - Wait for page load successfully

2021-01-21 15:29:52 - [MESSAGE][PASSED] - Wait for page load successfully

2021-01-21 15:29:52 - [MESSAGE][PASSED] - Get text from pop up "Success Message" with text "Generate Outpayment File Success"

2021-01-21 15:29:52 - [TEST_STEP][PASSED] - Click button "OK": Click button "OK"

2021-01-21 15:29:52 - [MESSAGE][INFO] - >>>>>//Button[contains(text(),'OK')]

2021-01-21 15:29:55 - [MESSAGE][PASSED] - Object '' is present

2021-01-21 15:29:55 - [MESSAGE][PASSED] - Object: '' is clicked on

2021-01-21 15:29:55 - [MESSAGE][PASSED] - Switched to window with index: '0'

2021-01-21 15:29:55 - [MESSAGE][PASSED] - Click button "OK"

2021-01-21 15:29:55 - [TEST_STEP][PASSED] - Click button "Logout": Click button "Logout"

2021-01-21 15:29:55 - [MESSAGE][INFO] - >>>>>//Button[contains(text(),'Logout')]

2021-01-21 15:29:58 - [MESSAGE][PASSED] - Object '' is present

2021-01-21 15:29:58 - [MESSAGE][PASSED] - Object: '' is clicked on

2021-01-21 15:29:58 - [MESSAGE][PASSED] - Switched to window with index: '0'

2021-01-21 15:29:58 - [MESSAGE][PASSED] - Click button "Logout"

2021-01-21 15:29:58 - [TEST_STEP][PASSED] - Close browser: Close browser

2021-01-21 15:29:59 - [MESSAGE][PASSED] - Browser is closed

2021-01-21 15:29:59 - [MESSAGE][PASSED] - Close browser

2021-01-21 15:29:59 - [MESSAGE][PASSED] - Feature file: 'Include/features/IST_Real/RTD/Dashboard_for_BO_In_Payment/Generate_Outpayment.feature' was passed]]></system-out>
         <system-err><![CDATA[]]></system-err>
      </testcase>
      <testcase name="Test Cases/RTD/Dashboard for BO in Payment/TC_Search_by_Contract_Number" time="10.026" classname="Test Cases/RTD/Dashboard for BO in Payment/TC_Search_by_Contract_Number" status="PASSED">
         <system-out><![CDATA[2021-01-21 15:29:59 - [TEST_CASE][PASSED] - Test Cases/RTD/Dashboard for BO in Payment/TC_Search_by_Contract_Number: Test Cases/RTD/Dashboard for BO in Payment/TC_Search_by_Contract_Number

2021-01-21 15:29:59 - [TEST_STEP][PASSED] - runFeatureFile("Include/features/IST_Real/RTD/Dashboard_for_BO_In_Payment/Search_by_Contract_Number.feature"): Feature file: 'Include/features/IST_Real/RTD/Dashboard_for_BO_In_Payment/Search_by_Contract_Number.feature' was passed

2021-01-21 15:29:59 - [MESSAGE][INFO] - Starting run keyword runFeatureFile: 'Include/features/IST_Real/RTD/Dashboard_for_BO_In_Payment/Search_by_Contract_Number.feature' and extract report to folder: '/Users/chaidir.pratama01/Katalon Studio/IST_Automation_Git/Reports/20210121_152506/RTD/TS_Dashboard_for_BO_In_Payment/20210121_152506/cucumber_report/1611217799146'...

2021-01-21 15:29:59 - [TEST_CASE][PASSED] - Start Test Case : SCENARIO Search by Contract Number and it found on Dashboard: SCENARIO Search by Contract Number and it found on Dashboard

2021-01-21 15:29:59 - [TEST_STEP][PASSED] - Go to ISTools: Go to ISTools

2021-01-21 15:29:59 - [MESSAGE][INFO] - Starting 'Chrome (headless)' driver

2021-01-21 15:29:59 - [MESSAGE][INFO] - User set preference: ['args', '[--start-maximized, --disable-gpu, --no-proxy-server, –-no-sandbox, --allow-running-insecure-content, --ignore-certificate-errors, window-size=1680,814, force-device-scale-factor=2, --lang=en-GB]']

2021-01-21 15:29:59 - [MESSAGE][INFO] - User set preference: ['prefs', '{download.default_directory=/Users/chaidir.pratama01/Katalon Studio/IST_Automation_Git/Download}']

2021-01-21 15:29:59 - [MESSAGE][INFO] - Action delay is set to 0 milliseconds

2021-01-21 15:29:59 - [MESSAGE][PASSED] - Browser is opened with url: ''

2021-01-21 15:30:00 - [MESSAGE][PASSED] - Navigate to 'https://dev-istools.homecredit.id/foundation/' successfully

2021-01-21 15:30:00 - [MESSAGE][PASSED] - Go to ISTools

2021-01-21 15:30:00 - [TEST_STEP][PASSED] - Login IST with valid credentials: Login IST with valid credentials

2021-01-21 15:30:00 - [MESSAGE][PASSED] - Text 'mobile.test' is set on object 'Object Repository/Page_/input_Username_j_username'

2021-01-21 15:30:00 - [MESSAGE][PASSED] - Text ****** has been set on object 'Object Repository/Page_/input_Password_j_password'

2021-01-21 15:30:00 - [MESSAGE][PASSED] - Object: 'Object Repository/Page_/button_Login' is clicked on

2021-01-21 15:30:00 - [MESSAGE][PASSED] - Login IST with valid credentials

2021-01-21 15:30:00 - [TEST_STEP][PASSED] - Login Success: Login Success

2021-01-21 15:30:00 - [MESSAGE][INFO] - Login Success

2021-01-21 15:30:01 - [MESSAGE][PASSED] - Current window maximized

2021-01-21 15:30:01 - [MESSAGE][PASSED] - Object 'Object Repository/Page_/h1_Welcome to IT Supporting Tools' is present

2021-01-21 15:30:01 - [MESSAGE][PASSED] - Login Success

2021-01-21 15:30:01 - [TEST_STEP][PASSED] - Select Arrow Menu "Real Time Disbursement": Select Arrow Menu "Real Time Disbursement"

2021-01-21 15:30:01 - [MESSAGE][PASSED] - Object: '' is clicked on

2021-01-21 15:30:01 - [MESSAGE][PASSED] - Select Arrow Menu "Real Time Disbursement"

2021-01-21 15:30:01 - [TEST_STEP][PASSED] - Select Menu "Dashboard for BO In Payment": Select Menu "Dashboard for BO In Payment"

2021-01-21 15:30:01 - [MESSAGE][PASSED] - Taking screenshot successfully
[[ATTACHMENT|/Users/chaidir.pratama01/Documents/Docs/Katalon Studio/Screenshot/test-Dashboard for BO In Payment.png]]

2021-01-21 15:30:01 - [MESSAGE][PASSED] - Object '' is present

2021-01-21 15:30:01 - [MESSAGE][PASSED] - Object: '' is clicked on

2021-01-21 15:30:01 - [MESSAGE][PASSED] - Wait for page load successfully

2021-01-21 15:30:01 - [MESSAGE][PASSED] - Select Menu "Dashboard for BO In Payment"

2021-01-21 15:30:01 - [TEST_STEP][PASSED] - Input Contract RTD in Contract Number label: Input Contract RTD in Contract Number label

2021-01-21 15:30:02 - [MESSAGE][PASSED] - Text '4000014162' is set on object ''

2021-01-21 15:30:02 - [MESSAGE][PASSED] - Input Contract RTD in Contract Number label

2021-01-21 15:30:02 - [TEST_STEP][PASSED] - Click button "Search": Click button "Search"

2021-01-21 15:30:02 - [MESSAGE][INFO] - >>>>>//Button[contains(text(),'Search')]

2021-01-21 15:30:05 - [MESSAGE][PASSED] - Object '' is present

2021-01-21 15:30:05 - [MESSAGE][PASSED] - Object: '' is clicked on

2021-01-21 15:30:05 - [MESSAGE][PASSED] - Switched to window with index: '0'

2021-01-21 15:30:05 - [MESSAGE][PASSED] - Click button "Search"

2021-01-21 15:30:05 - [TEST_STEP][PASSED] - Verify Search Result Presents: Verify Search Result Presents

2021-01-21 15:30:05 - [MESSAGE][PASSED] - Object '' is present

2021-01-21 15:30:05 - [MESSAGE][PASSED] - Verify Search Result Presents

2021-01-21 15:30:05 - [TEST_STEP][PASSED] - Click button "Logout": Click button "Logout"

2021-01-21 15:30:05 - [MESSAGE][INFO] - >>>>>//Button[contains(text(),'Logout')]

2021-01-21 15:30:08 - [MESSAGE][PASSED] - Object '' is present

2021-01-21 15:30:08 - [MESSAGE][PASSED] - Object: '' is clicked on

2021-01-21 15:30:08 - [MESSAGE][PASSED] - Switched to window with index: '0'

2021-01-21 15:30:08 - [MESSAGE][PASSED] - Click button "Logout"

2021-01-21 15:30:08 - [TEST_STEP][PASSED] - Close browser: Close browser

2021-01-21 15:30:09 - [MESSAGE][PASSED] - Browser is closed

2021-01-21 15:30:09 - [MESSAGE][PASSED] - Close browser

2021-01-21 15:30:09 - [MESSAGE][PASSED] - Feature file: 'Include/features/IST_Real/RTD/Dashboard_for_BO_In_Payment/Search_by_Contract_Number.feature' was passed]]></system-out>
         <system-err><![CDATA[]]></system-err>
      </testcase>
      <system-out><![CDATA[2021-01-21 15:25:13 - [TEST_SUITE][PASSED] - TS_Dashboard_for_BO_In_Payment: Test Cases/RTD/Dashboard for BO in Payment/TC_Search_by_Contract_Number]]></system-out>
      <system-err><![CDATA[]]></system-err>
   </testsuite>
</testsuites>
