<?xml version="1.0" encoding="UTF-8"?>
<testsuites name="TS_SLIK_Gateway_Non_Customer" time="132.163" tests="4" failures="0" errors="0">
   <testsuite name="TS_SLIK_Gateway_Non_Customer" tests="4" failures="0" errors="0" time="132.163" timestamp="2020-08-23 23:12:17" hostname="chaidir.pratama01 - localhost" id="Test Suites/SLIK/TS_SLIK_Gateway_Non_Customer">
      <properties>
         <property name="deviceName" value=""/>
         <property name="devicePlatform" value=""/>
         <property name="logFolder" value="/Users/chaidir.pratama01/Katalon Studio/IST_Automation_Git/Reports/20200823_231209/SLIK/TS_SLIK_Gateway_Non_Customer/20200823_231209"/>
         <property name="logFiles" value="/Users/chaidir.pratama01/Katalon Studio/IST_Automation_Git/Reports/20200823_231209/SLIK/TS_SLIK_Gateway_Non_Customer/20200823_231209/execution0.log"/>
         <property name="attachments" value=""/>
         <property name="hostName" value="chaidir.pratama01 - localhost"/>
         <property name="os" value="Mac OS X 64bit"/>
         <property name="katalonVersion" value="7.6.0.${buildNumber}"/>
         <property name="browser" value="Chrome 84.0.4147.135"/>
         <property name="hostAddress" value="127.0.0.1"/>
         <property name="sessionId" value="2e95add78245f958e40b65098b4923a4"/>
         <property name="seleniumVersion" value="3.141.59"/>
         <property name="proxyInformation" value="ProxyInformation { proxyOption=NO_PROXY, proxyServerType=HTTP, username=, password=********, proxyServerAddress=, proxyServerPort=0, executionList=\&quot;\&quot;, isApplyToDesiredCapabilities=true }"/>
         <property name="platform" value="Mac OS X"/>
      </properties>
      <testcase name="Test Cases/IST_Real/SLIK/SLIK_Gateway_Non_Customer/Delete_KTPNumber_From_DB" time="3.186" classname="Test Cases/IST_Real/SLIK/SLIK_Gateway_Non_Customer/Delete_KTPNumber_From_DB" status="PASSED">
         <system-out><![CDATA[2020-08-23 23:12:17 - [TEST_CASE][PASSED] - Test Cases/IST_Real/SLIK/SLIK_Gateway_Non_Customer/Delete_KTPNumber_From_DB: Test Cases/IST_Real/SLIK/SLIK_Gateway_Non_Customer/Delete_KTPNumber_From_DB

2020-08-23 23:12:17 - [TEST_STEP][PASSED] - runFeatureFile("Include/features/IST_Real/SLIK/SLIK Gateway Non Customer/Delete_KTPNumber_From_DB.feature"): Feature file: 'Include/features/IST_Real/SLIK/SLIK Gateway Non Customer/Delete_KTPNumber_From_DB.feature' was passed

2020-08-23 23:12:17 - [MESSAGE][INFO] - Starting run keyword runFeatureFile: 'Include/features/IST_Real/SLIK/SLIK Gateway Non Customer/Delete_KTPNumber_From_DB.feature' and extract report to folder: '/Users/chaidir.pratama01/Katalon Studio/IST_Automation_Git/Reports/20200823_231209/SLIK/TS_SLIK_Gateway_Non_Customer/20200823_231209/cucumber_report/1598199137743'...

2020-08-23 23:12:18 - [TEST_CASE][PASSED] - Start Test Case : SCENARIO Delete_KTPNumber_From_DB: SCENARIO Delete_KTPNumber_From_DB

2020-08-23 23:12:18 - [TEST_STEP][PASSED] - Connect to Database: Connect to Database

2020-08-23 23:12:19 - [MESSAGE][PASSED] - Connect to Database

2020-08-23 23:12:19 - [TEST_STEP][PASSED] - Delete Contract From SLIK_DATA_NonCUSTOMER: Delete Contract From SLIK_DATA_NonCUSTOMER

2020-08-23 23:12:20 - [MESSAGE][PASSED] - Delete Contract From SLIK_DATA_NonCUSTOMER

2020-08-23 23:12:20 - [MESSAGE][PASSED] - Feature file: 'Include/features/IST_Real/SLIK/SLIK Gateway Non Customer/Delete_KTPNumber_From_DB.feature' was passed]]></system-out>
         <system-err><![CDATA[]]></system-err>
      </testcase>
      <testcase name="Test Cases/IST_Real/SLIK/SLIK_Gateway_Non_Customer/SLIK Gateway Non Customer Checking" time="69.281" classname="Test Cases/IST_Real/SLIK/SLIK_Gateway_Non_Customer/SLIK Gateway Non Customer Checking" status="PASSED">
         <system-out><![CDATA[2020-08-23 23:12:20 - [TEST_CASE][PASSED] - Test Cases/IST_Real/SLIK/SLIK_Gateway_Non_Customer/SLIK Gateway Non Customer Checking: Test Cases/IST_Real/SLIK/SLIK_Gateway_Non_Customer/SLIK Gateway Non Customer Checking

2020-08-23 23:12:20 - [TEST_STEP][PASSED] - runFeatureFile("Include/features/IST_Real/SLIK/SLIK Gateway Non Customer/SLIK Gateway Non Customer Checking.feature"): Feature file: 'Include/features/IST_Real/SLIK/SLIK Gateway Non Customer/SLIK Gateway Non Customer Checking.feature' was passed

2020-08-23 23:12:20 - [MESSAGE][INFO] - Starting run keyword runFeatureFile: 'Include/features/IST_Real/SLIK/SLIK Gateway Non Customer/SLIK Gateway Non Customer Checking.feature' and extract report to folder: '/Users/chaidir.pratama01/Katalon Studio/IST_Automation_Git/Reports/20200823_231209/SLIK/TS_SLIK_Gateway_Non_Customer/20200823_231209/cucumber_report/1598199140778'...

2020-08-23 23:12:20 - [TEST_CASE][PASSED] - Start Test Case : SCENARIO SLIK Gateway Non Customer Checking: SCENARIO SLIK Gateway Non Customer Checking

2020-08-23 23:12:20 - [TEST_STEP][PASSED] - Go to ISTools: Go to ISTools

2020-08-23 23:12:21 - [MESSAGE][INFO] - Starting 'Chrome' driver

2020-08-23 23:12:21 - [MESSAGE][INFO] - Action delay is set to 0 milliseconds

2020-08-23 23:12:22 - [MESSAGE][PASSED] - Browser is opened with url: ''

2020-08-23 23:12:24 - [MESSAGE][PASSED] - Navigate to 'https://dev-istools.homecredit.id/foundation/' successfully

2020-08-23 23:12:24 - [MESSAGE][PASSED] - Go to ISTools

2020-08-23 23:12:24 - [TEST_STEP][PASSED] - Login IST with valid credentials: Login IST with valid credentials

2020-08-23 23:12:25 - [MESSAGE][PASSED] - Text 'mobile.test' is set on object 'Object Repository/Page_/input_Username_j_username'

2020-08-23 23:12:26 - [MESSAGE][PASSED] - Text ****** has been set on object 'Object Repository/Page_/input_Password_j_password'

2020-08-23 23:12:26 - [MESSAGE][PASSED] - Object: 'Object Repository/Page_/button_Login' is clicked on

2020-08-23 23:12:26 - [MESSAGE][PASSED] - Login IST with valid credentials

2020-08-23 23:12:26 - [TEST_STEP][PASSED] - Login Success for contract dispatcher: Login Success for contract dispatcher

2020-08-23 23:12:27 - [MESSAGE][INFO] - Login Success

2020-08-23 23:12:27 - [MESSAGE][PASSED] - Current window maximized

2020-08-23 23:12:27 - [MESSAGE][PASSED] - Object 'Object Repository/Page_/h1_Welcome to IT Supporting Tools' is present

2020-08-23 23:12:27 - [MESSAGE][PASSED] - Login Success for contract dispatcher

2020-08-23 23:12:27 - [TEST_STEP][PASSED] - Select Menu SLIK Gateway NonCustomer: Select Menu SLIK Gateway NonCustomer

2020-08-23 23:12:28 - [MESSAGE][PASSED] - Object '' is present

2020-08-23 23:12:28 - [MESSAGE][PASSED] - Object: '' is clicked on

2020-08-23 23:12:28 - [MESSAGE][PASSED] - Wait for page load successfully

2020-08-23 23:12:28 - [MESSAGE][PASSED] - Select Menu SLIK Gateway NonCustomer

2020-08-23 23:12:28 - [TEST_STEP][PASSED] - Input Data KTP Number: Input Data KTP Number

2020-08-23 23:12:29 - [MESSAGE][PASSED] - Text '8888888888888888' is set on object ''

2020-08-23 23:12:29 - [MESSAGE][PASSED] - Input Data KTP Number

2020-08-23 23:12:29 - [TEST_STEP][PASSED] - Input Data "Name *" with value "OPEX TestingAuto" for Check SLIK: Input Data "Name *" with value "OPEX TestingAuto" for Check SLIK

2020-08-23 23:12:30 - [MESSAGE][PASSED] - Text 'OPEX TestingAuto' is set on object ''

2020-08-23 23:12:30 - [MESSAGE][PASSED] - Input Data "Name *" with value "OPEX TestingAuto" for Check SLIK

2020-08-23 23:12:30 - [TEST_STEP][PASSED] - Input Date of Birth "20-02-1990": Input Date of Birth "20-02-1990"

2020-08-23 23:12:30 - [MESSAGE][PASSED] - Text '20-02-1990' is set on object ''

2020-08-23 23:12:30 - [MESSAGE][PASSED] - Input Date of Birth "20-02-1990"

2020-08-23 23:12:30 - [TEST_STEP][PASSED] - Select Gender "Laki-laki": Select Gender "Laki-laki"

2020-08-23 23:12:31 - [MESSAGE][PASSED] - Object: '' is clicked on

2020-08-23 23:12:31 - [MESSAGE][PASSED] - Select Gender "Laki-laki"

2020-08-23 23:12:31 - [TEST_STEP][PASSED] - Select Purpose is "Penilaian Calon Kemitraan": Select Purpose is "Penilaian Calon Kemitraan"

2020-08-23 23:12:32 - [MESSAGE][PASSED] - All options with value 'Penilaian Calon Kemitraan' are selected in object ''  using regular expression

2020-08-23 23:12:32 - [MESSAGE][PASSED] - Select Purpose is "Penilaian Calon Kemitraan"

2020-08-23 23:12:32 - [TEST_STEP][PASSED] - Input Data "Place of Birth" with value "Jakarta" for Check SLIK: Input Data "Place of Birth" with value "Jakarta" for Check SLIK

2020-08-23 23:12:32 - [MESSAGE][PASSED] - Text 'Jakarta' is set on object ''

2020-08-23 23:12:32 - [MESSAGE][PASSED] - Input Data "Place of Birth" with value "Jakarta" for Check SLIK

2020-08-23 23:12:32 - [TEST_STEP][PASSED] - Input Data "Mother Maternity Name" with value "Tester Auto" for Check SLIK: Input Data "Mother Maternity Name" with value "Tester Auto" for Check SLIK

2020-08-23 23:12:33 - [MESSAGE][PASSED] - Text 'Tester Auto' is set on object ''

2020-08-23 23:12:33 - [MESSAGE][PASSED] - Input Data "Mother Maternity Name" with value "Tester Auto" for Check SLIK

2020-08-23 23:12:33 - [TEST_STEP][PASSED] - Input KTP Address "TESTING AUTO JAKARTA": Input KTP Address "TESTING AUTO JAKARTA"

2020-08-23 23:12:33 - [MESSAGE][PASSED] - Text 'TESTING AUTO JAKARTA' is set on object ''

2020-08-23 23:12:33 - [MESSAGE][PASSED] - Input KTP Address "TESTING AUTO JAKARTA"

2020-08-23 23:12:33 - [TEST_STEP][PASSED] - Click button "Upload": Click button "Upload"

2020-08-23 23:12:33 - [MESSAGE][INFO] - >>>>>//Button[contains(text(),'Upload')]

2020-08-23 23:12:38 - [MESSAGE][PASSED] - Object: '' is clicked on

2020-08-23 23:12:38 - [MESSAGE][PASSED] - Click button "Upload"

2020-08-23 23:12:38 - [TEST_STEP][PASSED] - Upload file "new_captcha1500.png": Upload file "new_captcha1500.png"

2020-08-23 23:12:38 - [MESSAGE][PASSED] - Switched to window with index: '0'

2020-08-23 23:12:50 - [MESSAGE][PASSED] - Upload file "new_captcha1500.png"

2020-08-23 23:12:50 - [TEST_STEP][PASSED] - Click button "Check SLIK": Click button "Check SLIK"

2020-08-23 23:12:50 - [MESSAGE][INFO] - >>>>>//Button[contains(text(),'Check SLIK')]

2020-08-23 23:12:53 - [MESSAGE][PASSED] - Object: '' is clicked on

2020-08-23 23:12:53 - [MESSAGE][PASSED] - Click button "Check SLIK"

2020-08-23 23:12:53 - [TEST_STEP][PASSED] - Get text from pop up "Confirmation Submit Request" with text "Are you sure to submit this data ?": Get text from pop up "Confirmation Submit Request" with text "Are you sure to submit this data ?"

2020-08-23 23:12:53 - [MESSAGE][PASSED] - Object '' is present

2020-08-23 23:12:53 - [MESSAGE][PASSED] - Wait for page load successfully

2020-08-23 23:12:53 - [MESSAGE][PASSED] - Wait for page load successfully

2020-08-23 23:12:53 - [MESSAGE][PASSED] - Get text from pop up "Confirmation Submit Request" with text "Are you sure to submit this data ?"

2020-08-23 23:12:53 - [TEST_STEP][PASSED] - Click button "Yes": Click button "Yes"

2020-08-23 23:12:53 - [MESSAGE][INFO] - >>>>>//Button[contains(text(),'Yes')]

2020-08-23 23:12:57 - [MESSAGE][PASSED] - Object: '' is clicked on

2020-08-23 23:12:57 - [MESSAGE][PASSED] - Click button "Yes"

2020-08-23 23:12:57 - [TEST_STEP][PASSED] - Verify KTP Number Request Success: Verify KTP Number Request Success

2020-08-23 23:13:20 - [MESSAGE][PASSED] - Object '' is present

2020-08-23 23:13:20 - [MESSAGE][PASSED] - Verify KTP Number Request Success

2020-08-23 23:13:20 - [TEST_STEP][PASSED] - Click button "OK": Click button "OK"

2020-08-23 23:13:20 - [MESSAGE][INFO] - >>>>>//Button[contains(text(),'OK')]

2020-08-23 23:13:24 - [MESSAGE][PASSED] - Object: '' is clicked on

2020-08-23 23:13:24 - [MESSAGE][PASSED] - Click button "OK"

2020-08-23 23:13:24 - [TEST_STEP][PASSED] - Click button "Logout": Click button "Logout"

2020-08-23 23:13:24 - [MESSAGE][INFO] - >>>>>//Button[contains(text(),'Logout')]

2020-08-23 23:13:29 - [MESSAGE][PASSED] - Object: '' is clicked on

2020-08-23 23:13:29 - [MESSAGE][PASSED] - Click button "Logout"

2020-08-23 23:13:29 - [TEST_STEP][PASSED] - Close browser: Close browser

2020-08-23 23:13:29 - [MESSAGE][PASSED] - Browser is closed

2020-08-23 23:13:29 - [MESSAGE][PASSED] - Close browser

2020-08-23 23:13:29 - [MESSAGE][PASSED] - Feature file: 'Include/features/IST_Real/SLIK/SLIK Gateway Non Customer/SLIK Gateway Non Customer Checking.feature' was passed]]></system-out>
         <system-err><![CDATA[]]></system-err>
      </testcase>
      <testcase name="Test Cases/IST_Real/SLIK/SLIK_Gateway_Non_Customer/SELECT_KTP_NUMBER_NON_CUSTOMER_from_DB" time="18.699" classname="Test Cases/IST_Real/SLIK/SLIK_Gateway_Non_Customer/SELECT_KTP_NUMBER_NON_CUSTOMER_from_DB" status="PASSED">
         <system-out><![CDATA[2020-08-23 23:13:29 - [TEST_CASE][PASSED] - Test Cases/IST_Real/SLIK/SLIK_Gateway_Non_Customer/SELECT_KTP_NUMBER_NON_CUSTOMER_from_DB: Test Cases/IST_Real/SLIK/SLIK_Gateway_Non_Customer/SELECT_KTP_NUMBER_NON_CUSTOMER_from_DB

2020-08-23 23:13:30 - [TEST_STEP][PASSED] - runFeatureFile("Include/features/IST_Real/SLIK/SLIK Gateway Non Customer/SELECT_KTP_NUMBER_NON_CUSTOMER_from_DB.feature"): Feature file: 'Include/features/IST_Real/SLIK/SLIK Gateway Non Customer/SELECT_KTP_NUMBER_NON_CUSTOMER_from_DB.feature' was passed

2020-08-23 23:13:30 - [MESSAGE][INFO] - Starting run keyword runFeatureFile: 'Include/features/IST_Real/SLIK/SLIK Gateway Non Customer/SELECT_KTP_NUMBER_NON_CUSTOMER_from_DB.feature' and extract report to folder: '/Users/chaidir.pratama01/Katalon Studio/IST_Automation_Git/Reports/20200823_231209/SLIK/TS_SLIK_Gateway_Non_Customer/20200823_231209/cucumber_report/1598199210065'...

2020-08-23 23:13:30 - [TEST_CASE][PASSED] - Start Test Case : SCENARIO SELECT KTP Number Non Customer From Table SLIK_DATA_CUSTOMER: SCENARIO SELECT KTP Number Non Customer From Table SLIK_DATA_CUSTOMER

2020-08-23 23:13:30 - [TEST_STEP][PASSED] - Connect to Database: Connect to Database

2020-08-23 23:13:37 - [MESSAGE][PASSED] - Connect to Database

2020-08-23 23:13:37 - [TEST_STEP][PASSED] - Check KTP Number Non Customer in DB: Check KTP Number Non Customer in DB

2020-08-23 23:13:48 - [MESSAGE][PASSED] - Check KTP Number Non Customer in DB

2020-08-23 23:13:48 - [MESSAGE][PASSED] - Feature file: 'Include/features/IST_Real/SLIK/SLIK Gateway Non Customer/SELECT_KTP_NUMBER_NON_CUSTOMER_from_DB.feature' was passed]]></system-out>
         <system-err><![CDATA[]]></system-err>
      </testcase>
      <testcase name="Test Cases/IST_Real/SLIK/SLIK_Gateway_Non_Customer/SLIK Gateway Non Customer Search" time="40.778" classname="Test Cases/IST_Real/SLIK/SLIK_Gateway_Non_Customer/SLIK Gateway Non Customer Search" status="PASSED">
         <system-out><![CDATA[2020-08-23 23:13:48 - [TEST_CASE][PASSED] - Test Cases/IST_Real/SLIK/SLIK_Gateway_Non_Customer/SLIK Gateway Non Customer Search: Test Cases/IST_Real/SLIK/SLIK_Gateway_Non_Customer/SLIK Gateway Non Customer Search

2020-08-23 23:13:48 - [TEST_STEP][PASSED] - runFeatureFile("Include/features/IST_Real/SLIK/SLIK Gateway Non Customer/SLIK Gateaway Non Customer Search.feature"): Feature file: 'Include/features/IST_Real/SLIK/SLIK Gateway Non Customer/SLIK Gateaway Non Customer Search.feature' was passed

2020-08-23 23:13:48 - [MESSAGE][INFO] - Starting run keyword runFeatureFile: 'Include/features/IST_Real/SLIK/SLIK Gateway Non Customer/SLIK Gateaway Non Customer Search.feature' and extract report to folder: '/Users/chaidir.pratama01/Katalon Studio/IST_Automation_Git/Reports/20200823_231209/SLIK/TS_SLIK_Gateway_Non_Customer/20200823_231209/cucumber_report/1598199228741'...

2020-08-23 23:13:48 - [TEST_CASE][PASSED] - Start Test Case : SCENARIO SLIK Gateway Non Customer Search Result: SCENARIO SLIK Gateway Non Customer Search Result

2020-08-23 23:13:48 - [TEST_STEP][PASSED] - Go to ISTools: Go to ISTools

2020-08-23 23:13:48 - [MESSAGE][INFO] - Starting 'Chrome' driver

2020-08-23 23:13:48 - [MESSAGE][INFO] - Action delay is set to 0 milliseconds

2020-08-23 23:13:49 - [MESSAGE][PASSED] - Browser is opened with url: ''

2020-08-23 23:14:06 - [MESSAGE][PASSED] - Navigate to 'https://dev-istools.homecredit.id/foundation/' successfully

2020-08-23 23:14:06 - [MESSAGE][PASSED] - Go to ISTools

2020-08-23 23:14:06 - [TEST_STEP][PASSED] - Login IST with valid credentials: Login IST with valid credentials

2020-08-23 23:14:07 - [MESSAGE][PASSED] - Text 'mobile.test' is set on object 'Object Repository/Page_/input_Username_j_username'

2020-08-23 23:14:07 - [MESSAGE][PASSED] - Text ****** has been set on object 'Object Repository/Page_/input_Password_j_password'

2020-08-23 23:14:12 - [MESSAGE][PASSED] - Object: 'Object Repository/Page_/button_Login' is clicked on

2020-08-23 23:14:12 - [MESSAGE][PASSED] - Login IST with valid credentials

2020-08-23 23:14:12 - [TEST_STEP][PASSED] - Login Success for contract dispatcher: Login Success for contract dispatcher

2020-08-23 23:14:12 - [MESSAGE][INFO] - Login Success

2020-08-23 23:14:12 - [MESSAGE][PASSED] - Current window maximized

2020-08-23 23:14:13 - [MESSAGE][PASSED] - Object 'Object Repository/Page_/h1_Welcome to IT Supporting Tools' is present

2020-08-23 23:14:13 - [MESSAGE][PASSED] - Login Success for contract dispatcher

2020-08-23 23:14:13 - [TEST_STEP][PASSED] - Select Menu SLIK Gateway Customer: Select Menu SLIK Gateway Customer

2020-08-23 23:14:13 - [MESSAGE][PASSED] - Object '' is present

2020-08-23 23:14:13 - [MESSAGE][PASSED] - Object: '' is clicked on

2020-08-23 23:14:13 - [MESSAGE][PASSED] - Wait for page load successfully

2020-08-23 23:14:13 - [MESSAGE][PASSED] - Select Menu SLIK Gateway Customer

2020-08-23 23:14:13 - [TEST_STEP][PASSED] - Input Data KTP Number for Search Result: Input Data KTP Number for Search Result

2020-08-23 23:14:15 - [MESSAGE][PASSED] - Scroll to object '' successfully

2020-08-23 23:14:16 - [MESSAGE][PASSED] - Text '9999999999999999' is set on object ''

2020-08-23 23:14:16 - [MESSAGE][PASSED] - Input Data KTP Number for Search Result

2020-08-23 23:14:16 - [TEST_STEP][PASSED] - Click button "Search": Click button "Search"

2020-08-23 23:14:16 - [MESSAGE][INFO] - >>>>>//Button[contains(text(),'Search')]

2020-08-23 23:14:19 - [MESSAGE][PASSED] - Object: '' is clicked on

2020-08-23 23:14:19 - [MESSAGE][PASSED] - Click button "Search"

2020-08-23 23:14:19 - [TEST_STEP][PASSED] - Verify Search Result with KTP Number: Verify Search Result with KTP Number

2020-08-23 23:14:21 - [MESSAGE][PASSED] - Object '' is present

2020-08-23 23:14:21 - [MESSAGE][PASSED] - Verify Search Result with KTP Number

2020-08-23 23:14:21 - [TEST_STEP][PASSED] - Verify Search Result data: Verify Search Result data

2020-08-23 23:14:21 - [MESSAGE][PASSED] - Scroll to object '' successfully

2020-08-23 23:14:21 - [MESSAGE][PASSED] - Object '' is present

2020-08-23 23:14:21 - [MESSAGE][PASSED] - Verify Search Result data

2020-08-23 23:14:21 - [TEST_STEP][PASSED] - Click button "Logout": Click button "Logout"

2020-08-23 23:14:21 - [MESSAGE][INFO] - >>>>>//Button[contains(text(),'Logout')]

2020-08-23 23:14:29 - [MESSAGE][PASSED] - Object: '' is clicked on

2020-08-23 23:14:29 - [MESSAGE][PASSED] - Click button "Logout"

2020-08-23 23:14:29 - [TEST_STEP][PASSED] - Close browser: Close browser

2020-08-23 23:14:29 - [MESSAGE][PASSED] - Browser is closed

2020-08-23 23:14:29 - [MESSAGE][PASSED] - Close browser

2020-08-23 23:14:29 - [MESSAGE][PASSED] - Feature file: 'Include/features/IST_Real/SLIK/SLIK Gateway Non Customer/SLIK Gateaway Non Customer Search.feature' was passed]]></system-out>
         <system-err><![CDATA[]]></system-err>
      </testcase>
      <system-out><![CDATA[2020-08-23 23:12:17 - [TEST_SUITE][PASSED] - TS_SLIK_Gateway_Non_Customer: Test Cases/IST_Real/SLIK/SLIK_Gateway_Non_Customer/SLIK Gateway Non Customer Search]]></system-out>
      <system-err><![CDATA[]]></system-err>
   </testsuite>
</testsuites>
