<?xml version="1.0" encoding="UTF-8"?>
<testsuites name="RTD_Regression" time="2060.165" tests="42" failures="3" errors="0">
   <testsuite name="TS_Disbursement_Dashboard" tests="4" failures="0" errors="0" time="229.416" timestamp="2021-01-21 17:26:01" hostname="chaidir.pratama01 - localhost" id="Test Suites/RTD/TS_Disbursement_Dashboard">
      <properties>
         <property name="deviceName" value=""/>
         <property name="devicePlatform" value=""/>
         <property name="logFolder" value="/Users/chaidir.pratama01/Katalon Studio/IST_Automation_Git/Reports/20210121_172548/RTD/TS_Disbursement_Dashboard/20210121_172548"/>
         <property name="logFiles" value="/Users/chaidir.pratama01/Katalon Studio/IST_Automation_Git/Reports/20210121_172548/RTD/TS_Disbursement_Dashboard/20210121_172548/execution0.log"/>
         <property name="attachments" value="/Users/chaidir.pratama01/Documents/Docs/Katalon Studio/Screenshot/test-Dashboard for CCC/OCS.png, /Users/chaidir.pratama01/Documents/Docs/Katalon Studio/Screenshot/test-Disbursement Dashboard.png, /Users/chaidir.pratama01/Documents/Docs/Katalon Studio/Screenshot/test-Disbursement Dashboard.png, /Users/chaidir.pratama01/Documents/Docs/Katalon Studio/Screenshot/test-Disbursement Dashboard.png, /Users/chaidir.pratama01/Documents/Docs/Katalon Studio/Screenshot/test-Disbursement Dashboard.png, /Users/chaidir.pratama01/Documents/Docs/Katalon Studio/Screenshot/test-Disbursement Dashboard.png, /Users/chaidir.pratama01/Documents/Docs/Katalon Studio/Screenshot/test-Disbursement Dashboard.png, /Users/chaidir.pratama01/Documents/Docs/Katalon Studio/Screenshot/test-Disbursement Dashboard.png, /Users/chaidir.pratama01/Documents/Docs/Katalon Studio/Screenshot/test-Disbursement Dashboard.png, /Users/chaidir.pratama01/Documents/Docs/Katalon Studio/Screenshot/test-Disbursement Dashboard.png, /Users/chaidir.pratama01/Katalon Studio/IST_Automation_Git/Reports/20210121_172548/RTD/TS_Disbursement_Dashboard/20210121_172548/1611224914944.png, /Users/chaidir.pratama01/Documents/Docs/Katalon Studio/Screenshot/test-Disbursement Dashboard.png, /Users/chaidir.pratama01/Documents/Docs/Katalon Studio/Screenshot/test-Disbursement Dashboard.png, /Users/chaidir.pratama01/Documents/Docs/Katalon Studio/Screenshot/test-Disbursement Dashboard.png, /Users/chaidir.pratama01/Documents/Docs/Katalon Studio/Screenshot/test-Disbursement Dashboard.png, /Users/chaidir.pratama01/Documents/Docs/Katalon Studio/Screenshot/test-Disbursement Dashboard.png, /Users/chaidir.pratama01/Documents/Docs/Katalon Studio/Screenshot/Download_data.png"/>
         <property name="hostName" value="chaidir.pratama01 - localhost"/>
         <property name="os" value="Mac OS X 64bit"/>
         <property name="katalonVersion" value="7.6.0.${buildNumber}"/>
         <property name="browser" value="Chrome 87.0.4280.141"/>
         <property name="hostAddress" value="127.0.0.1"/>
         <property name="sessionId" value="32d35bc6bc28f34b7897f9f974d47f53"/>
         <property name="seleniumVersion" value="3.141.59"/>
         <property name="proxyInformation" value="ProxyInformation { proxyOption=NO_PROXY, proxyServerType=HTTP, username=, password=********, proxyServerAddress=, proxyServerPort=0, executionList=\&quot;\&quot;, isApplyToDesiredCapabilities=true }"/>
         <property name="platform" value="Mac OS X"/>
      </properties>
      <testcase name="Test Cases/RTD/Disbursement Dashboard/TC_View_Detail_Disbursement_Dashboard" time="44.739" classname="Test Cases/RTD/Disbursement Dashboard/TC_View_Detail_Disbursement_Dashboard" status="PASSED">
         <system-out><![CDATA[2021-01-21 17:26:01 - [TEST_CASE][PASSED] - Test Cases/RTD/Disbursement Dashboard/TC_View_Detail_Disbursement_Dashboard: Test Cases/RTD/Disbursement Dashboard/TC_View_Detail_Disbursement_Dashboard

2021-01-21 17:26:01 - [TEST_STEP][PASSED] - runFeatureFile("Include/features/IST_Real/RTD/Disbursement_Dashboard/View_Detail_Disbursement_Dashboard.feature"): Feature file: 'Include/features/IST_Real/RTD/Disbursement_Dashboard/View_Detail_Disbursement_Dashboard.feature' was passed

2021-01-21 17:26:01 - [MESSAGE][INFO] - Starting run keyword runFeatureFile: 'Include/features/IST_Real/RTD/Disbursement_Dashboard/View_Detail_Disbursement_Dashboard.feature' and extract report to folder: '/Users/chaidir.pratama01/Katalon Studio/IST_Automation_Git/Reports/20210121_172548/RTD/TS_Disbursement_Dashboard/20210121_172548/cucumber_report/1611224761796'...

2021-01-21 17:26:02 - [TEST_CASE][PASSED] - Start Test Case : SCENARIO Search by STATUS Success to Disburse and then View Detail of it: SCENARIO Search by STATUS Success to Disburse and then View Detail of it

2021-01-21 17:26:02 - [TEST_STEP][PASSED] - Go to ISTools: Go to ISTools

2021-01-21 17:26:02 - [MESSAGE][INFO] - Starting 'Chrome (headless)' driver

2021-01-21 17:26:02 - [MESSAGE][INFO] - User set preference: ['args', '[--start-maximized, --disable-gpu, --no-proxy-server, â€“-no-sandbox, --allow-running-insecure-content, --ignore-certificate-errors, window-size=1680,814, force-device-scale-factor=2, --lang=en-GB]']

2021-01-21 17:26:02 - [MESSAGE][INFO] - User set preference: ['prefs', '{download.default_directory=/Users/chaidir.pratama01/Katalon Studio/IST_Automation_Git/Download}']

2021-01-21 17:26:02 - [MESSAGE][INFO] - Action delay is set to 0 milliseconds

2021-01-21 17:26:03 - [MESSAGE][PASSED] - Browser is opened with url: ''

2021-01-21 17:26:05 - [MESSAGE][PASSED] - Navigate to 'https://dev-istools.homecredit.id/foundation/' successfully

2021-01-21 17:26:05 - [MESSAGE][PASSED] - Go to ISTools

2021-01-21 17:26:05 - [TEST_STEP][PASSED] - Login IST with valid credentials: Login IST with valid credentials

2021-01-21 17:26:06 - [MESSAGE][PASSED] - Text 'mobile.test' is set on object 'Object Repository/Page_/input_Username_j_username'

2021-01-21 17:26:06 - [MESSAGE][PASSED] - Text ****** has been set on object 'Object Repository/Page_/input_Password_j_password'

2021-01-21 17:26:06 - [MESSAGE][PASSED] - Object: 'Object Repository/Page_/button_Login' is clicked on

2021-01-21 17:26:06 - [MESSAGE][PASSED] - Login IST with valid credentials

2021-01-21 17:26:06 - [TEST_STEP][PASSED] - Login Success: Login Success

2021-01-21 17:26:06 - [MESSAGE][INFO] - Login Success

2021-01-21 17:26:06 - [MESSAGE][PASSED] - Current window maximized

2021-01-21 17:26:06 - [MESSAGE][PASSED] - Object 'Object Repository/Page_/h1_Welcome to IT Supporting Tools' is present

2021-01-21 17:26:06 - [MESSAGE][PASSED] - Login Success

2021-01-21 17:26:06 - [TEST_STEP][PASSED] - Select Arrow Menu "Real Time Disbursement": Select Arrow Menu "Real Time Disbursement"

2021-01-21 17:26:06 - [MESSAGE][PASSED] - Object: '' is clicked on

2021-01-21 17:26:06 - [MESSAGE][PASSED] - Select Arrow Menu "Real Time Disbursement"

2021-01-21 17:26:06 - [TEST_STEP][PASSED] - Select Menu "Dashboard for CCC/OCS": Select Menu "Dashboard for CCC/OCS"

2021-01-21 17:26:07 - [MESSAGE][PASSED] - Taking screenshot successfully
[[ATTACHMENT|/Users/chaidir.pratama01/Documents/Docs/Katalon Studio/Screenshot/test-Dashboard for CCC/OCS.png]]

2021-01-21 17:26:07 - [MESSAGE][PASSED] - Object '' is present

2021-01-21 17:26:07 - [MESSAGE][PASSED] - Object: '' is clicked on

2021-01-21 17:26:07 - [MESSAGE][PASSED] - Wait for page load successfully

2021-01-21 17:26:07 - [MESSAGE][PASSED] - Select Menu "Dashboard for CCC/OCS"

2021-01-21 17:26:07 - [TEST_STEP][PASSED] - Select STATUS "Success to Disburse": Select STATUS "Success to Disburse"

2021-01-21 17:26:08 - [MESSAGE][PASSED] - All options with value 'Success to Disburse' are selected in object ''  using regular expression

2021-01-21 17:26:08 - [MESSAGE][PASSED] - Select STATUS "Success to Disburse"

2021-01-21 17:26:08 - [TEST_STEP][PASSED] - Click button "Search": Click button "Search"

2021-01-21 17:26:08 - [MESSAGE][INFO] - >>>>>//Button[contains(text(),'Search')]

2021-01-21 17:26:11 - [MESSAGE][PASSED] - Object '' is present

2021-01-21 17:26:11 - [MESSAGE][PASSED] - Object: '' is clicked on

2021-01-21 17:26:11 - [MESSAGE][PASSED] - Switched to window with index: '0'

2021-01-21 17:26:11 - [MESSAGE][PASSED] - Click button "Search"

2021-01-21 17:26:11 - [TEST_STEP][PASSED] - Verify Search Result Presents: Verify Search Result Presents

2021-01-21 17:26:11 - [MESSAGE][PASSED] - Object '' is present

2021-01-21 17:26:11 - [MESSAGE][PASSED] - Verify Search Result Presents

2021-01-21 17:26:11 - [TEST_STEP][PASSED] - Click View Detail: Click View Detail

2021-01-21 17:26:11 - [MESSAGE][PASSED] - Object '' is present

2021-01-21 17:26:11 - [MESSAGE][PASSED] - Object: '' is clicked on

2021-01-21 17:26:11 - [MESSAGE][PASSED] - Click View Detail

2021-01-21 17:26:11 - [TEST_STEP][PASSED] - Verify Information in View Detail: Verify Information in View Detail

2021-01-21 17:26:14 - [MESSAGE][PASSED] - Delayed 3 second(s)

2021-01-21 17:26:15 - [MESSAGE][PASSED] - Attribute 'value' of object '' is: '3900014152'

2021-01-21 17:26:18 - [MESSAGE][PASSED] - Delayed 3 second(s)

2021-01-21 17:26:18 - [MESSAGE][PASSED] - Attribute 'value' of object '' is: 'IDITXLeks TESTERbIvIvO'

2021-01-21 17:26:21 - [MESSAGE][PASSED] - Delayed 3 second(s)

2021-01-21 17:26:21 - [MESSAGE][PASSED] - Attribute 'value' of object '' is: 'Success to Disburse'

2021-01-21 17:26:24 - [MESSAGE][PASSED] - Delayed 3 second(s)

2021-01-21 17:26:24 - [MESSAGE][PASSED] - Attribute 'value' of object '' is: 'Rp 7,000,000'

2021-01-21 17:26:27 - [MESSAGE][PASSED] - Delayed 3 second(s)

2021-01-21 17:26:27 - [MESSAGE][PASSED] - Attribute 'value' of object '' is: 'KESEJAHTERAAN EKONOMI'

2021-01-21 17:26:30 - [MESSAGE][PASSED] - Delayed 3 second(s)

2021-01-21 17:26:30 - [MESSAGE][PASSED] - Attribute 'value' of object '' is: '1'

2021-01-21 17:26:33 - [MESSAGE][PASSED] - Delayed 3 second(s)

2021-01-21 17:26:33 - [MESSAGE][PASSED] - Attribute 'value' of object '' is: 'NAMA ADA DISINI'

2021-01-21 17:26:36 - [MESSAGE][PASSED] - Delayed 3 second(s)

2021-01-21 17:26:36 - [MESSAGE][PASSED] - Attribute 'value' of object '' is: 'KESEJAHTERAAN EKONOMI'

2021-01-21 17:26:39 - [MESSAGE][PASSED] - Delayed 3 second(s)

2021-01-21 17:26:39 - [MESSAGE][PASSED] - Attribute 'value' of object '' is: ''

2021-01-21 17:26:42 - [MESSAGE][PASSED] - Delayed 3 second(s)

2021-01-21 17:26:42 - [MESSAGE][PASSED] - Attribute 'value' of object '' is: ''

2021-01-21 17:26:42 - [MESSAGE][PASSED] - Text of object '' is: 'Date'

2021-01-21 17:26:42 - [MESSAGE][PASSED] - Text of object '' is: 'Status'

2021-01-21 17:26:42 - [MESSAGE][PASSED] - Text of object '' is: 'Updated Information'

2021-01-21 17:26:42 - [MESSAGE][PASSED] - Text of object '' is: 'Last Update By'

2021-01-21 17:26:42 - [MESSAGE][PASSED] - Text of object '' is: 'Department'

2021-01-21 17:26:42 - [MESSAGE][PASSED] - Verify Information in View Detail

2021-01-21 17:26:42 - [TEST_STEP][PASSED] - Click button "Logout": Click button "Logout"

2021-01-21 17:26:42 - [MESSAGE][INFO] - >>>>>//Button[contains(text(),'Logout')]

2021-01-21 17:26:45 - [MESSAGE][PASSED] - Object '' is present

2021-01-21 17:26:46 - [MESSAGE][PASSED] - Object: '' is clicked on

2021-01-21 17:26:46 - [MESSAGE][PASSED] - Switched to window with index: '0'

2021-01-21 17:26:46 - [MESSAGE][PASSED] - Click button "Logout"

2021-01-21 17:26:46 - [TEST_STEP][PASSED] - Close browser: Close browser

2021-01-21 17:26:46 - [MESSAGE][PASSED] - Browser is closed

2021-01-21 17:26:46 - [MESSAGE][PASSED] - Close browser

2021-01-21 17:26:46 - [MESSAGE][PASSED] - Feature file: 'Include/features/IST_Real/RTD/Disbursement_Dashboard/View_Detail_Disbursement_Dashboard.feature' was passed]]></system-out>
         <system-err><![CDATA[]]></system-err>
      </testcase>
      <testcase name="Test Cases/RTD/Disbursement Dashboard/TC_Search_by_Contract_Number_Disbursement_Dashboard" time="6.981" classname="Test Cases/RTD/Disbursement Dashboard/TC_Search_by_Contract_Number_Disbursement_Dashboard" status="PASSED">
         <system-out><![CDATA[2021-01-21 17:26:46 - [TEST_CASE][PASSED] - Test Cases/RTD/Disbursement Dashboard/TC_Search_by_Contract_Number_Disbursement_Dashboard: Test Cases/RTD/Disbursement Dashboard/TC_Search_by_Contract_Number_Disbursement_Dashboard

2021-01-21 17:26:46 - [TEST_STEP][PASSED] - runFeatureFile("Include/features/IST_Real/RTD/Disbursement_Dashboard/Search_by_Contract_Number_Disbursement_Dashboard.feature"): Feature file: 'Include/features/IST_Real/RTD/Disbursement_Dashboard/Search_by_Contract_Number_Disbursement_Dashboard.feature' was passed

2021-01-21 17:26:46 - [MESSAGE][INFO] - Starting run keyword runFeatureFile: 'Include/features/IST_Real/RTD/Disbursement_Dashboard/Search_by_Contract_Number_Disbursement_Dashboard.feature' and extract report to folder: '/Users/chaidir.pratama01/Katalon Studio/IST_Automation_Git/Reports/20210121_172548/RTD/TS_Disbursement_Dashboard/20210121_172548/cucumber_report/1611224806310'...

2021-01-21 17:26:46 - [TEST_CASE][PASSED] - Start Test Case : SCENARIO Search by Contract Number and it found on Dashboard: SCENARIO Search by Contract Number and it found on Dashboard

2021-01-21 17:26:46 - [TEST_STEP][PASSED] - Go to ISTools: Go to ISTools

2021-01-21 17:26:46 - [MESSAGE][INFO] - Starting 'Chrome (headless)' driver

2021-01-21 17:26:46 - [MESSAGE][INFO] - User set preference: ['args', '[--start-maximized, --disable-gpu, --no-proxy-server, â€“-no-sandbox, --allow-running-insecure-content, --ignore-certificate-errors, window-size=1680,814, force-device-scale-factor=2, --lang=en-GB]']

2021-01-21 17:26:46 - [MESSAGE][INFO] - User set preference: ['prefs', '{download.default_directory=/Users/chaidir.pratama01/Katalon Studio/IST_Automation_Git/Download}']

2021-01-21 17:26:46 - [MESSAGE][INFO] - Action delay is set to 0 milliseconds

2021-01-21 17:26:46 - [MESSAGE][PASSED] - Browser is opened with url: ''

2021-01-21 17:26:47 - [MESSAGE][PASSED] - Navigate to 'https://dev-istools.homecredit.id/foundation/' successfully

2021-01-21 17:26:47 - [MESSAGE][PASSED] - Go to ISTools

2021-01-21 17:26:47 - [TEST_STEP][PASSED] - Login IST with valid credentials: Login IST with valid credentials

2021-01-21 17:26:47 - [MESSAGE][PASSED] - Text 'mobile.test' is set on object 'Object Repository/Page_/input_Username_j_username'

2021-01-21 17:26:47 - [MESSAGE][PASSED] - Text ****** has been set on object 'Object Repository/Page_/input_Password_j_password'

2021-01-21 17:26:48 - [MESSAGE][PASSED] - Object: 'Object Repository/Page_/button_Login' is clicked on

2021-01-21 17:26:48 - [MESSAGE][PASSED] - Login IST with valid credentials

2021-01-21 17:26:48 - [TEST_STEP][PASSED] - Login Success: Login Success

2021-01-21 17:26:48 - [MESSAGE][INFO] - Login Success

2021-01-21 17:26:48 - [MESSAGE][PASSED] - Current window maximized

2021-01-21 17:26:48 - [MESSAGE][PASSED] - Object 'Object Repository/Page_/h1_Welcome to IT Supporting Tools' is present

2021-01-21 17:26:48 - [MESSAGE][PASSED] - Login Success

2021-01-21 17:26:48 - [TEST_STEP][PASSED] - Select Arrow Menu "Real Time Disbursement": Select Arrow Menu "Real Time Disbursement"

2021-01-21 17:26:48 - [MESSAGE][PASSED] - Object: '' is clicked on

2021-01-21 17:26:48 - [MESSAGE][PASSED] - Select Arrow Menu "Real Time Disbursement"

2021-01-21 17:26:48 - [TEST_STEP][PASSED] - Select Menu "Disbursement Dashboard": Select Menu "Disbursement Dashboard"

2021-01-21 17:26:49 - [MESSAGE][PASSED] - Taking screenshot successfully
[[ATTACHMENT|/Users/chaidir.pratama01/Documents/Docs/Katalon Studio/Screenshot/test-Disbursement Dashboard.png]]

2021-01-21 17:26:49 - [MESSAGE][PASSED] - Object '' is present

2021-01-21 17:26:49 - [MESSAGE][PASSED] - Object: '' is clicked on

2021-01-21 17:26:49 - [MESSAGE][PASSED] - Wait for page load successfully

2021-01-21 17:26:49 - [MESSAGE][PASSED] - Select Menu "Disbursement Dashboard"

2021-01-21 17:26:49 - [TEST_STEP][PASSED] - Input Contract RTD in Contract Number label: Input Contract RTD in Contract Number label

2021-01-21 17:26:49 - [MESSAGE][PASSED] - Text '4000014162' is set on object ''

2021-01-21 17:26:49 - [MESSAGE][PASSED] - Input Contract RTD in Contract Number label

2021-01-21 17:26:49 - [TEST_STEP][PASSED] - Click button "Search": Click button "Search"

2021-01-21 17:26:49 - [MESSAGE][INFO] - >>>>>//Button[contains(text(),'Search')]

2021-01-21 17:26:52 - [MESSAGE][PASSED] - Object '' is present

2021-01-21 17:26:52 - [MESSAGE][PASSED] - Object: '' is clicked on

2021-01-21 17:26:52 - [MESSAGE][PASSED] - Switched to window with index: '0'

2021-01-21 17:26:52 - [MESSAGE][PASSED] - Click button "Search"

2021-01-21 17:26:52 - [TEST_STEP][PASSED] - Verify Search Result Presents: Verify Search Result Presents

2021-01-21 17:26:52 - [MESSAGE][PASSED] - Object '' is present

2021-01-21 17:26:53 - [MESSAGE][PASSED] - Verify Search Result Presents

2021-01-21 17:26:53 - [MESSAGE][PASSED] - Feature file: 'Include/features/IST_Real/RTD/Disbursement_Dashboard/Search_by_Contract_Number_Disbursement_Dashboard.feature' was passed]]></system-out>
         <system-err><![CDATA[]]></system-err>
      </testcase>
      <testcase name="Test Cases/RTD/Disbursement Dashboard/TC_Search_by_STATUS_Disbursement_Dashboard" time="162.921" classname="Test Cases/RTD/Disbursement Dashboard/TC_Search_by_STATUS_Disbursement_Dashboard" status="PASSED">
         <system-out><![CDATA[2021-01-21 17:26:53 - [TEST_CASE][PASSED] - Test Cases/RTD/Disbursement Dashboard/TC_Search_by_STATUS_Disbursement_Dashboard: Test Cases/RTD/Disbursement Dashboard/TC_Search_by_STATUS_Disbursement_Dashboard

2021-01-21 17:26:53 - [TEST_STEP][PASSED] - runFeatureFile("Include/features/IST_Real/RTD/Disbursement_Dashboard/Search_by_STATUS_Disbursement_Dashboard.feature"): Feature file: 'Include/features/IST_Real/RTD/Disbursement_Dashboard/Search_by_STATUS_Disbursement_Dashboard.feature' was passed

2021-01-21 17:26:53 - [MESSAGE][INFO] - Starting run keyword runFeatureFile: 'Include/features/IST_Real/RTD/Disbursement_Dashboard/Search_by_STATUS_Disbursement_Dashboard.feature' and extract report to folder: '/Users/chaidir.pratama01/Katalon Studio/IST_Automation_Git/Reports/20210121_172548/RTD/TS_Disbursement_Dashboard/20210121_172548/cucumber_report/1611224813259'...

2021-01-21 17:26:53 - [TEST_CASE][PASSED] - Start Test Case : SCENARIO Search by STATUS Eligible to Disburse: SCENARIO Search by STATUS Eligible to Disburse

2021-01-21 17:26:53 - [TEST_STEP][PASSED] - Go to ISTools: Go to ISTools

2021-01-21 17:26:53 - [MESSAGE][WARNING] - A browser is already opened. Closing browser and opening a new one

2021-01-21 17:26:53 - [MESSAGE][INFO] - Starting 'Chrome (headless)' driver

2021-01-21 17:26:53 - [MESSAGE][INFO] - User set preference: ['args', '[--start-maximized, --disable-gpu, --no-proxy-server, â€“-no-sandbox, --allow-running-insecure-content, --ignore-certificate-errors, window-size=1680,814, force-device-scale-factor=2, --lang=en-GB]']

2021-01-21 17:26:53 - [MESSAGE][INFO] - User set preference: ['prefs', '{download.default_directory=/Users/chaidir.pratama01/Katalon Studio/IST_Automation_Git/Download}']

2021-01-21 17:26:53 - [MESSAGE][INFO] - Action delay is set to 0 milliseconds

2021-01-21 17:26:53 - [MESSAGE][PASSED] - Browser is opened with url: ''

2021-01-21 17:26:54 - [MESSAGE][PASSED] - Navigate to 'https://dev-istools.homecredit.id/foundation/' successfully

2021-01-21 17:26:54 - [MESSAGE][PASSED] - Go to ISTools

2021-01-21 17:26:54 - [TEST_STEP][PASSED] - Login IST with valid credentials: Login IST with valid credentials

2021-01-21 17:26:54 - [MESSAGE][PASSED] - Text 'mobile.test' is set on object 'Object Repository/Page_/input_Username_j_username'

2021-01-21 17:26:54 - [MESSAGE][PASSED] - Text ****** has been set on object 'Object Repository/Page_/input_Password_j_password'

2021-01-21 17:26:55 - [MESSAGE][PASSED] - Object: 'Object Repository/Page_/button_Login' is clicked on

2021-01-21 17:26:55 - [MESSAGE][PASSED] - Login IST with valid credentials

2021-01-21 17:26:55 - [TEST_STEP][PASSED] - Login Success: Login Success

2021-01-21 17:26:55 - [MESSAGE][INFO] - Login Success

2021-01-21 17:26:55 - [MESSAGE][PASSED] - Current window maximized

2021-01-21 17:26:55 - [MESSAGE][PASSED] - Object 'Object Repository/Page_/h1_Welcome to IT Supporting Tools' is present

2021-01-21 17:26:55 - [MESSAGE][PASSED] - Login Success

2021-01-21 17:26:55 - [TEST_STEP][PASSED] - Select Arrow Menu "Real Time Disbursement": Select Arrow Menu "Real Time Disbursement"

2021-01-21 17:26:55 - [MESSAGE][PASSED] - Object: '' is clicked on

2021-01-21 17:26:55 - [MESSAGE][PASSED] - Select Arrow Menu "Real Time Disbursement"

2021-01-21 17:26:55 - [TEST_STEP][PASSED] - Select Menu "Disbursement Dashboard": Select Menu "Disbursement Dashboard"

2021-01-21 17:26:56 - [MESSAGE][PASSED] - Taking screenshot successfully
[[ATTACHMENT|/Users/chaidir.pratama01/Documents/Docs/Katalon Studio/Screenshot/test-Disbursement Dashboard.png]]

2021-01-21 17:26:56 - [MESSAGE][PASSED] - Object '' is present

2021-01-21 17:26:56 - [MESSAGE][PASSED] - Object: '' is clicked on

2021-01-21 17:26:56 - [MESSAGE][PASSED] - Wait for page load successfully

2021-01-21 17:26:56 - [MESSAGE][PASSED] - Select Menu "Disbursement Dashboard"

2021-01-21 17:26:56 - [TEST_STEP][PASSED] - Select STATUS "Eligible to disburse": Select STATUS "Eligible to disburse"

2021-01-21 17:26:56 - [MESSAGE][PASSED] - All options with value 'Eligible to disburse' are selected in object ''  using regular expression

2021-01-21 17:26:56 - [MESSAGE][PASSED] - Select STATUS "Eligible to disburse"

2021-01-21 17:26:56 - [TEST_STEP][PASSED] - Click button "Search": Click button "Search"

2021-01-21 17:26:56 - [MESSAGE][INFO] - >>>>>//Button[contains(text(),'Search')]

2021-01-21 17:26:59 - [MESSAGE][PASSED] - Object '' is present

2021-01-21 17:26:59 - [MESSAGE][PASSED] - Object: '' is clicked on

2021-01-21 17:26:59 - [MESSAGE][PASSED] - Switched to window with index: '0'

2021-01-21 17:26:59 - [MESSAGE][PASSED] - Click button "Search"

2021-01-21 17:26:59 - [TEST_STEP][PASSED] - Verify Search Result Presents: Verify Search Result Presents

2021-01-21 17:26:59 - [MESSAGE][PASSED] - Object '' is present

2021-01-21 17:27:06 - [MESSAGE][PASSED] - Verify Search Result Presents

2021-01-21 17:27:06 - [TEST_STEP][PASSED] - Click button "Logout": Click button "Logout"

2021-01-21 17:27:06 - [MESSAGE][INFO] - >>>>>//Button[contains(text(),'Logout')]

2021-01-21 17:27:09 - [MESSAGE][PASSED] - Object '' is present

2021-01-21 17:27:09 - [MESSAGE][PASSED] - Object: '' is clicked on

2021-01-21 17:27:09 - [MESSAGE][PASSED] - Switched to window with index: '0'

2021-01-21 17:27:09 - [MESSAGE][PASSED] - Click button "Logout"

2021-01-21 17:27:09 - [TEST_STEP][PASSED] - Close browser: Close browser

2021-01-21 17:27:09 - [MESSAGE][PASSED] - Browser is closed

2021-01-21 17:27:09 - [MESSAGE][PASSED] - Close browser

2021-01-21 17:27:09 - [TEST_CASE][PASSED] - Start Test Case : SCENARIO Search by STATUS Waiting approval from Risk: SCENARIO Search by STATUS Waiting approval from Risk

2021-01-21 17:27:09 - [TEST_STEP][PASSED] - Go to ISTools: Go to ISTools

2021-01-21 17:27:09 - [MESSAGE][INFO] - Starting 'Chrome (headless)' driver

2021-01-21 17:27:09 - [MESSAGE][INFO] - User set preference: ['args', '[--start-maximized, --disable-gpu, --no-proxy-server, â€“-no-sandbox, --allow-running-insecure-content, --ignore-certificate-errors, window-size=1680,814, force-device-scale-factor=2, --lang=en-GB]']

2021-01-21 17:27:09 - [MESSAGE][INFO] - User set preference: ['prefs', '{download.default_directory=/Users/chaidir.pratama01/Katalon Studio/IST_Automation_Git/Download}']

2021-01-21 17:27:09 - [MESSAGE][INFO] - Action delay is set to 0 milliseconds

2021-01-21 17:27:10 - [MESSAGE][PASSED] - Browser is opened with url: ''

2021-01-21 17:27:11 - [MESSAGE][PASSED] - Navigate to 'https://dev-istools.homecredit.id/foundation/' successfully

2021-01-21 17:27:11 - [MESSAGE][PASSED] - Go to ISTools

2021-01-21 17:27:11 - [TEST_STEP][PASSED] - Login IST with valid credentials: Login IST with valid credentials

2021-01-21 17:27:11 - [MESSAGE][PASSED] - Text 'mobile.test' is set on object 'Object Repository/Page_/input_Username_j_username'

2021-01-21 17:27:11 - [MESSAGE][PASSED] - Text ****** has been set on object 'Object Repository/Page_/input_Password_j_password'

2021-01-21 17:27:11 - [MESSAGE][PASSED] - Object: 'Object Repository/Page_/button_Login' is clicked on

2021-01-21 17:27:11 - [MESSAGE][PASSED] - Login IST with valid credentials

2021-01-21 17:27:11 - [TEST_STEP][PASSED] - Login Success: Login Success

2021-01-21 17:27:11 - [MESSAGE][INFO] - Login Success

2021-01-21 17:27:11 - [MESSAGE][PASSED] - Current window maximized

2021-01-21 17:27:11 - [MESSAGE][PASSED] - Object 'Object Repository/Page_/h1_Welcome to IT Supporting Tools' is present

2021-01-21 17:27:11 - [MESSAGE][PASSED] - Login Success

2021-01-21 17:27:11 - [TEST_STEP][PASSED] - Select Arrow Menu "Real Time Disbursement": Select Arrow Menu "Real Time Disbursement"

2021-01-21 17:27:11 - [MESSAGE][PASSED] - Object: '' is clicked on

2021-01-21 17:27:11 - [MESSAGE][PASSED] - Select Arrow Menu "Real Time Disbursement"

2021-01-21 17:27:11 - [TEST_STEP][PASSED] - Select Menu "Disbursement Dashboard": Select Menu "Disbursement Dashboard"

2021-01-21 17:27:12 - [MESSAGE][PASSED] - Taking screenshot successfully
[[ATTACHMENT|/Users/chaidir.pratama01/Documents/Docs/Katalon Studio/Screenshot/test-Disbursement Dashboard.png]]

2021-01-21 17:27:12 - [MESSAGE][PASSED] - Object '' is present

2021-01-21 17:27:12 - [MESSAGE][PASSED] - Object: '' is clicked on

2021-01-21 17:27:12 - [MESSAGE][PASSED] - Wait for page load successfully

2021-01-21 17:27:12 - [MESSAGE][PASSED] - Select Menu "Disbursement Dashboard"

2021-01-21 17:27:12 - [TEST_STEP][PASSED] - Select STATUS "Waiting approval from Risk": Select STATUS "Waiting approval from Risk"

2021-01-21 17:27:12 - [MESSAGE][PASSED] - All options with value 'Waiting approval from Risk' are selected in object ''  using regular expression

2021-01-21 17:27:12 - [MESSAGE][PASSED] - Select STATUS "Waiting approval from Risk"

2021-01-21 17:27:12 - [TEST_STEP][PASSED] - Click button "Search": Click button "Search"

2021-01-21 17:27:12 - [MESSAGE][INFO] - >>>>>//Button[contains(text(),'Search')]

2021-01-21 17:27:16 - [MESSAGE][PASSED] - Object '' is present

2021-01-21 17:27:16 - [MESSAGE][PASSED] - Object: '' is clicked on

2021-01-21 17:27:16 - [MESSAGE][PASSED] - Switched to window with index: '0'

2021-01-21 17:27:16 - [MESSAGE][PASSED] - Click button "Search"

2021-01-21 17:27:16 - [TEST_STEP][PASSED] - Verify Search Result Presents: Verify Search Result Presents

2021-01-21 17:27:16 - [MESSAGE][PASSED] - Object '' is present

2021-01-21 17:27:18 - [MESSAGE][PASSED] - Verify Search Result Presents

2021-01-21 17:27:18 - [TEST_STEP][PASSED] - Click button "Logout": Click button "Logout"

2021-01-21 17:27:18 - [MESSAGE][INFO] - >>>>>//Button[contains(text(),'Logout')]

2021-01-21 17:27:21 - [MESSAGE][PASSED] - Object '' is present

2021-01-21 17:27:21 - [MESSAGE][PASSED] - Object: '' is clicked on

2021-01-21 17:27:21 - [MESSAGE][PASSED] - Switched to window with index: '0'

2021-01-21 17:27:21 - [MESSAGE][PASSED] - Click button "Logout"

2021-01-21 17:27:21 - [TEST_STEP][PASSED] - Close browser: Close browser

2021-01-21 17:27:21 - [MESSAGE][PASSED] - Browser is closed

2021-01-21 17:27:21 - [MESSAGE][PASSED] - Close browser

2021-01-21 17:27:21 - [TEST_CASE][PASSED] - Start Test Case : SCENARIO Search by STATUS Waiting for approval from In Payment: SCENARIO Search by STATUS Waiting for approval from In Payment

2021-01-21 17:27:21 - [TEST_STEP][PASSED] - Go to ISTools: Go to ISTools

2021-01-21 17:27:21 - [MESSAGE][INFO] - Starting 'Chrome (headless)' driver

2021-01-21 17:27:21 - [MESSAGE][INFO] - User set preference: ['args', '[--start-maximized, --disable-gpu, --no-proxy-server, â€“-no-sandbox, --allow-running-insecure-content, --ignore-certificate-errors, window-size=1680,814, force-device-scale-factor=2, --lang=en-GB]']

2021-01-21 17:27:21 - [MESSAGE][INFO] - User set preference: ['prefs', '{download.default_directory=/Users/chaidir.pratama01/Katalon Studio/IST_Automation_Git/Download}']

2021-01-21 17:27:21 - [MESSAGE][INFO] - Action delay is set to 0 milliseconds

2021-01-21 17:27:22 - [MESSAGE][PASSED] - Browser is opened with url: ''

2021-01-21 17:27:23 - [MESSAGE][PASSED] - Navigate to 'https://dev-istools.homecredit.id/foundation/' successfully

2021-01-21 17:27:23 - [MESSAGE][PASSED] - Go to ISTools

2021-01-21 17:27:23 - [TEST_STEP][PASSED] - Login IST with valid credentials: Login IST with valid credentials

2021-01-21 17:27:23 - [MESSAGE][PASSED] - Text 'mobile.test' is set on object 'Object Repository/Page_/input_Username_j_username'

2021-01-21 17:27:23 - [MESSAGE][PASSED] - Text ****** has been set on object 'Object Repository/Page_/input_Password_j_password'

2021-01-21 17:27:23 - [MESSAGE][PASSED] - Object: 'Object Repository/Page_/button_Login' is clicked on

2021-01-21 17:27:23 - [MESSAGE][PASSED] - Login IST with valid credentials

2021-01-21 17:27:23 - [TEST_STEP][PASSED] - Login Success: Login Success

2021-01-21 17:27:23 - [MESSAGE][INFO] - Login Success

2021-01-21 17:27:23 - [MESSAGE][PASSED] - Current window maximized

2021-01-21 17:27:23 - [MESSAGE][PASSED] - Object 'Object Repository/Page_/h1_Welcome to IT Supporting Tools' is present

2021-01-21 17:27:23 - [MESSAGE][PASSED] - Login Success

2021-01-21 17:27:23 - [TEST_STEP][PASSED] - Select Arrow Menu "Real Time Disbursement": Select Arrow Menu "Real Time Disbursement"

2021-01-21 17:27:23 - [MESSAGE][PASSED] - Object: '' is clicked on

2021-01-21 17:27:23 - [MESSAGE][PASSED] - Select Arrow Menu "Real Time Disbursement"

2021-01-21 17:27:23 - [TEST_STEP][PASSED] - Select Menu "Disbursement Dashboard": Select Menu "Disbursement Dashboard"

2021-01-21 17:27:24 - [MESSAGE][PASSED] - Taking screenshot successfully
[[ATTACHMENT|/Users/chaidir.pratama01/Documents/Docs/Katalon Studio/Screenshot/test-Disbursement Dashboard.png]]

2021-01-21 17:27:24 - [MESSAGE][PASSED] - Object '' is present

2021-01-21 17:27:24 - [MESSAGE][PASSED] - Object: '' is clicked on

2021-01-21 17:27:24 - [MESSAGE][PASSED] - Wait for page load successfully

2021-01-21 17:27:24 - [MESSAGE][PASSED] - Select Menu "Disbursement Dashboard"

2021-01-21 17:27:24 - [TEST_STEP][PASSED] - Select STATUS "Waiting for approval from In Payment": Select STATUS "Waiting for approval from In Payment"

2021-01-21 17:27:24 - [MESSAGE][PASSED] - All options with value 'Waiting for approval from In Payment' are selected in object ''  using regular expression

2021-01-21 17:27:24 - [MESSAGE][PASSED] - Select STATUS "Waiting for approval from In Payment"

2021-01-21 17:27:24 - [TEST_STEP][PASSED] - Click button "Search": Click button "Search"

2021-01-21 17:27:24 - [MESSAGE][INFO] - >>>>>//Button[contains(text(),'Search')]

2021-01-21 17:27:27 - [MESSAGE][PASSED] - Object '' is present

2021-01-21 17:27:27 - [MESSAGE][PASSED] - Object: '' is clicked on

2021-01-21 17:27:27 - [MESSAGE][PASSED] - Switched to window with index: '0'

2021-01-21 17:27:27 - [MESSAGE][PASSED] - Click button "Search"

2021-01-21 17:27:27 - [TEST_STEP][PASSED] - Verify Search Result Presents: Verify Search Result Presents

2021-01-21 17:27:28 - [MESSAGE][PASSED] - Object '' is present

2021-01-21 17:27:28 - [MESSAGE][PASSED] - Verify Search Result Presents

2021-01-21 17:27:28 - [TEST_STEP][PASSED] - Click button "Logout": Click button "Logout"

2021-01-21 17:27:28 - [MESSAGE][INFO] - >>>>>//Button[contains(text(),'Logout')]

2021-01-21 17:27:31 - [MESSAGE][PASSED] - Object '' is present

2021-01-21 17:27:31 - [MESSAGE][PASSED] - Object: '' is clicked on

2021-01-21 17:27:31 - [MESSAGE][PASSED] - Switched to window with index: '0'

2021-01-21 17:27:31 - [MESSAGE][PASSED] - Click button "Logout"

2021-01-21 17:27:31 - [TEST_STEP][PASSED] - Close browser: Close browser

2021-01-21 17:27:31 - [MESSAGE][PASSED] - Browser is closed

2021-01-21 17:27:31 - [MESSAGE][PASSED] - Close browser

2021-01-21 17:27:31 - [TEST_CASE][PASSED] - Start Test Case : SCENARIO Search by STATUS Not eligible to disburse: SCENARIO Search by STATUS Not eligible to disburse

2021-01-21 17:27:31 - [TEST_STEP][PASSED] - Go to ISTools: Go to ISTools

2021-01-21 17:27:31 - [MESSAGE][INFO] - Starting 'Chrome (headless)' driver

2021-01-21 17:27:31 - [MESSAGE][INFO] - User set preference: ['args', '[--start-maximized, --disable-gpu, --no-proxy-server, â€“-no-sandbox, --allow-running-insecure-content, --ignore-certificate-errors, window-size=1680,814, force-device-scale-factor=2, --lang=en-GB]']

2021-01-21 17:27:31 - [MESSAGE][INFO] - User set preference: ['prefs', '{download.default_directory=/Users/chaidir.pratama01/Katalon Studio/IST_Automation_Git/Download}']

2021-01-21 17:27:31 - [MESSAGE][INFO] - Action delay is set to 0 milliseconds

2021-01-21 17:27:32 - [MESSAGE][PASSED] - Browser is opened with url: ''

2021-01-21 17:27:33 - [MESSAGE][PASSED] - Navigate to 'https://dev-istools.homecredit.id/foundation/' successfully

2021-01-21 17:27:33 - [MESSAGE][PASSED] - Go to ISTools

2021-01-21 17:27:33 - [TEST_STEP][PASSED] - Login IST with valid credentials: Login IST with valid credentials

2021-01-21 17:27:33 - [MESSAGE][PASSED] - Text 'mobile.test' is set on object 'Object Repository/Page_/input_Username_j_username'

2021-01-21 17:27:33 - [MESSAGE][PASSED] - Text ****** has been set on object 'Object Repository/Page_/input_Password_j_password'

2021-01-21 17:27:33 - [MESSAGE][PASSED] - Object: 'Object Repository/Page_/button_Login' is clicked on

2021-01-21 17:27:33 - [MESSAGE][PASSED] - Login IST with valid credentials

2021-01-21 17:27:33 - [TEST_STEP][PASSED] - Login Success: Login Success

2021-01-21 17:27:33 - [MESSAGE][INFO] - Login Success

2021-01-21 17:27:34 - [MESSAGE][PASSED] - Current window maximized

2021-01-21 17:27:34 - [MESSAGE][PASSED] - Object 'Object Repository/Page_/h1_Welcome to IT Supporting Tools' is present

2021-01-21 17:27:34 - [MESSAGE][PASSED] - Login Success

2021-01-21 17:27:34 - [TEST_STEP][PASSED] - Select Arrow Menu "Real Time Disbursement": Select Arrow Menu "Real Time Disbursement"

2021-01-21 17:27:34 - [MESSAGE][PASSED] - Object: '' is clicked on

2021-01-21 17:27:34 - [MESSAGE][PASSED] - Select Arrow Menu "Real Time Disbursement"

2021-01-21 17:27:34 - [TEST_STEP][PASSED] - Select Menu "Disbursement Dashboard": Select Menu "Disbursement Dashboard"

2021-01-21 17:27:34 - [MESSAGE][PASSED] - Taking screenshot successfully
[[ATTACHMENT|/Users/chaidir.pratama01/Documents/Docs/Katalon Studio/Screenshot/test-Disbursement Dashboard.png]]

2021-01-21 17:27:34 - [MESSAGE][PASSED] - Object '' is present

2021-01-21 17:27:34 - [MESSAGE][PASSED] - Object: '' is clicked on

2021-01-21 17:27:34 - [MESSAGE][PASSED] - Wait for page load successfully

2021-01-21 17:27:34 - [MESSAGE][PASSED] - Select Menu "Disbursement Dashboard"

2021-01-21 17:27:34 - [TEST_STEP][PASSED] - Select STATUS "Not eligible to disburse": Select STATUS "Not eligible to disburse"

2021-01-21 17:27:35 - [MESSAGE][PASSED] - All options with value 'Not eligible to disburse' are selected in object ''  using regular expression

2021-01-21 17:27:35 - [MESSAGE][PASSED] - Select STATUS "Not eligible to disburse"

2021-01-21 17:27:35 - [TEST_STEP][PASSED] - Click button "Search": Click button "Search"

2021-01-21 17:27:35 - [MESSAGE][INFO] - >>>>>//Button[contains(text(),'Search')]

2021-01-21 17:27:38 - [MESSAGE][PASSED] - Object '' is present

2021-01-21 17:27:38 - [MESSAGE][PASSED] - Object: '' is clicked on

2021-01-21 17:27:38 - [MESSAGE][PASSED] - Switched to window with index: '0'

2021-01-21 17:27:38 - [MESSAGE][PASSED] - Click button "Search"

2021-01-21 17:27:38 - [TEST_STEP][PASSED] - Verify Search Result Presents: Verify Search Result Presents

2021-01-21 17:27:38 - [MESSAGE][PASSED] - Object '' is present

2021-01-21 17:27:45 - [MESSAGE][PASSED] - Verify Search Result Presents

2021-01-21 17:27:45 - [TEST_STEP][PASSED] - Click button "Logout": Click button "Logout"

2021-01-21 17:27:45 - [MESSAGE][INFO] - >>>>>//Button[contains(text(),'Logout')]

2021-01-21 17:27:48 - [MESSAGE][PASSED] - Object '' is present

2021-01-21 17:27:48 - [MESSAGE][PASSED] - Object: '' is clicked on

2021-01-21 17:27:48 - [MESSAGE][PASSED] - Switched to window with index: '0'

2021-01-21 17:27:48 - [MESSAGE][PASSED] - Click button "Logout"

2021-01-21 17:27:48 - [TEST_STEP][PASSED] - Close browser: Close browser

2021-01-21 17:27:48 - [MESSAGE][PASSED] - Browser is closed

2021-01-21 17:27:48 - [MESSAGE][PASSED] - Close browser

2021-01-21 17:27:48 - [TEST_CASE][PASSED] - Start Test Case : SCENARIO Search by STATUS Ready to disburse: SCENARIO Search by STATUS Ready to disburse

2021-01-21 17:27:48 - [TEST_STEP][PASSED] - Go to ISTools: Go to ISTools

2021-01-21 17:27:48 - [MESSAGE][INFO] - Starting 'Chrome (headless)' driver

2021-01-21 17:27:48 - [MESSAGE][INFO] - User set preference: ['args', '[--start-maximized, --disable-gpu, --no-proxy-server, â€“-no-sandbox, --allow-running-insecure-content, --ignore-certificate-errors, window-size=1680,814, force-device-scale-factor=2, --lang=en-GB]']

2021-01-21 17:27:48 - [MESSAGE][INFO] - User set preference: ['prefs', '{download.default_directory=/Users/chaidir.pratama01/Katalon Studio/IST_Automation_Git/Download}']

2021-01-21 17:27:48 - [MESSAGE][INFO] - Action delay is set to 0 milliseconds

2021-01-21 17:27:48 - [MESSAGE][PASSED] - Browser is opened with url: ''

2021-01-21 17:27:49 - [MESSAGE][PASSED] - Navigate to 'https://dev-istools.homecredit.id/foundation/' successfully

2021-01-21 17:27:49 - [MESSAGE][PASSED] - Go to ISTools

2021-01-21 17:27:49 - [TEST_STEP][PASSED] - Login IST with valid credentials: Login IST with valid credentials

2021-01-21 17:27:49 - [MESSAGE][PASSED] - Text 'mobile.test' is set on object 'Object Repository/Page_/input_Username_j_username'

2021-01-21 17:27:49 - [MESSAGE][PASSED] - Text ****** has been set on object 'Object Repository/Page_/input_Password_j_password'

2021-01-21 17:27:50 - [MESSAGE][PASSED] - Object: 'Object Repository/Page_/button_Login' is clicked on

2021-01-21 17:27:50 - [MESSAGE][PASSED] - Login IST with valid credentials

2021-01-21 17:27:50 - [TEST_STEP][PASSED] - Login Success: Login Success

2021-01-21 17:27:50 - [MESSAGE][INFO] - Login Success

2021-01-21 17:27:50 - [MESSAGE][PASSED] - Current window maximized

2021-01-21 17:27:50 - [MESSAGE][PASSED] - Object 'Object Repository/Page_/h1_Welcome to IT Supporting Tools' is present

2021-01-21 17:27:50 - [MESSAGE][PASSED] - Login Success

2021-01-21 17:27:50 - [TEST_STEP][PASSED] - Select Arrow Menu "Real Time Disbursement": Select Arrow Menu "Real Time Disbursement"

2021-01-21 17:27:50 - [MESSAGE][PASSED] - Object: '' is clicked on

2021-01-21 17:27:50 - [MESSAGE][PASSED] - Select Arrow Menu "Real Time Disbursement"

2021-01-21 17:27:50 - [TEST_STEP][PASSED] - Select Menu "Disbursement Dashboard": Select Menu "Disbursement Dashboard"

2021-01-21 17:27:50 - [MESSAGE][PASSED] - Taking screenshot successfully
[[ATTACHMENT|/Users/chaidir.pratama01/Documents/Docs/Katalon Studio/Screenshot/test-Disbursement Dashboard.png]]

2021-01-21 17:27:50 - [MESSAGE][PASSED] - Object '' is present

2021-01-21 17:27:51 - [MESSAGE][PASSED] - Object: '' is clicked on

2021-01-21 17:27:51 - [MESSAGE][PASSED] - Wait for page load successfully

2021-01-21 17:27:51 - [MESSAGE][PASSED] - Select Menu "Disbursement Dashboard"

2021-01-21 17:27:51 - [TEST_STEP][PASSED] - Select STATUS "Ready to disburse": Select STATUS "Ready to disburse"

2021-01-21 17:27:51 - [MESSAGE][PASSED] - All options with value 'Ready to disburse' are selected in object ''  using regular expression

2021-01-21 17:27:51 - [MESSAGE][PASSED] - Select STATUS "Ready to disburse"

2021-01-21 17:27:51 - [TEST_STEP][PASSED] - Click button "Search": Click button "Search"

2021-01-21 17:27:51 - [MESSAGE][INFO] - >>>>>//Button[contains(text(),'Search')]

2021-01-21 17:27:54 - [MESSAGE][PASSED] - Object '' is present

2021-01-21 17:27:54 - [MESSAGE][PASSED] - Object: '' is clicked on

2021-01-21 17:27:54 - [MESSAGE][PASSED] - Switched to window with index: '0'

2021-01-21 17:27:54 - [MESSAGE][PASSED] - Click button "Search"

2021-01-21 17:27:54 - [TEST_STEP][PASSED] - Verify Search Result Presents: Verify Search Result Presents

2021-01-21 17:27:54 - [MESSAGE][PASSED] - Object '' is present

2021-01-21 17:27:56 - [MESSAGE][PASSED] - Verify Search Result Presents

2021-01-21 17:27:56 - [TEST_STEP][PASSED] - Click button "Logout": Click button "Logout"

2021-01-21 17:27:56 - [MESSAGE][INFO] - >>>>>//Button[contains(text(),'Logout')]

2021-01-21 17:28:00 - [MESSAGE][PASSED] - Object '' is present

2021-01-21 17:28:00 - [MESSAGE][PASSED] - Object: '' is clicked on

2021-01-21 17:28:00 - [MESSAGE][PASSED] - Switched to window with index: '0'

2021-01-21 17:28:00 - [MESSAGE][PASSED] - Click button "Logout"

2021-01-21 17:28:00 - [TEST_STEP][PASSED] - Close browser: Close browser

2021-01-21 17:28:00 - [MESSAGE][PASSED] - Browser is closed

2021-01-21 17:28:00 - [MESSAGE][PASSED] - Close browser

2021-01-21 17:28:00 - [TEST_CASE][PASSED] - Start Test Case : SCENARIO Search by STATUS Failed due to invalid bank account: SCENARIO Search by STATUS Failed due to invalid bank account

2021-01-21 17:28:00 - [TEST_STEP][PASSED] - Go to ISTools: Go to ISTools

2021-01-21 17:28:00 - [MESSAGE][INFO] - Starting 'Chrome (headless)' driver

2021-01-21 17:28:00 - [MESSAGE][INFO] - User set preference: ['args', '[--start-maximized, --disable-gpu, --no-proxy-server, â€“-no-sandbox, --allow-running-insecure-content, --ignore-certificate-errors, window-size=1680,814, force-device-scale-factor=2, --lang=en-GB]']

2021-01-21 17:28:00 - [MESSAGE][INFO] - User set preference: ['prefs', '{download.default_directory=/Users/chaidir.pratama01/Katalon Studio/IST_Automation_Git/Download}']

2021-01-21 17:28:00 - [MESSAGE][INFO] - Action delay is set to 0 milliseconds

2021-01-21 17:28:00 - [MESSAGE][PASSED] - Browser is opened with url: ''

2021-01-21 17:28:01 - [MESSAGE][PASSED] - Navigate to 'https://dev-istools.homecredit.id/foundation/' successfully

2021-01-21 17:28:01 - [MESSAGE][PASSED] - Go to ISTools

2021-01-21 17:28:01 - [TEST_STEP][PASSED] - Login IST with valid credentials: Login IST with valid credentials

2021-01-21 17:28:01 - [MESSAGE][PASSED] - Text 'mobile.test' is set on object 'Object Repository/Page_/input_Username_j_username'

2021-01-21 17:28:01 - [MESSAGE][PASSED] - Text ****** has been set on object 'Object Repository/Page_/input_Password_j_password'

2021-01-21 17:28:02 - [MESSAGE][PASSED] - Object: 'Object Repository/Page_/button_Login' is clicked on

2021-01-21 17:28:02 - [MESSAGE][PASSED] - Login IST with valid credentials

2021-01-21 17:28:02 - [TEST_STEP][PASSED] - Login Success: Login Success

2021-01-21 17:28:02 - [MESSAGE][INFO] - Login Success

2021-01-21 17:28:02 - [MESSAGE][PASSED] - Current window maximized

2021-01-21 17:28:02 - [MESSAGE][PASSED] - Object 'Object Repository/Page_/h1_Welcome to IT Supporting Tools' is present

2021-01-21 17:28:02 - [MESSAGE][PASSED] - Login Success

2021-01-21 17:28:02 - [TEST_STEP][PASSED] - Select Arrow Menu "Real Time Disbursement": Select Arrow Menu "Real Time Disbursement"

2021-01-21 17:28:02 - [MESSAGE][PASSED] - Object: '' is clicked on

2021-01-21 17:28:02 - [MESSAGE][PASSED] - Select Arrow Menu "Real Time Disbursement"

2021-01-21 17:28:02 - [TEST_STEP][PASSED] - Select Menu "Disbursement Dashboard": Select Menu "Disbursement Dashboard"

2021-01-21 17:28:02 - [MESSAGE][PASSED] - Taking screenshot successfully
[[ATTACHMENT|/Users/chaidir.pratama01/Documents/Docs/Katalon Studio/Screenshot/test-Disbursement Dashboard.png]]

2021-01-21 17:28:02 - [MESSAGE][PASSED] - Object '' is present

2021-01-21 17:28:02 - [MESSAGE][PASSED] - Object: '' is clicked on

2021-01-21 17:28:02 - [MESSAGE][PASSED] - Wait for page load successfully

2021-01-21 17:28:02 - [MESSAGE][PASSED] - Select Menu "Disbursement Dashboard"

2021-01-21 17:28:02 - [TEST_STEP][PASSED] - Select STATUS "Failed due to invalid bank account": Select STATUS "Failed due to invalid bank account"

2021-01-21 17:28:03 - [MESSAGE][PASSED] - All options with value 'Failed due to invalid bank account' are selected in object ''  using regular expression

2021-01-21 17:28:03 - [MESSAGE][PASSED] - Select STATUS "Failed due to invalid bank account"

2021-01-21 17:28:03 - [TEST_STEP][PASSED] - Click button "Search": Click button "Search"

2021-01-21 17:28:03 - [MESSAGE][INFO] - >>>>>//Button[contains(text(),'Search')]

2021-01-21 17:28:06 - [MESSAGE][PASSED] - Object '' is present

2021-01-21 17:28:06 - [MESSAGE][PASSED] - Object: '' is clicked on

2021-01-21 17:28:06 - [MESSAGE][PASSED] - Switched to window with index: '0'

2021-01-21 17:28:06 - [MESSAGE][PASSED] - Click button "Search"

2021-01-21 17:28:06 - [TEST_STEP][PASSED] - Verify Search Result Presents: Verify Search Result Presents

2021-01-21 17:28:06 - [MESSAGE][PASSED] - Object '' is present

2021-01-21 17:28:08 - [MESSAGE][PASSED] - Verify Search Result Presents

2021-01-21 17:28:08 - [TEST_STEP][PASSED] - Click button "Logout": Click button "Logout"

2021-01-21 17:28:08 - [MESSAGE][INFO] - >>>>>//Button[contains(text(),'Logout')]

2021-01-21 17:28:11 - [MESSAGE][PASSED] - Object '' is present

2021-01-21 17:28:11 - [MESSAGE][PASSED] - Object: '' is clicked on

2021-01-21 17:28:11 - [MESSAGE][PASSED] - Switched to window with index: '0'

2021-01-21 17:28:11 - [MESSAGE][PASSED] - Click button "Logout"

2021-01-21 17:28:11 - [TEST_STEP][PASSED] - Close browser: Close browser

2021-01-21 17:28:11 - [MESSAGE][PASSED] - Browser is closed

2021-01-21 17:28:11 - [MESSAGE][PASSED] - Close browser

2021-01-21 17:28:11 - [TEST_CASE][PASSED] - Start Test Case : SCENARIO Search by STATUS Failed due to system error: SCENARIO Search by STATUS Failed due to system error

2021-01-21 17:28:11 - [TEST_STEP][PASSED] - Go to ISTools: Go to ISTools

2021-01-21 17:28:11 - [MESSAGE][INFO] - Starting 'Chrome (headless)' driver

2021-01-21 17:28:11 - [MESSAGE][INFO] - User set preference: ['args', '[--start-maximized, --disable-gpu, --no-proxy-server, â€“-no-sandbox, --allow-running-insecure-content, --ignore-certificate-errors, window-size=1680,814, force-device-scale-factor=2, --lang=en-GB]']

2021-01-21 17:28:11 - [MESSAGE][INFO] - User set preference: ['prefs', '{download.default_directory=/Users/chaidir.pratama01/Katalon Studio/IST_Automation_Git/Download}']

2021-01-21 17:28:11 - [MESSAGE][INFO] - Action delay is set to 0 milliseconds

2021-01-21 17:28:11 - [MESSAGE][PASSED] - Browser is opened with url: ''

2021-01-21 17:28:12 - [MESSAGE][PASSED] - Navigate to 'https://dev-istools.homecredit.id/foundation/' successfully

2021-01-21 17:28:12 - [MESSAGE][PASSED] - Go to ISTools

2021-01-21 17:28:12 - [TEST_STEP][PASSED] - Login IST with valid credentials: Login IST with valid credentials

2021-01-21 17:28:12 - [MESSAGE][PASSED] - Text 'mobile.test' is set on object 'Object Repository/Page_/input_Username_j_username'

2021-01-21 17:28:12 - [MESSAGE][PASSED] - Text ****** has been set on object 'Object Repository/Page_/input_Password_j_password'

2021-01-21 17:28:13 - [MESSAGE][PASSED] - Object: 'Object Repository/Page_/button_Login' is clicked on

2021-01-21 17:28:13 - [MESSAGE][PASSED] - Login IST with valid credentials

2021-01-21 17:28:13 - [TEST_STEP][PASSED] - Login Success: Login Success

2021-01-21 17:28:13 - [MESSAGE][INFO] - Login Success

2021-01-21 17:28:13 - [MESSAGE][PASSED] - Current window maximized

2021-01-21 17:28:13 - [MESSAGE][PASSED] - Object 'Object Repository/Page_/h1_Welcome to IT Supporting Tools' is present

2021-01-21 17:28:13 - [MESSAGE][PASSED] - Login Success

2021-01-21 17:28:13 - [TEST_STEP][PASSED] - Select Arrow Menu "Real Time Disbursement": Select Arrow Menu "Real Time Disbursement"

2021-01-21 17:28:13 - [MESSAGE][PASSED] - Object: '' is clicked on

2021-01-21 17:28:13 - [MESSAGE][PASSED] - Select Arrow Menu "Real Time Disbursement"

2021-01-21 17:28:13 - [TEST_STEP][PASSED] - Select Menu "Disbursement Dashboard": Select Menu "Disbursement Dashboard"

2021-01-21 17:28:14 - [MESSAGE][PASSED] - Taking screenshot successfully
[[ATTACHMENT|/Users/chaidir.pratama01/Documents/Docs/Katalon Studio/Screenshot/test-Disbursement Dashboard.png]]

2021-01-21 17:28:14 - [MESSAGE][PASSED] - Object '' is present

2021-01-21 17:28:14 - [MESSAGE][PASSED] - Object: '' is clicked on

2021-01-21 17:28:14 - [MESSAGE][PASSED] - Wait for page load successfully

2021-01-21 17:28:14 - [MESSAGE][PASSED] - Select Menu "Disbursement Dashboard"

2021-01-21 17:28:14 - [TEST_STEP][PASSED] - Select STATUS "Failed due to system error": Select STATUS "Failed due to system error"

2021-01-21 17:28:14 - [MESSAGE][PASSED] - All options with value 'Failed due to system error' are selected in object ''  using regular expression

2021-01-21 17:28:14 - [MESSAGE][PASSED] - Select STATUS "Failed due to system error"

2021-01-21 17:28:14 - [TEST_STEP][PASSED] - Click button "Search": Click button "Search"

2021-01-21 17:28:14 - [MESSAGE][INFO] - >>>>>//Button[contains(text(),'Search')]

2021-01-21 17:28:17 - [MESSAGE][PASSED] - Object '' is present

2021-01-21 17:28:17 - [MESSAGE][PASSED] - Object: '' is clicked on

2021-01-21 17:28:17 - [MESSAGE][PASSED] - Switched to window with index: '0'

2021-01-21 17:28:17 - [MESSAGE][PASSED] - Click button "Search"

2021-01-21 17:28:17 - [TEST_STEP][PASSED] - Verify Search Result Presents: Verify Search Result Presents

2021-01-21 17:28:17 - [MESSAGE][PASSED] - Object '' is present

2021-01-21 17:28:21 - [MESSAGE][PASSED] - Verify Search Result Presents

2021-01-21 17:28:21 - [TEST_STEP][PASSED] - Click button "Logout": Click button "Logout"

2021-01-21 17:28:21 - [MESSAGE][INFO] - >>>>>//Button[contains(text(),'Logout')]

2021-01-21 17:28:24 - [MESSAGE][PASSED] - Object '' is present

2021-01-21 17:28:24 - [MESSAGE][PASSED] - Object: '' is clicked on

2021-01-21 17:28:24 - [MESSAGE][PASSED] - Switched to window with index: '0'

2021-01-21 17:28:24 - [MESSAGE][PASSED] - Click button "Logout"

2021-01-21 17:28:24 - [TEST_STEP][PASSED] - Close browser: Close browser

2021-01-21 17:28:24 - [MESSAGE][PASSED] - Browser is closed

2021-01-21 17:28:24 - [MESSAGE][PASSED] - Close browser

2021-01-21 17:28:24 - [TEST_CASE][PASSED] - Start Test Case : SCENARIO Search by STATUS Failed due to insufficient fund: SCENARIO Search by STATUS Failed due to insufficient fund

2021-01-21 17:28:24 - [TEST_STEP][PASSED] - Go to ISTools: Go to ISTools

2021-01-21 17:28:24 - [MESSAGE][INFO] - Starting 'Chrome (headless)' driver

2021-01-21 17:28:24 - [MESSAGE][INFO] - User set preference: ['args', '[--start-maximized, --disable-gpu, --no-proxy-server, â€“-no-sandbox, --allow-running-insecure-content, --ignore-certificate-errors, window-size=1680,814, force-device-scale-factor=2, --lang=en-GB]']

2021-01-21 17:28:24 - [MESSAGE][INFO] - User set preference: ['prefs', '{download.default_directory=/Users/chaidir.pratama01/Katalon Studio/IST_Automation_Git/Download}']

2021-01-21 17:28:24 - [MESSAGE][INFO] - Action delay is set to 0 milliseconds

2021-01-21 17:28:24 - [MESSAGE][PASSED] - Browser is opened with url: ''

2021-01-21 17:28:25 - [MESSAGE][PASSED] - Navigate to 'https://dev-istools.homecredit.id/foundation/' successfully

2021-01-21 17:28:25 - [MESSAGE][PASSED] - Go to ISTools

2021-01-21 17:28:25 - [TEST_STEP][PASSED] - Login IST with valid credentials: Login IST with valid credentials

2021-01-21 17:28:26 - [MESSAGE][PASSED] - Text 'mobile.test' is set on object 'Object Repository/Page_/input_Username_j_username'

2021-01-21 17:28:26 - [MESSAGE][PASSED] - Text ****** has been set on object 'Object Repository/Page_/input_Password_j_password'

2021-01-21 17:28:26 - [MESSAGE][PASSED] - Object: 'Object Repository/Page_/button_Login' is clicked on

2021-01-21 17:28:26 - [MESSAGE][PASSED] - Login IST with valid credentials

2021-01-21 17:28:26 - [TEST_STEP][PASSED] - Login Success: Login Success

2021-01-21 17:28:26 - [MESSAGE][INFO] - Login Success

2021-01-21 17:28:26 - [MESSAGE][PASSED] - Current window maximized

2021-01-21 17:28:26 - [MESSAGE][PASSED] - Object 'Object Repository/Page_/h1_Welcome to IT Supporting Tools' is present

2021-01-21 17:28:26 - [MESSAGE][PASSED] - Login Success

2021-01-21 17:28:26 - [TEST_STEP][PASSED] - Select Arrow Menu "Real Time Disbursement": Select Arrow Menu "Real Time Disbursement"

2021-01-21 17:28:26 - [MESSAGE][PASSED] - Object: '' is clicked on

2021-01-21 17:28:26 - [MESSAGE][PASSED] - Select Arrow Menu "Real Time Disbursement"

2021-01-21 17:28:26 - [TEST_STEP][PASSED] - Select Menu "Disbursement Dashboard": Select Menu "Disbursement Dashboard"

2021-01-21 17:28:27 - [MESSAGE][PASSED] - Taking screenshot successfully
[[ATTACHMENT|/Users/chaidir.pratama01/Documents/Docs/Katalon Studio/Screenshot/test-Disbursement Dashboard.png]]

2021-01-21 17:28:27 - [MESSAGE][PASSED] - Object '' is present

2021-01-21 17:28:27 - [MESSAGE][PASSED] - Object: '' is clicked on

2021-01-21 17:28:27 - [MESSAGE][PASSED] - Wait for page load successfully

2021-01-21 17:28:27 - [MESSAGE][PASSED] - Select Menu "Disbursement Dashboard"

2021-01-21 17:28:27 - [TEST_STEP][PASSED] - Select STATUS "Failed due to insufficient fund": Select STATUS "Failed due to insufficient fund"

2021-01-21 17:28:27 - [MESSAGE][PASSED] - All options with value 'Failed due to insufficient fund' are selected in object ''  using regular expression

2021-01-21 17:28:27 - [MESSAGE][PASSED] - Select STATUS "Failed due to insufficient fund"

2021-01-21 17:28:27 - [TEST_STEP][PASSED] - Click button "Search": Click button "Search"

2021-01-21 17:28:27 - [MESSAGE][INFO] - >>>>>//Button[contains(text(),'Search')]

2021-01-21 17:28:30 - [MESSAGE][PASSED] - Object '' is present

2021-01-21 17:28:30 - [MESSAGE][PASSED] - Object: '' is clicked on

2021-01-21 17:28:30 - [MESSAGE][PASSED] - Switched to window with index: '0'

2021-01-21 17:28:30 - [MESSAGE][PASSED] - Click button "Search"

2021-01-21 17:28:30 - [TEST_STEP][PASSED] - Verify Search Result Presents: Verify Search Result Presents

2021-01-21 17:28:34 - [MESSAGE][INFO] - Unable to find the element located by 'By.xpath: //td[@style='display:none' and contains(text(),'-Empty-')]'. Please recheck the objects properties to make sure the desired element is located. 

2021-01-21 17:28:35 - [MESSAGE][WARNING] - com.kms.katalon.core.webui.exception.WebElementNotFoundException: Web element with id: '' located by '//td[@style='display:none' and contains(text(),'-Empty-')]' not found (Root cause: com.kms.katalon.core.exception.StepFailedException: com.kms.katalon.core.webui.exception.WebElementNotFoundException: Web element with id: '' located by '//td[@style='display:none' and contains(text(),'-Empty-')]' not found
	at com.kms.katalon.core.webui.keyword.internal.WebUIKeywordMain.stepFailed(WebUIKeywordMain.groovy:64)
	at com.kms.katalon.core.webui.keyword.builtin.VerifyElementPresentKeyword$_verifyElementPresent_closure1.doCall(VerifyElementPresentKeyword.groovy:85)
	at com.kms.katalon.core.webui.keyword.builtin.VerifyElementPresentKeyword$_verifyElementPresent_closure1.call(VerifyElementPresentKeyword.groovy)
	at com.kms.katalon.core.webui.keyword.internal.WebUIKeywordMain.runKeyword(WebUIKeywordMain.groovy:20)
	at com.kms.katalon.core.webui.keyword.builtin.VerifyElementPresentKeyword.verifyElementPresent(VerifyElementPresentKeyword.groovy:92)
	at com.kms.katalon.core.webui.keyword.builtin.VerifyElementPresentKeyword.execute(VerifyElementPresentKeyword.groovy:68)
	at com.kms.katalon.core.keyword.internal.KeywordExecutor.executeKeywordForPlatform(KeywordExecutor.groovy:73)
	at com.kms.katalon.core.webui.keyword.WebUiBuiltInKeywords.verifyElementPresent(WebUiBuiltInKeywords.groovy:1444)
	at com.kms.katalon.core.webui.keyword.WebUiBuiltInKeywords$verifyElementPresent$11.call(Unknown Source)
	at ist_real.Contract_Dispatcher.VerifyTblFilled(Contract_Dispatcher.groovy:1313)
	at ist_real.Contract_Dispatcher$VerifyTblFilled$0.call(Unknown Source)
	at RTD.Search_Result_Presents(RTD.groovy:191)
	at cucumber.runtime.Utils$1.call(Utils.java:26)
	at cucumber.runtime.Timeout.timeout(Timeout.java:16)
	at cucumber.runtime.Utils.invoke(Utils.java:20)
	at cucumber.runtime.java.JavaStepDefinition.execute(JavaStepDefinition.java:48)
	at cucumber.runtime.PickleStepDefinitionMatch.runStep(PickleStepDefinitionMatch.java:50)
	at cucumber.runner.TestStep.executeStep(TestStep.java:55)
	at cucumber.runner.TestStep.run(TestStep.java:42)
	at cucumber.runner.PickleStepTestStep.run(PickleStepTestStep.java:53)
	at cucumber.runner.TestCase.run(TestCase.java:47)
	at cucumber.runner.Runner.runPickle(Runner.java:44)
	at cucumber.runtime.Runtime.runFeature(Runtime.java:120)
	at cucumber.runtime.Runtime.run(Runtime.java:106)
	at cucumber.api.cli.Main.run(Main.java:35)
	at cucumber.api.cli.Main$run.call(Unknown Source)
	at com.kms.katalon.core.cucumber.keyword.CucumberBuiltinKeywords$_runFeatureFile_closure1.doCall(CucumberBuiltinKeywords.groovy:76)
	at com.kms.katalon.core.cucumber.keyword.CucumberBuiltinKeywords$_runFeatureFile_closure1.doCall(CucumberBuiltinKeywords.groovy)
	at com.kms.katalon.core.keyword.internal.KeywordMain.runKeyword(KeywordMain.groovy:68)
	at com.kms.katalon.core.keyword.internal.KeywordMain$runKeyword.call(Unknown Source)
	at com.kms.katalon.core.cucumber.keyword.CucumberBuiltinKeywords.runFeatureFile(CucumberBuiltinKeywords.groovy:46)
	at com.kms.katalon.core.cucumber.keyword.CucumberBuiltinKeywords$runFeatureFile$0.callStatic(Unknown Source)
	at com.kms.katalon.core.cucumber.keyword.CucumberBuiltinKeywords.runFeatureFile(CucumberBuiltinKeywords.groovy:169)
	at com.kms.katalon.core.cucumber.keyword.CucumberBuiltinKeywords$runFeatureFile.call(Unknown Source)
	at TC_Search_by_STATUS_Disbursement_Dashboard.run(TC_Search_by_STATUS_Disbursement_Dashboard:18)
	at com.kms.katalon.core.main.ScriptEngine.run(ScriptEngine.java:194)
	at com.kms.katalon.core.main.ScriptEngine.runScriptAsRawText(ScriptEngine.java:119)
	at com.kms.katalon.core.main.TestCaseExecutor.runScript(TestCaseExecutor.java:339)
	at com.kms.katalon.core.main.TestCaseExecutor.doExecute(TestCaseExecutor.java:330)
	at com.kms.katalon.core.main.TestCaseExecutor.processExecutionPhase(TestCaseExecutor.java:309)
	at com.kms.katalon.core.main.TestCaseExecutor.accessMainPhase(TestCaseExecutor.java:301)
	at com.kms.katalon.core.main.TestCaseExecutor.execute(TestCaseExecutor.java:235)
	at com.kms.katalon.core.main.TestSuiteExecutor.accessTestCaseMainPhase(TestSuiteExecutor.java:191)
	at com.kms.katalon.core.main.TestSuiteExecutor.accessTestSuiteMainPhase(TestSuiteExecutor.java:141)
	at com.kms.katalon.core.main.TestSuiteExecutor.execute(TestSuiteExecutor.java:90)
	at com.kms.katalon.core.main.TestCaseMain.startTestSuite(TestCaseMain.java:157)
	at com.kms.katalon.core.main.TestCaseMain$startTestSuite$0.call(Unknown Source)
	at TempTestSuite1611224748336.run(TempTestSuite1611224748336.groovy:39)
)
[[ATTACHMENT|/Users/chaidir.pratama01/Katalon Studio/IST_Automation_Git/Reports/20210121_172548/RTD/TS_Disbursement_Dashboard/20210121_172548/1611224914944.png]]

2021-01-21 17:28:35 - [MESSAGE][PASSED] - Verify Search Result Presents

2021-01-21 17:28:35 - [TEST_STEP][PASSED] - Click button "Logout": Click button "Logout"

2021-01-21 17:28:35 - [MESSAGE][INFO] - >>>>>//Button[contains(text(),'Logout')]

2021-01-21 17:28:38 - [MESSAGE][PASSED] - Object '' is present

2021-01-21 17:28:39 - [MESSAGE][PASSED] - Object: '' is clicked on

2021-01-21 17:28:39 - [MESSAGE][PASSED] - Switched to window with index: '0'

2021-01-21 17:28:39 - [MESSAGE][PASSED] - Click button "Logout"

2021-01-21 17:28:39 - [TEST_STEP][PASSED] - Close browser: Close browser

2021-01-21 17:28:39 - [MESSAGE][PASSED] - Browser is closed

2021-01-21 17:28:39 - [MESSAGE][PASSED] - Close browser

2021-01-21 17:28:39 - [TEST_CASE][PASSED] - Start Test Case : SCENARIO Search by STATUS Manual Disbursement: SCENARIO Search by STATUS Manual Disbursement

2021-01-21 17:28:39 - [TEST_STEP][PASSED] - Go to ISTools: Go to ISTools

2021-01-21 17:28:39 - [MESSAGE][INFO] - Starting 'Chrome (headless)' driver

2021-01-21 17:28:39 - [MESSAGE][INFO] - User set preference: ['args', '[--start-maximized, --disable-gpu, --no-proxy-server, â€“-no-sandbox, --allow-running-insecure-content, --ignore-certificate-errors, window-size=1680,814, force-device-scale-factor=2, --lang=en-GB]']

2021-01-21 17:28:39 - [MESSAGE][INFO] - User set preference: ['prefs', '{download.default_directory=/Users/chaidir.pratama01/Katalon Studio/IST_Automation_Git/Download}']

2021-01-21 17:28:39 - [MESSAGE][INFO] - Action delay is set to 0 milliseconds

2021-01-21 17:28:39 - [MESSAGE][PASSED] - Browser is opened with url: ''

2021-01-21 17:28:41 - [MESSAGE][PASSED] - Navigate to 'https://dev-istools.homecredit.id/foundation/' successfully

2021-01-21 17:28:41 - [MESSAGE][PASSED] - Go to ISTools

2021-01-21 17:28:41 - [TEST_STEP][PASSED] - Login IST with valid credentials: Login IST with valid credentials

2021-01-21 17:28:42 - [MESSAGE][PASSED] - Text 'mobile.test' is set on object 'Object Repository/Page_/input_Username_j_username'

2021-01-21 17:28:42 - [MESSAGE][PASSED] - Text ****** has been set on object 'Object Repository/Page_/input_Password_j_password'

2021-01-21 17:28:42 - [MESSAGE][PASSED] - Object: 'Object Repository/Page_/button_Login' is clicked on

2021-01-21 17:28:42 - [MESSAGE][PASSED] - Login IST with valid credentials

2021-01-21 17:28:42 - [TEST_STEP][PASSED] - Login Success: Login Success

2021-01-21 17:28:42 - [MESSAGE][INFO] - Login Success

2021-01-21 17:28:42 - [MESSAGE][PASSED] - Current window maximized

2021-01-21 17:28:42 - [MESSAGE][PASSED] - Object 'Object Repository/Page_/h1_Welcome to IT Supporting Tools' is present

2021-01-21 17:28:42 - [MESSAGE][PASSED] - Login Success

2021-01-21 17:28:42 - [TEST_STEP][PASSED] - Select Arrow Menu "Real Time Disbursement": Select Arrow Menu "Real Time Disbursement"

2021-01-21 17:28:42 - [MESSAGE][PASSED] - Object: '' is clicked on

2021-01-21 17:28:42 - [MESSAGE][PASSED] - Select Arrow Menu "Real Time Disbursement"

2021-01-21 17:28:42 - [TEST_STEP][PASSED] - Select Menu "Disbursement Dashboard": Select Menu "Disbursement Dashboard"

2021-01-21 17:28:43 - [MESSAGE][PASSED] - Taking screenshot successfully
[[ATTACHMENT|/Users/chaidir.pratama01/Documents/Docs/Katalon Studio/Screenshot/test-Disbursement Dashboard.png]]

2021-01-21 17:28:43 - [MESSAGE][PASSED] - Object '' is present

2021-01-21 17:28:43 - [MESSAGE][PASSED] - Object: '' is clicked on

2021-01-21 17:28:43 - [MESSAGE][PASSED] - Wait for page load successfully

2021-01-21 17:28:43 - [MESSAGE][PASSED] - Select Menu "Disbursement Dashboard"

2021-01-21 17:28:43 - [TEST_STEP][PASSED] - Select STATUS "Manual Disbursement": Select STATUS "Manual Disbursement"

2021-01-21 17:28:43 - [MESSAGE][PASSED] - All options with value 'Manual Disbursement' are selected in object ''  using regular expression

2021-01-21 17:28:43 - [MESSAGE][PASSED] - Select STATUS "Manual Disbursement"

2021-01-21 17:28:43 - [TEST_STEP][PASSED] - Click button "Search": Click button "Search"

2021-01-21 17:28:43 - [MESSAGE][INFO] - >>>>>//Button[contains(text(),'Search')]

2021-01-21 17:28:46 - [MESSAGE][PASSED] - Object '' is present

2021-01-21 17:28:46 - [MESSAGE][PASSED] - Object: '' is clicked on

2021-01-21 17:28:46 - [MESSAGE][PASSED] - Switched to window with index: '0'

2021-01-21 17:28:46 - [MESSAGE][PASSED] - Click button "Search"

2021-01-21 17:28:46 - [TEST_STEP][PASSED] - Verify Search Result Presents: Verify Search Result Presents

2021-01-21 17:28:47 - [MESSAGE][PASSED] - Object '' is present

2021-01-21 17:28:53 - [MESSAGE][PASSED] - Verify Search Result Presents

2021-01-21 17:28:53 - [TEST_STEP][PASSED] - Click button "Logout": Click button "Logout"

2021-01-21 17:28:53 - [MESSAGE][INFO] - >>>>>//Button[contains(text(),'Logout')]

2021-01-21 17:28:56 - [MESSAGE][PASSED] - Object '' is present

2021-01-21 17:28:56 - [MESSAGE][PASSED] - Object: '' is clicked on

2021-01-21 17:28:56 - [MESSAGE][PASSED] - Switched to window with index: '0'

2021-01-21 17:28:56 - [MESSAGE][PASSED] - Click button "Logout"

2021-01-21 17:28:56 - [TEST_STEP][PASSED] - Close browser: Close browser

2021-01-21 17:28:56 - [MESSAGE][PASSED] - Browser is closed

2021-01-21 17:28:56 - [MESSAGE][PASSED] - Close browser

2021-01-21 17:28:56 - [TEST_CASE][PASSED] - Start Test Case : SCENARIO Search by STATUS DONE: SCENARIO Search by STATUS DONE

2021-01-21 17:28:56 - [TEST_STEP][PASSED] - Go to ISTools: Go to ISTools

2021-01-21 17:28:56 - [MESSAGE][INFO] - Starting 'Chrome (headless)' driver

2021-01-21 17:28:56 - [MESSAGE][INFO] - User set preference: ['args', '[--start-maximized, --disable-gpu, --no-proxy-server, â€“-no-sandbox, --allow-running-insecure-content, --ignore-certificate-errors, window-size=1680,814, force-device-scale-factor=2, --lang=en-GB]']

2021-01-21 17:28:56 - [MESSAGE][INFO] - User set preference: ['prefs', '{download.default_directory=/Users/chaidir.pratama01/Katalon Studio/IST_Automation_Git/Download}']

2021-01-21 17:28:56 - [MESSAGE][INFO] - Action delay is set to 0 milliseconds

2021-01-21 17:28:57 - [MESSAGE][PASSED] - Browser is opened with url: ''

2021-01-21 17:28:57 - [MESSAGE][PASSED] - Navigate to 'https://dev-istools.homecredit.id/foundation/' successfully

2021-01-21 17:28:57 - [MESSAGE][PASSED] - Go to ISTools

2021-01-21 17:28:57 - [TEST_STEP][PASSED] - Login IST with valid credentials: Login IST with valid credentials

2021-01-21 17:28:58 - [MESSAGE][PASSED] - Text 'mobile.test' is set on object 'Object Repository/Page_/input_Username_j_username'

2021-01-21 17:28:58 - [MESSAGE][PASSED] - Text ****** has been set on object 'Object Repository/Page_/input_Password_j_password'

2021-01-21 17:28:58 - [MESSAGE][PASSED] - Object: 'Object Repository/Page_/button_Login' is clicked on

2021-01-21 17:28:58 - [MESSAGE][PASSED] - Login IST with valid credentials

2021-01-21 17:28:58 - [TEST_STEP][PASSED] - Login Success: Login Success

2021-01-21 17:28:58 - [MESSAGE][INFO] - Login Success

2021-01-21 17:28:58 - [MESSAGE][PASSED] - Current window maximized

2021-01-21 17:28:58 - [MESSAGE][PASSED] - Object 'Object Repository/Page_/h1_Welcome to IT Supporting Tools' is present

2021-01-21 17:28:58 - [MESSAGE][PASSED] - Login Success

2021-01-21 17:28:58 - [TEST_STEP][PASSED] - Select Arrow Menu "Real Time Disbursement": Select Arrow Menu "Real Time Disbursement"

2021-01-21 17:28:58 - [MESSAGE][PASSED] - Object: '' is clicked on

2021-01-21 17:28:58 - [MESSAGE][PASSED] - Select Arrow Menu "Real Time Disbursement"

2021-01-21 17:28:58 - [TEST_STEP][PASSED] - Select Menu "Disbursement Dashboard": Select Menu "Disbursement Dashboard"

2021-01-21 17:28:59 - [MESSAGE][PASSED] - Taking screenshot successfully
[[ATTACHMENT|/Users/chaidir.pratama01/Documents/Docs/Katalon Studio/Screenshot/test-Disbursement Dashboard.png]]

2021-01-21 17:28:59 - [MESSAGE][PASSED] - Object '' is present

2021-01-21 17:28:59 - [MESSAGE][PASSED] - Object: '' is clicked on

2021-01-21 17:28:59 - [MESSAGE][PASSED] - Wait for page load successfully

2021-01-21 17:28:59 - [MESSAGE][PASSED] - Select Menu "Disbursement Dashboard"

2021-01-21 17:28:59 - [TEST_STEP][PASSED] - Select STATUS "DONE": Select STATUS "DONE"

2021-01-21 17:28:59 - [MESSAGE][PASSED] - All options with value 'DONE' are selected in object ''  using regular expression

2021-01-21 17:28:59 - [MESSAGE][PASSED] - Select STATUS "DONE"

2021-01-21 17:28:59 - [TEST_STEP][PASSED] - Click button "Search": Click button "Search"

2021-01-21 17:28:59 - [MESSAGE][INFO] - >>>>>//Button[contains(text(),'Search')]

2021-01-21 17:29:02 - [MESSAGE][PASSED] - Object '' is present

2021-01-21 17:29:02 - [MESSAGE][PASSED] - Object: '' is clicked on

2021-01-21 17:29:02 - [MESSAGE][PASSED] - Switched to window with index: '0'

2021-01-21 17:29:02 - [MESSAGE][PASSED] - Click button "Search"

2021-01-21 17:29:02 - [TEST_STEP][PASSED] - Verify Search Result Presents: Verify Search Result Presents

2021-01-21 17:29:03 - [MESSAGE][PASSED] - Object '' is present

2021-01-21 17:29:09 - [MESSAGE][PASSED] - Verify Search Result Presents

2021-01-21 17:29:09 - [TEST_STEP][PASSED] - Click button "Logout": Click button "Logout"

2021-01-21 17:29:09 - [MESSAGE][INFO] - >>>>>//Button[contains(text(),'Logout')]

2021-01-21 17:29:12 - [MESSAGE][PASSED] - Object '' is present

2021-01-21 17:29:12 - [MESSAGE][PASSED] - Object: '' is clicked on

2021-01-21 17:29:12 - [MESSAGE][PASSED] - Switched to window with index: '0'

2021-01-21 17:29:12 - [MESSAGE][PASSED] - Click button "Logout"

2021-01-21 17:29:12 - [TEST_STEP][PASSED] - Close browser: Close browser

2021-01-21 17:29:12 - [MESSAGE][PASSED] - Browser is closed

2021-01-21 17:29:12 - [MESSAGE][PASSED] - Close browser

2021-01-21 17:29:12 - [TEST_CASE][PASSED] - Start Test Case : SCENARIO Search by STATUS Waiting Partner Confirmation: SCENARIO Search by STATUS Waiting Partner Confirmation

2021-01-21 17:29:12 - [TEST_STEP][PASSED] - Go to ISTools: Go to ISTools

2021-01-21 17:29:12 - [MESSAGE][INFO] - Starting 'Chrome (headless)' driver

2021-01-21 17:29:12 - [MESSAGE][INFO] - User set preference: ['args', '[--start-maximized, --disable-gpu, --no-proxy-server, â€“-no-sandbox, --allow-running-insecure-content, --ignore-certificate-errors, window-size=1680,814, force-device-scale-factor=2, --lang=en-GB]']

2021-01-21 17:29:12 - [MESSAGE][INFO] - User set preference: ['prefs', '{download.default_directory=/Users/chaidir.pratama01/Katalon Studio/IST_Automation_Git/Download}']

2021-01-21 17:29:12 - [MESSAGE][INFO] - Action delay is set to 0 milliseconds

2021-01-21 17:29:13 - [MESSAGE][PASSED] - Browser is opened with url: ''

2021-01-21 17:29:13 - [MESSAGE][PASSED] - Navigate to 'https://dev-istools.homecredit.id/foundation/' successfully

2021-01-21 17:29:13 - [MESSAGE][PASSED] - Go to ISTools

2021-01-21 17:29:13 - [TEST_STEP][PASSED] - Login IST with valid credentials: Login IST with valid credentials

2021-01-21 17:29:14 - [MESSAGE][PASSED] - Text 'mobile.test' is set on object 'Object Repository/Page_/input_Username_j_username'

2021-01-21 17:29:14 - [MESSAGE][PASSED] - Text ****** has been set on object 'Object Repository/Page_/input_Password_j_password'

2021-01-21 17:29:14 - [MESSAGE][PASSED] - Object: 'Object Repository/Page_/button_Login' is clicked on

2021-01-21 17:29:14 - [MESSAGE][PASSED] - Login IST with valid credentials

2021-01-21 17:29:14 - [TEST_STEP][PASSED] - Login Success: Login Success

2021-01-21 17:29:14 - [MESSAGE][INFO] - Login Success

2021-01-21 17:29:14 - [MESSAGE][PASSED] - Current window maximized

2021-01-21 17:29:14 - [MESSAGE][PASSED] - Object 'Object Repository/Page_/h1_Welcome to IT Supporting Tools' is present

2021-01-21 17:29:14 - [MESSAGE][PASSED] - Login Success

2021-01-21 17:29:14 - [TEST_STEP][PASSED] - Select Arrow Menu "Real Time Disbursement": Select Arrow Menu "Real Time Disbursement"

2021-01-21 17:29:14 - [MESSAGE][PASSED] - Object: '' is clicked on

2021-01-21 17:29:14 - [MESSAGE][PASSED] - Select Arrow Menu "Real Time Disbursement"

2021-01-21 17:29:14 - [TEST_STEP][PASSED] - Select Menu "Disbursement Dashboard": Select Menu "Disbursement Dashboard"

2021-01-21 17:29:15 - [MESSAGE][PASSED] - Taking screenshot successfully
[[ATTACHMENT|/Users/chaidir.pratama01/Documents/Docs/Katalon Studio/Screenshot/test-Disbursement Dashboard.png]]

2021-01-21 17:29:15 - [MESSAGE][PASSED] - Object '' is present

2021-01-21 17:29:15 - [MESSAGE][PASSED] - Object: '' is clicked on

2021-01-21 17:29:15 - [MESSAGE][PASSED] - Wait for page load successfully

2021-01-21 17:29:15 - [MESSAGE][PASSED] - Select Menu "Disbursement Dashboard"

2021-01-21 17:29:15 - [TEST_STEP][PASSED] - Select STATUS "Waiting Partner Confirmation": Select STATUS "Waiting Partner Confirmation"

2021-01-21 17:29:15 - [MESSAGE][PASSED] - All options with value 'Waiting Partner Confirmation' are selected in object ''  using regular expression

2021-01-21 17:29:15 - [MESSAGE][PASSED] - Select STATUS "Waiting Partner Confirmation"

2021-01-21 17:29:15 - [TEST_STEP][PASSED] - Click button "Search": Click button "Search"

2021-01-21 17:29:15 - [MESSAGE][INFO] - >>>>>//Button[contains(text(),'Search')]

2021-01-21 17:29:18 - [MESSAGE][PASSED] - Object '' is present

2021-01-21 17:29:18 - [MESSAGE][PASSED] - Object: '' is clicked on

2021-01-21 17:29:18 - [MESSAGE][PASSED] - Switched to window with index: '0'

2021-01-21 17:29:18 - [MESSAGE][PASSED] - Click button "Search"

2021-01-21 17:29:18 - [TEST_STEP][PASSED] - Verify Search Result Presents: Verify Search Result Presents

2021-01-21 17:29:18 - [MESSAGE][PASSED] - Object '' is present

2021-01-21 17:29:22 - [MESSAGE][PASSED] - Verify Search Result Presents

2021-01-21 17:29:22 - [TEST_STEP][PASSED] - Click button "Logout": Click button "Logout"

2021-01-21 17:29:22 - [MESSAGE][INFO] - >>>>>//Button[contains(text(),'Logout')]

2021-01-21 17:29:25 - [MESSAGE][PASSED] - Object '' is present

2021-01-21 17:29:26 - [MESSAGE][PASSED] - Object: '' is clicked on

2021-01-21 17:29:26 - [MESSAGE][PASSED] - Switched to window with index: '0'

2021-01-21 17:29:26 - [MESSAGE][PASSED] - Click button "Logout"

2021-01-21 17:29:26 - [TEST_STEP][PASSED] - Close browser: Close browser

2021-01-21 17:29:26 - [MESSAGE][PASSED] - Browser is closed

2021-01-21 17:29:26 - [MESSAGE][PASSED] - Close browser

2021-01-21 17:29:26 - [TEST_CASE][PASSED] - Start Test Case : SCENARIO Search by STATUS Success to Disburse: SCENARIO Search by STATUS Success to Disburse

2021-01-21 17:29:26 - [TEST_STEP][PASSED] - Go to ISTools: Go to ISTools

2021-01-21 17:29:26 - [MESSAGE][INFO] - Starting 'Chrome (headless)' driver

2021-01-21 17:29:26 - [MESSAGE][INFO] - User set preference: ['args', '[--start-maximized, --disable-gpu, --no-proxy-server, â€“-no-sandbox, --allow-running-insecure-content, --ignore-certificate-errors, window-size=1680,814, force-device-scale-factor=2, --lang=en-GB]']

2021-01-21 17:29:26 - [MESSAGE][INFO] - User set preference: ['prefs', '{download.default_directory=/Users/chaidir.pratama01/Katalon Studio/IST_Automation_Git/Download}']

2021-01-21 17:29:26 - [MESSAGE][INFO] - Action delay is set to 0 milliseconds

2021-01-21 17:29:26 - [MESSAGE][PASSED] - Browser is opened with url: ''

2021-01-21 17:29:27 - [MESSAGE][PASSED] - Navigate to 'https://dev-istools.homecredit.id/foundation/' successfully

2021-01-21 17:29:27 - [MESSAGE][PASSED] - Go to ISTools

2021-01-21 17:29:27 - [TEST_STEP][PASSED] - Login IST with valid credentials: Login IST with valid credentials

2021-01-21 17:29:27 - [MESSAGE][PASSED] - Text 'mobile.test' is set on object 'Object Repository/Page_/input_Username_j_username'

2021-01-21 17:29:27 - [MESSAGE][PASSED] - Text ****** has been set on object 'Object Repository/Page_/input_Password_j_password'

2021-01-21 17:29:27 - [MESSAGE][PASSED] - Object: 'Object Repository/Page_/button_Login' is clicked on

2021-01-21 17:29:27 - [MESSAGE][PASSED] - Login IST with valid credentials

2021-01-21 17:29:27 - [TEST_STEP][PASSED] - Login Success: Login Success

2021-01-21 17:29:27 - [MESSAGE][INFO] - Login Success

2021-01-21 17:29:28 - [MESSAGE][PASSED] - Current window maximized

2021-01-21 17:29:28 - [MESSAGE][PASSED] - Object 'Object Repository/Page_/h1_Welcome to IT Supporting Tools' is present

2021-01-21 17:29:28 - [MESSAGE][PASSED] - Login Success

2021-01-21 17:29:28 - [TEST_STEP][PASSED] - Select Arrow Menu "Real Time Disbursement": Select Arrow Menu "Real Time Disbursement"

2021-01-21 17:29:28 - [MESSAGE][PASSED] - Object: '' is clicked on

2021-01-21 17:29:28 - [MESSAGE][PASSED] - Select Arrow Menu "Real Time Disbursement"

2021-01-21 17:29:28 - [TEST_STEP][PASSED] - Select Menu "Disbursement Dashboard": Select Menu "Disbursement Dashboard"

2021-01-21 17:29:28 - [MESSAGE][PASSED] - Taking screenshot successfully
[[ATTACHMENT|/Users/chaidir.pratama01/Documents/Docs/Katalon Studio/Screenshot/test-Disbursement Dashboard.png]]

2021-01-21 17:29:28 - [MESSAGE][PASSED] - Object '' is present

2021-01-21 17:29:28 - [MESSAGE][PASSED] - Object: '' is clicked on

2021-01-21 17:29:28 - [MESSAGE][PASSED] - Wait for page load successfully

2021-01-21 17:29:28 - [MESSAGE][PASSED] - Select Menu "Disbursement Dashboard"

2021-01-21 17:29:28 - [TEST_STEP][PASSED] - Select STATUS "Success to Disburse": Select STATUS "Success to Disburse"

2021-01-21 17:29:29 - [MESSAGE][PASSED] - All options with value 'Success to Disburse' are selected in object ''  using regular expression

2021-01-21 17:29:29 - [MESSAGE][PASSED] - Select STATUS "Success to Disburse"

2021-01-21 17:29:29 - [TEST_STEP][PASSED] - Click button "Search": Click button "Search"

2021-01-21 17:29:29 - [MESSAGE][INFO] - >>>>>//Button[contains(text(),'Search')]

2021-01-21 17:29:32 - [MESSAGE][PASSED] - Object '' is present

2021-01-21 17:29:32 - [MESSAGE][PASSED] - Object: '' is clicked on

2021-01-21 17:29:32 - [MESSAGE][PASSED] - Switched to window with index: '0'

2021-01-21 17:29:32 - [MESSAGE][PASSED] - Click button "Search"

2021-01-21 17:29:32 - [TEST_STEP][PASSED] - Verify Search Result Presents: Verify Search Result Presents

2021-01-21 17:29:32 - [MESSAGE][PASSED] - Object '' is present

2021-01-21 17:29:32 - [MESSAGE][PASSED] - Verify Search Result Presents

2021-01-21 17:29:32 - [TEST_STEP][PASSED] - Click button "Logout": Click button "Logout"

2021-01-21 17:29:32 - [MESSAGE][INFO] - >>>>>//Button[contains(text(),'Logout')]

2021-01-21 17:29:35 - [MESSAGE][PASSED] - Object '' is present

2021-01-21 17:29:35 - [MESSAGE][PASSED] - Object: '' is clicked on

2021-01-21 17:29:36 - [MESSAGE][PASSED] - Switched to window with index: '0'

2021-01-21 17:29:36 - [MESSAGE][PASSED] - Click button "Logout"

2021-01-21 17:29:36 - [TEST_STEP][PASSED] - Close browser: Close browser

2021-01-21 17:29:36 - [MESSAGE][PASSED] - Browser is closed

2021-01-21 17:29:36 - [MESSAGE][PASSED] - Close browser

2021-01-21 17:29:36 - [MESSAGE][PASSED] - Feature file: 'Include/features/IST_Real/RTD/Disbursement_Dashboard/Search_by_STATUS_Disbursement_Dashboard.feature' was passed]]></system-out>
         <system-err><![CDATA[]]></system-err>
      </testcase>
      <testcase name="Test Cases/RTD/Disbursement Dashboard/TC_Export_Data_Disbursement_Dashboard" time="9.694" classname="Test Cases/RTD/Disbursement Dashboard/TC_Export_Data_Disbursement_Dashboard" status="PASSED">
         <system-out><![CDATA[2021-01-21 17:29:36 - [TEST_CASE][PASSED] - Test Cases/RTD/Disbursement Dashboard/TC_Export_Data_Disbursement_Dashboard: Test Cases/RTD/Disbursement Dashboard/TC_Export_Data_Disbursement_Dashboard

2021-01-21 17:29:36 - [TEST_STEP][PASSED] - runFeatureFile("Include/features/IST_Real/RTD/Disbursement_Dashboard/Export_Data_Disbursement_Dashboard.feature"): Feature file: 'Include/features/IST_Real/RTD/Disbursement_Dashboard/Export_Data_Disbursement_Dashboard.feature' was passed

2021-01-21 17:29:36 - [MESSAGE][INFO] - Starting run keyword runFeatureFile: 'Include/features/IST_Real/RTD/Disbursement_Dashboard/Export_Data_Disbursement_Dashboard.feature' and extract report to folder: '/Users/chaidir.pratama01/Katalon Studio/IST_Automation_Git/Reports/20210121_172548/RTD/TS_Disbursement_Dashboard/20210121_172548/cucumber_report/1611224976178'...

2021-01-21 17:29:36 - [TEST_CASE][PASSED] - Start Test Case : SCENARIO Export Data: SCENARIO Export Data

2021-01-21 17:29:36 - [TEST_STEP][PASSED] - Go to ISTools: Go to ISTools

2021-01-21 17:29:36 - [MESSAGE][INFO] - Starting 'Chrome (headless)' driver

2021-01-21 17:29:36 - [MESSAGE][INFO] - User set preference: ['args', '[--start-maximized, --disable-gpu, --no-proxy-server, â€“-no-sandbox, --allow-running-insecure-content, --ignore-certificate-errors, window-size=1680,814, force-device-scale-factor=2, --lang=en-GB]']

2021-01-21 17:29:36 - [MESSAGE][INFO] - User set preference: ['prefs', '{download.default_directory=/Users/chaidir.pratama01/Katalon Studio/IST_Automation_Git/Download}']

2021-01-21 17:29:36 - [MESSAGE][INFO] - Action delay is set to 0 milliseconds

2021-01-21 17:29:36 - [MESSAGE][PASSED] - Browser is opened with url: ''

2021-01-21 17:29:37 - [MESSAGE][PASSED] - Navigate to 'https://dev-istools.homecredit.id/foundation/' successfully

2021-01-21 17:29:37 - [MESSAGE][PASSED] - Go to ISTools

2021-01-21 17:29:37 - [TEST_STEP][PASSED] - Login IST with valid credentials: Login IST with valid credentials

2021-01-21 17:29:37 - [MESSAGE][PASSED] - Text 'mobile.test' is set on object 'Object Repository/Page_/input_Username_j_username'

2021-01-21 17:29:37 - [MESSAGE][PASSED] - Text ****** has been set on object 'Object Repository/Page_/input_Password_j_password'

2021-01-21 17:29:37 - [MESSAGE][PASSED] - Object: 'Object Repository/Page_/button_Login' is clicked on

2021-01-21 17:29:37 - [MESSAGE][PASSED] - Login IST with valid credentials

2021-01-21 17:29:37 - [TEST_STEP][PASSED] - Login Success: Login Success

2021-01-21 17:29:37 - [MESSAGE][INFO] - Login Success

2021-01-21 17:29:38 - [MESSAGE][PASSED] - Current window maximized

2021-01-21 17:29:38 - [MESSAGE][PASSED] - Object 'Object Repository/Page_/h1_Welcome to IT Supporting Tools' is present

2021-01-21 17:29:38 - [MESSAGE][PASSED] - Login Success

2021-01-21 17:29:38 - [TEST_STEP][PASSED] - Select Arrow Menu "Real Time Disbursement": Select Arrow Menu "Real Time Disbursement"

2021-01-21 17:29:38 - [MESSAGE][PASSED] - Object: '' is clicked on

2021-01-21 17:29:38 - [MESSAGE][PASSED] - Select Arrow Menu "Real Time Disbursement"

2021-01-21 17:29:38 - [TEST_STEP][PASSED] - Select Menu "Disbursement Dashboard": Select Menu "Disbursement Dashboard"

2021-01-21 17:29:38 - [MESSAGE][PASSED] - Taking screenshot successfully
[[ATTACHMENT|/Users/chaidir.pratama01/Documents/Docs/Katalon Studio/Screenshot/test-Disbursement Dashboard.png]]

2021-01-21 17:29:38 - [MESSAGE][PASSED] - Object '' is present

2021-01-21 17:29:38 - [MESSAGE][PASSED] - Object: '' is clicked on

2021-01-21 17:29:38 - [MESSAGE][PASSED] - Wait for page load successfully

2021-01-21 17:29:38 - [MESSAGE][PASSED] - Select Menu "Disbursement Dashboard"

2021-01-21 17:29:38 - [TEST_STEP][PASSED] - Input Contract RTD in Contract Number label: Input Contract RTD in Contract Number label

2021-01-21 17:29:39 - [MESSAGE][PASSED] - Text '4000014162' is set on object ''

2021-01-21 17:29:39 - [MESSAGE][PASSED] - Input Contract RTD in Contract Number label

2021-01-21 17:29:39 - [TEST_STEP][PASSED] - Click button "Search": Click button "Search"

2021-01-21 17:29:39 - [MESSAGE][INFO] - >>>>>//Button[contains(text(),'Search')]

2021-01-21 17:29:42 - [MESSAGE][PASSED] - Object '' is present

2021-01-21 17:29:42 - [MESSAGE][PASSED] - Object: '' is clicked on

2021-01-21 17:29:42 - [MESSAGE][PASSED] - Switched to window with index: '0'

2021-01-21 17:29:42 - [MESSAGE][PASSED] - Click button "Search"

2021-01-21 17:29:42 - [TEST_STEP][PASSED] - Verify Table Filled: Verify Table Filled

2021-01-21 17:29:42 - [MESSAGE][PASSED] - Object '' is present

2021-01-21 17:29:42 - [MESSAGE][PASSED] - Verify Table Filled

2021-01-21 17:29:42 - [TEST_STEP][PASSED] - Click button "Export Data": Click button "Export Data"

2021-01-21 17:29:42 - [MESSAGE][INFO] - >>>>>//Button[contains(text(),'Export Data')]

2021-01-21 17:29:45 - [MESSAGE][PASSED] - Object: '' is clicked on

2021-01-21 17:29:45 - [MESSAGE][PASSED] - Taking screenshot successfully
[[ATTACHMENT|/Users/chaidir.pratama01/Documents/Docs/Katalon Studio/Screenshot/Download_data.png]]

2021-01-21 17:29:45 - [MESSAGE][PASSED] - Click button "Export Data"

2021-01-21 17:29:45 - [MESSAGE][PASSED] - Feature file: 'Include/features/IST_Real/RTD/Disbursement_Dashboard/Export_Data_Disbursement_Dashboard.feature' was passed]]></system-out>
         <system-err><![CDATA[]]></system-err>
      </testcase>
      <system-out><![CDATA[2021-01-21 17:26:01 - [TEST_SUITE][PASSED] - TS_Disbursement_Dashboard: Test Cases/RTD/Disbursement Dashboard/TC_Export_Data_Disbursement_Dashboard]]></system-out>
      <system-err><![CDATA[]]></system-err>
   </testsuite>
   <testsuite name="TS_Partner_Disbursement_SBO" tests="3" failures="0" errors="0" time="257.874" timestamp="2021-01-21 17:30:29" hostname="chaidir.pratama01 - localhost" id="Test Suites/RTD/TS_Partner_Disbursement_SBO">
      <properties>
         <property name="deviceName" value=""/>
         <property name="devicePlatform" value=""/>
         <property name="logFolder" value="/Users/chaidir.pratama01/Katalon Studio/IST_Automation_Git/Reports/20210121_172548/RTD/TS_Partner_Disbursement_SBO/20210121_172549"/>
         <property name="logFiles" value="/Users/chaidir.pratama01/Katalon Studio/IST_Automation_Git/Reports/20210121_172548/RTD/TS_Partner_Disbursement_SBO/20210121_172549/execution0.log"/>
         <property name="attachments" value="/Users/chaidir.pratama01/Documents/Docs/Katalon Studio/Screenshot/test-Partner Disbursement SBO.png, /Users/chaidir.pratama01/Documents/Docs/Katalon Studio/Screenshot/test-Partner Disbursement SBO.png, /Users/chaidir.pratama01/Katalon Studio/IST_Automation_Git/Reports/20210121_172548/RTD/TS_Partner_Disbursement_SBO/20210121_172549/1611225053303.png, /Users/chaidir.pratama01/Documents/Docs/Katalon Studio/Screenshot/test-Partner Disbursement SBO.png, /Users/chaidir.pratama01/Katalon Studio/IST_Automation_Git/Reports/20210121_172548/RTD/TS_Partner_Disbursement_SBO/20210121_172549/1611225069261.png, /Users/chaidir.pratama01/Documents/Docs/Katalon Studio/Screenshot/test-Partner Disbursement SBO.png, /Users/chaidir.pratama01/Katalon Studio/IST_Automation_Git/Reports/20210121_172548/RTD/TS_Partner_Disbursement_SBO/20210121_172549/1611225083412.png, /Users/chaidir.pratama01/Documents/Docs/Katalon Studio/Screenshot/test-Partner Disbursement SBO.png, /Users/chaidir.pratama01/Documents/Docs/Katalon Studio/Screenshot/test-Partner Disbursement SBO.png, /Users/chaidir.pratama01/Katalon Studio/IST_Automation_Git/Reports/20210121_172548/RTD/TS_Partner_Disbursement_SBO/20210121_172549/1611225111400.png, /Users/chaidir.pratama01/Documents/Docs/Katalon Studio/Screenshot/test-Partner Disbursement SBO.png, /Users/chaidir.pratama01/Documents/Docs/Katalon Studio/Screenshot/test-Partner Disbursement SBO.png, /Users/chaidir.pratama01/Katalon Studio/IST_Automation_Git/Reports/20210121_172548/RTD/TS_Partner_Disbursement_SBO/20210121_172549/1611225136638.png, /Users/chaidir.pratama01/Documents/Docs/Katalon Studio/Screenshot/test-Partner Disbursement SBO.png, /Users/chaidir.pratama01/Katalon Studio/IST_Automation_Git/Reports/20210121_172548/RTD/TS_Partner_Disbursement_SBO/20210121_172549/1611225150744.png, /Users/chaidir.pratama01/Documents/Docs/Katalon Studio/Screenshot/test-Partner Disbursement SBO.png, /Users/chaidir.pratama01/Documents/Docs/Katalon Studio/Screenshot/test-Partner Disbursement SBO.png, /Users/chaidir.pratama01/Documents/Docs/Katalon Studio/Screenshot/test-Partner Disbursement SBO.png, /Users/chaidir.pratama01/Katalon Studio/IST_Automation_Git/Reports/20210121_172548/RTD/TS_Partner_Disbursement_SBO/20210121_172549/1611225201287.png, /Users/chaidir.pratama01/Documents/Docs/Katalon Studio/Screenshot/test-Partner Disbursement SBO.png, /Users/chaidir.pratama01/Katalon Studio/IST_Automation_Git/Reports/20210121_172548/RTD/TS_Partner_Disbursement_SBO/20210121_172549/1611225215555.png, /Users/chaidir.pratama01/Documents/Docs/Katalon Studio/Screenshot/test-Partner Disbursement SBO.png, /Users/chaidir.pratama01/Documents/Docs/Katalon Studio/Screenshot/test-Partner Disbursement SBO.png, /Users/chaidir.pratama01/Documents/Docs/Katalon Studio/Screenshot/test-Partner Disbursement SBO.png, /Users/chaidir.pratama01/Katalon Studio/IST_Automation_Git/Reports/20210121_172548/RTD/TS_Partner_Disbursement_SBO/20210121_172549/1611225258512.png, /Users/chaidir.pratama01/Documents/Docs/Katalon Studio/Screenshot/test-Partner Disbursement SBO.png, /Users/chaidir.pratama01/Documents/Docs/Katalon Studio/Screenshot/test-Partner Disbursement SBO.png"/>
         <property name="hostName" value="chaidir.pratama01 - localhost"/>
         <property name="os" value="Mac OS X 64bit"/>
         <property name="katalonVersion" value="7.6.0.${buildNumber}"/>
         <property name="browser" value="Chrome 87.0.4280.141"/>
         <property name="hostAddress" value="127.0.0.1"/>
         <property name="sessionId" value="1219cceafea5b801b217b6ae8c8cad75"/>
         <property name="seleniumVersion" value="3.141.59"/>
         <property name="proxyInformation" value="ProxyInformation { proxyOption=NO_PROXY, proxyServerType=HTTP, username=, password=********, proxyServerAddress=, proxyServerPort=0, executionList=\&quot;\&quot;, isApplyToDesiredCapabilities=true }"/>
         <property name="platform" value="Mac OS X"/>
      </properties>
      <testcase name="Test Cases/RTD/Partner Disbursement SBO/TC_Search_by_STATUS" time="232.752" classname="Test Cases/RTD/Partner Disbursement SBO/TC_Search_by_STATUS" status="PASSED">
         <system-out><![CDATA[2021-01-21 17:30:30 - [TEST_CASE][PASSED] - Test Cases/RTD/Partner Disbursement SBO/TC_Search_by_STATUS: Test Cases/RTD/Partner Disbursement SBO/TC_Search_by_STATUS

2021-01-21 17:30:30 - [TEST_STEP][PASSED] - runFeatureFile("Include/features/IST_Real/RTD/Partner Disbursement SBO/Search_by_STATUS.feature"): Feature file: 'Include/features/IST_Real/RTD/Partner Disbursement SBO/Search_by_STATUS.feature' was passed

2021-01-21 17:30:30 - [MESSAGE][INFO] - Starting run keyword runFeatureFile: 'Include/features/IST_Real/RTD/Partner Disbursement SBO/Search_by_STATUS.feature' and extract report to folder: '/Users/chaidir.pratama01/Katalon Studio/IST_Automation_Git/Reports/20210121_172548/RTD/TS_Partner_Disbursement_SBO/20210121_172549/cucumber_report/1611225030305'...

2021-01-21 17:30:30 - [TEST_CASE][PASSED] - Start Test Case : SCENARIO Search by STATUS Eligible to Disburse: SCENARIO Search by STATUS Eligible to Disburse

2021-01-21 17:30:30 - [TEST_STEP][PASSED] - Go to ISTools: Go to ISTools

2021-01-21 17:30:31 - [MESSAGE][INFO] - Starting 'Chrome (headless)' driver

2021-01-21 17:30:31 - [MESSAGE][INFO] - User set preference: ['args', '[--start-maximized, --disable-gpu, --no-proxy-server, â€“-no-sandbox, --allow-running-insecure-content, --ignore-certificate-errors, window-size=1680,814, force-device-scale-factor=2, --lang=en-GB]']

2021-01-21 17:30:31 - [MESSAGE][INFO] - User set preference: ['prefs', '{download.default_directory=/Users/chaidir.pratama01/Katalon Studio/IST_Automation_Git/Download}']

2021-01-21 17:30:31 - [MESSAGE][INFO] - Action delay is set to 0 milliseconds

2021-01-21 17:30:31 - [MESSAGE][PASSED] - Browser is opened with url: ''

2021-01-21 17:30:33 - [MESSAGE][PASSED] - Navigate to 'https://dev-istools.homecredit.id/foundation/' successfully

2021-01-21 17:30:33 - [MESSAGE][PASSED] - Go to ISTools

2021-01-21 17:30:33 - [TEST_STEP][PASSED] - Login IST with valid credentials: Login IST with valid credentials

2021-01-21 17:30:33 - [MESSAGE][PASSED] - Text 'mobile.test' is set on object 'Object Repository/Page_/input_Username_j_username'

2021-01-21 17:30:34 - [MESSAGE][PASSED] - Text ****** has been set on object 'Object Repository/Page_/input_Password_j_password'

2021-01-21 17:30:34 - [MESSAGE][PASSED] - Object: 'Object Repository/Page_/button_Login' is clicked on

2021-01-21 17:30:34 - [MESSAGE][PASSED] - Login IST with valid credentials

2021-01-21 17:30:34 - [TEST_STEP][PASSED] - Login Success: Login Success

2021-01-21 17:30:34 - [MESSAGE][INFO] - Login Success

2021-01-21 17:30:34 - [MESSAGE][PASSED] - Current window maximized

2021-01-21 17:30:34 - [MESSAGE][PASSED] - Object 'Object Repository/Page_/h1_Welcome to IT Supporting Tools' is present

2021-01-21 17:30:34 - [MESSAGE][PASSED] - Login Success

2021-01-21 17:30:34 - [TEST_STEP][PASSED] - Select Arrow Menu "Real Time Disbursement": Select Arrow Menu "Real Time Disbursement"

2021-01-21 17:30:34 - [MESSAGE][PASSED] - Object: '' is clicked on

2021-01-21 17:30:34 - [MESSAGE][PASSED] - Select Arrow Menu "Real Time Disbursement"

2021-01-21 17:30:34 - [TEST_STEP][PASSED] - Select Menu "Partner Disbursement SBO": Select Menu "Partner Disbursement SBO"

2021-01-21 17:30:35 - [MESSAGE][PASSED] - Taking screenshot successfully
[[ATTACHMENT|/Users/chaidir.pratama01/Documents/Docs/Katalon Studio/Screenshot/test-Partner Disbursement SBO.png]]

2021-01-21 17:30:35 - [MESSAGE][PASSED] - Object '' is present

2021-01-21 17:30:35 - [MESSAGE][PASSED] - Object: '' is clicked on

2021-01-21 17:30:35 - [MESSAGE][PASSED] - Wait for page load successfully

2021-01-21 17:30:35 - [MESSAGE][PASSED] - Select Menu "Partner Disbursement SBO"

2021-01-21 17:30:35 - [TEST_STEP][PASSED] - Select STATUS "Eligible to disburse": Select STATUS "Eligible to disburse"

2021-01-21 17:30:35 - [MESSAGE][PASSED] - All options with value 'Eligible to disburse' are selected in object ''  using regular expression

2021-01-21 17:30:35 - [MESSAGE][PASSED] - Select STATUS "Eligible to disburse"

2021-01-21 17:30:35 - [TEST_STEP][PASSED] - Click button "Search": Click button "Search"

2021-01-21 17:30:35 - [MESSAGE][INFO] - >>>>>//Button[contains(text(),'Search')]

2021-01-21 17:30:38 - [MESSAGE][PASSED] - Object '' is present

2021-01-21 17:30:38 - [MESSAGE][PASSED] - Object: '' is clicked on

2021-01-21 17:30:38 - [MESSAGE][PASSED] - Switched to window with index: '0'

2021-01-21 17:30:38 - [MESSAGE][PASSED] - Click button "Search"

2021-01-21 17:30:38 - [TEST_STEP][PASSED] - Verify Search Result Presents: Verify Search Result Presents

2021-01-21 17:30:38 - [MESSAGE][PASSED] - Object '' is present

2021-01-21 17:30:39 - [MESSAGE][PASSED] - Verify Search Result Presents

2021-01-21 17:30:39 - [TEST_STEP][PASSED] - Click button "Logout": Click button "Logout"

2021-01-21 17:30:39 - [MESSAGE][INFO] - >>>>>//Button[contains(text(),'Logout')]

2021-01-21 17:30:42 - [MESSAGE][PASSED] - Object '' is present

2021-01-21 17:30:42 - [MESSAGE][PASSED] - Object: '' is clicked on

2021-01-21 17:30:42 - [MESSAGE][PASSED] - Switched to window with index: '0'

2021-01-21 17:30:42 - [MESSAGE][PASSED] - Click button "Logout"

2021-01-21 17:30:42 - [TEST_STEP][PASSED] - Close browser: Close browser

2021-01-21 17:30:43 - [MESSAGE][PASSED] - Browser is closed

2021-01-21 17:30:43 - [MESSAGE][PASSED] - Close browser

2021-01-21 17:30:43 - [TEST_CASE][PASSED] - Start Test Case : SCENARIO Search by STATUS Waiting validation from Risk: SCENARIO Search by STATUS Waiting validation from Risk

2021-01-21 17:30:43 - [TEST_STEP][PASSED] - Go to ISTools: Go to ISTools

2021-01-21 17:30:43 - [MESSAGE][INFO] - Starting 'Chrome (headless)' driver

2021-01-21 17:30:43 - [MESSAGE][INFO] - User set preference: ['args', '[--start-maximized, --disable-gpu, --no-proxy-server, â€“-no-sandbox, --allow-running-insecure-content, --ignore-certificate-errors, window-size=1680,814, force-device-scale-factor=2, --lang=en-GB]']

2021-01-21 17:30:43 - [MESSAGE][INFO] - User set preference: ['prefs', '{download.default_directory=/Users/chaidir.pratama01/Katalon Studio/IST_Automation_Git/Download}']

2021-01-21 17:30:43 - [MESSAGE][INFO] - Action delay is set to 0 milliseconds

2021-01-21 17:30:43 - [MESSAGE][PASSED] - Browser is opened with url: ''

2021-01-21 17:30:44 - [MESSAGE][PASSED] - Navigate to 'https://dev-istools.homecredit.id/foundation/' successfully

2021-01-21 17:30:44 - [MESSAGE][PASSED] - Go to ISTools

2021-01-21 17:30:44 - [TEST_STEP][PASSED] - Login IST with valid credentials: Login IST with valid credentials

2021-01-21 17:30:44 - [MESSAGE][PASSED] - Text 'mobile.test' is set on object 'Object Repository/Page_/input_Username_j_username'

2021-01-21 17:30:44 - [MESSAGE][PASSED] - Text ****** has been set on object 'Object Repository/Page_/input_Password_j_password'

2021-01-21 17:30:44 - [MESSAGE][PASSED] - Object: 'Object Repository/Page_/button_Login' is clicked on

2021-01-21 17:30:44 - [MESSAGE][PASSED] - Login IST with valid credentials

2021-01-21 17:30:44 - [TEST_STEP][PASSED] - Login Success: Login Success

2021-01-21 17:30:44 - [MESSAGE][INFO] - Login Success

2021-01-21 17:30:45 - [MESSAGE][PASSED] - Current window maximized

2021-01-21 17:30:45 - [MESSAGE][PASSED] - Object 'Object Repository/Page_/h1_Welcome to IT Supporting Tools' is present

2021-01-21 17:30:45 - [MESSAGE][PASSED] - Login Success

2021-01-21 17:30:45 - [TEST_STEP][PASSED] - Select Arrow Menu "Real Time Disbursement": Select Arrow Menu "Real Time Disbursement"

2021-01-21 17:30:45 - [MESSAGE][PASSED] - Object: '' is clicked on

2021-01-21 17:30:45 - [MESSAGE][PASSED] - Select Arrow Menu "Real Time Disbursement"

2021-01-21 17:30:45 - [TEST_STEP][PASSED] - Select Menu "Partner Disbursement SBO": Select Menu "Partner Disbursement SBO"

2021-01-21 17:30:45 - [MESSAGE][PASSED] - Taking screenshot successfully
[[ATTACHMENT|/Users/chaidir.pratama01/Documents/Docs/Katalon Studio/Screenshot/test-Partner Disbursement SBO.png]]

2021-01-21 17:30:45 - [MESSAGE][PASSED] - Object '' is present

2021-01-21 17:30:45 - [MESSAGE][PASSED] - Object: '' is clicked on

2021-01-21 17:30:45 - [MESSAGE][PASSED] - Wait for page load successfully

2021-01-21 17:30:45 - [MESSAGE][PASSED] - Select Menu "Partner Disbursement SBO"

2021-01-21 17:30:45 - [TEST_STEP][PASSED] - Select STATUS "Waiting validation from Risk": Select STATUS "Waiting validation from Risk"

2021-01-21 17:30:46 - [MESSAGE][PASSED] - All options with value 'Waiting validation from Risk' are selected in object ''  using regular expression

2021-01-21 17:30:46 - [MESSAGE][PASSED] - Select STATUS "Waiting validation from Risk"

2021-01-21 17:30:46 - [TEST_STEP][PASSED] - Click button "Search": Click button "Search"

2021-01-21 17:30:46 - [MESSAGE][INFO] - >>>>>//Button[contains(text(),'Search')]

2021-01-21 17:30:49 - [MESSAGE][PASSED] - Object '' is present

2021-01-21 17:30:49 - [MESSAGE][PASSED] - Object: '' is clicked on

2021-01-21 17:30:49 - [MESSAGE][PASSED] - Switched to window with index: '0'

2021-01-21 17:30:49 - [MESSAGE][PASSED] - Click button "Search"

2021-01-21 17:30:49 - [TEST_STEP][PASSED] - Verify Search Result Presents: Verify Search Result Presents

2021-01-21 17:30:53 - [MESSAGE][INFO] - Unable to find the element located by 'By.xpath: //td[@style='display:none' and contains(text(),'-Empty-')]'. Please recheck the objects properties to make sure the desired element is located. 

2021-01-21 17:30:53 - [MESSAGE][WARNING] - com.kms.katalon.core.webui.exception.WebElementNotFoundException: Web element with id: '' located by '//td[@style='display:none' and contains(text(),'-Empty-')]' not found (Root cause: com.kms.katalon.core.exception.StepFailedException: com.kms.katalon.core.webui.exception.WebElementNotFoundException: Web element with id: '' located by '//td[@style='display:none' and contains(text(),'-Empty-')]' not found
	at com.kms.katalon.core.webui.keyword.internal.WebUIKeywordMain.stepFailed(WebUIKeywordMain.groovy:64)
	at com.kms.katalon.core.webui.keyword.builtin.VerifyElementPresentKeyword$_verifyElementPresent_closure1.doCall(VerifyElementPresentKeyword.groovy:85)
	at com.kms.katalon.core.webui.keyword.builtin.VerifyElementPresentKeyword$_verifyElementPresent_closure1.call(VerifyElementPresentKeyword.groovy)
	at com.kms.katalon.core.webui.keyword.internal.WebUIKeywordMain.runKeyword(WebUIKeywordMain.groovy:20)
	at com.kms.katalon.core.webui.keyword.builtin.VerifyElementPresentKeyword.verifyElementPresent(VerifyElementPresentKeyword.groovy:92)
	at com.kms.katalon.core.webui.keyword.builtin.VerifyElementPresentKeyword.execute(VerifyElementPresentKeyword.groovy:68)
	at com.kms.katalon.core.keyword.internal.KeywordExecutor.executeKeywordForPlatform(KeywordExecutor.groovy:73)
	at com.kms.katalon.core.webui.keyword.WebUiBuiltInKeywords.verifyElementPresent(WebUiBuiltInKeywords.groovy:1444)
	at com.kms.katalon.core.webui.keyword.WebUiBuiltInKeywords$verifyElementPresent$11.call(Unknown Source)
	at ist_real.Contract_Dispatcher.VerifyTblFilled(Contract_Dispatcher.groovy:1313)
	at ist_real.Contract_Dispatcher$VerifyTblFilled$0.call(Unknown Source)
	at RTD.Search_Result_Presents(RTD.groovy:191)
	at cucumber.runtime.Utils$1.call(Utils.java:26)
	at cucumber.runtime.Timeout.timeout(Timeout.java:16)
	at cucumber.runtime.Utils.invoke(Utils.java:20)
	at cucumber.runtime.java.JavaStepDefinition.execute(JavaStepDefinition.java:48)
	at cucumber.runtime.PickleStepDefinitionMatch.runStep(PickleStepDefinitionMatch.java:50)
	at cucumber.runner.TestStep.executeStep(TestStep.java:55)
	at cucumber.runner.TestStep.run(TestStep.java:42)
	at cucumber.runner.PickleStepTestStep.run(PickleStepTestStep.java:53)
	at cucumber.runner.TestCase.run(TestCase.java:47)
	at cucumber.runner.Runner.runPickle(Runner.java:44)
	at cucumber.runtime.Runtime.runFeature(Runtime.java:120)
	at cucumber.runtime.Runtime.run(Runtime.java:106)
	at cucumber.api.cli.Main.run(Main.java:35)
	at cucumber.api.cli.Main$run.call(Unknown Source)
	at com.kms.katalon.core.cucumber.keyword.CucumberBuiltinKeywords$_runFeatureFile_closure1.doCall(CucumberBuiltinKeywords.groovy:76)
	at com.kms.katalon.core.cucumber.keyword.CucumberBuiltinKeywords$_runFeatureFile_closure1.doCall(CucumberBuiltinKeywords.groovy)
	at com.kms.katalon.core.keyword.internal.KeywordMain.runKeyword(KeywordMain.groovy:68)
	at com.kms.katalon.core.keyword.internal.KeywordMain$runKeyword.call(Unknown Source)
	at com.kms.katalon.core.cucumber.keyword.CucumberBuiltinKeywords.runFeatureFile(CucumberBuiltinKeywords.groovy:46)
	at com.kms.katalon.core.cucumber.keyword.CucumberBuiltinKeywords$runFeatureFile$0.callStatic(Unknown Source)
	at com.kms.katalon.core.cucumber.keyword.CucumberBuiltinKeywords.runFeatureFile(CucumberBuiltinKeywords.groovy:169)
	at com.kms.katalon.core.cucumber.keyword.CucumberBuiltinKeywords$runFeatureFile.call(Unknown Source)
	at TC_Search_by_STATUS.run(TC_Search_by_STATUS:18)
	at com.kms.katalon.core.main.ScriptEngine.run(ScriptEngine.java:194)
	at com.kms.katalon.core.main.ScriptEngine.runScriptAsRawText(ScriptEngine.java:119)
	at com.kms.katalon.core.main.TestCaseExecutor.runScript(TestCaseExecutor.java:339)
	at com.kms.katalon.core.main.TestCaseExecutor.doExecute(TestCaseExecutor.java:330)
	at com.kms.katalon.core.main.TestCaseExecutor.processExecutionPhase(TestCaseExecutor.java:309)
	at com.kms.katalon.core.main.TestCaseExecutor.accessMainPhase(TestCaseExecutor.java:301)
	at com.kms.katalon.core.main.TestCaseExecutor.execute(TestCaseExecutor.java:235)
	at com.kms.katalon.core.main.TestSuiteExecutor.accessTestCaseMainPhase(TestSuiteExecutor.java:191)
	at com.kms.katalon.core.main.TestSuiteExecutor.accessTestSuiteMainPhase(TestSuiteExecutor.java:141)
	at com.kms.katalon.core.main.TestSuiteExecutor.execute(TestSuiteExecutor.java:90)
	at com.kms.katalon.core.main.TestCaseMain.startTestSuite(TestCaseMain.java:157)
	at com.kms.katalon.core.main.TestCaseMain$startTestSuite$0.call(Unknown Source)
	at TempTestSuite1611224749411.run(TempTestSuite1611224749411.groovy:39)
)
[[ATTACHMENT|/Users/chaidir.pratama01/Katalon Studio/IST_Automation_Git/Reports/20210121_172548/RTD/TS_Partner_Disbursement_SBO/20210121_172549/1611225053303.png]]

2021-01-21 17:30:54 - [MESSAGE][PASSED] - Verify Search Result Presents

2021-01-21 17:30:54 - [TEST_STEP][PASSED] - Click button "Logout": Click button "Logout"

2021-01-21 17:30:54 - [MESSAGE][INFO] - >>>>>//Button[contains(text(),'Logout')]

2021-01-21 17:30:57 - [MESSAGE][PASSED] - Object '' is present

2021-01-21 17:30:57 - [MESSAGE][PASSED] - Object: '' is clicked on

2021-01-21 17:30:57 - [MESSAGE][PASSED] - Switched to window with index: '0'

2021-01-21 17:30:57 - [MESSAGE][PASSED] - Click button "Logout"

2021-01-21 17:30:57 - [TEST_STEP][PASSED] - Close browser: Close browser

2021-01-21 17:30:57 - [MESSAGE][PASSED] - Browser is closed

2021-01-21 17:30:57 - [MESSAGE][PASSED] - Close browser

2021-01-21 17:30:57 - [TEST_CASE][PASSED] - Start Test Case : SCENARIO Search by STATUS Waiting validation from In Payment: SCENARIO Search by STATUS Waiting validation from In Payment

2021-01-21 17:30:57 - [TEST_STEP][PASSED] - Go to ISTools: Go to ISTools

2021-01-21 17:30:57 - [MESSAGE][INFO] - Starting 'Chrome (headless)' driver

2021-01-21 17:30:57 - [MESSAGE][INFO] - User set preference: ['args', '[--start-maximized, --disable-gpu, --no-proxy-server, â€“-no-sandbox, --allow-running-insecure-content, --ignore-certificate-errors, window-size=1680,814, force-device-scale-factor=2, --lang=en-GB]']

2021-01-21 17:30:57 - [MESSAGE][INFO] - User set preference: ['prefs', '{download.default_directory=/Users/chaidir.pratama01/Katalon Studio/IST_Automation_Git/Download}']

2021-01-21 17:30:57 - [MESSAGE][INFO] - Action delay is set to 0 milliseconds

2021-01-21 17:30:57 - [MESSAGE][PASSED] - Browser is opened with url: ''

2021-01-21 17:30:59 - [MESSAGE][PASSED] - Navigate to 'https://dev-istools.homecredit.id/foundation/' successfully

2021-01-21 17:30:59 - [MESSAGE][PASSED] - Go to ISTools

2021-01-21 17:30:59 - [TEST_STEP][PASSED] - Login IST with valid credentials: Login IST with valid credentials

2021-01-21 17:31:00 - [MESSAGE][PASSED] - Text 'mobile.test' is set on object 'Object Repository/Page_/input_Username_j_username'

2021-01-21 17:31:00 - [MESSAGE][PASSED] - Text ****** has been set on object 'Object Repository/Page_/input_Password_j_password'

2021-01-21 17:31:00 - [MESSAGE][PASSED] - Object: 'Object Repository/Page_/button_Login' is clicked on

2021-01-21 17:31:00 - [MESSAGE][PASSED] - Login IST with valid credentials

2021-01-21 17:31:00 - [TEST_STEP][PASSED] - Login Success: Login Success

2021-01-21 17:31:00 - [MESSAGE][INFO] - Login Success

2021-01-21 17:31:00 - [MESSAGE][PASSED] - Current window maximized

2021-01-21 17:31:00 - [MESSAGE][PASSED] - Object 'Object Repository/Page_/h1_Welcome to IT Supporting Tools' is present

2021-01-21 17:31:00 - [MESSAGE][PASSED] - Login Success

2021-01-21 17:31:01 - [TEST_STEP][PASSED] - Select Arrow Menu "Real Time Disbursement": Select Arrow Menu "Real Time Disbursement"

2021-01-21 17:31:01 - [MESSAGE][PASSED] - Object: '' is clicked on

2021-01-21 17:31:01 - [MESSAGE][PASSED] - Select Arrow Menu "Real Time Disbursement"

2021-01-21 17:31:01 - [TEST_STEP][PASSED] - Select Menu "Partner Disbursement SBO": Select Menu "Partner Disbursement SBO"

2021-01-21 17:31:01 - [MESSAGE][PASSED] - Taking screenshot successfully
[[ATTACHMENT|/Users/chaidir.pratama01/Documents/Docs/Katalon Studio/Screenshot/test-Partner Disbursement SBO.png]]

2021-01-21 17:31:01 - [MESSAGE][PASSED] - Object '' is present

2021-01-21 17:31:01 - [MESSAGE][PASSED] - Object: '' is clicked on

2021-01-21 17:31:01 - [MESSAGE][PASSED] - Wait for page load successfully

2021-01-21 17:31:01 - [MESSAGE][PASSED] - Select Menu "Partner Disbursement SBO"

2021-01-21 17:31:01 - [TEST_STEP][PASSED] - Select STATUS "Waiting validation from In Payment": Select STATUS "Waiting validation from In Payment"

2021-01-21 17:31:02 - [MESSAGE][PASSED] - All options with value 'Waiting validation from In Payment' are selected in object ''  using regular expression

2021-01-21 17:31:02 - [MESSAGE][PASSED] - Select STATUS "Waiting validation from In Payment"

2021-01-21 17:31:02 - [TEST_STEP][PASSED] - Click button "Search": Click button "Search"

2021-01-21 17:31:02 - [MESSAGE][INFO] - >>>>>//Button[contains(text(),'Search')]

2021-01-21 17:31:05 - [MESSAGE][PASSED] - Object '' is present

2021-01-21 17:31:05 - [MESSAGE][PASSED] - Object: '' is clicked on

2021-01-21 17:31:05 - [MESSAGE][PASSED] - Switched to window with index: '0'

2021-01-21 17:31:05 - [MESSAGE][PASSED] - Click button "Search"

2021-01-21 17:31:05 - [TEST_STEP][PASSED] - Verify Search Result Presents: Verify Search Result Presents

2021-01-21 17:31:09 - [MESSAGE][INFO] - Unable to find the element located by 'By.xpath: //td[@style='display:none' and contains(text(),'-Empty-')]'. Please recheck the objects properties to make sure the desired element is located. 

2021-01-21 17:31:09 - [MESSAGE][WARNING] - com.kms.katalon.core.webui.exception.WebElementNotFoundException: Web element with id: '' located by '//td[@style='display:none' and contains(text(),'-Empty-')]' not found (Root cause: com.kms.katalon.core.exception.StepFailedException: com.kms.katalon.core.webui.exception.WebElementNotFoundException: Web element with id: '' located by '//td[@style='display:none' and contains(text(),'-Empty-')]' not found
	at com.kms.katalon.core.webui.keyword.internal.WebUIKeywordMain.stepFailed(WebUIKeywordMain.groovy:64)
	at com.kms.katalon.core.webui.keyword.builtin.VerifyElementPresentKeyword$_verifyElementPresent_closure1.doCall(VerifyElementPresentKeyword.groovy:85)
	at com.kms.katalon.core.webui.keyword.builtin.VerifyElementPresentKeyword$_verifyElementPresent_closure1.call(VerifyElementPresentKeyword.groovy)
	at com.kms.katalon.core.webui.keyword.internal.WebUIKeywordMain.runKeyword(WebUIKeywordMain.groovy:20)
	at com.kms.katalon.core.webui.keyword.builtin.VerifyElementPresentKeyword.verifyElementPresent(VerifyElementPresentKeyword.groovy:92)
	at com.kms.katalon.core.webui.keyword.builtin.VerifyElementPresentKeyword.execute(VerifyElementPresentKeyword.groovy:68)
	at com.kms.katalon.core.keyword.internal.KeywordExecutor.executeKeywordForPlatform(KeywordExecutor.groovy:73)
	at com.kms.katalon.core.webui.keyword.WebUiBuiltInKeywords.verifyElementPresent(WebUiBuiltInKeywords.groovy:1444)
	at com.kms.katalon.core.webui.keyword.WebUiBuiltInKeywords$verifyElementPresent$11.call(Unknown Source)
	at ist_real.Contract_Dispatcher.VerifyTblFilled(Contract_Dispatcher.groovy:1313)
	at ist_real.Contract_Dispatcher$VerifyTblFilled$0.call(Unknown Source)
	at RTD.Search_Result_Presents(RTD.groovy:191)
	at cucumber.runtime.Utils$1.call(Utils.java:26)
	at cucumber.runtime.Timeout.timeout(Timeout.java:16)
	at cucumber.runtime.Utils.invoke(Utils.java:20)
	at cucumber.runtime.java.JavaStepDefinition.execute(JavaStepDefinition.java:48)
	at cucumber.runtime.PickleStepDefinitionMatch.runStep(PickleStepDefinitionMatch.java:50)
	at cucumber.runner.TestStep.executeStep(TestStep.java:55)
	at cucumber.runner.TestStep.run(TestStep.java:42)
	at cucumber.runner.PickleStepTestStep.run(PickleStepTestStep.java:53)
	at cucumber.runner.TestCase.run(TestCase.java:47)
	at cucumber.runner.Runner.runPickle(Runner.java:44)
	at cucumber.runtime.Runtime.runFeature(Runtime.java:120)
	at cucumber.runtime.Runtime.run(Runtime.java:106)
	at cucumber.api.cli.Main.run(Main.java:35)
	at cucumber.api.cli.Main$run.call(Unknown Source)
	at com.kms.katalon.core.cucumber.keyword.CucumberBuiltinKeywords$_runFeatureFile_closure1.doCall(CucumberBuiltinKeywords.groovy:76)
	at com.kms.katalon.core.cucumber.keyword.CucumberBuiltinKeywords$_runFeatureFile_closure1.doCall(CucumberBuiltinKeywords.groovy)
	at com.kms.katalon.core.keyword.internal.KeywordMain.runKeyword(KeywordMain.groovy:68)
	at com.kms.katalon.core.keyword.internal.KeywordMain$runKeyword.call(Unknown Source)
	at com.kms.katalon.core.cucumber.keyword.CucumberBuiltinKeywords.runFeatureFile(CucumberBuiltinKeywords.groovy:46)
	at com.kms.katalon.core.cucumber.keyword.CucumberBuiltinKeywords$runFeatureFile$0.callStatic(Unknown Source)
	at com.kms.katalon.core.cucumber.keyword.CucumberBuiltinKeywords.runFeatureFile(CucumberBuiltinKeywords.groovy:169)
	at com.kms.katalon.core.cucumber.keyword.CucumberBuiltinKeywords$runFeatureFile.call(Unknown Source)
	at TC_Search_by_STATUS.run(TC_Search_by_STATUS:18)
	at com.kms.katalon.core.main.ScriptEngine.run(ScriptEngine.java:194)
	at com.kms.katalon.core.main.ScriptEngine.runScriptAsRawText(ScriptEngine.java:119)
	at com.kms.katalon.core.main.TestCaseExecutor.runScript(TestCaseExecutor.java:339)
	at com.kms.katalon.core.main.TestCaseExecutor.doExecute(TestCaseExecutor.java:330)
	at com.kms.katalon.core.main.TestCaseExecutor.processExecutionPhase(TestCaseExecutor.java:309)
	at com.kms.katalon.core.main.TestCaseExecutor.accessMainPhase(TestCaseExecutor.java:301)
	at com.kms.katalon.core.main.TestCaseExecutor.execute(TestCaseExecutor.java:235)
	at com.kms.katalon.core.main.TestSuiteExecutor.accessTestCaseMainPhase(TestSuiteExecutor.java:191)
	at com.kms.katalon.core.main.TestSuiteExecutor.accessTestSuiteMainPhase(TestSuiteExecutor.java:141)
	at com.kms.katalon.core.main.TestSuiteExecutor.execute(TestSuiteExecutor.java:90)
	at com.kms.katalon.core.main.TestCaseMain.startTestSuite(TestCaseMain.java:157)
	at com.kms.katalon.core.main.TestCaseMain$startTestSuite$0.call(Unknown Source)
	at TempTestSuite1611224749411.run(TempTestSuite1611224749411.groovy:39)
)
[[ATTACHMENT|/Users/chaidir.pratama01/Katalon Studio/IST_Automation_Git/Reports/20210121_172548/RTD/TS_Partner_Disbursement_SBO/20210121_172549/1611225069261.png]]

2021-01-21 17:31:10 - [MESSAGE][PASSED] - Verify Search Result Presents

2021-01-21 17:31:10 - [TEST_STEP][PASSED] - Click button "Logout": Click button "Logout"

2021-01-21 17:31:10 - [MESSAGE][INFO] - >>>>>//Button[contains(text(),'Logout')]

2021-01-21 17:31:13 - [MESSAGE][PASSED] - Object '' is present

2021-01-21 17:31:13 - [MESSAGE][PASSED] - Object: '' is clicked on

2021-01-21 17:31:13 - [MESSAGE][PASSED] - Switched to window with index: '0'

2021-01-21 17:31:13 - [MESSAGE][PASSED] - Click button "Logout"

2021-01-21 17:31:13 - [TEST_STEP][PASSED] - Close browser: Close browser

2021-01-21 17:31:13 - [MESSAGE][PASSED] - Browser is closed

2021-01-21 17:31:13 - [MESSAGE][PASSED] - Close browser

2021-01-21 17:31:13 - [TEST_CASE][PASSED] - Start Test Case : SCENARIO Search by STATUS Not Eligible to Disburse: SCENARIO Search by STATUS Not Eligible to Disburse

2021-01-21 17:31:13 - [TEST_STEP][PASSED] - Go to ISTools: Go to ISTools

2021-01-21 17:31:13 - [MESSAGE][INFO] - Starting 'Chrome (headless)' driver

2021-01-21 17:31:13 - [MESSAGE][INFO] - User set preference: ['args', '[--start-maximized, --disable-gpu, --no-proxy-server, â€“-no-sandbox, --allow-running-insecure-content, --ignore-certificate-errors, window-size=1680,814, force-device-scale-factor=2, --lang=en-GB]']

2021-01-21 17:31:13 - [MESSAGE][INFO] - User set preference: ['prefs', '{download.default_directory=/Users/chaidir.pratama01/Katalon Studio/IST_Automation_Git/Download}']

2021-01-21 17:31:13 - [MESSAGE][INFO] - Action delay is set to 0 milliseconds

2021-01-21 17:31:13 - [MESSAGE][PASSED] - Browser is opened with url: ''

2021-01-21 17:31:14 - [MESSAGE][PASSED] - Navigate to 'https://dev-istools.homecredit.id/foundation/' successfully

2021-01-21 17:31:14 - [MESSAGE][PASSED] - Go to ISTools

2021-01-21 17:31:14 - [TEST_STEP][PASSED] - Login IST with valid credentials: Login IST with valid credentials

2021-01-21 17:31:14 - [MESSAGE][PASSED] - Text 'mobile.test' is set on object 'Object Repository/Page_/input_Username_j_username'

2021-01-21 17:31:14 - [MESSAGE][PASSED] - Text ****** has been set on object 'Object Repository/Page_/input_Password_j_password'

2021-01-21 17:31:15 - [MESSAGE][PASSED] - Object: 'Object Repository/Page_/button_Login' is clicked on

2021-01-21 17:31:15 - [MESSAGE][PASSED] - Login IST with valid credentials

2021-01-21 17:31:15 - [TEST_STEP][PASSED] - Login Success: Login Success

2021-01-21 17:31:15 - [MESSAGE][INFO] - Login Success

2021-01-21 17:31:15 - [MESSAGE][PASSED] - Current window maximized

2021-01-21 17:31:15 - [MESSAGE][PASSED] - Object 'Object Repository/Page_/h1_Welcome to IT Supporting Tools' is present

2021-01-21 17:31:15 - [MESSAGE][PASSED] - Login Success

2021-01-21 17:31:15 - [TEST_STEP][PASSED] - Select Arrow Menu "Real Time Disbursement": Select Arrow Menu "Real Time Disbursement"

2021-01-21 17:31:15 - [MESSAGE][PASSED] - Object: '' is clicked on

2021-01-21 17:31:15 - [MESSAGE][PASSED] - Select Arrow Menu "Real Time Disbursement"

2021-01-21 17:31:15 - [TEST_STEP][PASSED] - Select Menu "Partner Disbursement SBO": Select Menu "Partner Disbursement SBO"

2021-01-21 17:31:15 - [MESSAGE][PASSED] - Taking screenshot successfully
[[ATTACHMENT|/Users/chaidir.pratama01/Documents/Docs/Katalon Studio/Screenshot/test-Partner Disbursement SBO.png]]

2021-01-21 17:31:15 - [MESSAGE][PASSED] - Object '' is present

2021-01-21 17:31:15 - [MESSAGE][PASSED] - Object: '' is clicked on

2021-01-21 17:31:15 - [MESSAGE][PASSED] - Wait for page load successfully

2021-01-21 17:31:15 - [MESSAGE][PASSED] - Select Menu "Partner Disbursement SBO"

2021-01-21 17:31:15 - [TEST_STEP][PASSED] - Select STATUS "Not eligible to disburse": Select STATUS "Not eligible to disburse"

2021-01-21 17:31:16 - [MESSAGE][PASSED] - All options with value 'Not eligible to disburse' are selected in object ''  using regular expression

2021-01-21 17:31:16 - [MESSAGE][PASSED] - Select STATUS "Not eligible to disburse"

2021-01-21 17:31:16 - [TEST_STEP][PASSED] - Click button "Search": Click button "Search"

2021-01-21 17:31:16 - [MESSAGE][INFO] - >>>>>//Button[contains(text(),'Search')]

2021-01-21 17:31:19 - [MESSAGE][PASSED] - Object '' is present

2021-01-21 17:31:19 - [MESSAGE][PASSED] - Object: '' is clicked on

2021-01-21 17:31:19 - [MESSAGE][PASSED] - Switched to window with index: '0'

2021-01-21 17:31:19 - [MESSAGE][PASSED] - Click button "Search"

2021-01-21 17:31:19 - [TEST_STEP][PASSED] - Verify Search Result Presents: Verify Search Result Presents

2021-01-21 17:31:23 - [MESSAGE][INFO] - Unable to find the element located by 'By.xpath: //td[@style='display:none' and contains(text(),'-Empty-')]'. Please recheck the objects properties to make sure the desired element is located. 

2021-01-21 17:31:23 - [MESSAGE][WARNING] - com.kms.katalon.core.webui.exception.WebElementNotFoundException: Web element with id: '' located by '//td[@style='display:none' and contains(text(),'-Empty-')]' not found (Root cause: com.kms.katalon.core.exception.StepFailedException: com.kms.katalon.core.webui.exception.WebElementNotFoundException: Web element with id: '' located by '//td[@style='display:none' and contains(text(),'-Empty-')]' not found
	at com.kms.katalon.core.webui.keyword.internal.WebUIKeywordMain.stepFailed(WebUIKeywordMain.groovy:64)
	at com.kms.katalon.core.webui.keyword.builtin.VerifyElementPresentKeyword$_verifyElementPresent_closure1.doCall(VerifyElementPresentKeyword.groovy:85)
	at com.kms.katalon.core.webui.keyword.builtin.VerifyElementPresentKeyword$_verifyElementPresent_closure1.call(VerifyElementPresentKeyword.groovy)
	at com.kms.katalon.core.webui.keyword.internal.WebUIKeywordMain.runKeyword(WebUIKeywordMain.groovy:20)
	at com.kms.katalon.core.webui.keyword.builtin.VerifyElementPresentKeyword.verifyElementPresent(VerifyElementPresentKeyword.groovy:92)
	at com.kms.katalon.core.webui.keyword.builtin.VerifyElementPresentKeyword.execute(VerifyElementPresentKeyword.groovy:68)
	at com.kms.katalon.core.keyword.internal.KeywordExecutor.executeKeywordForPlatform(KeywordExecutor.groovy:73)
	at com.kms.katalon.core.webui.keyword.WebUiBuiltInKeywords.verifyElementPresent(WebUiBuiltInKeywords.groovy:1444)
	at com.kms.katalon.core.webui.keyword.WebUiBuiltInKeywords$verifyElementPresent$11.call(Unknown Source)
	at ist_real.Contract_Dispatcher.VerifyTblFilled(Contract_Dispatcher.groovy:1313)
	at ist_real.Contract_Dispatcher$VerifyTblFilled$0.call(Unknown Source)
	at RTD.Search_Result_Presents(RTD.groovy:191)
	at cucumber.runtime.Utils$1.call(Utils.java:26)
	at cucumber.runtime.Timeout.timeout(Timeout.java:16)
	at cucumber.runtime.Utils.invoke(Utils.java:20)
	at cucumber.runtime.java.JavaStepDefinition.execute(JavaStepDefinition.java:48)
	at cucumber.runtime.PickleStepDefinitionMatch.runStep(PickleStepDefinitionMatch.java:50)
	at cucumber.runner.TestStep.executeStep(TestStep.java:55)
	at cucumber.runner.TestStep.run(TestStep.java:42)
	at cucumber.runner.PickleStepTestStep.run(PickleStepTestStep.java:53)
	at cucumber.runner.TestCase.run(TestCase.java:47)
	at cucumber.runner.Runner.runPickle(Runner.java:44)
	at cucumber.runtime.Runtime.runFeature(Runtime.java:120)
	at cucumber.runtime.Runtime.run(Runtime.java:106)
	at cucumber.api.cli.Main.run(Main.java:35)
	at cucumber.api.cli.Main$run.call(Unknown Source)
	at com.kms.katalon.core.cucumber.keyword.CucumberBuiltinKeywords$_runFeatureFile_closure1.doCall(CucumberBuiltinKeywords.groovy:76)
	at com.kms.katalon.core.cucumber.keyword.CucumberBuiltinKeywords$_runFeatureFile_closure1.doCall(CucumberBuiltinKeywords.groovy)
	at com.kms.katalon.core.keyword.internal.KeywordMain.runKeyword(KeywordMain.groovy:68)
	at com.kms.katalon.core.keyword.internal.KeywordMain$runKeyword.call(Unknown Source)
	at com.kms.katalon.core.cucumber.keyword.CucumberBuiltinKeywords.runFeatureFile(CucumberBuiltinKeywords.groovy:46)
	at com.kms.katalon.core.cucumber.keyword.CucumberBuiltinKeywords$runFeatureFile$0.callStatic(Unknown Source)
	at com.kms.katalon.core.cucumber.keyword.CucumberBuiltinKeywords.runFeatureFile(CucumberBuiltinKeywords.groovy:169)
	at com.kms.katalon.core.cucumber.keyword.CucumberBuiltinKeywords$runFeatureFile.call(Unknown Source)
	at TC_Search_by_STATUS.run(TC_Search_by_STATUS:18)
	at com.kms.katalon.core.main.ScriptEngine.run(ScriptEngine.java:194)
	at com.kms.katalon.core.main.ScriptEngine.runScriptAsRawText(ScriptEngine.java:119)
	at com.kms.katalon.core.main.TestCaseExecutor.runScript(TestCaseExecutor.java:339)
	at com.kms.katalon.core.main.TestCaseExecutor.doExecute(TestCaseExecutor.java:330)
	at com.kms.katalon.core.main.TestCaseExecutor.processExecutionPhase(TestCaseExecutor.java:309)
	at com.kms.katalon.core.main.TestCaseExecutor.accessMainPhase(TestCaseExecutor.java:301)
	at com.kms.katalon.core.main.TestCaseExecutor.execute(TestCaseExecutor.java:235)
	at com.kms.katalon.core.main.TestSuiteExecutor.accessTestCaseMainPhase(TestSuiteExecutor.java:191)
	at com.kms.katalon.core.main.TestSuiteExecutor.accessTestSuiteMainPhase(TestSuiteExecutor.java:141)
	at com.kms.katalon.core.main.TestSuiteExecutor.execute(TestSuiteExecutor.java:90)
	at com.kms.katalon.core.main.TestCaseMain.startTestSuite(TestCaseMain.java:157)
	at com.kms.katalon.core.main.TestCaseMain$startTestSuite$0.call(Unknown Source)
	at TempTestSuite1611224749411.run(TempTestSuite1611224749411.groovy:39)
)
[[ATTACHMENT|/Users/chaidir.pratama01/Katalon Studio/IST_Automation_Git/Reports/20210121_172548/RTD/TS_Partner_Disbursement_SBO/20210121_172549/1611225083412.png]]

2021-01-21 17:31:24 - [MESSAGE][PASSED] - Verify Search Result Presents

2021-01-21 17:31:24 - [TEST_STEP][PASSED] - Click button "Logout": Click button "Logout"

2021-01-21 17:31:24 - [MESSAGE][INFO] - >>>>>//Button[contains(text(),'Logout')]

2021-01-21 17:31:27 - [MESSAGE][PASSED] - Object '' is present

2021-01-21 17:31:27 - [MESSAGE][PASSED] - Object: '' is clicked on

2021-01-21 17:31:27 - [MESSAGE][PASSED] - Switched to window with index: '0'

2021-01-21 17:31:27 - [MESSAGE][PASSED] - Click button "Logout"

2021-01-21 17:31:27 - [TEST_STEP][PASSED] - Close browser: Close browser

2021-01-21 17:31:27 - [MESSAGE][PASSED] - Browser is closed

2021-01-21 17:31:27 - [MESSAGE][PASSED] - Close browser

2021-01-21 17:31:27 - [TEST_CASE][PASSED] - Start Test Case : SCENARIO Search by STATUS Ready to disburse: SCENARIO Search by STATUS Ready to disburse

2021-01-21 17:31:27 - [TEST_STEP][PASSED] - Go to ISTools: Go to ISTools

2021-01-21 17:31:27 - [MESSAGE][INFO] - Starting 'Chrome (headless)' driver

2021-01-21 17:31:27 - [MESSAGE][INFO] - User set preference: ['args', '[--start-maximized, --disable-gpu, --no-proxy-server, â€“-no-sandbox, --allow-running-insecure-content, --ignore-certificate-errors, window-size=1680,814, force-device-scale-factor=2, --lang=en-GB]']

2021-01-21 17:31:27 - [MESSAGE][INFO] - User set preference: ['prefs', '{download.default_directory=/Users/chaidir.pratama01/Katalon Studio/IST_Automation_Git/Download}']

2021-01-21 17:31:27 - [MESSAGE][INFO] - Action delay is set to 0 milliseconds

2021-01-21 17:31:27 - [MESSAGE][PASSED] - Browser is opened with url: ''

2021-01-21 17:31:28 - [MESSAGE][PASSED] - Navigate to 'https://dev-istools.homecredit.id/foundation/' successfully

2021-01-21 17:31:28 - [MESSAGE][PASSED] - Go to ISTools

2021-01-21 17:31:28 - [TEST_STEP][PASSED] - Login IST with valid credentials: Login IST with valid credentials

2021-01-21 17:31:28 - [MESSAGE][PASSED] - Text 'mobile.test' is set on object 'Object Repository/Page_/input_Username_j_username'

2021-01-21 17:31:28 - [MESSAGE][PASSED] - Text ****** has been set on object 'Object Repository/Page_/input_Password_j_password'

2021-01-21 17:31:29 - [MESSAGE][PASSED] - Object: 'Object Repository/Page_/button_Login' is clicked on

2021-01-21 17:31:29 - [MESSAGE][PASSED] - Login IST with valid credentials

2021-01-21 17:31:29 - [TEST_STEP][PASSED] - Login Success: Login Success

2021-01-21 17:31:29 - [MESSAGE][INFO] - Login Success

2021-01-21 17:31:29 - [MESSAGE][PASSED] - Current window maximized

2021-01-21 17:31:29 - [MESSAGE][PASSED] - Object 'Object Repository/Page_/h1_Welcome to IT Supporting Tools' is present

2021-01-21 17:31:29 - [MESSAGE][PASSED] - Login Success

2021-01-21 17:31:29 - [TEST_STEP][PASSED] - Select Arrow Menu "Real Time Disbursement": Select Arrow Menu "Real Time Disbursement"

2021-01-21 17:31:29 - [MESSAGE][PASSED] - Object: '' is clicked on

2021-01-21 17:31:29 - [MESSAGE][PASSED] - Select Arrow Menu "Real Time Disbursement"

2021-01-21 17:31:29 - [TEST_STEP][PASSED] - Select Menu "Partner Disbursement SBO": Select Menu "Partner Disbursement SBO"

2021-01-21 17:31:29 - [MESSAGE][PASSED] - Taking screenshot successfully
[[ATTACHMENT|/Users/chaidir.pratama01/Documents/Docs/Katalon Studio/Screenshot/test-Partner Disbursement SBO.png]]

2021-01-21 17:31:29 - [MESSAGE][PASSED] - Object '' is present

2021-01-21 17:31:30 - [MESSAGE][PASSED] - Object: '' is clicked on

2021-01-21 17:31:30 - [MESSAGE][PASSED] - Wait for page load successfully

2021-01-21 17:31:30 - [MESSAGE][PASSED] - Select Menu "Partner Disbursement SBO"

2021-01-21 17:31:30 - [TEST_STEP][PASSED] - Select STATUS "Ready to disburse": Select STATUS "Ready to disburse"

2021-01-21 17:31:30 - [MESSAGE][PASSED] - All options with value 'Ready to disburse' are selected in object ''  using regular expression

2021-01-21 17:31:30 - [MESSAGE][PASSED] - Select STATUS "Ready to disburse"

2021-01-21 17:31:30 - [TEST_STEP][PASSED] - Click button "Search": Click button "Search"

2021-01-21 17:31:30 - [MESSAGE][INFO] - >>>>>//Button[contains(text(),'Search')]

2021-01-21 17:31:33 - [MESSAGE][PASSED] - Object '' is present

2021-01-21 17:31:33 - [MESSAGE][PASSED] - Object: '' is clicked on

2021-01-21 17:31:33 - [MESSAGE][PASSED] - Switched to window with index: '0'

2021-01-21 17:31:33 - [MESSAGE][PASSED] - Click button "Search"

2021-01-21 17:31:33 - [TEST_STEP][PASSED] - Verify Search Result Presents: Verify Search Result Presents

2021-01-21 17:31:33 - [MESSAGE][PASSED] - Object '' is present

2021-01-21 17:31:38 - [MESSAGE][PASSED] - Verify Search Result Presents

2021-01-21 17:31:38 - [TEST_STEP][PASSED] - Click button "Logout": Click button "Logout"

2021-01-21 17:31:38 - [MESSAGE][INFO] - >>>>>//Button[contains(text(),'Logout')]

2021-01-21 17:31:41 - [MESSAGE][PASSED] - Object '' is present

2021-01-21 17:31:41 - [MESSAGE][PASSED] - Object: '' is clicked on

2021-01-21 17:31:41 - [MESSAGE][PASSED] - Switched to window with index: '0'

2021-01-21 17:31:41 - [MESSAGE][PASSED] - Click button "Logout"

2021-01-21 17:31:41 - [TEST_STEP][PASSED] - Close browser: Close browser

2021-01-21 17:31:41 - [MESSAGE][PASSED] - Browser is closed

2021-01-21 17:31:41 - [MESSAGE][PASSED] - Close browser

2021-01-21 17:31:41 - [TEST_CASE][PASSED] - Start Test Case : SCENARIO Search by STATUS Failed due to invalid bank account: SCENARIO Search by STATUS Failed due to invalid bank account

2021-01-21 17:31:41 - [TEST_STEP][PASSED] - Go to ISTools: Go to ISTools

2021-01-21 17:31:41 - [MESSAGE][INFO] - Starting 'Chrome (headless)' driver

2021-01-21 17:31:41 - [MESSAGE][INFO] - User set preference: ['args', '[--start-maximized, --disable-gpu, --no-proxy-server, â€“-no-sandbox, --allow-running-insecure-content, --ignore-certificate-errors, window-size=1680,814, force-device-scale-factor=2, --lang=en-GB]']

2021-01-21 17:31:41 - [MESSAGE][INFO] - User set preference: ['prefs', '{download.default_directory=/Users/chaidir.pratama01/Katalon Studio/IST_Automation_Git/Download}']

2021-01-21 17:31:41 - [MESSAGE][INFO] - Action delay is set to 0 milliseconds

2021-01-21 17:31:41 - [MESSAGE][PASSED] - Browser is opened with url: ''

2021-01-21 17:31:42 - [MESSAGE][PASSED] - Navigate to 'https://dev-istools.homecredit.id/foundation/' successfully

2021-01-21 17:31:42 - [MESSAGE][PASSED] - Go to ISTools

2021-01-21 17:31:42 - [TEST_STEP][PASSED] - Login IST with valid credentials: Login IST with valid credentials

2021-01-21 17:31:42 - [MESSAGE][PASSED] - Text 'mobile.test' is set on object 'Object Repository/Page_/input_Username_j_username'

2021-01-21 17:31:42 - [MESSAGE][PASSED] - Text ****** has been set on object 'Object Repository/Page_/input_Password_j_password'

2021-01-21 17:31:43 - [MESSAGE][PASSED] - Object: 'Object Repository/Page_/button_Login' is clicked on

2021-01-21 17:31:43 - [MESSAGE][PASSED] - Login IST with valid credentials

2021-01-21 17:31:43 - [TEST_STEP][PASSED] - Login Success: Login Success

2021-01-21 17:31:43 - [MESSAGE][INFO] - Login Success

2021-01-21 17:31:43 - [MESSAGE][PASSED] - Current window maximized

2021-01-21 17:31:43 - [MESSAGE][PASSED] - Object 'Object Repository/Page_/h1_Welcome to IT Supporting Tools' is present

2021-01-21 17:31:43 - [MESSAGE][PASSED] - Login Success

2021-01-21 17:31:43 - [TEST_STEP][PASSED] - Select Arrow Menu "Real Time Disbursement": Select Arrow Menu "Real Time Disbursement"

2021-01-21 17:31:43 - [MESSAGE][PASSED] - Object: '' is clicked on

2021-01-21 17:31:43 - [MESSAGE][PASSED] - Select Arrow Menu "Real Time Disbursement"

2021-01-21 17:31:43 - [TEST_STEP][PASSED] - Select Menu "Partner Disbursement SBO": Select Menu "Partner Disbursement SBO"

2021-01-21 17:31:43 - [MESSAGE][PASSED] - Taking screenshot successfully
[[ATTACHMENT|/Users/chaidir.pratama01/Documents/Docs/Katalon Studio/Screenshot/test-Partner Disbursement SBO.png]]

2021-01-21 17:31:43 - [MESSAGE][PASSED] - Object '' is present

2021-01-21 17:31:43 - [MESSAGE][PASSED] - Object: '' is clicked on

2021-01-21 17:31:43 - [MESSAGE][PASSED] - Wait for page load successfully

2021-01-21 17:31:43 - [MESSAGE][PASSED] - Select Menu "Partner Disbursement SBO"

2021-01-21 17:31:43 - [TEST_STEP][PASSED] - Select STATUS "Failed due to invalid bank account": Select STATUS "Failed due to invalid bank account"

2021-01-21 17:31:44 - [MESSAGE][PASSED] - All options with value 'Failed due to invalid bank account' are selected in object ''  using regular expression

2021-01-21 17:31:44 - [MESSAGE][PASSED] - Select STATUS "Failed due to invalid bank account"

2021-01-21 17:31:44 - [TEST_STEP][PASSED] - Click button "Search": Click button "Search"

2021-01-21 17:31:44 - [MESSAGE][INFO] - >>>>>//Button[contains(text(),'Search')]

2021-01-21 17:31:47 - [MESSAGE][PASSED] - Object '' is present

2021-01-21 17:31:47 - [MESSAGE][PASSED] - Object: '' is clicked on

2021-01-21 17:31:47 - [MESSAGE][PASSED] - Switched to window with index: '0'

2021-01-21 17:31:47 - [MESSAGE][PASSED] - Click button "Search"

2021-01-21 17:31:47 - [TEST_STEP][PASSED] - Verify Search Result Presents: Verify Search Result Presents

2021-01-21 17:31:51 - [MESSAGE][INFO] - Unable to find the element located by 'By.xpath: //td[@style='display:none' and contains(text(),'-Empty-')]'. Please recheck the objects properties to make sure the desired element is located. 

2021-01-21 17:31:51 - [MESSAGE][WARNING] - com.kms.katalon.core.webui.exception.WebElementNotFoundException: Web element with id: '' located by '//td[@style='display:none' and contains(text(),'-Empty-')]' not found (Root cause: com.kms.katalon.core.exception.StepFailedException: com.kms.katalon.core.webui.exception.WebElementNotFoundException: Web element with id: '' located by '//td[@style='display:none' and contains(text(),'-Empty-')]' not found
	at com.kms.katalon.core.webui.keyword.internal.WebUIKeywordMain.stepFailed(WebUIKeywordMain.groovy:64)
	at com.kms.katalon.core.webui.keyword.builtin.VerifyElementPresentKeyword$_verifyElementPresent_closure1.doCall(VerifyElementPresentKeyword.groovy:85)
	at com.kms.katalon.core.webui.keyword.builtin.VerifyElementPresentKeyword$_verifyElementPresent_closure1.call(VerifyElementPresentKeyword.groovy)
	at com.kms.katalon.core.webui.keyword.internal.WebUIKeywordMain.runKeyword(WebUIKeywordMain.groovy:20)
	at com.kms.katalon.core.webui.keyword.builtin.VerifyElementPresentKeyword.verifyElementPresent(VerifyElementPresentKeyword.groovy:92)
	at com.kms.katalon.core.webui.keyword.builtin.VerifyElementPresentKeyword.execute(VerifyElementPresentKeyword.groovy:68)
	at com.kms.katalon.core.keyword.internal.KeywordExecutor.executeKeywordForPlatform(KeywordExecutor.groovy:73)
	at com.kms.katalon.core.webui.keyword.WebUiBuiltInKeywords.verifyElementPresent(WebUiBuiltInKeywords.groovy:1444)
	at com.kms.katalon.core.webui.keyword.WebUiBuiltInKeywords$verifyElementPresent$11.call(Unknown Source)
	at ist_real.Contract_Dispatcher.VerifyTblFilled(Contract_Dispatcher.groovy:1313)
	at ist_real.Contract_Dispatcher$VerifyTblFilled$0.call(Unknown Source)
	at RTD.Search_Result_Presents(RTD.groovy:191)
	at cucumber.runtime.Utils$1.call(Utils.java:26)
	at cucumber.runtime.Timeout.timeout(Timeout.java:16)
	at cucumber.runtime.Utils.invoke(Utils.java:20)
	at cucumber.runtime.java.JavaStepDefinition.execute(JavaStepDefinition.java:48)
	at cucumber.runtime.PickleStepDefinitionMatch.runStep(PickleStepDefinitionMatch.java:50)
	at cucumber.runner.TestStep.executeStep(TestStep.java:55)
	at cucumber.runner.TestStep.run(TestStep.java:42)
	at cucumber.runner.PickleStepTestStep.run(PickleStepTestStep.java:53)
	at cucumber.runner.TestCase.run(TestCase.java:47)
	at cucumber.runner.Runner.runPickle(Runner.java:44)
	at cucumber.runtime.Runtime.runFeature(Runtime.java:120)
	at cucumber.runtime.Runtime.run(Runtime.java:106)
	at cucumber.api.cli.Main.run(Main.java:35)
	at cucumber.api.cli.Main$run.call(Unknown Source)
	at com.kms.katalon.core.cucumber.keyword.CucumberBuiltinKeywords$_runFeatureFile_closure1.doCall(CucumberBuiltinKeywords.groovy:76)
	at com.kms.katalon.core.cucumber.keyword.CucumberBuiltinKeywords$_runFeatureFile_closure1.doCall(CucumberBuiltinKeywords.groovy)
	at com.kms.katalon.core.keyword.internal.KeywordMain.runKeyword(KeywordMain.groovy:68)
	at com.kms.katalon.core.keyword.internal.KeywordMain$runKeyword.call(Unknown Source)
	at com.kms.katalon.core.cucumber.keyword.CucumberBuiltinKeywords.runFeatureFile(CucumberBuiltinKeywords.groovy:46)
	at com.kms.katalon.core.cucumber.keyword.CucumberBuiltinKeywords$runFeatureFile$0.callStatic(Unknown Source)
	at com.kms.katalon.core.cucumber.keyword.CucumberBuiltinKeywords.runFeatureFile(CucumberBuiltinKeywords.groovy:169)
	at com.kms.katalon.core.cucumber.keyword.CucumberBuiltinKeywords$runFeatureFile.call(Unknown Source)
	at TC_Search_by_STATUS.run(TC_Search_by_STATUS:18)
	at com.kms.katalon.core.main.ScriptEngine.run(ScriptEngine.java:194)
	at com.kms.katalon.core.main.ScriptEngine.runScriptAsRawText(ScriptEngine.java:119)
	at com.kms.katalon.core.main.TestCaseExecutor.runScript(TestCaseExecutor.java:339)
	at com.kms.katalon.core.main.TestCaseExecutor.doExecute(TestCaseExecutor.java:330)
	at com.kms.katalon.core.main.TestCaseExecutor.processExecutionPhase(TestCaseExecutor.java:309)
	at com.kms.katalon.core.main.TestCaseExecutor.accessMainPhase(TestCaseExecutor.java:301)
	at com.kms.katalon.core.main.TestCaseExecutor.execute(TestCaseExecutor.java:235)
	at com.kms.katalon.core.main.TestSuiteExecutor.accessTestCaseMainPhase(TestSuiteExecutor.java:191)
	at com.kms.katalon.core.main.TestSuiteExecutor.accessTestSuiteMainPhase(TestSuiteExecutor.java:141)
	at com.kms.katalon.core.main.TestSuiteExecutor.execute(TestSuiteExecutor.java:90)
	at com.kms.katalon.core.main.TestCaseMain.startTestSuite(TestCaseMain.java:157)
	at com.kms.katalon.core.main.TestCaseMain$startTestSuite$0.call(Unknown Source)
	at TempTestSuite1611224749411.run(TempTestSuite1611224749411.groovy:39)
)
[[ATTACHMENT|/Users/chaidir.pratama01/Katalon Studio/IST_Automation_Git/Reports/20210121_172548/RTD/TS_Partner_Disbursement_SBO/20210121_172549/1611225111400.png]]

2021-01-21 17:31:52 - [MESSAGE][PASSED] - Verify Search Result Presents

2021-01-21 17:31:52 - [TEST_STEP][PASSED] - Click button "Logout": Click button "Logout"

2021-01-21 17:31:52 - [MESSAGE][INFO] - >>>>>//Button[contains(text(),'Logout')]

2021-01-21 17:31:55 - [MESSAGE][PASSED] - Object '' is present

2021-01-21 17:31:55 - [MESSAGE][PASSED] - Object: '' is clicked on

2021-01-21 17:31:55 - [MESSAGE][PASSED] - Switched to window with index: '0'

2021-01-21 17:31:55 - [MESSAGE][PASSED] - Click button "Logout"

2021-01-21 17:31:55 - [TEST_STEP][PASSED] - Close browser: Close browser

2021-01-21 17:31:55 - [MESSAGE][PASSED] - Browser is closed

2021-01-21 17:31:55 - [MESSAGE][PASSED] - Close browser

2021-01-21 17:31:55 - [TEST_CASE][PASSED] - Start Test Case : SCENARIO Search by STATUS Failed due to system error: SCENARIO Search by STATUS Failed due to system error

2021-01-21 17:31:55 - [TEST_STEP][PASSED] - Go to ISTools: Go to ISTools

2021-01-21 17:31:55 - [MESSAGE][INFO] - Starting 'Chrome (headless)' driver

2021-01-21 17:31:55 - [MESSAGE][INFO] - User set preference: ['args', '[--start-maximized, --disable-gpu, --no-proxy-server, â€“-no-sandbox, --allow-running-insecure-content, --ignore-certificate-errors, window-size=1680,814, force-device-scale-factor=2, --lang=en-GB]']

2021-01-21 17:31:55 - [MESSAGE][INFO] - User set preference: ['prefs', '{download.default_directory=/Users/chaidir.pratama01/Katalon Studio/IST_Automation_Git/Download}']

2021-01-21 17:31:55 - [MESSAGE][INFO] - Action delay is set to 0 milliseconds

2021-01-21 17:31:55 - [MESSAGE][PASSED] - Browser is opened with url: ''

2021-01-21 17:31:56 - [MESSAGE][PASSED] - Navigate to 'https://dev-istools.homecredit.id/foundation/' successfully

2021-01-21 17:31:56 - [MESSAGE][PASSED] - Go to ISTools

2021-01-21 17:31:56 - [TEST_STEP][PASSED] - Login IST with valid credentials: Login IST with valid credentials

2021-01-21 17:31:56 - [MESSAGE][PASSED] - Text 'mobile.test' is set on object 'Object Repository/Page_/input_Username_j_username'

2021-01-21 17:31:56 - [MESSAGE][PASSED] - Text ****** has been set on object 'Object Repository/Page_/input_Password_j_password'

2021-01-21 17:31:57 - [MESSAGE][PASSED] - Object: 'Object Repository/Page_/button_Login' is clicked on

2021-01-21 17:31:57 - [MESSAGE][PASSED] - Login IST with valid credentials

2021-01-21 17:31:57 - [TEST_STEP][PASSED] - Login Success: Login Success

2021-01-21 17:31:57 - [MESSAGE][INFO] - Login Success

2021-01-21 17:31:57 - [MESSAGE][PASSED] - Current window maximized

2021-01-21 17:31:57 - [MESSAGE][PASSED] - Object 'Object Repository/Page_/h1_Welcome to IT Supporting Tools' is present

2021-01-21 17:31:57 - [MESSAGE][PASSED] - Login Success

2021-01-21 17:31:57 - [TEST_STEP][PASSED] - Select Arrow Menu "Real Time Disbursement": Select Arrow Menu "Real Time Disbursement"

2021-01-21 17:31:57 - [MESSAGE][PASSED] - Object: '' is clicked on

2021-01-21 17:31:57 - [MESSAGE][PASSED] - Select Arrow Menu "Real Time Disbursement"

2021-01-21 17:31:57 - [TEST_STEP][PASSED] - Select Menu "Partner Disbursement SBO": Select Menu "Partner Disbursement SBO"

2021-01-21 17:31:57 - [MESSAGE][PASSED] - Taking screenshot successfully
[[ATTACHMENT|/Users/chaidir.pratama01/Documents/Docs/Katalon Studio/Screenshot/test-Partner Disbursement SBO.png]]

2021-01-21 17:31:57 - [MESSAGE][PASSED] - Object '' is present

2021-01-21 17:31:58 - [MESSAGE][PASSED] - Object: '' is clicked on

2021-01-21 17:31:58 - [MESSAGE][PASSED] - Wait for page load successfully

2021-01-21 17:31:58 - [MESSAGE][PASSED] - Select Menu "Partner Disbursement SBO"

2021-01-21 17:31:58 - [TEST_STEP][PASSED] - Select STATUS "Failed due to system error": Select STATUS "Failed due to system error"

2021-01-21 17:31:58 - [MESSAGE][PASSED] - All options with value 'Failed due to system error' are selected in object ''  using regular expression

2021-01-21 17:31:58 - [MESSAGE][PASSED] - Select STATUS "Failed due to system error"

2021-01-21 17:31:58 - [TEST_STEP][PASSED] - Click button "Search": Click button "Search"

2021-01-21 17:31:58 - [MESSAGE][INFO] - >>>>>//Button[contains(text(),'Search')]

2021-01-21 17:32:01 - [MESSAGE][PASSED] - Object '' is present

2021-01-21 17:32:01 - [MESSAGE][PASSED] - Object: '' is clicked on

2021-01-21 17:32:01 - [MESSAGE][PASSED] - Switched to window with index: '0'

2021-01-21 17:32:01 - [MESSAGE][PASSED] - Click button "Search"

2021-01-21 17:32:01 - [TEST_STEP][PASSED] - Verify Search Result Presents: Verify Search Result Presents

2021-01-21 17:32:01 - [MESSAGE][PASSED] - Object '' is present

2021-01-21 17:32:03 - [MESSAGE][PASSED] - Verify Search Result Presents

2021-01-21 17:32:03 - [TEST_STEP][PASSED] - Click button "Logout": Click button "Logout"

2021-01-21 17:32:03 - [MESSAGE][INFO] - >>>>>//Button[contains(text(),'Logout')]

2021-01-21 17:32:06 - [MESSAGE][PASSED] - Object '' is present

2021-01-21 17:32:06 - [MESSAGE][PASSED] - Object: '' is clicked on

2021-01-21 17:32:06 - [MESSAGE][PASSED] - Switched to window with index: '0'

2021-01-21 17:32:06 - [MESSAGE][PASSED] - Click button "Logout"

2021-01-21 17:32:06 - [TEST_STEP][PASSED] - Close browser: Close browser

2021-01-21 17:32:06 - [MESSAGE][PASSED] - Browser is closed

2021-01-21 17:32:06 - [MESSAGE][PASSED] - Close browser

2021-01-21 17:32:06 - [TEST_CASE][PASSED] - Start Test Case : SCENARIO Search by STATUS Failed due to insufficient fund: SCENARIO Search by STATUS Failed due to insufficient fund

2021-01-21 17:32:06 - [TEST_STEP][PASSED] - Go to ISTools: Go to ISTools

2021-01-21 17:32:06 - [MESSAGE][INFO] - Starting 'Chrome (headless)' driver

2021-01-21 17:32:06 - [MESSAGE][INFO] - User set preference: ['args', '[--start-maximized, --disable-gpu, --no-proxy-server, â€“-no-sandbox, --allow-running-insecure-content, --ignore-certificate-errors, window-size=1680,814, force-device-scale-factor=2, --lang=en-GB]']

2021-01-21 17:32:06 - [MESSAGE][INFO] - User set preference: ['prefs', '{download.default_directory=/Users/chaidir.pratama01/Katalon Studio/IST_Automation_Git/Download}']

2021-01-21 17:32:06 - [MESSAGE][INFO] - Action delay is set to 0 milliseconds

2021-01-21 17:32:06 - [MESSAGE][PASSED] - Browser is opened with url: ''

2021-01-21 17:32:07 - [MESSAGE][PASSED] - Navigate to 'https://dev-istools.homecredit.id/foundation/' successfully

2021-01-21 17:32:07 - [MESSAGE][PASSED] - Go to ISTools

2021-01-21 17:32:07 - [TEST_STEP][PASSED] - Login IST with valid credentials: Login IST with valid credentials

2021-01-21 17:32:07 - [MESSAGE][PASSED] - Text 'mobile.test' is set on object 'Object Repository/Page_/input_Username_j_username'

2021-01-21 17:32:07 - [MESSAGE][PASSED] - Text ****** has been set on object 'Object Repository/Page_/input_Password_j_password'

2021-01-21 17:32:08 - [MESSAGE][PASSED] - Object: 'Object Repository/Page_/button_Login' is clicked on

2021-01-21 17:32:08 - [MESSAGE][PASSED] - Login IST with valid credentials

2021-01-21 17:32:08 - [TEST_STEP][PASSED] - Login Success: Login Success

2021-01-21 17:32:08 - [MESSAGE][INFO] - Login Success

2021-01-21 17:32:08 - [MESSAGE][PASSED] - Current window maximized

2021-01-21 17:32:08 - [MESSAGE][PASSED] - Object 'Object Repository/Page_/h1_Welcome to IT Supporting Tools' is present

2021-01-21 17:32:08 - [MESSAGE][PASSED] - Login Success

2021-01-21 17:32:08 - [TEST_STEP][PASSED] - Select Arrow Menu "Real Time Disbursement": Select Arrow Menu "Real Time Disbursement"

2021-01-21 17:32:08 - [MESSAGE][PASSED] - Object: '' is clicked on

2021-01-21 17:32:08 - [MESSAGE][PASSED] - Select Arrow Menu "Real Time Disbursement"

2021-01-21 17:32:08 - [TEST_STEP][PASSED] - Select Menu "Partner Disbursement SBO": Select Menu "Partner Disbursement SBO"

2021-01-21 17:32:08 - [MESSAGE][PASSED] - Taking screenshot successfully
[[ATTACHMENT|/Users/chaidir.pratama01/Documents/Docs/Katalon Studio/Screenshot/test-Partner Disbursement SBO.png]]

2021-01-21 17:32:08 - [MESSAGE][PASSED] - Object '' is present

2021-01-21 17:32:09 - [MESSAGE][PASSED] - Object: '' is clicked on

2021-01-21 17:32:09 - [MESSAGE][PASSED] - Wait for page load successfully

2021-01-21 17:32:09 - [MESSAGE][PASSED] - Select Menu "Partner Disbursement SBO"

2021-01-21 17:32:09 - [TEST_STEP][PASSED] - Select STATUS "Failed due to insufficient fund": Select STATUS "Failed due to insufficient fund"

2021-01-21 17:32:09 - [MESSAGE][PASSED] - All options with value 'Failed due to insufficient fund' are selected in object ''  using regular expression

2021-01-21 17:32:09 - [MESSAGE][PASSED] - Select STATUS "Failed due to insufficient fund"

2021-01-21 17:32:09 - [TEST_STEP][PASSED] - Click button "Search": Click button "Search"

2021-01-21 17:32:09 - [MESSAGE][INFO] - >>>>>//Button[contains(text(),'Search')]

2021-01-21 17:32:12 - [MESSAGE][PASSED] - Object '' is present

2021-01-21 17:32:12 - [MESSAGE][PASSED] - Object: '' is clicked on

2021-01-21 17:32:12 - [MESSAGE][PASSED] - Switched to window with index: '0'

2021-01-21 17:32:12 - [MESSAGE][PASSED] - Click button "Search"

2021-01-21 17:32:12 - [TEST_STEP][PASSED] - Verify Search Result Presents: Verify Search Result Presents

2021-01-21 17:32:16 - [MESSAGE][INFO] - Unable to find the element located by 'By.xpath: //td[@style='display:none' and contains(text(),'-Empty-')]'. Please recheck the objects properties to make sure the desired element is located. 

2021-01-21 17:32:17 - [MESSAGE][WARNING] - com.kms.katalon.core.webui.exception.WebElementNotFoundException: Web element with id: '' located by '//td[@style='display:none' and contains(text(),'-Empty-')]' not found (Root cause: com.kms.katalon.core.exception.StepFailedException: com.kms.katalon.core.webui.exception.WebElementNotFoundException: Web element with id: '' located by '//td[@style='display:none' and contains(text(),'-Empty-')]' not found
	at com.kms.katalon.core.webui.keyword.internal.WebUIKeywordMain.stepFailed(WebUIKeywordMain.groovy:64)
	at com.kms.katalon.core.webui.keyword.builtin.VerifyElementPresentKeyword$_verifyElementPresent_closure1.doCall(VerifyElementPresentKeyword.groovy:85)
	at com.kms.katalon.core.webui.keyword.builtin.VerifyElementPresentKeyword$_verifyElementPresent_closure1.call(VerifyElementPresentKeyword.groovy)
	at com.kms.katalon.core.webui.keyword.internal.WebUIKeywordMain.runKeyword(WebUIKeywordMain.groovy:20)
	at com.kms.katalon.core.webui.keyword.builtin.VerifyElementPresentKeyword.verifyElementPresent(VerifyElementPresentKeyword.groovy:92)
	at com.kms.katalon.core.webui.keyword.builtin.VerifyElementPresentKeyword.execute(VerifyElementPresentKeyword.groovy:68)
	at com.kms.katalon.core.keyword.internal.KeywordExecutor.executeKeywordForPlatform(KeywordExecutor.groovy:73)
	at com.kms.katalon.core.webui.keyword.WebUiBuiltInKeywords.verifyElementPresent(WebUiBuiltInKeywords.groovy:1444)
	at com.kms.katalon.core.webui.keyword.WebUiBuiltInKeywords$verifyElementPresent$11.call(Unknown Source)
	at ist_real.Contract_Dispatcher.VerifyTblFilled(Contract_Dispatcher.groovy:1313)
	at ist_real.Contract_Dispatcher$VerifyTblFilled$0.call(Unknown Source)
	at RTD.Search_Result_Presents(RTD.groovy:191)
	at cucumber.runtime.Utils$1.call(Utils.java:26)
	at cucumber.runtime.Timeout.timeout(Timeout.java:16)
	at cucumber.runtime.Utils.invoke(Utils.java:20)
	at cucumber.runtime.java.JavaStepDefinition.execute(JavaStepDefinition.java:48)
	at cucumber.runtime.PickleStepDefinitionMatch.runStep(PickleStepDefinitionMatch.java:50)
	at cucumber.runner.TestStep.executeStep(TestStep.java:55)
	at cucumber.runner.TestStep.run(TestStep.java:42)
	at cucumber.runner.PickleStepTestStep.run(PickleStepTestStep.java:53)
	at cucumber.runner.TestCase.run(TestCase.java:47)
	at cucumber.runner.Runner.runPickle(Runner.java:44)
	at cucumber.runtime.Runtime.runFeature(Runtime.java:120)
	at cucumber.runtime.Runtime.run(Runtime.java:106)
	at cucumber.api.cli.Main.run(Main.java:35)
	at cucumber.api.cli.Main$run.call(Unknown Source)
	at com.kms.katalon.core.cucumber.keyword.CucumberBuiltinKeywords$_runFeatureFile_closure1.doCall(CucumberBuiltinKeywords.groovy:76)
	at com.kms.katalon.core.cucumber.keyword.CucumberBuiltinKeywords$_runFeatureFile_closure1.doCall(CucumberBuiltinKeywords.groovy)
	at com.kms.katalon.core.keyword.internal.KeywordMain.runKeyword(KeywordMain.groovy:68)
	at com.kms.katalon.core.keyword.internal.KeywordMain$runKeyword.call(Unknown Source)
	at com.kms.katalon.core.cucumber.keyword.CucumberBuiltinKeywords.runFeatureFile(CucumberBuiltinKeywords.groovy:46)
	at com.kms.katalon.core.cucumber.keyword.CucumberBuiltinKeywords$runFeatureFile$0.callStatic(Unknown Source)
	at com.kms.katalon.core.cucumber.keyword.CucumberBuiltinKeywords.runFeatureFile(CucumberBuiltinKeywords.groovy:169)
	at com.kms.katalon.core.cucumber.keyword.CucumberBuiltinKeywords$runFeatureFile.call(Unknown Source)
	at TC_Search_by_STATUS.run(TC_Search_by_STATUS:18)
	at com.kms.katalon.core.main.ScriptEngine.run(ScriptEngine.java:194)
	at com.kms.katalon.core.main.ScriptEngine.runScriptAsRawText(ScriptEngine.java:119)
	at com.kms.katalon.core.main.TestCaseExecutor.runScript(TestCaseExecutor.java:339)
	at com.kms.katalon.core.main.TestCaseExecutor.doExecute(TestCaseExecutor.java:330)
	at com.kms.katalon.core.main.TestCaseExecutor.processExecutionPhase(TestCaseExecutor.java:309)
	at com.kms.katalon.core.main.TestCaseExecutor.accessMainPhase(TestCaseExecutor.java:301)
	at com.kms.katalon.core.main.TestCaseExecutor.execute(TestCaseExecutor.java:235)
	at com.kms.katalon.core.main.TestSuiteExecutor.accessTestCaseMainPhase(TestSuiteExecutor.java:191)
	at com.kms.katalon.core.main.TestSuiteExecutor.accessTestSuiteMainPhase(TestSuiteExecutor.java:141)
	at com.kms.katalon.core.main.TestSuiteExecutor.execute(TestSuiteExecutor.java:90)
	at com.kms.katalon.core.main.TestCaseMain.startTestSuite(TestCaseMain.java:157)
	at com.kms.katalon.core.main.TestCaseMain$startTestSuite$0.call(Unknown Source)
	at TempTestSuite1611224749411.run(TempTestSuite1611224749411.groovy:39)
)
[[ATTACHMENT|/Users/chaidir.pratama01/Katalon Studio/IST_Automation_Git/Reports/20210121_172548/RTD/TS_Partner_Disbursement_SBO/20210121_172549/1611225136638.png]]

2021-01-21 17:32:17 - [MESSAGE][PASSED] - Verify Search Result Presents

2021-01-21 17:32:17 - [TEST_STEP][PASSED] - Click button "Logout": Click button "Logout"

2021-01-21 17:32:17 - [MESSAGE][INFO] - >>>>>//Button[contains(text(),'Logout')]

2021-01-21 17:32:20 - [MESSAGE][PASSED] - Object '' is present

2021-01-21 17:32:20 - [MESSAGE][PASSED] - Object: '' is clicked on

2021-01-21 17:32:20 - [MESSAGE][PASSED] - Switched to window with index: '0'

2021-01-21 17:32:20 - [MESSAGE][PASSED] - Click button "Logout"

2021-01-21 17:32:20 - [TEST_STEP][PASSED] - Close browser: Close browser

2021-01-21 17:32:20 - [MESSAGE][PASSED] - Browser is closed

2021-01-21 17:32:20 - [MESSAGE][PASSED] - Close browser

2021-01-21 17:32:20 - [TEST_CASE][PASSED] - Start Test Case : SCENARIO Search by STATUS Failed due to not supported bank: SCENARIO Search by STATUS Failed due to not supported bank

2021-01-21 17:32:20 - [TEST_STEP][PASSED] - Go to ISTools: Go to ISTools

2021-01-21 17:32:20 - [MESSAGE][INFO] - Starting 'Chrome (headless)' driver

2021-01-21 17:32:20 - [MESSAGE][INFO] - User set preference: ['args', '[--start-maximized, --disable-gpu, --no-proxy-server, â€“-no-sandbox, --allow-running-insecure-content, --ignore-certificate-errors, window-size=1680,814, force-device-scale-factor=2, --lang=en-GB]']

2021-01-21 17:32:20 - [MESSAGE][INFO] - User set preference: ['prefs', '{download.default_directory=/Users/chaidir.pratama01/Katalon Studio/IST_Automation_Git/Download}']

2021-01-21 17:32:20 - [MESSAGE][INFO] - Action delay is set to 0 milliseconds

2021-01-21 17:32:21 - [MESSAGE][PASSED] - Browser is opened with url: ''

2021-01-21 17:32:21 - [MESSAGE][PASSED] - Navigate to 'https://dev-istools.homecredit.id/foundation/' successfully

2021-01-21 17:32:21 - [MESSAGE][PASSED] - Go to ISTools

2021-01-21 17:32:21 - [TEST_STEP][PASSED] - Login IST with valid credentials: Login IST with valid credentials

2021-01-21 17:32:21 - [MESSAGE][PASSED] - Text 'mobile.test' is set on object 'Object Repository/Page_/input_Username_j_username'

2021-01-21 17:32:22 - [MESSAGE][PASSED] - Text ****** has been set on object 'Object Repository/Page_/input_Password_j_password'

2021-01-21 17:32:22 - [MESSAGE][PASSED] - Object: 'Object Repository/Page_/button_Login' is clicked on

2021-01-21 17:32:22 - [MESSAGE][PASSED] - Login IST with valid credentials

2021-01-21 17:32:22 - [TEST_STEP][PASSED] - Login Success: Login Success

2021-01-21 17:32:22 - [MESSAGE][INFO] - Login Success

2021-01-21 17:32:22 - [MESSAGE][PASSED] - Current window maximized

2021-01-21 17:32:22 - [MESSAGE][PASSED] - Object 'Object Repository/Page_/h1_Welcome to IT Supporting Tools' is present

2021-01-21 17:32:22 - [MESSAGE][PASSED] - Login Success

2021-01-21 17:32:22 - [TEST_STEP][PASSED] - Select Arrow Menu "Real Time Disbursement": Select Arrow Menu "Real Time Disbursement"

2021-01-21 17:32:22 - [MESSAGE][PASSED] - Object: '' is clicked on

2021-01-21 17:32:22 - [MESSAGE][PASSED] - Select Arrow Menu "Real Time Disbursement"

2021-01-21 17:32:22 - [TEST_STEP][PASSED] - Select Menu "Partner Disbursement SBO": Select Menu "Partner Disbursement SBO"

2021-01-21 17:32:23 - [MESSAGE][PASSED] - Taking screenshot successfully
[[ATTACHMENT|/Users/chaidir.pratama01/Documents/Docs/Katalon Studio/Screenshot/test-Partner Disbursement SBO.png]]

2021-01-21 17:32:23 - [MESSAGE][PASSED] - Object '' is present

2021-01-21 17:32:23 - [MESSAGE][PASSED] - Object: '' is clicked on

2021-01-21 17:32:23 - [MESSAGE][PASSED] - Wait for page load successfully

2021-01-21 17:32:23 - [MESSAGE][PASSED] - Select Menu "Partner Disbursement SBO"

2021-01-21 17:32:23 - [TEST_STEP][PASSED] - Select STATUS "Failed due to not supported bank": Select STATUS "Failed due to not supported bank"

2021-01-21 17:32:23 - [MESSAGE][PASSED] - All options with value 'Failed due to not supported bank' are selected in object ''  using regular expression

2021-01-21 17:32:23 - [MESSAGE][PASSED] - Select STATUS "Failed due to not supported bank"

2021-01-21 17:32:23 - [TEST_STEP][PASSED] - Click button "Search": Click button "Search"

2021-01-21 17:32:23 - [MESSAGE][INFO] - >>>>>//Button[contains(text(),'Search')]

2021-01-21 17:32:26 - [MESSAGE][PASSED] - Object '' is present

2021-01-21 17:32:26 - [MESSAGE][PASSED] - Object: '' is clicked on

2021-01-21 17:32:26 - [MESSAGE][PASSED] - Switched to window with index: '0'

2021-01-21 17:32:26 - [MESSAGE][PASSED] - Click button "Search"

2021-01-21 17:32:26 - [TEST_STEP][PASSED] - Verify Search Result Presents: Verify Search Result Presents

2021-01-21 17:32:30 - [MESSAGE][INFO] - Unable to find the element located by 'By.xpath: //td[@style='display:none' and contains(text(),'-Empty-')]'. Please recheck the objects properties to make sure the desired element is located. 

2021-01-21 17:32:31 - [MESSAGE][WARNING] - com.kms.katalon.core.webui.exception.WebElementNotFoundException: Web element with id: '' located by '//td[@style='display:none' and contains(text(),'-Empty-')]' not found (Root cause: com.kms.katalon.core.exception.StepFailedException: com.kms.katalon.core.webui.exception.WebElementNotFoundException: Web element with id: '' located by '//td[@style='display:none' and contains(text(),'-Empty-')]' not found
	at com.kms.katalon.core.webui.keyword.internal.WebUIKeywordMain.stepFailed(WebUIKeywordMain.groovy:64)
	at com.kms.katalon.core.webui.keyword.builtin.VerifyElementPresentKeyword$_verifyElementPresent_closure1.doCall(VerifyElementPresentKeyword.groovy:85)
	at com.kms.katalon.core.webui.keyword.builtin.VerifyElementPresentKeyword$_verifyElementPresent_closure1.call(VerifyElementPresentKeyword.groovy)
	at com.kms.katalon.core.webui.keyword.internal.WebUIKeywordMain.runKeyword(WebUIKeywordMain.groovy:20)
	at com.kms.katalon.core.webui.keyword.builtin.VerifyElementPresentKeyword.verifyElementPresent(VerifyElementPresentKeyword.groovy:92)
	at com.kms.katalon.core.webui.keyword.builtin.VerifyElementPresentKeyword.execute(VerifyElementPresentKeyword.groovy:68)
	at com.kms.katalon.core.keyword.internal.KeywordExecutor.executeKeywordForPlatform(KeywordExecutor.groovy:73)
	at com.kms.katalon.core.webui.keyword.WebUiBuiltInKeywords.verifyElementPresent(WebUiBuiltInKeywords.groovy:1444)
	at com.kms.katalon.core.webui.keyword.WebUiBuiltInKeywords$verifyElementPresent$11.call(Unknown Source)
	at ist_real.Contract_Dispatcher.VerifyTblFilled(Contract_Dispatcher.groovy:1313)
	at ist_real.Contract_Dispatcher$VerifyTblFilled$0.call(Unknown Source)
	at RTD.Search_Result_Presents(RTD.groovy:191)
	at cucumber.runtime.Utils$1.call(Utils.java:26)
	at cucumber.runtime.Timeout.timeout(Timeout.java:16)
	at cucumber.runtime.Utils.invoke(Utils.java:20)
	at cucumber.runtime.java.JavaStepDefinition.execute(JavaStepDefinition.java:48)
	at cucumber.runtime.PickleStepDefinitionMatch.runStep(PickleStepDefinitionMatch.java:50)
	at cucumber.runner.TestStep.executeStep(TestStep.java:55)
	at cucumber.runner.TestStep.run(TestStep.java:42)
	at cucumber.runner.PickleStepTestStep.run(PickleStepTestStep.java:53)
	at cucumber.runner.TestCase.run(TestCase.java:47)
	at cucumber.runner.Runner.runPickle(Runner.java:44)
	at cucumber.runtime.Runtime.runFeature(Runtime.java:120)
	at cucumber.runtime.Runtime.run(Runtime.java:106)
	at cucumber.api.cli.Main.run(Main.java:35)
	at cucumber.api.cli.Main$run.call(Unknown Source)
	at com.kms.katalon.core.cucumber.keyword.CucumberBuiltinKeywords$_runFeatureFile_closure1.doCall(CucumberBuiltinKeywords.groovy:76)
	at com.kms.katalon.core.cucumber.keyword.CucumberBuiltinKeywords$_runFeatureFile_closure1.doCall(CucumberBuiltinKeywords.groovy)
	at com.kms.katalon.core.keyword.internal.KeywordMain.runKeyword(KeywordMain.groovy:68)
	at com.kms.katalon.core.keyword.internal.KeywordMain$runKeyword.call(Unknown Source)
	at com.kms.katalon.core.cucumber.keyword.CucumberBuiltinKeywords.runFeatureFile(CucumberBuiltinKeywords.groovy:46)
	at com.kms.katalon.core.cucumber.keyword.CucumberBuiltinKeywords$runFeatureFile$0.callStatic(Unknown Source)
	at com.kms.katalon.core.cucumber.keyword.CucumberBuiltinKeywords.runFeatureFile(CucumberBuiltinKeywords.groovy:169)
	at com.kms.katalon.core.cucumber.keyword.CucumberBuiltinKeywords$runFeatureFile.call(Unknown Source)
	at TC_Search_by_STATUS.run(TC_Search_by_STATUS:18)
	at com.kms.katalon.core.main.ScriptEngine.run(ScriptEngine.java:194)
	at com.kms.katalon.core.main.ScriptEngine.runScriptAsRawText(ScriptEngine.java:119)
	at com.kms.katalon.core.main.TestCaseExecutor.runScript(TestCaseExecutor.java:339)
	at com.kms.katalon.core.main.TestCaseExecutor.doExecute(TestCaseExecutor.java:330)
	at com.kms.katalon.core.main.TestCaseExecutor.processExecutionPhase(TestCaseExecutor.java:309)
	at com.kms.katalon.core.main.TestCaseExecutor.accessMainPhase(TestCaseExecutor.java:301)
	at com.kms.katalon.core.main.TestCaseExecutor.execute(TestCaseExecutor.java:235)
	at com.kms.katalon.core.main.TestSuiteExecutor.accessTestCaseMainPhase(TestSuiteExecutor.java:191)
	at com.kms.katalon.core.main.TestSuiteExecutor.accessTestSuiteMainPhase(TestSuiteExecutor.java:141)
	at com.kms.katalon.core.main.TestSuiteExecutor.execute(TestSuiteExecutor.java:90)
	at com.kms.katalon.core.main.TestCaseMain.startTestSuite(TestCaseMain.java:157)
	at com.kms.katalon.core.main.TestCaseMain$startTestSuite$0.call(Unknown Source)
	at TempTestSuite1611224749411.run(TempTestSuite1611224749411.groovy:39)
)
[[ATTACHMENT|/Users/chaidir.pratama01/Katalon Studio/IST_Automation_Git/Reports/20210121_172548/RTD/TS_Partner_Disbursement_SBO/20210121_172549/1611225150744.png]]

2021-01-21 17:32:31 - [MESSAGE][PASSED] - Verify Search Result Presents

2021-01-21 17:32:31 - [TEST_STEP][PASSED] - Click button "Logout": Click button "Logout"

2021-01-21 17:32:31 - [MESSAGE][INFO] - >>>>>//Button[contains(text(),'Logout')]

2021-01-21 17:32:34 - [MESSAGE][PASSED] - Object '' is present

2021-01-21 17:32:34 - [MESSAGE][PASSED] - Object: '' is clicked on

2021-01-21 17:32:34 - [MESSAGE][PASSED] - Switched to window with index: '0'

2021-01-21 17:32:34 - [MESSAGE][PASSED] - Click button "Logout"

2021-01-21 17:32:34 - [TEST_STEP][PASSED] - Close browser: Close browser

2021-01-21 17:32:34 - [MESSAGE][PASSED] - Browser is closed

2021-01-21 17:32:34 - [MESSAGE][PASSED] - Close browser

2021-01-21 17:32:34 - [TEST_CASE][PASSED] - Start Test Case : SCENARIO Search by STATUS Manual Disbursement: SCENARIO Search by STATUS Manual Disbursement

2021-01-21 17:32:34 - [TEST_STEP][PASSED] - Go to ISTools: Go to ISTools

2021-01-21 17:32:34 - [MESSAGE][INFO] - Starting 'Chrome (headless)' driver

2021-01-21 17:32:34 - [MESSAGE][INFO] - User set preference: ['args', '[--start-maximized, --disable-gpu, --no-proxy-server, â€“-no-sandbox, --allow-running-insecure-content, --ignore-certificate-errors, window-size=1680,814, force-device-scale-factor=2, --lang=en-GB]']

2021-01-21 17:32:34 - [MESSAGE][INFO] - User set preference: ['prefs', '{download.default_directory=/Users/chaidir.pratama01/Katalon Studio/IST_Automation_Git/Download}']

2021-01-21 17:32:34 - [MESSAGE][INFO] - Action delay is set to 0 milliseconds

2021-01-21 17:32:35 - [MESSAGE][PASSED] - Browser is opened with url: ''

2021-01-21 17:32:35 - [MESSAGE][PASSED] - Navigate to 'https://dev-istools.homecredit.id/foundation/' successfully

2021-01-21 17:32:35 - [MESSAGE][PASSED] - Go to ISTools

2021-01-21 17:32:35 - [TEST_STEP][PASSED] - Login IST with valid credentials: Login IST with valid credentials

2021-01-21 17:32:36 - [MESSAGE][PASSED] - Text 'mobile.test' is set on object 'Object Repository/Page_/input_Username_j_username'

2021-01-21 17:32:36 - [MESSAGE][PASSED] - Text ****** has been set on object 'Object Repository/Page_/input_Password_j_password'

2021-01-21 17:32:36 - [MESSAGE][PASSED] - Object: 'Object Repository/Page_/button_Login' is clicked on

2021-01-21 17:32:36 - [MESSAGE][PASSED] - Login IST with valid credentials

2021-01-21 17:32:36 - [TEST_STEP][PASSED] - Login Success: Login Success

2021-01-21 17:32:36 - [MESSAGE][INFO] - Login Success

2021-01-21 17:32:36 - [MESSAGE][PASSED] - Current window maximized

2021-01-21 17:32:36 - [MESSAGE][PASSED] - Object 'Object Repository/Page_/h1_Welcome to IT Supporting Tools' is present

2021-01-21 17:32:36 - [MESSAGE][PASSED] - Login Success

2021-01-21 17:32:36 - [TEST_STEP][PASSED] - Select Arrow Menu "Real Time Disbursement": Select Arrow Menu "Real Time Disbursement"

2021-01-21 17:32:36 - [MESSAGE][PASSED] - Object: '' is clicked on

2021-01-21 17:32:36 - [MESSAGE][PASSED] - Select Arrow Menu "Real Time Disbursement"

2021-01-21 17:32:36 - [TEST_STEP][PASSED] - Select Menu "Partner Disbursement SBO": Select Menu "Partner Disbursement SBO"

2021-01-21 17:32:37 - [MESSAGE][PASSED] - Taking screenshot successfully
[[ATTACHMENT|/Users/chaidir.pratama01/Documents/Docs/Katalon Studio/Screenshot/test-Partner Disbursement SBO.png]]

2021-01-21 17:32:37 - [MESSAGE][PASSED] - Object '' is present

2021-01-21 17:32:37 - [MESSAGE][PASSED] - Object: '' is clicked on

2021-01-21 17:32:37 - [MESSAGE][PASSED] - Wait for page load successfully

2021-01-21 17:32:37 - [MESSAGE][PASSED] - Select Menu "Partner Disbursement SBO"

2021-01-21 17:32:37 - [TEST_STEP][PASSED] - Select STATUS "Manual Disbursement": Select STATUS "Manual Disbursement"

2021-01-21 17:32:37 - [MESSAGE][PASSED] - All options with value 'Manual Disbursement' are selected in object ''  using regular expression

2021-01-21 17:32:37 - [MESSAGE][PASSED] - Select STATUS "Manual Disbursement"

2021-01-21 17:32:37 - [TEST_STEP][PASSED] - Click button "Search": Click button "Search"

2021-01-21 17:32:37 - [MESSAGE][INFO] - >>>>>//Button[contains(text(),'Search')]

2021-01-21 17:32:40 - [MESSAGE][PASSED] - Object '' is present

2021-01-21 17:32:40 - [MESSAGE][PASSED] - Object: '' is clicked on

2021-01-21 17:32:40 - [MESSAGE][PASSED] - Switched to window with index: '0'

2021-01-21 17:32:40 - [MESSAGE][PASSED] - Click button "Search"

2021-01-21 17:32:40 - [TEST_STEP][PASSED] - Verify Search Result Presents: Verify Search Result Presents

2021-01-21 17:32:41 - [MESSAGE][PASSED] - Object '' is present

2021-01-21 17:32:51 - [MESSAGE][PASSED] - Verify Search Result Presents

2021-01-21 17:32:51 - [TEST_STEP][PASSED] - Click button "Logout": Click button "Logout"

2021-01-21 17:32:51 - [MESSAGE][INFO] - >>>>>//Button[contains(text(),'Logout')]

2021-01-21 17:32:54 - [MESSAGE][PASSED] - Object '' is present

2021-01-21 17:32:54 - [MESSAGE][PASSED] - Object: '' is clicked on

2021-01-21 17:32:54 - [MESSAGE][PASSED] - Switched to window with index: '0'

2021-01-21 17:32:54 - [MESSAGE][PASSED] - Click button "Logout"

2021-01-21 17:32:54 - [TEST_STEP][PASSED] - Close browser: Close browser

2021-01-21 17:32:54 - [MESSAGE][PASSED] - Browser is closed

2021-01-21 17:32:54 - [MESSAGE][PASSED] - Close browser

2021-01-21 17:32:54 - [TEST_CASE][PASSED] - Start Test Case : SCENARIO Search by STATUS DONE: SCENARIO Search by STATUS DONE

2021-01-21 17:32:54 - [TEST_STEP][PASSED] - Go to ISTools: Go to ISTools

2021-01-21 17:32:54 - [MESSAGE][INFO] - Starting 'Chrome (headless)' driver

2021-01-21 17:32:54 - [MESSAGE][INFO] - User set preference: ['args', '[--start-maximized, --disable-gpu, --no-proxy-server, â€“-no-sandbox, --allow-running-insecure-content, --ignore-certificate-errors, window-size=1680,814, force-device-scale-factor=2, --lang=en-GB]']

2021-01-21 17:32:54 - [MESSAGE][INFO] - User set preference: ['prefs', '{download.default_directory=/Users/chaidir.pratama01/Katalon Studio/IST_Automation_Git/Download}']

2021-01-21 17:32:54 - [MESSAGE][INFO] - Action delay is set to 0 milliseconds

2021-01-21 17:32:54 - [MESSAGE][PASSED] - Browser is opened with url: ''

2021-01-21 17:32:55 - [MESSAGE][PASSED] - Navigate to 'https://dev-istools.homecredit.id/foundation/' successfully

2021-01-21 17:32:55 - [MESSAGE][PASSED] - Go to ISTools

2021-01-21 17:32:55 - [TEST_STEP][PASSED] - Login IST with valid credentials: Login IST with valid credentials

2021-01-21 17:32:55 - [MESSAGE][PASSED] - Text 'mobile.test' is set on object 'Object Repository/Page_/input_Username_j_username'

2021-01-21 17:32:55 - [MESSAGE][PASSED] - Text ****** has been set on object 'Object Repository/Page_/input_Password_j_password'

2021-01-21 17:32:56 - [MESSAGE][PASSED] - Object: 'Object Repository/Page_/button_Login' is clicked on

2021-01-21 17:32:56 - [MESSAGE][PASSED] - Login IST with valid credentials

2021-01-21 17:32:56 - [TEST_STEP][PASSED] - Login Success: Login Success

2021-01-21 17:32:56 - [MESSAGE][INFO] - Login Success

2021-01-21 17:32:56 - [MESSAGE][PASSED] - Current window maximized

2021-01-21 17:32:56 - [MESSAGE][PASSED] - Object 'Object Repository/Page_/h1_Welcome to IT Supporting Tools' is present

2021-01-21 17:32:56 - [MESSAGE][PASSED] - Login Success

2021-01-21 17:32:56 - [TEST_STEP][PASSED] - Select Arrow Menu "Real Time Disbursement": Select Arrow Menu "Real Time Disbursement"

2021-01-21 17:32:56 - [MESSAGE][PASSED] - Object: '' is clicked on

2021-01-21 17:32:56 - [MESSAGE][PASSED] - Select Arrow Menu "Real Time Disbursement"

2021-01-21 17:32:56 - [TEST_STEP][PASSED] - Select Menu "Partner Disbursement SBO": Select Menu "Partner Disbursement SBO"

2021-01-21 17:32:56 - [MESSAGE][PASSED] - Taking screenshot successfully
[[ATTACHMENT|/Users/chaidir.pratama01/Documents/Docs/Katalon Studio/Screenshot/test-Partner Disbursement SBO.png]]

2021-01-21 17:32:56 - [MESSAGE][PASSED] - Object '' is present

2021-01-21 17:32:56 - [MESSAGE][PASSED] - Object: '' is clicked on

2021-01-21 17:32:56 - [MESSAGE][PASSED] - Wait for page load successfully

2021-01-21 17:32:56 - [MESSAGE][PASSED] - Select Menu "Partner Disbursement SBO"

2021-01-21 17:32:56 - [TEST_STEP][PASSED] - Select STATUS "DONE": Select STATUS "DONE"

2021-01-21 17:32:57 - [MESSAGE][PASSED] - All options with value 'DONE' are selected in object ''  using regular expression

2021-01-21 17:32:57 - [MESSAGE][PASSED] - Select STATUS "DONE"

2021-01-21 17:32:57 - [TEST_STEP][PASSED] - Click button "Search": Click button "Search"

2021-01-21 17:32:57 - [MESSAGE][INFO] - >>>>>//Button[contains(text(),'Search')]

2021-01-21 17:33:00 - [MESSAGE][PASSED] - Object '' is present

2021-01-21 17:33:00 - [MESSAGE][PASSED] - Object: '' is clicked on

2021-01-21 17:33:00 - [MESSAGE][PASSED] - Switched to window with index: '0'

2021-01-21 17:33:00 - [MESSAGE][PASSED] - Click button "Search"

2021-01-21 17:33:00 - [TEST_STEP][PASSED] - Verify Search Result Presents: Verify Search Result Presents

2021-01-21 17:33:00 - [MESSAGE][PASSED] - Object '' is present

2021-01-21 17:33:07 - [MESSAGE][PASSED] - Verify Search Result Presents

2021-01-21 17:33:07 - [TEST_STEP][PASSED] - Click button "Logout": Click button "Logout"

2021-01-21 17:33:07 - [MESSAGE][INFO] - >>>>>//Button[contains(text(),'Logout')]

2021-01-21 17:33:10 - [MESSAGE][PASSED] - Object '' is present

2021-01-21 17:33:11 - [MESSAGE][PASSED] - Object: '' is clicked on

2021-01-21 17:33:11 - [MESSAGE][PASSED] - Switched to window with index: '0'

2021-01-21 17:33:11 - [MESSAGE][PASSED] - Click button "Logout"

2021-01-21 17:33:11 - [TEST_STEP][PASSED] - Close browser: Close browser

2021-01-21 17:33:11 - [MESSAGE][PASSED] - Browser is closed

2021-01-21 17:33:11 - [MESSAGE][PASSED] - Close browser

2021-01-21 17:33:11 - [TEST_CASE][PASSED] - Start Test Case : SCENARIO Search by STATUS Waiting Partner Confirmation: SCENARIO Search by STATUS Waiting Partner Confirmation

2021-01-21 17:33:11 - [TEST_STEP][PASSED] - Go to ISTools: Go to ISTools

2021-01-21 17:33:11 - [MESSAGE][INFO] - Starting 'Chrome (headless)' driver

2021-01-21 17:33:11 - [MESSAGE][INFO] - User set preference: ['args', '[--start-maximized, --disable-gpu, --no-proxy-server, â€“-no-sandbox, --allow-running-insecure-content, --ignore-certificate-errors, window-size=1680,814, force-device-scale-factor=2, --lang=en-GB]']

2021-01-21 17:33:11 - [MESSAGE][INFO] - User set preference: ['prefs', '{download.default_directory=/Users/chaidir.pratama01/Katalon Studio/IST_Automation_Git/Download}']

2021-01-21 17:33:11 - [MESSAGE][INFO] - Action delay is set to 0 milliseconds

2021-01-21 17:33:11 - [MESSAGE][PASSED] - Browser is opened with url: ''

2021-01-21 17:33:12 - [MESSAGE][PASSED] - Navigate to 'https://dev-istools.homecredit.id/foundation/' successfully

2021-01-21 17:33:12 - [MESSAGE][PASSED] - Go to ISTools

2021-01-21 17:33:12 - [TEST_STEP][PASSED] - Login IST with valid credentials: Login IST with valid credentials

2021-01-21 17:33:12 - [MESSAGE][PASSED] - Text 'mobile.test' is set on object 'Object Repository/Page_/input_Username_j_username'

2021-01-21 17:33:12 - [MESSAGE][PASSED] - Text ****** has been set on object 'Object Repository/Page_/input_Password_j_password'

2021-01-21 17:33:12 - [MESSAGE][PASSED] - Object: 'Object Repository/Page_/button_Login' is clicked on

2021-01-21 17:33:12 - [MESSAGE][PASSED] - Login IST with valid credentials

2021-01-21 17:33:12 - [TEST_STEP][PASSED] - Login Success: Login Success

2021-01-21 17:33:12 - [MESSAGE][INFO] - Login Success

2021-01-21 17:33:13 - [MESSAGE][PASSED] - Current window maximized

2021-01-21 17:33:13 - [MESSAGE][PASSED] - Object 'Object Repository/Page_/h1_Welcome to IT Supporting Tools' is present

2021-01-21 17:33:13 - [MESSAGE][PASSED] - Login Success

2021-01-21 17:33:13 - [TEST_STEP][PASSED] - Select Arrow Menu "Real Time Disbursement": Select Arrow Menu "Real Time Disbursement"

2021-01-21 17:33:13 - [MESSAGE][PASSED] - Object: '' is clicked on

2021-01-21 17:33:13 - [MESSAGE][PASSED] - Select Arrow Menu "Real Time Disbursement"

2021-01-21 17:33:13 - [TEST_STEP][PASSED] - Select Menu "Partner Disbursement SBO": Select Menu "Partner Disbursement SBO"

2021-01-21 17:33:13 - [MESSAGE][PASSED] - Taking screenshot successfully
[[ATTACHMENT|/Users/chaidir.pratama01/Documents/Docs/Katalon Studio/Screenshot/test-Partner Disbursement SBO.png]]

2021-01-21 17:33:13 - [MESSAGE][PASSED] - Object '' is present

2021-01-21 17:33:13 - [MESSAGE][PASSED] - Object: '' is clicked on

2021-01-21 17:33:13 - [MESSAGE][PASSED] - Wait for page load successfully

2021-01-21 17:33:13 - [MESSAGE][PASSED] - Select Menu "Partner Disbursement SBO"

2021-01-21 17:33:13 - [TEST_STEP][PASSED] - Select STATUS "Waiting Partner Confirmation": Select STATUS "Waiting Partner Confirmation"

2021-01-21 17:33:14 - [MESSAGE][PASSED] - All options with value 'Waiting Partner Confirmation' are selected in object ''  using regular expression

2021-01-21 17:33:14 - [MESSAGE][PASSED] - Select STATUS "Waiting Partner Confirmation"

2021-01-21 17:33:14 - [TEST_STEP][PASSED] - Click button "Search": Click button "Search"

2021-01-21 17:33:14 - [MESSAGE][INFO] - >>>>>//Button[contains(text(),'Search')]

2021-01-21 17:33:17 - [MESSAGE][PASSED] - Object '' is present

2021-01-21 17:33:17 - [MESSAGE][PASSED] - Object: '' is clicked on

2021-01-21 17:33:17 - [MESSAGE][PASSED] - Switched to window with index: '0'

2021-01-21 17:33:17 - [MESSAGE][PASSED] - Click button "Search"

2021-01-21 17:33:17 - [TEST_STEP][PASSED] - Verify Search Result Presents: Verify Search Result Presents

2021-01-21 17:33:21 - [MESSAGE][INFO] - Unable to find the element located by 'By.xpath: //td[@style='display:none' and contains(text(),'-Empty-')]'. Please recheck the objects properties to make sure the desired element is located. 

2021-01-21 17:33:21 - [MESSAGE][WARNING] - com.kms.katalon.core.webui.exception.WebElementNotFoundException: Web element with id: '' located by '//td[@style='display:none' and contains(text(),'-Empty-')]' not found (Root cause: com.kms.katalon.core.exception.StepFailedException: com.kms.katalon.core.webui.exception.WebElementNotFoundException: Web element with id: '' located by '//td[@style='display:none' and contains(text(),'-Empty-')]' not found
	at com.kms.katalon.core.webui.keyword.internal.WebUIKeywordMain.stepFailed(WebUIKeywordMain.groovy:64)
	at com.kms.katalon.core.webui.keyword.builtin.VerifyElementPresentKeyword$_verifyElementPresent_closure1.doCall(VerifyElementPresentKeyword.groovy:85)
	at com.kms.katalon.core.webui.keyword.builtin.VerifyElementPresentKeyword$_verifyElementPresent_closure1.call(VerifyElementPresentKeyword.groovy)
	at com.kms.katalon.core.webui.keyword.internal.WebUIKeywordMain.runKeyword(WebUIKeywordMain.groovy:20)
	at com.kms.katalon.core.webui.keyword.builtin.VerifyElementPresentKeyword.verifyElementPresent(VerifyElementPresentKeyword.groovy:92)
	at com.kms.katalon.core.webui.keyword.builtin.VerifyElementPresentKeyword.execute(VerifyElementPresentKeyword.groovy:68)
	at com.kms.katalon.core.keyword.internal.KeywordExecutor.executeKeywordForPlatform(KeywordExecutor.groovy:73)
	at com.kms.katalon.core.webui.keyword.WebUiBuiltInKeywords.verifyElementPresent(WebUiBuiltInKeywords.groovy:1444)
	at com.kms.katalon.core.webui.keyword.WebUiBuiltInKeywords$verifyElementPresent$11.call(Unknown Source)
	at ist_real.Contract_Dispatcher.VerifyTblFilled(Contract_Dispatcher.groovy:1313)
	at ist_real.Contract_Dispatcher$VerifyTblFilled$0.call(Unknown Source)
	at RTD.Search_Result_Presents(RTD.groovy:191)
	at cucumber.runtime.Utils$1.call(Utils.java:26)
	at cucumber.runtime.Timeout.timeout(Timeout.java:16)
	at cucumber.runtime.Utils.invoke(Utils.java:20)
	at cucumber.runtime.java.JavaStepDefinition.execute(JavaStepDefinition.java:48)
	at cucumber.runtime.PickleStepDefinitionMatch.runStep(PickleStepDefinitionMatch.java:50)
	at cucumber.runner.TestStep.executeStep(TestStep.java:55)
	at cucumber.runner.TestStep.run(TestStep.java:42)
	at cucumber.runner.PickleStepTestStep.run(PickleStepTestStep.java:53)
	at cucumber.runner.TestCase.run(TestCase.java:47)
	at cucumber.runner.Runner.runPickle(Runner.java:44)
	at cucumber.runtime.Runtime.runFeature(Runtime.java:120)
	at cucumber.runtime.Runtime.run(Runtime.java:106)
	at cucumber.api.cli.Main.run(Main.java:35)
	at cucumber.api.cli.Main$run.call(Unknown Source)
	at com.kms.katalon.core.cucumber.keyword.CucumberBuiltinKeywords$_runFeatureFile_closure1.doCall(CucumberBuiltinKeywords.groovy:76)
	at com.kms.katalon.core.cucumber.keyword.CucumberBuiltinKeywords$_runFeatureFile_closure1.doCall(CucumberBuiltinKeywords.groovy)
	at com.kms.katalon.core.keyword.internal.KeywordMain.runKeyword(KeywordMain.groovy:68)
	at com.kms.katalon.core.keyword.internal.KeywordMain$runKeyword.call(Unknown Source)
	at com.kms.katalon.core.cucumber.keyword.CucumberBuiltinKeywords.runFeatureFile(CucumberBuiltinKeywords.groovy:46)
	at com.kms.katalon.core.cucumber.keyword.CucumberBuiltinKeywords$runFeatureFile$0.callStatic(Unknown Source)
	at com.kms.katalon.core.cucumber.keyword.CucumberBuiltinKeywords.runFeatureFile(CucumberBuiltinKeywords.groovy:169)
	at com.kms.katalon.core.cucumber.keyword.CucumberBuiltinKeywords$runFeatureFile.call(Unknown Source)
	at TC_Search_by_STATUS.run(TC_Search_by_STATUS:18)
	at com.kms.katalon.core.main.ScriptEngine.run(ScriptEngine.java:194)
	at com.kms.katalon.core.main.ScriptEngine.runScriptAsRawText(ScriptEngine.java:119)
	at com.kms.katalon.core.main.TestCaseExecutor.runScript(TestCaseExecutor.java:339)
	at com.kms.katalon.core.main.TestCaseExecutor.doExecute(TestCaseExecutor.java:330)
	at com.kms.katalon.core.main.TestCaseExecutor.processExecutionPhase(TestCaseExecutor.java:309)
	at com.kms.katalon.core.main.TestCaseExecutor.accessMainPhase(TestCaseExecutor.java:301)
	at com.kms.katalon.core.main.TestCaseExecutor.execute(TestCaseExecutor.java:235)
	at com.kms.katalon.core.main.TestSuiteExecutor.accessTestCaseMainPhase(TestSuiteExecutor.java:191)
	at com.kms.katalon.core.main.TestSuiteExecutor.accessTestSuiteMainPhase(TestSuiteExecutor.java:141)
	at com.kms.katalon.core.main.TestSuiteExecutor.execute(TestSuiteExecutor.java:90)
	at com.kms.katalon.core.main.TestCaseMain.startTestSuite(TestCaseMain.java:157)
	at com.kms.katalon.core.main.TestCaseMain$startTestSuite$0.call(Unknown Source)
	at TempTestSuite1611224749411.run(TempTestSuite1611224749411.groovy:39)
)
[[ATTACHMENT|/Users/chaidir.pratama01/Katalon Studio/IST_Automation_Git/Reports/20210121_172548/RTD/TS_Partner_Disbursement_SBO/20210121_172549/1611225201287.png]]

2021-01-21 17:33:22 - [MESSAGE][PASSED] - Verify Search Result Presents

2021-01-21 17:33:22 - [TEST_STEP][PASSED] - Click button "Logout": Click button "Logout"

2021-01-21 17:33:22 - [MESSAGE][INFO] - >>>>>//Button[contains(text(),'Logout')]

2021-01-21 17:33:25 - [MESSAGE][PASSED] - Object '' is present

2021-01-21 17:33:25 - [MESSAGE][PASSED] - Object: '' is clicked on

2021-01-21 17:33:25 - [MESSAGE][PASSED] - Switched to window with index: '0'

2021-01-21 17:33:25 - [MESSAGE][PASSED] - Click button "Logout"

2021-01-21 17:33:25 - [TEST_STEP][PASSED] - Close browser: Close browser

2021-01-21 17:33:25 - [MESSAGE][PASSED] - Browser is closed

2021-01-21 17:33:25 - [MESSAGE][PASSED] - Close browser

2021-01-21 17:33:25 - [TEST_CASE][PASSED] - Start Test Case : SCENARIO Search by STATUS Success to Disburse: SCENARIO Search by STATUS Success to Disburse

2021-01-21 17:33:25 - [TEST_STEP][PASSED] - Go to ISTools: Go to ISTools

2021-01-21 17:33:25 - [MESSAGE][INFO] - Starting 'Chrome (headless)' driver

2021-01-21 17:33:25 - [MESSAGE][INFO] - User set preference: ['args', '[--start-maximized, --disable-gpu, --no-proxy-server, â€“-no-sandbox, --allow-running-insecure-content, --ignore-certificate-errors, window-size=1680,814, force-device-scale-factor=2, --lang=en-GB]']

2021-01-21 17:33:25 - [MESSAGE][INFO] - User set preference: ['prefs', '{download.default_directory=/Users/chaidir.pratama01/Katalon Studio/IST_Automation_Git/Download}']

2021-01-21 17:33:25 - [MESSAGE][INFO] - Action delay is set to 0 milliseconds

2021-01-21 17:33:25 - [MESSAGE][PASSED] - Browser is opened with url: ''

2021-01-21 17:33:26 - [MESSAGE][PASSED] - Navigate to 'https://dev-istools.homecredit.id/foundation/' successfully

2021-01-21 17:33:26 - [MESSAGE][PASSED] - Go to ISTools

2021-01-21 17:33:26 - [TEST_STEP][PASSED] - Login IST with valid credentials: Login IST with valid credentials

2021-01-21 17:33:26 - [MESSAGE][PASSED] - Text 'mobile.test' is set on object 'Object Repository/Page_/input_Username_j_username'

2021-01-21 17:33:26 - [MESSAGE][PASSED] - Text ****** has been set on object 'Object Repository/Page_/input_Password_j_password'

2021-01-21 17:33:27 - [MESSAGE][PASSED] - Object: 'Object Repository/Page_/button_Login' is clicked on

2021-01-21 17:33:27 - [MESSAGE][PASSED] - Login IST with valid credentials

2021-01-21 17:33:27 - [TEST_STEP][PASSED] - Login Success: Login Success

2021-01-21 17:33:27 - [MESSAGE][INFO] - Login Success

2021-01-21 17:33:27 - [MESSAGE][PASSED] - Current window maximized

2021-01-21 17:33:27 - [MESSAGE][PASSED] - Object 'Object Repository/Page_/h1_Welcome to IT Supporting Tools' is present

2021-01-21 17:33:27 - [MESSAGE][PASSED] - Login Success

2021-01-21 17:33:27 - [TEST_STEP][PASSED] - Select Arrow Menu "Real Time Disbursement": Select Arrow Menu "Real Time Disbursement"

2021-01-21 17:33:27 - [MESSAGE][PASSED] - Object: '' is clicked on

2021-01-21 17:33:27 - [MESSAGE][PASSED] - Select Arrow Menu "Real Time Disbursement"

2021-01-21 17:33:27 - [TEST_STEP][PASSED] - Select Menu "Partner Disbursement SBO": Select Menu "Partner Disbursement SBO"

2021-01-21 17:33:27 - [MESSAGE][PASSED] - Taking screenshot successfully
[[ATTACHMENT|/Users/chaidir.pratama01/Documents/Docs/Katalon Studio/Screenshot/test-Partner Disbursement SBO.png]]

2021-01-21 17:33:27 - [MESSAGE][PASSED] - Object '' is present

2021-01-21 17:33:28 - [MESSAGE][PASSED] - Object: '' is clicked on

2021-01-21 17:33:28 - [MESSAGE][PASSED] - Wait for page load successfully

2021-01-21 17:33:28 - [MESSAGE][PASSED] - Select Menu "Partner Disbursement SBO"

2021-01-21 17:33:28 - [TEST_STEP][PASSED] - Select STATUS "Success to Disburse": Select STATUS "Success to Disburse"

2021-01-21 17:33:28 - [MESSAGE][PASSED] - All options with value 'Success to Disburse' are selected in object ''  using regular expression

2021-01-21 17:33:28 - [MESSAGE][PASSED] - Select STATUS "Success to Disburse"

2021-01-21 17:33:28 - [TEST_STEP][PASSED] - Click button "Search": Click button "Search"

2021-01-21 17:33:28 - [MESSAGE][INFO] - >>>>>//Button[contains(text(),'Search')]

2021-01-21 17:33:31 - [MESSAGE][PASSED] - Object '' is present

2021-01-21 17:33:31 - [MESSAGE][PASSED] - Object: '' is clicked on

2021-01-21 17:33:31 - [MESSAGE][PASSED] - Switched to window with index: '0'

2021-01-21 17:33:31 - [MESSAGE][PASSED] - Click button "Search"

2021-01-21 17:33:31 - [TEST_STEP][PASSED] - Verify Search Result Presents: Verify Search Result Presents

2021-01-21 17:33:35 - [MESSAGE][INFO] - Unable to find the element located by 'By.xpath: //td[@style='display:none' and contains(text(),'-Empty-')]'. Please recheck the objects properties to make sure the desired element is located. 

2021-01-21 17:33:36 - [MESSAGE][WARNING] - com.kms.katalon.core.webui.exception.WebElementNotFoundException: Web element with id: '' located by '//td[@style='display:none' and contains(text(),'-Empty-')]' not found (Root cause: com.kms.katalon.core.exception.StepFailedException: com.kms.katalon.core.webui.exception.WebElementNotFoundException: Web element with id: '' located by '//td[@style='display:none' and contains(text(),'-Empty-')]' not found
	at com.kms.katalon.core.webui.keyword.internal.WebUIKeywordMain.stepFailed(WebUIKeywordMain.groovy:64)
	at com.kms.katalon.core.webui.keyword.builtin.VerifyElementPresentKeyword$_verifyElementPresent_closure1.doCall(VerifyElementPresentKeyword.groovy:85)
	at com.kms.katalon.core.webui.keyword.builtin.VerifyElementPresentKeyword$_verifyElementPresent_closure1.call(VerifyElementPresentKeyword.groovy)
	at com.kms.katalon.core.webui.keyword.internal.WebUIKeywordMain.runKeyword(WebUIKeywordMain.groovy:20)
	at com.kms.katalon.core.webui.keyword.builtin.VerifyElementPresentKeyword.verifyElementPresent(VerifyElementPresentKeyword.groovy:92)
	at com.kms.katalon.core.webui.keyword.builtin.VerifyElementPresentKeyword.execute(VerifyElementPresentKeyword.groovy:68)
	at com.kms.katalon.core.keyword.internal.KeywordExecutor.executeKeywordForPlatform(KeywordExecutor.groovy:73)
	at com.kms.katalon.core.webui.keyword.WebUiBuiltInKeywords.verifyElementPresent(WebUiBuiltInKeywords.groovy:1444)
	at com.kms.katalon.core.webui.keyword.WebUiBuiltInKeywords$verifyElementPresent$11.call(Unknown Source)
	at ist_real.Contract_Dispatcher.VerifyTblFilled(Contract_Dispatcher.groovy:1313)
	at ist_real.Contract_Dispatcher$VerifyTblFilled$0.call(Unknown Source)
	at RTD.Search_Result_Presents(RTD.groovy:191)
	at cucumber.runtime.Utils$1.call(Utils.java:26)
	at cucumber.runtime.Timeout.timeout(Timeout.java:16)
	at cucumber.runtime.Utils.invoke(Utils.java:20)
	at cucumber.runtime.java.JavaStepDefinition.execute(JavaStepDefinition.java:48)
	at cucumber.runtime.PickleStepDefinitionMatch.runStep(PickleStepDefinitionMatch.java:50)
	at cucumber.runner.TestStep.executeStep(TestStep.java:55)
	at cucumber.runner.TestStep.run(TestStep.java:42)
	at cucumber.runner.PickleStepTestStep.run(PickleStepTestStep.java:53)
	at cucumber.runner.TestCase.run(TestCase.java:47)
	at cucumber.runner.Runner.runPickle(Runner.java:44)
	at cucumber.runtime.Runtime.runFeature(Runtime.java:120)
	at cucumber.runtime.Runtime.run(Runtime.java:106)
	at cucumber.api.cli.Main.run(Main.java:35)
	at cucumber.api.cli.Main$run.call(Unknown Source)
	at com.kms.katalon.core.cucumber.keyword.CucumberBuiltinKeywords$_runFeatureFile_closure1.doCall(CucumberBuiltinKeywords.groovy:76)
	at com.kms.katalon.core.cucumber.keyword.CucumberBuiltinKeywords$_runFeatureFile_closure1.doCall(CucumberBuiltinKeywords.groovy)
	at com.kms.katalon.core.keyword.internal.KeywordMain.runKeyword(KeywordMain.groovy:68)
	at com.kms.katalon.core.keyword.internal.KeywordMain$runKeyword.call(Unknown Source)
	at com.kms.katalon.core.cucumber.keyword.CucumberBuiltinKeywords.runFeatureFile(CucumberBuiltinKeywords.groovy:46)
	at com.kms.katalon.core.cucumber.keyword.CucumberBuiltinKeywords$runFeatureFile$0.callStatic(Unknown Source)
	at com.kms.katalon.core.cucumber.keyword.CucumberBuiltinKeywords.runFeatureFile(CucumberBuiltinKeywords.groovy:169)
	at com.kms.katalon.core.cucumber.keyword.CucumberBuiltinKeywords$runFeatureFile.call(Unknown Source)
	at TC_Search_by_STATUS.run(TC_Search_by_STATUS:18)
	at com.kms.katalon.core.main.ScriptEngine.run(ScriptEngine.java:194)
	at com.kms.katalon.core.main.ScriptEngine.runScriptAsRawText(ScriptEngine.java:119)
	at com.kms.katalon.core.main.TestCaseExecutor.runScript(TestCaseExecutor.java:339)
	at com.kms.katalon.core.main.TestCaseExecutor.doExecute(TestCaseExecutor.java:330)
	at com.kms.katalon.core.main.TestCaseExecutor.processExecutionPhase(TestCaseExecutor.java:309)
	at com.kms.katalon.core.main.TestCaseExecutor.accessMainPhase(TestCaseExecutor.java:301)
	at com.kms.katalon.core.main.TestCaseExecutor.execute(TestCaseExecutor.java:235)
	at com.kms.katalon.core.main.TestSuiteExecutor.accessTestCaseMainPhase(TestSuiteExecutor.java:191)
	at com.kms.katalon.core.main.TestSuiteExecutor.accessTestSuiteMainPhase(TestSuiteExecutor.java:141)
	at com.kms.katalon.core.main.TestSuiteExecutor.execute(TestSuiteExecutor.java:90)
	at com.kms.katalon.core.main.TestCaseMain.startTestSuite(TestCaseMain.java:157)
	at com.kms.katalon.core.main.TestCaseMain$startTestSuite$0.call(Unknown Source)
	at TempTestSuite1611224749411.run(TempTestSuite1611224749411.groovy:39)
)
[[ATTACHMENT|/Users/chaidir.pratama01/Katalon Studio/IST_Automation_Git/Reports/20210121_172548/RTD/TS_Partner_Disbursement_SBO/20210121_172549/1611225215555.png]]

2021-01-21 17:33:36 - [MESSAGE][PASSED] - Verify Search Result Presents

2021-01-21 17:33:36 - [TEST_STEP][PASSED] - Click button "Logout": Click button "Logout"

2021-01-21 17:33:36 - [MESSAGE][INFO] - >>>>>//Button[contains(text(),'Logout')]

2021-01-21 17:33:39 - [MESSAGE][PASSED] - Object '' is present

2021-01-21 17:33:39 - [MESSAGE][PASSED] - Object: '' is clicked on

2021-01-21 17:33:39 - [MESSAGE][PASSED] - Switched to window with index: '0'

2021-01-21 17:33:39 - [MESSAGE][PASSED] - Click button "Logout"

2021-01-21 17:33:39 - [TEST_STEP][PASSED] - Close browser: Close browser

2021-01-21 17:33:39 - [MESSAGE][PASSED] - Browser is closed

2021-01-21 17:33:39 - [MESSAGE][PASSED] - Close browser

2021-01-21 17:33:39 - [TEST_CASE][PASSED] - Start Test Case : SCENARIO Search by STATUS Hold Payment Recreation: SCENARIO Search by STATUS Hold Payment Recreation

2021-01-21 17:33:39 - [TEST_STEP][PASSED] - Go to ISTools: Go to ISTools

2021-01-21 17:33:39 - [MESSAGE][INFO] - Starting 'Chrome (headless)' driver

2021-01-21 17:33:39 - [MESSAGE][INFO] - User set preference: ['args', '[--start-maximized, --disable-gpu, --no-proxy-server, â€“-no-sandbox, --allow-running-insecure-content, --ignore-certificate-errors, window-size=1680,814, force-device-scale-factor=2, --lang=en-GB]']

2021-01-21 17:33:39 - [MESSAGE][INFO] - User set preference: ['prefs', '{download.default_directory=/Users/chaidir.pratama01/Katalon Studio/IST_Automation_Git/Download}']

2021-01-21 17:33:39 - [MESSAGE][INFO] - Action delay is set to 0 milliseconds

2021-01-21 17:33:39 - [MESSAGE][PASSED] - Browser is opened with url: ''

2021-01-21 17:33:40 - [MESSAGE][PASSED] - Navigate to 'https://dev-istools.homecredit.id/foundation/' successfully

2021-01-21 17:33:40 - [MESSAGE][PASSED] - Go to ISTools

2021-01-21 17:33:40 - [TEST_STEP][PASSED] - Login IST with valid credentials: Login IST with valid credentials

2021-01-21 17:33:40 - [MESSAGE][PASSED] - Text 'mobile.test' is set on object 'Object Repository/Page_/input_Username_j_username'

2021-01-21 17:33:40 - [MESSAGE][PASSED] - Text ****** has been set on object 'Object Repository/Page_/input_Password_j_password'

2021-01-21 17:33:41 - [MESSAGE][PASSED] - Object: 'Object Repository/Page_/button_Login' is clicked on

2021-01-21 17:33:41 - [MESSAGE][PASSED] - Login IST with valid credentials

2021-01-21 17:33:41 - [TEST_STEP][PASSED] - Login Success: Login Success

2021-01-21 17:33:41 - [MESSAGE][INFO] - Login Success

2021-01-21 17:33:41 - [MESSAGE][PASSED] - Current window maximized

2021-01-21 17:33:41 - [MESSAGE][PASSED] - Object 'Object Repository/Page_/h1_Welcome to IT Supporting Tools' is present

2021-01-21 17:33:41 - [MESSAGE][PASSED] - Login Success

2021-01-21 17:33:41 - [TEST_STEP][PASSED] - Select Arrow Menu "Real Time Disbursement": Select Arrow Menu "Real Time Disbursement"

2021-01-21 17:33:41 - [MESSAGE][PASSED] - Object: '' is clicked on

2021-01-21 17:33:41 - [MESSAGE][PASSED] - Select Arrow Menu "Real Time Disbursement"

2021-01-21 17:33:41 - [TEST_STEP][PASSED] - Select Menu "Partner Disbursement SBO": Select Menu "Partner Disbursement SBO"

2021-01-21 17:33:42 - [MESSAGE][PASSED] - Taking screenshot successfully
[[ATTACHMENT|/Users/chaidir.pratama01/Documents/Docs/Katalon Studio/Screenshot/test-Partner Disbursement SBO.png]]

2021-01-21 17:33:42 - [MESSAGE][PASSED] - Object '' is present

2021-01-21 17:33:42 - [MESSAGE][PASSED] - Object: '' is clicked on

2021-01-21 17:33:42 - [MESSAGE][PASSED] - Wait for page load successfully

2021-01-21 17:33:42 - [MESSAGE][PASSED] - Select Menu "Partner Disbursement SBO"

2021-01-21 17:33:42 - [TEST_STEP][PASSED] - Select STATUS "Hold Payment Recreation": Select STATUS "Hold Payment Recreation"

2021-01-21 17:33:42 - [MESSAGE][PASSED] - All options with value 'Hold Payment Recreation' are selected in object ''  using regular expression

2021-01-21 17:33:42 - [MESSAGE][PASSED] - Select STATUS "Hold Payment Recreation"

2021-01-21 17:33:42 - [TEST_STEP][PASSED] - Click button "Search": Click button "Search"

2021-01-21 17:33:42 - [MESSAGE][INFO] - >>>>>//Button[contains(text(),'Search')]

2021-01-21 17:33:45 - [MESSAGE][PASSED] - Object '' is present

2021-01-21 17:33:45 - [MESSAGE][PASSED] - Object: '' is clicked on

2021-01-21 17:33:45 - [MESSAGE][PASSED] - Switched to window with index: '0'

2021-01-21 17:33:45 - [MESSAGE][PASSED] - Click button "Search"

2021-01-21 17:33:45 - [TEST_STEP][PASSED] - Verify Search Result Presents: Verify Search Result Presents

2021-01-21 17:33:45 - [MESSAGE][PASSED] - Object '' is present

2021-01-21 17:33:52 - [MESSAGE][PASSED] - Verify Search Result Presents

2021-01-21 17:33:52 - [TEST_STEP][PASSED] - Click button "Logout": Click button "Logout"

2021-01-21 17:33:52 - [MESSAGE][INFO] - >>>>>//Button[contains(text(),'Logout')]

2021-01-21 17:33:55 - [MESSAGE][PASSED] - Object '' is present

2021-01-21 17:33:55 - [MESSAGE][PASSED] - Object: '' is clicked on

2021-01-21 17:33:55 - [MESSAGE][PASSED] - Switched to window with index: '0'

2021-01-21 17:33:55 - [MESSAGE][PASSED] - Click button "Logout"

2021-01-21 17:33:55 - [TEST_STEP][PASSED] - Close browser: Close browser

2021-01-21 17:33:55 - [MESSAGE][PASSED] - Browser is closed

2021-01-21 17:33:55 - [MESSAGE][PASSED] - Close browser

2021-01-21 17:33:55 - [TEST_CASE][PASSED] - Start Test Case : SCENARIO Search by STATUS Waiting Confirmation From SBO: SCENARIO Search by STATUS Waiting Confirmation From SBO

2021-01-21 17:33:55 - [TEST_STEP][PASSED] - Go to ISTools: Go to ISTools

2021-01-21 17:33:55 - [MESSAGE][INFO] - Starting 'Chrome (headless)' driver

2021-01-21 17:33:55 - [MESSAGE][INFO] - User set preference: ['args', '[--start-maximized, --disable-gpu, --no-proxy-server, â€“-no-sandbox, --allow-running-insecure-content, --ignore-certificate-errors, window-size=1680,814, force-device-scale-factor=2, --lang=en-GB]']

2021-01-21 17:33:55 - [MESSAGE][INFO] - User set preference: ['prefs', '{download.default_directory=/Users/chaidir.pratama01/Katalon Studio/IST_Automation_Git/Download}']

2021-01-21 17:33:55 - [MESSAGE][INFO] - Action delay is set to 0 milliseconds

2021-01-21 17:33:55 - [MESSAGE][PASSED] - Browser is opened with url: ''

2021-01-21 17:33:56 - [MESSAGE][PASSED] - Navigate to 'https://dev-istools.homecredit.id/foundation/' successfully

2021-01-21 17:33:56 - [MESSAGE][PASSED] - Go to ISTools

2021-01-21 17:33:56 - [TEST_STEP][PASSED] - Login IST with valid credentials: Login IST with valid credentials

2021-01-21 17:33:56 - [MESSAGE][PASSED] - Text 'mobile.test' is set on object 'Object Repository/Page_/input_Username_j_username'

2021-01-21 17:33:56 - [MESSAGE][PASSED] - Text ****** has been set on object 'Object Repository/Page_/input_Password_j_password'

2021-01-21 17:33:57 - [MESSAGE][PASSED] - Object: 'Object Repository/Page_/button_Login' is clicked on

2021-01-21 17:33:57 - [MESSAGE][PASSED] - Login IST with valid credentials

2021-01-21 17:33:57 - [TEST_STEP][PASSED] - Login Success: Login Success

2021-01-21 17:33:57 - [MESSAGE][INFO] - Login Success

2021-01-21 17:33:57 - [MESSAGE][PASSED] - Current window maximized

2021-01-21 17:33:57 - [MESSAGE][PASSED] - Object 'Object Repository/Page_/h1_Welcome to IT Supporting Tools' is present

2021-01-21 17:33:57 - [MESSAGE][PASSED] - Login Success

2021-01-21 17:33:57 - [TEST_STEP][PASSED] - Select Arrow Menu "Real Time Disbursement": Select Arrow Menu "Real Time Disbursement"

2021-01-21 17:33:57 - [MESSAGE][PASSED] - Object: '' is clicked on

2021-01-21 17:33:57 - [MESSAGE][PASSED] - Select Arrow Menu "Real Time Disbursement"

2021-01-21 17:33:57 - [TEST_STEP][PASSED] - Select Menu "Partner Disbursement SBO": Select Menu "Partner Disbursement SBO"

2021-01-21 17:33:57 - [MESSAGE][PASSED] - Taking screenshot successfully
[[ATTACHMENT|/Users/chaidir.pratama01/Documents/Docs/Katalon Studio/Screenshot/test-Partner Disbursement SBO.png]]

2021-01-21 17:33:57 - [MESSAGE][PASSED] - Object '' is present

2021-01-21 17:33:58 - [MESSAGE][PASSED] - Object: '' is clicked on

2021-01-21 17:33:58 - [MESSAGE][PASSED] - Wait for page load successfully

2021-01-21 17:33:58 - [MESSAGE][PASSED] - Select Menu "Partner Disbursement SBO"

2021-01-21 17:33:58 - [TEST_STEP][PASSED] - Select STATUS "Waiting Confirmation From SBO": Select STATUS "Waiting Confirmation From SBO"

2021-01-21 17:33:58 - [MESSAGE][PASSED] - All options with value 'Waiting Confirmation From SBO' are selected in object ''  using regular expression

2021-01-21 17:33:58 - [MESSAGE][PASSED] - Select STATUS "Waiting Confirmation From SBO"

2021-01-21 17:33:58 - [TEST_STEP][PASSED] - Click button "Search": Click button "Search"

2021-01-21 17:33:58 - [MESSAGE][INFO] - >>>>>//Button[contains(text(),'Search')]

2021-01-21 17:34:01 - [MESSAGE][PASSED] - Object '' is present

2021-01-21 17:34:01 - [MESSAGE][PASSED] - Object: '' is clicked on

2021-01-21 17:34:01 - [MESSAGE][PASSED] - Switched to window with index: '0'

2021-01-21 17:34:01 - [MESSAGE][PASSED] - Click button "Search"

2021-01-21 17:34:01 - [TEST_STEP][PASSED] - Verify Search Result Presents: Verify Search Result Presents

2021-01-21 17:34:01 - [MESSAGE][PASSED] - Object '' is present

2021-01-21 17:34:05 - [MESSAGE][PASSED] - Verify Search Result Presents

2021-01-21 17:34:05 - [TEST_STEP][PASSED] - Click button "Logout": Click button "Logout"

2021-01-21 17:34:05 - [MESSAGE][INFO] - >>>>>//Button[contains(text(),'Logout')]

2021-01-21 17:34:08 - [MESSAGE][PASSED] - Object '' is present

2021-01-21 17:34:08 - [MESSAGE][PASSED] - Object: '' is clicked on

2021-01-21 17:34:08 - [MESSAGE][PASSED] - Switched to window with index: '0'

2021-01-21 17:34:08 - [MESSAGE][PASSED] - Click button "Logout"

2021-01-21 17:34:08 - [TEST_STEP][PASSED] - Close browser: Close browser

2021-01-21 17:34:08 - [MESSAGE][PASSED] - Browser is closed

2021-01-21 17:34:08 - [MESSAGE][PASSED] - Close browser

2021-01-21 17:34:08 - [TEST_CASE][PASSED] - Start Test Case : SCENARIO Search by STATUS Hold Payment Insufficient Fund: SCENARIO Search by STATUS Hold Payment Insufficient Fund

2021-01-21 17:34:08 - [TEST_STEP][PASSED] - Go to ISTools: Go to ISTools

2021-01-21 17:34:08 - [MESSAGE][INFO] - Starting 'Chrome (headless)' driver

2021-01-21 17:34:08 - [MESSAGE][INFO] - User set preference: ['args', '[--start-maximized, --disable-gpu, --no-proxy-server, â€“-no-sandbox, --allow-running-insecure-content, --ignore-certificate-errors, window-size=1680,814, force-device-scale-factor=2, --lang=en-GB]']

2021-01-21 17:34:08 - [MESSAGE][INFO] - User set preference: ['prefs', '{download.default_directory=/Users/chaidir.pratama01/Katalon Studio/IST_Automation_Git/Download}']

2021-01-21 17:34:08 - [MESSAGE][INFO] - Action delay is set to 0 milliseconds

2021-01-21 17:34:08 - [MESSAGE][PASSED] - Browser is opened with url: ''

2021-01-21 17:34:09 - [MESSAGE][PASSED] - Navigate to 'https://dev-istools.homecredit.id/foundation/' successfully

2021-01-21 17:34:09 - [MESSAGE][PASSED] - Go to ISTools

2021-01-21 17:34:09 - [TEST_STEP][PASSED] - Login IST with valid credentials: Login IST with valid credentials

2021-01-21 17:34:09 - [MESSAGE][PASSED] - Text 'mobile.test' is set on object 'Object Repository/Page_/input_Username_j_username'

2021-01-21 17:34:09 - [MESSAGE][PASSED] - Text ****** has been set on object 'Object Repository/Page_/input_Password_j_password'

2021-01-21 17:34:10 - [MESSAGE][PASSED] - Object: 'Object Repository/Page_/button_Login' is clicked on

2021-01-21 17:34:10 - [MESSAGE][PASSED] - Login IST with valid credentials

2021-01-21 17:34:10 - [TEST_STEP][PASSED] - Login Success: Login Success

2021-01-21 17:34:10 - [MESSAGE][INFO] - Login Success

2021-01-21 17:34:10 - [MESSAGE][PASSED] - Current window maximized

2021-01-21 17:34:10 - [MESSAGE][PASSED] - Object 'Object Repository/Page_/h1_Welcome to IT Supporting Tools' is present

2021-01-21 17:34:10 - [MESSAGE][PASSED] - Login Success

2021-01-21 17:34:10 - [TEST_STEP][PASSED] - Select Arrow Menu "Real Time Disbursement": Select Arrow Menu "Real Time Disbursement"

2021-01-21 17:34:10 - [MESSAGE][PASSED] - Object: '' is clicked on

2021-01-21 17:34:10 - [MESSAGE][PASSED] - Select Arrow Menu "Real Time Disbursement"

2021-01-21 17:34:10 - [TEST_STEP][PASSED] - Select Menu "Partner Disbursement SBO": Select Menu "Partner Disbursement SBO"

2021-01-21 17:34:10 - [MESSAGE][PASSED] - Taking screenshot successfully
[[ATTACHMENT|/Users/chaidir.pratama01/Documents/Docs/Katalon Studio/Screenshot/test-Partner Disbursement SBO.png]]

2021-01-21 17:34:10 - [MESSAGE][PASSED] - Object '' is present

2021-01-21 17:34:10 - [MESSAGE][PASSED] - Object: '' is clicked on

2021-01-21 17:34:10 - [MESSAGE][PASSED] - Wait for page load successfully

2021-01-21 17:34:10 - [MESSAGE][PASSED] - Select Menu "Partner Disbursement SBO"

2021-01-21 17:34:10 - [TEST_STEP][PASSED] - Select STATUS "Hold Payment Insufficient Fund": Select STATUS "Hold Payment Insufficient Fund"

2021-01-21 17:34:11 - [MESSAGE][PASSED] - All options with value 'Hold Payment Insufficient Fund' are selected in object ''  using regular expression

2021-01-21 17:34:11 - [MESSAGE][PASSED] - Select STATUS "Hold Payment Insufficient Fund"

2021-01-21 17:34:11 - [TEST_STEP][PASSED] - Click button "Search": Click button "Search"

2021-01-21 17:34:11 - [MESSAGE][INFO] - >>>>>//Button[contains(text(),'Search')]

2021-01-21 17:34:14 - [MESSAGE][PASSED] - Object '' is present

2021-01-21 17:34:14 - [MESSAGE][PASSED] - Object: '' is clicked on

2021-01-21 17:34:14 - [MESSAGE][PASSED] - Switched to window with index: '0'

2021-01-21 17:34:14 - [MESSAGE][PASSED] - Click button "Search"

2021-01-21 17:34:14 - [TEST_STEP][PASSED] - Verify Search Result Presents: Verify Search Result Presents

2021-01-21 17:34:18 - [MESSAGE][INFO] - Unable to find the element located by 'By.xpath: //td[@style='display:none' and contains(text(),'-Empty-')]'. Please recheck the objects properties to make sure the desired element is located. 

2021-01-21 17:34:19 - [MESSAGE][WARNING] - com.kms.katalon.core.webui.exception.WebElementNotFoundException: Web element with id: '' located by '//td[@style='display:none' and contains(text(),'-Empty-')]' not found (Root cause: com.kms.katalon.core.exception.StepFailedException: com.kms.katalon.core.webui.exception.WebElementNotFoundException: Web element with id: '' located by '//td[@style='display:none' and contains(text(),'-Empty-')]' not found
	at com.kms.katalon.core.webui.keyword.internal.WebUIKeywordMain.stepFailed(WebUIKeywordMain.groovy:64)
	at com.kms.katalon.core.webui.keyword.builtin.VerifyElementPresentKeyword$_verifyElementPresent_closure1.doCall(VerifyElementPresentKeyword.groovy:85)
	at com.kms.katalon.core.webui.keyword.builtin.VerifyElementPresentKeyword$_verifyElementPresent_closure1.call(VerifyElementPresentKeyword.groovy)
	at com.kms.katalon.core.webui.keyword.internal.WebUIKeywordMain.runKeyword(WebUIKeywordMain.groovy:20)
	at com.kms.katalon.core.webui.keyword.builtin.VerifyElementPresentKeyword.verifyElementPresent(VerifyElementPresentKeyword.groovy:92)
	at com.kms.katalon.core.webui.keyword.builtin.VerifyElementPresentKeyword.execute(VerifyElementPresentKeyword.groovy:68)
	at com.kms.katalon.core.keyword.internal.KeywordExecutor.executeKeywordForPlatform(KeywordExecutor.groovy:73)
	at com.kms.katalon.core.webui.keyword.WebUiBuiltInKeywords.verifyElementPresent(WebUiBuiltInKeywords.groovy:1444)
	at com.kms.katalon.core.webui.keyword.WebUiBuiltInKeywords$verifyElementPresent$11.call(Unknown Source)
	at ist_real.Contract_Dispatcher.VerifyTblFilled(Contract_Dispatcher.groovy:1313)
	at ist_real.Contract_Dispatcher$VerifyTblFilled$0.call(Unknown Source)
	at RTD.Search_Result_Presents(RTD.groovy:191)
	at cucumber.runtime.Utils$1.call(Utils.java:26)
	at cucumber.runtime.Timeout.timeout(Timeout.java:16)
	at cucumber.runtime.Utils.invoke(Utils.java:20)
	at cucumber.runtime.java.JavaStepDefinition.execute(JavaStepDefinition.java:48)
	at cucumber.runtime.PickleStepDefinitionMatch.runStep(PickleStepDefinitionMatch.java:50)
	at cucumber.runner.TestStep.executeStep(TestStep.java:55)
	at cucumber.runner.TestStep.run(TestStep.java:42)
	at cucumber.runner.PickleStepTestStep.run(PickleStepTestStep.java:53)
	at cucumber.runner.TestCase.run(TestCase.java:47)
	at cucumber.runner.Runner.runPickle(Runner.java:44)
	at cucumber.runtime.Runtime.runFeature(Runtime.java:120)
	at cucumber.runtime.Runtime.run(Runtime.java:106)
	at cucumber.api.cli.Main.run(Main.java:35)
	at cucumber.api.cli.Main$run.call(Unknown Source)
	at com.kms.katalon.core.cucumber.keyword.CucumberBuiltinKeywords$_runFeatureFile_closure1.doCall(CucumberBuiltinKeywords.groovy:76)
	at com.kms.katalon.core.cucumber.keyword.CucumberBuiltinKeywords$_runFeatureFile_closure1.doCall(CucumberBuiltinKeywords.groovy)
	at com.kms.katalon.core.keyword.internal.KeywordMain.runKeyword(KeywordMain.groovy:68)
	at com.kms.katalon.core.keyword.internal.KeywordMain$runKeyword.call(Unknown Source)
	at com.kms.katalon.core.cucumber.keyword.CucumberBuiltinKeywords.runFeatureFile(CucumberBuiltinKeywords.groovy:46)
	at com.kms.katalon.core.cucumber.keyword.CucumberBuiltinKeywords$runFeatureFile$0.callStatic(Unknown Source)
	at com.kms.katalon.core.cucumber.keyword.CucumberBuiltinKeywords.runFeatureFile(CucumberBuiltinKeywords.groovy:169)
	at com.kms.katalon.core.cucumber.keyword.CucumberBuiltinKeywords$runFeatureFile.call(Unknown Source)
	at TC_Search_by_STATUS.run(TC_Search_by_STATUS:18)
	at com.kms.katalon.core.main.ScriptEngine.run(ScriptEngine.java:194)
	at com.kms.katalon.core.main.ScriptEngine.runScriptAsRawText(ScriptEngine.java:119)
	at com.kms.katalon.core.main.TestCaseExecutor.runScript(TestCaseExecutor.java:339)
	at com.kms.katalon.core.main.TestCaseExecutor.doExecute(TestCaseExecutor.java:330)
	at com.kms.katalon.core.main.TestCaseExecutor.processExecutionPhase(TestCaseExecutor.java:309)
	at com.kms.katalon.core.main.TestCaseExecutor.accessMainPhase(TestCaseExecutor.java:301)
	at com.kms.katalon.core.main.TestCaseExecutor.execute(TestCaseExecutor.java:235)
	at com.kms.katalon.core.main.TestSuiteExecutor.accessTestCaseMainPhase(TestSuiteExecutor.java:191)
	at com.kms.katalon.core.main.TestSuiteExecutor.accessTestSuiteMainPhase(TestSuiteExecutor.java:141)
	at com.kms.katalon.core.main.TestSuiteExecutor.execute(TestSuiteExecutor.java:90)
	at com.kms.katalon.core.main.TestCaseMain.startTestSuite(TestCaseMain.java:157)
	at com.kms.katalon.core.main.TestCaseMain$startTestSuite$0.call(Unknown Source)
	at TempTestSuite1611224749411.run(TempTestSuite1611224749411.groovy:39)
)
[[ATTACHMENT|/Users/chaidir.pratama01/Katalon Studio/IST_Automation_Git/Reports/20210121_172548/RTD/TS_Partner_Disbursement_SBO/20210121_172549/1611225258512.png]]

2021-01-21 17:34:19 - [MESSAGE][PASSED] - Verify Search Result Presents

2021-01-21 17:34:19 - [TEST_STEP][PASSED] - Click button "Logout": Click button "Logout"

2021-01-21 17:34:19 - [MESSAGE][INFO] - >>>>>//Button[contains(text(),'Logout')]

2021-01-21 17:34:22 - [MESSAGE][PASSED] - Object '' is present

2021-01-21 17:34:22 - [MESSAGE][PASSED] - Object: '' is clicked on

2021-01-21 17:34:22 - [MESSAGE][PASSED] - Switched to window with index: '0'

2021-01-21 17:34:22 - [MESSAGE][PASSED] - Click button "Logout"

2021-01-21 17:34:22 - [TEST_STEP][PASSED] - Close browser: Close browser

2021-01-21 17:34:22 - [MESSAGE][PASSED] - Browser is closed

2021-01-21 17:34:22 - [MESSAGE][PASSED] - Close browser

2021-01-21 17:34:22 - [MESSAGE][PASSED] - Feature file: 'Include/features/IST_Real/RTD/Partner Disbursement SBO/Search_by_STATUS.feature' was passed]]></system-out>
         <system-err><![CDATA[]]></system-err>
      </testcase>
      <testcase name="Test Cases/RTD/Partner Disbursement SBO/TC_Search_by_OrderID" time="10.498" classname="Test Cases/RTD/Partner Disbursement SBO/TC_Search_by_OrderID" status="PASSED">
         <system-out><![CDATA[2021-01-21 17:34:22 - [TEST_CASE][PASSED] - Test Cases/RTD/Partner Disbursement SBO/TC_Search_by_OrderID: Test Cases/RTD/Partner Disbursement SBO/TC_Search_by_OrderID

2021-01-21 17:34:22 - [TEST_STEP][PASSED] - runFeatureFile("Include/features/IST_Real/RTD/Partner Disbursement SBO/Search_by_OrderID.feature"): Feature file: 'Include/features/IST_Real/RTD/Partner Disbursement SBO/Search_by_OrderID.feature' was passed

2021-01-21 17:34:22 - [MESSAGE][INFO] - Starting run keyword runFeatureFile: 'Include/features/IST_Real/RTD/Partner Disbursement SBO/Search_by_OrderID.feature' and extract report to folder: '/Users/chaidir.pratama01/Katalon Studio/IST_Automation_Git/Reports/20210121_172548/RTD/TS_Partner_Disbursement_SBO/20210121_172549/cucumber_report/1611225262863'...

2021-01-21 17:34:23 - [TEST_CASE][PASSED] - Start Test Case : SCENARIO Search by Contract Number and it found on Dashboard: SCENARIO Search by Contract Number and it found on Dashboard

2021-01-21 17:34:23 - [TEST_STEP][PASSED] - Go to ISTools: Go to ISTools

2021-01-21 17:34:23 - [MESSAGE][INFO] - Starting 'Chrome (headless)' driver

2021-01-21 17:34:23 - [MESSAGE][INFO] - User set preference: ['args', '[--start-maximized, --disable-gpu, --no-proxy-server, â€“-no-sandbox, --allow-running-insecure-content, --ignore-certificate-errors, window-size=1680,814, force-device-scale-factor=2, --lang=en-GB]']

2021-01-21 17:34:23 - [MESSAGE][INFO] - User set preference: ['prefs', '{download.default_directory=/Users/chaidir.pratama01/Katalon Studio/IST_Automation_Git/Download}']

2021-01-21 17:34:23 - [MESSAGE][INFO] - Action delay is set to 0 milliseconds

2021-01-21 17:34:23 - [MESSAGE][PASSED] - Browser is opened with url: ''

2021-01-21 17:34:27 - [MESSAGE][PASSED] - Navigate to 'https://dev-istools.homecredit.id/foundation/' successfully

2021-01-21 17:34:27 - [MESSAGE][PASSED] - Go to ISTools

2021-01-21 17:34:27 - [TEST_STEP][PASSED] - Login IST with valid credentials: Login IST with valid credentials

2021-01-21 17:34:27 - [MESSAGE][PASSED] - Text 'mobile.test' is set on object 'Object Repository/Page_/input_Username_j_username'

2021-01-21 17:34:27 - [MESSAGE][PASSED] - Text ****** has been set on object 'Object Repository/Page_/input_Password_j_password'

2021-01-21 17:34:28 - [MESSAGE][PASSED] - Object: 'Object Repository/Page_/button_Login' is clicked on

2021-01-21 17:34:28 - [MESSAGE][PASSED] - Login IST with valid credentials

2021-01-21 17:34:28 - [TEST_STEP][PASSED] - Login Success: Login Success

2021-01-21 17:34:28 - [MESSAGE][INFO] - Login Success

2021-01-21 17:34:28 - [MESSAGE][PASSED] - Current window maximized

2021-01-21 17:34:28 - [MESSAGE][PASSED] - Object 'Object Repository/Page_/h1_Welcome to IT Supporting Tools' is present

2021-01-21 17:34:28 - [MESSAGE][PASSED] - Login Success

2021-01-21 17:34:28 - [TEST_STEP][PASSED] - Select Arrow Menu "Real Time Disbursement": Select Arrow Menu "Real Time Disbursement"

2021-01-21 17:34:28 - [MESSAGE][PASSED] - Object: '' is clicked on

2021-01-21 17:34:28 - [MESSAGE][PASSED] - Select Arrow Menu "Real Time Disbursement"

2021-01-21 17:34:28 - [TEST_STEP][PASSED] - Select Menu "Partner Disbursement SBO": Select Menu "Partner Disbursement SBO"

2021-01-21 17:34:29 - [MESSAGE][PASSED] - Taking screenshot successfully
[[ATTACHMENT|/Users/chaidir.pratama01/Documents/Docs/Katalon Studio/Screenshot/test-Partner Disbursement SBO.png]]

2021-01-21 17:34:29 - [MESSAGE][PASSED] - Object '' is present

2021-01-21 17:34:29 - [MESSAGE][PASSED] - Object: '' is clicked on

2021-01-21 17:34:29 - [MESSAGE][PASSED] - Wait for page load successfully

2021-01-21 17:34:29 - [MESSAGE][PASSED] - Select Menu "Partner Disbursement SBO"

2021-01-21 17:34:29 - [TEST_STEP][PASSED] - Input "Order ID" for "Partner Disbursement": Input "Order ID" for "Partner Disbursement"

2021-01-21 17:34:29 - [MESSAGE][PASSED] - Text '10037914991' is set on object ''

2021-01-21 17:34:29 - [MESSAGE][PASSED] - Input "Order ID" for "Partner Disbursement"

2021-01-21 17:34:29 - [TEST_STEP][PASSED] - Click button "Search": Click button "Search"

2021-01-21 17:34:29 - [MESSAGE][INFO] - >>>>>//Button[contains(text(),'Search')]

2021-01-21 17:34:32 - [MESSAGE][PASSED] - Object '' is present

2021-01-21 17:34:32 - [MESSAGE][PASSED] - Object: '' is clicked on

2021-01-21 17:34:32 - [MESSAGE][PASSED] - Switched to window with index: '0'

2021-01-21 17:34:32 - [MESSAGE][PASSED] - Click button "Search"

2021-01-21 17:34:32 - [TEST_STEP][PASSED] - Verify Search Result Presents: Verify Search Result Presents

2021-01-21 17:34:32 - [MESSAGE][PASSED] - Object '' is present

2021-01-21 17:34:33 - [MESSAGE][PASSED] - Verify Search Result Presents

2021-01-21 17:34:33 - [MESSAGE][PASSED] - Feature file: 'Include/features/IST_Real/RTD/Partner Disbursement SBO/Search_by_OrderID.feature' was passed]]></system-out>
         <system-err><![CDATA[]]></system-err>
      </testcase>
      <testcase name="Test Cases/RTD/Partner Disbursement SBO/TC_Search_by_Contract_Number" time="9.976" classname="Test Cases/RTD/Partner Disbursement SBO/TC_Search_by_Contract_Number" status="PASSED">
         <system-out><![CDATA[2021-01-21 17:34:33 - [TEST_CASE][PASSED] - Test Cases/RTD/Partner Disbursement SBO/TC_Search_by_Contract_Number: Test Cases/RTD/Partner Disbursement SBO/TC_Search_by_Contract_Number

2021-01-21 17:34:33 - [TEST_STEP][PASSED] - runFeatureFile("Include/features/IST_Real/RTD/Partner Disbursement SBO/Search_by_Contract_Number.feature"): Feature file: 'Include/features/IST_Real/RTD/Partner Disbursement SBO/Search_by_Contract_Number.feature' was passed

2021-01-21 17:34:33 - [MESSAGE][INFO] - Starting run keyword runFeatureFile: 'Include/features/IST_Real/RTD/Partner Disbursement SBO/Search_by_Contract_Number.feature' and extract report to folder: '/Users/chaidir.pratama01/Katalon Studio/IST_Automation_Git/Reports/20210121_172548/RTD/TS_Partner_Disbursement_SBO/20210121_172549/cucumber_report/1611225273358'...

2021-01-21 17:34:33 - [TEST_CASE][PASSED] - Start Test Case : SCENARIO Search by Contract Number and it found on Dashboard: SCENARIO Search by Contract Number and it found on Dashboard

2021-01-21 17:34:33 - [TEST_STEP][PASSED] - Go to ISTools: Go to ISTools

2021-01-21 17:34:33 - [MESSAGE][WARNING] - A browser is already opened. Closing browser and opening a new one

2021-01-21 17:34:33 - [MESSAGE][INFO] - Starting 'Chrome (headless)' driver

2021-01-21 17:34:33 - [MESSAGE][INFO] - User set preference: ['args', '[--start-maximized, --disable-gpu, --no-proxy-server, â€“-no-sandbox, --allow-running-insecure-content, --ignore-certificate-errors, window-size=1680,814, force-device-scale-factor=2, --lang=en-GB]']

2021-01-21 17:34:33 - [MESSAGE][INFO] - User set preference: ['prefs', '{download.default_directory=/Users/chaidir.pratama01/Katalon Studio/IST_Automation_Git/Download}']

2021-01-21 17:34:33 - [MESSAGE][INFO] - Action delay is set to 0 milliseconds

2021-01-21 17:34:33 - [MESSAGE][PASSED] - Browser is opened with url: ''

2021-01-21 17:34:36 - [MESSAGE][PASSED] - Navigate to 'https://dev-istools.homecredit.id/foundation/' successfully

2021-01-21 17:34:36 - [MESSAGE][PASSED] - Go to ISTools

2021-01-21 17:34:36 - [TEST_STEP][PASSED] - Login IST with valid credentials: Login IST with valid credentials

2021-01-21 17:34:37 - [MESSAGE][PASSED] - Text 'mobile.test' is set on object 'Object Repository/Page_/input_Username_j_username'

2021-01-21 17:34:37 - [MESSAGE][PASSED] - Text ****** has been set on object 'Object Repository/Page_/input_Password_j_password'

2021-01-21 17:34:37 - [MESSAGE][PASSED] - Object: 'Object Repository/Page_/button_Login' is clicked on

2021-01-21 17:34:37 - [MESSAGE][PASSED] - Login IST with valid credentials

2021-01-21 17:34:37 - [TEST_STEP][PASSED] - Login Success: Login Success

2021-01-21 17:34:37 - [MESSAGE][INFO] - Login Success

2021-01-21 17:34:37 - [MESSAGE][PASSED] - Current window maximized

2021-01-21 17:34:37 - [MESSAGE][PASSED] - Object 'Object Repository/Page_/h1_Welcome to IT Supporting Tools' is present

2021-01-21 17:34:37 - [MESSAGE][PASSED] - Login Success

2021-01-21 17:34:37 - [TEST_STEP][PASSED] - Select Arrow Menu "Real Time Disbursement": Select Arrow Menu "Real Time Disbursement"

2021-01-21 17:34:37 - [MESSAGE][PASSED] - Object: '' is clicked on

2021-01-21 17:34:37 - [MESSAGE][PASSED] - Select Arrow Menu "Real Time Disbursement"

2021-01-21 17:34:37 - [TEST_STEP][PASSED] - Select Menu "Partner Disbursement SBO": Select Menu "Partner Disbursement SBO"

2021-01-21 17:34:38 - [MESSAGE][PASSED] - Taking screenshot successfully
[[ATTACHMENT|/Users/chaidir.pratama01/Documents/Docs/Katalon Studio/Screenshot/test-Partner Disbursement SBO.png]]

2021-01-21 17:34:38 - [MESSAGE][PASSED] - Object '' is present

2021-01-21 17:34:38 - [MESSAGE][PASSED] - Object: '' is clicked on

2021-01-21 17:34:38 - [MESSAGE][PASSED] - Wait for page load successfully

2021-01-21 17:34:38 - [MESSAGE][PASSED] - Select Menu "Partner Disbursement SBO"

2021-01-21 17:34:38 - [TEST_STEP][PASSED] - Input Contract RTD in Contract Number label: Input Contract RTD in Contract Number label

2021-01-21 17:34:39 - [MESSAGE][PASSED] - Text '4000014162' is set on object ''

2021-01-21 17:34:39 - [MESSAGE][PASSED] - Input Contract RTD in Contract Number label

2021-01-21 17:34:39 - [TEST_STEP][PASSED] - Click button "Search": Click button "Search"

2021-01-21 17:34:39 - [MESSAGE][INFO] - >>>>>//Button[contains(text(),'Search')]

2021-01-21 17:34:42 - [MESSAGE][PASSED] - Object '' is present

2021-01-21 17:34:42 - [MESSAGE][PASSED] - Object: '' is clicked on

2021-01-21 17:34:42 - [MESSAGE][PASSED] - Switched to window with index: '0'

2021-01-21 17:34:42 - [MESSAGE][PASSED] - Click button "Search"

2021-01-21 17:34:42 - [TEST_STEP][PASSED] - Verify Search Result Presents: Verify Search Result Presents

2021-01-21 17:34:42 - [MESSAGE][PASSED] - Object '' is present

2021-01-21 17:34:43 - [MESSAGE][PASSED] - Verify Search Result Presents

2021-01-21 17:34:43 - [MESSAGE][PASSED] - Feature file: 'Include/features/IST_Real/RTD/Partner Disbursement SBO/Search_by_Contract_Number.feature' was passed]]></system-out>
         <system-err><![CDATA[]]></system-err>
      </testcase>
      <system-out><![CDATA[2021-01-21 17:30:29 - [TEST_SUITE][PASSED] - TS_Partner_Disbursement_SBO: Test Cases/RTD/Partner Disbursement SBO/TC_Search_by_Contract_Number]]></system-out>
      <system-err><![CDATA[]]></system-err>
   </testsuite>
   <testsuite name="TS_RTD" tests="13" failures="0" errors="0" time="12.07" timestamp="2021-01-21 17:35:44" hostname="chaidir.pratama01 - localhost" id="Test Suites/RTD/TS_RTD">
      <properties>
         <property name="deviceName" value=""/>
         <property name="devicePlatform" value=""/>
         <property name="logFolder" value="/Users/chaidir.pratama01/Katalon Studio/IST_Automation_Git/Reports/20210121_172548/RTD/TS_RTD/20210121_172550"/>
         <property name="logFiles" value="/Users/chaidir.pratama01/Katalon Studio/IST_Automation_Git/Reports/20210121_172548/RTD/TS_RTD/20210121_172550/execution0.log"/>
         <property name="attachments" value=""/>
         <property name="hostName" value="chaidir.pratama01 - localhost"/>
         <property name="os" value="Mac OS X 64bit"/>
         <property name="katalonVersion" value="7.6.0.${buildNumber}"/>
         <property name="browser" value="Chrome 87.0.4280.141"/>
         <property name="hostAddress" value="127.0.0.1"/>
         <property name="sessionId" value="9a1fcce66b969af3a15c559c7592883f"/>
         <property name="seleniumVersion" value="3.141.59"/>
         <property name="proxyInformation" value="ProxyInformation { proxyOption=NO_PROXY, proxyServerType=HTTP, username=, password=********, proxyServerAddress=, proxyServerPort=0, executionList=\&quot;\&quot;, isApplyToDesiredCapabilities=true }"/>
         <property name="platform" value="Mac OS X"/>
      </properties>
      <testcase name="Test Cases/RTD/TC_Check_MPF_Failed_Due_to_Not_Supported_Bank" time="3.48" classname="Test Cases/RTD/TC_Check_MPF_Failed_Due_to_Not_Supported_Bank" status="PASSED">
         <system-out><![CDATA[2021-01-21 17:35:44 - [TEST_CASE][PASSED] - Test Cases/RTD/TC_Check_MPF_Failed_Due_to_Not_Supported_Bank: Test Cases/RTD/TC_Check_MPF_Failed_Due_to_Not_Supported_Bank

2021-01-21 17:35:45 - [TEST_STEP][PASSED] - runFeatureFile("Include/features/IST_Real/RTD/Check_MPF_Failed_Due_to_Not_Supported_Bank.feature"): Feature file: 'Include/features/IST_Real/RTD/Check_MPF_Failed_Due_to_Not_Supported_Bank.feature' was passed

2021-01-21 17:35:45 - [MESSAGE][INFO] - Starting run keyword runFeatureFile: 'Include/features/IST_Real/RTD/Check_MPF_Failed_Due_to_Not_Supported_Bank.feature' and extract report to folder: '/Users/chaidir.pratama01/Katalon Studio/IST_Automation_Git/Reports/20210121_172548/RTD/TS_RTD/20210121_172550/cucumber_report/1611225345099'...

2021-01-21 17:35:45 - [TEST_CASE][PASSED] - Start Test Case : SCENARIO Check Contract from RTD_CONTRACT where STATUS is Failed Due to Not Supported Bank: SCENARIO Check Contract from RTD_CONTRACT where STATUS is Failed Due to Not Supported Bank

2021-01-21 17:35:45 - [TEST_STEP][PASSED] - Connect to Database RTD: Connect to Database RTD

2021-01-21 17:35:45 - [MESSAGE][INFO] - Starting 'Chrome (headless)' driver

2021-01-21 17:35:45 - [MESSAGE][INFO] - User set preference: ['args', '[--start-maximized, --disable-gpu, --no-proxy-server, â€“-no-sandbox, --allow-running-insecure-content, --ignore-certificate-errors, window-size=1680,814, force-device-scale-factor=2, --lang=en-GB]']

2021-01-21 17:35:45 - [MESSAGE][INFO] - User set preference: ['prefs', '{download.default_directory=/Users/chaidir.pratama01/Katalon Studio/IST_Automation_Git/Download}']

2021-01-21 17:35:45 - [MESSAGE][INFO] - Action delay is set to 0 milliseconds

2021-01-21 17:35:46 - [MESSAGE][PASSED] - Browser is opened with url: ''

2021-01-21 17:35:46 - [MESSAGE][PASSED] - Browser is closed

2021-01-21 17:35:47 - [MESSAGE][PASSED] - Connect to Database RTD

2021-01-21 17:35:47 - [TEST_STEP][PASSED] - Select Contract from Table in DB with Query "SELECT * FROM RTD_CONTRACT WHERE STATUS=9": Select Contract from Table in DB with Query "SELECT * FROM RTD_CONTRACT WHERE STATUS=9"

2021-01-21 17:35:48 - [MESSAGE][PASSED] - Select Contract from Table in DB with Query "SELECT * FROM RTD_CONTRACT WHERE STATUS=9"

2021-01-21 17:35:48 - [MESSAGE][PASSED] - Feature file: 'Include/features/IST_Real/RTD/Check_MPF_Failed_Due_to_Not_Supported_Bank.feature' was passed]]></system-out>
         <system-err><![CDATA[]]></system-err>
      </testcase>
      <testcase name="Test Cases/RTD/TC_Check_MPF_Eligible_to_Disburse" time="0.433" classname="Test Cases/RTD/TC_Check_MPF_Eligible_to_Disburse" status="PASSED">
         <system-out><![CDATA[2021-01-21 17:35:48 - [TEST_CASE][PASSED] - Test Cases/RTD/TC_Check_MPF_Eligible_to_Disburse: Test Cases/RTD/TC_Check_MPF_Eligible_to_Disburse

2021-01-21 17:35:48 - [TEST_STEP][PASSED] - runFeatureFile("Include/features/IST_Real/RTD/Check_MPF_Eligible_to_Disburse.feature"): Feature file: 'Include/features/IST_Real/RTD/Check_MPF_Eligible_to_Disburse.feature' was passed

2021-01-21 17:35:48 - [MESSAGE][INFO] - Starting run keyword runFeatureFile: 'Include/features/IST_Real/RTD/Check_MPF_Eligible_to_Disburse.feature' and extract report to folder: '/Users/chaidir.pratama01/Katalon Studio/IST_Automation_Git/Reports/20210121_172548/RTD/TS_RTD/20210121_172550/cucumber_report/1611225348460'...

2021-01-21 17:35:48 - [TEST_CASE][PASSED] - Start Test Case : SCENARIO Check Contract MPF Eligible to Disburse: SCENARIO Check Contract MPF Eligible to Disburse

2021-01-21 17:35:48 - [TEST_STEP][PASSED] - Connect to Database RTD: Connect to Database RTD

2021-01-21 17:35:48 - [MESSAGE][PASSED] - Connect to Database RTD

2021-01-21 17:35:48 - [TEST_STEP][PASSED] - Select Contract MPF that Eligible to Disburse: Select Contract MPF that Eligible to Disburse

2021-01-21 17:35:48 - [MESSAGE][PASSED] - Select Contract MPF that Eligible to Disburse

2021-01-21 17:35:48 - [MESSAGE][PASSED] - Feature file: 'Include/features/IST_Real/RTD/Check_MPF_Eligible_to_Disburse.feature' was passed]]></system-out>
         <system-err><![CDATA[]]></system-err>
      </testcase>
      <testcase name="Test Cases/RTD/TC_Check_MPF_Ready_to_Disburse" time="0.291" classname="Test Cases/RTD/TC_Check_MPF_Ready_to_Disburse" status="PASSED">
         <system-out><![CDATA[2021-01-21 17:35:48 - [TEST_CASE][PASSED] - Test Cases/RTD/TC_Check_MPF_Ready_to_Disburse: Test Cases/RTD/TC_Check_MPF_Ready_to_Disburse

2021-01-21 17:35:48 - [TEST_STEP][PASSED] - runFeatureFile("Include/features/IST_Real/RTD/Check_MPF_Ready_to_Disburse.feature"): Feature file: 'Include/features/IST_Real/RTD/Check_MPF_Ready_to_Disburse.feature' was passed

2021-01-21 17:35:48 - [MESSAGE][INFO] - Starting run keyword runFeatureFile: 'Include/features/IST_Real/RTD/Check_MPF_Ready_to_Disburse.feature' and extract report to folder: '/Users/chaidir.pratama01/Katalon Studio/IST_Automation_Git/Reports/20210121_172548/RTD/TS_RTD/20210121_172550/cucumber_report/1611225348838'...

2021-01-21 17:35:48 - [TEST_CASE][PASSED] - Start Test Case : SCENARIO Check Contract from RTD_CONTRACT where STATUS is READY TO DISBURSE: SCENARIO Check Contract from RTD_CONTRACT where STATUS is READY TO DISBURSE

2021-01-21 17:35:48 - [TEST_STEP][PASSED] - Connect to Database RTD: Connect to Database RTD

2021-01-21 17:35:49 - [MESSAGE][PASSED] - Connect to Database RTD

2021-01-21 17:35:49 - [TEST_STEP][PASSED] - Select Contract from Table in DB with Query "SELECT * FROM RTD_CONTRACT WHERE STATUS=5": Select Contract from Table in DB with Query "SELECT * FROM RTD_CONTRACT WHERE STATUS=5"

2021-01-21 17:35:49 - [MESSAGE][PASSED] - Select Contract from Table in DB with Query "SELECT * FROM RTD_CONTRACT WHERE STATUS=5"

2021-01-21 17:35:49 - [MESSAGE][PASSED] - Feature file: 'Include/features/IST_Real/RTD/Check_MPF_Ready_to_Disburse.feature' was passed]]></system-out>
         <system-err><![CDATA[]]></system-err>
      </testcase>
      <testcase name="Test Cases/RTD/TC_Check_MPF_Waiting_for_Approval_from_InPayment" time="0.332" classname="Test Cases/RTD/TC_Check_MPF_Waiting_for_Approval_from_InPayment" status="PASSED">
         <system-out><![CDATA[2021-01-21 17:35:49 - [TEST_CASE][PASSED] - Test Cases/RTD/TC_Check_MPF_Waiting_for_Approval_from_InPayment: Test Cases/RTD/TC_Check_MPF_Waiting_for_Approval_from_InPayment

2021-01-21 17:35:49 - [TEST_STEP][PASSED] - runFeatureFile("Include/features/IST_Real/RTD/Check_MPF_Waiting_for_Approval_from_InPayment.feature"): Feature file: 'Include/features/IST_Real/RTD/Check_MPF_Waiting_for_Approval_from_InPayment.feature' was passed

2021-01-21 17:35:49 - [MESSAGE][INFO] - Starting run keyword runFeatureFile: 'Include/features/IST_Real/RTD/Check_MPF_Waiting_for_Approval_from_InPayment.feature' and extract report to folder: '/Users/chaidir.pratama01/Katalon Studio/IST_Automation_Git/Reports/20210121_172548/RTD/TS_RTD/20210121_172550/cucumber_report/1611225349149'...

2021-01-21 17:35:49 - [TEST_CASE][PASSED] - Start Test Case : SCENARIO Check Contract from RTD_CONTRACT_TEMP where Status is Waiting for approval from In Payment: SCENARIO Check Contract from RTD_CONTRACT_TEMP where Status is Waiting for approval from In Payment

2021-01-21 17:35:49 - [TEST_STEP][PASSED] - Connect to Database RTD: Connect to Database RTD

2021-01-21 17:35:49 - [MESSAGE][PASSED] - Connect to Database RTD

2021-01-21 17:35:49 - [TEST_STEP][PASSED] - Select Contract from Table in DB with Query "SELECT * FROM RTD_CONTRACT WHERE STATUS=3": Select Contract from Table in DB with Query "SELECT * FROM RTD_CONTRACT WHERE STATUS=3"

2021-01-21 17:35:49 - [MESSAGE][PASSED] - Select Contract from Table in DB with Query "SELECT * FROM RTD_CONTRACT WHERE STATUS=3"

2021-01-21 17:35:49 - [MESSAGE][PASSED] - Feature file: 'Include/features/IST_Real/RTD/Check_MPF_Waiting_for_Approval_from_InPayment.feature' was passed]]></system-out>
         <system-err><![CDATA[]]></system-err>
      </testcase>
      <testcase name="Test Cases/RTD/TC_Check_MPF_DONE" time="0.396" classname="Test Cases/RTD/TC_Check_MPF_DONE" status="PASSED">
         <system-out><![CDATA[2021-01-21 17:35:49 - [TEST_CASE][PASSED] - Test Cases/RTD/TC_Check_MPF_DONE: Test Cases/RTD/TC_Check_MPF_DONE

2021-01-21 17:35:49 - [TEST_STEP][PASSED] - runFeatureFile("Include/features/IST_Real/RTD/Check_MPF_DONE.feature"): Feature file: 'Include/features/IST_Real/RTD/Check_MPF_DONE.feature' was passed

2021-01-21 17:35:49 - [MESSAGE][INFO] - Starting run keyword runFeatureFile: 'Include/features/IST_Real/RTD/Check_MPF_DONE.feature' and extract report to folder: '/Users/chaidir.pratama01/Katalon Studio/IST_Automation_Git/Reports/20210121_172548/RTD/TS_RTD/20210121_172550/cucumber_report/1611225349483'...

2021-01-21 17:35:49 - [TEST_CASE][PASSED] - Start Test Case : SCENARIO Check Contract from RTD_CONTRACT where STATUS is DONE: SCENARIO Check Contract from RTD_CONTRACT where STATUS is DONE

2021-01-21 17:35:49 - [TEST_STEP][PASSED] - Connect to Database RTD: Connect to Database RTD

2021-01-21 17:35:49 - [MESSAGE][PASSED] - Connect to Database RTD

2021-01-21 17:35:49 - [TEST_STEP][PASSED] - Select Contract from Table in DB with Query "SELECT RTD_CONTRACT_TEMP.KTP,RTD_CONTRACT_TEMP.CONTRACT_ID,RTD_CONTRACT_TEMP.RECIPIENT_BANK_ACCOUNT_NUMBER,RTD_CONTRACT_TEMP.STATUS FROM RTD_CONTRACT_TEMP LEFT JOIN RTD_CONTRACT ON RTD_CONTRACT_TEMP.CONTRACT_ID=RTD_CONTRACT.CONTRACT_ID WHERE RTD_CONTRACT_TEMP.TYPE_CONTRACT='MPF' AND RTD_CONTRACT.STATUS=11 AND RTD_CONTRACT_TEMP.IS_RTD='Y' AND RTD_CONTRACT.PGW_RESPONSE_CODE='00'": Select Contract from Table in DB with Query "SELECT RTD_CONTRACT_TEMP.KTP,RTD_CONTRACT_TEMP.CONTRACT_ID,RTD_CONTRACT_TEMP.RECIPIENT_BANK_ACCOUNT_NUMBER,RTD_CONTRACT_TEMP.STATUS FROM RTD_CONTRACT_TEMP LEFT JOIN RTD_CONTRACT ON RTD_CONTRACT_TEMP.CONTRACT_ID=RTD_CONTRACT.CONTRACT_ID WHERE RTD_CONTRACT_TEMP.TYPE_CONTRACT='MPF' AND RTD_CONTRACT.STATUS=11 AND RTD_CONTRACT_TEMP.IS_RTD='Y' AND RTD_CONTRACT.PGW_RESPONSE_CODE='00'"

2021-01-21 17:35:49 - [MESSAGE][PASSED] - Select Contract from Table in DB with Query "SELECT RTD_CONTRACT_TEMP.KTP,RTD_CONTRACT_TEMP.CONTRACT_ID,RTD_CONTRACT_TEMP.RECIPIENT_BANK_ACCOUNT_NUMBER,RTD_CONTRACT_TEMP.STATUS FROM RTD_CONTRACT_TEMP LEFT JOIN RTD_CONTRACT ON RTD_CONTRACT_TEMP.CONTRACT_ID=RTD_CONTRACT.CONTRACT_ID WHERE RTD_CONTRACT_TEMP.TYPE_CONTRACT='MPF' AND RTD_CONTRACT.STATUS=11 AND RTD_CONTRACT_TEMP.IS_RTD='Y' AND RTD_CONTRACT.PGW_RESPONSE_CODE='00'"

2021-01-21 17:35:49 - [MESSAGE][PASSED] - Feature file: 'Include/features/IST_Real/RTD/Check_MPF_DONE.feature' was passed]]></system-out>
         <system-err><![CDATA[]]></system-err>
      </testcase>
      <testcase name="Test Cases/RTD/TC_Check_MPF_Waiting_Approval_From_Risk" time="0.373" classname="Test Cases/RTD/TC_Check_MPF_Waiting_Approval_From_Risk" status="PASSED">
         <system-out><![CDATA[2021-01-21 17:35:49 - [TEST_CASE][PASSED] - Test Cases/RTD/TC_Check_MPF_Waiting_Approval_From_Risk: Test Cases/RTD/TC_Check_MPF_Waiting_Approval_From_Risk

2021-01-21 17:35:49 - [TEST_STEP][PASSED] - runFeatureFile("Include/features/IST_Real/RTD/Check_MPF_Waiting_Approval_From_Risk.feature"): Feature file: 'Include/features/IST_Real/RTD/Check_MPF_Waiting_Approval_From_Risk.feature' was passed

2021-01-21 17:35:49 - [MESSAGE][INFO] - Starting run keyword runFeatureFile: 'Include/features/IST_Real/RTD/Check_MPF_Waiting_Approval_From_Risk.feature' and extract report to folder: '/Users/chaidir.pratama01/Katalon Studio/IST_Automation_Git/Reports/20210121_172548/RTD/TS_RTD/20210121_172550/cucumber_report/1611225349898'...

2021-01-21 17:35:50 - [TEST_CASE][PASSED] - Start Test Case : SCENARIO Check Contract from RTD_CONTRACT where Status is Waiting for Approval Risk: SCENARIO Check Contract from RTD_CONTRACT where Status is Waiting for Approval Risk

2021-01-21 17:35:50 - [TEST_STEP][PASSED] - Connect to Database RTD: Connect to Database RTD

2021-01-21 17:35:50 - [MESSAGE][PASSED] - Connect to Database RTD

2021-01-21 17:35:50 - [TEST_STEP][PASSED] - Select Contract from Table in DB with Query "SELECT * FROM RTD_CONTRACT WHERE STATUS=2": Select Contract from Table in DB with Query "SELECT * FROM RTD_CONTRACT WHERE STATUS=2"

2021-01-21 17:35:50 - [MESSAGE][PASSED] - Select Contract from Table in DB with Query "SELECT * FROM RTD_CONTRACT WHERE STATUS=2"

2021-01-21 17:35:50 - [MESSAGE][PASSED] - Feature file: 'Include/features/IST_Real/RTD/Check_MPF_Waiting_Approval_From_Risk.feature' was passed]]></system-out>
         <system-err><![CDATA[]]></system-err>
      </testcase>
      <testcase name="Test Cases/RTD/TC_Check_MPF_Manual_DIsbursment" time="0.455" classname="Test Cases/RTD/TC_Check_MPF_Manual_DIsbursment" status="PASSED">
         <system-out><![CDATA[2021-01-21 17:35:50 - [TEST_CASE][PASSED] - Test Cases/RTD/TC_Check_MPF_Manual_DIsbursment: Test Cases/RTD/TC_Check_MPF_Manual_DIsbursment

2021-01-21 17:35:50 - [TEST_STEP][PASSED] - runFeatureFile("Include/features/IST_Real/RTD/Check_MPF_Manual_DIsbursment.feature"): Feature file: 'Include/features/IST_Real/RTD/Check_MPF_Manual_DIsbursment.feature' was passed

2021-01-21 17:35:50 - [MESSAGE][INFO] - Starting run keyword runFeatureFile: 'Include/features/IST_Real/RTD/Check_MPF_Manual_DIsbursment.feature' and extract report to folder: '/Users/chaidir.pratama01/Katalon Studio/IST_Automation_Git/Reports/20210121_172548/RTD/TS_RTD/20210121_172550/cucumber_report/1611225350259'...

2021-01-21 17:35:50 - [TEST_CASE][PASSED] - Start Test Case : SCENARIO Check Contract from RTD_CONTRACT where STATUS is MANUAL DISBURSMENT: SCENARIO Check Contract from RTD_CONTRACT where STATUS is MANUAL DISBURSMENT

2021-01-21 17:35:50 - [TEST_STEP][PASSED] - Connect to Database RTD: Connect to Database RTD

2021-01-21 17:35:50 - [MESSAGE][PASSED] - Connect to Database RTD

2021-01-21 17:35:50 - [TEST_STEP][PASSED] - Select Contract from Table in DB with Query "SELECT * FROM RTD_CONTRACT WHERE STATUS=10": Select Contract from Table in DB with Query "SELECT * FROM RTD_CONTRACT WHERE STATUS=10"

2021-01-21 17:35:50 - [MESSAGE][PASSED] - Select Contract from Table in DB with Query "SELECT * FROM RTD_CONTRACT WHERE STATUS=10"

2021-01-21 17:35:50 - [MESSAGE][PASSED] - Feature file: 'Include/features/IST_Real/RTD/Check_MPF_Manual_DIsbursment.feature' was passed]]></system-out>
         <system-err><![CDATA[]]></system-err>
      </testcase>
      <testcase name="Test Cases/RTD/TC_Check_MPF_is_Not_Eligible_to_Disburse" time="0.39" classname="Test Cases/RTD/TC_Check_MPF_is_Not_Eligible_to_Disburse" status="PASSED">
         <system-out><![CDATA[2021-01-21 17:35:50 - [TEST_CASE][PASSED] - Test Cases/RTD/TC_Check_MPF_is_Not_Eligible_to_Disburse: Test Cases/RTD/TC_Check_MPF_is_Not_Eligible_to_Disburse

2021-01-21 17:35:50 - [TEST_STEP][PASSED] - runFeatureFile("Include/features/IST_Real/RTD/Check_MPF_is_Not_Eligible_to_Disburse.feature"): Feature file: 'Include/features/IST_Real/RTD/Check_MPF_is_Not_Eligible_to_Disburse.feature' was passed

2021-01-21 17:35:50 - [MESSAGE][INFO] - Starting run keyword runFeatureFile: 'Include/features/IST_Real/RTD/Check_MPF_is_Not_Eligible_to_Disburse.feature' and extract report to folder: '/Users/chaidir.pratama01/Katalon Studio/IST_Automation_Git/Reports/20210121_172548/RTD/TS_RTD/20210121_172550/cucumber_report/1611225350715'...

2021-01-21 17:35:50 - [TEST_CASE][PASSED] - Start Test Case : SCENARIO Check Contract from RTD_CONTRACT where STATUS is Not Eligible to Disburse: SCENARIO Check Contract from RTD_CONTRACT where STATUS is Not Eligible to Disburse

2021-01-21 17:35:50 - [TEST_STEP][PASSED] - Connect to Database RTD: Connect to Database RTD

2021-01-21 17:35:50 - [MESSAGE][PASSED] - Connect to Database RTD

2021-01-21 17:35:50 - [TEST_STEP][PASSED] - Select Contract from Table in DB with Query "SELECT * FROM RTD_CONTRACT WHERE STATUS=4": Select Contract from Table in DB with Query "SELECT * FROM RTD_CONTRACT WHERE STATUS=4"

2021-01-21 17:35:51 - [MESSAGE][PASSED] - Select Contract from Table in DB with Query "SELECT * FROM RTD_CONTRACT WHERE STATUS=4"

2021-01-21 17:35:51 - [MESSAGE][PASSED] - Feature file: 'Include/features/IST_Real/RTD/Check_MPF_is_Not_Eligible_to_Disburse.feature' was passed]]></system-out>
         <system-err><![CDATA[]]></system-err>
      </testcase>
      <testcase name="Test Cases/RTD/TC_Check_MPF_Insufficient_Fund" time="0.313" classname="Test Cases/RTD/TC_Check_MPF_Insufficient_Fund" status="PASSED">
         <system-out><![CDATA[2021-01-21 17:35:51 - [TEST_CASE][PASSED] - Test Cases/RTD/TC_Check_MPF_Insufficient_Fund: Test Cases/RTD/TC_Check_MPF_Insufficient_Fund

2021-01-21 17:35:51 - [TEST_STEP][PASSED] - runFeatureFile("Include/features/IST_Real/RTD/Check_MPF_Insufficient_Fund.feature"): Feature file: 'Include/features/IST_Real/RTD/Check_MPF_Insufficient_Fund.feature' was passed

2021-01-21 17:35:51 - [MESSAGE][INFO] - Starting run keyword runFeatureFile: 'Include/features/IST_Real/RTD/Check_MPF_Insufficient_Fund.feature' and extract report to folder: '/Users/chaidir.pratama01/Katalon Studio/IST_Automation_Git/Reports/20210121_172548/RTD/TS_RTD/20210121_172550/cucumber_report/1611225351105'...

2021-01-21 17:35:51 - [TEST_CASE][PASSED] - Start Test Case : SCENARIO Check Contract from RTD_CONTRACT where STATUS is Insufficient Fund: SCENARIO Check Contract from RTD_CONTRACT where STATUS is Insufficient Fund

2021-01-21 17:35:51 - [TEST_STEP][PASSED] - Connect to Database RTD: Connect to Database RTD

2021-01-21 17:35:51 - [MESSAGE][PASSED] - Connect to Database RTD

2021-01-21 17:35:51 - [TEST_STEP][PASSED] - Select Contract from Table in DB with Query "SELECT * FROM RTD_CONTRACT WHERE STATUS=8": Select Contract from Table in DB with Query "SELECT * FROM RTD_CONTRACT WHERE STATUS=8"

2021-01-21 17:35:51 - [MESSAGE][PASSED] - Select Contract from Table in DB with Query "SELECT * FROM RTD_CONTRACT WHERE STATUS=8"

2021-01-21 17:35:51 - [MESSAGE][PASSED] - Feature file: 'Include/features/IST_Real/RTD/Check_MPF_Insufficient_Fund.feature' was passed]]></system-out>
         <system-err><![CDATA[]]></system-err>
      </testcase>
      <testcase name="Test Cases/RTD/TC_Check_MPF_Failed_Due_to_System_Error" time="0.334" classname="Test Cases/RTD/TC_Check_MPF_Failed_Due_to_System_Error" status="PASSED">
         <system-out><![CDATA[2021-01-21 17:35:51 - [TEST_CASE][PASSED] - Test Cases/RTD/TC_Check_MPF_Failed_Due_to_System_Error: Test Cases/RTD/TC_Check_MPF_Failed_Due_to_System_Error

2021-01-21 17:35:51 - [TEST_STEP][PASSED] - runFeatureFile("Include/features/IST_Real/RTD/Check_MPF_Failed_Due_to_System_Error.feature"): Feature file: 'Include/features/IST_Real/RTD/Check_MPF_Failed_Due_to_System_Error.feature' was passed

2021-01-21 17:35:51 - [MESSAGE][INFO] - Starting run keyword runFeatureFile: 'Include/features/IST_Real/RTD/Check_MPF_Failed_Due_to_System_Error.feature' and extract report to folder: '/Users/chaidir.pratama01/Katalon Studio/IST_Automation_Git/Reports/20210121_172548/RTD/TS_RTD/20210121_172550/cucumber_report/1611225351424'...

2021-01-21 17:35:51 - [TEST_CASE][PASSED] - Start Test Case : SCENARIO Check Contract from RTD_CONTRACT where STATUS is Failed Due to System Error: SCENARIO Check Contract from RTD_CONTRACT where STATUS is Failed Due to System Error

2021-01-21 17:35:51 - [TEST_STEP][PASSED] - Connect to Database RTD: Connect to Database RTD

2021-01-21 17:35:51 - [MESSAGE][PASSED] - Connect to Database RTD

2021-01-21 17:35:51 - [TEST_STEP][PASSED] - Select Contract from Table in DB with Query "SELECT * FROM RTD_CONTRACT WHERE STATUS=7": Select Contract from Table in DB with Query "SELECT * FROM RTD_CONTRACT WHERE STATUS=7"

2021-01-21 17:35:51 - [MESSAGE][PASSED] - Select Contract from Table in DB with Query "SELECT * FROM RTD_CONTRACT WHERE STATUS=7"

2021-01-21 17:35:51 - [MESSAGE][PASSED] - Feature file: 'Include/features/IST_Real/RTD/Check_MPF_Failed_Due_to_System_Error.feature' was passed]]></system-out>
         <system-err><![CDATA[]]></system-err>
      </testcase>
      <testcase name="Test Cases/RTD/TC_Check_MPF_Success_to_Disburse" time="0.314" classname="Test Cases/RTD/TC_Check_MPF_Success_to_Disburse" status="PASSED">
         <system-out><![CDATA[2021-01-21 17:35:51 - [TEST_CASE][PASSED] - Test Cases/RTD/TC_Check_MPF_Success_to_Disburse: Test Cases/RTD/TC_Check_MPF_Success_to_Disburse

2021-01-21 17:35:51 - [TEST_STEP][PASSED] - runFeatureFile("Include/features/IST_Real/RTD/Check_MPF_Success_to_Disburse.feature"): Feature file: 'Include/features/IST_Real/RTD/Check_MPF_Success_to_Disburse.feature' was passed

2021-01-21 17:35:51 - [MESSAGE][INFO] - Starting run keyword runFeatureFile: 'Include/features/IST_Real/RTD/Check_MPF_Success_to_Disburse.feature' and extract report to folder: '/Users/chaidir.pratama01/Katalon Studio/IST_Automation_Git/Reports/20210121_172548/RTD/TS_RTD/20210121_172550/cucumber_report/1611225351758'...

2021-01-21 17:35:51 - [TEST_CASE][PASSED] - Start Test Case : SCENARIO Check Contract RTD_CONTRACT where STATUS is Success to Disburse: SCENARIO Check Contract RTD_CONTRACT where STATUS is Success to Disburse

2021-01-21 17:35:51 - [TEST_STEP][PASSED] - Connect to Database RTD: Connect to Database RTD

2021-01-21 17:35:51 - [MESSAGE][PASSED] - Connect to Database RTD

2021-01-21 17:35:51 - [TEST_STEP][PASSED] - Select Contract from Table in DB with Query "SELECT * FROM RTD_CONTRACT WHERE STATUS=13": Select Contract from Table in DB with Query "SELECT * FROM RTD_CONTRACT WHERE STATUS=13"

2021-01-21 17:35:51 - [MESSAGE][PASSED] - Select Contract from Table in DB with Query "SELECT * FROM RTD_CONTRACT WHERE STATUS=13"

2021-01-21 17:35:51 - [MESSAGE][PASSED] - Feature file: 'Include/features/IST_Real/RTD/Check_MPF_Success_to_Disburse.feature' was passed]]></system-out>
         <system-err><![CDATA[]]></system-err>
      </testcase>
      <testcase name="Test Cases/RTD/TC_Check_MPF_Failed_Due_to_Invalid_Bank_Account" time="0.317" classname="Test Cases/RTD/TC_Check_MPF_Failed_Due_to_Invalid_Bank_Account" status="PASSED">
         <system-out><![CDATA[2021-01-21 17:35:51 - [TEST_CASE][PASSED] - Test Cases/RTD/TC_Check_MPF_Failed_Due_to_Invalid_Bank_Account: Test Cases/RTD/TC_Check_MPF_Failed_Due_to_Invalid_Bank_Account

2021-01-21 17:35:52 - [TEST_STEP][PASSED] - runFeatureFile("Include/features/IST_Real/RTD/Check_MPF_Failed_Due_to_Invalid_Bank_Account.feature"): Feature file: 'Include/features/IST_Real/RTD/Check_MPF_Failed_Due_to_Invalid_Bank_Account.feature' was passed

2021-01-21 17:35:52 - [MESSAGE][INFO] - Starting run keyword runFeatureFile: 'Include/features/IST_Real/RTD/Check_MPF_Failed_Due_to_Invalid_Bank_Account.feature' and extract report to folder: '/Users/chaidir.pratama01/Katalon Studio/IST_Automation_Git/Reports/20210121_172548/RTD/TS_RTD/20210121_172550/cucumber_report/1611225352072'...

2021-01-21 17:35:52 - [TEST_CASE][PASSED] - Start Test Case : SCENARIO Check Contract from RTD_CONTRACT where STATUS is Failed Due to Invalid Bank Account: SCENARIO Check Contract from RTD_CONTRACT where STATUS is Failed Due to Invalid Bank Account

2021-01-21 17:35:52 - [TEST_STEP][PASSED] - Connect to Database RTD: Connect to Database RTD

2021-01-21 17:35:52 - [MESSAGE][PASSED] - Connect to Database RTD

2021-01-21 17:35:52 - [TEST_STEP][PASSED] - Select Contract from Table in DB with Query "SELECT * FROM RTD_CONTRACT WHERE STATUS=6": Select Contract from Table in DB with Query "SELECT * FROM RTD_CONTRACT WHERE STATUS=6"

2021-01-21 17:35:52 - [MESSAGE][PASSED] - Select Contract from Table in DB with Query "SELECT * FROM RTD_CONTRACT WHERE STATUS=6"

2021-01-21 17:35:52 - [MESSAGE][PASSED] - Feature file: 'Include/features/IST_Real/RTD/Check_MPF_Failed_Due_to_Invalid_Bank_Account.feature' was passed]]></system-out>
         <system-err><![CDATA[]]></system-err>
      </testcase>
      <testcase name="Test Cases/RTD/TC_Check_MPF_Waiting_Partner_Confirmation" time="0.526" classname="Test Cases/RTD/TC_Check_MPF_Waiting_Partner_Confirmation" status="PASSED">
         <system-out><![CDATA[2021-01-21 17:35:52 - [TEST_CASE][PASSED] - Test Cases/RTD/TC_Check_MPF_Waiting_Partner_Confirmation: Test Cases/RTD/TC_Check_MPF_Waiting_Partner_Confirmation

2021-01-21 17:35:52 - [TEST_STEP][PASSED] - runFeatureFile("Include/features/IST_Real/RTD/Check_MPF_Waiting_Partner_Confirmation.feature"): Feature file: 'Include/features/IST_Real/RTD/Check_MPF_Waiting_Partner_Confirmation.feature' was passed

2021-01-21 17:35:52 - [MESSAGE][INFO] - Starting run keyword runFeatureFile: 'Include/features/IST_Real/RTD/Check_MPF_Waiting_Partner_Confirmation.feature' and extract report to folder: '/Users/chaidir.pratama01/Katalon Studio/IST_Automation_Git/Reports/20210121_172548/RTD/TS_RTD/20210121_172550/cucumber_report/1611225352394'...

2021-01-21 17:35:52 - [TEST_CASE][PASSED] - Start Test Case : SCENARIO Check Contract from RTD_CONTRACT where STATUS is Waiting Partner Confirmation: SCENARIO Check Contract from RTD_CONTRACT where STATUS is Waiting Partner Confirmation

2021-01-21 17:35:52 - [TEST_STEP][PASSED] - Connect to Database RTD: Connect to Database RTD

2021-01-21 17:35:52 - [MESSAGE][PASSED] - Connect to Database RTD

2021-01-21 17:35:52 - [TEST_STEP][PASSED] - Select Contract from Table in DB with Query "SELECT * FROM RTD_CONTRACT WHERE STATUS=12": Select Contract from Table in DB with Query "SELECT * FROM RTD_CONTRACT WHERE STATUS=12"

2021-01-21 17:35:52 - [MESSAGE][PASSED] - Select Contract from Table in DB with Query "SELECT * FROM RTD_CONTRACT WHERE STATUS=12"

2021-01-21 17:35:52 - [MESSAGE][PASSED] - Feature file: 'Include/features/IST_Real/RTD/Check_MPF_Waiting_Partner_Confirmation.feature' was passed]]></system-out>
         <system-err><![CDATA[]]></system-err>
      </testcase>
      <system-out><![CDATA[2021-01-21 17:35:44 - [TEST_SUITE][PASSED] - TS_RTD: Test Cases/RTD/TC_Check_MPF_Waiting_Partner_Confirmation]]></system-out>
      <system-err><![CDATA[]]></system-err>
   </testsuite>
   <testsuite name="TS_Dashboard_for_CCC_OCS" tests="4" failures="0" errors="0" time="237.266" timestamp="2021-01-21 17:36:26" hostname="chaidir.pratama01 - localhost" id="Test Suites/RTD/TS_Dashboard_for_CCC_OCS">
      <properties>
         <property name="deviceName" value=""/>
         <property name="devicePlatform" value=""/>
         <property name="logFolder" value="/Users/chaidir.pratama01/Katalon Studio/IST_Automation_Git/Reports/20210121_172548/RTD/TS_Dashboard_for_CCC_OCS/20210121_172551"/>
         <property name="logFiles" value="/Users/chaidir.pratama01/Katalon Studio/IST_Automation_Git/Reports/20210121_172548/RTD/TS_Dashboard_for_CCC_OCS/20210121_172551/execution0.log"/>
         <property name="attachments" value="/Users/chaidir.pratama01/Documents/Docs/Katalon Studio/Screenshot/test-Dashboard for CCC/OCS.png, /Users/chaidir.pratama01/Documents/Docs/Katalon Studio/Screenshot/test-Dashboard for CCC/OCS.png, /Users/chaidir.pratama01/Documents/Docs/Katalon Studio/Screenshot/test-Dashboard for CCC/OCS.png, /Users/chaidir.pratama01/Documents/Docs/Katalon Studio/Screenshot/test-Dashboard for CCC/OCS.png, /Users/chaidir.pratama01/Documents/Docs/Katalon Studio/Screenshot/test-Dashboard for CCC/OCS.png, /Users/chaidir.pratama01/Documents/Docs/Katalon Studio/Screenshot/test-Dashboard for CCC/OCS.png, /Users/chaidir.pratama01/Documents/Docs/Katalon Studio/Screenshot/test-Dashboard for CCC/OCS.png, /Users/chaidir.pratama01/Documents/Docs/Katalon Studio/Screenshot/test-Dashboard for CCC/OCS.png, /Users/chaidir.pratama01/Katalon Studio/IST_Automation_Git/Reports/20210121_172548/RTD/TS_Dashboard_for_CCC_OCS/20210121_172551/1611225487821.png, /Users/chaidir.pratama01/Documents/Docs/Katalon Studio/Screenshot/test-Dashboard for CCC/OCS.png, /Users/chaidir.pratama01/Katalon Studio/IST_Automation_Git/Reports/20210121_172548/RTD/TS_Dashboard_for_CCC_OCS/20210121_172551/1611225501971.png, /Users/chaidir.pratama01/Documents/Docs/Katalon Studio/Screenshot/test-Dashboard for CCC/OCS.png, /Users/chaidir.pratama01/Documents/Docs/Katalon Studio/Screenshot/test-Dashboard for CCC/OCS.png, /Users/chaidir.pratama01/Documents/Docs/Katalon Studio/Screenshot/test-Dashboard for CCC/OCS.png, /Users/chaidir.pratama01/Documents/Docs/Katalon Studio/Screenshot/test-Dashboard for CCC/OCS.png, /Users/chaidir.pratama01/Documents/Docs/Katalon Studio/Screenshot/test-Dashboard for CCC/OCS.png, /Users/chaidir.pratama01/Documents/Docs/Katalon Studio/Screenshot/test-Dashboard for CCC/OCS.png, /Users/chaidir.pratama01/Documents/Docs/Katalon Studio/Screenshot/test-Dashboard for CCC/OCS.png, /Users/chaidir.pratama01/Documents/Docs/Katalon Studio/Screenshot/Download_data.png"/>
         <property name="hostName" value="chaidir.pratama01 - localhost"/>
         <property name="os" value="Mac OS X 64bit"/>
         <property name="katalonVersion" value="7.6.0.${buildNumber}"/>
         <property name="browser" value="Chrome 87.0.4280.141"/>
         <property name="hostAddress" value="127.0.0.1"/>
         <property name="sessionId" value="2d6b49d0c547461ad4d212e5c90c284f"/>
         <property name="seleniumVersion" value="3.141.59"/>
         <property name="proxyInformation" value="ProxyInformation { proxyOption=NO_PROXY, proxyServerType=HTTP, username=, password=********, proxyServerAddress=, proxyServerPort=0, executionList=\&quot;\&quot;, isApplyToDesiredCapabilities=true }"/>
         <property name="platform" value="Mac OS X"/>
      </properties>
      <testcase name="Test Cases/RTD/Dashboard for CCC OCS/TC_Search_by_Status" time="175.353" classname="Test Cases/RTD/Dashboard for CCC OCS/TC_Search_by_Status" status="PASSED">
         <system-out><![CDATA[2021-01-21 17:36:26 - [TEST_CASE][PASSED] - Test Cases/RTD/Dashboard for CCC OCS/TC_Search_by_Status: Test Cases/RTD/Dashboard for CCC OCS/TC_Search_by_Status

2021-01-21 17:36:26 - [TEST_STEP][PASSED] - runFeatureFile("Include/features/IST_Real/RTD/Dashboard_for_CCC_OCS/Search_by_STATUS_CCC_OCS.feature"): Feature file: 'Include/features/IST_Real/RTD/Dashboard_for_CCC_OCS/Search_by_STATUS_CCC_OCS.feature' was passed

2021-01-21 17:36:26 - [MESSAGE][INFO] - Starting run keyword runFeatureFile: 'Include/features/IST_Real/RTD/Dashboard_for_CCC_OCS/Search_by_STATUS_CCC_OCS.feature' and extract report to folder: '/Users/chaidir.pratama01/Katalon Studio/IST_Automation_Git/Reports/20210121_172548/RTD/TS_Dashboard_for_CCC_OCS/20210121_172551/cucumber_report/1611225386879'...

2021-01-21 17:36:27 - [TEST_CASE][PASSED] - Start Test Case : SCENARIO Search by STATUS Eligible to Disburse: SCENARIO Search by STATUS Eligible to Disburse

2021-01-21 17:36:27 - [TEST_STEP][PASSED] - Go to ISTools: Go to ISTools

2021-01-21 17:36:27 - [MESSAGE][INFO] - Starting 'Chrome (headless)' driver

2021-01-21 17:36:27 - [MESSAGE][INFO] - User set preference: ['args', '[--start-maximized, --disable-gpu, --no-proxy-server, â€“-no-sandbox, --allow-running-insecure-content, --ignore-certificate-errors, window-size=1680,814, force-device-scale-factor=2, --lang=en-GB]']

2021-01-21 17:36:27 - [MESSAGE][INFO] - User set preference: ['prefs', '{download.default_directory=/Users/chaidir.pratama01/Katalon Studio/IST_Automation_Git/Download}']

2021-01-21 17:36:27 - [MESSAGE][INFO] - Action delay is set to 0 milliseconds

2021-01-21 17:36:28 - [MESSAGE][PASSED] - Browser is opened with url: ''

2021-01-21 17:36:30 - [MESSAGE][PASSED] - Navigate to 'https://dev-istools.homecredit.id/foundation/' successfully

2021-01-21 17:36:30 - [MESSAGE][PASSED] - Go to ISTools

2021-01-21 17:36:30 - [TEST_STEP][PASSED] - Login IST with valid credentials: Login IST with valid credentials

2021-01-21 17:36:30 - [MESSAGE][PASSED] - Text 'mobile.test' is set on object 'Object Repository/Page_/input_Username_j_username'

2021-01-21 17:36:30 - [MESSAGE][PASSED] - Text ****** has been set on object 'Object Repository/Page_/input_Password_j_password'

2021-01-21 17:36:31 - [MESSAGE][PASSED] - Object: 'Object Repository/Page_/button_Login' is clicked on

2021-01-21 17:36:31 - [MESSAGE][PASSED] - Login IST with valid credentials

2021-01-21 17:36:31 - [TEST_STEP][PASSED] - Login Success: Login Success

2021-01-21 17:36:31 - [MESSAGE][INFO] - Login Success

2021-01-21 17:36:31 - [MESSAGE][PASSED] - Current window maximized

2021-01-21 17:36:31 - [MESSAGE][PASSED] - Object 'Object Repository/Page_/h1_Welcome to IT Supporting Tools' is present

2021-01-21 17:36:31 - [MESSAGE][PASSED] - Login Success

2021-01-21 17:36:31 - [TEST_STEP][PASSED] - Select Arrow Menu "Real Time Disbursement": Select Arrow Menu "Real Time Disbursement"

2021-01-21 17:36:31 - [MESSAGE][PASSED] - Object: '' is clicked on

2021-01-21 17:36:31 - [MESSAGE][PASSED] - Select Arrow Menu "Real Time Disbursement"

2021-01-21 17:36:31 - [TEST_STEP][PASSED] - Select Menu "Dashboard for CCC/OCS": Select Menu "Dashboard for CCC/OCS"

2021-01-21 17:36:31 - [MESSAGE][PASSED] - Taking screenshot successfully
[[ATTACHMENT|/Users/chaidir.pratama01/Documents/Docs/Katalon Studio/Screenshot/test-Dashboard for CCC/OCS.png]]

2021-01-21 17:36:31 - [MESSAGE][PASSED] - Object '' is present

2021-01-21 17:36:32 - [MESSAGE][PASSED] - Object: '' is clicked on

2021-01-21 17:36:32 - [MESSAGE][PASSED] - Wait for page load successfully

2021-01-21 17:36:32 - [MESSAGE][PASSED] - Select Menu "Dashboard for CCC/OCS"

2021-01-21 17:36:32 - [TEST_STEP][PASSED] - Select STATUS "Eligible to disburse": Select STATUS "Eligible to disburse"

2021-01-21 17:36:32 - [MESSAGE][PASSED] - All options with value 'Eligible to disburse' are selected in object ''  using regular expression

2021-01-21 17:36:32 - [MESSAGE][PASSED] - Select STATUS "Eligible to disburse"

2021-01-21 17:36:32 - [TEST_STEP][PASSED] - Click button "Search": Click button "Search"

2021-01-21 17:36:32 - [MESSAGE][INFO] - >>>>>//Button[contains(text(),'Search')]

2021-01-21 17:36:35 - [MESSAGE][PASSED] - Object '' is present

2021-01-21 17:36:35 - [MESSAGE][PASSED] - Object: '' is clicked on

2021-01-21 17:36:35 - [MESSAGE][PASSED] - Switched to window with index: '0'

2021-01-21 17:36:35 - [MESSAGE][PASSED] - Click button "Search"

2021-01-21 17:36:35 - [TEST_STEP][PASSED] - Verify Search Result Presents: Verify Search Result Presents

2021-01-21 17:36:35 - [MESSAGE][PASSED] - Object '' is present

2021-01-21 17:36:42 - [MESSAGE][PASSED] - Verify Search Result Presents

2021-01-21 17:36:42 - [TEST_STEP][PASSED] - Click button "Logout": Click button "Logout"

2021-01-21 17:36:42 - [MESSAGE][INFO] - >>>>>//Button[contains(text(),'Logout')]

2021-01-21 17:36:45 - [MESSAGE][PASSED] - Object '' is present

2021-01-21 17:36:45 - [MESSAGE][PASSED] - Object: '' is clicked on

2021-01-21 17:36:45 - [MESSAGE][PASSED] - Switched to window with index: '0'

2021-01-21 17:36:45 - [MESSAGE][PASSED] - Click button "Logout"

2021-01-21 17:36:45 - [TEST_STEP][PASSED] - Close browser: Close browser

2021-01-21 17:36:45 - [MESSAGE][PASSED] - Browser is closed

2021-01-21 17:36:45 - [MESSAGE][PASSED] - Close browser

2021-01-21 17:36:45 - [TEST_CASE][PASSED] - Start Test Case : SCENARIO Search by STATUS Waiting approval from Risk: SCENARIO Search by STATUS Waiting approval from Risk

2021-01-21 17:36:45 - [TEST_STEP][PASSED] - Go to ISTools: Go to ISTools

2021-01-21 17:36:45 - [MESSAGE][INFO] - Starting 'Chrome (headless)' driver

2021-01-21 17:36:45 - [MESSAGE][INFO] - User set preference: ['args', '[--start-maximized, --disable-gpu, --no-proxy-server, â€“-no-sandbox, --allow-running-insecure-content, --ignore-certificate-errors, window-size=1680,814, force-device-scale-factor=2, --lang=en-GB]']

2021-01-21 17:36:45 - [MESSAGE][INFO] - User set preference: ['prefs', '{download.default_directory=/Users/chaidir.pratama01/Katalon Studio/IST_Automation_Git/Download}']

2021-01-21 17:36:45 - [MESSAGE][INFO] - Action delay is set to 0 milliseconds

2021-01-21 17:36:46 - [MESSAGE][PASSED] - Browser is opened with url: ''

2021-01-21 17:36:46 - [MESSAGE][PASSED] - Navigate to 'https://dev-istools.homecredit.id/foundation/' successfully

2021-01-21 17:36:46 - [MESSAGE][PASSED] - Go to ISTools

2021-01-21 17:36:46 - [TEST_STEP][PASSED] - Login IST with valid credentials: Login IST with valid credentials

2021-01-21 17:36:47 - [MESSAGE][PASSED] - Text 'mobile.test' is set on object 'Object Repository/Page_/input_Username_j_username'

2021-01-21 17:36:47 - [MESSAGE][PASSED] - Text ****** has been set on object 'Object Repository/Page_/input_Password_j_password'

2021-01-21 17:36:47 - [MESSAGE][PASSED] - Object: 'Object Repository/Page_/button_Login' is clicked on

2021-01-21 17:36:47 - [MESSAGE][PASSED] - Login IST with valid credentials

2021-01-21 17:36:47 - [TEST_STEP][PASSED] - Login Success: Login Success

2021-01-21 17:36:47 - [MESSAGE][INFO] - Login Success

2021-01-21 17:36:47 - [MESSAGE][PASSED] - Current window maximized

2021-01-21 17:36:47 - [MESSAGE][PASSED] - Object 'Object Repository/Page_/h1_Welcome to IT Supporting Tools' is present

2021-01-21 17:36:47 - [MESSAGE][PASSED] - Login Success

2021-01-21 17:36:47 - [TEST_STEP][PASSED] - Select Arrow Menu "Real Time Disbursement": Select Arrow Menu "Real Time Disbursement"

2021-01-21 17:36:47 - [MESSAGE][PASSED] - Object: '' is clicked on

2021-01-21 17:36:47 - [MESSAGE][PASSED] - Select Arrow Menu "Real Time Disbursement"

2021-01-21 17:36:47 - [TEST_STEP][PASSED] - Select Menu "Dashboard for CCC/OCS": Select Menu "Dashboard for CCC/OCS"

2021-01-21 17:36:48 - [MESSAGE][PASSED] - Taking screenshot successfully
[[ATTACHMENT|/Users/chaidir.pratama01/Documents/Docs/Katalon Studio/Screenshot/test-Dashboard for CCC/OCS.png]]

2021-01-21 17:36:48 - [MESSAGE][PASSED] - Object '' is present

2021-01-21 17:36:48 - [MESSAGE][PASSED] - Object: '' is clicked on

2021-01-21 17:36:48 - [MESSAGE][PASSED] - Wait for page load successfully

2021-01-21 17:36:48 - [MESSAGE][PASSED] - Select Menu "Dashboard for CCC/OCS"

2021-01-21 17:36:48 - [TEST_STEP][PASSED] - Select STATUS "Waiting approval from Risk": Select STATUS "Waiting approval from Risk"

2021-01-21 17:36:48 - [MESSAGE][PASSED] - All options with value 'Waiting approval from Risk' are selected in object ''  using regular expression

2021-01-21 17:36:48 - [MESSAGE][PASSED] - Select STATUS "Waiting approval from Risk"

2021-01-21 17:36:48 - [TEST_STEP][PASSED] - Click button "Search": Click button "Search"

2021-01-21 17:36:48 - [MESSAGE][INFO] - >>>>>//Button[contains(text(),'Search')]

2021-01-21 17:36:51 - [MESSAGE][PASSED] - Object '' is present

2021-01-21 17:36:51 - [MESSAGE][PASSED] - Object: '' is clicked on

2021-01-21 17:36:51 - [MESSAGE][PASSED] - Switched to window with index: '0'

2021-01-21 17:36:51 - [MESSAGE][PASSED] - Click button "Search"

2021-01-21 17:36:51 - [TEST_STEP][PASSED] - Verify Search Result Presents: Verify Search Result Presents

2021-01-21 17:36:51 - [MESSAGE][PASSED] - Object '' is present

2021-01-21 17:36:54 - [MESSAGE][PASSED] - Verify Search Result Presents

2021-01-21 17:36:54 - [TEST_STEP][PASSED] - Click button "Logout": Click button "Logout"

2021-01-21 17:36:54 - [MESSAGE][INFO] - >>>>>//Button[contains(text(),'Logout')]

2021-01-21 17:36:57 - [MESSAGE][PASSED] - Object '' is present

2021-01-21 17:36:57 - [MESSAGE][PASSED] - Object: '' is clicked on

2021-01-21 17:36:57 - [MESSAGE][PASSED] - Switched to window with index: '0'

2021-01-21 17:36:57 - [MESSAGE][PASSED] - Click button "Logout"

2021-01-21 17:36:57 - [TEST_STEP][PASSED] - Close browser: Close browser

2021-01-21 17:36:57 - [MESSAGE][PASSED] - Browser is closed

2021-01-21 17:36:57 - [MESSAGE][PASSED] - Close browser

2021-01-21 17:36:57 - [TEST_CASE][PASSED] - Start Test Case : SCENARIO Search by STATUS Waiting for approval from In Payment: SCENARIO Search by STATUS Waiting for approval from In Payment

2021-01-21 17:36:57 - [TEST_STEP][PASSED] - Go to ISTools: Go to ISTools

2021-01-21 17:36:57 - [MESSAGE][INFO] - Starting 'Chrome (headless)' driver

2021-01-21 17:36:57 - [MESSAGE][INFO] - User set preference: ['args', '[--start-maximized, --disable-gpu, --no-proxy-server, â€“-no-sandbox, --allow-running-insecure-content, --ignore-certificate-errors, window-size=1680,814, force-device-scale-factor=2, --lang=en-GB]']

2021-01-21 17:36:57 - [MESSAGE][INFO] - User set preference: ['prefs', '{download.default_directory=/Users/chaidir.pratama01/Katalon Studio/IST_Automation_Git/Download}']

2021-01-21 17:36:57 - [MESSAGE][INFO] - Action delay is set to 0 milliseconds

2021-01-21 17:36:57 - [MESSAGE][PASSED] - Browser is opened with url: ''

2021-01-21 17:36:58 - [MESSAGE][PASSED] - Navigate to 'https://dev-istools.homecredit.id/foundation/' successfully

2021-01-21 17:36:58 - [MESSAGE][PASSED] - Go to ISTools

2021-01-21 17:36:58 - [TEST_STEP][PASSED] - Login IST with valid credentials: Login IST with valid credentials

2021-01-21 17:36:58 - [MESSAGE][PASSED] - Text 'mobile.test' is set on object 'Object Repository/Page_/input_Username_j_username'

2021-01-21 17:36:58 - [MESSAGE][PASSED] - Text ****** has been set on object 'Object Repository/Page_/input_Password_j_password'

2021-01-21 17:36:59 - [MESSAGE][PASSED] - Object: 'Object Repository/Page_/button_Login' is clicked on

2021-01-21 17:36:59 - [MESSAGE][PASSED] - Login IST with valid credentials

2021-01-21 17:36:59 - [TEST_STEP][PASSED] - Login Success: Login Success

2021-01-21 17:36:59 - [MESSAGE][INFO] - Login Success

2021-01-21 17:36:59 - [MESSAGE][PASSED] - Current window maximized

2021-01-21 17:36:59 - [MESSAGE][PASSED] - Object 'Object Repository/Page_/h1_Welcome to IT Supporting Tools' is present

2021-01-21 17:36:59 - [MESSAGE][PASSED] - Login Success

2021-01-21 17:36:59 - [TEST_STEP][PASSED] - Select Arrow Menu "Real Time Disbursement": Select Arrow Menu "Real Time Disbursement"

2021-01-21 17:36:59 - [MESSAGE][PASSED] - Object: '' is clicked on

2021-01-21 17:36:59 - [MESSAGE][PASSED] - Select Arrow Menu "Real Time Disbursement"

2021-01-21 17:36:59 - [TEST_STEP][PASSED] - Select Menu "Dashboard for CCC/OCS": Select Menu "Dashboard for CCC/OCS"

2021-01-21 17:36:59 - [MESSAGE][PASSED] - Taking screenshot successfully
[[ATTACHMENT|/Users/chaidir.pratama01/Documents/Docs/Katalon Studio/Screenshot/test-Dashboard for CCC/OCS.png]]

2021-01-21 17:37:00 - [MESSAGE][PASSED] - Object '' is present

2021-01-21 17:37:00 - [MESSAGE][PASSED] - Object: '' is clicked on

2021-01-21 17:37:00 - [MESSAGE][PASSED] - Wait for page load successfully

2021-01-21 17:37:00 - [MESSAGE][PASSED] - Select Menu "Dashboard for CCC/OCS"

2021-01-21 17:37:00 - [TEST_STEP][PASSED] - Select STATUS "Waiting for approval from In Payment": Select STATUS "Waiting for approval from In Payment"

2021-01-21 17:37:00 - [MESSAGE][PASSED] - All options with value 'Waiting for approval from In Payment' are selected in object ''  using regular expression

2021-01-21 17:37:00 - [MESSAGE][PASSED] - Select STATUS "Waiting for approval from In Payment"

2021-01-21 17:37:00 - [TEST_STEP][PASSED] - Click button "Search": Click button "Search"

2021-01-21 17:37:00 - [MESSAGE][INFO] - >>>>>//Button[contains(text(),'Search')]

2021-01-21 17:37:03 - [MESSAGE][PASSED] - Object '' is present

2021-01-21 17:37:03 - [MESSAGE][PASSED] - Object: '' is clicked on

2021-01-21 17:37:03 - [MESSAGE][PASSED] - Switched to window with index: '0'

2021-01-21 17:37:03 - [MESSAGE][PASSED] - Click button "Search"

2021-01-21 17:37:03 - [TEST_STEP][PASSED] - Verify Search Result Presents: Verify Search Result Presents

2021-01-21 17:37:03 - [MESSAGE][PASSED] - Object '' is present

2021-01-21 17:37:04 - [MESSAGE][PASSED] - Verify Search Result Presents

2021-01-21 17:37:04 - [TEST_STEP][PASSED] - Click button "Logout": Click button "Logout"

2021-01-21 17:37:04 - [MESSAGE][INFO] - >>>>>//Button[contains(text(),'Logout')]

2021-01-21 17:37:07 - [MESSAGE][PASSED] - Object '' is present

2021-01-21 17:37:07 - [MESSAGE][PASSED] - Object: '' is clicked on

2021-01-21 17:37:07 - [MESSAGE][PASSED] - Switched to window with index: '0'

2021-01-21 17:37:07 - [MESSAGE][PASSED] - Click button "Logout"

2021-01-21 17:37:07 - [TEST_STEP][PASSED] - Close browser: Close browser

2021-01-21 17:37:07 - [MESSAGE][PASSED] - Browser is closed

2021-01-21 17:37:07 - [MESSAGE][PASSED] - Close browser

2021-01-21 17:37:07 - [TEST_CASE][PASSED] - Start Test Case : SCENARIO Search by STATUS Not eligible to disburse: SCENARIO Search by STATUS Not eligible to disburse

2021-01-21 17:37:07 - [TEST_STEP][PASSED] - Go to ISTools: Go to ISTools

2021-01-21 17:37:07 - [MESSAGE][INFO] - Starting 'Chrome (headless)' driver

2021-01-21 17:37:07 - [MESSAGE][INFO] - User set preference: ['args', '[--start-maximized, --disable-gpu, --no-proxy-server, â€“-no-sandbox, --allow-running-insecure-content, --ignore-certificate-errors, window-size=1680,814, force-device-scale-factor=2, --lang=en-GB]']

2021-01-21 17:37:07 - [MESSAGE][INFO] - User set preference: ['prefs', '{download.default_directory=/Users/chaidir.pratama01/Katalon Studio/IST_Automation_Git/Download}']

2021-01-21 17:37:07 - [MESSAGE][INFO] - Action delay is set to 0 milliseconds

2021-01-21 17:37:07 - [MESSAGE][PASSED] - Browser is opened with url: ''

2021-01-21 17:37:08 - [MESSAGE][PASSED] - Navigate to 'https://dev-istools.homecredit.id/foundation/' successfully

2021-01-21 17:37:08 - [MESSAGE][PASSED] - Go to ISTools

2021-01-21 17:37:08 - [TEST_STEP][PASSED] - Login IST with valid credentials: Login IST with valid credentials

2021-01-21 17:37:08 - [MESSAGE][PASSED] - Text 'mobile.test' is set on object 'Object Repository/Page_/input_Username_j_username'

2021-01-21 17:37:08 - [MESSAGE][PASSED] - Text ****** has been set on object 'Object Repository/Page_/input_Password_j_password'

2021-01-21 17:37:09 - [MESSAGE][PASSED] - Object: 'Object Repository/Page_/button_Login' is clicked on

2021-01-21 17:37:09 - [MESSAGE][PASSED] - Login IST with valid credentials

2021-01-21 17:37:09 - [TEST_STEP][PASSED] - Login Success: Login Success

2021-01-21 17:37:09 - [MESSAGE][INFO] - Login Success

2021-01-21 17:37:09 - [MESSAGE][PASSED] - Current window maximized

2021-01-21 17:37:09 - [MESSAGE][PASSED] - Object 'Object Repository/Page_/h1_Welcome to IT Supporting Tools' is present

2021-01-21 17:37:09 - [MESSAGE][PASSED] - Login Success

2021-01-21 17:37:09 - [TEST_STEP][PASSED] - Select Arrow Menu "Real Time Disbursement": Select Arrow Menu "Real Time Disbursement"

2021-01-21 17:37:09 - [MESSAGE][PASSED] - Object: '' is clicked on

2021-01-21 17:37:09 - [MESSAGE][PASSED] - Select Arrow Menu "Real Time Disbursement"

2021-01-21 17:37:09 - [TEST_STEP][PASSED] - Select Menu "Dashboard for CCC/OCS": Select Menu "Dashboard for CCC/OCS"

2021-01-21 17:37:09 - [MESSAGE][PASSED] - Taking screenshot successfully
[[ATTACHMENT|/Users/chaidir.pratama01/Documents/Docs/Katalon Studio/Screenshot/test-Dashboard for CCC/OCS.png]]

2021-01-21 17:37:09 - [MESSAGE][PASSED] - Object '' is present

2021-01-21 17:37:09 - [MESSAGE][PASSED] - Object: '' is clicked on

2021-01-21 17:37:09 - [MESSAGE][PASSED] - Wait for page load successfully

2021-01-21 17:37:09 - [MESSAGE][PASSED] - Select Menu "Dashboard for CCC/OCS"

2021-01-21 17:37:09 - [TEST_STEP][PASSED] - Select STATUS "Not eligible to disburse": Select STATUS "Not eligible to disburse"

2021-01-21 17:37:10 - [MESSAGE][PASSED] - All options with value 'Not eligible to disburse' are selected in object ''  using regular expression

2021-01-21 17:37:10 - [MESSAGE][PASSED] - Select STATUS "Not eligible to disburse"

2021-01-21 17:37:10 - [TEST_STEP][PASSED] - Click button "Search": Click button "Search"

2021-01-21 17:37:10 - [MESSAGE][INFO] - >>>>>//Button[contains(text(),'Search')]

2021-01-21 17:37:13 - [MESSAGE][PASSED] - Object '' is present

2021-01-21 17:37:13 - [MESSAGE][PASSED] - Object: '' is clicked on

2021-01-21 17:37:13 - [MESSAGE][PASSED] - Switched to window with index: '0'

2021-01-21 17:37:13 - [MESSAGE][PASSED] - Click button "Search"

2021-01-21 17:37:13 - [TEST_STEP][PASSED] - Verify Search Result Presents: Verify Search Result Presents

2021-01-21 17:37:13 - [MESSAGE][PASSED] - Object '' is present

2021-01-21 17:37:19 - [MESSAGE][PASSED] - Verify Search Result Presents

2021-01-21 17:37:19 - [TEST_STEP][PASSED] - Click button "Logout": Click button "Logout"

2021-01-21 17:37:19 - [MESSAGE][INFO] - >>>>>//Button[contains(text(),'Logout')]

2021-01-21 17:37:22 - [MESSAGE][PASSED] - Object '' is present

2021-01-21 17:37:23 - [MESSAGE][PASSED] - Object: '' is clicked on

2021-01-21 17:37:23 - [MESSAGE][PASSED] - Switched to window with index: '0'

2021-01-21 17:37:23 - [MESSAGE][PASSED] - Click button "Logout"

2021-01-21 17:37:23 - [TEST_STEP][PASSED] - Close browser: Close browser

2021-01-21 17:37:23 - [MESSAGE][PASSED] - Browser is closed

2021-01-21 17:37:23 - [MESSAGE][PASSED] - Close browser

2021-01-21 17:37:23 - [TEST_CASE][PASSED] - Start Test Case : SCENARIO Search by STATUS Ready to disburse: SCENARIO Search by STATUS Ready to disburse

2021-01-21 17:37:23 - [TEST_STEP][PASSED] - Go to ISTools: Go to ISTools

2021-01-21 17:37:23 - [MESSAGE][INFO] - Starting 'Chrome (headless)' driver

2021-01-21 17:37:23 - [MESSAGE][INFO] - User set preference: ['args', '[--start-maximized, --disable-gpu, --no-proxy-server, â€“-no-sandbox, --allow-running-insecure-content, --ignore-certificate-errors, window-size=1680,814, force-device-scale-factor=2, --lang=en-GB]']

2021-01-21 17:37:23 - [MESSAGE][INFO] - User set preference: ['prefs', '{download.default_directory=/Users/chaidir.pratama01/Katalon Studio/IST_Automation_Git/Download}']

2021-01-21 17:37:23 - [MESSAGE][INFO] - Action delay is set to 0 milliseconds

2021-01-21 17:37:23 - [MESSAGE][PASSED] - Browser is opened with url: ''

2021-01-21 17:37:24 - [MESSAGE][PASSED] - Navigate to 'https://dev-istools.homecredit.id/foundation/' successfully

2021-01-21 17:37:24 - [MESSAGE][PASSED] - Go to ISTools

2021-01-21 17:37:24 - [TEST_STEP][PASSED] - Login IST with valid credentials: Login IST with valid credentials

2021-01-21 17:37:24 - [MESSAGE][PASSED] - Text 'mobile.test' is set on object 'Object Repository/Page_/input_Username_j_username'

2021-01-21 17:37:24 - [MESSAGE][PASSED] - Text ****** has been set on object 'Object Repository/Page_/input_Password_j_password'

2021-01-21 17:37:24 - [MESSAGE][PASSED] - Object: 'Object Repository/Page_/button_Login' is clicked on

2021-01-21 17:37:24 - [MESSAGE][PASSED] - Login IST with valid credentials

2021-01-21 17:37:24 - [TEST_STEP][PASSED] - Login Success: Login Success

2021-01-21 17:37:24 - [MESSAGE][INFO] - Login Success

2021-01-21 17:37:24 - [MESSAGE][PASSED] - Current window maximized

2021-01-21 17:37:25 - [MESSAGE][PASSED] - Object 'Object Repository/Page_/h1_Welcome to IT Supporting Tools' is present

2021-01-21 17:37:25 - [MESSAGE][PASSED] - Login Success

2021-01-21 17:37:25 - [TEST_STEP][PASSED] - Select Arrow Menu "Real Time Disbursement": Select Arrow Menu "Real Time Disbursement"

2021-01-21 17:37:25 - [MESSAGE][PASSED] - Object: '' is clicked on

2021-01-21 17:37:25 - [MESSAGE][PASSED] - Select Arrow Menu "Real Time Disbursement"

2021-01-21 17:37:25 - [TEST_STEP][PASSED] - Select Menu "Dashboard for CCC/OCS": Select Menu "Dashboard for CCC/OCS"

2021-01-21 17:37:25 - [MESSAGE][PASSED] - Taking screenshot successfully
[[ATTACHMENT|/Users/chaidir.pratama01/Documents/Docs/Katalon Studio/Screenshot/test-Dashboard for CCC/OCS.png]]

2021-01-21 17:37:25 - [MESSAGE][PASSED] - Object '' is present

2021-01-21 17:37:25 - [MESSAGE][PASSED] - Object: '' is clicked on

2021-01-21 17:37:25 - [MESSAGE][PASSED] - Wait for page load successfully

2021-01-21 17:37:25 - [MESSAGE][PASSED] - Select Menu "Dashboard for CCC/OCS"

2021-01-21 17:37:25 - [TEST_STEP][PASSED] - Select STATUS "Ready to disburse": Select STATUS "Ready to disburse"

2021-01-21 17:37:26 - [MESSAGE][PASSED] - All options with value 'Ready to disburse' are selected in object ''  using regular expression

2021-01-21 17:37:26 - [MESSAGE][PASSED] - Select STATUS "Ready to disburse"

2021-01-21 17:37:26 - [TEST_STEP][PASSED] - Click button "Search": Click button "Search"

2021-01-21 17:37:26 - [MESSAGE][INFO] - >>>>>//Button[contains(text(),'Search')]

2021-01-21 17:37:29 - [MESSAGE][PASSED] - Object '' is present

2021-01-21 17:37:29 - [MESSAGE][PASSED] - Object: '' is clicked on

2021-01-21 17:37:29 - [MESSAGE][PASSED] - Switched to window with index: '0'

2021-01-21 17:37:29 - [MESSAGE][PASSED] - Click button "Search"

2021-01-21 17:37:29 - [TEST_STEP][PASSED] - Verify Search Result Presents: Verify Search Result Presents

2021-01-21 17:37:29 - [MESSAGE][PASSED] - Object '' is present

2021-01-21 17:37:31 - [MESSAGE][PASSED] - Verify Search Result Presents

2021-01-21 17:37:31 - [TEST_STEP][PASSED] - Click button "Logout": Click button "Logout"

2021-01-21 17:37:31 - [MESSAGE][INFO] - >>>>>//Button[contains(text(),'Logout')]

2021-01-21 17:37:34 - [MESSAGE][PASSED] - Object '' is present

2021-01-21 17:37:34 - [MESSAGE][PASSED] - Object: '' is clicked on

2021-01-21 17:37:34 - [MESSAGE][PASSED] - Switched to window with index: '0'

2021-01-21 17:37:34 - [MESSAGE][PASSED] - Click button "Logout"

2021-01-21 17:37:34 - [TEST_STEP][PASSED] - Close browser: Close browser

2021-01-21 17:37:34 - [MESSAGE][PASSED] - Browser is closed

2021-01-21 17:37:34 - [MESSAGE][PASSED] - Close browser

2021-01-21 17:37:34 - [TEST_CASE][PASSED] - Start Test Case : SCENARIO Search by STATUS Failed due to invalid bank account: SCENARIO Search by STATUS Failed due to invalid bank account

2021-01-21 17:37:34 - [TEST_STEP][PASSED] - Go to ISTools: Go to ISTools

2021-01-21 17:37:34 - [MESSAGE][INFO] - Starting 'Chrome (headless)' driver

2021-01-21 17:37:34 - [MESSAGE][INFO] - User set preference: ['args', '[--start-maximized, --disable-gpu, --no-proxy-server, â€“-no-sandbox, --allow-running-insecure-content, --ignore-certificate-errors, window-size=1680,814, force-device-scale-factor=2, --lang=en-GB]']

2021-01-21 17:37:34 - [MESSAGE][INFO] - User set preference: ['prefs', '{download.default_directory=/Users/chaidir.pratama01/Katalon Studio/IST_Automation_Git/Download}']

2021-01-21 17:37:34 - [MESSAGE][INFO] - Action delay is set to 0 milliseconds

2021-01-21 17:37:35 - [MESSAGE][PASSED] - Browser is opened with url: ''

2021-01-21 17:37:35 - [MESSAGE][PASSED] - Navigate to 'https://dev-istools.homecredit.id/foundation/' successfully

2021-01-21 17:37:35 - [MESSAGE][PASSED] - Go to ISTools

2021-01-21 17:37:35 - [TEST_STEP][PASSED] - Login IST with valid credentials: Login IST with valid credentials

2021-01-21 17:37:36 - [MESSAGE][PASSED] - Text 'mobile.test' is set on object 'Object Repository/Page_/input_Username_j_username'

2021-01-21 17:37:36 - [MESSAGE][PASSED] - Text ****** has been set on object 'Object Repository/Page_/input_Password_j_password'

2021-01-21 17:37:36 - [MESSAGE][PASSED] - Object: 'Object Repository/Page_/button_Login' is clicked on

2021-01-21 17:37:36 - [MESSAGE][PASSED] - Login IST with valid credentials

2021-01-21 17:37:36 - [TEST_STEP][PASSED] - Login Success: Login Success

2021-01-21 17:37:36 - [MESSAGE][INFO] - Login Success

2021-01-21 17:37:36 - [MESSAGE][PASSED] - Current window maximized

2021-01-21 17:37:36 - [MESSAGE][PASSED] - Object 'Object Repository/Page_/h1_Welcome to IT Supporting Tools' is present

2021-01-21 17:37:36 - [MESSAGE][PASSED] - Login Success

2021-01-21 17:37:36 - [TEST_STEP][PASSED] - Select Arrow Menu "Real Time Disbursement": Select Arrow Menu "Real Time Disbursement"

2021-01-21 17:37:36 - [MESSAGE][PASSED] - Object: '' is clicked on

2021-01-21 17:37:36 - [MESSAGE][PASSED] - Select Arrow Menu "Real Time Disbursement"

2021-01-21 17:37:36 - [TEST_STEP][PASSED] - Select Menu "Dashboard for CCC/OCS": Select Menu "Dashboard for CCC/OCS"

2021-01-21 17:37:37 - [MESSAGE][PASSED] - Taking screenshot successfully
[[ATTACHMENT|/Users/chaidir.pratama01/Documents/Docs/Katalon Studio/Screenshot/test-Dashboard for CCC/OCS.png]]

2021-01-21 17:37:37 - [MESSAGE][PASSED] - Object '' is present

2021-01-21 17:37:37 - [MESSAGE][PASSED] - Object: '' is clicked on

2021-01-21 17:37:37 - [MESSAGE][PASSED] - Wait for page load successfully

2021-01-21 17:37:37 - [MESSAGE][PASSED] - Select Menu "Dashboard for CCC/OCS"

2021-01-21 17:37:37 - [TEST_STEP][PASSED] - Select STATUS "Failed due to invalid bank account": Select STATUS "Failed due to invalid bank account"

2021-01-21 17:37:37 - [MESSAGE][PASSED] - All options with value 'Failed due to invalid bank account' are selected in object ''  using regular expression

2021-01-21 17:37:37 - [MESSAGE][PASSED] - Select STATUS "Failed due to invalid bank account"

2021-01-21 17:37:37 - [TEST_STEP][PASSED] - Click button "Search": Click button "Search"

2021-01-21 17:37:37 - [MESSAGE][INFO] - >>>>>//Button[contains(text(),'Search')]

2021-01-21 17:37:40 - [MESSAGE][PASSED] - Object '' is present

2021-01-21 17:37:40 - [MESSAGE][PASSED] - Object: '' is clicked on

2021-01-21 17:37:40 - [MESSAGE][PASSED] - Switched to window with index: '0'

2021-01-21 17:37:40 - [MESSAGE][PASSED] - Click button "Search"

2021-01-21 17:37:40 - [TEST_STEP][PASSED] - Verify Search Result Presents: Verify Search Result Presents

2021-01-21 17:37:40 - [MESSAGE][PASSED] - Object '' is present

2021-01-21 17:37:42 - [MESSAGE][PASSED] - Verify Search Result Presents

2021-01-21 17:37:42 - [TEST_STEP][PASSED] - Click button "Logout": Click button "Logout"

2021-01-21 17:37:42 - [MESSAGE][INFO] - >>>>>//Button[contains(text(),'Logout')]

2021-01-21 17:37:45 - [MESSAGE][PASSED] - Object '' is present

2021-01-21 17:37:45 - [MESSAGE][PASSED] - Object: '' is clicked on

2021-01-21 17:37:45 - [MESSAGE][PASSED] - Switched to window with index: '0'

2021-01-21 17:37:45 - [MESSAGE][PASSED] - Click button "Logout"

2021-01-21 17:37:45 - [TEST_STEP][PASSED] - Close browser: Close browser

2021-01-21 17:37:45 - [MESSAGE][PASSED] - Browser is closed

2021-01-21 17:37:45 - [MESSAGE][PASSED] - Close browser

2021-01-21 17:37:45 - [TEST_CASE][PASSED] - Start Test Case : SCENARIO Search by STATUS Failed due to system error: SCENARIO Search by STATUS Failed due to system error

2021-01-21 17:37:45 - [TEST_STEP][PASSED] - Go to ISTools: Go to ISTools

2021-01-21 17:37:45 - [MESSAGE][INFO] - Starting 'Chrome (headless)' driver

2021-01-21 17:37:45 - [MESSAGE][INFO] - User set preference: ['args', '[--start-maximized, --disable-gpu, --no-proxy-server, â€“-no-sandbox, --allow-running-insecure-content, --ignore-certificate-errors, window-size=1680,814, force-device-scale-factor=2, --lang=en-GB]']

2021-01-21 17:37:45 - [MESSAGE][INFO] - User set preference: ['prefs', '{download.default_directory=/Users/chaidir.pratama01/Katalon Studio/IST_Automation_Git/Download}']

2021-01-21 17:37:45 - [MESSAGE][INFO] - Action delay is set to 0 milliseconds

2021-01-21 17:37:45 - [MESSAGE][PASSED] - Browser is opened with url: ''

2021-01-21 17:37:46 - [MESSAGE][PASSED] - Navigate to 'https://dev-istools.homecredit.id/foundation/' successfully

2021-01-21 17:37:46 - [MESSAGE][PASSED] - Go to ISTools

2021-01-21 17:37:46 - [TEST_STEP][PASSED] - Login IST with valid credentials: Login IST with valid credentials

2021-01-21 17:37:46 - [MESSAGE][PASSED] - Text 'mobile.test' is set on object 'Object Repository/Page_/input_Username_j_username'

2021-01-21 17:37:46 - [MESSAGE][PASSED] - Text ****** has been set on object 'Object Repository/Page_/input_Password_j_password'

2021-01-21 17:37:47 - [MESSAGE][PASSED] - Object: 'Object Repository/Page_/button_Login' is clicked on

2021-01-21 17:37:47 - [MESSAGE][PASSED] - Login IST with valid credentials

2021-01-21 17:37:47 - [TEST_STEP][PASSED] - Login Success: Login Success

2021-01-21 17:37:47 - [MESSAGE][INFO] - Login Success

2021-01-21 17:37:47 - [MESSAGE][PASSED] - Current window maximized

2021-01-21 17:37:47 - [MESSAGE][PASSED] - Object 'Object Repository/Page_/h1_Welcome to IT Supporting Tools' is present

2021-01-21 17:37:47 - [MESSAGE][PASSED] - Login Success

2021-01-21 17:37:47 - [TEST_STEP][PASSED] - Select Arrow Menu "Real Time Disbursement": Select Arrow Menu "Real Time Disbursement"

2021-01-21 17:37:47 - [MESSAGE][PASSED] - Object: '' is clicked on

2021-01-21 17:37:47 - [MESSAGE][PASSED] - Select Arrow Menu "Real Time Disbursement"

2021-01-21 17:37:47 - [TEST_STEP][PASSED] - Select Menu "Dashboard for CCC/OCS": Select Menu "Dashboard for CCC/OCS"

2021-01-21 17:37:47 - [MESSAGE][PASSED] - Taking screenshot successfully
[[ATTACHMENT|/Users/chaidir.pratama01/Documents/Docs/Katalon Studio/Screenshot/test-Dashboard for CCC/OCS.png]]

2021-01-21 17:37:47 - [MESSAGE][PASSED] - Object '' is present

2021-01-21 17:37:47 - [MESSAGE][PASSED] - Object: '' is clicked on

2021-01-21 17:37:47 - [MESSAGE][PASSED] - Wait for page load successfully

2021-01-21 17:37:47 - [MESSAGE][PASSED] - Select Menu "Dashboard for CCC/OCS"

2021-01-21 17:37:47 - [TEST_STEP][PASSED] - Select STATUS "Failed due to system error": Select STATUS "Failed due to system error"

2021-01-21 17:37:48 - [MESSAGE][PASSED] - All options with value 'Failed due to system error' are selected in object ''  using regular expression

2021-01-21 17:37:48 - [MESSAGE][PASSED] - Select STATUS "Failed due to system error"

2021-01-21 17:37:48 - [TEST_STEP][PASSED] - Click button "Search": Click button "Search"

2021-01-21 17:37:48 - [MESSAGE][INFO] - >>>>>//Button[contains(text(),'Search')]

2021-01-21 17:37:51 - [MESSAGE][PASSED] - Object '' is present

2021-01-21 17:37:51 - [MESSAGE][PASSED] - Object: '' is clicked on

2021-01-21 17:37:51 - [MESSAGE][PASSED] - Switched to window with index: '0'

2021-01-21 17:37:51 - [MESSAGE][PASSED] - Click button "Search"

2021-01-21 17:37:51 - [TEST_STEP][PASSED] - Verify Search Result Presents: Verify Search Result Presents

2021-01-21 17:37:51 - [MESSAGE][PASSED] - Object '' is present

2021-01-21 17:37:54 - [MESSAGE][PASSED] - Verify Search Result Presents

2021-01-21 17:37:54 - [TEST_STEP][PASSED] - Click button "Logout": Click button "Logout"

2021-01-21 17:37:54 - [MESSAGE][INFO] - >>>>>//Button[contains(text(),'Logout')]

2021-01-21 17:37:57 - [MESSAGE][PASSED] - Object '' is present

2021-01-21 17:37:57 - [MESSAGE][PASSED] - Object: '' is clicked on

2021-01-21 17:37:57 - [MESSAGE][PASSED] - Switched to window with index: '0'

2021-01-21 17:37:57 - [MESSAGE][PASSED] - Click button "Logout"

2021-01-21 17:37:57 - [TEST_STEP][PASSED] - Close browser: Close browser

2021-01-21 17:37:57 - [MESSAGE][PASSED] - Browser is closed

2021-01-21 17:37:57 - [MESSAGE][PASSED] - Close browser

2021-01-21 17:37:57 - [TEST_CASE][PASSED] - Start Test Case : SCENARIO Search by STATUS Failed due to insufficient fund: SCENARIO Search by STATUS Failed due to insufficient fund

2021-01-21 17:37:57 - [TEST_STEP][PASSED] - Go to ISTools: Go to ISTools

2021-01-21 17:37:57 - [MESSAGE][INFO] - Starting 'Chrome (headless)' driver

2021-01-21 17:37:57 - [MESSAGE][INFO] - User set preference: ['args', '[--start-maximized, --disable-gpu, --no-proxy-server, â€“-no-sandbox, --allow-running-insecure-content, --ignore-certificate-errors, window-size=1680,814, force-device-scale-factor=2, --lang=en-GB]']

2021-01-21 17:37:57 - [MESSAGE][INFO] - User set preference: ['prefs', '{download.default_directory=/Users/chaidir.pratama01/Katalon Studio/IST_Automation_Git/Download}']

2021-01-21 17:37:57 - [MESSAGE][INFO] - Action delay is set to 0 milliseconds

2021-01-21 17:37:58 - [MESSAGE][PASSED] - Browser is opened with url: ''

2021-01-21 17:37:58 - [MESSAGE][PASSED] - Navigate to 'https://dev-istools.homecredit.id/foundation/' successfully

2021-01-21 17:37:58 - [MESSAGE][PASSED] - Go to ISTools

2021-01-21 17:37:58 - [TEST_STEP][PASSED] - Login IST with valid credentials: Login IST with valid credentials

2021-01-21 17:37:59 - [MESSAGE][PASSED] - Text 'mobile.test' is set on object 'Object Repository/Page_/input_Username_j_username'

2021-01-21 17:37:59 - [MESSAGE][PASSED] - Text ****** has been set on object 'Object Repository/Page_/input_Password_j_password'

2021-01-21 17:37:59 - [MESSAGE][PASSED] - Object: 'Object Repository/Page_/button_Login' is clicked on

2021-01-21 17:37:59 - [MESSAGE][PASSED] - Login IST with valid credentials

2021-01-21 17:37:59 - [TEST_STEP][PASSED] - Login Success: Login Success

2021-01-21 17:37:59 - [MESSAGE][INFO] - Login Success

2021-01-21 17:37:59 - [MESSAGE][PASSED] - Current window maximized

2021-01-21 17:37:59 - [MESSAGE][PASSED] - Object 'Object Repository/Page_/h1_Welcome to IT Supporting Tools' is present

2021-01-21 17:37:59 - [MESSAGE][PASSED] - Login Success

2021-01-21 17:37:59 - [TEST_STEP][PASSED] - Select Arrow Menu "Real Time Disbursement": Select Arrow Menu "Real Time Disbursement"

2021-01-21 17:37:59 - [MESSAGE][PASSED] - Object: '' is clicked on

2021-01-21 17:37:59 - [MESSAGE][PASSED] - Select Arrow Menu "Real Time Disbursement"

2021-01-21 17:37:59 - [TEST_STEP][PASSED] - Select Menu "Dashboard for CCC/OCS": Select Menu "Dashboard for CCC/OCS"

2021-01-21 17:38:00 - [MESSAGE][PASSED] - Taking screenshot successfully
[[ATTACHMENT|/Users/chaidir.pratama01/Documents/Docs/Katalon Studio/Screenshot/test-Dashboard for CCC/OCS.png]]

2021-01-21 17:38:00 - [MESSAGE][PASSED] - Object '' is present

2021-01-21 17:38:00 - [MESSAGE][PASSED] - Object: '' is clicked on

2021-01-21 17:38:00 - [MESSAGE][PASSED] - Wait for page load successfully

2021-01-21 17:38:00 - [MESSAGE][PASSED] - Select Menu "Dashboard for CCC/OCS"

2021-01-21 17:38:00 - [TEST_STEP][PASSED] - Select STATUS "Failed due to insufficient fund": Select STATUS "Failed due to insufficient fund"

2021-01-21 17:38:00 - [MESSAGE][PASSED] - All options with value 'Failed due to insufficient fund' are selected in object ''  using regular expression

2021-01-21 17:38:00 - [MESSAGE][PASSED] - Select STATUS "Failed due to insufficient fund"

2021-01-21 17:38:00 - [TEST_STEP][PASSED] - Click button "Search": Click button "Search"

2021-01-21 17:38:00 - [MESSAGE][INFO] - >>>>>//Button[contains(text(),'Search')]

2021-01-21 17:38:03 - [MESSAGE][PASSED] - Object '' is present

2021-01-21 17:38:03 - [MESSAGE][PASSED] - Object: '' is clicked on

2021-01-21 17:38:03 - [MESSAGE][PASSED] - Switched to window with index: '0'

2021-01-21 17:38:03 - [MESSAGE][PASSED] - Click button "Search"

2021-01-21 17:38:03 - [TEST_STEP][PASSED] - Verify Search Result Presents: Verify Search Result Presents

2021-01-21 17:38:07 - [MESSAGE][INFO] - Unable to find the element located by 'By.xpath: //td[@style='display:none' and contains(text(),'-Empty-')]'. Please recheck the objects properties to make sure the desired element is located. 

2021-01-21 17:38:08 - [MESSAGE][WARNING] - com.kms.katalon.core.webui.exception.WebElementNotFoundException: Web element with id: '' located by '//td[@style='display:none' and contains(text(),'-Empty-')]' not found (Root cause: com.kms.katalon.core.exception.StepFailedException: com.kms.katalon.core.webui.exception.WebElementNotFoundException: Web element with id: '' located by '//td[@style='display:none' and contains(text(),'-Empty-')]' not found
	at com.kms.katalon.core.webui.keyword.internal.WebUIKeywordMain.stepFailed(WebUIKeywordMain.groovy:64)
	at com.kms.katalon.core.webui.keyword.builtin.VerifyElementPresentKeyword$_verifyElementPresent_closure1.doCall(VerifyElementPresentKeyword.groovy:85)
	at com.kms.katalon.core.webui.keyword.builtin.VerifyElementPresentKeyword$_verifyElementPresent_closure1.call(VerifyElementPresentKeyword.groovy)
	at com.kms.katalon.core.webui.keyword.internal.WebUIKeywordMain.runKeyword(WebUIKeywordMain.groovy:20)
	at com.kms.katalon.core.webui.keyword.builtin.VerifyElementPresentKeyword.verifyElementPresent(VerifyElementPresentKeyword.groovy:92)
	at com.kms.katalon.core.webui.keyword.builtin.VerifyElementPresentKeyword.execute(VerifyElementPresentKeyword.groovy:68)
	at com.kms.katalon.core.keyword.internal.KeywordExecutor.executeKeywordForPlatform(KeywordExecutor.groovy:73)
	at com.kms.katalon.core.webui.keyword.WebUiBuiltInKeywords.verifyElementPresent(WebUiBuiltInKeywords.groovy:1444)
	at com.kms.katalon.core.webui.keyword.WebUiBuiltInKeywords$verifyElementPresent$11.call(Unknown Source)
	at ist_real.Contract_Dispatcher.VerifyTblFilled(Contract_Dispatcher.groovy:1313)
	at ist_real.Contract_Dispatcher$VerifyTblFilled$0.call(Unknown Source)
	at RTD.Search_Result_Presents(RTD.groovy:191)
	at cucumber.runtime.Utils$1.call(Utils.java:26)
	at cucumber.runtime.Timeout.timeout(Timeout.java:16)
	at cucumber.runtime.Utils.invoke(Utils.java:20)
	at cucumber.runtime.java.JavaStepDefinition.execute(JavaStepDefinition.java:48)
	at cucumber.runtime.PickleStepDefinitionMatch.runStep(PickleStepDefinitionMatch.java:50)
	at cucumber.runner.TestStep.executeStep(TestStep.java:55)
	at cucumber.runner.TestStep.run(TestStep.java:42)
	at cucumber.runner.PickleStepTestStep.run(PickleStepTestStep.java:53)
	at cucumber.runner.TestCase.run(TestCase.java:47)
	at cucumber.runner.Runner.runPickle(Runner.java:44)
	at cucumber.runtime.Runtime.runFeature(Runtime.java:120)
	at cucumber.runtime.Runtime.run(Runtime.java:106)
	at cucumber.api.cli.Main.run(Main.java:35)
	at cucumber.api.cli.Main$run.call(Unknown Source)
	at com.kms.katalon.core.cucumber.keyword.CucumberBuiltinKeywords$_runFeatureFile_closure1.doCall(CucumberBuiltinKeywords.groovy:76)
	at com.kms.katalon.core.cucumber.keyword.CucumberBuiltinKeywords$_runFeatureFile_closure1.doCall(CucumberBuiltinKeywords.groovy)
	at com.kms.katalon.core.keyword.internal.KeywordMain.runKeyword(KeywordMain.groovy:68)
	at com.kms.katalon.core.keyword.internal.KeywordMain$runKeyword.call(Unknown Source)
	at com.kms.katalon.core.cucumber.keyword.CucumberBuiltinKeywords.runFeatureFile(CucumberBuiltinKeywords.groovy:46)
	at com.kms.katalon.core.cucumber.keyword.CucumberBuiltinKeywords$runFeatureFile$0.callStatic(Unknown Source)
	at com.kms.katalon.core.cucumber.keyword.CucumberBuiltinKeywords.runFeatureFile(CucumberBuiltinKeywords.groovy:169)
	at com.kms.katalon.core.cucumber.keyword.CucumberBuiltinKeywords$runFeatureFile.call(Unknown Source)
	at TC_Search_by_Status.run(TC_Search_by_Status:18)
	at com.kms.katalon.core.main.ScriptEngine.run(ScriptEngine.java:194)
	at com.kms.katalon.core.main.ScriptEngine.runScriptAsRawText(ScriptEngine.java:119)
	at com.kms.katalon.core.main.TestCaseExecutor.runScript(TestCaseExecutor.java:339)
	at com.kms.katalon.core.main.TestCaseExecutor.doExecute(TestCaseExecutor.java:330)
	at com.kms.katalon.core.main.TestCaseExecutor.processExecutionPhase(TestCaseExecutor.java:309)
	at com.kms.katalon.core.main.TestCaseExecutor.accessMainPhase(TestCaseExecutor.java:301)
	at com.kms.katalon.core.main.TestCaseExecutor.execute(TestCaseExecutor.java:235)
	at com.kms.katalon.core.main.TestSuiteExecutor.accessTestCaseMainPhase(TestSuiteExecutor.java:191)
	at com.kms.katalon.core.main.TestSuiteExecutor.accessTestSuiteMainPhase(TestSuiteExecutor.java:141)
	at com.kms.katalon.core.main.TestSuiteExecutor.execute(TestSuiteExecutor.java:90)
	at com.kms.katalon.core.main.TestCaseMain.startTestSuite(TestCaseMain.java:157)
	at com.kms.katalon.core.main.TestCaseMain$startTestSuite$0.call(Unknown Source)
	at TempTestSuite1611224751567.run(TempTestSuite1611224751567.groovy:39)
)
[[ATTACHMENT|/Users/chaidir.pratama01/Katalon Studio/IST_Automation_Git/Reports/20210121_172548/RTD/TS_Dashboard_for_CCC_OCS/20210121_172551/1611225487821.png]]

2021-01-21 17:38:08 - [MESSAGE][PASSED] - Verify Search Result Presents

2021-01-21 17:38:08 - [TEST_STEP][PASSED] - Click button "Logout": Click button "Logout"

2021-01-21 17:38:08 - [MESSAGE][INFO] - >>>>>//Button[contains(text(),'Logout')]

2021-01-21 17:38:11 - [MESSAGE][PASSED] - Object '' is present

2021-01-21 17:38:11 - [MESSAGE][PASSED] - Object: '' is clicked on

2021-01-21 17:38:11 - [MESSAGE][PASSED] - Switched to window with index: '0'

2021-01-21 17:38:11 - [MESSAGE][PASSED] - Click button "Logout"

2021-01-21 17:38:11 - [TEST_STEP][PASSED] - Close browser: Close browser

2021-01-21 17:38:11 - [MESSAGE][PASSED] - Browser is closed

2021-01-21 17:38:11 - [MESSAGE][PASSED] - Close browser

2021-01-21 17:38:11 - [TEST_CASE][PASSED] - Start Test Case : SCENARIO Search by STATUS Failed due to not supported bank: SCENARIO Search by STATUS Failed due to not supported bank

2021-01-21 17:38:11 - [TEST_STEP][PASSED] - Go to ISTools: Go to ISTools

2021-01-21 17:38:11 - [MESSAGE][INFO] - Starting 'Chrome (headless)' driver

2021-01-21 17:38:11 - [MESSAGE][INFO] - User set preference: ['args', '[--start-maximized, --disable-gpu, --no-proxy-server, â€“-no-sandbox, --allow-running-insecure-content, --ignore-certificate-errors, window-size=1680,814, force-device-scale-factor=2, --lang=en-GB]']

2021-01-21 17:38:11 - [MESSAGE][INFO] - User set preference: ['prefs', '{download.default_directory=/Users/chaidir.pratama01/Katalon Studio/IST_Automation_Git/Download}']

2021-01-21 17:38:11 - [MESSAGE][INFO] - Action delay is set to 0 milliseconds

2021-01-21 17:38:12 - [MESSAGE][PASSED] - Browser is opened with url: ''

2021-01-21 17:38:12 - [MESSAGE][PASSED] - Navigate to 'https://dev-istools.homecredit.id/foundation/' successfully

2021-01-21 17:38:12 - [MESSAGE][PASSED] - Go to ISTools

2021-01-21 17:38:13 - [TEST_STEP][PASSED] - Login IST with valid credentials: Login IST with valid credentials

2021-01-21 17:38:13 - [MESSAGE][PASSED] - Text 'mobile.test' is set on object 'Object Repository/Page_/input_Username_j_username'

2021-01-21 17:38:13 - [MESSAGE][PASSED] - Text ****** has been set on object 'Object Repository/Page_/input_Password_j_password'

2021-01-21 17:38:13 - [MESSAGE][PASSED] - Object: 'Object Repository/Page_/button_Login' is clicked on

2021-01-21 17:38:13 - [MESSAGE][PASSED] - Login IST with valid credentials

2021-01-21 17:38:13 - [TEST_STEP][PASSED] - Login Success: Login Success

2021-01-21 17:38:13 - [MESSAGE][INFO] - Login Success

2021-01-21 17:38:13 - [MESSAGE][PASSED] - Current window maximized

2021-01-21 17:38:13 - [MESSAGE][PASSED] - Object 'Object Repository/Page_/h1_Welcome to IT Supporting Tools' is present

2021-01-21 17:38:13 - [MESSAGE][PASSED] - Login Success

2021-01-21 17:38:13 - [TEST_STEP][PASSED] - Select Arrow Menu "Real Time Disbursement": Select Arrow Menu "Real Time Disbursement"

2021-01-21 17:38:13 - [MESSAGE][PASSED] - Object: '' is clicked on

2021-01-21 17:38:13 - [MESSAGE][PASSED] - Select Arrow Menu "Real Time Disbursement"

2021-01-21 17:38:13 - [TEST_STEP][PASSED] - Select Menu "Dashboard for CCC/OCS": Select Menu "Dashboard for CCC/OCS"

2021-01-21 17:38:14 - [MESSAGE][PASSED] - Taking screenshot successfully
[[ATTACHMENT|/Users/chaidir.pratama01/Documents/Docs/Katalon Studio/Screenshot/test-Dashboard for CCC/OCS.png]]

2021-01-21 17:38:14 - [MESSAGE][PASSED] - Object '' is present

2021-01-21 17:38:14 - [MESSAGE][PASSED] - Object: '' is clicked on

2021-01-21 17:38:14 - [MESSAGE][PASSED] - Wait for page load successfully

2021-01-21 17:38:14 - [MESSAGE][PASSED] - Select Menu "Dashboard for CCC/OCS"

2021-01-21 17:38:14 - [TEST_STEP][PASSED] - Select STATUS "Failed due to not supported bank": Select STATUS "Failed due to not supported bank"

2021-01-21 17:38:14 - [MESSAGE][PASSED] - All options with value 'Failed due to not supported bank' are selected in object ''  using regular expression

2021-01-21 17:38:14 - [MESSAGE][PASSED] - Select STATUS "Failed due to not supported bank"

2021-01-21 17:38:14 - [TEST_STEP][PASSED] - Click button "Search": Click button "Search"

2021-01-21 17:38:14 - [MESSAGE][INFO] - >>>>>//Button[contains(text(),'Search')]

2021-01-21 17:38:17 - [MESSAGE][PASSED] - Object '' is present

2021-01-21 17:38:17 - [MESSAGE][PASSED] - Object: '' is clicked on

2021-01-21 17:38:17 - [MESSAGE][PASSED] - Switched to window with index: '0'

2021-01-21 17:38:17 - [MESSAGE][PASSED] - Click button "Search"

2021-01-21 17:38:17 - [TEST_STEP][PASSED] - Verify Search Result Presents: Verify Search Result Presents

2021-01-21 17:38:21 - [MESSAGE][INFO] - Unable to find the element located by 'By.xpath: //td[@style='display:none' and contains(text(),'-Empty-')]'. Please recheck the objects properties to make sure the desired element is located. 

2021-01-21 17:38:22 - [MESSAGE][WARNING] - com.kms.katalon.core.webui.exception.WebElementNotFoundException: Web element with id: '' located by '//td[@style='display:none' and contains(text(),'-Empty-')]' not found (Root cause: com.kms.katalon.core.exception.StepFailedException: com.kms.katalon.core.webui.exception.WebElementNotFoundException: Web element with id: '' located by '//td[@style='display:none' and contains(text(),'-Empty-')]' not found
	at com.kms.katalon.core.webui.keyword.internal.WebUIKeywordMain.stepFailed(WebUIKeywordMain.groovy:64)
	at com.kms.katalon.core.webui.keyword.builtin.VerifyElementPresentKeyword$_verifyElementPresent_closure1.doCall(VerifyElementPresentKeyword.groovy:85)
	at com.kms.katalon.core.webui.keyword.builtin.VerifyElementPresentKeyword$_verifyElementPresent_closure1.call(VerifyElementPresentKeyword.groovy)
	at com.kms.katalon.core.webui.keyword.internal.WebUIKeywordMain.runKeyword(WebUIKeywordMain.groovy:20)
	at com.kms.katalon.core.webui.keyword.builtin.VerifyElementPresentKeyword.verifyElementPresent(VerifyElementPresentKeyword.groovy:92)
	at com.kms.katalon.core.webui.keyword.builtin.VerifyElementPresentKeyword.execute(VerifyElementPresentKeyword.groovy:68)
	at com.kms.katalon.core.keyword.internal.KeywordExecutor.executeKeywordForPlatform(KeywordExecutor.groovy:73)
	at com.kms.katalon.core.webui.keyword.WebUiBuiltInKeywords.verifyElementPresent(WebUiBuiltInKeywords.groovy:1444)
	at com.kms.katalon.core.webui.keyword.WebUiBuiltInKeywords$verifyElementPresent$11.call(Unknown Source)
	at ist_real.Contract_Dispatcher.VerifyTblFilled(Contract_Dispatcher.groovy:1313)
	at ist_real.Contract_Dispatcher$VerifyTblFilled$0.call(Unknown Source)
	at RTD.Search_Result_Presents(RTD.groovy:191)
	at cucumber.runtime.Utils$1.call(Utils.java:26)
	at cucumber.runtime.Timeout.timeout(Timeout.java:16)
	at cucumber.runtime.Utils.invoke(Utils.java:20)
	at cucumber.runtime.java.JavaStepDefinition.execute(JavaStepDefinition.java:48)
	at cucumber.runtime.PickleStepDefinitionMatch.runStep(PickleStepDefinitionMatch.java:50)
	at cucumber.runner.TestStep.executeStep(TestStep.java:55)
	at cucumber.runner.TestStep.run(TestStep.java:42)
	at cucumber.runner.PickleStepTestStep.run(PickleStepTestStep.java:53)
	at cucumber.runner.TestCase.run(TestCase.java:47)
	at cucumber.runner.Runner.runPickle(Runner.java:44)
	at cucumber.runtime.Runtime.runFeature(Runtime.java:120)
	at cucumber.runtime.Runtime.run(Runtime.java:106)
	at cucumber.api.cli.Main.run(Main.java:35)
	at cucumber.api.cli.Main$run.call(Unknown Source)
	at com.kms.katalon.core.cucumber.keyword.CucumberBuiltinKeywords$_runFeatureFile_closure1.doCall(CucumberBuiltinKeywords.groovy:76)
	at com.kms.katalon.core.cucumber.keyword.CucumberBuiltinKeywords$_runFeatureFile_closure1.doCall(CucumberBuiltinKeywords.groovy)
	at com.kms.katalon.core.keyword.internal.KeywordMain.runKeyword(KeywordMain.groovy:68)
	at com.kms.katalon.core.keyword.internal.KeywordMain$runKeyword.call(Unknown Source)
	at com.kms.katalon.core.cucumber.keyword.CucumberBuiltinKeywords.runFeatureFile(CucumberBuiltinKeywords.groovy:46)
	at com.kms.katalon.core.cucumber.keyword.CucumberBuiltinKeywords$runFeatureFile$0.callStatic(Unknown Source)
	at com.kms.katalon.core.cucumber.keyword.CucumberBuiltinKeywords.runFeatureFile(CucumberBuiltinKeywords.groovy:169)
	at com.kms.katalon.core.cucumber.keyword.CucumberBuiltinKeywords$runFeatureFile.call(Unknown Source)
	at TC_Search_by_Status.run(TC_Search_by_Status:18)
	at com.kms.katalon.core.main.ScriptEngine.run(ScriptEngine.java:194)
	at com.kms.katalon.core.main.ScriptEngine.runScriptAsRawText(ScriptEngine.java:119)
	at com.kms.katalon.core.main.TestCaseExecutor.runScript(TestCaseExecutor.java:339)
	at com.kms.katalon.core.main.TestCaseExecutor.doExecute(TestCaseExecutor.java:330)
	at com.kms.katalon.core.main.TestCaseExecutor.processExecutionPhase(TestCaseExecutor.java:309)
	at com.kms.katalon.core.main.TestCaseExecutor.accessMainPhase(TestCaseExecutor.java:301)
	at com.kms.katalon.core.main.TestCaseExecutor.execute(TestCaseExecutor.java:235)
	at com.kms.katalon.core.main.TestSuiteExecutor.accessTestCaseMainPhase(TestSuiteExecutor.java:191)
	at com.kms.katalon.core.main.TestSuiteExecutor.accessTestSuiteMainPhase(TestSuiteExecutor.java:141)
	at com.kms.katalon.core.main.TestSuiteExecutor.execute(TestSuiteExecutor.java:90)
	at com.kms.katalon.core.main.TestCaseMain.startTestSuite(TestCaseMain.java:157)
	at com.kms.katalon.core.main.TestCaseMain$startTestSuite$0.call(Unknown Source)
	at TempTestSuite1611224751567.run(TempTestSuite1611224751567.groovy:39)
)
[[ATTACHMENT|/Users/chaidir.pratama01/Katalon Studio/IST_Automation_Git/Reports/20210121_172548/RTD/TS_Dashboard_for_CCC_OCS/20210121_172551/1611225501971.png]]

2021-01-21 17:38:22 - [MESSAGE][PASSED] - Verify Search Result Presents

2021-01-21 17:38:22 - [TEST_STEP][PASSED] - Click button "Logout": Click button "Logout"

2021-01-21 17:38:22 - [MESSAGE][INFO] - >>>>>//Button[contains(text(),'Logout')]

2021-01-21 17:38:25 - [MESSAGE][PASSED] - Object '' is present

2021-01-21 17:38:26 - [MESSAGE][PASSED] - Object: '' is clicked on

2021-01-21 17:38:26 - [MESSAGE][PASSED] - Switched to window with index: '0'

2021-01-21 17:38:26 - [MESSAGE][PASSED] - Click button "Logout"

2021-01-21 17:38:26 - [TEST_STEP][PASSED] - Close browser: Close browser

2021-01-21 17:38:26 - [MESSAGE][PASSED] - Browser is closed

2021-01-21 17:38:26 - [MESSAGE][PASSED] - Close browser

2021-01-21 17:38:26 - [TEST_CASE][PASSED] - Start Test Case : SCENARIO Search by STATUS Manual Disbursement: SCENARIO Search by STATUS Manual Disbursement

2021-01-21 17:38:26 - [TEST_STEP][PASSED] - Go to ISTools: Go to ISTools

2021-01-21 17:38:26 - [MESSAGE][INFO] - Starting 'Chrome (headless)' driver

2021-01-21 17:38:26 - [MESSAGE][INFO] - User set preference: ['args', '[--start-maximized, --disable-gpu, --no-proxy-server, â€“-no-sandbox, --allow-running-insecure-content, --ignore-certificate-errors, window-size=1680,814, force-device-scale-factor=2, --lang=en-GB]']

2021-01-21 17:38:26 - [MESSAGE][INFO] - User set preference: ['prefs', '{download.default_directory=/Users/chaidir.pratama01/Katalon Studio/IST_Automation_Git/Download}']

2021-01-21 17:38:26 - [MESSAGE][INFO] - Action delay is set to 0 milliseconds

2021-01-21 17:38:26 - [MESSAGE][PASSED] - Browser is opened with url: ''

2021-01-21 17:38:27 - [MESSAGE][PASSED] - Navigate to 'https://dev-istools.homecredit.id/foundation/' successfully

2021-01-21 17:38:27 - [MESSAGE][PASSED] - Go to ISTools

2021-01-21 17:38:27 - [TEST_STEP][PASSED] - Login IST with valid credentials: Login IST with valid credentials

2021-01-21 17:38:27 - [MESSAGE][PASSED] - Text 'mobile.test' is set on object 'Object Repository/Page_/input_Username_j_username'

2021-01-21 17:38:27 - [MESSAGE][PASSED] - Text ****** has been set on object 'Object Repository/Page_/input_Password_j_password'

2021-01-21 17:38:28 - [MESSAGE][PASSED] - Object: 'Object Repository/Page_/button_Login' is clicked on

2021-01-21 17:38:28 - [MESSAGE][PASSED] - Login IST with valid credentials

2021-01-21 17:38:28 - [TEST_STEP][PASSED] - Login Success: Login Success

2021-01-21 17:38:28 - [MESSAGE][INFO] - Login Success

2021-01-21 17:38:28 - [MESSAGE][PASSED] - Current window maximized

2021-01-21 17:38:28 - [MESSAGE][PASSED] - Object 'Object Repository/Page_/h1_Welcome to IT Supporting Tools' is present

2021-01-21 17:38:28 - [MESSAGE][PASSED] - Login Success

2021-01-21 17:38:28 - [TEST_STEP][PASSED] - Select Arrow Menu "Real Time Disbursement": Select Arrow Menu "Real Time Disbursement"

2021-01-21 17:38:28 - [MESSAGE][PASSED] - Object: '' is clicked on

2021-01-21 17:38:28 - [MESSAGE][PASSED] - Select Arrow Menu "Real Time Disbursement"

2021-01-21 17:38:28 - [TEST_STEP][PASSED] - Select Menu "Dashboard for CCC/OCS": Select Menu "Dashboard for CCC/OCS"

2021-01-21 17:38:28 - [MESSAGE][PASSED] - Taking screenshot successfully
[[ATTACHMENT|/Users/chaidir.pratama01/Documents/Docs/Katalon Studio/Screenshot/test-Dashboard for CCC/OCS.png]]

2021-01-21 17:38:28 - [MESSAGE][PASSED] - Object '' is present

2021-01-21 17:38:28 - [MESSAGE][PASSED] - Object: '' is clicked on

2021-01-21 17:38:28 - [MESSAGE][PASSED] - Wait for page load successfully

2021-01-21 17:38:28 - [MESSAGE][PASSED] - Select Menu "Dashboard for CCC/OCS"

2021-01-21 17:38:28 - [TEST_STEP][PASSED] - Select STATUS "Manual Disbursement": Select STATUS "Manual Disbursement"

2021-01-21 17:38:29 - [MESSAGE][PASSED] - All options with value 'Manual Disbursement' are selected in object ''  using regular expression

2021-01-21 17:38:29 - [MESSAGE][PASSED] - Select STATUS "Manual Disbursement"

2021-01-21 17:38:29 - [TEST_STEP][PASSED] - Click button "Search": Click button "Search"

2021-01-21 17:38:29 - [MESSAGE][INFO] - >>>>>//Button[contains(text(),'Search')]

2021-01-21 17:38:32 - [MESSAGE][PASSED] - Object '' is present

2021-01-21 17:38:32 - [MESSAGE][PASSED] - Object: '' is clicked on

2021-01-21 17:38:32 - [MESSAGE][PASSED] - Switched to window with index: '0'

2021-01-21 17:38:32 - [MESSAGE][PASSED] - Click button "Search"

2021-01-21 17:38:32 - [TEST_STEP][PASSED] - Verify Search Result Presents: Verify Search Result Presents

2021-01-21 17:38:32 - [MESSAGE][PASSED] - Object '' is present

2021-01-21 17:38:39 - [MESSAGE][PASSED] - Verify Search Result Presents

2021-01-21 17:38:39 - [TEST_STEP][PASSED] - Click button "Logout": Click button "Logout"

2021-01-21 17:38:39 - [MESSAGE][INFO] - >>>>>//Button[contains(text(),'Logout')]

2021-01-21 17:38:42 - [MESSAGE][PASSED] - Object '' is present

2021-01-21 17:38:42 - [MESSAGE][PASSED] - Object: '' is clicked on

2021-01-21 17:38:42 - [MESSAGE][PASSED] - Switched to window with index: '0'

2021-01-21 17:38:42 - [MESSAGE][PASSED] - Click button "Logout"

2021-01-21 17:38:42 - [TEST_STEP][PASSED] - Close browser: Close browser

2021-01-21 17:38:42 - [MESSAGE][PASSED] - Browser is closed

2021-01-21 17:38:42 - [MESSAGE][PASSED] - Close browser

2021-01-21 17:38:42 - [TEST_CASE][PASSED] - Start Test Case : SCENARIO Search by STATUS DONE: SCENARIO Search by STATUS DONE

2021-01-21 17:38:42 - [TEST_STEP][PASSED] - Go to ISTools: Go to ISTools

2021-01-21 17:38:42 - [MESSAGE][INFO] - Starting 'Chrome (headless)' driver

2021-01-21 17:38:42 - [MESSAGE][INFO] - User set preference: ['args', '[--start-maximized, --disable-gpu, --no-proxy-server, â€“-no-sandbox, --allow-running-insecure-content, --ignore-certificate-errors, window-size=1680,814, force-device-scale-factor=2, --lang=en-GB]']

2021-01-21 17:38:42 - [MESSAGE][INFO] - User set preference: ['prefs', '{download.default_directory=/Users/chaidir.pratama01/Katalon Studio/IST_Automation_Git/Download}']

2021-01-21 17:38:42 - [MESSAGE][INFO] - Action delay is set to 0 milliseconds

2021-01-21 17:38:43 - [MESSAGE][PASSED] - Browser is opened with url: ''

2021-01-21 17:38:43 - [MESSAGE][PASSED] - Navigate to 'https://dev-istools.homecredit.id/foundation/' successfully

2021-01-21 17:38:43 - [MESSAGE][PASSED] - Go to ISTools

2021-01-21 17:38:43 - [TEST_STEP][PASSED] - Login IST with valid credentials: Login IST with valid credentials

2021-01-21 17:38:44 - [MESSAGE][PASSED] - Text 'mobile.test' is set on object 'Object Repository/Page_/input_Username_j_username'

2021-01-21 17:38:44 - [MESSAGE][PASSED] - Text ****** has been set on object 'Object Repository/Page_/input_Password_j_password'

2021-01-21 17:38:44 - [MESSAGE][PASSED] - Object: 'Object Repository/Page_/button_Login' is clicked on

2021-01-21 17:38:44 - [MESSAGE][PASSED] - Login IST with valid credentials

2021-01-21 17:38:44 - [TEST_STEP][PASSED] - Login Success: Login Success

2021-01-21 17:38:44 - [MESSAGE][INFO] - Login Success

2021-01-21 17:38:44 - [MESSAGE][PASSED] - Current window maximized

2021-01-21 17:38:44 - [MESSAGE][PASSED] - Object 'Object Repository/Page_/h1_Welcome to IT Supporting Tools' is present

2021-01-21 17:38:44 - [MESSAGE][PASSED] - Login Success

2021-01-21 17:38:44 - [TEST_STEP][PASSED] - Select Arrow Menu "Real Time Disbursement": Select Arrow Menu "Real Time Disbursement"

2021-01-21 17:38:44 - [MESSAGE][PASSED] - Object: '' is clicked on

2021-01-21 17:38:44 - [MESSAGE][PASSED] - Select Arrow Menu "Real Time Disbursement"

2021-01-21 17:38:44 - [TEST_STEP][PASSED] - Select Menu "Dashboard for CCC/OCS": Select Menu "Dashboard for CCC/OCS"

2021-01-21 17:38:45 - [MESSAGE][PASSED] - Taking screenshot successfully
[[ATTACHMENT|/Users/chaidir.pratama01/Documents/Docs/Katalon Studio/Screenshot/test-Dashboard for CCC/OCS.png]]

2021-01-21 17:38:45 - [MESSAGE][PASSED] - Object '' is present

2021-01-21 17:38:45 - [MESSAGE][PASSED] - Object: '' is clicked on

2021-01-21 17:38:45 - [MESSAGE][PASSED] - Wait for page load successfully

2021-01-21 17:38:45 - [MESSAGE][PASSED] - Select Menu "Dashboard for CCC/OCS"

2021-01-21 17:38:45 - [TEST_STEP][PASSED] - Select STATUS "DONE": Select STATUS "DONE"

2021-01-21 17:38:45 - [MESSAGE][PASSED] - All options with value 'DONE' are selected in object ''  using regular expression

2021-01-21 17:38:45 - [MESSAGE][PASSED] - Select STATUS "DONE"

2021-01-21 17:38:45 - [TEST_STEP][PASSED] - Click button "Search": Click button "Search"

2021-01-21 17:38:45 - [MESSAGE][INFO] - >>>>>//Button[contains(text(),'Search')]

2021-01-21 17:38:48 - [MESSAGE][PASSED] - Object '' is present

2021-01-21 17:38:48 - [MESSAGE][PASSED] - Object: '' is clicked on

2021-01-21 17:38:48 - [MESSAGE][PASSED] - Switched to window with index: '0'

2021-01-21 17:38:48 - [MESSAGE][PASSED] - Click button "Search"

2021-01-21 17:38:48 - [TEST_STEP][PASSED] - Verify Search Result Presents: Verify Search Result Presents

2021-01-21 17:38:48 - [MESSAGE][PASSED] - Object '' is present

2021-01-21 17:38:55 - [MESSAGE][PASSED] - Verify Search Result Presents

2021-01-21 17:38:55 - [TEST_STEP][PASSED] - Click button "Logout": Click button "Logout"

2021-01-21 17:38:55 - [MESSAGE][INFO] - >>>>>//Button[contains(text(),'Logout')]

2021-01-21 17:38:58 - [MESSAGE][PASSED] - Object '' is present

2021-01-21 17:38:58 - [MESSAGE][PASSED] - Object: '' is clicked on

2021-01-21 17:38:58 - [MESSAGE][PASSED] - Switched to window with index: '0'

2021-01-21 17:38:58 - [MESSAGE][PASSED] - Click button "Logout"

2021-01-21 17:38:58 - [TEST_STEP][PASSED] - Close browser: Close browser

2021-01-21 17:38:58 - [MESSAGE][PASSED] - Browser is closed

2021-01-21 17:38:58 - [MESSAGE][PASSED] - Close browser

2021-01-21 17:38:58 - [TEST_CASE][PASSED] - Start Test Case : SCENARIO Search by STATUS Waiting Partner Confirmation: SCENARIO Search by STATUS Waiting Partner Confirmation

2021-01-21 17:38:58 - [TEST_STEP][PASSED] - Go to ISTools: Go to ISTools

2021-01-21 17:38:58 - [MESSAGE][INFO] - Starting 'Chrome (headless)' driver

2021-01-21 17:38:58 - [MESSAGE][INFO] - User set preference: ['args', '[--start-maximized, --disable-gpu, --no-proxy-server, â€“-no-sandbox, --allow-running-insecure-content, --ignore-certificate-errors, window-size=1680,814, force-device-scale-factor=2, --lang=en-GB]']

2021-01-21 17:38:58 - [MESSAGE][INFO] - User set preference: ['prefs', '{download.default_directory=/Users/chaidir.pratama01/Katalon Studio/IST_Automation_Git/Download}']

2021-01-21 17:38:58 - [MESSAGE][INFO] - Action delay is set to 0 milliseconds

2021-01-21 17:38:58 - [MESSAGE][PASSED] - Browser is opened with url: ''

2021-01-21 17:38:59 - [MESSAGE][PASSED] - Navigate to 'https://dev-istools.homecredit.id/foundation/' successfully

2021-01-21 17:38:59 - [MESSAGE][PASSED] - Go to ISTools

2021-01-21 17:38:59 - [TEST_STEP][PASSED] - Login IST with valid credentials: Login IST with valid credentials

2021-01-21 17:38:59 - [MESSAGE][PASSED] - Text 'mobile.test' is set on object 'Object Repository/Page_/input_Username_j_username'

2021-01-21 17:38:59 - [MESSAGE][PASSED] - Text ****** has been set on object 'Object Repository/Page_/input_Password_j_password'

2021-01-21 17:39:00 - [MESSAGE][PASSED] - Object: 'Object Repository/Page_/button_Login' is clicked on

2021-01-21 17:39:00 - [MESSAGE][PASSED] - Login IST with valid credentials

2021-01-21 17:39:00 - [TEST_STEP][PASSED] - Login Success: Login Success

2021-01-21 17:39:00 - [MESSAGE][INFO] - Login Success

2021-01-21 17:39:00 - [MESSAGE][PASSED] - Current window maximized

2021-01-21 17:39:00 - [MESSAGE][PASSED] - Object 'Object Repository/Page_/h1_Welcome to IT Supporting Tools' is present

2021-01-21 17:39:00 - [MESSAGE][PASSED] - Login Success

2021-01-21 17:39:00 - [TEST_STEP][PASSED] - Select Arrow Menu "Real Time Disbursement": Select Arrow Menu "Real Time Disbursement"

2021-01-21 17:39:00 - [MESSAGE][PASSED] - Object: '' is clicked on

2021-01-21 17:39:00 - [MESSAGE][PASSED] - Select Arrow Menu "Real Time Disbursement"

2021-01-21 17:39:00 - [TEST_STEP][PASSED] - Select Menu "Dashboard for CCC/OCS": Select Menu "Dashboard for CCC/OCS"

2021-01-21 17:39:01 - [MESSAGE][PASSED] - Taking screenshot successfully
[[ATTACHMENT|/Users/chaidir.pratama01/Documents/Docs/Katalon Studio/Screenshot/test-Dashboard for CCC/OCS.png]]

2021-01-21 17:39:01 - [MESSAGE][PASSED] - Object '' is present

2021-01-21 17:39:01 - [MESSAGE][PASSED] - Object: '' is clicked on

2021-01-21 17:39:01 - [MESSAGE][PASSED] - Wait for page load successfully

2021-01-21 17:39:01 - [MESSAGE][PASSED] - Select Menu "Dashboard for CCC/OCS"

2021-01-21 17:39:01 - [TEST_STEP][PASSED] - Select STATUS "Waiting Partner Confirmation": Select STATUS "Waiting Partner Confirmation"

2021-01-21 17:39:01 - [MESSAGE][PASSED] - All options with value 'Waiting Partner Confirmation' are selected in object ''  using regular expression

2021-01-21 17:39:01 - [MESSAGE][PASSED] - Select STATUS "Waiting Partner Confirmation"

2021-01-21 17:39:01 - [TEST_STEP][PASSED] - Click button "Search": Click button "Search"

2021-01-21 17:39:01 - [MESSAGE][INFO] - >>>>>//Button[contains(text(),'Search')]

2021-01-21 17:39:04 - [MESSAGE][PASSED] - Object '' is present

2021-01-21 17:39:04 - [MESSAGE][PASSED] - Object: '' is clicked on

2021-01-21 17:39:04 - [MESSAGE][PASSED] - Switched to window with index: '0'

2021-01-21 17:39:04 - [MESSAGE][PASSED] - Click button "Search"

2021-01-21 17:39:04 - [TEST_STEP][PASSED] - Verify Search Result Presents: Verify Search Result Presents

2021-01-21 17:39:04 - [MESSAGE][PASSED] - Object '' is present

2021-01-21 17:39:08 - [MESSAGE][PASSED] - Verify Search Result Presents

2021-01-21 17:39:08 - [TEST_STEP][PASSED] - Click button "Logout": Click button "Logout"

2021-01-21 17:39:08 - [MESSAGE][INFO] - >>>>>//Button[contains(text(),'Logout')]

2021-01-21 17:39:11 - [MESSAGE][PASSED] - Object '' is present

2021-01-21 17:39:12 - [MESSAGE][PASSED] - Object: '' is clicked on

2021-01-21 17:39:12 - [MESSAGE][PASSED] - Switched to window with index: '0'

2021-01-21 17:39:12 - [MESSAGE][PASSED] - Click button "Logout"

2021-01-21 17:39:12 - [TEST_STEP][PASSED] - Close browser: Close browser

2021-01-21 17:39:12 - [MESSAGE][PASSED] - Browser is closed

2021-01-21 17:39:12 - [MESSAGE][PASSED] - Close browser

2021-01-21 17:39:12 - [TEST_CASE][PASSED] - Start Test Case : SCENARIO Search by STATUS Success to Disburse: SCENARIO Search by STATUS Success to Disburse

2021-01-21 17:39:12 - [TEST_STEP][PASSED] - Go to ISTools: Go to ISTools

2021-01-21 17:39:12 - [MESSAGE][INFO] - Starting 'Chrome (headless)' driver

2021-01-21 17:39:12 - [MESSAGE][INFO] - User set preference: ['args', '[--start-maximized, --disable-gpu, --no-proxy-server, â€“-no-sandbox, --allow-running-insecure-content, --ignore-certificate-errors, window-size=1680,814, force-device-scale-factor=2, --lang=en-GB]']

2021-01-21 17:39:12 - [MESSAGE][INFO] - User set preference: ['prefs', '{download.default_directory=/Users/chaidir.pratama01/Katalon Studio/IST_Automation_Git/Download}']

2021-01-21 17:39:12 - [MESSAGE][INFO] - Action delay is set to 0 milliseconds

2021-01-21 17:39:12 - [MESSAGE][PASSED] - Browser is opened with url: ''

2021-01-21 17:39:13 - [MESSAGE][PASSED] - Navigate to 'https://dev-istools.homecredit.id/foundation/' successfully

2021-01-21 17:39:13 - [MESSAGE][PASSED] - Go to ISTools

2021-01-21 17:39:13 - [TEST_STEP][PASSED] - Login IST with valid credentials: Login IST with valid credentials

2021-01-21 17:39:13 - [MESSAGE][PASSED] - Text 'mobile.test' is set on object 'Object Repository/Page_/input_Username_j_username'

2021-01-21 17:39:13 - [MESSAGE][PASSED] - Text ****** has been set on object 'Object Repository/Page_/input_Password_j_password'

2021-01-21 17:39:13 - [MESSAGE][PASSED] - Object: 'Object Repository/Page_/button_Login' is clicked on

2021-01-21 17:39:13 - [MESSAGE][PASSED] - Login IST with valid credentials

2021-01-21 17:39:13 - [TEST_STEP][PASSED] - Login Success: Login Success

2021-01-21 17:39:13 - [MESSAGE][INFO] - Login Success

2021-01-21 17:39:13 - [MESSAGE][PASSED] - Current window maximized

2021-01-21 17:39:13 - [MESSAGE][PASSED] - Object 'Object Repository/Page_/h1_Welcome to IT Supporting Tools' is present

2021-01-21 17:39:13 - [MESSAGE][PASSED] - Login Success

2021-01-21 17:39:13 - [TEST_STEP][PASSED] - Select Arrow Menu "Real Time Disbursement": Select Arrow Menu "Real Time Disbursement"

2021-01-21 17:39:14 - [MESSAGE][PASSED] - Object: '' is clicked on

2021-01-21 17:39:14 - [MESSAGE][PASSED] - Select Arrow Menu "Real Time Disbursement"

2021-01-21 17:39:14 - [TEST_STEP][PASSED] - Select Menu "Dashboard for CCC/OCS": Select Menu "Dashboard for CCC/OCS"

2021-01-21 17:39:14 - [MESSAGE][PASSED] - Taking screenshot successfully
[[ATTACHMENT|/Users/chaidir.pratama01/Documents/Docs/Katalon Studio/Screenshot/test-Dashboard for CCC/OCS.png]]

2021-01-21 17:39:14 - [MESSAGE][PASSED] - Object '' is present

2021-01-21 17:39:14 - [MESSAGE][PASSED] - Object: '' is clicked on

2021-01-21 17:39:14 - [MESSAGE][PASSED] - Wait for page load successfully

2021-01-21 17:39:14 - [MESSAGE][PASSED] - Select Menu "Dashboard for CCC/OCS"

2021-01-21 17:39:14 - [TEST_STEP][PASSED] - Select STATUS "Success to Disburse": Select STATUS "Success to Disburse"

2021-01-21 17:39:15 - [MESSAGE][PASSED] - All options with value 'Success to Disburse' are selected in object ''  using regular expression

2021-01-21 17:39:15 - [MESSAGE][PASSED] - Select STATUS "Success to Disburse"

2021-01-21 17:39:15 - [TEST_STEP][PASSED] - Click button "Search": Click button "Search"

2021-01-21 17:39:15 - [MESSAGE][INFO] - >>>>>//Button[contains(text(),'Search')]

2021-01-21 17:39:18 - [MESSAGE][PASSED] - Object '' is present

2021-01-21 17:39:18 - [MESSAGE][PASSED] - Object: '' is clicked on

2021-01-21 17:39:18 - [MESSAGE][PASSED] - Switched to window with index: '0'

2021-01-21 17:39:18 - [MESSAGE][PASSED] - Click button "Search"

2021-01-21 17:39:18 - [TEST_STEP][PASSED] - Verify Search Result Presents: Verify Search Result Presents

2021-01-21 17:39:18 - [MESSAGE][PASSED] - Object '' is present

2021-01-21 17:39:18 - [MESSAGE][PASSED] - Verify Search Result Presents

2021-01-21 17:39:18 - [TEST_STEP][PASSED] - Click button "Logout": Click button "Logout"

2021-01-21 17:39:18 - [MESSAGE][INFO] - >>>>>//Button[contains(text(),'Logout')]

2021-01-21 17:39:21 - [MESSAGE][PASSED] - Object '' is present

2021-01-21 17:39:21 - [MESSAGE][PASSED] - Object: '' is clicked on

2021-01-21 17:39:21 - [MESSAGE][PASSED] - Switched to window with index: '0'

2021-01-21 17:39:21 - [MESSAGE][PASSED] - Click button "Logout"

2021-01-21 17:39:21 - [TEST_STEP][PASSED] - Close browser: Close browser

2021-01-21 17:39:21 - [MESSAGE][PASSED] - Browser is closed

2021-01-21 17:39:21 - [MESSAGE][PASSED] - Close browser

2021-01-21 17:39:21 - [MESSAGE][PASSED] - Feature file: 'Include/features/IST_Real/RTD/Dashboard_for_CCC_OCS/Search_by_STATUS_CCC_OCS.feature' was passed]]></system-out>
         <system-err><![CDATA[]]></system-err>
      </testcase>
      <testcase name="Test Cases/RTD/Dashboard for CCC OCS/TC_Search_by_Contract_Number_CCC_OCS" time="6.569" classname="Test Cases/RTD/Dashboard for CCC OCS/TC_Search_by_Contract_Number_CCC_OCS" status="PASSED">
         <system-out><![CDATA[2021-01-21 17:39:21 - [TEST_CASE][PASSED] - Test Cases/RTD/Dashboard for CCC OCS/TC_Search_by_Contract_Number_CCC_OCS: Test Cases/RTD/Dashboard for CCC OCS/TC_Search_by_Contract_Number_CCC_OCS

2021-01-21 17:39:22 - [TEST_STEP][PASSED] - runFeatureFile("Include/features/IST_Real/RTD/Dashboard_for_CCC_OCS/Search_by_Contract_Number_CCC_OCS.feature"): Feature file: 'Include/features/IST_Real/RTD/Dashboard_for_CCC_OCS/Search_by_Contract_Number_CCC_OCS.feature' was passed

2021-01-21 17:39:22 - [MESSAGE][INFO] - Starting run keyword runFeatureFile: 'Include/features/IST_Real/RTD/Dashboard_for_CCC_OCS/Search_by_Contract_Number_CCC_OCS.feature' and extract report to folder: '/Users/chaidir.pratama01/Katalon Studio/IST_Automation_Git/Reports/20210121_172548/RTD/TS_Dashboard_for_CCC_OCS/20210121_172551/cucumber_report/1611225562087'...

2021-01-21 17:39:22 - [TEST_CASE][PASSED] - Start Test Case : SCENARIO Search by Contract Number and it found on Dashboard: SCENARIO Search by Contract Number and it found on Dashboard

2021-01-21 17:39:22 - [TEST_STEP][PASSED] - Go to ISTools: Go to ISTools

2021-01-21 17:39:22 - [MESSAGE][INFO] - Starting 'Chrome (headless)' driver

2021-01-21 17:39:22 - [MESSAGE][INFO] - User set preference: ['args', '[--start-maximized, --disable-gpu, --no-proxy-server, â€“-no-sandbox, --allow-running-insecure-content, --ignore-certificate-errors, window-size=1680,814, force-device-scale-factor=2, --lang=en-GB]']

2021-01-21 17:39:22 - [MESSAGE][INFO] - User set preference: ['prefs', '{download.default_directory=/Users/chaidir.pratama01/Katalon Studio/IST_Automation_Git/Download}']

2021-01-21 17:39:22 - [MESSAGE][INFO] - Action delay is set to 0 milliseconds

2021-01-21 17:39:22 - [MESSAGE][PASSED] - Browser is opened with url: ''

2021-01-21 17:39:23 - [MESSAGE][PASSED] - Navigate to 'https://dev-istools.homecredit.id/foundation/' successfully

2021-01-21 17:39:23 - [MESSAGE][PASSED] - Go to ISTools

2021-01-21 17:39:23 - [TEST_STEP][PASSED] - Login IST with valid credentials: Login IST with valid credentials

2021-01-21 17:39:23 - [MESSAGE][PASSED] - Text 'mobile.test' is set on object 'Object Repository/Page_/input_Username_j_username'

2021-01-21 17:39:23 - [MESSAGE][PASSED] - Text ****** has been set on object 'Object Repository/Page_/input_Password_j_password'

2021-01-21 17:39:23 - [MESSAGE][PASSED] - Object: 'Object Repository/Page_/button_Login' is clicked on

2021-01-21 17:39:23 - [MESSAGE][PASSED] - Login IST with valid credentials

2021-01-21 17:39:23 - [TEST_STEP][PASSED] - Login Success: Login Success

2021-01-21 17:39:23 - [MESSAGE][INFO] - Login Success

2021-01-21 17:39:23 - [MESSAGE][PASSED] - Current window maximized

2021-01-21 17:39:24 - [MESSAGE][PASSED] - Object 'Object Repository/Page_/h1_Welcome to IT Supporting Tools' is present

2021-01-21 17:39:24 - [MESSAGE][PASSED] - Login Success

2021-01-21 17:39:24 - [TEST_STEP][PASSED] - Select Arrow Menu "Real Time Disbursement": Select Arrow Menu "Real Time Disbursement"

2021-01-21 17:39:24 - [MESSAGE][PASSED] - Object: '' is clicked on

2021-01-21 17:39:24 - [MESSAGE][PASSED] - Select Arrow Menu "Real Time Disbursement"

2021-01-21 17:39:24 - [TEST_STEP][PASSED] - Select Menu "Dashboard for CCC/OCS": Select Menu "Dashboard for CCC/OCS"

2021-01-21 17:39:24 - [MESSAGE][PASSED] - Taking screenshot successfully
[[ATTACHMENT|/Users/chaidir.pratama01/Documents/Docs/Katalon Studio/Screenshot/test-Dashboard for CCC/OCS.png]]

2021-01-21 17:39:24 - [MESSAGE][PASSED] - Object '' is present

2021-01-21 17:39:24 - [MESSAGE][PASSED] - Object: '' is clicked on

2021-01-21 17:39:24 - [MESSAGE][PASSED] - Wait for page load successfully

2021-01-21 17:39:24 - [MESSAGE][PASSED] - Select Menu "Dashboard for CCC/OCS"

2021-01-21 17:39:24 - [TEST_STEP][PASSED] - Input Contract RTD in Contract Number label: Input Contract RTD in Contract Number label

2021-01-21 17:39:24 - [MESSAGE][PASSED] - Text '4000014162' is set on object ''

2021-01-21 17:39:24 - [MESSAGE][PASSED] - Input Contract RTD in Contract Number label

2021-01-21 17:39:24 - [TEST_STEP][PASSED] - Click button "Search": Click button "Search"

2021-01-21 17:39:24 - [MESSAGE][INFO] - >>>>>//Button[contains(text(),'Search')]

2021-01-21 17:39:27 - [MESSAGE][PASSED] - Object '' is present

2021-01-21 17:39:27 - [MESSAGE][PASSED] - Object: '' is clicked on

2021-01-21 17:39:27 - [MESSAGE][PASSED] - Switched to window with index: '0'

2021-01-21 17:39:27 - [MESSAGE][PASSED] - Click button "Search"

2021-01-21 17:39:27 - [TEST_STEP][PASSED] - Verify Search Result Presents: Verify Search Result Presents

2021-01-21 17:39:28 - [MESSAGE][PASSED] - Object '' is present

2021-01-21 17:39:28 - [MESSAGE][PASSED] - Verify Search Result Presents

2021-01-21 17:39:28 - [MESSAGE][PASSED] - Feature file: 'Include/features/IST_Real/RTD/Dashboard_for_CCC_OCS/Search_by_Contract_Number_CCC_OCS.feature' was passed]]></system-out>
         <system-err><![CDATA[]]></system-err>
      </testcase>
      <testcase name="Test Cases/RTD/Dashboard for CCC OCS/TC_View_Detail_CCC_OCS" time="40.829" classname="Test Cases/RTD/Dashboard for CCC OCS/TC_View_Detail_CCC_OCS" status="PASSED">
         <system-out><![CDATA[2021-01-21 17:39:28 - [TEST_CASE][PASSED] - Test Cases/RTD/Dashboard for CCC OCS/TC_View_Detail_CCC_OCS: Test Cases/RTD/Dashboard for CCC OCS/TC_View_Detail_CCC_OCS

2021-01-21 17:39:28 - [TEST_STEP][PASSED] - runFeatureFile("Include/features/IST_Real/RTD/Dashboard_for_CCC_OCS/View_Detail_CCC_OCS.feature"): Feature file: 'Include/features/IST_Real/RTD/Dashboard_for_CCC_OCS/View_Detail_CCC_OCS.feature' was passed

2021-01-21 17:39:28 - [MESSAGE][INFO] - Starting run keyword runFeatureFile: 'Include/features/IST_Real/RTD/Dashboard_for_CCC_OCS/View_Detail_CCC_OCS.feature' and extract report to folder: '/Users/chaidir.pratama01/Katalon Studio/IST_Automation_Git/Reports/20210121_172548/RTD/TS_Dashboard_for_CCC_OCS/20210121_172551/cucumber_report/1611225568649'...

2021-01-21 17:39:28 - [TEST_CASE][PASSED] - Start Test Case : SCENARIO Search by STATUS Success to Disburse and then View Detail of it: SCENARIO Search by STATUS Success to Disburse and then View Detail of it

2021-01-21 17:39:28 - [TEST_STEP][PASSED] - Go to ISTools: Go to ISTools

2021-01-21 17:39:28 - [MESSAGE][WARNING] - A browser is already opened. Closing browser and opening a new one

2021-01-21 17:39:28 - [MESSAGE][INFO] - Starting 'Chrome (headless)' driver

2021-01-21 17:39:28 - [MESSAGE][INFO] - User set preference: ['args', '[--start-maximized, --disable-gpu, --no-proxy-server, â€“-no-sandbox, --allow-running-insecure-content, --ignore-certificate-errors, window-size=1680,814, force-device-scale-factor=2, --lang=en-GB]']

2021-01-21 17:39:28 - [MESSAGE][INFO] - User set preference: ['prefs', '{download.default_directory=/Users/chaidir.pratama01/Katalon Studio/IST_Automation_Git/Download}']

2021-01-21 17:39:28 - [MESSAGE][INFO] - Action delay is set to 0 milliseconds

2021-01-21 17:39:29 - [MESSAGE][PASSED] - Browser is opened with url: ''

2021-01-21 17:39:29 - [MESSAGE][PASSED] - Navigate to 'https://dev-istools.homecredit.id/foundation/' successfully

2021-01-21 17:39:29 - [MESSAGE][PASSED] - Go to ISTools

2021-01-21 17:39:29 - [TEST_STEP][PASSED] - Login IST with valid credentials: Login IST with valid credentials

2021-01-21 17:39:30 - [MESSAGE][PASSED] - Text 'mobile.test' is set on object 'Object Repository/Page_/input_Username_j_username'

2021-01-21 17:39:30 - [MESSAGE][PASSED] - Text ****** has been set on object 'Object Repository/Page_/input_Password_j_password'

2021-01-21 17:39:30 - [MESSAGE][PASSED] - Object: 'Object Repository/Page_/button_Login' is clicked on

2021-01-21 17:39:30 - [MESSAGE][PASSED] - Login IST with valid credentials

2021-01-21 17:39:30 - [TEST_STEP][PASSED] - Login Success: Login Success

2021-01-21 17:39:30 - [MESSAGE][INFO] - Login Success

2021-01-21 17:39:30 - [MESSAGE][PASSED] - Current window maximized

2021-01-21 17:39:30 - [MESSAGE][PASSED] - Object 'Object Repository/Page_/h1_Welcome to IT Supporting Tools' is present

2021-01-21 17:39:30 - [MESSAGE][PASSED] - Login Success

2021-01-21 17:39:30 - [TEST_STEP][PASSED] - Select Arrow Menu "Real Time Disbursement": Select Arrow Menu "Real Time Disbursement"

2021-01-21 17:39:30 - [MESSAGE][PASSED] - Object: '' is clicked on

2021-01-21 17:39:30 - [MESSAGE][PASSED] - Select Arrow Menu "Real Time Disbursement"

2021-01-21 17:39:30 - [TEST_STEP][PASSED] - Select Menu "Dashboard for CCC/OCS": Select Menu "Dashboard for CCC/OCS"

2021-01-21 17:39:31 - [MESSAGE][PASSED] - Taking screenshot successfully
[[ATTACHMENT|/Users/chaidir.pratama01/Documents/Docs/Katalon Studio/Screenshot/test-Dashboard for CCC/OCS.png]]

2021-01-21 17:39:31 - [MESSAGE][PASSED] - Object '' is present

2021-01-21 17:39:31 - [MESSAGE][PASSED] - Object: '' is clicked on

2021-01-21 17:39:31 - [MESSAGE][PASSED] - Wait for page load successfully

2021-01-21 17:39:31 - [MESSAGE][PASSED] - Select Menu "Dashboard for CCC/OCS"

2021-01-21 17:39:31 - [TEST_STEP][PASSED] - Select STATUS "Success to Disburse": Select STATUS "Success to Disburse"

2021-01-21 17:39:31 - [MESSAGE][PASSED] - All options with value 'Success to Disburse' are selected in object ''  using regular expression

2021-01-21 17:39:31 - [MESSAGE][PASSED] - Select STATUS "Success to Disburse"

2021-01-21 17:39:31 - [TEST_STEP][PASSED] - Click button "Search": Click button "Search"

2021-01-21 17:39:31 - [MESSAGE][INFO] - >>>>>//Button[contains(text(),'Search')]

2021-01-21 17:39:34 - [MESSAGE][PASSED] - Object '' is present

2021-01-21 17:39:34 - [MESSAGE][PASSED] - Object: '' is clicked on

2021-01-21 17:39:34 - [MESSAGE][PASSED] - Switched to window with index: '0'

2021-01-21 17:39:34 - [MESSAGE][PASSED] - Click button "Search"

2021-01-21 17:39:34 - [TEST_STEP][PASSED] - Verify Search Result Presents: Verify Search Result Presents

2021-01-21 17:39:34 - [MESSAGE][PASSED] - Object '' is present

2021-01-21 17:39:35 - [MESSAGE][PASSED] - Verify Search Result Presents

2021-01-21 17:39:35 - [TEST_STEP][PASSED] - Click View Detail: Click View Detail

2021-01-21 17:39:35 - [MESSAGE][PASSED] - Object '' is present

2021-01-21 17:39:35 - [MESSAGE][PASSED] - Object: '' is clicked on

2021-01-21 17:39:35 - [MESSAGE][PASSED] - Click View Detail

2021-01-21 17:39:35 - [TEST_STEP][PASSED] - Verify Information in View Detail: Verify Information in View Detail

2021-01-21 17:39:38 - [MESSAGE][PASSED] - Delayed 3 second(s)

2021-01-21 17:39:38 - [MESSAGE][PASSED] - Attribute 'value' of object '' is: '3900014152'

2021-01-21 17:39:41 - [MESSAGE][PASSED] - Delayed 3 second(s)

2021-01-21 17:39:41 - [MESSAGE][PASSED] - Attribute 'value' of object '' is: 'IDITXLeks TESTERbIvIvO'

2021-01-21 17:39:44 - [MESSAGE][PASSED] - Delayed 3 second(s)

2021-01-21 17:39:44 - [MESSAGE][PASSED] - Attribute 'value' of object '' is: 'Success to Disburse'

2021-01-21 17:39:47 - [MESSAGE][PASSED] - Delayed 3 second(s)

2021-01-21 17:39:47 - [MESSAGE][PASSED] - Attribute 'value' of object '' is: 'Rp 7,000,000'

2021-01-21 17:39:50 - [MESSAGE][PASSED] - Delayed 3 second(s)

2021-01-21 17:39:50 - [MESSAGE][PASSED] - Attribute 'value' of object '' is: 'KESEJAHTERAAN EKONOMI'

2021-01-21 17:39:53 - [MESSAGE][PASSED] - Delayed 3 second(s)

2021-01-21 17:39:53 - [MESSAGE][PASSED] - Attribute 'value' of object '' is: '1'

2021-01-21 17:39:56 - [MESSAGE][PASSED] - Delayed 3 second(s)

2021-01-21 17:39:56 - [MESSAGE][PASSED] - Attribute 'value' of object '' is: 'NAMA ADA DISINI'

2021-01-21 17:39:59 - [MESSAGE][PASSED] - Delayed 3 second(s)

2021-01-21 17:39:59 - [MESSAGE][PASSED] - Attribute 'value' of object '' is: 'KESEJAHTERAAN EKONOMI'

2021-01-21 17:40:02 - [MESSAGE][PASSED] - Delayed 3 second(s)

2021-01-21 17:40:02 - [MESSAGE][PASSED] - Attribute 'value' of object '' is: ''

2021-01-21 17:40:05 - [MESSAGE][PASSED] - Delayed 3 second(s)

2021-01-21 17:40:05 - [MESSAGE][PASSED] - Attribute 'value' of object '' is: ''

2021-01-21 17:40:05 - [MESSAGE][PASSED] - Text of object '' is: 'Date'

2021-01-21 17:40:05 - [MESSAGE][PASSED] - Text of object '' is: 'Status'

2021-01-21 17:40:05 - [MESSAGE][PASSED] - Text of object '' is: 'Updated Information'

2021-01-21 17:40:05 - [MESSAGE][PASSED] - Text of object '' is: 'Last Update By'

2021-01-21 17:40:05 - [MESSAGE][PASSED] - Text of object '' is: 'Department'

2021-01-21 17:40:06 - [MESSAGE][PASSED] - Verify Information in View Detail

2021-01-21 17:40:06 - [TEST_STEP][PASSED] - Click button "Logout": Click button "Logout"

2021-01-21 17:40:06 - [MESSAGE][INFO] - >>>>>//Button[contains(text(),'Logout')]

2021-01-21 17:40:09 - [MESSAGE][PASSED] - Object '' is present

2021-01-21 17:40:09 - [MESSAGE][PASSED] - Object: '' is clicked on

2021-01-21 17:40:09 - [MESSAGE][PASSED] - Switched to window with index: '0'

2021-01-21 17:40:09 - [MESSAGE][PASSED] - Click button "Logout"

2021-01-21 17:40:09 - [TEST_STEP][PASSED] - Close browser: Close browser

2021-01-21 17:40:09 - [MESSAGE][PASSED] - Browser is closed

2021-01-21 17:40:09 - [MESSAGE][PASSED] - Close browser

2021-01-21 17:40:09 - [MESSAGE][PASSED] - Feature file: 'Include/features/IST_Real/RTD/Dashboard_for_CCC_OCS/View_Detail_CCC_OCS.feature' was passed]]></system-out>
         <system-err><![CDATA[]]></system-err>
      </testcase>
      <testcase name="Test Cases/RTD/Dashboard for CCC OCS/TC_Export_Data_CCC_OCS" time="9.953" classname="Test Cases/RTD/Dashboard for CCC OCS/TC_Export_Data_CCC_OCS" status="PASSED">
         <system-out><![CDATA[2021-01-21 17:40:09 - [TEST_CASE][PASSED] - Test Cases/RTD/Dashboard for CCC OCS/TC_Export_Data_CCC_OCS: Test Cases/RTD/Dashboard for CCC OCS/TC_Export_Data_CCC_OCS

2021-01-21 17:40:09 - [TEST_STEP][PASSED] - runFeatureFile("Include/features/IST_Real/RTD/Dashboard_for_CCC_OCS/Export_Data_CCC_OCS.feature"): Feature file: 'Include/features/IST_Real/RTD/Dashboard_for_CCC_OCS/Export_Data_CCC_OCS.feature' was passed

2021-01-21 17:40:09 - [MESSAGE][INFO] - Starting run keyword runFeatureFile: 'Include/features/IST_Real/RTD/Dashboard_for_CCC_OCS/Export_Data_CCC_OCS.feature' and extract report to folder: '/Users/chaidir.pratama01/Katalon Studio/IST_Automation_Git/Reports/20210121_172548/RTD/TS_Dashboard_for_CCC_OCS/20210121_172551/cucumber_report/1611225609480'...

2021-01-21 17:40:09 - [TEST_CASE][PASSED] - Start Test Case : SCENARIO Export Data: SCENARIO Export Data

2021-01-21 17:40:09 - [TEST_STEP][PASSED] - Go to ISTools: Go to ISTools

2021-01-21 17:40:09 - [MESSAGE][INFO] - Starting 'Chrome (headless)' driver

2021-01-21 17:40:09 - [MESSAGE][INFO] - User set preference: ['args', '[--start-maximized, --disable-gpu, --no-proxy-server, â€“-no-sandbox, --allow-running-insecure-content, --ignore-certificate-errors, window-size=1680,814, force-device-scale-factor=2, --lang=en-GB]']

2021-01-21 17:40:09 - [MESSAGE][INFO] - User set preference: ['prefs', '{download.default_directory=/Users/chaidir.pratama01/Katalon Studio/IST_Automation_Git/Download}']

2021-01-21 17:40:09 - [MESSAGE][INFO] - Action delay is set to 0 milliseconds

2021-01-21 17:40:09 - [MESSAGE][PASSED] - Browser is opened with url: ''

2021-01-21 17:40:10 - [MESSAGE][PASSED] - Navigate to 'https://dev-istools.homecredit.id/foundation/' successfully

2021-01-21 17:40:10 - [MESSAGE][PASSED] - Go to ISTools

2021-01-21 17:40:10 - [TEST_STEP][PASSED] - Login IST with valid credentials: Login IST with valid credentials

2021-01-21 17:40:11 - [MESSAGE][PASSED] - Text 'mobile.test' is set on object 'Object Repository/Page_/input_Username_j_username'

2021-01-21 17:40:11 - [MESSAGE][PASSED] - Text ****** has been set on object 'Object Repository/Page_/input_Password_j_password'

2021-01-21 17:40:11 - [MESSAGE][PASSED] - Object: 'Object Repository/Page_/button_Login' is clicked on

2021-01-21 17:40:11 - [MESSAGE][PASSED] - Login IST with valid credentials

2021-01-21 17:40:11 - [TEST_STEP][PASSED] - Login Success: Login Success

2021-01-21 17:40:11 - [MESSAGE][INFO] - Login Success

2021-01-21 17:40:11 - [MESSAGE][PASSED] - Current window maximized

2021-01-21 17:40:11 - [MESSAGE][PASSED] - Object 'Object Repository/Page_/h1_Welcome to IT Supporting Tools' is present

2021-01-21 17:40:11 - [MESSAGE][PASSED] - Login Success

2021-01-21 17:40:11 - [TEST_STEP][PASSED] - Select Arrow Menu "Real Time Disbursement": Select Arrow Menu "Real Time Disbursement"

2021-01-21 17:40:11 - [MESSAGE][PASSED] - Object: '' is clicked on

2021-01-21 17:40:11 - [MESSAGE][PASSED] - Select Arrow Menu "Real Time Disbursement"

2021-01-21 17:40:11 - [TEST_STEP][PASSED] - Select Menu "Dashboard for CCC/OCS": Select Menu "Dashboard for CCC/OCS"

2021-01-21 17:40:12 - [MESSAGE][PASSED] - Taking screenshot successfully
[[ATTACHMENT|/Users/chaidir.pratama01/Documents/Docs/Katalon Studio/Screenshot/test-Dashboard for CCC/OCS.png]]

2021-01-21 17:40:12 - [MESSAGE][PASSED] - Object '' is present

2021-01-21 17:40:12 - [MESSAGE][PASSED] - Object: '' is clicked on

2021-01-21 17:40:12 - [MESSAGE][PASSED] - Wait for page load successfully

2021-01-21 17:40:12 - [MESSAGE][PASSED] - Select Menu "Dashboard for CCC/OCS"

2021-01-21 17:40:12 - [TEST_STEP][PASSED] - Input Contract RTD in Contract Number label: Input Contract RTD in Contract Number label

2021-01-21 17:40:12 - [MESSAGE][PASSED] - Text '4000014162' is set on object ''

2021-01-21 17:40:12 - [MESSAGE][PASSED] - Input Contract RTD in Contract Number label

2021-01-21 17:40:12 - [TEST_STEP][PASSED] - Click button "Search": Click button "Search"

2021-01-21 17:40:12 - [MESSAGE][INFO] - >>>>>//Button[contains(text(),'Search')]

2021-01-21 17:40:15 - [MESSAGE][PASSED] - Object '' is present

2021-01-21 17:40:15 - [MESSAGE][PASSED] - Object: '' is clicked on

2021-01-21 17:40:15 - [MESSAGE][PASSED] - Switched to window with index: '0'

2021-01-21 17:40:15 - [MESSAGE][PASSED] - Click button "Search"

2021-01-21 17:40:15 - [TEST_STEP][PASSED] - Verify Table Filled: Verify Table Filled

2021-01-21 17:40:15 - [MESSAGE][PASSED] - Object '' is present

2021-01-21 17:40:15 - [MESSAGE][PASSED] - Verify Table Filled

2021-01-21 17:40:15 - [TEST_STEP][PASSED] - Click button "Export Data": Click button "Export Data"

2021-01-21 17:40:15 - [MESSAGE][INFO] - >>>>>//Button[contains(text(),'Export Data')]

2021-01-21 17:40:18 - [MESSAGE][PASSED] - Object: '' is clicked on

2021-01-21 17:40:19 - [MESSAGE][PASSED] - Taking screenshot successfully
[[ATTACHMENT|/Users/chaidir.pratama01/Documents/Docs/Katalon Studio/Screenshot/Download_data.png]]

2021-01-21 17:40:19 - [MESSAGE][PASSED] - Click button "Export Data"

2021-01-21 17:40:19 - [MESSAGE][PASSED] - Feature file: 'Include/features/IST_Real/RTD/Dashboard_for_CCC_OCS/Export_Data_CCC_OCS.feature' was passed]]></system-out>
         <system-err><![CDATA[]]></system-err>
      </testcase>
      <system-out><![CDATA[2021-01-21 17:36:26 - [TEST_SUITE][PASSED] - TS_Dashboard_for_CCC_OCS: Test Cases/RTD/Dashboard for CCC OCS/TC_Export_Data_CCC_OCS]]></system-out>
      <system-err><![CDATA[]]></system-err>
   </testsuite>
   <testsuite name="TS_Dashboard_for_BO_In_Payment" tests="5" failures="0" errors="0" time="243.201" timestamp="2021-01-21 17:41:06" hostname="chaidir.pratama01 - localhost" id="Test Suites/RTD/TS_Dashboard_for_BO_In_Payment">
      <properties>
         <property name="deviceName" value=""/>
         <property name="devicePlatform" value=""/>
         <property name="logFolder" value="/Users/chaidir.pratama01/Katalon Studio/IST_Automation_Git/Reports/20210121_172548/RTD/TS_Dashboard_for_BO_In_Payment/20210121_172552"/>
         <property name="logFiles" value="/Users/chaidir.pratama01/Katalon Studio/IST_Automation_Git/Reports/20210121_172548/RTD/TS_Dashboard_for_BO_In_Payment/20210121_172552/execution0.log"/>
         <property name="attachments" value="/Users/chaidir.pratama01/Documents/Docs/Katalon Studio/Screenshot/test-Dashboard for BO In Payment.png, /Users/chaidir.pratama01/Documents/Docs/Katalon Studio/Screenshot/test-Dashboard for BO In Payment.png, /Users/chaidir.pratama01/Documents/Docs/Katalon Studio/Screenshot/test-Dashboard for BO In Payment.png, /Users/chaidir.pratama01/Documents/Docs/Katalon Studio/Screenshot/test-Dashboard for BO In Payment.png, /Users/chaidir.pratama01/Documents/Docs/Katalon Studio/Screenshot/test-Dashboard for BO In Payment.png, /Users/chaidir.pratama01/Documents/Docs/Katalon Studio/Screenshot/test-Dashboard for BO In Payment.png, /Users/chaidir.pratama01/Documents/Docs/Katalon Studio/Screenshot/test-Dashboard for BO In Payment.png, /Users/chaidir.pratama01/Katalon Studio/IST_Automation_Git/Reports/20210121_172548/RTD/TS_Dashboard_for_BO_In_Payment/20210121_172552/1611225752382.png, /Users/chaidir.pratama01/Documents/Docs/Katalon Studio/Screenshot/test-Dashboard for BO In Payment.png, /Users/chaidir.pratama01/Katalon Studio/IST_Automation_Git/Reports/20210121_172548/RTD/TS_Dashboard_for_BO_In_Payment/20210121_172552/1611225766419.png, /Users/chaidir.pratama01/Documents/Docs/Katalon Studio/Screenshot/test-Dashboard for BO In Payment.png, /Users/chaidir.pratama01/Documents/Docs/Katalon Studio/Screenshot/test-Dashboard for BO In Payment.png, /Users/chaidir.pratama01/Documents/Docs/Katalon Studio/Screenshot/test-Dashboard for BO In Payment.png, /Users/chaidir.pratama01/Documents/Docs/Katalon Studio/Screenshot/test-Dashboard for BO In Payment.png, /Users/chaidir.pratama01/Documents/Docs/Katalon Studio/Screenshot/test-Dashboard for BO In Payment.png, /Users/chaidir.pratama01/Documents/Docs/Katalon Studio/Screenshot/Download_data.png, /Users/chaidir.pratama01/Documents/Docs/Katalon Studio/Screenshot/test-Dashboard for BO In Payment.png, /Users/chaidir.pratama01/Documents/Docs/Katalon Studio/Screenshot/errorpopup.png, /Users/chaidir.pratama01/Documents/Docs/Katalon Studio/Screenshot/test-Dashboard for BO In Payment.png, /Users/chaidir.pratama01/Documents/Docs/Katalon Studio/Screenshot/errorpopup.png, /Users/chaidir.pratama01/Documents/Docs/Katalon Studio/Screenshot/test-Dashboard for BO In Payment.png"/>
         <property name="hostName" value="chaidir.pratama01 - localhost"/>
         <property name="os" value="Mac OS X 64bit"/>
         <property name="katalonVersion" value="7.6.0.${buildNumber}"/>
         <property name="browser" value="Chrome 87.0.4280.141"/>
         <property name="hostAddress" value="127.0.0.1"/>
         <property name="sessionId" value="705cb0e926f62fd781d5f0f1825ee2e6"/>
         <property name="seleniumVersion" value="3.141.59"/>
         <property name="proxyInformation" value="ProxyInformation { proxyOption=NO_PROXY, proxyServerType=HTTP, username=, password=********, proxyServerAddress=, proxyServerPort=0, executionList=\&quot;\&quot;, isApplyToDesiredCapabilities=true }"/>
         <property name="platform" value="Mac OS X"/>
      </properties>
      <testcase name="Test Cases/RTD/Dashboard for BO in Payment/TC_Search_by_Status" time="145.665" classname="Test Cases/RTD/Dashboard for BO in Payment/TC_Search_by_Status" status="PASSED">
         <system-out><![CDATA[2021-01-21 17:41:06 - [TEST_CASE][PASSED] - Test Cases/RTD/Dashboard for BO in Payment/TC_Search_by_Status: Test Cases/RTD/Dashboard for BO in Payment/TC_Search_by_Status

2021-01-21 17:41:06 - [TEST_STEP][PASSED] - runFeatureFile("Include/features/IST_Real/RTD/Dashboard_for_BO_In_Payment/Search_by_Status.feature"): Feature file: 'Include/features/IST_Real/RTD/Dashboard_for_BO_In_Payment/Search_by_Status.feature' was passed

2021-01-21 17:41:06 - [MESSAGE][INFO] - Starting run keyword runFeatureFile: 'Include/features/IST_Real/RTD/Dashboard_for_BO_In_Payment/Search_by_Status.feature' and extract report to folder: '/Users/chaidir.pratama01/Katalon Studio/IST_Automation_Git/Reports/20210121_172548/RTD/TS_Dashboard_for_BO_In_Payment/20210121_172552/cucumber_report/1611225666718'...

2021-01-21 17:41:07 - [TEST_CASE][PASSED] - Start Test Case : SCENARIO Search by STATUS Eligible to Disburse: SCENARIO Search by STATUS Eligible to Disburse

2021-01-21 17:41:07 - [TEST_STEP][PASSED] - Go to ISTools: Go to ISTools

2021-01-21 17:41:07 - [MESSAGE][INFO] - Starting 'Chrome (headless)' driver

2021-01-21 17:41:07 - [MESSAGE][INFO] - User set preference: ['args', '[--start-maximized, --disable-gpu, --no-proxy-server, â€“-no-sandbox, --allow-running-insecure-content, --ignore-certificate-errors, window-size=1680,814, force-device-scale-factor=2, --lang=en-GB]']

2021-01-21 17:41:07 - [MESSAGE][INFO] - User set preference: ['prefs', '{download.default_directory=/Users/chaidir.pratama01/Katalon Studio/IST_Automation_Git/Download}']

2021-01-21 17:41:07 - [MESSAGE][INFO] - Action delay is set to 0 milliseconds

2021-01-21 17:41:08 - [MESSAGE][PASSED] - Browser is opened with url: ''

2021-01-21 17:41:09 - [MESSAGE][PASSED] - Navigate to 'https://dev-istools.homecredit.id/foundation/' successfully

2021-01-21 17:41:09 - [MESSAGE][PASSED] - Go to ISTools

2021-01-21 17:41:09 - [TEST_STEP][PASSED] - Login IST with valid credentials: Login IST with valid credentials

2021-01-21 17:41:10 - [MESSAGE][PASSED] - Text 'mobile.test' is set on object 'Object Repository/Page_/input_Username_j_username'

2021-01-21 17:41:10 - [MESSAGE][PASSED] - Text ****** has been set on object 'Object Repository/Page_/input_Password_j_password'

2021-01-21 17:41:10 - [MESSAGE][PASSED] - Object: 'Object Repository/Page_/button_Login' is clicked on

2021-01-21 17:41:10 - [MESSAGE][PASSED] - Login IST with valid credentials

2021-01-21 17:41:10 - [TEST_STEP][PASSED] - Login Success: Login Success

2021-01-21 17:41:10 - [MESSAGE][INFO] - Login Success

2021-01-21 17:41:10 - [MESSAGE][PASSED] - Current window maximized

2021-01-21 17:41:10 - [MESSAGE][PASSED] - Object 'Object Repository/Page_/h1_Welcome to IT Supporting Tools' is present

2021-01-21 17:41:10 - [MESSAGE][PASSED] - Login Success

2021-01-21 17:41:10 - [TEST_STEP][PASSED] - Select Arrow Menu "Real Time Disbursement": Select Arrow Menu "Real Time Disbursement"

2021-01-21 17:41:11 - [MESSAGE][PASSED] - Object: '' is clicked on

2021-01-21 17:41:11 - [MESSAGE][PASSED] - Select Arrow Menu "Real Time Disbursement"

2021-01-21 17:41:11 - [TEST_STEP][PASSED] - Select Menu "Dashboard for BO In Payment": Select Menu "Dashboard for BO In Payment"

2021-01-21 17:41:11 - [MESSAGE][PASSED] - Taking screenshot successfully
[[ATTACHMENT|/Users/chaidir.pratama01/Documents/Docs/Katalon Studio/Screenshot/test-Dashboard for BO In Payment.png]]

2021-01-21 17:41:11 - [MESSAGE][PASSED] - Object '' is present

2021-01-21 17:41:11 - [MESSAGE][PASSED] - Object: '' is clicked on

2021-01-21 17:41:11 - [MESSAGE][PASSED] - Wait for page load successfully

2021-01-21 17:41:11 - [MESSAGE][PASSED] - Select Menu "Dashboard for BO In Payment"

2021-01-21 17:41:11 - [TEST_STEP][PASSED] - Select STATUS "Eligible to disburse": Select STATUS "Eligible to disburse"

2021-01-21 17:41:12 - [MESSAGE][PASSED] - All options with value 'Eligible to disburse' are selected in object ''  using regular expression

2021-01-21 17:41:12 - [MESSAGE][PASSED] - Select STATUS "Eligible to disburse"

2021-01-21 17:41:12 - [TEST_STEP][PASSED] - Click button "Search": Click button "Search"

2021-01-21 17:41:12 - [MESSAGE][INFO] - >>>>>//Button[contains(text(),'Search')]

2021-01-21 17:41:15 - [MESSAGE][PASSED] - Object '' is present

2021-01-21 17:41:15 - [MESSAGE][PASSED] - Object: '' is clicked on

2021-01-21 17:41:15 - [MESSAGE][PASSED] - Switched to window with index: '0'

2021-01-21 17:41:15 - [MESSAGE][PASSED] - Click button "Search"

2021-01-21 17:41:15 - [TEST_STEP][PASSED] - Verify Search Result Presents: Verify Search Result Presents

2021-01-21 17:41:15 - [MESSAGE][PASSED] - Object '' is present

2021-01-21 17:41:22 - [MESSAGE][PASSED] - Verify Search Result Presents

2021-01-21 17:41:22 - [TEST_STEP][PASSED] - Click button "Logout": Click button "Logout"

2021-01-21 17:41:22 - [MESSAGE][INFO] - >>>>>//Button[contains(text(),'Logout')]

2021-01-21 17:41:25 - [MESSAGE][PASSED] - Object '' is present

2021-01-21 17:41:25 - [MESSAGE][PASSED] - Object: '' is clicked on

2021-01-21 17:41:25 - [MESSAGE][PASSED] - Switched to window with index: '0'

2021-01-21 17:41:25 - [MESSAGE][PASSED] - Click button "Logout"

2021-01-21 17:41:25 - [TEST_STEP][PASSED] - Close browser: Close browser

2021-01-21 17:41:25 - [MESSAGE][PASSED] - Browser is closed

2021-01-21 17:41:25 - [MESSAGE][PASSED] - Close browser

2021-01-21 17:41:25 - [TEST_CASE][PASSED] - Start Test Case : SCENARIO Search by STATUS Waiting validation from Risk: SCENARIO Search by STATUS Waiting validation from Risk

2021-01-21 17:41:25 - [TEST_STEP][PASSED] - Go to ISTools: Go to ISTools

2021-01-21 17:41:25 - [MESSAGE][INFO] - Starting 'Chrome (headless)' driver

2021-01-21 17:41:25 - [MESSAGE][INFO] - User set preference: ['args', '[--start-maximized, --disable-gpu, --no-proxy-server, â€“-no-sandbox, --allow-running-insecure-content, --ignore-certificate-errors, window-size=1680,814, force-device-scale-factor=2, --lang=en-GB]']

2021-01-21 17:41:25 - [MESSAGE][INFO] - User set preference: ['prefs', '{download.default_directory=/Users/chaidir.pratama01/Katalon Studio/IST_Automation_Git/Download}']

2021-01-21 17:41:25 - [MESSAGE][INFO] - Action delay is set to 0 milliseconds

2021-01-21 17:41:25 - [MESSAGE][PASSED] - Browser is opened with url: ''

2021-01-21 17:41:26 - [MESSAGE][PASSED] - Navigate to 'https://dev-istools.homecredit.id/foundation/' successfully

2021-01-21 17:41:26 - [MESSAGE][PASSED] - Go to ISTools

2021-01-21 17:41:26 - [TEST_STEP][PASSED] - Login IST with valid credentials: Login IST with valid credentials

2021-01-21 17:41:26 - [MESSAGE][PASSED] - Text 'mobile.test' is set on object 'Object Repository/Page_/input_Username_j_username'

2021-01-21 17:41:27 - [MESSAGE][PASSED] - Text ****** has been set on object 'Object Repository/Page_/input_Password_j_password'

2021-01-21 17:41:27 - [MESSAGE][PASSED] - Object: 'Object Repository/Page_/button_Login' is clicked on

2021-01-21 17:41:27 - [MESSAGE][PASSED] - Login IST with valid credentials

2021-01-21 17:41:27 - [TEST_STEP][PASSED] - Login Success: Login Success

2021-01-21 17:41:27 - [MESSAGE][INFO] - Login Success

2021-01-21 17:41:27 - [MESSAGE][PASSED] - Current window maximized

2021-01-21 17:41:27 - [MESSAGE][PASSED] - Object 'Object Repository/Page_/h1_Welcome to IT Supporting Tools' is present

2021-01-21 17:41:27 - [MESSAGE][PASSED] - Login Success

2021-01-21 17:41:27 - [TEST_STEP][PASSED] - Select Arrow Menu "Real Time Disbursement": Select Arrow Menu "Real Time Disbursement"

2021-01-21 17:41:27 - [MESSAGE][PASSED] - Object: '' is clicked on

2021-01-21 17:41:27 - [MESSAGE][PASSED] - Select Arrow Menu "Real Time Disbursement"

2021-01-21 17:41:27 - [TEST_STEP][PASSED] - Select Menu "Dashboard for BO In Payment": Select Menu "Dashboard for BO In Payment"

2021-01-21 17:41:28 - [MESSAGE][PASSED] - Taking screenshot successfully
[[ATTACHMENT|/Users/chaidir.pratama01/Documents/Docs/Katalon Studio/Screenshot/test-Dashboard for BO In Payment.png]]

2021-01-21 17:41:28 - [MESSAGE][PASSED] - Object '' is present

2021-01-21 17:41:28 - [MESSAGE][PASSED] - Object: '' is clicked on

2021-01-21 17:41:28 - [MESSAGE][PASSED] - Wait for page load successfully

2021-01-21 17:41:28 - [MESSAGE][PASSED] - Select Menu "Dashboard for BO In Payment"

2021-01-21 17:41:28 - [TEST_STEP][PASSED] - Select STATUS "Waiting validation from Risk": Select STATUS "Waiting validation from Risk"

2021-01-21 17:41:28 - [MESSAGE][PASSED] - All options with value 'Waiting validation from Risk' are selected in object ''  using regular expression

2021-01-21 17:41:28 - [MESSAGE][PASSED] - Select STATUS "Waiting validation from Risk"

2021-01-21 17:41:28 - [TEST_STEP][PASSED] - Click button "Search": Click button "Search"

2021-01-21 17:41:28 - [MESSAGE][INFO] - >>>>>//Button[contains(text(),'Search')]

2021-01-21 17:41:31 - [MESSAGE][PASSED] - Object '' is present

2021-01-21 17:41:31 - [MESSAGE][PASSED] - Object: '' is clicked on

2021-01-21 17:41:31 - [MESSAGE][PASSED] - Switched to window with index: '0'

2021-01-21 17:41:31 - [MESSAGE][PASSED] - Click button "Search"

2021-01-21 17:41:31 - [TEST_STEP][PASSED] - Verify Search Result Presents: Verify Search Result Presents

2021-01-21 17:41:31 - [MESSAGE][PASSED] - Object '' is present

2021-01-21 17:41:34 - [MESSAGE][PASSED] - Verify Search Result Presents

2021-01-21 17:41:34 - [TEST_STEP][PASSED] - Click button "Logout": Click button "Logout"

2021-01-21 17:41:34 - [MESSAGE][INFO] - >>>>>//Button[contains(text(),'Logout')]

2021-01-21 17:41:37 - [MESSAGE][PASSED] - Object '' is present

2021-01-21 17:41:37 - [MESSAGE][PASSED] - Object: '' is clicked on

2021-01-21 17:41:37 - [MESSAGE][PASSED] - Switched to window with index: '0'

2021-01-21 17:41:37 - [MESSAGE][PASSED] - Click button "Logout"

2021-01-21 17:41:37 - [TEST_STEP][PASSED] - Close browser: Close browser

2021-01-21 17:41:37 - [MESSAGE][PASSED] - Browser is closed

2021-01-21 17:41:37 - [MESSAGE][PASSED] - Close browser

2021-01-21 17:41:37 - [TEST_CASE][PASSED] - Start Test Case : SCENARIO Search by STATUS Waiting validation from In Payment: SCENARIO Search by STATUS Waiting validation from In Payment

2021-01-21 17:41:37 - [TEST_STEP][PASSED] - Go to ISTools: Go to ISTools

2021-01-21 17:41:37 - [MESSAGE][INFO] - Starting 'Chrome (headless)' driver

2021-01-21 17:41:37 - [MESSAGE][INFO] - User set preference: ['args', '[--start-maximized, --disable-gpu, --no-proxy-server, â€“-no-sandbox, --allow-running-insecure-content, --ignore-certificate-errors, window-size=1680,814, force-device-scale-factor=2, --lang=en-GB]']

2021-01-21 17:41:37 - [MESSAGE][INFO] - User set preference: ['prefs', '{download.default_directory=/Users/chaidir.pratama01/Katalon Studio/IST_Automation_Git/Download}']

2021-01-21 17:41:37 - [MESSAGE][INFO] - Action delay is set to 0 milliseconds

2021-01-21 17:41:37 - [MESSAGE][PASSED] - Browser is opened with url: ''

2021-01-21 17:41:38 - [MESSAGE][PASSED] - Navigate to 'https://dev-istools.homecredit.id/foundation/' successfully

2021-01-21 17:41:38 - [MESSAGE][PASSED] - Go to ISTools

2021-01-21 17:41:38 - [TEST_STEP][PASSED] - Login IST with valid credentials: Login IST with valid credentials

2021-01-21 17:41:38 - [MESSAGE][PASSED] - Text 'mobile.test' is set on object 'Object Repository/Page_/input_Username_j_username'

2021-01-21 17:41:38 - [MESSAGE][PASSED] - Text ****** has been set on object 'Object Repository/Page_/input_Password_j_password'

2021-01-21 17:41:39 - [MESSAGE][PASSED] - Object: 'Object Repository/Page_/button_Login' is clicked on

2021-01-21 17:41:39 - [MESSAGE][PASSED] - Login IST with valid credentials

2021-01-21 17:41:39 - [TEST_STEP][PASSED] - Login Success: Login Success

2021-01-21 17:41:39 - [MESSAGE][INFO] - Login Success

2021-01-21 17:41:39 - [MESSAGE][PASSED] - Current window maximized

2021-01-21 17:41:39 - [MESSAGE][PASSED] - Object 'Object Repository/Page_/h1_Welcome to IT Supporting Tools' is present

2021-01-21 17:41:39 - [MESSAGE][PASSED] - Login Success

2021-01-21 17:41:39 - [TEST_STEP][PASSED] - Select Arrow Menu "Real Time Disbursement": Select Arrow Menu "Real Time Disbursement"

2021-01-21 17:41:39 - [MESSAGE][PASSED] - Object: '' is clicked on

2021-01-21 17:41:39 - [MESSAGE][PASSED] - Select Arrow Menu "Real Time Disbursement"

2021-01-21 17:41:39 - [TEST_STEP][PASSED] - Select Menu "Dashboard for BO In Payment": Select Menu "Dashboard for BO In Payment"

2021-01-21 17:41:39 - [MESSAGE][PASSED] - Taking screenshot successfully
[[ATTACHMENT|/Users/chaidir.pratama01/Documents/Docs/Katalon Studio/Screenshot/test-Dashboard for BO In Payment.png]]

2021-01-21 17:41:39 - [MESSAGE][PASSED] - Object '' is present

2021-01-21 17:41:39 - [MESSAGE][PASSED] - Object: '' is clicked on

2021-01-21 17:41:39 - [MESSAGE][PASSED] - Wait for page load successfully

2021-01-21 17:41:39 - [MESSAGE][PASSED] - Select Menu "Dashboard for BO In Payment"

2021-01-21 17:41:39 - [TEST_STEP][PASSED] - Select STATUS "Waiting validation from In Payment": Select STATUS "Waiting validation from In Payment"

2021-01-21 17:41:40 - [MESSAGE][PASSED] - All options with value 'Waiting validation from In Payment' are selected in object ''  using regular expression

2021-01-21 17:41:40 - [MESSAGE][PASSED] - Select STATUS "Waiting validation from In Payment"

2021-01-21 17:41:40 - [TEST_STEP][PASSED] - Click button "Search": Click button "Search"

2021-01-21 17:41:40 - [MESSAGE][INFO] - >>>>>//Button[contains(text(),'Search')]

2021-01-21 17:41:43 - [MESSAGE][PASSED] - Object '' is present

2021-01-21 17:41:43 - [MESSAGE][PASSED] - Object: '' is clicked on

2021-01-21 17:41:43 - [MESSAGE][PASSED] - Switched to window with index: '0'

2021-01-21 17:41:43 - [MESSAGE][PASSED] - Click button "Search"

2021-01-21 17:41:43 - [TEST_STEP][PASSED] - Verify Search Result Presents: Verify Search Result Presents

2021-01-21 17:41:43 - [MESSAGE][PASSED] - Object '' is present

2021-01-21 17:41:44 - [MESSAGE][PASSED] - Verify Search Result Presents

2021-01-21 17:41:44 - [TEST_STEP][PASSED] - Click button "Logout": Click button "Logout"

2021-01-21 17:41:44 - [MESSAGE][INFO] - >>>>>//Button[contains(text(),'Logout')]

2021-01-21 17:41:47 - [MESSAGE][PASSED] - Object '' is present

2021-01-21 17:41:47 - [MESSAGE][PASSED] - Object: '' is clicked on

2021-01-21 17:41:47 - [MESSAGE][PASSED] - Switched to window with index: '0'

2021-01-21 17:41:47 - [MESSAGE][PASSED] - Click button "Logout"

2021-01-21 17:41:47 - [TEST_STEP][PASSED] - Close browser: Close browser

2021-01-21 17:41:47 - [MESSAGE][PASSED] - Browser is closed

2021-01-21 17:41:47 - [MESSAGE][PASSED] - Close browser

2021-01-21 17:41:47 - [TEST_CASE][PASSED] - Start Test Case : SCENARIO Search by STATUS Ready to disburse: SCENARIO Search by STATUS Ready to disburse

2021-01-21 17:41:47 - [TEST_STEP][PASSED] - Go to ISTools: Go to ISTools

2021-01-21 17:41:47 - [MESSAGE][INFO] - Starting 'Chrome (headless)' driver

2021-01-21 17:41:47 - [MESSAGE][INFO] - User set preference: ['args', '[--start-maximized, --disable-gpu, --no-proxy-server, â€“-no-sandbox, --allow-running-insecure-content, --ignore-certificate-errors, window-size=1680,814, force-device-scale-factor=2, --lang=en-GB]']

2021-01-21 17:41:47 - [MESSAGE][INFO] - User set preference: ['prefs', '{download.default_directory=/Users/chaidir.pratama01/Katalon Studio/IST_Automation_Git/Download}']

2021-01-21 17:41:47 - [MESSAGE][INFO] - Action delay is set to 0 milliseconds

2021-01-21 17:41:47 - [MESSAGE][PASSED] - Browser is opened with url: ''

2021-01-21 17:41:48 - [MESSAGE][PASSED] - Navigate to 'https://dev-istools.homecredit.id/foundation/' successfully

2021-01-21 17:41:48 - [MESSAGE][PASSED] - Go to ISTools

2021-01-21 17:41:48 - [TEST_STEP][PASSED] - Login IST with valid credentials: Login IST with valid credentials

2021-01-21 17:41:48 - [MESSAGE][PASSED] - Text 'mobile.test' is set on object 'Object Repository/Page_/input_Username_j_username'

2021-01-21 17:41:48 - [MESSAGE][PASSED] - Text ****** has been set on object 'Object Repository/Page_/input_Password_j_password'

2021-01-21 17:41:48 - [MESSAGE][PASSED] - Object: 'Object Repository/Page_/button_Login' is clicked on

2021-01-21 17:41:48 - [MESSAGE][PASSED] - Login IST with valid credentials

2021-01-21 17:41:48 - [TEST_STEP][PASSED] - Login Success: Login Success

2021-01-21 17:41:48 - [MESSAGE][INFO] - Login Success

2021-01-21 17:41:49 - [MESSAGE][PASSED] - Current window maximized

2021-01-21 17:41:49 - [MESSAGE][PASSED] - Object 'Object Repository/Page_/h1_Welcome to IT Supporting Tools' is present

2021-01-21 17:41:49 - [MESSAGE][PASSED] - Login Success

2021-01-21 17:41:49 - [TEST_STEP][PASSED] - Select Arrow Menu "Real Time Disbursement": Select Arrow Menu "Real Time Disbursement"

2021-01-21 17:41:49 - [MESSAGE][PASSED] - Object: '' is clicked on

2021-01-21 17:41:49 - [MESSAGE][PASSED] - Select Arrow Menu "Real Time Disbursement"

2021-01-21 17:41:49 - [TEST_STEP][PASSED] - Select Menu "Dashboard for BO In Payment": Select Menu "Dashboard for BO In Payment"

2021-01-21 17:41:49 - [MESSAGE][PASSED] - Taking screenshot successfully
[[ATTACHMENT|/Users/chaidir.pratama01/Documents/Docs/Katalon Studio/Screenshot/test-Dashboard for BO In Payment.png]]

2021-01-21 17:41:49 - [MESSAGE][PASSED] - Object '' is present

2021-01-21 17:41:49 - [MESSAGE][PASSED] - Object: '' is clicked on

2021-01-21 17:41:49 - [MESSAGE][PASSED] - Wait for page load successfully

2021-01-21 17:41:49 - [MESSAGE][PASSED] - Select Menu "Dashboard for BO In Payment"

2021-01-21 17:41:49 - [TEST_STEP][PASSED] - Select STATUS "Ready to disburse": Select STATUS "Ready to disburse"

2021-01-21 17:41:50 - [MESSAGE][PASSED] - All options with value 'Ready to disburse' are selected in object ''  using regular expression

2021-01-21 17:41:50 - [MESSAGE][PASSED] - Select STATUS "Ready to disburse"

2021-01-21 17:41:50 - [TEST_STEP][PASSED] - Click button "Search": Click button "Search"

2021-01-21 17:41:50 - [MESSAGE][INFO] - >>>>>//Button[contains(text(),'Search')]

2021-01-21 17:41:53 - [MESSAGE][PASSED] - Object '' is present

2021-01-21 17:41:53 - [MESSAGE][PASSED] - Object: '' is clicked on

2021-01-21 17:41:53 - [MESSAGE][PASSED] - Switched to window with index: '0'

2021-01-21 17:41:53 - [MESSAGE][PASSED] - Click button "Search"

2021-01-21 17:41:53 - [TEST_STEP][PASSED] - Verify Search Result Presents: Verify Search Result Presents

2021-01-21 17:41:53 - [MESSAGE][PASSED] - Object '' is present

2021-01-21 17:41:55 - [MESSAGE][PASSED] - Verify Search Result Presents

2021-01-21 17:41:55 - [TEST_STEP][PASSED] - Click button "Logout": Click button "Logout"

2021-01-21 17:41:55 - [MESSAGE][INFO] - >>>>>//Button[contains(text(),'Logout')]

2021-01-21 17:41:58 - [MESSAGE][PASSED] - Object '' is present

2021-01-21 17:41:58 - [MESSAGE][PASSED] - Object: '' is clicked on

2021-01-21 17:41:58 - [MESSAGE][PASSED] - Switched to window with index: '0'

2021-01-21 17:41:58 - [MESSAGE][PASSED] - Click button "Logout"

2021-01-21 17:41:58 - [TEST_STEP][PASSED] - Close browser: Close browser

2021-01-21 17:41:58 - [MESSAGE][PASSED] - Browser is closed

2021-01-21 17:41:58 - [MESSAGE][PASSED] - Close browser

2021-01-21 17:41:58 - [TEST_CASE][PASSED] - Start Test Case : SCENARIO Search by STATUS Failed due to invalid bank account: SCENARIO Search by STATUS Failed due to invalid bank account

2021-01-21 17:41:58 - [TEST_STEP][PASSED] - Go to ISTools: Go to ISTools

2021-01-21 17:41:58 - [MESSAGE][INFO] - Starting 'Chrome (headless)' driver

2021-01-21 17:41:58 - [MESSAGE][INFO] - User set preference: ['args', '[--start-maximized, --disable-gpu, --no-proxy-server, â€“-no-sandbox, --allow-running-insecure-content, --ignore-certificate-errors, window-size=1680,814, force-device-scale-factor=2, --lang=en-GB]']

2021-01-21 17:41:58 - [MESSAGE][INFO] - User set preference: ['prefs', '{download.default_directory=/Users/chaidir.pratama01/Katalon Studio/IST_Automation_Git/Download}']

2021-01-21 17:41:58 - [MESSAGE][INFO] - Action delay is set to 0 milliseconds

2021-01-21 17:41:59 - [MESSAGE][PASSED] - Browser is opened with url: ''

2021-01-21 17:41:59 - [MESSAGE][PASSED] - Navigate to 'https://dev-istools.homecredit.id/foundation/' successfully

2021-01-21 17:41:59 - [MESSAGE][PASSED] - Go to ISTools

2021-01-21 17:41:59 - [TEST_STEP][PASSED] - Login IST with valid credentials: Login IST with valid credentials

2021-01-21 17:42:00 - [MESSAGE][PASSED] - Text 'mobile.test' is set on object 'Object Repository/Page_/input_Username_j_username'

2021-01-21 17:42:00 - [MESSAGE][PASSED] - Text ****** has been set on object 'Object Repository/Page_/input_Password_j_password'

2021-01-21 17:42:00 - [MESSAGE][PASSED] - Object: 'Object Repository/Page_/button_Login' is clicked on

2021-01-21 17:42:00 - [MESSAGE][PASSED] - Login IST with valid credentials

2021-01-21 17:42:00 - [TEST_STEP][PASSED] - Login Success: Login Success

2021-01-21 17:42:00 - [MESSAGE][INFO] - Login Success

2021-01-21 17:42:00 - [MESSAGE][PASSED] - Current window maximized

2021-01-21 17:42:00 - [MESSAGE][PASSED] - Object 'Object Repository/Page_/h1_Welcome to IT Supporting Tools' is present

2021-01-21 17:42:00 - [MESSAGE][PASSED] - Login Success

2021-01-21 17:42:00 - [TEST_STEP][PASSED] - Select Arrow Menu "Real Time Disbursement": Select Arrow Menu "Real Time Disbursement"

2021-01-21 17:42:00 - [MESSAGE][PASSED] - Object: '' is clicked on

2021-01-21 17:42:00 - [MESSAGE][PASSED] - Select Arrow Menu "Real Time Disbursement"

2021-01-21 17:42:00 - [TEST_STEP][PASSED] - Select Menu "Dashboard for BO In Payment": Select Menu "Dashboard for BO In Payment"

2021-01-21 17:42:01 - [MESSAGE][PASSED] - Taking screenshot successfully
[[ATTACHMENT|/Users/chaidir.pratama01/Documents/Docs/Katalon Studio/Screenshot/test-Dashboard for BO In Payment.png]]

2021-01-21 17:42:01 - [MESSAGE][PASSED] - Object '' is present

2021-01-21 17:42:01 - [MESSAGE][PASSED] - Object: '' is clicked on

2021-01-21 17:42:01 - [MESSAGE][PASSED] - Wait for page load successfully

2021-01-21 17:42:01 - [MESSAGE][PASSED] - Select Menu "Dashboard for BO In Payment"

2021-01-21 17:42:01 - [TEST_STEP][PASSED] - Select STATUS "Failed due to invalid bank account": Select STATUS "Failed due to invalid bank account"

2021-01-21 17:42:01 - [MESSAGE][PASSED] - All options with value 'Failed due to invalid bank account' are selected in object ''  using regular expression

2021-01-21 17:42:01 - [MESSAGE][PASSED] - Select STATUS "Failed due to invalid bank account"

2021-01-21 17:42:01 - [TEST_STEP][PASSED] - Click button "Search": Click button "Search"

2021-01-21 17:42:01 - [MESSAGE][INFO] - >>>>>//Button[contains(text(),'Search')]

2021-01-21 17:42:04 - [MESSAGE][PASSED] - Object '' is present

2021-01-21 17:42:04 - [MESSAGE][PASSED] - Object: '' is clicked on

2021-01-21 17:42:04 - [MESSAGE][PASSED] - Switched to window with index: '0'

2021-01-21 17:42:04 - [MESSAGE][PASSED] - Click button "Search"

2021-01-21 17:42:04 - [TEST_STEP][PASSED] - Verify Search Result Presents: Verify Search Result Presents

2021-01-21 17:42:04 - [MESSAGE][PASSED] - Object '' is present

2021-01-21 17:42:06 - [MESSAGE][PASSED] - Verify Search Result Presents

2021-01-21 17:42:06 - [TEST_STEP][PASSED] - Click button "Logout": Click button "Logout"

2021-01-21 17:42:06 - [MESSAGE][INFO] - >>>>>//Button[contains(text(),'Logout')]

2021-01-21 17:42:09 - [MESSAGE][PASSED] - Object '' is present

2021-01-21 17:42:09 - [MESSAGE][PASSED] - Object: '' is clicked on

2021-01-21 17:42:09 - [MESSAGE][PASSED] - Switched to window with index: '0'

2021-01-21 17:42:09 - [MESSAGE][PASSED] - Click button "Logout"

2021-01-21 17:42:09 - [TEST_STEP][PASSED] - Close browser: Close browser

2021-01-21 17:42:09 - [MESSAGE][PASSED] - Browser is closed

2021-01-21 17:42:09 - [MESSAGE][PASSED] - Close browser

2021-01-21 17:42:09 - [TEST_CASE][PASSED] - Start Test Case : SCENARIO Search by STATUS Failed due to system error: SCENARIO Search by STATUS Failed due to system error

2021-01-21 17:42:09 - [TEST_STEP][PASSED] - Go to ISTools: Go to ISTools

2021-01-21 17:42:09 - [MESSAGE][INFO] - Starting 'Chrome (headless)' driver

2021-01-21 17:42:09 - [MESSAGE][INFO] - User set preference: ['args', '[--start-maximized, --disable-gpu, --no-proxy-server, â€“-no-sandbox, --allow-running-insecure-content, --ignore-certificate-errors, window-size=1680,814, force-device-scale-factor=2, --lang=en-GB]']

2021-01-21 17:42:09 - [MESSAGE][INFO] - User set preference: ['prefs', '{download.default_directory=/Users/chaidir.pratama01/Katalon Studio/IST_Automation_Git/Download}']

2021-01-21 17:42:09 - [MESSAGE][INFO] - Action delay is set to 0 milliseconds

2021-01-21 17:42:09 - [MESSAGE][PASSED] - Browser is opened with url: ''

2021-01-21 17:42:10 - [MESSAGE][PASSED] - Navigate to 'https://dev-istools.homecredit.id/foundation/' successfully

2021-01-21 17:42:10 - [MESSAGE][PASSED] - Go to ISTools

2021-01-21 17:42:10 - [TEST_STEP][PASSED] - Login IST with valid credentials: Login IST with valid credentials

2021-01-21 17:42:10 - [MESSAGE][PASSED] - Text 'mobile.test' is set on object 'Object Repository/Page_/input_Username_j_username'

2021-01-21 17:42:10 - [MESSAGE][PASSED] - Text ****** has been set on object 'Object Repository/Page_/input_Password_j_password'

2021-01-21 17:42:11 - [MESSAGE][PASSED] - Object: 'Object Repository/Page_/button_Login' is clicked on

2021-01-21 17:42:11 - [MESSAGE][PASSED] - Login IST with valid credentials

2021-01-21 17:42:11 - [TEST_STEP][PASSED] - Login Success: Login Success

2021-01-21 17:42:11 - [MESSAGE][INFO] - Login Success

2021-01-21 17:42:11 - [MESSAGE][PASSED] - Current window maximized

2021-01-21 17:42:11 - [MESSAGE][PASSED] - Object 'Object Repository/Page_/h1_Welcome to IT Supporting Tools' is present

2021-01-21 17:42:11 - [MESSAGE][PASSED] - Login Success

2021-01-21 17:42:11 - [TEST_STEP][PASSED] - Select Arrow Menu "Real Time Disbursement": Select Arrow Menu "Real Time Disbursement"

2021-01-21 17:42:11 - [MESSAGE][PASSED] - Object: '' is clicked on

2021-01-21 17:42:11 - [MESSAGE][PASSED] - Select Arrow Menu "Real Time Disbursement"

2021-01-21 17:42:11 - [TEST_STEP][PASSED] - Select Menu "Dashboard for BO In Payment": Select Menu "Dashboard for BO In Payment"

2021-01-21 17:42:12 - [MESSAGE][PASSED] - Taking screenshot successfully
[[ATTACHMENT|/Users/chaidir.pratama01/Documents/Docs/Katalon Studio/Screenshot/test-Dashboard for BO In Payment.png]]

2021-01-21 17:42:12 - [MESSAGE][PASSED] - Object '' is present

2021-01-21 17:42:12 - [MESSAGE][PASSED] - Object: '' is clicked on

2021-01-21 17:42:12 - [MESSAGE][PASSED] - Wait for page load successfully

2021-01-21 17:42:12 - [MESSAGE][PASSED] - Select Menu "Dashboard for BO In Payment"

2021-01-21 17:42:12 - [TEST_STEP][PASSED] - Select STATUS "Failed due to system error": Select STATUS "Failed due to system error"

2021-01-21 17:42:12 - [MESSAGE][PASSED] - All options with value 'Failed due to system error' are selected in object ''  using regular expression

2021-01-21 17:42:12 - [MESSAGE][PASSED] - Select STATUS "Failed due to system error"

2021-01-21 17:42:12 - [TEST_STEP][PASSED] - Click button "Search": Click button "Search"

2021-01-21 17:42:12 - [MESSAGE][INFO] - >>>>>//Button[contains(text(),'Search')]

2021-01-21 17:42:15 - [MESSAGE][PASSED] - Object '' is present

2021-01-21 17:42:15 - [MESSAGE][PASSED] - Object: '' is clicked on

2021-01-21 17:42:15 - [MESSAGE][PASSED] - Switched to window with index: '0'

2021-01-21 17:42:15 - [MESSAGE][PASSED] - Click button "Search"

2021-01-21 17:42:15 - [TEST_STEP][PASSED] - Verify Search Result Presents: Verify Search Result Presents

2021-01-21 17:42:15 - [MESSAGE][PASSED] - Object '' is present

2021-01-21 17:42:18 - [MESSAGE][PASSED] - Verify Search Result Presents

2021-01-21 17:42:18 - [TEST_STEP][PASSED] - Click button "Logout": Click button "Logout"

2021-01-21 17:42:18 - [MESSAGE][INFO] - >>>>>//Button[contains(text(),'Logout')]

2021-01-21 17:42:22 - [MESSAGE][PASSED] - Object '' is present

2021-01-21 17:42:22 - [MESSAGE][PASSED] - Object: '' is clicked on

2021-01-21 17:42:22 - [MESSAGE][PASSED] - Switched to window with index: '0'

2021-01-21 17:42:22 - [MESSAGE][PASSED] - Click button "Logout"

2021-01-21 17:42:22 - [TEST_STEP][PASSED] - Close browser: Close browser

2021-01-21 17:42:22 - [MESSAGE][PASSED] - Browser is closed

2021-01-21 17:42:22 - [MESSAGE][PASSED] - Close browser

2021-01-21 17:42:22 - [TEST_CASE][PASSED] - Start Test Case : SCENARIO Search by STATUS Failed due to insufficient fund: SCENARIO Search by STATUS Failed due to insufficient fund

2021-01-21 17:42:22 - [TEST_STEP][PASSED] - Go to ISTools: Go to ISTools

2021-01-21 17:42:22 - [MESSAGE][INFO] - Starting 'Chrome (headless)' driver

2021-01-21 17:42:22 - [MESSAGE][INFO] - User set preference: ['args', '[--start-maximized, --disable-gpu, --no-proxy-server, â€“-no-sandbox, --allow-running-insecure-content, --ignore-certificate-errors, window-size=1680,814, force-device-scale-factor=2, --lang=en-GB]']

2021-01-21 17:42:22 - [MESSAGE][INFO] - User set preference: ['prefs', '{download.default_directory=/Users/chaidir.pratama01/Katalon Studio/IST_Automation_Git/Download}']

2021-01-21 17:42:22 - [MESSAGE][INFO] - Action delay is set to 0 milliseconds

2021-01-21 17:42:22 - [MESSAGE][PASSED] - Browser is opened with url: ''

2021-01-21 17:42:23 - [MESSAGE][PASSED] - Navigate to 'https://dev-istools.homecredit.id/foundation/' successfully

2021-01-21 17:42:23 - [MESSAGE][PASSED] - Go to ISTools

2021-01-21 17:42:23 - [TEST_STEP][PASSED] - Login IST with valid credentials: Login IST with valid credentials

2021-01-21 17:42:23 - [MESSAGE][PASSED] - Text 'mobile.test' is set on object 'Object Repository/Page_/input_Username_j_username'

2021-01-21 17:42:23 - [MESSAGE][PASSED] - Text ****** has been set on object 'Object Repository/Page_/input_Password_j_password'

2021-01-21 17:42:23 - [MESSAGE][PASSED] - Object: 'Object Repository/Page_/button_Login' is clicked on

2021-01-21 17:42:23 - [MESSAGE][PASSED] - Login IST with valid credentials

2021-01-21 17:42:23 - [TEST_STEP][PASSED] - Login Success: Login Success

2021-01-21 17:42:23 - [MESSAGE][INFO] - Login Success

2021-01-21 17:42:24 - [MESSAGE][PASSED] - Current window maximized

2021-01-21 17:42:24 - [MESSAGE][PASSED] - Object 'Object Repository/Page_/h1_Welcome to IT Supporting Tools' is present

2021-01-21 17:42:24 - [MESSAGE][PASSED] - Login Success

2021-01-21 17:42:24 - [TEST_STEP][PASSED] - Select Arrow Menu "Real Time Disbursement": Select Arrow Menu "Real Time Disbursement"

2021-01-21 17:42:24 - [MESSAGE][PASSED] - Object: '' is clicked on

2021-01-21 17:42:24 - [MESSAGE][PASSED] - Select Arrow Menu "Real Time Disbursement"

2021-01-21 17:42:24 - [TEST_STEP][PASSED] - Select Menu "Dashboard for BO In Payment": Select Menu "Dashboard for BO In Payment"

2021-01-21 17:42:24 - [MESSAGE][PASSED] - Taking screenshot successfully
[[ATTACHMENT|/Users/chaidir.pratama01/Documents/Docs/Katalon Studio/Screenshot/test-Dashboard for BO In Payment.png]]

2021-01-21 17:42:24 - [MESSAGE][PASSED] - Object '' is present

2021-01-21 17:42:24 - [MESSAGE][PASSED] - Object: '' is clicked on

2021-01-21 17:42:24 - [MESSAGE][PASSED] - Wait for page load successfully

2021-01-21 17:42:24 - [MESSAGE][PASSED] - Select Menu "Dashboard for BO In Payment"

2021-01-21 17:42:24 - [TEST_STEP][PASSED] - Select STATUS "Failed due to insufficient fund": Select STATUS "Failed due to insufficient fund"

2021-01-21 17:42:25 - [MESSAGE][PASSED] - All options with value 'Failed due to insufficient fund' are selected in object ''  using regular expression

2021-01-21 17:42:25 - [MESSAGE][PASSED] - Select STATUS "Failed due to insufficient fund"

2021-01-21 17:42:25 - [TEST_STEP][PASSED] - Click button "Search": Click button "Search"

2021-01-21 17:42:25 - [MESSAGE][INFO] - >>>>>//Button[contains(text(),'Search')]

2021-01-21 17:42:28 - [MESSAGE][PASSED] - Object '' is present

2021-01-21 17:42:28 - [MESSAGE][PASSED] - Object: '' is clicked on

2021-01-21 17:42:28 - [MESSAGE][PASSED] - Switched to window with index: '0'

2021-01-21 17:42:28 - [MESSAGE][PASSED] - Click button "Search"

2021-01-21 17:42:28 - [TEST_STEP][PASSED] - Verify Search Result Presents: Verify Search Result Presents

2021-01-21 17:42:32 - [MESSAGE][INFO] - Unable to find the element located by 'By.xpath: //td[@style='display:none' and contains(text(),'-Empty-')]'. Please recheck the objects properties to make sure the desired element is located. 

2021-01-21 17:42:32 - [MESSAGE][WARNING] - com.kms.katalon.core.webui.exception.WebElementNotFoundException: Web element with id: '' located by '//td[@style='display:none' and contains(text(),'-Empty-')]' not found (Root cause: com.kms.katalon.core.exception.StepFailedException: com.kms.katalon.core.webui.exception.WebElementNotFoundException: Web element with id: '' located by '//td[@style='display:none' and contains(text(),'-Empty-')]' not found
	at com.kms.katalon.core.webui.keyword.internal.WebUIKeywordMain.stepFailed(WebUIKeywordMain.groovy:64)
	at com.kms.katalon.core.webui.keyword.builtin.VerifyElementPresentKeyword$_verifyElementPresent_closure1.doCall(VerifyElementPresentKeyword.groovy:85)
	at com.kms.katalon.core.webui.keyword.builtin.VerifyElementPresentKeyword$_verifyElementPresent_closure1.call(VerifyElementPresentKeyword.groovy)
	at com.kms.katalon.core.webui.keyword.internal.WebUIKeywordMain.runKeyword(WebUIKeywordMain.groovy:20)
	at com.kms.katalon.core.webui.keyword.builtin.VerifyElementPresentKeyword.verifyElementPresent(VerifyElementPresentKeyword.groovy:92)
	at com.kms.katalon.core.webui.keyword.builtin.VerifyElementPresentKeyword.execute(VerifyElementPresentKeyword.groovy:68)
	at com.kms.katalon.core.keyword.internal.KeywordExecutor.executeKeywordForPlatform(KeywordExecutor.groovy:73)
	at com.kms.katalon.core.webui.keyword.WebUiBuiltInKeywords.verifyElementPresent(WebUiBuiltInKeywords.groovy:1444)
	at com.kms.katalon.core.webui.keyword.WebUiBuiltInKeywords$verifyElementPresent$11.call(Unknown Source)
	at ist_real.Contract_Dispatcher.VerifyTblFilled(Contract_Dispatcher.groovy:1313)
	at ist_real.Contract_Dispatcher$VerifyTblFilled$0.call(Unknown Source)
	at RTD.Search_Result_Presents(RTD.groovy:191)
	at cucumber.runtime.Utils$1.call(Utils.java:26)
	at cucumber.runtime.Timeout.timeout(Timeout.java:16)
	at cucumber.runtime.Utils.invoke(Utils.java:20)
	at cucumber.runtime.java.JavaStepDefinition.execute(JavaStepDefinition.java:48)
	at cucumber.runtime.PickleStepDefinitionMatch.runStep(PickleStepDefinitionMatch.java:50)
	at cucumber.runner.TestStep.executeStep(TestStep.java:55)
	at cucumber.runner.TestStep.run(TestStep.java:42)
	at cucumber.runner.PickleStepTestStep.run(PickleStepTestStep.java:53)
	at cucumber.runner.TestCase.run(TestCase.java:47)
	at cucumber.runner.Runner.runPickle(Runner.java:44)
	at cucumber.runtime.Runtime.runFeature(Runtime.java:120)
	at cucumber.runtime.Runtime.run(Runtime.java:106)
	at cucumber.api.cli.Main.run(Main.java:35)
	at cucumber.api.cli.Main$run.call(Unknown Source)
	at com.kms.katalon.core.cucumber.keyword.CucumberBuiltinKeywords$_runFeatureFile_closure1.doCall(CucumberBuiltinKeywords.groovy:76)
	at com.kms.katalon.core.cucumber.keyword.CucumberBuiltinKeywords$_runFeatureFile_closure1.doCall(CucumberBuiltinKeywords.groovy)
	at com.kms.katalon.core.keyword.internal.KeywordMain.runKeyword(KeywordMain.groovy:68)
	at com.kms.katalon.core.keyword.internal.KeywordMain$runKeyword.call(Unknown Source)
	at com.kms.katalon.core.cucumber.keyword.CucumberBuiltinKeywords.runFeatureFile(CucumberBuiltinKeywords.groovy:46)
	at com.kms.katalon.core.cucumber.keyword.CucumberBuiltinKeywords$runFeatureFile$0.callStatic(Unknown Source)
	at com.kms.katalon.core.cucumber.keyword.CucumberBuiltinKeywords.runFeatureFile(CucumberBuiltinKeywords.groovy:169)
	at com.kms.katalon.core.cucumber.keyword.CucumberBuiltinKeywords$runFeatureFile.call(Unknown Source)
	at TC_Search_by_Status.run(TC_Search_by_Status:18)
	at com.kms.katalon.core.main.ScriptEngine.run(ScriptEngine.java:194)
	at com.kms.katalon.core.main.ScriptEngine.runScriptAsRawText(ScriptEngine.java:119)
	at com.kms.katalon.core.main.TestCaseExecutor.runScript(TestCaseExecutor.java:339)
	at com.kms.katalon.core.main.TestCaseExecutor.doExecute(TestCaseExecutor.java:330)
	at com.kms.katalon.core.main.TestCaseExecutor.processExecutionPhase(TestCaseExecutor.java:309)
	at com.kms.katalon.core.main.TestCaseExecutor.accessMainPhase(TestCaseExecutor.java:301)
	at com.kms.katalon.core.main.TestCaseExecutor.execute(TestCaseExecutor.java:235)
	at com.kms.katalon.core.main.TestSuiteExecutor.accessTestCaseMainPhase(TestSuiteExecutor.java:191)
	at com.kms.katalon.core.main.TestSuiteExecutor.accessTestSuiteMainPhase(TestSuiteExecutor.java:141)
	at com.kms.katalon.core.main.TestSuiteExecutor.execute(TestSuiteExecutor.java:90)
	at com.kms.katalon.core.main.TestCaseMain.startTestSuite(TestCaseMain.java:157)
	at com.kms.katalon.core.main.TestCaseMain$startTestSuite$0.call(Unknown Source)
	at TempTestSuite1611224752626.run(TempTestSuite1611224752626.groovy:39)
)
[[ATTACHMENT|/Users/chaidir.pratama01/Katalon Studio/IST_Automation_Git/Reports/20210121_172548/RTD/TS_Dashboard_for_BO_In_Payment/20210121_172552/1611225752382.png]]

2021-01-21 17:42:33 - [MESSAGE][PASSED] - Verify Search Result Presents

2021-01-21 17:42:33 - [TEST_STEP][PASSED] - Click button "Logout": Click button "Logout"

2021-01-21 17:42:33 - [MESSAGE][INFO] - >>>>>//Button[contains(text(),'Logout')]

2021-01-21 17:42:36 - [MESSAGE][PASSED] - Object '' is present

2021-01-21 17:42:36 - [MESSAGE][PASSED] - Object: '' is clicked on

2021-01-21 17:42:36 - [MESSAGE][PASSED] - Switched to window with index: '0'

2021-01-21 17:42:36 - [MESSAGE][PASSED] - Click button "Logout"

2021-01-21 17:42:36 - [TEST_STEP][PASSED] - Close browser: Close browser

2021-01-21 17:42:36 - [MESSAGE][PASSED] - Browser is closed

2021-01-21 17:42:36 - [MESSAGE][PASSED] - Close browser

2021-01-21 17:42:36 - [TEST_CASE][PASSED] - Start Test Case : SCENARIO Search by STATUS Failed due to not supported bank: SCENARIO Search by STATUS Failed due to not supported bank

2021-01-21 17:42:36 - [TEST_STEP][PASSED] - Go to ISTools: Go to ISTools

2021-01-21 17:42:36 - [MESSAGE][INFO] - Starting 'Chrome (headless)' driver

2021-01-21 17:42:36 - [MESSAGE][INFO] - User set preference: ['args', '[--start-maximized, --disable-gpu, --no-proxy-server, â€“-no-sandbox, --allow-running-insecure-content, --ignore-certificate-errors, window-size=1680,814, force-device-scale-factor=2, --lang=en-GB]']

2021-01-21 17:42:36 - [MESSAGE][INFO] - User set preference: ['prefs', '{download.default_directory=/Users/chaidir.pratama01/Katalon Studio/IST_Automation_Git/Download}']

2021-01-21 17:42:36 - [MESSAGE][INFO] - Action delay is set to 0 milliseconds

2021-01-21 17:42:36 - [MESSAGE][PASSED] - Browser is opened with url: ''

2021-01-21 17:42:37 - [MESSAGE][PASSED] - Navigate to 'https://dev-istools.homecredit.id/foundation/' successfully

2021-01-21 17:42:37 - [MESSAGE][PASSED] - Go to ISTools

2021-01-21 17:42:37 - [TEST_STEP][PASSED] - Login IST with valid credentials: Login IST with valid credentials

2021-01-21 17:42:37 - [MESSAGE][PASSED] - Text 'mobile.test' is set on object 'Object Repository/Page_/input_Username_j_username'

2021-01-21 17:42:37 - [MESSAGE][PASSED] - Text ****** has been set on object 'Object Repository/Page_/input_Password_j_password'

2021-01-21 17:42:38 - [MESSAGE][PASSED] - Object: 'Object Repository/Page_/button_Login' is clicked on

2021-01-21 17:42:38 - [MESSAGE][PASSED] - Login IST with valid credentials

2021-01-21 17:42:38 - [TEST_STEP][PASSED] - Login Success: Login Success

2021-01-21 17:42:38 - [MESSAGE][INFO] - Login Success

2021-01-21 17:42:38 - [MESSAGE][PASSED] - Current window maximized

2021-01-21 17:42:38 - [MESSAGE][PASSED] - Object 'Object Repository/Page_/h1_Welcome to IT Supporting Tools' is present

2021-01-21 17:42:38 - [MESSAGE][PASSED] - Login Success

2021-01-21 17:42:38 - [TEST_STEP][PASSED] - Select Arrow Menu "Real Time Disbursement": Select Arrow Menu "Real Time Disbursement"

2021-01-21 17:42:38 - [MESSAGE][PASSED] - Object: '' is clicked on

2021-01-21 17:42:38 - [MESSAGE][PASSED] - Select Arrow Menu "Real Time Disbursement"

2021-01-21 17:42:38 - [TEST_STEP][PASSED] - Select Menu "Dashboard for BO In Payment": Select Menu "Dashboard for BO In Payment"

2021-01-21 17:42:38 - [MESSAGE][PASSED] - Taking screenshot successfully
[[ATTACHMENT|/Users/chaidir.pratama01/Documents/Docs/Katalon Studio/Screenshot/test-Dashboard for BO In Payment.png]]

2021-01-21 17:42:38 - [MESSAGE][PASSED] - Object '' is present

2021-01-21 17:42:38 - [MESSAGE][PASSED] - Object: '' is clicked on

2021-01-21 17:42:38 - [MESSAGE][PASSED] - Wait for page load successfully

2021-01-21 17:42:38 - [MESSAGE][PASSED] - Select Menu "Dashboard for BO In Payment"

2021-01-21 17:42:38 - [TEST_STEP][PASSED] - Select STATUS "Failed due to not supported bank": Select STATUS "Failed due to not supported bank"

2021-01-21 17:42:39 - [MESSAGE][PASSED] - All options with value 'Failed due to not supported bank' are selected in object ''  using regular expression

2021-01-21 17:42:39 - [MESSAGE][PASSED] - Select STATUS "Failed due to not supported bank"

2021-01-21 17:42:39 - [TEST_STEP][PASSED] - Click button "Search": Click button "Search"

2021-01-21 17:42:39 - [MESSAGE][INFO] - >>>>>//Button[contains(text(),'Search')]

2021-01-21 17:42:42 - [MESSAGE][PASSED] - Object '' is present

2021-01-21 17:42:42 - [MESSAGE][PASSED] - Object: '' is clicked on

2021-01-21 17:42:42 - [MESSAGE][PASSED] - Switched to window with index: '0'

2021-01-21 17:42:42 - [MESSAGE][PASSED] - Click button "Search"

2021-01-21 17:42:42 - [TEST_STEP][PASSED] - Verify Search Result Presents: Verify Search Result Presents

2021-01-21 17:42:46 - [MESSAGE][INFO] - Unable to find the element located by 'By.xpath: //td[@style='display:none' and contains(text(),'-Empty-')]'. Please recheck the objects properties to make sure the desired element is located. 

2021-01-21 17:42:46 - [MESSAGE][WARNING] - com.kms.katalon.core.webui.exception.WebElementNotFoundException: Web element with id: '' located by '//td[@style='display:none' and contains(text(),'-Empty-')]' not found (Root cause: com.kms.katalon.core.exception.StepFailedException: com.kms.katalon.core.webui.exception.WebElementNotFoundException: Web element with id: '' located by '//td[@style='display:none' and contains(text(),'-Empty-')]' not found
	at com.kms.katalon.core.webui.keyword.internal.WebUIKeywordMain.stepFailed(WebUIKeywordMain.groovy:64)
	at com.kms.katalon.core.webui.keyword.builtin.VerifyElementPresentKeyword$_verifyElementPresent_closure1.doCall(VerifyElementPresentKeyword.groovy:85)
	at com.kms.katalon.core.webui.keyword.builtin.VerifyElementPresentKeyword$_verifyElementPresent_closure1.call(VerifyElementPresentKeyword.groovy)
	at com.kms.katalon.core.webui.keyword.internal.WebUIKeywordMain.runKeyword(WebUIKeywordMain.groovy:20)
	at com.kms.katalon.core.webui.keyword.builtin.VerifyElementPresentKeyword.verifyElementPresent(VerifyElementPresentKeyword.groovy:92)
	at com.kms.katalon.core.webui.keyword.builtin.VerifyElementPresentKeyword.execute(VerifyElementPresentKeyword.groovy:68)
	at com.kms.katalon.core.keyword.internal.KeywordExecutor.executeKeywordForPlatform(KeywordExecutor.groovy:73)
	at com.kms.katalon.core.webui.keyword.WebUiBuiltInKeywords.verifyElementPresent(WebUiBuiltInKeywords.groovy:1444)
	at com.kms.katalon.core.webui.keyword.WebUiBuiltInKeywords$verifyElementPresent$11.call(Unknown Source)
	at ist_real.Contract_Dispatcher.VerifyTblFilled(Contract_Dispatcher.groovy:1313)
	at ist_real.Contract_Dispatcher$VerifyTblFilled$0.call(Unknown Source)
	at RTD.Search_Result_Presents(RTD.groovy:191)
	at cucumber.runtime.Utils$1.call(Utils.java:26)
	at cucumber.runtime.Timeout.timeout(Timeout.java:16)
	at cucumber.runtime.Utils.invoke(Utils.java:20)
	at cucumber.runtime.java.JavaStepDefinition.execute(JavaStepDefinition.java:48)
	at cucumber.runtime.PickleStepDefinitionMatch.runStep(PickleStepDefinitionMatch.java:50)
	at cucumber.runner.TestStep.executeStep(TestStep.java:55)
	at cucumber.runner.TestStep.run(TestStep.java:42)
	at cucumber.runner.PickleStepTestStep.run(PickleStepTestStep.java:53)
	at cucumber.runner.TestCase.run(TestCase.java:47)
	at cucumber.runner.Runner.runPickle(Runner.java:44)
	at cucumber.runtime.Runtime.runFeature(Runtime.java:120)
	at cucumber.runtime.Runtime.run(Runtime.java:106)
	at cucumber.api.cli.Main.run(Main.java:35)
	at cucumber.api.cli.Main$run.call(Unknown Source)
	at com.kms.katalon.core.cucumber.keyword.CucumberBuiltinKeywords$_runFeatureFile_closure1.doCall(CucumberBuiltinKeywords.groovy:76)
	at com.kms.katalon.core.cucumber.keyword.CucumberBuiltinKeywords$_runFeatureFile_closure1.doCall(CucumberBuiltinKeywords.groovy)
	at com.kms.katalon.core.keyword.internal.KeywordMain.runKeyword(KeywordMain.groovy:68)
	at com.kms.katalon.core.keyword.internal.KeywordMain$runKeyword.call(Unknown Source)
	at com.kms.katalon.core.cucumber.keyword.CucumberBuiltinKeywords.runFeatureFile(CucumberBuiltinKeywords.groovy:46)
	at com.kms.katalon.core.cucumber.keyword.CucumberBuiltinKeywords$runFeatureFile$0.callStatic(Unknown Source)
	at com.kms.katalon.core.cucumber.keyword.CucumberBuiltinKeywords.runFeatureFile(CucumberBuiltinKeywords.groovy:169)
	at com.kms.katalon.core.cucumber.keyword.CucumberBuiltinKeywords$runFeatureFile.call(Unknown Source)
	at TC_Search_by_Status.run(TC_Search_by_Status:18)
	at com.kms.katalon.core.main.ScriptEngine.run(ScriptEngine.java:194)
	at com.kms.katalon.core.main.ScriptEngine.runScriptAsRawText(ScriptEngine.java:119)
	at com.kms.katalon.core.main.TestCaseExecutor.runScript(TestCaseExecutor.java:339)
	at com.kms.katalon.core.main.TestCaseExecutor.doExecute(TestCaseExecutor.java:330)
	at com.kms.katalon.core.main.TestCaseExecutor.processExecutionPhase(TestCaseExecutor.java:309)
	at com.kms.katalon.core.main.TestCaseExecutor.accessMainPhase(TestCaseExecutor.java:301)
	at com.kms.katalon.core.main.TestCaseExecutor.execute(TestCaseExecutor.java:235)
	at com.kms.katalon.core.main.TestSuiteExecutor.accessTestCaseMainPhase(TestSuiteExecutor.java:191)
	at com.kms.katalon.core.main.TestSuiteExecutor.accessTestSuiteMainPhase(TestSuiteExecutor.java:141)
	at com.kms.katalon.core.main.TestSuiteExecutor.execute(TestSuiteExecutor.java:90)
	at com.kms.katalon.core.main.TestCaseMain.startTestSuite(TestCaseMain.java:157)
	at com.kms.katalon.core.main.TestCaseMain$startTestSuite$0.call(Unknown Source)
	at TempTestSuite1611224752626.run(TempTestSuite1611224752626.groovy:39)
)
[[ATTACHMENT|/Users/chaidir.pratama01/Katalon Studio/IST_Automation_Git/Reports/20210121_172548/RTD/TS_Dashboard_for_BO_In_Payment/20210121_172552/1611225766419.png]]

2021-01-21 17:42:47 - [MESSAGE][PASSED] - Verify Search Result Presents

2021-01-21 17:42:47 - [TEST_STEP][PASSED] - Click button "Logout": Click button "Logout"

2021-01-21 17:42:47 - [MESSAGE][INFO] - >>>>>//Button[contains(text(),'Logout')]

2021-01-21 17:42:50 - [MESSAGE][PASSED] - Object '' is present

2021-01-21 17:42:50 - [MESSAGE][PASSED] - Object: '' is clicked on

2021-01-21 17:42:50 - [MESSAGE][PASSED] - Switched to window with index: '0'

2021-01-21 17:42:50 - [MESSAGE][PASSED] - Click button "Logout"

2021-01-21 17:42:50 - [TEST_STEP][PASSED] - Close browser: Close browser

2021-01-21 17:42:50 - [MESSAGE][PASSED] - Browser is closed

2021-01-21 17:42:50 - [MESSAGE][PASSED] - Close browser

2021-01-21 17:42:50 - [TEST_CASE][PASSED] - Start Test Case : SCENARIO Search by STATUS Manual Disbursement: SCENARIO Search by STATUS Manual Disbursement

2021-01-21 17:42:50 - [TEST_STEP][PASSED] - Go to ISTools: Go to ISTools

2021-01-21 17:42:50 - [MESSAGE][INFO] - Starting 'Chrome (headless)' driver

2021-01-21 17:42:50 - [MESSAGE][INFO] - User set preference: ['args', '[--start-maximized, --disable-gpu, --no-proxy-server, â€“-no-sandbox, --allow-running-insecure-content, --ignore-certificate-errors, window-size=1680,814, force-device-scale-factor=2, --lang=en-GB]']

2021-01-21 17:42:50 - [MESSAGE][INFO] - User set preference: ['prefs', '{download.default_directory=/Users/chaidir.pratama01/Katalon Studio/IST_Automation_Git/Download}']

2021-01-21 17:42:50 - [MESSAGE][INFO] - Action delay is set to 0 milliseconds

2021-01-21 17:42:50 - [MESSAGE][PASSED] - Browser is opened with url: ''

2021-01-21 17:42:51 - [MESSAGE][PASSED] - Navigate to 'https://dev-istools.homecredit.id/foundation/' successfully

2021-01-21 17:42:51 - [MESSAGE][PASSED] - Go to ISTools

2021-01-21 17:42:51 - [TEST_STEP][PASSED] - Login IST with valid credentials: Login IST with valid credentials

2021-01-21 17:42:51 - [MESSAGE][PASSED] - Text 'mobile.test' is set on object 'Object Repository/Page_/input_Username_j_username'

2021-01-21 17:42:51 - [MESSAGE][PASSED] - Text ****** has been set on object 'Object Repository/Page_/input_Password_j_password'

2021-01-21 17:42:52 - [MESSAGE][PASSED] - Object: 'Object Repository/Page_/button_Login' is clicked on

2021-01-21 17:42:52 - [MESSAGE][PASSED] - Login IST with valid credentials

2021-01-21 17:42:52 - [TEST_STEP][PASSED] - Login Success: Login Success

2021-01-21 17:42:52 - [MESSAGE][INFO] - Login Success

2021-01-21 17:42:52 - [MESSAGE][PASSED] - Current window maximized

2021-01-21 17:42:52 - [MESSAGE][PASSED] - Object 'Object Repository/Page_/h1_Welcome to IT Supporting Tools' is present

2021-01-21 17:42:52 - [MESSAGE][PASSED] - Login Success

2021-01-21 17:42:52 - [TEST_STEP][PASSED] - Select Arrow Menu "Real Time Disbursement": Select Arrow Menu "Real Time Disbursement"

2021-01-21 17:42:52 - [MESSAGE][PASSED] - Object: '' is clicked on

2021-01-21 17:42:52 - [MESSAGE][PASSED] - Select Arrow Menu "Real Time Disbursement"

2021-01-21 17:42:52 - [TEST_STEP][PASSED] - Select Menu "Dashboard for BO In Payment": Select Menu "Dashboard for BO In Payment"

2021-01-21 17:42:52 - [MESSAGE][PASSED] - Taking screenshot successfully
[[ATTACHMENT|/Users/chaidir.pratama01/Documents/Docs/Katalon Studio/Screenshot/test-Dashboard for BO In Payment.png]]

2021-01-21 17:42:52 - [MESSAGE][PASSED] - Object '' is present

2021-01-21 17:42:52 - [MESSAGE][PASSED] - Object: '' is clicked on

2021-01-21 17:42:52 - [MESSAGE][PASSED] - Wait for page load successfully

2021-01-21 17:42:52 - [MESSAGE][PASSED] - Select Menu "Dashboard for BO In Payment"

2021-01-21 17:42:52 - [TEST_STEP][PASSED] - Select STATUS "Manual Disbursement": Select STATUS "Manual Disbursement"

2021-01-21 17:42:53 - [MESSAGE][PASSED] - All options with value 'Manual Disbursement' are selected in object ''  using regular expression

2021-01-21 17:42:53 - [MESSAGE][PASSED] - Select STATUS "Manual Disbursement"

2021-01-21 17:42:53 - [TEST_STEP][PASSED] - Click button "Search": Click button "Search"

2021-01-21 17:42:53 - [MESSAGE][INFO] - >>>>>//Button[contains(text(),'Search')]

2021-01-21 17:42:56 - [MESSAGE][PASSED] - Object '' is present

2021-01-21 17:42:56 - [MESSAGE][PASSED] - Object: '' is clicked on

2021-01-21 17:42:56 - [MESSAGE][PASSED] - Switched to window with index: '0'

2021-01-21 17:42:56 - [MESSAGE][PASSED] - Click button "Search"

2021-01-21 17:42:56 - [TEST_STEP][PASSED] - Verify Search Result Presents: Verify Search Result Presents

2021-01-21 17:42:56 - [MESSAGE][PASSED] - Object '' is present

2021-01-21 17:43:03 - [MESSAGE][PASSED] - Verify Search Result Presents

2021-01-21 17:43:03 - [TEST_STEP][PASSED] - Click button "Logout": Click button "Logout"

2021-01-21 17:43:03 - [MESSAGE][INFO] - >>>>>//Button[contains(text(),'Logout')]

2021-01-21 17:43:06 - [MESSAGE][PASSED] - Object '' is present

2021-01-21 17:43:06 - [MESSAGE][PASSED] - Object: '' is clicked on

2021-01-21 17:43:06 - [MESSAGE][PASSED] - Switched to window with index: '0'

2021-01-21 17:43:06 - [MESSAGE][PASSED] - Click button "Logout"

2021-01-21 17:43:06 - [TEST_STEP][PASSED] - Close browser: Close browser

2021-01-21 17:43:06 - [MESSAGE][PASSED] - Browser is closed

2021-01-21 17:43:06 - [MESSAGE][PASSED] - Close browser

2021-01-21 17:43:06 - [TEST_CASE][PASSED] - Start Test Case : SCENARIO Search by STATUS DONE: SCENARIO Search by STATUS DONE

2021-01-21 17:43:06 - [TEST_STEP][PASSED] - Go to ISTools: Go to ISTools

2021-01-21 17:43:06 - [MESSAGE][INFO] - Starting 'Chrome (headless)' driver

2021-01-21 17:43:06 - [MESSAGE][INFO] - User set preference: ['args', '[--start-maximized, --disable-gpu, --no-proxy-server, â€“-no-sandbox, --allow-running-insecure-content, --ignore-certificate-errors, window-size=1680,814, force-device-scale-factor=2, --lang=en-GB]']

2021-01-21 17:43:06 - [MESSAGE][INFO] - User set preference: ['prefs', '{download.default_directory=/Users/chaidir.pratama01/Katalon Studio/IST_Automation_Git/Download}']

2021-01-21 17:43:06 - [MESSAGE][INFO] - Action delay is set to 0 milliseconds

2021-01-21 17:43:06 - [MESSAGE][PASSED] - Browser is opened with url: ''

2021-01-21 17:43:07 - [MESSAGE][PASSED] - Navigate to 'https://dev-istools.homecredit.id/foundation/' successfully

2021-01-21 17:43:07 - [MESSAGE][PASSED] - Go to ISTools

2021-01-21 17:43:07 - [TEST_STEP][PASSED] - Login IST with valid credentials: Login IST with valid credentials

2021-01-21 17:43:07 - [MESSAGE][PASSED] - Text 'mobile.test' is set on object 'Object Repository/Page_/input_Username_j_username'

2021-01-21 17:43:07 - [MESSAGE][PASSED] - Text ****** has been set on object 'Object Repository/Page_/input_Password_j_password'

2021-01-21 17:43:08 - [MESSAGE][PASSED] - Object: 'Object Repository/Page_/button_Login' is clicked on

2021-01-21 17:43:08 - [MESSAGE][PASSED] - Login IST with valid credentials

2021-01-21 17:43:08 - [TEST_STEP][PASSED] - Login Success: Login Success

2021-01-21 17:43:08 - [MESSAGE][INFO] - Login Success

2021-01-21 17:43:08 - [MESSAGE][PASSED] - Current window maximized

2021-01-21 17:43:08 - [MESSAGE][PASSED] - Object 'Object Repository/Page_/h1_Welcome to IT Supporting Tools' is present

2021-01-21 17:43:08 - [MESSAGE][PASSED] - Login Success

2021-01-21 17:43:08 - [TEST_STEP][PASSED] - Select Arrow Menu "Real Time Disbursement": Select Arrow Menu "Real Time Disbursement"

2021-01-21 17:43:08 - [MESSAGE][PASSED] - Object: '' is clicked on

2021-01-21 17:43:08 - [MESSAGE][PASSED] - Select Arrow Menu "Real Time Disbursement"

2021-01-21 17:43:08 - [TEST_STEP][PASSED] - Select Menu "Dashboard for BO In Payment": Select Menu "Dashboard for BO In Payment"

2021-01-21 17:43:08 - [MESSAGE][PASSED] - Taking screenshot successfully
[[ATTACHMENT|/Users/chaidir.pratama01/Documents/Docs/Katalon Studio/Screenshot/test-Dashboard for BO In Payment.png]]

2021-01-21 17:43:08 - [MESSAGE][PASSED] - Object '' is present

2021-01-21 17:43:09 - [MESSAGE][PASSED] - Object: '' is clicked on

2021-01-21 17:43:09 - [MESSAGE][PASSED] - Wait for page load successfully

2021-01-21 17:43:09 - [MESSAGE][PASSED] - Select Menu "Dashboard for BO In Payment"

2021-01-21 17:43:09 - [TEST_STEP][PASSED] - Select STATUS "DONE": Select STATUS "DONE"

2021-01-21 17:43:09 - [MESSAGE][PASSED] - All options with value 'DONE' are selected in object ''  using regular expression

2021-01-21 17:43:09 - [MESSAGE][PASSED] - Select STATUS "DONE"

2021-01-21 17:43:09 - [TEST_STEP][PASSED] - Click button "Search": Click button "Search"

2021-01-21 17:43:09 - [MESSAGE][INFO] - >>>>>//Button[contains(text(),'Search')]

2021-01-21 17:43:12 - [MESSAGE][PASSED] - Object '' is present

2021-01-21 17:43:12 - [MESSAGE][PASSED] - Object: '' is clicked on

2021-01-21 17:43:12 - [MESSAGE][PASSED] - Switched to window with index: '0'

2021-01-21 17:43:12 - [MESSAGE][PASSED] - Click button "Search"

2021-01-21 17:43:12 - [TEST_STEP][PASSED] - Verify Search Result Presents: Verify Search Result Presents

2021-01-21 17:43:12 - [MESSAGE][PASSED] - Object '' is present

2021-01-21 17:43:19 - [MESSAGE][PASSED] - Verify Search Result Presents

2021-01-21 17:43:19 - [TEST_STEP][PASSED] - Click button "Logout": Click button "Logout"

2021-01-21 17:43:19 - [MESSAGE][INFO] - >>>>>//Button[contains(text(),'Logout')]

2021-01-21 17:43:22 - [MESSAGE][PASSED] - Object '' is present

2021-01-21 17:43:22 - [MESSAGE][PASSED] - Object: '' is clicked on

2021-01-21 17:43:22 - [MESSAGE][PASSED] - Switched to window with index: '0'

2021-01-21 17:43:22 - [MESSAGE][PASSED] - Click button "Logout"

2021-01-21 17:43:22 - [TEST_STEP][PASSED] - Close browser: Close browser

2021-01-21 17:43:22 - [MESSAGE][PASSED] - Browser is closed

2021-01-21 17:43:22 - [MESSAGE][PASSED] - Close browser

2021-01-21 17:43:22 - [TEST_CASE][PASSED] - Start Test Case : SCENARIO Search by STATUS Success to Disburse: SCENARIO Search by STATUS Success to Disburse

2021-01-21 17:43:22 - [TEST_STEP][PASSED] - Go to ISTools: Go to ISTools

2021-01-21 17:43:22 - [MESSAGE][INFO] - Starting 'Chrome (headless)' driver

2021-01-21 17:43:22 - [MESSAGE][INFO] - User set preference: ['args', '[--start-maximized, --disable-gpu, --no-proxy-server, â€“-no-sandbox, --allow-running-insecure-content, --ignore-certificate-errors, window-size=1680,814, force-device-scale-factor=2, --lang=en-GB]']

2021-01-21 17:43:22 - [MESSAGE][INFO] - User set preference: ['prefs', '{download.default_directory=/Users/chaidir.pratama01/Katalon Studio/IST_Automation_Git/Download}']

2021-01-21 17:43:22 - [MESSAGE][INFO] - Action delay is set to 0 milliseconds

2021-01-21 17:43:22 - [MESSAGE][PASSED] - Browser is opened with url: ''

2021-01-21 17:43:23 - [MESSAGE][PASSED] - Navigate to 'https://dev-istools.homecredit.id/foundation/' successfully

2021-01-21 17:43:23 - [MESSAGE][PASSED] - Go to ISTools

2021-01-21 17:43:23 - [TEST_STEP][PASSED] - Login IST with valid credentials: Login IST with valid credentials

2021-01-21 17:43:23 - [MESSAGE][PASSED] - Text 'mobile.test' is set on object 'Object Repository/Page_/input_Username_j_username'

2021-01-21 17:43:23 - [MESSAGE][PASSED] - Text ****** has been set on object 'Object Repository/Page_/input_Password_j_password'

2021-01-21 17:43:24 - [MESSAGE][PASSED] - Object: 'Object Repository/Page_/button_Login' is clicked on

2021-01-21 17:43:24 - [MESSAGE][PASSED] - Login IST with valid credentials

2021-01-21 17:43:24 - [TEST_STEP][PASSED] - Login Success: Login Success

2021-01-21 17:43:24 - [MESSAGE][INFO] - Login Success

2021-01-21 17:43:24 - [MESSAGE][PASSED] - Current window maximized

2021-01-21 17:43:24 - [MESSAGE][PASSED] - Object 'Object Repository/Page_/h1_Welcome to IT Supporting Tools' is present

2021-01-21 17:43:24 - [MESSAGE][PASSED] - Login Success

2021-01-21 17:43:24 - [TEST_STEP][PASSED] - Select Arrow Menu "Real Time Disbursement": Select Arrow Menu "Real Time Disbursement"

2021-01-21 17:43:24 - [MESSAGE][PASSED] - Object: '' is clicked on

2021-01-21 17:43:24 - [MESSAGE][PASSED] - Select Arrow Menu "Real Time Disbursement"

2021-01-21 17:43:24 - [TEST_STEP][PASSED] - Select Menu "Dashboard for BO In Payment": Select Menu "Dashboard for BO In Payment"

2021-01-21 17:43:24 - [MESSAGE][PASSED] - Taking screenshot successfully
[[ATTACHMENT|/Users/chaidir.pratama01/Documents/Docs/Katalon Studio/Screenshot/test-Dashboard for BO In Payment.png]]

2021-01-21 17:43:24 - [MESSAGE][PASSED] - Object '' is present

2021-01-21 17:43:24 - [MESSAGE][PASSED] - Object: '' is clicked on

2021-01-21 17:43:24 - [MESSAGE][PASSED] - Wait for page load successfully

2021-01-21 17:43:24 - [MESSAGE][PASSED] - Select Menu "Dashboard for BO In Payment"

2021-01-21 17:43:24 - [TEST_STEP][PASSED] - Select STATUS "Success to Disburse": Select STATUS "Success to Disburse"

2021-01-21 17:43:25 - [MESSAGE][PASSED] - All options with value 'Success to Disburse' are selected in object ''  using regular expression

2021-01-21 17:43:25 - [MESSAGE][PASSED] - Select STATUS "Success to Disburse"

2021-01-21 17:43:25 - [TEST_STEP][PASSED] - Click button "Search": Click button "Search"

2021-01-21 17:43:25 - [MESSAGE][INFO] - >>>>>//Button[contains(text(),'Search')]

2021-01-21 17:43:28 - [MESSAGE][PASSED] - Object '' is present

2021-01-21 17:43:28 - [MESSAGE][PASSED] - Object: '' is clicked on

2021-01-21 17:43:28 - [MESSAGE][PASSED] - Switched to window with index: '0'

2021-01-21 17:43:28 - [MESSAGE][PASSED] - Click button "Search"

2021-01-21 17:43:28 - [TEST_STEP][PASSED] - Verify Search Result Presents: Verify Search Result Presents

2021-01-21 17:43:28 - [MESSAGE][PASSED] - Object '' is present

2021-01-21 17:43:28 - [MESSAGE][PASSED] - Verify Search Result Presents

2021-01-21 17:43:28 - [TEST_STEP][PASSED] - Click button "Logout": Click button "Logout"

2021-01-21 17:43:28 - [MESSAGE][INFO] - >>>>>//Button[contains(text(),'Logout')]

2021-01-21 17:43:31 - [MESSAGE][PASSED] - Object '' is present

2021-01-21 17:43:32 - [MESSAGE][PASSED] - Object: '' is clicked on

2021-01-21 17:43:32 - [MESSAGE][PASSED] - Switched to window with index: '0'

2021-01-21 17:43:32 - [MESSAGE][PASSED] - Click button "Logout"

2021-01-21 17:43:32 - [TEST_STEP][PASSED] - Close browser: Close browser

2021-01-21 17:43:32 - [MESSAGE][PASSED] - Browser is closed

2021-01-21 17:43:32 - [MESSAGE][PASSED] - Close browser

2021-01-21 17:43:32 - [MESSAGE][PASSED] - Feature file: 'Include/features/IST_Real/RTD/Dashboard_for_BO_In_Payment/Search_by_Status.feature' was passed]]></system-out>
         <system-err><![CDATA[]]></system-err>
      </testcase>
      <testcase name="Test Cases/RTD/Dashboard for BO in Payment/TC_View_Detail" time="40.899" classname="Test Cases/RTD/Dashboard for BO in Payment/TC_View_Detail" status="PASSED">
         <system-out><![CDATA[2021-01-21 17:43:32 - [TEST_CASE][PASSED] - Test Cases/RTD/Dashboard for BO in Payment/TC_View_Detail: Test Cases/RTD/Dashboard for BO in Payment/TC_View_Detail

2021-01-21 17:43:32 - [TEST_STEP][PASSED] - runFeatureFile("Include/features/IST_Real/RTD/Dashboard_for_BO_In_Payment/View_Detail.feature"): Feature file: 'Include/features/IST_Real/RTD/Dashboard_for_BO_In_Payment/View_Detail.feature' was passed

2021-01-21 17:43:32 - [MESSAGE][INFO] - Starting run keyword runFeatureFile: 'Include/features/IST_Real/RTD/Dashboard_for_BO_In_Payment/View_Detail.feature' and extract report to folder: '/Users/chaidir.pratama01/Katalon Studio/IST_Automation_Git/Reports/20210121_172548/RTD/TS_Dashboard_for_BO_In_Payment/20210121_172552/cucumber_report/1611225812278'...

2021-01-21 17:43:32 - [TEST_CASE][PASSED] - Start Test Case : SCENARIO Search by STATUS Success to Disburse and then View Detail of it: SCENARIO Search by STATUS Success to Disburse and then View Detail of it

2021-01-21 17:43:32 - [TEST_STEP][PASSED] - Go to ISTools: Go to ISTools

2021-01-21 17:43:32 - [MESSAGE][INFO] - Starting 'Chrome (headless)' driver

2021-01-21 17:43:32 - [MESSAGE][INFO] - User set preference: ['args', '[--start-maximized, --disable-gpu, --no-proxy-server, â€“-no-sandbox, --allow-running-insecure-content, --ignore-certificate-errors, window-size=1680,814, force-device-scale-factor=2, --lang=en-GB]']

2021-01-21 17:43:32 - [MESSAGE][INFO] - User set preference: ['prefs', '{download.default_directory=/Users/chaidir.pratama01/Katalon Studio/IST_Automation_Git/Download}']

2021-01-21 17:43:32 - [MESSAGE][INFO] - Action delay is set to 0 milliseconds

2021-01-21 17:43:32 - [MESSAGE][PASSED] - Browser is opened with url: ''

2021-01-21 17:43:33 - [MESSAGE][PASSED] - Navigate to 'https://dev-istools.homecredit.id/foundation/' successfully

2021-01-21 17:43:33 - [MESSAGE][PASSED] - Go to ISTools

2021-01-21 17:43:33 - [TEST_STEP][PASSED] - Login IST with valid credentials: Login IST with valid credentials

2021-01-21 17:43:33 - [MESSAGE][PASSED] - Text 'mobile.test' is set on object 'Object Repository/Page_/input_Username_j_username'

2021-01-21 17:43:33 - [MESSAGE][PASSED] - Text ****** has been set on object 'Object Repository/Page_/input_Password_j_password'

2021-01-21 17:43:34 - [MESSAGE][PASSED] - Object: 'Object Repository/Page_/button_Login' is clicked on

2021-01-21 17:43:34 - [MESSAGE][PASSED] - Login IST with valid credentials

2021-01-21 17:43:34 - [TEST_STEP][PASSED] - Login Success: Login Success

2021-01-21 17:43:34 - [MESSAGE][INFO] - Login Success

2021-01-21 17:43:34 - [MESSAGE][PASSED] - Current window maximized

2021-01-21 17:43:34 - [MESSAGE][PASSED] - Object 'Object Repository/Page_/h1_Welcome to IT Supporting Tools' is present

2021-01-21 17:43:34 - [MESSAGE][PASSED] - Login Success

2021-01-21 17:43:34 - [TEST_STEP][PASSED] - Select Arrow Menu "Real Time Disbursement": Select Arrow Menu "Real Time Disbursement"

2021-01-21 17:43:34 - [MESSAGE][PASSED] - Object: '' is clicked on

2021-01-21 17:43:34 - [MESSAGE][PASSED] - Select Arrow Menu "Real Time Disbursement"

2021-01-21 17:43:34 - [TEST_STEP][PASSED] - Select Menu "Dashboard for BO In Payment": Select Menu "Dashboard for BO In Payment"

2021-01-21 17:43:34 - [MESSAGE][PASSED] - Taking screenshot successfully
[[ATTACHMENT|/Users/chaidir.pratama01/Documents/Docs/Katalon Studio/Screenshot/test-Dashboard for BO In Payment.png]]

2021-01-21 17:43:34 - [MESSAGE][PASSED] - Object '' is present

2021-01-21 17:43:34 - [MESSAGE][PASSED] - Object: '' is clicked on

2021-01-21 17:43:34 - [MESSAGE][PASSED] - Wait for page load successfully

2021-01-21 17:43:34 - [MESSAGE][PASSED] - Select Menu "Dashboard for BO In Payment"

2021-01-21 17:43:34 - [TEST_STEP][PASSED] - Select STATUS "Success to Disburse": Select STATUS "Success to Disburse"

2021-01-21 17:43:35 - [MESSAGE][PASSED] - All options with value 'Success to Disburse' are selected in object ''  using regular expression

2021-01-21 17:43:35 - [MESSAGE][PASSED] - Select STATUS "Success to Disburse"

2021-01-21 17:43:35 - [TEST_STEP][PASSED] - Click button "Search": Click button "Search"

2021-01-21 17:43:35 - [MESSAGE][INFO] - >>>>>//Button[contains(text(),'Search')]

2021-01-21 17:43:38 - [MESSAGE][PASSED] - Object '' is present

2021-01-21 17:43:38 - [MESSAGE][PASSED] - Object: '' is clicked on

2021-01-21 17:43:38 - [MESSAGE][PASSED] - Switched to window with index: '0'

2021-01-21 17:43:38 - [MESSAGE][PASSED] - Click button "Search"

2021-01-21 17:43:38 - [TEST_STEP][PASSED] - Verify Search Result Presents: Verify Search Result Presents

2021-01-21 17:43:38 - [MESSAGE][PASSED] - Object '' is present

2021-01-21 17:43:39 - [MESSAGE][PASSED] - Verify Search Result Presents

2021-01-21 17:43:39 - [TEST_STEP][PASSED] - Click View Detail: Click View Detail

2021-01-21 17:43:39 - [MESSAGE][PASSED] - Object '' is present

2021-01-21 17:43:39 - [MESSAGE][PASSED] - Object: '' is clicked on

2021-01-21 17:43:39 - [MESSAGE][PASSED] - Click View Detail

2021-01-21 17:43:39 - [TEST_STEP][PASSED] - Verify Information in View Detail: Verify Information in View Detail

2021-01-21 17:43:42 - [MESSAGE][PASSED] - Delayed 3 second(s)

2021-01-21 17:43:42 - [MESSAGE][PASSED] - Attribute 'value' of object '' is: '3900014152'

2021-01-21 17:43:45 - [MESSAGE][PASSED] - Delayed 3 second(s)

2021-01-21 17:43:45 - [MESSAGE][PASSED] - Attribute 'value' of object '' is: 'IDITXLeks TESTERbIvIvO'

2021-01-21 17:43:48 - [MESSAGE][PASSED] - Delayed 3 second(s)

2021-01-21 17:43:48 - [MESSAGE][PASSED] - Attribute 'value' of object '' is: 'Success to Disburse'

2021-01-21 17:43:51 - [MESSAGE][PASSED] - Delayed 3 second(s)

2021-01-21 17:43:51 - [MESSAGE][PASSED] - Attribute 'value' of object '' is: 'Rp 7,000,000'

2021-01-21 17:43:54 - [MESSAGE][PASSED] - Delayed 3 second(s)

2021-01-21 17:43:54 - [MESSAGE][PASSED] - Attribute 'value' of object '' is: 'KESEJAHTERAAN EKONOMI'

2021-01-21 17:43:57 - [MESSAGE][PASSED] - Delayed 3 second(s)

2021-01-21 17:43:57 - [MESSAGE][PASSED] - Attribute 'value' of object '' is: '1'

2021-01-21 17:44:00 - [MESSAGE][PASSED] - Delayed 3 second(s)

2021-01-21 17:44:00 - [MESSAGE][PASSED] - Attribute 'value' of object '' is: 'NAMA ADA DISINI'

2021-01-21 17:44:03 - [MESSAGE][PASSED] - Delayed 3 second(s)

2021-01-21 17:44:03 - [MESSAGE][PASSED] - Attribute 'value' of object '' is: 'KESEJAHTERAAN EKONOMI'

2021-01-21 17:44:06 - [MESSAGE][PASSED] - Delayed 3 second(s)

2021-01-21 17:44:06 - [MESSAGE][PASSED] - Attribute 'value' of object '' is: ''

2021-01-21 17:44:09 - [MESSAGE][PASSED] - Delayed 3 second(s)

2021-01-21 17:44:09 - [MESSAGE][PASSED] - Attribute 'value' of object '' is: ''

2021-01-21 17:44:09 - [MESSAGE][PASSED] - Text of object '' is: 'Date'

2021-01-21 17:44:09 - [MESSAGE][PASSED] - Text of object '' is: 'Status'

2021-01-21 17:44:09 - [MESSAGE][PASSED] - Text of object '' is: 'Updated Information'

2021-01-21 17:44:09 - [MESSAGE][PASSED] - Text of object '' is: 'Last Update By'

2021-01-21 17:44:09 - [MESSAGE][PASSED] - Text of object '' is: 'Department'

2021-01-21 17:44:09 - [MESSAGE][PASSED] - Verify Information in View Detail

2021-01-21 17:44:09 - [TEST_STEP][PASSED] - Click button "Logout": Click button "Logout"

2021-01-21 17:44:09 - [MESSAGE][INFO] - >>>>>//Button[contains(text(),'Logout')]

2021-01-21 17:44:12 - [MESSAGE][PASSED] - Object '' is present

2021-01-21 17:44:13 - [MESSAGE][PASSED] - Object: '' is clicked on

2021-01-21 17:44:13 - [MESSAGE][PASSED] - Switched to window with index: '0'

2021-01-21 17:44:13 - [MESSAGE][PASSED] - Click button "Logout"

2021-01-21 17:44:13 - [TEST_STEP][PASSED] - Close browser: Close browser

2021-01-21 17:44:13 - [MESSAGE][PASSED] - Browser is closed

2021-01-21 17:44:13 - [MESSAGE][PASSED] - Close browser

2021-01-21 17:44:13 - [MESSAGE][PASSED] - Feature file: 'Include/features/IST_Real/RTD/Dashboard_for_BO_In_Payment/View_Detail.feature' was passed]]></system-out>
         <system-err><![CDATA[]]></system-err>
      </testcase>
      <testcase name="Test Cases/RTD/Dashboard for BO in Payment/TC_Export_Data" time="9.555" classname="Test Cases/RTD/Dashboard for BO in Payment/TC_Export_Data" status="PASSED">
         <system-out><![CDATA[2021-01-21 17:44:13 - [TEST_CASE][PASSED] - Test Cases/RTD/Dashboard for BO in Payment/TC_Export_Data: Test Cases/RTD/Dashboard for BO in Payment/TC_Export_Data

2021-01-21 17:44:13 - [TEST_STEP][PASSED] - runFeatureFile("Include/features/IST_Real/RTD/Dashboard_for_BO_In_Payment/Export_Data.feature"): Feature file: 'Include/features/IST_Real/RTD/Dashboard_for_BO_In_Payment/Export_Data.feature' was passed

2021-01-21 17:44:13 - [MESSAGE][INFO] - Starting run keyword runFeatureFile: 'Include/features/IST_Real/RTD/Dashboard_for_BO_In_Payment/Export_Data.feature' and extract report to folder: '/Users/chaidir.pratama01/Katalon Studio/IST_Automation_Git/Reports/20210121_172548/RTD/TS_Dashboard_for_BO_In_Payment/20210121_172552/cucumber_report/1611225853177'...

2021-01-21 17:44:13 - [TEST_CASE][PASSED] - Start Test Case : SCENARIO Export Data: SCENARIO Export Data

2021-01-21 17:44:13 - [TEST_STEP][PASSED] - Go to ISTools: Go to ISTools

2021-01-21 17:44:13 - [MESSAGE][INFO] - Starting 'Chrome (headless)' driver

2021-01-21 17:44:13 - [MESSAGE][INFO] - User set preference: ['args', '[--start-maximized, --disable-gpu, --no-proxy-server, â€“-no-sandbox, --allow-running-insecure-content, --ignore-certificate-errors, window-size=1680,814, force-device-scale-factor=2, --lang=en-GB]']

2021-01-21 17:44:13 - [MESSAGE][INFO] - User set preference: ['prefs', '{download.default_directory=/Users/chaidir.pratama01/Katalon Studio/IST_Automation_Git/Download}']

2021-01-21 17:44:13 - [MESSAGE][INFO] - Action delay is set to 0 milliseconds

2021-01-21 17:44:13 - [MESSAGE][PASSED] - Browser is opened with url: ''

2021-01-21 17:44:14 - [MESSAGE][PASSED] - Navigate to 'https://dev-istools.homecredit.id/foundation/' successfully

2021-01-21 17:44:14 - [MESSAGE][PASSED] - Go to ISTools

2021-01-21 17:44:14 - [TEST_STEP][PASSED] - Login IST with valid credentials: Login IST with valid credentials

2021-01-21 17:44:14 - [MESSAGE][PASSED] - Text 'mobile.test' is set on object 'Object Repository/Page_/input_Username_j_username'

2021-01-21 17:44:14 - [MESSAGE][PASSED] - Text ****** has been set on object 'Object Repository/Page_/input_Password_j_password'

2021-01-21 17:44:14 - [MESSAGE][PASSED] - Object: 'Object Repository/Page_/button_Login' is clicked on

2021-01-21 17:44:14 - [MESSAGE][PASSED] - Login IST with valid credentials

2021-01-21 17:44:14 - [TEST_STEP][PASSED] - Login Success: Login Success

2021-01-21 17:44:14 - [MESSAGE][INFO] - Login Success

2021-01-21 17:44:15 - [MESSAGE][PASSED] - Current window maximized

2021-01-21 17:44:15 - [MESSAGE][PASSED] - Object 'Object Repository/Page_/h1_Welcome to IT Supporting Tools' is present

2021-01-21 17:44:15 - [MESSAGE][PASSED] - Login Success

2021-01-21 17:44:15 - [TEST_STEP][PASSED] - Select Arrow Menu "Real Time Disbursement": Select Arrow Menu "Real Time Disbursement"

2021-01-21 17:44:15 - [MESSAGE][PASSED] - Object: '' is clicked on

2021-01-21 17:44:15 - [MESSAGE][PASSED] - Select Arrow Menu "Real Time Disbursement"

2021-01-21 17:44:15 - [TEST_STEP][PASSED] - Select Menu "Dashboard for BO In Payment": Select Menu "Dashboard for BO In Payment"

2021-01-21 17:44:15 - [MESSAGE][PASSED] - Taking screenshot successfully
[[ATTACHMENT|/Users/chaidir.pratama01/Documents/Docs/Katalon Studio/Screenshot/test-Dashboard for BO In Payment.png]]

2021-01-21 17:44:15 - [MESSAGE][PASSED] - Object '' is present

2021-01-21 17:44:15 - [MESSAGE][PASSED] - Object: '' is clicked on

2021-01-21 17:44:15 - [MESSAGE][PASSED] - Wait for page load successfully

2021-01-21 17:44:15 - [MESSAGE][PASSED] - Select Menu "Dashboard for BO In Payment"

2021-01-21 17:44:15 - [TEST_STEP][PASSED] - Input Contract RTD in Contract Number label: Input Contract RTD in Contract Number label

2021-01-21 17:44:15 - [MESSAGE][PASSED] - Text '4000014162' is set on object ''

2021-01-21 17:44:15 - [MESSAGE][PASSED] - Input Contract RTD in Contract Number label

2021-01-21 17:44:15 - [TEST_STEP][PASSED] - Click button "Search": Click button "Search"

2021-01-21 17:44:15 - [MESSAGE][INFO] - >>>>>//Button[contains(text(),'Search')]

2021-01-21 17:44:18 - [MESSAGE][PASSED] - Object '' is present

2021-01-21 17:44:19 - [MESSAGE][PASSED] - Object: '' is clicked on

2021-01-21 17:44:19 - [MESSAGE][PASSED] - Switched to window with index: '0'

2021-01-21 17:44:19 - [MESSAGE][PASSED] - Click button "Search"

2021-01-21 17:44:19 - [TEST_STEP][PASSED] - Verify Table Filled: Verify Table Filled

2021-01-21 17:44:19 - [MESSAGE][PASSED] - Object '' is present

2021-01-21 17:44:19 - [MESSAGE][PASSED] - Verify Table Filled

2021-01-21 17:44:19 - [TEST_STEP][PASSED] - Click button "Export Data": Click button "Export Data"

2021-01-21 17:44:19 - [MESSAGE][INFO] - >>>>>//Button[contains(text(),'Export Data')]

2021-01-21 17:44:22 - [MESSAGE][PASSED] - Object: '' is clicked on

2021-01-21 17:44:22 - [MESSAGE][PASSED] - Taking screenshot successfully
[[ATTACHMENT|/Users/chaidir.pratama01/Documents/Docs/Katalon Studio/Screenshot/Download_data.png]]

2021-01-21 17:44:22 - [MESSAGE][PASSED] - Click button "Export Data"

2021-01-21 17:44:22 - [MESSAGE][PASSED] - Feature file: 'Include/features/IST_Real/RTD/Dashboard_for_BO_In_Payment/Export_Data.feature' was passed]]></system-out>
         <system-err><![CDATA[]]></system-err>
      </testcase>
      <testcase name="Test Cases/RTD/Dashboard for BO in Payment/TC_Generate_Outpayment" time="32.832" classname="Test Cases/RTD/Dashboard for BO in Payment/TC_Generate_Outpayment" status="PASSED">
         <system-out><![CDATA[2021-01-21 17:44:22 - [TEST_CASE][PASSED] - Test Cases/RTD/Dashboard for BO in Payment/TC_Generate_Outpayment: Test Cases/RTD/Dashboard for BO in Payment/TC_Generate_Outpayment

2021-01-21 17:44:22 - [TEST_STEP][PASSED] - runFeatureFile("Include/features/IST_Real/RTD/Dashboard_for_BO_In_Payment/Generate_Outpayment.feature"): Feature file: 'Include/features/IST_Real/RTD/Dashboard_for_BO_In_Payment/Generate_Outpayment.feature' was passed

2021-01-21 17:44:22 - [MESSAGE][INFO] - Starting run keyword runFeatureFile: 'Include/features/IST_Real/RTD/Dashboard_for_BO_In_Payment/Generate_Outpayment.feature' and extract report to folder: '/Users/chaidir.pratama01/Katalon Studio/IST_Automation_Git/Reports/20210121_172548/RTD/TS_Dashboard_for_BO_In_Payment/20210121_172552/cucumber_report/1611225862732'...

2021-01-21 17:44:22 - [TEST_CASE][PASSED] - Start Test Case : SCENARIO Genrate Outpayment without select checkbox: SCENARIO Genrate Outpayment without select checkbox

2021-01-21 17:44:22 - [TEST_STEP][PASSED] - Go to ISTools: Go to ISTools

2021-01-21 17:44:22 - [MESSAGE][WARNING] - A browser is already opened. Closing browser and opening a new one

2021-01-21 17:44:22 - [MESSAGE][INFO] - Starting 'Chrome (headless)' driver

2021-01-21 17:44:22 - [MESSAGE][INFO] - User set preference: ['args', '[--start-maximized, --disable-gpu, --no-proxy-server, â€“-no-sandbox, --allow-running-insecure-content, --ignore-certificate-errors, window-size=1680,814, force-device-scale-factor=2, --lang=en-GB]']

2021-01-21 17:44:22 - [MESSAGE][INFO] - User set preference: ['prefs', '{download.default_directory=/Users/chaidir.pratama01/Katalon Studio/IST_Automation_Git/Download}']

2021-01-21 17:44:22 - [MESSAGE][INFO] - Action delay is set to 0 milliseconds

2021-01-21 17:44:23 - [MESSAGE][PASSED] - Browser is opened with url: ''

2021-01-21 17:44:23 - [MESSAGE][PASSED] - Navigate to 'https://dev-istools.homecredit.id/foundation/' successfully

2021-01-21 17:44:23 - [MESSAGE][PASSED] - Go to ISTools

2021-01-21 17:44:23 - [TEST_STEP][PASSED] - Login IST with valid credentials: Login IST with valid credentials

2021-01-21 17:44:24 - [MESSAGE][PASSED] - Text 'mobile.test' is set on object 'Object Repository/Page_/input_Username_j_username'

2021-01-21 17:44:24 - [MESSAGE][PASSED] - Text ****** has been set on object 'Object Repository/Page_/input_Password_j_password'

2021-01-21 17:44:24 - [MESSAGE][PASSED] - Object: 'Object Repository/Page_/button_Login' is clicked on

2021-01-21 17:44:24 - [MESSAGE][PASSED] - Login IST with valid credentials

2021-01-21 17:44:24 - [TEST_STEP][PASSED] - Login Success: Login Success

2021-01-21 17:44:24 - [MESSAGE][INFO] - Login Success

2021-01-21 17:44:24 - [MESSAGE][PASSED] - Current window maximized

2021-01-21 17:44:24 - [MESSAGE][PASSED] - Object 'Object Repository/Page_/h1_Welcome to IT Supporting Tools' is present

2021-01-21 17:44:24 - [MESSAGE][PASSED] - Login Success

2021-01-21 17:44:24 - [TEST_STEP][PASSED] - Select Arrow Menu "Real Time Disbursement": Select Arrow Menu "Real Time Disbursement"

2021-01-21 17:44:24 - [MESSAGE][PASSED] - Object: '' is clicked on

2021-01-21 17:44:24 - [MESSAGE][PASSED] - Select Arrow Menu "Real Time Disbursement"

2021-01-21 17:44:24 - [TEST_STEP][PASSED] - Select Menu "Dashboard for BO In Payment": Select Menu "Dashboard for BO In Payment"

2021-01-21 17:44:25 - [MESSAGE][PASSED] - Taking screenshot successfully
[[ATTACHMENT|/Users/chaidir.pratama01/Documents/Docs/Katalon Studio/Screenshot/test-Dashboard for BO In Payment.png]]

2021-01-21 17:44:25 - [MESSAGE][PASSED] - Object '' is present

2021-01-21 17:44:25 - [MESSAGE][PASSED] - Object: '' is clicked on

2021-01-21 17:44:25 - [MESSAGE][PASSED] - Wait for page load successfully

2021-01-21 17:44:25 - [MESSAGE][PASSED] - Select Menu "Dashboard for BO In Payment"

2021-01-21 17:44:25 - [TEST_STEP][PASSED] - Select STATUS "Manual Disbursement": Select STATUS "Manual Disbursement"

2021-01-21 17:44:25 - [MESSAGE][PASSED] - All options with value 'Manual Disbursement' are selected in object ''  using regular expression

2021-01-21 17:44:25 - [MESSAGE][PASSED] - Select STATUS "Manual Disbursement"

2021-01-21 17:44:25 - [TEST_STEP][PASSED] - Click button "Search": Click button "Search"

2021-01-21 17:44:25 - [MESSAGE][INFO] - >>>>>//Button[contains(text(),'Search')]

2021-01-21 17:44:28 - [MESSAGE][PASSED] - Object '' is present

2021-01-21 17:44:28 - [MESSAGE][PASSED] - Object: '' is clicked on

2021-01-21 17:44:28 - [MESSAGE][PASSED] - Switched to window with index: '0'

2021-01-21 17:44:28 - [MESSAGE][PASSED] - Click button "Search"

2021-01-21 17:44:28 - [TEST_STEP][PASSED] - Verify Table Filled: Verify Table Filled

2021-01-21 17:44:29 - [MESSAGE][PASSED] - Object '' is present

2021-01-21 17:44:29 - [MESSAGE][PASSED] - Verify Table Filled

2021-01-21 17:44:29 - [TEST_STEP][PASSED] - Click button "Generate Outpayment": Click button "Generate Outpayment"

2021-01-21 17:44:29 - [MESSAGE][INFO] - >>>>>//Button[contains(text(),'Generate Outpayment')]

2021-01-21 17:44:32 - [MESSAGE][PASSED] - Object '' is present

2021-01-21 17:44:32 - [MESSAGE][PASSED] - Object: '' is clicked on

2021-01-21 17:44:32 - [MESSAGE][PASSED] - Switched to window with index: '0'

2021-01-21 17:44:32 - [MESSAGE][PASSED] - Click button "Generate Outpayment"

2021-01-21 17:44:32 - [TEST_STEP][PASSED] - Get text from pop up "Warning Message" with text "Warning : No data selected !": Get text from pop up "Warning Message" with text "Warning : No data selected !"

2021-01-21 17:44:32 - [MESSAGE][PASSED] - Taking screenshot successfully
[[ATTACHMENT|/Users/chaidir.pratama01/Documents/Docs/Katalon Studio/Screenshot/errorpopup.png]]

2021-01-21 17:44:32 - [MESSAGE][PASSED] - Object '' is present

2021-01-21 17:44:32 - [MESSAGE][PASSED] - Wait for page load successfully

2021-01-21 17:44:32 - [MESSAGE][PASSED] - Wait for page load successfully

2021-01-21 17:44:32 - [MESSAGE][PASSED] - Get text from pop up "Warning Message" with text "Warning : No data selected !"

2021-01-21 17:44:32 - [TEST_STEP][PASSED] - Click button "OK": Click button "OK"

2021-01-21 17:44:32 - [MESSAGE][INFO] - >>>>>//Button[contains(text(),'OK')]

2021-01-21 17:44:35 - [MESSAGE][PASSED] - Object '' is present

2021-01-21 17:44:35 - [MESSAGE][PASSED] - Object: '' is clicked on

2021-01-21 17:44:35 - [MESSAGE][PASSED] - Switched to window with index: '0'

2021-01-21 17:44:35 - [MESSAGE][PASSED] - Click button "OK"

2021-01-21 17:44:35 - [TEST_STEP][PASSED] - Click button "Logout": Click button "Logout"

2021-01-21 17:44:35 - [MESSAGE][INFO] - >>>>>//Button[contains(text(),'Logout')]

2021-01-21 17:44:38 - [MESSAGE][PASSED] - Object '' is present

2021-01-21 17:44:39 - [MESSAGE][PASSED] - Object: '' is clicked on

2021-01-21 17:44:39 - [MESSAGE][PASSED] - Switched to window with index: '0'

2021-01-21 17:44:39 - [MESSAGE][PASSED] - Click button "Logout"

2021-01-21 17:44:39 - [TEST_STEP][PASSED] - Close browser: Close browser

2021-01-21 17:44:39 - [MESSAGE][PASSED] - Browser is closed

2021-01-21 17:44:39 - [MESSAGE][PASSED] - Close browser

2021-01-21 17:44:39 - [TEST_CASE][PASSED] - Start Test Case : SCENARIO Genrate Outpayment and select checkbox first: SCENARIO Genrate Outpayment and select checkbox first

2021-01-21 17:44:39 - [TEST_STEP][PASSED] - Go to ISTools: Go to ISTools

2021-01-21 17:44:39 - [MESSAGE][INFO] - Starting 'Chrome (headless)' driver

2021-01-21 17:44:39 - [MESSAGE][INFO] - User set preference: ['args', '[--start-maximized, --disable-gpu, --no-proxy-server, â€“-no-sandbox, --allow-running-insecure-content, --ignore-certificate-errors, window-size=1680,814, force-device-scale-factor=2, --lang=en-GB]']

2021-01-21 17:44:39 - [MESSAGE][INFO] - User set preference: ['prefs', '{download.default_directory=/Users/chaidir.pratama01/Katalon Studio/IST_Automation_Git/Download}']

2021-01-21 17:44:39 - [MESSAGE][INFO] - Action delay is set to 0 milliseconds

2021-01-21 17:44:39 - [MESSAGE][PASSED] - Browser is opened with url: ''

2021-01-21 17:44:40 - [MESSAGE][PASSED] - Navigate to 'https://dev-istools.homecredit.id/foundation/' successfully

2021-01-21 17:44:40 - [MESSAGE][PASSED] - Go to ISTools

2021-01-21 17:44:40 - [TEST_STEP][PASSED] - Login IST with valid credentials: Login IST with valid credentials

2021-01-21 17:44:40 - [MESSAGE][PASSED] - Text 'mobile.test' is set on object 'Object Repository/Page_/input_Username_j_username'

2021-01-21 17:44:40 - [MESSAGE][PASSED] - Text ****** has been set on object 'Object Repository/Page_/input_Password_j_password'

2021-01-21 17:44:40 - [MESSAGE][PASSED] - Object: 'Object Repository/Page_/button_Login' is clicked on

2021-01-21 17:44:40 - [MESSAGE][PASSED] - Login IST with valid credentials

2021-01-21 17:44:40 - [TEST_STEP][PASSED] - Login Success: Login Success

2021-01-21 17:44:40 - [MESSAGE][INFO] - Login Success

2021-01-21 17:44:40 - [MESSAGE][PASSED] - Current window maximized

2021-01-21 17:44:40 - [MESSAGE][PASSED] - Object 'Object Repository/Page_/h1_Welcome to IT Supporting Tools' is present

2021-01-21 17:44:40 - [MESSAGE][PASSED] - Login Success

2021-01-21 17:44:40 - [TEST_STEP][PASSED] - Select Arrow Menu "Real Time Disbursement": Select Arrow Menu "Real Time Disbursement"

2021-01-21 17:44:40 - [MESSAGE][PASSED] - Object: '' is clicked on

2021-01-21 17:44:40 - [MESSAGE][PASSED] - Select Arrow Menu "Real Time Disbursement"

2021-01-21 17:44:40 - [TEST_STEP][PASSED] - Select Menu "Dashboard for BO In Payment": Select Menu "Dashboard for BO In Payment"

2021-01-21 17:44:41 - [MESSAGE][PASSED] - Taking screenshot successfully
[[ATTACHMENT|/Users/chaidir.pratama01/Documents/Docs/Katalon Studio/Screenshot/test-Dashboard for BO In Payment.png]]

2021-01-21 17:44:41 - [MESSAGE][PASSED] - Object '' is present

2021-01-21 17:44:41 - [MESSAGE][PASSED] - Object: '' is clicked on

2021-01-21 17:44:41 - [MESSAGE][PASSED] - Wait for page load successfully

2021-01-21 17:44:41 - [MESSAGE][PASSED] - Select Menu "Dashboard for BO In Payment"

2021-01-21 17:44:41 - [TEST_STEP][PASSED] - Select STATUS "Manual Disbursement": Select STATUS "Manual Disbursement"

2021-01-21 17:44:41 - [MESSAGE][PASSED] - All options with value 'Manual Disbursement' are selected in object ''  using regular expression

2021-01-21 17:44:41 - [MESSAGE][PASSED] - Select STATUS "Manual Disbursement"

2021-01-21 17:44:41 - [TEST_STEP][PASSED] - Click button "Search": Click button "Search"

2021-01-21 17:44:41 - [MESSAGE][INFO] - >>>>>//Button[contains(text(),'Search')]

2021-01-21 17:44:44 - [MESSAGE][PASSED] - Object '' is present

2021-01-21 17:44:45 - [MESSAGE][PASSED] - Object: '' is clicked on

2021-01-21 17:44:45 - [MESSAGE][PASSED] - Switched to window with index: '0'

2021-01-21 17:44:45 - [MESSAGE][PASSED] - Click button "Search"

2021-01-21 17:44:45 - [TEST_STEP][PASSED] - Verify Table Filled: Verify Table Filled

2021-01-21 17:44:45 - [MESSAGE][PASSED] - Object '' is present

2021-01-21 17:44:45 - [MESSAGE][PASSED] - Verify Table Filled

2021-01-21 17:44:45 - [TEST_STEP][PASSED] - Click Checkbox: Click Checkbox

2021-01-21 17:44:45 - [MESSAGE][PASSED] - Object: '' is clicked on

2021-01-21 17:44:45 - [MESSAGE][PASSED] - Click Checkbox

2021-01-21 17:44:45 - [TEST_STEP][PASSED] - Click button "Generate Outpayment": Click button "Generate Outpayment"

2021-01-21 17:44:45 - [MESSAGE][INFO] - >>>>>//Button[contains(text(),'Generate Outpayment')]

2021-01-21 17:44:48 - [MESSAGE][PASSED] - Object '' is present

2021-01-21 17:44:48 - [MESSAGE][PASSED] - Object: '' is clicked on

2021-01-21 17:44:48 - [MESSAGE][PASSED] - Switched to window with index: '0'

2021-01-21 17:44:48 - [MESSAGE][PASSED] - Click button "Generate Outpayment"

2021-01-21 17:44:48 - [TEST_STEP][PASSED] - Get text from pop up "Success Message" with text "Generate Outpayment File Success": Get text from pop up "Success Message" with text "Generate Outpayment File Success"

2021-01-21 17:44:48 - [MESSAGE][PASSED] - Taking screenshot successfully
[[ATTACHMENT|/Users/chaidir.pratama01/Documents/Docs/Katalon Studio/Screenshot/errorpopup.png]]

2021-01-21 17:44:49 - [MESSAGE][PASSED] - Object '' is present

2021-01-21 17:44:49 - [MESSAGE][PASSED] - Wait for page load successfully

2021-01-21 17:44:49 - [MESSAGE][PASSED] - Wait for page load successfully

2021-01-21 17:44:49 - [MESSAGE][PASSED] - Get text from pop up "Success Message" with text "Generate Outpayment File Success"

2021-01-21 17:44:49 - [TEST_STEP][PASSED] - Click button "OK": Click button "OK"

2021-01-21 17:44:49 - [MESSAGE][INFO] - >>>>>//Button[contains(text(),'OK')]

2021-01-21 17:44:52 - [MESSAGE][PASSED] - Object '' is present

2021-01-21 17:44:52 - [MESSAGE][PASSED] - Object: '' is clicked on

2021-01-21 17:44:52 - [MESSAGE][PASSED] - Switched to window with index: '0'

2021-01-21 17:44:52 - [MESSAGE][PASSED] - Click button "OK"

2021-01-21 17:44:52 - [TEST_STEP][PASSED] - Click button "Logout": Click button "Logout"

2021-01-21 17:44:52 - [MESSAGE][INFO] - >>>>>//Button[contains(text(),'Logout')]

2021-01-21 17:44:55 - [MESSAGE][PASSED] - Object '' is present

2021-01-21 17:44:55 - [MESSAGE][PASSED] - Object: '' is clicked on

2021-01-21 17:44:55 - [MESSAGE][PASSED] - Switched to window with index: '0'

2021-01-21 17:44:55 - [MESSAGE][PASSED] - Click button "Logout"

2021-01-21 17:44:55 - [TEST_STEP][PASSED] - Close browser: Close browser

2021-01-21 17:44:55 - [MESSAGE][PASSED] - Browser is closed

2021-01-21 17:44:55 - [MESSAGE][PASSED] - Close browser

2021-01-21 17:44:55 - [MESSAGE][PASSED] - Feature file: 'Include/features/IST_Real/RTD/Dashboard_for_BO_In_Payment/Generate_Outpayment.feature' was passed]]></system-out>
         <system-err><![CDATA[]]></system-err>
      </testcase>
      <testcase name="Test Cases/RTD/Dashboard for BO in Payment/TC_Search_by_Contract_Number" time="9.807" classname="Test Cases/RTD/Dashboard for BO in Payment/TC_Search_by_Contract_Number" status="PASSED">
         <system-out><![CDATA[2021-01-21 17:44:55 - [TEST_CASE][PASSED] - Test Cases/RTD/Dashboard for BO in Payment/TC_Search_by_Contract_Number: Test Cases/RTD/Dashboard for BO in Payment/TC_Search_by_Contract_Number

2021-01-21 17:44:55 - [TEST_STEP][PASSED] - runFeatureFile("Include/features/IST_Real/RTD/Dashboard_for_BO_In_Payment/Search_by_Contract_Number.feature"): Feature file: 'Include/features/IST_Real/RTD/Dashboard_for_BO_In_Payment/Search_by_Contract_Number.feature' was passed

2021-01-21 17:44:55 - [MESSAGE][INFO] - Starting run keyword runFeatureFile: 'Include/features/IST_Real/RTD/Dashboard_for_BO_In_Payment/Search_by_Contract_Number.feature' and extract report to folder: '/Users/chaidir.pratama01/Katalon Studio/IST_Automation_Git/Reports/20210121_172548/RTD/TS_Dashboard_for_BO_In_Payment/20210121_172552/cucumber_report/1611225895571'...

2021-01-21 17:44:55 - [TEST_CASE][PASSED] - Start Test Case : SCENARIO Search by Contract Number and it found on Dashboard: SCENARIO Search by Contract Number and it found on Dashboard

2021-01-21 17:44:55 - [TEST_STEP][PASSED] - Go to ISTools: Go to ISTools

2021-01-21 17:44:55 - [MESSAGE][INFO] - Starting 'Chrome (headless)' driver

2021-01-21 17:44:55 - [MESSAGE][INFO] - User set preference: ['args', '[--start-maximized, --disable-gpu, --no-proxy-server, â€“-no-sandbox, --allow-running-insecure-content, --ignore-certificate-errors, window-size=1680,814, force-device-scale-factor=2, --lang=en-GB]']

2021-01-21 17:44:55 - [MESSAGE][INFO] - User set preference: ['prefs', '{download.default_directory=/Users/chaidir.pratama01/Katalon Studio/IST_Automation_Git/Download}']

2021-01-21 17:44:55 - [MESSAGE][INFO] - Action delay is set to 0 milliseconds

2021-01-21 17:44:56 - [MESSAGE][PASSED] - Browser is opened with url: ''

2021-01-21 17:44:56 - [MESSAGE][PASSED] - Navigate to 'https://dev-istools.homecredit.id/foundation/' successfully

2021-01-21 17:44:56 - [MESSAGE][PASSED] - Go to ISTools

2021-01-21 17:44:56 - [TEST_STEP][PASSED] - Login IST with valid credentials: Login IST with valid credentials

2021-01-21 17:44:56 - [MESSAGE][PASSED] - Text 'mobile.test' is set on object 'Object Repository/Page_/input_Username_j_username'

2021-01-21 17:44:57 - [MESSAGE][PASSED] - Text ****** has been set on object 'Object Repository/Page_/input_Password_j_password'

2021-01-21 17:44:57 - [MESSAGE][PASSED] - Object: 'Object Repository/Page_/button_Login' is clicked on

2021-01-21 17:44:57 - [MESSAGE][PASSED] - Login IST with valid credentials

2021-01-21 17:44:57 - [TEST_STEP][PASSED] - Login Success: Login Success

2021-01-21 17:44:57 - [MESSAGE][INFO] - Login Success

2021-01-21 17:44:57 - [MESSAGE][PASSED] - Current window maximized

2021-01-21 17:44:57 - [MESSAGE][PASSED] - Object 'Object Repository/Page_/h1_Welcome to IT Supporting Tools' is present

2021-01-21 17:44:57 - [MESSAGE][PASSED] - Login Success

2021-01-21 17:44:57 - [TEST_STEP][PASSED] - Select Arrow Menu "Real Time Disbursement": Select Arrow Menu "Real Time Disbursement"

2021-01-21 17:44:57 - [MESSAGE][PASSED] - Object: '' is clicked on

2021-01-21 17:44:57 - [MESSAGE][PASSED] - Select Arrow Menu "Real Time Disbursement"

2021-01-21 17:44:57 - [TEST_STEP][PASSED] - Select Menu "Dashboard for BO In Payment": Select Menu "Dashboard for BO In Payment"

2021-01-21 17:44:58 - [MESSAGE][PASSED] - Taking screenshot successfully
[[ATTACHMENT|/Users/chaidir.pratama01/Documents/Docs/Katalon Studio/Screenshot/test-Dashboard for BO In Payment.png]]

2021-01-21 17:44:58 - [MESSAGE][PASSED] - Object '' is present

2021-01-21 17:44:58 - [MESSAGE][PASSED] - Object: '' is clicked on

2021-01-21 17:44:58 - [MESSAGE][PASSED] - Wait for page load successfully

2021-01-21 17:44:58 - [MESSAGE][PASSED] - Select Menu "Dashboard for BO In Payment"

2021-01-21 17:44:58 - [TEST_STEP][PASSED] - Input Contract RTD in Contract Number label: Input Contract RTD in Contract Number label

2021-01-21 17:44:58 - [MESSAGE][PASSED] - Text '4000014162' is set on object ''

2021-01-21 17:44:58 - [MESSAGE][PASSED] - Input Contract RTD in Contract Number label

2021-01-21 17:44:58 - [TEST_STEP][PASSED] - Click button "Search": Click button "Search"

2021-01-21 17:44:58 - [MESSAGE][INFO] - >>>>>//Button[contains(text(),'Search')]

2021-01-21 17:45:01 - [MESSAGE][PASSED] - Object '' is present

2021-01-21 17:45:01 - [MESSAGE][PASSED] - Object: '' is clicked on

2021-01-21 17:45:01 - [MESSAGE][PASSED] - Switched to window with index: '0'

2021-01-21 17:45:01 - [MESSAGE][PASSED] - Click button "Search"

2021-01-21 17:45:01 - [TEST_STEP][PASSED] - Verify Search Result Presents: Verify Search Result Presents

2021-01-21 17:45:01 - [MESSAGE][PASSED] - Object '' is present

2021-01-21 17:45:02 - [MESSAGE][PASSED] - Verify Search Result Presents

2021-01-21 17:45:02 - [TEST_STEP][PASSED] - Click button "Logout": Click button "Logout"

2021-01-21 17:45:02 - [MESSAGE][INFO] - >>>>>//Button[contains(text(),'Logout')]

2021-01-21 17:45:05 - [MESSAGE][PASSED] - Object '' is present

2021-01-21 17:45:05 - [MESSAGE][PASSED] - Object: '' is clicked on

2021-01-21 17:45:05 - [MESSAGE][PASSED] - Switched to window with index: '0'

2021-01-21 17:45:05 - [MESSAGE][PASSED] - Click button "Logout"

2021-01-21 17:45:05 - [TEST_STEP][PASSED] - Close browser: Close browser

2021-01-21 17:45:05 - [MESSAGE][PASSED] - Browser is closed

2021-01-21 17:45:05 - [MESSAGE][PASSED] - Close browser

2021-01-21 17:45:05 - [MESSAGE][PASSED] - Feature file: 'Include/features/IST_Real/RTD/Dashboard_for_BO_In_Payment/Search_by_Contract_Number.feature' was passed]]></system-out>
         <system-err><![CDATA[]]></system-err>
      </testcase>
      <system-out><![CDATA[2021-01-21 17:41:06 - [TEST_SUITE][PASSED] - TS_Dashboard_for_BO_In_Payment: Test Cases/RTD/Dashboard for BO in Payment/TC_Search_by_Contract_Number]]></system-out>
      <system-err><![CDATA[]]></system-err>
   </testsuite>
   <testsuite name="TS_Dashboard_for_Risk" tests="4" failures="1" errors="0" time="213.298" timestamp="2021-01-21 17:45:59" hostname="chaidir.pratama01 - localhost" id="Test Suites/RTD/TS_Dashboard_for_Risk">
      <properties>
         <property name="deviceName" value=""/>
         <property name="devicePlatform" value=""/>
         <property name="logFolder" value="/Users/chaidir.pratama01/Katalon Studio/IST_Automation_Git/Reports/20210121_172548/RTD/TS_Dashboard_for_Risk/20210121_172553"/>
         <property name="logFiles" value="/Users/chaidir.pratama01/Katalon Studio/IST_Automation_Git/Reports/20210121_172548/RTD/TS_Dashboard_for_Risk/20210121_172553/execution0.log"/>
         <property name="attachments" value="/Users/chaidir.pratama01/Documents/Docs/Katalon Studio/Screenshot/test-Dashboard for Risk.png, /Users/chaidir.pratama01/Documents/Docs/Katalon Studio/Screenshot/test-Dashboard for Risk.png, /Users/chaidir.pratama01/Documents/Docs/Katalon Studio/Screenshot/Download_data.png, /Users/chaidir.pratama01/Documents/Docs/Katalon Studio/Screenshot/test-Dashboard for Risk.png, /Users/chaidir.pratama01/Documents/Docs/Katalon Studio/Screenshot/test-Dashboard for Risk.png, /Users/chaidir.pratama01/Documents/Docs/Katalon Studio/Screenshot/test-Dashboard for Risk.png, /Users/chaidir.pratama01/Documents/Docs/Katalon Studio/Screenshot/test-Dashboard for Risk.png, /Users/chaidir.pratama01/Documents/Docs/Katalon Studio/Screenshot/test-Dashboard for Risk.png, /Users/chaidir.pratama01/Documents/Docs/Katalon Studio/Screenshot/test-Dashboard for Risk.png, /Users/chaidir.pratama01/Documents/Docs/Katalon Studio/Screenshot/test-Dashboard for Risk.png, /Users/chaidir.pratama01/Katalon Studio/IST_Automation_Git/Reports/20210121_172548/RTD/TS_Dashboard_for_Risk/20210121_172553/1611226097807.png, /Users/chaidir.pratama01/Documents/Docs/Katalon Studio/Screenshot/test-Dashboard for Risk.png, /Users/chaidir.pratama01/Katalon Studio/IST_Automation_Git/Reports/20210121_172548/RTD/TS_Dashboard_for_Risk/20210121_172553/1611226111747.png, /Users/chaidir.pratama01/Documents/Docs/Katalon Studio/Screenshot/test-Dashboard for Risk.png, /Users/chaidir.pratama01/Documents/Docs/Katalon Studio/Screenshot/test-Dashboard for Risk.png, /Users/chaidir.pratama01/Documents/Docs/Katalon Studio/Screenshot/test-Dashboard for Risk.png, /Users/chaidir.pratama01/Documents/Docs/Katalon Studio/Screenshot/test-Dashboard for Risk.png"/>
         <property name="hostName" value="chaidir.pratama01 - localhost"/>
         <property name="os" value="Mac OS X 64bit"/>
         <property name="katalonVersion" value="7.6.0.${buildNumber}"/>
         <property name="browser" value="Chrome 87.0.4280.141"/>
         <property name="hostAddress" value="127.0.0.1"/>
         <property name="sessionId" value="58405104d9de1bd6402c55c980dbd007"/>
         <property name="seleniumVersion" value="3.141.59"/>
         <property name="proxyInformation" value="ProxyInformation { proxyOption=NO_PROXY, proxyServerType=HTTP, username=, password=********, proxyServerAddress=, proxyServerPort=0, executionList=\&quot;\&quot;, isApplyToDesiredCapabilities=true }"/>
         <property name="platform" value="Mac OS X"/>
      </properties>
      <testcase name="Test Cases/RTD/Dashboard for Risk/TC_View_Detail_Dashboard_for_Risk" time="39.94" classname="Test Cases/RTD/Dashboard for Risk/TC_View_Detail_Dashboard_for_Risk" status="FAILED">
         <failure type="FAILED" message="Test Cases/RTD/Dashboard for Risk/TC_View_Detail_Dashboard_for_Risk FAILED.
Reason:
com.kms.katalon.core.exception.StepFailedException: Feature file 'Include/features/IST_Real/RTD/Dashboard_for_Risk/View_Detail_Dashboard_for_Risk.feature' was failed
	at com.kms.katalon.core.keyword.internal.KeywordMain.stepFailed(KeywordMain.groovy:50)
	at com.kms.katalon.core.keyword.internal.KeywordMain.stepFailed(KeywordMain.groovy)
	at com.kms.katalon.core.keyword.internal.KeywordMain.stepFailed(KeywordMain.groovy:23)
	at com.kms.katalon.core.keyword.internal.KeywordMain$stepFailed$0.call(Unknown Source)
	at com.kms.katalon.core.cucumber.keyword.CucumberBuiltinKeywords$_runFeatureFile_closure1.doCall(CucumberBuiltinKeywords.groovy:82)
	at com.kms.katalon.core.cucumber.keyword.CucumberBuiltinKeywords$_runFeatureFile_closure1.doCall(CucumberBuiltinKeywords.groovy)
	at com.kms.katalon.core.keyword.internal.KeywordMain.runKeyword(KeywordMain.groovy:68)
	at com.kms.katalon.core.keyword.internal.KeywordMain$runKeyword.call(Unknown Source)
	at com.kms.katalon.core.cucumber.keyword.CucumberBuiltinKeywords.runFeatureFile(CucumberBuiltinKeywords.groovy:46)
	at com.kms.katalon.core.cucumber.keyword.CucumberBuiltinKeywords$runFeatureFile$0.callStatic(Unknown Source)
	at com.kms.katalon.core.cucumber.keyword.CucumberBuiltinKeywords.runFeatureFile(CucumberBuiltinKeywords.groovy:169)
	at com.kms.katalon.core.cucumber.keyword.CucumberBuiltinKeywords$runFeatureFile.call(Unknown Source)
	at TC_View_Detail_Dashboard_for_Risk.run(TC_View_Detail_Dashboard_for_Risk:18)
	at com.kms.katalon.core.main.ScriptEngine.run(ScriptEngine.java:194)
	at com.kms.katalon.core.main.ScriptEngine.runScriptAsRawText(ScriptEngine.java:119)
	at com.kms.katalon.core.main.TestCaseExecutor.runScript(TestCaseExecutor.java:339)
	at com.kms.katalon.core.main.TestCaseExecutor.doExecute(TestCaseExecutor.java:330)
	at com.kms.katalon.core.main.TestCaseExecutor.processExecutionPhase(TestCaseExecutor.java:309)
	at com.kms.katalon.core.main.TestCaseExecutor.accessMainPhase(TestCaseExecutor.java:301)
	at com.kms.katalon.core.main.TestCaseExecutor.execute(TestCaseExecutor.java:235)
	at com.kms.katalon.core.main.TestSuiteExecutor.accessTestCaseMainPhase(TestSuiteExecutor.java:191)
	at com.kms.katalon.core.main.TestSuiteExecutor.accessTestSuiteMainPhase(TestSuiteExecutor.java:141)
	at com.kms.katalon.core.main.TestSuiteExecutor.execute(TestSuiteExecutor.java:90)
	at com.kms.katalon.core.main.TestCaseMain.startTestSuite(TestCaseMain.java:157)
	at com.kms.katalon.core.main.TestCaseMain$startTestSuite$0.call(Unknown Source)
	at TempTestSuite1611224753682.run(TempTestSuite1611224753682.groovy:39)
"/>
         <system-out><![CDATA[2021-01-21 17:45:59 - [TEST_CASE][FAILED] - Test Cases/RTD/Dashboard for Risk/TC_View_Detail_Dashboard_for_Risk: Test Cases/RTD/Dashboard for Risk/TC_View_Detail_Dashboard_for_Risk FAILED.
Reason:
com.kms.katalon.core.exception.StepFailedException: Feature file 'Include/features/IST_Real/RTD/Dashboard_for_Risk/View_Detail_Dashboard_for_Risk.feature' was failed
	at com.kms.katalon.core.keyword.internal.KeywordMain.stepFailed(KeywordMain.groovy:50)
	at com.kms.katalon.core.keyword.internal.KeywordMain.stepFailed(KeywordMain.groovy)
	at com.kms.katalon.core.keyword.internal.KeywordMain.stepFailed(KeywordMain.groovy:23)
	at com.kms.katalon.core.keyword.internal.KeywordMain$stepFailed$0.call(Unknown Source)
	at com.kms.katalon.core.cucumber.keyword.CucumberBuiltinKeywords$_runFeatureFile_closure1.doCall(CucumberBuiltinKeywords.groovy:82)
	at com.kms.katalon.core.cucumber.keyword.CucumberBuiltinKeywords$_runFeatureFile_closure1.doCall(CucumberBuiltinKeywords.groovy)
	at com.kms.katalon.core.keyword.internal.KeywordMain.runKeyword(KeywordMain.groovy:68)
	at com.kms.katalon.core.keyword.internal.KeywordMain$runKeyword.call(Unknown Source)
	at com.kms.katalon.core.cucumber.keyword.CucumberBuiltinKeywords.runFeatureFile(CucumberBuiltinKeywords.groovy:46)
	at com.kms.katalon.core.cucumber.keyword.CucumberBuiltinKeywords$runFeatureFile$0.callStatic(Unknown Source)
	at com.kms.katalon.core.cucumber.keyword.CucumberBuiltinKeywords.runFeatureFile(CucumberBuiltinKeywords.groovy:169)
	at com.kms.katalon.core.cucumber.keyword.CucumberBuiltinKeywords$runFeatureFile.call(Unknown Source)
	at TC_View_Detail_Dashboard_for_Risk.run(TC_View_Detail_Dashboard_for_Risk:18)
	at com.kms.katalon.core.main.ScriptEngine.run(ScriptEngine.java:194)
	at com.kms.katalon.core.main.ScriptEngine.runScriptAsRawText(ScriptEngine.java:119)
	at com.kms.katalon.core.main.TestCaseExecutor.runScript(TestCaseExecutor.java:339)
	at com.kms.katalon.core.main.TestCaseExecutor.doExecute(TestCaseExecutor.java:330)
	at com.kms.katalon.core.main.TestCaseExecutor.processExecutionPhase(TestCaseExecutor.java:309)
	at com.kms.katalon.core.main.TestCaseExecutor.accessMainPhase(TestCaseExecutor.java:301)
	at com.kms.katalon.core.main.TestCaseExecutor.execute(TestCaseExecutor.java:235)
	at com.kms.katalon.core.main.TestSuiteExecutor.accessTestCaseMainPhase(TestSuiteExecutor.java:191)
	at com.kms.katalon.core.main.TestSuiteExecutor.accessTestSuiteMainPhase(TestSuiteExecutor.java:141)
	at com.kms.katalon.core.main.TestSuiteExecutor.execute(TestSuiteExecutor.java:90)
	at com.kms.katalon.core.main.TestCaseMain.startTestSuite(TestCaseMain.java:157)
	at com.kms.katalon.core.main.TestCaseMain$startTestSuite$0.call(Unknown Source)
	at TempTestSuite1611224753682.run(TempTestSuite1611224753682.groovy:39)


2021-01-21 17:45:59 - [TEST_STEP][FAILED] - runFeatureFile("Include/features/IST_Real/RTD/Dashboard_for_Risk/View_Detail_Dashboard_for_Risk.feature"): Keyword runFeatureFile was failed (Root cause: com.kms.katalon.core.exception.StepFailedException: Feature file 'Include/features/IST_Real/RTD/Dashboard_for_Risk/View_Detail_Dashboard_for_Risk.feature' was failed
	at com.kms.katalon.core.keyword.internal.KeywordMain.stepFailed(KeywordMain.groovy:50)
	at com.kms.katalon.core.keyword.internal.KeywordMain.stepFailed(KeywordMain.groovy)
	at com.kms.katalon.core.keyword.internal.KeywordMain.stepFailed(KeywordMain.groovy:23)
	at com.kms.katalon.core.keyword.internal.KeywordMain$stepFailed$0.call(Unknown Source)
	at com.kms.katalon.core.cucumber.keyword.CucumberBuiltinKeywords$_runFeatureFile_closure1.doCall(CucumberBuiltinKeywords.groovy:82)
	at com.kms.katalon.core.cucumber.keyword.CucumberBuiltinKeywords$_runFeatureFile_closure1.doCall(CucumberBuiltinKeywords.groovy)
	at com.kms.katalon.core.keyword.internal.KeywordMain.runKeyword(KeywordMain.groovy:68)
	at com.kms.katalon.core.keyword.internal.KeywordMain$runKeyword.call(Unknown Source)
	at com.kms.katalon.core.cucumber.keyword.CucumberBuiltinKeywords.runFeatureFile(CucumberBuiltinKeywords.groovy:46)
	at com.kms.katalon.core.cucumber.keyword.CucumberBuiltinKeywords$runFeatureFile$0.callStatic(Unknown Source)
	at com.kms.katalon.core.cucumber.keyword.CucumberBuiltinKeywords.runFeatureFile(CucumberBuiltinKeywords.groovy:169)
	at com.kms.katalon.core.cucumber.keyword.CucumberBuiltinKeywords$runFeatureFile.call(Unknown Source)
	at TC_View_Detail_Dashboard_for_Risk.run(TC_View_Detail_Dashboard_for_Risk:18)
	at com.kms.katalon.core.main.ScriptEngine.run(ScriptEngine.java:194)
	at com.kms.katalon.core.main.ScriptEngine.runScriptAsRawText(ScriptEngine.java:119)
	at com.kms.katalon.core.main.TestCaseExecutor.runScript(TestCaseExecutor.java:339)
	at com.kms.katalon.core.main.TestCaseExecutor.doExecute(TestCaseExecutor.java:330)
	at com.kms.katalon.core.main.TestCaseExecutor.processExecutionPhase(TestCaseExecutor.java:309)
	at com.kms.katalon.core.main.TestCaseExecutor.accessMainPhase(TestCaseExecutor.java:301)
	at com.kms.katalon.core.main.TestCaseExecutor.execute(TestCaseExecutor.java:235)
	at com.kms.katalon.core.main.TestSuiteExecutor.accessTestCaseMainPhase(TestSuiteExecutor.java:191)
	at com.kms.katalon.core.main.TestSuiteExecutor.accessTestSuiteMainPhase(TestSuiteExecutor.java:141)
	at com.kms.katalon.core.main.TestSuiteExecutor.execute(TestSuiteExecutor.java:90)
	at com.kms.katalon.core.main.TestCaseMain.startTestSuite(TestCaseMain.java:157)
	at com.kms.katalon.core.main.TestCaseMain$startTestSuite$0.call(Unknown Source)
	at TempTestSuite1611224753682.run(TempTestSuite1611224753682.groovy:39)
)

2021-01-21 17:45:59 - [MESSAGE][INFO] - Starting run keyword runFeatureFile: 'Include/features/IST_Real/RTD/Dashboard_for_Risk/View_Detail_Dashboard_for_Risk.feature' and extract report to folder: '/Users/chaidir.pratama01/Katalon Studio/IST_Automation_Git/Reports/20210121_172548/RTD/TS_Dashboard_for_Risk/20210121_172553/cucumber_report/1611225959597'...

2021-01-21 17:46:00 - [TEST_CASE][FAILED] - Start Test Case : SCENARIO Search by STATUS Success to Disburse and then View Detail of it: SCENARIO Search by STATUS Success to Disburse and then View Detail of it FAILED.
Reason:
java.lang.AssertionError: COUNT OF TABLE HEADER AND CONTENT ROW MUST BE EQUAL;. Expression: (content_row_count == array_header_table.size()). Values: content_row_count = 11
	at RTD.view_details_information(RTD.groovy:320)
	at âœ½.Verify Information in View Detail(/Users/chaidir.pratama01/Katalon Studio/IST_Automation_Git/Include/features/IST_Real/RTD/Dashboard_for_Risk/View_Detail_Dashboard_for_Risk.feature:36)


2021-01-21 17:46:00 - [TEST_STEP][PASSED] - Go to ISTools: Go to ISTools

2021-01-21 17:46:00 - [MESSAGE][INFO] - Starting 'Chrome (headless)' driver

2021-01-21 17:46:00 - [MESSAGE][INFO] - User set preference: ['args', '[--start-maximized, --disable-gpu, --no-proxy-server, â€“-no-sandbox, --allow-running-insecure-content, --ignore-certificate-errors, window-size=1680,814, force-device-scale-factor=2, --lang=en-GB]']

2021-01-21 17:46:00 - [MESSAGE][INFO] - User set preference: ['prefs', '{download.default_directory=/Users/chaidir.pratama01/Katalon Studio/IST_Automation_Git/Download}']

2021-01-21 17:46:00 - [MESSAGE][INFO] - Action delay is set to 0 milliseconds

2021-01-21 17:46:00 - [MESSAGE][PASSED] - Browser is opened with url: ''

2021-01-21 17:46:02 - [MESSAGE][PASSED] - Navigate to 'https://dev-istools.homecredit.id/foundation/' successfully

2021-01-21 17:46:02 - [MESSAGE][PASSED] - Go to ISTools

2021-01-21 17:46:02 - [TEST_STEP][PASSED] - Login IST with valid credentials: Login IST with valid credentials

2021-01-21 17:46:02 - [MESSAGE][PASSED] - Text 'mobile.test' is set on object 'Object Repository/Page_/input_Username_j_username'

2021-01-21 17:46:03 - [MESSAGE][PASSED] - Text ****** has been set on object 'Object Repository/Page_/input_Password_j_password'

2021-01-21 17:46:03 - [MESSAGE][PASSED] - Object: 'Object Repository/Page_/button_Login' is clicked on

2021-01-21 17:46:03 - [MESSAGE][PASSED] - Login IST with valid credentials

2021-01-21 17:46:03 - [TEST_STEP][PASSED] - Login Success: Login Success

2021-01-21 17:46:03 - [MESSAGE][INFO] - Login Success

2021-01-21 17:46:03 - [MESSAGE][PASSED] - Current window maximized

2021-01-21 17:46:03 - [MESSAGE][PASSED] - Object 'Object Repository/Page_/h1_Welcome to IT Supporting Tools' is present

2021-01-21 17:46:03 - [MESSAGE][PASSED] - Login Success

2021-01-21 17:46:03 - [TEST_STEP][PASSED] - Select Arrow Menu "Real Time Disbursement": Select Arrow Menu "Real Time Disbursement"

2021-01-21 17:46:03 - [MESSAGE][PASSED] - Object: '' is clicked on

2021-01-21 17:46:03 - [MESSAGE][PASSED] - Select Arrow Menu "Real Time Disbursement"

2021-01-21 17:46:03 - [TEST_STEP][PASSED] - Select Menu "Dashboard for Risk": Select Menu "Dashboard for Risk"

2021-01-21 17:46:04 - [MESSAGE][PASSED] - Taking screenshot successfully
[[ATTACHMENT|/Users/chaidir.pratama01/Documents/Docs/Katalon Studio/Screenshot/test-Dashboard for Risk.png]]

2021-01-21 17:46:04 - [MESSAGE][PASSED] - Object '' is present

2021-01-21 17:46:04 - [MESSAGE][PASSED] - Object: '' is clicked on

2021-01-21 17:46:04 - [MESSAGE][PASSED] - Wait for page load successfully

2021-01-21 17:46:04 - [MESSAGE][PASSED] - Select Menu "Dashboard for Risk"

2021-01-21 17:46:04 - [TEST_STEP][PASSED] - Select STATUS "Success to Disburse": Select STATUS "Success to Disburse"

2021-01-21 17:46:04 - [MESSAGE][PASSED] - All options with value 'Success to Disburse' are selected in object ''  using regular expression

2021-01-21 17:46:04 - [MESSAGE][PASSED] - Select STATUS "Success to Disburse"

2021-01-21 17:46:04 - [TEST_STEP][PASSED] - Click button "Search": Click button "Search"

2021-01-21 17:46:04 - [MESSAGE][INFO] - >>>>>//Button[contains(text(),'Search')]

2021-01-21 17:46:07 - [MESSAGE][PASSED] - Object '' is present

2021-01-21 17:46:07 - [MESSAGE][PASSED] - Object: '' is clicked on

2021-01-21 17:46:07 - [MESSAGE][PASSED] - Switched to window with index: '0'

2021-01-21 17:46:07 - [MESSAGE][PASSED] - Click button "Search"

2021-01-21 17:46:07 - [TEST_STEP][PASSED] - Verify Search Result Presents: Verify Search Result Presents

2021-01-21 17:46:07 - [MESSAGE][PASSED] - Object '' is present

2021-01-21 17:46:08 - [MESSAGE][PASSED] - Verify Search Result Presents

2021-01-21 17:46:08 - [TEST_STEP][PASSED] - Click View Detail: Click View Detail

2021-01-21 17:46:08 - [MESSAGE][PASSED] - Object '' is present

2021-01-21 17:46:08 - [MESSAGE][PASSED] - Object: '' is clicked on

2021-01-21 17:46:08 - [MESSAGE][PASSED] - Click View Detail

2021-01-21 17:46:08 - [TEST_STEP][FAILED] - Verify Information in View Detail: Verify Information in View Detail FAILED.
Reason:
java.lang.AssertionError: COUNT OF TABLE HEADER AND CONTENT ROW MUST BE EQUAL;. Expression: (content_row_count == array_header_table.size()). Values: content_row_count = 11
	at RTD.view_details_information(RTD.groovy:320)
	at âœ½.Verify Information in View Detail(/Users/chaidir.pratama01/Katalon Studio/IST_Automation_Git/Include/features/IST_Real/RTD/Dashboard_for_Risk/View_Detail_Dashboard_for_Risk.feature:36)


2021-01-21 17:46:11 - [MESSAGE][PASSED] - Delayed 3 second(s)

2021-01-21 17:46:11 - [MESSAGE][PASSED] - Attribute 'value' of object '' is: '3900014152'

2021-01-21 17:46:14 - [MESSAGE][PASSED] - Delayed 3 second(s)

2021-01-21 17:46:14 - [MESSAGE][PASSED] - Attribute 'value' of object '' is: 'IDITXLeks TESTERbIvIvO'

2021-01-21 17:46:17 - [MESSAGE][PASSED] - Delayed 3 second(s)

2021-01-21 17:46:17 - [MESSAGE][PASSED] - Attribute 'value' of object '' is: 'Success to Disburse'

2021-01-21 17:46:20 - [MESSAGE][PASSED] - Delayed 3 second(s)

2021-01-21 17:46:20 - [MESSAGE][PASSED] - Attribute 'value' of object '' is: 'Rp 7,000,000'

2021-01-21 17:46:23 - [MESSAGE][PASSED] - Delayed 3 second(s)

2021-01-21 17:46:23 - [MESSAGE][PASSED] - Attribute 'value' of object '' is: 'KESEJAHTERAAN EKONOMI'

2021-01-21 17:46:26 - [MESSAGE][PASSED] - Delayed 3 second(s)

2021-01-21 17:46:26 - [MESSAGE][PASSED] - Attribute 'value' of object '' is: '1'

2021-01-21 17:46:29 - [MESSAGE][PASSED] - Delayed 3 second(s)

2021-01-21 17:46:29 - [MESSAGE][PASSED] - Attribute 'value' of object '' is: 'NAMA ADA DISINI'

2021-01-21 17:46:32 - [MESSAGE][PASSED] - Delayed 3 second(s)

2021-01-21 17:46:33 - [MESSAGE][PASSED] - Attribute 'value' of object '' is: 'KESEJAHTERAAN EKONOMI'

2021-01-21 17:46:36 - [MESSAGE][PASSED] - Delayed 3 second(s)

2021-01-21 17:46:36 - [MESSAGE][PASSED] - Attribute 'value' of object '' is: ''

2021-01-21 17:46:39 - [MESSAGE][PASSED] - Delayed 3 second(s)

2021-01-21 17:46:39 - [MESSAGE][PASSED] - Attribute 'value' of object '' is: ''

2021-01-21 17:46:39 - [MESSAGE][PASSED] - Text of object '' is: 'CUID'

2021-01-21 17:46:39 - [MESSAGE][PASSED] - Text of object '' is: 'Contract Number'

2021-01-21 17:46:39 - [MESSAGE][PASSED] - Text of object '' is: 'Contract Number Old'

2021-01-21 17:46:39 - [MESSAGE][PASSED] - Text of object '' is: 'Status'

2021-01-21 17:46:39 - [MESSAGE][PASSED] - Text of object '' is: 'Update Information'

2021-01-21 17:46:39 - [MESSAGE][FAILED] - Verify Information in View Detail FAILED.
Reason:
java.lang.AssertionError: COUNT OF TABLE HEADER AND CONTENT ROW MUST BE EQUAL;. Expression: (content_row_count == array_header_table.size()). Values: content_row_count = 11
	at RTD.view_details_information(RTD.groovy:320)
	at âœ½.Verify Information in View Detail(/Users/chaidir.pratama01/Katalon Studio/IST_Automation_Git/Include/features/IST_Real/RTD/Dashboard_for_Risk/View_Detail_Dashboard_for_Risk.feature:36)


2021-01-21 17:46:39 - [TEST_STEP][NOT_RUN] - Click button "Logout": Click button "Logout"

2021-01-21 17:46:39 - [MESSAGE][NOT_RUN] - Click button "Logout"

2021-01-21 17:46:39 - [TEST_STEP][NOT_RUN] - Close browser: Close browser

2021-01-21 17:46:39 - [MESSAGE][NOT_RUN] - Close browser

2021-01-21 17:46:39 - [MESSAGE][FAILED] - Feature file 'Include/features/IST_Real/RTD/Dashboard_for_Risk/View_Detail_Dashboard_for_Risk.feature' was failed

2021-01-21 17:46:39 - [MESSAGE][FAILED] - Keyword runFeatureFile was failed (Root cause: com.kms.katalon.core.exception.StepFailedException: Feature file 'Include/features/IST_Real/RTD/Dashboard_for_Risk/View_Detail_Dashboard_for_Risk.feature' was failed
	at com.kms.katalon.core.keyword.internal.KeywordMain.stepFailed(KeywordMain.groovy:50)
	at com.kms.katalon.core.keyword.internal.KeywordMain.stepFailed(KeywordMain.groovy)
	at com.kms.katalon.core.keyword.internal.KeywordMain.stepFailed(KeywordMain.groovy:23)
	at com.kms.katalon.core.keyword.internal.KeywordMain$stepFailed$0.call(Unknown Source)
	at com.kms.katalon.core.cucumber.keyword.CucumberBuiltinKeywords$_runFeatureFile_closure1.doCall(CucumberBuiltinKeywords.groovy:82)
	at com.kms.katalon.core.cucumber.keyword.CucumberBuiltinKeywords$_runFeatureFile_closure1.doCall(CucumberBuiltinKeywords.groovy)
	at com.kms.katalon.core.keyword.internal.KeywordMain.runKeyword(KeywordMain.groovy:68)
	at com.kms.katalon.core.keyword.internal.KeywordMain$runKeyword.call(Unknown Source)
	at com.kms.katalon.core.cucumber.keyword.CucumberBuiltinKeywords.runFeatureFile(CucumberBuiltinKeywords.groovy:46)
	at com.kms.katalon.core.cucumber.keyword.CucumberBuiltinKeywords$runFeatureFile$0.callStatic(Unknown Source)
	at com.kms.katalon.core.cucumber.keyword.CucumberBuiltinKeywords.runFeatureFile(CucumberBuiltinKeywords.groovy:169)
	at com.kms.katalon.core.cucumber.keyword.CucumberBuiltinKeywords$runFeatureFile.call(Unknown Source)
	at TC_View_Detail_Dashboard_for_Risk.run(TC_View_Detail_Dashboard_for_Risk:18)
	at com.kms.katalon.core.main.ScriptEngine.run(ScriptEngine.java:194)
	at com.kms.katalon.core.main.ScriptEngine.runScriptAsRawText(ScriptEngine.java:119)
	at com.kms.katalon.core.main.TestCaseExecutor.runScript(TestCaseExecutor.java:339)
	at com.kms.katalon.core.main.TestCaseExecutor.doExecute(TestCaseExecutor.java:330)
	at com.kms.katalon.core.main.TestCaseExecutor.processExecutionPhase(TestCaseExecutor.java:309)
	at com.kms.katalon.core.main.TestCaseExecutor.accessMainPhase(TestCaseExecutor.java:301)
	at com.kms.katalon.core.main.TestCaseExecutor.execute(TestCaseExecutor.java:235)
	at com.kms.katalon.core.main.TestSuiteExecutor.accessTestCaseMainPhase(TestSuiteExecutor.java:191)
	at com.kms.katalon.core.main.TestSuiteExecutor.accessTestSuiteMainPhase(TestSuiteExecutor.java:141)
	at com.kms.katalon.core.main.TestSuiteExecutor.execute(TestSuiteExecutor.java:90)
	at com.kms.katalon.core.main.TestCaseMain.startTestSuite(TestCaseMain.java:157)
	at com.kms.katalon.core.main.TestCaseMain$startTestSuite$0.call(Unknown Source)
	at TempTestSuite1611224753682.run(TempTestSuite1611224753682.groovy:39)
)]]></system-out>
         <system-err><![CDATA[2021-01-21 17:45:59 - [TEST_CASE][FAILED] - Test Cases/RTD/Dashboard for Risk/TC_View_Detail_Dashboard_for_Risk: Test Cases/RTD/Dashboard for Risk/TC_View_Detail_Dashboard_for_Risk FAILED.
Reason:
com.kms.katalon.core.exception.StepFailedException: Feature file 'Include/features/IST_Real/RTD/Dashboard_for_Risk/View_Detail_Dashboard_for_Risk.feature' was failed
	at com.kms.katalon.core.keyword.internal.KeywordMain.stepFailed(KeywordMain.groovy:50)
	at com.kms.katalon.core.keyword.internal.KeywordMain.stepFailed(KeywordMain.groovy)
	at com.kms.katalon.core.keyword.internal.KeywordMain.stepFailed(KeywordMain.groovy:23)
	at com.kms.katalon.core.keyword.internal.KeywordMain$stepFailed$0.call(Unknown Source)
	at com.kms.katalon.core.cucumber.keyword.CucumberBuiltinKeywords$_runFeatureFile_closure1.doCall(CucumberBuiltinKeywords.groovy:82)
	at com.kms.katalon.core.cucumber.keyword.CucumberBuiltinKeywords$_runFeatureFile_closure1.doCall(CucumberBuiltinKeywords.groovy)
	at com.kms.katalon.core.keyword.internal.KeywordMain.runKeyword(KeywordMain.groovy:68)
	at com.kms.katalon.core.keyword.internal.KeywordMain$runKeyword.call(Unknown Source)
	at com.kms.katalon.core.cucumber.keyword.CucumberBuiltinKeywords.runFeatureFile(CucumberBuiltinKeywords.groovy:46)
	at com.kms.katalon.core.cucumber.keyword.CucumberBuiltinKeywords$runFeatureFile$0.callStatic(Unknown Source)
	at com.kms.katalon.core.cucumber.keyword.CucumberBuiltinKeywords.runFeatureFile(CucumberBuiltinKeywords.groovy:169)
	at com.kms.katalon.core.cucumber.keyword.CucumberBuiltinKeywords$runFeatureFile.call(Unknown Source)
	at TC_View_Detail_Dashboard_for_Risk.run(TC_View_Detail_Dashboard_for_Risk:18)
	at com.kms.katalon.core.main.ScriptEngine.run(ScriptEngine.java:194)
	at com.kms.katalon.core.main.ScriptEngine.runScriptAsRawText(ScriptEngine.java:119)
	at com.kms.katalon.core.main.TestCaseExecutor.runScript(TestCaseExecutor.java:339)
	at com.kms.katalon.core.main.TestCaseExecutor.doExecute(TestCaseExecutor.java:330)
	at com.kms.katalon.core.main.TestCaseExecutor.processExecutionPhase(TestCaseExecutor.java:309)
	at com.kms.katalon.core.main.TestCaseExecutor.accessMainPhase(TestCaseExecutor.java:301)
	at com.kms.katalon.core.main.TestCaseExecutor.execute(TestCaseExecutor.java:235)
	at com.kms.katalon.core.main.TestSuiteExecutor.accessTestCaseMainPhase(TestSuiteExecutor.java:191)
	at com.kms.katalon.core.main.TestSuiteExecutor.accessTestSuiteMainPhase(TestSuiteExecutor.java:141)
	at com.kms.katalon.core.main.TestSuiteExecutor.execute(TestSuiteExecutor.java:90)
	at com.kms.katalon.core.main.TestCaseMain.startTestSuite(TestCaseMain.java:157)
	at com.kms.katalon.core.main.TestCaseMain$startTestSuite$0.call(Unknown Source)
	at TempTestSuite1611224753682.run(TempTestSuite1611224753682.groovy:39)]]></system-err>
      </testcase>
      <testcase name="Test Cases/RTD/Dashboard for Risk/TC_Export_Data_Dashboard_for_Risk" time="9.694" classname="Test Cases/RTD/Dashboard for Risk/TC_Export_Data_Dashboard_for_Risk" status="PASSED">
         <system-out><![CDATA[2021-01-21 17:46:39 - [TEST_CASE][PASSED] - Test Cases/RTD/Dashboard for Risk/TC_Export_Data_Dashboard_for_Risk: Test Cases/RTD/Dashboard for Risk/TC_Export_Data_Dashboard_for_Risk

2021-01-21 17:46:39 - [TEST_STEP][PASSED] - runFeatureFile("Include/features/IST_Real/RTD/Dashboard_for_Risk/Export_Data_Dashboard_for_Risk.feature"): Feature file: 'Include/features/IST_Real/RTD/Dashboard_for_Risk/Export_Data_Dashboard_for_Risk.feature' was passed

2021-01-21 17:46:39 - [MESSAGE][INFO] - Starting run keyword runFeatureFile: 'Include/features/IST_Real/RTD/Dashboard_for_Risk/Export_Data_Dashboard_for_Risk.feature' and extract report to folder: '/Users/chaidir.pratama01/Katalon Studio/IST_Automation_Git/Reports/20210121_172548/RTD/TS_Dashboard_for_Risk/20210121_172553/cucumber_report/1611225999466'...

2021-01-21 17:46:39 - [TEST_CASE][PASSED] - Start Test Case : SCENARIO Export Data: SCENARIO Export Data

2021-01-21 17:46:39 - [TEST_STEP][PASSED] - Go to ISTools: Go to ISTools

2021-01-21 17:46:39 - [MESSAGE][WARNING] - A browser is already opened. Closing browser and opening a new one

2021-01-21 17:46:39 - [MESSAGE][INFO] - Starting 'Chrome (headless)' driver

2021-01-21 17:46:39 - [MESSAGE][INFO] - User set preference: ['args', '[--start-maximized, --disable-gpu, --no-proxy-server, â€“-no-sandbox, --allow-running-insecure-content, --ignore-certificate-errors, window-size=1680,814, force-device-scale-factor=2, --lang=en-GB]']

2021-01-21 17:46:39 - [MESSAGE][INFO] - User set preference: ['prefs', '{download.default_directory=/Users/chaidir.pratama01/Katalon Studio/IST_Automation_Git/Download}']

2021-01-21 17:46:39 - [MESSAGE][INFO] - Action delay is set to 0 milliseconds

2021-01-21 17:46:39 - [MESSAGE][PASSED] - Browser is opened with url: ''

2021-01-21 17:46:40 - [MESSAGE][PASSED] - Navigate to 'https://dev-istools.homecredit.id/foundation/' successfully

2021-01-21 17:46:40 - [MESSAGE][PASSED] - Go to ISTools

2021-01-21 17:46:40 - [TEST_STEP][PASSED] - Login IST with valid credentials: Login IST with valid credentials

2021-01-21 17:46:40 - [MESSAGE][PASSED] - Text 'mobile.test' is set on object 'Object Repository/Page_/input_Username_j_username'

2021-01-21 17:46:41 - [MESSAGE][PASSED] - Text ****** has been set on object 'Object Repository/Page_/input_Password_j_password'

2021-01-21 17:46:41 - [MESSAGE][PASSED] - Object: 'Object Repository/Page_/button_Login' is clicked on

2021-01-21 17:46:41 - [MESSAGE][PASSED] - Login IST with valid credentials

2021-01-21 17:46:41 - [TEST_STEP][PASSED] - Login Success: Login Success

2021-01-21 17:46:41 - [MESSAGE][INFO] - Login Success

2021-01-21 17:46:41 - [MESSAGE][PASSED] - Current window maximized

2021-01-21 17:46:41 - [MESSAGE][PASSED] - Object 'Object Repository/Page_/h1_Welcome to IT Supporting Tools' is present

2021-01-21 17:46:41 - [MESSAGE][PASSED] - Login Success

2021-01-21 17:46:41 - [TEST_STEP][PASSED] - Select Arrow Menu "Real Time Disbursement": Select Arrow Menu "Real Time Disbursement"

2021-01-21 17:46:41 - [MESSAGE][PASSED] - Object: '' is clicked on

2021-01-21 17:46:41 - [MESSAGE][PASSED] - Select Arrow Menu "Real Time Disbursement"

2021-01-21 17:46:41 - [TEST_STEP][PASSED] - Select Menu "Dashboard for Risk": Select Menu "Dashboard for Risk"

2021-01-21 17:46:42 - [MESSAGE][PASSED] - Taking screenshot successfully
[[ATTACHMENT|/Users/chaidir.pratama01/Documents/Docs/Katalon Studio/Screenshot/test-Dashboard for Risk.png]]

2021-01-21 17:46:42 - [MESSAGE][PASSED] - Object '' is present

2021-01-21 17:46:42 - [MESSAGE][PASSED] - Object: '' is clicked on

2021-01-21 17:46:42 - [MESSAGE][PASSED] - Wait for page load successfully

2021-01-21 17:46:42 - [MESSAGE][PASSED] - Select Menu "Dashboard for Risk"

2021-01-21 17:46:42 - [TEST_STEP][PASSED] - Input Contract RTD in Contract Number label: Input Contract RTD in Contract Number label

2021-01-21 17:46:42 - [MESSAGE][PASSED] - Text '4000014162' is set on object ''

2021-01-21 17:46:42 - [MESSAGE][PASSED] - Input Contract RTD in Contract Number label

2021-01-21 17:46:42 - [TEST_STEP][PASSED] - Click button "Search": Click button "Search"

2021-01-21 17:46:42 - [MESSAGE][INFO] - >>>>>//Button[contains(text(),'Search')]

2021-01-21 17:46:45 - [MESSAGE][PASSED] - Object '' is present

2021-01-21 17:46:45 - [MESSAGE][PASSED] - Object: '' is clicked on

2021-01-21 17:46:45 - [MESSAGE][PASSED] - Switched to window with index: '0'

2021-01-21 17:46:45 - [MESSAGE][PASSED] - Click button "Search"

2021-01-21 17:46:45 - [TEST_STEP][PASSED] - Verify Table Filled: Verify Table Filled

2021-01-21 17:46:45 - [MESSAGE][PASSED] - Object '' is present

2021-01-21 17:46:45 - [MESSAGE][PASSED] - Verify Table Filled

2021-01-21 17:46:45 - [TEST_STEP][PASSED] - Click button "Export Data": Click button "Export Data"

2021-01-21 17:46:45 - [MESSAGE][INFO] - >>>>>//Button[contains(text(),'Export Data')]

2021-01-21 17:46:48 - [MESSAGE][PASSED] - Object: '' is clicked on

2021-01-21 17:46:49 - [MESSAGE][PASSED] - Taking screenshot successfully
[[ATTACHMENT|/Users/chaidir.pratama01/Documents/Docs/Katalon Studio/Screenshot/Download_data.png]]

2021-01-21 17:46:49 - [MESSAGE][PASSED] - Click button "Export Data"

2021-01-21 17:46:49 - [MESSAGE][PASSED] - Feature file: 'Include/features/IST_Real/RTD/Dashboard_for_Risk/Export_Data_Dashboard_for_Risk.feature' was passed]]></system-out>
         <system-err><![CDATA[]]></system-err>
      </testcase>
      <testcase name="Test Cases/RTD/Dashboard for Risk/TC_Search_by_STATUS_Dashboard_for_Risk" time="153.003" classname="Test Cases/RTD/Dashboard for Risk/TC_Search_by_STATUS_Dashboard_for_Risk" status="PASSED">
         <system-out><![CDATA[2021-01-21 17:46:49 - [TEST_CASE][PASSED] - Test Cases/RTD/Dashboard for Risk/TC_Search_by_STATUS_Dashboard_for_Risk: Test Cases/RTD/Dashboard for Risk/TC_Search_by_STATUS_Dashboard_for_Risk

2021-01-21 17:46:49 - [TEST_STEP][PASSED] - runFeatureFile("Include/features/IST_Real/RTD/Dashboard_for_Risk/Search_by_STATUS_Dashboard_for_Risk.feature"): Feature file: 'Include/features/IST_Real/RTD/Dashboard_for_Risk/Search_by_STATUS_Dashboard_for_Risk.feature' was passed

2021-01-21 17:46:49 - [MESSAGE][INFO] - Starting run keyword runFeatureFile: 'Include/features/IST_Real/RTD/Dashboard_for_Risk/Search_by_STATUS_Dashboard_for_Risk.feature' and extract report to folder: '/Users/chaidir.pratama01/Katalon Studio/IST_Automation_Git/Reports/20210121_172548/RTD/TS_Dashboard_for_Risk/20210121_172553/cucumber_report/1611226009146'...

2021-01-21 17:46:49 - [TEST_CASE][PASSED] - Start Test Case : SCENARIO Search by STATUS Eligible to Disburse: SCENARIO Search by STATUS Eligible to Disburse

2021-01-21 17:46:49 - [TEST_STEP][PASSED] - Go to ISTools: Go to ISTools

2021-01-21 17:46:49 - [MESSAGE][WARNING] - A browser is already opened. Closing browser and opening a new one

2021-01-21 17:46:49 - [MESSAGE][INFO] - Starting 'Chrome (headless)' driver

2021-01-21 17:46:49 - [MESSAGE][INFO] - User set preference: ['args', '[--start-maximized, --disable-gpu, --no-proxy-server, â€“-no-sandbox, --allow-running-insecure-content, --ignore-certificate-errors, window-size=1680,814, force-device-scale-factor=2, --lang=en-GB]']

2021-01-21 17:46:49 - [MESSAGE][INFO] - User set preference: ['prefs', '{download.default_directory=/Users/chaidir.pratama01/Katalon Studio/IST_Automation_Git/Download}']

2021-01-21 17:46:49 - [MESSAGE][INFO] - Action delay is set to 0 milliseconds

2021-01-21 17:46:49 - [MESSAGE][PASSED] - Browser is opened with url: ''

2021-01-21 17:46:50 - [MESSAGE][PASSED] - Navigate to 'https://dev-istools.homecredit.id/foundation/' successfully

2021-01-21 17:46:50 - [MESSAGE][PASSED] - Go to ISTools

2021-01-21 17:46:50 - [TEST_STEP][PASSED] - Login IST with valid credentials: Login IST with valid credentials

2021-01-21 17:46:50 - [MESSAGE][PASSED] - Text 'mobile.test' is set on object 'Object Repository/Page_/input_Username_j_username'

2021-01-21 17:46:50 - [MESSAGE][PASSED] - Text ****** has been set on object 'Object Repository/Page_/input_Password_j_password'

2021-01-21 17:46:51 - [MESSAGE][PASSED] - Object: 'Object Repository/Page_/button_Login' is clicked on

2021-01-21 17:46:51 - [MESSAGE][PASSED] - Login IST with valid credentials

2021-01-21 17:46:51 - [TEST_STEP][PASSED] - Login Success: Login Success

2021-01-21 17:46:51 - [MESSAGE][INFO] - Login Success

2021-01-21 17:46:51 - [MESSAGE][PASSED] - Current window maximized

2021-01-21 17:46:51 - [MESSAGE][PASSED] - Object 'Object Repository/Page_/h1_Welcome to IT Supporting Tools' is present

2021-01-21 17:46:51 - [MESSAGE][PASSED] - Login Success

2021-01-21 17:46:51 - [TEST_STEP][PASSED] - Select Arrow Menu "Real Time Disbursement": Select Arrow Menu "Real Time Disbursement"

2021-01-21 17:46:51 - [MESSAGE][PASSED] - Object: '' is clicked on

2021-01-21 17:46:51 - [MESSAGE][PASSED] - Select Arrow Menu "Real Time Disbursement"

2021-01-21 17:46:51 - [TEST_STEP][PASSED] - Select Menu "Dashboard for Risk": Select Menu "Dashboard for Risk"

2021-01-21 17:46:51 - [MESSAGE][PASSED] - Taking screenshot successfully
[[ATTACHMENT|/Users/chaidir.pratama01/Documents/Docs/Katalon Studio/Screenshot/test-Dashboard for Risk.png]]

2021-01-21 17:46:51 - [MESSAGE][PASSED] - Object '' is present

2021-01-21 17:46:51 - [MESSAGE][PASSED] - Object: '' is clicked on

2021-01-21 17:46:51 - [MESSAGE][PASSED] - Wait for page load successfully

2021-01-21 17:46:51 - [MESSAGE][PASSED] - Select Menu "Dashboard for Risk"

2021-01-21 17:46:51 - [TEST_STEP][PASSED] - Select STATUS "Eligible to disburse": Select STATUS "Eligible to disburse"

2021-01-21 17:46:52 - [MESSAGE][PASSED] - All options with value 'Eligible to disburse' are selected in object ''  using regular expression

2021-01-21 17:46:52 - [MESSAGE][PASSED] - Select STATUS "Eligible to disburse"

2021-01-21 17:46:52 - [TEST_STEP][PASSED] - Click button "Search": Click button "Search"

2021-01-21 17:46:52 - [MESSAGE][INFO] - >>>>>//Button[contains(text(),'Search')]

2021-01-21 17:46:55 - [MESSAGE][PASSED] - Object '' is present

2021-01-21 17:46:55 - [MESSAGE][PASSED] - Object: '' is clicked on

2021-01-21 17:46:55 - [MESSAGE][PASSED] - Switched to window with index: '0'

2021-01-21 17:46:55 - [MESSAGE][PASSED] - Click button "Search"

2021-01-21 17:46:55 - [TEST_STEP][PASSED] - Verify Search Result Presents: Verify Search Result Presents

2021-01-21 17:46:55 - [MESSAGE][PASSED] - Object '' is present

2021-01-21 17:47:04 - [MESSAGE][PASSED] - Verify Search Result Presents

2021-01-21 17:47:04 - [TEST_STEP][PASSED] - Click button "Logout": Click button "Logout"

2021-01-21 17:47:04 - [MESSAGE][INFO] - >>>>>//Button[contains(text(),'Logout')]

2021-01-21 17:47:07 - [MESSAGE][PASSED] - Object '' is present

2021-01-21 17:47:07 - [MESSAGE][PASSED] - Object: '' is clicked on

2021-01-21 17:47:07 - [MESSAGE][PASSED] - Switched to window with index: '0'

2021-01-21 17:47:07 - [MESSAGE][PASSED] - Click button "Logout"

2021-01-21 17:47:07 - [TEST_STEP][PASSED] - Close browser: Close browser

2021-01-21 17:47:08 - [MESSAGE][PASSED] - Browser is closed

2021-01-21 17:47:08 - [MESSAGE][PASSED] - Close browser

2021-01-21 17:47:08 - [TEST_CASE][PASSED] - Start Test Case : SCENARIO Search by STATUS Waiting validation from Risk: SCENARIO Search by STATUS Waiting validation from Risk

2021-01-21 17:47:08 - [TEST_STEP][PASSED] - Go to ISTools: Go to ISTools

2021-01-21 17:47:08 - [MESSAGE][INFO] - Starting 'Chrome (headless)' driver

2021-01-21 17:47:08 - [MESSAGE][INFO] - User set preference: ['args', '[--start-maximized, --disable-gpu, --no-proxy-server, â€“-no-sandbox, --allow-running-insecure-content, --ignore-certificate-errors, window-size=1680,814, force-device-scale-factor=2, --lang=en-GB]']

2021-01-21 17:47:08 - [MESSAGE][INFO] - User set preference: ['prefs', '{download.default_directory=/Users/chaidir.pratama01/Katalon Studio/IST_Automation_Git/Download}']

2021-01-21 17:47:08 - [MESSAGE][INFO] - Action delay is set to 0 milliseconds

2021-01-21 17:47:08 - [MESSAGE][PASSED] - Browser is opened with url: ''

2021-01-21 17:47:09 - [MESSAGE][PASSED] - Navigate to 'https://dev-istools.homecredit.id/foundation/' successfully

2021-01-21 17:47:09 - [MESSAGE][PASSED] - Go to ISTools

2021-01-21 17:47:09 - [TEST_STEP][PASSED] - Login IST with valid credentials: Login IST with valid credentials

2021-01-21 17:47:09 - [MESSAGE][PASSED] - Text 'mobile.test' is set on object 'Object Repository/Page_/input_Username_j_username'

2021-01-21 17:47:09 - [MESSAGE][PASSED] - Text ****** has been set on object 'Object Repository/Page_/input_Password_j_password'

2021-01-21 17:47:09 - [MESSAGE][PASSED] - Object: 'Object Repository/Page_/button_Login' is clicked on

2021-01-21 17:47:09 - [MESSAGE][PASSED] - Login IST with valid credentials

2021-01-21 17:47:09 - [TEST_STEP][PASSED] - Login Success: Login Success

2021-01-21 17:47:09 - [MESSAGE][INFO] - Login Success

2021-01-21 17:47:09 - [MESSAGE][PASSED] - Current window maximized

2021-01-21 17:47:09 - [MESSAGE][PASSED] - Object 'Object Repository/Page_/h1_Welcome to IT Supporting Tools' is present

2021-01-21 17:47:09 - [MESSAGE][PASSED] - Login Success

2021-01-21 17:47:09 - [TEST_STEP][PASSED] - Select Arrow Menu "Real Time Disbursement": Select Arrow Menu "Real Time Disbursement"

2021-01-21 17:47:09 - [MESSAGE][PASSED] - Object: '' is clicked on

2021-01-21 17:47:09 - [MESSAGE][PASSED] - Select Arrow Menu "Real Time Disbursement"

2021-01-21 17:47:09 - [TEST_STEP][PASSED] - Select Menu "Dashboard for Risk": Select Menu "Dashboard for Risk"

2021-01-21 17:47:10 - [MESSAGE][PASSED] - Taking screenshot successfully
[[ATTACHMENT|/Users/chaidir.pratama01/Documents/Docs/Katalon Studio/Screenshot/test-Dashboard for Risk.png]]

2021-01-21 17:47:10 - [MESSAGE][PASSED] - Object '' is present

2021-01-21 17:47:10 - [MESSAGE][PASSED] - Object: '' is clicked on

2021-01-21 17:47:10 - [MESSAGE][PASSED] - Wait for page load successfully

2021-01-21 17:47:10 - [MESSAGE][PASSED] - Select Menu "Dashboard for Risk"

2021-01-21 17:47:10 - [TEST_STEP][PASSED] - Select STATUS "Waiting validation from Risk": Select STATUS "Waiting validation from Risk"

2021-01-21 17:47:10 - [MESSAGE][PASSED] - All options with value 'Waiting validation from Risk' are selected in object ''  using regular expression

2021-01-21 17:47:10 - [MESSAGE][PASSED] - Select STATUS "Waiting validation from Risk"

2021-01-21 17:47:10 - [TEST_STEP][PASSED] - Click button "Search": Click button "Search"

2021-01-21 17:47:10 - [MESSAGE][INFO] - >>>>>//Button[contains(text(),'Search')]

2021-01-21 17:47:13 - [MESSAGE][PASSED] - Object '' is present

2021-01-21 17:47:13 - [MESSAGE][PASSED] - Object: '' is clicked on

2021-01-21 17:47:13 - [MESSAGE][PASSED] - Switched to window with index: '0'

2021-01-21 17:47:13 - [MESSAGE][PASSED] - Click button "Search"

2021-01-21 17:47:13 - [TEST_STEP][PASSED] - Verify Search Result Presents: Verify Search Result Presents

2021-01-21 17:47:13 - [MESSAGE][PASSED] - Object '' is present

2021-01-21 17:47:17 - [MESSAGE][PASSED] - Verify Search Result Presents

2021-01-21 17:47:17 - [TEST_STEP][PASSED] - Click button "Logout": Click button "Logout"

2021-01-21 17:47:17 - [MESSAGE][INFO] - >>>>>//Button[contains(text(),'Logout')]

2021-01-21 17:47:20 - [MESSAGE][PASSED] - Object '' is present

2021-01-21 17:47:20 - [MESSAGE][PASSED] - Object: '' is clicked on

2021-01-21 17:47:20 - [MESSAGE][PASSED] - Switched to window with index: '0'

2021-01-21 17:47:20 - [MESSAGE][PASSED] - Click button "Logout"

2021-01-21 17:47:20 - [TEST_STEP][PASSED] - Close browser: Close browser

2021-01-21 17:47:20 - [MESSAGE][PASSED] - Browser is closed

2021-01-21 17:47:20 - [MESSAGE][PASSED] - Close browser

2021-01-21 17:47:20 - [TEST_CASE][PASSED] - Start Test Case : SCENARIO Search by STATUS Waiting validation from In Payment: SCENARIO Search by STATUS Waiting validation from In Payment

2021-01-21 17:47:20 - [TEST_STEP][PASSED] - Go to ISTools: Go to ISTools

2021-01-21 17:47:20 - [MESSAGE][INFO] - Starting 'Chrome (headless)' driver

2021-01-21 17:47:20 - [MESSAGE][INFO] - User set preference: ['args', '[--start-maximized, --disable-gpu, --no-proxy-server, â€“-no-sandbox, --allow-running-insecure-content, --ignore-certificate-errors, window-size=1680,814, force-device-scale-factor=2, --lang=en-GB]']

2021-01-21 17:47:20 - [MESSAGE][INFO] - User set preference: ['prefs', '{download.default_directory=/Users/chaidir.pratama01/Katalon Studio/IST_Automation_Git/Download}']

2021-01-21 17:47:20 - [MESSAGE][INFO] - Action delay is set to 0 milliseconds

2021-01-21 17:47:20 - [MESSAGE][PASSED] - Browser is opened with url: ''

2021-01-21 17:47:21 - [MESSAGE][PASSED] - Navigate to 'https://dev-istools.homecredit.id/foundation/' successfully

2021-01-21 17:47:21 - [MESSAGE][PASSED] - Go to ISTools

2021-01-21 17:47:21 - [TEST_STEP][PASSED] - Login IST with valid credentials: Login IST with valid credentials

2021-01-21 17:47:21 - [MESSAGE][PASSED] - Text 'mobile.test' is set on object 'Object Repository/Page_/input_Username_j_username'

2021-01-21 17:47:21 - [MESSAGE][PASSED] - Text ****** has been set on object 'Object Repository/Page_/input_Password_j_password'

2021-01-21 17:47:22 - [MESSAGE][PASSED] - Object: 'Object Repository/Page_/button_Login' is clicked on

2021-01-21 17:47:22 - [MESSAGE][PASSED] - Login IST with valid credentials

2021-01-21 17:47:22 - [TEST_STEP][PASSED] - Login Success: Login Success

2021-01-21 17:47:22 - [MESSAGE][INFO] - Login Success

2021-01-21 17:47:22 - [MESSAGE][PASSED] - Current window maximized

2021-01-21 17:47:22 - [MESSAGE][PASSED] - Object 'Object Repository/Page_/h1_Welcome to IT Supporting Tools' is present

2021-01-21 17:47:22 - [MESSAGE][PASSED] - Login Success

2021-01-21 17:47:22 - [TEST_STEP][PASSED] - Select Arrow Menu "Real Time Disbursement": Select Arrow Menu "Real Time Disbursement"

2021-01-21 17:47:22 - [MESSAGE][PASSED] - Object: '' is clicked on

2021-01-21 17:47:22 - [MESSAGE][PASSED] - Select Arrow Menu "Real Time Disbursement"

2021-01-21 17:47:22 - [TEST_STEP][PASSED] - Select Menu "Dashboard for Risk": Select Menu "Dashboard for Risk"

2021-01-21 17:47:22 - [MESSAGE][PASSED] - Taking screenshot successfully
[[ATTACHMENT|/Users/chaidir.pratama01/Documents/Docs/Katalon Studio/Screenshot/test-Dashboard for Risk.png]]

2021-01-21 17:47:22 - [MESSAGE][PASSED] - Object '' is present

2021-01-21 17:47:23 - [MESSAGE][PASSED] - Object: '' is clicked on

2021-01-21 17:47:23 - [MESSAGE][PASSED] - Wait for page load successfully

2021-01-21 17:47:23 - [MESSAGE][PASSED] - Select Menu "Dashboard for Risk"

2021-01-21 17:47:23 - [TEST_STEP][PASSED] - Select STATUS "Waiting validation from In Payment": Select STATUS "Waiting validation from In Payment"

2021-01-21 17:47:23 - [MESSAGE][PASSED] - All options with value 'Waiting validation from In Payment' are selected in object ''  using regular expression

2021-01-21 17:47:23 - [MESSAGE][PASSED] - Select STATUS "Waiting validation from In Payment"

2021-01-21 17:47:23 - [TEST_STEP][PASSED] - Click button "Search": Click button "Search"

2021-01-21 17:47:23 - [MESSAGE][INFO] - >>>>>//Button[contains(text(),'Search')]

2021-01-21 17:47:26 - [MESSAGE][PASSED] - Object '' is present

2021-01-21 17:47:26 - [MESSAGE][PASSED] - Object: '' is clicked on

2021-01-21 17:47:26 - [MESSAGE][PASSED] - Switched to window with index: '0'

2021-01-21 17:47:26 - [MESSAGE][PASSED] - Click button "Search"

2021-01-21 17:47:26 - [TEST_STEP][PASSED] - Verify Search Result Presents: Verify Search Result Presents

2021-01-21 17:47:26 - [MESSAGE][PASSED] - Object '' is present

2021-01-21 17:47:27 - [MESSAGE][PASSED] - Verify Search Result Presents

2021-01-21 17:47:27 - [TEST_STEP][PASSED] - Click button "Logout": Click button "Logout"

2021-01-21 17:47:27 - [MESSAGE][INFO] - >>>>>//Button[contains(text(),'Logout')]

2021-01-21 17:47:30 - [MESSAGE][PASSED] - Object '' is present

2021-01-21 17:47:30 - [MESSAGE][PASSED] - Object: '' is clicked on

2021-01-21 17:47:30 - [MESSAGE][PASSED] - Switched to window with index: '0'

2021-01-21 17:47:30 - [MESSAGE][PASSED] - Click button "Logout"

2021-01-21 17:47:30 - [TEST_STEP][PASSED] - Close browser: Close browser

2021-01-21 17:47:30 - [MESSAGE][PASSED] - Browser is closed

2021-01-21 17:47:30 - [MESSAGE][PASSED] - Close browser

2021-01-21 17:47:30 - [TEST_CASE][PASSED] - Start Test Case : SCENARIO Search by STATUS Ready to disburse: SCENARIO Search by STATUS Ready to disburse

2021-01-21 17:47:30 - [TEST_STEP][PASSED] - Go to ISTools: Go to ISTools

2021-01-21 17:47:30 - [MESSAGE][INFO] - Starting 'Chrome (headless)' driver

2021-01-21 17:47:30 - [MESSAGE][INFO] - User set preference: ['args', '[--start-maximized, --disable-gpu, --no-proxy-server, â€“-no-sandbox, --allow-running-insecure-content, --ignore-certificate-errors, window-size=1680,814, force-device-scale-factor=2, --lang=en-GB]']

2021-01-21 17:47:30 - [MESSAGE][INFO] - User set preference: ['prefs', '{download.default_directory=/Users/chaidir.pratama01/Katalon Studio/IST_Automation_Git/Download}']

2021-01-21 17:47:30 - [MESSAGE][INFO] - Action delay is set to 0 milliseconds

2021-01-21 17:47:30 - [MESSAGE][PASSED] - Browser is opened with url: ''

2021-01-21 17:47:31 - [MESSAGE][PASSED] - Navigate to 'https://dev-istools.homecredit.id/foundation/' successfully

2021-01-21 17:47:31 - [MESSAGE][PASSED] - Go to ISTools

2021-01-21 17:47:31 - [TEST_STEP][PASSED] - Login IST with valid credentials: Login IST with valid credentials

2021-01-21 17:47:31 - [MESSAGE][PASSED] - Text 'mobile.test' is set on object 'Object Repository/Page_/input_Username_j_username'

2021-01-21 17:47:31 - [MESSAGE][PASSED] - Text ****** has been set on object 'Object Repository/Page_/input_Password_j_password'

2021-01-21 17:47:32 - [MESSAGE][PASSED] - Object: 'Object Repository/Page_/button_Login' is clicked on

2021-01-21 17:47:32 - [MESSAGE][PASSED] - Login IST with valid credentials

2021-01-21 17:47:32 - [TEST_STEP][PASSED] - Login Success: Login Success

2021-01-21 17:47:32 - [MESSAGE][INFO] - Login Success

2021-01-21 17:47:32 - [MESSAGE][PASSED] - Current window maximized

2021-01-21 17:47:32 - [MESSAGE][PASSED] - Object 'Object Repository/Page_/h1_Welcome to IT Supporting Tools' is present

2021-01-21 17:47:32 - [MESSAGE][PASSED] - Login Success

2021-01-21 17:47:32 - [TEST_STEP][PASSED] - Select Arrow Menu "Real Time Disbursement": Select Arrow Menu "Real Time Disbursement"

2021-01-21 17:47:32 - [MESSAGE][PASSED] - Object: '' is clicked on

2021-01-21 17:47:32 - [MESSAGE][PASSED] - Select Arrow Menu "Real Time Disbursement"

2021-01-21 17:47:32 - [TEST_STEP][PASSED] - Select Menu "Dashboard for Risk": Select Menu "Dashboard for Risk"

2021-01-21 17:47:32 - [MESSAGE][PASSED] - Taking screenshot successfully
[[ATTACHMENT|/Users/chaidir.pratama01/Documents/Docs/Katalon Studio/Screenshot/test-Dashboard for Risk.png]]

2021-01-21 17:47:32 - [MESSAGE][PASSED] - Object '' is present

2021-01-21 17:47:32 - [MESSAGE][PASSED] - Object: '' is clicked on

2021-01-21 17:47:32 - [MESSAGE][PASSED] - Wait for page load successfully

2021-01-21 17:47:32 - [MESSAGE][PASSED] - Select Menu "Dashboard for Risk"

2021-01-21 17:47:32 - [TEST_STEP][PASSED] - Select STATUS "Ready to disburse": Select STATUS "Ready to disburse"

2021-01-21 17:47:33 - [MESSAGE][PASSED] - All options with value 'Ready to disburse' are selected in object ''  using regular expression

2021-01-21 17:47:33 - [MESSAGE][PASSED] - Select STATUS "Ready to disburse"

2021-01-21 17:47:33 - [TEST_STEP][PASSED] - Click button "Search": Click button "Search"

2021-01-21 17:47:33 - [MESSAGE][INFO] - >>>>>//Button[contains(text(),'Search')]

2021-01-21 17:47:36 - [MESSAGE][PASSED] - Object '' is present

2021-01-21 17:47:36 - [MESSAGE][PASSED] - Object: '' is clicked on

2021-01-21 17:47:36 - [MESSAGE][PASSED] - Switched to window with index: '0'

2021-01-21 17:47:36 - [MESSAGE][PASSED] - Click button "Search"

2021-01-21 17:47:36 - [TEST_STEP][PASSED] - Verify Search Result Presents: Verify Search Result Presents

2021-01-21 17:47:36 - [MESSAGE][PASSED] - Object '' is present

2021-01-21 17:47:39 - [MESSAGE][PASSED] - Verify Search Result Presents

2021-01-21 17:47:39 - [TEST_STEP][PASSED] - Click button "Logout": Click button "Logout"

2021-01-21 17:47:39 - [MESSAGE][INFO] - >>>>>//Button[contains(text(),'Logout')]

2021-01-21 17:47:42 - [MESSAGE][PASSED] - Object '' is present

2021-01-21 17:47:42 - [MESSAGE][PASSED] - Object: '' is clicked on

2021-01-21 17:47:42 - [MESSAGE][PASSED] - Switched to window with index: '0'

2021-01-21 17:47:42 - [MESSAGE][PASSED] - Click button "Logout"

2021-01-21 17:47:42 - [TEST_STEP][PASSED] - Close browser: Close browser

2021-01-21 17:47:42 - [MESSAGE][PASSED] - Browser is closed

2021-01-21 17:47:42 - [MESSAGE][PASSED] - Close browser

2021-01-21 17:47:42 - [TEST_CASE][PASSED] - Start Test Case : SCENARIO Search by STATUS Failed due to invalid bank account: SCENARIO Search by STATUS Failed due to invalid bank account

2021-01-21 17:47:42 - [TEST_STEP][PASSED] - Go to ISTools: Go to ISTools

2021-01-21 17:47:42 - [MESSAGE][INFO] - Starting 'Chrome (headless)' driver

2021-01-21 17:47:42 - [MESSAGE][INFO] - User set preference: ['args', '[--start-maximized, --disable-gpu, --no-proxy-server, â€“-no-sandbox, --allow-running-insecure-content, --ignore-certificate-errors, window-size=1680,814, force-device-scale-factor=2, --lang=en-GB]']

2021-01-21 17:47:42 - [MESSAGE][INFO] - User set preference: ['prefs', '{download.default_directory=/Users/chaidir.pratama01/Katalon Studio/IST_Automation_Git/Download}']

2021-01-21 17:47:42 - [MESSAGE][INFO] - Action delay is set to 0 milliseconds

2021-01-21 17:47:43 - [MESSAGE][PASSED] - Browser is opened with url: ''

2021-01-21 17:47:43 - [MESSAGE][PASSED] - Navigate to 'https://dev-istools.homecredit.id/foundation/' successfully

2021-01-21 17:47:43 - [MESSAGE][PASSED] - Go to ISTools

2021-01-21 17:47:43 - [TEST_STEP][PASSED] - Login IST with valid credentials: Login IST with valid credentials

2021-01-21 17:47:44 - [MESSAGE][PASSED] - Text 'mobile.test' is set on object 'Object Repository/Page_/input_Username_j_username'

2021-01-21 17:47:44 - [MESSAGE][PASSED] - Text ****** has been set on object 'Object Repository/Page_/input_Password_j_password'

2021-01-21 17:47:44 - [MESSAGE][PASSED] - Object: 'Object Repository/Page_/button_Login' is clicked on

2021-01-21 17:47:44 - [MESSAGE][PASSED] - Login IST with valid credentials

2021-01-21 17:47:44 - [TEST_STEP][PASSED] - Login Success: Login Success

2021-01-21 17:47:44 - [MESSAGE][INFO] - Login Success

2021-01-21 17:47:44 - [MESSAGE][PASSED] - Current window maximized

2021-01-21 17:47:44 - [MESSAGE][PASSED] - Object 'Object Repository/Page_/h1_Welcome to IT Supporting Tools' is present

2021-01-21 17:47:44 - [MESSAGE][PASSED] - Login Success

2021-01-21 17:47:44 - [TEST_STEP][PASSED] - Select Arrow Menu "Real Time Disbursement": Select Arrow Menu "Real Time Disbursement"

2021-01-21 17:47:44 - [MESSAGE][PASSED] - Object: '' is clicked on

2021-01-21 17:47:44 - [MESSAGE][PASSED] - Select Arrow Menu "Real Time Disbursement"

2021-01-21 17:47:44 - [TEST_STEP][PASSED] - Select Menu "Dashboard for Risk": Select Menu "Dashboard for Risk"

2021-01-21 17:47:45 - [MESSAGE][PASSED] - Taking screenshot successfully
[[ATTACHMENT|/Users/chaidir.pratama01/Documents/Docs/Katalon Studio/Screenshot/test-Dashboard for Risk.png]]

2021-01-21 17:47:45 - [MESSAGE][PASSED] - Object '' is present

2021-01-21 17:47:45 - [MESSAGE][PASSED] - Object: '' is clicked on

2021-01-21 17:47:45 - [MESSAGE][PASSED] - Wait for page load successfully

2021-01-21 17:47:45 - [MESSAGE][PASSED] - Select Menu "Dashboard for Risk"

2021-01-21 17:47:45 - [TEST_STEP][PASSED] - Select STATUS "Failed due to invalid bank account": Select STATUS "Failed due to invalid bank account"

2021-01-21 17:47:45 - [MESSAGE][PASSED] - All options with value 'Failed due to invalid bank account' are selected in object ''  using regular expression

2021-01-21 17:47:45 - [MESSAGE][PASSED] - Select STATUS "Failed due to invalid bank account"

2021-01-21 17:47:45 - [TEST_STEP][PASSED] - Click button "Search": Click button "Search"

2021-01-21 17:47:45 - [MESSAGE][INFO] - >>>>>//Button[contains(text(),'Search')]

2021-01-21 17:47:48 - [MESSAGE][PASSED] - Object '' is present

2021-01-21 17:47:48 - [MESSAGE][PASSED] - Object: '' is clicked on

2021-01-21 17:47:48 - [MESSAGE][PASSED] - Switched to window with index: '0'

2021-01-21 17:47:48 - [MESSAGE][PASSED] - Click button "Search"

2021-01-21 17:47:48 - [TEST_STEP][PASSED] - Verify Search Result Presents: Verify Search Result Presents

2021-01-21 17:47:48 - [MESSAGE][PASSED] - Object '' is present

2021-01-21 17:47:50 - [MESSAGE][PASSED] - Verify Search Result Presents

2021-01-21 17:47:50 - [TEST_STEP][PASSED] - Click button "Logout": Click button "Logout"

2021-01-21 17:47:50 - [MESSAGE][INFO] - >>>>>//Button[contains(text(),'Logout')]

2021-01-21 17:47:53 - [MESSAGE][PASSED] - Object '' is present

2021-01-21 17:47:53 - [MESSAGE][PASSED] - Object: '' is clicked on

2021-01-21 17:47:53 - [MESSAGE][PASSED] - Switched to window with index: '0'

2021-01-21 17:47:53 - [MESSAGE][PASSED] - Click button "Logout"

2021-01-21 17:47:53 - [TEST_STEP][PASSED] - Close browser: Close browser

2021-01-21 17:47:53 - [MESSAGE][PASSED] - Browser is closed

2021-01-21 17:47:53 - [MESSAGE][PASSED] - Close browser

2021-01-21 17:47:53 - [TEST_CASE][PASSED] - Start Test Case : SCENARIO Search by STATUS Failed due to system error: SCENARIO Search by STATUS Failed due to system error

2021-01-21 17:47:53 - [TEST_STEP][PASSED] - Go to ISTools: Go to ISTools

2021-01-21 17:47:53 - [MESSAGE][INFO] - Starting 'Chrome (headless)' driver

2021-01-21 17:47:53 - [MESSAGE][INFO] - User set preference: ['args', '[--start-maximized, --disable-gpu, --no-proxy-server, â€“-no-sandbox, --allow-running-insecure-content, --ignore-certificate-errors, window-size=1680,814, force-device-scale-factor=2, --lang=en-GB]']

2021-01-21 17:47:53 - [MESSAGE][INFO] - User set preference: ['prefs', '{download.default_directory=/Users/chaidir.pratama01/Katalon Studio/IST_Automation_Git/Download}']

2021-01-21 17:47:53 - [MESSAGE][INFO] - Action delay is set to 0 milliseconds

2021-01-21 17:47:54 - [MESSAGE][PASSED] - Browser is opened with url: ''

2021-01-21 17:47:55 - [MESSAGE][PASSED] - Navigate to 'https://dev-istools.homecredit.id/foundation/' successfully

2021-01-21 17:47:55 - [MESSAGE][PASSED] - Go to ISTools

2021-01-21 17:47:55 - [TEST_STEP][PASSED] - Login IST with valid credentials: Login IST with valid credentials

2021-01-21 17:47:55 - [MESSAGE][PASSED] - Text 'mobile.test' is set on object 'Object Repository/Page_/input_Username_j_username'

2021-01-21 17:47:55 - [MESSAGE][PASSED] - Text ****** has been set on object 'Object Repository/Page_/input_Password_j_password'

2021-01-21 17:47:55 - [MESSAGE][PASSED] - Object: 'Object Repository/Page_/button_Login' is clicked on

2021-01-21 17:47:55 - [MESSAGE][PASSED] - Login IST with valid credentials

2021-01-21 17:47:55 - [TEST_STEP][PASSED] - Login Success: Login Success

2021-01-21 17:47:55 - [MESSAGE][INFO] - Login Success

2021-01-21 17:47:55 - [MESSAGE][PASSED] - Current window maximized

2021-01-21 17:47:55 - [MESSAGE][PASSED] - Object 'Object Repository/Page_/h1_Welcome to IT Supporting Tools' is present

2021-01-21 17:47:55 - [MESSAGE][PASSED] - Login Success

2021-01-21 17:47:55 - [TEST_STEP][PASSED] - Select Arrow Menu "Real Time Disbursement": Select Arrow Menu "Real Time Disbursement"

2021-01-21 17:47:55 - [MESSAGE][PASSED] - Object: '' is clicked on

2021-01-21 17:47:55 - [MESSAGE][PASSED] - Select Arrow Menu "Real Time Disbursement"

2021-01-21 17:47:55 - [TEST_STEP][PASSED] - Select Menu "Dashboard for Risk": Select Menu "Dashboard for Risk"

2021-01-21 17:47:56 - [MESSAGE][PASSED] - Taking screenshot successfully
[[ATTACHMENT|/Users/chaidir.pratama01/Documents/Docs/Katalon Studio/Screenshot/test-Dashboard for Risk.png]]

2021-01-21 17:47:56 - [MESSAGE][PASSED] - Object '' is present

2021-01-21 17:47:56 - [MESSAGE][PASSED] - Object: '' is clicked on

2021-01-21 17:47:56 - [MESSAGE][PASSED] - Wait for page load successfully

2021-01-21 17:47:56 - [MESSAGE][PASSED] - Select Menu "Dashboard for Risk"

2021-01-21 17:47:56 - [TEST_STEP][PASSED] - Select STATUS "Failed due to system error": Select STATUS "Failed due to system error"

2021-01-21 17:47:56 - [MESSAGE][PASSED] - All options with value 'Failed due to system error' are selected in object ''  using regular expression

2021-01-21 17:47:56 - [MESSAGE][PASSED] - Select STATUS "Failed due to system error"

2021-01-21 17:47:56 - [TEST_STEP][PASSED] - Click button "Search": Click button "Search"

2021-01-21 17:47:56 - [MESSAGE][INFO] - >>>>>//Button[contains(text(),'Search')]

2021-01-21 17:47:59 - [MESSAGE][PASSED] - Object '' is present

2021-01-21 17:47:59 - [MESSAGE][PASSED] - Object: '' is clicked on

2021-01-21 17:47:59 - [MESSAGE][PASSED] - Switched to window with index: '0'

2021-01-21 17:47:59 - [MESSAGE][PASSED] - Click button "Search"

2021-01-21 17:47:59 - [TEST_STEP][PASSED] - Verify Search Result Presents: Verify Search Result Presents

2021-01-21 17:47:59 - [MESSAGE][PASSED] - Object '' is present

2021-01-21 17:48:04 - [MESSAGE][PASSED] - Verify Search Result Presents

2021-01-21 17:48:04 - [TEST_STEP][PASSED] - Click button "Logout": Click button "Logout"

2021-01-21 17:48:04 - [MESSAGE][INFO] - >>>>>//Button[contains(text(),'Logout')]

2021-01-21 17:48:07 - [MESSAGE][PASSED] - Object '' is present

2021-01-21 17:48:07 - [MESSAGE][PASSED] - Object: '' is clicked on

2021-01-21 17:48:07 - [MESSAGE][PASSED] - Switched to window with index: '0'

2021-01-21 17:48:07 - [MESSAGE][PASSED] - Click button "Logout"

2021-01-21 17:48:07 - [TEST_STEP][PASSED] - Close browser: Close browser

2021-01-21 17:48:07 - [MESSAGE][PASSED] - Browser is closed

2021-01-21 17:48:07 - [MESSAGE][PASSED] - Close browser

2021-01-21 17:48:07 - [TEST_CASE][PASSED] - Start Test Case : SCENARIO Search by STATUS Failed due to insufficient fund: SCENARIO Search by STATUS Failed due to insufficient fund

2021-01-21 17:48:07 - [TEST_STEP][PASSED] - Go to ISTools: Go to ISTools

2021-01-21 17:48:07 - [MESSAGE][INFO] - Starting 'Chrome (headless)' driver

2021-01-21 17:48:07 - [MESSAGE][INFO] - User set preference: ['args', '[--start-maximized, --disable-gpu, --no-proxy-server, â€“-no-sandbox, --allow-running-insecure-content, --ignore-certificate-errors, window-size=1680,814, force-device-scale-factor=2, --lang=en-GB]']

2021-01-21 17:48:07 - [MESSAGE][INFO] - User set preference: ['prefs', '{download.default_directory=/Users/chaidir.pratama01/Katalon Studio/IST_Automation_Git/Download}']

2021-01-21 17:48:07 - [MESSAGE][INFO] - Action delay is set to 0 milliseconds

2021-01-21 17:48:08 - [MESSAGE][PASSED] - Browser is opened with url: ''

2021-01-21 17:48:08 - [MESSAGE][PASSED] - Navigate to 'https://dev-istools.homecredit.id/foundation/' successfully

2021-01-21 17:48:08 - [MESSAGE][PASSED] - Go to ISTools

2021-01-21 17:48:08 - [TEST_STEP][PASSED] - Login IST with valid credentials: Login IST with valid credentials

2021-01-21 17:48:09 - [MESSAGE][PASSED] - Text 'mobile.test' is set on object 'Object Repository/Page_/input_Username_j_username'

2021-01-21 17:48:09 - [MESSAGE][PASSED] - Text ****** has been set on object 'Object Repository/Page_/input_Password_j_password'

2021-01-21 17:48:09 - [MESSAGE][PASSED] - Object: 'Object Repository/Page_/button_Login' is clicked on

2021-01-21 17:48:09 - [MESSAGE][PASSED] - Login IST with valid credentials

2021-01-21 17:48:09 - [TEST_STEP][PASSED] - Login Success: Login Success

2021-01-21 17:48:09 - [MESSAGE][INFO] - Login Success

2021-01-21 17:48:09 - [MESSAGE][PASSED] - Current window maximized

2021-01-21 17:48:09 - [MESSAGE][PASSED] - Object 'Object Repository/Page_/h1_Welcome to IT Supporting Tools' is present

2021-01-21 17:48:09 - [MESSAGE][PASSED] - Login Success

2021-01-21 17:48:09 - [TEST_STEP][PASSED] - Select Arrow Menu "Real Time Disbursement": Select Arrow Menu "Real Time Disbursement"

2021-01-21 17:48:09 - [MESSAGE][PASSED] - Object: '' is clicked on

2021-01-21 17:48:09 - [MESSAGE][PASSED] - Select Arrow Menu "Real Time Disbursement"

2021-01-21 17:48:09 - [TEST_STEP][PASSED] - Select Menu "Dashboard for Risk": Select Menu "Dashboard for Risk"

2021-01-21 17:48:10 - [MESSAGE][PASSED] - Taking screenshot successfully
[[ATTACHMENT|/Users/chaidir.pratama01/Documents/Docs/Katalon Studio/Screenshot/test-Dashboard for Risk.png]]

2021-01-21 17:48:10 - [MESSAGE][PASSED] - Object '' is present

2021-01-21 17:48:10 - [MESSAGE][PASSED] - Object: '' is clicked on

2021-01-21 17:48:10 - [MESSAGE][PASSED] - Wait for page load successfully

2021-01-21 17:48:10 - [MESSAGE][PASSED] - Select Menu "Dashboard for Risk"

2021-01-21 17:48:10 - [TEST_STEP][PASSED] - Select STATUS "Failed due to insufficient fund": Select STATUS "Failed due to insufficient fund"

2021-01-21 17:48:10 - [MESSAGE][PASSED] - All options with value 'Failed due to insufficient fund' are selected in object ''  using regular expression

2021-01-21 17:48:10 - [MESSAGE][PASSED] - Select STATUS "Failed due to insufficient fund"

2021-01-21 17:48:10 - [TEST_STEP][PASSED] - Click button "Search": Click button "Search"

2021-01-21 17:48:10 - [MESSAGE][INFO] - >>>>>//Button[contains(text(),'Search')]

2021-01-21 17:48:13 - [MESSAGE][PASSED] - Object '' is present

2021-01-21 17:48:13 - [MESSAGE][PASSED] - Object: '' is clicked on

2021-01-21 17:48:13 - [MESSAGE][PASSED] - Switched to window with index: '0'

2021-01-21 17:48:13 - [MESSAGE][PASSED] - Click button "Search"

2021-01-21 17:48:13 - [TEST_STEP][PASSED] - Verify Search Result Presents: Verify Search Result Presents

2021-01-21 17:48:17 - [MESSAGE][INFO] - Unable to find the element located by 'By.xpath: //td[@style='display:none' and contains(text(),'-Empty-')]'. Please recheck the objects properties to make sure the desired element is located. 

2021-01-21 17:48:18 - [MESSAGE][WARNING] - com.kms.katalon.core.webui.exception.WebElementNotFoundException: Web element with id: '' located by '//td[@style='display:none' and contains(text(),'-Empty-')]' not found (Root cause: com.kms.katalon.core.exception.StepFailedException: com.kms.katalon.core.webui.exception.WebElementNotFoundException: Web element with id: '' located by '//td[@style='display:none' and contains(text(),'-Empty-')]' not found
	at com.kms.katalon.core.webui.keyword.internal.WebUIKeywordMain.stepFailed(WebUIKeywordMain.groovy:64)
	at com.kms.katalon.core.webui.keyword.builtin.VerifyElementPresentKeyword$_verifyElementPresent_closure1.doCall(VerifyElementPresentKeyword.groovy:85)
	at com.kms.katalon.core.webui.keyword.builtin.VerifyElementPresentKeyword$_verifyElementPresent_closure1.call(VerifyElementPresentKeyword.groovy)
	at com.kms.katalon.core.webui.keyword.internal.WebUIKeywordMain.runKeyword(WebUIKeywordMain.groovy:20)
	at com.kms.katalon.core.webui.keyword.builtin.VerifyElementPresentKeyword.verifyElementPresent(VerifyElementPresentKeyword.groovy:92)
	at com.kms.katalon.core.webui.keyword.builtin.VerifyElementPresentKeyword.execute(VerifyElementPresentKeyword.groovy:68)
	at com.kms.katalon.core.keyword.internal.KeywordExecutor.executeKeywordForPlatform(KeywordExecutor.groovy:73)
	at com.kms.katalon.core.webui.keyword.WebUiBuiltInKeywords.verifyElementPresent(WebUiBuiltInKeywords.groovy:1444)
	at com.kms.katalon.core.webui.keyword.WebUiBuiltInKeywords$verifyElementPresent$11.call(Unknown Source)
	at ist_real.Contract_Dispatcher.VerifyTblFilled(Contract_Dispatcher.groovy:1313)
	at ist_real.Contract_Dispatcher$VerifyTblFilled$0.call(Unknown Source)
	at RTD.Search_Result_Presents(RTD.groovy:191)
	at cucumber.runtime.Utils$1.call(Utils.java:26)
	at cucumber.runtime.Timeout.timeout(Timeout.java:16)
	at cucumber.runtime.Utils.invoke(Utils.java:20)
	at cucumber.runtime.java.JavaStepDefinition.execute(JavaStepDefinition.java:48)
	at cucumber.runtime.PickleStepDefinitionMatch.runStep(PickleStepDefinitionMatch.java:50)
	at cucumber.runner.TestStep.executeStep(TestStep.java:55)
	at cucumber.runner.TestStep.run(TestStep.java:42)
	at cucumber.runner.PickleStepTestStep.run(PickleStepTestStep.java:53)
	at cucumber.runner.TestCase.run(TestCase.java:47)
	at cucumber.runner.Runner.runPickle(Runner.java:44)
	at cucumber.runtime.Runtime.runFeature(Runtime.java:120)
	at cucumber.runtime.Runtime.run(Runtime.java:106)
	at cucumber.api.cli.Main.run(Main.java:35)
	at cucumber.api.cli.Main$run.call(Unknown Source)
	at com.kms.katalon.core.cucumber.keyword.CucumberBuiltinKeywords$_runFeatureFile_closure1.doCall(CucumberBuiltinKeywords.groovy:76)
	at com.kms.katalon.core.cucumber.keyword.CucumberBuiltinKeywords$_runFeatureFile_closure1.doCall(CucumberBuiltinKeywords.groovy)
	at com.kms.katalon.core.keyword.internal.KeywordMain.runKeyword(KeywordMain.groovy:68)
	at com.kms.katalon.core.keyword.internal.KeywordMain$runKeyword.call(Unknown Source)
	at com.kms.katalon.core.cucumber.keyword.CucumberBuiltinKeywords.runFeatureFile(CucumberBuiltinKeywords.groovy:46)
	at com.kms.katalon.core.cucumber.keyword.CucumberBuiltinKeywords$runFeatureFile$0.callStatic(Unknown Source)
	at com.kms.katalon.core.cucumber.keyword.CucumberBuiltinKeywords.runFeatureFile(CucumberBuiltinKeywords.groovy:169)
	at com.kms.katalon.core.cucumber.keyword.CucumberBuiltinKeywords$runFeatureFile.call(Unknown Source)
	at TC_Search_by_STATUS_Dashboard_for_Risk.run(TC_Search_by_STATUS_Dashboard_for_Risk:18)
	at com.kms.katalon.core.main.ScriptEngine.run(ScriptEngine.java:194)
	at com.kms.katalon.core.main.ScriptEngine.runScriptAsRawText(ScriptEngine.java:119)
	at com.kms.katalon.core.main.TestCaseExecutor.runScript(TestCaseExecutor.java:339)
	at com.kms.katalon.core.main.TestCaseExecutor.doExecute(TestCaseExecutor.java:330)
	at com.kms.katalon.core.main.TestCaseExecutor.processExecutionPhase(TestCaseExecutor.java:309)
	at com.kms.katalon.core.main.TestCaseExecutor.accessMainPhase(TestCaseExecutor.java:301)
	at com.kms.katalon.core.main.TestCaseExecutor.execute(TestCaseExecutor.java:235)
	at com.kms.katalon.core.main.TestSuiteExecutor.accessTestCaseMainPhase(TestSuiteExecutor.java:191)
	at com.kms.katalon.core.main.TestSuiteExecutor.accessTestSuiteMainPhase(TestSuiteExecutor.java:141)
	at com.kms.katalon.core.main.TestSuiteExecutor.execute(TestSuiteExecutor.java:90)
	at com.kms.katalon.core.main.TestCaseMain.startTestSuite(TestCaseMain.java:157)
	at com.kms.katalon.core.main.TestCaseMain$startTestSuite$0.call(Unknown Source)
	at TempTestSuite1611224753682.run(TempTestSuite1611224753682.groovy:39)
)
[[ATTACHMENT|/Users/chaidir.pratama01/Katalon Studio/IST_Automation_Git/Reports/20210121_172548/RTD/TS_Dashboard_for_Risk/20210121_172553/1611226097807.png]]

2021-01-21 17:48:18 - [MESSAGE][PASSED] - Verify Search Result Presents

2021-01-21 17:48:18 - [TEST_STEP][PASSED] - Click button "Logout": Click button "Logout"

2021-01-21 17:48:18 - [MESSAGE][INFO] - >>>>>//Button[contains(text(),'Logout')]

2021-01-21 17:48:21 - [MESSAGE][PASSED] - Object '' is present

2021-01-21 17:48:21 - [MESSAGE][PASSED] - Object: '' is clicked on

2021-01-21 17:48:21 - [MESSAGE][PASSED] - Switched to window with index: '0'

2021-01-21 17:48:21 - [MESSAGE][PASSED] - Click button "Logout"

2021-01-21 17:48:21 - [TEST_STEP][PASSED] - Close browser: Close browser

2021-01-21 17:48:21 - [MESSAGE][PASSED] - Browser is closed

2021-01-21 17:48:21 - [MESSAGE][PASSED] - Close browser

2021-01-21 17:48:21 - [TEST_CASE][PASSED] - Start Test Case : SCENARIO Search by STATUS Failed due to not supported bank: SCENARIO Search by STATUS Failed due to not supported bank

2021-01-21 17:48:21 - [TEST_STEP][PASSED] - Go to ISTools: Go to ISTools

2021-01-21 17:48:21 - [MESSAGE][INFO] - Starting 'Chrome (headless)' driver

2021-01-21 17:48:21 - [MESSAGE][INFO] - User set preference: ['args', '[--start-maximized, --disable-gpu, --no-proxy-server, â€“-no-sandbox, --allow-running-insecure-content, --ignore-certificate-errors, window-size=1680,814, force-device-scale-factor=2, --lang=en-GB]']

2021-01-21 17:48:21 - [MESSAGE][INFO] - User set preference: ['prefs', '{download.default_directory=/Users/chaidir.pratama01/Katalon Studio/IST_Automation_Git/Download}']

2021-01-21 17:48:21 - [MESSAGE][INFO] - Action delay is set to 0 milliseconds

2021-01-21 17:48:22 - [MESSAGE][PASSED] - Browser is opened with url: ''

2021-01-21 17:48:22 - [MESSAGE][PASSED] - Navigate to 'https://dev-istools.homecredit.id/foundation/' successfully

2021-01-21 17:48:22 - [MESSAGE][PASSED] - Go to ISTools

2021-01-21 17:48:22 - [TEST_STEP][PASSED] - Login IST with valid credentials: Login IST with valid credentials

2021-01-21 17:48:23 - [MESSAGE][PASSED] - Text 'mobile.test' is set on object 'Object Repository/Page_/input_Username_j_username'

2021-01-21 17:48:23 - [MESSAGE][PASSED] - Text ****** has been set on object 'Object Repository/Page_/input_Password_j_password'

2021-01-21 17:48:23 - [MESSAGE][PASSED] - Object: 'Object Repository/Page_/button_Login' is clicked on

2021-01-21 17:48:23 - [MESSAGE][PASSED] - Login IST with valid credentials

2021-01-21 17:48:23 - [TEST_STEP][PASSED] - Login Success: Login Success

2021-01-21 17:48:23 - [MESSAGE][INFO] - Login Success

2021-01-21 17:48:23 - [MESSAGE][PASSED] - Current window maximized

2021-01-21 17:48:23 - [MESSAGE][PASSED] - Object 'Object Repository/Page_/h1_Welcome to IT Supporting Tools' is present

2021-01-21 17:48:23 - [MESSAGE][PASSED] - Login Success

2021-01-21 17:48:23 - [TEST_STEP][PASSED] - Select Arrow Menu "Real Time Disbursement": Select Arrow Menu "Real Time Disbursement"

2021-01-21 17:48:23 - [MESSAGE][PASSED] - Object: '' is clicked on

2021-01-21 17:48:23 - [MESSAGE][PASSED] - Select Arrow Menu "Real Time Disbursement"

2021-01-21 17:48:23 - [TEST_STEP][PASSED] - Select Menu "Dashboard for Risk": Select Menu "Dashboard for Risk"

2021-01-21 17:48:24 - [MESSAGE][PASSED] - Taking screenshot successfully
[[ATTACHMENT|/Users/chaidir.pratama01/Documents/Docs/Katalon Studio/Screenshot/test-Dashboard for Risk.png]]

2021-01-21 17:48:24 - [MESSAGE][PASSED] - Object '' is present

2021-01-21 17:48:24 - [MESSAGE][PASSED] - Object: '' is clicked on

2021-01-21 17:48:24 - [MESSAGE][PASSED] - Wait for page load successfully

2021-01-21 17:48:24 - [MESSAGE][PASSED] - Select Menu "Dashboard for Risk"

2021-01-21 17:48:24 - [TEST_STEP][PASSED] - Select STATUS "Failed due to not supported bank": Select STATUS "Failed due to not supported bank"

2021-01-21 17:48:24 - [MESSAGE][PASSED] - All options with value 'Failed due to not supported bank' are selected in object ''  using regular expression

2021-01-21 17:48:24 - [MESSAGE][PASSED] - Select STATUS "Failed due to not supported bank"

2021-01-21 17:48:24 - [TEST_STEP][PASSED] - Click button "Search": Click button "Search"

2021-01-21 17:48:24 - [MESSAGE][INFO] - >>>>>//Button[contains(text(),'Search')]

2021-01-21 17:48:27 - [MESSAGE][PASSED] - Object '' is present

2021-01-21 17:48:27 - [MESSAGE][PASSED] - Object: '' is clicked on

2021-01-21 17:48:27 - [MESSAGE][PASSED] - Switched to window with index: '0'

2021-01-21 17:48:27 - [MESSAGE][PASSED] - Click button "Search"

2021-01-21 17:48:27 - [TEST_STEP][PASSED] - Verify Search Result Presents: Verify Search Result Presents

2021-01-21 17:48:31 - [MESSAGE][INFO] - Unable to find the element located by 'By.xpath: //td[@style='display:none' and contains(text(),'-Empty-')]'. Please recheck the objects properties to make sure the desired element is located. 

2021-01-21 17:48:32 - [MESSAGE][WARNING] - com.kms.katalon.core.webui.exception.WebElementNotFoundException: Web element with id: '' located by '//td[@style='display:none' and contains(text(),'-Empty-')]' not found (Root cause: com.kms.katalon.core.exception.StepFailedException: com.kms.katalon.core.webui.exception.WebElementNotFoundException: Web element with id: '' located by '//td[@style='display:none' and contains(text(),'-Empty-')]' not found
	at com.kms.katalon.core.webui.keyword.internal.WebUIKeywordMain.stepFailed(WebUIKeywordMain.groovy:64)
	at com.kms.katalon.core.webui.keyword.builtin.VerifyElementPresentKeyword$_verifyElementPresent_closure1.doCall(VerifyElementPresentKeyword.groovy:85)
	at com.kms.katalon.core.webui.keyword.builtin.VerifyElementPresentKeyword$_verifyElementPresent_closure1.call(VerifyElementPresentKeyword.groovy)
	at com.kms.katalon.core.webui.keyword.internal.WebUIKeywordMain.runKeyword(WebUIKeywordMain.groovy:20)
	at com.kms.katalon.core.webui.keyword.builtin.VerifyElementPresentKeyword.verifyElementPresent(VerifyElementPresentKeyword.groovy:92)
	at com.kms.katalon.core.webui.keyword.builtin.VerifyElementPresentKeyword.execute(VerifyElementPresentKeyword.groovy:68)
	at com.kms.katalon.core.keyword.internal.KeywordExecutor.executeKeywordForPlatform(KeywordExecutor.groovy:73)
	at com.kms.katalon.core.webui.keyword.WebUiBuiltInKeywords.verifyElementPresent(WebUiBuiltInKeywords.groovy:1444)
	at com.kms.katalon.core.webui.keyword.WebUiBuiltInKeywords$verifyElementPresent$11.call(Unknown Source)
	at ist_real.Contract_Dispatcher.VerifyTblFilled(Contract_Dispatcher.groovy:1313)
	at ist_real.Contract_Dispatcher$VerifyTblFilled$0.call(Unknown Source)
	at RTD.Search_Result_Presents(RTD.groovy:191)
	at cucumber.runtime.Utils$1.call(Utils.java:26)
	at cucumber.runtime.Timeout.timeout(Timeout.java:16)
	at cucumber.runtime.Utils.invoke(Utils.java:20)
	at cucumber.runtime.java.JavaStepDefinition.execute(JavaStepDefinition.java:48)
	at cucumber.runtime.PickleStepDefinitionMatch.runStep(PickleStepDefinitionMatch.java:50)
	at cucumber.runner.TestStep.executeStep(TestStep.java:55)
	at cucumber.runner.TestStep.run(TestStep.java:42)
	at cucumber.runner.PickleStepTestStep.run(PickleStepTestStep.java:53)
	at cucumber.runner.TestCase.run(TestCase.java:47)
	at cucumber.runner.Runner.runPickle(Runner.java:44)
	at cucumber.runtime.Runtime.runFeature(Runtime.java:120)
	at cucumber.runtime.Runtime.run(Runtime.java:106)
	at cucumber.api.cli.Main.run(Main.java:35)
	at cucumber.api.cli.Main$run.call(Unknown Source)
	at com.kms.katalon.core.cucumber.keyword.CucumberBuiltinKeywords$_runFeatureFile_closure1.doCall(CucumberBuiltinKeywords.groovy:76)
	at com.kms.katalon.core.cucumber.keyword.CucumberBuiltinKeywords$_runFeatureFile_closure1.doCall(CucumberBuiltinKeywords.groovy)
	at com.kms.katalon.core.keyword.internal.KeywordMain.runKeyword(KeywordMain.groovy:68)
	at com.kms.katalon.core.keyword.internal.KeywordMain$runKeyword.call(Unknown Source)
	at com.kms.katalon.core.cucumber.keyword.CucumberBuiltinKeywords.runFeatureFile(CucumberBuiltinKeywords.groovy:46)
	at com.kms.katalon.core.cucumber.keyword.CucumberBuiltinKeywords$runFeatureFile$0.callStatic(Unknown Source)
	at com.kms.katalon.core.cucumber.keyword.CucumberBuiltinKeywords.runFeatureFile(CucumberBuiltinKeywords.groovy:169)
	at com.kms.katalon.core.cucumber.keyword.CucumberBuiltinKeywords$runFeatureFile.call(Unknown Source)
	at TC_Search_by_STATUS_Dashboard_for_Risk.run(TC_Search_by_STATUS_Dashboard_for_Risk:18)
	at com.kms.katalon.core.main.ScriptEngine.run(ScriptEngine.java:194)
	at com.kms.katalon.core.main.ScriptEngine.runScriptAsRawText(ScriptEngine.java:119)
	at com.kms.katalon.core.main.TestCaseExecutor.runScript(TestCaseExecutor.java:339)
	at com.kms.katalon.core.main.TestCaseExecutor.doExecute(TestCaseExecutor.java:330)
	at com.kms.katalon.core.main.TestCaseExecutor.processExecutionPhase(TestCaseExecutor.java:309)
	at com.kms.katalon.core.main.TestCaseExecutor.accessMainPhase(TestCaseExecutor.java:301)
	at com.kms.katalon.core.main.TestCaseExecutor.execute(TestCaseExecutor.java:235)
	at com.kms.katalon.core.main.TestSuiteExecutor.accessTestCaseMainPhase(TestSuiteExecutor.java:191)
	at com.kms.katalon.core.main.TestSuiteExecutor.accessTestSuiteMainPhase(TestSuiteExecutor.java:141)
	at com.kms.katalon.core.main.TestSuiteExecutor.execute(TestSuiteExecutor.java:90)
	at com.kms.katalon.core.main.TestCaseMain.startTestSuite(TestCaseMain.java:157)
	at com.kms.katalon.core.main.TestCaseMain$startTestSuite$0.call(Unknown Source)
	at TempTestSuite1611224753682.run(TempTestSuite1611224753682.groovy:39)
)
[[ATTACHMENT|/Users/chaidir.pratama01/Katalon Studio/IST_Automation_Git/Reports/20210121_172548/RTD/TS_Dashboard_for_Risk/20210121_172553/1611226111747.png]]

2021-01-21 17:48:32 - [MESSAGE][PASSED] - Verify Search Result Presents

2021-01-21 17:48:32 - [TEST_STEP][PASSED] - Click button "Logout": Click button "Logout"

2021-01-21 17:48:32 - [MESSAGE][INFO] - >>>>>//Button[contains(text(),'Logout')]

2021-01-21 17:48:35 - [MESSAGE][PASSED] - Object '' is present

2021-01-21 17:48:35 - [MESSAGE][PASSED] - Object: '' is clicked on

2021-01-21 17:48:35 - [MESSAGE][PASSED] - Switched to window with index: '0'

2021-01-21 17:48:35 - [MESSAGE][PASSED] - Click button "Logout"

2021-01-21 17:48:35 - [TEST_STEP][PASSED] - Close browser: Close browser

2021-01-21 17:48:35 - [MESSAGE][PASSED] - Browser is closed

2021-01-21 17:48:35 - [MESSAGE][PASSED] - Close browser

2021-01-21 17:48:35 - [TEST_CASE][PASSED] - Start Test Case : SCENARIO Search by STATUS Manual Disbursement: SCENARIO Search by STATUS Manual Disbursement

2021-01-21 17:48:35 - [TEST_STEP][PASSED] - Go to ISTools: Go to ISTools

2021-01-21 17:48:35 - [MESSAGE][INFO] - Starting 'Chrome (headless)' driver

2021-01-21 17:48:35 - [MESSAGE][INFO] - User set preference: ['args', '[--start-maximized, --disable-gpu, --no-proxy-server, â€“-no-sandbox, --allow-running-insecure-content, --ignore-certificate-errors, window-size=1680,814, force-device-scale-factor=2, --lang=en-GB]']

2021-01-21 17:48:35 - [MESSAGE][INFO] - User set preference: ['prefs', '{download.default_directory=/Users/chaidir.pratama01/Katalon Studio/IST_Automation_Git/Download}']

2021-01-21 17:48:35 - [MESSAGE][INFO] - Action delay is set to 0 milliseconds

2021-01-21 17:48:36 - [MESSAGE][PASSED] - Browser is opened with url: ''

2021-01-21 17:48:36 - [MESSAGE][PASSED] - Navigate to 'https://dev-istools.homecredit.id/foundation/' successfully

2021-01-21 17:48:36 - [MESSAGE][PASSED] - Go to ISTools

2021-01-21 17:48:36 - [TEST_STEP][PASSED] - Login IST with valid credentials: Login IST with valid credentials

2021-01-21 17:48:36 - [MESSAGE][PASSED] - Text 'mobile.test' is set on object 'Object Repository/Page_/input_Username_j_username'

2021-01-21 17:48:37 - [MESSAGE][PASSED] - Text ****** has been set on object 'Object Repository/Page_/input_Password_j_password'

2021-01-21 17:48:37 - [MESSAGE][PASSED] - Object: 'Object Repository/Page_/button_Login' is clicked on

2021-01-21 17:48:37 - [MESSAGE][PASSED] - Login IST with valid credentials

2021-01-21 17:48:37 - [TEST_STEP][PASSED] - Login Success: Login Success

2021-01-21 17:48:37 - [MESSAGE][INFO] - Login Success

2021-01-21 17:48:37 - [MESSAGE][PASSED] - Current window maximized

2021-01-21 17:48:37 - [MESSAGE][PASSED] - Object 'Object Repository/Page_/h1_Welcome to IT Supporting Tools' is present

2021-01-21 17:48:37 - [MESSAGE][PASSED] - Login Success

2021-01-21 17:48:37 - [TEST_STEP][PASSED] - Select Arrow Menu "Real Time Disbursement": Select Arrow Menu "Real Time Disbursement"

2021-01-21 17:48:37 - [MESSAGE][PASSED] - Object: '' is clicked on

2021-01-21 17:48:37 - [MESSAGE][PASSED] - Select Arrow Menu "Real Time Disbursement"

2021-01-21 17:48:37 - [TEST_STEP][PASSED] - Select Menu "Dashboard for Risk": Select Menu "Dashboard for Risk"

2021-01-21 17:48:38 - [MESSAGE][PASSED] - Taking screenshot successfully
[[ATTACHMENT|/Users/chaidir.pratama01/Documents/Docs/Katalon Studio/Screenshot/test-Dashboard for Risk.png]]

2021-01-21 17:48:38 - [MESSAGE][PASSED] - Object '' is present

2021-01-21 17:48:38 - [MESSAGE][PASSED] - Object: '' is clicked on

2021-01-21 17:48:38 - [MESSAGE][PASSED] - Wait for page load successfully

2021-01-21 17:48:38 - [MESSAGE][PASSED] - Select Menu "Dashboard for Risk"

2021-01-21 17:48:38 - [TEST_STEP][PASSED] - Select STATUS "Manual Disbursement": Select STATUS "Manual Disbursement"

2021-01-21 17:48:38 - [MESSAGE][PASSED] - All options with value 'Manual Disbursement' are selected in object ''  using regular expression

2021-01-21 17:48:38 - [MESSAGE][PASSED] - Select STATUS "Manual Disbursement"

2021-01-21 17:48:38 - [TEST_STEP][PASSED] - Click button "Search": Click button "Search"

2021-01-21 17:48:38 - [MESSAGE][INFO] - >>>>>//Button[contains(text(),'Search')]

2021-01-21 17:48:41 - [MESSAGE][PASSED] - Object '' is present

2021-01-21 17:48:41 - [MESSAGE][PASSED] - Object: '' is clicked on

2021-01-21 17:48:41 - [MESSAGE][PASSED] - Switched to window with index: '0'

2021-01-21 17:48:41 - [MESSAGE][PASSED] - Click button "Search"

2021-01-21 17:48:41 - [TEST_STEP][PASSED] - Verify Search Result Presents: Verify Search Result Presents

2021-01-21 17:48:41 - [MESSAGE][PASSED] - Object '' is present

2021-01-21 17:48:50 - [MESSAGE][PASSED] - Verify Search Result Presents

2021-01-21 17:48:50 - [TEST_STEP][PASSED] - Click button "Logout": Click button "Logout"

2021-01-21 17:48:50 - [MESSAGE][INFO] - >>>>>//Button[contains(text(),'Logout')]

2021-01-21 17:48:53 - [MESSAGE][PASSED] - Object '' is present

2021-01-21 17:48:53 - [MESSAGE][PASSED] - Object: '' is clicked on

2021-01-21 17:48:53 - [MESSAGE][PASSED] - Switched to window with index: '0'

2021-01-21 17:48:53 - [MESSAGE][PASSED] - Click button "Logout"

2021-01-21 17:48:53 - [TEST_STEP][PASSED] - Close browser: Close browser

2021-01-21 17:48:53 - [MESSAGE][PASSED] - Browser is closed

2021-01-21 17:48:53 - [MESSAGE][PASSED] - Close browser

2021-01-21 17:48:53 - [TEST_CASE][PASSED] - Start Test Case : SCENARIO Search by STATUS DONE: SCENARIO Search by STATUS DONE

2021-01-21 17:48:53 - [TEST_STEP][PASSED] - Go to ISTools: Go to ISTools

2021-01-21 17:48:53 - [MESSAGE][INFO] - Starting 'Chrome (headless)' driver

2021-01-21 17:48:53 - [MESSAGE][INFO] - User set preference: ['args', '[--start-maximized, --disable-gpu, --no-proxy-server, â€“-no-sandbox, --allow-running-insecure-content, --ignore-certificate-errors, window-size=1680,814, force-device-scale-factor=2, --lang=en-GB]']

2021-01-21 17:48:53 - [MESSAGE][INFO] - User set preference: ['prefs', '{download.default_directory=/Users/chaidir.pratama01/Katalon Studio/IST_Automation_Git/Download}']

2021-01-21 17:48:53 - [MESSAGE][INFO] - Action delay is set to 0 milliseconds

2021-01-21 17:48:54 - [MESSAGE][PASSED] - Browser is opened with url: ''

2021-01-21 17:48:54 - [MESSAGE][PASSED] - Navigate to 'https://dev-istools.homecredit.id/foundation/' successfully

2021-01-21 17:48:54 - [MESSAGE][PASSED] - Go to ISTools

2021-01-21 17:48:54 - [TEST_STEP][PASSED] - Login IST with valid credentials: Login IST with valid credentials

2021-01-21 17:48:55 - [MESSAGE][PASSED] - Text 'mobile.test' is set on object 'Object Repository/Page_/input_Username_j_username'

2021-01-21 17:48:55 - [MESSAGE][PASSED] - Text ****** has been set on object 'Object Repository/Page_/input_Password_j_password'

2021-01-21 17:48:55 - [MESSAGE][PASSED] - Object: 'Object Repository/Page_/button_Login' is clicked on

2021-01-21 17:48:55 - [MESSAGE][PASSED] - Login IST with valid credentials

2021-01-21 17:48:55 - [TEST_STEP][PASSED] - Login Success: Login Success

2021-01-21 17:48:55 - [MESSAGE][INFO] - Login Success

2021-01-21 17:48:55 - [MESSAGE][PASSED] - Current window maximized

2021-01-21 17:48:55 - [MESSAGE][PASSED] - Object 'Object Repository/Page_/h1_Welcome to IT Supporting Tools' is present

2021-01-21 17:48:55 - [MESSAGE][PASSED] - Login Success

2021-01-21 17:48:55 - [TEST_STEP][PASSED] - Select Arrow Menu "Real Time Disbursement": Select Arrow Menu "Real Time Disbursement"

2021-01-21 17:48:55 - [MESSAGE][PASSED] - Object: '' is clicked on

2021-01-21 17:48:55 - [MESSAGE][PASSED] - Select Arrow Menu "Real Time Disbursement"

2021-01-21 17:48:55 - [TEST_STEP][PASSED] - Select Menu "Dashboard for Risk": Select Menu "Dashboard for Risk"

2021-01-21 17:48:56 - [MESSAGE][PASSED] - Taking screenshot successfully
[[ATTACHMENT|/Users/chaidir.pratama01/Documents/Docs/Katalon Studio/Screenshot/test-Dashboard for Risk.png]]

2021-01-21 17:48:56 - [MESSAGE][PASSED] - Object '' is present

2021-01-21 17:48:56 - [MESSAGE][PASSED] - Object: '' is clicked on

2021-01-21 17:48:56 - [MESSAGE][PASSED] - Wait for page load successfully

2021-01-21 17:48:56 - [MESSAGE][PASSED] - Select Menu "Dashboard for Risk"

2021-01-21 17:48:56 - [TEST_STEP][PASSED] - Select STATUS "DONE": Select STATUS "DONE"

2021-01-21 17:48:56 - [MESSAGE][PASSED] - All options with value 'DONE' are selected in object ''  using regular expression

2021-01-21 17:48:56 - [MESSAGE][PASSED] - Select STATUS "DONE"

2021-01-21 17:48:56 - [TEST_STEP][PASSED] - Click button "Search": Click button "Search"

2021-01-21 17:48:56 - [MESSAGE][INFO] - >>>>>//Button[contains(text(),'Search')]

2021-01-21 17:48:59 - [MESSAGE][PASSED] - Object '' is present

2021-01-21 17:48:59 - [MESSAGE][PASSED] - Object: '' is clicked on

2021-01-21 17:48:59 - [MESSAGE][PASSED] - Switched to window with index: '0'

2021-01-21 17:48:59 - [MESSAGE][PASSED] - Click button "Search"

2021-01-21 17:48:59 - [TEST_STEP][PASSED] - Verify Search Result Presents: Verify Search Result Presents

2021-01-21 17:48:59 - [MESSAGE][PASSED] - Object '' is present

2021-01-21 17:49:08 - [MESSAGE][PASSED] - Verify Search Result Presents

2021-01-21 17:49:08 - [TEST_STEP][PASSED] - Click button "Logout": Click button "Logout"

2021-01-21 17:49:08 - [MESSAGE][INFO] - >>>>>//Button[contains(text(),'Logout')]

2021-01-21 17:49:11 - [MESSAGE][PASSED] - Object '' is present

2021-01-21 17:49:12 - [MESSAGE][PASSED] - Object: '' is clicked on

2021-01-21 17:49:12 - [MESSAGE][PASSED] - Switched to window with index: '0'

2021-01-21 17:49:12 - [MESSAGE][PASSED] - Click button "Logout"

2021-01-21 17:49:12 - [TEST_STEP][PASSED] - Close browser: Close browser

2021-01-21 17:49:12 - [MESSAGE][PASSED] - Browser is closed

2021-01-21 17:49:12 - [MESSAGE][PASSED] - Close browser

2021-01-21 17:49:12 - [TEST_CASE][PASSED] - Start Test Case : SCENARIO Search by STATUS Success to Disburse: SCENARIO Search by STATUS Success to Disburse

2021-01-21 17:49:12 - [TEST_STEP][PASSED] - Go to ISTools: Go to ISTools

2021-01-21 17:49:12 - [MESSAGE][INFO] - Starting 'Chrome (headless)' driver

2021-01-21 17:49:12 - [MESSAGE][INFO] - User set preference: ['args', '[--start-maximized, --disable-gpu, --no-proxy-server, â€“-no-sandbox, --allow-running-insecure-content, --ignore-certificate-errors, window-size=1680,814, force-device-scale-factor=2, --lang=en-GB]']

2021-01-21 17:49:12 - [MESSAGE][INFO] - User set preference: ['prefs', '{download.default_directory=/Users/chaidir.pratama01/Katalon Studio/IST_Automation_Git/Download}']

2021-01-21 17:49:12 - [MESSAGE][INFO] - Action delay is set to 0 milliseconds

2021-01-21 17:49:12 - [MESSAGE][PASSED] - Browser is opened with url: ''

2021-01-21 17:49:13 - [MESSAGE][PASSED] - Navigate to 'https://dev-istools.homecredit.id/foundation/' successfully

2021-01-21 17:49:13 - [MESSAGE][PASSED] - Go to ISTools

2021-01-21 17:49:13 - [TEST_STEP][PASSED] - Login IST with valid credentials: Login IST with valid credentials

2021-01-21 17:49:13 - [MESSAGE][PASSED] - Text 'mobile.test' is set on object 'Object Repository/Page_/input_Username_j_username'

2021-01-21 17:49:13 - [MESSAGE][PASSED] - Text ****** has been set on object 'Object Repository/Page_/input_Password_j_password'

2021-01-21 17:49:13 - [MESSAGE][PASSED] - Object: 'Object Repository/Page_/button_Login' is clicked on

2021-01-21 17:49:13 - [MESSAGE][PASSED] - Login IST with valid credentials

2021-01-21 17:49:13 - [TEST_STEP][PASSED] - Login Success: Login Success

2021-01-21 17:49:13 - [MESSAGE][INFO] - Login Success

2021-01-21 17:49:13 - [MESSAGE][PASSED] - Current window maximized

2021-01-21 17:49:13 - [MESSAGE][PASSED] - Object 'Object Repository/Page_/h1_Welcome to IT Supporting Tools' is present

2021-01-21 17:49:13 - [MESSAGE][PASSED] - Login Success

2021-01-21 17:49:13 - [TEST_STEP][PASSED] - Select Arrow Menu "Real Time Disbursement": Select Arrow Menu "Real Time Disbursement"

2021-01-21 17:49:13 - [MESSAGE][PASSED] - Object: '' is clicked on

2021-01-21 17:49:13 - [MESSAGE][PASSED] - Select Arrow Menu "Real Time Disbursement"

2021-01-21 17:49:13 - [TEST_STEP][PASSED] - Select Menu "Dashboard for Risk": Select Menu "Dashboard for Risk"

2021-01-21 17:49:14 - [MESSAGE][PASSED] - Taking screenshot successfully
[[ATTACHMENT|/Users/chaidir.pratama01/Documents/Docs/Katalon Studio/Screenshot/test-Dashboard for Risk.png]]

2021-01-21 17:49:14 - [MESSAGE][PASSED] - Object '' is present

2021-01-21 17:49:14 - [MESSAGE][PASSED] - Object: '' is clicked on

2021-01-21 17:49:14 - [MESSAGE][PASSED] - Wait for page load successfully

2021-01-21 17:49:14 - [MESSAGE][PASSED] - Select Menu "Dashboard for Risk"

2021-01-21 17:49:14 - [TEST_STEP][PASSED] - Select STATUS "Success to Disburse": Select STATUS "Success to Disburse"

2021-01-21 17:49:14 - [MESSAGE][PASSED] - All options with value 'Success to Disburse' are selected in object ''  using regular expression

2021-01-21 17:49:14 - [MESSAGE][PASSED] - Select STATUS "Success to Disburse"

2021-01-21 17:49:14 - [TEST_STEP][PASSED] - Click button "Search": Click button "Search"

2021-01-21 17:49:14 - [MESSAGE][INFO] - >>>>>//Button[contains(text(),'Search')]

2021-01-21 17:49:17 - [MESSAGE][PASSED] - Object '' is present

2021-01-21 17:49:17 - [MESSAGE][PASSED] - Object: '' is clicked on

2021-01-21 17:49:17 - [MESSAGE][PASSED] - Switched to window with index: '0'

2021-01-21 17:49:17 - [MESSAGE][PASSED] - Click button "Search"

2021-01-21 17:49:17 - [TEST_STEP][PASSED] - Verify Search Result Presents: Verify Search Result Presents

2021-01-21 17:49:17 - [MESSAGE][PASSED] - Object '' is present

2021-01-21 17:49:18 - [MESSAGE][PASSED] - Verify Search Result Presents

2021-01-21 17:49:18 - [TEST_STEP][PASSED] - Click button "Logout": Click button "Logout"

2021-01-21 17:49:18 - [MESSAGE][INFO] - >>>>>//Button[contains(text(),'Logout')]

2021-01-21 17:49:21 - [MESSAGE][PASSED] - Object '' is present

2021-01-21 17:49:21 - [MESSAGE][PASSED] - Object: '' is clicked on

2021-01-21 17:49:21 - [MESSAGE][PASSED] - Switched to window with index: '0'

2021-01-21 17:49:21 - [MESSAGE][PASSED] - Click button "Logout"

2021-01-21 17:49:21 - [TEST_STEP][PASSED] - Close browser: Close browser

2021-01-21 17:49:22 - [MESSAGE][PASSED] - Browser is closed

2021-01-21 17:49:22 - [MESSAGE][PASSED] - Close browser

2021-01-21 17:49:22 - [MESSAGE][PASSED] - Feature file: 'Include/features/IST_Real/RTD/Dashboard_for_Risk/Search_by_STATUS_Dashboard_for_Risk.feature' was passed]]></system-out>
         <system-err><![CDATA[]]></system-err>
      </testcase>
      <testcase name="Test Cases/RTD/Dashboard for Risk/TC_Search_by_Contract_Number_Dashboard_for_Risk" time="6.636" classname="Test Cases/RTD/Dashboard for Risk/TC_Search_by_Contract_Number_Dashboard_for_Risk" status="PASSED">
         <system-out><![CDATA[2021-01-21 17:49:22 - [TEST_CASE][PASSED] - Test Cases/RTD/Dashboard for Risk/TC_Search_by_Contract_Number_Dashboard_for_Risk: Test Cases/RTD/Dashboard for Risk/TC_Search_by_Contract_Number_Dashboard_for_Risk

2021-01-21 17:49:22 - [TEST_STEP][PASSED] - runFeatureFile("Include/features/IST_Real/RTD/Dashboard_for_Risk/Search_by_Contract_Number_Dashboard_for_Risk.feature"): Feature file: 'Include/features/IST_Real/RTD/Dashboard_for_Risk/Search_by_Contract_Number_Dashboard_for_Risk.feature' was passed

2021-01-21 17:49:22 - [MESSAGE][INFO] - Starting run keyword runFeatureFile: 'Include/features/IST_Real/RTD/Dashboard_for_Risk/Search_by_Contract_Number_Dashboard_for_Risk.feature' and extract report to folder: '/Users/chaidir.pratama01/Katalon Studio/IST_Automation_Git/Reports/20210121_172548/RTD/TS_Dashboard_for_Risk/20210121_172553/cucumber_report/1611226162148'...

2021-01-21 17:49:22 - [TEST_CASE][PASSED] - Start Test Case : SCENARIO Search by Contract Number and it found on Dashboard: SCENARIO Search by Contract Number and it found on Dashboard

2021-01-21 17:49:22 - [TEST_STEP][PASSED] - Go to ISTools: Go to ISTools

2021-01-21 17:49:22 - [MESSAGE][INFO] - Starting 'Chrome (headless)' driver

2021-01-21 17:49:22 - [MESSAGE][INFO] - User set preference: ['args', '[--start-maximized, --disable-gpu, --no-proxy-server, â€“-no-sandbox, --allow-running-insecure-content, --ignore-certificate-errors, window-size=1680,814, force-device-scale-factor=2, --lang=en-GB]']

2021-01-21 17:49:22 - [MESSAGE][INFO] - User set preference: ['prefs', '{download.default_directory=/Users/chaidir.pratama01/Katalon Studio/IST_Automation_Git/Download}']

2021-01-21 17:49:22 - [MESSAGE][INFO] - Action delay is set to 0 milliseconds

2021-01-21 17:49:22 - [MESSAGE][PASSED] - Browser is opened with url: ''

2021-01-21 17:49:23 - [MESSAGE][PASSED] - Navigate to 'https://dev-istools.homecredit.id/foundation/' successfully

2021-01-21 17:49:23 - [MESSAGE][PASSED] - Go to ISTools

2021-01-21 17:49:23 - [TEST_STEP][PASSED] - Login IST with valid credentials: Login IST with valid credentials

2021-01-21 17:49:23 - [MESSAGE][PASSED] - Text 'mobile.test' is set on object 'Object Repository/Page_/input_Username_j_username'

2021-01-21 17:49:23 - [MESSAGE][PASSED] - Text ****** has been set on object 'Object Repository/Page_/input_Password_j_password'

2021-01-21 17:49:23 - [MESSAGE][PASSED] - Object: 'Object Repository/Page_/button_Login' is clicked on

2021-01-21 17:49:23 - [MESSAGE][PASSED] - Login IST with valid credentials

2021-01-21 17:49:23 - [TEST_STEP][PASSED] - Login Success: Login Success

2021-01-21 17:49:23 - [MESSAGE][INFO] - Login Success

2021-01-21 17:49:23 - [MESSAGE][PASSED] - Current window maximized

2021-01-21 17:49:23 - [MESSAGE][PASSED] - Object 'Object Repository/Page_/h1_Welcome to IT Supporting Tools' is present

2021-01-21 17:49:23 - [MESSAGE][PASSED] - Login Success

2021-01-21 17:49:23 - [TEST_STEP][PASSED] - Select Arrow Menu "Real Time Disbursement": Select Arrow Menu "Real Time Disbursement"

2021-01-21 17:49:24 - [MESSAGE][PASSED] - Object: '' is clicked on

2021-01-21 17:49:24 - [MESSAGE][PASSED] - Select Arrow Menu "Real Time Disbursement"

2021-01-21 17:49:24 - [TEST_STEP][PASSED] - Select Menu "Dashboard for Risk": Select Menu "Dashboard for Risk"

2021-01-21 17:49:24 - [MESSAGE][PASSED] - Taking screenshot successfully
[[ATTACHMENT|/Users/chaidir.pratama01/Documents/Docs/Katalon Studio/Screenshot/test-Dashboard for Risk.png]]

2021-01-21 17:49:24 - [MESSAGE][PASSED] - Object '' is present

2021-01-21 17:49:24 - [MESSAGE][PASSED] - Object: '' is clicked on

2021-01-21 17:49:24 - [MESSAGE][PASSED] - Wait for page load successfully

2021-01-21 17:49:24 - [MESSAGE][PASSED] - Select Menu "Dashboard for Risk"

2021-01-21 17:49:24 - [TEST_STEP][PASSED] - Input Contract RTD in Contract Number label: Input Contract RTD in Contract Number label

2021-01-21 17:49:24 - [MESSAGE][PASSED] - Text '4000014162' is set on object ''

2021-01-21 17:49:24 - [MESSAGE][PASSED] - Input Contract RTD in Contract Number label

2021-01-21 17:49:24 - [TEST_STEP][PASSED] - Click button "Search": Click button "Search"

2021-01-21 17:49:24 - [MESSAGE][INFO] - >>>>>//Button[contains(text(),'Search')]

2021-01-21 17:49:27 - [MESSAGE][PASSED] - Object '' is present

2021-01-21 17:49:27 - [MESSAGE][PASSED] - Object: '' is clicked on

2021-01-21 17:49:27 - [MESSAGE][PASSED] - Switched to window with index: '0'

2021-01-21 17:49:27 - [MESSAGE][PASSED] - Click button "Search"

2021-01-21 17:49:27 - [TEST_STEP][PASSED] - Verify Search Result Presents: Verify Search Result Presents

2021-01-21 17:49:28 - [MESSAGE][PASSED] - Object '' is present

2021-01-21 17:49:28 - [MESSAGE][PASSED] - Verify Search Result Presents

2021-01-21 17:49:28 - [MESSAGE][PASSED] - Feature file: 'Include/features/IST_Real/RTD/Dashboard_for_Risk/Search_by_Contract_Number_Dashboard_for_Risk.feature' was passed]]></system-out>
         <system-err><![CDATA[]]></system-err>
      </testcase>
      <system-out><![CDATA[2021-01-21 17:45:59 - [TEST_SUITE][FAILED] - TS_Dashboard_for_Risk: Test Cases/RTD/Dashboard for Risk/TC_View_Detail_Dashboard_for_Risk FAILED.
Reason:
com.kms.katalon.core.exception.StepFailedException: Feature file 'Include/features/IST_Real/RTD/Dashboard_for_Risk/View_Detail_Dashboard_for_Risk.feature' was failed
	at com.kms.katalon.core.keyword.internal.KeywordMain.stepFailed(KeywordMain.groovy:50)
	at com.kms.katalon.core.keyword.internal.KeywordMain.stepFailed(KeywordMain.groovy)
	at com.kms.katalon.core.keyword.internal.KeywordMain.stepFailed(KeywordMain.groovy:23)
	at com.kms.katalon.core.keyword.internal.KeywordMain$stepFailed$0.call(Unknown Source)
	at com.kms.katalon.core.cucumber.keyword.CucumberBuiltinKeywords$_runFeatureFile_closure1.doCall(CucumberBuiltinKeywords.groovy:82)
	at com.kms.katalon.core.cucumber.keyword.CucumberBuiltinKeywords$_runFeatureFile_closure1.doCall(CucumberBuiltinKeywords.groovy)
	at com.kms.katalon.core.keyword.internal.KeywordMain.runKeyword(KeywordMain.groovy:68)
	at com.kms.katalon.core.keyword.internal.KeywordMain$runKeyword.call(Unknown Source)
	at com.kms.katalon.core.cucumber.keyword.CucumberBuiltinKeywords.runFeatureFile(CucumberBuiltinKeywords.groovy:46)
	at com.kms.katalon.core.cucumber.keyword.CucumberBuiltinKeywords$runFeatureFile$0.callStatic(Unknown Source)
	at com.kms.katalon.core.cucumber.keyword.CucumberBuiltinKeywords.runFeatureFile(CucumberBuiltinKeywords.groovy:169)
	at com.kms.katalon.core.cucumber.keyword.CucumberBuiltinKeywords$runFeatureFile.call(Unknown Source)
	at TC_View_Detail_Dashboard_for_Risk.run(TC_View_Detail_Dashboard_for_Risk:18)
	at com.kms.katalon.core.main.ScriptEngine.run(ScriptEngine.java:194)
	at com.kms.katalon.core.main.ScriptEngine.runScriptAsRawText(ScriptEngine.java:119)
	at com.kms.katalon.core.main.TestCaseExecutor.runScript(TestCaseExecutor.java:339)
	at com.kms.katalon.core.main.TestCaseExecutor.doExecute(TestCaseExecutor.java:330)
	at com.kms.katalon.core.main.TestCaseExecutor.processExecutionPhase(TestCaseExecutor.java:309)
	at com.kms.katalon.core.main.TestCaseExecutor.accessMainPhase(TestCaseExecutor.java:301)
	at com.kms.katalon.core.main.TestCaseExecutor.execute(TestCaseExecutor.java:235)
	at com.kms.katalon.core.main.TestSuiteExecutor.accessTestCaseMainPhase(TestSuiteExecutor.java:191)
	at com.kms.katalon.core.main.TestSuiteExecutor.accessTestSuiteMainPhase(TestSuiteExecutor.java:141)
	at com.kms.katalon.core.main.TestSuiteExecutor.execute(TestSuiteExecutor.java:90)
	at com.kms.katalon.core.main.TestCaseMain.startTestSuite(TestCaseMain.java:157)
	at com.kms.katalon.core.main.TestCaseMain$startTestSuite$0.call(Unknown Source)
	at TempTestSuite1611224753682.run(TempTestSuite1611224753682.groovy:39)]]></system-out>
      <system-err><![CDATA[2021-01-21 17:45:59 - [TEST_SUITE][FAILED] - TS_Dashboard_for_Risk: Test Cases/RTD/Dashboard for Risk/TC_View_Detail_Dashboard_for_Risk FAILED.
Reason:
com.kms.katalon.core.exception.StepFailedException: Feature file 'Include/features/IST_Real/RTD/Dashboard_for_Risk/View_Detail_Dashboard_for_Risk.feature' was failed
	at com.kms.katalon.core.keyword.internal.KeywordMain.stepFailed(KeywordMain.groovy:50)
	at com.kms.katalon.core.keyword.internal.KeywordMain.stepFailed(KeywordMain.groovy)
	at com.kms.katalon.core.keyword.internal.KeywordMain.stepFailed(KeywordMain.groovy:23)
	at com.kms.katalon.core.keyword.internal.KeywordMain$stepFailed$0.call(Unknown Source)
	at com.kms.katalon.core.cucumber.keyword.CucumberBuiltinKeywords$_runFeatureFile_closure1.doCall(CucumberBuiltinKeywords.groovy:82)
	at com.kms.katalon.core.cucumber.keyword.CucumberBuiltinKeywords$_runFeatureFile_closure1.doCall(CucumberBuiltinKeywords.groovy)
	at com.kms.katalon.core.keyword.internal.KeywordMain.runKeyword(KeywordMain.groovy:68)
	at com.kms.katalon.core.keyword.internal.KeywordMain$runKeyword.call(Unknown Source)
	at com.kms.katalon.core.cucumber.keyword.CucumberBuiltinKeywords.runFeatureFile(CucumberBuiltinKeywords.groovy:46)
	at com.kms.katalon.core.cucumber.keyword.CucumberBuiltinKeywords$runFeatureFile$0.callStatic(Unknown Source)
	at com.kms.katalon.core.cucumber.keyword.CucumberBuiltinKeywords.runFeatureFile(CucumberBuiltinKeywords.groovy:169)
	at com.kms.katalon.core.cucumber.keyword.CucumberBuiltinKeywords$runFeatureFile.call(Unknown Source)
	at TC_View_Detail_Dashboard_for_Risk.run(TC_View_Detail_Dashboard_for_Risk:18)
	at com.kms.katalon.core.main.ScriptEngine.run(ScriptEngine.java:194)
	at com.kms.katalon.core.main.ScriptEngine.runScriptAsRawText(ScriptEngine.java:119)
	at com.kms.katalon.core.main.TestCaseExecutor.runScript(TestCaseExecutor.java:339)
	at com.kms.katalon.core.main.TestCaseExecutor.doExecute(TestCaseExecutor.java:330)
	at com.kms.katalon.core.main.TestCaseExecutor.processExecutionPhase(TestCaseExecutor.java:309)
	at com.kms.katalon.core.main.TestCaseExecutor.accessMainPhase(TestCaseExecutor.java:301)
	at com.kms.katalon.core.main.TestCaseExecutor.execute(TestCaseExecutor.java:235)
	at com.kms.katalon.core.main.TestSuiteExecutor.accessTestCaseMainPhase(TestSuiteExecutor.java:191)
	at com.kms.katalon.core.main.TestSuiteExecutor.accessTestSuiteMainPhase(TestSuiteExecutor.java:141)
	at com.kms.katalon.core.main.TestSuiteExecutor.execute(TestSuiteExecutor.java:90)
	at com.kms.katalon.core.main.TestCaseMain.startTestSuite(TestCaseMain.java:157)
	at com.kms.katalon.core.main.TestCaseMain$startTestSuite$0.call(Unknown Source)
	at TempTestSuite1611224753682.run(TempTestSuite1611224753682.groovy:39)]]></system-err>
   </testsuite>
   <testsuite name="TS_Partner_Disbursement" tests="5" failures="1" errors="0" time="460.773" timestamp="2021-01-21 17:50:10" hostname="chaidir.pratama01 - localhost" id="Test Suites/RTD/TS_Partner_Disbursement">
      <properties>
         <property name="deviceName" value=""/>
         <property name="devicePlatform" value=""/>
         <property name="logFolder" value="/Users/chaidir.pratama01/Katalon Studio/IST_Automation_Git/Reports/20210121_172548/RTD/TS_Partner_Disbursement/20210121_172554"/>
         <property name="logFiles" value="/Users/chaidir.pratama01/Katalon Studio/IST_Automation_Git/Reports/20210121_172548/RTD/TS_Partner_Disbursement/20210121_172554/execution0.log"/>
         <property name="attachments" value="/Users/chaidir.pratama01/Documents/Docs/Katalon Studio/Screenshot/test-Partner Disbursement.png, /Users/chaidir.pratama01/Documents/Docs/Katalon Studio/Screenshot/test-Partner Disbursement.png, /Users/chaidir.pratama01/Katalon Studio/IST_Automation_Git/Reports/20210121_172548/RTD/TS_Partner_Disbursement/20210121_172554/1611226233660.png, /Users/chaidir.pratama01/Documents/Docs/Katalon Studio/Screenshot/test-Partner Disbursement.png, /Users/chaidir.pratama01/Katalon Studio/IST_Automation_Git/Reports/20210121_172548/RTD/TS_Partner_Disbursement/20210121_172554/1611226247699.png, /Users/chaidir.pratama01/Documents/Docs/Katalon Studio/Screenshot/test-Partner Disbursement.png, /Users/chaidir.pratama01/Katalon Studio/IST_Automation_Git/Reports/20210121_172548/RTD/TS_Partner_Disbursement/20210121_172554/1611226261726.png, /Users/chaidir.pratama01/Documents/Docs/Katalon Studio/Screenshot/test-Partner Disbursement.png, /Users/chaidir.pratama01/Documents/Docs/Katalon Studio/Screenshot/test-Partner Disbursement.png, /Users/chaidir.pratama01/Katalon Studio/IST_Automation_Git/Reports/20210121_172548/RTD/TS_Partner_Disbursement/20210121_172554/1611226289861.png, /Users/chaidir.pratama01/Documents/Docs/Katalon Studio/Screenshot/test-Partner Disbursement.png, /Users/chaidir.pratama01/Documents/Docs/Katalon Studio/Screenshot/test-Partner Disbursement.png, /Users/chaidir.pratama01/Katalon Studio/IST_Automation_Git/Reports/20210121_172548/RTD/TS_Partner_Disbursement/20210121_172554/1611226314825.png, /Users/chaidir.pratama01/Documents/Docs/Katalon Studio/Screenshot/test-Partner Disbursement.png, /Users/chaidir.pratama01/Katalon Studio/IST_Automation_Git/Reports/20210121_172548/RTD/TS_Partner_Disbursement/20210121_172554/1611226328782.png, /Users/chaidir.pratama01/Documents/Docs/Katalon Studio/Screenshot/test-Partner Disbursement.png, /Users/chaidir.pratama01/Documents/Docs/Katalon Studio/Screenshot/test-Partner Disbursement.png, /Users/chaidir.pratama01/Documents/Docs/Katalon Studio/Screenshot/test-Partner Disbursement.png, /Users/chaidir.pratama01/Katalon Studio/IST_Automation_Git/Reports/20210121_172548/RTD/TS_Partner_Disbursement/20210121_172554/1611226379580.png, /Users/chaidir.pratama01/Documents/Docs/Katalon Studio/Screenshot/test-Partner Disbursement.png, /Users/chaidir.pratama01/Katalon Studio/IST_Automation_Git/Reports/20210121_172548/RTD/TS_Partner_Disbursement/20210121_172554/1611226393530.png, /Users/chaidir.pratama01/Katalon Studio/IST_Automation_Git/Reports/20210121_172548/RTD/TS_Partner_Disbursement/20210121_172554/1611226582211.png, /Users/chaidir.pratama01/Katalon Studio/IST_Automation_Git/Reports/20210121_172548/RTD/TS_Partner_Disbursement/20210121_172554/1611226584502.png, /Users/chaidir.pratama01/Katalon Studio/IST_Automation_Git/Reports/20210121_172548/RTD/TS_Partner_Disbursement/20210121_172554/1611226625266.png, /Users/chaidir.pratama01/Documents/Docs/Katalon Studio/Screenshot/test-Partner Disbursement.png, /Users/chaidir.pratama01/Documents/Docs/Katalon Studio/Screenshot/Download_data.png, /Users/chaidir.pratama01/Documents/Docs/Katalon Studio/Screenshot/test-Partner Disbursement.png, /Users/chaidir.pratama01/Documents/Docs/Katalon Studio/Screenshot/test-Partner Disbursement.png, /Users/chaidir.pratama01/Documents/Docs/Katalon Studio/Screenshot/test-Partner Disbursement.png"/>
         <property name="hostName" value="chaidir.pratama01 - localhost"/>
         <property name="os" value="Mac OS X 64bit"/>
         <property name="katalonVersion" value="7.6.0.${buildNumber}"/>
         <property name="browser" value="Chrome 87.0.4280.141"/>
         <property name="hostAddress" value="127.0.0.1"/>
         <property name="sessionId" value="2a140f45a9f34d808e152ba9694ad371"/>
         <property name="seleniumVersion" value="3.141.59"/>
         <property name="proxyInformation" value="ProxyInformation { proxyOption=NO_PROXY, proxyServerType=HTTP, username=, password=********, proxyServerAddress=, proxyServerPort=0, executionList=\&quot;\&quot;, isApplyToDesiredCapabilities=true }"/>
         <property name="platform" value="Mac OS X"/>
      </properties>
      <testcase name="Test Cases/RTD/Partner Disbursement/TC_Search_by_STATUS" time="414.738" classname="Test Cases/RTD/Partner Disbursement/TC_Search_by_STATUS" status="FAILED">
         <failure type="FAILED" message="Test Cases/RTD/Partner Disbursement/TC_Search_by_STATUS FAILED.
Reason:
com.kms.katalon.core.exception.StepFailedException: Feature file 'Include/features/IST_Real/RTD/Partner_Disbursement/Search_by_STATUS.feature' was failed
	at com.kms.katalon.core.keyword.internal.KeywordMain.stepFailed(KeywordMain.groovy:50)
	at com.kms.katalon.core.keyword.internal.KeywordMain.stepFailed(KeywordMain.groovy)
	at com.kms.katalon.core.keyword.internal.KeywordMain.stepFailed(KeywordMain.groovy:23)
	at com.kms.katalon.core.keyword.internal.KeywordMain$stepFailed$0.call(Unknown Source)
	at com.kms.katalon.core.cucumber.keyword.CucumberBuiltinKeywords$_runFeatureFile_closure1.doCall(CucumberBuiltinKeywords.groovy:82)
	at com.kms.katalon.core.cucumber.keyword.CucumberBuiltinKeywords$_runFeatureFile_closure1.doCall(CucumberBuiltinKeywords.groovy)
	at com.kms.katalon.core.keyword.internal.KeywordMain.runKeyword(KeywordMain.groovy:68)
	at com.kms.katalon.core.keyword.internal.KeywordMain$runKeyword.call(Unknown Source)
	at com.kms.katalon.core.cucumber.keyword.CucumberBuiltinKeywords.runFeatureFile(CucumberBuiltinKeywords.groovy:46)
	at com.kms.katalon.core.cucumber.keyword.CucumberBuiltinKeywords$runFeatureFile$0.callStatic(Unknown Source)
	at com.kms.katalon.core.cucumber.keyword.CucumberBuiltinKeywords.runFeatureFile(CucumberBuiltinKeywords.groovy:169)
	at com.kms.katalon.core.cucumber.keyword.CucumberBuiltinKeywords$runFeatureFile.call(Unknown Source)
	at TC_Search_by_STATUS.run(TC_Search_by_STATUS:18)
	at com.kms.katalon.core.main.ScriptEngine.run(ScriptEngine.java:194)
	at com.kms.katalon.core.main.ScriptEngine.runScriptAsRawText(ScriptEngine.java:119)
	at com.kms.katalon.core.main.TestCaseExecutor.runScript(TestCaseExecutor.java:339)
	at com.kms.katalon.core.main.TestCaseExecutor.doExecute(TestCaseExecutor.java:330)
	at com.kms.katalon.core.main.TestCaseExecutor.processExecutionPhase(TestCaseExecutor.java:309)
	at com.kms.katalon.core.main.TestCaseExecutor.accessMainPhase(TestCaseExecutor.java:301)
	at com.kms.katalon.core.main.TestCaseExecutor.execute(TestCaseExecutor.java:235)
	at com.kms.katalon.core.main.TestSuiteExecutor.accessTestCaseMainPhase(TestSuiteExecutor.java:191)
	at com.kms.katalon.core.main.TestSuiteExecutor.accessTestSuiteMainPhase(TestSuiteExecutor.java:141)
	at com.kms.katalon.core.main.TestSuiteExecutor.execute(TestSuiteExecutor.java:90)
	at com.kms.katalon.core.main.TestCaseMain.startTestSuite(TestCaseMain.java:157)
	at com.kms.katalon.core.main.TestCaseMain$startTestSuite$0.call(Unknown Source)
	at TempTestSuite1611224754744.run(TempTestSuite1611224754744.groovy:39)
"/>
         <system-out><![CDATA[2021-01-21 17:50:11 - [TEST_CASE][FAILED] - Test Cases/RTD/Partner Disbursement/TC_Search_by_STATUS: Test Cases/RTD/Partner Disbursement/TC_Search_by_STATUS FAILED.
Reason:
com.kms.katalon.core.exception.StepFailedException: Feature file 'Include/features/IST_Real/RTD/Partner_Disbursement/Search_by_STATUS.feature' was failed
	at com.kms.katalon.core.keyword.internal.KeywordMain.stepFailed(KeywordMain.groovy:50)
	at com.kms.katalon.core.keyword.internal.KeywordMain.stepFailed(KeywordMain.groovy)
	at com.kms.katalon.core.keyword.internal.KeywordMain.stepFailed(KeywordMain.groovy:23)
	at com.kms.katalon.core.keyword.internal.KeywordMain$stepFailed$0.call(Unknown Source)
	at com.kms.katalon.core.cucumber.keyword.CucumberBuiltinKeywords$_runFeatureFile_closure1.doCall(CucumberBuiltinKeywords.groovy:82)
	at com.kms.katalon.core.cucumber.keyword.CucumberBuiltinKeywords$_runFeatureFile_closure1.doCall(CucumberBuiltinKeywords.groovy)
	at com.kms.katalon.core.keyword.internal.KeywordMain.runKeyword(KeywordMain.groovy:68)
	at com.kms.katalon.core.keyword.internal.KeywordMain$runKeyword.call(Unknown Source)
	at com.kms.katalon.core.cucumber.keyword.CucumberBuiltinKeywords.runFeatureFile(CucumberBuiltinKeywords.groovy:46)
	at com.kms.katalon.core.cucumber.keyword.CucumberBuiltinKeywords$runFeatureFile$0.callStatic(Unknown Source)
	at com.kms.katalon.core.cucumber.keyword.CucumberBuiltinKeywords.runFeatureFile(CucumberBuiltinKeywords.groovy:169)
	at com.kms.katalon.core.cucumber.keyword.CucumberBuiltinKeywords$runFeatureFile.call(Unknown Source)
	at TC_Search_by_STATUS.run(TC_Search_by_STATUS:18)
	at com.kms.katalon.core.main.ScriptEngine.run(ScriptEngine.java:194)
	at com.kms.katalon.core.main.ScriptEngine.runScriptAsRawText(ScriptEngine.java:119)
	at com.kms.katalon.core.main.TestCaseExecutor.runScript(TestCaseExecutor.java:339)
	at com.kms.katalon.core.main.TestCaseExecutor.doExecute(TestCaseExecutor.java:330)
	at com.kms.katalon.core.main.TestCaseExecutor.processExecutionPhase(TestCaseExecutor.java:309)
	at com.kms.katalon.core.main.TestCaseExecutor.accessMainPhase(TestCaseExecutor.java:301)
	at com.kms.katalon.core.main.TestCaseExecutor.execute(TestCaseExecutor.java:235)
	at com.kms.katalon.core.main.TestSuiteExecutor.accessTestCaseMainPhase(TestSuiteExecutor.java:191)
	at com.kms.katalon.core.main.TestSuiteExecutor.accessTestSuiteMainPhase(TestSuiteExecutor.java:141)
	at com.kms.katalon.core.main.TestSuiteExecutor.execute(TestSuiteExecutor.java:90)
	at com.kms.katalon.core.main.TestCaseMain.startTestSuite(TestCaseMain.java:157)
	at com.kms.katalon.core.main.TestCaseMain$startTestSuite$0.call(Unknown Source)
	at TempTestSuite1611224754744.run(TempTestSuite1611224754744.groovy:39)


2021-01-21 17:50:11 - [TEST_STEP][FAILED] - runFeatureFile("Include/features/IST_Real/RTD/Partner_Disbursement/Search_by_STATUS.feature"): Keyword runFeatureFile was failed (Root cause: com.kms.katalon.core.exception.StepFailedException: Feature file 'Include/features/IST_Real/RTD/Partner_Disbursement/Search_by_STATUS.feature' was failed
	at com.kms.katalon.core.keyword.internal.KeywordMain.stepFailed(KeywordMain.groovy:50)
	at com.kms.katalon.core.keyword.internal.KeywordMain.stepFailed(KeywordMain.groovy)
	at com.kms.katalon.core.keyword.internal.KeywordMain.stepFailed(KeywordMain.groovy:23)
	at com.kms.katalon.core.keyword.internal.KeywordMain$stepFailed$0.call(Unknown Source)
	at com.kms.katalon.core.cucumber.keyword.CucumberBuiltinKeywords$_runFeatureFile_closure1.doCall(CucumberBuiltinKeywords.groovy:82)
	at com.kms.katalon.core.cucumber.keyword.CucumberBuiltinKeywords$_runFeatureFile_closure1.doCall(CucumberBuiltinKeywords.groovy)
	at com.kms.katalon.core.keyword.internal.KeywordMain.runKeyword(KeywordMain.groovy:68)
	at com.kms.katalon.core.keyword.internal.KeywordMain$runKeyword.call(Unknown Source)
	at com.kms.katalon.core.cucumber.keyword.CucumberBuiltinKeywords.runFeatureFile(CucumberBuiltinKeywords.groovy:46)
	at com.kms.katalon.core.cucumber.keyword.CucumberBuiltinKeywords$runFeatureFile$0.callStatic(Unknown Source)
	at com.kms.katalon.core.cucumber.keyword.CucumberBuiltinKeywords.runFeatureFile(CucumberBuiltinKeywords.groovy:169)
	at com.kms.katalon.core.cucumber.keyword.CucumberBuiltinKeywords$runFeatureFile.call(Unknown Source)
	at TC_Search_by_STATUS.run(TC_Search_by_STATUS:18)
	at com.kms.katalon.core.main.ScriptEngine.run(ScriptEngine.java:194)
	at com.kms.katalon.core.main.ScriptEngine.runScriptAsRawText(ScriptEngine.java:119)
	at com.kms.katalon.core.main.TestCaseExecutor.runScript(TestCaseExecutor.java:339)
	at com.kms.katalon.core.main.TestCaseExecutor.doExecute(TestCaseExecutor.java:330)
	at com.kms.katalon.core.main.TestCaseExecutor.processExecutionPhase(TestCaseExecutor.java:309)
	at com.kms.katalon.core.main.TestCaseExecutor.accessMainPhase(TestCaseExecutor.java:301)
	at com.kms.katalon.core.main.TestCaseExecutor.execute(TestCaseExecutor.java:235)
	at com.kms.katalon.core.main.TestSuiteExecutor.accessTestCaseMainPhase(TestSuiteExecutor.java:191)
	at com.kms.katalon.core.main.TestSuiteExecutor.accessTestSuiteMainPhase(TestSuiteExecutor.java:141)
	at com.kms.katalon.core.main.TestSuiteExecutor.execute(TestSuiteExecutor.java:90)
	at com.kms.katalon.core.main.TestCaseMain.startTestSuite(TestCaseMain.java:157)
	at com.kms.katalon.core.main.TestCaseMain$startTestSuite$0.call(Unknown Source)
	at TempTestSuite1611224754744.run(TempTestSuite1611224754744.groovy:39)
)

2021-01-21 17:50:11 - [MESSAGE][INFO] - Starting run keyword runFeatureFile: 'Include/features/IST_Real/RTD/Partner_Disbursement/Search_by_STATUS.feature' and extract report to folder: '/Users/chaidir.pratama01/Katalon Studio/IST_Automation_Git/Reports/20210121_172548/RTD/TS_Partner_Disbursement/20210121_172554/cucumber_report/1611226211289'...

2021-01-21 17:50:11 - [TEST_CASE][PASSED] - Start Test Case : SCENARIO Search by STATUS Eligible to Disburse: SCENARIO Search by STATUS Eligible to Disburse

2021-01-21 17:50:11 - [TEST_STEP][PASSED] - Go to ISTools: Go to ISTools

2021-01-21 17:50:11 - [MESSAGE][INFO] - Starting 'Chrome (headless)' driver

2021-01-21 17:50:11 - [MESSAGE][INFO] - User set preference: ['args', '[--start-maximized, --disable-gpu, --no-proxy-server, â€“-no-sandbox, --allow-running-insecure-content, --ignore-certificate-errors, window-size=1680,814, force-device-scale-factor=2, --lang=en-GB]']

2021-01-21 17:50:11 - [MESSAGE][INFO] - User set preference: ['prefs', '{download.default_directory=/Users/chaidir.pratama01/Katalon Studio/IST_Automation_Git/Download}']

2021-01-21 17:50:11 - [MESSAGE][INFO] - Action delay is set to 0 milliseconds

2021-01-21 17:50:12 - [MESSAGE][PASSED] - Browser is opened with url: ''

2021-01-21 17:50:14 - [MESSAGE][PASSED] - Navigate to 'https://dev-istools.homecredit.id/foundation/' successfully

2021-01-21 17:50:14 - [MESSAGE][PASSED] - Go to ISTools

2021-01-21 17:50:14 - [TEST_STEP][PASSED] - Login IST with valid credentials: Login IST with valid credentials

2021-01-21 17:50:14 - [MESSAGE][PASSED] - Text 'mobile.test' is set on object 'Object Repository/Page_/input_Username_j_username'

2021-01-21 17:50:14 - [MESSAGE][PASSED] - Text ****** has been set on object 'Object Repository/Page_/input_Password_j_password'

2021-01-21 17:50:15 - [MESSAGE][PASSED] - Object: 'Object Repository/Page_/button_Login' is clicked on

2021-01-21 17:50:15 - [MESSAGE][PASSED] - Login IST with valid credentials

2021-01-21 17:50:15 - [TEST_STEP][PASSED] - Login Success: Login Success

2021-01-21 17:50:15 - [MESSAGE][INFO] - Login Success

2021-01-21 17:50:15 - [MESSAGE][PASSED] - Current window maximized

2021-01-21 17:50:15 - [MESSAGE][PASSED] - Object 'Object Repository/Page_/h1_Welcome to IT Supporting Tools' is present

2021-01-21 17:50:15 - [MESSAGE][PASSED] - Login Success

2021-01-21 17:50:15 - [TEST_STEP][PASSED] - Select Arrow Menu "Real Time Disbursement": Select Arrow Menu "Real Time Disbursement"

2021-01-21 17:50:15 - [MESSAGE][PASSED] - Object: '' is clicked on

2021-01-21 17:50:15 - [MESSAGE][PASSED] - Select Arrow Menu "Real Time Disbursement"

2021-01-21 17:50:15 - [TEST_STEP][PASSED] - Select Menu "Partner Disbursement": Select Menu "Partner Disbursement"

2021-01-21 17:50:15 - [MESSAGE][PASSED] - Taking screenshot successfully
[[ATTACHMENT|/Users/chaidir.pratama01/Documents/Docs/Katalon Studio/Screenshot/test-Partner Disbursement.png]]

2021-01-21 17:50:15 - [MESSAGE][PASSED] - Object '' is present

2021-01-21 17:50:15 - [MESSAGE][PASSED] - Object: '' is clicked on

2021-01-21 17:50:15 - [MESSAGE][PASSED] - Wait for page load successfully

2021-01-21 17:50:15 - [MESSAGE][PASSED] - Select Menu "Partner Disbursement"

2021-01-21 17:50:15 - [TEST_STEP][PASSED] - Select STATUS "Eligible to disburse": Select STATUS "Eligible to disburse"

2021-01-21 17:50:16 - [MESSAGE][PASSED] - All options with value 'Eligible to disburse' are selected in object ''  using regular expression

2021-01-21 17:50:16 - [MESSAGE][PASSED] - Select STATUS "Eligible to disburse"

2021-01-21 17:50:16 - [TEST_STEP][PASSED] - Click button "Search": Click button "Search"

2021-01-21 17:50:16 - [MESSAGE][INFO] - >>>>>//Button[contains(text(),'Search')]

2021-01-21 17:50:19 - [MESSAGE][PASSED] - Object '' is present

2021-01-21 17:50:19 - [MESSAGE][PASSED] - Object: '' is clicked on

2021-01-21 17:50:19 - [MESSAGE][PASSED] - Switched to window with index: '0'

2021-01-21 17:50:19 - [MESSAGE][PASSED] - Click button "Search"

2021-01-21 17:50:19 - [TEST_STEP][PASSED] - Verify Search Result Presents: Verify Search Result Presents

2021-01-21 17:50:19 - [MESSAGE][PASSED] - Object '' is present

2021-01-21 17:50:20 - [MESSAGE][PASSED] - Verify Search Result Presents

2021-01-21 17:50:20 - [TEST_STEP][PASSED] - Click button "Logout": Click button "Logout"

2021-01-21 17:50:20 - [MESSAGE][INFO] - >>>>>//Button[contains(text(),'Logout')]

2021-01-21 17:50:23 - [MESSAGE][PASSED] - Object '' is present

2021-01-21 17:50:23 - [MESSAGE][PASSED] - Object: '' is clicked on

2021-01-21 17:50:23 - [MESSAGE][PASSED] - Switched to window with index: '0'

2021-01-21 17:50:23 - [MESSAGE][PASSED] - Click button "Logout"

2021-01-21 17:50:23 - [TEST_STEP][PASSED] - Close browser: Close browser

2021-01-21 17:50:23 - [MESSAGE][PASSED] - Browser is closed

2021-01-21 17:50:23 - [MESSAGE][PASSED] - Close browser

2021-01-21 17:50:23 - [TEST_CASE][PASSED] - Start Test Case : SCENARIO Search by STATUS Waiting validation from Risk: SCENARIO Search by STATUS Waiting validation from Risk

2021-01-21 17:50:23 - [TEST_STEP][PASSED] - Go to ISTools: Go to ISTools

2021-01-21 17:50:23 - [MESSAGE][INFO] - Starting 'Chrome (headless)' driver

2021-01-21 17:50:23 - [MESSAGE][INFO] - User set preference: ['args', '[--start-maximized, --disable-gpu, --no-proxy-server, â€“-no-sandbox, --allow-running-insecure-content, --ignore-certificate-errors, window-size=1680,814, force-device-scale-factor=2, --lang=en-GB]']

2021-01-21 17:50:23 - [MESSAGE][INFO] - User set preference: ['prefs', '{download.default_directory=/Users/chaidir.pratama01/Katalon Studio/IST_Automation_Git/Download}']

2021-01-21 17:50:23 - [MESSAGE][INFO] - Action delay is set to 0 milliseconds

2021-01-21 17:50:24 - [MESSAGE][PASSED] - Browser is opened with url: ''

2021-01-21 17:50:24 - [MESSAGE][PASSED] - Navigate to 'https://dev-istools.homecredit.id/foundation/' successfully

2021-01-21 17:50:24 - [MESSAGE][PASSED] - Go to ISTools

2021-01-21 17:50:24 - [TEST_STEP][PASSED] - Login IST with valid credentials: Login IST with valid credentials

2021-01-21 17:50:24 - [MESSAGE][PASSED] - Text 'mobile.test' is set on object 'Object Repository/Page_/input_Username_j_username'

2021-01-21 17:50:25 - [MESSAGE][PASSED] - Text ****** has been set on object 'Object Repository/Page_/input_Password_j_password'

2021-01-21 17:50:25 - [MESSAGE][PASSED] - Object: 'Object Repository/Page_/button_Login' is clicked on

2021-01-21 17:50:25 - [MESSAGE][PASSED] - Login IST with valid credentials

2021-01-21 17:50:25 - [TEST_STEP][PASSED] - Login Success: Login Success

2021-01-21 17:50:25 - [MESSAGE][INFO] - Login Success

2021-01-21 17:50:25 - [MESSAGE][PASSED] - Current window maximized

2021-01-21 17:50:25 - [MESSAGE][PASSED] - Object 'Object Repository/Page_/h1_Welcome to IT Supporting Tools' is present

2021-01-21 17:50:25 - [MESSAGE][PASSED] - Login Success

2021-01-21 17:50:25 - [TEST_STEP][PASSED] - Select Arrow Menu "Real Time Disbursement": Select Arrow Menu "Real Time Disbursement"

2021-01-21 17:50:25 - [MESSAGE][PASSED] - Object: '' is clicked on

2021-01-21 17:50:25 - [MESSAGE][PASSED] - Select Arrow Menu "Real Time Disbursement"

2021-01-21 17:50:25 - [TEST_STEP][PASSED] - Select Menu "Partner Disbursement": Select Menu "Partner Disbursement"

2021-01-21 17:50:26 - [MESSAGE][PASSED] - Taking screenshot successfully
[[ATTACHMENT|/Users/chaidir.pratama01/Documents/Docs/Katalon Studio/Screenshot/test-Partner Disbursement.png]]

2021-01-21 17:50:26 - [MESSAGE][PASSED] - Object '' is present

2021-01-21 17:50:26 - [MESSAGE][PASSED] - Object: '' is clicked on

2021-01-21 17:50:26 - [MESSAGE][PASSED] - Wait for page load successfully

2021-01-21 17:50:26 - [MESSAGE][PASSED] - Select Menu "Partner Disbursement"

2021-01-21 17:50:26 - [TEST_STEP][PASSED] - Select STATUS "Waiting validation from Risk": Select STATUS "Waiting validation from Risk"

2021-01-21 17:50:26 - [MESSAGE][PASSED] - All options with value 'Waiting validation from Risk' are selected in object ''  using regular expression

2021-01-21 17:50:26 - [MESSAGE][PASSED] - Select STATUS "Waiting validation from Risk"

2021-01-21 17:50:26 - [TEST_STEP][PASSED] - Click button "Search": Click button "Search"

2021-01-21 17:50:26 - [MESSAGE][INFO] - >>>>>//Button[contains(text(),'Search')]

2021-01-21 17:50:29 - [MESSAGE][PASSED] - Object '' is present

2021-01-21 17:50:29 - [MESSAGE][PASSED] - Object: '' is clicked on

2021-01-21 17:50:29 - [MESSAGE][PASSED] - Switched to window with index: '0'

2021-01-21 17:50:29 - [MESSAGE][PASSED] - Click button "Search"

2021-01-21 17:50:29 - [TEST_STEP][PASSED] - Verify Search Result Presents: Verify Search Result Presents

2021-01-21 17:50:33 - [MESSAGE][INFO] - Unable to find the element located by 'By.xpath: //td[@style='display:none' and contains(text(),'-Empty-')]'. Please recheck the objects properties to make sure the desired element is located. 

2021-01-21 17:50:34 - [MESSAGE][WARNING] - com.kms.katalon.core.webui.exception.WebElementNotFoundException: Web element with id: '' located by '//td[@style='display:none' and contains(text(),'-Empty-')]' not found (Root cause: com.kms.katalon.core.exception.StepFailedException: com.kms.katalon.core.webui.exception.WebElementNotFoundException: Web element with id: '' located by '//td[@style='display:none' and contains(text(),'-Empty-')]' not found
	at com.kms.katalon.core.webui.keyword.internal.WebUIKeywordMain.stepFailed(WebUIKeywordMain.groovy:64)
	at com.kms.katalon.core.webui.keyword.builtin.VerifyElementPresentKeyword$_verifyElementPresent_closure1.doCall(VerifyElementPresentKeyword.groovy:85)
	at com.kms.katalon.core.webui.keyword.builtin.VerifyElementPresentKeyword$_verifyElementPresent_closure1.call(VerifyElementPresentKeyword.groovy)
	at com.kms.katalon.core.webui.keyword.internal.WebUIKeywordMain.runKeyword(WebUIKeywordMain.groovy:20)
	at com.kms.katalon.core.webui.keyword.builtin.VerifyElementPresentKeyword.verifyElementPresent(VerifyElementPresentKeyword.groovy:92)
	at com.kms.katalon.core.webui.keyword.builtin.VerifyElementPresentKeyword.execute(VerifyElementPresentKeyword.groovy:68)
	at com.kms.katalon.core.keyword.internal.KeywordExecutor.executeKeywordForPlatform(KeywordExecutor.groovy:73)
	at com.kms.katalon.core.webui.keyword.WebUiBuiltInKeywords.verifyElementPresent(WebUiBuiltInKeywords.groovy:1444)
	at com.kms.katalon.core.webui.keyword.WebUiBuiltInKeywords$verifyElementPresent$11.call(Unknown Source)
	at ist_real.Contract_Dispatcher.VerifyTblFilled(Contract_Dispatcher.groovy:1313)
	at ist_real.Contract_Dispatcher$VerifyTblFilled$0.call(Unknown Source)
	at RTD.Search_Result_Presents(RTD.groovy:191)
	at cucumber.runtime.Utils$1.call(Utils.java:26)
	at cucumber.runtime.Timeout.timeout(Timeout.java:16)
	at cucumber.runtime.Utils.invoke(Utils.java:20)
	at cucumber.runtime.java.JavaStepDefinition.execute(JavaStepDefinition.java:48)
	at cucumber.runtime.PickleStepDefinitionMatch.runStep(PickleStepDefinitionMatch.java:50)
	at cucumber.runner.TestStep.executeStep(TestStep.java:55)
	at cucumber.runner.TestStep.run(TestStep.java:42)
	at cucumber.runner.PickleStepTestStep.run(PickleStepTestStep.java:53)
	at cucumber.runner.TestCase.run(TestCase.java:47)
	at cucumber.runner.Runner.runPickle(Runner.java:44)
	at cucumber.runtime.Runtime.runFeature(Runtime.java:120)
	at cucumber.runtime.Runtime.run(Runtime.java:106)
	at cucumber.api.cli.Main.run(Main.java:35)
	at cucumber.api.cli.Main$run.call(Unknown Source)
	at com.kms.katalon.core.cucumber.keyword.CucumberBuiltinKeywords$_runFeatureFile_closure1.doCall(CucumberBuiltinKeywords.groovy:76)
	at com.kms.katalon.core.cucumber.keyword.CucumberBuiltinKeywords$_runFeatureFile_closure1.doCall(CucumberBuiltinKeywords.groovy)
	at com.kms.katalon.core.keyword.internal.KeywordMain.runKeyword(KeywordMain.groovy:68)
	at com.kms.katalon.core.keyword.internal.KeywordMain$runKeyword.call(Unknown Source)
	at com.kms.katalon.core.cucumber.keyword.CucumberBuiltinKeywords.runFeatureFile(CucumberBuiltinKeywords.groovy:46)
	at com.kms.katalon.core.cucumber.keyword.CucumberBuiltinKeywords$runFeatureFile$0.callStatic(Unknown Source)
	at com.kms.katalon.core.cucumber.keyword.CucumberBuiltinKeywords.runFeatureFile(CucumberBuiltinKeywords.groovy:169)
	at com.kms.katalon.core.cucumber.keyword.CucumberBuiltinKeywords$runFeatureFile.call(Unknown Source)
	at TC_Search_by_STATUS.run(TC_Search_by_STATUS:18)
	at com.kms.katalon.core.main.ScriptEngine.run(ScriptEngine.java:194)
	at com.kms.katalon.core.main.ScriptEngine.runScriptAsRawText(ScriptEngine.java:119)
	at com.kms.katalon.core.main.TestCaseExecutor.runScript(TestCaseExecutor.java:339)
	at com.kms.katalon.core.main.TestCaseExecutor.doExecute(TestCaseExecutor.java:330)
	at com.kms.katalon.core.main.TestCaseExecutor.processExecutionPhase(TestCaseExecutor.java:309)
	at com.kms.katalon.core.main.TestCaseExecutor.accessMainPhase(TestCaseExecutor.java:301)
	at com.kms.katalon.core.main.TestCaseExecutor.execute(TestCaseExecutor.java:235)
	at com.kms.katalon.core.main.TestSuiteExecutor.accessTestCaseMainPhase(TestSuiteExecutor.java:191)
	at com.kms.katalon.core.main.TestSuiteExecutor.accessTestSuiteMainPhase(TestSuiteExecutor.java:141)
	at com.kms.katalon.core.main.TestSuiteExecutor.execute(TestSuiteExecutor.java:90)
	at com.kms.katalon.core.main.TestCaseMain.startTestSuite(TestCaseMain.java:157)
	at com.kms.katalon.core.main.TestCaseMain$startTestSuite$0.call(Unknown Source)
	at TempTestSuite1611224754744.run(TempTestSuite1611224754744.groovy:39)
)
[[ATTACHMENT|/Users/chaidir.pratama01/Katalon Studio/IST_Automation_Git/Reports/20210121_172548/RTD/TS_Partner_Disbursement/20210121_172554/1611226233660.png]]

2021-01-21 17:50:34 - [MESSAGE][PASSED] - Verify Search Result Presents

2021-01-21 17:50:34 - [TEST_STEP][PASSED] - Click button "Logout": Click button "Logout"

2021-01-21 17:50:34 - [MESSAGE][INFO] - >>>>>//Button[contains(text(),'Logout')]

2021-01-21 17:50:37 - [MESSAGE][PASSED] - Object '' is present

2021-01-21 17:50:37 - [MESSAGE][PASSED] - Object: '' is clicked on

2021-01-21 17:50:37 - [MESSAGE][PASSED] - Switched to window with index: '0'

2021-01-21 17:50:37 - [MESSAGE][PASSED] - Click button "Logout"

2021-01-21 17:50:37 - [TEST_STEP][PASSED] - Close browser: Close browser

2021-01-21 17:50:37 - [MESSAGE][PASSED] - Browser is closed

2021-01-21 17:50:37 - [MESSAGE][PASSED] - Close browser

2021-01-21 17:50:37 - [TEST_CASE][PASSED] - Start Test Case : SCENARIO Search by STATUS Waiting validation from In Payment: SCENARIO Search by STATUS Waiting validation from In Payment

2021-01-21 17:50:37 - [TEST_STEP][PASSED] - Go to ISTools: Go to ISTools

2021-01-21 17:50:37 - [MESSAGE][INFO] - Starting 'Chrome (headless)' driver

2021-01-21 17:50:37 - [MESSAGE][INFO] - User set preference: ['args', '[--start-maximized, --disable-gpu, --no-proxy-server, â€“-no-sandbox, --allow-running-insecure-content, --ignore-certificate-errors, window-size=1680,814, force-device-scale-factor=2, --lang=en-GB]']

2021-01-21 17:50:37 - [MESSAGE][INFO] - User set preference: ['prefs', '{download.default_directory=/Users/chaidir.pratama01/Katalon Studio/IST_Automation_Git/Download}']

2021-01-21 17:50:37 - [MESSAGE][INFO] - Action delay is set to 0 milliseconds

2021-01-21 17:50:38 - [MESSAGE][PASSED] - Browser is opened with url: ''

2021-01-21 17:50:38 - [MESSAGE][PASSED] - Navigate to 'https://dev-istools.homecredit.id/foundation/' successfully

2021-01-21 17:50:38 - [MESSAGE][PASSED] - Go to ISTools

2021-01-21 17:50:38 - [TEST_STEP][PASSED] - Login IST with valid credentials: Login IST with valid credentials

2021-01-21 17:50:39 - [MESSAGE][PASSED] - Text 'mobile.test' is set on object 'Object Repository/Page_/input_Username_j_username'

2021-01-21 17:50:39 - [MESSAGE][PASSED] - Text ****** has been set on object 'Object Repository/Page_/input_Password_j_password'

2021-01-21 17:50:39 - [MESSAGE][PASSED] - Object: 'Object Repository/Page_/button_Login' is clicked on

2021-01-21 17:50:39 - [MESSAGE][PASSED] - Login IST with valid credentials

2021-01-21 17:50:39 - [TEST_STEP][PASSED] - Login Success: Login Success

2021-01-21 17:50:39 - [MESSAGE][INFO] - Login Success

2021-01-21 17:50:39 - [MESSAGE][PASSED] - Current window maximized

2021-01-21 17:50:39 - [MESSAGE][PASSED] - Object 'Object Repository/Page_/h1_Welcome to IT Supporting Tools' is present

2021-01-21 17:50:39 - [MESSAGE][PASSED] - Login Success

2021-01-21 17:50:39 - [TEST_STEP][PASSED] - Select Arrow Menu "Real Time Disbursement": Select Arrow Menu "Real Time Disbursement"

2021-01-21 17:50:39 - [MESSAGE][PASSED] - Object: '' is clicked on

2021-01-21 17:50:39 - [MESSAGE][PASSED] - Select Arrow Menu "Real Time Disbursement"

2021-01-21 17:50:39 - [TEST_STEP][PASSED] - Select Menu "Partner Disbursement": Select Menu "Partner Disbursement"

2021-01-21 17:50:40 - [MESSAGE][PASSED] - Taking screenshot successfully
[[ATTACHMENT|/Users/chaidir.pratama01/Documents/Docs/Katalon Studio/Screenshot/test-Partner Disbursement.png]]

2021-01-21 17:50:40 - [MESSAGE][PASSED] - Object '' is present

2021-01-21 17:50:40 - [MESSAGE][PASSED] - Object: '' is clicked on

2021-01-21 17:50:40 - [MESSAGE][PASSED] - Wait for page load successfully

2021-01-21 17:50:40 - [MESSAGE][PASSED] - Select Menu "Partner Disbursement"

2021-01-21 17:50:40 - [TEST_STEP][PASSED] - Select STATUS "Waiting validation from In Payment": Select STATUS "Waiting validation from In Payment"

2021-01-21 17:50:40 - [MESSAGE][PASSED] - All options with value 'Waiting validation from In Payment' are selected in object ''  using regular expression

2021-01-21 17:50:40 - [MESSAGE][PASSED] - Select STATUS "Waiting validation from In Payment"

2021-01-21 17:50:40 - [TEST_STEP][PASSED] - Click button "Search": Click button "Search"

2021-01-21 17:50:40 - [MESSAGE][INFO] - >>>>>//Button[contains(text(),'Search')]

2021-01-21 17:50:43 - [MESSAGE][PASSED] - Object '' is present

2021-01-21 17:50:43 - [MESSAGE][PASSED] - Object: '' is clicked on

2021-01-21 17:50:43 - [MESSAGE][PASSED] - Switched to window with index: '0'

2021-01-21 17:50:43 - [MESSAGE][PASSED] - Click button "Search"

2021-01-21 17:50:43 - [TEST_STEP][PASSED] - Verify Search Result Presents: Verify Search Result Presents

2021-01-21 17:50:47 - [MESSAGE][INFO] - Unable to find the element located by 'By.xpath: //td[@style='display:none' and contains(text(),'-Empty-')]'. Please recheck the objects properties to make sure the desired element is located. 

2021-01-21 17:50:48 - [MESSAGE][WARNING] - com.kms.katalon.core.webui.exception.WebElementNotFoundException: Web element with id: '' located by '//td[@style='display:none' and contains(text(),'-Empty-')]' not found (Root cause: com.kms.katalon.core.exception.StepFailedException: com.kms.katalon.core.webui.exception.WebElementNotFoundException: Web element with id: '' located by '//td[@style='display:none' and contains(text(),'-Empty-')]' not found
	at com.kms.katalon.core.webui.keyword.internal.WebUIKeywordMain.stepFailed(WebUIKeywordMain.groovy:64)
	at com.kms.katalon.core.webui.keyword.builtin.VerifyElementPresentKeyword$_verifyElementPresent_closure1.doCall(VerifyElementPresentKeyword.groovy:85)
	at com.kms.katalon.core.webui.keyword.builtin.VerifyElementPresentKeyword$_verifyElementPresent_closure1.call(VerifyElementPresentKeyword.groovy)
	at com.kms.katalon.core.webui.keyword.internal.WebUIKeywordMain.runKeyword(WebUIKeywordMain.groovy:20)
	at com.kms.katalon.core.webui.keyword.builtin.VerifyElementPresentKeyword.verifyElementPresent(VerifyElementPresentKeyword.groovy:92)
	at com.kms.katalon.core.webui.keyword.builtin.VerifyElementPresentKeyword.execute(VerifyElementPresentKeyword.groovy:68)
	at com.kms.katalon.core.keyword.internal.KeywordExecutor.executeKeywordForPlatform(KeywordExecutor.groovy:73)
	at com.kms.katalon.core.webui.keyword.WebUiBuiltInKeywords.verifyElementPresent(WebUiBuiltInKeywords.groovy:1444)
	at com.kms.katalon.core.webui.keyword.WebUiBuiltInKeywords$verifyElementPresent$11.call(Unknown Source)
	at ist_real.Contract_Dispatcher.VerifyTblFilled(Contract_Dispatcher.groovy:1313)
	at ist_real.Contract_Dispatcher$VerifyTblFilled$0.call(Unknown Source)
	at RTD.Search_Result_Presents(RTD.groovy:191)
	at cucumber.runtime.Utils$1.call(Utils.java:26)
	at cucumber.runtime.Timeout.timeout(Timeout.java:16)
	at cucumber.runtime.Utils.invoke(Utils.java:20)
	at cucumber.runtime.java.JavaStepDefinition.execute(JavaStepDefinition.java:48)
	at cucumber.runtime.PickleStepDefinitionMatch.runStep(PickleStepDefinitionMatch.java:50)
	at cucumber.runner.TestStep.executeStep(TestStep.java:55)
	at cucumber.runner.TestStep.run(TestStep.java:42)
	at cucumber.runner.PickleStepTestStep.run(PickleStepTestStep.java:53)
	at cucumber.runner.TestCase.run(TestCase.java:47)
	at cucumber.runner.Runner.runPickle(Runner.java:44)
	at cucumber.runtime.Runtime.runFeature(Runtime.java:120)
	at cucumber.runtime.Runtime.run(Runtime.java:106)
	at cucumber.api.cli.Main.run(Main.java:35)
	at cucumber.api.cli.Main$run.call(Unknown Source)
	at com.kms.katalon.core.cucumber.keyword.CucumberBuiltinKeywords$_runFeatureFile_closure1.doCall(CucumberBuiltinKeywords.groovy:76)
	at com.kms.katalon.core.cucumber.keyword.CucumberBuiltinKeywords$_runFeatureFile_closure1.doCall(CucumberBuiltinKeywords.groovy)
	at com.kms.katalon.core.keyword.internal.KeywordMain.runKeyword(KeywordMain.groovy:68)
	at com.kms.katalon.core.keyword.internal.KeywordMain$runKeyword.call(Unknown Source)
	at com.kms.katalon.core.cucumber.keyword.CucumberBuiltinKeywords.runFeatureFile(CucumberBuiltinKeywords.groovy:46)
	at com.kms.katalon.core.cucumber.keyword.CucumberBuiltinKeywords$runFeatureFile$0.callStatic(Unknown Source)
	at com.kms.katalon.core.cucumber.keyword.CucumberBuiltinKeywords.runFeatureFile(CucumberBuiltinKeywords.groovy:169)
	at com.kms.katalon.core.cucumber.keyword.CucumberBuiltinKeywords$runFeatureFile.call(Unknown Source)
	at TC_Search_by_STATUS.run(TC_Search_by_STATUS:18)
	at com.kms.katalon.core.main.ScriptEngine.run(ScriptEngine.java:194)
	at com.kms.katalon.core.main.ScriptEngine.runScriptAsRawText(ScriptEngine.java:119)
	at com.kms.katalon.core.main.TestCaseExecutor.runScript(TestCaseExecutor.java:339)
	at com.kms.katalon.core.main.TestCaseExecutor.doExecute(TestCaseExecutor.java:330)
	at com.kms.katalon.core.main.TestCaseExecutor.processExecutionPhase(TestCaseExecutor.java:309)
	at com.kms.katalon.core.main.TestCaseExecutor.accessMainPhase(TestCaseExecutor.java:301)
	at com.kms.katalon.core.main.TestCaseExecutor.execute(TestCaseExecutor.java:235)
	at com.kms.katalon.core.main.TestSuiteExecutor.accessTestCaseMainPhase(TestSuiteExecutor.java:191)
	at com.kms.katalon.core.main.TestSuiteExecutor.accessTestSuiteMainPhase(TestSuiteExecutor.java:141)
	at com.kms.katalon.core.main.TestSuiteExecutor.execute(TestSuiteExecutor.java:90)
	at com.kms.katalon.core.main.TestCaseMain.startTestSuite(TestCaseMain.java:157)
	at com.kms.katalon.core.main.TestCaseMain$startTestSuite$0.call(Unknown Source)
	at TempTestSuite1611224754744.run(TempTestSuite1611224754744.groovy:39)
)
[[ATTACHMENT|/Users/chaidir.pratama01/Katalon Studio/IST_Automation_Git/Reports/20210121_172548/RTD/TS_Partner_Disbursement/20210121_172554/1611226247699.png]]

2021-01-21 17:50:48 - [MESSAGE][PASSED] - Verify Search Result Presents

2021-01-21 17:50:48 - [TEST_STEP][PASSED] - Click button "Logout": Click button "Logout"

2021-01-21 17:50:48 - [MESSAGE][INFO] - >>>>>//Button[contains(text(),'Logout')]

2021-01-21 17:50:51 - [MESSAGE][PASSED] - Object '' is present

2021-01-21 17:50:51 - [MESSAGE][PASSED] - Object: '' is clicked on

2021-01-21 17:50:51 - [MESSAGE][PASSED] - Switched to window with index: '0'

2021-01-21 17:50:51 - [MESSAGE][PASSED] - Click button "Logout"

2021-01-21 17:50:51 - [TEST_STEP][PASSED] - Close browser: Close browser

2021-01-21 17:50:51 - [MESSAGE][PASSED] - Browser is closed

2021-01-21 17:50:51 - [MESSAGE][PASSED] - Close browser

2021-01-21 17:50:51 - [TEST_CASE][PASSED] - Start Test Case : SCENARIO Search by STATUS Not Eligible to Disburse: SCENARIO Search by STATUS Not Eligible to Disburse

2021-01-21 17:50:51 - [TEST_STEP][PASSED] - Go to ISTools: Go to ISTools

2021-01-21 17:50:51 - [MESSAGE][INFO] - Starting 'Chrome (headless)' driver

2021-01-21 17:50:51 - [MESSAGE][INFO] - User set preference: ['args', '[--start-maximized, --disable-gpu, --no-proxy-server, â€“-no-sandbox, --allow-running-insecure-content, --ignore-certificate-errors, window-size=1680,814, force-device-scale-factor=2, --lang=en-GB]']

2021-01-21 17:50:51 - [MESSAGE][INFO] - User set preference: ['prefs', '{download.default_directory=/Users/chaidir.pratama01/Katalon Studio/IST_Automation_Git/Download}']

2021-01-21 17:50:51 - [MESSAGE][INFO] - Action delay is set to 0 milliseconds

2021-01-21 17:50:52 - [MESSAGE][PASSED] - Browser is opened with url: ''

2021-01-21 17:50:52 - [MESSAGE][PASSED] - Navigate to 'https://dev-istools.homecredit.id/foundation/' successfully

2021-01-21 17:50:52 - [MESSAGE][PASSED] - Go to ISTools

2021-01-21 17:50:52 - [TEST_STEP][PASSED] - Login IST with valid credentials: Login IST with valid credentials

2021-01-21 17:50:53 - [MESSAGE][PASSED] - Text 'mobile.test' is set on object 'Object Repository/Page_/input_Username_j_username'

2021-01-21 17:50:53 - [MESSAGE][PASSED] - Text ****** has been set on object 'Object Repository/Page_/input_Password_j_password'

2021-01-21 17:50:53 - [MESSAGE][PASSED] - Object: 'Object Repository/Page_/button_Login' is clicked on

2021-01-21 17:50:53 - [MESSAGE][PASSED] - Login IST with valid credentials

2021-01-21 17:50:53 - [TEST_STEP][PASSED] - Login Success: Login Success

2021-01-21 17:50:53 - [MESSAGE][INFO] - Login Success

2021-01-21 17:50:53 - [MESSAGE][PASSED] - Current window maximized

2021-01-21 17:50:53 - [MESSAGE][PASSED] - Object 'Object Repository/Page_/h1_Welcome to IT Supporting Tools' is present

2021-01-21 17:50:53 - [MESSAGE][PASSED] - Login Success

2021-01-21 17:50:53 - [TEST_STEP][PASSED] - Select Arrow Menu "Real Time Disbursement": Select Arrow Menu "Real Time Disbursement"

2021-01-21 17:50:53 - [MESSAGE][PASSED] - Object: '' is clicked on

2021-01-21 17:50:53 - [MESSAGE][PASSED] - Select Arrow Menu "Real Time Disbursement"

2021-01-21 17:50:53 - [TEST_STEP][PASSED] - Select Menu "Partner Disbursement": Select Menu "Partner Disbursement"

2021-01-21 17:50:54 - [MESSAGE][PASSED] - Taking screenshot successfully
[[ATTACHMENT|/Users/chaidir.pratama01/Documents/Docs/Katalon Studio/Screenshot/test-Partner Disbursement.png]]

2021-01-21 17:50:54 - [MESSAGE][PASSED] - Object '' is present

2021-01-21 17:50:54 - [MESSAGE][PASSED] - Object: '' is clicked on

2021-01-21 17:50:54 - [MESSAGE][PASSED] - Wait for page load successfully

2021-01-21 17:50:54 - [MESSAGE][PASSED] - Select Menu "Partner Disbursement"

2021-01-21 17:50:54 - [TEST_STEP][PASSED] - Select STATUS "Not eligible to disburse": Select STATUS "Not eligible to disburse"

2021-01-21 17:50:54 - [MESSAGE][PASSED] - All options with value 'Not eligible to disburse' are selected in object ''  using regular expression

2021-01-21 17:50:54 - [MESSAGE][PASSED] - Select STATUS "Not eligible to disburse"

2021-01-21 17:50:54 - [TEST_STEP][PASSED] - Click button "Search": Click button "Search"

2021-01-21 17:50:54 - [MESSAGE][INFO] - >>>>>//Button[contains(text(),'Search')]

2021-01-21 17:50:57 - [MESSAGE][PASSED] - Object '' is present

2021-01-21 17:50:57 - [MESSAGE][PASSED] - Object: '' is clicked on

2021-01-21 17:50:57 - [MESSAGE][PASSED] - Switched to window with index: '0'

2021-01-21 17:50:57 - [MESSAGE][PASSED] - Click button "Search"

2021-01-21 17:50:57 - [TEST_STEP][PASSED] - Verify Search Result Presents: Verify Search Result Presents

2021-01-21 17:51:01 - [MESSAGE][INFO] - Unable to find the element located by 'By.xpath: //td[@style='display:none' and contains(text(),'-Empty-')]'. Please recheck the objects properties to make sure the desired element is located. 

2021-01-21 17:51:02 - [MESSAGE][WARNING] - com.kms.katalon.core.webui.exception.WebElementNotFoundException: Web element with id: '' located by '//td[@style='display:none' and contains(text(),'-Empty-')]' not found (Root cause: com.kms.katalon.core.exception.StepFailedException: com.kms.katalon.core.webui.exception.WebElementNotFoundException: Web element with id: '' located by '//td[@style='display:none' and contains(text(),'-Empty-')]' not found
	at com.kms.katalon.core.webui.keyword.internal.WebUIKeywordMain.stepFailed(WebUIKeywordMain.groovy:64)
	at com.kms.katalon.core.webui.keyword.builtin.VerifyElementPresentKeyword$_verifyElementPresent_closure1.doCall(VerifyElementPresentKeyword.groovy:85)
	at com.kms.katalon.core.webui.keyword.builtin.VerifyElementPresentKeyword$_verifyElementPresent_closure1.call(VerifyElementPresentKeyword.groovy)
	at com.kms.katalon.core.webui.keyword.internal.WebUIKeywordMain.runKeyword(WebUIKeywordMain.groovy:20)
	at com.kms.katalon.core.webui.keyword.builtin.VerifyElementPresentKeyword.verifyElementPresent(VerifyElementPresentKeyword.groovy:92)
	at com.kms.katalon.core.webui.keyword.builtin.VerifyElementPresentKeyword.execute(VerifyElementPresentKeyword.groovy:68)
	at com.kms.katalon.core.keyword.internal.KeywordExecutor.executeKeywordForPlatform(KeywordExecutor.groovy:73)
	at com.kms.katalon.core.webui.keyword.WebUiBuiltInKeywords.verifyElementPresent(WebUiBuiltInKeywords.groovy:1444)
	at com.kms.katalon.core.webui.keyword.WebUiBuiltInKeywords$verifyElementPresent$11.call(Unknown Source)
	at ist_real.Contract_Dispatcher.VerifyTblFilled(Contract_Dispatcher.groovy:1313)
	at ist_real.Contract_Dispatcher$VerifyTblFilled$0.call(Unknown Source)
	at RTD.Search_Result_Presents(RTD.groovy:191)
	at cucumber.runtime.Utils$1.call(Utils.java:26)
	at cucumber.runtime.Timeout.timeout(Timeout.java:16)
	at cucumber.runtime.Utils.invoke(Utils.java:20)
	at cucumber.runtime.java.JavaStepDefinition.execute(JavaStepDefinition.java:48)
	at cucumber.runtime.PickleStepDefinitionMatch.runStep(PickleStepDefinitionMatch.java:50)
	at cucumber.runner.TestStep.executeStep(TestStep.java:55)
	at cucumber.runner.TestStep.run(TestStep.java:42)
	at cucumber.runner.PickleStepTestStep.run(PickleStepTestStep.java:53)
	at cucumber.runner.TestCase.run(TestCase.java:47)
	at cucumber.runner.Runner.runPickle(Runner.java:44)
	at cucumber.runtime.Runtime.runFeature(Runtime.java:120)
	at cucumber.runtime.Runtime.run(Runtime.java:106)
	at cucumber.api.cli.Main.run(Main.java:35)
	at cucumber.api.cli.Main$run.call(Unknown Source)
	at com.kms.katalon.core.cucumber.keyword.CucumberBuiltinKeywords$_runFeatureFile_closure1.doCall(CucumberBuiltinKeywords.groovy:76)
	at com.kms.katalon.core.cucumber.keyword.CucumberBuiltinKeywords$_runFeatureFile_closure1.doCall(CucumberBuiltinKeywords.groovy)
	at com.kms.katalon.core.keyword.internal.KeywordMain.runKeyword(KeywordMain.groovy:68)
	at com.kms.katalon.core.keyword.internal.KeywordMain$runKeyword.call(Unknown Source)
	at com.kms.katalon.core.cucumber.keyword.CucumberBuiltinKeywords.runFeatureFile(CucumberBuiltinKeywords.groovy:46)
	at com.kms.katalon.core.cucumber.keyword.CucumberBuiltinKeywords$runFeatureFile$0.callStatic(Unknown Source)
	at com.kms.katalon.core.cucumber.keyword.CucumberBuiltinKeywords.runFeatureFile(CucumberBuiltinKeywords.groovy:169)
	at com.kms.katalon.core.cucumber.keyword.CucumberBuiltinKeywords$runFeatureFile.call(Unknown Source)
	at TC_Search_by_STATUS.run(TC_Search_by_STATUS:18)
	at com.kms.katalon.core.main.ScriptEngine.run(ScriptEngine.java:194)
	at com.kms.katalon.core.main.ScriptEngine.runScriptAsRawText(ScriptEngine.java:119)
	at com.kms.katalon.core.main.TestCaseExecutor.runScript(TestCaseExecutor.java:339)
	at com.kms.katalon.core.main.TestCaseExecutor.doExecute(TestCaseExecutor.java:330)
	at com.kms.katalon.core.main.TestCaseExecutor.processExecutionPhase(TestCaseExecutor.java:309)
	at com.kms.katalon.core.main.TestCaseExecutor.accessMainPhase(TestCaseExecutor.java:301)
	at com.kms.katalon.core.main.TestCaseExecutor.execute(TestCaseExecutor.java:235)
	at com.kms.katalon.core.main.TestSuiteExecutor.accessTestCaseMainPhase(TestSuiteExecutor.java:191)
	at com.kms.katalon.core.main.TestSuiteExecutor.accessTestSuiteMainPhase(TestSuiteExecutor.java:141)
	at com.kms.katalon.core.main.TestSuiteExecutor.execute(TestSuiteExecutor.java:90)
	at com.kms.katalon.core.main.TestCaseMain.startTestSuite(TestCaseMain.java:157)
	at com.kms.katalon.core.main.TestCaseMain$startTestSuite$0.call(Unknown Source)
	at TempTestSuite1611224754744.run(TempTestSuite1611224754744.groovy:39)
)
[[ATTACHMENT|/Users/chaidir.pratama01/Katalon Studio/IST_Automation_Git/Reports/20210121_172548/RTD/TS_Partner_Disbursement/20210121_172554/1611226261726.png]]

2021-01-21 17:51:02 - [MESSAGE][PASSED] - Verify Search Result Presents

2021-01-21 17:51:02 - [TEST_STEP][PASSED] - Click button "Logout": Click button "Logout"

2021-01-21 17:51:02 - [MESSAGE][INFO] - >>>>>//Button[contains(text(),'Logout')]

2021-01-21 17:51:05 - [MESSAGE][PASSED] - Object '' is present

2021-01-21 17:51:05 - [MESSAGE][PASSED] - Object: '' is clicked on

2021-01-21 17:51:05 - [MESSAGE][PASSED] - Switched to window with index: '0'

2021-01-21 17:51:05 - [MESSAGE][PASSED] - Click button "Logout"

2021-01-21 17:51:05 - [TEST_STEP][PASSED] - Close browser: Close browser

2021-01-21 17:51:05 - [MESSAGE][PASSED] - Browser is closed

2021-01-21 17:51:05 - [MESSAGE][PASSED] - Close browser

2021-01-21 17:51:05 - [TEST_CASE][PASSED] - Start Test Case : SCENARIO Search by STATUS Ready to disburse: SCENARIO Search by STATUS Ready to disburse

2021-01-21 17:51:05 - [TEST_STEP][PASSED] - Go to ISTools: Go to ISTools

2021-01-21 17:51:05 - [MESSAGE][INFO] - Starting 'Chrome (headless)' driver

2021-01-21 17:51:05 - [MESSAGE][INFO] - User set preference: ['args', '[--start-maximized, --disable-gpu, --no-proxy-server, â€“-no-sandbox, --allow-running-insecure-content, --ignore-certificate-errors, window-size=1680,814, force-device-scale-factor=2, --lang=en-GB]']

2021-01-21 17:51:05 - [MESSAGE][INFO] - User set preference: ['prefs', '{download.default_directory=/Users/chaidir.pratama01/Katalon Studio/IST_Automation_Git/Download}']

2021-01-21 17:51:05 - [MESSAGE][INFO] - Action delay is set to 0 milliseconds

2021-01-21 17:51:06 - [MESSAGE][PASSED] - Browser is opened with url: ''

2021-01-21 17:51:06 - [MESSAGE][PASSED] - Navigate to 'https://dev-istools.homecredit.id/foundation/' successfully

2021-01-21 17:51:06 - [MESSAGE][PASSED] - Go to ISTools

2021-01-21 17:51:06 - [TEST_STEP][PASSED] - Login IST with valid credentials: Login IST with valid credentials

2021-01-21 17:51:07 - [MESSAGE][PASSED] - Text 'mobile.test' is set on object 'Object Repository/Page_/input_Username_j_username'

2021-01-21 17:51:07 - [MESSAGE][PASSED] - Text ****** has been set on object 'Object Repository/Page_/input_Password_j_password'

2021-01-21 17:51:07 - [MESSAGE][PASSED] - Object: 'Object Repository/Page_/button_Login' is clicked on

2021-01-21 17:51:07 - [MESSAGE][PASSED] - Login IST with valid credentials

2021-01-21 17:51:07 - [TEST_STEP][PASSED] - Login Success: Login Success

2021-01-21 17:51:07 - [MESSAGE][INFO] - Login Success

2021-01-21 17:51:07 - [MESSAGE][PASSED] - Current window maximized

2021-01-21 17:51:07 - [MESSAGE][PASSED] - Object 'Object Repository/Page_/h1_Welcome to IT Supporting Tools' is present

2021-01-21 17:51:07 - [MESSAGE][PASSED] - Login Success

2021-01-21 17:51:07 - [TEST_STEP][PASSED] - Select Arrow Menu "Real Time Disbursement": Select Arrow Menu "Real Time Disbursement"

2021-01-21 17:51:07 - [MESSAGE][PASSED] - Object: '' is clicked on

2021-01-21 17:51:07 - [MESSAGE][PASSED] - Select Arrow Menu "Real Time Disbursement"

2021-01-21 17:51:07 - [TEST_STEP][PASSED] - Select Menu "Partner Disbursement": Select Menu "Partner Disbursement"

2021-01-21 17:51:08 - [MESSAGE][PASSED] - Taking screenshot successfully
[[ATTACHMENT|/Users/chaidir.pratama01/Documents/Docs/Katalon Studio/Screenshot/test-Partner Disbursement.png]]

2021-01-21 17:51:08 - [MESSAGE][PASSED] - Object '' is present

2021-01-21 17:51:08 - [MESSAGE][PASSED] - Object: '' is clicked on

2021-01-21 17:51:08 - [MESSAGE][PASSED] - Wait for page load successfully

2021-01-21 17:51:08 - [MESSAGE][PASSED] - Select Menu "Partner Disbursement"

2021-01-21 17:51:08 - [TEST_STEP][PASSED] - Select STATUS "Ready to disburse": Select STATUS "Ready to disburse"

2021-01-21 17:51:08 - [MESSAGE][PASSED] - All options with value 'Ready to disburse' are selected in object ''  using regular expression

2021-01-21 17:51:08 - [MESSAGE][PASSED] - Select STATUS "Ready to disburse"

2021-01-21 17:51:08 - [TEST_STEP][PASSED] - Click button "Search": Click button "Search"

2021-01-21 17:51:08 - [MESSAGE][INFO] - >>>>>//Button[contains(text(),'Search')]

2021-01-21 17:51:11 - [MESSAGE][PASSED] - Object '' is present

2021-01-21 17:51:11 - [MESSAGE][PASSED] - Object: '' is clicked on

2021-01-21 17:51:11 - [MESSAGE][PASSED] - Switched to window with index: '0'

2021-01-21 17:51:11 - [MESSAGE][PASSED] - Click button "Search"

2021-01-21 17:51:11 - [TEST_STEP][PASSED] - Verify Search Result Presents: Verify Search Result Presents

2021-01-21 17:51:11 - [MESSAGE][PASSED] - Object '' is present

2021-01-21 17:51:16 - [MESSAGE][PASSED] - Verify Search Result Presents

2021-01-21 17:51:16 - [TEST_STEP][PASSED] - Click button "Logout": Click button "Logout"

2021-01-21 17:51:16 - [MESSAGE][INFO] - >>>>>//Button[contains(text(),'Logout')]

2021-01-21 17:51:19 - [MESSAGE][PASSED] - Object '' is present

2021-01-21 17:51:19 - [MESSAGE][PASSED] - Object: '' is clicked on

2021-01-21 17:51:19 - [MESSAGE][PASSED] - Switched to window with index: '0'

2021-01-21 17:51:19 - [MESSAGE][PASSED] - Click button "Logout"

2021-01-21 17:51:19 - [TEST_STEP][PASSED] - Close browser: Close browser

2021-01-21 17:51:19 - [MESSAGE][PASSED] - Browser is closed

2021-01-21 17:51:19 - [MESSAGE][PASSED] - Close browser

2021-01-21 17:51:19 - [TEST_CASE][PASSED] - Start Test Case : SCENARIO Search by STATUS Failed due to invalid bank account: SCENARIO Search by STATUS Failed due to invalid bank account

2021-01-21 17:51:19 - [TEST_STEP][PASSED] - Go to ISTools: Go to ISTools

2021-01-21 17:51:19 - [MESSAGE][INFO] - Starting 'Chrome (headless)' driver

2021-01-21 17:51:19 - [MESSAGE][INFO] - User set preference: ['args', '[--start-maximized, --disable-gpu, --no-proxy-server, â€“-no-sandbox, --allow-running-insecure-content, --ignore-certificate-errors, window-size=1680,814, force-device-scale-factor=2, --lang=en-GB]']

2021-01-21 17:51:19 - [MESSAGE][INFO] - User set preference: ['prefs', '{download.default_directory=/Users/chaidir.pratama01/Katalon Studio/IST_Automation_Git/Download}']

2021-01-21 17:51:19 - [MESSAGE][INFO] - Action delay is set to 0 milliseconds

2021-01-21 17:51:20 - [MESSAGE][PASSED] - Browser is opened with url: ''

2021-01-21 17:51:20 - [MESSAGE][PASSED] - Navigate to 'https://dev-istools.homecredit.id/foundation/' successfully

2021-01-21 17:51:20 - [MESSAGE][PASSED] - Go to ISTools

2021-01-21 17:51:20 - [TEST_STEP][PASSED] - Login IST with valid credentials: Login IST with valid credentials

2021-01-21 17:51:20 - [MESSAGE][PASSED] - Text 'mobile.test' is set on object 'Object Repository/Page_/input_Username_j_username'

2021-01-21 17:51:21 - [MESSAGE][PASSED] - Text ****** has been set on object 'Object Repository/Page_/input_Password_j_password'

2021-01-21 17:51:21 - [MESSAGE][PASSED] - Object: 'Object Repository/Page_/button_Login' is clicked on

2021-01-21 17:51:21 - [MESSAGE][PASSED] - Login IST with valid credentials

2021-01-21 17:51:21 - [TEST_STEP][PASSED] - Login Success: Login Success

2021-01-21 17:51:21 - [MESSAGE][INFO] - Login Success

2021-01-21 17:51:21 - [MESSAGE][PASSED] - Current window maximized

2021-01-21 17:51:21 - [MESSAGE][PASSED] - Object 'Object Repository/Page_/h1_Welcome to IT Supporting Tools' is present

2021-01-21 17:51:21 - [MESSAGE][PASSED] - Login Success

2021-01-21 17:51:21 - [TEST_STEP][PASSED] - Select Arrow Menu "Real Time Disbursement": Select Arrow Menu "Real Time Disbursement"

2021-01-21 17:51:21 - [MESSAGE][PASSED] - Object: '' is clicked on

2021-01-21 17:51:21 - [MESSAGE][PASSED] - Select Arrow Menu "Real Time Disbursement"

2021-01-21 17:51:21 - [TEST_STEP][PASSED] - Select Menu "Partner Disbursement": Select Menu "Partner Disbursement"

2021-01-21 17:51:22 - [MESSAGE][PASSED] - Taking screenshot successfully
[[ATTACHMENT|/Users/chaidir.pratama01/Documents/Docs/Katalon Studio/Screenshot/test-Partner Disbursement.png]]

2021-01-21 17:51:22 - [MESSAGE][PASSED] - Object '' is present

2021-01-21 17:51:22 - [MESSAGE][PASSED] - Object: '' is clicked on

2021-01-21 17:51:22 - [MESSAGE][PASSED] - Wait for page load successfully

2021-01-21 17:51:22 - [MESSAGE][PASSED] - Select Menu "Partner Disbursement"

2021-01-21 17:51:22 - [TEST_STEP][PASSED] - Select STATUS "Failed due to invalid bank account": Select STATUS "Failed due to invalid bank account"

2021-01-21 17:51:22 - [MESSAGE][PASSED] - All options with value 'Failed due to invalid bank account' are selected in object ''  using regular expression

2021-01-21 17:51:22 - [MESSAGE][PASSED] - Select STATUS "Failed due to invalid bank account"

2021-01-21 17:51:22 - [TEST_STEP][PASSED] - Click button "Search": Click button "Search"

2021-01-21 17:51:22 - [MESSAGE][INFO] - >>>>>//Button[contains(text(),'Search')]

2021-01-21 17:51:25 - [MESSAGE][PASSED] - Object '' is present

2021-01-21 17:51:25 - [MESSAGE][PASSED] - Object: '' is clicked on

2021-01-21 17:51:25 - [MESSAGE][PASSED] - Switched to window with index: '0'

2021-01-21 17:51:25 - [MESSAGE][PASSED] - Click button "Search"

2021-01-21 17:51:25 - [TEST_STEP][PASSED] - Verify Search Result Presents: Verify Search Result Presents

2021-01-21 17:51:29 - [MESSAGE][INFO] - Unable to find the element located by 'By.xpath: //td[@style='display:none' and contains(text(),'-Empty-')]'. Please recheck the objects properties to make sure the desired element is located. 

2021-01-21 17:51:30 - [MESSAGE][WARNING] - com.kms.katalon.core.webui.exception.WebElementNotFoundException: Web element with id: '' located by '//td[@style='display:none' and contains(text(),'-Empty-')]' not found (Root cause: com.kms.katalon.core.exception.StepFailedException: com.kms.katalon.core.webui.exception.WebElementNotFoundException: Web element with id: '' located by '//td[@style='display:none' and contains(text(),'-Empty-')]' not found
	at com.kms.katalon.core.webui.keyword.internal.WebUIKeywordMain.stepFailed(WebUIKeywordMain.groovy:64)
	at com.kms.katalon.core.webui.keyword.builtin.VerifyElementPresentKeyword$_verifyElementPresent_closure1.doCall(VerifyElementPresentKeyword.groovy:85)
	at com.kms.katalon.core.webui.keyword.builtin.VerifyElementPresentKeyword$_verifyElementPresent_closure1.call(VerifyElementPresentKeyword.groovy)
	at com.kms.katalon.core.webui.keyword.internal.WebUIKeywordMain.runKeyword(WebUIKeywordMain.groovy:20)
	at com.kms.katalon.core.webui.keyword.builtin.VerifyElementPresentKeyword.verifyElementPresent(VerifyElementPresentKeyword.groovy:92)
	at com.kms.katalon.core.webui.keyword.builtin.VerifyElementPresentKeyword.execute(VerifyElementPresentKeyword.groovy:68)
	at com.kms.katalon.core.keyword.internal.KeywordExecutor.executeKeywordForPlatform(KeywordExecutor.groovy:73)
	at com.kms.katalon.core.webui.keyword.WebUiBuiltInKeywords.verifyElementPresent(WebUiBuiltInKeywords.groovy:1444)
	at com.kms.katalon.core.webui.keyword.WebUiBuiltInKeywords$verifyElementPresent$11.call(Unknown Source)
	at ist_real.Contract_Dispatcher.VerifyTblFilled(Contract_Dispatcher.groovy:1313)
	at ist_real.Contract_Dispatcher$VerifyTblFilled$0.call(Unknown Source)
	at RTD.Search_Result_Presents(RTD.groovy:191)
	at cucumber.runtime.Utils$1.call(Utils.java:26)
	at cucumber.runtime.Timeout.timeout(Timeout.java:16)
	at cucumber.runtime.Utils.invoke(Utils.java:20)
	at cucumber.runtime.java.JavaStepDefinition.execute(JavaStepDefinition.java:48)
	at cucumber.runtime.PickleStepDefinitionMatch.runStep(PickleStepDefinitionMatch.java:50)
	at cucumber.runner.TestStep.executeStep(TestStep.java:55)
	at cucumber.runner.TestStep.run(TestStep.java:42)
	at cucumber.runner.PickleStepTestStep.run(PickleStepTestStep.java:53)
	at cucumber.runner.TestCase.run(TestCase.java:47)
	at cucumber.runner.Runner.runPickle(Runner.java:44)
	at cucumber.runtime.Runtime.runFeature(Runtime.java:120)
	at cucumber.runtime.Runtime.run(Runtime.java:106)
	at cucumber.api.cli.Main.run(Main.java:35)
	at cucumber.api.cli.Main$run.call(Unknown Source)
	at com.kms.katalon.core.cucumber.keyword.CucumberBuiltinKeywords$_runFeatureFile_closure1.doCall(CucumberBuiltinKeywords.groovy:76)
	at com.kms.katalon.core.cucumber.keyword.CucumberBuiltinKeywords$_runFeatureFile_closure1.doCall(CucumberBuiltinKeywords.groovy)
	at com.kms.katalon.core.keyword.internal.KeywordMain.runKeyword(KeywordMain.groovy:68)
	at com.kms.katalon.core.keyword.internal.KeywordMain$runKeyword.call(Unknown Source)
	at com.kms.katalon.core.cucumber.keyword.CucumberBuiltinKeywords.runFeatureFile(CucumberBuiltinKeywords.groovy:46)
	at com.kms.katalon.core.cucumber.keyword.CucumberBuiltinKeywords$runFeatureFile$0.callStatic(Unknown Source)
	at com.kms.katalon.core.cucumber.keyword.CucumberBuiltinKeywords.runFeatureFile(CucumberBuiltinKeywords.groovy:169)
	at com.kms.katalon.core.cucumber.keyword.CucumberBuiltinKeywords$runFeatureFile.call(Unknown Source)
	at TC_Search_by_STATUS.run(TC_Search_by_STATUS:18)
	at com.kms.katalon.core.main.ScriptEngine.run(ScriptEngine.java:194)
	at com.kms.katalon.core.main.ScriptEngine.runScriptAsRawText(ScriptEngine.java:119)
	at com.kms.katalon.core.main.TestCaseExecutor.runScript(TestCaseExecutor.java:339)
	at com.kms.katalon.core.main.TestCaseExecutor.doExecute(TestCaseExecutor.java:330)
	at com.kms.katalon.core.main.TestCaseExecutor.processExecutionPhase(TestCaseExecutor.java:309)
	at com.kms.katalon.core.main.TestCaseExecutor.accessMainPhase(TestCaseExecutor.java:301)
	at com.kms.katalon.core.main.TestCaseExecutor.execute(TestCaseExecutor.java:235)
	at com.kms.katalon.core.main.TestSuiteExecutor.accessTestCaseMainPhase(TestSuiteExecutor.java:191)
	at com.kms.katalon.core.main.TestSuiteExecutor.accessTestSuiteMainPhase(TestSuiteExecutor.java:141)
	at com.kms.katalon.core.main.TestSuiteExecutor.execute(TestSuiteExecutor.java:90)
	at com.kms.katalon.core.main.TestCaseMain.startTestSuite(TestCaseMain.java:157)
	at com.kms.katalon.core.main.TestCaseMain$startTestSuite$0.call(Unknown Source)
	at TempTestSuite1611224754744.run(TempTestSuite1611224754744.groovy:39)
)
[[ATTACHMENT|/Users/chaidir.pratama01/Katalon Studio/IST_Automation_Git/Reports/20210121_172548/RTD/TS_Partner_Disbursement/20210121_172554/1611226289861.png]]

2021-01-21 17:51:30 - [MESSAGE][PASSED] - Verify Search Result Presents

2021-01-21 17:51:30 - [TEST_STEP][PASSED] - Click button "Logout": Click button "Logout"

2021-01-21 17:51:30 - [MESSAGE][INFO] - >>>>>//Button[contains(text(),'Logout')]

2021-01-21 17:51:33 - [MESSAGE][PASSED] - Object '' is present

2021-01-21 17:51:33 - [MESSAGE][PASSED] - Object: '' is clicked on

2021-01-21 17:51:33 - [MESSAGE][PASSED] - Switched to window with index: '0'

2021-01-21 17:51:33 - [MESSAGE][PASSED] - Click button "Logout"

2021-01-21 17:51:33 - [TEST_STEP][PASSED] - Close browser: Close browser

2021-01-21 17:51:33 - [MESSAGE][PASSED] - Browser is closed

2021-01-21 17:51:33 - [MESSAGE][PASSED] - Close browser

2021-01-21 17:51:33 - [TEST_CASE][PASSED] - Start Test Case : SCENARIO Search by STATUS Failed due to system error: SCENARIO Search by STATUS Failed due to system error

2021-01-21 17:51:33 - [TEST_STEP][PASSED] - Go to ISTools: Go to ISTools

2021-01-21 17:51:33 - [MESSAGE][INFO] - Starting 'Chrome (headless)' driver

2021-01-21 17:51:33 - [MESSAGE][INFO] - User set preference: ['args', '[--start-maximized, --disable-gpu, --no-proxy-server, â€“-no-sandbox, --allow-running-insecure-content, --ignore-certificate-errors, window-size=1680,814, force-device-scale-factor=2, --lang=en-GB]']

2021-01-21 17:51:33 - [MESSAGE][INFO] - User set preference: ['prefs', '{download.default_directory=/Users/chaidir.pratama01/Katalon Studio/IST_Automation_Git/Download}']

2021-01-21 17:51:33 - [MESSAGE][INFO] - Action delay is set to 0 milliseconds

2021-01-21 17:51:34 - [MESSAGE][PASSED] - Browser is opened with url: ''

2021-01-21 17:51:34 - [MESSAGE][PASSED] - Navigate to 'https://dev-istools.homecredit.id/foundation/' successfully

2021-01-21 17:51:34 - [MESSAGE][PASSED] - Go to ISTools

2021-01-21 17:51:34 - [TEST_STEP][PASSED] - Login IST with valid credentials: Login IST with valid credentials

2021-01-21 17:51:35 - [MESSAGE][PASSED] - Text 'mobile.test' is set on object 'Object Repository/Page_/input_Username_j_username'

2021-01-21 17:51:35 - [MESSAGE][PASSED] - Text ****** has been set on object 'Object Repository/Page_/input_Password_j_password'

2021-01-21 17:51:35 - [MESSAGE][PASSED] - Object: 'Object Repository/Page_/button_Login' is clicked on

2021-01-21 17:51:35 - [MESSAGE][PASSED] - Login IST with valid credentials

2021-01-21 17:51:35 - [TEST_STEP][PASSED] - Login Success: Login Success

2021-01-21 17:51:35 - [MESSAGE][INFO] - Login Success

2021-01-21 17:51:35 - [MESSAGE][PASSED] - Current window maximized

2021-01-21 17:51:35 - [MESSAGE][PASSED] - Object 'Object Repository/Page_/h1_Welcome to IT Supporting Tools' is present

2021-01-21 17:51:35 - [MESSAGE][PASSED] - Login Success

2021-01-21 17:51:35 - [TEST_STEP][PASSED] - Select Arrow Menu "Real Time Disbursement": Select Arrow Menu "Real Time Disbursement"

2021-01-21 17:51:35 - [MESSAGE][PASSED] - Object: '' is clicked on

2021-01-21 17:51:35 - [MESSAGE][PASSED] - Select Arrow Menu "Real Time Disbursement"

2021-01-21 17:51:35 - [TEST_STEP][PASSED] - Select Menu "Partner Disbursement": Select Menu "Partner Disbursement"

2021-01-21 17:51:36 - [MESSAGE][PASSED] - Taking screenshot successfully
[[ATTACHMENT|/Users/chaidir.pratama01/Documents/Docs/Katalon Studio/Screenshot/test-Partner Disbursement.png]]

2021-01-21 17:51:36 - [MESSAGE][PASSED] - Object '' is present

2021-01-21 17:51:36 - [MESSAGE][PASSED] - Object: '' is clicked on

2021-01-21 17:51:36 - [MESSAGE][PASSED] - Wait for page load successfully

2021-01-21 17:51:36 - [MESSAGE][PASSED] - Select Menu "Partner Disbursement"

2021-01-21 17:51:36 - [TEST_STEP][PASSED] - Select STATUS "Failed due to system error": Select STATUS "Failed due to system error"

2021-01-21 17:51:36 - [MESSAGE][PASSED] - All options with value 'Failed due to system error' are selected in object ''  using regular expression

2021-01-21 17:51:36 - [MESSAGE][PASSED] - Select STATUS "Failed due to system error"

2021-01-21 17:51:36 - [TEST_STEP][PASSED] - Click button "Search": Click button "Search"

2021-01-21 17:51:36 - [MESSAGE][INFO] - >>>>>//Button[contains(text(),'Search')]

2021-01-21 17:51:39 - [MESSAGE][PASSED] - Object '' is present

2021-01-21 17:51:39 - [MESSAGE][PASSED] - Object: '' is clicked on

2021-01-21 17:51:39 - [MESSAGE][PASSED] - Switched to window with index: '0'

2021-01-21 17:51:39 - [MESSAGE][PASSED] - Click button "Search"

2021-01-21 17:51:39 - [TEST_STEP][PASSED] - Verify Search Result Presents: Verify Search Result Presents

2021-01-21 17:51:40 - [MESSAGE][PASSED] - Object '' is present

2021-01-21 17:51:41 - [MESSAGE][PASSED] - Verify Search Result Presents

2021-01-21 17:51:41 - [TEST_STEP][PASSED] - Click button "Logout": Click button "Logout"

2021-01-21 17:51:41 - [MESSAGE][INFO] - >>>>>//Button[contains(text(),'Logout')]

2021-01-21 17:51:44 - [MESSAGE][PASSED] - Object '' is present

2021-01-21 17:51:44 - [MESSAGE][PASSED] - Object: '' is clicked on

2021-01-21 17:51:44 - [MESSAGE][PASSED] - Switched to window with index: '0'

2021-01-21 17:51:44 - [MESSAGE][PASSED] - Click button "Logout"

2021-01-21 17:51:44 - [TEST_STEP][PASSED] - Close browser: Close browser

2021-01-21 17:51:44 - [MESSAGE][PASSED] - Browser is closed

2021-01-21 17:51:44 - [MESSAGE][PASSED] - Close browser

2021-01-21 17:51:44 - [TEST_CASE][PASSED] - Start Test Case : SCENARIO Search by STATUS Failed due to insufficient fund: SCENARIO Search by STATUS Failed due to insufficient fund

2021-01-21 17:51:44 - [TEST_STEP][PASSED] - Go to ISTools: Go to ISTools

2021-01-21 17:51:44 - [MESSAGE][INFO] - Starting 'Chrome (headless)' driver

2021-01-21 17:51:44 - [MESSAGE][INFO] - User set preference: ['args', '[--start-maximized, --disable-gpu, --no-proxy-server, â€“-no-sandbox, --allow-running-insecure-content, --ignore-certificate-errors, window-size=1680,814, force-device-scale-factor=2, --lang=en-GB]']

2021-01-21 17:51:44 - [MESSAGE][INFO] - User set preference: ['prefs', '{download.default_directory=/Users/chaidir.pratama01/Katalon Studio/IST_Automation_Git/Download}']

2021-01-21 17:51:44 - [MESSAGE][INFO] - Action delay is set to 0 milliseconds

2021-01-21 17:51:45 - [MESSAGE][PASSED] - Browser is opened with url: ''

2021-01-21 17:51:45 - [MESSAGE][PASSED] - Navigate to 'https://dev-istools.homecredit.id/foundation/' successfully

2021-01-21 17:51:45 - [MESSAGE][PASSED] - Go to ISTools

2021-01-21 17:51:45 - [TEST_STEP][PASSED] - Login IST with valid credentials: Login IST with valid credentials

2021-01-21 17:51:46 - [MESSAGE][PASSED] - Text 'mobile.test' is set on object 'Object Repository/Page_/input_Username_j_username'

2021-01-21 17:51:46 - [MESSAGE][PASSED] - Text ****** has been set on object 'Object Repository/Page_/input_Password_j_password'

2021-01-21 17:51:46 - [MESSAGE][PASSED] - Object: 'Object Repository/Page_/button_Login' is clicked on

2021-01-21 17:51:46 - [MESSAGE][PASSED] - Login IST with valid credentials

2021-01-21 17:51:46 - [TEST_STEP][PASSED] - Login Success: Login Success

2021-01-21 17:51:46 - [MESSAGE][INFO] - Login Success

2021-01-21 17:51:46 - [MESSAGE][PASSED] - Current window maximized

2021-01-21 17:51:46 - [MESSAGE][PASSED] - Object 'Object Repository/Page_/h1_Welcome to IT Supporting Tools' is present

2021-01-21 17:51:46 - [MESSAGE][PASSED] - Login Success

2021-01-21 17:51:46 - [TEST_STEP][PASSED] - Select Arrow Menu "Real Time Disbursement": Select Arrow Menu "Real Time Disbursement"

2021-01-21 17:51:46 - [MESSAGE][PASSED] - Object: '' is clicked on

2021-01-21 17:51:46 - [MESSAGE][PASSED] - Select Arrow Menu "Real Time Disbursement"

2021-01-21 17:51:46 - [TEST_STEP][PASSED] - Select Menu "Partner Disbursement": Select Menu "Partner Disbursement"

2021-01-21 17:51:47 - [MESSAGE][PASSED] - Taking screenshot successfully
[[ATTACHMENT|/Users/chaidir.pratama01/Documents/Docs/Katalon Studio/Screenshot/test-Partner Disbursement.png]]

2021-01-21 17:51:47 - [MESSAGE][PASSED] - Object '' is present

2021-01-21 17:51:47 - [MESSAGE][PASSED] - Object: '' is clicked on

2021-01-21 17:51:47 - [MESSAGE][PASSED] - Wait for page load successfully

2021-01-21 17:51:47 - [MESSAGE][PASSED] - Select Menu "Partner Disbursement"

2021-01-21 17:51:47 - [TEST_STEP][PASSED] - Select STATUS "Failed due to insufficient fund": Select STATUS "Failed due to insufficient fund"

2021-01-21 17:51:47 - [MESSAGE][PASSED] - All options with value 'Failed due to insufficient fund' are selected in object ''  using regular expression

2021-01-21 17:51:47 - [MESSAGE][PASSED] - Select STATUS "Failed due to insufficient fund"

2021-01-21 17:51:47 - [TEST_STEP][PASSED] - Click button "Search": Click button "Search"

2021-01-21 17:51:47 - [MESSAGE][INFO] - >>>>>//Button[contains(text(),'Search')]

2021-01-21 17:51:50 - [MESSAGE][PASSED] - Object '' is present

2021-01-21 17:51:50 - [MESSAGE][PASSED] - Object: '' is clicked on

2021-01-21 17:51:50 - [MESSAGE][PASSED] - Switched to window with index: '0'

2021-01-21 17:51:50 - [MESSAGE][PASSED] - Click button "Search"

2021-01-21 17:51:50 - [TEST_STEP][PASSED] - Verify Search Result Presents: Verify Search Result Presents

2021-01-21 17:51:54 - [MESSAGE][INFO] - Unable to find the element located by 'By.xpath: //td[@style='display:none' and contains(text(),'-Empty-')]'. Please recheck the objects properties to make sure the desired element is located. 

2021-01-21 17:51:55 - [MESSAGE][WARNING] - com.kms.katalon.core.webui.exception.WebElementNotFoundException: Web element with id: '' located by '//td[@style='display:none' and contains(text(),'-Empty-')]' not found (Root cause: com.kms.katalon.core.exception.StepFailedException: com.kms.katalon.core.webui.exception.WebElementNotFoundException: Web element with id: '' located by '//td[@style='display:none' and contains(text(),'-Empty-')]' not found
	at com.kms.katalon.core.webui.keyword.internal.WebUIKeywordMain.stepFailed(WebUIKeywordMain.groovy:64)
	at com.kms.katalon.core.webui.keyword.builtin.VerifyElementPresentKeyword$_verifyElementPresent_closure1.doCall(VerifyElementPresentKeyword.groovy:85)
	at com.kms.katalon.core.webui.keyword.builtin.VerifyElementPresentKeyword$_verifyElementPresent_closure1.call(VerifyElementPresentKeyword.groovy)
	at com.kms.katalon.core.webui.keyword.internal.WebUIKeywordMain.runKeyword(WebUIKeywordMain.groovy:20)
	at com.kms.katalon.core.webui.keyword.builtin.VerifyElementPresentKeyword.verifyElementPresent(VerifyElementPresentKeyword.groovy:92)
	at com.kms.katalon.core.webui.keyword.builtin.VerifyElementPresentKeyword.execute(VerifyElementPresentKeyword.groovy:68)
	at com.kms.katalon.core.keyword.internal.KeywordExecutor.executeKeywordForPlatform(KeywordExecutor.groovy:73)
	at com.kms.katalon.core.webui.keyword.WebUiBuiltInKeywords.verifyElementPresent(WebUiBuiltInKeywords.groovy:1444)
	at com.kms.katalon.core.webui.keyword.WebUiBuiltInKeywords$verifyElementPresent$11.call(Unknown Source)
	at ist_real.Contract_Dispatcher.VerifyTblFilled(Contract_Dispatcher.groovy:1313)
	at ist_real.Contract_Dispatcher$VerifyTblFilled$0.call(Unknown Source)
	at RTD.Search_Result_Presents(RTD.groovy:191)
	at cucumber.runtime.Utils$1.call(Utils.java:26)
	at cucumber.runtime.Timeout.timeout(Timeout.java:16)
	at cucumber.runtime.Utils.invoke(Utils.java:20)
	at cucumber.runtime.java.JavaStepDefinition.execute(JavaStepDefinition.java:48)
	at cucumber.runtime.PickleStepDefinitionMatch.runStep(PickleStepDefinitionMatch.java:50)
	at cucumber.runner.TestStep.executeStep(TestStep.java:55)
	at cucumber.runner.TestStep.run(TestStep.java:42)
	at cucumber.runner.PickleStepTestStep.run(PickleStepTestStep.java:53)
	at cucumber.runner.TestCase.run(TestCase.java:47)
	at cucumber.runner.Runner.runPickle(Runner.java:44)
	at cucumber.runtime.Runtime.runFeature(Runtime.java:120)
	at cucumber.runtime.Runtime.run(Runtime.java:106)
	at cucumber.api.cli.Main.run(Main.java:35)
	at cucumber.api.cli.Main$run.call(Unknown Source)
	at com.kms.katalon.core.cucumber.keyword.CucumberBuiltinKeywords$_runFeatureFile_closure1.doCall(CucumberBuiltinKeywords.groovy:76)
	at com.kms.katalon.core.cucumber.keyword.CucumberBuiltinKeywords$_runFeatureFile_closure1.doCall(CucumberBuiltinKeywords.groovy)
	at com.kms.katalon.core.keyword.internal.KeywordMain.runKeyword(KeywordMain.groovy:68)
	at com.kms.katalon.core.keyword.internal.KeywordMain$runKeyword.call(Unknown Source)
	at com.kms.katalon.core.cucumber.keyword.CucumberBuiltinKeywords.runFeatureFile(CucumberBuiltinKeywords.groovy:46)
	at com.kms.katalon.core.cucumber.keyword.CucumberBuiltinKeywords$runFeatureFile$0.callStatic(Unknown Source)
	at com.kms.katalon.core.cucumber.keyword.CucumberBuiltinKeywords.runFeatureFile(CucumberBuiltinKeywords.groovy:169)
	at com.kms.katalon.core.cucumber.keyword.CucumberBuiltinKeywords$runFeatureFile.call(Unknown Source)
	at TC_Search_by_STATUS.run(TC_Search_by_STATUS:18)
	at com.kms.katalon.core.main.ScriptEngine.run(ScriptEngine.java:194)
	at com.kms.katalon.core.main.ScriptEngine.runScriptAsRawText(ScriptEngine.java:119)
	at com.kms.katalon.core.main.TestCaseExecutor.runScript(TestCaseExecutor.java:339)
	at com.kms.katalon.core.main.TestCaseExecutor.doExecute(TestCaseExecutor.java:330)
	at com.kms.katalon.core.main.TestCaseExecutor.processExecutionPhase(TestCaseExecutor.java:309)
	at com.kms.katalon.core.main.TestCaseExecutor.accessMainPhase(TestCaseExecutor.java:301)
	at com.kms.katalon.core.main.TestCaseExecutor.execute(TestCaseExecutor.java:235)
	at com.kms.katalon.core.main.TestSuiteExecutor.accessTestCaseMainPhase(TestSuiteExecutor.java:191)
	at com.kms.katalon.core.main.TestSuiteExecutor.accessTestSuiteMainPhase(TestSuiteExecutor.java:141)
	at com.kms.katalon.core.main.TestSuiteExecutor.execute(TestSuiteExecutor.java:90)
	at com.kms.katalon.core.main.TestCaseMain.startTestSuite(TestCaseMain.java:157)
	at com.kms.katalon.core.main.TestCaseMain$startTestSuite$0.call(Unknown Source)
	at TempTestSuite1611224754744.run(TempTestSuite1611224754744.groovy:39)
)
[[ATTACHMENT|/Users/chaidir.pratama01/Katalon Studio/IST_Automation_Git/Reports/20210121_172548/RTD/TS_Partner_Disbursement/20210121_172554/1611226314825.png]]

2021-01-21 17:51:55 - [MESSAGE][PASSED] - Verify Search Result Presents

2021-01-21 17:51:55 - [TEST_STEP][PASSED] - Click button "Logout": Click button "Logout"

2021-01-21 17:51:55 - [MESSAGE][INFO] - >>>>>//Button[contains(text(),'Logout')]

2021-01-21 17:51:58 - [MESSAGE][PASSED] - Object '' is present

2021-01-21 17:51:58 - [MESSAGE][PASSED] - Object: '' is clicked on

2021-01-21 17:51:58 - [MESSAGE][PASSED] - Switched to window with index: '0'

2021-01-21 17:51:58 - [MESSAGE][PASSED] - Click button "Logout"

2021-01-21 17:51:58 - [TEST_STEP][PASSED] - Close browser: Close browser

2021-01-21 17:51:58 - [MESSAGE][PASSED] - Browser is closed

2021-01-21 17:51:58 - [MESSAGE][PASSED] - Close browser

2021-01-21 17:51:58 - [TEST_CASE][PASSED] - Start Test Case : SCENARIO Search by STATUS Failed due to not supported bank: SCENARIO Search by STATUS Failed due to not supported bank

2021-01-21 17:51:58 - [TEST_STEP][PASSED] - Go to ISTools: Go to ISTools

2021-01-21 17:51:58 - [MESSAGE][INFO] - Starting 'Chrome (headless)' driver

2021-01-21 17:51:58 - [MESSAGE][INFO] - User set preference: ['args', '[--start-maximized, --disable-gpu, --no-proxy-server, â€“-no-sandbox, --allow-running-insecure-content, --ignore-certificate-errors, window-size=1680,814, force-device-scale-factor=2, --lang=en-GB]']

2021-01-21 17:51:58 - [MESSAGE][INFO] - User set preference: ['prefs', '{download.default_directory=/Users/chaidir.pratama01/Katalon Studio/IST_Automation_Git/Download}']

2021-01-21 17:51:58 - [MESSAGE][INFO] - Action delay is set to 0 milliseconds

2021-01-21 17:51:59 - [MESSAGE][PASSED] - Browser is opened with url: ''

2021-01-21 17:51:59 - [MESSAGE][PASSED] - Navigate to 'https://dev-istools.homecredit.id/foundation/' successfully

2021-01-21 17:51:59 - [MESSAGE][PASSED] - Go to ISTools

2021-01-21 17:51:59 - [TEST_STEP][PASSED] - Login IST with valid credentials: Login IST with valid credentials

2021-01-21 17:52:00 - [MESSAGE][PASSED] - Text 'mobile.test' is set on object 'Object Repository/Page_/input_Username_j_username'

2021-01-21 17:52:00 - [MESSAGE][PASSED] - Text ****** has been set on object 'Object Repository/Page_/input_Password_j_password'

2021-01-21 17:52:00 - [MESSAGE][PASSED] - Object: 'Object Repository/Page_/button_Login' is clicked on

2021-01-21 17:52:00 - [MESSAGE][PASSED] - Login IST with valid credentials

2021-01-21 17:52:00 - [TEST_STEP][PASSED] - Login Success: Login Success

2021-01-21 17:52:00 - [MESSAGE][INFO] - Login Success

2021-01-21 17:52:00 - [MESSAGE][PASSED] - Current window maximized

2021-01-21 17:52:00 - [MESSAGE][PASSED] - Object 'Object Repository/Page_/h1_Welcome to IT Supporting Tools' is present

2021-01-21 17:52:00 - [MESSAGE][PASSED] - Login Success

2021-01-21 17:52:00 - [TEST_STEP][PASSED] - Select Arrow Menu "Real Time Disbursement": Select Arrow Menu "Real Time Disbursement"

2021-01-21 17:52:00 - [MESSAGE][PASSED] - Object: '' is clicked on

2021-01-21 17:52:00 - [MESSAGE][PASSED] - Select Arrow Menu "Real Time Disbursement"

2021-01-21 17:52:00 - [TEST_STEP][PASSED] - Select Menu "Partner Disbursement": Select Menu "Partner Disbursement"

2021-01-21 17:52:01 - [MESSAGE][PASSED] - Taking screenshot successfully
[[ATTACHMENT|/Users/chaidir.pratama01/Documents/Docs/Katalon Studio/Screenshot/test-Partner Disbursement.png]]

2021-01-21 17:52:01 - [MESSAGE][PASSED] - Object '' is present

2021-01-21 17:52:01 - [MESSAGE][PASSED] - Object: '' is clicked on

2021-01-21 17:52:01 - [MESSAGE][PASSED] - Wait for page load successfully

2021-01-21 17:52:01 - [MESSAGE][PASSED] - Select Menu "Partner Disbursement"

2021-01-21 17:52:01 - [TEST_STEP][PASSED] - Select STATUS "Failed due to not supported bank": Select STATUS "Failed due to not supported bank"

2021-01-21 17:52:01 - [MESSAGE][PASSED] - All options with value 'Failed due to not supported bank' are selected in object ''  using regular expression

2021-01-21 17:52:01 - [MESSAGE][PASSED] - Select STATUS "Failed due to not supported bank"

2021-01-21 17:52:01 - [TEST_STEP][PASSED] - Click button "Search": Click button "Search"

2021-01-21 17:52:01 - [MESSAGE][INFO] - >>>>>//Button[contains(text(),'Search')]

2021-01-21 17:52:04 - [MESSAGE][PASSED] - Object '' is present

2021-01-21 17:52:04 - [MESSAGE][PASSED] - Object: '' is clicked on

2021-01-21 17:52:04 - [MESSAGE][PASSED] - Switched to window with index: '0'

2021-01-21 17:52:04 - [MESSAGE][PASSED] - Click button "Search"

2021-01-21 17:52:04 - [TEST_STEP][PASSED] - Verify Search Result Presents: Verify Search Result Presents

2021-01-21 17:52:08 - [MESSAGE][INFO] - Unable to find the element located by 'By.xpath: //td[@style='display:none' and contains(text(),'-Empty-')]'. Please recheck the objects properties to make sure the desired element is located. 

2021-01-21 17:52:09 - [MESSAGE][WARNING] - com.kms.katalon.core.webui.exception.WebElementNotFoundException: Web element with id: '' located by '//td[@style='display:none' and contains(text(),'-Empty-')]' not found (Root cause: com.kms.katalon.core.exception.StepFailedException: com.kms.katalon.core.webui.exception.WebElementNotFoundException: Web element with id: '' located by '//td[@style='display:none' and contains(text(),'-Empty-')]' not found
	at com.kms.katalon.core.webui.keyword.internal.WebUIKeywordMain.stepFailed(WebUIKeywordMain.groovy:64)
	at com.kms.katalon.core.webui.keyword.builtin.VerifyElementPresentKeyword$_verifyElementPresent_closure1.doCall(VerifyElementPresentKeyword.groovy:85)
	at com.kms.katalon.core.webui.keyword.builtin.VerifyElementPresentKeyword$_verifyElementPresent_closure1.call(VerifyElementPresentKeyword.groovy)
	at com.kms.katalon.core.webui.keyword.internal.WebUIKeywordMain.runKeyword(WebUIKeywordMain.groovy:20)
	at com.kms.katalon.core.webui.keyword.builtin.VerifyElementPresentKeyword.verifyElementPresent(VerifyElementPresentKeyword.groovy:92)
	at com.kms.katalon.core.webui.keyword.builtin.VerifyElementPresentKeyword.execute(VerifyElementPresentKeyword.groovy:68)
	at com.kms.katalon.core.keyword.internal.KeywordExecutor.executeKeywordForPlatform(KeywordExecutor.groovy:73)
	at com.kms.katalon.core.webui.keyword.WebUiBuiltInKeywords.verifyElementPresent(WebUiBuiltInKeywords.groovy:1444)
	at com.kms.katalon.core.webui.keyword.WebUiBuiltInKeywords$verifyElementPresent$11.call(Unknown Source)
	at ist_real.Contract_Dispatcher.VerifyTblFilled(Contract_Dispatcher.groovy:1313)
	at ist_real.Contract_Dispatcher$VerifyTblFilled$0.call(Unknown Source)
	at RTD.Search_Result_Presents(RTD.groovy:191)
	at cucumber.runtime.Utils$1.call(Utils.java:26)
	at cucumber.runtime.Timeout.timeout(Timeout.java:16)
	at cucumber.runtime.Utils.invoke(Utils.java:20)
	at cucumber.runtime.java.JavaStepDefinition.execute(JavaStepDefinition.java:48)
	at cucumber.runtime.PickleStepDefinitionMatch.runStep(PickleStepDefinitionMatch.java:50)
	at cucumber.runner.TestStep.executeStep(TestStep.java:55)
	at cucumber.runner.TestStep.run(TestStep.java:42)
	at cucumber.runner.PickleStepTestStep.run(PickleStepTestStep.java:53)
	at cucumber.runner.TestCase.run(TestCase.java:47)
	at cucumber.runner.Runner.runPickle(Runner.java:44)
	at cucumber.runtime.Runtime.runFeature(Runtime.java:120)
	at cucumber.runtime.Runtime.run(Runtime.java:106)
	at cucumber.api.cli.Main.run(Main.java:35)
	at cucumber.api.cli.Main$run.call(Unknown Source)
	at com.kms.katalon.core.cucumber.keyword.CucumberBuiltinKeywords$_runFeatureFile_closure1.doCall(CucumberBuiltinKeywords.groovy:76)
	at com.kms.katalon.core.cucumber.keyword.CucumberBuiltinKeywords$_runFeatureFile_closure1.doCall(CucumberBuiltinKeywords.groovy)
	at com.kms.katalon.core.keyword.internal.KeywordMain.runKeyword(KeywordMain.groovy:68)
	at com.kms.katalon.core.keyword.internal.KeywordMain$runKeyword.call(Unknown Source)
	at com.kms.katalon.core.cucumber.keyword.CucumberBuiltinKeywords.runFeatureFile(CucumberBuiltinKeywords.groovy:46)
	at com.kms.katalon.core.cucumber.keyword.CucumberBuiltinKeywords$runFeatureFile$0.callStatic(Unknown Source)
	at com.kms.katalon.core.cucumber.keyword.CucumberBuiltinKeywords.runFeatureFile(CucumberBuiltinKeywords.groovy:169)
	at com.kms.katalon.core.cucumber.keyword.CucumberBuiltinKeywords$runFeatureFile.call(Unknown Source)
	at TC_Search_by_STATUS.run(TC_Search_by_STATUS:18)
	at com.kms.katalon.core.main.ScriptEngine.run(ScriptEngine.java:194)
	at com.kms.katalon.core.main.ScriptEngine.runScriptAsRawText(ScriptEngine.java:119)
	at com.kms.katalon.core.main.TestCaseExecutor.runScript(TestCaseExecutor.java:339)
	at com.kms.katalon.core.main.TestCaseExecutor.doExecute(TestCaseExecutor.java:330)
	at com.kms.katalon.core.main.TestCaseExecutor.processExecutionPhase(TestCaseExecutor.java:309)
	at com.kms.katalon.core.main.TestCaseExecutor.accessMainPhase(TestCaseExecutor.java:301)
	at com.kms.katalon.core.main.TestCaseExecutor.execute(TestCaseExecutor.java:235)
	at com.kms.katalon.core.main.TestSuiteExecutor.accessTestCaseMainPhase(TestSuiteExecutor.java:191)
	at com.kms.katalon.core.main.TestSuiteExecutor.accessTestSuiteMainPhase(TestSuiteExecutor.java:141)
	at com.kms.katalon.core.main.TestSuiteExecutor.execute(TestSuiteExecutor.java:90)
	at com.kms.katalon.core.main.TestCaseMain.startTestSuite(TestCaseMain.java:157)
	at com.kms.katalon.core.main.TestCaseMain$startTestSuite$0.call(Unknown Source)
	at TempTestSuite1611224754744.run(TempTestSuite1611224754744.groovy:39)
)
[[ATTACHMENT|/Users/chaidir.pratama01/Katalon Studio/IST_Automation_Git/Reports/20210121_172548/RTD/TS_Partner_Disbursement/20210121_172554/1611226328782.png]]

2021-01-21 17:52:09 - [MESSAGE][PASSED] - Verify Search Result Presents

2021-01-21 17:52:09 - [TEST_STEP][PASSED] - Click button "Logout": Click button "Logout"

2021-01-21 17:52:09 - [MESSAGE][INFO] - >>>>>//Button[contains(text(),'Logout')]

2021-01-21 17:52:12 - [MESSAGE][PASSED] - Object '' is present

2021-01-21 17:52:12 - [MESSAGE][PASSED] - Object: '' is clicked on

2021-01-21 17:52:12 - [MESSAGE][PASSED] - Switched to window with index: '0'

2021-01-21 17:52:12 - [MESSAGE][PASSED] - Click button "Logout"

2021-01-21 17:52:12 - [TEST_STEP][PASSED] - Close browser: Close browser

2021-01-21 17:52:12 - [MESSAGE][PASSED] - Browser is closed

2021-01-21 17:52:12 - [MESSAGE][PASSED] - Close browser

2021-01-21 17:52:12 - [TEST_CASE][PASSED] - Start Test Case : SCENARIO Search by STATUS Manual Disbursement: SCENARIO Search by STATUS Manual Disbursement

2021-01-21 17:52:12 - [TEST_STEP][PASSED] - Go to ISTools: Go to ISTools

2021-01-21 17:52:12 - [MESSAGE][INFO] - Starting 'Chrome (headless)' driver

2021-01-21 17:52:12 - [MESSAGE][INFO] - User set preference: ['args', '[--start-maximized, --disable-gpu, --no-proxy-server, â€“-no-sandbox, --allow-running-insecure-content, --ignore-certificate-errors, window-size=1680,814, force-device-scale-factor=2, --lang=en-GB]']

2021-01-21 17:52:12 - [MESSAGE][INFO] - User set preference: ['prefs', '{download.default_directory=/Users/chaidir.pratama01/Katalon Studio/IST_Automation_Git/Download}']

2021-01-21 17:52:12 - [MESSAGE][INFO] - Action delay is set to 0 milliseconds

2021-01-21 17:52:13 - [MESSAGE][PASSED] - Browser is opened with url: ''

2021-01-21 17:52:13 - [MESSAGE][PASSED] - Navigate to 'https://dev-istools.homecredit.id/foundation/' successfully

2021-01-21 17:52:13 - [MESSAGE][PASSED] - Go to ISTools

2021-01-21 17:52:13 - [TEST_STEP][PASSED] - Login IST with valid credentials: Login IST with valid credentials

2021-01-21 17:52:14 - [MESSAGE][PASSED] - Text 'mobile.test' is set on object 'Object Repository/Page_/input_Username_j_username'

2021-01-21 17:52:14 - [MESSAGE][PASSED] - Text ****** has been set on object 'Object Repository/Page_/input_Password_j_password'

2021-01-21 17:52:14 - [MESSAGE][PASSED] - Object: 'Object Repository/Page_/button_Login' is clicked on

2021-01-21 17:52:14 - [MESSAGE][PASSED] - Login IST with valid credentials

2021-01-21 17:52:14 - [TEST_STEP][PASSED] - Login Success: Login Success

2021-01-21 17:52:14 - [MESSAGE][INFO] - Login Success

2021-01-21 17:52:14 - [MESSAGE][PASSED] - Current window maximized

2021-01-21 17:52:14 - [MESSAGE][PASSED] - Object 'Object Repository/Page_/h1_Welcome to IT Supporting Tools' is present

2021-01-21 17:52:14 - [MESSAGE][PASSED] - Login Success

2021-01-21 17:52:14 - [TEST_STEP][PASSED] - Select Arrow Menu "Real Time Disbursement": Select Arrow Menu "Real Time Disbursement"

2021-01-21 17:52:14 - [MESSAGE][PASSED] - Object: '' is clicked on

2021-01-21 17:52:14 - [MESSAGE][PASSED] - Select Arrow Menu "Real Time Disbursement"

2021-01-21 17:52:14 - [TEST_STEP][PASSED] - Select Menu "Partner Disbursement": Select Menu "Partner Disbursement"

2021-01-21 17:52:15 - [MESSAGE][PASSED] - Taking screenshot successfully
[[ATTACHMENT|/Users/chaidir.pratama01/Documents/Docs/Katalon Studio/Screenshot/test-Partner Disbursement.png]]

2021-01-21 17:52:15 - [MESSAGE][PASSED] - Object '' is present

2021-01-21 17:52:15 - [MESSAGE][PASSED] - Object: '' is clicked on

2021-01-21 17:52:15 - [MESSAGE][PASSED] - Wait for page load successfully

2021-01-21 17:52:15 - [MESSAGE][PASSED] - Select Menu "Partner Disbursement"

2021-01-21 17:52:15 - [TEST_STEP][PASSED] - Select STATUS "Manual Disbursement": Select STATUS "Manual Disbursement"

2021-01-21 17:52:15 - [MESSAGE][PASSED] - All options with value 'Manual Disbursement' are selected in object ''  using regular expression

2021-01-21 17:52:15 - [MESSAGE][PASSED] - Select STATUS "Manual Disbursement"

2021-01-21 17:52:15 - [TEST_STEP][PASSED] - Click button "Search": Click button "Search"

2021-01-21 17:52:15 - [MESSAGE][INFO] - >>>>>//Button[contains(text(),'Search')]

2021-01-21 17:52:18 - [MESSAGE][PASSED] - Object '' is present

2021-01-21 17:52:18 - [MESSAGE][PASSED] - Object: '' is clicked on

2021-01-21 17:52:18 - [MESSAGE][PASSED] - Switched to window with index: '0'

2021-01-21 17:52:18 - [MESSAGE][PASSED] - Click button "Search"

2021-01-21 17:52:18 - [TEST_STEP][PASSED] - Verify Search Result Presents: Verify Search Result Presents

2021-01-21 17:52:19 - [MESSAGE][PASSED] - Object '' is present

2021-01-21 17:52:29 - [MESSAGE][PASSED] - Verify Search Result Presents

2021-01-21 17:52:29 - [TEST_STEP][PASSED] - Click button "Logout": Click button "Logout"

2021-01-21 17:52:29 - [MESSAGE][INFO] - >>>>>//Button[contains(text(),'Logout')]

2021-01-21 17:52:32 - [MESSAGE][PASSED] - Object '' is present

2021-01-21 17:52:32 - [MESSAGE][PASSED] - Object: '' is clicked on

2021-01-21 17:52:32 - [MESSAGE][PASSED] - Switched to window with index: '0'

2021-01-21 17:52:32 - [MESSAGE][PASSED] - Click button "Logout"

2021-01-21 17:52:32 - [TEST_STEP][PASSED] - Close browser: Close browser

2021-01-21 17:52:32 - [MESSAGE][PASSED] - Browser is closed

2021-01-21 17:52:32 - [MESSAGE][PASSED] - Close browser

2021-01-21 17:52:32 - [TEST_CASE][PASSED] - Start Test Case : SCENARIO Search by STATUS DONE: SCENARIO Search by STATUS DONE

2021-01-21 17:52:32 - [TEST_STEP][PASSED] - Go to ISTools: Go to ISTools

2021-01-21 17:52:32 - [MESSAGE][INFO] - Starting 'Chrome (headless)' driver

2021-01-21 17:52:32 - [MESSAGE][INFO] - User set preference: ['args', '[--start-maximized, --disable-gpu, --no-proxy-server, â€“-no-sandbox, --allow-running-insecure-content, --ignore-certificate-errors, window-size=1680,814, force-device-scale-factor=2, --lang=en-GB]']

2021-01-21 17:52:32 - [MESSAGE][INFO] - User set preference: ['prefs', '{download.default_directory=/Users/chaidir.pratama01/Katalon Studio/IST_Automation_Git/Download}']

2021-01-21 17:52:32 - [MESSAGE][INFO] - Action delay is set to 0 milliseconds

2021-01-21 17:52:32 - [MESSAGE][PASSED] - Browser is opened with url: ''

2021-01-21 17:52:33 - [MESSAGE][PASSED] - Navigate to 'https://dev-istools.homecredit.id/foundation/' successfully

2021-01-21 17:52:33 - [MESSAGE][PASSED] - Go to ISTools

2021-01-21 17:52:33 - [TEST_STEP][PASSED] - Login IST with valid credentials: Login IST with valid credentials

2021-01-21 17:52:33 - [MESSAGE][PASSED] - Text 'mobile.test' is set on object 'Object Repository/Page_/input_Username_j_username'

2021-01-21 17:52:33 - [MESSAGE][PASSED] - Text ****** has been set on object 'Object Repository/Page_/input_Password_j_password'

2021-01-21 17:52:34 - [MESSAGE][PASSED] - Object: 'Object Repository/Page_/button_Login' is clicked on

2021-01-21 17:52:34 - [MESSAGE][PASSED] - Login IST with valid credentials

2021-01-21 17:52:34 - [TEST_STEP][PASSED] - Login Success: Login Success

2021-01-21 17:52:34 - [MESSAGE][INFO] - Login Success

2021-01-21 17:52:34 - [MESSAGE][PASSED] - Current window maximized

2021-01-21 17:52:34 - [MESSAGE][PASSED] - Object 'Object Repository/Page_/h1_Welcome to IT Supporting Tools' is present

2021-01-21 17:52:34 - [MESSAGE][PASSED] - Login Success

2021-01-21 17:52:34 - [TEST_STEP][PASSED] - Select Arrow Menu "Real Time Disbursement": Select Arrow Menu "Real Time Disbursement"

2021-01-21 17:52:34 - [MESSAGE][PASSED] - Object: '' is clicked on

2021-01-21 17:52:34 - [MESSAGE][PASSED] - Select Arrow Menu "Real Time Disbursement"

2021-01-21 17:52:34 - [TEST_STEP][PASSED] - Select Menu "Partner Disbursement": Select Menu "Partner Disbursement"

2021-01-21 17:52:34 - [MESSAGE][PASSED] - Taking screenshot successfully
[[ATTACHMENT|/Users/chaidir.pratama01/Documents/Docs/Katalon Studio/Screenshot/test-Partner Disbursement.png]]

2021-01-21 17:52:34 - [MESSAGE][PASSED] - Object '' is present

2021-01-21 17:52:34 - [MESSAGE][PASSED] - Object: '' is clicked on

2021-01-21 17:52:34 - [MESSAGE][PASSED] - Wait for page load successfully

2021-01-21 17:52:34 - [MESSAGE][PASSED] - Select Menu "Partner Disbursement"

2021-01-21 17:52:34 - [TEST_STEP][PASSED] - Select STATUS "DONE": Select STATUS "DONE"

2021-01-21 17:52:35 - [MESSAGE][PASSED] - All options with value 'DONE' are selected in object ''  using regular expression

2021-01-21 17:52:35 - [MESSAGE][PASSED] - Select STATUS "DONE"

2021-01-21 17:52:35 - [TEST_STEP][PASSED] - Click button "Search": Click button "Search"

2021-01-21 17:52:35 - [MESSAGE][INFO] - >>>>>//Button[contains(text(),'Search')]

2021-01-21 17:52:38 - [MESSAGE][PASSED] - Object '' is present

2021-01-21 17:52:38 - [MESSAGE][PASSED] - Object: '' is clicked on

2021-01-21 17:52:38 - [MESSAGE][PASSED] - Switched to window with index: '0'

2021-01-21 17:52:38 - [MESSAGE][PASSED] - Click button "Search"

2021-01-21 17:52:38 - [TEST_STEP][PASSED] - Verify Search Result Presents: Verify Search Result Presents

2021-01-21 17:52:38 - [MESSAGE][PASSED] - Object '' is present

2021-01-21 17:52:46 - [MESSAGE][PASSED] - Verify Search Result Presents

2021-01-21 17:52:46 - [TEST_STEP][PASSED] - Click button "Logout": Click button "Logout"

2021-01-21 17:52:46 - [MESSAGE][INFO] - >>>>>//Button[contains(text(),'Logout')]

2021-01-21 17:52:49 - [MESSAGE][PASSED] - Object '' is present

2021-01-21 17:52:49 - [MESSAGE][PASSED] - Object: '' is clicked on

2021-01-21 17:52:49 - [MESSAGE][PASSED] - Switched to window with index: '0'

2021-01-21 17:52:49 - [MESSAGE][PASSED] - Click button "Logout"

2021-01-21 17:52:49 - [TEST_STEP][PASSED] - Close browser: Close browser

2021-01-21 17:52:49 - [MESSAGE][PASSED] - Browser is closed

2021-01-21 17:52:49 - [MESSAGE][PASSED] - Close browser

2021-01-21 17:52:49 - [TEST_CASE][PASSED] - Start Test Case : SCENARIO Search by STATUS Waiting Partner Confirmation: SCENARIO Search by STATUS Waiting Partner Confirmation

2021-01-21 17:52:49 - [TEST_STEP][PASSED] - Go to ISTools: Go to ISTools

2021-01-21 17:52:49 - [MESSAGE][INFO] - Starting 'Chrome (headless)' driver

2021-01-21 17:52:49 - [MESSAGE][INFO] - User set preference: ['args', '[--start-maximized, --disable-gpu, --no-proxy-server, â€“-no-sandbox, --allow-running-insecure-content, --ignore-certificate-errors, window-size=1680,814, force-device-scale-factor=2, --lang=en-GB]']

2021-01-21 17:52:49 - [MESSAGE][INFO] - User set preference: ['prefs', '{download.default_directory=/Users/chaidir.pratama01/Katalon Studio/IST_Automation_Git/Download}']

2021-01-21 17:52:49 - [MESSAGE][INFO] - Action delay is set to 0 milliseconds

2021-01-21 17:52:49 - [MESSAGE][PASSED] - Browser is opened with url: ''

2021-01-21 17:52:50 - [MESSAGE][PASSED] - Navigate to 'https://dev-istools.homecredit.id/foundation/' successfully

2021-01-21 17:52:50 - [MESSAGE][PASSED] - Go to ISTools

2021-01-21 17:52:50 - [TEST_STEP][PASSED] - Login IST with valid credentials: Login IST with valid credentials

2021-01-21 17:52:50 - [MESSAGE][PASSED] - Text 'mobile.test' is set on object 'Object Repository/Page_/input_Username_j_username'

2021-01-21 17:52:50 - [MESSAGE][PASSED] - Text ****** has been set on object 'Object Repository/Page_/input_Password_j_password'

2021-01-21 17:52:51 - [MESSAGE][PASSED] - Object: 'Object Repository/Page_/button_Login' is clicked on

2021-01-21 17:52:51 - [MESSAGE][PASSED] - Login IST with valid credentials

2021-01-21 17:52:51 - [TEST_STEP][PASSED] - Login Success: Login Success

2021-01-21 17:52:51 - [MESSAGE][INFO] - Login Success

2021-01-21 17:52:51 - [MESSAGE][PASSED] - Current window maximized

2021-01-21 17:52:51 - [MESSAGE][PASSED] - Object 'Object Repository/Page_/h1_Welcome to IT Supporting Tools' is present

2021-01-21 17:52:51 - [MESSAGE][PASSED] - Login Success

2021-01-21 17:52:51 - [TEST_STEP][PASSED] - Select Arrow Menu "Real Time Disbursement": Select Arrow Menu "Real Time Disbursement"

2021-01-21 17:52:51 - [MESSAGE][PASSED] - Object: '' is clicked on

2021-01-21 17:52:51 - [MESSAGE][PASSED] - Select Arrow Menu "Real Time Disbursement"

2021-01-21 17:52:51 - [TEST_STEP][PASSED] - Select Menu "Partner Disbursement": Select Menu "Partner Disbursement"

2021-01-21 17:52:52 - [MESSAGE][PASSED] - Taking screenshot successfully
[[ATTACHMENT|/Users/chaidir.pratama01/Documents/Docs/Katalon Studio/Screenshot/test-Partner Disbursement.png]]

2021-01-21 17:52:52 - [MESSAGE][PASSED] - Object '' is present

2021-01-21 17:52:52 - [MESSAGE][PASSED] - Object: '' is clicked on

2021-01-21 17:52:52 - [MESSAGE][PASSED] - Wait for page load successfully

2021-01-21 17:52:52 - [MESSAGE][PASSED] - Select Menu "Partner Disbursement"

2021-01-21 17:52:52 - [TEST_STEP][PASSED] - Select STATUS "Waiting Partner Confirmation": Select STATUS "Waiting Partner Confirmation"

2021-01-21 17:52:52 - [MESSAGE][PASSED] - All options with value 'Waiting Partner Confirmation' are selected in object ''  using regular expression

2021-01-21 17:52:52 - [MESSAGE][PASSED] - Select STATUS "Waiting Partner Confirmation"

2021-01-21 17:52:52 - [TEST_STEP][PASSED] - Click button "Search": Click button "Search"

2021-01-21 17:52:52 - [MESSAGE][INFO] - >>>>>//Button[contains(text(),'Search')]

2021-01-21 17:52:55 - [MESSAGE][PASSED] - Object '' is present

2021-01-21 17:52:55 - [MESSAGE][PASSED] - Object: '' is clicked on

2021-01-21 17:52:55 - [MESSAGE][PASSED] - Switched to window with index: '0'

2021-01-21 17:52:55 - [MESSAGE][PASSED] - Click button "Search"

2021-01-21 17:52:55 - [TEST_STEP][PASSED] - Verify Search Result Presents: Verify Search Result Presents

2021-01-21 17:52:59 - [MESSAGE][INFO] - Unable to find the element located by 'By.xpath: //td[@style='display:none' and contains(text(),'-Empty-')]'. Please recheck the objects properties to make sure the desired element is located. 

2021-01-21 17:53:00 - [MESSAGE][WARNING] - com.kms.katalon.core.webui.exception.WebElementNotFoundException: Web element with id: '' located by '//td[@style='display:none' and contains(text(),'-Empty-')]' not found (Root cause: com.kms.katalon.core.exception.StepFailedException: com.kms.katalon.core.webui.exception.WebElementNotFoundException: Web element with id: '' located by '//td[@style='display:none' and contains(text(),'-Empty-')]' not found
	at com.kms.katalon.core.webui.keyword.internal.WebUIKeywordMain.stepFailed(WebUIKeywordMain.groovy:64)
	at com.kms.katalon.core.webui.keyword.builtin.VerifyElementPresentKeyword$_verifyElementPresent_closure1.doCall(VerifyElementPresentKeyword.groovy:85)
	at com.kms.katalon.core.webui.keyword.builtin.VerifyElementPresentKeyword$_verifyElementPresent_closure1.call(VerifyElementPresentKeyword.groovy)
	at com.kms.katalon.core.webui.keyword.internal.WebUIKeywordMain.runKeyword(WebUIKeywordMain.groovy:20)
	at com.kms.katalon.core.webui.keyword.builtin.VerifyElementPresentKeyword.verifyElementPresent(VerifyElementPresentKeyword.groovy:92)
	at com.kms.katalon.core.webui.keyword.builtin.VerifyElementPresentKeyword.execute(VerifyElementPresentKeyword.groovy:68)
	at com.kms.katalon.core.keyword.internal.KeywordExecutor.executeKeywordForPlatform(KeywordExecutor.groovy:73)
	at com.kms.katalon.core.webui.keyword.WebUiBuiltInKeywords.verifyElementPresent(WebUiBuiltInKeywords.groovy:1444)
	at com.kms.katalon.core.webui.keyword.WebUiBuiltInKeywords$verifyElementPresent$11.call(Unknown Source)
	at ist_real.Contract_Dispatcher.VerifyTblFilled(Contract_Dispatcher.groovy:1313)
	at ist_real.Contract_Dispatcher$VerifyTblFilled$0.call(Unknown Source)
	at RTD.Search_Result_Presents(RTD.groovy:191)
	at cucumber.runtime.Utils$1.call(Utils.java:26)
	at cucumber.runtime.Timeout.timeout(Timeout.java:16)
	at cucumber.runtime.Utils.invoke(Utils.java:20)
	at cucumber.runtime.java.JavaStepDefinition.execute(JavaStepDefinition.java:48)
	at cucumber.runtime.PickleStepDefinitionMatch.runStep(PickleStepDefinitionMatch.java:50)
	at cucumber.runner.TestStep.executeStep(TestStep.java:55)
	at cucumber.runner.TestStep.run(TestStep.java:42)
	at cucumber.runner.PickleStepTestStep.run(PickleStepTestStep.java:53)
	at cucumber.runner.TestCase.run(TestCase.java:47)
	at cucumber.runner.Runner.runPickle(Runner.java:44)
	at cucumber.runtime.Runtime.runFeature(Runtime.java:120)
	at cucumber.runtime.Runtime.run(Runtime.java:106)
	at cucumber.api.cli.Main.run(Main.java:35)
	at cucumber.api.cli.Main$run.call(Unknown Source)
	at com.kms.katalon.core.cucumber.keyword.CucumberBuiltinKeywords$_runFeatureFile_closure1.doCall(CucumberBuiltinKeywords.groovy:76)
	at com.kms.katalon.core.cucumber.keyword.CucumberBuiltinKeywords$_runFeatureFile_closure1.doCall(CucumberBuiltinKeywords.groovy)
	at com.kms.katalon.core.keyword.internal.KeywordMain.runKeyword(KeywordMain.groovy:68)
	at com.kms.katalon.core.keyword.internal.KeywordMain$runKeyword.call(Unknown Source)
	at com.kms.katalon.core.cucumber.keyword.CucumberBuiltinKeywords.runFeatureFile(CucumberBuiltinKeywords.groovy:46)
	at com.kms.katalon.core.cucumber.keyword.CucumberBuiltinKeywords$runFeatureFile$0.callStatic(Unknown Source)
	at com.kms.katalon.core.cucumber.keyword.CucumberBuiltinKeywords.runFeatureFile(CucumberBuiltinKeywords.groovy:169)
	at com.kms.katalon.core.cucumber.keyword.CucumberBuiltinKeywords$runFeatureFile.call(Unknown Source)
	at TC_Search_by_STATUS.run(TC_Search_by_STATUS:18)
	at com.kms.katalon.core.main.ScriptEngine.run(ScriptEngine.java:194)
	at com.kms.katalon.core.main.ScriptEngine.runScriptAsRawText(ScriptEngine.java:119)
	at com.kms.katalon.core.main.TestCaseExecutor.runScript(TestCaseExecutor.java:339)
	at com.kms.katalon.core.main.TestCaseExecutor.doExecute(TestCaseExecutor.java:330)
	at com.kms.katalon.core.main.TestCaseExecutor.processExecutionPhase(TestCaseExecutor.java:309)
	at com.kms.katalon.core.main.TestCaseExecutor.accessMainPhase(TestCaseExecutor.java:301)
	at com.kms.katalon.core.main.TestCaseExecutor.execute(TestCaseExecutor.java:235)
	at com.kms.katalon.core.main.TestSuiteExecutor.accessTestCaseMainPhase(TestSuiteExecutor.java:191)
	at com.kms.katalon.core.main.TestSuiteExecutor.accessTestSuiteMainPhase(TestSuiteExecutor.java:141)
	at com.kms.katalon.core.main.TestSuiteExecutor.execute(TestSuiteExecutor.java:90)
	at com.kms.katalon.core.main.TestCaseMain.startTestSuite(TestCaseMain.java:157)
	at com.kms.katalon.core.main.TestCaseMain$startTestSuite$0.call(Unknown Source)
	at TempTestSuite1611224754744.run(TempTestSuite1611224754744.groovy:39)
)
[[ATTACHMENT|/Users/chaidir.pratama01/Katalon Studio/IST_Automation_Git/Reports/20210121_172548/RTD/TS_Partner_Disbursement/20210121_172554/1611226379580.png]]

2021-01-21 17:53:00 - [MESSAGE][PASSED] - Verify Search Result Presents

2021-01-21 17:53:00 - [TEST_STEP][PASSED] - Click button "Logout": Click button "Logout"

2021-01-21 17:53:00 - [MESSAGE][INFO] - >>>>>//Button[contains(text(),'Logout')]

2021-01-21 17:53:03 - [MESSAGE][PASSED] - Object '' is present

2021-01-21 17:53:03 - [MESSAGE][PASSED] - Object: '' is clicked on

2021-01-21 17:53:03 - [MESSAGE][PASSED] - Switched to window with index: '0'

2021-01-21 17:53:03 - [MESSAGE][PASSED] - Click button "Logout"

2021-01-21 17:53:03 - [TEST_STEP][PASSED] - Close browser: Close browser

2021-01-21 17:53:03 - [MESSAGE][PASSED] - Browser is closed

2021-01-21 17:53:03 - [MESSAGE][PASSED] - Close browser

2021-01-21 17:53:03 - [TEST_CASE][PASSED] - Start Test Case : SCENARIO Search by STATUS Success to Disburse: SCENARIO Search by STATUS Success to Disburse

2021-01-21 17:53:03 - [TEST_STEP][PASSED] - Go to ISTools: Go to ISTools

2021-01-21 17:53:03 - [MESSAGE][INFO] - Starting 'Chrome (headless)' driver

2021-01-21 17:53:03 - [MESSAGE][INFO] - User set preference: ['args', '[--start-maximized, --disable-gpu, --no-proxy-server, â€“-no-sandbox, --allow-running-insecure-content, --ignore-certificate-errors, window-size=1680,814, force-device-scale-factor=2, --lang=en-GB]']

2021-01-21 17:53:03 - [MESSAGE][INFO] - User set preference: ['prefs', '{download.default_directory=/Users/chaidir.pratama01/Katalon Studio/IST_Automation_Git/Download}']

2021-01-21 17:53:03 - [MESSAGE][INFO] - Action delay is set to 0 milliseconds

2021-01-21 17:53:03 - [MESSAGE][PASSED] - Browser is opened with url: ''

2021-01-21 17:53:04 - [MESSAGE][PASSED] - Navigate to 'https://dev-istools.homecredit.id/foundation/' successfully

2021-01-21 17:53:04 - [MESSAGE][PASSED] - Go to ISTools

2021-01-21 17:53:04 - [TEST_STEP][PASSED] - Login IST with valid credentials: Login IST with valid credentials

2021-01-21 17:53:04 - [MESSAGE][PASSED] - Text 'mobile.test' is set on object 'Object Repository/Page_/input_Username_j_username'

2021-01-21 17:53:04 - [MESSAGE][PASSED] - Text ****** has been set on object 'Object Repository/Page_/input_Password_j_password'

2021-01-21 17:53:05 - [MESSAGE][PASSED] - Object: 'Object Repository/Page_/button_Login' is clicked on

2021-01-21 17:53:05 - [MESSAGE][PASSED] - Login IST with valid credentials

2021-01-21 17:53:05 - [TEST_STEP][PASSED] - Login Success: Login Success

2021-01-21 17:53:05 - [MESSAGE][INFO] - Login Success

2021-01-21 17:53:05 - [MESSAGE][PASSED] - Current window maximized

2021-01-21 17:53:05 - [MESSAGE][PASSED] - Object 'Object Repository/Page_/h1_Welcome to IT Supporting Tools' is present

2021-01-21 17:53:05 - [MESSAGE][PASSED] - Login Success

2021-01-21 17:53:05 - [TEST_STEP][PASSED] - Select Arrow Menu "Real Time Disbursement": Select Arrow Menu "Real Time Disbursement"

2021-01-21 17:53:05 - [MESSAGE][PASSED] - Object: '' is clicked on

2021-01-21 17:53:05 - [MESSAGE][PASSED] - Select Arrow Menu "Real Time Disbursement"

2021-01-21 17:53:05 - [TEST_STEP][PASSED] - Select Menu "Partner Disbursement": Select Menu "Partner Disbursement"

2021-01-21 17:53:05 - [MESSAGE][PASSED] - Taking screenshot successfully
[[ATTACHMENT|/Users/chaidir.pratama01/Documents/Docs/Katalon Studio/Screenshot/test-Partner Disbursement.png]]

2021-01-21 17:53:05 - [MESSAGE][PASSED] - Object '' is present

2021-01-21 17:53:06 - [MESSAGE][PASSED] - Object: '' is clicked on

2021-01-21 17:53:06 - [MESSAGE][PASSED] - Wait for page load successfully

2021-01-21 17:53:06 - [MESSAGE][PASSED] - Select Menu "Partner Disbursement"

2021-01-21 17:53:06 - [TEST_STEP][PASSED] - Select STATUS "Success to Disburse": Select STATUS "Success to Disburse"

2021-01-21 17:53:06 - [MESSAGE][PASSED] - All options with value 'Success to Disburse' are selected in object ''  using regular expression

2021-01-21 17:53:06 - [MESSAGE][PASSED] - Select STATUS "Success to Disburse"

2021-01-21 17:53:06 - [TEST_STEP][PASSED] - Click button "Search": Click button "Search"

2021-01-21 17:53:06 - [MESSAGE][INFO] - >>>>>//Button[contains(text(),'Search')]

2021-01-21 17:53:09 - [MESSAGE][PASSED] - Object '' is present

2021-01-21 17:53:09 - [MESSAGE][PASSED] - Object: '' is clicked on

2021-01-21 17:53:09 - [MESSAGE][PASSED] - Switched to window with index: '0'

2021-01-21 17:53:09 - [MESSAGE][PASSED] - Click button "Search"

2021-01-21 17:53:09 - [TEST_STEP][PASSED] - Verify Search Result Presents: Verify Search Result Presents

2021-01-21 17:53:13 - [MESSAGE][INFO] - Unable to find the element located by 'By.xpath: //td[@style='display:none' and contains(text(),'-Empty-')]'. Please recheck the objects properties to make sure the desired element is located. 

2021-01-21 17:53:14 - [MESSAGE][WARNING] - com.kms.katalon.core.webui.exception.WebElementNotFoundException: Web element with id: '' located by '//td[@style='display:none' and contains(text(),'-Empty-')]' not found (Root cause: com.kms.katalon.core.exception.StepFailedException: com.kms.katalon.core.webui.exception.WebElementNotFoundException: Web element with id: '' located by '//td[@style='display:none' and contains(text(),'-Empty-')]' not found
	at com.kms.katalon.core.webui.keyword.internal.WebUIKeywordMain.stepFailed(WebUIKeywordMain.groovy:64)
	at com.kms.katalon.core.webui.keyword.builtin.VerifyElementPresentKeyword$_verifyElementPresent_closure1.doCall(VerifyElementPresentKeyword.groovy:85)
	at com.kms.katalon.core.webui.keyword.builtin.VerifyElementPresentKeyword$_verifyElementPresent_closure1.call(VerifyElementPresentKeyword.groovy)
	at com.kms.katalon.core.webui.keyword.internal.WebUIKeywordMain.runKeyword(WebUIKeywordMain.groovy:20)
	at com.kms.katalon.core.webui.keyword.builtin.VerifyElementPresentKeyword.verifyElementPresent(VerifyElementPresentKeyword.groovy:92)
	at com.kms.katalon.core.webui.keyword.builtin.VerifyElementPresentKeyword.execute(VerifyElementPresentKeyword.groovy:68)
	at com.kms.katalon.core.keyword.internal.KeywordExecutor.executeKeywordForPlatform(KeywordExecutor.groovy:73)
	at com.kms.katalon.core.webui.keyword.WebUiBuiltInKeywords.verifyElementPresent(WebUiBuiltInKeywords.groovy:1444)
	at com.kms.katalon.core.webui.keyword.WebUiBuiltInKeywords$verifyElementPresent$11.call(Unknown Source)
	at ist_real.Contract_Dispatcher.VerifyTblFilled(Contract_Dispatcher.groovy:1313)
	at ist_real.Contract_Dispatcher$VerifyTblFilled$0.call(Unknown Source)
	at RTD.Search_Result_Presents(RTD.groovy:191)
	at cucumber.runtime.Utils$1.call(Utils.java:26)
	at cucumber.runtime.Timeout.timeout(Timeout.java:16)
	at cucumber.runtime.Utils.invoke(Utils.java:20)
	at cucumber.runtime.java.JavaStepDefinition.execute(JavaStepDefinition.java:48)
	at cucumber.runtime.PickleStepDefinitionMatch.runStep(PickleStepDefinitionMatch.java:50)
	at cucumber.runner.TestStep.executeStep(TestStep.java:55)
	at cucumber.runner.TestStep.run(TestStep.java:42)
	at cucumber.runner.PickleStepTestStep.run(PickleStepTestStep.java:53)
	at cucumber.runner.TestCase.run(TestCase.java:47)
	at cucumber.runner.Runner.runPickle(Runner.java:44)
	at cucumber.runtime.Runtime.runFeature(Runtime.java:120)
	at cucumber.runtime.Runtime.run(Runtime.java:106)
	at cucumber.api.cli.Main.run(Main.java:35)
	at cucumber.api.cli.Main$run.call(Unknown Source)
	at com.kms.katalon.core.cucumber.keyword.CucumberBuiltinKeywords$_runFeatureFile_closure1.doCall(CucumberBuiltinKeywords.groovy:76)
	at com.kms.katalon.core.cucumber.keyword.CucumberBuiltinKeywords$_runFeatureFile_closure1.doCall(CucumberBuiltinKeywords.groovy)
	at com.kms.katalon.core.keyword.internal.KeywordMain.runKeyword(KeywordMain.groovy:68)
	at com.kms.katalon.core.keyword.internal.KeywordMain$runKeyword.call(Unknown Source)
	at com.kms.katalon.core.cucumber.keyword.CucumberBuiltinKeywords.runFeatureFile(CucumberBuiltinKeywords.groovy:46)
	at com.kms.katalon.core.cucumber.keyword.CucumberBuiltinKeywords$runFeatureFile$0.callStatic(Unknown Source)
	at com.kms.katalon.core.cucumber.keyword.CucumberBuiltinKeywords.runFeatureFile(CucumberBuiltinKeywords.groovy:169)
	at com.kms.katalon.core.cucumber.keyword.CucumberBuiltinKeywords$runFeatureFile.call(Unknown Source)
	at TC_Search_by_STATUS.run(TC_Search_by_STATUS:18)
	at com.kms.katalon.core.main.ScriptEngine.run(ScriptEngine.java:194)
	at com.kms.katalon.core.main.ScriptEngine.runScriptAsRawText(ScriptEngine.java:119)
	at com.kms.katalon.core.main.TestCaseExecutor.runScript(TestCaseExecutor.java:339)
	at com.kms.katalon.core.main.TestCaseExecutor.doExecute(TestCaseExecutor.java:330)
	at com.kms.katalon.core.main.TestCaseExecutor.processExecutionPhase(TestCaseExecutor.java:309)
	at com.kms.katalon.core.main.TestCaseExecutor.accessMainPhase(TestCaseExecutor.java:301)
	at com.kms.katalon.core.main.TestCaseExecutor.execute(TestCaseExecutor.java:235)
	at com.kms.katalon.core.main.TestSuiteExecutor.accessTestCaseMainPhase(TestSuiteExecutor.java:191)
	at com.kms.katalon.core.main.TestSuiteExecutor.accessTestSuiteMainPhase(TestSuiteExecutor.java:141)
	at com.kms.katalon.core.main.TestSuiteExecutor.execute(TestSuiteExecutor.java:90)
	at com.kms.katalon.core.main.TestCaseMain.startTestSuite(TestCaseMain.java:157)
	at com.kms.katalon.core.main.TestCaseMain$startTestSuite$0.call(Unknown Source)
	at TempTestSuite1611224754744.run(TempTestSuite1611224754744.groovy:39)
)
[[ATTACHMENT|/Users/chaidir.pratama01/Katalon Studio/IST_Automation_Git/Reports/20210121_172548/RTD/TS_Partner_Disbursement/20210121_172554/1611226393530.png]]

2021-01-21 17:53:14 - [MESSAGE][PASSED] - Verify Search Result Presents

2021-01-21 17:53:14 - [TEST_STEP][PASSED] - Click button "Logout": Click button "Logout"

2021-01-21 17:53:14 - [MESSAGE][INFO] - >>>>>//Button[contains(text(),'Logout')]

2021-01-21 17:53:17 - [MESSAGE][PASSED] - Object '' is present

2021-01-21 17:53:17 - [MESSAGE][PASSED] - Object: '' is clicked on

2021-01-21 17:53:17 - [MESSAGE][PASSED] - Switched to window with index: '0'

2021-01-21 17:53:17 - [MESSAGE][PASSED] - Click button "Logout"

2021-01-21 17:53:17 - [TEST_STEP][PASSED] - Close browser: Close browser

2021-01-21 17:53:17 - [MESSAGE][PASSED] - Browser is closed

2021-01-21 17:53:17 - [MESSAGE][PASSED] - Close browser

2021-01-21 17:53:17 - [TEST_CASE][FAILED] - Start Test Case : SCENARIO Search by STATUS Hold Payment Recreation: SCENARIO Search by STATUS Hold Payment Recreation FAILED.
Reason:
com.kms.katalon.core.exception.StepFailedException: Unable to set text 'mobile.test' of object 'Object Repository/Page_/input_Username_j_username'
	at com.kms.katalon.core.webui.keyword.internal.WebUIKeywordMain.stepFailed(WebUIKeywordMain.groovy:64)
	at com.kms.katalon.core.webui.keyword.internal.WebUIKeywordMain.runKeyword(WebUIKeywordMain.groovy:26)
	at com.kms.katalon.core.webui.keyword.builtin.SetTextKeyword.setText(SetTextKeyword.groovy:66)
	at com.kms.katalon.core.webui.keyword.builtin.SetTextKeyword.execute(SetTextKeyword.groovy:37)
	at com.kms.katalon.core.keyword.internal.KeywordExecutor.executeKeywordForPlatform(KeywordExecutor.groovy:73)
	at com.kms.katalon.core.webui.keyword.WebUiBuiltInKeywords.setText(WebUiBuiltInKeywords.groovy:976)
	at com.kms.katalon.core.webui.keyword.WebUiBuiltInKeywords$setText$1.call(Unknown Source)
	at ist_real.Login_IST.I_want_to_login_to_IST(Login_IST.groovy:133)
	at âœ½.Login IST with valid credentials(/Users/chaidir.pratama01/Katalon Studio/IST_Automation_Git/Include/features/IST_Real/RTD/Partner_Disbursement/Search_by_STATUS.feature:208)
Caused by: java.lang.IllegalArgumentException: Cannot find elements when the selector is null
	at org.openqa.selenium.By$ByCssSelector.<init>(By.java:422)
	at org.openqa.selenium.By.cssSelector(By.java:116)
	at com.kms.katalon.core.webui.common.WebUiCommonHelper.buildLocator(WebUiCommonHelper.java:515)
	at com.kms.katalon.core.webui.common.WebUiCommonHelper.findElementByNormalMethods(WebUiCommonHelper.java:985)
	at com.kms.katalon.core.webui.common.WebUiCommonHelper.findElementsBySelectedMethod(WebUiCommonHelper.java:890)
	at com.kms.katalon.core.webui.common.WebUiCommonHelper.findElementsWithSelfHealing(WebUiCommonHelper.java:794)
	at com.kms.katalon.core.webui.common.WebUiCommonHelper.findWebElements(WebUiCommonHelper.java:717)
	at com.kms.katalon.core.webui.common.WebUiCommonHelper.findWebElement(WebUiCommonHelper.java:1349)
	at com.kms.katalon.core.webui.keyword.internal.WebUIAbstractKeyword.findWebElement(WebUIAbstractKeyword.groovy:27)
	at com.kms.katalon.core.webui.keyword.internal.WebUIAbstractKeyword.findWebElement(WebUIAbstractKeyword.groovy:26)
	at com.kms.katalon.core.webui.keyword.builtin.SetTextKeyword$_setText_closure1.doCall(SetTextKeyword.groovy:51)
	at com.kms.katalon.core.webui.keyword.builtin.SetTextKeyword$_setText_closure1.call(SetTextKeyword.groovy)
	at com.kms.katalon.core.webui.keyword.internal.WebUIKeywordMain.runKeyword(WebUIKeywordMain.groovy:20)
	at com.kms.katalon.core.webui.keyword.builtin.SetTextKeyword.setText(SetTextKeyword.groovy:66)
	at com.kms.katalon.core.webui.keyword.builtin.SetTextKeyword.execute(SetTextKeyword.groovy:37)
	at com.kms.katalon.core.keyword.internal.KeywordExecutor.executeKeywordForPlatform(KeywordExecutor.groovy:73)
	at com.kms.katalon.core.webui.keyword.WebUiBuiltInKeywords.setText(WebUiBuiltInKeywords.groovy:976)
	at com.kms.katalon.core.webui.keyword.WebUiBuiltInKeywords$setText$1.call(Unknown Source)
	at ist_real.Login_IST.I_want_to_login_to_IST(Login_IST.groovy:133)
	at cucumber.runtime.Utils$1.call(Utils.java:26)
	at cucumber.runtime.Timeout.timeout(Timeout.java:16)
	at cucumber.runtime.Utils.invoke(Utils.java:20)
	at cucumber.runtime.java.JavaStepDefinition.execute(JavaStepDefinition.java:48)
	at cucumber.runtime.PickleStepDefinitionMatch.runStep(PickleStepDefinitionMatch.java:50)
	at cucumber.runner.TestStep.executeStep(TestStep.java:55)
	at cucumber.runner.TestStep.run(TestStep.java:42)
	at cucumber.runner.PickleStepTestStep.run(PickleStepTestStep.java:53)
	at cucumber.runner.TestCase.run(TestCase.java:47)
	at cucumber.runner.Runner.runPickle(Runner.java:44)
	at cucumber.runtime.Runtime.runFeature(Runtime.java:120)
	at cucumber.runtime.Runtime.run(Runtime.java:106)
	at cucumber.api.cli.Main.run(Main.java:35)
	at cucumber.api.cli.Main$run.call(Unknown Source)
	at com.kms.katalon.core.cucumber.keyword.CucumberBuiltinKeywords$_runFeatureFile_closure1.doCall(CucumberBuiltinKeywords.groovy:76)
	at com.kms.katalon.core.cucumber.keyword.CucumberBuiltinKeywords$_runFeatureFile_closure1.doCall(CucumberBuiltinKeywords.groovy)
	at com.kms.katalon.core.keyword.internal.KeywordMain.runKeyword(KeywordMain.groovy:68)
	at com.kms.katalon.core.keyword.internal.KeywordMain$runKeyword.call(Unknown Source)
	at com.kms.katalon.core.cucumber.keyword.CucumberBuiltinKeywords.runFeatureFile(CucumberBuiltinKeywords.groovy:46)
	at com.kms.katalon.core.cucumber.keyword.CucumberBuiltinKeywords$runFeatureFile$0.callStatic(Unknown Source)
	at com.kms.katalon.core.cucumber.keyword.CucumberBuiltinKeywords.runFeatureFile(CucumberBuiltinKeywords.groovy:169)
	at com.kms.katalon.core.cucumber.keyword.CucumberBuiltinKeywords$runFeatureFile.call(Unknown Source)
	at TC_Search_by_STATUS.run(TC_Search_by_STATUS:18)
	at com.kms.katalon.core.main.ScriptEngine.run(ScriptEngine.java:194)
	at com.kms.katalon.core.main.ScriptEngine.runScriptAsRawText(ScriptEngine.java:119)
	at com.kms.katalon.core.main.TestCaseExecutor.runScript(TestCaseExecutor.java:339)
	at com.kms.katalon.core.main.TestCaseExecutor.doExecute(TestCaseExecutor.java:330)
	at com.kms.katalon.core.main.TestCaseExecutor.processExecutionPhase(TestCaseExecutor.java:309)
	at com.kms.katalon.core.main.TestCaseExecutor.accessMainPhase(TestCaseExecutor.java:301)
	at com.kms.katalon.core.main.TestCaseExecutor.execute(TestCaseExecutor.java:235)
	at com.kms.katalon.core.main.TestSuiteExecutor.accessTestCaseMainPhase(TestSuiteExecutor.java:191)
	at com.kms.katalon.core.main.TestSuiteExecutor.accessTestSuiteMainPhase(TestSuiteExecutor.java:141)
	at com.kms.katalon.core.main.TestSuiteExecutor.execute(TestSuiteExecutor.java:90)
	at com.kms.katalon.core.main.TestCaseMain.startTestSuite(TestCaseMain.java:157)
	at com.kms.katalon.core.main.TestCaseMain$startTestSuite$0.call(Unknown Source)
	at TempTestSuite1611224754744.run(TempTestSuite1611224754744.groovy:39)


2021-01-21 17:53:17 - [TEST_STEP][PASSED] - Go to ISTools: Go to ISTools

2021-01-21 17:53:17 - [MESSAGE][INFO] - Starting 'Chrome (headless)' driver

2021-01-21 17:53:17 - [MESSAGE][INFO] - User set preference: ['args', '[--start-maximized, --disable-gpu, --no-proxy-server, â€“-no-sandbox, --allow-running-insecure-content, --ignore-certificate-errors, window-size=1680,814, force-device-scale-factor=2, --lang=en-GB]']

2021-01-21 17:53:17 - [MESSAGE][INFO] - User set preference: ['prefs', '{download.default_directory=/Users/chaidir.pratama01/Katalon Studio/IST_Automation_Git/Download}']

2021-01-21 17:53:17 - [MESSAGE][INFO] - Action delay is set to 0 milliseconds

2021-01-21 17:53:18 - [MESSAGE][PASSED] - Browser is opened with url: ''

2021-01-21 17:53:37 - [MESSAGE][PASSED] - Navigate to 'https://dev-istools.homecredit.id/foundation/' successfully

2021-01-21 17:53:37 - [MESSAGE][PASSED] - Go to ISTools

2021-01-21 17:53:37 - [TEST_STEP][FAILED] - Login IST with valid credentials: Login IST with valid credentials FAILED.
Reason:
com.kms.katalon.core.exception.StepFailedException: Unable to set text 'mobile.test' of object 'Object Repository/Page_/input_Username_j_username'
	at com.kms.katalon.core.webui.keyword.internal.WebUIKeywordMain.stepFailed(WebUIKeywordMain.groovy:64)
	at com.kms.katalon.core.webui.keyword.internal.WebUIKeywordMain.runKeyword(WebUIKeywordMain.groovy:26)
	at com.kms.katalon.core.webui.keyword.builtin.SetTextKeyword.setText(SetTextKeyword.groovy:66)
	at com.kms.katalon.core.webui.keyword.builtin.SetTextKeyword.execute(SetTextKeyword.groovy:37)
	at com.kms.katalon.core.keyword.internal.KeywordExecutor.executeKeywordForPlatform(KeywordExecutor.groovy:73)
	at com.kms.katalon.core.webui.keyword.WebUiBuiltInKeywords.setText(WebUiBuiltInKeywords.groovy:976)
	at com.kms.katalon.core.webui.keyword.WebUiBuiltInKeywords$setText$1.call(Unknown Source)
	at ist_real.Login_IST.I_want_to_login_to_IST(Login_IST.groovy:133)
	at âœ½.Login IST with valid credentials(/Users/chaidir.pratama01/Katalon Studio/IST_Automation_Git/Include/features/IST_Real/RTD/Partner_Disbursement/Search_by_STATUS.feature:208)
Caused by: java.lang.IllegalArgumentException: Cannot find elements when the selector is null
	at org.openqa.selenium.By$ByCssSelector.<init>(By.java:422)
	at org.openqa.selenium.By.cssSelector(By.java:116)
	at com.kms.katalon.core.webui.common.WebUiCommonHelper.buildLocator(WebUiCommonHelper.java:515)
	at com.kms.katalon.core.webui.common.WebUiCommonHelper.findElementByNormalMethods(WebUiCommonHelper.java:985)
	at com.kms.katalon.core.webui.common.WebUiCommonHelper.findElementsBySelectedMethod(WebUiCommonHelper.java:890)
	at com.kms.katalon.core.webui.common.WebUiCommonHelper.findElementsWithSelfHealing(WebUiCommonHelper.java:794)
	at com.kms.katalon.core.webui.common.WebUiCommonHelper.findWebElements(WebUiCommonHelper.java:717)
	at com.kms.katalon.core.webui.common.WebUiCommonHelper.findWebElement(WebUiCommonHelper.java:1349)
	at com.kms.katalon.core.webui.keyword.internal.WebUIAbstractKeyword.findWebElement(WebUIAbstractKeyword.groovy:27)
	at com.kms.katalon.core.webui.keyword.internal.WebUIAbstractKeyword.findWebElement(WebUIAbstractKeyword.groovy:26)
	at com.kms.katalon.core.webui.keyword.builtin.SetTextKeyword$_setText_closure1.doCall(SetTextKeyword.groovy:51)
	at com.kms.katalon.core.webui.keyword.builtin.SetTextKeyword$_setText_closure1.call(SetTextKeyword.groovy)
	at com.kms.katalon.core.webui.keyword.internal.WebUIKeywordMain.runKeyword(WebUIKeywordMain.groovy:20)
	at com.kms.katalon.core.webui.keyword.builtin.SetTextKeyword.setText(SetTextKeyword.groovy:66)
	at com.kms.katalon.core.webui.keyword.builtin.SetTextKeyword.execute(SetTextKeyword.groovy:37)
	at com.kms.katalon.core.keyword.internal.KeywordExecutor.executeKeywordForPlatform(KeywordExecutor.groovy:73)
	at com.kms.katalon.core.webui.keyword.WebUiBuiltInKeywords.setText(WebUiBuiltInKeywords.groovy:976)
	at com.kms.katalon.core.webui.keyword.WebUiBuiltInKeywords$setText$1.call(Unknown Source)
	at ist_real.Login_IST.I_want_to_login_to_IST(Login_IST.groovy:133)
	at cucumber.runtime.Utils$1.call(Utils.java:26)
	at cucumber.runtime.Timeout.timeout(Timeout.java:16)
	at cucumber.runtime.Utils.invoke(Utils.java:20)
	at cucumber.runtime.java.JavaStepDefinition.execute(JavaStepDefinition.java:48)
	at cucumber.runtime.PickleStepDefinitionMatch.runStep(PickleStepDefinitionMatch.java:50)
	at cucumber.runner.TestStep.executeStep(TestStep.java:55)
	at cucumber.runner.TestStep.run(TestStep.java:42)
	at cucumber.runner.PickleStepTestStep.run(PickleStepTestStep.java:53)
	at cucumber.runner.TestCase.run(TestCase.java:47)
	at cucumber.runner.Runner.runPickle(Runner.java:44)
	at cucumber.runtime.Runtime.runFeature(Runtime.java:120)
	at cucumber.runtime.Runtime.run(Runtime.java:106)
	at cucumber.api.cli.Main.run(Main.java:35)
	at cucumber.api.cli.Main$run.call(Unknown Source)
	at com.kms.katalon.core.cucumber.keyword.CucumberBuiltinKeywords$_runFeatureFile_closure1.doCall(CucumberBuiltinKeywords.groovy:76)
	at com.kms.katalon.core.cucumber.keyword.CucumberBuiltinKeywords$_runFeatureFile_closure1.doCall(CucumberBuiltinKeywords.groovy)
	at com.kms.katalon.core.keyword.internal.KeywordMain.runKeyword(KeywordMain.groovy:68)
	at com.kms.katalon.core.keyword.internal.KeywordMain$runKeyword.call(Unknown Source)
	at com.kms.katalon.core.cucumber.keyword.CucumberBuiltinKeywords.runFeatureFile(CucumberBuiltinKeywords.groovy:46)
	at com.kms.katalon.core.cucumber.keyword.CucumberBuiltinKeywords$runFeatureFile$0.callStatic(Unknown Source)
	at com.kms.katalon.core.cucumber.keyword.CucumberBuiltinKeywords.runFeatureFile(CucumberBuiltinKeywords.groovy:169)
	at com.kms.katalon.core.cucumber.keyword.CucumberBuiltinKeywords$runFeatureFile.call(Unknown Source)
	at TC_Search_by_STATUS.run(TC_Search_by_STATUS:18)
	at com.kms.katalon.core.main.ScriptEngine.run(ScriptEngine.java:194)
	at com.kms.katalon.core.main.ScriptEngine.runScriptAsRawText(ScriptEngine.java:119)
	at com.kms.katalon.core.main.TestCaseExecutor.runScript(TestCaseExecutor.java:339)
	at com.kms.katalon.core.main.TestCaseExecutor.doExecute(TestCaseExecutor.java:330)
	at com.kms.katalon.core.main.TestCaseExecutor.processExecutionPhase(TestCaseExecutor.java:309)
	at com.kms.katalon.core.main.TestCaseExecutor.accessMainPhase(TestCaseExecutor.java:301)
	at com.kms.katalon.core.main.TestCaseExecutor.execute(TestCaseExecutor.java:235)
	at com.kms.katalon.core.main.TestSuiteExecutor.accessTestCaseMainPhase(TestSuiteExecutor.java:191)
	at com.kms.katalon.core.main.TestSuiteExecutor.accessTestSuiteMainPhase(TestSuiteExecutor.java:141)
	at com.kms.katalon.core.main.TestSuiteExecutor.execute(TestSuiteExecutor.java:90)
	at com.kms.katalon.core.main.TestCaseMain.startTestSuite(TestCaseMain.java:157)
	at com.kms.katalon.core.main.TestCaseMain$startTestSuite$0.call(Unknown Source)
	at TempTestSuite1611224754744.run(TempTestSuite1611224754744.groovy:39)


2021-01-21 17:56:20 - [MESSAGE][INFO] - Unable to find the element located by 'By.xpath: //input[@name='j_username']'. Please recheck the objects properties to make sure the desired element is located. 

2021-01-21 17:56:20 - [MESSAGE][WARNING] - [SELF-HEALING] Failed to find element with id 'Object Repository/Page_/input_Username_j_username'. Try using Self-healing.

2021-01-21 17:56:20 - [MESSAGE][INFO] - [SELF-HEALING] Failed Locator: '//input[@id='kCKQn']'.

2021-01-21 17:56:20 - [MESSAGE][INFO] - [SELF-HEALING] Failed Locator: '//div[@id='kCKQk']/input'.

2021-01-21 17:56:20 - [MESSAGE][INFO] - [SELF-HEALING] Failed Locator: '(.//*[normalize-space(text()) and normalize-space(.)='Username'])[1]/following::input[1]'.

2021-01-21 17:56:20 - [MESSAGE][INFO] - [SELF-HEALING] Failed Locator: '(.//*[normalize-space(text()) and normalize-space(.)='Login with your LDAP (Windows)'])[1]/following::input[1]'.

2021-01-21 17:56:20 - [MESSAGE][INFO] - [SELF-HEALING] Failed Locator: '(.//*[normalize-space(text()) and normalize-space(.)='Password'])[1]/preceding::input[1]'.

2021-01-21 17:56:20 - [MESSAGE][INFO] - [SELF-HEALING] Failed Locator: '(.//*[normalize-space(text()) and normalize-space(.)='Login'])[1]/preceding::input[2]'.

2021-01-21 17:56:20 - [MESSAGE][INFO] - [SELF-HEALING] Failed Locator: '//input'.

2021-01-21 17:56:20 - [MESSAGE][INFO] - [SELF-HEALING] Failed Locator: '//input[@id='gUxPn']'.

2021-01-21 17:56:20 - [MESSAGE][INFO] - [SELF-HEALING] Failed Locator: '//div[@id='gUxPk']/input'.

2021-01-21 17:56:20 - [MESSAGE][INFO] - [SELF-HEALING] Failed Locator: '//input[@id='wUTCn']'.

2021-01-21 17:56:20 - [MESSAGE][INFO] - [SELF-HEALING] Failed Locator: '//div[@id='wUTCk']/input'.

2021-01-21 17:56:20 - [MESSAGE][INFO] - [SELF-HEALING] Failed Locator: '//input[@id='n17Qn']'.

2021-01-21 17:56:20 - [MESSAGE][INFO] - [SELF-HEALING] Failed Locator: '//div[@id='n17Qk']/input'.

2021-01-21 17:56:20 - [MESSAGE][INFO] - [SELF-HEALING] Failed Locator: '//input[@id='kCKQn']'.

2021-01-21 17:56:20 - [MESSAGE][INFO] - [SELF-HEALING] Failed Locator: '//div[@id='kCKQk']/input'.

2021-01-21 17:56:20 - [MESSAGE][INFO] - [SELF-HEALING] Failed Locator: '(.//*[normalize-space(text()) and normalize-space(.)='Username'])[1]/following::input[1]'.

2021-01-21 17:56:20 - [MESSAGE][INFO] - [SELF-HEALING] Failed Locator: '(.//*[normalize-space(text()) and normalize-space(.)='Login with your LDAP (Windows)'])[1]/following::input[1]'.

2021-01-21 17:56:20 - [MESSAGE][INFO] - [SELF-HEALING] Failed Locator: '(.//*[normalize-space(text()) and normalize-space(.)='Password'])[1]/preceding::input[1]'.

2021-01-21 17:56:20 - [MESSAGE][INFO] - [SELF-HEALING] Failed Locator: '(.//*[normalize-space(text()) and normalize-space(.)='Login'])[1]/preceding::input[2]'.

2021-01-21 17:56:20 - [MESSAGE][INFO] - [SELF-HEALING] Failed Locator: '//input'.

2021-01-21 17:56:20 - [MESSAGE][INFO] - [SELF-HEALING] Failed Locator: '//input[@id='gUxPn']'.

2021-01-21 17:56:20 - [MESSAGE][INFO] - [SELF-HEALING] Failed Locator: '//div[@id='gUxPk']/input'.

2021-01-21 17:56:20 - [MESSAGE][INFO] - [SELF-HEALING] Failed Locator: '//input[@id='wUTCn']'.

2021-01-21 17:56:20 - [MESSAGE][INFO] - [SELF-HEALING] Failed Locator: '//div[@id='wUTCk']/input'.

2021-01-21 17:56:20 - [MESSAGE][INFO] - [SELF-HEALING] Failed Locator: '//input[@id='n17Qn']'.

2021-01-21 17:56:20 - [MESSAGE][INFO] - [SELF-HEALING] Failed Locator: '//div[@id='n17Qk']/input'.

2021-01-21 17:56:20 - [MESSAGE][INFO] - [SELF-HEALING] Failed Locator: '//input[@id='kCKQn']'.

2021-01-21 17:56:20 - [MESSAGE][INFO] - [SELF-HEALING] Failed Locator: '//div[@id='kCKQk']/input'.

2021-01-21 17:56:20 - [MESSAGE][INFO] - [SELF-HEALING] Failed Locator: '(.//*[normalize-space(text()) and normalize-space(.)='Username'])[1]/following::input[1]'.

2021-01-21 17:56:20 - [MESSAGE][INFO] - [SELF-HEALING] Failed Locator: '(.//*[normalize-space(text()) and normalize-space(.)='Login with your LDAP (Windows)'])[1]/following::input[1]'.

2021-01-21 17:56:20 - [MESSAGE][INFO] - [SELF-HEALING] Failed Locator: '(.//*[normalize-space(text()) and normalize-space(.)='Password'])[1]/preceding::input[1]'.

2021-01-21 17:56:20 - [MESSAGE][INFO] - [SELF-HEALING] Failed Locator: '(.//*[normalize-space(text()) and normalize-space(.)='Login'])[1]/preceding::input[2]'.

2021-01-21 17:56:20 - [MESSAGE][INFO] - [SELF-HEALING] Failed Locator: '//input'.

2021-01-21 17:56:20 - [MESSAGE][INFO] - [SELF-HEALING] Failed Locator: '//input[@id='gUxPn']'.

2021-01-21 17:56:20 - [MESSAGE][INFO] - [SELF-HEALING] Failed Locator: '//div[@id='gUxPk']/input'.

2021-01-21 17:56:20 - [MESSAGE][INFO] - [SELF-HEALING] Failed Locator: '//input[@id='wUTCn']'.

2021-01-21 17:56:20 - [MESSAGE][INFO] - [SELF-HEALING] Failed Locator: '//div[@id='wUTCk']/input'.

2021-01-21 17:56:20 - [MESSAGE][INFO] - [SELF-HEALING] Failed Locator: '//input[@id='n17Qn']'.

2021-01-21 17:56:20 - [MESSAGE][INFO] - [SELF-HEALING] Failed Locator: '//div[@id='n17Qk']/input'.

2021-01-21 17:56:20 - [MESSAGE][INFO] - [SELF-HEALING] Failed Locator: '//input[@id='kCKQn']'.

2021-01-21 17:56:20 - [MESSAGE][INFO] - [SELF-HEALING] Failed Locator: '//div[@id='kCKQk']/input'.

2021-01-21 17:56:20 - [MESSAGE][INFO] - [SELF-HEALING] Failed Locator: '(.//*[normalize-space(text()) and normalize-space(.)='Username'])[1]/following::input[1]'.

2021-01-21 17:56:20 - [MESSAGE][INFO] - [SELF-HEALING] Failed Locator: '(.//*[normalize-space(text()) and normalize-space(.)='Login with your LDAP (Windows)'])[1]/following::input[1]'.

2021-01-21 17:56:20 - [MESSAGE][INFO] - [SELF-HEALING] Failed Locator: '(.//*[normalize-space(text()) and normalize-space(.)='Password'])[1]/preceding::input[1]'.

2021-01-21 17:56:20 - [MESSAGE][INFO] - [SELF-HEALING] Failed Locator: '(.//*[normalize-space(text()) and normalize-space(.)='Login'])[1]/preceding::input[2]'.

2021-01-21 17:56:20 - [MESSAGE][INFO] - [SELF-HEALING] Failed Locator: '//input'.

2021-01-21 17:56:20 - [MESSAGE][INFO] - [SELF-HEALING] Failed Locator: '//input[@id='gUxPn']'.

2021-01-21 17:56:20 - [MESSAGE][INFO] - [SELF-HEALING] Failed Locator: '//div[@id='gUxPk']/input'.

2021-01-21 17:56:20 - [MESSAGE][INFO] - [SELF-HEALING] Failed Locator: '//input[@id='wUTCn']'.

2021-01-21 17:56:20 - [MESSAGE][INFO] - [SELF-HEALING] Failed Locator: '//div[@id='wUTCk']/input'.

2021-01-21 17:56:20 - [MESSAGE][INFO] - [SELF-HEALING] Failed Locator: '//input[@id='n17Qn']'.

2021-01-21 17:56:20 - [MESSAGE][INFO] - [SELF-HEALING] Failed Locator: '//div[@id='n17Qk']/input'.

2021-01-21 17:56:20 - [MESSAGE][INFO] - [SELF-HEALING] Failed Locator: '//input[@id='kCKQn']'.

2021-01-21 17:56:20 - [MESSAGE][INFO] - [SELF-HEALING] Failed Locator: '//div[@id='kCKQk']/input'.

2021-01-21 17:56:20 - [MESSAGE][INFO] - [SELF-HEALING] Failed Locator: '(.//*[normalize-space(text()) and normalize-space(.)='Username'])[1]/following::input[1]'.

2021-01-21 17:56:20 - [MESSAGE][INFO] - [SELF-HEALING] Failed Locator: '(.//*[normalize-space(text()) and normalize-space(.)='Login with your LDAP (Windows)'])[1]/following::input[1]'.

2021-01-21 17:56:20 - [MESSAGE][INFO] - [SELF-HEALING] Failed Locator: '(.//*[normalize-space(text()) and normalize-space(.)='Password'])[1]/preceding::input[1]'.

2021-01-21 17:56:20 - [MESSAGE][INFO] - [SELF-HEALING] Failed Locator: '(.//*[normalize-space(text()) and normalize-space(.)='Login'])[1]/preceding::input[2]'.

2021-01-21 17:56:20 - [MESSAGE][INFO] - [SELF-HEALING] Failed Locator: '//input'.

2021-01-21 17:56:20 - [MESSAGE][INFO] - [SELF-HEALING] Failed Locator: '//input[@id='gUxPn']'.

2021-01-21 17:56:20 - [MESSAGE][INFO] - [SELF-HEALING] Failed Locator: '//div[@id='gUxPk']/input'.

2021-01-21 17:56:20 - [MESSAGE][INFO] - [SELF-HEALING] Failed Locator: '//input[@id='wUTCn']'.

2021-01-21 17:56:20 - [MESSAGE][INFO] - [SELF-HEALING] Failed Locator: '//div[@id='wUTCk']/input'.

2021-01-21 17:56:20 - [MESSAGE][INFO] - [SELF-HEALING] Failed Locator: '//input[@id='n17Qn']'.

2021-01-21 17:56:20 - [MESSAGE][INFO] - [SELF-HEALING] Failed Locator: '//div[@id='n17Qk']/input'.

2021-01-21 17:56:20 - [MESSAGE][INFO] - [SELF-HEALING] Failed Locator: '//input[@id='kCKQn']'.

2021-01-21 17:56:20 - [MESSAGE][INFO] - [SELF-HEALING] Failed Locator: '//div[@id='kCKQk']/input'.

2021-01-21 17:56:20 - [MESSAGE][INFO] - [SELF-HEALING] Failed Locator: '(.//*[normalize-space(text()) and normalize-space(.)='Username'])[1]/following::input[1]'.

2021-01-21 17:56:20 - [MESSAGE][INFO] - [SELF-HEALING] Failed Locator: '(.//*[normalize-space(text()) and normalize-space(.)='Login with your LDAP (Windows)'])[1]/following::input[1]'.

2021-01-21 17:56:20 - [MESSAGE][INFO] - [SELF-HEALING] Failed Locator: '(.//*[normalize-space(text()) and normalize-space(.)='Password'])[1]/preceding::input[1]'.

2021-01-21 17:56:20 - [MESSAGE][INFO] - [SELF-HEALING] Failed Locator: '(.//*[normalize-space(text()) and normalize-space(.)='Login'])[1]/preceding::input[2]'.

2021-01-21 17:56:20 - [MESSAGE][INFO] - [SELF-HEALING] Failed Locator: '//input'.

2021-01-21 17:56:20 - [MESSAGE][INFO] - [SELF-HEALING] Failed Locator: '//input[@id='gUxPn']'.

2021-01-21 17:56:20 - [MESSAGE][INFO] - [SELF-HEALING] Failed Locator: '//div[@id='gUxPk']/input'.

2021-01-21 17:56:21 - [MESSAGE][INFO] - [SELF-HEALING] Failed Locator: '//input[@id='wUTCn']'.

2021-01-21 17:56:21 - [MESSAGE][INFO] - [SELF-HEALING] Failed Locator: '//div[@id='wUTCk']/input'.

2021-01-21 17:56:21 - [MESSAGE][INFO] - [SELF-HEALING] Failed Locator: '//input[@id='n17Qn']'.

2021-01-21 17:56:21 - [MESSAGE][INFO] - [SELF-HEALING] Failed Locator: '//div[@id='n17Qk']/input'.

2021-01-21 17:56:21 - [MESSAGE][INFO] - [SELF-HEALING] Failed Locator: '//input[@id='kCKQn']'.

2021-01-21 17:56:21 - [MESSAGE][INFO] - [SELF-HEALING] Failed Locator: '//div[@id='kCKQk']/input'.

2021-01-21 17:56:21 - [MESSAGE][INFO] - [SELF-HEALING] Failed Locator: '(.//*[normalize-space(text()) and normalize-space(.)='Username'])[1]/following::input[1]'.

2021-01-21 17:56:21 - [MESSAGE][INFO] - [SELF-HEALING] Failed Locator: '(.//*[normalize-space(text()) and normalize-space(.)='Login with your LDAP (Windows)'])[1]/following::input[1]'.

2021-01-21 17:56:21 - [MESSAGE][INFO] - [SELF-HEALING] Failed Locator: '(.//*[normalize-space(text()) and normalize-space(.)='Password'])[1]/preceding::input[1]'.

2021-01-21 17:56:21 - [MESSAGE][INFO] - [SELF-HEALING] Failed Locator: '(.//*[normalize-space(text()) and normalize-space(.)='Login'])[1]/preceding::input[2]'.

2021-01-21 17:56:21 - [MESSAGE][INFO] - [SELF-HEALING] Failed Locator: '//input'.

2021-01-21 17:56:21 - [MESSAGE][INFO] - [SELF-HEALING] Failed Locator: '//input[@id='gUxPn']'.

2021-01-21 17:56:21 - [MESSAGE][INFO] - [SELF-HEALING] Failed Locator: '//div[@id='gUxPk']/input'.

2021-01-21 17:56:21 - [MESSAGE][INFO] - [SELF-HEALING] Failed Locator: '//input[@id='wUTCn']'.

2021-01-21 17:56:21 - [MESSAGE][INFO] - [SELF-HEALING] Failed Locator: '//div[@id='wUTCk']/input'.

2021-01-21 17:56:21 - [MESSAGE][INFO] - [SELF-HEALING] Failed Locator: '//input[@id='n17Qn']'.

2021-01-21 17:56:21 - [MESSAGE][INFO] - [SELF-HEALING] Failed Locator: '//div[@id='n17Qk']/input'.

2021-01-21 17:56:22 - [MESSAGE][INFO] - Unable to find the element located by 'By.xpath: //*[@id = 'kCKQn' and @type = 'text' and @name = 'j_username' and @placeholder = 'User Name']'. Please recheck the objects properties to make sure the desired element is located. 

2021-01-21 17:56:22 - [MESSAGE][FAILED] - Unable to set text 'mobile.test' of object 'Object Repository/Page_/input_Username_j_username' (Root cause: com.kms.katalon.core.exception.StepFailedException: Unable to set text 'mobile.test' of object 'Object Repository/Page_/input_Username_j_username'
	at com.kms.katalon.core.webui.keyword.internal.WebUIKeywordMain.stepFailed(WebUIKeywordMain.groovy:64)
	at com.kms.katalon.core.webui.keyword.internal.WebUIKeywordMain.runKeyword(WebUIKeywordMain.groovy:26)
	at com.kms.katalon.core.webui.keyword.builtin.SetTextKeyword.setText(SetTextKeyword.groovy:66)
	at com.kms.katalon.core.webui.keyword.builtin.SetTextKeyword.execute(SetTextKeyword.groovy:37)
	at com.kms.katalon.core.keyword.internal.KeywordExecutor.executeKeywordForPlatform(KeywordExecutor.groovy:73)
	at com.kms.katalon.core.webui.keyword.WebUiBuiltInKeywords.setText(WebUiBuiltInKeywords.groovy:976)
	at com.kms.katalon.core.webui.keyword.WebUiBuiltInKeywords$setText$1.call(Unknown Source)
	at ist_real.Login_IST.I_want_to_login_to_IST(Login_IST.groovy:133)
	at cucumber.runtime.Utils$1.call(Utils.java:26)
	at cucumber.runtime.Timeout.timeout(Timeout.java:16)
	at cucumber.runtime.Utils.invoke(Utils.java:20)
	at cucumber.runtime.java.JavaStepDefinition.execute(JavaStepDefinition.java:48)
	at cucumber.runtime.PickleStepDefinitionMatch.runStep(PickleStepDefinitionMatch.java:50)
	at cucumber.runner.TestStep.executeStep(TestStep.java:55)
	at cucumber.runner.TestStep.run(TestStep.java:42)
	at cucumber.runner.PickleStepTestStep.run(PickleStepTestStep.java:53)
	at cucumber.runner.TestCase.run(TestCase.java:47)
	at cucumber.runner.Runner.runPickle(Runner.java:44)
	at cucumber.runtime.Runtime.runFeature(Runtime.java:120)
	at cucumber.runtime.Runtime.run(Runtime.java:106)
	at cucumber.api.cli.Main.run(Main.java:35)
	at cucumber.api.cli.Main$run.call(Unknown Source)
	at com.kms.katalon.core.cucumber.keyword.CucumberBuiltinKeywords$_runFeatureFile_closure1.doCall(CucumberBuiltinKeywords.groovy:76)
	at com.kms.katalon.core.cucumber.keyword.CucumberBuiltinKeywords$_runFeatureFile_closure1.doCall(CucumberBuiltinKeywords.groovy)
	at com.kms.katalon.core.keyword.internal.KeywordMain.runKeyword(KeywordMain.groovy:68)
	at com.kms.katalon.core.keyword.internal.KeywordMain$runKeyword.call(Unknown Source)
	at com.kms.katalon.core.cucumber.keyword.CucumberBuiltinKeywords.runFeatureFile(CucumberBuiltinKeywords.groovy:46)
	at com.kms.katalon.core.cucumber.keyword.CucumberBuiltinKeywords$runFeatureFile$0.callStatic(Unknown Source)
	at com.kms.katalon.core.cucumber.keyword.CucumberBuiltinKeywords.runFeatureFile(CucumberBuiltinKeywords.groovy:169)
	at com.kms.katalon.core.cucumber.keyword.CucumberBuiltinKeywords$runFeatureFile.call(Unknown Source)
	at TC_Search_by_STATUS.run(TC_Search_by_STATUS:18)
	at com.kms.katalon.core.main.ScriptEngine.run(ScriptEngine.java:194)
	at com.kms.katalon.core.main.ScriptEngine.runScriptAsRawText(ScriptEngine.java:119)
	at com.kms.katalon.core.main.TestCaseExecutor.runScript(TestCaseExecutor.java:339)
	at com.kms.katalon.core.main.TestCaseExecutor.doExecute(TestCaseExecutor.java:330)
	at com.kms.katalon.core.main.TestCaseExecutor.processExecutionPhase(TestCaseExecutor.java:309)
	at com.kms.katalon.core.main.TestCaseExecutor.accessMainPhase(TestCaseExecutor.java:301)
	at com.kms.katalon.core.main.TestCaseExecutor.execute(TestCaseExecutor.java:235)
	at com.kms.katalon.core.main.TestSuiteExecutor.accessTestCaseMainPhase(TestSuiteExecutor.java:191)
	at com.kms.katalon.core.main.TestSuiteExecutor.accessTestSuiteMainPhase(TestSuiteExecutor.java:141)
	at com.kms.katalon.core.main.TestSuiteExecutor.execute(TestSuiteExecutor.java:90)
	at com.kms.katalon.core.main.TestCaseMain.startTestSuite(TestCaseMain.java:157)
	at com.kms.katalon.core.main.TestCaseMain$startTestSuite$0.call(Unknown Source)
	at TempTestSuite1611224754744.run(TempTestSuite1611224754744.groovy:39)
Caused by: java.lang.IllegalArgumentException: Cannot find elements when the selector is null
	at org.openqa.selenium.By$ByCssSelector.<init>(By.java:422)
	at org.openqa.selenium.By.cssSelector(By.java:116)
	at com.kms.katalon.core.webui.common.WebUiCommonHelper.buildLocator(WebUiCommonHelper.java:515)
	at com.kms.katalon.core.webui.common.WebUiCommonHelper.findElementByNormalMethods(WebUiCommonHelper.java:985)
	at com.kms.katalon.core.webui.common.WebUiCommonHelper.findElementsBySelectedMethod(WebUiCommonHelper.java:890)
	at com.kms.katalon.core.webui.common.WebUiCommonHelper.findElementsWithSelfHealing(WebUiCommonHelper.java:794)
	at com.kms.katalon.core.webui.common.WebUiCommonHelper.findWebElements(WebUiCommonHelper.java:717)
	at com.kms.katalon.core.webui.common.WebUiCommonHelper.findWebElement(WebUiCommonHelper.java:1349)
	at com.kms.katalon.core.webui.keyword.internal.WebUIAbstractKeyword.findWebElement(WebUIAbstractKeyword.groovy:27)
	at com.kms.katalon.core.webui.keyword.internal.WebUIAbstractKeyword.findWebElement(WebUIAbstractKeyword.groovy:26)
	at com.kms.katalon.core.webui.keyword.builtin.SetTextKeyword$_setText_closure1.doCall(SetTextKeyword.groovy:51)
	at com.kms.katalon.core.webui.keyword.builtin.SetTextKeyword$_setText_closure1.call(SetTextKeyword.groovy)
	at com.kms.katalon.core.webui.keyword.internal.WebUIKeywordMain.runKeyword(WebUIKeywordMain.groovy:20)
	at com.kms.katalon.core.webui.keyword.builtin.SetTextKeyword.setText(SetTextKeyword.groovy:66)
	at com.kms.katalon.core.webui.keyword.builtin.SetTextKeyword.execute(SetTextKeyword.groovy:37)
	at com.kms.katalon.core.keyword.internal.KeywordExecutor.executeKeywordForPlatform(KeywordExecutor.groovy:73)
	at com.kms.katalon.core.webui.keyword.WebUiBuiltInKeywords.setText(WebUiBuiltInKeywords.groovy:976)
	at com.kms.katalon.core.webui.keyword.WebUiBuiltInKeywords$setText$1.call(Unknown Source)
	at ist_real.Login_IST.I_want_to_login_to_IST(Login_IST.groovy:133)
	at cucumber.runtime.Utils$1.call(Utils.java:26)
	at cucumber.runtime.Timeout.timeout(Timeout.java:16)
	at cucumber.runtime.Utils.invoke(Utils.java:20)
	at cucumber.runtime.java.JavaStepDefinition.execute(JavaStepDefinition.java:48)
	at cucumber.runtime.PickleStepDefinitionMatch.runStep(PickleStepDefinitionMatch.java:50)
	at cucumber.runner.TestStep.executeStep(TestStep.java:55)
	at cucumber.runner.TestStep.run(TestStep.java:42)
	at cucumber.runner.PickleStepTestStep.run(PickleStepTestStep.java:53)
	at cucumber.runner.TestCase.run(TestCase.java:47)
	at cucumber.runner.Runner.runPickle(Runner.java:44)
	at cucumber.runtime.Runtime.runFeature(Runtime.java:120)
	at cucumber.runtime.Runtime.run(Runtime.java:106)
	at cucumber.api.cli.Main.run(Main.java:35)
	at cucumber.api.cli.Main$run.call(Unknown Source)
	at com.kms.katalon.core.cucumber.keyword.CucumberBuiltinKeywords$_runFeatureFile_closure1.doCall(CucumberBuiltinKeywords.groovy:76)
	at com.kms.katalon.core.cucumber.keyword.CucumberBuiltinKeywords$_runFeatureFile_closure1.doCall(CucumberBuiltinKeywords.groovy)
	at com.kms.katalon.core.keyword.internal.KeywordMain.runKeyword(KeywordMain.groovy:68)
	at com.kms.katalon.core.keyword.internal.KeywordMain$runKeyword.call(Unknown Source)
	at com.kms.katalon.core.cucumber.keyword.CucumberBuiltinKeywords.runFeatureFile(CucumberBuiltinKeywords.groovy:46)
	at com.kms.katalon.core.cucumber.keyword.CucumberBuiltinKeywords$runFeatureFile$0.callStatic(Unknown Source)
	at com.kms.katalon.core.cucumber.keyword.CucumberBuiltinKeywords.runFeatureFile(CucumberBuiltinKeywords.groovy:169)
	at com.kms.katalon.core.cucumber.keyword.CucumberBuiltinKeywords$runFeatureFile.call(Unknown Source)
	at Script1611043905720.run(Script1611043905720.groovy:18)
	... 13 more
)
[[ATTACHMENT|/Users/chaidir.pratama01/Katalon Studio/IST_Automation_Git/Reports/20210121_172548/RTD/TS_Partner_Disbursement/20210121_172554/1611226582211.png]]

2021-01-21 17:56:22 - [MESSAGE][FAILED] - Login IST with valid credentials FAILED.
Reason:
com.kms.katalon.core.exception.StepFailedException: Unable to set text 'mobile.test' of object 'Object Repository/Page_/input_Username_j_username'
	at com.kms.katalon.core.webui.keyword.internal.WebUIKeywordMain.stepFailed(WebUIKeywordMain.groovy:64)
	at com.kms.katalon.core.webui.keyword.internal.WebUIKeywordMain.runKeyword(WebUIKeywordMain.groovy:26)
	at com.kms.katalon.core.webui.keyword.builtin.SetTextKeyword.setText(SetTextKeyword.groovy:66)
	at com.kms.katalon.core.webui.keyword.builtin.SetTextKeyword.execute(SetTextKeyword.groovy:37)
	at com.kms.katalon.core.keyword.internal.KeywordExecutor.executeKeywordForPlatform(KeywordExecutor.groovy:73)
	at com.kms.katalon.core.webui.keyword.WebUiBuiltInKeywords.setText(WebUiBuiltInKeywords.groovy:976)
	at com.kms.katalon.core.webui.keyword.WebUiBuiltInKeywords$setText$1.call(Unknown Source)
	at ist_real.Login_IST.I_want_to_login_to_IST(Login_IST.groovy:133)
	at âœ½.Login IST with valid credentials(/Users/chaidir.pratama01/Katalon Studio/IST_Automation_Git/Include/features/IST_Real/RTD/Partner_Disbursement/Search_by_STATUS.feature:208)
Caused by: java.lang.IllegalArgumentException: Cannot find elements when the selector is null
	at org.openqa.selenium.By$ByCssSelector.<init>(By.java:422)
	at org.openqa.selenium.By.cssSelector(By.java:116)
	at com.kms.katalon.core.webui.common.WebUiCommonHelper.buildLocator(WebUiCommonHelper.java:515)
	at com.kms.katalon.core.webui.common.WebUiCommonHelper.findElementByNormalMethods(WebUiCommonHelper.java:985)
	at com.kms.katalon.core.webui.common.WebUiCommonHelper.findElementsBySelectedMethod(WebUiCommonHelper.java:890)
	at com.kms.katalon.core.webui.common.WebUiCommonHelper.findElementsWithSelfHealing(WebUiCommonHelper.java:794)
	at com.kms.katalon.core.webui.common.WebUiCommonHelper.findWebElements(WebUiCommonHelper.java:717)
	at com.kms.katalon.core.webui.common.WebUiCommonHelper.findWebElement(WebUiCommonHelper.java:1349)
	at com.kms.katalon.core.webui.keyword.internal.WebUIAbstractKeyword.findWebElement(WebUIAbstractKeyword.groovy:27)
	at com.kms.katalon.core.webui.keyword.internal.WebUIAbstractKeyword.findWebElement(WebUIAbstractKeyword.groovy:26)
	at com.kms.katalon.core.webui.keyword.builtin.SetTextKeyword$_setText_closure1.doCall(SetTextKeyword.groovy:51)
	at com.kms.katalon.core.webui.keyword.builtin.SetTextKeyword$_setText_closure1.call(SetTextKeyword.groovy)
	at com.kms.katalon.core.webui.keyword.internal.WebUIKeywordMain.runKeyword(WebUIKeywordMain.groovy:20)
	at com.kms.katalon.core.webui.keyword.builtin.SetTextKeyword.setText(SetTextKeyword.groovy:66)
	at com.kms.katalon.core.webui.keyword.builtin.SetTextKeyword.execute(SetTextKeyword.groovy:37)
	at com.kms.katalon.core.keyword.internal.KeywordExecutor.executeKeywordForPlatform(KeywordExecutor.groovy:73)
	at com.kms.katalon.core.webui.keyword.WebUiBuiltInKeywords.setText(WebUiBuiltInKeywords.groovy:976)
	at com.kms.katalon.core.webui.keyword.WebUiBuiltInKeywords$setText$1.call(Unknown Source)
	at ist_real.Login_IST.I_want_to_login_to_IST(Login_IST.groovy:133)
	at cucumber.runtime.Utils$1.call(Utils.java:26)
	at cucumber.runtime.Timeout.timeout(Timeout.java:16)
	at cucumber.runtime.Utils.invoke(Utils.java:20)
	at cucumber.runtime.java.JavaStepDefinition.execute(JavaStepDefinition.java:48)
	at cucumber.runtime.PickleStepDefinitionMatch.runStep(PickleStepDefinitionMatch.java:50)
	at cucumber.runner.TestStep.executeStep(TestStep.java:55)
	at cucumber.runner.TestStep.run(TestStep.java:42)
	at cucumber.runner.PickleStepTestStep.run(PickleStepTestStep.java:53)
	at cucumber.runner.TestCase.run(TestCase.java:47)
	at cucumber.runner.Runner.runPickle(Runner.java:44)
	at cucumber.runtime.Runtime.runFeature(Runtime.java:120)
	at cucumber.runtime.Runtime.run(Runtime.java:106)
	at cucumber.api.cli.Main.run(Main.java:35)
	at cucumber.api.cli.Main$run.call(Unknown Source)
	at com.kms.katalon.core.cucumber.keyword.CucumberBuiltinKeywords$_runFeatureFile_closure1.doCall(CucumberBuiltinKeywords.groovy:76)
	at com.kms.katalon.core.cucumber.keyword.CucumberBuiltinKeywords$_runFeatureFile_closure1.doCall(CucumberBuiltinKeywords.groovy)
	at com.kms.katalon.core.keyword.internal.KeywordMain.runKeyword(KeywordMain.groovy:68)
	at com.kms.katalon.core.keyword.internal.KeywordMain$runKeyword.call(Unknown Source)
	at com.kms.katalon.core.cucumber.keyword.CucumberBuiltinKeywords.runFeatureFile(CucumberBuiltinKeywords.groovy:46)
	at com.kms.katalon.core.cucumber.keyword.CucumberBuiltinKeywords$runFeatureFile$0.callStatic(Unknown Source)
	at com.kms.katalon.core.cucumber.keyword.CucumberBuiltinKeywords.runFeatureFile(CucumberBuiltinKeywords.groovy:169)
	at com.kms.katalon.core.cucumber.keyword.CucumberBuiltinKeywords$runFeatureFile.call(Unknown Source)
	at TC_Search_by_STATUS.run(TC_Search_by_STATUS:18)
	at com.kms.katalon.core.main.ScriptEngine.run(ScriptEngine.java:194)
	at com.kms.katalon.core.main.ScriptEngine.runScriptAsRawText(ScriptEngine.java:119)
	at com.kms.katalon.core.main.TestCaseExecutor.runScript(TestCaseExecutor.java:339)
	at com.kms.katalon.core.main.TestCaseExecutor.doExecute(TestCaseExecutor.java:330)
	at com.kms.katalon.core.main.TestCaseExecutor.processExecutionPhase(TestCaseExecutor.java:309)
	at com.kms.katalon.core.main.TestCaseExecutor.accessMainPhase(TestCaseExecutor.java:301)
	at com.kms.katalon.core.main.TestCaseExecutor.execute(TestCaseExecutor.java:235)
	at com.kms.katalon.core.main.TestSuiteExecutor.accessTestCaseMainPhase(TestSuiteExecutor.java:191)
	at com.kms.katalon.core.main.TestSuiteExecutor.accessTestSuiteMainPhase(TestSuiteExecutor.java:141)
	at com.kms.katalon.core.main.TestSuiteExecutor.execute(TestSuiteExecutor.java:90)
	at com.kms.katalon.core.main.TestCaseMain.startTestSuite(TestCaseMain.java:157)
	at com.kms.katalon.core.main.TestCaseMain$startTestSuite$0.call(Unknown Source)
	at TempTestSuite1611224754744.run(TempTestSuite1611224754744.groovy:39)


2021-01-21 17:56:22 - [TEST_STEP][NOT_RUN] - Login Success: Login Success

2021-01-21 17:56:22 - [MESSAGE][NOT_RUN] - Login Success

2021-01-21 17:56:22 - [TEST_STEP][NOT_RUN] - Select Arrow Menu "Real Time Disbursement": Select Arrow Menu "Real Time Disbursement"

2021-01-21 17:56:22 - [MESSAGE][NOT_RUN] - Select Arrow Menu "Real Time Disbursement"

2021-01-21 17:56:22 - [TEST_STEP][NOT_RUN] - Select Menu "Partner Disbursement": Select Menu "Partner Disbursement"

2021-01-21 17:56:22 - [MESSAGE][NOT_RUN] - Select Menu "Partner Disbursement"

2021-01-21 17:56:22 - [TEST_STEP][NOT_RUN] - Select STATUS "Hold Payment Recreation": Select STATUS "Hold Payment Recreation"

2021-01-21 17:56:22 - [MESSAGE][NOT_RUN] - Select STATUS "Hold Payment Recreation"

2021-01-21 17:56:22 - [TEST_STEP][NOT_RUN] - Click button "Search": Click button "Search"

2021-01-21 17:56:22 - [MESSAGE][NOT_RUN] - Click button "Search"

2021-01-21 17:56:22 - [TEST_STEP][NOT_RUN] - Verify Search Result Presents: Verify Search Result Presents

2021-01-21 17:56:22 - [MESSAGE][NOT_RUN] - Verify Search Result Presents

2021-01-21 17:56:22 - [TEST_STEP][NOT_RUN] - Click button "Logout": Click button "Logout"

2021-01-21 17:56:22 - [MESSAGE][NOT_RUN] - Click button "Logout"

2021-01-21 17:56:22 - [TEST_STEP][NOT_RUN] - Close browser: Close browser

2021-01-21 17:56:22 - [MESSAGE][NOT_RUN] - Close browser

2021-01-21 17:56:22 - [TEST_CASE][FAILED] - Start Test Case : SCENARIO Search by STATUS Waiting Confirmation From SBO: SCENARIO Search by STATUS Waiting Confirmation From SBO FAILED.
Reason:
com.kms.katalon.core.exception.StepFailedException: Unable to navigate to 'https://dev-istools.homecredit.id/foundation/'
	at com.kms.katalon.core.webui.keyword.internal.WebUIKeywordMain.stepFailed(WebUIKeywordMain.groovy:64)
	at com.kms.katalon.core.webui.keyword.internal.WebUIKeywordMain.runKeyword(WebUIKeywordMain.groovy:26)
	at com.kms.katalon.core.webui.keyword.builtin.NavigateToUrlKeyword.navigateToUrl(NavigateToUrlKeyword.groovy:83)
	at com.kms.katalon.core.webui.keyword.builtin.NavigateToUrlKeyword.execute(NavigateToUrlKeyword.groovy:67)
	at com.kms.katalon.core.keyword.internal.KeywordExecutor.executeKeywordForPlatform(KeywordExecutor.groovy:73)
	at com.kms.katalon.core.webui.keyword.WebUiBuiltInKeywords.navigateToUrl(WebUiBuiltInKeywords.groovy:183)
	at com.kms.katalon.core.webui.keyword.WebUiBuiltInKeywords$navigateToUrl$0.call(Unknown Source)
	at ist_real.Login_IST.go_to_ISTools_URL(Login_IST.groovy:83)
	at âœ½.Go to ISTools(/Users/chaidir.pratama01/Katalon Studio/IST_Automation_Git/Include/features/IST_Real/RTD/Partner_Disbursement/Search_by_STATUS.feature:221)
Caused by: org.openqa.selenium.WebDriverException: unknown error: net::ERR_CONNECTION_REFUSED
  (Session info: headless chrome=87.0.4280.141)
Build info: version: '3.141.59', revision: 'e82be7d358', time: '2018-11-14T08:25:53'
System info: host: 'M-Chaidir-Pratama.local', ip: 'fe80:0:0:0:14e4:ed6f:bc3b:fd01%en0', os.name: 'Mac OS X', os.arch: 'x86_64', os.version: '10.15', java.version: '1.8.0_181'
Driver info: com.kms.katalon.selenium.driver.CChromeDriver
Capabilities {acceptInsecureCerts: false, browserName: chrome, browserVersion: 87.0.4280.141, chrome: {chromedriverVersion: 87.0.4280.88 (89e2380a3e36c..., userDataDir: /var/folders/0s/4_d154xd6dq...}, goog:chromeOptions: {debuggerAddress: localhost:61995}, javascriptEnabled: true, networkConnectionEnabled: false, pageLoadStrategy: normal, platform: MAC, platformName: MAC, proxy: Proxy(), setWindowRect: true, strictFileInteractability: false, timeouts: {implicit: 0, pageLoad: 300000, script: 30000}, unhandledPromptBehavior: dismiss and notify, webauthn:virtualAuthenticators: true}
Session ID: fc8175a3ed549713fb9fa2c75e3f2ad6
	at org.openqa.selenium.remote.http.W3CHttpResponseCodec.createException(W3CHttpResponseCodec.java:187)
	at org.openqa.selenium.remote.http.W3CHttpResponseCodec.decode(W3CHttpResponseCodec.java:122)
	at org.openqa.selenium.remote.http.W3CHttpResponseCodec.decode(W3CHttpResponseCodec.java:49)
	at org.openqa.selenium.remote.HttpCommandExecutor.execute(HttpCommandExecutor.java:158)
	at org.openqa.selenium.remote.service.DriverCommandExecutor.execute(DriverCommandExecutor.java:83)
	at org.openqa.selenium.remote.RemoteWebDriver.execute(RemoteWebDriver.java:552)
	at com.kms.katalon.selenium.driver.CChromeDriver.execute(CChromeDriver.java:19)
	at org.openqa.selenium.remote.RemoteWebDriver.get(RemoteWebDriver.java:277)
	at org.openqa.selenium.remote.RemoteWebDriver$RemoteNavigation.to(RemoteWebDriver.java:857)
	at org.openqa.selenium.support.events.EventFiringWebDriver$EventFiringNavigation.to(EventFiringWebDriver.java:569)
	at com.kms.katalon.core.webui.keyword.builtin.NavigateToUrlKeyword$_navigateToUrl_closure1.doCall(NavigateToUrlKeyword.groovy:81)
	at com.kms.katalon.core.webui.keyword.builtin.NavigateToUrlKeyword$_navigateToUrl_closure1.call(NavigateToUrlKeyword.groovy)
	at com.kms.katalon.core.webui.keyword.internal.WebUIKeywordMain.runKeyword(WebUIKeywordMain.groovy:20)
	at com.kms.katalon.core.webui.keyword.builtin.NavigateToUrlKeyword.navigateToUrl(NavigateToUrlKeyword.groovy:83)
	at com.kms.katalon.core.webui.keyword.builtin.NavigateToUrlKeyword.execute(NavigateToUrlKeyword.groovy:67)
	at com.kms.katalon.core.keyword.internal.KeywordExecutor.executeKeywordForPlatform(KeywordExecutor.groovy:73)
	at com.kms.katalon.core.webui.keyword.WebUiBuiltInKeywords.navigateToUrl(WebUiBuiltInKeywords.groovy:183)
	at com.kms.katalon.core.webui.keyword.WebUiBuiltInKeywords$navigateToUrl$0.call(Unknown Source)
	at ist_real.Login_IST.go_to_ISTools_URL(Login_IST.groovy:83)
	at cucumber.runtime.Utils$1.call(Utils.java:26)
	at cucumber.runtime.Timeout.timeout(Timeout.java:16)
	at cucumber.runtime.Utils.invoke(Utils.java:20)
	at cucumber.runtime.java.JavaStepDefinition.execute(JavaStepDefinition.java:48)
	at cucumber.runtime.PickleStepDefinitionMatch.runStep(PickleStepDefinitionMatch.java:50)
	at cucumber.runner.TestStep.executeStep(TestStep.java:55)
	at cucumber.runner.TestStep.run(TestStep.java:42)
	at cucumber.runner.PickleStepTestStep.run(PickleStepTestStep.java:53)
	at cucumber.runner.TestCase.run(TestCase.java:47)
	at cucumber.runner.Runner.runPickle(Runner.java:44)
	at cucumber.runtime.Runtime.runFeature(Runtime.java:120)
	at cucumber.runtime.Runtime.run(Runtime.java:106)
	at cucumber.api.cli.Main.run(Main.java:35)
	at cucumber.api.cli.Main$run.call(Unknown Source)
	at com.kms.katalon.core.cucumber.keyword.CucumberBuiltinKeywords$_runFeatureFile_closure1.doCall(CucumberBuiltinKeywords.groovy:76)
	at com.kms.katalon.core.cucumber.keyword.CucumberBuiltinKeywords$_runFeatureFile_closure1.doCall(CucumberBuiltinKeywords.groovy)
	at com.kms.katalon.core.keyword.internal.KeywordMain.runKeyword(KeywordMain.groovy:68)
	at com.kms.katalon.core.keyword.internal.KeywordMain$runKeyword.call(Unknown Source)
	at com.kms.katalon.core.cucumber.keyword.CucumberBuiltinKeywords.runFeatureFile(CucumberBuiltinKeywords.groovy:46)
	at com.kms.katalon.core.cucumber.keyword.CucumberBuiltinKeywords$runFeatureFile$0.callStatic(Unknown Source)
	at com.kms.katalon.core.cucumber.keyword.CucumberBuiltinKeywords.runFeatureFile(CucumberBuiltinKeywords.groovy:169)
	at com.kms.katalon.core.cucumber.keyword.CucumberBuiltinKeywords$runFeatureFile.call(Unknown Source)
	at TC_Search_by_STATUS.run(TC_Search_by_STATUS:18)
	at com.kms.katalon.core.main.ScriptEngine.run(ScriptEngine.java:194)
	at com.kms.katalon.core.main.ScriptEngine.runScriptAsRawText(ScriptEngine.java:119)
	at com.kms.katalon.core.main.TestCaseExecutor.runScript(TestCaseExecutor.java:339)
	at com.kms.katalon.core.main.TestCaseExecutor.doExecute(TestCaseExecutor.java:330)
	at com.kms.katalon.core.main.TestCaseExecutor.processExecutionPhase(TestCaseExecutor.java:309)
	at com.kms.katalon.core.main.TestCaseExecutor.accessMainPhase(TestCaseExecutor.java:301)
	at com.kms.katalon.core.main.TestCaseExecutor.execute(TestCaseExecutor.java:235)
	at com.kms.katalon.core.main.TestSuiteExecutor.accessTestCaseMainPhase(TestSuiteExecutor.java:191)
	at com.kms.katalon.core.main.TestSuiteExecutor.accessTestSuiteMainPhase(TestSuiteExecutor.java:141)
	at com.kms.katalon.core.main.TestSuiteExecutor.execute(TestSuiteExecutor.java:90)
	at com.kms.katalon.core.main.TestCaseMain.startTestSuite(TestCaseMain.java:157)
	at com.kms.katalon.core.main.TestCaseMain$startTestSuite$0.call(Unknown Source)
	at TempTestSuite1611224754744.run(TempTestSuite1611224754744.groovy:39)


2021-01-21 17:56:22 - [TEST_STEP][FAILED] - Go to ISTools: Go to ISTools FAILED.
Reason:
com.kms.katalon.core.exception.StepFailedException: Unable to navigate to 'https://dev-istools.homecredit.id/foundation/'
	at com.kms.katalon.core.webui.keyword.internal.WebUIKeywordMain.stepFailed(WebUIKeywordMain.groovy:64)
	at com.kms.katalon.core.webui.keyword.internal.WebUIKeywordMain.runKeyword(WebUIKeywordMain.groovy:26)
	at com.kms.katalon.core.webui.keyword.builtin.NavigateToUrlKeyword.navigateToUrl(NavigateToUrlKeyword.groovy:83)
	at com.kms.katalon.core.webui.keyword.builtin.NavigateToUrlKeyword.execute(NavigateToUrlKeyword.groovy:67)
	at com.kms.katalon.core.keyword.internal.KeywordExecutor.executeKeywordForPlatform(KeywordExecutor.groovy:73)
	at com.kms.katalon.core.webui.keyword.WebUiBuiltInKeywords.navigateToUrl(WebUiBuiltInKeywords.groovy:183)
	at com.kms.katalon.core.webui.keyword.WebUiBuiltInKeywords$navigateToUrl$0.call(Unknown Source)
	at ist_real.Login_IST.go_to_ISTools_URL(Login_IST.groovy:83)
	at âœ½.Go to ISTools(/Users/chaidir.pratama01/Katalon Studio/IST_Automation_Git/Include/features/IST_Real/RTD/Partner_Disbursement/Search_by_STATUS.feature:221)
Caused by: org.openqa.selenium.WebDriverException: unknown error: net::ERR_CONNECTION_REFUSED
  (Session info: headless chrome=87.0.4280.141)
Build info: version: '3.141.59', revision: 'e82be7d358', time: '2018-11-14T08:25:53'
System info: host: 'M-Chaidir-Pratama.local', ip: 'fe80:0:0:0:14e4:ed6f:bc3b:fd01%en0', os.name: 'Mac OS X', os.arch: 'x86_64', os.version: '10.15', java.version: '1.8.0_181'
Driver info: com.kms.katalon.selenium.driver.CChromeDriver
Capabilities {acceptInsecureCerts: false, browserName: chrome, browserVersion: 87.0.4280.141, chrome: {chromedriverVersion: 87.0.4280.88 (89e2380a3e36c..., userDataDir: /var/folders/0s/4_d154xd6dq...}, goog:chromeOptions: {debuggerAddress: localhost:61995}, javascriptEnabled: true, networkConnectionEnabled: false, pageLoadStrategy: normal, platform: MAC, platformName: MAC, proxy: Proxy(), setWindowRect: true, strictFileInteractability: false, timeouts: {implicit: 0, pageLoad: 300000, script: 30000}, unhandledPromptBehavior: dismiss and notify, webauthn:virtualAuthenticators: true}
Session ID: fc8175a3ed549713fb9fa2c75e3f2ad6
	at org.openqa.selenium.remote.http.W3CHttpResponseCodec.createException(W3CHttpResponseCodec.java:187)
	at org.openqa.selenium.remote.http.W3CHttpResponseCodec.decode(W3CHttpResponseCodec.java:122)
	at org.openqa.selenium.remote.http.W3CHttpResponseCodec.decode(W3CHttpResponseCodec.java:49)
	at org.openqa.selenium.remote.HttpCommandExecutor.execute(HttpCommandExecutor.java:158)
	at org.openqa.selenium.remote.service.DriverCommandExecutor.execute(DriverCommandExecutor.java:83)
	at org.openqa.selenium.remote.RemoteWebDriver.execute(RemoteWebDriver.java:552)
	at com.kms.katalon.selenium.driver.CChromeDriver.execute(CChromeDriver.java:19)
	at org.openqa.selenium.remote.RemoteWebDriver.get(RemoteWebDriver.java:277)
	at org.openqa.selenium.remote.RemoteWebDriver$RemoteNavigation.to(RemoteWebDriver.java:857)
	at org.openqa.selenium.support.events.EventFiringWebDriver$EventFiringNavigation.to(EventFiringWebDriver.java:569)
	at com.kms.katalon.core.webui.keyword.builtin.NavigateToUrlKeyword$_navigateToUrl_closure1.doCall(NavigateToUrlKeyword.groovy:81)
	at com.kms.katalon.core.webui.keyword.builtin.NavigateToUrlKeyword$_navigateToUrl_closure1.call(NavigateToUrlKeyword.groovy)
	at com.kms.katalon.core.webui.keyword.internal.WebUIKeywordMain.runKeyword(WebUIKeywordMain.groovy:20)
	at com.kms.katalon.core.webui.keyword.builtin.NavigateToUrlKeyword.navigateToUrl(NavigateToUrlKeyword.groovy:83)
	at com.kms.katalon.core.webui.keyword.builtin.NavigateToUrlKeyword.execute(NavigateToUrlKeyword.groovy:67)
	at com.kms.katalon.core.keyword.internal.KeywordExecutor.executeKeywordForPlatform(KeywordExecutor.groovy:73)
	at com.kms.katalon.core.webui.keyword.WebUiBuiltInKeywords.navigateToUrl(WebUiBuiltInKeywords.groovy:183)
	at com.kms.katalon.core.webui.keyword.WebUiBuiltInKeywords$navigateToUrl$0.call(Unknown Source)
	at ist_real.Login_IST.go_to_ISTools_URL(Login_IST.groovy:83)
	at cucumber.runtime.Utils$1.call(Utils.java:26)
	at cucumber.runtime.Timeout.timeout(Timeout.java:16)
	at cucumber.runtime.Utils.invoke(Utils.java:20)
	at cucumber.runtime.java.JavaStepDefinition.execute(JavaStepDefinition.java:48)
	at cucumber.runtime.PickleStepDefinitionMatch.runStep(PickleStepDefinitionMatch.java:50)
	at cucumber.runner.TestStep.executeStep(TestStep.java:55)
	at cucumber.runner.TestStep.run(TestStep.java:42)
	at cucumber.runner.PickleStepTestStep.run(PickleStepTestStep.java:53)
	at cucumber.runner.TestCase.run(TestCase.java:47)
	at cucumber.runner.Runner.runPickle(Runner.java:44)
	at cucumber.runtime.Runtime.runFeature(Runtime.java:120)
	at cucumber.runtime.Runtime.run(Runtime.java:106)
	at cucumber.api.cli.Main.run(Main.java:35)
	at cucumber.api.cli.Main$run.call(Unknown Source)
	at com.kms.katalon.core.cucumber.keyword.CucumberBuiltinKeywords$_runFeatureFile_closure1.doCall(CucumberBuiltinKeywords.groovy:76)
	at com.kms.katalon.core.cucumber.keyword.CucumberBuiltinKeywords$_runFeatureFile_closure1.doCall(CucumberBuiltinKeywords.groovy)
	at com.kms.katalon.core.keyword.internal.KeywordMain.runKeyword(KeywordMain.groovy:68)
	at com.kms.katalon.core.keyword.internal.KeywordMain$runKeyword.call(Unknown Source)
	at com.kms.katalon.core.cucumber.keyword.CucumberBuiltinKeywords.runFeatureFile(CucumberBuiltinKeywords.groovy:46)
	at com.kms.katalon.core.cucumber.keyword.CucumberBuiltinKeywords$runFeatureFile$0.callStatic(Unknown Source)
	at com.kms.katalon.core.cucumber.keyword.CucumberBuiltinKeywords.runFeatureFile(CucumberBuiltinKeywords.groovy:169)
	at com.kms.katalon.core.cucumber.keyword.CucumberBuiltinKeywords$runFeatureFile.call(Unknown Source)
	at TC_Search_by_STATUS.run(TC_Search_by_STATUS:18)
	at com.kms.katalon.core.main.ScriptEngine.run(ScriptEngine.java:194)
	at com.kms.katalon.core.main.ScriptEngine.runScriptAsRawText(ScriptEngine.java:119)
	at com.kms.katalon.core.main.TestCaseExecutor.runScript(TestCaseExecutor.java:339)
	at com.kms.katalon.core.main.TestCaseExecutor.doExecute(TestCaseExecutor.java:330)
	at com.kms.katalon.core.main.TestCaseExecutor.processExecutionPhase(TestCaseExecutor.java:309)
	at com.kms.katalon.core.main.TestCaseExecutor.accessMainPhase(TestCaseExecutor.java:301)
	at com.kms.katalon.core.main.TestCaseExecutor.execute(TestCaseExecutor.java:235)
	at com.kms.katalon.core.main.TestSuiteExecutor.accessTestCaseMainPhase(TestSuiteExecutor.java:191)
	at com.kms.katalon.core.main.TestSuiteExecutor.accessTestSuiteMainPhase(TestSuiteExecutor.java:141)
	at com.kms.katalon.core.main.TestSuiteExecutor.execute(TestSuiteExecutor.java:90)
	at com.kms.katalon.core.main.TestCaseMain.startTestSuite(TestCaseMain.java:157)
	at com.kms.katalon.core.main.TestCaseMain$startTestSuite$0.call(Unknown Source)
	at TempTestSuite1611224754744.run(TempTestSuite1611224754744.groovy:39)


2021-01-21 17:56:22 - [MESSAGE][WARNING] - A browser is already opened. Closing browser and opening a new one

2021-01-21 17:56:22 - [MESSAGE][INFO] - Starting 'Chrome (headless)' driver

2021-01-21 17:56:22 - [MESSAGE][INFO] - User set preference: ['args', '[--start-maximized, --disable-gpu, --no-proxy-server, â€“-no-sandbox, --allow-running-insecure-content, --ignore-certificate-errors, window-size=1680,814, force-device-scale-factor=2, --lang=en-GB]']

2021-01-21 17:56:22 - [MESSAGE][INFO] - User set preference: ['prefs', '{download.default_directory=/Users/chaidir.pratama01/Katalon Studio/IST_Automation_Git/Download}']

2021-01-21 17:56:22 - [MESSAGE][INFO] - Action delay is set to 0 milliseconds

2021-01-21 17:56:23 - [MESSAGE][PASSED] - Browser is opened with url: ''

2021-01-21 17:56:24 - [MESSAGE][FAILED] - Unable to navigate to 'https://dev-istools.homecredit.id/foundation/' (Root cause: com.kms.katalon.core.exception.StepFailedException: Unable to navigate to 'https://dev-istools.homecredit.id/foundation/'
	at com.kms.katalon.core.webui.keyword.internal.WebUIKeywordMain.stepFailed(WebUIKeywordMain.groovy:64)
	at com.kms.katalon.core.webui.keyword.internal.WebUIKeywordMain.runKeyword(WebUIKeywordMain.groovy:26)
	at com.kms.katalon.core.webui.keyword.builtin.NavigateToUrlKeyword.navigateToUrl(NavigateToUrlKeyword.groovy:83)
	at com.kms.katalon.core.webui.keyword.builtin.NavigateToUrlKeyword.execute(NavigateToUrlKeyword.groovy:67)
	at com.kms.katalon.core.keyword.internal.KeywordExecutor.executeKeywordForPlatform(KeywordExecutor.groovy:73)
	at com.kms.katalon.core.webui.keyword.WebUiBuiltInKeywords.navigateToUrl(WebUiBuiltInKeywords.groovy:183)
	at com.kms.katalon.core.webui.keyword.WebUiBuiltInKeywords$navigateToUrl$0.call(Unknown Source)
	at ist_real.Login_IST.go_to_ISTools_URL(Login_IST.groovy:83)
	at cucumber.runtime.Utils$1.call(Utils.java:26)
	at cucumber.runtime.Timeout.timeout(Timeout.java:16)
	at cucumber.runtime.Utils.invoke(Utils.java:20)
	at cucumber.runtime.java.JavaStepDefinition.execute(JavaStepDefinition.java:48)
	at cucumber.runtime.PickleStepDefinitionMatch.runStep(PickleStepDefinitionMatch.java:50)
	at cucumber.runner.TestStep.executeStep(TestStep.java:55)
	at cucumber.runner.TestStep.run(TestStep.java:42)
	at cucumber.runner.PickleStepTestStep.run(PickleStepTestStep.java:53)
	at cucumber.runner.TestCase.run(TestCase.java:47)
	at cucumber.runner.Runner.runPickle(Runner.java:44)
	at cucumber.runtime.Runtime.runFeature(Runtime.java:120)
	at cucumber.runtime.Runtime.run(Runtime.java:106)
	at cucumber.api.cli.Main.run(Main.java:35)
	at cucumber.api.cli.Main$run.call(Unknown Source)
	at com.kms.katalon.core.cucumber.keyword.CucumberBuiltinKeywords$_runFeatureFile_closure1.doCall(CucumberBuiltinKeywords.groovy:76)
	at com.kms.katalon.core.cucumber.keyword.CucumberBuiltinKeywords$_runFeatureFile_closure1.doCall(CucumberBuiltinKeywords.groovy)
	at com.kms.katalon.core.keyword.internal.KeywordMain.runKeyword(KeywordMain.groovy:68)
	at com.kms.katalon.core.keyword.internal.KeywordMain$runKeyword.call(Unknown Source)
	at com.kms.katalon.core.cucumber.keyword.CucumberBuiltinKeywords.runFeatureFile(CucumberBuiltinKeywords.groovy:46)
	at com.kms.katalon.core.cucumber.keyword.CucumberBuiltinKeywords$runFeatureFile$0.callStatic(Unknown Source)
	at com.kms.katalon.core.cucumber.keyword.CucumberBuiltinKeywords.runFeatureFile(CucumberBuiltinKeywords.groovy:169)
	at com.kms.katalon.core.cucumber.keyword.CucumberBuiltinKeywords$runFeatureFile.call(Unknown Source)
	at TC_Search_by_STATUS.run(TC_Search_by_STATUS:18)
	at com.kms.katalon.core.main.ScriptEngine.run(ScriptEngine.java:194)
	at com.kms.katalon.core.main.ScriptEngine.runScriptAsRawText(ScriptEngine.java:119)
	at com.kms.katalon.core.main.TestCaseExecutor.runScript(TestCaseExecutor.java:339)
	at com.kms.katalon.core.main.TestCaseExecutor.doExecute(TestCaseExecutor.java:330)
	at com.kms.katalon.core.main.TestCaseExecutor.processExecutionPhase(TestCaseExecutor.java:309)
	at com.kms.katalon.core.main.TestCaseExecutor.accessMainPhase(TestCaseExecutor.java:301)
	at com.kms.katalon.core.main.TestCaseExecutor.execute(TestCaseExecutor.java:235)
	at com.kms.katalon.core.main.TestSuiteExecutor.accessTestCaseMainPhase(TestSuiteExecutor.java:191)
	at com.kms.katalon.core.main.TestSuiteExecutor.accessTestSuiteMainPhase(TestSuiteExecutor.java:141)
	at com.kms.katalon.core.main.TestSuiteExecutor.execute(TestSuiteExecutor.java:90)
	at com.kms.katalon.core.main.TestCaseMain.startTestSuite(TestCaseMain.java:157)
	at com.kms.katalon.core.main.TestCaseMain$startTestSuite$0.call(Unknown Source)
	at TempTestSuite1611224754744.run(TempTestSuite1611224754744.groovy:39)
Caused by: org.openqa.selenium.WebDriverException: unknown error: net::ERR_CONNECTION_REFUSED
  (Session info: headless chrome=87.0.4280.141)
Build info: version: '3.141.59', revision: 'e82be7d358', time: '2018-11-14T08:25:53'
System info: host: 'M-Chaidir-Pratama.local', ip: 'fe80:0:0:0:14e4:ed6f:bc3b:fd01%en0', os.name: 'Mac OS X', os.arch: 'x86_64', os.version: '10.15', java.version: '1.8.0_181'
Driver info: com.kms.katalon.selenium.driver.CChromeDriver
Capabilities {acceptInsecureCerts: false, browserName: chrome, browserVersion: 87.0.4280.141, chrome: {chromedriverVersion: 87.0.4280.88 (89e2380a3e36c..., userDataDir: /var/folders/0s/4_d154xd6dq...}, goog:chromeOptions: {debuggerAddress: localhost:61995}, javascriptEnabled: true, networkConnectionEnabled: false, pageLoadStrategy: normal, platform: MAC, platformName: MAC, proxy: Proxy(), setWindowRect: true, strictFileInteractability: false, timeouts: {implicit: 0, pageLoad: 300000, script: 30000}, unhandledPromptBehavior: dismiss and notify, webauthn:virtualAuthenticators: true}
Session ID: fc8175a3ed549713fb9fa2c75e3f2ad6
	at org.openqa.selenium.remote.http.W3CHttpResponseCodec.createException(W3CHttpResponseCodec.java:187)
	at org.openqa.selenium.remote.http.W3CHttpResponseCodec.decode(W3CHttpResponseCodec.java:122)
	at org.openqa.selenium.remote.http.W3CHttpResponseCodec.decode(W3CHttpResponseCodec.java:49)
	at org.openqa.selenium.remote.HttpCommandExecutor.execute(HttpCommandExecutor.java:158)
	at org.openqa.selenium.remote.service.DriverCommandExecutor.execute(DriverCommandExecutor.java:83)
	at org.openqa.selenium.remote.RemoteWebDriver.execute(RemoteWebDriver.java:552)
	at com.kms.katalon.selenium.driver.CChromeDriver.execute(CChromeDriver.java:19)
	at org.openqa.selenium.remote.RemoteWebDriver.get(RemoteWebDriver.java:277)
	at org.openqa.selenium.remote.RemoteWebDriver$RemoteNavigation.to(RemoteWebDriver.java:857)
	at org.openqa.selenium.support.events.EventFiringWebDriver$EventFiringNavigation.to(EventFiringWebDriver.java:569)
	at com.kms.katalon.core.webui.keyword.builtin.NavigateToUrlKeyword$_navigateToUrl_closure1.doCall(NavigateToUrlKeyword.groovy:81)
	at com.kms.katalon.core.webui.keyword.builtin.NavigateToUrlKeyword$_navigateToUrl_closure1.call(NavigateToUrlKeyword.groovy)
	at com.kms.katalon.core.webui.keyword.internal.WebUIKeywordMain.runKeyword(WebUIKeywordMain.groovy:20)
	at com.kms.katalon.core.webui.keyword.builtin.NavigateToUrlKeyword.navigateToUrl(NavigateToUrlKeyword.groovy:83)
	at com.kms.katalon.core.webui.keyword.builtin.NavigateToUrlKeyword.execute(NavigateToUrlKeyword.groovy:67)
	at com.kms.katalon.core.keyword.internal.KeywordExecutor.executeKeywordForPlatform(KeywordExecutor.groovy:73)
	at com.kms.katalon.core.webui.keyword.WebUiBuiltInKeywords.navigateToUrl(WebUiBuiltInKeywords.groovy:183)
	at com.kms.katalon.core.webui.keyword.WebUiBuiltInKeywords$navigateToUrl$0.call(Unknown Source)
	at ist_real.Login_IST.go_to_ISTools_URL(Login_IST.groovy:83)
	at cucumber.runtime.Utils$1.call(Utils.java:26)
	at cucumber.runtime.Timeout.timeout(Timeout.java:16)
	at cucumber.runtime.Utils.invoke(Utils.java:20)
	at cucumber.runtime.java.JavaStepDefinition.execute(JavaStepDefinition.java:48)
	at cucumber.runtime.PickleStepDefinitionMatch.runStep(PickleStepDefinitionMatch.java:50)
	at cucumber.runner.TestStep.executeStep(TestStep.java:55)
	at cucumber.runner.TestStep.run(TestStep.java:42)
	at cucumber.runner.PickleStepTestStep.run(PickleStepTestStep.java:53)
	at cucumber.runner.TestCase.run(TestCase.java:47)
	at cucumber.runner.Runner.runPickle(Runner.java:44)
	at cucumber.runtime.Runtime.runFeature(Runtime.java:120)
	at cucumber.runtime.Runtime.run(Runtime.java:106)
	at cucumber.api.cli.Main.run(Main.java:35)
	at cucumber.api.cli.Main$run.call(Unknown Source)
	at com.kms.katalon.core.cucumber.keyword.CucumberBuiltinKeywords$_runFeatureFile_closure1.doCall(CucumberBuiltinKeywords.groovy:76)
	at com.kms.katalon.core.cucumber.keyword.CucumberBuiltinKeywords$_runFeatureFile_closure1.doCall(CucumberBuiltinKeywords.groovy)
	at com.kms.katalon.core.keyword.internal.KeywordMain.runKeyword(KeywordMain.groovy:68)
	at com.kms.katalon.core.keyword.internal.KeywordMain$runKeyword.call(Unknown Source)
	at com.kms.katalon.core.cucumber.keyword.CucumberBuiltinKeywords.runFeatureFile(CucumberBuiltinKeywords.groovy:46)
	at com.kms.katalon.core.cucumber.keyword.CucumberBuiltinKeywords$runFeatureFile$0.callStatic(Unknown Source)
	at com.kms.katalon.core.cucumber.keyword.CucumberBuiltinKeywords.runFeatureFile(CucumberBuiltinKeywords.groovy:169)
	at com.kms.katalon.core.cucumber.keyword.CucumberBuiltinKeywords$runFeatureFile.call(Unknown Source)
	at Script1611043905720.run(Script1611043905720.groovy:18)
	... 13 more
)
[[ATTACHMENT|/Users/chaidir.pratama01/Katalon Studio/IST_Automation_Git/Reports/20210121_172548/RTD/TS_Partner_Disbursement/20210121_172554/1611226584502.png]]

2021-01-21 17:56:24 - [MESSAGE][FAILED] - Go to ISTools FAILED.
Reason:
com.kms.katalon.core.exception.StepFailedException: Unable to navigate to 'https://dev-istools.homecredit.id/foundation/'
	at com.kms.katalon.core.webui.keyword.internal.WebUIKeywordMain.stepFailed(WebUIKeywordMain.groovy:64)
	at com.kms.katalon.core.webui.keyword.internal.WebUIKeywordMain.runKeyword(WebUIKeywordMain.groovy:26)
	at com.kms.katalon.core.webui.keyword.builtin.NavigateToUrlKeyword.navigateToUrl(NavigateToUrlKeyword.groovy:83)
	at com.kms.katalon.core.webui.keyword.builtin.NavigateToUrlKeyword.execute(NavigateToUrlKeyword.groovy:67)
	at com.kms.katalon.core.keyword.internal.KeywordExecutor.executeKeywordForPlatform(KeywordExecutor.groovy:73)
	at com.kms.katalon.core.webui.keyword.WebUiBuiltInKeywords.navigateToUrl(WebUiBuiltInKeywords.groovy:183)
	at com.kms.katalon.core.webui.keyword.WebUiBuiltInKeywords$navigateToUrl$0.call(Unknown Source)
	at ist_real.Login_IST.go_to_ISTools_URL(Login_IST.groovy:83)
	at âœ½.Go to ISTools(/Users/chaidir.pratama01/Katalon Studio/IST_Automation_Git/Include/features/IST_Real/RTD/Partner_Disbursement/Search_by_STATUS.feature:221)
Caused by: org.openqa.selenium.WebDriverException: unknown error: net::ERR_CONNECTION_REFUSED
  (Session info: headless chrome=87.0.4280.141)
Build info: version: '3.141.59', revision: 'e82be7d358', time: '2018-11-14T08:25:53'
System info: host: 'M-Chaidir-Pratama.local', ip: 'fe80:0:0:0:14e4:ed6f:bc3b:fd01%en0', os.name: 'Mac OS X', os.arch: 'x86_64', os.version: '10.15', java.version: '1.8.0_181'
Driver info: com.kms.katalon.selenium.driver.CChromeDriver
Capabilities {acceptInsecureCerts: false, browserName: chrome, browserVersion: 87.0.4280.141, chrome: {chromedriverVersion: 87.0.4280.88 (89e2380a3e36c..., userDataDir: /var/folders/0s/4_d154xd6dq...}, goog:chromeOptions: {debuggerAddress: localhost:61995}, javascriptEnabled: true, networkConnectionEnabled: false, pageLoadStrategy: normal, platform: MAC, platformName: MAC, proxy: Proxy(), setWindowRect: true, strictFileInteractability: false, timeouts: {implicit: 0, pageLoad: 300000, script: 30000}, unhandledPromptBehavior: dismiss and notify, webauthn:virtualAuthenticators: true}
Session ID: fc8175a3ed549713fb9fa2c75e3f2ad6
	at org.openqa.selenium.remote.http.W3CHttpResponseCodec.createException(W3CHttpResponseCodec.java:187)
	at org.openqa.selenium.remote.http.W3CHttpResponseCodec.decode(W3CHttpResponseCodec.java:122)
	at org.openqa.selenium.remote.http.W3CHttpResponseCodec.decode(W3CHttpResponseCodec.java:49)
	at org.openqa.selenium.remote.HttpCommandExecutor.execute(HttpCommandExecutor.java:158)
	at org.openqa.selenium.remote.service.DriverCommandExecutor.execute(DriverCommandExecutor.java:83)
	at org.openqa.selenium.remote.RemoteWebDriver.execute(RemoteWebDriver.java:552)
	at com.kms.katalon.selenium.driver.CChromeDriver.execute(CChromeDriver.java:19)
	at org.openqa.selenium.remote.RemoteWebDriver.get(RemoteWebDriver.java:277)
	at org.openqa.selenium.remote.RemoteWebDriver$RemoteNavigation.to(RemoteWebDriver.java:857)
	at org.openqa.selenium.support.events.EventFiringWebDriver$EventFiringNavigation.to(EventFiringWebDriver.java:569)
	at com.kms.katalon.core.webui.keyword.builtin.NavigateToUrlKeyword$_navigateToUrl_closure1.doCall(NavigateToUrlKeyword.groovy:81)
	at com.kms.katalon.core.webui.keyword.builtin.NavigateToUrlKeyword$_navigateToUrl_closure1.call(NavigateToUrlKeyword.groovy)
	at com.kms.katalon.core.webui.keyword.internal.WebUIKeywordMain.runKeyword(WebUIKeywordMain.groovy:20)
	at com.kms.katalon.core.webui.keyword.builtin.NavigateToUrlKeyword.navigateToUrl(NavigateToUrlKeyword.groovy:83)
	at com.kms.katalon.core.webui.keyword.builtin.NavigateToUrlKeyword.execute(NavigateToUrlKeyword.groovy:67)
	at com.kms.katalon.core.keyword.internal.KeywordExecutor.executeKeywordForPlatform(KeywordExecutor.groovy:73)
	at com.kms.katalon.core.webui.keyword.WebUiBuiltInKeywords.navigateToUrl(WebUiBuiltInKeywords.groovy:183)
	at com.kms.katalon.core.webui.keyword.WebUiBuiltInKeywords$navigateToUrl$0.call(Unknown Source)
	at ist_real.Login_IST.go_to_ISTools_URL(Login_IST.groovy:83)
	at cucumber.runtime.Utils$1.call(Utils.java:26)
	at cucumber.runtime.Timeout.timeout(Timeout.java:16)
	at cucumber.runtime.Utils.invoke(Utils.java:20)
	at cucumber.runtime.java.JavaStepDefinition.execute(JavaStepDefinition.java:48)
	at cucumber.runtime.PickleStepDefinitionMatch.runStep(PickleStepDefinitionMatch.java:50)
	at cucumber.runner.TestStep.executeStep(TestStep.java:55)
	at cucumber.runner.TestStep.run(TestStep.java:42)
	at cucumber.runner.PickleStepTestStep.run(PickleStepTestStep.java:53)
	at cucumber.runner.TestCase.run(TestCase.java:47)
	at cucumber.runner.Runner.runPickle(Runner.java:44)
	at cucumber.runtime.Runtime.runFeature(Runtime.java:120)
	at cucumber.runtime.Runtime.run(Runtime.java:106)
	at cucumber.api.cli.Main.run(Main.java:35)
	at cucumber.api.cli.Main$run.call(Unknown Source)
	at com.kms.katalon.core.cucumber.keyword.CucumberBuiltinKeywords$_runFeatureFile_closure1.doCall(CucumberBuiltinKeywords.groovy:76)
	at com.kms.katalon.core.cucumber.keyword.CucumberBuiltinKeywords$_runFeatureFile_closure1.doCall(CucumberBuiltinKeywords.groovy)
	at com.kms.katalon.core.keyword.internal.KeywordMain.runKeyword(KeywordMain.groovy:68)
	at com.kms.katalon.core.keyword.internal.KeywordMain$runKeyword.call(Unknown Source)
	at com.kms.katalon.core.cucumber.keyword.CucumberBuiltinKeywords.runFeatureFile(CucumberBuiltinKeywords.groovy:46)
	at com.kms.katalon.core.cucumber.keyword.CucumberBuiltinKeywords$runFeatureFile$0.callStatic(Unknown Source)
	at com.kms.katalon.core.cucumber.keyword.CucumberBuiltinKeywords.runFeatureFile(CucumberBuiltinKeywords.groovy:169)
	at com.kms.katalon.core.cucumber.keyword.CucumberBuiltinKeywords$runFeatureFile.call(Unknown Source)
	at TC_Search_by_STATUS.run(TC_Search_by_STATUS:18)
	at com.kms.katalon.core.main.ScriptEngine.run(ScriptEngine.java:194)
	at com.kms.katalon.core.main.ScriptEngine.runScriptAsRawText(ScriptEngine.java:119)
	at com.kms.katalon.core.main.TestCaseExecutor.runScript(TestCaseExecutor.java:339)
	at com.kms.katalon.core.main.TestCaseExecutor.doExecute(TestCaseExecutor.java:330)
	at com.kms.katalon.core.main.TestCaseExecutor.processExecutionPhase(TestCaseExecutor.java:309)
	at com.kms.katalon.core.main.TestCaseExecutor.accessMainPhase(TestCaseExecutor.java:301)
	at com.kms.katalon.core.main.TestCaseExecutor.execute(TestCaseExecutor.java:235)
	at com.kms.katalon.core.main.TestSuiteExecutor.accessTestCaseMainPhase(TestSuiteExecutor.java:191)
	at com.kms.katalon.core.main.TestSuiteExecutor.accessTestSuiteMainPhase(TestSuiteExecutor.java:141)
	at com.kms.katalon.core.main.TestSuiteExecutor.execute(TestSuiteExecutor.java:90)
	at com.kms.katalon.core.main.TestCaseMain.startTestSuite(TestCaseMain.java:157)
	at com.kms.katalon.core.main.TestCaseMain$startTestSuite$0.call(Unknown Source)
	at TempTestSuite1611224754744.run(TempTestSuite1611224754744.groovy:39)


2021-01-21 17:56:24 - [TEST_STEP][NOT_RUN] - Login IST with valid credentials: Login IST with valid credentials

2021-01-21 17:56:24 - [MESSAGE][NOT_RUN] - Login IST with valid credentials

2021-01-21 17:56:24 - [TEST_STEP][NOT_RUN] - Login Success: Login Success

2021-01-21 17:56:24 - [MESSAGE][NOT_RUN] - Login Success

2021-01-21 17:56:24 - [TEST_STEP][NOT_RUN] - Select Arrow Menu "Real Time Disbursement": Select Arrow Menu "Real Time Disbursement"

2021-01-21 17:56:24 - [MESSAGE][NOT_RUN] - Select Arrow Menu "Real Time Disbursement"

2021-01-21 17:56:24 - [TEST_STEP][NOT_RUN] - Select Menu "Partner Disbursement": Select Menu "Partner Disbursement"

2021-01-21 17:56:24 - [MESSAGE][NOT_RUN] - Select Menu "Partner Disbursement"

2021-01-21 17:56:24 - [TEST_STEP][NOT_RUN] - Select STATUS "Waiting Confirmation From SBO": Select STATUS "Waiting Confirmation From SBO"

2021-01-21 17:56:24 - [MESSAGE][NOT_RUN] - Select STATUS "Waiting Confirmation From SBO"

2021-01-21 17:56:24 - [TEST_STEP][NOT_RUN] - Click button "Search": Click button "Search"

2021-01-21 17:56:24 - [MESSAGE][NOT_RUN] - Click button "Search"

2021-01-21 17:56:24 - [TEST_STEP][NOT_RUN] - Verify Search Result Presents: Verify Search Result Presents

2021-01-21 17:56:24 - [MESSAGE][NOT_RUN] - Verify Search Result Presents

2021-01-21 17:56:24 - [TEST_STEP][NOT_RUN] - Click button "Logout": Click button "Logout"

2021-01-21 17:56:24 - [MESSAGE][NOT_RUN] - Click button "Logout"

2021-01-21 17:56:24 - [TEST_STEP][NOT_RUN] - Close browser: Close browser

2021-01-21 17:56:24 - [MESSAGE][NOT_RUN] - Close browser

2021-01-21 17:56:24 - [TEST_CASE][FAILED] - Start Test Case : SCENARIO Search by STATUS Hold Payment Insufficient Fund: SCENARIO Search by STATUS Hold Payment Insufficient Fund FAILED.
Reason:
com.kms.katalon.core.exception.StepFailedException: Unable to set text 'mobile.test' of object 'Object Repository/Page_/input_Username_j_username'
	at com.kms.katalon.core.webui.keyword.internal.WebUIKeywordMain.stepFailed(WebUIKeywordMain.groovy:64)
	at com.kms.katalon.core.webui.keyword.internal.WebUIKeywordMain.runKeyword(WebUIKeywordMain.groovy:26)
	at com.kms.katalon.core.webui.keyword.builtin.SetTextKeyword.setText(SetTextKeyword.groovy:66)
	at com.kms.katalon.core.webui.keyword.builtin.SetTextKeyword.execute(SetTextKeyword.groovy:37)
	at com.kms.katalon.core.keyword.internal.KeywordExecutor.executeKeywordForPlatform(KeywordExecutor.groovy:73)
	at com.kms.katalon.core.webui.keyword.WebUiBuiltInKeywords.setText(WebUiBuiltInKeywords.groovy:976)
	at com.kms.katalon.core.webui.keyword.WebUiBuiltInKeywords$setText$1.call(Unknown Source)
	at ist_real.Login_IST.I_want_to_login_to_IST(Login_IST.groovy:133)
	at âœ½.Login IST with valid credentials(/Users/chaidir.pratama01/Katalon Studio/IST_Automation_Git/Include/features/IST_Real/RTD/Partner_Disbursement/Search_by_STATUS.feature:236)
Caused by: java.lang.IllegalArgumentException: Cannot find elements when the selector is null
	at org.openqa.selenium.By$ByCssSelector.<init>(By.java:422)
	at org.openqa.selenium.By.cssSelector(By.java:116)
	at com.kms.katalon.core.webui.common.WebUiCommonHelper.buildLocator(WebUiCommonHelper.java:515)
	at com.kms.katalon.core.webui.common.WebUiCommonHelper.findElementByNormalMethods(WebUiCommonHelper.java:985)
	at com.kms.katalon.core.webui.common.WebUiCommonHelper.findElementsBySelectedMethod(WebUiCommonHelper.java:890)
	at com.kms.katalon.core.webui.common.WebUiCommonHelper.findElementsWithSelfHealing(WebUiCommonHelper.java:794)
	at com.kms.katalon.core.webui.common.WebUiCommonHelper.findWebElements(WebUiCommonHelper.java:717)
	at com.kms.katalon.core.webui.common.WebUiCommonHelper.findWebElement(WebUiCommonHelper.java:1349)
	at com.kms.katalon.core.webui.keyword.internal.WebUIAbstractKeyword.findWebElement(WebUIAbstractKeyword.groovy:27)
	at com.kms.katalon.core.webui.keyword.internal.WebUIAbstractKeyword.findWebElement(WebUIAbstractKeyword.groovy:26)
	at com.kms.katalon.core.webui.keyword.builtin.SetTextKeyword$_setText_closure1.doCall(SetTextKeyword.groovy:51)
	at com.kms.katalon.core.webui.keyword.builtin.SetTextKeyword$_setText_closure1.call(SetTextKeyword.groovy)
	at com.kms.katalon.core.webui.keyword.internal.WebUIKeywordMain.runKeyword(WebUIKeywordMain.groovy:20)
	at com.kms.katalon.core.webui.keyword.builtin.SetTextKeyword.setText(SetTextKeyword.groovy:66)
	at com.kms.katalon.core.webui.keyword.builtin.SetTextKeyword.execute(SetTextKeyword.groovy:37)
	at com.kms.katalon.core.keyword.internal.KeywordExecutor.executeKeywordForPlatform(KeywordExecutor.groovy:73)
	at com.kms.katalon.core.webui.keyword.WebUiBuiltInKeywords.setText(WebUiBuiltInKeywords.groovy:976)
	at com.kms.katalon.core.webui.keyword.WebUiBuiltInKeywords$setText$1.call(Unknown Source)
	at ist_real.Login_IST.I_want_to_login_to_IST(Login_IST.groovy:133)
	at cucumber.runtime.Utils$1.call(Utils.java:26)
	at cucumber.runtime.Timeout.timeout(Timeout.java:16)
	at cucumber.runtime.Utils.invoke(Utils.java:20)
	at cucumber.runtime.java.JavaStepDefinition.execute(JavaStepDefinition.java:48)
	at cucumber.runtime.PickleStepDefinitionMatch.runStep(PickleStepDefinitionMatch.java:50)
	at cucumber.runner.TestStep.executeStep(TestStep.java:55)
	at cucumber.runner.TestStep.run(TestStep.java:42)
	at cucumber.runner.PickleStepTestStep.run(PickleStepTestStep.java:53)
	at cucumber.runner.TestCase.run(TestCase.java:47)
	at cucumber.runner.Runner.runPickle(Runner.java:44)
	at cucumber.runtime.Runtime.runFeature(Runtime.java:120)
	at cucumber.runtime.Runtime.run(Runtime.java:106)
	at cucumber.api.cli.Main.run(Main.java:35)
	at cucumber.api.cli.Main$run.call(Unknown Source)
	at com.kms.katalon.core.cucumber.keyword.CucumberBuiltinKeywords$_runFeatureFile_closure1.doCall(CucumberBuiltinKeywords.groovy:76)
	at com.kms.katalon.core.cucumber.keyword.CucumberBuiltinKeywords$_runFeatureFile_closure1.doCall(CucumberBuiltinKeywords.groovy)
	at com.kms.katalon.core.keyword.internal.KeywordMain.runKeyword(KeywordMain.groovy:68)
	at com.kms.katalon.core.keyword.internal.KeywordMain$runKeyword.call(Unknown Source)
	at com.kms.katalon.core.cucumber.keyword.CucumberBuiltinKeywords.runFeatureFile(CucumberBuiltinKeywords.groovy:46)
	at com.kms.katalon.core.cucumber.keyword.CucumberBuiltinKeywords$runFeatureFile$0.callStatic(Unknown Source)
	at com.kms.katalon.core.cucumber.keyword.CucumberBuiltinKeywords.runFeatureFile(CucumberBuiltinKeywords.groovy:169)
	at com.kms.katalon.core.cucumber.keyword.CucumberBuiltinKeywords$runFeatureFile.call(Unknown Source)
	at TC_Search_by_STATUS.run(TC_Search_by_STATUS:18)
	at com.kms.katalon.core.main.ScriptEngine.run(ScriptEngine.java:194)
	at com.kms.katalon.core.main.ScriptEngine.runScriptAsRawText(ScriptEngine.java:119)
	at com.kms.katalon.core.main.TestCaseExecutor.runScript(TestCaseExecutor.java:339)
	at com.kms.katalon.core.main.TestCaseExecutor.doExecute(TestCaseExecutor.java:330)
	at com.kms.katalon.core.main.TestCaseExecutor.processExecutionPhase(TestCaseExecutor.java:309)
	at com.kms.katalon.core.main.TestCaseExecutor.accessMainPhase(TestCaseExecutor.java:301)
	at com.kms.katalon.core.main.TestCaseExecutor.execute(TestCaseExecutor.java:235)
	at com.kms.katalon.core.main.TestSuiteExecutor.accessTestCaseMainPhase(TestSuiteExecutor.java:191)
	at com.kms.katalon.core.main.TestSuiteExecutor.accessTestSuiteMainPhase(TestSuiteExecutor.java:141)
	at com.kms.katalon.core.main.TestSuiteExecutor.execute(TestSuiteExecutor.java:90)
	at com.kms.katalon.core.main.TestCaseMain.startTestSuite(TestCaseMain.java:157)
	at com.kms.katalon.core.main.TestCaseMain$startTestSuite$0.call(Unknown Source)
	at TempTestSuite1611224754744.run(TempTestSuite1611224754744.groovy:39)


2021-01-21 17:56:24 - [TEST_STEP][PASSED] - Go to ISTools: Go to ISTools

2021-01-21 17:56:24 - [MESSAGE][WARNING] - A browser is already opened. Closing browser and opening a new one

2021-01-21 17:56:25 - [MESSAGE][INFO] - Starting 'Chrome (headless)' driver

2021-01-21 17:56:25 - [MESSAGE][INFO] - User set preference: ['args', '[--start-maximized, --disable-gpu, --no-proxy-server, â€“-no-sandbox, --allow-running-insecure-content, --ignore-certificate-errors, window-size=1680,814, force-device-scale-factor=2, --lang=en-GB]']

2021-01-21 17:56:25 - [MESSAGE][INFO] - User set preference: ['prefs', '{download.default_directory=/Users/chaidir.pratama01/Katalon Studio/IST_Automation_Git/Download}']

2021-01-21 17:56:25 - [MESSAGE][INFO] - Action delay is set to 0 milliseconds

2021-01-21 17:56:25 - [MESSAGE][PASSED] - Browser is opened with url: ''

2021-01-21 17:56:32 - [MESSAGE][PASSED] - Navigate to 'https://dev-istools.homecredit.id/foundation/' successfully

2021-01-21 17:56:32 - [MESSAGE][PASSED] - Go to ISTools

2021-01-21 17:56:32 - [TEST_STEP][FAILED] - Login IST with valid credentials: Login IST with valid credentials FAILED.
Reason:
com.kms.katalon.core.exception.StepFailedException: Unable to set text 'mobile.test' of object 'Object Repository/Page_/input_Username_j_username'
	at com.kms.katalon.core.webui.keyword.internal.WebUIKeywordMain.stepFailed(WebUIKeywordMain.groovy:64)
	at com.kms.katalon.core.webui.keyword.internal.WebUIKeywordMain.runKeyword(WebUIKeywordMain.groovy:26)
	at com.kms.katalon.core.webui.keyword.builtin.SetTextKeyword.setText(SetTextKeyword.groovy:66)
	at com.kms.katalon.core.webui.keyword.builtin.SetTextKeyword.execute(SetTextKeyword.groovy:37)
	at com.kms.katalon.core.keyword.internal.KeywordExecutor.executeKeywordForPlatform(KeywordExecutor.groovy:73)
	at com.kms.katalon.core.webui.keyword.WebUiBuiltInKeywords.setText(WebUiBuiltInKeywords.groovy:976)
	at com.kms.katalon.core.webui.keyword.WebUiBuiltInKeywords$setText$1.call(Unknown Source)
	at ist_real.Login_IST.I_want_to_login_to_IST(Login_IST.groovy:133)
	at âœ½.Login IST with valid credentials(/Users/chaidir.pratama01/Katalon Studio/IST_Automation_Git/Include/features/IST_Real/RTD/Partner_Disbursement/Search_by_STATUS.feature:236)
Caused by: java.lang.IllegalArgumentException: Cannot find elements when the selector is null
	at org.openqa.selenium.By$ByCssSelector.<init>(By.java:422)
	at org.openqa.selenium.By.cssSelector(By.java:116)
	at com.kms.katalon.core.webui.common.WebUiCommonHelper.buildLocator(WebUiCommonHelper.java:515)
	at com.kms.katalon.core.webui.common.WebUiCommonHelper.findElementByNormalMethods(WebUiCommonHelper.java:985)
	at com.kms.katalon.core.webui.common.WebUiCommonHelper.findElementsBySelectedMethod(WebUiCommonHelper.java:890)
	at com.kms.katalon.core.webui.common.WebUiCommonHelper.findElementsWithSelfHealing(WebUiCommonHelper.java:794)
	at com.kms.katalon.core.webui.common.WebUiCommonHelper.findWebElements(WebUiCommonHelper.java:717)
	at com.kms.katalon.core.webui.common.WebUiCommonHelper.findWebElement(WebUiCommonHelper.java:1349)
	at com.kms.katalon.core.webui.keyword.internal.WebUIAbstractKeyword.findWebElement(WebUIAbstractKeyword.groovy:27)
	at com.kms.katalon.core.webui.keyword.internal.WebUIAbstractKeyword.findWebElement(WebUIAbstractKeyword.groovy:26)
	at com.kms.katalon.core.webui.keyword.builtin.SetTextKeyword$_setText_closure1.doCall(SetTextKeyword.groovy:51)
	at com.kms.katalon.core.webui.keyword.builtin.SetTextKeyword$_setText_closure1.call(SetTextKeyword.groovy)
	at com.kms.katalon.core.webui.keyword.internal.WebUIKeywordMain.runKeyword(WebUIKeywordMain.groovy:20)
	at com.kms.katalon.core.webui.keyword.builtin.SetTextKeyword.setText(SetTextKeyword.groovy:66)
	at com.kms.katalon.core.webui.keyword.builtin.SetTextKeyword.execute(SetTextKeyword.groovy:37)
	at com.kms.katalon.core.keyword.internal.KeywordExecutor.executeKeywordForPlatform(KeywordExecutor.groovy:73)
	at com.kms.katalon.core.webui.keyword.WebUiBuiltInKeywords.setText(WebUiBuiltInKeywords.groovy:976)
	at com.kms.katalon.core.webui.keyword.WebUiBuiltInKeywords$setText$1.call(Unknown Source)
	at ist_real.Login_IST.I_want_to_login_to_IST(Login_IST.groovy:133)
	at cucumber.runtime.Utils$1.call(Utils.java:26)
	at cucumber.runtime.Timeout.timeout(Timeout.java:16)
	at cucumber.runtime.Utils.invoke(Utils.java:20)
	at cucumber.runtime.java.JavaStepDefinition.execute(JavaStepDefinition.java:48)
	at cucumber.runtime.PickleStepDefinitionMatch.runStep(PickleStepDefinitionMatch.java:50)
	at cucumber.runner.TestStep.executeStep(TestStep.java:55)
	at cucumber.runner.TestStep.run(TestStep.java:42)
	at cucumber.runner.PickleStepTestStep.run(PickleStepTestStep.java:53)
	at cucumber.runner.TestCase.run(TestCase.java:47)
	at cucumber.runner.Runner.runPickle(Runner.java:44)
	at cucumber.runtime.Runtime.runFeature(Runtime.java:120)
	at cucumber.runtime.Runtime.run(Runtime.java:106)
	at cucumber.api.cli.Main.run(Main.java:35)
	at cucumber.api.cli.Main$run.call(Unknown Source)
	at com.kms.katalon.core.cucumber.keyword.CucumberBuiltinKeywords$_runFeatureFile_closure1.doCall(CucumberBuiltinKeywords.groovy:76)
	at com.kms.katalon.core.cucumber.keyword.CucumberBuiltinKeywords$_runFeatureFile_closure1.doCall(CucumberBuiltinKeywords.groovy)
	at com.kms.katalon.core.keyword.internal.KeywordMain.runKeyword(KeywordMain.groovy:68)
	at com.kms.katalon.core.keyword.internal.KeywordMain$runKeyword.call(Unknown Source)
	at com.kms.katalon.core.cucumber.keyword.CucumberBuiltinKeywords.runFeatureFile(CucumberBuiltinKeywords.groovy:46)
	at com.kms.katalon.core.cucumber.keyword.CucumberBuiltinKeywords$runFeatureFile$0.callStatic(Unknown Source)
	at com.kms.katalon.core.cucumber.keyword.CucumberBuiltinKeywords.runFeatureFile(CucumberBuiltinKeywords.groovy:169)
	at com.kms.katalon.core.cucumber.keyword.CucumberBuiltinKeywords$runFeatureFile.call(Unknown Source)
	at TC_Search_by_STATUS.run(TC_Search_by_STATUS:18)
	at com.kms.katalon.core.main.ScriptEngine.run(ScriptEngine.java:194)
	at com.kms.katalon.core.main.ScriptEngine.runScriptAsRawText(ScriptEngine.java:119)
	at com.kms.katalon.core.main.TestCaseExecutor.runScript(TestCaseExecutor.java:339)
	at com.kms.katalon.core.main.TestCaseExecutor.doExecute(TestCaseExecutor.java:330)
	at com.kms.katalon.core.main.TestCaseExecutor.processExecutionPhase(TestCaseExecutor.java:309)
	at com.kms.katalon.core.main.TestCaseExecutor.accessMainPhase(TestCaseExecutor.java:301)
	at com.kms.katalon.core.main.TestCaseExecutor.execute(TestCaseExecutor.java:235)
	at com.kms.katalon.core.main.TestSuiteExecutor.accessTestCaseMainPhase(TestSuiteExecutor.java:191)
	at com.kms.katalon.core.main.TestSuiteExecutor.accessTestSuiteMainPhase(TestSuiteExecutor.java:141)
	at com.kms.katalon.core.main.TestSuiteExecutor.execute(TestSuiteExecutor.java:90)
	at com.kms.katalon.core.main.TestCaseMain.startTestSuite(TestCaseMain.java:157)
	at com.kms.katalon.core.main.TestCaseMain$startTestSuite$0.call(Unknown Source)
	at TempTestSuite1611224754744.run(TempTestSuite1611224754744.groovy:39)


2021-01-21 17:57:03 - [MESSAGE][INFO] - Unable to find the element located by 'By.xpath: //input[@name='j_username']'. Please recheck the objects properties to make sure the desired element is located. 

2021-01-21 17:57:03 - [MESSAGE][WARNING] - [SELF-HEALING] Failed to find element with id 'Object Repository/Page_/input_Username_j_username'. Try using Self-healing.

2021-01-21 17:57:03 - [MESSAGE][INFO] - [SELF-HEALING] Failed Locator: '//input[@id='kCKQn']'.

2021-01-21 17:57:03 - [MESSAGE][INFO] - [SELF-HEALING] Failed Locator: '//div[@id='kCKQk']/input'.

2021-01-21 17:57:03 - [MESSAGE][INFO] - [SELF-HEALING] Failed Locator: '(.//*[normalize-space(text()) and normalize-space(.)='Username'])[1]/following::input[1]'.

2021-01-21 17:57:03 - [MESSAGE][INFO] - [SELF-HEALING] Failed Locator: '(.//*[normalize-space(text()) and normalize-space(.)='Login with your LDAP (Windows)'])[1]/following::input[1]'.

2021-01-21 17:57:03 - [MESSAGE][INFO] - [SELF-HEALING] Failed Locator: '(.//*[normalize-space(text()) and normalize-space(.)='Password'])[1]/preceding::input[1]'.

2021-01-21 17:57:03 - [MESSAGE][INFO] - [SELF-HEALING] Failed Locator: '(.//*[normalize-space(text()) and normalize-space(.)='Login'])[1]/preceding::input[2]'.

2021-01-21 17:57:03 - [MESSAGE][INFO] - [SELF-HEALING] Failed Locator: '//input'.

2021-01-21 17:57:03 - [MESSAGE][INFO] - [SELF-HEALING] Failed Locator: '//input[@id='gUxPn']'.

2021-01-21 17:57:03 - [MESSAGE][INFO] - [SELF-HEALING] Failed Locator: '//div[@id='gUxPk']/input'.

2021-01-21 17:57:03 - [MESSAGE][INFO] - [SELF-HEALING] Failed Locator: '//input[@id='wUTCn']'.

2021-01-21 17:57:03 - [MESSAGE][INFO] - [SELF-HEALING] Failed Locator: '//div[@id='wUTCk']/input'.

2021-01-21 17:57:03 - [MESSAGE][INFO] - [SELF-HEALING] Failed Locator: '//input[@id='n17Qn']'.

2021-01-21 17:57:03 - [MESSAGE][INFO] - [SELF-HEALING] Failed Locator: '//div[@id='n17Qk']/input'.

2021-01-21 17:57:03 - [MESSAGE][INFO] - [SELF-HEALING] Failed Locator: '//input[@id='kCKQn']'.

2021-01-21 17:57:03 - [MESSAGE][INFO] - [SELF-HEALING] Failed Locator: '//div[@id='kCKQk']/input'.

2021-01-21 17:57:03 - [MESSAGE][INFO] - [SELF-HEALING] Failed Locator: '(.//*[normalize-space(text()) and normalize-space(.)='Username'])[1]/following::input[1]'.

2021-01-21 17:57:03 - [MESSAGE][INFO] - [SELF-HEALING] Failed Locator: '(.//*[normalize-space(text()) and normalize-space(.)='Login with your LDAP (Windows)'])[1]/following::input[1]'.

2021-01-21 17:57:03 - [MESSAGE][INFO] - [SELF-HEALING] Failed Locator: '(.//*[normalize-space(text()) and normalize-space(.)='Password'])[1]/preceding::input[1]'.

2021-01-21 17:57:03 - [MESSAGE][INFO] - [SELF-HEALING] Failed Locator: '(.//*[normalize-space(text()) and normalize-space(.)='Login'])[1]/preceding::input[2]'.

2021-01-21 17:57:03 - [MESSAGE][INFO] - [SELF-HEALING] Failed Locator: '//input'.

2021-01-21 17:57:03 - [MESSAGE][INFO] - [SELF-HEALING] Failed Locator: '//input[@id='gUxPn']'.

2021-01-21 17:57:03 - [MESSAGE][INFO] - [SELF-HEALING] Failed Locator: '//div[@id='gUxPk']/input'.

2021-01-21 17:57:03 - [MESSAGE][INFO] - [SELF-HEALING] Failed Locator: '//input[@id='wUTCn']'.

2021-01-21 17:57:03 - [MESSAGE][INFO] - [SELF-HEALING] Failed Locator: '//div[@id='wUTCk']/input'.

2021-01-21 17:57:03 - [MESSAGE][INFO] - [SELF-HEALING] Failed Locator: '//input[@id='n17Qn']'.

2021-01-21 17:57:03 - [MESSAGE][INFO] - [SELF-HEALING] Failed Locator: '//div[@id='n17Qk']/input'.

2021-01-21 17:57:03 - [MESSAGE][INFO] - [SELF-HEALING] Failed Locator: '//input[@id='kCKQn']'.

2021-01-21 17:57:03 - [MESSAGE][INFO] - [SELF-HEALING] Failed Locator: '//div[@id='kCKQk']/input'.

2021-01-21 17:57:03 - [MESSAGE][INFO] - [SELF-HEALING] Failed Locator: '(.//*[normalize-space(text()) and normalize-space(.)='Username'])[1]/following::input[1]'.

2021-01-21 17:57:03 - [MESSAGE][INFO] - [SELF-HEALING] Failed Locator: '(.//*[normalize-space(text()) and normalize-space(.)='Login with your LDAP (Windows)'])[1]/following::input[1]'.

2021-01-21 17:57:03 - [MESSAGE][INFO] - [SELF-HEALING] Failed Locator: '(.//*[normalize-space(text()) and normalize-space(.)='Password'])[1]/preceding::input[1]'.

2021-01-21 17:57:03 - [MESSAGE][INFO] - [SELF-HEALING] Failed Locator: '(.//*[normalize-space(text()) and normalize-space(.)='Login'])[1]/preceding::input[2]'.

2021-01-21 17:57:03 - [MESSAGE][INFO] - [SELF-HEALING] Failed Locator: '//input'.

2021-01-21 17:57:03 - [MESSAGE][INFO] - [SELF-HEALING] Failed Locator: '//input[@id='gUxPn']'.

2021-01-21 17:57:03 - [MESSAGE][INFO] - [SELF-HEALING] Failed Locator: '//div[@id='gUxPk']/input'.

2021-01-21 17:57:03 - [MESSAGE][INFO] - [SELF-HEALING] Failed Locator: '//input[@id='wUTCn']'.

2021-01-21 17:57:03 - [MESSAGE][INFO] - [SELF-HEALING] Failed Locator: '//div[@id='wUTCk']/input'.

2021-01-21 17:57:03 - [MESSAGE][INFO] - [SELF-HEALING] Failed Locator: '//input[@id='n17Qn']'.

2021-01-21 17:57:03 - [MESSAGE][INFO] - [SELF-HEALING] Failed Locator: '//div[@id='n17Qk']/input'.

2021-01-21 17:57:03 - [MESSAGE][INFO] - [SELF-HEALING] Failed Locator: '//input[@id='kCKQn']'.

2021-01-21 17:57:03 - [MESSAGE][INFO] - [SELF-HEALING] Failed Locator: '//div[@id='kCKQk']/input'.

2021-01-21 17:57:03 - [MESSAGE][INFO] - [SELF-HEALING] Failed Locator: '(.//*[normalize-space(text()) and normalize-space(.)='Username'])[1]/following::input[1]'.

2021-01-21 17:57:03 - [MESSAGE][INFO] - [SELF-HEALING] Failed Locator: '(.//*[normalize-space(text()) and normalize-space(.)='Login with your LDAP (Windows)'])[1]/following::input[1]'.

2021-01-21 17:57:03 - [MESSAGE][INFO] - [SELF-HEALING] Failed Locator: '(.//*[normalize-space(text()) and normalize-space(.)='Password'])[1]/preceding::input[1]'.

2021-01-21 17:57:03 - [MESSAGE][INFO] - [SELF-HEALING] Failed Locator: '(.//*[normalize-space(text()) and normalize-space(.)='Login'])[1]/preceding::input[2]'.

2021-01-21 17:57:03 - [MESSAGE][INFO] - [SELF-HEALING] Failed Locator: '//input'.

2021-01-21 17:57:03 - [MESSAGE][INFO] - [SELF-HEALING] Failed Locator: '//input[@id='gUxPn']'.

2021-01-21 17:57:03 - [MESSAGE][INFO] - [SELF-HEALING] Failed Locator: '//div[@id='gUxPk']/input'.

2021-01-21 17:57:03 - [MESSAGE][INFO] - [SELF-HEALING] Failed Locator: '//input[@id='wUTCn']'.

2021-01-21 17:57:03 - [MESSAGE][INFO] - [SELF-HEALING] Failed Locator: '//div[@id='wUTCk']/input'.

2021-01-21 17:57:03 - [MESSAGE][INFO] - [SELF-HEALING] Failed Locator: '//input[@id='n17Qn']'.

2021-01-21 17:57:03 - [MESSAGE][INFO] - [SELF-HEALING] Failed Locator: '//div[@id='n17Qk']/input'.

2021-01-21 17:57:03 - [MESSAGE][INFO] - [SELF-HEALING] Failed Locator: '//input[@id='kCKQn']'.

2021-01-21 17:57:03 - [MESSAGE][INFO] - [SELF-HEALING] Failed Locator: '//div[@id='kCKQk']/input'.

2021-01-21 17:57:03 - [MESSAGE][INFO] - [SELF-HEALING] Failed Locator: '(.//*[normalize-space(text()) and normalize-space(.)='Username'])[1]/following::input[1]'.

2021-01-21 17:57:03 - [MESSAGE][INFO] - [SELF-HEALING] Failed Locator: '(.//*[normalize-space(text()) and normalize-space(.)='Login with your LDAP (Windows)'])[1]/following::input[1]'.

2021-01-21 17:57:03 - [MESSAGE][INFO] - [SELF-HEALING] Failed Locator: '(.//*[normalize-space(text()) and normalize-space(.)='Password'])[1]/preceding::input[1]'.

2021-01-21 17:57:03 - [MESSAGE][INFO] - [SELF-HEALING] Failed Locator: '(.//*[normalize-space(text()) and normalize-space(.)='Login'])[1]/preceding::input[2]'.

2021-01-21 17:57:03 - [MESSAGE][INFO] - [SELF-HEALING] Failed Locator: '//input'.

2021-01-21 17:57:03 - [MESSAGE][INFO] - [SELF-HEALING] Failed Locator: '//input[@id='gUxPn']'.

2021-01-21 17:57:03 - [MESSAGE][INFO] - [SELF-HEALING] Failed Locator: '//div[@id='gUxPk']/input'.

2021-01-21 17:57:03 - [MESSAGE][INFO] - [SELF-HEALING] Failed Locator: '//input[@id='wUTCn']'.

2021-01-21 17:57:03 - [MESSAGE][INFO] - [SELF-HEALING] Failed Locator: '//div[@id='wUTCk']/input'.

2021-01-21 17:57:03 - [MESSAGE][INFO] - [SELF-HEALING] Failed Locator: '//input[@id='n17Qn']'.

2021-01-21 17:57:03 - [MESSAGE][INFO] - [SELF-HEALING] Failed Locator: '//div[@id='n17Qk']/input'.

2021-01-21 17:57:03 - [MESSAGE][INFO] - [SELF-HEALING] Failed Locator: '//input[@id='kCKQn']'.

2021-01-21 17:57:04 - [MESSAGE][INFO] - [SELF-HEALING] Failed Locator: '//div[@id='kCKQk']/input'.

2021-01-21 17:57:04 - [MESSAGE][INFO] - [SELF-HEALING] Failed Locator: '(.//*[normalize-space(text()) and normalize-space(.)='Username'])[1]/following::input[1]'.

2021-01-21 17:57:04 - [MESSAGE][INFO] - [SELF-HEALING] Failed Locator: '(.//*[normalize-space(text()) and normalize-space(.)='Login with your LDAP (Windows)'])[1]/following::input[1]'.

2021-01-21 17:57:04 - [MESSAGE][INFO] - [SELF-HEALING] Failed Locator: '(.//*[normalize-space(text()) and normalize-space(.)='Password'])[1]/preceding::input[1]'.

2021-01-21 17:57:04 - [MESSAGE][INFO] - [SELF-HEALING] Failed Locator: '(.//*[normalize-space(text()) and normalize-space(.)='Login'])[1]/preceding::input[2]'.

2021-01-21 17:57:04 - [MESSAGE][INFO] - [SELF-HEALING] Failed Locator: '//input'.

2021-01-21 17:57:04 - [MESSAGE][INFO] - [SELF-HEALING] Failed Locator: '//input[@id='gUxPn']'.

2021-01-21 17:57:04 - [MESSAGE][INFO] - [SELF-HEALING] Failed Locator: '//div[@id='gUxPk']/input'.

2021-01-21 17:57:04 - [MESSAGE][INFO] - [SELF-HEALING] Failed Locator: '//input[@id='wUTCn']'.

2021-01-21 17:57:04 - [MESSAGE][INFO] - [SELF-HEALING] Failed Locator: '//div[@id='wUTCk']/input'.

2021-01-21 17:57:04 - [MESSAGE][INFO] - [SELF-HEALING] Failed Locator: '//input[@id='n17Qn']'.

2021-01-21 17:57:04 - [MESSAGE][INFO] - [SELF-HEALING] Failed Locator: '//div[@id='n17Qk']/input'.

2021-01-21 17:57:04 - [MESSAGE][INFO] - [SELF-HEALING] Failed Locator: '//input[@id='kCKQn']'.

2021-01-21 17:57:04 - [MESSAGE][INFO] - [SELF-HEALING] Failed Locator: '//div[@id='kCKQk']/input'.

2021-01-21 17:57:04 - [MESSAGE][INFO] - [SELF-HEALING] Failed Locator: '(.//*[normalize-space(text()) and normalize-space(.)='Username'])[1]/following::input[1]'.

2021-01-21 17:57:04 - [MESSAGE][INFO] - [SELF-HEALING] Failed Locator: '(.//*[normalize-space(text()) and normalize-space(.)='Login with your LDAP (Windows)'])[1]/following::input[1]'.

2021-01-21 17:57:04 - [MESSAGE][INFO] - [SELF-HEALING] Failed Locator: '(.//*[normalize-space(text()) and normalize-space(.)='Password'])[1]/preceding::input[1]'.

2021-01-21 17:57:04 - [MESSAGE][INFO] - [SELF-HEALING] Failed Locator: '(.//*[normalize-space(text()) and normalize-space(.)='Login'])[1]/preceding::input[2]'.

2021-01-21 17:57:04 - [MESSAGE][INFO] - [SELF-HEALING] Failed Locator: '//input'.

2021-01-21 17:57:04 - [MESSAGE][INFO] - [SELF-HEALING] Failed Locator: '//input[@id='gUxPn']'.

2021-01-21 17:57:04 - [MESSAGE][INFO] - [SELF-HEALING] Failed Locator: '//div[@id='gUxPk']/input'.

2021-01-21 17:57:04 - [MESSAGE][INFO] - [SELF-HEALING] Failed Locator: '//input[@id='wUTCn']'.

2021-01-21 17:57:04 - [MESSAGE][INFO] - [SELF-HEALING] Failed Locator: '//div[@id='wUTCk']/input'.

2021-01-21 17:57:04 - [MESSAGE][INFO] - [SELF-HEALING] Failed Locator: '//input[@id='n17Qn']'.

2021-01-21 17:57:04 - [MESSAGE][INFO] - [SELF-HEALING] Failed Locator: '//div[@id='n17Qk']/input'.

2021-01-21 17:57:05 - [MESSAGE][INFO] - Unable to find the element located by 'By.xpath: //*[@id = 'kCKQn' and @type = 'text' and @name = 'j_username' and @placeholder = 'User Name']'. Please recheck the objects properties to make sure the desired element is located. 

2021-01-21 17:57:05 - [MESSAGE][FAILED] - Unable to set text 'mobile.test' of object 'Object Repository/Page_/input_Username_j_username' (Root cause: com.kms.katalon.core.exception.StepFailedException: Unable to set text 'mobile.test' of object 'Object Repository/Page_/input_Username_j_username'
	at com.kms.katalon.core.webui.keyword.internal.WebUIKeywordMain.stepFailed(WebUIKeywordMain.groovy:64)
	at com.kms.katalon.core.webui.keyword.internal.WebUIKeywordMain.runKeyword(WebUIKeywordMain.groovy:26)
	at com.kms.katalon.core.webui.keyword.builtin.SetTextKeyword.setText(SetTextKeyword.groovy:66)
	at com.kms.katalon.core.webui.keyword.builtin.SetTextKeyword.execute(SetTextKeyword.groovy:37)
	at com.kms.katalon.core.keyword.internal.KeywordExecutor.executeKeywordForPlatform(KeywordExecutor.groovy:73)
	at com.kms.katalon.core.webui.keyword.WebUiBuiltInKeywords.setText(WebUiBuiltInKeywords.groovy:976)
	at com.kms.katalon.core.webui.keyword.WebUiBuiltInKeywords$setText$1.call(Unknown Source)
	at ist_real.Login_IST.I_want_to_login_to_IST(Login_IST.groovy:133)
	at cucumber.runtime.Utils$1.call(Utils.java:26)
	at cucumber.runtime.Timeout.timeout(Timeout.java:16)
	at cucumber.runtime.Utils.invoke(Utils.java:20)
	at cucumber.runtime.java.JavaStepDefinition.execute(JavaStepDefinition.java:48)
	at cucumber.runtime.PickleStepDefinitionMatch.runStep(PickleStepDefinitionMatch.java:50)
	at cucumber.runner.TestStep.executeStep(TestStep.java:55)
	at cucumber.runner.TestStep.run(TestStep.java:42)
	at cucumber.runner.PickleStepTestStep.run(PickleStepTestStep.java:53)
	at cucumber.runner.TestCase.run(TestCase.java:47)
	at cucumber.runner.Runner.runPickle(Runner.java:44)
	at cucumber.runtime.Runtime.runFeature(Runtime.java:120)
	at cucumber.runtime.Runtime.run(Runtime.java:106)
	at cucumber.api.cli.Main.run(Main.java:35)
	at cucumber.api.cli.Main$run.call(Unknown Source)
	at com.kms.katalon.core.cucumber.keyword.CucumberBuiltinKeywords$_runFeatureFile_closure1.doCall(CucumberBuiltinKeywords.groovy:76)
	at com.kms.katalon.core.cucumber.keyword.CucumberBuiltinKeywords$_runFeatureFile_closure1.doCall(CucumberBuiltinKeywords.groovy)
	at com.kms.katalon.core.keyword.internal.KeywordMain.runKeyword(KeywordMain.groovy:68)
	at com.kms.katalon.core.keyword.internal.KeywordMain$runKeyword.call(Unknown Source)
	at com.kms.katalon.core.cucumber.keyword.CucumberBuiltinKeywords.runFeatureFile(CucumberBuiltinKeywords.groovy:46)
	at com.kms.katalon.core.cucumber.keyword.CucumberBuiltinKeywords$runFeatureFile$0.callStatic(Unknown Source)
	at com.kms.katalon.core.cucumber.keyword.CucumberBuiltinKeywords.runFeatureFile(CucumberBuiltinKeywords.groovy:169)
	at com.kms.katalon.core.cucumber.keyword.CucumberBuiltinKeywords$runFeatureFile.call(Unknown Source)
	at TC_Search_by_STATUS.run(TC_Search_by_STATUS:18)
	at com.kms.katalon.core.main.ScriptEngine.run(ScriptEngine.java:194)
	at com.kms.katalon.core.main.ScriptEngine.runScriptAsRawText(ScriptEngine.java:119)
	at com.kms.katalon.core.main.TestCaseExecutor.runScript(TestCaseExecutor.java:339)
	at com.kms.katalon.core.main.TestCaseExecutor.doExecute(TestCaseExecutor.java:330)
	at com.kms.katalon.core.main.TestCaseExecutor.processExecutionPhase(TestCaseExecutor.java:309)
	at com.kms.katalon.core.main.TestCaseExecutor.accessMainPhase(TestCaseExecutor.java:301)
	at com.kms.katalon.core.main.TestCaseExecutor.execute(TestCaseExecutor.java:235)
	at com.kms.katalon.core.main.TestSuiteExecutor.accessTestCaseMainPhase(TestSuiteExecutor.java:191)
	at com.kms.katalon.core.main.TestSuiteExecutor.accessTestSuiteMainPhase(TestSuiteExecutor.java:141)
	at com.kms.katalon.core.main.TestSuiteExecutor.execute(TestSuiteExecutor.java:90)
	at com.kms.katalon.core.main.TestCaseMain.startTestSuite(TestCaseMain.java:157)
	at com.kms.katalon.core.main.TestCaseMain$startTestSuite$0.call(Unknown Source)
	at TempTestSuite1611224754744.run(TempTestSuite1611224754744.groovy:39)
Caused by: java.lang.IllegalArgumentException: Cannot find elements when the selector is null
	at org.openqa.selenium.By$ByCssSelector.<init>(By.java:422)
	at org.openqa.selenium.By.cssSelector(By.java:116)
	at com.kms.katalon.core.webui.common.WebUiCommonHelper.buildLocator(WebUiCommonHelper.java:515)
	at com.kms.katalon.core.webui.common.WebUiCommonHelper.findElementByNormalMethods(WebUiCommonHelper.java:985)
	at com.kms.katalon.core.webui.common.WebUiCommonHelper.findElementsBySelectedMethod(WebUiCommonHelper.java:890)
	at com.kms.katalon.core.webui.common.WebUiCommonHelper.findElementsWithSelfHealing(WebUiCommonHelper.java:794)
	at com.kms.katalon.core.webui.common.WebUiCommonHelper.findWebElements(WebUiCommonHelper.java:717)
	at com.kms.katalon.core.webui.common.WebUiCommonHelper.findWebElement(WebUiCommonHelper.java:1349)
	at com.kms.katalon.core.webui.keyword.internal.WebUIAbstractKeyword.findWebElement(WebUIAbstractKeyword.groovy:27)
	at com.kms.katalon.core.webui.keyword.internal.WebUIAbstractKeyword.findWebElement(WebUIAbstractKeyword.groovy:26)
	at com.kms.katalon.core.webui.keyword.builtin.SetTextKeyword$_setText_closure1.doCall(SetTextKeyword.groovy:51)
	at com.kms.katalon.core.webui.keyword.builtin.SetTextKeyword$_setText_closure1.call(SetTextKeyword.groovy)
	at com.kms.katalon.core.webui.keyword.internal.WebUIKeywordMain.runKeyword(WebUIKeywordMain.groovy:20)
	at com.kms.katalon.core.webui.keyword.builtin.SetTextKeyword.setText(SetTextKeyword.groovy:66)
	at com.kms.katalon.core.webui.keyword.builtin.SetTextKeyword.execute(SetTextKeyword.groovy:37)
	at com.kms.katalon.core.keyword.internal.KeywordExecutor.executeKeywordForPlatform(KeywordExecutor.groovy:73)
	at com.kms.katalon.core.webui.keyword.WebUiBuiltInKeywords.setText(WebUiBuiltInKeywords.groovy:976)
	at com.kms.katalon.core.webui.keyword.WebUiBuiltInKeywords$setText$1.call(Unknown Source)
	at ist_real.Login_IST.I_want_to_login_to_IST(Login_IST.groovy:133)
	at cucumber.runtime.Utils$1.call(Utils.java:26)
	at cucumber.runtime.Timeout.timeout(Timeout.java:16)
	at cucumber.runtime.Utils.invoke(Utils.java:20)
	at cucumber.runtime.java.JavaStepDefinition.execute(JavaStepDefinition.java:48)
	at cucumber.runtime.PickleStepDefinitionMatch.runStep(PickleStepDefinitionMatch.java:50)
	at cucumber.runner.TestStep.executeStep(TestStep.java:55)
	at cucumber.runner.TestStep.run(TestStep.java:42)
	at cucumber.runner.PickleStepTestStep.run(PickleStepTestStep.java:53)
	at cucumber.runner.TestCase.run(TestCase.java:47)
	at cucumber.runner.Runner.runPickle(Runner.java:44)
	at cucumber.runtime.Runtime.runFeature(Runtime.java:120)
	at cucumber.runtime.Runtime.run(Runtime.java:106)
	at cucumber.api.cli.Main.run(Main.java:35)
	at cucumber.api.cli.Main$run.call(Unknown Source)
	at com.kms.katalon.core.cucumber.keyword.CucumberBuiltinKeywords$_runFeatureFile_closure1.doCall(CucumberBuiltinKeywords.groovy:76)
	at com.kms.katalon.core.cucumber.keyword.CucumberBuiltinKeywords$_runFeatureFile_closure1.doCall(CucumberBuiltinKeywords.groovy)
	at com.kms.katalon.core.keyword.internal.KeywordMain.runKeyword(KeywordMain.groovy:68)
	at com.kms.katalon.core.keyword.internal.KeywordMain$runKeyword.call(Unknown Source)
	at com.kms.katalon.core.cucumber.keyword.CucumberBuiltinKeywords.runFeatureFile(CucumberBuiltinKeywords.groovy:46)
	at com.kms.katalon.core.cucumber.keyword.CucumberBuiltinKeywords$runFeatureFile$0.callStatic(Unknown Source)
	at com.kms.katalon.core.cucumber.keyword.CucumberBuiltinKeywords.runFeatureFile(CucumberBuiltinKeywords.groovy:169)
	at com.kms.katalon.core.cucumber.keyword.CucumberBuiltinKeywords$runFeatureFile.call(Unknown Source)
	at Script1611043905720.run(Script1611043905720.groovy:18)
	... 13 more
)
[[ATTACHMENT|/Users/chaidir.pratama01/Katalon Studio/IST_Automation_Git/Reports/20210121_172548/RTD/TS_Partner_Disbursement/20210121_172554/1611226625266.png]]

2021-01-21 17:57:05 - [MESSAGE][FAILED] - Login IST with valid credentials FAILED.
Reason:
com.kms.katalon.core.exception.StepFailedException: Unable to set text 'mobile.test' of object 'Object Repository/Page_/input_Username_j_username'
	at com.kms.katalon.core.webui.keyword.internal.WebUIKeywordMain.stepFailed(WebUIKeywordMain.groovy:64)
	at com.kms.katalon.core.webui.keyword.internal.WebUIKeywordMain.runKeyword(WebUIKeywordMain.groovy:26)
	at com.kms.katalon.core.webui.keyword.builtin.SetTextKeyword.setText(SetTextKeyword.groovy:66)
	at com.kms.katalon.core.webui.keyword.builtin.SetTextKeyword.execute(SetTextKeyword.groovy:37)
	at com.kms.katalon.core.keyword.internal.KeywordExecutor.executeKeywordForPlatform(KeywordExecutor.groovy:73)
	at com.kms.katalon.core.webui.keyword.WebUiBuiltInKeywords.setText(WebUiBuiltInKeywords.groovy:976)
	at com.kms.katalon.core.webui.keyword.WebUiBuiltInKeywords$setText$1.call(Unknown Source)
	at ist_real.Login_IST.I_want_to_login_to_IST(Login_IST.groovy:133)
	at âœ½.Login IST with valid credentials(/Users/chaidir.pratama01/Katalon Studio/IST_Automation_Git/Include/features/IST_Real/RTD/Partner_Disbursement/Search_by_STATUS.feature:236)
Caused by: java.lang.IllegalArgumentException: Cannot find elements when the selector is null
	at org.openqa.selenium.By$ByCssSelector.<init>(By.java:422)
	at org.openqa.selenium.By.cssSelector(By.java:116)
	at com.kms.katalon.core.webui.common.WebUiCommonHelper.buildLocator(WebUiCommonHelper.java:515)
	at com.kms.katalon.core.webui.common.WebUiCommonHelper.findElementByNormalMethods(WebUiCommonHelper.java:985)
	at com.kms.katalon.core.webui.common.WebUiCommonHelper.findElementsBySelectedMethod(WebUiCommonHelper.java:890)
	at com.kms.katalon.core.webui.common.WebUiCommonHelper.findElementsWithSelfHealing(WebUiCommonHelper.java:794)
	at com.kms.katalon.core.webui.common.WebUiCommonHelper.findWebElements(WebUiCommonHelper.java:717)
	at com.kms.katalon.core.webui.common.WebUiCommonHelper.findWebElement(WebUiCommonHelper.java:1349)
	at com.kms.katalon.core.webui.keyword.internal.WebUIAbstractKeyword.findWebElement(WebUIAbstractKeyword.groovy:27)
	at com.kms.katalon.core.webui.keyword.internal.WebUIAbstractKeyword.findWebElement(WebUIAbstractKeyword.groovy:26)
	at com.kms.katalon.core.webui.keyword.builtin.SetTextKeyword$_setText_closure1.doCall(SetTextKeyword.groovy:51)
	at com.kms.katalon.core.webui.keyword.builtin.SetTextKeyword$_setText_closure1.call(SetTextKeyword.groovy)
	at com.kms.katalon.core.webui.keyword.internal.WebUIKeywordMain.runKeyword(WebUIKeywordMain.groovy:20)
	at com.kms.katalon.core.webui.keyword.builtin.SetTextKeyword.setText(SetTextKeyword.groovy:66)
	at com.kms.katalon.core.webui.keyword.builtin.SetTextKeyword.execute(SetTextKeyword.groovy:37)
	at com.kms.katalon.core.keyword.internal.KeywordExecutor.executeKeywordForPlatform(KeywordExecutor.groovy:73)
	at com.kms.katalon.core.webui.keyword.WebUiBuiltInKeywords.setText(WebUiBuiltInKeywords.groovy:976)
	at com.kms.katalon.core.webui.keyword.WebUiBuiltInKeywords$setText$1.call(Unknown Source)
	at ist_real.Login_IST.I_want_to_login_to_IST(Login_IST.groovy:133)
	at cucumber.runtime.Utils$1.call(Utils.java:26)
	at cucumber.runtime.Timeout.timeout(Timeout.java:16)
	at cucumber.runtime.Utils.invoke(Utils.java:20)
	at cucumber.runtime.java.JavaStepDefinition.execute(JavaStepDefinition.java:48)
	at cucumber.runtime.PickleStepDefinitionMatch.runStep(PickleStepDefinitionMatch.java:50)
	at cucumber.runner.TestStep.executeStep(TestStep.java:55)
	at cucumber.runner.TestStep.run(TestStep.java:42)
	at cucumber.runner.PickleStepTestStep.run(PickleStepTestStep.java:53)
	at cucumber.runner.TestCase.run(TestCase.java:47)
	at cucumber.runner.Runner.runPickle(Runner.java:44)
	at cucumber.runtime.Runtime.runFeature(Runtime.java:120)
	at cucumber.runtime.Runtime.run(Runtime.java:106)
	at cucumber.api.cli.Main.run(Main.java:35)
	at cucumber.api.cli.Main$run.call(Unknown Source)
	at com.kms.katalon.core.cucumber.keyword.CucumberBuiltinKeywords$_runFeatureFile_closure1.doCall(CucumberBuiltinKeywords.groovy:76)
	at com.kms.katalon.core.cucumber.keyword.CucumberBuiltinKeywords$_runFeatureFile_closure1.doCall(CucumberBuiltinKeywords.groovy)
	at com.kms.katalon.core.keyword.internal.KeywordMain.runKeyword(KeywordMain.groovy:68)
	at com.kms.katalon.core.keyword.internal.KeywordMain$runKeyword.call(Unknown Source)
	at com.kms.katalon.core.cucumber.keyword.CucumberBuiltinKeywords.runFeatureFile(CucumberBuiltinKeywords.groovy:46)
	at com.kms.katalon.core.cucumber.keyword.CucumberBuiltinKeywords$runFeatureFile$0.callStatic(Unknown Source)
	at com.kms.katalon.core.cucumber.keyword.CucumberBuiltinKeywords.runFeatureFile(CucumberBuiltinKeywords.groovy:169)
	at com.kms.katalon.core.cucumber.keyword.CucumberBuiltinKeywords$runFeatureFile.call(Unknown Source)
	at TC_Search_by_STATUS.run(TC_Search_by_STATUS:18)
	at com.kms.katalon.core.main.ScriptEngine.run(ScriptEngine.java:194)
	at com.kms.katalon.core.main.ScriptEngine.runScriptAsRawText(ScriptEngine.java:119)
	at com.kms.katalon.core.main.TestCaseExecutor.runScript(TestCaseExecutor.java:339)
	at com.kms.katalon.core.main.TestCaseExecutor.doExecute(TestCaseExecutor.java:330)
	at com.kms.katalon.core.main.TestCaseExecutor.processExecutionPhase(TestCaseExecutor.java:309)
	at com.kms.katalon.core.main.TestCaseExecutor.accessMainPhase(TestCaseExecutor.java:301)
	at com.kms.katalon.core.main.TestCaseExecutor.execute(TestCaseExecutor.java:235)
	at com.kms.katalon.core.main.TestSuiteExecutor.accessTestCaseMainPhase(TestSuiteExecutor.java:191)
	at com.kms.katalon.core.main.TestSuiteExecutor.accessTestSuiteMainPhase(TestSuiteExecutor.java:141)
	at com.kms.katalon.core.main.TestSuiteExecutor.execute(TestSuiteExecutor.java:90)
	at com.kms.katalon.core.main.TestCaseMain.startTestSuite(TestCaseMain.java:157)
	at com.kms.katalon.core.main.TestCaseMain$startTestSuite$0.call(Unknown Source)
	at TempTestSuite1611224754744.run(TempTestSuite1611224754744.groovy:39)


2021-01-21 17:57:05 - [TEST_STEP][NOT_RUN] - Login Success: Login Success

2021-01-21 17:57:05 - [MESSAGE][NOT_RUN] - Login Success

2021-01-21 17:57:05 - [TEST_STEP][NOT_RUN] - Select Arrow Menu "Real Time Disbursement": Select Arrow Menu "Real Time Disbursement"

2021-01-21 17:57:05 - [MESSAGE][NOT_RUN] - Select Arrow Menu "Real Time Disbursement"

2021-01-21 17:57:05 - [TEST_STEP][NOT_RUN] - Select Menu "Partner Disbursement": Select Menu "Partner Disbursement"

2021-01-21 17:57:05 - [MESSAGE][NOT_RUN] - Select Menu "Partner Disbursement"

2021-01-21 17:57:05 - [TEST_STEP][NOT_RUN] - Select STATUS "Hold Payment Insufficient Fund": Select STATUS "Hold Payment Insufficient Fund"

2021-01-21 17:57:05 - [MESSAGE][NOT_RUN] - Select STATUS "Hold Payment Insufficient Fund"

2021-01-21 17:57:05 - [TEST_STEP][NOT_RUN] - Click button "Search": Click button "Search"

2021-01-21 17:57:05 - [MESSAGE][NOT_RUN] - Click button "Search"

2021-01-21 17:57:05 - [TEST_STEP][NOT_RUN] - Verify Search Result Presents: Verify Search Result Presents

2021-01-21 17:57:05 - [MESSAGE][NOT_RUN] - Verify Search Result Presents

2021-01-21 17:57:05 - [TEST_STEP][NOT_RUN] - Click button "Logout": Click button "Logout"

2021-01-21 17:57:05 - [MESSAGE][NOT_RUN] - Click button "Logout"

2021-01-21 17:57:05 - [TEST_STEP][NOT_RUN] - Close browser: Close browser

2021-01-21 17:57:05 - [MESSAGE][NOT_RUN] - Close browser

2021-01-21 17:57:05 - [MESSAGE][FAILED] - Feature file 'Include/features/IST_Real/RTD/Partner_Disbursement/Search_by_STATUS.feature' was failed

2021-01-21 17:57:05 - [MESSAGE][FAILED] - Keyword runFeatureFile was failed (Root cause: com.kms.katalon.core.exception.StepFailedException: Feature file 'Include/features/IST_Real/RTD/Partner_Disbursement/Search_by_STATUS.feature' was failed
	at com.kms.katalon.core.keyword.internal.KeywordMain.stepFailed(KeywordMain.groovy:50)
	at com.kms.katalon.core.keyword.internal.KeywordMain.stepFailed(KeywordMain.groovy)
	at com.kms.katalon.core.keyword.internal.KeywordMain.stepFailed(KeywordMain.groovy:23)
	at com.kms.katalon.core.keyword.internal.KeywordMain$stepFailed$0.call(Unknown Source)
	at com.kms.katalon.core.cucumber.keyword.CucumberBuiltinKeywords$_runFeatureFile_closure1.doCall(CucumberBuiltinKeywords.groovy:82)
	at com.kms.katalon.core.cucumber.keyword.CucumberBuiltinKeywords$_runFeatureFile_closure1.doCall(CucumberBuiltinKeywords.groovy)
	at com.kms.katalon.core.keyword.internal.KeywordMain.runKeyword(KeywordMain.groovy:68)
	at com.kms.katalon.core.keyword.internal.KeywordMain$runKeyword.call(Unknown Source)
	at com.kms.katalon.core.cucumber.keyword.CucumberBuiltinKeywords.runFeatureFile(CucumberBuiltinKeywords.groovy:46)
	at com.kms.katalon.core.cucumber.keyword.CucumberBuiltinKeywords$runFeatureFile$0.callStatic(Unknown Source)
	at com.kms.katalon.core.cucumber.keyword.CucumberBuiltinKeywords.runFeatureFile(CucumberBuiltinKeywords.groovy:169)
	at com.kms.katalon.core.cucumber.keyword.CucumberBuiltinKeywords$runFeatureFile.call(Unknown Source)
	at TC_Search_by_STATUS.run(TC_Search_by_STATUS:18)
	at com.kms.katalon.core.main.ScriptEngine.run(ScriptEngine.java:194)
	at com.kms.katalon.core.main.ScriptEngine.runScriptAsRawText(ScriptEngine.java:119)
	at com.kms.katalon.core.main.TestCaseExecutor.runScript(TestCaseExecutor.java:339)
	at com.kms.katalon.core.main.TestCaseExecutor.doExecute(TestCaseExecutor.java:330)
	at com.kms.katalon.core.main.TestCaseExecutor.processExecutionPhase(TestCaseExecutor.java:309)
	at com.kms.katalon.core.main.TestCaseExecutor.accessMainPhase(TestCaseExecutor.java:301)
	at com.kms.katalon.core.main.TestCaseExecutor.execute(TestCaseExecutor.java:235)
	at com.kms.katalon.core.main.TestSuiteExecutor.accessTestCaseMainPhase(TestSuiteExecutor.java:191)
	at com.kms.katalon.core.main.TestSuiteExecutor.accessTestSuiteMainPhase(TestSuiteExecutor.java:141)
	at com.kms.katalon.core.main.TestSuiteExecutor.execute(TestSuiteExecutor.java:90)
	at com.kms.katalon.core.main.TestCaseMain.startTestSuite(TestCaseMain.java:157)
	at com.kms.katalon.core.main.TestCaseMain$startTestSuite$0.call(Unknown Source)
	at TempTestSuite1611224754744.run(TempTestSuite1611224754744.groovy:39)
)]]></system-out>
         <system-err><![CDATA[2021-01-21 17:50:11 - [TEST_CASE][FAILED] - Test Cases/RTD/Partner Disbursement/TC_Search_by_STATUS: Test Cases/RTD/Partner Disbursement/TC_Search_by_STATUS FAILED.
Reason:
com.kms.katalon.core.exception.StepFailedException: Feature file 'Include/features/IST_Real/RTD/Partner_Disbursement/Search_by_STATUS.feature' was failed
	at com.kms.katalon.core.keyword.internal.KeywordMain.stepFailed(KeywordMain.groovy:50)
	at com.kms.katalon.core.keyword.internal.KeywordMain.stepFailed(KeywordMain.groovy)
	at com.kms.katalon.core.keyword.internal.KeywordMain.stepFailed(KeywordMain.groovy:23)
	at com.kms.katalon.core.keyword.internal.KeywordMain$stepFailed$0.call(Unknown Source)
	at com.kms.katalon.core.cucumber.keyword.CucumberBuiltinKeywords$_runFeatureFile_closure1.doCall(CucumberBuiltinKeywords.groovy:82)
	at com.kms.katalon.core.cucumber.keyword.CucumberBuiltinKeywords$_runFeatureFile_closure1.doCall(CucumberBuiltinKeywords.groovy)
	at com.kms.katalon.core.keyword.internal.KeywordMain.runKeyword(KeywordMain.groovy:68)
	at com.kms.katalon.core.keyword.internal.KeywordMain$runKeyword.call(Unknown Source)
	at com.kms.katalon.core.cucumber.keyword.CucumberBuiltinKeywords.runFeatureFile(CucumberBuiltinKeywords.groovy:46)
	at com.kms.katalon.core.cucumber.keyword.CucumberBuiltinKeywords$runFeatureFile$0.callStatic(Unknown Source)
	at com.kms.katalon.core.cucumber.keyword.CucumberBuiltinKeywords.runFeatureFile(CucumberBuiltinKeywords.groovy:169)
	at com.kms.katalon.core.cucumber.keyword.CucumberBuiltinKeywords$runFeatureFile.call(Unknown Source)
	at TC_Search_by_STATUS.run(TC_Search_by_STATUS:18)
	at com.kms.katalon.core.main.ScriptEngine.run(ScriptEngine.java:194)
	at com.kms.katalon.core.main.ScriptEngine.runScriptAsRawText(ScriptEngine.java:119)
	at com.kms.katalon.core.main.TestCaseExecutor.runScript(TestCaseExecutor.java:339)
	at com.kms.katalon.core.main.TestCaseExecutor.doExecute(TestCaseExecutor.java:330)
	at com.kms.katalon.core.main.TestCaseExecutor.processExecutionPhase(TestCaseExecutor.java:309)
	at com.kms.katalon.core.main.TestCaseExecutor.accessMainPhase(TestCaseExecutor.java:301)
	at com.kms.katalon.core.main.TestCaseExecutor.execute(TestCaseExecutor.java:235)
	at com.kms.katalon.core.main.TestSuiteExecutor.accessTestCaseMainPhase(TestSuiteExecutor.java:191)
	at com.kms.katalon.core.main.TestSuiteExecutor.accessTestSuiteMainPhase(TestSuiteExecutor.java:141)
	at com.kms.katalon.core.main.TestSuiteExecutor.execute(TestSuiteExecutor.java:90)
	at com.kms.katalon.core.main.TestCaseMain.startTestSuite(TestCaseMain.java:157)
	at com.kms.katalon.core.main.TestCaseMain$startTestSuite$0.call(Unknown Source)
	at TempTestSuite1611224754744.run(TempTestSuite1611224754744.groovy:39)]]></system-err>
      </testcase>
      <testcase name="Test Cases/RTD/Partner Disbursement/TC_Export_Data" time="9.772" classname="Test Cases/RTD/Partner Disbursement/TC_Export_Data" status="PASSED">
         <system-out><![CDATA[2021-01-21 17:57:05 - [TEST_CASE][PASSED] - Test Cases/RTD/Partner Disbursement/TC_Export_Data: Test Cases/RTD/Partner Disbursement/TC_Export_Data

2021-01-21 17:57:05 - [TEST_STEP][PASSED] - runFeatureFile("Include/features/IST_Real/RTD/Partner_Disbursement/Export_Data.feature"): Feature file: 'Include/features/IST_Real/RTD/Partner_Disbursement/Export_Data.feature' was passed

2021-01-21 17:57:05 - [MESSAGE][INFO] - Starting run keyword runFeatureFile: 'Include/features/IST_Real/RTD/Partner_Disbursement/Export_Data.feature' and extract report to folder: '/Users/chaidir.pratama01/Katalon Studio/IST_Automation_Git/Reports/20210121_172548/RTD/TS_Partner_Disbursement/20210121_172554/cucumber_report/1611226625917'...

2021-01-21 17:57:06 - [TEST_CASE][PASSED] - Start Test Case : SCENARIO Export Data: SCENARIO Export Data

2021-01-21 17:57:06 - [TEST_STEP][PASSED] - Go to ISTools: Go to ISTools

2021-01-21 17:57:06 - [MESSAGE][WARNING] - A browser is already opened. Closing browser and opening a new one

2021-01-21 17:57:06 - [MESSAGE][INFO] - Starting 'Chrome (headless)' driver

2021-01-21 17:57:06 - [MESSAGE][INFO] - User set preference: ['args', '[--start-maximized, --disable-gpu, --no-proxy-server, â€“-no-sandbox, --allow-running-insecure-content, --ignore-certificate-errors, window-size=1680,814, force-device-scale-factor=2, --lang=en-GB]']

2021-01-21 17:57:06 - [MESSAGE][INFO] - User set preference: ['prefs', '{download.default_directory=/Users/chaidir.pratama01/Katalon Studio/IST_Automation_Git/Download}']

2021-01-21 17:57:06 - [MESSAGE][INFO] - Action delay is set to 0 milliseconds

2021-01-21 17:57:06 - [MESSAGE][PASSED] - Browser is opened with url: ''

2021-01-21 17:57:07 - [MESSAGE][PASSED] - Navigate to 'https://dev-istools.homecredit.id/foundation/' successfully

2021-01-21 17:57:07 - [MESSAGE][PASSED] - Go to ISTools

2021-01-21 17:57:07 - [TEST_STEP][PASSED] - Login IST with valid credentials: Login IST with valid credentials

2021-01-21 17:57:07 - [MESSAGE][PASSED] - Text 'mobile.test' is set on object 'Object Repository/Page_/input_Username_j_username'

2021-01-21 17:57:07 - [MESSAGE][PASSED] - Text ****** has been set on object 'Object Repository/Page_/input_Password_j_password'

2021-01-21 17:57:07 - [MESSAGE][PASSED] - Object: 'Object Repository/Page_/button_Login' is clicked on

2021-01-21 17:57:07 - [MESSAGE][PASSED] - Login IST with valid credentials

2021-01-21 17:57:07 - [TEST_STEP][PASSED] - Login Success: Login Success

2021-01-21 17:57:07 - [MESSAGE][INFO] - Login Success

2021-01-21 17:57:07 - [MESSAGE][PASSED] - Current window maximized

2021-01-21 17:57:07 - [MESSAGE][PASSED] - Object 'Object Repository/Page_/h1_Welcome to IT Supporting Tools' is present

2021-01-21 17:57:07 - [MESSAGE][PASSED] - Login Success

2021-01-21 17:57:07 - [TEST_STEP][PASSED] - Select Arrow Menu "Real Time Disbursement": Select Arrow Menu "Real Time Disbursement"

2021-01-21 17:57:08 - [MESSAGE][PASSED] - Object: '' is clicked on

2021-01-21 17:57:08 - [MESSAGE][PASSED] - Select Arrow Menu "Real Time Disbursement"

2021-01-21 17:57:08 - [TEST_STEP][PASSED] - Select Menu "Partner Disbursement": Select Menu "Partner Disbursement"

2021-01-21 17:57:08 - [MESSAGE][PASSED] - Taking screenshot successfully
[[ATTACHMENT|/Users/chaidir.pratama01/Documents/Docs/Katalon Studio/Screenshot/test-Partner Disbursement.png]]

2021-01-21 17:57:08 - [MESSAGE][PASSED] - Object '' is present

2021-01-21 17:57:08 - [MESSAGE][PASSED] - Object: '' is clicked on

2021-01-21 17:57:08 - [MESSAGE][PASSED] - Wait for page load successfully

2021-01-21 17:57:08 - [MESSAGE][PASSED] - Select Menu "Partner Disbursement"

2021-01-21 17:57:08 - [TEST_STEP][PASSED] - Input Contract RTD in Contract Number label: Input Contract RTD in Contract Number label

2021-01-21 17:57:08 - [MESSAGE][PASSED] - Text '4000014162' is set on object ''

2021-01-21 17:57:08 - [MESSAGE][PASSED] - Input Contract RTD in Contract Number label

2021-01-21 17:57:08 - [TEST_STEP][PASSED] - Click button "Search": Click button "Search"

2021-01-21 17:57:08 - [MESSAGE][INFO] - >>>>>//Button[contains(text(),'Search')]

2021-01-21 17:57:11 - [MESSAGE][PASSED] - Object '' is present

2021-01-21 17:57:11 - [MESSAGE][PASSED] - Object: '' is clicked on

2021-01-21 17:57:11 - [MESSAGE][PASSED] - Switched to window with index: '0'

2021-01-21 17:57:11 - [MESSAGE][PASSED] - Click button "Search"

2021-01-21 17:57:11 - [TEST_STEP][PASSED] - Verify Table Filled: Verify Table Filled

2021-01-21 17:57:12 - [MESSAGE][PASSED] - Object '' is present

2021-01-21 17:57:12 - [MESSAGE][PASSED] - Verify Table Filled

2021-01-21 17:57:12 - [TEST_STEP][PASSED] - Click button "Export Data": Click button "Export Data"

2021-01-21 17:57:12 - [MESSAGE][INFO] - >>>>>//Button[contains(text(),'Export Data')]

2021-01-21 17:57:15 - [MESSAGE][PASSED] - Object: '' is clicked on

2021-01-21 17:57:15 - [MESSAGE][PASSED] - Taking screenshot successfully
[[ATTACHMENT|/Users/chaidir.pratama01/Documents/Docs/Katalon Studio/Screenshot/Download_data.png]]

2021-01-21 17:57:15 - [MESSAGE][PASSED] - Click button "Export Data"

2021-01-21 17:57:15 - [MESSAGE][PASSED] - Feature file: 'Include/features/IST_Real/RTD/Partner_Disbursement/Export_Data.feature' was passed]]></system-out>
         <system-err><![CDATA[]]></system-err>
      </testcase>
      <testcase name="Test Cases/RTD/Partner Disbursement/TC_Search_by_OrderID" time="7.091" classname="Test Cases/RTD/Partner Disbursement/TC_Search_by_OrderID" status="PASSED">
         <system-out><![CDATA[2021-01-21 17:57:15 - [TEST_CASE][PASSED] - Test Cases/RTD/Partner Disbursement/TC_Search_by_OrderID: Test Cases/RTD/Partner Disbursement/TC_Search_by_OrderID

2021-01-21 17:57:15 - [TEST_STEP][PASSED] - runFeatureFile("Include/features/IST_Real/RTD/Partner_Disbursement/Search_by_OrderID.feature"): Feature file: 'Include/features/IST_Real/RTD/Partner_Disbursement/Search_by_OrderID.feature' was passed

2021-01-21 17:57:15 - [MESSAGE][INFO] - Starting run keyword runFeatureFile: 'Include/features/IST_Real/RTD/Partner_Disbursement/Search_by_OrderID.feature' and extract report to folder: '/Users/chaidir.pratama01/Katalon Studio/IST_Automation_Git/Reports/20210121_172548/RTD/TS_Partner_Disbursement/20210121_172554/cucumber_report/1611226635682'...

2021-01-21 17:57:15 - [TEST_CASE][PASSED] - Start Test Case : SCENARIO Search by Contract Number and it found on Dashboard: SCENARIO Search by Contract Number and it found on Dashboard

2021-01-21 17:57:15 - [TEST_STEP][PASSED] - Go to ISTools: Go to ISTools

2021-01-21 17:57:15 - [MESSAGE][WARNING] - A browser is already opened. Closing browser and opening a new one

2021-01-21 17:57:15 - [MESSAGE][INFO] - Starting 'Chrome (headless)' driver

2021-01-21 17:57:15 - [MESSAGE][INFO] - User set preference: ['args', '[--start-maximized, --disable-gpu, --no-proxy-server, â€“-no-sandbox, --allow-running-insecure-content, --ignore-certificate-errors, window-size=1680,814, force-device-scale-factor=2, --lang=en-GB]']

2021-01-21 17:57:15 - [MESSAGE][INFO] - User set preference: ['prefs', '{download.default_directory=/Users/chaidir.pratama01/Katalon Studio/IST_Automation_Git/Download}']

2021-01-21 17:57:15 - [MESSAGE][INFO] - Action delay is set to 0 milliseconds

2021-01-21 17:57:16 - [MESSAGE][PASSED] - Browser is opened with url: ''

2021-01-21 17:57:16 - [MESSAGE][PASSED] - Navigate to 'https://dev-istools.homecredit.id/foundation/' successfully

2021-01-21 17:57:16 - [MESSAGE][PASSED] - Go to ISTools

2021-01-21 17:57:16 - [TEST_STEP][PASSED] - Login IST with valid credentials: Login IST with valid credentials

2021-01-21 17:57:17 - [MESSAGE][PASSED] - Text 'mobile.test' is set on object 'Object Repository/Page_/input_Username_j_username'

2021-01-21 17:57:17 - [MESSAGE][PASSED] - Text ****** has been set on object 'Object Repository/Page_/input_Password_j_password'

2021-01-21 17:57:17 - [MESSAGE][PASSED] - Object: 'Object Repository/Page_/button_Login' is clicked on

2021-01-21 17:57:17 - [MESSAGE][PASSED] - Login IST with valid credentials

2021-01-21 17:57:17 - [TEST_STEP][PASSED] - Login Success: Login Success

2021-01-21 17:57:17 - [MESSAGE][INFO] - Login Success

2021-01-21 17:57:17 - [MESSAGE][PASSED] - Current window maximized

2021-01-21 17:57:17 - [MESSAGE][PASSED] - Object 'Object Repository/Page_/h1_Welcome to IT Supporting Tools' is present

2021-01-21 17:57:17 - [MESSAGE][PASSED] - Login Success

2021-01-21 17:57:17 - [TEST_STEP][PASSED] - Select Arrow Menu "Real Time Disbursement": Select Arrow Menu "Real Time Disbursement"

2021-01-21 17:57:17 - [MESSAGE][PASSED] - Object: '' is clicked on

2021-01-21 17:57:17 - [MESSAGE][PASSED] - Select Arrow Menu "Real Time Disbursement"

2021-01-21 17:57:17 - [TEST_STEP][PASSED] - Select Menu "Partner Disbursement": Select Menu "Partner Disbursement"

2021-01-21 17:57:18 - [MESSAGE][PASSED] - Taking screenshot successfully
[[ATTACHMENT|/Users/chaidir.pratama01/Documents/Docs/Katalon Studio/Screenshot/test-Partner Disbursement.png]]

2021-01-21 17:57:18 - [MESSAGE][PASSED] - Object '' is present

2021-01-21 17:57:18 - [MESSAGE][PASSED] - Object: '' is clicked on

2021-01-21 17:57:18 - [MESSAGE][PASSED] - Wait for page load successfully

2021-01-21 17:57:18 - [MESSAGE][PASSED] - Select Menu "Partner Disbursement"

2021-01-21 17:57:18 - [TEST_STEP][PASSED] - Input "Order ID" for "Partner Disbursement": Input "Order ID" for "Partner Disbursement"

2021-01-21 17:57:18 - [MESSAGE][PASSED] - Text '10037914991' is set on object ''

2021-01-21 17:57:18 - [MESSAGE][PASSED] - Input "Order ID" for "Partner Disbursement"

2021-01-21 17:57:18 - [TEST_STEP][PASSED] - Click button "Search": Click button "Search"

2021-01-21 17:57:18 - [MESSAGE][INFO] - >>>>>//Button[contains(text(),'Search')]

2021-01-21 17:57:21 - [MESSAGE][PASSED] - Object '' is present

2021-01-21 17:57:21 - [MESSAGE][PASSED] - Object: '' is clicked on

2021-01-21 17:57:21 - [MESSAGE][PASSED] - Switched to window with index: '0'

2021-01-21 17:57:21 - [MESSAGE][PASSED] - Click button "Search"

2021-01-21 17:57:21 - [TEST_STEP][PASSED] - Verify Search Result Presents: Verify Search Result Presents

2021-01-21 17:57:21 - [MESSAGE][PASSED] - Object '' is present

2021-01-21 17:57:22 - [MESSAGE][PASSED] - Verify Search Result Presents

2021-01-21 17:57:22 - [MESSAGE][PASSED] - Feature file: 'Include/features/IST_Real/RTD/Partner_Disbursement/Search_by_OrderID.feature' was passed]]></system-out>
         <system-err><![CDATA[]]></system-err>
      </testcase>
      <testcase name="Test Cases/RTD/Partner Disbursement/TC_Search_by_Contract_Number" time="6.953" classname="Test Cases/RTD/Partner Disbursement/TC_Search_by_Contract_Number" status="PASSED">
         <system-out><![CDATA[2021-01-21 17:57:22 - [TEST_CASE][PASSED] - Test Cases/RTD/Partner Disbursement/TC_Search_by_Contract_Number: Test Cases/RTD/Partner Disbursement/TC_Search_by_Contract_Number

2021-01-21 17:57:22 - [TEST_STEP][PASSED] - runFeatureFile("Include/features/IST_Real/RTD/Partner_Disbursement/Search_by_Contract_Number.feature"): Feature file: 'Include/features/IST_Real/RTD/Partner_Disbursement/Search_by_Contract_Number.feature' was passed

2021-01-21 17:57:22 - [MESSAGE][INFO] - Starting run keyword runFeatureFile: 'Include/features/IST_Real/RTD/Partner_Disbursement/Search_by_Contract_Number.feature' and extract report to folder: '/Users/chaidir.pratama01/Katalon Studio/IST_Automation_Git/Reports/20210121_172548/RTD/TS_Partner_Disbursement/20210121_172554/cucumber_report/1611226642777'...

2021-01-21 17:57:22 - [TEST_CASE][PASSED] - Start Test Case : SCENARIO Search by Contract Number and it found on Dashboard: SCENARIO Search by Contract Number and it found on Dashboard

2021-01-21 17:57:22 - [TEST_STEP][PASSED] - Go to ISTools: Go to ISTools

2021-01-21 17:57:22 - [MESSAGE][WARNING] - A browser is already opened. Closing browser and opening a new one

2021-01-21 17:57:22 - [MESSAGE][INFO] - Starting 'Chrome (headless)' driver

2021-01-21 17:57:22 - [MESSAGE][INFO] - User set preference: ['args', '[--start-maximized, --disable-gpu, --no-proxy-server, â€“-no-sandbox, --allow-running-insecure-content, --ignore-certificate-errors, window-size=1680,814, force-device-scale-factor=2, --lang=en-GB]']

2021-01-21 17:57:22 - [MESSAGE][INFO] - User set preference: ['prefs', '{download.default_directory=/Users/chaidir.pratama01/Katalon Studio/IST_Automation_Git/Download}']

2021-01-21 17:57:22 - [MESSAGE][INFO] - Action delay is set to 0 milliseconds

2021-01-21 17:57:23 - [MESSAGE][PASSED] - Browser is opened with url: ''

2021-01-21 17:57:24 - [MESSAGE][PASSED] - Navigate to 'https://dev-istools.homecredit.id/foundation/' successfully

2021-01-21 17:57:24 - [MESSAGE][PASSED] - Go to ISTools

2021-01-21 17:57:24 - [TEST_STEP][PASSED] - Login IST with valid credentials: Login IST with valid credentials

2021-01-21 17:57:24 - [MESSAGE][PASSED] - Text 'mobile.test' is set on object 'Object Repository/Page_/input_Username_j_username'

2021-01-21 17:57:24 - [MESSAGE][PASSED] - Text ****** has been set on object 'Object Repository/Page_/input_Password_j_password'

2021-01-21 17:57:24 - [MESSAGE][PASSED] - Object: 'Object Repository/Page_/button_Login' is clicked on

2021-01-21 17:57:24 - [MESSAGE][PASSED] - Login IST with valid credentials

2021-01-21 17:57:24 - [TEST_STEP][PASSED] - Login Success: Login Success

2021-01-21 17:57:24 - [MESSAGE][INFO] - Login Success

2021-01-21 17:57:24 - [MESSAGE][PASSED] - Current window maximized

2021-01-21 17:57:24 - [MESSAGE][PASSED] - Object 'Object Repository/Page_/h1_Welcome to IT Supporting Tools' is present

2021-01-21 17:57:24 - [MESSAGE][PASSED] - Login Success

2021-01-21 17:57:24 - [TEST_STEP][PASSED] - Select Arrow Menu "Real Time Disbursement": Select Arrow Menu "Real Time Disbursement"

2021-01-21 17:57:24 - [MESSAGE][PASSED] - Object: '' is clicked on

2021-01-21 17:57:24 - [MESSAGE][PASSED] - Select Arrow Menu "Real Time Disbursement"

2021-01-21 17:57:24 - [TEST_STEP][PASSED] - Select Menu "Partner Disbursement": Select Menu "Partner Disbursement"

2021-01-21 17:57:25 - [MESSAGE][PASSED] - Taking screenshot successfully
[[ATTACHMENT|/Users/chaidir.pratama01/Documents/Docs/Katalon Studio/Screenshot/test-Partner Disbursement.png]]

2021-01-21 17:57:25 - [MESSAGE][PASSED] - Object '' is present

2021-01-21 17:57:25 - [MESSAGE][PASSED] - Object: '' is clicked on

2021-01-21 17:57:25 - [MESSAGE][PASSED] - Wait for page load successfully

2021-01-21 17:57:25 - [MESSAGE][PASSED] - Select Menu "Partner Disbursement"

2021-01-21 17:57:25 - [TEST_STEP][PASSED] - Input Contract RTD in Contract Number label: Input Contract RTD in Contract Number label

2021-01-21 17:57:25 - [MESSAGE][PASSED] - Text '4000014162' is set on object ''

2021-01-21 17:57:25 - [MESSAGE][PASSED] - Input Contract RTD in Contract Number label

2021-01-21 17:57:25 - [TEST_STEP][PASSED] - Click button "Search": Click button "Search"

2021-01-21 17:57:25 - [MESSAGE][INFO] - >>>>>//Button[contains(text(),'Search')]

2021-01-21 17:57:28 - [MESSAGE][PASSED] - Object '' is present

2021-01-21 17:57:28 - [MESSAGE][PASSED] - Object: '' is clicked on

2021-01-21 17:57:28 - [MESSAGE][PASSED] - Switched to window with index: '0'

2021-01-21 17:57:28 - [MESSAGE][PASSED] - Click button "Search"

2021-01-21 17:57:28 - [TEST_STEP][PASSED] - Verify Search Result Presents: Verify Search Result Presents

2021-01-21 17:57:28 - [MESSAGE][PASSED] - Object '' is present

2021-01-21 17:57:29 - [MESSAGE][PASSED] - Verify Search Result Presents

2021-01-21 17:57:29 - [MESSAGE][PASSED] - Feature file: 'Include/features/IST_Real/RTD/Partner_Disbursement/Search_by_Contract_Number.feature' was passed]]></system-out>
         <system-err><![CDATA[]]></system-err>
      </testcase>
      <testcase name="Test Cases/RTD/Partner Disbursement/TC_Hold_Payment" time="17.244" classname="Test Cases/RTD/Partner Disbursement/TC_Hold_Payment" status="PASSED">
         <system-out><![CDATA[2021-01-21 17:57:29 - [TEST_CASE][PASSED] - Test Cases/RTD/Partner Disbursement/TC_Hold_Payment: Test Cases/RTD/Partner Disbursement/TC_Hold_Payment

2021-01-21 17:57:29 - [TEST_STEP][PASSED] - runFeatureFile("Include/features/IST_Real/RTD/Partner_Disbursement/Hold_Payment.feature"): Feature file: 'Include/features/IST_Real/RTD/Partner_Disbursement/Hold_Payment.feature' was passed

2021-01-21 17:57:29 - [MESSAGE][INFO] - Starting run keyword runFeatureFile: 'Include/features/IST_Real/RTD/Partner_Disbursement/Hold_Payment.feature' and extract report to folder: '/Users/chaidir.pratama01/Katalon Studio/IST_Automation_Git/Reports/20210121_172548/RTD/TS_Partner_Disbursement/20210121_172554/cucumber_report/1611226649735'...

2021-01-21 17:57:29 - [TEST_CASE][PASSED] - Start Test Case : SCENARIO Hold Payment for Status Eligible to Disburse: SCENARIO Hold Payment for Status Eligible to Disburse

2021-01-21 17:57:29 - [TEST_STEP][PASSED] - Go to ISTools: Go to ISTools

2021-01-21 17:57:29 - [MESSAGE][WARNING] - A browser is already opened. Closing browser and opening a new one

2021-01-21 17:57:29 - [MESSAGE][INFO] - Starting 'Chrome (headless)' driver

2021-01-21 17:57:29 - [MESSAGE][INFO] - User set preference: ['args', '[--start-maximized, --disable-gpu, --no-proxy-server, â€“-no-sandbox, --allow-running-insecure-content, --ignore-certificate-errors, window-size=1680,814, force-device-scale-factor=2, --lang=en-GB]']

2021-01-21 17:57:29 - [MESSAGE][INFO] - User set preference: ['prefs', '{download.default_directory=/Users/chaidir.pratama01/Katalon Studio/IST_Automation_Git/Download}']

2021-01-21 17:57:29 - [MESSAGE][INFO] - Action delay is set to 0 milliseconds

2021-01-21 17:57:30 - [MESSAGE][PASSED] - Browser is opened with url: ''

2021-01-21 17:57:31 - [MESSAGE][PASSED] - Navigate to 'https://dev-istools.homecredit.id/foundation/' successfully

2021-01-21 17:57:31 - [MESSAGE][PASSED] - Go to ISTools

2021-01-21 17:57:31 - [TEST_STEP][PASSED] - Login IST with valid credentials: Login IST with valid credentials

2021-01-21 17:57:31 - [MESSAGE][PASSED] - Text 'mobile.test' is set on object 'Object Repository/Page_/input_Username_j_username'

2021-01-21 17:57:31 - [MESSAGE][PASSED] - Text ****** has been set on object 'Object Repository/Page_/input_Password_j_password'

2021-01-21 17:57:31 - [MESSAGE][PASSED] - Object: 'Object Repository/Page_/button_Login' is clicked on

2021-01-21 17:57:31 - [MESSAGE][PASSED] - Login IST with valid credentials

2021-01-21 17:57:31 - [TEST_STEP][PASSED] - Login Success: Login Success

2021-01-21 17:57:31 - [MESSAGE][INFO] - Login Success

2021-01-21 17:57:31 - [MESSAGE][PASSED] - Current window maximized

2021-01-21 17:57:31 - [MESSAGE][PASSED] - Object 'Object Repository/Page_/h1_Welcome to IT Supporting Tools' is present

2021-01-21 17:57:31 - [MESSAGE][PASSED] - Login Success

2021-01-21 17:57:31 - [TEST_STEP][PASSED] - Select Arrow Menu "Real Time Disbursement": Select Arrow Menu "Real Time Disbursement"

2021-01-21 17:57:31 - [MESSAGE][PASSED] - Object: '' is clicked on

2021-01-21 17:57:31 - [MESSAGE][PASSED] - Select Arrow Menu "Real Time Disbursement"

2021-01-21 17:57:31 - [TEST_STEP][PASSED] - Select Menu "Partner Disbursement": Select Menu "Partner Disbursement"

2021-01-21 17:57:32 - [MESSAGE][PASSED] - Taking screenshot successfully
[[ATTACHMENT|/Users/chaidir.pratama01/Documents/Docs/Katalon Studio/Screenshot/test-Partner Disbursement.png]]

2021-01-21 17:57:32 - [MESSAGE][PASSED] - Object '' is present

2021-01-21 17:57:32 - [MESSAGE][PASSED] - Object: '' is clicked on

2021-01-21 17:57:32 - [MESSAGE][PASSED] - Wait for page load successfully

2021-01-21 17:57:32 - [MESSAGE][PASSED] - Select Menu "Partner Disbursement"

2021-01-21 17:57:32 - [TEST_STEP][PASSED] - Select STATUS "Eligible to disburse": Select STATUS "Eligible to disburse"

2021-01-21 17:57:32 - [MESSAGE][PASSED] - All options with value 'Eligible to disburse' are selected in object ''  using regular expression

2021-01-21 17:57:32 - [MESSAGE][PASSED] - Select STATUS "Eligible to disburse"

2021-01-21 17:57:32 - [TEST_STEP][PASSED] - Click button "Search": Click button "Search"

2021-01-21 17:57:32 - [MESSAGE][INFO] - >>>>>//Button[contains(text(),'Search')]

2021-01-21 17:57:35 - [MESSAGE][PASSED] - Object '' is present

2021-01-21 17:57:35 - [MESSAGE][PASSED] - Object: '' is clicked on

2021-01-21 17:57:35 - [MESSAGE][PASSED] - Switched to window with index: '0'

2021-01-21 17:57:35 - [MESSAGE][PASSED] - Click button "Search"

2021-01-21 17:57:35 - [TEST_STEP][PASSED] - Verify Search Result Presents: Verify Search Result Presents

2021-01-21 17:57:36 - [MESSAGE][PASSED] - Object '' is present

2021-01-21 17:57:36 - [MESSAGE][PASSED] - Verify Search Result Presents

2021-01-21 17:57:36 - [TEST_STEP][PASSED] - Click Checkbox: Click Checkbox

2021-01-21 17:57:36 - [MESSAGE][PASSED] - Object: '' is clicked on

2021-01-21 17:57:36 - [MESSAGE][PASSED] - Click Checkbox

2021-01-21 17:57:36 - [TEST_STEP][PASSED] - Get Checkbox data of Menu "Partner Disbursement" before Hold Payment: Get Checkbox data of Menu "Partner Disbursement" before Hold Payment

2021-01-21 17:57:36 - [MESSAGE][PASSED] - Get Checkbox data of Menu "Partner Disbursement" before Hold Payment

2021-01-21 17:57:36 - [TEST_STEP][PASSED] - Click button "HOLD PAYMENT": Click button "HOLD PAYMENT"

2021-01-21 17:57:36 - [MESSAGE][INFO] - >>>>>//Button[contains(text(),'HOLD PAYMENT')]

2021-01-21 17:57:39 - [MESSAGE][PASSED] - Object '' is present

2021-01-21 17:57:40 - [MESSAGE][PASSED] - Object: '' is clicked on

2021-01-21 17:57:40 - [MESSAGE][PASSED] - Switched to window with index: '0'

2021-01-21 17:57:40 - [MESSAGE][PASSED] - Click button "HOLD PAYMENT"

2021-01-21 17:57:40 - [TEST_STEP][PASSED] - Input reason of Hold Payment: Input reason of Hold Payment

2021-01-21 17:57:40 - [MESSAGE][PASSED] - Switched to window with index: '0'

2021-01-21 17:57:43 - [MESSAGE][PASSED] - Delayed 3 second(s)

2021-01-21 17:57:43 - [MESSAGE][PASSED] - Input reason of Hold Payment

2021-01-21 17:57:43 - [TEST_STEP][PASSED] - Click button "Yes": Click button "Yes"

2021-01-21 17:57:43 - [MESSAGE][INFO] - >>>>>//Button[contains(text(),'Yes')]

2021-01-21 17:57:46 - [MESSAGE][PASSED] - Object '' is present

2021-01-21 17:57:46 - [MESSAGE][PASSED] - Object: '' is clicked on

2021-01-21 17:57:46 - [MESSAGE][PASSED] - Switched to window with index: '0'

2021-01-21 17:57:46 - [MESSAGE][PASSED] - Click button "Yes"

2021-01-21 17:57:46 - [TEST_STEP][PASSED] - Connect to Database RTD: Connect to Database RTD

2021-01-21 17:57:46 - [MESSAGE][PASSED] - Connect to Database RTD

2021-01-21 17:57:46 - [TEST_STEP][PASSED] - Select Hold Contract Number and make sure status is Hold Payment Recreation: Select Hold Contract Number and make sure status is Hold Payment Recreation

2021-01-21 17:57:46 - [MESSAGE][PASSED] - Select Hold Contract Number and make sure status is Hold Payment Recreation

2021-01-21 17:57:46 - [MESSAGE][PASSED] - Feature file: 'Include/features/IST_Real/RTD/Partner_Disbursement/Hold_Payment.feature' was passed]]></system-out>
         <system-err><![CDATA[]]></system-err>
      </testcase>
      <system-out><![CDATA[2021-01-21 17:50:10 - [TEST_SUITE][FAILED] - TS_Partner_Disbursement: Test Cases/RTD/Partner Disbursement/TC_Search_by_STATUS FAILED.
Reason:
com.kms.katalon.core.exception.StepFailedException: Feature file 'Include/features/IST_Real/RTD/Partner_Disbursement/Search_by_STATUS.feature' was failed
	at com.kms.katalon.core.keyword.internal.KeywordMain.stepFailed(KeywordMain.groovy:50)
	at com.kms.katalon.core.keyword.internal.KeywordMain.stepFailed(KeywordMain.groovy)
	at com.kms.katalon.core.keyword.internal.KeywordMain.stepFailed(KeywordMain.groovy:23)
	at com.kms.katalon.core.keyword.internal.KeywordMain$stepFailed$0.call(Unknown Source)
	at com.kms.katalon.core.cucumber.keyword.CucumberBuiltinKeywords$_runFeatureFile_closure1.doCall(CucumberBuiltinKeywords.groovy:82)
	at com.kms.katalon.core.cucumber.keyword.CucumberBuiltinKeywords$_runFeatureFile_closure1.doCall(CucumberBuiltinKeywords.groovy)
	at com.kms.katalon.core.keyword.internal.KeywordMain.runKeyword(KeywordMain.groovy:68)
	at com.kms.katalon.core.keyword.internal.KeywordMain$runKeyword.call(Unknown Source)
	at com.kms.katalon.core.cucumber.keyword.CucumberBuiltinKeywords.runFeatureFile(CucumberBuiltinKeywords.groovy:46)
	at com.kms.katalon.core.cucumber.keyword.CucumberBuiltinKeywords$runFeatureFile$0.callStatic(Unknown Source)
	at com.kms.katalon.core.cucumber.keyword.CucumberBuiltinKeywords.runFeatureFile(CucumberBuiltinKeywords.groovy:169)
	at com.kms.katalon.core.cucumber.keyword.CucumberBuiltinKeywords$runFeatureFile.call(Unknown Source)
	at TC_Search_by_STATUS.run(TC_Search_by_STATUS:18)
	at com.kms.katalon.core.main.ScriptEngine.run(ScriptEngine.java:194)
	at com.kms.katalon.core.main.ScriptEngine.runScriptAsRawText(ScriptEngine.java:119)
	at com.kms.katalon.core.main.TestCaseExecutor.runScript(TestCaseExecutor.java:339)
	at com.kms.katalon.core.main.TestCaseExecutor.doExecute(TestCaseExecutor.java:330)
	at com.kms.katalon.core.main.TestCaseExecutor.processExecutionPhase(TestCaseExecutor.java:309)
	at com.kms.katalon.core.main.TestCaseExecutor.accessMainPhase(TestCaseExecutor.java:301)
	at com.kms.katalon.core.main.TestCaseExecutor.execute(TestCaseExecutor.java:235)
	at com.kms.katalon.core.main.TestSuiteExecutor.accessTestCaseMainPhase(TestSuiteExecutor.java:191)
	at com.kms.katalon.core.main.TestSuiteExecutor.accessTestSuiteMainPhase(TestSuiteExecutor.java:141)
	at com.kms.katalon.core.main.TestSuiteExecutor.execute(TestSuiteExecutor.java:90)
	at com.kms.katalon.core.main.TestCaseMain.startTestSuite(TestCaseMain.java:157)
	at com.kms.katalon.core.main.TestCaseMain$startTestSuite$0.call(Unknown Source)
	at TempTestSuite1611224754744.run(TempTestSuite1611224754744.groovy:39)]]></system-out>
      <system-err><![CDATA[2021-01-21 17:50:10 - [TEST_SUITE][FAILED] - TS_Partner_Disbursement: Test Cases/RTD/Partner Disbursement/TC_Search_by_STATUS FAILED.
Reason:
com.kms.katalon.core.exception.StepFailedException: Feature file 'Include/features/IST_Real/RTD/Partner_Disbursement/Search_by_STATUS.feature' was failed
	at com.kms.katalon.core.keyword.internal.KeywordMain.stepFailed(KeywordMain.groovy:50)
	at com.kms.katalon.core.keyword.internal.KeywordMain.stepFailed(KeywordMain.groovy)
	at com.kms.katalon.core.keyword.internal.KeywordMain.stepFailed(KeywordMain.groovy:23)
	at com.kms.katalon.core.keyword.internal.KeywordMain$stepFailed$0.call(Unknown Source)
	at com.kms.katalon.core.cucumber.keyword.CucumberBuiltinKeywords$_runFeatureFile_closure1.doCall(CucumberBuiltinKeywords.groovy:82)
	at com.kms.katalon.core.cucumber.keyword.CucumberBuiltinKeywords$_runFeatureFile_closure1.doCall(CucumberBuiltinKeywords.groovy)
	at com.kms.katalon.core.keyword.internal.KeywordMain.runKeyword(KeywordMain.groovy:68)
	at com.kms.katalon.core.keyword.internal.KeywordMain$runKeyword.call(Unknown Source)
	at com.kms.katalon.core.cucumber.keyword.CucumberBuiltinKeywords.runFeatureFile(CucumberBuiltinKeywords.groovy:46)
	at com.kms.katalon.core.cucumber.keyword.CucumberBuiltinKeywords$runFeatureFile$0.callStatic(Unknown Source)
	at com.kms.katalon.core.cucumber.keyword.CucumberBuiltinKeywords.runFeatureFile(CucumberBuiltinKeywords.groovy:169)
	at com.kms.katalon.core.cucumber.keyword.CucumberBuiltinKeywords$runFeatureFile.call(Unknown Source)
	at TC_Search_by_STATUS.run(TC_Search_by_STATUS:18)
	at com.kms.katalon.core.main.ScriptEngine.run(ScriptEngine.java:194)
	at com.kms.katalon.core.main.ScriptEngine.runScriptAsRawText(ScriptEngine.java:119)
	at com.kms.katalon.core.main.TestCaseExecutor.runScript(TestCaseExecutor.java:339)
	at com.kms.katalon.core.main.TestCaseExecutor.doExecute(TestCaseExecutor.java:330)
	at com.kms.katalon.core.main.TestCaseExecutor.processExecutionPhase(TestCaseExecutor.java:309)
	at com.kms.katalon.core.main.TestCaseExecutor.accessMainPhase(TestCaseExecutor.java:301)
	at com.kms.katalon.core.main.TestCaseExecutor.execute(TestCaseExecutor.java:235)
	at com.kms.katalon.core.main.TestSuiteExecutor.accessTestCaseMainPhase(TestSuiteExecutor.java:191)
	at com.kms.katalon.core.main.TestSuiteExecutor.accessTestSuiteMainPhase(TestSuiteExecutor.java:141)
	at com.kms.katalon.core.main.TestSuiteExecutor.execute(TestSuiteExecutor.java:90)
	at com.kms.katalon.core.main.TestCaseMain.startTestSuite(TestCaseMain.java:157)
	at com.kms.katalon.core.main.TestCaseMain$startTestSuite$0.call(Unknown Source)
	at TempTestSuite1611224754744.run(TempTestSuite1611224754744.groovy:39)]]></system-err>
   </testsuite>
   <testsuite name="TS_Hold_Payment_Configuration" tests="4" failures="1" errors="0" time="85.04" timestamp="2021-01-21 17:58:47" hostname="chaidir.pratama01 - localhost" id="Test Suites/RTD/TS_Hold_Payment_Configuration">
      <properties>
         <property name="deviceName" value=""/>
         <property name="devicePlatform" value=""/>
         <property name="logFolder" value="/Users/chaidir.pratama01/Katalon Studio/IST_Automation_Git/Reports/20210121_172548/RTD/TS_Hold_Payment_Configuration/20210121_172555"/>
         <property name="logFiles" value="/Users/chaidir.pratama01/Katalon Studio/IST_Automation_Git/Reports/20210121_172548/RTD/TS_Hold_Payment_Configuration/20210121_172555/execution0.log"/>
         <property name="attachments" value="/Users/chaidir.pratama01/Documents/Docs/Katalon Studio/Screenshot/test-Hold Payment Configuration.png, /Users/chaidir.pratama01/Documents/Docs/Katalon Studio/Screenshot/errorpopup.png, /Users/chaidir.pratama01/Documents/Docs/Katalon Studio/Screenshot/test-Hold Payment Configuration.png, /Users/chaidir.pratama01/Documents/Docs/Katalon Studio/Screenshot/errorpopup.png, /Users/chaidir.pratama01/Katalon Studio/IST_Automation_Git/Screenshot/result date.png, /Users/chaidir.pratama01/Documents/Docs/Katalon Studio/Screenshot/test-Hold Payment Configuration.png, /Users/chaidir.pratama01/Documents/Docs/Katalon Studio/Screenshot/errorpopup.png, /Users/chaidir.pratama01/Documents/Docs/Katalon Studio/Screenshot/test-Hold Payment Configuration.png, /Users/chaidir.pratama01/Documents/Docs/Katalon Studio/Screenshot/errorpopup.png, /Users/chaidir.pratama01/Documents/Docs/Katalon Studio/Screenshot/test-Hold Payment Configuration.png"/>
         <property name="hostName" value="chaidir.pratama01 - localhost"/>
         <property name="os" value="Mac OS X 64bit"/>
         <property name="katalonVersion" value="7.6.0.${buildNumber}"/>
         <property name="browser" value="Chrome 87.0.4280.141"/>
         <property name="hostAddress" value="127.0.0.1"/>
         <property name="sessionId" value="69f223e621656d3910688ba4f0e72651"/>
         <property name="seleniumVersion" value="3.141.59"/>
         <property name="proxyInformation" value="ProxyInformation { proxyOption=NO_PROXY, proxyServerType=HTTP, username=, password=********, proxyServerAddress=, proxyServerPort=0, executionList=\&quot;\&quot;, isApplyToDesiredCapabilities=true }"/>
         <property name="platform" value="Mac OS X"/>
      </properties>
      <testcase name="Test Cases/RTD/Hold Payment Configuration/TC_Release_Schedule" time="14.788" classname="Test Cases/RTD/Hold Payment Configuration/TC_Release_Schedule" status="PASSED">
         <system-out><![CDATA[2021-01-21 17:58:47 - [TEST_CASE][PASSED] - Test Cases/RTD/Hold Payment Configuration/TC_Release_Schedule: Test Cases/RTD/Hold Payment Configuration/TC_Release_Schedule

2021-01-21 17:58:47 - [TEST_STEP][PASSED] - runFeatureFile("Include/features/IST_Real/RTD/Hold Payment Configuration/Release_Schedule.feature"): Feature file: 'Include/features/IST_Real/RTD/Hold Payment Configuration/Release_Schedule.feature' was passed

2021-01-21 17:58:47 - [MESSAGE][INFO] - Starting run keyword runFeatureFile: 'Include/features/IST_Real/RTD/Hold Payment Configuration/Release_Schedule.feature' and extract report to folder: '/Users/chaidir.pratama01/Katalon Studio/IST_Automation_Git/Reports/20210121_172548/RTD/TS_Hold_Payment_Configuration/20210121_172555/cucumber_report/1611226727951'...

2021-01-21 17:58:48 - [TEST_CASE][PASSED] - Start Test Case : SCENARIO Release Schedule: SCENARIO Release Schedule

2021-01-21 17:58:48 - [TEST_STEP][PASSED] - Go to ISTools: Go to ISTools

2021-01-21 17:58:48 - [MESSAGE][INFO] - Starting 'Chrome (headless)' driver

2021-01-21 17:58:48 - [MESSAGE][INFO] - User set preference: ['args', '[--start-maximized, --disable-gpu, --no-proxy-server, â€“-no-sandbox, --allow-running-insecure-content, --ignore-certificate-errors, window-size=1680,814, force-device-scale-factor=2, --lang=en-GB]']

2021-01-21 17:58:48 - [MESSAGE][INFO] - User set preference: ['prefs', '{download.default_directory=/Users/chaidir.pratama01/Katalon Studio/IST_Automation_Git/Download}']

2021-01-21 17:58:48 - [MESSAGE][INFO] - Action delay is set to 0 milliseconds

2021-01-21 17:58:49 - [MESSAGE][PASSED] - Browser is opened with url: ''

2021-01-21 17:58:50 - [MESSAGE][PASSED] - Navigate to 'https://dev-istools.homecredit.id/foundation/' successfully

2021-01-21 17:58:50 - [MESSAGE][PASSED] - Go to ISTools

2021-01-21 17:58:50 - [TEST_STEP][PASSED] - Login IST with valid credentials: Login IST with valid credentials

2021-01-21 17:58:51 - [MESSAGE][PASSED] - Text 'mobile.test' is set on object 'Object Repository/Page_/input_Username_j_username'

2021-01-21 17:58:51 - [MESSAGE][PASSED] - Text ****** has been set on object 'Object Repository/Page_/input_Password_j_password'

2021-01-21 17:58:51 - [MESSAGE][PASSED] - Object: 'Object Repository/Page_/button_Login' is clicked on

2021-01-21 17:58:51 - [MESSAGE][PASSED] - Login IST with valid credentials

2021-01-21 17:58:51 - [TEST_STEP][PASSED] - Login Success: Login Success

2021-01-21 17:58:51 - [MESSAGE][INFO] - Login Success

2021-01-21 17:58:51 - [MESSAGE][PASSED] - Current window maximized

2021-01-21 17:58:51 - [MESSAGE][PASSED] - Object 'Object Repository/Page_/h1_Welcome to IT Supporting Tools' is present

2021-01-21 17:58:51 - [MESSAGE][PASSED] - Login Success

2021-01-21 17:58:51 - [TEST_STEP][PASSED] - Select Arrow Menu "Real Time Disbursement": Select Arrow Menu "Real Time Disbursement"

2021-01-21 17:58:51 - [MESSAGE][PASSED] - Object: '' is clicked on

2021-01-21 17:58:51 - [MESSAGE][PASSED] - Select Arrow Menu "Real Time Disbursement"

2021-01-21 17:58:51 - [TEST_STEP][PASSED] - Select Menu "Hold Payment Configuration": Select Menu "Hold Payment Configuration"

2021-01-21 17:58:52 - [MESSAGE][PASSED] - Taking screenshot successfully
[[ATTACHMENT|/Users/chaidir.pratama01/Documents/Docs/Katalon Studio/Screenshot/test-Hold Payment Configuration.png]]

2021-01-21 17:58:52 - [MESSAGE][PASSED] - Object '' is present

2021-01-21 17:58:52 - [MESSAGE][PASSED] - Object: '' is clicked on

2021-01-21 17:58:52 - [MESSAGE][PASSED] - Wait for page load successfully

2021-01-21 17:58:52 - [MESSAGE][PASSED] - Select Menu "Hold Payment Configuration"

2021-01-21 17:58:52 - [TEST_STEP][PASSED] - Click button "Release" and Verify data: Click button "Release" and Verify data

2021-01-21 17:58:55 - [MESSAGE][PASSED] - Delayed 3 second(s)

2021-01-21 17:58:55 - [MESSAGE][PASSED] - Click button "Release" and Verify data

2021-01-21 17:58:55 - [TEST_STEP][PASSED] - Get text from pop up "Confirm" with text "Are you sure want to release this param?": Get text from pop up "Confirm" with text "Are you sure want to release this param?"

2021-01-21 17:58:56 - [MESSAGE][PASSED] - Taking screenshot successfully
[[ATTACHMENT|/Users/chaidir.pratama01/Documents/Docs/Katalon Studio/Screenshot/errorpopup.png]]

2021-01-21 17:58:56 - [MESSAGE][PASSED] - Object '' is present

2021-01-21 17:58:56 - [MESSAGE][PASSED] - Wait for page load successfully

2021-01-21 17:58:56 - [MESSAGE][PASSED] - Wait for page load successfully

2021-01-21 17:58:56 - [MESSAGE][PASSED] - Get text from pop up "Confirm" with text "Are you sure want to release this param?"

2021-01-21 17:58:56 - [TEST_STEP][PASSED] - Click button "Yes": Click button "Yes"

2021-01-21 17:58:56 - [MESSAGE][INFO] - >>>>>//Button[contains(text(),'Yes')]

2021-01-21 17:58:59 - [MESSAGE][PASSED] - Object '' is present

2021-01-21 17:58:59 - [MESSAGE][PASSED] - Object: '' is clicked on

2021-01-21 17:58:59 - [MESSAGE][PASSED] - Switched to window with index: '0'

2021-01-21 17:58:59 - [MESSAGE][PASSED] - Click button "Yes"

2021-01-21 17:58:59 - [TEST_STEP][PASSED] - Verify Data dont Exist: Verify Data dont Exist

2021-01-21 17:59:02 - [MESSAGE][PASSED] - Delayed 3 second(s)

2021-01-21 17:59:02 - [MESSAGE][PASSED] - Web element with id: '' located by 'By.xpath: //tbody/tr/td/div/button[text()='Release']/../../preceding-sibling::td[4]/div/span[text()='25-01-2021']' is not present after '3' second(s)

2021-01-21 17:59:02 - [MESSAGE][PASSED] - Web element with id: '' located by 'By.xpath: //tbody/tr/td/div/button[text()='Release']/../../preceding-sibling::td[3]/div/span[text()='30-01-2021']' is not present after '3' second(s)

2021-01-21 17:59:02 - [MESSAGE][PASSED] - Verify Data dont Exist

2021-01-21 17:59:02 - [MESSAGE][PASSED] - Feature file: 'Include/features/IST_Real/RTD/Hold Payment Configuration/Release_Schedule.feature' was passed]]></system-out>
         <system-err><![CDATA[]]></system-err>
      </testcase>
      <testcase name="Test Cases/RTD/Hold Payment Configuration/TC_Add_New_Schedule" time="22.431" classname="Test Cases/RTD/Hold Payment Configuration/TC_Add_New_Schedule" status="PASSED">
         <system-out><![CDATA[2021-01-21 17:59:02 - [TEST_CASE][PASSED] - Test Cases/RTD/Hold Payment Configuration/TC_Add_New_Schedule: Test Cases/RTD/Hold Payment Configuration/TC_Add_New_Schedule

2021-01-21 17:59:02 - [TEST_STEP][PASSED] - runFeatureFile("Include/features/IST_Real/RTD/Hold Payment Configuration/Add_New_Schedule.feature"): Feature file: 'Include/features/IST_Real/RTD/Hold Payment Configuration/Add_New_Schedule.feature' was passed

2021-01-21 17:59:02 - [MESSAGE][INFO] - Starting run keyword runFeatureFile: 'Include/features/IST_Real/RTD/Hold Payment Configuration/Add_New_Schedule.feature' and extract report to folder: '/Users/chaidir.pratama01/Katalon Studio/IST_Automation_Git/Reports/20210121_172548/RTD/TS_Hold_Payment_Configuration/20210121_172555/cucumber_report/1611226742612'...

2021-01-21 17:59:02 - [TEST_CASE][PASSED] - Start Test Case : SCENARIO Set Schedule for Hold Payment: SCENARIO Set Schedule for Hold Payment

2021-01-21 17:59:02 - [TEST_STEP][PASSED] - Go to ISTools: Go to ISTools

2021-01-21 17:59:02 - [MESSAGE][WARNING] - A browser is already opened. Closing browser and opening a new one

2021-01-21 17:59:02 - [MESSAGE][INFO] - Starting 'Chrome (headless)' driver

2021-01-21 17:59:02 - [MESSAGE][INFO] - User set preference: ['args', '[--start-maximized, --disable-gpu, --no-proxy-server, â€“-no-sandbox, --allow-running-insecure-content, --ignore-certificate-errors, window-size=1680,814, force-device-scale-factor=2, --lang=en-GB]']

2021-01-21 17:59:02 - [MESSAGE][INFO] - User set preference: ['prefs', '{download.default_directory=/Users/chaidir.pratama01/Katalon Studio/IST_Automation_Git/Download}']

2021-01-21 17:59:02 - [MESSAGE][INFO] - Action delay is set to 0 milliseconds

2021-01-21 17:59:03 - [MESSAGE][PASSED] - Browser is opened with url: ''

2021-01-21 17:59:03 - [MESSAGE][PASSED] - Navigate to 'https://dev-istools.homecredit.id/foundation/' successfully

2021-01-21 17:59:03 - [MESSAGE][PASSED] - Go to ISTools

2021-01-21 17:59:03 - [TEST_STEP][PASSED] - Login IST with valid credentials: Login IST with valid credentials

2021-01-21 17:59:04 - [MESSAGE][PASSED] - Text 'mobile.test' is set on object 'Object Repository/Page_/input_Username_j_username'

2021-01-21 17:59:04 - [MESSAGE][PASSED] - Text ****** has been set on object 'Object Repository/Page_/input_Password_j_password'

2021-01-21 17:59:04 - [MESSAGE][PASSED] - Object: 'Object Repository/Page_/button_Login' is clicked on

2021-01-21 17:59:04 - [MESSAGE][PASSED] - Login IST with valid credentials

2021-01-21 17:59:04 - [TEST_STEP][PASSED] - Login Success: Login Success

2021-01-21 17:59:04 - [MESSAGE][INFO] - Login Success

2021-01-21 17:59:04 - [MESSAGE][PASSED] - Current window maximized

2021-01-21 17:59:04 - [MESSAGE][PASSED] - Object 'Object Repository/Page_/h1_Welcome to IT Supporting Tools' is present

2021-01-21 17:59:04 - [MESSAGE][PASSED] - Login Success

2021-01-21 17:59:04 - [TEST_STEP][PASSED] - Select Arrow Menu "Real Time Disbursement": Select Arrow Menu "Real Time Disbursement"

2021-01-21 17:59:04 - [MESSAGE][PASSED] - Object: '' is clicked on

2021-01-21 17:59:04 - [MESSAGE][PASSED] - Select Arrow Menu "Real Time Disbursement"

2021-01-21 17:59:04 - [TEST_STEP][PASSED] - Select Menu "Hold Payment Configuration": Select Menu "Hold Payment Configuration"

2021-01-21 17:59:05 - [MESSAGE][PASSED] - Taking screenshot successfully
[[ATTACHMENT|/Users/chaidir.pratama01/Documents/Docs/Katalon Studio/Screenshot/test-Hold Payment Configuration.png]]

2021-01-21 17:59:05 - [MESSAGE][PASSED] - Object '' is present

2021-01-21 17:59:05 - [MESSAGE][PASSED] - Object: '' is clicked on

2021-01-21 17:59:05 - [MESSAGE][PASSED] - Wait for page load successfully

2021-01-21 17:59:05 - [MESSAGE][PASSED] - Select Menu "Hold Payment Configuration"

2021-01-21 17:59:05 - [TEST_STEP][PASSED] - Input "Start Date Hold Payment" with value "25-01-2021": Input "Start Date Hold Payment" with value "25-01-2021"

2021-01-21 17:59:08 - [MESSAGE][PASSED] - Delayed 3 second(s)

2021-01-21 17:59:08 - [MESSAGE][PASSED] - Input "Start Date Hold Payment" with value "25-01-2021"

2021-01-21 17:59:08 - [TEST_STEP][PASSED] - Input "Release Date" with value "30-01-2021": Input "Release Date" with value "30-01-2021"

2021-01-21 17:59:11 - [MESSAGE][PASSED] - Delayed 3 second(s)

2021-01-21 17:59:11 - [MESSAGE][PASSED] - Input "Release Date" with value "30-01-2021"

2021-01-21 17:59:11 - [TEST_STEP][PASSED] - Click button "Add": Click button "Add"

2021-01-21 17:59:11 - [MESSAGE][INFO] - >>>>>//Button[contains(text(),'Add')]

2021-01-21 17:59:14 - [MESSAGE][PASSED] - Object '' is present

2021-01-21 17:59:14 - [MESSAGE][PASSED] - Object: '' is clicked on

2021-01-21 17:59:14 - [MESSAGE][PASSED] - Switched to window with index: '0'

2021-01-21 17:59:14 - [MESSAGE][PASSED] - Click button "Add"

2021-01-21 17:59:14 - [TEST_STEP][PASSED] - Get text from pop up "Confirm" with text "Add new hold payment config?": Get text from pop up "Confirm" with text "Add new hold payment config?"

2021-01-21 17:59:15 - [MESSAGE][PASSED] - Taking screenshot successfully
[[ATTACHMENT|/Users/chaidir.pratama01/Documents/Docs/Katalon Studio/Screenshot/errorpopup.png]]

2021-01-21 17:59:15 - [MESSAGE][PASSED] - Object '' is present

2021-01-21 17:59:15 - [MESSAGE][PASSED] - Wait for page load successfully

2021-01-21 17:59:15 - [MESSAGE][PASSED] - Wait for page load successfully

2021-01-21 17:59:15 - [MESSAGE][PASSED] - Get text from pop up "Confirm" with text "Add new hold payment config?"

2021-01-21 17:59:15 - [TEST_STEP][PASSED] - Click button "Yes": Click button "Yes"

2021-01-21 17:59:15 - [MESSAGE][INFO] - >>>>>//Button[contains(text(),'Yes')]

2021-01-21 17:59:18 - [MESSAGE][PASSED] - Object '' is present

2021-01-21 17:59:18 - [MESSAGE][PASSED] - Object: '' is clicked on

2021-01-21 17:59:18 - [MESSAGE][PASSED] - Switched to window with index: '0'

2021-01-21 17:59:18 - [MESSAGE][PASSED] - Click button "Yes"

2021-01-21 17:59:18 - [TEST_STEP][PASSED] - Verify Result: Verify Result

2021-01-21 17:59:21 - [MESSAGE][PASSED] - Delayed 3 second(s)

2021-01-21 17:59:21 - [MESSAGE][PASSED] - Taking screenshot successfully
[[ATTACHMENT|/Users/chaidir.pratama01/Katalon Studio/IST_Automation_Git/Screenshot/result date.png]]

2021-01-21 17:59:21 - [MESSAGE][PASSED] - Verify Result

2021-01-21 17:59:21 - [TEST_STEP][PASSED] - Click button "Logout": Click button "Logout"

2021-01-21 17:59:21 - [MESSAGE][INFO] - >>>>>//Button[contains(text(),'Logout')]

2021-01-21 17:59:24 - [MESSAGE][PASSED] - Object '' is present

2021-01-21 17:59:24 - [MESSAGE][PASSED] - Object: '' is clicked on

2021-01-21 17:59:24 - [MESSAGE][PASSED] - Switched to window with index: '0'

2021-01-21 17:59:24 - [MESSAGE][PASSED] - Click button "Logout"

2021-01-21 17:59:24 - [TEST_STEP][PASSED] - Close browser: Close browser

2021-01-21 17:59:24 - [MESSAGE][PASSED] - Browser is closed

2021-01-21 17:59:24 - [MESSAGE][PASSED] - Close browser

2021-01-21 17:59:24 - [MESSAGE][PASSED] - Feature file: 'Include/features/IST_Real/RTD/Hold Payment Configuration/Add_New_Schedule.feature' was passed]]></system-out>
         <system-err><![CDATA[]]></system-err>
      </testcase>
      <testcase name="Test Cases/RTD/Hold Payment Configuration/TC_Date_is_NULL" time="37.508" classname="Test Cases/RTD/Hold Payment Configuration/TC_Date_is_NULL" status="PASSED">
         <system-out><![CDATA[2021-01-21 17:59:24 - [TEST_CASE][PASSED] - Test Cases/RTD/Hold Payment Configuration/TC_Date_is_NULL: Test Cases/RTD/Hold Payment Configuration/TC_Date_is_NULL

2021-01-21 17:59:25 - [TEST_STEP][PASSED] - runFeatureFile("Include/features/IST_Real/RTD/Hold Payment Configuration/Date_is_NULL.feature"): Feature file: 'Include/features/IST_Real/RTD/Hold Payment Configuration/Date_is_NULL.feature' was passed

2021-01-21 17:59:25 - [MESSAGE][INFO] - Starting run keyword runFeatureFile: 'Include/features/IST_Real/RTD/Hold Payment Configuration/Date_is_NULL.feature' and extract report to folder: '/Users/chaidir.pratama01/Katalon Studio/IST_Automation_Git/Reports/20210121_172548/RTD/TS_Hold_Payment_Configuration/20210121_172555/cucumber_report/1611226765028'...

2021-01-21 17:59:25 - [TEST_CASE][PASSED] - Start Test Case : SCENARIO Start Date is Null: SCENARIO Start Date is Null

2021-01-21 17:59:25 - [TEST_STEP][PASSED] - Go to ISTools: Go to ISTools

2021-01-21 17:59:25 - [MESSAGE][INFO] - Starting 'Chrome (headless)' driver

2021-01-21 17:59:25 - [MESSAGE][INFO] - User set preference: ['args', '[--start-maximized, --disable-gpu, --no-proxy-server, â€“-no-sandbox, --allow-running-insecure-content, --ignore-certificate-errors, window-size=1680,814, force-device-scale-factor=2, --lang=en-GB]']

2021-01-21 17:59:25 - [MESSAGE][INFO] - User set preference: ['prefs', '{download.default_directory=/Users/chaidir.pratama01/Katalon Studio/IST_Automation_Git/Download}']

2021-01-21 17:59:25 - [MESSAGE][INFO] - Action delay is set to 0 milliseconds

2021-01-21 17:59:25 - [MESSAGE][PASSED] - Browser is opened with url: ''

2021-01-21 17:59:26 - [MESSAGE][PASSED] - Navigate to 'https://dev-istools.homecredit.id/foundation/' successfully

2021-01-21 17:59:26 - [MESSAGE][PASSED] - Go to ISTools

2021-01-21 17:59:26 - [TEST_STEP][PASSED] - Login IST with valid credentials: Login IST with valid credentials

2021-01-21 17:59:26 - [MESSAGE][PASSED] - Text 'mobile.test' is set on object 'Object Repository/Page_/input_Username_j_username'

2021-01-21 17:59:26 - [MESSAGE][PASSED] - Text ****** has been set on object 'Object Repository/Page_/input_Password_j_password'

2021-01-21 17:59:26 - [MESSAGE][PASSED] - Object: 'Object Repository/Page_/button_Login' is clicked on

2021-01-21 17:59:26 - [MESSAGE][PASSED] - Login IST with valid credentials

2021-01-21 17:59:26 - [TEST_STEP][PASSED] - Login Success: Login Success

2021-01-21 17:59:26 - [MESSAGE][INFO] - Login Success

2021-01-21 17:59:26 - [MESSAGE][PASSED] - Current window maximized

2021-01-21 17:59:26 - [MESSAGE][PASSED] - Object 'Object Repository/Page_/h1_Welcome to IT Supporting Tools' is present

2021-01-21 17:59:26 - [MESSAGE][PASSED] - Login Success

2021-01-21 17:59:26 - [TEST_STEP][PASSED] - Select Arrow Menu "Real Time Disbursement": Select Arrow Menu "Real Time Disbursement"

2021-01-21 17:59:26 - [MESSAGE][PASSED] - Object: '' is clicked on

2021-01-21 17:59:26 - [MESSAGE][PASSED] - Select Arrow Menu "Real Time Disbursement"

2021-01-21 17:59:26 - [TEST_STEP][PASSED] - Select Menu "Hold Payment Configuration": Select Menu "Hold Payment Configuration"

2021-01-21 17:59:27 - [MESSAGE][PASSED] - Taking screenshot successfully
[[ATTACHMENT|/Users/chaidir.pratama01/Documents/Docs/Katalon Studio/Screenshot/test-Hold Payment Configuration.png]]

2021-01-21 17:59:27 - [MESSAGE][PASSED] - Object '' is present

2021-01-21 17:59:27 - [MESSAGE][PASSED] - Object: '' is clicked on

2021-01-21 17:59:27 - [MESSAGE][PASSED] - Wait for page load successfully

2021-01-21 17:59:27 - [MESSAGE][PASSED] - Select Menu "Hold Payment Configuration"

2021-01-21 17:59:27 - [TEST_STEP][PASSED] - Input "Start Date Hold Payment" with value "": Input "Start Date Hold Payment" with value ""

2021-01-21 17:59:30 - [MESSAGE][PASSED] - Delayed 3 second(s)

2021-01-21 17:59:30 - [MESSAGE][PASSED] - Input "Start Date Hold Payment" with value ""

2021-01-21 17:59:30 - [TEST_STEP][PASSED] - Input "Release Date" with value "30-01-2021": Input "Release Date" with value "30-01-2021"

2021-01-21 17:59:33 - [MESSAGE][PASSED] - Delayed 3 second(s)

2021-01-21 17:59:33 - [MESSAGE][PASSED] - Input "Release Date" with value "30-01-2021"

2021-01-21 17:59:33 - [TEST_STEP][PASSED] - Click button "Add": Click button "Add"

2021-01-21 17:59:33 - [MESSAGE][INFO] - >>>>>//Button[contains(text(),'Add')]

2021-01-21 17:59:36 - [MESSAGE][PASSED] - Object '' is present

2021-01-21 17:59:36 - [MESSAGE][PASSED] - Object: '' is clicked on

2021-01-21 17:59:36 - [MESSAGE][PASSED] - Switched to window with index: '0'

2021-01-21 17:59:36 - [MESSAGE][PASSED] - Click button "Add"

2021-01-21 17:59:36 - [TEST_STEP][PASSED] - Get text from pop up "IT Supporting Tools" with text "Start date & end date cannot be empty": Get text from pop up "IT Supporting Tools" with text "Start date & end date cannot be empty"

2021-01-21 17:59:37 - [MESSAGE][PASSED] - Taking screenshot successfully
[[ATTACHMENT|/Users/chaidir.pratama01/Documents/Docs/Katalon Studio/Screenshot/errorpopup.png]]

2021-01-21 17:59:37 - [MESSAGE][PASSED] - Object '' is present

2021-01-21 17:59:37 - [MESSAGE][PASSED] - Wait for page load successfully

2021-01-21 17:59:37 - [MESSAGE][PASSED] - Wait for page load successfully

2021-01-21 17:59:37 - [MESSAGE][PASSED] - Get text from pop up "IT Supporting Tools" with text "Start date & end date cannot be empty"

2021-01-21 17:59:37 - [TEST_STEP][PASSED] - Click button "OK": Click button "OK"

2021-01-21 17:59:37 - [MESSAGE][INFO] - >>>>>//Button[contains(text(),'OK')]

2021-01-21 17:59:40 - [MESSAGE][PASSED] - Object '' is present

2021-01-21 17:59:40 - [MESSAGE][PASSED] - Object: '' is clicked on

2021-01-21 17:59:40 - [MESSAGE][PASSED] - Switched to window with index: '0'

2021-01-21 17:59:40 - [MESSAGE][PASSED] - Click button "OK"

2021-01-21 17:59:40 - [TEST_STEP][PASSED] - Click button "Logout": Click button "Logout"

2021-01-21 17:59:40 - [MESSAGE][INFO] - >>>>>//Button[contains(text(),'Logout')]

2021-01-21 17:59:43 - [MESSAGE][PASSED] - Object '' is present

2021-01-21 17:59:43 - [MESSAGE][PASSED] - Object: '' is clicked on

2021-01-21 17:59:43 - [MESSAGE][PASSED] - Switched to window with index: '0'

2021-01-21 17:59:43 - [MESSAGE][PASSED] - Click button "Logout"

2021-01-21 17:59:43 - [TEST_STEP][PASSED] - Close browser: Close browser

2021-01-21 17:59:43 - [MESSAGE][PASSED] - Browser is closed

2021-01-21 17:59:43 - [MESSAGE][PASSED] - Close browser

2021-01-21 17:59:43 - [TEST_CASE][PASSED] - Start Test Case : SCENARIO End Date is Null: SCENARIO End Date is Null

2021-01-21 17:59:43 - [TEST_STEP][PASSED] - Go to ISTools: Go to ISTools

2021-01-21 17:59:43 - [MESSAGE][INFO] - Starting 'Chrome (headless)' driver

2021-01-21 17:59:43 - [MESSAGE][INFO] - User set preference: ['args', '[--start-maximized, --disable-gpu, --no-proxy-server, â€“-no-sandbox, --allow-running-insecure-content, --ignore-certificate-errors, window-size=1680,814, force-device-scale-factor=2, --lang=en-GB]']

2021-01-21 17:59:43 - [MESSAGE][INFO] - User set preference: ['prefs', '{download.default_directory=/Users/chaidir.pratama01/Katalon Studio/IST_Automation_Git/Download}']

2021-01-21 17:59:43 - [MESSAGE][INFO] - Action delay is set to 0 milliseconds

2021-01-21 17:59:44 - [MESSAGE][PASSED] - Browser is opened with url: ''

2021-01-21 17:59:44 - [MESSAGE][PASSED] - Navigate to 'https://dev-istools.homecredit.id/foundation/' successfully

2021-01-21 17:59:44 - [MESSAGE][PASSED] - Go to ISTools

2021-01-21 17:59:44 - [TEST_STEP][PASSED] - Login IST with valid credentials: Login IST with valid credentials

2021-01-21 17:59:45 - [MESSAGE][PASSED] - Text 'mobile.test' is set on object 'Object Repository/Page_/input_Username_j_username'

2021-01-21 17:59:45 - [MESSAGE][PASSED] - Text ****** has been set on object 'Object Repository/Page_/input_Password_j_password'

2021-01-21 17:59:45 - [MESSAGE][PASSED] - Object: 'Object Repository/Page_/button_Login' is clicked on

2021-01-21 17:59:45 - [MESSAGE][PASSED] - Login IST with valid credentials

2021-01-21 17:59:45 - [TEST_STEP][PASSED] - Login Success: Login Success

2021-01-21 17:59:45 - [MESSAGE][INFO] - Login Success

2021-01-21 17:59:45 - [MESSAGE][PASSED] - Current window maximized

2021-01-21 17:59:45 - [MESSAGE][PASSED] - Object 'Object Repository/Page_/h1_Welcome to IT Supporting Tools' is present

2021-01-21 17:59:45 - [MESSAGE][PASSED] - Login Success

2021-01-21 17:59:45 - [TEST_STEP][PASSED] - Select Arrow Menu "Real Time Disbursement": Select Arrow Menu "Real Time Disbursement"

2021-01-21 17:59:45 - [MESSAGE][PASSED] - Object: '' is clicked on

2021-01-21 17:59:45 - [MESSAGE][PASSED] - Select Arrow Menu "Real Time Disbursement"

2021-01-21 17:59:45 - [TEST_STEP][PASSED] - Select Menu "Hold Payment Configuration": Select Menu "Hold Payment Configuration"

2021-01-21 17:59:46 - [MESSAGE][PASSED] - Taking screenshot successfully
[[ATTACHMENT|/Users/chaidir.pratama01/Documents/Docs/Katalon Studio/Screenshot/test-Hold Payment Configuration.png]]

2021-01-21 17:59:46 - [MESSAGE][PASSED] - Object '' is present

2021-01-21 17:59:46 - [MESSAGE][PASSED] - Object: '' is clicked on

2021-01-21 17:59:46 - [MESSAGE][PASSED] - Wait for page load successfully

2021-01-21 17:59:46 - [MESSAGE][PASSED] - Select Menu "Hold Payment Configuration"

2021-01-21 17:59:46 - [TEST_STEP][PASSED] - Input "Start Date Hold Payment" with value "25-01-2021": Input "Start Date Hold Payment" with value "25-01-2021"

2021-01-21 17:59:49 - [MESSAGE][PASSED] - Delayed 3 second(s)

2021-01-21 17:59:49 - [MESSAGE][PASSED] - Input "Start Date Hold Payment" with value "25-01-2021"

2021-01-21 17:59:49 - [TEST_STEP][PASSED] - Input "Release Date" with value "": Input "Release Date" with value ""

2021-01-21 17:59:52 - [MESSAGE][PASSED] - Delayed 3 second(s)

2021-01-21 17:59:52 - [MESSAGE][PASSED] - Input "Release Date" with value ""

2021-01-21 17:59:52 - [TEST_STEP][PASSED] - Click button "Add": Click button "Add"

2021-01-21 17:59:52 - [MESSAGE][INFO] - >>>>>//Button[contains(text(),'Add')]

2021-01-21 17:59:55 - [MESSAGE][PASSED] - Object '' is present

2021-01-21 17:59:55 - [MESSAGE][PASSED] - Object: '' is clicked on

2021-01-21 17:59:55 - [MESSAGE][PASSED] - Switched to window with index: '0'

2021-01-21 17:59:55 - [MESSAGE][PASSED] - Click button "Add"

2021-01-21 17:59:55 - [TEST_STEP][PASSED] - Get text from pop up "IT Supporting Tools" with text "Start date & end date cannot be empty": Get text from pop up "IT Supporting Tools" with text "Start date & end date cannot be empty"

2021-01-21 17:59:56 - [MESSAGE][PASSED] - Taking screenshot successfully
[[ATTACHMENT|/Users/chaidir.pratama01/Documents/Docs/Katalon Studio/Screenshot/errorpopup.png]]

2021-01-21 17:59:56 - [MESSAGE][PASSED] - Object '' is present

2021-01-21 17:59:56 - [MESSAGE][PASSED] - Wait for page load successfully

2021-01-21 17:59:56 - [MESSAGE][PASSED] - Wait for page load successfully

2021-01-21 17:59:56 - [MESSAGE][PASSED] - Get text from pop up "IT Supporting Tools" with text "Start date & end date cannot be empty"

2021-01-21 17:59:56 - [TEST_STEP][PASSED] - Click button "OK": Click button "OK"

2021-01-21 17:59:56 - [MESSAGE][INFO] - >>>>>//Button[contains(text(),'OK')]

2021-01-21 17:59:59 - [MESSAGE][PASSED] - Object '' is present

2021-01-21 17:59:59 - [MESSAGE][PASSED] - Object: '' is clicked on

2021-01-21 17:59:59 - [MESSAGE][PASSED] - Switched to window with index: '0'

2021-01-21 17:59:59 - [MESSAGE][PASSED] - Click button "OK"

2021-01-21 17:59:59 - [TEST_STEP][PASSED] - Click button "Logout": Click button "Logout"

2021-01-21 17:59:59 - [MESSAGE][INFO] - >>>>>//Button[contains(text(),'Logout')]

2021-01-21 18:00:02 - [MESSAGE][PASSED] - Object '' is present

2021-01-21 18:00:02 - [MESSAGE][PASSED] - Object: '' is clicked on

2021-01-21 18:00:02 - [MESSAGE][PASSED] - Switched to window with index: '0'

2021-01-21 18:00:02 - [MESSAGE][PASSED] - Click button "Logout"

2021-01-21 18:00:02 - [TEST_STEP][PASSED] - Close browser: Close browser

2021-01-21 18:00:02 - [MESSAGE][PASSED] - Browser is closed

2021-01-21 18:00:02 - [MESSAGE][PASSED] - Close browser

2021-01-21 18:00:02 - [MESSAGE][PASSED] - Feature file: 'Include/features/IST_Real/RTD/Hold Payment Configuration/Date_is_NULL.feature' was passed]]></system-out>
         <system-err><![CDATA[]]></system-err>
      </testcase>
      <testcase name="Test Cases/RTD/Hold Payment Configuration/TC_Start_Date_Greater_than_Release_Date" time="5.803" classname="Test Cases/RTD/Hold Payment Configuration/TC_Start_Date_Greater_than_Release_Date" status="FAILED">
         <failure type="FAILED" message="Test Cases/RTD/Hold Payment Configuration/TC_Start_Date_Greater_than_Release_Date FAILED.
Reason:
com.kms.katalon.core.exception.StepFailedException: Feature file 'Include/features/IST_Real/RTD/Hold Payment Configuration/Start_Date_Greater_than_Release_Date.feature' was failed
	at com.kms.katalon.core.keyword.internal.KeywordMain.stepFailed(KeywordMain.groovy:50)
	at com.kms.katalon.core.keyword.internal.KeywordMain.stepFailed(KeywordMain.groovy)
	at com.kms.katalon.core.keyword.internal.KeywordMain.stepFailed(KeywordMain.groovy:23)
	at com.kms.katalon.core.keyword.internal.KeywordMain$stepFailed$0.call(Unknown Source)
	at com.kms.katalon.core.cucumber.keyword.CucumberBuiltinKeywords$_runFeatureFile_closure1.doCall(CucumberBuiltinKeywords.groovy:82)
	at com.kms.katalon.core.cucumber.keyword.CucumberBuiltinKeywords$_runFeatureFile_closure1.doCall(CucumberBuiltinKeywords.groovy)
	at com.kms.katalon.core.keyword.internal.KeywordMain.runKeyword(KeywordMain.groovy:68)
	at com.kms.katalon.core.keyword.internal.KeywordMain$runKeyword.call(Unknown Source)
	at com.kms.katalon.core.cucumber.keyword.CucumberBuiltinKeywords.runFeatureFile(CucumberBuiltinKeywords.groovy:46)
	at com.kms.katalon.core.cucumber.keyword.CucumberBuiltinKeywords$runFeatureFile$0.callStatic(Unknown Source)
	at com.kms.katalon.core.cucumber.keyword.CucumberBuiltinKeywords.runFeatureFile(CucumberBuiltinKeywords.groovy:169)
	at com.kms.katalon.core.cucumber.keyword.CucumberBuiltinKeywords$runFeatureFile.call(Unknown Source)
	at TC_Start_Date_Greater_than_Release_Date.run(TC_Start_Date_Greater_than_Release_Date:18)
	at com.kms.katalon.core.main.ScriptEngine.run(ScriptEngine.java:194)
	at com.kms.katalon.core.main.ScriptEngine.runScriptAsRawText(ScriptEngine.java:119)
	at com.kms.katalon.core.main.TestCaseExecutor.runScript(TestCaseExecutor.java:339)
	at com.kms.katalon.core.main.TestCaseExecutor.doExecute(TestCaseExecutor.java:330)
	at com.kms.katalon.core.main.TestCaseExecutor.processExecutionPhase(TestCaseExecutor.java:309)
	at com.kms.katalon.core.main.TestCaseExecutor.accessMainPhase(TestCaseExecutor.java:301)
	at com.kms.katalon.core.main.TestCaseExecutor.execute(TestCaseExecutor.java:235)
	at com.kms.katalon.core.main.TestSuiteExecutor.accessTestCaseMainPhase(TestSuiteExecutor.java:191)
	at com.kms.katalon.core.main.TestSuiteExecutor.accessTestSuiteMainPhase(TestSuiteExecutor.java:141)
	at com.kms.katalon.core.main.TestSuiteExecutor.execute(TestSuiteExecutor.java:90)
	at com.kms.katalon.core.main.TestCaseMain.startTestSuite(TestCaseMain.java:157)
	at com.kms.katalon.core.main.TestCaseMain$startTestSuite$0.call(Unknown Source)
	at TempTestSuite1611224755804.run(TempTestSuite1611224755804.groovy:39)
"/>
         <system-out><![CDATA[2021-01-21 18:00:02 - [TEST_CASE][FAILED] - Test Cases/RTD/Hold Payment Configuration/TC_Start_Date_Greater_than_Release_Date: Test Cases/RTD/Hold Payment Configuration/TC_Start_Date_Greater_than_Release_Date FAILED.
Reason:
com.kms.katalon.core.exception.StepFailedException: Feature file 'Include/features/IST_Real/RTD/Hold Payment Configuration/Start_Date_Greater_than_Release_Date.feature' was failed
	at com.kms.katalon.core.keyword.internal.KeywordMain.stepFailed(KeywordMain.groovy:50)
	at com.kms.katalon.core.keyword.internal.KeywordMain.stepFailed(KeywordMain.groovy)
	at com.kms.katalon.core.keyword.internal.KeywordMain.stepFailed(KeywordMain.groovy:23)
	at com.kms.katalon.core.keyword.internal.KeywordMain$stepFailed$0.call(Unknown Source)
	at com.kms.katalon.core.cucumber.keyword.CucumberBuiltinKeywords$_runFeatureFile_closure1.doCall(CucumberBuiltinKeywords.groovy:82)
	at com.kms.katalon.core.cucumber.keyword.CucumberBuiltinKeywords$_runFeatureFile_closure1.doCall(CucumberBuiltinKeywords.groovy)
	at com.kms.katalon.core.keyword.internal.KeywordMain.runKeyword(KeywordMain.groovy:68)
	at com.kms.katalon.core.keyword.internal.KeywordMain$runKeyword.call(Unknown Source)
	at com.kms.katalon.core.cucumber.keyword.CucumberBuiltinKeywords.runFeatureFile(CucumberBuiltinKeywords.groovy:46)
	at com.kms.katalon.core.cucumber.keyword.CucumberBuiltinKeywords$runFeatureFile$0.callStatic(Unknown Source)
	at com.kms.katalon.core.cucumber.keyword.CucumberBuiltinKeywords.runFeatureFile(CucumberBuiltinKeywords.groovy:169)
	at com.kms.katalon.core.cucumber.keyword.CucumberBuiltinKeywords$runFeatureFile.call(Unknown Source)
	at TC_Start_Date_Greater_than_Release_Date.run(TC_Start_Date_Greater_than_Release_Date:18)
	at com.kms.katalon.core.main.ScriptEngine.run(ScriptEngine.java:194)
	at com.kms.katalon.core.main.ScriptEngine.runScriptAsRawText(ScriptEngine.java:119)
	at com.kms.katalon.core.main.TestCaseExecutor.runScript(TestCaseExecutor.java:339)
	at com.kms.katalon.core.main.TestCaseExecutor.doExecute(TestCaseExecutor.java:330)
	at com.kms.katalon.core.main.TestCaseExecutor.processExecutionPhase(TestCaseExecutor.java:309)
	at com.kms.katalon.core.main.TestCaseExecutor.accessMainPhase(TestCaseExecutor.java:301)
	at com.kms.katalon.core.main.TestCaseExecutor.execute(TestCaseExecutor.java:235)
	at com.kms.katalon.core.main.TestSuiteExecutor.accessTestCaseMainPhase(TestSuiteExecutor.java:191)
	at com.kms.katalon.core.main.TestSuiteExecutor.accessTestSuiteMainPhase(TestSuiteExecutor.java:141)
	at com.kms.katalon.core.main.TestSuiteExecutor.execute(TestSuiteExecutor.java:90)
	at com.kms.katalon.core.main.TestCaseMain.startTestSuite(TestCaseMain.java:157)
	at com.kms.katalon.core.main.TestCaseMain$startTestSuite$0.call(Unknown Source)
	at TempTestSuite1611224755804.run(TempTestSuite1611224755804.groovy:39)


2021-01-21 18:00:02 - [TEST_STEP][FAILED] - runFeatureFile("Include/features/IST_Real/RTD/Hold Payment Configuration/Start_Date_Greater_than_Release_Date.feature"): Keyword runFeatureFile was failed (Root cause: com.kms.katalon.core.exception.StepFailedException: Feature file 'Include/features/IST_Real/RTD/Hold Payment Configuration/Start_Date_Greater_than_Release_Date.feature' was failed
	at com.kms.katalon.core.keyword.internal.KeywordMain.stepFailed(KeywordMain.groovy:50)
	at com.kms.katalon.core.keyword.internal.KeywordMain.stepFailed(KeywordMain.groovy)
	at com.kms.katalon.core.keyword.internal.KeywordMain.stepFailed(KeywordMain.groovy:23)
	at com.kms.katalon.core.keyword.internal.KeywordMain$stepFailed$0.call(Unknown Source)
	at com.kms.katalon.core.cucumber.keyword.CucumberBuiltinKeywords$_runFeatureFile_closure1.doCall(CucumberBuiltinKeywords.groovy:82)
	at com.kms.katalon.core.cucumber.keyword.CucumberBuiltinKeywords$_runFeatureFile_closure1.doCall(CucumberBuiltinKeywords.groovy)
	at com.kms.katalon.core.keyword.internal.KeywordMain.runKeyword(KeywordMain.groovy:68)
	at com.kms.katalon.core.keyword.internal.KeywordMain$runKeyword.call(Unknown Source)
	at com.kms.katalon.core.cucumber.keyword.CucumberBuiltinKeywords.runFeatureFile(CucumberBuiltinKeywords.groovy:46)
	at com.kms.katalon.core.cucumber.keyword.CucumberBuiltinKeywords$runFeatureFile$0.callStatic(Unknown Source)
	at com.kms.katalon.core.cucumber.keyword.CucumberBuiltinKeywords.runFeatureFile(CucumberBuiltinKeywords.groovy:169)
	at com.kms.katalon.core.cucumber.keyword.CucumberBuiltinKeywords$runFeatureFile.call(Unknown Source)
	at TC_Start_Date_Greater_than_Release_Date.run(TC_Start_Date_Greater_than_Release_Date:18)
	at com.kms.katalon.core.main.ScriptEngine.run(ScriptEngine.java:194)
	at com.kms.katalon.core.main.ScriptEngine.runScriptAsRawText(ScriptEngine.java:119)
	at com.kms.katalon.core.main.TestCaseExecutor.runScript(TestCaseExecutor.java:339)
	at com.kms.katalon.core.main.TestCaseExecutor.doExecute(TestCaseExecutor.java:330)
	at com.kms.katalon.core.main.TestCaseExecutor.processExecutionPhase(TestCaseExecutor.java:309)
	at com.kms.katalon.core.main.TestCaseExecutor.accessMainPhase(TestCaseExecutor.java:301)
	at com.kms.katalon.core.main.TestCaseExecutor.execute(TestCaseExecutor.java:235)
	at com.kms.katalon.core.main.TestSuiteExecutor.accessTestCaseMainPhase(TestSuiteExecutor.java:191)
	at com.kms.katalon.core.main.TestSuiteExecutor.accessTestSuiteMainPhase(TestSuiteExecutor.java:141)
	at com.kms.katalon.core.main.TestSuiteExecutor.execute(TestSuiteExecutor.java:90)
	at com.kms.katalon.core.main.TestCaseMain.startTestSuite(TestCaseMain.java:157)
	at com.kms.katalon.core.main.TestCaseMain$startTestSuite$0.call(Unknown Source)
	at TempTestSuite1611224755804.run(TempTestSuite1611224755804.groovy:39)
)

2021-01-21 18:00:02 - [MESSAGE][INFO] - Starting run keyword runFeatureFile: 'Include/features/IST_Real/RTD/Hold Payment Configuration/Start_Date_Greater_than_Release_Date.feature' and extract report to folder: '/Users/chaidir.pratama01/Katalon Studio/IST_Automation_Git/Reports/20210121_172548/RTD/TS_Hold_Payment_Configuration/20210121_172555/cucumber_report/1611226802536'...

2021-01-21 18:00:02 - [TEST_CASE][ERROR] - Start Test Case : SCENARIO Start date is greater than end date: SCENARIO Start date is greater than end date FAILED.
Reason:
org.openqa.selenium.NoSuchElementException: no such element: Unable to locate element: {"method":"xpath","selector":"//td/span[text()='Start Date Hold Payment']/../following-sibling::td/span/input"}
  (Session info: headless chrome=87.0.4280.141)
For documentation on this error, please visit: https://www.seleniumhq.org/exceptions/no_such_element.html
Build info: version: '3.141.59', revision: 'e82be7d358', time: '2018-11-14T08:25:53'
System info: host: 'M-Chaidir-Pratama.local', ip: 'fe80:0:0:0:14e4:ed6f:bc3b:fd01%en0', os.name: 'Mac OS X', os.arch: 'x86_64', os.version: '10.15', java.version: '1.8.0_181'
Driver info: com.kms.katalon.selenium.driver.CChromeDriver
Capabilities {acceptInsecureCerts: false, browserName: chrome, browserVersion: 87.0.4280.141, chrome: {chromedriverVersion: 87.0.4280.88 (89e2380a3e36c..., userDataDir: /var/folders/0s/4_d154xd6dq...}, goog:chromeOptions: {debuggerAddress: localhost:63592}, javascriptEnabled: true, networkConnectionEnabled: false, pageLoadStrategy: normal, platform: MAC, platformName: MAC, proxy: Proxy(), setWindowRect: true, strictFileInteractability: false, timeouts: {implicit: 0, pageLoad: 300000, script: 30000}, unhandledPromptBehavior: dismiss and notify, webauthn:virtualAuthenticators: true}
Session ID: 69f223e621656d3910688ba4f0e72651
*** Element info: {Using=xpath, value=//td/span[text()='Start Date Hold Payment']/../following-sibling::td/span/input}
	at org.openqa.selenium.remote.http.W3CHttpResponseCodec.createException(W3CHttpResponseCodec.java:187)
	at org.openqa.selenium.remote.http.W3CHttpResponseCodec.decode(W3CHttpResponseCodec.java:122)
	at org.openqa.selenium.remote.http.W3CHttpResponseCodec.decode(W3CHttpResponseCodec.java:49)
	at org.openqa.selenium.remote.HttpCommandExecutor.execute(HttpCommandExecutor.java:158)
	at org.openqa.selenium.remote.service.DriverCommandExecutor.execute(DriverCommandExecutor.java:83)
	at org.openqa.selenium.remote.RemoteWebDriver.execute(RemoteWebDriver.java:552)
	at com.kms.katalon.selenium.driver.CChromeDriver.execute(CChromeDriver.java:19)
	at org.openqa.selenium.remote.RemoteWebDriver.findElement(RemoteWebDriver.java:323)
	at org.openqa.selenium.remote.RemoteWebDriver.findElementByXPath(RemoteWebDriver.java:428)
	at org.openqa.selenium.By$ByXPath.findElement(By.java:353)
	at org.openqa.selenium.remote.RemoteWebDriver.findElement(RemoteWebDriver.java:315)
	at org.openqa.selenium.support.events.EventFiringWebDriver.lambda$new$1(EventFiringWebDriver.java:105)
	at com.sun.proxy.$Proxy18.findElement(Unknown Source)
	at org.openqa.selenium.support.events.EventFiringWebDriver.findElement(EventFiringWebDriver.java:194)
	at org.openqa.selenium.WebDriver$findElement.call(Unknown Source)
	at RTD.Input_(RTD.groovy:406)
	at âœ½.Input "Start Date Hold Payment" with value "30-01-2021"(/Users/chaidir.pratama01/Katalon Studio/IST_Automation_Git/Include/features/IST_Real/RTD/Hold Payment Configuration/Start_Date_Greater_than_Release_Date.feature:32)


2021-01-21 18:00:02 - [TEST_STEP][PASSED] - Go to ISTools: Go to ISTools

2021-01-21 18:00:02 - [MESSAGE][INFO] - Starting 'Chrome (headless)' driver

2021-01-21 18:00:02 - [MESSAGE][INFO] - User set preference: ['args', '[--start-maximized, --disable-gpu, --no-proxy-server, â€“-no-sandbox, --allow-running-insecure-content, --ignore-certificate-errors, window-size=1680,814, force-device-scale-factor=2, --lang=en-GB]']

2021-01-21 18:00:02 - [MESSAGE][INFO] - User set preference: ['prefs', '{download.default_directory=/Users/chaidir.pratama01/Katalon Studio/IST_Automation_Git/Download}']

2021-01-21 18:00:02 - [MESSAGE][INFO] - Action delay is set to 0 milliseconds

2021-01-21 18:00:02 - [MESSAGE][PASSED] - Browser is opened with url: ''

2021-01-21 18:00:03 - [MESSAGE][PASSED] - Navigate to 'https://dev-istools.homecredit.id/foundation/' successfully

2021-01-21 18:00:03 - [MESSAGE][PASSED] - Go to ISTools

2021-01-21 18:00:03 - [TEST_STEP][PASSED] - Login IST with valid credentials: Login IST with valid credentials

2021-01-21 18:00:04 - [MESSAGE][PASSED] - Text 'mobile.test' is set on object 'Object Repository/Page_/input_Username_j_username'

2021-01-21 18:00:04 - [MESSAGE][PASSED] - Text ****** has been set on object 'Object Repository/Page_/input_Password_j_password'

2021-01-21 18:00:04 - [MESSAGE][PASSED] - Object: 'Object Repository/Page_/button_Login' is clicked on

2021-01-21 18:00:04 - [MESSAGE][PASSED] - Login IST with valid credentials

2021-01-21 18:00:04 - [TEST_STEP][PASSED] - Login Success: Login Success

2021-01-21 18:00:04 - [MESSAGE][INFO] - Login Success

2021-01-21 18:00:04 - [MESSAGE][PASSED] - Current window maximized

2021-01-21 18:00:04 - [MESSAGE][PASSED] - Object 'Object Repository/Page_/h1_Welcome to IT Supporting Tools' is present

2021-01-21 18:00:04 - [MESSAGE][PASSED] - Login Success

2021-01-21 18:00:04 - [TEST_STEP][PASSED] - Select Arrow Menu "Real Time Disbursement": Select Arrow Menu "Real Time Disbursement"

2021-01-21 18:00:04 - [MESSAGE][PASSED] - Object: '' is clicked on

2021-01-21 18:00:04 - [MESSAGE][PASSED] - Select Arrow Menu "Real Time Disbursement"

2021-01-21 18:00:04 - [TEST_STEP][PASSED] - Select Menu "Hold Payment Configuration": Select Menu "Hold Payment Configuration"

2021-01-21 18:00:05 - [MESSAGE][PASSED] - Taking screenshot successfully
[[ATTACHMENT|/Users/chaidir.pratama01/Documents/Docs/Katalon Studio/Screenshot/test-Hold Payment Configuration.png]]

2021-01-21 18:00:05 - [MESSAGE][PASSED] - Object '' is present

2021-01-21 18:00:05 - [MESSAGE][PASSED] - Object: '' is clicked on

2021-01-21 18:00:05 - [MESSAGE][PASSED] - Wait for page load successfully

2021-01-21 18:00:05 - [MESSAGE][PASSED] - Select Menu "Hold Payment Configuration"

2021-01-21 18:00:05 - [TEST_STEP][ERROR] - Input "Start Date Hold Payment" with value "30-01-2021": Input "Start Date Hold Payment" with value "30-01-2021" FAILED.
Reason:
org.openqa.selenium.NoSuchElementException: no such element: Unable to locate element: {"method":"xpath","selector":"//td/span[text()='Start Date Hold Payment']/../following-sibling::td/span/input"}
  (Session info: headless chrome=87.0.4280.141)
For documentation on this error, please visit: https://www.seleniumhq.org/exceptions/no_such_element.html
Build info: version: '3.141.59', revision: 'e82be7d358', time: '2018-11-14T08:25:53'
System info: host: 'M-Chaidir-Pratama.local', ip: 'fe80:0:0:0:14e4:ed6f:bc3b:fd01%en0', os.name: 'Mac OS X', os.arch: 'x86_64', os.version: '10.15', java.version: '1.8.0_181'
Driver info: com.kms.katalon.selenium.driver.CChromeDriver
Capabilities {acceptInsecureCerts: false, browserName: chrome, browserVersion: 87.0.4280.141, chrome: {chromedriverVersion: 87.0.4280.88 (89e2380a3e36c..., userDataDir: /var/folders/0s/4_d154xd6dq...}, goog:chromeOptions: {debuggerAddress: localhost:63592}, javascriptEnabled: true, networkConnectionEnabled: false, pageLoadStrategy: normal, platform: MAC, platformName: MAC, proxy: Proxy(), setWindowRect: true, strictFileInteractability: false, timeouts: {implicit: 0, pageLoad: 300000, script: 30000}, unhandledPromptBehavior: dismiss and notify, webauthn:virtualAuthenticators: true}
Session ID: 69f223e621656d3910688ba4f0e72651
*** Element info: {Using=xpath, value=//td/span[text()='Start Date Hold Payment']/../following-sibling::td/span/input}
	at org.openqa.selenium.remote.http.W3CHttpResponseCodec.createException(W3CHttpResponseCodec.java:187)
	at org.openqa.selenium.remote.http.W3CHttpResponseCodec.decode(W3CHttpResponseCodec.java:122)
	at org.openqa.selenium.remote.http.W3CHttpResponseCodec.decode(W3CHttpResponseCodec.java:49)
	at org.openqa.selenium.remote.HttpCommandExecutor.execute(HttpCommandExecutor.java:158)
	at org.openqa.selenium.remote.service.DriverCommandExecutor.execute(DriverCommandExecutor.java:83)
	at org.openqa.selenium.remote.RemoteWebDriver.execute(RemoteWebDriver.java:552)
	at com.kms.katalon.selenium.driver.CChromeDriver.execute(CChromeDriver.java:19)
	at org.openqa.selenium.remote.RemoteWebDriver.findElement(RemoteWebDriver.java:323)
	at org.openqa.selenium.remote.RemoteWebDriver.findElementByXPath(RemoteWebDriver.java:428)
	at org.openqa.selenium.By$ByXPath.findElement(By.java:353)
	at org.openqa.selenium.remote.RemoteWebDriver.findElement(RemoteWebDriver.java:315)
	at org.openqa.selenium.support.events.EventFiringWebDriver.lambda$new$1(EventFiringWebDriver.java:105)
	at com.sun.proxy.$Proxy18.findElement(Unknown Source)
	at org.openqa.selenium.support.events.EventFiringWebDriver.findElement(EventFiringWebDriver.java:194)
	at org.openqa.selenium.WebDriver$findElement.call(Unknown Source)
	at RTD.Input_(RTD.groovy:406)
	at âœ½.Input "Start Date Hold Payment" with value "30-01-2021"(/Users/chaidir.pratama01/Katalon Studio/IST_Automation_Git/Include/features/IST_Real/RTD/Hold Payment Configuration/Start_Date_Greater_than_Release_Date.feature:32)


2021-01-21 18:00:08 - [MESSAGE][PASSED] - Delayed 3 second(s)

2021-01-21 18:00:08 - [MESSAGE][ERROR] - Input "Start Date Hold Payment" with value "30-01-2021" FAILED.
Reason:
org.openqa.selenium.NoSuchElementException: no such element: Unable to locate element: {"method":"xpath","selector":"//td/span[text()='Start Date Hold Payment']/../following-sibling::td/span/input"}
  (Session info: headless chrome=87.0.4280.141)
For documentation on this error, please visit: https://www.seleniumhq.org/exceptions/no_such_element.html
Build info: version: '3.141.59', revision: 'e82be7d358', time: '2018-11-14T08:25:53'
System info: host: 'M-Chaidir-Pratama.local', ip: 'fe80:0:0:0:14e4:ed6f:bc3b:fd01%en0', os.name: 'Mac OS X', os.arch: 'x86_64', os.version: '10.15', java.version: '1.8.0_181'
Driver info: com.kms.katalon.selenium.driver.CChromeDriver
Capabilities {acceptInsecureCerts: false, browserName: chrome, browserVersion: 87.0.4280.141, chrome: {chromedriverVersion: 87.0.4280.88 (89e2380a3e36c..., userDataDir: /var/folders/0s/4_d154xd6dq...}, goog:chromeOptions: {debuggerAddress: localhost:63592}, javascriptEnabled: true, networkConnectionEnabled: false, pageLoadStrategy: normal, platform: MAC, platformName: MAC, proxy: Proxy(), setWindowRect: true, strictFileInteractability: false, timeouts: {implicit: 0, pageLoad: 300000, script: 30000}, unhandledPromptBehavior: dismiss and notify, webauthn:virtualAuthenticators: true}
Session ID: 69f223e621656d3910688ba4f0e72651
*** Element info: {Using=xpath, value=//td/span[text()='Start Date Hold Payment']/../following-sibling::td/span/input}
	at org.openqa.selenium.remote.http.W3CHttpResponseCodec.createException(W3CHttpResponseCodec.java:187)
	at org.openqa.selenium.remote.http.W3CHttpResponseCodec.decode(W3CHttpResponseCodec.java:122)
	at org.openqa.selenium.remote.http.W3CHttpResponseCodec.decode(W3CHttpResponseCodec.java:49)
	at org.openqa.selenium.remote.HttpCommandExecutor.execute(HttpCommandExecutor.java:158)
	at org.openqa.selenium.remote.service.DriverCommandExecutor.execute(DriverCommandExecutor.java:83)
	at org.openqa.selenium.remote.RemoteWebDriver.execute(RemoteWebDriver.java:552)
	at com.kms.katalon.selenium.driver.CChromeDriver.execute(CChromeDriver.java:19)
	at org.openqa.selenium.remote.RemoteWebDriver.findElement(RemoteWebDriver.java:323)
	at org.openqa.selenium.remote.RemoteWebDriver.findElementByXPath(RemoteWebDriver.java:428)
	at org.openqa.selenium.By$ByXPath.findElement(By.java:353)
	at org.openqa.selenium.remote.RemoteWebDriver.findElement(RemoteWebDriver.java:315)
	at org.openqa.selenium.support.events.EventFiringWebDriver.lambda$new$1(EventFiringWebDriver.java:105)
	at com.sun.proxy.$Proxy18.findElement(Unknown Source)
	at org.openqa.selenium.support.events.EventFiringWebDriver.findElement(EventFiringWebDriver.java:194)
	at org.openqa.selenium.WebDriver$findElement.call(Unknown Source)
	at RTD.Input_(RTD.groovy:406)
	at âœ½.Input "Start Date Hold Payment" with value "30-01-2021"(/Users/chaidir.pratama01/Katalon Studio/IST_Automation_Git/Include/features/IST_Real/RTD/Hold Payment Configuration/Start_Date_Greater_than_Release_Date.feature:32)


2021-01-21 18:00:08 - [TEST_STEP][NOT_RUN] - Input "Release Date" with value "25-01-2021": Input "Release Date" with value "25-01-2021"

2021-01-21 18:00:08 - [MESSAGE][NOT_RUN] - Input "Release Date" with value "25-01-2021"

2021-01-21 18:00:08 - [TEST_STEP][NOT_RUN] - Click button "Add": Click button "Add"

2021-01-21 18:00:08 - [MESSAGE][NOT_RUN] - Click button "Add"

2021-01-21 18:00:08 - [TEST_STEP][NOT_RUN] - Get text from pop up "IT Supporting Tools" with text "Release date must be after start date": Get text from pop up "IT Supporting Tools" with text "Release date must be after start date"

2021-01-21 18:00:08 - [MESSAGE][NOT_RUN] - Get text from pop up "IT Supporting Tools" with text "Release date must be after start date"

2021-01-21 18:00:08 - [TEST_STEP][NOT_RUN] - Click button "OK": Click button "OK"

2021-01-21 18:00:08 - [MESSAGE][NOT_RUN] - Click button "OK"

2021-01-21 18:00:08 - [TEST_STEP][NOT_RUN] - Click button "Logout": Click button "Logout"

2021-01-21 18:00:08 - [MESSAGE][NOT_RUN] - Click button "Logout"

2021-01-21 18:00:08 - [TEST_STEP][NOT_RUN] - Close browser: Close browser

2021-01-21 18:00:08 - [MESSAGE][NOT_RUN] - Close browser

2021-01-21 18:00:08 - [MESSAGE][FAILED] - Feature file 'Include/features/IST_Real/RTD/Hold Payment Configuration/Start_Date_Greater_than_Release_Date.feature' was failed

2021-01-21 18:00:08 - [MESSAGE][FAILED] - Keyword runFeatureFile was failed (Root cause: com.kms.katalon.core.exception.StepFailedException: Feature file 'Include/features/IST_Real/RTD/Hold Payment Configuration/Start_Date_Greater_than_Release_Date.feature' was failed
	at com.kms.katalon.core.keyword.internal.KeywordMain.stepFailed(KeywordMain.groovy:50)
	at com.kms.katalon.core.keyword.internal.KeywordMain.stepFailed(KeywordMain.groovy)
	at com.kms.katalon.core.keyword.internal.KeywordMain.stepFailed(KeywordMain.groovy:23)
	at com.kms.katalon.core.keyword.internal.KeywordMain$stepFailed$0.call(Unknown Source)
	at com.kms.katalon.core.cucumber.keyword.CucumberBuiltinKeywords$_runFeatureFile_closure1.doCall(CucumberBuiltinKeywords.groovy:82)
	at com.kms.katalon.core.cucumber.keyword.CucumberBuiltinKeywords$_runFeatureFile_closure1.doCall(CucumberBuiltinKeywords.groovy)
	at com.kms.katalon.core.keyword.internal.KeywordMain.runKeyword(KeywordMain.groovy:68)
	at com.kms.katalon.core.keyword.internal.KeywordMain$runKeyword.call(Unknown Source)
	at com.kms.katalon.core.cucumber.keyword.CucumberBuiltinKeywords.runFeatureFile(CucumberBuiltinKeywords.groovy:46)
	at com.kms.katalon.core.cucumber.keyword.CucumberBuiltinKeywords$runFeatureFile$0.callStatic(Unknown Source)
	at com.kms.katalon.core.cucumber.keyword.CucumberBuiltinKeywords.runFeatureFile(CucumberBuiltinKeywords.groovy:169)
	at com.kms.katalon.core.cucumber.keyword.CucumberBuiltinKeywords$runFeatureFile.call(Unknown Source)
	at TC_Start_Date_Greater_than_Release_Date.run(TC_Start_Date_Greater_than_Release_Date:18)
	at com.kms.katalon.core.main.ScriptEngine.run(ScriptEngine.java:194)
	at com.kms.katalon.core.main.ScriptEngine.runScriptAsRawText(ScriptEngine.java:119)
	at com.kms.katalon.core.main.TestCaseExecutor.runScript(TestCaseExecutor.java:339)
	at com.kms.katalon.core.main.TestCaseExecutor.doExecute(TestCaseExecutor.java:330)
	at com.kms.katalon.core.main.TestCaseExecutor.processExecutionPhase(TestCaseExecutor.java:309)
	at com.kms.katalon.core.main.TestCaseExecutor.accessMainPhase(TestCaseExecutor.java:301)
	at com.kms.katalon.core.main.TestCaseExecutor.execute(TestCaseExecutor.java:235)
	at com.kms.katalon.core.main.TestSuiteExecutor.accessTestCaseMainPhase(TestSuiteExecutor.java:191)
	at com.kms.katalon.core.main.TestSuiteExecutor.accessTestSuiteMainPhase(TestSuiteExecutor.java:141)
	at com.kms.katalon.core.main.TestSuiteExecutor.execute(TestSuiteExecutor.java:90)
	at com.kms.katalon.core.main.TestCaseMain.startTestSuite(TestCaseMain.java:157)
	at com.kms.katalon.core.main.TestCaseMain$startTestSuite$0.call(Unknown Source)
	at TempTestSuite1611224755804.run(TempTestSuite1611224755804.groovy:39)
)]]></system-out>
         <system-err><![CDATA[2021-01-21 18:00:02 - [TEST_CASE][FAILED] - Test Cases/RTD/Hold Payment Configuration/TC_Start_Date_Greater_than_Release_Date: Test Cases/RTD/Hold Payment Configuration/TC_Start_Date_Greater_than_Release_Date FAILED.
Reason:
com.kms.katalon.core.exception.StepFailedException: Feature file 'Include/features/IST_Real/RTD/Hold Payment Configuration/Start_Date_Greater_than_Release_Date.feature' was failed
	at com.kms.katalon.core.keyword.internal.KeywordMain.stepFailed(KeywordMain.groovy:50)
	at com.kms.katalon.core.keyword.internal.KeywordMain.stepFailed(KeywordMain.groovy)
	at com.kms.katalon.core.keyword.internal.KeywordMain.stepFailed(KeywordMain.groovy:23)
	at com.kms.katalon.core.keyword.internal.KeywordMain$stepFailed$0.call(Unknown Source)
	at com.kms.katalon.core.cucumber.keyword.CucumberBuiltinKeywords$_runFeatureFile_closure1.doCall(CucumberBuiltinKeywords.groovy:82)
	at com.kms.katalon.core.cucumber.keyword.CucumberBuiltinKeywords$_runFeatureFile_closure1.doCall(CucumberBuiltinKeywords.groovy)
	at com.kms.katalon.core.keyword.internal.KeywordMain.runKeyword(KeywordMain.groovy:68)
	at com.kms.katalon.core.keyword.internal.KeywordMain$runKeyword.call(Unknown Source)
	at com.kms.katalon.core.cucumber.keyword.CucumberBuiltinKeywords.runFeatureFile(CucumberBuiltinKeywords.groovy:46)
	at com.kms.katalon.core.cucumber.keyword.CucumberBuiltinKeywords$runFeatureFile$0.callStatic(Unknown Source)
	at com.kms.katalon.core.cucumber.keyword.CucumberBuiltinKeywords.runFeatureFile(CucumberBuiltinKeywords.groovy:169)
	at com.kms.katalon.core.cucumber.keyword.CucumberBuiltinKeywords$runFeatureFile.call(Unknown Source)
	at TC_Start_Date_Greater_than_Release_Date.run(TC_Start_Date_Greater_than_Release_Date:18)
	at com.kms.katalon.core.main.ScriptEngine.run(ScriptEngine.java:194)
	at com.kms.katalon.core.main.ScriptEngine.runScriptAsRawText(ScriptEngine.java:119)
	at com.kms.katalon.core.main.TestCaseExecutor.runScript(TestCaseExecutor.java:339)
	at com.kms.katalon.core.main.TestCaseExecutor.doExecute(TestCaseExecutor.java:330)
	at com.kms.katalon.core.main.TestCaseExecutor.processExecutionPhase(TestCaseExecutor.java:309)
	at com.kms.katalon.core.main.TestCaseExecutor.accessMainPhase(TestCaseExecutor.java:301)
	at com.kms.katalon.core.main.TestCaseExecutor.execute(TestCaseExecutor.java:235)
	at com.kms.katalon.core.main.TestSuiteExecutor.accessTestCaseMainPhase(TestSuiteExecutor.java:191)
	at com.kms.katalon.core.main.TestSuiteExecutor.accessTestSuiteMainPhase(TestSuiteExecutor.java:141)
	at com.kms.katalon.core.main.TestSuiteExecutor.execute(TestSuiteExecutor.java:90)
	at com.kms.katalon.core.main.TestCaseMain.startTestSuite(TestCaseMain.java:157)
	at com.kms.katalon.core.main.TestCaseMain$startTestSuite$0.call(Unknown Source)
	at TempTestSuite1611224755804.run(TempTestSuite1611224755804.groovy:39)]]></system-err>
      </testcase>
      <system-out><![CDATA[2021-01-21 17:58:47 - [TEST_SUITE][FAILED] - TS_Hold_Payment_Configuration: Test Cases/RTD/Hold Payment Configuration/TC_Start_Date_Greater_than_Release_Date FAILED.
Reason:
com.kms.katalon.core.exception.StepFailedException: Feature file 'Include/features/IST_Real/RTD/Hold Payment Configuration/Start_Date_Greater_than_Release_Date.feature' was failed
	at com.kms.katalon.core.keyword.internal.KeywordMain.stepFailed(KeywordMain.groovy:50)
	at com.kms.katalon.core.keyword.internal.KeywordMain.stepFailed(KeywordMain.groovy)
	at com.kms.katalon.core.keyword.internal.KeywordMain.stepFailed(KeywordMain.groovy:23)
	at com.kms.katalon.core.keyword.internal.KeywordMain$stepFailed$0.call(Unknown Source)
	at com.kms.katalon.core.cucumber.keyword.CucumberBuiltinKeywords$_runFeatureFile_closure1.doCall(CucumberBuiltinKeywords.groovy:82)
	at com.kms.katalon.core.cucumber.keyword.CucumberBuiltinKeywords$_runFeatureFile_closure1.doCall(CucumberBuiltinKeywords.groovy)
	at com.kms.katalon.core.keyword.internal.KeywordMain.runKeyword(KeywordMain.groovy:68)
	at com.kms.katalon.core.keyword.internal.KeywordMain$runKeyword.call(Unknown Source)
	at com.kms.katalon.core.cucumber.keyword.CucumberBuiltinKeywords.runFeatureFile(CucumberBuiltinKeywords.groovy:46)
	at com.kms.katalon.core.cucumber.keyword.CucumberBuiltinKeywords$runFeatureFile$0.callStatic(Unknown Source)
	at com.kms.katalon.core.cucumber.keyword.CucumberBuiltinKeywords.runFeatureFile(CucumberBuiltinKeywords.groovy:169)
	at com.kms.katalon.core.cucumber.keyword.CucumberBuiltinKeywords$runFeatureFile.call(Unknown Source)
	at TC_Start_Date_Greater_than_Release_Date.run(TC_Start_Date_Greater_than_Release_Date:18)
	at com.kms.katalon.core.main.ScriptEngine.run(ScriptEngine.java:194)
	at com.kms.katalon.core.main.ScriptEngine.runScriptAsRawText(ScriptEngine.java:119)
	at com.kms.katalon.core.main.TestCaseExecutor.runScript(TestCaseExecutor.java:339)
	at com.kms.katalon.core.main.TestCaseExecutor.doExecute(TestCaseExecutor.java:330)
	at com.kms.katalon.core.main.TestCaseExecutor.processExecutionPhase(TestCaseExecutor.java:309)
	at com.kms.katalon.core.main.TestCaseExecutor.accessMainPhase(TestCaseExecutor.java:301)
	at com.kms.katalon.core.main.TestCaseExecutor.execute(TestCaseExecutor.java:235)
	at com.kms.katalon.core.main.TestSuiteExecutor.accessTestCaseMainPhase(TestSuiteExecutor.java:191)
	at com.kms.katalon.core.main.TestSuiteExecutor.accessTestSuiteMainPhase(TestSuiteExecutor.java:141)
	at com.kms.katalon.core.main.TestSuiteExecutor.execute(TestSuiteExecutor.java:90)
	at com.kms.katalon.core.main.TestCaseMain.startTestSuite(TestCaseMain.java:157)
	at com.kms.katalon.core.main.TestCaseMain$startTestSuite$0.call(Unknown Source)
	at TempTestSuite1611224755804.run(TempTestSuite1611224755804.groovy:39)]]></system-out>
      <system-err><![CDATA[2021-01-21 17:58:47 - [TEST_SUITE][FAILED] - TS_Hold_Payment_Configuration: Test Cases/RTD/Hold Payment Configuration/TC_Start_Date_Greater_than_Release_Date FAILED.
Reason:
com.kms.katalon.core.exception.StepFailedException: Feature file 'Include/features/IST_Real/RTD/Hold Payment Configuration/Start_Date_Greater_than_Release_Date.feature' was failed
	at com.kms.katalon.core.keyword.internal.KeywordMain.stepFailed(KeywordMain.groovy:50)
	at com.kms.katalon.core.keyword.internal.KeywordMain.stepFailed(KeywordMain.groovy)
	at com.kms.katalon.core.keyword.internal.KeywordMain.stepFailed(KeywordMain.groovy:23)
	at com.kms.katalon.core.keyword.internal.KeywordMain$stepFailed$0.call(Unknown Source)
	at com.kms.katalon.core.cucumber.keyword.CucumberBuiltinKeywords$_runFeatureFile_closure1.doCall(CucumberBuiltinKeywords.groovy:82)
	at com.kms.katalon.core.cucumber.keyword.CucumberBuiltinKeywords$_runFeatureFile_closure1.doCall(CucumberBuiltinKeywords.groovy)
	at com.kms.katalon.core.keyword.internal.KeywordMain.runKeyword(KeywordMain.groovy:68)
	at com.kms.katalon.core.keyword.internal.KeywordMain$runKeyword.call(Unknown Source)
	at com.kms.katalon.core.cucumber.keyword.CucumberBuiltinKeywords.runFeatureFile(CucumberBuiltinKeywords.groovy:46)
	at com.kms.katalon.core.cucumber.keyword.CucumberBuiltinKeywords$runFeatureFile$0.callStatic(Unknown Source)
	at com.kms.katalon.core.cucumber.keyword.CucumberBuiltinKeywords.runFeatureFile(CucumberBuiltinKeywords.groovy:169)
	at com.kms.katalon.core.cucumber.keyword.CucumberBuiltinKeywords$runFeatureFile.call(Unknown Source)
	at TC_Start_Date_Greater_than_Release_Date.run(TC_Start_Date_Greater_than_Release_Date:18)
	at com.kms.katalon.core.main.ScriptEngine.run(ScriptEngine.java:194)
	at com.kms.katalon.core.main.ScriptEngine.runScriptAsRawText(ScriptEngine.java:119)
	at com.kms.katalon.core.main.TestCaseExecutor.runScript(TestCaseExecutor.java:339)
	at com.kms.katalon.core.main.TestCaseExecutor.doExecute(TestCaseExecutor.java:330)
	at com.kms.katalon.core.main.TestCaseExecutor.processExecutionPhase(TestCaseExecutor.java:309)
	at com.kms.katalon.core.main.TestCaseExecutor.accessMainPhase(TestCaseExecutor.java:301)
	at com.kms.katalon.core.main.TestCaseExecutor.execute(TestCaseExecutor.java:235)
	at com.kms.katalon.core.main.TestSuiteExecutor.accessTestCaseMainPhase(TestSuiteExecutor.java:191)
	at com.kms.katalon.core.main.TestSuiteExecutor.accessTestSuiteMainPhase(TestSuiteExecutor.java:141)
	at com.kms.katalon.core.main.TestSuiteExecutor.execute(TestSuiteExecutor.java:90)
	at com.kms.katalon.core.main.TestCaseMain.startTestSuite(TestCaseMain.java:157)
	at com.kms.katalon.core.main.TestCaseMain$startTestSuite$0.call(Unknown Source)
	at TempTestSuite1611224755804.run(TempTestSuite1611224755804.groovy:39)]]></system-err>
   </testsuite>
</testsuites>
