<?xml version="1.0" encoding="UTF-8"?>
<testsuites name="TS_SLIK_Gateway_Approval_Non_Customer" time="80.373" tests="1" failures="0" errors="0">
   <testsuite name="TS_SLIK_Gateway_Approval_Non_Customer" tests="1" failures="0" errors="0" time="80.373" timestamp="2020-10-15 19:09:27" hostname="chaidir.pratama01 - localhost" id="Test Suites/SLIK/TS_SLIK_Gateway_Approval_Non_Customer">
      <properties>
         <property name="deviceName" value=""/>
         <property name="devicePlatform" value=""/>
         <property name="logFolder" value="/Users/chaidir.pratama01/Katalon Studio/IST_Automation_Git/Reports/20201015_190921/SLIK/TS_SLIK_Gateway_Approval_Non_Customer/20201015_190921"/>
         <property name="logFiles" value="/Users/chaidir.pratama01/Katalon Studio/IST_Automation_Git/Reports/20201015_190921/SLIK/TS_SLIK_Gateway_Approval_Non_Customer/20201015_190921/execution0.log"/>
         <property name="attachments" value="/Users/chaidir.pratama01/Documents/Docs/Katalon Studio/Screenshot/slik.png, /Users/chaidir.pratama01/Documents/Docs/Katalon Studio/Screenshot/slik.png, /Users/chaidir.pratama01/Documents/Docs/Katalon Studio/Screenshot/slik.png, /Users/chaidir.pratama01/Documents/Docs/Katalon Studio/Screenshot/errorpopup.png"/>
         <property name="hostName" value="chaidir.pratama01 - localhost"/>
         <property name="os" value="Mac OS X 64bit"/>
         <property name="katalonVersion" value="7.6.0.${buildNumber}"/>
         <property name="browser" value="Chrome 86.0.4240.80"/>
         <property name="hostAddress" value="127.0.0.1"/>
         <property name="sessionId" value="e53544823a18c03dbef97c9a2a4fad36"/>
         <property name="seleniumVersion" value="3.141.59"/>
         <property name="proxyInformation" value="ProxyInformation { proxyOption=NO_PROXY, proxyServerType=HTTP, username=, password=********, proxyServerAddress=, proxyServerPort=0, executionList=\&quot;\&quot;, isApplyToDesiredCapabilities=true }"/>
         <property name="platform" value="Mac OS X"/>
      </properties>
      <testcase name="Test Cases/IST_Real/SLIK/SLIK_Gateway_Non_Customer/SLIK Gateway Non Customer Checking" time="77.149" classname="Test Cases/IST_Real/SLIK/SLIK_Gateway_Non_Customer/SLIK Gateway Non Customer Checking" status="PASSED">
         <system-out><![CDATA[2020-10-15 19:09:27 - [TEST_CASE][PASSED] - Test Cases/IST_Real/SLIK/SLIK_Gateway_Non_Customer/SLIK Gateway Non Customer Checking: Test Cases/IST_Real/SLIK/SLIK_Gateway_Non_Customer/SLIK Gateway Non Customer Checking

2020-10-15 19:09:27 - [TEST_STEP][PASSED] - runFeatureFile("Include/features/IST_Real/SLIK/SLIK Gateway Non Customer/SLIK Gateway Non Customer Checking.feature"): Feature file: 'Include/features/IST_Real/SLIK/SLIK Gateway Non Customer/SLIK Gateway Non Customer Checking.feature' was passed

2020-10-15 19:09:27 - [MESSAGE][INFO] - Starting run keyword runFeatureFile: 'Include/features/IST_Real/SLIK/SLIK Gateway Non Customer/SLIK Gateway Non Customer Checking.feature' and extract report to folder: '/Users/chaidir.pratama01/Katalon Studio/IST_Automation_Git/Reports/20201015_190921/SLIK/TS_SLIK_Gateway_Approval_Non_Customer/20201015_190921/cucumber_report/1602763767527'...

2020-10-15 19:09:28 - [TEST_CASE][PASSED] - Start Test Case : SCENARIO SLIK Gateway Non Customer Checking: SCENARIO SLIK Gateway Non Customer Checking

2020-10-15 19:09:28 - [TEST_STEP][PASSED] - Go to ISTools: Go to ISTools

2020-10-15 19:09:28 - [MESSAGE][INFO] - Starting 'Chrome' driver

2020-10-15 19:09:28 - [MESSAGE][INFO] - User set preference: ['AcceptInsecureCerts', 'true']

2020-10-15 19:09:28 - [MESSAGE][INFO] - User set preference: ['args', '[ignore-certificate-errors]']

2020-10-15 19:09:28 - [MESSAGE][INFO] - Action delay is set to 0 milliseconds

2020-10-15 19:09:30 - [MESSAGE][PASSED] - Browser is opened with url: ''

2020-10-15 19:09:31 - [MESSAGE][PASSED] - Navigate to 'https://dev-istools.homecredit.id/foundation/' successfully

2020-10-15 19:09:31 - [MESSAGE][PASSED] - Go to ISTools

2020-10-15 19:09:31 - [TEST_STEP][PASSED] - Login IST with valid credentials: Login IST with valid credentials

2020-10-15 19:09:33 - [MESSAGE][PASSED] - Text 'mobile.test' is set on object 'Object Repository/Page_/input_Username_j_username'

2020-10-15 19:09:33 - [MESSAGE][PASSED] - Text ****** has been set on object 'Object Repository/Page_/input_Password_j_password'

2020-10-15 19:09:34 - [MESSAGE][PASSED] - Object: 'Object Repository/Page_/button_Login' is clicked on

2020-10-15 19:09:34 - [MESSAGE][PASSED] - Login IST with valid credentials

2020-10-15 19:09:34 - [TEST_STEP][PASSED] - Login Success for contract dispatcher: Login Success for contract dispatcher

2020-10-15 19:09:34 - [MESSAGE][INFO] - Login Success

2020-10-15 19:09:34 - [MESSAGE][PASSED] - Current window maximized

2020-10-15 19:09:34 - [MESSAGE][PASSED] - Object 'Object Repository/Page_/h1_Welcome to IT Supporting Tools' is present

2020-10-15 19:09:34 - [MESSAGE][PASSED] - Login Success for contract dispatcher

2020-10-15 19:09:34 - [TEST_STEP][PASSED] - Select Menu SLIK Gateway NonCustomer: Select Menu SLIK Gateway NonCustomer

2020-10-15 19:09:35 - [MESSAGE][PASSED] - Object '' is present

2020-10-15 19:09:35 - [MESSAGE][PASSED] - Object: '' is clicked on

2020-10-15 19:09:35 - [MESSAGE][PASSED] - Wait for page load successfully

2020-10-15 19:09:35 - [MESSAGE][PASSED] - Select Menu SLIK Gateway NonCustomer

2020-10-15 19:09:35 - [TEST_STEP][PASSED] - Input Data KTP Number: Input Data KTP Number

2020-10-15 19:09:36 - [MESSAGE][PASSED] - Text '8888888888888888' is set on object ''

2020-10-15 19:09:36 - [MESSAGE][PASSED] - Input Data KTP Number

2020-10-15 19:09:36 - [TEST_STEP][PASSED] - Input Data "Name *" with value "OPEX TestingAuto" for Check SLIK: Input Data "Name *" with value "OPEX TestingAuto" for Check SLIK

2020-10-15 19:09:37 - [MESSAGE][PASSED] - Taking screenshot successfully
[[ATTACHMENT|/Users/chaidir.pratama01/Documents/Docs/Katalon Studio/Screenshot/slik.png]]

2020-10-15 19:09:37 - [MESSAGE][PASSED] - Object '' is visible

2020-10-15 19:09:38 - [MESSAGE][PASSED] - Object: '' is focused

2020-10-15 19:09:38 - [MESSAGE][PASSED] - Text 'OPEX TestingAuto' is set on object ''

2020-10-15 19:09:38 - [MESSAGE][PASSED] - Input Data "Name *" with value "OPEX TestingAuto" for Check SLIK

2020-10-15 19:09:38 - [TEST_STEP][PASSED] - Input Date of Birth "20-02-1990": Input Date of Birth "20-02-1990"

2020-10-15 19:09:39 - [MESSAGE][PASSED] - Text '20-02-1990' is set on object ''

2020-10-15 19:09:42 - [MESSAGE][PASSED] - Delayed 3 second(s)

2020-10-15 19:09:42 - [MESSAGE][PASSED] - Input Date of Birth "20-02-1990"

2020-10-15 19:09:42 - [TEST_STEP][PASSED] - Select Gender "Laki-laki": Select Gender "Laki-laki"

2020-10-15 19:09:42 - [MESSAGE][PASSED] - Object: '' is clicked on

2020-10-15 19:09:42 - [MESSAGE][PASSED] - Select Gender "Laki-laki"

2020-10-15 19:09:42 - [TEST_STEP][PASSED] - Select Purpose is "Penilaian Calon Kemitraan": Select Purpose is "Penilaian Calon Kemitraan"

2020-10-15 19:09:44 - [MESSAGE][PASSED] - All options with value 'Penilaian Calon Kemitraan' are selected in object ''  using regular expression

2020-10-15 19:09:44 - [MESSAGE][PASSED] - Select Purpose is "Penilaian Calon Kemitraan"

2020-10-15 19:09:44 - [TEST_STEP][PASSED] - Input Data "Place of Birth" with value "Jakarta" for Check SLIK: Input Data "Place of Birth" with value "Jakarta" for Check SLIK

2020-10-15 19:09:45 - [MESSAGE][PASSED] - Taking screenshot successfully
[[ATTACHMENT|/Users/chaidir.pratama01/Documents/Docs/Katalon Studio/Screenshot/slik.png]]

2020-10-15 19:09:45 - [MESSAGE][PASSED] - Object '' is visible

2020-10-15 19:09:45 - [MESSAGE][PASSED] - Object: '' is focused

2020-10-15 19:09:46 - [MESSAGE][PASSED] - Text 'Jakarta' is set on object ''

2020-10-15 19:09:46 - [MESSAGE][PASSED] - Input Data "Place of Birth" with value "Jakarta" for Check SLIK

2020-10-15 19:09:46 - [TEST_STEP][PASSED] - Input Data "Mother Maternity Name" with value "Tester Auto" for Check SLIK: Input Data "Mother Maternity Name" with value "Tester Auto" for Check SLIK

2020-10-15 19:09:47 - [MESSAGE][PASSED] - Taking screenshot successfully
[[ATTACHMENT|/Users/chaidir.pratama01/Documents/Docs/Katalon Studio/Screenshot/slik.png]]

2020-10-15 19:09:47 - [MESSAGE][PASSED] - Object '' is visible

2020-10-15 19:09:48 - [MESSAGE][PASSED] - Object: '' is focused

2020-10-15 19:09:48 - [MESSAGE][PASSED] - Text 'Tester Auto' is set on object ''

2020-10-15 19:09:48 - [MESSAGE][PASSED] - Input Data "Mother Maternity Name" with value "Tester Auto" for Check SLIK

2020-10-15 19:09:48 - [TEST_STEP][PASSED] - Input KTP Address "TESTING AUTO JAKARTA": Input KTP Address "TESTING AUTO JAKARTA"

2020-10-15 19:09:49 - [MESSAGE][PASSED] - Text 'TESTING AUTO JAKARTA' is set on object ''

2020-10-15 19:09:49 - [MESSAGE][PASSED] - Input KTP Address "TESTING AUTO JAKARTA"

2020-10-15 19:09:49 - [TEST_STEP][PASSED] - Click button "Upload": Click button "Upload"

2020-10-15 19:09:49 - [MESSAGE][INFO] - >>>>>//Button[contains(text(),'Upload')]

2020-10-15 19:09:54 - [MESSAGE][PASSED] - Object: '' is clicked on

2020-10-15 19:09:54 - [MESSAGE][PASSED] - Click button "Upload"

2020-10-15 19:09:54 - [TEST_STEP][PASSED] - Upload file "new_captcha1500.png": Upload file "new_captcha1500.png"

2020-10-15 19:09:54 - [MESSAGE][PASSED] - Switched to window with index: '0'

2020-10-15 19:10:08 - [MESSAGE][PASSED] - Upload file "new_captcha1500.png"

2020-10-15 19:10:08 - [TEST_STEP][PASSED] - Click button "Check SLIK": Click button "Check SLIK"

2020-10-15 19:10:08 - [MESSAGE][INFO] - >>>>>//Button[contains(text(),'Check SLIK')]

2020-10-15 19:10:12 - [MESSAGE][PASSED] - Object: '' is clicked on

2020-10-15 19:10:12 - [MESSAGE][PASSED] - Click button "Check SLIK"

2020-10-15 19:10:12 - [TEST_STEP][PASSED] - Get text from pop up "Confirmation Submit Request" with text "Are you sure to submit this data ?": Get text from pop up "Confirmation Submit Request" with text "Are you sure to submit this data ?"

2020-10-15 19:10:13 - [MESSAGE][PASSED] - Taking screenshot successfully
[[ATTACHMENT|/Users/chaidir.pratama01/Documents/Docs/Katalon Studio/Screenshot/errorpopup.png]]

2020-10-15 19:10:13 - [MESSAGE][PASSED] - Object '' is present

2020-10-15 19:10:13 - [MESSAGE][PASSED] - Wait for page load successfully

2020-10-15 19:10:13 - [MESSAGE][PASSED] - Wait for page load successfully

2020-10-15 19:10:13 - [MESSAGE][PASSED] - Get text from pop up "Confirmation Submit Request" with text "Are you sure to submit this data ?"

2020-10-15 19:10:13 - [TEST_STEP][PASSED] - Click button "Yes": Click button "Yes"

2020-10-15 19:10:13 - [MESSAGE][INFO] - >>>>>//Button[contains(text(),'Yes')]

2020-10-15 19:10:17 - [MESSAGE][PASSED] - Object: '' is clicked on

2020-10-15 19:10:17 - [MESSAGE][PASSED] - Click button "Yes"

2020-10-15 19:10:17 - [TEST_STEP][PASSED] - Verify KTP Number Request Success: Verify KTP Number Request Success

2020-10-15 19:10:37 - [MESSAGE][PASSED] - Object '' is present

2020-10-15 19:10:37 - [MESSAGE][PASSED] - Verify KTP Number Request Success

2020-10-15 19:10:37 - [TEST_STEP][PASSED] - Click button "OK": Click button "OK"

2020-10-15 19:10:37 - [MESSAGE][INFO] - >>>>>//Button[contains(text(),'OK')]

2020-10-15 19:10:40 - [MESSAGE][PASSED] - Object: '' is clicked on

2020-10-15 19:10:40 - [MESSAGE][PASSED] - Click button "OK"

2020-10-15 19:10:40 - [TEST_STEP][PASSED] - Click button "Logout": Click button "Logout"

2020-10-15 19:10:40 - [MESSAGE][INFO] - >>>>>//Button[contains(text(),'Logout')]

2020-10-15 19:10:44 - [MESSAGE][PASSED] - Object: '' is clicked on

2020-10-15 19:10:44 - [MESSAGE][PASSED] - Click button "Logout"

2020-10-15 19:10:44 - [TEST_STEP][PASSED] - Close browser: Close browser

2020-10-15 19:10:44 - [MESSAGE][PASSED] - Browser is closed

2020-10-15 19:10:44 - [MESSAGE][PASSED] - Close browser

2020-10-15 19:10:44 - [MESSAGE][PASSED] - Feature file: 'Include/features/IST_Real/SLIK/SLIK Gateway Non Customer/SLIK Gateway Non Customer Checking.feature' was passed]]></system-out>
         <system-err><![CDATA[]]></system-err>
      </testcase>
      <system-out><![CDATA[2020-10-15 19:09:27 - [TEST_SUITE][PASSED] - TS_SLIK_Gateway_Approval_Non_Customer: Test Cases/IST_Real/SLIK/SLIK_Gateway_Non_Customer/SLIK Gateway Non Customer Checking]]></system-out>
      <system-err><![CDATA[]]></system-err>
   </testsuite>
</testsuites>
