<?xml version="1.0" encoding="UTF-8"?>
<testsuites name="TS_SLIK_Gateway_Customer" time="165.426" tests="7" failures="0" errors="0">
   <testsuite name="TS_SLIK_Gateway_Customer" tests="7" failures="0" errors="0" time="165.426" timestamp="2020-09-22 23:13:35" hostname="chaidir.pratama01 - 192.168.1.4" id="Test Suites/SLIK/TS_SLIK_Gateway_Customer">
      <properties>
         <property name="deviceName" value=""/>
         <property name="devicePlatform" value=""/>
         <property name="logFolder" value="/Users/chaidir.pratama01/Katalon Studio/IST_Automation_Git/Reports/20200922_231328/SLIK/TS_SLIK_Gateway_Customer/20200922_231328"/>
         <property name="logFiles" value="/Users/chaidir.pratama01/Katalon Studio/IST_Automation_Git/Reports/20200922_231328/SLIK/TS_SLIK_Gateway_Customer/20200922_231328/execution0.log"/>
         <property name="attachments" value="/Users/chaidir.pratama01/Documents/Docs/Katalon Studio/Screenshot/slik.png, /Users/chaidir.pratama01/Documents/Docs/Katalon Studio/Screenshot/slik.png, /Users/chaidir.pratama01/Documents/Docs/Katalon Studio/Screenshot/slik.png"/>
         <property name="hostName" value="chaidir.pratama01 - 192.168.1.4"/>
         <property name="os" value="Mac OS X 64bit"/>
         <property name="katalonVersion" value="7.6.0.${buildNumber}"/>
         <property name="browser" value="Chrome 85.0.4183.102"/>
         <property name="hostAddress" value="192.168.1.4"/>
         <property name="sessionId" value="d8ca118984e6cd045a61f48d9fdb0310"/>
         <property name="seleniumVersion" value="3.141.59"/>
         <property name="proxyInformation" value="ProxyInformation { proxyOption=NO_PROXY, proxyServerType=HTTP, username=, password=********, proxyServerAddress=, proxyServerPort=0, executionList=\&quot;\&quot;, isApplyToDesiredCapabilities=true }"/>
         <property name="platform" value="Mac OS X"/>
      </properties>
      <testcase name="Test Cases/IST_Real/SLIK/SLIK_Gateway_Customer/Open_Menu_SLIK_Gateway_Customer" time="42.669" classname="Test Cases/IST_Real/SLIK/SLIK_Gateway_Customer/Open_Menu_SLIK_Gateway_Customer" status="PASSED">
         <system-out><![CDATA[2020-09-22 23:13:35 - [TEST_CASE][PASSED] - Test Cases/IST_Real/SLIK/SLIK_Gateway_Customer/Open_Menu_SLIK_Gateway_Customer: Test Cases/IST_Real/SLIK/SLIK_Gateway_Customer/Open_Menu_SLIK_Gateway_Customer

2020-09-22 23:13:35 - [TEST_STEP][PASSED] - runFeatureFile("Include/features/IST_Real/SLIK/SLIK Gateway Customer/Open_Menu_SLIK_Gateway_Customer.feature"): Feature file: 'Include/features/IST_Real/SLIK/SLIK Gateway Customer/Open_Menu_SLIK_Gateway_Customer.feature' was passed

2020-09-22 23:13:35 - [MESSAGE][INFO] - Starting run keyword runFeatureFile: 'Include/features/IST_Real/SLIK/SLIK Gateway Customer/Open_Menu_SLIK_Gateway_Customer.feature' and extract report to folder: '/Users/chaidir.pratama01/Katalon Studio/IST_Automation_Git/Reports/20200922_231328/SLIK/TS_SLIK_Gateway_Customer/20200922_231328/cucumber_report/1600791215704'...

2020-09-22 23:13:36 - [TEST_CASE][PASSED] - Start Test Case : SCENARIO Menu SLIK Gateway Customer in IST and Verify Element Needed Exist: SCENARIO Menu SLIK Gateway Customer in IST and Verify Element Needed Exist

2020-09-22 23:13:36 - [TEST_STEP][PASSED] - Go to ISTools: Go to ISTools

2020-09-22 23:13:36 - [MESSAGE][INFO] - Starting 'Chrome' driver

2020-09-22 23:13:36 - [MESSAGE][INFO] - User set preference: ['AcceptInsecureCerts', 'true']

2020-09-22 23:13:36 - [MESSAGE][INFO] - User set preference: ['args', '[ignore-certificate-errors]']

2020-09-22 23:13:36 - [MESSAGE][INFO] - Action delay is set to 0 milliseconds

2020-09-22 23:13:38 - [MESSAGE][PASSED] - Browser is opened with url: ''

2020-09-22 23:13:41 - [MESSAGE][PASSED] - Navigate to 'https://dev-istools.homecredit.id/foundation/' successfully

2020-09-22 23:13:41 - [MESSAGE][PASSED] - Go to ISTools

2020-09-22 23:13:41 - [TEST_STEP][PASSED] - Login IST with valid credentials: Login IST with valid credentials

2020-09-22 23:13:42 - [MESSAGE][PASSED] - Text 'mobile.test' is set on object 'Object Repository/Page_/input_Username_j_username'

2020-09-22 23:13:43 - [MESSAGE][PASSED] - Text ****** has been set on object 'Object Repository/Page_/input_Password_j_password'

2020-09-22 23:13:44 - [MESSAGE][PASSED] - Object: 'Object Repository/Page_/button_Login' is clicked on

2020-09-22 23:13:44 - [MESSAGE][PASSED] - Login IST with valid credentials

2020-09-22 23:13:44 - [TEST_STEP][PASSED] - Login Success for contract dispatcher: Login Success for contract dispatcher

2020-09-22 23:13:44 - [MESSAGE][INFO] - Login Success

2020-09-22 23:13:44 - [MESSAGE][PASSED] - Current window maximized

2020-09-22 23:13:44 - [MESSAGE][PASSED] - Object 'Object Repository/Page_/h1_Welcome to IT Supporting Tools' is present

2020-09-22 23:13:44 - [MESSAGE][PASSED] - Login Success for contract dispatcher

2020-09-22 23:13:44 - [TEST_STEP][PASSED] - Select Menu "SLIK Gateway Customer": Select Menu "SLIK Gateway Customer"

2020-09-22 23:13:45 - [MESSAGE][PASSED] - Object '' is present

2020-09-22 23:13:45 - [MESSAGE][PASSED] - Object: '' is clicked on

2020-09-22 23:13:45 - [MESSAGE][PASSED] - Wait for page load successfully

2020-09-22 23:13:45 - [MESSAGE][PASSED] - Select Menu "SLIK Gateway Customer"

2020-09-22 23:13:45 - [TEST_STEP][PASSED] - Verify Title "SLIK Gateway Customer" Exists: Verify Title "SLIK Gateway Customer" Exists

2020-09-22 23:13:46 - [MESSAGE][PASSED] - Object '' is present

2020-09-22 23:13:46 - [MESSAGE][PASSED] - Object: '' is focused

2020-09-22 23:13:46 - [MESSAGE][PASSED] - Verify Title "SLIK Gateway Customer" Exists

2020-09-22 23:13:46 - [TEST_STEP][PASSED] - Verify Title "Check SLIK" Exists: Verify Title "Check SLIK" Exists

2020-09-22 23:13:47 - [MESSAGE][PASSED] - Object '' is present

2020-09-22 23:13:47 - [MESSAGE][PASSED] - Object: '' is focused

2020-09-22 23:13:47 - [MESSAGE][PASSED] - Verify Title "Check SLIK" Exists

2020-09-22 23:13:47 - [TEST_STEP][PASSED] - Verify Contents of Check SLIK Label in SLIK Gateway Customer Menu Exist: Verify Contents of Check SLIK Label in SLIK Gateway Customer Menu Exist

2020-09-22 23:13:48 - [MESSAGE][PASSED] - Object '' is present

2020-09-22 23:13:48 - [MESSAGE][PASSED] - Object: '' is focused

2020-09-22 23:13:49 - [MESSAGE][PASSED] - Object '' is present

2020-09-22 23:13:49 - [MESSAGE][PASSED] - Object: '' is focused

2020-09-22 23:13:49 - [MESSAGE][PASSED] - Object '' is present

2020-09-22 23:13:50 - [MESSAGE][PASSED] - Object: '' is focused

2020-09-22 23:13:50 - [MESSAGE][PASSED] - Object '' is present

2020-09-22 23:13:50 - [MESSAGE][PASSED] - Object: '' is focused

2020-09-22 23:13:51 - [MESSAGE][PASSED] - Object '' is present

2020-09-22 23:13:51 - [MESSAGE][PASSED] - Object: '' is focused

2020-09-22 23:13:52 - [MESSAGE][PASSED] - Object '' is present

2020-09-22 23:13:52 - [MESSAGE][PASSED] - Object: '' is focused

2020-09-22 23:13:53 - [MESSAGE][PASSED] - Object '' is present

2020-09-22 23:13:53 - [MESSAGE][PASSED] - Object: '' is focused

2020-09-22 23:13:53 - [MESSAGE][PASSED] - Object '' is present

2020-09-22 23:13:54 - [MESSAGE][PASSED] - Object: '' is focused

2020-09-22 23:13:54 - [MESSAGE][PASSED] - Object '' is present

2020-09-22 23:13:54 - [MESSAGE][PASSED] - Object: '' is focused

2020-09-22 23:13:55 - [MESSAGE][PASSED] - Object '' is present

2020-09-22 23:13:55 - [MESSAGE][PASSED] - Object: '' is focused

2020-09-22 23:13:55 - [MESSAGE][PASSED] - Object '' is present

2020-09-22 23:13:55 - [MESSAGE][PASSED] - Object: '' is focused

2020-09-22 23:13:56 - [MESSAGE][PASSED] - Object '' is present

2020-09-22 23:13:56 - [MESSAGE][PASSED] - Object: '' is focused

2020-09-22 23:13:56 - [MESSAGE][PASSED] - Object '' is present

2020-09-22 23:13:57 - [MESSAGE][PASSED] - Object: '' is focused

2020-09-22 23:13:57 - [MESSAGE][PASSED] - Object '' is present

2020-09-22 23:13:57 - [MESSAGE][PASSED] - Object: '' is focused

2020-09-22 23:13:58 - [MESSAGE][PASSED] - Object '' is present

2020-09-22 23:13:58 - [MESSAGE][PASSED] - Object: '' is focused

2020-09-22 23:13:58 - [MESSAGE][PASSED] - Object '' is present

2020-09-22 23:13:58 - [MESSAGE][PASSED] - Object: '' is focused

2020-09-22 23:13:59 - [MESSAGE][PASSED] - Object '' is present

2020-09-22 23:14:02 - [MESSAGE][PASSED] - Delayed 3 second(s)

2020-09-22 23:14:02 - [MESSAGE][PASSED] - Object: '' is focused

2020-09-22 23:14:05 - [MESSAGE][PASSED] - Delayed 3 second(s)

2020-09-22 23:14:05 - [MESSAGE][PASSED] - Object '' is present

2020-09-22 23:14:06 - [MESSAGE][PASSED] - Object: '' is focused

2020-09-22 23:14:06 - [MESSAGE][PASSED] - Object '' is present

2020-09-22 23:14:07 - [MESSAGE][PASSED] - Object: '' is focused

2020-09-22 23:14:07 - [MESSAGE][PASSED] - Verify Contents of Check SLIK Label in SLIK Gateway Customer Menu Exist

2020-09-22 23:14:07 - [TEST_STEP][PASSED] - Verify Title "Search Result" Exists: Verify Title "Search Result" Exists

2020-09-22 23:14:07 - [MESSAGE][PASSED] - Object '' is present

2020-09-22 23:14:07 - [MESSAGE][PASSED] - Object: '' is focused

2020-09-22 23:14:07 - [MESSAGE][PASSED] - Verify Title "Search Result" Exists

2020-09-22 23:14:07 - [TEST_STEP][PASSED] - Verify Contents of Search Result: Verify Contents of Search Result

2020-09-22 23:14:08 - [MESSAGE][PASSED] - Object '' is present

2020-09-22 23:14:08 - [MESSAGE][PASSED] - Object: '' is focused

2020-09-22 23:14:08 - [MESSAGE][PASSED] - Object '' is present

2020-09-22 23:14:09 - [MESSAGE][PASSED] - Object: '' is focused

2020-09-22 23:14:09 - [MESSAGE][PASSED] - Object '' is present

2020-09-22 23:14:09 - [MESSAGE][PASSED] - Object: '' is focused

2020-09-22 23:14:10 - [MESSAGE][PASSED] - Object '' is present

2020-09-22 23:14:10 - [MESSAGE][PASSED] - Object: '' is focused

2020-09-22 23:14:11 - [MESSAGE][PASSED] - Object '' is present

2020-09-22 23:14:11 - [MESSAGE][PASSED] - Object: '' is focused

2020-09-22 23:14:11 - [MESSAGE][PASSED] - Object '' is present

2020-09-22 23:14:12 - [MESSAGE][PASSED] - Object: '' is focused

2020-09-22 23:14:12 - [MESSAGE][PASSED] - Object '' is present

2020-09-22 23:14:12 - [MESSAGE][PASSED] - Object: '' is focused

2020-09-22 23:14:13 - [MESSAGE][PASSED] - Object '' is present

2020-09-22 23:14:13 - [MESSAGE][PASSED] - Object: '' is focused

2020-09-22 23:14:13 - [MESSAGE][PASSED] - Object '' is present

2020-09-22 23:14:14 - [MESSAGE][PASSED] - Object: '' is focused

2020-09-22 23:14:14 - [MESSAGE][PASSED] - Verify Contents of Search Result

2020-09-22 23:14:14 - [TEST_STEP][PASSED] - Click button "Logout": Click button "Logout"

2020-09-22 23:14:14 - [MESSAGE][INFO] - >>>>>//Button[contains(text(),'Logout')]

2020-09-22 23:14:18 - [MESSAGE][PASSED] - Object: '' is clicked on

2020-09-22 23:14:18 - [MESSAGE][PASSED] - Click button "Logout"

2020-09-22 23:14:18 - [TEST_STEP][PASSED] - Close browser: Close browser

2020-09-22 23:14:18 - [MESSAGE][PASSED] - Browser is closed

2020-09-22 23:14:18 - [MESSAGE][PASSED] - Close browser

2020-09-22 23:14:18 - [MESSAGE][PASSED] - Feature file: 'Include/features/IST_Real/SLIK/SLIK Gateway Customer/Open_Menu_SLIK_Gateway_Customer.feature' was passed]]></system-out>
         <system-err><![CDATA[]]></system-err>
      </testcase>
      <testcase name="Test Cases/IST_Real/SLIK/SLIK_Gateway_Customer/SLIK Gateway Customer Checking" time="56.63" classname="Test Cases/IST_Real/SLIK/SLIK_Gateway_Customer/SLIK Gateway Customer Checking" status="PASSED">
         <system-out><![CDATA[2020-09-22 23:14:18 - [TEST_CASE][PASSED] - Test Cases/IST_Real/SLIK/SLIK_Gateway_Customer/SLIK Gateway Customer Checking: Test Cases/IST_Real/SLIK/SLIK_Gateway_Customer/SLIK Gateway Customer Checking

2020-09-22 23:14:18 - [TEST_STEP][PASSED] - runFeatureFile("Include/features/IST_Real/SLIK/SLIK Gateway Customer/SLIK Gateway Customer Checking.feature"): Feature file: 'Include/features/IST_Real/SLIK/SLIK Gateway Customer/SLIK Gateway Customer Checking.feature' was passed

2020-09-22 23:14:18 - [MESSAGE][INFO] - Starting run keyword runFeatureFile: 'Include/features/IST_Real/SLIK/SLIK Gateway Customer/SLIK Gateway Customer Checking.feature' and extract report to folder: '/Users/chaidir.pratama01/Katalon Studio/IST_Automation_Git/Reports/20200922_231328/SLIK/TS_SLIK_Gateway_Customer/20200922_231328/cucumber_report/1600791258311'...

2020-09-22 23:14:18 - [TEST_CASE][PASSED] - Start Test Case : SCENARIO SLIK Gateway Customer Checking: SCENARIO SLIK Gateway Customer Checking

2020-09-22 23:14:18 - [TEST_STEP][PASSED] - Go to ISTools: Go to ISTools

2020-09-22 23:14:18 - [MESSAGE][INFO] - Starting 'Chrome' driver

2020-09-22 23:14:18 - [MESSAGE][INFO] - User set preference: ['AcceptInsecureCerts', 'true']

2020-09-22 23:14:18 - [MESSAGE][INFO] - User set preference: ['args', '[ignore-certificate-errors]']

2020-09-22 23:14:18 - [MESSAGE][INFO] - Action delay is set to 0 milliseconds

2020-09-22 23:14:19 - [MESSAGE][PASSED] - Browser is opened with url: ''

2020-09-22 23:14:22 - [MESSAGE][PASSED] - Navigate to 'https://dev-istools.homecredit.id/foundation/' successfully

2020-09-22 23:14:22 - [MESSAGE][PASSED] - Go to ISTools

2020-09-22 23:14:22 - [TEST_STEP][PASSED] - Login IST with valid credentials: Login IST with valid credentials

2020-09-22 23:14:22 - [MESSAGE][PASSED] - Text 'mobile.test' is set on object 'Object Repository/Page_/input_Username_j_username'

2020-09-22 23:14:23 - [MESSAGE][PASSED] - Text ****** has been set on object 'Object Repository/Page_/input_Password_j_password'

2020-09-22 23:14:24 - [MESSAGE][PASSED] - Object: 'Object Repository/Page_/button_Login' is clicked on

2020-09-22 23:14:24 - [MESSAGE][PASSED] - Login IST with valid credentials

2020-09-22 23:14:24 - [TEST_STEP][PASSED] - Login Success for contract dispatcher: Login Success for contract dispatcher

2020-09-22 23:14:24 - [MESSAGE][INFO] - Login Success

2020-09-22 23:14:24 - [MESSAGE][PASSED] - Current window maximized

2020-09-22 23:14:24 - [MESSAGE][PASSED] - Object 'Object Repository/Page_/h1_Welcome to IT Supporting Tools' is present

2020-09-22 23:14:24 - [MESSAGE][PASSED] - Login Success for contract dispatcher

2020-09-22 23:14:24 - [TEST_STEP][PASSED] - Select Menu SLIK Gateway Customer: Select Menu SLIK Gateway Customer

2020-09-22 23:14:24 - [MESSAGE][PASSED] - Object '' is present

2020-09-22 23:14:25 - [MESSAGE][PASSED] - Object: '' is clicked on

2020-09-22 23:14:25 - [MESSAGE][PASSED] - Wait for page load successfully

2020-09-22 23:14:25 - [MESSAGE][PASSED] - Select Menu SLIK Gateway Customer

2020-09-22 23:14:25 - [TEST_STEP][PASSED] - Input Data KTP Number: Input Data KTP Number

2020-09-22 23:14:26 - [MESSAGE][PASSED] - Text '9999999999999999' is set on object ''

2020-09-22 23:14:26 - [MESSAGE][PASSED] - Input Data KTP Number

2020-09-22 23:14:26 - [TEST_STEP][PASSED] - Input Data "Name *" with value "OPEX TestingAuto" for Check SLIK: Input Data "Name *" with value "OPEX TestingAuto" for Check SLIK

2020-09-22 23:14:27 - [MESSAGE][PASSED] - Taking screenshot successfully
[[ATTACHMENT|/Users/chaidir.pratama01/Documents/Docs/Katalon Studio/Screenshot/slik.png]]

2020-09-22 23:14:27 - [MESSAGE][PASSED] - Object '' is visible

2020-09-22 23:14:28 - [MESSAGE][PASSED] - Object: '' is focused

2020-09-22 23:14:28 - [MESSAGE][PASSED] - Text 'OPEX TestingAuto' is set on object ''

2020-09-22 23:14:28 - [MESSAGE][PASSED] - Input Data "Name *" with value "OPEX TestingAuto" for Check SLIK

2020-09-22 23:14:28 - [TEST_STEP][PASSED] - Input Date of Birth "20-Feb-1990": Input Date of Birth "20-Feb-1990"

2020-09-22 23:14:29 - [MESSAGE][PASSED] - Text '20-Feb-1990' is set on object ''

2020-09-22 23:14:32 - [MESSAGE][PASSED] - Delayed 3 second(s)

2020-09-22 23:14:32 - [MESSAGE][PASSED] - Input Date of Birth "20-Feb-1990"

2020-09-22 23:14:32 - [TEST_STEP][PASSED] - Select Gender "Laki-laki": Select Gender "Laki-laki"

2020-09-22 23:14:32 - [MESSAGE][PASSED] - Object: '' is clicked on

2020-09-22 23:14:32 - [MESSAGE][PASSED] - Select Gender "Laki-laki"

2020-09-22 23:14:32 - [TEST_STEP][PASSED] - Select Purpose is "Penilaian Calon Kemitraan": Select Purpose is "Penilaian Calon Kemitraan"

2020-09-22 23:14:34 - [MESSAGE][PASSED] - All options with value 'Penilaian Calon Kemitraan' are selected in object ''  using regular expression

2020-09-22 23:14:34 - [MESSAGE][PASSED] - Select Purpose is "Penilaian Calon Kemitraan"

2020-09-22 23:14:34 - [TEST_STEP][PASSED] - Input Data "Place of Birth" with value "Jakarta" for Check SLIK: Input Data "Place of Birth" with value "Jakarta" for Check SLIK

2020-09-22 23:14:34 - [MESSAGE][PASSED] - Taking screenshot successfully
[[ATTACHMENT|/Users/chaidir.pratama01/Documents/Docs/Katalon Studio/Screenshot/slik.png]]

2020-09-22 23:14:35 - [MESSAGE][PASSED] - Object '' is visible

2020-09-22 23:14:35 - [MESSAGE][PASSED] - Object: '' is focused

2020-09-22 23:14:36 - [MESSAGE][PASSED] - Text 'Jakarta' is set on object ''

2020-09-22 23:14:36 - [MESSAGE][PASSED] - Input Data "Place of Birth" with value "Jakarta" for Check SLIK

2020-09-22 23:14:36 - [TEST_STEP][PASSED] - Input Data "Mother Maternity Name" with value "Tester Auto" for Check SLIK: Input Data "Mother Maternity Name" with value "Tester Auto" for Check SLIK

2020-09-22 23:14:37 - [MESSAGE][PASSED] - Taking screenshot successfully
[[ATTACHMENT|/Users/chaidir.pratama01/Documents/Docs/Katalon Studio/Screenshot/slik.png]]

2020-09-22 23:14:37 - [MESSAGE][PASSED] - Object '' is visible

2020-09-22 23:14:38 - [MESSAGE][PASSED] - Object: '' is focused

2020-09-22 23:14:38 - [MESSAGE][PASSED] - Text 'Tester Auto' is set on object ''

2020-09-22 23:14:38 - [MESSAGE][PASSED] - Input Data "Mother Maternity Name" with value "Tester Auto" for Check SLIK

2020-09-22 23:14:38 - [TEST_STEP][PASSED] - Input KTP Address "TESTING AUTO JAKARTA": Input KTP Address "TESTING AUTO JAKARTA"

2020-09-22 23:14:39 - [MESSAGE][PASSED] - Text 'TESTING AUTO JAKARTA' is set on object ''

2020-09-22 23:14:39 - [MESSAGE][PASSED] - Input KTP Address "TESTING AUTO JAKARTA"

2020-09-22 23:14:39 - [TEST_STEP][PASSED] - Click button "Check SLIK": Click button "Check SLIK"

2020-09-22 23:14:39 - [MESSAGE][INFO] - >>>>>//Button[contains(text(),'Check SLIK')]

2020-09-22 23:14:42 - [MESSAGE][PASSED] - Object: '' is clicked on

2020-09-22 23:14:42 - [MESSAGE][PASSED] - Click button "Check SLIK"

2020-09-22 23:14:42 - [TEST_STEP][PASSED] - Get text from pop up "Confirmation Submit Request" with text "Are you sure to submit this data ?": Get text from pop up "Confirmation Submit Request" with text "Are you sure to submit this data ?"

2020-09-22 23:14:43 - [MESSAGE][PASSED] - Object '' is present

2020-09-22 23:14:43 - [MESSAGE][PASSED] - Wait for page load successfully

2020-09-22 23:14:43 - [MESSAGE][PASSED] - Wait for page load successfully

2020-09-22 23:14:43 - [MESSAGE][PASSED] - Get text from pop up "Confirmation Submit Request" with text "Are you sure to submit this data ?"

2020-09-22 23:14:43 - [TEST_STEP][PASSED] - Click button "Yes": Click button "Yes"

2020-09-22 23:14:43 - [MESSAGE][INFO] - >>>>>//Button[contains(text(),'Yes')]

2020-09-22 23:14:46 - [MESSAGE][PASSED] - Object: '' is clicked on

2020-09-22 23:14:46 - [MESSAGE][PASSED] - Click button "Yes"

2020-09-22 23:14:46 - [TEST_STEP][PASSED] - Verify KTP Number Request Success: Verify KTP Number Request Success

2020-09-22 23:15:07 - [MESSAGE][PASSED] - Object '' is present

2020-09-22 23:15:07 - [MESSAGE][PASSED] - Verify KTP Number Request Success

2020-09-22 23:15:07 - [TEST_STEP][PASSED] - Click button "OK": Click button "OK"

2020-09-22 23:15:07 - [MESSAGE][INFO] - >>>>>//Button[contains(text(),'OK')]

2020-09-22 23:15:10 - [MESSAGE][PASSED] - Object: '' is clicked on

2020-09-22 23:15:10 - [MESSAGE][PASSED] - Click button "OK"

2020-09-22 23:15:10 - [TEST_STEP][PASSED] - Click button "Logout": Click button "Logout"

2020-09-22 23:15:10 - [MESSAGE][INFO] - >>>>>//Button[contains(text(),'Logout')]

2020-09-22 23:15:14 - [MESSAGE][PASSED] - Object: '' is clicked on

2020-09-22 23:15:14 - [MESSAGE][PASSED] - Click button "Logout"

2020-09-22 23:15:14 - [TEST_STEP][PASSED] - Close browser: Close browser

2020-09-22 23:15:14 - [MESSAGE][PASSED] - Browser is closed

2020-09-22 23:15:14 - [MESSAGE][PASSED] - Close browser

2020-09-22 23:15:14 - [MESSAGE][PASSED] - Feature file: 'Include/features/IST_Real/SLIK/SLIK Gateway Customer/SLIK Gateway Customer Checking.feature' was passed]]></system-out>
         <system-err><![CDATA[]]></system-err>
      </testcase>
      <testcase name="Test Cases/IST_Real/SLIK/SLIK_Gateway_Customer/SELECT_KTP_NUMBER_CUSTOMER_from_DB" time="1.414" classname="Test Cases/IST_Real/SLIK/SLIK_Gateway_Customer/SELECT_KTP_NUMBER_CUSTOMER_from_DB" status="PASSED">
         <system-out><![CDATA[2020-09-22 23:15:14 - [TEST_CASE][PASSED] - Test Cases/IST_Real/SLIK/SLIK_Gateway_Customer/SELECT_KTP_NUMBER_CUSTOMER_from_DB: Test Cases/IST_Real/SLIK/SLIK_Gateway_Customer/SELECT_KTP_NUMBER_CUSTOMER_from_DB

2020-09-22 23:15:14 - [TEST_STEP][PASSED] - runFeatureFile("Include/features/IST_Real/SLIK/SLIK Gateway Customer/SELECT_KTP_NUMBER_CUSTOMER_from_DB.feature"): Feature file: 'Include/features/IST_Real/SLIK/SLIK Gateway Customer/SELECT_KTP_NUMBER_CUSTOMER_from_DB.feature' was passed

2020-09-22 23:15:14 - [MESSAGE][INFO] - Starting run keyword runFeatureFile: 'Include/features/IST_Real/SLIK/SLIK Gateway Customer/SELECT_KTP_NUMBER_CUSTOMER_from_DB.feature' and extract report to folder: '/Users/chaidir.pratama01/Katalon Studio/IST_Automation_Git/Reports/20200922_231328/SLIK/TS_SLIK_Gateway_Customer/20200922_231328/cucumber_report/1600791314909'...

2020-09-22 23:15:15 - [TEST_CASE][PASSED] - Start Test Case : SCENARIO SELECT KTP Number Customer From Table SLIK_DATA_CUSTOMER: SCENARIO SELECT KTP Number Customer From Table SLIK_DATA_CUSTOMER

2020-09-22 23:15:15 - [TEST_STEP][PASSED] - Connect to Database: Connect to Database

2020-09-22 23:15:15 - [MESSAGE][PASSED] - Connect to Database

2020-09-22 23:15:15 - [TEST_STEP][PASSED] - Check KTP Number Customer in DB: Check KTP Number Customer in DB

2020-09-22 23:15:16 - [MESSAGE][PASSED] - Check KTP Number Customer in DB

2020-09-22 23:15:16 - [MESSAGE][PASSED] - Feature file: 'Include/features/IST_Real/SLIK/SLIK Gateway Customer/SELECT_KTP_NUMBER_CUSTOMER_from_DB.feature' was passed]]></system-out>
         <system-err><![CDATA[]]></system-err>
      </testcase>
      <testcase name="Test Cases/IST_Real/SLIK/SLIK_Gateway_Customer/SLIK Gateaway Customer Search_By_KTP" time="17.332" classname="Test Cases/IST_Real/SLIK/SLIK_Gateway_Customer/SLIK Gateaway Customer Search_By_KTP" status="PASSED">
         <system-out><![CDATA[2020-09-22 23:15:16 - [TEST_CASE][PASSED] - Test Cases/IST_Real/SLIK/SLIK_Gateway_Customer/SLIK Gateaway Customer Search_By_KTP: Test Cases/IST_Real/SLIK/SLIK_Gateway_Customer/SLIK Gateaway Customer Search_By_KTP

2020-09-22 23:15:16 - [TEST_STEP][PASSED] - runFeatureFile("Include/features/IST_Real/SLIK/SLIK Gateway Customer/SLIK Gateaway Customer Search_By_KTP.feature"): Feature file: 'Include/features/IST_Real/SLIK/SLIK Gateway Customer/SLIK Gateaway Customer Search_By_KTP.feature' was passed

2020-09-22 23:15:16 - [MESSAGE][INFO] - Starting run keyword runFeatureFile: 'Include/features/IST_Real/SLIK/SLIK Gateway Customer/SLIK Gateaway Customer Search_By_KTP.feature' and extract report to folder: '/Users/chaidir.pratama01/Katalon Studio/IST_Automation_Git/Reports/20200922_231328/SLIK/TS_SLIK_Gateway_Customer/20200922_231328/cucumber_report/1600791316320'...

2020-09-22 23:15:16 - [TEST_CASE][PASSED] - Start Test Case : SCENARIO SLIK Gateway Customer Search Result: SCENARIO SLIK Gateway Customer Search Result

2020-09-22 23:15:16 - [TEST_STEP][PASSED] - Go to ISTools: Go to ISTools

2020-09-22 23:15:16 - [MESSAGE][INFO] - Starting 'Chrome' driver

2020-09-22 23:15:16 - [MESSAGE][INFO] - User set preference: ['AcceptInsecureCerts', 'true']

2020-09-22 23:15:16 - [MESSAGE][INFO] - User set preference: ['args', '[ignore-certificate-errors]']

2020-09-22 23:15:16 - [MESSAGE][INFO] - Action delay is set to 0 milliseconds

2020-09-22 23:15:17 - [MESSAGE][PASSED] - Browser is opened with url: ''

2020-09-22 23:15:20 - [MESSAGE][PASSED] - Navigate to 'https://dev-istools.homecredit.id/foundation/' successfully

2020-09-22 23:15:20 - [MESSAGE][PASSED] - Go to ISTools

2020-09-22 23:15:20 - [TEST_STEP][PASSED] - Login IST with valid credentials: Login IST with valid credentials

2020-09-22 23:15:21 - [MESSAGE][PASSED] - Text 'mobile.test' is set on object 'Object Repository/Page_/input_Username_j_username'

2020-09-22 23:15:21 - [MESSAGE][PASSED] - Text ****** has been set on object 'Object Repository/Page_/input_Password_j_password'

2020-09-22 23:15:22 - [MESSAGE][PASSED] - Object: 'Object Repository/Page_/button_Login' is clicked on

2020-09-22 23:15:22 - [MESSAGE][PASSED] - Login IST with valid credentials

2020-09-22 23:15:22 - [TEST_STEP][PASSED] - Login Success for contract dispatcher: Login Success for contract dispatcher

2020-09-22 23:15:22 - [MESSAGE][INFO] - Login Success

2020-09-22 23:15:22 - [MESSAGE][PASSED] - Current window maximized

2020-09-22 23:15:22 - [MESSAGE][PASSED] - Object 'Object Repository/Page_/h1_Welcome to IT Supporting Tools' is present

2020-09-22 23:15:22 - [MESSAGE][PASSED] - Login Success for contract dispatcher

2020-09-22 23:15:22 - [TEST_STEP][PASSED] - Select Menu SLIK Gateway Customer: Select Menu SLIK Gateway Customer

2020-09-22 23:15:23 - [MESSAGE][PASSED] - Object '' is present

2020-09-22 23:15:23 - [MESSAGE][PASSED] - Object: '' is clicked on

2020-09-22 23:15:23 - [MESSAGE][PASSED] - Wait for page load successfully

2020-09-22 23:15:23 - [MESSAGE][PASSED] - Select Menu SLIK Gateway Customer

2020-09-22 23:15:23 - [TEST_STEP][PASSED] - Input Data KTP Number for Search Result: Input Data KTP Number for Search Result

2020-09-22 23:15:24 - [MESSAGE][PASSED] - Scroll to object '' successfully

2020-09-22 23:15:24 - [MESSAGE][PASSED] - Text '9999999999999999' is set on object ''

2020-09-22 23:15:24 - [MESSAGE][PASSED] - Input Data KTP Number for Search Result

2020-09-22 23:15:24 - [TEST_STEP][PASSED] - Click button "Search": Click button "Search"

2020-09-22 23:15:24 - [MESSAGE][INFO] - >>>>>//Button[contains(text(),'Search')]

2020-09-22 23:15:28 - [MESSAGE][PASSED] - Object: '' is clicked on

2020-09-22 23:15:28 - [MESSAGE][PASSED] - Click button "Search"

2020-09-22 23:15:28 - [TEST_STEP][PASSED] - Verify Search Result with KTP Number: Verify Search Result with KTP Number

2020-09-22 23:15:28 - [MESSAGE][PASSED] - Object '' is present

2020-09-22 23:15:28 - [MESSAGE][PASSED] - Verify Search Result with KTP Number

2020-09-22 23:15:28 - [TEST_STEP][PASSED] - Verify Search Result data: Verify Search Result data

2020-09-22 23:15:29 - [MESSAGE][PASSED] - Scroll to object '' successfully

2020-09-22 23:15:29 - [MESSAGE][PASSED] - Object '' is present

2020-09-22 23:15:29 - [MESSAGE][PASSED] - Verify Search Result data

2020-09-22 23:15:29 - [TEST_STEP][PASSED] - Click button "Logout": Click button "Logout"

2020-09-22 23:15:29 - [MESSAGE][INFO] - >>>>>//Button[contains(text(),'Logout')]

2020-09-22 23:15:33 - [MESSAGE][PASSED] - Object: '' is clicked on

2020-09-22 23:15:33 - [MESSAGE][PASSED] - Click button "Logout"

2020-09-22 23:15:33 - [TEST_STEP][PASSED] - Close browser: Close browser

2020-09-22 23:15:33 - [MESSAGE][PASSED] - Browser is closed

2020-09-22 23:15:33 - [MESSAGE][PASSED] - Close browser

2020-09-22 23:15:33 - [MESSAGE][PASSED] - Feature file: 'Include/features/IST_Real/SLIK/SLIK Gateway Customer/SLIK Gateaway Customer Search_By_KTP.feature' was passed]]></system-out>
         <system-err><![CDATA[]]></system-err>
      </testcase>
      <testcase name="Test Cases/IST_Real/SLIK/SLIK_Gateway_Customer/SLIK_Gateway_Customer_Search_By_Status_SUCCESS" time="16.598" classname="Test Cases/IST_Real/SLIK/SLIK_Gateway_Customer/SLIK_Gateway_Customer_Search_By_Status_SUCCESS" status="PASSED">
         <system-out><![CDATA[2020-09-22 23:15:33 - [TEST_CASE][PASSED] - Test Cases/IST_Real/SLIK/SLIK_Gateway_Customer/SLIK_Gateway_Customer_Search_By_Status_SUCCESS: Test Cases/IST_Real/SLIK/SLIK_Gateway_Customer/SLIK_Gateway_Customer_Search_By_Status_SUCCESS

2020-09-22 23:15:33 - [TEST_STEP][PASSED] - runFeatureFile("Include/features/IST_Real/SLIK/SLIK Gateway Customer/SLIK_Gateway_Customer_Search_By_Status_SUCCESS.feature"): Feature file: 'Include/features/IST_Real/SLIK/SLIK Gateway Customer/SLIK_Gateway_Customer_Search_By_Status_SUCCESS.feature' was passed

2020-09-22 23:15:33 - [MESSAGE][INFO] - Starting run keyword runFeatureFile: 'Include/features/IST_Real/SLIK/SLIK Gateway Customer/SLIK_Gateway_Customer_Search_By_Status_SUCCESS.feature' and extract report to folder: '/Users/chaidir.pratama01/Katalon Studio/IST_Automation_Git/Reports/20200922_231328/SLIK/TS_SLIK_Gateway_Customer/20200922_231328/cucumber_report/1600791333659'...

2020-09-22 23:15:33 - [TEST_CASE][PASSED] - Start Test Case : SCENARIO Search Result by Status: SCENARIO Search Result by Status

2020-09-22 23:15:33 - [TEST_STEP][PASSED] - Go to ISTools: Go to ISTools

2020-09-22 23:15:33 - [MESSAGE][INFO] - Starting 'Chrome' driver

2020-09-22 23:15:33 - [MESSAGE][INFO] - User set preference: ['AcceptInsecureCerts', 'true']

2020-09-22 23:15:33 - [MESSAGE][INFO] - User set preference: ['args', '[ignore-certificate-errors]']

2020-09-22 23:15:33 - [MESSAGE][INFO] - Action delay is set to 0 milliseconds

2020-09-22 23:15:34 - [MESSAGE][PASSED] - Browser is opened with url: ''

2020-09-22 23:15:37 - [MESSAGE][PASSED] - Navigate to 'https://dev-istools.homecredit.id/foundation/' successfully

2020-09-22 23:15:37 - [MESSAGE][PASSED] - Go to ISTools

2020-09-22 23:15:37 - [TEST_STEP][PASSED] - Login IST with valid credentials: Login IST with valid credentials

2020-09-22 23:15:37 - [MESSAGE][PASSED] - Text 'mobile.test' is set on object 'Object Repository/Page_/input_Username_j_username'

2020-09-22 23:15:38 - [MESSAGE][PASSED] - Text ****** has been set on object 'Object Repository/Page_/input_Password_j_password'

2020-09-22 23:15:39 - [MESSAGE][PASSED] - Object: 'Object Repository/Page_/button_Login' is clicked on

2020-09-22 23:15:39 - [MESSAGE][PASSED] - Login IST with valid credentials

2020-09-22 23:15:39 - [TEST_STEP][PASSED] - Login Success for contract dispatcher: Login Success for contract dispatcher

2020-09-22 23:15:39 - [MESSAGE][INFO] - Login Success

2020-09-22 23:15:39 - [MESSAGE][PASSED] - Current window maximized

2020-09-22 23:15:39 - [MESSAGE][PASSED] - Object 'Object Repository/Page_/h1_Welcome to IT Supporting Tools' is present

2020-09-22 23:15:39 - [MESSAGE][PASSED] - Login Success for contract dispatcher

2020-09-22 23:15:39 - [TEST_STEP][PASSED] - Select Menu SLIK Gateway Customer: Select Menu SLIK Gateway Customer

2020-09-22 23:15:40 - [MESSAGE][PASSED] - Object '' is present

2020-09-22 23:15:40 - [MESSAGE][PASSED] - Object: '' is clicked on

2020-09-22 23:15:40 - [MESSAGE][PASSED] - Wait for page load successfully

2020-09-22 23:15:40 - [MESSAGE][PASSED] - Select Menu SLIK Gateway Customer

2020-09-22 23:15:40 - [TEST_STEP][PASSED] - Select Status is "SUCCESS": Select Status is "SUCCESS"

2020-09-22 23:15:41 - [MESSAGE][PASSED] - All options with value 'SUCCESS' are selected in object ''  using regular expression

2020-09-22 23:15:41 - [MESSAGE][PASSED] - Select Status is "SUCCESS"

2020-09-22 23:15:41 - [TEST_STEP][PASSED] - Click button "Search": Click button "Search"

2020-09-22 23:15:41 - [MESSAGE][INFO] - >>>>>//Button[contains(text(),'Search')]

2020-09-22 23:15:45 - [MESSAGE][PASSED] - Object: '' is clicked on

2020-09-22 23:15:45 - [MESSAGE][PASSED] - Click button "Search"

2020-09-22 23:15:45 - [TEST_STEP][PASSED] - Verify Search Result with KTP Number: Verify Search Result with KTP Number

2020-09-22 23:15:45 - [MESSAGE][PASSED] - Object '' is present

2020-09-22 23:15:45 - [MESSAGE][PASSED] - Verify Search Result with KTP Number

2020-09-22 23:15:45 - [TEST_STEP][PASSED] - Verify Search Result data: Verify Search Result data

2020-09-22 23:15:46 - [MESSAGE][PASSED] - Scroll to object '' successfully

2020-09-22 23:15:46 - [MESSAGE][PASSED] - Object '' is present

2020-09-22 23:15:46 - [MESSAGE][PASSED] - Verify Search Result data

2020-09-22 23:15:46 - [TEST_STEP][PASSED] - Click button "Logout": Click button "Logout"

2020-09-22 23:15:46 - [MESSAGE][INFO] - >>>>>//Button[contains(text(),'Logout')]

2020-09-22 23:15:50 - [MESSAGE][PASSED] - Object: '' is clicked on

2020-09-22 23:15:50 - [MESSAGE][PASSED] - Click button "Logout"

2020-09-22 23:15:50 - [TEST_STEP][PASSED] - Close browser: Close browser

2020-09-22 23:15:50 - [MESSAGE][PASSED] - Browser is closed

2020-09-22 23:15:50 - [MESSAGE][PASSED] - Close browser

2020-09-22 23:15:50 - [MESSAGE][PASSED] - Feature file: 'Include/features/IST_Real/SLIK/SLIK Gateway Customer/SLIK_Gateway_Customer_Search_By_Status_SUCCESS.feature' was passed]]></system-out>
         <system-err><![CDATA[]]></system-err>
      </testcase>
      <testcase name="Test Cases/IST_Real/SLIK/SLIK_Gateway_Customer/SLIK_Gateway_Customer_View_Detail" time="25.099" classname="Test Cases/IST_Real/SLIK/SLIK_Gateway_Customer/SLIK_Gateway_Customer_View_Detail" status="PASSED">
         <system-out><![CDATA[2020-09-22 23:15:50 - [TEST_CASE][PASSED] - Test Cases/IST_Real/SLIK/SLIK_Gateway_Customer/SLIK_Gateway_Customer_View_Detail: Test Cases/IST_Real/SLIK/SLIK_Gateway_Customer/SLIK_Gateway_Customer_View_Detail

2020-09-22 23:15:50 - [TEST_STEP][PASSED] - runFeatureFile("Include/features/IST_Real/SLIK/SLIK Gateway Customer/SLIK_Gateway_Customer_View_Detail.feature"): Feature file: 'Include/features/IST_Real/SLIK/SLIK Gateway Customer/SLIK_Gateway_Customer_View_Detail.feature' was passed

2020-09-22 23:15:50 - [MESSAGE][INFO] - Starting run keyword runFeatureFile: 'Include/features/IST_Real/SLIK/SLIK Gateway Customer/SLIK_Gateway_Customer_View_Detail.feature' and extract report to folder: '/Users/chaidir.pratama01/Katalon Studio/IST_Automation_Git/Reports/20200922_231328/SLIK/TS_SLIK_Gateway_Customer/20200922_231328/cucumber_report/1600791350287'...

2020-09-22 23:15:50 - [TEST_CASE][PASSED] - Start Test Case : SCENARIO SLIK Gateway Customer View Detail Link: SCENARIO SLIK Gateway Customer View Detail Link

2020-09-22 23:15:50 - [TEST_STEP][PASSED] - Go to ISTools: Go to ISTools

2020-09-22 23:15:50 - [MESSAGE][INFO] - Starting 'Chrome' driver

2020-09-22 23:15:50 - [MESSAGE][INFO] - User set preference: ['AcceptInsecureCerts', 'true']

2020-09-22 23:15:50 - [MESSAGE][INFO] - User set preference: ['args', '[ignore-certificate-errors]']

2020-09-22 23:15:50 - [MESSAGE][INFO] - Action delay is set to 0 milliseconds

2020-09-22 23:15:51 - [MESSAGE][PASSED] - Browser is opened with url: ''

2020-09-22 23:15:55 - [MESSAGE][PASSED] - Navigate to 'https://dev-istools.homecredit.id/foundation/' successfully

2020-09-22 23:15:55 - [MESSAGE][PASSED] - Go to ISTools

2020-09-22 23:15:55 - [TEST_STEP][PASSED] - Login IST with valid credentials: Login IST with valid credentials

2020-09-22 23:15:56 - [MESSAGE][PASSED] - Text 'mobile.test' is set on object 'Object Repository/Page_/input_Username_j_username'

2020-09-22 23:15:56 - [MESSAGE][PASSED] - Text ****** has been set on object 'Object Repository/Page_/input_Password_j_password'

2020-09-22 23:15:57 - [MESSAGE][PASSED] - Object: 'Object Repository/Page_/button_Login' is clicked on

2020-09-22 23:15:57 - [MESSAGE][PASSED] - Login IST with valid credentials

2020-09-22 23:15:57 - [TEST_STEP][PASSED] - Login Success for contract dispatcher: Login Success for contract dispatcher

2020-09-22 23:15:57 - [MESSAGE][INFO] - Login Success

2020-09-22 23:15:57 - [MESSAGE][PASSED] - Current window maximized

2020-09-22 23:15:57 - [MESSAGE][PASSED] - Object 'Object Repository/Page_/h1_Welcome to IT Supporting Tools' is present

2020-09-22 23:15:57 - [MESSAGE][PASSED] - Login Success for contract dispatcher

2020-09-22 23:15:57 - [TEST_STEP][PASSED] - Select Menu SLIK Gateway Customer: Select Menu SLIK Gateway Customer

2020-09-22 23:15:58 - [MESSAGE][PASSED] - Object '' is present

2020-09-22 23:15:58 - [MESSAGE][PASSED] - Object: '' is clicked on

2020-09-22 23:15:58 - [MESSAGE][PASSED] - Wait for page load successfully

2020-09-22 23:15:58 - [MESSAGE][PASSED] - Select Menu SLIK Gateway Customer

2020-09-22 23:15:58 - [TEST_STEP][PASSED] - Input Data KTP Number for Search Result: Input Data KTP Number for Search Result

2020-09-22 23:15:59 - [MESSAGE][PASSED] - Scroll to object '' successfully

2020-09-22 23:16:00 - [MESSAGE][PASSED] - Text '9999999999999999' is set on object ''

2020-09-22 23:16:00 - [MESSAGE][PASSED] - Input Data KTP Number for Search Result

2020-09-22 23:16:00 - [TEST_STEP][PASSED] - Select Status is "SUCCESS": Select Status is "SUCCESS"

2020-09-22 23:16:01 - [MESSAGE][PASSED] - All options with value 'SUCCESS' are selected in object ''  using regular expression

2020-09-22 23:16:01 - [MESSAGE][PASSED] - Select Status is "SUCCESS"

2020-09-22 23:16:01 - [TEST_STEP][PASSED] - Click button "Search": Click button "Search"

2020-09-22 23:16:01 - [MESSAGE][INFO] - >>>>>//Button[contains(text(),'Search')]

2020-09-22 23:16:04 - [MESSAGE][PASSED] - Object: '' is clicked on

2020-09-22 23:16:04 - [MESSAGE][PASSED] - Click button "Search"

2020-09-22 23:16:04 - [TEST_STEP][PASSED] - Verify Search Result with KTP Number: Verify Search Result with KTP Number

2020-09-22 23:16:05 - [MESSAGE][PASSED] - Object '' is present

2020-09-22 23:16:05 - [MESSAGE][PASSED] - Verify Search Result with KTP Number

2020-09-22 23:16:05 - [TEST_STEP][PASSED] - Verify Search Result data: Verify Search Result data

2020-09-22 23:16:05 - [MESSAGE][PASSED] - Scroll to object '' successfully

2020-09-22 23:16:06 - [MESSAGE][PASSED] - Object '' is present

2020-09-22 23:16:06 - [MESSAGE][PASSED] - Verify Search Result data

2020-09-22 23:16:06 - [TEST_STEP][PASSED] - Click View Detail Link: Click View Detail Link

2020-09-22 23:16:06 - [MESSAGE][PASSED] - Object '' is present

2020-09-22 23:16:06 - [MESSAGE][PASSED] - Object: '' is clicked on

2020-09-22 23:16:06 - [MESSAGE][PASSED] - Click View Detail Link

2020-09-22 23:16:06 - [TEST_STEP][PASSED] - Verify Slik Result Detail Link: Verify Slik Result Detail Link

2020-09-22 23:16:08 - [MESSAGE][PASSED] - Scroll to object '' successfully

2020-09-22 23:16:08 - [MESSAGE][PASSED] - Object '' is present

2020-09-22 23:16:09 - [MESSAGE][PASSED] - Scroll to object '' successfully

2020-09-22 23:16:09 - [MESSAGE][PASSED] - Object '' is present

2020-09-22 23:16:09 - [MESSAGE][PASSED] - Scroll to object '' successfully

2020-09-22 23:16:10 - [MESSAGE][PASSED] - Object '' is present

2020-09-22 23:16:10 - [MESSAGE][PASSED] - Scroll to object '' successfully

2020-09-22 23:16:10 - [MESSAGE][PASSED] - Object '' is present

2020-09-22 23:16:11 - [MESSAGE][PASSED] - Scroll to object '' successfully

2020-09-22 23:16:11 - [MESSAGE][PASSED] - Object '' is present

2020-09-22 23:16:11 - [MESSAGE][PASSED] - Verify Slik Result Detail Link

2020-09-22 23:16:11 - [TEST_STEP][PASSED] - Click button "Logout": Click button "Logout"

2020-09-22 23:16:11 - [MESSAGE][INFO] - >>>>>//Button[contains(text(),'Logout')]

2020-09-22 23:16:15 - [MESSAGE][PASSED] - Object: '' is clicked on

2020-09-22 23:16:15 - [MESSAGE][PASSED] - Click button "Logout"

2020-09-22 23:16:15 - [TEST_STEP][PASSED] - Close browser: Close browser

2020-09-22 23:16:15 - [MESSAGE][PASSED] - Browser is closed

2020-09-22 23:16:15 - [MESSAGE][PASSED] - Close browser

2020-09-22 23:16:15 - [MESSAGE][PASSED] - Feature file: 'Include/features/IST_Real/SLIK/SLIK Gateway Customer/SLIK_Gateway_Customer_View_Detail.feature' was passed]]></system-out>
         <system-err><![CDATA[]]></system-err>
      </testcase>
      <testcase name="Test Cases/IST_Real/SLIK/SLIK_Gateway_Customer/Delete_KTPNumber_From_DB" time="0.76" classname="Test Cases/IST_Real/SLIK/SLIK_Gateway_Customer/Delete_KTPNumber_From_DB" status="PASSED">
         <system-out><![CDATA[2020-09-22 23:16:15 - [TEST_CASE][PASSED] - Test Cases/IST_Real/SLIK/SLIK_Gateway_Customer/Delete_KTPNumber_From_DB: Test Cases/IST_Real/SLIK/SLIK_Gateway_Customer/Delete_KTPNumber_From_DB

2020-09-22 23:16:15 - [TEST_STEP][PASSED] - runFeatureFile("Include/features/IST_Real/SLIK/SLIK Gateway Customer/Delete_KTPNumber_From_DB.feature"): Feature file: 'Include/features/IST_Real/SLIK/SLIK Gateway Customer/Delete_KTPNumber_From_DB.feature' was passed

2020-09-22 23:16:15 - [MESSAGE][INFO] - Starting run keyword runFeatureFile: 'Include/features/IST_Real/SLIK/SLIK Gateway Customer/Delete_KTPNumber_From_DB.feature' and extract report to folder: '/Users/chaidir.pratama01/Katalon Studio/IST_Automation_Git/Reports/20200922_231328/SLIK/TS_SLIK_Gateway_Customer/20200922_231328/cucumber_report/1600791375370'...

2020-09-22 23:16:15 - [TEST_CASE][PASSED] - Start Test Case : SCENARIO Delete_KTPNumber_From_DB: SCENARIO Delete_KTPNumber_From_DB

2020-09-22 23:16:15 - [TEST_STEP][PASSED] - Connect to Database: Connect to Database

2020-09-22 23:16:15 - [MESSAGE][PASSED] - Connect to Database

2020-09-22 23:16:15 - [TEST_STEP][PASSED] - Delete Contract From SLIK_DATA_CUSTOMER: Delete Contract From SLIK_DATA_CUSTOMER

2020-09-22 23:16:16 - [MESSAGE][PASSED] - Delete Contract From SLIK_DATA_CUSTOMER

2020-09-22 23:16:16 - [MESSAGE][PASSED] - Feature file: 'Include/features/IST_Real/SLIK/SLIK Gateway Customer/Delete_KTPNumber_From_DB.feature' was passed]]></system-out>
         <system-err><![CDATA[]]></system-err>
      </testcase>
      <system-out><![CDATA[2020-09-22 23:13:35 - [TEST_SUITE][PASSED] - TS_SLIK_Gateway_Customer: Test Cases/IST_Real/SLIK/SLIK_Gateway_Customer/Delete_KTPNumber_From_DB]]></system-out>
      <system-err><![CDATA[]]></system-err>
   </testsuite>
</testsuites>
