<?xml version="1.0" encoding="UTF-8"?>
<testsuites name="TS_SLIK_Gateway_Customer" time="303.834" tests="11" failures="0" errors="0">
   <testsuite name="TS_SLIK_Gateway_Customer" tests="11" failures="0" errors="0" time="303.834" timestamp="2020-10-30 11:32:24" hostname="chaidir.pratama01 - 192.168.1.5" id="Test Suites/SLIK/TS_SLIK_Gateway_Customer">
      <properties>
         <property name="deviceName" value=""/>
         <property name="devicePlatform" value=""/>
         <property name="logFolder" value="/Users/chaidir.pratama01/Katalon Studio/IST_Automation_Git/Reports/20201030_113218/SLIK/TS_SLIK_Gateway_Customer/20201030_113218"/>
         <property name="logFiles" value="/Users/chaidir.pratama01/Katalon Studio/IST_Automation_Git/Reports/20201030_113218/SLIK/TS_SLIK_Gateway_Customer/20201030_113218/execution0.log"/>
         <property name="attachments" value="/Users/chaidir.pratama01/Documents/Docs/Katalon Studio/Screenshot/test-SLIK Gateway Customer.png, /Users/chaidir.pratama01/Documents/Docs/Katalon Studio/Screenshot/slik.png, /Users/chaidir.pratama01/Documents/Docs/Katalon Studio/Screenshot/slik.png, /Users/chaidir.pratama01/Documents/Docs/Katalon Studio/Screenshot/slik.png, /Users/chaidir.pratama01/Documents/Docs/Katalon Studio/Screenshot/errorpopup.png, /Users/chaidir.pratama01/Documents/Docs/Katalon Studio/Screenshot/errorpopup.png, /Users/chaidir.pratama01/Documents/Docs/Katalon Studio/Screenshot/errorpopup.png"/>
         <property name="hostName" value="chaidir.pratama01 - 192.168.1.5"/>
         <property name="os" value="Mac OS X 64bit"/>
         <property name="katalonVersion" value="7.6.0.${buildNumber}"/>
         <property name="browser" value="Chrome 86.0.4240.111"/>
         <property name="hostAddress" value="192.168.1.5"/>
         <property name="sessionId" value="67c39e06f27219cc6cc8117023f9719d"/>
         <property name="seleniumVersion" value="3.141.59"/>
         <property name="proxyInformation" value="ProxyInformation { proxyOption=NO_PROXY, proxyServerType=HTTP, username=, password=********, proxyServerAddress=, proxyServerPort=0, executionList=\&quot;\&quot;, isApplyToDesiredCapabilities=true }"/>
         <property name="platform" value="Mac OS X"/>
      </properties>
      <testcase name="Test Cases/IST_Real/SLIK/SLIK_Gateway_Customer/Open Menu SLIK Gateway Customer" time="42.599" classname="Test Cases/IST_Real/SLIK/SLIK_Gateway_Customer/Open Menu SLIK Gateway Customer" status="PASSED">
         <system-out><![CDATA[2020-10-30 11:32:24 - [TEST_CASE][PASSED] - Test Cases/IST_Real/SLIK/SLIK_Gateway_Customer/Open Menu SLIK Gateway Customer: Test Cases/IST_Real/SLIK/SLIK_Gateway_Customer/Open Menu SLIK Gateway Customer

2020-10-30 11:32:25 - [TEST_STEP][PASSED] - runFeatureFile("Include/features/IST_Real/SLIK/SLIK Gateway Customer/Open_Menu_SLIK_Gateway_Customer.feature"): Feature file: 'Include/features/IST_Real/SLIK/SLIK Gateway Customer/Open_Menu_SLIK_Gateway_Customer.feature' was passed

2020-10-30 11:32:25 - [MESSAGE][INFO] - Starting run keyword runFeatureFile: 'Include/features/IST_Real/SLIK/SLIK Gateway Customer/Open_Menu_SLIK_Gateway_Customer.feature' and extract report to folder: '/Users/chaidir.pratama01/Katalon Studio/IST_Automation_Git/Reports/20201030_113218/SLIK/TS_SLIK_Gateway_Customer/20201030_113218/cucumber_report/1604032345097'...

2020-10-30 11:32:25 - [TEST_CASE][PASSED] - Start Test Case : SCENARIO Menu SLIK Gateway Customer in IST and Verify Element Needed Exist: SCENARIO Menu SLIK Gateway Customer in IST and Verify Element Needed Exist

2020-10-30 11:32:25 - [TEST_STEP][PASSED] - Go to ISTools: Go to ISTools

2020-10-30 11:32:25 - [MESSAGE][INFO] - Starting 'Chrome' driver

2020-10-30 11:32:25 - [MESSAGE][INFO] - User set preference: ['AcceptInsecureCerts', 'true']

2020-10-30 11:32:25 - [MESSAGE][INFO] - User set preference: ['args', '[ignore-certificate-errors]']

2020-10-30 11:32:25 - [MESSAGE][INFO] - Action delay is set to 0 milliseconds

2020-10-30 11:32:27 - [MESSAGE][PASSED] - Browser is opened with url: ''

2020-10-30 11:32:31 - [MESSAGE][PASSED] - Navigate to 'https://id-ist01preprod.id.nonprod/ist/' successfully

2020-10-30 11:32:31 - [MESSAGE][PASSED] - Go to ISTools

2020-10-30 11:32:31 - [TEST_STEP][PASSED] - Login IST with valid credentials: Login IST with valid credentials

2020-10-30 11:32:32 - [MESSAGE][PASSED] - Text 'mobile.test' is set on object 'Object Repository/Page_/input_Username_j_username'

2020-10-30 11:32:32 - [MESSAGE][PASSED] - Text ****** has been set on object 'Object Repository/Page_/input_Password_j_password'

2020-10-30 11:32:33 - [MESSAGE][PASSED] - Object: 'Object Repository/Page_/button_Login' is clicked on

2020-10-30 11:32:33 - [MESSAGE][PASSED] - Login IST with valid credentials

2020-10-30 11:32:33 - [TEST_STEP][PASSED] - Login Success for contract dispatcher: Login Success for contract dispatcher

2020-10-30 11:32:33 - [MESSAGE][INFO] - Login Success

2020-10-30 11:32:34 - [MESSAGE][PASSED] - Current window maximized

2020-10-30 11:32:34 - [MESSAGE][PASSED] - Object 'Object Repository/Page_/h1_Welcome to IT Supporting Tools' is present

2020-10-30 11:32:34 - [MESSAGE][PASSED] - Login Success for contract dispatcher

2020-10-30 11:32:34 - [TEST_STEP][PASSED] - Select Menu "SLIK Gateway Customer": Select Menu "SLIK Gateway Customer"

2020-10-30 11:32:35 - [MESSAGE][PASSED] - Taking screenshot successfully
[[ATTACHMENT|/Users/chaidir.pratama01/Documents/Docs/Katalon Studio/Screenshot/test-SLIK Gateway Customer.png]]

2020-10-30 11:32:35 - [MESSAGE][PASSED] - Object '' is present

2020-10-30 11:32:35 - [MESSAGE][PASSED] - Object: '' is clicked on

2020-10-30 11:32:35 - [MESSAGE][PASSED] - Wait for page load successfully

2020-10-30 11:32:35 - [MESSAGE][PASSED] - Select Menu "SLIK Gateway Customer"

2020-10-30 11:32:35 - [TEST_STEP][PASSED] - Verify Title "SLIK Gateway Customer" Exists: Verify Title "SLIK Gateway Customer" Exists

2020-10-30 11:32:36 - [MESSAGE][PASSED] - Object '' is present

2020-10-30 11:32:37 - [MESSAGE][PASSED] - Object: '' is focused

2020-10-30 11:32:37 - [MESSAGE][PASSED] - Verify Title "SLIK Gateway Customer" Exists

2020-10-30 11:32:37 - [TEST_STEP][PASSED] - Verify Title "Check SLIK" Exists: Verify Title "Check SLIK" Exists

2020-10-30 11:32:37 - [MESSAGE][PASSED] - Object '' is present

2020-10-30 11:32:37 - [MESSAGE][PASSED] - Object: '' is focused

2020-10-30 11:32:37 - [MESSAGE][PASSED] - Verify Title "Check SLIK" Exists

2020-10-30 11:32:37 - [TEST_STEP][PASSED] - Verify Contents of Check SLIK Label in SLIK Gateway Customer Menu Exist: Verify Contents of Check SLIK Label in SLIK Gateway Customer Menu Exist

2020-10-30 11:32:38 - [MESSAGE][PASSED] - Object '' is present

2020-10-30 11:32:38 - [MESSAGE][PASSED] - Object: '' is focused

2020-10-30 11:32:39 - [MESSAGE][PASSED] - Object '' is present

2020-10-30 11:32:39 - [MESSAGE][PASSED] - Object: '' is focused

2020-10-30 11:32:39 - [MESSAGE][PASSED] - Object '' is present

2020-10-30 11:32:40 - [MESSAGE][PASSED] - Object: '' is focused

2020-10-30 11:32:40 - [MESSAGE][PASSED] - Object '' is present

2020-10-30 11:32:41 - [MESSAGE][PASSED] - Object: '' is focused

2020-10-30 11:32:41 - [MESSAGE][PASSED] - Object '' is present

2020-10-30 11:32:41 - [MESSAGE][PASSED] - Object: '' is focused

2020-10-30 11:32:42 - [MESSAGE][PASSED] - Object '' is present

2020-10-30 11:32:42 - [MESSAGE][PASSED] - Object: '' is focused

2020-10-30 11:32:42 - [MESSAGE][PASSED] - Object '' is present

2020-10-30 11:32:43 - [MESSAGE][PASSED] - Object: '' is focused

2020-10-30 11:32:43 - [MESSAGE][PASSED] - Object '' is present

2020-10-30 11:32:44 - [MESSAGE][PASSED] - Object: '' is focused

2020-10-30 11:32:44 - [MESSAGE][PASSED] - Object '' is present

2020-10-30 11:32:44 - [MESSAGE][PASSED] - Object: '' is focused

2020-10-30 11:32:45 - [MESSAGE][PASSED] - Object '' is present

2020-10-30 11:32:45 - [MESSAGE][PASSED] - Object: '' is focused

2020-10-30 11:32:45 - [MESSAGE][PASSED] - Object '' is present

2020-10-30 11:32:46 - [MESSAGE][PASSED] - Object: '' is focused

2020-10-30 11:32:46 - [MESSAGE][PASSED] - Object '' is present

2020-10-30 11:32:46 - [MESSAGE][PASSED] - Object: '' is focused

2020-10-30 11:32:46 - [MESSAGE][PASSED] - Object '' is present

2020-10-30 11:32:47 - [MESSAGE][PASSED] - Object: '' is focused

2020-10-30 11:32:47 - [MESSAGE][PASSED] - Object '' is present

2020-10-30 11:32:47 - [MESSAGE][PASSED] - Object: '' is focused

2020-10-30 11:32:47 - [MESSAGE][PASSED] - Object '' is present

2020-10-30 11:32:48 - [MESSAGE][PASSED] - Object: '' is focused

2020-10-30 11:32:48 - [MESSAGE][PASSED] - Object '' is present

2020-10-30 11:32:48 - [MESSAGE][PASSED] - Object: '' is focused

2020-10-30 11:32:49 - [MESSAGE][PASSED] - Object '' is present

2020-10-30 11:32:52 - [MESSAGE][PASSED] - Delayed 3 second(s)

2020-10-30 11:32:52 - [MESSAGE][PASSED] - Object: '' is focused

2020-10-30 11:32:55 - [MESSAGE][PASSED] - Delayed 3 second(s)

2020-10-30 11:32:55 - [MESSAGE][PASSED] - Object '' is present

2020-10-30 11:32:56 - [MESSAGE][PASSED] - Object: '' is focused

2020-10-30 11:32:56 - [MESSAGE][PASSED] - Object '' is present

2020-10-30 11:32:57 - [MESSAGE][PASSED] - Object: '' is focused

2020-10-30 11:32:57 - [MESSAGE][PASSED] - Verify Contents of Check SLIK Label in SLIK Gateway Customer Menu Exist

2020-10-30 11:32:57 - [TEST_STEP][PASSED] - Verify Title "Search Result" Exists: Verify Title "Search Result" Exists

2020-10-30 11:32:57 - [MESSAGE][PASSED] - Object '' is present

2020-10-30 11:32:57 - [MESSAGE][PASSED] - Object: '' is focused

2020-10-30 11:32:57 - [MESSAGE][PASSED] - Verify Title "Search Result" Exists

2020-10-30 11:32:57 - [TEST_STEP][PASSED] - Verify Contents of Search Result: Verify Contents of Search Result

2020-10-30 11:32:58 - [MESSAGE][PASSED] - Object '' is present

2020-10-30 11:32:58 - [MESSAGE][PASSED] - Object: '' is focused

2020-10-30 11:32:58 - [MESSAGE][PASSED] - Object '' is present

2020-10-30 11:32:59 - [MESSAGE][PASSED] - Object: '' is focused

2020-10-30 11:32:59 - [MESSAGE][PASSED] - Object '' is present

2020-10-30 11:32:59 - [MESSAGE][PASSED] - Object: '' is focused

2020-10-30 11:32:59 - [MESSAGE][PASSED] - Object '' is present

2020-10-30 11:33:00 - [MESSAGE][PASSED] - Object: '' is focused

2020-10-30 11:33:00 - [MESSAGE][PASSED] - Object '' is present

2020-10-30 11:33:01 - [MESSAGE][PASSED] - Object: '' is focused

2020-10-30 11:33:01 - [MESSAGE][PASSED] - Object '' is present

2020-10-30 11:33:01 - [MESSAGE][PASSED] - Object: '' is focused

2020-10-30 11:33:01 - [MESSAGE][PASSED] - Object '' is present

2020-10-30 11:33:02 - [MESSAGE][PASSED] - Object: '' is focused

2020-10-30 11:33:02 - [MESSAGE][PASSED] - Object '' is present

2020-10-30 11:33:02 - [MESSAGE][PASSED] - Object: '' is focused

2020-10-30 11:33:03 - [MESSAGE][PASSED] - Object '' is present

2020-10-30 11:33:03 - [MESSAGE][PASSED] - Object: '' is focused

2020-10-30 11:33:03 - [MESSAGE][PASSED] - Verify Contents of Search Result

2020-10-30 11:33:03 - [TEST_STEP][PASSED] - Click button "Logout": Click button "Logout"

2020-10-30 11:33:03 - [MESSAGE][INFO] - >>>>>//Button[contains(text(),'Logout')]

2020-10-30 11:33:07 - [MESSAGE][PASSED] - Object: '' is clicked on

2020-10-30 11:33:07 - [MESSAGE][PASSED] - Click button "Logout"

2020-10-30 11:33:07 - [TEST_STEP][PASSED] - Close browser: Close browser

2020-10-30 11:33:07 - [MESSAGE][PASSED] - Browser is closed

2020-10-30 11:33:07 - [MESSAGE][PASSED] - Close browser

2020-10-30 11:33:07 - [MESSAGE][PASSED] - Feature file: 'Include/features/IST_Real/SLIK/SLIK Gateway Customer/Open_Menu_SLIK_Gateway_Customer.feature' was passed]]></system-out>
         <system-err><![CDATA[]]></system-err>
      </testcase>
      <testcase name="Test Cases/IST_Real/SLIK/SLIK_Gateway_Customer/SLIK Gateway Customer Checking" time="83.642" classname="Test Cases/IST_Real/SLIK/SLIK_Gateway_Customer/SLIK Gateway Customer Checking" status="PASSED">
         <system-out><![CDATA[2020-10-30 11:33:07 - [TEST_CASE][PASSED] - Test Cases/IST_Real/SLIK/SLIK_Gateway_Customer/SLIK Gateway Customer Checking: Test Cases/IST_Real/SLIK/SLIK_Gateway_Customer/SLIK Gateway Customer Checking

2020-10-30 11:33:07 - [TEST_STEP][PASSED] - runFeatureFile("Include/features/IST_Real/SLIK/SLIK Gateway Customer/SLIK Gateway Customer Checking.feature"): Feature file: 'Include/features/IST_Real/SLIK/SLIK Gateway Customer/SLIK Gateway Customer Checking.feature' was passed

2020-10-30 11:33:07 - [MESSAGE][INFO] - Starting run keyword runFeatureFile: 'Include/features/IST_Real/SLIK/SLIK Gateway Customer/SLIK Gateway Customer Checking.feature' and extract report to folder: '/Users/chaidir.pratama01/Katalon Studio/IST_Automation_Git/Reports/20201030_113218/SLIK/TS_SLIK_Gateway_Customer/20201030_113218/cucumber_report/1604032387553'...

2020-10-30 11:33:07 - [TEST_CASE][PASSED] - Start Test Case : SCENARIO SLIK Gateway Customer Checking: SCENARIO SLIK Gateway Customer Checking

2020-10-30 11:33:07 - [TEST_STEP][PASSED] - Go to ISTools: Go to ISTools

2020-10-30 11:33:07 - [MESSAGE][INFO] - Starting 'Chrome' driver

2020-10-30 11:33:07 - [MESSAGE][INFO] - User set preference: ['AcceptInsecureCerts', 'true']

2020-10-30 11:33:07 - [MESSAGE][INFO] - User set preference: ['args', '[ignore-certificate-errors]']

2020-10-30 11:33:07 - [MESSAGE][INFO] - Action delay is set to 0 milliseconds

2020-10-30 11:33:09 - [MESSAGE][PASSED] - Browser is opened with url: ''

2020-10-30 11:33:27 - [MESSAGE][PASSED] - Navigate to 'https://id-ist01preprod.id.nonprod/ist/' successfully

2020-10-30 11:33:27 - [MESSAGE][PASSED] - Go to ISTools

2020-10-30 11:33:27 - [TEST_STEP][PASSED] - Login IST with valid credentials: Login IST with valid credentials

2020-10-30 11:33:28 - [MESSAGE][PASSED] - Text 'mobile.test' is set on object 'Object Repository/Page_/input_Username_j_username'

2020-10-30 11:33:28 - [MESSAGE][PASSED] - Text ****** has been set on object 'Object Repository/Page_/input_Password_j_password'

2020-10-30 11:33:40 - [MESSAGE][PASSED] - Object: 'Object Repository/Page_/button_Login' is clicked on

2020-10-30 11:33:40 - [MESSAGE][PASSED] - Login IST with valid credentials

2020-10-30 11:33:40 - [TEST_STEP][PASSED] - Login Success for contract dispatcher: Login Success for contract dispatcher

2020-10-30 11:33:40 - [MESSAGE][INFO] - Login Success

2020-10-30 11:33:40 - [MESSAGE][PASSED] - Current window maximized

2020-10-30 11:33:40 - [MESSAGE][PASSED] - Object 'Object Repository/Page_/h1_Welcome to IT Supporting Tools' is present

2020-10-30 11:33:40 - [MESSAGE][PASSED] - Login Success for contract dispatcher

2020-10-30 11:33:40 - [TEST_STEP][PASSED] - Select Menu SLIK Gateway Customer: Select Menu SLIK Gateway Customer

2020-10-30 11:33:41 - [MESSAGE][PASSED] - Object '' is present

2020-10-30 11:33:41 - [MESSAGE][PASSED] - Object: '' is clicked on

2020-10-30 11:33:41 - [MESSAGE][PASSED] - Wait for page load successfully

2020-10-30 11:33:41 - [MESSAGE][PASSED] - Select Menu SLIK Gateway Customer

2020-10-30 11:33:41 - [TEST_STEP][PASSED] - Input Data KTP Number: Input Data KTP Number

2020-10-30 11:33:43 - [MESSAGE][PASSED] - Text '9999999999999999' is set on object ''

2020-10-30 11:33:43 - [MESSAGE][PASSED] - Input Data KTP Number

2020-10-30 11:33:43 - [TEST_STEP][PASSED] - Input Data "Name *" with value "OPEX TestingAuto" for Check SLIK: Input Data "Name *" with value "OPEX TestingAuto" for Check SLIK

2020-10-30 11:33:44 - [MESSAGE][PASSED] - Taking screenshot successfully
[[ATTACHMENT|/Users/chaidir.pratama01/Documents/Docs/Katalon Studio/Screenshot/slik.png]]

2020-10-30 11:33:44 - [MESSAGE][PASSED] - Object '' is visible

2020-10-30 11:33:45 - [MESSAGE][PASSED] - Object: '' is focused

2020-10-30 11:33:45 - [MESSAGE][PASSED] - Text 'OPEX TestingAuto' is set on object ''

2020-10-30 11:33:45 - [MESSAGE][PASSED] - Input Data "Name *" with value "OPEX TestingAuto" for Check SLIK

2020-10-30 11:33:45 - [TEST_STEP][PASSED] - Input Date of Birth "20-Feb-1990": Input Date of Birth "20-Feb-1990"

2020-10-30 11:33:46 - [MESSAGE][PASSED] - Text '20-Feb-1990' is set on object ''

2020-10-30 11:33:49 - [MESSAGE][PASSED] - Delayed 3 second(s)

2020-10-30 11:33:49 - [MESSAGE][PASSED] - Input Date of Birth "20-Feb-1990"

2020-10-30 11:33:49 - [TEST_STEP][PASSED] - Select Gender "Laki-laki": Select Gender "Laki-laki"

2020-10-30 11:33:49 - [MESSAGE][PASSED] - Object: '' is clicked on

2020-10-30 11:33:49 - [MESSAGE][PASSED] - Select Gender "Laki-laki"

2020-10-30 11:33:49 - [TEST_STEP][PASSED] - Select Purpose is "Penilaian Calon Kemitraan": Select Purpose is "Penilaian Calon Kemitraan"

2020-10-30 11:33:51 - [MESSAGE][PASSED] - All options with value 'Penilaian Calon Kemitraan' are selected in object ''  using regular expression

2020-10-30 11:33:51 - [MESSAGE][PASSED] - Select Purpose is "Penilaian Calon Kemitraan"

2020-10-30 11:33:51 - [TEST_STEP][PASSED] - Input Data "Place of Birth" with value "Jakarta" for Check SLIK: Input Data "Place of Birth" with value "Jakarta" for Check SLIK

2020-10-30 11:33:51 - [MESSAGE][PASSED] - Taking screenshot successfully
[[ATTACHMENT|/Users/chaidir.pratama01/Documents/Docs/Katalon Studio/Screenshot/slik.png]]

2020-10-30 11:33:52 - [MESSAGE][PASSED] - Object '' is visible

2020-10-30 11:33:52 - [MESSAGE][PASSED] - Object: '' is focused

2020-10-30 11:33:53 - [MESSAGE][PASSED] - Text 'Jakarta' is set on object ''

2020-10-30 11:33:53 - [MESSAGE][PASSED] - Input Data "Place of Birth" with value "Jakarta" for Check SLIK

2020-10-30 11:33:53 - [TEST_STEP][PASSED] - Input Data "Mother Maternity Name" with value "Tester Auto" for Check SLIK: Input Data "Mother Maternity Name" with value "Tester Auto" for Check SLIK

2020-10-30 11:33:54 - [MESSAGE][PASSED] - Taking screenshot successfully
[[ATTACHMENT|/Users/chaidir.pratama01/Documents/Docs/Katalon Studio/Screenshot/slik.png]]

2020-10-30 11:33:54 - [MESSAGE][PASSED] - Object '' is visible

2020-10-30 11:33:54 - [MESSAGE][PASSED] - Object: '' is focused

2020-10-30 11:33:55 - [MESSAGE][PASSED] - Text 'Tester Auto' is set on object ''

2020-10-30 11:33:55 - [MESSAGE][PASSED] - Input Data "Mother Maternity Name" with value "Tester Auto" for Check SLIK

2020-10-30 11:33:55 - [TEST_STEP][PASSED] - Input KTP Address "TESTING AUTO JAKARTA": Input KTP Address "TESTING AUTO JAKARTA"

2020-10-30 11:33:55 - [MESSAGE][PASSED] - Text 'TESTING AUTO JAKARTA' is set on object ''

2020-10-30 11:33:55 - [MESSAGE][PASSED] - Input KTP Address "TESTING AUTO JAKARTA"

2020-10-30 11:33:55 - [TEST_STEP][PASSED] - Click button "Check SLIK": Click button "Check SLIK"

2020-10-30 11:33:55 - [MESSAGE][INFO] - >>>>>//Button[contains(text(),'Check SLIK')]

2020-10-30 11:33:59 - [MESSAGE][PASSED] - Object: '' is clicked on

2020-10-30 11:33:59 - [MESSAGE][PASSED] - Click button "Check SLIK"

2020-10-30 11:33:59 - [TEST_STEP][PASSED] - Get text from pop up "Confirmation Submit Request" with text "Are you sure to submit this data ?": Get text from pop up "Confirmation Submit Request" with text "Are you sure to submit this data ?"

2020-10-30 11:34:00 - [MESSAGE][PASSED] - Taking screenshot successfully
[[ATTACHMENT|/Users/chaidir.pratama01/Documents/Docs/Katalon Studio/Screenshot/errorpopup.png]]

2020-10-30 11:34:00 - [MESSAGE][PASSED] - Object '' is present

2020-10-30 11:34:00 - [MESSAGE][PASSED] - Wait for page load successfully

2020-10-30 11:34:00 - [MESSAGE][PASSED] - Wait for page load successfully

2020-10-30 11:34:00 - [MESSAGE][PASSED] - Get text from pop up "Confirmation Submit Request" with text "Are you sure to submit this data ?"

2020-10-30 11:34:00 - [TEST_STEP][PASSED] - Click button "Yes": Click button "Yes"

2020-10-30 11:34:00 - [MESSAGE][INFO] - >>>>>//Button[contains(text(),'Yes')]

2020-10-30 11:34:03 - [MESSAGE][PASSED] - Object: '' is clicked on

2020-10-30 11:34:03 - [MESSAGE][PASSED] - Click button "Yes"

2020-10-30 11:34:03 - [TEST_STEP][PASSED] - Verify KTP Number Request Success: Verify KTP Number Request Success

2020-10-30 11:34:24 - [MESSAGE][PASSED] - Object '' is present

2020-10-30 11:34:24 - [MESSAGE][PASSED] - Verify KTP Number Request Success

2020-10-30 11:34:24 - [TEST_STEP][PASSED] - Click button "OK": Click button "OK"

2020-10-30 11:34:24 - [MESSAGE][INFO] - >>>>>//Button[contains(text(),'OK')]

2020-10-30 11:34:27 - [MESSAGE][PASSED] - Object: '' is clicked on

2020-10-30 11:34:27 - [MESSAGE][PASSED] - Click button "OK"

2020-10-30 11:34:27 - [TEST_STEP][PASSED] - Click button "Logout": Click button "Logout"

2020-10-30 11:34:27 - [MESSAGE][INFO] - >>>>>//Button[contains(text(),'Logout')]

2020-10-30 11:34:30 - [MESSAGE][PASSED] - Object: '' is clicked on

2020-10-30 11:34:30 - [MESSAGE][PASSED] - Click button "Logout"

2020-10-30 11:34:30 - [TEST_STEP][PASSED] - Close browser: Close browser

2020-10-30 11:34:31 - [MESSAGE][PASSED] - Browser is closed

2020-10-30 11:34:31 - [MESSAGE][PASSED] - Close browser

2020-10-30 11:34:31 - [MESSAGE][PASSED] - Feature file: 'Include/features/IST_Real/SLIK/SLIK Gateway Customer/SLIK Gateway Customer Checking.feature' was passed]]></system-out>
         <system-err><![CDATA[]]></system-err>
      </testcase>
      <testcase name="Test Cases/IST_Real/SLIK/SLIK_Gateway_Customer/SELECT KTP NUMBER CUSTOMER from DB" time="1.623" classname="Test Cases/IST_Real/SLIK/SLIK_Gateway_Customer/SELECT KTP NUMBER CUSTOMER from DB" status="PASSED">
         <system-out><![CDATA[2020-10-30 11:34:31 - [TEST_CASE][PASSED] - Test Cases/IST_Real/SLIK/SLIK_Gateway_Customer/SELECT KTP NUMBER CUSTOMER from DB: Test Cases/IST_Real/SLIK/SLIK_Gateway_Customer/SELECT KTP NUMBER CUSTOMER from DB

2020-10-30 11:34:31 - [TEST_STEP][PASSED] - runFeatureFile("Include/features/IST_Real/SLIK/SLIK Gateway Customer/SELECT_KTP_NUMBER_CUSTOMER_from_DB.feature"): Feature file: 'Include/features/IST_Real/SLIK/SLIK Gateway Customer/SELECT_KTP_NUMBER_CUSTOMER_from_DB.feature' was passed

2020-10-30 11:34:31 - [MESSAGE][INFO] - Starting run keyword runFeatureFile: 'Include/features/IST_Real/SLIK/SLIK Gateway Customer/SELECT_KTP_NUMBER_CUSTOMER_from_DB.feature' and extract report to folder: '/Users/chaidir.pratama01/Katalon Studio/IST_Automation_Git/Reports/20201030_113218/SLIK/TS_SLIK_Gateway_Customer/20201030_113218/cucumber_report/1604032471177'...

2020-10-30 11:34:31 - [TEST_CASE][PASSED] - Start Test Case : SCENARIO SELECT KTP Number Customer From Table SLIK_DATA_CUSTOMER: SCENARIO SELECT KTP Number Customer From Table SLIK_DATA_CUSTOMER

2020-10-30 11:34:31 - [TEST_STEP][PASSED] - Connect to Database: Connect to Database

2020-10-30 11:34:31 - [MESSAGE][PASSED] - Connect to Database

2020-10-30 11:34:31 - [TEST_STEP][PASSED] - Check KTP Number Customer in DB: Check KTP Number Customer in DB

2020-10-30 11:34:32 - [MESSAGE][PASSED] - Check KTP Number Customer in DB

2020-10-30 11:34:32 - [MESSAGE][PASSED] - Feature file: 'Include/features/IST_Real/SLIK/SLIK Gateway Customer/SELECT_KTP_NUMBER_CUSTOMER_from_DB.feature' was passed]]></system-out>
         <system-err><![CDATA[]]></system-err>
      </testcase>
      <testcase name="Test Cases/IST_Real/SLIK/SLIK_Gateway_Customer/SLIK Gateaway Customer Search By KTP" time="17.293" classname="Test Cases/IST_Real/SLIK/SLIK_Gateway_Customer/SLIK Gateaway Customer Search By KTP" status="PASSED">
         <system-out><![CDATA[2020-10-30 11:34:32 - [TEST_CASE][PASSED] - Test Cases/IST_Real/SLIK/SLIK_Gateway_Customer/SLIK Gateaway Customer Search By KTP: Test Cases/IST_Real/SLIK/SLIK_Gateway_Customer/SLIK Gateaway Customer Search By KTP

2020-10-30 11:34:32 - [TEST_STEP][PASSED] - runFeatureFile("Include/features/IST_Real/SLIK/SLIK Gateway Customer/SLIK_Gateaway_Customer_Search_By_KTP.feature"): Feature file: 'Include/features/IST_Real/SLIK/SLIK Gateway Customer/SLIK_Gateaway_Customer_Search_By_KTP.feature' was passed

2020-10-30 11:34:32 - [MESSAGE][INFO] - Starting run keyword runFeatureFile: 'Include/features/IST_Real/SLIK/SLIK Gateway Customer/SLIK_Gateaway_Customer_Search_By_KTP.feature' and extract report to folder: '/Users/chaidir.pratama01/Katalon Studio/IST_Automation_Git/Reports/20201030_113218/SLIK/TS_SLIK_Gateway_Customer/20201030_113218/cucumber_report/1604032472783'...

2020-10-30 11:34:32 - [TEST_CASE][PASSED] - Start Test Case : SCENARIO SLIK Gateway Customer Search Result: SCENARIO SLIK Gateway Customer Search Result

2020-10-30 11:34:32 - [TEST_STEP][PASSED] - Go to ISTools: Go to ISTools

2020-10-30 11:34:32 - [MESSAGE][INFO] - Starting 'Chrome' driver

2020-10-30 11:34:32 - [MESSAGE][INFO] - User set preference: ['AcceptInsecureCerts', 'true']

2020-10-30 11:34:32 - [MESSAGE][INFO] - User set preference: ['args', '[ignore-certificate-errors]']

2020-10-30 11:34:32 - [MESSAGE][INFO] - Action delay is set to 0 milliseconds

2020-10-30 11:34:34 - [MESSAGE][PASSED] - Browser is opened with url: ''

2020-10-30 11:34:36 - [MESSAGE][PASSED] - Navigate to 'https://id-ist01preprod.id.nonprod/ist/' successfully

2020-10-30 11:34:36 - [MESSAGE][PASSED] - Go to ISTools

2020-10-30 11:34:36 - [TEST_STEP][PASSED] - Login IST with valid credentials: Login IST with valid credentials

2020-10-30 11:34:37 - [MESSAGE][PASSED] - Text 'mobile.test' is set on object 'Object Repository/Page_/input_Username_j_username'

2020-10-30 11:34:38 - [MESSAGE][PASSED] - Text ****** has been set on object 'Object Repository/Page_/input_Password_j_password'

2020-10-30 11:34:39 - [MESSAGE][PASSED] - Object: 'Object Repository/Page_/button_Login' is clicked on

2020-10-30 11:34:39 - [MESSAGE][PASSED] - Login IST with valid credentials

2020-10-30 11:34:39 - [TEST_STEP][PASSED] - Login Success for contract dispatcher: Login Success for contract dispatcher

2020-10-30 11:34:39 - [MESSAGE][INFO] - Login Success

2020-10-30 11:34:39 - [MESSAGE][PASSED] - Current window maximized

2020-10-30 11:34:40 - [MESSAGE][PASSED] - Object 'Object Repository/Page_/h1_Welcome to IT Supporting Tools' is present

2020-10-30 11:34:40 - [MESSAGE][PASSED] - Login Success for contract dispatcher

2020-10-30 11:34:40 - [TEST_STEP][PASSED] - Select Menu SLIK Gateway Customer: Select Menu SLIK Gateway Customer

2020-10-30 11:34:40 - [MESSAGE][PASSED] - Object '' is present

2020-10-30 11:34:40 - [MESSAGE][PASSED] - Object: '' is clicked on

2020-10-30 11:34:40 - [MESSAGE][PASSED] - Wait for page load successfully

2020-10-30 11:34:40 - [MESSAGE][PASSED] - Select Menu SLIK Gateway Customer

2020-10-30 11:34:40 - [TEST_STEP][PASSED] - Input Data KTP Number for Search Result: Input Data KTP Number for Search Result

2020-10-30 11:34:41 - [MESSAGE][PASSED] - Scroll to object '' successfully

2020-10-30 11:34:42 - [MESSAGE][PASSED] - Text '9999999999999999' is set on object ''

2020-10-30 11:34:42 - [MESSAGE][PASSED] - Input Data KTP Number for Search Result

2020-10-30 11:34:42 - [TEST_STEP][PASSED] - Click button "Search": Click button "Search"

2020-10-30 11:34:42 - [MESSAGE][INFO] - >>>>>//Button[contains(text(),'Search')]

2020-10-30 11:34:45 - [MESSAGE][PASSED] - Object: '' is clicked on

2020-10-30 11:34:45 - [MESSAGE][PASSED] - Click button "Search"

2020-10-30 11:34:45 - [TEST_STEP][PASSED] - Verify Search Result with KTP Number: Verify Search Result with KTP Number

2020-10-30 11:34:45 - [MESSAGE][PASSED] - Object '' is present

2020-10-30 11:34:45 - [MESSAGE][PASSED] - Verify Search Result with KTP Number

2020-10-30 11:34:45 - [TEST_STEP][PASSED] - Verify Search Result data: Verify Search Result data

2020-10-30 11:34:46 - [MESSAGE][PASSED] - Scroll to object '' successfully

2020-10-30 11:34:46 - [MESSAGE][PASSED] - Object '' is present

2020-10-30 11:34:46 - [MESSAGE][PASSED] - Verify Search Result data

2020-10-30 11:34:46 - [TEST_STEP][PASSED] - Click button "Logout": Click button "Logout"

2020-10-30 11:34:46 - [MESSAGE][INFO] - >>>>>//Button[contains(text(),'Logout')]

2020-10-30 11:34:49 - [MESSAGE][PASSED] - Object: '' is clicked on

2020-10-30 11:34:49 - [MESSAGE][PASSED] - Click button "Logout"

2020-10-30 11:34:49 - [TEST_STEP][PASSED] - Close browser: Close browser

2020-10-30 11:34:49 - [MESSAGE][PASSED] - Browser is closed

2020-10-30 11:34:49 - [MESSAGE][PASSED] - Close browser

2020-10-30 11:34:49 - [MESSAGE][PASSED] - Feature file: 'Include/features/IST_Real/SLIK/SLIK Gateway Customer/SLIK_Gateaway_Customer_Search_By_KTP.feature' was passed]]></system-out>
         <system-err><![CDATA[]]></system-err>
      </testcase>
      <testcase name="Test Cases/IST_Real/SLIK/SLIK_Gateway_Customer/SLIK Gateway Customer Search By Status SUCCESS" time="16.731" classname="Test Cases/IST_Real/SLIK/SLIK_Gateway_Customer/SLIK Gateway Customer Search By Status SUCCESS" status="PASSED">
         <system-out><![CDATA[2020-10-30 11:34:49 - [TEST_CASE][PASSED] - Test Cases/IST_Real/SLIK/SLIK_Gateway_Customer/SLIK Gateway Customer Search By Status SUCCESS: Test Cases/IST_Real/SLIK/SLIK_Gateway_Customer/SLIK Gateway Customer Search By Status SUCCESS

2020-10-30 11:34:50 - [TEST_STEP][PASSED] - runFeatureFile("Include/features/IST_Real/SLIK/SLIK Gateway Customer/SLIK_Gateway_Customer_Search_By_Status_SUCCESS.feature"): Feature file: 'Include/features/IST_Real/SLIK/SLIK Gateway Customer/SLIK_Gateway_Customer_Search_By_Status_SUCCESS.feature' was passed

2020-10-30 11:34:50 - [MESSAGE][INFO] - Starting run keyword runFeatureFile: 'Include/features/IST_Real/SLIK/SLIK Gateway Customer/SLIK_Gateway_Customer_Search_By_Status_SUCCESS.feature' and extract report to folder: '/Users/chaidir.pratama01/Katalon Studio/IST_Automation_Git/Reports/20201030_113218/SLIK/TS_SLIK_Gateway_Customer/20201030_113218/cucumber_report/1604032490100'...

2020-10-30 11:34:50 - [TEST_CASE][PASSED] - Start Test Case : SCENARIO Search Result by Status: SCENARIO Search Result by Status

2020-10-30 11:34:50 - [TEST_STEP][PASSED] - Go to ISTools: Go to ISTools

2020-10-30 11:34:50 - [MESSAGE][INFO] - Starting 'Chrome' driver

2020-10-30 11:34:50 - [MESSAGE][INFO] - User set preference: ['AcceptInsecureCerts', 'true']

2020-10-30 11:34:50 - [MESSAGE][INFO] - User set preference: ['args', '[ignore-certificate-errors]']

2020-10-30 11:34:50 - [MESSAGE][INFO] - Action delay is set to 0 milliseconds

2020-10-30 11:34:51 - [MESSAGE][PASSED] - Browser is opened with url: ''

2020-10-30 11:34:53 - [MESSAGE][PASSED] - Navigate to 'https://id-ist01preprod.id.nonprod/ist/' successfully

2020-10-30 11:34:53 - [MESSAGE][PASSED] - Go to ISTools

2020-10-30 11:34:53 - [TEST_STEP][PASSED] - Login IST with valid credentials: Login IST with valid credentials

2020-10-30 11:34:54 - [MESSAGE][PASSED] - Text 'mobile.test' is set on object 'Object Repository/Page_/input_Username_j_username'

2020-10-30 11:34:54 - [MESSAGE][PASSED] - Text ****** has been set on object 'Object Repository/Page_/input_Password_j_password'

2020-10-30 11:34:56 - [MESSAGE][PASSED] - Object: 'Object Repository/Page_/button_Login' is clicked on

2020-10-30 11:34:56 - [MESSAGE][PASSED] - Login IST with valid credentials

2020-10-30 11:34:56 - [TEST_STEP][PASSED] - Login Success for contract dispatcher: Login Success for contract dispatcher

2020-10-30 11:34:56 - [MESSAGE][INFO] - Login Success

2020-10-30 11:34:56 - [MESSAGE][PASSED] - Current window maximized

2020-10-30 11:34:56 - [MESSAGE][PASSED] - Object 'Object Repository/Page_/h1_Welcome to IT Supporting Tools' is present

2020-10-30 11:34:56 - [MESSAGE][PASSED] - Login Success for contract dispatcher

2020-10-30 11:34:56 - [TEST_STEP][PASSED] - Select Menu SLIK Gateway Customer: Select Menu SLIK Gateway Customer

2020-10-30 11:34:56 - [MESSAGE][PASSED] - Object '' is present

2020-10-30 11:34:56 - [MESSAGE][PASSED] - Object: '' is clicked on

2020-10-30 11:34:56 - [MESSAGE][PASSED] - Wait for page load successfully

2020-10-30 11:34:56 - [MESSAGE][PASSED] - Select Menu SLIK Gateway Customer

2020-10-30 11:34:56 - [TEST_STEP][PASSED] - Select Status is "SUCCESS": Select Status is "SUCCESS"

2020-10-30 11:34:58 - [MESSAGE][PASSED] - All options with value 'SUCCESS' are selected in object ''  using regular expression

2020-10-30 11:34:58 - [MESSAGE][PASSED] - Select Status is "SUCCESS"

2020-10-30 11:34:58 - [TEST_STEP][PASSED] - Click button "Search": Click button "Search"

2020-10-30 11:34:58 - [MESSAGE][INFO] - >>>>>//Button[contains(text(),'Search')]

2020-10-30 11:35:01 - [MESSAGE][PASSED] - Object: '' is clicked on

2020-10-30 11:35:01 - [MESSAGE][PASSED] - Click button "Search"

2020-10-30 11:35:01 - [TEST_STEP][PASSED] - Verify Search Result Based on Result Status: Verify Search Result Based on Result Status

2020-10-30 11:35:02 - [MESSAGE][PASSED] - Scroll to object '' successfully

2020-10-30 11:35:02 - [MESSAGE][PASSED] - Actual text and expected text of test object '' are matched.

2020-10-30 11:35:02 - [MESSAGE][PASSED] - Text of object '' is: 'SUCCESS'

2020-10-30 11:35:03 - [MESSAGE][PASSED] - Text of object '' is: '9999999999999999'

2020-10-30 11:35:03 - [MESSAGE][PASSED] - Verify Search Result Based on Result Status

2020-10-30 11:35:03 - [TEST_STEP][PASSED] - Click button "Logout": Click button "Logout"

2020-10-30 11:35:03 - [MESSAGE][INFO] - >>>>>//Button[contains(text(),'Logout')]

2020-10-30 11:35:06 - [MESSAGE][PASSED] - Object: '' is clicked on

2020-10-30 11:35:06 - [MESSAGE][PASSED] - Click button "Logout"

2020-10-30 11:35:06 - [TEST_STEP][PASSED] - Close browser: Close browser

2020-10-30 11:35:06 - [MESSAGE][PASSED] - Browser is closed

2020-10-30 11:35:06 - [MESSAGE][PASSED] - Close browser

2020-10-30 11:35:06 - [MESSAGE][PASSED] - Feature file: 'Include/features/IST_Real/SLIK/SLIK Gateway Customer/SLIK_Gateway_Customer_Search_By_Status_SUCCESS.feature' was passed]]></system-out>
         <system-err><![CDATA[]]></system-err>
      </testcase>
      <testcase name="Test Cases/IST_Real/SLIK/SLIK_Gateway_Customer/SLIK Gateway Customer Search By Status FAILED" time="23.224" classname="Test Cases/IST_Real/SLIK/SLIK_Gateway_Customer/SLIK Gateway Customer Search By Status FAILED" status="PASSED">
         <system-out><![CDATA[2020-10-30 11:35:06 - [TEST_CASE][PASSED] - Test Cases/IST_Real/SLIK/SLIK_Gateway_Customer/SLIK Gateway Customer Search By Status FAILED: Test Cases/IST_Real/SLIK/SLIK_Gateway_Customer/SLIK Gateway Customer Search By Status FAILED

2020-10-30 11:35:06 - [TEST_STEP][PASSED] - runFeatureFile("Include/features/IST_Real/SLIK/SLIK Gateway Customer/SLIK_Gateway_Customer_Search_By_Status_FAILED.feature"): Feature file: 'Include/features/IST_Real/SLIK/SLIK Gateway Customer/SLIK_Gateway_Customer_Search_By_Status_FAILED.feature' was passed

2020-10-30 11:35:06 - [MESSAGE][INFO] - Starting run keyword runFeatureFile: 'Include/features/IST_Real/SLIK/SLIK Gateway Customer/SLIK_Gateway_Customer_Search_By_Status_FAILED.feature' and extract report to folder: '/Users/chaidir.pratama01/Katalon Studio/IST_Automation_Git/Reports/20201030_113218/SLIK/TS_SLIK_Gateway_Customer/20201030_113218/cucumber_report/1604032506820'...

2020-10-30 11:35:07 - [TEST_CASE][PASSED] - Start Test Case : SCENARIO Search Result by Status: SCENARIO Search Result by Status

2020-10-30 11:35:07 - [TEST_STEP][PASSED] - Go to ISTools: Go to ISTools

2020-10-30 11:35:07 - [MESSAGE][INFO] - Starting 'Chrome' driver

2020-10-30 11:35:07 - [MESSAGE][INFO] - User set preference: ['AcceptInsecureCerts', 'true']

2020-10-30 11:35:07 - [MESSAGE][INFO] - User set preference: ['args', '[ignore-certificate-errors]']

2020-10-30 11:35:07 - [MESSAGE][INFO] - Action delay is set to 0 milliseconds

2020-10-30 11:35:07 - [MESSAGE][PASSED] - Browser is opened with url: ''

2020-10-30 11:35:16 - [MESSAGE][PASSED] - Navigate to 'https://id-ist01preprod.id.nonprod/ist/' successfully

2020-10-30 11:35:16 - [MESSAGE][PASSED] - Go to ISTools

2020-10-30 11:35:16 - [TEST_STEP][PASSED] - Login IST with valid credentials: Login IST with valid credentials

2020-10-30 11:35:17 - [MESSAGE][PASSED] - Text 'mobile.test' is set on object 'Object Repository/Page_/input_Username_j_username'

2020-10-30 11:35:18 - [MESSAGE][PASSED] - Text ****** has been set on object 'Object Repository/Page_/input_Password_j_password'

2020-10-30 11:35:18 - [MESSAGE][PASSED] - Object: 'Object Repository/Page_/button_Login' is clicked on

2020-10-30 11:35:18 - [MESSAGE][PASSED] - Login IST with valid credentials

2020-10-30 11:35:18 - [TEST_STEP][PASSED] - Login Success for contract dispatcher: Login Success for contract dispatcher

2020-10-30 11:35:18 - [MESSAGE][INFO] - Login Success

2020-10-30 11:35:19 - [MESSAGE][PASSED] - Current window maximized

2020-10-30 11:35:19 - [MESSAGE][PASSED] - Object 'Object Repository/Page_/h1_Welcome to IT Supporting Tools' is present

2020-10-30 11:35:19 - [MESSAGE][PASSED] - Login Success for contract dispatcher

2020-10-30 11:35:19 - [TEST_STEP][PASSED] - Select Menu SLIK Gateway Customer: Select Menu SLIK Gateway Customer

2020-10-30 11:35:19 - [MESSAGE][PASSED] - Object '' is present

2020-10-30 11:35:19 - [MESSAGE][PASSED] - Object: '' is clicked on

2020-10-30 11:35:19 - [MESSAGE][PASSED] - Wait for page load successfully

2020-10-30 11:35:19 - [MESSAGE][PASSED] - Select Menu SLIK Gateway Customer

2020-10-30 11:35:19 - [TEST_STEP][PASSED] - Select Status is "FAILED": Select Status is "FAILED"

2020-10-30 11:35:21 - [MESSAGE][PASSED] - All options with value 'FAILED' are selected in object ''  using regular expression

2020-10-30 11:35:21 - [MESSAGE][PASSED] - Select Status is "FAILED"

2020-10-30 11:35:21 - [TEST_STEP][PASSED] - Click button "Search": Click button "Search"

2020-10-30 11:35:21 - [MESSAGE][INFO] - >>>>>//Button[contains(text(),'Search')]

2020-10-30 11:35:24 - [MESSAGE][PASSED] - Object: '' is clicked on

2020-10-30 11:35:24 - [MESSAGE][PASSED] - Click button "Search"

2020-10-30 11:35:24 - [TEST_STEP][PASSED] - Verify Search Result Based on Result Status: Verify Search Result Based on Result Status

2020-10-30 11:35:25 - [MESSAGE][PASSED] - Scroll to object '' successfully

2020-10-30 11:35:25 - [MESSAGE][PASSED] - Actual text and expected text of test object '' are matched.

2020-10-30 11:35:25 - [MESSAGE][PASSED] - Text of object '' is: 'FAILED'

2020-10-30 11:35:26 - [MESSAGE][PASSED] - Text of object '' is: '9999999999999999'

2020-10-30 11:35:26 - [MESSAGE][PASSED] - Verify Search Result Based on Result Status

2020-10-30 11:35:26 - [TEST_STEP][PASSED] - Click button "Logout": Click button "Logout"

2020-10-30 11:35:26 - [MESSAGE][INFO] - >>>>>//Button[contains(text(),'Logout')]

2020-10-30 11:35:29 - [MESSAGE][PASSED] - Object: '' is clicked on

2020-10-30 11:35:29 - [MESSAGE][PASSED] - Click button "Logout"

2020-10-30 11:35:29 - [TEST_STEP][PASSED] - Close browser: Close browser

2020-10-30 11:35:29 - [MESSAGE][PASSED] - Browser is closed

2020-10-30 11:35:29 - [MESSAGE][PASSED] - Close browser

2020-10-30 11:35:29 - [MESSAGE][PASSED] - Feature file: 'Include/features/IST_Real/SLIK/SLIK Gateway Customer/SLIK_Gateway_Customer_Search_By_Status_FAILED.feature' was passed]]></system-out>
         <system-err><![CDATA[]]></system-err>
      </testcase>
      <testcase name="Test Cases/IST_Real/SLIK/SLIK_Gateway_Customer/SLIK Gateway Customer Search By DateStart DateEnd" time="17.241" classname="Test Cases/IST_Real/SLIK/SLIK_Gateway_Customer/SLIK Gateway Customer Search By DateStart DateEnd" status="PASSED">
         <system-out><![CDATA[2020-10-30 11:35:29 - [TEST_CASE][PASSED] - Test Cases/IST_Real/SLIK/SLIK_Gateway_Customer/SLIK Gateway Customer Search By DateStart DateEnd: Test Cases/IST_Real/SLIK/SLIK_Gateway_Customer/SLIK Gateway Customer Search By DateStart DateEnd

2020-10-30 11:35:30 - [TEST_STEP][PASSED] - runFeatureFile("Include/features/IST_Real/SLIK/SLIK Gateway Customer/SLIK_Gateway_Customer_Search_By_DateStart_DateEnd.feature"): Feature file: 'Include/features/IST_Real/SLIK/SLIK Gateway Customer/SLIK_Gateway_Customer_Search_By_DateStart_DateEnd.feature' was passed

2020-10-30 11:35:30 - [MESSAGE][INFO] - Starting run keyword runFeatureFile: 'Include/features/IST_Real/SLIK/SLIK Gateway Customer/SLIK_Gateway_Customer_Search_By_DateStart_DateEnd.feature' and extract report to folder: '/Users/chaidir.pratama01/Katalon Studio/IST_Automation_Git/Reports/20201030_113218/SLIK/TS_SLIK_Gateway_Customer/20201030_113218/cucumber_report/1604032530052'...

2020-10-30 11:35:30 - [TEST_CASE][PASSED] - Start Test Case : SCENARIO Search Result by Date Start and Date End: SCENARIO Search Result by Date Start and Date End

2020-10-30 11:35:30 - [TEST_STEP][PASSED] - Go to ISTools: Go to ISTools

2020-10-30 11:35:30 - [MESSAGE][INFO] - Starting 'Chrome' driver

2020-10-30 11:35:30 - [MESSAGE][INFO] - User set preference: ['AcceptInsecureCerts', 'true']

2020-10-30 11:35:30 - [MESSAGE][INFO] - User set preference: ['args', '[ignore-certificate-errors]']

2020-10-30 11:35:30 - [MESSAGE][INFO] - Action delay is set to 0 milliseconds

2020-10-30 11:35:31 - [MESSAGE][PASSED] - Browser is opened with url: ''

2020-10-30 11:35:33 - [MESSAGE][PASSED] - Navigate to 'https://id-ist01preprod.id.nonprod/ist/' successfully

2020-10-30 11:35:33 - [MESSAGE][PASSED] - Go to ISTools

2020-10-30 11:35:33 - [TEST_STEP][PASSED] - Login IST with valid credentials: Login IST with valid credentials

2020-10-30 11:35:33 - [MESSAGE][PASSED] - Text 'mobile.test' is set on object 'Object Repository/Page_/input_Username_j_username'

2020-10-30 11:35:34 - [MESSAGE][PASSED] - Text ****** has been set on object 'Object Repository/Page_/input_Password_j_password'

2020-10-30 11:35:34 - [MESSAGE][PASSED] - Object: 'Object Repository/Page_/button_Login' is clicked on

2020-10-30 11:35:34 - [MESSAGE][PASSED] - Login IST with valid credentials

2020-10-30 11:35:34 - [TEST_STEP][PASSED] - Login Success for contract dispatcher: Login Success for contract dispatcher

2020-10-30 11:35:34 - [MESSAGE][INFO] - Login Success

2020-10-30 11:35:35 - [MESSAGE][PASSED] - Current window maximized

2020-10-30 11:35:35 - [MESSAGE][PASSED] - Object 'Object Repository/Page_/h1_Welcome to IT Supporting Tools' is present

2020-10-30 11:35:35 - [MESSAGE][PASSED] - Login Success for contract dispatcher

2020-10-30 11:35:35 - [TEST_STEP][PASSED] - Select Menu SLIK Gateway Customer: Select Menu SLIK Gateway Customer

2020-10-30 11:35:35 - [MESSAGE][PASSED] - Object '' is present

2020-10-30 11:35:36 - [MESSAGE][PASSED] - Object: '' is clicked on

2020-10-30 11:35:36 - [MESSAGE][PASSED] - Wait for page load successfully

2020-10-30 11:35:36 - [MESSAGE][PASSED] - Select Menu SLIK Gateway Customer

2020-10-30 11:35:36 - [TEST_STEP][PASSED] - Set Start Date with value "01-10-2020" and End Date with value "30-12-2020": Set Start Date with value "01-10-2020" and End Date with value "30-12-2020"

2020-10-30 11:35:36 - [MESSAGE][PASSED] - Scroll to object '' successfully

2020-10-30 11:35:37 - [MESSAGE][PASSED] - Object '' is present

2020-10-30 11:35:37 - [MESSAGE][PASSED] - Text '01-10-2020' is set on object ''

2020-10-30 11:35:37 - [MESSAGE][PASSED] - Object '' is present

2020-10-30 11:35:38 - [MESSAGE][PASSED] - Text '30-12-2020' is set on object ''

2020-10-30 11:35:38 - [MESSAGE][PASSED] - Set Start Date with value "01-10-2020" and End Date with value "30-12-2020"

2020-10-30 11:35:38 - [TEST_STEP][PASSED] - Click button "Search": Click button "Search"

2020-10-30 11:35:38 - [MESSAGE][INFO] - >>>>>//Button[contains(text(),'Search')]

2020-10-30 11:35:41 - [MESSAGE][PASSED] - Object: '' is clicked on

2020-10-30 11:35:41 - [MESSAGE][PASSED] - Click button "Search"

2020-10-30 11:35:41 - [TEST_STEP][PASSED] - Verify Search Result Based on Created Date: Verify Search Result Based on Created Date

2020-10-30 11:35:42 - [MESSAGE][PASSED] - Object '' is present

2020-10-30 11:35:42 - [MESSAGE][PASSED] - Text of object '' is: '27 October 2020 12:48:25'

2020-10-30 11:35:42 - [MESSAGE][PASSED] - Verify Search Result Based on Created Date

2020-10-30 11:35:42 - [TEST_STEP][PASSED] - Verify Search Result Based on Result Status: Verify Search Result Based on Result Status

2020-10-30 11:35:42 - [MESSAGE][PASSED] - Scroll to object '' successfully

2020-10-30 11:35:43 - [MESSAGE][PASSED] - Text of object '' is: 'SUCCESS'

2020-10-30 11:35:43 - [MESSAGE][PASSED] - Text of object '' is: '9999999999999999'

2020-10-30 11:35:43 - [MESSAGE][PASSED] - Verify Search Result Based on Result Status

2020-10-30 11:35:43 - [TEST_STEP][PASSED] - Click button "Logout": Click button "Logout"

2020-10-30 11:35:43 - [MESSAGE][INFO] - >>>>>//Button[contains(text(),'Logout')]

2020-10-30 11:35:47 - [MESSAGE][PASSED] - Object: '' is clicked on

2020-10-30 11:35:47 - [MESSAGE][PASSED] - Click button "Logout"

2020-10-30 11:35:47 - [TEST_STEP][PASSED] - Close browser: Close browser

2020-10-30 11:35:47 - [MESSAGE][PASSED] - Browser is closed

2020-10-30 11:35:47 - [MESSAGE][PASSED] - Close browser

2020-10-30 11:35:47 - [MESSAGE][PASSED] - Feature file: 'Include/features/IST_Real/SLIK/SLIK Gateway Customer/SLIK_Gateway_Customer_Search_By_DateStart_DateEnd.feature' was passed]]></system-out>
         <system-err><![CDATA[]]></system-err>
      </testcase>
      <testcase name="Test Cases/IST_Real/SLIK/SLIK_Gateway_Customer/SLIK Gateway Customer Search By DateStart ONLY" time="24.499" classname="Test Cases/IST_Real/SLIK/SLIK_Gateway_Customer/SLIK Gateway Customer Search By DateStart ONLY" status="PASSED">
         <system-out><![CDATA[2020-10-30 11:35:47 - [TEST_CASE][PASSED] - Test Cases/IST_Real/SLIK/SLIK_Gateway_Customer/SLIK Gateway Customer Search By DateStart ONLY: Test Cases/IST_Real/SLIK/SLIK_Gateway_Customer/SLIK Gateway Customer Search By DateStart ONLY

2020-10-30 11:35:47 - [TEST_STEP][PASSED] - runFeatureFile("Include/features/IST_Real/SLIK/SLIK Gateway Customer/SLIK_Gateway_Customer_Search_By_DateStart_ONLY.feature"): Feature file: 'Include/features/IST_Real/SLIK/SLIK Gateway Customer/SLIK_Gateway_Customer_Search_By_DateStart_ONLY.feature' was passed

2020-10-30 11:35:47 - [MESSAGE][INFO] - Starting run keyword runFeatureFile: 'Include/features/IST_Real/SLIK/SLIK Gateway Customer/SLIK_Gateway_Customer_Search_By_DateStart_ONLY.feature' and extract report to folder: '/Users/chaidir.pratama01/Katalon Studio/IST_Automation_Git/Reports/20201030_113218/SLIK/TS_SLIK_Gateway_Customer/20201030_113218/cucumber_report/1604032547284'...

2020-10-30 11:35:47 - [TEST_CASE][PASSED] - Start Test Case : SCENARIO Search Result by Date Start ONLY: SCENARIO Search Result by Date Start ONLY

2020-10-30 11:35:47 - [TEST_STEP][PASSED] - Go to ISTools: Go to ISTools

2020-10-30 11:35:47 - [MESSAGE][INFO] - Starting 'Chrome' driver

2020-10-30 11:35:47 - [MESSAGE][INFO] - User set preference: ['AcceptInsecureCerts', 'true']

2020-10-30 11:35:47 - [MESSAGE][INFO] - User set preference: ['args', '[ignore-certificate-errors]']

2020-10-30 11:35:47 - [MESSAGE][INFO] - Action delay is set to 0 milliseconds

2020-10-30 11:35:48 - [MESSAGE][PASSED] - Browser is opened with url: ''

2020-10-30 11:35:49 - [MESSAGE][PASSED] - Navigate to 'https://id-ist01preprod.id.nonprod/ist/' successfully

2020-10-30 11:35:49 - [MESSAGE][PASSED] - Go to ISTools

2020-10-30 11:35:49 - [TEST_STEP][PASSED] - Login IST with valid credentials: Login IST with valid credentials

2020-10-30 11:35:50 - [MESSAGE][PASSED] - Text 'mobile.test' is set on object 'Object Repository/Page_/input_Username_j_username'

2020-10-30 11:35:50 - [MESSAGE][PASSED] - Text ****** has been set on object 'Object Repository/Page_/input_Password_j_password'

2020-10-30 11:35:52 - [MESSAGE][PASSED] - Object: 'Object Repository/Page_/button_Login' is clicked on

2020-10-30 11:35:52 - [MESSAGE][PASSED] - Login IST with valid credentials

2020-10-30 11:35:52 - [TEST_STEP][PASSED] - Login Success for contract dispatcher: Login Success for contract dispatcher

2020-10-30 11:35:52 - [MESSAGE][INFO] - Login Success

2020-10-30 11:35:52 - [MESSAGE][PASSED] - Current window maximized

2020-10-30 11:35:52 - [MESSAGE][PASSED] - Object 'Object Repository/Page_/h1_Welcome to IT Supporting Tools' is present

2020-10-30 11:35:52 - [MESSAGE][PASSED] - Login Success for contract dispatcher

2020-10-30 11:35:52 - [TEST_STEP][PASSED] - Select Menu SLIK Gateway Customer: Select Menu SLIK Gateway Customer

2020-10-30 11:35:53 - [MESSAGE][PASSED] - Object '' is present

2020-10-30 11:35:53 - [MESSAGE][PASSED] - Object: '' is clicked on

2020-10-30 11:35:53 - [MESSAGE][PASSED] - Wait for page load successfully

2020-10-30 11:35:53 - [MESSAGE][PASSED] - Select Menu SLIK Gateway Customer

2020-10-30 11:35:53 - [TEST_STEP][PASSED] - Set Start Date with value "01-10-2020" and End Date with value "": Set Start Date with value "01-10-2020" and End Date with value ""

2020-10-30 11:35:54 - [MESSAGE][PASSED] - Scroll to object '' successfully

2020-10-30 11:35:54 - [MESSAGE][PASSED] - Object '' is present

2020-10-30 11:35:55 - [MESSAGE][PASSED] - Text '01-10-2020' is set on object ''

2020-10-30 11:35:55 - [MESSAGE][PASSED] - Object '' is present

2020-10-30 11:35:55 - [MESSAGE][PASSED] - Text '' is set on object ''

2020-10-30 11:35:55 - [MESSAGE][PASSED] - Set Start Date with value "01-10-2020" and End Date with value ""

2020-10-30 11:35:55 - [TEST_STEP][PASSED] - Click button "Search": Click button "Search"

2020-10-30 11:35:55 - [MESSAGE][INFO] - >>>>>//Button[contains(text(),'Search')]

2020-10-30 11:35:59 - [MESSAGE][PASSED] - Object: '' is clicked on

2020-10-30 11:35:59 - [MESSAGE][PASSED] - Click button "Search"

2020-10-30 11:35:59 - [TEST_STEP][PASSED] - Get text from pop up "Error Message" with text "Error : End Date is mandatory !": Get text from pop up "Error Message" with text "Error : End Date is mandatory !"

2020-10-30 11:36:00 - [MESSAGE][PASSED] - Taking screenshot successfully
[[ATTACHMENT|/Users/chaidir.pratama01/Documents/Docs/Katalon Studio/Screenshot/errorpopup.png]]

2020-10-30 11:36:00 - [MESSAGE][PASSED] - Object '' is present

2020-10-30 11:36:00 - [MESSAGE][PASSED] - Wait for page load successfully

2020-10-30 11:36:00 - [MESSAGE][PASSED] - Wait for page load successfully

2020-10-30 11:36:00 - [MESSAGE][PASSED] - Get text from pop up "Error Message" with text "Error : End Date is mandatory !"

2020-10-30 11:36:00 - [TEST_STEP][PASSED] - Click button "OK": Click button "OK"

2020-10-30 11:36:00 - [MESSAGE][INFO] - >>>>>//Button[contains(text(),'OK')]

2020-10-30 11:36:05 - [MESSAGE][PASSED] - Object: '' is clicked on

2020-10-30 11:36:05 - [MESSAGE][PASSED] - Click button "OK"

2020-10-30 11:36:05 - [TEST_STEP][PASSED] - Get Error Notification "Error : Error : End Date is mandatory !": Get Error Notification "Error : Error : End Date is mandatory !"

2020-10-30 11:36:08 - [MESSAGE][PASSED] - Object '' is present

2020-10-30 11:36:08 - [MESSAGE][PASSED] - Get Error Notification "Error : Error : End Date is mandatory !"

2020-10-30 11:36:08 - [TEST_STEP][PASSED] - Click button "Logout": Click button "Logout"

2020-10-30 11:36:08 - [MESSAGE][INFO] - >>>>>//Button[contains(text(),'Logout')]

2020-10-30 11:36:11 - [MESSAGE][PASSED] - Object: '' is clicked on

2020-10-30 11:36:11 - [MESSAGE][PASSED] - Click button "Logout"

2020-10-30 11:36:11 - [TEST_STEP][PASSED] - Close browser: Close browser

2020-10-30 11:36:11 - [MESSAGE][PASSED] - Browser is closed

2020-10-30 11:36:11 - [MESSAGE][PASSED] - Close browser

2020-10-30 11:36:11 - [MESSAGE][PASSED] - Feature file: 'Include/features/IST_Real/SLIK/SLIK Gateway Customer/SLIK_Gateway_Customer_Search_By_DateStart_ONLY.feature' was passed]]></system-out>
         <system-err><![CDATA[]]></system-err>
      </testcase>
      <testcase name="Test Cases/IST_Real/SLIK/SLIK_Gateway_Customer/SLIK Gateway Customer Search By DateEnd ONLY" time="33.568" classname="Test Cases/IST_Real/SLIK/SLIK_Gateway_Customer/SLIK Gateway Customer Search By DateEnd ONLY" status="PASSED">
         <system-out><![CDATA[2020-10-30 11:36:11 - [TEST_CASE][PASSED] - Test Cases/IST_Real/SLIK/SLIK_Gateway_Customer/SLIK Gateway Customer Search By DateEnd ONLY: Test Cases/IST_Real/SLIK/SLIK_Gateway_Customer/SLIK Gateway Customer Search By DateEnd ONLY

2020-10-30 11:36:11 - [TEST_STEP][PASSED] - runFeatureFile("Include/features/IST_Real/SLIK/SLIK Gateway Customer/SLIK_Gateway_Customer_Search_By_DateEnd_ONLY.feature"): Feature file: 'Include/features/IST_Real/SLIK/SLIK Gateway Customer/SLIK_Gateway_Customer_Search_By_DateEnd_ONLY.feature' was passed

2020-10-30 11:36:11 - [MESSAGE][INFO] - Starting run keyword runFeatureFile: 'Include/features/IST_Real/SLIK/SLIK Gateway Customer/SLIK_Gateway_Customer_Search_By_DateEnd_ONLY.feature' and extract report to folder: '/Users/chaidir.pratama01/Katalon Studio/IST_Automation_Git/Reports/20201030_113218/SLIK/TS_SLIK_Gateway_Customer/20201030_113218/cucumber_report/1604032571792'...

2020-10-30 11:36:11 - [TEST_CASE][PASSED] - Start Test Case : SCENARIO Search Result by Date End ONLY: SCENARIO Search Result by Date End ONLY

2020-10-30 11:36:11 - [TEST_STEP][PASSED] - Go to ISTools: Go to ISTools

2020-10-30 11:36:11 - [MESSAGE][INFO] - Starting 'Chrome' driver

2020-10-30 11:36:11 - [MESSAGE][INFO] - User set preference: ['AcceptInsecureCerts', 'true']

2020-10-30 11:36:11 - [MESSAGE][INFO] - User set preference: ['args', '[ignore-certificate-errors]']

2020-10-30 11:36:11 - [MESSAGE][INFO] - Action delay is set to 0 milliseconds

2020-10-30 11:36:13 - [MESSAGE][PASSED] - Browser is opened with url: ''

2020-10-30 11:36:26 - [MESSAGE][PASSED] - Navigate to 'https://id-ist01preprod.id.nonprod/ist/' successfully

2020-10-30 11:36:26 - [MESSAGE][PASSED] - Go to ISTools

2020-10-30 11:36:26 - [TEST_STEP][PASSED] - Login IST with valid credentials: Login IST with valid credentials

2020-10-30 11:36:27 - [MESSAGE][PASSED] - Text 'mobile.test' is set on object 'Object Repository/Page_/input_Username_j_username'

2020-10-30 11:36:27 - [MESSAGE][PASSED] - Text ****** has been set on object 'Object Repository/Page_/input_Password_j_password'

2020-10-30 11:36:29 - [MESSAGE][PASSED] - Object: 'Object Repository/Page_/button_Login' is clicked on

2020-10-30 11:36:29 - [MESSAGE][PASSED] - Login IST with valid credentials

2020-10-30 11:36:29 - [TEST_STEP][PASSED] - Login Success for contract dispatcher: Login Success for contract dispatcher

2020-10-30 11:36:29 - [MESSAGE][INFO] - Login Success

2020-10-30 11:36:29 - [MESSAGE][PASSED] - Current window maximized

2020-10-30 11:36:29 - [MESSAGE][PASSED] - Object 'Object Repository/Page_/h1_Welcome to IT Supporting Tools' is present

2020-10-30 11:36:29 - [MESSAGE][PASSED] - Login Success for contract dispatcher

2020-10-30 11:36:29 - [TEST_STEP][PASSED] - Select Menu SLIK Gateway Customer: Select Menu SLIK Gateway Customer

2020-10-30 11:36:29 - [MESSAGE][PASSED] - Object '' is present

2020-10-30 11:36:30 - [MESSAGE][PASSED] - Object: '' is clicked on

2020-10-30 11:36:30 - [MESSAGE][PASSED] - Wait for page load successfully

2020-10-30 11:36:30 - [MESSAGE][PASSED] - Select Menu SLIK Gateway Customer

2020-10-30 11:36:30 - [TEST_STEP][PASSED] - Set Start Date with value "" and End Date with value "30-12-2020": Set Start Date with value "" and End Date with value "30-12-2020"

2020-10-30 11:36:30 - [MESSAGE][PASSED] - Scroll to object '' successfully

2020-10-30 11:36:31 - [MESSAGE][PASSED] - Object '' is present

2020-10-30 11:36:31 - [MESSAGE][PASSED] - Text '' is set on object ''

2020-10-30 11:36:32 - [MESSAGE][PASSED] - Object '' is present

2020-10-30 11:36:33 - [MESSAGE][PASSED] - Text '30-12-2020' is set on object ''

2020-10-30 11:36:33 - [MESSAGE][PASSED] - Set Start Date with value "" and End Date with value "30-12-2020"

2020-10-30 11:36:33 - [TEST_STEP][PASSED] - Click button "Search": Click button "Search"

2020-10-30 11:36:33 - [MESSAGE][INFO] - >>>>>//Button[contains(text(),'Search')]

2020-10-30 11:36:36 - [MESSAGE][PASSED] - Object: '' is clicked on

2020-10-30 11:36:36 - [MESSAGE][PASSED] - Click button "Search"

2020-10-30 11:36:36 - [TEST_STEP][PASSED] - Get text from pop up "Error Message" with text "Error : Start Date is mandatory !": Get text from pop up "Error Message" with text "Error : Start Date is mandatory !"

2020-10-30 11:36:37 - [MESSAGE][PASSED] - Taking screenshot successfully
[[ATTACHMENT|/Users/chaidir.pratama01/Documents/Docs/Katalon Studio/Screenshot/errorpopup.png]]

2020-10-30 11:36:37 - [MESSAGE][PASSED] - Object '' is present

2020-10-30 11:36:37 - [MESSAGE][PASSED] - Wait for page load successfully

2020-10-30 11:36:37 - [MESSAGE][PASSED] - Wait for page load successfully

2020-10-30 11:36:37 - [MESSAGE][PASSED] - Get text from pop up "Error Message" with text "Error : Start Date is mandatory !"

2020-10-30 11:36:37 - [TEST_STEP][PASSED] - Click button "OK": Click button "OK"

2020-10-30 11:36:37 - [MESSAGE][INFO] - >>>>>//Button[contains(text(),'OK')]

2020-10-30 11:36:40 - [MESSAGE][PASSED] - Object: '' is clicked on

2020-10-30 11:36:40 - [MESSAGE][PASSED] - Click button "OK"

2020-10-30 11:36:40 - [TEST_STEP][PASSED] - Get Error Notification "Error : Start Date is mandatory !": Get Error Notification "Error : Start Date is mandatory !"

2020-10-30 11:36:41 - [MESSAGE][PASSED] - Object '' is present

2020-10-30 11:36:41 - [MESSAGE][PASSED] - Get Error Notification "Error : Start Date is mandatory !"

2020-10-30 11:36:41 - [TEST_STEP][PASSED] - Click button "Logout": Click button "Logout"

2020-10-30 11:36:41 - [MESSAGE][INFO] - >>>>>//Button[contains(text(),'Logout')]

2020-10-30 11:36:45 - [MESSAGE][PASSED] - Object: '' is clicked on

2020-10-30 11:36:45 - [MESSAGE][PASSED] - Click button "Logout"

2020-10-30 11:36:45 - [TEST_STEP][PASSED] - Close browser: Close browser

2020-10-30 11:36:45 - [MESSAGE][PASSED] - Browser is closed

2020-10-30 11:36:45 - [MESSAGE][PASSED] - Close browser

2020-10-30 11:36:45 - [MESSAGE][PASSED] - Feature file: 'Include/features/IST_Real/SLIK/SLIK Gateway Customer/SLIK_Gateway_Customer_Search_By_DateEnd_ONLY.feature' was passed]]></system-out>
         <system-err><![CDATA[]]></system-err>
      </testcase>
      <testcase name="Test Cases/IST_Real/SLIK/SLIK_Gateway_Customer/SLIK Gateway Customer View Detail when Status SUCCESS" time="21.354" classname="Test Cases/IST_Real/SLIK/SLIK_Gateway_Customer/SLIK Gateway Customer View Detail when Status SUCCESS" status="PASSED">
         <system-out><![CDATA[2020-10-30 11:36:45 - [TEST_CASE][PASSED] - Test Cases/IST_Real/SLIK/SLIK_Gateway_Customer/SLIK Gateway Customer View Detail when Status SUCCESS: Test Cases/IST_Real/SLIK/SLIK_Gateway_Customer/SLIK Gateway Customer View Detail when Status SUCCESS

2020-10-30 11:36:45 - [TEST_STEP][PASSED] - runFeatureFile("Include/features/IST_Real/SLIK/SLIK Gateway Customer/SLIK_Gateway_Customer_View_Detail_when_Status_SUCCESS.feature"): Feature file: 'Include/features/IST_Real/SLIK/SLIK Gateway Customer/SLIK_Gateway_Customer_View_Detail_when_Status_SUCCESS.feature' was passed

2020-10-30 11:36:45 - [MESSAGE][INFO] - Starting run keyword runFeatureFile: 'Include/features/IST_Real/SLIK/SLIK Gateway Customer/SLIK_Gateway_Customer_View_Detail_when_Status_SUCCESS.feature' and extract report to folder: '/Users/chaidir.pratama01/Katalon Studio/IST_Automation_Git/Reports/20201030_113218/SLIK/TS_SLIK_Gateway_Customer/20201030_113218/cucumber_report/1604032605387'...

2020-10-30 11:36:45 - [TEST_CASE][PASSED] - Start Test Case : SCENARIO SLIK Gateway Customer View Detail Link: SCENARIO SLIK Gateway Customer View Detail Link

2020-10-30 11:36:45 - [TEST_STEP][PASSED] - Go to ISTools: Go to ISTools

2020-10-30 11:36:45 - [MESSAGE][INFO] - Starting 'Chrome' driver

2020-10-30 11:36:45 - [MESSAGE][INFO] - User set preference: ['AcceptInsecureCerts', 'true']

2020-10-30 11:36:45 - [MESSAGE][INFO] - User set preference: ['args', '[ignore-certificate-errors]']

2020-10-30 11:36:45 - [MESSAGE][INFO] - Action delay is set to 0 milliseconds

2020-10-30 11:36:46 - [MESSAGE][PASSED] - Browser is opened with url: ''

2020-10-30 11:36:49 - [MESSAGE][PASSED] - Navigate to 'https://id-ist01preprod.id.nonprod/ist/' successfully

2020-10-30 11:36:49 - [MESSAGE][PASSED] - Go to ISTools

2020-10-30 11:36:49 - [TEST_STEP][PASSED] - Login IST with valid credentials: Login IST with valid credentials

2020-10-30 11:36:50 - [MESSAGE][PASSED] - Text 'mobile.test' is set on object 'Object Repository/Page_/input_Username_j_username'

2020-10-30 11:36:50 - [MESSAGE][PASSED] - Text ****** has been set on object 'Object Repository/Page_/input_Password_j_password'

2020-10-30 11:36:52 - [MESSAGE][PASSED] - Object: 'Object Repository/Page_/button_Login' is clicked on

2020-10-30 11:36:52 - [MESSAGE][PASSED] - Login IST with valid credentials

2020-10-30 11:36:52 - [TEST_STEP][PASSED] - Login Success for contract dispatcher: Login Success for contract dispatcher

2020-10-30 11:36:52 - [MESSAGE][INFO] - Login Success

2020-10-30 11:36:52 - [MESSAGE][PASSED] - Current window maximized

2020-10-30 11:36:52 - [MESSAGE][PASSED] - Object 'Object Repository/Page_/h1_Welcome to IT Supporting Tools' is present

2020-10-30 11:36:52 - [MESSAGE][PASSED] - Login Success for contract dispatcher

2020-10-30 11:36:52 - [TEST_STEP][PASSED] - Select Menu SLIK Gateway Customer: Select Menu SLIK Gateway Customer

2020-10-30 11:36:53 - [MESSAGE][PASSED] - Object '' is present

2020-10-30 11:36:53 - [MESSAGE][PASSED] - Object: '' is clicked on

2020-10-30 11:36:53 - [MESSAGE][PASSED] - Wait for page load successfully

2020-10-30 11:36:53 - [MESSAGE][PASSED] - Select Menu SLIK Gateway Customer

2020-10-30 11:36:53 - [TEST_STEP][PASSED] - Select Status is "SUCCESS": Select Status is "SUCCESS"

2020-10-30 11:36:54 - [MESSAGE][PASSED] - All options with value 'SUCCESS' are selected in object ''  using regular expression

2020-10-30 11:36:54 - [MESSAGE][PASSED] - Select Status is "SUCCESS"

2020-10-30 11:36:54 - [TEST_STEP][PASSED] - Click button "Search": Click button "Search"

2020-10-30 11:36:54 - [MESSAGE][INFO] - >>>>>//Button[contains(text(),'Search')]

2020-10-30 11:36:58 - [MESSAGE][PASSED] - Object: '' is clicked on

2020-10-30 11:36:58 - [MESSAGE][PASSED] - Click button "Search"

2020-10-30 11:36:58 - [TEST_STEP][PASSED] - Verify Search Result Based on Result Status: Verify Search Result Based on Result Status

2020-10-30 11:36:58 - [MESSAGE][PASSED] - Scroll to object '' successfully

2020-10-30 11:36:59 - [MESSAGE][PASSED] - Actual text and expected text of test object '' are matched.

2020-10-30 11:36:59 - [MESSAGE][PASSED] - Text of object '' is: 'SUCCESS'

2020-10-30 11:36:59 - [MESSAGE][PASSED] - Text of object '' is: '9999999999999999'

2020-10-30 11:36:59 - [MESSAGE][PASSED] - Verify Search Result Based on Result Status

2020-10-30 11:36:59 - [TEST_STEP][PASSED] - Click View Detail Link: Click View Detail Link

2020-10-30 11:37:00 - [MESSAGE][PASSED] - Object '' is present

2020-10-30 11:37:00 - [MESSAGE][PASSED] - Object: '' is clicked on

2020-10-30 11:37:00 - [MESSAGE][PASSED] - Click View Detail Link

2020-10-30 11:37:00 - [TEST_STEP][PASSED] - Verify Slik Result Detail Link: Verify Slik Result Detail Link

2020-10-30 11:37:01 - [MESSAGE][PASSED] - Scroll to object '' successfully

2020-10-30 11:37:01 - [MESSAGE][PASSED] - Object '' is present

2020-10-30 11:37:01 - [MESSAGE][PASSED] - Scroll to object '' successfully

2020-10-30 11:37:01 - [MESSAGE][PASSED] - Object '' is present

2020-10-30 11:37:01 - [MESSAGE][PASSED] - Scroll to object '' successfully

2020-10-30 11:37:02 - [MESSAGE][PASSED] - Object '' is present

2020-10-30 11:37:02 - [MESSAGE][PASSED] - Scroll to object '' successfully

2020-10-30 11:37:02 - [MESSAGE][PASSED] - Object '' is present

2020-10-30 11:37:02 - [MESSAGE][PASSED] - Scroll to object '' successfully

2020-10-30 11:37:03 - [MESSAGE][PASSED] - Object '' is present

2020-10-30 11:37:03 - [MESSAGE][PASSED] - Verify Slik Result Detail Link

2020-10-30 11:37:03 - [TEST_STEP][PASSED] - Click button "Logout": Click button "Logout"

2020-10-30 11:37:03 - [MESSAGE][INFO] - >>>>>//Button[contains(text(),'Logout')]

2020-10-30 11:37:06 - [MESSAGE][PASSED] - Object: '' is clicked on

2020-10-30 11:37:06 - [MESSAGE][PASSED] - Click button "Logout"

2020-10-30 11:37:06 - [TEST_STEP][PASSED] - Close browser: Close browser

2020-10-30 11:37:06 - [MESSAGE][PASSED] - Browser is closed

2020-10-30 11:37:06 - [MESSAGE][PASSED] - Close browser

2020-10-30 11:37:06 - [MESSAGE][PASSED] - Feature file: 'Include/features/IST_Real/SLIK/SLIK Gateway Customer/SLIK_Gateway_Customer_View_Detail_when_Status_SUCCESS.feature' was passed]]></system-out>
         <system-err><![CDATA[]]></system-err>
      </testcase>
      <testcase name="Test Cases/IST_Real/SLIK/SLIK_Gateway_Customer/SLIK Gateway Customer View Detail when Status FAILED" time="18.544" classname="Test Cases/IST_Real/SLIK/SLIK_Gateway_Customer/SLIK Gateway Customer View Detail when Status FAILED" status="PASSED">
         <system-out><![CDATA[2020-10-30 11:37:06 - [TEST_CASE][PASSED] - Test Cases/IST_Real/SLIK/SLIK_Gateway_Customer/SLIK Gateway Customer View Detail when Status FAILED: Test Cases/IST_Real/SLIK/SLIK_Gateway_Customer/SLIK Gateway Customer View Detail when Status FAILED

2020-10-30 11:37:06 - [TEST_STEP][PASSED] - runFeatureFile("Include/features/IST_Real/SLIK/SLIK Gateway Customer/SLIK_Gateway_Customer_View_Detail_when_Status_FAILED.feature"): Feature file: 'Include/features/IST_Real/SLIK/SLIK Gateway Customer/SLIK_Gateway_Customer_View_Detail_when_Status_FAILED.feature' was passed

2020-10-30 11:37:06 - [MESSAGE][INFO] - Starting run keyword runFeatureFile: 'Include/features/IST_Real/SLIK/SLIK Gateway Customer/SLIK_Gateway_Customer_View_Detail_when_Status_FAILED.feature' and extract report to folder: '/Users/chaidir.pratama01/Katalon Studio/IST_Automation_Git/Reports/20201030_113218/SLIK/TS_SLIK_Gateway_Customer/20201030_113218/cucumber_report/1604032626713'...

2020-10-30 11:37:06 - [TEST_CASE][PASSED] - Start Test Case : SCENARIO SLIK Gateway Customer View Detail Link: SCENARIO SLIK Gateway Customer View Detail Link

2020-10-30 11:37:06 - [TEST_STEP][PASSED] - Go to ISTools: Go to ISTools

2020-10-30 11:37:06 - [MESSAGE][INFO] - Starting 'Chrome' driver

2020-10-30 11:37:06 - [MESSAGE][INFO] - User set preference: ['AcceptInsecureCerts', 'true']

2020-10-30 11:37:06 - [MESSAGE][INFO] - User set preference: ['args', '[ignore-certificate-errors]']

2020-10-30 11:37:06 - [MESSAGE][INFO] - Action delay is set to 0 milliseconds

2020-10-30 11:37:08 - [MESSAGE][PASSED] - Browser is opened with url: ''

2020-10-30 11:37:11 - [MESSAGE][PASSED] - Navigate to 'https://id-ist01preprod.id.nonprod/ist/' successfully

2020-10-30 11:37:11 - [MESSAGE][PASSED] - Go to ISTools

2020-10-30 11:37:11 - [TEST_STEP][PASSED] - Login IST with valid credentials: Login IST with valid credentials

2020-10-30 11:37:12 - [MESSAGE][PASSED] - Text 'mobile.test' is set on object 'Object Repository/Page_/input_Username_j_username'

2020-10-30 11:37:12 - [MESSAGE][PASSED] - Text ****** has been set on object 'Object Repository/Page_/input_Password_j_password'

2020-10-30 11:37:13 - [MESSAGE][PASSED] - Object: 'Object Repository/Page_/button_Login' is clicked on

2020-10-30 11:37:13 - [MESSAGE][PASSED] - Login IST with valid credentials

2020-10-30 11:37:13 - [TEST_STEP][PASSED] - Login Success for contract dispatcher: Login Success for contract dispatcher

2020-10-30 11:37:13 - [MESSAGE][INFO] - Login Success

2020-10-30 11:37:13 - [MESSAGE][PASSED] - Current window maximized

2020-10-30 11:37:14 - [MESSAGE][PASSED] - Object 'Object Repository/Page_/h1_Welcome to IT Supporting Tools' is present

2020-10-30 11:37:14 - [MESSAGE][PASSED] - Login Success for contract dispatcher

2020-10-30 11:37:14 - [TEST_STEP][PASSED] - Select Menu SLIK Gateway Customer: Select Menu SLIK Gateway Customer

2020-10-30 11:37:14 - [MESSAGE][PASSED] - Object '' is present

2020-10-30 11:37:14 - [MESSAGE][PASSED] - Object: '' is clicked on

2020-10-30 11:37:14 - [MESSAGE][PASSED] - Wait for page load successfully

2020-10-30 11:37:14 - [MESSAGE][PASSED] - Select Menu SLIK Gateway Customer

2020-10-30 11:37:14 - [TEST_STEP][PASSED] - Select Status is "FAILED": Select Status is "FAILED"

2020-10-30 11:37:16 - [MESSAGE][PASSED] - All options with value 'FAILED' are selected in object ''  using regular expression

2020-10-30 11:37:16 - [MESSAGE][PASSED] - Select Status is "FAILED"

2020-10-30 11:37:16 - [TEST_STEP][PASSED] - Click button "Search": Click button "Search"

2020-10-30 11:37:16 - [MESSAGE][INFO] - >>>>>//Button[contains(text(),'Search')]

2020-10-30 11:37:19 - [MESSAGE][PASSED] - Object: '' is clicked on

2020-10-30 11:37:19 - [MESSAGE][PASSED] - Click button "Search"

2020-10-30 11:37:19 - [TEST_STEP][PASSED] - Verify Search Result Based on Result Status: Verify Search Result Based on Result Status

2020-10-30 11:37:20 - [MESSAGE][PASSED] - Scroll to object '' successfully

2020-10-30 11:37:20 - [MESSAGE][PASSED] - Actual text and expected text of test object '' are matched.

2020-10-30 11:37:20 - [MESSAGE][PASSED] - Text of object '' is: 'FAILED'

2020-10-30 11:37:21 - [MESSAGE][PASSED] - Text of object '' is: '9999999999999999'

2020-10-30 11:37:21 - [MESSAGE][PASSED] - Verify Search Result Based on Result Status

2020-10-30 11:37:21 - [TEST_STEP][PASSED] - Click View Detail Link: Click View Detail Link

2020-10-30 11:37:21 - [MESSAGE][PASSED] - Web element with id: '' located by 'By.xpath: //span[text()='Search Result']/../../../following-sibling::div[@class='z-groupbox-content']/div[@class='z-grid']/div[@class='z-grid-body']/table/tbody/tr/td[7]/div/div/span' is not present after '3' second(s)

2020-10-30 11:37:21 - [MESSAGE][PASSED] - Click View Detail Link

2020-10-30 11:37:21 - [TEST_STEP][PASSED] - Verify Slik Result Detail Link: Verify Slik Result Detail Link

2020-10-30 11:37:21 - [MESSAGE][PASSED] - Verify Slik Result Detail Link

2020-10-30 11:37:21 - [TEST_STEP][PASSED] - Click button "Logout": Click button "Logout"

2020-10-30 11:37:21 - [MESSAGE][INFO] - >>>>>//Button[contains(text(),'Logout')]

2020-10-30 11:37:25 - [MESSAGE][PASSED] - Object: '' is clicked on

2020-10-30 11:37:25 - [MESSAGE][PASSED] - Click button "Logout"

2020-10-30 11:37:25 - [TEST_STEP][PASSED] - Close browser: Close browser

2020-10-30 11:37:25 - [MESSAGE][PASSED] - Browser is closed

2020-10-30 11:37:25 - [MESSAGE][PASSED] - Close browser

2020-10-30 11:37:25 - [MESSAGE][PASSED] - Feature file: 'Include/features/IST_Real/SLIK/SLIK Gateway Customer/SLIK_Gateway_Customer_View_Detail_when_Status_FAILED.feature' was passed]]></system-out>
         <system-err><![CDATA[]]></system-err>
      </testcase>
      <system-out><![CDATA[2020-10-30 11:32:24 - [TEST_SUITE][PASSED] - TS_SLIK_Gateway_Customer: Test Cases/IST_Real/SLIK/SLIK_Gateway_Customer/SLIK Gateway Customer View Detail when Status FAILED]]></system-out>
      <system-err><![CDATA[]]></system-err>
   </testsuite>
</testsuites>
